
<!doctype html>
<html lang="en">
  <head>
    <meta charset="utf-8">
    <meta name="viewport" content="width=device-width, initial-scale=1">
    <link href="https://cdn.jsdelivr.net/npm/bootstrap@5.0.2/dist/css/bootstrap.min.css" rel="stylesheet" integrity="sha384-EVSTQN3/azprG1Anm3QDgpJLIm9Nao0Yz1ztcQTwFspd3yD65VohhpuuCOmLASjC" crossorigin="anonymous">
    <title>arduino-testlib report</title>
	<style>
	.pass { background-color: #00FF00 !important; }
	.fail { background-color: #FF0000 !important; }
	</style>
  </head>
  <body>
	<div class="container">
		<div class="row">
			<div class="col">
				<h1>FastLED NeoMatrix - compatibility matrix</h1>
				<p>
					<small>This report was generated on Monday, 21-Feb-22 12:00:25 CET using 
					<a href="https://github.com/alranel/arduino-testlib">arduino-testlib</a>.</small>
				</p>

				<h2>FastLED NeoMatrix</h2>
				<p>
					Version: <b>1.1</b>
					<br />
					<a href="https://www.arduino.cc/reference/en/libraries/fastled-neomatrix/">More details</a>
				</p>

				<h2>Compatibility matrix</h2>
				<table class="table table-bordered">
					<tr>
						<th>Board</th>
						<th>Claims compatibility</th>
						<th>Inclusion</th>
						
						<th><pre>matrixtest</pre></th>
						
						<th><pre>tiletest</pre></th>
						
						<th><pre>FastLED_NeoMatrix_SmartMatrix_LEDMatrix_GFX_Demos</pre></th>
						
						<th><pre>MatrixGFXDemo</pre></th>
						
						<th><pre>MatrixGFXDemo64</pre></th>
						
						<th><pre>NeoMatrix_LEDMatrix</pre></th>
						
						<th><pre>espgifread</pre></th>
						
						<th><pre>fontzoom</pre></th>
						
					</tr>
					
					<tr>
						<td>
							<a href="#arduino%3aavr%3auno"><b>arduino:avr:uno</b></a>
							<br />
							<small>1.8.4</small>
						</td>

						
							<td>Yes</td>
							<td class="pass">PASS</td>
						
						
						
						

						
							
								
									
										
									
										
									
										
									
										
									
										
									
										
									
										
											<td class="pass">PASS</td>
											
										
									
										
									
								
							
								
							
								
							
								
							
								
							
						
							
								
									
										
									
										
									
										
									
										
									
										
									
										
									
										
									
										
											
											<td class="fail">FAIL</td>
										
									
								
							
								
							
								
							
								
							
								
							
						
							
								
									
										
											
											<td class="fail">FAIL</td>
										
									
										
									
										
									
										
									
										
									
										
									
										
									
										
									
								
							
								
							
								
							
								
							
								
							
						
							
								
									
										
									
										
											
											<td class="fail">FAIL</td>
										
									
										
									
										
									
										
									
										
									
										
									
										
									
								
							
								
							
								
							
								
							
								
							
						
							
								
									
										
									
										
									
										
											
											<td class="fail">FAIL</td>
										
									
										
									
										
									
										
									
										
									
										
									
								
							
								
							
								
							
								
							
								
							
						
							
								
									
										
									
										
									
										
									
										
											
											<td class="fail">FAIL</td>
										
									
										
									
										
									
										
									
										
									
								
							
								
							
								
							
								
							
								
							
						
							
								
									
										
									
										
									
										
									
										
									
										
											
											<td class="fail">FAIL</td>
										
									
										
									
										
									
										
									
								
							
								
							
								
							
								
							
								
							
						
							
								
									
										
									
										
									
										
									
										
									
										
									
										
											
											<td class="fail">FAIL</td>
										
									
										
									
										
									
								
							
								
							
								
							
								
							
								
							
						
					</tr>
					
					<tr>
						<td>
							<a href="#arduino%3ambed_nano%3ananorp2040connect"><b>arduino:mbed_nano:nanorp2040connect</b></a>
							<br />
							<small>2.7.2</small>
						</td>

						
						
						
							<td>Yes ⚠️</td>
							<td class="fail">FAIL</td>
						
						

						
							
								
							
								
									
										
									
										
									
										
									
										
									
										
									
										
									
										
											
											<td class="fail">FAIL</td>
										
									
										
									
								
							
								
							
								
							
								
							
						
							
								
							
								
									
										
									
										
									
										
									
										
									
										
									
										
									
										
									
										
											
											<td class="fail">FAIL</td>
										
									
								
							
								
							
								
							
								
							
						
							
								
							
								
									
										
											
											<td class="fail">FAIL</td>
										
									
										
									
										
									
										
									
										
									
										
									
										
									
										
									
								
							
								
							
								
							
								
							
						
							
								
							
								
									
										
									
										
											
											<td class="fail">FAIL</td>
										
									
										
									
										
									
										
									
										
									
										
									
										
									
								
							
								
							
								
							
								
							
						
							
								
							
								
									
										
									
										
									
										
											
											<td class="fail">FAIL</td>
										
									
										
									
										
									
										
									
										
									
										
									
								
							
								
							
								
							
								
							
						
							
								
							
								
									
										
									
										
									
										
									
										
											
											<td class="fail">FAIL</td>
										
									
										
									
										
									
										
									
										
									
								
							
								
							
								
							
								
							
						
							
								
							
								
									
										
									
										
									
										
									
										
									
										
											
											<td class="fail">FAIL</td>
										
									
										
									
										
									
										
									
								
							
								
							
								
							
								
							
						
							
								
							
								
									
										
									
										
									
										
									
										
									
										
									
										
											
											<td class="fail">FAIL</td>
										
									
										
									
										
									
								
							
								
							
								
							
								
							
						
					</tr>
					
					<tr>
						<td>
							<a href="#arduino%3amegaavr%3anona4809"><b>arduino:megaavr:nona4809</b></a>
							<br />
							<small>1.8.7</small>
						</td>

						
							<td>Yes</td>
							<td class="pass">PASS</td>
						
						
						
						

						
							
								
							
								
							
								
									
										
									
										
									
										
									
										
									
										
									
										
									
										
											<td class="pass">PASS</td>
											
										
									
										
									
								
							
								
							
								
							
						
							
								
							
								
							
								
									
										
									
										
									
										
									
										
									
										
									
										
									
										
									
										
											
											<td class="fail">FAIL</td>
										
									
								
							
								
							
								
							
						
							
								
							
								
							
								
									
										
											
											<td class="fail">FAIL</td>
										
									
										
									
										
									
										
									
										
									
										
									
										
									
										
									
								
							
								
							
								
							
						
							
								
							
								
							
								
									
										
									
										
											<td class="pass">PASS</td>
											
										
									
										
									
										
									
										
									
										
									
										
									
										
									
								
							
								
							
								
							
						
							
								
							
								
							
								
									
										
									
										
									
										
											
											<td class="fail">FAIL</td>
										
									
										
									
										
									
										
									
										
									
										
									
								
							
								
							
								
							
						
							
								
							
								
							
								
									
										
									
										
									
										
									
										
											
											<td class="fail">FAIL</td>
										
									
										
									
										
									
										
									
										
									
								
							
								
							
								
							
						
							
								
							
								
							
								
									
										
									
										
									
										
									
										
									
										
											
											<td class="fail">FAIL</td>
										
									
										
									
										
									
										
									
								
							
								
							
								
							
						
							
								
							
								
							
								
									
										
									
										
									
										
									
										
									
										
									
										
											
											<td class="fail">FAIL</td>
										
									
										
									
										
									
								
							
								
							
								
							
						
					</tr>
					
					<tr>
						<td>
							<a href="#arduino%3asamd%3amkrwifi1010"><b>arduino:samd:mkrwifi1010</b></a>
							<br />
							<small>1.8.12</small>
						</td>

						
							<td>Yes</td>
							<td class="pass">PASS</td>
						
						
						
						

						
							
								
							
								
							
								
							
								
									
										
									
										
									
										
									
										
									
										
									
										
									
										
											<td class="pass">PASS</td>
											
										
									
										
									
								
							
								
							
						
							
								
							
								
							
								
							
								
									
										
									
										
									
										
									
										
									
										
									
										
									
										
									
										
											
											<td class="fail">FAIL</td>
										
									
								
							
								
							
						
							
								
							
								
							
								
							
								
									
										
											
											<td class="fail">FAIL</td>
										
									
										
									
										
									
										
									
										
									
										
									
										
									
										
									
								
							
								
							
						
							
								
							
								
							
								
							
								
									
										
									
										
											<td class="pass">PASS</td>
											
										
									
										
									
										
									
										
									
										
									
										
									
										
									
								
							
								
							
						
							
								
							
								
							
								
							
								
									
										
									
										
									
										
											
											<td class="fail">FAIL</td>
										
									
										
									
										
									
										
									
										
									
										
									
								
							
								
							
						
							
								
							
								
							
								
							
								
									
										
									
										
									
										
									
										
											
											<td class="fail">FAIL</td>
										
									
										
									
										
									
										
									
										
									
								
							
								
							
						
							
								
							
								
							
								
							
								
									
										
									
										
									
										
									
										
									
										
											
											<td class="fail">FAIL</td>
										
									
										
									
										
									
										
									
								
							
								
							
						
							
								
							
								
							
								
							
								
									
										
									
										
									
										
									
										
									
										
									
										
											
											<td class="fail">FAIL</td>
										
									
										
									
										
									
								
							
								
							
						
					</tr>
					
					<tr>
						<td>
							<a href="#esp32%3aesp32%3ad1_mini32"><b>esp32:esp32:d1_mini32</b></a>
							<br />
							<small>1.0.6</small>
						</td>

						
						
						
							<td>Yes ⚠️</td>
							<td class="fail">FAIL</td>
						
						

						
							
								
							
								
							
								
							
								
							
								
									
										
									
										
									
										
									
										
									
										
									
										
									
										
											
											<td class="fail">FAIL</td>
										
									
										
									
								
							
						
							
								
							
								
							
								
							
								
							
								
									
										
									
										
									
										
									
										
									
										
									
										
									
										
									
										
											
											<td class="fail">FAIL</td>
										
									
								
							
						
							
								
							
								
							
								
							
								
							
								
									
										
											
											<td class="fail">FAIL</td>
										
									
										
									
										
									
										
									
										
									
										
									
										
									
										
									
								
							
						
							
								
							
								
							
								
							
								
							
								
									
										
									
										
											<td class="pass">PASS</td>
											
										
									
										
									
										
									
										
									
										
									
										
									
										
									
								
							
						
							
								
							
								
							
								
							
								
							
								
									
										
									
										
									
										
											<td class="pass">PASS</td>
											
										
									
										
									
										
									
										
									
										
									
										
									
								
							
						
							
								
							
								
							
								
							
								
							
								
									
										
									
										
									
										
									
										
											
											<td class="fail">FAIL</td>
										
									
										
									
										
									
										
									
										
									
								
							
						
							
								
							
								
							
								
							
								
							
								
									
										
									
										
									
										
									
										
									
										
											
											<td class="fail">FAIL</td>
										
									
										
									
										
									
										
									
								
							
						
							
								
							
								
							
								
							
								
							
								
									
										
									
										
									
										
									
										
									
										
									
										
											
											<td class="fail">FAIL</td>
										
									
										
									
										
									
								
							
						
					</tr>
					
				</table>

				<h2>Compilation logs</h2>
				
				<h3 id="arduino:avr:uno">arduino:avr:uno @ 1.8.4</h3>
				<h4>Inclusion</h4>
				<p>
					Result: <b>PASS</b>
					
				</p>
				<pre class="pre-scrollable">Sketch uses 2552 bytes (7%) of program storage space. Maximum is 32256 bytes.
Global variables use 310 bytes (15%) of dynamic memory, leaving 1738 bytes for local variables. Maximum is 2048 bytes.
</pre>

					
					<h4>examples/FastLED_NeoMatrix_SmartMatrix_LEDMatrix_GFX_Demos</h4>
					<p>
						Result: <b>FAIL</b>
					</p>
					<pre class="pre-scrollable"></pre>
					
					<h4>examples/MatrixGFXDemo</h4>
					<p>
						Result: <b>FAIL</b>
					</p>
					<pre class="pre-scrollable">Sketch uses 22938 bytes (71%) of program storage space. Maximum is 32256 bytes.
Global variables use 4005 bytes (195%) of dynamic memory, leaving -1957 bytes for local variables. Maximum is 2048 bytes.
Not enough memory; see https://support.arduino.cc/hc/en-us/articles/360013825179 for tips on reducing your footprint.
</pre>
					
					<h4>examples/MatrixGFXDemo64</h4>
					<p>
						Result: <b>FAIL</b>
					</p>
					<pre class="pre-scrollable">In file included from /home/ec2-user/arduino-testlib/cli-datadir/user/libraries/FastLED/src/FastLED.h:50:0,
                 from /home/ec2-user/arduino-testlib/cli-datadir/user/libraries/Framebuffer_GFX/Framebuffer_GFX.h:33,
                 from /home/ec2-user/arduino-testlib/cli-datadir/user/libraries/FastLED_NeoMatrix/FastLED_NeoMatrix.h:23,
                 from /home/ec2-user/arduino-testlib/cli-datadir/user/libraries/FastLED_NeoMatrix/examples/MatrixGFXDemo64/MatrixGFXDemo64.ino:10:
/home/ec2-user/arduino-testlib/cli-datadir/user/libraries/FastLED/src/fastpin.h: In instantiation of &#39;class FastPin&lt;23&gt;&#39;:
/home/ec2-user/arduino-testlib/cli-datadir/user/libraries/FastLED/src/platforms/avr/clockless_trinket.h:107:49:   required from &#39;class ClocklessController&lt;23, 4, 10, 6, (EOrder)66, 0, false, 10&gt;&#39;
/home/ec2-user/arduino-testlib/cli-datadir/user/libraries/FastLED/src/chipsets.h:474:7:   required from &#39;class WS2812Controller800Khz&lt;23, (EOrder)66&gt;&#39;
/home/ec2-user/arduino-testlib/cli-datadir/user/libraries/FastLED/src/FastLED.h:107:52:   required from &#39;class WS2812B&lt;23, (EOrder)66&gt;&#39;
/home/ec2-user/arduino-testlib/cli-datadir/user/libraries/FastLED/src/FastLED.h:304:39:   required from &#39;static CLEDController&amp; CFastLED::addLeds(CRGB*, int, int) [with CHIPSET = WS2812B; unsigned char DATA_PIN = 23; EOrder RGB_ORDER = (EOrder)66]&#39;
/home/ec2-user/arduino-testlib/cli-datadir/user/libraries/FastLED_NeoMatrix/examples/MatrixGFXDemo64/MatrixGFXDemo64.ino:772:84:   required from here
/home/ec2-user/arduino-testlib/cli-datadir/user/libraries/FastLED/src/fastpin.h:210:2: error: static assertion failed: Invalid pin specified
  static_assert(validpin(), &#34;Invalid pin specified&#34;);
  ^~~~~~~~~~~~~
/home/ec2-user/arduino-testlib/cli-datadir/user/libraries/FastLED/src/fastpin.h: In instantiation of &#39;class FastPin&lt;22&gt;&#39;:
/home/ec2-user/arduino-testlib/cli-datadir/user/libraries/FastLED/src/platforms/avr/clockless_trinket.h:107:49:   required from &#39;class ClocklessController&lt;22, 4, 10, 6, (EOrder)66, 0, false, 10&gt;&#39;
/home/ec2-user/arduino-testlib/cli-datadir/user/libraries/FastLED/src/chipsets.h:474:7:   required from &#39;class WS2812Controller800Khz&lt;22, (EOrder)66&gt;&#39;
/home/ec2-user/arduino-testlib/cli-datadir/user/libraries/FastLED/src/FastLED.h:107:52:   required from &#39;class WS2812B&lt;22, (EOrder)66&gt;&#39;
/home/ec2-user/arduino-testlib/cli-datadir/user/libraries/FastLED/src/FastLED.h:304:39:   required from &#39;static CLEDController&amp; CFastLED::addLeds(CRGB*, int, int) [with CHIPSET = WS2812B; unsigned char DATA_PIN = 22; EOrder RGB_ORDER = (EOrder)66]&#39;
/home/ec2-user/arduino-testlib/cli-datadir/user/libraries/FastLED_NeoMatrix/examples/MatrixGFXDemo64/MatrixGFXDemo64.ino:773:84:   required from here
/home/ec2-user/arduino-testlib/cli-datadir/user/libraries/FastLED/src/fastpin.h:210:2: error: static assertion failed: Invalid pin specified
/home/ec2-user/arduino-testlib/cli-datadir/user/libraries/FastLED/src/fastpin.h: In instantiation of &#39;class FastPin&lt;27&gt;&#39;:
/home/ec2-user/arduino-testlib/cli-datadir/user/libraries/FastLED/src/platforms/avr/clockless_trinket.h:107:49:   required from &#39;class ClocklessController&lt;27, 4, 10, 6, (EOrder)66, 0, false, 10&gt;&#39;
/home/ec2-user/arduino-testlib/cli-datadir/user/libraries/FastLED/src/chipsets.h:474:7:   required from &#39;class WS2812Controller800Khz&lt;27, (EOrder)66&gt;&#39;
/home/ec2-user/arduino-testlib/cli-datadir/user/libraries/FastLED/src/FastLED.h:107:52:   required from &#39;class WS2812B&lt;27, (EOrder)66&gt;&#39;
/home/ec2-user/arduino-testlib/cli-datadir/user/libraries/FastLED/src/FastLED.h:304:39:   required from &#39;static CLEDController&amp; CFastLED::addLeds(CRGB*, int, int) [with CHIPSET = WS2812B; unsigned char DATA_PIN = 27; EOrder RGB_ORDER = (EOrder)66]&#39;
/home/ec2-user/arduino-testlib/cli-datadir/user/libraries/FastLED_NeoMatrix/examples/MatrixGFXDemo64/MatrixGFXDemo64.ino:774:84:   required from here
/home/ec2-user/arduino-testlib/cli-datadir/user/libraries/FastLED/src/fastpin.h:210:2: error: static assertion failed: Invalid pin specified
/home/ec2-user/arduino-testlib/cli-datadir/user/libraries/FastLED/src/fastpin.h: In instantiation of &#39;class FastPin&lt;21&gt;&#39;:
/home/ec2-user/arduino-testlib/cli-datadir/user/libraries/FastLED/src/platforms/avr/clockless_trinket.h:107:49:   required from &#39;class ClocklessController&lt;21, 4, 10, 6, (EOrder)66, 0, false, 10&gt;&#39;
/home/ec2-user/arduino-testlib/cli-datadir/user/libraries/FastLED/src/chipsets.h:474:7:   required from &#39;class WS2812Controller800Khz&lt;21, (EOrder)66&gt;&#39;
/home/ec2-user/arduino-testlib/cli-datadir/user/libraries/FastLED/src/FastLED.h:107:52:   required from &#39;class WS2812B&lt;21, (EOrder)66&gt;&#39;
/home/ec2-user/arduino-testlib/cli-datadir/user/libraries/FastLED/src/FastLED.h:304:39:   required from &#39;static CLEDController&amp; CFastLED::addLeds(CRGB*, int, int) [with CHIPSET = WS2812B; unsigned char DATA_PIN = 21; EOrder RGB_ORDER = (EOrder)66]&#39;
/home/ec2-user/arduino-testlib/cli-datadir/user/libraries/FastLED_NeoMatrix/examples/MatrixGFXDemo64/MatrixGFXDemo64.ino:775:84:   required from here
/home/ec2-user/arduino-testlib/cli-datadir/user/libraries/FastLED/src/fastpin.h:210:2: error: static assertion failed: Invalid pin specified
/home/ec2-user/arduino-testlib/cli-datadir/user/libraries/FastLED/src/fastpin.h: In instantiation of &#39;class FastPin&lt;25&gt;&#39;:
/home/ec2-user/arduino-testlib/cli-datadir/user/libraries/FastLED/src/platforms/avr/clockless_trinket.h:107:49:   required from &#39;class ClocklessController&lt;25, 4, 10, 6, (EOrder)66, 0, false, 10&gt;&#39;
/home/ec2-user/arduino-testlib/cli-datadir/user/libraries/FastLED/src/chipsets.h:474:7:   required from &#39;class WS2812Controller800Khz&lt;25, (EOrder)66&gt;&#39;
/home/ec2-user/arduino-testlib/cli-datadir/user/libraries/FastLED/src/FastLED.h:107:52:   required from &#39;class WS2812B&lt;25, (EOrder)66&gt;&#39;
/home/ec2-user/arduino-testlib/cli-datadir/user/libraries/FastLED/src/FastLED.h:304:39:   required from &#39;static CLEDController&amp; CFastLED::addLeds(CRGB*, int, int) [with CHIPSET = WS2812B; unsigned char DATA_PIN = 25; EOrder RGB_ORDER = (EOrder)66]&#39;
/home/ec2-user/arduino-testlib/cli-datadir/user/libraries/FastLED_NeoMatrix/examples/MatrixGFXDemo64/MatrixGFXDemo64.ino:784:84:   required from here
/home/ec2-user/arduino-testlib/cli-datadir/user/libraries/FastLED/src/fastpin.h:210:2: error: static assertion failed: Invalid pin specified
/home/ec2-user/arduino-testlib/cli-datadir/user/libraries/FastLED/src/fastpin.h: In instantiation of &#39;class FastPin&lt;26&gt;&#39;:
/home/ec2-user/arduino-testlib/cli-datadir/user/libraries/FastLED/src/platforms/avr/clockless_trinket.h:107:49:   required from &#39;class ClocklessController&lt;26, 4, 10, 6, (EOrder)66, 0, false, 10&gt;&#39;
/home/ec2-user/arduino-testlib/cli-datadir/user/libraries/FastLED/src/chipsets.h:474:7:   required from &#39;class WS2812Controller800Khz&lt;26, (EOrder)66&gt;&#39;
/home/ec2-user/arduino-testlib/cli-datadir/user/libraries/FastLED/src/FastLED.h:107:52:   required from &#39;class WS2812B&lt;26, (EOrder)66&gt;&#39;
/home/ec2-user/arduino-testlib/cli-datadir/user/libraries/FastLED/src/FastLED.h:304:39:   required from &#39;static CLEDController&amp; CFastLED::addLeds(CRGB*, int, int) [with CHIPSET = WS2812B; unsigned char DATA_PIN = 26; EOrder RGB_ORDER = (EOrder)66]&#39;
/home/ec2-user/arduino-testlib/cli-datadir/user/libraries/FastLED_NeoMatrix/examples/MatrixGFXDemo64/MatrixGFXDemo64.ino:785:84:   required from here
/home/ec2-user/arduino-testlib/cli-datadir/user/libraries/FastLED/src/fastpin.h:210:2: error: static assertion failed: Invalid pin specified

</pre>
					
					<h4>examples/NeoMatrix_LEDMatrix</h4>
					<p>
						Result: <b>FAIL</b>
					</p>
					<pre class="pre-scrollable">/home/ec2-user/arduino-testlib/cli-datadir/user/libraries/FastLED_NeoMatrix/examples/NeoMatrix_LEDMatrix/NeoMatrix_LEDMatrix.ino:19:1: error: &#39;cLEDMatrix&#39; does not name a type; did you mean &#39;LEDMatrix&#39;?
 cLEDMatrix&lt;-MATRIX_TILE_WIDTH, -MATRIX_TILE_HEIGHT, HORIZONTAL_ZIGZAG_MATRIX,
 ^~~~~~~~~~
 LEDMatrix
/home/ec2-user/arduino-testlib/cli-datadir/user/libraries/FastLED_NeoMatrix/examples/NeoMatrix_LEDMatrix/NeoMatrix_LEDMatrix.ino:29:14: error: &#39;ledmatrix&#39; was not declared in this scope
 CRGB *leds = ledmatrix[0];
              ^~~~~~~~~
/home/ec2-user/arduino-testlib/cli-datadir/user/libraries/FastLED_NeoMatrix/examples/NeoMatrix_LEDMatrix/NeoMatrix_LEDMatrix.ino:29:14: note: suggested alternative: &#39;LEDMatrix&#39;
 CRGB *leds = ledmatrix[0];
              ^~~~~~~~~
              LEDMatrix
/home/ec2-user/arduino-testlib/cli-datadir/user/libraries/FastLED_NeoMatrix/examples/NeoMatrix_LEDMatrix/LEDMatrix_Flag.ino: In function &#39;void sprite_setup()&#39;:
/home/ec2-user/arduino-testlib/cli-datadir/user/libraries/FastLED_NeoMatrix/examples/NeoMatrix_LEDMatrix/LEDMatrix_Flag.ino:7:5: error: &#39;ledmatrix&#39; was not declared in this scope
     ledmatrix.DrawLine (0, 0, ledmatrix.Width() - 1, ledmatrix.Height() - 1, CRGB(0, 255, 0));
     ^~~~~~~~~
/home/ec2-user/arduino-testlib/cli-datadir/user/libraries/FastLED_NeoMatrix/examples/NeoMatrix_LEDMatrix/LEDMatrix_Flag.ino:7:5: note: suggested alternative: &#39;matrix&#39;
     ledmatrix.DrawLine (0, 0, ledmatrix.Width() - 1, ledmatrix.Height() - 1, CRGB(0, 255, 0));
     ^~~~~~~~~
     matrix
/home/ec2-user/arduino-testlib/cli-datadir/user/libraries/FastLED_NeoMatrix/examples/NeoMatrix_LEDMatrix/LEDMatrix_Flag.ino: In function &#39;void flag()&#39;:
/home/ec2-user/arduino-testlib/cli-datadir/user/libraries/FastLED_NeoMatrix/examples/NeoMatrix_LEDMatrix/LEDMatrix_Flag.ino:18:5: error: &#39;ledmatrix&#39; was not declared in this scope
     ledmatrix.DrawFilledRectangle(0, 0, ledmatrix.Width() - 1, ledmatrix.Height() - 1, CRGB(0, 0, 255));
     ^~~~~~~~~
/home/ec2-user/arduino-testlib/cli-datadir/user/libraries/FastLED_NeoMatrix/examples/NeoMatrix_LEDMatrix/LEDMatrix_Flag.ino:18:5: note: suggested alternative: &#39;matrix&#39;
     ledmatrix.DrawFilledRectangle(0, 0, ledmatrix.Width() - 1, ledmatrix.Height() - 1, CRGB(0, 0, 255));
     ^~~~~~~~~
     matrix
Multiple libraries were found for &#34;LEDMatrix.h&#34;
  Used: /home/ec2-user/arduino-testlib/cli-datadir/user/libraries/Shift_Register_LED_Matrix_Lib
  Not used: /home/ec2-user/arduino-testlib/cli-datadir/user/libraries/Grove_-_LED_Matrix_Driver
</pre>
					
					<h4>examples/espgifread</h4>
					<p>
						Result: <b>FAIL</b>
					</p>
					<pre class="pre-scrollable">/home/ec2-user/arduino-testlib/cli-datadir/user/libraries/FastLED_NeoMatrix/examples/espgifread/espgifread.ino:3:10: fatal error: FS.h: No such file or directory
 #include &lt;FS.h&gt;
          ^~~~~~
compilation terminated.

</pre>
					
					<h4>examples/fontzoom</h4>
					<p>
						Result: <b>FAIL</b>
					</p>
					<pre class="pre-scrollable">/home/ec2-user/arduino-testlib/cli-datadir/user/libraries/FastLED_NeoMatrix/examples/fontzoom/fontzoom.ino: In function &#39;void setup()&#39;:
/home/ec2-user/arduino-testlib/cli-datadir/user/libraries/FastLED_NeoMatrix/examples/fontzoom/fontzoom.ino:201:21: error: &#39;WS2811_PORTA&#39; was not declared in this scope
     FastLED.addLeds&lt;WS2811_PORTA,3&gt;(matrixleds, NUMMATRIX/3).setCorrection(TypicalLEDStrip);
                     ^~~~~~~~~~~~
/home/ec2-user/arduino-testlib/cli-datadir/user/libraries/FastLED_NeoMatrix/examples/fontzoom/fontzoom.ino:201:21: note: suggested alternative: &#39;WS2811_400&#39;
     FastLED.addLeds&lt;WS2811_PORTA,3&gt;(matrixleds, NUMMATRIX/3).setCorrection(TypicalLEDStrip);
                     ^~~~~~~~~~~~
                     WS2811_400
/home/ec2-user/arduino-testlib/cli-datadir/user/libraries/FastLED_NeoMatrix/examples/fontzoom/fontzoom.ino:201:60: error: no matching function for call to &#39;CFastLED::addLeds&lt;&lt;expression error&gt;, 3&gt;(CRGB [768], int)&#39;
     FastLED.addLeds&lt;WS2811_PORTA,3&gt;(matrixleds, NUMMATRIX/3).setCorrection(TypicalLEDStrip);
                                                            ^
In file included from /home/ec2-user/arduino-testlib/cli-datadir/user/libraries/Framebuffer_GFX/Framebuffer_GFX.h:33:0,
                 from /home/ec2-user/arduino-testlib/cli-datadir/user/libraries/FastLED_NeoMatrix/FastLED_NeoMatrix.h:23,
                 from /home/ec2-user/arduino-testlib/cli-datadir/user/libraries/FastLED_NeoMatrix/examples/fontzoom/fontzoom.ino:6:
/home/ec2-user/arduino-testlib/cli-datadir/user/libraries/FastLED/src/FastLED.h:225:130: note: candidate: template&lt;ESPIChipsets CHIPSET, unsigned char DATA_PIN, unsigned char CLOCK_PIN, EOrder RGB_ORDER, long unsigned int SPI_DATA_RATE&gt; CLEDController&amp; CFastLED::addLeds(CRGB*, int, int)
  template&lt;ESPIChipsets CHIPSET,  uint8_t DATA_PIN, uint8_t CLOCK_PIN, EOrder RGB_ORDER, uint32_t SPI_DATA_RATE &gt; CLEDController &amp;addLeds(struct CRGB *data, int nLedsOrOffset, int nLedsIfOffset = 0) {
                                                                                                                                  ^~~~~~~
/home/ec2-user/arduino-testlib/cli-datadir/user/libraries/FastLED/src/FastLED.h:225:130: note:   template argument deduction/substitution failed:
/home/ec2-user/arduino-testlib/cli-datadir/user/libraries/FastLED_NeoMatrix/examples/fontzoom/fontzoom.ino:201:60: error: template argument 1 is invalid
     FastLED.addLeds&lt;WS2811_PORTA,3&gt;(matrixleds, NUMMATRIX/3).setCorrection(TypicalLEDStrip);
                                                            ^
In file included from /home/ec2-user/arduino-testlib/cli-datadir/user/libraries/Framebuffer_GFX/Framebuffer_GFX.h:33:0,
                 from /home/ec2-user/arduino-testlib/cli-datadir/user/libraries/FastLED_NeoMatrix/FastLED_NeoMatrix.h:23,
                 from /home/ec2-user/arduino-testlib/cli-datadir/user/libraries/FastLED_NeoMatrix/examples/fontzoom/fontzoom.ino:6:
/home/ec2-user/arduino-testlib/cli-datadir/user/libraries/FastLED/src/FastLED.h:239:95: note: candidate: template&lt;ESPIChipsets CHIPSET, unsigned char DATA_PIN, unsigned char CLOCK_PIN&gt; static CLEDController&amp; CFastLED::addLeds(CRGB*, int, int)
  template&lt;ESPIChipsets CHIPSET,  uint8_t DATA_PIN, uint8_t CLOCK_PIN &gt; static CLEDController &amp;addLeds(struct CRGB *data, int nLedsOrOffset, int nLedsIfOffset = 0) {
                                                                                               ^~~~~~~
/home/ec2-user/arduino-testlib/cli-datadir/user/libraries/FastLED/src/FastLED.h:239:95: note:   template argument deduction/substitution failed:
/home/ec2-user/arduino-testlib/cli-datadir/user/libraries/FastLED_NeoMatrix/examples/fontzoom/fontzoom.ino:201:60: error: template argument 1 is invalid
     FastLED.addLeds&lt;WS2811_PORTA,3&gt;(matrixleds, NUMMATRIX/3).setCorrection(TypicalLEDStrip);
                                                            ^
In file included from /home/ec2-user/arduino-testlib/cli-datadir/user/libraries/Framebuffer_GFX/Framebuffer_GFX.h:33:0,
                 from /home/ec2-user/arduino-testlib/cli-datadir/user/libraries/FastLED_NeoMatrix/FastLED_NeoMatrix.h:23,
                 from /home/ec2-user/arduino-testlib/cli-datadir/user/libraries/FastLED_NeoMatrix/examples/fontzoom/fontzoom.ino:6:
/home/ec2-user/arduino-testlib/cli-datadir/user/libraries/FastLED/src/FastLED.h:253:113: note: candidate: template&lt;ESPIChipsets CHIPSET, unsigned char DATA_PIN, unsigned char CLOCK_PIN, EOrder RGB_ORDER&gt; static CLEDController&amp; CFastLED::addLeds(CRGB*, int, int)
  template&lt;ESPIChipsets CHIPSET,  uint8_t DATA_PIN, uint8_t CLOCK_PIN, EOrder RGB_ORDER &gt; static CLEDController &amp;addLeds(struct CRGB *data, int nLedsOrOffset, int nLedsIfOffset = 0) {
                                                                                                                 ^~~~~~~
/home/ec2-user/arduino-testlib/cli-datadir/user/libraries/FastLED/src/FastLED.h:253:113: note:   template argument deduction/substitution failed:
/home/ec2-user/arduino-testlib/cli-datadir/user/libraries/FastLED_NeoMatrix/examples/fontzoom/fontzoom.ino:201:60: error: template argument 1 is invalid
     FastLED.addLeds&lt;WS2811_PORTA,3&gt;(matrixleds, NUMMATRIX/3).setCorrection(TypicalLEDStrip);
                                                            ^
In file included from /home/ec2-user/arduino-testlib/cli-datadir/user/libraries/Framebuffer_GFX/Framebuffer_GFX.h:33:0,
                 from /home/ec2-user/arduino-testlib/cli-datadir/user/libraries/FastLED_NeoMatrix/FastLED_NeoMatrix.h:23,
                 from /home/ec2-user/arduino-testlib/cli-datadir/user/libraries/FastLED_NeoMatrix/examples/fontzoom/fontzoom.ino:6:
/home/ec2-user/arduino-testlib/cli-datadir/user/libraries/FastLED/src/FastLED.h:268:56: note: candidate: template&lt;ESPIChipsets CHIPSET&gt; static CLEDController&amp; CFastLED::addLeds(CRGB*, int, int)
  template&lt;ESPIChipsets CHIPSET&gt; static CLEDController &amp;addLeds(struct CRGB *data, int nLedsOrOffset, int nLedsIfOffset = 0) {
                                                        ^~~~~~~
/home/ec2-user/arduino-testlib/cli-datadir/user/libraries/FastLED/src/FastLED.h:268:56: note:   template argument deduction/substitution failed:
/home/ec2-user/arduino-testlib/cli-datadir/user/libraries/FastLED_NeoMatrix/examples/fontzoom/fontzoom.ino:201:60: error: wrong number of template arguments (2, should be 1)
     FastLED.addLeds&lt;WS2811_PORTA,3&gt;(matrixleds, NUMMATRIX/3).setCorrection(TypicalLEDStrip);
                                                            ^
In file included from /home/ec2-user/arduino-testlib/cli-datadir/user/libraries/Framebuffer_GFX/Framebuffer_GFX.h:33:0,
                 from /home/ec2-user/arduino-testlib/cli-datadir/user/libraries/FastLED_NeoMatrix/FastLED_NeoMatrix.h:23,
                 from /home/ec2-user/arduino-testlib/cli-datadir/user/libraries/FastLED_NeoMatrix/examples/fontzoom/fontzoom.ino:6:
/home/ec2-user/arduino-testlib/cli-datadir/user/libraries/FastLED/src/FastLED.h:272:74: note: candidate: template&lt;ESPIChipsets CHIPSET, EOrder RGB_ORDER&gt; static CLEDController&amp; CFastLED::addLeds(CRGB*, int, int)
  template&lt;ESPIChipsets CHIPSET, EOrder RGB_ORDER&gt; static CLEDController &amp;addLeds(struct CRGB *data, int nLedsOrOffset, int nLedsIfOffset = 0) {
                                                                          ^~~~~~~
/home/ec2-user/arduino-testlib/cli-datadir/user/libraries/FastLED/src/FastLED.h:272:74: note:   template argument deduction/substitution failed:
/home/ec2-user/arduino-testlib/cli-datadir/user/libraries/FastLED_NeoMatrix/examples/fontzoom/fontzoom.ino:201:60: error: template argument 1 is invalid
     FastLED.addLeds&lt;WS2811_PORTA,3&gt;(matrixleds, NUMMATRIX/3).setCorrection(TypicalLEDStrip);
                                                            ^
In file included from /home/ec2-user/arduino-testlib/cli-datadir/user/libraries/Framebuffer_GFX/Framebuffer_GFX.h:33:0,
                 from /home/ec2-user/arduino-testlib/cli-datadir/user/libraries/FastLED_NeoMatrix/FastLED_NeoMatrix.h:23,
                 from /home/ec2-user/arduino-testlib/cli-datadir/user/libraries/FastLED_NeoMatrix/examples/fontzoom/fontzoom.ino:6:
/home/ec2-user/arduino-testlib/cli-datadir/user/libraries/FastLED/src/FastLED.h:276:98: note: candidate: template&lt;ESPIChipsets CHIPSET, EOrder RGB_ORDER, long unsigned int SPI_DATA_RATE&gt; static CLEDController&amp; CFastLED::addLeds(CRGB*, int, int)
  template&lt;ESPIChipsets CHIPSET, EOrder RGB_ORDER, uint32_t SPI_DATA_RATE&gt; static CLEDController &amp;addLeds(struct CRGB *data, int nLedsOrOffset, int nLedsIfOffset = 0) {
                                                                                                  ^~~~~~~
/home/ec2-user/arduino-testlib/cli-datadir/user/libraries/FastLED/src/FastLED.h:276:98: note:   template argument deduction/substitution failed:
/home/ec2-user/arduino-testlib/cli-datadir/user/libraries/FastLED_NeoMatrix/examples/fontzoom/fontzoom.ino:201:60: error: template argument 1 is invalid
     FastLED.addLeds&lt;WS2811_PORTA,3&gt;(matrixleds, NUMMATRIX/3).setCorrection(TypicalLEDStrip);
                                                            ^
In file included from /home/ec2-user/arduino-testlib/cli-datadir/user/libraries/Framebuffer_GFX/Framebuffer_GFX.h:33:0,
                 from /home/ec2-user/arduino-testlib/cli-datadir/user/libraries/FastLED_NeoMatrix/FastLED_NeoMatrix.h:23,
                 from /home/ec2-user/arduino-testlib/cli-datadir/user/libraries/FastLED_NeoMatrix/examples/fontzoom/fontzoom.ino:6:
/home/ec2-user/arduino-testlib/cli-datadir/user/libraries/FastLED/src/FastLED.h:303:25: note: candidate: template&lt;template&lt;unsigned char DATA_PIN, EOrder RGB_ORDER&gt; class CHIPSET, unsigned char DATA_PIN, EOrder RGB_ORDER&gt; static CLEDController&amp; CFastLED::addLeds(CRGB*, int, int)
  static CLEDController &amp;addLeds(struct CRGB *data, int nLedsOrOffset, int nLedsIfOffset = 0) {
                         ^~~~~~~
/home/ec2-user/arduino-testlib/cli-datadir/user/librarie</pre>
					
					<h4>examples/matrixtest</h4>
					<p>
						Result: <b>PASS</b>
					</p>
					<pre class="pre-scrollable">Sketch uses 12050 bytes (37%) of program storage space. Maximum is 32256 bytes.
Global variables use 1277 bytes (62%) of dynamic memory, leaving 771 bytes for local variables. Maximum is 2048 bytes.
</pre>
					
					<h4>examples/tiletest</h4>
					<p>
						Result: <b>FAIL</b>
					</p>
					<pre class="pre-scrollable">/home/ec2-user/arduino-testlib/cli-datadir/user/libraries/FastLED_NeoMatrix/examples/tiletest/tiletest.pde: In function &#39;void setup()&#39;:
/home/ec2-user/arduino-testlib/cli-datadir/user/libraries/FastLED_NeoMatrix/examples/tiletest/tiletest.pde:69:19: error: &#39;WS2811_PORTA&#39; was not declared in this scope
   FastLED.addLeds&lt;WS2811_PORTA,3&gt;(matrixleds, NUMMATRIX/3).setCorrection(TypicalLEDStrip);
                   ^~~~~~~~~~~~
/home/ec2-user/arduino-testlib/cli-datadir/user/libraries/FastLED_NeoMatrix/examples/tiletest/tiletest.pde:69:19: note: suggested alternative: &#39;WS2811_400&#39;
   FastLED.addLeds&lt;WS2811_PORTA,3&gt;(matrixleds, NUMMATRIX/3).setCorrection(TypicalLEDStrip);
                   ^~~~~~~~~~~~
                   WS2811_400
/home/ec2-user/arduino-testlib/cli-datadir/user/libraries/FastLED_NeoMatrix/examples/tiletest/tiletest.pde:69:58: error: no matching function for call to &#39;CFastLED::addLeds&lt;&lt;expression error&gt;, 3&gt;(CRGB [768], int)&#39;
   FastLED.addLeds&lt;WS2811_PORTA,3&gt;(matrixleds, NUMMATRIX/3).setCorrection(TypicalLEDStrip);
                                                          ^
In file included from /home/ec2-user/arduino-testlib/cli-datadir/user/libraries/FastLED_NeoMatrix/examples/tiletest/tiletest.pde:6:0:
/home/ec2-user/arduino-testlib/cli-datadir/user/libraries/FastLED/src/FastLED.h:225:130: note: candidate: template&lt;ESPIChipsets CHIPSET, unsigned char DATA_PIN, unsigned char CLOCK_PIN, EOrder RGB_ORDER, long unsigned int SPI_DATA_RATE&gt; CLEDController&amp; CFastLED::addLeds(CRGB*, int, int)
  template&lt;ESPIChipsets CHIPSET,  uint8_t DATA_PIN, uint8_t CLOCK_PIN, EOrder RGB_ORDER, uint32_t SPI_DATA_RATE &gt; CLEDController &amp;addLeds(struct CRGB *data, int nLedsOrOffset, int nLedsIfOffset = 0) {
                                                                                                                                  ^~~~~~~
/home/ec2-user/arduino-testlib/cli-datadir/user/libraries/FastLED/src/FastLED.h:225:130: note:   template argument deduction/substitution failed:
/home/ec2-user/arduino-testlib/cli-datadir/user/libraries/FastLED_NeoMatrix/examples/tiletest/tiletest.pde:69:58: error: template argument 1 is invalid
   FastLED.addLeds&lt;WS2811_PORTA,3&gt;(matrixleds, NUMMATRIX/3).setCorrection(TypicalLEDStrip);
                                                          ^
In file included from /home/ec2-user/arduino-testlib/cli-datadir/user/libraries/FastLED_NeoMatrix/examples/tiletest/tiletest.pde:6:0:
/home/ec2-user/arduino-testlib/cli-datadir/user/libraries/FastLED/src/FastLED.h:239:95: note: candidate: template&lt;ESPIChipsets CHIPSET, unsigned char DATA_PIN, unsigned char CLOCK_PIN&gt; static CLEDController&amp; CFastLED::addLeds(CRGB*, int, int)
  template&lt;ESPIChipsets CHIPSET,  uint8_t DATA_PIN, uint8_t CLOCK_PIN &gt; static CLEDController &amp;addLeds(struct CRGB *data, int nLedsOrOffset, int nLedsIfOffset = 0) {
                                                                                               ^~~~~~~
/home/ec2-user/arduino-testlib/cli-datadir/user/libraries/FastLED/src/FastLED.h:239:95: note:   template argument deduction/substitution failed:
/home/ec2-user/arduino-testlib/cli-datadir/user/libraries/FastLED_NeoMatrix/examples/tiletest/tiletest.pde:69:58: error: template argument 1 is invalid
   FastLED.addLeds&lt;WS2811_PORTA,3&gt;(matrixleds, NUMMATRIX/3).setCorrection(TypicalLEDStrip);
                                                          ^
In file included from /home/ec2-user/arduino-testlib/cli-datadir/user/libraries/FastLED_NeoMatrix/examples/tiletest/tiletest.pde:6:0:
/home/ec2-user/arduino-testlib/cli-datadir/user/libraries/FastLED/src/FastLED.h:253:113: note: candidate: template&lt;ESPIChipsets CHIPSET, unsigned char DATA_PIN, unsigned char CLOCK_PIN, EOrder RGB_ORDER&gt; static CLEDController&amp; CFastLED::addLeds(CRGB*, int, int)
  template&lt;ESPIChipsets CHIPSET,  uint8_t DATA_PIN, uint8_t CLOCK_PIN, EOrder RGB_ORDER &gt; static CLEDController &amp;addLeds(struct CRGB *data, int nLedsOrOffset, int nLedsIfOffset = 0) {
                                                                                                                 ^~~~~~~
/home/ec2-user/arduino-testlib/cli-datadir/user/libraries/FastLED/src/FastLED.h:253:113: note:   template argument deduction/substitution failed:
/home/ec2-user/arduino-testlib/cli-datadir/user/libraries/FastLED_NeoMatrix/examples/tiletest/tiletest.pde:69:58: error: template argument 1 is invalid
   FastLED.addLeds&lt;WS2811_PORTA,3&gt;(matrixleds, NUMMATRIX/3).setCorrection(TypicalLEDStrip);
                                                          ^
In file included from /home/ec2-user/arduino-testlib/cli-datadir/user/libraries/FastLED_NeoMatrix/examples/tiletest/tiletest.pde:6:0:
/home/ec2-user/arduino-testlib/cli-datadir/user/libraries/FastLED/src/FastLED.h:268:56: note: candidate: template&lt;ESPIChipsets CHIPSET&gt; static CLEDController&amp; CFastLED::addLeds(CRGB*, int, int)
  template&lt;ESPIChipsets CHIPSET&gt; static CLEDController &amp;addLeds(struct CRGB *data, int nLedsOrOffset, int nLedsIfOffset = 0) {
                                                        ^~~~~~~
/home/ec2-user/arduino-testlib/cli-datadir/user/libraries/FastLED/src/FastLED.h:268:56: note:   template argument deduction/substitution failed:
/home/ec2-user/arduino-testlib/cli-datadir/user/libraries/FastLED_NeoMatrix/examples/tiletest/tiletest.pde:69:58: error: wrong number of template arguments (2, should be 1)
   FastLED.addLeds&lt;WS2811_PORTA,3&gt;(matrixleds, NUMMATRIX/3).setCorrection(TypicalLEDStrip);
                                                          ^
In file included from /home/ec2-user/arduino-testlib/cli-datadir/user/libraries/FastLED_NeoMatrix/examples/tiletest/tiletest.pde:6:0:
/home/ec2-user/arduino-testlib/cli-datadir/user/libraries/FastLED/src/FastLED.h:272:74: note: candidate: template&lt;ESPIChipsets CHIPSET, EOrder RGB_ORDER&gt; static CLEDController&amp; CFastLED::addLeds(CRGB*, int, int)
  template&lt;ESPIChipsets CHIPSET, EOrder RGB_ORDER&gt; static CLEDController &amp;addLeds(struct CRGB *data, int nLedsOrOffset, int nLedsIfOffset = 0) {
                                                                          ^~~~~~~
/home/ec2-user/arduino-testlib/cli-datadir/user/libraries/FastLED/src/FastLED.h:272:74: note:   template argument deduction/substitution failed:
/home/ec2-user/arduino-testlib/cli-datadir/user/libraries/FastLED_NeoMatrix/examples/tiletest/tiletest.pde:69:58: error: template argument 1 is invalid
   FastLED.addLeds&lt;WS2811_PORTA,3&gt;(matrixleds, NUMMATRIX/3).setCorrection(TypicalLEDStrip);
                                                          ^
In file included from /home/ec2-user/arduino-testlib/cli-datadir/user/libraries/FastLED_NeoMatrix/examples/tiletest/tiletest.pde:6:0:
/home/ec2-user/arduino-testlib/cli-datadir/user/libraries/FastLED/src/FastLED.h:276:98: note: candidate: template&lt;ESPIChipsets CHIPSET, EOrder RGB_ORDER, long unsigned int SPI_DATA_RATE&gt; static CLEDController&amp; CFastLED::addLeds(CRGB*, int, int)
  template&lt;ESPIChipsets CHIPSET, EOrder RGB_ORDER, uint32_t SPI_DATA_RATE&gt; static CLEDController &amp;addLeds(struct CRGB *data, int nLedsOrOffset, int nLedsIfOffset = 0) {
                                                                                                  ^~~~~~~
/home/ec2-user/arduino-testlib/cli-datadir/user/libraries/FastLED/src/FastLED.h:276:98: note:   template argument deduction/substitution failed:
/home/ec2-user/arduino-testlib/cli-datadir/user/libraries/FastLED_NeoMatrix/examples/tiletest/tiletest.pde:69:58: error: template argument 1 is invalid
   FastLED.addLeds&lt;WS2811_PORTA,3&gt;(matrixleds, NUMMATRIX/3).setCorrection(TypicalLEDStrip);
                                                          ^
In file included from /home/ec2-user/arduino-testlib/cli-datadir/user/libraries/FastLED_NeoMatrix/examples/tiletest/tiletest.pde:6:0:
/home/ec2-user/arduino-testlib/cli-datadir/user/libraries/FastLED/src/FastLED.h:303:25: note: candidate: template&lt;template&lt;unsigned char DATA_PIN, EOrder RGB_ORDER&gt; class CHIPSET, unsigned char DATA_PIN, EOrder RGB_ORDER&gt; static CLEDController&amp; CFastLED::addLeds(CRGB*, int, int)
  static CLEDController &amp;addLeds(struct CRGB *data, int nLedsOrOffset, int nLedsIfOffset = 0) {
                         ^~~~~~~
/home/ec2-user/arduino-testlib/cli-datadir/user/libraries/FastLED/src/FastLED.h:303:25: note:   template argument deduction/substitution failed:
/home/ec2-user/arduino-testlib/cli-datadir/user/libraries/FastLED_NeoMatrix/examples/tiletest/tiletest.pde:69:58: error: template argument 1 is invalid
   FastLED.addLeds&lt;WS2811_PORTA,3&gt;(matrixleds, NUMMATRIX/3).setCorrection(TypicalLEDStrip);
                                                          ^
In file included from /home/ec2-user/arduino-testlib/cli-datadir/user/libraries/FastLED_NeoMatrix/examples/tiletest/tiletest.pde:6:0:
/home/ec2-user/arduino-testlib/cli-datadir/user/libraries/FastLED/src/FastLED.h:309:25: note: candidate: template&lt;template&lt;unsigned char DATA_PIN, EOrder RGB_ORDER&gt; class CHIPSET, unsigned char DATA_PIN&gt; static CLEDController&amp; CFastLED::addLeds(CRGB*, int, int)
  static CLEDController &amp;addLeds(struct CRGB *data, int nLedsOrOffset, int nLedsIfOffset = 0) {
                         ^~~~~~~
/home/ec2-user/arduino-testlib/cli-datadir/user/libraries/FastLED/src/FastLED.h:309:25: note:   template argument deduction/substitution failed:
/home/ec2-user/arduino-testlib/cli-datadir/user/libraries/FastLED_NeoMatrix/examples/tiletest/tiletest.pde:69:58: error: template argument 1 is invalid
   FastLED.addLeds&lt;WS2811_PORTA,3&gt;(matrixleds, NUMMATRIX/3).setCorrection(TypicalLEDStrip);
                                                          ^
In file included from /home/ec2-user/arduino-testlib/cli-datadir/user/libraries/FastLED_NeoMatrix/examples/tiletest/tiletest.pde:6:0:
/home/ec2-user/arduino-testlib/cli-datadir/user/libraries/FastLED/src/FastLED.h:315:25: note: candidate: template&lt;template&lt;unsigned char DATA_PIN&gt; class CHIPSET, unsigned char DATA_PIN&gt; static CLEDController&amp; CFastLED::addLeds</pre>
					
				
				<h3 id="arduino:mbed_nano:nanorp2040connect">arduino:mbed_nano:nanorp2040connect @ 2.7.2</h3>
				<h4>Inclusion</h4>
				<p>
					Result: <b>FAIL</b>
					
				</p>
				<pre class="pre-scrollable">In file included from /home/ec2-user/arduino-testlib/cli-datadir/user/libraries/FastLED/src/FastLED.h:43:0,
                 from /home/ec2-user/arduino-testlib/cli-datadir/user/libraries/Framebuffer_GFX/Framebuffer_GFX.h:33,
                 from /home/ec2-user/arduino-testlib/cli-datadir/user/libraries/FastLED_NeoMatrix/FastLED_NeoMatrix.h:23,
                 from /tmp/arduino-testlib3346556143/test/test.ino:1:
/home/ec2-user/arduino-testlib/cli-datadir/user/libraries/FastLED/src/led_sysdefs.h:55:2: error: #error &#34;This platform isn&#39;t recognized by FastLED... yet.  See comments in FastLED/led_sysdefs.h for options.&#34;
 #error &#34;This platform isn&#39;t recognized by FastLED... yet.  See comments in FastLED/led_sysdefs.h for options.&#34;
  ^~~~~

</pre>

					
					<h4>examples/FastLED_NeoMatrix_SmartMatrix_LEDMatrix_GFX_Demos</h4>
					<p>
						Result: <b>FAIL</b>
					</p>
					<pre class="pre-scrollable"></pre>
					
					<h4>examples/MatrixGFXDemo</h4>
					<p>
						Result: <b>FAIL</b>
					</p>
					<pre class="pre-scrollable">In file included from /home/ec2-user/arduino-testlib/cli-datadir/user/libraries/FastLED/src/FastLED.h:43:0,
                 from /home/ec2-user/arduino-testlib/cli-datadir/user/libraries/Framebuffer_GFX/Framebuffer_GFX.h:33,
                 from /home/ec2-user/arduino-testlib/cli-datadir/user/libraries/FastLED_NeoMatrix/FastLED_NeoMatrix.h:23,
                 from /home/ec2-user/arduino-testlib/cli-datadir/user/libraries/FastLED_NeoMatrix/examples/MatrixGFXDemo/MatrixGFXDemo.ino:6:
/home/ec2-user/arduino-testlib/cli-datadir/user/libraries/FastLED/src/led_sysdefs.h:55:2: error: #error &#34;This platform isn&#39;t recognized by FastLED... yet.  See comments in FastLED/led_sysdefs.h for options.&#34;
 #error &#34;This platform isn&#39;t recognized by FastLED... yet.  See comments in FastLED/led_sysdefs.h for options.&#34;
  ^~~~~

</pre>
					
					<h4>examples/MatrixGFXDemo64</h4>
					<p>
						Result: <b>FAIL</b>
					</p>
					<pre class="pre-scrollable">In file included from /home/ec2-user/arduino-testlib/cli-datadir/user/libraries/FastLED/src/FastLED.h:43:0,
                 from /home/ec2-user/arduino-testlib/cli-datadir/user/libraries/Framebuffer_GFX/Framebuffer_GFX.h:33,
                 from /home/ec2-user/arduino-testlib/cli-datadir/user/libraries/FastLED_NeoMatrix/FastLED_NeoMatrix.h:23,
                 from /home/ec2-user/arduino-testlib/cli-datadir/user/libraries/FastLED_NeoMatrix/examples/MatrixGFXDemo64/MatrixGFXDemo64.ino:10:
/home/ec2-user/arduino-testlib/cli-datadir/user/libraries/FastLED/src/led_sysdefs.h:55:2: error: #error &#34;This platform isn&#39;t recognized by FastLED... yet.  See comments in FastLED/led_sysdefs.h for options.&#34;
 #error &#34;This platform isn&#39;t recognized by FastLED... yet.  See comments in FastLED/led_sysdefs.h for options.&#34;
  ^~~~~

</pre>
					
					<h4>examples/NeoMatrix_LEDMatrix</h4>
					<p>
						Result: <b>FAIL</b>
					</p>
					<pre class="pre-scrollable">In file included from /home/ec2-user/arduino-testlib/cli-datadir/user/libraries/FastLED/src/FastLED.h:43:0,
                 from /home/ec2-user/arduino-testlib/cli-datadir/user/libraries/Framebuffer_GFX/Framebuffer_GFX.h:33,
                 from /home/ec2-user/arduino-testlib/cli-datadir/user/libraries/FastLED_NeoMatrix/FastLED_NeoMatrix.h:23,
                 from /home/ec2-user/arduino-testlib/cli-datadir/user/libraries/FastLED_NeoMatrix/examples/NeoMatrix_LEDMatrix/config.h:4,
                 from /home/ec2-user/arduino-testlib/cli-datadir/user/libraries/FastLED_NeoMatrix/examples/NeoMatrix_LEDMatrix/NeoMatrix_LEDMatrix.ino:9:
/home/ec2-user/arduino-testlib/cli-datadir/user/libraries/FastLED/src/led_sysdefs.h:55:2: error: #error &#34;This platform isn&#39;t recognized by FastLED... yet.  See comments in FastLED/led_sysdefs.h for options.&#34;
 #error &#34;This platform isn&#39;t recognized by FastLED... yet.  See comments in FastLED/led_sysdefs.h for options.&#34;
  ^~~~~
Multiple libraries were found for &#34;LEDMatrix.h&#34;
  Used: /home/ec2-user/arduino-testlib/cli-datadir/user/libraries/Shift_Register_LED_Matrix_Lib
  Not used: /home/ec2-user/arduino-testlib/cli-datadir/user/libraries/Grove_-_LED_Matrix_Driver
</pre>
					
					<h4>examples/espgifread</h4>
					<p>
						Result: <b>FAIL</b>
					</p>
					<pre class="pre-scrollable">/home/ec2-user/arduino-testlib/cli-datadir/user/libraries/FastLED_NeoMatrix/examples/espgifread/espgifread.ino:3:10: fatal error: FS.h: No such file or directory
 #include &lt;FS.h&gt;
          ^~~~~~
compilation terminated.

</pre>
					
					<h4>examples/fontzoom</h4>
					<p>
						Result: <b>FAIL</b>
					</p>
					<pre class="pre-scrollable">In file included from /home/ec2-user/arduino-testlib/cli-datadir/user/libraries/FastLED/src/FastLED.h:43:0,
                 from /home/ec2-user/arduino-testlib/cli-datadir/user/libraries/Framebuffer_GFX/Framebuffer_GFX.h:33,
                 from /home/ec2-user/arduino-testlib/cli-datadir/user/libraries/FastLED_NeoMatrix/FastLED_NeoMatrix.h:23,
                 from /home/ec2-user/arduino-testlib/cli-datadir/user/libraries/FastLED_NeoMatrix/examples/fontzoom/fontzoom.ino:6:
/home/ec2-user/arduino-testlib/cli-datadir/user/libraries/FastLED/src/led_sysdefs.h:55:2: error: #error &#34;This platform isn&#39;t recognized by FastLED... yet.  See comments in FastLED/led_sysdefs.h for options.&#34;
 #error &#34;This platform isn&#39;t recognized by FastLED... yet.  See comments in FastLED/led_sysdefs.h for options.&#34;
  ^~~~~

</pre>
					
					<h4>examples/matrixtest</h4>
					<p>
						Result: <b>FAIL</b>
					</p>
					<pre class="pre-scrollable">In file included from /home/ec2-user/arduino-testlib/cli-datadir/user/libraries/FastLED/src/FastLED.h:43:0,
                 from /home/ec2-user/arduino-testlib/cli-datadir/user/libraries/FastLED_NeoMatrix/examples/matrixtest/matrixtest.pde:5:
/home/ec2-user/arduino-testlib/cli-datadir/user/libraries/FastLED/src/led_sysdefs.h:55:2: error: #error &#34;This platform isn&#39;t recognized by FastLED... yet.  See comments in FastLED/led_sysdefs.h for options.&#34;
 #error &#34;This platform isn&#39;t recognized by FastLED... yet.  See comments in FastLED/led_sysdefs.h for options.&#34;
  ^~~~~

</pre>
					
					<h4>examples/tiletest</h4>
					<p>
						Result: <b>FAIL</b>
					</p>
					<pre class="pre-scrollable">In file included from /home/ec2-user/arduino-testlib/cli-datadir/user/libraries/FastLED/src/FastLED.h:43:0,
                 from /home/ec2-user/arduino-testlib/cli-datadir/user/libraries/FastLED_NeoMatrix/examples/tiletest/tiletest.pde:6:
/home/ec2-user/arduino-testlib/cli-datadir/user/libraries/FastLED/src/led_sysdefs.h:55:2: error: #error &#34;This platform isn&#39;t recognized by FastLED... yet.  See comments in FastLED/led_sysdefs.h for options.&#34;
 #error &#34;This platform isn&#39;t recognized by FastLED... yet.  See comments in FastLED/led_sysdefs.h for options.&#34;
  ^~~~~

</pre>
					
				
				<h3 id="arduino:megaavr:nona4809">arduino:megaavr:nona4809 @ 1.8.7</h3>
				<h4>Inclusion</h4>
				<p>
					Result: <b>PASS</b>
					
				</p>
				<pre class="pre-scrollable">Sketch uses 6996 bytes (14%) of program storage space. Maximum is 49152 bytes.
Global variables use 503 bytes (8%) of dynamic memory, leaving 5641 bytes for local variables. Maximum is 6144 bytes.
In file included from /home/ec2-user/arduino-testlib/cli-datadir/user/libraries/Adafruit_BusIO/Adafruit_I2CDevice.h:5:0,
                 from /home/ec2-user/arduino-testlib/cli-datadir/user/libraries/Adafruit_BusIO/Adafruit_I2CDevice.cpp:1:
/home/ec2-user/arduino-testlib/cli-datadir/data/packages/arduino/hardware/megaavr/1.8.7/libraries/Wire/src/Wire.h: In member function &#39;bool Adafruit_I2CDevice::_read(uint8_t*, size_t, bool)&#39;:
/home/ec2-user/arduino-testlib/cli-datadir/data/packages/arduino/hardware/megaavr/1.8.7/libraries/Wire/src/Wire.h:64:12: note: candidate 1: size_t TwoWire::requestFrom(int, int, int)
     size_t requestFrom(int, int, int);
            ^~~~~~~~~~~
/home/ec2-user/arduino-testlib/cli-datadir/data/packages/arduino/hardware/megaavr/1.8.7/libraries/Wire/src/Wire.h:62:12: note: candidate 2: virtual size_t TwoWire::requestFrom(uint8_t, size_t, bool)
     size_t requestFrom(uint8_t, size_t, bool);
            ^~~~~~~~~~~
</pre>

					
					<h4>examples/FastLED_NeoMatrix_SmartMatrix_LEDMatrix_GFX_Demos</h4>
					<p>
						Result: <b>FAIL</b>
					</p>
					<pre class="pre-scrollable"></pre>
					
					<h4>examples/MatrixGFXDemo</h4>
					<p>
						Result: <b>PASS</b>
					</p>
					<pre class="pre-scrollable">Sketch uses 26601 bytes (54%) of program storage space. Maximum is 49152 bytes.
Global variables use 3630 bytes (59%) of dynamic memory, leaving 2514 bytes for local variables. Maximum is 6144 bytes.
</pre>
					
					<h4>examples/MatrixGFXDemo64</h4>
					<p>
						Result: <b>FAIL</b>
					</p>
					<pre class="pre-scrollable">In file included from /home/ec2-user/arduino-testlib/cli-datadir/user/libraries/FastLED/src/FastLED.h:50:0,
                 from /home/ec2-user/arduino-testlib/cli-datadir/user/libraries/Framebuffer_GFX/Framebuffer_GFX.h:33,
                 from /home/ec2-user/arduino-testlib/cli-datadir/user/libraries/FastLED_NeoMatrix/FastLED_NeoMatrix.h:23,
                 from /home/ec2-user/arduino-testlib/cli-datadir/user/libraries/FastLED_NeoMatrix/examples/MatrixGFXDemo64/MatrixGFXDemo64.ino:10:
/home/ec2-user/arduino-testlib/cli-datadir/user/libraries/FastLED/src/fastpin.h: In instantiation of &#39;class FastPin&lt;23&gt;&#39;:
/home/ec2-user/arduino-testlib/cli-datadir/user/libraries/FastLED/src/platforms/avr/clockless_trinket.h:107:49:   required from &#39;class ClocklessController&lt;23, 4, 10, 6, (EOrder)66, 0, false, 10&gt;&#39;
/home/ec2-user/arduino-testlib/cli-datadir/user/libraries/FastLED/src/chipsets.h:474:7:   required from &#39;class WS2812Controller800Khz&lt;23, (EOrder)66&gt;&#39;
/home/ec2-user/arduino-testlib/cli-datadir/user/libraries/FastLED/src/FastLED.h:107:52:   required from &#39;class WS2812B&lt;23, (EOrder)66&gt;&#39;
/home/ec2-user/arduino-testlib/cli-datadir/user/libraries/FastLED/src/FastLED.h:304:39:   required from &#39;static CLEDController&amp; CFastLED::addLeds(CRGB*, int, int) [with CHIPSET = WS2812B; unsigned char DATA_PIN = 23; EOrder RGB_ORDER = (EOrder)66]&#39;
/home/ec2-user/arduino-testlib/cli-datadir/user/libraries/FastLED_NeoMatrix/examples/MatrixGFXDemo64/MatrixGFXDemo64.ino:772:84:   required from here
/home/ec2-user/arduino-testlib/cli-datadir/user/libraries/FastLED/src/fastpin.h:210:2: error: static assertion failed: Invalid pin specified
  static_assert(validpin(), &#34;Invalid pin specified&#34;);
  ^~~~~~~~~~~~~
/home/ec2-user/arduino-testlib/cli-datadir/user/libraries/FastLED/src/fastpin.h: In instantiation of &#39;class FastPin&lt;27&gt;&#39;:
/home/ec2-user/arduino-testlib/cli-datadir/user/libraries/FastLED/src/platforms/avr/clockless_trinket.h:107:49:   required from &#39;class ClocklessController&lt;27, 4, 10, 6, (EOrder)66, 0, false, 10&gt;&#39;
/home/ec2-user/arduino-testlib/cli-datadir/user/libraries/FastLED/src/chipsets.h:474:7:   required from &#39;class WS2812Controller800Khz&lt;27, (EOrder)66&gt;&#39;
/home/ec2-user/arduino-testlib/cli-datadir/user/libraries/FastLED/src/FastLED.h:107:52:   required from &#39;class WS2812B&lt;27, (EOrder)66&gt;&#39;
/home/ec2-user/arduino-testlib/cli-datadir/user/libraries/FastLED/src/FastLED.h:304:39:   required from &#39;static CLEDController&amp; CFastLED::addLeds(CRGB*, int, int) [with CHIPSET = WS2812B; unsigned char DATA_PIN = 27; EOrder RGB_ORDER = (EOrder)66]&#39;
/home/ec2-user/arduino-testlib/cli-datadir/user/libraries/FastLED_NeoMatrix/examples/MatrixGFXDemo64/MatrixGFXDemo64.ino:774:84:   required from here
/home/ec2-user/arduino-testlib/cli-datadir/user/libraries/FastLED/src/fastpin.h:210:2: error: static assertion failed: Invalid pin specified
/home/ec2-user/arduino-testlib/cli-datadir/user/libraries/FastLED/src/fastpin.h: In instantiation of &#39;class FastPin&lt;25&gt;&#39;:
/home/ec2-user/arduino-testlib/cli-datadir/user/libraries/FastLED/src/platforms/avr/clockless_trinket.h:107:49:   required from &#39;class ClocklessController&lt;25, 4, 10, 6, (EOrder)66, 0, false, 10&gt;&#39;
/home/ec2-user/arduino-testlib/cli-datadir/user/libraries/FastLED/src/chipsets.h:474:7:   required from &#39;class WS2812Controller800Khz&lt;25, (EOrder)66&gt;&#39;
/home/ec2-user/arduino-testlib/cli-datadir/user/libraries/FastLED/src/FastLED.h:107:52:   required from &#39;class WS2812B&lt;25, (EOrder)66&gt;&#39;
/home/ec2-user/arduino-testlib/cli-datadir/user/libraries/FastLED/src/FastLED.h:304:39:   required from &#39;static CLEDController&amp; CFastLED::addLeds(CRGB*, int, int) [with CHIPSET = WS2812B; unsigned char DATA_PIN = 25; EOrder RGB_ORDER = (EOrder)66]&#39;
/home/ec2-user/arduino-testlib/cli-datadir/user/libraries/FastLED_NeoMatrix/examples/MatrixGFXDemo64/MatrixGFXDemo64.ino:784:84:   required from here
/home/ec2-user/arduino-testlib/cli-datadir/user/libraries/FastLED/src/fastpin.h:210:2: error: static assertion failed: Invalid pin specified
/home/ec2-user/arduino-testlib/cli-datadir/user/libraries/FastLED/src/fastpin.h: In instantiation of &#39;class FastPin&lt;26&gt;&#39;:
/home/ec2-user/arduino-testlib/cli-datadir/user/libraries/FastLED/src/platforms/avr/clockless_trinket.h:107:49:   required from &#39;class ClocklessController&lt;26, 4, 10, 6, (EOrder)66, 0, false, 10&gt;&#39;
/home/ec2-user/arduino-testlib/cli-datadir/user/libraries/FastLED/src/chipsets.h:474:7:   required from &#39;class WS2812Controller800Khz&lt;26, (EOrder)66&gt;&#39;
/home/ec2-user/arduino-testlib/cli-datadir/user/libraries/FastLED/src/FastLED.h:107:52:   required from &#39;class WS2812B&lt;26, (EOrder)66&gt;&#39;
/home/ec2-user/arduino-testlib/cli-datadir/user/libraries/FastLED/src/FastLED.h:304:39:   required from &#39;static CLEDController&amp; CFastLED::addLeds(CRGB*, int, int) [with CHIPSET = WS2812B; unsigned char DATA_PIN = 26; EOrder RGB_ORDER = (EOrder)66]&#39;
/home/ec2-user/arduino-testlib/cli-datadir/user/libraries/FastLED_NeoMatrix/examples/MatrixGFXDemo64/MatrixGFXDemo64.ino:785:84:   required from here
/home/ec2-user/arduino-testlib/cli-datadir/user/libraries/FastLED/src/fastpin.h:210:2: error: static assertion failed: Invalid pin specified
In file included from /home/ec2-user/arduino-testlib/cli-datadir/user/libraries/FastLED/src/platforms/avr/fastled_avr.h:4:0,
                 from /home/ec2-user/arduino-testlib/cli-datadir/user/libraries/FastLED/src/platforms.h:41,
                 from /home/ec2-user/arduino-testlib/cli-datadir/user/libraries/FastLED/src/FastLED.h:54,
                 from /home/ec2-user/arduino-testlib/cli-datadir/user/libraries/Framebuffer_GFX/Framebuffer_GFX.h:33,
                 from /home/ec2-user/arduino-testlib/cli-datadir/user/libraries/FastLED_NeoMatrix/FastLED_NeoMatrix.h:23,
                 from /home/ec2-user/arduino-testlib/cli-datadir/user/libraries/FastLED_NeoMatrix/examples/MatrixGFXDemo64/MatrixGFXDemo64.ino:10:
/home/ec2-user/arduino-testlib/cli-datadir/user/libraries/FastLED/src/platforms/avr/fastpin_avr.h: In instantiation of &#39;static void _AVRPIN&lt;PIN, _MASK, _PORT, _DDR, _PIN&gt;::setOutput() [with unsigned char PIN = 14; unsigned char _MASK = 8; _PORT = __gen_struct_VPORTD_OUT; _DDR = __gen_struct_VPORTD_DIR; _PIN = __gen_struct_VPORTD_IN]&#39;:
/home/ec2-user/arduino-testlib/cli-datadir/user/libraries/FastLED/src/platforms/avr/clockless_trinket.h:114:31:   required from &#39;void ClocklessController&lt;DATA_PIN, T1, T2, T3, RGB_ORDER, XTRA0, FLIP, WAIT_TIME&gt;::init() [with unsigned char DATA_PIN = 14; int T1 = 4; int T2 = 10; int T3 = 6; EOrder RGB_ORDER = (EOrder)66; int XTRA0 = 0; bool FLIP = false; int WAIT_TIME = 10]&#39;
/home/ec2-user/arduino-testlib/cli-datadir/user/libraries/FastLED_NeoMatrix/examples/MatrixGFXDemo64/MatrixGFXDemo64.ino:819:1:   required from here
/home/ec2-user/arduino-testlib/cli-datadir/user/libraries/FastLED/src/platforms/avr/fastpin_avr.h:22:42: error: incomplete type &#39;__gen_struct_VPORTD_DIR&#39; used in nested name specifier
  inline static void setOutput() { _DDR::r() |= _MASK; }
                                   ~~~~~~~^~
/home/ec2-user/arduino-testlib/cli-datadir/user/libraries/FastLED/src/platforms/avr/fastpin_avr.h: In instantiation of &#39;static void _AVRPIN&lt;PIN, _MASK, _PORT, _DDR, _PIN&gt;::setOutput() [with unsigned char PIN = 15; unsigned char _MASK = 4; _PORT = __gen_struct_VPORTD_OUT; _DDR = __gen_struct_VPORTD_DIR; _PIN = __gen_struct_VPORTD_IN]&#39;:
/home/ec2-user/arduino-testlib/cli-datadir/user/libraries/FastLED/src/platforms/avr/clockless_trinket.h:114:31:   required from &#39;void ClocklessController&lt;DATA_PIN, T1, T2, T3, RGB_ORDER, XTRA0, FLIP, WAIT_TIME&gt;::init() [with unsigned char DATA_PIN = 15; int T1 = 4; int T2 = 10; int T3 = 6; EOrder RGB_ORDER = (EOrder)66; int XTRA0 = 0; bool FLIP = false; int WAIT_TIME = 10]&#39;
/home/ec2-user/arduino-testlib/cli-datadir/user/libraries/FastLED_NeoMatrix/examples/MatrixGFXDemo64/MatrixGFXDemo64.ino:819:1:   required from here
/home/ec2-user/arduino-testlib/cli-datadir/user/libraries/FastLED/src/platforms/avr/fastpin_avr.h:22:42: error: incomplete type &#39;__gen_struct_VPORTD_DIR&#39; used in nested name specifier
/home/ec2-user/arduino-testlib/cli-datadir/user/libraries/FastLED/src/platforms/avr/fastpin_avr.h: In instantiation of &#39;static void _AVRPIN&lt;PIN, _MASK, _PORT, _DDR, _PIN&gt;::setOutput() [with unsigned char PIN = 0; unsigned char _MASK = 32; _PORT = __gen_struct_VPORTC_OUT; _DDR = __gen_struct_VPORTC_DIR; _PIN = __gen_struct_VPORTC_IN]&#39;:
/home/ec2-user/arduino-testlib/cli-datadir/user/libraries/FastLED/src/platforms/avr/clockless_trinket.h:114:31:   required from &#39;void ClocklessController&lt;DATA_PIN, T1, T2, T3, RGB_ORDER, XTRA0, FLIP, WAIT_TIME&gt;::init() [with unsigned char DATA_PIN = 0; int T1 = 4; int T2 = 10; int T3 = 6; EOrder RGB_ORDER = (EOrder)66; int XTRA0 = 0; bool FLIP = false; int WAIT_TIME = 10]&#39;
/home/ec2-user/arduino-testlib/cli-datadir/user/libraries/FastLED_NeoMatrix/examples/MatrixGFXDemo64/MatrixGFXDemo64.ino:819:1:   required from here
/home/ec2-user/arduino-testlib/cli-datadir/user/libraries/FastLED/src/platforms/avr/fastpin_avr.h:22:42: error: incomplete type &#39;__gen_struct_VPORTC_DIR&#39; used in nested name specifier
/home/ec2-user/arduino-testlib/cli-datadir/user/libraries/FastLED/src/platforms/avr/fastpin_avr.h: In instantiation of &#39;static void _AVRPIN&lt;PIN, _MASK, _PORT, _DDR, _PIN&gt;::setOutput() [with unsigned char PIN = 4; unsigned char _MASK = 64; _PORT = __gen_struct_VPORTC_OUT; _DDR = __gen_struct_VPORTC_DIR; _PIN = __gen_struct_VPORTC_IN]&#39;:
/home/ec2-user/arduino-testlib/cli-datadir/user/libraries/FastLED/src/platforms/avr/clockless_trinket.h:114:31:   required from &#39;void ClocklessController&lt;DATA_PIN, T1, T2, T3, RGB_ORDER, XTRA0, FLIP, WAIT_TIME&gt;::init() [with unsigned char DATA_PIN = 4; int T1 = 4; int T2 = 10; int T3 = 6; EOrder RGB_ORDER = (EOrder)66; int XTRA0 = 0; bool FLIP = false; int WAIT_TIME = 10]&#39;
/home/ec2-user/arduino-testlib/cli-datadir/user/libraries/FastLED_NeoMatrix/examples/MatrixGFXDemo64/MatrixGFXDemo64.ino:819:1:   required from here
/home/ec2-user/arduino-te</pre>
					
					<h4>examples/NeoMatrix_LEDMatrix</h4>
					<p>
						Result: <b>FAIL</b>
					</p>
					<pre class="pre-scrollable">/home/ec2-user/arduino-testlib/cli-datadir/user/libraries/FastLED_NeoMatrix/examples/NeoMatrix_LEDMatrix/NeoMatrix_LEDMatrix.ino:19:1: error: &#39;cLEDMatrix&#39; does not name a type; did you mean &#39;LEDMatrix&#39;?
 cLEDMatrix&lt;-MATRIX_TILE_WIDTH, -MATRIX_TILE_HEIGHT, HORIZONTAL_ZIGZAG_MATRIX,
 ^~~~~~~~~~
 LEDMatrix
/home/ec2-user/arduino-testlib/cli-datadir/user/libraries/FastLED_NeoMatrix/examples/NeoMatrix_LEDMatrix/NeoMatrix_LEDMatrix.ino:29:14: error: &#39;ledmatrix&#39; was not declared in this scope
 CRGB *leds = ledmatrix[0];
              ^~~~~~~~~
/home/ec2-user/arduino-testlib/cli-datadir/user/libraries/FastLED_NeoMatrix/examples/NeoMatrix_LEDMatrix/NeoMatrix_LEDMatrix.ino:29:14: note: suggested alternative: &#39;LEDMatrix&#39;
 CRGB *leds = ledmatrix[0];
              ^~~~~~~~~
              LEDMatrix
/home/ec2-user/arduino-testlib/cli-datadir/user/libraries/FastLED_NeoMatrix/examples/NeoMatrix_LEDMatrix/LEDMatrix_Flag.ino: In function &#39;void sprite_setup()&#39;:
/home/ec2-user/arduino-testlib/cli-datadir/user/libraries/FastLED_NeoMatrix/examples/NeoMatrix_LEDMatrix/LEDMatrix_Flag.ino:7:5: error: &#39;ledmatrix&#39; was not declared in this scope
     ledmatrix.DrawLine (0, 0, ledmatrix.Width() - 1, ledmatrix.Height() - 1, CRGB(0, 255, 0));
     ^~~~~~~~~
/home/ec2-user/arduino-testlib/cli-datadir/user/libraries/FastLED_NeoMatrix/examples/NeoMatrix_LEDMatrix/LEDMatrix_Flag.ino:7:5: note: suggested alternative: &#39;matrix&#39;
     ledmatrix.DrawLine (0, 0, ledmatrix.Width() - 1, ledmatrix.Height() - 1, CRGB(0, 255, 0));
     ^~~~~~~~~
     matrix
/home/ec2-user/arduino-testlib/cli-datadir/user/libraries/FastLED_NeoMatrix/examples/NeoMatrix_LEDMatrix/LEDMatrix_Flag.ino: In function &#39;void flag()&#39;:
/home/ec2-user/arduino-testlib/cli-datadir/user/libraries/FastLED_NeoMatrix/examples/NeoMatrix_LEDMatrix/LEDMatrix_Flag.ino:18:5: error: &#39;ledmatrix&#39; was not declared in this scope
     ledmatrix.DrawFilledRectangle(0, 0, ledmatrix.Width() - 1, ledmatrix.Height() - 1, CRGB(0, 0, 255));
     ^~~~~~~~~
/home/ec2-user/arduino-testlib/cli-datadir/user/libraries/FastLED_NeoMatrix/examples/NeoMatrix_LEDMatrix/LEDMatrix_Flag.ino:18:5: note: suggested alternative: &#39;matrix&#39;
     ledmatrix.DrawFilledRectangle(0, 0, ledmatrix.Width() - 1, ledmatrix.Height() - 1, CRGB(0, 0, 255));
     ^~~~~~~~~
     matrix
Multiple libraries were found for &#34;LEDMatrix.h&#34;
  Used: /home/ec2-user/arduino-testlib/cli-datadir/user/libraries/Shift_Register_LED_Matrix_Lib
  Not used: /home/ec2-user/arduino-testlib/cli-datadir/user/libraries/Grove_-_LED_Matrix_Driver
</pre>
					
					<h4>examples/espgifread</h4>
					<p>
						Result: <b>FAIL</b>
					</p>
					<pre class="pre-scrollable">/home/ec2-user/arduino-testlib/cli-datadir/user/libraries/FastLED_NeoMatrix/examples/espgifread/espgifread.ino:3:10: fatal error: FS.h: No such file or directory
 #include &lt;FS.h&gt;
          ^~~~~~
compilation terminated.

</pre>
					
					<h4>examples/fontzoom</h4>
					<p>
						Result: <b>FAIL</b>
					</p>
					<pre class="pre-scrollable">/home/ec2-user/arduino-testlib/cli-datadir/user/libraries/FastLED_NeoMatrix/examples/fontzoom/fontzoom.ino: In function &#39;void setup()&#39;:
/home/ec2-user/arduino-testlib/cli-datadir/user/libraries/FastLED_NeoMatrix/examples/fontzoom/fontzoom.ino:201:21: error: &#39;WS2811_PORTA&#39; was not declared in this scope
     FastLED.addLeds&lt;WS2811_PORTA,3&gt;(matrixleds, NUMMATRIX/3).setCorrection(TypicalLEDStrip);
                     ^~~~~~~~~~~~
/home/ec2-user/arduino-testlib/cli-datadir/user/libraries/FastLED_NeoMatrix/examples/fontzoom/fontzoom.ino:201:21: note: suggested alternative: &#39;WS2811_400&#39;
     FastLED.addLeds&lt;WS2811_PORTA,3&gt;(matrixleds, NUMMATRIX/3).setCorrection(TypicalLEDStrip);
                     ^~~~~~~~~~~~
                     WS2811_400
/home/ec2-user/arduino-testlib/cli-datadir/user/libraries/FastLED_NeoMatrix/examples/fontzoom/fontzoom.ino:201:60: error: no matching function for call to &#39;CFastLED::addLeds&lt;&lt;expression error&gt;, 3&gt;(CRGB [768], int)&#39;
     FastLED.addLeds&lt;WS2811_PORTA,3&gt;(matrixleds, NUMMATRIX/3).setCorrection(TypicalLEDStrip);
                                                            ^
In file included from /home/ec2-user/arduino-testlib/cli-datadir/user/libraries/Framebuffer_GFX/Framebuffer_GFX.h:33:0,
                 from /home/ec2-user/arduino-testlib/cli-datadir/user/libraries/FastLED_NeoMatrix/FastLED_NeoMatrix.h:23,
                 from /home/ec2-user/arduino-testlib/cli-datadir/user/libraries/FastLED_NeoMatrix/examples/fontzoom/fontzoom.ino:6:
/home/ec2-user/arduino-testlib/cli-datadir/user/libraries/FastLED/src/FastLED.h:225:130: note: candidate: template&lt;ESPIChipsets CHIPSET, unsigned char DATA_PIN, unsigned char CLOCK_PIN, EOrder RGB_ORDER, long unsigned int SPI_DATA_RATE&gt; CLEDController&amp; CFastLED::addLeds(CRGB*, int, int)
  template&lt;ESPIChipsets CHIPSET,  uint8_t DATA_PIN, uint8_t CLOCK_PIN, EOrder RGB_ORDER, uint32_t SPI_DATA_RATE &gt; CLEDController &amp;addLeds(struct CRGB *data, int nLedsOrOffset, int nLedsIfOffset = 0) {
                                                                                                                                  ^~~~~~~
/home/ec2-user/arduino-testlib/cli-datadir/user/libraries/FastLED/src/FastLED.h:225:130: note:   template argument deduction/substitution failed:
/home/ec2-user/arduino-testlib/cli-datadir/user/libraries/FastLED_NeoMatrix/examples/fontzoom/fontzoom.ino:201:60: error: template argument 1 is invalid
     FastLED.addLeds&lt;WS2811_PORTA,3&gt;(matrixleds, NUMMATRIX/3).setCorrection(TypicalLEDStrip);
                                                            ^
In file included from /home/ec2-user/arduino-testlib/cli-datadir/user/libraries/Framebuffer_GFX/Framebuffer_GFX.h:33:0,
                 from /home/ec2-user/arduino-testlib/cli-datadir/user/libraries/FastLED_NeoMatrix/FastLED_NeoMatrix.h:23,
                 from /home/ec2-user/arduino-testlib/cli-datadir/user/libraries/FastLED_NeoMatrix/examples/fontzoom/fontzoom.ino:6:
/home/ec2-user/arduino-testlib/cli-datadir/user/libraries/FastLED/src/FastLED.h:239:95: note: candidate: template&lt;ESPIChipsets CHIPSET, unsigned char DATA_PIN, unsigned char CLOCK_PIN&gt; static CLEDController&amp; CFastLED::addLeds(CRGB*, int, int)
  template&lt;ESPIChipsets CHIPSET,  uint8_t DATA_PIN, uint8_t CLOCK_PIN &gt; static CLEDController &amp;addLeds(struct CRGB *data, int nLedsOrOffset, int nLedsIfOffset = 0) {
                                                                                               ^~~~~~~
/home/ec2-user/arduino-testlib/cli-datadir/user/libraries/FastLED/src/FastLED.h:239:95: note:   template argument deduction/substitution failed:
/home/ec2-user/arduino-testlib/cli-datadir/user/libraries/FastLED_NeoMatrix/examples/fontzoom/fontzoom.ino:201:60: error: template argument 1 is invalid
     FastLED.addLeds&lt;WS2811_PORTA,3&gt;(matrixleds, NUMMATRIX/3).setCorrection(TypicalLEDStrip);
                                                            ^
In file included from /home/ec2-user/arduino-testlib/cli-datadir/user/libraries/Framebuffer_GFX/Framebuffer_GFX.h:33:0,
                 from /home/ec2-user/arduino-testlib/cli-datadir/user/libraries/FastLED_NeoMatrix/FastLED_NeoMatrix.h:23,
                 from /home/ec2-user/arduino-testlib/cli-datadir/user/libraries/FastLED_NeoMatrix/examples/fontzoom/fontzoom.ino:6:
/home/ec2-user/arduino-testlib/cli-datadir/user/libraries/FastLED/src/FastLED.h:253:113: note: candidate: template&lt;ESPIChipsets CHIPSET, unsigned char DATA_PIN, unsigned char CLOCK_PIN, EOrder RGB_ORDER&gt; static CLEDController&amp; CFastLED::addLeds(CRGB*, int, int)
  template&lt;ESPIChipsets CHIPSET,  uint8_t DATA_PIN, uint8_t CLOCK_PIN, EOrder RGB_ORDER &gt; static CLEDController &amp;addLeds(struct CRGB *data, int nLedsOrOffset, int nLedsIfOffset = 0) {
                                                                                                                 ^~~~~~~
/home/ec2-user/arduino-testlib/cli-datadir/user/libraries/FastLED/src/FastLED.h:253:113: note:   template argument deduction/substitution failed:
/home/ec2-user/arduino-testlib/cli-datadir/user/libraries/FastLED_NeoMatrix/examples/fontzoom/fontzoom.ino:201:60: error: template argument 1 is invalid
     FastLED.addLeds&lt;WS2811_PORTA,3&gt;(matrixleds, NUMMATRIX/3).setCorrection(TypicalLEDStrip);
                                                            ^
In file included from /home/ec2-user/arduino-testlib/cli-datadir/user/libraries/Framebuffer_GFX/Framebuffer_GFX.h:33:0,
                 from /home/ec2-user/arduino-testlib/cli-datadir/user/libraries/FastLED_NeoMatrix/FastLED_NeoMatrix.h:23,
                 from /home/ec2-user/arduino-testlib/cli-datadir/user/libraries/FastLED_NeoMatrix/examples/fontzoom/fontzoom.ino:6:
/home/ec2-user/arduino-testlib/cli-datadir/user/libraries/FastLED/src/FastLED.h:268:56: note: candidate: template&lt;ESPIChipsets CHIPSET&gt; static CLEDController&amp; CFastLED::addLeds(CRGB*, int, int)
  template&lt;ESPIChipsets CHIPSET&gt; static CLEDController &amp;addLeds(struct CRGB *data, int nLedsOrOffset, int nLedsIfOffset = 0) {
                                                        ^~~~~~~
/home/ec2-user/arduino-testlib/cli-datadir/user/libraries/FastLED/src/FastLED.h:268:56: note:   template argument deduction/substitution failed:
/home/ec2-user/arduino-testlib/cli-datadir/user/libraries/FastLED_NeoMatrix/examples/fontzoom/fontzoom.ino:201:60: error: wrong number of template arguments (2, should be 1)
     FastLED.addLeds&lt;WS2811_PORTA,3&gt;(matrixleds, NUMMATRIX/3).setCorrection(TypicalLEDStrip);
                                                            ^
In file included from /home/ec2-user/arduino-testlib/cli-datadir/user/libraries/Framebuffer_GFX/Framebuffer_GFX.h:33:0,
                 from /home/ec2-user/arduino-testlib/cli-datadir/user/libraries/FastLED_NeoMatrix/FastLED_NeoMatrix.h:23,
                 from /home/ec2-user/arduino-testlib/cli-datadir/user/libraries/FastLED_NeoMatrix/examples/fontzoom/fontzoom.ino:6:
/home/ec2-user/arduino-testlib/cli-datadir/user/libraries/FastLED/src/FastLED.h:272:74: note: candidate: template&lt;ESPIChipsets CHIPSET, EOrder RGB_ORDER&gt; static CLEDController&amp; CFastLED::addLeds(CRGB*, int, int)
  template&lt;ESPIChipsets CHIPSET, EOrder RGB_ORDER&gt; static CLEDController &amp;addLeds(struct CRGB *data, int nLedsOrOffset, int nLedsIfOffset = 0) {
                                                                          ^~~~~~~
/home/ec2-user/arduino-testlib/cli-datadir/user/libraries/FastLED/src/FastLED.h:272:74: note:   template argument deduction/substitution failed:
/home/ec2-user/arduino-testlib/cli-datadir/user/libraries/FastLED_NeoMatrix/examples/fontzoom/fontzoom.ino:201:60: error: template argument 1 is invalid
     FastLED.addLeds&lt;WS2811_PORTA,3&gt;(matrixleds, NUMMATRIX/3).setCorrection(TypicalLEDStrip);
                                                            ^
In file included from /home/ec2-user/arduino-testlib/cli-datadir/user/libraries/Framebuffer_GFX/Framebuffer_GFX.h:33:0,
                 from /home/ec2-user/arduino-testlib/cli-datadir/user/libraries/FastLED_NeoMatrix/FastLED_NeoMatrix.h:23,
                 from /home/ec2-user/arduino-testlib/cli-datadir/user/libraries/FastLED_NeoMatrix/examples/fontzoom/fontzoom.ino:6:
/home/ec2-user/arduino-testlib/cli-datadir/user/libraries/FastLED/src/FastLED.h:276:98: note: candidate: template&lt;ESPIChipsets CHIPSET, EOrder RGB_ORDER, long unsigned int SPI_DATA_RATE&gt; static CLEDController&amp; CFastLED::addLeds(CRGB*, int, int)
  template&lt;ESPIChipsets CHIPSET, EOrder RGB_ORDER, uint32_t SPI_DATA_RATE&gt; static CLEDController &amp;addLeds(struct CRGB *data, int nLedsOrOffset, int nLedsIfOffset = 0) {
                                                                                                  ^~~~~~~
/home/ec2-user/arduino-testlib/cli-datadir/user/libraries/FastLED/src/FastLED.h:276:98: note:   template argument deduction/substitution failed:
/home/ec2-user/arduino-testlib/cli-datadir/user/libraries/FastLED_NeoMatrix/examples/fontzoom/fontzoom.ino:201:60: error: template argument 1 is invalid
     FastLED.addLeds&lt;WS2811_PORTA,3&gt;(matrixleds, NUMMATRIX/3).setCorrection(TypicalLEDStrip);
                                                            ^
In file included from /home/ec2-user/arduino-testlib/cli-datadir/user/libraries/Framebuffer_GFX/Framebuffer_GFX.h:33:0,
                 from /home/ec2-user/arduino-testlib/cli-datadir/user/libraries/FastLED_NeoMatrix/FastLED_NeoMatrix.h:23,
                 from /home/ec2-user/arduino-testlib/cli-datadir/user/libraries/FastLED_NeoMatrix/examples/fontzoom/fontzoom.ino:6:
/home/ec2-user/arduino-testlib/cli-datadir/user/libraries/FastLED/src/FastLED.h:303:25: note: candidate: template&lt;template&lt;unsigned char DATA_PIN, EOrder RGB_ORDER&gt; class CHIPSET, unsigned char DATA_PIN, EOrder RGB_ORDER&gt; static CLEDController&amp; CFastLED::addLeds(CRGB*, int, int)
  static CLEDController &amp;addLeds(struct CRGB *data, int nLedsOrOffset, int nLedsIfOffset = 0) {
                         ^~~~~~~
/home/ec2-user/arduino-testlib/cli-datadir/user/librarie</pre>
					
					<h4>examples/matrixtest</h4>
					<p>
						Result: <b>PASS</b>
					</p>
					<pre class="pre-scrollable">Sketch uses 15886 bytes (32%) of program storage space. Maximum is 49152 bytes.
Global variables use 1324 bytes (21%) of dynamic memory, leaving 4820 bytes for local variables. Maximum is 6144 bytes.
</pre>
					
					<h4>examples/tiletest</h4>
					<p>
						Result: <b>FAIL</b>
					</p>
					<pre class="pre-scrollable">/home/ec2-user/arduino-testlib/cli-datadir/user/libraries/FastLED_NeoMatrix/examples/tiletest/tiletest.pde: In function &#39;void setup()&#39;:
/home/ec2-user/arduino-testlib/cli-datadir/user/libraries/FastLED_NeoMatrix/examples/tiletest/tiletest.pde:69:19: error: &#39;WS2811_PORTA&#39; was not declared in this scope
   FastLED.addLeds&lt;WS2811_PORTA,3&gt;(matrixleds, NUMMATRIX/3).setCorrection(TypicalLEDStrip);
                   ^~~~~~~~~~~~
/home/ec2-user/arduino-testlib/cli-datadir/user/libraries/FastLED_NeoMatrix/examples/tiletest/tiletest.pde:69:19: note: suggested alternative: &#39;WS2811_400&#39;
   FastLED.addLeds&lt;WS2811_PORTA,3&gt;(matrixleds, NUMMATRIX/3).setCorrection(TypicalLEDStrip);
                   ^~~~~~~~~~~~
                   WS2811_400
/home/ec2-user/arduino-testlib/cli-datadir/user/libraries/FastLED_NeoMatrix/examples/tiletest/tiletest.pde:69:58: error: no matching function for call to &#39;CFastLED::addLeds&lt;&lt;expression error&gt;, 3&gt;(CRGB [768], int)&#39;
   FastLED.addLeds&lt;WS2811_PORTA,3&gt;(matrixleds, NUMMATRIX/3).setCorrection(TypicalLEDStrip);
                                                          ^
In file included from /home/ec2-user/arduino-testlib/cli-datadir/user/libraries/FastLED_NeoMatrix/examples/tiletest/tiletest.pde:6:0:
/home/ec2-user/arduino-testlib/cli-datadir/user/libraries/FastLED/src/FastLED.h:225:130: note: candidate: template&lt;ESPIChipsets CHIPSET, unsigned char DATA_PIN, unsigned char CLOCK_PIN, EOrder RGB_ORDER, long unsigned int SPI_DATA_RATE&gt; CLEDController&amp; CFastLED::addLeds(CRGB*, int, int)
  template&lt;ESPIChipsets CHIPSET,  uint8_t DATA_PIN, uint8_t CLOCK_PIN, EOrder RGB_ORDER, uint32_t SPI_DATA_RATE &gt; CLEDController &amp;addLeds(struct CRGB *data, int nLedsOrOffset, int nLedsIfOffset = 0) {
                                                                                                                                  ^~~~~~~
/home/ec2-user/arduino-testlib/cli-datadir/user/libraries/FastLED/src/FastLED.h:225:130: note:   template argument deduction/substitution failed:
/home/ec2-user/arduino-testlib/cli-datadir/user/libraries/FastLED_NeoMatrix/examples/tiletest/tiletest.pde:69:58: error: template argument 1 is invalid
   FastLED.addLeds&lt;WS2811_PORTA,3&gt;(matrixleds, NUMMATRIX/3).setCorrection(TypicalLEDStrip);
                                                          ^
In file included from /home/ec2-user/arduino-testlib/cli-datadir/user/libraries/FastLED_NeoMatrix/examples/tiletest/tiletest.pde:6:0:
/home/ec2-user/arduino-testlib/cli-datadir/user/libraries/FastLED/src/FastLED.h:239:95: note: candidate: template&lt;ESPIChipsets CHIPSET, unsigned char DATA_PIN, unsigned char CLOCK_PIN&gt; static CLEDController&amp; CFastLED::addLeds(CRGB*, int, int)
  template&lt;ESPIChipsets CHIPSET,  uint8_t DATA_PIN, uint8_t CLOCK_PIN &gt; static CLEDController &amp;addLeds(struct CRGB *data, int nLedsOrOffset, int nLedsIfOffset = 0) {
                                                                                               ^~~~~~~
/home/ec2-user/arduino-testlib/cli-datadir/user/libraries/FastLED/src/FastLED.h:239:95: note:   template argument deduction/substitution failed:
/home/ec2-user/arduino-testlib/cli-datadir/user/libraries/FastLED_NeoMatrix/examples/tiletest/tiletest.pde:69:58: error: template argument 1 is invalid
   FastLED.addLeds&lt;WS2811_PORTA,3&gt;(matrixleds, NUMMATRIX/3).setCorrection(TypicalLEDStrip);
                                                          ^
In file included from /home/ec2-user/arduino-testlib/cli-datadir/user/libraries/FastLED_NeoMatrix/examples/tiletest/tiletest.pde:6:0:
/home/ec2-user/arduino-testlib/cli-datadir/user/libraries/FastLED/src/FastLED.h:253:113: note: candidate: template&lt;ESPIChipsets CHIPSET, unsigned char DATA_PIN, unsigned char CLOCK_PIN, EOrder RGB_ORDER&gt; static CLEDController&amp; CFastLED::addLeds(CRGB*, int, int)
  template&lt;ESPIChipsets CHIPSET,  uint8_t DATA_PIN, uint8_t CLOCK_PIN, EOrder RGB_ORDER &gt; static CLEDController &amp;addLeds(struct CRGB *data, int nLedsOrOffset, int nLedsIfOffset = 0) {
                                                                                                                 ^~~~~~~
/home/ec2-user/arduino-testlib/cli-datadir/user/libraries/FastLED/src/FastLED.h:253:113: note:   template argument deduction/substitution failed:
/home/ec2-user/arduino-testlib/cli-datadir/user/libraries/FastLED_NeoMatrix/examples/tiletest/tiletest.pde:69:58: error: template argument 1 is invalid
   FastLED.addLeds&lt;WS2811_PORTA,3&gt;(matrixleds, NUMMATRIX/3).setCorrection(TypicalLEDStrip);
                                                          ^
In file included from /home/ec2-user/arduino-testlib/cli-datadir/user/libraries/FastLED_NeoMatrix/examples/tiletest/tiletest.pde:6:0:
/home/ec2-user/arduino-testlib/cli-datadir/user/libraries/FastLED/src/FastLED.h:268:56: note: candidate: template&lt;ESPIChipsets CHIPSET&gt; static CLEDController&amp; CFastLED::addLeds(CRGB*, int, int)
  template&lt;ESPIChipsets CHIPSET&gt; static CLEDController &amp;addLeds(struct CRGB *data, int nLedsOrOffset, int nLedsIfOffset = 0) {
                                                        ^~~~~~~
/home/ec2-user/arduino-testlib/cli-datadir/user/libraries/FastLED/src/FastLED.h:268:56: note:   template argument deduction/substitution failed:
/home/ec2-user/arduino-testlib/cli-datadir/user/libraries/FastLED_NeoMatrix/examples/tiletest/tiletest.pde:69:58: error: wrong number of template arguments (2, should be 1)
   FastLED.addLeds&lt;WS2811_PORTA,3&gt;(matrixleds, NUMMATRIX/3).setCorrection(TypicalLEDStrip);
                                                          ^
In file included from /home/ec2-user/arduino-testlib/cli-datadir/user/libraries/FastLED_NeoMatrix/examples/tiletest/tiletest.pde:6:0:
/home/ec2-user/arduino-testlib/cli-datadir/user/libraries/FastLED/src/FastLED.h:272:74: note: candidate: template&lt;ESPIChipsets CHIPSET, EOrder RGB_ORDER&gt; static CLEDController&amp; CFastLED::addLeds(CRGB*, int, int)
  template&lt;ESPIChipsets CHIPSET, EOrder RGB_ORDER&gt; static CLEDController &amp;addLeds(struct CRGB *data, int nLedsOrOffset, int nLedsIfOffset = 0) {
                                                                          ^~~~~~~
/home/ec2-user/arduino-testlib/cli-datadir/user/libraries/FastLED/src/FastLED.h:272:74: note:   template argument deduction/substitution failed:
/home/ec2-user/arduino-testlib/cli-datadir/user/libraries/FastLED_NeoMatrix/examples/tiletest/tiletest.pde:69:58: error: template argument 1 is invalid
   FastLED.addLeds&lt;WS2811_PORTA,3&gt;(matrixleds, NUMMATRIX/3).setCorrection(TypicalLEDStrip);
                                                          ^
In file included from /home/ec2-user/arduino-testlib/cli-datadir/user/libraries/FastLED_NeoMatrix/examples/tiletest/tiletest.pde:6:0:
/home/ec2-user/arduino-testlib/cli-datadir/user/libraries/FastLED/src/FastLED.h:276:98: note: candidate: template&lt;ESPIChipsets CHIPSET, EOrder RGB_ORDER, long unsigned int SPI_DATA_RATE&gt; static CLEDController&amp; CFastLED::addLeds(CRGB*, int, int)
  template&lt;ESPIChipsets CHIPSET, EOrder RGB_ORDER, uint32_t SPI_DATA_RATE&gt; static CLEDController &amp;addLeds(struct CRGB *data, int nLedsOrOffset, int nLedsIfOffset = 0) {
                                                                                                  ^~~~~~~
/home/ec2-user/arduino-testlib/cli-datadir/user/libraries/FastLED/src/FastLED.h:276:98: note:   template argument deduction/substitution failed:
/home/ec2-user/arduino-testlib/cli-datadir/user/libraries/FastLED_NeoMatrix/examples/tiletest/tiletest.pde:69:58: error: template argument 1 is invalid
   FastLED.addLeds&lt;WS2811_PORTA,3&gt;(matrixleds, NUMMATRIX/3).setCorrection(TypicalLEDStrip);
                                                          ^
In file included from /home/ec2-user/arduino-testlib/cli-datadir/user/libraries/FastLED_NeoMatrix/examples/tiletest/tiletest.pde:6:0:
/home/ec2-user/arduino-testlib/cli-datadir/user/libraries/FastLED/src/FastLED.h:303:25: note: candidate: template&lt;template&lt;unsigned char DATA_PIN, EOrder RGB_ORDER&gt; class CHIPSET, unsigned char DATA_PIN, EOrder RGB_ORDER&gt; static CLEDController&amp; CFastLED::addLeds(CRGB*, int, int)
  static CLEDController &amp;addLeds(struct CRGB *data, int nLedsOrOffset, int nLedsIfOffset = 0) {
                         ^~~~~~~
/home/ec2-user/arduino-testlib/cli-datadir/user/libraries/FastLED/src/FastLED.h:303:25: note:   template argument deduction/substitution failed:
/home/ec2-user/arduino-testlib/cli-datadir/user/libraries/FastLED_NeoMatrix/examples/tiletest/tiletest.pde:69:58: error: template argument 1 is invalid
   FastLED.addLeds&lt;WS2811_PORTA,3&gt;(matrixleds, NUMMATRIX/3).setCorrection(TypicalLEDStrip);
                                                          ^
In file included from /home/ec2-user/arduino-testlib/cli-datadir/user/libraries/FastLED_NeoMatrix/examples/tiletest/tiletest.pde:6:0:
/home/ec2-user/arduino-testlib/cli-datadir/user/libraries/FastLED/src/FastLED.h:309:25: note: candidate: template&lt;template&lt;unsigned char DATA_PIN, EOrder RGB_ORDER&gt; class CHIPSET, unsigned char DATA_PIN&gt; static CLEDController&amp; CFastLED::addLeds(CRGB*, int, int)
  static CLEDController &amp;addLeds(struct CRGB *data, int nLedsOrOffset, int nLedsIfOffset = 0) {
                         ^~~~~~~
/home/ec2-user/arduino-testlib/cli-datadir/user/libraries/FastLED/src/FastLED.h:309:25: note:   template argument deduction/substitution failed:
/home/ec2-user/arduino-testlib/cli-datadir/user/libraries/FastLED_NeoMatrix/examples/tiletest/tiletest.pde:69:58: error: template argument 1 is invalid
   FastLED.addLeds&lt;WS2811_PORTA,3&gt;(matrixleds, NUMMATRIX/3).setCorrection(TypicalLEDStrip);
                                                          ^
In file included from /home/ec2-user/arduino-testlib/cli-datadir/user/libraries/FastLED_NeoMatrix/examples/tiletest/tiletest.pde:6:0:
/home/ec2-user/arduino-testlib/cli-datadir/user/libraries/FastLED/src/FastLED.h:315:25: note: candidate: template&lt;template&lt;unsigned char DATA_PIN&gt; class CHIPSET, unsigned char DATA_PIN&gt; static CLEDController&amp; CFastLED::addLeds</pre>
					
				
				<h3 id="arduino:samd:mkrwifi1010">arduino:samd:mkrwifi1010 @ 1.8.12</h3>
				<h4>Inclusion</h4>
				<p>
					Result: <b>PASS</b>
					
				</p>
				<pre class="pre-scrollable">Sketch uses 14800 bytes (5%) of program storage space. Maximum is 262144 bytes.
Global variables use 3672 bytes (11%) of dynamic memory, leaving 29096 bytes for local variables. Maximum is 32768 bytes.
</pre>

					
					<h4>examples/FastLED_NeoMatrix_SmartMatrix_LEDMatrix_GFX_Demos</h4>
					<p>
						Result: <b>FAIL</b>
					</p>
					<pre class="pre-scrollable"></pre>
					
					<h4>examples/MatrixGFXDemo</h4>
					<p>
						Result: <b>PASS</b>
					</p>
					<pre class="pre-scrollable">Sketch uses 31392 bytes (11%) of program storage space. Maximum is 262144 bytes.
Global variables use 6820 bytes (20%) of dynamic memory, leaving 25948 bytes for local variables. Maximum is 32768 bytes.
</pre>
					
					<h4>examples/MatrixGFXDemo64</h4>
					<p>
						Result: <b>FAIL</b>
					</p>
					<pre class="pre-scrollable">In file included from /home/ec2-user/arduino-testlib/cli-datadir/user/libraries/FastLED/src/FastLED.h:50:0,
                 from /home/ec2-user/arduino-testlib/cli-datadir/user/libraries/Framebuffer_GFX/Framebuffer_GFX.h:33,
                 from /home/ec2-user/arduino-testlib/cli-datadir/user/libraries/FastLED_NeoMatrix/FastLED_NeoMatrix.h:23,
                 from /home/ec2-user/arduino-testlib/cli-datadir/user/libraries/FastLED_NeoMatrix/examples/MatrixGFXDemo64/MatrixGFXDemo64.ino:10:
/home/ec2-user/arduino-testlib/cli-datadir/user/libraries/FastLED/src/fastpin.h: In instantiation of &#39;class FastPin&lt;23&gt;&#39;:
/home/ec2-user/arduino-testlib/cli-datadir/user/libraries/FastLED/src/fastpin.h:242:29:   required from &#39;class FastPinBB&lt;23&gt;&#39;
/home/ec2-user/arduino-testlib/cli-datadir/user/libraries/FastLED/src/platforms/arm/d21/clockless_arm_d21.h:10:54:   required from &#39;class ClocklessController&lt;23, 12, 30, 18, (EOrder)66, 0, false, 50&gt;&#39;
/home/ec2-user/arduino-testlib/cli-datadir/user/libraries/FastLED/src/chipsets.h:578:7:   required from &#39;class WS2812Controller800Khz&lt;23, (EOrder)66&gt;&#39;
/home/ec2-user/arduino-testlib/cli-datadir/user/libraries/FastLED/src/FastLED.h:107:52:   required from &#39;class WS2812B&lt;23, (EOrder)66&gt;&#39;
/home/ec2-user/arduino-testlib/cli-datadir/user/libraries/FastLED/src/FastLED.h:304:39:   required from &#39;static CLEDController&amp; CFastLED::addLeds(CRGB*, int, int) [with CHIPSET = WS2812B; unsigned char DATA_PIN = 23; EOrder RGB_ORDER = (EOrder)66]&#39;
/home/ec2-user/arduino-testlib/cli-datadir/user/libraries/FastLED_NeoMatrix/examples/MatrixGFXDemo64/MatrixGFXDemo64.ino:772:84:   required from here
/home/ec2-user/arduino-testlib/cli-datadir/user/libraries/FastLED/src/fastpin.h:210:2: error: static assertion failed: Invalid pin specified
  static_assert(validpin(), &#34;Invalid pin specified&#34;);
  ^~~~~~~~~~~~~
/home/ec2-user/arduino-testlib/cli-datadir/user/libraries/FastLED/src/fastpin.h: In instantiation of &#39;class FastPin&lt;22&gt;&#39;:
/home/ec2-user/arduino-testlib/cli-datadir/user/libraries/FastLED/src/fastpin.h:242:29:   required from &#39;class FastPinBB&lt;22&gt;&#39;
/home/ec2-user/arduino-testlib/cli-datadir/user/libraries/FastLED/src/platforms/arm/d21/clockless_arm_d21.h:10:54:   required from &#39;class ClocklessController&lt;22, 12, 30, 18, (EOrder)66, 0, false, 50&gt;&#39;
/home/ec2-user/arduino-testlib/cli-datadir/user/libraries/FastLED/src/chipsets.h:578:7:   required from &#39;class WS2812Controller800Khz&lt;22, (EOrder)66&gt;&#39;
/home/ec2-user/arduino-testlib/cli-datadir/user/libraries/FastLED/src/FastLED.h:107:52:   required from &#39;class WS2812B&lt;22, (EOrder)66&gt;&#39;
/home/ec2-user/arduino-testlib/cli-datadir/user/libraries/FastLED/src/FastLED.h:304:39:   required from &#39;static CLEDController&amp; CFastLED::addLeds(CRGB*, int, int) [with CHIPSET = WS2812B; unsigned char DATA_PIN = 22; EOrder RGB_ORDER = (EOrder)66]&#39;
/home/ec2-user/arduino-testlib/cli-datadir/user/libraries/FastLED_NeoMatrix/examples/MatrixGFXDemo64/MatrixGFXDemo64.ino:773:84:   required from here
/home/ec2-user/arduino-testlib/cli-datadir/user/libraries/FastLED/src/fastpin.h:210:2: error: static assertion failed: Invalid pin specified
/home/ec2-user/arduino-testlib/cli-datadir/user/libraries/FastLED/src/fastpin.h: In instantiation of &#39;class FastPin&lt;27&gt;&#39;:
/home/ec2-user/arduino-testlib/cli-datadir/user/libraries/FastLED/src/fastpin.h:242:29:   required from &#39;class FastPinBB&lt;27&gt;&#39;
/home/ec2-user/arduino-testlib/cli-datadir/user/libraries/FastLED/src/platforms/arm/d21/clockless_arm_d21.h:10:54:   required from &#39;class ClocklessController&lt;27, 12, 30, 18, (EOrder)66, 0, false, 50&gt;&#39;
/home/ec2-user/arduino-testlib/cli-datadir/user/libraries/FastLED/src/chipsets.h:578:7:   required from &#39;class WS2812Controller800Khz&lt;27, (EOrder)66&gt;&#39;
/home/ec2-user/arduino-testlib/cli-datadir/user/libraries/FastLED/src/FastLED.h:107:52:   required from &#39;class WS2812B&lt;27, (EOrder)66&gt;&#39;
/home/ec2-user/arduino-testlib/cli-datadir/user/libraries/FastLED/src/FastLED.h:304:39:   required from &#39;static CLEDController&amp; CFastLED::addLeds(CRGB*, int, int) [with CHIPSET = WS2812B; unsigned char DATA_PIN = 27; EOrder RGB_ORDER = (EOrder)66]&#39;
/home/ec2-user/arduino-testlib/cli-datadir/user/libraries/FastLED_NeoMatrix/examples/MatrixGFXDemo64/MatrixGFXDemo64.ino:774:84:   required from here
/home/ec2-user/arduino-testlib/cli-datadir/user/libraries/FastLED/src/fastpin.h:210:2: error: static assertion failed: Invalid pin specified
/home/ec2-user/arduino-testlib/cli-datadir/user/libraries/FastLED/src/fastpin.h: In instantiation of &#39;class FastPin&lt;25&gt;&#39;:
/home/ec2-user/arduino-testlib/cli-datadir/user/libraries/FastLED/src/fastpin.h:242:29:   required from &#39;class FastPinBB&lt;25&gt;&#39;
/home/ec2-user/arduino-testlib/cli-datadir/user/libraries/FastLED/src/platforms/arm/d21/clockless_arm_d21.h:10:54:   required from &#39;class ClocklessController&lt;25, 12, 30, 18, (EOrder)66, 0, false, 50&gt;&#39;
/home/ec2-user/arduino-testlib/cli-datadir/user/libraries/FastLED/src/chipsets.h:578:7:   required from &#39;class WS2812Controller800Khz&lt;25, (EOrder)66&gt;&#39;
/home/ec2-user/arduino-testlib/cli-datadir/user/libraries/FastLED/src/FastLED.h:107:52:   required from &#39;class WS2812B&lt;25, (EOrder)66&gt;&#39;
/home/ec2-user/arduino-testlib/cli-datadir/user/libraries/FastLED/src/FastLED.h:304:39:   required from &#39;static CLEDController&amp; CFastLED::addLeds(CRGB*, int, int) [with CHIPSET = WS2812B; unsigned char DATA_PIN = 25; EOrder RGB_ORDER = (EOrder)66]&#39;
/home/ec2-user/arduino-testlib/cli-datadir/user/libraries/FastLED_NeoMatrix/examples/MatrixGFXDemo64/MatrixGFXDemo64.ino:784:84:   required from here
/home/ec2-user/arduino-testlib/cli-datadir/user/libraries/FastLED/src/fastpin.h:210:2: error: static assertion failed: Invalid pin specified
/home/ec2-user/arduino-testlib/cli-datadir/user/libraries/FastLED/src/fastpin.h: In instantiation of &#39;class FastPin&lt;26&gt;&#39;:
/home/ec2-user/arduino-testlib/cli-datadir/user/libraries/FastLED/src/fastpin.h:242:29:   required from &#39;class FastPinBB&lt;26&gt;&#39;
/home/ec2-user/arduino-testlib/cli-datadir/user/libraries/FastLED/src/platforms/arm/d21/clockless_arm_d21.h:10:54:   required from &#39;class ClocklessController&lt;26, 12, 30, 18, (EOrder)66, 0, false, 50&gt;&#39;
/home/ec2-user/arduino-testlib/cli-datadir/user/libraries/FastLED/src/chipsets.h:578:7:   required from &#39;class WS2812Controller800Khz&lt;26, (EOrder)66&gt;&#39;
/home/ec2-user/arduino-testlib/cli-datadir/user/libraries/FastLED/src/FastLED.h:107:52:   required from &#39;class WS2812B&lt;26, (EOrder)66&gt;&#39;
/home/ec2-user/arduino-testlib/cli-datadir/user/libraries/FastLED/src/FastLED.h:304:39:   required from &#39;static CLEDController&amp; CFastLED::addLeds(CRGB*, int, int) [with CHIPSET = WS2812B; unsigned char DATA_PIN = 26; EOrder RGB_ORDER = (EOrder)66]&#39;
/home/ec2-user/arduino-testlib/cli-datadir/user/libraries/FastLED_NeoMatrix/examples/MatrixGFXDemo64/MatrixGFXDemo64.ino:785:84:   required from here
/home/ec2-user/arduino-testlib/cli-datadir/user/libraries/FastLED/src/fastpin.h:210:2: error: static assertion failed: Invalid pin specified

</pre>
					
					<h4>examples/NeoMatrix_LEDMatrix</h4>
					<p>
						Result: <b>FAIL</b>
					</p>
					<pre class="pre-scrollable">/home/ec2-user/arduino-testlib/cli-datadir/user/libraries/FastLED_NeoMatrix/examples/NeoMatrix_LEDMatrix/NeoMatrix_LEDMatrix.ino:19:1: error: &#39;cLEDMatrix&#39; does not name a type; did you mean &#39;LEDMatrix&#39;?
 cLEDMatrix&lt;-MATRIX_TILE_WIDTH, -MATRIX_TILE_HEIGHT, HORIZONTAL_ZIGZAG_MATRIX,
 ^~~~~~~~~~
 LEDMatrix
/home/ec2-user/arduino-testlib/cli-datadir/user/libraries/FastLED_NeoMatrix/examples/NeoMatrix_LEDMatrix/NeoMatrix_LEDMatrix.ino:29:14: error: &#39;ledmatrix&#39; was not declared in this scope
 CRGB *leds = ledmatrix[0];
              ^~~~~~~~~
/home/ec2-user/arduino-testlib/cli-datadir/user/libraries/FastLED_NeoMatrix/examples/NeoMatrix_LEDMatrix/NeoMatrix_LEDMatrix.ino:29:14: note: suggested alternative: &#39;LEDMatrix&#39;
 CRGB *leds = ledmatrix[0];
              ^~~~~~~~~
              LEDMatrix
/home/ec2-user/arduino-testlib/cli-datadir/user/libraries/FastLED_NeoMatrix/examples/NeoMatrix_LEDMatrix/LEDMatrix_Flag.ino: In function &#39;void sprite_setup()&#39;:
/home/ec2-user/arduino-testlib/cli-datadir/user/libraries/FastLED_NeoMatrix/examples/NeoMatrix_LEDMatrix/LEDMatrix_Flag.ino:7:5: error: &#39;ledmatrix&#39; was not declared in this scope
     ledmatrix.DrawLine (0, 0, ledmatrix.Width() - 1, ledmatrix.Height() - 1, CRGB(0, 255, 0));
     ^~~~~~~~~
/home/ec2-user/arduino-testlib/cli-datadir/user/libraries/FastLED_NeoMatrix/examples/NeoMatrix_LEDMatrix/LEDMatrix_Flag.ino:7:5: note: suggested alternative: &#39;matrix&#39;
     ledmatrix.DrawLine (0, 0, ledmatrix.Width() - 1, ledmatrix.Height() - 1, CRGB(0, 255, 0));
     ^~~~~~~~~
     matrix
/home/ec2-user/arduino-testlib/cli-datadir/user/libraries/FastLED_NeoMatrix/examples/NeoMatrix_LEDMatrix/LEDMatrix_Flag.ino: In function &#39;void flag()&#39;:
/home/ec2-user/arduino-testlib/cli-datadir/user/libraries/FastLED_NeoMatrix/examples/NeoMatrix_LEDMatrix/LEDMatrix_Flag.ino:18:5: error: &#39;ledmatrix&#39; was not declared in this scope
     ledmatrix.DrawFilledRectangle(0, 0, ledmatrix.Width() - 1, ledmatrix.Height() - 1, CRGB(0, 0, 255));
     ^~~~~~~~~
/home/ec2-user/arduino-testlib/cli-datadir/user/libraries/FastLED_NeoMatrix/examples/NeoMatrix_LEDMatrix/LEDMatrix_Flag.ino:18:5: note: suggested alternative: &#39;matrix&#39;
     ledmatrix.DrawFilledRectangle(0, 0, ledmatrix.Width() - 1, ledmatrix.Height() - 1, CRGB(0, 0, 255));
     ^~~~~~~~~
     matrix
Multiple libraries were found for &#34;LEDMatrix.h&#34;
  Used: /home/ec2-user/arduino-testlib/cli-datadir/user/libraries/Shift_Register_LED_Matrix_Lib
  Not used: /home/ec2-user/arduino-testlib/cli-datadir/user/libraries/Grove_-_LED_Matrix_Driver
</pre>
					
					<h4>examples/espgifread</h4>
					<p>
						Result: <b>FAIL</b>
					</p>
					<pre class="pre-scrollable">/home/ec2-user/arduino-testlib/cli-datadir/user/libraries/FastLED_NeoMatrix/examples/espgifread/espgifread.ino:3:10: fatal error: FS.h: No such file or directory
 #include &lt;FS.h&gt;
          ^~~~~~
compilation terminated.

</pre>
					
					<h4>examples/fontzoom</h4>
					<p>
						Result: <b>FAIL</b>
					</p>
					<pre class="pre-scrollable">/home/ec2-user/arduino-testlib/cli-datadir/user/libraries/FastLED_NeoMatrix/examples/fontzoom/fontzoom.ino: In function &#39;void setup()&#39;:
/home/ec2-user/arduino-testlib/cli-datadir/user/libraries/FastLED_NeoMatrix/examples/fontzoom/fontzoom.ino:201:21: error: &#39;WS2811_PORTA&#39; was not declared in this scope
     FastLED.addLeds&lt;WS2811_PORTA,3&gt;(matrixleds, NUMMATRIX/3).setCorrection(TypicalLEDStrip);
                     ^~~~~~~~~~~~
/home/ec2-user/arduino-testlib/cli-datadir/user/libraries/FastLED_NeoMatrix/examples/fontzoom/fontzoom.ino:201:21: note: suggested alternative: &#39;WS2811_400&#39;
     FastLED.addLeds&lt;WS2811_PORTA,3&gt;(matrixleds, NUMMATRIX/3).setCorrection(TypicalLEDStrip);
                     ^~~~~~~~~~~~
                     WS2811_400
/home/ec2-user/arduino-testlib/cli-datadir/user/libraries/FastLED_NeoMatrix/examples/fontzoom/fontzoom.ino:201:60: error: no matching function for call to &#39;CFastLED::addLeds&lt;&lt;expression error&gt;, 3&gt;(CRGB [768], int)&#39;
     FastLED.addLeds&lt;WS2811_PORTA,3&gt;(matrixleds, NUMMATRIX/3).setCorrection(TypicalLEDStrip);
                                                            ^
In file included from /home/ec2-user/arduino-testlib/cli-datadir/user/libraries/Framebuffer_GFX/Framebuffer_GFX.h:33:0,
                 from /home/ec2-user/arduino-testlib/cli-datadir/user/libraries/FastLED_NeoMatrix/FastLED_NeoMatrix.h:23,
                 from /home/ec2-user/arduino-testlib/cli-datadir/user/libraries/FastLED_NeoMatrix/examples/fontzoom/fontzoom.ino:6:
/home/ec2-user/arduino-testlib/cli-datadir/user/libraries/FastLED/src/FastLED.h:225:130: note: candidate: template&lt;ESPIChipsets CHIPSET, unsigned char DATA_PIN, unsigned char CLOCK_PIN, EOrder RGB_ORDER, long unsigned int SPI_DATA_RATE&gt; CLEDController&amp; CFastLED::addLeds(CRGB*, int, int)
  template&lt;ESPIChipsets CHIPSET,  uint8_t DATA_PIN, uint8_t CLOCK_PIN, EOrder RGB_ORDER, uint32_t SPI_DATA_RATE &gt; CLEDController &amp;addLeds(struct CRGB *data, int nLedsOrOffset, int nLedsIfOffset = 0) {
                                                                                                                                  ^~~~~~~
/home/ec2-user/arduino-testlib/cli-datadir/user/libraries/FastLED/src/FastLED.h:225:130: note:   template argument deduction/substitution failed:
/home/ec2-user/arduino-testlib/cli-datadir/user/libraries/FastLED_NeoMatrix/examples/fontzoom/fontzoom.ino:201:60: error: template argument 1 is invalid
     FastLED.addLeds&lt;WS2811_PORTA,3&gt;(matrixleds, NUMMATRIX/3).setCorrection(TypicalLEDStrip);
                                                            ^
In file included from /home/ec2-user/arduino-testlib/cli-datadir/user/libraries/Framebuffer_GFX/Framebuffer_GFX.h:33:0,
                 from /home/ec2-user/arduino-testlib/cli-datadir/user/libraries/FastLED_NeoMatrix/FastLED_NeoMatrix.h:23,
                 from /home/ec2-user/arduino-testlib/cli-datadir/user/libraries/FastLED_NeoMatrix/examples/fontzoom/fontzoom.ino:6:
/home/ec2-user/arduino-testlib/cli-datadir/user/libraries/FastLED/src/FastLED.h:239:95: note: candidate: template&lt;ESPIChipsets CHIPSET, unsigned char DATA_PIN, unsigned char CLOCK_PIN&gt; static CLEDController&amp; CFastLED::addLeds(CRGB*, int, int)
  template&lt;ESPIChipsets CHIPSET,  uint8_t DATA_PIN, uint8_t CLOCK_PIN &gt; static CLEDController &amp;addLeds(struct CRGB *data, int nLedsOrOffset, int nLedsIfOffset = 0) {
                                                                                               ^~~~~~~
/home/ec2-user/arduino-testlib/cli-datadir/user/libraries/FastLED/src/FastLED.h:239:95: note:   template argument deduction/substitution failed:
/home/ec2-user/arduino-testlib/cli-datadir/user/libraries/FastLED_NeoMatrix/examples/fontzoom/fontzoom.ino:201:60: error: template argument 1 is invalid
     FastLED.addLeds&lt;WS2811_PORTA,3&gt;(matrixleds, NUMMATRIX/3).setCorrection(TypicalLEDStrip);
                                                            ^
In file included from /home/ec2-user/arduino-testlib/cli-datadir/user/libraries/Framebuffer_GFX/Framebuffer_GFX.h:33:0,
                 from /home/ec2-user/arduino-testlib/cli-datadir/user/libraries/FastLED_NeoMatrix/FastLED_NeoMatrix.h:23,
                 from /home/ec2-user/arduino-testlib/cli-datadir/user/libraries/FastLED_NeoMatrix/examples/fontzoom/fontzoom.ino:6:
/home/ec2-user/arduino-testlib/cli-datadir/user/libraries/FastLED/src/FastLED.h:253:113: note: candidate: template&lt;ESPIChipsets CHIPSET, unsigned char DATA_PIN, unsigned char CLOCK_PIN, EOrder RGB_ORDER&gt; static CLEDController&amp; CFastLED::addLeds(CRGB*, int, int)
  template&lt;ESPIChipsets CHIPSET,  uint8_t DATA_PIN, uint8_t CLOCK_PIN, EOrder RGB_ORDER &gt; static CLEDController &amp;addLeds(struct CRGB *data, int nLedsOrOffset, int nLedsIfOffset = 0) {
                                                                                                                 ^~~~~~~
/home/ec2-user/arduino-testlib/cli-datadir/user/libraries/FastLED/src/FastLED.h:253:113: note:   template argument deduction/substitution failed:
/home/ec2-user/arduino-testlib/cli-datadir/user/libraries/FastLED_NeoMatrix/examples/fontzoom/fontzoom.ino:201:60: error: template argument 1 is invalid
     FastLED.addLeds&lt;WS2811_PORTA,3&gt;(matrixleds, NUMMATRIX/3).setCorrection(TypicalLEDStrip);
                                                            ^
In file included from /home/ec2-user/arduino-testlib/cli-datadir/user/libraries/Framebuffer_GFX/Framebuffer_GFX.h:33:0,
                 from /home/ec2-user/arduino-testlib/cli-datadir/user/libraries/FastLED_NeoMatrix/FastLED_NeoMatrix.h:23,
                 from /home/ec2-user/arduino-testlib/cli-datadir/user/libraries/FastLED_NeoMatrix/examples/fontzoom/fontzoom.ino:6:
/home/ec2-user/arduino-testlib/cli-datadir/user/libraries/FastLED/src/FastLED.h:268:56: note: candidate: template&lt;ESPIChipsets CHIPSET&gt; static CLEDController&amp; CFastLED::addLeds(CRGB*, int, int)
  template&lt;ESPIChipsets CHIPSET&gt; static CLEDController &amp;addLeds(struct CRGB *data, int nLedsOrOffset, int nLedsIfOffset = 0) {
                                                        ^~~~~~~
/home/ec2-user/arduino-testlib/cli-datadir/user/libraries/FastLED/src/FastLED.h:268:56: note:   template argument deduction/substitution failed:
/home/ec2-user/arduino-testlib/cli-datadir/user/libraries/FastLED_NeoMatrix/examples/fontzoom/fontzoom.ino:201:60: error: wrong number of template arguments (2, should be 1)
     FastLED.addLeds&lt;WS2811_PORTA,3&gt;(matrixleds, NUMMATRIX/3).setCorrection(TypicalLEDStrip);
                                                            ^
In file included from /home/ec2-user/arduino-testlib/cli-datadir/user/libraries/Framebuffer_GFX/Framebuffer_GFX.h:33:0,
                 from /home/ec2-user/arduino-testlib/cli-datadir/user/libraries/FastLED_NeoMatrix/FastLED_NeoMatrix.h:23,
                 from /home/ec2-user/arduino-testlib/cli-datadir/user/libraries/FastLED_NeoMatrix/examples/fontzoom/fontzoom.ino:6:
/home/ec2-user/arduino-testlib/cli-datadir/user/libraries/FastLED/src/FastLED.h:272:74: note: candidate: template&lt;ESPIChipsets CHIPSET, EOrder RGB_ORDER&gt; static CLEDController&amp; CFastLED::addLeds(CRGB*, int, int)
  template&lt;ESPIChipsets CHIPSET, EOrder RGB_ORDER&gt; static CLEDController &amp;addLeds(struct CRGB *data, int nLedsOrOffset, int nLedsIfOffset = 0) {
                                                                          ^~~~~~~
/home/ec2-user/arduino-testlib/cli-datadir/user/libraries/FastLED/src/FastLED.h:272:74: note:   template argument deduction/substitution failed:
/home/ec2-user/arduino-testlib/cli-datadir/user/libraries/FastLED_NeoMatrix/examples/fontzoom/fontzoom.ino:201:60: error: template argument 1 is invalid
     FastLED.addLeds&lt;WS2811_PORTA,3&gt;(matrixleds, NUMMATRIX/3).setCorrection(TypicalLEDStrip);
                                                            ^
/home/ec2-user/arduino-testlib/cli-datadir/user/libraries/FastLED_NeoMatrix/examples/fontzoom/fontzoom.ino:201:60: error: invalid conversion from &#39;int&#39; to &#39;EOrder&#39; [-fpermissive]
In file included from /home/ec2-user/arduino-testlib/cli-datadir/user/libraries/Framebuffer_GFX/Framebuffer_GFX.h:33:0,
                 from /home/ec2-user/arduino-testlib/cli-datadir/user/libraries/FastLED_NeoMatrix/FastLED_NeoMatrix.h:23,
                 from /home/ec2-user/arduino-testlib/cli-datadir/user/libraries/FastLED_NeoMatrix/examples/fontzoom/fontzoom.ino:6:
/home/ec2-user/arduino-testlib/cli-datadir/user/libraries/FastLED/src/FastLED.h:276:98: note: candidate: template&lt;ESPIChipsets CHIPSET, EOrder RGB_ORDER, long unsigned int SPI_DATA_RATE&gt; static CLEDController&amp; CFastLED::addLeds(CRGB*, int, int)
  template&lt;ESPIChipsets CHIPSET, EOrder RGB_ORDER, uint32_t SPI_DATA_RATE&gt; static CLEDController &amp;addLeds(struct CRGB *data, int nLedsOrOffset, int nLedsIfOffset = 0) {
                                                                                                  ^~~~~~~
/home/ec2-user/arduino-testlib/cli-datadir/user/libraries/FastLED/src/FastLED.h:276:98: note:   template argument deduction/substitution failed:
/home/ec2-user/arduino-testlib/cli-datadir/user/libraries/FastLED_NeoMatrix/examples/fontzoom/fontzoom.ino:201:60: error: template argument 1 is invalid
     FastLED.addLeds&lt;WS2811_PORTA,3&gt;(matrixleds, NUMMATRIX/3).setCorrection(TypicalLEDStrip);
                                                            ^
/home/ec2-user/arduino-testlib/cli-datadir/user/libraries/FastLED_NeoMatrix/examples/fontzoom/fontzoom.ino:201:60: error: invalid conversion from &#39;int&#39; to &#39;EOrder&#39; [-fpermissive]
In file included from /home/ec2-user/arduino-testlib/cli-datadir/user/libraries/Framebuffer_GFX/Framebuffer_GFX.h:33:0,
                 from /home/ec2-user/arduino-testlib/cli-datadir/user/libraries/FastLED_NeoMatrix/FastLED_NeoMatrix.h:23,
                 from /home/ec2-user/arduino-testlib/cli-datadir/user/libraries/FastLED_NeoMatrix/examples/fontzoom/fontzoom.ino:6:
/home/ec2-user/arduino-testlib/cli-datadir/user/libraries/FastLED/src/FastLED.h:303:25: note: candidate: te</pre>
					
					<h4>examples/matrixtest</h4>
					<p>
						Result: <b>PASS</b>
					</p>
					<pre class="pre-scrollable">Sketch uses 22600 bytes (8%) of program storage space. Maximum is 262144 bytes.
Global variables use 4520 bytes (13%) of dynamic memory, leaving 28248 bytes for local variables. Maximum is 32768 bytes.
</pre>
					
					<h4>examples/tiletest</h4>
					<p>
						Result: <b>FAIL</b>
					</p>
					<pre class="pre-scrollable">/home/ec2-user/arduino-testlib/cli-datadir/user/libraries/FastLED_NeoMatrix/examples/tiletest/tiletest.pde: In function &#39;void setup()&#39;:
/home/ec2-user/arduino-testlib/cli-datadir/user/libraries/FastLED_NeoMatrix/examples/tiletest/tiletest.pde:69:19: error: &#39;WS2811_PORTA&#39; was not declared in this scope
   FastLED.addLeds&lt;WS2811_PORTA,3&gt;(matrixleds, NUMMATRIX/3).setCorrection(TypicalLEDStrip);
                   ^~~~~~~~~~~~
/home/ec2-user/arduino-testlib/cli-datadir/user/libraries/FastLED_NeoMatrix/examples/tiletest/tiletest.pde:69:19: note: suggested alternative: &#39;WS2811_400&#39;
   FastLED.addLeds&lt;WS2811_PORTA,3&gt;(matrixleds, NUMMATRIX/3).setCorrection(TypicalLEDStrip);
                   ^~~~~~~~~~~~
                   WS2811_400
/home/ec2-user/arduino-testlib/cli-datadir/user/libraries/FastLED_NeoMatrix/examples/tiletest/tiletest.pde:69:58: error: no matching function for call to &#39;CFastLED::addLeds&lt;&lt;expression error&gt;, 3&gt;(CRGB [768], int)&#39;
   FastLED.addLeds&lt;WS2811_PORTA,3&gt;(matrixleds, NUMMATRIX/3).setCorrection(TypicalLEDStrip);
                                                          ^
In file included from /home/ec2-user/arduino-testlib/cli-datadir/user/libraries/FastLED_NeoMatrix/examples/tiletest/tiletest.pde:6:0:
/home/ec2-user/arduino-testlib/cli-datadir/user/libraries/FastLED/src/FastLED.h:225:130: note: candidate: template&lt;ESPIChipsets CHIPSET, unsigned char DATA_PIN, unsigned char CLOCK_PIN, EOrder RGB_ORDER, long unsigned int SPI_DATA_RATE&gt; CLEDController&amp; CFastLED::addLeds(CRGB*, int, int)
  template&lt;ESPIChipsets CHIPSET,  uint8_t DATA_PIN, uint8_t CLOCK_PIN, EOrder RGB_ORDER, uint32_t SPI_DATA_RATE &gt; CLEDController &amp;addLeds(struct CRGB *data, int nLedsOrOffset, int nLedsIfOffset = 0) {
                                                                                                                                  ^~~~~~~
/home/ec2-user/arduino-testlib/cli-datadir/user/libraries/FastLED/src/FastLED.h:225:130: note:   template argument deduction/substitution failed:
/home/ec2-user/arduino-testlib/cli-datadir/user/libraries/FastLED_NeoMatrix/examples/tiletest/tiletest.pde:69:58: error: template argument 1 is invalid
   FastLED.addLeds&lt;WS2811_PORTA,3&gt;(matrixleds, NUMMATRIX/3).setCorrection(TypicalLEDStrip);
                                                          ^
In file included from /home/ec2-user/arduino-testlib/cli-datadir/user/libraries/FastLED_NeoMatrix/examples/tiletest/tiletest.pde:6:0:
/home/ec2-user/arduino-testlib/cli-datadir/user/libraries/FastLED/src/FastLED.h:239:95: note: candidate: template&lt;ESPIChipsets CHIPSET, unsigned char DATA_PIN, unsigned char CLOCK_PIN&gt; static CLEDController&amp; CFastLED::addLeds(CRGB*, int, int)
  template&lt;ESPIChipsets CHIPSET,  uint8_t DATA_PIN, uint8_t CLOCK_PIN &gt; static CLEDController &amp;addLeds(struct CRGB *data, int nLedsOrOffset, int nLedsIfOffset = 0) {
                                                                                               ^~~~~~~
/home/ec2-user/arduino-testlib/cli-datadir/user/libraries/FastLED/src/FastLED.h:239:95: note:   template argument deduction/substitution failed:
/home/ec2-user/arduino-testlib/cli-datadir/user/libraries/FastLED_NeoMatrix/examples/tiletest/tiletest.pde:69:58: error: template argument 1 is invalid
   FastLED.addLeds&lt;WS2811_PORTA,3&gt;(matrixleds, NUMMATRIX/3).setCorrection(TypicalLEDStrip);
                                                          ^
In file included from /home/ec2-user/arduino-testlib/cli-datadir/user/libraries/FastLED_NeoMatrix/examples/tiletest/tiletest.pde:6:0:
/home/ec2-user/arduino-testlib/cli-datadir/user/libraries/FastLED/src/FastLED.h:253:113: note: candidate: template&lt;ESPIChipsets CHIPSET, unsigned char DATA_PIN, unsigned char CLOCK_PIN, EOrder RGB_ORDER&gt; static CLEDController&amp; CFastLED::addLeds(CRGB*, int, int)
  template&lt;ESPIChipsets CHIPSET,  uint8_t DATA_PIN, uint8_t CLOCK_PIN, EOrder RGB_ORDER &gt; static CLEDController &amp;addLeds(struct CRGB *data, int nLedsOrOffset, int nLedsIfOffset = 0) {
                                                                                                                 ^~~~~~~
/home/ec2-user/arduino-testlib/cli-datadir/user/libraries/FastLED/src/FastLED.h:253:113: note:   template argument deduction/substitution failed:
/home/ec2-user/arduino-testlib/cli-datadir/user/libraries/FastLED_NeoMatrix/examples/tiletest/tiletest.pde:69:58: error: template argument 1 is invalid
   FastLED.addLeds&lt;WS2811_PORTA,3&gt;(matrixleds, NUMMATRIX/3).setCorrection(TypicalLEDStrip);
                                                          ^
In file included from /home/ec2-user/arduino-testlib/cli-datadir/user/libraries/FastLED_NeoMatrix/examples/tiletest/tiletest.pde:6:0:
/home/ec2-user/arduino-testlib/cli-datadir/user/libraries/FastLED/src/FastLED.h:268:56: note: candidate: template&lt;ESPIChipsets CHIPSET&gt; static CLEDController&amp; CFastLED::addLeds(CRGB*, int, int)
  template&lt;ESPIChipsets CHIPSET&gt; static CLEDController &amp;addLeds(struct CRGB *data, int nLedsOrOffset, int nLedsIfOffset = 0) {
                                                        ^~~~~~~
/home/ec2-user/arduino-testlib/cli-datadir/user/libraries/FastLED/src/FastLED.h:268:56: note:   template argument deduction/substitution failed:
/home/ec2-user/arduino-testlib/cli-datadir/user/libraries/FastLED_NeoMatrix/examples/tiletest/tiletest.pde:69:58: error: wrong number of template arguments (2, should be 1)
   FastLED.addLeds&lt;WS2811_PORTA,3&gt;(matrixleds, NUMMATRIX/3).setCorrection(TypicalLEDStrip);
                                                          ^
In file included from /home/ec2-user/arduino-testlib/cli-datadir/user/libraries/FastLED_NeoMatrix/examples/tiletest/tiletest.pde:6:0:
/home/ec2-user/arduino-testlib/cli-datadir/user/libraries/FastLED/src/FastLED.h:272:74: note: candidate: template&lt;ESPIChipsets CHIPSET, EOrder RGB_ORDER&gt; static CLEDController&amp; CFastLED::addLeds(CRGB*, int, int)
  template&lt;ESPIChipsets CHIPSET, EOrder RGB_ORDER&gt; static CLEDController &amp;addLeds(struct CRGB *data, int nLedsOrOffset, int nLedsIfOffset = 0) {
                                                                          ^~~~~~~
/home/ec2-user/arduino-testlib/cli-datadir/user/libraries/FastLED/src/FastLED.h:272:74: note:   template argument deduction/substitution failed:
/home/ec2-user/arduino-testlib/cli-datadir/user/libraries/FastLED_NeoMatrix/examples/tiletest/tiletest.pde:69:58: error: template argument 1 is invalid
   FastLED.addLeds&lt;WS2811_PORTA,3&gt;(matrixleds, NUMMATRIX/3).setCorrection(TypicalLEDStrip);
                                                          ^
/home/ec2-user/arduino-testlib/cli-datadir/user/libraries/FastLED_NeoMatrix/examples/tiletest/tiletest.pde:69:58: error: invalid conversion from &#39;int&#39; to &#39;EOrder&#39; [-fpermissive]
In file included from /home/ec2-user/arduino-testlib/cli-datadir/user/libraries/FastLED_NeoMatrix/examples/tiletest/tiletest.pde:6:0:
/home/ec2-user/arduino-testlib/cli-datadir/user/libraries/FastLED/src/FastLED.h:276:98: note: candidate: template&lt;ESPIChipsets CHIPSET, EOrder RGB_ORDER, long unsigned int SPI_DATA_RATE&gt; static CLEDController&amp; CFastLED::addLeds(CRGB*, int, int)
  template&lt;ESPIChipsets CHIPSET, EOrder RGB_ORDER, uint32_t SPI_DATA_RATE&gt; static CLEDController &amp;addLeds(struct CRGB *data, int nLedsOrOffset, int nLedsIfOffset = 0) {
                                                                                                  ^~~~~~~
/home/ec2-user/arduino-testlib/cli-datadir/user/libraries/FastLED/src/FastLED.h:276:98: note:   template argument deduction/substitution failed:
/home/ec2-user/arduino-testlib/cli-datadir/user/libraries/FastLED_NeoMatrix/examples/tiletest/tiletest.pde:69:58: error: template argument 1 is invalid
   FastLED.addLeds&lt;WS2811_PORTA,3&gt;(matrixleds, NUMMATRIX/3).setCorrection(TypicalLEDStrip);
                                                          ^
/home/ec2-user/arduino-testlib/cli-datadir/user/libraries/FastLED_NeoMatrix/examples/tiletest/tiletest.pde:69:58: error: invalid conversion from &#39;int&#39; to &#39;EOrder&#39; [-fpermissive]
In file included from /home/ec2-user/arduino-testlib/cli-datadir/user/libraries/FastLED_NeoMatrix/examples/tiletest/tiletest.pde:6:0:
/home/ec2-user/arduino-testlib/cli-datadir/user/libraries/FastLED/src/FastLED.h:303:25: note: candidate: template&lt;template&lt;unsigned char DATA_PIN, EOrder RGB_ORDER&gt; class CHIPSET, unsigned char DATA_PIN, EOrder RGB_ORDER&gt; static CLEDController&amp; CFastLED::addLeds(CRGB*, int, int)
  static CLEDController &amp;addLeds(struct CRGB *data, int nLedsOrOffset, int nLedsIfOffset = 0) {
                         ^~~~~~~
/home/ec2-user/arduino-testlib/cli-datadir/user/libraries/FastLED/src/FastLED.h:303:25: note:   template argument deduction/substitution failed:
/home/ec2-user/arduino-testlib/cli-datadir/user/libraries/FastLED_NeoMatrix/examples/tiletest/tiletest.pde:69:58: error: template argument 1 is invalid
   FastLED.addLeds&lt;WS2811_PORTA,3&gt;(matrixleds, NUMMATRIX/3).setCorrection(TypicalLEDStrip);
                                                          ^
In file included from /home/ec2-user/arduino-testlib/cli-datadir/user/libraries/FastLED_NeoMatrix/examples/tiletest/tiletest.pde:6:0:
/home/ec2-user/arduino-testlib/cli-datadir/user/libraries/FastLED/src/FastLED.h:309:25: note: candidate: template&lt;template&lt;unsigned char DATA_PIN, EOrder RGB_ORDER&gt; class CHIPSET, unsigned char DATA_PIN&gt; static CLEDController&amp; CFastLED::addLeds(CRGB*, int, int)
  static CLEDController &amp;addLeds(struct CRGB *data, int nLedsOrOffset, int nLedsIfOffset = 0) {
                         ^~~~~~~
/home/ec2-user/arduino-testlib/cli-datadir/user/libraries/FastLED/src/FastLED.h:309:25: note:   template argument deduction/substitution failed:
/home/ec2-user/arduino-testlib/cli-datadir/user/libraries/FastLED_NeoMatrix/examples/tiletest/tiletest.pde:69:58: error: template argument 1 is invalid
   FastLED.addLeds&lt;WS2811_PORTA,3&gt;(matrixleds, NUMMATRIX/3).setCorrection(TypicalLEDStrip);
                                                          ^
In f</pre>
					
				
				<h3 id="esp32:esp32:d1_mini32">esp32:esp32:d1_mini32 @ 1.0.6</h3>
				<h4>Inclusion</h4>
				<p>
					Result: <b>FAIL</b>
					
				</p>
				<pre class="pre-scrollable">
</pre>

					
					<h4>examples/FastLED_NeoMatrix_SmartMatrix_LEDMatrix_GFX_Demos</h4>
					<p>
						Result: <b>FAIL</b>
					</p>
					<pre class="pre-scrollable"></pre>
					
					<h4>examples/MatrixGFXDemo</h4>
					<p>
						Result: <b>PASS</b>
					</p>
					<pre class="pre-scrollable">Sketch uses 239498 bytes (18%) of program storage space. Maximum is 1310720 bytes.
Global variables use 17656 bytes (5%) of dynamic memory, leaving 310024 bytes for local variables. Maximum is 327680 bytes.
In file included from /home/ec2-user/arduino-testlib/cli-datadir/user/libraries/FastLED/src/FastLED.h:67:0,
                 from /home/ec2-user/arduino-testlib/cli-datadir/user/libraries/Framebuffer_GFX/Framebuffer_GFX.h:33,
                 from /home/ec2-user/arduino-testlib/cli-datadir/user/libraries/FastLED_NeoMatrix/FastLED_NeoMatrix.h:23,
                 from /home/ec2-user/arduino-testlib/cli-datadir/user/libraries/FastLED_NeoMatrix/examples/MatrixGFXDemo/MatrixGFXDemo.ino:6:
/home/ec2-user/arduino-testlib/cli-datadir/user/libraries/FastLED/src/fastspi.h:145:23: note: #pragma message: No hardware SPI pins defined.  All SPI access will default to bitbanged output
 #      pragma message &#34;No hardware SPI pins defined.  All SPI access will default to bitbanged output&#34;
                       ^
In file included from /home/ec2-user/arduino-testlib/cli-datadir/user/libraries/FastLED/src/FastLED.h:67:0,
                 from /home/ec2-user/arduino-testlib/cli-datadir/user/libraries/Framebuffer_GFX/Framebuffer_GFX.h:33,
                 from /home/ec2-user/arduino-testlib/cli-datadir/user/libraries/FastLED_NeoMatrix/FastLED_NeoMatrix.h:23,
                 from /home/ec2-user/arduino-testlib/cli-datadir/user/libraries/FastLED_NeoMatrix/FastLED_NeoMatrix.cpp:38:
/home/ec2-user/arduino-testlib/cli-datadir/user/libraries/FastLED/src/fastspi.h:145:23: note: #pragma message: No hardware SPI pins defined.  All SPI access will default to bitbanged output
 #      pragma message &#34;No hardware SPI pins defined.  All SPI access will default to bitbanged output&#34;
                       ^
In file included from /home/ec2-user/arduino-testlib/cli-datadir/user/libraries/FastLED/src/FastLED.h:67:0,
                 from /home/ec2-user/arduino-testlib/cli-datadir/user/libraries/Framebuffer_GFX/Framebuffer_GFX.h:33,
                 from /home/ec2-user/arduino-testlib/cli-datadir/user/libraries/Framebuffer_GFX/Framebuffer_GFX.cpp:38:
/home/ec2-user/arduino-testlib/cli-datadir/user/libraries/FastLED/src/fastspi.h:145:23: note: #pragma message: No hardware SPI pins defined.  All SPI access will default to bitbanged output
 #      pragma message &#34;No hardware SPI pins defined.  All SPI access will default to bitbanged output&#34;
                       ^
</pre>
					
					<h4>examples/MatrixGFXDemo64</h4>
					<p>
						Result: <b>PASS</b>
					</p>
					<pre class="pre-scrollable">Sketch uses 237938 bytes (18%) of program storage space. Maximum is 1310720 bytes.
Global variables use 28424 bytes (8%) of dynamic memory, leaving 299256 bytes for local variables. Maximum is 327680 bytes.
In file included from /home/ec2-user/arduino-testlib/cli-datadir/user/libraries/FastLED/src/FastLED.h:67:0,
                 from /home/ec2-user/arduino-testlib/cli-datadir/user/libraries/Framebuffer_GFX/Framebuffer_GFX.h:33,
                 from /home/ec2-user/arduino-testlib/cli-datadir/user/libraries/FastLED_NeoMatrix/FastLED_NeoMatrix.h:23,
                 from /home/ec2-user/arduino-testlib/cli-datadir/user/libraries/FastLED_NeoMatrix/examples/MatrixGFXDemo64/MatrixGFXDemo64.ino:10:
/home/ec2-user/arduino-testlib/cli-datadir/user/libraries/FastLED/src/fastspi.h:145:23: note: #pragma message: No hardware SPI pins defined.  All SPI access will default to bitbanged output
 #      pragma message &#34;No hardware SPI pins defined.  All SPI access will default to bitbanged output&#34;
                       ^
In file included from /home/ec2-user/arduino-testlib/cli-datadir/user/libraries/FastLED/src/FastLED.h:67:0,
                 from /home/ec2-user/arduino-testlib/cli-datadir/user/libraries/Framebuffer_GFX/Framebuffer_GFX.h:33,
                 from /home/ec2-user/arduino-testlib/cli-datadir/user/libraries/FastLED_NeoMatrix/FastLED_NeoMatrix.h:23,
                 from /home/ec2-user/arduino-testlib/cli-datadir/user/libraries/FastLED_NeoMatrix/FastLED_NeoMatrix.cpp:38:
/home/ec2-user/arduino-testlib/cli-datadir/user/libraries/FastLED/src/fastspi.h:145:23: note: #pragma message: No hardware SPI pins defined.  All SPI access will default to bitbanged output
 #      pragma message &#34;No hardware SPI pins defined.  All SPI access will default to bitbanged output&#34;
                       ^
In file included from /home/ec2-user/arduino-testlib/cli-datadir/user/libraries/FastLED/src/FastLED.h:67:0,
                 from /home/ec2-user/arduino-testlib/cli-datadir/user/libraries/Framebuffer_GFX/Framebuffer_GFX.h:33,
                 from /home/ec2-user/arduino-testlib/cli-datadir/user/libraries/Framebuffer_GFX/Framebuffer_GFX.cpp:38:
/home/ec2-user/arduino-testlib/cli-datadir/user/libraries/FastLED/src/fastspi.h:145:23: note: #pragma message: No hardware SPI pins defined.  All SPI access will default to bitbanged output
 #      pragma message &#34;No hardware SPI pins defined.  All SPI access will default to bitbanged output&#34;
                       ^
</pre>
					
					<h4>examples/NeoMatrix_LEDMatrix</h4>
					<p>
						Result: <b>FAIL</b>
					</p>
					<pre class="pre-scrollable">In file included from /home/ec2-user/arduino-testlib/cli-datadir/user/libraries/FastLED/src/FastLED.h:67:0,
                 from /home/ec2-user/arduino-testlib/cli-datadir/user/libraries/Framebuffer_GFX/Framebuffer_GFX.h:33,
                 from /home/ec2-user/arduino-testlib/cli-datadir/user/libraries/FastLED_NeoMatrix/FastLED_NeoMatrix.h:23,
                 from /home/ec2-user/arduino-testlib/cli-datadir/user/libraries/FastLED_NeoMatrix/examples/NeoMatrix_LEDMatrix/config.h:4,
                 from /home/ec2-user/arduino-testlib/cli-datadir/user/libraries/FastLED_NeoMatrix/examples/NeoMatrix_LEDMatrix/NeoMatrix_LEDMatrix.ino:9:
/home/ec2-user/arduino-testlib/cli-datadir/user/libraries/FastLED/src/fastspi.h:145:23: note: #pragma message: No hardware SPI pins defined.  All SPI access will default to bitbanged output
 #      pragma message &#34;No hardware SPI pins defined.  All SPI access will default to bitbanged output&#34;
                       ^
/home/ec2-user/arduino-testlib/cli-datadir/user/libraries/FastLED_NeoMatrix/examples/NeoMatrix_LEDMatrix/NeoMatrix_LEDMatrix.ino:19:1: error: &#39;cLEDMatrix&#39; does not name a type
 cLEDMatrix&lt;-MATRIX_TILE_WIDTH, -MATRIX_TILE_HEIGHT, HORIZONTAL_ZIGZAG_MATRIX,
 ^
/home/ec2-user/arduino-testlib/cli-datadir/user/libraries/FastLED_NeoMatrix/examples/NeoMatrix_LEDMatrix/NeoMatrix_LEDMatrix.ino:29:14: error: &#39;ledmatrix&#39; was not declared in this scope
 CRGB *leds = ledmatrix[0];
              ^
/home/ec2-user/arduino-testlib/cli-datadir/user/libraries/FastLED_NeoMatrix/examples/NeoMatrix_LEDMatrix/LEDMatrix_Flag.ino: In function &#39;void sprite_setup()&#39;:
/home/ec2-user/arduino-testlib/cli-datadir/user/libraries/FastLED_NeoMatrix/examples/NeoMatrix_LEDMatrix/LEDMatrix_Flag.ino:7:5: error: &#39;ledmatrix&#39; was not declared in this scope
     ledmatrix.DrawLine (0, 0, ledmatrix.Width() - 1, ledmatrix.Height() - 1, CRGB(0, 255, 0));
     ^
/home/ec2-user/arduino-testlib/cli-datadir/user/libraries/FastLED_NeoMatrix/examples/NeoMatrix_LEDMatrix/LEDMatrix_Flag.ino: In function &#39;void flag()&#39;:
/home/ec2-user/arduino-testlib/cli-datadir/user/libraries/FastLED_NeoMatrix/examples/NeoMatrix_LEDMatrix/LEDMatrix_Flag.ino:18:5: error: &#39;ledmatrix&#39; was not declared in this scope
     ledmatrix.DrawFilledRectangle(0, 0, ledmatrix.Width() - 1, ledmatrix.Height() - 1, CRGB(0, 0, 255));
     ^
Multiple libraries were found for &#34;LEDMatrix.h&#34;
  Used: /home/ec2-user/arduino-testlib/cli-datadir/user/libraries/Grove_-_LED_Matrix_Driver
  Not used: /home/ec2-user/arduino-testlib/cli-datadir/user/libraries/Shift_Register_LED_Matrix_Lib
Multiple libraries were found for &#34;SoftwareSerial.h&#34;
  Used: /home/ec2-user/arduino-testlib/cli-datadir/user/libraries/EspSoftwareSerial
  Not used: /home/ec2-user/arduino-testlib/cli-datadir/user/libraries/Printoo_Library
  Not used: /home/ec2-user/arduino-testlib/cli-datadir/user/libraries/Dabble
</pre>
					
					<h4>examples/espgifread</h4>
					<p>
						Result: <b>FAIL</b>
					</p>
					<pre class="pre-scrollable">/home/ec2-user/arduino-testlib/cli-datadir/user/libraries/FastLED_NeoMatrix/examples/espgifread/espgifread.ino:12:28: fatal error: user_interface.h: No such file or directory
compilation terminated.

</pre>
					
					<h4>examples/fontzoom</h4>
					<p>
						Result: <b>FAIL</b>
					</p>
					<pre class="pre-scrollable">In file included from /home/ec2-user/arduino-testlib/cli-datadir/user/libraries/FastLED/src/FastLED.h:67:0,
                 from /home/ec2-user/arduino-testlib/cli-datadir/user/libraries/Framebuffer_GFX/Framebuffer_GFX.h:33,
                 from /home/ec2-user/arduino-testlib/cli-datadir/user/libraries/FastLED_NeoMatrix/FastLED_NeoMatrix.h:23,
                 from /home/ec2-user/arduino-testlib/cli-datadir/user/libraries/FastLED_NeoMatrix/examples/fontzoom/fontzoom.ino:6:
/home/ec2-user/arduino-testlib/cli-datadir/user/libraries/FastLED/src/fastspi.h:145:23: note: #pragma message: No hardware SPI pins defined.  All SPI access will default to bitbanged output
 #      pragma message &#34;No hardware SPI pins defined.  All SPI access will default to bitbanged output&#34;
                       ^
/home/ec2-user/arduino-testlib/cli-datadir/user/libraries/FastLED_NeoMatrix/examples/fontzoom/fontzoom.ino: In function &#39;void setup()&#39;:
/home/ec2-user/arduino-testlib/cli-datadir/user/libraries/FastLED_NeoMatrix/examples/fontzoom/fontzoom.ino:201:21: error: &#39;WS2811_PORTA&#39; was not declared in this scope
     FastLED.addLeds&lt;WS2811_PORTA,3&gt;(matrixleds, NUMMATRIX/3).setCorrection(TypicalLEDStrip);
                     ^
/home/ec2-user/arduino-testlib/cli-datadir/user/libraries/FastLED_NeoMatrix/examples/fontzoom/fontzoom.ino:201:60: error: no matching function for call to &#39;CFastLED::addLeds(CRGB [768], int)&#39;
     FastLED.addLeds&lt;WS2811_PORTA,3&gt;(matrixleds, NUMMATRIX/3).setCorrection(TypicalLEDStrip);
                                                            ^
In file included from /home/ec2-user/arduino-testlib/cli-datadir/user/libraries/Framebuffer_GFX/Framebuffer_GFX.h:33:0,
                 from /home/ec2-user/arduino-testlib/cli-datadir/user/libraries/FastLED_NeoMatrix/FastLED_NeoMatrix.h:23,
                 from /home/ec2-user/arduino-testlib/cli-datadir/user/libraries/FastLED_NeoMatrix/examples/fontzoom/fontzoom.ino:6:
/home/ec2-user/arduino-testlib/cli-datadir/user/libraries/FastLED/src/FastLED.h:225:130: note: candidate: template&lt;ESPIChipsets CHIPSET, unsigned char DATA_PIN, unsigned char CLOCK_PIN, EOrder RGB_ORDER, unsigned int SPI_DATA_RATE&gt; CLEDController&amp; CFastLED::addLeds(CRGB*, int, int)
  template&lt;ESPIChipsets CHIPSET,  uint8_t DATA_PIN, uint8_t CLOCK_PIN, EOrder RGB_ORDER, uint32_t SPI_DATA_RATE &gt; CLEDController &amp;addLeds(struct CRGB *data, int nLedsOrOffset, int nLedsIfOffset = 0) {
                                                                                                                                  ^
/home/ec2-user/arduino-testlib/cli-datadir/user/libraries/FastLED/src/FastLED.h:225:130: note:   template argument deduction/substitution failed:
/home/ec2-user/arduino-testlib/cli-datadir/user/libraries/FastLED_NeoMatrix/examples/fontzoom/fontzoom.ino:201:60: error: template argument 1 is invalid
     FastLED.addLeds&lt;WS2811_PORTA,3&gt;(matrixleds, NUMMATRIX/3).setCorrection(TypicalLEDStrip);
                                                            ^
In file included from /home/ec2-user/arduino-testlib/cli-datadir/user/libraries/Framebuffer_GFX/Framebuffer_GFX.h:33:0,
                 from /home/ec2-user/arduino-testlib/cli-datadir/user/libraries/FastLED_NeoMatrix/FastLED_NeoMatrix.h:23,
                 from /home/ec2-user/arduino-testlib/cli-datadir/user/libraries/FastLED_NeoMatrix/examples/fontzoom/fontzoom.ino:6:
/home/ec2-user/arduino-testlib/cli-datadir/user/libraries/FastLED/src/FastLED.h:239:95: note: candidate: template&lt;ESPIChipsets CHIPSET, unsigned char DATA_PIN, unsigned char CLOCK_PIN&gt; static CLEDController&amp; CFastLED::addLeds(CRGB*, int, int)
  template&lt;ESPIChipsets CHIPSET,  uint8_t DATA_PIN, uint8_t CLOCK_PIN &gt; static CLEDController &amp;addLeds(struct CRGB *data, int nLedsOrOffset, int nLedsIfOffset = 0) {
                                                                                               ^
/home/ec2-user/arduino-testlib/cli-datadir/user/libraries/FastLED/src/FastLED.h:239:95: note:   template argument deduction/substitution failed:
/home/ec2-user/arduino-testlib/cli-datadir/user/libraries/FastLED_NeoMatrix/examples/fontzoom/fontzoom.ino:201:60: error: template argument 1 is invalid
     FastLED.addLeds&lt;WS2811_PORTA,3&gt;(matrixleds, NUMMATRIX/3).setCorrection(TypicalLEDStrip);
                                                            ^
In file included from /home/ec2-user/arduino-testlib/cli-datadir/user/libraries/Framebuffer_GFX/Framebuffer_GFX.h:33:0,
                 from /home/ec2-user/arduino-testlib/cli-datadir/user/libraries/FastLED_NeoMatrix/FastLED_NeoMatrix.h:23,
                 from /home/ec2-user/arduino-testlib/cli-datadir/user/libraries/FastLED_NeoMatrix/examples/fontzoom/fontzoom.ino:6:
/home/ec2-user/arduino-testlib/cli-datadir/user/libraries/FastLED/src/FastLED.h:253:113: note: candidate: template&lt;ESPIChipsets CHIPSET, unsigned char DATA_PIN, unsigned char CLOCK_PIN, EOrder RGB_ORDER&gt; static CLEDController&amp; CFastLED::addLeds(CRGB*, int, int)
  template&lt;ESPIChipsets CHIPSET,  uint8_t DATA_PIN, uint8_t CLOCK_PIN, EOrder RGB_ORDER &gt; static CLEDController &amp;addLeds(struct CRGB *data, int nLedsOrOffset, int nLedsIfOffset = 0) {
                                                                                                                 ^
/home/ec2-user/arduino-testlib/cli-datadir/user/libraries/FastLED/src/FastLED.h:253:113: note:   template argument deduction/substitution failed:
/home/ec2-user/arduino-testlib/cli-datadir/user/libraries/FastLED_NeoMatrix/examples/fontzoom/fontzoom.ino:201:60: error: template argument 1 is invalid
     FastLED.addLeds&lt;WS2811_PORTA,3&gt;(matrixleds, NUMMATRIX/3).setCorrection(TypicalLEDStrip);
                                                            ^
In file included from /home/ec2-user/arduino-testlib/cli-datadir/user/libraries/Framebuffer_GFX/Framebuffer_GFX.h:33:0,
                 from /home/ec2-user/arduino-testlib/cli-datadir/user/libraries/FastLED_NeoMatrix/FastLED_NeoMatrix.h:23,
                 from /home/ec2-user/arduino-testlib/cli-datadir/user/libraries/FastLED_NeoMatrix/examples/fontzoom/fontzoom.ino:6:
/home/ec2-user/arduino-testlib/cli-datadir/user/libraries/FastLED/src/FastLED.h:303:25: note: candidate: template&lt;template&lt;unsigned char DATA_PIN, EOrder RGB_ORDER&gt; class CHIPSET, unsigned char DATA_PIN, EOrder RGB_ORDER&gt; static CLEDController&amp; CFastLED::addLeds(CRGB*, int, int)
  static CLEDController &amp;addLeds(struct CRGB *data, int nLedsOrOffset, int nLedsIfOffset = 0) {
                         ^
/home/ec2-user/arduino-testlib/cli-datadir/user/libraries/FastLED/src/FastLED.h:303:25: note:   template argument deduction/substitution failed:
/home/ec2-user/arduino-testlib/cli-datadir/user/libraries/FastLED_NeoMatrix/examples/fontzoom/fontzoom.ino:201:60: error: template argument 1 is invalid
     FastLED.addLeds&lt;WS2811_PORTA,3&gt;(matrixleds, NUMMATRIX/3).setCorrection(TypicalLEDStrip);
                                                            ^
In file included from /home/ec2-user/arduino-testlib/cli-datadir/user/libraries/Framebuffer_GFX/Framebuffer_GFX.h:33:0,
                 from /home/ec2-user/arduino-testlib/cli-datadir/user/libraries/FastLED_NeoMatrix/FastLED_NeoMatrix.h:23,
                 from /home/ec2-user/arduino-testlib/cli-datadir/user/libraries/FastLED_NeoMatrix/examples/fontzoom/fontzoom.ino:6:
/home/ec2-user/arduino-testlib/cli-datadir/user/libraries/FastLED/src/FastLED.h:309:25: note: candidate: template&lt;template&lt;unsigned char DATA_PIN, EOrder RGB_ORDER&gt; class CHIPSET, unsigned char DATA_PIN&gt; static CLEDController&amp; CFastLED::addLeds(CRGB*, int, int)
  static CLEDController &amp;addLeds(struct CRGB *data, int nLedsOrOffset, int nLedsIfOffset = 0) {
                         ^
/home/ec2-user/arduino-testlib/cli-datadir/user/libraries/FastLED/src/FastLED.h:309:25: note:   template argument deduction/substitution failed:
/home/ec2-user/arduino-testlib/cli-datadir/user/libraries/FastLED_NeoMatrix/examples/fontzoom/fontzoom.ino:201:60: error: template argument 1 is invalid
     FastLED.addLeds&lt;WS2811_PORTA,3&gt;(matrixleds, NUMMATRIX/3).setCorrection(TypicalLEDStrip);
                                                            ^
In file included from /home/ec2-user/arduino-testlib/cli-datadir/user/libraries/Framebuffer_GFX/Framebuffer_GFX.h:33:0,
                 from /home/ec2-user/arduino-testlib/cli-datadir/user/libraries/FastLED_NeoMatrix/FastLED_NeoMatrix.h:23,
                 from /home/ec2-user/arduino-testlib/cli-datadir/user/libraries/FastLED_NeoMatrix/examples/fontzoom/fontzoom.ino:6:
/home/ec2-user/arduino-testlib/cli-datadir/user/libraries/FastLED/src/FastLED.h:315:25: note: candidate: template&lt;template&lt;unsigned char DATA_PIN&gt; class CHIPSET, unsigned char DATA_PIN&gt; static CLEDController&amp; CFastLED::addLeds(CRGB*, int, int)
  static CLEDController &amp;addLeds(struct CRGB *data, int nLedsOrOffset, int nLedsIfOffset = 0) {
                         ^
/home/ec2-user/arduino-testlib/cli-datadir/user/libraries/FastLED/src/FastLED.h:315:25: note:   template argument deduction/substitution failed:
/home/ec2-user/arduino-testlib/cli-datadir/user/libraries/FastLED_NeoMatrix/examples/fontzoom/fontzoom.ino:201:60: error: template argument 1 is invalid
     FastLED.addLeds&lt;WS2811_PORTA,3&gt;(matrixleds, NUMMATRIX/3).setCorrection(TypicalLEDStrip);
                                                            ^
In file included from /home/ec2-user/arduino-testlib/cli-datadir/user/libraries/Framebuffer_GFX/Framebuffer_GFX.h:33:0,
                 from /home/ec2-user/arduino-testlib/cli-datadir/user/libraries/FastLED_NeoMatrix/FastLED_NeoMatrix.h:23,
                 from /home/ec2-user/arduino-testlib/cli-datadir/user/libraries/FastLED_NeoMatrix/examples/fontzoom/fontzoom.ino:6:
/home/ec2-user/arduino-testlib/cli-datadir/user/libraries/FastLED/src/FastLED.h:359:25: note: candidate: template&lt;template&lt;EOrder RGB_ORDER&gt; class CHIPSET, EOrder RGB_ORDER&gt; static CLEDController&amp; CFastLED::addLeds(CRGB*, int, int)
  static CLEDContr</pre>
					
					<h4>examples/matrixtest</h4>
					<p>
						Result: <b>FAIL</b>
					</p>
					<pre class="pre-scrollable">In file included from /home/ec2-user/arduino-testlib/cli-datadir/user/libraries/FastLED/src/FastLED.h:67:0,
                 from /home/ec2-user/arduino-testlib/cli-datadir/user/libraries/FastLED_NeoMatrix/examples/matrixtest/matrixtest.pde:5:
/home/ec2-user/arduino-testlib/cli-datadir/user/libraries/FastLED/src/fastspi.h:145:23: note: #pragma message: No hardware SPI pins defined.  All SPI access will default to bitbanged output
 #      pragma message &#34;No hardware SPI pins defined.  All SPI access will default to bitbanged output&#34;
                       ^
In file included from /home/ec2-user/arduino-testlib/cli-datadir/user/libraries/FastLED/src/platforms/esp/32/fastled_esp32.h:12:0,
                 from /home/ec2-user/arduino-testlib/cli-datadir/user/libraries/FastLED/src/platforms.h:36,
                 from /home/ec2-user/arduino-testlib/cli-datadir/user/libraries/FastLED/src/FastLED.h:54,
                 from /home/ec2-user/arduino-testlib/cli-datadir/user/libraries/FastLED_NeoMatrix/examples/matrixtest/matrixtest.pde:5:
/home/ec2-user/arduino-testlib/cli-datadir/user/libraries/FastLED/src/platforms/esp/32/clockless_rmt_esp32.h: In instantiation of &#39;class ClocklessController&lt;6, 60, 150, 90, (EOrder)66u, 0, false, 5&gt;&#39;:
/home/ec2-user/arduino-testlib/cli-datadir/user/libraries/FastLED/src/chipsets.h:578:7:   required from &#39;class WS2812Controller800Khz&lt;6u, (EOrder)66u&gt;&#39;
/home/ec2-user/arduino-testlib/cli-datadir/user/libraries/FastLED/src/FastLED.h:94:34:   required from &#39;class NEOPIXEL&lt;6u&gt;&#39;
/home/ec2-user/arduino-testlib/cli-datadir/user/libraries/FastLED/src/FastLED.h:316:28:   required from &#39;static CLEDController&amp; CFastLED::addLeds(CRGB*, int, int) [with CHIPSET = NEOPIXEL; unsigned char DATA_PIN = 6u]&#39;
/home/ec2-user/arduino-testlib/cli-datadir/user/libraries/FastLED_NeoMatrix/examples/matrixtest/matrixtest.pde:49:54:   required from here
/home/ec2-user/arduino-testlib/cli-datadir/user/libraries/FastLED/src/platforms/esp/32/clockless_rmt_esp32.h:358:5: error: static assertion failed: Invalid pin specified
     static_assert(FastPin&lt;DATA_PIN&gt;::validpin(), &#34;Invalid pin specified&#34;);
     ^

</pre>
					
					<h4>examples/tiletest</h4>
					<p>
						Result: <b>FAIL</b>
					</p>
					<pre class="pre-scrollable">In file included from /home/ec2-user/arduino-testlib/cli-datadir/user/libraries/FastLED/src/FastLED.h:67:0,
                 from /home/ec2-user/arduino-testlib/cli-datadir/user/libraries/FastLED_NeoMatrix/examples/tiletest/tiletest.pde:6:
/home/ec2-user/arduino-testlib/cli-datadir/user/libraries/FastLED/src/fastspi.h:145:23: note: #pragma message: No hardware SPI pins defined.  All SPI access will default to bitbanged output
 #      pragma message &#34;No hardware SPI pins defined.  All SPI access will default to bitbanged output&#34;
                       ^
/home/ec2-user/arduino-testlib/cli-datadir/user/libraries/FastLED_NeoMatrix/examples/tiletest/tiletest.pde: In function &#39;void setup()&#39;:
/home/ec2-user/arduino-testlib/cli-datadir/user/libraries/FastLED_NeoMatrix/examples/tiletest/tiletest.pde:69:19: error: &#39;WS2811_PORTA&#39; was not declared in this scope
   FastLED.addLeds&lt;WS2811_PORTA,3&gt;(matrixleds, NUMMATRIX/3).setCorrection(TypicalLEDStrip);
                   ^
/home/ec2-user/arduino-testlib/cli-datadir/user/libraries/FastLED_NeoMatrix/examples/tiletest/tiletest.pde:69:58: error: no matching function for call to &#39;CFastLED::addLeds(CRGB [768], int)&#39;
   FastLED.addLeds&lt;WS2811_PORTA,3&gt;(matrixleds, NUMMATRIX/3).setCorrection(TypicalLEDStrip);
                                                          ^
In file included from /home/ec2-user/arduino-testlib/cli-datadir/user/libraries/FastLED_NeoMatrix/examples/tiletest/tiletest.pde:6:0:
/home/ec2-user/arduino-testlib/cli-datadir/user/libraries/FastLED/src/FastLED.h:225:130: note: candidate: template&lt;ESPIChipsets CHIPSET, unsigned char DATA_PIN, unsigned char CLOCK_PIN, EOrder RGB_ORDER, unsigned int SPI_DATA_RATE&gt; CLEDController&amp; CFastLED::addLeds(CRGB*, int, int)
  template&lt;ESPIChipsets CHIPSET,  uint8_t DATA_PIN, uint8_t CLOCK_PIN, EOrder RGB_ORDER, uint32_t SPI_DATA_RATE &gt; CLEDController &amp;addLeds(struct CRGB *data, int nLedsOrOffset, int nLedsIfOffset = 0) {
                                                                                                                                  ^
/home/ec2-user/arduino-testlib/cli-datadir/user/libraries/FastLED/src/FastLED.h:225:130: note:   template argument deduction/substitution failed:
/home/ec2-user/arduino-testlib/cli-datadir/user/libraries/FastLED_NeoMatrix/examples/tiletest/tiletest.pde:69:58: error: template argument 1 is invalid
   FastLED.addLeds&lt;WS2811_PORTA,3&gt;(matrixleds, NUMMATRIX/3).setCorrection(TypicalLEDStrip);
                                                          ^
In file included from /home/ec2-user/arduino-testlib/cli-datadir/user/libraries/FastLED_NeoMatrix/examples/tiletest/tiletest.pde:6:0:
/home/ec2-user/arduino-testlib/cli-datadir/user/libraries/FastLED/src/FastLED.h:239:95: note: candidate: template&lt;ESPIChipsets CHIPSET, unsigned char DATA_PIN, unsigned char CLOCK_PIN&gt; static CLEDController&amp; CFastLED::addLeds(CRGB*, int, int)
  template&lt;ESPIChipsets CHIPSET,  uint8_t DATA_PIN, uint8_t CLOCK_PIN &gt; static CLEDController &amp;addLeds(struct CRGB *data, int nLedsOrOffset, int nLedsIfOffset = 0) {
                                                                                               ^
/home/ec2-user/arduino-testlib/cli-datadir/user/libraries/FastLED/src/FastLED.h:239:95: note:   template argument deduction/substitution failed:
/home/ec2-user/arduino-testlib/cli-datadir/user/libraries/FastLED_NeoMatrix/examples/tiletest/tiletest.pde:69:58: error: template argument 1 is invalid
   FastLED.addLeds&lt;WS2811_PORTA,3&gt;(matrixleds, NUMMATRIX/3).setCorrection(TypicalLEDStrip);
                                                          ^
In file included from /home/ec2-user/arduino-testlib/cli-datadir/user/libraries/FastLED_NeoMatrix/examples/tiletest/tiletest.pde:6:0:
/home/ec2-user/arduino-testlib/cli-datadir/user/libraries/FastLED/src/FastLED.h:253:113: note: candidate: template&lt;ESPIChipsets CHIPSET, unsigned char DATA_PIN, unsigned char CLOCK_PIN, EOrder RGB_ORDER&gt; static CLEDController&amp; CFastLED::addLeds(CRGB*, int, int)
  template&lt;ESPIChipsets CHIPSET,  uint8_t DATA_PIN, uint8_t CLOCK_PIN, EOrder RGB_ORDER &gt; static CLEDController &amp;addLeds(struct CRGB *data, int nLedsOrOffset, int nLedsIfOffset = 0) {
                                                                                                                 ^
/home/ec2-user/arduino-testlib/cli-datadir/user/libraries/FastLED/src/FastLED.h:253:113: note:   template argument deduction/substitution failed:
/home/ec2-user/arduino-testlib/cli-datadir/user/libraries/FastLED_NeoMatrix/examples/tiletest/tiletest.pde:69:58: error: template argument 1 is invalid
   FastLED.addLeds&lt;WS2811_PORTA,3&gt;(matrixleds, NUMMATRIX/3).setCorrection(TypicalLEDStrip);
                                                          ^
In file included from /home/ec2-user/arduino-testlib/cli-datadir/user/libraries/FastLED_NeoMatrix/examples/tiletest/tiletest.pde:6:0:
/home/ec2-user/arduino-testlib/cli-datadir/user/libraries/FastLED/src/FastLED.h:303:25: note: candidate: template&lt;template&lt;unsigned char DATA_PIN, EOrder RGB_ORDER&gt; class CHIPSET, unsigned char DATA_PIN, EOrder RGB_ORDER&gt; static CLEDController&amp; CFastLED::addLeds(CRGB*, int, int)
  static CLEDController &amp;addLeds(struct CRGB *data, int nLedsOrOffset, int nLedsIfOffset = 0) {
                         ^
/home/ec2-user/arduino-testlib/cli-datadir/user/libraries/FastLED/src/FastLED.h:303:25: note:   template argument deduction/substitution failed:
/home/ec2-user/arduino-testlib/cli-datadir/user/libraries/FastLED_NeoMatrix/examples/tiletest/tiletest.pde:69:58: error: template argument 1 is invalid
   FastLED.addLeds&lt;WS2811_PORTA,3&gt;(matrixleds, NUMMATRIX/3).setCorrection(TypicalLEDStrip);
                                                          ^
In file included from /home/ec2-user/arduino-testlib/cli-datadir/user/libraries/FastLED_NeoMatrix/examples/tiletest/tiletest.pde:6:0:
/home/ec2-user/arduino-testlib/cli-datadir/user/libraries/FastLED/src/FastLED.h:309:25: note: candidate: template&lt;template&lt;unsigned char DATA_PIN, EOrder RGB_ORDER&gt; class CHIPSET, unsigned char DATA_PIN&gt; static CLEDController&amp; CFastLED::addLeds(CRGB*, int, int)
  static CLEDController &amp;addLeds(struct CRGB *data, int nLedsOrOffset, int nLedsIfOffset = 0) {
                         ^
/home/ec2-user/arduino-testlib/cli-datadir/user/libraries/FastLED/src/FastLED.h:309:25: note:   template argument deduction/substitution failed:
/home/ec2-user/arduino-testlib/cli-datadir/user/libraries/FastLED_NeoMatrix/examples/tiletest/tiletest.pde:69:58: error: template argument 1 is invalid
   FastLED.addLeds&lt;WS2811_PORTA,3&gt;(matrixleds, NUMMATRIX/3).setCorrection(TypicalLEDStrip);
                                                          ^
In file included from /home/ec2-user/arduino-testlib/cli-datadir/user/libraries/FastLED_NeoMatrix/examples/tiletest/tiletest.pde:6:0:
/home/ec2-user/arduino-testlib/cli-datadir/user/libraries/FastLED/src/FastLED.h:315:25: note: candidate: template&lt;template&lt;unsigned char DATA_PIN&gt; class CHIPSET, unsigned char DATA_PIN&gt; static CLEDController&amp; CFastLED::addLeds(CRGB*, int, int)
  static CLEDController &amp;addLeds(struct CRGB *data, int nLedsOrOffset, int nLedsIfOffset = 0) {
                         ^
/home/ec2-user/arduino-testlib/cli-datadir/user/libraries/FastLED/src/FastLED.h:315:25: note:   template argument deduction/substitution failed:
/home/ec2-user/arduino-testlib/cli-datadir/user/libraries/FastLED_NeoMatrix/examples/tiletest/tiletest.pde:69:58: error: template argument 1 is invalid
   FastLED.addLeds&lt;WS2811_PORTA,3&gt;(matrixleds, NUMMATRIX/3).setCorrection(TypicalLEDStrip);
                                                          ^
In file included from /home/ec2-user/arduino-testlib/cli-datadir/user/libraries/FastLED_NeoMatrix/examples/tiletest/tiletest.pde:6:0:
/home/ec2-user/arduino-testlib/cli-datadir/user/libraries/FastLED/src/FastLED.h:359:25: note: candidate: template&lt;template&lt;EOrder RGB_ORDER&gt; class CHIPSET, EOrder RGB_ORDER&gt; static CLEDController&amp; CFastLED::addLeds(CRGB*, int, int)
  static CLEDController &amp;addLeds(struct CRGB *data, int nLedsOrOffset, int nLedsIfOffset = 0) {
                         ^
/home/ec2-user/arduino-testlib/cli-datadir/user/libraries/FastLED/src/FastLED.h:359:25: note:   template argument deduction/substitution failed:
/home/ec2-user/arduino-testlib/cli-datadir/user/libraries/FastLED_NeoMatrix/examples/tiletest/tiletest.pde:69:58: error: template argument 1 is invalid
   FastLED.addLeds&lt;WS2811_PORTA,3&gt;(matrixleds, NUMMATRIX/3).setCorrection(TypicalLEDStrip);
                                                          ^
/home/ec2-user/arduino-testlib/cli-datadir/user/libraries/FastLED_NeoMatrix/examples/tiletest/tiletest.pde:69:58: error: invalid conversion from &#39;int&#39; to &#39;EOrder&#39; [-fpermissive]
In file included from /home/ec2-user/arduino-testlib/cli-datadir/user/libraries/FastLED_NeoMatrix/examples/tiletest/tiletest.pde:6:0:
/home/ec2-user/arduino-testlib/cli-datadir/user/libraries/FastLED/src/FastLED.h:365:25: note: candidate: template&lt;template&lt;EOrder RGB_ORDER&gt; class CHIPSET&gt; static CLEDController&amp; CFastLED::addLeds(CRGB*, int, int)
  static CLEDController &amp;addLeds(struct CRGB *data, int nLedsOrOffset, int nLedsIfOffset = 0) {
                         ^
/home/ec2-user/arduino-testlib/cli-datadir/user/libraries/FastLED/src/FastLED.h:365:25: note:   template argument deduction/substitution failed:
/home/ec2-user/arduino-testlib/cli-datadir/user/libraries/FastLED_NeoMatrix/examples/tiletest/tiletest.pde:69:58: error: wrong number of template arguments (2, should be 1)
   FastLED.addLeds&lt;WS2811_PORTA,3&gt;(matrixleds, NUMMATRIX/3).setCorrection(TypicalLEDStrip);
                                                          ^

</pre>
					
				
			</div>
		</div>
	</div>
  </body>
</html>
