
<!doctype html>
<html lang="en">
  <head>
    <meta charset="utf-8">
    <meta name="viewport" content="width=device-width, initial-scale=1">
    <link href="https://cdn.jsdelivr.net/npm/bootstrap@5.0.2/dist/css/bootstrap.min.css" rel="stylesheet" integrity="sha384-EVSTQN3/azprG1Anm3QDgpJLIm9Nao0Yz1ztcQTwFspd3yD65VohhpuuCOmLASjC" crossorigin="anonymous">
    <title>arduino-testlib report</title>
	<style>
	.pass { background-color: #00FF00 !important; }
	.fail { background-color: #FF0000 !important; }
	</style>
  </head>
  <body>
	<div class="container">
		<div class="row">
			<div class="col">
				<h1>FFT_C - compatibility matrix</h1>
				<p>
					<small>This report was generated on Wednesday, 23-Feb-22 22:48:15 CET using 
					<a href="https://github.com/alranel/arduino-testlib">arduino-testlib</a>.</small>
				</p>

				<h2>FFT_C</h2>
				<p>
					Version: <b>1.0</b>
					<br />
					<a href="https://www.arduino.cc/reference/en/libraries/fft_c/">More details</a>
				</p>

				<h2>Compatibility matrix</h2>
				<table class="table table-bordered">
					<tr>
						<th>Board</th>
						<th>Claims compatibility</th>
						<th>Inclusion</th>
						
						<th><pre>FFTtest</pre></th>
						
					</tr>
					
					<tr>
						<td>
							<a href="#arduino%3aavr%3auno"><b>arduino:avr:uno</b></a>
							<br />
							<small>1.8.4</small>
						</td>

						
						
						
							<td>Yes ⚠️</td>
							<td class="fail">FAIL</td>
						
						

						
							
								
									
										
											
											<td class="fail">FAIL</td>
										
									
								
							
								
							
								
							
								
							
								
							
						
					</tr>
					
					<tr>
						<td>
							<a href="#arduino%3ambed_nano%3ananorp2040connect"><b>arduino:mbed_nano:nanorp2040connect</b></a>
							<br />
							<small>2.7.2</small>
						</td>

						
						
						
							<td>Yes ⚠️</td>
							<td class="fail">FAIL</td>
						
						

						
							
								
							
								
									
										
											
											<td class="fail">FAIL</td>
										
									
								
							
								
							
								
							
								
							
						
					</tr>
					
					<tr>
						<td>
							<a href="#arduino%3amegaavr%3anona4809"><b>arduino:megaavr:nona4809</b></a>
							<br />
							<small>1.8.7</small>
						</td>

						
						
						
							<td>Yes ⚠️</td>
							<td class="fail">FAIL</td>
						
						

						
							
								
							
								
							
								
									
										
											
											<td class="fail">FAIL</td>
										
									
								
							
								
							
								
							
						
					</tr>
					
					<tr>
						<td>
							<a href="#arduino%3asamd%3amkrwifi1010"><b>arduino:samd:mkrwifi1010</b></a>
							<br />
							<small>1.8.12</small>
						</td>

						
						
						
							<td>Yes ⚠️</td>
							<td class="fail">FAIL</td>
						
						

						
							
								
							
								
							
								
							
								
									
										
											
											<td class="fail">FAIL</td>
										
									
								
							
								
							
						
					</tr>
					
					<tr>
						<td>
							<a href="#esp32%3aesp32%3ad1_mini32"><b>esp32:esp32:d1_mini32</b></a>
							<br />
							<small>1.0.6</small>
						</td>

						
						
						
							<td>Yes ⚠️</td>
							<td class="fail">FAIL</td>
						
						

						
							
								
							
								
							
								
							
								
							
								
									
										
											<td class="pass">PASS</td>
											
										
									
								
							
						
					</tr>
					
				</table>

				<h2>Compilation logs</h2>
				
				<h3 id="arduino:avr:uno">arduino:avr:uno @ 1.8.4</h3>
				<h4>Inclusion</h4>
				<p>
					Result: <b>FAIL</b>
					
				</p>
				<pre class="pre-scrollable">In file included from /tmp/arduino-testlib3520236885/test/test.ino:1:0:
/home/ec2-user/arduino-testlib/cli-datadir/user/libraries/FFT_C/src/FFT_C.h: In function &#39;void FFT(int*, int*)&#39;:
/home/ec2-user/arduino-testlib/cli-datadir/user/libraries/FFT_C/src/FFT_C.h:23:28: error: &#39;FFT_SIZE&#39; was not declared in this scope
     float Tmpr, Tmpi, Tmvl[FFT_SIZE * 2];
                            ^~~~~~~~
/home/ec2-user/arduino-testlib/cli-datadir/user/libraries/FFT_C/src/FFT_C.h:23:28: note: suggested alternative: &#39;_T_SIZE&#39;
     float Tmpr, Tmpi, Tmvl[FFT_SIZE * 2];
                            ^~~~~~~~
                            _T_SIZE
/home/ec2-user/arduino-testlib/cli-datadir/user/libraries/FFT_C/src/FFT_C.h:27:9: error: &#39;Tmvl&#39; was not declared in this scope
         Tmvl[i] = 0;
         ^~~~
/home/ec2-user/arduino-testlib/cli-datadir/user/libraries/FFT_C/src/FFT_C.h:27:9: note: suggested alternative: &#39;Tmpi&#39;
         Tmvl[i] = 0;
         ^~~~
         Tmpi
/home/ec2-user/arduino-testlib/cli-datadir/user/libraries/FFT_C/src/FFT_C.h:34:20: error: &#39;Tmvl&#39; was not declared in this scope
             Tmpr = Tmvl[i];
                    ^~~~
/home/ec2-user/arduino-testlib/cli-datadir/user/libraries/FFT_C/src/FFT_C.h:34:20: note: suggested alternative: &#39;Tmpi&#39;
             Tmpr = Tmvl[i];
                    ^~~~
                    Tmpi
/home/ec2-user/arduino-testlib/cli-datadir/user/libraries/FFT_C/src/FFT_C.h:68:29: error: &#39;Tmvl&#39; was not declared in this scope
                 Tmpr = Wr * Tmvl[j] - Wi * Tmvl[j - 1];
                             ^~~~
/home/ec2-user/arduino-testlib/cli-datadir/user/libraries/FFT_C/src/FFT_C.h:68:29: note: suggested alternative: &#39;Tmpi&#39;
                 Tmpr = Wr * Tmvl[j] - Wi * Tmvl[j - 1];
                             ^~~~
                             Tmpi
/home/ec2-user/arduino-testlib/cli-datadir/user/libraries/FFT_C/src/FFT_C.h:83:25: error: &#39;Tmvl&#39; was not declared in this scope
         FTvl[i] = (int)(Tmvl[j] * Tmvl[j] &#43; Tmvl[j &#43; 1] * Tmvl[j &#43; 1]) &gt;&gt; 18;
                         ^~~~
/home/ec2-user/arduino-testlib/cli-datadir/user/libraries/FFT_C/src/FFT_C.h:83:25: note: suggested alternative: &#39;Tmpi&#39;
         FTvl[i] = (int)(Tmvl[j] * Tmvl[j] &#43; Tmvl[j &#43; 1] * Tmvl[j &#43; 1]) &gt;&gt; 18;
                         ^~~~
                         Tmpi

</pre>

					
					<h4>examples/FFTtest</h4>
					<p>
						Result: <b>FAIL</b>
					</p>
					<pre class="pre-scrollable">/home/ec2-user/arduino-testlib/cli-datadir/user/libraries/FFT_C/examples/FFTtest/FFTtest.ino: In function &#39;void setup()&#39;:
/home/ec2-user/arduino-testlib/cli-datadir/user/libraries/FFT_C/examples/FFTtest/FFTtest.ino:20:19: error: &#39;D4&#39; was not declared in this scope
 #define STRIP_PIN D4        // пин ленты
                   ^
/home/ec2-user/arduino-testlib/cli-datadir/user/libraries/FFT_C/examples/FFTtest/FFTtest.ino:28:31: note: in expansion of macro &#39;STRIP_PIN&#39;
   FastLED.addLeds&lt;STRIP_CHIP, STRIP_PIN, STRIP_COLOR&gt;(leds, 8);
                               ^~~~~~~~~
/home/ec2-user/arduino-testlib/cli-datadir/user/libraries/FFT_C/examples/FFTtest/FFTtest.ino:20:19: note: suggested alternative: &#39;A4&#39;
 #define STRIP_PIN D4        // пин ленты
                   ^
/home/ec2-user/arduino-testlib/cli-datadir/user/libraries/FFT_C/examples/FFTtest/FFTtest.ino:28:31: note: in expansion of macro &#39;STRIP_PIN&#39;
   FastLED.addLeds&lt;STRIP_CHIP, STRIP_PIN, STRIP_COLOR&gt;(leds, 8);
                               ^~~~~~~~~
/home/ec2-user/arduino-testlib/cli-datadir/user/libraries/FFT_C/examples/FFTtest/FFTtest.ino:28:62: error: no matching function for call to &#39;CFastLED::addLeds&lt;WS2812, &lt;expression error&gt;, GRB&gt;(CRGB [8], int)&#39;
   FastLED.addLeds&lt;STRIP_CHIP, STRIP_PIN, STRIP_COLOR&gt;(leds, 8);
                                                              ^
In file included from /home/ec2-user/arduino-testlib/cli-datadir/user/libraries/FFT_C/examples/FFTtest/FFTtest.ino:24:0:
/home/ec2-user/arduino-testlib/cli-datadir/user/libraries/FastLED/src/FastLED.h:225:130: note: candidate: template&lt;ESPIChipsets CHIPSET, unsigned char DATA_PIN, unsigned char CLOCK_PIN, EOrder RGB_ORDER, long unsigned int SPI_DATA_RATE&gt; CLEDController&amp; CFastLED::addLeds(CRGB*, int, int)
  template&lt;ESPIChipsets CHIPSET,  uint8_t DATA_PIN, uint8_t CLOCK_PIN, EOrder RGB_ORDER, uint32_t SPI_DATA_RATE &gt; CLEDController &amp;addLeds(struct CRGB *data, int nLedsOrOffset, int nLedsIfOffset = 0) {
                                                                                                                                  ^~~~~~~
/home/ec2-user/arduino-testlib/cli-datadir/user/libraries/FastLED/src/FastLED.h:225:130: note:   template argument deduction/substitution failed:
/home/ec2-user/arduino-testlib/cli-datadir/user/libraries/FFT_C/examples/FFTtest/FFTtest.ino:28:62: error: template argument 2 is invalid
   FastLED.addLeds&lt;STRIP_CHIP, STRIP_PIN, STRIP_COLOR&gt;(leds, 8);
                                                              ^
In file included from /home/ec2-user/arduino-testlib/cli-datadir/user/libraries/FFT_C/examples/FFTtest/FFTtest.ino:24:0:
/home/ec2-user/arduino-testlib/cli-datadir/user/libraries/FastLED/src/FastLED.h:239:95: note: candidate: template&lt;ESPIChipsets CHIPSET, unsigned char DATA_PIN, unsigned char CLOCK_PIN&gt; static CLEDController&amp; CFastLED::addLeds(CRGB*, int, int)
  template&lt;ESPIChipsets CHIPSET,  uint8_t DATA_PIN, uint8_t CLOCK_PIN &gt; static CLEDController &amp;addLeds(struct CRGB *data, int nLedsOrOffset, int nLedsIfOffset = 0) {
                                                                                               ^~~~~~~
/home/ec2-user/arduino-testlib/cli-datadir/user/libraries/FastLED/src/FastLED.h:239:95: note:   template argument deduction/substitution failed:
/home/ec2-user/arduino-testlib/cli-datadir/user/libraries/FFT_C/examples/FFTtest/FFTtest.ino:28:62: error: template argument 2 is invalid
   FastLED.addLeds&lt;STRIP_CHIP, STRIP_PIN, STRIP_COLOR&gt;(leds, 8);
                                                              ^
In file included from /home/ec2-user/arduino-testlib/cli-datadir/user/libraries/FFT_C/examples/FFTtest/FFTtest.ino:24:0:
/home/ec2-user/arduino-testlib/cli-datadir/user/libraries/FastLED/src/FastLED.h:253:113: note: candidate: template&lt;ESPIChipsets CHIPSET, unsigned char DATA_PIN, unsigned char CLOCK_PIN, EOrder RGB_ORDER&gt; static CLEDController&amp; CFastLED::addLeds(CRGB*, int, int)
  template&lt;ESPIChipsets CHIPSET,  uint8_t DATA_PIN, uint8_t CLOCK_PIN, EOrder RGB_ORDER &gt; static CLEDController &amp;addLeds(struct CRGB *data, int nLedsOrOffset, int nLedsIfOffset = 0) {
                                                                                                                 ^~~~~~~
/home/ec2-user/arduino-testlib/cli-datadir/user/libraries/FastLED/src/FastLED.h:253:113: note:   template argument deduction/substitution failed:
/home/ec2-user/arduino-testlib/cli-datadir/user/libraries/FFT_C/examples/FFTtest/FFTtest.ino:28:62: error: template argument 2 is invalid
   FastLED.addLeds&lt;STRIP_CHIP, STRIP_PIN, STRIP_COLOR&gt;(leds, 8);
                                                              ^
In file included from /home/ec2-user/arduino-testlib/cli-datadir/user/libraries/FFT_C/examples/FFTtest/FFTtest.ino:24:0:
/home/ec2-user/arduino-testlib/cli-datadir/user/libraries/FastLED/src/FastLED.h:268:56: note: candidate: template&lt;ESPIChipsets CHIPSET&gt; static CLEDController&amp; CFastLED::addLeds(CRGB*, int, int)
  template&lt;ESPIChipsets CHIPSET&gt; static CLEDController &amp;addLeds(struct CRGB *data, int nLedsOrOffset, int nLedsIfOffset = 0) {
                                                        ^~~~~~~
/home/ec2-user/arduino-testlib/cli-datadir/user/libraries/FastLED/src/FastLED.h:268:56: note:   template argument deduction/substitution failed:
/home/ec2-user/arduino-testlib/cli-datadir/user/libraries/FFT_C/examples/FFTtest/FFTtest.ino:28:62: error: wrong number of template arguments (3, should be 1)
   FastLED.addLeds&lt;STRIP_CHIP, STRIP_PIN, STRIP_COLOR&gt;(leds, 8);
                                                              ^
In file included from /home/ec2-user/arduino-testlib/cli-datadir/user/libraries/FFT_C/examples/FFTtest/FFTtest.ino:24:0:
/home/ec2-user/arduino-testlib/cli-datadir/user/libraries/FastLED/src/FastLED.h:272:74: note: candidate: template&lt;ESPIChipsets CHIPSET, EOrder RGB_ORDER&gt; static CLEDController&amp; CFastLED::addLeds(CRGB*, int, int)
  template&lt;ESPIChipsets CHIPSET, EOrder RGB_ORDER&gt; static CLEDController &amp;addLeds(struct CRGB *data, int nLedsOrOffset, int nLedsIfOffset = 0) {
                                                                          ^~~~~~~
/home/ec2-user/arduino-testlib/cli-datadir/user/libraries/FastLED/src/FastLED.h:272:74: note:   template argument deduction/substitution failed:
/home/ec2-user/arduino-testlib/cli-datadir/user/libraries/FFT_C/examples/FFTtest/FFTtest.ino:28:62: error: wrong number of template arguments (3, should be 2)
   FastLED.addLeds&lt;STRIP_CHIP, STRIP_PIN, STRIP_COLOR&gt;(leds, 8);
                                                              ^
In file included from /home/ec2-user/arduino-testlib/cli-datadir/user/libraries/FFT_C/examples/FFTtest/FFTtest.ino:24:0:
/home/ec2-user/arduino-testlib/cli-datadir/user/libraries/FastLED/src/FastLED.h:276:98: note: candidate: template&lt;ESPIChipsets CHIPSET, EOrder RGB_ORDER, long unsigned int SPI_DATA_RATE&gt; static CLEDController&amp; CFastLED::addLeds(CRGB*, int, int)
  template&lt;ESPIChipsets CHIPSET, EOrder RGB_ORDER, uint32_t SPI_DATA_RATE&gt; static CLEDController &amp;addLeds(struct CRGB *data, int nLedsOrOffset, int nLedsIfOffset = 0) {
                                                                                                  ^~~~~~~
/home/ec2-user/arduino-testlib/cli-datadir/user/libraries/FastLED/src/FastLED.h:276:98: note:   template argument deduction/substitution failed:
/home/ec2-user/arduino-testlib/cli-datadir/user/libraries/FFT_C/examples/FFTtest/FFTtest.ino:28:62: error: template argument 2 is invalid
   FastLED.addLeds&lt;STRIP_CHIP, STRIP_PIN, STRIP_COLOR&gt;(leds, 8);
                                                              ^
In file included from /home/ec2-user/arduino-testlib/cli-datadir/user/libraries/FFT_C/examples/FFTtest/FFTtest.ino:24:0:
/home/ec2-user/arduino-testlib/cli-datadir/user/libraries/FastLED/src/FastLED.h:303:25: note: candidate: template&lt;template&lt;unsigned char DATA_PIN, EOrder RGB_ORDER&gt; class CHIPSET, unsigned char DATA_PIN, EOrder RGB_ORDER&gt; static CLEDController&amp; CFastLED::addLeds(CRGB*, int, int)
  static CLEDController &amp;addLeds(struct CRGB *data, int nLedsOrOffset, int nLedsIfOffset = 0) {
                         ^~~~~~~
/home/ec2-user/arduino-testlib/cli-datadir/user/libraries/FastLED/src/FastLED.h:303:25: note:   template argument deduction/substitution failed:
/home/ec2-user/arduino-testlib/cli-datadir/user/libraries/FFT_C/examples/FFTtest/FFTtest.ino:28:62: error: template argument 2 is invalid
   FastLED.addLeds&lt;STRIP_CHIP, STRIP_PIN, STRIP_COLOR&gt;(leds, 8);
                                                              ^
In file included from /home/ec2-user/arduino-testlib/cli-datadir/user/libraries/FFT_C/examples/FFTtest/FFTtest.ino:24:0:
/home/ec2-user/arduino-testlib/cli-datadir/user/libraries/FastLED/src/FastLED.h:309:25: note: candidate: template&lt;template&lt;unsigned char DATA_PIN, EOrder RGB_ORDER&gt; class CHIPSET, unsigned char DATA_PIN&gt; static CLEDController&amp; CFastLED::addLeds(CRGB*, int, int)
  static CLEDController &amp;addLeds(struct CRGB *data, int nLedsOrOffset, int nLedsIfOffset = 0) {
                         ^~~~~~~
/home/ec2-user/arduino-testlib/cli-datadir/user/libraries/FastLED/src/FastLED.h:309:25: note:   template argument deduction/substitution failed:
/home/ec2-user/arduino-testlib/cli-datadir/user/libraries/FFT_C/examples/FFTtest/FFTtest.ino:28:62: error: wrong number of template arguments (3, should be 2)
   FastLED.addLeds&lt;STRIP_CHIP, STRIP_PIN, STRIP_COLOR&gt;(leds, 8);
                                                              ^
In file included from /home/ec2-user/arduino-testlib/cli-datadir/user/libraries/FFT_C/examples/FFTtest/FFTtest.ino:24:0:
/home/ec2-user/arduino-testlib/cli-datadir/user/libraries/FastLED/src/FastLED.h:315:25: note: candidate: template&lt;template&lt;unsigned char DATA_PIN&gt; class CHIPSET, unsigned char DATA_PIN&gt; static CLEDController&amp; CFastLED::addLeds(CRGB*, int, int)
  static CLEDController &amp;addLeds(struct CRGB *data, int nLedsOrOffset, int nLedsIfOffset = 0) {
      </pre>
					
				
				<h3 id="arduino:mbed_nano:nanorp2040connect">arduino:mbed_nano:nanorp2040connect @ 2.7.2</h3>
				<h4>Inclusion</h4>
				<p>
					Result: <b>FAIL</b>
					
				</p>
				<pre class="pre-scrollable">In file included from /tmp/arduino-testlib274977537/test/test.ino:1:0:
/home/ec2-user/arduino-testlib/cli-datadir/user/libraries/FFT_C/src/FFT_C.h: In function &#39;void FFT(int*, int*)&#39;:
/home/ec2-user/arduino-testlib/cli-datadir/user/libraries/FFT_C/src/FFT_C.h:23:28: error: &#39;FFT_SIZE&#39; was not declared in this scope
     float Tmpr, Tmpi, Tmvl[FFT_SIZE * 2];
                            ^~~~~~~~
/home/ec2-user/arduino-testlib/cli-datadir/user/libraries/FFT_C/src/FFT_C.h:23:28: note: suggested alternative: &#39;_T_SIZE&#39;
     float Tmpr, Tmpi, Tmvl[FFT_SIZE * 2];
                            ^~~~~~~~
                            _T_SIZE
/home/ec2-user/arduino-testlib/cli-datadir/user/libraries/FFT_C/src/FFT_C.h:27:9: error: &#39;Tmvl&#39; was not declared in this scope
         Tmvl[i] = 0;
         ^~~~
/home/ec2-user/arduino-testlib/cli-datadir/user/libraries/FFT_C/src/FFT_C.h:27:9: note: suggested alternative: &#39;Tmpi&#39;
         Tmvl[i] = 0;
         ^~~~
         Tmpi
/home/ec2-user/arduino-testlib/cli-datadir/user/libraries/FFT_C/src/FFT_C.h:34:20: error: &#39;Tmvl&#39; was not declared in this scope
             Tmpr = Tmvl[i];
                    ^~~~
/home/ec2-user/arduino-testlib/cli-datadir/user/libraries/FFT_C/src/FFT_C.h:34:20: note: suggested alternative: &#39;Tmpi&#39;
             Tmpr = Tmvl[i];
                    ^~~~
                    Tmpi
/home/ec2-user/arduino-testlib/cli-datadir/user/libraries/FFT_C/src/FFT_C.h:68:29: error: &#39;Tmvl&#39; was not declared in this scope
                 Tmpr = Wr * Tmvl[j] - Wi * Tmvl[j - 1];
                             ^~~~
/home/ec2-user/arduino-testlib/cli-datadir/user/libraries/FFT_C/src/FFT_C.h:68:29: note: suggested alternative: &#39;Tmpi&#39;
                 Tmpr = Wr * Tmvl[j] - Wi * Tmvl[j - 1];
                             ^~~~
                             Tmpi
/home/ec2-user/arduino-testlib/cli-datadir/user/libraries/FFT_C/src/FFT_C.h:83:25: error: &#39;Tmvl&#39; was not declared in this scope
         FTvl[i] = (int)(Tmvl[j] * Tmvl[j] &#43; Tmvl[j &#43; 1] * Tmvl[j &#43; 1]) &gt;&gt; 18;
                         ^~~~
/home/ec2-user/arduino-testlib/cli-datadir/user/libraries/FFT_C/src/FFT_C.h:83:25: note: suggested alternative: &#39;Tmpi&#39;
         FTvl[i] = (int)(Tmvl[j] * Tmvl[j] &#43; Tmvl[j &#43; 1] * Tmvl[j &#43; 1]) &gt;&gt; 18;
                         ^~~~
                         Tmpi

</pre>

					
					<h4>examples/FFTtest</h4>
					<p>
						Result: <b>FAIL</b>
					</p>
					<pre class="pre-scrollable">In file included from /home/ec2-user/arduino-testlib/cli-datadir/user/libraries/FastLED/src/FastLED.h:43:0,
                 from /home/ec2-user/arduino-testlib/cli-datadir/user/libraries/FFT_C/examples/FFTtest/FFTtest.ino:24:
/home/ec2-user/arduino-testlib/cli-datadir/user/libraries/FastLED/src/led_sysdefs.h:55:2: error: #error &#34;This platform isn&#39;t recognized by FastLED... yet.  See comments in FastLED/led_sysdefs.h for options.&#34;
 #error &#34;This platform isn&#39;t recognized by FastLED... yet.  See comments in FastLED/led_sysdefs.h for options.&#34;
  ^~~~~

</pre>
					
				
				<h3 id="arduino:megaavr:nona4809">arduino:megaavr:nona4809 @ 1.8.7</h3>
				<h4>Inclusion</h4>
				<p>
					Result: <b>FAIL</b>
					
				</p>
				<pre class="pre-scrollable">In file included from /tmp/arduino-testlib274977537/test/test.ino:1:0:
/home/ec2-user/arduino-testlib/cli-datadir/user/libraries/FFT_C/src/FFT_C.h: In function &#39;void FFT(int*, int*)&#39;:
/home/ec2-user/arduino-testlib/cli-datadir/user/libraries/FFT_C/src/FFT_C.h:23:28: error: &#39;FFT_SIZE&#39; was not declared in this scope
     float Tmpr, Tmpi, Tmvl[FFT_SIZE * 2];
                            ^~~~~~~~
/home/ec2-user/arduino-testlib/cli-datadir/user/libraries/FFT_C/src/FFT_C.h:23:28: note: suggested alternative: &#39;_T_SIZE&#39;
     float Tmpr, Tmpi, Tmvl[FFT_SIZE * 2];
                            ^~~~~~~~
                            _T_SIZE
/home/ec2-user/arduino-testlib/cli-datadir/user/libraries/FFT_C/src/FFT_C.h:27:9: error: &#39;Tmvl&#39; was not declared in this scope
         Tmvl[i] = 0;
         ^~~~
/home/ec2-user/arduino-testlib/cli-datadir/user/libraries/FFT_C/src/FFT_C.h:27:9: note: suggested alternative: &#39;Tmpi&#39;
         Tmvl[i] = 0;
         ^~~~
         Tmpi
/home/ec2-user/arduino-testlib/cli-datadir/user/libraries/FFT_C/src/FFT_C.h:34:20: error: &#39;Tmvl&#39; was not declared in this scope
             Tmpr = Tmvl[i];
                    ^~~~
/home/ec2-user/arduino-testlib/cli-datadir/user/libraries/FFT_C/src/FFT_C.h:34:20: note: suggested alternative: &#39;Tmpi&#39;
             Tmpr = Tmvl[i];
                    ^~~~
                    Tmpi
/home/ec2-user/arduino-testlib/cli-datadir/user/libraries/FFT_C/src/FFT_C.h:68:29: error: &#39;Tmvl&#39; was not declared in this scope
                 Tmpr = Wr * Tmvl[j] - Wi * Tmvl[j - 1];
                             ^~~~
/home/ec2-user/arduino-testlib/cli-datadir/user/libraries/FFT_C/src/FFT_C.h:68:29: note: suggested alternative: &#39;Tmpi&#39;
                 Tmpr = Wr * Tmvl[j] - Wi * Tmvl[j - 1];
                             ^~~~
                             Tmpi
/home/ec2-user/arduino-testlib/cli-datadir/user/libraries/FFT_C/src/FFT_C.h:83:25: error: &#39;Tmvl&#39; was not declared in this scope
         FTvl[i] = (int)(Tmvl[j] * Tmvl[j] &#43; Tmvl[j &#43; 1] * Tmvl[j &#43; 1]) &gt;&gt; 18;
                         ^~~~
/home/ec2-user/arduino-testlib/cli-datadir/user/libraries/FFT_C/src/FFT_C.h:83:25: note: suggested alternative: &#39;Tmpi&#39;
         FTvl[i] = (int)(Tmvl[j] * Tmvl[j] &#43; Tmvl[j &#43; 1] * Tmvl[j &#43; 1]) &gt;&gt; 18;
                         ^~~~
                         Tmpi

</pre>

					
					<h4>examples/FFTtest</h4>
					<p>
						Result: <b>FAIL</b>
					</p>
					<pre class="pre-scrollable">/home/ec2-user/arduino-testlib/cli-datadir/user/libraries/FFT_C/examples/FFTtest/FFTtest.ino: In function &#39;void setup()&#39;:
/home/ec2-user/arduino-testlib/cli-datadir/user/libraries/FFT_C/examples/FFTtest/FFTtest.ino:20:19: error: &#39;D4&#39; was not declared in this scope
 #define STRIP_PIN D4        // пин ленты
                   ^
/home/ec2-user/arduino-testlib/cli-datadir/user/libraries/FFT_C/examples/FFTtest/FFTtest.ino:28:31: note: in expansion of macro &#39;STRIP_PIN&#39;
   FastLED.addLeds&lt;STRIP_CHIP, STRIP_PIN, STRIP_COLOR&gt;(leds, 8);
                               ^~~~~~~~~
/home/ec2-user/arduino-testlib/cli-datadir/user/libraries/FFT_C/examples/FFTtest/FFTtest.ino:20:19: note: suggested alternative: &#39;A4&#39;
 #define STRIP_PIN D4        // пин ленты
                   ^
/home/ec2-user/arduino-testlib/cli-datadir/user/libraries/FFT_C/examples/FFTtest/FFTtest.ino:28:31: note: in expansion of macro &#39;STRIP_PIN&#39;
   FastLED.addLeds&lt;STRIP_CHIP, STRIP_PIN, STRIP_COLOR&gt;(leds, 8);
                               ^~~~~~~~~
/home/ec2-user/arduino-testlib/cli-datadir/user/libraries/FFT_C/examples/FFTtest/FFTtest.ino:28:62: error: no matching function for call to &#39;CFastLED::addLeds&lt;WS2812, &lt;expression error&gt;, GRB&gt;(CRGB [8], int)&#39;
   FastLED.addLeds&lt;STRIP_CHIP, STRIP_PIN, STRIP_COLOR&gt;(leds, 8);
                                                              ^
In file included from /home/ec2-user/arduino-testlib/cli-datadir/user/libraries/FFT_C/examples/FFTtest/FFTtest.ino:24:0:
/home/ec2-user/arduino-testlib/cli-datadir/user/libraries/FastLED/src/FastLED.h:225:130: note: candidate: template&lt;ESPIChipsets CHIPSET, unsigned char DATA_PIN, unsigned char CLOCK_PIN, EOrder RGB_ORDER, long unsigned int SPI_DATA_RATE&gt; CLEDController&amp; CFastLED::addLeds(CRGB*, int, int)
  template&lt;ESPIChipsets CHIPSET,  uint8_t DATA_PIN, uint8_t CLOCK_PIN, EOrder RGB_ORDER, uint32_t SPI_DATA_RATE &gt; CLEDController &amp;addLeds(struct CRGB *data, int nLedsOrOffset, int nLedsIfOffset = 0) {
                                                                                                                                  ^~~~~~~
/home/ec2-user/arduino-testlib/cli-datadir/user/libraries/FastLED/src/FastLED.h:225:130: note:   template argument deduction/substitution failed:
/home/ec2-user/arduino-testlib/cli-datadir/user/libraries/FFT_C/examples/FFTtest/FFTtest.ino:28:62: error: template argument 2 is invalid
   FastLED.addLeds&lt;STRIP_CHIP, STRIP_PIN, STRIP_COLOR&gt;(leds, 8);
                                                              ^
In file included from /home/ec2-user/arduino-testlib/cli-datadir/user/libraries/FFT_C/examples/FFTtest/FFTtest.ino:24:0:
/home/ec2-user/arduino-testlib/cli-datadir/user/libraries/FastLED/src/FastLED.h:239:95: note: candidate: template&lt;ESPIChipsets CHIPSET, unsigned char DATA_PIN, unsigned char CLOCK_PIN&gt; static CLEDController&amp; CFastLED::addLeds(CRGB*, int, int)
  template&lt;ESPIChipsets CHIPSET,  uint8_t DATA_PIN, uint8_t CLOCK_PIN &gt; static CLEDController &amp;addLeds(struct CRGB *data, int nLedsOrOffset, int nLedsIfOffset = 0) {
                                                                                               ^~~~~~~
/home/ec2-user/arduino-testlib/cli-datadir/user/libraries/FastLED/src/FastLED.h:239:95: note:   template argument deduction/substitution failed:
/home/ec2-user/arduino-testlib/cli-datadir/user/libraries/FFT_C/examples/FFTtest/FFTtest.ino:28:62: error: template argument 2 is invalid
   FastLED.addLeds&lt;STRIP_CHIP, STRIP_PIN, STRIP_COLOR&gt;(leds, 8);
                                                              ^
In file included from /home/ec2-user/arduino-testlib/cli-datadir/user/libraries/FFT_C/examples/FFTtest/FFTtest.ino:24:0:
/home/ec2-user/arduino-testlib/cli-datadir/user/libraries/FastLED/src/FastLED.h:253:113: note: candidate: template&lt;ESPIChipsets CHIPSET, unsigned char DATA_PIN, unsigned char CLOCK_PIN, EOrder RGB_ORDER&gt; static CLEDController&amp; CFastLED::addLeds(CRGB*, int, int)
  template&lt;ESPIChipsets CHIPSET,  uint8_t DATA_PIN, uint8_t CLOCK_PIN, EOrder RGB_ORDER &gt; static CLEDController &amp;addLeds(struct CRGB *data, int nLedsOrOffset, int nLedsIfOffset = 0) {
                                                                                                                 ^~~~~~~
/home/ec2-user/arduino-testlib/cli-datadir/user/libraries/FastLED/src/FastLED.h:253:113: note:   template argument deduction/substitution failed:
/home/ec2-user/arduino-testlib/cli-datadir/user/libraries/FFT_C/examples/FFTtest/FFTtest.ino:28:62: error: template argument 2 is invalid
   FastLED.addLeds&lt;STRIP_CHIP, STRIP_PIN, STRIP_COLOR&gt;(leds, 8);
                                                              ^
In file included from /home/ec2-user/arduino-testlib/cli-datadir/user/libraries/FFT_C/examples/FFTtest/FFTtest.ino:24:0:
/home/ec2-user/arduino-testlib/cli-datadir/user/libraries/FastLED/src/FastLED.h:268:56: note: candidate: template&lt;ESPIChipsets CHIPSET&gt; static CLEDController&amp; CFastLED::addLeds(CRGB*, int, int)
  template&lt;ESPIChipsets CHIPSET&gt; static CLEDController &amp;addLeds(struct CRGB *data, int nLedsOrOffset, int nLedsIfOffset = 0) {
                                                        ^~~~~~~
/home/ec2-user/arduino-testlib/cli-datadir/user/libraries/FastLED/src/FastLED.h:268:56: note:   template argument deduction/substitution failed:
/home/ec2-user/arduino-testlib/cli-datadir/user/libraries/FFT_C/examples/FFTtest/FFTtest.ino:28:62: error: wrong number of template arguments (3, should be 1)
   FastLED.addLeds&lt;STRIP_CHIP, STRIP_PIN, STRIP_COLOR&gt;(leds, 8);
                                                              ^
In file included from /home/ec2-user/arduino-testlib/cli-datadir/user/libraries/FFT_C/examples/FFTtest/FFTtest.ino:24:0:
/home/ec2-user/arduino-testlib/cli-datadir/user/libraries/FastLED/src/FastLED.h:272:74: note: candidate: template&lt;ESPIChipsets CHIPSET, EOrder RGB_ORDER&gt; static CLEDController&amp; CFastLED::addLeds(CRGB*, int, int)
  template&lt;ESPIChipsets CHIPSET, EOrder RGB_ORDER&gt; static CLEDController &amp;addLeds(struct CRGB *data, int nLedsOrOffset, int nLedsIfOffset = 0) {
                                                                          ^~~~~~~
/home/ec2-user/arduino-testlib/cli-datadir/user/libraries/FastLED/src/FastLED.h:272:74: note:   template argument deduction/substitution failed:
/home/ec2-user/arduino-testlib/cli-datadir/user/libraries/FFT_C/examples/FFTtest/FFTtest.ino:28:62: error: wrong number of template arguments (3, should be 2)
   FastLED.addLeds&lt;STRIP_CHIP, STRIP_PIN, STRIP_COLOR&gt;(leds, 8);
                                                              ^
In file included from /home/ec2-user/arduino-testlib/cli-datadir/user/libraries/FFT_C/examples/FFTtest/FFTtest.ino:24:0:
/home/ec2-user/arduino-testlib/cli-datadir/user/libraries/FastLED/src/FastLED.h:276:98: note: candidate: template&lt;ESPIChipsets CHIPSET, EOrder RGB_ORDER, long unsigned int SPI_DATA_RATE&gt; static CLEDController&amp; CFastLED::addLeds(CRGB*, int, int)
  template&lt;ESPIChipsets CHIPSET, EOrder RGB_ORDER, uint32_t SPI_DATA_RATE&gt; static CLEDController &amp;addLeds(struct CRGB *data, int nLedsOrOffset, int nLedsIfOffset = 0) {
                                                                                                  ^~~~~~~
/home/ec2-user/arduino-testlib/cli-datadir/user/libraries/FastLED/src/FastLED.h:276:98: note:   template argument deduction/substitution failed:
/home/ec2-user/arduino-testlib/cli-datadir/user/libraries/FFT_C/examples/FFTtest/FFTtest.ino:28:62: error: template argument 2 is invalid
   FastLED.addLeds&lt;STRIP_CHIP, STRIP_PIN, STRIP_COLOR&gt;(leds, 8);
                                                              ^
In file included from /home/ec2-user/arduino-testlib/cli-datadir/user/libraries/FFT_C/examples/FFTtest/FFTtest.ino:24:0:
/home/ec2-user/arduino-testlib/cli-datadir/user/libraries/FastLED/src/FastLED.h:303:25: note: candidate: template&lt;template&lt;unsigned char DATA_PIN, EOrder RGB_ORDER&gt; class CHIPSET, unsigned char DATA_PIN, EOrder RGB_ORDER&gt; static CLEDController&amp; CFastLED::addLeds(CRGB*, int, int)
  static CLEDController &amp;addLeds(struct CRGB *data, int nLedsOrOffset, int nLedsIfOffset = 0) {
                         ^~~~~~~
/home/ec2-user/arduino-testlib/cli-datadir/user/libraries/FastLED/src/FastLED.h:303:25: note:   template argument deduction/substitution failed:
/home/ec2-user/arduino-testlib/cli-datadir/user/libraries/FFT_C/examples/FFTtest/FFTtest.ino:28:62: error: template argument 2 is invalid
   FastLED.addLeds&lt;STRIP_CHIP, STRIP_PIN, STRIP_COLOR&gt;(leds, 8);
                                                              ^
In file included from /home/ec2-user/arduino-testlib/cli-datadir/user/libraries/FFT_C/examples/FFTtest/FFTtest.ino:24:0:
/home/ec2-user/arduino-testlib/cli-datadir/user/libraries/FastLED/src/FastLED.h:309:25: note: candidate: template&lt;template&lt;unsigned char DATA_PIN, EOrder RGB_ORDER&gt; class CHIPSET, unsigned char DATA_PIN&gt; static CLEDController&amp; CFastLED::addLeds(CRGB*, int, int)
  static CLEDController &amp;addLeds(struct CRGB *data, int nLedsOrOffset, int nLedsIfOffset = 0) {
                         ^~~~~~~
/home/ec2-user/arduino-testlib/cli-datadir/user/libraries/FastLED/src/FastLED.h:309:25: note:   template argument deduction/substitution failed:
/home/ec2-user/arduino-testlib/cli-datadir/user/libraries/FFT_C/examples/FFTtest/FFTtest.ino:28:62: error: wrong number of template arguments (3, should be 2)
   FastLED.addLeds&lt;STRIP_CHIP, STRIP_PIN, STRIP_COLOR&gt;(leds, 8);
                                                              ^
In file included from /home/ec2-user/arduino-testlib/cli-datadir/user/libraries/FFT_C/examples/FFTtest/FFTtest.ino:24:0:
/home/ec2-user/arduino-testlib/cli-datadir/user/libraries/FastLED/src/FastLED.h:315:25: note: candidate: template&lt;template&lt;unsigned char DATA_PIN&gt; class CHIPSET, unsigned char DATA_PIN&gt; static CLEDController&amp; CFastLED::addLeds(CRGB*, int, int)
  static CLEDController &amp;addLeds(struct CRGB *data, int nLedsOrOffset, int nLedsIfOffset = 0) {
      </pre>
					
				
				<h3 id="arduino:samd:mkrwifi1010">arduino:samd:mkrwifi1010 @ 1.8.12</h3>
				<h4>Inclusion</h4>
				<p>
					Result: <b>FAIL</b>
					
				</p>
				<pre class="pre-scrollable">In file included from /tmp/arduino-testlib3520236885/test/test.ino:1:0:
/home/ec2-user/arduino-testlib/cli-datadir/user/libraries/FFT_C/src/FFT_C.h: In function &#39;void FFT(int*, int*)&#39;:
/home/ec2-user/arduino-testlib/cli-datadir/user/libraries/FFT_C/src/FFT_C.h:23:28: error: &#39;FFT_SIZE&#39; was not declared in this scope
     float Tmpr, Tmpi, Tmvl[FFT_SIZE * 2];
                            ^~~~~~~~
/home/ec2-user/arduino-testlib/cli-datadir/user/libraries/FFT_C/src/FFT_C.h:23:28: note: suggested alternative: &#39;_T_SIZE&#39;
     float Tmpr, Tmpi, Tmvl[FFT_SIZE * 2];
                            ^~~~~~~~
                            _T_SIZE
/home/ec2-user/arduino-testlib/cli-datadir/user/libraries/FFT_C/src/FFT_C.h:27:9: error: &#39;Tmvl&#39; was not declared in this scope
         Tmvl[i] = 0;
         ^~~~
/home/ec2-user/arduino-testlib/cli-datadir/user/libraries/FFT_C/src/FFT_C.h:27:9: note: suggested alternative: &#39;Tmpi&#39;
         Tmvl[i] = 0;
         ^~~~
         Tmpi
/home/ec2-user/arduino-testlib/cli-datadir/user/libraries/FFT_C/src/FFT_C.h:34:20: error: &#39;Tmvl&#39; was not declared in this scope
             Tmpr = Tmvl[i];
                    ^~~~
/home/ec2-user/arduino-testlib/cli-datadir/user/libraries/FFT_C/src/FFT_C.h:34:20: note: suggested alternative: &#39;Tmpi&#39;
             Tmpr = Tmvl[i];
                    ^~~~
                    Tmpi
/home/ec2-user/arduino-testlib/cli-datadir/user/libraries/FFT_C/src/FFT_C.h:68:29: error: &#39;Tmvl&#39; was not declared in this scope
                 Tmpr = Wr * Tmvl[j] - Wi * Tmvl[j - 1];
                             ^~~~
/home/ec2-user/arduino-testlib/cli-datadir/user/libraries/FFT_C/src/FFT_C.h:68:29: note: suggested alternative: &#39;Tmpi&#39;
                 Tmpr = Wr * Tmvl[j] - Wi * Tmvl[j - 1];
                             ^~~~
                             Tmpi
/home/ec2-user/arduino-testlib/cli-datadir/user/libraries/FFT_C/src/FFT_C.h:83:25: error: &#39;Tmvl&#39; was not declared in this scope
         FTvl[i] = (int)(Tmvl[j] * Tmvl[j] &#43; Tmvl[j &#43; 1] * Tmvl[j &#43; 1]) &gt;&gt; 18;
                         ^~~~
/home/ec2-user/arduino-testlib/cli-datadir/user/libraries/FFT_C/src/FFT_C.h:83:25: note: suggested alternative: &#39;Tmpi&#39;
         FTvl[i] = (int)(Tmvl[j] * Tmvl[j] &#43; Tmvl[j &#43; 1] * Tmvl[j &#43; 1]) &gt;&gt; 18;
                         ^~~~
                         Tmpi

</pre>

					
					<h4>examples/FFTtest</h4>
					<p>
						Result: <b>FAIL</b>
					</p>
					<pre class="pre-scrollable">/home/ec2-user/arduino-testlib/cli-datadir/user/libraries/FFT_C/examples/FFTtest/FFTtest.ino: In function &#39;void setup()&#39;:
/home/ec2-user/arduino-testlib/cli-datadir/user/libraries/FFT_C/examples/FFTtest/FFTtest.ino:20:19: error: &#39;D4&#39; was not declared in this scope
 #define STRIP_PIN D4        // пин ленты
                   ^
/home/ec2-user/arduino-testlib/cli-datadir/user/libraries/FFT_C/examples/FFTtest/FFTtest.ino:28:31: note: in expansion of macro &#39;STRIP_PIN&#39;
   FastLED.addLeds&lt;STRIP_CHIP, STRIP_PIN, STRIP_COLOR&gt;(leds, 8);
                               ^~~~~~~~~
/home/ec2-user/arduino-testlib/cli-datadir/user/libraries/FFT_C/examples/FFTtest/FFTtest.ino:20:19: note: suggested alternative: &#39;A4&#39;
 #define STRIP_PIN D4        // пин ленты
                   ^
/home/ec2-user/arduino-testlib/cli-datadir/user/libraries/FFT_C/examples/FFTtest/FFTtest.ino:28:31: note: in expansion of macro &#39;STRIP_PIN&#39;
   FastLED.addLeds&lt;STRIP_CHIP, STRIP_PIN, STRIP_COLOR&gt;(leds, 8);
                               ^~~~~~~~~
/home/ec2-user/arduino-testlib/cli-datadir/user/libraries/FFT_C/examples/FFTtest/FFTtest.ino:28:62: error: no matching function for call to &#39;CFastLED::addLeds&lt;WS2812, &lt;expression error&gt;, GRB&gt;(CRGB [8], int)&#39;
   FastLED.addLeds&lt;STRIP_CHIP, STRIP_PIN, STRIP_COLOR&gt;(leds, 8);
                                                              ^
In file included from /home/ec2-user/arduino-testlib/cli-datadir/user/libraries/FFT_C/examples/FFTtest/FFTtest.ino:24:0:
/home/ec2-user/arduino-testlib/cli-datadir/user/libraries/FastLED/src/FastLED.h:225:130: note: candidate: template&lt;ESPIChipsets CHIPSET, unsigned char DATA_PIN, unsigned char CLOCK_PIN, EOrder RGB_ORDER, long unsigned int SPI_DATA_RATE&gt; CLEDController&amp; CFastLED::addLeds(CRGB*, int, int)
  template&lt;ESPIChipsets CHIPSET,  uint8_t DATA_PIN, uint8_t CLOCK_PIN, EOrder RGB_ORDER, uint32_t SPI_DATA_RATE &gt; CLEDController &amp;addLeds(struct CRGB *data, int nLedsOrOffset, int nLedsIfOffset = 0) {
                                                                                                                                  ^~~~~~~
/home/ec2-user/arduino-testlib/cli-datadir/user/libraries/FastLED/src/FastLED.h:225:130: note:   template argument deduction/substitution failed:
/home/ec2-user/arduino-testlib/cli-datadir/user/libraries/FFT_C/examples/FFTtest/FFTtest.ino:28:62: error: template argument 2 is invalid
   FastLED.addLeds&lt;STRIP_CHIP, STRIP_PIN, STRIP_COLOR&gt;(leds, 8);
                                                              ^
In file included from /home/ec2-user/arduino-testlib/cli-datadir/user/libraries/FFT_C/examples/FFTtest/FFTtest.ino:24:0:
/home/ec2-user/arduino-testlib/cli-datadir/user/libraries/FastLED/src/FastLED.h:239:95: note: candidate: template&lt;ESPIChipsets CHIPSET, unsigned char DATA_PIN, unsigned char CLOCK_PIN&gt; static CLEDController&amp; CFastLED::addLeds(CRGB*, int, int)
  template&lt;ESPIChipsets CHIPSET,  uint8_t DATA_PIN, uint8_t CLOCK_PIN &gt; static CLEDController &amp;addLeds(struct CRGB *data, int nLedsOrOffset, int nLedsIfOffset = 0) {
                                                                                               ^~~~~~~
/home/ec2-user/arduino-testlib/cli-datadir/user/libraries/FastLED/src/FastLED.h:239:95: note:   template argument deduction/substitution failed:
/home/ec2-user/arduino-testlib/cli-datadir/user/libraries/FFT_C/examples/FFTtest/FFTtest.ino:28:62: error: template argument 2 is invalid
   FastLED.addLeds&lt;STRIP_CHIP, STRIP_PIN, STRIP_COLOR&gt;(leds, 8);
                                                              ^
In file included from /home/ec2-user/arduino-testlib/cli-datadir/user/libraries/FFT_C/examples/FFTtest/FFTtest.ino:24:0:
/home/ec2-user/arduino-testlib/cli-datadir/user/libraries/FastLED/src/FastLED.h:253:113: note: candidate: template&lt;ESPIChipsets CHIPSET, unsigned char DATA_PIN, unsigned char CLOCK_PIN, EOrder RGB_ORDER&gt; static CLEDController&amp; CFastLED::addLeds(CRGB*, int, int)
  template&lt;ESPIChipsets CHIPSET,  uint8_t DATA_PIN, uint8_t CLOCK_PIN, EOrder RGB_ORDER &gt; static CLEDController &amp;addLeds(struct CRGB *data, int nLedsOrOffset, int nLedsIfOffset = 0) {
                                                                                                                 ^~~~~~~
/home/ec2-user/arduino-testlib/cli-datadir/user/libraries/FastLED/src/FastLED.h:253:113: note:   template argument deduction/substitution failed:
/home/ec2-user/arduino-testlib/cli-datadir/user/libraries/FFT_C/examples/FFTtest/FFTtest.ino:28:62: error: template argument 2 is invalid
   FastLED.addLeds&lt;STRIP_CHIP, STRIP_PIN, STRIP_COLOR&gt;(leds, 8);
                                                              ^
In file included from /home/ec2-user/arduino-testlib/cli-datadir/user/libraries/FFT_C/examples/FFTtest/FFTtest.ino:24:0:
/home/ec2-user/arduino-testlib/cli-datadir/user/libraries/FastLED/src/FastLED.h:268:56: note: candidate: template&lt;ESPIChipsets CHIPSET&gt; static CLEDController&amp; CFastLED::addLeds(CRGB*, int, int)
  template&lt;ESPIChipsets CHIPSET&gt; static CLEDController &amp;addLeds(struct CRGB *data, int nLedsOrOffset, int nLedsIfOffset = 0) {
                                                        ^~~~~~~
/home/ec2-user/arduino-testlib/cli-datadir/user/libraries/FastLED/src/FastLED.h:268:56: note:   template argument deduction/substitution failed:
/home/ec2-user/arduino-testlib/cli-datadir/user/libraries/FFT_C/examples/FFTtest/FFTtest.ino:28:62: error: wrong number of template arguments (3, should be 1)
   FastLED.addLeds&lt;STRIP_CHIP, STRIP_PIN, STRIP_COLOR&gt;(leds, 8);
                                                              ^
In file included from /home/ec2-user/arduino-testlib/cli-datadir/user/libraries/FFT_C/examples/FFTtest/FFTtest.ino:24:0:
/home/ec2-user/arduino-testlib/cli-datadir/user/libraries/FastLED/src/FastLED.h:272:74: note: candidate: template&lt;ESPIChipsets CHIPSET, EOrder RGB_ORDER&gt; static CLEDController&amp; CFastLED::addLeds(CRGB*, int, int)
  template&lt;ESPIChipsets CHIPSET, EOrder RGB_ORDER&gt; static CLEDController &amp;addLeds(struct CRGB *data, int nLedsOrOffset, int nLedsIfOffset = 0) {
                                                                          ^~~~~~~
/home/ec2-user/arduino-testlib/cli-datadir/user/libraries/FastLED/src/FastLED.h:272:74: note:   template argument deduction/substitution failed:
/home/ec2-user/arduino-testlib/cli-datadir/user/libraries/FFT_C/examples/FFTtest/FFTtest.ino:28:62: error: wrong number of template arguments (3, should be 2)
   FastLED.addLeds&lt;STRIP_CHIP, STRIP_PIN, STRIP_COLOR&gt;(leds, 8);
                                                              ^
In file included from /home/ec2-user/arduino-testlib/cli-datadir/user/libraries/FFT_C/examples/FFTtest/FFTtest.ino:24:0:
/home/ec2-user/arduino-testlib/cli-datadir/user/libraries/FastLED/src/FastLED.h:276:98: note: candidate: template&lt;ESPIChipsets CHIPSET, EOrder RGB_ORDER, long unsigned int SPI_DATA_RATE&gt; static CLEDController&amp; CFastLED::addLeds(CRGB*, int, int)
  template&lt;ESPIChipsets CHIPSET, EOrder RGB_ORDER, uint32_t SPI_DATA_RATE&gt; static CLEDController &amp;addLeds(struct CRGB *data, int nLedsOrOffset, int nLedsIfOffset = 0) {
                                                                                                  ^~~~~~~
/home/ec2-user/arduino-testlib/cli-datadir/user/libraries/FastLED/src/FastLED.h:276:98: note:   template argument deduction/substitution failed:
/home/ec2-user/arduino-testlib/cli-datadir/user/libraries/FFT_C/examples/FFTtest/FFTtest.ino:28:62: error: template argument 2 is invalid
   FastLED.addLeds&lt;STRIP_CHIP, STRIP_PIN, STRIP_COLOR&gt;(leds, 8);
                                                              ^
In file included from /home/ec2-user/arduino-testlib/cli-datadir/user/libraries/FFT_C/examples/FFTtest/FFTtest.ino:24:0:
/home/ec2-user/arduino-testlib/cli-datadir/user/libraries/FastLED/src/FastLED.h:303:25: note: candidate: template&lt;template&lt;unsigned char DATA_PIN, EOrder RGB_ORDER&gt; class CHIPSET, unsigned char DATA_PIN, EOrder RGB_ORDER&gt; static CLEDController&amp; CFastLED::addLeds(CRGB*, int, int)
  static CLEDController &amp;addLeds(struct CRGB *data, int nLedsOrOffset, int nLedsIfOffset = 0) {
                         ^~~~~~~
/home/ec2-user/arduino-testlib/cli-datadir/user/libraries/FastLED/src/FastLED.h:303:25: note:   template argument deduction/substitution failed:
/home/ec2-user/arduino-testlib/cli-datadir/user/libraries/FFT_C/examples/FFTtest/FFTtest.ino:28:62: error: template argument 2 is invalid
   FastLED.addLeds&lt;STRIP_CHIP, STRIP_PIN, STRIP_COLOR&gt;(leds, 8);
                                                              ^
In file included from /home/ec2-user/arduino-testlib/cli-datadir/user/libraries/FFT_C/examples/FFTtest/FFTtest.ino:24:0:
/home/ec2-user/arduino-testlib/cli-datadir/user/libraries/FastLED/src/FastLED.h:309:25: note: candidate: template&lt;template&lt;unsigned char DATA_PIN, EOrder RGB_ORDER&gt; class CHIPSET, unsigned char DATA_PIN&gt; static CLEDController&amp; CFastLED::addLeds(CRGB*, int, int)
  static CLEDController &amp;addLeds(struct CRGB *data, int nLedsOrOffset, int nLedsIfOffset = 0) {
                         ^~~~~~~
/home/ec2-user/arduino-testlib/cli-datadir/user/libraries/FastLED/src/FastLED.h:309:25: note:   template argument deduction/substitution failed:
/home/ec2-user/arduino-testlib/cli-datadir/user/libraries/FFT_C/examples/FFTtest/FFTtest.ino:28:62: error: wrong number of template arguments (3, should be 2)
   FastLED.addLeds&lt;STRIP_CHIP, STRIP_PIN, STRIP_COLOR&gt;(leds, 8);
                                                              ^
In file included from /home/ec2-user/arduino-testlib/cli-datadir/user/libraries/FFT_C/examples/FFTtest/FFTtest.ino:24:0:
/home/ec2-user/arduino-testlib/cli-datadir/user/libraries/FastLED/src/FastLED.h:315:25: note: candidate: template&lt;template&lt;unsigned char DATA_PIN&gt; class CHIPSET, unsigned char DATA_PIN&gt; static CLEDController&amp; CFastLED::addLeds(CRGB*, int, int)
  static CLEDController &amp;addLeds(struct CRGB *data, int nLedsOrOffset, int nLedsIfOffset = 0) {
      </pre>
					
				
				<h3 id="esp32:esp32:d1_mini32">esp32:esp32:d1_mini32 @ 1.0.6</h3>
				<h4>Inclusion</h4>
				<p>
					Result: <b>FAIL</b>
					
				</p>
				<pre class="pre-scrollable">In file included from /tmp/arduino-testlib577086745/test/test.ino:1:0:
/home/ec2-user/arduino-testlib/cli-datadir/user/libraries/FFT_C/src/FFT_C.h: In function &#39;void FFT(int*, int*)&#39;:
/home/ec2-user/arduino-testlib/cli-datadir/user/libraries/FFT_C/src/FFT_C.h:23:28: error: &#39;FFT_SIZE&#39; was not declared in this scope
     float Tmpr, Tmpi, Tmvl[FFT_SIZE * 2];
                            ^
/home/ec2-user/arduino-testlib/cli-datadir/user/libraries/FFT_C/src/FFT_C.h:27:9: error: &#39;Tmvl&#39; was not declared in this scope
         Tmvl[i] = 0;
         ^
/home/ec2-user/arduino-testlib/cli-datadir/user/libraries/FFT_C/src/FFT_C.h:34:20: error: &#39;Tmvl&#39; was not declared in this scope
             Tmpr = Tmvl[i];
                    ^
/home/ec2-user/arduino-testlib/cli-datadir/user/libraries/FFT_C/src/FFT_C.h:68:29: error: &#39;Tmvl&#39; was not declared in this scope
                 Tmpr = Wr * Tmvl[j] - Wi * Tmvl[j - 1];
                             ^
/home/ec2-user/arduino-testlib/cli-datadir/user/libraries/FFT_C/src/FFT_C.h:83:25: error: &#39;Tmvl&#39; was not declared in this scope
         FTvl[i] = (int)(Tmvl[j] * Tmvl[j] &#43; Tmvl[j &#43; 1] * Tmvl[j &#43; 1]) &gt;&gt; 18;
                         ^

</pre>

					
					<h4>examples/FFTtest</h4>
					<p>
						Result: <b>PASS</b>
					</p>
					<pre class="pre-scrollable">Sketch uses 230826 bytes (17%) of program storage space. Maximum is 1310720 bytes.
Global variables use 14664 bytes (4%) of dynamic memory, leaving 313016 bytes for local variables. Maximum is 327680 bytes.
In file included from /home/ec2-user/arduino-testlib/cli-datadir/user/libraries/FastLED/src/FastLED.h:67:0,
                 from /home/ec2-user/arduino-testlib/cli-datadir/user/libraries/FFT_C/examples/FFTtest/FFTtest.ino:24:
/home/ec2-user/arduino-testlib/cli-datadir/user/libraries/FastLED/src/fastspi.h:145:23: note: #pragma message: No hardware SPI pins defined.  All SPI access will default to bitbanged output
 #      pragma message &#34;No hardware SPI pins defined.  All SPI access will default to bitbanged output&#34;
                       ^
</pre>
					
				
			</div>
		</div>
	</div>
  </body>
</html>
