
<!doctype html>
<html lang="en">
  <head>
    <meta charset="utf-8">
    <meta name="viewport" content="width=device-width, initial-scale=1">
    <link href="https://cdn.jsdelivr.net/npm/bootstrap@5.0.2/dist/css/bootstrap.min.css" rel="stylesheet" integrity="sha384-EVSTQN3/azprG1Anm3QDgpJLIm9Nao0Yz1ztcQTwFspd3yD65VohhpuuCOmLASjC" crossorigin="anonymous">
    <title>arduino-testlib report</title>
	<style>
	.pass { background-color: #00FF00 !important; }
	.fail { background-color: #FF0000 !important; }
	</style>
  </head>
  <body>
	<div class="container">
		<div class="row">
			<div class="col">
				<h1>FlashStorage_STM32 - compatibility matrix</h1>
				<p>
					<small>This report was generated on Wednesday, 23-Feb-22 22:48:15 CET using 
					<a href="https://github.com/alranel/arduino-testlib">arduino-testlib</a>.</small>
				</p>

				<h2>FlashStorage_STM32</h2>
				<p>
					Version: <b>1.2.0</b>
					<br />
					<a href="https://www.arduino.cc/reference/en/libraries/flashstorage_stm32/">More details</a>
				</p>

				<h2>Compatibility matrix</h2>
				<table class="table table-bordered">
					<tr>
						<th>Board</th>
						<th>Claims compatibility</th>
						<th>Inclusion</th>
						
						<th><pre>EEPROM_write</pre></th>
						
						<th><pre>EmulateEEPROM</pre></th>
						
						<th><pre>StoreNameAndSurname</pre></th>
						
						<th><pre>multiFileProject</pre></th>
						
						<th><pre>EEPROM_Clear</pre></th>
						
						<th><pre>EEPROM_get</pre></th>
						
						<th><pre>EEPROM_iteration</pre></th>
						
						<th><pre>EEPROM_put</pre></th>
						
						<th><pre>EEPROM_CRC</pre></th>
						
						<th><pre>EEPROM_read</pre></th>
						
						<th><pre>EEPROM_update</pre></th>
						
						<th><pre>FlashStoreAndRetrieve</pre></th>
						
					</tr>
					
					<tr>
						<td>
							<a href="#arduino%3aavr%3auno"><b>arduino:avr:uno</b></a>
							<br />
							<small>1.8.4</small>
						</td>

						
						
						
						
							<td>No</td>
							<td class="fail">FAIL</td>
						

						
							
								
									
										
									
										
									
										
									
										
									
										
									
										
									
										
									
										
											
											<td class="fail">FAIL</td>
										
									
										
									
										
									
										
									
										
									
								
							
								
							
								
							
								
							
								
							
						
							
								
									
										
									
										
									
										
									
										
									
										
									
										
									
										
									
										
									
										
											
											<td class="fail">FAIL</td>
										
									
										
									
										
									
										
									
								
							
								
							
								
							
								
							
								
							
						
							
								
									
										
									
										
									
										
									
										
									
										
									
										
									
										
									
										
									
										
									
										
									
										
											
											<td class="fail">FAIL</td>
										
									
										
									
								
							
								
							
								
							
								
							
								
							
						
							
								
									
										
									
										
									
										
									
										
									
										
									
										
									
										
									
										
									
										
									
										
									
										
									
										
											
											<td class="fail">FAIL</td>
										
									
								
							
								
							
								
							
								
							
								
							
						
							
								
									
										
									
										
											
											<td class="fail">FAIL</td>
										
									
										
									
										
									
										
									
										
									
										
									
										
									
										
									
										
									
										
									
										
									
								
							
								
							
								
							
								
							
								
							
						
							
								
									
										
									
										
									
										
											
											<td class="fail">FAIL</td>
										
									
										
									
										
									
										
									
										
									
										
									
										
									
										
									
										
									
										
									
								
							
								
							
								
							
								
							
								
							
						
							
								
									
										
									
										
									
										
									
										
											
											<td class="fail">FAIL</td>
										
									
										
									
										
									
										
									
										
									
										
									
										
									
										
									
										
									
								
							
								
							
								
							
								
							
								
							
						
							
								
									
										
									
										
									
										
									
										
									
										
											
											<td class="fail">FAIL</td>
										
									
										
									
										
									
										
									
										
									
										
									
										
									
										
									
								
							
								
							
								
							
								
							
								
							
						
							
								
									
										
											
											<td class="fail">FAIL</td>
										
									
										
									
										
									
										
									
										
									
										
									
										
									
										
									
										
									
										
									
										
									
										
									
								
							
								
							
								
							
								
							
								
							
						
							
								
									
										
									
										
									
										
									
										
									
										
									
										
											
											<td class="fail">FAIL</td>
										
									
										
									
										
									
										
									
										
									
										
									
										
									
								
							
								
							
								
							
								
							
								
							
						
							
								
									
										
									
										
									
										
									
										
									
										
									
										
									
										
											
											<td class="fail">FAIL</td>
										
									
										
									
										
									
										
									
										
									
										
									
								
							
								
							
								
							
								
							
								
							
						
							
								
									
										
									
										
									
										
									
										
									
										
									
										
									
										
									
										
									
										
									
										
											
											<td class="fail">FAIL</td>
										
									
										
									
										
									
								
							
								
							
								
							
								
							
								
							
						
					</tr>
					
					<tr>
						<td>
							<a href="#arduino%3ambed_nano%3ananorp2040connect"><b>arduino:mbed_nano:nanorp2040connect</b></a>
							<br />
							<small>2.7.2</small>
						</td>

						
						
						
						
							<td>No</td>
							<td class="fail">FAIL</td>
						

						
							
								
							
								
									
										
									
										
									
										
									
										
									
										
									
										
									
										
									
										
											
											<td class="fail">FAIL</td>
										
									
										
									
										
									
										
									
										
									
								
							
								
							
								
							
								
							
						
							
								
							
								
									
										
									
										
									
										
									
										
									
										
									
										
									
										
									
										
									
										
											
											<td class="fail">FAIL</td>
										
									
										
									
										
									
										
									
								
							
								
							
								
							
								
							
						
							
								
							
								
									
										
									
										
									
										
									
										
									
										
									
										
									
										
									
										
									
										
									
										
									
										
											
											<td class="fail">FAIL</td>
										
									
										
									
								
							
								
							
								
							
								
							
						
							
								
							
								
									
										
									
										
									
										
									
										
									
										
									
										
									
										
									
										
									
										
									
										
									
										
									
										
											
											<td class="fail">FAIL</td>
										
									
								
							
								
							
								
							
								
							
						
							
								
							
								
									
										
									
										
											
											<td class="fail">FAIL</td>
										
									
										
									
										
									
										
									
										
									
										
									
										
									
										
									
										
									
										
									
										
									
								
							
								
							
								
							
								
							
						
							
								
							
								
									
										
									
										
									
										
											
											<td class="fail">FAIL</td>
										
									
										
									
										
									
										
									
										
									
										
									
										
									
										
									
										
									
										
									
								
							
								
							
								
							
								
							
						
							
								
							
								
									
										
									
										
									
										
									
										
											
											<td class="fail">FAIL</td>
										
									
										
									
										
									
										
									
										
									
										
									
										
									
										
									
										
									
								
							
								
							
								
							
								
							
						
							
								
							
								
									
										
									
										
									
										
									
										
									
										
											
											<td class="fail">FAIL</td>
										
									
										
									
										
									
										
									
										
									
										
									
										
									
										
									
								
							
								
							
								
							
								
							
						
							
								
							
								
									
										
											
											<td class="fail">FAIL</td>
										
									
										
									
										
									
										
									
										
									
										
									
										
									
										
									
										
									
										
									
										
									
										
									
								
							
								
							
								
							
								
							
						
							
								
							
								
									
										
									
										
									
										
									
										
									
										
									
										
											
											<td class="fail">FAIL</td>
										
									
										
									
										
									
										
									
										
									
										
									
										
									
								
							
								
							
								
							
								
							
						
							
								
							
								
									
										
									
										
									
										
									
										
									
										
									
										
									
										
											
											<td class="fail">FAIL</td>
										
									
										
									
										
									
										
									
										
									
										
									
								
							
								
							
								
							
								
							
						
							
								
							
								
									
										
									
										
									
										
									
										
									
										
									
										
									
										
									
										
									
										
									
										
											
											<td class="fail">FAIL</td>
										
									
										
									
										
									
								
							
								
							
								
							
								
							
						
					</tr>
					
					<tr>
						<td>
							<a href="#arduino%3amegaavr%3anona4809"><b>arduino:megaavr:nona4809</b></a>
							<br />
							<small>1.8.7</small>
						</td>

						
						
						
						
							<td>No</td>
							<td class="fail">FAIL</td>
						

						
							
								
							
								
							
								
									
										
									
										
									
										
									
										
									
										
									
										
									
										
									
										
											
											<td class="fail">FAIL</td>
										
									
										
									
										
									
										
									
										
									
								
							
								
							
								
							
						
							
								
							
								
							
								
									
										
									
										
									
										
									
										
									
										
									
										
									
										
									
										
									
										
											
											<td class="fail">FAIL</td>
										
									
										
									
										
									
										
									
								
							
								
							
								
							
						
							
								
							
								
							
								
									
										
									
										
									
										
									
										
									
										
									
										
									
										
									
										
									
										
									
										
									
										
											
											<td class="fail">FAIL</td>
										
									
										
									
								
							
								
							
								
							
						
							
								
							
								
							
								
									
										
									
										
									
										
									
										
									
										
									
										
									
										
									
										
									
										
									
										
									
										
									
										
											
											<td class="fail">FAIL</td>
										
									
								
							
								
							
								
							
						
							
								
							
								
							
								
									
										
									
										
											
											<td class="fail">FAIL</td>
										
									
										
									
										
									
										
									
										
									
										
									
										
									
										
									
										
									
										
									
										
									
								
							
								
							
								
							
						
							
								
							
								
							
								
									
										
									
										
									
										
											
											<td class="fail">FAIL</td>
										
									
										
									
										
									
										
									
										
									
										
									
										
									
										
									
										
									
										
									
								
							
								
							
								
							
						
							
								
							
								
							
								
									
										
									
										
									
										
									
										
											
											<td class="fail">FAIL</td>
										
									
										
									
										
									
										
									
										
									
										
									
										
									
										
									
										
									
								
							
								
							
								
							
						
							
								
							
								
							
								
									
										
									
										
									
										
									
										
									
										
											
											<td class="fail">FAIL</td>
										
									
										
									
										
									
										
									
										
									
										
									
										
									
										
									
								
							
								
							
								
							
						
							
								
							
								
							
								
									
										
											
											<td class="fail">FAIL</td>
										
									
										
									
										
									
										
									
										
									
										
									
										
									
										
									
										
									
										
									
										
									
										
									
								
							
								
							
								
							
						
							
								
							
								
							
								
									
										
									
										
									
										
									
										
									
										
									
										
											
											<td class="fail">FAIL</td>
										
									
										
									
										
									
										
									
										
									
										
									
										
									
								
							
								
							
								
							
						
							
								
							
								
							
								
									
										
									
										
									
										
									
										
									
										
									
										
									
										
											
											<td class="fail">FAIL</td>
										
									
										
									
										
									
										
									
										
									
										
									
								
							
								
							
								
							
						
							
								
							
								
							
								
									
										
									
										
									
										
									
										
									
										
									
										
									
										
									
										
									
										
									
										
											
											<td class="fail">FAIL</td>
										
									
										
									
										
									
								
							
								
							
								
							
						
					</tr>
					
					<tr>
						<td>
							<a href="#arduino%3asamd%3amkrwifi1010"><b>arduino:samd:mkrwifi1010</b></a>
							<br />
							<small>1.8.12</small>
						</td>

						
						
						
						
							<td>No</td>
							<td class="fail">FAIL</td>
						

						
							
								
							
								
							
								
							
								
									
										
									
										
									
										
									
										
									
										
									
										
									
										
									
										
											
											<td class="fail">FAIL</td>
										
									
										
									
										
									
										
									
										
									
								
							
								
							
						
							
								
							
								
							
								
							
								
									
										
									
										
									
										
									
										
									
										
									
										
									
										
									
										
									
										
											
											<td class="fail">FAIL</td>
										
									
										
									
										
									
										
									
								
							
								
							
						
							
								
							
								
							
								
							
								
									
										
									
										
									
										
									
										
									
										
									
										
									
										
									
										
									
										
									
										
									
										
											
											<td class="fail">FAIL</td>
										
									
										
									
								
							
								
							
						
							
								
							
								
							
								
							
								
									
										
									
										
									
										
									
										
									
										
									
										
									
										
									
										
									
										
									
										
									
										
									
										
											
											<td class="fail">FAIL</td>
										
									
								
							
								
							
						
							
								
							
								
							
								
							
								
									
										
									
										
											
											<td class="fail">FAIL</td>
										
									
										
									
										
									
										
									
										
									
										
									
										
									
										
									
										
									
										
									
										
									
								
							
								
							
						
							
								
							
								
							
								
							
								
									
										
									
										
									
										
											
											<td class="fail">FAIL</td>
										
									
										
									
										
									
										
									
										
									
										
									
										
									
										
									
										
									
										
									
								
							
								
							
						
							
								
							
								
							
								
							
								
									
										
									
										
									
										
									
										
											
											<td class="fail">FAIL</td>
										
									
										
									
										
									
										
									
										
									
										
									
										
									
										
									
										
									
								
							
								
							
						
							
								
							
								
							
								
							
								
									
										
									
										
									
										
									
										
									
										
											
											<td class="fail">FAIL</td>
										
									
										
									
										
									
										
									
										
									
										
									
										
									
										
									
								
							
								
							
						
							
								
							
								
							
								
							
								
									
										
											
											<td class="fail">FAIL</td>
										
									
										
									
										
									
										
									
										
									
										
									
										
									
										
									
										
									
										
									
										
									
										
									
								
							
								
							
						
							
								
							
								
							
								
							
								
									
										
									
										
									
										
									
										
									
										
									
										
											
											<td class="fail">FAIL</td>
										
									
										
									
										
									
										
									
										
									
										
									
										
									
								
							
								
							
						
							
								
							
								
							
								
							
								
									
										
									
										
									
										
									
										
									
										
									
										
									
										
											
											<td class="fail">FAIL</td>
										
									
										
									
										
									
										
									
										
									
										
									
								
							
								
							
						
							
								
							
								
							
								
							
								
									
										
									
										
									
										
									
										
									
										
									
										
									
										
									
										
									
										
									
										
											
											<td class="fail">FAIL</td>
										
									
										
									
										
									
								
							
								
							
						
					</tr>
					
					<tr>
						<td>
							<a href="#esp32%3aesp32%3ad1_mini32"><b>esp32:esp32:d1_mini32</b></a>
							<br />
							<small>1.0.6</small>
						</td>

						
						
						
						
							<td>No</td>
							<td class="fail">FAIL</td>
						

						
							
								
							
								
							
								
							
								
							
								
									
										
									
										
									
										
									
										
									
										
									
										
									
										
									
										
											
											<td class="fail">FAIL</td>
										
									
										
									
										
									
										
									
										
									
								
							
						
							
								
							
								
							
								
							
								
							
								
									
										
									
										
									
										
									
										
									
										
									
										
									
										
									
										
									
										
											
											<td class="fail">FAIL</td>
										
									
										
									
										
									
										
									
								
							
						
							
								
							
								
							
								
							
								
							
								
									
										
									
										
									
										
									
										
									
										
									
										
									
										
									
										
									
										
									
										
									
										
											
											<td class="fail">FAIL</td>
										
									
										
									
								
							
						
							
								
							
								
							
								
							
								
							
								
									
										
									
										
									
										
									
										
									
										
									
										
									
										
									
										
									
										
									
										
									
										
									
										
											
											<td class="fail">FAIL</td>
										
									
								
							
						
							
								
							
								
							
								
							
								
							
								
									
										
									
										
											
											<td class="fail">FAIL</td>
										
									
										
									
										
									
										
									
										
									
										
									
										
									
										
									
										
									
										
									
										
									
								
							
						
							
								
							
								
							
								
							
								
							
								
									
										
									
										
									
										
											
											<td class="fail">FAIL</td>
										
									
										
									
										
									
										
									
										
									
										
									
										
									
										
									
										
									
										
									
								
							
						
							
								
							
								
							
								
							
								
							
								
									
										
									
										
									
										
									
										
											
											<td class="fail">FAIL</td>
										
									
										
									
										
									
										
									
										
									
										
									
										
									
										
									
										
									
								
							
						
							
								
							
								
							
								
							
								
							
								
									
										
									
										
									
										
									
										
									
										
											
											<td class="fail">FAIL</td>
										
									
										
									
										
									
										
									
										
									
										
									
										
									
										
									
								
							
						
							
								
							
								
							
								
							
								
							
								
									
										
											
											<td class="fail">FAIL</td>
										
									
										
									
										
									
										
									
										
									
										
									
										
									
										
									
										
									
										
									
										
									
										
									
								
							
						
							
								
							
								
							
								
							
								
							
								
									
										
									
										
									
										
									
										
									
										
									
										
											
											<td class="fail">FAIL</td>
										
									
										
									
										
									
										
									
										
									
										
									
										
									
								
							
						
							
								
							
								
							
								
							
								
							
								
									
										
									
										
									
										
									
										
									
										
									
										
									
										
											
											<td class="fail">FAIL</td>
										
									
										
									
										
									
										
									
										
									
										
									
								
							
						
							
								
							
								
							
								
							
								
							
								
									
										
									
										
									
										
									
										
									
										
									
										
									
										
									
										
									
										
									
										
											
											<td class="fail">FAIL</td>
										
									
										
									
										
									
								
							
						
					</tr>
					
				</table>

				<h2>Compilation logs</h2>
				
				<h3 id="arduino:avr:uno">arduino:avr:uno @ 1.8.4</h3>
				<h4>Inclusion</h4>
				<p>
					Result: <b>FAIL</b>
					
				</p>
				<pre class="pre-scrollable">In file included from /tmp/arduino-testlib923574352/test/test.ino:1:0:
/home/ec2-user/arduino-testlib/cli-datadir/user/libraries/FlashStorage_STM32/src/FlashStorage_STM32.h:34:4: error: #error This code is intended to run on STM32F/L/H/G/WB/MP1 platform! Please check your Tools-&gt;Board setting.
   #error This code is intended to run on STM32F/L/H/G/WB/MP1 platform! Please check your Tools-&gt;Board setting.
    ^~~~~
In file included from /home/ec2-user/arduino-testlib/cli-datadir/user/libraries/FlashStorage_STM32/src/FlashStorage_STM32.hpp:47:0,
                 from /home/ec2-user/arduino-testlib/cli-datadir/user/libraries/FlashStorage_STM32/src/FlashStorage_STM32.h:37,
                 from /tmp/arduino-testlib923574352/test/test.ino:1:
/home/ec2-user/arduino-testlib/cli-datadir/user/libraries/FlashStorage_STM32/src/utility/stm32_eeprom.hpp:65:10: fatal error: stm32_def.h: No such file or directory
 #include &#34;stm32_def.h&#34;
          ^~~~~~~~~~~~~
compilation terminated.

</pre>

					
					<h4>examples/EEPROM_CRC</h4>
					<p>
						Result: <b>FAIL</b>
					</p>
					<pre class="pre-scrollable">In file included from /home/ec2-user/arduino-testlib/cli-datadir/user/libraries/FlashStorage_STM32/examples/EEPROM_CRC/EEPROM_CRC.ino:24:0:
/home/ec2-user/arduino-testlib/cli-datadir/user/libraries/FlashStorage_STM32/src/FlashStorage_STM32.h:34:4: error: #error This code is intended to run on STM32F/L/H/G/WB/MP1 platform! Please check your Tools-&gt;Board setting.
   #error This code is intended to run on STM32F/L/H/G/WB/MP1 platform! Please check your Tools-&gt;Board setting.
    ^~~~~
In file included from /home/ec2-user/arduino-testlib/cli-datadir/user/libraries/FlashStorage_STM32/src/FlashStorage_STM32.hpp:47:0,
                 from /home/ec2-user/arduino-testlib/cli-datadir/user/libraries/FlashStorage_STM32/src/FlashStorage_STM32.h:37,
                 from /home/ec2-user/arduino-testlib/cli-datadir/user/libraries/FlashStorage_STM32/examples/EEPROM_CRC/EEPROM_CRC.ino:24:
/home/ec2-user/arduino-testlib/cli-datadir/user/libraries/FlashStorage_STM32/src/utility/stm32_eeprom.hpp:65:10: fatal error: stm32_def.h: No such file or directory
 #include &#34;stm32_def.h&#34;
          ^~~~~~~~~~~~~
compilation terminated.

</pre>
					
					<h4>examples/EEPROM_Clear</h4>
					<p>
						Result: <b>FAIL</b>
					</p>
					<pre class="pre-scrollable">In file included from /home/ec2-user/arduino-testlib/cli-datadir/user/libraries/FlashStorage_STM32/examples/EEPROM_Clear/EEPROM_Clear.ino:16:0:
/home/ec2-user/arduino-testlib/cli-datadir/user/libraries/FlashStorage_STM32/src/FlashStorage_STM32.h:34:4: error: #error This code is intended to run on STM32F/L/H/G/WB/MP1 platform! Please check your Tools-&gt;Board setting.
   #error This code is intended to run on STM32F/L/H/G/WB/MP1 platform! Please check your Tools-&gt;Board setting.
    ^~~~~
In file included from /home/ec2-user/arduino-testlib/cli-datadir/user/libraries/FlashStorage_STM32/src/FlashStorage_STM32.hpp:47:0,
                 from /home/ec2-user/arduino-testlib/cli-datadir/user/libraries/FlashStorage_STM32/src/FlashStorage_STM32.h:37,
                 from /home/ec2-user/arduino-testlib/cli-datadir/user/libraries/FlashStorage_STM32/examples/EEPROM_Clear/EEPROM_Clear.ino:16:
/home/ec2-user/arduino-testlib/cli-datadir/user/libraries/FlashStorage_STM32/src/utility/stm32_eeprom.hpp:65:10: fatal error: stm32_def.h: No such file or directory
 #include &#34;stm32_def.h&#34;
          ^~~~~~~~~~~~~
compilation terminated.

</pre>
					
					<h4>examples/EEPROM_get</h4>
					<p>
						Result: <b>FAIL</b>
					</p>
					<pre class="pre-scrollable">In file included from /home/ec2-user/arduino-testlib/cli-datadir/user/libraries/FlashStorage_STM32/examples/EEPROM_get/EEPROM_get.ino:30:0:
/home/ec2-user/arduino-testlib/cli-datadir/user/libraries/FlashStorage_STM32/src/FlashStorage_STM32.h:34:4: error: #error This code is intended to run on STM32F/L/H/G/WB/MP1 platform! Please check your Tools-&gt;Board setting.
   #error This code is intended to run on STM32F/L/H/G/WB/MP1 platform! Please check your Tools-&gt;Board setting.
    ^~~~~
In file included from /home/ec2-user/arduino-testlib/cli-datadir/user/libraries/FlashStorage_STM32/src/FlashStorage_STM32.hpp:47:0,
                 from /home/ec2-user/arduino-testlib/cli-datadir/user/libraries/FlashStorage_STM32/src/FlashStorage_STM32.h:37,
                 from /home/ec2-user/arduino-testlib/cli-datadir/user/libraries/FlashStorage_STM32/examples/EEPROM_get/EEPROM_get.ino:30:
/home/ec2-user/arduino-testlib/cli-datadir/user/libraries/FlashStorage_STM32/src/utility/stm32_eeprom.hpp:65:10: fatal error: stm32_def.h: No such file or directory
 #include &#34;stm32_def.h&#34;
          ^~~~~~~~~~~~~
compilation terminated.

</pre>
					
					<h4>examples/EEPROM_iteration</h4>
					<p>
						Result: <b>FAIL</b>
					</p>
					<pre class="pre-scrollable">In file included from /home/ec2-user/arduino-testlib/cli-datadir/user/libraries/FlashStorage_STM32/examples/EEPROM_iteration/EEPROM_iteration.ino:26:0:
/home/ec2-user/arduino-testlib/cli-datadir/user/libraries/FlashStorage_STM32/src/FlashStorage_STM32.h:34:4: error: #error This code is intended to run on STM32F/L/H/G/WB/MP1 platform! Please check your Tools-&gt;Board setting.
   #error This code is intended to run on STM32F/L/H/G/WB/MP1 platform! Please check your Tools-&gt;Board setting.
    ^~~~~
In file included from /home/ec2-user/arduino-testlib/cli-datadir/user/libraries/FlashStorage_STM32/src/FlashStorage_STM32.hpp:47:0,
                 from /home/ec2-user/arduino-testlib/cli-datadir/user/libraries/FlashStorage_STM32/src/FlashStorage_STM32.h:37,
                 from /home/ec2-user/arduino-testlib/cli-datadir/user/libraries/FlashStorage_STM32/examples/EEPROM_iteration/EEPROM_iteration.ino:26:
/home/ec2-user/arduino-testlib/cli-datadir/user/libraries/FlashStorage_STM32/src/utility/stm32_eeprom.hpp:65:10: fatal error: stm32_def.h: No such file or directory
 #include &#34;stm32_def.h&#34;
          ^~~~~~~~~~~~~
compilation terminated.

</pre>
					
					<h4>examples/EEPROM_put</h4>
					<p>
						Result: <b>FAIL</b>
					</p>
					<pre class="pre-scrollable">In file included from /home/ec2-user/arduino-testlib/cli-datadir/user/libraries/FlashStorage_STM32/examples/EEPROM_put/EEPROM_put.ino:28:0:
/home/ec2-user/arduino-testlib/cli-datadir/user/libraries/FlashStorage_STM32/src/FlashStorage_STM32.h:34:4: error: #error This code is intended to run on STM32F/L/H/G/WB/MP1 platform! Please check your Tools-&gt;Board setting.
   #error This code is intended to run on STM32F/L/H/G/WB/MP1 platform! Please check your Tools-&gt;Board setting.
    ^~~~~
In file included from /home/ec2-user/arduino-testlib/cli-datadir/user/libraries/FlashStorage_STM32/src/FlashStorage_STM32.hpp:47:0,
                 from /home/ec2-user/arduino-testlib/cli-datadir/user/libraries/FlashStorage_STM32/src/FlashStorage_STM32.h:37,
                 from /home/ec2-user/arduino-testlib/cli-datadir/user/libraries/FlashStorage_STM32/examples/EEPROM_put/EEPROM_put.ino:28:
/home/ec2-user/arduino-testlib/cli-datadir/user/libraries/FlashStorage_STM32/src/utility/stm32_eeprom.hpp:65:10: fatal error: stm32_def.h: No such file or directory
 #include &#34;stm32_def.h&#34;
          ^~~~~~~~~~~~~
compilation terminated.

</pre>
					
					<h4>examples/EEPROM_read</h4>
					<p>
						Result: <b>FAIL</b>
					</p>
					<pre class="pre-scrollable">In file included from /home/ec2-user/arduino-testlib/cli-datadir/user/libraries/FlashStorage_STM32/examples/EEPROM_read/EEPROM_read.ino:22:0:
/home/ec2-user/arduino-testlib/cli-datadir/user/libraries/FlashStorage_STM32/src/FlashStorage_STM32.h:34:4: error: #error This code is intended to run on STM32F/L/H/G/WB/MP1 platform! Please check your Tools-&gt;Board setting.
   #error This code is intended to run on STM32F/L/H/G/WB/MP1 platform! Please check your Tools-&gt;Board setting.
    ^~~~~
In file included from /home/ec2-user/arduino-testlib/cli-datadir/user/libraries/FlashStorage_STM32/src/FlashStorage_STM32.hpp:47:0,
                 from /home/ec2-user/arduino-testlib/cli-datadir/user/libraries/FlashStorage_STM32/src/FlashStorage_STM32.h:37,
                 from /home/ec2-user/arduino-testlib/cli-datadir/user/libraries/FlashStorage_STM32/examples/EEPROM_read/EEPROM_read.ino:22:
/home/ec2-user/arduino-testlib/cli-datadir/user/libraries/FlashStorage_STM32/src/utility/stm32_eeprom.hpp:65:10: fatal error: stm32_def.h: No such file or directory
 #include &#34;stm32_def.h&#34;
          ^~~~~~~~~~~~~
compilation terminated.

</pre>
					
					<h4>examples/EEPROM_update</h4>
					<p>
						Result: <b>FAIL</b>
					</p>
					<pre class="pre-scrollable">In file included from /home/ec2-user/arduino-testlib/cli-datadir/user/libraries/FlashStorage_STM32/examples/EEPROM_update/EEPROM_update.ino:28:0:
/home/ec2-user/arduino-testlib/cli-datadir/user/libraries/FlashStorage_STM32/src/FlashStorage_STM32.h:34:4: error: #error This code is intended to run on STM32F/L/H/G/WB/MP1 platform! Please check your Tools-&gt;Board setting.
   #error This code is intended to run on STM32F/L/H/G/WB/MP1 platform! Please check your Tools-&gt;Board setting.
    ^~~~~
In file included from /home/ec2-user/arduino-testlib/cli-datadir/user/libraries/FlashStorage_STM32/src/FlashStorage_STM32.hpp:47:0,
                 from /home/ec2-user/arduino-testlib/cli-datadir/user/libraries/FlashStorage_STM32/src/FlashStorage_STM32.h:37,
                 from /home/ec2-user/arduino-testlib/cli-datadir/user/libraries/FlashStorage_STM32/examples/EEPROM_update/EEPROM_update.ino:28:
/home/ec2-user/arduino-testlib/cli-datadir/user/libraries/FlashStorage_STM32/src/utility/stm32_eeprom.hpp:65:10: fatal error: stm32_def.h: No such file or directory
 #include &#34;stm32_def.h&#34;
          ^~~~~~~~~~~~~
compilation terminated.

</pre>
					
					<h4>examples/EEPROM_write</h4>
					<p>
						Result: <b>FAIL</b>
					</p>
					<pre class="pre-scrollable">In file included from /home/ec2-user/arduino-testlib/cli-datadir/user/libraries/FlashStorage_STM32/examples/EEPROM_write/EEPROM_write.ino:22:0:
/home/ec2-user/arduino-testlib/cli-datadir/user/libraries/FlashStorage_STM32/src/FlashStorage_STM32.h:34:4: error: #error This code is intended to run on STM32F/L/H/G/WB/MP1 platform! Please check your Tools-&gt;Board setting.
   #error This code is intended to run on STM32F/L/H/G/WB/MP1 platform! Please check your Tools-&gt;Board setting.
    ^~~~~
In file included from /home/ec2-user/arduino-testlib/cli-datadir/user/libraries/FlashStorage_STM32/src/FlashStorage_STM32.hpp:47:0,
                 from /home/ec2-user/arduino-testlib/cli-datadir/user/libraries/FlashStorage_STM32/src/FlashStorage_STM32.h:37,
                 from /home/ec2-user/arduino-testlib/cli-datadir/user/libraries/FlashStorage_STM32/examples/EEPROM_write/EEPROM_write.ino:22:
/home/ec2-user/arduino-testlib/cli-datadir/user/libraries/FlashStorage_STM32/src/utility/stm32_eeprom.hpp:65:10: fatal error: stm32_def.h: No such file or directory
 #include &#34;stm32_def.h&#34;
          ^~~~~~~~~~~~~
compilation terminated.

</pre>
					
					<h4>examples/EmulateEEPROM</h4>
					<p>
						Result: <b>FAIL</b>
					</p>
					<pre class="pre-scrollable">In file included from /home/ec2-user/arduino-testlib/cli-datadir/user/libraries/FlashStorage_STM32/examples/EmulateEEPROM/EmulateEEPROM.ino:18:0:
/home/ec2-user/arduino-testlib/cli-datadir/user/libraries/FlashStorage_STM32/src/FlashStorage_STM32.h:34:4: error: #error This code is intended to run on STM32F/L/H/G/WB/MP1 platform! Please check your Tools-&gt;Board setting.
   #error This code is intended to run on STM32F/L/H/G/WB/MP1 platform! Please check your Tools-&gt;Board setting.
    ^~~~~
In file included from /home/ec2-user/arduino-testlib/cli-datadir/user/libraries/FlashStorage_STM32/src/FlashStorage_STM32.hpp:47:0,
                 from /home/ec2-user/arduino-testlib/cli-datadir/user/libraries/FlashStorage_STM32/src/FlashStorage_STM32.h:37,
                 from /home/ec2-user/arduino-testlib/cli-datadir/user/libraries/FlashStorage_STM32/examples/EmulateEEPROM/EmulateEEPROM.ino:18:
/home/ec2-user/arduino-testlib/cli-datadir/user/libraries/FlashStorage_STM32/src/utility/stm32_eeprom.hpp:65:10: fatal error: stm32_def.h: No such file or directory
 #include &#34;stm32_def.h&#34;
          ^~~~~~~~~~~~~
compilation terminated.

</pre>
					
					<h4>examples/FlashStoreAndRetrieve</h4>
					<p>
						Result: <b>FAIL</b>
					</p>
					<pre class="pre-scrollable">In file included from /home/ec2-user/arduino-testlib/cli-datadir/user/libraries/FlashStorage_STM32/examples/FlashStoreAndRetrieve/FlashStoreAndRetrieve.ino:16:0:
/home/ec2-user/arduino-testlib/cli-datadir/user/libraries/FlashStorage_STM32/src/FlashStorage_STM32.h:34:4: error: #error This code is intended to run on STM32F/L/H/G/WB/MP1 platform! Please check your Tools-&gt;Board setting.
   #error This code is intended to run on STM32F/L/H/G/WB/MP1 platform! Please check your Tools-&gt;Board setting.
    ^~~~~
In file included from /home/ec2-user/arduino-testlib/cli-datadir/user/libraries/FlashStorage_STM32/src/FlashStorage_STM32.hpp:47:0,
                 from /home/ec2-user/arduino-testlib/cli-datadir/user/libraries/FlashStorage_STM32/src/FlashStorage_STM32.h:37,
                 from /home/ec2-user/arduino-testlib/cli-datadir/user/libraries/FlashStorage_STM32/examples/FlashStoreAndRetrieve/FlashStoreAndRetrieve.ino:16:
/home/ec2-user/arduino-testlib/cli-datadir/user/libraries/FlashStorage_STM32/src/utility/stm32_eeprom.hpp:65:10: fatal error: stm32_def.h: No such file or directory
 #include &#34;stm32_def.h&#34;
          ^~~~~~~~~~~~~
compilation terminated.

</pre>
					
					<h4>examples/StoreNameAndSurname</h4>
					<p>
						Result: <b>FAIL</b>
					</p>
					<pre class="pre-scrollable">In file included from /home/ec2-user/arduino-testlib/cli-datadir/user/libraries/FlashStorage_STM32/examples/StoreNameAndSurname/StoreNameAndSurname.ino:18:0:
/home/ec2-user/arduino-testlib/cli-datadir/user/libraries/FlashStorage_STM32/src/FlashStorage_STM32.h:34:4: error: #error This code is intended to run on STM32F/L/H/G/WB/MP1 platform! Please check your Tools-&gt;Board setting.
   #error This code is intended to run on STM32F/L/H/G/WB/MP1 platform! Please check your Tools-&gt;Board setting.
    ^~~~~
In file included from /home/ec2-user/arduino-testlib/cli-datadir/user/libraries/FlashStorage_STM32/src/FlashStorage_STM32.hpp:47:0,
                 from /home/ec2-user/arduino-testlib/cli-datadir/user/libraries/FlashStorage_STM32/src/FlashStorage_STM32.h:37,
                 from /home/ec2-user/arduino-testlib/cli-datadir/user/libraries/FlashStorage_STM32/examples/StoreNameAndSurname/StoreNameAndSurname.ino:18:
/home/ec2-user/arduino-testlib/cli-datadir/user/libraries/FlashStorage_STM32/src/utility/stm32_eeprom.hpp:65:10: fatal error: stm32_def.h: No such file or directory
 #include &#34;stm32_def.h&#34;
          ^~~~~~~~~~~~~
compilation terminated.

</pre>
					
					<h4>examples/multiFileProject</h4>
					<p>
						Result: <b>FAIL</b>
					</p>
					<pre class="pre-scrollable">/home/ec2-user/arduino-testlib/cli-datadir/user/libraries/FlashStorage_STM32/examples/multiFileProject/multiFileProject.ino:23:4: error: #error This code is intended to run on STM32F/L/H/G/WB/MP1 platform! Please check your Tools-&gt;Board setting.
   #error This code is intended to run on STM32F/L/H/G/WB/MP1 platform! Please check your Tools-&gt;Board setting.
    ^~~~~
In file included from /home/ec2-user/arduino-testlib/cli-datadir/user/libraries/FlashStorage_STM32/examples/multiFileProject/multiFileProject.ino:30:0:
/home/ec2-user/arduino-testlib/cli-datadir/user/libraries/FlashStorage_STM32/src/FlashStorage_STM32.h:34:4: error: #error This code is intended to run on STM32F/L/H/G/WB/MP1 platform! Please check your Tools-&gt;Board setting.
   #error This code is intended to run on STM32F/L/H/G/WB/MP1 platform! Please check your Tools-&gt;Board setting.
    ^~~~~
In file included from /home/ec2-user/arduino-testlib/cli-datadir/user/libraries/FlashStorage_STM32/src/FlashStorage_STM32.hpp:47:0,
                 from /home/ec2-user/arduino-testlib/cli-datadir/user/libraries/FlashStorage_STM32/src/FlashStorage_STM32.h:37,
                 from /home/ec2-user/arduino-testlib/cli-datadir/user/libraries/FlashStorage_STM32/examples/multiFileProject/multiFileProject.ino:30:
/home/ec2-user/arduino-testlib/cli-datadir/user/libraries/FlashStorage_STM32/src/utility/stm32_eeprom.hpp:65:10: fatal error: stm32_def.h: No such file or directory
 #include &#34;stm32_def.h&#34;
          ^~~~~~~~~~~~~
compilation terminated.

</pre>
					
				
				<h3 id="arduino:mbed_nano:nanorp2040connect">arduino:mbed_nano:nanorp2040connect @ 2.7.2</h3>
				<h4>Inclusion</h4>
				<p>
					Result: <b>FAIL</b>
					
				</p>
				<pre class="pre-scrollable">In file included from /tmp/arduino-testlib666532739/test/test.ino:1:0:
/home/ec2-user/arduino-testlib/cli-datadir/user/libraries/FlashStorage_STM32/src/FlashStorage_STM32.h:34:4: error: #error This code is intended to run on STM32F/L/H/G/WB/MP1 platform! Please check your Tools-&gt;Board setting.
   #error This code is intended to run on STM32F/L/H/G/WB/MP1 platform! Please check your Tools-&gt;Board setting.
    ^~~~~
In file included from /home/ec2-user/arduino-testlib/cli-datadir/user/libraries/FlashStorage_STM32/src/FlashStorage_STM32.hpp:47:0,
                 from /home/ec2-user/arduino-testlib/cli-datadir/user/libraries/FlashStorage_STM32/src/FlashStorage_STM32.h:37,
                 from /tmp/arduino-testlib666532739/test/test.ino:1:
/home/ec2-user/arduino-testlib/cli-datadir/user/libraries/FlashStorage_STM32/src/utility/stm32_eeprom.hpp:65:10: fatal error: stm32_def.h: No such file or directory
 #include &#34;stm32_def.h&#34;
          ^~~~~~~~~~~~~
compilation terminated.

</pre>

					
					<h4>examples/EEPROM_CRC</h4>
					<p>
						Result: <b>FAIL</b>
					</p>
					<pre class="pre-scrollable">In file included from /home/ec2-user/arduino-testlib/cli-datadir/user/libraries/FlashStorage_STM32/examples/EEPROM_CRC/EEPROM_CRC.ino:24:0:
/home/ec2-user/arduino-testlib/cli-datadir/user/libraries/FlashStorage_STM32/src/FlashStorage_STM32.h:34:4: error: #error This code is intended to run on STM32F/L/H/G/WB/MP1 platform! Please check your Tools-&gt;Board setting.
   #error This code is intended to run on STM32F/L/H/G/WB/MP1 platform! Please check your Tools-&gt;Board setting.
    ^~~~~
In file included from /home/ec2-user/arduino-testlib/cli-datadir/user/libraries/FlashStorage_STM32/src/FlashStorage_STM32.hpp:47:0,
                 from /home/ec2-user/arduino-testlib/cli-datadir/user/libraries/FlashStorage_STM32/src/FlashStorage_STM32.h:37,
                 from /home/ec2-user/arduino-testlib/cli-datadir/user/libraries/FlashStorage_STM32/examples/EEPROM_CRC/EEPROM_CRC.ino:24:
/home/ec2-user/arduino-testlib/cli-datadir/user/libraries/FlashStorage_STM32/src/utility/stm32_eeprom.hpp:65:10: fatal error: stm32_def.h: No such file or directory
 #include &#34;stm32_def.h&#34;
          ^~~~~~~~~~~~~
compilation terminated.

</pre>
					
					<h4>examples/EEPROM_Clear</h4>
					<p>
						Result: <b>FAIL</b>
					</p>
					<pre class="pre-scrollable">In file included from /home/ec2-user/arduino-testlib/cli-datadir/user/libraries/FlashStorage_STM32/examples/EEPROM_Clear/EEPROM_Clear.ino:16:0:
/home/ec2-user/arduino-testlib/cli-datadir/user/libraries/FlashStorage_STM32/src/FlashStorage_STM32.h:34:4: error: #error This code is intended to run on STM32F/L/H/G/WB/MP1 platform! Please check your Tools-&gt;Board setting.
   #error This code is intended to run on STM32F/L/H/G/WB/MP1 platform! Please check your Tools-&gt;Board setting.
    ^~~~~
In file included from /home/ec2-user/arduino-testlib/cli-datadir/user/libraries/FlashStorage_STM32/src/FlashStorage_STM32.hpp:47:0,
                 from /home/ec2-user/arduino-testlib/cli-datadir/user/libraries/FlashStorage_STM32/src/FlashStorage_STM32.h:37,
                 from /home/ec2-user/arduino-testlib/cli-datadir/user/libraries/FlashStorage_STM32/examples/EEPROM_Clear/EEPROM_Clear.ino:16:
/home/ec2-user/arduino-testlib/cli-datadir/user/libraries/FlashStorage_STM32/src/utility/stm32_eeprom.hpp:65:10: fatal error: stm32_def.h: No such file or directory
 #include &#34;stm32_def.h&#34;
          ^~~~~~~~~~~~~
compilation terminated.

</pre>
					
					<h4>examples/EEPROM_get</h4>
					<p>
						Result: <b>FAIL</b>
					</p>
					<pre class="pre-scrollable">In file included from /home/ec2-user/arduino-testlib/cli-datadir/user/libraries/FlashStorage_STM32/examples/EEPROM_get/EEPROM_get.ino:30:0:
/home/ec2-user/arduino-testlib/cli-datadir/user/libraries/FlashStorage_STM32/src/FlashStorage_STM32.h:34:4: error: #error This code is intended to run on STM32F/L/H/G/WB/MP1 platform! Please check your Tools-&gt;Board setting.
   #error This code is intended to run on STM32F/L/H/G/WB/MP1 platform! Please check your Tools-&gt;Board setting.
    ^~~~~
In file included from /home/ec2-user/arduino-testlib/cli-datadir/user/libraries/FlashStorage_STM32/src/FlashStorage_STM32.hpp:47:0,
                 from /home/ec2-user/arduino-testlib/cli-datadir/user/libraries/FlashStorage_STM32/src/FlashStorage_STM32.h:37,
                 from /home/ec2-user/arduino-testlib/cli-datadir/user/libraries/FlashStorage_STM32/examples/EEPROM_get/EEPROM_get.ino:30:
/home/ec2-user/arduino-testlib/cli-datadir/user/libraries/FlashStorage_STM32/src/utility/stm32_eeprom.hpp:65:10: fatal error: stm32_def.h: No such file or directory
 #include &#34;stm32_def.h&#34;
          ^~~~~~~~~~~~~
compilation terminated.

</pre>
					
					<h4>examples/EEPROM_iteration</h4>
					<p>
						Result: <b>FAIL</b>
					</p>
					<pre class="pre-scrollable">In file included from /home/ec2-user/arduino-testlib/cli-datadir/user/libraries/FlashStorage_STM32/examples/EEPROM_iteration/EEPROM_iteration.ino:26:0:
/home/ec2-user/arduino-testlib/cli-datadir/user/libraries/FlashStorage_STM32/src/FlashStorage_STM32.h:34:4: error: #error This code is intended to run on STM32F/L/H/G/WB/MP1 platform! Please check your Tools-&gt;Board setting.
   #error This code is intended to run on STM32F/L/H/G/WB/MP1 platform! Please check your Tools-&gt;Board setting.
    ^~~~~
In file included from /home/ec2-user/arduino-testlib/cli-datadir/user/libraries/FlashStorage_STM32/src/FlashStorage_STM32.hpp:47:0,
                 from /home/ec2-user/arduino-testlib/cli-datadir/user/libraries/FlashStorage_STM32/src/FlashStorage_STM32.h:37,
                 from /home/ec2-user/arduino-testlib/cli-datadir/user/libraries/FlashStorage_STM32/examples/EEPROM_iteration/EEPROM_iteration.ino:26:
/home/ec2-user/arduino-testlib/cli-datadir/user/libraries/FlashStorage_STM32/src/utility/stm32_eeprom.hpp:65:10: fatal error: stm32_def.h: No such file or directory
 #include &#34;stm32_def.h&#34;
          ^~~~~~~~~~~~~
compilation terminated.

</pre>
					
					<h4>examples/EEPROM_put</h4>
					<p>
						Result: <b>FAIL</b>
					</p>
					<pre class="pre-scrollable">In file included from /home/ec2-user/arduino-testlib/cli-datadir/user/libraries/FlashStorage_STM32/examples/EEPROM_put/EEPROM_put.ino:28:0:
/home/ec2-user/arduino-testlib/cli-datadir/user/libraries/FlashStorage_STM32/src/FlashStorage_STM32.h:34:4: error: #error This code is intended to run on STM32F/L/H/G/WB/MP1 platform! Please check your Tools-&gt;Board setting.
   #error This code is intended to run on STM32F/L/H/G/WB/MP1 platform! Please check your Tools-&gt;Board setting.
    ^~~~~
In file included from /home/ec2-user/arduino-testlib/cli-datadir/user/libraries/FlashStorage_STM32/src/FlashStorage_STM32.hpp:47:0,
                 from /home/ec2-user/arduino-testlib/cli-datadir/user/libraries/FlashStorage_STM32/src/FlashStorage_STM32.h:37,
                 from /home/ec2-user/arduino-testlib/cli-datadir/user/libraries/FlashStorage_STM32/examples/EEPROM_put/EEPROM_put.ino:28:
/home/ec2-user/arduino-testlib/cli-datadir/user/libraries/FlashStorage_STM32/src/utility/stm32_eeprom.hpp:65:10: fatal error: stm32_def.h: No such file or directory
 #include &#34;stm32_def.h&#34;
          ^~~~~~~~~~~~~
compilation terminated.

</pre>
					
					<h4>examples/EEPROM_read</h4>
					<p>
						Result: <b>FAIL</b>
					</p>
					<pre class="pre-scrollable">In file included from /home/ec2-user/arduino-testlib/cli-datadir/user/libraries/FlashStorage_STM32/examples/EEPROM_read/EEPROM_read.ino:22:0:
/home/ec2-user/arduino-testlib/cli-datadir/user/libraries/FlashStorage_STM32/src/FlashStorage_STM32.h:34:4: error: #error This code is intended to run on STM32F/L/H/G/WB/MP1 platform! Please check your Tools-&gt;Board setting.
   #error This code is intended to run on STM32F/L/H/G/WB/MP1 platform! Please check your Tools-&gt;Board setting.
    ^~~~~
In file included from /home/ec2-user/arduino-testlib/cli-datadir/user/libraries/FlashStorage_STM32/src/FlashStorage_STM32.hpp:47:0,
                 from /home/ec2-user/arduino-testlib/cli-datadir/user/libraries/FlashStorage_STM32/src/FlashStorage_STM32.h:37,
                 from /home/ec2-user/arduino-testlib/cli-datadir/user/libraries/FlashStorage_STM32/examples/EEPROM_read/EEPROM_read.ino:22:
/home/ec2-user/arduino-testlib/cli-datadir/user/libraries/FlashStorage_STM32/src/utility/stm32_eeprom.hpp:65:10: fatal error: stm32_def.h: No such file or directory
 #include &#34;stm32_def.h&#34;
          ^~~~~~~~~~~~~
compilation terminated.

</pre>
					
					<h4>examples/EEPROM_update</h4>
					<p>
						Result: <b>FAIL</b>
					</p>
					<pre class="pre-scrollable">In file included from /home/ec2-user/arduino-testlib/cli-datadir/user/libraries/FlashStorage_STM32/examples/EEPROM_update/EEPROM_update.ino:28:0:
/home/ec2-user/arduino-testlib/cli-datadir/user/libraries/FlashStorage_STM32/src/FlashStorage_STM32.h:34:4: error: #error This code is intended to run on STM32F/L/H/G/WB/MP1 platform! Please check your Tools-&gt;Board setting.
   #error This code is intended to run on STM32F/L/H/G/WB/MP1 platform! Please check your Tools-&gt;Board setting.
    ^~~~~
In file included from /home/ec2-user/arduino-testlib/cli-datadir/user/libraries/FlashStorage_STM32/src/FlashStorage_STM32.hpp:47:0,
                 from /home/ec2-user/arduino-testlib/cli-datadir/user/libraries/FlashStorage_STM32/src/FlashStorage_STM32.h:37,
                 from /home/ec2-user/arduino-testlib/cli-datadir/user/libraries/FlashStorage_STM32/examples/EEPROM_update/EEPROM_update.ino:28:
/home/ec2-user/arduino-testlib/cli-datadir/user/libraries/FlashStorage_STM32/src/utility/stm32_eeprom.hpp:65:10: fatal error: stm32_def.h: No such file or directory
 #include &#34;stm32_def.h&#34;
          ^~~~~~~~~~~~~
compilation terminated.

</pre>
					
					<h4>examples/EEPROM_write</h4>
					<p>
						Result: <b>FAIL</b>
					</p>
					<pre class="pre-scrollable">In file included from /home/ec2-user/arduino-testlib/cli-datadir/user/libraries/FlashStorage_STM32/examples/EEPROM_write/EEPROM_write.ino:22:0:
/home/ec2-user/arduino-testlib/cli-datadir/user/libraries/FlashStorage_STM32/src/FlashStorage_STM32.h:34:4: error: #error This code is intended to run on STM32F/L/H/G/WB/MP1 platform! Please check your Tools-&gt;Board setting.
   #error This code is intended to run on STM32F/L/H/G/WB/MP1 platform! Please check your Tools-&gt;Board setting.
    ^~~~~
In file included from /home/ec2-user/arduino-testlib/cli-datadir/user/libraries/FlashStorage_STM32/src/FlashStorage_STM32.hpp:47:0,
                 from /home/ec2-user/arduino-testlib/cli-datadir/user/libraries/FlashStorage_STM32/src/FlashStorage_STM32.h:37,
                 from /home/ec2-user/arduino-testlib/cli-datadir/user/libraries/FlashStorage_STM32/examples/EEPROM_write/EEPROM_write.ino:22:
/home/ec2-user/arduino-testlib/cli-datadir/user/libraries/FlashStorage_STM32/src/utility/stm32_eeprom.hpp:65:10: fatal error: stm32_def.h: No such file or directory
 #include &#34;stm32_def.h&#34;
          ^~~~~~~~~~~~~
compilation terminated.

</pre>
					
					<h4>examples/EmulateEEPROM</h4>
					<p>
						Result: <b>FAIL</b>
					</p>
					<pre class="pre-scrollable">In file included from /home/ec2-user/arduino-testlib/cli-datadir/user/libraries/FlashStorage_STM32/examples/EmulateEEPROM/EmulateEEPROM.ino:18:0:
/home/ec2-user/arduino-testlib/cli-datadir/user/libraries/FlashStorage_STM32/src/FlashStorage_STM32.h:34:4: error: #error This code is intended to run on STM32F/L/H/G/WB/MP1 platform! Please check your Tools-&gt;Board setting.
   #error This code is intended to run on STM32F/L/H/G/WB/MP1 platform! Please check your Tools-&gt;Board setting.
    ^~~~~
In file included from /home/ec2-user/arduino-testlib/cli-datadir/user/libraries/FlashStorage_STM32/src/FlashStorage_STM32.hpp:47:0,
                 from /home/ec2-user/arduino-testlib/cli-datadir/user/libraries/FlashStorage_STM32/src/FlashStorage_STM32.h:37,
                 from /home/ec2-user/arduino-testlib/cli-datadir/user/libraries/FlashStorage_STM32/examples/EmulateEEPROM/EmulateEEPROM.ino:18:
/home/ec2-user/arduino-testlib/cli-datadir/user/libraries/FlashStorage_STM32/src/utility/stm32_eeprom.hpp:65:10: fatal error: stm32_def.h: No such file or directory
 #include &#34;stm32_def.h&#34;
          ^~~~~~~~~~~~~
compilation terminated.

</pre>
					
					<h4>examples/FlashStoreAndRetrieve</h4>
					<p>
						Result: <b>FAIL</b>
					</p>
					<pre class="pre-scrollable">In file included from /home/ec2-user/arduino-testlib/cli-datadir/user/libraries/FlashStorage_STM32/examples/FlashStoreAndRetrieve/FlashStoreAndRetrieve.ino:16:0:
/home/ec2-user/arduino-testlib/cli-datadir/user/libraries/FlashStorage_STM32/src/FlashStorage_STM32.h:34:4: error: #error This code is intended to run on STM32F/L/H/G/WB/MP1 platform! Please check your Tools-&gt;Board setting.
   #error This code is intended to run on STM32F/L/H/G/WB/MP1 platform! Please check your Tools-&gt;Board setting.
    ^~~~~
In file included from /home/ec2-user/arduino-testlib/cli-datadir/user/libraries/FlashStorage_STM32/src/FlashStorage_STM32.hpp:47:0,
                 from /home/ec2-user/arduino-testlib/cli-datadir/user/libraries/FlashStorage_STM32/src/FlashStorage_STM32.h:37,
                 from /home/ec2-user/arduino-testlib/cli-datadir/user/libraries/FlashStorage_STM32/examples/FlashStoreAndRetrieve/FlashStoreAndRetrieve.ino:16:
/home/ec2-user/arduino-testlib/cli-datadir/user/libraries/FlashStorage_STM32/src/utility/stm32_eeprom.hpp:65:10: fatal error: stm32_def.h: No such file or directory
 #include &#34;stm32_def.h&#34;
          ^~~~~~~~~~~~~
compilation terminated.

</pre>
					
					<h4>examples/StoreNameAndSurname</h4>
					<p>
						Result: <b>FAIL</b>
					</p>
					<pre class="pre-scrollable">In file included from /home/ec2-user/arduino-testlib/cli-datadir/user/libraries/FlashStorage_STM32/examples/StoreNameAndSurname/StoreNameAndSurname.ino:18:0:
/home/ec2-user/arduino-testlib/cli-datadir/user/libraries/FlashStorage_STM32/src/FlashStorage_STM32.h:34:4: error: #error This code is intended to run on STM32F/L/H/G/WB/MP1 platform! Please check your Tools-&gt;Board setting.
   #error This code is intended to run on STM32F/L/H/G/WB/MP1 platform! Please check your Tools-&gt;Board setting.
    ^~~~~
In file included from /home/ec2-user/arduino-testlib/cli-datadir/user/libraries/FlashStorage_STM32/src/FlashStorage_STM32.hpp:47:0,
                 from /home/ec2-user/arduino-testlib/cli-datadir/user/libraries/FlashStorage_STM32/src/FlashStorage_STM32.h:37,
                 from /home/ec2-user/arduino-testlib/cli-datadir/user/libraries/FlashStorage_STM32/examples/StoreNameAndSurname/StoreNameAndSurname.ino:18:
/home/ec2-user/arduino-testlib/cli-datadir/user/libraries/FlashStorage_STM32/src/utility/stm32_eeprom.hpp:65:10: fatal error: stm32_def.h: No such file or directory
 #include &#34;stm32_def.h&#34;
          ^~~~~~~~~~~~~
compilation terminated.

</pre>
					
					<h4>examples/multiFileProject</h4>
					<p>
						Result: <b>FAIL</b>
					</p>
					<pre class="pre-scrollable">/home/ec2-user/arduino-testlib/cli-datadir/user/libraries/FlashStorage_STM32/examples/multiFileProject/multiFileProject.ino:23:4: error: #error This code is intended to run on STM32F/L/H/G/WB/MP1 platform! Please check your Tools-&gt;Board setting.
   #error This code is intended to run on STM32F/L/H/G/WB/MP1 platform! Please check your Tools-&gt;Board setting.
    ^~~~~
In file included from /home/ec2-user/arduino-testlib/cli-datadir/user/libraries/FlashStorage_STM32/examples/multiFileProject/multiFileProject.ino:30:0:
/home/ec2-user/arduino-testlib/cli-datadir/user/libraries/FlashStorage_STM32/src/FlashStorage_STM32.h:34:4: error: #error This code is intended to run on STM32F/L/H/G/WB/MP1 platform! Please check your Tools-&gt;Board setting.
   #error This code is intended to run on STM32F/L/H/G/WB/MP1 platform! Please check your Tools-&gt;Board setting.
    ^~~~~
In file included from /home/ec2-user/arduino-testlib/cli-datadir/user/libraries/FlashStorage_STM32/src/FlashStorage_STM32.hpp:47:0,
                 from /home/ec2-user/arduino-testlib/cli-datadir/user/libraries/FlashStorage_STM32/src/FlashStorage_STM32.h:37,
                 from /home/ec2-user/arduino-testlib/cli-datadir/user/libraries/FlashStorage_STM32/examples/multiFileProject/multiFileProject.ino:30:
/home/ec2-user/arduino-testlib/cli-datadir/user/libraries/FlashStorage_STM32/src/utility/stm32_eeprom.hpp:65:10: fatal error: stm32_def.h: No such file or directory
 #include &#34;stm32_def.h&#34;
          ^~~~~~~~~~~~~
compilation terminated.

</pre>
					
				
				<h3 id="arduino:megaavr:nona4809">arduino:megaavr:nona4809 @ 1.8.7</h3>
				<h4>Inclusion</h4>
				<p>
					Result: <b>FAIL</b>
					
				</p>
				<pre class="pre-scrollable">In file included from /tmp/arduino-testlib666532739/test/test.ino:1:0:
/home/ec2-user/arduino-testlib/cli-datadir/user/libraries/FlashStorage_STM32/src/FlashStorage_STM32.h:34:4: error: #error This code is intended to run on STM32F/L/H/G/WB/MP1 platform! Please check your Tools-&gt;Board setting.
   #error This code is intended to run on STM32F/L/H/G/WB/MP1 platform! Please check your Tools-&gt;Board setting.
    ^~~~~
In file included from /home/ec2-user/arduino-testlib/cli-datadir/user/libraries/FlashStorage_STM32/src/FlashStorage_STM32.hpp:47:0,
                 from /home/ec2-user/arduino-testlib/cli-datadir/user/libraries/FlashStorage_STM32/src/FlashStorage_STM32.h:37,
                 from /tmp/arduino-testlib666532739/test/test.ino:1:
/home/ec2-user/arduino-testlib/cli-datadir/user/libraries/FlashStorage_STM32/src/utility/stm32_eeprom.hpp:65:10: fatal error: stm32_def.h: No such file or directory
 #include &#34;stm32_def.h&#34;
          ^~~~~~~~~~~~~
compilation terminated.

</pre>

					
					<h4>examples/EEPROM_CRC</h4>
					<p>
						Result: <b>FAIL</b>
					</p>
					<pre class="pre-scrollable">In file included from /home/ec2-user/arduino-testlib/cli-datadir/user/libraries/FlashStorage_STM32/examples/EEPROM_CRC/EEPROM_CRC.ino:24:0:
/home/ec2-user/arduino-testlib/cli-datadir/user/libraries/FlashStorage_STM32/src/FlashStorage_STM32.h:34:4: error: #error This code is intended to run on STM32F/L/H/G/WB/MP1 platform! Please check your Tools-&gt;Board setting.
   #error This code is intended to run on STM32F/L/H/G/WB/MP1 platform! Please check your Tools-&gt;Board setting.
    ^~~~~
In file included from /home/ec2-user/arduino-testlib/cli-datadir/user/libraries/FlashStorage_STM32/src/FlashStorage_STM32.hpp:47:0,
                 from /home/ec2-user/arduino-testlib/cli-datadir/user/libraries/FlashStorage_STM32/src/FlashStorage_STM32.h:37,
                 from /home/ec2-user/arduino-testlib/cli-datadir/user/libraries/FlashStorage_STM32/examples/EEPROM_CRC/EEPROM_CRC.ino:24:
/home/ec2-user/arduino-testlib/cli-datadir/user/libraries/FlashStorage_STM32/src/utility/stm32_eeprom.hpp:65:10: fatal error: stm32_def.h: No such file or directory
 #include &#34;stm32_def.h&#34;
          ^~~~~~~~~~~~~
compilation terminated.

</pre>
					
					<h4>examples/EEPROM_Clear</h4>
					<p>
						Result: <b>FAIL</b>
					</p>
					<pre class="pre-scrollable">In file included from /home/ec2-user/arduino-testlib/cli-datadir/user/libraries/FlashStorage_STM32/examples/EEPROM_Clear/EEPROM_Clear.ino:16:0:
/home/ec2-user/arduino-testlib/cli-datadir/user/libraries/FlashStorage_STM32/src/FlashStorage_STM32.h:34:4: error: #error This code is intended to run on STM32F/L/H/G/WB/MP1 platform! Please check your Tools-&gt;Board setting.
   #error This code is intended to run on STM32F/L/H/G/WB/MP1 platform! Please check your Tools-&gt;Board setting.
    ^~~~~
In file included from /home/ec2-user/arduino-testlib/cli-datadir/user/libraries/FlashStorage_STM32/src/FlashStorage_STM32.hpp:47:0,
                 from /home/ec2-user/arduino-testlib/cli-datadir/user/libraries/FlashStorage_STM32/src/FlashStorage_STM32.h:37,
                 from /home/ec2-user/arduino-testlib/cli-datadir/user/libraries/FlashStorage_STM32/examples/EEPROM_Clear/EEPROM_Clear.ino:16:
/home/ec2-user/arduino-testlib/cli-datadir/user/libraries/FlashStorage_STM32/src/utility/stm32_eeprom.hpp:65:10: fatal error: stm32_def.h: No such file or directory
 #include &#34;stm32_def.h&#34;
          ^~~~~~~~~~~~~
compilation terminated.

</pre>
					
					<h4>examples/EEPROM_get</h4>
					<p>
						Result: <b>FAIL</b>
					</p>
					<pre class="pre-scrollable">In file included from /home/ec2-user/arduino-testlib/cli-datadir/user/libraries/FlashStorage_STM32/examples/EEPROM_get/EEPROM_get.ino:30:0:
/home/ec2-user/arduino-testlib/cli-datadir/user/libraries/FlashStorage_STM32/src/FlashStorage_STM32.h:34:4: error: #error This code is intended to run on STM32F/L/H/G/WB/MP1 platform! Please check your Tools-&gt;Board setting.
   #error This code is intended to run on STM32F/L/H/G/WB/MP1 platform! Please check your Tools-&gt;Board setting.
    ^~~~~
In file included from /home/ec2-user/arduino-testlib/cli-datadir/user/libraries/FlashStorage_STM32/src/FlashStorage_STM32.hpp:47:0,
                 from /home/ec2-user/arduino-testlib/cli-datadir/user/libraries/FlashStorage_STM32/src/FlashStorage_STM32.h:37,
                 from /home/ec2-user/arduino-testlib/cli-datadir/user/libraries/FlashStorage_STM32/examples/EEPROM_get/EEPROM_get.ino:30:
/home/ec2-user/arduino-testlib/cli-datadir/user/libraries/FlashStorage_STM32/src/utility/stm32_eeprom.hpp:65:10: fatal error: stm32_def.h: No such file or directory
 #include &#34;stm32_def.h&#34;
          ^~~~~~~~~~~~~
compilation terminated.

</pre>
					
					<h4>examples/EEPROM_iteration</h4>
					<p>
						Result: <b>FAIL</b>
					</p>
					<pre class="pre-scrollable">In file included from /home/ec2-user/arduino-testlib/cli-datadir/user/libraries/FlashStorage_STM32/examples/EEPROM_iteration/EEPROM_iteration.ino:26:0:
/home/ec2-user/arduino-testlib/cli-datadir/user/libraries/FlashStorage_STM32/src/FlashStorage_STM32.h:34:4: error: #error This code is intended to run on STM32F/L/H/G/WB/MP1 platform! Please check your Tools-&gt;Board setting.
   #error This code is intended to run on STM32F/L/H/G/WB/MP1 platform! Please check your Tools-&gt;Board setting.
    ^~~~~
In file included from /home/ec2-user/arduino-testlib/cli-datadir/user/libraries/FlashStorage_STM32/src/FlashStorage_STM32.hpp:47:0,
                 from /home/ec2-user/arduino-testlib/cli-datadir/user/libraries/FlashStorage_STM32/src/FlashStorage_STM32.h:37,
                 from /home/ec2-user/arduino-testlib/cli-datadir/user/libraries/FlashStorage_STM32/examples/EEPROM_iteration/EEPROM_iteration.ino:26:
/home/ec2-user/arduino-testlib/cli-datadir/user/libraries/FlashStorage_STM32/src/utility/stm32_eeprom.hpp:65:10: fatal error: stm32_def.h: No such file or directory
 #include &#34;stm32_def.h&#34;
          ^~~~~~~~~~~~~
compilation terminated.

</pre>
					
					<h4>examples/EEPROM_put</h4>
					<p>
						Result: <b>FAIL</b>
					</p>
					<pre class="pre-scrollable">In file included from /home/ec2-user/arduino-testlib/cli-datadir/user/libraries/FlashStorage_STM32/examples/EEPROM_put/EEPROM_put.ino:28:0:
/home/ec2-user/arduino-testlib/cli-datadir/user/libraries/FlashStorage_STM32/src/FlashStorage_STM32.h:34:4: error: #error This code is intended to run on STM32F/L/H/G/WB/MP1 platform! Please check your Tools-&gt;Board setting.
   #error This code is intended to run on STM32F/L/H/G/WB/MP1 platform! Please check your Tools-&gt;Board setting.
    ^~~~~
In file included from /home/ec2-user/arduino-testlib/cli-datadir/user/libraries/FlashStorage_STM32/src/FlashStorage_STM32.hpp:47:0,
                 from /home/ec2-user/arduino-testlib/cli-datadir/user/libraries/FlashStorage_STM32/src/FlashStorage_STM32.h:37,
                 from /home/ec2-user/arduino-testlib/cli-datadir/user/libraries/FlashStorage_STM32/examples/EEPROM_put/EEPROM_put.ino:28:
/home/ec2-user/arduino-testlib/cli-datadir/user/libraries/FlashStorage_STM32/src/utility/stm32_eeprom.hpp:65:10: fatal error: stm32_def.h: No such file or directory
 #include &#34;stm32_def.h&#34;
          ^~~~~~~~~~~~~
compilation terminated.

</pre>
					
					<h4>examples/EEPROM_read</h4>
					<p>
						Result: <b>FAIL</b>
					</p>
					<pre class="pre-scrollable">In file included from /home/ec2-user/arduino-testlib/cli-datadir/user/libraries/FlashStorage_STM32/examples/EEPROM_read/EEPROM_read.ino:22:0:
/home/ec2-user/arduino-testlib/cli-datadir/user/libraries/FlashStorage_STM32/src/FlashStorage_STM32.h:34:4: error: #error This code is intended to run on STM32F/L/H/G/WB/MP1 platform! Please check your Tools-&gt;Board setting.
   #error This code is intended to run on STM32F/L/H/G/WB/MP1 platform! Please check your Tools-&gt;Board setting.
    ^~~~~
In file included from /home/ec2-user/arduino-testlib/cli-datadir/user/libraries/FlashStorage_STM32/src/FlashStorage_STM32.hpp:47:0,
                 from /home/ec2-user/arduino-testlib/cli-datadir/user/libraries/FlashStorage_STM32/src/FlashStorage_STM32.h:37,
                 from /home/ec2-user/arduino-testlib/cli-datadir/user/libraries/FlashStorage_STM32/examples/EEPROM_read/EEPROM_read.ino:22:
/home/ec2-user/arduino-testlib/cli-datadir/user/libraries/FlashStorage_STM32/src/utility/stm32_eeprom.hpp:65:10: fatal error: stm32_def.h: No such file or directory
 #include &#34;stm32_def.h&#34;
          ^~~~~~~~~~~~~
compilation terminated.

</pre>
					
					<h4>examples/EEPROM_update</h4>
					<p>
						Result: <b>FAIL</b>
					</p>
					<pre class="pre-scrollable">In file included from /home/ec2-user/arduino-testlib/cli-datadir/user/libraries/FlashStorage_STM32/examples/EEPROM_update/EEPROM_update.ino:28:0:
/home/ec2-user/arduino-testlib/cli-datadir/user/libraries/FlashStorage_STM32/src/FlashStorage_STM32.h:34:4: error: #error This code is intended to run on STM32F/L/H/G/WB/MP1 platform! Please check your Tools-&gt;Board setting.
   #error This code is intended to run on STM32F/L/H/G/WB/MP1 platform! Please check your Tools-&gt;Board setting.
    ^~~~~
In file included from /home/ec2-user/arduino-testlib/cli-datadir/user/libraries/FlashStorage_STM32/src/FlashStorage_STM32.hpp:47:0,
                 from /home/ec2-user/arduino-testlib/cli-datadir/user/libraries/FlashStorage_STM32/src/FlashStorage_STM32.h:37,
                 from /home/ec2-user/arduino-testlib/cli-datadir/user/libraries/FlashStorage_STM32/examples/EEPROM_update/EEPROM_update.ino:28:
/home/ec2-user/arduino-testlib/cli-datadir/user/libraries/FlashStorage_STM32/src/utility/stm32_eeprom.hpp:65:10: fatal error: stm32_def.h: No such file or directory
 #include &#34;stm32_def.h&#34;
          ^~~~~~~~~~~~~
compilation terminated.

</pre>
					
					<h4>examples/EEPROM_write</h4>
					<p>
						Result: <b>FAIL</b>
					</p>
					<pre class="pre-scrollable">In file included from /home/ec2-user/arduino-testlib/cli-datadir/user/libraries/FlashStorage_STM32/examples/EEPROM_write/EEPROM_write.ino:22:0:
/home/ec2-user/arduino-testlib/cli-datadir/user/libraries/FlashStorage_STM32/src/FlashStorage_STM32.h:34:4: error: #error This code is intended to run on STM32F/L/H/G/WB/MP1 platform! Please check your Tools-&gt;Board setting.
   #error This code is intended to run on STM32F/L/H/G/WB/MP1 platform! Please check your Tools-&gt;Board setting.
    ^~~~~
In file included from /home/ec2-user/arduino-testlib/cli-datadir/user/libraries/FlashStorage_STM32/src/FlashStorage_STM32.hpp:47:0,
                 from /home/ec2-user/arduino-testlib/cli-datadir/user/libraries/FlashStorage_STM32/src/FlashStorage_STM32.h:37,
                 from /home/ec2-user/arduino-testlib/cli-datadir/user/libraries/FlashStorage_STM32/examples/EEPROM_write/EEPROM_write.ino:22:
/home/ec2-user/arduino-testlib/cli-datadir/user/libraries/FlashStorage_STM32/src/utility/stm32_eeprom.hpp:65:10: fatal error: stm32_def.h: No such file or directory
 #include &#34;stm32_def.h&#34;
          ^~~~~~~~~~~~~
compilation terminated.

</pre>
					
					<h4>examples/EmulateEEPROM</h4>
					<p>
						Result: <b>FAIL</b>
					</p>
					<pre class="pre-scrollable">In file included from /home/ec2-user/arduino-testlib/cli-datadir/user/libraries/FlashStorage_STM32/examples/EmulateEEPROM/EmulateEEPROM.ino:18:0:
/home/ec2-user/arduino-testlib/cli-datadir/user/libraries/FlashStorage_STM32/src/FlashStorage_STM32.h:34:4: error: #error This code is intended to run on STM32F/L/H/G/WB/MP1 platform! Please check your Tools-&gt;Board setting.
   #error This code is intended to run on STM32F/L/H/G/WB/MP1 platform! Please check your Tools-&gt;Board setting.
    ^~~~~
In file included from /home/ec2-user/arduino-testlib/cli-datadir/user/libraries/FlashStorage_STM32/src/FlashStorage_STM32.hpp:47:0,
                 from /home/ec2-user/arduino-testlib/cli-datadir/user/libraries/FlashStorage_STM32/src/FlashStorage_STM32.h:37,
                 from /home/ec2-user/arduino-testlib/cli-datadir/user/libraries/FlashStorage_STM32/examples/EmulateEEPROM/EmulateEEPROM.ino:18:
/home/ec2-user/arduino-testlib/cli-datadir/user/libraries/FlashStorage_STM32/src/utility/stm32_eeprom.hpp:65:10: fatal error: stm32_def.h: No such file or directory
 #include &#34;stm32_def.h&#34;
          ^~~~~~~~~~~~~
compilation terminated.

</pre>
					
					<h4>examples/FlashStoreAndRetrieve</h4>
					<p>
						Result: <b>FAIL</b>
					</p>
					<pre class="pre-scrollable">In file included from /home/ec2-user/arduino-testlib/cli-datadir/user/libraries/FlashStorage_STM32/examples/FlashStoreAndRetrieve/FlashStoreAndRetrieve.ino:16:0:
/home/ec2-user/arduino-testlib/cli-datadir/user/libraries/FlashStorage_STM32/src/FlashStorage_STM32.h:34:4: error: #error This code is intended to run on STM32F/L/H/G/WB/MP1 platform! Please check your Tools-&gt;Board setting.
   #error This code is intended to run on STM32F/L/H/G/WB/MP1 platform! Please check your Tools-&gt;Board setting.
    ^~~~~
In file included from /home/ec2-user/arduino-testlib/cli-datadir/user/libraries/FlashStorage_STM32/src/FlashStorage_STM32.hpp:47:0,
                 from /home/ec2-user/arduino-testlib/cli-datadir/user/libraries/FlashStorage_STM32/src/FlashStorage_STM32.h:37,
                 from /home/ec2-user/arduino-testlib/cli-datadir/user/libraries/FlashStorage_STM32/examples/FlashStoreAndRetrieve/FlashStoreAndRetrieve.ino:16:
/home/ec2-user/arduino-testlib/cli-datadir/user/libraries/FlashStorage_STM32/src/utility/stm32_eeprom.hpp:65:10: fatal error: stm32_def.h: No such file or directory
 #include &#34;stm32_def.h&#34;
          ^~~~~~~~~~~~~
compilation terminated.

</pre>
					
					<h4>examples/StoreNameAndSurname</h4>
					<p>
						Result: <b>FAIL</b>
					</p>
					<pre class="pre-scrollable">In file included from /home/ec2-user/arduino-testlib/cli-datadir/user/libraries/FlashStorage_STM32/examples/StoreNameAndSurname/StoreNameAndSurname.ino:18:0:
/home/ec2-user/arduino-testlib/cli-datadir/user/libraries/FlashStorage_STM32/src/FlashStorage_STM32.h:34:4: error: #error This code is intended to run on STM32F/L/H/G/WB/MP1 platform! Please check your Tools-&gt;Board setting.
   #error This code is intended to run on STM32F/L/H/G/WB/MP1 platform! Please check your Tools-&gt;Board setting.
    ^~~~~
In file included from /home/ec2-user/arduino-testlib/cli-datadir/user/libraries/FlashStorage_STM32/src/FlashStorage_STM32.hpp:47:0,
                 from /home/ec2-user/arduino-testlib/cli-datadir/user/libraries/FlashStorage_STM32/src/FlashStorage_STM32.h:37,
                 from /home/ec2-user/arduino-testlib/cli-datadir/user/libraries/FlashStorage_STM32/examples/StoreNameAndSurname/StoreNameAndSurname.ino:18:
/home/ec2-user/arduino-testlib/cli-datadir/user/libraries/FlashStorage_STM32/src/utility/stm32_eeprom.hpp:65:10: fatal error: stm32_def.h: No such file or directory
 #include &#34;stm32_def.h&#34;
          ^~~~~~~~~~~~~
compilation terminated.

</pre>
					
					<h4>examples/multiFileProject</h4>
					<p>
						Result: <b>FAIL</b>
					</p>
					<pre class="pre-scrollable">/home/ec2-user/arduino-testlib/cli-datadir/user/libraries/FlashStorage_STM32/examples/multiFileProject/multiFileProject.ino:23:4: error: #error This code is intended to run on STM32F/L/H/G/WB/MP1 platform! Please check your Tools-&gt;Board setting.
   #error This code is intended to run on STM32F/L/H/G/WB/MP1 platform! Please check your Tools-&gt;Board setting.
    ^~~~~
In file included from /home/ec2-user/arduino-testlib/cli-datadir/user/libraries/FlashStorage_STM32/examples/multiFileProject/multiFileProject.ino:30:0:
/home/ec2-user/arduino-testlib/cli-datadir/user/libraries/FlashStorage_STM32/src/FlashStorage_STM32.h:34:4: error: #error This code is intended to run on STM32F/L/H/G/WB/MP1 platform! Please check your Tools-&gt;Board setting.
   #error This code is intended to run on STM32F/L/H/G/WB/MP1 platform! Please check your Tools-&gt;Board setting.
    ^~~~~
In file included from /home/ec2-user/arduino-testlib/cli-datadir/user/libraries/FlashStorage_STM32/src/FlashStorage_STM32.hpp:47:0,
                 from /home/ec2-user/arduino-testlib/cli-datadir/user/libraries/FlashStorage_STM32/src/FlashStorage_STM32.h:37,
                 from /home/ec2-user/arduino-testlib/cli-datadir/user/libraries/FlashStorage_STM32/examples/multiFileProject/multiFileProject.ino:30:
/home/ec2-user/arduino-testlib/cli-datadir/user/libraries/FlashStorage_STM32/src/utility/stm32_eeprom.hpp:65:10: fatal error: stm32_def.h: No such file or directory
 #include &#34;stm32_def.h&#34;
          ^~~~~~~~~~~~~
compilation terminated.

</pre>
					
				
				<h3 id="arduino:samd:mkrwifi1010">arduino:samd:mkrwifi1010 @ 1.8.12</h3>
				<h4>Inclusion</h4>
				<p>
					Result: <b>FAIL</b>
					
				</p>
				<pre class="pre-scrollable">In file included from /tmp/arduino-testlib923574352/test/test.ino:1:0:
/home/ec2-user/arduino-testlib/cli-datadir/user/libraries/FlashStorage_STM32/src/FlashStorage_STM32.h:34:4: error: #error This code is intended to run on STM32F/L/H/G/WB/MP1 platform! Please check your Tools-&gt;Board setting.
   #error This code is intended to run on STM32F/L/H/G/WB/MP1 platform! Please check your Tools-&gt;Board setting.
    ^~~~~
In file included from /home/ec2-user/arduino-testlib/cli-datadir/user/libraries/FlashStorage_STM32/src/FlashStorage_STM32.hpp:47:0,
                 from /home/ec2-user/arduino-testlib/cli-datadir/user/libraries/FlashStorage_STM32/src/FlashStorage_STM32.h:37,
                 from /tmp/arduino-testlib923574352/test/test.ino:1:
/home/ec2-user/arduino-testlib/cli-datadir/user/libraries/FlashStorage_STM32/src/utility/stm32_eeprom.hpp:65:10: fatal error: stm32_def.h: No such file or directory
 #include &#34;stm32_def.h&#34;
          ^~~~~~~~~~~~~
compilation terminated.

</pre>

					
					<h4>examples/EEPROM_CRC</h4>
					<p>
						Result: <b>FAIL</b>
					</p>
					<pre class="pre-scrollable">In file included from /home/ec2-user/arduino-testlib/cli-datadir/user/libraries/FlashStorage_STM32/examples/EEPROM_CRC/EEPROM_CRC.ino:24:0:
/home/ec2-user/arduino-testlib/cli-datadir/user/libraries/FlashStorage_STM32/src/FlashStorage_STM32.h:34:4: error: #error This code is intended to run on STM32F/L/H/G/WB/MP1 platform! Please check your Tools-&gt;Board setting.
   #error This code is intended to run on STM32F/L/H/G/WB/MP1 platform! Please check your Tools-&gt;Board setting.
    ^~~~~
In file included from /home/ec2-user/arduino-testlib/cli-datadir/user/libraries/FlashStorage_STM32/src/FlashStorage_STM32.hpp:47:0,
                 from /home/ec2-user/arduino-testlib/cli-datadir/user/libraries/FlashStorage_STM32/src/FlashStorage_STM32.h:37,
                 from /home/ec2-user/arduino-testlib/cli-datadir/user/libraries/FlashStorage_STM32/examples/EEPROM_CRC/EEPROM_CRC.ino:24:
/home/ec2-user/arduino-testlib/cli-datadir/user/libraries/FlashStorage_STM32/src/utility/stm32_eeprom.hpp:65:10: fatal error: stm32_def.h: No such file or directory
 #include &#34;stm32_def.h&#34;
          ^~~~~~~~~~~~~
compilation terminated.

</pre>
					
					<h4>examples/EEPROM_Clear</h4>
					<p>
						Result: <b>FAIL</b>
					</p>
					<pre class="pre-scrollable">In file included from /home/ec2-user/arduino-testlib/cli-datadir/user/libraries/FlashStorage_STM32/examples/EEPROM_Clear/EEPROM_Clear.ino:16:0:
/home/ec2-user/arduino-testlib/cli-datadir/user/libraries/FlashStorage_STM32/src/FlashStorage_STM32.h:34:4: error: #error This code is intended to run on STM32F/L/H/G/WB/MP1 platform! Please check your Tools-&gt;Board setting.
   #error This code is intended to run on STM32F/L/H/G/WB/MP1 platform! Please check your Tools-&gt;Board setting.
    ^~~~~
In file included from /home/ec2-user/arduino-testlib/cli-datadir/user/libraries/FlashStorage_STM32/src/FlashStorage_STM32.hpp:47:0,
                 from /home/ec2-user/arduino-testlib/cli-datadir/user/libraries/FlashStorage_STM32/src/FlashStorage_STM32.h:37,
                 from /home/ec2-user/arduino-testlib/cli-datadir/user/libraries/FlashStorage_STM32/examples/EEPROM_Clear/EEPROM_Clear.ino:16:
/home/ec2-user/arduino-testlib/cli-datadir/user/libraries/FlashStorage_STM32/src/utility/stm32_eeprom.hpp:65:10: fatal error: stm32_def.h: No such file or directory
 #include &#34;stm32_def.h&#34;
          ^~~~~~~~~~~~~
compilation terminated.

</pre>
					
					<h4>examples/EEPROM_get</h4>
					<p>
						Result: <b>FAIL</b>
					</p>
					<pre class="pre-scrollable">In file included from /home/ec2-user/arduino-testlib/cli-datadir/user/libraries/FlashStorage_STM32/examples/EEPROM_get/EEPROM_get.ino:30:0:
/home/ec2-user/arduino-testlib/cli-datadir/user/libraries/FlashStorage_STM32/src/FlashStorage_STM32.h:34:4: error: #error This code is intended to run on STM32F/L/H/G/WB/MP1 platform! Please check your Tools-&gt;Board setting.
   #error This code is intended to run on STM32F/L/H/G/WB/MP1 platform! Please check your Tools-&gt;Board setting.
    ^~~~~
In file included from /home/ec2-user/arduino-testlib/cli-datadir/user/libraries/FlashStorage_STM32/src/FlashStorage_STM32.hpp:47:0,
                 from /home/ec2-user/arduino-testlib/cli-datadir/user/libraries/FlashStorage_STM32/src/FlashStorage_STM32.h:37,
                 from /home/ec2-user/arduino-testlib/cli-datadir/user/libraries/FlashStorage_STM32/examples/EEPROM_get/EEPROM_get.ino:30:
/home/ec2-user/arduino-testlib/cli-datadir/user/libraries/FlashStorage_STM32/src/utility/stm32_eeprom.hpp:65:10: fatal error: stm32_def.h: No such file or directory
 #include &#34;stm32_def.h&#34;
          ^~~~~~~~~~~~~
compilation terminated.

</pre>
					
					<h4>examples/EEPROM_iteration</h4>
					<p>
						Result: <b>FAIL</b>
					</p>
					<pre class="pre-scrollable">In file included from /home/ec2-user/arduino-testlib/cli-datadir/user/libraries/FlashStorage_STM32/examples/EEPROM_iteration/EEPROM_iteration.ino:26:0:
/home/ec2-user/arduino-testlib/cli-datadir/user/libraries/FlashStorage_STM32/src/FlashStorage_STM32.h:34:4: error: #error This code is intended to run on STM32F/L/H/G/WB/MP1 platform! Please check your Tools-&gt;Board setting.
   #error This code is intended to run on STM32F/L/H/G/WB/MP1 platform! Please check your Tools-&gt;Board setting.
    ^~~~~
In file included from /home/ec2-user/arduino-testlib/cli-datadir/user/libraries/FlashStorage_STM32/src/FlashStorage_STM32.hpp:47:0,
                 from /home/ec2-user/arduino-testlib/cli-datadir/user/libraries/FlashStorage_STM32/src/FlashStorage_STM32.h:37,
                 from /home/ec2-user/arduino-testlib/cli-datadir/user/libraries/FlashStorage_STM32/examples/EEPROM_iteration/EEPROM_iteration.ino:26:
/home/ec2-user/arduino-testlib/cli-datadir/user/libraries/FlashStorage_STM32/src/utility/stm32_eeprom.hpp:65:10: fatal error: stm32_def.h: No such file or directory
 #include &#34;stm32_def.h&#34;
          ^~~~~~~~~~~~~
compilation terminated.

</pre>
					
					<h4>examples/EEPROM_put</h4>
					<p>
						Result: <b>FAIL</b>
					</p>
					<pre class="pre-scrollable">In file included from /home/ec2-user/arduino-testlib/cli-datadir/user/libraries/FlashStorage_STM32/examples/EEPROM_put/EEPROM_put.ino:28:0:
/home/ec2-user/arduino-testlib/cli-datadir/user/libraries/FlashStorage_STM32/src/FlashStorage_STM32.h:34:4: error: #error This code is intended to run on STM32F/L/H/G/WB/MP1 platform! Please check your Tools-&gt;Board setting.
   #error This code is intended to run on STM32F/L/H/G/WB/MP1 platform! Please check your Tools-&gt;Board setting.
    ^~~~~
In file included from /home/ec2-user/arduino-testlib/cli-datadir/user/libraries/FlashStorage_STM32/src/FlashStorage_STM32.hpp:47:0,
                 from /home/ec2-user/arduino-testlib/cli-datadir/user/libraries/FlashStorage_STM32/src/FlashStorage_STM32.h:37,
                 from /home/ec2-user/arduino-testlib/cli-datadir/user/libraries/FlashStorage_STM32/examples/EEPROM_put/EEPROM_put.ino:28:
/home/ec2-user/arduino-testlib/cli-datadir/user/libraries/FlashStorage_STM32/src/utility/stm32_eeprom.hpp:65:10: fatal error: stm32_def.h: No such file or directory
 #include &#34;stm32_def.h&#34;
          ^~~~~~~~~~~~~
compilation terminated.

</pre>
					
					<h4>examples/EEPROM_read</h4>
					<p>
						Result: <b>FAIL</b>
					</p>
					<pre class="pre-scrollable">In file included from /home/ec2-user/arduino-testlib/cli-datadir/user/libraries/FlashStorage_STM32/examples/EEPROM_read/EEPROM_read.ino:22:0:
/home/ec2-user/arduino-testlib/cli-datadir/user/libraries/FlashStorage_STM32/src/FlashStorage_STM32.h:34:4: error: #error This code is intended to run on STM32F/L/H/G/WB/MP1 platform! Please check your Tools-&gt;Board setting.
   #error This code is intended to run on STM32F/L/H/G/WB/MP1 platform! Please check your Tools-&gt;Board setting.
    ^~~~~
In file included from /home/ec2-user/arduino-testlib/cli-datadir/user/libraries/FlashStorage_STM32/src/FlashStorage_STM32.hpp:47:0,
                 from /home/ec2-user/arduino-testlib/cli-datadir/user/libraries/FlashStorage_STM32/src/FlashStorage_STM32.h:37,
                 from /home/ec2-user/arduino-testlib/cli-datadir/user/libraries/FlashStorage_STM32/examples/EEPROM_read/EEPROM_read.ino:22:
/home/ec2-user/arduino-testlib/cli-datadir/user/libraries/FlashStorage_STM32/src/utility/stm32_eeprom.hpp:65:10: fatal error: stm32_def.h: No such file or directory
 #include &#34;stm32_def.h&#34;
          ^~~~~~~~~~~~~
compilation terminated.

</pre>
					
					<h4>examples/EEPROM_update</h4>
					<p>
						Result: <b>FAIL</b>
					</p>
					<pre class="pre-scrollable">In file included from /home/ec2-user/arduino-testlib/cli-datadir/user/libraries/FlashStorage_STM32/examples/EEPROM_update/EEPROM_update.ino:28:0:
/home/ec2-user/arduino-testlib/cli-datadir/user/libraries/FlashStorage_STM32/src/FlashStorage_STM32.h:34:4: error: #error This code is intended to run on STM32F/L/H/G/WB/MP1 platform! Please check your Tools-&gt;Board setting.
   #error This code is intended to run on STM32F/L/H/G/WB/MP1 platform! Please check your Tools-&gt;Board setting.
    ^~~~~
In file included from /home/ec2-user/arduino-testlib/cli-datadir/user/libraries/FlashStorage_STM32/src/FlashStorage_STM32.hpp:47:0,
                 from /home/ec2-user/arduino-testlib/cli-datadir/user/libraries/FlashStorage_STM32/src/FlashStorage_STM32.h:37,
                 from /home/ec2-user/arduino-testlib/cli-datadir/user/libraries/FlashStorage_STM32/examples/EEPROM_update/EEPROM_update.ino:28:
/home/ec2-user/arduino-testlib/cli-datadir/user/libraries/FlashStorage_STM32/src/utility/stm32_eeprom.hpp:65:10: fatal error: stm32_def.h: No such file or directory
 #include &#34;stm32_def.h&#34;
          ^~~~~~~~~~~~~
compilation terminated.

</pre>
					
					<h4>examples/EEPROM_write</h4>
					<p>
						Result: <b>FAIL</b>
					</p>
					<pre class="pre-scrollable">In file included from /home/ec2-user/arduino-testlib/cli-datadir/user/libraries/FlashStorage_STM32/examples/EEPROM_write/EEPROM_write.ino:22:0:
/home/ec2-user/arduino-testlib/cli-datadir/user/libraries/FlashStorage_STM32/src/FlashStorage_STM32.h:34:4: error: #error This code is intended to run on STM32F/L/H/G/WB/MP1 platform! Please check your Tools-&gt;Board setting.
   #error This code is intended to run on STM32F/L/H/G/WB/MP1 platform! Please check your Tools-&gt;Board setting.
    ^~~~~
In file included from /home/ec2-user/arduino-testlib/cli-datadir/user/libraries/FlashStorage_STM32/src/FlashStorage_STM32.hpp:47:0,
                 from /home/ec2-user/arduino-testlib/cli-datadir/user/libraries/FlashStorage_STM32/src/FlashStorage_STM32.h:37,
                 from /home/ec2-user/arduino-testlib/cli-datadir/user/libraries/FlashStorage_STM32/examples/EEPROM_write/EEPROM_write.ino:22:
/home/ec2-user/arduino-testlib/cli-datadir/user/libraries/FlashStorage_STM32/src/utility/stm32_eeprom.hpp:65:10: fatal error: stm32_def.h: No such file or directory
 #include &#34;stm32_def.h&#34;
          ^~~~~~~~~~~~~
compilation terminated.

</pre>
					
					<h4>examples/EmulateEEPROM</h4>
					<p>
						Result: <b>FAIL</b>
					</p>
					<pre class="pre-scrollable">In file included from /home/ec2-user/arduino-testlib/cli-datadir/user/libraries/FlashStorage_STM32/examples/EmulateEEPROM/EmulateEEPROM.ino:18:0:
/home/ec2-user/arduino-testlib/cli-datadir/user/libraries/FlashStorage_STM32/src/FlashStorage_STM32.h:34:4: error: #error This code is intended to run on STM32F/L/H/G/WB/MP1 platform! Please check your Tools-&gt;Board setting.
   #error This code is intended to run on STM32F/L/H/G/WB/MP1 platform! Please check your Tools-&gt;Board setting.
    ^~~~~
In file included from /home/ec2-user/arduino-testlib/cli-datadir/user/libraries/FlashStorage_STM32/src/FlashStorage_STM32.hpp:47:0,
                 from /home/ec2-user/arduino-testlib/cli-datadir/user/libraries/FlashStorage_STM32/src/FlashStorage_STM32.h:37,
                 from /home/ec2-user/arduino-testlib/cli-datadir/user/libraries/FlashStorage_STM32/examples/EmulateEEPROM/EmulateEEPROM.ino:18:
/home/ec2-user/arduino-testlib/cli-datadir/user/libraries/FlashStorage_STM32/src/utility/stm32_eeprom.hpp:65:10: fatal error: stm32_def.h: No such file or directory
 #include &#34;stm32_def.h&#34;
          ^~~~~~~~~~~~~
compilation terminated.

</pre>
					
					<h4>examples/FlashStoreAndRetrieve</h4>
					<p>
						Result: <b>FAIL</b>
					</p>
					<pre class="pre-scrollable">In file included from /home/ec2-user/arduino-testlib/cli-datadir/user/libraries/FlashStorage_STM32/examples/FlashStoreAndRetrieve/FlashStoreAndRetrieve.ino:16:0:
/home/ec2-user/arduino-testlib/cli-datadir/user/libraries/FlashStorage_STM32/src/FlashStorage_STM32.h:34:4: error: #error This code is intended to run on STM32F/L/H/G/WB/MP1 platform! Please check your Tools-&gt;Board setting.
   #error This code is intended to run on STM32F/L/H/G/WB/MP1 platform! Please check your Tools-&gt;Board setting.
    ^~~~~
In file included from /home/ec2-user/arduino-testlib/cli-datadir/user/libraries/FlashStorage_STM32/src/FlashStorage_STM32.hpp:47:0,
                 from /home/ec2-user/arduino-testlib/cli-datadir/user/libraries/FlashStorage_STM32/src/FlashStorage_STM32.h:37,
                 from /home/ec2-user/arduino-testlib/cli-datadir/user/libraries/FlashStorage_STM32/examples/FlashStoreAndRetrieve/FlashStoreAndRetrieve.ino:16:
/home/ec2-user/arduino-testlib/cli-datadir/user/libraries/FlashStorage_STM32/src/utility/stm32_eeprom.hpp:65:10: fatal error: stm32_def.h: No such file or directory
 #include &#34;stm32_def.h&#34;
          ^~~~~~~~~~~~~
compilation terminated.

</pre>
					
					<h4>examples/StoreNameAndSurname</h4>
					<p>
						Result: <b>FAIL</b>
					</p>
					<pre class="pre-scrollable">In file included from /home/ec2-user/arduino-testlib/cli-datadir/user/libraries/FlashStorage_STM32/examples/StoreNameAndSurname/StoreNameAndSurname.ino:18:0:
/home/ec2-user/arduino-testlib/cli-datadir/user/libraries/FlashStorage_STM32/src/FlashStorage_STM32.h:34:4: error: #error This code is intended to run on STM32F/L/H/G/WB/MP1 platform! Please check your Tools-&gt;Board setting.
   #error This code is intended to run on STM32F/L/H/G/WB/MP1 platform! Please check your Tools-&gt;Board setting.
    ^~~~~
In file included from /home/ec2-user/arduino-testlib/cli-datadir/user/libraries/FlashStorage_STM32/src/FlashStorage_STM32.hpp:47:0,
                 from /home/ec2-user/arduino-testlib/cli-datadir/user/libraries/FlashStorage_STM32/src/FlashStorage_STM32.h:37,
                 from /home/ec2-user/arduino-testlib/cli-datadir/user/libraries/FlashStorage_STM32/examples/StoreNameAndSurname/StoreNameAndSurname.ino:18:
/home/ec2-user/arduino-testlib/cli-datadir/user/libraries/FlashStorage_STM32/src/utility/stm32_eeprom.hpp:65:10: fatal error: stm32_def.h: No such file or directory
 #include &#34;stm32_def.h&#34;
          ^~~~~~~~~~~~~
compilation terminated.

</pre>
					
					<h4>examples/multiFileProject</h4>
					<p>
						Result: <b>FAIL</b>
					</p>
					<pre class="pre-scrollable">/home/ec2-user/arduino-testlib/cli-datadir/user/libraries/FlashStorage_STM32/examples/multiFileProject/multiFileProject.ino:23:4: error: #error This code is intended to run on STM32F/L/H/G/WB/MP1 platform! Please check your Tools-&gt;Board setting.
   #error This code is intended to run on STM32F/L/H/G/WB/MP1 platform! Please check your Tools-&gt;Board setting.
    ^~~~~
In file included from /home/ec2-user/arduino-testlib/cli-datadir/user/libraries/FlashStorage_STM32/examples/multiFileProject/multiFileProject.ino:30:0:
/home/ec2-user/arduino-testlib/cli-datadir/user/libraries/FlashStorage_STM32/src/FlashStorage_STM32.h:34:4: error: #error This code is intended to run on STM32F/L/H/G/WB/MP1 platform! Please check your Tools-&gt;Board setting.
   #error This code is intended to run on STM32F/L/H/G/WB/MP1 platform! Please check your Tools-&gt;Board setting.
    ^~~~~
In file included from /home/ec2-user/arduino-testlib/cli-datadir/user/libraries/FlashStorage_STM32/src/FlashStorage_STM32.hpp:47:0,
                 from /home/ec2-user/arduino-testlib/cli-datadir/user/libraries/FlashStorage_STM32/src/FlashStorage_STM32.h:37,
                 from /home/ec2-user/arduino-testlib/cli-datadir/user/libraries/FlashStorage_STM32/examples/multiFileProject/multiFileProject.ino:30:
/home/ec2-user/arduino-testlib/cli-datadir/user/libraries/FlashStorage_STM32/src/utility/stm32_eeprom.hpp:65:10: fatal error: stm32_def.h: No such file or directory
 #include &#34;stm32_def.h&#34;
          ^~~~~~~~~~~~~
compilation terminated.

</pre>
					
				
				<h3 id="esp32:esp32:d1_mini32">esp32:esp32:d1_mini32 @ 1.0.6</h3>
				<h4>Inclusion</h4>
				<p>
					Result: <b>FAIL</b>
					
				</p>
				<pre class="pre-scrollable">In file included from /tmp/arduino-testlib3757121483/test/test.ino:1:0:
/home/ec2-user/arduino-testlib/cli-datadir/user/libraries/FlashStorage_STM32/src/FlashStorage_STM32.h:34:4: error: #error This code is intended to run on STM32F/L/H/G/WB/MP1 platform! Please check your Tools-&gt;Board setting.
   #error This code is intended to run on STM32F/L/H/G/WB/MP1 platform! Please check your Tools-&gt;Board setting.  
    ^
In file included from /home/ec2-user/arduino-testlib/cli-datadir/user/libraries/FlashStorage_STM32/src/FlashStorage_STM32.hpp:47:0,
                 from /home/ec2-user/arduino-testlib/cli-datadir/user/libraries/FlashStorage_STM32/src/FlashStorage_STM32.h:37,
                 from /tmp/arduino-testlib3757121483/test/test.ino:1:
/home/ec2-user/arduino-testlib/cli-datadir/user/libraries/FlashStorage_STM32/src/utility/stm32_eeprom.hpp:65:23: fatal error: stm32_def.h: No such file or directory
compilation terminated.

</pre>

					
					<h4>examples/EEPROM_CRC</h4>
					<p>
						Result: <b>FAIL</b>
					</p>
					<pre class="pre-scrollable">In file included from /home/ec2-user/arduino-testlib/cli-datadir/user/libraries/FlashStorage_STM32/examples/EEPROM_CRC/EEPROM_CRC.ino:24:0:
/home/ec2-user/arduino-testlib/cli-datadir/user/libraries/FlashStorage_STM32/src/FlashStorage_STM32.h:34:4: error: #error This code is intended to run on STM32F/L/H/G/WB/MP1 platform! Please check your Tools-&gt;Board setting.
   #error This code is intended to run on STM32F/L/H/G/WB/MP1 platform! Please check your Tools-&gt;Board setting.  
    ^
In file included from /home/ec2-user/arduino-testlib/cli-datadir/user/libraries/FlashStorage_STM32/src/FlashStorage_STM32.hpp:47:0,
                 from /home/ec2-user/arduino-testlib/cli-datadir/user/libraries/FlashStorage_STM32/src/FlashStorage_STM32.h:37,
                 from /home/ec2-user/arduino-testlib/cli-datadir/user/libraries/FlashStorage_STM32/examples/EEPROM_CRC/EEPROM_CRC.ino:24:
/home/ec2-user/arduino-testlib/cli-datadir/user/libraries/FlashStorage_STM32/src/utility/stm32_eeprom.hpp:65:23: fatal error: stm32_def.h: No such file or directory
compilation terminated.

</pre>
					
					<h4>examples/EEPROM_Clear</h4>
					<p>
						Result: <b>FAIL</b>
					</p>
					<pre class="pre-scrollable">In file included from /home/ec2-user/arduino-testlib/cli-datadir/user/libraries/FlashStorage_STM32/examples/EEPROM_Clear/EEPROM_Clear.ino:16:0:
/home/ec2-user/arduino-testlib/cli-datadir/user/libraries/FlashStorage_STM32/src/FlashStorage_STM32.h:34:4: error: #error This code is intended to run on STM32F/L/H/G/WB/MP1 platform! Please check your Tools-&gt;Board setting.
   #error This code is intended to run on STM32F/L/H/G/WB/MP1 platform! Please check your Tools-&gt;Board setting.  
    ^
In file included from /home/ec2-user/arduino-testlib/cli-datadir/user/libraries/FlashStorage_STM32/src/FlashStorage_STM32.hpp:47:0,
                 from /home/ec2-user/arduino-testlib/cli-datadir/user/libraries/FlashStorage_STM32/src/FlashStorage_STM32.h:37,
                 from /home/ec2-user/arduino-testlib/cli-datadir/user/libraries/FlashStorage_STM32/examples/EEPROM_Clear/EEPROM_Clear.ino:16:
/home/ec2-user/arduino-testlib/cli-datadir/user/libraries/FlashStorage_STM32/src/utility/stm32_eeprom.hpp:65:23: fatal error: stm32_def.h: No such file or directory
compilation terminated.

</pre>
					
					<h4>examples/EEPROM_get</h4>
					<p>
						Result: <b>FAIL</b>
					</p>
					<pre class="pre-scrollable">In file included from /home/ec2-user/arduino-testlib/cli-datadir/user/libraries/FlashStorage_STM32/examples/EEPROM_get/EEPROM_get.ino:30:0:
/home/ec2-user/arduino-testlib/cli-datadir/user/libraries/FlashStorage_STM32/src/FlashStorage_STM32.h:34:4: error: #error This code is intended to run on STM32F/L/H/G/WB/MP1 platform! Please check your Tools-&gt;Board setting.
   #error This code is intended to run on STM32F/L/H/G/WB/MP1 platform! Please check your Tools-&gt;Board setting.  
    ^
In file included from /home/ec2-user/arduino-testlib/cli-datadir/user/libraries/FlashStorage_STM32/src/FlashStorage_STM32.hpp:47:0,
                 from /home/ec2-user/arduino-testlib/cli-datadir/user/libraries/FlashStorage_STM32/src/FlashStorage_STM32.h:37,
                 from /home/ec2-user/arduino-testlib/cli-datadir/user/libraries/FlashStorage_STM32/examples/EEPROM_get/EEPROM_get.ino:30:
/home/ec2-user/arduino-testlib/cli-datadir/user/libraries/FlashStorage_STM32/src/utility/stm32_eeprom.hpp:65:23: fatal error: stm32_def.h: No such file or directory
compilation terminated.

</pre>
					
					<h4>examples/EEPROM_iteration</h4>
					<p>
						Result: <b>FAIL</b>
					</p>
					<pre class="pre-scrollable">In file included from /home/ec2-user/arduino-testlib/cli-datadir/user/libraries/FlashStorage_STM32/examples/EEPROM_iteration/EEPROM_iteration.ino:26:0:
/home/ec2-user/arduino-testlib/cli-datadir/user/libraries/FlashStorage_STM32/src/FlashStorage_STM32.h:34:4: error: #error This code is intended to run on STM32F/L/H/G/WB/MP1 platform! Please check your Tools-&gt;Board setting.
   #error This code is intended to run on STM32F/L/H/G/WB/MP1 platform! Please check your Tools-&gt;Board setting.  
    ^
In file included from /home/ec2-user/arduino-testlib/cli-datadir/user/libraries/FlashStorage_STM32/src/FlashStorage_STM32.hpp:47:0,
                 from /home/ec2-user/arduino-testlib/cli-datadir/user/libraries/FlashStorage_STM32/src/FlashStorage_STM32.h:37,
                 from /home/ec2-user/arduino-testlib/cli-datadir/user/libraries/FlashStorage_STM32/examples/EEPROM_iteration/EEPROM_iteration.ino:26:
/home/ec2-user/arduino-testlib/cli-datadir/user/libraries/FlashStorage_STM32/src/utility/stm32_eeprom.hpp:65:23: fatal error: stm32_def.h: No such file or directory
compilation terminated.

</pre>
					
					<h4>examples/EEPROM_put</h4>
					<p>
						Result: <b>FAIL</b>
					</p>
					<pre class="pre-scrollable">In file included from /home/ec2-user/arduino-testlib/cli-datadir/user/libraries/FlashStorage_STM32/examples/EEPROM_put/EEPROM_put.ino:28:0:
/home/ec2-user/arduino-testlib/cli-datadir/user/libraries/FlashStorage_STM32/src/FlashStorage_STM32.h:34:4: error: #error This code is intended to run on STM32F/L/H/G/WB/MP1 platform! Please check your Tools-&gt;Board setting.
   #error This code is intended to run on STM32F/L/H/G/WB/MP1 platform! Please check your Tools-&gt;Board setting.  
    ^
In file included from /home/ec2-user/arduino-testlib/cli-datadir/user/libraries/FlashStorage_STM32/src/FlashStorage_STM32.hpp:47:0,
                 from /home/ec2-user/arduino-testlib/cli-datadir/user/libraries/FlashStorage_STM32/src/FlashStorage_STM32.h:37,
                 from /home/ec2-user/arduino-testlib/cli-datadir/user/libraries/FlashStorage_STM32/examples/EEPROM_put/EEPROM_put.ino:28:
/home/ec2-user/arduino-testlib/cli-datadir/user/libraries/FlashStorage_STM32/src/utility/stm32_eeprom.hpp:65:23: fatal error: stm32_def.h: No such file or directory
compilation terminated.

</pre>
					
					<h4>examples/EEPROM_read</h4>
					<p>
						Result: <b>FAIL</b>
					</p>
					<pre class="pre-scrollable">In file included from /home/ec2-user/arduino-testlib/cli-datadir/user/libraries/FlashStorage_STM32/examples/EEPROM_read/EEPROM_read.ino:22:0:
/home/ec2-user/arduino-testlib/cli-datadir/user/libraries/FlashStorage_STM32/src/FlashStorage_STM32.h:34:4: error: #error This code is intended to run on STM32F/L/H/G/WB/MP1 platform! Please check your Tools-&gt;Board setting.
   #error This code is intended to run on STM32F/L/H/G/WB/MP1 platform! Please check your Tools-&gt;Board setting.  
    ^
In file included from /home/ec2-user/arduino-testlib/cli-datadir/user/libraries/FlashStorage_STM32/src/FlashStorage_STM32.hpp:47:0,
                 from /home/ec2-user/arduino-testlib/cli-datadir/user/libraries/FlashStorage_STM32/src/FlashStorage_STM32.h:37,
                 from /home/ec2-user/arduino-testlib/cli-datadir/user/libraries/FlashStorage_STM32/examples/EEPROM_read/EEPROM_read.ino:22:
/home/ec2-user/arduino-testlib/cli-datadir/user/libraries/FlashStorage_STM32/src/utility/stm32_eeprom.hpp:65:23: fatal error: stm32_def.h: No such file or directory
compilation terminated.

</pre>
					
					<h4>examples/EEPROM_update</h4>
					<p>
						Result: <b>FAIL</b>
					</p>
					<pre class="pre-scrollable">In file included from /home/ec2-user/arduino-testlib/cli-datadir/user/libraries/FlashStorage_STM32/examples/EEPROM_update/EEPROM_update.ino:28:0:
/home/ec2-user/arduino-testlib/cli-datadir/user/libraries/FlashStorage_STM32/src/FlashStorage_STM32.h:34:4: error: #error This code is intended to run on STM32F/L/H/G/WB/MP1 platform! Please check your Tools-&gt;Board setting.
   #error This code is intended to run on STM32F/L/H/G/WB/MP1 platform! Please check your Tools-&gt;Board setting.  
    ^
In file included from /home/ec2-user/arduino-testlib/cli-datadir/user/libraries/FlashStorage_STM32/src/FlashStorage_STM32.hpp:47:0,
                 from /home/ec2-user/arduino-testlib/cli-datadir/user/libraries/FlashStorage_STM32/src/FlashStorage_STM32.h:37,
                 from /home/ec2-user/arduino-testlib/cli-datadir/user/libraries/FlashStorage_STM32/examples/EEPROM_update/EEPROM_update.ino:28:
/home/ec2-user/arduino-testlib/cli-datadir/user/libraries/FlashStorage_STM32/src/utility/stm32_eeprom.hpp:65:23: fatal error: stm32_def.h: No such file or directory
compilation terminated.

</pre>
					
					<h4>examples/EEPROM_write</h4>
					<p>
						Result: <b>FAIL</b>
					</p>
					<pre class="pre-scrollable">In file included from /home/ec2-user/arduino-testlib/cli-datadir/user/libraries/FlashStorage_STM32/examples/EEPROM_write/EEPROM_write.ino:22:0:
/home/ec2-user/arduino-testlib/cli-datadir/user/libraries/FlashStorage_STM32/src/FlashStorage_STM32.h:34:4: error: #error This code is intended to run on STM32F/L/H/G/WB/MP1 platform! Please check your Tools-&gt;Board setting.
   #error This code is intended to run on STM32F/L/H/G/WB/MP1 platform! Please check your Tools-&gt;Board setting.  
    ^
In file included from /home/ec2-user/arduino-testlib/cli-datadir/user/libraries/FlashStorage_STM32/src/FlashStorage_STM32.hpp:47:0,
                 from /home/ec2-user/arduino-testlib/cli-datadir/user/libraries/FlashStorage_STM32/src/FlashStorage_STM32.h:37,
                 from /home/ec2-user/arduino-testlib/cli-datadir/user/libraries/FlashStorage_STM32/examples/EEPROM_write/EEPROM_write.ino:22:
/home/ec2-user/arduino-testlib/cli-datadir/user/libraries/FlashStorage_STM32/src/utility/stm32_eeprom.hpp:65:23: fatal error: stm32_def.h: No such file or directory
compilation terminated.

</pre>
					
					<h4>examples/EmulateEEPROM</h4>
					<p>
						Result: <b>FAIL</b>
					</p>
					<pre class="pre-scrollable">In file included from /home/ec2-user/arduino-testlib/cli-datadir/user/libraries/FlashStorage_STM32/examples/EmulateEEPROM/EmulateEEPROM.ino:18:0:
/home/ec2-user/arduino-testlib/cli-datadir/user/libraries/FlashStorage_STM32/src/FlashStorage_STM32.h:34:4: error: #error This code is intended to run on STM32F/L/H/G/WB/MP1 platform! Please check your Tools-&gt;Board setting.
   #error This code is intended to run on STM32F/L/H/G/WB/MP1 platform! Please check your Tools-&gt;Board setting.  
    ^
In file included from /home/ec2-user/arduino-testlib/cli-datadir/user/libraries/FlashStorage_STM32/src/FlashStorage_STM32.hpp:47:0,
                 from /home/ec2-user/arduino-testlib/cli-datadir/user/libraries/FlashStorage_STM32/src/FlashStorage_STM32.h:37,
                 from /home/ec2-user/arduino-testlib/cli-datadir/user/libraries/FlashStorage_STM32/examples/EmulateEEPROM/EmulateEEPROM.ino:18:
/home/ec2-user/arduino-testlib/cli-datadir/user/libraries/FlashStorage_STM32/src/utility/stm32_eeprom.hpp:65:23: fatal error: stm32_def.h: No such file or directory
compilation terminated.

</pre>
					
					<h4>examples/FlashStoreAndRetrieve</h4>
					<p>
						Result: <b>FAIL</b>
					</p>
					<pre class="pre-scrollable">In file included from /home/ec2-user/arduino-testlib/cli-datadir/user/libraries/FlashStorage_STM32/examples/FlashStoreAndRetrieve/FlashStoreAndRetrieve.ino:16:0:
/home/ec2-user/arduino-testlib/cli-datadir/user/libraries/FlashStorage_STM32/src/FlashStorage_STM32.h:34:4: error: #error This code is intended to run on STM32F/L/H/G/WB/MP1 platform! Please check your Tools-&gt;Board setting.
   #error This code is intended to run on STM32F/L/H/G/WB/MP1 platform! Please check your Tools-&gt;Board setting.  
    ^
In file included from /home/ec2-user/arduino-testlib/cli-datadir/user/libraries/FlashStorage_STM32/src/FlashStorage_STM32.hpp:47:0,
                 from /home/ec2-user/arduino-testlib/cli-datadir/user/libraries/FlashStorage_STM32/src/FlashStorage_STM32.h:37,
                 from /home/ec2-user/arduino-testlib/cli-datadir/user/libraries/FlashStorage_STM32/examples/FlashStoreAndRetrieve/FlashStoreAndRetrieve.ino:16:
/home/ec2-user/arduino-testlib/cli-datadir/user/libraries/FlashStorage_STM32/src/utility/stm32_eeprom.hpp:65:23: fatal error: stm32_def.h: No such file or directory
compilation terminated.

</pre>
					
					<h4>examples/StoreNameAndSurname</h4>
					<p>
						Result: <b>FAIL</b>
					</p>
					<pre class="pre-scrollable">In file included from /home/ec2-user/arduino-testlib/cli-datadir/user/libraries/FlashStorage_STM32/examples/StoreNameAndSurname/StoreNameAndSurname.ino:18:0:
/home/ec2-user/arduino-testlib/cli-datadir/user/libraries/FlashStorage_STM32/src/FlashStorage_STM32.h:34:4: error: #error This code is intended to run on STM32F/L/H/G/WB/MP1 platform! Please check your Tools-&gt;Board setting.
   #error This code is intended to run on STM32F/L/H/G/WB/MP1 platform! Please check your Tools-&gt;Board setting.  
    ^
In file included from /home/ec2-user/arduino-testlib/cli-datadir/user/libraries/FlashStorage_STM32/src/FlashStorage_STM32.hpp:47:0,
                 from /home/ec2-user/arduino-testlib/cli-datadir/user/libraries/FlashStorage_STM32/src/FlashStorage_STM32.h:37,
                 from /home/ec2-user/arduino-testlib/cli-datadir/user/libraries/FlashStorage_STM32/examples/StoreNameAndSurname/StoreNameAndSurname.ino:18:
/home/ec2-user/arduino-testlib/cli-datadir/user/libraries/FlashStorage_STM32/src/utility/stm32_eeprom.hpp:65:23: fatal error: stm32_def.h: No such file or directory
compilation terminated.

</pre>
					
					<h4>examples/multiFileProject</h4>
					<p>
						Result: <b>FAIL</b>
					</p>
					<pre class="pre-scrollable">/home/ec2-user/arduino-testlib/cli-datadir/user/libraries/FlashStorage_STM32/examples/multiFileProject/multiFileProject.ino:23:4: error: #error This code is intended to run on STM32F/L/H/G/WB/MP1 platform! Please check your Tools-&gt;Board setting.
   #error This code is intended to run on STM32F/L/H/G/WB/MP1 platform! Please check your Tools-&gt;Board setting.  
    ^
In file included from /home/ec2-user/arduino-testlib/cli-datadir/user/libraries/FlashStorage_STM32/examples/multiFileProject/multiFileProject.ino:30:0:
/home/ec2-user/arduino-testlib/cli-datadir/user/libraries/FlashStorage_STM32/src/FlashStorage_STM32.h:34:4: error: #error This code is intended to run on STM32F/L/H/G/WB/MP1 platform! Please check your Tools-&gt;Board setting.
   #error This code is intended to run on STM32F/L/H/G/WB/MP1 platform! Please check your Tools-&gt;Board setting.  
    ^
In file included from /home/ec2-user/arduino-testlib/cli-datadir/user/libraries/FlashStorage_STM32/src/FlashStorage_STM32.hpp:47:0,
                 from /home/ec2-user/arduino-testlib/cli-datadir/user/libraries/FlashStorage_STM32/src/FlashStorage_STM32.h:37,
                 from /home/ec2-user/arduino-testlib/cli-datadir/user/libraries/FlashStorage_STM32/examples/multiFileProject/multiFileProject.ino:30:
/home/ec2-user/arduino-testlib/cli-datadir/user/libraries/FlashStorage_STM32/src/utility/stm32_eeprom.hpp:65:23: fatal error: stm32_def.h: No such file or directory
compilation terminated.

</pre>
					
				
			</div>
		</div>
	</div>
  </body>
</html>
