
<!doctype html>
<html lang="en">
  <head>
    <meta charset="utf-8">
    <meta name="viewport" content="width=device-width, initial-scale=1">
    <link href="https://cdn.jsdelivr.net/npm/bootstrap@5.0.2/dist/css/bootstrap.min.css" rel="stylesheet" integrity="sha384-EVSTQN3/azprG1Anm3QDgpJLIm9Nao0Yz1ztcQTwFspd3yD65VohhpuuCOmLASjC" crossorigin="anonymous">
    <title>arduino-testlib report</title>
	<style>
	.pass { background-color: #00FF00 !important; }
	.fail { background-color: #FF0000 !important; }
	</style>
  </head>
  <body>
	<div class="container">
		<div class="row">
			<div class="col">
				<h1>FTRGBLED - compatibility matrix</h1>
				<p>
					<small>This report was generated on Monday, 21-Feb-22 12:00:25 CET using 
					<a href="https://github.com/alranel/arduino-testlib">arduino-testlib</a>.</small>
				</p>

				<h2>FTRGBLED</h2>
				<p>
					Version: <b>1.0.0</b>
					<br />
					<a href="https://www.arduino.cc/reference/en/libraries/ftrgbled/">More details</a>
				</p>

				<h2>Compatibility matrix</h2>
				<table class="table table-bordered">
					<tr>
						<th>Board</th>
						<th>Claims compatibility</th>
						<th>Inclusion</th>
						
						<th><pre>BlinkRGB</pre></th>
						
						<th><pre>Chaser</pre></th>
						
						<th><pre>ColourWheel</pre></th>
						
					</tr>
					
					<tr>
						<td>
							<a href="#arduino%3aavr%3auno"><b>arduino:avr:uno</b></a>
							<br />
							<small>1.8.4</small>
						</td>

						
							<td>Yes</td>
							<td class="pass">PASS</td>
						
						
						
						

						
							
								
									
										
											<td class="pass">PASS</td>
											
										
									
										
									
										
									
								
							
								
							
								
							
								
							
								
							
						
							
								
									
										
									
										
											<td class="pass">PASS</td>
											
										
									
										
									
								
							
								
							
								
							
								
							
								
							
						
							
								
									
										
									
										
									
										
											<td class="pass">PASS</td>
											
										
									
								
							
								
							
								
							
								
							
								
							
						
					</tr>
					
					<tr>
						<td>
							<a href="#arduino%3ambed_nano%3ananorp2040connect"><b>arduino:mbed_nano:nanorp2040connect</b></a>
							<br />
							<small>2.7.2</small>
						</td>

						
						
						
						
							<td>No</td>
							<td class="fail">FAIL</td>
						

						
							
								
							
								
									
										
											
											<td class="fail">FAIL</td>
										
									
										
									
										
									
								
							
								
							
								
							
								
							
						
							
								
							
								
									
										
									
										
											
											<td class="fail">FAIL</td>
										
									
										
									
								
							
								
							
								
							
								
							
						
							
								
							
								
									
										
									
										
									
										
											
											<td class="fail">FAIL</td>
										
									
								
							
								
							
								
							
								
							
						
					</tr>
					
					<tr>
						<td>
							<a href="#arduino%3amegaavr%3anona4809"><b>arduino:megaavr:nona4809</b></a>
							<br />
							<small>1.8.7</small>
						</td>

						
						
							<td>No ⚠️</td>
							<td class="pass">PASS</td>
						
						
						

						
							
								
							
								
							
								
									
										
											<td class="pass">PASS</td>
											
										
									
										
									
										
									
								
							
								
							
								
							
						
							
								
							
								
							
								
									
										
									
										
											<td class="pass">PASS</td>
											
										
									
										
									
								
							
								
							
								
							
						
							
								
							
								
							
								
									
										
									
										
									
										
											<td class="pass">PASS</td>
											
										
									
								
							
								
							
								
							
						
					</tr>
					
					<tr>
						<td>
							<a href="#arduino%3asamd%3amkrwifi1010"><b>arduino:samd:mkrwifi1010</b></a>
							<br />
							<small>1.8.12</small>
						</td>

						
						
						
						
							<td>No</td>
							<td class="fail">FAIL</td>
						

						
							
								
							
								
							
								
							
								
									
										
											
											<td class="fail">FAIL</td>
										
									
										
									
										
									
								
							
								
							
						
							
								
							
								
							
								
							
								
									
										
									
										
											
											<td class="fail">FAIL</td>
										
									
										
									
								
							
								
							
						
							
								
							
								
							
								
							
								
									
										
									
										
									
										
											
											<td class="fail">FAIL</td>
										
									
								
							
								
							
						
					</tr>
					
					<tr>
						<td>
							<a href="#esp32%3aesp32%3ad1_mini32"><b>esp32:esp32:d1_mini32</b></a>
							<br />
							<small>1.0.6</small>
						</td>

						
						
						
						
							<td>No</td>
							<td class="fail">FAIL</td>
						

						
							
								
							
								
							
								
							
								
							
								
									
										
											
											<td class="fail">FAIL</td>
										
									
										
									
										
									
								
							
						
							
								
							
								
							
								
							
								
							
								
									
										
									
										
											
											<td class="fail">FAIL</td>
										
									
										
									
								
							
						
							
								
							
								
							
								
							
								
							
								
									
										
									
										
									
										
											
											<td class="fail">FAIL</td>
										
									
								
							
						
					</tr>
					
				</table>

				<h2>Compilation logs</h2>
				
				<h3 id="arduino:avr:uno">arduino:avr:uno @ 1.8.4</h3>
				<h4>Inclusion</h4>
				<p>
					Result: <b>PASS</b>
					
				</p>
				<pre class="pre-scrollable">Sketch uses 444 bytes (1%) of program storage space. Maximum is 32256 bytes.
Global variables use 9 bytes (0%) of dynamic memory, leaving 2039 bytes for local variables. Maximum is 2048 bytes.
</pre>

					
					<h4>examples/BlinkRGB</h4>
					<p>
						Result: <b>PASS</b>
					</p>
					<pre class="pre-scrollable">Sketch uses 1974 bytes (6%) of program storage space. Maximum is 32256 bytes.
Global variables use 25 bytes (1%) of dynamic memory, leaving 2023 bytes for local variables. Maximum is 2048 bytes.
</pre>
					
					<h4>examples/Chaser</h4>
					<p>
						Result: <b>PASS</b>
					</p>
					<pre class="pre-scrollable">Sketch uses 2924 bytes (9%) of program storage space. Maximum is 32256 bytes.
Global variables use 201 bytes (9%) of dynamic memory, leaving 1847 bytes for local variables. Maximum is 2048 bytes.
</pre>
					
					<h4>examples/ColourWheel</h4>
					<p>
						Result: <b>PASS</b>
					</p>
					<pre class="pre-scrollable">Sketch uses 4552 bytes (14%) of program storage space. Maximum is 32256 bytes.
Global variables use 232 bytes (11%) of dynamic memory, leaving 1816 bytes for local variables. Maximum is 2048 bytes.
</pre>
					
				
				<h3 id="arduino:mbed_nano:nanorp2040connect">arduino:mbed_nano:nanorp2040connect @ 2.7.2</h3>
				<h4>Inclusion</h4>
				<p>
					Result: <b>FAIL</b>
					
				</p>
				<pre class="pre-scrollable">WARNING: library FTRGBLED claims to run on avr, sam architecture(s) and may be incompatible with your current board which runs on mbed_nano architecture(s).
/home/ec2-user/arduino-testlib/cli-datadir/user/libraries/FTRGBLED/FTRGBLED.cpp: In function &#39;void delay20ns()&#39;:
/home/ec2-user/arduino-testlib/cli-datadir/user/libraries/FTRGBLED/FTRGBLED.cpp:66:17: error: &#39;VARIANT_MCK&#39; was not declared in this scope
   uint32_t n = (VARIANT_MCK / 150000000) &#43; 1;
                 ^~~~~~~~~~~
/home/ec2-user/arduino-testlib/cli-datadir/user/libraries/FTRGBLED/FTRGBLED.cpp: In member function &#39;void RGBLEDChain::update()&#39;:
/home/ec2-user/arduino-testlib/cli-datadir/user/libraries/FTRGBLED/FTRGBLED.cpp:83:30: error: &#39;portOutputRegister&#39; was not declared in this scope
   volatile reg_t *port_sdi = portOutputRegister(digitalPinToPort(pin_sdi));
                              ^~~~~~~~~~~~~~~~~~
/home/ec2-user/arduino-testlib/cli-datadir/user/libraries/FTRGBLED/FTRGBLED.cpp:84:20: error: &#39;digitalPinToBitMask&#39; was not declared in this scope
   reg_t mask_sdi = digitalPinToBitMask(pin_sdi);
                    ^~~~~~~~~~~~~~~~~~~
/home/ec2-user/arduino-testlib/cli-datadir/user/libraries/FTRGBLED/FTRGBLED.cpp:84:20: note: suggested alternative: &#39;digitalPinToPinName&#39;
   reg_t mask_sdi = digitalPinToBitMask(pin_sdi);
                    ^~~~~~~~~~~~~~~~~~~
                    digitalPinToPinName

</pre>

					
					<h4>examples/BlinkRGB</h4>
					<p>
						Result: <b>FAIL</b>
					</p>
					<pre class="pre-scrollable">WARNING: library FTRGBLED claims to run on avr, sam architecture(s) and may be incompatible with your current board which runs on mbed_nano architecture(s).
/home/ec2-user/arduino-testlib/cli-datadir/user/libraries/FTRGBLED/FTRGBLED.cpp: In function &#39;void delay20ns()&#39;:
/home/ec2-user/arduino-testlib/cli-datadir/user/libraries/FTRGBLED/FTRGBLED.cpp:66:17: error: &#39;VARIANT_MCK&#39; was not declared in this scope
   uint32_t n = (VARIANT_MCK / 150000000) &#43; 1;
                 ^~~~~~~~~~~
/home/ec2-user/arduino-testlib/cli-datadir/user/libraries/FTRGBLED/FTRGBLED.cpp: In member function &#39;void RGBLEDChain::update()&#39;:
/home/ec2-user/arduino-testlib/cli-datadir/user/libraries/FTRGBLED/FTRGBLED.cpp:83:30: error: &#39;portOutputRegister&#39; was not declared in this scope
   volatile reg_t *port_sdi = portOutputRegister(digitalPinToPort(pin_sdi));
                              ^~~~~~~~~~~~~~~~~~
/home/ec2-user/arduino-testlib/cli-datadir/user/libraries/FTRGBLED/FTRGBLED.cpp:84:20: error: &#39;digitalPinToBitMask&#39; was not declared in this scope
   reg_t mask_sdi = digitalPinToBitMask(pin_sdi);
                    ^~~~~~~~~~~~~~~~~~~
/home/ec2-user/arduino-testlib/cli-datadir/user/libraries/FTRGBLED/FTRGBLED.cpp:84:20: note: suggested alternative: &#39;digitalPinToPinName&#39;
   reg_t mask_sdi = digitalPinToBitMask(pin_sdi);
                    ^~~~~~~~~~~~~~~~~~~
                    digitalPinToPinName

</pre>
					
					<h4>examples/Chaser</h4>
					<p>
						Result: <b>FAIL</b>
					</p>
					<pre class="pre-scrollable">WARNING: library FTRGBLED claims to run on avr, sam architecture(s) and may be incompatible with your current board which runs on mbed_nano architecture(s).
/home/ec2-user/arduino-testlib/cli-datadir/user/libraries/FTRGBLED/FTRGBLED.cpp: In function &#39;void delay20ns()&#39;:
/home/ec2-user/arduino-testlib/cli-datadir/user/libraries/FTRGBLED/FTRGBLED.cpp:66:17: error: &#39;VARIANT_MCK&#39; was not declared in this scope
   uint32_t n = (VARIANT_MCK / 150000000) &#43; 1;
                 ^~~~~~~~~~~
/home/ec2-user/arduino-testlib/cli-datadir/user/libraries/FTRGBLED/FTRGBLED.cpp: In member function &#39;void RGBLEDChain::update()&#39;:
/home/ec2-user/arduino-testlib/cli-datadir/user/libraries/FTRGBLED/FTRGBLED.cpp:83:30: error: &#39;portOutputRegister&#39; was not declared in this scope
   volatile reg_t *port_sdi = portOutputRegister(digitalPinToPort(pin_sdi));
                              ^~~~~~~~~~~~~~~~~~
/home/ec2-user/arduino-testlib/cli-datadir/user/libraries/FTRGBLED/FTRGBLED.cpp:84:20: error: &#39;digitalPinToBitMask&#39; was not declared in this scope
   reg_t mask_sdi = digitalPinToBitMask(pin_sdi);
                    ^~~~~~~~~~~~~~~~~~~
/home/ec2-user/arduino-testlib/cli-datadir/user/libraries/FTRGBLED/FTRGBLED.cpp:84:20: note: suggested alternative: &#39;digitalPinToPinName&#39;
   reg_t mask_sdi = digitalPinToBitMask(pin_sdi);
                    ^~~~~~~~~~~~~~~~~~~
                    digitalPinToPinName

</pre>
					
					<h4>examples/ColourWheel</h4>
					<p>
						Result: <b>FAIL</b>
					</p>
					<pre class="pre-scrollable">WARNING: library FTRGBLED claims to run on avr, sam architecture(s) and may be incompatible with your current board which runs on mbed_nano architecture(s).
/home/ec2-user/arduino-testlib/cli-datadir/user/libraries/FTRGBLED/FTRGBLED.cpp: In function &#39;void delay20ns()&#39;:
/home/ec2-user/arduino-testlib/cli-datadir/user/libraries/FTRGBLED/FTRGBLED.cpp:66:17: error: &#39;VARIANT_MCK&#39; was not declared in this scope
   uint32_t n = (VARIANT_MCK / 150000000) &#43; 1;
                 ^~~~~~~~~~~
/home/ec2-user/arduino-testlib/cli-datadir/user/libraries/FTRGBLED/FTRGBLED.cpp: In member function &#39;void RGBLEDChain::update()&#39;:
/home/ec2-user/arduino-testlib/cli-datadir/user/libraries/FTRGBLED/FTRGBLED.cpp:83:30: error: &#39;portOutputRegister&#39; was not declared in this scope
   volatile reg_t *port_sdi = portOutputRegister(digitalPinToPort(pin_sdi));
                              ^~~~~~~~~~~~~~~~~~
/home/ec2-user/arduino-testlib/cli-datadir/user/libraries/FTRGBLED/FTRGBLED.cpp:84:20: error: &#39;digitalPinToBitMask&#39; was not declared in this scope
   reg_t mask_sdi = digitalPinToBitMask(pin_sdi);
                    ^~~~~~~~~~~~~~~~~~~
/home/ec2-user/arduino-testlib/cli-datadir/user/libraries/FTRGBLED/FTRGBLED.cpp:84:20: note: suggested alternative: &#39;digitalPinToPinName&#39;
   reg_t mask_sdi = digitalPinToBitMask(pin_sdi);
                    ^~~~~~~~~~~~~~~~~~~
                    digitalPinToPinName

</pre>
					
				
				<h3 id="arduino:megaavr:nona4809">arduino:megaavr:nona4809 @ 1.8.7</h3>
				<h4>Inclusion</h4>
				<p>
					Result: <b>PASS</b>
					
				</p>
				<pre class="pre-scrollable">WARNING: library FTRGBLED claims to run on avr, sam architecture(s) and may be incompatible with your current board which runs on megaavr architecture(s).
Sketch uses 802 bytes (1%) of program storage space. Maximum is 49152 bytes.
Global variables use 22 bytes (0%) of dynamic memory, leaving 6122 bytes for local variables. Maximum is 6144 bytes.
</pre>

					
					<h4>examples/BlinkRGB</h4>
					<p>
						Result: <b>PASS</b>
					</p>
					<pre class="pre-scrollable">WARNING: library FTRGBLED claims to run on avr, sam architecture(s) and may be incompatible with your current board which runs on megaavr architecture(s).
Sketch uses 4176 bytes (8%) of program storage space. Maximum is 49152 bytes.
Global variables use 46 bytes (0%) of dynamic memory, leaving 6098 bytes for local variables. Maximum is 6144 bytes.
</pre>
					
					<h4>examples/Chaser</h4>
					<p>
						Result: <b>PASS</b>
					</p>
					<pre class="pre-scrollable">WARNING: library FTRGBLED claims to run on avr, sam architecture(s) and may be incompatible with your current board which runs on megaavr architecture(s).
Sketch uses 5668 bytes (11%) of program storage space. Maximum is 49152 bytes.
Global variables use 202 bytes (3%) of dynamic memory, leaving 5942 bytes for local variables. Maximum is 6144 bytes.
</pre>
					
					<h4>examples/ColourWheel</h4>
					<p>
						Result: <b>PASS</b>
					</p>
					<pre class="pre-scrollable">WARNING: library FTRGBLED claims to run on avr, sam architecture(s) and may be incompatible with your current board which runs on megaavr architecture(s).
Sketch uses 7328 bytes (14%) of program storage space. Maximum is 49152 bytes.
Global variables use 233 bytes (3%) of dynamic memory, leaving 5911 bytes for local variables. Maximum is 6144 bytes.
</pre>
					
				
				<h3 id="arduino:samd:mkrwifi1010">arduino:samd:mkrwifi1010 @ 1.8.12</h3>
				<h4>Inclusion</h4>
				<p>
					Result: <b>FAIL</b>
					
				</p>
				<pre class="pre-scrollable">WARNING: library FTRGBLED claims to run on avr, sam architecture(s) and may be incompatible with your current board which runs on samd architecture(s).
/tmp/ccrOqrHd.s: Assembler messages:
/tmp/ccrOqrHd.s:322: Error: instruction not supported in Thumb16 mode -- `subs r6,#1&#39;

</pre>

					
					<h4>examples/BlinkRGB</h4>
					<p>
						Result: <b>FAIL</b>
					</p>
					<pre class="pre-scrollable">WARNING: library FTRGBLED claims to run on avr, sam architecture(s) and may be incompatible with your current board which runs on samd architecture(s).
/tmp/cctq9dpn.s: Assembler messages:
/tmp/cctq9dpn.s:322: Error: instruction not supported in Thumb16 mode -- `subs r6,#1&#39;

</pre>
					
					<h4>examples/Chaser</h4>
					<p>
						Result: <b>FAIL</b>
					</p>
					<pre class="pre-scrollable">WARNING: library FTRGBLED claims to run on avr, sam architecture(s) and may be incompatible with your current board which runs on samd architecture(s).
/tmp/ccSIsTAv.s: Assembler messages:
/tmp/ccSIsTAv.s:322: Error: instruction not supported in Thumb16 mode -- `subs r6,#1&#39;

</pre>
					
					<h4>examples/ColourWheel</h4>
					<p>
						Result: <b>FAIL</b>
					</p>
					<pre class="pre-scrollable">WARNING: library FTRGBLED claims to run on avr, sam architecture(s) and may be incompatible with your current board which runs on samd architecture(s).
/tmp/ccBV4iHI.s: Assembler messages:
/tmp/ccBV4iHI.s:322: Error: instruction not supported in Thumb16 mode -- `subs r6,#1&#39;

</pre>
					
				
				<h3 id="esp32:esp32:d1_mini32">esp32:esp32:d1_mini32 @ 1.0.6</h3>
				<h4>Inclusion</h4>
				<p>
					Result: <b>FAIL</b>
					
				</p>
				<pre class="pre-scrollable">WARNING: library FTRGBLED claims to run on avr, sam architecture(s) and may be incompatible with your current board which runs on esp32 architecture(s).
/home/ec2-user/arduino-testlib/cli-datadir/user/libraries/FTRGBLED/FTRGBLED.cpp: In function &#39;void delay20ns()&#39;:
/home/ec2-user/arduino-testlib/cli-datadir/user/libraries/FTRGBLED/FTRGBLED.cpp:66:17: error: &#39;VARIANT_MCK&#39; was not declared in this scope
   uint32_t n = (VARIANT_MCK / 150000000) &#43; 1;
                 ^

</pre>

					
					<h4>examples/BlinkRGB</h4>
					<p>
						Result: <b>FAIL</b>
					</p>
					<pre class="pre-scrollable">WARNING: library FTRGBLED claims to run on avr, sam architecture(s) and may be incompatible with your current board which runs on esp32 architecture(s).
/home/ec2-user/arduino-testlib/cli-datadir/user/libraries/FTRGBLED/FTRGBLED.cpp: In function &#39;void delay20ns()&#39;:
/home/ec2-user/arduino-testlib/cli-datadir/user/libraries/FTRGBLED/FTRGBLED.cpp:66:17: error: &#39;VARIANT_MCK&#39; was not declared in this scope
   uint32_t n = (VARIANT_MCK / 150000000) &#43; 1;
                 ^

</pre>
					
					<h4>examples/Chaser</h4>
					<p>
						Result: <b>FAIL</b>
					</p>
					<pre class="pre-scrollable">WARNING: library FTRGBLED claims to run on avr, sam architecture(s) and may be incompatible with your current board which runs on esp32 architecture(s).
/home/ec2-user/arduino-testlib/cli-datadir/user/libraries/FTRGBLED/FTRGBLED.cpp: In function &#39;void delay20ns()&#39;:
/home/ec2-user/arduino-testlib/cli-datadir/user/libraries/FTRGBLED/FTRGBLED.cpp:66:17: error: &#39;VARIANT_MCK&#39; was not declared in this scope
   uint32_t n = (VARIANT_MCK / 150000000) &#43; 1;
                 ^

</pre>
					
					<h4>examples/ColourWheel</h4>
					<p>
						Result: <b>FAIL</b>
					</p>
					<pre class="pre-scrollable">WARNING: library FTRGBLED claims to run on avr, sam architecture(s) and may be incompatible with your current board which runs on esp32 architecture(s).
/home/ec2-user/arduino-testlib/cli-datadir/user/libraries/FTRGBLED/FTRGBLED.cpp: In function &#39;void delay20ns()&#39;:
/home/ec2-user/arduino-testlib/cli-datadir/user/libraries/FTRGBLED/FTRGBLED.cpp:66:17: error: &#39;VARIANT_MCK&#39; was not declared in this scope
   uint32_t n = (VARIANT_MCK / 150000000) &#43; 1;
                 ^

</pre>
					
				
			</div>
		</div>
	</div>
  </body>
</html>
