
<!doctype html>
<html lang="en">
  <head>
    <meta charset="utf-8">
    <meta name="viewport" content="width=device-width, initial-scale=1">
    <link href="https://cdn.jsdelivr.net/npm/bootstrap@5.0.2/dist/css/bootstrap.min.css" rel="stylesheet" integrity="sha384-EVSTQN3/azprG1Anm3QDgpJLIm9Nao0Yz1ztcQTwFspd3yD65VohhpuuCOmLASjC" crossorigin="anonymous">
    <title>arduino-testlib report</title>
	<style>
	.pass { background-color: #00FF00 !important; }
	.fail { background-color: #FF0000 !important; }
	</style>
  </head>
  <body>
	<div class="container">
		<div class="row">
			<div class="col">
				<h1>FTTech Swarm - compatibility matrix</h1>
				<p>
					<small>This report was generated on Wednesday, 23-Feb-22 22:48:15 CET using 
					<a href="https://github.com/alranel/arduino-testlib">arduino-testlib</a>.</small>
				</p>

				<h2>FTTech Swarm</h2>
				<p>
					Version: <b>0.1.1</b>
					<br />
					<a href="https://www.arduino.cc/reference/en/libraries/fttech-swarm/">More details</a>
				</p>

				<h2>Compatibility matrix</h2>
				<table class="table table-bordered">
					<tr>
						<th>Board</th>
						<th>Claims compatibility</th>
						<th>Inclusion</th>
						
						<th><pre>begintest</pre></th>
						
					</tr>
					
					<tr>
						<td>
							<a href="#arduino%3aavr%3auno"><b>arduino:avr:uno</b></a>
							<br />
							<small>1.8.4</small>
						</td>

						
						
						
						
							<td>No</td>
							<td class="fail">FAIL</td>
						

						
							
								
									
										
											
											<td class="fail">FAIL</td>
										
									
								
							
								
							
								
							
								
							
								
							
						
					</tr>
					
					<tr>
						<td>
							<a href="#arduino%3ambed_nano%3ananorp2040connect"><b>arduino:mbed_nano:nanorp2040connect</b></a>
							<br />
							<small>2.7.2</small>
						</td>

						
						
						
						
							<td>No</td>
							<td class="fail">FAIL</td>
						

						
							
								
							
								
									
										
											
											<td class="fail">FAIL</td>
										
									
								
							
								
							
								
							
								
							
						
					</tr>
					
					<tr>
						<td>
							<a href="#arduino%3amegaavr%3anona4809"><b>arduino:megaavr:nona4809</b></a>
							<br />
							<small>1.8.7</small>
						</td>

						
						
						
						
							<td>No</td>
							<td class="fail">FAIL</td>
						

						
							
								
							
								
							
								
									
										
											
											<td class="fail">FAIL</td>
										
									
								
							
								
							
								
							
						
					</tr>
					
					<tr>
						<td>
							<a href="#arduino%3asamd%3amkrwifi1010"><b>arduino:samd:mkrwifi1010</b></a>
							<br />
							<small>1.8.12</small>
						</td>

						
						
						
							<td>Yes ⚠️</td>
							<td class="fail">FAIL</td>
						
						

						
							
								
							
								
							
								
							
								
									
										
											
											<td class="fail">FAIL</td>
										
									
								
							
								
							
						
					</tr>
					
					<tr>
						<td>
							<a href="#esp32%3aesp32%3ad1_mini32"><b>esp32:esp32:d1_mini32</b></a>
							<br />
							<small>1.0.6</small>
						</td>

						
						
						
						
							<td>No</td>
							<td class="fail">FAIL</td>
						

						
							
								
							
								
							
								
							
								
							
								
									
										
											
											<td class="fail">FAIL</td>
										
									
								
							
						
					</tr>
					
				</table>

				<h2>Compilation logs</h2>
				
				<h3 id="arduino:avr:uno">arduino:avr:uno @ 1.8.4</h3>
				<h4>Inclusion</h4>
				<p>
					Result: <b>FAIL</b>
					
				</p>
				<pre class="pre-scrollable">WARNING: library FTTech_Swarm claims to run on samd architecture(s) and may be incompatible with your current board which runs on avr architecture(s).
WARNING: library FTTech_SAMD51_Clicks claims to run on samd architecture(s) and may be incompatible with your current board which runs on avr architecture(s).
In file included from /home/ec2-user/arduino-testlib/cli-datadir/user/libraries/FTTech_Swarm/src/FTTech_Swarm.cpp:6:0:
/home/ec2-user/arduino-testlib/cli-datadir/user/libraries/FTTech_Swarm/src/FTTech_Swarm.cpp: In member function &#39;void FT_SWARM::BeginTest()&#39;:
/home/ec2-user/arduino-testlib/cli-datadir/user/libraries/FTTech_Swarm/src/FTTech_Swarm.h:13:23: error: &#39;Serial2&#39; was not declared in this scope
 #define _SWARM_SERIAL Serial2
                       ^
/home/ec2-user/arduino-testlib/cli-datadir/user/libraries/FTTech_Swarm/src/FTTech_Swarm.cpp:32:13: note: in expansion of macro &#39;_SWARM_SERIAL&#39;
             _SWARM_SERIAL.begin(115200);
             ^~~~~~~~~~~~~
/home/ec2-user/arduino-testlib/cli-datadir/user/libraries/FTTech_Swarm/src/FTTech_Swarm.h:13:23: note: suggested alternative: &#39;Serial&#39;
 #define _SWARM_SERIAL Serial2
                       ^
/home/ec2-user/arduino-testlib/cli-datadir/user/libraries/FTTech_Swarm/src/FTTech_Swarm.cpp:32:13: note: in expansion of macro &#39;_SWARM_SERIAL&#39;
             _SWARM_SERIAL.begin(115200);
             ^~~~~~~~~~~~~
/home/ec2-user/arduino-testlib/cli-datadir/user/libraries/FTTech_Swarm/src/FTTech_Swarm.h:13:23: error: &#39;Serial2&#39; was not declared in this scope
 #define _SWARM_SERIAL Serial2
                       ^
/home/ec2-user/arduino-testlib/cli-datadir/user/libraries/FTTech_Swarm/src/FTTech_Swarm.cpp:44:13: note: in expansion of macro &#39;_SWARM_SERIAL&#39;
         if (_SWARM_SERIAL.available() &gt; 0) {
             ^~~~~~~~~~~~~
/home/ec2-user/arduino-testlib/cli-datadir/user/libraries/FTTech_Swarm/src/FTTech_Swarm.h:13:23: note: suggested alternative: &#39;Serial&#39;
 #define _SWARM_SERIAL Serial2
                       ^
/home/ec2-user/arduino-testlib/cli-datadir/user/libraries/FTTech_Swarm/src/FTTech_Swarm.cpp:44:13: note: in expansion of macro &#39;_SWARM_SERIAL&#39;
         if (_SWARM_SERIAL.available() &gt; 0) {
             ^~~~~~~~~~~~~
/home/ec2-user/arduino-testlib/cli-datadir/user/libraries/FTTech_Swarm/src/FTTech_Swarm.cpp: In member function &#39;void FT_SWARM::Begin()&#39;:
/home/ec2-user/arduino-testlib/cli-datadir/user/libraries/FTTech_Swarm/src/FTTech_Swarm.h:13:23: error: &#39;Serial2&#39; was not declared in this scope
 #define _SWARM_SERIAL Serial2
                       ^
/home/ec2-user/arduino-testlib/cli-datadir/user/libraries/FTTech_Swarm/src/FTTech_Swarm.cpp:65:5: note: in expansion of macro &#39;_SWARM_SERIAL&#39;
     _SWARM_SERIAL.begin(115200);
     ^~~~~~~~~~~~~
/home/ec2-user/arduino-testlib/cli-datadir/user/libraries/FTTech_Swarm/src/FTTech_Swarm.h:13:23: note: suggested alternative: &#39;Serial&#39;
 #define _SWARM_SERIAL Serial2
                       ^
/home/ec2-user/arduino-testlib/cli-datadir/user/libraries/FTTech_Swarm/src/FTTech_Swarm.cpp:65:5: note: in expansion of macro &#39;_SWARM_SERIAL&#39;
     _SWARM_SERIAL.begin(115200);
     ^~~~~~~~~~~~~
/home/ec2-user/arduino-testlib/cli-datadir/user/libraries/FTTech_Swarm/src/FTTech_Swarm.cpp: In member function &#39;void FT_SWARM::Sleep(uint32_t)&#39;:
/home/ec2-user/arduino-testlib/cli-datadir/user/libraries/FTTech_Swarm/src/FTTech_Swarm.h:13:23: error: &#39;Serial2&#39; was not declared in this scope
 #define _SWARM_SERIAL Serial2
                       ^
/home/ec2-user/arduino-testlib/cli-datadir/user/libraries/FTTech_Swarm/src/FTTech_Swarm.cpp:137:5: note: in expansion of macro &#39;_SWARM_SERIAL&#39;
     _SWARM_SERIAL.begin(115200);
     ^~~~~~~~~~~~~
/home/ec2-user/arduino-testlib/cli-datadir/user/libraries/FTTech_Swarm/src/FTTech_Swarm.h:13:23: note: suggested alternative: &#39;Serial&#39;
 #define _SWARM_SERIAL Serial2
                       ^
/home/ec2-user/arduino-testlib/cli-datadir/user/libraries/FTTech_Swarm/src/FTTech_Swarm.cpp:137:5: note: in expansion of macro &#39;_SWARM_SERIAL&#39;
     _SWARM_SERIAL.begin(115200);
     ^~~~~~~~~~~~~
/home/ec2-user/arduino-testlib/cli-datadir/user/libraries/FTTech_Swarm/src/FTTech_Swarm.cpp: In member function &#39;String FT_SWARM::ShowDebug()&#39;:
/home/ec2-user/arduino-testlib/cli-datadir/user/libraries/FTTech_Swarm/src/FTTech_Swarm.h:13:23: error: &#39;Serial2&#39; was not declared in this scope
 #define _SWARM_SERIAL Serial2
                       ^
/home/ec2-user/arduino-testlib/cli-datadir/user/libraries/FTTech_Swarm/src/FTTech_Swarm.cpp:211:9: note: in expansion of macro &#39;_SWARM_SERIAL&#39;
     if (_SWARM_SERIAL.available() &gt; 0) {
         ^~~~~~~~~~~~~
/home/ec2-user/arduino-testlib/cli-datadir/user/libraries/FTTech_Swarm/src/FTTech_Swarm.h:13:23: note: suggested alternative: &#39;Serial&#39;
 #define _SWARM_SERIAL Serial2
                       ^
/home/ec2-user/arduino-testlib/cli-datadir/user/libraries/FTTech_Swarm/src/FTTech_Swarm.cpp:211:9: note: in expansion of macro &#39;_SWARM_SERIAL&#39;
     if (_SWARM_SERIAL.available() &gt; 0) {
         ^~~~~~~~~~~~~
/home/ec2-user/arduino-testlib/cli-datadir/user/libraries/FTTech_Swarm/src/FTTech_Swarm.cpp: In member function &#39;String FT_SWARM::SendCommand(String)&#39;:
/home/ec2-user/arduino-testlib/cli-datadir/user/libraries/FTTech_Swarm/src/FTTech_Swarm.h:13:23: error: &#39;Serial2&#39; was not declared in this scope
 #define _SWARM_SERIAL Serial2
                       ^
/home/ec2-user/arduino-testlib/cli-datadir/user/libraries/FTTech_Swarm/src/FTTech_Swarm.cpp:223:5: note: in expansion of macro &#39;_SWARM_SERIAL&#39;
     _SWARM_SERIAL.println(__realcomm);
     ^~~~~~~~~~~~~
/home/ec2-user/arduino-testlib/cli-datadir/user/libraries/FTTech_Swarm/src/FTTech_Swarm.h:13:23: note: suggested alternative: &#39;Serial&#39;
 #define _SWARM_SERIAL Serial2
                       ^
/home/ec2-user/arduino-testlib/cli-datadir/user/libraries/FTTech_Swarm/src/FTTech_Swarm.cpp:223:5: note: in expansion of macro &#39;_SWARM_SERIAL&#39;
     _SWARM_SERIAL.println(__realcomm);
     ^~~~~~~~~~~~~

</pre>

					
					<h4>examples/begintest</h4>
					<p>
						Result: <b>FAIL</b>
					</p>
					<pre class="pre-scrollable">WARNING: library FTTech_Swarm claims to run on samd architecture(s) and may be incompatible with your current board which runs on avr architecture(s).
WARNING: library FTTech_SAMD51_Clicks claims to run on samd architecture(s) and may be incompatible with your current board which runs on avr architecture(s).
In file included from /home/ec2-user/arduino-testlib/cli-datadir/user/libraries/FTTech_Swarm/src/FTTech_Swarm.cpp:6:0:
/home/ec2-user/arduino-testlib/cli-datadir/user/libraries/FTTech_Swarm/src/FTTech_Swarm.cpp: In member function &#39;void FT_SWARM::BeginTest()&#39;:
/home/ec2-user/arduino-testlib/cli-datadir/user/libraries/FTTech_Swarm/src/FTTech_Swarm.h:13:23: error: &#39;Serial2&#39; was not declared in this scope
 #define _SWARM_SERIAL Serial2
                       ^
/home/ec2-user/arduino-testlib/cli-datadir/user/libraries/FTTech_Swarm/src/FTTech_Swarm.cpp:32:13: note: in expansion of macro &#39;_SWARM_SERIAL&#39;
             _SWARM_SERIAL.begin(115200);
             ^~~~~~~~~~~~~
/home/ec2-user/arduino-testlib/cli-datadir/user/libraries/FTTech_Swarm/src/FTTech_Swarm.h:13:23: note: suggested alternative: &#39;Serial&#39;
 #define _SWARM_SERIAL Serial2
                       ^
/home/ec2-user/arduino-testlib/cli-datadir/user/libraries/FTTech_Swarm/src/FTTech_Swarm.cpp:32:13: note: in expansion of macro &#39;_SWARM_SERIAL&#39;
             _SWARM_SERIAL.begin(115200);
             ^~~~~~~~~~~~~
/home/ec2-user/arduino-testlib/cli-datadir/user/libraries/FTTech_Swarm/src/FTTech_Swarm.h:13:23: error: &#39;Serial2&#39; was not declared in this scope
 #define _SWARM_SERIAL Serial2
                       ^
/home/ec2-user/arduino-testlib/cli-datadir/user/libraries/FTTech_Swarm/src/FTTech_Swarm.cpp:44:13: note: in expansion of macro &#39;_SWARM_SERIAL&#39;
         if (_SWARM_SERIAL.available() &gt; 0) {
             ^~~~~~~~~~~~~
/home/ec2-user/arduino-testlib/cli-datadir/user/libraries/FTTech_Swarm/src/FTTech_Swarm.h:13:23: note: suggested alternative: &#39;Serial&#39;
 #define _SWARM_SERIAL Serial2
                       ^
/home/ec2-user/arduino-testlib/cli-datadir/user/libraries/FTTech_Swarm/src/FTTech_Swarm.cpp:44:13: note: in expansion of macro &#39;_SWARM_SERIAL&#39;
         if (_SWARM_SERIAL.available() &gt; 0) {
             ^~~~~~~~~~~~~
/home/ec2-user/arduino-testlib/cli-datadir/user/libraries/FTTech_Swarm/src/FTTech_Swarm.cpp: In member function &#39;void FT_SWARM::Begin()&#39;:
/home/ec2-user/arduino-testlib/cli-datadir/user/libraries/FTTech_Swarm/src/FTTech_Swarm.h:13:23: error: &#39;Serial2&#39; was not declared in this scope
 #define _SWARM_SERIAL Serial2
                       ^
/home/ec2-user/arduino-testlib/cli-datadir/user/libraries/FTTech_Swarm/src/FTTech_Swarm.cpp:65:5: note: in expansion of macro &#39;_SWARM_SERIAL&#39;
     _SWARM_SERIAL.begin(115200);
     ^~~~~~~~~~~~~
/home/ec2-user/arduino-testlib/cli-datadir/user/libraries/FTTech_Swarm/src/FTTech_Swarm.h:13:23: note: suggested alternative: &#39;Serial&#39;
 #define _SWARM_SERIAL Serial2
                       ^
/home/ec2-user/arduino-testlib/cli-datadir/user/libraries/FTTech_Swarm/src/FTTech_Swarm.cpp:65:5: note: in expansion of macro &#39;_SWARM_SERIAL&#39;
     _SWARM_SERIAL.begin(115200);
     ^~~~~~~~~~~~~
/home/ec2-user/arduino-testlib/cli-datadir/user/libraries/FTTech_Swarm/src/FTTech_Swarm.cpp: In member function &#39;void FT_SWARM::Sleep(uint32_t)&#39;:
/home/ec2-user/arduino-testlib/cli-datadir/user/libraries/FTTech_Swarm/src/FTTech_Swarm.h:13:23: error: &#39;Serial2&#39; was not declared in this scope
 #define _SWARM_SERIAL Serial2
                       ^
/home/ec2-user/arduino-testlib/cli-datadir/user/libraries/FTTech_Swarm/src/FTTech_Swarm.cpp:137:5: note: in expansion of macro &#39;_SWARM_SERIAL&#39;
     _SWARM_SERIAL.begin(115200);
     ^~~~~~~~~~~~~
/home/ec2-user/arduino-testlib/cli-datadir/user/libraries/FTTech_Swarm/src/FTTech_Swarm.h:13:23: note: suggested alternative: &#39;Serial&#39;
 #define _SWARM_SERIAL Serial2
                       ^
/home/ec2-user/arduino-testlib/cli-datadir/user/libraries/FTTech_Swarm/src/FTTech_Swarm.cpp:137:5: note: in expansion of macro &#39;_SWARM_SERIAL&#39;
     _SWARM_SERIAL.begin(115200);
     ^~~~~~~~~~~~~
/home/ec2-user/arduino-testlib/cli-datadir/user/libraries/FTTech_Swarm/src/FTTech_Swarm.cpp: In member function &#39;String FT_SWARM::ShowDebug()&#39;:
/home/ec2-user/arduino-testlib/cli-datadir/user/libraries/FTTech_Swarm/src/FTTech_Swarm.h:13:23: error: &#39;Serial2&#39; was not declared in this scope
 #define _SWARM_SERIAL Serial2
                       ^
/home/ec2-user/arduino-testlib/cli-datadir/user/libraries/FTTech_Swarm/src/FTTech_Swarm.cpp:211:9: note: in expansion of macro &#39;_SWARM_SERIAL&#39;
     if (_SWARM_SERIAL.available() &gt; 0) {
         ^~~~~~~~~~~~~
/home/ec2-user/arduino-testlib/cli-datadir/user/libraries/FTTech_Swarm/src/FTTech_Swarm.h:13:23: note: suggested alternative: &#39;Serial&#39;
 #define _SWARM_SERIAL Serial2
                       ^
/home/ec2-user/arduino-testlib/cli-datadir/user/libraries/FTTech_Swarm/src/FTTech_Swarm.cpp:211:9: note: in expansion of macro &#39;_SWARM_SERIAL&#39;
     if (_SWARM_SERIAL.available() &gt; 0) {
         ^~~~~~~~~~~~~
/home/ec2-user/arduino-testlib/cli-datadir/user/libraries/FTTech_Swarm/src/FTTech_Swarm.cpp: In member function &#39;String FT_SWARM::SendCommand(String)&#39;:
/home/ec2-user/arduino-testlib/cli-datadir/user/libraries/FTTech_Swarm/src/FTTech_Swarm.h:13:23: error: &#39;Serial2&#39; was not declared in this scope
 #define _SWARM_SERIAL Serial2
                       ^
/home/ec2-user/arduino-testlib/cli-datadir/user/libraries/FTTech_Swarm/src/FTTech_Swarm.cpp:223:5: note: in expansion of macro &#39;_SWARM_SERIAL&#39;
     _SWARM_SERIAL.println(__realcomm);
     ^~~~~~~~~~~~~
/home/ec2-user/arduino-testlib/cli-datadir/user/libraries/FTTech_Swarm/src/FTTech_Swarm.h:13:23: note: suggested alternative: &#39;Serial&#39;
 #define _SWARM_SERIAL Serial2
                       ^
/home/ec2-user/arduino-testlib/cli-datadir/user/libraries/FTTech_Swarm/src/FTTech_Swarm.cpp:223:5: note: in expansion of macro &#39;_SWARM_SERIAL&#39;
     _SWARM_SERIAL.println(__realcomm);
     ^~~~~~~~~~~~~

</pre>
					
				
				<h3 id="arduino:mbed_nano:nanorp2040connect">arduino:mbed_nano:nanorp2040connect @ 2.7.2</h3>
				<h4>Inclusion</h4>
				<p>
					Result: <b>FAIL</b>
					
				</p>
				<pre class="pre-scrollable">WARNING: library FTTech_Swarm claims to run on samd architecture(s) and may be incompatible with your current board which runs on mbed_nano architecture(s).
WARNING: library FTTech_SAMD51_Clicks claims to run on samd architecture(s) and may be incompatible with your current board which runs on mbed_nano architecture(s).
WARNING: library Adafruit_SleepyDog_Library claims to run on avr, samd, nrf52, teensy, esp32, esp8266 architecture(s) and may be incompatible with your current board which runs on mbed_nano architecture(s).
In file included from /home/ec2-user/arduino-testlib/cli-datadir/user/libraries/FTTech_SAMD51_Clicks/src/FTTech_SAMD51_Clicks.h:7:0,
                 from /home/ec2-user/arduino-testlib/cli-datadir/user/libraries/FTTech_SAMD51_Clicks/src/FTTech_SAMD51Clicks.h:3,
                 from /home/ec2-user/arduino-testlib/cli-datadir/user/libraries/FTTech_Swarm/src/FTTech_Swarm.h:11,
                 from /tmp/arduino-testlib2754964955/test/test.ino:1:
/home/ec2-user/arduino-testlib/cli-datadir/user/libraries/Adafruit_SleepyDog_Library/Adafruit_SleepyDog.h:38:2: error: #error Unsupported platform for the Adafruit Watchdog library!
 #error Unsupported platform for the Adafruit Watchdog library!
  ^~~~~

</pre>

					
					<h4>examples/begintest</h4>
					<p>
						Result: <b>FAIL</b>
					</p>
					<pre class="pre-scrollable">WARNING: library FTTech_Swarm claims to run on samd architecture(s) and may be incompatible with your current board which runs on mbed_nano architecture(s).
WARNING: library FTTech_SAMD51_Clicks claims to run on samd architecture(s) and may be incompatible with your current board which runs on mbed_nano architecture(s).
WARNING: library Adafruit_SleepyDog_Library claims to run on avr, samd, nrf52, teensy, esp32, esp8266 architecture(s) and may be incompatible with your current board which runs on mbed_nano architecture(s).
In file included from /home/ec2-user/arduino-testlib/cli-datadir/user/libraries/FTTech_SAMD51_Clicks/src/FTTech_SAMD51_Clicks.h:7:0,
                 from /home/ec2-user/arduino-testlib/cli-datadir/user/libraries/FTTech_SAMD51_Clicks/src/FTTech_SAMD51Clicks.h:3,
                 from /home/ec2-user/arduino-testlib/cli-datadir/user/libraries/FTTech_Swarm/src/FTTech_Swarm.h:11,
                 from /home/ec2-user/arduino-testlib/cli-datadir/user/libraries/FTTech_Swarm/examples/begintest/begintest.ino:31:
/home/ec2-user/arduino-testlib/cli-datadir/user/libraries/Adafruit_SleepyDog_Library/Adafruit_SleepyDog.h:38:2: error: #error Unsupported platform for the Adafruit Watchdog library!
 #error Unsupported platform for the Adafruit Watchdog library!
  ^~~~~

</pre>
					
				
				<h3 id="arduino:megaavr:nona4809">arduino:megaavr:nona4809 @ 1.8.7</h3>
				<h4>Inclusion</h4>
				<p>
					Result: <b>FAIL</b>
					
				</p>
				<pre class="pre-scrollable">WARNING: library FTTech_Swarm claims to run on samd architecture(s) and may be incompatible with your current board which runs on megaavr architecture(s).
WARNING: library FTTech_SAMD51_Clicks claims to run on samd architecture(s) and may be incompatible with your current board which runs on megaavr architecture(s).
WARNING: library Adafruit_SleepyDog_Library claims to run on avr, samd, nrf52, teensy, esp32, esp8266 architecture(s) and may be incompatible with your current board which runs on megaavr architecture(s).
In file included from /home/ec2-user/arduino-testlib/cli-datadir/user/libraries/FTTech_Swarm/src/FTTech_Swarm.cpp:6:0:
/home/ec2-user/arduino-testlib/cli-datadir/user/libraries/FTTech_Swarm/src/FTTech_Swarm.cpp: In member function &#39;void FT_SWARM::BeginTest()&#39;:
/home/ec2-user/arduino-testlib/cli-datadir/user/libraries/FTTech_Swarm/src/FTTech_Swarm.h:13:23: error: &#39;Serial2&#39; was not declared in this scope
 #define _SWARM_SERIAL Serial2
                       ^
/home/ec2-user/arduino-testlib/cli-datadir/user/libraries/FTTech_Swarm/src/FTTech_Swarm.cpp:32:13: note: in expansion of macro &#39;_SWARM_SERIAL&#39;
             _SWARM_SERIAL.begin(115200);
             ^~~~~~~~~~~~~
/home/ec2-user/arduino-testlib/cli-datadir/user/libraries/FTTech_Swarm/src/FTTech_Swarm.h:13:23: note: suggested alternative: &#39;Serial1&#39;
 #define _SWARM_SERIAL Serial2
                       ^
/home/ec2-user/arduino-testlib/cli-datadir/user/libraries/FTTech_Swarm/src/FTTech_Swarm.cpp:32:13: note: in expansion of macro &#39;_SWARM_SERIAL&#39;
             _SWARM_SERIAL.begin(115200);
             ^~~~~~~~~~~~~
/home/ec2-user/arduino-testlib/cli-datadir/user/libraries/FTTech_Swarm/src/FTTech_Swarm.h:13:23: error: &#39;Serial2&#39; was not declared in this scope
 #define _SWARM_SERIAL Serial2
                       ^
/home/ec2-user/arduino-testlib/cli-datadir/user/libraries/FTTech_Swarm/src/FTTech_Swarm.cpp:44:13: note: in expansion of macro &#39;_SWARM_SERIAL&#39;
         if (_SWARM_SERIAL.available() &gt; 0) {
             ^~~~~~~~~~~~~
/home/ec2-user/arduino-testlib/cli-datadir/user/libraries/FTTech_Swarm/src/FTTech_Swarm.h:13:23: note: suggested alternative: &#39;Serial1&#39;
 #define _SWARM_SERIAL Serial2
                       ^
/home/ec2-user/arduino-testlib/cli-datadir/user/libraries/FTTech_Swarm/src/FTTech_Swarm.cpp:44:13: note: in expansion of macro &#39;_SWARM_SERIAL&#39;
         if (_SWARM_SERIAL.available() &gt; 0) {
             ^~~~~~~~~~~~~
/home/ec2-user/arduino-testlib/cli-datadir/user/libraries/FTTech_Swarm/src/FTTech_Swarm.cpp: In member function &#39;void FT_SWARM::Begin()&#39;:
/home/ec2-user/arduino-testlib/cli-datadir/user/libraries/FTTech_Swarm/src/FTTech_Swarm.h:13:23: error: &#39;Serial2&#39; was not declared in this scope
 #define _SWARM_SERIAL Serial2
                       ^
/home/ec2-user/arduino-testlib/cli-datadir/user/libraries/FTTech_Swarm/src/FTTech_Swarm.cpp:65:5: note: in expansion of macro &#39;_SWARM_SERIAL&#39;
     _SWARM_SERIAL.begin(115200);
     ^~~~~~~~~~~~~
/home/ec2-user/arduino-testlib/cli-datadir/user/libraries/FTTech_Swarm/src/FTTech_Swarm.h:13:23: note: suggested alternative: &#39;Serial1&#39;
 #define _SWARM_SERIAL Serial2
                       ^
/home/ec2-user/arduino-testlib/cli-datadir/user/libraries/FTTech_Swarm/src/FTTech_Swarm.cpp:65:5: note: in expansion of macro &#39;_SWARM_SERIAL&#39;
     _SWARM_SERIAL.begin(115200);
     ^~~~~~~~~~~~~
/home/ec2-user/arduino-testlib/cli-datadir/user/libraries/FTTech_Swarm/src/FTTech_Swarm.cpp: In member function &#39;void FT_SWARM::Sleep(uint32_t)&#39;:
/home/ec2-user/arduino-testlib/cli-datadir/user/libraries/FTTech_Swarm/src/FTTech_Swarm.h:13:23: error: &#39;Serial2&#39; was not declared in this scope
 #define _SWARM_SERIAL Serial2
                       ^
/home/ec2-user/arduino-testlib/cli-datadir/user/libraries/FTTech_Swarm/src/FTTech_Swarm.cpp:137:5: note: in expansion of macro &#39;_SWARM_SERIAL&#39;
     _SWARM_SERIAL.begin(115200);
     ^~~~~~~~~~~~~
/home/ec2-user/arduino-testlib/cli-datadir/user/libraries/FTTech_Swarm/src/FTTech_Swarm.h:13:23: note: suggested alternative: &#39;Serial1&#39;
 #define _SWARM_SERIAL Serial2
                       ^
/home/ec2-user/arduino-testlib/cli-datadir/user/libraries/FTTech_Swarm/src/FTTech_Swarm.cpp:137:5: note: in expansion of macro &#39;_SWARM_SERIAL&#39;
     _SWARM_SERIAL.begin(115200);
     ^~~~~~~~~~~~~
/home/ec2-user/arduino-testlib/cli-datadir/user/libraries/FTTech_Swarm/src/FTTech_Swarm.cpp: In member function &#39;arduino::String FT_SWARM::ShowDebug()&#39;:
/home/ec2-user/arduino-testlib/cli-datadir/user/libraries/FTTech_Swarm/src/FTTech_Swarm.h:13:23: error: &#39;Serial2&#39; was not declared in this scope
 #define _SWARM_SERIAL Serial2
                       ^
/home/ec2-user/arduino-testlib/cli-datadir/user/libraries/FTTech_Swarm/src/FTTech_Swarm.cpp:211:9: note: in expansion of macro &#39;_SWARM_SERIAL&#39;
     if (_SWARM_SERIAL.available() &gt; 0) {
         ^~~~~~~~~~~~~
/home/ec2-user/arduino-testlib/cli-datadir/user/libraries/FTTech_Swarm/src/FTTech_Swarm.h:13:23: note: suggested alternative: &#39;Serial1&#39;
 #define _SWARM_SERIAL Serial2
                       ^
/home/ec2-user/arduino-testlib/cli-datadir/user/libraries/FTTech_Swarm/src/FTTech_Swarm.cpp:211:9: note: in expansion of macro &#39;_SWARM_SERIAL&#39;
     if (_SWARM_SERIAL.available() &gt; 0) {
         ^~~~~~~~~~~~~
/home/ec2-user/arduino-testlib/cli-datadir/user/libraries/FTTech_Swarm/src/FTTech_Swarm.cpp: In member function &#39;arduino::String FT_SWARM::SendCommand(arduino::String)&#39;:
/home/ec2-user/arduino-testlib/cli-datadir/user/libraries/FTTech_Swarm/src/FTTech_Swarm.h:13:23: error: &#39;Serial2&#39; was not declared in this scope
 #define _SWARM_SERIAL Serial2
                       ^
/home/ec2-user/arduino-testlib/cli-datadir/user/libraries/FTTech_Swarm/src/FTTech_Swarm.cpp:223:5: note: in expansion of macro &#39;_SWARM_SERIAL&#39;
     _SWARM_SERIAL.println(__realcomm);
     ^~~~~~~~~~~~~
/home/ec2-user/arduino-testlib/cli-datadir/user/libraries/FTTech_Swarm/src/FTTech_Swarm.h:13:23: note: suggested alternative: &#39;Serial1&#39;
 #define _SWARM_SERIAL Serial2
                       ^
/home/ec2-user/arduino-testlib/cli-datadir/user/libraries/FTTech_Swarm/src/FTTech_Swarm.cpp:223:5: note: in expansion of macro &#39;_SWARM_SERIAL&#39;
     _SWARM_SERIAL.println(__realcomm);
     ^~~~~~~~~~~~~

</pre>

					
					<h4>examples/begintest</h4>
					<p>
						Result: <b>FAIL</b>
					</p>
					<pre class="pre-scrollable">WARNING: library FTTech_Swarm claims to run on samd architecture(s) and may be incompatible with your current board which runs on megaavr architecture(s).
WARNING: library FTTech_SAMD51_Clicks claims to run on samd architecture(s) and may be incompatible with your current board which runs on megaavr architecture(s).
WARNING: library Adafruit_SleepyDog_Library claims to run on avr, samd, nrf52, teensy, esp32, esp8266 architecture(s) and may be incompatible with your current board which runs on megaavr architecture(s).
In file included from /home/ec2-user/arduino-testlib/cli-datadir/user/libraries/FTTech_Swarm/src/FTTech_Swarm.cpp:6:0:
/home/ec2-user/arduino-testlib/cli-datadir/user/libraries/FTTech_Swarm/src/FTTech_Swarm.cpp: In member function &#39;void FT_SWARM::BeginTest()&#39;:
/home/ec2-user/arduino-testlib/cli-datadir/user/libraries/FTTech_Swarm/src/FTTech_Swarm.h:13:23: error: &#39;Serial2&#39; was not declared in this scope
 #define _SWARM_SERIAL Serial2
                       ^
/home/ec2-user/arduino-testlib/cli-datadir/user/libraries/FTTech_Swarm/src/FTTech_Swarm.cpp:32:13: note: in expansion of macro &#39;_SWARM_SERIAL&#39;
             _SWARM_SERIAL.begin(115200);
             ^~~~~~~~~~~~~
/home/ec2-user/arduino-testlib/cli-datadir/user/libraries/FTTech_Swarm/src/FTTech_Swarm.h:13:23: note: suggested alternative: &#39;Serial1&#39;
 #define _SWARM_SERIAL Serial2
                       ^
/home/ec2-user/arduino-testlib/cli-datadir/user/libraries/FTTech_Swarm/src/FTTech_Swarm.cpp:32:13: note: in expansion of macro &#39;_SWARM_SERIAL&#39;
             _SWARM_SERIAL.begin(115200);
             ^~~~~~~~~~~~~
/home/ec2-user/arduino-testlib/cli-datadir/user/libraries/FTTech_Swarm/src/FTTech_Swarm.h:13:23: error: &#39;Serial2&#39; was not declared in this scope
 #define _SWARM_SERIAL Serial2
                       ^
/home/ec2-user/arduino-testlib/cli-datadir/user/libraries/FTTech_Swarm/src/FTTech_Swarm.cpp:44:13: note: in expansion of macro &#39;_SWARM_SERIAL&#39;
         if (_SWARM_SERIAL.available() &gt; 0) {
             ^~~~~~~~~~~~~
/home/ec2-user/arduino-testlib/cli-datadir/user/libraries/FTTech_Swarm/src/FTTech_Swarm.h:13:23: note: suggested alternative: &#39;Serial1&#39;
 #define _SWARM_SERIAL Serial2
                       ^
/home/ec2-user/arduino-testlib/cli-datadir/user/libraries/FTTech_Swarm/src/FTTech_Swarm.cpp:44:13: note: in expansion of macro &#39;_SWARM_SERIAL&#39;
         if (_SWARM_SERIAL.available() &gt; 0) {
             ^~~~~~~~~~~~~
/home/ec2-user/arduino-testlib/cli-datadir/user/libraries/FTTech_Swarm/src/FTTech_Swarm.cpp: In member function &#39;void FT_SWARM::Begin()&#39;:
/home/ec2-user/arduino-testlib/cli-datadir/user/libraries/FTTech_Swarm/src/FTTech_Swarm.h:13:23: error: &#39;Serial2&#39; was not declared in this scope
 #define _SWARM_SERIAL Serial2
                       ^
/home/ec2-user/arduino-testlib/cli-datadir/user/libraries/FTTech_Swarm/src/FTTech_Swarm.cpp:65:5: note: in expansion of macro &#39;_SWARM_SERIAL&#39;
     _SWARM_SERIAL.begin(115200);
     ^~~~~~~~~~~~~
/home/ec2-user/arduino-testlib/cli-datadir/user/libraries/FTTech_Swarm/src/FTTech_Swarm.h:13:23: note: suggested alternative: &#39;Serial1&#39;
 #define _SWARM_SERIAL Serial2
                       ^
/home/ec2-user/arduino-testlib/cli-datadir/user/libraries/FTTech_Swarm/src/FTTech_Swarm.cpp:65:5: note: in expansion of macro &#39;_SWARM_SERIAL&#39;
     _SWARM_SERIAL.begin(115200);
     ^~~~~~~~~~~~~
/home/ec2-user/arduino-testlib/cli-datadir/user/libraries/FTTech_Swarm/src/FTTech_Swarm.cpp: In member function &#39;void FT_SWARM::Sleep(uint32_t)&#39;:
/home/ec2-user/arduino-testlib/cli-datadir/user/libraries/FTTech_Swarm/src/FTTech_Swarm.h:13:23: error: &#39;Serial2&#39; was not declared in this scope
 #define _SWARM_SERIAL Serial2
                       ^
/home/ec2-user/arduino-testlib/cli-datadir/user/libraries/FTTech_Swarm/src/FTTech_Swarm.cpp:137:5: note: in expansion of macro &#39;_SWARM_SERIAL&#39;
     _SWARM_SERIAL.begin(115200);
     ^~~~~~~~~~~~~
/home/ec2-user/arduino-testlib/cli-datadir/user/libraries/FTTech_Swarm/src/FTTech_Swarm.h:13:23: note: suggested alternative: &#39;Serial1&#39;
 #define _SWARM_SERIAL Serial2
                       ^
/home/ec2-user/arduino-testlib/cli-datadir/user/libraries/FTTech_Swarm/src/FTTech_Swarm.cpp:137:5: note: in expansion of macro &#39;_SWARM_SERIAL&#39;
     _SWARM_SERIAL.begin(115200);
     ^~~~~~~~~~~~~
/home/ec2-user/arduino-testlib/cli-datadir/user/libraries/FTTech_Swarm/src/FTTech_Swarm.cpp: In member function &#39;arduino::String FT_SWARM::ShowDebug()&#39;:
/home/ec2-user/arduino-testlib/cli-datadir/user/libraries/FTTech_Swarm/src/FTTech_Swarm.h:13:23: error: &#39;Serial2&#39; was not declared in this scope
 #define _SWARM_SERIAL Serial2
                       ^
/home/ec2-user/arduino-testlib/cli-datadir/user/libraries/FTTech_Swarm/src/FTTech_Swarm.cpp:211:9: note: in expansion of macro &#39;_SWARM_SERIAL&#39;
     if (_SWARM_SERIAL.available() &gt; 0) {
         ^~~~~~~~~~~~~
/home/ec2-user/arduino-testlib/cli-datadir/user/libraries/FTTech_Swarm/src/FTTech_Swarm.h:13:23: note: suggested alternative: &#39;Serial1&#39;
 #define _SWARM_SERIAL Serial2
                       ^
/home/ec2-user/arduino-testlib/cli-datadir/user/libraries/FTTech_Swarm/src/FTTech_Swarm.cpp:211:9: note: in expansion of macro &#39;_SWARM_SERIAL&#39;
     if (_SWARM_SERIAL.available() &gt; 0) {
         ^~~~~~~~~~~~~
/home/ec2-user/arduino-testlib/cli-datadir/user/libraries/FTTech_Swarm/src/FTTech_Swarm.cpp: In member function &#39;arduino::String FT_SWARM::SendCommand(arduino::String)&#39;:
/home/ec2-user/arduino-testlib/cli-datadir/user/libraries/FTTech_Swarm/src/FTTech_Swarm.h:13:23: error: &#39;Serial2&#39; was not declared in this scope
 #define _SWARM_SERIAL Serial2
                       ^
/home/ec2-user/arduino-testlib/cli-datadir/user/libraries/FTTech_Swarm/src/FTTech_Swarm.cpp:223:5: note: in expansion of macro &#39;_SWARM_SERIAL&#39;
     _SWARM_SERIAL.println(__realcomm);
     ^~~~~~~~~~~~~
/home/ec2-user/arduino-testlib/cli-datadir/user/libraries/FTTech_Swarm/src/FTTech_Swarm.h:13:23: note: suggested alternative: &#39;Serial1&#39;
 #define _SWARM_SERIAL Serial2
                       ^
/home/ec2-user/arduino-testlib/cli-datadir/user/libraries/FTTech_Swarm/src/FTTech_Swarm.cpp:223:5: note: in expansion of macro &#39;_SWARM_SERIAL&#39;
     _SWARM_SERIAL.println(__realcomm);
     ^~~~~~~~~~~~~

</pre>
					
				
				<h3 id="arduino:samd:mkrwifi1010">arduino:samd:mkrwifi1010 @ 1.8.12</h3>
				<h4>Inclusion</h4>
				<p>
					Result: <b>FAIL</b>
					
				</p>
				<pre class="pre-scrollable">/home/ec2-user/arduino-testlib/cli-datadir/user/libraries/FTTech_SAMD51_Clicks/src/FTTech_SAMD51_Clicks.cpp: In member function &#39;bool FTTech_SAMD51Clicks::begin()&#39;:
/home/ec2-user/arduino-testlib/cli-datadir/user/libraries/FTTech_SAMD51_Clicks/src/FTTech_SAMD51_Clicks.cpp:23:11: error: &#39;POWER_5V&#39; was not declared in this scope
   pinMode(POWER_5V, OUTPUT);
           ^~~~~~~~
/home/ec2-user/arduino-testlib/cli-datadir/user/libraries/FTTech_SAMD51_Clicks/src/FTTech_SAMD51_Clicks.cpp: In member function &#39;void FTTech_SAMD51Clicks::turnON_5V()&#39;:
/home/ec2-user/arduino-testlib/cli-datadir/user/libraries/FTTech_SAMD51_Clicks/src/FTTech_SAMD51_Clicks.cpp:80:16: error: &#39;POWER_5V&#39; was not declared in this scope
   digitalWrite(POWER_5V, HIGH);
                ^~~~~~~~
/home/ec2-user/arduino-testlib/cli-datadir/user/libraries/FTTech_SAMD51_Clicks/src/FTTech_SAMD51_Clicks.cpp: In member function &#39;void FTTech_SAMD51Clicks::turnOFF_5V()&#39;:
/home/ec2-user/arduino-testlib/cli-datadir/user/libraries/FTTech_SAMD51_Clicks/src/FTTech_SAMD51_Clicks.cpp:85:16: error: &#39;POWER_5V&#39; was not declared in this scope
   digitalWrite(POWER_5V, LOW);
                ^~~~~~~~
In file included from /home/ec2-user/arduino-testlib/cli-datadir/user/libraries/FTTech_SAMD51_Clicks/src/FTTech_SAMD51_Clicks.cpp:1:0:
/home/ec2-user/arduino-testlib/cli-datadir/user/libraries/FTTech_SAMD51_Clicks/src/FTTech_SAMD51_Clicks.cpp: In member function &#39;float FTTech_SAMD51Clicks::readBattery()&#39;:
/home/ec2-user/arduino-testlib/cli-datadir/user/libraries/FTTech_SAMD51_Clicks/src/FTTech_SAMD51_Clicks.h:21:19: error: &#39;A8&#39; was not declared in this scope
   #define BATTERY A8
                   ^
/home/ec2-user/arduino-testlib/cli-datadir/user/libraries/FTTech_SAMD51_Clicks/src/FTTech_SAMD51_Clicks.cpp:147:29: note: in expansion of macro &#39;BATTERY&#39;
   float analog = analogRead(BATTERY);
                             ^~~~~~~
/home/ec2-user/arduino-testlib/cli-datadir/user/libraries/FTTech_SAMD51_Clicks/src/FTTech_SAMD51_Clicks.h:21:19: note: suggested alternative: &#39;A6&#39;
   #define BATTERY A8
                   ^
/home/ec2-user/arduino-testlib/cli-datadir/user/libraries/FTTech_SAMD51_Clicks/src/FTTech_SAMD51_Clicks.cpp:147:29: note: in expansion of macro &#39;BATTERY&#39;
   float analog = analogRead(BATTERY);
                             ^~~~~~~
/home/ec2-user/arduino-testlib/cli-datadir/user/libraries/FTTech_SAMD51_Clicks/src/FTTech_SAMD51_Clicks.cpp: In member function &#39;uint8_t FTTech_SAMD51Clicks::mapToClickPower(uint8_t)&#39;:
/home/ec2-user/arduino-testlib/cli-datadir/user/libraries/FTTech_SAMD51_Clicks/src/FTTech_SAMD51_Clicks.cpp:185:11: error: &#39;CLICK_ONE&#39; was not declared in this scope
     pin = CLICK_ONE;
           ^~~~~~~~~
/home/ec2-user/arduino-testlib/cli-datadir/user/libraries/FTTech_SAMD51_Clicks/src/FTTech_SAMD51_Clicks.cpp:188:11: error: &#39;CLICK_TWO&#39; was not declared in this scope
     pin = CLICK_TWO;
           ^~~~~~~~~
/home/ec2-user/arduino-testlib/cli-datadir/user/libraries/FTTech_SAMD51_Clicks/src/FTTech_SAMD51_Clicks.cpp:188:11: note: suggested alternative: &#39;_LOCK_T&#39;
     pin = CLICK_TWO;
           ^~~~~~~~~
           _LOCK_T
/home/ec2-user/arduino-testlib/cli-datadir/user/libraries/FTTech_SAMD51_Clicks/src/FTTech_SAMD51_Clicks.cpp: In member function &#39;uint8_t FTTech_SAMD51Clicks::mapToClickSPI(uint8_t)&#39;:
/home/ec2-user/arduino-testlib/cli-datadir/user/libraries/FTTech_SAMD51_Clicks/src/FTTech_SAMD51_Clicks.cpp:208:11: error: &#39;SS2&#39; was not declared in this scope
     pin = SS2;
           ^~~
/home/ec2-user/arduino-testlib/cli-datadir/user/libraries/FTTech_SAMD51_Clicks/src/FTTech_SAMD51_Clicks.cpp:208:11: note: suggested alternative: &#39;SS1&#39;
     pin = SS2;
           ^~~
           SS1
/home/ec2-user/arduino-testlib/cli-datadir/user/libraries/FTTech_SAMD51_Clicks/src/FTTech_SAMD51_Clicks.cpp: In member function &#39;void FTTech_SAMD51Clicks::initPowerPins()&#39;:
/home/ec2-user/arduino-testlib/cli-datadir/user/libraries/FTTech_SAMD51_Clicks/src/FTTech_SAMD51_Clicks.cpp:230:11: error: &#39;POWER_5V&#39; was not declared in this scope
   pinMode(POWER_5V, OUTPUT);
           ^~~~~~~~
In file included from /home/ec2-user/arduino-testlib/cli-datadir/user/libraries/FTTech_SAMD51_Clicks/src/FTTech_SAMD51_Clicks.cpp:1:0:
/home/ec2-user/arduino-testlib/cli-datadir/user/libraries/FTTech_SAMD51_Clicks/src/FTTech_SAMD51_Clicks.cpp: In member function &#39;float FTTech_SAMD51Clicks::calculateTemperature(uint16_t, uint16_t)&#39;:
/home/ec2-user/arduino-testlib/cli-datadir/user/libraries/FTTech_SAMD51_Clicks/src/FTTech_SAMD51_Clicks.h:51:26: error: &#39;NVMCTRL_TEMP_LOG_W0&#39; was not declared in this scope
 #define NVMCTRL_TEMP_LOG NVMCTRL_TEMP_LOG_W0
                          ^
/home/ec2-user/arduino-testlib/cli-datadir/data/packages/arduino/tools/CMSIS-Atmel/1.2.0/CMSIS/Device/ATMEL/samd21/include/component/nvmctrl.h:459:38: note: in expansion of macro &#39;NVMCTRL_TEMP_LOG&#39;
 #define FUSES_ROOM_TEMP_VAL_INT_ADDR NVMCTRL_TEMP_LOG
                                      ^~~~~~~~~~~~~~~~
/home/ec2-user/arduino-testlib/cli-datadir/user/libraries/FTTech_SAMD51_Clicks/src/FTTech_SAMD51_Clicks.cpp:276:32: note: in expansion of macro &#39;FUSES_ROOM_TEMP_VAL_INT_ADDR&#39;
   uint32_t TLI = (*(uint32_t *)FUSES_ROOM_TEMP_VAL_INT_ADDR &amp; FUSES_ROOM_TEMP_VAL_INT_Msk) &gt;&gt; FUSES_ROOM_TEMP_VAL_INT_Pos;
                                ^~~~~~~~~~~~~~~~~~~~~~~~~~~~
/home/ec2-user/arduino-testlib/cli-datadir/user/libraries/FTTech_SAMD51_Clicks/src/FTTech_SAMD51_Clicks.h:51:26: note: suggested alternative: &#39;NVMCTRL_TEMP_LOG&#39;
 #define NVMCTRL_TEMP_LOG NVMCTRL_TEMP_LOG_W0
                          ^
/home/ec2-user/arduino-testlib/cli-datadir/data/packages/arduino/tools/CMSIS-Atmel/1.2.0/CMSIS/Device/ATMEL/samd21/include/component/nvmctrl.h:459:38: note: in expansion of macro &#39;NVMCTRL_TEMP_LOG&#39;
 #define FUSES_ROOM_TEMP_VAL_INT_ADDR NVMCTRL_TEMP_LOG
                                      ^~~~~~~~~~~~~~~~
/home/ec2-user/arduino-testlib/cli-datadir/user/libraries/FTTech_SAMD51_Clicks/src/FTTech_SAMD51_Clicks.cpp:276:32: note: in expansion of macro &#39;FUSES_ROOM_TEMP_VAL_INT_ADDR&#39;
   uint32_t TLI = (*(uint32_t *)FUSES_ROOM_TEMP_VAL_INT_ADDR &amp; FUSES_ROOM_TEMP_VAL_INT_Msk) &gt;&gt; FUSES_ROOM_TEMP_VAL_INT_Pos;
                                ^~~~~~~~~~~~~~~~~~~~~~~~~~~~
/home/ec2-user/arduino-testlib/cli-datadir/user/libraries/FTTech_SAMD51_Clicks/src/FTTech_SAMD51_Clicks.cpp:284:32: error: &#39;FUSES_ROOM_ADC_VAL_PTAT_ADDR&#39; was not declared in this scope
   uint16_t VPL = (*(uint32_t *)FUSES_ROOM_ADC_VAL_PTAT_ADDR &amp; FUSES_ROOM_ADC_VAL_PTAT_Msk) &gt;&gt; FUSES_ROOM_ADC_VAL_PTAT_Pos;
                                ^~~~~~~~~~~~~~~~~~~~~~~~~~~~
/home/ec2-user/arduino-testlib/cli-datadir/user/libraries/FTTech_SAMD51_Clicks/src/FTTech_SAMD51_Clicks.cpp:284:32: note: suggested alternative: &#39;FUSES_ROOM_ADC_VAL_ADDR&#39;
   uint16_t VPL = (*(uint32_t *)FUSES_ROOM_ADC_VAL_PTAT_ADDR &amp; FUSES_ROOM_ADC_VAL_PTAT_Msk) &gt;&gt; FUSES_ROOM_ADC_VAL_PTAT_Pos;
                                ^~~~~~~~~~~~~~~~~~~~~~~~~~~~
                                FUSES_ROOM_ADC_VAL_ADDR
/home/ec2-user/arduino-testlib/cli-datadir/user/libraries/FTTech_SAMD51_Clicks/src/FTTech_SAMD51_Clicks.cpp:284:63: error: &#39;FUSES_ROOM_ADC_VAL_PTAT_Msk&#39; was not declared in this scope
   uint16_t VPL = (*(uint32_t *)FUSES_ROOM_ADC_VAL_PTAT_ADDR &amp; FUSES_ROOM_ADC_VAL_PTAT_Msk) &gt;&gt; FUSES_ROOM_ADC_VAL_PTAT_Pos;
                                                               ^~~~~~~~~~~~~~~~~~~~~~~~~~~
/home/ec2-user/arduino-testlib/cli-datadir/user/libraries/FTTech_SAMD51_Clicks/src/FTTech_SAMD51_Clicks.cpp:284:63: note: suggested alternative: &#39;FUSES_ROOM_ADC_VAL_Msk&#39;
   uint16_t VPL = (*(uint32_t *)FUSES_ROOM_ADC_VAL_PTAT_ADDR &amp; FUSES_ROOM_ADC_VAL_PTAT_Msk) &gt;&gt; FUSES_ROOM_ADC_VAL_PTAT_Pos;
                                                               ^~~~~~~~~~~~~~~~~~~~~~~~~~~
                                                               FUSES_ROOM_ADC_VAL_Msk
/home/ec2-user/arduino-testlib/cli-datadir/user/libraries/FTTech_SAMD51_Clicks/src/FTTech_SAMD51_Clicks.cpp:284:95: error: &#39;FUSES_ROOM_ADC_VAL_PTAT_Pos&#39; was not declared in this scope
   uint16_t VPL = (*(uint32_t *)FUSES_ROOM_ADC_VAL_PTAT_ADDR &amp; FUSES_ROOM_ADC_VAL_PTAT_Msk) &gt;&gt; FUSES_ROOM_ADC_VAL_PTAT_Pos;
                                                                                               ^~~~~~~~~~~~~~~~~~~~~~~~~~~
/home/ec2-user/arduino-testlib/cli-datadir/user/libraries/FTTech_SAMD51_Clicks/src/FTTech_SAMD51_Clicks.cpp:284:95: note: suggested alternative: &#39;FUSES_ROOM_ADC_VAL_Pos&#39;
   uint16_t VPL = (*(uint32_t *)FUSES_ROOM_ADC_VAL_PTAT_ADDR &amp; FUSES_ROOM_ADC_VAL_PTAT_Msk) &gt;&gt; FUSES_ROOM_ADC_VAL_PTAT_Pos;
                                                                                               ^~~~~~~~~~~~~~~~~~~~~~~~~~~
                                                                                               FUSES_ROOM_ADC_VAL_Pos
/home/ec2-user/arduino-testlib/cli-datadir/user/libraries/FTTech_SAMD51_Clicks/src/FTTech_SAMD51_Clicks.cpp:285:32: error: &#39;FUSES_HOT_ADC_VAL_PTAT_ADDR&#39; was not declared in this scope
   uint16_t VPH = (*(uint32_t *)FUSES_HOT_ADC_VAL_PTAT_ADDR &amp; FUSES_HOT_ADC_VAL_PTAT_Msk) &gt;&gt; FUSES_HOT_ADC_VAL_PTAT_Pos;
                                ^~~~~~~~~~~~~~~~~~~~~~~~~~~
/home/ec2-user/arduino-testlib/cli-datadir/user/libraries/FTTech_SAMD51_Clicks/src/FTTech_SAMD51_Clicks.cpp:285:32: note: suggested alternative: &#39;FUSES_HOT_ADC_VAL_ADDR&#39;
   uint16_t VPH = (*(uint32_t *)FUSES_HOT_ADC_VAL_PTAT_ADDR &amp; FUSES_HOT_ADC_VAL_PTAT_Msk) &gt;&gt; FUSES_HOT_ADC_VAL_PTAT_Pos;
                                ^~~~~~~~~~~~~~~~~~~~~~~~~~~
                                FUSES_HOT_ADC_VAL_ADDR
/home/ec2-user/arduino-testlib/cli-datadir/user/libraries/FTTech_SAMD51_Clicks/src/FTTech_SAMD51_Clicks.cpp:285:62: error: &#39;FUSES_HOT_ADC_VAL_PTAT_Msk&#39; was not declared in this scope
   uint16_t VPH = (*(uint32_t *)FUSES_HOT_ADC_VAL_PTAT_ADDR &amp; FUSES_HOT_ADC_VAL_PTAT_Msk) &gt;&gt; FUSES_HOT_ADC_VAL_PTAT_Pos;
                                 </pre>

					
					<h4>examples/begintest</h4>
					<p>
						Result: <b>FAIL</b>
					</p>
					<pre class="pre-scrollable">/home/ec2-user/arduino-testlib/cli-datadir/user/libraries/FTTech_SAMD51_Clicks/src/FTTech_SAMD51_Clicks.cpp: In member function &#39;bool FTTech_SAMD51Clicks::begin()&#39;:
/home/ec2-user/arduino-testlib/cli-datadir/user/libraries/FTTech_SAMD51_Clicks/src/FTTech_SAMD51_Clicks.cpp:23:11: error: &#39;POWER_5V&#39; was not declared in this scope
   pinMode(POWER_5V, OUTPUT);
           ^~~~~~~~
/home/ec2-user/arduino-testlib/cli-datadir/user/libraries/FTTech_SAMD51_Clicks/src/FTTech_SAMD51_Clicks.cpp: In member function &#39;void FTTech_SAMD51Clicks::turnON_5V()&#39;:
/home/ec2-user/arduino-testlib/cli-datadir/user/libraries/FTTech_SAMD51_Clicks/src/FTTech_SAMD51_Clicks.cpp:80:16: error: &#39;POWER_5V&#39; was not declared in this scope
   digitalWrite(POWER_5V, HIGH);
                ^~~~~~~~
/home/ec2-user/arduino-testlib/cli-datadir/user/libraries/FTTech_SAMD51_Clicks/src/FTTech_SAMD51_Clicks.cpp: In member function &#39;void FTTech_SAMD51Clicks::turnOFF_5V()&#39;:
/home/ec2-user/arduino-testlib/cli-datadir/user/libraries/FTTech_SAMD51_Clicks/src/FTTech_SAMD51_Clicks.cpp:85:16: error: &#39;POWER_5V&#39; was not declared in this scope
   digitalWrite(POWER_5V, LOW);
                ^~~~~~~~
In file included from /home/ec2-user/arduino-testlib/cli-datadir/user/libraries/FTTech_SAMD51_Clicks/src/FTTech_SAMD51_Clicks.cpp:1:0:
/home/ec2-user/arduino-testlib/cli-datadir/user/libraries/FTTech_SAMD51_Clicks/src/FTTech_SAMD51_Clicks.cpp: In member function &#39;float FTTech_SAMD51Clicks::readBattery()&#39;:
/home/ec2-user/arduino-testlib/cli-datadir/user/libraries/FTTech_SAMD51_Clicks/src/FTTech_SAMD51_Clicks.h:21:19: error: &#39;A8&#39; was not declared in this scope
   #define BATTERY A8
                   ^
/home/ec2-user/arduino-testlib/cli-datadir/user/libraries/FTTech_SAMD51_Clicks/src/FTTech_SAMD51_Clicks.cpp:147:29: note: in expansion of macro &#39;BATTERY&#39;
   float analog = analogRead(BATTERY);
                             ^~~~~~~
/home/ec2-user/arduino-testlib/cli-datadir/user/libraries/FTTech_SAMD51_Clicks/src/FTTech_SAMD51_Clicks.h:21:19: note: suggested alternative: &#39;A6&#39;
   #define BATTERY A8
                   ^
/home/ec2-user/arduino-testlib/cli-datadir/user/libraries/FTTech_SAMD51_Clicks/src/FTTech_SAMD51_Clicks.cpp:147:29: note: in expansion of macro &#39;BATTERY&#39;
   float analog = analogRead(BATTERY);
                             ^~~~~~~
/home/ec2-user/arduino-testlib/cli-datadir/user/libraries/FTTech_SAMD51_Clicks/src/FTTech_SAMD51_Clicks.cpp: In member function &#39;uint8_t FTTech_SAMD51Clicks::mapToClickPower(uint8_t)&#39;:
/home/ec2-user/arduino-testlib/cli-datadir/user/libraries/FTTech_SAMD51_Clicks/src/FTTech_SAMD51_Clicks.cpp:185:11: error: &#39;CLICK_ONE&#39; was not declared in this scope
     pin = CLICK_ONE;
           ^~~~~~~~~
/home/ec2-user/arduino-testlib/cli-datadir/user/libraries/FTTech_SAMD51_Clicks/src/FTTech_SAMD51_Clicks.cpp:188:11: error: &#39;CLICK_TWO&#39; was not declared in this scope
     pin = CLICK_TWO;
           ^~~~~~~~~
/home/ec2-user/arduino-testlib/cli-datadir/user/libraries/FTTech_SAMD51_Clicks/src/FTTech_SAMD51_Clicks.cpp:188:11: note: suggested alternative: &#39;_LOCK_T&#39;
     pin = CLICK_TWO;
           ^~~~~~~~~
           _LOCK_T
/home/ec2-user/arduino-testlib/cli-datadir/user/libraries/FTTech_SAMD51_Clicks/src/FTTech_SAMD51_Clicks.cpp: In member function &#39;uint8_t FTTech_SAMD51Clicks::mapToClickSPI(uint8_t)&#39;:
/home/ec2-user/arduino-testlib/cli-datadir/user/libraries/FTTech_SAMD51_Clicks/src/FTTech_SAMD51_Clicks.cpp:208:11: error: &#39;SS2&#39; was not declared in this scope
     pin = SS2;
           ^~~
/home/ec2-user/arduino-testlib/cli-datadir/user/libraries/FTTech_SAMD51_Clicks/src/FTTech_SAMD51_Clicks.cpp:208:11: note: suggested alternative: &#39;SS1&#39;
     pin = SS2;
           ^~~
           SS1
/home/ec2-user/arduino-testlib/cli-datadir/user/libraries/FTTech_SAMD51_Clicks/src/FTTech_SAMD51_Clicks.cpp: In member function &#39;void FTTech_SAMD51Clicks::initPowerPins()&#39;:
/home/ec2-user/arduino-testlib/cli-datadir/user/libraries/FTTech_SAMD51_Clicks/src/FTTech_SAMD51_Clicks.cpp:230:11: error: &#39;POWER_5V&#39; was not declared in this scope
   pinMode(POWER_5V, OUTPUT);
           ^~~~~~~~
In file included from /home/ec2-user/arduino-testlib/cli-datadir/user/libraries/FTTech_SAMD51_Clicks/src/FTTech_SAMD51_Clicks.cpp:1:0:
/home/ec2-user/arduino-testlib/cli-datadir/user/libraries/FTTech_SAMD51_Clicks/src/FTTech_SAMD51_Clicks.cpp: In member function &#39;float FTTech_SAMD51Clicks::calculateTemperature(uint16_t, uint16_t)&#39;:
/home/ec2-user/arduino-testlib/cli-datadir/user/libraries/FTTech_SAMD51_Clicks/src/FTTech_SAMD51_Clicks.h:51:26: error: &#39;NVMCTRL_TEMP_LOG_W0&#39; was not declared in this scope
 #define NVMCTRL_TEMP_LOG NVMCTRL_TEMP_LOG_W0
                          ^
/home/ec2-user/arduino-testlib/cli-datadir/data/packages/arduino/tools/CMSIS-Atmel/1.2.0/CMSIS/Device/ATMEL/samd21/include/component/nvmctrl.h:459:38: note: in expansion of macro &#39;NVMCTRL_TEMP_LOG&#39;
 #define FUSES_ROOM_TEMP_VAL_INT_ADDR NVMCTRL_TEMP_LOG
                                      ^~~~~~~~~~~~~~~~
/home/ec2-user/arduino-testlib/cli-datadir/user/libraries/FTTech_SAMD51_Clicks/src/FTTech_SAMD51_Clicks.cpp:276:32: note: in expansion of macro &#39;FUSES_ROOM_TEMP_VAL_INT_ADDR&#39;
   uint32_t TLI = (*(uint32_t *)FUSES_ROOM_TEMP_VAL_INT_ADDR &amp; FUSES_ROOM_TEMP_VAL_INT_Msk) &gt;&gt; FUSES_ROOM_TEMP_VAL_INT_Pos;
                                ^~~~~~~~~~~~~~~~~~~~~~~~~~~~
/home/ec2-user/arduino-testlib/cli-datadir/user/libraries/FTTech_SAMD51_Clicks/src/FTTech_SAMD51_Clicks.h:51:26: note: suggested alternative: &#39;NVMCTRL_TEMP_LOG&#39;
 #define NVMCTRL_TEMP_LOG NVMCTRL_TEMP_LOG_W0
                          ^
/home/ec2-user/arduino-testlib/cli-datadir/data/packages/arduino/tools/CMSIS-Atmel/1.2.0/CMSIS/Device/ATMEL/samd21/include/component/nvmctrl.h:459:38: note: in expansion of macro &#39;NVMCTRL_TEMP_LOG&#39;
 #define FUSES_ROOM_TEMP_VAL_INT_ADDR NVMCTRL_TEMP_LOG
                                      ^~~~~~~~~~~~~~~~
/home/ec2-user/arduino-testlib/cli-datadir/user/libraries/FTTech_SAMD51_Clicks/src/FTTech_SAMD51_Clicks.cpp:276:32: note: in expansion of macro &#39;FUSES_ROOM_TEMP_VAL_INT_ADDR&#39;
   uint32_t TLI = (*(uint32_t *)FUSES_ROOM_TEMP_VAL_INT_ADDR &amp; FUSES_ROOM_TEMP_VAL_INT_Msk) &gt;&gt; FUSES_ROOM_TEMP_VAL_INT_Pos;
                                ^~~~~~~~~~~~~~~~~~~~~~~~~~~~
/home/ec2-user/arduino-testlib/cli-datadir/user/libraries/FTTech_SAMD51_Clicks/src/FTTech_SAMD51_Clicks.cpp:284:32: error: &#39;FUSES_ROOM_ADC_VAL_PTAT_ADDR&#39; was not declared in this scope
   uint16_t VPL = (*(uint32_t *)FUSES_ROOM_ADC_VAL_PTAT_ADDR &amp; FUSES_ROOM_ADC_VAL_PTAT_Msk) &gt;&gt; FUSES_ROOM_ADC_VAL_PTAT_Pos;
                                ^~~~~~~~~~~~~~~~~~~~~~~~~~~~
/home/ec2-user/arduino-testlib/cli-datadir/user/libraries/FTTech_SAMD51_Clicks/src/FTTech_SAMD51_Clicks.cpp:284:32: note: suggested alternative: &#39;FUSES_ROOM_ADC_VAL_ADDR&#39;
   uint16_t VPL = (*(uint32_t *)FUSES_ROOM_ADC_VAL_PTAT_ADDR &amp; FUSES_ROOM_ADC_VAL_PTAT_Msk) &gt;&gt; FUSES_ROOM_ADC_VAL_PTAT_Pos;
                                ^~~~~~~~~~~~~~~~~~~~~~~~~~~~
                                FUSES_ROOM_ADC_VAL_ADDR
/home/ec2-user/arduino-testlib/cli-datadir/user/libraries/FTTech_SAMD51_Clicks/src/FTTech_SAMD51_Clicks.cpp:284:63: error: &#39;FUSES_ROOM_ADC_VAL_PTAT_Msk&#39; was not declared in this scope
   uint16_t VPL = (*(uint32_t *)FUSES_ROOM_ADC_VAL_PTAT_ADDR &amp; FUSES_ROOM_ADC_VAL_PTAT_Msk) &gt;&gt; FUSES_ROOM_ADC_VAL_PTAT_Pos;
                                                               ^~~~~~~~~~~~~~~~~~~~~~~~~~~
/home/ec2-user/arduino-testlib/cli-datadir/user/libraries/FTTech_SAMD51_Clicks/src/FTTech_SAMD51_Clicks.cpp:284:63: note: suggested alternative: &#39;FUSES_ROOM_ADC_VAL_Msk&#39;
   uint16_t VPL = (*(uint32_t *)FUSES_ROOM_ADC_VAL_PTAT_ADDR &amp; FUSES_ROOM_ADC_VAL_PTAT_Msk) &gt;&gt; FUSES_ROOM_ADC_VAL_PTAT_Pos;
                                                               ^~~~~~~~~~~~~~~~~~~~~~~~~~~
                                                               FUSES_ROOM_ADC_VAL_Msk
/home/ec2-user/arduino-testlib/cli-datadir/user/libraries/FTTech_SAMD51_Clicks/src/FTTech_SAMD51_Clicks.cpp:284:95: error: &#39;FUSES_ROOM_ADC_VAL_PTAT_Pos&#39; was not declared in this scope
   uint16_t VPL = (*(uint32_t *)FUSES_ROOM_ADC_VAL_PTAT_ADDR &amp; FUSES_ROOM_ADC_VAL_PTAT_Msk) &gt;&gt; FUSES_ROOM_ADC_VAL_PTAT_Pos;
                                                                                               ^~~~~~~~~~~~~~~~~~~~~~~~~~~
/home/ec2-user/arduino-testlib/cli-datadir/user/libraries/FTTech_SAMD51_Clicks/src/FTTech_SAMD51_Clicks.cpp:284:95: note: suggested alternative: &#39;FUSES_ROOM_ADC_VAL_Pos&#39;
   uint16_t VPL = (*(uint32_t *)FUSES_ROOM_ADC_VAL_PTAT_ADDR &amp; FUSES_ROOM_ADC_VAL_PTAT_Msk) &gt;&gt; FUSES_ROOM_ADC_VAL_PTAT_Pos;
                                                                                               ^~~~~~~~~~~~~~~~~~~~~~~~~~~
                                                                                               FUSES_ROOM_ADC_VAL_Pos
/home/ec2-user/arduino-testlib/cli-datadir/user/libraries/FTTech_SAMD51_Clicks/src/FTTech_SAMD51_Clicks.cpp:285:32: error: &#39;FUSES_HOT_ADC_VAL_PTAT_ADDR&#39; was not declared in this scope
   uint16_t VPH = (*(uint32_t *)FUSES_HOT_ADC_VAL_PTAT_ADDR &amp; FUSES_HOT_ADC_VAL_PTAT_Msk) &gt;&gt; FUSES_HOT_ADC_VAL_PTAT_Pos;
                                ^~~~~~~~~~~~~~~~~~~~~~~~~~~
/home/ec2-user/arduino-testlib/cli-datadir/user/libraries/FTTech_SAMD51_Clicks/src/FTTech_SAMD51_Clicks.cpp:285:32: note: suggested alternative: &#39;FUSES_HOT_ADC_VAL_ADDR&#39;
   uint16_t VPH = (*(uint32_t *)FUSES_HOT_ADC_VAL_PTAT_ADDR &amp; FUSES_HOT_ADC_VAL_PTAT_Msk) &gt;&gt; FUSES_HOT_ADC_VAL_PTAT_Pos;
                                ^~~~~~~~~~~~~~~~~~~~~~~~~~~
                                FUSES_HOT_ADC_VAL_ADDR
/home/ec2-user/arduino-testlib/cli-datadir/user/libraries/FTTech_SAMD51_Clicks/src/FTTech_SAMD51_Clicks.cpp:285:62: error: &#39;FUSES_HOT_ADC_VAL_PTAT_Msk&#39; was not declared in this scope
   uint16_t VPH = (*(uint32_t *)FUSES_HOT_ADC_VAL_PTAT_ADDR &amp; FUSES_HOT_ADC_VAL_PTAT_Msk) &gt;&gt; FUSES_HOT_ADC_VAL_PTAT_Pos;
                                 </pre>
					
				
				<h3 id="esp32:esp32:d1_mini32">esp32:esp32:d1_mini32 @ 1.0.6</h3>
				<h4>Inclusion</h4>
				<p>
					Result: <b>FAIL</b>
					
				</p>
				<pre class="pre-scrollable">WARNING: library FTTech_Swarm claims to run on samd architecture(s) and may be incompatible with your current board which runs on esp32 architecture(s).
WARNING: library FTTech_SAMD51_Clicks claims to run on samd architecture(s) and may be incompatible with your current board which runs on esp32 architecture(s).

</pre>

					
					<h4>examples/begintest</h4>
					<p>
						Result: <b>FAIL</b>
					</p>
					<pre class="pre-scrollable">WARNING: library FTTech_Swarm claims to run on samd architecture(s) and may be incompatible with your current board which runs on esp32 architecture(s).
WARNING: library FTTech_SAMD51_Clicks claims to run on samd architecture(s) and may be incompatible with your current board which runs on esp32 architecture(s).

</pre>
					
				
			</div>
		</div>
	</div>
  </body>
</html>
