
<!doctype html>
<html lang="en">
  <head>
    <meta charset="utf-8">
    <meta name="viewport" content="width=device-width, initial-scale=1">
    <link href="https://cdn.jsdelivr.net/npm/bootstrap@5.0.2/dist/css/bootstrap.min.css" rel="stylesheet" integrity="sha384-EVSTQN3/azprG1Anm3QDgpJLIm9Nao0Yz1ztcQTwFspd3yD65VohhpuuCOmLASjC" crossorigin="anonymous">
    <title>arduino-testlib report</title>
	<style>
	.pass { background-color: #00FF00 !important; }
	.fail { background-color: #FF0000 !important; }
	</style>
  </head>
  <body>
	<div class="container">
		<div class="row">
			<div class="col">
				<h1>FTTech LoRaWAN - compatibility matrix</h1>
				<p>
					<small>This report was generated on Wednesday, 23-Feb-22 22:48:15 CET using 
					<a href="https://github.com/alranel/arduino-testlib">arduino-testlib</a>.</small>
				</p>

				<h2>FTTech LoRaWAN</h2>
				<p>
					Version: <b>0.2.0</b>
					<br />
					<a href="https://www.arduino.cc/reference/en/libraries/fttech-lorawan/">More details</a>
				</p>

				<h2>Compatibility matrix</h2>
				<table class="table table-bordered">
					<tr>
						<th>Board</th>
						<th>Claims compatibility</th>
						<th>Inclusion</th>
						
						<th><pre>SendMessageGateway</pre></th>
						
					</tr>
					
					<tr>
						<td>
							<a href="#arduino%3aavr%3auno"><b>arduino:avr:uno</b></a>
							<br />
							<small>1.8.4</small>
						</td>

						
						
						
						
							<td>No</td>
							<td class="fail">FAIL</td>
						

						
							
								
									
										
											
											<td class="fail">FAIL</td>
										
									
								
							
								
							
								
							
								
							
								
							
						
					</tr>
					
					<tr>
						<td>
							<a href="#arduino%3ambed_nano%3ananorp2040connect"><b>arduino:mbed_nano:nanorp2040connect</b></a>
							<br />
							<small>2.7.2</small>
						</td>

						
						
						
						
							<td>No</td>
							<td class="fail">FAIL</td>
						

						
							
								
							
								
									
										
											
											<td class="fail">FAIL</td>
										
									
								
							
								
							
								
							
								
							
						
					</tr>
					
					<tr>
						<td>
							<a href="#arduino%3amegaavr%3anona4809"><b>arduino:megaavr:nona4809</b></a>
							<br />
							<small>1.8.7</small>
						</td>

						
						
						
						
							<td>No</td>
							<td class="fail">FAIL</td>
						

						
							
								
							
								
							
								
									
										
											
											<td class="fail">FAIL</td>
										
									
								
							
								
							
								
							
						
					</tr>
					
					<tr>
						<td>
							<a href="#arduino%3asamd%3amkrwifi1010"><b>arduino:samd:mkrwifi1010</b></a>
							<br />
							<small>1.8.12</small>
						</td>

						
						
						
							<td>Yes ⚠️</td>
							<td class="fail">FAIL</td>
						
						

						
							
								
							
								
							
								
							
								
									
										
											
											<td class="fail">FAIL</td>
										
									
								
							
								
							
						
					</tr>
					
					<tr>
						<td>
							<a href="#esp32%3aesp32%3ad1_mini32"><b>esp32:esp32:d1_mini32</b></a>
							<br />
							<small>1.0.6</small>
						</td>

						
						
						
						
							<td>No</td>
							<td class="fail">FAIL</td>
						

						
							
								
							
								
							
								
							
								
							
								
									
										
											
											<td class="fail">FAIL</td>
										
									
								
							
						
					</tr>
					
				</table>

				<h2>Compilation logs</h2>
				
				<h3 id="arduino:avr:uno">arduino:avr:uno @ 1.8.4</h3>
				<h4>Inclusion</h4>
				<p>
					Result: <b>FAIL</b>
					
				</p>
				<pre class="pre-scrollable">WARNING: library FTTech_LoRaWAN claims to run on samd architecture(s) and may be incompatible with your current board which runs on avr architecture(s).
WARNING: library FTTech_SAMD51_Clicks claims to run on samd architecture(s) and may be incompatible with your current board which runs on avr architecture(s).
/home/ec2-user/arduino-testlib/cli-datadir/user/libraries/FTTech_LoRaWAN/src/FTTech_LoRaWAN.cpp: In member function &#39;void FT_RAK811::turnLoRaON()&#39;:
/home/ec2-user/arduino-testlib/cli-datadir/user/libraries/FTTech_LoRaWAN/src/FTTech_LoRaWAN.cpp:28:5: error: &#39;_LORAWANSERIAL&#39; was not declared in this scope
     _LORAWANSERIAL.begin(115200);
     ^~~~~~~~~~~~~~
/home/ec2-user/arduino-testlib/cli-datadir/user/libraries/FTTech_LoRaWAN/src/FTTech_LoRaWAN.cpp:30:21: error: &#39;_LORACLICK&#39; was not declared in this scope
     FTClicks.turnON(_LORACLICK);
                     ^~~~~~~~~~
/home/ec2-user/arduino-testlib/cli-datadir/user/libraries/FTTech_LoRaWAN/src/FTTech_LoRaWAN.cpp: In member function &#39;void FT_RAK811::ShowDebug()&#39;:
/home/ec2-user/arduino-testlib/cli-datadir/user/libraries/FTTech_LoRaWAN/src/FTTech_LoRaWAN.cpp:60:11: error: &#39;_LORAWANSERIAL&#39; was not declared in this scope
     while(_LORAWANSERIAL.available()){
           ^~~~~~~~~~~~~~
/home/ec2-user/arduino-testlib/cli-datadir/user/libraries/FTTech_LoRaWAN/src/FTTech_LoRaWAN.cpp: In member function &#39;void FT_RAK811::SendCommand(String)&#39;:
/home/ec2-user/arduino-testlib/cli-datadir/user/libraries/FTTech_LoRaWAN/src/FTTech_LoRaWAN.cpp:70:5: error: &#39;_LORAWANSERIAL&#39; was not declared in this scope
     _LORAWANSERIAL.print(atComm);
     ^~~~~~~~~~~~~~

</pre>

					
					<h4>examples/SendMessageGateway</h4>
					<p>
						Result: <b>FAIL</b>
					</p>
					<pre class="pre-scrollable">WARNING: library FTTech_LoRaWAN claims to run on samd architecture(s) and may be incompatible with your current board which runs on avr architecture(s).
WARNING: library FTTech_SAMD51_Clicks claims to run on samd architecture(s) and may be incompatible with your current board which runs on avr architecture(s).
/home/ec2-user/arduino-testlib/cli-datadir/user/libraries/FTTech_LoRaWAN/src/FTTech_LoRaWAN.cpp: In member function &#39;void FT_RAK811::turnLoRaON()&#39;:
/home/ec2-user/arduino-testlib/cli-datadir/user/libraries/FTTech_LoRaWAN/src/FTTech_LoRaWAN.cpp:28:5: error: &#39;_LORAWANSERIAL&#39; was not declared in this scope
     _LORAWANSERIAL.begin(115200);
     ^~~~~~~~~~~~~~
/home/ec2-user/arduino-testlib/cli-datadir/user/libraries/FTTech_LoRaWAN/src/FTTech_LoRaWAN.cpp:30:21: error: &#39;_LORACLICK&#39; was not declared in this scope
     FTClicks.turnON(_LORACLICK);
                     ^~~~~~~~~~
/home/ec2-user/arduino-testlib/cli-datadir/user/libraries/FTTech_LoRaWAN/src/FTTech_LoRaWAN.cpp: In member function &#39;void FT_RAK811::ShowDebug()&#39;:
/home/ec2-user/arduino-testlib/cli-datadir/user/libraries/FTTech_LoRaWAN/src/FTTech_LoRaWAN.cpp:60:11: error: &#39;_LORAWANSERIAL&#39; was not declared in this scope
     while(_LORAWANSERIAL.available()){
           ^~~~~~~~~~~~~~
/home/ec2-user/arduino-testlib/cli-datadir/user/libraries/FTTech_LoRaWAN/src/FTTech_LoRaWAN.cpp: In member function &#39;void FT_RAK811::SendCommand(String)&#39;:
/home/ec2-user/arduino-testlib/cli-datadir/user/libraries/FTTech_LoRaWAN/src/FTTech_LoRaWAN.cpp:70:5: error: &#39;_LORAWANSERIAL&#39; was not declared in this scope
     _LORAWANSERIAL.print(atComm);
     ^~~~~~~~~~~~~~

</pre>
					
				
				<h3 id="arduino:mbed_nano:nanorp2040connect">arduino:mbed_nano:nanorp2040connect @ 2.7.2</h3>
				<h4>Inclusion</h4>
				<p>
					Result: <b>FAIL</b>
					
				</p>
				<pre class="pre-scrollable">WARNING: library FTTech_LoRaWAN claims to run on samd architecture(s) and may be incompatible with your current board which runs on mbed_nano architecture(s).
WARNING: library FTTech_SAMD51_Clicks claims to run on samd architecture(s) and may be incompatible with your current board which runs on mbed_nano architecture(s).
WARNING: library Adafruit_SleepyDog_Library claims to run on avr, samd, nrf52, teensy, esp32, esp8266 architecture(s) and may be incompatible with your current board which runs on mbed_nano architecture(s).
In file included from /home/ec2-user/arduino-testlib/cli-datadir/user/libraries/FTTech_SAMD51_Clicks/src/FTTech_SAMD51_Clicks.h:7:0,
                 from /home/ec2-user/arduino-testlib/cli-datadir/user/libraries/FTTech_SAMD51_Clicks/src/FTTech_SAMD51Clicks.h:3,
                 from /home/ec2-user/arduino-testlib/cli-datadir/user/libraries/FTTech_LoRaWAN/src/FTTech_LoRaWAN.h:11,
                 from /tmp/arduino-testlib130226075/test/test.ino:1:
/home/ec2-user/arduino-testlib/cli-datadir/user/libraries/Adafruit_SleepyDog_Library/Adafruit_SleepyDog.h:38:2: error: #error Unsupported platform for the Adafruit Watchdog library!
 #error Unsupported platform for the Adafruit Watchdog library!
  ^~~~~

</pre>

					
					<h4>examples/SendMessageGateway</h4>
					<p>
						Result: <b>FAIL</b>
					</p>
					<pre class="pre-scrollable">WARNING: library FTTech_LoRaWAN claims to run on samd architecture(s) and may be incompatible with your current board which runs on mbed_nano architecture(s).
WARNING: library FTTech_SAMD51_Clicks claims to run on samd architecture(s) and may be incompatible with your current board which runs on mbed_nano architecture(s).
WARNING: library Adafruit_SleepyDog_Library claims to run on avr, samd, nrf52, teensy, esp32, esp8266 architecture(s) and may be incompatible with your current board which runs on mbed_nano architecture(s).
In file included from /home/ec2-user/arduino-testlib/cli-datadir/user/libraries/FTTech_SAMD51_Clicks/src/FTTech_SAMD51_Clicks.h:7:0,
                 from /home/ec2-user/arduino-testlib/cli-datadir/user/libraries/FTTech_SAMD51_Clicks/src/FTTech_SAMD51Clicks.h:3,
                 from /home/ec2-user/arduino-testlib/cli-datadir/user/libraries/FTTech_LoRaWAN/src/FTTech_LoRaWAN.h:11,
                 from /home/ec2-user/arduino-testlib/cli-datadir/user/libraries/FTTech_LoRaWAN/examples/SendMessageGateway/SendMessageGateway.ino:28:
/home/ec2-user/arduino-testlib/cli-datadir/user/libraries/Adafruit_SleepyDog_Library/Adafruit_SleepyDog.h:38:2: error: #error Unsupported platform for the Adafruit Watchdog library!
 #error Unsupported platform for the Adafruit Watchdog library!
  ^~~~~

</pre>
					
				
				<h3 id="arduino:megaavr:nona4809">arduino:megaavr:nona4809 @ 1.8.7</h3>
				<h4>Inclusion</h4>
				<p>
					Result: <b>FAIL</b>
					
				</p>
				<pre class="pre-scrollable">WARNING: library FTTech_LoRaWAN claims to run on samd architecture(s) and may be incompatible with your current board which runs on megaavr architecture(s).
WARNING: library FTTech_SAMD51_Clicks claims to run on samd architecture(s) and may be incompatible with your current board which runs on megaavr architecture(s).
WARNING: library Adafruit_SleepyDog_Library claims to run on avr, samd, nrf52, teensy, esp32, esp8266 architecture(s) and may be incompatible with your current board which runs on megaavr architecture(s).
/home/ec2-user/arduino-testlib/cli-datadir/user/libraries/FTTech_LoRaWAN/src/FTTech_LoRaWAN.cpp: In member function &#39;void FT_RAK811::turnLoRaON()&#39;:
/home/ec2-user/arduino-testlib/cli-datadir/user/libraries/FTTech_LoRaWAN/src/FTTech_LoRaWAN.cpp:28:5: error: &#39;_LORAWANSERIAL&#39; was not declared in this scope
     _LORAWANSERIAL.begin(115200);
     ^~~~~~~~~~~~~~
/home/ec2-user/arduino-testlib/cli-datadir/user/libraries/FTTech_LoRaWAN/src/FTTech_LoRaWAN.cpp:30:21: error: &#39;_LORACLICK&#39; was not declared in this scope
     FTClicks.turnON(_LORACLICK);
                     ^~~~~~~~~~
/home/ec2-user/arduino-testlib/cli-datadir/user/libraries/FTTech_LoRaWAN/src/FTTech_LoRaWAN.cpp: In member function &#39;void FT_RAK811::ShowDebug()&#39;:
/home/ec2-user/arduino-testlib/cli-datadir/user/libraries/FTTech_LoRaWAN/src/FTTech_LoRaWAN.cpp:60:11: error: &#39;_LORAWANSERIAL&#39; was not declared in this scope
     while(_LORAWANSERIAL.available()){
           ^~~~~~~~~~~~~~
/home/ec2-user/arduino-testlib/cli-datadir/user/libraries/FTTech_LoRaWAN/src/FTTech_LoRaWAN.cpp: In member function &#39;void FT_RAK811::SendCommand(arduino::String)&#39;:
/home/ec2-user/arduino-testlib/cli-datadir/user/libraries/FTTech_LoRaWAN/src/FTTech_LoRaWAN.cpp:70:5: error: &#39;_LORAWANSERIAL&#39; was not declared in this scope
     _LORAWANSERIAL.print(atComm);
     ^~~~~~~~~~~~~~

</pre>

					
					<h4>examples/SendMessageGateway</h4>
					<p>
						Result: <b>FAIL</b>
					</p>
					<pre class="pre-scrollable">WARNING: library FTTech_LoRaWAN claims to run on samd architecture(s) and may be incompatible with your current board which runs on megaavr architecture(s).
WARNING: library FTTech_SAMD51_Clicks claims to run on samd architecture(s) and may be incompatible with your current board which runs on megaavr architecture(s).
WARNING: library Adafruit_SleepyDog_Library claims to run on avr, samd, nrf52, teensy, esp32, esp8266 architecture(s) and may be incompatible with your current board which runs on megaavr architecture(s).
/home/ec2-user/arduino-testlib/cli-datadir/user/libraries/FTTech_LoRaWAN/src/FTTech_LoRaWAN.cpp: In member function &#39;void FT_RAK811::turnLoRaON()&#39;:
/home/ec2-user/arduino-testlib/cli-datadir/user/libraries/FTTech_LoRaWAN/src/FTTech_LoRaWAN.cpp:28:5: error: &#39;_LORAWANSERIAL&#39; was not declared in this scope
     _LORAWANSERIAL.begin(115200);
     ^~~~~~~~~~~~~~
/home/ec2-user/arduino-testlib/cli-datadir/user/libraries/FTTech_LoRaWAN/src/FTTech_LoRaWAN.cpp:30:21: error: &#39;_LORACLICK&#39; was not declared in this scope
     FTClicks.turnON(_LORACLICK);
                     ^~~~~~~~~~
/home/ec2-user/arduino-testlib/cli-datadir/user/libraries/FTTech_LoRaWAN/src/FTTech_LoRaWAN.cpp: In member function &#39;void FT_RAK811::ShowDebug()&#39;:
/home/ec2-user/arduino-testlib/cli-datadir/user/libraries/FTTech_LoRaWAN/src/FTTech_LoRaWAN.cpp:60:11: error: &#39;_LORAWANSERIAL&#39; was not declared in this scope
     while(_LORAWANSERIAL.available()){
           ^~~~~~~~~~~~~~
/home/ec2-user/arduino-testlib/cli-datadir/user/libraries/FTTech_LoRaWAN/src/FTTech_LoRaWAN.cpp: In member function &#39;void FT_RAK811::SendCommand(arduino::String)&#39;:
/home/ec2-user/arduino-testlib/cli-datadir/user/libraries/FTTech_LoRaWAN/src/FTTech_LoRaWAN.cpp:70:5: error: &#39;_LORAWANSERIAL&#39; was not declared in this scope
     _LORAWANSERIAL.print(atComm);
     ^~~~~~~~~~~~~~

</pre>
					
				
				<h3 id="arduino:samd:mkrwifi1010">arduino:samd:mkrwifi1010 @ 1.8.12</h3>
				<h4>Inclusion</h4>
				<p>
					Result: <b>FAIL</b>
					
				</p>
				<pre class="pre-scrollable">/home/ec2-user/arduino-testlib/cli-datadir/user/libraries/FTTech_LoRaWAN/src/FTTech_LoRaWAN.cpp: In member function &#39;void FT_RAK811::turnLoRaON()&#39;:
/home/ec2-user/arduino-testlib/cli-datadir/user/libraries/FTTech_LoRaWAN/src/FTTech_LoRaWAN.cpp:28:5: error: &#39;_LORAWANSERIAL&#39; was not declared in this scope
     _LORAWANSERIAL.begin(115200);
     ^~~~~~~~~~~~~~
/home/ec2-user/arduino-testlib/cli-datadir/user/libraries/FTTech_LoRaWAN/src/FTTech_LoRaWAN.cpp:30:21: error: &#39;_LORACLICK&#39; was not declared in this scope
     FTClicks.turnON(_LORACLICK);
                     ^~~~~~~~~~
/home/ec2-user/arduino-testlib/cli-datadir/user/libraries/FTTech_LoRaWAN/src/FTTech_LoRaWAN.cpp: In member function &#39;void FT_RAK811::ShowDebug()&#39;:
/home/ec2-user/arduino-testlib/cli-datadir/user/libraries/FTTech_LoRaWAN/src/FTTech_LoRaWAN.cpp:60:11: error: &#39;_LORAWANSERIAL&#39; was not declared in this scope
     while(_LORAWANSERIAL.available()){
           ^~~~~~~~~~~~~~
/home/ec2-user/arduino-testlib/cli-datadir/user/libraries/FTTech_LoRaWAN/src/FTTech_LoRaWAN.cpp: In member function &#39;void FT_RAK811::SendCommand(arduino::String)&#39;:
/home/ec2-user/arduino-testlib/cli-datadir/user/libraries/FTTech_LoRaWAN/src/FTTech_LoRaWAN.cpp:70:5: error: &#39;_LORAWANSERIAL&#39; was not declared in this scope
     _LORAWANSERIAL.print(atComm);
     ^~~~~~~~~~~~~~

</pre>

					
					<h4>examples/SendMessageGateway</h4>
					<p>
						Result: <b>FAIL</b>
					</p>
					<pre class="pre-scrollable">/home/ec2-user/arduino-testlib/cli-datadir/user/libraries/FTTech_LoRaWAN/src/FTTech_LoRaWAN.cpp: In member function &#39;void FT_RAK811::turnLoRaON()&#39;:
/home/ec2-user/arduino-testlib/cli-datadir/user/libraries/FTTech_LoRaWAN/src/FTTech_LoRaWAN.cpp:28:5: error: &#39;_LORAWANSERIAL&#39; was not declared in this scope
     _LORAWANSERIAL.begin(115200);
     ^~~~~~~~~~~~~~
/home/ec2-user/arduino-testlib/cli-datadir/user/libraries/FTTech_LoRaWAN/src/FTTech_LoRaWAN.cpp:30:21: error: &#39;_LORACLICK&#39; was not declared in this scope
     FTClicks.turnON(_LORACLICK);
                     ^~~~~~~~~~
/home/ec2-user/arduino-testlib/cli-datadir/user/libraries/FTTech_LoRaWAN/src/FTTech_LoRaWAN.cpp: In member function &#39;void FT_RAK811::ShowDebug()&#39;:
/home/ec2-user/arduino-testlib/cli-datadir/user/libraries/FTTech_LoRaWAN/src/FTTech_LoRaWAN.cpp:60:11: error: &#39;_LORAWANSERIAL&#39; was not declared in this scope
     while(_LORAWANSERIAL.available()){
           ^~~~~~~~~~~~~~
/home/ec2-user/arduino-testlib/cli-datadir/user/libraries/FTTech_LoRaWAN/src/FTTech_LoRaWAN.cpp: In member function &#39;void FT_RAK811::SendCommand(arduino::String)&#39;:
/home/ec2-user/arduino-testlib/cli-datadir/user/libraries/FTTech_LoRaWAN/src/FTTech_LoRaWAN.cpp:70:5: error: &#39;_LORAWANSERIAL&#39; was not declared in this scope
     _LORAWANSERIAL.print(atComm);
     ^~~~~~~~~~~~~~

</pre>
					
				
				<h3 id="esp32:esp32:d1_mini32">esp32:esp32:d1_mini32 @ 1.0.6</h3>
				<h4>Inclusion</h4>
				<p>
					Result: <b>FAIL</b>
					
				</p>
				<pre class="pre-scrollable">WARNING: library FTTech_LoRaWAN claims to run on samd architecture(s) and may be incompatible with your current board which runs on esp32 architecture(s).
WARNING: library FTTech_SAMD51_Clicks claims to run on samd architecture(s) and may be incompatible with your current board which runs on esp32 architecture(s).
/home/ec2-user/arduino-testlib/cli-datadir/user/libraries/FTTech_LoRaWAN/src/FTTech_LoRaWAN.cpp: In member function &#39;void FT_RAK811::turnLoRaON()&#39;:
/home/ec2-user/arduino-testlib/cli-datadir/user/libraries/FTTech_LoRaWAN/src/FTTech_LoRaWAN.cpp:28:5: error: &#39;_LORAWANSERIAL&#39; was not declared in this scope
     _LORAWANSERIAL.begin(115200);
     ^
/home/ec2-user/arduino-testlib/cli-datadir/user/libraries/FTTech_LoRaWAN/src/FTTech_LoRaWAN.cpp:30:21: error: &#39;_LORACLICK&#39; was not declared in this scope
     FTClicks.turnON(_LORACLICK);
                     ^
/home/ec2-user/arduino-testlib/cli-datadir/user/libraries/FTTech_LoRaWAN/src/FTTech_LoRaWAN.cpp: In member function &#39;void FT_RAK811::ShowDebug()&#39;:
/home/ec2-user/arduino-testlib/cli-datadir/user/libraries/FTTech_LoRaWAN/src/FTTech_LoRaWAN.cpp:60:11: error: &#39;_LORAWANSERIAL&#39; was not declared in this scope
     while(_LORAWANSERIAL.available()){ 
           ^
/home/ec2-user/arduino-testlib/cli-datadir/user/libraries/FTTech_LoRaWAN/src/FTTech_LoRaWAN.cpp: In member function &#39;void FT_RAK811::SendCommand(String)&#39;:
/home/ec2-user/arduino-testlib/cli-datadir/user/libraries/FTTech_LoRaWAN/src/FTTech_LoRaWAN.cpp:70:5: error: &#39;_LORAWANSERIAL&#39; was not declared in this scope
     _LORAWANSERIAL.print(atComm);
     ^

</pre>

					
					<h4>examples/SendMessageGateway</h4>
					<p>
						Result: <b>FAIL</b>
					</p>
					<pre class="pre-scrollable">WARNING: library FTTech_LoRaWAN claims to run on samd architecture(s) and may be incompatible with your current board which runs on esp32 architecture(s).
WARNING: library FTTech_SAMD51_Clicks claims to run on samd architecture(s) and may be incompatible with your current board which runs on esp32 architecture(s).
/home/ec2-user/arduino-testlib/cli-datadir/user/libraries/FTTech_LoRaWAN/src/FTTech_LoRaWAN.cpp: In member function &#39;void FT_RAK811::turnLoRaON()&#39;:
/home/ec2-user/arduino-testlib/cli-datadir/user/libraries/FTTech_LoRaWAN/src/FTTech_LoRaWAN.cpp:28:5: error: &#39;_LORAWANSERIAL&#39; was not declared in this scope
     _LORAWANSERIAL.begin(115200);
     ^
/home/ec2-user/arduino-testlib/cli-datadir/user/libraries/FTTech_LoRaWAN/src/FTTech_LoRaWAN.cpp:30:21: error: &#39;_LORACLICK&#39; was not declared in this scope
     FTClicks.turnON(_LORACLICK);
                     ^
/home/ec2-user/arduino-testlib/cli-datadir/user/libraries/FTTech_LoRaWAN/src/FTTech_LoRaWAN.cpp: In member function &#39;void FT_RAK811::ShowDebug()&#39;:
/home/ec2-user/arduino-testlib/cli-datadir/user/libraries/FTTech_LoRaWAN/src/FTTech_LoRaWAN.cpp:60:11: error: &#39;_LORAWANSERIAL&#39; was not declared in this scope
     while(_LORAWANSERIAL.available()){ 
           ^
/home/ec2-user/arduino-testlib/cli-datadir/user/libraries/FTTech_LoRaWAN/src/FTTech_LoRaWAN.cpp: In member function &#39;void FT_RAK811::SendCommand(String)&#39;:
/home/ec2-user/arduino-testlib/cli-datadir/user/libraries/FTTech_LoRaWAN/src/FTTech_LoRaWAN.cpp:70:5: error: &#39;_LORAWANSERIAL&#39; was not declared in this scope
     _LORAWANSERIAL.print(atComm);
     ^

</pre>
					
				
			</div>
		</div>
	</div>
  </body>
</html>
