
<!doctype html>
<html lang="en">
  <head>
    <meta charset="utf-8">
    <meta name="viewport" content="width=device-width, initial-scale=1">
    <link href="https://cdn.jsdelivr.net/npm/bootstrap@5.0.2/dist/css/bootstrap.min.css" rel="stylesheet" integrity="sha384-EVSTQN3/azprG1Anm3QDgpJLIm9Nao0Yz1ztcQTwFspd3yD65VohhpuuCOmLASjC" crossorigin="anonymous">
    <title>arduino-testlib report</title>
	<style>
	.pass { background-color: #00FF00 !important; }
	.fail { background-color: #FF0000 !important; }
	</style>
  </head>
  <body>
	<div class="container">
		<div class="row">
			<div class="col">
				<h1>FunctionFsm - compatibility matrix</h1>
				<p>
					<small>This report was generated on Monday, 21-Feb-22 12:00:25 CET using 
					<a href="https://github.com/alranel/arduino-testlib">arduino-testlib</a>.</small>
				</p>

				<h2>FunctionFsm</h2>
				<p>
					Version: <b>1.0.0</b>
					<br />
					<a href="https://www.arduino.cc/reference/en/libraries/functionfsm/">More details</a>
				</p>

				<h2>Compatibility matrix</h2>
				<table class="table table-bordered">
					<tr>
						<th>Board</th>
						<th>Claims compatibility</th>
						<th>Inclusion</th>
						
						<th><pre>function-fsm-example2-class-member</pre></th>
						
						<th><pre>function-fsm-example3-timed</pre></th>
						
						<th><pre>function-fsm-example1-simple</pre></th>
						
					</tr>
					
					<tr>
						<td>
							<a href="#arduino%3aavr%3auno"><b>arduino:avr:uno</b></a>
							<br />
							<small>1.8.4</small>
						</td>

						
						
						
						
							<td>No</td>
							<td class="fail">FAIL</td>
						

						
							
								
									
										
									
										
											
											<td class="fail">FAIL</td>
										
									
										
									
								
							
								
							
								
							
								
							
								
							
						
							
								
									
										
									
										
									
										
											
											<td class="fail">FAIL</td>
										
									
								
							
								
							
								
							
								
							
								
							
						
							
								
									
										
											
											<td class="fail">FAIL</td>
										
									
										
									
										
									
								
							
								
							
								
							
								
							
								
							
						
					</tr>
					
					<tr>
						<td>
							<a href="#arduino%3ambed_nano%3ananorp2040connect"><b>arduino:mbed_nano:nanorp2040connect</b></a>
							<br />
							<small>2.7.2</small>
						</td>

						
						
							<td>No ⚠️</td>
							<td class="pass">PASS</td>
						
						
						

						
							
								
							
								
									
										
									
										
											<td class="pass">PASS</td>
											
										
									
										
									
								
							
								
							
								
							
								
							
						
							
								
							
								
									
										
									
										
									
										
											<td class="pass">PASS</td>
											
										
									
								
							
								
							
								
							
								
							
						
							
								
							
								
									
										
											<td class="pass">PASS</td>
											
										
									
										
									
										
									
								
							
								
							
								
							
								
							
						
					</tr>
					
					<tr>
						<td>
							<a href="#arduino%3amegaavr%3anona4809"><b>arduino:megaavr:nona4809</b></a>
							<br />
							<small>1.8.7</small>
						</td>

						
						
						
						
							<td>No</td>
							<td class="fail">FAIL</td>
						

						
							
								
							
								
							
								
									
										
									
										
											
											<td class="fail">FAIL</td>
										
									
										
									
								
							
								
							
								
							
						
							
								
							
								
							
								
									
										
									
										
									
										
											
											<td class="fail">FAIL</td>
										
									
								
							
								
							
								
							
						
							
								
							
								
							
								
									
										
											
											<td class="fail">FAIL</td>
										
									
										
									
										
									
								
							
								
							
								
							
						
					</tr>
					
					<tr>
						<td>
							<a href="#arduino%3asamd%3amkrwifi1010"><b>arduino:samd:mkrwifi1010</b></a>
							<br />
							<small>1.8.12</small>
						</td>

						
						
							<td>No ⚠️</td>
							<td class="pass">PASS</td>
						
						
						

						
							
								
							
								
							
								
							
								
									
										
									
										
											<td class="pass">PASS</td>
											
										
									
										
									
								
							
								
							
						
							
								
							
								
							
								
							
								
									
										
									
										
									
										
											<td class="pass">PASS</td>
											
										
									
								
							
								
							
						
							
								
							
								
							
								
							
								
									
										
											<td class="pass">PASS</td>
											
										
									
										
									
										
									
								
							
								
							
						
					</tr>
					
					<tr>
						<td>
							<a href="#esp32%3aesp32%3ad1_mini32"><b>esp32:esp32:d1_mini32</b></a>
							<br />
							<small>1.0.6</small>
						</td>

						
						
						
							<td>Yes ⚠️</td>
							<td class="fail">FAIL</td>
						
						

						
							
								
							
								
							
								
							
								
							
								
									
										
									
										
											
											<td class="fail">FAIL</td>
										
									
										
									
								
							
						
							
								
							
								
							
								
							
								
							
								
									
										
									
										
									
										
											
											<td class="fail">FAIL</td>
										
									
								
							
						
							
								
							
								
							
								
							
								
							
								
									
										
											
											<td class="fail">FAIL</td>
										
									
										
									
										
									
								
							
						
					</tr>
					
				</table>

				<h2>Compilation logs</h2>
				
				<h3 id="arduino:avr:uno">arduino:avr:uno @ 1.8.4</h3>
				<h4>Inclusion</h4>
				<p>
					Result: <b>FAIL</b>
					
				</p>
				<pre class="pre-scrollable">In file included from /private/tmp/arduino-testlib203372736/test/test.ino:1:0:
/Users/alranel/Documents/git/arduino/arduino-testlib/cli-datadir/user/libraries/FunctionFsm/src/FunctionFSM.h:16:10: fatal error: functional: No such file or directory
 #include &lt;functional&gt;
          ^~~~~~~~~~~~
compilation terminated.

</pre>

					
					<h4>examples/function-fsm-example1-simple</h4>
					<p>
						Result: <b>FAIL</b>
					</p>
					<pre class="pre-scrollable">In file included from /Users/alranel/Documents/git/arduino/arduino-testlib/cli-datadir/user/libraries/FunctionFsm/examples/function-fsm-example1-simple/function-fsm-example1-simple.ino:4:0:
/Users/alranel/Documents/git/arduino/arduino-testlib/cli-datadir/user/libraries/FunctionFsm/src/FunctionFSM.h:16:10: fatal error: functional: No such file or directory
 #include &lt;functional&gt;
          ^~~~~~~~~~~~
compilation terminated.

</pre>
					
					<h4>examples/function-fsm-example2-class-member</h4>
					<p>
						Result: <b>FAIL</b>
					</p>
					<pre class="pre-scrollable">In file included from /Users/alranel/Documents/git/arduino/arduino-testlib/cli-datadir/user/libraries/FunctionFsm/examples/function-fsm-example2-class-member/function-fsm-example2-class-member.ino:3:0:
/Users/alranel/Documents/git/arduino/arduino-testlib/cli-datadir/user/libraries/FunctionFsm/src/FunctionFSM.h:16:10: fatal error: functional: No such file or directory
 #include &lt;functional&gt;
          ^~~~~~~~~~~~
compilation terminated.

</pre>
					
					<h4>examples/function-fsm-example3-timed</h4>
					<p>
						Result: <b>FAIL</b>
					</p>
					<pre class="pre-scrollable">In file included from /Users/alranel/Documents/git/arduino/arduino-testlib/cli-datadir/user/libraries/FunctionFsm/examples/function-fsm-example3-timed/function-fsm-example3-timed.ino:3:0:
/Users/alranel/Documents/git/arduino/arduino-testlib/cli-datadir/user/libraries/FunctionFsm/src/FunctionFSM.h:16:10: fatal error: functional: No such file or directory
 #include &lt;functional&gt;
          ^~~~~~~~~~~~
compilation terminated.

</pre>
					
				
				<h3 id="arduino:mbed_nano:nanorp2040connect">arduino:mbed_nano:nanorp2040connect @ 2.7.2</h3>
				<h4>Inclusion</h4>
				<p>
					Result: <b>PASS</b>
					
				</p>
				<pre class="pre-scrollable">WARNING: library FunctionFsm claims to run on esp32 architecture(s) and may be incompatible with your current board which runs on mbed_nano architecture(s).
Sketch uses 78804 bytes (0%) of program storage space. Maximum is 16777216 bytes.
Global variables use 43464 bytes (16%) of dynamic memory, leaving 226872 bytes for local variables. Maximum is 270336 bytes.
In file included from /home/ec2-user/arduino-testlib/cli-datadir/data/packages/arduino/tools/arm-none-eabi-gcc/7-2017q4/arm-none-eabi/include/c&#43;&#43;/7.2.1/vector:69:0,
                 from /home/ec2-user/arduino-testlib/cli-datadir/user/libraries/FunctionFsm/src/FunctionFSM.h:17,
                 from /home/ec2-user/arduino-testlib/cli-datadir/user/libraries/FunctionFsm/src/FunctionFSM.cpp:14:
/home/ec2-user/arduino-testlib/cli-datadir/data/packages/arduino/tools/arm-none-eabi-gcc/7-2017q4/arm-none-eabi/include/c&#43;&#43;/7.2.1/bits/vector.tcc: In member function &#39;void std::vector&lt;_Tp, _Alloc&gt;::_M_realloc_insert(std::vector&lt;_Tp, _Alloc&gt;::iterator, _Args&amp;&amp; ...) [with _Args = {const FunctionFsm::TimedTransition&amp;}; _Tp = FunctionFsm::TimedTransition; _Alloc = std::allocator&lt;FunctionFsm::TimedTransition&gt;]&#39;:
/home/ec2-user/arduino-testlib/cli-datadir/data/packages/arduino/tools/arm-none-eabi-gcc/7-2017q4/arm-none-eabi/include/c&#43;&#43;/7.2.1/bits/vector.tcc:394:7: note: parameter passing for argument of type &#39;std::vector&lt;FunctionFsm::TimedTransition&gt;::iterator {aka __gnu_cxx::__normal_iterator&lt;FunctionFsm::TimedTransition*, std::vector&lt;FunctionFsm::TimedTransition&gt; &gt;}&#39; changed in GCC 7.1
       vector&lt;_Tp, _Alloc&gt;::
       ^~~~~~~~~~~~~~~~~~~
In file included from /home/ec2-user/arduino-testlib/cli-datadir/data/packages/arduino/tools/arm-none-eabi-gcc/7-2017q4/arm-none-eabi/include/c&#43;&#43;/7.2.1/vector:64:0,
                 from /home/ec2-user/arduino-testlib/cli-datadir/user/libraries/FunctionFsm/src/FunctionFSM.h:17,
                 from /home/ec2-user/arduino-testlib/cli-datadir/user/libraries/FunctionFsm/src/FunctionFSM.cpp:14:
/home/ec2-user/arduino-testlib/cli-datadir/data/packages/arduino/tools/arm-none-eabi-gcc/7-2017q4/arm-none-eabi/include/c&#43;&#43;/7.2.1/bits/stl_vector.h: In member function &#39;void FunctionFsm::add_timed_transition(FunctionState*, FunctionState*, long unsigned int, std::function&lt;void()&gt;)&#39;:
/home/ec2-user/arduino-testlib/cli-datadir/data/packages/arduino/tools/arm-none-eabi-gcc/7-2017q4/arm-none-eabi/include/c&#43;&#43;/7.2.1/bits/stl_vector.h:948:21: note: parameter passing for argument of type &#39;__gnu_cxx::__normal_iterator&lt;FunctionFsm::TimedTransition*, std::vector&lt;FunctionFsm::TimedTransition&gt; &gt;&#39; changed in GCC 7.1
    _M_realloc_insert(end(), __x);
    ~~~~~~~~~~~~~~~~~^~~~~~~~~~~~
</pre>

					
					<h4>examples/function-fsm-example1-simple</h4>
					<p>
						Result: <b>PASS</b>
					</p>
					<pre class="pre-scrollable">WARNING: library FunctionFsm claims to run on esp32 architecture(s) and may be incompatible with your current board which runs on mbed_nano architecture(s).
Sketch uses 89844 bytes (0%) of program storage space. Maximum is 16777216 bytes.
Global variables use 43672 bytes (16%) of dynamic memory, leaving 226664 bytes for local variables. Maximum is 270336 bytes.
In file included from /home/ec2-user/arduino-testlib/cli-datadir/data/packages/arduino/tools/arm-none-eabi-gcc/7-2017q4/arm-none-eabi/include/c&#43;&#43;/7.2.1/vector:69:0,
                 from /home/ec2-user/arduino-testlib/cli-datadir/user/libraries/FunctionFsm/src/FunctionFSM.h:17,
                 from /home/ec2-user/arduino-testlib/cli-datadir/user/libraries/FunctionFsm/src/FunctionFSM.cpp:14:
/home/ec2-user/arduino-testlib/cli-datadir/data/packages/arduino/tools/arm-none-eabi-gcc/7-2017q4/arm-none-eabi/include/c&#43;&#43;/7.2.1/bits/vector.tcc: In member function &#39;void std::vector&lt;_Tp, _Alloc&gt;::_M_realloc_insert(std::vector&lt;_Tp, _Alloc&gt;::iterator, _Args&amp;&amp; ...) [with _Args = {const FunctionFsm::TimedTransition&amp;}; _Tp = FunctionFsm::TimedTransition; _Alloc = std::allocator&lt;FunctionFsm::TimedTransition&gt;]&#39;:
/home/ec2-user/arduino-testlib/cli-datadir/data/packages/arduino/tools/arm-none-eabi-gcc/7-2017q4/arm-none-eabi/include/c&#43;&#43;/7.2.1/bits/vector.tcc:394:7: note: parameter passing for argument of type &#39;std::vector&lt;FunctionFsm::TimedTransition&gt;::iterator {aka __gnu_cxx::__normal_iterator&lt;FunctionFsm::TimedTransition*, std::vector&lt;FunctionFsm::TimedTransition&gt; &gt;}&#39; changed in GCC 7.1
       vector&lt;_Tp, _Alloc&gt;::
       ^~~~~~~~~~~~~~~~~~~
In file included from /home/ec2-user/arduino-testlib/cli-datadir/data/packages/arduino/tools/arm-none-eabi-gcc/7-2017q4/arm-none-eabi/include/c&#43;&#43;/7.2.1/vector:64:0,
                 from /home/ec2-user/arduino-testlib/cli-datadir/user/libraries/FunctionFsm/src/FunctionFSM.h:17,
                 from /home/ec2-user/arduino-testlib/cli-datadir/user/libraries/FunctionFsm/src/FunctionFSM.cpp:14:
/home/ec2-user/arduino-testlib/cli-datadir/data/packages/arduino/tools/arm-none-eabi-gcc/7-2017q4/arm-none-eabi/include/c&#43;&#43;/7.2.1/bits/stl_vector.h: In member function &#39;void FunctionFsm::add_timed_transition(FunctionState*, FunctionState*, long unsigned int, std::function&lt;void()&gt;)&#39;:
/home/ec2-user/arduino-testlib/cli-datadir/data/packages/arduino/tools/arm-none-eabi-gcc/7-2017q4/arm-none-eabi/include/c&#43;&#43;/7.2.1/bits/stl_vector.h:948:21: note: parameter passing for argument of type &#39;__gnu_cxx::__normal_iterator&lt;FunctionFsm::TimedTransition*, std::vector&lt;FunctionFsm::TimedTransition&gt; &gt;&#39; changed in GCC 7.1
    _M_realloc_insert(end(), __x);
    ~~~~~~~~~~~~~~~~~^~~~~~~~~~~~
</pre>
					
					<h4>examples/function-fsm-example2-class-member</h4>
					<p>
						Result: <b>PASS</b>
					</p>
					<pre class="pre-scrollable">WARNING: library FunctionFsm claims to run on esp32 architecture(s) and may be incompatible with your current board which runs on mbed_nano architecture(s).
Sketch uses 89956 bytes (0%) of program storage space. Maximum is 16777216 bytes.
Global variables use 43684 bytes (16%) of dynamic memory, leaving 226652 bytes for local variables. Maximum is 270336 bytes.
In file included from /home/ec2-user/arduino-testlib/cli-datadir/data/packages/arduino/tools/arm-none-eabi-gcc/7-2017q4/arm-none-eabi/include/c&#43;&#43;/7.2.1/vector:69:0,
                 from /home/ec2-user/arduino-testlib/cli-datadir/user/libraries/FunctionFsm/src/FunctionFSM.h:17,
                 from /home/ec2-user/arduino-testlib/cli-datadir/user/libraries/FunctionFsm/src/FunctionFSM.cpp:14:
/home/ec2-user/arduino-testlib/cli-datadir/data/packages/arduino/tools/arm-none-eabi-gcc/7-2017q4/arm-none-eabi/include/c&#43;&#43;/7.2.1/bits/vector.tcc: In member function &#39;void std::vector&lt;_Tp, _Alloc&gt;::_M_realloc_insert(std::vector&lt;_Tp, _Alloc&gt;::iterator, _Args&amp;&amp; ...) [with _Args = {const FunctionFsm::TimedTransition&amp;}; _Tp = FunctionFsm::TimedTransition; _Alloc = std::allocator&lt;FunctionFsm::TimedTransition&gt;]&#39;:
/home/ec2-user/arduino-testlib/cli-datadir/data/packages/arduino/tools/arm-none-eabi-gcc/7-2017q4/arm-none-eabi/include/c&#43;&#43;/7.2.1/bits/vector.tcc:394:7: note: parameter passing for argument of type &#39;std::vector&lt;FunctionFsm::TimedTransition&gt;::iterator {aka __gnu_cxx::__normal_iterator&lt;FunctionFsm::TimedTransition*, std::vector&lt;FunctionFsm::TimedTransition&gt; &gt;}&#39; changed in GCC 7.1
       vector&lt;_Tp, _Alloc&gt;::
       ^~~~~~~~~~~~~~~~~~~
In file included from /home/ec2-user/arduino-testlib/cli-datadir/data/packages/arduino/tools/arm-none-eabi-gcc/7-2017q4/arm-none-eabi/include/c&#43;&#43;/7.2.1/vector:64:0,
                 from /home/ec2-user/arduino-testlib/cli-datadir/user/libraries/FunctionFsm/src/FunctionFSM.h:17,
                 from /home/ec2-user/arduino-testlib/cli-datadir/user/libraries/FunctionFsm/src/FunctionFSM.cpp:14:
/home/ec2-user/arduino-testlib/cli-datadir/data/packages/arduino/tools/arm-none-eabi-gcc/7-2017q4/arm-none-eabi/include/c&#43;&#43;/7.2.1/bits/stl_vector.h: In member function &#39;void FunctionFsm::add_timed_transition(FunctionState*, FunctionState*, long unsigned int, std::function&lt;void()&gt;)&#39;:
/home/ec2-user/arduino-testlib/cli-datadir/data/packages/arduino/tools/arm-none-eabi-gcc/7-2017q4/arm-none-eabi/include/c&#43;&#43;/7.2.1/bits/stl_vector.h:948:21: note: parameter passing for argument of type &#39;__gnu_cxx::__normal_iterator&lt;FunctionFsm::TimedTransition*, std::vector&lt;FunctionFsm::TimedTransition&gt; &gt;&#39; changed in GCC 7.1
    _M_realloc_insert(end(), __x);
    ~~~~~~~~~~~~~~~~~^~~~~~~~~~~~
</pre>
					
					<h4>examples/function-fsm-example3-timed</h4>
					<p>
						Result: <b>PASS</b>
					</p>
					<pre class="pre-scrollable">WARNING: library FunctionFsm claims to run on esp32 architecture(s) and may be incompatible with your current board which runs on mbed_nano architecture(s).
Sketch uses 89828 bytes (0%) of program storage space. Maximum is 16777216 bytes.
Global variables use 43672 bytes (16%) of dynamic memory, leaving 226664 bytes for local variables. Maximum is 270336 bytes.
In file included from /home/ec2-user/arduino-testlib/cli-datadir/data/packages/arduino/tools/arm-none-eabi-gcc/7-2017q4/arm-none-eabi/include/c&#43;&#43;/7.2.1/vector:69:0,
                 from /home/ec2-user/arduino-testlib/cli-datadir/user/libraries/FunctionFsm/src/FunctionFSM.h:17,
                 from /home/ec2-user/arduino-testlib/cli-datadir/user/libraries/FunctionFsm/src/FunctionFSM.cpp:14:
/home/ec2-user/arduino-testlib/cli-datadir/data/packages/arduino/tools/arm-none-eabi-gcc/7-2017q4/arm-none-eabi/include/c&#43;&#43;/7.2.1/bits/vector.tcc: In member function &#39;void std::vector&lt;_Tp, _Alloc&gt;::_M_realloc_insert(std::vector&lt;_Tp, _Alloc&gt;::iterator, _Args&amp;&amp; ...) [with _Args = {const FunctionFsm::TimedTransition&amp;}; _Tp = FunctionFsm::TimedTransition; _Alloc = std::allocator&lt;FunctionFsm::TimedTransition&gt;]&#39;:
/home/ec2-user/arduino-testlib/cli-datadir/data/packages/arduino/tools/arm-none-eabi-gcc/7-2017q4/arm-none-eabi/include/c&#43;&#43;/7.2.1/bits/vector.tcc:394:7: note: parameter passing for argument of type &#39;std::vector&lt;FunctionFsm::TimedTransition&gt;::iterator {aka __gnu_cxx::__normal_iterator&lt;FunctionFsm::TimedTransition*, std::vector&lt;FunctionFsm::TimedTransition&gt; &gt;}&#39; changed in GCC 7.1
       vector&lt;_Tp, _Alloc&gt;::
       ^~~~~~~~~~~~~~~~~~~
In file included from /home/ec2-user/arduino-testlib/cli-datadir/data/packages/arduino/tools/arm-none-eabi-gcc/7-2017q4/arm-none-eabi/include/c&#43;&#43;/7.2.1/vector:64:0,
                 from /home/ec2-user/arduino-testlib/cli-datadir/user/libraries/FunctionFsm/src/FunctionFSM.h:17,
                 from /home/ec2-user/arduino-testlib/cli-datadir/user/libraries/FunctionFsm/src/FunctionFSM.cpp:14:
/home/ec2-user/arduino-testlib/cli-datadir/data/packages/arduino/tools/arm-none-eabi-gcc/7-2017q4/arm-none-eabi/include/c&#43;&#43;/7.2.1/bits/stl_vector.h: In member function &#39;void FunctionFsm::add_timed_transition(FunctionState*, FunctionState*, long unsigned int, std::function&lt;void()&gt;)&#39;:
/home/ec2-user/arduino-testlib/cli-datadir/data/packages/arduino/tools/arm-none-eabi-gcc/7-2017q4/arm-none-eabi/include/c&#43;&#43;/7.2.1/bits/stl_vector.h:948:21: note: parameter passing for argument of type &#39;__gnu_cxx::__normal_iterator&lt;FunctionFsm::TimedTransition*, std::vector&lt;FunctionFsm::TimedTransition&gt; &gt;&#39; changed in GCC 7.1
    _M_realloc_insert(end(), __x);
    ~~~~~~~~~~~~~~~~~^~~~~~~~~~~~
</pre>
					
				
				<h3 id="arduino:megaavr:nona4809">arduino:megaavr:nona4809 @ 1.8.7</h3>
				<h4>Inclusion</h4>
				<p>
					Result: <b>FAIL</b>
					
				</p>
				<pre class="pre-scrollable">In file included from /tmp/arduino-testlib3134768728/test/test.ino:1:0:
/home/ec2-user/arduino-testlib/cli-datadir/user/libraries/FunctionFsm/src/FunctionFSM.h:16:10: fatal error: functional: No such file or directory
 #include &lt;functional&gt;
          ^~~~~~~~~~~~
compilation terminated.

</pre>

					
					<h4>examples/function-fsm-example1-simple</h4>
					<p>
						Result: <b>FAIL</b>
					</p>
					<pre class="pre-scrollable">In file included from /home/ec2-user/arduino-testlib/cli-datadir/user/libraries/FunctionFsm/examples/function-fsm-example1-simple/function-fsm-example1-simple.ino:4:0:
/home/ec2-user/arduino-testlib/cli-datadir/user/libraries/FunctionFsm/src/FunctionFSM.h:16:10: fatal error: functional: No such file or directory
 #include &lt;functional&gt;
          ^~~~~~~~~~~~
compilation terminated.

</pre>
					
					<h4>examples/function-fsm-example2-class-member</h4>
					<p>
						Result: <b>FAIL</b>
					</p>
					<pre class="pre-scrollable">In file included from /home/ec2-user/arduino-testlib/cli-datadir/user/libraries/FunctionFsm/examples/function-fsm-example2-class-member/function-fsm-example2-class-member.ino:3:0:
/home/ec2-user/arduino-testlib/cli-datadir/user/libraries/FunctionFsm/src/FunctionFSM.h:16:10: fatal error: functional: No such file or directory
 #include &lt;functional&gt;
          ^~~~~~~~~~~~
compilation terminated.

</pre>
					
					<h4>examples/function-fsm-example3-timed</h4>
					<p>
						Result: <b>FAIL</b>
					</p>
					<pre class="pre-scrollable">In file included from /home/ec2-user/arduino-testlib/cli-datadir/user/libraries/FunctionFsm/examples/function-fsm-example3-timed/function-fsm-example3-timed.ino:3:0:
/home/ec2-user/arduino-testlib/cli-datadir/user/libraries/FunctionFsm/src/FunctionFSM.h:16:10: fatal error: functional: No such file or directory
 #include &lt;functional&gt;
          ^~~~~~~~~~~~
compilation terminated.

</pre>
					
				
				<h3 id="arduino:samd:mkrwifi1010">arduino:samd:mkrwifi1010 @ 1.8.12</h3>
				<h4>Inclusion</h4>
				<p>
					Result: <b>PASS</b>
					
				</p>
				<pre class="pre-scrollable">WARNING: library FunctionFsm claims to run on esp32 architecture(s) and may be incompatible with your current board which runs on samd architecture(s).
Sketch uses 12156 bytes (4%) of program storage space. Maximum is 262144 bytes.
Global variables use 2996 bytes (9%) of dynamic memory, leaving 29772 bytes for local variables. Maximum is 32768 bytes.
In file included from /Users/alranel/Documents/git/arduino/arduino-testlib/cli-datadir/data/packages/arduino/tools/arm-none-eabi-gcc/7-2017q4/arm-none-eabi/include/c&#43;&#43;/7.2.1/vector:69:0,
                 from /Users/alranel/Documents/git/arduino/arduino-testlib/cli-datadir/user/libraries/FunctionFsm/src/FunctionFSM.h:17,
                 from /Users/alranel/Documents/git/arduino/arduino-testlib/cli-datadir/user/libraries/FunctionFsm/src/FunctionFSM.cpp:14:
/Users/alranel/Documents/git/arduino/arduino-testlib/cli-datadir/data/packages/arduino/tools/arm-none-eabi-gcc/7-2017q4/arm-none-eabi/include/c&#43;&#43;/7.2.1/bits/vector.tcc: In member function &#39;void std::vector&lt;_Tp, _Alloc&gt;::_M_realloc_insert(std::vector&lt;_Tp, _Alloc&gt;::iterator, _Args&amp;&amp; ...) [with _Args = {const FunctionFsm::TimedTransition&amp;}; _Tp = FunctionFsm::TimedTransition; _Alloc = std::allocator&lt;FunctionFsm::TimedTransition&gt;]&#39;:
/Users/alranel/Documents/git/arduino/arduino-testlib/cli-datadir/data/packages/arduino/tools/arm-none-eabi-gcc/7-2017q4/arm-none-eabi/include/c&#43;&#43;/7.2.1/bits/vector.tcc:394:7: note: parameter passing for argument of type &#39;std::vector&lt;FunctionFsm::TimedTransition&gt;::iterator {aka __gnu_cxx::__normal_iterator&lt;FunctionFsm::TimedTransition*, std::vector&lt;FunctionFsm::TimedTransition&gt; &gt;}&#39; changed in GCC 7.1
       vector&lt;_Tp, _Alloc&gt;::
       ^~~~~~~~~~~~~~~~~~~
In file included from /Users/alranel/Documents/git/arduino/arduino-testlib/cli-datadir/data/packages/arduino/tools/arm-none-eabi-gcc/7-2017q4/arm-none-eabi/include/c&#43;&#43;/7.2.1/vector:64:0,
                 from /Users/alranel/Documents/git/arduino/arduino-testlib/cli-datadir/user/libraries/FunctionFsm/src/FunctionFSM.h:17,
                 from /Users/alranel/Documents/git/arduino/arduino-testlib/cli-datadir/user/libraries/FunctionFsm/src/FunctionFSM.cpp:14:
/Users/alranel/Documents/git/arduino/arduino-testlib/cli-datadir/data/packages/arduino/tools/arm-none-eabi-gcc/7-2017q4/arm-none-eabi/include/c&#43;&#43;/7.2.1/bits/stl_vector.h: In member function &#39;void FunctionFsm::add_timed_transition(FunctionState*, FunctionState*, long unsigned int, std::function&lt;void()&gt;)&#39;:
/Users/alranel/Documents/git/arduino/arduino-testlib/cli-datadir/data/packages/arduino/tools/arm-none-eabi-gcc/7-2017q4/arm-none-eabi/include/c&#43;&#43;/7.2.1/bits/stl_vector.h:948:21: note: parameter passing for argument of type &#39;__gnu_cxx::__normal_iterator&lt;FunctionFsm::TimedTransition*, std::vector&lt;FunctionFsm::TimedTransition&gt; &gt;&#39; changed in GCC 7.1
    _M_realloc_insert(end(), __x);
    ~~~~~~~~~~~~~~~~~^~~~~~~~~~~~
</pre>

					
					<h4>examples/function-fsm-example1-simple</h4>
					<p>
						Result: <b>PASS</b>
					</p>
					<pre class="pre-scrollable">WARNING: library FunctionFsm claims to run on esp32 architecture(s) and may be incompatible with your current board which runs on samd architecture(s).
Sketch uses 14732 bytes (5%) of program storage space. Maximum is 262144 bytes.
Global variables use 3124 bytes (9%) of dynamic memory, leaving 29644 bytes for local variables. Maximum is 32768 bytes.
In file included from /Users/alranel/Documents/git/arduino/arduino-testlib/cli-datadir/data/packages/arduino/tools/arm-none-eabi-gcc/7-2017q4/arm-none-eabi/include/c&#43;&#43;/7.2.1/vector:69:0,
                 from /Users/alranel/Documents/git/arduino/arduino-testlib/cli-datadir/user/libraries/FunctionFsm/src/FunctionFSM.h:17,
                 from /Users/alranel/Documents/git/arduino/arduino-testlib/cli-datadir/user/libraries/FunctionFsm/src/FunctionFSM.cpp:14:
/Users/alranel/Documents/git/arduino/arduino-testlib/cli-datadir/data/packages/arduino/tools/arm-none-eabi-gcc/7-2017q4/arm-none-eabi/include/c&#43;&#43;/7.2.1/bits/vector.tcc: In member function &#39;void std::vector&lt;_Tp, _Alloc&gt;::_M_realloc_insert(std::vector&lt;_Tp, _Alloc&gt;::iterator, _Args&amp;&amp; ...) [with _Args = {const FunctionFsm::TimedTransition&amp;}; _Tp = FunctionFsm::TimedTransition; _Alloc = std::allocator&lt;FunctionFsm::TimedTransition&gt;]&#39;:
/Users/alranel/Documents/git/arduino/arduino-testlib/cli-datadir/data/packages/arduino/tools/arm-none-eabi-gcc/7-2017q4/arm-none-eabi/include/c&#43;&#43;/7.2.1/bits/vector.tcc:394:7: note: parameter passing for argument of type &#39;std::vector&lt;FunctionFsm::TimedTransition&gt;::iterator {aka __gnu_cxx::__normal_iterator&lt;FunctionFsm::TimedTransition*, std::vector&lt;FunctionFsm::TimedTransition&gt; &gt;}&#39; changed in GCC 7.1
       vector&lt;_Tp, _Alloc&gt;::
       ^~~~~~~~~~~~~~~~~~~
In file included from /Users/alranel/Documents/git/arduino/arduino-testlib/cli-datadir/data/packages/arduino/tools/arm-none-eabi-gcc/7-2017q4/arm-none-eabi/include/c&#43;&#43;/7.2.1/vector:64:0,
                 from /Users/alranel/Documents/git/arduino/arduino-testlib/cli-datadir/user/libraries/FunctionFsm/src/FunctionFSM.h:17,
                 from /Users/alranel/Documents/git/arduino/arduino-testlib/cli-datadir/user/libraries/FunctionFsm/src/FunctionFSM.cpp:14:
/Users/alranel/Documents/git/arduino/arduino-testlib/cli-datadir/data/packages/arduino/tools/arm-none-eabi-gcc/7-2017q4/arm-none-eabi/include/c&#43;&#43;/7.2.1/bits/stl_vector.h: In member function &#39;void FunctionFsm::add_timed_transition(FunctionState*, FunctionState*, long unsigned int, std::function&lt;void()&gt;)&#39;:
/Users/alranel/Documents/git/arduino/arduino-testlib/cli-datadir/data/packages/arduino/tools/arm-none-eabi-gcc/7-2017q4/arm-none-eabi/include/c&#43;&#43;/7.2.1/bits/stl_vector.h:948:21: note: parameter passing for argument of type &#39;__gnu_cxx::__normal_iterator&lt;FunctionFsm::TimedTransition*, std::vector&lt;FunctionFsm::TimedTransition&gt; &gt;&#39; changed in GCC 7.1
    _M_realloc_insert(end(), __x);
    ~~~~~~~~~~~~~~~~~^~~~~~~~~~~~
</pre>
					
					<h4>examples/function-fsm-example2-class-member</h4>
					<p>
						Result: <b>PASS</b>
					</p>
					<pre class="pre-scrollable">WARNING: library FunctionFsm claims to run on esp32 architecture(s) and may be incompatible with your current board which runs on samd architecture(s).
Sketch uses 15296 bytes (5%) of program storage space. Maximum is 262144 bytes.
Global variables use 3136 bytes (9%) of dynamic memory, leaving 29632 bytes for local variables. Maximum is 32768 bytes.
In file included from /Users/alranel/Documents/git/arduino/arduino-testlib/cli-datadir/data/packages/arduino/tools/arm-none-eabi-gcc/7-2017q4/arm-none-eabi/include/c&#43;&#43;/7.2.1/vector:69:0,
                 from /Users/alranel/Documents/git/arduino/arduino-testlib/cli-datadir/user/libraries/FunctionFsm/src/FunctionFSM.h:17,
                 from /Users/alranel/Documents/git/arduino/arduino-testlib/cli-datadir/user/libraries/FunctionFsm/src/FunctionFSM.cpp:14:
/Users/alranel/Documents/git/arduino/arduino-testlib/cli-datadir/data/packages/arduino/tools/arm-none-eabi-gcc/7-2017q4/arm-none-eabi/include/c&#43;&#43;/7.2.1/bits/vector.tcc: In member function &#39;void std::vector&lt;_Tp, _Alloc&gt;::_M_realloc_insert(std::vector&lt;_Tp, _Alloc&gt;::iterator, _Args&amp;&amp; ...) [with _Args = {const FunctionFsm::TimedTransition&amp;}; _Tp = FunctionFsm::TimedTransition; _Alloc = std::allocator&lt;FunctionFsm::TimedTransition&gt;]&#39;:
/Users/alranel/Documents/git/arduino/arduino-testlib/cli-datadir/data/packages/arduino/tools/arm-none-eabi-gcc/7-2017q4/arm-none-eabi/include/c&#43;&#43;/7.2.1/bits/vector.tcc:394:7: note: parameter passing for argument of type &#39;std::vector&lt;FunctionFsm::TimedTransition&gt;::iterator {aka __gnu_cxx::__normal_iterator&lt;FunctionFsm::TimedTransition*, std::vector&lt;FunctionFsm::TimedTransition&gt; &gt;}&#39; changed in GCC 7.1
       vector&lt;_Tp, _Alloc&gt;::
       ^~~~~~~~~~~~~~~~~~~
In file included from /Users/alranel/Documents/git/arduino/arduino-testlib/cli-datadir/data/packages/arduino/tools/arm-none-eabi-gcc/7-2017q4/arm-none-eabi/include/c&#43;&#43;/7.2.1/vector:64:0,
                 from /Users/alranel/Documents/git/arduino/arduino-testlib/cli-datadir/user/libraries/FunctionFsm/src/FunctionFSM.h:17,
                 from /Users/alranel/Documents/git/arduino/arduino-testlib/cli-datadir/user/libraries/FunctionFsm/src/FunctionFSM.cpp:14:
/Users/alranel/Documents/git/arduino/arduino-testlib/cli-datadir/data/packages/arduino/tools/arm-none-eabi-gcc/7-2017q4/arm-none-eabi/include/c&#43;&#43;/7.2.1/bits/stl_vector.h: In member function &#39;void FunctionFsm::add_timed_transition(FunctionState*, FunctionState*, long unsigned int, std::function&lt;void()&gt;)&#39;:
/Users/alranel/Documents/git/arduino/arduino-testlib/cli-datadir/data/packages/arduino/tools/arm-none-eabi-gcc/7-2017q4/arm-none-eabi/include/c&#43;&#43;/7.2.1/bits/stl_vector.h:948:21: note: parameter passing for argument of type &#39;__gnu_cxx::__normal_iterator&lt;FunctionFsm::TimedTransition*, std::vector&lt;FunctionFsm::TimedTransition&gt; &gt;&#39; changed in GCC 7.1
    _M_realloc_insert(end(), __x);
    ~~~~~~~~~~~~~~~~~^~~~~~~~~~~~
</pre>
					
					<h4>examples/function-fsm-example3-timed</h4>
					<p>
						Result: <b>PASS</b>
					</p>
					<pre class="pre-scrollable">WARNING: library FunctionFsm claims to run on esp32 architecture(s) and may be incompatible with your current board which runs on samd architecture(s).
Sketch uses 14668 bytes (5%) of program storage space. Maximum is 262144 bytes.
Global variables use 3124 bytes (9%) of dynamic memory, leaving 29644 bytes for local variables. Maximum is 32768 bytes.
In file included from /Users/alranel/Documents/git/arduino/arduino-testlib/cli-datadir/data/packages/arduino/tools/arm-none-eabi-gcc/7-2017q4/arm-none-eabi/include/c&#43;&#43;/7.2.1/vector:69:0,
                 from /Users/alranel/Documents/git/arduino/arduino-testlib/cli-datadir/user/libraries/FunctionFsm/src/FunctionFSM.h:17,
                 from /Users/alranel/Documents/git/arduino/arduino-testlib/cli-datadir/user/libraries/FunctionFsm/src/FunctionFSM.cpp:14:
/Users/alranel/Documents/git/arduino/arduino-testlib/cli-datadir/data/packages/arduino/tools/arm-none-eabi-gcc/7-2017q4/arm-none-eabi/include/c&#43;&#43;/7.2.1/bits/vector.tcc: In member function &#39;void std::vector&lt;_Tp, _Alloc&gt;::_M_realloc_insert(std::vector&lt;_Tp, _Alloc&gt;::iterator, _Args&amp;&amp; ...) [with _Args = {const FunctionFsm::TimedTransition&amp;}; _Tp = FunctionFsm::TimedTransition; _Alloc = std::allocator&lt;FunctionFsm::TimedTransition&gt;]&#39;:
/Users/alranel/Documents/git/arduino/arduino-testlib/cli-datadir/data/packages/arduino/tools/arm-none-eabi-gcc/7-2017q4/arm-none-eabi/include/c&#43;&#43;/7.2.1/bits/vector.tcc:394:7: note: parameter passing for argument of type &#39;std::vector&lt;FunctionFsm::TimedTransition&gt;::iterator {aka __gnu_cxx::__normal_iterator&lt;FunctionFsm::TimedTransition*, std::vector&lt;FunctionFsm::TimedTransition&gt; &gt;}&#39; changed in GCC 7.1
       vector&lt;_Tp, _Alloc&gt;::
       ^~~~~~~~~~~~~~~~~~~
In file included from /Users/alranel/Documents/git/arduino/arduino-testlib/cli-datadir/data/packages/arduino/tools/arm-none-eabi-gcc/7-2017q4/arm-none-eabi/include/c&#43;&#43;/7.2.1/vector:64:0,
                 from /Users/alranel/Documents/git/arduino/arduino-testlib/cli-datadir/user/libraries/FunctionFsm/src/FunctionFSM.h:17,
                 from /Users/alranel/Documents/git/arduino/arduino-testlib/cli-datadir/user/libraries/FunctionFsm/src/FunctionFSM.cpp:14:
/Users/alranel/Documents/git/arduino/arduino-testlib/cli-datadir/data/packages/arduino/tools/arm-none-eabi-gcc/7-2017q4/arm-none-eabi/include/c&#43;&#43;/7.2.1/bits/stl_vector.h: In member function &#39;void FunctionFsm::add_timed_transition(FunctionState*, FunctionState*, long unsigned int, std::function&lt;void()&gt;)&#39;:
/Users/alranel/Documents/git/arduino/arduino-testlib/cli-datadir/data/packages/arduino/tools/arm-none-eabi-gcc/7-2017q4/arm-none-eabi/include/c&#43;&#43;/7.2.1/bits/stl_vector.h:948:21: note: parameter passing for argument of type &#39;__gnu_cxx::__normal_iterator&lt;FunctionFsm::TimedTransition*, std::vector&lt;FunctionFsm::TimedTransition&gt; &gt;&#39; changed in GCC 7.1
    _M_realloc_insert(end(), __x);
    ~~~~~~~~~~~~~~~~~^~~~~~~~~~~~
</pre>
					
				
				<h3 id="esp32:esp32:d1_mini32">esp32:esp32:d1_mini32 @ 1.0.6</h3>
				<h4>Inclusion</h4>
				<p>
					Result: <b>FAIL</b>
					
				</p>
				<pre class="pre-scrollable">Traceback (most recent call last):
  File &#34;/home/ec2-user/arduino-testlib/cli-datadir/data/packages/esp32/tools/esptool_py/3.0.0/esptool.py&#34;, line 38, in &lt;module&gt;
    import serial
ImportError: No module named serial

</pre>

					
					<h4>examples/function-fsm-example1-simple</h4>
					<p>
						Result: <b>FAIL</b>
					</p>
					<pre class="pre-scrollable">Traceback (most recent call last):
  File &#34;/home/ec2-user/arduino-testlib/cli-datadir/data/packages/esp32/tools/esptool_py/3.0.0/esptool.py&#34;, line 38, in &lt;module&gt;
    import serial
ImportError: No module named serial

</pre>
					
					<h4>examples/function-fsm-example2-class-member</h4>
					<p>
						Result: <b>FAIL</b>
					</p>
					<pre class="pre-scrollable">Traceback (most recent call last):
  File &#34;/home/ec2-user/arduino-testlib/cli-datadir/data/packages/esp32/tools/esptool_py/3.0.0/esptool.py&#34;, line 38, in &lt;module&gt;
    import serial
ImportError: No module named serial

</pre>
					
					<h4>examples/function-fsm-example3-timed</h4>
					<p>
						Result: <b>FAIL</b>
					</p>
					<pre class="pre-scrollable">Traceback (most recent call last):
  File &#34;/home/ec2-user/arduino-testlib/cli-datadir/data/packages/esp32/tools/esptool_py/3.0.0/esptool.py&#34;, line 38, in &lt;module&gt;
    import serial
ImportError: No module named serial

</pre>
					
				
			</div>
		</div>
	</div>
  </body>
</html>
