
<!doctype html>
<html lang="en">
  <head>
    <meta charset="utf-8">
    <meta name="viewport" content="width=device-width, initial-scale=1">
    <link href="https://cdn.jsdelivr.net/npm/bootstrap@5.0.2/dist/css/bootstrap.min.css" rel="stylesheet" integrity="sha384-EVSTQN3/azprG1Anm3QDgpJLIm9Nao0Yz1ztcQTwFspd3yD65VohhpuuCOmLASjC" crossorigin="anonymous">
    <title>arduino-testlib report</title>
	<style>
	.pass { background-color: #00FF00 !important; }
	.fail { background-color: #FF0000 !important; }
	</style>
  </head>
  <body>
	<div class="container">
		<div class="row">
			<div class="col">
				<h1>GlobalCovfefe - compatibility matrix</h1>
				<p>
					<small>This report was generated on Monday, 21-Feb-22 12:00:25 CET using 
					<a href="https://github.com/alranel/arduino-testlib">arduino-testlib</a>.</small>
				</p>

				<h2>GlobalCovfefe</h2>
				<p>
					Version: <b>0.2.0</b>
					<br />
					<a href="https://www.arduino.cc/reference/en/libraries/globalcovfefe/">More details</a>
				</p>

				<h2>Compatibility matrix</h2>
				<table class="table table-bordered">
					<tr>
						<th>Board</th>
						<th>Claims compatibility</th>
						<th>Inclusion</th>
						
						<th><pre>GlobalCovfefe</pre></th>
						
						<th><pre>SerialCovfefe</pre></th>
						
					</tr>
					
					<tr>
						<td>
							<a href="#arduino%3aavr%3auno"><b>arduino:avr:uno</b></a>
							<br />
							<small>1.8.4</small>
						</td>

						
							<td>Yes</td>
							<td class="pass">PASS</td>
						
						
						
						

						
							
								
									
										
											<td class="pass">PASS</td>
											
										
									
										
									
								
							
								
							
								
							
								
							
								
							
						
							
								
									
										
									
										
											<td class="pass">PASS</td>
											
										
									
								
							
								
							
								
							
								
							
								
							
						
					</tr>
					
					<tr>
						<td>
							<a href="#arduino%3ambed_nano%3ananorp2040connect"><b>arduino:mbed_nano:nanorp2040connect</b></a>
							<br />
							<small>2.7.2</small>
						</td>

						
						
						
							<td>Yes ⚠️</td>
							<td class="fail">FAIL</td>
						
						

						
							
								
							
								
									
										
											
											<td class="fail">FAIL</td>
										
									
										
									
								
							
								
							
								
							
								
							
						
							
								
							
								
									
										
									
										
											
											<td class="fail">FAIL</td>
										
									
								
							
								
							
								
							
								
							
						
					</tr>
					
					<tr>
						<td>
							<a href="#arduino%3amegaavr%3anona4809"><b>arduino:megaavr:nona4809</b></a>
							<br />
							<small>1.8.7</small>
						</td>

						
							<td>Yes</td>
							<td class="pass">PASS</td>
						
						
						
						

						
							
								
							
								
							
								
									
										
											
											<td class="fail">FAIL</td>
										
									
										
									
								
							
								
							
								
							
						
							
								
							
								
							
								
									
										
									
										
											
											<td class="fail">FAIL</td>
										
									
								
							
								
							
								
							
						
					</tr>
					
					<tr>
						<td>
							<a href="#arduino%3asamd%3amkrwifi1010"><b>arduino:samd:mkrwifi1010</b></a>
							<br />
							<small>1.8.12</small>
						</td>

						
							<td>Yes</td>
							<td class="pass">PASS</td>
						
						
						
						

						
							
								
							
								
							
								
							
								
									
										
											
											<td class="fail">FAIL</td>
										
									
										
									
								
							
								
							
						
							
								
							
								
							
								
							
								
									
										
									
										
											
											<td class="fail">FAIL</td>
										
									
								
							
								
							
						
					</tr>
					
					<tr>
						<td>
							<a href="#esp32%3aesp32%3ad1_mini32"><b>esp32:esp32:d1_mini32</b></a>
							<br />
							<small>1.0.6</small>
						</td>

						
							<td>Yes</td>
							<td class="pass">PASS</td>
						
						
						
						

						
							
								
							
								
							
								
							
								
							
								
									
										
											
											<td class="fail">FAIL</td>
										
									
										
									
								
							
						
							
								
							
								
							
								
							
								
							
								
									
										
									
										
											
											<td class="fail">FAIL</td>
										
									
								
							
						
					</tr>
					
				</table>

				<h2>Compilation logs</h2>
				
				<h3 id="arduino:avr:uno">arduino:avr:uno @ 1.8.4</h3>
				<h4>Inclusion</h4>
				<p>
					Result: <b>PASS</b>
					
				</p>
				<pre class="pre-scrollable">Sketch uses 2580 bytes (7%) of program storage space. Maximum is 32256 bytes.
Global variables use 75 bytes (3%) of dynamic memory, leaving 1973 bytes for local variables. Maximum is 2048 bytes.
</pre>

					
					<h4>examples/GlobalCovfefe</h4>
					<p>
						Result: <b>PASS</b>
					</p>
					<pre class="pre-scrollable">Sketch uses 22326 bytes (69%) of program storage space. Maximum is 32256 bytes.
Global variables use 936 bytes (45%) of dynamic memory, leaving 1112 bytes for local variables. Maximum is 2048 bytes.
</pre>
					
					<h4>examples/SerialCovfefe</h4>
					<p>
						Result: <b>PASS</b>
					</p>
					<pre class="pre-scrollable">Sketch uses 9014 bytes (27%) of program storage space. Maximum is 32256 bytes.
Global variables use 466 bytes (22%) of dynamic memory, leaving 1582 bytes for local variables. Maximum is 2048 bytes.
</pre>
					
				
				<h3 id="arduino:mbed_nano:nanorp2040connect">arduino:mbed_nano:nanorp2040connect @ 2.7.2</h3>
				<h4>Inclusion</h4>
				<p>
					Result: <b>FAIL</b>
					
				</p>
				<pre class="pre-scrollable">In file included from /home/ec2-user/arduino-testlib/cli-datadir/user/libraries/Infrared/src/IrSender.h:22:0,
                 from /home/ec2-user/arduino-testlib/cli-datadir/user/libraries/GlobalCovfefe/src/GlobalCovfefe.h:20,
                 from /tmp/arduino-testlib2323791779/test/test.ino:1:
/home/ec2-user/arduino-testlib/cli-datadir/user/libraries/Infrared/src/Board.h:174:2: error: #error F_CPU not defined. This must be fixed.
 #error F_CPU not defined. This must be fixed.
  ^~~~~

</pre>

					
					<h4>examples/GlobalCovfefe</h4>
					<p>
						Result: <b>FAIL</b>
					</p>
					<pre class="pre-scrollable">In file included from /home/ec2-user/arduino-testlib/cli-datadir/user/libraries/Infrared/src/IrSender.h:22:0,
                 from /home/ec2-user/arduino-testlib/cli-datadir/user/libraries/GlobalCovfefe/src/GlobalCovfefe.h:20,
                 from /home/ec2-user/arduino-testlib/cli-datadir/user/libraries/GlobalCovfefe/src/GlobalCovfefeLearner.h:20,
                 from /home/ec2-user/arduino-testlib/cli-datadir/user/libraries/GlobalCovfefe/examples/GlobalCovfefe/GlobalCovfefe.ino:21:
/home/ec2-user/arduino-testlib/cli-datadir/user/libraries/Infrared/src/Board.h:174:2: error: #error F_CPU not defined. This must be fixed.
 #error F_CPU not defined. This must be fixed.
  ^~~~~
Multiple libraries were found for &#34;Ethernet.h&#34;
  Used: /home/ec2-user/arduino-testlib/cli-datadir/user/libraries/Ethernet
  Not used: /home/ec2-user/arduino-testlib/cli-datadir/user/libraries/EthernetENC
  Not used: /home/ec2-user/arduino-testlib/cli-datadir/user/libraries/UIPEthernet
</pre>
					
					<h4>examples/SerialCovfefe</h4>
					<p>
						Result: <b>FAIL</b>
					</p>
					<pre class="pre-scrollable">In file included from /home/ec2-user/arduino-testlib/cli-datadir/user/libraries/Infrared/src/IrSender.h:22:0,
                 from /home/ec2-user/arduino-testlib/cli-datadir/user/libraries/GlobalCovfefe/src/GlobalCovfefe.h:20,
                 from /home/ec2-user/arduino-testlib/cli-datadir/user/libraries/GlobalCovfefe/src/GlobalCovfefeLearner.h:20,
                 from /home/ec2-user/arduino-testlib/cli-datadir/user/libraries/GlobalCovfefe/examples/SerialCovfefe/SerialCovfefe.ino:23:
/home/ec2-user/arduino-testlib/cli-datadir/user/libraries/Infrared/src/Board.h:174:2: error: #error F_CPU not defined. This must be fixed.
 #error F_CPU not defined. This must be fixed.
  ^~~~~

</pre>
					
				
				<h3 id="arduino:megaavr:nona4809">arduino:megaavr:nona4809 @ 1.8.7</h3>
				<h4>Inclusion</h4>
				<p>
					Result: <b>PASS</b>
					
				</p>
				<pre class="pre-scrollable">Sketch uses 2832 bytes (5%) of program storage space. Maximum is 49152 bytes.
Global variables use 46 bytes (0%) of dynamic memory, leaving 6098 bytes for local variables. Maximum is 6144 bytes.
</pre>

					
					<h4>examples/GlobalCovfefe</h4>
					<p>
						Result: <b>FAIL</b>
					</p>
					<pre class="pre-scrollable">/tmp/ccFD83gh.ltrans0.ltrans.o: In function `setup&#39;:
/home/ec2-user/arduino-testlib/cli-datadir/user/libraries/GlobalCovfefe/examples/GlobalCovfefe/GlobalCovfefe.ino:134: undefined reference to `IrWidgetAggregating::newIrWidgetAggregating(unsigned int, bool, int, unsigned int, unsigned int)&#39;
collect2: error: ld returned 1 exit status
Multiple libraries were found for &#34;Ethernet.h&#34;
  Used: /home/ec2-user/arduino-testlib/cli-datadir/user/libraries/Ethernet
  Not used: /home/ec2-user/arduino-testlib/cli-datadir/user/libraries/UIPEthernet
  Not used: /home/ec2-user/arduino-testlib/cli-datadir/user/libraries/EthernetENC
</pre>
					
					<h4>examples/SerialCovfefe</h4>
					<p>
						Result: <b>FAIL</b>
					</p>
					<pre class="pre-scrollable">/tmp/ccJ4QXh9.ltrans0.ltrans.o: In function `setup&#39;:
/home/ec2-user/arduino-testlib/cli-datadir/user/libraries/GlobalCovfefe/examples/SerialCovfefe/SerialCovfefe.ino:82: undefined reference to `IrWidgetAggregating::newIrWidgetAggregating(unsigned int, bool, int, unsigned int, unsigned int)&#39;
collect2: error: ld returned 1 exit status

</pre>
					
				
				<h3 id="arduino:samd:mkrwifi1010">arduino:samd:mkrwifi1010 @ 1.8.12</h3>
				<h4>Inclusion</h4>
				<p>
					Result: <b>PASS</b>
					
				</p>
				<pre class="pre-scrollable">Sketch uses 14756 bytes (5%) of program storage space. Maximum is 262144 bytes.
Global variables use 3044 bytes (9%) of dynamic memory, leaving 29724 bytes for local variables. Maximum is 32768 bytes.
</pre>

					
					<h4>examples/GlobalCovfefe</h4>
					<p>
						Result: <b>FAIL</b>
					</p>
					<pre class="pre-scrollable">In file included from /home/ec2-user/arduino-testlib/cli-datadir/data/packages/arduino/hardware/samd/1.8.12/cores/arduino/api/String.h:33:0,
                 from /home/ec2-user/arduino-testlib/cli-datadir/data/packages/arduino/hardware/samd/1.8.12/cores/arduino/api/IPAddress.h:24,
                 from /home/ec2-user/arduino-testlib/cli-datadir/data/packages/arduino/hardware/samd/1.8.12/cores/arduino/api/ArduinoAPI.h:30,
                 from /home/ec2-user/arduino-testlib/cli-datadir/data/packages/arduino/hardware/samd/1.8.12/cores/arduino/Arduino.h:23,
                 from /home/ec2-user/arduino-testlib/cli-datadir/user/libraries/Beacon/src/Beacon.h:49,
                 from /home/ec2-user/arduino-testlib/cli-datadir/user/libraries/Beacon/src/Beacon.cpp:18:
/home/ec2-user/arduino-testlib/cli-datadir/user/libraries/Beacon/src/Beacon.cpp: In member function &#39;void Beacon::doPair(const char*, const char*)&#39;:
/home/ec2-user/arduino-testlib/cli-datadir/user/libraries/Beacon/src/Beacon.cpp:41:28: error: invalid conversion from &#39;const void*&#39; to &#39;const char*&#39; [-fpermissive]
         strcat_PF(payload, (uint_farptr_t) key);
/home/ec2-user/arduino-testlib/cli-datadir/data/packages/arduino/hardware/samd/1.8.12/cores/arduino/api/deprecated-avr-comp/avr/pgmspace.h:88:46: note: in definition of macro &#39;strcat_PF&#39;
 #define strcat_PF(dest, src) strcat((dest), (src))
                                              ^~~
In file included from /home/ec2-user/arduino-testlib/cli-datadir/data/packages/arduino/tools/arm-none-eabi-gcc/7-2017q4/arm-none-eabi/include/stdlib.h:11:0,
                 from /home/ec2-user/arduino-testlib/cli-datadir/data/packages/arduino/tools/arm-none-eabi-gcc/7-2017q4/arm-none-eabi/include/c&#43;&#43;/7.2.1/cstdlib:75,
                 from /home/ec2-user/arduino-testlib/cli-datadir/data/packages/arduino/tools/arm-none-eabi-gcc/7-2017q4/arm-none-eabi/include/c&#43;&#43;/7.2.1/stdlib.h:36,
                 from /home/ec2-user/arduino-testlib/cli-datadir/data/packages/arduino/hardware/samd/1.8.12/cores/arduino/api/Interrupts.h:5,
                 from /home/ec2-user/arduino-testlib/cli-datadir/data/packages/arduino/hardware/samd/1.8.12/cores/arduino/api/ArduinoAPI.h:29,
                 from /home/ec2-user/arduino-testlib/cli-datadir/data/packages/arduino/hardware/samd/1.8.12/cores/arduino/Arduino.h:23,
                 from /home/ec2-user/arduino-testlib/cli-datadir/user/libraries/Beacon/src/Beacon.h:49,
                 from /home/ec2-user/arduino-testlib/cli-datadir/user/libraries/Beacon/src/Beacon.cpp:18:
/home/ec2-user/arduino-testlib/cli-datadir/data/packages/arduino/tools/arm-none-eabi-gcc/7-2017q4/arm-none-eabi/include/string.h:34:8: note:   initializing argument 2 of &#39;char* strcat(char*, const char*)&#39;
 char  *_EXFUN(strcat,(char *__restrict, const char *__restrict));
        ^
In file included from /home/ec2-user/arduino-testlib/cli-datadir/data/packages/arduino/hardware/samd/1.8.12/cores/arduino/api/String.h:33:0,
                 from /home/ec2-user/arduino-testlib/cli-datadir/data/packages/arduino/hardware/samd/1.8.12/cores/arduino/api/IPAddress.h:24,
                 from /home/ec2-user/arduino-testlib/cli-datadir/data/packages/arduino/hardware/samd/1.8.12/cores/arduino/api/ArduinoAPI.h:30,
                 from /home/ec2-user/arduino-testlib/cli-datadir/data/packages/arduino/hardware/samd/1.8.12/cores/arduino/Arduino.h:23,
                 from /home/ec2-user/arduino-testlib/cli-datadir/user/libraries/Beacon/src/Beacon.h:49,
                 from /home/ec2-user/arduino-testlib/cli-datadir/user/libraries/Beacon/src/Beacon.cpp:18:
/home/ec2-user/arduino-testlib/cli-datadir/user/libraries/Beacon/src/Beacon.cpp: In member function &#39;void Beacon::doPair(const char*, const char*, const char*)&#39;:
/home/ec2-user/arduino-testlib/cli-datadir/user/libraries/Beacon/src/Beacon.cpp:50:24: error: invalid conversion from &#39;const void*&#39; to &#39;const char*&#39; [-fpermissive]
     strcat_PF(payload, (uint_farptr_t) key);
/home/ec2-user/arduino-testlib/cli-datadir/data/packages/arduino/hardware/samd/1.8.12/cores/arduino/api/deprecated-avr-comp/avr/pgmspace.h:88:46: note: in definition of macro &#39;strcat_PF&#39;
 #define strcat_PF(dest, src) strcat((dest), (src))
                                              ^~~
In file included from /home/ec2-user/arduino-testlib/cli-datadir/data/packages/arduino/tools/arm-none-eabi-gcc/7-2017q4/arm-none-eabi/include/stdlib.h:11:0,
                 from /home/ec2-user/arduino-testlib/cli-datadir/data/packages/arduino/tools/arm-none-eabi-gcc/7-2017q4/arm-none-eabi/include/c&#43;&#43;/7.2.1/cstdlib:75,
                 from /home/ec2-user/arduino-testlib/cli-datadir/data/packages/arduino/tools/arm-none-eabi-gcc/7-2017q4/arm-none-eabi/include/c&#43;&#43;/7.2.1/stdlib.h:36,
                 from /home/ec2-user/arduino-testlib/cli-datadir/data/packages/arduino/hardware/samd/1.8.12/cores/arduino/api/Interrupts.h:5,
                 from /home/ec2-user/arduino-testlib/cli-datadir/data/packages/arduino/hardware/samd/1.8.12/cores/arduino/api/ArduinoAPI.h:29,
                 from /home/ec2-user/arduino-testlib/cli-datadir/data/packages/arduino/hardware/samd/1.8.12/cores/arduino/Arduino.h:23,
                 from /home/ec2-user/arduino-testlib/cli-datadir/user/libraries/Beacon/src/Beacon.h:49,
                 from /home/ec2-user/arduino-testlib/cli-datadir/user/libraries/Beacon/src/Beacon.cpp:18:
/home/ec2-user/arduino-testlib/cli-datadir/data/packages/arduino/tools/arm-none-eabi-gcc/7-2017q4/arm-none-eabi/include/string.h:34:8: note:   initializing argument 2 of &#39;char* strcat(char*, const char*)&#39;
 char  *_EXFUN(strcat,(char *__restrict, const char *__restrict));
        ^
Multiple libraries were found for &#34;Ethernet.h&#34;
  Used: /home/ec2-user/arduino-testlib/cli-datadir/user/libraries/Ethernet
  Not used: /home/ec2-user/arduino-testlib/cli-datadir/user/libraries/UIPEthernet
  Not used: /home/ec2-user/arduino-testlib/cli-datadir/user/libraries/EthernetENC
</pre>
					
					<h4>examples/SerialCovfefe</h4>
					<p>
						Result: <b>FAIL</b>
					</p>
					<pre class="pre-scrollable">/tmp/arduino-sketch-234233B0F7D60C0B34ED854C1DE61C04/sketch/SerialCovfefe.ino.cpp.o: In function `setup&#39;:
/home/ec2-user/arduino-testlib/cli-datadir/user/libraries/GlobalCovfefe/examples/SerialCovfefe/SerialCovfefe.ino:82: undefined reference to `IrWidgetAggregating::newIrWidgetAggregating(unsigned int, bool, short, unsigned short, unsigned short)&#39;
collect2: error: ld returned 1 exit status

</pre>
					
				
				<h3 id="esp32:esp32:d1_mini32">esp32:esp32:d1_mini32 @ 1.0.6</h3>
				<h4>Inclusion</h4>
				<p>
					Result: <b>PASS</b>
					
				</p>
				<pre class="pre-scrollable">Sketch uses 211614 bytes (16%) of program storage space. Maximum is 1310720 bytes.
Global variables use 13608 bytes (4%) of dynamic memory, leaving 314072 bytes for local variables. Maximum is 327680 bytes.
</pre>

					
					<h4>examples/GlobalCovfefe</h4>
					<p>
						Result: <b>FAIL</b>
					</p>
					<pre class="pre-scrollable">/home/ec2-user/arduino-testlib/cli-datadir/user/libraries/Beacon/src/Beacon.cpp:20:26: fatal error: avr/pgmspace.h: No such file or directory
compilation terminated.
Multiple libraries were found for &#34;Ethernet.h&#34;
  Used: /home/ec2-user/arduino-testlib/cli-datadir/user/libraries/Ethernet
  Not used: /home/ec2-user/arduino-testlib/cli-datadir/user/libraries/EthernetENC
  Not used: /home/ec2-user/arduino-testlib/cli-datadir/user/libraries/UIPEthernet
</pre>
					
					<h4>examples/SerialCovfefe</h4>
					<p>
						Result: <b>FAIL</b>
					</p>
					<pre class="pre-scrollable">/tmp/arduino-sketch-234233B0F7D60C0B34ED854C1DE61C04/sketch/SerialCovfefe.ino.cpp.o:(.literal._Z5setupv&#43;0x18): undefined reference to `IrWidgetAggregating::newIrWidgetAggregating(unsigned int, bool, short, unsigned short, unsigned short)&#39;
/tmp/arduino-sketch-234233B0F7D60C0B34ED854C1DE61C04/sketch/SerialCovfefe.ino.cpp.o: In function `setup()&#39;:
/home/ec2-user/arduino-testlib/cli-datadir/user/libraries/GlobalCovfefe/examples/SerialCovfefe/SerialCovfefe.ino:82: undefined reference to `IrWidgetAggregating::newIrWidgetAggregating(unsigned int, bool, short, unsigned short, unsigned short)&#39;
collect2: error: ld returned 1 exit status

</pre>
					
				
			</div>
		</div>
	</div>
  </body>
</html>
