
<!doctype html>
<html lang="en">
  <head>
    <meta charset="utf-8">
    <meta name="viewport" content="width=device-width, initial-scale=1">
    <link href="https://cdn.jsdelivr.net/npm/bootstrap@5.0.2/dist/css/bootstrap.min.css" rel="stylesheet" integrity="sha384-EVSTQN3/azprG1Anm3QDgpJLIm9Nao0Yz1ztcQTwFspd3yD65VohhpuuCOmLASjC" crossorigin="anonymous">
    <title>arduino-testlib report</title>
	<style>
	.pass { background-color: #00FF00 !important; }
	.fail { background-color: #FF0000 !important; }
	</style>
  </head>
  <body>
	<div class="container">
		<div class="row">
			<div class="col">
				<h1>GPRSbee - compatibility matrix</h1>
				<p>
					<small>This report was generated on Wednesday, 23-Feb-22 22:48:15 CET using 
					<a href="https://github.com/alranel/arduino-testlib">arduino-testlib</a>.</small>
				</p>

				<h2>GPRSbee</h2>
				<p>
					Version: <b>1.9.2</b>
					<br />
					<a href="https://www.arduino.cc/reference/en/libraries/gprsbee/">More details</a>
				</p>

				<h2>Compatibility matrix</h2>
				<table class="table table-bordered">
					<tr>
						<th>Board</th>
						<th>Claims compatibility</th>
						<th>Inclusion</th>
						
						<th><pre>httpget</pre></th>
						
						<th><pre>sodaq_wunderground</pre></th>
						
						<th><pre>test_ftp</pre></th>
						
					</tr>
					
					<tr>
						<td>
							<a href="#arduino%3aavr%3auno"><b>arduino:avr:uno</b></a>
							<br />
							<small>1.8.4</small>
						</td>

						
							<td>Yes</td>
							<td class="pass">PASS</td>
						
						
						
						

						
							
								
									
										
											
											<td class="fail">FAIL</td>
										
									
										
									
										
									
								
							
								
							
								
							
								
							
								
							
						
							
								
									
										
									
										
											
											<td class="fail">FAIL</td>
										
									
										
									
								
							
								
							
								
							
								
							
								
							
						
							
								
									
										
									
										
									
										
											
											<td class="fail">FAIL</td>
										
									
								
							
								
							
								
							
								
							
								
							
						
					</tr>
					
					<tr>
						<td>
							<a href="#arduino%3ambed_nano%3ananorp2040connect"><b>arduino:mbed_nano:nanorp2040connect</b></a>
							<br />
							<small>2.7.2</small>
						</td>

						
						
						
							<td>Yes ⚠️</td>
							<td class="fail">FAIL</td>
						
						

						
							
								
							
								
									
										
											
											<td class="fail">FAIL</td>
										
									
										
									
										
									
								
							
								
							
								
							
								
							
						
							
								
							
								
									
										
									
										
											
											<td class="fail">FAIL</td>
										
									
										
									
								
							
								
							
								
							
								
							
						
							
								
							
								
									
										
									
										
									
										
											
											<td class="fail">FAIL</td>
										
									
								
							
								
							
								
							
								
							
						
					</tr>
					
					<tr>
						<td>
							<a href="#arduino%3amegaavr%3anona4809"><b>arduino:megaavr:nona4809</b></a>
							<br />
							<small>1.8.7</small>
						</td>

						
							<td>Yes</td>
							<td class="pass">PASS</td>
						
						
						
						

						
							
								
							
								
							
								
									
										
											
											<td class="fail">FAIL</td>
										
									
										
									
										
									
								
							
								
							
								
							
						
							
								
							
								
							
								
									
										
									
										
											
											<td class="fail">FAIL</td>
										
									
										
									
								
							
								
							
								
							
						
							
								
							
								
							
								
									
										
									
										
									
										
											
											<td class="fail">FAIL</td>
										
									
								
							
								
							
								
							
						
					</tr>
					
					<tr>
						<td>
							<a href="#arduino%3asamd%3amkrwifi1010"><b>arduino:samd:mkrwifi1010</b></a>
							<br />
							<small>1.8.12</small>
						</td>

						
						
						
							<td>Yes ⚠️</td>
							<td class="fail">FAIL</td>
						
						

						
							
								
							
								
							
								
							
								
									
										
											
											<td class="fail">FAIL</td>
										
									
										
									
										
									
								
							
								
							
						
							
								
							
								
							
								
							
								
									
										
									
										
											
											<td class="fail">FAIL</td>
										
									
										
									
								
							
								
							
						
							
								
							
								
							
								
							
								
									
										
									
										
									
										
											
											<td class="fail">FAIL</td>
										
									
								
							
								
							
						
					</tr>
					
					<tr>
						<td>
							<a href="#esp32%3aesp32%3ad1_mini32"><b>esp32:esp32:d1_mini32</b></a>
							<br />
							<small>1.0.6</small>
						</td>

						
						
						
							<td>Yes ⚠️</td>
							<td class="fail">FAIL</td>
						
						

						
							
								
							
								
							
								
							
								
							
								
									
										
											
											<td class="fail">FAIL</td>
										
									
										
									
										
									
								
							
						
							
								
							
								
							
								
							
								
							
								
									
										
									
										
											
											<td class="fail">FAIL</td>
										
									
										
									
								
							
						
							
								
							
								
							
								
							
								
							
								
									
										
									
										
									
										
											
											<td class="fail">FAIL</td>
										
									
								
							
						
					</tr>
					
				</table>

				<h2>Compilation logs</h2>
				
				<h3 id="arduino:avr:uno">arduino:avr:uno @ 1.8.4</h3>
				<h4>Inclusion</h4>
				<p>
					Result: <b>PASS</b>
					
				</p>
				<pre class="pre-scrollable">Sketch uses 7834 bytes (24%) of program storage space. Maximum is 32256 bytes.
Global variables use 235 bytes (11%) of dynamic memory, leaving 1813 bytes for local variables. Maximum is 2048 bytes.
</pre>

					
					<h4>examples/httpget</h4>
					<p>
						Result: <b>FAIL</b>
					</p>
					<pre class="pre-scrollable">/home/ec2-user/arduino-testlib/cli-datadir/user/libraries/GPRSbee/examples/httpget/httpget.ino: In function &#39;void setup()&#39;:
/home/ec2-user/arduino-testlib/cli-datadir/user/libraries/GPRSbee/examples/httpget/httpget.ino:43:11: error: &#39;class GPRSbeeClass&#39; has no member named &#39;init&#39;
   gprsbee.init(Serial, XBEECTS_PIN, GPRSBEE_PWRPIN);
           ^~~~
Multiple libraries were found for &#34;Sodaq_DS3231.h&#34;
  Used: /home/ec2-user/arduino-testlib/cli-datadir/user/libraries/Sodaq_DS3231
  Not used: /home/ec2-user/arduino-testlib/cli-datadir/user/libraries/EnviroDIY_DS3231
Multiple libraries were found for &#34;SoftwareSerial.h&#34;
  Used: /home/ec2-user/arduino-testlib/cli-datadir/data/packages/arduino/hardware/avr/1.8.4/libraries/SoftwareSerial
  Not used: /home/ec2-user/arduino-testlib/cli-datadir/user/libraries/Dabble
  Not used: /home/ec2-user/arduino-testlib/cli-datadir/user/libraries/Printoo_Library
  Not used: /home/ec2-user/arduino-testlib/cli-datadir/user/libraries/EspSoftwareSerial
</pre>
					
					<h4>examples/sodaq_wunderground</h4>
					<p>
						Result: <b>FAIL</b>
					</p>
					<pre class="pre-scrollable">Multiple libraries were found for &#34;Sodaq_DS3231.h&#34;
  Used: /home/ec2-user/arduino-testlib/cli-datadir/user/libraries/Sodaq_DS3231
  Not used: /home/ec2-user/arduino-testlib/cli-datadir/user/libraries/EnviroDIY_DS3231
Multiple libraries were found for &#34;SoftwareSerial.h&#34;
  Used: /home/ec2-user/arduino-testlib/cli-datadir/data/packages/arduino/hardware/avr/1.8.4/libraries/SoftwareSerial
  Not used: /home/ec2-user/arduino-testlib/cli-datadir/user/libraries/Dabble
  Not used: /home/ec2-user/arduino-testlib/cli-datadir/user/libraries/EspSoftwareSerial
  Not used: /home/ec2-user/arduino-testlib/cli-datadir/user/libraries/Printoo_Library
</pre>
					
					<h4>examples/test_ftp</h4>
					<p>
						Result: <b>FAIL</b>
					</p>
					<pre class="pre-scrollable">/home/ec2-user/arduino-testlib/cli-datadir/user/libraries/GPRSbee/examples/test_ftp/test_ftp.ino: In function &#39;void setup()&#39;:
/home/ec2-user/arduino-testlib/cli-datadir/user/libraries/GPRSbee/examples/test_ftp/test_ftp.ino:33:11: error: &#39;class GPRSbeeClass&#39; has no member named &#39;init&#39;
   gprsbee.init(Serial, XBEECTS_PIN, GPRSBEE_PWRPIN);
           ^~~~
Multiple libraries were found for &#34;SoftwareSerial.h&#34;
  Used: /home/ec2-user/arduino-testlib/cli-datadir/data/packages/arduino/hardware/avr/1.8.4/libraries/SoftwareSerial
  Not used: /home/ec2-user/arduino-testlib/cli-datadir/user/libraries/Dabble
  Not used: /home/ec2-user/arduino-testlib/cli-datadir/user/libraries/Printoo_Library
  Not used: /home/ec2-user/arduino-testlib/cli-datadir/user/libraries/EspSoftwareSerial
</pre>
					
				
				<h3 id="arduino:mbed_nano:nanorp2040connect">arduino:mbed_nano:nanorp2040connect @ 2.7.2</h3>
				<h4>Inclusion</h4>
				<p>
					Result: <b>FAIL</b>
					
				</p>
				<pre class="pre-scrollable">
</pre>

					
					<h4>examples/httpget</h4>
					<p>
						Result: <b>FAIL</b>
					</p>
					<pre class="pre-scrollable">/home/ec2-user/arduino-testlib/cli-datadir/user/libraries/Dabble/src/SoftwareSerial.cpp:45:10: fatal error: util/delay_basic.h: No such file or directory
 #include &lt;util/delay_basic.h&gt;
          ^~~~~~~~~~~~~~~~~~~~
compilation terminated.
Multiple libraries were found for &#34;Sodaq_DS3231.h&#34;
  Used: /home/ec2-user/arduino-testlib/cli-datadir/user/libraries/Sodaq_DS3231
  Not used: /home/ec2-user/arduino-testlib/cli-datadir/user/libraries/EnviroDIY_DS3231
Multiple libraries were found for &#34;SoftwareSerial.h&#34;
  Used: /home/ec2-user/arduino-testlib/cli-datadir/user/libraries/Dabble
  Not used: /home/ec2-user/arduino-testlib/cli-datadir/user/libraries/Printoo_Library
  Not used: /home/ec2-user/arduino-testlib/cli-datadir/user/libraries/EspSoftwareSerial
</pre>
					
					<h4>examples/sodaq_wunderground</h4>
					<p>
						Result: <b>FAIL</b>
					</p>
					<pre class="pre-scrollable">/home/ec2-user/arduino-testlib/cli-datadir/user/libraries/GPRSbee/examples/sodaq_wunderground/sodaq_wunderground.ino:63:10: fatal error: avr/sleep.h: No such file or directory
 #include &lt;avr/sleep.h&gt;
          ^~~~~~~~~~~~~
compilation terminated.

</pre>
					
					<h4>examples/test_ftp</h4>
					<p>
						Result: <b>FAIL</b>
					</p>
					<pre class="pre-scrollable">/home/ec2-user/arduino-testlib/cli-datadir/user/libraries/Dabble/src/SoftwareSerial.cpp:45:10: fatal error: util/delay_basic.h: No such file or directory
 #include &lt;util/delay_basic.h&gt;
          ^~~~~~~~~~~~~~~~~~~~
compilation terminated.
Multiple libraries were found for &#34;SoftwareSerial.h&#34;
  Used: /home/ec2-user/arduino-testlib/cli-datadir/user/libraries/Dabble
  Not used: /home/ec2-user/arduino-testlib/cli-datadir/user/libraries/EspSoftwareSerial
  Not used: /home/ec2-user/arduino-testlib/cli-datadir/user/libraries/Printoo_Library
</pre>
					
				
				<h3 id="arduino:megaavr:nona4809">arduino:megaavr:nona4809 @ 1.8.7</h3>
				<h4>Inclusion</h4>
				<p>
					Result: <b>PASS</b>
					
				</p>
				<pre class="pre-scrollable">Sketch uses 8213 bytes (16%) of program storage space. Maximum is 49152 bytes.
Global variables use 82 bytes (1%) of dynamic memory, leaving 6062 bytes for local variables. Maximum is 6144 bytes.
</pre>

					
					<h4>examples/httpget</h4>
					<p>
						Result: <b>FAIL</b>
					</p>
					<pre class="pre-scrollable">/home/ec2-user/arduino-testlib/cli-datadir/user/libraries/GPRSbee/examples/httpget/httpget.ino: In function &#39;void setup()&#39;:
/home/ec2-user/arduino-testlib/cli-datadir/user/libraries/GPRSbee/examples/httpget/httpget.ino:43:11: error: &#39;class GPRSbeeClass&#39; has no member named &#39;init&#39;
   gprsbee.init(Serial, XBEECTS_PIN, GPRSBEE_PWRPIN);
           ^~~~
Multiple libraries were found for &#34;SoftwareSerial.h&#34;
  Used: /home/ec2-user/arduino-testlib/cli-datadir/data/packages/arduino/hardware/megaavr/1.8.7/libraries/SoftwareSerial
  Not used: /home/ec2-user/arduino-testlib/cli-datadir/user/libraries/EspSoftwareSerial
  Not used: /home/ec2-user/arduino-testlib/cli-datadir/user/libraries/Printoo_Library
  Not used: /home/ec2-user/arduino-testlib/cli-datadir/user/libraries/Dabble
Multiple libraries were found for &#34;Sodaq_DS3231.h&#34;
  Used: /home/ec2-user/arduino-testlib/cli-datadir/user/libraries/Sodaq_DS3231
  Not used: /home/ec2-user/arduino-testlib/cli-datadir/user/libraries/EnviroDIY_DS3231
</pre>
					
					<h4>examples/sodaq_wunderground</h4>
					<p>
						Result: <b>FAIL</b>
					</p>
					<pre class="pre-scrollable">WARNING: library RTCTimer claims to run on avr architecture(s) and may be incompatible with your current board which runs on megaavr architecture(s).
In file included from /home/ec2-user/arduino-testlib/cli-datadir/data/packages/arduino/tools/avr-gcc/7.3.0-atmel3.6.1-arduino5/avr/include/avr/io.h:99:0,
                 from /home/ec2-user/arduino-testlib/cli-datadir/data/packages/arduino/tools/avr-gcc/7.3.0-atmel3.6.1-arduino5/avr/include/avr/interrupt.h:38,
                 from /home/ec2-userIn file included from /home/ec2-user/arduino-testlib/cli-datadir/data/packages/arduino/tools/avr-gcc/7.3.0-atmel3.6.1-arduino5/avr/include/avr/io.h:99:0,
                 from /home/ec2-user/arduino-testlib/cli-datadir/data/packages/arduino/tools/avr-gcc/7.3.0-atmel3.6.1-arduino5/avr/include/avr/sleep.h:38,
                 from /home/ec2-user/arduino-testlib/cli-datadir/user/libraries/GPRSbee/examples/sodaq_wunderground/sodaq_wunderground.ino:63:
/home/ec2-user/arduino-testlib/cli-datadir/user/libraries/GPRSbee/examples/sodaq_wunderground/sodaq_wunderground.ino:121:17: error: &#39;WDRF&#39; was not declared in this scope
   MCUSR &amp;= ~_BV(WDRF);
                 ^
/home/ec2-user/arduino-testlib/cli-datadir/user/libraries/GPRSbee/examples/sodaq_wunderground/sodaq_wunderground.ino:121:17: note: suggested alternative: &#39;DDRD&#39;
/home/ec2-user/arduino-testlib/cli-datadir/user/libraries/GPRSbee/examples/sodaq_wunderground/sodaq_wunderground.ino:127:11: error: &#39;class GPRSbeeClass&#39; has no member named &#39;init&#39;
   gprsbee.init(gprsport, XBEECTS_PIN, XBEEDTR_PIN);
           ^~~~
/home/ec2-user/arduino-testlib/cli-datadir/user/libraries/GPRSbee/examples/sodaq_wunderground/sodaq_wunderground.ino: In function &#39;void loop()&#39;:
/home/ec2-user/arduino-testlib/cli-datadir/user/libraries/GPRSbee/examples/sodaq_wunderground/sodaq_wunderground.ino:177:5: error: &#39;WDTCSR&#39; was not declared in this scope
     WDTCSR |= _BV(WDIE);
     ^~~~~~
/home/ec2-user/arduino-testlib/cli-datadir/user/libraries/GPRSbee/examples/sodaq_wunderground/sodaq_wunderground.ino:177:5: note: suggested alternative: &#39;WDT_t&#39;
     WDTCSR |= _BV(WDIE);
     ^~~~~~
     WDT_t
In file included from /home/ec2-user/arduino-testlib/cli-datadir/data/packages/arduino/tools/avr-gcc/7.3.0-atmel3.6.1-arduino5/avr/include/avr/io.h:99:0,
                 from /home/ec2-user/arduino-testlib/cli-datadir/data/packages/arduino/tools/avr-gcc/7.3.0-atmel3.6.1-arduino5/avr/include/avr/sleep.h:38,
                 from /home/ec2-user/arduino-testlib/cli-datadir/user/libraries/GPRSbee/examples/sodaq_wunderground/sodaq_wunderground.ino:63:
/home/ec2-user/arduino-testlib/cli-datadir/user/libraries/GPRSbee/examples/sodaq_wunderground/sodaq_wunderground.ino:177:19: error: &#39;WDIE&#39; was not declared in this scope
     WDTCSR |= _BV(WDIE);
                   ^
/home/ec2-user/arduino-testlib/cli-datadir/user/libraries/GPRSbee/examples/sodaq_wunderground/sodaq_wunderground.ino:177:19: note: suggested alternative: &#39;EDGE&#39;
/home/ec2-user/arduino-testlib/cli-datadir/user/libraries/GPRSbee/examples/sodaq_wunderground/sodaq_wunderground.ino: In function &#39;void systemSleep()&#39;:
/home/ec2-user/arduino-testlib/cli-datadir/user/libraries/GPRSbee/examples/sodaq_wunderground/sodaq_wunderground.ino:283:3: error: &#39;ADCSRA&#39; was not declared in this scope
   ADCSRA &amp;= ~_BV(ADEN);         // ADC disabled
   ^~~~~~
/home/ec2-user/arduino-testlib/cli-datadir/user/libraries/GPRSbee/examples/sodaq_wunderground/sodaq_wunderground.ino:283:3: note: suggested alternative: &#39;ADC_t&#39;
   ADCSRA &amp;= ~_BV(ADEN);         // ADC disabled
   ^~~~~~
   ADC_t
In file included from /home/ec2-user/arduino-testlib/cli-datadir/data/packages/arduino/tools/avr-gcc/7.3.0-atmel3.6.1-arduino5/avr/include/avr/io.h:99:0,
                 from /home/ec2-user/arduino-testlib/cli-datadir/data/packages/arduino/tools/avr-gcc/7.3.0-atmel3.6.1-arduino5/avr/include/avr/sleep.h:38,
                 from /home/ec2-user/arduino-testlib/cli-datadir/user/libraries/GPRSbee/examples/sodaq_wunderground/sodaq_wunderground.ino:63:
/home/ec2-user/arduino-testlib/cli-datadir/user/libraries/GPRSbee/examples/sodaq_wunderground/sodaq_wunderground.ino:283:18: error: &#39;ADEN&#39; was not declared in this scope
   ADCSRA &amp;= ~_BV(ADEN);         // ADC disabled
                  ^
/home/ec2-user/arduino-testlib/cli-datadir/user/libraries/GPRSbee/examples/sodaq_wunderground/sodaq_wunderground.ino:283:18: note: suggested alternative: &#39;ADC0&#39;
Multiple libraries were found for &#34;Sodaq_DS3231.h&#34;
  Used: /home/ec2-user/arduino-testlib/cli-datadir/user/libraries/Sodaq_DS3231
  Not used: /home/ec2-user/arduino-testlib/cli-datadir/user/libraries/EnviroDIY_DS3231
Multiple libraries were found for &#34;SoftwareSerial.h&#34;
  Used: /home/ec2-user/arduino-testlib/cli-datadir/data/packages/arduino/hardware/megaavr/1.8.7/libraries/SoftwareSerial
  Not used: /home/ec2-user/arduino-testlib/cli-datadir/user/libraries/Printoo_Library
  Not used: /home/ec2-user/arduino-testlib/cli-datadir/user/libraries/EspSoftwareSerial
  Not used: /home/ec2-user/arduino-testlib/cli-datadir/user/libraries/Dabble
</pre>
					
					<h4>examples/test_ftp</h4>
					<p>
						Result: <b>FAIL</b>
					</p>
					<pre class="pre-scrollable">/home/ec2-user/arduino-testlib/cli-datadir/user/libraries/GPRSbee/examples/test_ftp/test_ftp.ino: In function &#39;void setup()&#39;:
/home/ec2-user/arduino-testlib/cli-datadir/user/libraries/GPRSbee/examples/test_ftp/test_ftp.ino:33:11: error: &#39;class GPRSbeeClass&#39; has no member named &#39;init&#39;
   gprsbee.init(Serial, XBEECTS_PIN, GPRSBEE_PWRPIN);
           ^~~~
Multiple libraries were found for &#34;SoftwareSerial.h&#34;
  Used: /home/ec2-user/arduino-testlib/cli-datadir/data/packages/arduino/hardware/megaavr/1.8.7/libraries/SoftwareSerial
  Not used: /home/ec2-user/arduino-testlib/cli-datadir/user/libraries/Dabble
  Not used: /home/ec2-user/arduino-testlib/cli-datadir/user/libraries/Printoo_Library
  Not used: /home/ec2-user/arduino-testlib/cli-datadir/user/libraries/EspSoftwareSerial
</pre>
					
				
				<h3 id="arduino:samd:mkrwifi1010">arduino:samd:mkrwifi1010 @ 1.8.12</h3>
				<h4>Inclusion</h4>
				<p>
					Result: <b>FAIL</b>
					
				</p>
				<pre class="pre-scrollable">
</pre>

					
					<h4>examples/httpget</h4>
					<p>
						Result: <b>FAIL</b>
					</p>
					<pre class="pre-scrollable">/home/ec2-user/arduino-testlib/cli-datadir/user/libraries/Dabble/src/SoftwareSerial.cpp:45:10: fatal error: util/delay_basic.h: No such file or directory
 #include &lt;util/delay_basic.h&gt;
          ^~~~~~~~~~~~~~~~~~~~
compilation terminated.
Multiple libraries were found for &#34;Sodaq_DS3231.h&#34;
  Used: /home/ec2-user/arduino-testlib/cli-datadir/user/libraries/Sodaq_DS3231
  Not used: /home/ec2-user/arduino-testlib/cli-datadir/user/libraries/EnviroDIY_DS3231
Multiple libraries were found for &#34;SoftwareSerial.h&#34;
  Used: /home/ec2-user/arduino-testlib/cli-datadir/user/libraries/Dabble
  Not used: /home/ec2-user/arduino-testlib/cli-datadir/user/libraries/Printoo_Library
  Not used: /home/ec2-user/arduino-testlib/cli-datadir/user/libraries/EspSoftwareSerial
</pre>
					
					<h4>examples/sodaq_wunderground</h4>
					<p>
						Result: <b>FAIL</b>
					</p>
					<pre class="pre-scrollable">/home/ec2-user/arduino-testlib/cli-datadir/user/libraries/GPRSbee/examples/sodaq_wunderground/sodaq_wunderground.ino:63:10: fatal error: avr/sleep.h: No such file or directory
 #include &lt;avr/sleep.h&gt;
          ^~~~~~~~~~~~~
compilation terminated.

</pre>
					
					<h4>examples/test_ftp</h4>
					<p>
						Result: <b>FAIL</b>
					</p>
					<pre class="pre-scrollable">/home/ec2-user/arduino-testlib/cli-datadir/user/libraries/Dabble/src/SoftwareSerial.cpp:45:10: fatal error: util/delay_basic.h: No such file or directory
 #include &lt;util/delay_basic.h&gt;
          ^~~~~~~~~~~~~~~~~~~~
compilation terminated.
Multiple libraries were found for &#34;SoftwareSerial.h&#34;
  Used: /home/ec2-user/arduino-testlib/cli-datadir/user/libraries/Dabble
  Not used: /home/ec2-user/arduino-testlib/cli-datadir/user/libraries/Printoo_Library
  Not used: /home/ec2-user/arduino-testlib/cli-datadir/user/libraries/EspSoftwareSerial
</pre>
					
				
				<h3 id="esp32:esp32:d1_mini32">esp32:esp32:d1_mini32 @ 1.0.6</h3>
				<h4>Inclusion</h4>
				<p>
					Result: <b>FAIL</b>
					
				</p>
				<pre class="pre-scrollable">/home/ec2-user/arduino-testlib/cli-datadir/user/libraries/GPRSbee/src/GPRSbee.cpp:23:26: fatal error: avr/pgmspace.h: No such file or directory
compilation terminated.

</pre>

					
					<h4>examples/httpget</h4>
					<p>
						Result: <b>FAIL</b>
					</p>
					<pre class="pre-scrollable">/home/ec2-user/arduino-testlib/cli-datadir/user/libraries/Sodaq_DS3231/src/Sodaq_DS3231.cpp:12:26: fatal error: avr/pgmspace.h: No such file or directory
compilation terminated.
Multiple libraries were found for &#34;SoftwareSerial.h&#34;
  Used: /home/ec2-user/arduino-testlib/cli-datadir/user/libraries/EspSoftwareSerial
  Not used: /home/ec2-user/arduino-testlib/cli-datadir/user/libraries/Dabble
  Not used: /home/ec2-user/arduino-testlib/cli-datadir/user/libraries/Printoo_Library
Multiple libraries were found for &#34;Sodaq_DS3231.h&#34;
  Used: /home/ec2-user/arduino-testlib/cli-datadir/user/libraries/Sodaq_DS3231
  Not used: /home/ec2-user/arduino-testlib/cli-datadir/user/libraries/EnviroDIY_DS3231
</pre>
					
					<h4>examples/sodaq_wunderground</h4>
					<p>
						Result: <b>FAIL</b>
					</p>
					<pre class="pre-scrollable">/home/ec2-user/arduino-testlib/cli-datadir/user/libraries/GPRSbee/examples/sodaq_wunderground/sodaq_wunderground.ino:63:23: fatal error: avr/sleep.h: No such file or directory
compilation terminated.

</pre>
					
					<h4>examples/test_ftp</h4>
					<p>
						Result: <b>FAIL</b>
					</p>
					<pre class="pre-scrollable">/home/ec2-user/arduino-testlib/cli-datadir/user/libraries/GPRSbee/src/GPRSbee.cpp:23:26: fatal error: avr/pgmspace.h: No such file or directory
compilation terminated.
Multiple libraries were found for &#34;SoftwareSerial.h&#34;
  Used: /home/ec2-user/arduino-testlib/cli-datadir/user/libraries/EspSoftwareSerial
  Not used: /home/ec2-user/arduino-testlib/cli-datadir/user/libraries/Printoo_Library
  Not used: /home/ec2-user/arduino-testlib/cli-datadir/user/libraries/Dabble
</pre>
					
				
			</div>
		</div>
	</div>
  </body>
</html>
