
<!doctype html>
<html lang="en">
  <head>
    <meta charset="utf-8">
    <meta name="viewport" content="width=device-width, initial-scale=1">
    <link href="https://cdn.jsdelivr.net/npm/bootstrap@5.0.2/dist/css/bootstrap.min.css" rel="stylesheet" integrity="sha384-EVSTQN3/azprG1Anm3QDgpJLIm9Nao0Yz1ztcQTwFspd3yD65VohhpuuCOmLASjC" crossorigin="anonymous">
    <title>arduino-testlib report</title>
	<style>
	.pass { background-color: #00FF00 !important; }
	.fail { background-color: #FF0000 !important; }
	</style>
  </head>
  <body>
	<div class="container">
		<div class="row">
			<div class="col">
				<h1>Grove Ultrasonic Ranger - compatibility matrix</h1>
				<p>
					<small>This report was generated on Wednesday, 23-Feb-22 22:48:15 CET using 
					<a href="https://github.com/alranel/arduino-testlib">arduino-testlib</a>.</small>
				</p>

				<h2>Grove Ultrasonic Ranger</h2>
				<p>
					Version: <b>1.0.1</b>
					<br />
					<a href="https://www.arduino.cc/reference/en/libraries/grove-ultrasonic-ranger/">More details</a>
				</p>

				<h2>Compatibility matrix</h2>
				<table class="table table-bordered">
					<tr>
						<th>Board</th>
						<th>Claims compatibility</th>
						<th>Inclusion</th>
						
						<th><pre>UltraDisOnSeeedSerialLcd</pre></th>
						
						<th><pre>UltrasonicDisplayOnTerm</pre></th>
						
					</tr>
					
					<tr>
						<td>
							<a href="#arduino%3aavr%3auno"><b>arduino:avr:uno</b></a>
							<br />
							<small>1.8.4</small>
						</td>

						
						
						
							<td>Yes ⚠️</td>
							<td class="fail">FAIL</td>
						
						

						
							
								
									
										
											
											<td class="fail">FAIL</td>
										
									
										
									
								
							
								
							
								
							
								
							
								
							
						
							
								
									
										
									
										
											
											<td class="fail">FAIL</td>
										
									
								
							
								
							
								
							
								
							
								
							
						
					</tr>
					
					<tr>
						<td>
							<a href="#arduino%3ambed_nano%3ananorp2040connect"><b>arduino:mbed_nano:nanorp2040connect</b></a>
							<br />
							<small>2.7.2</small>
						</td>

						
						
						
							<td>Yes ⚠️</td>
							<td class="fail">FAIL</td>
						
						

						
							
								
							
								
									
										
											
											<td class="fail">FAIL</td>
										
									
										
									
								
							
								
							
								
							
								
							
						
							
								
							
								
									
										
									
										
											
											<td class="fail">FAIL</td>
										
									
								
							
								
							
								
							
								
							
						
					</tr>
					
					<tr>
						<td>
							<a href="#arduino%3amegaavr%3anona4809"><b>arduino:megaavr:nona4809</b></a>
							<br />
							<small>1.8.7</small>
						</td>

						
						
						
							<td>Yes ⚠️</td>
							<td class="fail">FAIL</td>
						
						

						
							
								
							
								
							
								
									
										
											
											<td class="fail">FAIL</td>
										
									
										
									
								
							
								
							
								
							
						
							
								
							
								
							
								
									
										
									
										
											
											<td class="fail">FAIL</td>
										
									
								
							
								
							
								
							
						
					</tr>
					
					<tr>
						<td>
							<a href="#arduino%3asamd%3amkrwifi1010"><b>arduino:samd:mkrwifi1010</b></a>
							<br />
							<small>1.8.12</small>
						</td>

						
						
						
							<td>Yes ⚠️</td>
							<td class="fail">FAIL</td>
						
						

						
							
								
							
								
							
								
							
								
									
										
											
											<td class="fail">FAIL</td>
										
									
										
									
								
							
								
							
						
							
								
							
								
							
								
							
								
									
										
									
										
											
											<td class="fail">FAIL</td>
										
									
								
							
								
							
						
					</tr>
					
					<tr>
						<td>
							<a href="#esp32%3aesp32%3ad1_mini32"><b>esp32:esp32:d1_mini32</b></a>
							<br />
							<small>1.0.6</small>
						</td>

						
						
						
							<td>Yes ⚠️</td>
							<td class="fail">FAIL</td>
						
						

						
							
								
							
								
							
								
							
								
							
								
									
										
											
											<td class="fail">FAIL</td>
										
									
										
									
								
							
						
							
								
							
								
							
								
							
								
							
								
									
										
									
										
											
											<td class="fail">FAIL</td>
										
									
								
							
						
					</tr>
					
				</table>

				<h2>Compilation logs</h2>
				
				<h3 id="arduino:avr:uno">arduino:avr:uno @ 1.8.4</h3>
				<h4>Inclusion</h4>
				<p>
					Result: <b>FAIL</b>
					
					<br />This library has no main header file so an empty one was created.
					
				</p>
				<pre class="pre-scrollable">/tmp/arduino-testlib2881780486/test/test.ino:1:10: fatal error: Grove_Ultrasonic_Ranger.h: No such file or directory
 #include &lt;Grove_Ultrasonic_Ranger.h&gt;
          ^~~~~~~~~~~~~~~~~~~~~~~~~~~
compilation terminated.

</pre>

					
					<h4>examples/UltraDisOnSeeedSerialLcd</h4>
					<p>
						Result: <b>FAIL</b>
					</p>
					<pre class="pre-scrollable">/home/ec2-user/arduino-testlib/cli-datadir/user/libraries/Grove_Ultrasonic_Ranger/examples/UltraDisOnSeeedSerialLcd/UltraDisOnSeeedSerialLcd.ino:43:10: fatal error: SerialLCD.h: No such file or directory
 #include &lt;SerialLCD.h&gt;
          ^~~~~~~~~~~~~
compilation terminated.
Multiple libraries were found for &#34;SoftwareSerial.h&#34;
  Used: /home/ec2-user/arduino-testlib/cli-datadir/data/packages/arduino/hardware/avr/1.8.4/libraries/SoftwareSerial
  Not used: /home/ec2-user/arduino-testlib/cli-datadir/user/libraries/EspSoftwareSerial
  Not used: /home/ec2-user/arduino-testlib/cli-datadir/user/libraries/Dabble
  Not used: /home/ec2-user/arduino-testlib/cli-datadir/user/libraries/Printoo_Library
</pre>
					
					<h4>examples/UltrasonicDisplayOnTerm</h4>
					<p>
						Result: <b>FAIL</b>
					</p>
					<pre class="pre-scrollable">/home/ec2-user/arduino-testlib/cli-datadir/user/libraries/Grove_Ultrasonic_Ranger/examples/UltrasonicDisplayOnTerm/UltrasonicDisplayOnTerm.ino: In function &#39;void loop()&#39;:
/home/ec2-user/arduino-testlib/cli-datadir/user/libraries/Grove_Ultrasonic_Ranger/examples/UltrasonicDisplayOnTerm/UltrasonicDisplayOnTerm.ino:54:29: error: &#39;class Ultrasonic&#39; has no member named &#39;MeasureInInches&#39;
  RangeInInches = ultrasonic.MeasureInInches();
                             ^~~~~~~~~~~~~~~
/home/ec2-user/arduino-testlib/cli-datadir/user/libraries/Grove_Ultrasonic_Ranger/examples/UltrasonicDisplayOnTerm/UltrasonicDisplayOnTerm.ino:59:34: error: &#39;class Ultrasonic&#39; has no member named &#39;MeasureInCentimeters&#39;
  RangeInCentimeters = ultrasonic.MeasureInCentimeters(); // two measurements should keep an interval
                                  ^~~~~~~~~~~~~~~~~~~~
Multiple libraries were found for &#34;Ultrasonic.h&#34;
  Used: /home/ec2-user/arduino-testlib/cli-datadir/user/libraries/Ultrasonic
  Not used: /home/ec2-user/arduino-testlib/cli-datadir/user/libraries/Grove_Ultrasonic_Ranger
  Not used: /home/ec2-user/arduino-testlib/cli-datadir/user/libraries/Ultrasonic_hc_sr04
</pre>
					
				
				<h3 id="arduino:mbed_nano:nanorp2040connect">arduino:mbed_nano:nanorp2040connect @ 2.7.2</h3>
				<h4>Inclusion</h4>
				<p>
					Result: <b>FAIL</b>
					
					<br />This library has no main header file so an empty one was created.
					
				</p>
				<pre class="pre-scrollable">/tmp/arduino-testlib1828344104/test/test.ino:1:10: fatal error: Grove_Ultrasonic_Ranger.h: No such file or directory
 #include &lt;Grove_Ultrasonic_Ranger.h&gt;
          ^~~~~~~~~~~~~~~~~~~~~~~~~~~
compilation terminated.

</pre>

					
					<h4>examples/UltraDisOnSeeedSerialLcd</h4>
					<p>
						Result: <b>FAIL</b>
					</p>
					<pre class="pre-scrollable">/home/ec2-user/arduino-testlib/cli-datadir/user/libraries/Grove_Ultrasonic_Ranger/examples/UltraDisOnSeeedSerialLcd/UltraDisOnSeeedSerialLcd.ino:43:10: fatal error: SerialLCD.h: No such file or directory
 #include &lt;SerialLCD.h&gt;
          ^~~~~~~~~~~~~
compilation terminated.
Multiple libraries were found for &#34;SoftwareSerial.h&#34;
  Used: /home/ec2-user/arduino-testlib/cli-datadir/user/libraries/Dabble
  Not used: /home/ec2-user/arduino-testlib/cli-datadir/user/libraries/EspSoftwareSerial
  Not used: /home/ec2-user/arduino-testlib/cli-datadir/user/libraries/Printoo_Library
</pre>
					
					<h4>examples/UltrasonicDisplayOnTerm</h4>
					<p>
						Result: <b>FAIL</b>
					</p>
					<pre class="pre-scrollable">/home/ec2-user/arduino-testlib/cli-datadir/user/libraries/Grove_Ultrasonic_Ranger/examples/UltrasonicDisplayOnTerm/UltrasonicDisplayOnTerm.ino: In function &#39;void loop()&#39;:
/home/ec2-user/arduino-testlib/cli-datadir/user/libraries/Grove_Ultrasonic_Ranger/examples/UltrasonicDisplayOnTerm/UltrasonicDisplayOnTerm.ino:54:29: error: &#39;class Ultrasonic&#39; has no member named &#39;MeasureInInches&#39;
  RangeInInches = ultrasonic.MeasureInInches();
                             ^~~~~~~~~~~~~~~
/home/ec2-user/arduino-testlib/cli-datadir/user/libraries/Grove_Ultrasonic_Ranger/examples/UltrasonicDisplayOnTerm/UltrasonicDisplayOnTerm.ino:59:34: error: &#39;class Ultrasonic&#39; has no member named &#39;MeasureInCentimeters&#39;
  RangeInCentimeters = ultrasonic.MeasureInCentimeters(); // two measurements should keep an interval
                                  ^~~~~~~~~~~~~~~~~~~~
Multiple libraries were found for &#34;Ultrasonic.h&#34;
  Used: /home/ec2-user/arduino-testlib/cli-datadir/user/libraries/Ultrasonic
  Not used: /home/ec2-user/arduino-testlib/cli-datadir/user/libraries/Ultrasonic_hc_sr04
  Not used: /home/ec2-user/arduino-testlib/cli-datadir/user/libraries/Grove_Ultrasonic_Ranger
</pre>
					
				
				<h3 id="arduino:megaavr:nona4809">arduino:megaavr:nona4809 @ 1.8.7</h3>
				<h4>Inclusion</h4>
				<p>
					Result: <b>FAIL</b>
					
					<br />This library has no main header file so an empty one was created.
					
				</p>
				<pre class="pre-scrollable">/tmp/arduino-testlib1828344104/test/test.ino:1:10: fatal error: Grove_Ultrasonic_Ranger.h: No such file or directory
 #include &lt;Grove_Ultrasonic_Ranger.h&gt;
          ^~~~~~~~~~~~~~~~~~~~~~~~~~~
compilation terminated.

</pre>

					
					<h4>examples/UltraDisOnSeeedSerialLcd</h4>
					<p>
						Result: <b>FAIL</b>
					</p>
					<pre class="pre-scrollable">/home/ec2-user/arduino-testlib/cli-datadir/user/libraries/Grove_Ultrasonic_Ranger/examples/UltraDisOnSeeedSerialLcd/UltraDisOnSeeedSerialLcd.ino:43:10: fatal error: SerialLCD.h: No such file or directory
 #include &lt;SerialLCD.h&gt;
          ^~~~~~~~~~~~~
compilation terminated.
Multiple libraries were found for &#34;SoftwareSerial.h&#34;
  Used: /home/ec2-user/arduino-testlib/cli-datadir/data/packages/arduino/hardware/megaavr/1.8.7/libraries/SoftwareSerial
  Not used: /home/ec2-user/arduino-testlib/cli-datadir/user/libraries/Dabble
  Not used: /home/ec2-user/arduino-testlib/cli-datadir/user/libraries/EspSoftwareSerial
  Not used: /home/ec2-user/arduino-testlib/cli-datadir/user/libraries/Printoo_Library
</pre>
					
					<h4>examples/UltrasonicDisplayOnTerm</h4>
					<p>
						Result: <b>FAIL</b>
					</p>
					<pre class="pre-scrollable">/home/ec2-user/arduino-testlib/cli-datadir/user/libraries/Grove_Ultrasonic_Ranger/examples/UltrasonicDisplayOnTerm/UltrasonicDisplayOnTerm.ino: In function &#39;void loop()&#39;:
/home/ec2-user/arduino-testlib/cli-datadir/user/libraries/Grove_Ultrasonic_Ranger/examples/UltrasonicDisplayOnTerm/UltrasonicDisplayOnTerm.ino:54:29: error: &#39;class Ultrasonic&#39; has no member named &#39;MeasureInInches&#39;
  RangeInInches = ultrasonic.MeasureInInches();
                             ^~~~~~~~~~~~~~~
/home/ec2-user/arduino-testlib/cli-datadir/user/libraries/Grove_Ultrasonic_Ranger/examples/UltrasonicDisplayOnTerm/UltrasonicDisplayOnTerm.ino:59:34: error: &#39;class Ultrasonic&#39; has no member named &#39;MeasureInCentimeters&#39;
  RangeInCentimeters = ultrasonic.MeasureInCentimeters(); // two measurements should keep an interval
                                  ^~~~~~~~~~~~~~~~~~~~
Multiple libraries were found for &#34;Ultrasonic.h&#34;
  Used: /home/ec2-user/arduino-testlib/cli-datadir/user/libraries/Ultrasonic
  Not used: /home/ec2-user/arduino-testlib/cli-datadir/user/libraries/Ultrasonic_hc_sr04
  Not used: /home/ec2-user/arduino-testlib/cli-datadir/user/libraries/Grove_Ultrasonic_Ranger
</pre>
					
				
				<h3 id="arduino:samd:mkrwifi1010">arduino:samd:mkrwifi1010 @ 1.8.12</h3>
				<h4>Inclusion</h4>
				<p>
					Result: <b>FAIL</b>
					
					<br />This library has no main header file so an empty one was created.
					
				</p>
				<pre class="pre-scrollable">/tmp/arduino-testlib2881780486/test/test.ino:1:10: fatal error: Grove_Ultrasonic_Ranger.h: No such file or directory
 #include &lt;Grove_Ultrasonic_Ranger.h&gt;
          ^~~~~~~~~~~~~~~~~~~~~~~~~~~
compilation terminated.

</pre>

					
					<h4>examples/UltraDisOnSeeedSerialLcd</h4>
					<p>
						Result: <b>FAIL</b>
					</p>
					<pre class="pre-scrollable">/home/ec2-user/arduino-testlib/cli-datadir/user/libraries/Grove_Ultrasonic_Ranger/examples/UltraDisOnSeeedSerialLcd/UltraDisOnSeeedSerialLcd.ino:43:10: fatal error: SerialLCD.h: No such file or directory
 #include &lt;SerialLCD.h&gt;
          ^~~~~~~~~~~~~
compilation terminated.
Multiple libraries were found for &#34;SoftwareSerial.h&#34;
  Used: /home/ec2-user/arduino-testlib/cli-datadir/user/libraries/Dabble
  Not used: /home/ec2-user/arduino-testlib/cli-datadir/user/libraries/EspSoftwareSerial
  Not used: /home/ec2-user/arduino-testlib/cli-datadir/user/libraries/Printoo_Library
</pre>
					
					<h4>examples/UltrasonicDisplayOnTerm</h4>
					<p>
						Result: <b>FAIL</b>
					</p>
					<pre class="pre-scrollable">/home/ec2-user/arduino-testlib/cli-datadir/user/libraries/Grove_Ultrasonic_Ranger/examples/UltrasonicDisplayOnTerm/UltrasonicDisplayOnTerm.ino: In function &#39;void loop()&#39;:
/home/ec2-user/arduino-testlib/cli-datadir/user/libraries/Grove_Ultrasonic_Ranger/examples/UltrasonicDisplayOnTerm/UltrasonicDisplayOnTerm.ino:54:29: error: &#39;class Ultrasonic&#39; has no member named &#39;MeasureInInches&#39;
  RangeInInches = ultrasonic.MeasureInInches();
                             ^~~~~~~~~~~~~~~
/home/ec2-user/arduino-testlib/cli-datadir/user/libraries/Grove_Ultrasonic_Ranger/examples/UltrasonicDisplayOnTerm/UltrasonicDisplayOnTerm.ino:59:34: error: &#39;class Ultrasonic&#39; has no member named &#39;MeasureInCentimeters&#39;
  RangeInCentimeters = ultrasonic.MeasureInCentimeters(); // two measurements should keep an interval
                                  ^~~~~~~~~~~~~~~~~~~~
Multiple libraries were found for &#34;Ultrasonic.h&#34;
  Used: /home/ec2-user/arduino-testlib/cli-datadir/user/libraries/Ultrasonic
  Not used: /home/ec2-user/arduino-testlib/cli-datadir/user/libraries/Ultrasonic_hc_sr04
  Not used: /home/ec2-user/arduino-testlib/cli-datadir/user/libraries/Grove_Ultrasonic_Ranger
</pre>
					
				
				<h3 id="esp32:esp32:d1_mini32">esp32:esp32:d1_mini32 @ 1.0.6</h3>
				<h4>Inclusion</h4>
				<p>
					Result: <b>FAIL</b>
					
					<br />This library has no main header file so an empty one was created.
					
				</p>
				<pre class="pre-scrollable">/tmp/arduino-testlib1076855738/test/test.ino:1:37: fatal error: Grove_Ultrasonic_Ranger.h: No such file or directory
compilation terminated.

</pre>

					
					<h4>examples/UltraDisOnSeeedSerialLcd</h4>
					<p>
						Result: <b>FAIL</b>
					</p>
					<pre class="pre-scrollable">/home/ec2-user/arduino-testlib/cli-datadir/user/libraries/Grove_Ultrasonic_Ranger/examples/UltraDisOnSeeedSerialLcd/UltraDisOnSeeedSerialLcd.ino:43:23: fatal error: SerialLCD.h: No such file or directory
compilation terminated.
Multiple libraries were found for &#34;SoftwareSerial.h&#34;
  Used: /home/ec2-user/arduino-testlib/cli-datadir/user/libraries/EspSoftwareSerial
  Not used: /home/ec2-user/arduino-testlib/cli-datadir/user/libraries/Printoo_Library
  Not used: /home/ec2-user/arduino-testlib/cli-datadir/user/libraries/Dabble
</pre>
					
					<h4>examples/UltrasonicDisplayOnTerm</h4>
					<p>
						Result: <b>FAIL</b>
					</p>
					<pre class="pre-scrollable">/home/ec2-user/arduino-testlib/cli-datadir/user/libraries/Grove_Ultrasonic_Ranger/examples/UltrasonicDisplayOnTerm/UltrasonicDisplayOnTerm.ino: In function &#39;void loop()&#39;:
/home/ec2-user/arduino-testlib/cli-datadir/user/libraries/Grove_Ultrasonic_Ranger/examples/UltrasonicDisplayOnTerm/UltrasonicDisplayOnTerm.ino:54:29: error: &#39;class Ultrasonic&#39; has no member named &#39;MeasureInInches&#39;
  RangeInInches = ultrasonic.MeasureInInches();
                             ^
/home/ec2-user/arduino-testlib/cli-datadir/user/libraries/Grove_Ultrasonic_Ranger/examples/UltrasonicDisplayOnTerm/UltrasonicDisplayOnTerm.ino:59:34: error: &#39;class Ultrasonic&#39; has no member named &#39;MeasureInCentimeters&#39;
  RangeInCentimeters = ultrasonic.MeasureInCentimeters(); // two measurements should keep an interval
                                  ^
Multiple libraries were found for &#34;Ultrasonic.h&#34;
  Used: /home/ec2-user/arduino-testlib/cli-datadir/user/libraries/Ultrasonic
  Not used: /home/ec2-user/arduino-testlib/cli-datadir/user/libraries/Grove_Ultrasonic_Ranger
  Not used: /home/ec2-user/arduino-testlib/cli-datadir/user/libraries/Ultrasonic_hc_sr04
</pre>
					
				
			</div>
		</div>
	</div>
  </body>
</html>
