
<!doctype html>
<html lang="en">
  <head>
    <meta charset="utf-8">
    <meta name="viewport" content="width=device-width, initial-scale=1">
    <link href="https://cdn.jsdelivr.net/npm/bootstrap@5.0.2/dist/css/bootstrap.min.css" rel="stylesheet" integrity="sha384-EVSTQN3/azprG1Anm3QDgpJLIm9Nao0Yz1ztcQTwFspd3yD65VohhpuuCOmLASjC" crossorigin="anonymous">
    <title>arduino-testlib report</title>
	<style>
	.pass { background-color: #00FF00 !important; }
	.fail { background-color: #FF0000 !important; }
	</style>
  </head>
  <body>
	<div class="container">
		<div class="row">
			<div class="col">
				<h1>GuaraTeca_OBR - compatibility matrix</h1>
				<p>
					<small>This report was generated on Wednesday, 23-Feb-22 22:48:15 CET using 
					<a href="https://github.com/alranel/arduino-testlib">arduino-testlib</a>.</small>
				</p>

				<h2>GuaraTeca_OBR</h2>
				<p>
					Version: <b>1.5.0</b>
					<br />
					<a href="https://www.arduino.cc/reference/en/libraries/guarateca_obr/">More details</a>
				</p>

				<h2>Compatibility matrix</h2>
				<table class="table table-bordered">
					<tr>
						<th>Board</th>
						<th>Claims compatibility</th>
						<th>Inclusion</th>
						
						<th><pre>HRobot</pre></th>
						
						<th><pre>MRobot</pre></th>
						
						<th><pre>Sensor</pre></th>
						
						<th><pre>pisca-pisca</pre></th>
						
					</tr>
					
					<tr>
						<td>
							<a href="#arduino%3aavr%3auno"><b>arduino:avr:uno</b></a>
							<br />
							<small>1.8.4</small>
						</td>

						
							<td>Yes</td>
							<td class="pass">PASS</td>
						
						
						
						

						
							
								
									
										
											
											<td class="fail">FAIL</td>
										
									
										
									
										
									
										
									
								
							
								
							
								
							
								
							
								
							
						
							
								
									
										
									
										
											
											<td class="fail">FAIL</td>
										
									
										
									
										
									
								
							
								
							
								
							
								
							
								
							
						
							
								
									
										
									
										
									
										
											
											<td class="fail">FAIL</td>
										
									
										
									
								
							
								
							
								
							
								
							
								
							
						
							
								
									
										
									
										
									
										
									
										
											
											<td class="fail">FAIL</td>
										
									
								
							
								
							
								
							
								
							
								
							
						
					</tr>
					
					<tr>
						<td>
							<a href="#arduino%3ambed_nano%3ananorp2040connect"><b>arduino:mbed_nano:nanorp2040connect</b></a>
							<br />
							<small>2.7.2</small>
						</td>

						
						
						
							<td>Yes ⚠️</td>
							<td class="fail">FAIL</td>
						
						

						
							
								
							
								
									
										
											
											<td class="fail">FAIL</td>
										
									
										
									
										
									
										
									
								
							
								
							
								
							
								
							
						
							
								
							
								
									
										
									
										
											
											<td class="fail">FAIL</td>
										
									
										
									
										
									
								
							
								
							
								
							
								
							
						
							
								
							
								
									
										
									
										
									
										
											
											<td class="fail">FAIL</td>
										
									
										
									
								
							
								
							
								
							
								
							
						
							
								
							
								
									
										
									
										
									
										
									
										
											
											<td class="fail">FAIL</td>
										
									
								
							
								
							
								
							
								
							
						
					</tr>
					
					<tr>
						<td>
							<a href="#arduino%3amegaavr%3anona4809"><b>arduino:megaavr:nona4809</b></a>
							<br />
							<small>1.8.7</small>
						</td>

						
						
						
							<td>Yes ⚠️</td>
							<td class="fail">FAIL</td>
						
						

						
							
								
							
								
							
								
									
										
											
											<td class="fail">FAIL</td>
										
									
										
									
										
									
										
									
								
							
								
							
								
							
						
							
								
							
								
							
								
									
										
									
										
											
											<td class="fail">FAIL</td>
										
									
										
									
										
									
								
							
								
							
								
							
						
							
								
							
								
							
								
									
										
									
										
									
										
											
											<td class="fail">FAIL</td>
										
									
										
									
								
							
								
							
								
							
						
							
								
							
								
							
								
									
										
									
										
									
										
									
										
											
											<td class="fail">FAIL</td>
										
									
								
							
								
							
								
							
						
					</tr>
					
					<tr>
						<td>
							<a href="#arduino%3asamd%3amkrwifi1010"><b>arduino:samd:mkrwifi1010</b></a>
							<br />
							<small>1.8.12</small>
						</td>

						
						
						
							<td>Yes ⚠️</td>
							<td class="fail">FAIL</td>
						
						

						
							
								
							
								
							
								
							
								
									
										
											
											<td class="fail">FAIL</td>
										
									
										
									
										
									
										
									
								
							
								
							
						
							
								
							
								
							
								
							
								
									
										
									
										
											
											<td class="fail">FAIL</td>
										
									
										
									
										
									
								
							
								
							
						
							
								
							
								
							
								
							
								
									
										
									
										
									
										
											
											<td class="fail">FAIL</td>
										
									
										
									
								
							
								
							
						
							
								
							
								
							
								
							
								
									
										
									
										
									
										
									
										
											
											<td class="fail">FAIL</td>
										
									
								
							
								
							
						
					</tr>
					
					<tr>
						<td>
							<a href="#esp32%3aesp32%3ad1_mini32"><b>esp32:esp32:d1_mini32</b></a>
							<br />
							<small>1.0.6</small>
						</td>

						
						
						
							<td>Yes ⚠️</td>
							<td class="fail">FAIL</td>
						
						

						
							
								
							
								
							
								
							
								
							
								
									
										
											
											<td class="fail">FAIL</td>
										
									
										
									
										
									
										
									
								
							
						
							
								
							
								
							
								
							
								
							
								
									
										
									
										
											
											<td class="fail">FAIL</td>
										
									
										
									
										
									
								
							
						
							
								
							
								
							
								
							
								
							
								
									
										
									
										
									
										
											
											<td class="fail">FAIL</td>
										
									
										
									
								
							
						
							
								
							
								
							
								
							
								
							
								
									
										
									
										
									
										
									
										
											
											<td class="fail">FAIL</td>
										
									
								
							
						
					</tr>
					
				</table>

				<h2>Compilation logs</h2>
				
				<h3 id="arduino:avr:uno">arduino:avr:uno @ 1.8.4</h3>
				<h4>Inclusion</h4>
				<p>
					Result: <b>PASS</b>
					
				</p>
				<pre class="pre-scrollable">Sketch uses 2802 bytes (8%) of program storage space. Maximum is 32256 bytes.
Global variables use 316 bytes (15%) of dynamic memory, leaving 1732 bytes for local variables. Maximum is 2048 bytes.
</pre>

					
					<h4>examples/HRobot</h4>
					<p>
						Result: <b>FAIL</b>
					</p>
					<pre class="pre-scrollable">/Users/alranel/Documents/git/arduino/arduino-testlib/cli-datadir/user/libraries/GuaraTeca_OBR/examples/HRobot/HRobot.ino: In function &#39;void setup()&#39;:
/Users/alranel/Documents/git/arduino/arduino-testlib/cli-datadir/user/libraries/GuaraTeca_OBR/examples/HRobot/HRobot.ino:13:8: error: &#39;class HRobot&#39; has no member named &#39;DefineVelocidade&#39;; did you mean &#39;defineVelocidade&#39;?
   robo.DefineVelocidade(100, 100);//define a velocidade dos motores 1 e 2
        ^~~~~~~~~~~~~~~~
        defineVelocidade
/Users/alranel/Documents/git/arduino/arduino-testlib/cli-datadir/user/libraries/GuaraTeca_OBR/examples/HRobot/HRobot.ino:16:21: error: &#39;class HRobot&#39; has no member named &#39;AdquiriVelocidade&#39;; did you mean &#39;adquireVelocidade&#39;?
   Serial.print(robo.AdquiriVelocidade(1));//imprimimos no monitor serial a velocidade do motor 1
                     ^~~~~~~~~~~~~~~~~
                     adquireVelocidade
/Users/alranel/Documents/git/arduino/arduino-testlib/cli-datadir/user/libraries/GuaraTeca_OBR/examples/HRobot/HRobot.ino:18:21: error: &#39;class HRobot&#39; has no member named &#39;AdquiriVelocidade&#39;; did you mean &#39;adquireVelocidade&#39;?
   Serial.print(robo.AdquiriVelocidade(2));//imprimimos no monitor serial a velocidade do motor 2
                     ^~~~~~~~~~~~~~~~~
                     adquireVelocidade
Multiple libraries were found for &#34;SoftwareSerial.h&#34;
  Used: /Users/alranel/Documents/git/arduino/arduino-testlib/cli-datadir/data/packages/arduino/hardware/avr/1.8.4/libraries/SoftwareSerial
  Not used: /Users/alranel/Documents/git/arduino/arduino-testlib/cli-datadir/user/libraries/Printoo_Library
  Not used: /Users/alranel/Documents/git/arduino/arduino-testlib/cli-datadir/user/libraries/Dabble
  Not used: /Users/alranel/Documents/git/arduino/arduino-testlib/cli-datadir/user/libraries/EspSoftwareSerial
Multiple libraries were found for &#34;DHT.h&#34;
  Used: /Users/alranel/Documents/git/arduino/arduino-testlib/cli-datadir/user/libraries/DHT_sensor_library
  Not used: /Users/alranel/Documents/git/arduino/arduino-testlib/cli-datadir/user/libraries/Grove_Temperature_And_Humidity_Sensor
  Not used: /Users/alranel/Documents/git/arduino/arduino-testlib/cli-datadir/user/libraries/NanoPlayBoard
  Not used: /Users/alranel/Documents/git/arduino/arduino-testlib/cli-datadir/user/libraries/uKit_Explore
Multiple libraries were found for &#34;Adafruit_Sensor.h&#34;
  Used: /Users/alranel/Documents/git/arduino/arduino-testlib/cli-datadir/user/libraries/Adafruit_Unified_Sensor
  Not used: /Users/alranel/Documents/git/arduino/arduino-testlib/cli-datadir/user/libraries/ArdUAV
  Not used: /Users/alranel/Documents/git/arduino/arduino-testlib/cli-datadir/user/libraries/ClimaStick
</pre>
					
					<h4>examples/MRobot</h4>
					<p>
						Result: <b>FAIL</b>
					</p>
					<pre class="pre-scrollable"></pre>
					
					<h4>examples/Sensor</h4>
					<p>
						Result: <b>FAIL</b>
					</p>
					<pre class="pre-scrollable">/Users/alranel/Documents/git/arduino/arduino-testlib/cli-datadir/user/libraries/GuaraTeca_OBR/examples/Sensor/Sensor.ino: In function &#39;void loop()&#39;:
/Users/alranel/Documents/git/arduino/arduino-testlib/cli-datadir/user/libraries/GuaraTeca_OBR/examples/Sensor/Sensor.ino:37:67: error: &#39;class Sensor&#39; has no member named &#39;posicao&#39;
   Serial.print(&#34;Sensor de posicao: &#34;);Serial.println(Ultrassonico.posicao());
                                                                   ^~~~~~~
Multiple libraries were found for &#34;Adafruit_Sensor.h&#34;
  Used: /Users/alranel/Documents/git/arduino/arduino-testlib/cli-datadir/user/libraries/Adafruit_Unified_Sensor
  Not used: /Users/alranel/Documents/git/arduino/arduino-testlib/cli-datadir/user/libraries/ArdUAV
  Not used: /Users/alranel/Documents/git/arduino/arduino-testlib/cli-datadir/user/libraries/ClimaStick
Multiple libraries were found for &#34;SoftwareSerial.h&#34;
  Used: /Users/alranel/Documents/git/arduino/arduino-testlib/cli-datadir/data/packages/arduino/hardware/avr/1.8.4/libraries/SoftwareSerial
  Not used: /Users/alranel/Documents/git/arduino/arduino-testlib/cli-datadir/user/libraries/Dabble
  Not used: /Users/alranel/Documents/git/arduino/arduino-testlib/cli-datadir/user/libraries/Printoo_Library
  Not used: /Users/alranel/Documents/git/arduino/arduino-testlib/cli-datadir/user/libraries/EspSoftwareSerial
Multiple libraries were found for &#34;DHT.h&#34;
  Used: /Users/alranel/Documents/git/arduino/arduino-testlib/cli-datadir/user/libraries/DHT_sensor_library
  Not used: /Users/alranel/Documents/git/arduino/arduino-testlib/cli-datadir/user/libraries/Grove_Temperature_And_Humidity_Sensor
  Not used: /Users/alranel/Documents/git/arduino/arduino-testlib/cli-datadir/user/libraries/NanoPlayBoard
  Not used: /Users/alranel/Documents/git/arduino/arduino-testlib/cli-datadir/user/libraries/uKit_Explore
</pre>
					
					<h4>examples/pisca-pisca</h4>
					<p>
						Result: <b>FAIL</b>
					</p>
					<pre class="pre-scrollable">/Users/alranel/Documents/git/arduino/arduino-testlib/cli-datadir/user/libraries/GuaraTeca_OBR/examples/pisca-pisca/pisca-pisca.ino: In function &#39;void loop()&#39;:
/Users/alranel/Documents/git/arduino/arduino-testlib/cli-datadir/user/libraries/GuaraTeca_OBR/examples/pisca-pisca/pisca-pisca.ino:11:15: error: no matching function for call to &#39;Led::liga(int)&#39;
   led.liga(100);//Liga o LED e espera 100 mls
               ^
In file included from /Users/alranel/Documents/git/arduino/arduino-testlib/cli-datadir/user/libraries/GuaraTeca_Menu/src/GuaraTeca.h:41:0,
                 from /Users/alranel/Documents/git/arduino/arduino-testlib/cli-datadir/user/libraries/GuaraTeca_OBR/examples/pisca-pisca/pisca-pisca.ino:4:
/Users/alranel/Documents/git/arduino/arduino-testlib/cli-datadir/user/libraries/GuaraTeca_OBR/src/GuaraTeca_OBR.h:127:14: note: candidate: void Led::liga()
         void liga   ();//Metodo para ligar o led.
              ^~~~
/Users/alranel/Documents/git/arduino/arduino-testlib/cli-datadir/user/libraries/GuaraTeca_OBR/src/GuaraTeca_OBR.h:127:14: note:   candidate expects 0 arguments, 1 provided
/Users/alranel/Documents/git/arduino/arduino-testlib/cli-datadir/user/libraries/GuaraTeca_OBR/examples/pisca-pisca/pisca-pisca.ino:12:18: error: no matching function for call to &#39;Led::desliga(int)&#39;
   led.desliga(100);//Desliga o LED e espera 100 mls
                  ^
In file included from /Users/alranel/Documents/git/arduino/arduino-testlib/cli-datadir/user/libraries/GuaraTeca_Menu/src/GuaraTeca.h:41:0,
                 from /Users/alranel/Documents/git/arduino/arduino-testlib/cli-datadir/user/libraries/GuaraTeca_OBR/examples/pisca-pisca/pisca-pisca.ino:4:
/Users/alranel/Documents/git/arduino/arduino-testlib/cli-datadir/user/libraries/GuaraTeca_OBR/src/GuaraTeca_OBR.h:128:14: note: candidate: void Led::desliga()
         void desliga();//Metodo para desligar o led.
              ^~~~~~~
/Users/alranel/Documents/git/arduino/arduino-testlib/cli-datadir/user/libraries/GuaraTeca_OBR/src/GuaraTeca_OBR.h:128:14: note:   candidate expects 0 arguments, 1 provided
Multiple libraries were found for &#34;SoftwareSerial.h&#34;
  Used: /Users/alranel/Documents/git/arduino/arduino-testlib/cli-datadir/data/packages/arduino/hardware/avr/1.8.4/libraries/SoftwareSerial
  Not used: /Users/alranel/Documents/git/arduino/arduino-testlib/cli-datadir/user/libraries/Dabble
  Not used: /Users/alranel/Documents/git/arduino/arduino-testlib/cli-datadir/user/libraries/EspSoftwareSerial
  Not used: /Users/alranel/Documents/git/arduino/arduino-testlib/cli-datadir/user/libraries/Printoo_Library
Multiple libraries were found for &#34;DHT.h&#34;
  Used: /Users/alranel/Documents/git/arduino/arduino-testlib/cli-datadir/user/libraries/DHT_sensor_library
  Not used: /Users/alranel/Documents/git/arduino/arduino-testlib/cli-datadir/user/libraries/Grove_Temperature_And_Humidity_Sensor
  Not used: /Users/alranel/Documents/git/arduino/arduino-testlib/cli-datadir/user/libraries/NanoPlayBoard
  Not used: /Users/alranel/Documents/git/arduino/arduino-testlib/cli-datadir/user/libraries/uKit_Explore
Multiple libraries were found for &#34;Adafruit_Sensor.h&#34;
  Used: /Users/alranel/Documents/git/arduino/arduino-testlib/cli-datadir/user/libraries/Adafruit_Unified_Sensor
  Not used: /Users/alranel/Documents/git/arduino/arduino-testlib/cli-datadir/user/libraries/ArdUAV
  Not used: /Users/alranel/Documents/git/arduino/arduino-testlib/cli-datadir/user/libraries/ClimaStick
</pre>
					
				
				<h3 id="arduino:mbed_nano:nanorp2040connect">arduino:mbed_nano:nanorp2040connect @ 2.7.2</h3>
				<h4>Inclusion</h4>
				<p>
					Result: <b>FAIL</b>
					
				</p>
				<pre class="pre-scrollable">/home/ec2-user/arduino-testlib/cli-datadir/user/libraries/Dabble/src/SoftwareSerial.cpp:45:10: fatal error: util/delay_basic.h: No such file or directory
 #include &lt;util/delay_basic.h&gt;
          ^~~~~~~~~~~~~~~~~~~~
compilation terminated.
Multiple libraries were found for &#34;SoftwareSerial.h&#34;
  Used: /home/ec2-user/arduino-testlib/cli-datadir/user/libraries/Dabble
  Not used: /home/ec2-user/arduino-testlib/cli-datadir/user/libraries/EspSoftwareSerial
  Not used: /home/ec2-user/arduino-testlib/cli-datadir/user/libraries/Printoo_Library
Multiple libraries were found for &#34;DHT.h&#34;
  Used: /home/ec2-user/arduino-testlib/cli-datadir/user/libraries/DHT_sensor_library
  Not used: /home/ec2-user/arduino-testlib/cli-datadir/user/libraries/uKit_Explore
  Not used: /home/ec2-user/arduino-testlib/cli-datadir/user/libraries/NanoPlayBoard
  Not used: /home/ec2-user/arduino-testlib/cli-datadir/user/libraries/Grove_Temperature_And_Humidity_Sensor
</pre>

					
					<h4>examples/HRobot</h4>
					<p>
						Result: <b>FAIL</b>
					</p>
					<pre class="pre-scrollable">/home/ec2-user/arduino-testlib/cli-datadir/user/libraries/Dabble/src/SoftwareSerial.cpp:45:10: fatal error: util/delay_basic.h: No such file or directory
 #include &lt;util/delay_basic.h&gt;
          ^~~~~~~~~~~~~~~~~~~~
compilation terminated.
Multiple libraries were found for &#34;DHT.h&#34;
  Used: /home/ec2-user/arduino-testlib/cli-datadir/user/libraries/DHT_sensor_library
  Not used: /home/ec2-user/arduino-testlib/cli-datadir/user/libraries/uKit_Explore
  Not used: /home/ec2-user/arduino-testlib/cli-datadir/user/libraries/Grove_Temperature_And_Humidity_Sensor
  Not used: /home/ec2-user/arduino-testlib/cli-datadir/user/libraries/NanoPlayBoard
Multiple libraries were found for &#34;SoftwareSerial.h&#34;
  Used: /home/ec2-user/arduino-testlib/cli-datadir/user/libraries/Dabble
  Not used: /home/ec2-user/arduino-testlib/cli-datadir/user/libraries/Printoo_Library
  Not used: /home/ec2-user/arduino-testlib/cli-datadir/user/libraries/EspSoftwareSerial
</pre>
					
					<h4>examples/MRobot</h4>
					<p>
						Result: <b>FAIL</b>
					</p>
					<pre class="pre-scrollable"></pre>
					
					<h4>examples/Sensor</h4>
					<p>
						Result: <b>FAIL</b>
					</p>
					<pre class="pre-scrollable">/home/ec2-user/arduino-testlib/cli-datadir/user/libraries/Dabble/src/SoftwareSerial.cpp:45:10: fatal error: util/delay_basic.h: No such file or directory
 #include &lt;util/delay_basic.h&gt;
          ^~~~~~~~~~~~~~~~~~~~
compilation terminated.
Multiple libraries were found for &#34;SoftwareSerial.h&#34;
  Used: /home/ec2-user/arduino-testlib/cli-datadir/user/libraries/Dabble
  Not used: /home/ec2-user/arduino-testlib/cli-datadir/user/libraries/EspSoftwareSerial
  Not used: /home/ec2-user/arduino-testlib/cli-datadir/user/libraries/Printoo_Library
Multiple libraries were found for &#34;DHT.h&#34;
  Used: /home/ec2-user/arduino-testlib/cli-datadir/user/libraries/DHT_sensor_library
  Not used: /home/ec2-user/arduino-testlib/cli-datadir/user/libraries/uKit_Explore
  Not used: /home/ec2-user/arduino-testlib/cli-datadir/user/libraries/Grove_Temperature_And_Humidity_Sensor
  Not used: /home/ec2-user/arduino-testlib/cli-datadir/user/libraries/NanoPlayBoard
</pre>
					
					<h4>examples/pisca-pisca</h4>
					<p>
						Result: <b>FAIL</b>
					</p>
					<pre class="pre-scrollable">/home/ec2-user/arduino-testlib/cli-datadir/user/libraries/Dabble/src/SoftwareSerial.cpp:45:10: fatal error: util/delay_basic.h: No such file or directory
 #include &lt;util/delay_basic.h&gt;
          ^~~~~~~~~~~~~~~~~~~~
compilation terminated.
Multiple libraries were found for &#34;DHT.h&#34;
  Used: /home/ec2-user/arduino-testlib/cli-datadir/user/libraries/DHT_sensor_library
  Not used: /home/ec2-user/arduino-testlib/cli-datadir/user/libraries/uKit_Explore
  Not used: /home/ec2-user/arduino-testlib/cli-datadir/user/libraries/NanoPlayBoard
  Not used: /home/ec2-user/arduino-testlib/cli-datadir/user/libraries/Grove_Temperature_And_Humidity_Sensor
Multiple libraries were found for &#34;SoftwareSerial.h&#34;
  Used: /home/ec2-user/arduino-testlib/cli-datadir/user/libraries/Dabble
  Not used: /home/ec2-user/arduino-testlib/cli-datadir/user/libraries/EspSoftwareSerial
  Not used: /home/ec2-user/arduino-testlib/cli-datadir/user/libraries/Printoo_Library
</pre>
					
				
				<h3 id="arduino:megaavr:nona4809">arduino:megaavr:nona4809 @ 1.8.7</h3>
				<h4>Inclusion</h4>
				<p>
					Result: <b>FAIL</b>
					
				</p>
				<pre class="pre-scrollable">/home/ec2-user/arduino-testlib/cli-datadir/user/libraries/GuaraTeca_Hardware/src/Others/Print.cpp:34:8: error: reference to &#39;Print&#39; is ambiguous
 size_t Print::write(const uint8_t *buffer, size_t size)
        ^~~~~
In file included from /home/ec2-user/arduino-testlib/cli-datadir/user/libraries/GuaraTeca_Hardware/src/Others/Print.cpp:29:0:
/home/ec2-user/arduino-testlib/cli-datadir/user/libraries/GuaraTeca_Hardware/src/Others/Print.h:34:7: note: candidates are: class Print
 class Print
       ^~~~~
In file included from /home/ec2-user/arduino-testlib/cli-datadir/data/packages/arduino/hardware/megaavr/1.8.7/cores/arduino/api/ArduinoAPI.h:31:0,
                 from /home/ec2-user/arduino-testlib/cli-datadir/data/packages/arduino/hardware/megaavr/1.8.7/cores/arduino/Arduino.h:23,
                 from /home/ec2-user/arduino-testlib/cli-datadir/user/libraries/GuaraTeca_Hardware/src/Others/Print.cpp:27:
/home/ec2-user/arduino-testlib/cli-datadir/data/packages/arduino/hardware/megaavr/1.8.7/cores/arduino/api/Print.h:34:7: note:                 class arduino::Print
 class Print
       ^~~~~
/home/ec2-user/arduino-testlib/cli-datadir/user/libraries/GuaraTeca_Hardware/src/Others/Print.cpp: In function &#39;size_t write(const uint8_t*, size_t)&#39;:
/home/ec2-user/arduino-testlib/cli-datadir/user/libraries/GuaraTeca_Hardware/src/Others/Print.cpp:38:24: error: too few arguments to function &#39;size_t write(const uint8_t*, size_t)&#39;
     if (write(*buffer&#43;&#43;)) n&#43;&#43;;
                        ^
/home/ec2-user/arduino-testlib/cli-datadir/user/libraries/GuaraTeca_Hardware/src/Others/Print.cpp:34:8: note: declared here
 size_t Print::write(const uint8_t *buffer, size_t size)
        ^~~~~
/home/ec2-user/arduino-testlib/cli-datadir/user/libraries/GuaraTeca_Hardware/src/Others/Print.cpp: At global scope:
/home/ec2-user/arduino-testlib/cli-datadir/user/libraries/GuaraTeca_Hardware/src/Others/Print.cpp:44:8: error: reference to &#39;Print&#39; is ambiguous
 size_t Print::print(const __FlashStringHelper *ifsh)
        ^~~~~
In file included from /home/ec2-user/arduino-testlib/cli-datadir/user/libraries/GuaraTeca_Hardware/src/Others/Print.cpp:29:0:
/home/ec2-user/arduino-testlib/cli-datadir/user/libraries/GuaraTeca_Hardware/src/Others/Print.h:34:7: note: candidates are: class Print
 class Print
       ^~~~~
In file included from /home/ec2-user/arduino-testlib/cli-datadir/data/packages/arduino/hardware/megaavr/1.8.7/cores/arduino/api/ArduinoAPI.h:31:0,
                 from /home/ec2-user/arduino-testlib/cli-datadir/data/packages/arduino/hardware/megaavr/1.8.7/cores/arduino/Arduino.h:23,
                 from /home/ec2-user/arduino-testlib/cli-datadir/user/libraries/GuaraTeca_Hardware/src/Others/Print.cpp:27:
/home/ec2-user/arduino-testlib/cli-datadir/data/packages/arduino/hardware/megaavr/1.8.7/cores/arduino/api/Print.h:34:7: note:                 class arduino::Print
 class Print
       ^~~~~
/home/ec2-user/arduino-testlib/cli-datadir/user/libraries/GuaraTeca_Hardware/src/Others/Print.cpp: In function &#39;size_t print(const arduino::__FlashStringHelper*)&#39;:
/home/ec2-user/arduino-testlib/cli-datadir/user/libraries/GuaraTeca_Hardware/src/Others/Print.cpp:51:16: error: too few arguments to function &#39;size_t write(const uint8_t*, size_t)&#39;
     if (write(c)) n&#43;&#43;;
                ^
/home/ec2-user/arduino-testlib/cli-datadir/user/libraries/GuaraTeca_Hardware/src/Others/Print.cpp:34:8: note: declared here
 size_t Print::write(const uint8_t *buffer, size_t size)
        ^~~~~
/home/ec2-user/arduino-testlib/cli-datadir/user/libraries/GuaraTeca_Hardware/src/Others/Print.cpp: At global scope:
/home/ec2-user/arduino-testlib/cli-datadir/user/libraries/GuaraTeca_Hardware/src/Others/Print.cpp:57:8: error: reference to &#39;Print&#39; is ambiguous
 size_t Print::print(const String &amp;s)
        ^~~~~
In file included from /home/ec2-user/arduino-testlib/cli-datadir/user/libraries/GuaraTeca_Hardware/src/Others/Print.cpp:29:0:
/home/ec2-user/arduino-testlib/cli-datadir/user/libraries/GuaraTeca_Hardware/src/Others/Print.h:34:7: note: candidates are: class Print
 class Print
       ^~~~~
In file included from /home/ec2-user/arduino-testlib/cli-datadir/data/packages/arduino/hardware/megaavr/1.8.7/cores/arduino/api/ArduinoAPI.h:31:0,
                 from /home/ec2-user/arduino-testlib/cli-datadir/data/packages/arduino/hardware/megaavr/1.8.7/cores/arduino/Arduino.h:23,
                 from /home/ec2-user/arduino-testlib/cli-datadir/user/libraries/GuaraTeca_Hardware/src/Others/Print.cpp:27:
/home/ec2-user/arduino-testlib/cli-datadir/data/packages/arduino/hardware/megaavr/1.8.7/cores/arduino/api/Print.h:34:7: note:                 class arduino::Print
 class Print
       ^~~~~
/home/ec2-user/arduino-testlib/cli-datadir/user/libraries/GuaraTeca_Hardware/src/Others/Print.cpp:62:8: error: reference to &#39;Print&#39; is ambiguous
 size_t Print::print(const char str[])
        ^~~~~
In file included from /home/ec2-user/arduino-testlib/cli-datadir/user/libraries/GuaraTeca_Hardware/src/Others/Print.cpp:29:0:
/home/ec2-user/arduino-testlib/cli-datadir/user/libraries/GuaraTeca_Hardware/src/Others/Print.h:34:7: note: candidates are: class Print
 class Print
       ^~~~~
In file included from /home/ec2-user/arduino-testlib/cli-datadir/data/packages/arduino/hardware/megaavr/1.8.7/cores/arduino/api/ArduinoAPI.h:31:0,
                 from /home/ec2-user/arduino-testlib/cli-datadir/data/packages/arduino/hardware/megaavr/1.8.7/cores/arduino/Arduino.h:23,
                 from /home/ec2-user/arduino-testlib/cli-datadir/user/libraries/GuaraTeca_Hardware/src/Others/Print.cpp:27:
/home/ec2-user/arduino-testlib/cli-datadir/data/packages/arduino/hardware/megaavr/1.8.7/cores/arduino/api/Print.h:34:7: note:                 class arduino::Print
 class Print
       ^~~~~
/home/ec2-user/arduino-testlib/cli-datadir/user/libraries/GuaraTeca_Hardware/src/Others/Print.cpp: In function &#39;size_t print(const char*)&#39;:
/home/ec2-user/arduino-testlib/cli-datadir/user/libraries/GuaraTeca_Hardware/src/Others/Print.cpp:64:19: error: too few arguments to function &#39;size_t write(const uint8_t*, size_t)&#39;
   return write(str);
                   ^
/home/ec2-user/arduino-testlib/cli-datadir/user/libraries/GuaraTeca_Hardware/src/Others/Print.cpp:34:8: note: declared here
 size_t Print::write(const uint8_t *buffer, size_t size)
        ^~~~~
/home/ec2-user/arduino-testlib/cli-datadir/user/libraries/GuaraTeca_Hardware/src/Others/Print.cpp: At global scope:
/home/ec2-user/arduino-testlib/cli-datadir/user/libraries/GuaraTeca_Hardware/src/Others/Print.cpp:67:8: error: reference to &#39;Print&#39; is ambiguous
 size_t Print::print(char c)
        ^~~~~
In file included from /home/ec2-user/arduino-testlib/cli-datadir/user/libraries/GuaraTeca_Hardware/src/Others/Print.cpp:29:0:
/home/ec2-user/arduino-testlib/cli-datadir/user/libraries/GuaraTeca_Hardware/src/Others/Print.h:34:7: note: candidates are: class Print
 class Print
       ^~~~~
In file included from /home/ec2-user/arduino-testlib/cli-datadir/data/packages/arduino/hardware/megaavr/1.8.7/cores/arduino/api/ArduinoAPI.h:31:0,
                 from /home/ec2-user/arduino-testlib/cli-datadir/data/packages/arduino/hardware/megaavr/1.8.7/cores/arduino/Arduino.h:23,
                 from /home/ec2-user/arduino-testlib/cli-datadir/user/libraries/GuaraTeca_Hardware/src/Others/Print.cpp:27:
/home/ec2-user/arduino-testlib/cli-datadir/data/packages/arduino/hardware/megaavr/1.8.7/cores/arduino/api/Print.h:34:7: note:                 class arduino::Print
 class Print
       ^~~~~
/home/ec2-user/arduino-testlib/cli-datadir/user/libraries/GuaraTeca_Hardware/src/Others/Print.cpp: In function &#39;size_t print(char)&#39;:
/home/ec2-user/arduino-testlib/cli-datadir/user/libraries/GuaraTeca_Hardware/src/Others/Print.cpp:69:17: error: too few arguments to function &#39;size_t write(const uint8_t*, size_t)&#39;
   return write(c);
                 ^
/home/ec2-user/arduino-testlib/cli-datadir/user/libraries/GuaraTeca_Hardware/src/Others/Print.cpp:34:8: note: declared here
 size_t Print::write(const uint8_t *buffer, size_t size)
        ^~~~~
/home/ec2-user/arduino-testlib/cli-datadir/user/libraries/GuaraTeca_Hardware/src/Others/Print.cpp: At global scope:
/home/ec2-user/arduino-testlib/cli-datadir/user/libraries/GuaraTeca_Hardware/src/Others/Print.cpp:72:8: error: reference to &#39;Print&#39; is ambiguous
 size_t Print::print(unsigned char b, int base)
        ^~~~~
In file included from /home/ec2-user/arduino-testlib/cli-datadir/user/libraries/GuaraTeca_Hardware/src/Others/Print.cpp:29:0:
/home/ec2-user/arduino-testlib/cli-datadir/user/libraries/GuaraTeca_Hardware/src/Others/Print.h:34:7: note: candidates are: class Print
 class Print
       ^~~~~
In file included from /home/ec2-user/arduino-testlib/cli-datadir/data/packages/arduino/hardware/megaavr/1.8.7/cores/arduino/api/ArduinoAPI.h:31:0,
                 from /home/ec2-user/arduino-testlib/cli-datadir/data/packages/arduino/hardware/megaavr/1.8.7/cores/arduino/Arduino.h:23,
                 from /home/ec2-user/arduino-testlib/cli-datadir/user/libraries/GuaraTeca_Hardware/src/Others/Print.cpp:27:
/home/ec2-user/arduino-testlib/cli-datadir/data/packages/arduino/hardware/megaavr/1.8.7/cores/arduino/api/Print.h:34:7: note:                 class arduino::Print
 class Print
       ^~~~~
/home/ec2-user/arduino-testlib/cli-datadir/user/libraries/GuaraTeca_Hardware/src/Others/Print.cpp:77:8: error: reference to &#39;Print&#39; is ambiguous
 size_t Print::print(int n, int base)
        ^~~~~
In file included from /home/ec2-user/arduino-testlib/cli-datadir/user/libraries/GuaraTeca_Hardware/src/Others/Print.cpp:29:0:
/home/ec2-user/arduino-testlib/cli-datadir/user/libraries/GuaraTeca_Hardware/src/Others/Print.h:34:7: note: candidates are: class Print
 class Print
       ^~~~~
In file included from /home/ec2-user/arduino-testlib/cli-datadir/data/packages/arduino/hardware/megaavr/1.8.7/cores/arduino/api/ArduinoAPI.h:31:0,
                 from /home/ec2-user/arduino-testlib/cli-datadir/data/packages/arduino/hardware</pre>

					
					<h4>examples/HRobot</h4>
					<p>
						Result: <b>FAIL</b>
					</p>
					<pre class="pre-scrollable">/home/ec2-user/arduino-testlib/cli-datadir/user/libraries/GuaraTeca_OBR/examples/HRobot/HRobot.ino: In function &#39;void setup()&#39;:
/home/ec2-user/arduino-testlib/cli-datadir/user/libraries/GuaraTeca_OBR/examples/HRobot/HRobot.ino:13:8: error: &#39;class HRobot&#39; has no member named &#39;DefineVelocidade&#39;; did you mean &#39;defineVelocidade&#39;?
   robo.DefineVelocidade(100, 100);//define a velocidade dos motores 1 e 2
        ^~~~~~~~~~~~~~~~
        defineVelocidade
/home/ec2-user/arduino-testlib/cli-datadir/user/libraries/GuaraTeca_OBR/examples/HRobot/HRobot.ino:16:21: error: &#39;class HRobot&#39; has no member named &#39;AdquiriVelocidade&#39;; did you mean &#39;adquireVelocidade&#39;?
   Serial.print(robo.AdquiriVelocidade(1));//imprimimos no monitor serial a velocidade do motor 1
                     ^~~~~~~~~~~~~~~~~
                     adquireVelocidade
/home/ec2-user/arduino-testlib/cli-datadir/user/libraries/GuaraTeca_OBR/examples/HRobot/HRobot.ino:18:21: error: &#39;class HRobot&#39; has no member named &#39;AdquiriVelocidade&#39;; did you mean &#39;adquireVelocidade&#39;?
   Serial.print(robo.AdquiriVelocidade(2));//imprimimos no monitor serial a velocidade do motor 2
                     ^~~~~~~~~~~~~~~~~
                     adquireVelocidade
Multiple libraries were found for &#34;Adafruit_Sensor.h&#34;
  Used: /home/ec2-user/arduino-testlib/cli-datadir/user/libraries/Adafruit_Unified_Sensor
  Not used: /home/ec2-user/arduino-testlib/cli-datadir/user/libraries/ClimaStick
  Not used: /home/ec2-user/arduino-testlib/cli-datadir/user/libraries/ArdUAV
Multiple libraries were found for &#34;SoftwareSerial.h&#34;
  Used: /home/ec2-user/arduino-testlib/cli-datadir/data/packages/arduino/hardware/megaavr/1.8.7/libraries/SoftwareSerial
  Not used: /home/ec2-user/arduino-testlib/cli-datadir/user/libraries/EspSoftwareSerial
  Not used: /home/ec2-user/arduino-testlib/cli-datadir/user/libraries/Dabble
  Not used: /home/ec2-user/arduino-testlib/cli-datadir/user/libraries/Printoo_Library
Multiple libraries were found for &#34;DHT.h&#34;
  Used: /home/ec2-user/arduino-testlib/cli-datadir/user/libraries/DHT_sensor_library
  Not used: /home/ec2-user/arduino-testlib/cli-datadir/user/libraries/uKit_Explore
  Not used: /home/ec2-user/arduino-testlib/cli-datadir/user/libraries/NanoPlayBoard
  Not used: /home/ec2-user/arduino-testlib/cli-datadir/user/libraries/Grove_Temperature_And_Humidity_Sensor
</pre>
					
					<h4>examples/MRobot</h4>
					<p>
						Result: <b>FAIL</b>
					</p>
					<pre class="pre-scrollable"></pre>
					
					<h4>examples/Sensor</h4>
					<p>
						Result: <b>FAIL</b>
					</p>
					<pre class="pre-scrollable">/home/ec2-user/arduino-testlib/cli-datadir/user/libraries/GuaraTeca_OBR/examples/Sensor/Sensor.ino: In function &#39;void loop()&#39;:
/home/ec2-user/arduino-testlib/cli-datadir/user/libraries/GuaraTeca_OBR/examples/Sensor/Sensor.ino:37:67: error: &#39;class Sensor&#39; has no member named &#39;posicao&#39;
   Serial.print(&#34;Sensor de posicao: &#34;);Serial.println(Ultrassonico.posicao());
                                                                   ^~~~~~~
Multiple libraries were found for &#34;Adafruit_Sensor.h&#34;
  Used: /home/ec2-user/arduino-testlib/cli-datadir/user/libraries/Adafruit_Unified_Sensor
  Not used: /home/ec2-user/arduino-testlib/cli-datadir/user/libraries/ClimaStick
  Not used: /home/ec2-user/arduino-testlib/cli-datadir/user/libraries/ArdUAV
Multiple libraries were found for &#34;SoftwareSerial.h&#34;
  Used: /home/ec2-user/arduino-testlib/cli-datadir/data/packages/arduino/hardware/megaavr/1.8.7/libraries/SoftwareSerial
  Not used: /home/ec2-user/arduino-testlib/cli-datadir/user/libraries/EspSoftwareSerial
  Not used: /home/ec2-user/arduino-testlib/cli-datadir/user/libraries/Dabble
  Not used: /home/ec2-user/arduino-testlib/cli-datadir/user/libraries/Printoo_Library
Multiple libraries were found for &#34;DHT.h&#34;
  Used: /home/ec2-user/arduino-testlib/cli-datadir/user/libraries/DHT_sensor_library
  Not used: /home/ec2-user/arduino-testlib/cli-datadir/user/libraries/NanoPlayBoard
  Not used: /home/ec2-user/arduino-testlib/cli-datadir/user/libraries/Grove_Temperature_And_Humidity_Sensor
  Not used: /home/ec2-user/arduino-testlib/cli-datadir/user/libraries/uKit_Explore
</pre>
					
					<h4>examples/pisca-pisca</h4>
					<p>
						Result: <b>FAIL</b>
					</p>
					<pre class="pre-scrollable">/home/ec2-user/arduino-testlib/cli-datadir/user/libraries/GuaraTeca_OBR/examples/pisca-pisca/pisca-pisca.ino: In function &#39;void loop()&#39;:
/home/ec2-user/arduino-testlib/cli-datadir/user/libraries/GuaraTeca_OBR/examples/pisca-pisca/pisca-pisca.ino:11:15: error: no matching function for call to &#39;Led::liga(int)&#39;
   led.liga(100);//Liga o LED e espera 100 mls
               ^
In file included from /home/ec2-user/arduino-testlib/cli-datadir/user/libraries/GuaraTeca_Menu/src/GuaraTeca.h:41:0,
                 from /home/ec2-user/arduino-testlib/cli-datadir/user/libraries/GuaraTeca_OBR/examples/pisca-pisca/pisca-pisca.ino:4:
/home/ec2-user/arduino-testlib/cli-datadir/user/libraries/GuaraTeca_OBR/src/GuaraTeca_OBR.h:127:14: note: candidate: void Led::liga()
         void liga   ();//Metodo para ligar o led.
              ^~~~
/home/ec2-user/arduino-testlib/cli-datadir/user/libraries/GuaraTeca_OBR/src/GuaraTeca_OBR.h:127:14: note:   candidate expects 0 arguments, 1 provided
/home/ec2-user/arduino-testlib/cli-datadir/user/libraries/GuaraTeca_OBR/examples/pisca-pisca/pisca-pisca.ino:12:18: error: no matching function for call to &#39;Led::desliga(int)&#39;
   led.desliga(100);//Desliga o LED e espera 100 mls
                  ^
In file included from /home/ec2-user/arduino-testlib/cli-datadir/user/libraries/GuaraTeca_Menu/src/GuaraTeca.h:41:0,
                 from /home/ec2-user/arduino-testlib/cli-datadir/user/libraries/GuaraTeca_OBR/examples/pisca-pisca/pisca-pisca.ino:4:
/home/ec2-user/arduino-testlib/cli-datadir/user/libraries/GuaraTeca_OBR/src/GuaraTeca_OBR.h:128:14: note: candidate: void Led::desliga()
         void desliga();//Metodo para desligar o led.
              ^~~~~~~
/home/ec2-user/arduino-testlib/cli-datadir/user/libraries/GuaraTeca_OBR/src/GuaraTeca_OBR.h:128:14: note:   candidate expects 0 arguments, 1 provided
Multiple libraries were found for &#34;DHT.h&#34;
  Used: /home/ec2-user/arduino-testlib/cli-datadir/user/libraries/DHT_sensor_library
  Not used: /home/ec2-user/arduino-testlib/cli-datadir/user/libraries/uKit_Explore
  Not used: /home/ec2-user/arduino-testlib/cli-datadir/user/libraries/Grove_Temperature_And_Humidity_Sensor
  Not used: /home/ec2-user/arduino-testlib/cli-datadir/user/libraries/NanoPlayBoard
Multiple libraries were found for &#34;Adafruit_Sensor.h&#34;
  Used: /home/ec2-user/arduino-testlib/cli-datadir/user/libraries/Adafruit_Unified_Sensor
  Not used: /home/ec2-user/arduino-testlib/cli-datadir/user/libraries/ClimaStick
  Not used: /home/ec2-user/arduino-testlib/cli-datadir/user/libraries/ArdUAV
Multiple libraries were found for &#34;SoftwareSerial.h&#34;
  Used: /home/ec2-user/arduino-testlib/cli-datadir/data/packages/arduino/hardware/megaavr/1.8.7/libraries/SoftwareSerial
  Not used: /home/ec2-user/arduino-testlib/cli-datadir/user/libraries/EspSoftwareSerial
  Not used: /home/ec2-user/arduino-testlib/cli-datadir/user/libraries/Dabble
  Not used: /home/ec2-user/arduino-testlib/cli-datadir/user/libraries/Printoo_Library
</pre>
					
				
				<h3 id="arduino:samd:mkrwifi1010">arduino:samd:mkrwifi1010 @ 1.8.12</h3>
				<h4>Inclusion</h4>
				<p>
					Result: <b>FAIL</b>
					
				</p>
				<pre class="pre-scrollable">/Users/alranel/Documents/git/arduino/arduino-testlib/cli-datadir/user/libraries/Dabble/src/SoftwareSerial.cpp:45:10: fatal error: util/delay_basic.h: No such file or directory
 #include &lt;util/delay_basic.h&gt;
          ^~~~~~~~~~~~~~~~~~~~
compilation terminated.
Multiple libraries were found for &#34;SoftwareSerial.h&#34;
  Used: /Users/alranel/Documents/git/arduino/arduino-testlib/cli-datadir/user/libraries/Dabble
  Not used: /Users/alranel/Documents/git/arduino/arduino-testlib/cli-datadir/user/libraries/Printoo_Library
  Not used: /Users/alranel/Documents/git/arduino/arduino-testlib/cli-datadir/user/libraries/EspSoftwareSerial
Multiple libraries were found for &#34;DHT.h&#34;
  Used: /Users/alranel/Documents/git/arduino/arduino-testlib/cli-datadir/user/libraries/DHT_sensor_library
  Not used: /Users/alranel/Documents/git/arduino/arduino-testlib/cli-datadir/user/libraries/NanoPlayBoard
  Not used: /Users/alranel/Documents/git/arduino/arduino-testlib/cli-datadir/user/libraries/Grove_Temperature_And_Humidity_Sensor
  Not used: /Users/alranel/Documents/git/arduino/arduino-testlib/cli-datadir/user/libraries/uKit_Explore
</pre>

					
					<h4>examples/HRobot</h4>
					<p>
						Result: <b>FAIL</b>
					</p>
					<pre class="pre-scrollable">/Users/alranel/Documents/git/arduino/arduino-testlib/cli-datadir/user/libraries/Dabble/src/SoftwareSerial.cpp:45:10: fatal error: util/delay_basic.h: No such file or directory
 #include &lt;util/delay_basic.h&gt;
          ^~~~~~~~~~~~~~~~~~~~
compilation terminated.
Multiple libraries were found for &#34;SoftwareSerial.h&#34;
  Used: /Users/alranel/Documents/git/arduino/arduino-testlib/cli-datadir/user/libraries/Dabble
  Not used: /Users/alranel/Documents/git/arduino/arduino-testlib/cli-datadir/user/libraries/EspSoftwareSerial
  Not used: /Users/alranel/Documents/git/arduino/arduino-testlib/cli-datadir/user/libraries/Printoo_Library
Multiple libraries were found for &#34;DHT.h&#34;
  Used: /Users/alranel/Documents/git/arduino/arduino-testlib/cli-datadir/user/libraries/DHT_sensor_library
  Not used: /Users/alranel/Documents/git/arduino/arduino-testlib/cli-datadir/user/libraries/Grove_Temperature_And_Humidity_Sensor
  Not used: /Users/alranel/Documents/git/arduino/arduino-testlib/cli-datadir/user/libraries/NanoPlayBoard
  Not used: /Users/alranel/Documents/git/arduino/arduino-testlib/cli-datadir/user/libraries/uKit_Explore
</pre>
					
					<h4>examples/MRobot</h4>
					<p>
						Result: <b>FAIL</b>
					</p>
					<pre class="pre-scrollable"></pre>
					
					<h4>examples/Sensor</h4>
					<p>
						Result: <b>FAIL</b>
					</p>
					<pre class="pre-scrollable">/Users/alranel/Documents/git/arduino/arduino-testlib/cli-datadir/user/libraries/Dabble/src/SoftwareSerial.cpp:45:10: fatal error: util/delay_basic.h: No such file or directory
 #include &lt;util/delay_basic.h&gt;
          ^~~~~~~~~~~~~~~~~~~~
compilation terminated.
Multiple libraries were found for &#34;SoftwareSerial.h&#34;
  Used: /Users/alranel/Documents/git/arduino/arduino-testlib/cli-datadir/user/libraries/Dabble
  Not used: /Users/alranel/Documents/git/arduino/arduino-testlib/cli-datadir/user/libraries/EspSoftwareSerial
  Not used: /Users/alranel/Documents/git/arduino/arduino-testlib/cli-datadir/user/libraries/Printoo_Library
Multiple libraries were found for &#34;DHT.h&#34;
  Used: /Users/alranel/Documents/git/arduino/arduino-testlib/cli-datadir/user/libraries/DHT_sensor_library
  Not used: /Users/alranel/Documents/git/arduino/arduino-testlib/cli-datadir/user/libraries/NanoPlayBoard
  Not used: /Users/alranel/Documents/git/arduino/arduino-testlib/cli-datadir/user/libraries/uKit_Explore
  Not used: /Users/alranel/Documents/git/arduino/arduino-testlib/cli-datadir/user/libraries/Grove_Temperature_And_Humidity_Sensor
</pre>
					
					<h4>examples/pisca-pisca</h4>
					<p>
						Result: <b>FAIL</b>
					</p>
					<pre class="pre-scrollable">/Users/alranel/Documents/git/arduino/arduino-testlib/cli-datadir/user/libraries/Dabble/src/SoftwareSerial.cpp:45:10: fatal error: util/delay_basic.h: No such file or directory
 #include &lt;util/delay_basic.h&gt;
          ^~~~~~~~~~~~~~~~~~~~
compilation terminated.
Multiple libraries were found for &#34;SoftwareSerial.h&#34;
  Used: /Users/alranel/Documents/git/arduino/arduino-testlib/cli-datadir/user/libraries/Dabble
  Not used: /Users/alranel/Documents/git/arduino/arduino-testlib/cli-datadir/user/libraries/Printoo_Library
  Not used: /Users/alranel/Documents/git/arduino/arduino-testlib/cli-datadir/user/libraries/EspSoftwareSerial
Multiple libraries were found for &#34;DHT.h&#34;
  Used: /Users/alranel/Documents/git/arduino/arduino-testlib/cli-datadir/user/libraries/DHT_sensor_library
  Not used: /Users/alranel/Documents/git/arduino/arduino-testlib/cli-datadir/user/libraries/Grove_Temperature_And_Humidity_Sensor
  Not used: /Users/alranel/Documents/git/arduino/arduino-testlib/cli-datadir/user/libraries/NanoPlayBoard
  Not used: /Users/alranel/Documents/git/arduino/arduino-testlib/cli-datadir/user/libraries/uKit_Explore
</pre>
					
				
				<h3 id="esp32:esp32:d1_mini32">esp32:esp32:d1_mini32 @ 1.0.6</h3>
				<h4>Inclusion</h4>
				<p>
					Result: <b>FAIL</b>
					
				</p>
				<pre class="pre-scrollable">Multiple libraries were found for &#34;Adafruit_Sensor.h&#34;
  Used: /home/ec2-user/arduino-testlib/cli-datadir/user/libraries/Adafruit_Unified_Sensor
  Not used: /home/ec2-user/arduino-testlib/cli-datadir/user/libraries/ClimaStick
  Not used: /home/ec2-user/arduino-testlib/cli-datadir/user/libraries/ArdUAV
Multiple libraries were found for &#34;SoftwareSerial.h&#34;
  Used: /home/ec2-user/arduino-testlib/cli-datadir/user/libraries/EspSoftwareSerial
  Not used: /home/ec2-user/arduino-testlib/cli-datadir/user/libraries/Printoo_Library
  Not used: /home/ec2-user/arduino-testlib/cli-datadir/user/libraries/Dabble
Multiple libraries were found for &#34;DHT.h&#34;
  Used: /home/ec2-user/arduino-testlib/cli-datadir/user/libraries/DHT_sensor_library
  Not used: /home/ec2-user/arduino-testlib/cli-datadir/user/libraries/uKit_Explore
  Not used: /home/ec2-user/arduino-testlib/cli-datadir/user/libraries/Grove_Temperature_And_Humidity_Sensor
  Not used: /home/ec2-user/arduino-testlib/cli-datadir/user/libraries/NanoPlayBoard
</pre>

					
					<h4>examples/HRobot</h4>
					<p>
						Result: <b>FAIL</b>
					</p>
					<pre class="pre-scrollable">/home/ec2-user/arduino-testlib/cli-datadir/user/libraries/GuaraTeca_OBR/examples/HRobot/HRobot.ino: In function &#39;void setup()&#39;:
/home/ec2-user/arduino-testlib/cli-datadir/user/libraries/GuaraTeca_OBR/examples/HRobot/HRobot.ino:13:8: error: &#39;class HRobot&#39; has no member named &#39;DefineVelocidade&#39;
   robo.DefineVelocidade(100, 100);//define a velocidade dos motores 1 e 2
        ^
/home/ec2-user/arduino-testlib/cli-datadir/user/libraries/GuaraTeca_OBR/examples/HRobot/HRobot.ino:16:21: error: &#39;class HRobot&#39; has no member named &#39;AdquiriVelocidade&#39;
   Serial.print(robo.AdquiriVelocidade(1));//imprimimos no monitor serial a velocidade do motor 1
                     ^
/home/ec2-user/arduino-testlib/cli-datadir/user/libraries/GuaraTeca_OBR/examples/HRobot/HRobot.ino:18:21: error: &#39;class HRobot&#39; has no member named &#39;AdquiriVelocidade&#39;
   Serial.print(robo.AdquiriVelocidade(2));//imprimimos no monitor serial a velocidade do motor 2
                     ^
Multiple libraries were found for &#34;SoftwareSerial.h&#34;
  Used: /home/ec2-user/arduino-testlib/cli-datadir/user/libraries/EspSoftwareSerial
  Not used: /home/ec2-user/arduino-testlib/cli-datadir/user/libraries/Printoo_Library
  Not used: /home/ec2-user/arduino-testlib/cli-datadir/user/libraries/Dabble
Multiple libraries were found for &#34;DHT.h&#34;
  Used: /home/ec2-user/arduino-testlib/cli-datadir/user/libraries/DHT_sensor_library
  Not used: /home/ec2-user/arduino-testlib/cli-datadir/user/libraries/NanoPlayBoard
  Not used: /home/ec2-user/arduino-testlib/cli-datadir/user/libraries/uKit_Explore
  Not used: /home/ec2-user/arduino-testlib/cli-datadir/user/libraries/Grove_Temperature_And_Humidity_Sensor
Multiple libraries were found for &#34;Adafruit_Sensor.h&#34;
  Used: /home/ec2-user/arduino-testlib/cli-datadir/user/libraries/Adafruit_Unified_Sensor
  Not used: /home/ec2-user/arduino-testlib/cli-datadir/user/libraries/ClimaStick
  Not used: /home/ec2-user/arduino-testlib/cli-datadir/user/libraries/ArdUAV
</pre>
					
					<h4>examples/MRobot</h4>
					<p>
						Result: <b>FAIL</b>
					</p>
					<pre class="pre-scrollable"></pre>
					
					<h4>examples/Sensor</h4>
					<p>
						Result: <b>FAIL</b>
					</p>
					<pre class="pre-scrollable">/home/ec2-user/arduino-testlib/cli-datadir/user/libraries/GuaraTeca_OBR/examples/Sensor/Sensor.ino:26:21: error: &#39;A1&#39; was not declared in this scope
 Sensor Ultrassonico(A1, A2);
                     ^
/home/ec2-user/arduino-testlib/cli-datadir/user/libraries/GuaraTeca_OBR/examples/Sensor/Sensor.ino:26:25: error: &#39;A2&#39; was not declared in this scope
 Sensor Ultrassonico(A1, A2);
                         ^
/home/ec2-user/arduino-testlib/cli-datadir/user/libraries/GuaraTeca_OBR/examples/Sensor/Sensor.ino: In function &#39;void loop()&#39;:
/home/ec2-user/arduino-testlib/cli-datadir/user/libraries/GuaraTeca_OBR/examples/Sensor/Sensor.ino:37:67: error: &#39;class Sensor&#39; has no member named &#39;posicao&#39;
   Serial.print(&#34;Sensor de posicao: &#34;);Serial.println(Ultrassonico.posicao());
                                                                   ^
Multiple libraries were found for &#34;SoftwareSerial.h&#34;
  Used: /home/ec2-user/arduino-testlib/cli-datadir/user/libraries/EspSoftwareSerial
  Not used: /home/ec2-user/arduino-testlib/cli-datadir/user/libraries/Dabble
  Not used: /home/ec2-user/arduino-testlib/cli-datadir/user/libraries/Printoo_Library
Multiple libraries were found for &#34;DHT.h&#34;
  Used: /home/ec2-user/arduino-testlib/cli-datadir/user/libraries/DHT_sensor_library
  Not used: /home/ec2-user/arduino-testlib/cli-datadir/user/libraries/uKit_Explore
  Not used: /home/ec2-user/arduino-testlib/cli-datadir/user/libraries/Grove_Temperature_And_Humidity_Sensor
  Not used: /home/ec2-user/arduino-testlib/cli-datadir/user/libraries/NanoPlayBoard
Multiple libraries were found for &#34;Adafruit_Sensor.h&#34;
  Used: /home/ec2-user/arduino-testlib/cli-datadir/user/libraries/Adafruit_Unified_Sensor
  Not used: /home/ec2-user/arduino-testlib/cli-datadir/user/libraries/ClimaStick
  Not used: /home/ec2-user/arduino-testlib/cli-datadir/user/libraries/ArdUAV
</pre>
					
					<h4>examples/pisca-pisca</h4>
					<p>
						Result: <b>FAIL</b>
					</p>
					<pre class="pre-scrollable">/home/ec2-user/arduino-testlib/cli-datadir/user/libraries/GuaraTeca_OBR/examples/pisca-pisca/pisca-pisca.ino: In function &#39;void loop()&#39;:
/home/ec2-user/arduino-testlib/cli-datadir/user/libraries/GuaraTeca_OBR/examples/pisca-pisca/pisca-pisca.ino:11:15: error: no matching function for call to &#39;Led::liga(int)&#39;
   led.liga(100);//Liga o LED e espera 100 mls
               ^
In file included from /home/ec2-user/arduino-testlib/cli-datadir/user/libraries/GuaraTeca_Menu/src/GuaraTeca.h:41:0,
                 from /home/ec2-user/arduino-testlib/cli-datadir/user/libraries/GuaraTeca_OBR/examples/pisca-pisca/pisca-pisca.ino:4:
/home/ec2-user/arduino-testlib/cli-datadir/user/libraries/GuaraTeca_OBR/src/GuaraTeca_OBR.h:127:14: note: candidate: void Led::liga()
         void liga   ();//Metodo para ligar o led.
              ^
/home/ec2-user/arduino-testlib/cli-datadir/user/libraries/GuaraTeca_OBR/src/GuaraTeca_OBR.h:127:14: note:   candidate expects 0 arguments, 1 provided
/home/ec2-user/arduino-testlib/cli-datadir/user/libraries/GuaraTeca_OBR/examples/pisca-pisca/pisca-pisca.ino:12:18: error: no matching function for call to &#39;Led::desliga(int)&#39;
   led.desliga(100);//Desliga o LED e espera 100 mls
                  ^
In file included from /home/ec2-user/arduino-testlib/cli-datadir/user/libraries/GuaraTeca_Menu/src/GuaraTeca.h:41:0,
                 from /home/ec2-user/arduino-testlib/cli-datadir/user/libraries/GuaraTeca_OBR/examples/pisca-pisca/pisca-pisca.ino:4:
/home/ec2-user/arduino-testlib/cli-datadir/user/libraries/GuaraTeca_OBR/src/GuaraTeca_OBR.h:128:14: note: candidate: void Led::desliga()
         void desliga();//Metodo para desligar o led.
              ^
/home/ec2-user/arduino-testlib/cli-datadir/user/libraries/GuaraTeca_OBR/src/GuaraTeca_OBR.h:128:14: note:   candidate expects 0 arguments, 1 provided
Multiple libraries were found for &#34;Adafruit_Sensor.h&#34;
  Used: /home/ec2-user/arduino-testlib/cli-datadir/user/libraries/Adafruit_Unified_Sensor
  Not used: /home/ec2-user/arduino-testlib/cli-datadir/user/libraries/ClimaStick
  Not used: /home/ec2-user/arduino-testlib/cli-datadir/user/libraries/ArdUAV
Multiple libraries were found for &#34;SoftwareSerial.h&#34;
  Used: /home/ec2-user/arduino-testlib/cli-datadir/user/libraries/EspSoftwareSerial
  Not used: /home/ec2-user/arduino-testlib/cli-datadir/user/libraries/Dabble
  Not used: /home/ec2-user/arduino-testlib/cli-datadir/user/libraries/Printoo_Library
Multiple libraries were found for &#34;DHT.h&#34;
  Used: /home/ec2-user/arduino-testlib/cli-datadir/user/libraries/DHT_sensor_library
  Not used: /home/ec2-user/arduino-testlib/cli-datadir/user/libraries/Grove_Temperature_And_Humidity_Sensor
  Not used: /home/ec2-user/arduino-testlib/cli-datadir/user/libraries/NanoPlayBoard
  Not used: /home/ec2-user/arduino-testlib/cli-datadir/user/libraries/uKit_Explore
</pre>
					
				
			</div>
		</div>
	</div>
  </body>
</html>
