
<!doctype html>
<html lang="en">
  <head>
    <meta charset="utf-8">
    <meta name="viewport" content="width=device-width, initial-scale=1">
    <link href="https://cdn.jsdelivr.net/npm/bootstrap@5.0.2/dist/css/bootstrap.min.css" rel="stylesheet" integrity="sha384-EVSTQN3/azprG1Anm3QDgpJLIm9Nao0Yz1ztcQTwFspd3yD65VohhpuuCOmLASjC" crossorigin="anonymous">
    <title>arduino-testlib report</title>
	<style>
	.pass { background-color: #00FF00 !important; }
	.fail { background-color: #FF0000 !important; }
	</style>
  </head>
  <body>
	<div class="container">
		<div class="row">
			<div class="col">
				<h1>GyverTransfer - compatibility matrix</h1>
				<p>
					<small>This report was generated on Monday, 21-Feb-22 12:00:25 CET using 
					<a href="https://github.com/alranel/arduino-testlib">arduino-testlib</a>.</small>
				</p>

				<h2>GyverTransfer</h2>
				<p>
					Version: <b>1.3</b>
					<br />
					<a href="https://www.arduino.cc/reference/en/libraries/gyvertransfer/">More details</a>
				</p>

				<h2>Compatibility matrix</h2>
				<table class="table table-bordered">
					<tr>
						<th>Board</th>
						<th>Claims compatibility</th>
						<th>Inclusion</th>
						
						<th><pre>streamTX</pre></th>
						
						<th><pre>nativeRX</pre></th>
						
						<th><pre>nativeTX</pre></th>
						
						<th><pre>streamRX</pre></th>
						
					</tr>
					
					<tr>
						<td>
							<a href="#arduino%3aavr%3auno"><b>arduino:avr:uno</b></a>
							<br />
							<small>1.8.4</small>
						</td>

						
							<td>Yes</td>
							<td class="pass">PASS</td>
						
						
						
						

						
							
								
									
										
									
										
									
										
									
										
											<td class="pass">PASS</td>
											
										
									
								
							
								
							
								
							
								
							
								
							
						
							
								
									
										
											<td class="pass">PASS</td>
											
										
									
										
									
										
									
										
									
								
							
								
							
								
							
								
							
								
							
						
							
								
									
										
									
										
											<td class="pass">PASS</td>
											
										
									
										
									
										
									
								
							
								
							
								
							
								
							
								
							
						
							
								
									
										
									
										
									
										
											<td class="pass">PASS</td>
											
										
									
										
									
								
							
								
							
								
							
								
							
								
							
						
					</tr>
					
					<tr>
						<td>
							<a href="#arduino%3ambed_nano%3ananorp2040connect"><b>arduino:mbed_nano:nanorp2040connect</b></a>
							<br />
							<small>2.7.2</small>
						</td>

						
							<td>Yes</td>
							<td class="pass">PASS</td>
						
						
						
						

						
							
								
							
								
									
										
									
										
									
										
									
										
											
											<td class="fail">FAIL</td>
										
									
								
							
								
							
								
							
								
							
						
							
								
							
								
									
										
											<td class="pass">PASS</td>
											
										
									
										
									
										
									
										
									
								
							
								
							
								
							
								
							
						
							
								
							
								
									
										
									
										
											<td class="pass">PASS</td>
											
										
									
										
									
										
									
								
							
								
							
								
							
								
							
						
							
								
							
								
									
										
									
										
									
										
											
											<td class="fail">FAIL</td>
										
									
										
									
								
							
								
							
								
							
								
							
						
					</tr>
					
					<tr>
						<td>
							<a href="#arduino%3amegaavr%3anona4809"><b>arduino:megaavr:nona4809</b></a>
							<br />
							<small>1.8.7</small>
						</td>

						
							<td>Yes</td>
							<td class="pass">PASS</td>
						
						
						
						

						
							
								
							
								
							
								
									
										
									
										
									
										
									
										
											
											<td class="fail">FAIL</td>
										
									
								
							
								
							
								
							
						
							
								
							
								
							
								
									
										
											<td class="pass">PASS</td>
											
										
									
										
									
										
									
										
									
								
							
								
							
								
							
						
							
								
							
								
							
								
									
										
									
										
											
											<td class="fail">FAIL</td>
										
									
										
									
										
									
								
							
								
							
								
							
						
							
								
							
								
							
								
									
										
									
										
									
										
											
											<td class="fail">FAIL</td>
										
									
										
									
								
							
								
							
								
							
						
					</tr>
					
					<tr>
						<td>
							<a href="#arduino%3asamd%3amkrwifi1010"><b>arduino:samd:mkrwifi1010</b></a>
							<br />
							<small>1.8.12</small>
						</td>

						
							<td>Yes</td>
							<td class="pass">PASS</td>
						
						
						
						

						
							
								
							
								
							
								
							
								
									
										
									
										
									
										
									
										
											
											<td class="fail">FAIL</td>
										
									
								
							
								
							
						
							
								
							
								
							
								
							
								
									
										
											<td class="pass">PASS</td>
											
										
									
										
									
										
									
										
									
								
							
								
							
						
							
								
							
								
							
								
							
								
									
										
									
										
											<td class="pass">PASS</td>
											
										
									
										
									
										
									
								
							
								
							
						
							
								
							
								
							
								
							
								
									
										
									
										
									
										
											
											<td class="fail">FAIL</td>
										
									
										
									
								
							
								
							
						
					</tr>
					
					<tr>
						<td>
							<a href="#esp32%3aesp32%3ad1_mini32"><b>esp32:esp32:d1_mini32</b></a>
							<br />
							<small>1.0.6</small>
						</td>

						
							<td>Yes</td>
							<td class="pass">PASS</td>
						
						
						
						

						
							
								
							
								
							
								
							
								
							
								
									
										
									
										
									
										
									
										
											
											<td class="fail">FAIL</td>
										
									
								
							
						
							
								
							
								
							
								
							
								
							
								
									
										
											<td class="pass">PASS</td>
											
										
									
										
									
										
									
										
									
								
							
						
							
								
							
								
							
								
							
								
							
								
									
										
									
										
											<td class="pass">PASS</td>
											
										
									
										
									
										
									
								
							
						
							
								
							
								
							
								
							
								
							
								
									
										
									
										
									
										
											
											<td class="fail">FAIL</td>
										
									
										
									
								
							
						
					</tr>
					
				</table>

				<h2>Compilation logs</h2>
				
				<h3 id="arduino:avr:uno">arduino:avr:uno @ 1.8.4</h3>
				<h4>Inclusion</h4>
				<p>
					Result: <b>PASS</b>
					
				</p>
				<pre class="pre-scrollable">Sketch uses 444 bytes (1%) of program storage space. Maximum is 32256 bytes.
Global variables use 9 bytes (0%) of dynamic memory, leaving 2039 bytes for local variables. Maximum is 2048 bytes.
</pre>

					
					<h4>examples/nativeRX</h4>
					<p>
						Result: <b>PASS</b>
					</p>
					<pre class="pre-scrollable">Sketch uses 4066 bytes (12%) of program storage space. Maximum is 32256 bytes.
Global variables use 241 bytes (11%) of dynamic memory, leaving 1807 bytes for local variables. Maximum is 2048 bytes.
</pre>
					
					<h4>examples/nativeTX</h4>
					<p>
						Result: <b>PASS</b>
					</p>
					<pre class="pre-scrollable">Sketch uses 1104 bytes (3%) of program storage space. Maximum is 32256 bytes.
Global variables use 12 bytes (0%) of dynamic memory, leaving 2036 bytes for local variables. Maximum is 2048 bytes.
</pre>
					
					<h4>examples/streamRX</h4>
					<p>
						Result: <b>PASS</b>
					</p>
					<pre class="pre-scrollable">Sketch uses 4040 bytes (12%) of program storage space. Maximum is 32256 bytes.
Global variables use 267 bytes (13%) of dynamic memory, leaving 1781 bytes for local variables. Maximum is 2048 bytes.
</pre>
					
					<h4>examples/streamTX</h4>
					<p>
						Result: <b>PASS</b>
					</p>
					<pre class="pre-scrollable">Sketch uses 1096 bytes (3%) of program storage space. Maximum is 32256 bytes.
Global variables use 51 bytes (2%) of dynamic memory, leaving 1997 bytes for local variables. Maximum is 2048 bytes.
</pre>
					
				
				<h3 id="arduino:mbed_nano:nanorp2040connect">arduino:mbed_nano:nanorp2040connect @ 2.7.2</h3>
				<h4>Inclusion</h4>
				<p>
					Result: <b>PASS</b>
					
				</p>
				<pre class="pre-scrollable">Sketch uses 78756 bytes (0%) of program storage space. Maximum is 16777216 bytes.
Global variables use 43444 bytes (16%) of dynamic memory, leaving 226892 bytes for local variables. Maximum is 270336 bytes.
</pre>

					
					<h4>examples/nativeRX</h4>
					<p>
						Result: <b>PASS</b>
					</p>
					<pre class="pre-scrollable">Sketch uses 81318 bytes (0%) of program storage space. Maximum is 16777216 bytes.
Global variables use 43740 bytes (16%) of dynamic memory, leaving 226596 bytes for local variables. Maximum is 270336 bytes.
</pre>
					
					<h4>examples/nativeTX</h4>
					<p>
						Result: <b>PASS</b>
					</p>
					<pre class="pre-scrollable">Sketch uses 79354 bytes (0%) of program storage space. Maximum is 16777216 bytes.
Global variables use 43448 bytes (16%) of dynamic memory, leaving 226888 bytes for local variables. Maximum is 270336 bytes.
</pre>
					
					<h4>examples/streamRX</h4>
					<p>
						Result: <b>FAIL</b>
					</p>
					<pre class="pre-scrollable">In file included from /home/ec2-user/arduino-testlib/cli-datadir/user/libraries/GyverTransfer/examples/streamRX/streamRX.ino:3:0:
/home/ec2-user/arduino-testlib/cli-datadir/user/libraries/GyverTransfer/src/GyverTransfer.h: In member function &#39;virtual size_t GyverTransfer&lt;GT_PIN, GT_ROLE, GT_SPEED, GT_RXBUF&gt;::write(uint8_t)&#39;:
/home/ec2-user/arduino-testlib/cli-datadir/user/libraries/GyverTransfer/src/GyverTransfer.h:152:9: error: return-statement with no value, in function returning &#39;size_t {aka unsigned int}&#39; [-fpermissive]
         return;
         ^~~~~~
/home/ec2-user/arduino-testlib/cli-datadir/user/libraries/GyverTransfer/src/GyverTransfer.h: In member function &#39;virtual size_t GyverTransfer&lt;GT_PIN, GT_ROLE, GT_SPEED, GT_RXBUF&gt;::write(const uint8_t*, size_t)&#39;:
/home/ec2-user/arduino-testlib/cli-datadir/user/libraries/GyverTransfer/src/GyverTransfer.h:174:9: error: return-statement with no value, in function returning &#39;size_t {aka unsigned int}&#39; [-fpermissive]
         return;
         ^~~~~~
/home/ec2-user/arduino-testlib/cli-datadir/user/libraries/GyverTransfer/src/GyverTransfer.h: In instantiation of &#39;size_t GyverTransfer&lt;GT_PIN, GT_ROLE, GT_SPEED, GT_RXBUF&gt;::write(uint8_t) [with unsigned char GT_PIN = 2; unsigned char GT_ROLE = 1; short unsigned int GT_SPEED = 5000; short unsigned int GT_RXBUF = 20; size_t = unsigned int; uint8_t = unsigned char]&#39;:
/home/ec2-user/arduino-testlib/cli-datadir/user/libraries/GyverTransfer/examples/streamRX/streamRX.ino:21:1:   required from here
/home/ec2-user/arduino-testlib/cli-datadir/user/libraries/GyverTransfer/src/GyverTransfer.h:152:9: error: return-statement with no value, in function returning &#39;size_t {aka unsigned int}&#39; [-fpermissive]
         return;
         ^~~~~~
/home/ec2-user/arduino-testlib/cli-datadir/user/libraries/GyverTransfer/src/GyverTransfer.h: In instantiation of &#39;size_t GyverTransfer&lt;GT_PIN, GT_ROLE, GT_SPEED, GT_RXBUF&gt;::write(const uint8_t*, size_t) [with unsigned char GT_PIN = 2; unsigned char GT_ROLE = 1; short unsigned int GT_SPEED = 5000; short unsigned int GT_RXBUF = 20; size_t = unsigned int; uint8_t = unsigned char]&#39;:
/home/ec2-user/arduino-testlib/cli-datadir/user/libraries/GyverTransfer/examples/streamRX/streamRX.ino:21:1:   required from here
/home/ec2-user/arduino-testlib/cli-datadir/user/libraries/GyverTransfer/src/GyverTransfer.h:174:9: error: return-statement with no value, in function returning &#39;size_t {aka unsigned int}&#39; [-fpermissive]
         return;
         ^~~~~~

</pre>
					
					<h4>examples/streamTX</h4>
					<p>
						Result: <b>FAIL</b>
					</p>
					<pre class="pre-scrollable">In file included from /home/ec2-user/arduino-testlib/cli-datadir/user/libraries/GyverTransfer/examples/streamTX/streamTX.ino:5:0:
/home/ec2-user/arduino-testlib/cli-datadir/user/libraries/GyverTransfer/src/GyverTransfer.h: In member function &#39;virtual size_t GyverTransfer&lt;GT_PIN, GT_ROLE, GT_SPEED, GT_RXBUF&gt;::write(uint8_t)&#39;:
/home/ec2-user/arduino-testlib/cli-datadir/user/libraries/GyverTransfer/src/GyverTransfer.h:152:9: error: return-statement with no value, in function returning &#39;size_t {aka unsigned int}&#39; [-fpermissive]
         return;
         ^~~~~~
/home/ec2-user/arduino-testlib/cli-datadir/user/libraries/GyverTransfer/src/GyverTransfer.h: In member function &#39;virtual size_t GyverTransfer&lt;GT_PIN, GT_ROLE, GT_SPEED, GT_RXBUF&gt;::write(const uint8_t*, size_t)&#39;:
/home/ec2-user/arduino-testlib/cli-datadir/user/libraries/GyverTransfer/src/GyverTransfer.h:174:9: error: return-statement with no value, in function returning &#39;size_t {aka unsigned int}&#39; [-fpermissive]
         return;
         ^~~~~~
/home/ec2-user/arduino-testlib/cli-datadir/user/libraries/GyverTransfer/src/GyverTransfer.h: In instantiation of &#39;size_t GyverTransfer&lt;GT_PIN, GT_ROLE, GT_SPEED, GT_RXBUF&gt;::write(uint8_t) [with unsigned char GT_PIN = 2; unsigned char GT_ROLE = 0; short unsigned int GT_SPEED = 5000; short unsigned int GT_RXBUF = 0; size_t = unsigned int; uint8_t = unsigned char]&#39;:
/home/ec2-user/arduino-testlib/cli-datadir/user/libraries/GyverTransfer/examples/streamTX/streamTX.ino:14:1:   required from here
/home/ec2-user/arduino-testlib/cli-datadir/user/libraries/GyverTransfer/src/GyverTransfer.h:152:9: error: return-statement with no value, in function returning &#39;size_t {aka unsigned int}&#39; [-fpermissive]
         return;
         ^~~~~~
/home/ec2-user/arduino-testlib/cli-datadir/user/libraries/GyverTransfer/src/GyverTransfer.h: In instantiation of &#39;size_t GyverTransfer&lt;GT_PIN, GT_ROLE, GT_SPEED, GT_RXBUF&gt;::write(const uint8_t*, size_t) [with unsigned char GT_PIN = 2; unsigned char GT_ROLE = 0; short unsigned int GT_SPEED = 5000; short unsigned int GT_RXBUF = 0; size_t = unsigned int; uint8_t = unsigned char]&#39;:
/home/ec2-user/arduino-testlib/cli-datadir/user/libraries/GyverTransfer/examples/streamTX/streamTX.ino:14:1:   required from here
/home/ec2-user/arduino-testlib/cli-datadir/user/libraries/GyverTransfer/src/GyverTransfer.h:174:9: error: return-statement with no value, in function returning &#39;size_t {aka unsigned int}&#39; [-fpermissive]
         return;
         ^~~~~~

</pre>
					
				
				<h3 id="arduino:megaavr:nona4809">arduino:megaavr:nona4809 @ 1.8.7</h3>
				<h4>Inclusion</h4>
				<p>
					Result: <b>PASS</b>
					
				</p>
				<pre class="pre-scrollable">Sketch uses 802 bytes (1%) of program storage space. Maximum is 49152 bytes.
Global variables use 22 bytes (0%) of dynamic memory, leaving 6122 bytes for local variables. Maximum is 6144 bytes.
</pre>

					
					<h4>examples/nativeRX</h4>
					<p>
						Result: <b>PASS</b>
					</p>
					<pre class="pre-scrollable">Sketch uses 5419 bytes (11%) of program storage space. Maximum is 49152 bytes.
Global variables use 406 bytes (6%) of dynamic memory, leaving 5738 bytes for local variables. Maximum is 6144 bytes.
</pre>
					
					<h4>examples/nativeTX</h4>
					<p>
						Result: <b>FAIL</b>
					</p>
					<pre class="pre-scrollable">In file included from /home/ec2-user/arduino-testlib/cli-datadir/user/libraries/GyverTransfer/examples/nativeTX/nativeTX.ino:11:0:
/home/ec2-user/arduino-testlib/cli-datadir/user/libraries/GyverTransfer/src/GyverTransfer.h: In instantiation of &#39;void GyverTransfer&lt;GT_PIN, GT_ROLE, GT_SPEED, GT_RXBUF&gt;::write(const uint8_t*, size_t) [with unsigned char GT_PIN = 2; unsigned char GT_ROLE = 0; unsigned int GT_SPEED = 5000; unsigned int GT_RXBUF = 0; uint8_t = unsigned char; size_t = unsigned int]&#39;:
/home/ec2-user/arduino-testlib/cli-datadir/user/libraries/GyverTransfer/src/GyverTransfer.h:192:14:   required from &#39;void GyverTransfer&lt;GT_PIN, GT_ROLE, GT_SPEED, GT_RXBUF&gt;::writeDataCRC(T&amp;) [with T = Data; unsigned char GT_PIN = 2; unsigned char GT_ROLE = 0; unsigned int GT_SPEED = 5000; unsigned int GT_RXBUF = 0]&#39;
/home/ec2-user/arduino-testlib/cli-datadir/user/libraries/GyverTransfer/examples/nativeTX/nativeTX.ino:26:23:   required from here
/home/ec2-user/arduino-testlib/cli-datadir/user/libraries/GyverTransfer/src/GyverTransfer.h:61:30: error: &#39;_delay_us&#39; was not declared in this scope
 #define GT_DELAY(x) _delay_us(x)
                     ~~~~~~~~~^~~
/home/ec2-user/arduino-testlib/cli-datadir/user/libraries/GyverTransfer/src/GyverTransfer.h:169:17: note: in expansion of macro &#39;GT_DELAY&#39;
                 GT_DELAY(2 * GT_START(GT_SPEED));
                 ^~~~~~~~
/home/ec2-user/arduino-testlib/cli-datadir/user/libraries/GyverTransfer/src/GyverTransfer.h:61:30: note: suggested alternative: &#39;delay&#39;
 #define GT_DELAY(x) _delay_us(x)
                     ~~~~~~~~~^~~
/home/ec2-user/arduino-testlib/cli-datadir/user/libraries/GyverTransfer/src/GyverTransfer.h:169:17: note: in expansion of macro &#39;GT_DELAY&#39;
                 GT_DELAY(2 * GT_START(GT_SPEED));
                 ^~~~~~~~
/home/ec2-user/arduino-testlib/cli-datadir/user/libraries/GyverTransfer/src/GyverTransfer.h: In instantiation of &#39;void GyverTransfer&lt;GT_PIN, GT_ROLE, GT_SPEED, GT_RXBUF&gt;::write(uint8_t) [with unsigned char GT_PIN = 2; unsigned char GT_ROLE = 0; unsigned int GT_SPEED = 5000; unsigned int GT_RXBUF = 0; uint8_t = unsigned char]&#39;:
/home/ec2-user/arduino-testlib/cli-datadir/user/libraries/GyverTransfer/src/GyverTransfer.h:193:14:   required from &#39;void GyverTransfer&lt;GT_PIN, GT_ROLE, GT_SPEED, GT_RXBUF&gt;::writeDataCRC(T&amp;) [with T = Data; unsigned char GT_PIN = 2; unsigned char GT_ROLE = 0; unsigned int GT_SPEED = 5000; unsigned int GT_RXBUF = 0]&#39;
/home/ec2-user/arduino-testlib/cli-datadir/user/libraries/GyverTransfer/examples/nativeTX/nativeTX.ino:26:23:   required from here
/home/ec2-user/arduino-testlib/cli-datadir/user/libraries/GyverTransfer/src/GyverTransfer.h:61:30: error: &#39;_delay_us&#39; was not declared in this scope
 #define GT_DELAY(x) _delay_us(x)
                     ~~~~~~~~~^~~
/home/ec2-user/arduino-testlib/cli-datadir/user/libraries/GyverTransfer/src/GyverTransfer.h:118:26: note: in expansion of macro &#39;GT_DELAY&#39;
                     else GT_DELAY(GT_HIGH(GT_SPEED));
                          ^~~~~~~~
/home/ec2-user/arduino-testlib/cli-datadir/user/libraries/GyverTransfer/src/GyverTransfer.h:61:30: note: suggested alternative: &#39;delay&#39;
 #define GT_DELAY(x) _delay_us(x)
                     ~~~~~~~~~^~~
/home/ec2-user/arduino-testlib/cli-datadir/user/libraries/GyverTransfer/src/GyverTransfer.h:118:26: note: in expansion of macro &#39;GT_DELAY&#39;
                     else GT_DELAY(GT_HIGH(GT_SPEED));
                          ^~~~~~~~
/home/ec2-user/arduino-testlib/cli-datadir/user/libraries/GyverTransfer/src/GyverTransfer.h:61:30: error: &#39;_delay_us&#39; was not declared in this scope
 #define GT_DELAY(x) _delay_us(x)
                     ~~~~~~~~~^~~
/home/ec2-user/arduino-testlib/cli-datadir/user/libraries/GyverTransfer/src/GyverTransfer.h:121:26: note: in expansion of macro &#39;GT_DELAY&#39;
                     else GT_DELAY(GT_LOW(GT_SPEED));
                          ^~~~~~~~
/home/ec2-user/arduino-testlib/cli-datadir/user/libraries/GyverTransfer/src/GyverTransfer.h:61:30: note: suggested alternative: &#39;delay&#39;
 #define GT_DELAY(x) _delay_us(x)
                     ~~~~~~~~~^~~
/home/ec2-user/arduino-testlib/cli-datadir/user/libraries/GyverTransfer/src/GyverTransfer.h:121:26: note: in expansion of macro &#39;GT_DELAY&#39;
                     else GT_DELAY(GT_LOW(GT_SPEED));
                          ^~~~~~~~
/home/ec2-user/arduino-testlib/cli-datadir/user/libraries/GyverTransfer/src/GyverTransfer.h:61:30: error: &#39;_delay_us&#39; was not declared in this scope
 #define GT_DELAY(x) _delay_us(x)
                     ~~~~~~~~~^~~
/home/ec2-user/arduino-testlib/cli-datadir/user/libraries/GyverTransfer/src/GyverTransfer.h:130:13: note: in expansion of macro &#39;GT_DELAY&#39;
             GT_DELAY(GT_START(GT_SPEED) - GT_OFFSET);                   // START пульс
             ^~~~~~~~
/home/ec2-user/arduino-testlib/cli-datadir/user/libraries/GyverTransfer/src/GyverTransfer.h:61:30: note: suggested alternative: &#39;delay&#39;
 #define GT_DELAY(x) _delay_us(x)
                     ~~~~~~~~~^~~
/home/ec2-user/arduino-testlib/cli-datadir/user/libraries/GyverTransfer/src/GyverTransfer.h:130:13: note: in expansion of macro &#39;GT_DELAY&#39;
             GT_DELAY(GT_START(GT_SPEED) - GT_OFFSET);                   // START пульс
             ^~~~~~~~
/home/ec2-user/arduino-testlib/cli-datadir/user/libraries/GyverTransfer/src/GyverTransfer.h:61:30: error: &#39;_delay_us&#39; was not declared in this scope
 #define GT_DELAY(x) _delay_us(x)
                     ~~~~~~~~~^~~
/home/ec2-user/arduino-testlib/cli-datadir/user/libraries/GyverTransfer/src/GyverTransfer.h:141:9: note: in expansion of macro &#39;GT_DELAY&#39;
         GT_DELAY(GT_LOW(GT_SPEED));                                     // LOW пульс (стоп бит)
         ^~~~~~~~
/home/ec2-user/arduino-testlib/cli-datadir/user/libraries/GyverTransfer/src/GyverTransfer.h:61:30: note: suggested alternative: &#39;delay&#39;
 #define GT_DELAY(x) _delay_us(x)
                     ~~~~~~~~~^~~
/home/ec2-user/arduino-testlib/cli-datadir/user/libraries/GyverTransfer/src/GyverTransfer.h:141:9: note: in expansion of macro &#39;GT_DELAY&#39;
         GT_DELAY(GT_LOW(GT_SPEED));                                     // LOW пульс (стоп бит)
         ^~~~~~~~
/home/ec2-user/arduino-testlib/cli-datadir/user/libraries/GyverTransfer/src/GyverTransfer.h: In instantiation of &#39;void GyverTransfer&lt;GT_PIN, GT_ROLE, GT_SPEED, GT_RXBUF&gt;::pulse38kHz(int) [with unsigned char GT_PIN = 2; unsigned char GT_ROLE = 0; unsigned int GT_SPEED = 5000; unsigned int GT_RXBUF = 0]&#39;:
/home/ec2-user/arduino-testlib/cli-datadir/user/libraries/GyverTransfer/src/GyverTransfer.h:114:23:   required from &#39;void GyverTransfer&lt;GT_PIN, GT_ROLE, GT_SPEED, GT_RXBUF&gt;::write(uint8_t) [with unsigned char GT_PIN = 2; unsigned char GT_ROLE = 0; unsigned int GT_SPEED = 5000; unsigned int GT_RXBUF = 0; uint8_t = unsigned char]&#39;
/home/ec2-user/arduino-testlib/cli-datadir/user/libraries/GyverTransfer/src/GyverTransfer.h:193:14:   required from &#39;void GyverTransfer&lt;GT_PIN, GT_ROLE, GT_SPEED, GT_RXBUF&gt;::writeDataCRC(T&amp;) [with T = Data; unsigned char GT_PIN = 2; unsigned char GT_ROLE = 0; unsigned int GT_SPEED = 5000; unsigned int GT_RXBUF = 0]&#39;
/home/ec2-user/arduino-testlib/cli-datadir/user/libraries/GyverTransfer/examples/nativeTX/nativeTX.ino:26:23:   required from here
/home/ec2-user/arduino-testlib/cli-datadir/user/libraries/GyverTransfer/src/GyverTransfer.h:61:30: error: &#39;_delay_us&#39; was not declared in this scope
 #define GT_DELAY(x) _delay_us(x)
                     ~~~~~~~~~^~~
/home/ec2-user/arduino-testlib/cli-datadir/user/libraries/GyverTransfer/src/GyverTransfer.h:355:13: note: in expansion of macro &#39;GT_DELAY&#39;
             GT_DELAY(12.5);
             ^~~~~~~~
/home/ec2-user/arduino-testlib/cli-datadir/user/libraries/GyverTransfer/src/GyverTransfer.h:61:30: note: suggested alternative: &#39;delay&#39;
 #define GT_DELAY(x) _delay_us(x)
                     ~~~~~~~~~^~~
/home/ec2-user/arduino-testlib/cli-datadir/user/libraries/GyverTransfer/src/GyverTransfer.h:355:13: note: in expansion of macro &#39;GT_DELAY&#39;
             GT_DELAY(12.5);
             ^~~~~~~~

</pre>
					
					<h4>examples/streamRX</h4>
					<p>
						Result: <b>FAIL</b>
					</p>
					<pre class="pre-scrollable">In file included from /home/ec2-user/arduino-testlib/cli-datadir/user/libraries/GyverTransfer/examples/streamRX/streamRX.ino:3:0:
/home/ec2-user/arduino-testlib/cli-datadir/user/libraries/GyverTransfer/src/GyverTransfer.h: In instantiation of &#39;size_t GyverTransfer&lt;GT_PIN, GT_ROLE, GT_SPEED, GT_RXBUF&gt;::write(uint8_t) [with unsigned char GT_PIN = 2; unsigned char GT_ROLE = 1; unsigned int GT_SPEED = 5000; unsigned int GT_RXBUF = 20; size_t = unsigned int; uint8_t = unsigned char]&#39;:
/home/ec2-user/arduino-testlib/cli-datadir/user/libraries/GyverTransfer/examples/streamRX/streamRX.ino:21:1:   required from here
/home/ec2-user/arduino-testlib/cli-datadir/user/libraries/GyverTransfer/src/GyverTransfer.h:61:30: error: &#39;_delay_us&#39; was not declared in this scope
 #define GT_DELAY(x) _delay_us(x)
                     ~~~~~~~~~^~~
/home/ec2-user/arduino-testlib/cli-datadir/user/libraries/GyverTransfer/src/GyverTransfer.h:118:26: note: in expansion of macro &#39;GT_DELAY&#39;
                     else GT_DELAY(GT_HIGH(GT_SPEED));
                          ^~~~~~~~
/home/ec2-user/arduino-testlib/cli-datadir/user/libraries/GyverTransfer/src/GyverTransfer.h:61:30: note: suggested alternative: &#39;delay&#39;
 #define GT_DELAY(x) _delay_us(x)
                     ~~~~~~~~~^~~
/home/ec2-user/arduino-testlib/cli-datadir/user/libraries/GyverTransfer/src/GyverTransfer.h:118:26: note: in expansion of macro &#39;GT_DELAY&#39;
                     else GT_DELAY(GT_HIGH(GT_SPEED));
                          ^~~~~~~~
/home/ec2-user/arduino-testlib/cli-datadir/user/libraries/GyverTransfer/src/GyverTransfer.h:61:30: error: &#39;_delay_us&#39; was not declared in this scope
 #define GT_DELAY(x) _delay_us(x)
                     ~~~~~~~~~^~~
/home/ec2-user/arduino-testlib/cli-datadir/user/libraries/GyverTransfer/src/GyverTransfer.h:121:26: note: in expansion of macro &#39;GT_DELAY&#39;
                     else GT_DELAY(GT_LOW(GT_SPEED));
                          ^~~~~~~~
/home/ec2-user/arduino-testlib/cli-datadir/user/libraries/GyverTransfer/src/GyverTransfer.h:61:30: note: suggested alternative: &#39;delay&#39;
 #define GT_DELAY(x) _delay_us(x)
                     ~~~~~~~~~^~~
/home/ec2-user/arduino-testlib/cli-datadir/user/libraries/GyverTransfer/src/GyverTransfer.h:121:26: note: in expansion of macro &#39;GT_DELAY&#39;
                     else GT_DELAY(GT_LOW(GT_SPEED));
                          ^~~~~~~~
/home/ec2-user/arduino-testlib/cli-datadir/user/libraries/GyverTransfer/src/GyverTransfer.h:61:30: error: &#39;_delay_us&#39; was not declared in this scope
 #define GT_DELAY(x) _delay_us(x)
                     ~~~~~~~~~^~~
/home/ec2-user/arduino-testlib/cli-datadir/user/libraries/GyverTransfer/src/GyverTransfer.h:130:13: note: in expansion of macro &#39;GT_DELAY&#39;
             GT_DELAY(GT_START(GT_SPEED) - GT_OFFSET);                   // START пульс
             ^~~~~~~~
/home/ec2-user/arduino-testlib/cli-datadir/user/libraries/GyverTransfer/src/GyverTransfer.h:61:30: note: suggested alternative: &#39;delay&#39;
 #define GT_DELAY(x) _delay_us(x)
                     ~~~~~~~~~^~~
/home/ec2-user/arduino-testlib/cli-datadir/user/libraries/GyverTransfer/src/GyverTransfer.h:130:13: note: in expansion of macro &#39;GT_DELAY&#39;
             GT_DELAY(GT_START(GT_SPEED) - GT_OFFSET);                   // START пульс
             ^~~~~~~~
/home/ec2-user/arduino-testlib/cli-datadir/user/libraries/GyverTransfer/src/GyverTransfer.h:61:30: error: &#39;_delay_us&#39; was not declared in this scope
 #define GT_DELAY(x) _delay_us(x)
                     ~~~~~~~~~^~~
/home/ec2-user/arduino-testlib/cli-datadir/user/libraries/GyverTransfer/src/GyverTransfer.h:141:9: note: in expansion of macro &#39;GT_DELAY&#39;
         GT_DELAY(GT_LOW(GT_SPEED));                                     // LOW пульс (стоп бит)
         ^~~~~~~~
/home/ec2-user/arduino-testlib/cli-datadir/user/libraries/GyverTransfer/src/GyverTransfer.h:61:30: note: suggested alternative: &#39;delay&#39;
 #define GT_DELAY(x) _delay_us(x)
                     ~~~~~~~~~^~~
/home/ec2-user/arduino-testlib/cli-datadir/user/libraries/GyverTransfer/src/GyverTransfer.h:141:9: note: in expansion of macro &#39;GT_DELAY&#39;
         GT_DELAY(GT_LOW(GT_SPEED));                                     // LOW пульс (стоп бит)
         ^~~~~~~~
/home/ec2-user/arduino-testlib/cli-datadir/user/libraries/GyverTransfer/src/GyverTransfer.h: In instantiation of &#39;size_t GyverTransfer&lt;GT_PIN, GT_ROLE, GT_SPEED, GT_RXBUF&gt;::write(const uint8_t*, size_t) [with unsigned char GT_PIN = 2; unsigned char GT_ROLE = 1; unsigned int GT_SPEED = 5000; unsigned int GT_RXBUF = 20; size_t = unsigned int; uint8_t = unsigned char]&#39;:
/home/ec2-user/arduino-testlib/cli-datadir/user/libraries/GyverTransfer/examples/streamRX/streamRX.ino:21:1:   required from here
/home/ec2-user/arduino-testlib/cli-datadir/user/libraries/GyverTransfer/src/GyverTransfer.h:61:30: error: &#39;_delay_us&#39; was not declared in this scope
 #define GT_DELAY(x) _delay_us(x)
                     ~~~~~~~~~^~~
/home/ec2-user/arduino-testlib/cli-datadir/user/libraries/GyverTransfer/src/GyverTransfer.h:169:17: note: in expansion of macro &#39;GT_DELAY&#39;
                 GT_DELAY(2 * GT_START(GT_SPEED));
                 ^~~~~~~~
/home/ec2-user/arduino-testlib/cli-datadir/user/libraries/GyverTransfer/src/GyverTransfer.h:61:30: note: suggested alternative: &#39;delay&#39;
 #define GT_DELAY(x) _delay_us(x)
                     ~~~~~~~~~^~~
/home/ec2-user/arduino-testlib/cli-datadir/user/libraries/GyverTransfer/src/GyverTransfer.h:169:17: note: in expansion of macro &#39;GT_DELAY&#39;
                 GT_DELAY(2 * GT_START(GT_SPEED));
                 ^~~~~~~~
/home/ec2-user/arduino-testlib/cli-datadir/user/libraries/GyverTransfer/src/GyverTransfer.h: In instantiation of &#39;void GyverTransfer&lt;GT_PIN, GT_ROLE, GT_SPEED, GT_RXBUF&gt;::pulse38kHz(int) [with unsigned char GT_PIN = 2; unsigned char GT_ROLE = 1; unsigned int GT_SPEED = 5000; unsigned int GT_RXBUF = 20]&#39;:
/home/ec2-user/arduino-testlib/cli-datadir/user/libraries/GyverTransfer/src/GyverTransfer.h:114:23:   required from &#39;size_t GyverTransfer&lt;GT_PIN, GT_ROLE, GT_SPEED, GT_RXBUF&gt;::write(uint8_t) [with unsigned char GT_PIN = 2; unsigned char GT_ROLE = 1; unsigned int GT_SPEED = 5000; unsigned int GT_RXBUF = 20; size_t = unsigned int; uint8_t = unsigned char]&#39;
/home/ec2-user/arduino-testlib/cli-datadir/user/libraries/GyverTransfer/examples/streamRX/streamRX.ino:21:1:   required from here
/home/ec2-user/arduino-testlib/cli-datadir/user/libraries/GyverTransfer/src/GyverTransfer.h:61:30: error: &#39;_delay_us&#39; was not declared in this scope
 #define GT_DELAY(x) _delay_us(x)
                     ~~~~~~~~~^~~
/home/ec2-user/arduino-testlib/cli-datadir/user/libraries/GyverTransfer/src/GyverTransfer.h:355:13: note: in expansion of macro &#39;GT_DELAY&#39;
             GT_DELAY(12.5);
             ^~~~~~~~
/home/ec2-user/arduino-testlib/cli-datadir/user/libraries/GyverTransfer/src/GyverTransfer.h:61:30: note: suggested alternative: &#39;delay&#39;
 #define GT_DELAY(x) _delay_us(x)
                     ~~~~~~~~~^~~
/home/ec2-user/arduino-testlib/cli-datadir/user/libraries/GyverTransfer/src/GyverTransfer.h:355:13: note: in expansion of macro &#39;GT_DELAY&#39;
             GT_DELAY(12.5);
             ^~~~~~~~

</pre>
					
					<h4>examples/streamTX</h4>
					<p>
						Result: <b>FAIL</b>
					</p>
					<pre class="pre-scrollable">In file included from /home/ec2-user/arduino-testlib/cli-datadir/user/libraries/GyverTransfer/examples/streamTX/streamTX.ino:5:0:
/home/ec2-user/arduino-testlib/cli-datadir/user/libraries/GyverTransfer/src/GyverTransfer.h: In instantiation of &#39;size_t GyverTransfer&lt;GT_PIN, GT_ROLE, GT_SPEED, GT_RXBUF&gt;::write(uint8_t) [with unsigned char GT_PIN = 2; unsigned char GT_ROLE = 0; unsigned int GT_SPEED = 5000; unsigned int GT_RXBUF = 0; size_t = unsigned int; uint8_t = unsigned char]&#39;:
/home/ec2-user/arduino-testlib/cli-datadir/user/libraries/GyverTransfer/examples/streamTX/streamTX.ino:14:1:   required from here
/home/ec2-user/arduino-testlib/cli-datadir/user/libraries/GyverTransfer/src/GyverTransfer.h:61:30: error: &#39;_delay_us&#39; was not declared in this scope
 #define GT_DELAY(x) _delay_us(x)
                     ~~~~~~~~~^~~
/home/ec2-user/arduino-testlib/cli-datadir/user/libraries/GyverTransfer/src/GyverTransfer.h:118:26: note: in expansion of macro &#39;GT_DELAY&#39;
                     else GT_DELAY(GT_HIGH(GT_SPEED));
                          ^~~~~~~~
/home/ec2-user/arduino-testlib/cli-datadir/user/libraries/GyverTransfer/src/GyverTransfer.h:61:30: note: suggested alternative: &#39;delay&#39;
 #define GT_DELAY(x) _delay_us(x)
                     ~~~~~~~~~^~~
/home/ec2-user/arduino-testlib/cli-datadir/user/libraries/GyverTransfer/src/GyverTransfer.h:118:26: note: in expansion of macro &#39;GT_DELAY&#39;
                     else GT_DELAY(GT_HIGH(GT_SPEED));
                          ^~~~~~~~
/home/ec2-user/arduino-testlib/cli-datadir/user/libraries/GyverTransfer/src/GyverTransfer.h:61:30: error: &#39;_delay_us&#39; was not declared in this scope
 #define GT_DELAY(x) _delay_us(x)
                     ~~~~~~~~~^~~
/home/ec2-user/arduino-testlib/cli-datadir/user/libraries/GyverTransfer/src/GyverTransfer.h:121:26: note: in expansion of macro &#39;GT_DELAY&#39;
                     else GT_DELAY(GT_LOW(GT_SPEED));
                          ^~~~~~~~
/home/ec2-user/arduino-testlib/cli-datadir/user/libraries/GyverTransfer/src/GyverTransfer.h:61:30: note: suggested alternative: &#39;delay&#39;
 #define GT_DELAY(x) _delay_us(x)
                     ~~~~~~~~~^~~
/home/ec2-user/arduino-testlib/cli-datadir/user/libraries/GyverTransfer/src/GyverTransfer.h:121:26: note: in expansion of macro &#39;GT_DELAY&#39;
                     else GT_DELAY(GT_LOW(GT_SPEED));
                          ^~~~~~~~
/home/ec2-user/arduino-testlib/cli-datadir/user/libraries/GyverTransfer/src/GyverTransfer.h:61:30: error: &#39;_delay_us&#39; was not declared in this scope
 #define GT_DELAY(x) _delay_us(x)
                     ~~~~~~~~~^~~
/home/ec2-user/arduino-testlib/cli-datadir/user/libraries/GyverTransfer/src/GyverTransfer.h:130:13: note: in expansion of macro &#39;GT_DELAY&#39;
             GT_DELAY(GT_START(GT_SPEED) - GT_OFFSET);                   // START пульс
             ^~~~~~~~
/home/ec2-user/arduino-testlib/cli-datadir/user/libraries/GyverTransfer/src/GyverTransfer.h:61:30: note: suggested alternative: &#39;delay&#39;
 #define GT_DELAY(x) _delay_us(x)
                     ~~~~~~~~~^~~
/home/ec2-user/arduino-testlib/cli-datadir/user/libraries/GyverTransfer/src/GyverTransfer.h:130:13: note: in expansion of macro &#39;GT_DELAY&#39;
             GT_DELAY(GT_START(GT_SPEED) - GT_OFFSET);                   // START пульс
             ^~~~~~~~
/home/ec2-user/arduino-testlib/cli-datadir/user/libraries/GyverTransfer/src/GyverTransfer.h:61:30: error: &#39;_delay_us&#39; was not declared in this scope
 #define GT_DELAY(x) _delay_us(x)
                     ~~~~~~~~~^~~
/home/ec2-user/arduino-testlib/cli-datadir/user/libraries/GyverTransfer/src/GyverTransfer.h:141:9: note: in expansion of macro &#39;GT_DELAY&#39;
         GT_DELAY(GT_LOW(GT_SPEED));                                     // LOW пульс (стоп бит)
         ^~~~~~~~
/home/ec2-user/arduino-testlib/cli-datadir/user/libraries/GyverTransfer/src/GyverTransfer.h:61:30: note: suggested alternative: &#39;delay&#39;
 #define GT_DELAY(x) _delay_us(x)
                     ~~~~~~~~~^~~
/home/ec2-user/arduino-testlib/cli-datadir/user/libraries/GyverTransfer/src/GyverTransfer.h:141:9: note: in expansion of macro &#39;GT_DELAY&#39;
         GT_DELAY(GT_LOW(GT_SPEED));                                     // LOW пульс (стоп бит)
         ^~~~~~~~
/home/ec2-user/arduino-testlib/cli-datadir/user/libraries/GyverTransfer/src/GyverTransfer.h: In instantiation of &#39;size_t GyverTransfer&lt;GT_PIN, GT_ROLE, GT_SPEED, GT_RXBUF&gt;::write(const uint8_t*, size_t) [with unsigned char GT_PIN = 2; unsigned char GT_ROLE = 0; unsigned int GT_SPEED = 5000; unsigned int GT_RXBUF = 0; size_t = unsigned int; uint8_t = unsigned char]&#39;:
/home/ec2-user/arduino-testlib/cli-datadir/user/libraries/GyverTransfer/examples/streamTX/streamTX.ino:14:1:   required from here
/home/ec2-user/arduino-testlib/cli-datadir/user/libraries/GyverTransfer/src/GyverTransfer.h:61:30: error: &#39;_delay_us&#39; was not declared in this scope
 #define GT_DELAY(x) _delay_us(x)
                     ~~~~~~~~~^~~
/home/ec2-user/arduino-testlib/cli-datadir/user/libraries/GyverTransfer/src/GyverTransfer.h:169:17: note: in expansion of macro &#39;GT_DELAY&#39;
                 GT_DELAY(2 * GT_START(GT_SPEED));
                 ^~~~~~~~
/home/ec2-user/arduino-testlib/cli-datadir/user/libraries/GyverTransfer/src/GyverTransfer.h:61:30: note: suggested alternative: &#39;delay&#39;
 #define GT_DELAY(x) _delay_us(x)
                     ~~~~~~~~~^~~
/home/ec2-user/arduino-testlib/cli-datadir/user/libraries/GyverTransfer/src/GyverTransfer.h:169:17: note: in expansion of macro &#39;GT_DELAY&#39;
                 GT_DELAY(2 * GT_START(GT_SPEED));
                 ^~~~~~~~
/home/ec2-user/arduino-testlib/cli-datadir/user/libraries/GyverTransfer/src/GyverTransfer.h: In instantiation of &#39;void GyverTransfer&lt;GT_PIN, GT_ROLE, GT_SPEED, GT_RXBUF&gt;::pulse38kHz(int) [with unsigned char GT_PIN = 2; unsigned char GT_ROLE = 0; unsigned int GT_SPEED = 5000; unsigned int GT_RXBUF = 0]&#39;:
/home/ec2-user/arduino-testlib/cli-datadir/user/libraries/GyverTransfer/src/GyverTransfer.h:114:23:   required from &#39;size_t GyverTransfer&lt;GT_PIN, GT_ROLE, GT_SPEED, GT_RXBUF&gt;::write(uint8_t) [with unsigned char GT_PIN = 2; unsigned char GT_ROLE = 0; unsigned int GT_SPEED = 5000; unsigned int GT_RXBUF = 0; size_t = unsigned int; uint8_t = unsigned char]&#39;
/home/ec2-user/arduino-testlib/cli-datadir/user/libraries/GyverTransfer/examples/streamTX/streamTX.ino:14:1:   required from here
/home/ec2-user/arduino-testlib/cli-datadir/user/libraries/GyverTransfer/src/GyverTransfer.h:61:30: error: &#39;_delay_us&#39; was not declared in this scope
 #define GT_DELAY(x) _delay_us(x)
                     ~~~~~~~~~^~~
/home/ec2-user/arduino-testlib/cli-datadir/user/libraries/GyverTransfer/src/GyverTransfer.h:355:13: note: in expansion of macro &#39;GT_DELAY&#39;
             GT_DELAY(12.5);
             ^~~~~~~~
/home/ec2-user/arduino-testlib/cli-datadir/user/libraries/GyverTransfer/src/GyverTransfer.h:61:30: note: suggested alternative: &#39;delay&#39;
 #define GT_DELAY(x) _delay_us(x)
                     ~~~~~~~~~^~~
/home/ec2-user/arduino-testlib/cli-datadir/user/libraries/GyverTransfer/src/GyverTransfer.h:355:13: note: in expansion of macro &#39;GT_DELAY&#39;
             GT_DELAY(12.5);
             ^~~~~~~~

</pre>
					
				
				<h3 id="arduino:samd:mkrwifi1010">arduino:samd:mkrwifi1010 @ 1.8.12</h3>
				<h4>Inclusion</h4>
				<p>
					Result: <b>PASS</b>
					
				</p>
				<pre class="pre-scrollable">Sketch uses 12156 bytes (4%) of program storage space. Maximum is 262144 bytes.
Global variables use 2996 bytes (9%) of dynamic memory, leaving 29772 bytes for local variables. Maximum is 32768 bytes.
</pre>

					
					<h4>examples/nativeRX</h4>
					<p>
						Result: <b>PASS</b>
					</p>
					<pre class="pre-scrollable">Sketch uses 21516 bytes (8%) of program storage space. Maximum is 262144 bytes.
Global variables use 3180 bytes (9%) of dynamic memory, leaving 29588 bytes for local variables. Maximum is 32768 bytes.
</pre>
					
					<h4>examples/nativeTX</h4>
					<p>
						Result: <b>PASS</b>
					</p>
					<pre class="pre-scrollable">Sketch uses 12444 bytes (4%) of program storage space. Maximum is 262144 bytes.
Global variables use 3000 bytes (9%) of dynamic memory, leaving 29768 bytes for local variables. Maximum is 32768 bytes.
</pre>
					
					<h4>examples/streamRX</h4>
					<p>
						Result: <b>FAIL</b>
					</p>
					<pre class="pre-scrollable">In file included from /home/ec2-user/arduino-testlib/cli-datadir/user/libraries/GyverTransfer/examples/streamRX/streamRX.ino:3:0:
/home/ec2-user/arduino-testlib/cli-datadir/user/libraries/GyverTransfer/src/GyverTransfer.h: In member function &#39;virtual size_t GyverTransfer&lt;GT_PIN, GT_ROLE, GT_SPEED, GT_RXBUF&gt;::write(uint8_t)&#39;:
/home/ec2-user/arduino-testlib/cli-datadir/user/libraries/GyverTransfer/src/GyverTransfer.h:152:9: error: return-statement with no value, in function returning &#39;size_t {aka unsigned int}&#39; [-fpermissive]
         return;
         ^~~~~~
/home/ec2-user/arduino-testlib/cli-datadir/user/libraries/GyverTransfer/src/GyverTransfer.h: In member function &#39;virtual size_t GyverTransfer&lt;GT_PIN, GT_ROLE, GT_SPEED, GT_RXBUF&gt;::write(const uint8_t*, size_t)&#39;:
/home/ec2-user/arduino-testlib/cli-datadir/user/libraries/GyverTransfer/src/GyverTransfer.h:174:9: error: return-statement with no value, in function returning &#39;size_t {aka unsigned int}&#39; [-fpermissive]
         return;
         ^~~~~~
/home/ec2-user/arduino-testlib/cli-datadir/user/libraries/GyverTransfer/src/GyverTransfer.h: In instantiation of &#39;size_t GyverTransfer&lt;GT_PIN, GT_ROLE, GT_SPEED, GT_RXBUF&gt;::write(uint8_t) [with unsigned char GT_PIN = 2; unsigned char GT_ROLE = 1; short unsigned int GT_SPEED = 5000; short unsigned int GT_RXBUF = 20; size_t = unsigned int; uint8_t = unsigned char]&#39;:
/home/ec2-user/arduino-testlib/cli-datadir/user/libraries/GyverTransfer/examples/streamRX/streamRX.ino:21:1:   required from here
/home/ec2-user/arduino-testlib/cli-datadir/user/libraries/GyverTransfer/src/GyverTransfer.h:152:9: error: return-statement with no value, in function returning &#39;size_t {aka unsigned int}&#39; [-fpermissive]
         return;
         ^~~~~~
/home/ec2-user/arduino-testlib/cli-datadir/user/libraries/GyverTransfer/src/GyverTransfer.h: In instantiation of &#39;size_t GyverTransfer&lt;GT_PIN, GT_ROLE, GT_SPEED, GT_RXBUF&gt;::write(const uint8_t*, size_t) [with unsigned char GT_PIN = 2; unsigned char GT_ROLE = 1; short unsigned int GT_SPEED = 5000; short unsigned int GT_RXBUF = 20; size_t = unsigned int; uint8_t = unsigned char]&#39;:
/home/ec2-user/arduino-testlib/cli-datadir/user/libraries/GyverTransfer/examples/streamRX/streamRX.ino:21:1:   required from here
/home/ec2-user/arduino-testlib/cli-datadir/user/libraries/GyverTransfer/src/GyverTransfer.h:174:9: error: return-statement with no value, in function returning &#39;size_t {aka unsigned int}&#39; [-fpermissive]
         return;
         ^~~~~~

</pre>
					
					<h4>examples/streamTX</h4>
					<p>
						Result: <b>FAIL</b>
					</p>
					<pre class="pre-scrollable">In file included from /home/ec2-user/arduino-testlib/cli-datadir/user/libraries/GyverTransfer/examples/streamTX/streamTX.ino:5:0:
/home/ec2-user/arduino-testlib/cli-datadir/user/libraries/GyverTransfer/src/GyverTransfer.h: In member function &#39;virtual size_t GyverTransfer&lt;GT_PIN, GT_ROLE, GT_SPEED, GT_RXBUF&gt;::write(uint8_t)&#39;:
/home/ec2-user/arduino-testlib/cli-datadir/user/libraries/GyverTransfer/src/GyverTransfer.h:152:9: error: return-statement with no value, in function returning &#39;size_t {aka unsigned int}&#39; [-fpermissive]
         return;
         ^~~~~~
/home/ec2-user/arduino-testlib/cli-datadir/user/libraries/GyverTransfer/src/GyverTransfer.h: In member function &#39;virtual size_t GyverTransfer&lt;GT_PIN, GT_ROLE, GT_SPEED, GT_RXBUF&gt;::write(const uint8_t*, size_t)&#39;:
/home/ec2-user/arduino-testlib/cli-datadir/user/libraries/GyverTransfer/src/GyverTransfer.h:174:9: error: return-statement with no value, in function returning &#39;size_t {aka unsigned int}&#39; [-fpermissive]
         return;
         ^~~~~~
/home/ec2-user/arduino-testlib/cli-datadir/user/libraries/GyverTransfer/src/GyverTransfer.h: In instantiation of &#39;size_t GyverTransfer&lt;GT_PIN, GT_ROLE, GT_SPEED, GT_RXBUF&gt;::write(uint8_t) [with unsigned char GT_PIN = 2; unsigned char GT_ROLE = 0; short unsigned int GT_SPEED = 5000; short unsigned int GT_RXBUF = 0; size_t = unsigned int; uint8_t = unsigned char]&#39;:
/home/ec2-user/arduino-testlib/cli-datadir/user/libraries/GyverTransfer/examples/streamTX/streamTX.ino:14:1:   required from here
/home/ec2-user/arduino-testlib/cli-datadir/user/libraries/GyverTransfer/src/GyverTransfer.h:152:9: error: return-statement with no value, in function returning &#39;size_t {aka unsigned int}&#39; [-fpermissive]
         return;
         ^~~~~~
/home/ec2-user/arduino-testlib/cli-datadir/user/libraries/GyverTransfer/src/GyverTransfer.h: In instantiation of &#39;size_t GyverTransfer&lt;GT_PIN, GT_ROLE, GT_SPEED, GT_RXBUF&gt;::write(const uint8_t*, size_t) [with unsigned char GT_PIN = 2; unsigned char GT_ROLE = 0; short unsigned int GT_SPEED = 5000; short unsigned int GT_RXBUF = 0; size_t = unsigned int; uint8_t = unsigned char]&#39;:
/home/ec2-user/arduino-testlib/cli-datadir/user/libraries/GyverTransfer/examples/streamTX/streamTX.ino:14:1:   required from here
/home/ec2-user/arduino-testlib/cli-datadir/user/libraries/GyverTransfer/src/GyverTransfer.h:174:9: error: return-statement with no value, in function returning &#39;size_t {aka unsigned int}&#39; [-fpermissive]
         return;
         ^~~~~~

</pre>
					
				
				<h3 id="esp32:esp32:d1_mini32">esp32:esp32:d1_mini32 @ 1.0.6</h3>
				<h4>Inclusion</h4>
				<p>
					Result: <b>PASS</b>
					
				</p>
				<pre class="pre-scrollable">Sketch uses 197736 bytes (15%) of program storage space. Maximum is 1310720 bytes.
Global variables use 13084 bytes (3%) of dynamic memory, leaving 314596 bytes for local variables. Maximum is 327680 bytes.
</pre>

					
					<h4>examples/nativeRX</h4>
					<p>
						Result: <b>PASS</b>
					</p>
					<pre class="pre-scrollable">Sketch uses 206226 bytes (15%) of program storage space. Maximum is 1310720 bytes.
Global variables use 13944 bytes (4%) of dynamic memory, leaving 313736 bytes for local variables. Maximum is 327680 bytes.
</pre>
					
					<h4>examples/nativeTX</h4>
					<p>
						Result: <b>PASS</b>
					</p>
					<pre class="pre-scrollable">Sketch uses 199218 bytes (15%) of program storage space. Maximum is 1310720 bytes.
Global variables use 13256 bytes (4%) of dynamic memory, leaving 314424 bytes for local variables. Maximum is 327680 bytes.
</pre>
					
					<h4>examples/streamRX</h4>
					<p>
						Result: <b>FAIL</b>
					</p>
					<pre class="pre-scrollable">/home/ec2-user/arduino-testlib/cli-datadir/user/libraries/GyverTransfer/examples/streamRX/streamRX.ino:4:35: error: cannot declare variable &#39;rx&#39; to be of abstract type &#39;GyverTransfer&lt;2u, 1u, 5000u, 20u&gt;&#39;
 GyverTransfer&lt;2, GT_RX, 5000, 20&gt; rx;
                                   ^
In file included from /home/ec2-user/arduino-testlib/cli-datadir/user/libraries/GyverTransfer/examples/streamRX/streamRX.ino:3:0:
/home/ec2-user/arduino-testlib/cli-datadir/user/libraries/GyverTransfer/src/GyverTransfer.h:69:7: note:   because the following virtual functions are pure within &#39;GyverTransfer&lt;2u, 1u, 5000u, 20u&gt;&#39;:
 class GyverTransfer
       ^
In file included from /home/ec2-user/arduino-testlib/cli-datadir/data/packages/esp32/hardware/esp32/1.0.6/cores/esp32/Arduino.h:147:0,
                 from /tmp/arduino-sketch-80A4F6E8F2B99D303DD31F12FFAFAC7A/sketch/streamRX.ino.cpp:1:
/home/ec2-user/arduino-testlib/cli-datadir/data/packages/esp32/hardware/esp32/1.0.6/cores/esp32/Stream.h:51:18: note: 	virtual void Stream::flush()
     virtual void flush() = 0;
                  ^
In file included from /home/ec2-user/arduino-testlib/cli-datadir/user/libraries/GyverTransfer/examples/streamRX/streamRX.ino:3:0:
/home/ec2-user/arduino-testlib/cli-datadir/user/libraries/GyverTransfer/src/GyverTransfer.h: In instantiation of &#39;size_t GyverTransfer&lt;GT_PIN, GT_ROLE, GT_SPEED, GT_RXBUF&gt;::write(uint8_t) [with unsigned char GT_PIN = 2u; unsigned char GT_ROLE = 1u; short unsigned int GT_SPEED = 5000u; short unsigned int GT_RXBUF = 20u; size_t = unsigned int; uint8_t = unsigned char]&#39;:
/home/ec2-user/arduino-testlib/cli-datadir/user/libraries/GyverTransfer/examples/streamRX/streamRX.ino:21:1:   required from here
/home/ec2-user/arduino-testlib/cli-datadir/user/libraries/GyverTransfer/src/GyverTransfer.h:152:9: error: return-statement with no value, in function returning &#39;size_t {aka unsigned int}&#39; [-fpermissive]
         return;
         ^
/home/ec2-user/arduino-testlib/cli-datadir/user/libraries/GyverTransfer/src/GyverTransfer.h: In instantiation of &#39;size_t GyverTransfer&lt;GT_PIN, GT_ROLE, GT_SPEED, GT_RXBUF&gt;::write(const uint8_t*, size_t) [with unsigned char GT_PIN = 2u; unsigned char GT_ROLE = 1u; short unsigned int GT_SPEED = 5000u; short unsigned int GT_RXBUF = 20u; size_t = unsigned int; uint8_t = unsigned char]&#39;:
/home/ec2-user/arduino-testlib/cli-datadir/user/libraries/GyverTransfer/examples/streamRX/streamRX.ino:21:1:   required from here
/home/ec2-user/arduino-testlib/cli-datadir/user/libraries/GyverTransfer/src/GyverTransfer.h:174:9: error: return-statement with no value, in function returning &#39;size_t {aka unsigned int}&#39; [-fpermissive]
         return;
         ^

</pre>
					
					<h4>examples/streamTX</h4>
					<p>
						Result: <b>FAIL</b>
					</p>
					<pre class="pre-scrollable">In file included from /home/ec2-user/arduino-testlib/cli-datadir/user/libraries/GyverTransfer/examples/streamTX/streamTX.ino:5:0:
/home/ec2-user/arduino-testlib/cli-datadir/user/libraries/GyverTransfer/src/GyverTransfer.h: In instantiation of &#39;size_t GyverTransfer&lt;GT_PIN, GT_ROLE, GT_SPEED, GT_RXBUF&gt;::write(uint8_t) [with unsigned char GT_PIN = 2u; unsigned char GT_ROLE = 0u; short unsigned int GT_SPEED = 5000u; short unsigned int GT_RXBUF = 0u; size_t = unsigned int; uint8_t = unsigned char]&#39;:
/home/ec2-user/arduino-testlib/cli-datadir/user/libraries/GyverTransfer/examples/streamTX/streamTX.ino:14:1:   required from here
/home/ec2-user/arduino-testlib/cli-datadir/user/libraries/GyverTransfer/src/GyverTransfer.h:152:9: error: return-statement with no value, in function returning &#39;size_t {aka unsigned int}&#39; [-fpermissive]
         return;
         ^
/home/ec2-user/arduino-testlib/cli-datadir/user/libraries/GyverTransfer/src/GyverTransfer.h: In instantiation of &#39;size_t GyverTransfer&lt;GT_PIN, GT_ROLE, GT_SPEED, GT_RXBUF&gt;::write(const uint8_t*, size_t) [with unsigned char GT_PIN = 2u; unsigned char GT_ROLE = 0u; short unsigned int GT_SPEED = 5000u; short unsigned int GT_RXBUF = 0u; size_t = unsigned int; uint8_t = unsigned char]&#39;:
/home/ec2-user/arduino-testlib/cli-datadir/user/libraries/GyverTransfer/examples/streamTX/streamTX.ino:14:1:   required from here
/home/ec2-user/arduino-testlib/cli-datadir/user/libraries/GyverTransfer/src/GyverTransfer.h:174:9: error: return-statement with no value, in function returning &#39;size_t {aka unsigned int}&#39; [-fpermissive]
         return;
         ^

</pre>
					
				
			</div>
		</div>
	</div>
  </body>
</html>
