
<!doctype html>
<html lang="en">
  <head>
    <meta charset="utf-8">
    <meta name="viewport" content="width=device-width, initial-scale=1">
    <link href="https://cdn.jsdelivr.net/npm/bootstrap@5.0.2/dist/css/bootstrap.min.css" rel="stylesheet" integrity="sha384-EVSTQN3/azprG1Anm3QDgpJLIm9Nao0Yz1ztcQTwFspd3yD65VohhpuuCOmLASjC" crossorigin="anonymous">
    <title>arduino-testlib report</title>
	<style>
	.pass { background-color: #00FF00 !important; }
	.fail { background-color: #FF0000 !important; }
	</style>
  </head>
  <body>
	<div class="container">
		<div class="row">
			<div class="col">
				<h1>Harvard_TinyMLx - compatibility matrix</h1>
				<p>
					<small>This report was generated on Monday, 21-Feb-22 12:00:25 CET using 
					<a href="https://github.com/alranel/arduino-testlib">arduino-testlib</a>.</small>
				</p>

				<h2>Harvard_TinyMLx</h2>
				<p>
					Version: <b>1.1.0-Alpha</b>
					<br />
					<a href="https://www.arduino.cc/reference/en/libraries/harvard_tinymlx/">More details</a>
				</p>

				<h2>Compatibility matrix</h2>
				<table class="table table-bordered">
					<tr>
						<th>Board</th>
						<th>Claims compatibility</th>
						<th>Inclusion</th>
						
						<th><pre>magic_wand</pre></th>
						
						<th><pre>micro_speech</pre></th>
						
						<th><pre>multi_tenant</pre></th>
						
						<th><pre>person_detection</pre></th>
						
						<th><pre>test_IMU</pre></th>
						
						<th><pre>test_camera</pre></th>
						
						<th><pre>test_microphone</pre></th>
						
					</tr>
					
					<tr>
						<td>
							<a href="#arduino%3aavr%3auno"><b>arduino:avr:uno</b></a>
							<br />
							<small>1.8.4</small>
						</td>

						
						
						
						
							<td>No</td>
							<td class="fail">FAIL</td>
						

						
							
								
									
										
											
											<td class="fail">FAIL</td>
										
									
										
									
										
									
										
									
										
									
										
									
										
									
								
							
								
							
								
							
								
							
								
							
						
							
								
									
										
									
										
											
											<td class="fail">FAIL</td>
										
									
										
									
										
									
										
									
										
									
										
									
								
							
								
							
								
							
								
							
								
							
						
							
								
									
										
									
										
									
										
											
											<td class="fail">FAIL</td>
										
									
										
									
										
									
										
									
										
									
								
							
								
							
								
							
								
							
								
							
						
							
								
									
										
									
										
									
										
									
										
											
											<td class="fail">FAIL</td>
										
									
										
									
										
									
										
									
								
							
								
							
								
							
								
							
								
							
						
							
								
									
										
									
										
									
										
									
										
									
										
											<td class="pass">PASS</td>
											
										
									
										
									
										
									
								
							
								
							
								
							
								
							
								
							
						
							
								
									
										
									
										
									
										
									
										
									
										
									
										
											
											<td class="fail">FAIL</td>
										
									
										
									
								
							
								
							
								
							
								
							
								
							
						
							
								
									
										
									
										
									
										
									
										
									
										
									
										
									
										
											
											<td class="fail">FAIL</td>
										
									
								
							
								
							
								
							
								
							
								
							
						
					</tr>
					
					<tr>
						<td>
							<a href="#arduino%3ambed_nano%3ananorp2040connect"><b>arduino:mbed_nano:nanorp2040connect</b></a>
							<br />
							<small>2.7.2</small>
						</td>

						
						
						
							<td>Yes ⚠️</td>
							<td class="fail">FAIL</td>
						
						

						
							
								
							
								
									
										
											<td class="pass">PASS</td>
											
										
									
										
									
										
									
										
									
										
									
										
									
										
									
								
							
								
							
								
							
								
							
						
							
								
							
								
									
										
									
										
											
											<td class="fail">FAIL</td>
										
									
										
									
										
									
										
									
										
									
										
									
								
							
								
							
								
							
								
							
						
							
								
							
								
									
										
									
										
									
										
											
											<td class="fail">FAIL</td>
										
									
										
									
										
									
										
									
										
									
								
							
								
							
								
							
								
							
						
							
								
							
								
									
										
									
										
									
										
									
										
											
											<td class="fail">FAIL</td>
										
									
										
									
										
									
										
									
								
							
								
							
								
							
								
							
						
							
								
							
								
									
										
									
										
									
										
									
										
									
										
											<td class="pass">PASS</td>
											
										
									
										
									
										
									
								
							
								
							
								
							
								
							
						
							
								
							
								
									
										
									
										
									
										
									
										
									
										
									
										
											
											<td class="fail">FAIL</td>
										
									
										
									
								
							
								
							
								
							
								
							
						
							
								
							
								
									
										
									
										
									
										
									
										
									
										
									
										
									
										
											
											<td class="fail">FAIL</td>
										
									
								
							
								
							
								
							
								
							
						
					</tr>
					
					<tr>
						<td>
							<a href="#arduino%3amegaavr%3anona4809"><b>arduino:megaavr:nona4809</b></a>
							<br />
							<small>1.8.7</small>
						</td>

						
						
						
						
							<td>No</td>
							<td class="fail">FAIL</td>
						

						
							
								
							
								
							
								
									
										
											
											<td class="fail">FAIL</td>
										
									
										
									
										
									
										
									
										
									
										
									
										
									
								
							
								
							
								
							
						
							
								
							
								
							
								
									
										
									
										
											
											<td class="fail">FAIL</td>
										
									
										
									
										
									
										
									
										
									
										
									
								
							
								
							
								
							
						
							
								
							
								
							
								
									
										
									
										
									
										
											
											<td class="fail">FAIL</td>
										
									
										
									
										
									
										
									
										
									
								
							
								
							
								
							
						
							
								
							
								
							
								
									
										
									
										
									
										
									
										
											
											<td class="fail">FAIL</td>
										
									
										
									
										
									
										
									
								
							
								
							
								
							
						
							
								
							
								
							
								
									
										
									
										
									
										
									
										
									
										
											<td class="pass">PASS</td>
											
										
									
										
									
										
									
								
							
								
							
								
							
						
							
								
							
								
							
								
									
										
									
										
									
										
									
										
									
										
									
										
											
											<td class="fail">FAIL</td>
										
									
										
									
								
							
								
							
								
							
						
							
								
							
								
							
								
									
										
									
										
									
										
									
										
									
										
									
										
									
										
											
											<td class="fail">FAIL</td>
										
									
								
							
								
							
								
							
						
					</tr>
					
					<tr>
						<td>
							<a href="#arduino%3asamd%3amkrwifi1010"><b>arduino:samd:mkrwifi1010</b></a>
							<br />
							<small>1.8.12</small>
						</td>

						
						
						
						
							<td>No</td>
							<td class="fail">FAIL</td>
						

						
							
								
							
								
							
								
							
								
									
										
											
											<td class="fail">FAIL</td>
										
									
										
									
										
									
										
									
										
									
										
									
										
									
								
							
								
							
						
							
								
							
								
							
								
							
								
									
										
									
										
											
											<td class="fail">FAIL</td>
										
									
										
									
										
									
										
									
										
									
										
									
								
							
								
							
						
							
								
							
								
							
								
							
								
									
										
									
										
									
										
											
											<td class="fail">FAIL</td>
										
									
										
									
										
									
										
									
										
									
								
							
								
							
						
							
								
							
								
							
								
							
								
									
										
									
										
									
										
									
										
											
											<td class="fail">FAIL</td>
										
									
										
									
										
									
										
									
								
							
								
							
						
							
								
							
								
							
								
							
								
									
										
									
										
									
										
									
										
									
										
											<td class="pass">PASS</td>
											
										
									
										
									
										
									
								
							
								
							
						
							
								
							
								
							
								
							
								
									
										
									
										
									
										
									
										
									
										
									
										
											
											<td class="fail">FAIL</td>
										
									
										
									
								
							
								
							
						
							
								
							
								
							
								
							
								
									
										
									
										
									
										
									
										
									
										
									
										
									
										
											
											<td class="fail">FAIL</td>
										
									
								
							
								
							
						
					</tr>
					
					<tr>
						<td>
							<a href="#esp32%3aesp32%3ad1_mini32"><b>esp32:esp32:d1_mini32</b></a>
							<br />
							<small>1.0.6</small>
						</td>

						
						
						
						
							<td>No</td>
							<td class="fail">FAIL</td>
						

						
							
								
							
								
							
								
							
								
							
								
									
										
											
											<td class="fail">FAIL</td>
										
									
										
									
										
									
										
									
										
									
										
									
										
									
								
							
						
							
								
							
								
							
								
							
								
							
								
									
										
									
										
											
											<td class="fail">FAIL</td>
										
									
										
									
										
									
										
									
										
									
										
									
								
							
						
							
								
							
								
							
								
							
								
							
								
									
										
									
										
									
										
											
											<td class="fail">FAIL</td>
										
									
										
									
										
									
										
									
										
									
								
							
						
							
								
							
								
							
								
							
								
							
								
									
										
									
										
									
										
									
										
											
											<td class="fail">FAIL</td>
										
									
										
									
										
									
										
									
								
							
						
							
								
							
								
							
								
							
								
							
								
									
										
									
										
									
										
									
										
									
										
											
											<td class="fail">FAIL</td>
										
									
										
									
										
									
								
							
						
							
								
							
								
							
								
							
								
							
								
									
										
									
										
									
										
									
										
									
										
									
										
											
											<td class="fail">FAIL</td>
										
									
										
									
								
							
						
							
								
							
								
							
								
							
								
							
								
									
										
									
										
									
										
									
										
									
										
									
										
									
										
											
											<td class="fail">FAIL</td>
										
									
								
							
						
					</tr>
					
				</table>

				<h2>Compilation logs</h2>
				
				<h3 id="arduino:avr:uno">arduino:avr:uno @ 1.8.4</h3>
				<h4>Inclusion</h4>
				<p>
					Result: <b>FAIL</b>
					
					<br />This library has no main header file so an empty one was created.
					
				</p>
				<pre class="pre-scrollable">WARNING: library Harvard_TinyMLx claims to run on mbed_nano architecture(s) and may be incompatible with your current board which runs on avr architecture(s).
In file included from /tmp/arduino-testlib248806096/test/test.ino:1:0:
/home/ec2-user/arduino-testlib/cli-datadir/user/libraries/Harvard_TinyMLx/src/TinyMLShield.h: In function &#39;void nrf_gpio_cfg_out_with_input(uint32_t)&#39;:
/home/ec2-user/arduino-testlib/cli-datadir/user/libraries/Harvard_TinyMLx/src/TinyMLShield.h:8:5: error: &#39;NRF_GPIO_PIN_DIR_OUTPUT&#39; was not declared in this scope
     NRF_GPIO_PIN_DIR_OUTPUT,
     ^~~~~~~~~~~~~~~~~~~~~~~
/home/ec2-user/arduino-testlib/cli-datadir/user/libraries/Harvard_TinyMLx/src/TinyMLShield.h:9:5: error: &#39;NRF_GPIO_PIN_INPUT_CONNECT&#39; was not declared in this scope
     NRF_GPIO_PIN_INPUT_CONNECT,
     ^~~~~~~~~~~~~~~~~~~~~~~~~~
/home/ec2-user/arduino-testlib/cli-datadir/user/libraries/Harvard_TinyMLx/src/TinyMLShield.h:10:5: error: &#39;NRF_GPIO_PIN_PULLUP&#39; was not declared in this scope
     NRF_GPIO_PIN_PULLUP,
     ^~~~~~~~~~~~~~~~~~~
/home/ec2-user/arduino-testlib/cli-datadir/user/libraries/Harvard_TinyMLx/src/TinyMLShield.h:11:5: error: &#39;NRF_GPIO_PIN_S0S1&#39; was not declared in this scope
     NRF_GPIO_PIN_S0S1,
     ^~~~~~~~~~~~~~~~~
/home/ec2-user/arduino-testlib/cli-datadir/user/libraries/Harvard_TinyMLx/src/TinyMLShield.h:12:5: error: &#39;NRF_GPIO_PIN_NOSENSE&#39; was not declared in this scope
     NRF_GPIO_PIN_NOSENSE);
     ^~~~~~~~~~~~~~~~~~~~
/home/ec2-user/arduino-testlib/cli-datadir/user/libraries/Harvard_TinyMLx/src/TinyMLShield.h:6:3: error: &#39;nrf_gpio_cfg&#39; was not declared in this scope
   nrf_gpio_cfg(
   ^~~~~~~~~~~~
/home/ec2-user/arduino-testlib/cli-datadir/user/libraries/Harvard_TinyMLx/src/TinyMLShield.h: In function &#39;void initializeShield()&#39;:
/home/ec2-user/arduino-testlib/cli-datadir/user/libraries/Harvard_TinyMLx/src/TinyMLShield.h:25:31: error: &#39;digitalPinToPinName&#39; was not declared in this scope
   nrf_gpio_cfg_out_with_input(digitalPinToPinName(BUTTON_PIN));
                               ^~~~~~~~~~~~~~~~~~~
/home/ec2-user/arduino-testlib/cli-datadir/user/libraries/Harvard_TinyMLx/src/TinyMLShield.h:25:31: note: suggested alternative: &#39;digitalPinToBitMask&#39;
   nrf_gpio_cfg_out_with_input(digitalPinToPinName(BUTTON_PIN));
                               ^~~~~~~~~~~~~~~~~~~
                               digitalPinToBitMask
/home/ec2-user/arduino-testlib/cli-datadir/user/libraries/Harvard_TinyMLx/src/TinyMLShield.h: In function &#39;bool readShieldButton()&#39;:
/home/ec2-user/arduino-testlib/cli-datadir/user/libraries/Harvard_TinyMLx/src/TinyMLShield.h:30:39: error: &#39;digitalPinToPinName&#39; was not declared in this scope
   bool buttonRead = nrf_gpio_pin_read(digitalPinToPinName(BUTTON_PIN));
                                       ^~~~~~~~~~~~~~~~~~~
/home/ec2-user/arduino-testlib/cli-datadir/user/libraries/Harvard_TinyMLx/src/TinyMLShield.h:30:39: note: suggested alternative: &#39;digitalPinToBitMask&#39;
   bool buttonRead = nrf_gpio_pin_read(digitalPinToPinName(BUTTON_PIN));
                                       ^~~~~~~~~~~~~~~~~~~
                                       digitalPinToBitMask
/home/ec2-user/arduino-testlib/cli-datadir/user/libraries/Harvard_TinyMLx/src/TinyMLShield.h:30:21: error: &#39;nrf_gpio_pin_read&#39; was not declared in this scope
   bool buttonRead = nrf_gpio_pin_read(digitalPinToPinName(BUTTON_PIN));
                     ^~~~~~~~~~~~~~~~~

</pre>

					
					<h4>examples/magic_wand</h4>
					<p>
						Result: <b>FAIL</b>
					</p>
					<pre class="pre-scrollable">In file included from /home/ec2-user/arduino-testlib/cli-datadir/user/libraries/Harvard_TinyMLx/examples/magic_wand/magic_wand.ino:15:0:
/home/ec2-user/arduino-testlib/cli-datadir/user/libraries/Arduino_TensorFlowLite/src/tensorflow/lite/micro/micro_error_reporter.h:18:10: fatal error: cstdarg: No such file or directory
 #include &lt;cstdarg&gt;
          ^~~~~~~~~
compilation terminated.

</pre>
					
					<h4>examples/micro_speech</h4>
					<p>
						Result: <b>FAIL</b>
					</p>
					<pre class="pre-scrollable">In file included from /home/ec2-user/arduino-testlib/cli-datadir/user/libraries/Harvard_TinyMLx/examples/micro_speech/audio_provider.h:20:0,
                 from /home/ec2-user/arduino-testlib/cli-datadir/user/libraries/Harvard_TinyMLx/examples/micro_speech/micro_speech.ino:20:
/home/ec2-user/arduino-testlib/cli-datadir/user/libraries/Arduino_TensorFlowLite/src/tensorflow/lite/micro/micro_error_reporter.h:18:10: fatal error: cstdarg: No such file or directory
 #include &lt;cstdarg&gt;
          ^~~~~~~~~
compilation terminated.

</pre>
					
					<h4>examples/multi_tenant</h4>
					<p>
						Result: <b>FAIL</b>
					</p>
					<pre class="pre-scrollable">In file included from /home/ec2-user/arduino-testlib/cli-datadir/user/libraries/Harvard_TinyMLx/examples/multi_tenant/detection_responder.h:23:0,
                 from /home/ec2-user/arduino-testlib/cli-datadir/user/libraries/Harvard_TinyMLx/examples/multi_tenant/multi_tenant.ino:20:
/home/ec2-user/arduino-testlib/cli-datadir/user/libraries/Arduino_TensorFlowLite/src/tensorflow/lite/micro/micro_error_reporter.h:18:10: fatal error: cstdarg: No such file or directory
 #include &lt;cstdarg&gt;
          ^~~~~~~~~
compilation terminated.

</pre>
					
					<h4>examples/person_detection</h4>
					<p>
						Result: <b>FAIL</b>
					</p>
					<pre class="pre-scrollable">In file included from /home/ec2-user/arduino-testlib/cli-datadir/user/libraries/Harvard_TinyMLx/examples/person_detection/detection_responder.h:23:0,
                 from /home/ec2-user/arduino-testlib/cli-datadir/user/libraries/Harvard_TinyMLx/examples/person_detection/person_detection.ino:20:
/home/ec2-user/arduino-testlib/cli-datadir/user/libraries/Arduino_TensorFlowLite/src/tensorflow/lite/micro/micro_error_reporter.h:18:10: fatal error: cstdarg: No such file or directory
 #include &lt;cstdarg&gt;
          ^~~~~~~~~
compilation terminated.

</pre>
					
					<h4>examples/test_IMU</h4>
					<p>
						Result: <b>PASS</b>
					</p>
					<pre class="pre-scrollable">Sketch uses 9782 bytes (30%) of program storage space. Maximum is 32256 bytes.
Global variables use 819 bytes (39%) of dynamic memory, leaving 1229 bytes for local variables. Maximum is 2048 bytes.
In file included from /home/ec2-user/arduino-testlib/cli-datadir/user/libraries/Arduino_LSM9DS1/src/LSM9DS1.h:21:0,
                 from /home/ec2-user/arduino-testlib/cli-datadir/user/libraries/Arduino_LSM9DS1/src/LSM9DS1.cpp:20:
/home/ec2-user/arduino-testlib/cli-datadir/data/packages/arduino/hardware/avr/1.8.4/libraries/Wire/src/Wire.h: In member function &#39;int LSM9DS1Class::readRegister(uint8_t, uint8_t)&#39;:
/home/ec2-user/arduino-testlib/cli-datadir/data/packages/arduino/hardware/avr/1.8.4/libraries/Wire/src/Wire.h:68:13: note: candidate 1: uint8_t TwoWire::requestFrom(int, int)
     uint8_t requestFrom(int, int);
             ^~~~~~~~~~~
/home/ec2-user/arduino-testlib/cli-datadir/data/packages/arduino/hardware/avr/1.8.4/libraries/Wire/src/Wire.h:65:13: note: candidate 2: uint8_t TwoWire::requestFrom(uint8_t, uint8_t)
     uint8_t requestFrom(uint8_t, uint8_t);
             ^~~~~~~~~~~
</pre>
					
					<h4>examples/test_camera</h4>
					<p>
						Result: <b>FAIL</b>
					</p>
					<pre class="pre-scrollable">WARNING: library Harvard_TinyMLx claims to run on mbed_nano architecture(s) and may be incompatible with your current board which runs on avr architecture(s).
In file included from /home/ec2-user/arduino-testlib/cli-datadir/user/libraries/Harvard_TinyMLx/examples/test_camera/test_camera.ino:8:0:
/home/ec2-user/arduino-testlib/cli-datadir/user/libraries/Harvard_TinyMLx/src/TinyMLShield.h: In function &#39;void nrf_gpio_cfg_out_with_input(uint32_t)&#39;:
/home/ec2-user/arduino-testlib/cli-datadir/user/libraries/Harvard_TinyMLx/src/TinyMLShield.h:8:5: error: &#39;NRF_GPIO_PIN_DIR_OUTPUT&#39; was not declared in this scope
     NRF_GPIO_PIN_DIR_OUTPUT,
     ^~~~~~~~~~~~~~~~~~~~~~~
/home/ec2-user/arduino-testlib/cli-datadir/user/libraries/Harvard_TinyMLx/src/TinyMLShield.h:9:5: error: &#39;NRF_GPIO_PIN_INPUT_CONNECT&#39; was not declared in this scope
     NRF_GPIO_PIN_INPUT_CONNECT,
     ^~~~~~~~~~~~~~~~~~~~~~~~~~
/home/ec2-user/arduino-testlib/cli-datadir/user/libraries/Harvard_TinyMLx/src/TinyMLShield.h:10:5: error: &#39;NRF_GPIO_PIN_PULLUP&#39; was not declared in this scope
     NRF_GPIO_PIN_PULLUP,
     ^~~~~~~~~~~~~~~~~~~
/home/ec2-user/arduino-testlib/cli-datadir/user/libraries/Harvard_TinyMLx/src/TinyMLShield.h:11:5: error: &#39;NRF_GPIO_PIN_S0S1&#39; was not declared in this scope
     NRF_GPIO_PIN_S0S1,
     ^~~~~~~~~~~~~~~~~
/home/ec2-user/arduino-testlib/cli-datadir/user/libraries/Harvard_TinyMLx/src/TinyMLShield.h:12:5: error: &#39;NRF_GPIO_PIN_NOSENSE&#39; was not declared in this scope
     NRF_GPIO_PIN_NOSENSE);
     ^~~~~~~~~~~~~~~~~~~~
/home/ec2-user/arduino-testlib/cli-datadir/user/libraries/Harvard_TinyMLx/src/TinyMLShield.h:6:3: error: &#39;nrf_gpio_cfg&#39; was not declared in this scope
   nrf_gpio_cfg(
   ^~~~~~~~~~~~
/home/ec2-user/arduino-testlib/cli-datadir/user/libraries/Harvard_TinyMLx/src/TinyMLShield.h: In function &#39;void initializeShield()&#39;:
/home/ec2-user/arduino-testlib/cli-datadir/user/libraries/Harvard_TinyMLx/src/TinyMLShield.h:25:31: error: &#39;digitalPinToPinName&#39; was not declared in this scope
   nrf_gpio_cfg_out_with_input(digitalPinToPinName(BUTTON_PIN));
                               ^~~~~~~~~~~~~~~~~~~
/home/ec2-user/arduino-testlib/cli-datadir/user/libraries/Harvard_TinyMLx/src/TinyMLShield.h:25:31: note: suggested alternative: &#39;digitalPinToBitMask&#39;
   nrf_gpio_cfg_out_with_input(digitalPinToPinName(BUTTON_PIN));
                               ^~~~~~~~~~~~~~~~~~~
                               digitalPinToBitMask
/home/ec2-user/arduino-testlib/cli-datadir/user/libraries/Harvard_TinyMLx/src/TinyMLShield.h: In function &#39;bool readShieldButton()&#39;:
/home/ec2-user/arduino-testlib/cli-datadir/user/libraries/Harvard_TinyMLx/src/TinyMLShield.h:30:39: error: &#39;digitalPinToPinName&#39; was not declared in this scope
   bool buttonRead = nrf_gpio_pin_read(digitalPinToPinName(BUTTON_PIN));
                                       ^~~~~~~~~~~~~~~~~~~
/home/ec2-user/arduino-testlib/cli-datadir/user/libraries/Harvard_TinyMLx/src/TinyMLShield.h:30:39: note: suggested alternative: &#39;digitalPinToBitMask&#39;
   bool buttonRead = nrf_gpio_pin_read(digitalPinToPinName(BUTTON_PIN));
                                       ^~~~~~~~~~~~~~~~~~~
                                       digitalPinToBitMask
/home/ec2-user/arduino-testlib/cli-datadir/user/libraries/Harvard_TinyMLx/src/TinyMLShield.h:30:21: error: &#39;nrf_gpio_pin_read&#39; was not declared in this scope
   bool buttonRead = nrf_gpio_pin_read(digitalPinToPinName(BUTTON_PIN));
                     ^~~~~~~~~~~~~~~~~
/home/ec2-user/arduino-testlib/cli-datadir/user/libraries/Harvard_TinyMLx/examples/test_camera/test_camera.ino: At global scope:
/home/ec2-user/arduino-testlib/cli-datadir/user/libraries/Harvard_TinyMLx/examples/test_camera/test_camera.ino:15:25: error: overflow in constant expression
 byte image[176 * 144 * 2]; // QCIF: 176x144 x 2 bytes per pixel (RGB565)
                         ^
/home/ec2-user/arduino-testlib/cli-datadir/user/libraries/Harvard_TinyMLx/examples/test_camera/test_camera.ino:15:25: error: size of array &#39;image&#39; is negative

</pre>
					
					<h4>examples/test_microphone</h4>
					<p>
						Result: <b>FAIL</b>
					</p>
					<pre class="pre-scrollable">/home/ec2-user/arduino-testlib/cli-datadir/user/libraries/Harvard_TinyMLx/examples/test_microphone/test_microphone.ino:7:10: fatal error: PDM.h: No such file or directory
 #include &lt;PDM.h&gt;
          ^~~~~~~
compilation terminated.

</pre>
					
				
				<h3 id="arduino:mbed_nano:nanorp2040connect">arduino:mbed_nano:nanorp2040connect @ 2.7.2</h3>
				<h4>Inclusion</h4>
				<p>
					Result: <b>FAIL</b>
					
				</p>
				<pre class="pre-scrollable">In file included from /tmp/arduino-testlib384156649/test/test.ino:1:0:
/home/ec2-user/arduino-testlib/cli-datadir/user/libraries/Harvard_TinyMLx/src/TinyMLShield.h: In function &#39;void nrf_gpio_cfg_out_with_input(uint32_t)&#39;:
/home/ec2-user/arduino-testlib/cli-datadir/user/libraries/Harvard_TinyMLx/src/TinyMLShield.h:8:5: error: &#39;NRF_GPIO_PIN_DIR_OUTPUT&#39; was not declared in this scope
     NRF_GPIO_PIN_DIR_OUTPUT,
     ^~~~~~~~~~~~~~~~~~~~~~~
/home/ec2-user/arduino-testlib/cli-datadir/user/libraries/Harvard_TinyMLx/src/TinyMLShield.h:8:5: note: suggested alternative: &#39;SIO_GPIO_HI_IN_OFFSET&#39;
     NRF_GPIO_PIN_DIR_OUTPUT,
     ^~~~~~~~~~~~~~~~~~~~~~~
     SIO_GPIO_HI_IN_OFFSET
/home/ec2-user/arduino-testlib/cli-datadir/user/libraries/Harvard_TinyMLx/src/TinyMLShield.h:9:5: error: &#39;NRF_GPIO_PIN_INPUT_CONNECT&#39; was not declared in this scope
     NRF_GPIO_PIN_INPUT_CONNECT,
     ^~~~~~~~~~~~~~~~~~~~~~~~~~
/home/ec2-user/arduino-testlib/cli-datadir/user/libraries/Harvard_TinyMLx/src/TinyMLShield.h:9:5: note: suggested alternative: &#39;SIO_GPIO_HI_OUT_RESET&#39;
     NRF_GPIO_PIN_INPUT_CONNECT,
     ^~~~~~~~~~~~~~~~~~~~~~~~~~
     SIO_GPIO_HI_OUT_RESET
/home/ec2-user/arduino-testlib/cli-datadir/user/libraries/Harvard_TinyMLx/src/TinyMLShield.h:10:5: error: &#39;NRF_GPIO_PIN_PULLUP&#39; was not declared in this scope
     NRF_GPIO_PIN_PULLUP,
     ^~~~~~~~~~~~~~~~~~~
/home/ec2-user/arduino-testlib/cli-datadir/user/libraries/Harvard_TinyMLx/src/TinyMLShield.h:10:5: note: suggested alternative: &#39;SIO_GPIO_IN_LSB&#39;
     NRF_GPIO_PIN_PULLUP,
     ^~~~~~~~~~~~~~~~~~~
     SIO_GPIO_IN_LSB
/home/ec2-user/arduino-testlib/cli-datadir/user/libraries/Harvard_TinyMLx/src/TinyMLShield.h:11:5: error: &#39;NRF_GPIO_PIN_S0S1&#39; was not declared in this scope
     NRF_GPIO_PIN_S0S1,
     ^~~~~~~~~~~~~~~~~
/home/ec2-user/arduino-testlib/cli-datadir/user/libraries/Harvard_TinyMLx/src/TinyMLShield.h:11:5: note: suggested alternative: &#39;SIO_GPIO_IN_LSB&#39;
     NRF_GPIO_PIN_S0S1,
     ^~~~~~~~~~~~~~~~~
     SIO_GPIO_IN_LSB
/home/ec2-user/arduino-testlib/cli-datadir/user/libraries/Harvard_TinyMLx/src/TinyMLShield.h:12:5: error: &#39;NRF_GPIO_PIN_NOSENSE&#39; was not declared in this scope
     NRF_GPIO_PIN_NOSENSE);
     ^~~~~~~~~~~~~~~~~~~~
/home/ec2-user/arduino-testlib/cli-datadir/user/libraries/Harvard_TinyMLx/src/TinyMLShield.h:12:5: note: suggested alternative: &#39;SIO_GPIO_IN_OFFSET&#39;
     NRF_GPIO_PIN_NOSENSE);
     ^~~~~~~~~~~~~~~~~~~~
     SIO_GPIO_IN_OFFSET
/home/ec2-user/arduino-testlib/cli-datadir/user/libraries/Harvard_TinyMLx/src/TinyMLShield.h:6:3: error: &#39;nrf_gpio_cfg&#39; was not declared in this scope
   nrf_gpio_cfg(
   ^~~~~~~~~~~~
/home/ec2-user/arduino-testlib/cli-datadir/user/libraries/Harvard_TinyMLx/src/TinyMLShield.h: In function &#39;bool readShieldButton()&#39;:
/home/ec2-user/arduino-testlib/cli-datadir/user/libraries/Harvard_TinyMLx/src/TinyMLShield.h:30:21: error: &#39;nrf_gpio_pin_read&#39; was not declared in this scope
   bool buttonRead = nrf_gpio_pin_read(digitalPinToPinName(BUTTON_PIN));
                     ^~~~~~~~~~~~~~~~~

</pre>

					
					<h4>examples/magic_wand</h4>
					<p>
						Result: <b>PASS</b>
					</p>
					<pre class="pre-scrollable">Library Arduino_TensorFlowLite has been declared precompiled:
Precompiled library in &#34;/home/ec2-user/arduino-testlib/cli-datadir/user/libraries/Arduino_TensorFlowLite/src/cortex-m0plus&#34; not found
Sketch uses 177534 bytes (1%) of program storage space. Maximum is 16777216 bytes.
Global variables use 132784 bytes (49%) of dynamic memory, leaving 137552 bytes for local variables. Maximum is 270336 bytes.
</pre>
					
					<h4>examples/micro_speech</h4>
					<p>
						Result: <b>FAIL</b>
					</p>
					<pre class="pre-scrollable">Library Arduino_TensorFlowLite has been declared precompiled:
Precompiled library in &#34;/home/ec2-user/arduino-testlib/cli-datadir/user/libraries/Arduino_TensorFlowLite/src/cortex-m0plus&#34; not found
/tmp/arduino-sketch-D8EFF626B5B70D3DF8F7DFF5E221470B/sketch/feature_provider.cpp.o: In function `FeatureProvider::PopulateFeatureData(tflite::ErrorReporter*, long, long, int*)&#39;:
/home/ec2-user/arduino-testlib/cli-datadir/user/libraries/Harvard_TinyMLx/examples/micro_speech/feature_provider.cpp:100: undefined reference to `GetAudioSamples(tflite::ErrorReporter*, int, int, int*, short**)&#39;
/tmp/arduino-sketch-D8EFF626B5B70D3DF8F7DFF5E221470B/sketch/micro_speech.ino.cpp.o: In function `loop&#39;:
/home/ec2-user/arduino-testlib/cli-datadir/user/libraries/Harvard_TinyMLx/examples/micro_speech/micro_speech.ino:132: undefined reference to `LatestAudioTimestamp()&#39;
/home/ec2-user/arduino-testlib/cli-datadir/user/libraries/Harvard_TinyMLx/examples/micro_speech/micro_speech.ino:175: undefined reference to `RespondToCommand(tflite::ErrorReporter*, long, char const*, unsigned char, bool)&#39;
collect2: error: ld returned 1 exit status

</pre>
					
					<h4>examples/multi_tenant</h4>
					<p>
						Result: <b>FAIL</b>
					</p>
					<pre class="pre-scrollable">
</pre>
					
					<h4>examples/person_detection</h4>
					<p>
						Result: <b>FAIL</b>
					</p>
					<pre class="pre-scrollable">
</pre>
					
					<h4>examples/test_IMU</h4>
					<p>
						Result: <b>PASS</b>
					</p>
					<pre class="pre-scrollable">Sketch uses 84798 bytes (0%) of program storage space. Maximum is 16777216 bytes.
Global variables use 44240 bytes (16%) of dynamic memory, leaving 226096 bytes for local variables. Maximum is 270336 bytes.
</pre>
					
					<h4>examples/test_camera</h4>
					<p>
						Result: <b>FAIL</b>
					</p>
					<pre class="pre-scrollable">In file included from /home/ec2-user/arduino-testlib/cli-datadir/user/libraries/Harvard_TinyMLx/examples/test_camera/test_camera.ino:8:0:
/home/ec2-user/arduino-testlib/cli-datadir/user/libraries/Harvard_TinyMLx/src/TinyMLShield.h: In function &#39;void nrf_gpio_cfg_out_with_input(uint32_t)&#39;:
/home/ec2-user/arduino-testlib/cli-datadir/user/libraries/Harvard_TinyMLx/src/TinyMLShield.h:8:5: error: &#39;NRF_GPIO_PIN_DIR_OUTPUT&#39; was not declared in this scope
     NRF_GPIO_PIN_DIR_OUTPUT,
     ^~~~~~~~~~~~~~~~~~~~~~~
/home/ec2-user/arduino-testlib/cli-datadir/user/libraries/Harvard_TinyMLx/src/TinyMLShield.h:8:5: note: suggested alternative: &#39;SIO_GPIO_HI_IN_OFFSET&#39;
     NRF_GPIO_PIN_DIR_OUTPUT,
     ^~~~~~~~~~~~~~~~~~~~~~~
     SIO_GPIO_HI_IN_OFFSET
/home/ec2-user/arduino-testlib/cli-datadir/user/libraries/Harvard_TinyMLx/src/TinyMLShield.h:9:5: error: &#39;NRF_GPIO_PIN_INPUT_CONNECT&#39; was not declared in this scope
     NRF_GPIO_PIN_INPUT_CONNECT,
     ^~~~~~~~~~~~~~~~~~~~~~~~~~
/home/ec2-user/arduino-testlib/cli-datadir/user/libraries/Harvard_TinyMLx/src/TinyMLShield.h:9:5: note: suggested alternative: &#39;SIO_GPIO_HI_OUT_RESET&#39;
     NRF_GPIO_PIN_INPUT_CONNECT,
     ^~~~~~~~~~~~~~~~~~~~~~~~~~
     SIO_GPIO_HI_OUT_RESET
/home/ec2-user/arduino-testlib/cli-datadir/user/libraries/Harvard_TinyMLx/src/TinyMLShield.h:10:5: error: &#39;NRF_GPIO_PIN_PULLUP&#39; was not declared in this scope
     NRF_GPIO_PIN_PULLUP,
     ^~~~~~~~~~~~~~~~~~~
/home/ec2-user/arduino-testlib/cli-datadir/user/libraries/Harvard_TinyMLx/src/TinyMLShield.h:10:5: note: suggested alternative: &#39;SIO_GPIO_IN_LSB&#39;
     NRF_GPIO_PIN_PULLUP,
     ^~~~~~~~~~~~~~~~~~~
     SIO_GPIO_IN_LSB
/home/ec2-user/arduino-testlib/cli-datadir/user/libraries/Harvard_TinyMLx/src/TinyMLShield.h:11:5: error: &#39;NRF_GPIO_PIN_S0S1&#39; was not declared in this scope
     NRF_GPIO_PIN_S0S1,
     ^~~~~~~~~~~~~~~~~
/home/ec2-user/arduino-testlib/cli-datadir/user/libraries/Harvard_TinyMLx/src/TinyMLShield.h:11:5: note: suggested alternative: &#39;SIO_GPIO_IN_LSB&#39;
     NRF_GPIO_PIN_S0S1,
     ^~~~~~~~~~~~~~~~~
     SIO_GPIO_IN_LSB
/home/ec2-user/arduino-testlib/cli-datadir/user/libraries/Harvard_TinyMLx/src/TinyMLShield.h:12:5: error: &#39;NRF_GPIO_PIN_NOSENSE&#39; was not declared in this scope
     NRF_GPIO_PIN_NOSENSE);
     ^~~~~~~~~~~~~~~~~~~~
/home/ec2-user/arduino-testlib/cli-datadir/user/libraries/Harvard_TinyMLx/src/TinyMLShield.h:12:5: note: suggested alternative: &#39;SIO_GPIO_IN_OFFSET&#39;
     NRF_GPIO_PIN_NOSENSE);
     ^~~~~~~~~~~~~~~~~~~~
     SIO_GPIO_IN_OFFSET
/home/ec2-user/arduino-testlib/cli-datadir/user/libraries/Harvard_TinyMLx/src/TinyMLShield.h:6:3: error: &#39;nrf_gpio_cfg&#39; was not declared in this scope
   nrf_gpio_cfg(
   ^~~~~~~~~~~~
/home/ec2-user/arduino-testlib/cli-datadir/user/libraries/Harvard_TinyMLx/src/TinyMLShield.h: In function &#39;bool readShieldButton()&#39;:
/home/ec2-user/arduino-testlib/cli-datadir/user/libraries/Harvard_TinyMLx/src/TinyMLShield.h:30:21: error: &#39;nrf_gpio_pin_read&#39; was not declared in this scope
   bool buttonRead = nrf_gpio_pin_read(digitalPinToPinName(BUTTON_PIN));
                     ^~~~~~~~~~~~~~~~~

</pre>
					
					<h4>examples/test_microphone</h4>
					<p>
						Result: <b>FAIL</b>
					</p>
					<pre class="pre-scrollable">In file included from /home/ec2-user/arduino-testlib/cli-datadir/user/libraries/Harvard_TinyMLx/examples/test_microphone/test_microphone.ino:8:0:
/home/ec2-user/arduino-testlib/cli-datadir/user/libraries/Harvard_TinyMLx/src/TinyMLShield.h: In function &#39;void nrf_gpio_cfg_out_with_input(uint32_t)&#39;:
/home/ec2-user/arduino-testlib/cli-datadir/user/libraries/Harvard_TinyMLx/src/TinyMLShield.h:8:5: error: &#39;NRF_GPIO_PIN_DIR_OUTPUT&#39; was not declared in this scope
     NRF_GPIO_PIN_DIR_OUTPUT,
     ^~~~~~~~~~~~~~~~~~~~~~~
/home/ec2-user/arduino-testlib/cli-datadir/user/libraries/Harvard_TinyMLx/src/TinyMLShield.h:8:5: note: suggested alternative: &#39;SIO_GPIO_HI_IN_OFFSET&#39;
     NRF_GPIO_PIN_DIR_OUTPUT,
     ^~~~~~~~~~~~~~~~~~~~~~~
     SIO_GPIO_HI_IN_OFFSET
/home/ec2-user/arduino-testlib/cli-datadir/user/libraries/Harvard_TinyMLx/src/TinyMLShield.h:9:5: error: &#39;NRF_GPIO_PIN_INPUT_CONNECT&#39; was not declared in this scope
     NRF_GPIO_PIN_INPUT_CONNECT,
     ^~~~~~~~~~~~~~~~~~~~~~~~~~
/home/ec2-user/arduino-testlib/cli-datadir/user/libraries/Harvard_TinyMLx/src/TinyMLShield.h:9:5: note: suggested alternative: &#39;SIO_GPIO_HI_OUT_RESET&#39;
     NRF_GPIO_PIN_INPUT_CONNECT,
     ^~~~~~~~~~~~~~~~~~~~~~~~~~
     SIO_GPIO_HI_OUT_RESET
/home/ec2-user/arduino-testlib/cli-datadir/user/libraries/Harvard_TinyMLx/src/TinyMLShield.h:10:5: error: &#39;NRF_GPIO_PIN_PULLUP&#39; was not declared in this scope
     NRF_GPIO_PIN_PULLUP,
     ^~~~~~~~~~~~~~~~~~~
/home/ec2-user/arduino-testlib/cli-datadir/user/libraries/Harvard_TinyMLx/src/TinyMLShield.h:10:5: note: suggested alternative: &#39;SIO_GPIO_IN_LSB&#39;
     NRF_GPIO_PIN_PULLUP,
     ^~~~~~~~~~~~~~~~~~~
     SIO_GPIO_IN_LSB
/home/ec2-user/arduino-testlib/cli-datadir/user/libraries/Harvard_TinyMLx/src/TinyMLShield.h:11:5: error: &#39;NRF_GPIO_PIN_S0S1&#39; was not declared in this scope
     NRF_GPIO_PIN_S0S1,
     ^~~~~~~~~~~~~~~~~
/home/ec2-user/arduino-testlib/cli-datadir/user/libraries/Harvard_TinyMLx/src/TinyMLShield.h:11:5: note: suggested alternative: &#39;SIO_GPIO_IN_LSB&#39;
     NRF_GPIO_PIN_S0S1,
     ^~~~~~~~~~~~~~~~~
     SIO_GPIO_IN_LSB
/home/ec2-user/arduino-testlib/cli-datadir/user/libraries/Harvard_TinyMLx/src/TinyMLShield.h:12:5: error: &#39;NRF_GPIO_PIN_NOSENSE&#39; was not declared in this scope
     NRF_GPIO_PIN_NOSENSE);
     ^~~~~~~~~~~~~~~~~~~~
/home/ec2-user/arduino-testlib/cli-datadir/user/libraries/Harvard_TinyMLx/src/TinyMLShield.h:12:5: note: suggested alternative: &#39;SIO_GPIO_IN_OFFSET&#39;
     NRF_GPIO_PIN_NOSENSE);
     ^~~~~~~~~~~~~~~~~~~~
     SIO_GPIO_IN_OFFSET
/home/ec2-user/arduino-testlib/cli-datadir/user/libraries/Harvard_TinyMLx/src/TinyMLShield.h:6:3: error: &#39;nrf_gpio_cfg&#39; was not declared in this scope
   nrf_gpio_cfg(
   ^~~~~~~~~~~~
/home/ec2-user/arduino-testlib/cli-datadir/user/libraries/Harvard_TinyMLx/src/TinyMLShield.h: In function &#39;bool readShieldButton()&#39;:
/home/ec2-user/arduino-testlib/cli-datadir/user/libraries/Harvard_TinyMLx/src/TinyMLShield.h:30:21: error: &#39;nrf_gpio_pin_read&#39; was not declared in this scope
   bool buttonRead = nrf_gpio_pin_read(digitalPinToPinName(BUTTON_PIN));
                     ^~~~~~~~~~~~~~~~~
/home/ec2-user/arduino-testlib/cli-datadir/user/libraries/Harvard_TinyMLx/src/TinyMLShield.h:30:21: note: suggested alternative: &#39;gpio_pinmap&#39;
   bool buttonRead = nrf_gpio_pin_read(digitalPinToPinName(BUTTON_PIN));
                     ^~~~~~~~~~~~~~~~~
                     gpio_pinmap

</pre>
					
				
				<h3 id="arduino:megaavr:nona4809">arduino:megaavr:nona4809 @ 1.8.7</h3>
				<h4>Inclusion</h4>
				<p>
					Result: <b>FAIL</b>
					
				</p>
				<pre class="pre-scrollable">WARNING: library Harvard_TinyMLx claims to run on mbed_nano architecture(s) and may be incompatible with your current board which runs on megaavr architecture(s).
In file included from /tmp/arduino-testlib384156649/test/test.ino:1:0:
/home/ec2-user/arduino-testlib/cli-datadir/user/libraries/Harvard_TinyMLx/src/TinyMLShield.h: In function &#39;void nrf_gpio_cfg_out_with_input(uint32_t)&#39;:
/home/ec2-user/arduino-testlib/cli-datadir/user/libraries/Harvard_TinyMLx/src/TinyMLShield.h:8:5: error: &#39;NRF_GPIO_PIN_DIR_OUTPUT&#39; was not declared in this scope
     NRF_GPIO_PIN_DIR_OUTPUT,
     ^~~~~~~~~~~~~~~~~~~~~~~
/home/ec2-user/arduino-testlib/cli-datadir/user/libraries/Harvard_TinyMLx/src/TinyMLShield.h:9:5: error: &#39;NRF_GPIO_PIN_INPUT_CONNECT&#39; was not declared in this scope
     NRF_GPIO_PIN_INPUT_CONNECT,
     ^~~~~~~~~~~~~~~~~~~~~~~~~~
/home/ec2-user/arduino-testlib/cli-datadir/user/libraries/Harvard_TinyMLx/src/TinyMLShield.h:10:5: error: &#39;NRF_GPIO_PIN_PULLUP&#39; was not declared in this scope
     NRF_GPIO_PIN_PULLUP,
     ^~~~~~~~~~~~~~~~~~~
/home/ec2-user/arduino-testlib/cli-datadir/user/libraries/Harvard_TinyMLx/src/TinyMLShield.h:11:5: error: &#39;NRF_GPIO_PIN_S0S1&#39; was not declared in this scope
     NRF_GPIO_PIN_S0S1,
     ^~~~~~~~~~~~~~~~~
/home/ec2-user/arduino-testlib/cli-datadir/user/libraries/Harvard_TinyMLx/src/TinyMLShield.h:11:5: note: suggested alternative: &#39;NUM_SPI_PINS&#39;
     NRF_GPIO_PIN_S0S1,
     ^~~~~~~~~~~~~~~~~
     NUM_SPI_PINS
/home/ec2-user/arduino-testlib/cli-datadir/user/libraries/Harvard_TinyMLx/src/TinyMLShield.h:12:5: error: &#39;NRF_GPIO_PIN_NOSENSE&#39; was not declared in this scope
     NRF_GPIO_PIN_NOSENSE);
     ^~~~~~~~~~~~~~~~~~~~
/home/ec2-user/arduino-testlib/cli-datadir/user/libraries/Harvard_TinyMLx/src/TinyMLShield.h:6:3: error: &#39;nrf_gpio_cfg&#39; was not declared in this scope
   nrf_gpio_cfg(
   ^~~~~~~~~~~~
/home/ec2-user/arduino-testlib/cli-datadir/user/libraries/Harvard_TinyMLx/src/TinyMLShield.h: In function &#39;void initializeShield()&#39;:
/home/ec2-user/arduino-testlib/cli-datadir/user/libraries/Harvard_TinyMLx/src/TinyMLShield.h:25:31: error: &#39;digitalPinToPinName&#39; was not declared in this scope
   nrf_gpio_cfg_out_with_input(digitalPinToPinName(BUTTON_PIN));
                               ^~~~~~~~~~~~~~~~~~~
/home/ec2-user/arduino-testlib/cli-datadir/user/libraries/Harvard_TinyMLx/src/TinyMLShield.h:25:31: note: suggested alternative: &#39;digitalPinToTimer&#39;
   nrf_gpio_cfg_out_with_input(digitalPinToPinName(BUTTON_PIN));
                               ^~~~~~~~~~~~~~~~~~~
                               digitalPinToTimer
/home/ec2-user/arduino-testlib/cli-datadir/user/libraries/Harvard_TinyMLx/src/TinyMLShield.h: In function &#39;bool readShieldButton()&#39;:
/home/ec2-user/arduino-testlib/cli-datadir/user/libraries/Harvard_TinyMLx/src/TinyMLShield.h:30:39: error: &#39;digitalPinToPinName&#39; was not declared in this scope
   bool buttonRead = nrf_gpio_pin_read(digitalPinToPinName(BUTTON_PIN));
                                       ^~~~~~~~~~~~~~~~~~~
/home/ec2-user/arduino-testlib/cli-datadir/user/libraries/Harvard_TinyMLx/src/TinyMLShield.h:30:39: note: suggested alternative: &#39;digitalPinToTimer&#39;
   bool buttonRead = nrf_gpio_pin_read(digitalPinToPinName(BUTTON_PIN));
                                       ^~~~~~~~~~~~~~~~~~~
                                       digitalPinToTimer
/home/ec2-user/arduino-testlib/cli-datadir/user/libraries/Harvard_TinyMLx/src/TinyMLShield.h:30:21: error: &#39;nrf_gpio_pin_read&#39; was not declared in this scope
   bool buttonRead = nrf_gpio_pin_read(digitalPinToPinName(BUTTON_PIN));
                     ^~~~~~~~~~~~~~~~~

</pre>

					
					<h4>examples/magic_wand</h4>
					<p>
						Result: <b>FAIL</b>
					</p>
					<pre class="pre-scrollable">In file included from /home/ec2-user/arduino-testlib/cli-datadir/user/libraries/Harvard_TinyMLx/examples/magic_wand/magic_wand.ino:15:0:
/home/ec2-user/arduino-testlib/cli-datadir/user/libraries/Arduino_TensorFlowLite/src/tensorflow/lite/micro/micro_error_reporter.h:18:10: fatal error: cstdarg: No such file or directory
 #include &lt;cstdarg&gt;
          ^~~~~~~~~
compilation terminated.

</pre>
					
					<h4>examples/micro_speech</h4>
					<p>
						Result: <b>FAIL</b>
					</p>
					<pre class="pre-scrollable">In file included from /home/ec2-user/arduino-testlib/cli-datadir/user/libraries/Harvard_TinyMLx/examples/micro_speech/audio_provider.h:20:0,
                 from /home/ec2-user/arduino-testlib/cli-datadir/user/libraries/Harvard_TinyMLx/examples/micro_speech/micro_speech.ino:20:
/home/ec2-user/arduino-testlib/cli-datadir/user/libraries/Arduino_TensorFlowLite/src/tensorflow/lite/micro/micro_error_reporter.h:18:10: fatal error: cstdarg: No such file or directory
 #include &lt;cstdarg&gt;
          ^~~~~~~~~
compilation terminated.

</pre>
					
					<h4>examples/multi_tenant</h4>
					<p>
						Result: <b>FAIL</b>
					</p>
					<pre class="pre-scrollable">In file included from /home/ec2-user/arduino-testlib/cli-datadir/user/libraries/Harvard_TinyMLx/examples/multi_tenant/detection_responder.h:23:0,
                 from /home/ec2-user/arduino-testlib/cli-datadir/user/libraries/Harvard_TinyMLx/examples/multi_tenant/multi_tenant.ino:20:
/home/ec2-user/arduino-testlib/cli-datadir/user/libraries/Arduino_TensorFlowLite/src/tensorflow/lite/micro/micro_error_reporter.h:18:10: fatal error: cstdarg: No such file or directory
 #include &lt;cstdarg&gt;
          ^~~~~~~~~
compilation terminated.

</pre>
					
					<h4>examples/person_detection</h4>
					<p>
						Result: <b>FAIL</b>
					</p>
					<pre class="pre-scrollable">In file included from /home/ec2-user/arduino-testlib/cli-datadir/user/libraries/Harvard_TinyMLx/examples/person_detection/detection_responder.h:23:0,
                 from /home/ec2-user/arduino-testlib/cli-datadir/user/libraries/Harvard_TinyMLx/examples/person_detection/person_detection.ino:20:
/home/ec2-user/arduino-testlib/cli-datadir/user/libraries/Arduino_TensorFlowLite/src/tensorflow/lite/micro/micro_error_reporter.h:18:10: fatal error: cstdarg: No such file or directory
 #include &lt;cstdarg&gt;
          ^~~~~~~~~
compilation terminated.

</pre>
					
					<h4>examples/test_IMU</h4>
					<p>
						Result: <b>PASS</b>
					</p>
					<pre class="pre-scrollable">Sketch uses 10449 bytes (21%) of program storage space. Maximum is 49152 bytes.
Global variables use 503 bytes (8%) of dynamic memory, leaving 5641 bytes for local variables. Maximum is 6144 bytes.
In file included from /home/ec2-user/arduino-testlib/cli-datadir/user/libraries/Arduino_LSM9DS1/src/LSM9DS1.h:21:0,
                 from /home/ec2-user/arduino-testlib/cli-datadir/user/libraries/Arduino_LSM9DS1/src/LSM9DS1.cpp:20:
/home/ec2-user/arduino-testlib/cli-datadir/data/packages/arduino/hardware/megaavr/1.8.7/libraries/Wire/src/Wire.h: In member function &#39;int LSM9DS1Class::readRegister(uint8_t, uint8_t)&#39;:
/home/ec2-user/arduino-testlib/cli-datadir/data/packages/arduino/hardware/megaavr/1.8.7/libraries/Wire/src/Wire.h:63:12: note: candidate 1: size_t TwoWire::requestFrom(int, int)
     size_t requestFrom(int, int);
            ^~~~~~~~~~~
/home/ec2-user/arduino-testlib/cli-datadir/data/packages/arduino/hardware/megaavr/1.8.7/libraries/Wire/src/Wire.h:61:12: note: candidate 2: virtual size_t TwoWire::requestFrom(uint8_t, size_t)
     size_t requestFrom(uint8_t, size_t);
            ^~~~~~~~~~~
</pre>
					
					<h4>examples/test_camera</h4>
					<p>
						Result: <b>FAIL</b>
					</p>
					<pre class="pre-scrollable">WARNING: library Harvard_TinyMLx claims to run on mbed_nano architecture(s) and may be incompatible with your current board which runs on megaavr architecture(s).
In file included from /home/ec2-user/arduino-testlib/cli-datadir/user/libraries/Harvard_TinyMLx/examples/test_camera/test_camera.ino:8:0:
/home/ec2-user/arduino-testlib/cli-datadir/user/libraries/Harvard_TinyMLx/src/TinyMLShield.h: In function &#39;void nrf_gpio_cfg_out_with_input(uint32_t)&#39;:
/home/ec2-user/arduino-testlib/cli-datadir/user/libraries/Harvard_TinyMLx/src/TinyMLShield.h:8:5: error: &#39;NRF_GPIO_PIN_DIR_OUTPUT&#39; was not declared in this scope
     NRF_GPIO_PIN_DIR_OUTPUT,
     ^~~~~~~~~~~~~~~~~~~~~~~
/home/ec2-user/arduino-testlib/cli-datadir/user/libraries/Harvard_TinyMLx/src/TinyMLShield.h:9:5: error: &#39;NRF_GPIO_PIN_INPUT_CONNECT&#39; was not declared in this scope
     NRF_GPIO_PIN_INPUT_CONNECT,
     ^~~~~~~~~~~~~~~~~~~~~~~~~~
/home/ec2-user/arduino-testlib/cli-datadir/user/libraries/Harvard_TinyMLx/src/TinyMLShield.h:10:5: error: &#39;NRF_GPIO_PIN_PULLUP&#39; was not declared in this scope
     NRF_GPIO_PIN_PULLUP,
     ^~~~~~~~~~~~~~~~~~~
/home/ec2-user/arduino-testlib/cli-datadir/user/libraries/Harvard_TinyMLx/src/TinyMLShield.h:11:5: error: &#39;NRF_GPIO_PIN_S0S1&#39; was not declared in this scope
     NRF_GPIO_PIN_S0S1,
     ^~~~~~~~~~~~~~~~~
/home/ec2-user/arduino-testlib/cli-datadir/user/libraries/Harvard_TinyMLx/src/TinyMLShield.h:11:5: note: suggested alternative: &#39;NUM_SPI_PINS&#39;
     NRF_GPIO_PIN_S0S1,
     ^~~~~~~~~~~~~~~~~
     NUM_SPI_PINS
/home/ec2-user/arduino-testlib/cli-datadir/user/libraries/Harvard_TinyMLx/src/TinyMLShield.h:12:5: error: &#39;NRF_GPIO_PIN_NOSENSE&#39; was not declared in this scope
     NRF_GPIO_PIN_NOSENSE);
     ^~~~~~~~~~~~~~~~~~~~
/home/ec2-user/arduino-testlib/cli-datadir/user/libraries/Harvard_TinyMLx/src/TinyMLShield.h:6:3: error: &#39;nrf_gpio_cfg&#39; was not declared in this scope
   nrf_gpio_cfg(
   ^~~~~~~~~~~~
/home/ec2-user/arduino-testlib/cli-datadir/user/libraries/Harvard_TinyMLx/src/TinyMLShield.h: In function &#39;void initializeShield()&#39;:
/home/ec2-user/arduino-testlib/cli-datadir/user/libraries/Harvard_TinyMLx/src/TinyMLShield.h:25:31: error: &#39;digitalPinToPinName&#39; was not declared in this scope
   nrf_gpio_cfg_out_with_input(digitalPinToPinName(BUTTON_PIN));
                               ^~~~~~~~~~~~~~~~~~~
/home/ec2-user/arduino-testlib/cli-datadir/user/libraries/Harvard_TinyMLx/src/TinyMLShield.h:25:31: note: suggested alternative: &#39;digitalPinToTimer&#39;
   nrf_gpio_cfg_out_with_input(digitalPinToPinName(BUTTON_PIN));
                               ^~~~~~~~~~~~~~~~~~~
                               digitalPinToTimer
/home/ec2-user/arduino-testlib/cli-datadir/user/libraries/Harvard_TinyMLx/src/TinyMLShield.h: In function &#39;bool readShieldButton()&#39;:
/home/ec2-user/arduino-testlib/cli-datadir/user/libraries/Harvard_TinyMLx/src/TinyMLShield.h:30:39: error: &#39;digitalPinToPinName&#39; was not declared in this scope
   bool buttonRead = nrf_gpio_pin_read(digitalPinToPinName(BUTTON_PIN));
                                       ^~~~~~~~~~~~~~~~~~~
/home/ec2-user/arduino-testlib/cli-datadir/user/libraries/Harvard_TinyMLx/src/TinyMLShield.h:30:39: note: suggested alternative: &#39;digitalPinToTimer&#39;
   bool buttonRead = nrf_gpio_pin_read(digitalPinToPinName(BUTTON_PIN));
                                       ^~~~~~~~~~~~~~~~~~~
                                       digitalPinToTimer
/home/ec2-user/arduino-testlib/cli-datadir/user/libraries/Harvard_TinyMLx/src/TinyMLShield.h:30:21: error: &#39;nrf_gpio_pin_read&#39; was not declared in this scope
   bool buttonRead = nrf_gpio_pin_read(digitalPinToPinName(BUTTON_PIN));
                     ^~~~~~~~~~~~~~~~~
/home/ec2-user/arduino-testlib/cli-datadir/user/libraries/Harvard_TinyMLx/examples/test_camera/test_camera.ino: At global scope:
/home/ec2-user/arduino-testlib/cli-datadir/user/libraries/Harvard_TinyMLx/examples/test_camera/test_camera.ino:15:25: error: overflow in constant expression
 byte image[176 * 144 * 2]; // QCIF: 176x144 x 2 bytes per pixel (RGB565)
                         ^
/home/ec2-user/arduino-testlib/cli-datadir/user/libraries/Harvard_TinyMLx/examples/test_camera/test_camera.ino:15:25: error: size of array &#39;image&#39; is negative

</pre>
					
					<h4>examples/test_microphone</h4>
					<p>
						Result: <b>FAIL</b>
					</p>
					<pre class="pre-scrollable">/home/ec2-user/arduino-testlib/cli-datadir/user/libraries/Harvard_TinyMLx/examples/test_microphone/test_microphone.ino:7:10: fatal error: PDM.h: No such file or directory
 #include &lt;PDM.h&gt;
          ^~~~~~~
compilation terminated.

</pre>
					
				
				<h3 id="arduino:samd:mkrwifi1010">arduino:samd:mkrwifi1010 @ 1.8.12</h3>
				<h4>Inclusion</h4>
				<p>
					Result: <b>FAIL</b>
					
					<br />This library has no main header file so an empty one was created.
					
				</p>
				<pre class="pre-scrollable">WARNING: library Harvard_TinyMLx claims to run on mbed_nano architecture(s) and may be incompatible with your current board which runs on samd architecture(s).
In file included from /tmp/arduino-testlib248806096/test/test.ino:1:0:
/home/ec2-user/arduino-testlib/cli-datadir/user/libraries/Harvard_TinyMLx/src/TinyMLShield.h: In function &#39;void nrf_gpio_cfg_out_with_input(uint32_t)&#39;:
/home/ec2-user/arduino-testlib/cli-datadir/user/libraries/Harvard_TinyMLx/src/TinyMLShield.h:8:5: error: &#39;NRF_GPIO_PIN_DIR_OUTPUT&#39; was not declared in this scope
     NRF_GPIO_PIN_DIR_OUTPUT,
     ^~~~~~~~~~~~~~~~~~~~~~~
/home/ec2-user/arduino-testlib/cli-datadir/user/libraries/Harvard_TinyMLx/src/TinyMLShield.h:9:5: error: &#39;NRF_GPIO_PIN_INPUT_CONNECT&#39; was not declared in this scope
     NRF_GPIO_PIN_INPUT_CONNECT,
     ^~~~~~~~~~~~~~~~~~~~~~~~~~
/home/ec2-user/arduino-testlib/cli-datadir/user/libraries/Harvard_TinyMLx/src/TinyMLShield.h:10:5: error: &#39;NRF_GPIO_PIN_PULLUP&#39; was not declared in this scope
     NRF_GPIO_PIN_PULLUP,
     ^~~~~~~~~~~~~~~~~~~
/home/ec2-user/arduino-testlib/cli-datadir/user/libraries/Harvard_TinyMLx/src/TinyMLShield.h:10:5: note: suggested alternative: &#39;PIO_INPUT_PULLUP&#39;
     NRF_GPIO_PIN_PULLUP,
     ^~~~~~~~~~~~~~~~~~~
     PIO_INPUT_PULLUP
/home/ec2-user/arduino-testlib/cli-datadir/user/libraries/Harvard_TinyMLx/src/TinyMLShield.h:11:5: error: &#39;NRF_GPIO_PIN_S0S1&#39; was not declared in this scope
     NRF_GPIO_PIN_S0S1,
     ^~~~~~~~~~~~~~~~~
/home/ec2-user/arduino-testlib/cli-datadir/user/libraries/Harvard_TinyMLx/src/TinyMLShield.h:12:5: error: &#39;NRF_GPIO_PIN_NOSENSE&#39; was not declared in this scope
     NRF_GPIO_PIN_NOSENSE);
     ^~~~~~~~~~~~~~~~~~~~
/home/ec2-user/arduino-testlib/cli-datadir/user/libraries/Harvard_TinyMLx/src/TinyMLShield.h:6:3: error: &#39;nrf_gpio_cfg&#39; was not declared in this scope
   nrf_gpio_cfg(
   ^~~~~~~~~~~~
/home/ec2-user/arduino-testlib/cli-datadir/user/libraries/Harvard_TinyMLx/src/TinyMLShield.h: In function &#39;void initializeShield()&#39;:
/home/ec2-user/arduino-testlib/cli-datadir/user/libraries/Harvard_TinyMLx/src/TinyMLShield.h:25:31: error: &#39;digitalPinToPinName&#39; was not declared in this scope
   nrf_gpio_cfg_out_with_input(digitalPinToPinName(BUTTON_PIN));
                               ^~~~~~~~~~~~~~~~~~~
/home/ec2-user/arduino-testlib/cli-datadir/user/libraries/Harvard_TinyMLx/src/TinyMLShield.h:25:31: note: suggested alternative: &#39;digitalPinToBitMask&#39;
   nrf_gpio_cfg_out_with_input(digitalPinToPinName(BUTTON_PIN));
                               ^~~~~~~~~~~~~~~~~~~
                               digitalPinToBitMask
/home/ec2-user/arduino-testlib/cli-datadir/user/libraries/Harvard_TinyMLx/src/TinyMLShield.h: In function &#39;bool readShieldButton()&#39;:
/home/ec2-user/arduino-testlib/cli-datadir/user/libraries/Harvard_TinyMLx/src/TinyMLShield.h:30:39: error: &#39;digitalPinToPinName&#39; was not declared in this scope
   bool buttonRead = nrf_gpio_pin_read(digitalPinToPinName(BUTTON_PIN));
                                       ^~~~~~~~~~~~~~~~~~~
/home/ec2-user/arduino-testlib/cli-datadir/user/libraries/Harvard_TinyMLx/src/TinyMLShield.h:30:39: note: suggested alternative: &#39;digitalPinToBitMask&#39;
   bool buttonRead = nrf_gpio_pin_read(digitalPinToPinName(BUTTON_PIN));
                                       ^~~~~~~~~~~~~~~~~~~
                                       digitalPinToBitMask
/home/ec2-user/arduino-testlib/cli-datadir/user/libraries/Harvard_TinyMLx/src/TinyMLShield.h:30:21: error: &#39;nrf_gpio_pin_read&#39; was not declared in this scope
   bool buttonRead = nrf_gpio_pin_read(digitalPinToPinName(BUTTON_PIN));
                     ^~~~~~~~~~~~~~~~~

</pre>

					
					<h4>examples/magic_wand</h4>
					<p>
						Result: <b>FAIL</b>
					</p>
					<pre class="pre-scrollable">Library Arduino_TensorFlowLite has been declared precompiled:
Precompiled library in &#34;/home/ec2-user/arduino-testlib/cli-datadir/user/libraries/Arduino_TensorFlowLite/src/cortex-m0plus&#34; not found
In file included from /home/ec2-user/arduino-testlib/cli-datadir/user/libraries/Arduino_TensorFlowLite/src/tensorflow/lite/micro/tools/make/downloads/cmsis/CMSIS/Core/Include/cmsis_compiler.h:54:0,
                 from /home/ec2-user/arduino-testlib/cli-datadir/user/libraries/Arduino_TensorFlowLite/src/tensorflow/lite/micro/tools/make/downloads/cmsis/CMSIS/DSP/Include/arm_math_types.h:76,
                 from /home/ec2-user/arduino-testlib/cli-datadir/user/libraries/Arduino_TensorFlowLite/src/tensorflow/lite/micro/tools/make/downloads/cmsis/CMSIS/DSP/Include/arm_math.h:199,
                 from /home/ec2-user/arduino-testlib/cli-datadir/user/libraries/Arduino_TensorFlowLite/src/tensorflow/lite/micro/tools/make/downloads/cmsis/CMSIS/NN/Include/arm_nnsupportfunctions.h:33,
                 from /home/ec2-user/arduino-testlib/cli-datadir/user/libraries/Arduino_TensorFlowLite/src/tensorflow/lite/micro/tools/make/downloads/cmsis/CMSIS/NN/Include/arm_nnfunctions.h:164,
                 from /home/ec2-user/arduino-testlib/cli-datadir/user/libraries/Arduino_TensorFlowLite/src/tensorflow/lite/micro/kernels/cmsis-nn/add.cpp:18:
/home/ec2-user/arduino-testlib/cli-datadir/data/packages/arduino/tools/CMSIS/4.5.0/CMSIS/Include/cmsis_gcc.h:58:36: error: &#39;__STATIC_INLINE&#39; does not name a type; did you mean &#39;_ELIDABLE_INLINE&#39;?
 __attribute__( ( always_inline ) ) __STATIC_INLINE void __enable_irq(void)
                                    ^~~~~~~~~~~~~~~
                                    _ELIDABLE_INLINE
/home/ec2-user/arduino-testlib/cli-datadir/data/packages/arduino/tools/CMSIS/4.5.0/CMSIS/Include/cmsis_gcc.h:69:36: error: &#39;__STATIC_INLINE&#39; does not name a type; did you mean &#39;_ELIDABLE_INLINE&#39;?
 __attribute__( ( always_inline ) ) __STATIC_INLINE void __disable_irq(void)
                                    ^~~~~~~~~~~~~~~
                                    _ELIDABLE_INLINE
/home/ec2-user/arduino-testlib/cli-datadir/data/packages/arduino/tools/CMSIS/4.5.0/CMSIS/Include/cmsis_gcc.h:80:36: error: &#39;__STATIC_INLINE&#39; does not name a type; did you mean &#39;_ELIDABLE_INLINE&#39;?
 __attribute__( ( always_inline ) ) __STATIC_INLINE uint32_t __get_CONTROL(void)
                                    ^~~~~~~~~~~~~~~
                                    _ELIDABLE_INLINE
/home/ec2-user/arduino-testlib/cli-datadir/data/packages/arduino/tools/CMSIS/4.5.0/CMSIS/Include/cmsis_gcc.h:94:36: error: &#39;__STATIC_INLINE&#39; does not name a type; did you mean &#39;_ELIDABLE_INLINE&#39;?
 __attribute__( ( always_inline ) ) __STATIC_INLINE void __set_CONTROL(uint32_t control)
                                    ^~~~~~~~~~~~~~~
                                    _ELIDABLE_INLINE
/home/ec2-user/arduino-testlib/cli-datadir/data/packages/arduino/tools/CMSIS/4.5.0/CMSIS/Include/cmsis_gcc.h:105:36: error: &#39;__STATIC_INLINE&#39; does not name a type; did you mean &#39;_ELIDABLE_INLINE&#39;?
 __attribute__( ( always_inline ) ) __STATIC_INLINE uint32_t __get_IPSR(void)
                                    ^~~~~~~~~~~~~~~
                                    _ELIDABLE_INLINE
/home/ec2-user/arduino-testlib/cli-datadir/data/packages/arduino/tools/CMSIS/4.5.0/CMSIS/Include/cmsis_gcc.h:119:36: error: &#39;__STATIC_INLINE&#39; does not name a type; did you mean &#39;_ELIDABLE_INLINE&#39;?
 __attribute__( ( always_inline ) ) __STATIC_INLINE uint32_t __get_APSR(void)
                                    ^~~~~~~~~~~~~~~
                                    _ELIDABLE_INLINE
/home/ec2-user/arduino-testlib/cli-datadir/data/packages/arduino/tools/CMSIS/4.5.0/CMSIS/Include/cmsis_gcc.h:134:36: error: &#39;__STATIC_INLINE&#39; does not name a type; did you mean &#39;_ELIDABLE_INLINE&#39;?
 __attribute__( ( always_inline ) ) __STATIC_INLINE uint32_t __get_xPSR(void)
                                    ^~~~~~~~~~~~~~~
                                    _ELIDABLE_INLINE
/home/ec2-user/arduino-testlib/cli-datadir/data/packages/arduino/tools/CMSIS/4.5.0/CMSIS/Include/cmsis_gcc.h:148:36: error: &#39;__STATIC_INLINE&#39; does not name a type; did you mean &#39;_ELIDABLE_INLINE&#39;?
 __attribute__( ( always_inline ) ) __STATIC_INLINE uint32_t __get_PSP(void)
                                    ^~~~~~~~~~~~~~~
                                    _ELIDABLE_INLINE
/home/ec2-user/arduino-testlib/cli-datadir/data/packages/arduino/tools/CMSIS/4.5.0/CMSIS/Include/cmsis_gcc.h:162:36: error: &#39;__STATIC_INLINE&#39; does not name a type; did you mean &#39;_ELIDABLE_INLINE&#39;?
 __attribute__( ( always_inline ) ) __STATIC_INLINE void __set_PSP(uint32_t topOfProcStack)
                                    ^~~~~~~~~~~~~~~
                                    _ELIDABLE_INLINE
/home/ec2-user/arduino-testlib/cli-datadir/data/packages/arduino/tools/CMSIS/4.5.0/CMSIS/Include/cmsis_gcc.h:173:36: error: &#39;__STATIC_INLINE&#39; does not name a type; did you mean &#39;_ELIDABLE_INLINE&#39;?
 __attribute__( ( always_inline ) ) __STATIC_INLINE uint32_t __get_MSP(void)
                                    ^~~~~~~~~~~~~~~
                                    _ELIDABLE_INLINE
/home/ec2-user/arduino-testlib/cli-datadir/data/packages/arduino/tools/CMSIS/4.5.0/CMSIS/Include/cmsis_gcc.h:188:36: error: &#39;__STATIC_INLINE&#39; does not name a type; did you mean &#39;_ELIDABLE_INLINE&#39;?
 __attribute__( ( always_inline ) ) __STATIC_INLINE void __set_MSP(uint32_t topOfMainStack)
                                    ^~~~~~~~~~~~~~~
                                    _ELIDABLE_INLINE
/home/ec2-user/arduino-testlib/cli-datadir/data/packages/arduino/tools/CMSIS/4.5.0/CMSIS/Include/cmsis_gcc.h:199:36: error: &#39;__STATIC_INLINE&#39; does not name a type; did you mean &#39;_ELIDABLE_INLINE&#39;?
 __attribute__( ( always_inline ) ) __STATIC_INLINE uint32_t __get_PRIMASK(void)
                                    ^~~~~~~~~~~~~~~
                                    _ELIDABLE_INLINE
/home/ec2-user/arduino-testlib/cli-datadir/data/packages/arduino/tools/CMSIS/4.5.0/CMSIS/Include/cmsis_gcc.h:213:36: error: &#39;__STATIC_INLINE&#39; does not name a type; did you mean &#39;_ELIDABLE_INLINE&#39;?
 __attribute__( ( always_inline ) ) __STATIC_INLINE void __set_PRIMASK(uint32_t priMask)
                                    ^~~~~~~~~~~~~~~
                                    _ELIDABLE_INLINE
/home/ec2-user/arduino-testlib/cli-datadir/data/packages/arduino/tools/CMSIS/4.5.0/CMSIS/Include/cmsis_gcc.h:373:32: error: &#39;__STATIC_INLINE&#39; does not name a type; did you mean &#39;_ELIDABLE_INLINE&#39;?
 __attribute__((always_inline)) __STATIC_INLINE void __NOP(void)
                                ^~~~~~~~~~~~~~~
                                _ELIDABLE_INLINE
/home/ec2-user/arduino-testlib/cli-datadir/data/packages/arduino/tools/CMSIS/4.5.0/CMSIS/Include/cmsis_gcc.h:383:32: error: &#39;__STATIC_INLINE&#39; does not name a type; did you mean &#39;_ELIDABLE_INLINE&#39;?
 __attribute__((always_inline)) __STATIC_INLINE void __WFI(void)
                                ^~~~~~~~~~~~~~~
                                _ELIDABLE_INLINE
/home/ec2-user/arduino-testlib/cli-datadir/data/packages/arduino/tools/CMSIS/4.5.0/CMSIS/Include/cmsis_gcc.h:394:32: error: &#39;__STATIC_INLINE&#39; does not name a type; did you mean &#39;_ELIDABLE_INLINE&#39;?
 __attribute__((always_inline)) __STATIC_INLINE void __WFE(void)
                                ^~~~~~~~~~~~~~~
                                _ELIDABLE_INLINE
/home/ec2-user/arduino-testlib/cli-datadir/data/packages/arduino/tools/CMSIS/4.5.0/CMSIS/Include/cmsis_gcc.h:404:32: error: &#39;__STATIC_INLINE&#39; does not name a type; did you mean &#39;_ELIDABLE_INLINE&#39;?
 __attribute__((always_inline)) __STATIC_INLINE void __SEV(void)
                                ^~~~~~~~~~~~~~~
                                _ELIDABLE_INLINE
/home/ec2-user/arduino-testlib/cli-datadir/data/packages/arduino/tools/CMSIS/4.5.0/CMSIS/Include/cmsis_gcc.h:416:32: error: &#39;__STATIC_INLINE&#39; does not name a type; did you mean &#39;_ELIDABLE_INLINE&#39;?
 __attribute__((always_inline)) __STATIC_INLINE void __ISB(void)
                                ^~~~~~~~~~~~~~~
                                _ELIDABLE_INLINE
/home/ec2-user/arduino-testlib/cli-datadir/data/packages/arduino/tools/CMSIS/4.5.0/CMSIS/Include/cmsis_gcc.h:427:32: error: &#39;__STATIC_INLINE&#39; does not name a type; did you mean &#39;_ELIDABLE_INLINE&#39;?
 __attribute__((always_inline)) __STATIC_INLINE void __DSB(void)
                                ^~~~~~~~~~~~~~~
                                _ELIDABLE_INLINE
/home/ec2-user/arduino-testlib/cli-datadir/data/packages/arduino/tools/CMSIS/4.5.0/CMSIS/Include/cmsis_gcc.h:438:32: error: &#39;__STATIC_INLINE&#39; does not name a type; did you mean &#39;_ELIDABLE_INLINE&#39;?
 __attribute__((always_inline)) __STATIC_INLINE void __DMB(void)
                                ^~~~~~~~~~~~~~~
                                _ELIDABLE_INLINE
/home/ec2-user/arduino-testlib/cli-datadir/data/packages/arduino/tools/CMSIS/4.5.0/CMSIS/Include/cmsis_gcc.h:450:32: error: &#39;__STATIC_INLINE&#39; does not name a type; did you mean &#39;_ELIDABLE_INLINE&#39;?
 __attribute__((always_inline)) __STATIC_INLINE uint32_t __REV(uint32_t value)
                                ^~~~~~~~~~~~~~~
                                _ELIDABLE_INLINE
/home/ec2-user/arduino-testlib/cli-datadir/data/packages/arduino/tools/CMSIS/4.5.0/CMSIS/Include/cmsis_gcc.h:469:32: error: &#39;__STATIC_INLINE&#39; does not name a type; did you mean &#39;_ELIDABLE_INLINE&#39;?
 __attribute__((always_inline)) __STATIC_INLINE uint32_t __REV16(uint32_t value)
                                ^~~~~~~~~~~~~~~
                                _ELIDABLE_INLINE
/home/ec2-user/arduino-testlib/cli-datadir/data/packages/arduino/tools/CMSIS/4.5.0/CMSIS/Include/cmsis_gcc.h:484:32: error: &#39;__STATIC_INLINE&#39; does not name a type; did you mean &#39;_ELIDABLE_INLINE&#39;?
 __attribute__((always_inline)) __STATIC_INLINE int32_t __REVSH(int32_t value)
                                ^~~~~~~~~~~~~~~
                                _ELIDABLE_INLINE
/home/ec2-user/arduin</pre>
					
					<h4>examples/micro_speech</h4>
					<p>
						Result: <b>FAIL</b>
					</p>
					<pre class="pre-scrollable">Library Arduino_TensorFlowLite has been declared precompiled:
Precompiled library in &#34;/home/ec2-user/arduino-testlib/cli-datadir/user/libraries/Arduino_TensorFlowLite/src/cortex-m0plus&#34; not found
In file included from /home/ec2-user/arduino-testlib/cli-datadir/user/libraries/Arduino_TensorFlowLite/src/tensorflow/lite/micro/tools/make/downloads/cmsis/CMSIS/Core/Include/cmsis_compiler.h:54:0,
                 from /home/ec2-user/arduino-testlib/cli-datadir/user/libraries/Arduino_TensorFlowLite/src/tensorflow/lite/micro/tools/make/downloads/cmsis/CMSIS/DSP/Include/arm_math_types.h:76,
                 from /home/ec2-user/arduino-testlib/cli-datadir/user/libraries/Arduino_TensorFlowLite/src/tensorflow/lite/micro/tools/make/downloads/cmsis/CMSIS/DSP/Include/arm_math.h:199,
                 from /home/ec2-user/arduino-testlib/cli-datadir/user/libraries/Arduino_TensorFlowLite/src/tensorflow/lite/micro/tools/make/downloads/cmsis/CMSIS/NN/Include/arm_nnsupportfunctions.h:33,
                 from /home/ec2-user/arduino-testlib/cli-datadir/user/libraries/Arduino_TensorFlowLite/src/tensorflow/lite/micro/tools/make/downloads/cmsis/CMSIS/NN/Include/arm_nnfunctions.h:164,
                 from /home/ec2-user/arduino-testlib/cli-datadir/user/libraries/Arduino_TensorFlowLite/src/tensorflow/lite/micro/kernels/cmsis-nn/add.cpp:18:
/home/ec2-user/arduino-testlib/cli-datadir/data/packages/arduino/tools/CMSIS/4.5.0/CMSIS/Include/cmsis_gcc.h:58:36: error: &#39;__STATIC_INLINE&#39; does not name a type; did you mean &#39;_ELIDABLE_INLINE&#39;?
 __attribute__( ( always_inline ) ) __STATIC_INLINE void __enable_irq(void)
                                    ^~~~~~~~~~~~~~~
                                    _ELIDABLE_INLINE
/home/ec2-user/arduino-testlib/cli-datadir/data/packages/arduino/tools/CMSIS/4.5.0/CMSIS/Include/cmsis_gcc.h:69:36: error: &#39;__STATIC_INLINE&#39; does not name a type; did you mean &#39;_ELIDABLE_INLINE&#39;?
 __attribute__( ( always_inline ) ) __STATIC_INLINE void __disable_irq(void)
                                    ^~~~~~~~~~~~~~~
                                    _ELIDABLE_INLINE
/home/ec2-user/arduino-testlib/cli-datadir/data/packages/arduino/tools/CMSIS/4.5.0/CMSIS/Include/cmsis_gcc.h:80:36: error: &#39;__STATIC_INLINE&#39; does not name a type; did you mean &#39;_ELIDABLE_INLINE&#39;?
 __attribute__( ( always_inline ) ) __STATIC_INLINE uint32_t __get_CONTROL(void)
                                    ^~~~~~~~~~~~~~~
                                    _ELIDABLE_INLINE
/home/ec2-user/arduino-testlib/cli-datadir/data/packages/arduino/tools/CMSIS/4.5.0/CMSIS/Include/cmsis_gcc.h:94:36: error: &#39;__STATIC_INLINE&#39; does not name a type; did you mean &#39;_ELIDABLE_INLINE&#39;?
 __attribute__( ( always_inline ) ) __STATIC_INLINE void __set_CONTROL(uint32_t control)
                                    ^~~~~~~~~~~~~~~
                                    _ELIDABLE_INLINE
/home/ec2-user/arduino-testlib/cli-datadir/data/packages/arduino/tools/CMSIS/4.5.0/CMSIS/Include/cmsis_gcc.h:105:36: error: &#39;__STATIC_INLINE&#39; does not name a type; did you mean &#39;_ELIDABLE_INLINE&#39;?
 __attribute__( ( always_inline ) ) __STATIC_INLINE uint32_t __get_IPSR(void)
                                    ^~~~~~~~~~~~~~~
                                    _ELIDABLE_INLINE
/home/ec2-user/arduino-testlib/cli-datadir/data/packages/arduino/tools/CMSIS/4.5.0/CMSIS/Include/cmsis_gcc.h:119:36: error: &#39;__STATIC_INLINE&#39; does not name a type; did you mean &#39;_ELIDABLE_INLINE&#39;?
 __attribute__( ( always_inline ) ) __STATIC_INLINE uint32_t __get_APSR(void)
                                    ^~~~~~~~~~~~~~~
                                    _ELIDABLE_INLINE
/home/ec2-user/arduino-testlib/cli-datadir/data/packages/arduino/tools/CMSIS/4.5.0/CMSIS/Include/cmsis_gcc.h:134:36: error: &#39;__STATIC_INLINE&#39; does not name a type; did you mean &#39;_ELIDABLE_INLINE&#39;?
 __attribute__( ( always_inline ) ) __STATIC_INLINE uint32_t __get_xPSR(void)
                                    ^~~~~~~~~~~~~~~
                                    _ELIDABLE_INLINE
/home/ec2-user/arduino-testlib/cli-datadir/data/packages/arduino/tools/CMSIS/4.5.0/CMSIS/Include/cmsis_gcc.h:148:36: error: &#39;__STATIC_INLINE&#39; does not name a type; did you mean &#39;_ELIDABLE_INLINE&#39;?
 __attribute__( ( always_inline ) ) __STATIC_INLINE uint32_t __get_PSP(void)
                                    ^~~~~~~~~~~~~~~
                                    _ELIDABLE_INLINE
/home/ec2-user/arduino-testlib/cli-datadir/data/packages/arduino/tools/CMSIS/4.5.0/CMSIS/Include/cmsis_gcc.h:162:36: error: &#39;__STATIC_INLINE&#39; does not name a type; did you mean &#39;_ELIDABLE_INLINE&#39;?
 __attribute__( ( always_inline ) ) __STATIC_INLINE void __set_PSP(uint32_t topOfProcStack)
                                    ^~~~~~~~~~~~~~~
                                    _ELIDABLE_INLINE
/home/ec2-user/arduino-testlib/cli-datadir/data/packages/arduino/tools/CMSIS/4.5.0/CMSIS/Include/cmsis_gcc.h:173:36: error: &#39;__STATIC_INLINE&#39; does not name a type; did you mean &#39;_ELIDABLE_INLINE&#39;?
 __attribute__( ( always_inline ) ) __STATIC_INLINE uint32_t __get_MSP(void)
                                    ^~~~~~~~~~~~~~~
                                    _ELIDABLE_INLINE
/home/ec2-user/arduino-testlib/cli-datadir/data/packages/arduino/tools/CMSIS/4.5.0/CMSIS/Include/cmsis_gcc.h:188:36: error: &#39;__STATIC_INLINE&#39; does not name a type; did you mean &#39;_ELIDABLE_INLINE&#39;?
 __attribute__( ( always_inline ) ) __STATIC_INLINE void __set_MSP(uint32_t topOfMainStack)
                                    ^~~~~~~~~~~~~~~
                                    _ELIDABLE_INLINE
/home/ec2-user/arduino-testlib/cli-datadir/data/packages/arduino/tools/CMSIS/4.5.0/CMSIS/Include/cmsis_gcc.h:199:36: error: &#39;__STATIC_INLINE&#39; does not name a type; did you mean &#39;_ELIDABLE_INLINE&#39;?
 __attribute__( ( always_inline ) ) __STATIC_INLINE uint32_t __get_PRIMASK(void)
                                    ^~~~~~~~~~~~~~~
                                    _ELIDABLE_INLINE
/home/ec2-user/arduino-testlib/cli-datadir/data/packages/arduino/tools/CMSIS/4.5.0/CMSIS/Include/cmsis_gcc.h:213:36: error: &#39;__STATIC_INLINE&#39; does not name a type; did you mean &#39;_ELIDABLE_INLINE&#39;?
 __attribute__( ( always_inline ) ) __STATIC_INLINE void __set_PRIMASK(uint32_t priMask)
                                    ^~~~~~~~~~~~~~~
                                    _ELIDABLE_INLINE
/home/ec2-user/arduino-testlib/cli-datadir/data/packages/arduino/tools/CMSIS/4.5.0/CMSIS/Include/cmsis_gcc.h:373:32: error: &#39;__STATIC_INLINE&#39; does not name a type; did you mean &#39;_ELIDABLE_INLINE&#39;?
 __attribute__((always_inline)) __STATIC_INLINE void __NOP(void)
                                ^~~~~~~~~~~~~~~
                                _ELIDABLE_INLINE
/home/ec2-user/arduino-testlib/cli-datadir/data/packages/arduino/tools/CMSIS/4.5.0/CMSIS/Include/cmsis_gcc.h:383:32: error: &#39;__STATIC_INLINE&#39; does not name a type; did you mean &#39;_ELIDABLE_INLINE&#39;?
 __attribute__((always_inline)) __STATIC_INLINE void __WFI(void)
                                ^~~~~~~~~~~~~~~
                                _ELIDABLE_INLINE
/home/ec2-user/arduino-testlib/cli-datadir/data/packages/arduino/tools/CMSIS/4.5.0/CMSIS/Include/cmsis_gcc.h:394:32: error: &#39;__STATIC_INLINE&#39; does not name a type; did you mean &#39;_ELIDABLE_INLINE&#39;?
 __attribute__((always_inline)) __STATIC_INLINE void __WFE(void)
                                ^~~~~~~~~~~~~~~
                                _ELIDABLE_INLINE
/home/ec2-user/arduino-testlib/cli-datadir/data/packages/arduino/tools/CMSIS/4.5.0/CMSIS/Include/cmsis_gcc.h:404:32: error: &#39;__STATIC_INLINE&#39; does not name a type; did you mean &#39;_ELIDABLE_INLINE&#39;?
 __attribute__((always_inline)) __STATIC_INLINE void __SEV(void)
                                ^~~~~~~~~~~~~~~
                                _ELIDABLE_INLINE
/home/ec2-user/arduino-testlib/cli-datadir/data/packages/arduino/tools/CMSIS/4.5.0/CMSIS/Include/cmsis_gcc.h:416:32: error: &#39;__STATIC_INLINE&#39; does not name a type; did you mean &#39;_ELIDABLE_INLINE&#39;?
 __attribute__((always_inline)) __STATIC_INLINE void __ISB(void)
                                ^~~~~~~~~~~~~~~
                                _ELIDABLE_INLINE
/home/ec2-user/arduino-testlib/cli-datadir/data/packages/arduino/tools/CMSIS/4.5.0/CMSIS/Include/cmsis_gcc.h:427:32: error: &#39;__STATIC_INLINE&#39; does not name a type; did you mean &#39;_ELIDABLE_INLINE&#39;?
 __attribute__((always_inline)) __STATIC_INLINE void __DSB(void)
                                ^~~~~~~~~~~~~~~
                                _ELIDABLE_INLINE
/home/ec2-user/arduino-testlib/cli-datadir/data/packages/arduino/tools/CMSIS/4.5.0/CMSIS/Include/cmsis_gcc.h:438:32: error: &#39;__STATIC_INLINE&#39; does not name a type; did you mean &#39;_ELIDABLE_INLINE&#39;?
 __attribute__((always_inline)) __STATIC_INLINE void __DMB(void)
                                ^~~~~~~~~~~~~~~
                                _ELIDABLE_INLINE
/home/ec2-user/arduino-testlib/cli-datadir/data/packages/arduino/tools/CMSIS/4.5.0/CMSIS/Include/cmsis_gcc.h:450:32: error: &#39;__STATIC_INLINE&#39; does not name a type; did you mean &#39;_ELIDABLE_INLINE&#39;?
 __attribute__((always_inline)) __STATIC_INLINE uint32_t __REV(uint32_t value)
                                ^~~~~~~~~~~~~~~
                                _ELIDABLE_INLINE
/home/ec2-user/arduino-testlib/cli-datadir/data/packages/arduino/tools/CMSIS/4.5.0/CMSIS/Include/cmsis_gcc.h:469:32: error: &#39;__STATIC_INLINE&#39; does not name a type; did you mean &#39;_ELIDABLE_INLINE&#39;?
 __attribute__((always_inline)) __STATIC_INLINE uint32_t __REV16(uint32_t value)
                                ^~~~~~~~~~~~~~~
                                _ELIDABLE_INLINE
/home/ec2-user/arduino-testlib/cli-datadir/data/packages/arduino/tools/CMSIS/4.5.0/CMSIS/Include/cmsis_gcc.h:484:32: error: &#39;__STATIC_INLINE&#39; does not name a type; did you mean &#39;_ELIDABLE_INLINE&#39;?
 __attribute__((always_inline)) __STATIC_INLINE int32_t __REVSH(int32_t value)
                                ^~~~~~~~~~~~~~~
                                _ELIDABLE_INLINE
/home/ec2-user/arduin</pre>
					
					<h4>examples/multi_tenant</h4>
					<p>
						Result: <b>FAIL</b>
					</p>
					<pre class="pre-scrollable">WARNING: library Harvard_TinyMLx claims to run on mbed_nano architecture(s) and may be incompatible with your current board which runs on samd architecture(s).

</pre>
					
					<h4>examples/person_detection</h4>
					<p>
						Result: <b>FAIL</b>
					</p>
					<pre class="pre-scrollable">WARNING: library Harvard_TinyMLx claims to run on mbed_nano architecture(s) and may be incompatible with your current board which runs on samd architecture(s).

</pre>
					
					<h4>examples/test_IMU</h4>
					<p>
						Result: <b>PASS</b>
					</p>
					<pre class="pre-scrollable">Sketch uses 25416 bytes (9%) of program storage space. Maximum is 262144 bytes.
Global variables use 3960 bytes (12%) of dynamic memory, leaving 28808 bytes for local variables. Maximum is 32768 bytes.
</pre>
					
					<h4>examples/test_camera</h4>
					<p>
						Result: <b>FAIL</b>
					</p>
					<pre class="pre-scrollable">WARNING: library Harvard_TinyMLx claims to run on mbed_nano architecture(s) and may be incompatible with your current board which runs on samd architecture(s).
In file included from /home/ec2-user/arduino-testlib/cli-datadir/user/libraries/Harvard_TinyMLx/examples/test_camera/test_camera.ino:8:0:
/home/ec2-user/arduino-testlib/cli-datadir/user/libraries/Harvard_TinyMLx/src/TinyMLShield.h: In function &#39;void nrf_gpio_cfg_out_with_input(uint32_t)&#39;:
/home/ec2-user/arduino-testlib/cli-datadir/user/libraries/Harvard_TinyMLx/src/TinyMLShield.h:8:5: error: &#39;NRF_GPIO_PIN_DIR_OUTPUT&#39; was not declared in this scope
     NRF_GPIO_PIN_DIR_OUTPUT,
     ^~~~~~~~~~~~~~~~~~~~~~~
/home/ec2-user/arduino-testlib/cli-datadir/user/libraries/Harvard_TinyMLx/src/TinyMLShield.h:9:5: error: &#39;NRF_GPIO_PIN_INPUT_CONNECT&#39; was not declared in this scope
     NRF_GPIO_PIN_INPUT_CONNECT,
     ^~~~~~~~~~~~~~~~~~~~~~~~~~
/home/ec2-user/arduino-testlib/cli-datadir/user/libraries/Harvard_TinyMLx/src/TinyMLShield.h:10:5: error: &#39;NRF_GPIO_PIN_PULLUP&#39; was not declared in this scope
     NRF_GPIO_PIN_PULLUP,
     ^~~~~~~~~~~~~~~~~~~
/home/ec2-user/arduino-testlib/cli-datadir/user/libraries/Harvard_TinyMLx/src/TinyMLShield.h:10:5: note: suggested alternative: &#39;PIO_INPUT_PULLUP&#39;
     NRF_GPIO_PIN_PULLUP,
     ^~~~~~~~~~~~~~~~~~~
     PIO_INPUT_PULLUP
/home/ec2-user/arduino-testlib/cli-datadir/user/libraries/Harvard_TinyMLx/src/TinyMLShield.h:11:5: error: &#39;NRF_GPIO_PIN_S0S1&#39; was not declared in this scope
     NRF_GPIO_PIN_S0S1,
     ^~~~~~~~~~~~~~~~~
/home/ec2-user/arduino-testlib/cli-datadir/user/libraries/Harvard_TinyMLx/src/TinyMLShield.h:12:5: error: &#39;NRF_GPIO_PIN_NOSENSE&#39; was not declared in this scope
     NRF_GPIO_PIN_NOSENSE);
     ^~~~~~~~~~~~~~~~~~~~
/home/ec2-user/arduino-testlib/cli-datadir/user/libraries/Harvard_TinyMLx/src/TinyMLShield.h:6:3: error: &#39;nrf_gpio_cfg&#39; was not declared in this scope
   nrf_gpio_cfg(
   ^~~~~~~~~~~~
/home/ec2-user/arduino-testlib/cli-datadir/user/libraries/Harvard_TinyMLx/src/TinyMLShield.h: In function &#39;void initializeShield()&#39;:
/home/ec2-user/arduino-testlib/cli-datadir/user/libraries/Harvard_TinyMLx/src/TinyMLShield.h:25:31: error: &#39;digitalPinToPinName&#39; was not declared in this scope
   nrf_gpio_cfg_out_with_input(digitalPinToPinName(BUTTON_PIN));
                               ^~~~~~~~~~~~~~~~~~~
/home/ec2-user/arduino-testlib/cli-datadir/user/libraries/Harvard_TinyMLx/src/TinyMLShield.h:25:31: note: suggested alternative: &#39;digitalPinToBitMask&#39;
   nrf_gpio_cfg_out_with_input(digitalPinToPinName(BUTTON_PIN));
                               ^~~~~~~~~~~~~~~~~~~
                               digitalPinToBitMask
/home/ec2-user/arduino-testlib/cli-datadir/user/libraries/Harvard_TinyMLx/src/TinyMLShield.h: In function &#39;bool readShieldButton()&#39;:
/home/ec2-user/arduino-testlib/cli-datadir/user/libraries/Harvard_TinyMLx/src/TinyMLShield.h:30:39: error: &#39;digitalPinToPinName&#39; was not declared in this scope
   bool buttonRead = nrf_gpio_pin_read(digitalPinToPinName(BUTTON_PIN));
                                       ^~~~~~~~~~~~~~~~~~~
/home/ec2-user/arduino-testlib/cli-datadir/user/libraries/Harvard_TinyMLx/src/TinyMLShield.h:30:39: note: suggested alternative: &#39;digitalPinToBitMask&#39;
   bool buttonRead = nrf_gpio_pin_read(digitalPinToPinName(BUTTON_PIN));
                                       ^~~~~~~~~~~~~~~~~~~
                                       digitalPinToBitMask
/home/ec2-user/arduino-testlib/cli-datadir/user/libraries/Harvard_TinyMLx/src/TinyMLShield.h:30:21: error: &#39;nrf_gpio_pin_read&#39; was not declared in this scope
   bool buttonRead = nrf_gpio_pin_read(digitalPinToPinName(BUTTON_PIN));
                     ^~~~~~~~~~~~~~~~~

</pre>
					
					<h4>examples/test_microphone</h4>
					<p>
						Result: <b>FAIL</b>
					</p>
					<pre class="pre-scrollable">/home/ec2-user/arduino-testlib/cli-datadir/user/libraries/Harvard_TinyMLx/examples/test_microphone/test_microphone.ino:7:10: fatal error: PDM.h: No such file or directory
 #include &lt;PDM.h&gt;
          ^~~~~~~
compilation terminated.

</pre>
					
				
				<h3 id="esp32:esp32:d1_mini32">esp32:esp32:d1_mini32 @ 1.0.6</h3>
				<h4>Inclusion</h4>
				<p>
					Result: <b>FAIL</b>
					
				</p>
				<pre class="pre-scrollable">WARNING: library Harvard_TinyMLx claims to run on mbed_nano architecture(s) and may be incompatible with your current board which runs on esp32 architecture(s).
In file included from /tmp/arduino-testlib1921436792/test/test.ino:1:0:
/home/ec2-user/arduino-testlib/cli-datadir/user/libraries/Harvard_TinyMLx/src/TinyMLShield.h: In function &#39;void nrf_gpio_cfg_out_with_input(uint32_t)&#39;:
/home/ec2-user/arduino-testlib/cli-datadir/user/libraries/Harvard_TinyMLx/src/TinyMLShield.h:8:5: error: &#39;NRF_GPIO_PIN_DIR_OUTPUT&#39; was not declared in this scope
     NRF_GPIO_PIN_DIR_OUTPUT,
     ^
/home/ec2-user/arduino-testlib/cli-datadir/user/libraries/Harvard_TinyMLx/src/TinyMLShield.h:9:5: error: &#39;NRF_GPIO_PIN_INPUT_CONNECT&#39; was not declared in this scope
     NRF_GPIO_PIN_INPUT_CONNECT,
     ^
/home/ec2-user/arduino-testlib/cli-datadir/user/libraries/Harvard_TinyMLx/src/TinyMLShield.h:10:5: error: &#39;NRF_GPIO_PIN_PULLUP&#39; was not declared in this scope
     NRF_GPIO_PIN_PULLUP,
     ^
/home/ec2-user/arduino-testlib/cli-datadir/user/libraries/Harvard_TinyMLx/src/TinyMLShield.h:11:5: error: &#39;NRF_GPIO_PIN_S0S1&#39; was not declared in this scope
     NRF_GPIO_PIN_S0S1,
     ^
/home/ec2-user/arduino-testlib/cli-datadir/user/libraries/Harvard_TinyMLx/src/TinyMLShield.h:12:5: error: &#39;NRF_GPIO_PIN_NOSENSE&#39; was not declared in this scope
     NRF_GPIO_PIN_NOSENSE);
     ^
/home/ec2-user/arduino-testlib/cli-datadir/user/libraries/Harvard_TinyMLx/src/TinyMLShield.h:12:25: error: &#39;nrf_gpio_cfg&#39; was not declared in this scope
     NRF_GPIO_PIN_NOSENSE);
                         ^
/home/ec2-user/arduino-testlib/cli-datadir/user/libraries/Harvard_TinyMLx/src/TinyMLShield.h: In function &#39;void initializeShield()&#39;:
/home/ec2-user/arduino-testlib/cli-datadir/user/libraries/Harvard_TinyMLx/src/TinyMLShield.h:25:61: error: &#39;digitalPinToPinName&#39; was not declared in this scope
   nrf_gpio_cfg_out_with_input(digitalPinToPinName(BUTTON_PIN));
                                                             ^
/home/ec2-user/arduino-testlib/cli-datadir/user/libraries/Harvard_TinyMLx/src/TinyMLShield.h: In function &#39;bool readShieldButton()&#39;:
/home/ec2-user/arduino-testlib/cli-datadir/user/libraries/Harvard_TinyMLx/src/TinyMLShield.h:30:69: error: &#39;digitalPinToPinName&#39; was not declared in this scope
   bool buttonRead = nrf_gpio_pin_read(digitalPinToPinName(BUTTON_PIN));
                                                                     ^
/home/ec2-user/arduino-testlib/cli-datadir/user/libraries/Harvard_TinyMLx/src/TinyMLShield.h:30:70: error: &#39;nrf_gpio_pin_read&#39; was not declared in this scope
   bool buttonRead = nrf_gpio_pin_read(digitalPinToPinName(BUTTON_PIN));
                                                                      ^

</pre>

					
					<h4>examples/magic_wand</h4>
					<p>
						Result: <b>FAIL</b>
					</p>
					<pre class="pre-scrollable">WARNING: library ArduinoBLE claims to run on samd, megaavr, mbed, apollo3, mbed_nano, mbed_portenta architecture(s) and may be incompatible with your current board which runs on esp32 architecture(s).
In file included from /tmp/arduino-sketch-6F09AFBD91BB631AE8DCC686660335FD/sketch/magic_wand.ino.cpp:1:0:
/home/ec2-user/arduino-testlib/cli-datadir/data/packages/esp32/hardware/esp32/1.0.6/cores/esp32/Arduino.h:64:17: error: expected identifier before numeric constant
 #define DEFAULT 1
                 ^
/home/ec2-user/arduino-testlib/cli-datadir/user/libraries/Arduino_TensorFlowLite/src/tensorflow/lite/core/api/profiler.h:31:5: note: in expansion of macro &#39;DEFAULT&#39;
     DEFAULT = 1,
     ^
/home/ec2-user/arduino-testlib/cli-datadir/data/packages/esp32/hardware/esp32/1.0.6/cores/esp32/Arduino.h:64:17: error: expected &#39;}&#39; before numeric constant
 #define DEFAULT 1
                 ^
/home/ec2-user/arduino-testlib/cli-datadir/user/libraries/Arduino_TensorFlowLite/src/tensorflow/lite/core/api/profiler.h:31:5: note: in expansion of macro &#39;DEFAULT&#39;
     DEFAULT = 1,
     ^
/home/ec2-user/arduino-testlib/cli-datadir/data/packages/esp32/hardware/esp32/1.0.6/cores/esp32/Arduino.h:64:17: error: expected unqualified-id before numeric constant
 #define DEFAULT 1
                 ^
/home/ec2-user/arduino-testlib/cli-datadir/user/libraries/Arduino_TensorFlowLite/src/tensorflow/lite/core/api/profiler.h:31:5: note: in expansion of macro &#39;DEFAULT&#39;
     DEFAULT = 1,
     ^
In file included from /home/ec2-user/arduino-testlib/cli-datadir/user/libraries/Arduino_TensorFlowLite/src/tensorflow/lite/micro/micro_interpreter.h:24:0,
                 from /home/ec2-user/arduino-testlib/cli-datadir/user/libraries/Harvard_TinyMLx/examples/magic_wand/magic_wand.ino:16:
/home/ec2-user/arduino-testlib/cli-datadir/user/libraries/Arduino_TensorFlowLite/src/tensorflow/lite/core/api/profiler.h:51:21: error: declaration of &#39;~tflite::Profiler&#39; as non-member
   virtual ~Profiler() {}
                     ^
/home/ec2-user/arduino-testlib/cli-datadir/user/libraries/Arduino_TensorFlowLite/src/tensorflow/lite/core/api/profiler.h:61:48: error: &#39;EventType&#39; has not been declared
   virtual uint32_t BeginEvent(const char* tag, EventType event_type,
                                                ^
/home/ec2-user/arduino-testlib/cli-datadir/user/libraries/Arduino_TensorFlowLite/src/tensorflow/lite/core/api/profiler.h:63:54: error: &#39;virtual&#39; outside class declaration
                               int64_t event_metadata2) = 0;
                                                      ^
/home/ec2-user/arduino-testlib/cli-datadir/user/libraries/Arduino_TensorFlowLite/src/tensorflow/lite/core/api/profiler.h:63:58: error: function &#39;uint32_t tflite::BeginEvent(const char*, int, int64_t, int64_t)&#39; is initialized like a variable
                               int64_t event_metadata2) = 0;
                                                          ^
/home/ec2-user/arduino-testlib/cli-datadir/user/libraries/Arduino_TensorFlowLite/src/tensorflow/lite/core/api/profiler.h:65:40: error: &#39;EventType&#39; has not been declared
   uint32_t BeginEvent(const char* tag, EventType event_type,
                                        ^
/home/ec2-user/arduino-testlib/cli-datadir/user/libraries/Arduino_TensorFlowLite/src/tensorflow/lite/core/api/profiler.h:74:48: error: &#39;virtual&#39; outside class declaration
                         int64_t event_metadata2) {}
                                                ^
/home/ec2-user/arduino-testlib/cli-datadir/user/libraries/Arduino_TensorFlowLite/src/tensorflow/lite/core/api/profiler.h:76:46: error: &#39;virtual&#39; outside class declaration
   virtual void EndEvent(uint32_t event_handle) = 0;
                                              ^
/home/ec2-user/arduino-testlib/cli-datadir/user/libraries/Arduino_TensorFlowLite/src/tensorflow/lite/core/api/profiler.h:76:50: error: function &#39;void tflite::EndEvent(uint32_t)&#39; is initialized like a variable
   virtual void EndEvent(uint32_t event_handle) = 0;
                                                  ^
/home/ec2-user/arduino-testlib/cli-datadir/user/libraries/Arduino_TensorFlowLite/src/tensorflow/lite/core/api/profiler.h:85:34: error: &#39;EventType&#39; has not been declared
   void AddEvent(const char* tag, EventType event_type, uint64_t start,
                                  ^
/home/ec2-user/arduino-testlib/cli-datadir/user/libraries/Arduino_TensorFlowLite/src/tensorflow/lite/core/api/profiler.h: In function &#39;void tflite::AddEvent(const char*, int, uint64_t, uint64_t, int64_t)&#39;:
/home/ec2-user/arduino-testlib/cli-datadir/user/libraries/Arduino_TensorFlowLite/src/tensorflow/lite/core/api/profiler.h:88:35: error: too many arguments to function &#39;void tflite::AddEvent(const char*, int, uint64_t, uint64_t, int64_t)&#39;
              /*event_metadata2*/ 0);
                                   ^
/home/ec2-user/arduino-testlib/cli-datadir/user/libraries/Arduino_TensorFlowLite/src/tensorflow/lite/core/api/profiler.h:85:8: note: declared here
   void AddEvent(const char* tag, EventType event_type, uint64_t start,
        ^
/home/ec2-user/arduino-testlib/cli-datadir/user/libraries/Arduino_TensorFlowLite/src/tensorflow/lite/core/api/profiler.h: At global scope:
/home/ec2-user/arduino-testlib/cli-datadir/user/libraries/Arduino_TensorFlowLite/src/tensorflow/lite/core/api/profiler.h:91:42: error: &#39;EventType&#39; has not been declared
   virtual void AddEvent(const char* tag, EventType event_type, uint64_t start,
                                          ^
/home/ec2-user/arduino-testlib/cli-datadir/user/libraries/Arduino_TensorFlowLite/src/tensorflow/lite/core/api/profiler.h:93:48: error: &#39;virtual&#39; outside class declaration
                         int64_t event_metadata2) {}
                                                ^
/home/ec2-user/arduino-testlib/cli-datadir/user/libraries/Arduino_TensorFlowLite/src/tensorflow/lite/core/api/profiler.h:95:2: error: expected unqualified-id before &#39;protected&#39;
  protected:
  ^
/home/ec2-user/arduino-testlib/cli-datadir/user/libraries/Arduino_TensorFlowLite/src/tensorflow/lite/core/api/profiler.h:105:25: error: expected &#39;)&#39; before &#39;*&#39; token
   ScopedProfile(Profiler* profiler, const char* tag,
                         ^
/home/ec2-user/arduino-testlib/cli-datadir/user/libraries/Harvard_TinyMLx/examples/magic_wand/magic_wand.ino:249:1: error: expected &#39;}&#39; at end of input
 }
 ^
/home/ec2-user/arduino-testlib/cli-datadir/user/libraries/Harvard_TinyMLx/examples/magic_wand/magic_wand.ino:249:1: error: expected unqualified-id at end of input

</pre>
					
					<h4>examples/micro_speech</h4>
					<p>
						Result: <b>FAIL</b>
					</p>
					<pre class="pre-scrollable">In file included from /home/ec2-user/arduino-testlib/cli-datadir/user/libraries/Harvard_TinyMLx/examples/micro_speech/micro_speech.ino:18:0:
/home/ec2-user/arduino-testlib/cli-datadir/user/libraries/Harvard_TinyMLx/examples/micro_speech/main_functions.h:26:12: error: conflicting declaration of &#39;void setup()&#39; with &#39;C&#39; linkage
 void setup();
            ^
In file included from /tmp/arduino-sketch-D8EFF626B5B70D3DF8F7DFF5E221470B/sketch/micro_speech.ino.cpp:1:0:
/home/ec2-user/arduino-testlib/cli-datadir/data/packages/esp32/hardware/esp32/1.0.6/cores/esp32/Arduino.h:118:6: note: previous declaration with &#39;C&#43;&#43;&#39; linkage
 void setup(void);
      ^
In file included from /home/ec2-user/arduino-testlib/cli-datadir/user/libraries/Harvard_TinyMLx/examples/micro_speech/micro_speech.ino:18:0:
/home/ec2-user/arduino-testlib/cli-datadir/user/libraries/Harvard_TinyMLx/examples/micro_speech/main_functions.h:31:11: error: conflicting declaration of &#39;void loop()&#39; with &#39;C&#39; linkage
 void loop();
           ^
In file included from /tmp/arduino-sketch-D8EFF626B5B70D3DF8F7DFF5E221470B/sketch/micro_speech.ino.cpp:1:0:
/home/ec2-user/arduino-testlib/cli-datadir/data/packages/esp32/hardware/esp32/1.0.6/cores/esp32/Arduino.h:119:6: note: previous declaration with &#39;C&#43;&#43;&#39; linkage
 void loop(void);
      ^
/home/ec2-user/arduino-testlib/cli-datadir/data/packages/esp32/hardware/esp32/1.0.6/cores/esp32/Arduino.h:64:17: error: expected identifier before numeric constant
 #define DEFAULT 1
                 ^
/home/ec2-user/arduino-testlib/cli-datadir/user/libraries/Arduino_TensorFlowLite/src/tensorflow/lite/core/api/profiler.h:31:5: note: in expansion of macro &#39;DEFAULT&#39;
     DEFAULT = 1,
     ^
/home/ec2-user/arduino-testlib/cli-datadir/data/packages/esp32/hardware/esp32/1.0.6/cores/esp32/Arduino.h:64:17: error: expected &#39;}&#39; before numeric constant
 #define DEFAULT 1
                 ^
/home/ec2-user/arduino-testlib/cli-datadir/user/libraries/Arduino_TensorFlowLite/src/tensorflow/lite/core/api/profiler.h:31:5: note: in expansion of macro &#39;DEFAULT&#39;
     DEFAULT = 1,
     ^
/home/ec2-user/arduino-testlib/cli-datadir/data/packages/esp32/hardware/esp32/1.0.6/cores/esp32/Arduino.h:64:17: error: expected unqualified-id before numeric constant
 #define DEFAULT 1
                 ^
/home/ec2-user/arduino-testlib/cli-datadir/user/libraries/Arduino_TensorFlowLite/src/tensorflow/lite/core/api/profiler.h:31:5: note: in expansion of macro &#39;DEFAULT&#39;
     DEFAULT = 1,
     ^
In file included from /home/ec2-user/arduino-testlib/cli-datadir/user/libraries/Arduino_TensorFlowLite/src/tensorflow/lite/micro/micro_interpreter.h:24:0,
                 from /home/ec2-user/arduino-testlib/cli-datadir/user/libraries/Harvard_TinyMLx/examples/micro_speech/micro_speech.ino:27:
/home/ec2-user/arduino-testlib/cli-datadir/user/libraries/Arduino_TensorFlowLite/src/tensorflow/lite/core/api/profiler.h:51:21: error: declaration of &#39;~tflite::Profiler&#39; as non-member
   virtual ~Profiler() {}
                     ^
/home/ec2-user/arduino-testlib/cli-datadir/user/libraries/Arduino_TensorFlowLite/src/tensorflow/lite/core/api/profiler.h:61:48: error: &#39;EventType&#39; has not been declared
   virtual uint32_t BeginEvent(const char* tag, EventType event_type,
                                                ^
/home/ec2-user/arduino-testlib/cli-datadir/user/libraries/Arduino_TensorFlowLite/src/tensorflow/lite/core/api/profiler.h:63:54: error: &#39;virtual&#39; outside class declaration
                               int64_t event_metadata2) = 0;
                                                      ^
/home/ec2-user/arduino-testlib/cli-datadir/user/libraries/Arduino_TensorFlowLite/src/tensorflow/lite/core/api/profiler.h:63:58: error: function &#39;uint32_t tflite::BeginEvent(const char*, int, int64_t, int64_t)&#39; is initialized like a variable
                               int64_t event_metadata2) = 0;
                                                          ^
/home/ec2-user/arduino-testlib/cli-datadir/user/libraries/Arduino_TensorFlowLite/src/tensorflow/lite/core/api/profiler.h:65:40: error: &#39;EventType&#39; has not been declared
   uint32_t BeginEvent(const char* tag, EventType event_type,
                                        ^
/home/ec2-user/arduino-testlib/cli-datadir/user/libraries/Arduino_TensorFlowLite/src/tensorflow/lite/core/api/profiler.h:74:48: error: &#39;virtual&#39; outside class declaration
                         int64_t event_metadata2) {}
                                                ^
/home/ec2-user/arduino-testlib/cli-datadir/user/libraries/Arduino_TensorFlowLite/src/tensorflow/lite/core/api/profiler.h:76:46: error: &#39;virtual&#39; outside class declaration
   virtual void EndEvent(uint32_t event_handle) = 0;
                                              ^
/home/ec2-user/arduino-testlib/cli-datadir/user/libraries/Arduino_TensorFlowLite/src/tensorflow/lite/core/api/profiler.h:76:50: error: function &#39;void tflite::EndEvent(uint32_t)&#39; is initialized like a variable
   virtual void EndEvent(uint32_t event_handle) = 0;
                                                  ^
/home/ec2-user/arduino-testlib/cli-datadir/user/libraries/Arduino_TensorFlowLite/src/tensorflow/lite/core/api/profiler.h:85:34: error: &#39;EventType&#39; has not been declared
   void AddEvent(const char* tag, EventType event_type, uint64_t start,
                                  ^
/home/ec2-user/arduino-testlib/cli-datadir/user/libraries/Arduino_TensorFlowLite/src/tensorflow/lite/core/api/profiler.h: In function &#39;void tflite::AddEvent(const char*, int, uint64_t, uint64_t, int64_t)&#39;:
/home/ec2-user/arduino-testlib/cli-datadir/user/libraries/Arduino_TensorFlowLite/src/tensorflow/lite/core/api/profiler.h:88:35: error: too many arguments to function &#39;void tflite::AddEvent(const char*, int, uint64_t, uint64_t, int64_t)&#39;
              /*event_metadata2*/ 0);
                                   ^
/home/ec2-user/arduino-testlib/cli-datadir/user/libraries/Arduino_TensorFlowLite/src/tensorflow/lite/core/api/profiler.h:85:8: note: declared here
   void AddEvent(const char* tag, EventType event_type, uint64_t start,
        ^
/home/ec2-user/arduino-testlib/cli-datadir/user/libraries/Arduino_TensorFlowLite/src/tensorflow/lite/core/api/profiler.h: At global scope:
/home/ec2-user/arduino-testlib/cli-datadir/user/libraries/Arduino_TensorFlowLite/src/tensorflow/lite/core/api/profiler.h:91:42: error: &#39;EventType&#39; has not been declared
   virtual void AddEvent(const char* tag, EventType event_type, uint64_t start,
                                          ^
/home/ec2-user/arduino-testlib/cli-datadir/user/libraries/Arduino_TensorFlowLite/src/tensorflow/lite/core/api/profiler.h:93:48: error: &#39;virtual&#39; outside class declaration
                         int64_t event_metadata2) {}
                                                ^
/home/ec2-user/arduino-testlib/cli-datadir/user/libraries/Arduino_TensorFlowLite/src/tensorflow/lite/core/api/profiler.h:95:2: error: expected unqualified-id before &#39;protected&#39;
  protected:
  ^
/home/ec2-user/arduino-testlib/cli-datadir/user/libraries/Arduino_TensorFlowLite/src/tensorflow/lite/core/api/profiler.h:105:25: error: expected &#39;)&#39; before &#39;*&#39; token
   ScopedProfile(Profiler* profiler, const char* tag,
                         ^
/home/ec2-user/arduino-testlib/cli-datadir/user/libraries/Harvard_TinyMLx/examples/micro_speech/micro_speech.ino:177:1: error: expected &#39;}&#39; at end of input
 }
 ^
/home/ec2-user/arduino-testlib/cli-datadir/user/libraries/Harvard_TinyMLx/examples/micro_speech/micro_speech.ino:177:1: error: expected unqualified-id at end of input

</pre>
					
					<h4>examples/multi_tenant</h4>
					<p>
						Result: <b>FAIL</b>
					</p>
					<pre class="pre-scrollable">WARNING: library Harvard_TinyMLx claims to run on mbed_nano architecture(s) and may be incompatible with your current board which runs on esp32 architecture(s).

</pre>
					
					<h4>examples/person_detection</h4>
					<p>
						Result: <b>FAIL</b>
					</p>
					<pre class="pre-scrollable">WARNING: library Harvard_TinyMLx claims to run on mbed_nano architecture(s) and may be incompatible with your current board which runs on esp32 architecture(s).

</pre>
					
					<h4>examples/test_IMU</h4>
					<p>
						Result: <b>FAIL</b>
					</p>
					<pre class="pre-scrollable">/home/ec2-user/arduino-testlib/cli-datadir/user/libraries/Arduino_LSM9DS1/src/LSM9DS1.cpp: In member function &#39;void LSM9DS1Class::end()&#39;:
/home/ec2-user/arduino-testlib/cli-datadir/user/libraries/Arduino_LSM9DS1/src/LSM9DS1.cpp:106:10: error: &#39;class TwoWire&#39; has no member named &#39;end&#39;
   _wire-&gt;end();
          ^
In file included from /home/ec2-user/arduino-testlib/cli-datadir/user/libraries/Arduino_LSM9DS1/src/LSM9DS1.h:21:0,
                 from /home/ec2-user/arduino-testlib/cli-datadir/user/libraries/Arduino_LSM9DS1/src/LSM9DS1.cpp:20:
/home/ec2-user/arduino-testlib/cli-datadir/data/packages/esp32/hardware/esp32/1.0.6/libraries/Wire/src/Wire.h: In member function &#39;int LSM9DS1Class::readRegister(uint8_t, uint8_t)&#39;:
/home/ec2-user/arduino-testlib/cli-datadir/data/packages/esp32/hardware/esp32/1.0.6/libraries/Wire/src/Wire.h:103:13: note: candidate 1: uint8_t TwoWire::requestFrom(int, int)
     uint8_t requestFrom(int address, int size);
             ^
/home/ec2-user/arduino-testlib/cli-datadir/data/packages/esp32/hardware/esp32/1.0.6/libraries/Wire/src/Wire.h:101:13: note: candidate 2: uint8_t TwoWire::requestFrom(uint8_t, uint8_t)
     uint8_t requestFrom(uint8_t address, uint8_t size);
             ^

</pre>
					
					<h4>examples/test_camera</h4>
					<p>
						Result: <b>FAIL</b>
					</p>
					<pre class="pre-scrollable">WARNING: library Harvard_TinyMLx claims to run on mbed_nano architecture(s) and may be incompatible with your current board which runs on esp32 architecture(s).
In file included from /home/ec2-user/arduino-testlib/cli-datadir/user/libraries/Harvard_TinyMLx/examples/test_camera/test_camera.ino:8:0:
/home/ec2-user/arduino-testlib/cli-datadir/user/libraries/Harvard_TinyMLx/src/TinyMLShield.h: In function &#39;void nrf_gpio_cfg_out_with_input(uint32_t)&#39;:
/home/ec2-user/arduino-testlib/cli-datadir/user/libraries/Harvard_TinyMLx/src/TinyMLShield.h:8:5: error: &#39;NRF_GPIO_PIN_DIR_OUTPUT&#39; was not declared in this scope
     NRF_GPIO_PIN_DIR_OUTPUT,
     ^
/home/ec2-user/arduino-testlib/cli-datadir/user/libraries/Harvard_TinyMLx/src/TinyMLShield.h:9:5: error: &#39;NRF_GPIO_PIN_INPUT_CONNECT&#39; was not declared in this scope
     NRF_GPIO_PIN_INPUT_CONNECT,
     ^
/home/ec2-user/arduino-testlib/cli-datadir/user/libraries/Harvard_TinyMLx/src/TinyMLShield.h:10:5: error: &#39;NRF_GPIO_PIN_PULLUP&#39; was not declared in this scope
     NRF_GPIO_PIN_PULLUP,
     ^
/home/ec2-user/arduino-testlib/cli-datadir/user/libraries/Harvard_TinyMLx/src/TinyMLShield.h:11:5: error: &#39;NRF_GPIO_PIN_S0S1&#39; was not declared in this scope
     NRF_GPIO_PIN_S0S1,
     ^
/home/ec2-user/arduino-testlib/cli-datadir/user/libraries/Harvard_TinyMLx/src/TinyMLShield.h:12:5: error: &#39;NRF_GPIO_PIN_NOSENSE&#39; was not declared in this scope
     NRF_GPIO_PIN_NOSENSE);
     ^
/home/ec2-user/arduino-testlib/cli-datadir/user/libraries/Harvard_TinyMLx/src/TinyMLShield.h:12:25: error: &#39;nrf_gpio_cfg&#39; was not declared in this scope
     NRF_GPIO_PIN_NOSENSE);
                         ^
/home/ec2-user/arduino-testlib/cli-datadir/user/libraries/Harvard_TinyMLx/src/TinyMLShield.h: In function &#39;void initializeShield()&#39;:
/home/ec2-user/arduino-testlib/cli-datadir/user/libraries/Harvard_TinyMLx/src/TinyMLShield.h:25:61: error: &#39;digitalPinToPinName&#39; was not declared in this scope
   nrf_gpio_cfg_out_with_input(digitalPinToPinName(BUTTON_PIN));
                                                             ^
/home/ec2-user/arduino-testlib/cli-datadir/user/libraries/Harvard_TinyMLx/src/TinyMLShield.h: In function &#39;bool readShieldButton()&#39;:
/home/ec2-user/arduino-testlib/cli-datadir/user/libraries/Harvard_TinyMLx/src/TinyMLShield.h:30:69: error: &#39;digitalPinToPinName&#39; was not declared in this scope
   bool buttonRead = nrf_gpio_pin_read(digitalPinToPinName(BUTTON_PIN));
                                                                     ^
/home/ec2-user/arduino-testlib/cli-datadir/user/libraries/Harvard_TinyMLx/src/TinyMLShield.h:30:70: error: &#39;nrf_gpio_pin_read&#39; was not declared in this scope
   bool buttonRead = nrf_gpio_pin_read(digitalPinToPinName(BUTTON_PIN));
                                                                      ^

</pre>
					
					<h4>examples/test_microphone</h4>
					<p>
						Result: <b>FAIL</b>
					</p>
					<pre class="pre-scrollable">/home/ec2-user/arduino-testlib/cli-datadir/user/libraries/Harvard_TinyMLx/examples/test_microphone/test_microphone.ino:7:17: fatal error: PDM.h: No such file or directory
 #include &lt;PDM.h&gt;
                 ^
compilation terminated.

</pre>
					
				
			</div>
		</div>
	</div>
  </body>
</html>
