
<!doctype html>
<html lang="en">
  <head>
    <meta charset="utf-8">
    <meta name="viewport" content="width=device-width, initial-scale=1">
    <link href="https://cdn.jsdelivr.net/npm/bootstrap@5.0.2/dist/css/bootstrap.min.css" rel="stylesheet" integrity="sha384-EVSTQN3/azprG1Anm3QDgpJLIm9Nao0Yz1ztcQTwFspd3yD65VohhpuuCOmLASjC" crossorigin="anonymous">
    <title>arduino-testlib report</title>
	<style>
	.pass { background-color: #00FF00 !important; }
	.fail { background-color: #FF0000 !important; }
	</style>
  </head>
  <body>
	<div class="container">
		<div class="row">
			<div class="col">
				<h1>I2C_DMAC - compatibility matrix</h1>
				<p>
					<small>This report was generated on Monday, 21-Feb-22 12:00:25 CET using 
					<a href="https://github.com/alranel/arduino-testlib">arduino-testlib</a>.</small>
				</p>

				<h2>I2C_DMAC</h2>
				<p>
					Version: <b>1.2.0</b>
					<br />
					<a href="https://www.arduino.cc/reference/en/libraries/i2c_dmac/">More details</a>
				</p>

				<h2>Compatibility matrix</h2>
				<table class="table table-bordered">
					<tr>
						<th>Board</th>
						<th>Claims compatibility</th>
						<th>Inclusion</th>
						
						<th><pre>MPU6050_Temperature_V2</pre></th>
						
						<th><pre>MPU6050_WhoAmI_V1</pre></th>
						
						<th><pre>MPU6050_Gyroscope_V1</pre></th>
						
						<th><pre>MPU6050_Gyroscope_V2</pre></th>
						
						<th><pre>MPU6050_Gyroscope_V3</pre></th>
						
						<th><pre>MPU6050_Temperature_V1</pre></th>
						
					</tr>
					
					<tr>
						<td>
							<a href="#arduino%3aavr%3auno"><b>arduino:avr:uno</b></a>
							<br />
							<small>1.8.4</small>
						</td>

						
						
						
							<td>Yes ⚠️</td>
							<td class="fail">FAIL</td>
						
						

						
							
								
									
										
									
										
									
										
									
										
									
										
											
											<td class="fail">FAIL</td>
										
									
										
									
								
							
								
							
								
							
								
							
								
							
						
							
								
									
										
									
										
									
										
									
										
									
										
									
										
											
											<td class="fail">FAIL</td>
										
									
								
							
								
							
								
							
								
							
								
							
						
							
								
									
										
											
											<td class="fail">FAIL</td>
										
									
										
									
										
									
										
									
										
									
										
									
								
							
								
							
								
							
								
							
								
							
						
							
								
									
										
									
										
											
											<td class="fail">FAIL</td>
										
									
										
									
										
									
										
									
										
									
								
							
								
							
								
							
								
							
								
							
						
							
								
									
										
									
										
									
										
											
											<td class="fail">FAIL</td>
										
									
										
									
										
									
										
									
								
							
								
							
								
							
								
							
								
							
						
							
								
									
										
									
										
									
										
									
										
											
											<td class="fail">FAIL</td>
										
									
										
									
										
									
								
							
								
							
								
							
								
							
								
							
						
					</tr>
					
					<tr>
						<td>
							<a href="#arduino%3ambed_nano%3ananorp2040connect"><b>arduino:mbed_nano:nanorp2040connect</b></a>
							<br />
							<small>2.7.2</small>
						</td>

						
						
						
							<td>Yes ⚠️</td>
							<td class="fail">FAIL</td>
						
						

						
							
								
							
								
									
										
									
										
									
										
									
										
									
										
											
											<td class="fail">FAIL</td>
										
									
										
									
								
							
								
							
								
							
								
							
						
							
								
							
								
									
										
									
										
									
										
									
										
									
										
									
										
											
											<td class="fail">FAIL</td>
										
									
								
							
								
							
								
							
								
							
						
							
								
							
								
									
										
											
											<td class="fail">FAIL</td>
										
									
										
									
										
									
										
									
										
									
										
									
								
							
								
							
								
							
								
							
						
							
								
							
								
									
										
									
										
											
											<td class="fail">FAIL</td>
										
									
										
									
										
									
										
									
										
									
								
							
								
							
								
							
								
							
						
							
								
							
								
									
										
									
										
									
										
											
											<td class="fail">FAIL</td>
										
									
										
									
										
									
										
									
								
							
								
							
								
							
								
							
						
							
								
							
								
									
										
									
										
									
										
									
										
											
											<td class="fail">FAIL</td>
										
									
										
									
										
									
								
							
								
							
								
							
								
							
						
					</tr>
					
					<tr>
						<td>
							<a href="#arduino%3amegaavr%3anona4809"><b>arduino:megaavr:nona4809</b></a>
							<br />
							<small>1.8.7</small>
						</td>

						
						
						
							<td>Yes ⚠️</td>
							<td class="fail">FAIL</td>
						
						

						
							
								
							
								
							
								
									
										
									
										
									
										
									
										
									
										
											
											<td class="fail">FAIL</td>
										
									
										
									
								
							
								
							
								
							
						
							
								
							
								
							
								
									
										
									
										
									
										
									
										
									
										
									
										
											
											<td class="fail">FAIL</td>
										
									
								
							
								
							
								
							
						
							
								
							
								
							
								
									
										
											
											<td class="fail">FAIL</td>
										
									
										
									
										
									
										
									
										
									
										
									
								
							
								
							
								
							
						
							
								
							
								
							
								
									
										
									
										
											
											<td class="fail">FAIL</td>
										
									
										
									
										
									
										
									
										
									
								
							
								
							
								
							
						
							
								
							
								
							
								
									
										
									
										
									
										
											
											<td class="fail">FAIL</td>
										
									
										
									
										
									
										
									
								
							
								
							
								
							
						
							
								
							
								
							
								
									
										
									
										
									
										
									
										
											
											<td class="fail">FAIL</td>
										
									
										
									
										
									
								
							
								
							
								
							
						
					</tr>
					
					<tr>
						<td>
							<a href="#arduino%3asamd%3amkrwifi1010"><b>arduino:samd:mkrwifi1010</b></a>
							<br />
							<small>1.8.12</small>
						</td>

						
							<td>Yes</td>
							<td class="pass">PASS</td>
						
						
						
						

						
							
								
							
								
							
								
							
								
									
										
									
										
									
										
									
										
									
										
											<td class="pass">PASS</td>
											
										
									
										
									
								
							
								
							
						
							
								
							
								
							
								
							
								
									
										
									
										
									
										
									
										
									
										
									
										
											<td class="pass">PASS</td>
											
										
									
								
							
								
							
						
							
								
							
								
							
								
							
								
									
										
											<td class="pass">PASS</td>
											
										
									
										
									
										
									
										
									
										
									
										
									
								
							
								
							
						
							
								
							
								
							
								
							
								
									
										
									
										
											<td class="pass">PASS</td>
											
										
									
										
									
										
									
										
									
										
									
								
							
								
							
						
							
								
							
								
							
								
							
								
									
										
									
										
									
										
											<td class="pass">PASS</td>
											
										
									
										
									
										
									
										
									
								
							
								
							
						
							
								
							
								
							
								
							
								
									
										
									
										
									
										
									
										
											<td class="pass">PASS</td>
											
										
									
										
									
										
									
								
							
								
							
						
					</tr>
					
					<tr>
						<td>
							<a href="#esp32%3aesp32%3ad1_mini32"><b>esp32:esp32:d1_mini32</b></a>
							<br />
							<small>1.0.6</small>
						</td>

						
						
						
							<td>Yes ⚠️</td>
							<td class="fail">FAIL</td>
						
						

						
							
								
							
								
							
								
							
								
							
								
									
										
									
										
									
										
									
										
									
										
											
											<td class="fail">FAIL</td>
										
									
										
									
								
							
						
							
								
							
								
							
								
							
								
							
								
									
										
									
										
									
										
									
										
									
										
									
										
											
											<td class="fail">FAIL</td>
										
									
								
							
						
							
								
							
								
							
								
							
								
							
								
									
										
											
											<td class="fail">FAIL</td>
										
									
										
									
										
									
										
									
										
									
										
									
								
							
						
							
								
							
								
							
								
							
								
							
								
									
										
									
										
											
											<td class="fail">FAIL</td>
										
									
										
									
										
									
										
									
										
									
								
							
						
							
								
							
								
							
								
							
								
							
								
									
										
									
										
									
										
											
											<td class="fail">FAIL</td>
										
									
										
									
										
									
										
									
								
							
						
							
								
							
								
							
								
							
								
							
								
									
										
									
										
									
										
									
										
											
											<td class="fail">FAIL</td>
										
									
										
									
										
									
								
							
						
					</tr>
					
				</table>

				<h2>Compilation logs</h2>
				
				<h3 id="arduino:avr:uno">arduino:avr:uno @ 1.8.4</h3>
				<h4>Inclusion</h4>
				<p>
					Result: <b>FAIL</b>
					
				</p>
				<pre class="pre-scrollable">In file included from /tmp/arduino-testlib2135090855/test/test.ino:1:0:
/home/ec2-user/arduino-testlib/cli-datadir/user/libraries/I2C_DMAC/I2C_DMAC.h:49:18: error: expected &#39;)&#39; before &#39;*&#39; token
   I2C_DMAC(SERCOM* s, uint8_t pinSDA, uint8_t pinSCL);   // Class constructor to initialise, SERCOM class, pins and member variables
                  ^
In file included from /tmp/arduino-testlib2135090855/test/test.ino:1:0:
/home/ec2-user/arduino-testlib/cli-datadir/user/libraries/I2C_DMAC/I2C_DMAC.h:52:9: error: &#39;EPioType&#39; has not been declared
         EPioType ulPeripheral = PIO_SERCOM);
         ^~~~~~~~
/home/ec2-user/arduino-testlib/cli-datadir/user/libraries/I2C_DMAC/I2C_DMAC.h:75:28: error: &#39;voidFuncPtr&#39; has not been declared
   void attachWriteCallback(voidFuncPtr callback);      // Attach a DMAC write callback function
                            ^~~~~~~~~~~
/home/ec2-user/arduino-testlib/cli-datadir/user/libraries/I2C_DMAC/I2C_DMAC.h:76:27: error: &#39;voidFuncPtr&#39; has not been declared
   void attachReadCallback(voidFuncPtr callback);      // Attach a DMAC read callback function
                           ^~~~~~~~~~~
/home/ec2-user/arduino-testlib/cli-datadir/user/libraries/I2C_DMAC/I2C_DMAC.h:77:32: error: &#39;voidFuncPtr&#39; has not been declared
   void attachDmacErrorCallback(voidFuncPtr callback);    // Attach a DMAC error callback function
                                ^~~~~~~~~~~
/home/ec2-user/arduino-testlib/cli-datadir/user/libraries/I2C_DMAC/I2C_DMAC.h:78:34: error: &#39;voidFuncPtr&#39; has not been declared
   void attachSercomErrorCallback(voidFuncPtr callback);   // Attach a SERCOM error callback function
                                  ^~~~~~~~~~~
/home/ec2-user/arduino-testlib/cli-datadir/user/libraries/I2C_DMAC/I2C_DMAC.h:92:41: error: &#39;SERCOM_INST_NUM&#39; was not declared in this scope
   static volatile I2C_DMAC* i2cDmacPtrs[SERCOM_INST_NUM];  // Array of pointer to each instance (object) of this class
                                         ^~~~~~~~~~~~~~~
/home/ec2-user/arduino-testlib/cli-datadir/user/libraries/I2C_DMAC/I2C_DMAC.h:99:3: error: &#39;DmacDescriptor&#39; does not name a type
   DmacDescriptor linkedDescriptor __attribute__ ((aligned (16)));   // DMAC linked descriptor
   ^~~~~~~~~~~~~~
/home/ec2-user/arduino-testlib/cli-datadir/user/libraries/I2C_DMAC/I2C_DMAC.h:101:3: error: &#39;Sercom&#39; does not name a type; did you mean &#39;Serial&#39;?
   Sercom* sercom;          // Pointer to the selected SERCOMx peripheral
   ^~~~~~
   Serial
/home/ec2-user/arduino-testlib/cli-datadir/user/libraries/I2C_DMAC/I2C_DMAC.h:115:3: error: &#39;IRQn_Type&#39; does not name a type
   IRQn_Type nvicId;         // The Nested Vector Interrupt (NVIC) interrupt type for the SERCOMx peripheral
   ^~~~~~~~~
/home/ec2-user/arduino-testlib/cli-datadir/user/libraries/I2C_DMAC/I2C_DMAC.h:52:33: error: &#39;PIO_SERCOM&#39; was not declared in this scope
         EPioType ulPeripheral = PIO_SERCOM);
                                 ^~~~~~~~~~

</pre>

					
					<h4>examples/MPU6050_Gyroscope_V1</h4>
					<p>
						Result: <b>FAIL</b>
					</p>
					<pre class="pre-scrollable">In file included from /home/ec2-user/arduino-testlib/cli-datadir/user/libraries/I2C_DMAC/examples/MPU6050_Gyroscope_V1/MPU6050_Gyroscope_V1.ino:1:0:
/home/ec2-user/arduino-testlib/cli-datadir/user/libraries/I2C_DMAC/I2C_DMAC.h:49:18: error: expected &#39;)&#39; before &#39;*&#39; token
   I2C_DMAC(SERCOM* s, uint8_t pinSDA, uint8_t pinSCL);   // Class constructor to initialise, SERCOM class, pins and member variables
                  ^
In file included from /home/ec2-user/arduino-testlib/cli-datadir/user/libraries/I2C_DMAC/examples/MPU6050_Gyroscope_V1/MPU6050_Gyroscope_V1.ino:1:0:
/home/ec2-user/arduino-testlib/cli-datadir/user/libraries/I2C_DMAC/I2C_DMAC.h:52:9: error: &#39;EPioType&#39; has not been declared
         EPioType ulPeripheral = PIO_SERCOM);
         ^~~~~~~~
/home/ec2-user/arduino-testlib/cli-datadir/user/libraries/I2C_DMAC/I2C_DMAC.h:75:28: error: &#39;voidFuncPtr&#39; has not been declared
   void attachWriteCallback(voidFuncPtr callback);      // Attach a DMAC write callback function
                            ^~~~~~~~~~~
/home/ec2-user/arduino-testlib/cli-datadir/user/libraries/I2C_DMAC/I2C_DMAC.h:76:27: error: &#39;voidFuncPtr&#39; has not been declared
   void attachReadCallback(voidFuncPtr callback);      // Attach a DMAC read callback function
                           ^~~~~~~~~~~
/home/ec2-user/arduino-testlib/cli-datadir/user/libraries/I2C_DMAC/I2C_DMAC.h:77:32: error: &#39;voidFuncPtr&#39; has not been declared
   void attachDmacErrorCallback(voidFuncPtr callback);    // Attach a DMAC error callback function
                                ^~~~~~~~~~~
/home/ec2-user/arduino-testlib/cli-datadir/user/libraries/I2C_DMAC/I2C_DMAC.h:78:34: error: &#39;voidFuncPtr&#39; has not been declared
   void attachSercomErrorCallback(voidFuncPtr callback);   // Attach a SERCOM error callback function
                                  ^~~~~~~~~~~
/home/ec2-user/arduino-testlib/cli-datadir/user/libraries/I2C_DMAC/I2C_DMAC.h:92:41: error: &#39;SERCOM_INST_NUM&#39; was not declared in this scope
   static volatile I2C_DMAC* i2cDmacPtrs[SERCOM_INST_NUM];  // Array of pointer to each instance (object) of this class
                                         ^~~~~~~~~~~~~~~
/home/ec2-user/arduino-testlib/cli-datadir/user/libraries/I2C_DMAC/I2C_DMAC.h:99:3: error: &#39;DmacDescriptor&#39; does not name a type
   DmacDescriptor linkedDescriptor __attribute__ ((aligned (16)));   // DMAC linked descriptor
   ^~~~~~~~~~~~~~
/home/ec2-user/arduino-testlib/cli-datadir/user/libraries/I2C_DMAC/I2C_DMAC.h:101:3: error: &#39;Sercom&#39; does not name a type; did you mean &#39;Serial&#39;?
   Sercom* sercom;          // Pointer to the selected SERCOMx peripheral
   ^~~~~~
   Serial
/home/ec2-user/arduino-testlib/cli-datadir/user/libraries/I2C_DMAC/I2C_DMAC.h:115:3: error: &#39;IRQn_Type&#39; does not name a type
   IRQn_Type nvicId;         // The Nested Vector Interrupt (NVIC) interrupt type for the SERCOMx peripheral
   ^~~~~~~~~
/home/ec2-user/arduino-testlib/cli-datadir/user/libraries/I2C_DMAC/I2C_DMAC.h:52:33: error: &#39;PIO_SERCOM&#39; was not declared in this scope
         EPioType ulPeripheral = PIO_SERCOM);
                                 ^~~~~~~~~~
/home/ec2-user/arduino-testlib/cli-datadir/user/libraries/I2C_DMAC/examples/MPU6050_Gyroscope_V1/MPU6050_Gyroscope_V1.ino: In function &#39;void setup()&#39;:
/home/ec2-user/arduino-testlib/cli-datadir/user/libraries/I2C_DMAC/examples/MPU6050_Gyroscope_V1/MPU6050_Gyroscope_V1.ino:14:3: error: &#39;SerialUSB&#39; was not declared in this scope
   SerialUSB.begin(115200);                                  // Activate the native USB port
   ^~~~~~~~~
/home/ec2-user/arduino-testlib/cli-datadir/user/libraries/I2C_DMAC/examples/MPU6050_Gyroscope_V1/MPU6050_Gyroscope_V1.ino:14:3: note: suggested alternative: &#39;Serial&#39;
   SerialUSB.begin(115200);                                  // Activate the native USB port
   ^~~~~~~~~
   Serial
/home/ec2-user/arduino-testlib/cli-datadir/user/libraries/I2C_DMAC/examples/MPU6050_Gyroscope_V1/MPU6050_Gyroscope_V1.ino:17:3: error: &#39;I2C&#39; was not declared in this scope
   I2C.begin(400000);                                        // Start I2C bus at 400kHz
   ^~~
/home/ec2-user/arduino-testlib/cli-datadir/user/libraries/I2C_DMAC/examples/MPU6050_Gyroscope_V1/MPU6050_Gyroscope_V1.ino: In function &#39;void loop()&#39;:
/home/ec2-user/arduino-testlib/cli-datadir/user/libraries/I2C_DMAC/examples/MPU6050_Gyroscope_V1/MPU6050_Gyroscope_V1.ino:29:3: error: &#39;I2C&#39; was not declared in this scope
   I2C.write();                                              // DMAC write to set MPU6050 register pointer to start of the data
   ^~~
/home/ec2-user/arduino-testlib/cli-datadir/user/libraries/I2C_DMAC/examples/MPU6050_Gyroscope_V1/MPU6050_Gyroscope_V1.ino:35:3: error: &#39;SerialUSB&#39; was not declared in this scope
   SerialUSB.print((int16_t)((data[0] &lt;&lt; 8) | data[1]));     // Acquire raw gyro values
   ^~~~~~~~~
/home/ec2-user/arduino-testlib/cli-datadir/user/libraries/I2C_DMAC/examples/MPU6050_Gyroscope_V1/MPU6050_Gyroscope_V1.ino:35:3: note: suggested alternative: &#39;Serial&#39;
   SerialUSB.print((int16_t)((data[0] &lt;&lt; 8) | data[1]));     // Acquire raw gyro values
   ^~~~~~~~~
   Serial

</pre>
					
					<h4>examples/MPU6050_Gyroscope_V2</h4>
					<p>
						Result: <b>FAIL</b>
					</p>
					<pre class="pre-scrollable">In file included from /home/ec2-user/arduino-testlib/cli-datadir/user/libraries/I2C_DMAC/examples/MPU6050_Gyroscope_V2/MPU6050_Gyroscope_V2.ino:1:0:
/home/ec2-user/arduino-testlib/cli-datadir/user/libraries/I2C_DMAC/I2C_DMAC.h:49:18: error: expected &#39;)&#39; before &#39;*&#39; token
   I2C_DMAC(SERCOM* s, uint8_t pinSDA, uint8_t pinSCL);   // Class constructor to initialise, SERCOM class, pins and member variables
                  ^
In file included from /home/ec2-user/arduino-testlib/cli-datadir/user/libraries/I2C_DMAC/examples/MPU6050_Gyroscope_V2/MPU6050_Gyroscope_V2.ino:1:0:
/home/ec2-user/arduino-testlib/cli-datadir/user/libraries/I2C_DMAC/I2C_DMAC.h:52:9: error: &#39;EPioType&#39; has not been declared
         EPioType ulPeripheral = PIO_SERCOM);
         ^~~~~~~~
/home/ec2-user/arduino-testlib/cli-datadir/user/libraries/I2C_DMAC/I2C_DMAC.h:75:28: error: &#39;voidFuncPtr&#39; has not been declared
   void attachWriteCallback(voidFuncPtr callback);      // Attach a DMAC write callback function
                            ^~~~~~~~~~~
/home/ec2-user/arduino-testlib/cli-datadir/user/libraries/I2C_DMAC/I2C_DMAC.h:76:27: error: &#39;voidFuncPtr&#39; has not been declared
   void attachReadCallback(voidFuncPtr callback);      // Attach a DMAC read callback function
                           ^~~~~~~~~~~
/home/ec2-user/arduino-testlib/cli-datadir/user/libraries/I2C_DMAC/I2C_DMAC.h:77:32: error: &#39;voidFuncPtr&#39; has not been declared
   void attachDmacErrorCallback(voidFuncPtr callback);    // Attach a DMAC error callback function
                                ^~~~~~~~~~~
/home/ec2-user/arduino-testlib/cli-datadir/user/libraries/I2C_DMAC/I2C_DMAC.h:78:34: error: &#39;voidFuncPtr&#39; has not been declared
   void attachSercomErrorCallback(voidFuncPtr callback);   // Attach a SERCOM error callback function
                                  ^~~~~~~~~~~
/home/ec2-user/arduino-testlib/cli-datadir/user/libraries/I2C_DMAC/I2C_DMAC.h:92:41: error: &#39;SERCOM_INST_NUM&#39; was not declared in this scope
   static volatile I2C_DMAC* i2cDmacPtrs[SERCOM_INST_NUM];  // Array of pointer to each instance (object) of this class
                                         ^~~~~~~~~~~~~~~
/home/ec2-user/arduino-testlib/cli-datadir/user/libraries/I2C_DMAC/I2C_DMAC.h:99:3: error: &#39;DmacDescriptor&#39; does not name a type
   DmacDescriptor linkedDescriptor __attribute__ ((aligned (16)));   // DMAC linked descriptor
   ^~~~~~~~~~~~~~
/home/ec2-user/arduino-testlib/cli-datadir/user/libraries/I2C_DMAC/I2C_DMAC.h:101:3: error: &#39;Sercom&#39; does not name a type; did you mean &#39;Serial&#39;?
   Sercom* sercom;          // Pointer to the selected SERCOMx peripheral
   ^~~~~~
   Serial
/home/ec2-user/arduino-testlib/cli-datadir/user/libraries/I2C_DMAC/I2C_DMAC.h:115:3: error: &#39;IRQn_Type&#39; does not name a type
   IRQn_Type nvicId;         // The Nested Vector Interrupt (NVIC) interrupt type for the SERCOMx peripheral
   ^~~~~~~~~
/home/ec2-user/arduino-testlib/cli-datadir/user/libraries/I2C_DMAC/I2C_DMAC.h:52:33: error: &#39;PIO_SERCOM&#39; was not declared in this scope
         EPioType ulPeripheral = PIO_SERCOM);
                                 ^~~~~~~~~~
/home/ec2-user/arduino-testlib/cli-datadir/user/libraries/I2C_DMAC/examples/MPU6050_Gyroscope_V2/MPU6050_Gyroscope_V2.ino:15:16: error: &#39;sercom2&#39; was not declared in this scope
 I2C_DMAC I2C1(&amp;sercom2, 4, 3);                              // Create (instantiate) a second I2C1 object with sercom2, on pins D3 and D4
                ^~~~~~~
/home/ec2-user/arduino-testlib/cli-datadir/user/libraries/I2C_DMAC/examples/MPU6050_Gyroscope_V2/MPU6050_Gyroscope_V2.ino:15:16: note: suggested alternative: &#39;strcoll&#39;
 I2C_DMAC I2C1(&amp;sercom2, 4, 3);                              // Create (instantiate) a second I2C1 object with sercom2, on pins D3 and D4
                ^~~~~~~
                strcoll
/home/ec2-user/arduino-testlib/cli-datadir/user/libraries/I2C_DMAC/examples/MPU6050_Gyroscope_V2/MPU6050_Gyroscope_V2.ino: In function &#39;void setup()&#39;:
/home/ec2-user/arduino-testlib/cli-datadir/user/libraries/I2C_DMAC/examples/MPU6050_Gyroscope_V2/MPU6050_Gyroscope_V2.ino:19:3: error: &#39;SerialUSB&#39; was not declared in this scope
   SerialUSB.begin(115200);                                  // Activate the native USB port
   ^~~~~~~~~
/home/ec2-user/arduino-testlib/cli-datadir/user/libraries/I2C_DMAC/examples/MPU6050_Gyroscope_V2/MPU6050_Gyroscope_V2.ino:19:3: note: suggested alternative: &#39;Serial&#39;
   SerialUSB.begin(115200);                                  // Activate the native USB port
   ^~~~~~~~~
   Serial
/home/ec2-user/arduino-testlib/cli-datadir/user/libraries/I2C_DMAC/examples/MPU6050_Gyroscope_V2/MPU6050_Gyroscope_V2.ino:21:3: error: &#39;I2C&#39; was not declared in this scope
   I2C.begin(400000);                                        // Start I2C bus at 400kHz
   ^~~
/home/ec2-user/arduino-testlib/cli-datadir/user/libraries/I2C_DMAC/examples/MPU6050_Gyroscope_V2/MPU6050_Gyroscope_V2.ino:21:3: note: suggested alternative: &#39;I2C1&#39;
   I2C.begin(400000);                                        // Start I2C bus at 400kHz
   ^~~
   I2C1
/home/ec2-user/arduino-testlib/cli-datadir/user/libraries/I2C_DMAC/examples/MPU6050_Gyroscope_V2/MPU6050_Gyroscope_V2.ino:31:20: error: call to &#39;void I2C_DMAC::begin(uint32_t, uint8_t, int)&#39; uses the default argument for parameter 3, which is not yet defined
   I2C1.begin(400000);                                       // Start I2C bus at 400kHz
                    ^
/home/ec2-user/arduino-testlib/cli-datadir/user/libraries/I2C_DMAC/examples/MPU6050_Gyroscope_V2/MPU6050_Gyroscope_V2.ino:32:20: error: &#39;PIO_SERCOM_ALT&#39; was not declared in this scope
   pinPeripheral(3, PIO_SERCOM_ALT);                         // Assign D3 to SERCOM2 I2C SDA
                    ^~~~~~~~~~~~~~
/home/ec2-user/arduino-testlib/cli-datadir/user/libraries/I2C_DMAC/examples/MPU6050_Gyroscope_V2/MPU6050_Gyroscope_V2.ino:32:3: error: &#39;pinPeripheral&#39; was not declared in this scope
   pinPeripheral(3, PIO_SERCOM_ALT);                         // Assign D3 to SERCOM2 I2C SDA
   ^~~~~~~~~~~~~
/home/ec2-user/arduino-testlib/cli-datadir/user/libraries/I2C_DMAC/examples/MPU6050_Gyroscope_V2/MPU6050_Gyroscope_V2.ino: In function &#39;void loop()&#39;:
/home/ec2-user/arduino-testlib/cli-datadir/user/libraries/I2C_DMAC/examples/MPU6050_Gyroscope_V2/MPU6050_Gyroscope_V2.ino:48:3: error: &#39;I2C&#39; was not declared in this scope
   I2C.write();                                              // DMAC write to set MPU6050 register pointer to start of the data
   ^~~
/home/ec2-user/arduino-testlib/cli-datadir/user/libraries/I2C_DMAC/examples/MPU6050_Gyroscope_V2/MPU6050_Gyroscope_V2.ino:48:3: note: suggested alternative: &#39;I2C1&#39;
   I2C.write();                                              // DMAC write to set MPU6050 register pointer to start of the data
   ^~~
   I2C1
/home/ec2-user/arduino-testlib/cli-datadir/user/libraries/I2C_DMAC/examples/MPU6050_Gyroscope_V2/MPU6050_Gyroscope_V2.ino:55:3: error: &#39;SerialUSB&#39; was not declared in this scope
   SerialUSB.print((int16_t)((data[0] &lt;&lt; 8) | data[1]));
   ^~~~~~~~~
/home/ec2-user/arduino-testlib/cli-datadir/user/libraries/I2C_DMAC/examples/MPU6050_Gyroscope_V2/MPU6050_Gyroscope_V2.ino:55:3: note: suggested alternative: &#39;Serial&#39;
   SerialUSB.print((int16_t)((data[0] &lt;&lt; 8) | data[1]));
   ^~~~~~~~~
   Serial
/home/ec2-user/arduino-testlib/cli-datadir/user/libraries/I2C_DMAC/examples/MPU6050_Gyroscope_V2/MPU6050_Gyroscope_V2.ino: In function &#39;void gyro1Callback()&#39;:
/home/ec2-user/arduino-testlib/cli-datadir/user/libraries/I2C_DMAC/examples/MPU6050_Gyroscope_V2/MPU6050_Gyroscope_V2.ino:77:3: error: &#39;SerialUSB&#39; was not declared in this scope
   SerialUSB.print(F(&#34;Gyro 1: &#34;));
   ^~~~~~~~~
/home/ec2-user/arduino-testlib/cli-datadir/user/libraries/I2C_DMAC/examples/MPU6050_Gyroscope_V2/MPU6050_Gyroscope_V2.ino:77:3: note: suggested alternative: &#39;Serial&#39;
   SerialUSB.print(F(&#34;Gyro 1: &#34;));
   ^~~~~~~~~
   Serial
/home/ec2-user/arduino-testlib/cli-datadir/user/libraries/I2C_DMAC/examples/MPU6050_Gyroscope_V2/MPU6050_Gyroscope_V2.ino: In function &#39;void gyro2Callback()&#39;:
/home/ec2-user/arduino-testlib/cli-datadir/user/libraries/I2C_DMAC/examples/MPU6050_Gyroscope_V2/MPU6050_Gyroscope_V2.ino:82:3: error: &#39;SerialUSB&#39; was not declared in this scope
   SerialUSB.print(F(&#34;Gyro 2: &#34;));
   ^~~~~~~~~
/home/ec2-user/arduino-testlib/cli-datadir/user/libraries/I2C_DMAC/examples/MPU6050_Gyroscope_V2/MPU6050_Gyroscope_V2.ino:82:3: note: suggested alternative: &#39;Serial&#39;
   SerialUSB.print(F(&#34;Gyro 2: &#34;));
   ^~~~~~~~~
   Serial

</pre>
					
					<h4>examples/MPU6050_Gyroscope_V3</h4>
					<p>
						Result: <b>FAIL</b>
					</p>
					<pre class="pre-scrollable">In file included from /home/ec2-user/arduino-testlib/cli-datadir/user/libraries/I2C_DMAC/examples/MPU6050_Gyroscope_V3/MPU6050_Gyroscope_V3.ino:1:0:
/home/ec2-user/arduino-testlib/cli-datadir/user/libraries/I2C_DMAC/I2C_DMAC.h:49:18: error: expected &#39;)&#39; before &#39;*&#39; token
   I2C_DMAC(SERCOM* s, uint8_t pinSDA, uint8_t pinSCL);   // Class constructor to initialise, SERCOM class, pins and member variables
                  ^
In file included from /home/ec2-user/arduino-testlib/cli-datadir/user/libraries/I2C_DMAC/examples/MPU6050_Gyroscope_V3/MPU6050_Gyroscope_V3.ino:1:0:
/home/ec2-user/arduino-testlib/cli-datadir/user/libraries/I2C_DMAC/I2C_DMAC.h:52:9: error: &#39;EPioType&#39; has not been declared
         EPioType ulPeripheral = PIO_SERCOM);
         ^~~~~~~~
/home/ec2-user/arduino-testlib/cli-datadir/user/libraries/I2C_DMAC/I2C_DMAC.h:75:28: error: &#39;voidFuncPtr&#39; has not been declared
   void attachWriteCallback(voidFuncPtr callback);      // Attach a DMAC write callback function
                            ^~~~~~~~~~~
/home/ec2-user/arduino-testlib/cli-datadir/user/libraries/I2C_DMAC/I2C_DMAC.h:76:27: error: &#39;voidFuncPtr&#39; has not been declared
   void attachReadCallback(voidFuncPtr callback);      // Attach a DMAC read callback function
                           ^~~~~~~~~~~
/home/ec2-user/arduino-testlib/cli-datadir/user/libraries/I2C_DMAC/I2C_DMAC.h:77:32: error: &#39;voidFuncPtr&#39; has not been declared
   void attachDmacErrorCallback(voidFuncPtr callback);    // Attach a DMAC error callback function
                                ^~~~~~~~~~~
/home/ec2-user/arduino-testlib/cli-datadir/user/libraries/I2C_DMAC/I2C_DMAC.h:78:34: error: &#39;voidFuncPtr&#39; has not been declared
   void attachSercomErrorCallback(voidFuncPtr callback);   // Attach a SERCOM error callback function
                                  ^~~~~~~~~~~
/home/ec2-user/arduino-testlib/cli-datadir/user/libraries/I2C_DMAC/I2C_DMAC.h:92:41: error: &#39;SERCOM_INST_NUM&#39; was not declared in this scope
   static volatile I2C_DMAC* i2cDmacPtrs[SERCOM_INST_NUM];  // Array of pointer to each instance (object) of this class
                                         ^~~~~~~~~~~~~~~
/home/ec2-user/arduino-testlib/cli-datadir/user/libraries/I2C_DMAC/I2C_DMAC.h:99:3: error: &#39;DmacDescriptor&#39; does not name a type
   DmacDescriptor linkedDescriptor __attribute__ ((aligned (16)));   // DMAC linked descriptor
   ^~~~~~~~~~~~~~
/home/ec2-user/arduino-testlib/cli-datadir/user/libraries/I2C_DMAC/I2C_DMAC.h:101:3: error: &#39;Sercom&#39; does not name a type; did you mean &#39;Serial&#39;?
   Sercom* sercom;          // Pointer to the selected SERCOMx peripheral
   ^~~~~~
   Serial
/home/ec2-user/arduino-testlib/cli-datadir/user/libraries/I2C_DMAC/I2C_DMAC.h:115:3: error: &#39;IRQn_Type&#39; does not name a type
   IRQn_Type nvicId;         // The Nested Vector Interrupt (NVIC) interrupt type for the SERCOMx peripheral
   ^~~~~~~~~
/home/ec2-user/arduino-testlib/cli-datadir/user/libraries/I2C_DMAC/I2C_DMAC.h:52:33: error: &#39;PIO_SERCOM&#39; was not declared in this scope
         EPioType ulPeripheral = PIO_SERCOM);
                                 ^~~~~~~~~~
/home/ec2-user/arduino-testlib/cli-datadir/user/libraries/I2C_DMAC/examples/MPU6050_Gyroscope_V3/MPU6050_Gyroscope_V3.ino: In function &#39;void setup()&#39;:
/home/ec2-user/arduino-testlib/cli-datadir/user/libraries/I2C_DMAC/examples/MPU6050_Gyroscope_V3/MPU6050_Gyroscope_V3.ino:14:3: error: &#39;SerialUSB&#39; was not declared in this scope
   SerialUSB.begin(115200);                                  // Activate the native USB port
   ^~~~~~~~~
/home/ec2-user/arduino-testlib/cli-datadir/user/libraries/I2C_DMAC/examples/MPU6050_Gyroscope_V3/MPU6050_Gyroscope_V3.ino:14:3: note: suggested alternative: &#39;Serial&#39;
   SerialUSB.begin(115200);                                  // Activate the native USB port
   ^~~~~~~~~
   Serial
/home/ec2-user/arduino-testlib/cli-datadir/user/libraries/I2C_DMAC/examples/MPU6050_Gyroscope_V3/MPU6050_Gyroscope_V3.ino:17:3: error: &#39;I2C&#39; was not declared in this scope
   I2C.begin(400000);                                        // Start I2C bus at 400kHz
   ^~~
/home/ec2-user/arduino-testlib/cli-datadir/user/libraries/I2C_DMAC/examples/MPU6050_Gyroscope_V3/MPU6050_Gyroscope_V3.ino: In function &#39;void loop()&#39;:
/home/ec2-user/arduino-testlib/cli-datadir/user/libraries/I2C_DMAC/examples/MPU6050_Gyroscope_V3/MPU6050_Gyroscope_V3.ino:32:3: error: &#39;I2C&#39; was not declared in this scope
   I2C.write();                                              // DMAC write to set MPU6050 register pointer to start of the data
   ^~~
/home/ec2-user/arduino-testlib/cli-datadir/user/libraries/I2C_DMAC/examples/MPU6050_Gyroscope_V3/MPU6050_Gyroscope_V3.ino:38:3: error: &#39;SerialUSB&#39; was not declared in this scope
   SerialUSB.print((int16_t)((data[0] &lt;&lt; 8) | data[1]));     // Acquire raw gyro values
   ^~~~~~~~~
/home/ec2-user/arduino-testlib/cli-datadir/user/libraries/I2C_DMAC/examples/MPU6050_Gyroscope_V3/MPU6050_Gyroscope_V3.ino:38:3: note: suggested alternative: &#39;Serial&#39;
   SerialUSB.print((int16_t)((data[0] &lt;&lt; 8) | data[1]));     // Acquire raw gyro values
   ^~~~~~~~~
   Serial

</pre>
					
					<h4>examples/MPU6050_Temperature_V1</h4>
					<p>
						Result: <b>FAIL</b>
					</p>
					<pre class="pre-scrollable">In file included from /home/ec2-user/arduino-testlib/cli-datadir/user/libraries/I2C_DMAC/examples/MPU6050_Temperature_V1/MPU6050_Temperature_V1.ino:1:0:
/home/ec2-user/arduino-testlib/cli-datadir/user/libraries/I2C_DMAC/I2C_DMAC.h:49:18: error: expected &#39;)&#39; before &#39;*&#39; token
   I2C_DMAC(SERCOM* s, uint8_t pinSDA, uint8_t pinSCL);   // Class constructor to initialise, SERCOM class, pins and member variables
                  ^
In file included from /home/ec2-user/arduino-testlib/cli-datadir/user/libraries/I2C_DMAC/examples/MPU6050_Temperature_V1/MPU6050_Temperature_V1.ino:1:0:
/home/ec2-user/arduino-testlib/cli-datadir/user/libraries/I2C_DMAC/I2C_DMAC.h:52:9: error: &#39;EPioType&#39; has not been declared
         EPioType ulPeripheral = PIO_SERCOM);
         ^~~~~~~~
/home/ec2-user/arduino-testlib/cli-datadir/user/libraries/I2C_DMAC/I2C_DMAC.h:75:28: error: &#39;voidFuncPtr&#39; has not been declared
   void attachWriteCallback(voidFuncPtr callback);      // Attach a DMAC write callback function
                            ^~~~~~~~~~~
/home/ec2-user/arduino-testlib/cli-datadir/user/libraries/I2C_DMAC/I2C_DMAC.h:76:27: error: &#39;voidFuncPtr&#39; has not been declared
   void attachReadCallback(voidFuncPtr callback);      // Attach a DMAC read callback function
                           ^~~~~~~~~~~
/home/ec2-user/arduino-testlib/cli-datadir/user/libraries/I2C_DMAC/I2C_DMAC.h:77:32: error: &#39;voidFuncPtr&#39; has not been declared
   void attachDmacErrorCallback(voidFuncPtr callback);    // Attach a DMAC error callback function
                                ^~~~~~~~~~~
/home/ec2-user/arduino-testlib/cli-datadir/user/libraries/I2C_DMAC/I2C_DMAC.h:78:34: error: &#39;voidFuncPtr&#39; has not been declared
   void attachSercomErrorCallback(voidFuncPtr callback);   // Attach a SERCOM error callback function
                                  ^~~~~~~~~~~
/home/ec2-user/arduino-testlib/cli-datadir/user/libraries/I2C_DMAC/I2C_DMAC.h:92:41: error: &#39;SERCOM_INST_NUM&#39; was not declared in this scope
   static volatile I2C_DMAC* i2cDmacPtrs[SERCOM_INST_NUM];  // Array of pointer to each instance (object) of this class
                                         ^~~~~~~~~~~~~~~
/home/ec2-user/arduino-testlib/cli-datadir/user/libraries/I2C_DMAC/I2C_DMAC.h:99:3: error: &#39;DmacDescriptor&#39; does not name a type
   DmacDescriptor linkedDescriptor __attribute__ ((aligned (16)));   // DMAC linked descriptor
   ^~~~~~~~~~~~~~
/home/ec2-user/arduino-testlib/cli-datadir/user/libraries/I2C_DMAC/I2C_DMAC.h:101:3: error: &#39;Sercom&#39; does not name a type; did you mean &#39;Serial&#39;?
   Sercom* sercom;          // Pointer to the selected SERCOMx peripheral
   ^~~~~~
   Serial
/home/ec2-user/arduino-testlib/cli-datadir/user/libraries/I2C_DMAC/I2C_DMAC.h:115:3: error: &#39;IRQn_Type&#39; does not name a type
   IRQn_Type nvicId;         // The Nested Vector Interrupt (NVIC) interrupt type for the SERCOMx peripheral
   ^~~~~~~~~
/home/ec2-user/arduino-testlib/cli-datadir/user/libraries/I2C_DMAC/I2C_DMAC.h:52:33: error: &#39;PIO_SERCOM&#39; was not declared in this scope
         EPioType ulPeripheral = PIO_SERCOM);
                                 ^~~~~~~~~~
/home/ec2-user/arduino-testlib/cli-datadir/user/libraries/I2C_DMAC/examples/MPU6050_Temperature_V1/MPU6050_Temperature_V1.ino: In function &#39;void setup()&#39;:
/home/ec2-user/arduino-testlib/cli-datadir/user/libraries/I2C_DMAC/examples/MPU6050_Temperature_V1/MPU6050_Temperature_V1.ino:11:3: error: &#39;SerialUSB&#39; was not declared in this scope
   SerialUSB.begin(115200);        // Activate the native USB port
   ^~~~~~~~~
/home/ec2-user/arduino-testlib/cli-datadir/user/libraries/I2C_DMAC/examples/MPU6050_Temperature_V1/MPU6050_Temperature_V1.ino:11:3: note: suggested alternative: &#39;Serial&#39;
   SerialUSB.begin(115200);        // Activate the native USB port
   ^~~~~~~~~
   Serial
/home/ec2-user/arduino-testlib/cli-datadir/user/libraries/I2C_DMAC/examples/MPU6050_Temperature_V1/MPU6050_Temperature_V1.ino:14:3: error: &#39;I2C&#39; was not declared in this scope
   I2C.begin(400000);                                        // Start I2C bus at 400kHz
   ^~~
/home/ec2-user/arduino-testlib/cli-datadir/user/libraries/I2C_DMAC/examples/MPU6050_Temperature_V1/MPU6050_Temperature_V1.ino: In function &#39;void loop()&#39;:
/home/ec2-user/arduino-testlib/cli-datadir/user/libraries/I2C_DMAC/examples/MPU6050_Temperature_V1/MPU6050_Temperature_V1.ino:24:3: error: &#39;I2C&#39; was not declared in this scope
   I2C.write();                                // DMAC write to set MPU6050 register pointer to start of the data
   ^~~
/home/ec2-user/arduino-testlib/cli-datadir/user/libraries/I2C_DMAC/examples/MPU6050_Temperature_V1/MPU6050_Temperature_V1.ino:30:3: error: &#39;SerialUSB&#39; was not declared in this scope
   SerialUSB.println((float)((int16_t)((data[0] &lt;&lt; 8) | data[1])) / 340.0f &#43; 36.53f);     // Acquire raw gyro values
   ^~~~~~~~~
/home/ec2-user/arduino-testlib/cli-datadir/user/libraries/I2C_DMAC/examples/MPU6050_Temperature_V1/MPU6050_Temperature_V1.ino:30:3: note: suggested alternative: &#39;Serial&#39;
   SerialUSB.println((float)((int16_t)((data[0] &lt;&lt; 8) | data[1])) / 340.0f &#43; 36.53f);     // Acquire raw gyro values
   ^~~~~~~~~
   Serial

</pre>
					
					<h4>examples/MPU6050_Temperature_V2</h4>
					<p>
						Result: <b>FAIL</b>
					</p>
					<pre class="pre-scrollable">In file included from /home/ec2-user/arduino-testlib/cli-datadir/user/libraries/I2C_DMAC/examples/MPU6050_Temperature_V2/MPU6050_Temperature_V2.ino:1:0:
/home/ec2-user/arduino-testlib/cli-datadir/user/libraries/I2C_DMAC/I2C_DMAC.h:49:18: error: expected &#39;)&#39; before &#39;*&#39; token
   I2C_DMAC(SERCOM* s, uint8_t pinSDA, uint8_t pinSCL);   // Class constructor to initialise, SERCOM class, pins and member variables
                  ^
In file included from /home/ec2-user/arduino-testlib/cli-datadir/user/libraries/I2C_DMAC/examples/MPU6050_Temperature_V2/MPU6050_Temperature_V2.ino:1:0:
/home/ec2-user/arduino-testlib/cli-datadir/user/libraries/I2C_DMAC/I2C_DMAC.h:52:9: error: &#39;EPioType&#39; has not been declared
         EPioType ulPeripheral = PIO_SERCOM);
         ^~~~~~~~
/home/ec2-user/arduino-testlib/cli-datadir/user/libraries/I2C_DMAC/I2C_DMAC.h:75:28: error: &#39;voidFuncPtr&#39; has not been declared
   void attachWriteCallback(voidFuncPtr callback);      // Attach a DMAC write callback function
                            ^~~~~~~~~~~
/home/ec2-user/arduino-testlib/cli-datadir/user/libraries/I2C_DMAC/I2C_DMAC.h:76:27: error: &#39;voidFuncPtr&#39; has not been declared
   void attachReadCallback(voidFuncPtr callback);      // Attach a DMAC read callback function
                           ^~~~~~~~~~~
/home/ec2-user/arduino-testlib/cli-datadir/user/libraries/I2C_DMAC/I2C_DMAC.h:77:32: error: &#39;voidFuncPtr&#39; has not been declared
   void attachDmacErrorCallback(voidFuncPtr callback);    // Attach a DMAC error callback function
                                ^~~~~~~~~~~
/home/ec2-user/arduino-testlib/cli-datadir/user/libraries/I2C_DMAC/I2C_DMAC.h:78:34: error: &#39;voidFuncPtr&#39; has not been declared
   void attachSercomErrorCallback(voidFuncPtr callback);   // Attach a SERCOM error callback function
                                  ^~~~~~~~~~~
/home/ec2-user/arduino-testlib/cli-datadir/user/libraries/I2C_DMAC/I2C_DMAC.h:92:41: error: &#39;SERCOM_INST_NUM&#39; was not declared in this scope
   static volatile I2C_DMAC* i2cDmacPtrs[SERCOM_INST_NUM];  // Array of pointer to each instance (object) of this class
                                         ^~~~~~~~~~~~~~~
/home/ec2-user/arduino-testlib/cli-datadir/user/libraries/I2C_DMAC/I2C_DMAC.h:99:3: error: &#39;DmacDescriptor&#39; does not name a type
   DmacDescriptor linkedDescriptor __attribute__ ((aligned (16)));   // DMAC linked descriptor
   ^~~~~~~~~~~~~~
/home/ec2-user/arduino-testlib/cli-datadir/user/libraries/I2C_DMAC/I2C_DMAC.h:101:3: error: &#39;Sercom&#39; does not name a type; did you mean &#39;Serial&#39;?
   Sercom* sercom;          // Pointer to the selected SERCOMx peripheral
   ^~~~~~
   Serial
/home/ec2-user/arduino-testlib/cli-datadir/user/libraries/I2C_DMAC/I2C_DMAC.h:115:3: error: &#39;IRQn_Type&#39; does not name a type
   IRQn_Type nvicId;         // The Nested Vector Interrupt (NVIC) interrupt type for the SERCOMx peripheral
   ^~~~~~~~~
/home/ec2-user/arduino-testlib/cli-datadir/user/libraries/I2C_DMAC/I2C_DMAC.h:52:33: error: &#39;PIO_SERCOM&#39; was not declared in this scope
         EPioType ulPeripheral = PIO_SERCOM);
                                 ^~~~~~~~~~
/home/ec2-user/arduino-testlib/cli-datadir/user/libraries/I2C_DMAC/examples/MPU6050_Temperature_V2/MPU6050_Temperature_V2.ino: In function &#39;void setup()&#39;:
/home/ec2-user/arduino-testlib/cli-datadir/user/libraries/I2C_DMAC/examples/MPU6050_Temperature_V2/MPU6050_Temperature_V2.ino:12:3: error: &#39;SerialUSB&#39; was not declared in this scope
   SerialUSB.begin(115200);        // Activate the native USB port
   ^~~~~~~~~
/home/ec2-user/arduino-testlib/cli-datadir/user/libraries/I2C_DMAC/examples/MPU6050_Temperature_V2/MPU6050_Temperature_V2.ino:12:3: note: suggested alternative: &#39;Serial&#39;
   SerialUSB.begin(115200);        // Activate the native USB port
   ^~~~~~~~~
   Serial
/home/ec2-user/arduino-testlib/cli-datadir/user/libraries/I2C_DMAC/examples/MPU6050_Temperature_V2/MPU6050_Temperature_V2.ino: In function &#39;void loop()&#39;:
/home/ec2-user/arduino-testlib/cli-datadir/user/libraries/I2C_DMAC/examples/MPU6050_Temperature_V2/MPU6050_Temperature_V2.ino:20:3: error: &#39;I2C&#39; was not declared in this scope
   I2C.write();                                // DMAC write to set MPU6050 register pointer to start of the data
   ^~~
/home/ec2-user/arduino-testlib/cli-datadir/user/libraries/I2C_DMAC/examples/MPU6050_Temperature_V2/MPU6050_Temperature_V2.ino:26:3: error: &#39;SerialUSB&#39; was not declared in this scope
   SerialUSB.println((float)((int16_t)((data[0] &lt;&lt; 8) | data[1])) / 340.0f &#43; 36.53f);     // Acquire raw gyro values
   ^~~~~~~~~
/home/ec2-user/arduino-testlib/cli-datadir/user/libraries/I2C_DMAC/examples/MPU6050_Temperature_V2/MPU6050_Temperature_V2.ino:26:3: note: suggested alternative: &#39;Serial&#39;
   SerialUSB.println((float)((int16_t)((data[0] &lt;&lt; 8) | data[1])) / 340.0f &#43; 36.53f);     // Acquire raw gyro values
   ^~~~~~~~~
   Serial
/home/ec2-user/arduino-testlib/cli-datadir/user/libraries/I2C_DMAC/examples/MPU6050_Temperature_V2/MPU6050_Temperature_V2.ino: In function &#39;void initMPU6050()&#39;:
/home/ec2-user/arduino-testlib/cli-datadir/user/libraries/I2C_DMAC/examples/MPU6050_Temperature_V2/MPU6050_Temperature_V2.ino:37:3: error: &#39;I2C&#39; was not declared in this scope
   I2C.begin(400000);                                        // Start I2C bus at 400kHz
   ^~~

</pre>
					
					<h4>examples/MPU6050_WhoAmI_V1</h4>
					<p>
						Result: <b>FAIL</b>
					</p>
					<pre class="pre-scrollable">In file included from /home/ec2-user/arduino-testlib/cli-datadir/user/libraries/I2C_DMAC/examples/MPU6050_WhoAmI_V1/MPU6050_WhoAmI_V1.ino:1:0:
/home/ec2-user/arduino-testlib/cli-datadir/user/libraries/I2C_DMAC/I2C_DMAC.h:49:18: error: expected &#39;)&#39; before &#39;*&#39; token
   I2C_DMAC(SERCOM* s, uint8_t pinSDA, uint8_t pinSCL);   // Class constructor to initialise, SERCOM class, pins and member variables
                  ^
In file included from /home/ec2-user/arduino-testlib/cli-datadir/user/libraries/I2C_DMAC/examples/MPU6050_WhoAmI_V1/MPU6050_WhoAmI_V1.ino:1:0:
/home/ec2-user/arduino-testlib/cli-datadir/user/libraries/I2C_DMAC/I2C_DMAC.h:52:9: error: &#39;EPioType&#39; has not been declared
         EPioType ulPeripheral = PIO_SERCOM);
         ^~~~~~~~
/home/ec2-user/arduino-testlib/cli-datadir/user/libraries/I2C_DMAC/I2C_DMAC.h:75:28: error: &#39;voidFuncPtr&#39; has not been declared
   void attachWriteCallback(voidFuncPtr callback);      // Attach a DMAC write callback function
                            ^~~~~~~~~~~
/home/ec2-user/arduino-testlib/cli-datadir/user/libraries/I2C_DMAC/I2C_DMAC.h:76:27: error: &#39;voidFuncPtr&#39; has not been declared
   void attachReadCallback(voidFuncPtr callback);      // Attach a DMAC read callback function
                           ^~~~~~~~~~~
/home/ec2-user/arduino-testlib/cli-datadir/user/libraries/I2C_DMAC/I2C_DMAC.h:77:32: error: &#39;voidFuncPtr&#39; has not been declared
   void attachDmacErrorCallback(voidFuncPtr callback);    // Attach a DMAC error callback function
                                ^~~~~~~~~~~
/home/ec2-user/arduino-testlib/cli-datadir/user/libraries/I2C_DMAC/I2C_DMAC.h:78:34: error: &#39;voidFuncPtr&#39; has not been declared
   void attachSercomErrorCallback(voidFuncPtr callback);   // Attach a SERCOM error callback function
                                  ^~~~~~~~~~~
/home/ec2-user/arduino-testlib/cli-datadir/user/libraries/I2C_DMAC/I2C_DMAC.h:92:41: error: &#39;SERCOM_INST_NUM&#39; was not declared in this scope
   static volatile I2C_DMAC* i2cDmacPtrs[SERCOM_INST_NUM];  // Array of pointer to each instance (object) of this class
                                         ^~~~~~~~~~~~~~~
/home/ec2-user/arduino-testlib/cli-datadir/user/libraries/I2C_DMAC/I2C_DMAC.h:99:3: error: &#39;DmacDescriptor&#39; does not name a type
   DmacDescriptor linkedDescriptor __attribute__ ((aligned (16)));   // DMAC linked descriptor
   ^~~~~~~~~~~~~~
/home/ec2-user/arduino-testlib/cli-datadir/user/libraries/I2C_DMAC/I2C_DMAC.h:101:3: error: &#39;Sercom&#39; does not name a type; did you mean &#39;Serial&#39;?
   Sercom* sercom;          // Pointer to the selected SERCOMx peripheral
   ^~~~~~
   Serial
/home/ec2-user/arduino-testlib/cli-datadir/user/libraries/I2C_DMAC/I2C_DMAC.h:115:3: error: &#39;IRQn_Type&#39; does not name a type
   IRQn_Type nvicId;         // The Nested Vector Interrupt (NVIC) interrupt type for the SERCOMx peripheral
   ^~~~~~~~~
/home/ec2-user/arduino-testlib/cli-datadir/user/libraries/I2C_DMAC/I2C_DMAC.h:52:33: error: &#39;PIO_SERCOM&#39; was not declared in this scope
         EPioType ulPeripheral = PIO_SERCOM);
                                 ^~~~~~~~~~
/home/ec2-user/arduino-testlib/cli-datadir/user/libraries/I2C_DMAC/examples/MPU6050_WhoAmI_V1/MPU6050_WhoAmI_V1.ino: In function &#39;void setup()&#39;:
/home/ec2-user/arduino-testlib/cli-datadir/user/libraries/I2C_DMAC/examples/MPU6050_WhoAmI_V1/MPU6050_WhoAmI_V1.ino:8:3: error: &#39;SerialUSB&#39; was not declared in this scope
   SerialUSB.begin(115200);                           // Activate the native USB port
   ^~~~~~~~~
/home/ec2-user/arduino-testlib/cli-datadir/user/libraries/I2C_DMAC/examples/MPU6050_WhoAmI_V1/MPU6050_WhoAmI_V1.ino:8:3: note: suggested alternative: &#39;Serial&#39;
   SerialUSB.begin(115200);                           // Activate the native USB port
   ^~~~~~~~~
   Serial
/home/ec2-user/arduino-testlib/cli-datadir/user/libraries/I2C_DMAC/examples/MPU6050_WhoAmI_V1/MPU6050_WhoAmI_V1.ino:12:3: error: &#39;I2C&#39; was not declared in this scope
   I2C.begin(400000);                                 // Start I2C bus at 400kHz
   ^~~

</pre>
					
				
				<h3 id="arduino:mbed_nano:nanorp2040connect">arduino:mbed_nano:nanorp2040connect @ 2.7.2</h3>
				<h4>Inclusion</h4>
				<p>
					Result: <b>FAIL</b>
					
				</p>
				<pre class="pre-scrollable">In file included from /tmp/arduino-testlib3993897733/test/test.ino:1:0:
/home/ec2-user/arduino-testlib/cli-datadir/user/libraries/I2C_DMAC/I2C_DMAC.h:49:18: error: expected &#39;)&#39; before &#39;*&#39; token
   I2C_DMAC(SERCOM* s, uint8_t pinSDA, uint8_t pinSCL);   // Class constructor to initialise, SERCOM class, pins and member variables
                  ^
In file included from /tmp/arduino-testlib3993897733/test/test.ino:1:0:
/home/ec2-user/arduino-testlib/cli-datadir/user/libraries/I2C_DMAC/I2C_DMAC.h:52:9: error: &#39;EPioType&#39; has not been declared
         EPioType ulPeripheral = PIO_SERCOM);
         ^~~~~~~~
/home/ec2-user/arduino-testlib/cli-datadir/user/libraries/I2C_DMAC/I2C_DMAC.h:92:41: error: &#39;SERCOM_INST_NUM&#39; was not declared in this scope
   static volatile I2C_DMAC* i2cDmacPtrs[SERCOM_INST_NUM];  // Array of pointer to each instance (object) of this class
                                         ^~~~~~~~~~~~~~~
/home/ec2-user/arduino-testlib/cli-datadir/user/libraries/I2C_DMAC/I2C_DMAC.h:99:3: error: &#39;DmacDescriptor&#39; does not name a type; did you mean &#39;PinDescription&#39;?
   DmacDescriptor linkedDescriptor __attribute__ ((aligned (16)));   // DMAC linked descriptor
   ^~~~~~~~~~~~~~
   PinDescription
/home/ec2-user/arduino-testlib/cli-datadir/user/libraries/I2C_DMAC/I2C_DMAC.h:101:3: error: &#39;Sercom&#39; does not name a type; did you mean &#39;perror&#39;?
   Sercom* sercom;          // Pointer to the selected SERCOMx peripheral
   ^~~~~~
   perror
/home/ec2-user/arduino-testlib/cli-datadir/user/libraries/I2C_DMAC/I2C_DMAC.h:52:33: error: &#39;PIO_SERCOM&#39; was not declared in this scope
         EPioType ulPeripheral = PIO_SERCOM);
                                 ^~~~~~~~~~

</pre>

					
					<h4>examples/MPU6050_Gyroscope_V1</h4>
					<p>
						Result: <b>FAIL</b>
					</p>
					<pre class="pre-scrollable">In file included from /home/ec2-user/arduino-testlib/cli-datadir/user/libraries/I2C_DMAC/examples/MPU6050_Gyroscope_V1/MPU6050_Gyroscope_V1.ino:1:0:
/home/ec2-user/arduino-testlib/cli-datadir/user/libraries/I2C_DMAC/I2C_DMAC.h:49:18: error: expected &#39;)&#39; before &#39;*&#39; token
   I2C_DMAC(SERCOM* s, uint8_t pinSDA, uint8_t pinSCL);   // Class constructor to initialise, SERCOM class, pins and member variables
                  ^
In file included from /home/ec2-user/arduino-testlib/cli-datadir/user/libraries/I2C_DMAC/examples/MPU6050_Gyroscope_V1/MPU6050_Gyroscope_V1.ino:1:0:
/home/ec2-user/arduino-testlib/cli-datadir/user/libraries/I2C_DMAC/I2C_DMAC.h:52:9: error: &#39;EPioType&#39; has not been declared
         EPioType ulPeripheral = PIO_SERCOM);
         ^~~~~~~~
/home/ec2-user/arduino-testlib/cli-datadir/user/libraries/I2C_DMAC/I2C_DMAC.h:92:41: error: &#39;SERCOM_INST_NUM&#39; was not declared in this scope
   static volatile I2C_DMAC* i2cDmacPtrs[SERCOM_INST_NUM];  // Array of pointer to each instance (object) of this class
                                         ^~~~~~~~~~~~~~~
/home/ec2-user/arduino-testlib/cli-datadir/user/libraries/I2C_DMAC/I2C_DMAC.h:99:3: error: &#39;DmacDescriptor&#39; does not name a type; did you mean &#39;PinDescription&#39;?
   DmacDescriptor linkedDescriptor __attribute__ ((aligned (16)));   // DMAC linked descriptor
   ^~~~~~~~~~~~~~
   PinDescription
/home/ec2-user/arduino-testlib/cli-datadir/user/libraries/I2C_DMAC/I2C_DMAC.h:101:3: error: &#39;Sercom&#39; does not name a type; did you mean &#39;perror&#39;?
   Sercom* sercom;          // Pointer to the selected SERCOMx peripheral
   ^~~~~~
   perror
/home/ec2-user/arduino-testlib/cli-datadir/user/libraries/I2C_DMAC/I2C_DMAC.h:52:33: error: &#39;PIO_SERCOM&#39; was not declared in this scope
         EPioType ulPeripheral = PIO_SERCOM);
                                 ^~~~~~~~~~
/home/ec2-user/arduino-testlib/cli-datadir/user/libraries/I2C_DMAC/examples/MPU6050_Gyroscope_V1/MPU6050_Gyroscope_V1.ino: In function &#39;void setup()&#39;:
/home/ec2-user/arduino-testlib/cli-datadir/user/libraries/I2C_DMAC/examples/MPU6050_Gyroscope_V1/MPU6050_Gyroscope_V1.ino:17:3: error: &#39;I2C&#39; was not declared in this scope
   I2C.begin(400000);                                        // Start I2C bus at 400kHz
   ^~~
/home/ec2-user/arduino-testlib/cli-datadir/user/libraries/I2C_DMAC/examples/MPU6050_Gyroscope_V1/MPU6050_Gyroscope_V1.ino: In function &#39;void loop()&#39;:
/home/ec2-user/arduino-testlib/cli-datadir/user/libraries/I2C_DMAC/examples/MPU6050_Gyroscope_V1/MPU6050_Gyroscope_V1.ino:29:3: error: &#39;I2C&#39; was not declared in this scope
   I2C.write();                                              // DMAC write to set MPU6050 register pointer to start of the data
   ^~~

</pre>
					
					<h4>examples/MPU6050_Gyroscope_V2</h4>
					<p>
						Result: <b>FAIL</b>
					</p>
					<pre class="pre-scrollable">In file included from /home/ec2-user/arduino-testlib/cli-datadir/user/libraries/I2C_DMAC/examples/MPU6050_Gyroscope_V2/MPU6050_Gyroscope_V2.ino:1:0:
/home/ec2-user/arduino-testlib/cli-datadir/user/libraries/I2C_DMAC/I2C_DMAC.h:49:18: error: expected &#39;)&#39; before &#39;*&#39; token
   I2C_DMAC(SERCOM* s, uint8_t pinSDA, uint8_t pinSCL);   // Class constructor to initialise, SERCOM class, pins and member variables
                  ^
In file included from /home/ec2-user/arduino-testlib/cli-datadir/user/libraries/I2C_DMAC/examples/MPU6050_Gyroscope_V2/MPU6050_Gyroscope_V2.ino:1:0:
/home/ec2-user/arduino-testlib/cli-datadir/user/libraries/I2C_DMAC/I2C_DMAC.h:52:9: error: &#39;EPioType&#39; has not been declared
         EPioType ulPeripheral = PIO_SERCOM);
         ^~~~~~~~
/home/ec2-user/arduino-testlib/cli-datadir/user/libraries/I2C_DMAC/I2C_DMAC.h:92:41: error: &#39;SERCOM_INST_NUM&#39; was not declared in this scope
   static volatile I2C_DMAC* i2cDmacPtrs[SERCOM_INST_NUM];  // Array of pointer to each instance (object) of this class
                                         ^~~~~~~~~~~~~~~
/home/ec2-user/arduino-testlib/cli-datadir/user/libraries/I2C_DMAC/I2C_DMAC.h:99:3: error: &#39;DmacDescriptor&#39; does not name a type; did you mean &#39;PinDescription&#39;?
   DmacDescriptor linkedDescriptor __attribute__ ((aligned (16)));   // DMAC linked descriptor
   ^~~~~~~~~~~~~~
   PinDescription
/home/ec2-user/arduino-testlib/cli-datadir/user/libraries/I2C_DMAC/I2C_DMAC.h:101:3: error: &#39;Sercom&#39; does not name a type; did you mean &#39;perror&#39;?
   Sercom* sercom;          // Pointer to the selected SERCOMx peripheral
   ^~~~~~
   perror
/home/ec2-user/arduino-testlib/cli-datadir/user/libraries/I2C_DMAC/I2C_DMAC.h:52:33: error: &#39;PIO_SERCOM&#39; was not declared in this scope
         EPioType ulPeripheral = PIO_SERCOM);
                                 ^~~~~~~~~~
/home/ec2-user/arduino-testlib/cli-datadir/user/libraries/I2C_DMAC/examples/MPU6050_Gyroscope_V2/MPU6050_Gyroscope_V2.ino:15:16: error: &#39;sercom2&#39; was not declared in this scope
 I2C_DMAC I2C1(&amp;sercom2, 4, 3);                              // Create (instantiate) a second I2C1 object with sercom2, on pins D3 and D4
                ^~~~~~~
/home/ec2-user/arduino-testlib/cli-datadir/user/libraries/I2C_DMAC/examples/MPU6050_Gyroscope_V2/MPU6050_Gyroscope_V2.ino:15:16: note: suggested alternative: &#39;strcoll&#39;
 I2C_DMAC I2C1(&amp;sercom2, 4, 3);                              // Create (instantiate) a second I2C1 object with sercom2, on pins D3 and D4
                ^~~~~~~
                strcoll
/home/ec2-user/arduino-testlib/cli-datadir/user/libraries/I2C_DMAC/examples/MPU6050_Gyroscope_V2/MPU6050_Gyroscope_V2.ino: In function &#39;void setup()&#39;:
/home/ec2-user/arduino-testlib/cli-datadir/user/libraries/I2C_DMAC/examples/MPU6050_Gyroscope_V2/MPU6050_Gyroscope_V2.ino:21:3: error: &#39;I2C&#39; was not declared in this scope
   I2C.begin(400000);                                        // Start I2C bus at 400kHz
   ^~~
/home/ec2-user/arduino-testlib/cli-datadir/user/libraries/I2C_DMAC/examples/MPU6050_Gyroscope_V2/MPU6050_Gyroscope_V2.ino:21:3: note: suggested alternative: &#39;I2C1&#39;
   I2C.begin(400000);                                        // Start I2C bus at 400kHz
   ^~~
   I2C1
/home/ec2-user/arduino-testlib/cli-datadir/user/libraries/I2C_DMAC/examples/MPU6050_Gyroscope_V2/MPU6050_Gyroscope_V2.ino:31:20: error: call to &#39;void I2C_DMAC::begin(uint32_t, uint8_t, int)&#39; uses the default argument for parameter 3, which is not yet defined
   I2C1.begin(400000);                                       // Start I2C bus at 400kHz
                    ^
/home/ec2-user/arduino-testlib/cli-datadir/user/libraries/I2C_DMAC/examples/MPU6050_Gyroscope_V2/MPU6050_Gyroscope_V2.ino:32:20: error: &#39;PIO_SERCOM_ALT&#39; was not declared in this scope
   pinPeripheral(3, PIO_SERCOM_ALT);                         // Assign D3 to SERCOM2 I2C SDA
                    ^~~~~~~~~~~~~~
/home/ec2-user/arduino-testlib/cli-datadir/user/libraries/I2C_DMAC/examples/MPU6050_Gyroscope_V2/MPU6050_Gyroscope_V2.ino:32:20: note: suggested alternative: &#39;PIN_SERIAL_RX&#39;
   pinPeripheral(3, PIO_SERCOM_ALT);                         // Assign D3 to SERCOM2 I2C SDA
                    ^~~~~~~~~~~~~~
                    PIN_SERIAL_RX
/home/ec2-user/arduino-testlib/cli-datadir/user/libraries/I2C_DMAC/examples/MPU6050_Gyroscope_V2/MPU6050_Gyroscope_V2.ino:32:3: error: &#39;pinPeripheral&#39; was not declared in this scope
   pinPeripheral(3, PIO_SERCOM_ALT);                         // Assign D3 to SERCOM2 I2C SDA
   ^~~~~~~~~~~~~
/home/ec2-user/arduino-testlib/cli-datadir/user/libraries/I2C_DMAC/examples/MPU6050_Gyroscope_V2/MPU6050_Gyroscope_V2.ino: In function &#39;void loop()&#39;:
/home/ec2-user/arduino-testlib/cli-datadir/user/libraries/I2C_DMAC/examples/MPU6050_Gyroscope_V2/MPU6050_Gyroscope_V2.ino:48:3: error: &#39;I2C&#39; was not declared in this scope
   I2C.write();                                              // DMAC write to set MPU6050 register pointer to start of the data
   ^~~
/home/ec2-user/arduino-testlib/cli-datadir/user/libraries/I2C_DMAC/examples/MPU6050_Gyroscope_V2/MPU6050_Gyroscope_V2.ino:48:3: note: suggested alternative: &#39;I2C1&#39;
   I2C.write();                                              // DMAC write to set MPU6050 register pointer to start of the data
   ^~~
   I2C1

</pre>
					
					<h4>examples/MPU6050_Gyroscope_V3</h4>
					<p>
						Result: <b>FAIL</b>
					</p>
					<pre class="pre-scrollable">In file included from /home/ec2-user/arduino-testlib/cli-datadir/user/libraries/I2C_DMAC/examples/MPU6050_Gyroscope_V3/MPU6050_Gyroscope_V3.ino:1:0:
/home/ec2-user/arduino-testlib/cli-datadir/user/libraries/I2C_DMAC/I2C_DMAC.h:49:18: error: expected &#39;)&#39; before &#39;*&#39; token
   I2C_DMAC(SERCOM* s, uint8_t pinSDA, uint8_t pinSCL);   // Class constructor to initialise, SERCOM class, pins and member variables
                  ^
In file included from /home/ec2-user/arduino-testlib/cli-datadir/user/libraries/I2C_DMAC/examples/MPU6050_Gyroscope_V3/MPU6050_Gyroscope_V3.ino:1:0:
/home/ec2-user/arduino-testlib/cli-datadir/user/libraries/I2C_DMAC/I2C_DMAC.h:52:9: error: &#39;EPioType&#39; has not been declared
         EPioType ulPeripheral = PIO_SERCOM);
         ^~~~~~~~
/home/ec2-user/arduino-testlib/cli-datadir/user/libraries/I2C_DMAC/I2C_DMAC.h:92:41: error: &#39;SERCOM_INST_NUM&#39; was not declared in this scope
   static volatile I2C_DMAC* i2cDmacPtrs[SERCOM_INST_NUM];  // Array of pointer to each instance (object) of this class
                                         ^~~~~~~~~~~~~~~
/home/ec2-user/arduino-testlib/cli-datadir/user/libraries/I2C_DMAC/I2C_DMAC.h:99:3: error: &#39;DmacDescriptor&#39; does not name a type; did you mean &#39;PinDescription&#39;?
   DmacDescriptor linkedDescriptor __attribute__ ((aligned (16)));   // DMAC linked descriptor
   ^~~~~~~~~~~~~~
   PinDescription
/home/ec2-user/arduino-testlib/cli-datadir/user/libraries/I2C_DMAC/I2C_DMAC.h:101:3: error: &#39;Sercom&#39; does not name a type; did you mean &#39;perror&#39;?
   Sercom* sercom;          // Pointer to the selected SERCOMx peripheral
   ^~~~~~
   perror
/home/ec2-user/arduino-testlib/cli-datadir/user/libraries/I2C_DMAC/I2C_DMAC.h:52:33: error: &#39;PIO_SERCOM&#39; was not declared in this scope
         EPioType ulPeripheral = PIO_SERCOM);
                                 ^~~~~~~~~~
/home/ec2-user/arduino-testlib/cli-datadir/user/libraries/I2C_DMAC/examples/MPU6050_Gyroscope_V3/MPU6050_Gyroscope_V3.ino: In function &#39;void setup()&#39;:
/home/ec2-user/arduino-testlib/cli-datadir/user/libraries/I2C_DMAC/examples/MPU6050_Gyroscope_V3/MPU6050_Gyroscope_V3.ino:17:3: error: &#39;I2C&#39; was not declared in this scope
   I2C.begin(400000);                                        // Start I2C bus at 400kHz
   ^~~
/home/ec2-user/arduino-testlib/cli-datadir/user/libraries/I2C_DMAC/examples/MPU6050_Gyroscope_V3/MPU6050_Gyroscope_V3.ino: In function &#39;void loop()&#39;:
/home/ec2-user/arduino-testlib/cli-datadir/user/libraries/I2C_DMAC/examples/MPU6050_Gyroscope_V3/MPU6050_Gyroscope_V3.ino:32:3: error: &#39;I2C&#39; was not declared in this scope
   I2C.write();                                              // DMAC write to set MPU6050 register pointer to start of the data
   ^~~

</pre>
					
					<h4>examples/MPU6050_Temperature_V1</h4>
					<p>
						Result: <b>FAIL</b>
					</p>
					<pre class="pre-scrollable">In file included from /home/ec2-user/arduino-testlib/cli-datadir/user/libraries/I2C_DMAC/examples/MPU6050_Temperature_V1/MPU6050_Temperature_V1.ino:1:0:
/home/ec2-user/arduino-testlib/cli-datadir/user/libraries/I2C_DMAC/I2C_DMAC.h:49:18: error: expected &#39;)&#39; before &#39;*&#39; token
   I2C_DMAC(SERCOM* s, uint8_t pinSDA, uint8_t pinSCL);   // Class constructor to initialise, SERCOM class, pins and member variables
                  ^
In file included from /home/ec2-user/arduino-testlib/cli-datadir/user/libraries/I2C_DMAC/examples/MPU6050_Temperature_V1/MPU6050_Temperature_V1.ino:1:0:
/home/ec2-user/arduino-testlib/cli-datadir/user/libraries/I2C_DMAC/I2C_DMAC.h:52:9: error: &#39;EPioType&#39; has not been declared
         EPioType ulPeripheral = PIO_SERCOM);
         ^~~~~~~~
/home/ec2-user/arduino-testlib/cli-datadir/user/libraries/I2C_DMAC/I2C_DMAC.h:92:41: error: &#39;SERCOM_INST_NUM&#39; was not declared in this scope
   static volatile I2C_DMAC* i2cDmacPtrs[SERCOM_INST_NUM];  // Array of pointer to each instance (object) of this class
                                         ^~~~~~~~~~~~~~~
/home/ec2-user/arduino-testlib/cli-datadir/user/libraries/I2C_DMAC/I2C_DMAC.h:99:3: error: &#39;DmacDescriptor&#39; does not name a type; did you mean &#39;PinDescription&#39;?
   DmacDescriptor linkedDescriptor __attribute__ ((aligned (16)));   // DMAC linked descriptor
   ^~~~~~~~~~~~~~
   PinDescription
/home/ec2-user/arduino-testlib/cli-datadir/user/libraries/I2C_DMAC/I2C_DMAC.h:101:3: error: &#39;Sercom&#39; does not name a type; did you mean &#39;perror&#39;?
   Sercom* sercom;          // Pointer to the selected SERCOMx peripheral
   ^~~~~~
   perror
/home/ec2-user/arduino-testlib/cli-datadir/user/libraries/I2C_DMAC/I2C_DMAC.h:52:33: error: &#39;PIO_SERCOM&#39; was not declared in this scope
         EPioType ulPeripheral = PIO_SERCOM);
                                 ^~~~~~~~~~
/home/ec2-user/arduino-testlib/cli-datadir/user/libraries/I2C_DMAC/examples/MPU6050_Temperature_V1/MPU6050_Temperature_V1.ino: In function &#39;void setup()&#39;:
/home/ec2-user/arduino-testlib/cli-datadir/user/libraries/I2C_DMAC/examples/MPU6050_Temperature_V1/MPU6050_Temperature_V1.ino:14:3: error: &#39;I2C&#39; was not declared in this scope
   I2C.begin(400000);                                        // Start I2C bus at 400kHz
   ^~~
/home/ec2-user/arduino-testlib/cli-datadir/user/libraries/I2C_DMAC/examples/MPU6050_Temperature_V1/MPU6050_Temperature_V1.ino: In function &#39;void loop()&#39;:
/home/ec2-user/arduino-testlib/cli-datadir/user/libraries/I2C_DMAC/examples/MPU6050_Temperature_V1/MPU6050_Temperature_V1.ino:24:3: error: &#39;I2C&#39; was not declared in this scope
   I2C.write();                                // DMAC write to set MPU6050 register pointer to start of the data
   ^~~

</pre>
					
					<h4>examples/MPU6050_Temperature_V2</h4>
					<p>
						Result: <b>FAIL</b>
					</p>
					<pre class="pre-scrollable">In file included from /home/ec2-user/arduino-testlib/cli-datadir/user/libraries/I2C_DMAC/examples/MPU6050_Temperature_V2/MPU6050_Temperature_V2.ino:1:0:
/home/ec2-user/arduino-testlib/cli-datadir/user/libraries/I2C_DMAC/I2C_DMAC.h:49:18: error: expected &#39;)&#39; before &#39;*&#39; token
   I2C_DMAC(SERCOM* s, uint8_t pinSDA, uint8_t pinSCL);   // Class constructor to initialise, SERCOM class, pins and member variables
                  ^
In file included from /home/ec2-user/arduino-testlib/cli-datadir/user/libraries/I2C_DMAC/examples/MPU6050_Temperature_V2/MPU6050_Temperature_V2.ino:1:0:
/home/ec2-user/arduino-testlib/cli-datadir/user/libraries/I2C_DMAC/I2C_DMAC.h:52:9: error: &#39;EPioType&#39; has not been declared
         EPioType ulPeripheral = PIO_SERCOM);
         ^~~~~~~~
/home/ec2-user/arduino-testlib/cli-datadir/user/libraries/I2C_DMAC/I2C_DMAC.h:92:41: error: &#39;SERCOM_INST_NUM&#39; was not declared in this scope
   static volatile I2C_DMAC* i2cDmacPtrs[SERCOM_INST_NUM];  // Array of pointer to each instance (object) of this class
                                         ^~~~~~~~~~~~~~~
/home/ec2-user/arduino-testlib/cli-datadir/user/libraries/I2C_DMAC/I2C_DMAC.h:99:3: error: &#39;DmacDescriptor&#39; does not name a type; did you mean &#39;PinDescription&#39;?
   DmacDescriptor linkedDescriptor __attribute__ ((aligned (16)));   // DMAC linked descriptor
   ^~~~~~~~~~~~~~
   PinDescription
/home/ec2-user/arduino-testlib/cli-datadir/user/libraries/I2C_DMAC/I2C_DMAC.h:101:3: error: &#39;Sercom&#39; does not name a type; did you mean &#39;perror&#39;?
   Sercom* sercom;          // Pointer to the selected SERCOMx peripheral
   ^~~~~~
   perror
/home/ec2-user/arduino-testlib/cli-datadir/user/libraries/I2C_DMAC/I2C_DMAC.h:52:33: error: &#39;PIO_SERCOM&#39; was not declared in this scope
         EPioType ulPeripheral = PIO_SERCOM);
                                 ^~~~~~~~~~
/home/ec2-user/arduino-testlib/cli-datadir/user/libraries/I2C_DMAC/examples/MPU6050_Temperature_V2/MPU6050_Temperature_V2.ino: In function &#39;void loop()&#39;:
/home/ec2-user/arduino-testlib/cli-datadir/user/libraries/I2C_DMAC/examples/MPU6050_Temperature_V2/MPU6050_Temperature_V2.ino:20:3: error: &#39;I2C&#39; was not declared in this scope
   I2C.write();                                // DMAC write to set MPU6050 register pointer to start of the data
   ^~~
/home/ec2-user/arduino-testlib/cli-datadir/user/libraries/I2C_DMAC/examples/MPU6050_Temperature_V2/MPU6050_Temperature_V2.ino: In function &#39;void initMPU6050()&#39;:
/home/ec2-user/arduino-testlib/cli-datadir/user/libraries/I2C_DMAC/examples/MPU6050_Temperature_V2/MPU6050_Temperature_V2.ino:37:3: error: &#39;I2C&#39; was not declared in this scope
   I2C.begin(400000);                                        // Start I2C bus at 400kHz
   ^~~

</pre>
					
					<h4>examples/MPU6050_WhoAmI_V1</h4>
					<p>
						Result: <b>FAIL</b>
					</p>
					<pre class="pre-scrollable">In file included from /home/ec2-user/arduino-testlib/cli-datadir/user/libraries/I2C_DMAC/examples/MPU6050_WhoAmI_V1/MPU6050_WhoAmI_V1.ino:1:0:
/home/ec2-user/arduino-testlib/cli-datadir/user/libraries/I2C_DMAC/I2C_DMAC.h:49:18: error: expected &#39;)&#39; before &#39;*&#39; token
   I2C_DMAC(SERCOM* s, uint8_t pinSDA, uint8_t pinSCL);   // Class constructor to initialise, SERCOM class, pins and member variables
                  ^
In file included from /home/ec2-user/arduino-testlib/cli-datadir/user/libraries/I2C_DMAC/examples/MPU6050_WhoAmI_V1/MPU6050_WhoAmI_V1.ino:1:0:
/home/ec2-user/arduino-testlib/cli-datadir/user/libraries/I2C_DMAC/I2C_DMAC.h:52:9: error: &#39;EPioType&#39; has not been declared
         EPioType ulPeripheral = PIO_SERCOM);
         ^~~~~~~~
/home/ec2-user/arduino-testlib/cli-datadir/user/libraries/I2C_DMAC/I2C_DMAC.h:92:41: error: &#39;SERCOM_INST_NUM&#39; was not declared in this scope
   static volatile I2C_DMAC* i2cDmacPtrs[SERCOM_INST_NUM];  // Array of pointer to each instance (object) of this class
                                         ^~~~~~~~~~~~~~~
/home/ec2-user/arduino-testlib/cli-datadir/user/libraries/I2C_DMAC/I2C_DMAC.h:99:3: error: &#39;DmacDescriptor&#39; does not name a type; did you mean &#39;PinDescription&#39;?
   DmacDescriptor linkedDescriptor __attribute__ ((aligned (16)));   // DMAC linked descriptor
   ^~~~~~~~~~~~~~
   PinDescription
/home/ec2-user/arduino-testlib/cli-datadir/user/libraries/I2C_DMAC/I2C_DMAC.h:101:3: error: &#39;Sercom&#39; does not name a type; did you mean &#39;perror&#39;?
   Sercom* sercom;          // Pointer to the selected SERCOMx peripheral
   ^~~~~~
   perror
/home/ec2-user/arduino-testlib/cli-datadir/user/libraries/I2C_DMAC/I2C_DMAC.h:52:33: error: &#39;PIO_SERCOM&#39; was not declared in this scope
         EPioType ulPeripheral = PIO_SERCOM);
                                 ^~~~~~~~~~
/home/ec2-user/arduino-testlib/cli-datadir/user/libraries/I2C_DMAC/examples/MPU6050_WhoAmI_V1/MPU6050_WhoAmI_V1.ino: In function &#39;void setup()&#39;:
/home/ec2-user/arduino-testlib/cli-datadir/user/libraries/I2C_DMAC/examples/MPU6050_WhoAmI_V1/MPU6050_WhoAmI_V1.ino:12:3: error: &#39;I2C&#39; was not declared in this scope
   I2C.begin(400000);                                 // Start I2C bus at 400kHz
   ^~~

</pre>
					
				
				<h3 id="arduino:megaavr:nona4809">arduino:megaavr:nona4809 @ 1.8.7</h3>
				<h4>Inclusion</h4>
				<p>
					Result: <b>FAIL</b>
					
				</p>
				<pre class="pre-scrollable">In file included from /tmp/arduino-testlib3993897733/test/test.ino:1:0:
/home/ec2-user/arduino-testlib/cli-datadir/user/libraries/I2C_DMAC/I2C_DMAC.h:49:18: error: expected &#39;)&#39; before &#39;*&#39; token
   I2C_DMAC(SERCOM* s, uint8_t pinSDA, uint8_t pinSCL);   // Class constructor to initialise, SERCOM class, pins and member variables
                  ^
In file included from /tmp/arduino-testlib3993897733/test/test.ino:1:0:
/home/ec2-user/arduino-testlib/cli-datadir/user/libraries/I2C_DMAC/I2C_DMAC.h:52:9: error: &#39;EPioType&#39; has not been declared
         EPioType ulPeripheral = PIO_SERCOM);
         ^~~~~~~~
/home/ec2-user/arduino-testlib/cli-datadir/user/libraries/I2C_DMAC/I2C_DMAC.h:92:41: error: &#39;SERCOM_INST_NUM&#39; was not declared in this scope
   static volatile I2C_DMAC* i2cDmacPtrs[SERCOM_INST_NUM];  // Array of pointer to each instance (object) of this class
                                         ^~~~~~~~~~~~~~~
/home/ec2-user/arduino-testlib/cli-datadir/user/libraries/I2C_DMAC/I2C_DMAC.h:99:3: error: &#39;DmacDescriptor&#39; does not name a type; did you mean &#39;MSCDescriptor&#39;?
   DmacDescriptor linkedDescriptor __attribute__ ((aligned (16)));   // DMAC linked descriptor
   ^~~~~~~~~~~~~~
   MSCDescriptor
/home/ec2-user/arduino-testlib/cli-datadir/user/libraries/I2C_DMAC/I2C_DMAC.h:101:3: error: &#39;Sercom&#39; does not name a type; did you mean &#39;Serial&#39;?
   Sercom* sercom;          // Pointer to the selected SERCOMx peripheral
   ^~~~~~
   Serial
/home/ec2-user/arduino-testlib/cli-datadir/user/libraries/I2C_DMAC/I2C_DMAC.h:115:3: error: &#39;IRQn_Type&#39; does not name a type
   IRQn_Type nvicId;         // The Nested Vector Interrupt (NVIC) interrupt type for the SERCOMx peripheral
   ^~~~~~~~~
/home/ec2-user/arduino-testlib/cli-datadir/user/libraries/I2C_DMAC/I2C_DMAC.h:52:33: error: &#39;PIO_SERCOM&#39; was not declared in this scope
         EPioType ulPeripheral = PIO_SERCOM);
                                 ^~~~~~~~~~

</pre>

					
					<h4>examples/MPU6050_Gyroscope_V1</h4>
					<p>
						Result: <b>FAIL</b>
					</p>
					<pre class="pre-scrollable">In file included from /home/ec2-user/arduino-testlib/cli-datadir/user/libraries/I2C_DMAC/examples/MPU6050_Gyroscope_V1/MPU6050_Gyroscope_V1.ino:1:0:
/home/ec2-user/arduino-testlib/cli-datadir/user/libraries/I2C_DMAC/I2C_DMAC.h:49:18: error: expected &#39;)&#39; before &#39;*&#39; token
   I2C_DMAC(SERCOM* s, uint8_t pinSDA, uint8_t pinSCL);   // Class constructor to initialise, SERCOM class, pins and member variables
                  ^
In file included from /home/ec2-user/arduino-testlib/cli-datadir/user/libraries/I2C_DMAC/examples/MPU6050_Gyroscope_V1/MPU6050_Gyroscope_V1.ino:1:0:
/home/ec2-user/arduino-testlib/cli-datadir/user/libraries/I2C_DMAC/I2C_DMAC.h:52:9: error: &#39;EPioType&#39; has not been declared
         EPioType ulPeripheral = PIO_SERCOM);
         ^~~~~~~~
/home/ec2-user/arduino-testlib/cli-datadir/user/libraries/I2C_DMAC/I2C_DMAC.h:92:41: error: &#39;SERCOM_INST_NUM&#39; was not declared in this scope
   static volatile I2C_DMAC* i2cDmacPtrs[SERCOM_INST_NUM];  // Array of pointer to each instance (object) of this class
                                         ^~~~~~~~~~~~~~~
/home/ec2-user/arduino-testlib/cli-datadir/user/libraries/I2C_DMAC/I2C_DMAC.h:99:3: error: &#39;DmacDescriptor&#39; does not name a type; did you mean &#39;MSCDescriptor&#39;?
   DmacDescriptor linkedDescriptor __attribute__ ((aligned (16)));   // DMAC linked descriptor
   ^~~~~~~~~~~~~~
   MSCDescriptor
/home/ec2-user/arduino-testlib/cli-datadir/user/libraries/I2C_DMAC/I2C_DMAC.h:101:3: error: &#39;Sercom&#39; does not name a type; did you mean &#39;Serial&#39;?
   Sercom* sercom;          // Pointer to the selected SERCOMx peripheral
   ^~~~~~
   Serial
/home/ec2-user/arduino-testlib/cli-datadir/user/libraries/I2C_DMAC/I2C_DMAC.h:115:3: error: &#39;IRQn_Type&#39; does not name a type
   IRQn_Type nvicId;         // The Nested Vector Interrupt (NVIC) interrupt type for the SERCOMx peripheral
   ^~~~~~~~~
/home/ec2-user/arduino-testlib/cli-datadir/user/libraries/I2C_DMAC/I2C_DMAC.h:52:33: error: &#39;PIO_SERCOM&#39; was not declared in this scope
         EPioType ulPeripheral = PIO_SERCOM);
                                 ^~~~~~~~~~
/home/ec2-user/arduino-testlib/cli-datadir/user/libraries/I2C_DMAC/examples/MPU6050_Gyroscope_V1/MPU6050_Gyroscope_V1.ino: In function &#39;void setup()&#39;:
/home/ec2-user/arduino-testlib/cli-datadir/user/libraries/I2C_DMAC/examples/MPU6050_Gyroscope_V1/MPU6050_Gyroscope_V1.ino:14:3: error: &#39;SerialUSB&#39; was not declared in this scope
   SerialUSB.begin(115200);                                  // Activate the native USB port
   ^~~~~~~~~
/home/ec2-user/arduino-testlib/cli-datadir/user/libraries/I2C_DMAC/examples/MPU6050_Gyroscope_V1/MPU6050_Gyroscope_V1.ino:14:3: note: suggested alternative: &#39;Serial1&#39;
   SerialUSB.begin(115200);                                  // Activate the native USB port
   ^~~~~~~~~
   Serial1
/home/ec2-user/arduino-testlib/cli-datadir/user/libraries/I2C_DMAC/examples/MPU6050_Gyroscope_V1/MPU6050_Gyroscope_V1.ino:17:3: error: &#39;I2C&#39; was not declared in this scope
   I2C.begin(400000);                                        // Start I2C bus at 400kHz
   ^~~
/home/ec2-user/arduino-testlib/cli-datadir/user/libraries/I2C_DMAC/examples/MPU6050_Gyroscope_V1/MPU6050_Gyroscope_V1.ino: In function &#39;void loop()&#39;:
/home/ec2-user/arduino-testlib/cli-datadir/user/libraries/I2C_DMAC/examples/MPU6050_Gyroscope_V1/MPU6050_Gyroscope_V1.ino:29:3: error: &#39;I2C&#39; was not declared in this scope
   I2C.write();                                              // DMAC write to set MPU6050 register pointer to start of the data
   ^~~
/home/ec2-user/arduino-testlib/cli-datadir/user/libraries/I2C_DMAC/examples/MPU6050_Gyroscope_V1/MPU6050_Gyroscope_V1.ino:35:3: error: &#39;SerialUSB&#39; was not declared in this scope
   SerialUSB.print((int16_t)((data[0] &lt;&lt; 8) | data[1]));     // Acquire raw gyro values
   ^~~~~~~~~
/home/ec2-user/arduino-testlib/cli-datadir/user/libraries/I2C_DMAC/examples/MPU6050_Gyroscope_V1/MPU6050_Gyroscope_V1.ino:35:3: note: suggested alternative: &#39;Serial1&#39;
   SerialUSB.print((int16_t)((data[0] &lt;&lt; 8) | data[1]));     // Acquire raw gyro values
   ^~~~~~~~~
   Serial1

</pre>
					
					<h4>examples/MPU6050_Gyroscope_V2</h4>
					<p>
						Result: <b>FAIL</b>
					</p>
					<pre class="pre-scrollable">In file included from /home/ec2-user/arduino-testlib/cli-datadir/user/libraries/I2C_DMAC/examples/MPU6050_Gyroscope_V2/MPU6050_Gyroscope_V2.ino:1:0:
/home/ec2-user/arduino-testlib/cli-datadir/user/libraries/I2C_DMAC/I2C_DMAC.h:49:18: error: expected &#39;)&#39; before &#39;*&#39; token
   I2C_DMAC(SERCOM* s, uint8_t pinSDA, uint8_t pinSCL);   // Class constructor to initialise, SERCOM class, pins and member variables
                  ^
In file included from /home/ec2-user/arduino-testlib/cli-datadir/user/libraries/I2C_DMAC/examples/MPU6050_Gyroscope_V2/MPU6050_Gyroscope_V2.ino:1:0:
/home/ec2-user/arduino-testlib/cli-datadir/user/libraries/I2C_DMAC/I2C_DMAC.h:52:9: error: &#39;EPioType&#39; has not been declared
         EPioType ulPeripheral = PIO_SERCOM);
         ^~~~~~~~
/home/ec2-user/arduino-testlib/cli-datadir/user/libraries/I2C_DMAC/I2C_DMAC.h:92:41: error: &#39;SERCOM_INST_NUM&#39; was not declared in this scope
   static volatile I2C_DMAC* i2cDmacPtrs[SERCOM_INST_NUM];  // Array of pointer to each instance (object) of this class
                                         ^~~~~~~~~~~~~~~
/home/ec2-user/arduino-testlib/cli-datadir/user/libraries/I2C_DMAC/I2C_DMAC.h:99:3: error: &#39;DmacDescriptor&#39; does not name a type; did you mean &#39;MSCDescriptor&#39;?
   DmacDescriptor linkedDescriptor __attribute__ ((aligned (16)));   // DMAC linked descriptor
   ^~~~~~~~~~~~~~
   MSCDescriptor
/home/ec2-user/arduino-testlib/cli-datadir/user/libraries/I2C_DMAC/I2C_DMAC.h:101:3: error: &#39;Sercom&#39; does not name a type; did you mean &#39;Serial&#39;?
   Sercom* sercom;          // Pointer to the selected SERCOMx peripheral
   ^~~~~~
   Serial
/home/ec2-user/arduino-testlib/cli-datadir/user/libraries/I2C_DMAC/I2C_DMAC.h:115:3: error: &#39;IRQn_Type&#39; does not name a type
   IRQn_Type nvicId;         // The Nested Vector Interrupt (NVIC) interrupt type for the SERCOMx peripheral
   ^~~~~~~~~
/home/ec2-user/arduino-testlib/cli-datadir/user/libraries/I2C_DMAC/I2C_DMAC.h:52:33: error: &#39;PIO_SERCOM&#39; was not declared in this scope
         EPioType ulPeripheral = PIO_SERCOM);
                                 ^~~~~~~~~~
/home/ec2-user/arduino-testlib/cli-datadir/user/libraries/I2C_DMAC/examples/MPU6050_Gyroscope_V2/MPU6050_Gyroscope_V2.ino:15:16: error: &#39;sercom2&#39; was not declared in this scope
 I2C_DMAC I2C1(&amp;sercom2, 4, 3);                              // Create (instantiate) a second I2C1 object with sercom2, on pins D3 and D4
                ^~~~~~~
/home/ec2-user/arduino-testlib/cli-datadir/user/libraries/I2C_DMAC/examples/MPU6050_Gyroscope_V2/MPU6050_Gyroscope_V2.ino:15:16: note: suggested alternative: &#39;strcoll&#39;
 I2C_DMAC I2C1(&amp;sercom2, 4, 3);                              // Create (instantiate) a second I2C1 object with sercom2, on pins D3 and D4
                ^~~~~~~
                strcoll
/home/ec2-user/arduino-testlib/cli-datadir/user/libraries/I2C_DMAC/examples/MPU6050_Gyroscope_V2/MPU6050_Gyroscope_V2.ino: In function &#39;void setup()&#39;:
/home/ec2-user/arduino-testlib/cli-datadir/user/libraries/I2C_DMAC/examples/MPU6050_Gyroscope_V2/MPU6050_Gyroscope_V2.ino:19:3: error: &#39;SerialUSB&#39; was not declared in this scope
   SerialUSB.begin(115200);                                  // Activate the native USB port
   ^~~~~~~~~
/home/ec2-user/arduino-testlib/cli-datadir/user/libraries/I2C_DMAC/examples/MPU6050_Gyroscope_V2/MPU6050_Gyroscope_V2.ino:19:3: note: suggested alternative: &#39;Serial1&#39;
   SerialUSB.begin(115200);                                  // Activate the native USB port
   ^~~~~~~~~
   Serial1
/home/ec2-user/arduino-testlib/cli-datadir/user/libraries/I2C_DMAC/examples/MPU6050_Gyroscope_V2/MPU6050_Gyroscope_V2.ino:21:3: error: &#39;I2C&#39; was not declared in this scope
   I2C.begin(400000);                                        // Start I2C bus at 400kHz
   ^~~
/home/ec2-user/arduino-testlib/cli-datadir/user/libraries/I2C_DMAC/examples/MPU6050_Gyroscope_V2/MPU6050_Gyroscope_V2.ino:21:3: note: suggested alternative: &#39;I2C1&#39;
   I2C.begin(400000);                                        // Start I2C bus at 400kHz
   ^~~
   I2C1
/home/ec2-user/arduino-testlib/cli-datadir/user/libraries/I2C_DMAC/examples/MPU6050_Gyroscope_V2/MPU6050_Gyroscope_V2.ino:31:20: error: call to &#39;void I2C_DMAC::begin(uint32_t, uint8_t, int)&#39; uses the default argument for parameter 3, which is not yet defined
   I2C1.begin(400000);                                       // Start I2C bus at 400kHz
                    ^
/home/ec2-user/arduino-testlib/cli-datadir/user/libraries/I2C_DMAC/examples/MPU6050_Gyroscope_V2/MPU6050_Gyroscope_V2.ino:32:20: error: &#39;PIO_SERCOM_ALT&#39; was not declared in this scope
   pinPeripheral(3, PIO_SERCOM_ALT);                         // Assign D3 to SERCOM2 I2C SDA
                    ^~~~~~~~~~~~~~
/home/ec2-user/arduino-testlib/cli-datadir/user/libraries/I2C_DMAC/examples/MPU6050_Gyroscope_V2/MPU6050_Gyroscope_V2.ino:32:3: error: &#39;pinPeripheral&#39; was not declared in this scope
   pinPeripheral(3, PIO_SERCOM_ALT);                         // Assign D3 to SERCOM2 I2C SDA
   ^~~~~~~~~~~~~
/home/ec2-user/arduino-testlib/cli-datadir/user/libraries/I2C_DMAC/examples/MPU6050_Gyroscope_V2/MPU6050_Gyroscope_V2.ino: In function &#39;void loop()&#39;:
/home/ec2-user/arduino-testlib/cli-datadir/user/libraries/I2C_DMAC/examples/MPU6050_Gyroscope_V2/MPU6050_Gyroscope_V2.ino:48:3: error: &#39;I2C&#39; was not declared in this scope
   I2C.write();                                              // DMAC write to set MPU6050 register pointer to start of the data
   ^~~
/home/ec2-user/arduino-testlib/cli-datadir/user/libraries/I2C_DMAC/examples/MPU6050_Gyroscope_V2/MPU6050_Gyroscope_V2.ino:48:3: note: suggested alternative: &#39;I2C1&#39;
   I2C.write();                                              // DMAC write to set MPU6050 register pointer to start of the data
   ^~~
   I2C1
/home/ec2-user/arduino-testlib/cli-datadir/user/libraries/I2C_DMAC/examples/MPU6050_Gyroscope_V2/MPU6050_Gyroscope_V2.ino:55:3: error: &#39;SerialUSB&#39; was not declared in this scope
   SerialUSB.print((int16_t)((data[0] &lt;&lt; 8) | data[1]));
   ^~~~~~~~~
/home/ec2-user/arduino-testlib/cli-datadir/user/libraries/I2C_DMAC/examples/MPU6050_Gyroscope_V2/MPU6050_Gyroscope_V2.ino:55:3: note: suggested alternative: &#39;Serial1&#39;
   SerialUSB.print((int16_t)((data[0] &lt;&lt; 8) | data[1]));
   ^~~~~~~~~
   Serial1
/home/ec2-user/arduino-testlib/cli-datadir/user/libraries/I2C_DMAC/examples/MPU6050_Gyroscope_V2/MPU6050_Gyroscope_V2.ino: In function &#39;void gyro1Callback()&#39;:
/home/ec2-user/arduino-testlib/cli-datadir/user/libraries/I2C_DMAC/examples/MPU6050_Gyroscope_V2/MPU6050_Gyroscope_V2.ino:77:3: error: &#39;SerialUSB&#39; was not declared in this scope
   SerialUSB.print(F(&#34;Gyro 1: &#34;));
   ^~~~~~~~~
/home/ec2-user/arduino-testlib/cli-datadir/user/libraries/I2C_DMAC/examples/MPU6050_Gyroscope_V2/MPU6050_Gyroscope_V2.ino:77:3: note: suggested alternative: &#39;Serial1&#39;
   SerialUSB.print(F(&#34;Gyro 1: &#34;));
   ^~~~~~~~~
   Serial1
/home/ec2-user/arduino-testlib/cli-datadir/user/libraries/I2C_DMAC/examples/MPU6050_Gyroscope_V2/MPU6050_Gyroscope_V2.ino: In function &#39;void gyro2Callback()&#39;:
/home/ec2-user/arduino-testlib/cli-datadir/user/libraries/I2C_DMAC/examples/MPU6050_Gyroscope_V2/MPU6050_Gyroscope_V2.ino:82:3: error: &#39;SerialUSB&#39; was not declared in this scope
   SerialUSB.print(F(&#34;Gyro 2: &#34;));
   ^~~~~~~~~
/home/ec2-user/arduino-testlib/cli-datadir/user/libraries/I2C_DMAC/examples/MPU6050_Gyroscope_V2/MPU6050_Gyroscope_V2.ino:82:3: note: suggested alternative: &#39;Serial1&#39;
   SerialUSB.print(F(&#34;Gyro 2: &#34;));
   ^~~~~~~~~
   Serial1

</pre>
					
					<h4>examples/MPU6050_Gyroscope_V3</h4>
					<p>
						Result: <b>FAIL</b>
					</p>
					<pre class="pre-scrollable">In file included from /home/ec2-user/arduino-testlib/cli-datadir/user/libraries/I2C_DMAC/examples/MPU6050_Gyroscope_V3/MPU6050_Gyroscope_V3.ino:1:0:
/home/ec2-user/arduino-testlib/cli-datadir/user/libraries/I2C_DMAC/I2C_DMAC.h:49:18: error: expected &#39;)&#39; before &#39;*&#39; token
   I2C_DMAC(SERCOM* s, uint8_t pinSDA, uint8_t pinSCL);   // Class constructor to initialise, SERCOM class, pins and member variables
                  ^
In file included from /home/ec2-user/arduino-testlib/cli-datadir/user/libraries/I2C_DMAC/examples/MPU6050_Gyroscope_V3/MPU6050_Gyroscope_V3.ino:1:0:
/home/ec2-user/arduino-testlib/cli-datadir/user/libraries/I2C_DMAC/I2C_DMAC.h:52:9: error: &#39;EPioType&#39; has not been declared
         EPioType ulPeripheral = PIO_SERCOM);
         ^~~~~~~~
/home/ec2-user/arduino-testlib/cli-datadir/user/libraries/I2C_DMAC/I2C_DMAC.h:92:41: error: &#39;SERCOM_INST_NUM&#39; was not declared in this scope
   static volatile I2C_DMAC* i2cDmacPtrs[SERCOM_INST_NUM];  // Array of pointer to each instance (object) of this class
                                         ^~~~~~~~~~~~~~~
/home/ec2-user/arduino-testlib/cli-datadir/user/libraries/I2C_DMAC/I2C_DMAC.h:99:3: error: &#39;DmacDescriptor&#39; does not name a type; did you mean &#39;MSCDescriptor&#39;?
   DmacDescriptor linkedDescriptor __attribute__ ((aligned (16)));   // DMAC linked descriptor
   ^~~~~~~~~~~~~~
   MSCDescriptor
/home/ec2-user/arduino-testlib/cli-datadir/user/libraries/I2C_DMAC/I2C_DMAC.h:101:3: error: &#39;Sercom&#39; does not name a type; did you mean &#39;Serial&#39;?
   Sercom* sercom;          // Pointer to the selected SERCOMx peripheral
   ^~~~~~
   Serial
/home/ec2-user/arduino-testlib/cli-datadir/user/libraries/I2C_DMAC/I2C_DMAC.h:115:3: error: &#39;IRQn_Type&#39; does not name a type
   IRQn_Type nvicId;         // The Nested Vector Interrupt (NVIC) interrupt type for the SERCOMx peripheral
   ^~~~~~~~~
/home/ec2-user/arduino-testlib/cli-datadir/user/libraries/I2C_DMAC/I2C_DMAC.h:52:33: error: &#39;PIO_SERCOM&#39; was not declared in this scope
         EPioType ulPeripheral = PIO_SERCOM);
                                 ^~~~~~~~~~
/home/ec2-user/arduino-testlib/cli-datadir/user/libraries/I2C_DMAC/examples/MPU6050_Gyroscope_V3/MPU6050_Gyroscope_V3.ino: In function &#39;void setup()&#39;:
/home/ec2-user/arduino-testlib/cli-datadir/user/libraries/I2C_DMAC/examples/MPU6050_Gyroscope_V3/MPU6050_Gyroscope_V3.ino:14:3: error: &#39;SerialUSB&#39; was not declared in this scope
   SerialUSB.begin(115200);                                  // Activate the native USB port
   ^~~~~~~~~
/home/ec2-user/arduino-testlib/cli-datadir/user/libraries/I2C_DMAC/examples/MPU6050_Gyroscope_V3/MPU6050_Gyroscope_V3.ino:14:3: note: suggested alternative: &#39;Serial1&#39;
   SerialUSB.begin(115200);                                  // Activate the native USB port
   ^~~~~~~~~
   Serial1
/home/ec2-user/arduino-testlib/cli-datadir/user/libraries/I2C_DMAC/examples/MPU6050_Gyroscope_V3/MPU6050_Gyroscope_V3.ino:17:3: error: &#39;I2C&#39; was not declared in this scope
   I2C.begin(400000);                                        // Start I2C bus at 400kHz
   ^~~
/home/ec2-user/arduino-testlib/cli-datadir/user/libraries/I2C_DMAC/examples/MPU6050_Gyroscope_V3/MPU6050_Gyroscope_V3.ino: In function &#39;void loop()&#39;:
/home/ec2-user/arduino-testlib/cli-datadir/user/libraries/I2C_DMAC/examples/MPU6050_Gyroscope_V3/MPU6050_Gyroscope_V3.ino:32:3: error: &#39;I2C&#39; was not declared in this scope
   I2C.write();                                              // DMAC write to set MPU6050 register pointer to start of the data
   ^~~
/home/ec2-user/arduino-testlib/cli-datadir/user/libraries/I2C_DMAC/examples/MPU6050_Gyroscope_V3/MPU6050_Gyroscope_V3.ino:38:3: error: &#39;SerialUSB&#39; was not declared in this scope
   SerialUSB.print((int16_t)((data[0] &lt;&lt; 8) | data[1]));     // Acquire raw gyro values
   ^~~~~~~~~
/home/ec2-user/arduino-testlib/cli-datadir/user/libraries/I2C_DMAC/examples/MPU6050_Gyroscope_V3/MPU6050_Gyroscope_V3.ino:38:3: note: suggested alternative: &#39;Serial1&#39;
   SerialUSB.print((int16_t)((data[0] &lt;&lt; 8) | data[1]));     // Acquire raw gyro values
   ^~~~~~~~~
   Serial1

</pre>
					
					<h4>examples/MPU6050_Temperature_V1</h4>
					<p>
						Result: <b>FAIL</b>
					</p>
					<pre class="pre-scrollable">In file included from /home/ec2-user/arduino-testlib/cli-datadir/user/libraries/I2C_DMAC/examples/MPU6050_Temperature_V1/MPU6050_Temperature_V1.ino:1:0:
/home/ec2-user/arduino-testlib/cli-datadir/user/libraries/I2C_DMAC/I2C_DMAC.h:49:18: error: expected &#39;)&#39; before &#39;*&#39; token
   I2C_DMAC(SERCOM* s, uint8_t pinSDA, uint8_t pinSCL);   // Class constructor to initialise, SERCOM class, pins and member variables
                  ^
In file included from /home/ec2-user/arduino-testlib/cli-datadir/user/libraries/I2C_DMAC/examples/MPU6050_Temperature_V1/MPU6050_Temperature_V1.ino:1:0:
/home/ec2-user/arduino-testlib/cli-datadir/user/libraries/I2C_DMAC/I2C_DMAC.h:52:9: error: &#39;EPioType&#39; has not been declared
         EPioType ulPeripheral = PIO_SERCOM);
         ^~~~~~~~
/home/ec2-user/arduino-testlib/cli-datadir/user/libraries/I2C_DMAC/I2C_DMAC.h:92:41: error: &#39;SERCOM_INST_NUM&#39; was not declared in this scope
   static volatile I2C_DMAC* i2cDmacPtrs[SERCOM_INST_NUM];  // Array of pointer to each instance (object) of this class
                                         ^~~~~~~~~~~~~~~
/home/ec2-user/arduino-testlib/cli-datadir/user/libraries/I2C_DMAC/I2C_DMAC.h:99:3: error: &#39;DmacDescriptor&#39; does not name a type; did you mean &#39;MSCDescriptor&#39;?
   DmacDescriptor linkedDescriptor __attribute__ ((aligned (16)));   // DMAC linked descriptor
   ^~~~~~~~~~~~~~
   MSCDescriptor
/home/ec2-user/arduino-testlib/cli-datadir/user/libraries/I2C_DMAC/I2C_DMAC.h:101:3: error: &#39;Sercom&#39; does not name a type; did you mean &#39;Serial&#39;?
   Sercom* sercom;          // Pointer to the selected SERCOMx peripheral
   ^~~~~~
   Serial
/home/ec2-user/arduino-testlib/cli-datadir/user/libraries/I2C_DMAC/I2C_DMAC.h:115:3: error: &#39;IRQn_Type&#39; does not name a type
   IRQn_Type nvicId;         // The Nested Vector Interrupt (NVIC) interrupt type for the SERCOMx peripheral
   ^~~~~~~~~
/home/ec2-user/arduino-testlib/cli-datadir/user/libraries/I2C_DMAC/I2C_DMAC.h:52:33: error: &#39;PIO_SERCOM&#39; was not declared in this scope
         EPioType ulPeripheral = PIO_SERCOM);
                                 ^~~~~~~~~~
/home/ec2-user/arduino-testlib/cli-datadir/user/libraries/I2C_DMAC/examples/MPU6050_Temperature_V1/MPU6050_Temperature_V1.ino: In function &#39;void setup()&#39;:
/home/ec2-user/arduino-testlib/cli-datadir/user/libraries/I2C_DMAC/examples/MPU6050_Temperature_V1/MPU6050_Temperature_V1.ino:11:3: error: &#39;SerialUSB&#39; was not declared in this scope
   SerialUSB.begin(115200);        // Activate the native USB port
   ^~~~~~~~~
/home/ec2-user/arduino-testlib/cli-datadir/user/libraries/I2C_DMAC/examples/MPU6050_Temperature_V1/MPU6050_Temperature_V1.ino:11:3: note: suggested alternative: &#39;Serial1&#39;
   SerialUSB.begin(115200);        // Activate the native USB port
   ^~~~~~~~~
   Serial1
/home/ec2-user/arduino-testlib/cli-datadir/user/libraries/I2C_DMAC/examples/MPU6050_Temperature_V1/MPU6050_Temperature_V1.ino:14:3: error: &#39;I2C&#39; was not declared in this scope
   I2C.begin(400000);                                        // Start I2C bus at 400kHz
   ^~~
/home/ec2-user/arduino-testlib/cli-datadir/user/libraries/I2C_DMAC/examples/MPU6050_Temperature_V1/MPU6050_Temperature_V1.ino: In function &#39;void loop()&#39;:
/home/ec2-user/arduino-testlib/cli-datadir/user/libraries/I2C_DMAC/examples/MPU6050_Temperature_V1/MPU6050_Temperature_V1.ino:24:3: error: &#39;I2C&#39; was not declared in this scope
   I2C.write();                                // DMAC write to set MPU6050 register pointer to start of the data
   ^~~
/home/ec2-user/arduino-testlib/cli-datadir/user/libraries/I2C_DMAC/examples/MPU6050_Temperature_V1/MPU6050_Temperature_V1.ino:30:3: error: &#39;SerialUSB&#39; was not declared in this scope
   SerialUSB.println((float)((int16_t)((data[0] &lt;&lt; 8) | data[1])) / 340.0f &#43; 36.53f);     // Acquire raw gyro values
   ^~~~~~~~~
/home/ec2-user/arduino-testlib/cli-datadir/user/libraries/I2C_DMAC/examples/MPU6050_Temperature_V1/MPU6050_Temperature_V1.ino:30:3: note: suggested alternative: &#39;Serial1&#39;
   SerialUSB.println((float)((int16_t)((data[0] &lt;&lt; 8) | data[1])) / 340.0f &#43; 36.53f);     // Acquire raw gyro values
   ^~~~~~~~~
   Serial1

</pre>
					
					<h4>examples/MPU6050_Temperature_V2</h4>
					<p>
						Result: <b>FAIL</b>
					</p>
					<pre class="pre-scrollable">In file included from /home/ec2-user/arduino-testlib/cli-datadir/user/libraries/I2C_DMAC/examples/MPU6050_Temperature_V2/MPU6050_Temperature_V2.ino:1:0:
/home/ec2-user/arduino-testlib/cli-datadir/user/libraries/I2C_DMAC/I2C_DMAC.h:49:18: error: expected &#39;)&#39; before &#39;*&#39; token
   I2C_DMAC(SERCOM* s, uint8_t pinSDA, uint8_t pinSCL);   // Class constructor to initialise, SERCOM class, pins and member variables
                  ^
In file included from /home/ec2-user/arduino-testlib/cli-datadir/user/libraries/I2C_DMAC/examples/MPU6050_Temperature_V2/MPU6050_Temperature_V2.ino:1:0:
/home/ec2-user/arduino-testlib/cli-datadir/user/libraries/I2C_DMAC/I2C_DMAC.h:52:9: error: &#39;EPioType&#39; has not been declared
         EPioType ulPeripheral = PIO_SERCOM);
         ^~~~~~~~
/home/ec2-user/arduino-testlib/cli-datadir/user/libraries/I2C_DMAC/I2C_DMAC.h:92:41: error: &#39;SERCOM_INST_NUM&#39; was not declared in this scope
   static volatile I2C_DMAC* i2cDmacPtrs[SERCOM_INST_NUM];  // Array of pointer to each instance (object) of this class
                                         ^~~~~~~~~~~~~~~
/home/ec2-user/arduino-testlib/cli-datadir/user/libraries/I2C_DMAC/I2C_DMAC.h:99:3: error: &#39;DmacDescriptor&#39; does not name a type; did you mean &#39;MSCDescriptor&#39;?
   DmacDescriptor linkedDescriptor __attribute__ ((aligned (16)));   // DMAC linked descriptor
   ^~~~~~~~~~~~~~
   MSCDescriptor
/home/ec2-user/arduino-testlib/cli-datadir/user/libraries/I2C_DMAC/I2C_DMAC.h:101:3: error: &#39;Sercom&#39; does not name a type; did you mean &#39;Serial&#39;?
   Sercom* sercom;          // Pointer to the selected SERCOMx peripheral
   ^~~~~~
   Serial
/home/ec2-user/arduino-testlib/cli-datadir/user/libraries/I2C_DMAC/I2C_DMAC.h:115:3: error: &#39;IRQn_Type&#39; does not name a type
   IRQn_Type nvicId;         // The Nested Vector Interrupt (NVIC) interrupt type for the SERCOMx peripheral
   ^~~~~~~~~
/home/ec2-user/arduino-testlib/cli-datadir/user/libraries/I2C_DMAC/I2C_DMAC.h:52:33: error: &#39;PIO_SERCOM&#39; was not declared in this scope
         EPioType ulPeripheral = PIO_SERCOM);
                                 ^~~~~~~~~~
/home/ec2-user/arduino-testlib/cli-datadir/user/libraries/I2C_DMAC/examples/MPU6050_Temperature_V2/MPU6050_Temperature_V2.ino: In function &#39;void setup()&#39;:
/home/ec2-user/arduino-testlib/cli-datadir/user/libraries/I2C_DMAC/examples/MPU6050_Temperature_V2/MPU6050_Temperature_V2.ino:12:3: error: &#39;SerialUSB&#39; was not declared in this scope
   SerialUSB.begin(115200);        // Activate the native USB port
   ^~~~~~~~~
/home/ec2-user/arduino-testlib/cli-datadir/user/libraries/I2C_DMAC/examples/MPU6050_Temperature_V2/MPU6050_Temperature_V2.ino:12:3: note: suggested alternative: &#39;Serial1&#39;
   SerialUSB.begin(115200);        // Activate the native USB port
   ^~~~~~~~~
   Serial1
/home/ec2-user/arduino-testlib/cli-datadir/user/libraries/I2C_DMAC/examples/MPU6050_Temperature_V2/MPU6050_Temperature_V2.ino: In function &#39;void loop()&#39;:
/home/ec2-user/arduino-testlib/cli-datadir/user/libraries/I2C_DMAC/examples/MPU6050_Temperature_V2/MPU6050_Temperature_V2.ino:20:3: error: &#39;I2C&#39; was not declared in this scope
   I2C.write();                                // DMAC write to set MPU6050 register pointer to start of the data
   ^~~
/home/ec2-user/arduino-testlib/cli-datadir/user/libraries/I2C_DMAC/examples/MPU6050_Temperature_V2/MPU6050_Temperature_V2.ino:26:3: error: &#39;SerialUSB&#39; was not declared in this scope
   SerialUSB.println((float)((int16_t)((data[0] &lt;&lt; 8) | data[1])) / 340.0f &#43; 36.53f);     // Acquire raw gyro values
   ^~~~~~~~~
/home/ec2-user/arduino-testlib/cli-datadir/user/libraries/I2C_DMAC/examples/MPU6050_Temperature_V2/MPU6050_Temperature_V2.ino:26:3: note: suggested alternative: &#39;Serial1&#39;
   SerialUSB.println((float)((int16_t)((data[0] &lt;&lt; 8) | data[1])) / 340.0f &#43; 36.53f);     // Acquire raw gyro values
   ^~~~~~~~~
   Serial1
/home/ec2-user/arduino-testlib/cli-datadir/user/libraries/I2C_DMAC/examples/MPU6050_Temperature_V2/MPU6050_Temperature_V2.ino: In function &#39;void initMPU6050()&#39;:
/home/ec2-user/arduino-testlib/cli-datadir/user/libraries/I2C_DMAC/examples/MPU6050_Temperature_V2/MPU6050_Temperature_V2.ino:37:3: error: &#39;I2C&#39; was not declared in this scope
   I2C.begin(400000);                                        // Start I2C bus at 400kHz
   ^~~

</pre>
					
					<h4>examples/MPU6050_WhoAmI_V1</h4>
					<p>
						Result: <b>FAIL</b>
					</p>
					<pre class="pre-scrollable">In file included from /home/ec2-user/arduino-testlib/cli-datadir/user/libraries/I2C_DMAC/examples/MPU6050_WhoAmI_V1/MPU6050_WhoAmI_V1.ino:1:0:
/home/ec2-user/arduino-testlib/cli-datadir/user/libraries/I2C_DMAC/I2C_DMAC.h:49:18: error: expected &#39;)&#39; before &#39;*&#39; token
   I2C_DMAC(SERCOM* s, uint8_t pinSDA, uint8_t pinSCL);   // Class constructor to initialise, SERCOM class, pins and member variables
                  ^
In file included from /home/ec2-user/arduino-testlib/cli-datadir/user/libraries/I2C_DMAC/examples/MPU6050_WhoAmI_V1/MPU6050_WhoAmI_V1.ino:1:0:
/home/ec2-user/arduino-testlib/cli-datadir/user/libraries/I2C_DMAC/I2C_DMAC.h:52:9: error: &#39;EPioType&#39; has not been declared
         EPioType ulPeripheral = PIO_SERCOM);
         ^~~~~~~~
/home/ec2-user/arduino-testlib/cli-datadir/user/libraries/I2C_DMAC/I2C_DMAC.h:92:41: error: &#39;SERCOM_INST_NUM&#39; was not declared in this scope
   static volatile I2C_DMAC* i2cDmacPtrs[SERCOM_INST_NUM];  // Array of pointer to each instance (object) of this class
                                         ^~~~~~~~~~~~~~~
/home/ec2-user/arduino-testlib/cli-datadir/user/libraries/I2C_DMAC/I2C_DMAC.h:99:3: error: &#39;DmacDescriptor&#39; does not name a type; did you mean &#39;MSCDescriptor&#39;?
   DmacDescriptor linkedDescriptor __attribute__ ((aligned (16)));   // DMAC linked descriptor
   ^~~~~~~~~~~~~~
   MSCDescriptor
/home/ec2-user/arduino-testlib/cli-datadir/user/libraries/I2C_DMAC/I2C_DMAC.h:101:3: error: &#39;Sercom&#39; does not name a type; did you mean &#39;Serial&#39;?
   Sercom* sercom;          // Pointer to the selected SERCOMx peripheral
   ^~~~~~
   Serial
/home/ec2-user/arduino-testlib/cli-datadir/user/libraries/I2C_DMAC/I2C_DMAC.h:115:3: error: &#39;IRQn_Type&#39; does not name a type
   IRQn_Type nvicId;         // The Nested Vector Interrupt (NVIC) interrupt type for the SERCOMx peripheral
   ^~~~~~~~~
/home/ec2-user/arduino-testlib/cli-datadir/user/libraries/I2C_DMAC/I2C_DMAC.h:52:33: error: &#39;PIO_SERCOM&#39; was not declared in this scope
         EPioType ulPeripheral = PIO_SERCOM);
                                 ^~~~~~~~~~
/home/ec2-user/arduino-testlib/cli-datadir/user/libraries/I2C_DMAC/examples/MPU6050_WhoAmI_V1/MPU6050_WhoAmI_V1.ino: In function &#39;void setup()&#39;:
/home/ec2-user/arduino-testlib/cli-datadir/user/libraries/I2C_DMAC/examples/MPU6050_WhoAmI_V1/MPU6050_WhoAmI_V1.ino:8:3: error: &#39;SerialUSB&#39; was not declared in this scope
   SerialUSB.begin(115200);                           // Activate the native USB port
   ^~~~~~~~~
/home/ec2-user/arduino-testlib/cli-datadir/user/libraries/I2C_DMAC/examples/MPU6050_WhoAmI_V1/MPU6050_WhoAmI_V1.ino:8:3: note: suggested alternative: &#39;Serial1&#39;
   SerialUSB.begin(115200);                           // Activate the native USB port
   ^~~~~~~~~
   Serial1
/home/ec2-user/arduino-testlib/cli-datadir/user/libraries/I2C_DMAC/examples/MPU6050_WhoAmI_V1/MPU6050_WhoAmI_V1.ino:12:3: error: &#39;I2C&#39; was not declared in this scope
   I2C.begin(400000);                                 // Start I2C bus at 400kHz
   ^~~

</pre>
					
				
				<h3 id="arduino:samd:mkrwifi1010">arduino:samd:mkrwifi1010 @ 1.8.12</h3>
				<h4>Inclusion</h4>
				<p>
					Result: <b>PASS</b>
					
				</p>
				<pre class="pre-scrollable">Sketch uses 12736 bytes (4%) of program storage space. Maximum is 262144 bytes.
Global variables use 3108 bytes (9%) of dynamic memory, leaving 29660 bytes for local variables. Maximum is 32768 bytes.
</pre>

					
					<h4>examples/MPU6050_Gyroscope_V1</h4>
					<p>
						Result: <b>PASS</b>
					</p>
					<pre class="pre-scrollable">Sketch uses 14600 bytes (5%) of program storage space. Maximum is 262144 bytes.
Global variables use 3544 bytes (10%) of dynamic memory, leaving 29224 bytes for local variables. Maximum is 32768 bytes.
</pre>
					
					<h4>examples/MPU6050_Gyroscope_V2</h4>
					<p>
						Result: <b>PASS</b>
					</p>
					<pre class="pre-scrollable">Sketch uses 14976 bytes (5%) of program storage space. Maximum is 262144 bytes.
Global variables use 3624 bytes (11%) of dynamic memory, leaving 29144 bytes for local variables. Maximum is 32768 bytes.
</pre>
					
					<h4>examples/MPU6050_Gyroscope_V3</h4>
					<p>
						Result: <b>PASS</b>
					</p>
					<pre class="pre-scrollable">Sketch uses 14732 bytes (5%) of program storage space. Maximum is 262144 bytes.
Global variables use 3544 bytes (10%) of dynamic memory, leaving 29224 bytes for local variables. Maximum is 32768 bytes.
</pre>
					
					<h4>examples/MPU6050_Temperature_V1</h4>
					<p>
						Result: <b>PASS</b>
					</p>
					<pre class="pre-scrollable">Sketch uses 23876 bytes (9%) of program storage space. Maximum is 262144 bytes.
Global variables use 3528 bytes (10%) of dynamic memory, leaving 29240 bytes for local variables. Maximum is 32768 bytes.
</pre>
					
					<h4>examples/MPU6050_Temperature_V2</h4>
					<p>
						Result: <b>PASS</b>
					</p>
					<pre class="pre-scrollable">Sketch uses 24220 bytes (9%) of program storage space. Maximum is 262144 bytes.
Global variables use 3528 bytes (10%) of dynamic memory, leaving 29240 bytes for local variables. Maximum is 32768 bytes.
</pre>
					
					<h4>examples/MPU6050_WhoAmI_V1</h4>
					<p>
						Result: <b>PASS</b>
					</p>
					<pre class="pre-scrollable">Sketch uses 14524 bytes (5%) of program storage space. Maximum is 262144 bytes.
Global variables use 3528 bytes (10%) of dynamic memory, leaving 29240 bytes for local variables. Maximum is 32768 bytes.
</pre>
					
				
				<h3 id="esp32:esp32:d1_mini32">esp32:esp32:d1_mini32 @ 1.0.6</h3>
				<h4>Inclusion</h4>
				<p>
					Result: <b>FAIL</b>
					
				</p>
				<pre class="pre-scrollable">In file included from /tmp/arduino-testlib3637820773/test/test.ino:1:0:
/home/ec2-user/arduino-testlib/cli-datadir/user/libraries/I2C_DMAC/I2C_DMAC.h:49:18: error: expected &#39;)&#39; before &#39;*&#39; token
   I2C_DMAC(SERCOM* s, uint8_t pinSDA, uint8_t pinSCL);   // Class constructor to initialise, SERCOM class, pins and member variables
                  ^
In file included from /tmp/arduino-testlib3637820773/test/test.ino:1:0:
/home/ec2-user/arduino-testlib/cli-datadir/user/libraries/I2C_DMAC/I2C_DMAC.h:52:9: error: &#39;EPioType&#39; has not been declared
         EPioType ulPeripheral = PIO_SERCOM);  
         ^
/home/ec2-user/arduino-testlib/cli-datadir/user/libraries/I2C_DMAC/I2C_DMAC.h:75:28: error: &#39;voidFuncPtr&#39; has not been declared
   void attachWriteCallback(voidFuncPtr callback);      // Attach a DMAC write callback function
                            ^
/home/ec2-user/arduino-testlib/cli-datadir/user/libraries/I2C_DMAC/I2C_DMAC.h:76:27: error: &#39;voidFuncPtr&#39; has not been declared
   void attachReadCallback(voidFuncPtr callback);      // Attach a DMAC read callback function
                           ^
/home/ec2-user/arduino-testlib/cli-datadir/user/libraries/I2C_DMAC/I2C_DMAC.h:77:32: error: &#39;voidFuncPtr&#39; has not been declared
   void attachDmacErrorCallback(voidFuncPtr callback);    // Attach a DMAC error callback function
                                ^
/home/ec2-user/arduino-testlib/cli-datadir/user/libraries/I2C_DMAC/I2C_DMAC.h:78:34: error: &#39;voidFuncPtr&#39; has not been declared
   void attachSercomErrorCallback(voidFuncPtr callback);   // Attach a SERCOM error callback function
                                  ^
/home/ec2-user/arduino-testlib/cli-datadir/user/libraries/I2C_DMAC/I2C_DMAC.h:92:41: error: &#39;SERCOM_INST_NUM&#39; was not declared in this scope
   static volatile I2C_DMAC* i2cDmacPtrs[SERCOM_INST_NUM];  // Array of pointer to each instance (object) of this class
                                         ^
/home/ec2-user/arduino-testlib/cli-datadir/user/libraries/I2C_DMAC/I2C_DMAC.h:99:3: error: &#39;DmacDescriptor&#39; does not name a type
   DmacDescriptor linkedDescriptor __attribute__ ((aligned (16)));   // DMAC linked descriptor  
   ^
/home/ec2-user/arduino-testlib/cli-datadir/user/libraries/I2C_DMAC/I2C_DMAC.h:101:3: error: &#39;Sercom&#39; does not name a type
   Sercom* sercom;          // Pointer to the selected SERCOMx peripheral
   ^
/home/ec2-user/arduino-testlib/cli-datadir/user/libraries/I2C_DMAC/I2C_DMAC.h:115:3: error: &#39;IRQn_Type&#39; does not name a type
   IRQn_Type nvicId;         // The Nested Vector Interrupt (NVIC) interrupt type for the SERCOMx peripheral
   ^
/home/ec2-user/arduino-testlib/cli-datadir/user/libraries/I2C_DMAC/I2C_DMAC.h:52:33: error: &#39;PIO_SERCOM&#39; was not declared in this scope
         EPioType ulPeripheral = PIO_SERCOM);  
                                 ^

</pre>

					
					<h4>examples/MPU6050_Gyroscope_V1</h4>
					<p>
						Result: <b>FAIL</b>
					</p>
					<pre class="pre-scrollable">In file included from /home/ec2-user/arduino-testlib/cli-datadir/user/libraries/I2C_DMAC/examples/MPU6050_Gyroscope_V1/MPU6050_Gyroscope_V1.ino:1:0:
/home/ec2-user/arduino-testlib/cli-datadir/user/libraries/I2C_DMAC/I2C_DMAC.h:49:18: error: expected &#39;)&#39; before &#39;*&#39; token
   I2C_DMAC(SERCOM* s, uint8_t pinSDA, uint8_t pinSCL);   // Class constructor to initialise, SERCOM class, pins and member variables
                  ^
In file included from /home/ec2-user/arduino-testlib/cli-datadir/user/libraries/I2C_DMAC/examples/MPU6050_Gyroscope_V1/MPU6050_Gyroscope_V1.ino:1:0:
/home/ec2-user/arduino-testlib/cli-datadir/user/libraries/I2C_DMAC/I2C_DMAC.h:52:9: error: &#39;EPioType&#39; has not been declared
         EPioType ulPeripheral = PIO_SERCOM);  
         ^
/home/ec2-user/arduino-testlib/cli-datadir/user/libraries/I2C_DMAC/I2C_DMAC.h:75:28: error: &#39;voidFuncPtr&#39; has not been declared
   void attachWriteCallback(voidFuncPtr callback);      // Attach a DMAC write callback function
                            ^
/home/ec2-user/arduino-testlib/cli-datadir/user/libraries/I2C_DMAC/I2C_DMAC.h:76:27: error: &#39;voidFuncPtr&#39; has not been declared
   void attachReadCallback(voidFuncPtr callback);      // Attach a DMAC read callback function
                           ^
/home/ec2-user/arduino-testlib/cli-datadir/user/libraries/I2C_DMAC/I2C_DMAC.h:77:32: error: &#39;voidFuncPtr&#39; has not been declared
   void attachDmacErrorCallback(voidFuncPtr callback);    // Attach a DMAC error callback function
                                ^
/home/ec2-user/arduino-testlib/cli-datadir/user/libraries/I2C_DMAC/I2C_DMAC.h:78:34: error: &#39;voidFuncPtr&#39; has not been declared
   void attachSercomErrorCallback(voidFuncPtr callback);   // Attach a SERCOM error callback function
                                  ^
/home/ec2-user/arduino-testlib/cli-datadir/user/libraries/I2C_DMAC/I2C_DMAC.h:92:41: error: &#39;SERCOM_INST_NUM&#39; was not declared in this scope
   static volatile I2C_DMAC* i2cDmacPtrs[SERCOM_INST_NUM];  // Array of pointer to each instance (object) of this class
                                         ^
/home/ec2-user/arduino-testlib/cli-datadir/user/libraries/I2C_DMAC/I2C_DMAC.h:99:3: error: &#39;DmacDescriptor&#39; does not name a type
   DmacDescriptor linkedDescriptor __attribute__ ((aligned (16)));   // DMAC linked descriptor  
   ^
/home/ec2-user/arduino-testlib/cli-datadir/user/libraries/I2C_DMAC/I2C_DMAC.h:101:3: error: &#39;Sercom&#39; does not name a type
   Sercom* sercom;          // Pointer to the selected SERCOMx peripheral
   ^
/home/ec2-user/arduino-testlib/cli-datadir/user/libraries/I2C_DMAC/I2C_DMAC.h:115:3: error: &#39;IRQn_Type&#39; does not name a type
   IRQn_Type nvicId;         // The Nested Vector Interrupt (NVIC) interrupt type for the SERCOMx peripheral
   ^
/home/ec2-user/arduino-testlib/cli-datadir/user/libraries/I2C_DMAC/I2C_DMAC.h:52:33: error: &#39;PIO_SERCOM&#39; was not declared in this scope
         EPioType ulPeripheral = PIO_SERCOM);  
                                 ^
/home/ec2-user/arduino-testlib/cli-datadir/user/libraries/I2C_DMAC/examples/MPU6050_Gyroscope_V1/MPU6050_Gyroscope_V1.ino: In function &#39;void setup()&#39;:
/home/ec2-user/arduino-testlib/cli-datadir/user/libraries/I2C_DMAC/examples/MPU6050_Gyroscope_V1/MPU6050_Gyroscope_V1.ino:14:3: error: &#39;SerialUSB&#39; was not declared in this scope
   SerialUSB.begin(115200);                                  // Activate the native USB port
   ^
/home/ec2-user/arduino-testlib/cli-datadir/user/libraries/I2C_DMAC/examples/MPU6050_Gyroscope_V1/MPU6050_Gyroscope_V1.ino:17:3: error: &#39;I2C&#39; was not declared in this scope
   I2C.begin(400000);                                        // Start I2C bus at 400kHz
   ^
/home/ec2-user/arduino-testlib/cli-datadir/user/libraries/I2C_DMAC/examples/MPU6050_Gyroscope_V1/MPU6050_Gyroscope_V1.ino: In function &#39;void loop()&#39;:
/home/ec2-user/arduino-testlib/cli-datadir/user/libraries/I2C_DMAC/examples/MPU6050_Gyroscope_V1/MPU6050_Gyroscope_V1.ino:29:3: error: &#39;I2C&#39; was not declared in this scope
   I2C.write();                                              // DMAC write to set MPU6050 register pointer to start of the data
   ^
/home/ec2-user/arduino-testlib/cli-datadir/user/libraries/I2C_DMAC/examples/MPU6050_Gyroscope_V1/MPU6050_Gyroscope_V1.ino:35:3: error: &#39;SerialUSB&#39; was not declared in this scope
   SerialUSB.print((int16_t)((data[0] &lt;&lt; 8) | data[1]));     // Acquire raw gyro values
   ^

</pre>
					
					<h4>examples/MPU6050_Gyroscope_V2</h4>
					<p>
						Result: <b>FAIL</b>
					</p>
					<pre class="pre-scrollable">In file included from /home/ec2-user/arduino-testlib/cli-datadir/user/libraries/I2C_DMAC/examples/MPU6050_Gyroscope_V2/MPU6050_Gyroscope_V2.ino:1:0:
/home/ec2-user/arduino-testlib/cli-datadir/user/libraries/I2C_DMAC/I2C_DMAC.h:49:18: error: expected &#39;)&#39; before &#39;*&#39; token
   I2C_DMAC(SERCOM* s, uint8_t pinSDA, uint8_t pinSCL);   // Class constructor to initialise, SERCOM class, pins and member variables
                  ^
In file included from /home/ec2-user/arduino-testlib/cli-datadir/user/libraries/I2C_DMAC/examples/MPU6050_Gyroscope_V2/MPU6050_Gyroscope_V2.ino:1:0:
/home/ec2-user/arduino-testlib/cli-datadir/user/libraries/I2C_DMAC/I2C_DMAC.h:52:9: error: &#39;EPioType&#39; has not been declared
         EPioType ulPeripheral = PIO_SERCOM);  
         ^
/home/ec2-user/arduino-testlib/cli-datadir/user/libraries/I2C_DMAC/I2C_DMAC.h:75:28: error: &#39;voidFuncPtr&#39; has not been declared
   void attachWriteCallback(voidFuncPtr callback);      // Attach a DMAC write callback function
                            ^
/home/ec2-user/arduino-testlib/cli-datadir/user/libraries/I2C_DMAC/I2C_DMAC.h:76:27: error: &#39;voidFuncPtr&#39; has not been declared
   void attachReadCallback(voidFuncPtr callback);      // Attach a DMAC read callback function
                           ^
/home/ec2-user/arduino-testlib/cli-datadir/user/libraries/I2C_DMAC/I2C_DMAC.h:77:32: error: &#39;voidFuncPtr&#39; has not been declared
   void attachDmacErrorCallback(voidFuncPtr callback);    // Attach a DMAC error callback function
                                ^
/home/ec2-user/arduino-testlib/cli-datadir/user/libraries/I2C_DMAC/I2C_DMAC.h:78:34: error: &#39;voidFuncPtr&#39; has not been declared
   void attachSercomErrorCallback(voidFuncPtr callback);   // Attach a SERCOM error callback function
                                  ^
/home/ec2-user/arduino-testlib/cli-datadir/user/libraries/I2C_DMAC/I2C_DMAC.h:92:41: error: &#39;SERCOM_INST_NUM&#39; was not declared in this scope
   static volatile I2C_DMAC* i2cDmacPtrs[SERCOM_INST_NUM];  // Array of pointer to each instance (object) of this class
                                         ^
/home/ec2-user/arduino-testlib/cli-datadir/user/libraries/I2C_DMAC/I2C_DMAC.h:99:3: error: &#39;DmacDescriptor&#39; does not name a type
   DmacDescriptor linkedDescriptor __attribute__ ((aligned (16)));   // DMAC linked descriptor  
   ^
/home/ec2-user/arduino-testlib/cli-datadir/user/libraries/I2C_DMAC/I2C_DMAC.h:101:3: error: &#39;Sercom&#39; does not name a type
   Sercom* sercom;          // Pointer to the selected SERCOMx peripheral
   ^
/home/ec2-user/arduino-testlib/cli-datadir/user/libraries/I2C_DMAC/I2C_DMAC.h:115:3: error: &#39;IRQn_Type&#39; does not name a type
   IRQn_Type nvicId;         // The Nested Vector Interrupt (NVIC) interrupt type for the SERCOMx peripheral
   ^
/home/ec2-user/arduino-testlib/cli-datadir/user/libraries/I2C_DMAC/I2C_DMAC.h:52:33: error: &#39;PIO_SERCOM&#39; was not declared in this scope
         EPioType ulPeripheral = PIO_SERCOM);  
                                 ^
/home/ec2-user/arduino-testlib/cli-datadir/user/libraries/I2C_DMAC/examples/MPU6050_Gyroscope_V2/MPU6050_Gyroscope_V2.ino:15:16: error: &#39;sercom2&#39; was not declared in this scope
 I2C_DMAC I2C1(&amp;sercom2, 4, 3);                              // Create (instantiate) a second I2C1 object with sercom2, on pins D3 and D4
                ^
/home/ec2-user/arduino-testlib/cli-datadir/user/libraries/I2C_DMAC/examples/MPU6050_Gyroscope_V2/MPU6050_Gyroscope_V2.ino: In function &#39;void setup()&#39;:
/home/ec2-user/arduino-testlib/cli-datadir/user/libraries/I2C_DMAC/examples/MPU6050_Gyroscope_V2/MPU6050_Gyroscope_V2.ino:19:3: error: &#39;SerialUSB&#39; was not declared in this scope
   SerialUSB.begin(115200);                                  // Activate the native USB port
   ^
/home/ec2-user/arduino-testlib/cli-datadir/user/libraries/I2C_DMAC/examples/MPU6050_Gyroscope_V2/MPU6050_Gyroscope_V2.ino:21:3: error: &#39;I2C&#39; was not declared in this scope
   I2C.begin(400000);                                        // Start I2C bus at 400kHz          
   ^
/home/ec2-user/arduino-testlib/cli-datadir/user/libraries/I2C_DMAC/examples/MPU6050_Gyroscope_V2/MPU6050_Gyroscope_V2.ino:31:20: error: call to &#39;void I2C_DMAC::begin(uint32_t, uint8_t, int)&#39; uses the default argument for parameter 3, which is not yet defined
   I2C1.begin(400000);                                       // Start I2C bus at 400kHz 
                    ^
/home/ec2-user/arduino-testlib/cli-datadir/user/libraries/I2C_DMAC/examples/MPU6050_Gyroscope_V2/MPU6050_Gyroscope_V2.ino:32:20: error: &#39;PIO_SERCOM_ALT&#39; was not declared in this scope
   pinPeripheral(3, PIO_SERCOM_ALT);                         // Assign D3 to SERCOM2 I2C SDA
                    ^
/home/ec2-user/arduino-testlib/cli-datadir/user/libraries/I2C_DMAC/examples/MPU6050_Gyroscope_V2/MPU6050_Gyroscope_V2.ino:32:34: error: &#39;pinPeripheral&#39; was not declared in this scope
   pinPeripheral(3, PIO_SERCOM_ALT);                         // Assign D3 to SERCOM2 I2C SDA
                                  ^
/home/ec2-user/arduino-testlib/cli-datadir/user/libraries/I2C_DMAC/examples/MPU6050_Gyroscope_V2/MPU6050_Gyroscope_V2.ino:43:40: error: invalid conversion from &#39;void (*)()&#39; to &#39;int&#39; [-fpermissive]
   I2C1.attachReadCallback(gyro2Callback);                   // Attach a read callback function to I2C1
                                        ^
In file included from /home/ec2-user/arduino-testlib/cli-datadir/user/libraries/I2C_DMAC/examples/MPU6050_Gyroscope_V2/MPU6050_Gyroscope_V2.ino:1:0:
/home/ec2-user/arduino-testlib/cli-datadir/user/libraries/I2C_DMAC/I2C_DMAC.h:76:8: note:   initializing argument 1 of &#39;void I2C_DMAC::attachReadCallback(int)&#39;
   void attachReadCallback(voidFuncPtr callback);      // Attach a DMAC read callback function
        ^
/home/ec2-user/arduino-testlib/cli-datadir/user/libraries/I2C_DMAC/examples/MPU6050_Gyroscope_V2/MPU6050_Gyroscope_V2.ino: In function &#39;void loop()&#39;:
/home/ec2-user/arduino-testlib/cli-datadir/user/libraries/I2C_DMAC/examples/MPU6050_Gyroscope_V2/MPU6050_Gyroscope_V2.ino:48:3: error: &#39;I2C&#39; was not declared in this scope
   I2C.write();                                              // DMAC write to set MPU6050 register pointer to start of the data
   ^
/home/ec2-user/arduino-testlib/cli-datadir/user/libraries/I2C_DMAC/examples/MPU6050_Gyroscope_V2/MPU6050_Gyroscope_V2.ino:55:3: error: &#39;SerialUSB&#39; was not declared in this scope
   SerialUSB.print((int16_t)((data[0] &lt;&lt; 8) | data[1]));     
   ^
/home/ec2-user/arduino-testlib/cli-datadir/user/libraries/I2C_DMAC/examples/MPU6050_Gyroscope_V2/MPU6050_Gyroscope_V2.ino: In function &#39;void gyro1Callback()&#39;:
/home/ec2-user/arduino-testlib/cli-datadir/user/libraries/I2C_DMAC/examples/MPU6050_Gyroscope_V2/MPU6050_Gyroscope_V2.ino:77:3: error: &#39;SerialUSB&#39; was not declared in this scope
   SerialUSB.print(F(&#34;Gyro 1: &#34;));
   ^
/home/ec2-user/arduino-testlib/cli-datadir/user/libraries/I2C_DMAC/examples/MPU6050_Gyroscope_V2/MPU6050_Gyroscope_V2.ino: In function &#39;void gyro2Callback()&#39;:
/home/ec2-user/arduino-testlib/cli-datadir/user/libraries/I2C_DMAC/examples/MPU6050_Gyroscope_V2/MPU6050_Gyroscope_V2.ino:82:3: error: &#39;SerialUSB&#39; was not declared in this scope
   SerialUSB.print(F(&#34;Gyro 2: &#34;));
   ^

</pre>
					
					<h4>examples/MPU6050_Gyroscope_V3</h4>
					<p>
						Result: <b>FAIL</b>
					</p>
					<pre class="pre-scrollable">In file included from /home/ec2-user/arduino-testlib/cli-datadir/user/libraries/I2C_DMAC/examples/MPU6050_Gyroscope_V3/MPU6050_Gyroscope_V3.ino:1:0:
/home/ec2-user/arduino-testlib/cli-datadir/user/libraries/I2C_DMAC/I2C_DMAC.h:49:18: error: expected &#39;)&#39; before &#39;*&#39; token
   I2C_DMAC(SERCOM* s, uint8_t pinSDA, uint8_t pinSCL);   // Class constructor to initialise, SERCOM class, pins and member variables
                  ^
In file included from /home/ec2-user/arduino-testlib/cli-datadir/user/libraries/I2C_DMAC/examples/MPU6050_Gyroscope_V3/MPU6050_Gyroscope_V3.ino:1:0:
/home/ec2-user/arduino-testlib/cli-datadir/user/libraries/I2C_DMAC/I2C_DMAC.h:52:9: error: &#39;EPioType&#39; has not been declared
         EPioType ulPeripheral = PIO_SERCOM);  
         ^
/home/ec2-user/arduino-testlib/cli-datadir/user/libraries/I2C_DMAC/I2C_DMAC.h:75:28: error: &#39;voidFuncPtr&#39; has not been declared
   void attachWriteCallback(voidFuncPtr callback);      // Attach a DMAC write callback function
                            ^
/home/ec2-user/arduino-testlib/cli-datadir/user/libraries/I2C_DMAC/I2C_DMAC.h:76:27: error: &#39;voidFuncPtr&#39; has not been declared
   void attachReadCallback(voidFuncPtr callback);      // Attach a DMAC read callback function
                           ^
/home/ec2-user/arduino-testlib/cli-datadir/user/libraries/I2C_DMAC/I2C_DMAC.h:77:32: error: &#39;voidFuncPtr&#39; has not been declared
   void attachDmacErrorCallback(voidFuncPtr callback);    // Attach a DMAC error callback function
                                ^
/home/ec2-user/arduino-testlib/cli-datadir/user/libraries/I2C_DMAC/I2C_DMAC.h:78:34: error: &#39;voidFuncPtr&#39; has not been declared
   void attachSercomErrorCallback(voidFuncPtr callback);   // Attach a SERCOM error callback function
                                  ^
/home/ec2-user/arduino-testlib/cli-datadir/user/libraries/I2C_DMAC/I2C_DMAC.h:92:41: error: &#39;SERCOM_INST_NUM&#39; was not declared in this scope
   static volatile I2C_DMAC* i2cDmacPtrs[SERCOM_INST_NUM];  // Array of pointer to each instance (object) of this class
                                         ^
/home/ec2-user/arduino-testlib/cli-datadir/user/libraries/I2C_DMAC/I2C_DMAC.h:99:3: error: &#39;DmacDescriptor&#39; does not name a type
   DmacDescriptor linkedDescriptor __attribute__ ((aligned (16)));   // DMAC linked descriptor  
   ^
/home/ec2-user/arduino-testlib/cli-datadir/user/libraries/I2C_DMAC/I2C_DMAC.h:101:3: error: &#39;Sercom&#39; does not name a type
   Sercom* sercom;          // Pointer to the selected SERCOMx peripheral
   ^
/home/ec2-user/arduino-testlib/cli-datadir/user/libraries/I2C_DMAC/I2C_DMAC.h:115:3: error: &#39;IRQn_Type&#39; does not name a type
   IRQn_Type nvicId;         // The Nested Vector Interrupt (NVIC) interrupt type for the SERCOMx peripheral
   ^
/home/ec2-user/arduino-testlib/cli-datadir/user/libraries/I2C_DMAC/I2C_DMAC.h:52:33: error: &#39;PIO_SERCOM&#39; was not declared in this scope
         EPioType ulPeripheral = PIO_SERCOM);  
                                 ^
/home/ec2-user/arduino-testlib/cli-datadir/user/libraries/I2C_DMAC/examples/MPU6050_Gyroscope_V3/MPU6050_Gyroscope_V3.ino: In function &#39;void setup()&#39;:
/home/ec2-user/arduino-testlib/cli-datadir/user/libraries/I2C_DMAC/examples/MPU6050_Gyroscope_V3/MPU6050_Gyroscope_V3.ino:14:3: error: &#39;SerialUSB&#39; was not declared in this scope
   SerialUSB.begin(115200);                                  // Activate the native USB port
   ^
/home/ec2-user/arduino-testlib/cli-datadir/user/libraries/I2C_DMAC/examples/MPU6050_Gyroscope_V3/MPU6050_Gyroscope_V3.ino:17:3: error: &#39;I2C&#39; was not declared in this scope
   I2C.begin(400000);                                        // Start I2C bus at 400kHz
   ^
/home/ec2-user/arduino-testlib/cli-datadir/user/libraries/I2C_DMAC/examples/MPU6050_Gyroscope_V3/MPU6050_Gyroscope_V3.ino: In function &#39;void loop()&#39;:
/home/ec2-user/arduino-testlib/cli-datadir/user/libraries/I2C_DMAC/examples/MPU6050_Gyroscope_V3/MPU6050_Gyroscope_V3.ino:32:3: error: &#39;I2C&#39; was not declared in this scope
   I2C.write();                                              // DMAC write to set MPU6050 register pointer to start of the data
   ^
/home/ec2-user/arduino-testlib/cli-datadir/user/libraries/I2C_DMAC/examples/MPU6050_Gyroscope_V3/MPU6050_Gyroscope_V3.ino:38:3: error: &#39;SerialUSB&#39; was not declared in this scope
   SerialUSB.print((int16_t)((data[0] &lt;&lt; 8) | data[1]));     // Acquire raw gyro values
   ^

</pre>
					
					<h4>examples/MPU6050_Temperature_V1</h4>
					<p>
						Result: <b>FAIL</b>
					</p>
					<pre class="pre-scrollable">In file included from /home/ec2-user/arduino-testlib/cli-datadir/user/libraries/I2C_DMAC/examples/MPU6050_Temperature_V1/MPU6050_Temperature_V1.ino:1:0:
/home/ec2-user/arduino-testlib/cli-datadir/user/libraries/I2C_DMAC/I2C_DMAC.h:49:18: error: expected &#39;)&#39; before &#39;*&#39; token
   I2C_DMAC(SERCOM* s, uint8_t pinSDA, uint8_t pinSCL);   // Class constructor to initialise, SERCOM class, pins and member variables
                  ^
In file included from /home/ec2-user/arduino-testlib/cli-datadir/user/libraries/I2C_DMAC/examples/MPU6050_Temperature_V1/MPU6050_Temperature_V1.ino:1:0:
/home/ec2-user/arduino-testlib/cli-datadir/user/libraries/I2C_DMAC/I2C_DMAC.h:52:9: error: &#39;EPioType&#39; has not been declared
         EPioType ulPeripheral = PIO_SERCOM);  
         ^
/home/ec2-user/arduino-testlib/cli-datadir/user/libraries/I2C_DMAC/I2C_DMAC.h:75:28: error: &#39;voidFuncPtr&#39; has not been declared
   void attachWriteCallback(voidFuncPtr callback);      // Attach a DMAC write callback function
                            ^
/home/ec2-user/arduino-testlib/cli-datadir/user/libraries/I2C_DMAC/I2C_DMAC.h:76:27: error: &#39;voidFuncPtr&#39; has not been declared
   void attachReadCallback(voidFuncPtr callback);      // Attach a DMAC read callback function
                           ^
/home/ec2-user/arduino-testlib/cli-datadir/user/libraries/I2C_DMAC/I2C_DMAC.h:77:32: error: &#39;voidFuncPtr&#39; has not been declared
   void attachDmacErrorCallback(voidFuncPtr callback);    // Attach a DMAC error callback function
                                ^
/home/ec2-user/arduino-testlib/cli-datadir/user/libraries/I2C_DMAC/I2C_DMAC.h:78:34: error: &#39;voidFuncPtr&#39; has not been declared
   void attachSercomErrorCallback(voidFuncPtr callback);   // Attach a SERCOM error callback function
                                  ^
/home/ec2-user/arduino-testlib/cli-datadir/user/libraries/I2C_DMAC/I2C_DMAC.h:92:41: error: &#39;SERCOM_INST_NUM&#39; was not declared in this scope
   static volatile I2C_DMAC* i2cDmacPtrs[SERCOM_INST_NUM];  // Array of pointer to each instance (object) of this class
                                         ^
/home/ec2-user/arduino-testlib/cli-datadir/user/libraries/I2C_DMAC/I2C_DMAC.h:99:3: error: &#39;DmacDescriptor&#39; does not name a type
   DmacDescriptor linkedDescriptor __attribute__ ((aligned (16)));   // DMAC linked descriptor  
   ^
/home/ec2-user/arduino-testlib/cli-datadir/user/libraries/I2C_DMAC/I2C_DMAC.h:101:3: error: &#39;Sercom&#39; does not name a type
   Sercom* sercom;          // Pointer to the selected SERCOMx peripheral
   ^
/home/ec2-user/arduino-testlib/cli-datadir/user/libraries/I2C_DMAC/I2C_DMAC.h:115:3: error: &#39;IRQn_Type&#39; does not name a type
   IRQn_Type nvicId;         // The Nested Vector Interrupt (NVIC) interrupt type for the SERCOMx peripheral
   ^
/home/ec2-user/arduino-testlib/cli-datadir/user/libraries/I2C_DMAC/I2C_DMAC.h:52:33: error: &#39;PIO_SERCOM&#39; was not declared in this scope
         EPioType ulPeripheral = PIO_SERCOM);  
                                 ^
/home/ec2-user/arduino-testlib/cli-datadir/user/libraries/I2C_DMAC/examples/MPU6050_Temperature_V1/MPU6050_Temperature_V1.ino: In function &#39;void setup()&#39;:
/home/ec2-user/arduino-testlib/cli-datadir/user/libraries/I2C_DMAC/examples/MPU6050_Temperature_V1/MPU6050_Temperature_V1.ino:11:3: error: &#39;SerialUSB&#39; was not declared in this scope
   SerialUSB.begin(115200);        // Activate the native USB port
   ^
/home/ec2-user/arduino-testlib/cli-datadir/user/libraries/I2C_DMAC/examples/MPU6050_Temperature_V1/MPU6050_Temperature_V1.ino:14:3: error: &#39;I2C&#39; was not declared in this scope
   I2C.begin(400000);                                        // Start I2C bus at 400kHz
   ^
/home/ec2-user/arduino-testlib/cli-datadir/user/libraries/I2C_DMAC/examples/MPU6050_Temperature_V1/MPU6050_Temperature_V1.ino: In function &#39;void loop()&#39;:
/home/ec2-user/arduino-testlib/cli-datadir/user/libraries/I2C_DMAC/examples/MPU6050_Temperature_V1/MPU6050_Temperature_V1.ino:24:3: error: &#39;I2C&#39; was not declared in this scope
   I2C.write();                                // DMAC write to set MPU6050 register pointer to start of the data
   ^
/home/ec2-user/arduino-testlib/cli-datadir/user/libraries/I2C_DMAC/examples/MPU6050_Temperature_V1/MPU6050_Temperature_V1.ino:30:3: error: &#39;SerialUSB&#39; was not declared in this scope
   SerialUSB.println((float)((int16_t)((data[0] &lt;&lt; 8) | data[1])) / 340.0f &#43; 36.53f);     // Acquire raw gyro values 
   ^

</pre>
					
					<h4>examples/MPU6050_Temperature_V2</h4>
					<p>
						Result: <b>FAIL</b>
					</p>
					<pre class="pre-scrollable">In file included from /home/ec2-user/arduino-testlib/cli-datadir/user/libraries/I2C_DMAC/examples/MPU6050_Temperature_V2/MPU6050_Temperature_V2.ino:1:0:
/home/ec2-user/arduino-testlib/cli-datadir/user/libraries/I2C_DMAC/I2C_DMAC.h:49:18: error: expected &#39;)&#39; before &#39;*&#39; token
   I2C_DMAC(SERCOM* s, uint8_t pinSDA, uint8_t pinSCL);   // Class constructor to initialise, SERCOM class, pins and member variables
                  ^
In file included from /home/ec2-user/arduino-testlib/cli-datadir/user/libraries/I2C_DMAC/examples/MPU6050_Temperature_V2/MPU6050_Temperature_V2.ino:1:0:
/home/ec2-user/arduino-testlib/cli-datadir/user/libraries/I2C_DMAC/I2C_DMAC.h:52:9: error: &#39;EPioType&#39; has not been declared
         EPioType ulPeripheral = PIO_SERCOM);  
         ^
/home/ec2-user/arduino-testlib/cli-datadir/user/libraries/I2C_DMAC/I2C_DMAC.h:75:28: error: &#39;voidFuncPtr&#39; has not been declared
   void attachWriteCallback(voidFuncPtr callback);      // Attach a DMAC write callback function
                            ^
/home/ec2-user/arduino-testlib/cli-datadir/user/libraries/I2C_DMAC/I2C_DMAC.h:76:27: error: &#39;voidFuncPtr&#39; has not been declared
   void attachReadCallback(voidFuncPtr callback);      // Attach a DMAC read callback function
                           ^
/home/ec2-user/arduino-testlib/cli-datadir/user/libraries/I2C_DMAC/I2C_DMAC.h:77:32: error: &#39;voidFuncPtr&#39; has not been declared
   void attachDmacErrorCallback(voidFuncPtr callback);    // Attach a DMAC error callback function
                                ^
/home/ec2-user/arduino-testlib/cli-datadir/user/libraries/I2C_DMAC/I2C_DMAC.h:78:34: error: &#39;voidFuncPtr&#39; has not been declared
   void attachSercomErrorCallback(voidFuncPtr callback);   // Attach a SERCOM error callback function
                                  ^
/home/ec2-user/arduino-testlib/cli-datadir/user/libraries/I2C_DMAC/I2C_DMAC.h:92:41: error: &#39;SERCOM_INST_NUM&#39; was not declared in this scope
   static volatile I2C_DMAC* i2cDmacPtrs[SERCOM_INST_NUM];  // Array of pointer to each instance (object) of this class
                                         ^
/home/ec2-user/arduino-testlib/cli-datadir/user/libraries/I2C_DMAC/I2C_DMAC.h:99:3: error: &#39;DmacDescriptor&#39; does not name a type
   DmacDescriptor linkedDescriptor __attribute__ ((aligned (16)));   // DMAC linked descriptor  
   ^
/home/ec2-user/arduino-testlib/cli-datadir/user/libraries/I2C_DMAC/I2C_DMAC.h:101:3: error: &#39;Sercom&#39; does not name a type
   Sercom* sercom;          // Pointer to the selected SERCOMx peripheral
   ^
/home/ec2-user/arduino-testlib/cli-datadir/user/libraries/I2C_DMAC/I2C_DMAC.h:115:3: error: &#39;IRQn_Type&#39; does not name a type
   IRQn_Type nvicId;         // The Nested Vector Interrupt (NVIC) interrupt type for the SERCOMx peripheral
   ^
/home/ec2-user/arduino-testlib/cli-datadir/user/libraries/I2C_DMAC/I2C_DMAC.h:52:33: error: &#39;PIO_SERCOM&#39; was not declared in this scope
         EPioType ulPeripheral = PIO_SERCOM);  
                                 ^
/home/ec2-user/arduino-testlib/cli-datadir/user/libraries/I2C_DMAC/examples/MPU6050_Temperature_V2/MPU6050_Temperature_V2.ino: In function &#39;void setup()&#39;:
/home/ec2-user/arduino-testlib/cli-datadir/user/libraries/I2C_DMAC/examples/MPU6050_Temperature_V2/MPU6050_Temperature_V2.ino:12:3: error: &#39;SerialUSB&#39; was not declared in this scope
   SerialUSB.begin(115200);        // Activate the native USB port
   ^
/home/ec2-user/arduino-testlib/cli-datadir/user/libraries/I2C_DMAC/examples/MPU6050_Temperature_V2/MPU6050_Temperature_V2.ino: In function &#39;void loop()&#39;:
/home/ec2-user/arduino-testlib/cli-datadir/user/libraries/I2C_DMAC/examples/MPU6050_Temperature_V2/MPU6050_Temperature_V2.ino:20:3: error: &#39;I2C&#39; was not declared in this scope
   I2C.write();                                // DMAC write to set MPU6050 register pointer to start of the data
   ^
/home/ec2-user/arduino-testlib/cli-datadir/user/libraries/I2C_DMAC/examples/MPU6050_Temperature_V2/MPU6050_Temperature_V2.ino:26:3: error: &#39;SerialUSB&#39; was not declared in this scope
   SerialUSB.println((float)((int16_t)((data[0] &lt;&lt; 8) | data[1])) / 340.0f &#43; 36.53f);     // Acquire raw gyro values
   ^
/home/ec2-user/arduino-testlib/cli-datadir/user/libraries/I2C_DMAC/examples/MPU6050_Temperature_V2/MPU6050_Temperature_V2.ino: In function &#39;void initMPU6050()&#39;:
/home/ec2-user/arduino-testlib/cli-datadir/user/libraries/I2C_DMAC/examples/MPU6050_Temperature_V2/MPU6050_Temperature_V2.ino:37:3: error: &#39;I2C&#39; was not declared in this scope
   I2C.begin(400000);                                        // Start I2C bus at 400kHz
   ^

</pre>
					
					<h4>examples/MPU6050_WhoAmI_V1</h4>
					<p>
						Result: <b>FAIL</b>
					</p>
					<pre class="pre-scrollable">In file included from /home/ec2-user/arduino-testlib/cli-datadir/user/libraries/I2C_DMAC/examples/MPU6050_WhoAmI_V1/MPU6050_WhoAmI_V1.ino:1:0:
/home/ec2-user/arduino-testlib/cli-datadir/user/libraries/I2C_DMAC/I2C_DMAC.h:49:18: error: expected &#39;)&#39; before &#39;*&#39; token
   I2C_DMAC(SERCOM* s, uint8_t pinSDA, uint8_t pinSCL);   // Class constructor to initialise, SERCOM class, pins and member variables
                  ^
In file included from /home/ec2-user/arduino-testlib/cli-datadir/user/libraries/I2C_DMAC/examples/MPU6050_WhoAmI_V1/MPU6050_WhoAmI_V1.ino:1:0:
/home/ec2-user/arduino-testlib/cli-datadir/user/libraries/I2C_DMAC/I2C_DMAC.h:52:9: error: &#39;EPioType&#39; has not been declared
         EPioType ulPeripheral = PIO_SERCOM);  
         ^
/home/ec2-user/arduino-testlib/cli-datadir/user/libraries/I2C_DMAC/I2C_DMAC.h:75:28: error: &#39;voidFuncPtr&#39; has not been declared
   void attachWriteCallback(voidFuncPtr callback);      // Attach a DMAC write callback function
                            ^
/home/ec2-user/arduino-testlib/cli-datadir/user/libraries/I2C_DMAC/I2C_DMAC.h:76:27: error: &#39;voidFuncPtr&#39; has not been declared
   void attachReadCallback(voidFuncPtr callback);      // Attach a DMAC read callback function
                           ^
/home/ec2-user/arduino-testlib/cli-datadir/user/libraries/I2C_DMAC/I2C_DMAC.h:77:32: error: &#39;voidFuncPtr&#39; has not been declared
   void attachDmacErrorCallback(voidFuncPtr callback);    // Attach a DMAC error callback function
                                ^
/home/ec2-user/arduino-testlib/cli-datadir/user/libraries/I2C_DMAC/I2C_DMAC.h:78:34: error: &#39;voidFuncPtr&#39; has not been declared
   void attachSercomErrorCallback(voidFuncPtr callback);   // Attach a SERCOM error callback function
                                  ^
/home/ec2-user/arduino-testlib/cli-datadir/user/libraries/I2C_DMAC/I2C_DMAC.h:92:41: error: &#39;SERCOM_INST_NUM&#39; was not declared in this scope
   static volatile I2C_DMAC* i2cDmacPtrs[SERCOM_INST_NUM];  // Array of pointer to each instance (object) of this class
                                         ^
/home/ec2-user/arduino-testlib/cli-datadir/user/libraries/I2C_DMAC/I2C_DMAC.h:99:3: error: &#39;DmacDescriptor&#39; does not name a type
   DmacDescriptor linkedDescriptor __attribute__ ((aligned (16)));   // DMAC linked descriptor  
   ^
/home/ec2-user/arduino-testlib/cli-datadir/user/libraries/I2C_DMAC/I2C_DMAC.h:101:3: error: &#39;Sercom&#39; does not name a type
   Sercom* sercom;          // Pointer to the selected SERCOMx peripheral
   ^
/home/ec2-user/arduino-testlib/cli-datadir/user/libraries/I2C_DMAC/I2C_DMAC.h:115:3: error: &#39;IRQn_Type&#39; does not name a type
   IRQn_Type nvicId;         // The Nested Vector Interrupt (NVIC) interrupt type for the SERCOMx peripheral
   ^
/home/ec2-user/arduino-testlib/cli-datadir/user/libraries/I2C_DMAC/I2C_DMAC.h:52:33: error: &#39;PIO_SERCOM&#39; was not declared in this scope
         EPioType ulPeripheral = PIO_SERCOM);  
                                 ^
/home/ec2-user/arduino-testlib/cli-datadir/user/libraries/I2C_DMAC/examples/MPU6050_WhoAmI_V1/MPU6050_WhoAmI_V1.ino: In function &#39;void setup()&#39;:
/home/ec2-user/arduino-testlib/cli-datadir/user/libraries/I2C_DMAC/examples/MPU6050_WhoAmI_V1/MPU6050_WhoAmI_V1.ino:8:3: error: &#39;SerialUSB&#39; was not declared in this scope
   SerialUSB.begin(115200);                           // Activate the native USB port
   ^
/home/ec2-user/arduino-testlib/cli-datadir/user/libraries/I2C_DMAC/examples/MPU6050_WhoAmI_V1/MPU6050_WhoAmI_V1.ino:12:3: error: &#39;I2C&#39; was not declared in this scope
   I2C.begin(400000);                                 // Start I2C bus at 400kHz
   ^

</pre>
					
				
			</div>
		</div>
	</div>
  </body>
</html>
