
<!doctype html>
<html lang="en">
  <head>
    <meta charset="utf-8">
    <meta name="viewport" content="width=device-width, initial-scale=1">
    <link href="https://cdn.jsdelivr.net/npm/bootstrap@5.0.2/dist/css/bootstrap.min.css" rel="stylesheet" integrity="sha384-EVSTQN3/azprG1Anm3QDgpJLIm9Nao0Yz1ztcQTwFspd3yD65VohhpuuCOmLASjC" crossorigin="anonymous">
    <title>arduino-testlib report</title>
	<style>
	.pass { background-color: #00FF00 !important; }
	.fail { background-color: #FF0000 !important; }
	</style>
  </head>
  <body>
	<div class="container">
		<div class="row">
			<div class="col">
				<h1>iBotX - compatibility matrix</h1>
				<p>
					<small>This report was generated on Wednesday, 23-Feb-22 22:48:15 CET using 
					<a href="https://github.com/alranel/arduino-testlib">arduino-testlib</a>.</small>
				</p>

				<h2>iBotX</h2>
				<p>
					Version: <b>1.0</b>
					<br />
					<a href="https://www.arduino.cc/reference/en/libraries/ibotx/">More details</a>
				</p>

				<h2>Compatibility matrix</h2>
				<table class="table table-bordered">
					<tr>
						<th>Board</th>
						<th>Claims compatibility</th>
						<th>Inclusion</th>
						
						<th><pre>5_IR_sensor</pre></th>
						
						<th><pre>6_Motor</pre></th>
						
						<th><pre>7_Line_follower</pre></th>
						
						<th><pre>8_Ultrasonic</pre></th>
						
						<th><pre>9_Servo</pre></th>
						
						<th><pre>1_Laser</pre></th>
						
						<th><pre>2_Switch</pre></th>
						
						<th><pre>3_Switch_select</pre></th>
						
						<th><pre>4_Serial</pre></th>
						
					</tr>
					
					<tr>
						<td>
							<a href="#arduino%3aavr%3auno"><b>arduino:avr:uno</b></a>
							<br />
							<small>1.8.4</small>
						</td>

						
							<td>Yes</td>
							<td class="pass">PASS</td>
						
						
						
						

						
							
								
									
										
									
										
									
										
									
										
									
										
											<td class="pass">PASS</td>
											
										
									
										
									
										
									
										
									
										
									
								
							
								
							
								
							
								
							
								
							
						
							
								
									
										
									
										
									
										
									
										
									
										
									
										
											<td class="pass">PASS</td>
											
										
									
										
									
										
									
										
									
								
							
								
							
								
							
								
							
								
							
						
							
								
									
										
									
										
									
										
									
										
									
										
									
										
									
										
											<td class="pass">PASS</td>
											
										
									
										
									
										
									
								
							
								
							
								
							
								
							
								
							
						
							
								
									
										
									
										
									
										
									
										
									
										
									
										
									
										
									
										
											<td class="pass">PASS</td>
											
										
									
										
									
								
							
								
							
								
							
								
							
								
							
						
							
								
									
										
									
										
									
										
									
										
									
										
									
										
									
										
									
										
									
										
											<td class="pass">PASS</td>
											
										
									
								
							
								
							
								
							
								
							
								
							
						
							
								
									
										
											<td class="pass">PASS</td>
											
										
									
										
									
										
									
										
									
										
									
										
									
										
									
										
									
										
									
								
							
								
							
								
							
								
							
								
							
						
							
								
									
										
									
										
											<td class="pass">PASS</td>
											
										
									
										
									
										
									
										
									
										
									
										
									
										
									
										
									
								
							
								
							
								
							
								
							
								
							
						
							
								
									
										
									
										
									
										
											<td class="pass">PASS</td>
											
										
									
										
									
										
									
										
									
										
									
										
									
										
									
								
							
								
							
								
							
								
							
								
							
						
							
								
									
										
									
										
									
										
									
										
											<td class="pass">PASS</td>
											
										
									
										
									
										
									
										
									
										
									
										
									
								
							
								
							
								
							
								
							
								
							
						
					</tr>
					
					<tr>
						<td>
							<a href="#arduino%3ambed_nano%3ananorp2040connect"><b>arduino:mbed_nano:nanorp2040connect</b></a>
							<br />
							<small>2.7.2</small>
						</td>

						
						
						
						
							<td>No</td>
							<td class="fail">FAIL</td>
						

						
							
								
							
								
									
										
									
										
									
										
									
										
									
										
											
											<td class="fail">FAIL</td>
										
									
										
									
										
									
										
									
										
									
								
							
								
							
								
							
								
							
						
							
								
							
								
									
										
									
										
									
										
									
										
									
										
									
										
											
											<td class="fail">FAIL</td>
										
									
										
									
										
									
										
									
								
							
								
							
								
							
								
							
						
							
								
							
								
									
										
									
										
									
										
									
										
									
										
									
										
									
										
											
											<td class="fail">FAIL</td>
										
									
										
									
										
									
								
							
								
							
								
							
								
							
						
							
								
							
								
									
										
									
										
									
										
									
										
									
										
									
										
									
										
									
										
											
											<td class="fail">FAIL</td>
										
									
										
									
								
							
								
							
								
							
								
							
						
							
								
							
								
									
										
									
										
									
										
									
										
									
										
									
										
									
										
									
										
									
										
											
											<td class="fail">FAIL</td>
										
									
								
							
								
							
								
							
								
							
						
							
								
							
								
									
										
											
											<td class="fail">FAIL</td>
										
									
										
									
										
									
										
									
										
									
										
									
										
									
										
									
										
									
								
							
								
							
								
							
								
							
						
							
								
							
								
									
										
									
										
											
											<td class="fail">FAIL</td>
										
									
										
									
										
									
										
									
										
									
										
									
										
									
										
									
								
							
								
							
								
							
								
							
						
							
								
							
								
									
										
									
										
									
										
											
											<td class="fail">FAIL</td>
										
									
										
									
										
									
										
									
										
									
										
									
										
									
								
							
								
							
								
							
								
							
						
							
								
							
								
									
										
									
										
									
										
									
										
											
											<td class="fail">FAIL</td>
										
									
										
									
										
									
										
									
										
									
										
									
								
							
								
							
								
							
								
							
						
					</tr>
					
					<tr>
						<td>
							<a href="#arduino%3amegaavr%3anona4809"><b>arduino:megaavr:nona4809</b></a>
							<br />
							<small>1.8.7</small>
						</td>

						
						
						
						
							<td>No</td>
							<td class="fail">FAIL</td>
						

						
							
								
							
								
							
								
									
										
									
										
									
										
									
										
									
										
											
											<td class="fail">FAIL</td>
										
									
										
									
										
									
										
									
										
									
								
							
								
							
								
							
						
							
								
							
								
							
								
									
										
									
										
									
										
									
										
									
										
									
										
											
											<td class="fail">FAIL</td>
										
									
										
									
										
									
										
									
								
							
								
							
								
							
						
							
								
							
								
							
								
									
										
									
										
									
										
									
										
									
										
									
										
									
										
											
											<td class="fail">FAIL</td>
										
									
										
									
										
									
								
							
								
							
								
							
						
							
								
							
								
							
								
									
										
									
										
									
										
									
										
									
										
									
										
									
										
									
										
											
											<td class="fail">FAIL</td>
										
									
										
									
								
							
								
							
								
							
						
							
								
							
								
							
								
									
										
									
										
									
										
									
										
									
										
									
										
									
										
									
										
									
										
											
											<td class="fail">FAIL</td>
										
									
								
							
								
							
								
							
						
							
								
							
								
							
								
									
										
											
											<td class="fail">FAIL</td>
										
									
										
									
										
									
										
									
										
									
										
									
										
									
										
									
										
									
								
							
								
							
								
							
						
							
								
							
								
							
								
									
										
									
										
											
											<td class="fail">FAIL</td>
										
									
										
									
										
									
										
									
										
									
										
									
										
									
										
									
								
							
								
							
								
							
						
							
								
							
								
							
								
									
										
									
										
									
										
											
											<td class="fail">FAIL</td>
										
									
										
									
										
									
										
									
										
									
										
									
										
									
								
							
								
							
								
							
						
							
								
							
								
							
								
									
										
									
										
									
										
									
										
											
											<td class="fail">FAIL</td>
										
									
										
									
										
									
										
									
										
									
										
									
								
							
								
							
								
							
						
					</tr>
					
					<tr>
						<td>
							<a href="#arduino%3asamd%3amkrwifi1010"><b>arduino:samd:mkrwifi1010</b></a>
							<br />
							<small>1.8.12</small>
						</td>

						
						
						
						
							<td>No</td>
							<td class="fail">FAIL</td>
						

						
							
								
							
								
							
								
							
								
									
										
									
										
									
										
									
										
									
										
											
											<td class="fail">FAIL</td>
										
									
										
									
										
									
										
									
										
									
								
							
								
							
						
							
								
							
								
							
								
							
								
									
										
									
										
									
										
									
										
									
										
									
										
											
											<td class="fail">FAIL</td>
										
									
										
									
										
									
										
									
								
							
								
							
						
							
								
							
								
							
								
							
								
									
										
									
										
									
										
									
										
									
										
									
										
									
										
											
											<td class="fail">FAIL</td>
										
									
										
									
										
									
								
							
								
							
						
							
								
							
								
							
								
							
								
									
										
									
										
									
										
									
										
									
										
									
										
									
										
									
										
											
											<td class="fail">FAIL</td>
										
									
										
									
								
							
								
							
						
							
								
							
								
							
								
							
								
									
										
									
										
									
										
									
										
									
										
									
										
									
										
									
										
									
										
											
											<td class="fail">FAIL</td>
										
									
								
							
								
							
						
							
								
							
								
							
								
							
								
									
										
											
											<td class="fail">FAIL</td>
										
									
										
									
										
									
										
									
										
									
										
									
										
									
										
									
										
									
								
							
								
							
						
							
								
							
								
							
								
							
								
									
										
									
										
											
											<td class="fail">FAIL</td>
										
									
										
									
										
									
										
									
										
									
										
									
										
									
										
									
								
							
								
							
						
							
								
							
								
							
								
							
								
									
										
									
										
									
										
											
											<td class="fail">FAIL</td>
										
									
										
									
										
									
										
									
										
									
										
									
										
									
								
							
								
							
						
							
								
							
								
							
								
							
								
									
										
									
										
									
										
									
										
											
											<td class="fail">FAIL</td>
										
									
										
									
										
									
										
									
										
									
										
									
								
							
								
							
						
					</tr>
					
					<tr>
						<td>
							<a href="#esp32%3aesp32%3ad1_mini32"><b>esp32:esp32:d1_mini32</b></a>
							<br />
							<small>1.0.6</small>
						</td>

						
						
						
						
							<td>No</td>
							<td class="fail">FAIL</td>
						

						
							
								
							
								
							
								
							
								
							
								
									
										
									
										
									
										
									
										
									
										
											
											<td class="fail">FAIL</td>
										
									
										
									
										
									
										
									
										
									
								
							
						
							
								
							
								
							
								
							
								
							
								
									
										
									
										
									
										
									
										
									
										
									
										
											
											<td class="fail">FAIL</td>
										
									
										
									
										
									
										
									
								
							
						
							
								
							
								
							
								
							
								
							
								
									
										
									
										
									
										
									
										
									
										
									
										
									
										
											
											<td class="fail">FAIL</td>
										
									
										
									
										
									
								
							
						
							
								
							
								
							
								
							
								
							
								
									
										
									
										
									
										
									
										
									
										
									
										
									
										
									
										
											
											<td class="fail">FAIL</td>
										
									
										
									
								
							
						
							
								
							
								
							
								
							
								
							
								
									
										
									
										
									
										
									
										
									
										
									
										
									
										
									
										
									
										
											
											<td class="fail">FAIL</td>
										
									
								
							
						
							
								
							
								
							
								
							
								
							
								
									
										
											
											<td class="fail">FAIL</td>
										
									
										
									
										
									
										
									
										
									
										
									
										
									
										
									
										
									
								
							
						
							
								
							
								
							
								
							
								
							
								
									
										
									
										
											
											<td class="fail">FAIL</td>
										
									
										
									
										
									
										
									
										
									
										
									
										
									
										
									
								
							
						
							
								
							
								
							
								
							
								
							
								
									
										
									
										
									
										
											
											<td class="fail">FAIL</td>
										
									
										
									
										
									
										
									
										
									
										
									
										
									
								
							
						
							
								
							
								
							
								
							
								
							
								
									
										
									
										
									
										
									
										
											
											<td class="fail">FAIL</td>
										
									
										
									
										
									
										
									
										
									
										
									
								
							
						
					</tr>
					
				</table>

				<h2>Compilation logs</h2>
				
				<h3 id="arduino:avr:uno">arduino:avr:uno @ 1.8.4</h3>
				<h4>Inclusion</h4>
				<p>
					Result: <b>PASS</b>
					
				</p>
				<pre class="pre-scrollable">Sketch uses 1390 bytes (4%) of program storage space. Maximum is 32256 bytes.
Global variables use 50 bytes (2%) of dynamic memory, leaving 1998 bytes for local variables. Maximum is 2048 bytes.
</pre>

					
					<h4>examples/1_Laser</h4>
					<p>
						Result: <b>PASS</b>
					</p>
					<pre class="pre-scrollable">Sketch uses 2102 bytes (6%) of program storage space. Maximum is 32256 bytes.
Global variables use 50 bytes (2%) of dynamic memory, leaving 1998 bytes for local variables. Maximum is 2048 bytes.
</pre>
					
					<h4>examples/2_Switch</h4>
					<p>
						Result: <b>PASS</b>
					</p>
					<pre class="pre-scrollable">Sketch uses 2188 bytes (6%) of program storage space. Maximum is 32256 bytes.
Global variables use 50 bytes (2%) of dynamic memory, leaving 1998 bytes for local variables. Maximum is 2048 bytes.
</pre>
					
					<h4>examples/3_Switch_select</h4>
					<p>
						Result: <b>PASS</b>
					</p>
					<pre class="pre-scrollable">Sketch uses 2376 bytes (7%) of program storage space. Maximum is 32256 bytes.
Global variables use 52 bytes (2%) of dynamic memory, leaving 1996 bytes for local variables. Maximum is 2048 bytes.
</pre>
					
					<h4>examples/4_Serial</h4>
					<p>
						Result: <b>PASS</b>
					</p>
					<pre class="pre-scrollable">Sketch uses 3614 bytes (11%) of program storage space. Maximum is 32256 bytes.
Global variables use 287 bytes (14%) of dynamic memory, leaving 1761 bytes for local variables. Maximum is 2048 bytes.
</pre>
					
					<h4>examples/5_IR_sensor</h4>
					<p>
						Result: <b>PASS</b>
					</p>
					<pre class="pre-scrollable">Sketch uses 3572 bytes (11%) of program storage space. Maximum is 32256 bytes.
Global variables use 231 bytes (11%) of dynamic memory, leaving 1817 bytes for local variables. Maximum is 2048 bytes.
</pre>
					
					<h4>examples/6_Motor</h4>
					<p>
						Result: <b>PASS</b>
					</p>
					<pre class="pre-scrollable">Sketch uses 2482 bytes (7%) of program storage space. Maximum is 32256 bytes.
Global variables use 50 bytes (2%) of dynamic memory, leaving 1998 bytes for local variables. Maximum is 2048 bytes.
</pre>
					
					<h4>examples/7_Line_follower</h4>
					<p>
						Result: <b>PASS</b>
					</p>
					<pre class="pre-scrollable">Sketch uses 2352 bytes (7%) of program storage space. Maximum is 32256 bytes.
Global variables use 52 bytes (2%) of dynamic memory, leaving 1996 bytes for local variables. Maximum is 2048 bytes.
</pre>
					
					<h4>examples/8_Ultrasonic</h4>
					<p>
						Result: <b>PASS</b>
					</p>
					<pre class="pre-scrollable">Sketch uses 4382 bytes (13%) of program storage space. Maximum is 32256 bytes.
Global variables use 247 bytes (12%) of dynamic memory, leaving 1801 bytes for local variables. Maximum is 2048 bytes.
</pre>
					
					<h4>examples/9_Servo</h4>
					<p>
						Result: <b>PASS</b>
					</p>
					<pre class="pre-scrollable">Sketch uses 5030 bytes (15%) of program storage space. Maximum is 32256 bytes.
Global variables use 247 bytes (12%) of dynamic memory, leaving 1801 bytes for local variables. Maximum is 2048 bytes.
</pre>
					
				
				<h3 id="arduino:mbed_nano:nanorp2040connect">arduino:mbed_nano:nanorp2040connect @ 2.7.2</h3>
				<h4>Inclusion</h4>
				<p>
					Result: <b>FAIL</b>
					
				</p>
				<pre class="pre-scrollable">WARNING: library iBotX claims to run on avr architecture(s) and may be incompatible with your current board which runs on mbed_nano architecture(s).
In file included from /tmp/arduino-testlib1022429920/test/test.ino:1:0:
/home/ec2-user/arduino-testlib/cli-datadir/user/libraries/iBotX/src/iBotX.h: In function &#39;void iBotX()&#39;:
/home/ec2-user/arduino-testlib/cli-datadir/user/libraries/iBotX/src/iBotX.h:64:3: error: &#39;TCCR2A&#39; was not declared in this scope
   TCCR2A |= 0b00000011;
   ^~~~~~
/home/ec2-user/arduino-testlib/cli-datadir/user/libraries/iBotX/src/iBotX.h:65:3: error: &#39;TCCR2B&#39; was not declared in this scope
   TCCR2B |= 0b00000100;
   ^~~~~~
/home/ec2-user/arduino-testlib/cli-datadir/user/libraries/iBotX/src/iBotX.h:66:3: error: &#39;TIMSK2&#39; was not declared in this scope
   TIMSK2 |= 0b00000011;
   ^~~~~~
/home/ec2-user/arduino-testlib/cli-datadir/user/libraries/iBotX/src/iBotX.h:66:3: note: suggested alternative: &#39;TIMER&#39;
   TIMSK2 |= 0b00000011;
   ^~~~~~
   TIMER
/home/ec2-user/arduino-testlib/cli-datadir/user/libraries/iBotX/src/iBotX.h:67:3: error: &#39;OCR2A&#39; was not declared in this scope
   OCR2A = 0;
   ^~~~~
/home/ec2-user/arduino-testlib/cli-datadir/user/libraries/iBotX/src/iBotX.h:71:3: error: &#39;OCR2B&#39; was not declared in this scope
   OCR2B = 0;
   ^~~~~
/home/ec2-user/arduino-testlib/cli-datadir/user/libraries/iBotX/src/iBotX.h: In function &#39;void motor(int, int)&#39;:
/home/ec2-user/arduino-testlib/cli-datadir/user/libraries/iBotX/src/iBotX.h:213:3: error: &#39;OCR2A&#39; was not declared in this scope
   OCR2A = spd_l;
   ^~~~~
/home/ec2-user/arduino-testlib/cli-datadir/user/libraries/iBotX/src/iBotX.h:214:3: error: &#39;OCR2B&#39; was not declared in this scope
   OCR2B = spd_r;
   ^~~~~
/home/ec2-user/arduino-testlib/cli-datadir/user/libraries/iBotX/src/iBotX.h: At global scope:
/home/ec2-user/arduino-testlib/cli-datadir/user/libraries/iBotX/src/iBotX.h:278:4: error: expected constructor, destructor, or type conversion before &#39;(&#39; token
 ISR(TIMER2_COMPA_vect)
    ^
/home/ec2-user/arduino-testlib/cli-datadir/user/libraries/iBotX/src/iBotX.h:283:4: error: expected constructor, destructor, or type conversion before &#39;(&#39; token
 ISR(TIMER2_COMPB_vect)
    ^
/home/ec2-user/arduino-testlib/cli-datadir/user/libraries/iBotX/src/iBotX.h:288:4: error: expected constructor, destructor, or type conversion before &#39;(&#39; token
 ISR(TIMER2_OVF_vect)
    ^
Multiple libraries were found for &#34;Servo.h&#34;
  Used: /home/ec2-user/arduino-testlib/cli-datadir/user/libraries/Servo
  Not used: /home/ec2-user/arduino-testlib/cli-datadir/user/libraries/Printoo_Library
  Not used: /home/ec2-user/arduino-testlib/cli-datadir/user/libraries/XMC_Servo
  Not used: /home/ec2-user/arduino-testlib/cli-datadir/user/libraries/ServoESP32
  Not used: /home/ec2-user/arduino-testlib/cli-datadir/user/libraries/RokitSmart
  Not used: /home/ec2-user/arduino-testlib/cli-datadir/user/libraries/evive
</pre>

					
					<h4>examples/1_Laser</h4>
					<p>
						Result: <b>FAIL</b>
					</p>
					<pre class="pre-scrollable">WARNING: library iBotX claims to run on avr architecture(s) and may be incompatible with your current board which runs on mbed_nano architecture(s).
In file included from /home/ec2-user/arduino-testlib/cli-datadir/user/libraries/iBotX/examples/1_Laser/1_Laser.ino:1:0:
/home/ec2-user/arduino-testlib/cli-datadir/user/libraries/iBotX/src/iBotX.h: In function &#39;void iBotX()&#39;:
/home/ec2-user/arduino-testlib/cli-datadir/user/libraries/iBotX/src/iBotX.h:64:3: error: &#39;TCCR2A&#39; was not declared in this scope
   TCCR2A |= 0b00000011;
   ^~~~~~
/home/ec2-user/arduino-testlib/cli-datadir/user/libraries/iBotX/src/iBotX.h:65:3: error: &#39;TCCR2B&#39; was not declared in this scope
   TCCR2B |= 0b00000100;
   ^~~~~~
/home/ec2-user/arduino-testlib/cli-datadir/user/libraries/iBotX/src/iBotX.h:66:3: error: &#39;TIMSK2&#39; was not declared in this scope
   TIMSK2 |= 0b00000011;
   ^~~~~~
/home/ec2-user/arduino-testlib/cli-datadir/user/libraries/iBotX/src/iBotX.h:66:3: note: suggested alternative: &#39;TIMER&#39;
   TIMSK2 |= 0b00000011;
   ^~~~~~
   TIMER
/home/ec2-user/arduino-testlib/cli-datadir/user/libraries/iBotX/src/iBotX.h:67:3: error: &#39;OCR2A&#39; was not declared in this scope
   OCR2A = 0;
   ^~~~~
/home/ec2-user/arduino-testlib/cli-datadir/user/libraries/iBotX/src/iBotX.h:71:3: error: &#39;OCR2B&#39; was not declared in this scope
   OCR2B = 0;
   ^~~~~
/home/ec2-user/arduino-testlib/cli-datadir/user/libraries/iBotX/src/iBotX.h: In function &#39;void motor(int, int)&#39;:
/home/ec2-user/arduino-testlib/cli-datadir/user/libraries/iBotX/src/iBotX.h:213:3: error: &#39;OCR2A&#39; was not declared in this scope
   OCR2A = spd_l;
   ^~~~~
/home/ec2-user/arduino-testlib/cli-datadir/user/libraries/iBotX/src/iBotX.h:214:3: error: &#39;OCR2B&#39; was not declared in this scope
   OCR2B = spd_r;
   ^~~~~
/home/ec2-user/arduino-testlib/cli-datadir/user/libraries/iBotX/src/iBotX.h: At global scope:
/home/ec2-user/arduino-testlib/cli-datadir/user/libraries/iBotX/src/iBotX.h:278:4: error: expected constructor, destructor, or type conversion before &#39;(&#39; token
 ISR(TIMER2_COMPA_vect)
    ^
/home/ec2-user/arduino-testlib/cli-datadir/user/libraries/iBotX/src/iBotX.h:283:4: error: expected constructor, destructor, or type conversion before &#39;(&#39; token
 ISR(TIMER2_COMPB_vect)
    ^
/home/ec2-user/arduino-testlib/cli-datadir/user/libraries/iBotX/src/iBotX.h:288:4: error: expected constructor, destructor, or type conversion before &#39;(&#39; token
 ISR(TIMER2_OVF_vect)
    ^
Multiple libraries were found for &#34;Servo.h&#34;
  Used: /home/ec2-user/arduino-testlib/cli-datadir/user/libraries/Servo
  Not used: /home/ec2-user/arduino-testlib/cli-datadir/user/libraries/Printoo_Library
  Not used: /home/ec2-user/arduino-testlib/cli-datadir/user/libraries/XMC_Servo
  Not used: /home/ec2-user/arduino-testlib/cli-datadir/user/libraries/RokitSmart
  Not used: /home/ec2-user/arduino-testlib/cli-datadir/user/libraries/evive
  Not used: /home/ec2-user/arduino-testlib/cli-datadir/user/libraries/ServoESP32
</pre>
					
					<h4>examples/2_Switch</h4>
					<p>
						Result: <b>FAIL</b>
					</p>
					<pre class="pre-scrollable">WARNING: library iBotX claims to run on avr architecture(s) and may be incompatible with your current board which runs on mbed_nano architecture(s).
In file included from /home/ec2-user/arduino-testlib/cli-datadir/user/libraries/iBotX/examples/2_Switch/2_Switch.ino:1:0:
/home/ec2-user/arduino-testlib/cli-datadir/user/libraries/iBotX/src/iBotX.h: In function &#39;void iBotX()&#39;:
/home/ec2-user/arduino-testlib/cli-datadir/user/libraries/iBotX/src/iBotX.h:64:3: error: &#39;TCCR2A&#39; was not declared in this scope
   TCCR2A |= 0b00000011;
   ^~~~~~
/home/ec2-user/arduino-testlib/cli-datadir/user/libraries/iBotX/src/iBotX.h:65:3: error: &#39;TCCR2B&#39; was not declared in this scope
   TCCR2B |= 0b00000100;
   ^~~~~~
/home/ec2-user/arduino-testlib/cli-datadir/user/libraries/iBotX/src/iBotX.h:66:3: error: &#39;TIMSK2&#39; was not declared in this scope
   TIMSK2 |= 0b00000011;
   ^~~~~~
/home/ec2-user/arduino-testlib/cli-datadir/user/libraries/iBotX/src/iBotX.h:66:3: note: suggested alternative: &#39;TIMER&#39;
   TIMSK2 |= 0b00000011;
   ^~~~~~
   TIMER
/home/ec2-user/arduino-testlib/cli-datadir/user/libraries/iBotX/src/iBotX.h:67:3: error: &#39;OCR2A&#39; was not declared in this scope
   OCR2A = 0;
   ^~~~~
/home/ec2-user/arduino-testlib/cli-datadir/user/libraries/iBotX/src/iBotX.h:71:3: error: &#39;OCR2B&#39; was not declared in this scope
   OCR2B = 0;
   ^~~~~
/home/ec2-user/arduino-testlib/cli-datadir/user/libraries/iBotX/src/iBotX.h: In function &#39;void motor(int, int)&#39;:
/home/ec2-user/arduino-testlib/cli-datadir/user/libraries/iBotX/src/iBotX.h:213:3: error: &#39;OCR2A&#39; was not declared in this scope
   OCR2A = spd_l;
   ^~~~~
/home/ec2-user/arduino-testlib/cli-datadir/user/libraries/iBotX/src/iBotX.h:214:3: error: &#39;OCR2B&#39; was not declared in this scope
   OCR2B = spd_r;
   ^~~~~
/home/ec2-user/arduino-testlib/cli-datadir/user/libraries/iBotX/src/iBotX.h: At global scope:
/home/ec2-user/arduino-testlib/cli-datadir/user/libraries/iBotX/src/iBotX.h:278:4: error: expected constructor, destructor, or type conversion before &#39;(&#39; token
 ISR(TIMER2_COMPA_vect)
    ^
/home/ec2-user/arduino-testlib/cli-datadir/user/libraries/iBotX/src/iBotX.h:283:4: error: expected constructor, destructor, or type conversion before &#39;(&#39; token
 ISR(TIMER2_COMPB_vect)
    ^
/home/ec2-user/arduino-testlib/cli-datadir/user/libraries/iBotX/src/iBotX.h:288:4: error: expected constructor, destructor, or type conversion before &#39;(&#39; token
 ISR(TIMER2_OVF_vect)
    ^
Multiple libraries were found for &#34;Servo.h&#34;
  Used: /home/ec2-user/arduino-testlib/cli-datadir/user/libraries/Servo
  Not used: /home/ec2-user/arduino-testlib/cli-datadir/user/libraries/RokitSmart
  Not used: /home/ec2-user/arduino-testlib/cli-datadir/user/libraries/ServoESP32
  Not used: /home/ec2-user/arduino-testlib/cli-datadir/user/libraries/Printoo_Library
  Not used: /home/ec2-user/arduino-testlib/cli-datadir/user/libraries/XMC_Servo
  Not used: /home/ec2-user/arduino-testlib/cli-datadir/user/libraries/evive
</pre>
					
					<h4>examples/3_Switch_select</h4>
					<p>
						Result: <b>FAIL</b>
					</p>
					<pre class="pre-scrollable">WARNING: library iBotX claims to run on avr architecture(s) and may be incompatible with your current board which runs on mbed_nano architecture(s).
In file included from /home/ec2-user/arduino-testlib/cli-datadir/user/libraries/iBotX/examples/3_Switch_select/3_Switch_select.ino:1:0:
/home/ec2-user/arduino-testlib/cli-datadir/user/libraries/iBotX/src/iBotX.h: In function &#39;void iBotX()&#39;:
/home/ec2-user/arduino-testlib/cli-datadir/user/libraries/iBotX/src/iBotX.h:64:3: error: &#39;TCCR2A&#39; was not declared in this scope
   TCCR2A |= 0b00000011;
   ^~~~~~
/home/ec2-user/arduino-testlib/cli-datadir/user/libraries/iBotX/src/iBotX.h:65:3: error: &#39;TCCR2B&#39; was not declared in this scope
   TCCR2B |= 0b00000100;
   ^~~~~~
/home/ec2-user/arduino-testlib/cli-datadir/user/libraries/iBotX/src/iBotX.h:66:3: error: &#39;TIMSK2&#39; was not declared in this scope
   TIMSK2 |= 0b00000011;
   ^~~~~~
/home/ec2-user/arduino-testlib/cli-datadir/user/libraries/iBotX/src/iBotX.h:66:3: note: suggested alternative: &#39;TIMER&#39;
   TIMSK2 |= 0b00000011;
   ^~~~~~
   TIMER
/home/ec2-user/arduino-testlib/cli-datadir/user/libraries/iBotX/src/iBotX.h:67:3: error: &#39;OCR2A&#39; was not declared in this scope
   OCR2A = 0;
   ^~~~~
/home/ec2-user/arduino-testlib/cli-datadir/user/libraries/iBotX/src/iBotX.h:71:3: error: &#39;OCR2B&#39; was not declared in this scope
   OCR2B = 0;
   ^~~~~
/home/ec2-user/arduino-testlib/cli-datadir/user/libraries/iBotX/src/iBotX.h: In function &#39;void motor(int, int)&#39;:
/home/ec2-user/arduino-testlib/cli-datadir/user/libraries/iBotX/src/iBotX.h:213:3: error: &#39;OCR2A&#39; was not declared in this scope
   OCR2A = spd_l;
   ^~~~~
/home/ec2-user/arduino-testlib/cli-datadir/user/libraries/iBotX/src/iBotX.h:214:3: error: &#39;OCR2B&#39; was not declared in this scope
   OCR2B = spd_r;
   ^~~~~
/home/ec2-user/arduino-testlib/cli-datadir/user/libraries/iBotX/src/iBotX.h: At global scope:
/home/ec2-user/arduino-testlib/cli-datadir/user/libraries/iBotX/src/iBotX.h:278:4: error: expected constructor, destructor, or type conversion before &#39;(&#39; token
 ISR(TIMER2_COMPA_vect)
    ^
/home/ec2-user/arduino-testlib/cli-datadir/user/libraries/iBotX/src/iBotX.h:283:4: error: expected constructor, destructor, or type conversion before &#39;(&#39; token
 ISR(TIMER2_COMPB_vect)
    ^
/home/ec2-user/arduino-testlib/cli-datadir/user/libraries/iBotX/src/iBotX.h:288:4: error: expected constructor, destructor, or type conversion before &#39;(&#39; token
 ISR(TIMER2_OVF_vect)
    ^
Multiple libraries were found for &#34;Servo.h&#34;
  Used: /home/ec2-user/arduino-testlib/cli-datadir/user/libraries/Servo
  Not used: /home/ec2-user/arduino-testlib/cli-datadir/user/libraries/evive
  Not used: /home/ec2-user/arduino-testlib/cli-datadir/user/libraries/RokitSmart
  Not used: /home/ec2-user/arduino-testlib/cli-datadir/user/libraries/XMC_Servo
  Not used: /home/ec2-user/arduino-testlib/cli-datadir/user/libraries/ServoESP32
  Not used: /home/ec2-user/arduino-testlib/cli-datadir/user/libraries/Printoo_Library
</pre>
					
					<h4>examples/4_Serial</h4>
					<p>
						Result: <b>FAIL</b>
					</p>
					<pre class="pre-scrollable">WARNING: library iBotX claims to run on avr architecture(s) and may be incompatible with your current board which runs on mbed_nano architecture(s).
In file included from /home/ec2-user/arduino-testlib/cli-datadir/user/libraries/iBotX/examples/4_Serial/4_Serial.ino:1:0:
/home/ec2-user/arduino-testlib/cli-datadir/user/libraries/iBotX/src/iBotX.h: In function &#39;void iBotX()&#39;:
/home/ec2-user/arduino-testlib/cli-datadir/user/libraries/iBotX/src/iBotX.h:64:3: error: &#39;TCCR2A&#39; was not declared in this scope
   TCCR2A |= 0b00000011;
   ^~~~~~
/home/ec2-user/arduino-testlib/cli-datadir/user/libraries/iBotX/src/iBotX.h:65:3: error: &#39;TCCR2B&#39; was not declared in this scope
   TCCR2B |= 0b00000100;
   ^~~~~~
/home/ec2-user/arduino-testlib/cli-datadir/user/libraries/iBotX/src/iBotX.h:66:3: error: &#39;TIMSK2&#39; was not declared in this scope
   TIMSK2 |= 0b00000011;
   ^~~~~~
/home/ec2-user/arduino-testlib/cli-datadir/user/libraries/iBotX/src/iBotX.h:66:3: note: suggested alternative: &#39;TIMER&#39;
   TIMSK2 |= 0b00000011;
   ^~~~~~
   TIMER
/home/ec2-user/arduino-testlib/cli-datadir/user/libraries/iBotX/src/iBotX.h:67:3: error: &#39;OCR2A&#39; was not declared in this scope
   OCR2A = 0;
   ^~~~~
/home/ec2-user/arduino-testlib/cli-datadir/user/libraries/iBotX/src/iBotX.h:71:3: error: &#39;OCR2B&#39; was not declared in this scope
   OCR2B = 0;
   ^~~~~
/home/ec2-user/arduino-testlib/cli-datadir/user/libraries/iBotX/src/iBotX.h: In function &#39;void motor(int, int)&#39;:
/home/ec2-user/arduino-testlib/cli-datadir/user/libraries/iBotX/src/iBotX.h:213:3: error: &#39;OCR2A&#39; was not declared in this scope
   OCR2A = spd_l;
   ^~~~~
/home/ec2-user/arduino-testlib/cli-datadir/user/libraries/iBotX/src/iBotX.h:214:3: error: &#39;OCR2B&#39; was not declared in this scope
   OCR2B = spd_r;
   ^~~~~
/home/ec2-user/arduino-testlib/cli-datadir/user/libraries/iBotX/src/iBotX.h: At global scope:
/home/ec2-user/arduino-testlib/cli-datadir/user/libraries/iBotX/src/iBotX.h:278:4: error: expected constructor, destructor, or type conversion before &#39;(&#39; token
 ISR(TIMER2_COMPA_vect)
    ^
/home/ec2-user/arduino-testlib/cli-datadir/user/libraries/iBotX/src/iBotX.h:283:4: error: expected constructor, destructor, or type conversion before &#39;(&#39; token
 ISR(TIMER2_COMPB_vect)
    ^
/home/ec2-user/arduino-testlib/cli-datadir/user/libraries/iBotX/src/iBotX.h:288:4: error: expected constructor, destructor, or type conversion before &#39;(&#39; token
 ISR(TIMER2_OVF_vect)
    ^
Multiple libraries were found for &#34;Servo.h&#34;
  Used: /home/ec2-user/arduino-testlib/cli-datadir/user/libraries/Servo
  Not used: /home/ec2-user/arduino-testlib/cli-datadir/user/libraries/XMC_Servo
  Not used: /home/ec2-user/arduino-testlib/cli-datadir/user/libraries/Printoo_Library
  Not used: /home/ec2-user/arduino-testlib/cli-datadir/user/libraries/evive
  Not used: /home/ec2-user/arduino-testlib/cli-datadir/user/libraries/RokitSmart
  Not used: /home/ec2-user/arduino-testlib/cli-datadir/user/libraries/ServoESP32
</pre>
					
					<h4>examples/5_IR_sensor</h4>
					<p>
						Result: <b>FAIL</b>
					</p>
					<pre class="pre-scrollable">WARNING: library iBotX claims to run on avr architecture(s) and may be incompatible with your current board which runs on mbed_nano architecture(s).
In file included from /home/ec2-user/arduino-testlib/cli-datadir/user/libraries/iBotX/examples/5_IR_sensor/5_IR_sensor.ino:1:0:
/home/ec2-user/arduino-testlib/cli-datadir/user/libraries/iBotX/src/iBotX.h: In function &#39;void iBotX()&#39;:
/home/ec2-user/arduino-testlib/cli-datadir/user/libraries/iBotX/src/iBotX.h:64:3: error: &#39;TCCR2A&#39; was not declared in this scope
   TCCR2A |= 0b00000011;
   ^~~~~~
/home/ec2-user/arduino-testlib/cli-datadir/user/libraries/iBotX/src/iBotX.h:65:3: error: &#39;TCCR2B&#39; was not declared in this scope
   TCCR2B |= 0b00000100;
   ^~~~~~
/home/ec2-user/arduino-testlib/cli-datadir/user/libraries/iBotX/src/iBotX.h:66:3: error: &#39;TIMSK2&#39; was not declared in this scope
   TIMSK2 |= 0b00000011;
   ^~~~~~
/home/ec2-user/arduino-testlib/cli-datadir/user/libraries/iBotX/src/iBotX.h:66:3: note: suggested alternative: &#39;TIMER&#39;
   TIMSK2 |= 0b00000011;
   ^~~~~~
   TIMER
/home/ec2-user/arduino-testlib/cli-datadir/user/libraries/iBotX/src/iBotX.h:67:3: error: &#39;OCR2A&#39; was not declared in this scope
   OCR2A = 0;
   ^~~~~
/home/ec2-user/arduino-testlib/cli-datadir/user/libraries/iBotX/src/iBotX.h:71:3: error: &#39;OCR2B&#39; was not declared in this scope
   OCR2B = 0;
   ^~~~~
/home/ec2-user/arduino-testlib/cli-datadir/user/libraries/iBotX/src/iBotX.h: In function &#39;void motor(int, int)&#39;:
/home/ec2-user/arduino-testlib/cli-datadir/user/libraries/iBotX/src/iBotX.h:213:3: error: &#39;OCR2A&#39; was not declared in this scope
   OCR2A = spd_l;
   ^~~~~
/home/ec2-user/arduino-testlib/cli-datadir/user/libraries/iBotX/src/iBotX.h:214:3: error: &#39;OCR2B&#39; was not declared in this scope
   OCR2B = spd_r;
   ^~~~~
/home/ec2-user/arduino-testlib/cli-datadir/user/libraries/iBotX/src/iBotX.h: At global scope:
/home/ec2-user/arduino-testlib/cli-datadir/user/libraries/iBotX/src/iBotX.h:278:4: error: expected constructor, destructor, or type conversion before &#39;(&#39; token
 ISR(TIMER2_COMPA_vect)
    ^
/home/ec2-user/arduino-testlib/cli-datadir/user/libraries/iBotX/src/iBotX.h:283:4: error: expected constructor, destructor, or type conversion before &#39;(&#39; token
 ISR(TIMER2_COMPB_vect)
    ^
/home/ec2-user/arduino-testlib/cli-datadir/user/libraries/iBotX/src/iBotX.h:288:4: error: expected constructor, destructor, or type conversion before &#39;(&#39; token
 ISR(TIMER2_OVF_vect)
    ^
Multiple libraries were found for &#34;Servo.h&#34;
  Used: /home/ec2-user/arduino-testlib/cli-datadir/user/libraries/Servo
  Not used: /home/ec2-user/arduino-testlib/cli-datadir/user/libraries/evive
  Not used: /home/ec2-user/arduino-testlib/cli-datadir/user/libraries/Printoo_Library
  Not used: /home/ec2-user/arduino-testlib/cli-datadir/user/libraries/RokitSmart
  Not used: /home/ec2-user/arduino-testlib/cli-datadir/user/libraries/XMC_Servo
  Not used: /home/ec2-user/arduino-testlib/cli-datadir/user/libraries/ServoESP32
</pre>
					
					<h4>examples/6_Motor</h4>
					<p>
						Result: <b>FAIL</b>
					</p>
					<pre class="pre-scrollable">WARNING: library iBotX claims to run on avr architecture(s) and may be incompatible with your current board which runs on mbed_nano architecture(s).
In file included from /home/ec2-user/arduino-testlib/cli-datadir/user/libraries/iBotX/examples/6_Motor/6_Motor.ino:1:0:
/home/ec2-user/arduino-testlib/cli-datadir/user/libraries/iBotX/src/iBotX.h: In function &#39;void iBotX()&#39;:
/home/ec2-user/arduino-testlib/cli-datadir/user/libraries/iBotX/src/iBotX.h:64:3: error: &#39;TCCR2A&#39; was not declared in this scope
   TCCR2A |= 0b00000011;
   ^~~~~~
/home/ec2-user/arduino-testlib/cli-datadir/user/libraries/iBotX/src/iBotX.h:65:3: error: &#39;TCCR2B&#39; was not declared in this scope
   TCCR2B |= 0b00000100;
   ^~~~~~
/home/ec2-user/arduino-testlib/cli-datadir/user/libraries/iBotX/src/iBotX.h:66:3: error: &#39;TIMSK2&#39; was not declared in this scope
   TIMSK2 |= 0b00000011;
   ^~~~~~
/home/ec2-user/arduino-testlib/cli-datadir/user/libraries/iBotX/src/iBotX.h:66:3: note: suggested alternative: &#39;TIMER&#39;
   TIMSK2 |= 0b00000011;
   ^~~~~~
   TIMER
/home/ec2-user/arduino-testlib/cli-datadir/user/libraries/iBotX/src/iBotX.h:67:3: error: &#39;OCR2A&#39; was not declared in this scope
   OCR2A = 0;
   ^~~~~
/home/ec2-user/arduino-testlib/cli-datadir/user/libraries/iBotX/src/iBotX.h:71:3: error: &#39;OCR2B&#39; was not declared in this scope
   OCR2B = 0;
   ^~~~~
/home/ec2-user/arduino-testlib/cli-datadir/user/libraries/iBotX/src/iBotX.h: In function &#39;void motor(int, int)&#39;:
/home/ec2-user/arduino-testlib/cli-datadir/user/libraries/iBotX/src/iBotX.h:213:3: error: &#39;OCR2A&#39; was not declared in this scope
   OCR2A = spd_l;
   ^~~~~
/home/ec2-user/arduino-testlib/cli-datadir/user/libraries/iBotX/src/iBotX.h:214:3: error: &#39;OCR2B&#39; was not declared in this scope
   OCR2B = spd_r;
   ^~~~~
/home/ec2-user/arduino-testlib/cli-datadir/user/libraries/iBotX/src/iBotX.h: At global scope:
/home/ec2-user/arduino-testlib/cli-datadir/user/libraries/iBotX/src/iBotX.h:278:4: error: expected constructor, destructor, or type conversion before &#39;(&#39; token
 ISR(TIMER2_COMPA_vect)
    ^
/home/ec2-user/arduino-testlib/cli-datadir/user/libraries/iBotX/src/iBotX.h:283:4: error: expected constructor, destructor, or type conversion before &#39;(&#39; token
 ISR(TIMER2_COMPB_vect)
    ^
/home/ec2-user/arduino-testlib/cli-datadir/user/libraries/iBotX/src/iBotX.h:288:4: error: expected constructor, destructor, or type conversion before &#39;(&#39; token
 ISR(TIMER2_OVF_vect)
    ^
Multiple libraries were found for &#34;Servo.h&#34;
  Used: /home/ec2-user/arduino-testlib/cli-datadir/user/libraries/Servo
  Not used: /home/ec2-user/arduino-testlib/cli-datadir/user/libraries/ServoESP32
  Not used: /home/ec2-user/arduino-testlib/cli-datadir/user/libraries/RokitSmart
  Not used: /home/ec2-user/arduino-testlib/cli-datadir/user/libraries/XMC_Servo
  Not used: /home/ec2-user/arduino-testlib/cli-datadir/user/libraries/Printoo_Library
  Not used: /home/ec2-user/arduino-testlib/cli-datadir/user/libraries/evive
</pre>
					
					<h4>examples/7_Line_follower</h4>
					<p>
						Result: <b>FAIL</b>
					</p>
					<pre class="pre-scrollable">WARNING: library iBotX claims to run on avr architecture(s) and may be incompatible with your current board which runs on mbed_nano architecture(s).
In file included from /home/ec2-user/arduino-testlib/cli-datadir/user/libraries/iBotX/examples/7_Line_follower/7_Line_follower.ino:1:0:
/home/ec2-user/arduino-testlib/cli-datadir/user/libraries/iBotX/src/iBotX.h: In function &#39;void iBotX()&#39;:
/home/ec2-user/arduino-testlib/cli-datadir/user/libraries/iBotX/src/iBotX.h:64:3: error: &#39;TCCR2A&#39; was not declared in this scope
   TCCR2A |= 0b00000011;
   ^~~~~~
/home/ec2-user/arduino-testlib/cli-datadir/user/libraries/iBotX/src/iBotX.h:65:3: error: &#39;TCCR2B&#39; was not declared in this scope
   TCCR2B |= 0b00000100;
   ^~~~~~
/home/ec2-user/arduino-testlib/cli-datadir/user/libraries/iBotX/src/iBotX.h:66:3: error: &#39;TIMSK2&#39; was not declared in this scope
   TIMSK2 |= 0b00000011;
   ^~~~~~
/home/ec2-user/arduino-testlib/cli-datadir/user/libraries/iBotX/src/iBotX.h:66:3: note: suggested alternative: &#39;TIMER&#39;
   TIMSK2 |= 0b00000011;
   ^~~~~~
   TIMER
/home/ec2-user/arduino-testlib/cli-datadir/user/libraries/iBotX/src/iBotX.h:67:3: error: &#39;OCR2A&#39; was not declared in this scope
   OCR2A = 0;
   ^~~~~
/home/ec2-user/arduino-testlib/cli-datadir/user/libraries/iBotX/src/iBotX.h:71:3: error: &#39;OCR2B&#39; was not declared in this scope
   OCR2B = 0;
   ^~~~~
/home/ec2-user/arduino-testlib/cli-datadir/user/libraries/iBotX/src/iBotX.h: In function &#39;void motor(int, int)&#39;:
/home/ec2-user/arduino-testlib/cli-datadir/user/libraries/iBotX/src/iBotX.h:213:3: error: &#39;OCR2A&#39; was not declared in this scope
   OCR2A = spd_l;
   ^~~~~
/home/ec2-user/arduino-testlib/cli-datadir/user/libraries/iBotX/src/iBotX.h:214:3: error: &#39;OCR2B&#39; was not declared in this scope
   OCR2B = spd_r;
   ^~~~~
/home/ec2-user/arduino-testlib/cli-datadir/user/libraries/iBotX/src/iBotX.h: At global scope:
/home/ec2-user/arduino-testlib/cli-datadir/user/libraries/iBotX/src/iBotX.h:278:4: error: expected constructor, destructor, or type conversion before &#39;(&#39; token
 ISR(TIMER2_COMPA_vect)
    ^
/home/ec2-user/arduino-testlib/cli-datadir/user/libraries/iBotX/src/iBotX.h:283:4: error: expected constructor, destructor, or type conversion before &#39;(&#39; token
 ISR(TIMER2_COMPB_vect)
    ^
/home/ec2-user/arduino-testlib/cli-datadir/user/libraries/iBotX/src/iBotX.h:288:4: error: expected constructor, destructor, or type conversion before &#39;(&#39; token
 ISR(TIMER2_OVF_vect)
    ^
Multiple libraries were found for &#34;Servo.h&#34;
  Used: /home/ec2-user/arduino-testlib/cli-datadir/user/libraries/Servo
  Not used: /home/ec2-user/arduino-testlib/cli-datadir/user/libraries/Printoo_Library
  Not used: /home/ec2-user/arduino-testlib/cli-datadir/user/libraries/RokitSmart
  Not used: /home/ec2-user/arduino-testlib/cli-datadir/user/libraries/XMC_Servo
  Not used: /home/ec2-user/arduino-testlib/cli-datadir/user/libraries/evive
  Not used: /home/ec2-user/arduino-testlib/cli-datadir/user/libraries/ServoESP32
</pre>
					
					<h4>examples/8_Ultrasonic</h4>
					<p>
						Result: <b>FAIL</b>
					</p>
					<pre class="pre-scrollable">WARNING: library iBotX claims to run on avr architecture(s) and may be incompatible with your current board which runs on mbed_nano architecture(s).
In file included from /home/ec2-user/arduino-testlib/cli-datadir/user/libraries/iBotX/examples/8_Ultrasonic/8_Ultrasonic.ino:1:0:
/home/ec2-user/arduino-testlib/cli-datadir/user/libraries/iBotX/src/iBotX.h: In function &#39;void iBotX()&#39;:
/home/ec2-user/arduino-testlib/cli-datadir/user/libraries/iBotX/src/iBotX.h:64:3: error: &#39;TCCR2A&#39; was not declared in this scope
   TCCR2A |= 0b00000011;
   ^~~~~~
/home/ec2-user/arduino-testlib/cli-datadir/user/libraries/iBotX/src/iBotX.h:65:3: error: &#39;TCCR2B&#39; was not declared in this scope
   TCCR2B |= 0b00000100;
   ^~~~~~
/home/ec2-user/arduino-testlib/cli-datadir/user/libraries/iBotX/src/iBotX.h:66:3: error: &#39;TIMSK2&#39; was not declared in this scope
   TIMSK2 |= 0b00000011;
   ^~~~~~
/home/ec2-user/arduino-testlib/cli-datadir/user/libraries/iBotX/src/iBotX.h:66:3: note: suggested alternative: &#39;TIMER&#39;
   TIMSK2 |= 0b00000011;
   ^~~~~~
   TIMER
/home/ec2-user/arduino-testlib/cli-datadir/user/libraries/iBotX/src/iBotX.h:67:3: error: &#39;OCR2A&#39; was not declared in this scope
   OCR2A = 0;
   ^~~~~
/home/ec2-user/arduino-testlib/cli-datadir/user/libraries/iBotX/src/iBotX.h:71:3: error: &#39;OCR2B&#39; was not declared in this scope
   OCR2B = 0;
   ^~~~~
/home/ec2-user/arduino-testlib/cli-datadir/user/libraries/iBotX/src/iBotX.h: In function &#39;void motor(int, int)&#39;:
/home/ec2-user/arduino-testlib/cli-datadir/user/libraries/iBotX/src/iBotX.h:213:3: error: &#39;OCR2A&#39; was not declared in this scope
   OCR2A = spd_l;
   ^~~~~
/home/ec2-user/arduino-testlib/cli-datadir/user/libraries/iBotX/src/iBotX.h:214:3: error: &#39;OCR2B&#39; was not declared in this scope
   OCR2B = spd_r;
   ^~~~~
/home/ec2-user/arduino-testlib/cli-datadir/user/libraries/iBotX/src/iBotX.h: At global scope:
/home/ec2-user/arduino-testlib/cli-datadir/user/libraries/iBotX/src/iBotX.h:278:4: error: expected constructor, destructor, or type conversion before &#39;(&#39; token
 ISR(TIMER2_COMPA_vect)
    ^
/home/ec2-user/arduino-testlib/cli-datadir/user/libraries/iBotX/src/iBotX.h:283:4: error: expected constructor, destructor, or type conversion before &#39;(&#39; token
 ISR(TIMER2_COMPB_vect)
    ^
/home/ec2-user/arduino-testlib/cli-datadir/user/libraries/iBotX/src/iBotX.h:288:4: error: expected constructor, destructor, or type conversion before &#39;(&#39; token
 ISR(TIMER2_OVF_vect)
    ^
Multiple libraries were found for &#34;Servo.h&#34;
  Used: /home/ec2-user/arduino-testlib/cli-datadir/user/libraries/Servo
  Not used: /home/ec2-user/arduino-testlib/cli-datadir/user/libraries/XMC_Servo
  Not used: /home/ec2-user/arduino-testlib/cli-datadir/user/libraries/Printoo_Library
  Not used: /home/ec2-user/arduino-testlib/cli-datadir/user/libraries/ServoESP32
  Not used: /home/ec2-user/arduino-testlib/cli-datadir/user/libraries/evive
  Not used: /home/ec2-user/arduino-testlib/cli-datadir/user/libraries/RokitSmart
</pre>
					
					<h4>examples/9_Servo</h4>
					<p>
						Result: <b>FAIL</b>
					</p>
					<pre class="pre-scrollable">WARNING: library iBotX claims to run on avr architecture(s) and may be incompatible with your current board which runs on mbed_nano architecture(s).
In file included from /home/ec2-user/arduino-testlib/cli-datadir/user/libraries/iBotX/examples/9_Servo/9_Servo.ino:1:0:
/home/ec2-user/arduino-testlib/cli-datadir/user/libraries/iBotX/src/iBotX.h: In function &#39;void iBotX()&#39;:
/home/ec2-user/arduino-testlib/cli-datadir/user/libraries/iBotX/src/iBotX.h:64:3: error: &#39;TCCR2A&#39; was not declared in this scope
   TCCR2A |= 0b00000011;
   ^~~~~~
/home/ec2-user/arduino-testlib/cli-datadir/user/libraries/iBotX/src/iBotX.h:65:3: error: &#39;TCCR2B&#39; was not declared in this scope
   TCCR2B |= 0b00000100;
   ^~~~~~
/home/ec2-user/arduino-testlib/cli-datadir/user/libraries/iBotX/src/iBotX.h:66:3: error: &#39;TIMSK2&#39; was not declared in this scope
   TIMSK2 |= 0b00000011;
   ^~~~~~
/home/ec2-user/arduino-testlib/cli-datadir/user/libraries/iBotX/src/iBotX.h:66:3: note: suggested alternative: &#39;TIMER&#39;
   TIMSK2 |= 0b00000011;
   ^~~~~~
   TIMER
/home/ec2-user/arduino-testlib/cli-datadir/user/libraries/iBotX/src/iBotX.h:67:3: error: &#39;OCR2A&#39; was not declared in this scope
   OCR2A = 0;
   ^~~~~
/home/ec2-user/arduino-testlib/cli-datadir/user/libraries/iBotX/src/iBotX.h:71:3: error: &#39;OCR2B&#39; was not declared in this scope
   OCR2B = 0;
   ^~~~~
/home/ec2-user/arduino-testlib/cli-datadir/user/libraries/iBotX/src/iBotX.h: In function &#39;void motor(int, int)&#39;:
/home/ec2-user/arduino-testlib/cli-datadir/user/libraries/iBotX/src/iBotX.h:213:3: error: &#39;OCR2A&#39; was not declared in this scope
   OCR2A = spd_l;
   ^~~~~
/home/ec2-user/arduino-testlib/cli-datadir/user/libraries/iBotX/src/iBotX.h:214:3: error: &#39;OCR2B&#39; was not declared in this scope
   OCR2B = spd_r;
   ^~~~~
/home/ec2-user/arduino-testlib/cli-datadir/user/libraries/iBotX/src/iBotX.h: At global scope:
/home/ec2-user/arduino-testlib/cli-datadir/user/libraries/iBotX/src/iBotX.h:278:4: error: expected constructor, destructor, or type conversion before &#39;(&#39; token
 ISR(TIMER2_COMPA_vect)
    ^
/home/ec2-user/arduino-testlib/cli-datadir/user/libraries/iBotX/src/iBotX.h:283:4: error: expected constructor, destructor, or type conversion before &#39;(&#39; token
 ISR(TIMER2_COMPB_vect)
    ^
/home/ec2-user/arduino-testlib/cli-datadir/user/libraries/iBotX/src/iBotX.h:288:4: error: expected constructor, destructor, or type conversion before &#39;(&#39; token
 ISR(TIMER2_OVF_vect)
    ^
Multiple libraries were found for &#34;Servo.h&#34;
  Used: /home/ec2-user/arduino-testlib/cli-datadir/user/libraries/Servo
  Not used: /home/ec2-user/arduino-testlib/cli-datadir/user/libraries/XMC_Servo
  Not used: /home/ec2-user/arduino-testlib/cli-datadir/user/libraries/Printoo_Library
  Not used: /home/ec2-user/arduino-testlib/cli-datadir/user/libraries/ServoESP32
  Not used: /home/ec2-user/arduino-testlib/cli-datadir/user/libraries/evive
  Not used: /home/ec2-user/arduino-testlib/cli-datadir/user/libraries/RokitSmart
</pre>
					
				
				<h3 id="arduino:megaavr:nona4809">arduino:megaavr:nona4809 @ 1.8.7</h3>
				<h4>Inclusion</h4>
				<p>
					Result: <b>FAIL</b>
					
				</p>
				<pre class="pre-scrollable">WARNING: library iBotX claims to run on avr architecture(s) and may be incompatible with your current board which runs on megaavr architecture(s).
In file included from /tmp/arduino-testlib1022429920/test/test.ino:1:0:
/home/ec2-user/arduino-testlib/cli-datadir/user/libraries/iBotX/src/iBotX.h: In function &#39;void iBotX()&#39;:
/home/ec2-user/arduino-testlib/cli-datadir/user/libraries/iBotX/src/iBotX.h:64:3: error: &#39;TCCR2A&#39; was not declared in this scope
   TCCR2A |= 0b00000011;
   ^~~~~~
/home/ec2-user/arduino-testlib/cli-datadir/user/libraries/iBotX/src/iBotX.h:64:3: note: suggested alternative: &#39;TCB2&#39;
   TCCR2A |= 0b00000011;
   ^~~~~~
   TCB2
/home/ec2-user/arduino-testlib/cli-datadir/user/libraries/iBotX/src/iBotX.h:65:3: error: &#39;TCCR2B&#39; was not declared in this scope
   TCCR2B |= 0b00000100;
   ^~~~~~
/home/ec2-user/arduino-testlib/cli-datadir/user/libraries/iBotX/src/iBotX.h:65:3: note: suggested alternative: &#39;TCB2&#39;
   TCCR2B |= 0b00000100;
   ^~~~~~
   TCB2
/home/ec2-user/arduino-testlib/cli-datadir/user/libraries/iBotX/src/iBotX.h:66:3: error: &#39;TIMSK2&#39; was not declared in this scope
   TIMSK2 |= 0b00000011;
   ^~~~~~
/home/ec2-user/arduino-testlib/cli-datadir/user/libraries/iBotX/src/iBotX.h:66:3: note: suggested alternative: &#39;TIMERB2&#39;
   TIMSK2 |= 0b00000011;
   ^~~~~~
   TIMERB2
/home/ec2-user/arduino-testlib/cli-datadir/user/libraries/iBotX/src/iBotX.h:67:3: error: &#39;OCR2A&#39; was not declared in this scope
   OCR2A = 0;
   ^~~~~
/home/ec2-user/arduino-testlib/cli-datadir/user/libraries/iBotX/src/iBotX.h:71:3: error: &#39;OCR2B&#39; was not declared in this scope
   OCR2B = 0;
   ^~~~~
/home/ec2-user/arduino-testlib/cli-datadir/user/libraries/iBotX/src/iBotX.h: In function &#39;void motor(int, int)&#39;:
/home/ec2-user/arduino-testlib/cli-datadir/user/libraries/iBotX/src/iBotX.h:213:3: error: &#39;OCR2A&#39; was not declared in this scope
   OCR2A = spd_l;
   ^~~~~
/home/ec2-user/arduino-testlib/cli-datadir/user/libraries/iBotX/src/iBotX.h:214:3: error: &#39;OCR2B&#39; was not declared in this scope
   OCR2B = spd_r;
   ^~~~~
Multiple libraries were found for &#34;Servo.h&#34;
  Used: /home/ec2-user/arduino-testlib/cli-datadir/user/libraries/Servo
  Not used: /home/ec2-user/arduino-testlib/cli-datadir/user/libraries/ServoESP32
  Not used: /home/ec2-user/arduino-testlib/cli-datadir/user/libraries/evive
  Not used: /home/ec2-user/arduino-testlib/cli-datadir/user/libraries/XMC_Servo
  Not used: /home/ec2-user/arduino-testlib/cli-datadir/user/libraries/RokitSmart
  Not used: /home/ec2-user/arduino-testlib/cli-datadir/user/libraries/Printoo_Library
</pre>

					
					<h4>examples/1_Laser</h4>
					<p>
						Result: <b>FAIL</b>
					</p>
					<pre class="pre-scrollable">WARNING: library iBotX claims to run on avr architecture(s) and may be incompatible with your current board which runs on megaavr architecture(s).
In file included from /home/ec2-user/arduino-testlib/cli-datadir/user/libraries/iBotX/examples/1_Laser/1_Laser.ino:1:0:
/home/ec2-user/arduino-testlib/cli-datadir/user/libraries/iBotX/src/iBotX.h: In function &#39;void iBotX()&#39;:
/home/ec2-user/arduino-testlib/cli-datadir/user/libraries/iBotX/src/iBotX.h:64:3: error: &#39;TCCR2A&#39; was not declared in this scope
   TCCR2A |= 0b00000011;
   ^~~~~~
/home/ec2-user/arduino-testlib/cli-datadir/user/libraries/iBotX/src/iBotX.h:64:3: note: suggested alternative: &#39;TCB2&#39;
   TCCR2A |= 0b00000011;
   ^~~~~~
   TCB2
/home/ec2-user/arduino-testlib/cli-datadir/user/libraries/iBotX/src/iBotX.h:65:3: error: &#39;TCCR2B&#39; was not declared in this scope
   TCCR2B |= 0b00000100;
   ^~~~~~
/home/ec2-user/arduino-testlib/cli-datadir/user/libraries/iBotX/src/iBotX.h:65:3: note: suggested alternative: &#39;TCB2&#39;
   TCCR2B |= 0b00000100;
   ^~~~~~
   TCB2
/home/ec2-user/arduino-testlib/cli-datadir/user/libraries/iBotX/src/iBotX.h:66:3: error: &#39;TIMSK2&#39; was not declared in this scope
   TIMSK2 |= 0b00000011;
   ^~~~~~
/home/ec2-user/arduino-testlib/cli-datadir/user/libraries/iBotX/src/iBotX.h:66:3: note: suggested alternative: &#39;TIMERB2&#39;
   TIMSK2 |= 0b00000011;
   ^~~~~~
   TIMERB2
/home/ec2-user/arduino-testlib/cli-datadir/user/libraries/iBotX/src/iBotX.h:67:3: error: &#39;OCR2A&#39; was not declared in this scope
   OCR2A = 0;
   ^~~~~
/home/ec2-user/arduino-testlib/cli-datadir/user/libraries/iBotX/src/iBotX.h:71:3: error: &#39;OCR2B&#39; was not declared in this scope
   OCR2B = 0;
   ^~~~~
/home/ec2-user/arduino-testlib/cli-datadir/user/libraries/iBotX/src/iBotX.h: In function &#39;void motor(int, int)&#39;:
/home/ec2-user/arduino-testlib/cli-datadir/user/libraries/iBotX/src/iBotX.h:213:3: error: &#39;OCR2A&#39; was not declared in this scope
   OCR2A = spd_l;
   ^~~~~
/home/ec2-user/arduino-testlib/cli-datadir/user/libraries/iBotX/src/iBotX.h:214:3: error: &#39;OCR2B&#39; was not declared in this scope
   OCR2B = spd_r;
   ^~~~~
Multiple libraries were found for &#34;Servo.h&#34;
  Used: /home/ec2-user/arduino-testlib/cli-datadir/user/libraries/Servo
  Not used: /home/ec2-user/arduino-testlib/cli-datadir/user/libraries/ServoESP32
  Not used: /home/ec2-user/arduino-testlib/cli-datadir/user/libraries/RokitSmart
  Not used: /home/ec2-user/arduino-testlib/cli-datadir/user/libraries/evive
  Not used: /home/ec2-user/arduino-testlib/cli-datadir/user/libraries/Printoo_Library
  Not used: /home/ec2-user/arduino-testlib/cli-datadir/user/libraries/XMC_Servo
</pre>
					
					<h4>examples/2_Switch</h4>
					<p>
						Result: <b>FAIL</b>
					</p>
					<pre class="pre-scrollable">WARNING: library iBotX claims to run on avr architecture(s) and may be incompatible with your current board which runs on megaavr architecture(s).
In file included from /home/ec2-user/arduino-testlib/cli-datadir/user/libraries/iBotX/examples/2_Switch/2_Switch.ino:1:0:
/home/ec2-user/arduino-testlib/cli-datadir/user/libraries/iBotX/src/iBotX.h: In function &#39;void iBotX()&#39;:
/home/ec2-user/arduino-testlib/cli-datadir/user/libraries/iBotX/src/iBotX.h:64:3: error: &#39;TCCR2A&#39; was not declared in this scope
   TCCR2A |= 0b00000011;
   ^~~~~~
/home/ec2-user/arduino-testlib/cli-datadir/user/libraries/iBotX/src/iBotX.h:64:3: note: suggested alternative: &#39;TCB2&#39;
   TCCR2A |= 0b00000011;
   ^~~~~~
   TCB2
/home/ec2-user/arduino-testlib/cli-datadir/user/libraries/iBotX/src/iBotX.h:65:3: error: &#39;TCCR2B&#39; was not declared in this scope
   TCCR2B |= 0b00000100;
   ^~~~~~
/home/ec2-user/arduino-testlib/cli-datadir/user/libraries/iBotX/src/iBotX.h:65:3: note: suggested alternative: &#39;TCB2&#39;
   TCCR2B |= 0b00000100;
   ^~~~~~
   TCB2
/home/ec2-user/arduino-testlib/cli-datadir/user/libraries/iBotX/src/iBotX.h:66:3: error: &#39;TIMSK2&#39; was not declared in this scope
   TIMSK2 |= 0b00000011;
   ^~~~~~
/home/ec2-user/arduino-testlib/cli-datadir/user/libraries/iBotX/src/iBotX.h:66:3: note: suggested alternative: &#39;TIMERB2&#39;
   TIMSK2 |= 0b00000011;
   ^~~~~~
   TIMERB2
/home/ec2-user/arduino-testlib/cli-datadir/user/libraries/iBotX/src/iBotX.h:67:3: error: &#39;OCR2A&#39; was not declared in this scope
   OCR2A = 0;
   ^~~~~
/home/ec2-user/arduino-testlib/cli-datadir/user/libraries/iBotX/src/iBotX.h:71:3: error: &#39;OCR2B&#39; was not declared in this scope
   OCR2B = 0;
   ^~~~~
/home/ec2-user/arduino-testlib/cli-datadir/user/libraries/iBotX/src/iBotX.h: In function &#39;void motor(int, int)&#39;:
/home/ec2-user/arduino-testlib/cli-datadir/user/libraries/iBotX/src/iBotX.h:213:3: error: &#39;OCR2A&#39; was not declared in this scope
   OCR2A = spd_l;
   ^~~~~
/home/ec2-user/arduino-testlib/cli-datadir/user/libraries/iBotX/src/iBotX.h:214:3: error: &#39;OCR2B&#39; was not declared in this scope
   OCR2B = spd_r;
   ^~~~~
Multiple libraries were found for &#34;Servo.h&#34;
  Used: /home/ec2-user/arduino-testlib/cli-datadir/user/libraries/Servo
  Not used: /home/ec2-user/arduino-testlib/cli-datadir/user/libraries/evive
  Not used: /home/ec2-user/arduino-testlib/cli-datadir/user/libraries/XMC_Servo
  Not used: /home/ec2-user/arduino-testlib/cli-datadir/user/libraries/Printoo_Library
  Not used: /home/ec2-user/arduino-testlib/cli-datadir/user/libraries/ServoESP32
  Not used: /home/ec2-user/arduino-testlib/cli-datadir/user/libraries/RokitSmart
</pre>
					
					<h4>examples/3_Switch_select</h4>
					<p>
						Result: <b>FAIL</b>
					</p>
					<pre class="pre-scrollable">WARNING: library iBotX claims to run on avr architecture(s) and may be incompatible with your current board which runs on megaavr architecture(s).
In file included from /home/ec2-user/arduino-testlib/cli-datadir/user/libraries/iBotX/examples/3_Switch_select/3_Switch_select.ino:1:0:
/home/ec2-user/arduino-testlib/cli-datadir/user/libraries/iBotX/src/iBotX.h: In function &#39;void iBotX()&#39;:
/home/ec2-user/arduino-testlib/cli-datadir/user/libraries/iBotX/src/iBotX.h:64:3: error: &#39;TCCR2A&#39; was not declared in this scope
   TCCR2A |= 0b00000011;
   ^~~~~~
/home/ec2-user/arduino-testlib/cli-datadir/user/libraries/iBotX/src/iBotX.h:64:3: note: suggested alternative: &#39;TCB2&#39;
   TCCR2A |= 0b00000011;
   ^~~~~~
   TCB2
/home/ec2-user/arduino-testlib/cli-datadir/user/libraries/iBotX/src/iBotX.h:65:3: error: &#39;TCCR2B&#39; was not declared in this scope
   TCCR2B |= 0b00000100;
   ^~~~~~
/home/ec2-user/arduino-testlib/cli-datadir/user/libraries/iBotX/src/iBotX.h:65:3: note: suggested alternative: &#39;TCB2&#39;
   TCCR2B |= 0b00000100;
   ^~~~~~
   TCB2
/home/ec2-user/arduino-testlib/cli-datadir/user/libraries/iBotX/src/iBotX.h:66:3: error: &#39;TIMSK2&#39; was not declared in this scope
   TIMSK2 |= 0b00000011;
   ^~~~~~
/home/ec2-user/arduino-testlib/cli-datadir/user/libraries/iBotX/src/iBotX.h:66:3: note: suggested alternative: &#39;TIMERB2&#39;
   TIMSK2 |= 0b00000011;
   ^~~~~~
   TIMERB2
/home/ec2-user/arduino-testlib/cli-datadir/user/libraries/iBotX/src/iBotX.h:67:3: error: &#39;OCR2A&#39; was not declared in this scope
   OCR2A = 0;
   ^~~~~
/home/ec2-user/arduino-testlib/cli-datadir/user/libraries/iBotX/src/iBotX.h:71:3: error: &#39;OCR2B&#39; was not declared in this scope
   OCR2B = 0;
   ^~~~~
/home/ec2-user/arduino-testlib/cli-datadir/user/libraries/iBotX/src/iBotX.h: In function &#39;void motor(int, int)&#39;:
/home/ec2-user/arduino-testlib/cli-datadir/user/libraries/iBotX/src/iBotX.h:213:3: error: &#39;OCR2A&#39; was not declared in this scope
   OCR2A = spd_l;
   ^~~~~
/home/ec2-user/arduino-testlib/cli-datadir/user/libraries/iBotX/src/iBotX.h:214:3: error: &#39;OCR2B&#39; was not declared in this scope
   OCR2B = spd_r;
   ^~~~~
Multiple libraries were found for &#34;Servo.h&#34;
  Used: /home/ec2-user/arduino-testlib/cli-datadir/user/libraries/Servo
  Not used: /home/ec2-user/arduino-testlib/cli-datadir/user/libraries/evive
  Not used: /home/ec2-user/arduino-testlib/cli-datadir/user/libraries/XMC_Servo
  Not used: /home/ec2-user/arduino-testlib/cli-datadir/user/libraries/ServoESP32
  Not used: /home/ec2-user/arduino-testlib/cli-datadir/user/libraries/Printoo_Library
  Not used: /home/ec2-user/arduino-testlib/cli-datadir/user/libraries/RokitSmart
</pre>
					
					<h4>examples/4_Serial</h4>
					<p>
						Result: <b>FAIL</b>
					</p>
					<pre class="pre-scrollable">WARNING: library iBotX claims to run on avr architecture(s) and may be incompatible with your current board which runs on megaavr architecture(s).
In file included from /home/ec2-user/arduino-testlib/cli-datadir/user/libraries/iBotX/examples/4_Serial/4_Serial.ino:1:0:
/home/ec2-user/arduino-testlib/cli-datadir/user/libraries/iBotX/src/iBotX.h: In function &#39;void iBotX()&#39;:
/home/ec2-user/arduino-testlib/cli-datadir/user/libraries/iBotX/src/iBotX.h:64:3: error: &#39;TCCR2A&#39; was not declared in this scope
   TCCR2A |= 0b00000011;
   ^~~~~~
/home/ec2-user/arduino-testlib/cli-datadir/user/libraries/iBotX/src/iBotX.h:64:3: note: suggested alternative: &#39;TCB2&#39;
   TCCR2A |= 0b00000011;
   ^~~~~~
   TCB2
/home/ec2-user/arduino-testlib/cli-datadir/user/libraries/iBotX/src/iBotX.h:65:3: error: &#39;TCCR2B&#39; was not declared in this scope
   TCCR2B |= 0b00000100;
   ^~~~~~
/home/ec2-user/arduino-testlib/cli-datadir/user/libraries/iBotX/src/iBotX.h:65:3: note: suggested alternative: &#39;TCB2&#39;
   TCCR2B |= 0b00000100;
   ^~~~~~
   TCB2
/home/ec2-user/arduino-testlib/cli-datadir/user/libraries/iBotX/src/iBotX.h:66:3: error: &#39;TIMSK2&#39; was not declared in this scope
   TIMSK2 |= 0b00000011;
   ^~~~~~
/home/ec2-user/arduino-testlib/cli-datadir/user/libraries/iBotX/src/iBotX.h:66:3: note: suggested alternative: &#39;TIMERB2&#39;
   TIMSK2 |= 0b00000011;
   ^~~~~~
   TIMERB2
/home/ec2-user/arduino-testlib/cli-datadir/user/libraries/iBotX/src/iBotX.h:67:3: error: &#39;OCR2A&#39; was not declared in this scope
   OCR2A = 0;
   ^~~~~
/home/ec2-user/arduino-testlib/cli-datadir/user/libraries/iBotX/src/iBotX.h:71:3: error: &#39;OCR2B&#39; was not declared in this scope
   OCR2B = 0;
   ^~~~~
/home/ec2-user/arduino-testlib/cli-datadir/user/libraries/iBotX/src/iBotX.h: In function &#39;void motor(int, int)&#39;:
/home/ec2-user/arduino-testlib/cli-datadir/user/libraries/iBotX/src/iBotX.h:213:3: error: &#39;OCR2A&#39; was not declared in this scope
   OCR2A = spd_l;
   ^~~~~
/home/ec2-user/arduino-testlib/cli-datadir/user/libraries/iBotX/src/iBotX.h:214:3: error: &#39;OCR2B&#39; was not declared in this scope
   OCR2B = spd_r;
   ^~~~~
Multiple libraries were found for &#34;Servo.h&#34;
  Used: /home/ec2-user/arduino-testlib/cli-datadir/user/libraries/Servo
  Not used: /home/ec2-user/arduino-testlib/cli-datadir/user/libraries/Printoo_Library
  Not used: /home/ec2-user/arduino-testlib/cli-datadir/user/libraries/ServoESP32
  Not used: /home/ec2-user/arduino-testlib/cli-datadir/user/libraries/evive
  Not used: /home/ec2-user/arduino-testlib/cli-datadir/user/libraries/RokitSmart
  Not used: /home/ec2-user/arduino-testlib/cli-datadir/user/libraries/XMC_Servo
</pre>
					
					<h4>examples/5_IR_sensor</h4>
					<p>
						Result: <b>FAIL</b>
					</p>
					<pre class="pre-scrollable">WARNING: library iBotX claims to run on avr architecture(s) and may be incompatible with your current board which runs on megaavr architecture(s).
In file included from /home/ec2-user/arduino-testlib/cli-datadir/user/libraries/iBotX/examples/5_IR_sensor/5_IR_sensor.ino:1:0:
/home/ec2-user/arduino-testlib/cli-datadir/user/libraries/iBotX/src/iBotX.h: In function &#39;void iBotX()&#39;:
/home/ec2-user/arduino-testlib/cli-datadir/user/libraries/iBotX/src/iBotX.h:64:3: error: &#39;TCCR2A&#39; was not declared in this scope
   TCCR2A |= 0b00000011;
   ^~~~~~
/home/ec2-user/arduino-testlib/cli-datadir/user/libraries/iBotX/src/iBotX.h:64:3: note: suggested alternative: &#39;TCB2&#39;
   TCCR2A |= 0b00000011;
   ^~~~~~
   TCB2
/home/ec2-user/arduino-testlib/cli-datadir/user/libraries/iBotX/src/iBotX.h:65:3: error: &#39;TCCR2B&#39; was not declared in this scope
   TCCR2B |= 0b00000100;
   ^~~~~~
/home/ec2-user/arduino-testlib/cli-datadir/user/libraries/iBotX/src/iBotX.h:65:3: note: suggested alternative: &#39;TCB2&#39;
   TCCR2B |= 0b00000100;
   ^~~~~~
   TCB2
/home/ec2-user/arduino-testlib/cli-datadir/user/libraries/iBotX/src/iBotX.h:66:3: error: &#39;TIMSK2&#39; was not declared in this scope
   TIMSK2 |= 0b00000011;
   ^~~~~~
/home/ec2-user/arduino-testlib/cli-datadir/user/libraries/iBotX/src/iBotX.h:66:3: note: suggested alternative: &#39;TIMERB2&#39;
   TIMSK2 |= 0b00000011;
   ^~~~~~
   TIMERB2
/home/ec2-user/arduino-testlib/cli-datadir/user/libraries/iBotX/src/iBotX.h:67:3: error: &#39;OCR2A&#39; was not declared in this scope
   OCR2A = 0;
   ^~~~~
/home/ec2-user/arduino-testlib/cli-datadir/user/libraries/iBotX/src/iBotX.h:71:3: error: &#39;OCR2B&#39; was not declared in this scope
   OCR2B = 0;
   ^~~~~
/home/ec2-user/arduino-testlib/cli-datadir/user/libraries/iBotX/src/iBotX.h: In function &#39;void motor(int, int)&#39;:
/home/ec2-user/arduino-testlib/cli-datadir/user/libraries/iBotX/src/iBotX.h:213:3: error: &#39;OCR2A&#39; was not declared in this scope
   OCR2A = spd_l;
   ^~~~~
/home/ec2-user/arduino-testlib/cli-datadir/user/libraries/iBotX/src/iBotX.h:214:3: error: &#39;OCR2B&#39; was not declared in this scope
   OCR2B = spd_r;
   ^~~~~
Multiple libraries were found for &#34;Servo.h&#34;
  Used: /home/ec2-user/arduino-testlib/cli-datadir/user/libraries/Servo
  Not used: /home/ec2-user/arduino-testlib/cli-datadir/user/libraries/evive
  Not used: /home/ec2-user/arduino-testlib/cli-datadir/user/libraries/Printoo_Library
  Not used: /home/ec2-user/arduino-testlib/cli-datadir/user/libraries/XMC_Servo
  Not used: /home/ec2-user/arduino-testlib/cli-datadir/user/libraries/ServoESP32
  Not used: /home/ec2-user/arduino-testlib/cli-datadir/user/libraries/RokitSmart
</pre>
					
					<h4>examples/6_Motor</h4>
					<p>
						Result: <b>FAIL</b>
					</p>
					<pre class="pre-scrollable">WARNING: library iBotX claims to run on avr architecture(s) and may be incompatible with your current board which runs on megaavr architecture(s).
In file included from /home/ec2-user/arduino-testlib/cli-datadir/user/libraries/iBotX/examples/6_Motor/6_Motor.ino:1:0:
/home/ec2-user/arduino-testlib/cli-datadir/user/libraries/iBotX/src/iBotX.h: In function &#39;void iBotX()&#39;:
/home/ec2-user/arduino-testlib/cli-datadir/user/libraries/iBotX/src/iBotX.h:64:3: error: &#39;TCCR2A&#39; was not declared in this scope
   TCCR2A |= 0b00000011;
   ^~~~~~
/home/ec2-user/arduino-testlib/cli-datadir/user/libraries/iBotX/src/iBotX.h:64:3: note: suggested alternative: &#39;TCB2&#39;
   TCCR2A |= 0b00000011;
   ^~~~~~
   TCB2
/home/ec2-user/arduino-testlib/cli-datadir/user/libraries/iBotX/src/iBotX.h:65:3: error: &#39;TCCR2B&#39; was not declared in this scope
   TCCR2B |= 0b00000100;
   ^~~~~~
/home/ec2-user/arduino-testlib/cli-datadir/user/libraries/iBotX/src/iBotX.h:65:3: note: suggested alternative: &#39;TCB2&#39;
   TCCR2B |= 0b00000100;
   ^~~~~~
   TCB2
/home/ec2-user/arduino-testlib/cli-datadir/user/libraries/iBotX/src/iBotX.h:66:3: error: &#39;TIMSK2&#39; was not declared in this scope
   TIMSK2 |= 0b00000011;
   ^~~~~~
/home/ec2-user/arduino-testlib/cli-datadir/user/libraries/iBotX/src/iBotX.h:66:3: note: suggested alternative: &#39;TIMERB2&#39;
   TIMSK2 |= 0b00000011;
   ^~~~~~
   TIMERB2
/home/ec2-user/arduino-testlib/cli-datadir/user/libraries/iBotX/src/iBotX.h:67:3: error: &#39;OCR2A&#39; was not declared in this scope
   OCR2A = 0;
   ^~~~~
/home/ec2-user/arduino-testlib/cli-datadir/user/libraries/iBotX/src/iBotX.h:71:3: error: &#39;OCR2B&#39; was not declared in this scope
   OCR2B = 0;
   ^~~~~
/home/ec2-user/arduino-testlib/cli-datadir/user/libraries/iBotX/src/iBotX.h: In function &#39;void motor(int, int)&#39;:
/home/ec2-user/arduino-testlib/cli-datadir/user/libraries/iBotX/src/iBotX.h:213:3: error: &#39;OCR2A&#39; was not declared in this scope
   OCR2A = spd_l;
   ^~~~~
/home/ec2-user/arduino-testlib/cli-datadir/user/libraries/iBotX/src/iBotX.h:214:3: error: &#39;OCR2B&#39; was not declared in this scope
   OCR2B = spd_r;
   ^~~~~
Multiple libraries were found for &#34;Servo.h&#34;
  Used: /home/ec2-user/arduino-testlib/cli-datadir/user/libraries/Servo
  Not used: /home/ec2-user/arduino-testlib/cli-datadir/user/libraries/Printoo_Library
  Not used: /home/ec2-user/arduino-testlib/cli-datadir/user/libraries/evive
  Not used: /home/ec2-user/arduino-testlib/cli-datadir/user/libraries/RokitSmart
  Not used: /home/ec2-user/arduino-testlib/cli-datadir/user/libraries/XMC_Servo
  Not used: /home/ec2-user/arduino-testlib/cli-datadir/user/libraries/ServoESP32
</pre>
					
					<h4>examples/7_Line_follower</h4>
					<p>
						Result: <b>FAIL</b>
					</p>
					<pre class="pre-scrollable">WARNING: library iBotX claims to run on avr architecture(s) and may be incompatible with your current board which runs on megaavr architecture(s).
In file included from /home/ec2-user/arduino-testlib/cli-datadir/user/libraries/iBotX/examples/7_Line_follower/7_Line_follower.ino:1:0:
/home/ec2-user/arduino-testlib/cli-datadir/user/libraries/iBotX/src/iBotX.h: In function &#39;void iBotX()&#39;:
/home/ec2-user/arduino-testlib/cli-datadir/user/libraries/iBotX/src/iBotX.h:64:3: error: &#39;TCCR2A&#39; was not declared in this scope
   TCCR2A |= 0b00000011;
   ^~~~~~
/home/ec2-user/arduino-testlib/cli-datadir/user/libraries/iBotX/src/iBotX.h:64:3: note: suggested alternative: &#39;TCB2&#39;
   TCCR2A |= 0b00000011;
   ^~~~~~
   TCB2
/home/ec2-user/arduino-testlib/cli-datadir/user/libraries/iBotX/src/iBotX.h:65:3: error: &#39;TCCR2B&#39; was not declared in this scope
   TCCR2B |= 0b00000100;
   ^~~~~~
/home/ec2-user/arduino-testlib/cli-datadir/user/libraries/iBotX/src/iBotX.h:65:3: note: suggested alternative: &#39;TCB2&#39;
   TCCR2B |= 0b00000100;
   ^~~~~~
   TCB2
/home/ec2-user/arduino-testlib/cli-datadir/user/libraries/iBotX/src/iBotX.h:66:3: error: &#39;TIMSK2&#39; was not declared in this scope
   TIMSK2 |= 0b00000011;
   ^~~~~~
/home/ec2-user/arduino-testlib/cli-datadir/user/libraries/iBotX/src/iBotX.h:66:3: note: suggested alternative: &#39;TIMERB2&#39;
   TIMSK2 |= 0b00000011;
   ^~~~~~
   TIMERB2
/home/ec2-user/arduino-testlib/cli-datadir/user/libraries/iBotX/src/iBotX.h:67:3: error: &#39;OCR2A&#39; was not declared in this scope
   OCR2A = 0;
   ^~~~~
/home/ec2-user/arduino-testlib/cli-datadir/user/libraries/iBotX/src/iBotX.h:71:3: error: &#39;OCR2B&#39; was not declared in this scope
   OCR2B = 0;
   ^~~~~
/home/ec2-user/arduino-testlib/cli-datadir/user/libraries/iBotX/src/iBotX.h: In function &#39;void motor(int, int)&#39;:
/home/ec2-user/arduino-testlib/cli-datadir/user/libraries/iBotX/src/iBotX.h:213:3: error: &#39;OCR2A&#39; was not declared in this scope
   OCR2A = spd_l;
   ^~~~~
/home/ec2-user/arduino-testlib/cli-datadir/user/libraries/iBotX/src/iBotX.h:214:3: error: &#39;OCR2B&#39; was not declared in this scope
   OCR2B = spd_r;
   ^~~~~
Multiple libraries were found for &#34;Servo.h&#34;
  Used: /home/ec2-user/arduino-testlib/cli-datadir/user/libraries/Servo
  Not used: /home/ec2-user/arduino-testlib/cli-datadir/user/libraries/XMC_Servo
  Not used: /home/ec2-user/arduino-testlib/cli-datadir/user/libraries/evive
  Not used: /home/ec2-user/arduino-testlib/cli-datadir/user/libraries/Printoo_Library
  Not used: /home/ec2-user/arduino-testlib/cli-datadir/user/libraries/RokitSmart
  Not used: /home/ec2-user/arduino-testlib/cli-datadir/user/libraries/ServoESP32
</pre>
					
					<h4>examples/8_Ultrasonic</h4>
					<p>
						Result: <b>FAIL</b>
					</p>
					<pre class="pre-scrollable">WARNING: library iBotX claims to run on avr architecture(s) and may be incompatible with your current board which runs on megaavr architecture(s).
In file included from /home/ec2-user/arduino-testlib/cli-datadir/user/libraries/iBotX/examples/8_Ultrasonic/8_Ultrasonic.ino:1:0:
/home/ec2-user/arduino-testlib/cli-datadir/user/libraries/iBotX/src/iBotX.h: In function &#39;void iBotX()&#39;:
/home/ec2-user/arduino-testlib/cli-datadir/user/libraries/iBotX/src/iBotX.h:64:3: error: &#39;TCCR2A&#39; was not declared in this scope
   TCCR2A |= 0b00000011;
   ^~~~~~
/home/ec2-user/arduino-testlib/cli-datadir/user/libraries/iBotX/src/iBotX.h:64:3: note: suggested alternative: &#39;TCB2&#39;
   TCCR2A |= 0b00000011;
   ^~~~~~
   TCB2
/home/ec2-user/arduino-testlib/cli-datadir/user/libraries/iBotX/src/iBotX.h:65:3: error: &#39;TCCR2B&#39; was not declared in this scope
   TCCR2B |= 0b00000100;
   ^~~~~~
/home/ec2-user/arduino-testlib/cli-datadir/user/libraries/iBotX/src/iBotX.h:65:3: note: suggested alternative: &#39;TCB2&#39;
   TCCR2B |= 0b00000100;
   ^~~~~~
   TCB2
/home/ec2-user/arduino-testlib/cli-datadir/user/libraries/iBotX/src/iBotX.h:66:3: error: &#39;TIMSK2&#39; was not declared in this scope
   TIMSK2 |= 0b00000011;
   ^~~~~~
/home/ec2-user/arduino-testlib/cli-datadir/user/libraries/iBotX/src/iBotX.h:66:3: note: suggested alternative: &#39;TIMERB2&#39;
   TIMSK2 |= 0b00000011;
   ^~~~~~
   TIMERB2
/home/ec2-user/arduino-testlib/cli-datadir/user/libraries/iBotX/src/iBotX.h:67:3: error: &#39;OCR2A&#39; was not declared in this scope
   OCR2A = 0;
   ^~~~~
/home/ec2-user/arduino-testlib/cli-datadir/user/libraries/iBotX/src/iBotX.h:71:3: error: &#39;OCR2B&#39; was not declared in this scope
   OCR2B = 0;
   ^~~~~
/home/ec2-user/arduino-testlib/cli-datadir/user/libraries/iBotX/src/iBotX.h: In function &#39;void motor(int, int)&#39;:
/home/ec2-user/arduino-testlib/cli-datadir/user/libraries/iBotX/src/iBotX.h:213:3: error: &#39;OCR2A&#39; was not declared in this scope
   OCR2A = spd_l;
   ^~~~~
/home/ec2-user/arduino-testlib/cli-datadir/user/libraries/iBotX/src/iBotX.h:214:3: error: &#39;OCR2B&#39; was not declared in this scope
   OCR2B = spd_r;
   ^~~~~
Multiple libraries were found for &#34;Servo.h&#34;
  Used: /home/ec2-user/arduino-testlib/cli-datadir/user/libraries/Servo
  Not used: /home/ec2-user/arduino-testlib/cli-datadir/user/libraries/Printoo_Library
  Not used: /home/ec2-user/arduino-testlib/cli-datadir/user/libraries/ServoESP32
  Not used: /home/ec2-user/arduino-testlib/cli-datadir/user/libraries/evive
  Not used: /home/ec2-user/arduino-testlib/cli-datadir/user/libraries/RokitSmart
  Not used: /home/ec2-user/arduino-testlib/cli-datadir/user/libraries/XMC_Servo
</pre>
					
					<h4>examples/9_Servo</h4>
					<p>
						Result: <b>FAIL</b>
					</p>
					<pre class="pre-scrollable">WARNING: library iBotX claims to run on avr architecture(s) and may be incompatible with your current board which runs on megaavr architecture(s).
In file included from /home/ec2-user/arduino-testlib/cli-datadir/user/libraries/iBotX/examples/9_Servo/9_Servo.ino:1:0:
/home/ec2-user/arduino-testlib/cli-datadir/user/libraries/iBotX/src/iBotX.h: In function &#39;void iBotX()&#39;:
/home/ec2-user/arduino-testlib/cli-datadir/user/libraries/iBotX/src/iBotX.h:64:3: error: &#39;TCCR2A&#39; was not declared in this scope
   TCCR2A |= 0b00000011;
   ^~~~~~
/home/ec2-user/arduino-testlib/cli-datadir/user/libraries/iBotX/src/iBotX.h:64:3: note: suggested alternative: &#39;TCB2&#39;
   TCCR2A |= 0b00000011;
   ^~~~~~
   TCB2
/home/ec2-user/arduino-testlib/cli-datadir/user/libraries/iBotX/src/iBotX.h:65:3: error: &#39;TCCR2B&#39; was not declared in this scope
   TCCR2B |= 0b00000100;
   ^~~~~~
/home/ec2-user/arduino-testlib/cli-datadir/user/libraries/iBotX/src/iBotX.h:65:3: note: suggested alternative: &#39;TCB2&#39;
   TCCR2B |= 0b00000100;
   ^~~~~~
   TCB2
/home/ec2-user/arduino-testlib/cli-datadir/user/libraries/iBotX/src/iBotX.h:66:3: error: &#39;TIMSK2&#39; was not declared in this scope
   TIMSK2 |= 0b00000011;
   ^~~~~~
/home/ec2-user/arduino-testlib/cli-datadir/user/libraries/iBotX/src/iBotX.h:66:3: note: suggested alternative: &#39;TIMERB2&#39;
   TIMSK2 |= 0b00000011;
   ^~~~~~
   TIMERB2
/home/ec2-user/arduino-testlib/cli-datadir/user/libraries/iBotX/src/iBotX.h:67:3: error: &#39;OCR2A&#39; was not declared in this scope
   OCR2A = 0;
   ^~~~~
/home/ec2-user/arduino-testlib/cli-datadir/user/libraries/iBotX/src/iBotX.h:71:3: error: &#39;OCR2B&#39; was not declared in this scope
   OCR2B = 0;
   ^~~~~
/home/ec2-user/arduino-testlib/cli-datadir/user/libraries/iBotX/src/iBotX.h: In function &#39;void motor(int, int)&#39;:
/home/ec2-user/arduino-testlib/cli-datadir/user/libraries/iBotX/src/iBotX.h:213:3: error: &#39;OCR2A&#39; was not declared in this scope
   OCR2A = spd_l;
   ^~~~~
/home/ec2-user/arduino-testlib/cli-datadir/user/libraries/iBotX/src/iBotX.h:214:3: error: &#39;OCR2B&#39; was not declared in this scope
   OCR2B = spd_r;
   ^~~~~
Multiple libraries were found for &#34;Servo.h&#34;
  Used: /home/ec2-user/arduino-testlib/cli-datadir/user/libraries/Servo
  Not used: /home/ec2-user/arduino-testlib/cli-datadir/user/libraries/RokitSmart
  Not used: /home/ec2-user/arduino-testlib/cli-datadir/user/libraries/Printoo_Library
  Not used: /home/ec2-user/arduino-testlib/cli-datadir/user/libraries/ServoESP32
  Not used: /home/ec2-user/arduino-testlib/cli-datadir/user/libraries/evive
  Not used: /home/ec2-user/arduino-testlib/cli-datadir/user/libraries/XMC_Servo
</pre>
					
				
				<h3 id="arduino:samd:mkrwifi1010">arduino:samd:mkrwifi1010 @ 1.8.12</h3>
				<h4>Inclusion</h4>
				<p>
					Result: <b>FAIL</b>
					
				</p>
				<pre class="pre-scrollable">WARNING: library iBotX claims to run on avr architecture(s) and may be incompatible with your current board which runs on samd architecture(s).
In file included from /tmp/arduino-testlib1022429920/test/test.ino:1:0:
/home/ec2-user/arduino-testlib/cli-datadir/user/libraries/iBotX/src/iBotX.h: In function &#39;void iBotX()&#39;:
/home/ec2-user/arduino-testlib/cli-datadir/user/libraries/iBotX/src/iBotX.h:64:3: error: &#39;TCCR2A&#39; was not declared in this scope
   TCCR2A |= 0b00000011;
   ^~~~~~
/home/ec2-user/arduino-testlib/cli-datadir/user/libraries/iBotX/src/iBotX.h:64:3: note: suggested alternative: &#39;TCC2&#39;
   TCCR2A |= 0b00000011;
   ^~~~~~
   TCC2
/home/ec2-user/arduino-testlib/cli-datadir/user/libraries/iBotX/src/iBotX.h:65:3: error: &#39;TCCR2B&#39; was not declared in this scope
   TCCR2B |= 0b00000100;
   ^~~~~~
/home/ec2-user/arduino-testlib/cli-datadir/user/libraries/iBotX/src/iBotX.h:65:3: note: suggested alternative: &#39;TCC2&#39;
   TCCR2B |= 0b00000100;
   ^~~~~~
   TCC2
/home/ec2-user/arduino-testlib/cli-datadir/user/libraries/iBotX/src/iBotX.h:66:3: error: &#39;TIMSK2&#39; was not declared in this scope
   TIMSK2 |= 0b00000011;
   ^~~~~~
/home/ec2-user/arduino-testlib/cli-datadir/user/libraries/iBotX/src/iBotX.h:67:3: error: &#39;OCR2A&#39; was not declared in this scope
   OCR2A = 0;
   ^~~~~
/home/ec2-user/arduino-testlib/cli-datadir/user/libraries/iBotX/src/iBotX.h:71:3: error: &#39;OCR2B&#39; was not declared in this scope
   OCR2B = 0;
   ^~~~~
/home/ec2-user/arduino-testlib/cli-datadir/user/libraries/iBotX/src/iBotX.h: In function &#39;void motor(int, int)&#39;:
/home/ec2-user/arduino-testlib/cli-datadir/user/libraries/iBotX/src/iBotX.h:213:3: error: &#39;OCR2A&#39; was not declared in this scope
   OCR2A = spd_l;
   ^~~~~
/home/ec2-user/arduino-testlib/cli-datadir/user/libraries/iBotX/src/iBotX.h:214:3: error: &#39;OCR2B&#39; was not declared in this scope
   OCR2B = spd_r;
   ^~~~~
/home/ec2-user/arduino-testlib/cli-datadir/user/libraries/iBotX/src/iBotX.h: At global scope:
/home/ec2-user/arduino-testlib/cli-datadir/user/libraries/iBotX/src/iBotX.h:278:4: error: expected constructor, destructor, or type conversion before &#39;(&#39; token
 ISR(TIMER2_COMPA_vect)
    ^
/home/ec2-user/arduino-testlib/cli-datadir/user/libraries/iBotX/src/iBotX.h:283:4: error: expected constructor, destructor, or type conversion before &#39;(&#39; token
 ISR(TIMER2_COMPB_vect)
    ^
/home/ec2-user/arduino-testlib/cli-datadir/user/libraries/iBotX/src/iBotX.h:288:4: error: expected constructor, destructor, or type conversion before &#39;(&#39; token
 ISR(TIMER2_OVF_vect)
    ^
Multiple libraries were found for &#34;Servo.h&#34;
  Used: /home/ec2-user/arduino-testlib/cli-datadir/user/libraries/Servo
  Not used: /home/ec2-user/arduino-testlib/cli-datadir/user/libraries/evive
  Not used: /home/ec2-user/arduino-testlib/cli-datadir/user/libraries/Printoo_Library
  Not used: /home/ec2-user/arduino-testlib/cli-datadir/user/libraries/ServoESP32
  Not used: /home/ec2-user/arduino-testlib/cli-datadir/user/libraries/XMC_Servo
  Not used: /home/ec2-user/arduino-testlib/cli-datadir/user/libraries/RokitSmart
</pre>

					
					<h4>examples/1_Laser</h4>
					<p>
						Result: <b>FAIL</b>
					</p>
					<pre class="pre-scrollable">WARNING: library iBotX claims to run on avr architecture(s) and may be incompatible with your current board which runs on samd architecture(s).
In file included from /home/ec2-user/arduino-testlib/cli-datadir/user/libraries/iBotX/examples/1_Laser/1_Laser.ino:1:0:
/home/ec2-user/arduino-testlib/cli-datadir/user/libraries/iBotX/src/iBotX.h: In function &#39;void iBotX()&#39;:
/home/ec2-user/arduino-testlib/cli-datadir/user/libraries/iBotX/src/iBotX.h:64:3: error: &#39;TCCR2A&#39; was not declared in this scope
   TCCR2A |= 0b00000011;
   ^~~~~~
/home/ec2-user/arduino-testlib/cli-datadir/user/libraries/iBotX/src/iBotX.h:64:3: note: suggested alternative: &#39;TCC2&#39;
   TCCR2A |= 0b00000011;
   ^~~~~~
   TCC2
/home/ec2-user/arduino-testlib/cli-datadir/user/libraries/iBotX/src/iBotX.h:65:3: error: &#39;TCCR2B&#39; was not declared in this scope
   TCCR2B |= 0b00000100;
   ^~~~~~
/home/ec2-user/arduino-testlib/cli-datadir/user/libraries/iBotX/src/iBotX.h:65:3: note: suggested alternative: &#39;TCC2&#39;
   TCCR2B |= 0b00000100;
   ^~~~~~
   TCC2
/home/ec2-user/arduino-testlib/cli-datadir/user/libraries/iBotX/src/iBotX.h:66:3: error: &#39;TIMSK2&#39; was not declared in this scope
   TIMSK2 |= 0b00000011;
   ^~~~~~
/home/ec2-user/arduino-testlib/cli-datadir/user/libraries/iBotX/src/iBotX.h:67:3: error: &#39;OCR2A&#39; was not declared in this scope
   OCR2A = 0;
   ^~~~~
/home/ec2-user/arduino-testlib/cli-datadir/user/libraries/iBotX/src/iBotX.h:71:3: error: &#39;OCR2B&#39; was not declared in this scope
   OCR2B = 0;
   ^~~~~
/home/ec2-user/arduino-testlib/cli-datadir/user/libraries/iBotX/src/iBotX.h: In function &#39;void motor(int, int)&#39;:
/home/ec2-user/arduino-testlib/cli-datadir/user/libraries/iBotX/src/iBotX.h:213:3: error: &#39;OCR2A&#39; was not declared in this scope
   OCR2A = spd_l;
   ^~~~~
/home/ec2-user/arduino-testlib/cli-datadir/user/libraries/iBotX/src/iBotX.h:214:3: error: &#39;OCR2B&#39; was not declared in this scope
   OCR2B = spd_r;
   ^~~~~
/home/ec2-user/arduino-testlib/cli-datadir/user/libraries/iBotX/src/iBotX.h: At global scope:
/home/ec2-user/arduino-testlib/cli-datadir/user/libraries/iBotX/src/iBotX.h:278:4: error: expected constructor, destructor, or type conversion before &#39;(&#39; token
 ISR(TIMER2_COMPA_vect)
    ^
/home/ec2-user/arduino-testlib/cli-datadir/user/libraries/iBotX/src/iBotX.h:283:4: error: expected constructor, destructor, or type conversion before &#39;(&#39; token
 ISR(TIMER2_COMPB_vect)
    ^
/home/ec2-user/arduino-testlib/cli-datadir/user/libraries/iBotX/src/iBotX.h:288:4: error: expected constructor, destructor, or type conversion before &#39;(&#39; token
 ISR(TIMER2_OVF_vect)
    ^
Multiple libraries were found for &#34;Servo.h&#34;
  Used: /home/ec2-user/arduino-testlib/cli-datadir/user/libraries/Servo
  Not used: /home/ec2-user/arduino-testlib/cli-datadir/user/libraries/RokitSmart
  Not used: /home/ec2-user/arduino-testlib/cli-datadir/user/libraries/XMC_Servo
  Not used: /home/ec2-user/arduino-testlib/cli-datadir/user/libraries/Printoo_Library
  Not used: /home/ec2-user/arduino-testlib/cli-datadir/user/libraries/ServoESP32
  Not used: /home/ec2-user/arduino-testlib/cli-datadir/user/libraries/evive
</pre>
					
					<h4>examples/2_Switch</h4>
					<p>
						Result: <b>FAIL</b>
					</p>
					<pre class="pre-scrollable">WARNING: library iBotX claims to run on avr architecture(s) and may be incompatible with your current board which runs on samd architecture(s).
In file included from /home/ec2-user/arduino-testlib/cli-datadir/user/libraries/iBotX/examples/2_Switch/2_Switch.ino:1:0:
/home/ec2-user/arduino-testlib/cli-datadir/user/libraries/iBotX/src/iBotX.h: In function &#39;void iBotX()&#39;:
/home/ec2-user/arduino-testlib/cli-datadir/user/libraries/iBotX/src/iBotX.h:64:3: error: &#39;TCCR2A&#39; was not declared in this scope
   TCCR2A |= 0b00000011;
   ^~~~~~
/home/ec2-user/arduino-testlib/cli-datadir/user/libraries/iBotX/src/iBotX.h:64:3: note: suggested alternative: &#39;TCC2&#39;
   TCCR2A |= 0b00000011;
   ^~~~~~
   TCC2
/home/ec2-user/arduino-testlib/cli-datadir/user/libraries/iBotX/src/iBotX.h:65:3: error: &#39;TCCR2B&#39; was not declared in this scope
   TCCR2B |= 0b00000100;
   ^~~~~~
/home/ec2-user/arduino-testlib/cli-datadir/user/libraries/iBotX/src/iBotX.h:65:3: note: suggested alternative: &#39;TCC2&#39;
   TCCR2B |= 0b00000100;
   ^~~~~~
   TCC2
/home/ec2-user/arduino-testlib/cli-datadir/user/libraries/iBotX/src/iBotX.h:66:3: error: &#39;TIMSK2&#39; was not declared in this scope
   TIMSK2 |= 0b00000011;
   ^~~~~~
/home/ec2-user/arduino-testlib/cli-datadir/user/libraries/iBotX/src/iBotX.h:67:3: error: &#39;OCR2A&#39; was not declared in this scope
   OCR2A = 0;
   ^~~~~
/home/ec2-user/arduino-testlib/cli-datadir/user/libraries/iBotX/src/iBotX.h:71:3: error: &#39;OCR2B&#39; was not declared in this scope
   OCR2B = 0;
   ^~~~~
/home/ec2-user/arduino-testlib/cli-datadir/user/libraries/iBotX/src/iBotX.h: In function &#39;void motor(int, int)&#39;:
/home/ec2-user/arduino-testlib/cli-datadir/user/libraries/iBotX/src/iBotX.h:213:3: error: &#39;OCR2A&#39; was not declared in this scope
   OCR2A = spd_l;
   ^~~~~
/home/ec2-user/arduino-testlib/cli-datadir/user/libraries/iBotX/src/iBotX.h:214:3: error: &#39;OCR2B&#39; was not declared in this scope
   OCR2B = spd_r;
   ^~~~~
/home/ec2-user/arduino-testlib/cli-datadir/user/libraries/iBotX/src/iBotX.h: At global scope:
/home/ec2-user/arduino-testlib/cli-datadir/user/libraries/iBotX/src/iBotX.h:278:4: error: expected constructor, destructor, or type conversion before &#39;(&#39; token
 ISR(TIMER2_COMPA_vect)
    ^
/home/ec2-user/arduino-testlib/cli-datadir/user/libraries/iBotX/src/iBotX.h:283:4: error: expected constructor, destructor, or type conversion before &#39;(&#39; token
 ISR(TIMER2_COMPB_vect)
    ^
/home/ec2-user/arduino-testlib/cli-datadir/user/libraries/iBotX/src/iBotX.h:288:4: error: expected constructor, destructor, or type conversion before &#39;(&#39; token
 ISR(TIMER2_OVF_vect)
    ^
Multiple libraries were found for &#34;Servo.h&#34;
  Used: /home/ec2-user/arduino-testlib/cli-datadir/user/libraries/Servo
  Not used: /home/ec2-user/arduino-testlib/cli-datadir/user/libraries/Printoo_Library
  Not used: /home/ec2-user/arduino-testlib/cli-datadir/user/libraries/RokitSmart
  Not used: /home/ec2-user/arduino-testlib/cli-datadir/user/libraries/ServoESP32
  Not used: /home/ec2-user/arduino-testlib/cli-datadir/user/libraries/evive
  Not used: /home/ec2-user/arduino-testlib/cli-datadir/user/libraries/XMC_Servo
</pre>
					
					<h4>examples/3_Switch_select</h4>
					<p>
						Result: <b>FAIL</b>
					</p>
					<pre class="pre-scrollable">WARNING: library iBotX claims to run on avr architecture(s) and may be incompatible with your current board which runs on samd architecture(s).
In file included from /home/ec2-user/arduino-testlib/cli-datadir/user/libraries/iBotX/examples/3_Switch_select/3_Switch_select.ino:1:0:
/home/ec2-user/arduino-testlib/cli-datadir/user/libraries/iBotX/src/iBotX.h: In function &#39;void iBotX()&#39;:
/home/ec2-user/arduino-testlib/cli-datadir/user/libraries/iBotX/src/iBotX.h:64:3: error: &#39;TCCR2A&#39; was not declared in this scope
   TCCR2A |= 0b00000011;
   ^~~~~~
/home/ec2-user/arduino-testlib/cli-datadir/user/libraries/iBotX/src/iBotX.h:64:3: note: suggested alternative: &#39;TCC2&#39;
   TCCR2A |= 0b00000011;
   ^~~~~~
   TCC2
/home/ec2-user/arduino-testlib/cli-datadir/user/libraries/iBotX/src/iBotX.h:65:3: error: &#39;TCCR2B&#39; was not declared in this scope
   TCCR2B |= 0b00000100;
   ^~~~~~
/home/ec2-user/arduino-testlib/cli-datadir/user/libraries/iBotX/src/iBotX.h:65:3: note: suggested alternative: &#39;TCC2&#39;
   TCCR2B |= 0b00000100;
   ^~~~~~
   TCC2
/home/ec2-user/arduino-testlib/cli-datadir/user/libraries/iBotX/src/iBotX.h:66:3: error: &#39;TIMSK2&#39; was not declared in this scope
   TIMSK2 |= 0b00000011;
   ^~~~~~
/home/ec2-user/arduino-testlib/cli-datadir/user/libraries/iBotX/src/iBotX.h:67:3: error: &#39;OCR2A&#39; was not declared in this scope
   OCR2A = 0;
   ^~~~~
/home/ec2-user/arduino-testlib/cli-datadir/user/libraries/iBotX/src/iBotX.h:71:3: error: &#39;OCR2B&#39; was not declared in this scope
   OCR2B = 0;
   ^~~~~
/home/ec2-user/arduino-testlib/cli-datadir/user/libraries/iBotX/src/iBotX.h: In function &#39;void motor(int, int)&#39;:
/home/ec2-user/arduino-testlib/cli-datadir/user/libraries/iBotX/src/iBotX.h:213:3: error: &#39;OCR2A&#39; was not declared in this scope
   OCR2A = spd_l;
   ^~~~~
/home/ec2-user/arduino-testlib/cli-datadir/user/libraries/iBotX/src/iBotX.h:214:3: error: &#39;OCR2B&#39; was not declared in this scope
   OCR2B = spd_r;
   ^~~~~
/home/ec2-user/arduino-testlib/cli-datadir/user/libraries/iBotX/src/iBotX.h: At global scope:
/home/ec2-user/arduino-testlib/cli-datadir/user/libraries/iBotX/src/iBotX.h:278:4: error: expected constructor, destructor, or type conversion before &#39;(&#39; token
 ISR(TIMER2_COMPA_vect)
    ^
/home/ec2-user/arduino-testlib/cli-datadir/user/libraries/iBotX/src/iBotX.h:283:4: error: expected constructor, destructor, or type conversion before &#39;(&#39; token
 ISR(TIMER2_COMPB_vect)
    ^
/home/ec2-user/arduino-testlib/cli-datadir/user/libraries/iBotX/src/iBotX.h:288:4: error: expected constructor, destructor, or type conversion before &#39;(&#39; token
 ISR(TIMER2_OVF_vect)
    ^
Multiple libraries were found for &#34;Servo.h&#34;
  Used: /home/ec2-user/arduino-testlib/cli-datadir/user/libraries/Servo
  Not used: /home/ec2-user/arduino-testlib/cli-datadir/user/libraries/XMC_Servo
  Not used: /home/ec2-user/arduino-testlib/cli-datadir/user/libraries/Printoo_Library
  Not used: /home/ec2-user/arduino-testlib/cli-datadir/user/libraries/RokitSmart
  Not used: /home/ec2-user/arduino-testlib/cli-datadir/user/libraries/evive
  Not used: /home/ec2-user/arduino-testlib/cli-datadir/user/libraries/ServoESP32
</pre>
					
					<h4>examples/4_Serial</h4>
					<p>
						Result: <b>FAIL</b>
					</p>
					<pre class="pre-scrollable">WARNING: library iBotX claims to run on avr architecture(s) and may be incompatible with your current board which runs on samd architecture(s).
In file included from /home/ec2-user/arduino-testlib/cli-datadir/user/libraries/iBotX/examples/4_Serial/4_Serial.ino:1:0:
/home/ec2-user/arduino-testlib/cli-datadir/user/libraries/iBotX/src/iBotX.h: In function &#39;void iBotX()&#39;:
/home/ec2-user/arduino-testlib/cli-datadir/user/libraries/iBotX/src/iBotX.h:64:3: error: &#39;TCCR2A&#39; was not declared in this scope
   TCCR2A |= 0b00000011;
   ^~~~~~
/home/ec2-user/arduino-testlib/cli-datadir/user/libraries/iBotX/src/iBotX.h:64:3: note: suggested alternative: &#39;TCC2&#39;
   TCCR2A |= 0b00000011;
   ^~~~~~
   TCC2
/home/ec2-user/arduino-testlib/cli-datadir/user/libraries/iBotX/src/iBotX.h:65:3: error: &#39;TCCR2B&#39; was not declared in this scope
   TCCR2B |= 0b00000100;
   ^~~~~~
/home/ec2-user/arduino-testlib/cli-datadir/user/libraries/iBotX/src/iBotX.h:65:3: note: suggested alternative: &#39;TCC2&#39;
   TCCR2B |= 0b00000100;
   ^~~~~~
   TCC2
/home/ec2-user/arduino-testlib/cli-datadir/user/libraries/iBotX/src/iBotX.h:66:3: error: &#39;TIMSK2&#39; was not declared in this scope
   TIMSK2 |= 0b00000011;
   ^~~~~~
/home/ec2-user/arduino-testlib/cli-datadir/user/libraries/iBotX/src/iBotX.h:67:3: error: &#39;OCR2A&#39; was not declared in this scope
   OCR2A = 0;
   ^~~~~
/home/ec2-user/arduino-testlib/cli-datadir/user/libraries/iBotX/src/iBotX.h:71:3: error: &#39;OCR2B&#39; was not declared in this scope
   OCR2B = 0;
   ^~~~~
/home/ec2-user/arduino-testlib/cli-datadir/user/libraries/iBotX/src/iBotX.h: In function &#39;void motor(int, int)&#39;:
/home/ec2-user/arduino-testlib/cli-datadir/user/libraries/iBotX/src/iBotX.h:213:3: error: &#39;OCR2A&#39; was not declared in this scope
   OCR2A = spd_l;
   ^~~~~
/home/ec2-user/arduino-testlib/cli-datadir/user/libraries/iBotX/src/iBotX.h:214:3: error: &#39;OCR2B&#39; was not declared in this scope
   OCR2B = spd_r;
   ^~~~~
/home/ec2-user/arduino-testlib/cli-datadir/user/libraries/iBotX/src/iBotX.h: At global scope:
/home/ec2-user/arduino-testlib/cli-datadir/user/libraries/iBotX/src/iBotX.h:278:4: error: expected constructor, destructor, or type conversion before &#39;(&#39; token
 ISR(TIMER2_COMPA_vect)
    ^
/home/ec2-user/arduino-testlib/cli-datadir/user/libraries/iBotX/src/iBotX.h:283:4: error: expected constructor, destructor, or type conversion before &#39;(&#39; token
 ISR(TIMER2_COMPB_vect)
    ^
/home/ec2-user/arduino-testlib/cli-datadir/user/libraries/iBotX/src/iBotX.h:288:4: error: expected constructor, destructor, or type conversion before &#39;(&#39; token
 ISR(TIMER2_OVF_vect)
    ^
Multiple libraries were found for &#34;Servo.h&#34;
  Used: /home/ec2-user/arduino-testlib/cli-datadir/user/libraries/Servo
  Not used: /home/ec2-user/arduino-testlib/cli-datadir/user/libraries/XMC_Servo
  Not used: /home/ec2-user/arduino-testlib/cli-datadir/user/libraries/RokitSmart
  Not used: /home/ec2-user/arduino-testlib/cli-datadir/user/libraries/Printoo_Library
  Not used: /home/ec2-user/arduino-testlib/cli-datadir/user/libraries/ServoESP32
  Not used: /home/ec2-user/arduino-testlib/cli-datadir/user/libraries/evive
</pre>
					
					<h4>examples/5_IR_sensor</h4>
					<p>
						Result: <b>FAIL</b>
					</p>
					<pre class="pre-scrollable">WARNING: library iBotX claims to run on avr architecture(s) and may be incompatible with your current board which runs on samd architecture(s).
In file included from /home/ec2-user/arduino-testlib/cli-datadir/user/libraries/iBotX/examples/5_IR_sensor/5_IR_sensor.ino:1:0:
/home/ec2-user/arduino-testlib/cli-datadir/user/libraries/iBotX/src/iBotX.h: In function &#39;void iBotX()&#39;:
/home/ec2-user/arduino-testlib/cli-datadir/user/libraries/iBotX/src/iBotX.h:64:3: error: &#39;TCCR2A&#39; was not declared in this scope
   TCCR2A |= 0b00000011;
   ^~~~~~
/home/ec2-user/arduino-testlib/cli-datadir/user/libraries/iBotX/src/iBotX.h:64:3: note: suggested alternative: &#39;TCC2&#39;
   TCCR2A |= 0b00000011;
   ^~~~~~
   TCC2
/home/ec2-user/arduino-testlib/cli-datadir/user/libraries/iBotX/src/iBotX.h:65:3: error: &#39;TCCR2B&#39; was not declared in this scope
   TCCR2B |= 0b00000100;
   ^~~~~~
/home/ec2-user/arduino-testlib/cli-datadir/user/libraries/iBotX/src/iBotX.h:65:3: note: suggested alternative: &#39;TCC2&#39;
   TCCR2B |= 0b00000100;
   ^~~~~~
   TCC2
/home/ec2-user/arduino-testlib/cli-datadir/user/libraries/iBotX/src/iBotX.h:66:3: error: &#39;TIMSK2&#39; was not declared in this scope
   TIMSK2 |= 0b00000011;
   ^~~~~~
/home/ec2-user/arduino-testlib/cli-datadir/user/libraries/iBotX/src/iBotX.h:67:3: error: &#39;OCR2A&#39; was not declared in this scope
   OCR2A = 0;
   ^~~~~
/home/ec2-user/arduino-testlib/cli-datadir/user/libraries/iBotX/src/iBotX.h:71:3: error: &#39;OCR2B&#39; was not declared in this scope
   OCR2B = 0;
   ^~~~~
/home/ec2-user/arduino-testlib/cli-datadir/user/libraries/iBotX/src/iBotX.h: In function &#39;void motor(int, int)&#39;:
/home/ec2-user/arduino-testlib/cli-datadir/user/libraries/iBotX/src/iBotX.h:213:3: error: &#39;OCR2A&#39; was not declared in this scope
   OCR2A = spd_l;
   ^~~~~
/home/ec2-user/arduino-testlib/cli-datadir/user/libraries/iBotX/src/iBotX.h:214:3: error: &#39;OCR2B&#39; was not declared in this scope
   OCR2B = spd_r;
   ^~~~~
/home/ec2-user/arduino-testlib/cli-datadir/user/libraries/iBotX/src/iBotX.h: At global scope:
/home/ec2-user/arduino-testlib/cli-datadir/user/libraries/iBotX/src/iBotX.h:278:4: error: expected constructor, destructor, or type conversion before &#39;(&#39; token
 ISR(TIMER2_COMPA_vect)
    ^
/home/ec2-user/arduino-testlib/cli-datadir/user/libraries/iBotX/src/iBotX.h:283:4: error: expected constructor, destructor, or type conversion before &#39;(&#39; token
 ISR(TIMER2_COMPB_vect)
    ^
/home/ec2-user/arduino-testlib/cli-datadir/user/libraries/iBotX/src/iBotX.h:288:4: error: expected constructor, destructor, or type conversion before &#39;(&#39; token
 ISR(TIMER2_OVF_vect)
    ^
Multiple libraries were found for &#34;Servo.h&#34;
  Used: /home/ec2-user/arduino-testlib/cli-datadir/user/libraries/Servo
  Not used: /home/ec2-user/arduino-testlib/cli-datadir/user/libraries/Printoo_Library
  Not used: /home/ec2-user/arduino-testlib/cli-datadir/user/libraries/RokitSmart
  Not used: /home/ec2-user/arduino-testlib/cli-datadir/user/libraries/ServoESP32
  Not used: /home/ec2-user/arduino-testlib/cli-datadir/user/libraries/evive
  Not used: /home/ec2-user/arduino-testlib/cli-datadir/user/libraries/XMC_Servo
</pre>
					
					<h4>examples/6_Motor</h4>
					<p>
						Result: <b>FAIL</b>
					</p>
					<pre class="pre-scrollable">WARNING: library iBotX claims to run on avr architecture(s) and may be incompatible with your current board which runs on samd architecture(s).
In file included from /home/ec2-user/arduino-testlib/cli-datadir/user/libraries/iBotX/examples/6_Motor/6_Motor.ino:1:0:
/home/ec2-user/arduino-testlib/cli-datadir/user/libraries/iBotX/src/iBotX.h: In function &#39;void iBotX()&#39;:
/home/ec2-user/arduino-testlib/cli-datadir/user/libraries/iBotX/src/iBotX.h:64:3: error: &#39;TCCR2A&#39; was not declared in this scope
   TCCR2A |= 0b00000011;
   ^~~~~~
/home/ec2-user/arduino-testlib/cli-datadir/user/libraries/iBotX/src/iBotX.h:64:3: note: suggested alternative: &#39;TCC2&#39;
   TCCR2A |= 0b00000011;
   ^~~~~~
   TCC2
/home/ec2-user/arduino-testlib/cli-datadir/user/libraries/iBotX/src/iBotX.h:65:3: error: &#39;TCCR2B&#39; was not declared in this scope
   TCCR2B |= 0b00000100;
   ^~~~~~
/home/ec2-user/arduino-testlib/cli-datadir/user/libraries/iBotX/src/iBotX.h:65:3: note: suggested alternative: &#39;TCC2&#39;
   TCCR2B |= 0b00000100;
   ^~~~~~
   TCC2
/home/ec2-user/arduino-testlib/cli-datadir/user/libraries/iBotX/src/iBotX.h:66:3: error: &#39;TIMSK2&#39; was not declared in this scope
   TIMSK2 |= 0b00000011;
   ^~~~~~
/home/ec2-user/arduino-testlib/cli-datadir/user/libraries/iBotX/src/iBotX.h:67:3: error: &#39;OCR2A&#39; was not declared in this scope
   OCR2A = 0;
   ^~~~~
/home/ec2-user/arduino-testlib/cli-datadir/user/libraries/iBotX/src/iBotX.h:71:3: error: &#39;OCR2B&#39; was not declared in this scope
   OCR2B = 0;
   ^~~~~
/home/ec2-user/arduino-testlib/cli-datadir/user/libraries/iBotX/src/iBotX.h: In function &#39;void motor(int, int)&#39;:
/home/ec2-user/arduino-testlib/cli-datadir/user/libraries/iBotX/src/iBotX.h:213:3: error: &#39;OCR2A&#39; was not declared in this scope
   OCR2A = spd_l;
   ^~~~~
/home/ec2-user/arduino-testlib/cli-datadir/user/libraries/iBotX/src/iBotX.h:214:3: error: &#39;OCR2B&#39; was not declared in this scope
   OCR2B = spd_r;
   ^~~~~
/home/ec2-user/arduino-testlib/cli-datadir/user/libraries/iBotX/src/iBotX.h: At global scope:
/home/ec2-user/arduino-testlib/cli-datadir/user/libraries/iBotX/src/iBotX.h:278:4: error: expected constructor, destructor, or type conversion before &#39;(&#39; token
 ISR(TIMER2_COMPA_vect)
    ^
/home/ec2-user/arduino-testlib/cli-datadir/user/libraries/iBotX/src/iBotX.h:283:4: error: expected constructor, destructor, or type conversion before &#39;(&#39; token
 ISR(TIMER2_COMPB_vect)
    ^
/home/ec2-user/arduino-testlib/cli-datadir/user/libraries/iBotX/src/iBotX.h:288:4: error: expected constructor, destructor, or type conversion before &#39;(&#39; token
 ISR(TIMER2_OVF_vect)
    ^
Multiple libraries were found for &#34;Servo.h&#34;
  Used: /home/ec2-user/arduino-testlib/cli-datadir/user/libraries/Servo
  Not used: /home/ec2-user/arduino-testlib/cli-datadir/user/libraries/XMC_Servo
  Not used: /home/ec2-user/arduino-testlib/cli-datadir/user/libraries/evive
  Not used: /home/ec2-user/arduino-testlib/cli-datadir/user/libraries/RokitSmart
  Not used: /home/ec2-user/arduino-testlib/cli-datadir/user/libraries/Printoo_Library
  Not used: /home/ec2-user/arduino-testlib/cli-datadir/user/libraries/ServoESP32
</pre>
					
					<h4>examples/7_Line_follower</h4>
					<p>
						Result: <b>FAIL</b>
					</p>
					<pre class="pre-scrollable">WARNING: library iBotX claims to run on avr architecture(s) and may be incompatible with your current board which runs on samd architecture(s).
In file included from /home/ec2-user/arduino-testlib/cli-datadir/user/libraries/iBotX/examples/7_Line_follower/7_Line_follower.ino:1:0:
/home/ec2-user/arduino-testlib/cli-datadir/user/libraries/iBotX/src/iBotX.h: In function &#39;void iBotX()&#39;:
/home/ec2-user/arduino-testlib/cli-datadir/user/libraries/iBotX/src/iBotX.h:64:3: error: &#39;TCCR2A&#39; was not declared in this scope
   TCCR2A |= 0b00000011;
   ^~~~~~
/home/ec2-user/arduino-testlib/cli-datadir/user/libraries/iBotX/src/iBotX.h:64:3: note: suggested alternative: &#39;TCC2&#39;
   TCCR2A |= 0b00000011;
   ^~~~~~
   TCC2
/home/ec2-user/arduino-testlib/cli-datadir/user/libraries/iBotX/src/iBotX.h:65:3: error: &#39;TCCR2B&#39; was not declared in this scope
   TCCR2B |= 0b00000100;
   ^~~~~~
/home/ec2-user/arduino-testlib/cli-datadir/user/libraries/iBotX/src/iBotX.h:65:3: note: suggested alternative: &#39;TCC2&#39;
   TCCR2B |= 0b00000100;
   ^~~~~~
   TCC2
/home/ec2-user/arduino-testlib/cli-datadir/user/libraries/iBotX/src/iBotX.h:66:3: error: &#39;TIMSK2&#39; was not declared in this scope
   TIMSK2 |= 0b00000011;
   ^~~~~~
/home/ec2-user/arduino-testlib/cli-datadir/user/libraries/iBotX/src/iBotX.h:67:3: error: &#39;OCR2A&#39; was not declared in this scope
   OCR2A = 0;
   ^~~~~
/home/ec2-user/arduino-testlib/cli-datadir/user/libraries/iBotX/src/iBotX.h:71:3: error: &#39;OCR2B&#39; was not declared in this scope
   OCR2B = 0;
   ^~~~~
/home/ec2-user/arduino-testlib/cli-datadir/user/libraries/iBotX/src/iBotX.h: In function &#39;void motor(int, int)&#39;:
/home/ec2-user/arduino-testlib/cli-datadir/user/libraries/iBotX/src/iBotX.h:213:3: error: &#39;OCR2A&#39; was not declared in this scope
   OCR2A = spd_l;
   ^~~~~
/home/ec2-user/arduino-testlib/cli-datadir/user/libraries/iBotX/src/iBotX.h:214:3: error: &#39;OCR2B&#39; was not declared in this scope
   OCR2B = spd_r;
   ^~~~~
/home/ec2-user/arduino-testlib/cli-datadir/user/libraries/iBotX/src/iBotX.h: At global scope:
/home/ec2-user/arduino-testlib/cli-datadir/user/libraries/iBotX/src/iBotX.h:278:4: error: expected constructor, destructor, or type conversion before &#39;(&#39; token
 ISR(TIMER2_COMPA_vect)
    ^
/home/ec2-user/arduino-testlib/cli-datadir/user/libraries/iBotX/src/iBotX.h:283:4: error: expected constructor, destructor, or type conversion before &#39;(&#39; token
 ISR(TIMER2_COMPB_vect)
    ^
/home/ec2-user/arduino-testlib/cli-datadir/user/libraries/iBotX/src/iBotX.h:288:4: error: expected constructor, destructor, or type conversion before &#39;(&#39; token
 ISR(TIMER2_OVF_vect)
    ^
Multiple libraries were found for &#34;Servo.h&#34;
  Used: /home/ec2-user/arduino-testlib/cli-datadir/user/libraries/Servo
  Not used: /home/ec2-user/arduino-testlib/cli-datadir/user/libraries/evive
  Not used: /home/ec2-user/arduino-testlib/cli-datadir/user/libraries/ServoESP32
  Not used: /home/ec2-user/arduino-testlib/cli-datadir/user/libraries/XMC_Servo
  Not used: /home/ec2-user/arduino-testlib/cli-datadir/user/libraries/RokitSmart
  Not used: /home/ec2-user/arduino-testlib/cli-datadir/user/libraries/Printoo_Library
</pre>
					
					<h4>examples/8_Ultrasonic</h4>
					<p>
						Result: <b>FAIL</b>
					</p>
					<pre class="pre-scrollable">WARNING: library iBotX claims to run on avr architecture(s) and may be incompatible with your current board which runs on samd architecture(s).
In file included from /home/ec2-user/arduino-testlib/cli-datadir/user/libraries/iBotX/examples/8_Ultrasonic/8_Ultrasonic.ino:1:0:
/home/ec2-user/arduino-testlib/cli-datadir/user/libraries/iBotX/src/iBotX.h: In function &#39;void iBotX()&#39;:
/home/ec2-user/arduino-testlib/cli-datadir/user/libraries/iBotX/src/iBotX.h:64:3: error: &#39;TCCR2A&#39; was not declared in this scope
   TCCR2A |= 0b00000011;
   ^~~~~~
/home/ec2-user/arduino-testlib/cli-datadir/user/libraries/iBotX/src/iBotX.h:64:3: note: suggested alternative: &#39;TCC2&#39;
   TCCR2A |= 0b00000011;
   ^~~~~~
   TCC2
/home/ec2-user/arduino-testlib/cli-datadir/user/libraries/iBotX/src/iBotX.h:65:3: error: &#39;TCCR2B&#39; was not declared in this scope
   TCCR2B |= 0b00000100;
   ^~~~~~
/home/ec2-user/arduino-testlib/cli-datadir/user/libraries/iBotX/src/iBotX.h:65:3: note: suggested alternative: &#39;TCC2&#39;
   TCCR2B |= 0b00000100;
   ^~~~~~
   TCC2
/home/ec2-user/arduino-testlib/cli-datadir/user/libraries/iBotX/src/iBotX.h:66:3: error: &#39;TIMSK2&#39; was not declared in this scope
   TIMSK2 |= 0b00000011;
   ^~~~~~
/home/ec2-user/arduino-testlib/cli-datadir/user/libraries/iBotX/src/iBotX.h:67:3: error: &#39;OCR2A&#39; was not declared in this scope
   OCR2A = 0;
   ^~~~~
/home/ec2-user/arduino-testlib/cli-datadir/user/libraries/iBotX/src/iBotX.h:71:3: error: &#39;OCR2B&#39; was not declared in this scope
   OCR2B = 0;
   ^~~~~
/home/ec2-user/arduino-testlib/cli-datadir/user/libraries/iBotX/src/iBotX.h: In function &#39;void motor(int, int)&#39;:
/home/ec2-user/arduino-testlib/cli-datadir/user/libraries/iBotX/src/iBotX.h:213:3: error: &#39;OCR2A&#39; was not declared in this scope
   OCR2A = spd_l;
   ^~~~~
/home/ec2-user/arduino-testlib/cli-datadir/user/libraries/iBotX/src/iBotX.h:214:3: error: &#39;OCR2B&#39; was not declared in this scope
   OCR2B = spd_r;
   ^~~~~
/home/ec2-user/arduino-testlib/cli-datadir/user/libraries/iBotX/src/iBotX.h: At global scope:
/home/ec2-user/arduino-testlib/cli-datadir/user/libraries/iBotX/src/iBotX.h:278:4: error: expected constructor, destructor, or type conversion before &#39;(&#39; token
 ISR(TIMER2_COMPA_vect)
    ^
/home/ec2-user/arduino-testlib/cli-datadir/user/libraries/iBotX/src/iBotX.h:283:4: error: expected constructor, destructor, or type conversion before &#39;(&#39; token
 ISR(TIMER2_COMPB_vect)
    ^
/home/ec2-user/arduino-testlib/cli-datadir/user/libraries/iBotX/src/iBotX.h:288:4: error: expected constructor, destructor, or type conversion before &#39;(&#39; token
 ISR(TIMER2_OVF_vect)
    ^
Multiple libraries were found for &#34;Servo.h&#34;
  Used: /home/ec2-user/arduino-testlib/cli-datadir/user/libraries/Servo
  Not used: /home/ec2-user/arduino-testlib/cli-datadir/user/libraries/XMC_Servo
  Not used: /home/ec2-user/arduino-testlib/cli-datadir/user/libraries/evive
  Not used: /home/ec2-user/arduino-testlib/cli-datadir/user/libraries/RokitSmart
  Not used: /home/ec2-user/arduino-testlib/cli-datadir/user/libraries/Printoo_Library
  Not used: /home/ec2-user/arduino-testlib/cli-datadir/user/libraries/ServoESP32
</pre>
					
					<h4>examples/9_Servo</h4>
					<p>
						Result: <b>FAIL</b>
					</p>
					<pre class="pre-scrollable">WARNING: library iBotX claims to run on avr architecture(s) and may be incompatible with your current board which runs on samd architecture(s).
In file included from /home/ec2-user/arduino-testlib/cli-datadir/user/libraries/iBotX/examples/9_Servo/9_Servo.ino:1:0:
/home/ec2-user/arduino-testlib/cli-datadir/user/libraries/iBotX/src/iBotX.h: In function &#39;void iBotX()&#39;:
/home/ec2-user/arduino-testlib/cli-datadir/user/libraries/iBotX/src/iBotX.h:64:3: error: &#39;TCCR2A&#39; was not declared in this scope
   TCCR2A |= 0b00000011;
   ^~~~~~
/home/ec2-user/arduino-testlib/cli-datadir/user/libraries/iBotX/src/iBotX.h:64:3: note: suggested alternative: &#39;TCC2&#39;
   TCCR2A |= 0b00000011;
   ^~~~~~
   TCC2
/home/ec2-user/arduino-testlib/cli-datadir/user/libraries/iBotX/src/iBotX.h:65:3: error: &#39;TCCR2B&#39; was not declared in this scope
   TCCR2B |= 0b00000100;
   ^~~~~~
/home/ec2-user/arduino-testlib/cli-datadir/user/libraries/iBotX/src/iBotX.h:65:3: note: suggested alternative: &#39;TCC2&#39;
   TCCR2B |= 0b00000100;
   ^~~~~~
   TCC2
/home/ec2-user/arduino-testlib/cli-datadir/user/libraries/iBotX/src/iBotX.h:66:3: error: &#39;TIMSK2&#39; was not declared in this scope
   TIMSK2 |= 0b00000011;
   ^~~~~~
/home/ec2-user/arduino-testlib/cli-datadir/user/libraries/iBotX/src/iBotX.h:67:3: error: &#39;OCR2A&#39; was not declared in this scope
   OCR2A = 0;
   ^~~~~
/home/ec2-user/arduino-testlib/cli-datadir/user/libraries/iBotX/src/iBotX.h:71:3: error: &#39;OCR2B&#39; was not declared in this scope
   OCR2B = 0;
   ^~~~~
/home/ec2-user/arduino-testlib/cli-datadir/user/libraries/iBotX/src/iBotX.h: In function &#39;void motor(int, int)&#39;:
/home/ec2-user/arduino-testlib/cli-datadir/user/libraries/iBotX/src/iBotX.h:213:3: error: &#39;OCR2A&#39; was not declared in this scope
   OCR2A = spd_l;
   ^~~~~
/home/ec2-user/arduino-testlib/cli-datadir/user/libraries/iBotX/src/iBotX.h:214:3: error: &#39;OCR2B&#39; was not declared in this scope
   OCR2B = spd_r;
   ^~~~~
/home/ec2-user/arduino-testlib/cli-datadir/user/libraries/iBotX/src/iBotX.h: At global scope:
/home/ec2-user/arduino-testlib/cli-datadir/user/libraries/iBotX/src/iBotX.h:278:4: error: expected constructor, destructor, or type conversion before &#39;(&#39; token
 ISR(TIMER2_COMPA_vect)
    ^
/home/ec2-user/arduino-testlib/cli-datadir/user/libraries/iBotX/src/iBotX.h:283:4: error: expected constructor, destructor, or type conversion before &#39;(&#39; token
 ISR(TIMER2_COMPB_vect)
    ^
/home/ec2-user/arduino-testlib/cli-datadir/user/libraries/iBotX/src/iBotX.h:288:4: error: expected constructor, destructor, or type conversion before &#39;(&#39; token
 ISR(TIMER2_OVF_vect)
    ^
Multiple libraries were found for &#34;Servo.h&#34;
  Used: /home/ec2-user/arduino-testlib/cli-datadir/user/libraries/Servo
  Not used: /home/ec2-user/arduino-testlib/cli-datadir/user/libraries/Printoo_Library
  Not used: /home/ec2-user/arduino-testlib/cli-datadir/user/libraries/evive
  Not used: /home/ec2-user/arduino-testlib/cli-datadir/user/libraries/ServoESP32
  Not used: /home/ec2-user/arduino-testlib/cli-datadir/user/libraries/RokitSmart
  Not used: /home/ec2-user/arduino-testlib/cli-datadir/user/libraries/XMC_Servo
</pre>
					
				
				<h3 id="esp32:esp32:d1_mini32">esp32:esp32:d1_mini32 @ 1.0.6</h3>
				<h4>Inclusion</h4>
				<p>
					Result: <b>FAIL</b>
					
				</p>
				<pre class="pre-scrollable">WARNING: library iBotX claims to run on avr architecture(s) and may be incompatible with your current board which runs on esp32 architecture(s).
In file included from /tmp/arduino-testlib1022429920/test/test.ino:1:0:
/home/ec2-user/arduino-testlib/cli-datadir/user/libraries/iBotX/src/iBotX.h: In function &#39;void iBotX()&#39;:
/home/ec2-user/arduino-testlib/cli-datadir/user/libraries/iBotX/src/iBotX.h:64:3: error: &#39;TCCR2A&#39; was not declared in this scope
   TCCR2A |= 0b00000011;
   ^
/home/ec2-user/arduino-testlib/cli-datadir/user/libraries/iBotX/src/iBotX.h:65:3: error: &#39;TCCR2B&#39; was not declared in this scope
   TCCR2B |= 0b00000100;
   ^
/home/ec2-user/arduino-testlib/cli-datadir/user/libraries/iBotX/src/iBotX.h:66:3: error: &#39;TIMSK2&#39; was not declared in this scope
   TIMSK2 |= 0b00000011;
   ^
/home/ec2-user/arduino-testlib/cli-datadir/user/libraries/iBotX/src/iBotX.h:67:3: error: &#39;OCR2A&#39; was not declared in this scope
   OCR2A = 0;
   ^
/home/ec2-user/arduino-testlib/cli-datadir/user/libraries/iBotX/src/iBotX.h:71:3: error: &#39;OCR2B&#39; was not declared in this scope
   OCR2B = 0;
   ^
/home/ec2-user/arduino-testlib/cli-datadir/user/libraries/iBotX/src/iBotX.h: In function &#39;uint8_t sensor4()&#39;:
/home/ec2-user/arduino-testlib/cli-datadir/user/libraries/iBotX/src/iBotX.h:28:30: error: &#39;A2&#39; was not declared in this scope
 #define SENS_RIGHT_INNER_PIN A2
                              ^
/home/ec2-user/arduino-testlib/cli-datadir/user/libraries/iBotX/src/iBotX.h:159:20: note: in expansion of macro &#39;SENS_RIGHT_INNER_PIN&#39;
  return analogRead(SENS_RIGHT_INNER_PIN);
                    ^
/home/ec2-user/arduino-testlib/cli-datadir/user/libraries/iBotX/src/iBotX.h: In function &#39;uint8_t sensor5()&#39;:
/home/ec2-user/arduino-testlib/cli-datadir/user/libraries/iBotX/src/iBotX.h:29:30: error: &#39;A1&#39; was not declared in this scope
 #define SENS_RIGHT_OUTER_PIN A1
                              ^
/home/ec2-user/arduino-testlib/cli-datadir/user/libraries/iBotX/src/iBotX.h:164:20: note: in expansion of macro &#39;SENS_RIGHT_OUTER_PIN&#39;
  return analogRead(SENS_RIGHT_OUTER_PIN);
                    ^
/home/ec2-user/arduino-testlib/cli-datadir/user/libraries/iBotX/src/iBotX.h: In function &#39;void motor(int, int)&#39;:
/home/ec2-user/arduino-testlib/cli-datadir/user/libraries/iBotX/src/iBotX.h:213:3: error: &#39;OCR2A&#39; was not declared in this scope
   OCR2A = spd_l;
   ^
/home/ec2-user/arduino-testlib/cli-datadir/user/libraries/iBotX/src/iBotX.h:214:3: error: &#39;OCR2B&#39; was not declared in this scope
   OCR2B = spd_r;
   ^
/home/ec2-user/arduino-testlib/cli-datadir/user/libraries/iBotX/src/iBotX.h: At global scope:
/home/ec2-user/arduino-testlib/cli-datadir/user/libraries/iBotX/src/iBotX.h:278:4: error: expected constructor, destructor, or type conversion before &#39;(&#39; token
 ISR(TIMER2_COMPA_vect)
    ^
/home/ec2-user/arduino-testlib/cli-datadir/user/libraries/iBotX/src/iBotX.h:283:4: error: expected constructor, destructor, or type conversion before &#39;(&#39; token
 ISR(TIMER2_COMPB_vect)
    ^
/home/ec2-user/arduino-testlib/cli-datadir/user/libraries/iBotX/src/iBotX.h:288:4: error: expected constructor, destructor, or type conversion before &#39;(&#39; token
 ISR(TIMER2_OVF_vect)
    ^
Multiple libraries were found for &#34;Servo.h&#34;
  Used: /home/ec2-user/arduino-testlib/cli-datadir/user/libraries/ServoESP32
  Not used: /home/ec2-user/arduino-testlib/cli-datadir/user/libraries/XMC_Servo
  Not used: /home/ec2-user/arduino-testlib/cli-datadir/user/libraries/Printoo_Library
  Not used: /home/ec2-user/arduino-testlib/cli-datadir/user/libraries/evive
  Not used: /home/ec2-user/arduino-testlib/cli-datadir/user/libraries/Servo
  Not used: /home/ec2-user/arduino-testlib/cli-datadir/user/libraries/RokitSmart
</pre>

					
					<h4>examples/1_Laser</h4>
					<p>
						Result: <b>FAIL</b>
					</p>
					<pre class="pre-scrollable">WARNING: library iBotX claims to run on avr architecture(s) and may be incompatible with your current board which runs on esp32 architecture(s).
In file included from /home/ec2-user/arduino-testlib/cli-datadir/user/libraries/iBotX/examples/1_Laser/1_Laser.ino:1:0:
/home/ec2-user/arduino-testlib/cli-datadir/user/libraries/iBotX/src/iBotX.h: In function &#39;void iBotX()&#39;:
/home/ec2-user/arduino-testlib/cli-datadir/user/libraries/iBotX/src/iBotX.h:64:3: error: &#39;TCCR2A&#39; was not declared in this scope
   TCCR2A |= 0b00000011;
   ^
/home/ec2-user/arduino-testlib/cli-datadir/user/libraries/iBotX/src/iBotX.h:65:3: error: &#39;TCCR2B&#39; was not declared in this scope
   TCCR2B |= 0b00000100;
   ^
/home/ec2-user/arduino-testlib/cli-datadir/user/libraries/iBotX/src/iBotX.h:66:3: error: &#39;TIMSK2&#39; was not declared in this scope
   TIMSK2 |= 0b00000011;
   ^
/home/ec2-user/arduino-testlib/cli-datadir/user/libraries/iBotX/src/iBotX.h:67:3: error: &#39;OCR2A&#39; was not declared in this scope
   OCR2A = 0;
   ^
/home/ec2-user/arduino-testlib/cli-datadir/user/libraries/iBotX/src/iBotX.h:71:3: error: &#39;OCR2B&#39; was not declared in this scope
   OCR2B = 0;
   ^
/home/ec2-user/arduino-testlib/cli-datadir/user/libraries/iBotX/src/iBotX.h: In function &#39;uint8_t sensor4()&#39;:
/home/ec2-user/arduino-testlib/cli-datadir/user/libraries/iBotX/src/iBotX.h:28:30: error: &#39;A2&#39; was not declared in this scope
 #define SENS_RIGHT_INNER_PIN A2
                              ^
/home/ec2-user/arduino-testlib/cli-datadir/user/libraries/iBotX/src/iBotX.h:159:20: note: in expansion of macro &#39;SENS_RIGHT_INNER_PIN&#39;
  return analogRead(SENS_RIGHT_INNER_PIN);
                    ^
/home/ec2-user/arduino-testlib/cli-datadir/user/libraries/iBotX/src/iBotX.h: In function &#39;uint8_t sensor5()&#39;:
/home/ec2-user/arduino-testlib/cli-datadir/user/libraries/iBotX/src/iBotX.h:29:30: error: &#39;A1&#39; was not declared in this scope
 #define SENS_RIGHT_OUTER_PIN A1
                              ^
/home/ec2-user/arduino-testlib/cli-datadir/user/libraries/iBotX/src/iBotX.h:164:20: note: in expansion of macro &#39;SENS_RIGHT_OUTER_PIN&#39;
  return analogRead(SENS_RIGHT_OUTER_PIN);
                    ^
/home/ec2-user/arduino-testlib/cli-datadir/user/libraries/iBotX/src/iBotX.h: In function &#39;void motor(int, int)&#39;:
/home/ec2-user/arduino-testlib/cli-datadir/user/libraries/iBotX/src/iBotX.h:213:3: error: &#39;OCR2A&#39; was not declared in this scope
   OCR2A = spd_l;
   ^
/home/ec2-user/arduino-testlib/cli-datadir/user/libraries/iBotX/src/iBotX.h:214:3: error: &#39;OCR2B&#39; was not declared in this scope
   OCR2B = spd_r;
   ^
/home/ec2-user/arduino-testlib/cli-datadir/user/libraries/iBotX/src/iBotX.h: At global scope:
/home/ec2-user/arduino-testlib/cli-datadir/user/libraries/iBotX/src/iBotX.h:278:4: error: expected constructor, destructor, or type conversion before &#39;(&#39; token
 ISR(TIMER2_COMPA_vect)
    ^
/home/ec2-user/arduino-testlib/cli-datadir/user/libraries/iBotX/src/iBotX.h:283:4: error: expected constructor, destructor, or type conversion before &#39;(&#39; token
 ISR(TIMER2_COMPB_vect)
    ^
/home/ec2-user/arduino-testlib/cli-datadir/user/libraries/iBotX/src/iBotX.h:288:4: error: expected constructor, destructor, or type conversion before &#39;(&#39; token
 ISR(TIMER2_OVF_vect)
    ^
Multiple libraries were found for &#34;Servo.h&#34;
  Used: /home/ec2-user/arduino-testlib/cli-datadir/user/libraries/ServoESP32
  Not used: /home/ec2-user/arduino-testlib/cli-datadir/user/libraries/RokitSmart
  Not used: /home/ec2-user/arduino-testlib/cli-datadir/user/libraries/Printoo_Library
  Not used: /home/ec2-user/arduino-testlib/cli-datadir/user/libraries/Servo
  Not used: /home/ec2-user/arduino-testlib/cli-datadir/user/libraries/evive
  Not used: /home/ec2-user/arduino-testlib/cli-datadir/user/libraries/XMC_Servo
</pre>
					
					<h4>examples/2_Switch</h4>
					<p>
						Result: <b>FAIL</b>
					</p>
					<pre class="pre-scrollable">WARNING: library iBotX claims to run on avr architecture(s) and may be incompatible with your current board which runs on esp32 architecture(s).
In file included from /home/ec2-user/arduino-testlib/cli-datadir/user/libraries/iBotX/examples/2_Switch/2_Switch.ino:1:0:
/home/ec2-user/arduino-testlib/cli-datadir/user/libraries/iBotX/src/iBotX.h: In function &#39;void iBotX()&#39;:
/home/ec2-user/arduino-testlib/cli-datadir/user/libraries/iBotX/src/iBotX.h:64:3: error: &#39;TCCR2A&#39; was not declared in this scope
   TCCR2A |= 0b00000011;
   ^
/home/ec2-user/arduino-testlib/cli-datadir/user/libraries/iBotX/src/iBotX.h:65:3: error: &#39;TCCR2B&#39; was not declared in this scope
   TCCR2B |= 0b00000100;
   ^
/home/ec2-user/arduino-testlib/cli-datadir/user/libraries/iBotX/src/iBotX.h:66:3: error: &#39;TIMSK2&#39; was not declared in this scope
   TIMSK2 |= 0b00000011;
   ^
/home/ec2-user/arduino-testlib/cli-datadir/user/libraries/iBotX/src/iBotX.h:67:3: error: &#39;OCR2A&#39; was not declared in this scope
   OCR2A = 0;
   ^
/home/ec2-user/arduino-testlib/cli-datadir/user/libraries/iBotX/src/iBotX.h:71:3: error: &#39;OCR2B&#39; was not declared in this scope
   OCR2B = 0;
   ^
/home/ec2-user/arduino-testlib/cli-datadir/user/libraries/iBotX/src/iBotX.h: In function &#39;uint8_t sensor4()&#39;:
/home/ec2-user/arduino-testlib/cli-datadir/user/libraries/iBotX/src/iBotX.h:28:30: error: &#39;A2&#39; was not declared in this scope
 #define SENS_RIGHT_INNER_PIN A2
                              ^
/home/ec2-user/arduino-testlib/cli-datadir/user/libraries/iBotX/src/iBotX.h:159:20: note: in expansion of macro &#39;SENS_RIGHT_INNER_PIN&#39;
  return analogRead(SENS_RIGHT_INNER_PIN);
                    ^
/home/ec2-user/arduino-testlib/cli-datadir/user/libraries/iBotX/src/iBotX.h: In function &#39;uint8_t sensor5()&#39;:
/home/ec2-user/arduino-testlib/cli-datadir/user/libraries/iBotX/src/iBotX.h:29:30: error: &#39;A1&#39; was not declared in this scope
 #define SENS_RIGHT_OUTER_PIN A1
                              ^
/home/ec2-user/arduino-testlib/cli-datadir/user/libraries/iBotX/src/iBotX.h:164:20: note: in expansion of macro &#39;SENS_RIGHT_OUTER_PIN&#39;
  return analogRead(SENS_RIGHT_OUTER_PIN);
                    ^
/home/ec2-user/arduino-testlib/cli-datadir/user/libraries/iBotX/src/iBotX.h: In function &#39;void motor(int, int)&#39;:
/home/ec2-user/arduino-testlib/cli-datadir/user/libraries/iBotX/src/iBotX.h:213:3: error: &#39;OCR2A&#39; was not declared in this scope
   OCR2A = spd_l;
   ^
/home/ec2-user/arduino-testlib/cli-datadir/user/libraries/iBotX/src/iBotX.h:214:3: error: &#39;OCR2B&#39; was not declared in this scope
   OCR2B = spd_r;
   ^
/home/ec2-user/arduino-testlib/cli-datadir/user/libraries/iBotX/src/iBotX.h: At global scope:
/home/ec2-user/arduino-testlib/cli-datadir/user/libraries/iBotX/src/iBotX.h:278:4: error: expected constructor, destructor, or type conversion before &#39;(&#39; token
 ISR(TIMER2_COMPA_vect)
    ^
/home/ec2-user/arduino-testlib/cli-datadir/user/libraries/iBotX/src/iBotX.h:283:4: error: expected constructor, destructor, or type conversion before &#39;(&#39; token
 ISR(TIMER2_COMPB_vect)
    ^
/home/ec2-user/arduino-testlib/cli-datadir/user/libraries/iBotX/src/iBotX.h:288:4: error: expected constructor, destructor, or type conversion before &#39;(&#39; token
 ISR(TIMER2_OVF_vect)
    ^
Multiple libraries were found for &#34;Servo.h&#34;
  Used: /home/ec2-user/arduino-testlib/cli-datadir/user/libraries/ServoESP32
  Not used: /home/ec2-user/arduino-testlib/cli-datadir/user/libraries/Servo
  Not used: /home/ec2-user/arduino-testlib/cli-datadir/user/libraries/RokitSmart
  Not used: /home/ec2-user/arduino-testlib/cli-datadir/user/libraries/Printoo_Library
  Not used: /home/ec2-user/arduino-testlib/cli-datadir/user/libraries/evive
  Not used: /home/ec2-user/arduino-testlib/cli-datadir/user/libraries/XMC_Servo
</pre>
					
					<h4>examples/3_Switch_select</h4>
					<p>
						Result: <b>FAIL</b>
					</p>
					<pre class="pre-scrollable">WARNING: library iBotX claims to run on avr architecture(s) and may be incompatible with your current board which runs on esp32 architecture(s).
In file included from /home/ec2-user/arduino-testlib/cli-datadir/user/libraries/iBotX/examples/3_Switch_select/3_Switch_select.ino:1:0:
/home/ec2-user/arduino-testlib/cli-datadir/user/libraries/iBotX/src/iBotX.h: In function &#39;void iBotX()&#39;:
/home/ec2-user/arduino-testlib/cli-datadir/user/libraries/iBotX/src/iBotX.h:64:3: error: &#39;TCCR2A&#39; was not declared in this scope
   TCCR2A |= 0b00000011;
   ^
/home/ec2-user/arduino-testlib/cli-datadir/user/libraries/iBotX/src/iBotX.h:65:3: error: &#39;TCCR2B&#39; was not declared in this scope
   TCCR2B |= 0b00000100;
   ^
/home/ec2-user/arduino-testlib/cli-datadir/user/libraries/iBotX/src/iBotX.h:66:3: error: &#39;TIMSK2&#39; was not declared in this scope
   TIMSK2 |= 0b00000011;
   ^
/home/ec2-user/arduino-testlib/cli-datadir/user/libraries/iBotX/src/iBotX.h:67:3: error: &#39;OCR2A&#39; was not declared in this scope
   OCR2A = 0;
   ^
/home/ec2-user/arduino-testlib/cli-datadir/user/libraries/iBotX/src/iBotX.h:71:3: error: &#39;OCR2B&#39; was not declared in this scope
   OCR2B = 0;
   ^
/home/ec2-user/arduino-testlib/cli-datadir/user/libraries/iBotX/src/iBotX.h: In function &#39;uint8_t sensor4()&#39;:
/home/ec2-user/arduino-testlib/cli-datadir/user/libraries/iBotX/src/iBotX.h:28:30: error: &#39;A2&#39; was not declared in this scope
 #define SENS_RIGHT_INNER_PIN A2
                              ^
/home/ec2-user/arduino-testlib/cli-datadir/user/libraries/iBotX/src/iBotX.h:159:20: note: in expansion of macro &#39;SENS_RIGHT_INNER_PIN&#39;
  return analogRead(SENS_RIGHT_INNER_PIN);
                    ^
/home/ec2-user/arduino-testlib/cli-datadir/user/libraries/iBotX/src/iBotX.h: In function &#39;uint8_t sensor5()&#39;:
/home/ec2-user/arduino-testlib/cli-datadir/user/libraries/iBotX/src/iBotX.h:29:30: error: &#39;A1&#39; was not declared in this scope
 #define SENS_RIGHT_OUTER_PIN A1
                              ^
/home/ec2-user/arduino-testlib/cli-datadir/user/libraries/iBotX/src/iBotX.h:164:20: note: in expansion of macro &#39;SENS_RIGHT_OUTER_PIN&#39;
  return analogRead(SENS_RIGHT_OUTER_PIN);
                    ^
/home/ec2-user/arduino-testlib/cli-datadir/user/libraries/iBotX/src/iBotX.h: In function &#39;void motor(int, int)&#39;:
/home/ec2-user/arduino-testlib/cli-datadir/user/libraries/iBotX/src/iBotX.h:213:3: error: &#39;OCR2A&#39; was not declared in this scope
   OCR2A = spd_l;
   ^
/home/ec2-user/arduino-testlib/cli-datadir/user/libraries/iBotX/src/iBotX.h:214:3: error: &#39;OCR2B&#39; was not declared in this scope
   OCR2B = spd_r;
   ^
/home/ec2-user/arduino-testlib/cli-datadir/user/libraries/iBotX/src/iBotX.h: At global scope:
/home/ec2-user/arduino-testlib/cli-datadir/user/libraries/iBotX/src/iBotX.h:278:4: error: expected constructor, destructor, or type conversion before &#39;(&#39; token
 ISR(TIMER2_COMPA_vect)
    ^
/home/ec2-user/arduino-testlib/cli-datadir/user/libraries/iBotX/src/iBotX.h:283:4: error: expected constructor, destructor, or type conversion before &#39;(&#39; token
 ISR(TIMER2_COMPB_vect)
    ^
/home/ec2-user/arduino-testlib/cli-datadir/user/libraries/iBotX/src/iBotX.h:288:4: error: expected constructor, destructor, or type conversion before &#39;(&#39; token
 ISR(TIMER2_OVF_vect)
    ^
Multiple libraries were found for &#34;Servo.h&#34;
  Used: /home/ec2-user/arduino-testlib/cli-datadir/user/libraries/ServoESP32
  Not used: /home/ec2-user/arduino-testlib/cli-datadir/user/libraries/Servo
  Not used: /home/ec2-user/arduino-testlib/cli-datadir/user/libraries/XMC_Servo
  Not used: /home/ec2-user/arduino-testlib/cli-datadir/user/libraries/evive
  Not used: /home/ec2-user/arduino-testlib/cli-datadir/user/libraries/RokitSmart
  Not used: /home/ec2-user/arduino-testlib/cli-datadir/user/libraries/Printoo_Library
</pre>
					
					<h4>examples/4_Serial</h4>
					<p>
						Result: <b>FAIL</b>
					</p>
					<pre class="pre-scrollable">WARNING: library iBotX claims to run on avr architecture(s) and may be incompatible with your current board which runs on esp32 architecture(s).
In file included from /home/ec2-user/arduino-testlib/cli-datadir/user/libraries/iBotX/examples/4_Serial/4_Serial.ino:1:0:
/home/ec2-user/arduino-testlib/cli-datadir/user/libraries/iBotX/src/iBotX.h: In function &#39;void iBotX()&#39;:
/home/ec2-user/arduino-testlib/cli-datadir/user/libraries/iBotX/src/iBotX.h:64:3: error: &#39;TCCR2A&#39; was not declared in this scope
   TCCR2A |= 0b00000011;
   ^
/home/ec2-user/arduino-testlib/cli-datadir/user/libraries/iBotX/src/iBotX.h:65:3: error: &#39;TCCR2B&#39; was not declared in this scope
   TCCR2B |= 0b00000100;
   ^
/home/ec2-user/arduino-testlib/cli-datadir/user/libraries/iBotX/src/iBotX.h:66:3: error: &#39;TIMSK2&#39; was not declared in this scope
   TIMSK2 |= 0b00000011;
   ^
/home/ec2-user/arduino-testlib/cli-datadir/user/libraries/iBotX/src/iBotX.h:67:3: error: &#39;OCR2A&#39; was not declared in this scope
   OCR2A = 0;
   ^
/home/ec2-user/arduino-testlib/cli-datadir/user/libraries/iBotX/src/iBotX.h:71:3: error: &#39;OCR2B&#39; was not declared in this scope
   OCR2B = 0;
   ^
/home/ec2-user/arduino-testlib/cli-datadir/user/libraries/iBotX/src/iBotX.h: In function &#39;uint8_t sensor4()&#39;:
/home/ec2-user/arduino-testlib/cli-datadir/user/libraries/iBotX/src/iBotX.h:28:30: error: &#39;A2&#39; was not declared in this scope
 #define SENS_RIGHT_INNER_PIN A2
                              ^
/home/ec2-user/arduino-testlib/cli-datadir/user/libraries/iBotX/src/iBotX.h:159:20: note: in expansion of macro &#39;SENS_RIGHT_INNER_PIN&#39;
  return analogRead(SENS_RIGHT_INNER_PIN);
                    ^
/home/ec2-user/arduino-testlib/cli-datadir/user/libraries/iBotX/src/iBotX.h: In function &#39;uint8_t sensor5()&#39;:
/home/ec2-user/arduino-testlib/cli-datadir/user/libraries/iBotX/src/iBotX.h:29:30: error: &#39;A1&#39; was not declared in this scope
 #define SENS_RIGHT_OUTER_PIN A1
                              ^
/home/ec2-user/arduino-testlib/cli-datadir/user/libraries/iBotX/src/iBotX.h:164:20: note: in expansion of macro &#39;SENS_RIGHT_OUTER_PIN&#39;
  return analogRead(SENS_RIGHT_OUTER_PIN);
                    ^
/home/ec2-user/arduino-testlib/cli-datadir/user/libraries/iBotX/src/iBotX.h: In function &#39;void motor(int, int)&#39;:
/home/ec2-user/arduino-testlib/cli-datadir/user/libraries/iBotX/src/iBotX.h:213:3: error: &#39;OCR2A&#39; was not declared in this scope
   OCR2A = spd_l;
   ^
/home/ec2-user/arduino-testlib/cli-datadir/user/libraries/iBotX/src/iBotX.h:214:3: error: &#39;OCR2B&#39; was not declared in this scope
   OCR2B = spd_r;
   ^
/home/ec2-user/arduino-testlib/cli-datadir/user/libraries/iBotX/src/iBotX.h: At global scope:
/home/ec2-user/arduino-testlib/cli-datadir/user/libraries/iBotX/src/iBotX.h:278:4: error: expected constructor, destructor, or type conversion before &#39;(&#39; token
 ISR(TIMER2_COMPA_vect)
    ^
/home/ec2-user/arduino-testlib/cli-datadir/user/libraries/iBotX/src/iBotX.h:283:4: error: expected constructor, destructor, or type conversion before &#39;(&#39; token
 ISR(TIMER2_COMPB_vect)
    ^
/home/ec2-user/arduino-testlib/cli-datadir/user/libraries/iBotX/src/iBotX.h:288:4: error: expected constructor, destructor, or type conversion before &#39;(&#39; token
 ISR(TIMER2_OVF_vect)
    ^
Multiple libraries were found for &#34;Servo.h&#34;
  Used: /home/ec2-user/arduino-testlib/cli-datadir/user/libraries/ServoESP32
  Not used: /home/ec2-user/arduino-testlib/cli-datadir/user/libraries/XMC_Servo
  Not used: /home/ec2-user/arduino-testlib/cli-datadir/user/libraries/Servo
  Not used: /home/ec2-user/arduino-testlib/cli-datadir/user/libraries/RokitSmart
  Not used: /home/ec2-user/arduino-testlib/cli-datadir/user/libraries/Printoo_Library
  Not used: /home/ec2-user/arduino-testlib/cli-datadir/user/libraries/evive
</pre>
					
					<h4>examples/5_IR_sensor</h4>
					<p>
						Result: <b>FAIL</b>
					</p>
					<pre class="pre-scrollable">WARNING: library iBotX claims to run on avr architecture(s) and may be incompatible with your current board which runs on esp32 architecture(s).
In file included from /home/ec2-user/arduino-testlib/cli-datadir/user/libraries/iBotX/examples/5_IR_sensor/5_IR_sensor.ino:1:0:
/home/ec2-user/arduino-testlib/cli-datadir/user/libraries/iBotX/src/iBotX.h: In function &#39;void iBotX()&#39;:
/home/ec2-user/arduino-testlib/cli-datadir/user/libraries/iBotX/src/iBotX.h:64:3: error: &#39;TCCR2A&#39; was not declared in this scope
   TCCR2A |= 0b00000011;
   ^
/home/ec2-user/arduino-testlib/cli-datadir/user/libraries/iBotX/src/iBotX.h:65:3: error: &#39;TCCR2B&#39; was not declared in this scope
   TCCR2B |= 0b00000100;
   ^
/home/ec2-user/arduino-testlib/cli-datadir/user/libraries/iBotX/src/iBotX.h:66:3: error: &#39;TIMSK2&#39; was not declared in this scope
   TIMSK2 |= 0b00000011;
   ^
/home/ec2-user/arduino-testlib/cli-datadir/user/libraries/iBotX/src/iBotX.h:67:3: error: &#39;OCR2A&#39; was not declared in this scope
   OCR2A = 0;
   ^
/home/ec2-user/arduino-testlib/cli-datadir/user/libraries/iBotX/src/iBotX.h:71:3: error: &#39;OCR2B&#39; was not declared in this scope
   OCR2B = 0;
   ^
/home/ec2-user/arduino-testlib/cli-datadir/user/libraries/iBotX/src/iBotX.h: In function &#39;uint8_t sensor4()&#39;:
/home/ec2-user/arduino-testlib/cli-datadir/user/libraries/iBotX/src/iBotX.h:28:30: error: &#39;A2&#39; was not declared in this scope
 #define SENS_RIGHT_INNER_PIN A2
                              ^
/home/ec2-user/arduino-testlib/cli-datadir/user/libraries/iBotX/src/iBotX.h:159:20: note: in expansion of macro &#39;SENS_RIGHT_INNER_PIN&#39;
  return analogRead(SENS_RIGHT_INNER_PIN);
                    ^
/home/ec2-user/arduino-testlib/cli-datadir/user/libraries/iBotX/src/iBotX.h: In function &#39;uint8_t sensor5()&#39;:
/home/ec2-user/arduino-testlib/cli-datadir/user/libraries/iBotX/src/iBotX.h:29:30: error: &#39;A1&#39; was not declared in this scope
 #define SENS_RIGHT_OUTER_PIN A1
                              ^
/home/ec2-user/arduino-testlib/cli-datadir/user/libraries/iBotX/src/iBotX.h:164:20: note: in expansion of macro &#39;SENS_RIGHT_OUTER_PIN&#39;
  return analogRead(SENS_RIGHT_OUTER_PIN);
                    ^
/home/ec2-user/arduino-testlib/cli-datadir/user/libraries/iBotX/src/iBotX.h: In function &#39;void motor(int, int)&#39;:
/home/ec2-user/arduino-testlib/cli-datadir/user/libraries/iBotX/src/iBotX.h:213:3: error: &#39;OCR2A&#39; was not declared in this scope
   OCR2A = spd_l;
   ^
/home/ec2-user/arduino-testlib/cli-datadir/user/libraries/iBotX/src/iBotX.h:214:3: error: &#39;OCR2B&#39; was not declared in this scope
   OCR2B = spd_r;
   ^
/home/ec2-user/arduino-testlib/cli-datadir/user/libraries/iBotX/src/iBotX.h: At global scope:
/home/ec2-user/arduino-testlib/cli-datadir/user/libraries/iBotX/src/iBotX.h:278:4: error: expected constructor, destructor, or type conversion before &#39;(&#39; token
 ISR(TIMER2_COMPA_vect)
    ^
/home/ec2-user/arduino-testlib/cli-datadir/user/libraries/iBotX/src/iBotX.h:283:4: error: expected constructor, destructor, or type conversion before &#39;(&#39; token
 ISR(TIMER2_COMPB_vect)
    ^
/home/ec2-user/arduino-testlib/cli-datadir/user/libraries/iBotX/src/iBotX.h:288:4: error: expected constructor, destructor, or type conversion before &#39;(&#39; token
 ISR(TIMER2_OVF_vect)
    ^
Multiple libraries were found for &#34;Servo.h&#34;
  Used: /home/ec2-user/arduino-testlib/cli-datadir/user/libraries/ServoESP32
  Not used: /home/ec2-user/arduino-testlib/cli-datadir/user/libraries/Printoo_Library
  Not used: /home/ec2-user/arduino-testlib/cli-datadir/user/libraries/XMC_Servo
  Not used: /home/ec2-user/arduino-testlib/cli-datadir/user/libraries/RokitSmart
  Not used: /home/ec2-user/arduino-testlib/cli-datadir/user/libraries/evive
  Not used: /home/ec2-user/arduino-testlib/cli-datadir/user/libraries/Servo
</pre>
					
					<h4>examples/6_Motor</h4>
					<p>
						Result: <b>FAIL</b>
					</p>
					<pre class="pre-scrollable">WARNING: library iBotX claims to run on avr architecture(s) and may be incompatible with your current board which runs on esp32 architecture(s).
In file included from /home/ec2-user/arduino-testlib/cli-datadir/user/libraries/iBotX/examples/6_Motor/6_Motor.ino:1:0:
/home/ec2-user/arduino-testlib/cli-datadir/user/libraries/iBotX/src/iBotX.h: In function &#39;void iBotX()&#39;:
/home/ec2-user/arduino-testlib/cli-datadir/user/libraries/iBotX/src/iBotX.h:64:3: error: &#39;TCCR2A&#39; was not declared in this scope
   TCCR2A |= 0b00000011;
   ^
/home/ec2-user/arduino-testlib/cli-datadir/user/libraries/iBotX/src/iBotX.h:65:3: error: &#39;TCCR2B&#39; was not declared in this scope
   TCCR2B |= 0b00000100;
   ^
/home/ec2-user/arduino-testlib/cli-datadir/user/libraries/iBotX/src/iBotX.h:66:3: error: &#39;TIMSK2&#39; was not declared in this scope
   TIMSK2 |= 0b00000011;
   ^
/home/ec2-user/arduino-testlib/cli-datadir/user/libraries/iBotX/src/iBotX.h:67:3: error: &#39;OCR2A&#39; was not declared in this scope
   OCR2A = 0;
   ^
/home/ec2-user/arduino-testlib/cli-datadir/user/libraries/iBotX/src/iBotX.h:71:3: error: &#39;OCR2B&#39; was not declared in this scope
   OCR2B = 0;
   ^
/home/ec2-user/arduino-testlib/cli-datadir/user/libraries/iBotX/src/iBotX.h: In function &#39;uint8_t sensor4()&#39;:
/home/ec2-user/arduino-testlib/cli-datadir/user/libraries/iBotX/src/iBotX.h:28:30: error: &#39;A2&#39; was not declared in this scope
 #define SENS_RIGHT_INNER_PIN A2
                              ^
/home/ec2-user/arduino-testlib/cli-datadir/user/libraries/iBotX/src/iBotX.h:159:20: note: in expansion of macro &#39;SENS_RIGHT_INNER_PIN&#39;
  return analogRead(SENS_RIGHT_INNER_PIN);
                    ^
/home/ec2-user/arduino-testlib/cli-datadir/user/libraries/iBotX/src/iBotX.h: In function &#39;uint8_t sensor5()&#39;:
/home/ec2-user/arduino-testlib/cli-datadir/user/libraries/iBotX/src/iBotX.h:29:30: error: &#39;A1&#39; was not declared in this scope
 #define SENS_RIGHT_OUTER_PIN A1
                              ^
/home/ec2-user/arduino-testlib/cli-datadir/user/libraries/iBotX/src/iBotX.h:164:20: note: in expansion of macro &#39;SENS_RIGHT_OUTER_PIN&#39;
  return analogRead(SENS_RIGHT_OUTER_PIN);
                    ^
/home/ec2-user/arduino-testlib/cli-datadir/user/libraries/iBotX/src/iBotX.h: In function &#39;void motor(int, int)&#39;:
/home/ec2-user/arduino-testlib/cli-datadir/user/libraries/iBotX/src/iBotX.h:213:3: error: &#39;OCR2A&#39; was not declared in this scope
   OCR2A = spd_l;
   ^
/home/ec2-user/arduino-testlib/cli-datadir/user/libraries/iBotX/src/iBotX.h:214:3: error: &#39;OCR2B&#39; was not declared in this scope
   OCR2B = spd_r;
   ^
/home/ec2-user/arduino-testlib/cli-datadir/user/libraries/iBotX/src/iBotX.h: At global scope:
/home/ec2-user/arduino-testlib/cli-datadir/user/libraries/iBotX/src/iBotX.h:278:4: error: expected constructor, destructor, or type conversion before &#39;(&#39; token
 ISR(TIMER2_COMPA_vect)
    ^
/home/ec2-user/arduino-testlib/cli-datadir/user/libraries/iBotX/src/iBotX.h:283:4: error: expected constructor, destructor, or type conversion before &#39;(&#39; token
 ISR(TIMER2_COMPB_vect)
    ^
/home/ec2-user/arduino-testlib/cli-datadir/user/libraries/iBotX/src/iBotX.h:288:4: error: expected constructor, destructor, or type conversion before &#39;(&#39; token
 ISR(TIMER2_OVF_vect)
    ^
Multiple libraries were found for &#34;Servo.h&#34;
  Used: /home/ec2-user/arduino-testlib/cli-datadir/user/libraries/ServoESP32
  Not used: /home/ec2-user/arduino-testlib/cli-datadir/user/libraries/XMC_Servo
  Not used: /home/ec2-user/arduino-testlib/cli-datadir/user/libraries/Printoo_Library
  Not used: /home/ec2-user/arduino-testlib/cli-datadir/user/libraries/evive
  Not used: /home/ec2-user/arduino-testlib/cli-datadir/user/libraries/RokitSmart
  Not used: /home/ec2-user/arduino-testlib/cli-datadir/user/libraries/Servo
</pre>
					
					<h4>examples/7_Line_follower</h4>
					<p>
						Result: <b>FAIL</b>
					</p>
					<pre class="pre-scrollable">WARNING: library iBotX claims to run on avr architecture(s) and may be incompatible with your current board which runs on esp32 architecture(s).
In file included from /home/ec2-user/arduino-testlib/cli-datadir/user/libraries/iBotX/examples/7_Line_follower/7_Line_follower.ino:1:0:
/home/ec2-user/arduino-testlib/cli-datadir/user/libraries/iBotX/src/iBotX.h: In function &#39;void iBotX()&#39;:
/home/ec2-user/arduino-testlib/cli-datadir/user/libraries/iBotX/src/iBotX.h:64:3: error: &#39;TCCR2A&#39; was not declared in this scope
   TCCR2A |= 0b00000011;
   ^
/home/ec2-user/arduino-testlib/cli-datadir/user/libraries/iBotX/src/iBotX.h:65:3: error: &#39;TCCR2B&#39; was not declared in this scope
   TCCR2B |= 0b00000100;
   ^
/home/ec2-user/arduino-testlib/cli-datadir/user/libraries/iBotX/src/iBotX.h:66:3: error: &#39;TIMSK2&#39; was not declared in this scope
   TIMSK2 |= 0b00000011;
   ^
/home/ec2-user/arduino-testlib/cli-datadir/user/libraries/iBotX/src/iBotX.h:67:3: error: &#39;OCR2A&#39; was not declared in this scope
   OCR2A = 0;
   ^
/home/ec2-user/arduino-testlib/cli-datadir/user/libraries/iBotX/src/iBotX.h:71:3: error: &#39;OCR2B&#39; was not declared in this scope
   OCR2B = 0;
   ^
/home/ec2-user/arduino-testlib/cli-datadir/user/libraries/iBotX/src/iBotX.h: In function &#39;uint8_t sensor4()&#39;:
/home/ec2-user/arduino-testlib/cli-datadir/user/libraries/iBotX/src/iBotX.h:28:30: error: &#39;A2&#39; was not declared in this scope
 #define SENS_RIGHT_INNER_PIN A2
                              ^
/home/ec2-user/arduino-testlib/cli-datadir/user/libraries/iBotX/src/iBotX.h:159:20: note: in expansion of macro &#39;SENS_RIGHT_INNER_PIN&#39;
  return analogRead(SENS_RIGHT_INNER_PIN);
                    ^
/home/ec2-user/arduino-testlib/cli-datadir/user/libraries/iBotX/src/iBotX.h: In function &#39;uint8_t sensor5()&#39;:
/home/ec2-user/arduino-testlib/cli-datadir/user/libraries/iBotX/src/iBotX.h:29:30: error: &#39;A1&#39; was not declared in this scope
 #define SENS_RIGHT_OUTER_PIN A1
                              ^
/home/ec2-user/arduino-testlib/cli-datadir/user/libraries/iBotX/src/iBotX.h:164:20: note: in expansion of macro &#39;SENS_RIGHT_OUTER_PIN&#39;
  return analogRead(SENS_RIGHT_OUTER_PIN);
                    ^
/home/ec2-user/arduino-testlib/cli-datadir/user/libraries/iBotX/src/iBotX.h: In function &#39;void motor(int, int)&#39;:
/home/ec2-user/arduino-testlib/cli-datadir/user/libraries/iBotX/src/iBotX.h:213:3: error: &#39;OCR2A&#39; was not declared in this scope
   OCR2A = spd_l;
   ^
/home/ec2-user/arduino-testlib/cli-datadir/user/libraries/iBotX/src/iBotX.h:214:3: error: &#39;OCR2B&#39; was not declared in this scope
   OCR2B = spd_r;
   ^
/home/ec2-user/arduino-testlib/cli-datadir/user/libraries/iBotX/src/iBotX.h: At global scope:
/home/ec2-user/arduino-testlib/cli-datadir/user/libraries/iBotX/src/iBotX.h:278:4: error: expected constructor, destructor, or type conversion before &#39;(&#39; token
 ISR(TIMER2_COMPA_vect)
    ^
/home/ec2-user/arduino-testlib/cli-datadir/user/libraries/iBotX/src/iBotX.h:283:4: error: expected constructor, destructor, or type conversion before &#39;(&#39; token
 ISR(TIMER2_COMPB_vect)
    ^
/home/ec2-user/arduino-testlib/cli-datadir/user/libraries/iBotX/src/iBotX.h:288:4: error: expected constructor, destructor, or type conversion before &#39;(&#39; token
 ISR(TIMER2_OVF_vect)
    ^
Multiple libraries were found for &#34;Servo.h&#34;
  Used: /home/ec2-user/arduino-testlib/cli-datadir/user/libraries/ServoESP32
  Not used: /home/ec2-user/arduino-testlib/cli-datadir/user/libraries/Servo
  Not used: /home/ec2-user/arduino-testlib/cli-datadir/user/libraries/evive
  Not used: /home/ec2-user/arduino-testlib/cli-datadir/user/libraries/RokitSmart
  Not used: /home/ec2-user/arduino-testlib/cli-datadir/user/libraries/XMC_Servo
  Not used: /home/ec2-user/arduino-testlib/cli-datadir/user/libraries/Printoo_Library
</pre>
					
					<h4>examples/8_Ultrasonic</h4>
					<p>
						Result: <b>FAIL</b>
					</p>
					<pre class="pre-scrollable">WARNING: library iBotX claims to run on avr architecture(s) and may be incompatible with your current board which runs on esp32 architecture(s).
In file included from /home/ec2-user/arduino-testlib/cli-datadir/user/libraries/iBotX/examples/8_Ultrasonic/8_Ultrasonic.ino:1:0:
/home/ec2-user/arduino-testlib/cli-datadir/user/libraries/iBotX/src/iBotX.h: In function &#39;void iBotX()&#39;:
/home/ec2-user/arduino-testlib/cli-datadir/user/libraries/iBotX/src/iBotX.h:64:3: error: &#39;TCCR2A&#39; was not declared in this scope
   TCCR2A |= 0b00000011;
   ^
/home/ec2-user/arduino-testlib/cli-datadir/user/libraries/iBotX/src/iBotX.h:65:3: error: &#39;TCCR2B&#39; was not declared in this scope
   TCCR2B |= 0b00000100;
   ^
/home/ec2-user/arduino-testlib/cli-datadir/user/libraries/iBotX/src/iBotX.h:66:3: error: &#39;TIMSK2&#39; was not declared in this scope
   TIMSK2 |= 0b00000011;
   ^
/home/ec2-user/arduino-testlib/cli-datadir/user/libraries/iBotX/src/iBotX.h:67:3: error: &#39;OCR2A&#39; was not declared in this scope
   OCR2A = 0;
   ^
/home/ec2-user/arduino-testlib/cli-datadir/user/libraries/iBotX/src/iBotX.h:71:3: error: &#39;OCR2B&#39; was not declared in this scope
   OCR2B = 0;
   ^
/home/ec2-user/arduino-testlib/cli-datadir/user/libraries/iBotX/src/iBotX.h: In function &#39;uint8_t sensor4()&#39;:
/home/ec2-user/arduino-testlib/cli-datadir/user/libraries/iBotX/src/iBotX.h:28:30: error: &#39;A2&#39; was not declared in this scope
 #define SENS_RIGHT_INNER_PIN A2
                              ^
/home/ec2-user/arduino-testlib/cli-datadir/user/libraries/iBotX/src/iBotX.h:159:20: note: in expansion of macro &#39;SENS_RIGHT_INNER_PIN&#39;
  return analogRead(SENS_RIGHT_INNER_PIN);
                    ^
/home/ec2-user/arduino-testlib/cli-datadir/user/libraries/iBotX/src/iBotX.h: In function &#39;uint8_t sensor5()&#39;:
/home/ec2-user/arduino-testlib/cli-datadir/user/libraries/iBotX/src/iBotX.h:29:30: error: &#39;A1&#39; was not declared in this scope
 #define SENS_RIGHT_OUTER_PIN A1
                              ^
/home/ec2-user/arduino-testlib/cli-datadir/user/libraries/iBotX/src/iBotX.h:164:20: note: in expansion of macro &#39;SENS_RIGHT_OUTER_PIN&#39;
  return analogRead(SENS_RIGHT_OUTER_PIN);
                    ^
/home/ec2-user/arduino-testlib/cli-datadir/user/libraries/iBotX/src/iBotX.h: In function &#39;void motor(int, int)&#39;:
/home/ec2-user/arduino-testlib/cli-datadir/user/libraries/iBotX/src/iBotX.h:213:3: error: &#39;OCR2A&#39; was not declared in this scope
   OCR2A = spd_l;
   ^
/home/ec2-user/arduino-testlib/cli-datadir/user/libraries/iBotX/src/iBotX.h:214:3: error: &#39;OCR2B&#39; was not declared in this scope
   OCR2B = spd_r;
   ^
/home/ec2-user/arduino-testlib/cli-datadir/user/libraries/iBotX/src/iBotX.h: At global scope:
/home/ec2-user/arduino-testlib/cli-datadir/user/libraries/iBotX/src/iBotX.h:278:4: error: expected constructor, destructor, or type conversion before &#39;(&#39; token
 ISR(TIMER2_COMPA_vect)
    ^
/home/ec2-user/arduino-testlib/cli-datadir/user/libraries/iBotX/src/iBotX.h:283:4: error: expected constructor, destructor, or type conversion before &#39;(&#39; token
 ISR(TIMER2_COMPB_vect)
    ^
/home/ec2-user/arduino-testlib/cli-datadir/user/libraries/iBotX/src/iBotX.h:288:4: error: expected constructor, destructor, or type conversion before &#39;(&#39; token
 ISR(TIMER2_OVF_vect)
    ^
Multiple libraries were found for &#34;Servo.h&#34;
  Used: /home/ec2-user/arduino-testlib/cli-datadir/user/libraries/ServoESP32
  Not used: /home/ec2-user/arduino-testlib/cli-datadir/user/libraries/XMC_Servo
  Not used: /home/ec2-user/arduino-testlib/cli-datadir/user/libraries/evive
  Not used: /home/ec2-user/arduino-testlib/cli-datadir/user/libraries/Printoo_Library
  Not used: /home/ec2-user/arduino-testlib/cli-datadir/user/libraries/Servo
  Not used: /home/ec2-user/arduino-testlib/cli-datadir/user/libraries/RokitSmart
</pre>
					
					<h4>examples/9_Servo</h4>
					<p>
						Result: <b>FAIL</b>
					</p>
					<pre class="pre-scrollable">WARNING: library iBotX claims to run on avr architecture(s) and may be incompatible with your current board which runs on esp32 architecture(s).
In file included from /home/ec2-user/arduino-testlib/cli-datadir/user/libraries/iBotX/examples/9_Servo/9_Servo.ino:1:0:
/home/ec2-user/arduino-testlib/cli-datadir/user/libraries/iBotX/src/iBotX.h: In function &#39;void iBotX()&#39;:
/home/ec2-user/arduino-testlib/cli-datadir/user/libraries/iBotX/src/iBotX.h:64:3: error: &#39;TCCR2A&#39; was not declared in this scope
   TCCR2A |= 0b00000011;
   ^
/home/ec2-user/arduino-testlib/cli-datadir/user/libraries/iBotX/src/iBotX.h:65:3: error: &#39;TCCR2B&#39; was not declared in this scope
   TCCR2B |= 0b00000100;
   ^
/home/ec2-user/arduino-testlib/cli-datadir/user/libraries/iBotX/src/iBotX.h:66:3: error: &#39;TIMSK2&#39; was not declared in this scope
   TIMSK2 |= 0b00000011;
   ^
/home/ec2-user/arduino-testlib/cli-datadir/user/libraries/iBotX/src/iBotX.h:67:3: error: &#39;OCR2A&#39; was not declared in this scope
   OCR2A = 0;
   ^
/home/ec2-user/arduino-testlib/cli-datadir/user/libraries/iBotX/src/iBotX.h:71:3: error: &#39;OCR2B&#39; was not declared in this scope
   OCR2B = 0;
   ^
/home/ec2-user/arduino-testlib/cli-datadir/user/libraries/iBotX/src/iBotX.h: In function &#39;uint8_t sensor4()&#39;:
/home/ec2-user/arduino-testlib/cli-datadir/user/libraries/iBotX/src/iBotX.h:28:30: error: &#39;A2&#39; was not declared in this scope
 #define SENS_RIGHT_INNER_PIN A2
                              ^
/home/ec2-user/arduino-testlib/cli-datadir/user/libraries/iBotX/src/iBotX.h:159:20: note: in expansion of macro &#39;SENS_RIGHT_INNER_PIN&#39;
  return analogRead(SENS_RIGHT_INNER_PIN);
                    ^
/home/ec2-user/arduino-testlib/cli-datadir/user/libraries/iBotX/src/iBotX.h: In function &#39;uint8_t sensor5()&#39;:
/home/ec2-user/arduino-testlib/cli-datadir/user/libraries/iBotX/src/iBotX.h:29:30: error: &#39;A1&#39; was not declared in this scope
 #define SENS_RIGHT_OUTER_PIN A1
                              ^
/home/ec2-user/arduino-testlib/cli-datadir/user/libraries/iBotX/src/iBotX.h:164:20: note: in expansion of macro &#39;SENS_RIGHT_OUTER_PIN&#39;
  return analogRead(SENS_RIGHT_OUTER_PIN);
                    ^
/home/ec2-user/arduino-testlib/cli-datadir/user/libraries/iBotX/src/iBotX.h: In function &#39;void motor(int, int)&#39;:
/home/ec2-user/arduino-testlib/cli-datadir/user/libraries/iBotX/src/iBotX.h:213:3: error: &#39;OCR2A&#39; was not declared in this scope
   OCR2A = spd_l;
   ^
/home/ec2-user/arduino-testlib/cli-datadir/user/libraries/iBotX/src/iBotX.h:214:3: error: &#39;OCR2B&#39; was not declared in this scope
   OCR2B = spd_r;
   ^
/home/ec2-user/arduino-testlib/cli-datadir/user/libraries/iBotX/src/iBotX.h: At global scope:
/home/ec2-user/arduino-testlib/cli-datadir/user/libraries/iBotX/src/iBotX.h:278:4: error: expected constructor, destructor, or type conversion before &#39;(&#39; token
 ISR(TIMER2_COMPA_vect)
    ^
/home/ec2-user/arduino-testlib/cli-datadir/user/libraries/iBotX/src/iBotX.h:283:4: error: expected constructor, destructor, or type conversion before &#39;(&#39; token
 ISR(TIMER2_COMPB_vect)
    ^
/home/ec2-user/arduino-testlib/cli-datadir/user/libraries/iBotX/src/iBotX.h:288:4: error: expected constructor, destructor, or type conversion before &#39;(&#39; token
 ISR(TIMER2_OVF_vect)
    ^
Multiple libraries were found for &#34;Servo.h&#34;
  Used: /home/ec2-user/arduino-testlib/cli-datadir/user/libraries/ServoESP32
  Not used: /home/ec2-user/arduino-testlib/cli-datadir/user/libraries/evive
  Not used: /home/ec2-user/arduino-testlib/cli-datadir/user/libraries/RokitSmart
  Not used: /home/ec2-user/arduino-testlib/cli-datadir/user/libraries/Servo
  Not used: /home/ec2-user/arduino-testlib/cli-datadir/user/libraries/Printoo_Library
  Not used: /home/ec2-user/arduino-testlib/cli-datadir/user/libraries/XMC_Servo
</pre>
					
				
			</div>
		</div>
	</div>
  </body>
</html>
