
<!doctype html>
<html lang="en">
  <head>
    <meta charset="utf-8">
    <meta name="viewport" content="width=device-width, initial-scale=1">
    <link href="https://cdn.jsdelivr.net/npm/bootstrap@5.0.2/dist/css/bootstrap.min.css" rel="stylesheet" integrity="sha384-EVSTQN3/azprG1Anm3QDgpJLIm9Nao0Yz1ztcQTwFspd3yD65VohhpuuCOmLASjC" crossorigin="anonymous">
    <title>arduino-testlib report</title>
	<style>
	.pass { background-color: #00FF00 !important; }
	.fail { background-color: #FF0000 !important; }
	</style>
  </head>
  <body>
	<div class="container">
		<div class="row">
			<div class="col">
				<h1>IBusBM - compatibility matrix</h1>
				<p>
					<small>This report was generated on Monday, 21-Feb-22 12:00:25 CET using 
					<a href="https://github.com/alranel/arduino-testlib">arduino-testlib</a>.</small>
				</p>

				<h2>IBusBM</h2>
				<p>
					Version: <b>1.1.4</b>
					<br />
					<a href="https://www.arduino.cc/reference/en/libraries/ibusbm/">More details</a>
				</p>

				<h2>Compatibility matrix</h2>
				<table class="table table-bordered">
					<tr>
						<th>Board</th>
						<th>Claims compatibility</th>
						<th>Inclusion</th>
						
						<th><pre>Ibus_sensor</pre></th>
						
						<th><pre>Ibus_singlemonitor</pre></th>
						
						<th><pre>Robotcar</pre></th>
						
						<th><pre>Ibus2PWM</pre></th>
						
						<th><pre>Ibus2PWM_ESP32</pre></th>
						
						<th><pre>Ibus2PWM_mbed</pre></th>
						
						<th><pre>Ibus_diy_servo_STM32</pre></th>
						
						<th><pre>Ibus_multimonitor</pre></th>
						
					</tr>
					
					<tr>
						<td>
							<a href="#arduino%3aavr%3auno"><b>arduino:avr:uno</b></a>
							<br />
							<small>1.8.4</small>
						</td>

						
							<td>Yes</td>
							<td class="pass">PASS</td>
						
						
						
						

						
							
								
									
										
									
										
									
										
									
										
									
										
									
										
											
											<td class="fail">FAIL</td>
										
									
										
									
										
									
								
							
								
							
								
							
								
							
								
							
						
							
								
									
										
									
										
									
										
									
										
									
										
									
										
									
										
											
											<td class="fail">FAIL</td>
										
									
										
									
								
							
								
							
								
							
								
							
								
							
						
							
								
									
										
									
										
									
										
									
										
									
										
									
										
									
										
									
										
											
											<td class="fail">FAIL</td>
										
									
								
							
								
							
								
							
								
							
								
							
						
							
								
									
										
											<td class="pass">PASS</td>
											
										
									
										
									
										
									
										
									
										
									
										
									
										
									
										
									
								
							
								
							
								
							
								
							
								
							
						
							
								
									
										
									
										
											
											<td class="fail">FAIL</td>
										
									
										
									
										
									
										
									
										
									
										
									
										
									
								
							
								
							
								
							
								
							
								
							
						
							
								
									
										
									
										
									
										
											
											<td class="fail">FAIL</td>
										
									
										
									
										
									
										
									
										
									
										
									
								
							
								
							
								
							
								
							
								
							
						
							
								
									
										
									
										
									
										
									
										
											
											<td class="fail">FAIL</td>
										
									
										
									
										
									
										
									
										
									
								
							
								
							
								
							
								
							
								
							
						
							
								
									
										
									
										
									
										
									
										
									
										
											
											<td class="fail">FAIL</td>
										
									
										
									
										
									
										
									
								
							
								
							
								
							
								
							
								
							
						
					</tr>
					
					<tr>
						<td>
							<a href="#arduino%3ambed_nano%3ananorp2040connect"><b>arduino:mbed_nano:nanorp2040connect</b></a>
							<br />
							<small>2.7.2</small>
						</td>

						
						
						
						
							<td>No</td>
							<td class="fail">FAIL</td>
						

						
							
								
							
								
									
										
									
										
									
										
									
										
									
										
									
										
											
											<td class="fail">FAIL</td>
										
									
										
									
										
									
								
							
								
							
								
							
								
							
						
							
								
							
								
									
										
									
										
									
										
									
										
									
										
									
										
									
										
											
											<td class="fail">FAIL</td>
										
									
										
									
								
							
								
							
								
							
								
							
						
							
								
							
								
									
										
									
										
									
										
									
										
									
										
									
										
									
										
									
										
											
											<td class="fail">FAIL</td>
										
									
								
							
								
							
								
							
								
							
						
							
								
							
								
									
										
											
											<td class="fail">FAIL</td>
										
									
										
									
										
									
										
									
										
									
										
									
										
									
										
									
								
							
								
							
								
							
								
							
						
							
								
							
								
									
										
									
										
											
											<td class="fail">FAIL</td>
										
									
										
									
										
									
										
									
										
									
										
									
										
									
								
							
								
							
								
							
								
							
						
							
								
							
								
									
										
									
										
									
										
											
											<td class="fail">FAIL</td>
										
									
										
									
										
									
										
									
										
									
										
									
								
							
								
							
								
							
								
							
						
							
								
							
								
									
										
									
										
									
										
									
										
											
											<td class="fail">FAIL</td>
										
									
										
									
										
									
										
									
										
									
								
							
								
							
								
							
								
							
						
							
								
							
								
									
										
									
										
									
										
									
										
									
										
											
											<td class="fail">FAIL</td>
										
									
										
									
										
									
										
									
								
							
								
							
								
							
								
							
						
					</tr>
					
					<tr>
						<td>
							<a href="#arduino%3amegaavr%3anona4809"><b>arduino:megaavr:nona4809</b></a>
							<br />
							<small>1.8.7</small>
						</td>

						
						
						
						
							<td>No</td>
							<td class="fail">FAIL</td>
						

						
							
								
							
								
							
								
									
										
									
										
									
										
									
										
									
										
									
										
											
											<td class="fail">FAIL</td>
										
									
										
									
										
									
								
							
								
							
								
							
						
							
								
							
								
							
								
									
										
									
										
									
										
									
										
									
										
									
										
									
										
											
											<td class="fail">FAIL</td>
										
									
										
									
								
							
								
							
								
							
						
							
								
							
								
							
								
									
										
									
										
									
										
									
										
									
										
									
										
									
										
									
										
											
											<td class="fail">FAIL</td>
										
									
								
							
								
							
								
							
						
							
								
							
								
							
								
									
										
											
											<td class="fail">FAIL</td>
										
									
										
									
										
									
										
									
										
									
										
									
										
									
										
									
								
							
								
							
								
							
						
							
								
							
								
							
								
									
										
									
										
											
											<td class="fail">FAIL</td>
										
									
										
									
										
									
										
									
										
									
										
									
										
									
								
							
								
							
								
							
						
							
								
							
								
							
								
									
										
									
										
									
										
											
											<td class="fail">FAIL</td>
										
									
										
									
										
									
										
									
										
									
										
									
								
							
								
							
								
							
						
							
								
							
								
							
								
									
										
									
										
									
										
									
										
											
											<td class="fail">FAIL</td>
										
									
										
									
										
									
										
									
										
									
								
							
								
							
								
							
						
							
								
							
								
							
								
									
										
									
										
									
										
									
										
									
										
											
											<td class="fail">FAIL</td>
										
									
										
									
										
									
										
									
								
							
								
							
								
							
						
					</tr>
					
					<tr>
						<td>
							<a href="#arduino%3asamd%3amkrwifi1010"><b>arduino:samd:mkrwifi1010</b></a>
							<br />
							<small>1.8.12</small>
						</td>

						
						
						
						
							<td>No</td>
							<td class="fail">FAIL</td>
						

						
							
								
							
								
							
								
							
								
									
										
									
										
									
										
									
										
									
										
									
										
											
											<td class="fail">FAIL</td>
										
									
										
									
										
									
								
							
								
							
						
							
								
							
								
							
								
							
								
									
										
									
										
									
										
									
										
									
										
									
										
									
										
											
											<td class="fail">FAIL</td>
										
									
										
									
								
							
								
							
						
							
								
							
								
							
								
							
								
									
										
									
										
									
										
									
										
									
										
									
										
									
										
									
										
											
											<td class="fail">FAIL</td>
										
									
								
							
								
							
						
							
								
							
								
							
								
							
								
									
										
											
											<td class="fail">FAIL</td>
										
									
										
									
										
									
										
									
										
									
										
									
										
									
										
									
								
							
								
							
						
							
								
							
								
							
								
							
								
									
										
									
										
											
											<td class="fail">FAIL</td>
										
									
										
									
										
									
										
									
										
									
										
									
										
									
								
							
								
							
						
							
								
							
								
							
								
							
								
									
										
									
										
									
										
											
											<td class="fail">FAIL</td>
										
									
										
									
										
									
										
									
										
									
										
									
								
							
								
							
						
							
								
							
								
							
								
							
								
									
										
									
										
									
										
									
										
											
											<td class="fail">FAIL</td>
										
									
										
									
										
									
										
									
										
									
								
							
								
							
						
							
								
							
								
							
								
							
								
									
										
									
										
									
										
									
										
									
										
											
											<td class="fail">FAIL</td>
										
									
										
									
										
									
										
									
								
							
								
							
						
					</tr>
					
					<tr>
						<td>
							<a href="#esp32%3aesp32%3ad1_mini32"><b>esp32:esp32:d1_mini32</b></a>
							<br />
							<small>1.0.6</small>
						</td>

						
							<td>Yes</td>
							<td class="pass">PASS</td>
						
						
						
						

						
							
								
							
								
							
								
							
								
							
								
									
										
									
										
									
										
									
										
									
										
									
										
											<td class="pass">PASS</td>
											
										
									
										
									
										
									
								
							
						
							
								
							
								
							
								
							
								
							
								
									
										
									
										
									
										
									
										
									
										
									
										
									
										
											<td class="pass">PASS</td>
											
										
									
										
									
								
							
						
							
								
							
								
							
								
							
								
							
								
									
										
									
										
									
										
									
										
									
										
									
										
									
										
									
										
											<td class="pass">PASS</td>
											
										
									
								
							
						
							
								
							
								
							
								
							
								
							
								
									
										
											<td class="pass">PASS</td>
											
										
									
										
									
										
									
										
									
										
									
										
									
										
									
										
									
								
							
						
							
								
							
								
							
								
							
								
							
								
									
										
									
										
											<td class="pass">PASS</td>
											
										
									
										
									
										
									
										
									
										
									
										
									
										
									
								
							
						
							
								
							
								
							
								
							
								
							
								
									
										
									
										
									
										
											<td class="pass">PASS</td>
											
										
									
										
									
										
									
										
									
										
									
										
									
								
							
						
							
								
							
								
							
								
							
								
							
								
									
										
									
										
									
										
									
										
											
											<td class="fail">FAIL</td>
										
									
										
									
										
									
										
									
										
									
								
							
						
							
								
							
								
							
								
							
								
							
								
									
										
									
										
									
										
									
										
									
										
											<td class="pass">PASS</td>
											
										
									
										
									
										
									
										
									
								
							
						
					</tr>
					
				</table>

				<h2>Compilation logs</h2>
				
				<h3 id="arduino:avr:uno">arduino:avr:uno @ 1.8.4</h3>
				<h4>Inclusion</h4>
				<p>
					Result: <b>PASS</b>
					
				</p>
				<pre class="pre-scrollable">Sketch uses 1570 bytes (4%) of program storage space. Maximum is 32256 bytes.
Global variables use 9 bytes (0%) of dynamic memory, leaving 2039 bytes for local variables. Maximum is 2048 bytes.
</pre>

					
					<h4>examples/Ibus2PWM</h4>
					<p>
						Result: <b>PASS</b>
					</p>
					<pre class="pre-scrollable">Sketch uses 4252 bytes (13%) of program storage space. Maximum is 32256 bytes.
Global variables use 385 bytes (18%) of dynamic memory, leaving 1663 bytes for local variables. Maximum is 2048 bytes.
</pre>
					
					<h4>examples/Ibus2PWM_ESP32</h4>
					<p>
						Result: <b>FAIL</b>
					</p>
					<pre class="pre-scrollable">In file included from /home/ec2-user/arduino-testlib/cli-datadir/user/libraries/ESP32Servo/src/ESP32Servo.h:67:0,
                 from /home/ec2-user/arduino-testlib/cli-datadir/user/libraries/IBusBM/examples/Ibus2PWM_ESP32/Ibus2PWM_ESP32.ino:2:
/home/ec2-user/arduino-testlib/cli-datadir/user/libraries/ESP32Servo/src/analogWrite.h:3:10: fatal error: cstdint: No such file or directory
 #include &lt;cstdint&gt;
          ^~~~~~~~~
compilation terminated.

</pre>
					
					<h4>examples/Ibus2PWM_mbed</h4>
					<p>
						Result: <b>FAIL</b>
					</p>
					<pre class="pre-scrollable">/home/ec2-user/arduino-testlib/cli-datadir/user/libraries/IBusBM/examples/Ibus2PWM_mbed/Ibus2PWM_mbed.ino: In function &#39;void setup()&#39;:
/home/ec2-user/arduino-testlib/cli-datadir/user/libraries/IBusBM/examples/Ibus2PWM_mbed/Ibus2PWM_mbed.ino:33:14: error: &#39;Serial1&#39; was not declared in this scope
   IBus.begin(Serial1);    // iBUS connected to Serial1 - change to Serial0 or Serial2 port when required
              ^~~~~~~
/home/ec2-user/arduino-testlib/cli-datadir/user/libraries/IBusBM/examples/Ibus2PWM_mbed/Ibus2PWM_mbed.ino:33:14: note: suggested alternative: &#39;Serial&#39;
   IBus.begin(Serial1);    // iBUS connected to Serial1 - change to Serial0 or Serial2 port when required
              ^~~~~~~
              Serial
Multiple libraries were found for &#34;Servo.h&#34;
  Used: /home/ec2-user/arduino-testlib/cli-datadir/user/libraries/Servo
  Not used: /home/ec2-user/arduino-testlib/cli-datadir/user/libraries/ServoESP32
  Not used: /home/ec2-user/arduino-testlib/cli-datadir/user/libraries/XMC_Servo
  Not used: /home/ec2-user/arduino-testlib/cli-datadir/user/libraries/evive
  Not used: /home/ec2-user/arduino-testlib/cli-datadir/user/libraries/Printoo_Library
  Not used: /home/ec2-user/arduino-testlib/cli-datadir/user/libraries/RokitSmart
</pre>
					
					<h4>examples/Ibus_diy_servo_STM32</h4>
					<p>
						Result: <b>FAIL</b>
					</p>
					<pre class="pre-scrollable">/home/ec2-user/arduino-testlib/cli-datadir/user/libraries/IBusBM/examples/Ibus_diy_servo_STM32/Ibus_diy_servo_STM32.ino: In function &#39;void setup()&#39;:
/home/ec2-user/arduino-testlib/cli-datadir/user/libraries/IBusBM/examples/Ibus_diy_servo_STM32/Ibus_diy_servo_STM32.ino:65:14: error: &#39;Serial1&#39; was not declared in this scope
   IBUS.begin(Serial1, IBUSBM_NOTIMER);                                              // Start Ibus connection on serial1 without timer, call IBUS.loop() in Millisecond loop.
              ^~~~~~~
/home/ec2-user/arduino-testlib/cli-datadir/user/libraries/IBusBM/examples/Ibus_diy_servo_STM32/Ibus_diy_servo_STM32.ino:65:14: note: suggested alternative: &#39;Serial&#39;
   IBUS.begin(Serial1, IBUSBM_NOTIMER);                                              // Start Ibus connection on serial1 without timer, call IBUS.loop() in Millisecond loop.
              ^~~~~~~
              Serial
Multiple libraries were found for &#34;PID_v1.h&#34;
  Used: /home/ec2-user/arduino-testlib/cli-datadir/user/libraries/PreMo_-_Virtual_Path_Following
  Not used: /home/ec2-user/arduino-testlib/cli-datadir/user/libraries/PID
</pre>
					
					<h4>examples/Ibus_multimonitor</h4>
					<p>
						Result: <b>FAIL</b>
					</p>
					<pre class="pre-scrollable">/home/ec2-user/arduino-testlib/cli-datadir/user/libraries/IBusBM/examples/Ibus_multimonitor/Ibus_multimonitor.ino: In function &#39;void setup()&#39;:
/home/ec2-user/arduino-testlib/cli-datadir/user/libraries/IBusBM/examples/Ibus_multimonitor/Ibus_multimonitor.ino:40:19: error: &#39;Serial1&#39; was not declared in this scope
   IBusServo.begin(Serial1);
                   ^~~~~~~
/home/ec2-user/arduino-testlib/cli-datadir/user/libraries/IBusBM/examples/Ibus_multimonitor/Ibus_multimonitor.ino:40:19: note: suggested alternative: &#39;Serial&#39;
   IBusServo.begin(Serial1);
                   ^~~~~~~
                   Serial
/home/ec2-user/arduino-testlib/cli-datadir/user/libraries/IBusBM/examples/Ibus_multimonitor/Ibus_multimonitor.ino:45:20: error: &#39;Serial2&#39; was not declared in this scope
   IBusSensor.begin(Serial2);
                    ^~~~~~~
/home/ec2-user/arduino-testlib/cli-datadir/user/libraries/IBusBM/examples/Ibus_multimonitor/Ibus_multimonitor.ino:45:20: note: suggested alternative: &#39;Serial&#39;
   IBusSensor.begin(Serial2);
                    ^~~~~~~
                    Serial

</pre>
					
					<h4>examples/Ibus_sensor</h4>
					<p>
						Result: <b>FAIL</b>
					</p>
					<pre class="pre-scrollable">/home/ec2-user/arduino-testlib/cli-datadir/user/libraries/IBusBM/examples/Ibus_sensor/Ibus_sensor.ino: In function &#39;void setup()&#39;:
/home/ec2-user/arduino-testlib/cli-datadir/user/libraries/IBusBM/examples/Ibus_sensor/Ibus_sensor.ino:29:14: error: &#39;Serial1&#39; was not declared in this scope
   IBus.begin(Serial1);
              ^~~~~~~
/home/ec2-user/arduino-testlib/cli-datadir/user/libraries/IBusBM/examples/Ibus_sensor/Ibus_sensor.ino:29:14: note: suggested alternative: &#39;Serial&#39;
   IBus.begin(Serial1);
              ^~~~~~~
              Serial

</pre>
					
					<h4>examples/Ibus_singlemonitor</h4>
					<p>
						Result: <b>FAIL</b>
					</p>
					<pre class="pre-scrollable">/home/ec2-user/arduino-testlib/cli-datadir/user/libraries/IBusBM/examples/Ibus_singlemonitor/Ibus_singlemonitor.ino: In function &#39;void setup()&#39;:
/home/ec2-user/arduino-testlib/cli-datadir/user/libraries/IBusBM/examples/Ibus_singlemonitor/Ibus_singlemonitor.ino:35:14: error: &#39;Serial1&#39; was not declared in this scope
   IBus.begin(Serial1);
              ^~~~~~~
/home/ec2-user/arduino-testlib/cli-datadir/user/libraries/IBusBM/examples/Ibus_singlemonitor/Ibus_singlemonitor.ino:35:14: note: suggested alternative: &#39;Serial&#39;
   IBus.begin(Serial1);
              ^~~~~~~
              Serial

</pre>
					
					<h4>examples/Robotcar</h4>
					<p>
						Result: <b>FAIL</b>
					</p>
					<pre class="pre-scrollable">/home/ec2-user/arduino-testlib/cli-datadir/user/libraries/IBusBM/examples/Robotcar/Robotcar.ino: In function &#39;void setup()&#39;:
/home/ec2-user/arduino-testlib/cli-datadir/user/libraries/IBusBM/examples/Robotcar/Robotcar.ino:77:14: error: &#39;Serial1&#39; was not declared in this scope
   IBus.begin(Serial1);    // iBUS connected to Serial1: 19 (RX) and 18 (TX)
              ^~~~~~~
/home/ec2-user/arduino-testlib/cli-datadir/user/libraries/IBusBM/examples/Robotcar/Robotcar.ino:77:14: note: suggested alternative: &#39;Serial&#39;
   IBus.begin(Serial1);    // iBUS connected to Serial1: 19 (RX) and 18 (TX)
              ^~~~~~~
              Serial

</pre>
					
				
				<h3 id="arduino:mbed_nano:nanorp2040connect">arduino:mbed_nano:nanorp2040connect @ 2.7.2</h3>
				<h4>Inclusion</h4>
				<p>
					Result: <b>FAIL</b>
					
				</p>
				<pre class="pre-scrollable">WARNING: library IBusBM claims to run on avr, esp32, stm32, mbed architecture(s) and may be incompatible with your current board which runs on mbed_nano architecture(s).
/home/ec2-user/arduino-testlib/cli-datadir/user/libraries/IBusBM/src/IBusBM.cpp: In function &#39;void TIMER4_IRQHandler_v()&#39;:
/home/ec2-user/arduino-testlib/cli-datadir/user/libraries/IBusBM/src/IBusBM.cpp:53:9: error: &#39;NRF_TIMER4&#39; was not declared in this scope
     if (NRF_TIMER4-&gt;EVENTS_COMPARE[0] == 1) {
         ^~~~~~~~~~
/home/ec2-user/arduino-testlib/cli-datadir/user/libraries/IBusBM/src/IBusBM.cpp:53:9: note: suggested alternative: &#39;NUM_TIMERS&#39;
     if (NRF_TIMER4-&gt;EVENTS_COMPARE[0] == 1) {
         ^~~~~~~~~~
         NUM_TIMERS
/home/ec2-user/arduino-testlib/cli-datadir/user/libraries/IBusBM/src/IBusBM.cpp: In member function &#39;void IBusBM::begin(arduino::HardwareSerial&amp;, int8_t, int8_t, int8_t)&#39;:
/home/ec2-user/arduino-testlib/cli-datadir/user/libraries/IBusBM/src/IBusBM.cpp:127:9: error: &#39;NRF_TIMER4&#39; was not declared in this scope
         NRF_TIMER4-&gt;TASKS_STOP = 1; // Stop timer
         ^~~~~~~~~~
/home/ec2-user/arduino-testlib/cli-datadir/user/libraries/IBusBM/src/IBusBM.cpp:127:9: note: suggested alternative: &#39;NUM_TIMERS&#39;
         NRF_TIMER4-&gt;TASKS_STOP = 1; // Stop timer
         ^~~~~~~~~~
         NUM_TIMERS
/home/ec2-user/arduino-testlib/cli-datadir/user/libraries/IBusBM/src/IBusBM.cpp:128:28: error: &#39;TIMER_MODE_MODE_Timer&#39; was not declared in this scope
         NRF_TIMER4-&gt;MODE = TIMER_MODE_MODE_Timer;  // Set the timer in Counter Mode
                            ^~~~~~~~~~~~~~~~~~~~~
/home/ec2-user/arduino-testlib/cli-datadir/user/libraries/IBusBM/src/IBusBM.cpp:129:31: error: &#39;TIMER_BITMODE_BITMODE_16Bit&#39; was not declared in this scope
         NRF_TIMER4-&gt;BITMODE = TIMER_BITMODE_BITMODE_16Bit &lt;&lt; TIMER_BITMODE_BITMODE_Pos;
                               ^~~~~~~~~~~~~~~~~~~~~~~~~~~
/home/ec2-user/arduino-testlib/cli-datadir/user/libraries/IBusBM/src/IBusBM.cpp:129:62: error: &#39;TIMER_BITMODE_BITMODE_Pos&#39; was not declared in this scope
         NRF_TIMER4-&gt;BITMODE = TIMER_BITMODE_BITMODE_16Bit &lt;&lt; TIMER_BITMODE_BITMODE_Pos;
                                                              ^~~~~~~~~~~~~~~~~~~~~~~~~
/home/ec2-user/arduino-testlib/cli-datadir/user/libraries/IBusBM/src/IBusBM.cpp:130:9: error: &#39;NRF_TIMER2&#39; was not declared in this scope
         NRF_TIMER2-&gt;TASKS_CLEAR = 1;               // clear the task first to be usable for later
         ^~~~~~~~~~
/home/ec2-user/arduino-testlib/cli-datadir/user/libraries/IBusBM/src/IBusBM.cpp:130:9: note: suggested alternative: &#39;NUM_TIMERS&#39;
         NRF_TIMER2-&gt;TASKS_CLEAR = 1;               // clear the task first to be usable for later
         ^~~~~~~~~~
         NUM_TIMERS
/home/ec2-user/arduino-testlib/cli-datadir/user/libraries/IBusBM/src/IBusBM.cpp:135:38: error: &#39;TIMER_PRESCALER_PRESCALER_Pos&#39; was not declared in this scope
         NRF_TIMER4-&gt;PRESCALER = 4 &lt;&lt; TIMER_PRESCALER_PRESCALER_Pos;
                                      ^~~~~~~~~~~~~~~~~~~~~~~~~~~~~
/home/ec2-user/arduino-testlib/cli-datadir/user/libraries/IBusBM/src/IBusBM.cpp:139:32: error: &#39;TIMER_INTENSET_COMPARE0_Enabled&#39; was not declared in this scope
         NRF_TIMER4-&gt;INTENSET = TIMER_INTENSET_COMPARE0_Enabled &lt;&lt; TIMER_INTENSET_COMPARE0_Pos;
                                ^~~~~~~~~~~~~~~~~~~~~~~~~~~~~~~
/home/ec2-user/arduino-testlib/cli-datadir/user/libraries/IBusBM/src/IBusBM.cpp:139:67: error: &#39;TIMER_INTENSET_COMPARE0_Pos&#39; was not declared in this scope
         NRF_TIMER4-&gt;INTENSET = TIMER_INTENSET_COMPARE0_Enabled &lt;&lt; TIMER_INTENSET_COMPARE0_Pos;
                                                                   ^~~~~~~~~~~~~~~~~~~~~~~~~~~
/home/ec2-user/arduino-testlib/cli-datadir/user/libraries/IBusBM/src/IBusBM.cpp:139:67: note: suggested alternative: &#39;TIMER_INTE_ALARM_0_LSB&#39;
         NRF_TIMER4-&gt;INTENSET = TIMER_INTENSET_COMPARE0_Enabled &lt;&lt; TIMER_INTENSET_COMPARE0_Pos;
                                                                   ^~~~~~~~~~~~~~~~~~~~~~~~~~~
                                                                   TIMER_INTE_ALARM_0_LSB
/home/ec2-user/arduino-testlib/cli-datadir/user/libraries/IBusBM/src/IBusBM.cpp:140:30: error: &#39;TIMER_SHORTS_COMPARE0_CLEAR_Enabled&#39; was not declared in this scope
         NRF_TIMER4-&gt;SHORTS = TIMER_SHORTS_COMPARE0_CLEAR_Enabled &lt;&lt; TIMER_SHORTS_COMPARE0_CLEAR_Pos;
                              ^~~~~~~~~~~~~~~~~~~~~~~~~~~~~~~~~~~
/home/ec2-user/arduino-testlib/cli-datadir/user/libraries/IBusBM/src/IBusBM.cpp:140:69: error: &#39;TIMER_SHORTS_COMPARE0_CLEAR_Pos&#39; was not declared in this scope
         NRF_TIMER4-&gt;SHORTS = TIMER_SHORTS_COMPARE0_CLEAR_Enabled &lt;&lt; TIMER_SHORTS_COMPARE0_CLEAR_Pos;
                                                                     ^~~~~~~~~~~~~~~~~~~~~~~~~~~~~~~
/home/ec2-user/arduino-testlib/cli-datadir/user/libraries/IBusBM/src/IBusBM.cpp:142:24: error: &#39;TIMER4_IRQn&#39; was not declared in this scope
         NVIC_EnableIRQ(TIMER4_IRQn);
                        ^~~~~~~~~~~
/home/ec2-user/arduino-testlib/cli-datadir/user/libraries/IBusBM/src/IBusBM.cpp:142:24: note: suggested alternative: &#39;TIMER_IRQ_3n&#39;
         NVIC_EnableIRQ(TIMER4_IRQn);
                        ^~~~~~~~~~~
                        TIMER_IRQ_3n

</pre>

					
					<h4>examples/Ibus2PWM</h4>
					<p>
						Result: <b>FAIL</b>
					</p>
					<pre class="pre-scrollable">WARNING: library IBusBM claims to run on avr, esp32, stm32, mbed architecture(s) and may be incompatible with your current board which runs on mbed_nano architecture(s).
/home/ec2-user/arduino-testlib/cli-datadir/user/libraries/IBusBM/src/IBusBM.cpp: In function &#39;void TIMER4_IRQHandler_v()&#39;:
/home/ec2-user/arduino-testlib/cli-datadir/user/libraries/IBusBM/src/IBusBM.cpp:53:9: error: &#39;NRF_TIMER4&#39; was not declared in this scope
     if (NRF_TIMER4-&gt;EVENTS_COMPARE[0] == 1) {
         ^~~~~~~~~~
/home/ec2-user/arduino-testlib/cli-datadir/user/libraries/IBusBM/src/IBusBM.cpp:53:9: note: suggested alternative: &#39;NUM_TIMERS&#39;
     if (NRF_TIMER4-&gt;EVENTS_COMPARE[0] == 1) {
         ^~~~~~~~~~
         NUM_TIMERS
/home/ec2-user/arduino-testlib/cli-datadir/user/libraries/IBusBM/src/IBusBM.cpp: In member function &#39;void IBusBM::begin(arduino::HardwareSerial&amp;, int8_t, int8_t, int8_t)&#39;:
/home/ec2-user/arduino-testlib/cli-datadir/user/libraries/IBusBM/src/IBusBM.cpp:127:9: error: &#39;NRF_TIMER4&#39; was not declared in this scope
         NRF_TIMER4-&gt;TASKS_STOP = 1; // Stop timer
         ^~~~~~~~~~
/home/ec2-user/arduino-testlib/cli-datadir/user/libraries/IBusBM/src/IBusBM.cpp:127:9: note: suggested alternative: &#39;NUM_TIMERS&#39;
         NRF_TIMER4-&gt;TASKS_STOP = 1; // Stop timer
         ^~~~~~~~~~
         NUM_TIMERS
/home/ec2-user/arduino-testlib/cli-datadir/user/libraries/IBusBM/src/IBusBM.cpp:128:28: error: &#39;TIMER_MODE_MODE_Timer&#39; was not declared in this scope
         NRF_TIMER4-&gt;MODE = TIMER_MODE_MODE_Timer;  // Set the timer in Counter Mode
                            ^~~~~~~~~~~~~~~~~~~~~
/home/ec2-user/arduino-testlib/cli-datadir/user/libraries/IBusBM/src/IBusBM.cpp:129:31: error: &#39;TIMER_BITMODE_BITMODE_16Bit&#39; was not declared in this scope
         NRF_TIMER4-&gt;BITMODE = TIMER_BITMODE_BITMODE_16Bit &lt;&lt; TIMER_BITMODE_BITMODE_Pos;
                               ^~~~~~~~~~~~~~~~~~~~~~~~~~~
/home/ec2-user/arduino-testlib/cli-datadir/user/libraries/IBusBM/src/IBusBM.cpp:129:62: error: &#39;TIMER_BITMODE_BITMODE_Pos&#39; was not declared in this scope
         NRF_TIMER4-&gt;BITMODE = TIMER_BITMODE_BITMODE_16Bit &lt;&lt; TIMER_BITMODE_BITMODE_Pos;
                                                              ^~~~~~~~~~~~~~~~~~~~~~~~~
/home/ec2-user/arduino-testlib/cli-datadir/user/libraries/IBusBM/src/IBusBM.cpp:130:9: error: &#39;NRF_TIMER2&#39; was not declared in this scope
         NRF_TIMER2-&gt;TASKS_CLEAR = 1;               // clear the task first to be usable for later
         ^~~~~~~~~~
/home/ec2-user/arduino-testlib/cli-datadir/user/libraries/IBusBM/src/IBusBM.cpp:130:9: note: suggested alternative: &#39;NUM_TIMERS&#39;
         NRF_TIMER2-&gt;TASKS_CLEAR = 1;               // clear the task first to be usable for later
         ^~~~~~~~~~
         NUM_TIMERS
/home/ec2-user/arduino-testlib/cli-datadir/user/libraries/IBusBM/src/IBusBM.cpp:135:38: error: &#39;TIMER_PRESCALER_PRESCALER_Pos&#39; was not declared in this scope
         NRF_TIMER4-&gt;PRESCALER = 4 &lt;&lt; TIMER_PRESCALER_PRESCALER_Pos;
                                      ^~~~~~~~~~~~~~~~~~~~~~~~~~~~~
/home/ec2-user/arduino-testlib/cli-datadir/user/libraries/IBusBM/src/IBusBM.cpp:139:32: error: &#39;TIMER_INTENSET_COMPARE0_Enabled&#39; was not declared in this scope
         NRF_TIMER4-&gt;INTENSET = TIMER_INTENSET_COMPARE0_Enabled &lt;&lt; TIMER_INTENSET_COMPARE0_Pos;
                                ^~~~~~~~~~~~~~~~~~~~~~~~~~~~~~~
/home/ec2-user/arduino-testlib/cli-datadir/user/libraries/IBusBM/src/IBusBM.cpp:139:67: error: &#39;TIMER_INTENSET_COMPARE0_Pos&#39; was not declared in this scope
         NRF_TIMER4-&gt;INTENSET = TIMER_INTENSET_COMPARE0_Enabled &lt;&lt; TIMER_INTENSET_COMPARE0_Pos;
                                                                   ^~~~~~~~~~~~~~~~~~~~~~~~~~~
/home/ec2-user/arduino-testlib/cli-datadir/user/libraries/IBusBM/src/IBusBM.cpp:139:67: note: suggested alternative: &#39;TIMER_INTE_ALARM_0_LSB&#39;
         NRF_TIMER4-&gt;INTENSET = TIMER_INTENSET_COMPARE0_Enabled &lt;&lt; TIMER_INTENSET_COMPARE0_Pos;
                                                                   ^~~~~~~~~~~~~~~~~~~~~~~~~~~
                                                                   TIMER_INTE_ALARM_0_LSB
/home/ec2-user/arduino-testlib/cli-datadir/user/libraries/IBusBM/src/IBusBM.cpp:140:30: error: &#39;TIMER_SHORTS_COMPARE0_CLEAR_Enabled&#39; was not declared in this scope
         NRF_TIMER4-&gt;SHORTS = TIMER_SHORTS_COMPARE0_CLEAR_Enabled &lt;&lt; TIMER_SHORTS_COMPARE0_CLEAR_Pos;
                              ^~~~~~~~~~~~~~~~~~~~~~~~~~~~~~~~~~~
/home/ec2-user/arduino-testlib/cli-datadir/user/libraries/IBusBM/src/IBusBM.cpp:140:69: error: &#39;TIMER_SHORTS_COMPARE0_CLEAR_Pos&#39; was not declared in this scope
         NRF_TIMER4-&gt;SHORTS = TIMER_SHORTS_COMPARE0_CLEAR_Enabled &lt;&lt; TIMER_SHORTS_COMPARE0_CLEAR_Pos;
                                                                     ^~~~~~~~~~~~~~~~~~~~~~~~~~~~~~~
/home/ec2-user/arduino-testlib/cli-datadir/user/libraries/IBusBM/src/IBusBM.cpp:142:24: error: &#39;TIMER4_IRQn&#39; was not declared in this scope
         NVIC_EnableIRQ(TIMER4_IRQn);
                        ^~~~~~~~~~~
/home/ec2-user/arduino-testlib/cli-datadir/user/libraries/IBusBM/src/IBusBM.cpp:142:24: note: suggested alternative: &#39;TIMER_IRQ_3n&#39;
         NVIC_EnableIRQ(TIMER4_IRQn);
                        ^~~~~~~~~~~
                        TIMER_IRQ_3n
Multiple libraries were found for &#34;Servo.h&#34;
  Used: /home/ec2-user/arduino-testlib/cli-datadir/user/libraries/Servo
  Not used: /home/ec2-user/arduino-testlib/cli-datadir/user/libraries/Printoo_Library
  Not used: /home/ec2-user/arduino-testlib/cli-datadir/user/libraries/ServoESP32
  Not used: /home/ec2-user/arduino-testlib/cli-datadir/user/libraries/RokitSmart
  Not used: /home/ec2-user/arduino-testlib/cli-datadir/user/libraries/evive
  Not used: /home/ec2-user/arduino-testlib/cli-datadir/user/libraries/XMC_Servo
</pre>
					
					<h4>examples/Ibus2PWM_ESP32</h4>
					<p>
						Result: <b>FAIL</b>
					</p>
					<pre class="pre-scrollable">In file included from /home/ec2-user/arduino-testlib/cli-datadir/user/libraries/ESP32Servo/src/ESP32Servo.h:67:0,
                 from /home/ec2-user/arduino-testlib/cli-datadir/user/libraries/IBusBM/examples/Ibus2PWM_ESP32/Ibus2PWM_ESP32.ino:2:
/home/ec2-user/arduino-testlib/cli-datadir/user/libraries/ESP32Servo/src/analogWrite.h:4:10: fatal error: esp32-hal-ledc.h: No such file or directory
 #include &lt;esp32-hal-ledc.h&gt;
          ^~~~~~~~~~~~~~~~~~
compilation terminated.

</pre>
					
					<h4>examples/Ibus2PWM_mbed</h4>
					<p>
						Result: <b>FAIL</b>
					</p>
					<pre class="pre-scrollable">WARNING: library IBusBM claims to run on avr, esp32, stm32, mbed architecture(s) and may be incompatible with your current board which runs on mbed_nano architecture(s).
/home/ec2-user/arduino-testlib/cli-datadir/user/libraries/IBusBM/src/IBusBM.cpp: In function &#39;void TIMER4_IRQHandler_v()&#39;:
/home/ec2-user/arduino-testlib/cli-datadir/user/libraries/IBusBM/src/IBusBM.cpp:53:9: error: &#39;NRF_TIMER4&#39; was not declared in this scope
     if (NRF_TIMER4-&gt;EVENTS_COMPARE[0] == 1) {
         ^~~~~~~~~~
/home/ec2-user/arduino-testlib/cli-datadir/user/libraries/IBusBM/src/IBusBM.cpp:53:9: note: suggested alternative: &#39;NUM_TIMERS&#39;
     if (NRF_TIMER4-&gt;EVENTS_COMPARE[0] == 1) {
         ^~~~~~~~~~
         NUM_TIMERS
/home/ec2-user/arduino-testlib/cli-datadir/user/libraries/IBusBM/src/IBusBM.cpp: In member function &#39;void IBusBM::begin(arduino::HardwareSerial&amp;, int8_t, int8_t, int8_t)&#39;:
/home/ec2-user/arduino-testlib/cli-datadir/user/libraries/IBusBM/src/IBusBM.cpp:127:9: error: &#39;NRF_TIMER4&#39; was not declared in this scope
         NRF_TIMER4-&gt;TASKS_STOP = 1; // Stop timer
         ^~~~~~~~~~
/home/ec2-user/arduino-testlib/cli-datadir/user/libraries/IBusBM/src/IBusBM.cpp:127:9: note: suggested alternative: &#39;NUM_TIMERS&#39;
         NRF_TIMER4-&gt;TASKS_STOP = 1; // Stop timer
         ^~~~~~~~~~
         NUM_TIMERS
/home/ec2-user/arduino-testlib/cli-datadir/user/libraries/IBusBM/src/IBusBM.cpp:128:28: error: &#39;TIMER_MODE_MODE_Timer&#39; was not declared in this scope
         NRF_TIMER4-&gt;MODE = TIMER_MODE_MODE_Timer;  // Set the timer in Counter Mode
                            ^~~~~~~~~~~~~~~~~~~~~
/home/ec2-user/arduino-testlib/cli-datadir/user/libraries/IBusBM/src/IBusBM.cpp:129:31: error: &#39;TIMER_BITMODE_BITMODE_16Bit&#39; was not declared in this scope
         NRF_TIMER4-&gt;BITMODE = TIMER_BITMODE_BITMODE_16Bit &lt;&lt; TIMER_BITMODE_BITMODE_Pos;
                               ^~~~~~~~~~~~~~~~~~~~~~~~~~~
/home/ec2-user/arduino-testlib/cli-datadir/user/libraries/IBusBM/src/IBusBM.cpp:129:62: error: &#39;TIMER_BITMODE_BITMODE_Pos&#39; was not declared in this scope
         NRF_TIMER4-&gt;BITMODE = TIMER_BITMODE_BITMODE_16Bit &lt;&lt; TIMER_BITMODE_BITMODE_Pos;
                                                              ^~~~~~~~~~~~~~~~~~~~~~~~~
/home/ec2-user/arduino-testlib/cli-datadir/user/libraries/IBusBM/src/IBusBM.cpp:130:9: error: &#39;NRF_TIMER2&#39; was not declared in this scope
         NRF_TIMER2-&gt;TASKS_CLEAR = 1;               // clear the task first to be usable for later
         ^~~~~~~~~~
/home/ec2-user/arduino-testlib/cli-datadir/user/libraries/IBusBM/src/IBusBM.cpp:130:9: note: suggested alternative: &#39;NUM_TIMERS&#39;
         NRF_TIMER2-&gt;TASKS_CLEAR = 1;               // clear the task first to be usable for later
         ^~~~~~~~~~
         NUM_TIMERS
/home/ec2-user/arduino-testlib/cli-datadir/user/libraries/IBusBM/src/IBusBM.cpp:135:38: error: &#39;TIMER_PRESCALER_PRESCALER_Pos&#39; was not declared in this scope
         NRF_TIMER4-&gt;PRESCALER = 4 &lt;&lt; TIMER_PRESCALER_PRESCALER_Pos;
                                      ^~~~~~~~~~~~~~~~~~~~~~~~~~~~~
/home/ec2-user/arduino-testlib/cli-datadir/user/libraries/IBusBM/src/IBusBM.cpp:139:32: error: &#39;TIMER_INTENSET_COMPARE0_Enabled&#39; was not declared in this scope
         NRF_TIMER4-&gt;INTENSET = TIMER_INTENSET_COMPARE0_Enabled &lt;&lt; TIMER_INTENSET_COMPARE0_Pos;
                                ^~~~~~~~~~~~~~~~~~~~~~~~~~~~~~~
/home/ec2-user/arduino-testlib/cli-datadir/user/libraries/IBusBM/src/IBusBM.cpp:139:67: error: &#39;TIMER_INTENSET_COMPARE0_Pos&#39; was not declared in this scope
         NRF_TIMER4-&gt;INTENSET = TIMER_INTENSET_COMPARE0_Enabled &lt;&lt; TIMER_INTENSET_COMPARE0_Pos;
                                                                   ^~~~~~~~~~~~~~~~~~~~~~~~~~~
/home/ec2-user/arduino-testlib/cli-datadir/user/libraries/IBusBM/src/IBusBM.cpp:139:67: note: suggested alternative: &#39;TIMER_INTE_ALARM_0_LSB&#39;
         NRF_TIMER4-&gt;INTENSET = TIMER_INTENSET_COMPARE0_Enabled &lt;&lt; TIMER_INTENSET_COMPARE0_Pos;
                                                                   ^~~~~~~~~~~~~~~~~~~~~~~~~~~
                                                                   TIMER_INTE_ALARM_0_LSB
/home/ec2-user/arduino-testlib/cli-datadir/user/libraries/IBusBM/src/IBusBM.cpp:140:30: error: &#39;TIMER_SHORTS_COMPARE0_CLEAR_Enabled&#39; was not declared in this scope
         NRF_TIMER4-&gt;SHORTS = TIMER_SHORTS_COMPARE0_CLEAR_Enabled &lt;&lt; TIMER_SHORTS_COMPARE0_CLEAR_Pos;
                              ^~~~~~~~~~~~~~~~~~~~~~~~~~~~~~~~~~~
/home/ec2-user/arduino-testlib/cli-datadir/user/libraries/IBusBM/src/IBusBM.cpp:140:69: error: &#39;TIMER_SHORTS_COMPARE0_CLEAR_Pos&#39; was not declared in this scope
         NRF_TIMER4-&gt;SHORTS = TIMER_SHORTS_COMPARE0_CLEAR_Enabled &lt;&lt; TIMER_SHORTS_COMPARE0_CLEAR_Pos;
                                                                     ^~~~~~~~~~~~~~~~~~~~~~~~~~~~~~~
/home/ec2-user/arduino-testlib/cli-datadir/user/libraries/IBusBM/src/IBusBM.cpp:142:24: error: &#39;TIMER4_IRQn&#39; was not declared in this scope
         NVIC_EnableIRQ(TIMER4_IRQn);
                        ^~~~~~~~~~~
/home/ec2-user/arduino-testlib/cli-datadir/user/libraries/IBusBM/src/IBusBM.cpp:142:24: note: suggested alternative: &#39;TIMER_IRQ_3n&#39;
         NVIC_EnableIRQ(TIMER4_IRQn);
                        ^~~~~~~~~~~
                        TIMER_IRQ_3n
Multiple libraries were found for &#34;Servo.h&#34;
  Used: /home/ec2-user/arduino-testlib/cli-datadir/user/libraries/Servo
  Not used: /home/ec2-user/arduino-testlib/cli-datadir/user/libraries/Printoo_Library
  Not used: /home/ec2-user/arduino-testlib/cli-datadir/user/libraries/ServoESP32
  Not used: /home/ec2-user/arduino-testlib/cli-datadir/user/libraries/XMC_Servo
  Not used: /home/ec2-user/arduino-testlib/cli-datadir/user/libraries/RokitSmart
  Not used: /home/ec2-user/arduino-testlib/cli-datadir/user/libraries/evive
</pre>
					
					<h4>examples/Ibus_diy_servo_STM32</h4>
					<p>
						Result: <b>FAIL</b>
					</p>
					<pre class="pre-scrollable">WARNING: library IBusBM claims to run on avr, esp32, stm32, mbed architecture(s) and may be incompatible with your current board which runs on mbed_nano architecture(s).
/home/ec2-user/arduino-testlib/cli-datadir/user/libraries/IBusBM/examples/Ibus_diy_servo_STM32/Ibus_diy_servo_STM32.ino:26:17: error: &#39;PB6&#39; was not declared in this scope
 byte LPWM_pin = PB6;                                                                // Drive Left  PWM output pin
                 ^~~
/home/ec2-user/arduino-testlib/cli-datadir/user/libraries/IBusBM/examples/Ibus_diy_servo_STM32/Ibus_diy_servo_STM32.ino:27:17: error: &#39;PB7&#39; was not declared in this scope
 byte RPWM_pin = PB7;                                                                // Drive Right PWM output pin
                 ^~~
Multiple libraries were found for &#34;PID_v1.h&#34;
  Used: /home/ec2-user/arduino-testlib/cli-datadir/user/libraries/PreMo_-_Virtual_Path_Following
  Not used: /home/ec2-user/arduino-testlib/cli-datadir/user/libraries/PID
</pre>
					
					<h4>examples/Ibus_multimonitor</h4>
					<p>
						Result: <b>FAIL</b>
					</p>
					<pre class="pre-scrollable">WARNING: library IBusBM claims to run on avr, esp32, stm32, mbed architecture(s) and may be incompatible with your current board which runs on mbed_nano architecture(s).
/home/ec2-user/arduino-testlib/cli-datadir/user/libraries/IBusBM/src/IBusBM.cpp: In function &#39;void TIMER4_IRQHandler_v()&#39;:
/home/ec2-user/arduino-testlib/cli-datadir/user/libraries/IBusBM/src/IBusBM.cpp:53:9: error: &#39;NRF_TIMER4&#39; was not declared in this scope
     if (NRF_TIMER4-&gt;EVENTS_COMPARE[0] == 1) {
         ^~~~~~~~~~
/home/ec2-user/arduino-testlib/cli-datadir/user/libraries/IBusBM/src/IBusBM.cpp:53:9: note: suggested alternative: &#39;NUM_TIMERS&#39;
     if (NRF_TIMER4-&gt;EVENTS_COMPARE[0] == 1) {
         ^~~~~~~~~~
         NUM_TIMERS
/home/ec2-user/arduino-testlib/cli-datadir/user/libraries/IBusBM/src/IBusBM.cpp: In member function &#39;void IBusBM::begin(arduino::HardwareSerial&amp;, int8_t, int8_t, int8_t)&#39;:
/home/ec2-user/arduino-testlib/cli-datadir/user/libraries/IBusBM/src/IBusBM.cpp:127:9: error: &#39;NRF_TIMER4&#39; was not declared in this scope
         NRF_TIMER4-&gt;TASKS_STOP = 1; // Stop timer
         ^~~~~~~~~~
/home/ec2-user/arduino-testlib/cli-datadir/user/libraries/IBusBM/src/IBusBM.cpp:127:9: note: suggested alternative: &#39;NUM_TIMERS&#39;
         NRF_TIMER4-&gt;TASKS_STOP = 1; // Stop timer
         ^~~~~~~~~~
         NUM_TIMERS
/home/ec2-user/arduino-testlib/cli-datadir/user/libraries/IBusBM/src/IBusBM.cpp:128:28: error: &#39;TIMER_MODE_MODE_Timer&#39; was not declared in this scope
         NRF_TIMER4-&gt;MODE = TIMER_MODE_MODE_Timer;  // Set the timer in Counter Mode
                            ^~~~~~~~~~~~~~~~~~~~~
/home/ec2-user/arduino-testlib/cli-datadir/user/libraries/IBusBM/src/IBusBM.cpp:129:31: error: &#39;TIMER_BITMODE_BITMODE_16Bit&#39; was not declared in this scope
         NRF_TIMER4-&gt;BITMODE = TIMER_BITMODE_BITMODE_16Bit &lt;&lt; TIMER_BITMODE_BITMODE_Pos;
                               ^~~~~~~~~~~~~~~~~~~~~~~~~~~
/home/ec2-user/arduino-testlib/cli-datadir/user/libraries/IBusBM/src/IBusBM.cpp:129:62: error: &#39;TIMER_BITMODE_BITMODE_Pos&#39; was not declared in this scope
         NRF_TIMER4-&gt;BITMODE = TIMER_BITMODE_BITMODE_16Bit &lt;&lt; TIMER_BITMODE_BITMODE_Pos;
                                                              ^~~~~~~~~~~~~~~~~~~~~~~~~
/home/ec2-user/arduino-testlib/cli-datadir/user/libraries/IBusBM/src/IBusBM.cpp:130:9: error: &#39;NRF_TIMER2&#39; was not declared in this scope
         NRF_TIMER2-&gt;TASKS_CLEAR = 1;               // clear the task first to be usable for later
         ^~~~~~~~~~
/home/ec2-user/arduino-testlib/cli-datadir/user/libraries/IBusBM/src/IBusBM.cpp:130:9: note: suggested alternative: &#39;NUM_TIMERS&#39;
         NRF_TIMER2-&gt;TASKS_CLEAR = 1;               // clear the task first to be usable for later
         ^~~~~~~~~~
         NUM_TIMERS
/home/ec2-user/arduino-testlib/cli-datadir/user/libraries/IBusBM/src/IBusBM.cpp:135:38: error: &#39;TIMER_PRESCALER_PRESCALER_Pos&#39; was not declared in this scope
         NRF_TIMER4-&gt;PRESCALER = 4 &lt;&lt; TIMER_PRESCALER_PRESCALER_Pos;
                                      ^~~~~~~~~~~~~~~~~~~~~~~~~~~~~
/home/ec2-user/arduino-testlib/cli-datadir/user/libraries/IBusBM/src/IBusBM.cpp:139:32: error: &#39;TIMER_INTENSET_COMPARE0_Enabled&#39; was not declared in this scope
         NRF_TIMER4-&gt;INTENSET = TIMER_INTENSET_COMPARE0_Enabled &lt;&lt; TIMER_INTENSET_COMPARE0_Pos;
                                ^~~~~~~~~~~~~~~~~~~~~~~~~~~~~~~
/home/ec2-user/arduino-testlib/cli-datadir/user/libraries/IBusBM/src/IBusBM.cpp:139:67: error: &#39;TIMER_INTENSET_COMPARE0_Pos&#39; was not declared in this scope
         NRF_TIMER4-&gt;INTENSET = TIMER_INTENSET_COMPARE0_Enabled &lt;&lt; TIMER_INTENSET_COMPARE0_Pos;
                                                                   ^~~~~~~~~~~~~~~~~~~~~~~~~~~
/home/ec2-user/arduino-testlib/cli-datadir/user/libraries/IBusBM/src/IBusBM.cpp:139:67: note: suggested alternative: &#39;TIMER_INTE_ALARM_0_LSB&#39;
         NRF_TIMER4-&gt;INTENSET = TIMER_INTENSET_COMPARE0_Enabled &lt;&lt; TIMER_INTENSET_COMPARE0_Pos;
                                                                   ^~~~~~~~~~~~~~~~~~~~~~~~~~~
                                                                   TIMER_INTE_ALARM_0_LSB
/home/ec2-user/arduino-testlib/cli-datadir/user/libraries/IBusBM/src/IBusBM.cpp:140:30: error: &#39;TIMER_SHORTS_COMPARE0_CLEAR_Enabled&#39; was not declared in this scope
         NRF_TIMER4-&gt;SHORTS = TIMER_SHORTS_COMPARE0_CLEAR_Enabled &lt;&lt; TIMER_SHORTS_COMPARE0_CLEAR_Pos;
                              ^~~~~~~~~~~~~~~~~~~~~~~~~~~~~~~~~~~
/home/ec2-user/arduino-testlib/cli-datadir/user/libraries/IBusBM/src/IBusBM.cpp:140:69: error: &#39;TIMER_SHORTS_COMPARE0_CLEAR_Pos&#39; was not declared in this scope
         NRF_TIMER4-&gt;SHORTS = TIMER_SHORTS_COMPARE0_CLEAR_Enabled &lt;&lt; TIMER_SHORTS_COMPARE0_CLEAR_Pos;
                                                                     ^~~~~~~~~~~~~~~~~~~~~~~~~~~~~~~
/home/ec2-user/arduino-testlib/cli-datadir/user/libraries/IBusBM/src/IBusBM.cpp:142:24: error: &#39;TIMER4_IRQn&#39; was not declared in this scope
         NVIC_EnableIRQ(TIMER4_IRQn);
                        ^~~~~~~~~~~
/home/ec2-user/arduino-testlib/cli-datadir/user/libraries/IBusBM/src/IBusBM.cpp:142:24: note: suggested alternative: &#39;TIMER_IRQ_3n&#39;
         NVIC_EnableIRQ(TIMER4_IRQn);
                        ^~~~~~~~~~~
                        TIMER_IRQ_3n

</pre>
					
					<h4>examples/Ibus_sensor</h4>
					<p>
						Result: <b>FAIL</b>
					</p>
					<pre class="pre-scrollable">WARNING: library IBusBM claims to run on avr, esp32, stm32, mbed architecture(s) and may be incompatible with your current board which runs on mbed_nano architecture(s).
/home/ec2-user/arduino-testlib/cli-datadir/user/libraries/IBusBM/src/IBusBM.cpp: In function &#39;void TIMER4_IRQHandler_v()&#39;:
/home/ec2-user/arduino-testlib/cli-datadir/user/libraries/IBusBM/src/IBusBM.cpp:53:9: error: &#39;NRF_TIMER4&#39; was not declared in this scope
     if (NRF_TIMER4-&gt;EVENTS_COMPARE[0] == 1) {
         ^~~~~~~~~~
/home/ec2-user/arduino-testlib/cli-datadir/user/libraries/IBusBM/src/IBusBM.cpp:53:9: note: suggested alternative: &#39;NUM_TIMERS&#39;
     if (NRF_TIMER4-&gt;EVENTS_COMPARE[0] == 1) {
         ^~~~~~~~~~
         NUM_TIMERS
/home/ec2-user/arduino-testlib/cli-datadir/user/libraries/IBusBM/src/IBusBM.cpp: In member function &#39;void IBusBM::begin(arduino::HardwareSerial&amp;, int8_t, int8_t, int8_t)&#39;:
/home/ec2-user/arduino-testlib/cli-datadir/user/libraries/IBusBM/src/IBusBM.cpp:127:9: error: &#39;NRF_TIMER4&#39; was not declared in this scope
         NRF_TIMER4-&gt;TASKS_STOP = 1; // Stop timer
         ^~~~~~~~~~
/home/ec2-user/arduino-testlib/cli-datadir/user/libraries/IBusBM/src/IBusBM.cpp:127:9: note: suggested alternative: &#39;NUM_TIMERS&#39;
         NRF_TIMER4-&gt;TASKS_STOP = 1; // Stop timer
         ^~~~~~~~~~
         NUM_TIMERS
/home/ec2-user/arduino-testlib/cli-datadir/user/libraries/IBusBM/src/IBusBM.cpp:128:28: error: &#39;TIMER_MODE_MODE_Timer&#39; was not declared in this scope
         NRF_TIMER4-&gt;MODE = TIMER_MODE_MODE_Timer;  // Set the timer in Counter Mode
                            ^~~~~~~~~~~~~~~~~~~~~
/home/ec2-user/arduino-testlib/cli-datadir/user/libraries/IBusBM/src/IBusBM.cpp:129:31: error: &#39;TIMER_BITMODE_BITMODE_16Bit&#39; was not declared in this scope
         NRF_TIMER4-&gt;BITMODE = TIMER_BITMODE_BITMODE_16Bit &lt;&lt; TIMER_BITMODE_BITMODE_Pos;
                               ^~~~~~~~~~~~~~~~~~~~~~~~~~~
/home/ec2-user/arduino-testlib/cli-datadir/user/libraries/IBusBM/src/IBusBM.cpp:129:62: error: &#39;TIMER_BITMODE_BITMODE_Pos&#39; was not declared in this scope
         NRF_TIMER4-&gt;BITMODE = TIMER_BITMODE_BITMODE_16Bit &lt;&lt; TIMER_BITMODE_BITMODE_Pos;
                                                              ^~~~~~~~~~~~~~~~~~~~~~~~~
/home/ec2-user/arduino-testlib/cli-datadir/user/libraries/IBusBM/src/IBusBM.cpp:130:9: error: &#39;NRF_TIMER2&#39; was not declared in this scope
         NRF_TIMER2-&gt;TASKS_CLEAR = 1;               // clear the task first to be usable for later
         ^~~~~~~~~~
/home/ec2-user/arduino-testlib/cli-datadir/user/libraries/IBusBM/src/IBusBM.cpp:130:9: note: suggested alternative: &#39;NUM_TIMERS&#39;
         NRF_TIMER2-&gt;TASKS_CLEAR = 1;               // clear the task first to be usable for later
         ^~~~~~~~~~
         NUM_TIMERS
/home/ec2-user/arduino-testlib/cli-datadir/user/libraries/IBusBM/src/IBusBM.cpp:135:38: error: &#39;TIMER_PRESCALER_PRESCALER_Pos&#39; was not declared in this scope
         NRF_TIMER4-&gt;PRESCALER = 4 &lt;&lt; TIMER_PRESCALER_PRESCALER_Pos;
                                      ^~~~~~~~~~~~~~~~~~~~~~~~~~~~~
/home/ec2-user/arduino-testlib/cli-datadir/user/libraries/IBusBM/src/IBusBM.cpp:139:32: error: &#39;TIMER_INTENSET_COMPARE0_Enabled&#39; was not declared in this scope
         NRF_TIMER4-&gt;INTENSET = TIMER_INTENSET_COMPARE0_Enabled &lt;&lt; TIMER_INTENSET_COMPARE0_Pos;
                                ^~~~~~~~~~~~~~~~~~~~~~~~~~~~~~~
/home/ec2-user/arduino-testlib/cli-datadir/user/libraries/IBusBM/src/IBusBM.cpp:139:67: error: &#39;TIMER_INTENSET_COMPARE0_Pos&#39; was not declared in this scope
         NRF_TIMER4-&gt;INTENSET = TIMER_INTENSET_COMPARE0_Enabled &lt;&lt; TIMER_INTENSET_COMPARE0_Pos;
                                                                   ^~~~~~~~~~~~~~~~~~~~~~~~~~~
/home/ec2-user/arduino-testlib/cli-datadir/user/libraries/IBusBM/src/IBusBM.cpp:139:67: note: suggested alternative: &#39;TIMER_INTE_ALARM_0_LSB&#39;
         NRF_TIMER4-&gt;INTENSET = TIMER_INTENSET_COMPARE0_Enabled &lt;&lt; TIMER_INTENSET_COMPARE0_Pos;
                                                                   ^~~~~~~~~~~~~~~~~~~~~~~~~~~
                                                                   TIMER_INTE_ALARM_0_LSB
/home/ec2-user/arduino-testlib/cli-datadir/user/libraries/IBusBM/src/IBusBM.cpp:140:30: error: &#39;TIMER_SHORTS_COMPARE0_CLEAR_Enabled&#39; was not declared in this scope
         NRF_TIMER4-&gt;SHORTS = TIMER_SHORTS_COMPARE0_CLEAR_Enabled &lt;&lt; TIMER_SHORTS_COMPARE0_CLEAR_Pos;
                              ^~~~~~~~~~~~~~~~~~~~~~~~~~~~~~~~~~~
/home/ec2-user/arduino-testlib/cli-datadir/user/libraries/IBusBM/src/IBusBM.cpp:140:69: error: &#39;TIMER_SHORTS_COMPARE0_CLEAR_Pos&#39; was not declared in this scope
         NRF_TIMER4-&gt;SHORTS = TIMER_SHORTS_COMPARE0_CLEAR_Enabled &lt;&lt; TIMER_SHORTS_COMPARE0_CLEAR_Pos;
                                                                     ^~~~~~~~~~~~~~~~~~~~~~~~~~~~~~~
/home/ec2-user/arduino-testlib/cli-datadir/user/libraries/IBusBM/src/IBusBM.cpp:142:24: error: &#39;TIMER4_IRQn&#39; was not declared in this scope
         NVIC_EnableIRQ(TIMER4_IRQn);
                        ^~~~~~~~~~~
/home/ec2-user/arduino-testlib/cli-datadir/user/libraries/IBusBM/src/IBusBM.cpp:142:24: note: suggested alternative: &#39;TIMER_IRQ_3n&#39;
         NVIC_EnableIRQ(TIMER4_IRQn);
                        ^~~~~~~~~~~
                        TIMER_IRQ_3n

</pre>
					
					<h4>examples/Ibus_singlemonitor</h4>
					<p>
						Result: <b>FAIL</b>
					</p>
					<pre class="pre-scrollable">WARNING: library IBusBM claims to run on avr, esp32, stm32, mbed architecture(s) and may be incompatible with your current board which runs on mbed_nano architecture(s).
/home/ec2-user/arduino-testlib/cli-datadir/user/libraries/IBusBM/src/IBusBM.cpp: In function &#39;void TIMER4_IRQHandler_v()&#39;:
/home/ec2-user/arduino-testlib/cli-datadir/user/libraries/IBusBM/src/IBusBM.cpp:53:9: error: &#39;NRF_TIMER4&#39; was not declared in this scope
     if (NRF_TIMER4-&gt;EVENTS_COMPARE[0] == 1) {
         ^~~~~~~~~~
/home/ec2-user/arduino-testlib/cli-datadir/user/libraries/IBusBM/src/IBusBM.cpp:53:9: note: suggested alternative: &#39;NUM_TIMERS&#39;
     if (NRF_TIMER4-&gt;EVENTS_COMPARE[0] == 1) {
         ^~~~~~~~~~
         NUM_TIMERS
/home/ec2-user/arduino-testlib/cli-datadir/user/libraries/IBusBM/src/IBusBM.cpp: In member function &#39;void IBusBM::begin(arduino::HardwareSerial&amp;, int8_t, int8_t, int8_t)&#39;:
/home/ec2-user/arduino-testlib/cli-datadir/user/libraries/IBusBM/src/IBusBM.cpp:127:9: error: &#39;NRF_TIMER4&#39; was not declared in this scope
         NRF_TIMER4-&gt;TASKS_STOP = 1; // Stop timer
         ^~~~~~~~~~
/home/ec2-user/arduino-testlib/cli-datadir/user/libraries/IBusBM/src/IBusBM.cpp:127:9: note: suggested alternative: &#39;NUM_TIMERS&#39;
         NRF_TIMER4-&gt;TASKS_STOP = 1; // Stop timer
         ^~~~~~~~~~
         NUM_TIMERS
/home/ec2-user/arduino-testlib/cli-datadir/user/libraries/IBusBM/src/IBusBM.cpp:128:28: error: &#39;TIMER_MODE_MODE_Timer&#39; was not declared in this scope
         NRF_TIMER4-&gt;MODE = TIMER_MODE_MODE_Timer;  // Set the timer in Counter Mode
                            ^~~~~~~~~~~~~~~~~~~~~
/home/ec2-user/arduino-testlib/cli-datadir/user/libraries/IBusBM/src/IBusBM.cpp:129:31: error: &#39;TIMER_BITMODE_BITMODE_16Bit&#39; was not declared in this scope
         NRF_TIMER4-&gt;BITMODE = TIMER_BITMODE_BITMODE_16Bit &lt;&lt; TIMER_BITMODE_BITMODE_Pos;
                               ^~~~~~~~~~~~~~~~~~~~~~~~~~~
/home/ec2-user/arduino-testlib/cli-datadir/user/libraries/IBusBM/src/IBusBM.cpp:129:62: error: &#39;TIMER_BITMODE_BITMODE_Pos&#39; was not declared in this scope
         NRF_TIMER4-&gt;BITMODE = TIMER_BITMODE_BITMODE_16Bit &lt;&lt; TIMER_BITMODE_BITMODE_Pos;
                                                              ^~~~~~~~~~~~~~~~~~~~~~~~~
/home/ec2-user/arduino-testlib/cli-datadir/user/libraries/IBusBM/src/IBusBM.cpp:130:9: error: &#39;NRF_TIMER2&#39; was not declared in this scope
         NRF_TIMER2-&gt;TASKS_CLEAR = 1;               // clear the task first to be usable for later
         ^~~~~~~~~~
/home/ec2-user/arduino-testlib/cli-datadir/user/libraries/IBusBM/src/IBusBM.cpp:130:9: note: suggested alternative: &#39;NUM_TIMERS&#39;
         NRF_TIMER2-&gt;TASKS_CLEAR = 1;               // clear the task first to be usable for later
         ^~~~~~~~~~
         NUM_TIMERS
/home/ec2-user/arduino-testlib/cli-datadir/user/libraries/IBusBM/src/IBusBM.cpp:135:38: error: &#39;TIMER_PRESCALER_PRESCALER_Pos&#39; was not declared in this scope
         NRF_TIMER4-&gt;PRESCALER = 4 &lt;&lt; TIMER_PRESCALER_PRESCALER_Pos;
                                      ^~~~~~~~~~~~~~~~~~~~~~~~~~~~~
/home/ec2-user/arduino-testlib/cli-datadir/user/libraries/IBusBM/src/IBusBM.cpp:139:32: error: &#39;TIMER_INTENSET_COMPARE0_Enabled&#39; was not declared in this scope
         NRF_TIMER4-&gt;INTENSET = TIMER_INTENSET_COMPARE0_Enabled &lt;&lt; TIMER_INTENSET_COMPARE0_Pos;
                                ^~~~~~~~~~~~~~~~~~~~~~~~~~~~~~~
/home/ec2-user/arduino-testlib/cli-datadir/user/libraries/IBusBM/src/IBusBM.cpp:139:67: error: &#39;TIMER_INTENSET_COMPARE0_Pos&#39; was not declared in this scope
         NRF_TIMER4-&gt;INTENSET = TIMER_INTENSET_COMPARE0_Enabled &lt;&lt; TIMER_INTENSET_COMPARE0_Pos;
                                                                   ^~~~~~~~~~~~~~~~~~~~~~~~~~~
/home/ec2-user/arduino-testlib/cli-datadir/user/libraries/IBusBM/src/IBusBM.cpp:139:67: note: suggested alternative: &#39;TIMER_INTE_ALARM_0_LSB&#39;
         NRF_TIMER4-&gt;INTENSET = TIMER_INTENSET_COMPARE0_Enabled &lt;&lt; TIMER_INTENSET_COMPARE0_Pos;
                                                                   ^~~~~~~~~~~~~~~~~~~~~~~~~~~
                                                                   TIMER_INTE_ALARM_0_LSB
/home/ec2-user/arduino-testlib/cli-datadir/user/libraries/IBusBM/src/IBusBM.cpp:140:30: error: &#39;TIMER_SHORTS_COMPARE0_CLEAR_Enabled&#39; was not declared in this scope
         NRF_TIMER4-&gt;SHORTS = TIMER_SHORTS_COMPARE0_CLEAR_Enabled &lt;&lt; TIMER_SHORTS_COMPARE0_CLEAR_Pos;
                              ^~~~~~~~~~~~~~~~~~~~~~~~~~~~~~~~~~~
/home/ec2-user/arduino-testlib/cli-datadir/user/libraries/IBusBM/src/IBusBM.cpp:140:69: error: &#39;TIMER_SHORTS_COMPARE0_CLEAR_Pos&#39; was not declared in this scope
         NRF_TIMER4-&gt;SHORTS = TIMER_SHORTS_COMPARE0_CLEAR_Enabled &lt;&lt; TIMER_SHORTS_COMPARE0_CLEAR_Pos;
                                                                     ^~~~~~~~~~~~~~~~~~~~~~~~~~~~~~~
/home/ec2-user/arduino-testlib/cli-datadir/user/libraries/IBusBM/src/IBusBM.cpp:142:24: error: &#39;TIMER4_IRQn&#39; was not declared in this scope
         NVIC_EnableIRQ(TIMER4_IRQn);
                        ^~~~~~~~~~~
/home/ec2-user/arduino-testlib/cli-datadir/user/libraries/IBusBM/src/IBusBM.cpp:142:24: note: suggested alternative: &#39;TIMER_IRQ_3n&#39;
         NVIC_EnableIRQ(TIMER4_IRQn);
                        ^~~~~~~~~~~
                        TIMER_IRQ_3n

</pre>
					
					<h4>examples/Robotcar</h4>
					<p>
						Result: <b>FAIL</b>
					</p>
					<pre class="pre-scrollable">WARNING: library VNH3SP30 claims to run on avr, esp32, stm32 architecture(s) and may be incompatible with your current board which runs on mbed_nano architecture(s).
WARNING: library IBusBM claims to run on avr, esp32, stm32, mbed architecture(s) and may be incompatible with your current board which runs on mbed_nano architecture(s).
/home/ec2-user/arduino-testlib/cli-datadir/user/libraries/IBusBM/src/IBusBM.cpp: In function &#39;void TIMER4_IRQHandler_v()&#39;:
/home/ec2-user/arduino-testlib/cli-datadir/user/libraries/IBusBM/src/IBusBM.cpp:53:9: error: &#39;NRF_TIMER4&#39; was not declared in this scope
     if (NRF_TIMER4-&gt;EVENTS_COMPARE[0] == 1) {
         ^~~~~~~~~~
/home/ec2-user/arduino-testlib/cli-datadir/user/libraries/IBusBM/src/IBusBM.cpp:53:9: note: suggested alternative: &#39;NUM_TIMERS&#39;
     if (NRF_TIMER4-&gt;EVENTS_COMPARE[0] == 1) {
         ^~~~~~~~~~
         NUM_TIMERS
/home/ec2-user/arduino-testlib/cli-datadir/user/libraries/IBusBM/src/IBusBM.cpp: In member function &#39;void IBusBM::begin(arduino::HardwareSerial&amp;, int8_t, int8_t, int8_t)&#39;:
/home/ec2-user/arduino-testlib/cli-datadir/user/libraries/IBusBM/src/IBusBM.cpp:127:9: error: &#39;NRF_TIMER4&#39; was not declared in this scope
         NRF_TIMER4-&gt;TASKS_STOP = 1; // Stop timer
         ^~~~~~~~~~
/home/ec2-user/arduino-testlib/cli-datadir/user/libraries/IBusBM/src/IBusBM.cpp:127:9: note: suggested alternative: &#39;NUM_TIMERS&#39;
         NRF_TIMER4-&gt;TASKS_STOP = 1; // Stop timer
         ^~~~~~~~~~
         NUM_TIMERS
/home/ec2-user/arduino-testlib/cli-datadir/user/libraries/IBusBM/src/IBusBM.cpp:128:28: error: &#39;TIMER_MODE_MODE_Timer&#39; was not declared in this scope
         NRF_TIMER4-&gt;MODE = TIMER_MODE_MODE_Timer;  // Set the timer in Counter Mode
                            ^~~~~~~~~~~~~~~~~~~~~
/home/ec2-user/arduino-testlib/cli-datadir/user/libraries/IBusBM/src/IBusBM.cpp:129:31: error: &#39;TIMER_BITMODE_BITMODE_16Bit&#39; was not declared in this scope
         NRF_TIMER4-&gt;BITMODE = TIMER_BITMODE_BITMODE_16Bit &lt;&lt; TIMER_BITMODE_BITMODE_Pos;
                               ^~~~~~~~~~~~~~~~~~~~~~~~~~~
/home/ec2-user/arduino-testlib/cli-datadir/user/libraries/IBusBM/src/IBusBM.cpp:129:62: error: &#39;TIMER_BITMODE_BITMODE_Pos&#39; was not declared in this scope
         NRF_TIMER4-&gt;BITMODE = TIMER_BITMODE_BITMODE_16Bit &lt;&lt; TIMER_BITMODE_BITMODE_Pos;
                                                              ^~~~~~~~~~~~~~~~~~~~~~~~~
/home/ec2-user/arduino-testlib/cli-datadir/user/libraries/IBusBM/src/IBusBM.cpp:130:9: error: &#39;NRF_TIMER2&#39; was not declared in this scope
         NRF_TIMER2-&gt;TASKS_CLEAR = 1;               // clear the task first to be usable for later
         ^~~~~~~~~~
/home/ec2-user/arduino-testlib/cli-datadir/user/libraries/IBusBM/src/IBusBM.cpp:130:9: note: suggested alternative: &#39;NUM_TIMERS&#39;
         NRF_TIMER2-&gt;TASKS_CLEAR = 1;               // clear the task first to be usable for later
         ^~~~~~~~~~
         NUM_TIMERS
/home/ec2-user/arduino-testlib/cli-datadir/user/libraries/IBusBM/src/IBusBM.cpp:135:38: error: &#39;TIMER_PRESCALER_PRESCALER_Pos&#39; was not declared in this scope
         NRF_TIMER4-&gt;PRESCALER = 4 &lt;&lt; TIMER_PRESCALER_PRESCALER_Pos;
                                      ^~~~~~~~~~~~~~~~~~~~~~~~~~~~~
/home/ec2-user/arduino-testlib/cli-datadir/user/libraries/IBusBM/src/IBusBM.cpp:139:32: error: &#39;TIMER_INTENSET_COMPARE0_Enabled&#39; was not declared in this scope
         NRF_TIMER4-&gt;INTENSET = TIMER_INTENSET_COMPARE0_Enabled &lt;&lt; TIMER_INTENSET_COMPARE0_Pos;
                                ^~~~~~~~~~~~~~~~~~~~~~~~~~~~~~~
/home/ec2-user/arduino-testlib/cli-datadir/user/libraries/IBusBM/src/IBusBM.cpp:139:67: error: &#39;TIMER_INTENSET_COMPARE0_Pos&#39; was not declared in this scope
         NRF_TIMER4-&gt;INTENSET = TIMER_INTENSET_COMPARE0_Enabled &lt;&lt; TIMER_INTENSET_COMPARE0_Pos;
                                                                   ^~~~~~~~~~~~~~~~~~~~~~~~~~~
/home/ec2-user/arduino-testlib/cli-datadir/user/libraries/IBusBM/src/IBusBM.cpp:139:67: note: suggested alternative: &#39;TIMER_INTE_ALARM_0_LSB&#39;
         NRF_TIMER4-&gt;INTENSET = TIMER_INTENSET_COMPARE0_Enabled &lt;&lt; TIMER_INTENSET_COMPARE0_Pos;
                                                                   ^~~~~~~~~~~~~~~~~~~~~~~~~~~
                                                                   TIMER_INTE_ALARM_0_LSB
/home/ec2-user/arduino-testlib/cli-datadir/user/libraries/IBusBM/src/IBusBM.cpp:140:30: error: &#39;TIMER_SHORTS_COMPARE0_CLEAR_Enabled&#39; was not declared in this scope
         NRF_TIMER4-&gt;SHORTS = TIMER_SHORTS_COMPARE0_CLEAR_Enabled &lt;&lt; TIMER_SHORTS_COMPARE0_CLEAR_Pos;
                              ^~~~~~~~~~~~~~~~~~~~~~~~~~~~~~~~~~~
/home/ec2-user/arduino-testlib/cli-datadir/user/libraries/IBusBM/src/IBusBM.cpp:140:69: error: &#39;TIMER_SHORTS_COMPARE0_CLEAR_Pos&#39; was not declared in this scope
         NRF_TIMER4-&gt;SHORTS = TIMER_SHORTS_COMPARE0_CLEAR_Enabled &lt;&lt; TIMER_SHORTS_COMPARE0_CLEAR_Pos;
                                                                     ^~~~~~~~~~~~~~~~~~~~~~~~~~~~~~~
/home/ec2-user/arduino-testlib/cli-datadir/user/libraries/IBusBM/src/IBusBM.cpp:142:24: error: &#39;TIMER4_IRQn&#39; was not declared in this scope
         NVIC_EnableIRQ(TIMER4_IRQn);
                        ^~~~~~~~~~~
/home/ec2-user/arduino-testlib/cli-datadir/user/libraries/IBusBM/src/IBusBM.cpp:142:24: note: suggested alternative: &#39;TIMER_IRQ_3n&#39;
         NVIC_EnableIRQ(TIMER4_IRQn);
                        ^~~~~~~~~~~
                        TIMER_IRQ_3n

</pre>
					
				
				<h3 id="arduino:megaavr:nona4809">arduino:megaavr:nona4809 @ 1.8.7</h3>
				<h4>Inclusion</h4>
				<p>
					Result: <b>FAIL</b>
					
				</p>
				<pre class="pre-scrollable">WARNING: library IBusBM claims to run on avr, esp32, stm32, mbed architecture(s) and may be incompatible with your current board which runs on megaavr architecture(s).
In file included from /tmp/arduino-testlib1214012273/test/test.ino:1:0:
/home/ec2-user/arduino-testlib/cli-datadir/user/libraries/IBusBM/src/IBusBM.h:43:14: error: reference to &#39;HardwareSerial&#39; is ambiguous
   void begin(HardwareSerial &amp;serial, int8_t timerid=0, int8_t rxPin=-1, int8_t txPin=-1);
              ^~~~~~~~~~~~~~
/home/ec2-user/arduino-testlib/cli-datadir/user/libraries/IBusBM/src/IBusBM.h:36:7: note: candidates are: class HardwareSerial
 class HardwareSerial;
       ^~~~~~~~~~~~~~
In file included from /home/ec2-user/arduino-testlib/cli-datadir/data/packages/arduino/hardware/megaavr/1.8.7/cores/arduino/UART.h:27:0,
                 from /home/ec2-user/arduino-testlib/cli-datadir/data/packages/arduino/hardware/megaavr/1.8.7/cores/arduino/Arduino.h:140,
                 from /tmp/arduino-sketch-16365665F3DD562948EA07A6CC40CBD8/sketch/test.ino.cpp:1:
/home/ec2-user/arduino-testlib/cli-datadir/data/packages/arduino/hardware/megaavr/1.8.7/cores/arduino/api/HardwareSerial.h:87:7: note:                 class arduino::HardwareSerial
 class HardwareSerial : public Stream
       ^~~~~~~~~~~~~~
In file included from /tmp/arduino-testlib1214012273/test/test.ino:1:0:
/home/ec2-user/arduino-testlib/cli-datadir/user/libraries/IBusBM/src/IBusBM.h:43:14: error: &#39;HardwareSerial&#39; has not been declared
   void begin(HardwareSerial &amp;serial, int8_t timerid=0, int8_t rxPin=-1, int8_t txPin=-1);
              ^~~~~~~~~~~~~~
/home/ec2-user/arduino-testlib/cli-datadir/user/libraries/IBusBM/src/IBusBM.h:68:3: error: reference to &#39;HardwareSerial&#39; is ambiguous
   HardwareSerial *stream;           // serial port
   ^~~~~~~~~~~~~~
/home/ec2-user/arduino-testlib/cli-datadir/user/libraries/IBusBM/src/IBusBM.h:36:7: note: candidates are: class HardwareSerial
 class HardwareSerial;
       ^~~~~~~~~~~~~~
In file included from /home/ec2-user/arduino-testlib/cli-datadir/data/packages/arduino/hardware/megaavr/1.8.7/cores/arduino/UART.h:27:0,
                 from /home/ec2-user/arduino-testlib/cli-datadir/data/packages/arduino/hardware/megaavr/1.8.7/cores/arduino/Arduino.h:140,
                 from /tmp/arduino-sketch-16365665F3DD562948EA07A6CC40CBD8/sketch/test.ino.cpp:1:
/home/ec2-user/arduino-testlib/cli-datadir/data/packages/arduino/hardware/megaavr/1.8.7/cores/arduino/api/HardwareSerial.h:87:7: note:                 class arduino::HardwareSerial
 class HardwareSerial : public Stream
       ^~~~~~~~~~~~~~

</pre>

					
					<h4>examples/Ibus2PWM</h4>
					<p>
						Result: <b>FAIL</b>
					</p>
					<pre class="pre-scrollable">WARNING: library IBusBM claims to run on avr, esp32, stm32, mbed architecture(s) and may be incompatible with your current board which runs on megaavr architecture(s).
In file included from /home/ec2-user/arduino-testlib/cli-datadir/user/libraries/IBusBM/examples/Ibus2PWM/Ibus2PWM.ino:1:0:
/home/ec2-user/arduino-testlib/cli-datadir/user/libraries/IBusBM/src/IBusBM.h:43:14: error: reference to &#39;HardwareSerial&#39; is ambiguous
   void begin(HardwareSerial &amp;serial, int8_t timerid=0, int8_t rxPin=-1, int8_t txPin=-1);
              ^~~~~~~~~~~~~~
/home/ec2-user/arduino-testlib/cli-datadir/user/libraries/IBusBM/src/IBusBM.h:36:7: note: candidates are: class HardwareSerial
 class HardwareSerial;
       ^~~~~~~~~~~~~~
In file included from /home/ec2-user/arduino-testlib/cli-datadir/data/packages/arduino/hardware/megaavr/1.8.7/cores/arduino/UART.h:27:0,
                 from /home/ec2-user/arduino-testlib/cli-datadir/data/packages/arduino/hardware/megaavr/1.8.7/cores/arduino/Arduino.h:140,
                 from /tmp/arduino-sketch-B2C8686B14D96AEE40216DDE78501C9E/sketch/Ibus2PWM.ino.cpp:1:
/home/ec2-user/arduino-testlib/cli-datadir/data/packages/arduino/hardware/megaavr/1.8.7/cores/arduino/api/HardwareSerial.h:87:7: note:                 class arduino::HardwareSerial
 class HardwareSerial : public Stream
       ^~~~~~~~~~~~~~
In file included from /home/ec2-user/arduino-testlib/cli-datadir/user/libraries/IBusBM/examples/Ibus2PWM/Ibus2PWM.ino:1:0:
/home/ec2-user/arduino-testlib/cli-datadir/user/libraries/IBusBM/src/IBusBM.h:43:14: error: &#39;HardwareSerial&#39; has not been declared
   void begin(HardwareSerial &amp;serial, int8_t timerid=0, int8_t rxPin=-1, int8_t txPin=-1);
              ^~~~~~~~~~~~~~
/home/ec2-user/arduino-testlib/cli-datadir/user/libraries/IBusBM/src/IBusBM.h:68:3: error: reference to &#39;HardwareSerial&#39; is ambiguous
   HardwareSerial *stream;           // serial port
   ^~~~~~~~~~~~~~
/home/ec2-user/arduino-testlib/cli-datadir/user/libraries/IBusBM/src/IBusBM.h:36:7: note: candidates are: class HardwareSerial
 class HardwareSerial;
       ^~~~~~~~~~~~~~
In file included from /home/ec2-user/arduino-testlib/cli-datadir/data/packages/arduino/hardware/megaavr/1.8.7/cores/arduino/UART.h:27:0,
                 from /home/ec2-user/arduino-testlib/cli-datadir/data/packages/arduino/hardware/megaavr/1.8.7/cores/arduino/Arduino.h:140,
                 from /tmp/arduino-sketch-B2C8686B14D96AEE40216DDE78501C9E/sketch/Ibus2PWM.ino.cpp:1:
/home/ec2-user/arduino-testlib/cli-datadir/data/packages/arduino/hardware/megaavr/1.8.7/cores/arduino/api/HardwareSerial.h:87:7: note:                 class arduino::HardwareSerial
 class HardwareSerial : public Stream
       ^~~~~~~~~~~~~~
/home/ec2-user/arduino-testlib/cli-datadir/user/libraries/IBusBM/examples/Ibus2PWM/Ibus2PWM.ino: In function &#39;void setup()&#39;:
/home/ec2-user/arduino-testlib/cli-datadir/user/libraries/IBusBM/examples/Ibus2PWM/Ibus2PWM.ino:30:20: error: no matching function for call to &#39;IBusBM::begin(UartClass&amp;)&#39;
   IBus.begin(Serial);    // iBUS connected to Serial0 - change to Serial1 or Serial2 port when required
                    ^
In file included from /home/ec2-user/arduino-testlib/cli-datadir/user/libraries/IBusBM/examples/Ibus2PWM/Ibus2PWM.ino:1:0:
/home/ec2-user/arduino-testlib/cli-datadir/user/libraries/IBusBM/src/IBusBM.h:43:8: note: candidate: void IBusBM::begin(int&amp;, int8_t, int8_t, int8_t)
   void begin(HardwareSerial &amp;serial, int8_t timerid=0, int8_t rxPin=-1, int8_t txPin=-1);
        ^~~~~
/home/ec2-user/arduino-testlib/cli-datadir/user/libraries/IBusBM/src/IBusBM.h:43:8: note:   no known conversion for argument 1 from &#39;UartClass&#39; to &#39;int&amp;&#39;
Multiple libraries were found for &#34;Servo.h&#34;
  Used: /home/ec2-user/arduino-testlib/cli-datadir/user/libraries/Servo
  Not used: /home/ec2-user/arduino-testlib/cli-datadir/user/libraries/evive
  Not used: /home/ec2-user/arduino-testlib/cli-datadir/user/libraries/RokitSmart
  Not used: /home/ec2-user/arduino-testlib/cli-datadir/user/libraries/ServoESP32
  Not used: /home/ec2-user/arduino-testlib/cli-datadir/user/libraries/Printoo_Library
  Not used: /home/ec2-user/arduino-testlib/cli-datadir/user/libraries/XMC_Servo
</pre>
					
					<h4>examples/Ibus2PWM_ESP32</h4>
					<p>
						Result: <b>FAIL</b>
					</p>
					<pre class="pre-scrollable">In file included from /home/ec2-user/arduino-testlib/cli-datadir/user/libraries/ESP32Servo/src/ESP32Servo.h:67:0,
                 from /home/ec2-user/arduino-testlib/cli-datadir/user/libraries/IBusBM/examples/Ibus2PWM_ESP32/Ibus2PWM_ESP32.ino:2:
/home/ec2-user/arduino-testlib/cli-datadir/user/libraries/ESP32Servo/src/analogWrite.h:3:10: fatal error: cstdint: No such file or directory
 #include &lt;cstdint&gt;
          ^~~~~~~~~
compilation terminated.

</pre>
					
					<h4>examples/Ibus2PWM_mbed</h4>
					<p>
						Result: <b>FAIL</b>
					</p>
					<pre class="pre-scrollable">WARNING: library IBusBM claims to run on avr, esp32, stm32, mbed architecture(s) and may be incompatible with your current board which runs on megaavr architecture(s).
In file included from /home/ec2-user/arduino-testlib/cli-datadir/user/libraries/IBusBM/examples/Ibus2PWM_mbed/Ibus2PWM_mbed.ino:1:0:
/home/ec2-user/arduino-testlib/cli-datadir/user/libraries/IBusBM/src/IBusBM.h:43:14: error: reference to &#39;HardwareSerial&#39; is ambiguous
   void begin(HardwareSerial &amp;serial, int8_t timerid=0, int8_t rxPin=-1, int8_t txPin=-1);
              ^~~~~~~~~~~~~~
/home/ec2-user/arduino-testlib/cli-datadir/user/libraries/IBusBM/src/IBusBM.h:36:7: note: candidates are: class HardwareSerial
 class HardwareSerial;
       ^~~~~~~~~~~~~~
In file included from /home/ec2-user/arduino-testlib/cli-datadir/data/packages/arduino/hardware/megaavr/1.8.7/cores/arduino/UART.h:27:0,
                 from /home/ec2-user/arduino-testlib/cli-datadir/data/packages/arduino/hardware/megaavr/1.8.7/cores/arduino/Arduino.h:140,
                 from /tmp/arduino-sketch-BDE9C3509E8AD393BEF4B7CEB2D38ED6/sketch/Ibus2PWM_mbed.ino.cpp:1:
/home/ec2-user/arduino-testlib/cli-datadir/data/packages/arduino/hardware/megaavr/1.8.7/cores/arduino/api/HardwareSerial.h:87:7: note:                 class arduino::HardwareSerial
 class HardwareSerial : public Stream
       ^~~~~~~~~~~~~~
In file included from /home/ec2-user/arduino-testlib/cli-datadir/user/libraries/IBusBM/examples/Ibus2PWM_mbed/Ibus2PWM_mbed.ino:1:0:
/home/ec2-user/arduino-testlib/cli-datadir/user/libraries/IBusBM/src/IBusBM.h:43:14: error: &#39;HardwareSerial&#39; has not been declared
   void begin(HardwareSerial &amp;serial, int8_t timerid=0, int8_t rxPin=-1, int8_t txPin=-1);
              ^~~~~~~~~~~~~~
/home/ec2-user/arduino-testlib/cli-datadir/user/libraries/IBusBM/src/IBusBM.h:68:3: error: reference to &#39;HardwareSerial&#39; is ambiguous
   HardwareSerial *stream;           // serial port
   ^~~~~~~~~~~~~~
/home/ec2-user/arduino-testlib/cli-datadir/user/libraries/IBusBM/src/IBusBM.h:36:7: note: candidates are: class HardwareSerial
 class HardwareSerial;
       ^~~~~~~~~~~~~~
In file included from /home/ec2-user/arduino-testlib/cli-datadir/data/packages/arduino/hardware/megaavr/1.8.7/cores/arduino/UART.h:27:0,
                 from /home/ec2-user/arduino-testlib/cli-datadir/data/packages/arduino/hardware/megaavr/1.8.7/cores/arduino/Arduino.h:140,
                 from /tmp/arduino-sketch-BDE9C3509E8AD393BEF4B7CEB2D38ED6/sketch/Ibus2PWM_mbed.ino.cpp:1:
/home/ec2-user/arduino-testlib/cli-datadir/data/packages/arduino/hardware/megaavr/1.8.7/cores/arduino/api/HardwareSerial.h:87:7: note:                 class arduino::HardwareSerial
 class HardwareSerial : public Stream
       ^~~~~~~~~~~~~~
/home/ec2-user/arduino-testlib/cli-datadir/user/libraries/IBusBM/examples/Ibus2PWM_mbed/Ibus2PWM_mbed.ino: In function &#39;void setup()&#39;:
/home/ec2-user/arduino-testlib/cli-datadir/user/libraries/IBusBM/examples/Ibus2PWM_mbed/Ibus2PWM_mbed.ino:33:21: error: no matching function for call to &#39;IBusBM::begin(UartClass&amp;)&#39;
   IBus.begin(Serial1);    // iBUS connected to Serial1 - change to Serial0 or Serial2 port when required
                     ^
In file included from /home/ec2-user/arduino-testlib/cli-datadir/user/libraries/IBusBM/examples/Ibus2PWM_mbed/Ibus2PWM_mbed.ino:1:0:
/home/ec2-user/arduino-testlib/cli-datadir/user/libraries/IBusBM/src/IBusBM.h:43:8: note: candidate: void IBusBM::begin(int&amp;, int8_t, int8_t, int8_t)
   void begin(HardwareSerial &amp;serial, int8_t timerid=0, int8_t rxPin=-1, int8_t txPin=-1);
        ^~~~~
/home/ec2-user/arduino-testlib/cli-datadir/user/libraries/IBusBM/src/IBusBM.h:43:8: note:   no known conversion for argument 1 from &#39;UartClass&#39; to &#39;int&amp;&#39;
Multiple libraries were found for &#34;Servo.h&#34;
  Used: /home/ec2-user/arduino-testlib/cli-datadir/user/libraries/Servo
  Not used: /home/ec2-user/arduino-testlib/cli-datadir/user/libraries/Printoo_Library
  Not used: /home/ec2-user/arduino-testlib/cli-datadir/user/libraries/RokitSmart
  Not used: /home/ec2-user/arduino-testlib/cli-datadir/user/libraries/evive
  Not used: /home/ec2-user/arduino-testlib/cli-datadir/user/libraries/XMC_Servo
  Not used: /home/ec2-user/arduino-testlib/cli-datadir/user/libraries/ServoESP32
</pre>
					
					<h4>examples/Ibus_diy_servo_STM32</h4>
					<p>
						Result: <b>FAIL</b>
					</p>
					<pre class="pre-scrollable">WARNING: library IBusBM claims to run on avr, esp32, stm32, mbed architecture(s) and may be incompatible with your current board which runs on megaavr architecture(s).
In file included from /home/ec2-user/arduino-testlib/cli-datadir/user/libraries/IBusBM/examples/Ibus_diy_servo_STM32/Ibus_diy_servo_STM32.ino:20:0:
/home/ec2-user/arduino-testlib/cli-datadir/user/libraries/IBusBM/src/IBusBM.h:43:14: error: reference to &#39;HardwareSerial&#39; is ambiguous
   void begin(HardwareSerial &amp;serial, int8_t timerid=0, int8_t rxPin=-1, int8_t txPin=-1);
              ^~~~~~~~~~~~~~
/home/ec2-user/arduino-testlib/cli-datadir/user/libraries/IBusBM/src/IBusBM.h:36:7: note: candidates are: class HardwareSerial
 class HardwareSerial;
       ^~~~~~~~~~~~~~
In file included from /home/ec2-user/arduino-testlib/cli-datadir/data/packages/arduino/hardware/megaavr/1.8.7/cores/arduino/UART.h:27:0,
                 from /home/ec2-user/arduino-testlib/cli-datadir/data/packages/arduino/hardware/megaavr/1.8.7/cores/arduino/Arduino.h:140,
                 from /tmp/arduino-sketch-79D09FD0B27D3F3F09BA404B412DBAF5/sketch/Ibus_diy_servo_STM32.ino.cpp:1:
/home/ec2-user/arduino-testlib/cli-datadir/data/packages/arduino/hardware/megaavr/1.8.7/cores/arduino/api/HardwareSerial.h:87:7: note:                 class arduino::HardwareSerial
 class HardwareSerial : public Stream
       ^~~~~~~~~~~~~~
In file included from /home/ec2-user/arduino-testlib/cli-datadir/user/libraries/IBusBM/examples/Ibus_diy_servo_STM32/Ibus_diy_servo_STM32.ino:20:0:
/home/ec2-user/arduino-testlib/cli-datadir/user/libraries/IBusBM/src/IBusBM.h:43:14: error: &#39;HardwareSerial&#39; has not been declared
   void begin(HardwareSerial &amp;serial, int8_t timerid=0, int8_t rxPin=-1, int8_t txPin=-1);
              ^~~~~~~~~~~~~~
/home/ec2-user/arduino-testlib/cli-datadir/user/libraries/IBusBM/src/IBusBM.h:68:3: error: reference to &#39;HardwareSerial&#39; is ambiguous
   HardwareSerial *stream;           // serial port
   ^~~~~~~~~~~~~~
/home/ec2-user/arduino-testlib/cli-datadir/user/libraries/IBusBM/src/IBusBM.h:36:7: note: candidates are: class HardwareSerial
 class HardwareSerial;
       ^~~~~~~~~~~~~~
In file included from /home/ec2-user/arduino-testlib/cli-datadir/data/packages/arduino/hardware/megaavr/1.8.7/cores/arduino/UART.h:27:0,
                 from /home/ec2-user/arduino-testlib/cli-datadir/data/packages/arduino/hardware/megaavr/1.8.7/cores/arduino/Arduino.h:140,
                 from /tmp/arduino-sketch-79D09FD0B27D3F3F09BA404B412DBAF5/sketch/Ibus_diy_servo_STM32.ino.cpp:1:
/home/ec2-user/arduino-testlib/cli-datadir/data/packages/arduino/hardware/megaavr/1.8.7/cores/arduino/api/HardwareSerial.h:87:7: note:                 class arduino::HardwareSerial
 class HardwareSerial : public Stream
       ^~~~~~~~~~~~~~
/home/ec2-user/arduino-testlib/cli-datadir/user/libraries/IBusBM/examples/Ibus_diy_servo_STM32/Ibus_diy_servo_STM32.ino:26:17: error: &#39;PB6&#39; was not declared in this scope
 byte LPWM_pin = PB6;                                                                // Drive Left  PWM output pin
                 ^~~
/home/ec2-user/arduino-testlib/cli-datadir/user/libraries/IBusBM/examples/Ibus_diy_servo_STM32/Ibus_diy_servo_STM32.ino:26:17: note: suggested alternative: &#39;PB&#39;
 byte LPWM_pin = PB6;                                                                // Drive Left  PWM output pin
                 ^~~
                 PB
/home/ec2-user/arduino-testlib/cli-datadir/user/libraries/IBusBM/examples/Ibus_diy_servo_STM32/Ibus_diy_servo_STM32.ino:27:17: error: &#39;PB7&#39; was not declared in this scope
 byte RPWM_pin = PB7;                                                                // Drive Right PWM output pin
                 ^~~
/home/ec2-user/arduino-testlib/cli-datadir/user/libraries/IBusBM/examples/Ibus_diy_servo_STM32/Ibus_diy_servo_STM32.ino:27:17: note: suggested alternative: &#39;PB&#39;
 byte RPWM_pin = PB7;                                                                // Drive Right PWM output pin
                 ^~~
                 PB
/home/ec2-user/arduino-testlib/cli-datadir/user/libraries/IBusBM/examples/Ibus_diy_servo_STM32/Ibus_diy_servo_STM32.ino: In function &#39;void setup()&#39;:
/home/ec2-user/arduino-testlib/cli-datadir/user/libraries/IBusBM/examples/Ibus_diy_servo_STM32/Ibus_diy_servo_STM32.ino:65:37: error: no matching function for call to &#39;IBusBM::begin(UartClass&amp;, int)&#39;
   IBUS.begin(Serial1, IBUSBM_NOTIMER);                                              // Start Ibus connection on serial1 without timer, call IBUS.loop() in Millisecond loop.
                                     ^
In file included from /home/ec2-user/arduino-testlib/cli-datadir/user/libraries/IBusBM/examples/Ibus_diy_servo_STM32/Ibus_diy_servo_STM32.ino:20:0:
/home/ec2-user/arduino-testlib/cli-datadir/user/libraries/IBusBM/src/IBusBM.h:43:8: note: candidate: void IBusBM::begin(int&amp;, int8_t, int8_t, int8_t)
   void begin(HardwareSerial &amp;serial, int8_t timerid=0, int8_t rxPin=-1, int8_t txPin=-1);
        ^~~~~
/home/ec2-user/arduino-testlib/cli-datadir/user/libraries/IBusBM/src/IBusBM.h:43:8: note:   no known conversion for argument 1 from &#39;UartClass&#39; to &#39;int&amp;&#39;
Multiple libraries were found for &#34;PID_v1.h&#34;
  Used: /home/ec2-user/arduino-testlib/cli-datadir/user/libraries/PreMo_-_Virtual_Path_Following
  Not used: /home/ec2-user/arduino-testlib/cli-datadir/user/libraries/PID
</pre>
					
					<h4>examples/Ibus_multimonitor</h4>
					<p>
						Result: <b>FAIL</b>
					</p>
					<pre class="pre-scrollable">WARNING: library IBusBM claims to run on avr, esp32, stm32, mbed architecture(s) and may be incompatible with your current board which runs on megaavr architecture(s).
In file included from /home/ec2-user/arduino-testlib/cli-datadir/user/libraries/IBusBM/examples/Ibus_multimonitor/Ibus_multimonitor.ino:1:0:
/home/ec2-user/arduino-testlib/cli-datadir/user/libraries/IBusBM/src/IBusBM.h:43:14: error: reference to &#39;HardwareSerial&#39; is ambiguous
   void begin(HardwareSerial &amp;serial, int8_t timerid=0, int8_t rxPin=-1, int8_t txPin=-1);
              ^~~~~~~~~~~~~~
/home/ec2-user/arduino-testlib/cli-datadir/user/libraries/IBusBM/src/IBusBM.h:36:7: note: candidates are: class HardwareSerial
 class HardwareSerial;
       ^~~~~~~~~~~~~~
In file included from /home/ec2-user/arduino-testlib/cli-datadir/data/packages/arduino/hardware/megaavr/1.8.7/cores/arduino/UART.h:27:0,
                 from /home/ec2-user/arduino-testlib/cli-datadir/data/packages/arduino/hardware/megaavr/1.8.7/cores/arduino/Arduino.h:140,
                 from /tmp/arduino-sketch-CAB6959010A4E35E74E5CF299A1E9497/sketch/Ibus_multimonitor.ino.cpp:1:
/home/ec2-user/arduino-testlib/cli-datadir/data/packages/arduino/hardware/megaavr/1.8.7/cores/arduino/api/HardwareSerial.h:87:7: note:                 class arduino::HardwareSerial
 class HardwareSerial : public Stream
       ^~~~~~~~~~~~~~
In file included from /home/ec2-user/arduino-testlib/cli-datadir/user/libraries/IBusBM/examples/Ibus_multimonitor/Ibus_multimonitor.ino:1:0:
/home/ec2-user/arduino-testlib/cli-datadir/user/libraries/IBusBM/src/IBusBM.h:43:14: error: &#39;HardwareSerial&#39; has not been declared
   void begin(HardwareSerial &amp;serial, int8_t timerid=0, int8_t rxPin=-1, int8_t txPin=-1);
              ^~~~~~~~~~~~~~
/home/ec2-user/arduino-testlib/cli-datadir/user/libraries/IBusBM/src/IBusBM.h:68:3: error: reference to &#39;HardwareSerial&#39; is ambiguous
   HardwareSerial *stream;           // serial port
   ^~~~~~~~~~~~~~
/home/ec2-user/arduino-testlib/cli-datadir/user/libraries/IBusBM/src/IBusBM.h:36:7: note: candidates are: class HardwareSerial
 class HardwareSerial;
       ^~~~~~~~~~~~~~
In file included from /home/ec2-user/arduino-testlib/cli-datadir/data/packages/arduino/hardware/megaavr/1.8.7/cores/arduino/UART.h:27:0,
                 from /home/ec2-user/arduino-testlib/cli-datadir/data/packages/arduino/hardware/megaavr/1.8.7/cores/arduino/Arduino.h:140,
                 from /tmp/arduino-sketch-CAB6959010A4E35E74E5CF299A1E9497/sketch/Ibus_multimonitor.ino.cpp:1:
/home/ec2-user/arduino-testlib/cli-datadir/data/packages/arduino/hardware/megaavr/1.8.7/cores/arduino/api/HardwareSerial.h:87:7: note:                 class arduino::HardwareSerial
 class HardwareSerial : public Stream
       ^~~~~~~~~~~~~~
/home/ec2-user/arduino-testlib/cli-datadir/user/libraries/IBusBM/examples/Ibus_multimonitor/Ibus_multimonitor.ino: In function &#39;void setup()&#39;:
/home/ec2-user/arduino-testlib/cli-datadir/user/libraries/IBusBM/examples/Ibus_multimonitor/Ibus_multimonitor.ino:40:26: error: no matching function for call to &#39;IBusBM::begin(UartClass&amp;)&#39;
   IBusServo.begin(Serial1);
                          ^
In file included from /home/ec2-user/arduino-testlib/cli-datadir/user/libraries/IBusBM/examples/Ibus_multimonitor/Ibus_multimonitor.ino:1:0:
/home/ec2-user/arduino-testlib/cli-datadir/user/libraries/IBusBM/src/IBusBM.h:43:8: note: candidate: void IBusBM::begin(int&amp;, int8_t, int8_t, int8_t)
   void begin(HardwareSerial &amp;serial, int8_t timerid=0, int8_t rxPin=-1, int8_t txPin=-1);
        ^~~~~
/home/ec2-user/arduino-testlib/cli-datadir/user/libraries/IBusBM/src/IBusBM.h:43:8: note:   no known conversion for argument 1 from &#39;UartClass&#39; to &#39;int&amp;&#39;
/home/ec2-user/arduino-testlib/cli-datadir/user/libraries/IBusBM/examples/Ibus_multimonitor/Ibus_multimonitor.ino:45:20: error: &#39;Serial2&#39; was not declared in this scope
   IBusSensor.begin(Serial2);
                    ^~~~~~~
/home/ec2-user/arduino-testlib/cli-datadir/user/libraries/IBusBM/examples/Ibus_multimonitor/Ibus_multimonitor.ino:45:20: note: suggested alternative: &#39;Serial1&#39;
   IBusSensor.begin(Serial2);
                    ^~~~~~~
                    Serial1

</pre>
					
					<h4>examples/Ibus_sensor</h4>
					<p>
						Result: <b>FAIL</b>
					</p>
					<pre class="pre-scrollable">WARNING: library IBusBM claims to run on avr, esp32, stm32, mbed architecture(s) and may be incompatible with your current board which runs on megaavr architecture(s).
In file included from /home/ec2-user/arduino-testlib/cli-datadir/user/libraries/IBusBM/examples/Ibus_sensor/Ibus_sensor.ino:1:0:
/home/ec2-user/arduino-testlib/cli-datadir/user/libraries/IBusBM/src/IBusBM.h:43:14: error: reference to &#39;HardwareSerial&#39; is ambiguous
   void begin(HardwareSerial &amp;serial, int8_t timerid=0, int8_t rxPin=-1, int8_t txPin=-1);
              ^~~~~~~~~~~~~~
/home/ec2-user/arduino-testlib/cli-datadir/user/libraries/IBusBM/src/IBusBM.h:36:7: note: candidates are: class HardwareSerial
 class HardwareSerial;
       ^~~~~~~~~~~~~~
In file included from /home/ec2-user/arduino-testlib/cli-datadir/data/packages/arduino/hardware/megaavr/1.8.7/cores/arduino/UART.h:27:0,
                 from /home/ec2-user/arduino-testlib/cli-datadir/data/packages/arduino/hardware/megaavr/1.8.7/cores/arduino/Arduino.h:140,
                 from /tmp/arduino-sketch-31F12B31C5CA8270135439A10F80053F/sketch/Ibus_sensor.ino.cpp:1:
/home/ec2-user/arduino-testlib/cli-datadir/data/packages/arduino/hardware/megaavr/1.8.7/cores/arduino/api/HardwareSerial.h:87:7: note:                 class arduino::HardwareSerial
 class HardwareSerial : public Stream
       ^~~~~~~~~~~~~~
In file included from /home/ec2-user/arduino-testlib/cli-datadir/user/libraries/IBusBM/examples/Ibus_sensor/Ibus_sensor.ino:1:0:
/home/ec2-user/arduino-testlib/cli-datadir/user/libraries/IBusBM/src/IBusBM.h:43:14: error: &#39;HardwareSerial&#39; has not been declared
   void begin(HardwareSerial &amp;serial, int8_t timerid=0, int8_t rxPin=-1, int8_t txPin=-1);
              ^~~~~~~~~~~~~~
/home/ec2-user/arduino-testlib/cli-datadir/user/libraries/IBusBM/src/IBusBM.h:68:3: error: reference to &#39;HardwareSerial&#39; is ambiguous
   HardwareSerial *stream;           // serial port
   ^~~~~~~~~~~~~~
/home/ec2-user/arduino-testlib/cli-datadir/user/libraries/IBusBM/src/IBusBM.h:36:7: note: candidates are: class HardwareSerial
 class HardwareSerial;
       ^~~~~~~~~~~~~~
In file included from /home/ec2-user/arduino-testlib/cli-datadir/data/packages/arduino/hardware/megaavr/1.8.7/cores/arduino/UART.h:27:0,
                 from /home/ec2-user/arduino-testlib/cli-datadir/data/packages/arduino/hardware/megaavr/1.8.7/cores/arduino/Arduino.h:140,
                 from /tmp/arduino-sketch-31F12B31C5CA8270135439A10F80053F/sketch/Ibus_sensor.ino.cpp:1:
/home/ec2-user/arduino-testlib/cli-datadir/data/packages/arduino/hardware/megaavr/1.8.7/cores/arduino/api/HardwareSerial.h:87:7: note:                 class arduino::HardwareSerial
 class HardwareSerial : public Stream
       ^~~~~~~~~~~~~~
/home/ec2-user/arduino-testlib/cli-datadir/user/libraries/IBusBM/examples/Ibus_sensor/Ibus_sensor.ino: In function &#39;void setup()&#39;:
/home/ec2-user/arduino-testlib/cli-datadir/user/libraries/IBusBM/examples/Ibus_sensor/Ibus_sensor.ino:29:21: error: no matching function for call to &#39;IBusBM::begin(UartClass&amp;)&#39;
   IBus.begin(Serial1);
                     ^
In file included from /home/ec2-user/arduino-testlib/cli-datadir/user/libraries/IBusBM/examples/Ibus_sensor/Ibus_sensor.ino:1:0:
/home/ec2-user/arduino-testlib/cli-datadir/user/libraries/IBusBM/src/IBusBM.h:43:8: note: candidate: void IBusBM::begin(int&amp;, int8_t, int8_t, int8_t)
   void begin(HardwareSerial &amp;serial, int8_t timerid=0, int8_t rxPin=-1, int8_t txPin=-1);
        ^~~~~
/home/ec2-user/arduino-testlib/cli-datadir/user/libraries/IBusBM/src/IBusBM.h:43:8: note:   no known conversion for argument 1 from &#39;UartClass&#39; to &#39;int&amp;&#39;

</pre>
					
					<h4>examples/Ibus_singlemonitor</h4>
					<p>
						Result: <b>FAIL</b>
					</p>
					<pre class="pre-scrollable">WARNING: library IBusBM claims to run on avr, esp32, stm32, mbed architecture(s) and may be incompatible with your current board which runs on megaavr architecture(s).
In file included from /home/ec2-user/arduino-testlib/cli-datadir/user/libraries/IBusBM/examples/Ibus_singlemonitor/Ibus_singlemonitor.ino:1:0:
/home/ec2-user/arduino-testlib/cli-datadir/user/libraries/IBusBM/src/IBusBM.h:43:14: error: reference to &#39;HardwareSerial&#39; is ambiguous
   void begin(HardwareSerial &amp;serial, int8_t timerid=0, int8_t rxPin=-1, int8_t txPin=-1);
              ^~~~~~~~~~~~~~
/home/ec2-user/arduino-testlib/cli-datadir/user/libraries/IBusBM/src/IBusBM.h:36:7: note: candidates are: class HardwareSerial
 class HardwareSerial;
       ^~~~~~~~~~~~~~
In file included from /home/ec2-user/arduino-testlib/cli-datadir/data/packages/arduino/hardware/megaavr/1.8.7/cores/arduino/UART.h:27:0,
                 from /home/ec2-user/arduino-testlib/cli-datadir/data/packages/arduino/hardware/megaavr/1.8.7/cores/arduino/Arduino.h:140,
                 from /tmp/arduino-sketch-DE09D24359E1B5A97570F587935FC22B/sketch/Ibus_singlemonitor.ino.cpp:1:
/home/ec2-user/arduino-testlib/cli-datadir/data/packages/arduino/hardware/megaavr/1.8.7/cores/arduino/api/HardwareSerial.h:87:7: note:                 class arduino::HardwareSerial
 class HardwareSerial : public Stream
       ^~~~~~~~~~~~~~
In file included from /home/ec2-user/arduino-testlib/cli-datadir/user/libraries/IBusBM/examples/Ibus_singlemonitor/Ibus_singlemonitor.ino:1:0:
/home/ec2-user/arduino-testlib/cli-datadir/user/libraries/IBusBM/src/IBusBM.h:43:14: error: &#39;HardwareSerial&#39; has not been declared
   void begin(HardwareSerial &amp;serial, int8_t timerid=0, int8_t rxPin=-1, int8_t txPin=-1);
              ^~~~~~~~~~~~~~
/home/ec2-user/arduino-testlib/cli-datadir/user/libraries/IBusBM/src/IBusBM.h:68:3: error: reference to &#39;HardwareSerial&#39; is ambiguous
   HardwareSerial *stream;           // serial port
   ^~~~~~~~~~~~~~
/home/ec2-user/arduino-testlib/cli-datadir/user/libraries/IBusBM/src/IBusBM.h:36:7: note: candidates are: class HardwareSerial
 class HardwareSerial;
       ^~~~~~~~~~~~~~
In file included from /home/ec2-user/arduino-testlib/cli-datadir/data/packages/arduino/hardware/megaavr/1.8.7/cores/arduino/UART.h:27:0,
                 from /home/ec2-user/arduino-testlib/cli-datadir/data/packages/arduino/hardware/megaavr/1.8.7/cores/arduino/Arduino.h:140,
                 from /tmp/arduino-sketch-DE09D24359E1B5A97570F587935FC22B/sketch/Ibus_singlemonitor.ino.cpp:1:
/home/ec2-user/arduino-testlib/cli-datadir/data/packages/arduino/hardware/megaavr/1.8.7/cores/arduino/api/HardwareSerial.h:87:7: note:                 class arduino::HardwareSerial
 class HardwareSerial : public Stream
       ^~~~~~~~~~~~~~
/home/ec2-user/arduino-testlib/cli-datadir/user/libraries/IBusBM/examples/Ibus_singlemonitor/Ibus_singlemonitor.ino: In function &#39;void setup()&#39;:
/home/ec2-user/arduino-testlib/cli-datadir/user/libraries/IBusBM/examples/Ibus_singlemonitor/Ibus_singlemonitor.ino:35:21: error: no matching function for call to &#39;IBusBM::begin(UartClass&amp;)&#39;
   IBus.begin(Serial1);
                     ^
In file included from /home/ec2-user/arduino-testlib/cli-datadir/user/libraries/IBusBM/examples/Ibus_singlemonitor/Ibus_singlemonitor.ino:1:0:
/home/ec2-user/arduino-testlib/cli-datadir/user/libraries/IBusBM/src/IBusBM.h:43:8: note: candidate: void IBusBM::begin(int&amp;, int8_t, int8_t, int8_t)
   void begin(HardwareSerial &amp;serial, int8_t timerid=0, int8_t rxPin=-1, int8_t txPin=-1);
        ^~~~~
/home/ec2-user/arduino-testlib/cli-datadir/user/libraries/IBusBM/src/IBusBM.h:43:8: note:   no known conversion for argument 1 from &#39;UartClass&#39; to &#39;int&amp;&#39;

</pre>
					
					<h4>examples/Robotcar</h4>
					<p>
						Result: <b>FAIL</b>
					</p>
					<pre class="pre-scrollable">WARNING: library VNH3SP30 claims to run on avr, esp32, stm32 architecture(s) and may be incompatible with your current board which runs on megaavr architecture(s).
WARNING: library IBusBM claims to run on avr, esp32, stm32, mbed architecture(s) and may be incompatible with your current board which runs on megaavr architecture(s).
In file included from /home/ec2-user/arduino-testlib/cli-datadir/user/libraries/IBusBM/examples/Robotcar/Robotcar.ino:50:0:
/home/ec2-user/arduino-testlib/cli-datadir/user/libraries/IBusBM/src/IBusBM.h:43:14: error: reference to &#39;HardwareSerial&#39; is ambiguous
   void begin(HardwareSerial &amp;serial, int8_t timerid=0, int8_t rxPin=-1, int8_t txPin=-1);
              ^~~~~~~~~~~~~~
/home/ec2-user/arduino-testlib/cli-datadir/user/libraries/IBusBM/src/IBusBM.h:36:7: note: candidates are: class HardwareSerial
 class HardwareSerial;
       ^~~~~~~~~~~~~~
In file included from /home/ec2-user/arduino-testlib/cli-datadir/data/packages/arduino/hardware/megaavr/1.8.7/cores/arduino/UART.h:27:0,
                 from /home/ec2-user/arduino-testlib/cli-datadir/data/packages/arduino/hardware/megaavr/1.8.7/cores/arduino/Arduino.h:140,
                 from /tmp/arduino-sketch-6A70F2C79CDA5C21129D6D595BD6381D/sketch/Robotcar.ino.cpp:1:
/home/ec2-user/arduino-testlib/cli-datadir/data/packages/arduino/hardware/megaavr/1.8.7/cores/arduino/api/HardwareSerial.h:87:7: note:                 class arduino::HardwareSerial
 class HardwareSerial : public Stream
       ^~~~~~~~~~~~~~
In file included from /home/ec2-user/arduino-testlib/cli-datadir/user/libraries/IBusBM/examples/Robotcar/Robotcar.ino:50:0:
/home/ec2-user/arduino-testlib/cli-datadir/user/libraries/IBusBM/src/IBusBM.h:43:14: error: &#39;HardwareSerial&#39; has not been declared
   void begin(HardwareSerial &amp;serial, int8_t timerid=0, int8_t rxPin=-1, int8_t txPin=-1);
              ^~~~~~~~~~~~~~
/home/ec2-user/arduino-testlib/cli-datadir/user/libraries/IBusBM/src/IBusBM.h:68:3: error: reference to &#39;HardwareSerial&#39; is ambiguous
   HardwareSerial *stream;           // serial port
   ^~~~~~~~~~~~~~
/home/ec2-user/arduino-testlib/cli-datadir/user/libraries/IBusBM/src/IBusBM.h:36:7: note: candidates are: class HardwareSerial
 class HardwareSerial;
       ^~~~~~~~~~~~~~
In file included from /home/ec2-user/arduino-testlib/cli-datadir/data/packages/arduino/hardware/megaavr/1.8.7/cores/arduino/UART.h:27:0,
                 from /home/ec2-user/arduino-testlib/cli-datadir/data/packages/arduino/hardware/megaavr/1.8.7/cores/arduino/Arduino.h:140,
                 from /tmp/arduino-sketch-6A70F2C79CDA5C21129D6D595BD6381D/sketch/Robotcar.ino.cpp:1:
/home/ec2-user/arduino-testlib/cli-datadir/data/packages/arduino/hardware/megaavr/1.8.7/cores/arduino/api/HardwareSerial.h:87:7: note:                 class arduino::HardwareSerial
 class HardwareSerial : public Stream
       ^~~~~~~~~~~~~~
/home/ec2-user/arduino-testlib/cli-datadir/user/libraries/IBusBM/examples/Robotcar/Robotcar.ino: In function &#39;void setup()&#39;:
/home/ec2-user/arduino-testlib/cli-datadir/user/libraries/IBusBM/examples/Robotcar/Robotcar.ino:77:21: error: no matching function for call to &#39;IBusBM::begin(UartClass&amp;)&#39;
   IBus.begin(Serial1);    // iBUS connected to Serial1: 19 (RX) and 18 (TX)
                     ^
In file included from /home/ec2-user/arduino-testlib/cli-datadir/user/libraries/IBusBM/examples/Robotcar/Robotcar.ino:50:0:
/home/ec2-user/arduino-testlib/cli-datadir/user/libraries/IBusBM/src/IBusBM.h:43:8: note: candidate: void IBusBM::begin(int&amp;, int8_t, int8_t, int8_t)
   void begin(HardwareSerial &amp;serial, int8_t timerid=0, int8_t rxPin=-1, int8_t txPin=-1);
        ^~~~~
/home/ec2-user/arduino-testlib/cli-datadir/user/libraries/IBusBM/src/IBusBM.h:43:8: note:   no known conversion for argument 1 from &#39;UartClass&#39; to &#39;int&amp;&#39;

</pre>
					
				
				<h3 id="arduino:samd:mkrwifi1010">arduino:samd:mkrwifi1010 @ 1.8.12</h3>
				<h4>Inclusion</h4>
				<p>
					Result: <b>FAIL</b>
					
				</p>
				<pre class="pre-scrollable">WARNING: library IBusBM claims to run on avr, esp32, stm32, mbed architecture(s) and may be incompatible with your current board which runs on samd architecture(s).
In file included from /tmp/arduino-testlib2440237966/test/test.ino:1:0:
/home/ec2-user/arduino-testlib/cli-datadir/user/libraries/IBusBM/src/IBusBM.h:43:14: error: reference to &#39;HardwareSerial&#39; is ambiguous
   void begin(HardwareSerial &amp;serial, int8_t timerid=0, int8_t rxPin=-1, int8_t txPin=-1);
              ^~~~~~~~~~~~~~
/home/ec2-user/arduino-testlib/cli-datadir/user/libraries/IBusBM/src/IBusBM.h:36:7: note: candidates are: class HardwareSerial
 class HardwareSerial;
       ^~~~~~~~~~~~~~
In file included from /home/ec2-user/arduino-testlib/cli-datadir/data/packages/arduino/hardware/samd/1.8.12/cores/arduino/Uart.h:21:0,
                 from /home/ec2-user/arduino-testlib/cli-datadir/data/packages/arduino/hardware/samd/1.8.12/variants/mkrwifi1010/variant.h:165,
                 from /home/ec2-user/arduino-testlib/cli-datadir/data/packages/arduino/hardware/samd/1.8.12/cores/arduino/Arduino.h:51,
                 from /tmp/arduino-sketch-308324BD18954D4A13CEDDC847A43239/sketch/test.ino.cpp:1:
/home/ec2-user/arduino-testlib/cli-datadir/data/packages/arduino/hardware/samd/1.8.12/cores/arduino/api/HardwareSerial.h:87:7: note:                 class arduino::HardwareSerial
 class HardwareSerial : public Stream
       ^~~~~~~~~~~~~~
In file included from /tmp/arduino-testlib2440237966/test/test.ino:1:0:
/home/ec2-user/arduino-testlib/cli-datadir/user/libraries/IBusBM/src/IBusBM.h:43:14: error: &#39;HardwareSerial&#39; has not been declared
   void begin(HardwareSerial &amp;serial, int8_t timerid=0, int8_t rxPin=-1, int8_t txPin=-1);
              ^~~~~~~~~~~~~~
/home/ec2-user/arduino-testlib/cli-datadir/user/libraries/IBusBM/src/IBusBM.h:68:3: error: reference to &#39;HardwareSerial&#39; is ambiguous
   HardwareSerial *stream;           // serial port
   ^~~~~~~~~~~~~~
/home/ec2-user/arduino-testlib/cli-datadir/user/libraries/IBusBM/src/IBusBM.h:36:7: note: candidates are: class HardwareSerial
 class HardwareSerial;
       ^~~~~~~~~~~~~~
In file included from /home/ec2-user/arduino-testlib/cli-datadir/data/packages/arduino/hardware/samd/1.8.12/cores/arduino/Uart.h:21:0,
                 from /home/ec2-user/arduino-testlib/cli-datadir/data/packages/arduino/hardware/samd/1.8.12/variants/mkrwifi1010/variant.h:165,
                 from /home/ec2-user/arduino-testlib/cli-datadir/data/packages/arduino/hardware/samd/1.8.12/cores/arduino/Arduino.h:51,
                 from /tmp/arduino-sketch-308324BD18954D4A13CEDDC847A43239/sketch/test.ino.cpp:1:
/home/ec2-user/arduino-testlib/cli-datadir/data/packages/arduino/hardware/samd/1.8.12/cores/arduino/api/HardwareSerial.h:87:7: note:                 class arduino::HardwareSerial
 class HardwareSerial : public Stream
       ^~~~~~~~~~~~~~

</pre>

					
					<h4>examples/Ibus2PWM</h4>
					<p>
						Result: <b>FAIL</b>
					</p>
					<pre class="pre-scrollable">WARNING: library IBusBM claims to run on avr, esp32, stm32, mbed architecture(s) and may be incompatible with your current board which runs on samd architecture(s).
In file included from /home/ec2-user/arduino-testlib/cli-datadir/user/libraries/IBusBM/examples/Ibus2PWM/Ibus2PWM.ino:1:0:
/home/ec2-user/arduino-testlib/cli-datadir/user/libraries/IBusBM/src/IBusBM.h:43:14: error: reference to &#39;HardwareSerial&#39; is ambiguous
   void begin(HardwareSerial &amp;serial, int8_t timerid=0, int8_t rxPin=-1, int8_t txPin=-1);
              ^~~~~~~~~~~~~~
/home/ec2-user/arduino-testlib/cli-datadir/user/libraries/IBusBM/src/IBusBM.h:36:7: note: candidates are: class HardwareSerial
 class HardwareSerial;
       ^~~~~~~~~~~~~~
In file included from /home/ec2-user/arduino-testlib/cli-datadir/data/packages/arduino/hardware/samd/1.8.12/cores/arduino/Uart.h:21:0,
                 from /home/ec2-user/arduino-testlib/cli-datadir/data/packages/arduino/hardware/samd/1.8.12/variants/mkrwifi1010/variant.h:165,
                 from /home/ec2-user/arduino-testlib/cli-datadir/data/packages/arduino/hardware/samd/1.8.12/cores/arduino/Arduino.h:51,
                 from /tmp/arduino-sketch-B2C8686B14D96AEE40216DDE78501C9E/sketch/Ibus2PWM.ino.cpp:1:
/home/ec2-user/arduino-testlib/cli-datadir/data/packages/arduino/hardware/samd/1.8.12/cores/arduino/api/HardwareSerial.h:87:7: note:                 class arduino::HardwareSerial
 class HardwareSerial : public Stream
       ^~~~~~~~~~~~~~
In file included from /home/ec2-user/arduino-testlib/cli-datadir/user/libraries/IBusBM/examples/Ibus2PWM/Ibus2PWM.ino:1:0:
/home/ec2-user/arduino-testlib/cli-datadir/user/libraries/IBusBM/src/IBusBM.h:43:14: error: &#39;HardwareSerial&#39; has not been declared
   void begin(HardwareSerial &amp;serial, int8_t timerid=0, int8_t rxPin=-1, int8_t txPin=-1);
              ^~~~~~~~~~~~~~
/home/ec2-user/arduino-testlib/cli-datadir/user/libraries/IBusBM/src/IBusBM.h:68:3: error: reference to &#39;HardwareSerial&#39; is ambiguous
   HardwareSerial *stream;           // serial port
   ^~~~~~~~~~~~~~
/home/ec2-user/arduino-testlib/cli-datadir/user/libraries/IBusBM/src/IBusBM.h:36:7: note: candidates are: class HardwareSerial
 class HardwareSerial;
       ^~~~~~~~~~~~~~
In file included from /home/ec2-user/arduino-testlib/cli-datadir/data/packages/arduino/hardware/samd/1.8.12/cores/arduino/Uart.h:21:0,
                 from /home/ec2-user/arduino-testlib/cli-datadir/data/packages/arduino/hardware/samd/1.8.12/variants/mkrwifi1010/variant.h:165,
                 from /home/ec2-user/arduino-testlib/cli-datadir/data/packages/arduino/hardware/samd/1.8.12/cores/arduino/Arduino.h:51,
                 from /tmp/arduino-sketch-B2C8686B14D96AEE40216DDE78501C9E/sketch/Ibus2PWM.ino.cpp:1:
/home/ec2-user/arduino-testlib/cli-datadir/data/packages/arduino/hardware/samd/1.8.12/cores/arduino/api/HardwareSerial.h:87:7: note:                 class arduino::HardwareSerial
 class HardwareSerial : public Stream
       ^~~~~~~~~~~~~~
/home/ec2-user/arduino-testlib/cli-datadir/user/libraries/IBusBM/examples/Ibus2PWM/Ibus2PWM.ino: In function &#39;void setup()&#39;:
/home/ec2-user/arduino-testlib/cli-datadir/user/libraries/IBusBM/examples/Ibus2PWM/Ibus2PWM.ino:30:20: error: cannot bind non-const lvalue reference of type &#39;int&amp;&#39; to an rvalue of type &#39;int&#39;
   IBus.begin(Serial);    // iBUS connected to Serial0 - change to Serial1 or Serial2 port when required
                    ^
In file included from /home/ec2-user/arduino-testlib/cli-datadir/data/packages/arduino/hardware/samd/1.8.12/cores/arduino/Arduino.h:112:0,
                 from /tmp/arduino-sketch-B2C8686B14D96AEE40216DDE78501C9E/sketch/Ibus2PWM.ino.cpp:1:
/home/ec2-user/arduino-testlib/cli-datadir/data/packages/arduino/hardware/samd/1.8.12/cores/arduino/USB/USBAPI.h:116:2: note:   after user-defined conversion: Serial_::operator bool()
  operator bool();
  ^~~~~~~~
In file included from /home/ec2-user/arduino-testlib/cli-datadir/user/libraries/IBusBM/examples/Ibus2PWM/Ibus2PWM.ino:1:0:
/home/ec2-user/arduino-testlib/cli-datadir/user/libraries/IBusBM/src/IBusBM.h:43:8: note:   initializing argument 1 of &#39;void IBusBM::begin(int&amp;, int8_t, int8_t, int8_t)&#39;
   void begin(HardwareSerial &amp;serial, int8_t timerid=0, int8_t rxPin=-1, int8_t txPin=-1);
        ^~~~~
Multiple libraries were found for &#34;Servo.h&#34;
  Used: /home/ec2-user/arduino-testlib/cli-datadir/user/libraries/Servo
  Not used: /home/ec2-user/arduino-testlib/cli-datadir/user/libraries/evive
  Not used: /home/ec2-user/arduino-testlib/cli-datadir/user/libraries/XMC_Servo
  Not used: /home/ec2-user/arduino-testlib/cli-datadir/user/libraries/RokitSmart
  Not used: /home/ec2-user/arduino-testlib/cli-datadir/user/libraries/Printoo_Library
  Not used: /home/ec2-user/arduino-testlib/cli-datadir/user/libraries/ServoESP32
</pre>
					
					<h4>examples/Ibus2PWM_ESP32</h4>
					<p>
						Result: <b>FAIL</b>
					</p>
					<pre class="pre-scrollable">In file included from /home/ec2-user/arduino-testlib/cli-datadir/user/libraries/ESP32Servo/src/ESP32Servo.h:67:0,
                 from /home/ec2-user/arduino-testlib/cli-datadir/user/libraries/IBusBM/examples/Ibus2PWM_ESP32/Ibus2PWM_ESP32.ino:2:
/home/ec2-user/arduino-testlib/cli-datadir/user/libraries/ESP32Servo/src/analogWrite.h:4:10: fatal error: esp32-hal-ledc.h: No such file or directory
 #include &lt;esp32-hal-ledc.h&gt;
          ^~~~~~~~~~~~~~~~~~
compilation terminated.

</pre>
					
					<h4>examples/Ibus2PWM_mbed</h4>
					<p>
						Result: <b>FAIL</b>
					</p>
					<pre class="pre-scrollable">WARNING: library IBusBM claims to run on avr, esp32, stm32, mbed architecture(s) and may be incompatible with your current board which runs on samd architecture(s).
In file included from /home/ec2-user/arduino-testlib/cli-datadir/user/libraries/IBusBM/examples/Ibus2PWM_mbed/Ibus2PWM_mbed.ino:1:0:
/home/ec2-user/arduino-testlib/cli-datadir/user/libraries/IBusBM/src/IBusBM.h:43:14: error: reference to &#39;HardwareSerial&#39; is ambiguous
   void begin(HardwareSerial &amp;serial, int8_t timerid=0, int8_t rxPin=-1, int8_t txPin=-1);
              ^~~~~~~~~~~~~~
/home/ec2-user/arduino-testlib/cli-datadir/user/libraries/IBusBM/src/IBusBM.h:36:7: note: candidates are: class HardwareSerial
 class HardwareSerial;
       ^~~~~~~~~~~~~~
In file included from /home/ec2-user/arduino-testlib/cli-datadir/data/packages/arduino/hardware/samd/1.8.12/cores/arduino/Uart.h:21:0,
                 from /home/ec2-user/arduino-testlib/cli-datadir/data/packages/arduino/hardware/samd/1.8.12/variants/mkrwifi1010/variant.h:165,
                 from /home/ec2-user/arduino-testlib/cli-datadir/data/packages/arduino/hardware/samd/1.8.12/cores/arduino/Arduino.h:51,
                 from /tmp/arduino-sketch-BDE9C3509E8AD393BEF4B7CEB2D38ED6/sketch/Ibus2PWM_mbed.ino.cpp:1:
/home/ec2-user/arduino-testlib/cli-datadir/data/packages/arduino/hardware/samd/1.8.12/cores/arduino/api/HardwareSerial.h:87:7: note:                 class arduino::HardwareSerial
 class HardwareSerial : public Stream
       ^~~~~~~~~~~~~~
In file included from /home/ec2-user/arduino-testlib/cli-datadir/user/libraries/IBusBM/examples/Ibus2PWM_mbed/Ibus2PWM_mbed.ino:1:0:
/home/ec2-user/arduino-testlib/cli-datadir/user/libraries/IBusBM/src/IBusBM.h:43:14: error: &#39;HardwareSerial&#39; has not been declared
   void begin(HardwareSerial &amp;serial, int8_t timerid=0, int8_t rxPin=-1, int8_t txPin=-1);
              ^~~~~~~~~~~~~~
/home/ec2-user/arduino-testlib/cli-datadir/user/libraries/IBusBM/src/IBusBM.h:68:3: error: reference to &#39;HardwareSerial&#39; is ambiguous
   HardwareSerial *stream;           // serial port
   ^~~~~~~~~~~~~~
/home/ec2-user/arduino-testlib/cli-datadir/user/libraries/IBusBM/src/IBusBM.h:36:7: note: candidates are: class HardwareSerial
 class HardwareSerial;
       ^~~~~~~~~~~~~~
In file included from /home/ec2-user/arduino-testlib/cli-datadir/data/packages/arduino/hardware/samd/1.8.12/cores/arduino/Uart.h:21:0,
                 from /home/ec2-user/arduino-testlib/cli-datadir/data/packages/arduino/hardware/samd/1.8.12/variants/mkrwifi1010/variant.h:165,
                 from /home/ec2-user/arduino-testlib/cli-datadir/data/packages/arduino/hardware/samd/1.8.12/cores/arduino/Arduino.h:51,
                 from /tmp/arduino-sketch-BDE9C3509E8AD393BEF4B7CEB2D38ED6/sketch/Ibus2PWM_mbed.ino.cpp:1:
/home/ec2-user/arduino-testlib/cli-datadir/data/packages/arduino/hardware/samd/1.8.12/cores/arduino/api/HardwareSerial.h:87:7: note:                 class arduino::HardwareSerial
 class HardwareSerial : public Stream
       ^~~~~~~~~~~~~~
/home/ec2-user/arduino-testlib/cli-datadir/user/libraries/IBusBM/examples/Ibus2PWM_mbed/Ibus2PWM_mbed.ino: In function &#39;void setup()&#39;:
/home/ec2-user/arduino-testlib/cli-datadir/user/libraries/IBusBM/examples/Ibus2PWM_mbed/Ibus2PWM_mbed.ino:33:21: error: cannot bind non-const lvalue reference of type &#39;int&amp;&#39; to an rvalue of type &#39;int&#39;
   IBus.begin(Serial1);    // iBUS connected to Serial1 - change to Serial0 or Serial2 port when required
                     ^
In file included from /home/ec2-user/arduino-testlib/cli-datadir/data/packages/arduino/hardware/samd/1.8.12/variants/mkrwifi1010/variant.h:165:0,
                 from /home/ec2-user/arduino-testlib/cli-datadir/data/packages/arduino/hardware/samd/1.8.12/cores/arduino/Arduino.h:51,
                 from /tmp/arduino-sketch-BDE9C3509E8AD393BEF4B7CEB2D38ED6/sketch/Ibus2PWM_mbed.ino.cpp:1:
/home/ec2-user/arduino-testlib/cli-datadir/data/packages/arduino/hardware/samd/1.8.12/cores/arduino/Uart.h:49:5: note:   after user-defined conversion: virtual Uart::operator bool()
     operator bool() { return true; }
     ^~~~~~~~
In file included from /home/ec2-user/arduino-testlib/cli-datadir/user/libraries/IBusBM/examples/Ibus2PWM_mbed/Ibus2PWM_mbed.ino:1:0:
/home/ec2-user/arduino-testlib/cli-datadir/user/libraries/IBusBM/src/IBusBM.h:43:8: note:   initializing argument 1 of &#39;void IBusBM::begin(int&amp;, int8_t, int8_t, int8_t)&#39;
   void begin(HardwareSerial &amp;serial, int8_t timerid=0, int8_t rxPin=-1, int8_t txPin=-1);
        ^~~~~
Multiple libraries were found for &#34;Servo.h&#34;
  Used: /home/ec2-user/arduino-testlib/cli-datadir/user/libraries/Servo
  Not used: /home/ec2-user/arduino-testlib/cli-datadir/user/libraries/evive
  Not used: /home/ec2-user/arduino-testlib/cli-datadir/user/libraries/Printoo_Library
  Not used: /home/ec2-user/arduino-testlib/cli-datadir/user/libraries/RokitSmart
  Not used: /home/ec2-user/arduino-testlib/cli-datadir/user/libraries/ServoESP32
  Not used: /home/ec2-user/arduino-testlib/cli-datadir/user/libraries/XMC_Servo
</pre>
					
					<h4>examples/Ibus_diy_servo_STM32</h4>
					<p>
						Result: <b>FAIL</b>
					</p>
					<pre class="pre-scrollable">WARNING: library IBusBM claims to run on avr, esp32, stm32, mbed architecture(s) and may be incompatible with your current board which runs on samd architecture(s).
In file included from /home/ec2-user/arduino-testlib/cli-datadir/user/libraries/IBusBM/examples/Ibus_diy_servo_STM32/Ibus_diy_servo_STM32.ino:20:0:
/home/ec2-user/arduino-testlib/cli-datadir/user/libraries/IBusBM/src/IBusBM.h:43:14: error: reference to &#39;HardwareSerial&#39; is ambiguous
   void begin(HardwareSerial &amp;serial, int8_t timerid=0, int8_t rxPin=-1, int8_t txPin=-1);
              ^~~~~~~~~~~~~~
/home/ec2-user/arduino-testlib/cli-datadir/user/libraries/IBusBM/src/IBusBM.h:36:7: note: candidates are: class HardwareSerial
 class HardwareSerial;
       ^~~~~~~~~~~~~~
In file included from /home/ec2-user/arduino-testlib/cli-datadir/data/packages/arduino/hardware/samd/1.8.12/cores/arduino/Uart.h:21:0,
                 from /home/ec2-user/arduino-testlib/cli-datadir/data/packages/arduino/hardware/samd/1.8.12/variants/mkrwifi1010/variant.h:165,
                 from /home/ec2-user/arduino-testlib/cli-datadir/data/packages/arduino/hardware/samd/1.8.12/cores/arduino/Arduino.h:51,
                 from /tmp/arduino-sketch-79D09FD0B27D3F3F09BA404B412DBAF5/sketch/Ibus_diy_servo_STM32.ino.cpp:1:
/home/ec2-user/arduino-testlib/cli-datadir/data/packages/arduino/hardware/samd/1.8.12/cores/arduino/api/HardwareSerial.h:87:7: note:                 class arduino::HardwareSerial
 class HardwareSerial : public Stream
       ^~~~~~~~~~~~~~
In file included from /home/ec2-user/arduino-testlib/cli-datadir/user/libraries/IBusBM/examples/Ibus_diy_servo_STM32/Ibus_diy_servo_STM32.ino:20:0:
/home/ec2-user/arduino-testlib/cli-datadir/user/libraries/IBusBM/src/IBusBM.h:43:14: error: &#39;HardwareSerial&#39; has not been declared
   void begin(HardwareSerial &amp;serial, int8_t timerid=0, int8_t rxPin=-1, int8_t txPin=-1);
              ^~~~~~~~~~~~~~
/home/ec2-user/arduino-testlib/cli-datadir/user/libraries/IBusBM/src/IBusBM.h:68:3: error: reference to &#39;HardwareSerial&#39; is ambiguous
   HardwareSerial *stream;           // serial port
   ^~~~~~~~~~~~~~
/home/ec2-user/arduino-testlib/cli-datadir/user/libraries/IBusBM/src/IBusBM.h:36:7: note: candidates are: class HardwareSerial
 class HardwareSerial;
       ^~~~~~~~~~~~~~
In file included from /home/ec2-user/arduino-testlib/cli-datadir/data/packages/arduino/hardware/samd/1.8.12/cores/arduino/Uart.h:21:0,
                 from /home/ec2-user/arduino-testlib/cli-datadir/data/packages/arduino/hardware/samd/1.8.12/variants/mkrwifi1010/variant.h:165,
                 from /home/ec2-user/arduino-testlib/cli-datadir/data/packages/arduino/hardware/samd/1.8.12/cores/arduino/Arduino.h:51,
                 from /tmp/arduino-sketch-79D09FD0B27D3F3F09BA404B412DBAF5/sketch/Ibus_diy_servo_STM32.ino.cpp:1:
/home/ec2-user/arduino-testlib/cli-datadir/data/packages/arduino/hardware/samd/1.8.12/cores/arduino/api/HardwareSerial.h:87:7: note:                 class arduino::HardwareSerial
 class HardwareSerial : public Stream
       ^~~~~~~~~~~~~~
/home/ec2-user/arduino-testlib/cli-datadir/user/libraries/IBusBM/examples/Ibus_diy_servo_STM32/Ibus_diy_servo_STM32.ino:26:17: error: &#39;PB6&#39; was not declared in this scope
 byte LPWM_pin = PB6;                                                                // Drive Left  PWM output pin
                 ^~~
/home/ec2-user/arduino-testlib/cli-datadir/user/libraries/IBusBM/examples/Ibus_diy_servo_STM32/Ibus_diy_servo_STM32.ino:27:17: error: &#39;PB7&#39; was not declared in this scope
 byte RPWM_pin = PB7;                                                                // Drive Right PWM output pin
                 ^~~
/home/ec2-user/arduino-testlib/cli-datadir/user/libraries/IBusBM/examples/Ibus_diy_servo_STM32/Ibus_diy_servo_STM32.ino: In function &#39;void setup()&#39;:
/home/ec2-user/arduino-testlib/cli-datadir/user/libraries/IBusBM/examples/Ibus_diy_servo_STM32/Ibus_diy_servo_STM32.ino:65:37: error: cannot bind non-const lvalue reference of type &#39;int&amp;&#39; to an rvalue of type &#39;int&#39;
   IBUS.begin(Serial1, IBUSBM_NOTIMER);                                              // Start Ibus connection on serial1 without timer, call IBUS.loop() in Millisecond loop.
                                     ^
In file included from /home/ec2-user/arduino-testlib/cli-datadir/data/packages/arduino/hardware/samd/1.8.12/variants/mkrwifi1010/variant.h:165:0,
                 from /home/ec2-user/arduino-testlib/cli-datadir/data/packages/arduino/hardware/samd/1.8.12/cores/arduino/Arduino.h:51,
                 from /tmp/arduino-sketch-79D09FD0B27D3F3F09BA404B412DBAF5/sketch/Ibus_diy_servo_STM32.ino.cpp:1:
/home/ec2-user/arduino-testlib/cli-datadir/data/packages/arduino/hardware/samd/1.8.12/cores/arduino/Uart.h:49:5: note:   after user-defined conversion: virtual Uart::operator bool()
     operator bool() { return true; }
     ^~~~~~~~
In file included from /home/ec2-user/arduino-testlib/cli-datadir/user/libraries/IBusBM/examples/Ibus_diy_servo_STM32/Ibus_diy_servo_STM32.ino:20:0:
/home/ec2-user/arduino-testlib/cli-datadir/user/libraries/IBusBM/src/IBusBM.h:43:8: note:   initializing argument 1 of &#39;void IBusBM::begin(int&amp;, int8_t, int8_t, int8_t)&#39;
   void begin(HardwareSerial &amp;serial, int8_t timerid=0, int8_t rxPin=-1, int8_t txPin=-1);
        ^~~~~
Multiple libraries were found for &#34;PID_v1.h&#34;
  Used: /home/ec2-user/arduino-testlib/cli-datadir/user/libraries/PreMo_-_Virtual_Path_Following
  Not used: /home/ec2-user/arduino-testlib/cli-datadir/user/libraries/PID
</pre>
					
					<h4>examples/Ibus_multimonitor</h4>
					<p>
						Result: <b>FAIL</b>
					</p>
					<pre class="pre-scrollable">WARNING: library IBusBM claims to run on avr, esp32, stm32, mbed architecture(s) and may be incompatible with your current board which runs on samd architecture(s).
In file included from /home/ec2-user/arduino-testlib/cli-datadir/user/libraries/IBusBM/examples/Ibus_multimonitor/Ibus_multimonitor.ino:1:0:
/home/ec2-user/arduino-testlib/cli-datadir/user/libraries/IBusBM/src/IBusBM.h:43:14: error: reference to &#39;HardwareSerial&#39; is ambiguous
   void begin(HardwareSerial &amp;serial, int8_t timerid=0, int8_t rxPin=-1, int8_t txPin=-1);
              ^~~~~~~~~~~~~~
/home/ec2-user/arduino-testlib/cli-datadir/user/libraries/IBusBM/src/IBusBM.h:36:7: note: candidates are: class HardwareSerial
 class HardwareSerial;
       ^~~~~~~~~~~~~~
In file included from /home/ec2-user/arduino-testlib/cli-datadir/data/packages/arduino/hardware/samd/1.8.12/cores/arduino/Uart.h:21:0,
                 from /home/ec2-user/arduino-testlib/cli-datadir/data/packages/arduino/hardware/samd/1.8.12/variants/mkrwifi1010/variant.h:165,
                 from /home/ec2-user/arduino-testlib/cli-datadir/data/packages/arduino/hardware/samd/1.8.12/cores/arduino/Arduino.h:51,
                 from /tmp/arduino-sketch-CAB6959010A4E35E74E5CF299A1E9497/sketch/Ibus_multimonitor.ino.cpp:1:
/home/ec2-user/arduino-testlib/cli-datadir/data/packages/arduino/hardware/samd/1.8.12/cores/arduino/api/HardwareSerial.h:87:7: note:                 class arduino::HardwareSerial
 class HardwareSerial : public Stream
       ^~~~~~~~~~~~~~
In file included from /home/ec2-user/arduino-testlib/cli-datadir/user/libraries/IBusBM/examples/Ibus_multimonitor/Ibus_multimonitor.ino:1:0:
/home/ec2-user/arduino-testlib/cli-datadir/user/libraries/IBusBM/src/IBusBM.h:43:14: error: &#39;HardwareSerial&#39; has not been declared
   void begin(HardwareSerial &amp;serial, int8_t timerid=0, int8_t rxPin=-1, int8_t txPin=-1);
              ^~~~~~~~~~~~~~
/home/ec2-user/arduino-testlib/cli-datadir/user/libraries/IBusBM/src/IBusBM.h:68:3: error: reference to &#39;HardwareSerial&#39; is ambiguous
   HardwareSerial *stream;           // serial port
   ^~~~~~~~~~~~~~
/home/ec2-user/arduino-testlib/cli-datadir/user/libraries/IBusBM/src/IBusBM.h:36:7: note: candidates are: class HardwareSerial
 class HardwareSerial;
       ^~~~~~~~~~~~~~
In file included from /home/ec2-user/arduino-testlib/cli-datadir/data/packages/arduino/hardware/samd/1.8.12/cores/arduino/Uart.h:21:0,
                 from /home/ec2-user/arduino-testlib/cli-datadir/data/packages/arduino/hardware/samd/1.8.12/variants/mkrwifi1010/variant.h:165,
                 from /home/ec2-user/arduino-testlib/cli-datadir/data/packages/arduino/hardware/samd/1.8.12/cores/arduino/Arduino.h:51,
                 from /tmp/arduino-sketch-CAB6959010A4E35E74E5CF299A1E9497/sketch/Ibus_multimonitor.ino.cpp:1:
/home/ec2-user/arduino-testlib/cli-datadir/data/packages/arduino/hardware/samd/1.8.12/cores/arduino/api/HardwareSerial.h:87:7: note:                 class arduino::HardwareSerial
 class HardwareSerial : public Stream
       ^~~~~~~~~~~~~~
/home/ec2-user/arduino-testlib/cli-datadir/user/libraries/IBusBM/examples/Ibus_multimonitor/Ibus_multimonitor.ino: In function &#39;void setup()&#39;:
/home/ec2-user/arduino-testlib/cli-datadir/user/libraries/IBusBM/examples/Ibus_multimonitor/Ibus_multimonitor.ino:40:26: error: cannot bind non-const lvalue reference of type &#39;int&amp;&#39; to an rvalue of type &#39;int&#39;
   IBusServo.begin(Serial1);
                          ^
In file included from /home/ec2-user/arduino-testlib/cli-datadir/data/packages/arduino/hardware/samd/1.8.12/variants/mkrwifi1010/variant.h:165:0,
                 from /home/ec2-user/arduino-testlib/cli-datadir/data/packages/arduino/hardware/samd/1.8.12/cores/arduino/Arduino.h:51,
                 from /tmp/arduino-sketch-CAB6959010A4E35E74E5CF299A1E9497/sketch/Ibus_multimonitor.ino.cpp:1:
/home/ec2-user/arduino-testlib/cli-datadir/data/packages/arduino/hardware/samd/1.8.12/cores/arduino/Uart.h:49:5: note:   after user-defined conversion: virtual Uart::operator bool()
     operator bool() { return true; }
     ^~~~~~~~
In file included from /home/ec2-user/arduino-testlib/cli-datadir/user/libraries/IBusBM/examples/Ibus_multimonitor/Ibus_multimonitor.ino:1:0:
/home/ec2-user/arduino-testlib/cli-datadir/user/libraries/IBusBM/src/IBusBM.h:43:8: note:   initializing argument 1 of &#39;void IBusBM::begin(int&amp;, int8_t, int8_t, int8_t)&#39;
   void begin(HardwareSerial &amp;serial, int8_t timerid=0, int8_t rxPin=-1, int8_t txPin=-1);
        ^~~~~
/home/ec2-user/arduino-testlib/cli-datadir/user/libraries/IBusBM/examples/Ibus_multimonitor/Ibus_multimonitor.ino:45:27: error: cannot bind non-const lvalue reference of type &#39;int&amp;&#39; to an rvalue of type &#39;int&#39;
   IBusSensor.begin(Serial2);
                           ^
In file included from /home/ec2-user/arduino-testlib/cli-datadir/data/packages/arduino/hardware/samd/1.8.12/variants/mkrwifi1010/variant.h:165:0,
                 from /home/ec2-user/arduino-testlib/cli-datadir/data/packages/arduino/hardware/samd/1.8.12/cores/arduino/Arduino.h:51,
                 from /tmp/arduino-sketch-CAB6959010A4E35E74E5CF299A1E9497/sketch/Ibus_multimonitor.ino.cpp:1:
/home/ec2-user/arduino-testlib/cli-datadir/data/packages/arduino/hardware/samd/1.8.12/cores/arduino/Uart.h:49:5: note:   after user-defined conversion: virtual Uart::operator bool()
     operator bool() { return true; }
     ^~~~~~~~
In file included from /home/ec2-user/arduino-testlib/cli-datadir/user/libraries/IBusBM/examples/Ibus_multimonitor/Ibus_multimonitor.ino:1:0:
/home/ec2-user/arduino-testlib/cli-datadir/user/libraries/IBusBM/src/IBusBM.h:43:8: note:   initializing argument 1 of &#39;void IBusBM::begin(int&amp;, int8_t, int8_t, int8_t)&#39;
   void begin(HardwareSerial &amp;serial, int8_t timerid=0, int8_t rxPin=-1, int8_t txPin=-1);
        ^~~~~

</pre>
					
					<h4>examples/Ibus_sensor</h4>
					<p>
						Result: <b>FAIL</b>
					</p>
					<pre class="pre-scrollable">WARNING: library IBusBM claims to run on avr, esp32, stm32, mbed architecture(s) and may be incompatible with your current board which runs on samd architecture(s).
In file included from /home/ec2-user/arduino-testlib/cli-datadir/user/libraries/IBusBM/examples/Ibus_sensor/Ibus_sensor.ino:1:0:
/home/ec2-user/arduino-testlib/cli-datadir/user/libraries/IBusBM/src/IBusBM.h:43:14: error: reference to &#39;HardwareSerial&#39; is ambiguous
   void begin(HardwareSerial &amp;serial, int8_t timerid=0, int8_t rxPin=-1, int8_t txPin=-1);
              ^~~~~~~~~~~~~~
/home/ec2-user/arduino-testlib/cli-datadir/user/libraries/IBusBM/src/IBusBM.h:36:7: note: candidates are: class HardwareSerial
 class HardwareSerial;
       ^~~~~~~~~~~~~~
In file included from /home/ec2-user/arduino-testlib/cli-datadir/data/packages/arduino/hardware/samd/1.8.12/cores/arduino/Uart.h:21:0,
                 from /home/ec2-user/arduino-testlib/cli-datadir/data/packages/arduino/hardware/samd/1.8.12/variants/mkrwifi1010/variant.h:165,
                 from /home/ec2-user/arduino-testlib/cli-datadir/data/packages/arduino/hardware/samd/1.8.12/cores/arduino/Arduino.h:51,
                 from /tmp/arduino-sketch-31F12B31C5CA8270135439A10F80053F/sketch/Ibus_sensor.ino.cpp:1:
/home/ec2-user/arduino-testlib/cli-datadir/data/packages/arduino/hardware/samd/1.8.12/cores/arduino/api/HardwareSerial.h:87:7: note:                 class arduino::HardwareSerial
 class HardwareSerial : public Stream
       ^~~~~~~~~~~~~~
In file included from /home/ec2-user/arduino-testlib/cli-datadir/user/libraries/IBusBM/examples/Ibus_sensor/Ibus_sensor.ino:1:0:
/home/ec2-user/arduino-testlib/cli-datadir/user/libraries/IBusBM/src/IBusBM.h:43:14: error: &#39;HardwareSerial&#39; has not been declared
   void begin(HardwareSerial &amp;serial, int8_t timerid=0, int8_t rxPin=-1, int8_t txPin=-1);
              ^~~~~~~~~~~~~~
/home/ec2-user/arduino-testlib/cli-datadir/user/libraries/IBusBM/src/IBusBM.h:68:3: error: reference to &#39;HardwareSerial&#39; is ambiguous
   HardwareSerial *stream;           // serial port
   ^~~~~~~~~~~~~~
/home/ec2-user/arduino-testlib/cli-datadir/user/libraries/IBusBM/src/IBusBM.h:36:7: note: candidates are: class HardwareSerial
 class HardwareSerial;
       ^~~~~~~~~~~~~~
In file included from /home/ec2-user/arduino-testlib/cli-datadir/data/packages/arduino/hardware/samd/1.8.12/cores/arduino/Uart.h:21:0,
                 from /home/ec2-user/arduino-testlib/cli-datadir/data/packages/arduino/hardware/samd/1.8.12/variants/mkrwifi1010/variant.h:165,
                 from /home/ec2-user/arduino-testlib/cli-datadir/data/packages/arduino/hardware/samd/1.8.12/cores/arduino/Arduino.h:51,
                 from /tmp/arduino-sketch-31F12B31C5CA8270135439A10F80053F/sketch/Ibus_sensor.ino.cpp:1:
/home/ec2-user/arduino-testlib/cli-datadir/data/packages/arduino/hardware/samd/1.8.12/cores/arduino/api/HardwareSerial.h:87:7: note:                 class arduino::HardwareSerial
 class HardwareSerial : public Stream
       ^~~~~~~~~~~~~~
/home/ec2-user/arduino-testlib/cli-datadir/user/libraries/IBusBM/examples/Ibus_sensor/Ibus_sensor.ino: In function &#39;void setup()&#39;:
/home/ec2-user/arduino-testlib/cli-datadir/user/libraries/IBusBM/examples/Ibus_sensor/Ibus_sensor.ino:29:21: error: cannot bind non-const lvalue reference of type &#39;int&amp;&#39; to an rvalue of type &#39;int&#39;
   IBus.begin(Serial1);
                     ^
In file included from /home/ec2-user/arduino-testlib/cli-datadir/data/packages/arduino/hardware/samd/1.8.12/variants/mkrwifi1010/variant.h:165:0,
                 from /home/ec2-user/arduino-testlib/cli-datadir/data/packages/arduino/hardware/samd/1.8.12/cores/arduino/Arduino.h:51,
                 from /tmp/arduino-sketch-31F12B31C5CA8270135439A10F80053F/sketch/Ibus_sensor.ino.cpp:1:
/home/ec2-user/arduino-testlib/cli-datadir/data/packages/arduino/hardware/samd/1.8.12/cores/arduino/Uart.h:49:5: note:   after user-defined conversion: virtual Uart::operator bool()
     operator bool() { return true; }
     ^~~~~~~~
In file included from /home/ec2-user/arduino-testlib/cli-datadir/user/libraries/IBusBM/examples/Ibus_sensor/Ibus_sensor.ino:1:0:
/home/ec2-user/arduino-testlib/cli-datadir/user/libraries/IBusBM/src/IBusBM.h:43:8: note:   initializing argument 1 of &#39;void IBusBM::begin(int&amp;, int8_t, int8_t, int8_t)&#39;
   void begin(HardwareSerial &amp;serial, int8_t timerid=0, int8_t rxPin=-1, int8_t txPin=-1);
        ^~~~~

</pre>
					
					<h4>examples/Ibus_singlemonitor</h4>
					<p>
						Result: <b>FAIL</b>
					</p>
					<pre class="pre-scrollable">WARNING: library IBusBM claims to run on avr, esp32, stm32, mbed architecture(s) and may be incompatible with your current board which runs on samd architecture(s).
In file included from /home/ec2-user/arduino-testlib/cli-datadir/user/libraries/IBusBM/examples/Ibus_singlemonitor/Ibus_singlemonitor.ino:1:0:
/home/ec2-user/arduino-testlib/cli-datadir/user/libraries/IBusBM/src/IBusBM.h:43:14: error: reference to &#39;HardwareSerial&#39; is ambiguous
   void begin(HardwareSerial &amp;serial, int8_t timerid=0, int8_t rxPin=-1, int8_t txPin=-1);
              ^~~~~~~~~~~~~~
/home/ec2-user/arduino-testlib/cli-datadir/user/libraries/IBusBM/src/IBusBM.h:36:7: note: candidates are: class HardwareSerial
 class HardwareSerial;
       ^~~~~~~~~~~~~~
In file included from /home/ec2-user/arduino-testlib/cli-datadir/data/packages/arduino/hardware/samd/1.8.12/cores/arduino/Uart.h:21:0,
                 from /home/ec2-user/arduino-testlib/cli-datadir/data/packages/arduino/hardware/samd/1.8.12/variants/mkrwifi1010/variant.h:165,
                 from /home/ec2-user/arduino-testlib/cli-datadir/data/packages/arduino/hardware/samd/1.8.12/cores/arduino/Arduino.h:51,
                 from /tmp/arduino-sketch-DE09D24359E1B5A97570F587935FC22B/sketch/Ibus_singlemonitor.ino.cpp:1:
/home/ec2-user/arduino-testlib/cli-datadir/data/packages/arduino/hardware/samd/1.8.12/cores/arduino/api/HardwareSerial.h:87:7: note:                 class arduino::HardwareSerial
 class HardwareSerial : public Stream
       ^~~~~~~~~~~~~~
In file included from /home/ec2-user/arduino-testlib/cli-datadir/user/libraries/IBusBM/examples/Ibus_singlemonitor/Ibus_singlemonitor.ino:1:0:
/home/ec2-user/arduino-testlib/cli-datadir/user/libraries/IBusBM/src/IBusBM.h:43:14: error: &#39;HardwareSerial&#39; has not been declared
   void begin(HardwareSerial &amp;serial, int8_t timerid=0, int8_t rxPin=-1, int8_t txPin=-1);
              ^~~~~~~~~~~~~~
/home/ec2-user/arduino-testlib/cli-datadir/user/libraries/IBusBM/src/IBusBM.h:68:3: error: reference to &#39;HardwareSerial&#39; is ambiguous
   HardwareSerial *stream;           // serial port
   ^~~~~~~~~~~~~~
/home/ec2-user/arduino-testlib/cli-datadir/user/libraries/IBusBM/src/IBusBM.h:36:7: note: candidates are: class HardwareSerial
 class HardwareSerial;
       ^~~~~~~~~~~~~~
In file included from /home/ec2-user/arduino-testlib/cli-datadir/data/packages/arduino/hardware/samd/1.8.12/cores/arduino/Uart.h:21:0,
                 from /home/ec2-user/arduino-testlib/cli-datadir/data/packages/arduino/hardware/samd/1.8.12/variants/mkrwifi1010/variant.h:165,
                 from /home/ec2-user/arduino-testlib/cli-datadir/data/packages/arduino/hardware/samd/1.8.12/cores/arduino/Arduino.h:51,
                 from /tmp/arduino-sketch-DE09D24359E1B5A97570F587935FC22B/sketch/Ibus_singlemonitor.ino.cpp:1:
/home/ec2-user/arduino-testlib/cli-datadir/data/packages/arduino/hardware/samd/1.8.12/cores/arduino/api/HardwareSerial.h:87:7: note:                 class arduino::HardwareSerial
 class HardwareSerial : public Stream
       ^~~~~~~~~~~~~~
/home/ec2-user/arduino-testlib/cli-datadir/user/libraries/IBusBM/examples/Ibus_singlemonitor/Ibus_singlemonitor.ino: In function &#39;void setup()&#39;:
/home/ec2-user/arduino-testlib/cli-datadir/user/libraries/IBusBM/examples/Ibus_singlemonitor/Ibus_singlemonitor.ino:35:21: error: cannot bind non-const lvalue reference of type &#39;int&amp;&#39; to an rvalue of type &#39;int&#39;
   IBus.begin(Serial1);
                     ^
In file included from /home/ec2-user/arduino-testlib/cli-datadir/data/packages/arduino/hardware/samd/1.8.12/variants/mkrwifi1010/variant.h:165:0,
                 from /home/ec2-user/arduino-testlib/cli-datadir/data/packages/arduino/hardware/samd/1.8.12/cores/arduino/Arduino.h:51,
                 from /tmp/arduino-sketch-DE09D24359E1B5A97570F587935FC22B/sketch/Ibus_singlemonitor.ino.cpp:1:
/home/ec2-user/arduino-testlib/cli-datadir/data/packages/arduino/hardware/samd/1.8.12/cores/arduino/Uart.h:49:5: note:   after user-defined conversion: virtual Uart::operator bool()
     operator bool() { return true; }
     ^~~~~~~~
In file included from /home/ec2-user/arduino-testlib/cli-datadir/user/libraries/IBusBM/examples/Ibus_singlemonitor/Ibus_singlemonitor.ino:1:0:
/home/ec2-user/arduino-testlib/cli-datadir/user/libraries/IBusBM/src/IBusBM.h:43:8: note:   initializing argument 1 of &#39;void IBusBM::begin(int&amp;, int8_t, int8_t, int8_t)&#39;
   void begin(HardwareSerial &amp;serial, int8_t timerid=0, int8_t rxPin=-1, int8_t txPin=-1);
        ^~~~~

</pre>
					
					<h4>examples/Robotcar</h4>
					<p>
						Result: <b>FAIL</b>
					</p>
					<pre class="pre-scrollable">WARNING: library VNH3SP30 claims to run on avr, esp32, stm32 architecture(s) and may be incompatible with your current board which runs on samd architecture(s).
WARNING: library IBusBM claims to run on avr, esp32, stm32, mbed architecture(s) and may be incompatible with your current board which runs on samd architecture(s).
In file included from /home/ec2-user/arduino-testlib/cli-datadir/user/libraries/IBusBM/examples/Robotcar/Robotcar.ino:50:0:
/home/ec2-user/arduino-testlib/cli-datadir/user/libraries/IBusBM/src/IBusBM.h:43:14: error: reference to &#39;HardwareSerial&#39; is ambiguous
   void begin(HardwareSerial &amp;serial, int8_t timerid=0, int8_t rxPin=-1, int8_t txPin=-1);
              ^~~~~~~~~~~~~~
/home/ec2-user/arduino-testlib/cli-datadir/user/libraries/IBusBM/src/IBusBM.h:36:7: note: candidates are: class HardwareSerial
 class HardwareSerial;
       ^~~~~~~~~~~~~~
In file included from /home/ec2-user/arduino-testlib/cli-datadir/data/packages/arduino/hardware/samd/1.8.12/cores/arduino/Uart.h:21:0,
                 from /home/ec2-user/arduino-testlib/cli-datadir/data/packages/arduino/hardware/samd/1.8.12/variants/mkrwifi1010/variant.h:165,
                 from /home/ec2-user/arduino-testlib/cli-datadir/data/packages/arduino/hardware/samd/1.8.12/cores/arduino/Arduino.h:51,
                 from /tmp/arduino-sketch-6A70F2C79CDA5C21129D6D595BD6381D/sketch/Robotcar.ino.cpp:1:
/home/ec2-user/arduino-testlib/cli-datadir/data/packages/arduino/hardware/samd/1.8.12/cores/arduino/api/HardwareSerial.h:87:7: note:                 class arduino::HardwareSerial
 class HardwareSerial : public Stream
       ^~~~~~~~~~~~~~
In file included from /home/ec2-user/arduino-testlib/cli-datadir/user/libraries/IBusBM/examples/Robotcar/Robotcar.ino:50:0:
/home/ec2-user/arduino-testlib/cli-datadir/user/libraries/IBusBM/src/IBusBM.h:43:14: error: &#39;HardwareSerial&#39; has not been declared
   void begin(HardwareSerial &amp;serial, int8_t timerid=0, int8_t rxPin=-1, int8_t txPin=-1);
              ^~~~~~~~~~~~~~
/home/ec2-user/arduino-testlib/cli-datadir/user/libraries/IBusBM/src/IBusBM.h:68:3: error: reference to &#39;HardwareSerial&#39; is ambiguous
   HardwareSerial *stream;           // serial port
   ^~~~~~~~~~~~~~
/home/ec2-user/arduino-testlib/cli-datadir/user/libraries/IBusBM/src/IBusBM.h:36:7: note: candidates are: class HardwareSerial
 class HardwareSerial;
       ^~~~~~~~~~~~~~
In file included from /home/ec2-user/arduino-testlib/cli-datadir/data/packages/arduino/hardware/samd/1.8.12/cores/arduino/Uart.h:21:0,
                 from /home/ec2-user/arduino-testlib/cli-datadir/data/packages/arduino/hardware/samd/1.8.12/variants/mkrwifi1010/variant.h:165,
                 from /home/ec2-user/arduino-testlib/cli-datadir/data/packages/arduino/hardware/samd/1.8.12/cores/arduino/Arduino.h:51,
                 from /tmp/arduino-sketch-6A70F2C79CDA5C21129D6D595BD6381D/sketch/Robotcar.ino.cpp:1:
/home/ec2-user/arduino-testlib/cli-datadir/data/packages/arduino/hardware/samd/1.8.12/cores/arduino/api/HardwareSerial.h:87:7: note:                 class arduino::HardwareSerial
 class HardwareSerial : public Stream
       ^~~~~~~~~~~~~~
/home/ec2-user/arduino-testlib/cli-datadir/user/libraries/IBusBM/examples/Robotcar/Robotcar.ino: In function &#39;void setup()&#39;:
/home/ec2-user/arduino-testlib/cli-datadir/user/libraries/IBusBM/examples/Robotcar/Robotcar.ino:77:21: error: cannot bind non-const lvalue reference of type &#39;int&amp;&#39; to an rvalue of type &#39;int&#39;
   IBus.begin(Serial1);    // iBUS connected to Serial1: 19 (RX) and 18 (TX)
                     ^
In file included from /home/ec2-user/arduino-testlib/cli-datadir/data/packages/arduino/hardware/samd/1.8.12/variants/mkrwifi1010/variant.h:165:0,
                 from /home/ec2-user/arduino-testlib/cli-datadir/data/packages/arduino/hardware/samd/1.8.12/cores/arduino/Arduino.h:51,
                 from /tmp/arduino-sketch-6A70F2C79CDA5C21129D6D595BD6381D/sketch/Robotcar.ino.cpp:1:
/home/ec2-user/arduino-testlib/cli-datadir/data/packages/arduino/hardware/samd/1.8.12/cores/arduino/Uart.h:49:5: note:   after user-defined conversion: virtual Uart::operator bool()
     operator bool() { return true; }
     ^~~~~~~~
In file included from /home/ec2-user/arduino-testlib/cli-datadir/user/libraries/IBusBM/examples/Robotcar/Robotcar.ino:50:0:
/home/ec2-user/arduino-testlib/cli-datadir/user/libraries/IBusBM/src/IBusBM.h:43:8: note:   initializing argument 1 of &#39;void IBusBM::begin(int&amp;, int8_t, int8_t, int8_t)&#39;
   void begin(HardwareSerial &amp;serial, int8_t timerid=0, int8_t rxPin=-1, int8_t txPin=-1);
        ^~~~~

</pre>
					
				
				<h3 id="esp32:esp32:d1_mini32">esp32:esp32:d1_mini32 @ 1.0.6</h3>
				<h4>Inclusion</h4>
				<p>
					Result: <b>PASS</b>
					
				</p>
				<pre class="pre-scrollable">Sketch uses 200414 bytes (15%) of program storage space. Maximum is 1310720 bytes.
Global variables use 13192 bytes (4%) of dynamic memory, leaving 314488 bytes for local variables. Maximum is 327680 bytes.
</pre>

					
					<h4>examples/Ibus2PWM</h4>
					<p>
						Result: <b>PASS</b>
					</p>
					<pre class="pre-scrollable">Sketch uses 208710 bytes (15%) of program storage space. Maximum is 1310720 bytes.
Global variables use 13744 bytes (4%) of dynamic memory, leaving 313936 bytes for local variables. Maximum is 327680 bytes.
</pre>
					
					<h4>examples/Ibus2PWM_ESP32</h4>
					<p>
						Result: <b>PASS</b>
					</p>
					<pre class="pre-scrollable">Sketch uses 212978 bytes (16%) of program storage space. Maximum is 1310720 bytes.
Global variables use 13896 bytes (4%) of dynamic memory, leaving 313784 bytes for local variables. Maximum is 327680 bytes.
</pre>
					
					<h4>examples/Ibus2PWM_mbed</h4>
					<p>
						Result: <b>PASS</b>
					</p>
					<pre class="pre-scrollable">Sketch uses 208750 bytes (15%) of program storage space. Maximum is 1310720 bytes.
Global variables use 13744 bytes (4%) of dynamic memory, leaving 313936 bytes for local variables. Maximum is 327680 bytes.
</pre>
					
					<h4>examples/Ibus_diy_servo_STM32</h4>
					<p>
						Result: <b>FAIL</b>
					</p>
					<pre class="pre-scrollable">/home/ec2-user/arduino-testlib/cli-datadir/user/libraries/IBusBM/examples/Ibus_diy_servo_STM32/Ibus_diy_servo_STM32.ino:26:17: error: &#39;PB6&#39; was not declared in this scope
 byte LPWM_pin = PB6;                                                                // Drive Left  PWM output pin
                 ^
/home/ec2-user/arduino-testlib/cli-datadir/user/libraries/IBusBM/examples/Ibus_diy_servo_STM32/Ibus_diy_servo_STM32.ino:27:17: error: &#39;PB7&#39; was not declared in this scope
 byte RPWM_pin = PB7;                                                                // Drive Right PWM output pin
                 ^
/home/ec2-user/arduino-testlib/cli-datadir/user/libraries/IBusBM/examples/Ibus_diy_servo_STM32/Ibus_diy_servo_STM32.ino: In function &#39;void loop()&#39;:
/home/ec2-user/arduino-testlib/cli-datadir/user/libraries/IBusBM/examples/Ibus_diy_servo_STM32/Ibus_diy_servo_STM32.ino:97:32: error: &#39;analogWrite&#39; was not declared in this scope
         analogWrite(LPWM_pin, 0);
                                ^
/home/ec2-user/arduino-testlib/cli-datadir/user/libraries/IBusBM/examples/Ibus_diy_servo_STM32/Ibus_diy_servo_STM32.ino:125:34: error: &#39;analogWrite&#39; was not declared in this scope
           analogWrite(RPWM_pin, 0);                                                 // Disable RPWM_pin
                                  ^
/home/ec2-user/arduino-testlib/cli-datadir/user/libraries/IBusBM/examples/Ibus_diy_servo_STM32/Ibus_diy_servo_STM32.ino:130:34: error: &#39;analogWrite&#39; was not declared in this scope
           analogWrite(LPWM_pin, 0);                                                 // Disable LPWM_pin
                                  ^
Multiple libraries were found for &#34;PID_v1.h&#34;
  Used: /home/ec2-user/arduino-testlib/cli-datadir/user/libraries/PreMo_-_Virtual_Path_Following
  Not used: /home/ec2-user/arduino-testlib/cli-datadir/user/libraries/PID
</pre>
					
					<h4>examples/Ibus_multimonitor</h4>
					<p>
						Result: <b>PASS</b>
					</p>
					<pre class="pre-scrollable">Sketch uses 207010 bytes (15%) of program storage space. Maximum is 1310720 bytes.
Global variables use 13856 bytes (4%) of dynamic memory, leaving 313824 bytes for local variables. Maximum is 327680 bytes.
</pre>
					
					<h4>examples/Ibus_sensor</h4>
					<p>
						Result: <b>PASS</b>
					</p>
					<pre class="pre-scrollable">Sketch uses 207330 bytes (15%) of program storage space. Maximum is 1310720 bytes.
Global variables use 13688 bytes (4%) of dynamic memory, leaving 313992 bytes for local variables. Maximum is 327680 bytes.
</pre>
					
					<h4>examples/Ibus_singlemonitor</h4>
					<p>
						Result: <b>PASS</b>
					</p>
					<pre class="pre-scrollable">Sketch uses 206978 bytes (15%) of program storage space. Maximum is 1310720 bytes.
Global variables use 13688 bytes (4%) of dynamic memory, leaving 313992 bytes for local variables. Maximum is 327680 bytes.
</pre>
					
					<h4>examples/Robotcar</h4>
					<p>
						Result: <b>PASS</b>
					</p>
					<pre class="pre-scrollable">Sketch uses 211270 bytes (16%) of program storage space. Maximum is 1310720 bytes.
Global variables use 13888 bytes (4%) of dynamic memory, leaving 313792 bytes for local variables. Maximum is 327680 bytes.
</pre>
					
				
			</div>
		</div>
	</div>
  </body>
</html>
