
<!doctype html>
<html lang="en">
  <head>
    <meta charset="utf-8">
    <meta name="viewport" content="width=device-width, initial-scale=1">
    <link href="https://cdn.jsdelivr.net/npm/bootstrap@5.0.2/dist/css/bootstrap.min.css" rel="stylesheet" integrity="sha384-EVSTQN3/azprG1Anm3QDgpJLIm9Nao0Yz1ztcQTwFspd3yD65VohhpuuCOmLASjC" crossorigin="anonymous">
    <title>arduino-testlib report</title>
	<style>
	.pass { background-color: #00FF00 !important; }
	.fail { background-color: #FF0000 !important; }
	</style>
  </head>
  <body>
	<div class="container">
		<div class="row">
			<div class="col">
				<h1>ICOM 746 CAT Control - compatibility matrix</h1>
				<p>
					<small>This report was generated on Wednesday, 23-Feb-22 22:48:15 CET using 
					<a href="https://github.com/alranel/arduino-testlib">arduino-testlib</a>.</small>
				</p>

				<h2>ICOM 746 CAT Control</h2>
				<p>
					Version: <b>1.0.2</b>
					<br />
					<a href="https://www.arduino.cc/reference/en/libraries/icom-746-cat-control/">More details</a>
				</p>

				<h2>Compatibility matrix</h2>
				<table class="table table-bordered">
					<tr>
						<th>Board</th>
						<th>Claims compatibility</th>
						<th>Inclusion</th>
						
						<th><pre>IC746-Example</pre></th>
						
					</tr>
					
					<tr>
						<td>
							<a href="#arduino%3aavr%3auno"><b>arduino:avr:uno</b></a>
							<br />
							<small>1.8.4</small>
						</td>

						
						
						
							<td>Yes ⚠️</td>
							<td class="fail">FAIL</td>
						
						

						
							
								
									
										
											
											<td class="fail">FAIL</td>
										
									
								
							
								
							
								
							
								
							
								
							
						
					</tr>
					
					<tr>
						<td>
							<a href="#arduino%3ambed_nano%3ananorp2040connect"><b>arduino:mbed_nano:nanorp2040connect</b></a>
							<br />
							<small>2.7.2</small>
						</td>

						
						
						
							<td>Yes ⚠️</td>
							<td class="fail">FAIL</td>
						
						

						
							
								
							
								
									
										
											
											<td class="fail">FAIL</td>
										
									
								
							
								
							
								
							
								
							
						
					</tr>
					
					<tr>
						<td>
							<a href="#arduino%3amegaavr%3anona4809"><b>arduino:megaavr:nona4809</b></a>
							<br />
							<small>1.8.7</small>
						</td>

						
						
						
							<td>Yes ⚠️</td>
							<td class="fail">FAIL</td>
						
						

						
							
								
							
								
							
								
									
										
											
											<td class="fail">FAIL</td>
										
									
								
							
								
							
								
							
						
					</tr>
					
					<tr>
						<td>
							<a href="#arduino%3asamd%3amkrwifi1010"><b>arduino:samd:mkrwifi1010</b></a>
							<br />
							<small>1.8.12</small>
						</td>

						
						
						
							<td>Yes ⚠️</td>
							<td class="fail">FAIL</td>
						
						

						
							
								
							
								
							
								
							
								
									
										
											
											<td class="fail">FAIL</td>
										
									
								
							
								
							
						
					</tr>
					
					<tr>
						<td>
							<a href="#esp32%3aesp32%3ad1_mini32"><b>esp32:esp32:d1_mini32</b></a>
							<br />
							<small>1.0.6</small>
						</td>

						
						
						
							<td>Yes ⚠️</td>
							<td class="fail">FAIL</td>
						
						

						
							
								
							
								
							
								
							
								
							
								
									
										
											
											<td class="fail">FAIL</td>
										
									
								
							
						
					</tr>
					
				</table>

				<h2>Compilation logs</h2>
				
				<h3 id="arduino:avr:uno">arduino:avr:uno @ 1.8.4</h3>
				<h4>Inclusion</h4>
				<p>
					Result: <b>FAIL</b>
					
					<br />This library has no main header file so an empty one was created.
					
				</p>
				<pre class="pre-scrollable">/tmp/arduino-testlib2979039646/test/test.ino:1:10: fatal error: ICOM_746_CAT_Control.h: No such file or directory
 #include &lt;ICOM_746_CAT_Control.h&gt;
          ^~~~~~~~~~~~~~~~~~~~~~~~
compilation terminated.

</pre>

					
					<h4>examples/IC746-Example</h4>
					<p>
						Result: <b>FAIL</b>
					</p>
					<pre class="pre-scrollable">/home/ec2-user/arduino-testlib/cli-datadir/user/libraries/ICOM_746_CAT_Control/IC746.cpp:3:6: error: too many decimal points in number
    V1.0.2 12/17/2021
      ^~~~
/home/ec2-user/arduino-testlib/cli-datadir/user/libraries/ICOM_746_CAT_Control/IC746.cpp:6:6: error: too many decimal points in number
    V1.0.1 2/3/2021
      ^~~~
/home/ec2-user/arduino-testlib/cli-datadir/user/libraries/ICOM_746_CAT_Control/IC746.cpp:12:70: error: stray &#39;@&#39; in program
    Inspired by:  ft857d CAT Library, by Pavel Milanes, CO7WT, pavelmc@gmail.com
                                                                      ^
/home/ec2-user/arduino-testlib/cli-datadir/user/libraries/ICOM_746_CAT_Control/IC746.cpp:2:10: error: expected constructor, destructor, or type conversion before &#39;CAT&#39;
    IC746 CAT Library, by KK4DAS, Dean Souleles
          ^~~
/home/ec2-user/arduino-testlib/cli-datadir/user/libraries/ICOM_746_CAT_Control/IC746.cpp:22:30: error: &#39;without&#39; does not name a type; did you mean &#39;stdout&#39;?
    but WITHOUT ANY WARRANTY; without even the implied warranty of
                              ^~~~~~~
                              stdout
In file included from /home/ec2-user/arduino-testlib/cli-datadir/data/packages/arduino/hardware/avr/1.8.4/cores/arduino/Arduino.h:23:0,
                 from /home/ec2-user/arduino-testlib/cli-datadir/user/libraries/ICOM_746_CAT_Control/IC746.cpp:31:
/home/ec2-user/arduino-testlib/cli-datadir/data/packages/arduino/tools/avr-gcc/7.3.0-atmel3.6.1-arduino7/avr/include/stdlib.h:153:61: error: &#39;size_t&#39; has not been declared
 extern void *bsearch(const void *__key, const void *__base, size_t __nmemb,
                                                             ^~~~~~
/home/ec2-user/arduino-testlib/cli-datadir/data/packages/arduino/tools/avr-gcc/7.3.0-atmel3.6.1-arduino7/avr/include/stdlib.h:154:8: error: &#39;size_t&#39; has not been declared
        size_t __size, int (*__compar)(const void *, const void *));
        ^~~~~~
/home/ec2-user/arduino-testlib/cli-datadir/data/packages/arduino/tools/avr-gcc/7.3.0-atmel3.6.1-arduino7/avr/include/stdlib.h:185:33: error: &#39;size_t&#39; has not been declared
 extern void qsort(void *__base, size_t __nmemb, size_t __size,
                                 ^~~~~~
/home/ec2-user/arduino-testlib/cli-datadir/data/packages/arduino/tools/avr-gcc/7.3.0-atmel3.6.1-arduino7/avr/include/stdlib.h:185:49: error: &#39;size_t&#39; has not been declared
 extern void qsort(void *__base, size_t __nmemb, size_t __size,
                                                 ^~~~~~
/home/ec2-user/arduino-testlib/cli-datadir/data/packages/arduino/tools/avr-gcc/7.3.0-atmel3.6.1-arduino7/avr/include/stdlib.h:300:21: error: &#39;size_t&#39; was not declared in this scope
 extern void *malloc(size_t __size) __ATTR_MALLOC__;
                     ^~~~~~
/home/ec2-user/arduino-testlib/cli-datadir/data/packages/arduino/tools/avr-gcc/7.3.0-atmel3.6.1-arduino7/avr/include/stdlib.h:300:21: note: suggested alternative: &#39;__size_t&#39;
 extern void *malloc(size_t __size) __ATTR_MALLOC__;
                     ^~~~~~
                     __size_t
/home/ec2-user/arduino-testlib/cli-datadir/data/packages/arduino/tools/avr-gcc/7.3.0-atmel3.6.1-arduino7/avr/include/stdlib.h:312:8: error: &#39;size_t&#39; does not name a type; did you mean &#39;__size_t&#39;?
 extern size_t __malloc_margin;
        ^~~~~~
        __size_t
/home/ec2-user/arduino-testlib/cli-datadir/data/packages/arduino/tools/avr-gcc/7.3.0-atmel3.6.1-arduino7/avr/include/stdlib.h:329:21: error: &#39;size_t&#39; was not declared in this scope
 extern void *calloc(size_t __nele, size_t __size) __ATTR_MALLOC__;
                     ^~~~~~
/home/ec2-user/arduino-testlib/cli-datadir/data/packages/arduino/tools/avr-gcc/7.3.0-atmel3.6.1-arduino7/avr/include/stdlib.h:329:21: note: suggested alternative: &#39;__size_t&#39;
 extern void *calloc(size_t __nele, size_t __size) __ATTR_MALLOC__;
                     ^~~~~~
                     __size_t
/home/ec2-user/arduino-testlib/cli-datadir/data/packages/arduino/tools/avr-gcc/7.3.0-atmel3.6.1-arduino7/avr/include/stdlib.h:329:36: error: &#39;size_t&#39; was not declared in this scope
 extern void *calloc(size_t __nele, size_t __size) __ATTR_MALLOC__;
                                    ^~~~~~
/home/ec2-user/arduino-testlib/cli-datadir/data/packages/arduino/tools/avr-gcc/7.3.0-atmel3.6.1-arduino7/avr/include/stdlib.h:329:36: note: suggested alternative: &#39;__size_t&#39;
 extern void *calloc(size_t __nele, size_t __size) __ATTR_MALLOC__;
                                    ^~~~~~
                                    __size_t
/home/ec2-user/arduino-testlib/cli-datadir/data/packages/arduino/tools/avr-gcc/7.3.0-atmel3.6.1-arduino7/avr/include/stdlib.h:348:35: error: &#39;size_t&#39; has not been declared
 extern void *realloc(void *__ptr, size_t __size) __ATTR_MALLOC__;
                                   ^~~~~~
In file included from /home/ec2-user/arduino-testlib/cli-datadir/data/packages/arduino/hardware/avr/1.8.4/cores/arduino/Arduino.h:25:0,
                 from /home/ec2-user/arduino-testlib/cli-datadir/user/libraries/ICOM_746_CAT_Control/IC746.cpp:31:
/home/ec2-user/arduino-testlib/cli-datadir/data/packages/arduino/tools/avr-gcc/7.3.0-atmel3.6.1-arduino7/avr/include/string.h:150:49: error: &#39;size_t&#39; has not been declared
 extern void *memccpy(void *, const void *, int, size_t);
                                                 ^~~~~~
/home/ec2-user/arduino-testlib/cli-datadir/data/packages/arduino/tools/avr-gcc/7.3.0-atmel3.6.1-arduino7/avr/include/string.h:162:40: error: &#39;size_t&#39; has not been declared
 extern void *memchr(const void *, int, size_t) __ATTR_PURE__;
                                        ^~~~~~
/home/ec2-user/arduino-testlib/cli-datadir/data/packages/arduino/tools/avr-gcc/7.3.0-atmel3.6.1-arduino7/avr/include/string.h:180:47: error: &#39;size_t&#39; has not been declared
 extern int memcmp(const void *, const void *, size_t) __ATTR_PURE__;
                                               ^~~~~~
/home/ec2-user/arduino-testlib/cli-datadir/data/packages/arduino/tools/avr-gcc/7.3.0-atmel3.6.1-arduino7/avr/include/string.h:191:43: error: &#39;size_t&#39; has not been declared
 extern void *memcpy(void *, const void *, size_t);
                                           ^~~~~~
/home/ec2-user/arduino-testlib/cli-datadir/data/packages/arduino/tools/avr-gcc/7.3.0-atmel3.6.1-arduino7/avr/include/string.h:203:35: error: &#39;size_t&#39; has not been declared
 extern void *memmem(const void *, size_t, const void *, size_t) __ATTR_PURE__;
                                   ^~~~~~
/home/ec2-user/arduino-testlib/cli-datadir/data/packages/arduino/tools/avr-gcc/7.3.0-atmel3.6.1-arduino7/avr/include/string.h:203:57: error: &#39;size_t&#39; has not been declared
 extern void *memmem(const void *, size_t, const void *, size_t) __ATTR_PURE__;
                                                         ^~~~~~
/home/ec2-user/arduino-testlib/cli-datadir/data/packages/arduino/tools/avr-gcc/7.3.0-atmel3.6.1-arduino7/avr/include/string.h:213:44: error: &#39;size_t&#39; has not been declared
 extern void *memmove(void *, const void *, size_t);
                                            ^~~~~~
/home/ec2-user/arduino-testlib/cli-datadir/data/packages/arduino/tools/avr-gcc/7.3.0-atmel3.6.1-arduino7/avr/include/string.h:225:41: error: &#39;size_t&#39; has not been declared
 extern void *memrchr(const void *, int, size_t) __ATTR_PURE__;
                                         ^~~~~~
/home/ec2-user/arduino-testlib/cli-datadir/data/packages/arduino/tools/avr-gcc/7.3.0-atmel3.6.1-arduino7/avr/include/string.h:235:34: error: &#39;size_t&#39; has not been declared
 extern void *memset(void *, int, size_t);
                                  ^~~~~~
/home/ec2-user/arduino-testlib/cli-datadir/data/packages/arduino/tools/avr-gcc/7.3.0-atmel3.6.1-arduino7/avr/include/string.h:344:8: error: &#39;size_t&#39; does not name a type; did you mean &#39;__size_t&#39;?
 extern size_t strcspn(const char *__s, const char *__reject) __ATTR_PURE__;
        ^~~~~~
        __size_t
/home/ec2-user/arduino-testlib/cli-datadir/data/packages/arduino/tools/avr-gcc/7.3.0-atmel3.6.1-arduino7/avr/include/string.h:377:8: error: &#39;size_t&#39; does not name a type; did you mean &#39;__size_t&#39;?
 extern size_t strlcat(char *, const char *, size_t);
        ^~~~~~
        __size_t
/home/ec2-user/arduino-testlib/cli-datadir/data/packages/arduino/tools/avr-gcc/7.3.0-atmel3.6.1-arduino7/avr/include/string.h:388:8: error: &#39;size_t&#39; does not name a type; did you mean &#39;__size_t&#39;?
 extern size_t strlcpy(char *, const char *, size_t);
        ^~~~~~
        __size_t
/home/ec2-user/arduino-testlib/cli-datadir/data/packages/arduino/tools/avr-gcc/7.3.0-atmel3.6.1-arduino7/avr/include/string.h:399:8: error: &#39;size_t&#39; does not name a type; did you mean &#39;__size_t&#39;?
 extern size_t strlen(const char *) __ATTR_PURE__;
        ^~~~~~
        __size_t
/home/ec2-user/arduino-testlib/cli-datadir/data/packages/arduino/tools/avr-gcc/7.3.0-atmel3.6.1-arduino7/avr/include/string.h:422:44: error: &#39;size_t&#39; has not been declared
 extern char *strncat(char *, const char *, size_t);
                                            ^~~~~~
/home/ec2-user/arduino-testlib/cli-datadir/data/packages/arduino/tools/avr-gcc/7.3.0-atmel3.6.1-arduino7/avr/include/string.h:434:48: error: &#39;size_t&#39; has not been declared
 extern int strncmp(const char *, const char *, size_t) __ATTR_PURE__;
                                                ^~~~~~
/home/ec2-user/arduino-testlib/cli-datadir/data/packages/arduino/tools/avr-gcc/7.3.0-atmel3.6.1-arduino7/avr/include/string.h:449:44: error: &#39;size_t&#39; has not been declared
 extern char *strncpy(char *, const char *, size_t);
                                            ^~~~~~
/home/ec2-user/arduino-testlib/cli-datadir/data/packages/arduino/tools/avr-gcc/7.3.0-atmel3.6.1-arduino7/avr/include/string.h:464:52: error: &#39;size_t&#39; has not been declared
 extern int strncasecmp(const char *, const char *, size_t) __ATTR_PURE__;
                                                    ^~~~~~
/home/ec2-user/arduino-testlib/cli-datadir/data/packages/</pre>
					
				
				<h3 id="arduino:mbed_nano:nanorp2040connect">arduino:mbed_nano:nanorp2040connect @ 2.7.2</h3>
				<h4>Inclusion</h4>
				<p>
					Result: <b>FAIL</b>
					
					<br />This library has no main header file so an empty one was created.
					
				</p>
				<pre class="pre-scrollable">/tmp/arduino-testlib3819562828/test/test.ino:1:10: fatal error: ICOM_746_CAT_Control.h: No such file or directory
 #include &lt;ICOM_746_CAT_Control.h&gt;
          ^~~~~~~~~~~~~~~~~~~~~~~~
compilation terminated.

</pre>

					
					<h4>examples/IC746-Example</h4>
					<p>
						Result: <b>FAIL</b>
					</p>
					<pre class="pre-scrollable">/home/ec2-user/arduino-testlib/cli-datadir/user/libraries/ICOM_746_CAT_Control/IC746.cpp:3:6: error: too many decimal points in number
    V1.0.2 12/17/2021
      ^~~~
/home/ec2-user/arduino-testlib/cli-datadir/user/libraries/ICOM_746_CAT_Control/IC746.cpp:6:6: error: too many decimal points in number
    V1.0.1 2/3/2021
      ^~~~
/home/ec2-user/arduino-testlib/cli-datadir/user/libraries/ICOM_746_CAT_Control/IC746.cpp:12:70: error: stray &#39;@&#39; in program
    Inspired by:  ft857d CAT Library, by Pavel Milanes, CO7WT, pavelmc@gmail.com
                                                                      ^
/home/ec2-user/arduino-testlib/cli-datadir/user/libraries/ICOM_746_CAT_Control/IC746.cpp:2:10: error: expected constructor, destructor, or type conversion before &#39;CAT&#39;
    IC746 CAT Library, by KK4DAS, Dean Souleles
          ^~~
/home/ec2-user/arduino-testlib/cli-datadir/user/libraries/ICOM_746_CAT_Control/IC746.cpp:22:30: error: &#39;without&#39; does not name a type; did you mean &#39;stdout&#39;?
    but WITHOUT ANY WARRANTY; without even the implied warranty of
                              ^~~~~~~
                              stdout
In file included from /home/ec2-user/arduino-testlib/cli-datadir/data/packages/arduino/hardware/mbed_nano/2.7.2/cores/arduino/mbed/targets/TARGET_RASPBERRYPI/TARGET_RP2040/PeripheralNames.h:20:0,
                 from /home/ec2-user/arduino-testlib/cli-datadir/data/packages/arduino/hardware/mbed_nano/2.7.2/variants/NANO_RP2040_CONNECT/pinmode_arduino.h:24,
                 from /home/ec2-user/arduino-testlib/cli-datadir/data/packages/arduino/hardware/mbed_nano/2.7.2/cores/arduino/Arduino.h:26,
                 from /home/ec2-user/arduino-testlib/cli-datadir/user/libraries/ICOM_746_CAT_Control/IC746.cpp:31:
/home/ec2-user/arduino-testlib/cli-datadir/data/packages/arduino/hardware/mbed_nano/2.7.2/cores/arduino/mbed/targets/TARGET_RASPBERRYPI/TARGET_RP2040/cmsis.h:40:3: error: &#39;IRQn_Type&#39; does not name a type
 } IRQn_Type;
   ^~~~~~~~~
In file included from /home/ec2-user/arduino-testlib/cli-datadir/data/packages/arduino/hardware/mbed_nano/2.7.2/cores/arduino/mbed/targets/TARGET_RASPBERRYPI/TARGET_RP2040/cmsis.h:55:0,
                 from /home/ec2-user/arduino-testlib/cli-datadir/data/packages/arduino/hardware/mbed_nano/2.7.2/cores/arduino/mbed/targets/TARGET_RASPBERRYPI/TARGET_RP2040/PeripheralNames.h:20,
                 from /home/ec2-user/arduino-testlib/cli-datadir/data/packages/arduino/hardware/mbed_nano/2.7.2/variants/NANO_RP2040_CONNECT/pinmode_arduino.h:24,
                 from /home/ec2-user/arduino-testlib/cli-datadir/data/packages/arduino/hardware/mbed_nano/2.7.2/cores/arduino/Arduino.h:26,
                 from /home/ec2-user/arduino-testlib/cli-datadir/user/libraries/ICOM_746_CAT_Control/IC746.cpp:31:
/home/ec2-user/arduino-testlib/cli-datadir/data/packages/arduino/hardware/mbed_nano/2.7.2/cores/arduino/mbed/cmsis/CMSIS_5/CMSIS/TARGET_CORTEX_M/Include/core_cm0plus.h:741:39: error: variable or field &#39;__NVIC_EnableIRQ&#39; declared void
 __STATIC_INLINE void __NVIC_EnableIRQ(IRQn_Type IRQn)
                                       ^~~~~~~~~
/home/ec2-user/arduino-testlib/cli-datadir/data/packages/arduino/hardware/mbed_nano/2.7.2/cores/arduino/mbed/cmsis/CMSIS_5/CMSIS/TARGET_CORTEX_M/Include/core_cm0plus.h:741:39: error: &#39;IRQn_Type&#39; was not declared in this scope
/home/ec2-user/arduino-testlib/cli-datadir/data/packages/arduino/hardware/mbed_nano/2.7.2/cores/arduino/mbed/cmsis/CMSIS_5/CMSIS/TARGET_CORTEX_M/Include/core_cm0plus.h:741:39: note: suggested alternative: &#39;IPSR_Type&#39;
 __STATIC_INLINE void __NVIC_EnableIRQ(IRQn_Type IRQn)
                                       ^~~~~~~~~
                                       IPSR_Type
/home/ec2-user/arduino-testlib/cli-datadir/data/packages/arduino/hardware/mbed_nano/2.7.2/cores/arduino/mbed/cmsis/CMSIS_5/CMSIS/TARGET_CORTEX_M/Include/core_cm0plus.h:760:46: error: &#39;IRQn_Type&#39; was not declared in this scope
 __STATIC_INLINE uint32_t __NVIC_GetEnableIRQ(IRQn_Type IRQn)
                                              ^~~~~~~~~
/home/ec2-user/arduino-testlib/cli-datadir/data/packages/arduino/hardware/mbed_nano/2.7.2/cores/arduino/mbed/cmsis/CMSIS_5/CMSIS/TARGET_CORTEX_M/Include/core_cm0plus.h:760:46: note: suggested alternative: &#39;IPSR_Type&#39;
 __STATIC_INLINE uint32_t __NVIC_GetEnableIRQ(IRQn_Type IRQn)
                                              ^~~~~~~~~
                                              IPSR_Type
/home/ec2-user/arduino-testlib/cli-datadir/data/packages/arduino/hardware/mbed_nano/2.7.2/cores/arduino/mbed/cmsis/CMSIS_5/CMSIS/TARGET_CORTEX_M/Include/core_cm0plus.h:779:40: error: variable or field &#39;__NVIC_DisableIRQ&#39; declared void
 __STATIC_INLINE void __NVIC_DisableIRQ(IRQn_Type IRQn)
                                        ^~~~~~~~~
/home/ec2-user/arduino-testlib/cli-datadir/data/packages/arduino/hardware/mbed_nano/2.7.2/cores/arduino/mbed/cmsis/CMSIS_5/CMSIS/TARGET_CORTEX_M/Include/core_cm0plus.h:779:40: error: &#39;IRQn_Type&#39; was not declared in this scope
/home/ec2-user/arduino-testlib/cli-datadir/data/packages/arduino/hardware/mbed_nano/2.7.2/cores/arduino/mbed/cmsis/CMSIS_5/CMSIS/TARGET_CORTEX_M/Include/core_cm0plus.h:779:40: note: suggested alternative: &#39;IPSR_Type&#39;
 __STATIC_INLINE void __NVIC_DisableIRQ(IRQn_Type IRQn)
                                        ^~~~~~~~~
                                        IPSR_Type
/home/ec2-user/arduino-testlib/cli-datadir/data/packages/arduino/hardware/mbed_nano/2.7.2/cores/arduino/mbed/cmsis/CMSIS_5/CMSIS/TARGET_CORTEX_M/Include/core_cm0plus.h:798:47: error: &#39;IRQn_Type&#39; was not declared in this scope
 __STATIC_INLINE uint32_t __NVIC_GetPendingIRQ(IRQn_Type IRQn)
                                               ^~~~~~~~~
/home/ec2-user/arduino-testlib/cli-datadir/data/packages/arduino/hardware/mbed_nano/2.7.2/cores/arduino/mbed/cmsis/CMSIS_5/CMSIS/TARGET_CORTEX_M/Include/core_cm0plus.h:798:47: note: suggested alternative: &#39;IPSR_Type&#39;
 __STATIC_INLINE uint32_t __NVIC_GetPendingIRQ(IRQn_Type IRQn)
                                               ^~~~~~~~~
                                               IPSR_Type
/home/ec2-user/arduino-testlib/cli-datadir/data/packages/arduino/hardware/mbed_nano/2.7.2/cores/arduino/mbed/cmsis/CMSIS_5/CMSIS/TARGET_CORTEX_M/Include/core_cm0plus.h:817:43: error: variable or field &#39;__NVIC_SetPendingIRQ&#39; declared void
 __STATIC_INLINE void __NVIC_SetPendingIRQ(IRQn_Type IRQn)
                                           ^~~~~~~~~
/home/ec2-user/arduino-testlib/cli-datadir/data/packages/arduino/hardware/mbed_nano/2.7.2/cores/arduino/mbed/cmsis/CMSIS_5/CMSIS/TARGET_CORTEX_M/Include/core_cm0plus.h:817:43: error: &#39;IRQn_Type&#39; was not declared in this scope
/home/ec2-user/arduino-testlib/cli-datadir/data/packages/arduino/hardware/mbed_nano/2.7.2/cores/arduino/mbed/cmsis/CMSIS_5/CMSIS/TARGET_CORTEX_M/Include/core_cm0plus.h:817:43: note: suggested alternative: &#39;IPSR_Type&#39;
 __STATIC_INLINE void __NVIC_SetPendingIRQ(IRQn_Type IRQn)
                                           ^~~~~~~~~
                                           IPSR_Type
/home/ec2-user/arduino-testlib/cli-datadir/data/packages/arduino/hardware/mbed_nano/2.7.2/cores/arduino/mbed/cmsis/CMSIS_5/CMSIS/TARGET_CORTEX_M/Include/core_cm0plus.h:832:45: error: variable or field &#39;__NVIC_ClearPendingIRQ&#39; declared void
 __STATIC_INLINE void __NVIC_ClearPendingIRQ(IRQn_Type IRQn)
                                             ^~~~~~~~~
/home/ec2-user/arduino-testlib/cli-datadir/data/packages/arduino/hardware/mbed_nano/2.7.2/cores/arduino/mbed/cmsis/CMSIS_5/CMSIS/TARGET_CORTEX_M/Include/core_cm0plus.h:832:45: error: &#39;IRQn_Type&#39; was not declared in this scope
/home/ec2-user/arduino-testlib/cli-datadir/data/packages/arduino/hardware/mbed_nano/2.7.2/cores/arduino/mbed/cmsis/CMSIS_5/CMSIS/TARGET_CORTEX_M/Include/core_cm0plus.h:832:45: note: suggested alternative: &#39;IPSR_Type&#39;
 __STATIC_INLINE void __NVIC_ClearPendingIRQ(IRQn_Type IRQn)
                                             ^~~~~~~~~
                                             IPSR_Type
/home/ec2-user/arduino-testlib/cli-datadir/data/packages/arduino/hardware/mbed_nano/2.7.2/cores/arduino/mbed/cmsis/CMSIS_5/CMSIS/TARGET_CORTEX_M/Include/core_cm0plus.h:850:41: error: variable or field &#39;__NVIC_SetPriority&#39; declared void
 __STATIC_INLINE void __NVIC_SetPriority(IRQn_Type IRQn, uint32_t priority)
                                         ^~~~~~~~~
/home/ec2-user/arduino-testlib/cli-datadir/data/packages/arduino/hardware/mbed_nano/2.7.2/cores/arduino/mbed/cmsis/CMSIS_5/CMSIS/TARGET_CORTEX_M/Include/core_cm0plus.h:850:41: error: &#39;IRQn_Type&#39; was not declared in this scope
/home/ec2-user/arduino-testlib/cli-datadir/data/packages/arduino/hardware/mbed_nano/2.7.2/cores/arduino/mbed/cmsis/CMSIS_5/CMSIS/TARGET_CORTEX_M/Include/core_cm0plus.h:850:41: note: suggested alternative: &#39;IPSR_Type&#39;
 __STATIC_INLINE void __NVIC_SetPriority(IRQn_Type IRQn, uint32_t priority)
                                         ^~~~~~~~~
                                         IPSR_Type
/home/ec2-user/arduino-testlib/cli-datadir/data/packages/arduino/hardware/mbed_nano/2.7.2/cores/arduino/mbed/cmsis/CMSIS_5/CMSIS/TARGET_CORTEX_M/Include/core_cm0plus.h:850:66: error: expected primary-expression before &#39;priority&#39;
 __STATIC_INLINE void __NVIC_SetPriority(IRQn_Type IRQn, uint32_t priority)
                                                                  ^~~~~~~~
/home/ec2-user/arduino-testlib/cli-datadir/data/packages/arduino/hardware/mbed_nano/2.7.2/cores/arduino/mbed/cmsis/CMSIS_5/CMSIS/TARGET_CORTEX_M/Include/core_cm0plus.h:874:45: error: &#39;IRQn_Type&#39; was not declared in this scope
 __STATIC_INLINE uint32_t __NVIC_GetPriority(IRQn_Type IRQn)
                                             ^~~~~~~~~
/home/ec2-user/arduino-testlib/cli-datadir/data/packages/arduino/hardware/mbed_nano/2.7.2/cores/arduino/mbed/cmsis/CMSIS_5/CMSIS/TARGET_CORTEX_M/Include/core_cm0plus.h:874:45: note: suggested alternative: &#39;IPSR_Type&#39;
 __STATIC_I</pre>
					
				
				<h3 id="arduino:megaavr:nona4809">arduino:megaavr:nona4809 @ 1.8.7</h3>
				<h4>Inclusion</h4>
				<p>
					Result: <b>FAIL</b>
					
					<br />This library has no main header file so an empty one was created.
					
				</p>
				<pre class="pre-scrollable">/tmp/arduino-testlib3819562828/test/test.ino:1:10: fatal error: ICOM_746_CAT_Control.h: No such file or directory
 #include &lt;ICOM_746_CAT_Control.h&gt;
          ^~~~~~~~~~~~~~~~~~~~~~~~
compilation terminated.

</pre>

					
					<h4>examples/IC746-Example</h4>
					<p>
						Result: <b>FAIL</b>
					</p>
					<pre class="pre-scrollable">/home/ec2-user/arduino-testlib/cli-datadir/user/libraries/ICOM_746_CAT_Control/IC746.cpp:3:6: error: too many decimal points in number
    V1.0.2 12/17/2021
      ^~~~
/home/ec2-user/arduino-testlib/cli-datadir/user/libraries/ICOM_746_CAT_Control/IC746.cpp:6:6: error: too many decimal points in number
    V1.0.1 2/3/2021
      ^~~~
/home/ec2-user/arduino-testlib/cli-datadir/user/libraries/ICOM_746_CAT_Control/IC746.cpp:12:70: error: stray &#39;@&#39; in program
    Inspired by:  ft857d CAT Library, by Pavel Milanes, CO7WT, pavelmc@gmail.com
                                                                      ^
/home/ec2-user/arduino-testlib/cli-datadir/user/libraries/ICOM_746_CAT_Control/IC746.cpp:2:10: error: expected constructor, destructor, or type conversion before &#39;CAT&#39;
    IC746 CAT Library, by KK4DAS, Dean Souleles
          ^~~
/home/ec2-user/arduino-testlib/cli-datadir/user/libraries/ICOM_746_CAT_Control/IC746.cpp:22:30: error: &#39;without&#39; does not name a type; did you mean &#39;stdout&#39;?
    but WITHOUT ANY WARRANTY; without even the implied warranty of
                              ^~~~~~~
                              stdout

</pre>
					
				
				<h3 id="arduino:samd:mkrwifi1010">arduino:samd:mkrwifi1010 @ 1.8.12</h3>
				<h4>Inclusion</h4>
				<p>
					Result: <b>FAIL</b>
					
					<br />This library has no main header file so an empty one was created.
					
				</p>
				<pre class="pre-scrollable">/tmp/arduino-testlib2979039646/test/test.ino:1:10: fatal error: ICOM_746_CAT_Control.h: No such file or directory
 #include &lt;ICOM_746_CAT_Control.h&gt;
          ^~~~~~~~~~~~~~~~~~~~~~~~
compilation terminated.

</pre>

					
					<h4>examples/IC746-Example</h4>
					<p>
						Result: <b>FAIL</b>
					</p>
					<pre class="pre-scrollable">/home/ec2-user/arduino-testlib/cli-datadir/user/libraries/ICOM_746_CAT_Control/IC746.cpp:3:6: error: too many decimal points in number
    V1.0.2 12/17/2021
      ^~~~
/home/ec2-user/arduino-testlib/cli-datadir/user/libraries/ICOM_746_CAT_Control/IC746.cpp:6:6: error: too many decimal points in number
    V1.0.1 2/3/2021
      ^~~~
/home/ec2-user/arduino-testlib/cli-datadir/user/libraries/ICOM_746_CAT_Control/IC746.cpp:12:70: error: stray &#39;@&#39; in program
    Inspired by:  ft857d CAT Library, by Pavel Milanes, CO7WT, pavelmc@gmail.com
                                                                      ^
/home/ec2-user/arduino-testlib/cli-datadir/user/libraries/ICOM_746_CAT_Control/IC746.cpp:2:10: error: expected constructor, destructor, or type conversion before &#39;CAT&#39;
    IC746 CAT Library, by KK4DAS, Dean Souleles
          ^~~
/home/ec2-user/arduino-testlib/cli-datadir/user/libraries/ICOM_746_CAT_Control/IC746.cpp:22:30: error: &#39;without&#39; does not name a type; did you mean &#39;stdout&#39;?
    but WITHOUT ANY WARRANTY; without even the implied warranty of
                              ^~~~~~~
                              stdout

</pre>
					
				
				<h3 id="esp32:esp32:d1_mini32">esp32:esp32:d1_mini32 @ 1.0.6</h3>
				<h4>Inclusion</h4>
				<p>
					Result: <b>FAIL</b>
					
					<br />This library has no main header file so an empty one was created.
					
				</p>
				<pre class="pre-scrollable">/tmp/arduino-testlib3819562828/test/test.ino:1:34: fatal error: ICOM_746_CAT_Control.h: No such file or directory
compilation terminated.

</pre>

					
					<h4>examples/IC746-Example</h4>
					<p>
						Result: <b>FAIL</b>
					</p>
					<pre class="pre-scrollable">/home/ec2-user/arduino-testlib/cli-datadir/user/libraries/ICOM_746_CAT_Control/IC746.cpp:3:6: error: too many decimal points in number
    V1.0.2 12/17/2021
      ^
/home/ec2-user/arduino-testlib/cli-datadir/user/libraries/ICOM_746_CAT_Control/IC746.cpp:6:6: error: too many decimal points in number
    V1.0.1 2/3/2021
      ^
/home/ec2-user/arduino-testlib/cli-datadir/user/libraries/ICOM_746_CAT_Control/IC746.cpp:12:70: error: stray &#39;@&#39; in program
    Inspired by:  ft857d CAT Library, by Pavel Milanes, CO7WT, pavelmc@gmail.com
                                                                      ^
/home/ec2-user/arduino-testlib/cli-datadir/user/libraries/ICOM_746_CAT_Control/IC746.cpp:2:10: error: expected constructor, destructor, or type conversion before &#39;CAT&#39;
    IC746 CAT Library, by KK4DAS, Dean Souleles
          ^
/home/ec2-user/arduino-testlib/cli-datadir/user/libraries/ICOM_746_CAT_Control/IC746.cpp:22:30: error: &#39;without&#39; does not name a type
    but WITHOUT ANY WARRANTY; without even the implied warranty of
                              ^

</pre>
					
				
			</div>
		</div>
	</div>
  </body>
</html>
