
<!doctype html>
<html lang="en">
  <head>
    <meta charset="utf-8">
    <meta name="viewport" content="width=device-width, initial-scale=1">
    <link href="https://cdn.jsdelivr.net/npm/bootstrap@5.0.2/dist/css/bootstrap.min.css" rel="stylesheet" integrity="sha384-EVSTQN3/azprG1Anm3QDgpJLIm9Nao0Yz1ztcQTwFspd3yD65VohhpuuCOmLASjC" crossorigin="anonymous">
    <title>arduino-testlib report</title>
	<style>
	.pass { background-color: #00FF00 !important; }
	.fail { background-color: #FF0000 !important; }
	</style>
  </head>
  <body>
	<div class="container">
		<div class="row">
			<div class="col">
				<h1>IFX007T-Motor-Control - compatibility matrix</h1>
				<p>
					<small>This report was generated on Monday, 21-Feb-22 12:00:25 CET using 
					<a href="https://github.com/alranel/arduino-testlib">arduino-testlib</a>.</small>
				</p>

				<h2>IFX007T-Motor-Control</h2>
				<p>
					Version: <b>1.1.0</b>
					<br />
					<a href="https://www.arduino.cc/reference/en/libraries/ifx007t-motor-control/">More details</a>
				</p>

				<h2>Compatibility matrix</h2>
				<table class="table table-bordered">
					<tr>
						<th>Board</th>
						<th>Claims compatibility</th>
						<th>Inclusion</th>
						
						<th><pre>IFX007_BLDC_BEMF</pre></th>
						
						<th><pre>BLDC_Find_Polepairs</pre></th>
						
						<th><pre>BLDC_HALL</pre></th>
						
						<th><pre>For_H_bridge</pre></th>
						
						<th><pre>For_half_bridge</pre></th>
						
					</tr>
					
					<tr>
						<td>
							<a href="#arduino%3aavr%3auno"><b>arduino:avr:uno</b></a>
							<br />
							<small>1.8.4</small>
						</td>

						
							<td>Yes</td>
							<td class="pass">PASS</td>
						
						
						
						

						
							
								
									
										
									
										
									
										
									
										
									
										
											<td class="pass">PASS</td>
											
										
									
								
							
								
							
								
							
								
							
								
							
						
							
								
									
										
											<td class="pass">PASS</td>
											
										
									
										
									
										
									
										
									
										
									
								
							
								
							
								
							
								
							
								
							
						
							
								
									
										
									
										
											<td class="pass">PASS</td>
											
										
									
										
									
										
									
										
									
								
							
								
							
								
							
								
							
								
							
						
							
								
									
										
									
										
									
										
											<td class="pass">PASS</td>
											
										
									
										
									
										
									
								
							
								
							
								
							
								
							
								
							
						
							
								
									
										
									
										
									
										
									
										
											<td class="pass">PASS</td>
											
										
									
										
									
								
							
								
							
								
							
								
							
								
							
						
					</tr>
					
					<tr>
						<td>
							<a href="#arduino%3ambed_nano%3ananorp2040connect"><b>arduino:mbed_nano:nanorp2040connect</b></a>
							<br />
							<small>2.7.2</small>
						</td>

						
						
						
							<td>Yes ⚠️</td>
							<td class="fail">FAIL</td>
						
						

						
							
								
							
								
									
										
									
										
									
										
									
										
									
										
											
											<td class="fail">FAIL</td>
										
									
								
							
								
							
								
							
								
							
						
							
								
							
								
									
										
											
											<td class="fail">FAIL</td>
										
									
										
									
										
									
										
									
										
									
								
							
								
							
								
							
								
							
						
							
								
							
								
									
										
									
										
											
											<td class="fail">FAIL</td>
										
									
										
									
										
									
										
									
								
							
								
							
								
							
								
							
						
							
								
							
								
									
										
									
										
									
										
											
											<td class="fail">FAIL</td>
										
									
										
									
										
									
								
							
								
							
								
							
								
							
						
							
								
							
								
									
										
									
										
									
										
									
										
											
											<td class="fail">FAIL</td>
										
									
										
									
								
							
								
							
								
							
								
							
						
					</tr>
					
					<tr>
						<td>
							<a href="#arduino%3amegaavr%3anona4809"><b>arduino:megaavr:nona4809</b></a>
							<br />
							<small>1.8.7</small>
						</td>

						
							<td>Yes</td>
							<td class="pass">PASS</td>
						
						
						
						

						
							
								
							
								
							
								
									
										
									
										
									
										
									
										
									
										
											
											<td class="fail">FAIL</td>
										
									
								
							
								
							
								
							
						
							
								
							
								
							
								
									
										
											
											<td class="fail">FAIL</td>
										
									
										
									
										
									
										
									
										
									
								
							
								
							
								
							
						
							
								
							
								
							
								
									
										
									
										
											
											<td class="fail">FAIL</td>
										
									
										
									
										
									
										
									
								
							
								
							
								
							
						
							
								
							
								
							
								
									
										
									
										
									
										
											
											<td class="fail">FAIL</td>
										
									
										
									
										
									
								
							
								
							
								
							
						
							
								
							
								
							
								
									
										
									
										
									
										
									
										
											
											<td class="fail">FAIL</td>
										
									
										
									
								
							
								
							
								
							
						
					</tr>
					
					<tr>
						<td>
							<a href="#arduino%3asamd%3amkrwifi1010"><b>arduino:samd:mkrwifi1010</b></a>
							<br />
							<small>1.8.12</small>
						</td>

						
							<td>Yes</td>
							<td class="pass">PASS</td>
						
						
						
						

						
							
								
							
								
							
								
							
								
									
										
									
										
									
										
									
										
									
										
											
											<td class="fail">FAIL</td>
										
									
								
							
								
							
						
							
								
							
								
							
								
							
								
									
										
											
											<td class="fail">FAIL</td>
										
									
										
									
										
									
										
									
										
									
								
							
								
							
						
							
								
							
								
							
								
							
								
									
										
									
										
											
											<td class="fail">FAIL</td>
										
									
										
									
										
									
										
									
								
							
								
							
						
							
								
							
								
							
								
							
								
									
										
									
										
									
										
											
											<td class="fail">FAIL</td>
										
									
										
									
										
									
								
							
								
							
						
							
								
							
								
							
								
							
								
									
										
									
										
									
										
									
										
											
											<td class="fail">FAIL</td>
										
									
										
									
								
							
								
							
						
					</tr>
					
					<tr>
						<td>
							<a href="#esp32%3aesp32%3ad1_mini32"><b>esp32:esp32:d1_mini32</b></a>
							<br />
							<small>1.0.6</small>
						</td>

						
						
						
							<td>Yes ⚠️</td>
							<td class="fail">FAIL</td>
						
						

						
							
								
							
								
							
								
							
								
							
								
									
										
									
										
									
										
									
										
									
										
											
											<td class="fail">FAIL</td>
										
									
								
							
						
							
								
							
								
							
								
							
								
							
								
									
										
											
											<td class="fail">FAIL</td>
										
									
										
									
										
									
										
									
										
									
								
							
						
							
								
							
								
							
								
							
								
							
								
									
										
									
										
											
											<td class="fail">FAIL</td>
										
									
										
									
										
									
										
									
								
							
						
							
								
							
								
							
								
							
								
							
								
									
										
									
										
									
										
											
											<td class="fail">FAIL</td>
										
									
										
									
										
									
								
							
						
							
								
							
								
							
								
							
								
							
								
									
										
									
										
									
										
									
										
											
											<td class="fail">FAIL</td>
										
									
										
									
								
							
						
					</tr>
					
				</table>

				<h2>Compilation logs</h2>
				
				<h3 id="arduino:avr:uno">arduino:avr:uno @ 1.8.4</h3>
				<h4>Inclusion</h4>
				<p>
					Result: <b>PASS</b>
					
				</p>
				<pre class="pre-scrollable">Sketch uses 1332 bytes (4%) of program storage space. Maximum is 32256 bytes.
Global variables use 184 bytes (8%) of dynamic memory, leaving 1864 bytes for local variables. Maximum is 2048 bytes.
</pre>

					
					<h4>examples/BLDC_Find_Polepairs</h4>
					<p>
						Result: <b>PASS</b>
					</p>
					<pre class="pre-scrollable">Sketch uses 5066 bytes (15%) of program storage space. Maximum is 32256 bytes.
Global variables use 938 bytes (45%) of dynamic memory, leaving 1110 bytes for local variables. Maximum is 2048 bytes.
</pre>
					
					<h4>examples/BLDC_HALL</h4>
					<p>
						Result: <b>PASS</b>
					</p>
					<pre class="pre-scrollable">Sketch uses 5008 bytes (15%) of program storage space. Maximum is 32256 bytes.
Global variables use 406 bytes (19%) of dynamic memory, leaving 1642 bytes for local variables. Maximum is 2048 bytes.
</pre>
					
					<h4>examples/For_H_bridge</h4>
					<p>
						Result: <b>PASS</b>
					</p>
					<pre class="pre-scrollable">Sketch uses 3150 bytes (9%) of program storage space. Maximum is 32256 bytes.
Global variables use 478 bytes (23%) of dynamic memory, leaving 1570 bytes for local variables. Maximum is 2048 bytes.
</pre>
					
					<h4>examples/For_half_bridge</h4>
					<p>
						Result: <b>PASS</b>
					</p>
					<pre class="pre-scrollable">Sketch uses 2498 bytes (7%) of program storage space. Maximum is 32256 bytes.
Global variables use 360 bytes (17%) of dynamic memory, leaving 1688 bytes for local variables. Maximum is 2048 bytes.
</pre>
					
					<h4>examples/IFX007_BLDC_BEMF</h4>
					<p>
						Result: <b>PASS</b>
					</p>
					<pre class="pre-scrollable">Sketch uses 5816 bytes (18%) of program storage space. Maximum is 32256 bytes.
Global variables use 396 bytes (19%) of dynamic memory, leaving 1652 bytes for local variables. Maximum is 2048 bytes.
</pre>
					
				
				<h3 id="arduino:mbed_nano:nanorp2040connect">arduino:mbed_nano:nanorp2040connect @ 2.7.2</h3>
				<h4>Inclusion</h4>
				<p>
					Result: <b>FAIL</b>
					
				</p>
				<pre class="pre-scrollable">/home/ec2-user/arduino-testlib/cli-datadir/user/libraries/IFX007T-Motor-Control/src/IFX007T-Motor-Control.cpp: In constructor &#39;IFX007TMotorControl::IFX007TMotorControl()&#39;:
/home/ec2-user/arduino-testlib/cli-datadir/user/libraries/IFX007T-Motor-Control/src/IFX007T-Motor-Control.cpp:35:37: error: call to &#39;NinaPin::operator int&#39; declared with attribute error: Change me to a #define
     _PinAssignment[REFVOLTAGE][1] = A4;
                                     ^~
/home/ec2-user/arduino-testlib/cli-datadir/user/libraries/IFX007T-Motor-Control/src/IFX007T-Motor-Control.cpp:36:37: error: call to &#39;NinaPin::operator int&#39; declared with attribute error: Change me to a #define
     _PinAssignment[REFVOLTAGE][2] = A5;
                                     ^~

</pre>

					
					<h4>examples/BLDC_Find_Polepairs</h4>
					<p>
						Result: <b>FAIL</b>
					</p>
					<pre class="pre-scrollable">/home/ec2-user/arduino-testlib/cli-datadir/user/libraries/IFX007T-Motor-Control/src/IFX007T-Motor-Control.cpp: In constructor &#39;IFX007TMotorControl::IFX007TMotorControl()&#39;:
/home/ec2-user/arduino-testlib/cli-datadir/user/libraries/IFX007T-Motor-Control/src/IFX007T-Motor-Control.cpp:35:37: error: call to &#39;NinaPin::operator int&#39; declared with attribute error: Change me to a #define
     _PinAssignment[REFVOLTAGE][1] = A4;
                                     ^~
/home/ec2-user/arduino-testlib/cli-datadir/user/libraries/IFX007T-Motor-Control/src/IFX007T-Motor-Control.cpp:36:37: error: call to &#39;NinaPin::operator int&#39; declared with attribute error: Change me to a #define
     _PinAssignment[REFVOLTAGE][2] = A5;
                                     ^~

</pre>
					
					<h4>examples/BLDC_HALL</h4>
					<p>
						Result: <b>FAIL</b>
					</p>
					<pre class="pre-scrollable">/home/ec2-user/arduino-testlib/cli-datadir/user/libraries/IFX007T-Motor-Control/src/IFX007T-Motor-Control.cpp: In constructor &#39;IFX007TMotorControl::IFX007TMotorControl()&#39;:
/home/ec2-user/arduino-testlib/cli-datadir/user/libraries/IFX007T-Motor-Control/src/IFX007T-Motor-Control.cpp:35:37: error: call to &#39;NinaPin::operator int&#39; declared with attribute error: Change me to a #define
     _PinAssignment[REFVOLTAGE][1] = A4;
                                     ^~
/home/ec2-user/arduino-testlib/cli-datadir/user/libraries/IFX007T-Motor-Control/src/IFX007T-Motor-Control.cpp:36:37: error: call to &#39;NinaPin::operator int&#39; declared with attribute error: Change me to a #define
     _PinAssignment[REFVOLTAGE][2] = A5;
                                     ^~

</pre>
					
					<h4>examples/For_H_bridge</h4>
					<p>
						Result: <b>FAIL</b>
					</p>
					<pre class="pre-scrollable">/home/ec2-user/arduino-testlib/cli-datadir/user/libraries/IFX007T-Motor-Control/src/IFX007T-Motor-Control.cpp: In constructor &#39;IFX007TMotorControl::IFX007TMotorControl()&#39;:
/home/ec2-user/arduino-testlib/cli-datadir/user/libraries/IFX007T-Motor-Control/src/IFX007T-Motor-Control.cpp:35:37: error: call to &#39;NinaPin::operator int&#39; declared with attribute error: Change me to a #define
     _PinAssignment[REFVOLTAGE][1] = A4;
                                     ^~
/home/ec2-user/arduino-testlib/cli-datadir/user/libraries/IFX007T-Motor-Control/src/IFX007T-Motor-Control.cpp:36:37: error: call to &#39;NinaPin::operator int&#39; declared with attribute error: Change me to a #define
     _PinAssignment[REFVOLTAGE][2] = A5;
                                     ^~

</pre>
					
					<h4>examples/For_half_bridge</h4>
					<p>
						Result: <b>FAIL</b>
					</p>
					<pre class="pre-scrollable">/home/ec2-user/arduino-testlib/cli-datadir/user/libraries/IFX007T-Motor-Control/src/IFX007T-Motor-Control.cpp: In constructor &#39;IFX007TMotorControl::IFX007TMotorControl()&#39;:
/home/ec2-user/arduino-testlib/cli-datadir/user/libraries/IFX007T-Motor-Control/src/IFX007T-Motor-Control.cpp:35:37: error: call to &#39;NinaPin::operator int&#39; declared with attribute error: Change me to a #define
     _PinAssignment[REFVOLTAGE][1] = A4;
                                     ^~
/home/ec2-user/arduino-testlib/cli-datadir/user/libraries/IFX007T-Motor-Control/src/IFX007T-Motor-Control.cpp:36:37: error: call to &#39;NinaPin::operator int&#39; declared with attribute error: Change me to a #define
     _PinAssignment[REFVOLTAGE][2] = A5;
                                     ^~

</pre>
					
					<h4>examples/IFX007_BLDC_BEMF</h4>
					<p>
						Result: <b>FAIL</b>
					</p>
					<pre class="pre-scrollable">/home/ec2-user/arduino-testlib/cli-datadir/user/libraries/IFX007T-Motor-Control/src/IFX007T-Motor-Control.cpp: In constructor &#39;IFX007TMotorControl::IFX007TMotorControl()&#39;:
/home/ec2-user/arduino-testlib/cli-datadir/user/libraries/IFX007T-Motor-Control/src/IFX007T-Motor-Control.cpp:35:37: error: call to &#39;NinaPin::operator int&#39; declared with attribute error: Change me to a #define
     _PinAssignment[REFVOLTAGE][1] = A4;
                                     ^~
/home/ec2-user/arduino-testlib/cli-datadir/user/libraries/IFX007T-Motor-Control/src/IFX007T-Motor-Control.cpp:36:37: error: call to &#39;NinaPin::operator int&#39; declared with attribute error: Change me to a #define
     _PinAssignment[REFVOLTAGE][2] = A5;
                                     ^~

</pre>
					
				
				<h3 id="arduino:megaavr:nona4809">arduino:megaavr:nona4809 @ 1.8.7</h3>
				<h4>Inclusion</h4>
				<p>
					Result: <b>PASS</b>
					
				</p>
				<pre class="pre-scrollable">Sketch uses 2614 bytes (5%) of program storage space. Maximum is 49152 bytes.
Global variables use 177 bytes (2%) of dynamic memory, leaving 5967 bytes for local variables. Maximum is 6144 bytes.
</pre>

					
					<h4>examples/BLDC_Find_Polepairs</h4>
					<p>
						Result: <b>FAIL</b>
					</p>
					<pre class="pre-scrollable">/tmp/ccw3hdFk.ltrans0.ltrans.o: In function `begin&#39;:
/home/ec2-user/arduino-testlib/cli-datadir/user/libraries/IFX007T-Motor-Control/src/IFX007T-Motor-Control.cpp:92: undefined reference to `IFX007TMotorControl::setPwmFrequency(unsigned char, unsigned int)&#39;
/home/ec2-user/arduino-testlib/cli-datadir/user/libraries/IFX007T-Motor-Control/src/IFX007T-Motor-Control.cpp:93: undefined reference to `IFX007TMotorControl::setPwmFrequency(unsigned char, unsigned int)&#39;
/home/ec2-user/arduino-testlib/cli-datadir/user/libraries/IFX007T-Motor-Control/src/IFX007T-Motor-Control.cpp:94: undefined reference to `IFX007TMotorControl::setPwmFrequency(unsigned char, unsigned int)&#39;
collect2: error: ld returned 1 exit status

</pre>
					
					<h4>examples/BLDC_HALL</h4>
					<p>
						Result: <b>FAIL</b>
					</p>
					<pre class="pre-scrollable">/tmp/ccQaDo7S.ltrans0.ltrans.o: In function `begin&#39;:
/home/ec2-user/arduino-testlib/cli-datadir/user/libraries/IFX007T-Motor-Control/src/IFX007T-Motor-Control.cpp:92: undefined reference to `IFX007TMotorControl::setPwmFrequency(unsigned char, unsigned int)&#39;
/home/ec2-user/arduino-testlib/cli-datadir/user/libraries/IFX007T-Motor-Control/src/IFX007T-Motor-Control.cpp:93: undefined reference to `IFX007TMotorControl::setPwmFrequency(unsigned char, unsigned int)&#39;
/home/ec2-user/arduino-testlib/cli-datadir/user/libraries/IFX007T-Motor-Control/src/IFX007T-Motor-Control.cpp:94: undefined reference to `IFX007TMotorControl::setPwmFrequency(unsigned char, unsigned int)&#39;
collect2: error: ld returned 1 exit status

</pre>
					
					<h4>examples/For_H_bridge</h4>
					<p>
						Result: <b>FAIL</b>
					</p>
					<pre class="pre-scrollable">/tmp/ccmlL0A3.ltrans0.ltrans.o: In function `begin&#39;:
/home/ec2-user/arduino-testlib/cli-datadir/user/libraries/IFX007T-Motor-Control/src/IFX007T-Motor-Control.cpp:92: undefined reference to `IFX007TMotorControl::setPwmFrequency(unsigned char, unsigned int)&#39;
/home/ec2-user/arduino-testlib/cli-datadir/user/libraries/IFX007T-Motor-Control/src/IFX007T-Motor-Control.cpp:93: undefined reference to `IFX007TMotorControl::setPwmFrequency(unsigned char, unsigned int)&#39;
/home/ec2-user/arduino-testlib/cli-datadir/user/libraries/IFX007T-Motor-Control/src/IFX007T-Motor-Control.cpp:94: undefined reference to `IFX007TMotorControl::setPwmFrequency(unsigned char, unsigned int)&#39;
collect2: error: ld returned 1 exit status

</pre>
					
					<h4>examples/For_half_bridge</h4>
					<p>
						Result: <b>FAIL</b>
					</p>
					<pre class="pre-scrollable">/tmp/ccRQWoHG.ltrans0.ltrans.o: In function `begin&#39;:
/home/ec2-user/arduino-testlib/cli-datadir/user/libraries/IFX007T-Motor-Control/src/IFX007T-Motor-Control.cpp:92: undefined reference to `IFX007TMotorControl::setPwmFrequency(unsigned char, unsigned int)&#39;
/home/ec2-user/arduino-testlib/cli-datadir/user/libraries/IFX007T-Motor-Control/src/IFX007T-Motor-Control.cpp:93: undefined reference to `IFX007TMotorControl::setPwmFrequency(unsigned char, unsigned int)&#39;
/home/ec2-user/arduino-testlib/cli-datadir/user/libraries/IFX007T-Motor-Control/src/IFX007T-Motor-Control.cpp:94: undefined reference to `IFX007TMotorControl::setPwmFrequency(unsigned char, unsigned int)&#39;
collect2: error: ld returned 1 exit status

</pre>
					
					<h4>examples/IFX007_BLDC_BEMF</h4>
					<p>
						Result: <b>FAIL</b>
					</p>
					<pre class="pre-scrollable">/tmp/ccHSJdVt.ltrans0.ltrans.o: In function `begin&#39;:
/home/ec2-user/arduino-testlib/cli-datadir/user/libraries/IFX007T-Motor-Control/src/IFX007T-Motor-Control.cpp:92: undefined reference to `IFX007TMotorControl::setPwmFrequency(unsigned char, unsigned int)&#39;
/home/ec2-user/arduino-testlib/cli-datadir/user/libraries/IFX007T-Motor-Control/src/IFX007T-Motor-Control.cpp:93: undefined reference to `IFX007TMotorControl::setPwmFrequency(unsigned char, unsigned int)&#39;
/home/ec2-user/arduino-testlib/cli-datadir/user/libraries/IFX007T-Motor-Control/src/IFX007T-Motor-Control.cpp:94: undefined reference to `IFX007TMotorControl::setPwmFrequency(unsigned char, unsigned int)&#39;
/tmp/ccHSJdVt.ltrans0.ltrans.o: In function `configureBLDCMotor&#39;:
/home/ec2-user/arduino-testlib/cli-datadir/user/libraries/IFX007T-Motor-Control/src/IFX007T-Motor-Control.cpp:291: undefined reference to `IFX007TMotorControl::setADCspeedFast()&#39;
collect2: error: ld returned 1 exit status

</pre>
					
				
				<h3 id="arduino:samd:mkrwifi1010">arduino:samd:mkrwifi1010 @ 1.8.12</h3>
				<h4>Inclusion</h4>
				<p>
					Result: <b>PASS</b>
					
				</p>
				<pre class="pre-scrollable">Sketch uses 12152 bytes (4%) of program storage space. Maximum is 262144 bytes.
Global variables use 2996 bytes (9%) of dynamic memory, leaving 29772 bytes for local variables. Maximum is 32768 bytes.
</pre>

					
					<h4>examples/BLDC_Find_Polepairs</h4>
					<p>
						Result: <b>FAIL</b>
					</p>
					<pre class="pre-scrollable">/tmp/arduino-sketch-01C831773665F530217FBC3DB2C3B24B/libraries/IFX007T-Motor-Control/IFX007T-Motor-Control.cpp.o: In function `IFX007TMotorControl::begin()&#39;:
/home/ec2-user/arduino-testlib/cli-datadir/user/libraries/IFX007T-Motor-Control/src/IFX007T-Motor-Control.cpp:92: undefined reference to `IFX007TMotorControl::setPwmFrequency(unsigned char, unsigned short)&#39;
/home/ec2-user/arduino-testlib/cli-datadir/user/libraries/IFX007T-Motor-Control/src/IFX007T-Motor-Control.cpp:93: undefined reference to `IFX007TMotorControl::setPwmFrequency(unsigned char, unsigned short)&#39;
/home/ec2-user/arduino-testlib/cli-datadir/user/libraries/IFX007T-Motor-Control/src/IFX007T-Motor-Control.cpp:94: undefined reference to `IFX007TMotorControl::setPwmFrequency(unsigned char, unsigned short)&#39;
/tmp/arduino-sketch-01C831773665F530217FBC3DB2C3B24B/libraries/IFX007T-Motor-Control/IFX007T-Motor-Control.cpp.o: In function `IFX007TMotorControl::configureBLDCMotor(BLDCParameter)&#39;:
/home/ec2-user/arduino-testlib/cli-datadir/user/libraries/IFX007T-Motor-Control/src/IFX007T-Motor-Control.cpp:291: undefined reference to `IFX007TMotorControl::setADCspeedFast()&#39;
collect2: error: ld returned 1 exit status

</pre>
					
					<h4>examples/BLDC_HALL</h4>
					<p>
						Result: <b>FAIL</b>
					</p>
					<pre class="pre-scrollable">/tmp/arduino-sketch-41CBEE790282D519CE848C4C43111914/libraries/IFX007T-Motor-Control/IFX007T-Motor-Control.cpp.o: In function `IFX007TMotorControl::begin()&#39;:
/home/ec2-user/arduino-testlib/cli-datadir/user/libraries/IFX007T-Motor-Control/src/IFX007T-Motor-Control.cpp:92: undefined reference to `IFX007TMotorControl::setPwmFrequency(unsigned char, unsigned short)&#39;
/home/ec2-user/arduino-testlib/cli-datadir/user/libraries/IFX007T-Motor-Control/src/IFX007T-Motor-Control.cpp:93: undefined reference to `IFX007TMotorControl::setPwmFrequency(unsigned char, unsigned short)&#39;
/home/ec2-user/arduino-testlib/cli-datadir/user/libraries/IFX007T-Motor-Control/src/IFX007T-Motor-Control.cpp:94: undefined reference to `IFX007TMotorControl::setPwmFrequency(unsigned char, unsigned short)&#39;
/tmp/arduino-sketch-41CBEE790282D519CE848C4C43111914/libraries/IFX007T-Motor-Control/IFX007T-Motor-Control.cpp.o: In function `IFX007TMotorControl::configureBLDCMotor(BLDCParameter)&#39;:
/home/ec2-user/arduino-testlib/cli-datadir/user/libraries/IFX007T-Motor-Control/src/IFX007T-Motor-Control.cpp:291: undefined reference to `IFX007TMotorControl::setADCspeedFast()&#39;
collect2: error: ld returned 1 exit status

</pre>
					
					<h4>examples/For_H_bridge</h4>
					<p>
						Result: <b>FAIL</b>
					</p>
					<pre class="pre-scrollable">/tmp/arduino-sketch-FFE6AE18CA954FBB94EC0231C474DA11/libraries/IFX007T-Motor-Control/IFX007T-Motor-Control.cpp.o: In function `IFX007TMotorControl::begin()&#39;:
/home/ec2-user/arduino-testlib/cli-datadir/user/libraries/IFX007T-Motor-Control/src/IFX007T-Motor-Control.cpp:92: undefined reference to `IFX007TMotorControl::setPwmFrequency(unsigned char, unsigned short)&#39;
/home/ec2-user/arduino-testlib/cli-datadir/user/libraries/IFX007T-Motor-Control/src/IFX007T-Motor-Control.cpp:93: undefined reference to `IFX007TMotorControl::setPwmFrequency(unsigned char, unsigned short)&#39;
/home/ec2-user/arduino-testlib/cli-datadir/user/libraries/IFX007T-Motor-Control/src/IFX007T-Motor-Control.cpp:94: undefined reference to `IFX007TMotorControl::setPwmFrequency(unsigned char, unsigned short)&#39;
collect2: error: ld returned 1 exit status

</pre>
					
					<h4>examples/For_half_bridge</h4>
					<p>
						Result: <b>FAIL</b>
					</p>
					<pre class="pre-scrollable">/tmp/arduino-sketch-5064183A6BF024147CC29064CB22FA42/libraries/IFX007T-Motor-Control/IFX007T-Motor-Control.cpp.o: In function `IFX007TMotorControl::begin()&#39;:
/home/ec2-user/arduino-testlib/cli-datadir/user/libraries/IFX007T-Motor-Control/src/IFX007T-Motor-Control.cpp:92: undefined reference to `IFX007TMotorControl::setPwmFrequency(unsigned char, unsigned short)&#39;
/home/ec2-user/arduino-testlib/cli-datadir/user/libraries/IFX007T-Motor-Control/src/IFX007T-Motor-Control.cpp:93: undefined reference to `IFX007TMotorControl::setPwmFrequency(unsigned char, unsigned short)&#39;
/home/ec2-user/arduino-testlib/cli-datadir/user/libraries/IFX007T-Motor-Control/src/IFX007T-Motor-Control.cpp:94: undefined reference to `IFX007TMotorControl::setPwmFrequency(unsigned char, unsigned short)&#39;
collect2: error: ld returned 1 exit status

</pre>
					
					<h4>examples/IFX007_BLDC_BEMF</h4>
					<p>
						Result: <b>FAIL</b>
					</p>
					<pre class="pre-scrollable">/tmp/arduino-sketch-26A2C92A3BE39076E10FAF7BC563ECDE/libraries/IFX007T-Motor-Control/IFX007T-Motor-Control.cpp.o: In function `IFX007TMotorControl::begin()&#39;:
/home/ec2-user/arduino-testlib/cli-datadir/user/libraries/IFX007T-Motor-Control/src/IFX007T-Motor-Control.cpp:92: undefined reference to `IFX007TMotorControl::setPwmFrequency(unsigned char, unsigned short)&#39;
/home/ec2-user/arduino-testlib/cli-datadir/user/libraries/IFX007T-Motor-Control/src/IFX007T-Motor-Control.cpp:93: undefined reference to `IFX007TMotorControl::setPwmFrequency(unsigned char, unsigned short)&#39;
/home/ec2-user/arduino-testlib/cli-datadir/user/libraries/IFX007T-Motor-Control/src/IFX007T-Motor-Control.cpp:94: undefined reference to `IFX007TMotorControl::setPwmFrequency(unsigned char, unsigned short)&#39;
/tmp/arduino-sketch-26A2C92A3BE39076E10FAF7BC563ECDE/libraries/IFX007T-Motor-Control/IFX007T-Motor-Control.cpp.o: In function `IFX007TMotorControl::configureBLDCMotor(BLDCParameter)&#39;:
/home/ec2-user/arduino-testlib/cli-datadir/user/libraries/IFX007T-Motor-Control/src/IFX007T-Motor-Control.cpp:291: undefined reference to `IFX007TMotorControl::setADCspeedFast()&#39;
collect2: error: ld returned 1 exit status

</pre>
					
				
				<h3 id="esp32:esp32:d1_mini32">esp32:esp32:d1_mini32 @ 1.0.6</h3>
				<h4>Inclusion</h4>
				<p>
					Result: <b>FAIL</b>
					
				</p>
				<pre class="pre-scrollable">/home/ec2-user/arduino-testlib/cli-datadir/user/libraries/IFX007T-Motor-Control/src/IFX007T-Motor-Control.cpp: In constructor &#39;IFX007TMotorControl::IFX007TMotorControl()&#39;:
/home/ec2-user/arduino-testlib/cli-datadir/user/libraries/IFX007T-Motor-Control/src/IFX007T-Motor-Control.cpp:32:33: error: &#39;A2&#39; was not declared in this scope
     _PinAssignment[ADCPIN][1] = A2;
                                 ^
/home/ec2-user/arduino-testlib/cli-datadir/user/libraries/IFX007T-Motor-Control/src/IFX007T-Motor-Control.cpp:33:33: error: &#39;A1&#39; was not declared in this scope
     _PinAssignment[ADCPIN][2] = A1;
                                 ^
/home/ec2-user/arduino-testlib/cli-datadir/user/libraries/IFX007T-Motor-Control/src/IFX007T-Motor-Control.cpp: In member function &#39;void IFX007TMotorControl::setUniDirMotorSpeed(uint8_t, uint8_t)&#39;:
/home/ec2-user/arduino-testlib/cli-datadir/user/libraries/IFX007T-Motor-Control/src/IFX007T-Motor-Control.cpp:123:59: error: &#39;analogWrite&#39; was not declared in this scope
     analogWrite(_PinAssignment[INPUTPIN][motor], dutycycle);
                                                           ^
/home/ec2-user/arduino-testlib/cli-datadir/user/libraries/IFX007T-Motor-Control/src/IFX007T-Motor-Control.cpp: In member function &#39;void IFX007TMotorControl::setBiDirMotorSpeed(bool, uint8_t)&#39;:
/home/ec2-user/arduino-testlib/cli-datadir/user/libraries/IFX007T-Motor-Control/src/IFX007T-Motor-Control.cpp:155:62: error: &#39;analogWrite&#39; was not declared in this scope
         analogWrite(_PinAssignment[INPUTPIN][pin1], dutycycle);
                                                              ^
/home/ec2-user/arduino-testlib/cli-datadir/user/libraries/IFX007T-Motor-Control/src/IFX007T-Motor-Control.cpp:160:62: error: &#39;analogWrite&#39; was not declared in this scope
         analogWrite(_PinAssignment[INPUTPIN][pin2], dutycycle);
                                                              ^
/home/ec2-user/arduino-testlib/cli-datadir/user/libraries/IFX007T-Motor-Control/src/IFX007T-Motor-Control.cpp: In member function &#39;void IFX007TMotorControl::setBiDirMotorSpeed(bool, uint8_t, uint8_t)&#39;:
/home/ec2-user/arduino-testlib/cli-datadir/user/libraries/IFX007T-Motor-Control/src/IFX007T-Motor-Control.cpp:201:64: error: &#39;analogWrite&#39; was not declared in this scope
           analogWrite(_PinAssignment[INPUTPIN][pin1], dutycycle);
                                                                ^
/home/ec2-user/arduino-testlib/cli-datadir/user/libraries/IFX007T-Motor-Control/src/IFX007T-Motor-Control.cpp:206:64: error: &#39;analogWrite&#39; was not declared in this scope
           analogWrite(_PinAssignment[INPUTPIN][pin2], dutycycle);
                                                                ^
/home/ec2-user/arduino-testlib/cli-datadir/user/libraries/IFX007T-Motor-Control/src/IFX007T-Motor-Control.cpp:217:57: error: &#39;analogWrite&#39; was not declared in this scope
           analogWrite(_PinAssignment[INPUTPIN][0], speed);
                                                         ^
/home/ec2-user/arduino-testlib/cli-datadir/user/libraries/IFX007T-Motor-Control/src/IFX007T-Motor-Control.cpp:226:53: error: &#39;analogWrite&#39; was not declared in this scope
           analogWrite(_PinAssignment[INPUTPIN][0], 0);
                                                     ^
/home/ec2-user/arduino-testlib/cli-datadir/user/libraries/IFX007T-Motor-Control/src/IFX007T-Motor-Control.cpp:236:59: error: &#39;analogWrite&#39; was not declared in this scope
             analogWrite(_PinAssignment[INPUTPIN][2], speed);
                                                           ^
/home/ec2-user/arduino-testlib/cli-datadir/user/libraries/IFX007T-Motor-Control/src/IFX007T-Motor-Control.cpp:245:55: error: &#39;analogWrite&#39; was not declared in this scope
             analogWrite(_PinAssignment[INPUTPIN][2], 0);
                                                       ^
/home/ec2-user/arduino-testlib/cli-datadir/user/libraries/IFX007T-Motor-Control/src/IFX007T-Motor-Control.cpp:255:49: error: &#39;analogWrite&#39; was not declared in this scope
       analogWrite(_PinAssignment[INPUTPIN][1], 0);
                                                 ^
/home/ec2-user/arduino-testlib/cli-datadir/user/libraries/IFX007T-Motor-Control/src/IFX007T-Motor-Control.cpp: In member function &#39;void IFX007TMotorControl::UpdateHardware(uint8_t)&#39;:
/home/ec2-user/arduino-testlib/cli-datadir/user/libraries/IFX007T-Motor-Control/src/IFX007T-Motor-Control.cpp:781:65: error: &#39;analogWrite&#39; was not declared in this scope
       analogWrite(_PinAssignment[INPUTPIN][0], _CurrentDutyCycle);
                                                                 ^

</pre>

					
					<h4>examples/BLDC_Find_Polepairs</h4>
					<p>
						Result: <b>FAIL</b>
					</p>
					<pre class="pre-scrollable">/home/ec2-user/arduino-testlib/cli-datadir/user/libraries/IFX007T-Motor-Control/src/IFX007T-Motor-Control.cpp: In constructor &#39;IFX007TMotorControl::IFX007TMotorControl()&#39;:
/home/ec2-user/arduino-testlib/cli-datadir/user/libraries/IFX007T-Motor-Control/src/IFX007T-Motor-Control.cpp:32:33: error: &#39;A2&#39; was not declared in this scope
     _PinAssignment[ADCPIN][1] = A2;
                                 ^
/home/ec2-user/arduino-testlib/cli-datadir/user/libraries/IFX007T-Motor-Control/src/IFX007T-Motor-Control.cpp:33:33: error: &#39;A1&#39; was not declared in this scope
     _PinAssignment[ADCPIN][2] = A1;
                                 ^
/home/ec2-user/arduino-testlib/cli-datadir/user/libraries/IFX007T-Motor-Control/src/IFX007T-Motor-Control.cpp: In member function &#39;void IFX007TMotorControl::setUniDirMotorSpeed(uint8_t, uint8_t)&#39;:
/home/ec2-user/arduino-testlib/cli-datadir/user/libraries/IFX007T-Motor-Control/src/IFX007T-Motor-Control.cpp:123:59: error: &#39;analogWrite&#39; was not declared in this scope
     analogWrite(_PinAssignment[INPUTPIN][motor], dutycycle);
                                                           ^
/home/ec2-user/arduino-testlib/cli-datadir/user/libraries/IFX007T-Motor-Control/src/IFX007T-Motor-Control.cpp: In member function &#39;void IFX007TMotorControl::setBiDirMotorSpeed(bool, uint8_t)&#39;:
/home/ec2-user/arduino-testlib/cli-datadir/user/libraries/IFX007T-Motor-Control/src/IFX007T-Motor-Control.cpp:155:62: error: &#39;analogWrite&#39; was not declared in this scope
         analogWrite(_PinAssignment[INPUTPIN][pin1], dutycycle);
                                                              ^
/home/ec2-user/arduino-testlib/cli-datadir/user/libraries/IFX007T-Motor-Control/src/IFX007T-Motor-Control.cpp:160:62: error: &#39;analogWrite&#39; was not declared in this scope
         analogWrite(_PinAssignment[INPUTPIN][pin2], dutycycle);
                                                              ^
/home/ec2-user/arduino-testlib/cli-datadir/user/libraries/IFX007T-Motor-Control/src/IFX007T-Motor-Control.cpp: In member function &#39;void IFX007TMotorControl::setBiDirMotorSpeed(bool, uint8_t, uint8_t)&#39;:
/home/ec2-user/arduino-testlib/cli-datadir/user/libraries/IFX007T-Motor-Control/src/IFX007T-Motor-Control.cpp:201:64: error: &#39;analogWrite&#39; was not declared in this scope
           analogWrite(_PinAssignment[INPUTPIN][pin1], dutycycle);
                                                                ^
/home/ec2-user/arduino-testlib/cli-datadir/user/libraries/IFX007T-Motor-Control/src/IFX007T-Motor-Control.cpp:206:64: error: &#39;analogWrite&#39; was not declared in this scope
           analogWrite(_PinAssignment[INPUTPIN][pin2], dutycycle);
                                                                ^
/home/ec2-user/arduino-testlib/cli-datadir/user/libraries/IFX007T-Motor-Control/src/IFX007T-Motor-Control.cpp:217:57: error: &#39;analogWrite&#39; was not declared in this scope
           analogWrite(_PinAssignment[INPUTPIN][0], speed);
                                                         ^
/home/ec2-user/arduino-testlib/cli-datadir/user/libraries/IFX007T-Motor-Control/src/IFX007T-Motor-Control.cpp:226:53: error: &#39;analogWrite&#39; was not declared in this scope
           analogWrite(_PinAssignment[INPUTPIN][0], 0);
                                                     ^
/home/ec2-user/arduino-testlib/cli-datadir/user/libraries/IFX007T-Motor-Control/src/IFX007T-Motor-Control.cpp:236:59: error: &#39;analogWrite&#39; was not declared in this scope
             analogWrite(_PinAssignment[INPUTPIN][2], speed);
                                                           ^
/home/ec2-user/arduino-testlib/cli-datadir/user/libraries/IFX007T-Motor-Control/src/IFX007T-Motor-Control.cpp:245:55: error: &#39;analogWrite&#39; was not declared in this scope
             analogWrite(_PinAssignment[INPUTPIN][2], 0);
                                                       ^
/home/ec2-user/arduino-testlib/cli-datadir/user/libraries/IFX007T-Motor-Control/src/IFX007T-Motor-Control.cpp:255:49: error: &#39;analogWrite&#39; was not declared in this scope
       analogWrite(_PinAssignment[INPUTPIN][1], 0);
                                                 ^
/home/ec2-user/arduino-testlib/cli-datadir/user/libraries/IFX007T-Motor-Control/src/IFX007T-Motor-Control.cpp: In member function &#39;void IFX007TMotorControl::UpdateHardware(uint8_t)&#39;:
/home/ec2-user/arduino-testlib/cli-datadir/user/libraries/IFX007T-Motor-Control/src/IFX007T-Motor-Control.cpp:781:65: error: &#39;analogWrite&#39; was not declared in this scope
       analogWrite(_PinAssignment[INPUTPIN][0], _CurrentDutyCycle);
                                                                 ^

</pre>
					
					<h4>examples/BLDC_HALL</h4>
					<p>
						Result: <b>FAIL</b>
					</p>
					<pre class="pre-scrollable">/home/ec2-user/arduino-testlib/cli-datadir/user/libraries/IFX007T-Motor-Control/src/IFX007T-Motor-Control.cpp: In constructor &#39;IFX007TMotorControl::IFX007TMotorControl()&#39;:
/home/ec2-user/arduino-testlib/cli-datadir/user/libraries/IFX007T-Motor-Control/src/IFX007T-Motor-Control.cpp:32:33: error: &#39;A2&#39; was not declared in this scope
     _PinAssignment[ADCPIN][1] = A2;
                                 ^
/home/ec2-user/arduino-testlib/cli-datadir/user/libraries/IFX007T-Motor-Control/src/IFX007T-Motor-Control.cpp:33:33: error: &#39;A1&#39; was not declared in this scope
     _PinAssignment[ADCPIN][2] = A1;
                                 ^
/home/ec2-user/arduino-testlib/cli-datadir/user/libraries/IFX007T-Motor-Control/src/IFX007T-Motor-Control.cpp: In member function &#39;void IFX007TMotorControl::setUniDirMotorSpeed(uint8_t, uint8_t)&#39;:
/home/ec2-user/arduino-testlib/cli-datadir/user/libraries/IFX007T-Motor-Control/src/IFX007T-Motor-Control.cpp:123:59: error: &#39;analogWrite&#39; was not declared in this scope
     analogWrite(_PinAssignment[INPUTPIN][motor], dutycycle);
                                                           ^
/home/ec2-user/arduino-testlib/cli-datadir/user/libraries/IFX007T-Motor-Control/src/IFX007T-Motor-Control.cpp: In member function &#39;void IFX007TMotorControl::setBiDirMotorSpeed(bool, uint8_t)&#39;:
/home/ec2-user/arduino-testlib/cli-datadir/user/libraries/IFX007T-Motor-Control/src/IFX007T-Motor-Control.cpp:155:62: error: &#39;analogWrite&#39; was not declared in this scope
         analogWrite(_PinAssignment[INPUTPIN][pin1], dutycycle);
                                                              ^
/home/ec2-user/arduino-testlib/cli-datadir/user/libraries/IFX007T-Motor-Control/src/IFX007T-Motor-Control.cpp:160:62: error: &#39;analogWrite&#39; was not declared in this scope
         analogWrite(_PinAssignment[INPUTPIN][pin2], dutycycle);
                                                              ^
/home/ec2-user/arduino-testlib/cli-datadir/user/libraries/IFX007T-Motor-Control/src/IFX007T-Motor-Control.cpp: In member function &#39;void IFX007TMotorControl::setBiDirMotorSpeed(bool, uint8_t, uint8_t)&#39;:
/home/ec2-user/arduino-testlib/cli-datadir/user/libraries/IFX007T-Motor-Control/src/IFX007T-Motor-Control.cpp:201:64: error: &#39;analogWrite&#39; was not declared in this scope
           analogWrite(_PinAssignment[INPUTPIN][pin1], dutycycle);
                                                                ^
/home/ec2-user/arduino-testlib/cli-datadir/user/libraries/IFX007T-Motor-Control/src/IFX007T-Motor-Control.cpp:206:64: error: &#39;analogWrite&#39; was not declared in this scope
           analogWrite(_PinAssignment[INPUTPIN][pin2], dutycycle);
                                                                ^
/home/ec2-user/arduino-testlib/cli-datadir/user/libraries/IFX007T-Motor-Control/src/IFX007T-Motor-Control.cpp:217:57: error: &#39;analogWrite&#39; was not declared in this scope
           analogWrite(_PinAssignment[INPUTPIN][0], speed);
                                                         ^
/home/ec2-user/arduino-testlib/cli-datadir/user/libraries/IFX007T-Motor-Control/src/IFX007T-Motor-Control.cpp:226:53: error: &#39;analogWrite&#39; was not declared in this scope
           analogWrite(_PinAssignment[INPUTPIN][0], 0);
                                                     ^
/home/ec2-user/arduino-testlib/cli-datadir/user/libraries/IFX007T-Motor-Control/src/IFX007T-Motor-Control.cpp:236:59: error: &#39;analogWrite&#39; was not declared in this scope
             analogWrite(_PinAssignment[INPUTPIN][2], speed);
                                                           ^
/home/ec2-user/arduino-testlib/cli-datadir/user/libraries/IFX007T-Motor-Control/src/IFX007T-Motor-Control.cpp:245:55: error: &#39;analogWrite&#39; was not declared in this scope
             analogWrite(_PinAssignment[INPUTPIN][2], 0);
                                                       ^
/home/ec2-user/arduino-testlib/cli-datadir/user/libraries/IFX007T-Motor-Control/src/IFX007T-Motor-Control.cpp:255:49: error: &#39;analogWrite&#39; was not declared in this scope
       analogWrite(_PinAssignment[INPUTPIN][1], 0);
                                                 ^
/home/ec2-user/arduino-testlib/cli-datadir/user/libraries/IFX007T-Motor-Control/src/IFX007T-Motor-Control.cpp: In member function &#39;void IFX007TMotorControl::UpdateHardware(uint8_t)&#39;:
/home/ec2-user/arduino-testlib/cli-datadir/user/libraries/IFX007T-Motor-Control/src/IFX007T-Motor-Control.cpp:781:65: error: &#39;analogWrite&#39; was not declared in this scope
       analogWrite(_PinAssignment[INPUTPIN][0], _CurrentDutyCycle);
                                                                 ^

</pre>
					
					<h4>examples/For_H_bridge</h4>
					<p>
						Result: <b>FAIL</b>
					</p>
					<pre class="pre-scrollable">/home/ec2-user/arduino-testlib/cli-datadir/user/libraries/IFX007T-Motor-Control/src/IFX007T-Motor-Control.cpp: In constructor &#39;IFX007TMotorControl::IFX007TMotorControl()&#39;:
/home/ec2-user/arduino-testlib/cli-datadir/user/libraries/IFX007T-Motor-Control/src/IFX007T-Motor-Control.cpp:32:33: error: &#39;A2&#39; was not declared in this scope
     _PinAssignment[ADCPIN][1] = A2;
                                 ^
/home/ec2-user/arduino-testlib/cli-datadir/user/libraries/IFX007T-Motor-Control/src/IFX007T-Motor-Control.cpp:33:33: error: &#39;A1&#39; was not declared in this scope
     _PinAssignment[ADCPIN][2] = A1;
                                 ^
/home/ec2-user/arduino-testlib/cli-datadir/user/libraries/IFX007T-Motor-Control/src/IFX007T-Motor-Control.cpp: In member function &#39;void IFX007TMotorControl::setUniDirMotorSpeed(uint8_t, uint8_t)&#39;:
/home/ec2-user/arduino-testlib/cli-datadir/user/libraries/IFX007T-Motor-Control/src/IFX007T-Motor-Control.cpp:123:59: error: &#39;analogWrite&#39; was not declared in this scope
     analogWrite(_PinAssignment[INPUTPIN][motor], dutycycle);
                                                           ^
/home/ec2-user/arduino-testlib/cli-datadir/user/libraries/IFX007T-Motor-Control/src/IFX007T-Motor-Control.cpp: In member function &#39;void IFX007TMotorControl::setBiDirMotorSpeed(bool, uint8_t)&#39;:
/home/ec2-user/arduino-testlib/cli-datadir/user/libraries/IFX007T-Motor-Control/src/IFX007T-Motor-Control.cpp:155:62: error: &#39;analogWrite&#39; was not declared in this scope
         analogWrite(_PinAssignment[INPUTPIN][pin1], dutycycle);
                                                              ^
/home/ec2-user/arduino-testlib/cli-datadir/user/libraries/IFX007T-Motor-Control/src/IFX007T-Motor-Control.cpp:160:62: error: &#39;analogWrite&#39; was not declared in this scope
         analogWrite(_PinAssignment[INPUTPIN][pin2], dutycycle);
                                                              ^
/home/ec2-user/arduino-testlib/cli-datadir/user/libraries/IFX007T-Motor-Control/src/IFX007T-Motor-Control.cpp: In member function &#39;void IFX007TMotorControl::setBiDirMotorSpeed(bool, uint8_t, uint8_t)&#39;:
/home/ec2-user/arduino-testlib/cli-datadir/user/libraries/IFX007T-Motor-Control/src/IFX007T-Motor-Control.cpp:201:64: error: &#39;analogWrite&#39; was not declared in this scope
           analogWrite(_PinAssignment[INPUTPIN][pin1], dutycycle);
                                                                ^
/home/ec2-user/arduino-testlib/cli-datadir/user/libraries/IFX007T-Motor-Control/src/IFX007T-Motor-Control.cpp:206:64: error: &#39;analogWrite&#39; was not declared in this scope
           analogWrite(_PinAssignment[INPUTPIN][pin2], dutycycle);
                                                                ^
/home/ec2-user/arduino-testlib/cli-datadir/user/libraries/IFX007T-Motor-Control/src/IFX007T-Motor-Control.cpp:217:57: error: &#39;analogWrite&#39; was not declared in this scope
           analogWrite(_PinAssignment[INPUTPIN][0], speed);
                                                         ^
/home/ec2-user/arduino-testlib/cli-datadir/user/libraries/IFX007T-Motor-Control/src/IFX007T-Motor-Control.cpp:226:53: error: &#39;analogWrite&#39; was not declared in this scope
           analogWrite(_PinAssignment[INPUTPIN][0], 0);
                                                     ^
/home/ec2-user/arduino-testlib/cli-datadir/user/libraries/IFX007T-Motor-Control/src/IFX007T-Motor-Control.cpp:236:59: error: &#39;analogWrite&#39; was not declared in this scope
             analogWrite(_PinAssignment[INPUTPIN][2], speed);
                                                           ^
/home/ec2-user/arduino-testlib/cli-datadir/user/libraries/IFX007T-Motor-Control/src/IFX007T-Motor-Control.cpp:245:55: error: &#39;analogWrite&#39; was not declared in this scope
             analogWrite(_PinAssignment[INPUTPIN][2], 0);
                                                       ^
/home/ec2-user/arduino-testlib/cli-datadir/user/libraries/IFX007T-Motor-Control/src/IFX007T-Motor-Control.cpp:255:49: error: &#39;analogWrite&#39; was not declared in this scope
       analogWrite(_PinAssignment[INPUTPIN][1], 0);
                                                 ^
/home/ec2-user/arduino-testlib/cli-datadir/user/libraries/IFX007T-Motor-Control/src/IFX007T-Motor-Control.cpp: In member function &#39;void IFX007TMotorControl::UpdateHardware(uint8_t)&#39;:
/home/ec2-user/arduino-testlib/cli-datadir/user/libraries/IFX007T-Motor-Control/src/IFX007T-Motor-Control.cpp:781:65: error: &#39;analogWrite&#39; was not declared in this scope
       analogWrite(_PinAssignment[INPUTPIN][0], _CurrentDutyCycle);
                                                                 ^

</pre>
					
					<h4>examples/For_half_bridge</h4>
					<p>
						Result: <b>FAIL</b>
					</p>
					<pre class="pre-scrollable">/home/ec2-user/arduino-testlib/cli-datadir/user/libraries/IFX007T-Motor-Control/src/IFX007T-Motor-Control.cpp: In constructor &#39;IFX007TMotorControl::IFX007TMotorControl()&#39;:
/home/ec2-user/arduino-testlib/cli-datadir/user/libraries/IFX007T-Motor-Control/src/IFX007T-Motor-Control.cpp:32:33: error: &#39;A2&#39; was not declared in this scope
     _PinAssignment[ADCPIN][1] = A2;
                                 ^
/home/ec2-user/arduino-testlib/cli-datadir/user/libraries/IFX007T-Motor-Control/src/IFX007T-Motor-Control.cpp:33:33: error: &#39;A1&#39; was not declared in this scope
     _PinAssignment[ADCPIN][2] = A1;
                                 ^
/home/ec2-user/arduino-testlib/cli-datadir/user/libraries/IFX007T-Motor-Control/src/IFX007T-Motor-Control.cpp: In member function &#39;void IFX007TMotorControl::setUniDirMotorSpeed(uint8_t, uint8_t)&#39;:
/home/ec2-user/arduino-testlib/cli-datadir/user/libraries/IFX007T-Motor-Control/src/IFX007T-Motor-Control.cpp:123:59: error: &#39;analogWrite&#39; was not declared in this scope
     analogWrite(_PinAssignment[INPUTPIN][motor], dutycycle);
                                                           ^
/home/ec2-user/arduino-testlib/cli-datadir/user/libraries/IFX007T-Motor-Control/src/IFX007T-Motor-Control.cpp: In member function &#39;void IFX007TMotorControl::setBiDirMotorSpeed(bool, uint8_t)&#39;:
/home/ec2-user/arduino-testlib/cli-datadir/user/libraries/IFX007T-Motor-Control/src/IFX007T-Motor-Control.cpp:155:62: error: &#39;analogWrite&#39; was not declared in this scope
         analogWrite(_PinAssignment[INPUTPIN][pin1], dutycycle);
                                                              ^
/home/ec2-user/arduino-testlib/cli-datadir/user/libraries/IFX007T-Motor-Control/src/IFX007T-Motor-Control.cpp:160:62: error: &#39;analogWrite&#39; was not declared in this scope
         analogWrite(_PinAssignment[INPUTPIN][pin2], dutycycle);
                                                              ^
/home/ec2-user/arduino-testlib/cli-datadir/user/libraries/IFX007T-Motor-Control/src/IFX007T-Motor-Control.cpp: In member function &#39;void IFX007TMotorControl::setBiDirMotorSpeed(bool, uint8_t, uint8_t)&#39;:
/home/ec2-user/arduino-testlib/cli-datadir/user/libraries/IFX007T-Motor-Control/src/IFX007T-Motor-Control.cpp:201:64: error: &#39;analogWrite&#39; was not declared in this scope
           analogWrite(_PinAssignment[INPUTPIN][pin1], dutycycle);
                                                                ^
/home/ec2-user/arduino-testlib/cli-datadir/user/libraries/IFX007T-Motor-Control/src/IFX007T-Motor-Control.cpp:206:64: error: &#39;analogWrite&#39; was not declared in this scope
           analogWrite(_PinAssignment[INPUTPIN][pin2], dutycycle);
                                                                ^
/home/ec2-user/arduino-testlib/cli-datadir/user/libraries/IFX007T-Motor-Control/src/IFX007T-Motor-Control.cpp:217:57: error: &#39;analogWrite&#39; was not declared in this scope
           analogWrite(_PinAssignment[INPUTPIN][0], speed);
                                                         ^
/home/ec2-user/arduino-testlib/cli-datadir/user/libraries/IFX007T-Motor-Control/src/IFX007T-Motor-Control.cpp:226:53: error: &#39;analogWrite&#39; was not declared in this scope
           analogWrite(_PinAssignment[INPUTPIN][0], 0);
                                                     ^
/home/ec2-user/arduino-testlib/cli-datadir/user/libraries/IFX007T-Motor-Control/src/IFX007T-Motor-Control.cpp:236:59: error: &#39;analogWrite&#39; was not declared in this scope
             analogWrite(_PinAssignment[INPUTPIN][2], speed);
                                                           ^
/home/ec2-user/arduino-testlib/cli-datadir/user/libraries/IFX007T-Motor-Control/src/IFX007T-Motor-Control.cpp:245:55: error: &#39;analogWrite&#39; was not declared in this scope
             analogWrite(_PinAssignment[INPUTPIN][2], 0);
                                                       ^
/home/ec2-user/arduino-testlib/cli-datadir/user/libraries/IFX007T-Motor-Control/src/IFX007T-Motor-Control.cpp:255:49: error: &#39;analogWrite&#39; was not declared in this scope
       analogWrite(_PinAssignment[INPUTPIN][1], 0);
                                                 ^
/home/ec2-user/arduino-testlib/cli-datadir/user/libraries/IFX007T-Motor-Control/src/IFX007T-Motor-Control.cpp: In member function &#39;void IFX007TMotorControl::UpdateHardware(uint8_t)&#39;:
/home/ec2-user/arduino-testlib/cli-datadir/user/libraries/IFX007T-Motor-Control/src/IFX007T-Motor-Control.cpp:781:65: error: &#39;analogWrite&#39; was not declared in this scope
       analogWrite(_PinAssignment[INPUTPIN][0], _CurrentDutyCycle);
                                                                 ^

</pre>
					
					<h4>examples/IFX007_BLDC_BEMF</h4>
					<p>
						Result: <b>FAIL</b>
					</p>
					<pre class="pre-scrollable">/home/ec2-user/arduino-testlib/cli-datadir/user/libraries/IFX007T-Motor-Control/src/IFX007T-Motor-Control.cpp: In constructor &#39;IFX007TMotorControl::IFX007TMotorControl()&#39;:
/home/ec2-user/arduino-testlib/cli-datadir/user/libraries/IFX007T-Motor-Control/src/IFX007T-Motor-Control.cpp:32:33: error: &#39;A2&#39; was not declared in this scope
     _PinAssignment[ADCPIN][1] = A2;
                                 ^
/home/ec2-user/arduino-testlib/cli-datadir/user/libraries/IFX007T-Motor-Control/src/IFX007T-Motor-Control.cpp:33:33: error: &#39;A1&#39; was not declared in this scope
     _PinAssignment[ADCPIN][2] = A1;
                                 ^
/home/ec2-user/arduino-testlib/cli-datadir/user/libraries/IFX007T-Motor-Control/src/IFX007T-Motor-Control.cpp: In member function &#39;void IFX007TMotorControl::setUniDirMotorSpeed(uint8_t, uint8_t)&#39;:
/home/ec2-user/arduino-testlib/cli-datadir/user/libraries/IFX007T-Motor-Control/src/IFX007T-Motor-Control.cpp:123:59: error: &#39;analogWrite&#39; was not declared in this scope
     analogWrite(_PinAssignment[INPUTPIN][motor], dutycycle);
                                                           ^
/home/ec2-user/arduino-testlib/cli-datadir/user/libraries/IFX007T-Motor-Control/src/IFX007T-Motor-Control.cpp: In member function &#39;void IFX007TMotorControl::setBiDirMotorSpeed(bool, uint8_t)&#39;:
/home/ec2-user/arduino-testlib/cli-datadir/user/libraries/IFX007T-Motor-Control/src/IFX007T-Motor-Control.cpp:155:62: error: &#39;analogWrite&#39; was not declared in this scope
         analogWrite(_PinAssignment[INPUTPIN][pin1], dutycycle);
                                                              ^
/home/ec2-user/arduino-testlib/cli-datadir/user/libraries/IFX007T-Motor-Control/src/IFX007T-Motor-Control.cpp:160:62: error: &#39;analogWrite&#39; was not declared in this scope
         analogWrite(_PinAssignment[INPUTPIN][pin2], dutycycle);
                                                              ^
/home/ec2-user/arduino-testlib/cli-datadir/user/libraries/IFX007T-Motor-Control/src/IFX007T-Motor-Control.cpp: In member function &#39;void IFX007TMotorControl::setBiDirMotorSpeed(bool, uint8_t, uint8_t)&#39;:
/home/ec2-user/arduino-testlib/cli-datadir/user/libraries/IFX007T-Motor-Control/src/IFX007T-Motor-Control.cpp:201:64: error: &#39;analogWrite&#39; was not declared in this scope
           analogWrite(_PinAssignment[INPUTPIN][pin1], dutycycle);
                                                                ^
/home/ec2-user/arduino-testlib/cli-datadir/user/libraries/IFX007T-Motor-Control/src/IFX007T-Motor-Control.cpp:206:64: error: &#39;analogWrite&#39; was not declared in this scope
           analogWrite(_PinAssignment[INPUTPIN][pin2], dutycycle);
                                                                ^
/home/ec2-user/arduino-testlib/cli-datadir/user/libraries/IFX007T-Motor-Control/src/IFX007T-Motor-Control.cpp:217:57: error: &#39;analogWrite&#39; was not declared in this scope
           analogWrite(_PinAssignment[INPUTPIN][0], speed);
                                                         ^
/home/ec2-user/arduino-testlib/cli-datadir/user/libraries/IFX007T-Motor-Control/src/IFX007T-Motor-Control.cpp:226:53: error: &#39;analogWrite&#39; was not declared in this scope
           analogWrite(_PinAssignment[INPUTPIN][0], 0);
                                                     ^
/home/ec2-user/arduino-testlib/cli-datadir/user/libraries/IFX007T-Motor-Control/src/IFX007T-Motor-Control.cpp:236:59: error: &#39;analogWrite&#39; was not declared in this scope
             analogWrite(_PinAssignment[INPUTPIN][2], speed);
                                                           ^
/home/ec2-user/arduino-testlib/cli-datadir/user/libraries/IFX007T-Motor-Control/src/IFX007T-Motor-Control.cpp:245:55: error: &#39;analogWrite&#39; was not declared in this scope
             analogWrite(_PinAssignment[INPUTPIN][2], 0);
                                                       ^
/home/ec2-user/arduino-testlib/cli-datadir/user/libraries/IFX007T-Motor-Control/src/IFX007T-Motor-Control.cpp:255:49: error: &#39;analogWrite&#39; was not declared in this scope
       analogWrite(_PinAssignment[INPUTPIN][1], 0);
                                                 ^
/home/ec2-user/arduino-testlib/cli-datadir/user/libraries/IFX007T-Motor-Control/src/IFX007T-Motor-Control.cpp: In member function &#39;void IFX007TMotorControl::UpdateHardware(uint8_t)&#39;:
/home/ec2-user/arduino-testlib/cli-datadir/user/libraries/IFX007T-Motor-Control/src/IFX007T-Motor-Control.cpp:781:65: error: &#39;analogWrite&#39; was not declared in this scope
       analogWrite(_PinAssignment[INPUTPIN][0], _CurrentDutyCycle);
                                                                 ^

</pre>
					
				
			</div>
		</div>
	</div>
  </body>
</html>
