
<!doctype html>
<html lang="en">
  <head>
    <meta charset="utf-8">
    <meta name="viewport" content="width=device-width, initial-scale=1">
    <link href="https://cdn.jsdelivr.net/npm/bootstrap@5.0.2/dist/css/bootstrap.min.css" rel="stylesheet" integrity="sha384-EVSTQN3/azprG1Anm3QDgpJLIm9Nao0Yz1ztcQTwFspd3yD65VohhpuuCOmLASjC" crossorigin="anonymous">
    <title>arduino-testlib report</title>
	<style>
	.pass { background-color: #00FF00 !important; }
	.fail { background-color: #FF0000 !important; }
	</style>
  </head>
  <body>
	<div class="container">
		<div class="row">
			<div class="col">
				<h1>INA226Lib - compatibility matrix</h1>
				<p>
					<small>This report was generated on Wednesday, 23-Feb-22 22:48:15 CET using 
					<a href="https://github.com/alranel/arduino-testlib">arduino-testlib</a>.</small>
				</p>

				<h2>INA226Lib</h2>
				<p>
					Version: <b>1.1.2</b>
					<br />
					<a href="https://www.arduino.cc/reference/en/libraries/ina226lib/">More details</a>
				</p>

				<h2>Compatibility matrix</h2>
				<table class="table table-bordered">
					<tr>
						<th>Board</th>
						<th>Claims compatibility</th>
						<th>Inclusion</th>
						
						<th><pre>Alert</pre></th>
						
						<th><pre>Latch</pre></th>
						
						<th><pre>Simple</pre></th>
						
					</tr>
					
					<tr>
						<td>
							<a href="#arduino%3aavr%3auno"><b>arduino:avr:uno</b></a>
							<br />
							<small>1.8.4</small>
						</td>

						
							<td>Yes</td>
							<td class="pass">PASS</td>
						
						
						
						

						
							
								
									
										
											
											<td class="fail">FAIL</td>
										
									
										
									
										
									
								
							
								
							
								
							
								
							
								
							
						
							
								
									
										
									
										
											
											<td class="fail">FAIL</td>
										
									
										
									
								
							
								
							
								
							
								
							
								
							
						
							
								
									
										
									
										
									
										
											
											<td class="fail">FAIL</td>
										
									
								
							
								
							
								
							
								
							
								
							
						
					</tr>
					
					<tr>
						<td>
							<a href="#arduino%3ambed_nano%3ananorp2040connect"><b>arduino:mbed_nano:nanorp2040connect</b></a>
							<br />
							<small>2.7.2</small>
						</td>

						
							<td>Yes</td>
							<td class="pass">PASS</td>
						
						
						
						

						
							
								
							
								
									
										
											
											<td class="fail">FAIL</td>
										
									
										
									
										
									
								
							
								
							
								
							
								
							
						
							
								
							
								
									
										
									
										
											
											<td class="fail">FAIL</td>
										
									
										
									
								
							
								
							
								
							
								
							
						
							
								
							
								
									
										
									
										
									
										
											
											<td class="fail">FAIL</td>
										
									
								
							
								
							
								
							
								
							
						
					</tr>
					
					<tr>
						<td>
							<a href="#arduino%3amegaavr%3anona4809"><b>arduino:megaavr:nona4809</b></a>
							<br />
							<small>1.8.7</small>
						</td>

						
							<td>Yes</td>
							<td class="pass">PASS</td>
						
						
						
						

						
							
								
							
								
							
								
									
										
											
											<td class="fail">FAIL</td>
										
									
										
									
										
									
								
							
								
							
								
							
						
							
								
							
								
							
								
									
										
									
										
											
											<td class="fail">FAIL</td>
										
									
										
									
								
							
								
							
								
							
						
							
								
							
								
							
								
									
										
									
										
									
										
											
											<td class="fail">FAIL</td>
										
									
								
							
								
							
								
							
						
					</tr>
					
					<tr>
						<td>
							<a href="#arduino%3asamd%3amkrwifi1010"><b>arduino:samd:mkrwifi1010</b></a>
							<br />
							<small>1.8.12</small>
						</td>

						
							<td>Yes</td>
							<td class="pass">PASS</td>
						
						
						
						

						
							
								
							
								
							
								
							
								
									
										
											
											<td class="fail">FAIL</td>
										
									
										
									
										
									
								
							
								
							
						
							
								
							
								
							
								
							
								
									
										
									
										
											
											<td class="fail">FAIL</td>
										
									
										
									
								
							
								
							
						
							
								
							
								
							
								
							
								
									
										
									
										
									
										
											
											<td class="fail">FAIL</td>
										
									
								
							
								
							
						
					</tr>
					
					<tr>
						<td>
							<a href="#esp32%3aesp32%3ad1_mini32"><b>esp32:esp32:d1_mini32</b></a>
							<br />
							<small>1.0.6</small>
						</td>

						
							<td>Yes</td>
							<td class="pass">PASS</td>
						
						
						
						

						
							
								
							
								
							
								
							
								
							
								
									
										
											
											<td class="fail">FAIL</td>
										
									
										
									
										
									
								
							
						
							
								
							
								
							
								
							
								
							
								
									
										
									
										
											
											<td class="fail">FAIL</td>
										
									
										
									
								
							
						
							
								
							
								
							
								
							
								
							
								
									
										
									
										
									
										
											
											<td class="fail">FAIL</td>
										
									
								
							
						
					</tr>
					
				</table>

				<h2>Compilation logs</h2>
				
				<h3 id="arduino:avr:uno">arduino:avr:uno @ 1.8.4</h3>
				<h4>Inclusion</h4>
				<p>
					Result: <b>PASS</b>
					
					<br />This library has no main header file so an empty one was created.
					
				</p>
				<pre class="pre-scrollable">Sketch uses 1636 bytes (5%) of program storage space. Maximum is 32256 bytes.
Global variables use 122 bytes (5%) of dynamic memory, leaving 1926 bytes for local variables. Maximum is 2048 bytes.
</pre>

					
					<h4>examples/Alert</h4>
					<p>
						Result: <b>FAIL</b>
					</p>
					<pre class="pre-scrollable">/home/ec2-user/arduino-testlib/cli-datadir/user/libraries/INA226Lib/examples/Alert/Alert.ino:12:8: error: no matching function for call to &#39;INA226::INA226()&#39;
 INA226 ina;
        ^~~
In file included from /home/ec2-user/arduino-testlib/cli-datadir/user/libraries/INA226Lib/examples/Alert/Alert.ino:10:0:
/home/ec2-user/arduino-testlib/cli-datadir/user/libraries/INA226/INA226.h:40:12: note: candidate: INA226::INA226(uint8_t, TwoWire*)
   explicit INA226(const uint8_t address, TwoWire *wire = &amp;Wire);
            ^~~~~~
/home/ec2-user/arduino-testlib/cli-datadir/user/libraries/INA226/INA226.h:40:12: note:   candidate expects 2 arguments, 0 provided
/home/ec2-user/arduino-testlib/cli-datadir/user/libraries/INA226/INA226.h:36:7: note: candidate: constexpr INA226::INA226(const INA226&amp;)
 class INA226
       ^~~~~~
/home/ec2-user/arduino-testlib/cli-datadir/user/libraries/INA226/INA226.h:36:7: note:   candidate expects 1 argument, 0 provided
/home/ec2-user/arduino-testlib/cli-datadir/user/libraries/INA226/INA226.h:36:7: note: candidate: constexpr INA226::INA226(INA226&amp;&amp;)
/home/ec2-user/arduino-testlib/cli-datadir/user/libraries/INA226/INA226.h:36:7: note:   candidate expects 1 argument, 0 provided
/home/ec2-user/arduino-testlib/cli-datadir/user/libraries/INA226Lib/examples/Alert/Alert.ino: In function &#39;void setup()&#39;:
/home/ec2-user/arduino-testlib/cli-datadir/user/libraries/INA226Lib/examples/Alert/Alert.ino:25:7: error: &#39;class INA226&#39; has no member named &#39;configure&#39;
   ina.configure(INA226_AVERAGES_1, INA226_BUS_CONV_TIME_1100US, INA226_SHUNT_CONV_TIME_1100US, INA226_MODE_SHUNT_BUS_CONT);
       ^~~~~~~~~
/home/ec2-user/arduino-testlib/cli-datadir/user/libraries/INA226Lib/examples/Alert/Alert.ino:25:17: error: &#39;INA226_AVERAGES_1&#39; was not declared in this scope
   ina.configure(INA226_AVERAGES_1, INA226_BUS_CONV_TIME_1100US, INA226_SHUNT_CONV_TIME_1100US, INA226_MODE_SHUNT_BUS_CONT);
                 ^~~~~~~~~~~~~~~~~
/home/ec2-user/arduino-testlib/cli-datadir/user/libraries/INA226Lib/examples/Alert/Alert.ino:25:36: error: &#39;INA226_BUS_CONV_TIME_1100US&#39; was not declared in this scope
   ina.configure(INA226_AVERAGES_1, INA226_BUS_CONV_TIME_1100US, INA226_SHUNT_CONV_TIME_1100US, INA226_MODE_SHUNT_BUS_CONT);
                                    ^~~~~~~~~~~~~~~~~~~~~~~~~~~
/home/ec2-user/arduino-testlib/cli-datadir/user/libraries/INA226Lib/examples/Alert/Alert.ino:25:65: error: &#39;INA226_SHUNT_CONV_TIME_1100US&#39; was not declared in this scope
   ina.configure(INA226_AVERAGES_1, INA226_BUS_CONV_TIME_1100US, INA226_SHUNT_CONV_TIME_1100US, INA226_MODE_SHUNT_BUS_CONT);
                                                                 ^~~~~~~~~~~~~~~~~~~~~~~~~~~~~
/home/ec2-user/arduino-testlib/cli-datadir/user/libraries/INA226Lib/examples/Alert/Alert.ino:25:65: note: suggested alternative: &#39;INA226_SHUNT_OVER_VOLTAGE&#39;
   ina.configure(INA226_AVERAGES_1, INA226_BUS_CONV_TIME_1100US, INA226_SHUNT_CONV_TIME_1100US, INA226_MODE_SHUNT_BUS_CONT);
                                                                 ^~~~~~~~~~~~~~~~~~~~~~~~~~~~~
                                                                 INA226_SHUNT_OVER_VOLTAGE
/home/ec2-user/arduino-testlib/cli-datadir/user/libraries/INA226Lib/examples/Alert/Alert.ino:25:96: error: &#39;INA226_MODE_SHUNT_BUS_CONT&#39; was not declared in this scope
   ina.configure(INA226_AVERAGES_1, INA226_BUS_CONV_TIME_1100US, INA226_SHUNT_CONV_TIME_1100US, INA226_MODE_SHUNT_BUS_CONT);
                                                                                                ^~~~~~~~~~~~~~~~~~~~~~~~~~
/home/ec2-user/arduino-testlib/cli-datadir/user/libraries/INA226Lib/examples/Alert/Alert.ino:28:7: error: &#39;class INA226&#39; has no member named &#39;calibrate&#39;; did you mean &#39;isCalibrated&#39;?
   ina.calibrate(0.01, 4);
       ^~~~~~~~~
       isCalibrated
/home/ec2-user/arduino-testlib/cli-datadir/user/libraries/INA226Lib/examples/Alert/Alert.ino:41:7: error: &#39;class INA226&#39; has no member named &#39;enableOverPowerLimitAlert&#39;
   ina.enableOverPowerLimitAlert();
       ^~~~~~~~~~~~~~~~~~~~~~~~~
/home/ec2-user/arduino-testlib/cli-datadir/user/libraries/INA226Lib/examples/Alert/Alert.ino:42:7: error: &#39;class INA226&#39; has no member named &#39;setPowerLimit&#39;; did you mean &#39;setAlertLimit&#39;?
   ina.setPowerLimit(0.130);
       ^~~~~~~~~~~~~
       setAlertLimit
/home/ec2-user/arduino-testlib/cli-datadir/user/libraries/INA226Lib/examples/Alert/Alert.ino: In function &#39;void loop()&#39;:
/home/ec2-user/arduino-testlib/cli-datadir/user/libraries/INA226Lib/examples/Alert/Alert.ino:50:20: error: &#39;class INA226&#39; has no member named &#39;readBusVoltage&#39;; did you mean &#39;getBusVoltage&#39;?
   Serial.print(ina.readBusVoltage(), 5);
                    ^~~~~~~~~~~~~~
                    getBusVoltage
/home/ec2-user/arduino-testlib/cli-datadir/user/libraries/INA226Lib/examples/Alert/Alert.ino:54:20: error: &#39;class INA226&#39; has no member named &#39;readBusPower&#39;; did you mean &#39;getPower&#39;?
   Serial.print(ina.readBusPower(), 5);
                    ^~~~~~~~~~~~
                    getPower
/home/ec2-user/arduino-testlib/cli-datadir/user/libraries/INA226Lib/examples/Alert/Alert.ino:58:20: error: &#39;class INA226&#39; has no member named &#39;readShuntVoltage&#39;; did you mean &#39;getShuntVoltage&#39;?
   Serial.print(ina.readShuntVoltage(), 5);
                    ^~~~~~~~~~~~~~~~
                    getShuntVoltage
/home/ec2-user/arduino-testlib/cli-datadir/user/libraries/INA226Lib/examples/Alert/Alert.ino:62:20: error: &#39;class INA226&#39; has no member named &#39;readShuntCurrent&#39;; did you mean &#39;getCurrent&#39;?
   Serial.print(ina.readShuntCurrent(), 5);
                    ^~~~~~~~~~~~~~~~
                    getCurrent
Multiple libraries were found for &#34;INA226.h&#34;
  Used: /home/ec2-user/arduino-testlib/cli-datadir/user/libraries/INA226
  Not used: /home/ec2-user/arduino-testlib/cli-datadir/user/libraries/GyverINA
  Not used: /home/ec2-user/arduino-testlib/cli-datadir/user/libraries/INA226Lib
  Not used: /home/ec2-user/arduino-testlib/cli-datadir/user/libraries/Arduino_ScienceJournal
</pre>
					
					<h4>examples/Latch</h4>
					<p>
						Result: <b>FAIL</b>
					</p>
					<pre class="pre-scrollable">/home/ec2-user/arduino-testlib/cli-datadir/user/libraries/INA226Lib/examples/Latch/Latch.ino:12:8: error: no matching function for call to &#39;INA226::INA226()&#39;
 INA226 ina;
        ^~~
In file included from /home/ec2-user/arduino-testlib/cli-datadir/user/libraries/INA226Lib/examples/Latch/Latch.ino:10:0:
/home/ec2-user/arduino-testlib/cli-datadir/user/libraries/INA226/INA226.h:40:12: note: candidate: INA226::INA226(uint8_t, TwoWire*)
   explicit INA226(const uint8_t address, TwoWire *wire = &amp;Wire);
            ^~~~~~
/home/ec2-user/arduino-testlib/cli-datadir/user/libraries/INA226/INA226.h:40:12: note:   candidate expects 2 arguments, 0 provided
/home/ec2-user/arduino-testlib/cli-datadir/user/libraries/INA226/INA226.h:36:7: note: candidate: constexpr INA226::INA226(const INA226&amp;)
 class INA226
       ^~~~~~
/home/ec2-user/arduino-testlib/cli-datadir/user/libraries/INA226/INA226.h:36:7: note:   candidate expects 1 argument, 0 provided
/home/ec2-user/arduino-testlib/cli-datadir/user/libraries/INA226/INA226.h:36:7: note: candidate: constexpr INA226::INA226(INA226&amp;&amp;)
/home/ec2-user/arduino-testlib/cli-datadir/user/libraries/INA226/INA226.h:36:7: note:   candidate expects 1 argument, 0 provided
/home/ec2-user/arduino-testlib/cli-datadir/user/libraries/INA226Lib/examples/Latch/Latch.ino: In function &#39;void setup()&#39;:
/home/ec2-user/arduino-testlib/cli-datadir/user/libraries/INA226Lib/examples/Latch/Latch.ino:25:7: error: &#39;class INA226&#39; has no member named &#39;configure&#39;
   ina.configure(INA226_AVERAGES_1, INA226_BUS_CONV_TIME_1100US, INA226_SHUNT_CONV_TIME_1100US, INA226_MODE_SHUNT_BUS_CONT);
       ^~~~~~~~~
/home/ec2-user/arduino-testlib/cli-datadir/user/libraries/INA226Lib/examples/Latch/Latch.ino:25:17: error: &#39;INA226_AVERAGES_1&#39; was not declared in this scope
   ina.configure(INA226_AVERAGES_1, INA226_BUS_CONV_TIME_1100US, INA226_SHUNT_CONV_TIME_1100US, INA226_MODE_SHUNT_BUS_CONT);
                 ^~~~~~~~~~~~~~~~~
/home/ec2-user/arduino-testlib/cli-datadir/user/libraries/INA226Lib/examples/Latch/Latch.ino:25:36: error: &#39;INA226_BUS_CONV_TIME_1100US&#39; was not declared in this scope
   ina.configure(INA226_AVERAGES_1, INA226_BUS_CONV_TIME_1100US, INA226_SHUNT_CONV_TIME_1100US, INA226_MODE_SHUNT_BUS_CONT);
                                    ^~~~~~~~~~~~~~~~~~~~~~~~~~~
/home/ec2-user/arduino-testlib/cli-datadir/user/libraries/INA226Lib/examples/Latch/Latch.ino:25:65: error: &#39;INA226_SHUNT_CONV_TIME_1100US&#39; was not declared in this scope
   ina.configure(INA226_AVERAGES_1, INA226_BUS_CONV_TIME_1100US, INA226_SHUNT_CONV_TIME_1100US, INA226_MODE_SHUNT_BUS_CONT);
                                                                 ^~~~~~~~~~~~~~~~~~~~~~~~~~~~~
/home/ec2-user/arduino-testlib/cli-datadir/user/libraries/INA226Lib/examples/Latch/Latch.ino:25:65: note: suggested alternative: &#39;INA226_SHUNT_OVER_VOLTAGE&#39;
   ina.configure(INA226_AVERAGES_1, INA226_BUS_CONV_TIME_1100US, INA226_SHUNT_CONV_TIME_1100US, INA226_MODE_SHUNT_BUS_CONT);
                                                                 ^~~~~~~~~~~~~~~~~~~~~~~~~~~~~
                                                                 INA226_SHUNT_OVER_VOLTAGE
/home/ec2-user/arduino-testlib/cli-datadir/user/libraries/INA226Lib/examples/Latch/Latch.ino:25:96: error: &#39;INA226_MODE_SHUNT_BUS_CONT&#39; was not declared in this scope
   ina.configure(INA226_AVERAGES_1, INA226_BUS_CONV_TIME_1100US, INA226_SHUNT_CONV_TIME_1100US, INA226_MODE_SHUNT_BUS_CONT);
                                                                                                ^~~~~~~~~~~~~~~~~~~~~~~~~~
/home/ec2-user/arduino-testlib/cli-datadir/user/libraries/INA226Lib/examples/Latch/Latch.ino:28:7: error: &#39;class INA226&#39; has no member named &#39;calibrate&#39;; did you mean &#39;isCalibrated&#39;?
   ina.calibrate(0.01, 4);
       ^~~~~~~~~
       isCalibrated
/home/ec2-user/arduino-testlib/cli-datadir/user/libraries/INA226Lib/examples/Latch/Latch.ino:31:7: error: &#39;class INA226&#39; has no member named &#39;enableOverPowerLimitAlert&#39;
   ina.enableOverPowerLimitAlert();
       ^~~~~~~~~~~~~~~~~~~~~~~~~
/home/ec2-user/arduino-testlib/cli-datadir/user/libraries/INA226Lib/examples/Latch/Latch.ino:32:7: error: &#39;class INA226&#39; has no member named &#39;setPowerLimit&#39;; did you mean &#39;setAlertLimit&#39;?
   ina.setPowerLimit(0.130);
       ^~~~~~~~~~~~~
       setAlertLimit
/home/ec2-user/arduino-testlib/cli-datadir/user/libraries/INA226Lib/examples/Latch/Latch.ino:33:7: error: &#39;class INA226&#39; has no member named &#39;setAlertLatch&#39;; did you mean &#39;setAlertLimit&#39;?
   ina.setAlertLatch(true);
       ^~~~~~~~~~~~~
       setAlertLimit
/home/ec2-user/arduino-testlib/cli-datadir/user/libraries/INA226Lib/examples/Latch/Latch.ino: In function &#39;void loop()&#39;:
/home/ec2-user/arduino-testlib/cli-datadir/user/libraries/INA226Lib/examples/Latch/Latch.ino:39:20: error: &#39;class INA226&#39; has no member named &#39;readBusVoltage&#39;; did you mean &#39;getBusVoltage&#39;?
   Serial.print(ina.readBusVoltage(), 5);
                    ^~~~~~~~~~~~~~
                    getBusVoltage
/home/ec2-user/arduino-testlib/cli-datadir/user/libraries/INA226Lib/examples/Latch/Latch.ino:43:20: error: &#39;class INA226&#39; has no member named &#39;readBusPower&#39;; did you mean &#39;getPower&#39;?
   Serial.print(ina.readBusPower(), 5);
                    ^~~~~~~~~~~~
                    getPower
/home/ec2-user/arduino-testlib/cli-datadir/user/libraries/INA226Lib/examples/Latch/Latch.ino:48:20: error: &#39;class INA226&#39; has no member named &#39;readShuntVoltage&#39;; did you mean &#39;getShuntVoltage&#39;?
   Serial.print(ina.readShuntVoltage(), 5);
                    ^~~~~~~~~~~~~~~~
                    getShuntVoltage
/home/ec2-user/arduino-testlib/cli-datadir/user/libraries/INA226Lib/examples/Latch/Latch.ino:52:20: error: &#39;class INA226&#39; has no member named &#39;readShuntCurrent&#39;; did you mean &#39;getCurrent&#39;?
   Serial.print(ina.readShuntCurrent(), 5);
                    ^~~~~~~~~~~~~~~~
                    getCurrent
/home/ec2-user/arduino-testlib/cli-datadir/user/libraries/INA226Lib/examples/Latch/Latch.ino:55:11: error: &#39;class INA226&#39; has no member named &#39;isAlert&#39;
   if (ina.isAlert())
           ^~~~~~~
Multiple libraries were found for &#34;INA226.h&#34;
  Used: /home/ec2-user/arduino-testlib/cli-datadir/user/libraries/INA226
  Not used: /home/ec2-user/arduino-testlib/cli-datadir/user/libraries/GyverINA
  Not used: /home/ec2-user/arduino-testlib/cli-datadir/user/libraries/Arduino_ScienceJournal
  Not used: /home/ec2-user/arduino-testlib/cli-datadir/user/libraries/INA226Lib
</pre>
					
					<h4>examples/Simple</h4>
					<p>
						Result: <b>FAIL</b>
					</p>
					<pre class="pre-scrollable">/home/ec2-user/arduino-testlib/cli-datadir/user/libraries/INA226Lib/examples/Simple/Simple.ino:12:8: error: no matching function for call to &#39;INA226::INA226()&#39;
 INA226 ina;
        ^~~
In file included from /home/ec2-user/arduino-testlib/cli-datadir/user/libraries/INA226Lib/examples/Simple/Simple.ino:10:0:
/home/ec2-user/arduino-testlib/cli-datadir/user/libraries/INA226/INA226.h:40:12: note: candidate: INA226::INA226(uint8_t, TwoWire*)
   explicit INA226(const uint8_t address, TwoWire *wire = &amp;Wire);
            ^~~~~~
/home/ec2-user/arduino-testlib/cli-datadir/user/libraries/INA226/INA226.h:40:12: note:   candidate expects 2 arguments, 0 provided
/home/ec2-user/arduino-testlib/cli-datadir/user/libraries/INA226/INA226.h:36:7: note: candidate: constexpr INA226::INA226(const INA226&amp;)
 class INA226
       ^~~~~~
/home/ec2-user/arduino-testlib/cli-datadir/user/libraries/INA226/INA226.h:36:7: note:   candidate expects 1 argument, 0 provided
/home/ec2-user/arduino-testlib/cli-datadir/user/libraries/INA226/INA226.h:36:7: note: candidate: constexpr INA226::INA226(INA226&amp;&amp;)
/home/ec2-user/arduino-testlib/cli-datadir/user/libraries/INA226/INA226.h:36:7: note:   candidate expects 1 argument, 0 provided
/home/ec2-user/arduino-testlib/cli-datadir/user/libraries/INA226Lib/examples/Simple/Simple.ino: In function &#39;void checkConfig()&#39;:
/home/ec2-user/arduino-testlib/cli-datadir/user/libraries/INA226Lib/examples/Simple/Simple.ino:19:10: error: &#39;INA226_MODE_POWER_DOWN&#39; was not declared in this scope
     case INA226_MODE_POWER_DOWN:      Serial.println(&#34;Power-Down&#34;); break;
          ^~~~~~~~~~~~~~~~~~~~~~
/home/ec2-user/arduino-testlib/cli-datadir/user/libraries/INA226Lib/examples/Simple/Simple.ino:19:10: note: suggested alternative: &#39;SLEEP_MODE_PWR_DOWN&#39;
     case INA226_MODE_POWER_DOWN:      Serial.println(&#34;Power-Down&#34;); break;
          ^~~~~~~~~~~~~~~~~~~~~~
          SLEEP_MODE_PWR_DOWN
/home/ec2-user/arduino-testlib/cli-datadir/user/libraries/INA226Lib/examples/Simple/Simple.ino:20:10: error: &#39;INA226_MODE_SHUNT_TRIG&#39; was not declared in this scope
     case INA226_MODE_SHUNT_TRIG:      Serial.println(&#34;Shunt Voltage, Triggered&#34;); break;
          ^~~~~~~~~~~~~~~~~~~~~~
/home/ec2-user/arduino-testlib/cli-datadir/user/libraries/INA226Lib/examples/Simple/Simple.ino:21:10: error: &#39;INA226_MODE_BUS_TRIG&#39; was not declared in this scope
     case INA226_MODE_BUS_TRIG:        Serial.println(&#34;Bus Voltage, Triggered&#34;); break;
          ^~~~~~~~~~~~~~~~~~~~
/home/ec2-user/arduino-testlib/cli-datadir/user/libraries/INA226Lib/examples/Simple/Simple.ino:21:10: note: suggested alternative: &#39;INA226_POWER_OVER_LIMIT&#39;
     case INA226_MODE_BUS_TRIG:        Serial.println(&#34;Bus Voltage, Triggered&#34;); break;
          ^~~~~~~~~~~~~~~~~~~~
          INA226_POWER_OVER_LIMIT
/home/ec2-user/arduino-testlib/cli-datadir/user/libraries/INA226Lib/examples/Simple/Simple.ino:22:10: error: &#39;INA226_MODE_SHUNT_BUS_TRIG&#39; was not declared in this scope
     case INA226_MODE_SHUNT_BUS_TRIG:  Serial.println(&#34;Shunt and Bus, Triggered&#34;); break;
          ^~~~~~~~~~~~~~~~~~~~~~~~~~
/home/ec2-user/arduino-testlib/cli-datadir/user/libraries/INA226Lib/examples/Simple/Simple.ino:23:10: error: &#39;INA226_MODE_ADC_OFF&#39; was not declared in this scope
     case INA226_MODE_ADC_OFF:         Serial.println(&#34;ADC Off&#34;); break;
          ^~~~~~~~~~~~~~~~~~~
/home/ec2-user/arduino-testlib/cli-datadir/user/libraries/INA226Lib/examples/Simple/Simple.ino:24:10: error: &#39;INA226_MODE_SHUNT_CONT&#39; was not declared in this scope
     case INA226_MODE_SHUNT_CONT:      Serial.println(&#34;Shunt Voltage, Continuous&#34;); break;
          ^~~~~~~~~~~~~~~~~~~~~~
/home/ec2-user/arduino-testlib/cli-datadir/user/libraries/INA226Lib/examples/Simple/Simple.ino:25:10: error: &#39;INA226_MODE_BUS_CONT&#39; was not declared in this scope
     case INA226_MODE_BUS_CONT:        Serial.println(&#34;Bus Voltage, Continuous&#34;); break;
          ^~~~~~~~~~~~~~~~~~~~
/home/ec2-user/arduino-testlib/cli-datadir/user/libraries/INA226Lib/examples/Simple/Simple.ino:25:10: note: suggested alternative: &#39;INA226_LIB_VERSION&#39;
     case INA226_MODE_BUS_CONT:        Serial.println(&#34;Bus Voltage, Continuous&#34;); break;
          ^~~~~~~~~~~~~~~~~~~~
          INA226_LIB_VERSION
/home/ec2-user/arduino-testlib/cli-datadir/user/libraries/INA226Lib/examples/Simple/Simple.ino:26:10: error: &#39;INA226_MODE_SHUNT_BUS_CONT&#39; was not declared in this scope
     case INA226_MODE_SHUNT_BUS_CONT:  Serial.println(&#34;Shunt and Bus, Continuous&#34;); break;
          ^~~~~~~~~~~~~~~~~~~~~~~~~~
/home/ec2-user/arduino-testlib/cli-datadir/user/libraries/INA226Lib/examples/Simple/Simple.ino:31:15: error: &#39;class INA226&#39; has no member named &#39;getAverages&#39;; did you mean &#39;getAverage&#39;?
   switch (ina.getAverages())
               ^~~~~~~~~~~
               getAverage
/home/ec2-user/arduino-testlib/cli-datadir/user/libraries/INA226Lib/examples/Simple/Simple.ino:33:10: error: &#39;INA226_AVERAGES_1&#39; was not declared in this scope
     case INA226_AVERAGES_1:           Serial.println(&#34;1 sample&#34;); break;
          ^~~~~~~~~~~~~~~~~
/home/ec2-user/arduino-testlib/cli-datadir/user/libraries/INA226Lib/examples/Simple/Simple.ino:34:10: error: &#39;INA226_AVERAGES_4&#39; was not declared in this scope
     case INA226_AVERAGES_4:           Serial.println(&#34;4 samples&#34;); break;
          ^~~~~~~~~~~~~~~~~
/home/ec2-user/arduino-testlib/cli-datadir/user/libraries/INA226Lib/examples/Simple/Simple.ino:35:10: error: &#39;INA226_AVERAGES_16&#39; was not declared in this scope
     case INA226_AVERAGES_16:          Serial.println(&#34;16 samples&#34;); break;
          ^~~~~~~~~~~~~~~~~~
/home/ec2-user/arduino-testlib/cli-datadir/user/libraries/INA226Lib/examples/Simple/Simple.ino:36:10: error: &#39;INA226_AVERAGES_64&#39; was not declared in this scope
     case INA226_AVERAGES_64:          Serial.println(&#34;64 samples&#34;); break;
          ^~~~~~~~~~~~~~~~~~
/home/ec2-user/arduino-testlib/cli-datadir/user/libraries/INA226Lib/examples/Simple/Simple.ino:37:10: error: &#39;INA226_AVERAGES_128&#39; was not declared in this scope
     case INA226_AVERAGES_128:         Serial.println(&#34;128 samples&#34;); break;
          ^~~~~~~~~~~~~~~~~~~
/home/ec2-user/arduino-testlib/cli-datadir/user/libraries/INA226Lib/examples/Simple/Simple.ino:38:10: error: &#39;INA226_AVERAGES_256&#39; was not declared in this scope
     case INA226_AVERAGES_256:         Serial.println(&#34;256 samples&#34;); break;
          ^~~~~~~~~~~~~~~~~~~
/home/ec2-user/arduino-testlib/cli-datadir/user/libraries/INA226Lib/examples/Simple/Simple.ino:39:10: error: &#39;INA226_AVERAGES_512&#39; was not declared in this scope
     case INA226_AVERAGES_512:         Serial.println(&#34;512 samples&#34;); break;
          ^~~~~~~~~~~~~~~~~~~
/home/ec2-user/arduino-testlib/cli-datadir/user/libraries/INA226Lib/examples/Simple/Simple.ino:40:10: error: &#39;INA226_AVERAGES_1024&#39; was not declared in this scope
     case INA226_AVERAGES_1024:        Serial.println(&#34;1024 samples&#34;); break;
          ^~~~~~~~~~~~~~~~~~~~
/home/ec2-user/arduino-testlib/cli-datadir/user/libraries/INA226Lib/examples/Simple/Simple.ino:45:15: error: &#39;class INA226&#39; has no member named &#39;getBusConversionTime&#39;; did you mean &#39;getBusVoltageConversionTime&#39;?
   switch (ina.getBusConversionTime())
               ^~~~~~~~~~~~~~~~~~~~
               getBusVoltageConversionTime
/home/ec2-user/arduino-testlib/cli-datadir/user/libraries/INA226Lib/examples/Simple/Simple.ino:47:10: error: &#39;INA226_BUS_CONV_TIME_140US&#39; was not declared in this scope
     case INA226_BUS_CONV_TIME_140US:  Serial.println(&#34;140uS&#34;); break;
          ^~~~~~~~~~~~~~~~~~~~~~~~~~
/home/ec2-user/arduino-testlib/cli-datadir/user/libraries/INA226Lib/examples/Simple/Simple.ino:47:10: note: suggested alternative: &#39;INA226_BUS_OVER_VOLTAGE&#39;
     case INA226_BUS_CONV_TIME_140US:  Serial.println(&#34;140uS&#34;); break;
          ^~~~~~~~~~~~~~~~~~~~~~~~~~
          INA226_BUS_OVER_VOLTAGE
/home/ec2-user/arduino-testlib/cli-datadir/user/libraries/INA226Lib/examples/Simple/Simple.ino:48:10: error: &#39;INA226_BUS_CONV_TIME_204US&#39; was not declared in this scope
     case INA226_BUS_CONV_TIME_204US:  Serial.println(&#34;204uS&#34;); break;
          ^~~~~~~~~~~~~~~~~~~~~~~~~~
/home/ec2-user/arduino-testlib/cli-datadir/user/libraries/INA226Lib/examples/Simple/Simple.ino:48:10: note: suggested alternative: &#39;INA226_BUS_OVER_VOLTAGE&#39;
     case INA226_BUS_CONV_TIME_204US:  Serial.println(&#34;204uS&#34;); break;
          ^~~~~~~~~~~~~~~~~~~~~~~~~~
          INA226_BUS_OVER_VOLTAGE
/home/ec2-user/arduino-testlib/cli-datadir/user/libraries/INA226Lib/examples/Simple/Simple.ino:49:10: error: &#39;INA226_BUS_CONV_TIME_332US&#39; was not declared in this scope
     case INA226_BUS_CONV_TIME_332US:  Serial.println(&#34;332uS&#34;); break;
          ^~~~~~~~~~~~~~~~~~~~~~~~~~
/home/ec2-user/arduino-testlib/cli-datadir/user/libraries/INA226Lib/examples/Simple/Simple.ino:49:10: note: suggested alternative: &#39;INA226_BUS_OVER_VOLTAGE&#39;
     case INA226_BUS_CONV_TIME_332US:  Serial.println(&#34;332uS&#34;); break;
          ^~~~~~~~~~~~~~~~~~~~~~~~~~
          INA226_BUS_OVER_VOLTAGE
/home/ec2-user/arduino-testlib/cli-datadir/user/libraries/INA226Lib/examples/Simple/Simple.ino:50:10: error: &#39;INA226_BUS_CONV_TIME_588US&#39; was not declared in this scope
     case INA226_BUS_CONV_TIME_588US:  Serial.println(&#34;558uS&#34;); break;
          ^~~~~~~~~~~~~~~~~~~~~~~~~~
/home/ec2-user/arduino-testlib/cli-datadir/user/libraries/INA226Lib/examples/Simple/Simple.ino:50:10: note: suggested alternative: &#39;INA226_BUS_OVER_VOLTAGE&#39;
     case INA226_BUS_CONV_TIME_588US:  Serial.println(&#34;558uS&#34;); break;
          ^~~~~~~~~~~~~~~~~~~~~~~~~~
          INA226_BUS_OVER_VOLTAGE
/home/ec2-user/arduino-testlib/cli-datadir/user/libraries/INA226Lib/examples/Simple/Simple.ino:51:10: error: &#39;INA226_BUS_CONV_TIME_1100US&#39; was not declared in this scope
     case INA226_BUS_CONV_TIME_1100US: Serial.println(&#34;1.100ms&#34;); break;
          ^~~~~~~~~~~~~~~~~~~~~~~~~~~
/home/ec2-user/arduino-testlib/cli-datadir/user/libraries/INA226Lib/examples/Simple/Simple.ino:52:10: error: &#39;INA226_BUS_CONV_TIME_2116US&#39; was not declared in thi</pre>
					
				
				<h3 id="arduino:mbed_nano:nanorp2040connect">arduino:mbed_nano:nanorp2040connect @ 2.7.2</h3>
				<h4>Inclusion</h4>
				<p>
					Result: <b>PASS</b>
					
				</p>
				<pre class="pre-scrollable">Sketch uses 81706 bytes (0%) of program storage space. Maximum is 16777216 bytes.
Global variables use 44220 bytes (16%) of dynamic memory, leaving 226116 bytes for local variables. Maximum is 270336 bytes.
</pre>

					
					<h4>examples/Alert</h4>
					<p>
						Result: <b>FAIL</b>
					</p>
					<pre class="pre-scrollable">/home/ec2-user/arduino-testlib/cli-datadir/user/libraries/INA226Lib/examples/Alert/Alert.ino:12:8: error: no matching function for call to &#39;INA226::INA226()&#39;
 INA226 ina;
        ^~~
In file included from /home/ec2-user/arduino-testlib/cli-datadir/user/libraries/INA226Lib/examples/Alert/Alert.ino:10:0:
/home/ec2-user/arduino-testlib/cli-datadir/user/libraries/INA226/INA226.h:40:12: note: candidate: INA226::INA226(uint8_t, TwoWire*)
   explicit INA226(const uint8_t address, TwoWire *wire = &amp;Wire);
            ^~~~~~
/home/ec2-user/arduino-testlib/cli-datadir/user/libraries/INA226/INA226.h:40:12: note:   candidate expects 2 arguments, 0 provided
/home/ec2-user/arduino-testlib/cli-datadir/user/libraries/INA226/INA226.h:36:7: note: candidate: constexpr INA226::INA226(const INA226&amp;)
 class INA226
       ^~~~~~
/home/ec2-user/arduino-testlib/cli-datadir/user/libraries/INA226/INA226.h:36:7: note:   candidate expects 1 argument, 0 provided
/home/ec2-user/arduino-testlib/cli-datadir/user/libraries/INA226/INA226.h:36:7: note: candidate: constexpr INA226::INA226(INA226&amp;&amp;)
/home/ec2-user/arduino-testlib/cli-datadir/user/libraries/INA226/INA226.h:36:7: note:   candidate expects 1 argument, 0 provided
/home/ec2-user/arduino-testlib/cli-datadir/user/libraries/INA226Lib/examples/Alert/Alert.ino: In function &#39;void setup()&#39;:
/home/ec2-user/arduino-testlib/cli-datadir/user/libraries/INA226Lib/examples/Alert/Alert.ino:25:7: error: &#39;class INA226&#39; has no member named &#39;configure&#39;
   ina.configure(INA226_AVERAGES_1, INA226_BUS_CONV_TIME_1100US, INA226_SHUNT_CONV_TIME_1100US, INA226_MODE_SHUNT_BUS_CONT);
       ^~~~~~~~~
/home/ec2-user/arduino-testlib/cli-datadir/user/libraries/INA226Lib/examples/Alert/Alert.ino:25:17: error: &#39;INA226_AVERAGES_1&#39; was not declared in this scope
   ina.configure(INA226_AVERAGES_1, INA226_BUS_CONV_TIME_1100US, INA226_SHUNT_CONV_TIME_1100US, INA226_MODE_SHUNT_BUS_CONT);
                 ^~~~~~~~~~~~~~~~~
/home/ec2-user/arduino-testlib/cli-datadir/user/libraries/INA226Lib/examples/Alert/Alert.ino:25:36: error: &#39;INA226_BUS_CONV_TIME_1100US&#39; was not declared in this scope
   ina.configure(INA226_AVERAGES_1, INA226_BUS_CONV_TIME_1100US, INA226_SHUNT_CONV_TIME_1100US, INA226_MODE_SHUNT_BUS_CONT);
                                    ^~~~~~~~~~~~~~~~~~~~~~~~~~~
/home/ec2-user/arduino-testlib/cli-datadir/user/libraries/INA226Lib/examples/Alert/Alert.ino:25:65: error: &#39;INA226_SHUNT_CONV_TIME_1100US&#39; was not declared in this scope
   ina.configure(INA226_AVERAGES_1, INA226_BUS_CONV_TIME_1100US, INA226_SHUNT_CONV_TIME_1100US, INA226_MODE_SHUNT_BUS_CONT);
                                                                 ^~~~~~~~~~~~~~~~~~~~~~~~~~~~~
/home/ec2-user/arduino-testlib/cli-datadir/user/libraries/INA226Lib/examples/Alert/Alert.ino:25:65: note: suggested alternative: &#39;INA226_SHUNT_OVER_VOLTAGE&#39;
   ina.configure(INA226_AVERAGES_1, INA226_BUS_CONV_TIME_1100US, INA226_SHUNT_CONV_TIME_1100US, INA226_MODE_SHUNT_BUS_CONT);
                                                                 ^~~~~~~~~~~~~~~~~~~~~~~~~~~~~
                                                                 INA226_SHUNT_OVER_VOLTAGE
/home/ec2-user/arduino-testlib/cli-datadir/user/libraries/INA226Lib/examples/Alert/Alert.ino:25:96: error: &#39;INA226_MODE_SHUNT_BUS_CONT&#39; was not declared in this scope
   ina.configure(INA226_AVERAGES_1, INA226_BUS_CONV_TIME_1100US, INA226_SHUNT_CONV_TIME_1100US, INA226_MODE_SHUNT_BUS_CONT);
                                                                                                ^~~~~~~~~~~~~~~~~~~~~~~~~~
/home/ec2-user/arduino-testlib/cli-datadir/user/libraries/INA226Lib/examples/Alert/Alert.ino:28:7: error: &#39;class INA226&#39; has no member named &#39;calibrate&#39;; did you mean &#39;isCalibrated&#39;?
   ina.calibrate(0.01, 4);
       ^~~~~~~~~
       isCalibrated
/home/ec2-user/arduino-testlib/cli-datadir/user/libraries/INA226Lib/examples/Alert/Alert.ino:41:7: error: &#39;class INA226&#39; has no member named &#39;enableOverPowerLimitAlert&#39;
   ina.enableOverPowerLimitAlert();
       ^~~~~~~~~~~~~~~~~~~~~~~~~
/home/ec2-user/arduino-testlib/cli-datadir/user/libraries/INA226Lib/examples/Alert/Alert.ino:42:7: error: &#39;class INA226&#39; has no member named &#39;setPowerLimit&#39;; did you mean &#39;setAlertLimit&#39;?
   ina.setPowerLimit(0.130);
       ^~~~~~~~~~~~~
       setAlertLimit
/home/ec2-user/arduino-testlib/cli-datadir/user/libraries/INA226Lib/examples/Alert/Alert.ino: In function &#39;void loop()&#39;:
/home/ec2-user/arduino-testlib/cli-datadir/user/libraries/INA226Lib/examples/Alert/Alert.ino:50:20: error: &#39;class INA226&#39; has no member named &#39;readBusVoltage&#39;; did you mean &#39;getBusVoltage&#39;?
   Serial.print(ina.readBusVoltage(), 5);
                    ^~~~~~~~~~~~~~
                    getBusVoltage
/home/ec2-user/arduino-testlib/cli-datadir/user/libraries/INA226Lib/examples/Alert/Alert.ino:54:20: error: &#39;class INA226&#39; has no member named &#39;readBusPower&#39;; did you mean &#39;getPower&#39;?
   Serial.print(ina.readBusPower(), 5);
                    ^~~~~~~~~~~~
                    getPower
/home/ec2-user/arduino-testlib/cli-datadir/user/libraries/INA226Lib/examples/Alert/Alert.ino:58:20: error: &#39;class INA226&#39; has no member named &#39;readShuntVoltage&#39;; did you mean &#39;getShuntVoltage&#39;?
   Serial.print(ina.readShuntVoltage(), 5);
                    ^~~~~~~~~~~~~~~~
                    getShuntVoltage
/home/ec2-user/arduino-testlib/cli-datadir/user/libraries/INA226Lib/examples/Alert/Alert.ino:62:20: error: &#39;class INA226&#39; has no member named &#39;readShuntCurrent&#39;; did you mean &#39;getCurrent&#39;?
   Serial.print(ina.readShuntCurrent(), 5);
                    ^~~~~~~~~~~~~~~~
                    getCurrent
Multiple libraries were found for &#34;INA226.h&#34;
  Used: /home/ec2-user/arduino-testlib/cli-datadir/user/libraries/INA226
  Not used: /home/ec2-user/arduino-testlib/cli-datadir/user/libraries/GyverINA
  Not used: /home/ec2-user/arduino-testlib/cli-datadir/user/libraries/Arduino_ScienceJournal
  Not used: /home/ec2-user/arduino-testlib/cli-datadir/user/libraries/INA226Lib
</pre>
					
					<h4>examples/Latch</h4>
					<p>
						Result: <b>FAIL</b>
					</p>
					<pre class="pre-scrollable">/home/ec2-user/arduino-testlib/cli-datadir/user/libraries/INA226Lib/examples/Latch/Latch.ino:12:8: error: no matching function for call to &#39;INA226::INA226()&#39;
 INA226 ina;
        ^~~
In file included from /home/ec2-user/arduino-testlib/cli-datadir/user/libraries/INA226Lib/examples/Latch/Latch.ino:10:0:
/home/ec2-user/arduino-testlib/cli-datadir/user/libraries/INA226/INA226.h:40:12: note: candidate: INA226::INA226(uint8_t, TwoWire*)
   explicit INA226(const uint8_t address, TwoWire *wire = &amp;Wire);
            ^~~~~~
/home/ec2-user/arduino-testlib/cli-datadir/user/libraries/INA226/INA226.h:40:12: note:   candidate expects 2 arguments, 0 provided
/home/ec2-user/arduino-testlib/cli-datadir/user/libraries/INA226/INA226.h:36:7: note: candidate: constexpr INA226::INA226(const INA226&amp;)
 class INA226
       ^~~~~~
/home/ec2-user/arduino-testlib/cli-datadir/user/libraries/INA226/INA226.h:36:7: note:   candidate expects 1 argument, 0 provided
/home/ec2-user/arduino-testlib/cli-datadir/user/libraries/INA226/INA226.h:36:7: note: candidate: constexpr INA226::INA226(INA226&amp;&amp;)
/home/ec2-user/arduino-testlib/cli-datadir/user/libraries/INA226/INA226.h:36:7: note:   candidate expects 1 argument, 0 provided
/home/ec2-user/arduino-testlib/cli-datadir/user/libraries/INA226Lib/examples/Latch/Latch.ino: In function &#39;void setup()&#39;:
/home/ec2-user/arduino-testlib/cli-datadir/user/libraries/INA226Lib/examples/Latch/Latch.ino:25:7: error: &#39;class INA226&#39; has no member named &#39;configure&#39;
   ina.configure(INA226_AVERAGES_1, INA226_BUS_CONV_TIME_1100US, INA226_SHUNT_CONV_TIME_1100US, INA226_MODE_SHUNT_BUS_CONT);
       ^~~~~~~~~
/home/ec2-user/arduino-testlib/cli-datadir/user/libraries/INA226Lib/examples/Latch/Latch.ino:25:17: error: &#39;INA226_AVERAGES_1&#39; was not declared in this scope
   ina.configure(INA226_AVERAGES_1, INA226_BUS_CONV_TIME_1100US, INA226_SHUNT_CONV_TIME_1100US, INA226_MODE_SHUNT_BUS_CONT);
                 ^~~~~~~~~~~~~~~~~
/home/ec2-user/arduino-testlib/cli-datadir/user/libraries/INA226Lib/examples/Latch/Latch.ino:25:36: error: &#39;INA226_BUS_CONV_TIME_1100US&#39; was not declared in this scope
   ina.configure(INA226_AVERAGES_1, INA226_BUS_CONV_TIME_1100US, INA226_SHUNT_CONV_TIME_1100US, INA226_MODE_SHUNT_BUS_CONT);
                                    ^~~~~~~~~~~~~~~~~~~~~~~~~~~
/home/ec2-user/arduino-testlib/cli-datadir/user/libraries/INA226Lib/examples/Latch/Latch.ino:25:65: error: &#39;INA226_SHUNT_CONV_TIME_1100US&#39; was not declared in this scope
   ina.configure(INA226_AVERAGES_1, INA226_BUS_CONV_TIME_1100US, INA226_SHUNT_CONV_TIME_1100US, INA226_MODE_SHUNT_BUS_CONT);
                                                                 ^~~~~~~~~~~~~~~~~~~~~~~~~~~~~
/home/ec2-user/arduino-testlib/cli-datadir/user/libraries/INA226Lib/examples/Latch/Latch.ino:25:65: note: suggested alternative: &#39;INA226_SHUNT_OVER_VOLTAGE&#39;
   ina.configure(INA226_AVERAGES_1, INA226_BUS_CONV_TIME_1100US, INA226_SHUNT_CONV_TIME_1100US, INA226_MODE_SHUNT_BUS_CONT);
                                                                 ^~~~~~~~~~~~~~~~~~~~~~~~~~~~~
                                                                 INA226_SHUNT_OVER_VOLTAGE
/home/ec2-user/arduino-testlib/cli-datadir/user/libraries/INA226Lib/examples/Latch/Latch.ino:25:96: error: &#39;INA226_MODE_SHUNT_BUS_CONT&#39; was not declared in this scope
   ina.configure(INA226_AVERAGES_1, INA226_BUS_CONV_TIME_1100US, INA226_SHUNT_CONV_TIME_1100US, INA226_MODE_SHUNT_BUS_CONT);
                                                                                                ^~~~~~~~~~~~~~~~~~~~~~~~~~
/home/ec2-user/arduino-testlib/cli-datadir/user/libraries/INA226Lib/examples/Latch/Latch.ino:28:7: error: &#39;class INA226&#39; has no member named &#39;calibrate&#39;; did you mean &#39;isCalibrated&#39;?
   ina.calibrate(0.01, 4);
       ^~~~~~~~~
       isCalibrated
/home/ec2-user/arduino-testlib/cli-datadir/user/libraries/INA226Lib/examples/Latch/Latch.ino:31:7: error: &#39;class INA226&#39; has no member named &#39;enableOverPowerLimitAlert&#39;
   ina.enableOverPowerLimitAlert();
       ^~~~~~~~~~~~~~~~~~~~~~~~~
/home/ec2-user/arduino-testlib/cli-datadir/user/libraries/INA226Lib/examples/Latch/Latch.ino:32:7: error: &#39;class INA226&#39; has no member named &#39;setPowerLimit&#39;; did you mean &#39;setAlertLimit&#39;?
   ina.setPowerLimit(0.130);
       ^~~~~~~~~~~~~
       setAlertLimit
/home/ec2-user/arduino-testlib/cli-datadir/user/libraries/INA226Lib/examples/Latch/Latch.ino:33:7: error: &#39;class INA226&#39; has no member named &#39;setAlertLatch&#39;; did you mean &#39;setAlertLimit&#39;?
   ina.setAlertLatch(true);
       ^~~~~~~~~~~~~
       setAlertLimit
/home/ec2-user/arduino-testlib/cli-datadir/user/libraries/INA226Lib/examples/Latch/Latch.ino: In function &#39;void loop()&#39;:
/home/ec2-user/arduino-testlib/cli-datadir/user/libraries/INA226Lib/examples/Latch/Latch.ino:39:20: error: &#39;class INA226&#39; has no member named &#39;readBusVoltage&#39;; did you mean &#39;getBusVoltage&#39;?
   Serial.print(ina.readBusVoltage(), 5);
                    ^~~~~~~~~~~~~~
                    getBusVoltage
/home/ec2-user/arduino-testlib/cli-datadir/user/libraries/INA226Lib/examples/Latch/Latch.ino:43:20: error: &#39;class INA226&#39; has no member named &#39;readBusPower&#39;; did you mean &#39;getPower&#39;?
   Serial.print(ina.readBusPower(), 5);
                    ^~~~~~~~~~~~
                    getPower
/home/ec2-user/arduino-testlib/cli-datadir/user/libraries/INA226Lib/examples/Latch/Latch.ino:48:20: error: &#39;class INA226&#39; has no member named &#39;readShuntVoltage&#39;; did you mean &#39;getShuntVoltage&#39;?
   Serial.print(ina.readShuntVoltage(), 5);
                    ^~~~~~~~~~~~~~~~
                    getShuntVoltage
/home/ec2-user/arduino-testlib/cli-datadir/user/libraries/INA226Lib/examples/Latch/Latch.ino:52:20: error: &#39;class INA226&#39; has no member named &#39;readShuntCurrent&#39;; did you mean &#39;getCurrent&#39;?
   Serial.print(ina.readShuntCurrent(), 5);
                    ^~~~~~~~~~~~~~~~
                    getCurrent
/home/ec2-user/arduino-testlib/cli-datadir/user/libraries/INA226Lib/examples/Latch/Latch.ino:55:11: error: &#39;class INA226&#39; has no member named &#39;isAlert&#39;
   if (ina.isAlert())
           ^~~~~~~
Multiple libraries were found for &#34;INA226.h&#34;
  Used: /home/ec2-user/arduino-testlib/cli-datadir/user/libraries/INA226
  Not used: /home/ec2-user/arduino-testlib/cli-datadir/user/libraries/Arduino_ScienceJournal
  Not used: /home/ec2-user/arduino-testlib/cli-datadir/user/libraries/INA226Lib
  Not used: /home/ec2-user/arduino-testlib/cli-datadir/user/libraries/GyverINA
</pre>
					
					<h4>examples/Simple</h4>
					<p>
						Result: <b>FAIL</b>
					</p>
					<pre class="pre-scrollable">/home/ec2-user/arduino-testlib/cli-datadir/user/libraries/INA226Lib/examples/Simple/Simple.ino:12:8: error: no matching function for call to &#39;INA226::INA226()&#39;
 INA226 ina;
        ^~~
In file included from /home/ec2-user/arduino-testlib/cli-datadir/user/libraries/INA226Lib/examples/Simple/Simple.ino:10:0:
/home/ec2-user/arduino-testlib/cli-datadir/user/libraries/INA226/INA226.h:40:12: note: candidate: INA226::INA226(uint8_t, TwoWire*)
   explicit INA226(const uint8_t address, TwoWire *wire = &amp;Wire);
            ^~~~~~
/home/ec2-user/arduino-testlib/cli-datadir/user/libraries/INA226/INA226.h:40:12: note:   candidate expects 2 arguments, 0 provided
/home/ec2-user/arduino-testlib/cli-datadir/user/libraries/INA226/INA226.h:36:7: note: candidate: constexpr INA226::INA226(const INA226&amp;)
 class INA226
       ^~~~~~
/home/ec2-user/arduino-testlib/cli-datadir/user/libraries/INA226/INA226.h:36:7: note:   candidate expects 1 argument, 0 provided
/home/ec2-user/arduino-testlib/cli-datadir/user/libraries/INA226/INA226.h:36:7: note: candidate: constexpr INA226::INA226(INA226&amp;&amp;)
/home/ec2-user/arduino-testlib/cli-datadir/user/libraries/INA226/INA226.h:36:7: note:   candidate expects 1 argument, 0 provided
/home/ec2-user/arduino-testlib/cli-datadir/user/libraries/INA226Lib/examples/Simple/Simple.ino: In function &#39;void checkConfig()&#39;:
/home/ec2-user/arduino-testlib/cli-datadir/user/libraries/INA226Lib/examples/Simple/Simple.ino:19:10: error: &#39;INA226_MODE_POWER_DOWN&#39; was not declared in this scope
     case INA226_MODE_POWER_DOWN:      Serial.println(&#34;Power-Down&#34;); break;
          ^~~~~~~~~~~~~~~~~~~~~~
/home/ec2-user/arduino-testlib/cli-datadir/user/libraries/INA226Lib/examples/Simple/Simple.ino:19:10: note: suggested alternative: &#39;INA226_LIB_VERSION&#39;
     case INA226_MODE_POWER_DOWN:      Serial.println(&#34;Power-Down&#34;); break;
          ^~~~~~~~~~~~~~~~~~~~~~
          INA226_LIB_VERSION
/home/ec2-user/arduino-testlib/cli-datadir/user/libraries/INA226Lib/examples/Simple/Simple.ino:20:10: error: &#39;INA226_MODE_SHUNT_TRIG&#39; was not declared in this scope
     case INA226_MODE_SHUNT_TRIG:      Serial.println(&#34;Shunt Voltage, Triggered&#34;); break;
          ^~~~~~~~~~~~~~~~~~~~~~
/home/ec2-user/arduino-testlib/cli-datadir/user/libraries/INA226Lib/examples/Simple/Simple.ino:21:10: error: &#39;INA226_MODE_BUS_TRIG&#39; was not declared in this scope
     case INA226_MODE_BUS_TRIG:        Serial.println(&#34;Bus Voltage, Triggered&#34;); break;
          ^~~~~~~~~~~~~~~~~~~~
/home/ec2-user/arduino-testlib/cli-datadir/user/libraries/INA226Lib/examples/Simple/Simple.ino:21:10: note: suggested alternative: &#39;INA226_POWER_OVER_LIMIT&#39;
     case INA226_MODE_BUS_TRIG:        Serial.println(&#34;Bus Voltage, Triggered&#34;); break;
          ^~~~~~~~~~~~~~~~~~~~
          INA226_POWER_OVER_LIMIT
/home/ec2-user/arduino-testlib/cli-datadir/user/libraries/INA226Lib/examples/Simple/Simple.ino:22:10: error: &#39;INA226_MODE_SHUNT_BUS_TRIG&#39; was not declared in this scope
     case INA226_MODE_SHUNT_BUS_TRIG:  Serial.println(&#34;Shunt and Bus, Triggered&#34;); break;
          ^~~~~~~~~~~~~~~~~~~~~~~~~~
/home/ec2-user/arduino-testlib/cli-datadir/user/libraries/INA226Lib/examples/Simple/Simple.ino:23:10: error: &#39;INA226_MODE_ADC_OFF&#39; was not declared in this scope
     case INA226_MODE_ADC_OFF:         Serial.println(&#34;ADC Off&#34;); break;
          ^~~~~~~~~~~~~~~~~~~
/home/ec2-user/arduino-testlib/cli-datadir/user/libraries/INA226Lib/examples/Simple/Simple.ino:24:10: error: &#39;INA226_MODE_SHUNT_CONT&#39; was not declared in this scope
     case INA226_MODE_SHUNT_CONT:      Serial.println(&#34;Shunt Voltage, Continuous&#34;); break;
          ^~~~~~~~~~~~~~~~~~~~~~
/home/ec2-user/arduino-testlib/cli-datadir/user/libraries/INA226Lib/examples/Simple/Simple.ino:25:10: error: &#39;INA226_MODE_BUS_CONT&#39; was not declared in this scope
     case INA226_MODE_BUS_CONT:        Serial.println(&#34;Bus Voltage, Continuous&#34;); break;
          ^~~~~~~~~~~~~~~~~~~~
/home/ec2-user/arduino-testlib/cli-datadir/user/libraries/INA226Lib/examples/Simple/Simple.ino:25:10: note: suggested alternative: &#39;INA226_LIB_VERSION&#39;
     case INA226_MODE_BUS_CONT:        Serial.println(&#34;Bus Voltage, Continuous&#34;); break;
          ^~~~~~~~~~~~~~~~~~~~
          INA226_LIB_VERSION
/home/ec2-user/arduino-testlib/cli-datadir/user/libraries/INA226Lib/examples/Simple/Simple.ino:26:10: error: &#39;INA226_MODE_SHUNT_BUS_CONT&#39; was not declared in this scope
     case INA226_MODE_SHUNT_BUS_CONT:  Serial.println(&#34;Shunt and Bus, Continuous&#34;); break;
          ^~~~~~~~~~~~~~~~~~~~~~~~~~
/home/ec2-user/arduino-testlib/cli-datadir/user/libraries/INA226Lib/examples/Simple/Simple.ino:31:15: error: &#39;class INA226&#39; has no member named &#39;getAverages&#39;; did you mean &#39;getAverage&#39;?
   switch (ina.getAverages())
               ^~~~~~~~~~~
               getAverage
/home/ec2-user/arduino-testlib/cli-datadir/user/libraries/INA226Lib/examples/Simple/Simple.ino:33:10: error: &#39;INA226_AVERAGES_1&#39; was not declared in this scope
     case INA226_AVERAGES_1:           Serial.println(&#34;1 sample&#34;); break;
          ^~~~~~~~~~~~~~~~~
/home/ec2-user/arduino-testlib/cli-datadir/user/libraries/INA226Lib/examples/Simple/Simple.ino:34:10: error: &#39;INA226_AVERAGES_4&#39; was not declared in this scope
     case INA226_AVERAGES_4:           Serial.println(&#34;4 samples&#34;); break;
          ^~~~~~~~~~~~~~~~~
/home/ec2-user/arduino-testlib/cli-datadir/user/libraries/INA226Lib/examples/Simple/Simple.ino:35:10: error: &#39;INA226_AVERAGES_16&#39; was not declared in this scope
     case INA226_AVERAGES_16:          Serial.println(&#34;16 samples&#34;); break;
          ^~~~~~~~~~~~~~~~~~
/home/ec2-user/arduino-testlib/cli-datadir/user/libraries/INA226Lib/examples/Simple/Simple.ino:36:10: error: &#39;INA226_AVERAGES_64&#39; was not declared in this scope
     case INA226_AVERAGES_64:          Serial.println(&#34;64 samples&#34;); break;
          ^~~~~~~~~~~~~~~~~~
/home/ec2-user/arduino-testlib/cli-datadir/user/libraries/INA226Lib/examples/Simple/Simple.ino:37:10: error: &#39;INA226_AVERAGES_128&#39; was not declared in this scope
     case INA226_AVERAGES_128:         Serial.println(&#34;128 samples&#34;); break;
          ^~~~~~~~~~~~~~~~~~~
/home/ec2-user/arduino-testlib/cli-datadir/user/libraries/INA226Lib/examples/Simple/Simple.ino:38:10: error: &#39;INA226_AVERAGES_256&#39; was not declared in this scope
     case INA226_AVERAGES_256:         Serial.println(&#34;256 samples&#34;); break;
          ^~~~~~~~~~~~~~~~~~~
/home/ec2-user/arduino-testlib/cli-datadir/user/libraries/INA226Lib/examples/Simple/Simple.ino:39:10: error: &#39;INA226_AVERAGES_512&#39; was not declared in this scope
     case INA226_AVERAGES_512:         Serial.println(&#34;512 samples&#34;); break;
          ^~~~~~~~~~~~~~~~~~~
/home/ec2-user/arduino-testlib/cli-datadir/user/libraries/INA226Lib/examples/Simple/Simple.ino:40:10: error: &#39;INA226_AVERAGES_1024&#39; was not declared in this scope
     case INA226_AVERAGES_1024:        Serial.println(&#34;1024 samples&#34;); break;
          ^~~~~~~~~~~~~~~~~~~~
/home/ec2-user/arduino-testlib/cli-datadir/user/libraries/INA226Lib/examples/Simple/Simple.ino:45:15: error: &#39;class INA226&#39; has no member named &#39;getBusConversionTime&#39;; did you mean &#39;getBusVoltageConversionTime&#39;?
   switch (ina.getBusConversionTime())
               ^~~~~~~~~~~~~~~~~~~~
               getBusVoltageConversionTime
/home/ec2-user/arduino-testlib/cli-datadir/user/libraries/INA226Lib/examples/Simple/Simple.ino:47:10: error: &#39;INA226_BUS_CONV_TIME_140US&#39; was not declared in this scope
     case INA226_BUS_CONV_TIME_140US:  Serial.println(&#34;140uS&#34;); break;
          ^~~~~~~~~~~~~~~~~~~~~~~~~~
/home/ec2-user/arduino-testlib/cli-datadir/user/libraries/INA226Lib/examples/Simple/Simple.ino:47:10: note: suggested alternative: &#39;INA226_BUS_OVER_VOLTAGE&#39;
     case INA226_BUS_CONV_TIME_140US:  Serial.println(&#34;140uS&#34;); break;
          ^~~~~~~~~~~~~~~~~~~~~~~~~~
          INA226_BUS_OVER_VOLTAGE
/home/ec2-user/arduino-testlib/cli-datadir/user/libraries/INA226Lib/examples/Simple/Simple.ino:48:10: error: &#39;INA226_BUS_CONV_TIME_204US&#39; was not declared in this scope
     case INA226_BUS_CONV_TIME_204US:  Serial.println(&#34;204uS&#34;); break;
          ^~~~~~~~~~~~~~~~~~~~~~~~~~
/home/ec2-user/arduino-testlib/cli-datadir/user/libraries/INA226Lib/examples/Simple/Simple.ino:48:10: note: suggested alternative: &#39;INA226_BUS_OVER_VOLTAGE&#39;
     case INA226_BUS_CONV_TIME_204US:  Serial.println(&#34;204uS&#34;); break;
          ^~~~~~~~~~~~~~~~~~~~~~~~~~
          INA226_BUS_OVER_VOLTAGE
/home/ec2-user/arduino-testlib/cli-datadir/user/libraries/INA226Lib/examples/Simple/Simple.ino:49:10: error: &#39;INA226_BUS_CONV_TIME_332US&#39; was not declared in this scope
     case INA226_BUS_CONV_TIME_332US:  Serial.println(&#34;332uS&#34;); break;
          ^~~~~~~~~~~~~~~~~~~~~~~~~~
/home/ec2-user/arduino-testlib/cli-datadir/user/libraries/INA226Lib/examples/Simple/Simple.ino:49:10: note: suggested alternative: &#39;INA226_BUS_OVER_VOLTAGE&#39;
     case INA226_BUS_CONV_TIME_332US:  Serial.println(&#34;332uS&#34;); break;
          ^~~~~~~~~~~~~~~~~~~~~~~~~~
          INA226_BUS_OVER_VOLTAGE
/home/ec2-user/arduino-testlib/cli-datadir/user/libraries/INA226Lib/examples/Simple/Simple.ino:50:10: error: &#39;INA226_BUS_CONV_TIME_588US&#39; was not declared in this scope
     case INA226_BUS_CONV_TIME_588US:  Serial.println(&#34;558uS&#34;); break;
          ^~~~~~~~~~~~~~~~~~~~~~~~~~
/home/ec2-user/arduino-testlib/cli-datadir/user/libraries/INA226Lib/examples/Simple/Simple.ino:50:10: note: suggested alternative: &#39;INA226_BUS_OVER_VOLTAGE&#39;
     case INA226_BUS_CONV_TIME_588US:  Serial.println(&#34;558uS&#34;); break;
          ^~~~~~~~~~~~~~~~~~~~~~~~~~
          INA226_BUS_OVER_VOLTAGE
/home/ec2-user/arduino-testlib/cli-datadir/user/libraries/INA226Lib/examples/Simple/Simple.ino:51:10: error: &#39;INA226_BUS_CONV_TIME_1100US&#39; was not declared in this scope
     case INA226_BUS_CONV_TIME_1100US: Serial.println(&#34;1.100ms&#34;); break;
          ^~~~~~~~~~~~~~~~~~~~~~~~~~~
/home/ec2-user/arduino-testlib/cli-datadir/user/libraries/INA226Lib/examples/Simple/Simple.ino:52:10: error: &#39;INA226_BUS_CONV_TIME_2116US&#39; was not declared in this </pre>
					
				
				<h3 id="arduino:megaavr:nona4809">arduino:megaavr:nona4809 @ 1.8.7</h3>
				<h4>Inclusion</h4>
				<p>
					Result: <b>PASS</b>
					
				</p>
				<pre class="pre-scrollable">Sketch uses 3104 bytes (6%) of program storage space. Maximum is 49152 bytes.
Global variables use 317 bytes (5%) of dynamic memory, leaving 5827 bytes for local variables. Maximum is 6144 bytes.
In file included from /home/ec2-user/arduino-testlib/cli-datadir/user/libraries/INA226/INA226.h:14:0,
                 from /home/ec2-user/arduino-testlib/cli-datadir/user/libraries/INA226/INA226.cpp:11:
/home/ec2-user/arduino-testlib/cli-datadir/data/packages/arduino/hardware/megaavr/1.8.7/libraries/Wire/src/Wire.h: In member function &#39;uint16_t INA226::_readRegister(uint8_t)&#39;:
/home/ec2-user/arduino-testlib/cli-datadir/data/packages/arduino/hardware/megaavr/1.8.7/libraries/Wire/src/Wire.h:63:12: note: candidate 1: size_t TwoWire::requestFrom(int, int)
     size_t requestFrom(int, int);
            ^~~~~~~~~~~
/home/ec2-user/arduino-testlib/cli-datadir/data/packages/arduino/hardware/megaavr/1.8.7/libraries/Wire/src/Wire.h:61:12: note: candidate 2: virtual size_t TwoWire::requestFrom(uint8_t, size_t)
     size_t requestFrom(uint8_t, size_t);
            ^~~~~~~~~~~
</pre>

					
					<h4>examples/Alert</h4>
					<p>
						Result: <b>FAIL</b>
					</p>
					<pre class="pre-scrollable">/home/ec2-user/arduino-testlib/cli-datadir/user/libraries/INA226Lib/examples/Alert/Alert.ino:12:8: error: no matching function for call to &#39;INA226::INA226()&#39;
 INA226 ina;
        ^~~
In file included from /home/ec2-user/arduino-testlib/cli-datadir/user/libraries/INA226Lib/examples/Alert/Alert.ino:10:0:
/home/ec2-user/arduino-testlib/cli-datadir/user/libraries/INA226/INA226.h:40:12: note: candidate: INA226::INA226(uint8_t, TwoWire*)
   explicit INA226(const uint8_t address, TwoWire *wire = &amp;Wire);
            ^~~~~~
/home/ec2-user/arduino-testlib/cli-datadir/user/libraries/INA226/INA226.h:40:12: note:   candidate expects 2 arguments, 0 provided
/home/ec2-user/arduino-testlib/cli-datadir/user/libraries/INA226/INA226.h:36:7: note: candidate: constexpr INA226::INA226(const INA226&amp;)
 class INA226
       ^~~~~~
/home/ec2-user/arduino-testlib/cli-datadir/user/libraries/INA226/INA226.h:36:7: note:   candidate expects 1 argument, 0 provided
/home/ec2-user/arduino-testlib/cli-datadir/user/libraries/INA226/INA226.h:36:7: note: candidate: constexpr INA226::INA226(INA226&amp;&amp;)
/home/ec2-user/arduino-testlib/cli-datadir/user/libraries/INA226/INA226.h:36:7: note:   candidate expects 1 argument, 0 provided
/home/ec2-user/arduino-testlib/cli-datadir/user/libraries/INA226Lib/examples/Alert/Alert.ino: In function &#39;void setup()&#39;:
/home/ec2-user/arduino-testlib/cli-datadir/user/libraries/INA226Lib/examples/Alert/Alert.ino:25:7: error: &#39;class INA226&#39; has no member named &#39;configure&#39;
   ina.configure(INA226_AVERAGES_1, INA226_BUS_CONV_TIME_1100US, INA226_SHUNT_CONV_TIME_1100US, INA226_MODE_SHUNT_BUS_CONT);
       ^~~~~~~~~
/home/ec2-user/arduino-testlib/cli-datadir/user/libraries/INA226Lib/examples/Alert/Alert.ino:25:17: error: &#39;INA226_AVERAGES_1&#39; was not declared in this scope
   ina.configure(INA226_AVERAGES_1, INA226_BUS_CONV_TIME_1100US, INA226_SHUNT_CONV_TIME_1100US, INA226_MODE_SHUNT_BUS_CONT);
                 ^~~~~~~~~~~~~~~~~
/home/ec2-user/arduino-testlib/cli-datadir/user/libraries/INA226Lib/examples/Alert/Alert.ino:25:36: error: &#39;INA226_BUS_CONV_TIME_1100US&#39; was not declared in this scope
   ina.configure(INA226_AVERAGES_1, INA226_BUS_CONV_TIME_1100US, INA226_SHUNT_CONV_TIME_1100US, INA226_MODE_SHUNT_BUS_CONT);
                                    ^~~~~~~~~~~~~~~~~~~~~~~~~~~
/home/ec2-user/arduino-testlib/cli-datadir/user/libraries/INA226Lib/examples/Alert/Alert.ino:25:65: error: &#39;INA226_SHUNT_CONV_TIME_1100US&#39; was not declared in this scope
   ina.configure(INA226_AVERAGES_1, INA226_BUS_CONV_TIME_1100US, INA226_SHUNT_CONV_TIME_1100US, INA226_MODE_SHUNT_BUS_CONT);
                                                                 ^~~~~~~~~~~~~~~~~~~~~~~~~~~~~
/home/ec2-user/arduino-testlib/cli-datadir/user/libraries/INA226Lib/examples/Alert/Alert.ino:25:65: note: suggested alternative: &#39;INA226_SHUNT_OVER_VOLTAGE&#39;
   ina.configure(INA226_AVERAGES_1, INA226_BUS_CONV_TIME_1100US, INA226_SHUNT_CONV_TIME_1100US, INA226_MODE_SHUNT_BUS_CONT);
                                                                 ^~~~~~~~~~~~~~~~~~~~~~~~~~~~~
                                                                 INA226_SHUNT_OVER_VOLTAGE
/home/ec2-user/arduino-testlib/cli-datadir/user/libraries/INA226Lib/examples/Alert/Alert.ino:25:96: error: &#39;INA226_MODE_SHUNT_BUS_CONT&#39; was not declared in this scope
   ina.configure(INA226_AVERAGES_1, INA226_BUS_CONV_TIME_1100US, INA226_SHUNT_CONV_TIME_1100US, INA226_MODE_SHUNT_BUS_CONT);
                                                                                                ^~~~~~~~~~~~~~~~~~~~~~~~~~
/home/ec2-user/arduino-testlib/cli-datadir/user/libraries/INA226Lib/examples/Alert/Alert.ino:28:7: error: &#39;class INA226&#39; has no member named &#39;calibrate&#39;; did you mean &#39;isCalibrated&#39;?
   ina.calibrate(0.01, 4);
       ^~~~~~~~~
       isCalibrated
/home/ec2-user/arduino-testlib/cli-datadir/user/libraries/INA226Lib/examples/Alert/Alert.ino:41:7: error: &#39;class INA226&#39; has no member named &#39;enableOverPowerLimitAlert&#39;
   ina.enableOverPowerLimitAlert();
       ^~~~~~~~~~~~~~~~~~~~~~~~~
/home/ec2-user/arduino-testlib/cli-datadir/user/libraries/INA226Lib/examples/Alert/Alert.ino:42:7: error: &#39;class INA226&#39; has no member named &#39;setPowerLimit&#39;; did you mean &#39;setAlertLimit&#39;?
   ina.setPowerLimit(0.130);
       ^~~~~~~~~~~~~
       setAlertLimit
/home/ec2-user/arduino-testlib/cli-datadir/user/libraries/INA226Lib/examples/Alert/Alert.ino: In function &#39;void loop()&#39;:
/home/ec2-user/arduino-testlib/cli-datadir/user/libraries/INA226Lib/examples/Alert/Alert.ino:50:20: error: &#39;class INA226&#39; has no member named &#39;readBusVoltage&#39;; did you mean &#39;getBusVoltage&#39;?
   Serial.print(ina.readBusVoltage(), 5);
                    ^~~~~~~~~~~~~~
                    getBusVoltage
/home/ec2-user/arduino-testlib/cli-datadir/user/libraries/INA226Lib/examples/Alert/Alert.ino:54:20: error: &#39;class INA226&#39; has no member named &#39;readBusPower&#39;; did you mean &#39;getPower&#39;?
   Serial.print(ina.readBusPower(), 5);
                    ^~~~~~~~~~~~
                    getPower
/home/ec2-user/arduino-testlib/cli-datadir/user/libraries/INA226Lib/examples/Alert/Alert.ino:58:20: error: &#39;class INA226&#39; has no member named &#39;readShuntVoltage&#39;; did you mean &#39;getShuntVoltage&#39;?
   Serial.print(ina.readShuntVoltage(), 5);
                    ^~~~~~~~~~~~~~~~
                    getShuntVoltage
/home/ec2-user/arduino-testlib/cli-datadir/user/libraries/INA226Lib/examples/Alert/Alert.ino:62:20: error: &#39;class INA226&#39; has no member named &#39;readShuntCurrent&#39;; did you mean &#39;getCurrent&#39;?
   Serial.print(ina.readShuntCurrent(), 5);
                    ^~~~~~~~~~~~~~~~
                    getCurrent
Multiple libraries were found for &#34;INA226.h&#34;
  Used: /home/ec2-user/arduino-testlib/cli-datadir/user/libraries/INA226
  Not used: /home/ec2-user/arduino-testlib/cli-datadir/user/libraries/INA226Lib
  Not used: /home/ec2-user/arduino-testlib/cli-datadir/user/libraries/Arduino_ScienceJournal
  Not used: /home/ec2-user/arduino-testlib/cli-datadir/user/libraries/GyverINA
</pre>
					
					<h4>examples/Latch</h4>
					<p>
						Result: <b>FAIL</b>
					</p>
					<pre class="pre-scrollable">/home/ec2-user/arduino-testlib/cli-datadir/user/libraries/INA226Lib/examples/Latch/Latch.ino:12:8: error: no matching function for call to &#39;INA226::INA226()&#39;
 INA226 ina;
        ^~~
In file included from /home/ec2-user/arduino-testlib/cli-datadir/user/libraries/INA226Lib/examples/Latch/Latch.ino:10:0:
/home/ec2-user/arduino-testlib/cli-datadir/user/libraries/INA226/INA226.h:40:12: note: candidate: INA226::INA226(uint8_t, TwoWire*)
   explicit INA226(const uint8_t address, TwoWire *wire = &amp;Wire);
            ^~~~~~
/home/ec2-user/arduino-testlib/cli-datadir/user/libraries/INA226/INA226.h:40:12: note:   candidate expects 2 arguments, 0 provided
/home/ec2-user/arduino-testlib/cli-datadir/user/libraries/INA226/INA226.h:36:7: note: candidate: constexpr INA226::INA226(const INA226&amp;)
 class INA226
       ^~~~~~
/home/ec2-user/arduino-testlib/cli-datadir/user/libraries/INA226/INA226.h:36:7: note:   candidate expects 1 argument, 0 provided
/home/ec2-user/arduino-testlib/cli-datadir/user/libraries/INA226/INA226.h:36:7: note: candidate: constexpr INA226::INA226(INA226&amp;&amp;)
/home/ec2-user/arduino-testlib/cli-datadir/user/libraries/INA226/INA226.h:36:7: note:   candidate expects 1 argument, 0 provided
/home/ec2-user/arduino-testlib/cli-datadir/user/libraries/INA226Lib/examples/Latch/Latch.ino: In function &#39;void setup()&#39;:
/home/ec2-user/arduino-testlib/cli-datadir/user/libraries/INA226Lib/examples/Latch/Latch.ino:25:7: error: &#39;class INA226&#39; has no member named &#39;configure&#39;
   ina.configure(INA226_AVERAGES_1, INA226_BUS_CONV_TIME_1100US, INA226_SHUNT_CONV_TIME_1100US, INA226_MODE_SHUNT_BUS_CONT);
       ^~~~~~~~~
/home/ec2-user/arduino-testlib/cli-datadir/user/libraries/INA226Lib/examples/Latch/Latch.ino:25:17: error: &#39;INA226_AVERAGES_1&#39; was not declared in this scope
   ina.configure(INA226_AVERAGES_1, INA226_BUS_CONV_TIME_1100US, INA226_SHUNT_CONV_TIME_1100US, INA226_MODE_SHUNT_BUS_CONT);
                 ^~~~~~~~~~~~~~~~~
/home/ec2-user/arduino-testlib/cli-datadir/user/libraries/INA226Lib/examples/Latch/Latch.ino:25:36: error: &#39;INA226_BUS_CONV_TIME_1100US&#39; was not declared in this scope
   ina.configure(INA226_AVERAGES_1, INA226_BUS_CONV_TIME_1100US, INA226_SHUNT_CONV_TIME_1100US, INA226_MODE_SHUNT_BUS_CONT);
                                    ^~~~~~~~~~~~~~~~~~~~~~~~~~~
/home/ec2-user/arduino-testlib/cli-datadir/user/libraries/INA226Lib/examples/Latch/Latch.ino:25:65: error: &#39;INA226_SHUNT_CONV_TIME_1100US&#39; was not declared in this scope
   ina.configure(INA226_AVERAGES_1, INA226_BUS_CONV_TIME_1100US, INA226_SHUNT_CONV_TIME_1100US, INA226_MODE_SHUNT_BUS_CONT);
                                                                 ^~~~~~~~~~~~~~~~~~~~~~~~~~~~~
/home/ec2-user/arduino-testlib/cli-datadir/user/libraries/INA226Lib/examples/Latch/Latch.ino:25:65: note: suggested alternative: &#39;INA226_SHUNT_OVER_VOLTAGE&#39;
   ina.configure(INA226_AVERAGES_1, INA226_BUS_CONV_TIME_1100US, INA226_SHUNT_CONV_TIME_1100US, INA226_MODE_SHUNT_BUS_CONT);
                                                                 ^~~~~~~~~~~~~~~~~~~~~~~~~~~~~
                                                                 INA226_SHUNT_OVER_VOLTAGE
/home/ec2-user/arduino-testlib/cli-datadir/user/libraries/INA226Lib/examples/Latch/Latch.ino:25:96: error: &#39;INA226_MODE_SHUNT_BUS_CONT&#39; was not declared in this scope
   ina.configure(INA226_AVERAGES_1, INA226_BUS_CONV_TIME_1100US, INA226_SHUNT_CONV_TIME_1100US, INA226_MODE_SHUNT_BUS_CONT);
                                                                                                ^~~~~~~~~~~~~~~~~~~~~~~~~~
/home/ec2-user/arduino-testlib/cli-datadir/user/libraries/INA226Lib/examples/Latch/Latch.ino:28:7: error: &#39;class INA226&#39; has no member named &#39;calibrate&#39;; did you mean &#39;isCalibrated&#39;?
   ina.calibrate(0.01, 4);
       ^~~~~~~~~
       isCalibrated
/home/ec2-user/arduino-testlib/cli-datadir/user/libraries/INA226Lib/examples/Latch/Latch.ino:31:7: error: &#39;class INA226&#39; has no member named &#39;enableOverPowerLimitAlert&#39;
   ina.enableOverPowerLimitAlert();
       ^~~~~~~~~~~~~~~~~~~~~~~~~
/home/ec2-user/arduino-testlib/cli-datadir/user/libraries/INA226Lib/examples/Latch/Latch.ino:32:7: error: &#39;class INA226&#39; has no member named &#39;setPowerLimit&#39;; did you mean &#39;setAlertLimit&#39;?
   ina.setPowerLimit(0.130);
       ^~~~~~~~~~~~~
       setAlertLimit
/home/ec2-user/arduino-testlib/cli-datadir/user/libraries/INA226Lib/examples/Latch/Latch.ino:33:7: error: &#39;class INA226&#39; has no member named &#39;setAlertLatch&#39;; did you mean &#39;setAlertLimit&#39;?
   ina.setAlertLatch(true);
       ^~~~~~~~~~~~~
       setAlertLimit
/home/ec2-user/arduino-testlib/cli-datadir/user/libraries/INA226Lib/examples/Latch/Latch.ino: In function &#39;void loop()&#39;:
/home/ec2-user/arduino-testlib/cli-datadir/user/libraries/INA226Lib/examples/Latch/Latch.ino:39:20: error: &#39;class INA226&#39; has no member named &#39;readBusVoltage&#39;; did you mean &#39;getBusVoltage&#39;?
   Serial.print(ina.readBusVoltage(), 5);
                    ^~~~~~~~~~~~~~
                    getBusVoltage
/home/ec2-user/arduino-testlib/cli-datadir/user/libraries/INA226Lib/examples/Latch/Latch.ino:43:20: error: &#39;class INA226&#39; has no member named &#39;readBusPower&#39;; did you mean &#39;getPower&#39;?
   Serial.print(ina.readBusPower(), 5);
                    ^~~~~~~~~~~~
                    getPower
/home/ec2-user/arduino-testlib/cli-datadir/user/libraries/INA226Lib/examples/Latch/Latch.ino:48:20: error: &#39;class INA226&#39; has no member named &#39;readShuntVoltage&#39;; did you mean &#39;getShuntVoltage&#39;?
   Serial.print(ina.readShuntVoltage(), 5);
                    ^~~~~~~~~~~~~~~~
                    getShuntVoltage
/home/ec2-user/arduino-testlib/cli-datadir/user/libraries/INA226Lib/examples/Latch/Latch.ino:52:20: error: &#39;class INA226&#39; has no member named &#39;readShuntCurrent&#39;; did you mean &#39;getCurrent&#39;?
   Serial.print(ina.readShuntCurrent(), 5);
                    ^~~~~~~~~~~~~~~~
                    getCurrent
/home/ec2-user/arduino-testlib/cli-datadir/user/libraries/INA226Lib/examples/Latch/Latch.ino:55:11: error: &#39;class INA226&#39; has no member named &#39;isAlert&#39;
   if (ina.isAlert())
           ^~~~~~~
Multiple libraries were found for &#34;INA226.h&#34;
  Used: /home/ec2-user/arduino-testlib/cli-datadir/user/libraries/INA226
  Not used: /home/ec2-user/arduino-testlib/cli-datadir/user/libraries/INA226Lib
  Not used: /home/ec2-user/arduino-testlib/cli-datadir/user/libraries/Arduino_ScienceJournal
  Not used: /home/ec2-user/arduino-testlib/cli-datadir/user/libraries/GyverINA
</pre>
					
					<h4>examples/Simple</h4>
					<p>
						Result: <b>FAIL</b>
					</p>
					<pre class="pre-scrollable">/home/ec2-user/arduino-testlib/cli-datadir/user/libraries/INA226Lib/examples/Simple/Simple.ino:12:8: error: no matching function for call to &#39;INA226::INA226()&#39;
 INA226 ina;
        ^~~
In file included from /home/ec2-user/arduino-testlib/cli-datadir/user/libraries/INA226Lib/examples/Simple/Simple.ino:10:0:
/home/ec2-user/arduino-testlib/cli-datadir/user/libraries/INA226/INA226.h:40:12: note: candidate: INA226::INA226(uint8_t, TwoWire*)
   explicit INA226(const uint8_t address, TwoWire *wire = &amp;Wire);
            ^~~~~~
/home/ec2-user/arduino-testlib/cli-datadir/user/libraries/INA226/INA226.h:40:12: note:   candidate expects 2 arguments, 0 provided
/home/ec2-user/arduino-testlib/cli-datadir/user/libraries/INA226/INA226.h:36:7: note: candidate: constexpr INA226::INA226(const INA226&amp;)
 class INA226
       ^~~~~~
/home/ec2-user/arduino-testlib/cli-datadir/user/libraries/INA226/INA226.h:36:7: note:   candidate expects 1 argument, 0 provided
/home/ec2-user/arduino-testlib/cli-datadir/user/libraries/INA226/INA226.h:36:7: note: candidate: constexpr INA226::INA226(INA226&amp;&amp;)
/home/ec2-user/arduino-testlib/cli-datadir/user/libraries/INA226/INA226.h:36:7: note:   candidate expects 1 argument, 0 provided
/home/ec2-user/arduino-testlib/cli-datadir/user/libraries/INA226Lib/examples/Simple/Simple.ino: In function &#39;void checkConfig()&#39;:
/home/ec2-user/arduino-testlib/cli-datadir/user/libraries/INA226Lib/examples/Simple/Simple.ino:19:10: error: &#39;INA226_MODE_POWER_DOWN&#39; was not declared in this scope
     case INA226_MODE_POWER_DOWN:      Serial.println(&#34;Power-Down&#34;); break;
          ^~~~~~~~~~~~~~~~~~~~~~
/home/ec2-user/arduino-testlib/cli-datadir/user/libraries/INA226Lib/examples/Simple/Simple.ino:19:10: note: suggested alternative: &#39;SLEEP_MODE_PWR_DOWN&#39;
     case INA226_MODE_POWER_DOWN:      Serial.println(&#34;Power-Down&#34;); break;
          ^~~~~~~~~~~~~~~~~~~~~~
          SLEEP_MODE_PWR_DOWN
/home/ec2-user/arduino-testlib/cli-datadir/user/libraries/INA226Lib/examples/Simple/Simple.ino:20:10: error: &#39;INA226_MODE_SHUNT_TRIG&#39; was not declared in this scope
     case INA226_MODE_SHUNT_TRIG:      Serial.println(&#34;Shunt Voltage, Triggered&#34;); break;
          ^~~~~~~~~~~~~~~~~~~~~~
/home/ec2-user/arduino-testlib/cli-datadir/user/libraries/INA226Lib/examples/Simple/Simple.ino:21:10: error: &#39;INA226_MODE_BUS_TRIG&#39; was not declared in this scope
     case INA226_MODE_BUS_TRIG:        Serial.println(&#34;Bus Voltage, Triggered&#34;); break;
          ^~~~~~~~~~~~~~~~~~~~
/home/ec2-user/arduino-testlib/cli-datadir/user/libraries/INA226Lib/examples/Simple/Simple.ino:21:10: note: suggested alternative: &#39;INA226_POWER_OVER_LIMIT&#39;
     case INA226_MODE_BUS_TRIG:        Serial.println(&#34;Bus Voltage, Triggered&#34;); break;
          ^~~~~~~~~~~~~~~~~~~~
          INA226_POWER_OVER_LIMIT
/home/ec2-user/arduino-testlib/cli-datadir/user/libraries/INA226Lib/examples/Simple/Simple.ino:22:10: error: &#39;INA226_MODE_SHUNT_BUS_TRIG&#39; was not declared in this scope
     case INA226_MODE_SHUNT_BUS_TRIG:  Serial.println(&#34;Shunt and Bus, Triggered&#34;); break;
          ^~~~~~~~~~~~~~~~~~~~~~~~~~
/home/ec2-user/arduino-testlib/cli-datadir/user/libraries/INA226Lib/examples/Simple/Simple.ino:23:10: error: &#39;INA226_MODE_ADC_OFF&#39; was not declared in this scope
     case INA226_MODE_ADC_OFF:         Serial.println(&#34;ADC Off&#34;); break;
          ^~~~~~~~~~~~~~~~~~~
/home/ec2-user/arduino-testlib/cli-datadir/user/libraries/INA226Lib/examples/Simple/Simple.ino:24:10: error: &#39;INA226_MODE_SHUNT_CONT&#39; was not declared in this scope
     case INA226_MODE_SHUNT_CONT:      Serial.println(&#34;Shunt Voltage, Continuous&#34;); break;
          ^~~~~~~~~~~~~~~~~~~~~~
/home/ec2-user/arduino-testlib/cli-datadir/user/libraries/INA226Lib/examples/Simple/Simple.ino:25:10: error: &#39;INA226_MODE_BUS_CONT&#39; was not declared in this scope
     case INA226_MODE_BUS_CONT:        Serial.println(&#34;Bus Voltage, Continuous&#34;); break;
          ^~~~~~~~~~~~~~~~~~~~
/home/ec2-user/arduino-testlib/cli-datadir/user/libraries/INA226Lib/examples/Simple/Simple.ino:25:10: note: suggested alternative: &#39;INA226_LIB_VERSION&#39;
     case INA226_MODE_BUS_CONT:        Serial.println(&#34;Bus Voltage, Continuous&#34;); break;
          ^~~~~~~~~~~~~~~~~~~~
          INA226_LIB_VERSION
/home/ec2-user/arduino-testlib/cli-datadir/user/libraries/INA226Lib/examples/Simple/Simple.ino:26:10: error: &#39;INA226_MODE_SHUNT_BUS_CONT&#39; was not declared in this scope
     case INA226_MODE_SHUNT_BUS_CONT:  Serial.println(&#34;Shunt and Bus, Continuous&#34;); break;
          ^~~~~~~~~~~~~~~~~~~~~~~~~~
/home/ec2-user/arduino-testlib/cli-datadir/user/libraries/INA226Lib/examples/Simple/Simple.ino:31:15: error: &#39;class INA226&#39; has no member named &#39;getAverages&#39;; did you mean &#39;getAverage&#39;?
   switch (ina.getAverages())
               ^~~~~~~~~~~
               getAverage
/home/ec2-user/arduino-testlib/cli-datadir/user/libraries/INA226Lib/examples/Simple/Simple.ino:33:10: error: &#39;INA226_AVERAGES_1&#39; was not declared in this scope
     case INA226_AVERAGES_1:           Serial.println(&#34;1 sample&#34;); break;
          ^~~~~~~~~~~~~~~~~
/home/ec2-user/arduino-testlib/cli-datadir/user/libraries/INA226Lib/examples/Simple/Simple.ino:34:10: error: &#39;INA226_AVERAGES_4&#39; was not declared in this scope
     case INA226_AVERAGES_4:           Serial.println(&#34;4 samples&#34;); break;
          ^~~~~~~~~~~~~~~~~
/home/ec2-user/arduino-testlib/cli-datadir/user/libraries/INA226Lib/examples/Simple/Simple.ino:35:10: error: &#39;INA226_AVERAGES_16&#39; was not declared in this scope
     case INA226_AVERAGES_16:          Serial.println(&#34;16 samples&#34;); break;
          ^~~~~~~~~~~~~~~~~~
/home/ec2-user/arduino-testlib/cli-datadir/user/libraries/INA226Lib/examples/Simple/Simple.ino:36:10: error: &#39;INA226_AVERAGES_64&#39; was not declared in this scope
     case INA226_AVERAGES_64:          Serial.println(&#34;64 samples&#34;); break;
          ^~~~~~~~~~~~~~~~~~
/home/ec2-user/arduino-testlib/cli-datadir/user/libraries/INA226Lib/examples/Simple/Simple.ino:37:10: error: &#39;INA226_AVERAGES_128&#39; was not declared in this scope
     case INA226_AVERAGES_128:         Serial.println(&#34;128 samples&#34;); break;
          ^~~~~~~~~~~~~~~~~~~
/home/ec2-user/arduino-testlib/cli-datadir/user/libraries/INA226Lib/examples/Simple/Simple.ino:38:10: error: &#39;INA226_AVERAGES_256&#39; was not declared in this scope
     case INA226_AVERAGES_256:         Serial.println(&#34;256 samples&#34;); break;
          ^~~~~~~~~~~~~~~~~~~
/home/ec2-user/arduino-testlib/cli-datadir/user/libraries/INA226Lib/examples/Simple/Simple.ino:39:10: error: &#39;INA226_AVERAGES_512&#39; was not declared in this scope
     case INA226_AVERAGES_512:         Serial.println(&#34;512 samples&#34;); break;
          ^~~~~~~~~~~~~~~~~~~
/home/ec2-user/arduino-testlib/cli-datadir/user/libraries/INA226Lib/examples/Simple/Simple.ino:40:10: error: &#39;INA226_AVERAGES_1024&#39; was not declared in this scope
     case INA226_AVERAGES_1024:        Serial.println(&#34;1024 samples&#34;); break;
          ^~~~~~~~~~~~~~~~~~~~
/home/ec2-user/arduino-testlib/cli-datadir/user/libraries/INA226Lib/examples/Simple/Simple.ino:45:15: error: &#39;class INA226&#39; has no member named &#39;getBusConversionTime&#39;; did you mean &#39;getBusVoltageConversionTime&#39;?
   switch (ina.getBusConversionTime())
               ^~~~~~~~~~~~~~~~~~~~
               getBusVoltageConversionTime
/home/ec2-user/arduino-testlib/cli-datadir/user/libraries/INA226Lib/examples/Simple/Simple.ino:47:10: error: &#39;INA226_BUS_CONV_TIME_140US&#39; was not declared in this scope
     case INA226_BUS_CONV_TIME_140US:  Serial.println(&#34;140uS&#34;); break;
          ^~~~~~~~~~~~~~~~~~~~~~~~~~
/home/ec2-user/arduino-testlib/cli-datadir/user/libraries/INA226Lib/examples/Simple/Simple.ino:47:10: note: suggested alternative: &#39;INA226_BUS_OVER_VOLTAGE&#39;
     case INA226_BUS_CONV_TIME_140US:  Serial.println(&#34;140uS&#34;); break;
          ^~~~~~~~~~~~~~~~~~~~~~~~~~
          INA226_BUS_OVER_VOLTAGE
/home/ec2-user/arduino-testlib/cli-datadir/user/libraries/INA226Lib/examples/Simple/Simple.ino:48:10: error: &#39;INA226_BUS_CONV_TIME_204US&#39; was not declared in this scope
     case INA226_BUS_CONV_TIME_204US:  Serial.println(&#34;204uS&#34;); break;
          ^~~~~~~~~~~~~~~~~~~~~~~~~~
/home/ec2-user/arduino-testlib/cli-datadir/user/libraries/INA226Lib/examples/Simple/Simple.ino:48:10: note: suggested alternative: &#39;INA226_BUS_OVER_VOLTAGE&#39;
     case INA226_BUS_CONV_TIME_204US:  Serial.println(&#34;204uS&#34;); break;
          ^~~~~~~~~~~~~~~~~~~~~~~~~~
          INA226_BUS_OVER_VOLTAGE
/home/ec2-user/arduino-testlib/cli-datadir/user/libraries/INA226Lib/examples/Simple/Simple.ino:49:10: error: &#39;INA226_BUS_CONV_TIME_332US&#39; was not declared in this scope
     case INA226_BUS_CONV_TIME_332US:  Serial.println(&#34;332uS&#34;); break;
          ^~~~~~~~~~~~~~~~~~~~~~~~~~
/home/ec2-user/arduino-testlib/cli-datadir/user/libraries/INA226Lib/examples/Simple/Simple.ino:49:10: note: suggested alternative: &#39;INA226_BUS_OVER_VOLTAGE&#39;
     case INA226_BUS_CONV_TIME_332US:  Serial.println(&#34;332uS&#34;); break;
          ^~~~~~~~~~~~~~~~~~~~~~~~~~
          INA226_BUS_OVER_VOLTAGE
/home/ec2-user/arduino-testlib/cli-datadir/user/libraries/INA226Lib/examples/Simple/Simple.ino:50:10: error: &#39;INA226_BUS_CONV_TIME_588US&#39; was not declared in this scope
     case INA226_BUS_CONV_TIME_588US:  Serial.println(&#34;558uS&#34;); break;
          ^~~~~~~~~~~~~~~~~~~~~~~~~~
/home/ec2-user/arduino-testlib/cli-datadir/user/libraries/INA226Lib/examples/Simple/Simple.ino:50:10: note: suggested alternative: &#39;INA226_BUS_OVER_VOLTAGE&#39;
     case INA226_BUS_CONV_TIME_588US:  Serial.println(&#34;558uS&#34;); break;
          ^~~~~~~~~~~~~~~~~~~~~~~~~~
          INA226_BUS_OVER_VOLTAGE
/home/ec2-user/arduino-testlib/cli-datadir/user/libraries/INA226Lib/examples/Simple/Simple.ino:51:10: error: &#39;INA226_BUS_CONV_TIME_1100US&#39; was not declared in this scope
     case INA226_BUS_CONV_TIME_1100US: Serial.println(&#34;1.100ms&#34;); break;
          ^~~~~~~~~~~~~~~~~~~~~~~~~~~
/home/ec2-user/arduino-testlib/cli-datadir/user/libraries/INA226Lib/examples/Simple/Simple.ino:52:10: error: &#39;INA226_BUS_CONV_TIME_2116US&#39; was not declared in thi</pre>
					
				
				<h3 id="arduino:samd:mkrwifi1010">arduino:samd:mkrwifi1010 @ 1.8.12</h3>
				<h4>Inclusion</h4>
				<p>
					Result: <b>PASS</b>
					
					<br />This library has no main header file so an empty one was created.
					
				</p>
				<pre class="pre-scrollable">Sketch uses 13588 bytes (5%) of program storage space. Maximum is 262144 bytes.
Global variables use 3568 bytes (10%) of dynamic memory, leaving 29200 bytes for local variables. Maximum is 32768 bytes.
</pre>

					
					<h4>examples/Alert</h4>
					<p>
						Result: <b>FAIL</b>
					</p>
					<pre class="pre-scrollable">/home/ec2-user/arduino-testlib/cli-datadir/user/libraries/INA226Lib/examples/Alert/Alert.ino:12:8: error: no matching function for call to &#39;INA226::INA226()&#39;
 INA226 ina;
        ^~~
In file included from /home/ec2-user/arduino-testlib/cli-datadir/user/libraries/INA226Lib/examples/Alert/Alert.ino:10:0:
/home/ec2-user/arduino-testlib/cli-datadir/user/libraries/INA226/INA226.h:40:12: note: candidate: INA226::INA226(uint8_t, arduino::TwoWire*)
   explicit INA226(const uint8_t address, TwoWire *wire = &amp;Wire);
            ^~~~~~
/home/ec2-user/arduino-testlib/cli-datadir/user/libraries/INA226/INA226.h:40:12: note:   candidate expects 2 arguments, 0 provided
/home/ec2-user/arduino-testlib/cli-datadir/user/libraries/INA226/INA226.h:36:7: note: candidate: constexpr INA226::INA226(const INA226&amp;)
 class INA226
       ^~~~~~
/home/ec2-user/arduino-testlib/cli-datadir/user/libraries/INA226/INA226.h:36:7: note:   candidate expects 1 argument, 0 provided
/home/ec2-user/arduino-testlib/cli-datadir/user/libraries/INA226/INA226.h:36:7: note: candidate: constexpr INA226::INA226(INA226&amp;&amp;)
/home/ec2-user/arduino-testlib/cli-datadir/user/libraries/INA226/INA226.h:36:7: note:   candidate expects 1 argument, 0 provided
/home/ec2-user/arduino-testlib/cli-datadir/user/libraries/INA226Lib/examples/Alert/Alert.ino: In function &#39;void setup()&#39;:
/home/ec2-user/arduino-testlib/cli-datadir/user/libraries/INA226Lib/examples/Alert/Alert.ino:25:7: error: &#39;class INA226&#39; has no member named &#39;configure&#39;
   ina.configure(INA226_AVERAGES_1, INA226_BUS_CONV_TIME_1100US, INA226_SHUNT_CONV_TIME_1100US, INA226_MODE_SHUNT_BUS_CONT);
       ^~~~~~~~~
/home/ec2-user/arduino-testlib/cli-datadir/user/libraries/INA226Lib/examples/Alert/Alert.ino:25:17: error: &#39;INA226_AVERAGES_1&#39; was not declared in this scope
   ina.configure(INA226_AVERAGES_1, INA226_BUS_CONV_TIME_1100US, INA226_SHUNT_CONV_TIME_1100US, INA226_MODE_SHUNT_BUS_CONT);
                 ^~~~~~~~~~~~~~~~~
/home/ec2-user/arduino-testlib/cli-datadir/user/libraries/INA226Lib/examples/Alert/Alert.ino:25:36: error: &#39;INA226_BUS_CONV_TIME_1100US&#39; was not declared in this scope
   ina.configure(INA226_AVERAGES_1, INA226_BUS_CONV_TIME_1100US, INA226_SHUNT_CONV_TIME_1100US, INA226_MODE_SHUNT_BUS_CONT);
                                    ^~~~~~~~~~~~~~~~~~~~~~~~~~~
/home/ec2-user/arduino-testlib/cli-datadir/user/libraries/INA226Lib/examples/Alert/Alert.ino:25:65: error: &#39;INA226_SHUNT_CONV_TIME_1100US&#39; was not declared in this scope
   ina.configure(INA226_AVERAGES_1, INA226_BUS_CONV_TIME_1100US, INA226_SHUNT_CONV_TIME_1100US, INA226_MODE_SHUNT_BUS_CONT);
                                                                 ^~~~~~~~~~~~~~~~~~~~~~~~~~~~~
/home/ec2-user/arduino-testlib/cli-datadir/user/libraries/INA226Lib/examples/Alert/Alert.ino:25:65: note: suggested alternative: &#39;INA226_SHUNT_OVER_VOLTAGE&#39;
   ina.configure(INA226_AVERAGES_1, INA226_BUS_CONV_TIME_1100US, INA226_SHUNT_CONV_TIME_1100US, INA226_MODE_SHUNT_BUS_CONT);
                                                                 ^~~~~~~~~~~~~~~~~~~~~~~~~~~~~
                                                                 INA226_SHUNT_OVER_VOLTAGE
/home/ec2-user/arduino-testlib/cli-datadir/user/libraries/INA226Lib/examples/Alert/Alert.ino:25:96: error: &#39;INA226_MODE_SHUNT_BUS_CONT&#39; was not declared in this scope
   ina.configure(INA226_AVERAGES_1, INA226_BUS_CONV_TIME_1100US, INA226_SHUNT_CONV_TIME_1100US, INA226_MODE_SHUNT_BUS_CONT);
                                                                                                ^~~~~~~~~~~~~~~~~~~~~~~~~~
/home/ec2-user/arduino-testlib/cli-datadir/user/libraries/INA226Lib/examples/Alert/Alert.ino:28:7: error: &#39;class INA226&#39; has no member named &#39;calibrate&#39;; did you mean &#39;isCalibrated&#39;?
   ina.calibrate(0.01, 4);
       ^~~~~~~~~
       isCalibrated
/home/ec2-user/arduino-testlib/cli-datadir/user/libraries/INA226Lib/examples/Alert/Alert.ino:41:7: error: &#39;class INA226&#39; has no member named &#39;enableOverPowerLimitAlert&#39;
   ina.enableOverPowerLimitAlert();
       ^~~~~~~~~~~~~~~~~~~~~~~~~
/home/ec2-user/arduino-testlib/cli-datadir/user/libraries/INA226Lib/examples/Alert/Alert.ino:42:7: error: &#39;class INA226&#39; has no member named &#39;setPowerLimit&#39;; did you mean &#39;setAlertLimit&#39;?
   ina.setPowerLimit(0.130);
       ^~~~~~~~~~~~~
       setAlertLimit
/home/ec2-user/arduino-testlib/cli-datadir/user/libraries/INA226Lib/examples/Alert/Alert.ino: In function &#39;void loop()&#39;:
/home/ec2-user/arduino-testlib/cli-datadir/user/libraries/INA226Lib/examples/Alert/Alert.ino:50:20: error: &#39;class INA226&#39; has no member named &#39;readBusVoltage&#39;; did you mean &#39;getBusVoltage&#39;?
   Serial.print(ina.readBusVoltage(), 5);
                    ^~~~~~~~~~~~~~
                    getBusVoltage
/home/ec2-user/arduino-testlib/cli-datadir/user/libraries/INA226Lib/examples/Alert/Alert.ino:54:20: error: &#39;class INA226&#39; has no member named &#39;readBusPower&#39;; did you mean &#39;getPower&#39;?
   Serial.print(ina.readBusPower(), 5);
                    ^~~~~~~~~~~~
                    getPower
/home/ec2-user/arduino-testlib/cli-datadir/user/libraries/INA226Lib/examples/Alert/Alert.ino:58:20: error: &#39;class INA226&#39; has no member named &#39;readShuntVoltage&#39;; did you mean &#39;getShuntVoltage&#39;?
   Serial.print(ina.readShuntVoltage(), 5);
                    ^~~~~~~~~~~~~~~~
                    getShuntVoltage
/home/ec2-user/arduino-testlib/cli-datadir/user/libraries/INA226Lib/examples/Alert/Alert.ino:62:20: error: &#39;class INA226&#39; has no member named &#39;readShuntCurrent&#39;; did you mean &#39;getCurrent&#39;?
   Serial.print(ina.readShuntCurrent(), 5);
                    ^~~~~~~~~~~~~~~~
                    getCurrent
Multiple libraries were found for &#34;INA226.h&#34;
  Used: /home/ec2-user/arduino-testlib/cli-datadir/user/libraries/INA226
  Not used: /home/ec2-user/arduino-testlib/cli-datadir/user/libraries/GyverINA
  Not used: /home/ec2-user/arduino-testlib/cli-datadir/user/libraries/Arduino_ScienceJournal
  Not used: /home/ec2-user/arduino-testlib/cli-datadir/user/libraries/INA226Lib
</pre>
					
					<h4>examples/Latch</h4>
					<p>
						Result: <b>FAIL</b>
					</p>
					<pre class="pre-scrollable">/home/ec2-user/arduino-testlib/cli-datadir/user/libraries/INA226Lib/examples/Latch/Latch.ino:12:8: error: no matching function for call to &#39;INA226::INA226()&#39;
 INA226 ina;
        ^~~
In file included from /home/ec2-user/arduino-testlib/cli-datadir/user/libraries/INA226Lib/examples/Latch/Latch.ino:10:0:
/home/ec2-user/arduino-testlib/cli-datadir/user/libraries/INA226/INA226.h:40:12: note: candidate: INA226::INA226(uint8_t, arduino::TwoWire*)
   explicit INA226(const uint8_t address, TwoWire *wire = &amp;Wire);
            ^~~~~~
/home/ec2-user/arduino-testlib/cli-datadir/user/libraries/INA226/INA226.h:40:12: note:   candidate expects 2 arguments, 0 provided
/home/ec2-user/arduino-testlib/cli-datadir/user/libraries/INA226/INA226.h:36:7: note: candidate: constexpr INA226::INA226(const INA226&amp;)
 class INA226
       ^~~~~~
/home/ec2-user/arduino-testlib/cli-datadir/user/libraries/INA226/INA226.h:36:7: note:   candidate expects 1 argument, 0 provided
/home/ec2-user/arduino-testlib/cli-datadir/user/libraries/INA226/INA226.h:36:7: note: candidate: constexpr INA226::INA226(INA226&amp;&amp;)
/home/ec2-user/arduino-testlib/cli-datadir/user/libraries/INA226/INA226.h:36:7: note:   candidate expects 1 argument, 0 provided
/home/ec2-user/arduino-testlib/cli-datadir/user/libraries/INA226Lib/examples/Latch/Latch.ino: In function &#39;void setup()&#39;:
/home/ec2-user/arduino-testlib/cli-datadir/user/libraries/INA226Lib/examples/Latch/Latch.ino:25:7: error: &#39;class INA226&#39; has no member named &#39;configure&#39;
   ina.configure(INA226_AVERAGES_1, INA226_BUS_CONV_TIME_1100US, INA226_SHUNT_CONV_TIME_1100US, INA226_MODE_SHUNT_BUS_CONT);
       ^~~~~~~~~
/home/ec2-user/arduino-testlib/cli-datadir/user/libraries/INA226Lib/examples/Latch/Latch.ino:25:17: error: &#39;INA226_AVERAGES_1&#39; was not declared in this scope
   ina.configure(INA226_AVERAGES_1, INA226_BUS_CONV_TIME_1100US, INA226_SHUNT_CONV_TIME_1100US, INA226_MODE_SHUNT_BUS_CONT);
                 ^~~~~~~~~~~~~~~~~
/home/ec2-user/arduino-testlib/cli-datadir/user/libraries/INA226Lib/examples/Latch/Latch.ino:25:36: error: &#39;INA226_BUS_CONV_TIME_1100US&#39; was not declared in this scope
   ina.configure(INA226_AVERAGES_1, INA226_BUS_CONV_TIME_1100US, INA226_SHUNT_CONV_TIME_1100US, INA226_MODE_SHUNT_BUS_CONT);
                                    ^~~~~~~~~~~~~~~~~~~~~~~~~~~
/home/ec2-user/arduino-testlib/cli-datadir/user/libraries/INA226Lib/examples/Latch/Latch.ino:25:65: error: &#39;INA226_SHUNT_CONV_TIME_1100US&#39; was not declared in this scope
   ina.configure(INA226_AVERAGES_1, INA226_BUS_CONV_TIME_1100US, INA226_SHUNT_CONV_TIME_1100US, INA226_MODE_SHUNT_BUS_CONT);
                                                                 ^~~~~~~~~~~~~~~~~~~~~~~~~~~~~
/home/ec2-user/arduino-testlib/cli-datadir/user/libraries/INA226Lib/examples/Latch/Latch.ino:25:65: note: suggested alternative: &#39;INA226_SHUNT_OVER_VOLTAGE&#39;
   ina.configure(INA226_AVERAGES_1, INA226_BUS_CONV_TIME_1100US, INA226_SHUNT_CONV_TIME_1100US, INA226_MODE_SHUNT_BUS_CONT);
                                                                 ^~~~~~~~~~~~~~~~~~~~~~~~~~~~~
                                                                 INA226_SHUNT_OVER_VOLTAGE
/home/ec2-user/arduino-testlib/cli-datadir/user/libraries/INA226Lib/examples/Latch/Latch.ino:25:96: error: &#39;INA226_MODE_SHUNT_BUS_CONT&#39; was not declared in this scope
   ina.configure(INA226_AVERAGES_1, INA226_BUS_CONV_TIME_1100US, INA226_SHUNT_CONV_TIME_1100US, INA226_MODE_SHUNT_BUS_CONT);
                                                                                                ^~~~~~~~~~~~~~~~~~~~~~~~~~
/home/ec2-user/arduino-testlib/cli-datadir/user/libraries/INA226Lib/examples/Latch/Latch.ino:28:7: error: &#39;class INA226&#39; has no member named &#39;calibrate&#39;; did you mean &#39;isCalibrated&#39;?
   ina.calibrate(0.01, 4);
       ^~~~~~~~~
       isCalibrated
/home/ec2-user/arduino-testlib/cli-datadir/user/libraries/INA226Lib/examples/Latch/Latch.ino:31:7: error: &#39;class INA226&#39; has no member named &#39;enableOverPowerLimitAlert&#39;
   ina.enableOverPowerLimitAlert();
       ^~~~~~~~~~~~~~~~~~~~~~~~~
/home/ec2-user/arduino-testlib/cli-datadir/user/libraries/INA226Lib/examples/Latch/Latch.ino:32:7: error: &#39;class INA226&#39; has no member named &#39;setPowerLimit&#39;; did you mean &#39;setAlertLimit&#39;?
   ina.setPowerLimit(0.130);
       ^~~~~~~~~~~~~
       setAlertLimit
/home/ec2-user/arduino-testlib/cli-datadir/user/libraries/INA226Lib/examples/Latch/Latch.ino:33:7: error: &#39;class INA226&#39; has no member named &#39;setAlertLatch&#39;; did you mean &#39;setAlertLimit&#39;?
   ina.setAlertLatch(true);
       ^~~~~~~~~~~~~
       setAlertLimit
/home/ec2-user/arduino-testlib/cli-datadir/user/libraries/INA226Lib/examples/Latch/Latch.ino: In function &#39;void loop()&#39;:
/home/ec2-user/arduino-testlib/cli-datadir/user/libraries/INA226Lib/examples/Latch/Latch.ino:39:20: error: &#39;class INA226&#39; has no member named &#39;readBusVoltage&#39;; did you mean &#39;getBusVoltage&#39;?
   Serial.print(ina.readBusVoltage(), 5);
                    ^~~~~~~~~~~~~~
                    getBusVoltage
/home/ec2-user/arduino-testlib/cli-datadir/user/libraries/INA226Lib/examples/Latch/Latch.ino:43:20: error: &#39;class INA226&#39; has no member named &#39;readBusPower&#39;; did you mean &#39;getPower&#39;?
   Serial.print(ina.readBusPower(), 5);
                    ^~~~~~~~~~~~
                    getPower
/home/ec2-user/arduino-testlib/cli-datadir/user/libraries/INA226Lib/examples/Latch/Latch.ino:48:20: error: &#39;class INA226&#39; has no member named &#39;readShuntVoltage&#39;; did you mean &#39;getShuntVoltage&#39;?
   Serial.print(ina.readShuntVoltage(), 5);
                    ^~~~~~~~~~~~~~~~
                    getShuntVoltage
/home/ec2-user/arduino-testlib/cli-datadir/user/libraries/INA226Lib/examples/Latch/Latch.ino:52:20: error: &#39;class INA226&#39; has no member named &#39;readShuntCurrent&#39;; did you mean &#39;getCurrent&#39;?
   Serial.print(ina.readShuntCurrent(), 5);
                    ^~~~~~~~~~~~~~~~
                    getCurrent
/home/ec2-user/arduino-testlib/cli-datadir/user/libraries/INA226Lib/examples/Latch/Latch.ino:55:11: error: &#39;class INA226&#39; has no member named &#39;isAlert&#39;
   if (ina.isAlert())
           ^~~~~~~
Multiple libraries were found for &#34;INA226.h&#34;
  Used: /home/ec2-user/arduino-testlib/cli-datadir/user/libraries/INA226
  Not used: /home/ec2-user/arduino-testlib/cli-datadir/user/libraries/INA226Lib
  Not used: /home/ec2-user/arduino-testlib/cli-datadir/user/libraries/Arduino_ScienceJournal
  Not used: /home/ec2-user/arduino-testlib/cli-datadir/user/libraries/GyverINA
</pre>
					
					<h4>examples/Simple</h4>
					<p>
						Result: <b>FAIL</b>
					</p>
					<pre class="pre-scrollable">/home/ec2-user/arduino-testlib/cli-datadir/user/libraries/INA226Lib/examples/Simple/Simple.ino:12:8: error: no matching function for call to &#39;INA226::INA226()&#39;
 INA226 ina;
        ^~~
In file included from /home/ec2-user/arduino-testlib/cli-datadir/user/libraries/INA226Lib/examples/Simple/Simple.ino:10:0:
/home/ec2-user/arduino-testlib/cli-datadir/user/libraries/INA226/INA226.h:40:12: note: candidate: INA226::INA226(uint8_t, arduino::TwoWire*)
   explicit INA226(const uint8_t address, TwoWire *wire = &amp;Wire);
            ^~~~~~
/home/ec2-user/arduino-testlib/cli-datadir/user/libraries/INA226/INA226.h:40:12: note:   candidate expects 2 arguments, 0 provided
/home/ec2-user/arduino-testlib/cli-datadir/user/libraries/INA226/INA226.h:36:7: note: candidate: constexpr INA226::INA226(const INA226&amp;)
 class INA226
       ^~~~~~
/home/ec2-user/arduino-testlib/cli-datadir/user/libraries/INA226/INA226.h:36:7: note:   candidate expects 1 argument, 0 provided
/home/ec2-user/arduino-testlib/cli-datadir/user/libraries/INA226/INA226.h:36:7: note: candidate: constexpr INA226::INA226(INA226&amp;&amp;)
/home/ec2-user/arduino-testlib/cli-datadir/user/libraries/INA226/INA226.h:36:7: note:   candidate expects 1 argument, 0 provided
/home/ec2-user/arduino-testlib/cli-datadir/user/libraries/INA226Lib/examples/Simple/Simple.ino: In function &#39;void checkConfig()&#39;:
/home/ec2-user/arduino-testlib/cli-datadir/user/libraries/INA226Lib/examples/Simple/Simple.ino:19:10: error: &#39;INA226_MODE_POWER_DOWN&#39; was not declared in this scope
     case INA226_MODE_POWER_DOWN:      Serial.println(&#34;Power-Down&#34;); break;
          ^~~~~~~~~~~~~~~~~~~~~~
/home/ec2-user/arduino-testlib/cli-datadir/user/libraries/INA226Lib/examples/Simple/Simple.ino:19:10: note: suggested alternative: &#39;INA226_POWER_OVER_LIMIT&#39;
     case INA226_MODE_POWER_DOWN:      Serial.println(&#34;Power-Down&#34;); break;
          ^~~~~~~~~~~~~~~~~~~~~~
          INA226_POWER_OVER_LIMIT
/home/ec2-user/arduino-testlib/cli-datadir/user/libraries/INA226Lib/examples/Simple/Simple.ino:20:10: error: &#39;INA226_MODE_SHUNT_TRIG&#39; was not declared in this scope
     case INA226_MODE_SHUNT_TRIG:      Serial.println(&#34;Shunt Voltage, Triggered&#34;); break;
          ^~~~~~~~~~~~~~~~~~~~~~
/home/ec2-user/arduino-testlib/cli-datadir/user/libraries/INA226Lib/examples/Simple/Simple.ino:21:10: error: &#39;INA226_MODE_BUS_TRIG&#39; was not declared in this scope
     case INA226_MODE_BUS_TRIG:        Serial.println(&#34;Bus Voltage, Triggered&#34;); break;
          ^~~~~~~~~~~~~~~~~~~~
/home/ec2-user/arduino-testlib/cli-datadir/user/libraries/INA226Lib/examples/Simple/Simple.ino:21:10: note: suggested alternative: &#39;INA226_POWER_OVER_LIMIT&#39;
     case INA226_MODE_BUS_TRIG:        Serial.println(&#34;Bus Voltage, Triggered&#34;); break;
          ^~~~~~~~~~~~~~~~~~~~
          INA226_POWER_OVER_LIMIT
/home/ec2-user/arduino-testlib/cli-datadir/user/libraries/INA226Lib/examples/Simple/Simple.ino:22:10: error: &#39;INA226_MODE_SHUNT_BUS_TRIG&#39; was not declared in this scope
     case INA226_MODE_SHUNT_BUS_TRIG:  Serial.println(&#34;Shunt and Bus, Triggered&#34;); break;
          ^~~~~~~~~~~~~~~~~~~~~~~~~~
/home/ec2-user/arduino-testlib/cli-datadir/user/libraries/INA226Lib/examples/Simple/Simple.ino:23:10: error: &#39;INA226_MODE_ADC_OFF&#39; was not declared in this scope
     case INA226_MODE_ADC_OFF:         Serial.println(&#34;ADC Off&#34;); break;
          ^~~~~~~~~~~~~~~~~~~
/home/ec2-user/arduino-testlib/cli-datadir/user/libraries/INA226Lib/examples/Simple/Simple.ino:24:10: error: &#39;INA226_MODE_SHUNT_CONT&#39; was not declared in this scope
     case INA226_MODE_SHUNT_CONT:      Serial.println(&#34;Shunt Voltage, Continuous&#34;); break;
          ^~~~~~~~~~~~~~~~~~~~~~
/home/ec2-user/arduino-testlib/cli-datadir/user/libraries/INA226Lib/examples/Simple/Simple.ino:24:10: note: suggested alternative: &#39;RTC_MODE1_COUNT_COUNT&#39;
     case INA226_MODE_SHUNT_CONT:      Serial.println(&#34;Shunt Voltage, Continuous&#34;); break;
          ^~~~~~~~~~~~~~~~~~~~~~
          RTC_MODE1_COUNT_COUNT
/home/ec2-user/arduino-testlib/cli-datadir/user/libraries/INA226Lib/examples/Simple/Simple.ino:25:10: error: &#39;INA226_MODE_BUS_CONT&#39; was not declared in this scope
     case INA226_MODE_BUS_CONT:        Serial.println(&#34;Bus Voltage, Continuous&#34;); break;
          ^~~~~~~~~~~~~~~~~~~~
/home/ec2-user/arduino-testlib/cli-datadir/user/libraries/INA226Lib/examples/Simple/Simple.ino:25:10: note: suggested alternative: &#39;INA226_LIB_VERSION&#39;
     case INA226_MODE_BUS_CONT:        Serial.println(&#34;Bus Voltage, Continuous&#34;); break;
          ^~~~~~~~~~~~~~~~~~~~
          INA226_LIB_VERSION
/home/ec2-user/arduino-testlib/cli-datadir/user/libraries/INA226Lib/examples/Simple/Simple.ino:26:10: error: &#39;INA226_MODE_SHUNT_BUS_CONT&#39; was not declared in this scope
     case INA226_MODE_SHUNT_BUS_CONT:  Serial.println(&#34;Shunt and Bus, Continuous&#34;); break;
          ^~~~~~~~~~~~~~~~~~~~~~~~~~
/home/ec2-user/arduino-testlib/cli-datadir/user/libraries/INA226Lib/examples/Simple/Simple.ino:31:15: error: &#39;class INA226&#39; has no member named &#39;getAverages&#39;; did you mean &#39;getAverage&#39;?
   switch (ina.getAverages())
               ^~~~~~~~~~~
               getAverage
/home/ec2-user/arduino-testlib/cli-datadir/user/libraries/INA226Lib/examples/Simple/Simple.ino:33:10: error: &#39;INA226_AVERAGES_1&#39; was not declared in this scope
     case INA226_AVERAGES_1:           Serial.println(&#34;1 sample&#34;); break;
          ^~~~~~~~~~~~~~~~~
/home/ec2-user/arduino-testlib/cli-datadir/user/libraries/INA226Lib/examples/Simple/Simple.ino:34:10: error: &#39;INA226_AVERAGES_4&#39; was not declared in this scope
     case INA226_AVERAGES_4:           Serial.println(&#34;4 samples&#34;); break;
          ^~~~~~~~~~~~~~~~~
/home/ec2-user/arduino-testlib/cli-datadir/user/libraries/INA226Lib/examples/Simple/Simple.ino:35:10: error: &#39;INA226_AVERAGES_16&#39; was not declared in this scope
     case INA226_AVERAGES_16:          Serial.println(&#34;16 samples&#34;); break;
          ^~~~~~~~~~~~~~~~~~
/home/ec2-user/arduino-testlib/cli-datadir/user/libraries/INA226Lib/examples/Simple/Simple.ino:36:10: error: &#39;INA226_AVERAGES_64&#39; was not declared in this scope
     case INA226_AVERAGES_64:          Serial.println(&#34;64 samples&#34;); break;
          ^~~~~~~~~~~~~~~~~~
/home/ec2-user/arduino-testlib/cli-datadir/user/libraries/INA226Lib/examples/Simple/Simple.ino:37:10: error: &#39;INA226_AVERAGES_128&#39; was not declared in this scope
     case INA226_AVERAGES_128:         Serial.println(&#34;128 samples&#34;); break;
          ^~~~~~~~~~~~~~~~~~~
/home/ec2-user/arduino-testlib/cli-datadir/user/libraries/INA226Lib/examples/Simple/Simple.ino:38:10: error: &#39;INA226_AVERAGES_256&#39; was not declared in this scope
     case INA226_AVERAGES_256:         Serial.println(&#34;256 samples&#34;); break;
          ^~~~~~~~~~~~~~~~~~~
/home/ec2-user/arduino-testlib/cli-datadir/user/libraries/INA226Lib/examples/Simple/Simple.ino:39:10: error: &#39;INA226_AVERAGES_512&#39; was not declared in this scope
     case INA226_AVERAGES_512:         Serial.println(&#34;512 samples&#34;); break;
          ^~~~~~~~~~~~~~~~~~~
/home/ec2-user/arduino-testlib/cli-datadir/user/libraries/INA226Lib/examples/Simple/Simple.ino:40:10: error: &#39;INA226_AVERAGES_1024&#39; was not declared in this scope
     case INA226_AVERAGES_1024:        Serial.println(&#34;1024 samples&#34;); break;
          ^~~~~~~~~~~~~~~~~~~~
/home/ec2-user/arduino-testlib/cli-datadir/user/libraries/INA226Lib/examples/Simple/Simple.ino:45:15: error: &#39;class INA226&#39; has no member named &#39;getBusConversionTime&#39;; did you mean &#39;getBusVoltageConversionTime&#39;?
   switch (ina.getBusConversionTime())
               ^~~~~~~~~~~~~~~~~~~~
               getBusVoltageConversionTime
/home/ec2-user/arduino-testlib/cli-datadir/user/libraries/INA226Lib/examples/Simple/Simple.ino:47:10: error: &#39;INA226_BUS_CONV_TIME_140US&#39; was not declared in this scope
     case INA226_BUS_CONV_TIME_140US:  Serial.println(&#34;140uS&#34;); break;
          ^~~~~~~~~~~~~~~~~~~~~~~~~~
/home/ec2-user/arduino-testlib/cli-datadir/user/libraries/INA226Lib/examples/Simple/Simple.ino:47:10: note: suggested alternative: &#39;INA226_BUS_OVER_VOLTAGE&#39;
     case INA226_BUS_CONV_TIME_140US:  Serial.println(&#34;140uS&#34;); break;
          ^~~~~~~~~~~~~~~~~~~~~~~~~~
          INA226_BUS_OVER_VOLTAGE
/home/ec2-user/arduino-testlib/cli-datadir/user/libraries/INA226Lib/examples/Simple/Simple.ino:48:10: error: &#39;INA226_BUS_CONV_TIME_204US&#39; was not declared in this scope
     case INA226_BUS_CONV_TIME_204US:  Serial.println(&#34;204uS&#34;); break;
          ^~~~~~~~~~~~~~~~~~~~~~~~~~
/home/ec2-user/arduino-testlib/cli-datadir/user/libraries/INA226Lib/examples/Simple/Simple.ino:48:10: note: suggested alternative: &#39;INA226_BUS_OVER_VOLTAGE&#39;
     case INA226_BUS_CONV_TIME_204US:  Serial.println(&#34;204uS&#34;); break;
          ^~~~~~~~~~~~~~~~~~~~~~~~~~
          INA226_BUS_OVER_VOLTAGE
/home/ec2-user/arduino-testlib/cli-datadir/user/libraries/INA226Lib/examples/Simple/Simple.ino:49:10: error: &#39;INA226_BUS_CONV_TIME_332US&#39; was not declared in this scope
     case INA226_BUS_CONV_TIME_332US:  Serial.println(&#34;332uS&#34;); break;
          ^~~~~~~~~~~~~~~~~~~~~~~~~~
/home/ec2-user/arduino-testlib/cli-datadir/user/libraries/INA226Lib/examples/Simple/Simple.ino:49:10: note: suggested alternative: &#39;INA226_BUS_OVER_VOLTAGE&#39;
     case INA226_BUS_CONV_TIME_332US:  Serial.println(&#34;332uS&#34;); break;
          ^~~~~~~~~~~~~~~~~~~~~~~~~~
          INA226_BUS_OVER_VOLTAGE
/home/ec2-user/arduino-testlib/cli-datadir/user/libraries/INA226Lib/examples/Simple/Simple.ino:50:10: error: &#39;INA226_BUS_CONV_TIME_588US&#39; was not declared in this scope
     case INA226_BUS_CONV_TIME_588US:  Serial.println(&#34;558uS&#34;); break;
          ^~~~~~~~~~~~~~~~~~~~~~~~~~
/home/ec2-user/arduino-testlib/cli-datadir/user/libraries/INA226Lib/examples/Simple/Simple.ino:50:10: note: suggested alternative: &#39;INA226_BUS_OVER_VOLTAGE&#39;
     case INA226_BUS_CONV_TIME_588US:  Serial.println(&#34;558uS&#34;); break;
          ^~~~~~~~~~~~~~~~~~~~~~~~~~
          INA226_BUS_OVER_VOLTAGE
/home/ec2-user/arduino-testlib/cli-datadir/user/libraries/INA226Lib/examples/Simple/Simple.ino:51:10: error: &#39;INA22</pre>
					
				
				<h3 id="esp32:esp32:d1_mini32">esp32:esp32:d1_mini32 @ 1.0.6</h3>
				<h4>Inclusion</h4>
				<p>
					Result: <b>PASS</b>
					
				</p>
				<pre class="pre-scrollable">Sketch uses 202994 bytes (15%) of program storage space. Maximum is 1310720 bytes.
Global variables use 13880 bytes (4%) of dynamic memory, leaving 313800 bytes for local variables. Maximum is 327680 bytes.
</pre>

					
					<h4>examples/Alert</h4>
					<p>
						Result: <b>FAIL</b>
					</p>
					<pre class="pre-scrollable">/home/ec2-user/arduino-testlib/cli-datadir/user/libraries/INA226Lib/examples/Alert/Alert.ino:12:8: error: no matching function for call to &#39;INA226::INA226()&#39;
 INA226 ina;
        ^
In file included from /home/ec2-user/arduino-testlib/cli-datadir/user/libraries/INA226Lib/examples/Alert/Alert.ino:10:0:
/home/ec2-user/arduino-testlib/cli-datadir/user/libraries/INA226/INA226.h:40:12: note: candidate: INA226::INA226(uint8_t, TwoWire*)
   explicit INA226(const uint8_t address, TwoWire *wire = &amp;Wire);
            ^
/home/ec2-user/arduino-testlib/cli-datadir/user/libraries/INA226/INA226.h:40:12: note:   candidate expects 2 arguments, 0 provided
/home/ec2-user/arduino-testlib/cli-datadir/user/libraries/INA226/INA226.h:36:7: note: candidate: constexpr INA226::INA226(const INA226&amp;)
 class INA226
       ^
/home/ec2-user/arduino-testlib/cli-datadir/user/libraries/INA226/INA226.h:36:7: note:   candidate expects 1 argument, 0 provided
/home/ec2-user/arduino-testlib/cli-datadir/user/libraries/INA226/INA226.h:36:7: note: candidate: constexpr INA226::INA226(INA226&amp;&amp;)
/home/ec2-user/arduino-testlib/cli-datadir/user/libraries/INA226/INA226.h:36:7: note:   candidate expects 1 argument, 0 provided
/home/ec2-user/arduino-testlib/cli-datadir/user/libraries/INA226Lib/examples/Alert/Alert.ino: In function &#39;void setup()&#39;:
/home/ec2-user/arduino-testlib/cli-datadir/user/libraries/INA226Lib/examples/Alert/Alert.ino:25:7: error: &#39;class INA226&#39; has no member named &#39;configure&#39;
   ina.configure(INA226_AVERAGES_1, INA226_BUS_CONV_TIME_1100US, INA226_SHUNT_CONV_TIME_1100US, INA226_MODE_SHUNT_BUS_CONT);
       ^
/home/ec2-user/arduino-testlib/cli-datadir/user/libraries/INA226Lib/examples/Alert/Alert.ino:25:17: error: &#39;INA226_AVERAGES_1&#39; was not declared in this scope
   ina.configure(INA226_AVERAGES_1, INA226_BUS_CONV_TIME_1100US, INA226_SHUNT_CONV_TIME_1100US, INA226_MODE_SHUNT_BUS_CONT);
                 ^
/home/ec2-user/arduino-testlib/cli-datadir/user/libraries/INA226Lib/examples/Alert/Alert.ino:25:36: error: &#39;INA226_BUS_CONV_TIME_1100US&#39; was not declared in this scope
   ina.configure(INA226_AVERAGES_1, INA226_BUS_CONV_TIME_1100US, INA226_SHUNT_CONV_TIME_1100US, INA226_MODE_SHUNT_BUS_CONT);
                                    ^
/home/ec2-user/arduino-testlib/cli-datadir/user/libraries/INA226Lib/examples/Alert/Alert.ino:25:65: error: &#39;INA226_SHUNT_CONV_TIME_1100US&#39; was not declared in this scope
   ina.configure(INA226_AVERAGES_1, INA226_BUS_CONV_TIME_1100US, INA226_SHUNT_CONV_TIME_1100US, INA226_MODE_SHUNT_BUS_CONT);
                                                                 ^
/home/ec2-user/arduino-testlib/cli-datadir/user/libraries/INA226Lib/examples/Alert/Alert.ino:25:96: error: &#39;INA226_MODE_SHUNT_BUS_CONT&#39; was not declared in this scope
   ina.configure(INA226_AVERAGES_1, INA226_BUS_CONV_TIME_1100US, INA226_SHUNT_CONV_TIME_1100US, INA226_MODE_SHUNT_BUS_CONT);
                                                                                                ^
/home/ec2-user/arduino-testlib/cli-datadir/user/libraries/INA226Lib/examples/Alert/Alert.ino:28:7: error: &#39;class INA226&#39; has no member named &#39;calibrate&#39;
   ina.calibrate(0.01, 4);
       ^
/home/ec2-user/arduino-testlib/cli-datadir/user/libraries/INA226Lib/examples/Alert/Alert.ino:41:7: error: &#39;class INA226&#39; has no member named &#39;enableOverPowerLimitAlert&#39;
   ina.enableOverPowerLimitAlert();
       ^
/home/ec2-user/arduino-testlib/cli-datadir/user/libraries/INA226Lib/examples/Alert/Alert.ino:42:7: error: &#39;class INA226&#39; has no member named &#39;setPowerLimit&#39;
   ina.setPowerLimit(0.130);
       ^
/home/ec2-user/arduino-testlib/cli-datadir/user/libraries/INA226Lib/examples/Alert/Alert.ino: In function &#39;void loop()&#39;:
/home/ec2-user/arduino-testlib/cli-datadir/user/libraries/INA226Lib/examples/Alert/Alert.ino:50:20: error: &#39;class INA226&#39; has no member named &#39;readBusVoltage&#39;
   Serial.print(ina.readBusVoltage(), 5);
                    ^
/home/ec2-user/arduino-testlib/cli-datadir/user/libraries/INA226Lib/examples/Alert/Alert.ino:54:20: error: &#39;class INA226&#39; has no member named &#39;readBusPower&#39;
   Serial.print(ina.readBusPower(), 5);
                    ^
/home/ec2-user/arduino-testlib/cli-datadir/user/libraries/INA226Lib/examples/Alert/Alert.ino:58:20: error: &#39;class INA226&#39; has no member named &#39;readShuntVoltage&#39;
   Serial.print(ina.readShuntVoltage(), 5);
                    ^
/home/ec2-user/arduino-testlib/cli-datadir/user/libraries/INA226Lib/examples/Alert/Alert.ino:62:20: error: &#39;class INA226&#39; has no member named &#39;readShuntCurrent&#39;
   Serial.print(ina.readShuntCurrent(), 5);
                    ^
Multiple libraries were found for &#34;INA226.h&#34;
  Used: /home/ec2-user/arduino-testlib/cli-datadir/user/libraries/INA226
  Not used: /home/ec2-user/arduino-testlib/cli-datadir/user/libraries/Arduino_ScienceJournal
  Not used: /home/ec2-user/arduino-testlib/cli-datadir/user/libraries/INA226Lib
  Not used: /home/ec2-user/arduino-testlib/cli-datadir/user/libraries/GyverINA
</pre>
					
					<h4>examples/Latch</h4>
					<p>
						Result: <b>FAIL</b>
					</p>
					<pre class="pre-scrollable">/home/ec2-user/arduino-testlib/cli-datadir/user/libraries/INA226Lib/examples/Latch/Latch.ino:12:8: error: no matching function for call to &#39;INA226::INA226()&#39;
 INA226 ina;
        ^
In file included from /home/ec2-user/arduino-testlib/cli-datadir/user/libraries/INA226Lib/examples/Latch/Latch.ino:10:0:
/home/ec2-user/arduino-testlib/cli-datadir/user/libraries/INA226/INA226.h:40:12: note: candidate: INA226::INA226(uint8_t, TwoWire*)
   explicit INA226(const uint8_t address, TwoWire *wire = &amp;Wire);
            ^
/home/ec2-user/arduino-testlib/cli-datadir/user/libraries/INA226/INA226.h:40:12: note:   candidate expects 2 arguments, 0 provided
/home/ec2-user/arduino-testlib/cli-datadir/user/libraries/INA226/INA226.h:36:7: note: candidate: constexpr INA226::INA226(const INA226&amp;)
 class INA226
       ^
/home/ec2-user/arduino-testlib/cli-datadir/user/libraries/INA226/INA226.h:36:7: note:   candidate expects 1 argument, 0 provided
/home/ec2-user/arduino-testlib/cli-datadir/user/libraries/INA226/INA226.h:36:7: note: candidate: constexpr INA226::INA226(INA226&amp;&amp;)
/home/ec2-user/arduino-testlib/cli-datadir/user/libraries/INA226/INA226.h:36:7: note:   candidate expects 1 argument, 0 provided
/home/ec2-user/arduino-testlib/cli-datadir/user/libraries/INA226Lib/examples/Latch/Latch.ino: In function &#39;void setup()&#39;:
/home/ec2-user/arduino-testlib/cli-datadir/user/libraries/INA226Lib/examples/Latch/Latch.ino:25:7: error: &#39;class INA226&#39; has no member named &#39;configure&#39;
   ina.configure(INA226_AVERAGES_1, INA226_BUS_CONV_TIME_1100US, INA226_SHUNT_CONV_TIME_1100US, INA226_MODE_SHUNT_BUS_CONT);
       ^
/home/ec2-user/arduino-testlib/cli-datadir/user/libraries/INA226Lib/examples/Latch/Latch.ino:25:17: error: &#39;INA226_AVERAGES_1&#39; was not declared in this scope
   ina.configure(INA226_AVERAGES_1, INA226_BUS_CONV_TIME_1100US, INA226_SHUNT_CONV_TIME_1100US, INA226_MODE_SHUNT_BUS_CONT);
                 ^
/home/ec2-user/arduino-testlib/cli-datadir/user/libraries/INA226Lib/examples/Latch/Latch.ino:25:36: error: &#39;INA226_BUS_CONV_TIME_1100US&#39; was not declared in this scope
   ina.configure(INA226_AVERAGES_1, INA226_BUS_CONV_TIME_1100US, INA226_SHUNT_CONV_TIME_1100US, INA226_MODE_SHUNT_BUS_CONT);
                                    ^
/home/ec2-user/arduino-testlib/cli-datadir/user/libraries/INA226Lib/examples/Latch/Latch.ino:25:65: error: &#39;INA226_SHUNT_CONV_TIME_1100US&#39; was not declared in this scope
   ina.configure(INA226_AVERAGES_1, INA226_BUS_CONV_TIME_1100US, INA226_SHUNT_CONV_TIME_1100US, INA226_MODE_SHUNT_BUS_CONT);
                                                                 ^
/home/ec2-user/arduino-testlib/cli-datadir/user/libraries/INA226Lib/examples/Latch/Latch.ino:25:96: error: &#39;INA226_MODE_SHUNT_BUS_CONT&#39; was not declared in this scope
   ina.configure(INA226_AVERAGES_1, INA226_BUS_CONV_TIME_1100US, INA226_SHUNT_CONV_TIME_1100US, INA226_MODE_SHUNT_BUS_CONT);
                                                                                                ^
/home/ec2-user/arduino-testlib/cli-datadir/user/libraries/INA226Lib/examples/Latch/Latch.ino:28:7: error: &#39;class INA226&#39; has no member named &#39;calibrate&#39;
   ina.calibrate(0.01, 4);
       ^
/home/ec2-user/arduino-testlib/cli-datadir/user/libraries/INA226Lib/examples/Latch/Latch.ino:31:7: error: &#39;class INA226&#39; has no member named &#39;enableOverPowerLimitAlert&#39;
   ina.enableOverPowerLimitAlert();
       ^
/home/ec2-user/arduino-testlib/cli-datadir/user/libraries/INA226Lib/examples/Latch/Latch.ino:32:7: error: &#39;class INA226&#39; has no member named &#39;setPowerLimit&#39;
   ina.setPowerLimit(0.130);
       ^
/home/ec2-user/arduino-testlib/cli-datadir/user/libraries/INA226Lib/examples/Latch/Latch.ino:33:7: error: &#39;class INA226&#39; has no member named &#39;setAlertLatch&#39;
   ina.setAlertLatch(true);
       ^
/home/ec2-user/arduino-testlib/cli-datadir/user/libraries/INA226Lib/examples/Latch/Latch.ino: In function &#39;void loop()&#39;:
/home/ec2-user/arduino-testlib/cli-datadir/user/libraries/INA226Lib/examples/Latch/Latch.ino:39:20: error: &#39;class INA226&#39; has no member named &#39;readBusVoltage&#39;
   Serial.print(ina.readBusVoltage(), 5);
                    ^
/home/ec2-user/arduino-testlib/cli-datadir/user/libraries/INA226Lib/examples/Latch/Latch.ino:43:20: error: &#39;class INA226&#39; has no member named &#39;readBusPower&#39;
   Serial.print(ina.readBusPower(), 5);
                    ^
/home/ec2-user/arduino-testlib/cli-datadir/user/libraries/INA226Lib/examples/Latch/Latch.ino:48:20: error: &#39;class INA226&#39; has no member named &#39;readShuntVoltage&#39;
   Serial.print(ina.readShuntVoltage(), 5);
                    ^
/home/ec2-user/arduino-testlib/cli-datadir/user/libraries/INA226Lib/examples/Latch/Latch.ino:52:20: error: &#39;class INA226&#39; has no member named &#39;readShuntCurrent&#39;
   Serial.print(ina.readShuntCurrent(), 5);
                    ^
/home/ec2-user/arduino-testlib/cli-datadir/user/libraries/INA226Lib/examples/Latch/Latch.ino:55:11: error: &#39;class INA226&#39; has no member named &#39;isAlert&#39;
   if (ina.isAlert())
           ^
Multiple libraries were found for &#34;INA226.h&#34;
  Used: /home/ec2-user/arduino-testlib/cli-datadir/user/libraries/INA226
  Not used: /home/ec2-user/arduino-testlib/cli-datadir/user/libraries/GyverINA
  Not used: /home/ec2-user/arduino-testlib/cli-datadir/user/libraries/Arduino_ScienceJournal
  Not used: /home/ec2-user/arduino-testlib/cli-datadir/user/libraries/INA226Lib
</pre>
					
					<h4>examples/Simple</h4>
					<p>
						Result: <b>FAIL</b>
					</p>
					<pre class="pre-scrollable">/home/ec2-user/arduino-testlib/cli-datadir/user/libraries/INA226Lib/examples/Simple/Simple.ino:12:8: error: no matching function for call to &#39;INA226::INA226()&#39;
 INA226 ina;
        ^
In file included from /home/ec2-user/arduino-testlib/cli-datadir/user/libraries/INA226Lib/examples/Simple/Simple.ino:10:0:
/home/ec2-user/arduino-testlib/cli-datadir/user/libraries/INA226/INA226.h:40:12: note: candidate: INA226::INA226(uint8_t, TwoWire*)
   explicit INA226(const uint8_t address, TwoWire *wire = &amp;Wire);
            ^
/home/ec2-user/arduino-testlib/cli-datadir/user/libraries/INA226/INA226.h:40:12: note:   candidate expects 2 arguments, 0 provided
/home/ec2-user/arduino-testlib/cli-datadir/user/libraries/INA226/INA226.h:36:7: note: candidate: constexpr INA226::INA226(const INA226&amp;)
 class INA226
       ^
/home/ec2-user/arduino-testlib/cli-datadir/user/libraries/INA226/INA226.h:36:7: note:   candidate expects 1 argument, 0 provided
/home/ec2-user/arduino-testlib/cli-datadir/user/libraries/INA226/INA226.h:36:7: note: candidate: constexpr INA226::INA226(INA226&amp;&amp;)
/home/ec2-user/arduino-testlib/cli-datadir/user/libraries/INA226/INA226.h:36:7: note:   candidate expects 1 argument, 0 provided
/home/ec2-user/arduino-testlib/cli-datadir/user/libraries/INA226Lib/examples/Simple/Simple.ino: In function &#39;void checkConfig()&#39;:
/home/ec2-user/arduino-testlib/cli-datadir/user/libraries/INA226Lib/examples/Simple/Simple.ino:19:10: error: &#39;INA226_MODE_POWER_DOWN&#39; was not declared in this scope
     case INA226_MODE_POWER_DOWN:      Serial.println(&#34;Power-Down&#34;); break;
          ^
/home/ec2-user/arduino-testlib/cli-datadir/user/libraries/INA226Lib/examples/Simple/Simple.ino:20:10: error: &#39;INA226_MODE_SHUNT_TRIG&#39; was not declared in this scope
     case INA226_MODE_SHUNT_TRIG:      Serial.println(&#34;Shunt Voltage, Triggered&#34;); break;
          ^
/home/ec2-user/arduino-testlib/cli-datadir/user/libraries/INA226Lib/examples/Simple/Simple.ino:21:10: error: &#39;INA226_MODE_BUS_TRIG&#39; was not declared in this scope
     case INA226_MODE_BUS_TRIG:        Serial.println(&#34;Bus Voltage, Triggered&#34;); break;
          ^
/home/ec2-user/arduino-testlib/cli-datadir/user/libraries/INA226Lib/examples/Simple/Simple.ino:22:10: error: &#39;INA226_MODE_SHUNT_BUS_TRIG&#39; was not declared in this scope
     case INA226_MODE_SHUNT_BUS_TRIG:  Serial.println(&#34;Shunt and Bus, Triggered&#34;); break;
          ^
/home/ec2-user/arduino-testlib/cli-datadir/user/libraries/INA226Lib/examples/Simple/Simple.ino:23:10: error: &#39;INA226_MODE_ADC_OFF&#39; was not declared in this scope
     case INA226_MODE_ADC_OFF:         Serial.println(&#34;ADC Off&#34;); break;
          ^
/home/ec2-user/arduino-testlib/cli-datadir/user/libraries/INA226Lib/examples/Simple/Simple.ino:24:10: error: &#39;INA226_MODE_SHUNT_CONT&#39; was not declared in this scope
     case INA226_MODE_SHUNT_CONT:      Serial.println(&#34;Shunt Voltage, Continuous&#34;); break;
          ^
/home/ec2-user/arduino-testlib/cli-datadir/user/libraries/INA226Lib/examples/Simple/Simple.ino:25:10: error: &#39;INA226_MODE_BUS_CONT&#39; was not declared in this scope
     case INA226_MODE_BUS_CONT:        Serial.println(&#34;Bus Voltage, Continuous&#34;); break;
          ^
/home/ec2-user/arduino-testlib/cli-datadir/user/libraries/INA226Lib/examples/Simple/Simple.ino:26:10: error: &#39;INA226_MODE_SHUNT_BUS_CONT&#39; was not declared in this scope
     case INA226_MODE_SHUNT_BUS_CONT:  Serial.println(&#34;Shunt and Bus, Continuous&#34;); break;
          ^
/home/ec2-user/arduino-testlib/cli-datadir/user/libraries/INA226Lib/examples/Simple/Simple.ino:31:15: error: &#39;class INA226&#39; has no member named &#39;getAverages&#39;
   switch (ina.getAverages())
               ^
/home/ec2-user/arduino-testlib/cli-datadir/user/libraries/INA226Lib/examples/Simple/Simple.ino:33:10: error: &#39;INA226_AVERAGES_1&#39; was not declared in this scope
     case INA226_AVERAGES_1:           Serial.println(&#34;1 sample&#34;); break;
          ^
/home/ec2-user/arduino-testlib/cli-datadir/user/libraries/INA226Lib/examples/Simple/Simple.ino:34:10: error: &#39;INA226_AVERAGES_4&#39; was not declared in this scope
     case INA226_AVERAGES_4:           Serial.println(&#34;4 samples&#34;); break;
          ^
/home/ec2-user/arduino-testlib/cli-datadir/user/libraries/INA226Lib/examples/Simple/Simple.ino:35:10: error: &#39;INA226_AVERAGES_16&#39; was not declared in this scope
     case INA226_AVERAGES_16:          Serial.println(&#34;16 samples&#34;); break;
          ^
/home/ec2-user/arduino-testlib/cli-datadir/user/libraries/INA226Lib/examples/Simple/Simple.ino:36:10: error: &#39;INA226_AVERAGES_64&#39; was not declared in this scope
     case INA226_AVERAGES_64:          Serial.println(&#34;64 samples&#34;); break;
          ^
/home/ec2-user/arduino-testlib/cli-datadir/user/libraries/INA226Lib/examples/Simple/Simple.ino:37:10: error: &#39;INA226_AVERAGES_128&#39; was not declared in this scope
     case INA226_AVERAGES_128:         Serial.println(&#34;128 samples&#34;); break;
          ^
/home/ec2-user/arduino-testlib/cli-datadir/user/libraries/INA226Lib/examples/Simple/Simple.ino:38:10: error: &#39;INA226_AVERAGES_256&#39; was not declared in this scope
     case INA226_AVERAGES_256:         Serial.println(&#34;256 samples&#34;); break;
          ^
/home/ec2-user/arduino-testlib/cli-datadir/user/libraries/INA226Lib/examples/Simple/Simple.ino:39:10: error: &#39;INA226_AVERAGES_512&#39; was not declared in this scope
     case INA226_AVERAGES_512:         Serial.println(&#34;512 samples&#34;); break;
          ^
/home/ec2-user/arduino-testlib/cli-datadir/user/libraries/INA226Lib/examples/Simple/Simple.ino:40:10: error: &#39;INA226_AVERAGES_1024&#39; was not declared in this scope
     case INA226_AVERAGES_1024:        Serial.println(&#34;1024 samples&#34;); break;
          ^
/home/ec2-user/arduino-testlib/cli-datadir/user/libraries/INA226Lib/examples/Simple/Simple.ino:45:15: error: &#39;class INA226&#39; has no member named &#39;getBusConversionTime&#39;
   switch (ina.getBusConversionTime())
               ^
/home/ec2-user/arduino-testlib/cli-datadir/user/libraries/INA226Lib/examples/Simple/Simple.ino:47:10: error: &#39;INA226_BUS_CONV_TIME_140US&#39; was not declared in this scope
     case INA226_BUS_CONV_TIME_140US:  Serial.println(&#34;140uS&#34;); break;
          ^
/home/ec2-user/arduino-testlib/cli-datadir/user/libraries/INA226Lib/examples/Simple/Simple.ino:48:10: error: &#39;INA226_BUS_CONV_TIME_204US&#39; was not declared in this scope
     case INA226_BUS_CONV_TIME_204US:  Serial.println(&#34;204uS&#34;); break;
          ^
/home/ec2-user/arduino-testlib/cli-datadir/user/libraries/INA226Lib/examples/Simple/Simple.ino:49:10: error: &#39;INA226_BUS_CONV_TIME_332US&#39; was not declared in this scope
     case INA226_BUS_CONV_TIME_332US:  Serial.println(&#34;332uS&#34;); break;
          ^
/home/ec2-user/arduino-testlib/cli-datadir/user/libraries/INA226Lib/examples/Simple/Simple.ino:50:10: error: &#39;INA226_BUS_CONV_TIME_588US&#39; was not declared in this scope
     case INA226_BUS_CONV_TIME_588US:  Serial.println(&#34;558uS&#34;); break;
          ^
/home/ec2-user/arduino-testlib/cli-datadir/user/libraries/INA226Lib/examples/Simple/Simple.ino:51:10: error: &#39;INA226_BUS_CONV_TIME_1100US&#39; was not declared in this scope
     case INA226_BUS_CONV_TIME_1100US: Serial.println(&#34;1.100ms&#34;); break;
          ^
/home/ec2-user/arduino-testlib/cli-datadir/user/libraries/INA226Lib/examples/Simple/Simple.ino:52:10: error: &#39;INA226_BUS_CONV_TIME_2116US&#39; was not declared in this scope
     case INA226_BUS_CONV_TIME_2116US: Serial.println(&#34;2.116ms&#34;); break;
          ^
/home/ec2-user/arduino-testlib/cli-datadir/user/libraries/INA226Lib/examples/Simple/Simple.ino:53:10: error: &#39;INA226_BUS_CONV_TIME_4156US&#39; was not declared in this scope
     case INA226_BUS_CONV_TIME_4156US: Serial.println(&#34;4.156ms&#34;); break;
          ^
/home/ec2-user/arduino-testlib/cli-datadir/user/libraries/INA226Lib/examples/Simple/Simple.ino:54:10: error: &#39;INA226_BUS_CONV_TIME_8244US&#39; was not declared in this scope
     case INA226_BUS_CONV_TIME_8244US: Serial.println(&#34;8.244ms&#34;); break;
          ^
/home/ec2-user/arduino-testlib/cli-datadir/user/libraries/INA226Lib/examples/Simple/Simple.ino:59:15: error: &#39;class INA226&#39; has no member named &#39;getShuntConversionTime&#39;
   switch (ina.getShuntConversionTime())
               ^
/home/ec2-user/arduino-testlib/cli-datadir/user/libraries/INA226Lib/examples/Simple/Simple.ino:61:10: error: &#39;INA226_SHUNT_CONV_TIME_140US&#39; was not declared in this scope
     case INA226_SHUNT_CONV_TIME_140US:  Serial.println(&#34;140uS&#34;); break;
          ^
/home/ec2-user/arduino-testlib/cli-datadir/user/libraries/INA226Lib/examples/Simple/Simple.ino:62:10: error: &#39;INA226_SHUNT_CONV_TIME_204US&#39; was not declared in this scope
     case INA226_SHUNT_CONV_TIME_204US:  Serial.println(&#34;204uS&#34;); break;
          ^
/home/ec2-user/arduino-testlib/cli-datadir/user/libraries/INA226Lib/examples/Simple/Simple.ino:63:10: error: &#39;INA226_SHUNT_CONV_TIME_332US&#39; was not declared in this scope
     case INA226_SHUNT_CONV_TIME_332US:  Serial.println(&#34;332uS&#34;); break;
          ^
/home/ec2-user/arduino-testlib/cli-datadir/user/libraries/INA226Lib/examples/Simple/Simple.ino:64:10: error: &#39;INA226_SHUNT_CONV_TIME_588US&#39; was not declared in this scope
     case INA226_SHUNT_CONV_TIME_588US:  Serial.println(&#34;558uS&#34;); break;
          ^
/home/ec2-user/arduino-testlib/cli-datadir/user/libraries/INA226Lib/examples/Simple/Simple.ino:65:10: error: &#39;INA226_SHUNT_CONV_TIME_1100US&#39; was not declared in this scope
     case INA226_SHUNT_CONV_TIME_1100US: Serial.println(&#34;1.100ms&#34;); break;
          ^
/home/ec2-user/arduino-testlib/cli-datadir/user/libraries/INA226Lib/examples/Simple/Simple.ino:66:10: error: &#39;INA226_SHUNT_CONV_TIME_2116US&#39; was not declared in this scope
     case INA226_SHUNT_CONV_TIME_2116US: Serial.println(&#34;2.116ms&#34;); break;
          ^
/home/ec2-user/arduino-testlib/cli-datadir/user/libraries/INA226Lib/examples/Simple/Simple.ino:67:10: error: &#39;INA226_SHUNT_CONV_TIME_4156US&#39; was not declared in this scope
     case INA226_SHUNT_CONV_TIME_4156US: Serial.println(&#34;4.156ms&#34;); break;
          ^
/home/ec2-user/arduino-testlib/cli-datadir/user/libraries/INA226Lib/examples/Simple/S</pre>
					
				
			</div>
		</div>
	</div>
  </body>
</html>
