
<!doctype html>
<html lang="en">
  <head>
    <meta charset="utf-8">
    <meta name="viewport" content="width=device-width, initial-scale=1">
    <link href="https://cdn.jsdelivr.net/npm/bootstrap@5.0.2/dist/css/bootstrap.min.css" rel="stylesheet" integrity="sha384-EVSTQN3/azprG1Anm3QDgpJLIm9Nao0Yz1ztcQTwFspd3yD65VohhpuuCOmLASjC" crossorigin="anonymous">
    <title>arduino-testlib report</title>
	<style>
	.pass { background-color: #00FF00 !important; }
	.fail { background-color: #FF0000 !important; }
	</style>
  </head>
  <body>
	<div class="container">
		<div class="row">
			<div class="col">
				<h1>InkyBoard - compatibility matrix</h1>
				<p>
					<small>This report was generated on Wednesday, 23-Feb-22 22:48:15 CET using 
					<a href="https://github.com/alranel/arduino-testlib">arduino-testlib</a>.</small>
				</p>

				<h2>InkyBoard</h2>
				<p>
					Version: <b>1.4.2</b>
					<br />
					<a href="https://www.arduino.cc/reference/en/libraries/inkyboard/">More details</a>
				</p>

				<h2>Compatibility matrix</h2>
				<table class="table table-bordered">
					<tr>
						<th>Board</th>
						<th>Claims compatibility</th>
						<th>Inclusion</th>
						
						<th><pre>InkyBoard_06_rgbLed</pre></th>
						
						<th><pre>InkyBoard_10_display_image</pre></th>
						
						<th><pre>InkyBoard_07_colorSensor</pre></th>
						
						<th><pre>InkyBoard_08_display_showNumbers</pre></th>
						
						<th><pre>InkyBoard_14_demo</pre></th>
						
						<th><pre>InkyBoard_00_functielijst</pre></th>
						
						<th><pre>InkyBoard_09_display_pixel</pre></th>
						
						<th><pre>InkyBoard_12_game_snake</pre></th>
						
						<th><pre>InkyBoard_13_game_simon_says</pre></th>
						
						<th><pre>InkyBoard_05_potmeter</pre></th>
						
						<th><pre>InkyBoard_11_multipe_displays</pre></th>
						
						<th><pre>InkyBoard_01_blink</pre></th>
						
						<th><pre>InkyBoard_02_button</pre></th>
						
						<th><pre>InkyBoard_03_knock</pre></th>
						
						<th><pre>InkyBoard_04_servo</pre></th>
						
					</tr>
					
					<tr>
						<td>
							<a href="#arduino%3aavr%3auno"><b>arduino:avr:uno</b></a>
							<br />
							<small>1.8.4</small>
						</td>

						
						
						
							<td>Yes ⚠️</td>
							<td class="fail">FAIL</td>
						
						

						
							
								
									
										
									
										
									
										
									
										
									
										
									
										
									
										
											<td class="pass">PASS</td>
											
										
									
										
									
										
									
										
									
										
									
										
									
										
									
										
									
										
									
								
							
								
							
								
							
								
							
								
							
						
							
								
									
										
									
										
									
										
									
										
									
										
									
										
									
										
									
										
									
										
									
										
									
										
											<td class="pass">PASS</td>
											
										
									
										
									
										
									
										
									
										
									
								
							
								
							
								
							
								
							
								
							
						
							
								
									
										
									
										
									
										
									
										
									
										
									
										
									
										
									
										
											<td class="pass">PASS</td>
											
										
									
										
									
										
									
										
									
										
									
										
									
										
									
										
									
								
							
								
							
								
							
								
							
								
							
						
							
								
									
										
									
										
									
										
									
										
									
										
									
										
									
										
									
										
									
										
											<td class="pass">PASS</td>
											
										
									
										
									
										
									
										
									
										
									
										
									
										
									
								
							
								
							
								
							
								
							
								
							
						
							
								
									
										
									
										
									
										
									
										
									
										
									
										
									
										
									
										
									
										
									
										
									
										
									
										
									
										
									
										
									
										
											<td class="pass">PASS</td>
											
										
									
								
							
								
							
								
							
								
							
								
							
						
							
								
									
										
											<td class="pass">PASS</td>
											
										
									
										
									
										
									
										
									
										
									
										
									
										
									
										
									
										
									
										
									
										
									
										
									
										
									
										
									
										
									
								
							
								
							
								
							
								
							
								
							
						
							
								
									
										
									
										
									
										
									
										
									
										
									
										
									
										
									
										
									
										
									
										
											<td class="pass">PASS</td>
											
										
									
										
									
										
									
										
									
										
									
										
									
								
							
								
							
								
							
								
							
								
							
						
							
								
									
										
									
										
									
										
									
										
									
										
									
										
									
										
									
										
									
										
									
										
									
										
									
										
									
										
											<td class="pass">PASS</td>
											
										
									
										
									
										
									
								
							
								
							
								
							
								
							
								
							
						
							
								
									
										
									
										
									
										
									
										
									
										
									
										
									
										
									
										
									
										
									
										
									
										
									
										
									
										
									
										
											<td class="pass">PASS</td>
											
										
									
										
									
								
							
								
							
								
							
								
							
								
							
						
							
								
									
										
									
										
									
										
									
										
									
										
									
										
											<td class="pass">PASS</td>
											
										
									
										
									
										
									
										
									
										
									
										
									
										
									
										
									
										
									
										
									
								
							
								
							
								
							
								
							
								
							
						
							
								
									
										
									
										
									
										
									
										
									
										
									
										
									
										
									
										
									
										
									
										
									
										
									
										
											
											<td class="fail">FAIL</td>
										
									
										
									
										
									
										
									
								
							
								
							
								
							
								
							
								
							
						
							
								
									
										
									
										
											<td class="pass">PASS</td>
											
										
									
										
									
										
									
										
									
										
									
										
									
										
									
										
									
										
									
										
									
										
									
										
									
										
									
										
									
								
							
								
							
								
							
								
							
								
							
						
							
								
									
										
									
										
									
										
											<td class="pass">PASS</td>
											
										
									
										
									
										
									
										
									
										
									
										
									
										
									
										
									
										
									
										
									
										
									
										
									
										
									
								
							
								
							
								
							
								
							
								
							
						
							
								
									
										
									
										
									
										
									
										
											<td class="pass">PASS</td>
											
										
									
										
									
										
									
										
									
										
									
										
									
										
									
										
									
										
									
										
									
										
									
										
									
								
							
								
							
								
							
								
							
								
							
						
							
								
									
										
									
										
									
										
									
										
									
										
											<td class="pass">PASS</td>
											
										
									
										
									
										
									
										
									
										
									
										
									
										
									
										
									
										
									
										
									
										
									
								
							
								
							
								
							
								
							
								
							
						
					</tr>
					
					<tr>
						<td>
							<a href="#arduino%3ambed_nano%3ananorp2040connect"><b>arduino:mbed_nano:nanorp2040connect</b></a>
							<br />
							<small>2.7.2</small>
						</td>

						
						
						
						
							<td>No</td>
							<td class="fail">FAIL</td>
						

						
							
								
							
								
									
										
									
										
									
										
									
										
									
										
									
										
									
										
											
											<td class="fail">FAIL</td>
										
									
										
									
										
									
										
									
										
									
										
									
										
									
										
									
										
									
								
							
								
							
								
							
								
							
						
							
								
							
								
									
										
									
										
									
										
									
										
									
										
									
										
									
										
									
										
									
										
									
										
									
										
											
											<td class="fail">FAIL</td>
										
									
										
									
										
									
										
									
										
									
								
							
								
							
								
							
								
							
						
							
								
							
								
									
										
									
										
									
										
									
										
									
										
									
										
									
										
									
										
											
											<td class="fail">FAIL</td>
										
									
										
									
										
									
										
									
										
									
										
									
										
									
										
									
								
							
								
							
								
							
								
							
						
							
								
							
								
									
										
									
										
									
										
									
										
									
										
									
										
									
										
									
										
									
										
											
											<td class="fail">FAIL</td>
										
									
										
									
										
									
										
									
										
									
										
									
										
									
								
							
								
							
								
							
								
							
						
							
								
							
								
									
										
									
										
									
										
									
										
									
										
									
										
									
										
									
										
									
										
									
										
									
										
									
										
									
										
									
										
									
										
											
											<td class="fail">FAIL</td>
										
									
								
							
								
							
								
							
								
							
						
							
								
							
								
									
										
											
											<td class="fail">FAIL</td>
										
									
										
									
										
									
										
									
										
									
										
									
										
									
										
									
										
									
										
									
										
									
										
									
										
									
										
									
										
									
								
							
								
							
								
							
								
							
						
							
								
							
								
									
										
									
										
									
										
									
										
									
										
									
										
									
										
									
										
									
										
									
										
											
											<td class="fail">FAIL</td>
										
									
										
									
										
									
										
									
										
									
										
									
								
							
								
							
								
							
								
							
						
							
								
							
								
									
										
									
										
									
										
									
										
									
										
									
										
									
										
									
										
									
										
									
										
									
										
									
										
									
										
											
											<td class="fail">FAIL</td>
										
									
										
									
										
									
								
							
								
							
								
							
								
							
						
							
								
							
								
									
										
									
										
									
										
									
										
									
										
									
										
									
										
									
										
									
										
									
										
									
										
									
										
									
										
									
										
											
											<td class="fail">FAIL</td>
										
									
										
									
								
							
								
							
								
							
								
							
						
							
								
							
								
									
										
									
										
									
										
									
										
									
										
									
										
											
											<td class="fail">FAIL</td>
										
									
										
									
										
									
										
									
										
									
										
									
										
									
										
									
										
									
										
									
								
							
								
							
								
							
								
							
						
							
								
							
								
									
										
									
										
									
										
									
										
									
										
									
										
									
										
									
										
									
										
									
										
									
										
									
										
											
											<td class="fail">FAIL</td>
										
									
										
									
										
									
										
									
								
							
								
							
								
							
								
							
						
							
								
							
								
									
										
									
										
											
											<td class="fail">FAIL</td>
										
									
										
									
										
									
										
									
										
									
										
									
										
									
										
									
										
									
										
									
										
									
										
									
										
									
										
									
								
							
								
							
								
							
								
							
						
							
								
							
								
									
										
									
										
									
										
											
											<td class="fail">FAIL</td>
										
									
										
									
										
									
										
									
										
									
										
									
										
									
										
									
										
									
										
									
										
									
										
									
										
									
								
							
								
							
								
							
								
							
						
							
								
							
								
									
										
									
										
									
										
									
										
											
											<td class="fail">FAIL</td>
										
									
										
									
										
									
										
									
										
									
										
									
										
									
										
									
										
									
										
									
										
									
										
									
								
							
								
							
								
							
								
							
						
							
								
							
								
									
										
									
										
									
										
									
										
									
										
											
											<td class="fail">FAIL</td>
										
									
										
									
										
									
										
									
										
									
										
									
										
									
										
									
										
									
										
									
										
									
								
							
								
							
								
							
								
							
						
					</tr>
					
					<tr>
						<td>
							<a href="#arduino%3amegaavr%3anona4809"><b>arduino:megaavr:nona4809</b></a>
							<br />
							<small>1.8.7</small>
						</td>

						
						
						
						
							<td>No</td>
							<td class="fail">FAIL</td>
						

						
							
								
							
								
							
								
									
										
									
										
									
										
									
										
									
										
									
										
									
										
											<td class="pass">PASS</td>
											
										
									
										
									
										
									
										
									
										
									
										
									
										
									
										
									
										
									
								
							
								
							
								
							
						
							
								
							
								
							
								
									
										
									
										
									
										
									
										
									
										
									
										
									
										
									
										
									
										
									
										
									
										
											<td class="pass">PASS</td>
											
										
									
										
									
										
									
										
									
										
									
								
							
								
							
								
							
						
							
								
							
								
							
								
									
										
									
										
									
										
									
										
									
										
									
										
									
										
									
										
											<td class="pass">PASS</td>
											
										
									
										
									
										
									
										
									
										
									
										
									
										
									
										
									
								
							
								
							
								
							
						
							
								
							
								
							
								
									
										
									
										
									
										
									
										
									
										
									
										
									
										
									
										
									
										
											<td class="pass">PASS</td>
											
										
									
										
									
										
									
										
									
										
									
										
									
										
									
								
							
								
							
								
							
						
							
								
							
								
							
								
									
										
									
										
									
										
									
										
									
										
									
										
									
										
									
										
									
										
									
										
									
										
									
										
									
										
									
										
									
										
											<td class="pass">PASS</td>
											
										
									
								
							
								
							
								
							
						
							
								
							
								
							
								
									
										
											<td class="pass">PASS</td>
											
										
									
										
									
										
									
										
									
										
									
										
									
										
									
										
									
										
									
										
									
										
									
										
									
										
									
										
									
										
									
								
							
								
							
								
							
						
							
								
							
								
							
								
									
										
									
										
									
										
									
										
									
										
									
										
									
										
									
										
									
										
									
										
											<td class="pass">PASS</td>
											
										
									
										
									
										
									
										
									
										
									
										
									
								
							
								
							
								
							
						
							
								
							
								
							
								
									
										
									
										
									
										
									
										
									
										
									
										
									
										
									
										
									
										
									
										
									
										
									
										
									
										
											<td class="pass">PASS</td>
											
										
									
										
									
										
									
								
							
								
							
								
							
						
							
								
							
								
							
								
									
										
									
										
									
										
									
										
									
										
									
										
									
										
									
										
									
										
									
										
									
										
									
										
									
										
									
										
											<td class="pass">PASS</td>
											
										
									
										
									
								
							
								
							
								
							
						
							
								
							
								
							
								
									
										
									
										
									
										
									
										
									
										
									
										
											<td class="pass">PASS</td>
											
										
									
										
									
										
									
										
									
										
									
										
									
										
									
										
									
										
									
										
									
								
							
								
							
								
							
						
							
								
							
								
							
								
									
										
									
										
									
										
									
										
									
										
									
										
									
										
									
										
									
										
									
										
									
										
									
										
											
											<td class="fail">FAIL</td>
										
									
										
									
										
									
										
									
								
							
								
							
								
							
						
							
								
							
								
							
								
									
										
									
										
											<td class="pass">PASS</td>
											
										
									
										
									
										
									
										
									
										
									
										
									
										
									
										
									
										
									
										
									
										
									
										
									
										
									
										
									
								
							
								
							
								
							
						
							
								
							
								
							
								
									
										
									
										
									
										
											<td class="pass">PASS</td>
											
										
									
										
									
										
									
										
									
										
									
										
									
										
									
										
									
										
									
										
									
										
									
										
									
										
									
								
							
								
							
								
							
						
							
								
							
								
							
								
									
										
									
										
									
										
									
										
											<td class="pass">PASS</td>
											
										
									
										
									
										
									
										
									
										
									
										
									
										
									
										
									
										
									
										
									
										
									
										
									
								
							
								
							
								
							
						
							
								
							
								
							
								
									
										
									
										
									
										
									
										
									
										
											<td class="pass">PASS</td>
											
										
									
										
									
										
									
										
									
										
									
										
									
										
									
										
									
										
									
										
									
										
									
								
							
								
							
								
							
						
					</tr>
					
					<tr>
						<td>
							<a href="#arduino%3asamd%3amkrwifi1010"><b>arduino:samd:mkrwifi1010</b></a>
							<br />
							<small>1.8.12</small>
						</td>

						
						
						
						
							<td>No</td>
							<td class="fail">FAIL</td>
						

						
							
								
							
								
							
								
							
								
									
										
									
										
									
										
									
										
									
										
									
										
									
										
											
											<td class="fail">FAIL</td>
										
									
										
									
										
									
										
									
										
									
										
									
										
									
										
									
										
									
								
							
								
							
						
							
								
							
								
							
								
							
								
									
										
									
										
									
										
									
										
									
										
									
										
									
										
									
										
									
										
									
										
									
										
											
											<td class="fail">FAIL</td>
										
									
										
									
										
									
										
									
										
									
								
							
								
							
						
							
								
							
								
							
								
							
								
									
										
									
										
									
										
									
										
									
										
									
										
									
										
									
										
											
											<td class="fail">FAIL</td>
										
									
										
									
										
									
										
									
										
									
										
									
										
									
										
									
								
							
								
							
						
							
								
							
								
							
								
							
								
									
										
									
										
									
										
									
										
									
										
									
										
									
										
									
										
									
										
											
											<td class="fail">FAIL</td>
										
									
										
									
										
									
										
									
										
									
										
									
										
									
								
							
								
							
						
							
								
							
								
							
								
							
								
									
										
									
										
									
										
									
										
									
										
									
										
									
										
									
										
									
										
									
										
									
										
									
										
									
										
									
										
									
										
											
											<td class="fail">FAIL</td>
										
									
								
							
								
							
						
							
								
							
								
							
								
							
								
									
										
											
											<td class="fail">FAIL</td>
										
									
										
									
										
									
										
									
										
									
										
									
										
									
										
									
										
									
										
									
										
									
										
									
										
									
										
									
										
									
								
							
								
							
						
							
								
							
								
							
								
							
								
									
										
									
										
									
										
									
										
									
										
									
										
									
										
									
										
									
										
									
										
											
											<td class="fail">FAIL</td>
										
									
										
									
										
									
										
									
										
									
										
									
								
							
								
							
						
							
								
							
								
							
								
							
								
									
										
									
										
									
										
									
										
									
										
									
										
									
										
									
										
									
										
									
										
									
										
									
										
									
										
											
											<td class="fail">FAIL</td>
										
									
										
									
										
									
								
							
								
							
						
							
								
							
								
							
								
							
								
									
										
									
										
									
										
									
										
									
										
									
										
									
										
									
										
									
										
									
										
									
										
									
										
									
										
									
										
											
											<td class="fail">FAIL</td>
										
									
										
									
								
							
								
							
						
							
								
							
								
							
								
							
								
									
										
									
										
									
										
									
										
									
										
									
										
											
											<td class="fail">FAIL</td>
										
									
										
									
										
									
										
									
										
									
										
									
										
									
										
									
										
									
										
									
								
							
								
							
						
							
								
							
								
							
								
							
								
									
										
									
										
									
										
									
										
									
										
									
										
									
										
									
										
									
										
									
										
									
										
									
										
											
											<td class="fail">FAIL</td>
										
									
										
									
										
									
										
									
								
							
								
							
						
							
								
							
								
							
								
							
								
									
										
									
										
											
											<td class="fail">FAIL</td>
										
									
										
									
										
									
										
									
										
									
										
									
										
									
										
									
										
									
										
									
										
									
										
									
										
									
										
									
								
							
								
							
						
							
								
							
								
							
								
							
								
									
										
									
										
									
										
											
											<td class="fail">FAIL</td>
										
									
										
									
										
									
										
									
										
									
										
									
										
									
										
									
										
									
										
									
										
									
										
									
										
									
								
							
								
							
						
							
								
							
								
							
								
							
								
									
										
									
										
									
										
									
										
											
											<td class="fail">FAIL</td>
										
									
										
									
										
									
										
									
										
									
										
									
										
									
										
									
										
									
										
									
										
									
										
									
								
							
								
							
						
							
								
							
								
							
								
							
								
									
										
									
										
									
										
									
										
									
										
											
											<td class="fail">FAIL</td>
										
									
										
									
										
									
										
									
										
									
										
									
										
									
										
									
										
									
										
									
										
									
								
							
								
							
						
					</tr>
					
					<tr>
						<td>
							<a href="#esp32%3aesp32%3ad1_mini32"><b>esp32:esp32:d1_mini32</b></a>
							<br />
							<small>1.0.6</small>
						</td>

						
						
						
						
							<td>No</td>
							<td class="fail">FAIL</td>
						

						
							
								
							
								
							
								
							
								
							
								
									
										
									
										
									
										
									
										
									
										
									
										
									
										
											
											<td class="fail">FAIL</td>
										
									
										
									
										
									
										
									
										
									
										
									
										
									
										
									
										
									
								
							
						
							
								
							
								
							
								
							
								
							
								
									
										
									
										
									
										
									
										
									
										
									
										
									
										
									
										
									
										
									
										
									
										
											
											<td class="fail">FAIL</td>
										
									
										
									
										
									
										
									
										
									
								
							
						
							
								
							
								
							
								
							
								
							
								
									
										
									
										
									
										
									
										
									
										
									
										
									
										
									
										
											
											<td class="fail">FAIL</td>
										
									
										
									
										
									
										
									
										
									
										
									
										
									
										
									
								
							
						
							
								
							
								
							
								
							
								
							
								
									
										
									
										
									
										
									
										
									
										
									
										
									
										
									
										
									
										
											
											<td class="fail">FAIL</td>
										
									
										
									
										
									
										
									
										
									
										
									
										
									
								
							
						
							
								
							
								
							
								
							
								
							
								
									
										
									
										
									
										
									
										
									
										
									
										
									
										
									
										
									
										
									
										
									
										
									
										
									
										
									
										
									
										
											
											<td class="fail">FAIL</td>
										
									
								
							
						
							
								
							
								
							
								
							
								
							
								
									
										
											
											<td class="fail">FAIL</td>
										
									
										
									
										
									
										
									
										
									
										
									
										
									
										
									
										
									
										
									
										
									
										
									
										
									
										
									
										
									
								
							
						
							
								
							
								
							
								
							
								
							
								
									
										
									
										
									
										
									
										
									
										
									
										
									
										
									
										
									
										
									
										
											
											<td class="fail">FAIL</td>
										
									
										
									
										
									
										
									
										
									
										
									
								
							
						
							
								
							
								
							
								
							
								
							
								
									
										
									
										
									
										
									
										
									
										
									
										
									
										
									
										
									
										
									
										
									
										
									
										
									
										
											
											<td class="fail">FAIL</td>
										
									
										
									
										
									
								
							
						
							
								
							
								
							
								
							
								
							
								
									
										
									
										
									
										
									
										
									
										
									
										
									
										
									
										
									
										
									
										
									
										
									
										
									
										
									
										
											
											<td class="fail">FAIL</td>
										
									
										
									
								
							
						
							
								
							
								
							
								
							
								
							
								
									
										
									
										
									
										
									
										
									
										
									
										
											
											<td class="fail">FAIL</td>
										
									
										
									
										
									
										
									
										
									
										
									
										
									
										
									
										
									
										
									
								
							
						
							
								
							
								
							
								
							
								
							
								
									
										
									
										
									
										
									
										
									
										
									
										
									
										
									
										
									
										
									
										
									
										
									
										
											
											<td class="fail">FAIL</td>
										
									
										
									
										
									
										
									
								
							
						
							
								
							
								
							
								
							
								
							
								
									
										
									
										
											
											<td class="fail">FAIL</td>
										
									
										
									
										
									
										
									
										
									
										
									
										
									
										
									
										
									
										
									
										
									
										
									
										
									
										
									
								
							
						
							
								
							
								
							
								
							
								
							
								
									
										
									
										
									
										
											
											<td class="fail">FAIL</td>
										
									
										
									
										
									
										
									
										
									
										
									
										
									
										
									
										
									
										
									
										
									
										
									
										
									
								
							
						
							
								
							
								
							
								
							
								
							
								
									
										
									
										
									
										
									
										
											
											<td class="fail">FAIL</td>
										
									
										
									
										
									
										
									
										
									
										
									
										
									
										
									
										
									
										
									
										
									
										
									
								
							
						
							
								
							
								
							
								
							
								
							
								
									
										
									
										
									
										
									
										
									
										
											
											<td class="fail">FAIL</td>
										
									
										
									
										
									
										
									
										
									
										
									
										
									
										
									
										
									
										
									
										
									
								
							
						
					</tr>
					
				</table>

				<h2>Compilation logs</h2>
				
				<h3 id="arduino:avr:uno">arduino:avr:uno @ 1.8.4</h3>
				<h4>Inclusion</h4>
				<p>
					Result: <b>FAIL</b>
					
				</p>
				<pre class="pre-scrollable">In file included from /home/ec2-user/arduino-testlib/cli-datadir/user/libraries/InkyBoard/src/InkyBoard.h:24:0,
                 from /tmp/arduino-testlib3432589465/test/test.ino:3:
/home/ec2-user/arduino-testlib/cli-datadir/user/libraries/InkyBoard/src/Display.h:200:7: error: redefinition of &#39;class Display&#39;
 class Display{
       ^~~~~~~
In file included from /tmp/arduino-testlib3432589465/test/test.ino:2:0:
/home/ec2-user/arduino-testlib/cli-datadir/user/libraries/AceMenu/src/Display.h:4:7: note: previous definition of &#39;class Display&#39;
 class Display {
       ^~~~~~~
In file included from /tmp/arduino-testlib3432589465/test/test.ino:3:0:
/home/ec2-user/arduino-testlib/cli-datadir/user/libraries/InkyBoard/src/InkyBoard.h:173:13: error: cannot declare field &#39;InkyBoard::display&#39; to be of abstract type &#39;Display&#39;
     Display display;
             ^~~~~~~
In file included from /tmp/arduino-testlib3432589465/test/test.ino:2:0:
/home/ec2-user/arduino-testlib/cli-datadir/user/libraries/AceMenu/src/Display.h:4:7: note:   because the following virtual functions are pure within &#39;Display&#39;:
 class Display {
       ^~~~~~~
/home/ec2-user/arduino-testlib/cli-datadir/user/libraries/AceMenu/src/Display.h:6:16: note: 	virtual void Display::begin()
   virtual void begin(void) = 0;
                ^~~~~
/home/ec2-user/arduino-testlib/cli-datadir/user/libraries/AceMenu/src/Display.h:7:16: note: 	virtual void Display::write(char)
   virtual void write(char) = 0;
                ^~~~~
Multiple libraries were found for &#34;Servo.h&#34;
  Used: /home/ec2-user/arduino-testlib/cli-datadir/user/libraries/Servo
  Not used: /home/ec2-user/arduino-testlib/cli-datadir/user/libraries/Printoo_Library
  Not used: /home/ec2-user/arduino-testlib/cli-datadir/user/libraries/evive
  Not used: /home/ec2-user/arduino-testlib/cli-datadir/user/libraries/ServoESP32
  Not used: /home/ec2-user/arduino-testlib/cli-datadir/user/libraries/XMC_Servo
  Not used: /home/ec2-user/arduino-testlib/cli-datadir/user/libraries/RokitSmart
Multiple libraries were found for &#34;Display.h&#34;
  Used: /home/ec2-user/arduino-testlib/cli-datadir/user/libraries/AceMenu
  Not used: /home/ec2-user/arduino-testlib/cli-datadir/user/libraries/InkyBoard
  Not used: /home/ec2-user/arduino-testlib/cli-datadir/user/libraries/OneSystemLibrary
  Not used: /home/ec2-user/arduino-testlib/cli-datadir/user/libraries/Grafici-GFX
</pre>

					
					<h4>examples/InkyBoard_00_functielijst</h4>
					<p>
						Result: <b>PASS</b>
					</p>
					<pre class="pre-scrollable">Sketch uses 5124 bytes (15%) of program storage space. Maximum is 32256 bytes.
Global variables use 501 bytes (24%) of dynamic memory, leaving 1547 bytes for local variables. Maximum is 2048 bytes.
</pre>
					
					<h4>examples/InkyBoard_01_blink</h4>
					<p>
						Result: <b>PASS</b>
					</p>
					<pre class="pre-scrollable">Sketch uses 5190 bytes (16%) of program storage space. Maximum is 32256 bytes.
Global variables use 509 bytes (24%) of dynamic memory, leaving 1539 bytes for local variables. Maximum is 2048 bytes.
</pre>
					
					<h4>examples/InkyBoard_02_button</h4>
					<p>
						Result: <b>PASS</b>
					</p>
					<pre class="pre-scrollable">Sketch uses 5344 bytes (16%) of program storage space. Maximum is 32256 bytes.
Global variables use 509 bytes (24%) of dynamic memory, leaving 1539 bytes for local variables. Maximum is 2048 bytes.
</pre>
					
					<h4>examples/InkyBoard_03_knock</h4>
					<p>
						Result: <b>PASS</b>
					</p>
					<pre class="pre-scrollable">Sketch uses 5564 bytes (17%) of program storage space. Maximum is 32256 bytes.
Global variables use 527 bytes (25%) of dynamic memory, leaving 1521 bytes for local variables. Maximum is 2048 bytes.
</pre>
					
					<h4>examples/InkyBoard_04_servo</h4>
					<p>
						Result: <b>PASS</b>
					</p>
					<pre class="pre-scrollable">Sketch uses 6144 bytes (19%) of program storage space. Maximum is 32256 bytes.
Global variables use 509 bytes (24%) of dynamic memory, leaving 1539 bytes for local variables. Maximum is 2048 bytes.
</pre>
					
					<h4>examples/InkyBoard_05_potmeter</h4>
					<p>
						Result: <b>PASS</b>
					</p>
					<pre class="pre-scrollable">Sketch uses 5700 bytes (17%) of program storage space. Maximum is 32256 bytes.
Global variables use 515 bytes (25%) of dynamic memory, leaving 1533 bytes for local variables. Maximum is 2048 bytes.
</pre>
					
					<h4>examples/InkyBoard_06_rgbLed</h4>
					<p>
						Result: <b>PASS</b>
					</p>
					<pre class="pre-scrollable">Sketch uses 5744 bytes (17%) of program storage space. Maximum is 32256 bytes.
Global variables use 516 bytes (25%) of dynamic memory, leaving 1532 bytes for local variables. Maximum is 2048 bytes.
</pre>
					
					<h4>examples/InkyBoard_07_colorSensor</h4>
					<p>
						Result: <b>PASS</b>
					</p>
					<pre class="pre-scrollable">Sketch uses 7118 bytes (22%) of program storage space. Maximum is 32256 bytes.
Global variables use 531 bytes (25%) of dynamic memory, leaving 1517 bytes for local variables. Maximum is 2048 bytes.
</pre>
					
					<h4>examples/InkyBoard_08_display_showNumbers</h4>
					<p>
						Result: <b>PASS</b>
					</p>
					<pre class="pre-scrollable">Sketch uses 5650 bytes (17%) of program storage space. Maximum is 32256 bytes.
Global variables use 581 bytes (28%) of dynamic memory, leaving 1467 bytes for local variables. Maximum is 2048 bytes.
</pre>
					
					<h4>examples/InkyBoard_09_display_pixel</h4>
					<p>
						Result: <b>PASS</b>
					</p>
					<pre class="pre-scrollable">Sketch uses 5288 bytes (16%) of program storage space. Maximum is 32256 bytes.
Global variables use 501 bytes (24%) of dynamic memory, leaving 1547 bytes for local variables. Maximum is 2048 bytes.
</pre>
					
					<h4>examples/InkyBoard_10_display_image</h4>
					<p>
						Result: <b>PASS</b>
					</p>
					<pre class="pre-scrollable">Sketch uses 6168 bytes (19%) of program storage space. Maximum is 32256 bytes.
Global variables use 517 bytes (25%) of dynamic memory, leaving 1531 bytes for local variables. Maximum is 2048 bytes.
</pre>
					
					<h4>examples/InkyBoard_11_multipe_displays</h4>
					<p>
						Result: <b>FAIL</b>
					</p>
					<pre class="pre-scrollable">/home/ec2-user/arduino-testlib/cli-datadir/user/libraries/InkyBoard/examples/InkyBoard_11_multipe_displays/InkyBoard_11_multipe_displays.ino:62:54: error: invalid cast to abstract class type &#39;Display&#39;
 Display display = Display(DIN, CLK, LOAD, deviceCount); // init the display
                                                      ^
In file included from /home/ec2-user/arduino-testlib/cli-datadir/user/libraries/InkyBoard/examples/InkyBoard_11_multipe_displays/InkyBoard_11_multipe_displays.ino:4:0:
/home/ec2-user/arduino-testlib/cli-datadir/user/libraries/AceMenu/src/Display.h:4:7: note:   because the following virtual functions are pure within &#39;Display&#39;:
 class Display {
       ^~~~~~~
/home/ec2-user/arduino-testlib/cli-datadir/user/libraries/AceMenu/src/Display.h:6:16: note: 	virtual void Display::begin()
   virtual void begin(void) = 0;
                ^~~~~
/home/ec2-user/arduino-testlib/cli-datadir/user/libraries/AceMenu/src/Display.h:7:16: note: 	virtual void Display::write(char)
   virtual void write(char) = 0;
                ^~~~~
/home/ec2-user/arduino-testlib/cli-datadir/user/libraries/InkyBoard/examples/InkyBoard_11_multipe_displays/InkyBoard_11_multipe_displays.ino:62:9: error: cannot declare variable &#39;display&#39; to be of abstract type &#39;Display&#39;
 Display display = Display(DIN, CLK, LOAD, deviceCount); // init the display
         ^~~~~~~
/home/ec2-user/arduino-testlib/cli-datadir/user/libraries/InkyBoard/examples/InkyBoard_11_multipe_displays/InkyBoard_11_multipe_displays.ino: In function &#39;void setup()&#39;:
/home/ec2-user/arduino-testlib/cli-datadir/user/libraries/InkyBoard/examples/InkyBoard_11_multipe_displays/InkyBoard_11_multipe_displays.ino:72:13: error: &#39;class Display&#39; has no member named &#39;changeDevice&#39;
     display.changeDevice(i).init(false);
             ^~~~~~~~~~~~
/home/ec2-user/arduino-testlib/cli-datadir/user/libraries/InkyBoard/examples/InkyBoard_11_multipe_displays/InkyBoard_11_multipe_displays.ino:74:11: error: &#39;class Display&#39; has no member named &#39;setAutoSend&#39;
   display.setAutoSend(false); // don&#39;t send after each command but buildup all displays and send in one go
           ^~~~~~~~~~~
/home/ec2-user/arduino-testlib/cli-datadir/user/libraries/InkyBoard/examples/InkyBoard_11_multipe_displays/InkyBoard_11_multipe_displays.ino: In function &#39;void loop()&#39;:
/home/ec2-user/arduino-testlib/cli-datadir/user/libraries/InkyBoard/examples/InkyBoard_11_multipe_displays/InkyBoard_11_multipe_displays.ino:86:13: error: &#39;class Display&#39; has no member named &#39;d&#39;
     display.d(0).number(time.hours / 10); // display.d() is the same as display.changeDevice()
             ^
/home/ec2-user/arduino-testlib/cli-datadir/user/libraries/InkyBoard/examples/InkyBoard_11_multipe_displays/InkyBoard_11_multipe_displays.ino:87:13: error: &#39;class Display&#39; has no member named &#39;d&#39;
     display.d(1).number(time.hours % 10);
             ^
/home/ec2-user/arduino-testlib/cli-datadir/user/libraries/InkyBoard/examples/InkyBoard_11_multipe_displays/InkyBoard_11_multipe_displays.ino:88:13: error: &#39;class Display&#39; has no member named &#39;d&#39;
     display.d(3).number(time.minutes / 10);
             ^
/home/ec2-user/arduino-testlib/cli-datadir/user/libraries/InkyBoard/examples/InkyBoard_11_multipe_displays/InkyBoard_11_multipe_displays.ino:89:13: error: &#39;class Display&#39; has no member named &#39;d&#39;
     display.d(4).number(time.minutes % 10);
             ^
/home/ec2-user/arduino-testlib/cli-datadir/user/libraries/InkyBoard/examples/InkyBoard_11_multipe_displays/InkyBoard_11_multipe_displays.ino:90:13: error: &#39;class Display&#39; has no member named &#39;d&#39;
     display.d(2).image(dots);
             ^
/home/ec2-user/arduino-testlib/cli-datadir/user/libraries/InkyBoard/examples/InkyBoard_11_multipe_displays/InkyBoard_11_multipe_displays.ino:93:15: error: &#39;class Display&#39; has no member named &#39;d&#39;
       display.d(6).number(time.seconds / 10);
               ^
/home/ec2-user/arduino-testlib/cli-datadir/user/libraries/InkyBoard/examples/InkyBoard_11_multipe_displays/InkyBoard_11_multipe_displays.ino:94:15: error: &#39;class Display&#39; has no member named &#39;d&#39;
       display.d(7).number(time.seconds % 10);
               ^
/home/ec2-user/arduino-testlib/cli-datadir/user/libraries/InkyBoard/examples/InkyBoard_11_multipe_displays/InkyBoard_11_multipe_displays.ino:95:15: error: &#39;class Display&#39; has no member named &#39;d&#39;
       display.d(5).image(dots);
               ^
/home/ec2-user/arduino-testlib/cli-datadir/user/libraries/InkyBoard/examples/InkyBoard_11_multipe_displays/InkyBoard_11_multipe_displays.ino:99:15: error: &#39;class Display&#39; has no member named &#39;d&#39;
       display.d(i).rotate(display.ROTATE_90); // rotate the displays
               ^
/home/ec2-user/arduino-testlib/cli-datadir/user/libraries/InkyBoard/examples/InkyBoard_11_multipe_displays/InkyBoard_11_multipe_displays.ino:99:35: error: &#39;class Display&#39; has no member named &#39;ROTATE_90&#39;
       display.d(i).rotate(display.ROTATE_90); // rotate the displays
                                   ^~~~~~~~~
/home/ec2-user/arduino-testlib/cli-datadir/user/libraries/InkyBoard/examples/InkyBoard_11_multipe_displays/InkyBoard_11_multipe_displays.ino:103:13: error: &#39;class Display&#39; has no member named &#39;send&#39;
     display.send();
             ^~~~
/home/ec2-user/arduino-testlib/cli-datadir/user/libraries/InkyBoard/examples/InkyBoard_11_multipe_displays/InkyBoard_11_multipe_displays.ino:106:13: error: &#39;class Display&#39; has no member named &#39;d&#39;
     display.d(2).clear();
             ^
/home/ec2-user/arduino-testlib/cli-datadir/user/libraries/InkyBoard/examples/InkyBoard_11_multipe_displays/InkyBoard_11_multipe_displays.ino:108:15: error: &#39;class Display&#39; has no member named &#39;d&#39;
       display.d(5).clear();
               ^
/home/ec2-user/arduino-testlib/cli-datadir/user/libraries/InkyBoard/examples/InkyBoard_11_multipe_displays/InkyBoard_11_multipe_displays.ino:111:13: error: &#39;class Display&#39; has no member named &#39;send&#39;
     display.send();
             ^~~~
Multiple libraries were found for &#34;Display.h&#34;
  Used: /home/ec2-user/arduino-testlib/cli-datadir/user/libraries/AceMenu
  Not used: /home/ec2-user/arduino-testlib/cli-datadir/user/libraries/OneSystemLibrary
  Not used: /home/ec2-user/arduino-testlib/cli-datadir/user/libraries/Grafici-GFX
  Not used: /home/ec2-user/arduino-testlib/cli-datadir/user/libraries/InkyBoard
</pre>
					
					<h4>examples/InkyBoard_12_game_snake</h4>
					<p>
						Result: <b>PASS</b>
					</p>
					<pre class="pre-scrollable">Sketch uses 8648 bytes (26%) of program storage space. Maximum is 32256 bytes.
Global variables use 887 bytes (43%) of dynamic memory, leaving 1161 bytes for local variables. Maximum is 2048 bytes.
</pre>
					
					<h4>examples/InkyBoard_13_game_simon_says</h4>
					<p>
						Result: <b>PASS</b>
					</p>
					<pre class="pre-scrollable">Sketch uses 6684 bytes (20%) of program storage space. Maximum is 32256 bytes.
Global variables use 611 bytes (29%) of dynamic memory, leaving 1437 bytes for local variables. Maximum is 2048 bytes.
</pre>
					
					<h4>examples/InkyBoard_14_demo</h4>
					<p>
						Result: <b>PASS</b>
					</p>
					<pre class="pre-scrollable">Sketch uses 7672 bytes (23%) of program storage space. Maximum is 32256 bytes.
Global variables use 564 bytes (27%) of dynamic memory, leaving 1484 bytes for local variables. Maximum is 2048 bytes.
</pre>
					
				
				<h3 id="arduino:mbed_nano:nanorp2040connect">arduino:mbed_nano:nanorp2040connect @ 2.7.2</h3>
				<h4>Inclusion</h4>
				<p>
					Result: <b>FAIL</b>
					
				</p>
				<pre class="pre-scrollable">WARNING: library InkyBoard claims to run on avr architecture(s) and may be incompatible with your current board which runs on mbed_nano architecture(s).
In file included from /home/ec2-user/arduino-testlib/cli-datadir/data/packages/arduino/hardware/mbed_nano/2.7.2/cores/arduino/Arduino.h:76:0,
                 from /tmp/arduino-sketch-6A217FBC51D04FCBF0D945350FCF6FE8/sketch/test.ino.cpp:1:
/home/ec2-user/arduino-testlib/cli-datadir/data/packages/arduino/hardware/mbed_nano/2.7.2/variants/NANO_RP2040_CONNECT/pins_arduino.h:57:23: error: expected identifier before &#39;(&#39; token
 #define PIN_SPI_MOSI  (11u)
                       ^
/home/ec2-user/arduino-testlib/cli-datadir/data/packages/arduino/hardware/mbed_nano/2.7.2/variants/NANO_RP2040_CONNECT/pins_arduino.h:91:40: note: in expansion of macro &#39;PIN_SPI_MOSI&#39;
 #define SPI_MOSI  (digitalPinToPinName(PIN_SPI_MOSI))
                                        ^~~~~~~~~~~~
/home/ec2-user/arduino-testlib/cli-datadir/user/libraries/InkyBoard/src/Display.h:69:13: note: in expansion of macro &#39;SPI_MOSI&#39;
         int SPI_MOSI;
             ^~~~~~~~
/home/ec2-user/arduino-testlib/cli-datadir/data/packages/arduino/hardware/mbed_nano/2.7.2/variants/NANO_RP2040_CONNECT/pins_arduino.h:57:24: error: expected &#39;)&#39; before numeric constant
 #define PIN_SPI_MOSI  (11u)
                        ^
/home/ec2-user/arduino-testlib/cli-datadir/data/packages/arduino/hardware/mbed_nano/2.7.2/variants/NANO_RP2040_CONNECT/pins_arduino.h:91:40: note: in expansion of macro &#39;PIN_SPI_MOSI&#39;
 #define SPI_MOSI  (digitalPinToPinName(PIN_SPI_MOSI))
                                        ^~~~~~~~~~~~
/home/ec2-user/arduino-testlib/cli-datadir/user/libraries/InkyBoard/src/Display.h:69:13: note: in expansion of macro &#39;SPI_MOSI&#39;
         int SPI_MOSI;
             ^~~~~~~~
/home/ec2-user/arduino-testlib/cli-datadir/data/packages/arduino/hardware/mbed_nano/2.7.2/variants/NANO_RP2040_CONNECT/pins_arduino.h:57:24: error: expected &#39;)&#39; before numeric constant
 #define PIN_SPI_MOSI  (11u)
                        ^
/home/ec2-user/arduino-testlib/cli-datadir/data/packages/arduino/hardware/mbed_nano/2.7.2/variants/NANO_RP2040_CONNECT/pins_arduino.h:91:40: note: in expansion of macro &#39;PIN_SPI_MOSI&#39;
 #define SPI_MOSI  (digitalPinToPinName(PIN_SPI_MOSI))
                                        ^~~~~~~~~~~~
/home/ec2-user/arduino-testlib/cli-datadir/user/libraries/InkyBoard/src/Display.h:69:13: note: in expansion of macro &#39;SPI_MOSI&#39;
         int SPI_MOSI;
             ^~~~~~~~
/home/ec2-user/arduino-testlib/cli-datadir/data/packages/arduino/hardware/mbed_nano/2.7.2/variants/NANO_RP2040_CONNECT/pins_arduino.h:57:24: error: expected &#39;)&#39; before numeric constant
 #define PIN_SPI_MOSI  (11u)
                        ^
/home/ec2-user/arduino-testlib/cli-datadir/data/packages/arduino/hardware/mbed_nano/2.7.2/variants/NANO_RP2040_CONNECT/pins_arduino.h:91:40: note: in expansion of macro &#39;PIN_SPI_MOSI&#39;
 #define SPI_MOSI  (digitalPinToPinName(PIN_SPI_MOSI))
                                        ^~~~~~~~~~~~
/home/ec2-user/arduino-testlib/cli-datadir/user/libraries/InkyBoard/src/Display.h:69:13: note: in expansion of macro &#39;SPI_MOSI&#39;
         int SPI_MOSI;
             ^~~~~~~~
In file included from /home/ec2-user/arduino-testlib/cli-datadir/user/libraries/InkyBoard/src/InkyBoard.h:24:0,
                 from /tmp/arduino-testlib2433964280/test/test.ino:3:
/home/ec2-user/arduino-testlib/cli-datadir/user/libraries/InkyBoard/src/Display.h:200:7: error: redefinition of &#39;class Display&#39;
 class Display{
       ^~~~~~~
In file included from /tmp/arduino-testlib2433964280/test/test.ino:2:0:
/home/ec2-user/arduino-testlib/cli-datadir/user/libraries/Grafici-GFX/src/Display.h:9:7: note: previous definition of &#39;class Display&#39;
 class Display
       ^~~~~~~
Multiple libraries were found for &#34;Servo.h&#34;
  Used: /home/ec2-user/arduino-testlib/cli-datadir/user/libraries/Servo
  Not used: /home/ec2-user/arduino-testlib/cli-datadir/user/libraries/evive
  Not used: /home/ec2-user/arduino-testlib/cli-datadir/user/libraries/Printoo_Library
  Not used: /home/ec2-user/arduino-testlib/cli-datadir/user/libraries/XMC_Servo
  Not used: /home/ec2-user/arduino-testlib/cli-datadir/user/libraries/RokitSmart
  Not used: /home/ec2-user/arduino-testlib/cli-datadir/user/libraries/ServoESP32
Multiple libraries were found for &#34;Display.h&#34;
  Used: /home/ec2-user/arduino-testlib/cli-datadir/user/libraries/Grafici-GFX
  Not used: /home/ec2-user/arduino-testlib/cli-datadir/user/libraries/AceMenu
  Not used: /home/ec2-user/arduino-testlib/cli-datadir/user/libraries/OneSystemLibrary
  Not used: /home/ec2-user/arduino-testlib/cli-datadir/user/libraries/InkyBoard
</pre>

					
					<h4>examples/InkyBoard_00_functielijst</h4>
					<p>
						Result: <b>FAIL</b>
					</p>
					<pre class="pre-scrollable">WARNING: library InkyBoard claims to run on avr architecture(s) and may be incompatible with your current board which runs on mbed_nano architecture(s).
In file included from /home/ec2-user/arduino-testlib/cli-datadir/data/packages/arduino/hardware/mbed_nano/2.7.2/cores/arduino/Arduino.h:76:0,
                 from /tmp/arduino-sketch-5F1C069E2635E7D594D238862287CB9C/sketch/InkyBoard_00_functielijst.ino.cpp:1:
/home/ec2-user/arduino-testlib/cli-datadir/data/packages/arduino/hardware/mbed_nano/2.7.2/variants/NANO_RP2040_CONNECT/pins_arduino.h:57:23: error: expected identifier before &#39;(&#39; token
 #define PIN_SPI_MOSI  (11u)
                       ^
/home/ec2-user/arduino-testlib/cli-datadir/data/packages/arduino/hardware/mbed_nano/2.7.2/variants/NANO_RP2040_CONNECT/pins_arduino.h:91:40: note: in expansion of macro &#39;PIN_SPI_MOSI&#39;
 #define SPI_MOSI  (digitalPinToPinName(PIN_SPI_MOSI))
                                        ^~~~~~~~~~~~
/home/ec2-user/arduino-testlib/cli-datadir/user/libraries/InkyBoard/src/Display.h:69:13: note: in expansion of macro &#39;SPI_MOSI&#39;
         int SPI_MOSI;
             ^~~~~~~~
/home/ec2-user/arduino-testlib/cli-datadir/data/packages/arduino/hardware/mbed_nano/2.7.2/variants/NANO_RP2040_CONNECT/pins_arduino.h:57:24: error: expected &#39;)&#39; before numeric constant
 #define PIN_SPI_MOSI  (11u)
                        ^
/home/ec2-user/arduino-testlib/cli-datadir/data/packages/arduino/hardware/mbed_nano/2.7.2/variants/NANO_RP2040_CONNECT/pins_arduino.h:91:40: note: in expansion of macro &#39;PIN_SPI_MOSI&#39;
 #define SPI_MOSI  (digitalPinToPinName(PIN_SPI_MOSI))
                                        ^~~~~~~~~~~~
/home/ec2-user/arduino-testlib/cli-datadir/user/libraries/InkyBoard/src/Display.h:69:13: note: in expansion of macro &#39;SPI_MOSI&#39;
         int SPI_MOSI;
             ^~~~~~~~
/home/ec2-user/arduino-testlib/cli-datadir/data/packages/arduino/hardware/mbed_nano/2.7.2/variants/NANO_RP2040_CONNECT/pins_arduino.h:57:24: error: expected &#39;)&#39; before numeric constant
 #define PIN_SPI_MOSI  (11u)
                        ^
/home/ec2-user/arduino-testlib/cli-datadir/data/packages/arduino/hardware/mbed_nano/2.7.2/variants/NANO_RP2040_CONNECT/pins_arduino.h:91:40: note: in expansion of macro &#39;PIN_SPI_MOSI&#39;
 #define SPI_MOSI  (digitalPinToPinName(PIN_SPI_MOSI))
                                        ^~~~~~~~~~~~
/home/ec2-user/arduino-testlib/cli-datadir/user/libraries/InkyBoard/src/Display.h:69:13: note: in expansion of macro &#39;SPI_MOSI&#39;
         int SPI_MOSI;
             ^~~~~~~~
/home/ec2-user/arduino-testlib/cli-datadir/data/packages/arduino/hardware/mbed_nano/2.7.2/variants/NANO_RP2040_CONNECT/pins_arduino.h:57:24: error: expected &#39;)&#39; before numeric constant
 #define PIN_SPI_MOSI  (11u)
                        ^
/home/ec2-user/arduino-testlib/cli-datadir/data/packages/arduino/hardware/mbed_nano/2.7.2/variants/NANO_RP2040_CONNECT/pins_arduino.h:91:40: note: in expansion of macro &#39;PIN_SPI_MOSI&#39;
 #define SPI_MOSI  (digitalPinToPinName(PIN_SPI_MOSI))
                                        ^~~~~~~~~~~~
/home/ec2-user/arduino-testlib/cli-datadir/user/libraries/InkyBoard/src/Display.h:69:13: note: in expansion of macro &#39;SPI_MOSI&#39;
         int SPI_MOSI;
             ^~~~~~~~
Multiple libraries were found for &#34;Servo.h&#34;
  Used: /home/ec2-user/arduino-testlib/cli-datadir/user/libraries/Servo
  Not used: /home/ec2-user/arduino-testlib/cli-datadir/user/libraries/XMC_Servo
  Not used: /home/ec2-user/arduino-testlib/cli-datadir/user/libraries/ServoESP32
  Not used: /home/ec2-user/arduino-testlib/cli-datadir/user/libraries/RokitSmart
  Not used: /home/ec2-user/arduino-testlib/cli-datadir/user/libraries/evive
  Not used: /home/ec2-user/arduino-testlib/cli-datadir/user/libraries/Printoo_Library
</pre>
					
					<h4>examples/InkyBoard_01_blink</h4>
					<p>
						Result: <b>FAIL</b>
					</p>
					<pre class="pre-scrollable">WARNING: library InkyBoard claims to run on avr architecture(s) and may be incompatible with your current board which runs on mbed_nano architecture(s).
In file included from /home/ec2-user/arduino-testlib/cli-datadir/data/packages/arduino/hardware/mbed_nano/2.7.2/cores/arduino/Arduino.h:76:0,
                 from /tmp/arduino-sketch-C43BC6CD1DFD2688C60A27176F150349/sketch/InkyBoard_01_blink.ino.cpp:1:
/home/ec2-user/arduino-testlib/cli-datadir/data/packages/arduino/hardware/mbed_nano/2.7.2/variants/NANO_RP2040_CONNECT/pins_arduino.h:57:23: error: expected identifier before &#39;(&#39; token
 #define PIN_SPI_MOSI  (11u)
                       ^
/home/ec2-user/arduino-testlib/cli-datadir/data/packages/arduino/hardware/mbed_nano/2.7.2/variants/NANO_RP2040_CONNECT/pins_arduino.h:91:40: note: in expansion of macro &#39;PIN_SPI_MOSI&#39;
 #define SPI_MOSI  (digitalPinToPinName(PIN_SPI_MOSI))
                                        ^~~~~~~~~~~~
/home/ec2-user/arduino-testlib/cli-datadir/user/libraries/InkyBoard/src/Display.h:69:13: note: in expansion of macro &#39;SPI_MOSI&#39;
         int SPI_MOSI;
             ^~~~~~~~
/home/ec2-user/arduino-testlib/cli-datadir/data/packages/arduino/hardware/mbed_nano/2.7.2/variants/NANO_RP2040_CONNECT/pins_arduino.h:57:24: error: expected &#39;)&#39; before numeric constant
 #define PIN_SPI_MOSI  (11u)
                        ^
/home/ec2-user/arduino-testlib/cli-datadir/data/packages/arduino/hardware/mbed_nano/2.7.2/variants/NANO_RP2040_CONNECT/pins_arduino.h:91:40: note: in expansion of macro &#39;PIN_SPI_MOSI&#39;
 #define SPI_MOSI  (digitalPinToPinName(PIN_SPI_MOSI))
                                        ^~~~~~~~~~~~
/home/ec2-user/arduino-testlib/cli-datadir/user/libraries/InkyBoard/src/Display.h:69:13: note: in expansion of macro &#39;SPI_MOSI&#39;
         int SPI_MOSI;
             ^~~~~~~~
/home/ec2-user/arduino-testlib/cli-datadir/data/packages/arduino/hardware/mbed_nano/2.7.2/variants/NANO_RP2040_CONNECT/pins_arduino.h:57:24: error: expected &#39;)&#39; before numeric constant
 #define PIN_SPI_MOSI  (11u)
                        ^
/home/ec2-user/arduino-testlib/cli-datadir/data/packages/arduino/hardware/mbed_nano/2.7.2/variants/NANO_RP2040_CONNECT/pins_arduino.h:91:40: note: in expansion of macro &#39;PIN_SPI_MOSI&#39;
 #define SPI_MOSI  (digitalPinToPinName(PIN_SPI_MOSI))
                                        ^~~~~~~~~~~~
/home/ec2-user/arduino-testlib/cli-datadir/user/libraries/InkyBoard/src/Display.h:69:13: note: in expansion of macro &#39;SPI_MOSI&#39;
         int SPI_MOSI;
             ^~~~~~~~
/home/ec2-user/arduino-testlib/cli-datadir/data/packages/arduino/hardware/mbed_nano/2.7.2/variants/NANO_RP2040_CONNECT/pins_arduino.h:57:24: error: expected &#39;)&#39; before numeric constant
 #define PIN_SPI_MOSI  (11u)
                        ^
/home/ec2-user/arduino-testlib/cli-datadir/data/packages/arduino/hardware/mbed_nano/2.7.2/variants/NANO_RP2040_CONNECT/pins_arduino.h:91:40: note: in expansion of macro &#39;PIN_SPI_MOSI&#39;
 #define SPI_MOSI  (digitalPinToPinName(PIN_SPI_MOSI))
                                        ^~~~~~~~~~~~
/home/ec2-user/arduino-testlib/cli-datadir/user/libraries/InkyBoard/src/Display.h:69:13: note: in expansion of macro &#39;SPI_MOSI&#39;
         int SPI_MOSI;
             ^~~~~~~~
Multiple libraries were found for &#34;Servo.h&#34;
  Used: /home/ec2-user/arduino-testlib/cli-datadir/user/libraries/Servo
  Not used: /home/ec2-user/arduino-testlib/cli-datadir/user/libraries/evive
  Not used: /home/ec2-user/arduino-testlib/cli-datadir/user/libraries/Printoo_Library
  Not used: /home/ec2-user/arduino-testlib/cli-datadir/user/libraries/XMC_Servo
  Not used: /home/ec2-user/arduino-testlib/cli-datadir/user/libraries/RokitSmart
  Not used: /home/ec2-user/arduino-testlib/cli-datadir/user/libraries/ServoESP32
</pre>
					
					<h4>examples/InkyBoard_02_button</h4>
					<p>
						Result: <b>FAIL</b>
					</p>
					<pre class="pre-scrollable">WARNING: library InkyBoard claims to run on avr architecture(s) and may be incompatible with your current board which runs on mbed_nano architecture(s).
In file included from /home/ec2-user/arduino-testlib/cli-datadir/data/packages/arduino/hardware/mbed_nano/2.7.2/cores/arduino/Arduino.h:76:0,
                 from /tmp/arduino-sketch-4548F595E08586F2F8AD7C63A5ACE084/sketch/InkyBoard_02_button.ino.cpp:1:
/home/ec2-user/arduino-testlib/cli-datadir/data/packages/arduino/hardware/mbed_nano/2.7.2/variants/NANO_RP2040_CONNECT/pins_arduino.h:57:23: error: expected identifier before &#39;(&#39; token
 #define PIN_SPI_MOSI  (11u)
                       ^
/home/ec2-user/arduino-testlib/cli-datadir/data/packages/arduino/hardware/mbed_nano/2.7.2/variants/NANO_RP2040_CONNECT/pins_arduino.h:91:40: note: in expansion of macro &#39;PIN_SPI_MOSI&#39;
 #define SPI_MOSI  (digitalPinToPinName(PIN_SPI_MOSI))
                                        ^~~~~~~~~~~~
/home/ec2-user/arduino-testlib/cli-datadir/user/libraries/InkyBoard/src/Display.h:69:13: note: in expansion of macro &#39;SPI_MOSI&#39;
         int SPI_MOSI;
             ^~~~~~~~
/home/ec2-user/arduino-testlib/cli-datadir/data/packages/arduino/hardware/mbed_nano/2.7.2/variants/NANO_RP2040_CONNECT/pins_arduino.h:57:24: error: expected &#39;)&#39; before numeric constant
 #define PIN_SPI_MOSI  (11u)
                        ^
/home/ec2-user/arduino-testlib/cli-datadir/data/packages/arduino/hardware/mbed_nano/2.7.2/variants/NANO_RP2040_CONNECT/pins_arduino.h:91:40: note: in expansion of macro &#39;PIN_SPI_MOSI&#39;
 #define SPI_MOSI  (digitalPinToPinName(PIN_SPI_MOSI))
                                        ^~~~~~~~~~~~
/home/ec2-user/arduino-testlib/cli-datadir/user/libraries/InkyBoard/src/Display.h:69:13: note: in expansion of macro &#39;SPI_MOSI&#39;
         int SPI_MOSI;
             ^~~~~~~~
/home/ec2-user/arduino-testlib/cli-datadir/data/packages/arduino/hardware/mbed_nano/2.7.2/variants/NANO_RP2040_CONNECT/pins_arduino.h:57:24: error: expected &#39;)&#39; before numeric constant
 #define PIN_SPI_MOSI  (11u)
                        ^
/home/ec2-user/arduino-testlib/cli-datadir/data/packages/arduino/hardware/mbed_nano/2.7.2/variants/NANO_RP2040_CONNECT/pins_arduino.h:91:40: note: in expansion of macro &#39;PIN_SPI_MOSI&#39;
 #define SPI_MOSI  (digitalPinToPinName(PIN_SPI_MOSI))
                                        ^~~~~~~~~~~~
/home/ec2-user/arduino-testlib/cli-datadir/user/libraries/InkyBoard/src/Display.h:69:13: note: in expansion of macro &#39;SPI_MOSI&#39;
         int SPI_MOSI;
             ^~~~~~~~
/home/ec2-user/arduino-testlib/cli-datadir/data/packages/arduino/hardware/mbed_nano/2.7.2/variants/NANO_RP2040_CONNECT/pins_arduino.h:57:24: error: expected &#39;)&#39; before numeric constant
 #define PIN_SPI_MOSI  (11u)
                        ^
/home/ec2-user/arduino-testlib/cli-datadir/data/packages/arduino/hardware/mbed_nano/2.7.2/variants/NANO_RP2040_CONNECT/pins_arduino.h:91:40: note: in expansion of macro &#39;PIN_SPI_MOSI&#39;
 #define SPI_MOSI  (digitalPinToPinName(PIN_SPI_MOSI))
                                        ^~~~~~~~~~~~
/home/ec2-user/arduino-testlib/cli-datadir/user/libraries/InkyBoard/src/Display.h:69:13: note: in expansion of macro &#39;SPI_MOSI&#39;
         int SPI_MOSI;
             ^~~~~~~~
Multiple libraries were found for &#34;Servo.h&#34;
  Used: /home/ec2-user/arduino-testlib/cli-datadir/user/libraries/Servo
  Not used: /home/ec2-user/arduino-testlib/cli-datadir/user/libraries/XMC_Servo
  Not used: /home/ec2-user/arduino-testlib/cli-datadir/user/libraries/evive
  Not used: /home/ec2-user/arduino-testlib/cli-datadir/user/libraries/RokitSmart
  Not used: /home/ec2-user/arduino-testlib/cli-datadir/user/libraries/Printoo_Library
  Not used: /home/ec2-user/arduino-testlib/cli-datadir/user/libraries/ServoESP32
</pre>
					
					<h4>examples/InkyBoard_03_knock</h4>
					<p>
						Result: <b>FAIL</b>
					</p>
					<pre class="pre-scrollable">WARNING: library InkyBoard claims to run on avr architecture(s) and may be incompatible with your current board which runs on mbed_nano architecture(s).
In file included from /home/ec2-user/arduino-testlib/cli-datadir/data/packages/arduino/hardware/mbed_nano/2.7.2/cores/arduino/Arduino.h:76:0,
                 from /tmp/arduino-sketch-1418DB029BB1623BE94130B3CF23F887/sketch/InkyBoard_03_knock.ino.cpp:1:
/home/ec2-user/arduino-testlib/cli-datadir/data/packages/arduino/hardware/mbed_nano/2.7.2/variants/NANO_RP2040_CONNECT/pins_arduino.h:57:23: error: expected identifier before &#39;(&#39; token
 #define PIN_SPI_MOSI  (11u)
                       ^
/home/ec2-user/arduino-testlib/cli-datadir/data/packages/arduino/hardware/mbed_nano/2.7.2/variants/NANO_RP2040_CONNECT/pins_arduino.h:91:40: note: in expansion of macro &#39;PIN_SPI_MOSI&#39;
 #define SPI_MOSI  (digitalPinToPinName(PIN_SPI_MOSI))
                                        ^~~~~~~~~~~~
/home/ec2-user/arduino-testlib/cli-datadir/user/libraries/InkyBoard/src/Display.h:69:13: note: in expansion of macro &#39;SPI_MOSI&#39;
         int SPI_MOSI;
             ^~~~~~~~
/home/ec2-user/arduino-testlib/cli-datadir/data/packages/arduino/hardware/mbed_nano/2.7.2/variants/NANO_RP2040_CONNECT/pins_arduino.h:57:24: error: expected &#39;)&#39; before numeric constant
 #define PIN_SPI_MOSI  (11u)
                        ^
/home/ec2-user/arduino-testlib/cli-datadir/data/packages/arduino/hardware/mbed_nano/2.7.2/variants/NANO_RP2040_CONNECT/pins_arduino.h:91:40: note: in expansion of macro &#39;PIN_SPI_MOSI&#39;
 #define SPI_MOSI  (digitalPinToPinName(PIN_SPI_MOSI))
                                        ^~~~~~~~~~~~
/home/ec2-user/arduino-testlib/cli-datadir/user/libraries/InkyBoard/src/Display.h:69:13: note: in expansion of macro &#39;SPI_MOSI&#39;
         int SPI_MOSI;
             ^~~~~~~~
/home/ec2-user/arduino-testlib/cli-datadir/data/packages/arduino/hardware/mbed_nano/2.7.2/variants/NANO_RP2040_CONNECT/pins_arduino.h:57:24: error: expected &#39;)&#39; before numeric constant
 #define PIN_SPI_MOSI  (11u)
                        ^
/home/ec2-user/arduino-testlib/cli-datadir/data/packages/arduino/hardware/mbed_nano/2.7.2/variants/NANO_RP2040_CONNECT/pins_arduino.h:91:40: note: in expansion of macro &#39;PIN_SPI_MOSI&#39;
 #define SPI_MOSI  (digitalPinToPinName(PIN_SPI_MOSI))
                                        ^~~~~~~~~~~~
/home/ec2-user/arduino-testlib/cli-datadir/user/libraries/InkyBoard/src/Display.h:69:13: note: in expansion of macro &#39;SPI_MOSI&#39;
         int SPI_MOSI;
             ^~~~~~~~
/home/ec2-user/arduino-testlib/cli-datadir/data/packages/arduino/hardware/mbed_nano/2.7.2/variants/NANO_RP2040_CONNECT/pins_arduino.h:57:24: error: expected &#39;)&#39; before numeric constant
 #define PIN_SPI_MOSI  (11u)
                        ^
/home/ec2-user/arduino-testlib/cli-datadir/data/packages/arduino/hardware/mbed_nano/2.7.2/variants/NANO_RP2040_CONNECT/pins_arduino.h:91:40: note: in expansion of macro &#39;PIN_SPI_MOSI&#39;
 #define SPI_MOSI  (digitalPinToPinName(PIN_SPI_MOSI))
                                        ^~~~~~~~~~~~
/home/ec2-user/arduino-testlib/cli-datadir/user/libraries/InkyBoard/src/Display.h:69:13: note: in expansion of macro &#39;SPI_MOSI&#39;
         int SPI_MOSI;
             ^~~~~~~~
Multiple libraries were found for &#34;Servo.h&#34;
  Used: /home/ec2-user/arduino-testlib/cli-datadir/user/libraries/Servo
  Not used: /home/ec2-user/arduino-testlib/cli-datadir/user/libraries/RokitSmart
  Not used: /home/ec2-user/arduino-testlib/cli-datadir/user/libraries/evive
  Not used: /home/ec2-user/arduino-testlib/cli-datadir/user/libraries/XMC_Servo
  Not used: /home/ec2-user/arduino-testlib/cli-datadir/user/libraries/Printoo_Library
  Not used: /home/ec2-user/arduino-testlib/cli-datadir/user/libraries/ServoESP32
</pre>
					
					<h4>examples/InkyBoard_04_servo</h4>
					<p>
						Result: <b>FAIL</b>
					</p>
					<pre class="pre-scrollable">WARNING: library InkyBoard claims to run on avr architecture(s) and may be incompatible with your current board which runs on mbed_nano architecture(s).
In file included from /home/ec2-user/arduino-testlib/cli-datadir/data/packages/arduino/hardware/mbed_nano/2.7.2/cores/arduino/Arduino.h:76:0,
                 from /tmp/arduino-sketch-5B3AF637C1DD61E77443DCC85E8C43BF/sketch/InkyBoard_04_servo.ino.cpp:1:
/home/ec2-user/arduino-testlib/cli-datadir/data/packages/arduino/hardware/mbed_nano/2.7.2/variants/NANO_RP2040_CONNECT/pins_arduino.h:57:23: error: expected identifier before &#39;(&#39; token
 #define PIN_SPI_MOSI  (11u)
                       ^
/home/ec2-user/arduino-testlib/cli-datadir/data/packages/arduino/hardware/mbed_nano/2.7.2/variants/NANO_RP2040_CONNECT/pins_arduino.h:91:40: note: in expansion of macro &#39;PIN_SPI_MOSI&#39;
 #define SPI_MOSI  (digitalPinToPinName(PIN_SPI_MOSI))
                                        ^~~~~~~~~~~~
/home/ec2-user/arduino-testlib/cli-datadir/user/libraries/InkyBoard/src/Display.h:69:13: note: in expansion of macro &#39;SPI_MOSI&#39;
         int SPI_MOSI;
             ^~~~~~~~
/home/ec2-user/arduino-testlib/cli-datadir/data/packages/arduino/hardware/mbed_nano/2.7.2/variants/NANO_RP2040_CONNECT/pins_arduino.h:57:24: error: expected &#39;)&#39; before numeric constant
 #define PIN_SPI_MOSI  (11u)
                        ^
/home/ec2-user/arduino-testlib/cli-datadir/data/packages/arduino/hardware/mbed_nano/2.7.2/variants/NANO_RP2040_CONNECT/pins_arduino.h:91:40: note: in expansion of macro &#39;PIN_SPI_MOSI&#39;
 #define SPI_MOSI  (digitalPinToPinName(PIN_SPI_MOSI))
                                        ^~~~~~~~~~~~
/home/ec2-user/arduino-testlib/cli-datadir/user/libraries/InkyBoard/src/Display.h:69:13: note: in expansion of macro &#39;SPI_MOSI&#39;
         int SPI_MOSI;
             ^~~~~~~~
/home/ec2-user/arduino-testlib/cli-datadir/data/packages/arduino/hardware/mbed_nano/2.7.2/variants/NANO_RP2040_CONNECT/pins_arduino.h:57:24: error: expected &#39;)&#39; before numeric constant
 #define PIN_SPI_MOSI  (11u)
                        ^
/home/ec2-user/arduino-testlib/cli-datadir/data/packages/arduino/hardware/mbed_nano/2.7.2/variants/NANO_RP2040_CONNECT/pins_arduino.h:91:40: note: in expansion of macro &#39;PIN_SPI_MOSI&#39;
 #define SPI_MOSI  (digitalPinToPinName(PIN_SPI_MOSI))
                                        ^~~~~~~~~~~~
/home/ec2-user/arduino-testlib/cli-datadir/user/libraries/InkyBoard/src/Display.h:69:13: note: in expansion of macro &#39;SPI_MOSI&#39;
         int SPI_MOSI;
             ^~~~~~~~
/home/ec2-user/arduino-testlib/cli-datadir/data/packages/arduino/hardware/mbed_nano/2.7.2/variants/NANO_RP2040_CONNECT/pins_arduino.h:57:24: error: expected &#39;)&#39; before numeric constant
 #define PIN_SPI_MOSI  (11u)
                        ^
/home/ec2-user/arduino-testlib/cli-datadir/data/packages/arduino/hardware/mbed_nano/2.7.2/variants/NANO_RP2040_CONNECT/pins_arduino.h:91:40: note: in expansion of macro &#39;PIN_SPI_MOSI&#39;
 #define SPI_MOSI  (digitalPinToPinName(PIN_SPI_MOSI))
                                        ^~~~~~~~~~~~
/home/ec2-user/arduino-testlib/cli-datadir/user/libraries/InkyBoard/src/Display.h:69:13: note: in expansion of macro &#39;SPI_MOSI&#39;
         int SPI_MOSI;
             ^~~~~~~~
Multiple libraries were found for &#34;Servo.h&#34;
  Used: /home/ec2-user/arduino-testlib/cli-datadir/user/libraries/Servo
  Not used: /home/ec2-user/arduino-testlib/cli-datadir/user/libraries/RokitSmart
  Not used: /home/ec2-user/arduino-testlib/cli-datadir/user/libraries/evive
  Not used: /home/ec2-user/arduino-testlib/cli-datadir/user/libraries/XMC_Servo
  Not used: /home/ec2-user/arduino-testlib/cli-datadir/user/libraries/ServoESP32
  Not used: /home/ec2-user/arduino-testlib/cli-datadir/user/libraries/Printoo_Library
</pre>
					
					<h4>examples/InkyBoard_05_potmeter</h4>
					<p>
						Result: <b>FAIL</b>
					</p>
					<pre class="pre-scrollable">WARNING: library InkyBoard claims to run on avr architecture(s) and may be incompatible with your current board which runs on mbed_nano architecture(s).
In file included from /home/ec2-user/arduino-testlib/cli-datadir/data/packages/arduino/hardware/mbed_nano/2.7.2/cores/arduino/Arduino.h:76:0,
                 from /tmp/arduino-sketch-7454713E02C61ACC8E6A5A2CFEC518D5/sketch/InkyBoard_05_potmeter.ino.cpp:1:
/home/ec2-user/arduino-testlib/cli-datadir/data/packages/arduino/hardware/mbed_nano/2.7.2/variants/NANO_RP2040_CONNECT/pins_arduino.h:57:23: error: expected identifier before &#39;(&#39; token
 #define PIN_SPI_MOSI  (11u)
                       ^
/home/ec2-user/arduino-testlib/cli-datadir/data/packages/arduino/hardware/mbed_nano/2.7.2/variants/NANO_RP2040_CONNECT/pins_arduino.h:91:40: note: in expansion of macro &#39;PIN_SPI_MOSI&#39;
 #define SPI_MOSI  (digitalPinToPinName(PIN_SPI_MOSI))
                                        ^~~~~~~~~~~~
/home/ec2-user/arduino-testlib/cli-datadir/user/libraries/InkyBoard/src/Display.h:69:13: note: in expansion of macro &#39;SPI_MOSI&#39;
         int SPI_MOSI;
             ^~~~~~~~
/home/ec2-user/arduino-testlib/cli-datadir/data/packages/arduino/hardware/mbed_nano/2.7.2/variants/NANO_RP2040_CONNECT/pins_arduino.h:57:24: error: expected &#39;)&#39; before numeric constant
 #define PIN_SPI_MOSI  (11u)
                        ^
/home/ec2-user/arduino-testlib/cli-datadir/data/packages/arduino/hardware/mbed_nano/2.7.2/variants/NANO_RP2040_CONNECT/pins_arduino.h:91:40: note: in expansion of macro &#39;PIN_SPI_MOSI&#39;
 #define SPI_MOSI  (digitalPinToPinName(PIN_SPI_MOSI))
                                        ^~~~~~~~~~~~
/home/ec2-user/arduino-testlib/cli-datadir/user/libraries/InkyBoard/src/Display.h:69:13: note: in expansion of macro &#39;SPI_MOSI&#39;
         int SPI_MOSI;
             ^~~~~~~~
/home/ec2-user/arduino-testlib/cli-datadir/data/packages/arduino/hardware/mbed_nano/2.7.2/variants/NANO_RP2040_CONNECT/pins_arduino.h:57:24: error: expected &#39;)&#39; before numeric constant
 #define PIN_SPI_MOSI  (11u)
                        ^
/home/ec2-user/arduino-testlib/cli-datadir/data/packages/arduino/hardware/mbed_nano/2.7.2/variants/NANO_RP2040_CONNECT/pins_arduino.h:91:40: note: in expansion of macro &#39;PIN_SPI_MOSI&#39;
 #define SPI_MOSI  (digitalPinToPinName(PIN_SPI_MOSI))
                                        ^~~~~~~~~~~~
/home/ec2-user/arduino-testlib/cli-datadir/user/libraries/InkyBoard/src/Display.h:69:13: note: in expansion of macro &#39;SPI_MOSI&#39;
         int SPI_MOSI;
             ^~~~~~~~
/home/ec2-user/arduino-testlib/cli-datadir/data/packages/arduino/hardware/mbed_nano/2.7.2/variants/NANO_RP2040_CONNECT/pins_arduino.h:57:24: error: expected &#39;)&#39; before numeric constant
 #define PIN_SPI_MOSI  (11u)
                        ^
/home/ec2-user/arduino-testlib/cli-datadir/data/packages/arduino/hardware/mbed_nano/2.7.2/variants/NANO_RP2040_CONNECT/pins_arduino.h:91:40: note: in expansion of macro &#39;PIN_SPI_MOSI&#39;
 #define SPI_MOSI  (digitalPinToPinName(PIN_SPI_MOSI))
                                        ^~~~~~~~~~~~
/home/ec2-user/arduino-testlib/cli-datadir/user/libraries/InkyBoard/src/Display.h:69:13: note: in expansion of macro &#39;SPI_MOSI&#39;
         int SPI_MOSI;
             ^~~~~~~~
Multiple libraries were found for &#34;Servo.h&#34;
  Used: /home/ec2-user/arduino-testlib/cli-datadir/user/libraries/Servo
  Not used: /home/ec2-user/arduino-testlib/cli-datadir/user/libraries/XMC_Servo
  Not used: /home/ec2-user/arduino-testlib/cli-datadir/user/libraries/RokitSmart
  Not used: /home/ec2-user/arduino-testlib/cli-datadir/user/libraries/ServoESP32
  Not used: /home/ec2-user/arduino-testlib/cli-datadir/user/libraries/Printoo_Library
  Not used: /home/ec2-user/arduino-testlib/cli-datadir/user/libraries/evive
</pre>
					
					<h4>examples/InkyBoard_06_rgbLed</h4>
					<p>
						Result: <b>FAIL</b>
					</p>
					<pre class="pre-scrollable">WARNING: library InkyBoard claims to run on avr architecture(s) and may be incompatible with your current board which runs on mbed_nano architecture(s).
In file included from /home/ec2-user/arduino-testlib/cli-datadir/data/packages/arduino/hardware/mbed_nano/2.7.2/cores/arduino/Arduino.h:76:0,
                 from /tmp/arduino-sketch-2D775DB18577B77A4094BA8E79FC447D/sketch/InkyBoard_06_rgbLed.ino.cpp:1:
/home/ec2-user/arduino-testlib/cli-datadir/data/packages/arduino/hardware/mbed_nano/2.7.2/variants/NANO_RP2040_CONNECT/pins_arduino.h:57:23: error: expected identifier before &#39;(&#39; token
 #define PIN_SPI_MOSI  (11u)
                       ^
/home/ec2-user/arduino-testlib/cli-datadir/data/packages/arduino/hardware/mbed_nano/2.7.2/variants/NANO_RP2040_CONNECT/pins_arduino.h:91:40: note: in expansion of macro &#39;PIN_SPI_MOSI&#39;
 #define SPI_MOSI  (digitalPinToPinName(PIN_SPI_MOSI))
                                        ^~~~~~~~~~~~
/home/ec2-user/arduino-testlib/cli-datadir/user/libraries/InkyBoard/src/Display.h:69:13: note: in expansion of macro &#39;SPI_MOSI&#39;
         int SPI_MOSI;
             ^~~~~~~~
/home/ec2-user/arduino-testlib/cli-datadir/data/packages/arduino/hardware/mbed_nano/2.7.2/variants/NANO_RP2040_CONNECT/pins_arduino.h:57:24: error: expected &#39;)&#39; before numeric constant
 #define PIN_SPI_MOSI  (11u)
                        ^
/home/ec2-user/arduino-testlib/cli-datadir/data/packages/arduino/hardware/mbed_nano/2.7.2/variants/NANO_RP2040_CONNECT/pins_arduino.h:91:40: note: in expansion of macro &#39;PIN_SPI_MOSI&#39;
 #define SPI_MOSI  (digitalPinToPinName(PIN_SPI_MOSI))
                                        ^~~~~~~~~~~~
/home/ec2-user/arduino-testlib/cli-datadir/user/libraries/InkyBoard/src/Display.h:69:13: note: in expansion of macro &#39;SPI_MOSI&#39;
         int SPI_MOSI;
             ^~~~~~~~
/home/ec2-user/arduino-testlib/cli-datadir/data/packages/arduino/hardware/mbed_nano/2.7.2/variants/NANO_RP2040_CONNECT/pins_arduino.h:57:24: error: expected &#39;)&#39; before numeric constant
 #define PIN_SPI_MOSI  (11u)
                        ^
/home/ec2-user/arduino-testlib/cli-datadir/data/packages/arduino/hardware/mbed_nano/2.7.2/variants/NANO_RP2040_CONNECT/pins_arduino.h:91:40: note: in expansion of macro &#39;PIN_SPI_MOSI&#39;
 #define SPI_MOSI  (digitalPinToPinName(PIN_SPI_MOSI))
                                        ^~~~~~~~~~~~
/home/ec2-user/arduino-testlib/cli-datadir/user/libraries/InkyBoard/src/Display.h:69:13: note: in expansion of macro &#39;SPI_MOSI&#39;
         int SPI_MOSI;
             ^~~~~~~~
/home/ec2-user/arduino-testlib/cli-datadir/data/packages/arduino/hardware/mbed_nano/2.7.2/variants/NANO_RP2040_CONNECT/pins_arduino.h:57:24: error: expected &#39;)&#39; before numeric constant
 #define PIN_SPI_MOSI  (11u)
                        ^
/home/ec2-user/arduino-testlib/cli-datadir/data/packages/arduino/hardware/mbed_nano/2.7.2/variants/NANO_RP2040_CONNECT/pins_arduino.h:91:40: note: in expansion of macro &#39;PIN_SPI_MOSI&#39;
 #define SPI_MOSI  (digitalPinToPinName(PIN_SPI_MOSI))
                                        ^~~~~~~~~~~~
/home/ec2-user/arduino-testlib/cli-datadir/user/libraries/InkyBoard/src/Display.h:69:13: note: in expansion of macro &#39;SPI_MOSI&#39;
         int SPI_MOSI;
             ^~~~~~~~
Multiple libraries were found for &#34;Servo.h&#34;
  Used: /home/ec2-user/arduino-testlib/cli-datadir/user/libraries/Servo
  Not used: /home/ec2-user/arduino-testlib/cli-datadir/user/libraries/XMC_Servo
  Not used: /home/ec2-user/arduino-testlib/cli-datadir/user/libraries/RokitSmart
  Not used: /home/ec2-user/arduino-testlib/cli-datadir/user/libraries/ServoESP32
  Not used: /home/ec2-user/arduino-testlib/cli-datadir/user/libraries/evive
  Not used: /home/ec2-user/arduino-testlib/cli-datadir/user/libraries/Printoo_Library
</pre>
					
					<h4>examples/InkyBoard_07_colorSensor</h4>
					<p>
						Result: <b>FAIL</b>
					</p>
					<pre class="pre-scrollable">WARNING: library InkyBoard claims to run on avr architecture(s) and may be incompatible with your current board which runs on mbed_nano architecture(s).
In file included from /home/ec2-user/arduino-testlib/cli-datadir/data/packages/arduino/hardware/mbed_nano/2.7.2/cores/arduino/Arduino.h:76:0,
                 from /tmp/arduino-sketch-20FBE4488A35EDDBDDB1CB80816CCE15/sketch/InkyBoard_07_colorSensor.ino.cpp:1:
/home/ec2-user/arduino-testlib/cli-datadir/data/packages/arduino/hardware/mbed_nano/2.7.2/variants/NANO_RP2040_CONNECT/pins_arduino.h:57:23: error: expected identifier before &#39;(&#39; token
 #define PIN_SPI_MOSI  (11u)
                       ^
/home/ec2-user/arduino-testlib/cli-datadir/data/packages/arduino/hardware/mbed_nano/2.7.2/variants/NANO_RP2040_CONNECT/pins_arduino.h:91:40: note: in expansion of macro &#39;PIN_SPI_MOSI&#39;
 #define SPI_MOSI  (digitalPinToPinName(PIN_SPI_MOSI))
                                        ^~~~~~~~~~~~
/home/ec2-user/arduino-testlib/cli-datadir/user/libraries/InkyBoard/src/Display.h:69:13: note: in expansion of macro &#39;SPI_MOSI&#39;
         int SPI_MOSI;
             ^~~~~~~~
/home/ec2-user/arduino-testlib/cli-datadir/data/packages/arduino/hardware/mbed_nano/2.7.2/variants/NANO_RP2040_CONNECT/pins_arduino.h:57:24: error: expected &#39;)&#39; before numeric constant
 #define PIN_SPI_MOSI  (11u)
                        ^
/home/ec2-user/arduino-testlib/cli-datadir/data/packages/arduino/hardware/mbed_nano/2.7.2/variants/NANO_RP2040_CONNECT/pins_arduino.h:91:40: note: in expansion of macro &#39;PIN_SPI_MOSI&#39;
 #define SPI_MOSI  (digitalPinToPinName(PIN_SPI_MOSI))
                                        ^~~~~~~~~~~~
/home/ec2-user/arduino-testlib/cli-datadir/user/libraries/InkyBoard/src/Display.h:69:13: note: in expansion of macro &#39;SPI_MOSI&#39;
         int SPI_MOSI;
             ^~~~~~~~
/home/ec2-user/arduino-testlib/cli-datadir/data/packages/arduino/hardware/mbed_nano/2.7.2/variants/NANO_RP2040_CONNECT/pins_arduino.h:57:24: error: expected &#39;)&#39; before numeric constant
 #define PIN_SPI_MOSI  (11u)
                        ^
/home/ec2-user/arduino-testlib/cli-datadir/data/packages/arduino/hardware/mbed_nano/2.7.2/variants/NANO_RP2040_CONNECT/pins_arduino.h:91:40: note: in expansion of macro &#39;PIN_SPI_MOSI&#39;
 #define SPI_MOSI  (digitalPinToPinName(PIN_SPI_MOSI))
                                        ^~~~~~~~~~~~
/home/ec2-user/arduino-testlib/cli-datadir/user/libraries/InkyBoard/src/Display.h:69:13: note: in expansion of macro &#39;SPI_MOSI&#39;
         int SPI_MOSI;
             ^~~~~~~~
/home/ec2-user/arduino-testlib/cli-datadir/data/packages/arduino/hardware/mbed_nano/2.7.2/variants/NANO_RP2040_CONNECT/pins_arduino.h:57:24: error: expected &#39;)&#39; before numeric constant
 #define PIN_SPI_MOSI  (11u)
                        ^
/home/ec2-user/arduino-testlib/cli-datadir/data/packages/arduino/hardware/mbed_nano/2.7.2/variants/NANO_RP2040_CONNECT/pins_arduino.h:91:40: note: in expansion of macro &#39;PIN_SPI_MOSI&#39;
 #define SPI_MOSI  (digitalPinToPinName(PIN_SPI_MOSI))
                                        ^~~~~~~~~~~~
/home/ec2-user/arduino-testlib/cli-datadir/user/libraries/InkyBoard/src/Display.h:69:13: note: in expansion of macro &#39;SPI_MOSI&#39;
         int SPI_MOSI;
             ^~~~~~~~
Multiple libraries were found for &#34;Servo.h&#34;
  Used: /home/ec2-user/arduino-testlib/cli-datadir/user/libraries/Servo
  Not used: /home/ec2-user/arduino-testlib/cli-datadir/user/libraries/Printoo_Library
  Not used: /home/ec2-user/arduino-testlib/cli-datadir/user/libraries/RokitSmart
  Not used: /home/ec2-user/arduino-testlib/cli-datadir/user/libraries/XMC_Servo
  Not used: /home/ec2-user/arduino-testlib/cli-datadir/user/libraries/ServoESP32
  Not used: /home/ec2-user/arduino-testlib/cli-datadir/user/libraries/evive
</pre>
					
					<h4>examples/InkyBoard_08_display_showNumbers</h4>
					<p>
						Result: <b>FAIL</b>
					</p>
					<pre class="pre-scrollable">WARNING: library InkyBoard claims to run on avr architecture(s) and may be incompatible with your current board which runs on mbed_nano architecture(s).
In file included from /home/ec2-user/arduino-testlib/cli-datadir/data/packages/arduino/hardware/mbed_nano/2.7.2/cores/arduino/Arduino.h:76:0,
                 from /tmp/arduino-sketch-166549FAB6130AE89FA46DDC655D3B9B/sketch/InkyBoard_08_display_showNumbers.ino.cpp:1:
/home/ec2-user/arduino-testlib/cli-datadir/data/packages/arduino/hardware/mbed_nano/2.7.2/variants/NANO_RP2040_CONNECT/pins_arduino.h:57:23: error: expected identifier before &#39;(&#39; token
 #define PIN_SPI_MOSI  (11u)
                       ^
/home/ec2-user/arduino-testlib/cli-datadir/data/packages/arduino/hardware/mbed_nano/2.7.2/variants/NANO_RP2040_CONNECT/pins_arduino.h:91:40: note: in expansion of macro &#39;PIN_SPI_MOSI&#39;
 #define SPI_MOSI  (digitalPinToPinName(PIN_SPI_MOSI))
                                        ^~~~~~~~~~~~
/home/ec2-user/arduino-testlib/cli-datadir/user/libraries/InkyBoard/src/Display.h:69:13: note: in expansion of macro &#39;SPI_MOSI&#39;
         int SPI_MOSI;
             ^~~~~~~~
/home/ec2-user/arduino-testlib/cli-datadir/data/packages/arduino/hardware/mbed_nano/2.7.2/variants/NANO_RP2040_CONNECT/pins_arduino.h:57:24: error: expected &#39;)&#39; before numeric constant
 #define PIN_SPI_MOSI  (11u)
                        ^
/home/ec2-user/arduino-testlib/cli-datadir/data/packages/arduino/hardware/mbed_nano/2.7.2/variants/NANO_RP2040_CONNECT/pins_arduino.h:91:40: note: in expansion of macro &#39;PIN_SPI_MOSI&#39;
 #define SPI_MOSI  (digitalPinToPinName(PIN_SPI_MOSI))
                                        ^~~~~~~~~~~~
/home/ec2-user/arduino-testlib/cli-datadir/user/libraries/InkyBoard/src/Display.h:69:13: note: in expansion of macro &#39;SPI_MOSI&#39;
         int SPI_MOSI;
             ^~~~~~~~
/home/ec2-user/arduino-testlib/cli-datadir/data/packages/arduino/hardware/mbed_nano/2.7.2/variants/NANO_RP2040_CONNECT/pins_arduino.h:57:24: error: expected &#39;)&#39; before numeric constant
 #define PIN_SPI_MOSI  (11u)
                        ^
/home/ec2-user/arduino-testlib/cli-datadir/data/packages/arduino/hardware/mbed_nano/2.7.2/variants/NANO_RP2040_CONNECT/pins_arduino.h:91:40: note: in expansion of macro &#39;PIN_SPI_MOSI&#39;
 #define SPI_MOSI  (digitalPinToPinName(PIN_SPI_MOSI))
                                        ^~~~~~~~~~~~
/home/ec2-user/arduino-testlib/cli-datadir/user/libraries/InkyBoard/src/Display.h:69:13: note: in expansion of macro &#39;SPI_MOSI&#39;
         int SPI_MOSI;
             ^~~~~~~~
/home/ec2-user/arduino-testlib/cli-datadir/data/packages/arduino/hardware/mbed_nano/2.7.2/variants/NANO_RP2040_CONNECT/pins_arduino.h:57:24: error: expected &#39;)&#39; before numeric constant
 #define PIN_SPI_MOSI  (11u)
                        ^
/home/ec2-user/arduino-testlib/cli-datadir/data/packages/arduino/hardware/mbed_nano/2.7.2/variants/NANO_RP2040_CONNECT/pins_arduino.h:91:40: note: in expansion of macro &#39;PIN_SPI_MOSI&#39;
 #define SPI_MOSI  (digitalPinToPinName(PIN_SPI_MOSI))
                                        ^~~~~~~~~~~~
/home/ec2-user/arduino-testlib/cli-datadir/user/libraries/InkyBoard/src/Display.h:69:13: note: in expansion of macro &#39;SPI_MOSI&#39;
         int SPI_MOSI;
             ^~~~~~~~
Multiple libraries were found for &#34;Servo.h&#34;
  Used: /home/ec2-user/arduino-testlib/cli-datadir/user/libraries/Servo
  Not used: /home/ec2-user/arduino-testlib/cli-datadir/user/libraries/Printoo_Library
  Not used: /home/ec2-user/arduino-testlib/cli-datadir/user/libraries/ServoESP32
  Not used: /home/ec2-user/arduino-testlib/cli-datadir/user/libraries/evive
  Not used: /home/ec2-user/arduino-testlib/cli-datadir/user/libraries/XMC_Servo
  Not used: /home/ec2-user/arduino-testlib/cli-datadir/user/libraries/RokitSmart
</pre>
					
					<h4>examples/InkyBoard_09_display_pixel</h4>
					<p>
						Result: <b>FAIL</b>
					</p>
					<pre class="pre-scrollable">WARNING: library InkyBoard claims to run on avr architecture(s) and may be incompatible with your current board which runs on mbed_nano architecture(s).
In file included from /home/ec2-user/arduino-testlib/cli-datadir/data/packages/arduino/hardware/mbed_nano/2.7.2/cores/arduino/Arduino.h:76:0,
                 from /tmp/arduino-sketch-09B4E023620936C37710D9B99363FB91/sketch/InkyBoard_09_display_pixel.ino.cpp:1:
/home/ec2-user/arduino-testlib/cli-datadir/data/packages/arduino/hardware/mbed_nano/2.7.2/variants/NANO_RP2040_CONNECT/pins_arduino.h:57:23: error: expected identifier before &#39;(&#39; token
 #define PIN_SPI_MOSI  (11u)
                       ^
/home/ec2-user/arduino-testlib/cli-datadir/data/packages/arduino/hardware/mbed_nano/2.7.2/variants/NANO_RP2040_CONNECT/pins_arduino.h:91:40: note: in expansion of macro &#39;PIN_SPI_MOSI&#39;
 #define SPI_MOSI  (digitalPinToPinName(PIN_SPI_MOSI))
                                        ^~~~~~~~~~~~
/home/ec2-user/arduino-testlib/cli-datadir/user/libraries/InkyBoard/src/Display.h:69:13: note: in expansion of macro &#39;SPI_MOSI&#39;
         int SPI_MOSI;
             ^~~~~~~~
/home/ec2-user/arduino-testlib/cli-datadir/data/packages/arduino/hardware/mbed_nano/2.7.2/variants/NANO_RP2040_CONNECT/pins_arduino.h:57:24: error: expected &#39;)&#39; before numeric constant
 #define PIN_SPI_MOSI  (11u)
                        ^
/home/ec2-user/arduino-testlib/cli-datadir/data/packages/arduino/hardware/mbed_nano/2.7.2/variants/NANO_RP2040_CONNECT/pins_arduino.h:91:40: note: in expansion of macro &#39;PIN_SPI_MOSI&#39;
 #define SPI_MOSI  (digitalPinToPinName(PIN_SPI_MOSI))
                                        ^~~~~~~~~~~~
/home/ec2-user/arduino-testlib/cli-datadir/user/libraries/InkyBoard/src/Display.h:69:13: note: in expansion of macro &#39;SPI_MOSI&#39;
         int SPI_MOSI;
             ^~~~~~~~
/home/ec2-user/arduino-testlib/cli-datadir/data/packages/arduino/hardware/mbed_nano/2.7.2/variants/NANO_RP2040_CONNECT/pins_arduino.h:57:24: error: expected &#39;)&#39; before numeric constant
 #define PIN_SPI_MOSI  (11u)
                        ^
/home/ec2-user/arduino-testlib/cli-datadir/data/packages/arduino/hardware/mbed_nano/2.7.2/variants/NANO_RP2040_CONNECT/pins_arduino.h:91:40: note: in expansion of macro &#39;PIN_SPI_MOSI&#39;
 #define SPI_MOSI  (digitalPinToPinName(PIN_SPI_MOSI))
                                        ^~~~~~~~~~~~
/home/ec2-user/arduino-testlib/cli-datadir/user/libraries/InkyBoard/src/Display.h:69:13: note: in expansion of macro &#39;SPI_MOSI&#39;
         int SPI_MOSI;
             ^~~~~~~~
/home/ec2-user/arduino-testlib/cli-datadir/data/packages/arduino/hardware/mbed_nano/2.7.2/variants/NANO_RP2040_CONNECT/pins_arduino.h:57:24: error: expected &#39;)&#39; before numeric constant
 #define PIN_SPI_MOSI  (11u)
                        ^
/home/ec2-user/arduino-testlib/cli-datadir/data/packages/arduino/hardware/mbed_nano/2.7.2/variants/NANO_RP2040_CONNECT/pins_arduino.h:91:40: note: in expansion of macro &#39;PIN_SPI_MOSI&#39;
 #define SPI_MOSI  (digitalPinToPinName(PIN_SPI_MOSI))
                                        ^~~~~~~~~~~~
/home/ec2-user/arduino-testlib/cli-datadir/user/libraries/InkyBoard/src/Display.h:69:13: note: in expansion of macro &#39;SPI_MOSI&#39;
         int SPI_MOSI;
             ^~~~~~~~
Multiple libraries were found for &#34;Servo.h&#34;
  Used: /home/ec2-user/arduino-testlib/cli-datadir/user/libraries/Servo
  Not used: /home/ec2-user/arduino-testlib/cli-datadir/user/libraries/Printoo_Library
  Not used: /home/ec2-user/arduino-testlib/cli-datadir/user/libraries/evive
  Not used: /home/ec2-user/arduino-testlib/cli-datadir/user/libraries/ServoESP32
  Not used: /home/ec2-user/arduino-testlib/cli-datadir/user/libraries/RokitSmart
  Not used: /home/ec2-user/arduino-testlib/cli-datadir/user/libraries/XMC_Servo
</pre>
					
					<h4>examples/InkyBoard_10_display_image</h4>
					<p>
						Result: <b>FAIL</b>
					</p>
					<pre class="pre-scrollable">WARNING: library InkyBoard claims to run on avr architecture(s) and may be incompatible with your current board which runs on mbed_nano architecture(s).
In file included from /home/ec2-user/arduino-testlib/cli-datadir/data/packages/arduino/hardware/mbed_nano/2.7.2/cores/arduino/Arduino.h:76:0,
                 from /tmp/arduino-sketch-89ACC8F25234DCAFEE99EE75332C4FE4/sketch/InkyBoard_10_display_image.ino.cpp:1:
/home/ec2-user/arduino-testlib/cli-datadir/data/packages/arduino/hardware/mbed_nano/2.7.2/variants/NANO_RP2040_CONNECT/pins_arduino.h:57:23: error: expected identifier before &#39;(&#39; token
 #define PIN_SPI_MOSI  (11u)
                       ^
/home/ec2-user/arduino-testlib/cli-datadir/data/packages/arduino/hardware/mbed_nano/2.7.2/variants/NANO_RP2040_CONNECT/pins_arduino.h:91:40: note: in expansion of macro &#39;PIN_SPI_MOSI&#39;
 #define SPI_MOSI  (digitalPinToPinName(PIN_SPI_MOSI))
                                        ^~~~~~~~~~~~
/home/ec2-user/arduino-testlib/cli-datadir/user/libraries/InkyBoard/src/Display.h:69:13: note: in expansion of macro &#39;SPI_MOSI&#39;
         int SPI_MOSI;
             ^~~~~~~~
/home/ec2-user/arduino-testlib/cli-datadir/data/packages/arduino/hardware/mbed_nano/2.7.2/variants/NANO_RP2040_CONNECT/pins_arduino.h:57:24: error: expected &#39;)&#39; before numeric constant
 #define PIN_SPI_MOSI  (11u)
                        ^
/home/ec2-user/arduino-testlib/cli-datadir/data/packages/arduino/hardware/mbed_nano/2.7.2/variants/NANO_RP2040_CONNECT/pins_arduino.h:91:40: note: in expansion of macro &#39;PIN_SPI_MOSI&#39;
 #define SPI_MOSI  (digitalPinToPinName(PIN_SPI_MOSI))
                                        ^~~~~~~~~~~~
/home/ec2-user/arduino-testlib/cli-datadir/user/libraries/InkyBoard/src/Display.h:69:13: note: in expansion of macro &#39;SPI_MOSI&#39;
         int SPI_MOSI;
             ^~~~~~~~
/home/ec2-user/arduino-testlib/cli-datadir/data/packages/arduino/hardware/mbed_nano/2.7.2/variants/NANO_RP2040_CONNECT/pins_arduino.h:57:24: error: expected &#39;)&#39; before numeric constant
 #define PIN_SPI_MOSI  (11u)
                        ^
/home/ec2-user/arduino-testlib/cli-datadir/data/packages/arduino/hardware/mbed_nano/2.7.2/variants/NANO_RP2040_CONNECT/pins_arduino.h:91:40: note: in expansion of macro &#39;PIN_SPI_MOSI&#39;
 #define SPI_MOSI  (digitalPinToPinName(PIN_SPI_MOSI))
                                        ^~~~~~~~~~~~
/home/ec2-user/arduino-testlib/cli-datadir/user/libraries/InkyBoard/src/Display.h:69:13: note: in expansion of macro &#39;SPI_MOSI&#39;
         int SPI_MOSI;
             ^~~~~~~~
/home/ec2-user/arduino-testlib/cli-datadir/data/packages/arduino/hardware/mbed_nano/2.7.2/variants/NANO_RP2040_CONNECT/pins_arduino.h:57:24: error: expected &#39;)&#39; before numeric constant
 #define PIN_SPI_MOSI  (11u)
                        ^
/home/ec2-user/arduino-testlib/cli-datadir/data/packages/arduino/hardware/mbed_nano/2.7.2/variants/NANO_RP2040_CONNECT/pins_arduino.h:91:40: note: in expansion of macro &#39;PIN_SPI_MOSI&#39;
 #define SPI_MOSI  (digitalPinToPinName(PIN_SPI_MOSI))
                                        ^~~~~~~~~~~~
/home/ec2-user/arduino-testlib/cli-datadir/user/libraries/InkyBoard/src/Display.h:69:13: note: in expansion of macro &#39;SPI_MOSI&#39;
         int SPI_MOSI;
             ^~~~~~~~
Multiple libraries were found for &#34;Servo.h&#34;
  Used: /home/ec2-user/arduino-testlib/cli-datadir/user/libraries/Servo
  Not used: /home/ec2-user/arduino-testlib/cli-datadir/user/libraries/RokitSmart
  Not used: /home/ec2-user/arduino-testlib/cli-datadir/user/libraries/XMC_Servo
  Not used: /home/ec2-user/arduino-testlib/cli-datadir/user/libraries/evive
  Not used: /home/ec2-user/arduino-testlib/cli-datadir/user/libraries/Printoo_Library
  Not used: /home/ec2-user/arduino-testlib/cli-datadir/user/libraries/ServoESP32
</pre>
					
					<h4>examples/InkyBoard_11_multipe_displays</h4>
					<p>
						Result: <b>FAIL</b>
					</p>
					<pre class="pre-scrollable">/home/ec2-user/arduino-testlib/cli-datadir/user/libraries/InkyBoard/examples/InkyBoard_11_multipe_displays/InkyBoard_11_multipe_displays.ino:62:54: error: no matching function for call to &#39;Display::Display(const int&amp;, const int&amp;, const int&amp;, const int&amp;)&#39;
 Display display = Display(DIN, CLK, LOAD, deviceCount); // init the display
                                                      ^
In file included from /home/ec2-user/arduino-testlib/cli-datadir/user/libraries/InkyBoard/examples/InkyBoard_11_multipe_displays/InkyBoard_11_multipe_displays.ino:4:0:
/home/ec2-user/arduino-testlib/cli-datadir/user/libraries/Grafici-GFX/src/Display.h:9:7: note: candidate: Display::Display()
 class Display
       ^~~~~~~
/home/ec2-user/arduino-testlib/cli-datadir/user/libraries/Grafici-GFX/src/Display.h:9:7: note:   candidate expects 0 arguments, 4 provided
/home/ec2-user/arduino-testlib/cli-datadir/user/libraries/Grafici-GFX/src/Display.h:9:7: note: candidate: constexpr Display::Display(const Display&amp;)
/home/ec2-user/arduino-testlib/cli-datadir/user/libraries/Grafici-GFX/src/Display.h:9:7: note:   candidate expects 1 argument, 4 provided
/home/ec2-user/arduino-testlib/cli-datadir/user/libraries/Grafici-GFX/src/Display.h:9:7: note: candidate: constexpr Display::Display(Display&amp;&amp;)
/home/ec2-user/arduino-testlib/cli-datadir/user/libraries/Grafici-GFX/src/Display.h:9:7: note:   candidate expects 1 argument, 4 provided
/home/ec2-user/arduino-testlib/cli-datadir/user/libraries/InkyBoard/examples/InkyBoard_11_multipe_displays/InkyBoard_11_multipe_displays.ino:63:6: error: &#39;Time time&#39; redeclared as different kind of symbol
 Time time = Time(); // init timekeeping
      ^~~~
In file included from /home/ec2-user/arduino-testlib/cli-datadir/data/packages/arduino/tools/arm-none-eabi-gcc/7-2017q4/arm-none-eabi/include/stdlib.h:11:0,
                 from /home/ec2-user/arduino-testlib/cli-datadir/data/packages/arduino/tools/arm-none-eabi-gcc/7-2017q4/arm-none-eabi/include/c&#43;&#43;/7.2.1/cstdlib:75,
                 from /home/ec2-user/arduino-testlib/cli-datadir/data/packages/arduino/tools/arm-none-eabi-gcc/7-2017q4/arm-none-eabi/include/c&#43;&#43;/7.2.1/stdlib.h:36,
                 from /home/ec2-user/arduino-testlib/cli-datadir/data/packages/arduino/hardware/mbed_nano/2.7.2/cores/arduino/api/Interrupts.h:5,
                 from /home/ec2-user/arduino-testlib/cli-datadir/data/packages/arduino/hardware/mbed_nano/2.7.2/cores/arduino/api/ArduinoAPI.h:29,
                 from /home/ec2-user/arduino-testlib/cli-datadir/data/packages/arduino/hardware/mbed_nano/2.7.2/cores/arduino/Arduino.h:27,
                 from /tmp/arduino-sketch-8479CCE584176BFC17EE22A4BA9F9A36/sketch/InkyBoard_11_multipe_displays.ino.cpp:1:
/home/ec2-user/arduino-testlib/cli-datadir/data/packages/arduino/tools/arm-none-eabi-gcc/7-2017q4/arm-none-eabi/include/time.h:59:11: note: previous declaration &#39;time_t time(time_t*)&#39;
 time_t    _EXFUN(time,     (time_t *_timer));
           ^
/home/ec2-user/arduino-testlib/cli-datadir/user/libraries/InkyBoard/examples/InkyBoard_11_multipe_displays/InkyBoard_11_multipe_displays.ino: In function &#39;void setup()&#39;:
/home/ec2-user/arduino-testlib/cli-datadir/user/libraries/InkyBoard/examples/InkyBoard_11_multipe_displays/InkyBoard_11_multipe_displays.ino:72:13: error: &#39;class Display&#39; has no member named &#39;changeDevice&#39;
     display.changeDevice(i).init(false);
             ^~~~~~~~~~~~
/home/ec2-user/arduino-testlib/cli-datadir/user/libraries/InkyBoard/examples/InkyBoard_11_multipe_displays/InkyBoard_11_multipe_displays.ino:74:11: error: &#39;class Display&#39; has no member named &#39;setAutoSend&#39;
   display.setAutoSend(false); // don&#39;t send after each command but buildup all displays and send in one go
           ^~~~~~~~~~~
/home/ec2-user/arduino-testlib/cli-datadir/user/libraries/InkyBoard/examples/InkyBoard_11_multipe_displays/InkyBoard_11_multipe_displays.ino: In function &#39;void loop()&#39;:
/home/ec2-user/arduino-testlib/cli-datadir/user/libraries/InkyBoard/examples/InkyBoard_11_multipe_displays/InkyBoard_11_multipe_displays.ino:85:10: error: request for member &#39;calculate&#39; in &#39;time&#39;, which is of non-class type &#39;time_t(time_t*) {aka long long int(long long int*)}&#39;
     time.calculate(); // calculate the time
          ^~~~~~~~~
/home/ec2-user/arduino-testlib/cli-datadir/user/libraries/InkyBoard/examples/InkyBoard_11_multipe_displays/InkyBoard_11_multipe_displays.ino:86:13: error: &#39;class Display&#39; has no member named &#39;d&#39;
     display.d(0).number(time.hours / 10); // display.d() is the same as display.changeDevice()
             ^
/home/ec2-user/arduino-testlib/cli-datadir/user/libraries/InkyBoard/examples/InkyBoard_11_multipe_displays/InkyBoard_11_multipe_displays.ino:86:30: error: request for member &#39;hours&#39; in &#39;time&#39;, which is of non-class type &#39;time_t(time_t*) {aka long long int(long long int*)}&#39;
     display.d(0).number(time.hours / 10); // display.d() is the same as display.changeDevice()
                              ^~~~~
/home/ec2-user/arduino-testlib/cli-datadir/user/libraries/InkyBoard/examples/InkyBoard_11_multipe_displays/InkyBoard_11_multipe_displays.ino:87:13: error: &#39;class Display&#39; has no member named &#39;d&#39;
     display.d(1).number(time.hours % 10);
             ^
/home/ec2-user/arduino-testlib/cli-datadir/user/libraries/InkyBoard/examples/InkyBoard_11_multipe_displays/InkyBoard_11_multipe_displays.ino:87:30: error: request for member &#39;hours&#39; in &#39;time&#39;, which is of non-class type &#39;time_t(time_t*) {aka long long int(long long int*)}&#39;
     display.d(1).number(time.hours % 10);
                              ^~~~~
/home/ec2-user/arduino-testlib/cli-datadir/user/libraries/InkyBoard/examples/InkyBoard_11_multipe_displays/InkyBoard_11_multipe_displays.ino:88:13: error: &#39;class Display&#39; has no member named &#39;d&#39;
     display.d(3).number(time.minutes / 10);
             ^
/home/ec2-user/arduino-testlib/cli-datadir/user/libraries/InkyBoard/examples/InkyBoard_11_multipe_displays/InkyBoard_11_multipe_displays.ino:88:30: error: request for member &#39;minutes&#39; in &#39;time&#39;, which is of non-class type &#39;time_t(time_t*) {aka long long int(long long int*)}&#39;
     display.d(3).number(time.minutes / 10);
                              ^~~~~~~
/home/ec2-user/arduino-testlib/cli-datadir/user/libraries/InkyBoard/examples/InkyBoard_11_multipe_displays/InkyBoard_11_multipe_displays.ino:89:13: error: &#39;class Display&#39; has no member named &#39;d&#39;
     display.d(4).number(time.minutes % 10);
             ^
/home/ec2-user/arduino-testlib/cli-datadir/user/libraries/InkyBoard/examples/InkyBoard_11_multipe_displays/InkyBoard_11_multipe_displays.ino:89:30: error: request for member &#39;minutes&#39; in &#39;time&#39;, which is of non-class type &#39;time_t(time_t*) {aka long long int(long long int*)}&#39;
     display.d(4).number(time.minutes % 10);
                              ^~~~~~~
/home/ec2-user/arduino-testlib/cli-datadir/user/libraries/InkyBoard/examples/InkyBoard_11_multipe_displays/InkyBoard_11_multipe_displays.ino:90:13: error: &#39;class Display&#39; has no member named &#39;d&#39;
     display.d(2).image(dots);
             ^
/home/ec2-user/arduino-testlib/cli-datadir/user/libraries/InkyBoard/examples/InkyBoard_11_multipe_displays/InkyBoard_11_multipe_displays.ino:93:15: error: &#39;class Display&#39; has no member named &#39;d&#39;
       display.d(6).number(time.seconds / 10);
               ^
/home/ec2-user/arduino-testlib/cli-datadir/user/libraries/InkyBoard/examples/InkyBoard_11_multipe_displays/InkyBoard_11_multipe_displays.ino:93:32: error: request for member &#39;seconds&#39; in &#39;time&#39;, which is of non-class type &#39;time_t(time_t*) {aka long long int(long long int*)}&#39;
       display.d(6).number(time.seconds / 10);
                                ^~~~~~~
/home/ec2-user/arduino-testlib/cli-datadir/user/libraries/InkyBoard/examples/InkyBoard_11_multipe_displays/InkyBoard_11_multipe_displays.ino:94:15: error: &#39;class Display&#39; has no member named &#39;d&#39;
       display.d(7).number(time.seconds % 10);
               ^
/home/ec2-user/arduino-testlib/cli-datadir/user/libraries/InkyBoard/examples/InkyBoard_11_multipe_displays/InkyBoard_11_multipe_displays.ino:94:32: error: request for member &#39;seconds&#39; in &#39;time&#39;, which is of non-class type &#39;time_t(time_t*) {aka long long int(long long int*)}&#39;
       display.d(7).number(time.seconds % 10);
                                ^~~~~~~
/home/ec2-user/arduino-testlib/cli-datadir/user/libraries/InkyBoard/examples/InkyBoard_11_multipe_displays/InkyBoard_11_multipe_displays.ino:95:15: error: &#39;class Display&#39; has no member named &#39;d&#39;
       display.d(5).image(dots);
               ^
/home/ec2-user/arduino-testlib/cli-datadir/user/libraries/InkyBoard/examples/InkyBoard_11_multipe_displays/InkyBoard_11_multipe_displays.ino:99:15: error: &#39;class Display&#39; has no member named &#39;d&#39;
       display.d(i).rotate(display.ROTATE_90); // rotate the displays
               ^
/home/ec2-user/arduino-testlib/cli-datadir/user/libraries/InkyBoard/examples/InkyBoard_11_multipe_displays/InkyBoard_11_multipe_displays.ino:99:35: error: &#39;class Display&#39; has no member named &#39;ROTATE_90&#39;
       display.d(i).rotate(display.ROTATE_90); // rotate the displays
                                   ^~~~~~~~~
/home/ec2-user/arduino-testlib/cli-datadir/user/libraries/InkyBoard/examples/InkyBoard_11_multipe_displays/InkyBoard_11_multipe_displays.ino:103:13: error: &#39;class Display&#39; has no member named &#39;send&#39;
     display.send();
             ^~~~
/home/ec2-user/arduino-testlib/cli-datadir/user/libraries/InkyBoard/examples/InkyBoard_11_multipe_displays/InkyBoard_11_multipe_displays.ino:106:13: error: &#39;class Display&#39; has no member named &#39;d&#39;
     display.d(2).clear();
             ^
/home/ec2-user/arduino-testlib/cli-datadir/user/libraries/InkyBoard/examples/InkyBoard_11_multipe_displays/InkyBoard_11_multipe_displays.ino:108:15: error: &#39;class Display&#39; has no member named &#39;d&#39;
       display.d(5).clear();
               ^
/home/ec2-user/arduino-testlib/cli-datadir/user/libraries/InkyBoard/examples/InkyBoard_11_multipe_displays/InkyBoard_11_multipe_displays.ino:111:13: er</pre>
					
					<h4>examples/InkyBoard_12_game_snake</h4>
					<p>
						Result: <b>FAIL</b>
					</p>
					<pre class="pre-scrollable">WARNING: library InkyBoard claims to run on avr architecture(s) and may be incompatible with your current board which runs on mbed_nano architecture(s).
In file included from /home/ec2-user/arduino-testlib/cli-datadir/data/packages/arduino/hardware/mbed_nano/2.7.2/cores/arduino/Arduino.h:76:0,
                 from /tmp/arduino-sketch-473C55CEFB8F3A1F86703184394C0728/sketch/InkyBoard_12_game_snake.ino.cpp:1:
/home/ec2-user/arduino-testlib/cli-datadir/data/packages/arduino/hardware/mbed_nano/2.7.2/variants/NANO_RP2040_CONNECT/pins_arduino.h:57:23: error: expected identifier before &#39;(&#39; token
 #define PIN_SPI_MOSI  (11u)
                       ^
/home/ec2-user/arduino-testlib/cli-datadir/data/packages/arduino/hardware/mbed_nano/2.7.2/variants/NANO_RP2040_CONNECT/pins_arduino.h:91:40: note: in expansion of macro &#39;PIN_SPI_MOSI&#39;
 #define SPI_MOSI  (digitalPinToPinName(PIN_SPI_MOSI))
                                        ^~~~~~~~~~~~
/home/ec2-user/arduino-testlib/cli-datadir/user/libraries/InkyBoard/src/Display.h:69:13: note: in expansion of macro &#39;SPI_MOSI&#39;
         int SPI_MOSI;
             ^~~~~~~~
/home/ec2-user/arduino-testlib/cli-datadir/data/packages/arduino/hardware/mbed_nano/2.7.2/variants/NANO_RP2040_CONNECT/pins_arduino.h:57:24: error: expected &#39;)&#39; before numeric constant
 #define PIN_SPI_MOSI  (11u)
                        ^
/home/ec2-user/arduino-testlib/cli-datadir/data/packages/arduino/hardware/mbed_nano/2.7.2/variants/NANO_RP2040_CONNECT/pins_arduino.h:91:40: note: in expansion of macro &#39;PIN_SPI_MOSI&#39;
 #define SPI_MOSI  (digitalPinToPinName(PIN_SPI_MOSI))
                                        ^~~~~~~~~~~~
/home/ec2-user/arduino-testlib/cli-datadir/user/libraries/InkyBoard/src/Display.h:69:13: note: in expansion of macro &#39;SPI_MOSI&#39;
         int SPI_MOSI;
             ^~~~~~~~
/home/ec2-user/arduino-testlib/cli-datadir/data/packages/arduino/hardware/mbed_nano/2.7.2/variants/NANO_RP2040_CONNECT/pins_arduino.h:57:24: error: expected &#39;)&#39; before numeric constant
 #define PIN_SPI_MOSI  (11u)
                        ^
/home/ec2-user/arduino-testlib/cli-datadir/data/packages/arduino/hardware/mbed_nano/2.7.2/variants/NANO_RP2040_CONNECT/pins_arduino.h:91:40: note: in expansion of macro &#39;PIN_SPI_MOSI&#39;
 #define SPI_MOSI  (digitalPinToPinName(PIN_SPI_MOSI))
                                        ^~~~~~~~~~~~
/home/ec2-user/arduino-testlib/cli-datadir/user/libraries/InkyBoard/src/Display.h:69:13: note: in expansion of macro &#39;SPI_MOSI&#39;
         int SPI_MOSI;
             ^~~~~~~~
/home/ec2-user/arduino-testlib/cli-datadir/data/packages/arduino/hardware/mbed_nano/2.7.2/variants/NANO_RP2040_CONNECT/pins_arduino.h:57:24: error: expected &#39;)&#39; before numeric constant
 #define PIN_SPI_MOSI  (11u)
                        ^
/home/ec2-user/arduino-testlib/cli-datadir/data/packages/arduino/hardware/mbed_nano/2.7.2/variants/NANO_RP2040_CONNECT/pins_arduino.h:91:40: note: in expansion of macro &#39;PIN_SPI_MOSI&#39;
 #define SPI_MOSI  (digitalPinToPinName(PIN_SPI_MOSI))
                                        ^~~~~~~~~~~~
/home/ec2-user/arduino-testlib/cli-datadir/user/libraries/InkyBoard/src/Display.h:69:13: note: in expansion of macro &#39;SPI_MOSI&#39;
         int SPI_MOSI;
             ^~~~~~~~
Multiple libraries were found for &#34;Servo.h&#34;
  Used: /home/ec2-user/arduino-testlib/cli-datadir/user/libraries/Servo
  Not used: /home/ec2-user/arduino-testlib/cli-datadir/user/libraries/ServoESP32
  Not used: /home/ec2-user/arduino-testlib/cli-datadir/user/libraries/XMC_Servo
  Not used: /home/ec2-user/arduino-testlib/cli-datadir/user/libraries/evive
  Not used: /home/ec2-user/arduino-testlib/cli-datadir/user/libraries/Printoo_Library
  Not used: /home/ec2-user/arduino-testlib/cli-datadir/user/libraries/RokitSmart
</pre>
					
					<h4>examples/InkyBoard_13_game_simon_says</h4>
					<p>
						Result: <b>FAIL</b>
					</p>
					<pre class="pre-scrollable">WARNING: library InkyBoard claims to run on avr architecture(s) and may be incompatible with your current board which runs on mbed_nano architecture(s).
In file included from /home/ec2-user/arduino-testlib/cli-datadir/data/packages/arduino/hardware/mbed_nano/2.7.2/cores/arduino/Arduino.h:76:0,
                 from /tmp/arduino-sketch-C3132C76CCE050117E9B760703DCC143/sketch/InkyBoard_13_game_simon_says.ino.cpp:1:
/home/ec2-user/arduino-testlib/cli-datadir/data/packages/arduino/hardware/mbed_nano/2.7.2/variants/NANO_RP2040_CONNECT/pins_arduino.h:57:23: error: expected identifier before &#39;(&#39; token
 #define PIN_SPI_MOSI  (11u)
                       ^
/home/ec2-user/arduino-testlib/cli-datadir/data/packages/arduino/hardware/mbed_nano/2.7.2/variants/NANO_RP2040_CONNECT/pins_arduino.h:91:40: note: in expansion of macro &#39;PIN_SPI_MOSI&#39;
 #define SPI_MOSI  (digitalPinToPinName(PIN_SPI_MOSI))
                                        ^~~~~~~~~~~~
/home/ec2-user/arduino-testlib/cli-datadir/user/libraries/InkyBoard/src/Display.h:69:13: note: in expansion of macro &#39;SPI_MOSI&#39;
         int SPI_MOSI;
             ^~~~~~~~
/home/ec2-user/arduino-testlib/cli-datadir/data/packages/arduino/hardware/mbed_nano/2.7.2/variants/NANO_RP2040_CONNECT/pins_arduino.h:57:24: error: expected &#39;)&#39; before numeric constant
 #define PIN_SPI_MOSI  (11u)
                        ^
/home/ec2-user/arduino-testlib/cli-datadir/data/packages/arduino/hardware/mbed_nano/2.7.2/variants/NANO_RP2040_CONNECT/pins_arduino.h:91:40: note: in expansion of macro &#39;PIN_SPI_MOSI&#39;
 #define SPI_MOSI  (digitalPinToPinName(PIN_SPI_MOSI))
                                        ^~~~~~~~~~~~
/home/ec2-user/arduino-testlib/cli-datadir/user/libraries/InkyBoard/src/Display.h:69:13: note: in expansion of macro &#39;SPI_MOSI&#39;
         int SPI_MOSI;
             ^~~~~~~~
/home/ec2-user/arduino-testlib/cli-datadir/data/packages/arduino/hardware/mbed_nano/2.7.2/variants/NANO_RP2040_CONNECT/pins_arduino.h:57:24: error: expected &#39;)&#39; before numeric constant
 #define PIN_SPI_MOSI  (11u)
                        ^
/home/ec2-user/arduino-testlib/cli-datadir/data/packages/arduino/hardware/mbed_nano/2.7.2/variants/NANO_RP2040_CONNECT/pins_arduino.h:91:40: note: in expansion of macro &#39;PIN_SPI_MOSI&#39;
 #define SPI_MOSI  (digitalPinToPinName(PIN_SPI_MOSI))
                                        ^~~~~~~~~~~~
/home/ec2-user/arduino-testlib/cli-datadir/user/libraries/InkyBoard/src/Display.h:69:13: note: in expansion of macro &#39;SPI_MOSI&#39;
         int SPI_MOSI;
             ^~~~~~~~
/home/ec2-user/arduino-testlib/cli-datadir/data/packages/arduino/hardware/mbed_nano/2.7.2/variants/NANO_RP2040_CONNECT/pins_arduino.h:57:24: error: expected &#39;)&#39; before numeric constant
 #define PIN_SPI_MOSI  (11u)
                        ^
/home/ec2-user/arduino-testlib/cli-datadir/data/packages/arduino/hardware/mbed_nano/2.7.2/variants/NANO_RP2040_CONNECT/pins_arduino.h:91:40: note: in expansion of macro &#39;PIN_SPI_MOSI&#39;
 #define SPI_MOSI  (digitalPinToPinName(PIN_SPI_MOSI))
                                        ^~~~~~~~~~~~
/home/ec2-user/arduino-testlib/cli-datadir/user/libraries/InkyBoard/src/Display.h:69:13: note: in expansion of macro &#39;SPI_MOSI&#39;
         int SPI_MOSI;
             ^~~~~~~~
Multiple libraries were found for &#34;Servo.h&#34;
  Used: /home/ec2-user/arduino-testlib/cli-datadir/user/libraries/Servo
  Not used: /home/ec2-user/arduino-testlib/cli-datadir/user/libraries/evive
  Not used: /home/ec2-user/arduino-testlib/cli-datadir/user/libraries/RokitSmart
  Not used: /home/ec2-user/arduino-testlib/cli-datadir/user/libraries/XMC_Servo
  Not used: /home/ec2-user/arduino-testlib/cli-datadir/user/libraries/ServoESP32
  Not used: /home/ec2-user/arduino-testlib/cli-datadir/user/libraries/Printoo_Library
</pre>
					
					<h4>examples/InkyBoard_14_demo</h4>
					<p>
						Result: <b>FAIL</b>
					</p>
					<pre class="pre-scrollable">WARNING: library InkyBoard claims to run on avr architecture(s) and may be incompatible with your current board which runs on mbed_nano architecture(s).
In file included from /home/ec2-user/arduino-testlib/cli-datadir/data/packages/arduino/hardware/mbed_nano/2.7.2/cores/arduino/Arduino.h:76:0,
                 from /tmp/arduino-sketch-84CF80FEE5D467EFDF1E2DB4AFB336D1/sketch/InkyBoard_14_demo.ino.cpp:1:
/home/ec2-user/arduino-testlib/cli-datadir/data/packages/arduino/hardware/mbed_nano/2.7.2/variants/NANO_RP2040_CONNECT/pins_arduino.h:57:23: error: expected identifier before &#39;(&#39; token
 #define PIN_SPI_MOSI  (11u)
                       ^
/home/ec2-user/arduino-testlib/cli-datadir/data/packages/arduino/hardware/mbed_nano/2.7.2/variants/NANO_RP2040_CONNECT/pins_arduino.h:91:40: note: in expansion of macro &#39;PIN_SPI_MOSI&#39;
 #define SPI_MOSI  (digitalPinToPinName(PIN_SPI_MOSI))
                                        ^~~~~~~~~~~~
/home/ec2-user/arduino-testlib/cli-datadir/user/libraries/InkyBoard/src/Display.h:69:13: note: in expansion of macro &#39;SPI_MOSI&#39;
         int SPI_MOSI;
             ^~~~~~~~
/home/ec2-user/arduino-testlib/cli-datadir/data/packages/arduino/hardware/mbed_nano/2.7.2/variants/NANO_RP2040_CONNECT/pins_arduino.h:57:24: error: expected &#39;)&#39; before numeric constant
 #define PIN_SPI_MOSI  (11u)
                        ^
/home/ec2-user/arduino-testlib/cli-datadir/data/packages/arduino/hardware/mbed_nano/2.7.2/variants/NANO_RP2040_CONNECT/pins_arduino.h:91:40: note: in expansion of macro &#39;PIN_SPI_MOSI&#39;
 #define SPI_MOSI  (digitalPinToPinName(PIN_SPI_MOSI))
                                        ^~~~~~~~~~~~
/home/ec2-user/arduino-testlib/cli-datadir/user/libraries/InkyBoard/src/Display.h:69:13: note: in expansion of macro &#39;SPI_MOSI&#39;
         int SPI_MOSI;
             ^~~~~~~~
/home/ec2-user/arduino-testlib/cli-datadir/data/packages/arduino/hardware/mbed_nano/2.7.2/variants/NANO_RP2040_CONNECT/pins_arduino.h:57:24: error: expected &#39;)&#39; before numeric constant
 #define PIN_SPI_MOSI  (11u)
                        ^
/home/ec2-user/arduino-testlib/cli-datadir/data/packages/arduino/hardware/mbed_nano/2.7.2/variants/NANO_RP2040_CONNECT/pins_arduino.h:91:40: note: in expansion of macro &#39;PIN_SPI_MOSI&#39;
 #define SPI_MOSI  (digitalPinToPinName(PIN_SPI_MOSI))
                                        ^~~~~~~~~~~~
/home/ec2-user/arduino-testlib/cli-datadir/user/libraries/InkyBoard/src/Display.h:69:13: note: in expansion of macro &#39;SPI_MOSI&#39;
         int SPI_MOSI;
             ^~~~~~~~
/home/ec2-user/arduino-testlib/cli-datadir/data/packages/arduino/hardware/mbed_nano/2.7.2/variants/NANO_RP2040_CONNECT/pins_arduino.h:57:24: error: expected &#39;)&#39; before numeric constant
 #define PIN_SPI_MOSI  (11u)
                        ^
/home/ec2-user/arduino-testlib/cli-datadir/data/packages/arduino/hardware/mbed_nano/2.7.2/variants/NANO_RP2040_CONNECT/pins_arduino.h:91:40: note: in expansion of macro &#39;PIN_SPI_MOSI&#39;
 #define SPI_MOSI  (digitalPinToPinName(PIN_SPI_MOSI))
                                        ^~~~~~~~~~~~
/home/ec2-user/arduino-testlib/cli-datadir/user/libraries/InkyBoard/src/Display.h:69:13: note: in expansion of macro &#39;SPI_MOSI&#39;
         int SPI_MOSI;
             ^~~~~~~~
Multiple libraries were found for &#34;Servo.h&#34;
  Used: /home/ec2-user/arduino-testlib/cli-datadir/user/libraries/Servo
  Not used: /home/ec2-user/arduino-testlib/cli-datadir/user/libraries/evive
  Not used: /home/ec2-user/arduino-testlib/cli-datadir/user/libraries/Printoo_Library
  Not used: /home/ec2-user/arduino-testlib/cli-datadir/user/libraries/XMC_Servo
  Not used: /home/ec2-user/arduino-testlib/cli-datadir/user/libraries/RokitSmart
  Not used: /home/ec2-user/arduino-testlib/cli-datadir/user/libraries/ServoESP32
</pre>
					
				
				<h3 id="arduino:megaavr:nona4809">arduino:megaavr:nona4809 @ 1.8.7</h3>
				<h4>Inclusion</h4>
				<p>
					Result: <b>FAIL</b>
					
				</p>
				<pre class="pre-scrollable">WARNING: library InkyBoard claims to run on avr architecture(s) and may be incompatible with your current board which runs on megaavr architecture(s).
In file included from /home/ec2-user/arduino-testlib/cli-datadir/user/libraries/InkyBoard/src/InkyBoard.h:24:0,
                 from /tmp/arduino-testlib2433964280/test/test.ino:3:
/home/ec2-user/arduino-testlib/cli-datadir/user/libraries/InkyBoard/src/Display.h:200:7: error: redefinition of &#39;class Display&#39;
 class Display{
       ^~~~~~~
In file included from /tmp/arduino-testlib2433964280/test/test.ino:2:0:
/home/ec2-user/arduino-testlib/cli-datadir/user/libraries/Grafici-GFX/src/Display.h:9:7: note: previous definition of &#39;class Display&#39;
 class Display
       ^~~~~~~
Multiple libraries were found for &#34;Servo.h&#34;
  Used: /home/ec2-user/arduino-testlib/cli-datadir/user/libraries/Servo
  Not used: /home/ec2-user/arduino-testlib/cli-datadir/user/libraries/Printoo_Library
  Not used: /home/ec2-user/arduino-testlib/cli-datadir/user/libraries/XMC_Servo
  Not used: /home/ec2-user/arduino-testlib/cli-datadir/user/libraries/ServoESP32
  Not used: /home/ec2-user/arduino-testlib/cli-datadir/user/libraries/evive
  Not used: /home/ec2-user/arduino-testlib/cli-datadir/user/libraries/RokitSmart
Multiple libraries were found for &#34;Display.h&#34;
  Used: /home/ec2-user/arduino-testlib/cli-datadir/user/libraries/Grafici-GFX
  Not used: /home/ec2-user/arduino-testlib/cli-datadir/user/libraries/AceMenu
  Not used: /home/ec2-user/arduino-testlib/cli-datadir/user/libraries/OneSystemLibrary
  Not used: /home/ec2-user/arduino-testlib/cli-datadir/user/libraries/InkyBoard
</pre>

					
					<h4>examples/InkyBoard_00_functielijst</h4>
					<p>
						Result: <b>PASS</b>
					</p>
					<pre class="pre-scrollable">WARNING: library InkyBoard claims to run on avr architecture(s) and may be incompatible with your current board which runs on megaavr architecture(s).
Sketch uses 6230 bytes (12%) of program storage space. Maximum is 49152 bytes.
Global variables use 456 bytes (7%) of dynamic memory, leaving 5688 bytes for local variables. Maximum is 6144 bytes.
</pre>
					
					<h4>examples/InkyBoard_01_blink</h4>
					<p>
						Result: <b>PASS</b>
					</p>
					<pre class="pre-scrollable">WARNING: library InkyBoard claims to run on avr architecture(s) and may be incompatible with your current board which runs on megaavr architecture(s).
Sketch uses 6308 bytes (12%) of program storage space. Maximum is 49152 bytes.
Global variables use 464 bytes (7%) of dynamic memory, leaving 5680 bytes for local variables. Maximum is 6144 bytes.
</pre>
					
					<h4>examples/InkyBoard_02_button</h4>
					<p>
						Result: <b>PASS</b>
					</p>
					<pre class="pre-scrollable">WARNING: library InkyBoard claims to run on avr architecture(s) and may be incompatible with your current board which runs on megaavr architecture(s).
Sketch uses 6448 bytes (13%) of program storage space. Maximum is 49152 bytes.
Global variables use 464 bytes (7%) of dynamic memory, leaving 5680 bytes for local variables. Maximum is 6144 bytes.
</pre>
					
					<h4>examples/InkyBoard_03_knock</h4>
					<p>
						Result: <b>PASS</b>
					</p>
					<pre class="pre-scrollable">WARNING: library InkyBoard claims to run on avr architecture(s) and may be incompatible with your current board which runs on megaavr architecture(s).
Sketch uses 6723 bytes (13%) of program storage space. Maximum is 49152 bytes.
Global variables use 478 bytes (7%) of dynamic memory, leaving 5666 bytes for local variables. Maximum is 6144 bytes.
</pre>
					
					<h4>examples/InkyBoard_04_servo</h4>
					<p>
						Result: <b>PASS</b>
					</p>
					<pre class="pre-scrollable">WARNING: library InkyBoard claims to run on avr architecture(s) and may be incompatible with your current board which runs on megaavr architecture(s).
Sketch uses 7121 bytes (14%) of program storage space. Maximum is 49152 bytes.
Global variables use 460 bytes (7%) of dynamic memory, leaving 5684 bytes for local variables. Maximum is 6144 bytes.
</pre>
					
					<h4>examples/InkyBoard_05_potmeter</h4>
					<p>
						Result: <b>PASS</b>
					</p>
					<pre class="pre-scrollable">WARNING: library InkyBoard claims to run on avr architecture(s) and may be incompatible with your current board which runs on megaavr architecture(s).
Sketch uses 6741 bytes (13%) of program storage space. Maximum is 49152 bytes.
Global variables use 466 bytes (7%) of dynamic memory, leaving 5678 bytes for local variables. Maximum is 6144 bytes.
</pre>
					
					<h4>examples/InkyBoard_06_rgbLed</h4>
					<p>
						Result: <b>PASS</b>
					</p>
					<pre class="pre-scrollable">WARNING: library InkyBoard claims to run on avr architecture(s) and may be incompatible with your current board which runs on megaavr architecture(s).
Sketch uses 6873 bytes (13%) of program storage space. Maximum is 49152 bytes.
Global variables use 467 bytes (7%) of dynamic memory, leaving 5677 bytes for local variables. Maximum is 6144 bytes.
</pre>
					
					<h4>examples/InkyBoard_07_colorSensor</h4>
					<p>
						Result: <b>PASS</b>
					</p>
					<pre class="pre-scrollable">WARNING: library InkyBoard claims to run on avr architecture(s) and may be incompatible with your current board which runs on megaavr architecture(s).
Sketch uses 8037 bytes (16%) of program storage space. Maximum is 49152 bytes.
Global variables use 482 bytes (7%) of dynamic memory, leaving 5662 bytes for local variables. Maximum is 6144 bytes.
</pre>
					
					<h4>examples/InkyBoard_08_display_showNumbers</h4>
					<p>
						Result: <b>PASS</b>
					</p>
					<pre class="pre-scrollable">WARNING: library InkyBoard claims to run on avr architecture(s) and may be incompatible with your current board which runs on megaavr architecture(s).
Sketch uses 6714 bytes (13%) of program storage space. Maximum is 49152 bytes.
Global variables use 456 bytes (7%) of dynamic memory, leaving 5688 bytes for local variables. Maximum is 6144 bytes.
</pre>
					
					<h4>examples/InkyBoard_09_display_pixel</h4>
					<p>
						Result: <b>PASS</b>
					</p>
					<pre class="pre-scrollable">WARNING: library InkyBoard claims to run on avr architecture(s) and may be incompatible with your current board which runs on megaavr architecture(s).
Sketch uses 6394 bytes (13%) of program storage space. Maximum is 49152 bytes.
Global variables use 456 bytes (7%) of dynamic memory, leaving 5688 bytes for local variables. Maximum is 6144 bytes.
</pre>
					
					<h4>examples/InkyBoard_10_display_image</h4>
					<p>
						Result: <b>PASS</b>
					</p>
					<pre class="pre-scrollable">WARNING: library InkyBoard claims to run on avr architecture(s) and may be incompatible with your current board which runs on megaavr architecture(s).
Sketch uses 7099 bytes (14%) of program storage space. Maximum is 49152 bytes.
Global variables use 460 bytes (7%) of dynamic memory, leaving 5684 bytes for local variables. Maximum is 6144 bytes.
</pre>
					
					<h4>examples/InkyBoard_11_multipe_displays</h4>
					<p>
						Result: <b>FAIL</b>
					</p>
					<pre class="pre-scrollable">/home/ec2-user/arduino-testlib/cli-datadir/user/libraries/InkyBoard/examples/InkyBoard_11_multipe_displays/InkyBoard_11_multipe_displays.ino:62:54: error: no matching function for call to &#39;Display::Display(const int&amp;, const int&amp;, const int&amp;, const int&amp;)&#39;
 Display display = Display(DIN, CLK, LOAD, deviceCount); // init the display
                                                      ^
In file included from /home/ec2-user/arduino-testlib/cli-datadir/user/libraries/InkyBoard/examples/InkyBoard_11_multipe_displays/InkyBoard_11_multipe_displays.ino:4:0:
/home/ec2-user/arduino-testlib/cli-datadir/user/libraries/Grafici-GFX/src/Display.h:9:7: note: candidate: Display::Display()
 class Display
       ^~~~~~~
/home/ec2-user/arduino-testlib/cli-datadir/user/libraries/Grafici-GFX/src/Display.h:9:7: note:   candidate expects 0 arguments, 4 provided
/home/ec2-user/arduino-testlib/cli-datadir/user/libraries/Grafici-GFX/src/Display.h:9:7: note: candidate: constexpr Display::Display(const Display&amp;)
/home/ec2-user/arduino-testlib/cli-datadir/user/libraries/Grafici-GFX/src/Display.h:9:7: note:   candidate expects 1 argument, 4 provided
/home/ec2-user/arduino-testlib/cli-datadir/user/libraries/Grafici-GFX/src/Display.h:9:7: note: candidate: constexpr Display::Display(Display&amp;&amp;)
/home/ec2-user/arduino-testlib/cli-datadir/user/libraries/Grafici-GFX/src/Display.h:9:7: note:   candidate expects 1 argument, 4 provided
/home/ec2-user/arduino-testlib/cli-datadir/user/libraries/InkyBoard/examples/InkyBoard_11_multipe_displays/InkyBoard_11_multipe_displays.ino: In function &#39;void setup()&#39;:
/home/ec2-user/arduino-testlib/cli-datadir/user/libraries/InkyBoard/examples/InkyBoard_11_multipe_displays/InkyBoard_11_multipe_displays.ino:72:13: error: &#39;class Display&#39; has no member named &#39;changeDevice&#39;
     display.changeDevice(i).init(false);
             ^~~~~~~~~~~~
/home/ec2-user/arduino-testlib/cli-datadir/user/libraries/InkyBoard/examples/InkyBoard_11_multipe_displays/InkyBoard_11_multipe_displays.ino:74:11: error: &#39;class Display&#39; has no member named &#39;setAutoSend&#39;
   display.setAutoSend(false); // don&#39;t send after each command but buildup all displays and send in one go
           ^~~~~~~~~~~
/home/ec2-user/arduino-testlib/cli-datadir/user/libraries/InkyBoard/examples/InkyBoard_11_multipe_displays/InkyBoard_11_multipe_displays.ino: In function &#39;void loop()&#39;:
/home/ec2-user/arduino-testlib/cli-datadir/user/libraries/InkyBoard/examples/InkyBoard_11_multipe_displays/InkyBoard_11_multipe_displays.ino:86:13: error: &#39;class Display&#39; has no member named &#39;d&#39;
     display.d(0).number(time.hours / 10); // display.d() is the same as display.changeDevice()
             ^
/home/ec2-user/arduino-testlib/cli-datadir/user/libraries/InkyBoard/examples/InkyBoard_11_multipe_displays/InkyBoard_11_multipe_displays.ino:87:13: error: &#39;class Display&#39; has no member named &#39;d&#39;
     display.d(1).number(time.hours % 10);
             ^
/home/ec2-user/arduino-testlib/cli-datadir/user/libraries/InkyBoard/examples/InkyBoard_11_multipe_displays/InkyBoard_11_multipe_displays.ino:88:13: error: &#39;class Display&#39; has no member named &#39;d&#39;
     display.d(3).number(time.minutes / 10);
             ^
/home/ec2-user/arduino-testlib/cli-datadir/user/libraries/InkyBoard/examples/InkyBoard_11_multipe_displays/InkyBoard_11_multipe_displays.ino:89:13: error: &#39;class Display&#39; has no member named &#39;d&#39;
     display.d(4).number(time.minutes % 10);
             ^
/home/ec2-user/arduino-testlib/cli-datadir/user/libraries/InkyBoard/examples/InkyBoard_11_multipe_displays/InkyBoard_11_multipe_displays.ino:90:13: error: &#39;class Display&#39; has no member named &#39;d&#39;
     display.d(2).image(dots);
             ^
/home/ec2-user/arduino-testlib/cli-datadir/user/libraries/InkyBoard/examples/InkyBoard_11_multipe_displays/InkyBoard_11_multipe_displays.ino:93:15: error: &#39;class Display&#39; has no member named &#39;d&#39;
       display.d(6).number(time.seconds / 10);
               ^
/home/ec2-user/arduino-testlib/cli-datadir/user/libraries/InkyBoard/examples/InkyBoard_11_multipe_displays/InkyBoard_11_multipe_displays.ino:94:15: error: &#39;class Display&#39; has no member named &#39;d&#39;
       display.d(7).number(time.seconds % 10);
               ^
/home/ec2-user/arduino-testlib/cli-datadir/user/libraries/InkyBoard/examples/InkyBoard_11_multipe_displays/InkyBoard_11_multipe_displays.ino:95:15: error: &#39;class Display&#39; has no member named &#39;d&#39;
       display.d(5).image(dots);
               ^
/home/ec2-user/arduino-testlib/cli-datadir/user/libraries/InkyBoard/examples/InkyBoard_11_multipe_displays/InkyBoard_11_multipe_displays.ino:99:15: error: &#39;class Display&#39; has no member named &#39;d&#39;
       display.d(i).rotate(display.ROTATE_90); // rotate the displays
               ^
/home/ec2-user/arduino-testlib/cli-datadir/user/libraries/InkyBoard/examples/InkyBoard_11_multipe_displays/InkyBoard_11_multipe_displays.ino:99:35: error: &#39;class Display&#39; has no member named &#39;ROTATE_90&#39;
       display.d(i).rotate(display.ROTATE_90); // rotate the displays
                                   ^~~~~~~~~
/home/ec2-user/arduino-testlib/cli-datadir/user/libraries/InkyBoard/examples/InkyBoard_11_multipe_displays/InkyBoard_11_multipe_displays.ino:103:13: error: &#39;class Display&#39; has no member named &#39;send&#39;
     display.send();
             ^~~~
/home/ec2-user/arduino-testlib/cli-datadir/user/libraries/InkyBoard/examples/InkyBoard_11_multipe_displays/InkyBoard_11_multipe_displays.ino:106:13: error: &#39;class Display&#39; has no member named &#39;d&#39;
     display.d(2).clear();
             ^
/home/ec2-user/arduino-testlib/cli-datadir/user/libraries/InkyBoard/examples/InkyBoard_11_multipe_displays/InkyBoard_11_multipe_displays.ino:108:15: error: &#39;class Display&#39; has no member named &#39;d&#39;
       display.d(5).clear();
               ^
/home/ec2-user/arduino-testlib/cli-datadir/user/libraries/InkyBoard/examples/InkyBoard_11_multipe_displays/InkyBoard_11_multipe_displays.ino:111:13: error: &#39;class Display&#39; has no member named &#39;send&#39;
     display.send();
             ^~~~
Multiple libraries were found for &#34;Display.h&#34;
  Used: /home/ec2-user/arduino-testlib/cli-datadir/user/libraries/Grafici-GFX
  Not used: /home/ec2-user/arduino-testlib/cli-datadir/user/libraries/OneSystemLibrary
  Not used: /home/ec2-user/arduino-testlib/cli-datadir/user/libraries/InkyBoard
  Not used: /home/ec2-user/arduino-testlib/cli-datadir/user/libraries/AceMenu
</pre>
					
					<h4>examples/InkyBoard_12_game_snake</h4>
					<p>
						Result: <b>PASS</b>
					</p>
					<pre class="pre-scrollable">WARNING: library InkyBoard claims to run on avr architecture(s) and may be incompatible with your current board which runs on megaavr architecture(s).
Sketch uses 9467 bytes (19%) of program storage space. Maximum is 49152 bytes.
Global variables use 750 bytes (12%) of dynamic memory, leaving 5394 bytes for local variables. Maximum is 6144 bytes.
</pre>
					
					<h4>examples/InkyBoard_13_game_simon_says</h4>
					<p>
						Result: <b>PASS</b>
					</p>
					<pre class="pre-scrollable">WARNING: library InkyBoard claims to run on avr architecture(s) and may be incompatible with your current board which runs on megaavr architecture(s).
Sketch uses 7665 bytes (15%) of program storage space. Maximum is 49152 bytes.
Global variables use 504 bytes (8%) of dynamic memory, leaving 5640 bytes for local variables. Maximum is 6144 bytes.
</pre>
					
					<h4>examples/InkyBoard_14_demo</h4>
					<p>
						Result: <b>PASS</b>
					</p>
					<pre class="pre-scrollable">WARNING: library InkyBoard claims to run on avr architecture(s) and may be incompatible with your current board which runs on megaavr architecture(s).
Sketch uses 8581 bytes (17%) of program storage space. Maximum is 49152 bytes.
Global variables use 507 bytes (8%) of dynamic memory, leaving 5637 bytes for local variables. Maximum is 6144 bytes.
</pre>
					
				
				<h3 id="arduino:samd:mkrwifi1010">arduino:samd:mkrwifi1010 @ 1.8.12</h3>
				<h4>Inclusion</h4>
				<p>
					Result: <b>FAIL</b>
					
				</p>
				<pre class="pre-scrollable">WARNING: library InkyBoard claims to run on avr architecture(s) and may be incompatible with your current board which runs on samd architecture(s).
In file included from /home/ec2-user/arduino-testlib/cli-datadir/user/libraries/InkyBoard/src/InkyBoard.h:24:0,
                 from /tmp/arduino-testlib3432589465/test/test.ino:3:
/home/ec2-user/arduino-testlib/cli-datadir/user/libraries/InkyBoard/src/Display.h:200:7: error: redefinition of &#39;class Display&#39;
 class Display{
       ^~~~~~~
In file included from /tmp/arduino-testlib3432589465/test/test.ino:2:0:
/home/ec2-user/arduino-testlib/cli-datadir/user/libraries/Grafici-GFX/src/Display.h:9:7: note: previous definition of &#39;class Display&#39;
 class Display
       ^~~~~~~
In file included from /tmp/arduino-testlib3432589465/test/test.ino:3:0:
/home/ec2-user/arduino-testlib/cli-datadir/user/libraries/InkyBoard/src/InkyBoard.h:148:24: error: &#39;A7&#39; was not declared in this scope
     const int pKnock = A7;
                        ^~
/home/ec2-user/arduino-testlib/cli-datadir/user/libraries/InkyBoard/src/InkyBoard.h:148:24: note: suggested alternative: &#39;A6&#39;
     const int pKnock = A7;
                        ^~
                        A6
Multiple libraries were found for &#34;Servo.h&#34;
  Used: /home/ec2-user/arduino-testlib/cli-datadir/user/libraries/Servo
  Not used: /home/ec2-user/arduino-testlib/cli-datadir/user/libraries/evive
  Not used: /home/ec2-user/arduino-testlib/cli-datadir/user/libraries/RokitSmart
  Not used: /home/ec2-user/arduino-testlib/cli-datadir/user/libraries/XMC_Servo
  Not used: /home/ec2-user/arduino-testlib/cli-datadir/user/libraries/ServoESP32
  Not used: /home/ec2-user/arduino-testlib/cli-datadir/user/libraries/Printoo_Library
Multiple libraries were found for &#34;Display.h&#34;
  Used: /home/ec2-user/arduino-testlib/cli-datadir/user/libraries/Grafici-GFX
  Not used: /home/ec2-user/arduino-testlib/cli-datadir/user/libraries/AceMenu
  Not used: /home/ec2-user/arduino-testlib/cli-datadir/user/libraries/InkyBoard
  Not used: /home/ec2-user/arduino-testlib/cli-datadir/user/libraries/OneSystemLibrary
</pre>

					
					<h4>examples/InkyBoard_00_functielijst</h4>
					<p>
						Result: <b>FAIL</b>
					</p>
					<pre class="pre-scrollable">WARNING: library InkyBoard claims to run on avr architecture(s) and may be incompatible with your current board which runs on samd architecture(s).
In file included from /home/ec2-user/arduino-testlib/cli-datadir/user/libraries/InkyBoard/examples/InkyBoard_00_functielijst/InkyBoard_00_functielijst.ino:10:0:
/home/ec2-user/arduino-testlib/cli-datadir/user/libraries/InkyBoard/src/InkyBoard.h:148:24: error: &#39;A7&#39; was not declared in this scope
     const int pKnock = A7;
                        ^~
/home/ec2-user/arduino-testlib/cli-datadir/user/libraries/InkyBoard/src/InkyBoard.h:148:24: note: suggested alternative: &#39;A6&#39;
     const int pKnock = A7;
                        ^~
                        A6
/home/ec2-user/arduino-testlib/cli-datadir/user/libraries/InkyBoard/examples/InkyBoard_00_functielijst/InkyBoard_00_functielijst.ino:114:20: error: &#39;A7&#39; was not declared in this scope
 const int pKnock = A7;
                    ^~
/home/ec2-user/arduino-testlib/cli-datadir/user/libraries/InkyBoard/examples/InkyBoard_00_functielijst/InkyBoard_00_functielijst.ino:114:20: note: suggested alternative: &#39;A6&#39;
 const int pKnock = A7;
                    ^~
                    A6
Multiple libraries were found for &#34;Servo.h&#34;
  Used: /home/ec2-user/arduino-testlib/cli-datadir/user/libraries/Servo
  Not used: /home/ec2-user/arduino-testlib/cli-datadir/user/libraries/XMC_Servo
  Not used: /home/ec2-user/arduino-testlib/cli-datadir/user/libraries/Printoo_Library
  Not used: /home/ec2-user/arduino-testlib/cli-datadir/user/libraries/RokitSmart
  Not used: /home/ec2-user/arduino-testlib/cli-datadir/user/libraries/ServoESP32
  Not used: /home/ec2-user/arduino-testlib/cli-datadir/user/libraries/evive
</pre>
					
					<h4>examples/InkyBoard_01_blink</h4>
					<p>
						Result: <b>FAIL</b>
					</p>
					<pre class="pre-scrollable">WARNING: library InkyBoard claims to run on avr architecture(s) and may be incompatible with your current board which runs on samd architecture(s).
In file included from /home/ec2-user/arduino-testlib/cli-datadir/user/libraries/InkyBoard/examples/InkyBoard_01_blink/InkyBoard_01_blink.ino:7:0:
/home/ec2-user/arduino-testlib/cli-datadir/user/libraries/InkyBoard/src/InkyBoard.h:148:24: error: &#39;A7&#39; was not declared in this scope
     const int pKnock = A7;
                        ^~
/home/ec2-user/arduino-testlib/cli-datadir/user/libraries/InkyBoard/src/InkyBoard.h:148:24: note: suggested alternative: &#39;A6&#39;
     const int pKnock = A7;
                        ^~
                        A6
Multiple libraries were found for &#34;Servo.h&#34;
  Used: /home/ec2-user/arduino-testlib/cli-datadir/user/libraries/Servo
  Not used: /home/ec2-user/arduino-testlib/cli-datadir/user/libraries/XMC_Servo
  Not used: /home/ec2-user/arduino-testlib/cli-datadir/user/libraries/evive
  Not used: /home/ec2-user/arduino-testlib/cli-datadir/user/libraries/Printoo_Library
  Not used: /home/ec2-user/arduino-testlib/cli-datadir/user/libraries/ServoESP32
  Not used: /home/ec2-user/arduino-testlib/cli-datadir/user/libraries/RokitSmart
</pre>
					
					<h4>examples/InkyBoard_02_button</h4>
					<p>
						Result: <b>FAIL</b>
					</p>
					<pre class="pre-scrollable">WARNING: library InkyBoard claims to run on avr architecture(s) and may be incompatible with your current board which runs on samd architecture(s).
In file included from /home/ec2-user/arduino-testlib/cli-datadir/user/libraries/InkyBoard/examples/InkyBoard_02_button/InkyBoard_02_button.ino:9:0:
/home/ec2-user/arduino-testlib/cli-datadir/user/libraries/InkyBoard/src/InkyBoard.h:148:24: error: &#39;A7&#39; was not declared in this scope
     const int pKnock = A7;
                        ^~
/home/ec2-user/arduino-testlib/cli-datadir/user/libraries/InkyBoard/src/InkyBoard.h:148:24: note: suggested alternative: &#39;A6&#39;
     const int pKnock = A7;
                        ^~
                        A6
Multiple libraries were found for &#34;Servo.h&#34;
  Used: /home/ec2-user/arduino-testlib/cli-datadir/user/libraries/Servo
  Not used: /home/ec2-user/arduino-testlib/cli-datadir/user/libraries/XMC_Servo
  Not used: /home/ec2-user/arduino-testlib/cli-datadir/user/libraries/ServoESP32
  Not used: /home/ec2-user/arduino-testlib/cli-datadir/user/libraries/Printoo_Library
  Not used: /home/ec2-user/arduino-testlib/cli-datadir/user/libraries/RokitSmart
  Not used: /home/ec2-user/arduino-testlib/cli-datadir/user/libraries/evive
</pre>
					
					<h4>examples/InkyBoard_03_knock</h4>
					<p>
						Result: <b>FAIL</b>
					</p>
					<pre class="pre-scrollable">WARNING: library InkyBoard claims to run on avr architecture(s) and may be incompatible with your current board which runs on samd architecture(s).
In file included from /home/ec2-user/arduino-testlib/cli-datadir/user/libraries/InkyBoard/examples/InkyBoard_03_knock/InkyBoard_03_knock.ino:8:0:
/home/ec2-user/arduino-testlib/cli-datadir/user/libraries/InkyBoard/src/InkyBoard.h:148:24: error: &#39;A7&#39; was not declared in this scope
     const int pKnock = A7;
                        ^~
/home/ec2-user/arduino-testlib/cli-datadir/user/libraries/InkyBoard/src/InkyBoard.h:148:24: note: suggested alternative: &#39;A6&#39;
     const int pKnock = A7;
                        ^~
                        A6
Multiple libraries were found for &#34;Servo.h&#34;
  Used: /home/ec2-user/arduino-testlib/cli-datadir/user/libraries/Servo
  Not used: /home/ec2-user/arduino-testlib/cli-datadir/user/libraries/XMC_Servo
  Not used: /home/ec2-user/arduino-testlib/cli-datadir/user/libraries/Printoo_Library
  Not used: /home/ec2-user/arduino-testlib/cli-datadir/user/libraries/evive
  Not used: /home/ec2-user/arduino-testlib/cli-datadir/user/libraries/RokitSmart
  Not used: /home/ec2-user/arduino-testlib/cli-datadir/user/libraries/ServoESP32
</pre>
					
					<h4>examples/InkyBoard_04_servo</h4>
					<p>
						Result: <b>FAIL</b>
					</p>
					<pre class="pre-scrollable">WARNING: library InkyBoard claims to run on avr architecture(s) and may be incompatible with your current board which runs on samd architecture(s).
In file included from /home/ec2-user/arduino-testlib/cli-datadir/user/libraries/InkyBoard/examples/InkyBoard_04_servo/InkyBoard_04_servo.ino:7:0:
/home/ec2-user/arduino-testlib/cli-datadir/user/libraries/InkyBoard/src/InkyBoard.h:148:24: error: &#39;A7&#39; was not declared in this scope
     const int pKnock = A7;
                        ^~
/home/ec2-user/arduino-testlib/cli-datadir/user/libraries/InkyBoard/src/InkyBoard.h:148:24: note: suggested alternative: &#39;A6&#39;
     const int pKnock = A7;
                        ^~
                        A6
Multiple libraries were found for &#34;Servo.h&#34;
  Used: /home/ec2-user/arduino-testlib/cli-datadir/user/libraries/Servo
  Not used: /home/ec2-user/arduino-testlib/cli-datadir/user/libraries/XMC_Servo
  Not used: /home/ec2-user/arduino-testlib/cli-datadir/user/libraries/Printoo_Library
  Not used: /home/ec2-user/arduino-testlib/cli-datadir/user/libraries/RokitSmart
  Not used: /home/ec2-user/arduino-testlib/cli-datadir/user/libraries/ServoESP32
  Not used: /home/ec2-user/arduino-testlib/cli-datadir/user/libraries/evive
</pre>
					
					<h4>examples/InkyBoard_05_potmeter</h4>
					<p>
						Result: <b>FAIL</b>
					</p>
					<pre class="pre-scrollable">WARNING: library InkyBoard claims to run on avr architecture(s) and may be incompatible with your current board which runs on samd architecture(s).
In file included from /home/ec2-user/arduino-testlib/cli-datadir/user/libraries/InkyBoard/examples/InkyBoard_05_potmeter/InkyBoard_05_potmeter.ino:7:0:
/home/ec2-user/arduino-testlib/cli-datadir/user/libraries/InkyBoard/src/InkyBoard.h:148:24: error: &#39;A7&#39; was not declared in this scope
     const int pKnock = A7;
                        ^~
/home/ec2-user/arduino-testlib/cli-datadir/user/libraries/InkyBoard/src/InkyBoard.h:148:24: note: suggested alternative: &#39;A6&#39;
     const int pKnock = A7;
                        ^~
                        A6
Multiple libraries were found for &#34;Servo.h&#34;
  Used: /home/ec2-user/arduino-testlib/cli-datadir/user/libraries/Servo
  Not used: /home/ec2-user/arduino-testlib/cli-datadir/user/libraries/XMC_Servo
  Not used: /home/ec2-user/arduino-testlib/cli-datadir/user/libraries/ServoESP32
  Not used: /home/ec2-user/arduino-testlib/cli-datadir/user/libraries/RokitSmart
  Not used: /home/ec2-user/arduino-testlib/cli-datadir/user/libraries/Printoo_Library
  Not used: /home/ec2-user/arduino-testlib/cli-datadir/user/libraries/evive
</pre>
					
					<h4>examples/InkyBoard_06_rgbLed</h4>
					<p>
						Result: <b>FAIL</b>
					</p>
					<pre class="pre-scrollable">WARNING: library InkyBoard claims to run on avr architecture(s) and may be incompatible with your current board which runs on samd architecture(s).
In file included from /home/ec2-user/arduino-testlib/cli-datadir/user/libraries/InkyBoard/examples/InkyBoard_06_rgbLed/InkyBoard_06_rgbLed.ino:7:0:
/home/ec2-user/arduino-testlib/cli-datadir/user/libraries/InkyBoard/src/InkyBoard.h:148:24: error: &#39;A7&#39; was not declared in this scope
     const int pKnock = A7;
                        ^~
/home/ec2-user/arduino-testlib/cli-datadir/user/libraries/InkyBoard/src/InkyBoard.h:148:24: note: suggested alternative: &#39;A6&#39;
     const int pKnock = A7;
                        ^~
                        A6
Multiple libraries were found for &#34;Servo.h&#34;
  Used: /home/ec2-user/arduino-testlib/cli-datadir/user/libraries/Servo
  Not used: /home/ec2-user/arduino-testlib/cli-datadir/user/libraries/Printoo_Library
  Not used: /home/ec2-user/arduino-testlib/cli-datadir/user/libraries/ServoESP32
  Not used: /home/ec2-user/arduino-testlib/cli-datadir/user/libraries/XMC_Servo
  Not used: /home/ec2-user/arduino-testlib/cli-datadir/user/libraries/evive
  Not used: /home/ec2-user/arduino-testlib/cli-datadir/user/libraries/RokitSmart
</pre>
					
					<h4>examples/InkyBoard_07_colorSensor</h4>
					<p>
						Result: <b>FAIL</b>
					</p>
					<pre class="pre-scrollable">WARNING: library InkyBoard claims to run on avr architecture(s) and may be incompatible with your current board which runs on samd architecture(s).
In file included from /home/ec2-user/arduino-testlib/cli-datadir/user/libraries/InkyBoard/examples/InkyBoard_07_colorSensor/InkyBoard_07_colorSensor.ino:7:0:
/home/ec2-user/arduino-testlib/cli-datadir/user/libraries/InkyBoard/src/InkyBoard.h:148:24: error: &#39;A7&#39; was not declared in this scope
     const int pKnock = A7;
                        ^~
/home/ec2-user/arduino-testlib/cli-datadir/user/libraries/InkyBoard/src/InkyBoard.h:148:24: note: suggested alternative: &#39;A6&#39;
     const int pKnock = A7;
                        ^~
                        A6
Multiple libraries were found for &#34;Servo.h&#34;
  Used: /home/ec2-user/arduino-testlib/cli-datadir/user/libraries/Servo
  Not used: /home/ec2-user/arduino-testlib/cli-datadir/user/libraries/Printoo_Library
  Not used: /home/ec2-user/arduino-testlib/cli-datadir/user/libraries/XMC_Servo
  Not used: /home/ec2-user/arduino-testlib/cli-datadir/user/libraries/evive
  Not used: /home/ec2-user/arduino-testlib/cli-datadir/user/libraries/RokitSmart
  Not used: /home/ec2-user/arduino-testlib/cli-datadir/user/libraries/ServoESP32
</pre>
					
					<h4>examples/InkyBoard_08_display_showNumbers</h4>
					<p>
						Result: <b>FAIL</b>
					</p>
					<pre class="pre-scrollable">WARNING: library InkyBoard claims to run on avr architecture(s) and may be incompatible with your current board which runs on samd architecture(s).
In file included from /home/ec2-user/arduino-testlib/cli-datadir/user/libraries/InkyBoard/examples/InkyBoard_08_display_showNumbers/InkyBoard_08_display_showNumbers.ino:2:0:
/home/ec2-user/arduino-testlib/cli-datadir/user/libraries/InkyBoard/src/InkyBoard.h:148:24: error: &#39;A7&#39; was not declared in this scope
     const int pKnock = A7;
                        ^~
/home/ec2-user/arduino-testlib/cli-datadir/user/libraries/InkyBoard/src/InkyBoard.h:148:24: note: suggested alternative: &#39;A6&#39;
     const int pKnock = A7;
                        ^~
                        A6
Multiple libraries were found for &#34;Servo.h&#34;
  Used: /home/ec2-user/arduino-testlib/cli-datadir/user/libraries/Servo
  Not used: /home/ec2-user/arduino-testlib/cli-datadir/user/libraries/RokitSmart
  Not used: /home/ec2-user/arduino-testlib/cli-datadir/user/libraries/evive
  Not used: /home/ec2-user/arduino-testlib/cli-datadir/user/libraries/ServoESP32
  Not used: /home/ec2-user/arduino-testlib/cli-datadir/user/libraries/Printoo_Library
  Not used: /home/ec2-user/arduino-testlib/cli-datadir/user/libraries/XMC_Servo
</pre>
					
					<h4>examples/InkyBoard_09_display_pixel</h4>
					<p>
						Result: <b>FAIL</b>
					</p>
					<pre class="pre-scrollable">WARNING: library InkyBoard claims to run on avr architecture(s) and may be incompatible with your current board which runs on samd architecture(s).
In file included from /home/ec2-user/arduino-testlib/cli-datadir/user/libraries/InkyBoard/examples/InkyBoard_09_display_pixel/InkyBoard_09_display_pixel.ino:6:0:
/home/ec2-user/arduino-testlib/cli-datadir/user/libraries/InkyBoard/src/InkyBoard.h:148:24: error: &#39;A7&#39; was not declared in this scope
     const int pKnock = A7;
                        ^~
/home/ec2-user/arduino-testlib/cli-datadir/user/libraries/InkyBoard/src/InkyBoard.h:148:24: note: suggested alternative: &#39;A6&#39;
     const int pKnock = A7;
                        ^~
                        A6
Multiple libraries were found for &#34;Servo.h&#34;
  Used: /home/ec2-user/arduino-testlib/cli-datadir/user/libraries/Servo
  Not used: /home/ec2-user/arduino-testlib/cli-datadir/user/libraries/Printoo_Library
  Not used: /home/ec2-user/arduino-testlib/cli-datadir/user/libraries/RokitSmart
  Not used: /home/ec2-user/arduino-testlib/cli-datadir/user/libraries/ServoESP32
  Not used: /home/ec2-user/arduino-testlib/cli-datadir/user/libraries/XMC_Servo
  Not used: /home/ec2-user/arduino-testlib/cli-datadir/user/libraries/evive
</pre>
					
					<h4>examples/InkyBoard_10_display_image</h4>
					<p>
						Result: <b>FAIL</b>
					</p>
					<pre class="pre-scrollable">WARNING: library InkyBoard claims to run on avr architecture(s) and may be incompatible with your current board which runs on samd architecture(s).
In file included from /home/ec2-user/arduino-testlib/cli-datadir/user/libraries/InkyBoard/examples/InkyBoard_10_display_image/InkyBoard_10_display_image.ino:6:0:
/home/ec2-user/arduino-testlib/cli-datadir/user/libraries/InkyBoard/src/InkyBoard.h:148:24: error: &#39;A7&#39; was not declared in this scope
     const int pKnock = A7;
                        ^~
/home/ec2-user/arduino-testlib/cli-datadir/user/libraries/InkyBoard/src/InkyBoard.h:148:24: note: suggested alternative: &#39;A6&#39;
     const int pKnock = A7;
                        ^~
                        A6
Multiple libraries were found for &#34;Servo.h&#34;
  Used: /home/ec2-user/arduino-testlib/cli-datadir/user/libraries/Servo
  Not used: /home/ec2-user/arduino-testlib/cli-datadir/user/libraries/Printoo_Library
  Not used: /home/ec2-user/arduino-testlib/cli-datadir/user/libraries/evive
  Not used: /home/ec2-user/arduino-testlib/cli-datadir/user/libraries/RokitSmart
  Not used: /home/ec2-user/arduino-testlib/cli-datadir/user/libraries/XMC_Servo
  Not used: /home/ec2-user/arduino-testlib/cli-datadir/user/libraries/ServoESP32
</pre>
					
					<h4>examples/InkyBoard_11_multipe_displays</h4>
					<p>
						Result: <b>FAIL</b>
					</p>
					<pre class="pre-scrollable">/home/ec2-user/arduino-testlib/cli-datadir/user/libraries/InkyBoard/examples/InkyBoard_11_multipe_displays/InkyBoard_11_multipe_displays.ino:62:54: error: no matching function for call to &#39;Display::Display(const int&amp;, const int&amp;, const int&amp;, const int&amp;)&#39;
 Display display = Display(DIN, CLK, LOAD, deviceCount); // init the display
                                                      ^
In file included from /home/ec2-user/arduino-testlib/cli-datadir/user/libraries/InkyBoard/examples/InkyBoard_11_multipe_displays/InkyBoard_11_multipe_displays.ino:4:0:
/home/ec2-user/arduino-testlib/cli-datadir/user/libraries/Grafici-GFX/src/Display.h:9:7: note: candidate: Display::Display()
 class Display
       ^~~~~~~
/home/ec2-user/arduino-testlib/cli-datadir/user/libraries/Grafici-GFX/src/Display.h:9:7: note:   candidate expects 0 arguments, 4 provided
/home/ec2-user/arduino-testlib/cli-datadir/user/libraries/Grafici-GFX/src/Display.h:9:7: note: candidate: constexpr Display::Display(const Display&amp;)
/home/ec2-user/arduino-testlib/cli-datadir/user/libraries/Grafici-GFX/src/Display.h:9:7: note:   candidate expects 1 argument, 4 provided
/home/ec2-user/arduino-testlib/cli-datadir/user/libraries/Grafici-GFX/src/Display.h:9:7: note: candidate: constexpr Display::Display(Display&amp;&amp;)
/home/ec2-user/arduino-testlib/cli-datadir/user/libraries/Grafici-GFX/src/Display.h:9:7: note:   candidate expects 1 argument, 4 provided
/home/ec2-user/arduino-testlib/cli-datadir/user/libraries/InkyBoard/examples/InkyBoard_11_multipe_displays/InkyBoard_11_multipe_displays.ino: In function &#39;void setup()&#39;:
/home/ec2-user/arduino-testlib/cli-datadir/user/libraries/InkyBoard/examples/InkyBoard_11_multipe_displays/InkyBoard_11_multipe_displays.ino:72:13: error: &#39;class Display&#39; has no member named &#39;changeDevice&#39;
     display.changeDevice(i).init(false);
             ^~~~~~~~~~~~
/home/ec2-user/arduino-testlib/cli-datadir/user/libraries/InkyBoard/examples/InkyBoard_11_multipe_displays/InkyBoard_11_multipe_displays.ino:74:11: error: &#39;class Display&#39; has no member named &#39;setAutoSend&#39;
   display.setAutoSend(false); // don&#39;t send after each command but buildup all displays and send in one go
           ^~~~~~~~~~~
/home/ec2-user/arduino-testlib/cli-datadir/user/libraries/InkyBoard/examples/InkyBoard_11_multipe_displays/InkyBoard_11_multipe_displays.ino: In function &#39;void loop()&#39;:
/home/ec2-user/arduino-testlib/cli-datadir/user/libraries/InkyBoard/examples/InkyBoard_11_multipe_displays/InkyBoard_11_multipe_displays.ino:86:13: error: &#39;class Display&#39; has no member named &#39;d&#39;
     display.d(0).number(time.hours / 10); // display.d() is the same as display.changeDevice()
             ^
/home/ec2-user/arduino-testlib/cli-datadir/user/libraries/InkyBoard/examples/InkyBoard_11_multipe_displays/InkyBoard_11_multipe_displays.ino:87:13: error: &#39;class Display&#39; has no member named &#39;d&#39;
     display.d(1).number(time.hours % 10);
             ^
/home/ec2-user/arduino-testlib/cli-datadir/user/libraries/InkyBoard/examples/InkyBoard_11_multipe_displays/InkyBoard_11_multipe_displays.ino:88:13: error: &#39;class Display&#39; has no member named &#39;d&#39;
     display.d(3).number(time.minutes / 10);
             ^
/home/ec2-user/arduino-testlib/cli-datadir/user/libraries/InkyBoard/examples/InkyBoard_11_multipe_displays/InkyBoard_11_multipe_displays.ino:89:13: error: &#39;class Display&#39; has no member named &#39;d&#39;
     display.d(4).number(time.minutes % 10);
             ^
/home/ec2-user/arduino-testlib/cli-datadir/user/libraries/InkyBoard/examples/InkyBoard_11_multipe_displays/InkyBoard_11_multipe_displays.ino:90:13: error: &#39;class Display&#39; has no member named &#39;d&#39;
     display.d(2).image(dots);
             ^
/home/ec2-user/arduino-testlib/cli-datadir/user/libraries/InkyBoard/examples/InkyBoard_11_multipe_displays/InkyBoard_11_multipe_displays.ino:93:15: error: &#39;class Display&#39; has no member named &#39;d&#39;
       display.d(6).number(time.seconds / 10);
               ^
/home/ec2-user/arduino-testlib/cli-datadir/user/libraries/InkyBoard/examples/InkyBoard_11_multipe_displays/InkyBoard_11_multipe_displays.ino:94:15: error: &#39;class Display&#39; has no member named &#39;d&#39;
       display.d(7).number(time.seconds % 10);
               ^
/home/ec2-user/arduino-testlib/cli-datadir/user/libraries/InkyBoard/examples/InkyBoard_11_multipe_displays/InkyBoard_11_multipe_displays.ino:95:15: error: &#39;class Display&#39; has no member named &#39;d&#39;
       display.d(5).image(dots);
               ^
/home/ec2-user/arduino-testlib/cli-datadir/user/libraries/InkyBoard/examples/InkyBoard_11_multipe_displays/InkyBoard_11_multipe_displays.ino:99:15: error: &#39;class Display&#39; has no member named &#39;d&#39;
       display.d(i).rotate(display.ROTATE_90); // rotate the displays
               ^
/home/ec2-user/arduino-testlib/cli-datadir/user/libraries/InkyBoard/examples/InkyBoard_11_multipe_displays/InkyBoard_11_multipe_displays.ino:99:35: error: &#39;class Display&#39; has no member named &#39;ROTATE_90&#39;
       display.d(i).rotate(display.ROTATE_90); // rotate the displays
                                   ^~~~~~~~~
/home/ec2-user/arduino-testlib/cli-datadir/user/libraries/InkyBoard/examples/InkyBoard_11_multipe_displays/InkyBoard_11_multipe_displays.ino:103:13: error: &#39;class Display&#39; has no member named &#39;send&#39;
     display.send();
             ^~~~
/home/ec2-user/arduino-testlib/cli-datadir/user/libraries/InkyBoard/examples/InkyBoard_11_multipe_displays/InkyBoard_11_multipe_displays.ino:106:13: error: &#39;class Display&#39; has no member named &#39;d&#39;
     display.d(2).clear();
             ^
/home/ec2-user/arduino-testlib/cli-datadir/user/libraries/InkyBoard/examples/InkyBoard_11_multipe_displays/InkyBoard_11_multipe_displays.ino:108:15: error: &#39;class Display&#39; has no member named &#39;d&#39;
       display.d(5).clear();
               ^
/home/ec2-user/arduino-testlib/cli-datadir/user/libraries/InkyBoard/examples/InkyBoard_11_multipe_displays/InkyBoard_11_multipe_displays.ino:111:13: error: &#39;class Display&#39; has no member named &#39;send&#39;
     display.send();
             ^~~~
Multiple libraries were found for &#34;Display.h&#34;
  Used: /home/ec2-user/arduino-testlib/cli-datadir/user/libraries/Grafici-GFX
  Not used: /home/ec2-user/arduino-testlib/cli-datadir/user/libraries/OneSystemLibrary
  Not used: /home/ec2-user/arduino-testlib/cli-datadir/user/libraries/AceMenu
  Not used: /home/ec2-user/arduino-testlib/cli-datadir/user/libraries/InkyBoard
</pre>
					
					<h4>examples/InkyBoard_12_game_snake</h4>
					<p>
						Result: <b>FAIL</b>
					</p>
					<pre class="pre-scrollable">WARNING: library InkyBoard claims to run on avr architecture(s) and may be incompatible with your current board which runs on samd architecture(s).
In file included from /home/ec2-user/arduino-testlib/cli-datadir/user/libraries/InkyBoard/examples/InkyBoard_12_game_snake/InkyBoard_12_game_snake.ino:2:0:
/home/ec2-user/arduino-testlib/cli-datadir/user/libraries/InkyBoard/src/InkyBoard.h:148:24: error: &#39;A7&#39; was not declared in this scope
     const int pKnock = A7;
                        ^~
/home/ec2-user/arduino-testlib/cli-datadir/user/libraries/InkyBoard/src/InkyBoard.h:148:24: note: suggested alternative: &#39;A6&#39;
     const int pKnock = A7;
                        ^~
                        A6
Multiple libraries were found for &#34;Servo.h&#34;
  Used: /home/ec2-user/arduino-testlib/cli-datadir/user/libraries/Servo
  Not used: /home/ec2-user/arduino-testlib/cli-datadir/user/libraries/XMC_Servo
  Not used: /home/ec2-user/arduino-testlib/cli-datadir/user/libraries/Printoo_Library
  Not used: /home/ec2-user/arduino-testlib/cli-datadir/user/libraries/ServoESP32
  Not used: /home/ec2-user/arduino-testlib/cli-datadir/user/libraries/evive
  Not used: /home/ec2-user/arduino-testlib/cli-datadir/user/libraries/RokitSmart
</pre>
					
					<h4>examples/InkyBoard_13_game_simon_says</h4>
					<p>
						Result: <b>FAIL</b>
					</p>
					<pre class="pre-scrollable">WARNING: library InkyBoard claims to run on avr architecture(s) and may be incompatible with your current board which runs on samd architecture(s).
In file included from /home/ec2-user/arduino-testlib/cli-datadir/user/libraries/InkyBoard/examples/InkyBoard_13_game_simon_says/InkyBoard_13_game_simon_says.ino:2:0:
/home/ec2-user/arduino-testlib/cli-datadir/user/libraries/InkyBoard/src/InkyBoard.h:148:24: error: &#39;A7&#39; was not declared in this scope
     const int pKnock = A7;
                        ^~
/home/ec2-user/arduino-testlib/cli-datadir/user/libraries/InkyBoard/src/InkyBoard.h:148:24: note: suggested alternative: &#39;A6&#39;
     const int pKnock = A7;
                        ^~
                        A6
Multiple libraries were found for &#34;Servo.h&#34;
  Used: /home/ec2-user/arduino-testlib/cli-datadir/user/libraries/Servo
  Not used: /home/ec2-user/arduino-testlib/cli-datadir/user/libraries/ServoESP32
  Not used: /home/ec2-user/arduino-testlib/cli-datadir/user/libraries/Printoo_Library
  Not used: /home/ec2-user/arduino-testlib/cli-datadir/user/libraries/evive
  Not used: /home/ec2-user/arduino-testlib/cli-datadir/user/libraries/RokitSmart
  Not used: /home/ec2-user/arduino-testlib/cli-datadir/user/libraries/XMC_Servo
</pre>
					
					<h4>examples/InkyBoard_14_demo</h4>
					<p>
						Result: <b>FAIL</b>
					</p>
					<pre class="pre-scrollable">WARNING: library InkyBoard claims to run on avr architecture(s) and may be incompatible with your current board which runs on samd architecture(s).
In file included from /home/ec2-user/arduino-testlib/cli-datadir/user/libraries/InkyBoard/examples/InkyBoard_14_demo/InkyBoard_14_demo.ino:6:0:
/home/ec2-user/arduino-testlib/cli-datadir/user/libraries/InkyBoard/src/InkyBoard.h:148:24: error: &#39;A7&#39; was not declared in this scope
     const int pKnock = A7;
                        ^~
/home/ec2-user/arduino-testlib/cli-datadir/user/libraries/InkyBoard/src/InkyBoard.h:148:24: note: suggested alternative: &#39;A6&#39;
     const int pKnock = A7;
                        ^~
                        A6
Multiple libraries were found for &#34;Servo.h&#34;
  Used: /home/ec2-user/arduino-testlib/cli-datadir/user/libraries/Servo
  Not used: /home/ec2-user/arduino-testlib/cli-datadir/user/libraries/XMC_Servo
  Not used: /home/ec2-user/arduino-testlib/cli-datadir/user/libraries/evive
  Not used: /home/ec2-user/arduino-testlib/cli-datadir/user/libraries/Printoo_Library
  Not used: /home/ec2-user/arduino-testlib/cli-datadir/user/libraries/ServoESP32
  Not used: /home/ec2-user/arduino-testlib/cli-datadir/user/libraries/RokitSmart
</pre>
					
				
				<h3 id="esp32:esp32:d1_mini32">esp32:esp32:d1_mini32 @ 1.0.6</h3>
				<h4>Inclusion</h4>
				<p>
					Result: <b>FAIL</b>
					
				</p>
				<pre class="pre-scrollable">In file included from /tmp/arduino-testlib1773617658/test/test.ino:3:0:
/home/ec2-user/arduino-testlib/cli-datadir/user/libraries/InkyBoard/src/InkyBoard.h:22:26: fatal error: avr/pgmspace.h: No such file or directory
 #include &lt;avr/pgmspace.h&gt;
                          ^
compilation terminated.
Multiple libraries were found for &#34;Servo.h&#34;
  Used: /home/ec2-user/arduino-testlib/cli-datadir/user/libraries/ServoESP32
  Not used: /home/ec2-user/arduino-testlib/cli-datadir/user/libraries/evive
  Not used: /home/ec2-user/arduino-testlib/cli-datadir/user/libraries/RokitSmart
  Not used: /home/ec2-user/arduino-testlib/cli-datadir/user/libraries/Servo
  Not used: /home/ec2-user/arduino-testlib/cli-datadir/user/libraries/Printoo_Library
  Not used: /home/ec2-user/arduino-testlib/cli-datadir/user/libraries/XMC_Servo
Multiple libraries were found for &#34;Display.h&#34;
  Used: /home/ec2-user/arduino-testlib/cli-datadir/user/libraries/Grafici-GFX
  Not used: /home/ec2-user/arduino-testlib/cli-datadir/user/libraries/InkyBoard
  Not used: /home/ec2-user/arduino-testlib/cli-datadir/user/libraries/OneSystemLibrary
  Not used: /home/ec2-user/arduino-testlib/cli-datadir/user/libraries/AceMenu
</pre>

					
					<h4>examples/InkyBoard_00_functielijst</h4>
					<p>
						Result: <b>FAIL</b>
					</p>
					<pre class="pre-scrollable">In file included from /home/ec2-user/arduino-testlib/cli-datadir/user/libraries/InkyBoard/examples/InkyBoard_00_functielijst/InkyBoard_00_functielijst.ino:10:0:
/home/ec2-user/arduino-testlib/cli-datadir/user/libraries/InkyBoard/src/InkyBoard.h:22:26: fatal error: avr/pgmspace.h: No such file or directory
 #include &lt;avr/pgmspace.h&gt;
                          ^
compilation terminated.
Multiple libraries were found for &#34;Servo.h&#34;
  Used: /home/ec2-user/arduino-testlib/cli-datadir/user/libraries/ServoESP32
  Not used: /home/ec2-user/arduino-testlib/cli-datadir/user/libraries/evive
  Not used: /home/ec2-user/arduino-testlib/cli-datadir/user/libraries/RokitSmart
  Not used: /home/ec2-user/arduino-testlib/cli-datadir/user/libraries/Servo
  Not used: /home/ec2-user/arduino-testlib/cli-datadir/user/libraries/XMC_Servo
  Not used: /home/ec2-user/arduino-testlib/cli-datadir/user/libraries/Printoo_Library
</pre>
					
					<h4>examples/InkyBoard_01_blink</h4>
					<p>
						Result: <b>FAIL</b>
					</p>
					<pre class="pre-scrollable">In file included from /home/ec2-user/arduino-testlib/cli-datadir/user/libraries/InkyBoard/examples/InkyBoard_01_blink/InkyBoard_01_blink.ino:7:0:
/home/ec2-user/arduino-testlib/cli-datadir/user/libraries/InkyBoard/src/InkyBoard.h:22:26: fatal error: avr/pgmspace.h: No such file or directory
 #include &lt;avr/pgmspace.h&gt;
                          ^
compilation terminated.
Multiple libraries were found for &#34;Servo.h&#34;
  Used: /home/ec2-user/arduino-testlib/cli-datadir/user/libraries/ServoESP32
  Not used: /home/ec2-user/arduino-testlib/cli-datadir/user/libraries/RokitSmart
  Not used: /home/ec2-user/arduino-testlib/cli-datadir/user/libraries/Servo
  Not used: /home/ec2-user/arduino-testlib/cli-datadir/user/libraries/XMC_Servo
  Not used: /home/ec2-user/arduino-testlib/cli-datadir/user/libraries/evive
  Not used: /home/ec2-user/arduino-testlib/cli-datadir/user/libraries/Printoo_Library
</pre>
					
					<h4>examples/InkyBoard_02_button</h4>
					<p>
						Result: <b>FAIL</b>
					</p>
					<pre class="pre-scrollable">In file included from /home/ec2-user/arduino-testlib/cli-datadir/user/libraries/InkyBoard/examples/InkyBoard_02_button/InkyBoard_02_button.ino:9:0:
/home/ec2-user/arduino-testlib/cli-datadir/user/libraries/InkyBoard/src/InkyBoard.h:22:26: fatal error: avr/pgmspace.h: No such file or directory
 #include &lt;avr/pgmspace.h&gt;
                          ^
compilation terminated.
Multiple libraries were found for &#34;Servo.h&#34;
  Used: /home/ec2-user/arduino-testlib/cli-datadir/user/libraries/ServoESP32
  Not used: /home/ec2-user/arduino-testlib/cli-datadir/user/libraries/Printoo_Library
  Not used: /home/ec2-user/arduino-testlib/cli-datadir/user/libraries/XMC_Servo
  Not used: /home/ec2-user/arduino-testlib/cli-datadir/user/libraries/RokitSmart
  Not used: /home/ec2-user/arduino-testlib/cli-datadir/user/libraries/evive
  Not used: /home/ec2-user/arduino-testlib/cli-datadir/user/libraries/Servo
</pre>
					
					<h4>examples/InkyBoard_03_knock</h4>
					<p>
						Result: <b>FAIL</b>
					</p>
					<pre class="pre-scrollable">In file included from /home/ec2-user/arduino-testlib/cli-datadir/user/libraries/InkyBoard/examples/InkyBoard_03_knock/InkyBoard_03_knock.ino:8:0:
/home/ec2-user/arduino-testlib/cli-datadir/user/libraries/InkyBoard/src/InkyBoard.h:22:26: fatal error: avr/pgmspace.h: No such file or directory
 #include &lt;avr/pgmspace.h&gt;
                          ^
compilation terminated.
Multiple libraries were found for &#34;Servo.h&#34;
  Used: /home/ec2-user/arduino-testlib/cli-datadir/user/libraries/ServoESP32
  Not used: /home/ec2-user/arduino-testlib/cli-datadir/user/libraries/evive
  Not used: /home/ec2-user/arduino-testlib/cli-datadir/user/libraries/Servo
  Not used: /home/ec2-user/arduino-testlib/cli-datadir/user/libraries/RokitSmart
  Not used: /home/ec2-user/arduino-testlib/cli-datadir/user/libraries/XMC_Servo
  Not used: /home/ec2-user/arduino-testlib/cli-datadir/user/libraries/Printoo_Library
</pre>
					
					<h4>examples/InkyBoard_04_servo</h4>
					<p>
						Result: <b>FAIL</b>
					</p>
					<pre class="pre-scrollable">In file included from /home/ec2-user/arduino-testlib/cli-datadir/user/libraries/InkyBoard/examples/InkyBoard_04_servo/InkyBoard_04_servo.ino:7:0:
/home/ec2-user/arduino-testlib/cli-datadir/user/libraries/InkyBoard/src/InkyBoard.h:22:26: fatal error: avr/pgmspace.h: No such file or directory
 #include &lt;avr/pgmspace.h&gt;
                          ^
compilation terminated.
Multiple libraries were found for &#34;Servo.h&#34;
  Used: /home/ec2-user/arduino-testlib/cli-datadir/user/libraries/ServoESP32
  Not used: /home/ec2-user/arduino-testlib/cli-datadir/user/libraries/evive
  Not used: /home/ec2-user/arduino-testlib/cli-datadir/user/libraries/XMC_Servo
  Not used: /home/ec2-user/arduino-testlib/cli-datadir/user/libraries/RokitSmart
  Not used: /home/ec2-user/arduino-testlib/cli-datadir/user/libraries/Printoo_Library
  Not used: /home/ec2-user/arduino-testlib/cli-datadir/user/libraries/Servo
</pre>
					
					<h4>examples/InkyBoard_05_potmeter</h4>
					<p>
						Result: <b>FAIL</b>
					</p>
					<pre class="pre-scrollable">In file included from /home/ec2-user/arduino-testlib/cli-datadir/user/libraries/InkyBoard/examples/InkyBoard_05_potmeter/InkyBoard_05_potmeter.ino:7:0:
/home/ec2-user/arduino-testlib/cli-datadir/user/libraries/InkyBoard/src/InkyBoard.h:22:26: fatal error: avr/pgmspace.h: No such file or directory
 #include &lt;avr/pgmspace.h&gt;
                          ^
compilation terminated.
Multiple libraries were found for &#34;Servo.h&#34;
  Used: /home/ec2-user/arduino-testlib/cli-datadir/user/libraries/ServoESP32
  Not used: /home/ec2-user/arduino-testlib/cli-datadir/user/libraries/Printoo_Library
  Not used: /home/ec2-user/arduino-testlib/cli-datadir/user/libraries/Servo
  Not used: /home/ec2-user/arduino-testlib/cli-datadir/user/libraries/RokitSmart
  Not used: /home/ec2-user/arduino-testlib/cli-datadir/user/libraries/XMC_Servo
  Not used: /home/ec2-user/arduino-testlib/cli-datadir/user/libraries/evive
</pre>
					
					<h4>examples/InkyBoard_06_rgbLed</h4>
					<p>
						Result: <b>FAIL</b>
					</p>
					<pre class="pre-scrollable">In file included from /home/ec2-user/arduino-testlib/cli-datadir/user/libraries/InkyBoard/examples/InkyBoard_06_rgbLed/InkyBoard_06_rgbLed.ino:7:0:
/home/ec2-user/arduino-testlib/cli-datadir/user/libraries/InkyBoard/src/InkyBoard.h:22:26: fatal error: avr/pgmspace.h: No such file or directory
 #include &lt;avr/pgmspace.h&gt;
                          ^
compilation terminated.
Multiple libraries were found for &#34;Servo.h&#34;
  Used: /home/ec2-user/arduino-testlib/cli-datadir/user/libraries/ServoESP32
  Not used: /home/ec2-user/arduino-testlib/cli-datadir/user/libraries/Servo
  Not used: /home/ec2-user/arduino-testlib/cli-datadir/user/libraries/XMC_Servo
  Not used: /home/ec2-user/arduino-testlib/cli-datadir/user/libraries/RokitSmart
  Not used: /home/ec2-user/arduino-testlib/cli-datadir/user/libraries/Printoo_Library
  Not used: /home/ec2-user/arduino-testlib/cli-datadir/user/libraries/evive
</pre>
					
					<h4>examples/InkyBoard_07_colorSensor</h4>
					<p>
						Result: <b>FAIL</b>
					</p>
					<pre class="pre-scrollable">In file included from /home/ec2-user/arduino-testlib/cli-datadir/user/libraries/InkyBoard/examples/InkyBoard_07_colorSensor/InkyBoard_07_colorSensor.ino:7:0:
/home/ec2-user/arduino-testlib/cli-datadir/user/libraries/InkyBoard/src/InkyBoard.h:22:26: fatal error: avr/pgmspace.h: No such file or directory
 #include &lt;avr/pgmspace.h&gt;
                          ^
compilation terminated.
Multiple libraries were found for &#34;Servo.h&#34;
  Used: /home/ec2-user/arduino-testlib/cli-datadir/user/libraries/ServoESP32
  Not used: /home/ec2-user/arduino-testlib/cli-datadir/user/libraries/evive
  Not used: /home/ec2-user/arduino-testlib/cli-datadir/user/libraries/RokitSmart
  Not used: /home/ec2-user/arduino-testlib/cli-datadir/user/libraries/XMC_Servo
  Not used: /home/ec2-user/arduino-testlib/cli-datadir/user/libraries/Printoo_Library
  Not used: /home/ec2-user/arduino-testlib/cli-datadir/user/libraries/Servo
</pre>
					
					<h4>examples/InkyBoard_08_display_showNumbers</h4>
					<p>
						Result: <b>FAIL</b>
					</p>
					<pre class="pre-scrollable">In file included from /home/ec2-user/arduino-testlib/cli-datadir/user/libraries/InkyBoard/examples/InkyBoard_08_display_showNumbers/InkyBoard_08_display_showNumbers.ino:2:0:
/home/ec2-user/arduino-testlib/cli-datadir/user/libraries/InkyBoard/src/InkyBoard.h:22:26: fatal error: avr/pgmspace.h: No such file or directory
 #include &lt;avr/pgmspace.h&gt;
                          ^
compilation terminated.
Multiple libraries were found for &#34;Servo.h&#34;
  Used: /home/ec2-user/arduino-testlib/cli-datadir/user/libraries/ServoESP32
  Not used: /home/ec2-user/arduino-testlib/cli-datadir/user/libraries/evive
  Not used: /home/ec2-user/arduino-testlib/cli-datadir/user/libraries/Servo
  Not used: /home/ec2-user/arduino-testlib/cli-datadir/user/libraries/XMC_Servo
  Not used: /home/ec2-user/arduino-testlib/cli-datadir/user/libraries/RokitSmart
  Not used: /home/ec2-user/arduino-testlib/cli-datadir/user/libraries/Printoo_Library
</pre>
					
					<h4>examples/InkyBoard_09_display_pixel</h4>
					<p>
						Result: <b>FAIL</b>
					</p>
					<pre class="pre-scrollable">In file included from /home/ec2-user/arduino-testlib/cli-datadir/user/libraries/InkyBoard/examples/InkyBoard_09_display_pixel/InkyBoard_09_display_pixel.ino:6:0:
/home/ec2-user/arduino-testlib/cli-datadir/user/libraries/InkyBoard/src/InkyBoard.h:22:26: fatal error: avr/pgmspace.h: No such file or directory
 #include &lt;avr/pgmspace.h&gt;
                          ^
compilation terminated.
Multiple libraries were found for &#34;Servo.h&#34;
  Used: /home/ec2-user/arduino-testlib/cli-datadir/user/libraries/ServoESP32
  Not used: /home/ec2-user/arduino-testlib/cli-datadir/user/libraries/Printoo_Library
  Not used: /home/ec2-user/arduino-testlib/cli-datadir/user/libraries/XMC_Servo
  Not used: /home/ec2-user/arduino-testlib/cli-datadir/user/libraries/RokitSmart
  Not used: /home/ec2-user/arduino-testlib/cli-datadir/user/libraries/Servo
  Not used: /home/ec2-user/arduino-testlib/cli-datadir/user/libraries/evive
</pre>
					
					<h4>examples/InkyBoard_10_display_image</h4>
					<p>
						Result: <b>FAIL</b>
					</p>
					<pre class="pre-scrollable">In file included from /home/ec2-user/arduino-testlib/cli-datadir/user/libraries/InkyBoard/examples/InkyBoard_10_display_image/InkyBoard_10_display_image.ino:6:0:
/home/ec2-user/arduino-testlib/cli-datadir/user/libraries/InkyBoard/src/InkyBoard.h:22:26: fatal error: avr/pgmspace.h: No such file or directory
 #include &lt;avr/pgmspace.h&gt;
                          ^
compilation terminated.
Multiple libraries were found for &#34;Servo.h&#34;
  Used: /home/ec2-user/arduino-testlib/cli-datadir/user/libraries/ServoESP32
  Not used: /home/ec2-user/arduino-testlib/cli-datadir/user/libraries/RokitSmart
  Not used: /home/ec2-user/arduino-testlib/cli-datadir/user/libraries/evive
  Not used: /home/ec2-user/arduino-testlib/cli-datadir/user/libraries/Servo
  Not used: /home/ec2-user/arduino-testlib/cli-datadir/user/libraries/Printoo_Library
  Not used: /home/ec2-user/arduino-testlib/cli-datadir/user/libraries/XMC_Servo
</pre>
					
					<h4>examples/InkyBoard_11_multipe_displays</h4>
					<p>
						Result: <b>FAIL</b>
					</p>
					<pre class="pre-scrollable">/home/ec2-user/arduino-testlib/cli-datadir/user/libraries/InkyBoard/examples/InkyBoard_11_multipe_displays/InkyBoard_11_multipe_displays.ino:62:54: error: no matching function for call to &#39;Display::Display(const int&amp;, const int&amp;, const int&amp;, const int&amp;)&#39;
 Display display = Display(DIN, CLK, LOAD, deviceCount); // init the display
                                                      ^
In file included from /home/ec2-user/arduino-testlib/cli-datadir/user/libraries/InkyBoard/examples/InkyBoard_11_multipe_displays/InkyBoard_11_multipe_displays.ino:4:0:
/home/ec2-user/arduino-testlib/cli-datadir/user/libraries/Grafici-GFX/src/Display.h:9:7: note: candidate: Display::Display()
 class Display
       ^
/home/ec2-user/arduino-testlib/cli-datadir/user/libraries/Grafici-GFX/src/Display.h:9:7: note:   candidate expects 0 arguments, 4 provided
/home/ec2-user/arduino-testlib/cli-datadir/user/libraries/Grafici-GFX/src/Display.h:9:7: note: candidate: constexpr Display::Display(const Display&amp;)
/home/ec2-user/arduino-testlib/cli-datadir/user/libraries/Grafici-GFX/src/Display.h:9:7: note:   candidate expects 1 argument, 4 provided
/home/ec2-user/arduino-testlib/cli-datadir/user/libraries/Grafici-GFX/src/Display.h:9:7: note: candidate: constexpr Display::Display(Display&amp;&amp;)
/home/ec2-user/arduino-testlib/cli-datadir/user/libraries/Grafici-GFX/src/Display.h:9:7: note:   candidate expects 1 argument, 4 provided
/home/ec2-user/arduino-testlib/cli-datadir/user/libraries/InkyBoard/examples/InkyBoard_11_multipe_displays/InkyBoard_11_multipe_displays.ino:63:6: error: &#39;Time time&#39; redeclared as different kind of symbol
 Time time = Time(); // init timekeeping
      ^
In file included from /home/ec2-user/arduino-testlib/cli-datadir/data/packages/esp32/hardware/esp32/1.0.6/tools/sdk/include/newlib/stdio.h:29:0,
                 from /home/ec2-user/arduino-testlib/cli-datadir/data/packages/esp32/hardware/esp32/1.0.6/cores/esp32/Arduino.h:27,
                 from /tmp/arduino-sketch-8479CCE584176BFC17EE22A4BA9F9A36/sketch/InkyBoard_11_multipe_displays.ino.cpp:1:
/home/ec2-user/arduino-testlib/cli-datadir/data/packages/esp32/hardware/esp32/1.0.6/tools/sdk/include/newlib/time.h:53:11: note: previous declaration &#39;time_t time(time_t*)&#39;
 time_t    _EXFUN(time,     (time_t *_timer));
           ^
/home/ec2-user/arduino-testlib/cli-datadir/user/libraries/InkyBoard/examples/InkyBoard_11_multipe_displays/InkyBoard_11_multipe_displays.ino: In function &#39;void setup()&#39;:
/home/ec2-user/arduino-testlib/cli-datadir/user/libraries/InkyBoard/examples/InkyBoard_11_multipe_displays/InkyBoard_11_multipe_displays.ino:72:13: error: &#39;class Display&#39; has no member named &#39;changeDevice&#39;
     display.changeDevice(i).init(false); 
             ^
/home/ec2-user/arduino-testlib/cli-datadir/user/libraries/InkyBoard/examples/InkyBoard_11_multipe_displays/InkyBoard_11_multipe_displays.ino:74:11: error: &#39;class Display&#39; has no member named &#39;setAutoSend&#39;
   display.setAutoSend(false); // don&#39;t send after each command but buildup all displays and send in one go
           ^
/home/ec2-user/arduino-testlib/cli-datadir/user/libraries/InkyBoard/examples/InkyBoard_11_multipe_displays/InkyBoard_11_multipe_displays.ino: In function &#39;void loop()&#39;:
/home/ec2-user/arduino-testlib/cli-datadir/user/libraries/InkyBoard/examples/InkyBoard_11_multipe_displays/InkyBoard_11_multipe_displays.ino:85:10: error: request for member &#39;calculate&#39; in &#39;time&#39;, which is of non-class type &#39;time_t(time_t*) {aka long int(long int*)}&#39;
     time.calculate(); // calculate the time
          ^
/home/ec2-user/arduino-testlib/cli-datadir/user/libraries/InkyBoard/examples/InkyBoard_11_multipe_displays/InkyBoard_11_multipe_displays.ino:86:13: error: &#39;class Display&#39; has no member named &#39;d&#39;
     display.d(0).number(time.hours / 10); // display.d() is the same as display.changeDevice()
             ^
/home/ec2-user/arduino-testlib/cli-datadir/user/libraries/InkyBoard/examples/InkyBoard_11_multipe_displays/InkyBoard_11_multipe_displays.ino:86:30: error: request for member &#39;hours&#39; in &#39;time&#39;, which is of non-class type &#39;time_t(time_t*) {aka long int(long int*)}&#39;
     display.d(0).number(time.hours / 10); // display.d() is the same as display.changeDevice()
                              ^
/home/ec2-user/arduino-testlib/cli-datadir/user/libraries/InkyBoard/examples/InkyBoard_11_multipe_displays/InkyBoard_11_multipe_displays.ino:87:13: error: &#39;class Display&#39; has no member named &#39;d&#39;
     display.d(1).number(time.hours % 10);
             ^
/home/ec2-user/arduino-testlib/cli-datadir/user/libraries/InkyBoard/examples/InkyBoard_11_multipe_displays/InkyBoard_11_multipe_displays.ino:87:30: error: request for member &#39;hours&#39; in &#39;time&#39;, which is of non-class type &#39;time_t(time_t*) {aka long int(long int*)}&#39;
     display.d(1).number(time.hours % 10);
                              ^
/home/ec2-user/arduino-testlib/cli-datadir/user/libraries/InkyBoard/examples/InkyBoard_11_multipe_displays/InkyBoard_11_multipe_displays.ino:88:13: error: &#39;class Display&#39; has no member named &#39;d&#39;
     display.d(3).number(time.minutes / 10);
             ^
/home/ec2-user/arduino-testlib/cli-datadir/user/libraries/InkyBoard/examples/InkyBoard_11_multipe_displays/InkyBoard_11_multipe_displays.ino:88:30: error: request for member &#39;minutes&#39; in &#39;time&#39;, which is of non-class type &#39;time_t(time_t*) {aka long int(long int*)}&#39;
     display.d(3).number(time.minutes / 10);
                              ^
/home/ec2-user/arduino-testlib/cli-datadir/user/libraries/InkyBoard/examples/InkyBoard_11_multipe_displays/InkyBoard_11_multipe_displays.ino:89:13: error: &#39;class Display&#39; has no member named &#39;d&#39;
     display.d(4).number(time.minutes % 10);
             ^
/home/ec2-user/arduino-testlib/cli-datadir/user/libraries/InkyBoard/examples/InkyBoard_11_multipe_displays/InkyBoard_11_multipe_displays.ino:89:30: error: request for member &#39;minutes&#39; in &#39;time&#39;, which is of non-class type &#39;time_t(time_t*) {aka long int(long int*)}&#39;
     display.d(4).number(time.minutes % 10);
                              ^
/home/ec2-user/arduino-testlib/cli-datadir/user/libraries/InkyBoard/examples/InkyBoard_11_multipe_displays/InkyBoard_11_multipe_displays.ino:90:13: error: &#39;class Display&#39; has no member named &#39;d&#39;
     display.d(2).image(dots);
             ^
/home/ec2-user/arduino-testlib/cli-datadir/user/libraries/InkyBoard/examples/InkyBoard_11_multipe_displays/InkyBoard_11_multipe_displays.ino:93:15: error: &#39;class Display&#39; has no member named &#39;d&#39;
       display.d(6).number(time.seconds / 10);
               ^
/home/ec2-user/arduino-testlib/cli-datadir/user/libraries/InkyBoard/examples/InkyBoard_11_multipe_displays/InkyBoard_11_multipe_displays.ino:93:32: error: request for member &#39;seconds&#39; in &#39;time&#39;, which is of non-class type &#39;time_t(time_t*) {aka long int(long int*)}&#39;
       display.d(6).number(time.seconds / 10);
                                ^
/home/ec2-user/arduino-testlib/cli-datadir/user/libraries/InkyBoard/examples/InkyBoard_11_multipe_displays/InkyBoard_11_multipe_displays.ino:94:15: error: &#39;class Display&#39; has no member named &#39;d&#39;
       display.d(7).number(time.seconds % 10);
               ^
/home/ec2-user/arduino-testlib/cli-datadir/user/libraries/InkyBoard/examples/InkyBoard_11_multipe_displays/InkyBoard_11_multipe_displays.ino:94:32: error: request for member &#39;seconds&#39; in &#39;time&#39;, which is of non-class type &#39;time_t(time_t*) {aka long int(long int*)}&#39;
       display.d(7).number(time.seconds % 10);
                                ^
/home/ec2-user/arduino-testlib/cli-datadir/user/libraries/InkyBoard/examples/InkyBoard_11_multipe_displays/InkyBoard_11_multipe_displays.ino:95:15: error: &#39;class Display&#39; has no member named &#39;d&#39;
       display.d(5).image(dots);
               ^
/home/ec2-user/arduino-testlib/cli-datadir/user/libraries/InkyBoard/examples/InkyBoard_11_multipe_displays/InkyBoard_11_multipe_displays.ino:99:15: error: &#39;class Display&#39; has no member named &#39;d&#39;
       display.d(i).rotate(display.ROTATE_90); // rotate the displays
               ^
/home/ec2-user/arduino-testlib/cli-datadir/user/libraries/InkyBoard/examples/InkyBoard_11_multipe_displays/InkyBoard_11_multipe_displays.ino:99:35: error: &#39;class Display&#39; has no member named &#39;ROTATE_90&#39;
       display.d(i).rotate(display.ROTATE_90); // rotate the displays
                                   ^
/home/ec2-user/arduino-testlib/cli-datadir/user/libraries/InkyBoard/examples/InkyBoard_11_multipe_displays/InkyBoard_11_multipe_displays.ino:103:13: error: &#39;class Display&#39; has no member named &#39;send&#39;
     display.send();
             ^
/home/ec2-user/arduino-testlib/cli-datadir/user/libraries/InkyBoard/examples/InkyBoard_11_multipe_displays/InkyBoard_11_multipe_displays.ino:106:13: error: &#39;class Display&#39; has no member named &#39;d&#39;
     display.d(2).clear();
             ^
/home/ec2-user/arduino-testlib/cli-datadir/user/libraries/InkyBoard/examples/InkyBoard_11_multipe_displays/InkyBoard_11_multipe_displays.ino:108:15: error: &#39;class Display&#39; has no member named &#39;d&#39;
       display.d(5).clear();
               ^
/home/ec2-user/arduino-testlib/cli-datadir/user/libraries/InkyBoard/examples/InkyBoard_11_multipe_displays/InkyBoard_11_multipe_displays.ino:111:13: error: &#39;class Display&#39; has no member named &#39;send&#39;
     display.send();
             ^
Multiple libraries were found for &#34;Display.h&#34;
  Used: /home/ec2-user/arduino-testlib/cli-datadir/user/libraries/Grafici-GFX
  Not used: /home/ec2-user/arduino-testlib/cli-datadir/user/libraries/OneSystemLibrary
  Not used: /home/ec2-user/arduino-testlib/cli-datadir/user/libraries/AceMenu
  Not used: /home/ec2-user/arduino-testlib/cli-datadir/user/libraries/InkyBoard
</pre>
					
					<h4>examples/InkyBoard_12_game_snake</h4>
					<p>
						Result: <b>FAIL</b>
					</p>
					<pre class="pre-scrollable">In file included from /home/ec2-user/arduino-testlib/cli-datadir/user/libraries/InkyBoard/examples/InkyBoard_12_game_snake/InkyBoard_12_game_snake.ino:2:0:
/home/ec2-user/arduino-testlib/cli-datadir/user/libraries/InkyBoard/src/InkyBoard.h:22:26: fatal error: avr/pgmspace.h: No such file or directory
 #include &lt;avr/pgmspace.h&gt;
                          ^
compilation terminated.
Multiple libraries were found for &#34;Servo.h&#34;
  Used: /home/ec2-user/arduino-testlib/cli-datadir/user/libraries/ServoESP32
  Not used: /home/ec2-user/arduino-testlib/cli-datadir/user/libraries/evive
  Not used: /home/ec2-user/arduino-testlib/cli-datadir/user/libraries/Servo
  Not used: /home/ec2-user/arduino-testlib/cli-datadir/user/libraries/RokitSmart
  Not used: /home/ec2-user/arduino-testlib/cli-datadir/user/libraries/XMC_Servo
  Not used: /home/ec2-user/arduino-testlib/cli-datadir/user/libraries/Printoo_Library
</pre>
					
					<h4>examples/InkyBoard_13_game_simon_says</h4>
					<p>
						Result: <b>FAIL</b>
					</p>
					<pre class="pre-scrollable">In file included from /home/ec2-user/arduino-testlib/cli-datadir/user/libraries/InkyBoard/examples/InkyBoard_13_game_simon_says/InkyBoard_13_game_simon_says.ino:2:0:
/home/ec2-user/arduino-testlib/cli-datadir/user/libraries/InkyBoard/src/InkyBoard.h:22:26: fatal error: avr/pgmspace.h: No such file or directory
 #include &lt;avr/pgmspace.h&gt;
                          ^
compilation terminated.
Multiple libraries were found for &#34;Servo.h&#34;
  Used: /home/ec2-user/arduino-testlib/cli-datadir/user/libraries/ServoESP32
  Not used: /home/ec2-user/arduino-testlib/cli-datadir/user/libraries/RokitSmart
  Not used: /home/ec2-user/arduino-testlib/cli-datadir/user/libraries/evive
  Not used: /home/ec2-user/arduino-testlib/cli-datadir/user/libraries/Printoo_Library
  Not used: /home/ec2-user/arduino-testlib/cli-datadir/user/libraries/Servo
  Not used: /home/ec2-user/arduino-testlib/cli-datadir/user/libraries/XMC_Servo
</pre>
					
					<h4>examples/InkyBoard_14_demo</h4>
					<p>
						Result: <b>FAIL</b>
					</p>
					<pre class="pre-scrollable">In file included from /home/ec2-user/arduino-testlib/cli-datadir/user/libraries/InkyBoard/examples/InkyBoard_14_demo/InkyBoard_14_demo.ino:6:0:
/home/ec2-user/arduino-testlib/cli-datadir/user/libraries/InkyBoard/src/InkyBoard.h:22:26: fatal error: avr/pgmspace.h: No such file or directory
 #include &lt;avr/pgmspace.h&gt;
                          ^
compilation terminated.
Multiple libraries were found for &#34;Servo.h&#34;
  Used: /home/ec2-user/arduino-testlib/cli-datadir/user/libraries/ServoESP32
  Not used: /home/ec2-user/arduino-testlib/cli-datadir/user/libraries/evive
  Not used: /home/ec2-user/arduino-testlib/cli-datadir/user/libraries/Servo
  Not used: /home/ec2-user/arduino-testlib/cli-datadir/user/libraries/RokitSmart
  Not used: /home/ec2-user/arduino-testlib/cli-datadir/user/libraries/XMC_Servo
  Not used: /home/ec2-user/arduino-testlib/cli-datadir/user/libraries/Printoo_Library
</pre>
					
				
			</div>
		</div>
	</div>
  </body>
</html>
