
<!doctype html>
<html lang="en">
  <head>
    <meta charset="utf-8">
    <meta name="viewport" content="width=device-width, initial-scale=1">
    <link href="https://cdn.jsdelivr.net/npm/bootstrap@5.0.2/dist/css/bootstrap.min.css" rel="stylesheet" integrity="sha384-EVSTQN3/azprG1Anm3QDgpJLIm9Nao0Yz1ztcQTwFspd3yD65VohhpuuCOmLASjC" crossorigin="anonymous">
    <title>arduino-testlib report</title>
	<style>
	.pass { background-color: #00FF00 !important; }
	.fail { background-color: #FF0000 !important; }
	</style>
  </head>
  <body>
	<div class="container">
		<div class="row">
			<div class="col">
				<h1>InterpolationLib - compatibility matrix</h1>
				<p>
					<small>This report was generated on Wednesday, 23-Feb-22 22:48:15 CET using 
					<a href="https://github.com/alranel/arduino-testlib">arduino-testlib</a>.</small>
				</p>

				<h2>InterpolationLib</h2>
				<p>
					Version: <b>1.0.0</b>
					<br />
					<a href="https://www.arduino.cc/reference/en/libraries/interpolationlib/">More details</a>
				</p>

				<h2>Compatibility matrix</h2>
				<table class="table table-bordered">
					<tr>
						<th>Board</th>
						<th>Claims compatibility</th>
						<th>Inclusion</th>
						
						<th><pre>Interpolation</pre></th>
						
						<th><pre>Map</pre></th>
						
						<th><pre>Range</pre></th>
						
					</tr>
					
					<tr>
						<td>
							<a href="#arduino%3aavr%3auno"><b>arduino:avr:uno</b></a>
							<br />
							<small>1.8.4</small>
						</td>

						
							<td>Yes</td>
							<td class="pass">PASS</td>
						
						
						
						

						
							
								
									
										
											<td class="pass">PASS</td>
											
										
									
										
									
										
									
								
							
								
							
								
							
								
							
								
							
						
							
								
									
										
									
										
											<td class="pass">PASS</td>
											
										
									
										
									
								
							
								
							
								
							
								
							
								
							
						
							
								
									
										
									
										
									
										
											<td class="pass">PASS</td>
											
										
									
								
							
								
							
								
							
								
							
								
							
						
					</tr>
					
					<tr>
						<td>
							<a href="#arduino%3ambed_nano%3ananorp2040connect"><b>arduino:mbed_nano:nanorp2040connect</b></a>
							<br />
							<small>2.7.2</small>
						</td>

						
						
						
							<td>Yes ⚠️</td>
							<td class="fail">FAIL</td>
						
						

						
							
								
							
								
									
										
											
											<td class="fail">FAIL</td>
										
									
										
									
										
									
								
							
								
							
								
							
								
							
						
							
								
							
								
									
										
									
										
											
											<td class="fail">FAIL</td>
										
									
										
									
								
							
								
							
								
							
								
							
						
							
								
							
								
									
										
									
										
									
										
											
											<td class="fail">FAIL</td>
										
									
								
							
								
							
								
							
								
							
						
					</tr>
					
					<tr>
						<td>
							<a href="#arduino%3amegaavr%3anona4809"><b>arduino:megaavr:nona4809</b></a>
							<br />
							<small>1.8.7</small>
						</td>

						
							<td>Yes</td>
							<td class="pass">PASS</td>
						
						
						
						

						
							
								
							
								
							
								
									
										
											<td class="pass">PASS</td>
											
										
									
										
									
										
									
								
							
								
							
								
							
						
							
								
							
								
							
								
									
										
									
										
											<td class="pass">PASS</td>
											
										
									
										
									
								
							
								
							
								
							
						
							
								
							
								
							
								
									
										
									
										
									
										
											<td class="pass">PASS</td>
											
										
									
								
							
								
							
								
							
						
					</tr>
					
					<tr>
						<td>
							<a href="#arduino%3asamd%3amkrwifi1010"><b>arduino:samd:mkrwifi1010</b></a>
							<br />
							<small>1.8.12</small>
						</td>

						
						
						
							<td>Yes ⚠️</td>
							<td class="fail">FAIL</td>
						
						

						
							
								
							
								
							
								
							
								
									
										
											
											<td class="fail">FAIL</td>
										
									
										
									
										
									
								
							
								
							
						
							
								
							
								
							
								
							
								
									
										
									
										
											
											<td class="fail">FAIL</td>
										
									
										
									
								
							
								
							
						
							
								
							
								
							
								
							
								
									
										
									
										
									
										
											
											<td class="fail">FAIL</td>
										
									
								
							
								
							
						
					</tr>
					
					<tr>
						<td>
							<a href="#esp32%3aesp32%3ad1_mini32"><b>esp32:esp32:d1_mini32</b></a>
							<br />
							<small>1.0.6</small>
						</td>

						
						
						
							<td>Yes ⚠️</td>
							<td class="fail">FAIL</td>
						
						

						
							
								
							
								
							
								
							
								
							
								
									
										
											
											<td class="fail">FAIL</td>
										
									
										
									
										
									
								
							
						
							
								
							
								
							
								
							
								
							
								
									
										
									
										
											
											<td class="fail">FAIL</td>
										
									
										
									
								
							
						
							
								
							
								
							
								
							
								
							
								
									
										
									
										
									
										
											
											<td class="fail">FAIL</td>
										
									
								
							
						
					</tr>
					
				</table>

				<h2>Compilation logs</h2>
				
				<h3 id="arduino:avr:uno">arduino:avr:uno @ 1.8.4</h3>
				<h4>Inclusion</h4>
				<p>
					Result: <b>PASS</b>
					
				</p>
				<pre class="pre-scrollable">Sketch uses 444 bytes (1%) of program storage space. Maximum is 32256 bytes.
Global variables use 9 bytes (0%) of dynamic memory, leaving 2039 bytes for local variables. Maximum is 2048 bytes.
</pre>

					
					<h4>examples/Interpolation</h4>
					<p>
						Result: <b>PASS</b>
					</p>
					<pre class="pre-scrollable">Sketch uses 7990 bytes (24%) of program storage space. Maximum is 32256 bytes.
Global variables use 280 bytes (13%) of dynamic memory, leaving 1768 bytes for local variables. Maximum is 2048 bytes.
</pre>
					
					<h4>examples/Map</h4>
					<p>
						Result: <b>PASS</b>
					</p>
					<pre class="pre-scrollable">Sketch uses 1716 bytes (5%) of program storage space. Maximum is 32256 bytes.
Global variables use 184 bytes (8%) of dynamic memory, leaving 1864 bytes for local variables. Maximum is 2048 bytes.
</pre>
					
					<h4>examples/Range</h4>
					<p>
						Result: <b>PASS</b>
					</p>
					<pre class="pre-scrollable">Sketch uses 3044 bytes (9%) of program storage space. Maximum is 32256 bytes.
Global variables use 200 bytes (9%) of dynamic memory, leaving 1848 bytes for local variables. Maximum is 2048 bytes.
</pre>
					
				
				<h3 id="arduino:mbed_nano:nanorp2040connect">arduino:mbed_nano:nanorp2040connect @ 2.7.2</h3>
				<h4>Inclusion</h4>
				<p>
					Result: <b>FAIL</b>
					
				</p>
				<pre class="pre-scrollable">/home/ec2-user/arduino-testlib/cli-datadir/user/libraries/InterpolationLib/src/InterpolationLib.cpp:10:114: error: default argument given for parameter 5 of &#39;static double Interpolation::Step(double*, double*, int, double, double)&#39; [-fpermissive]
 double Interpolation::Step(double xValues[], double yValues[], int numValues, double pointX, double threshold = 1)
                                                                                                                  ^
In file included from /home/ec2-user/arduino-testlib/cli-datadir/user/libraries/InterpolationLib/src/InterpolationLib.cpp:8:0:
/home/ec2-user/arduino-testlib/cli-datadir/user/libraries/InterpolationLib/src/InterpolationLib.h:66:16: note: previous specification in &#39;static double Interpolation::Step(double*, double*, int, double, double)&#39; here
  static double Step(double xValues[], double yValues[], int numValues, double pointX, double threshold = 1);
                ^~~~
/home/ec2-user/arduino-testlib/cli-datadir/user/libraries/InterpolationLib/src/InterpolationLib.cpp:24:112: error: default argument given for parameter 5 of &#39;static double Interpolation::Linear(double*, double*, int, double, bool)&#39; [-fpermissive]
 double Interpolation::Linear(double xValues[], double yValues[], int numValues, double pointX, bool trim = true)
                                                                                                                ^
In file included from /home/ec2-user/arduino-testlib/cli-datadir/user/libraries/InterpolationLib/src/InterpolationLib.cpp:8:0:
/home/ec2-user/arduino-testlib/cli-datadir/user/libraries/InterpolationLib/src/InterpolationLib.h:70:16: note: previous specification in &#39;static double Interpolation::Linear(double*, double*, int, double, bool)&#39; here
  static double Linear(double xValues[], double yValues[], int numValues, double pointX, bool trim = true);
                ^~~~~~
/home/ec2-user/arduino-testlib/cli-datadir/user/libraries/InterpolationLib/src/InterpolationLib.cpp:56:116: error: default argument given for parameter 5 of &#39;static double Interpolation::SmoothStep(double*, double*, int, double, bool)&#39; [-fpermissive]
 double Interpolation::SmoothStep(double xValues[], double yValues[], int numValues, double pointX, bool trim = true)
                                                                                                                    ^
In file included from /home/ec2-user/arduino-testlib/cli-datadir/user/libraries/InterpolationLib/src/InterpolationLib.cpp:8:0:
/home/ec2-user/arduino-testlib/cli-datadir/user/libraries/InterpolationLib/src/InterpolationLib.h:72:16: note: previous specification in &#39;static double Interpolation::SmoothStep(double*, double*, int, double, bool)&#39; here
  static double SmoothStep(double xValues[], double yValues[], int numValues, double pointX, bool trim = true);
                ^~~~~~~~~~
/home/ec2-user/arduino-testlib/cli-datadir/user/libraries/InterpolationLib/src/InterpolationLib.cpp:75:119: error: default argument given for parameter 5 of &#39;static double Interpolation::CatmullSpline(double*, double*, int, double, bool)&#39; [-fpermissive]
 double Interpolation::CatmullSpline(double xValues[], double yValues[], int numValues, double pointX, bool trim = true)
                                                                                                                       ^
In file included from /home/ec2-user/arduino-testlib/cli-datadir/user/libraries/InterpolationLib/src/InterpolationLib.cpp:8:0:
/home/ec2-user/arduino-testlib/cli-datadir/user/libraries/InterpolationLib/src/InterpolationLib.h:73:16: note: previous specification in &#39;static double Interpolation::CatmullSpline(double*, double*, int, double, bool)&#39; here
  static double CatmullSpline(double xValues[], double yValues[], int numValues, double pointX, bool trim = true);
                ^~~~~~~~~~~~~
/home/ec2-user/arduino-testlib/cli-datadir/user/libraries/InterpolationLib/src/InterpolationLib.cpp:131:123: error: default argument given for parameter 5 of &#39;static double Interpolation::ConstrainedSpline(double*, double*, int, double, bool)&#39; [-fpermissive]
 double Interpolation::ConstrainedSpline(double xValues[], double yValues[], int numValues, double pointX, bool trim = true)
                                                                                                                           ^
In file included from /home/ec2-user/arduino-testlib/cli-datadir/user/libraries/InterpolationLib/src/InterpolationLib.cpp:8:0:
/home/ec2-user/arduino-testlib/cli-datadir/user/libraries/InterpolationLib/src/InterpolationLib.h:74:16: note: previous specification in &#39;static double Interpolation::ConstrainedSpline(double*, double*, int, double, bool)&#39; here
  static double ConstrainedSpline(double xValues[], double yValues[], int numValues, double pointX, bool trim = true);
                ^~~~~~~~~~~~~~~~~

</pre>

					
					<h4>examples/Interpolation</h4>
					<p>
						Result: <b>FAIL</b>
					</p>
					<pre class="pre-scrollable">/home/ec2-user/arduino-testlib/cli-datadir/user/libraries/InterpolationLib/src/InterpolationLib.cpp:10:114: error: default argument given for parameter 5 of &#39;static double Interpolation::Step(double*, double*, int, double, double)&#39; [-fpermissive]
 double Interpolation::Step(double xValues[], double yValues[], int numValues, double pointX, double threshold = 1)
                                                                                                                  ^
In file included from /home/ec2-user/arduino-testlib/cli-datadir/user/libraries/InterpolationLib/src/InterpolationLib.cpp:8:0:
/home/ec2-user/arduino-testlib/cli-datadir/user/libraries/InterpolationLib/src/InterpolationLib.h:66:16: note: previous specification in &#39;static double Interpolation::Step(double*, double*, int, double, double)&#39; here
  static double Step(double xValues[], double yValues[], int numValues, double pointX, double threshold = 1);
                ^~~~
/home/ec2-user/arduino-testlib/cli-datadir/user/libraries/InterpolationLib/src/InterpolationLib.cpp:24:112: error: default argument given for parameter 5 of &#39;static double Interpolation::Linear(double*, double*, int, double, bool)&#39; [-fpermissive]
 double Interpolation::Linear(double xValues[], double yValues[], int numValues, double pointX, bool trim = true)
                                                                                                                ^
In file included from /home/ec2-user/arduino-testlib/cli-datadir/user/libraries/InterpolationLib/src/InterpolationLib.cpp:8:0:
/home/ec2-user/arduino-testlib/cli-datadir/user/libraries/InterpolationLib/src/InterpolationLib.h:70:16: note: previous specification in &#39;static double Interpolation::Linear(double*, double*, int, double, bool)&#39; here
  static double Linear(double xValues[], double yValues[], int numValues, double pointX, bool trim = true);
                ^~~~~~
/home/ec2-user/arduino-testlib/cli-datadir/user/libraries/InterpolationLib/src/InterpolationLib.cpp:56:116: error: default argument given for parameter 5 of &#39;static double Interpolation::SmoothStep(double*, double*, int, double, bool)&#39; [-fpermissive]
 double Interpolation::SmoothStep(double xValues[], double yValues[], int numValues, double pointX, bool trim = true)
                                                                                                                    ^
In file included from /home/ec2-user/arduino-testlib/cli-datadir/user/libraries/InterpolationLib/src/InterpolationLib.cpp:8:0:
/home/ec2-user/arduino-testlib/cli-datadir/user/libraries/InterpolationLib/src/InterpolationLib.h:72:16: note: previous specification in &#39;static double Interpolation::SmoothStep(double*, double*, int, double, bool)&#39; here
  static double SmoothStep(double xValues[], double yValues[], int numValues, double pointX, bool trim = true);
                ^~~~~~~~~~
/home/ec2-user/arduino-testlib/cli-datadir/user/libraries/InterpolationLib/src/InterpolationLib.cpp:75:119: error: default argument given for parameter 5 of &#39;static double Interpolation::CatmullSpline(double*, double*, int, double, bool)&#39; [-fpermissive]
 double Interpolation::CatmullSpline(double xValues[], double yValues[], int numValues, double pointX, bool trim = true)
                                                                                                                       ^
In file included from /home/ec2-user/arduino-testlib/cli-datadir/user/libraries/InterpolationLib/src/InterpolationLib.cpp:8:0:
/home/ec2-user/arduino-testlib/cli-datadir/user/libraries/InterpolationLib/src/InterpolationLib.h:73:16: note: previous specification in &#39;static double Interpolation::CatmullSpline(double*, double*, int, double, bool)&#39; here
  static double CatmullSpline(double xValues[], double yValues[], int numValues, double pointX, bool trim = true);
                ^~~~~~~~~~~~~
/home/ec2-user/arduino-testlib/cli-datadir/user/libraries/InterpolationLib/src/InterpolationLib.cpp:131:123: error: default argument given for parameter 5 of &#39;static double Interpolation::ConstrainedSpline(double*, double*, int, double, bool)&#39; [-fpermissive]
 double Interpolation::ConstrainedSpline(double xValues[], double yValues[], int numValues, double pointX, bool trim = true)
                                                                                                                           ^
In file included from /home/ec2-user/arduino-testlib/cli-datadir/user/libraries/InterpolationLib/src/InterpolationLib.cpp:8:0:
/home/ec2-user/arduino-testlib/cli-datadir/user/libraries/InterpolationLib/src/InterpolationLib.h:74:16: note: previous specification in &#39;static double Interpolation::ConstrainedSpline(double*, double*, int, double, bool)&#39; here
  static double ConstrainedSpline(double xValues[], double yValues[], int numValues, double pointX, bool trim = true);
                ^~~~~~~~~~~~~~~~~

</pre>
					
					<h4>examples/Map</h4>
					<p>
						Result: <b>FAIL</b>
					</p>
					<pre class="pre-scrollable">/home/ec2-user/arduino-testlib/cli-datadir/user/libraries/InterpolationLib/src/InterpolationLib.cpp:10:114: error: default argument given for parameter 5 of &#39;static double Interpolation::Step(double*, double*, int, double, double)&#39; [-fpermissive]
 double Interpolation::Step(double xValues[], double yValues[], int numValues, double pointX, double threshold = 1)
                                                                                                                  ^
In file included from /home/ec2-user/arduino-testlib/cli-datadir/user/libraries/InterpolationLib/src/InterpolationLib.cpp:8:0:
/home/ec2-user/arduino-testlib/cli-datadir/user/libraries/InterpolationLib/src/InterpolationLib.h:66:16: note: previous specification in &#39;static double Interpolation::Step(double*, double*, int, double, double)&#39; here
  static double Step(double xValues[], double yValues[], int numValues, double pointX, double threshold = 1);
                ^~~~
/home/ec2-user/arduino-testlib/cli-datadir/user/libraries/InterpolationLib/src/InterpolationLib.cpp:24:112: error: default argument given for parameter 5 of &#39;static double Interpolation::Linear(double*, double*, int, double, bool)&#39; [-fpermissive]
 double Interpolation::Linear(double xValues[], double yValues[], int numValues, double pointX, bool trim = true)
                                                                                                                ^
In file included from /home/ec2-user/arduino-testlib/cli-datadir/user/libraries/InterpolationLib/src/InterpolationLib.cpp:8:0:
/home/ec2-user/arduino-testlib/cli-datadir/user/libraries/InterpolationLib/src/InterpolationLib.h:70:16: note: previous specification in &#39;static double Interpolation::Linear(double*, double*, int, double, bool)&#39; here
  static double Linear(double xValues[], double yValues[], int numValues, double pointX, bool trim = true);
                ^~~~~~
/home/ec2-user/arduino-testlib/cli-datadir/user/libraries/InterpolationLib/src/InterpolationLib.cpp:56:116: error: default argument given for parameter 5 of &#39;static double Interpolation::SmoothStep(double*, double*, int, double, bool)&#39; [-fpermissive]
 double Interpolation::SmoothStep(double xValues[], double yValues[], int numValues, double pointX, bool trim = true)
                                                                                                                    ^
In file included from /home/ec2-user/arduino-testlib/cli-datadir/user/libraries/InterpolationLib/src/InterpolationLib.cpp:8:0:
/home/ec2-user/arduino-testlib/cli-datadir/user/libraries/InterpolationLib/src/InterpolationLib.h:72:16: note: previous specification in &#39;static double Interpolation::SmoothStep(double*, double*, int, double, bool)&#39; here
  static double SmoothStep(double xValues[], double yValues[], int numValues, double pointX, bool trim = true);
                ^~~~~~~~~~
/home/ec2-user/arduino-testlib/cli-datadir/user/libraries/InterpolationLib/src/InterpolationLib.cpp:75:119: error: default argument given for parameter 5 of &#39;static double Interpolation::CatmullSpline(double*, double*, int, double, bool)&#39; [-fpermissive]
 double Interpolation::CatmullSpline(double xValues[], double yValues[], int numValues, double pointX, bool trim = true)
                                                                                                                       ^
In file included from /home/ec2-user/arduino-testlib/cli-datadir/user/libraries/InterpolationLib/src/InterpolationLib.cpp:8:0:
/home/ec2-user/arduino-testlib/cli-datadir/user/libraries/InterpolationLib/src/InterpolationLib.h:73:16: note: previous specification in &#39;static double Interpolation::CatmullSpline(double*, double*, int, double, bool)&#39; here
  static double CatmullSpline(double xValues[], double yValues[], int numValues, double pointX, bool trim = true);
                ^~~~~~~~~~~~~
/home/ec2-user/arduino-testlib/cli-datadir/user/libraries/InterpolationLib/src/InterpolationLib.cpp:131:123: error: default argument given for parameter 5 of &#39;static double Interpolation::ConstrainedSpline(double*, double*, int, double, bool)&#39; [-fpermissive]
 double Interpolation::ConstrainedSpline(double xValues[], double yValues[], int numValues, double pointX, bool trim = true)
                                                                                                                           ^
In file included from /home/ec2-user/arduino-testlib/cli-datadir/user/libraries/InterpolationLib/src/InterpolationLib.cpp:8:0:
/home/ec2-user/arduino-testlib/cli-datadir/user/libraries/InterpolationLib/src/InterpolationLib.h:74:16: note: previous specification in &#39;static double Interpolation::ConstrainedSpline(double*, double*, int, double, bool)&#39; here
  static double ConstrainedSpline(double xValues[], double yValues[], int numValues, double pointX, bool trim = true);
                ^~~~~~~~~~~~~~~~~

</pre>
					
					<h4>examples/Range</h4>
					<p>
						Result: <b>FAIL</b>
					</p>
					<pre class="pre-scrollable">/home/ec2-user/arduino-testlib/cli-datadir/user/libraries/InterpolationLib/src/InterpolationLib.cpp:10:114: error: default argument given for parameter 5 of &#39;static double Interpolation::Step(double*, double*, int, double, double)&#39; [-fpermissive]
 double Interpolation::Step(double xValues[], double yValues[], int numValues, double pointX, double threshold = 1)
                                                                                                                  ^
In file included from /home/ec2-user/arduino-testlib/cli-datadir/user/libraries/InterpolationLib/src/InterpolationLib.cpp:8:0:
/home/ec2-user/arduino-testlib/cli-datadir/user/libraries/InterpolationLib/src/InterpolationLib.h:66:16: note: previous specification in &#39;static double Interpolation::Step(double*, double*, int, double, double)&#39; here
  static double Step(double xValues[], double yValues[], int numValues, double pointX, double threshold = 1);
                ^~~~
/home/ec2-user/arduino-testlib/cli-datadir/user/libraries/InterpolationLib/src/InterpolationLib.cpp:24:112: error: default argument given for parameter 5 of &#39;static double Interpolation::Linear(double*, double*, int, double, bool)&#39; [-fpermissive]
 double Interpolation::Linear(double xValues[], double yValues[], int numValues, double pointX, bool trim = true)
                                                                                                                ^
In file included from /home/ec2-user/arduino-testlib/cli-datadir/user/libraries/InterpolationLib/src/InterpolationLib.cpp:8:0:
/home/ec2-user/arduino-testlib/cli-datadir/user/libraries/InterpolationLib/src/InterpolationLib.h:70:16: note: previous specification in &#39;static double Interpolation::Linear(double*, double*, int, double, bool)&#39; here
  static double Linear(double xValues[], double yValues[], int numValues, double pointX, bool trim = true);
                ^~~~~~
/home/ec2-user/arduino-testlib/cli-datadir/user/libraries/InterpolationLib/src/InterpolationLib.cpp:56:116: error: default argument given for parameter 5 of &#39;static double Interpolation::SmoothStep(double*, double*, int, double, bool)&#39; [-fpermissive]
 double Interpolation::SmoothStep(double xValues[], double yValues[], int numValues, double pointX, bool trim = true)
                                                                                                                    ^
In file included from /home/ec2-user/arduino-testlib/cli-datadir/user/libraries/InterpolationLib/src/InterpolationLib.cpp:8:0:
/home/ec2-user/arduino-testlib/cli-datadir/user/libraries/InterpolationLib/src/InterpolationLib.h:72:16: note: previous specification in &#39;static double Interpolation::SmoothStep(double*, double*, int, double, bool)&#39; here
  static double SmoothStep(double xValues[], double yValues[], int numValues, double pointX, bool trim = true);
                ^~~~~~~~~~
/home/ec2-user/arduino-testlib/cli-datadir/user/libraries/InterpolationLib/src/InterpolationLib.cpp:75:119: error: default argument given for parameter 5 of &#39;static double Interpolation::CatmullSpline(double*, double*, int, double, bool)&#39; [-fpermissive]
 double Interpolation::CatmullSpline(double xValues[], double yValues[], int numValues, double pointX, bool trim = true)
                                                                                                                       ^
In file included from /home/ec2-user/arduino-testlib/cli-datadir/user/libraries/InterpolationLib/src/InterpolationLib.cpp:8:0:
/home/ec2-user/arduino-testlib/cli-datadir/user/libraries/InterpolationLib/src/InterpolationLib.h:73:16: note: previous specification in &#39;static double Interpolation::CatmullSpline(double*, double*, int, double, bool)&#39; here
  static double CatmullSpline(double xValues[], double yValues[], int numValues, double pointX, bool trim = true);
                ^~~~~~~~~~~~~
/home/ec2-user/arduino-testlib/cli-datadir/user/libraries/InterpolationLib/src/InterpolationLib.cpp:131:123: error: default argument given for parameter 5 of &#39;static double Interpolation::ConstrainedSpline(double*, double*, int, double, bool)&#39; [-fpermissive]
 double Interpolation::ConstrainedSpline(double xValues[], double yValues[], int numValues, double pointX, bool trim = true)
                                                                                                                           ^
In file included from /home/ec2-user/arduino-testlib/cli-datadir/user/libraries/InterpolationLib/src/InterpolationLib.cpp:8:0:
/home/ec2-user/arduino-testlib/cli-datadir/user/libraries/InterpolationLib/src/InterpolationLib.h:74:16: note: previous specification in &#39;static double Interpolation::ConstrainedSpline(double*, double*, int, double, bool)&#39; here
  static double ConstrainedSpline(double xValues[], double yValues[], int numValues, double pointX, bool trim = true);
                ^~~~~~~~~~~~~~~~~

</pre>
					
				
				<h3 id="arduino:megaavr:nona4809">arduino:megaavr:nona4809 @ 1.8.7</h3>
				<h4>Inclusion</h4>
				<p>
					Result: <b>PASS</b>
					
				</p>
				<pre class="pre-scrollable">Sketch uses 802 bytes (1%) of program storage space. Maximum is 49152 bytes.
Global variables use 22 bytes (0%) of dynamic memory, leaving 6122 bytes for local variables. Maximum is 6144 bytes.
</pre>

					
					<h4>examples/Interpolation</h4>
					<p>
						Result: <b>PASS</b>
					</p>
					<pre class="pre-scrollable">Sketch uses 9041 bytes (18%) of program storage space. Maximum is 49152 bytes.
Global variables use 257 bytes (4%) of dynamic memory, leaving 5887 bytes for local variables. Maximum is 6144 bytes.
</pre>
					
					<h4>examples/Map</h4>
					<p>
						Result: <b>PASS</b>
					</p>
					<pre class="pre-scrollable">Sketch uses 2828 bytes (5%) of program storage space. Maximum is 49152 bytes.
Global variables use 177 bytes (2%) of dynamic memory, leaving 5967 bytes for local variables. Maximum is 6144 bytes.
</pre>
					
					<h4>examples/Range</h4>
					<p>
						Result: <b>PASS</b>
					</p>
					<pre class="pre-scrollable">Sketch uses 4149 bytes (8%) of program storage space. Maximum is 49152 bytes.
Global variables use 177 bytes (2%) of dynamic memory, leaving 5967 bytes for local variables. Maximum is 6144 bytes.
</pre>
					
				
				<h3 id="arduino:samd:mkrwifi1010">arduino:samd:mkrwifi1010 @ 1.8.12</h3>
				<h4>Inclusion</h4>
				<p>
					Result: <b>FAIL</b>
					
				</p>
				<pre class="pre-scrollable">/Users/alranel/Documents/git/arduino/arduino-testlib/cli-datadir/user/libraries/InterpolationLib/src/InterpolationLib.cpp:10:114: error: default argument given for parameter 5 of &#39;static double Interpolation::Step(double*, double*, int, double, double)&#39; [-fpermissive]
 double Interpolation::Step(double xValues[], double yValues[], int numValues, double pointX, double threshold = 1)
                                                                                                                  ^
In file included from /Users/alranel/Documents/git/arduino/arduino-testlib/cli-datadir/user/libraries/InterpolationLib/src/InterpolationLib.cpp:8:0:
/Users/alranel/Documents/git/arduino/arduino-testlib/cli-datadir/user/libraries/InterpolationLib/src/InterpolationLib.h:66:16: note: previous specification in &#39;static double Interpolation::Step(double*, double*, int, double, double)&#39; here
  static double Step(double xValues[], double yValues[], int numValues, double pointX, double threshold = 1);
                ^~~~
/Users/alranel/Documents/git/arduino/arduino-testlib/cli-datadir/user/libraries/InterpolationLib/src/InterpolationLib.cpp:24:112: error: default argument given for parameter 5 of &#39;static double Interpolation::Linear(double*, double*, int, double, bool)&#39; [-fpermissive]
 double Interpolation::Linear(double xValues[], double yValues[], int numValues, double pointX, bool trim = true)
                                                                                                                ^
In file included from /Users/alranel/Documents/git/arduino/arduino-testlib/cli-datadir/user/libraries/InterpolationLib/src/InterpolationLib.cpp:8:0:
/Users/alranel/Documents/git/arduino/arduino-testlib/cli-datadir/user/libraries/InterpolationLib/src/InterpolationLib.h:70:16: note: previous specification in &#39;static double Interpolation::Linear(double*, double*, int, double, bool)&#39; here
  static double Linear(double xValues[], double yValues[], int numValues, double pointX, bool trim = true);
                ^~~~~~
/Users/alranel/Documents/git/arduino/arduino-testlib/cli-datadir/user/libraries/InterpolationLib/src/InterpolationLib.cpp:56:116: error: default argument given for parameter 5 of &#39;static double Interpolation::SmoothStep(double*, double*, int, double, bool)&#39; [-fpermissive]
 double Interpolation::SmoothStep(double xValues[], double yValues[], int numValues, double pointX, bool trim = true)
                                                                                                                    ^
In file included from /Users/alranel/Documents/git/arduino/arduino-testlib/cli-datadir/user/libraries/InterpolationLib/src/InterpolationLib.cpp:8:0:
/Users/alranel/Documents/git/arduino/arduino-testlib/cli-datadir/user/libraries/InterpolationLib/src/InterpolationLib.h:72:16: note: previous specification in &#39;static double Interpolation::SmoothStep(double*, double*, int, double, bool)&#39; here
  static double SmoothStep(double xValues[], double yValues[], int numValues, double pointX, bool trim = true);
                ^~~~~~~~~~
/Users/alranel/Documents/git/arduino/arduino-testlib/cli-datadir/user/libraries/InterpolationLib/src/InterpolationLib.cpp:75:119: error: default argument given for parameter 5 of &#39;static double Interpolation::CatmullSpline(double*, double*, int, double, bool)&#39; [-fpermissive]
 double Interpolation::CatmullSpline(double xValues[], double yValues[], int numValues, double pointX, bool trim = true)
                                                                                                                       ^
In file included from /Users/alranel/Documents/git/arduino/arduino-testlib/cli-datadir/user/libraries/InterpolationLib/src/InterpolationLib.cpp:8:0:
/Users/alranel/Documents/git/arduino/arduino-testlib/cli-datadir/user/libraries/InterpolationLib/src/InterpolationLib.h:73:16: note: previous specification in &#39;static double Interpolation::CatmullSpline(double*, double*, int, double, bool)&#39; here
  static double CatmullSpline(double xValues[], double yValues[], int numValues, double pointX, bool trim = true);
                ^~~~~~~~~~~~~
/Users/alranel/Documents/git/arduino/arduino-testlib/cli-datadir/user/libraries/InterpolationLib/src/InterpolationLib.cpp:131:123: error: default argument given for parameter 5 of &#39;static double Interpolation::ConstrainedSpline(double*, double*, int, double, bool)&#39; [-fpermissive]
 double Interpolation::ConstrainedSpline(double xValues[], double yValues[], int numValues, double pointX, bool trim = true)
                                                                                                                           ^
In file included from /Users/alranel/Documents/git/arduino/arduino-testlib/cli-datadir/user/libraries/InterpolationLib/src/InterpolationLib.cpp:8:0:
/Users/alranel/Documents/git/arduino/arduino-testlib/cli-datadir/user/libraries/InterpolationLib/src/InterpolationLib.h:74:16: note: previous specification in &#39;static double Interpolation::ConstrainedSpline(double*, double*, int, double, bool)&#39; here
  static double ConstrainedSpline(double xValues[], double yValues[], int numValues, double pointX, bool trim = true);
                ^~~~~~~~~~~~~~~~~

</pre>

					
					<h4>examples/Interpolation</h4>
					<p>
						Result: <b>FAIL</b>
					</p>
					<pre class="pre-scrollable">/Users/alranel/Documents/git/arduino/arduino-testlib/cli-datadir/user/libraries/InterpolationLib/src/InterpolationLib.cpp:10:114: error: default argument given for parameter 5 of &#39;static double Interpolation::Step(double*, double*, int, double, double)&#39; [-fpermissive]
 double Interpolation::Step(double xValues[], double yValues[], int numValues, double pointX, double threshold = 1)
                                                                                                                  ^
In file included from /Users/alranel/Documents/git/arduino/arduino-testlib/cli-datadir/user/libraries/InterpolationLib/src/InterpolationLib.cpp:8:0:
/Users/alranel/Documents/git/arduino/arduino-testlib/cli-datadir/user/libraries/InterpolationLib/src/InterpolationLib.h:66:16: note: previous specification in &#39;static double Interpolation::Step(double*, double*, int, double, double)&#39; here
  static double Step(double xValues[], double yValues[], int numValues, double pointX, double threshold = 1);
                ^~~~
/Users/alranel/Documents/git/arduino/arduino-testlib/cli-datadir/user/libraries/InterpolationLib/src/InterpolationLib.cpp:24:112: error: default argument given for parameter 5 of &#39;static double Interpolation::Linear(double*, double*, int, double, bool)&#39; [-fpermissive]
 double Interpolation::Linear(double xValues[], double yValues[], int numValues, double pointX, bool trim = true)
                                                                                                                ^
In file included from /Users/alranel/Documents/git/arduino/arduino-testlib/cli-datadir/user/libraries/InterpolationLib/src/InterpolationLib.cpp:8:0:
/Users/alranel/Documents/git/arduino/arduino-testlib/cli-datadir/user/libraries/InterpolationLib/src/InterpolationLib.h:70:16: note: previous specification in &#39;static double Interpolation::Linear(double*, double*, int, double, bool)&#39; here
  static double Linear(double xValues[], double yValues[], int numValues, double pointX, bool trim = true);
                ^~~~~~
/Users/alranel/Documents/git/arduino/arduino-testlib/cli-datadir/user/libraries/InterpolationLib/src/InterpolationLib.cpp:56:116: error: default argument given for parameter 5 of &#39;static double Interpolation::SmoothStep(double*, double*, int, double, bool)&#39; [-fpermissive]
 double Interpolation::SmoothStep(double xValues[], double yValues[], int numValues, double pointX, bool trim = true)
                                                                                                                    ^
In file included from /Users/alranel/Documents/git/arduino/arduino-testlib/cli-datadir/user/libraries/InterpolationLib/src/InterpolationLib.cpp:8:0:
/Users/alranel/Documents/git/arduino/arduino-testlib/cli-datadir/user/libraries/InterpolationLib/src/InterpolationLib.h:72:16: note: previous specification in &#39;static double Interpolation::SmoothStep(double*, double*, int, double, bool)&#39; here
  static double SmoothStep(double xValues[], double yValues[], int numValues, double pointX, bool trim = true);
                ^~~~~~~~~~
/Users/alranel/Documents/git/arduino/arduino-testlib/cli-datadir/user/libraries/InterpolationLib/src/InterpolationLib.cpp:75:119: error: default argument given for parameter 5 of &#39;static double Interpolation::CatmullSpline(double*, double*, int, double, bool)&#39; [-fpermissive]
 double Interpolation::CatmullSpline(double xValues[], double yValues[], int numValues, double pointX, bool trim = true)
                                                                                                                       ^
In file included from /Users/alranel/Documents/git/arduino/arduino-testlib/cli-datadir/user/libraries/InterpolationLib/src/InterpolationLib.cpp:8:0:
/Users/alranel/Documents/git/arduino/arduino-testlib/cli-datadir/user/libraries/InterpolationLib/src/InterpolationLib.h:73:16: note: previous specification in &#39;static double Interpolation::CatmullSpline(double*, double*, int, double, bool)&#39; here
  static double CatmullSpline(double xValues[], double yValues[], int numValues, double pointX, bool trim = true);
                ^~~~~~~~~~~~~
/Users/alranel/Documents/git/arduino/arduino-testlib/cli-datadir/user/libraries/InterpolationLib/src/InterpolationLib.cpp:131:123: error: default argument given for parameter 5 of &#39;static double Interpolation::ConstrainedSpline(double*, double*, int, double, bool)&#39; [-fpermissive]
 double Interpolation::ConstrainedSpline(double xValues[], double yValues[], int numValues, double pointX, bool trim = true)
                                                                                                                           ^
In file included from /Users/alranel/Documents/git/arduino/arduino-testlib/cli-datadir/user/libraries/InterpolationLib/src/InterpolationLib.cpp:8:0:
/Users/alranel/Documents/git/arduino/arduino-testlib/cli-datadir/user/libraries/InterpolationLib/src/InterpolationLib.h:74:16: note: previous specification in &#39;static double Interpolation::ConstrainedSpline(double*, double*, int, double, bool)&#39; here
  static double ConstrainedSpline(double xValues[], double yValues[], int numValues, double pointX, bool trim = true);
                ^~~~~~~~~~~~~~~~~

</pre>
					
					<h4>examples/Map</h4>
					<p>
						Result: <b>FAIL</b>
					</p>
					<pre class="pre-scrollable">/Users/alranel/Documents/git/arduino/arduino-testlib/cli-datadir/user/libraries/InterpolationLib/src/InterpolationLib.cpp:10:114: error: default argument given for parameter 5 of &#39;static double Interpolation::Step(double*, double*, int, double, double)&#39; [-fpermissive]
 double Interpolation::Step(double xValues[], double yValues[], int numValues, double pointX, double threshold = 1)
                                                                                                                  ^
In file included from /Users/alranel/Documents/git/arduino/arduino-testlib/cli-datadir/user/libraries/InterpolationLib/src/InterpolationLib.cpp:8:0:
/Users/alranel/Documents/git/arduino/arduino-testlib/cli-datadir/user/libraries/InterpolationLib/src/InterpolationLib.h:66:16: note: previous specification in &#39;static double Interpolation::Step(double*, double*, int, double, double)&#39; here
  static double Step(double xValues[], double yValues[], int numValues, double pointX, double threshold = 1);
                ^~~~
/Users/alranel/Documents/git/arduino/arduino-testlib/cli-datadir/user/libraries/InterpolationLib/src/InterpolationLib.cpp:24:112: error: default argument given for parameter 5 of &#39;static double Interpolation::Linear(double*, double*, int, double, bool)&#39; [-fpermissive]
 double Interpolation::Linear(double xValues[], double yValues[], int numValues, double pointX, bool trim = true)
                                                                                                                ^
In file included from /Users/alranel/Documents/git/arduino/arduino-testlib/cli-datadir/user/libraries/InterpolationLib/src/InterpolationLib.cpp:8:0:
/Users/alranel/Documents/git/arduino/arduino-testlib/cli-datadir/user/libraries/InterpolationLib/src/InterpolationLib.h:70:16: note: previous specification in &#39;static double Interpolation::Linear(double*, double*, int, double, bool)&#39; here
  static double Linear(double xValues[], double yValues[], int numValues, double pointX, bool trim = true);
                ^~~~~~
/Users/alranel/Documents/git/arduino/arduino-testlib/cli-datadir/user/libraries/InterpolationLib/src/InterpolationLib.cpp:56:116: error: default argument given for parameter 5 of &#39;static double Interpolation::SmoothStep(double*, double*, int, double, bool)&#39; [-fpermissive]
 double Interpolation::SmoothStep(double xValues[], double yValues[], int numValues, double pointX, bool trim = true)
                                                                                                                    ^
In file included from /Users/alranel/Documents/git/arduino/arduino-testlib/cli-datadir/user/libraries/InterpolationLib/src/InterpolationLib.cpp:8:0:
/Users/alranel/Documents/git/arduino/arduino-testlib/cli-datadir/user/libraries/InterpolationLib/src/InterpolationLib.h:72:16: note: previous specification in &#39;static double Interpolation::SmoothStep(double*, double*, int, double, bool)&#39; here
  static double SmoothStep(double xValues[], double yValues[], int numValues, double pointX, bool trim = true);
                ^~~~~~~~~~
/Users/alranel/Documents/git/arduino/arduino-testlib/cli-datadir/user/libraries/InterpolationLib/src/InterpolationLib.cpp:75:119: error: default argument given for parameter 5 of &#39;static double Interpolation::CatmullSpline(double*, double*, int, double, bool)&#39; [-fpermissive]
 double Interpolation::CatmullSpline(double xValues[], double yValues[], int numValues, double pointX, bool trim = true)
                                                                                                                       ^
In file included from /Users/alranel/Documents/git/arduino/arduino-testlib/cli-datadir/user/libraries/InterpolationLib/src/InterpolationLib.cpp:8:0:
/Users/alranel/Documents/git/arduino/arduino-testlib/cli-datadir/user/libraries/InterpolationLib/src/InterpolationLib.h:73:16: note: previous specification in &#39;static double Interpolation::CatmullSpline(double*, double*, int, double, bool)&#39; here
  static double CatmullSpline(double xValues[], double yValues[], int numValues, double pointX, bool trim = true);
                ^~~~~~~~~~~~~
/Users/alranel/Documents/git/arduino/arduino-testlib/cli-datadir/user/libraries/InterpolationLib/src/InterpolationLib.cpp:131:123: error: default argument given for parameter 5 of &#39;static double Interpolation::ConstrainedSpline(double*, double*, int, double, bool)&#39; [-fpermissive]
 double Interpolation::ConstrainedSpline(double xValues[], double yValues[], int numValues, double pointX, bool trim = true)
                                                                                                                           ^
In file included from /Users/alranel/Documents/git/arduino/arduino-testlib/cli-datadir/user/libraries/InterpolationLib/src/InterpolationLib.cpp:8:0:
/Users/alranel/Documents/git/arduino/arduino-testlib/cli-datadir/user/libraries/InterpolationLib/src/InterpolationLib.h:74:16: note: previous specification in &#39;static double Interpolation::ConstrainedSpline(double*, double*, int, double, bool)&#39; here
  static double ConstrainedSpline(double xValues[], double yValues[], int numValues, double pointX, bool trim = true);
                ^~~~~~~~~~~~~~~~~

</pre>
					
					<h4>examples/Range</h4>
					<p>
						Result: <b>FAIL</b>
					</p>
					<pre class="pre-scrollable">/Users/alranel/Documents/git/arduino/arduino-testlib/cli-datadir/user/libraries/InterpolationLib/src/InterpolationLib.cpp:10:114: error: default argument given for parameter 5 of &#39;static double Interpolation::Step(double*, double*, int, double, double)&#39; [-fpermissive]
 double Interpolation::Step(double xValues[], double yValues[], int numValues, double pointX, double threshold = 1)
                                                                                                                  ^
In file included from /Users/alranel/Documents/git/arduino/arduino-testlib/cli-datadir/user/libraries/InterpolationLib/src/InterpolationLib.cpp:8:0:
/Users/alranel/Documents/git/arduino/arduino-testlib/cli-datadir/user/libraries/InterpolationLib/src/InterpolationLib.h:66:16: note: previous specification in &#39;static double Interpolation::Step(double*, double*, int, double, double)&#39; here
  static double Step(double xValues[], double yValues[], int numValues, double pointX, double threshold = 1);
                ^~~~
/Users/alranel/Documents/git/arduino/arduino-testlib/cli-datadir/user/libraries/InterpolationLib/src/InterpolationLib.cpp:24:112: error: default argument given for parameter 5 of &#39;static double Interpolation::Linear(double*, double*, int, double, bool)&#39; [-fpermissive]
 double Interpolation::Linear(double xValues[], double yValues[], int numValues, double pointX, bool trim = true)
                                                                                                                ^
In file included from /Users/alranel/Documents/git/arduino/arduino-testlib/cli-datadir/user/libraries/InterpolationLib/src/InterpolationLib.cpp:8:0:
/Users/alranel/Documents/git/arduino/arduino-testlib/cli-datadir/user/libraries/InterpolationLib/src/InterpolationLib.h:70:16: note: previous specification in &#39;static double Interpolation::Linear(double*, double*, int, double, bool)&#39; here
  static double Linear(double xValues[], double yValues[], int numValues, double pointX, bool trim = true);
                ^~~~~~
/Users/alranel/Documents/git/arduino/arduino-testlib/cli-datadir/user/libraries/InterpolationLib/src/InterpolationLib.cpp:56:116: error: default argument given for parameter 5 of &#39;static double Interpolation::SmoothStep(double*, double*, int, double, bool)&#39; [-fpermissive]
 double Interpolation::SmoothStep(double xValues[], double yValues[], int numValues, double pointX, bool trim = true)
                                                                                                                    ^
In file included from /Users/alranel/Documents/git/arduino/arduino-testlib/cli-datadir/user/libraries/InterpolationLib/src/InterpolationLib.cpp:8:0:
/Users/alranel/Documents/git/arduino/arduino-testlib/cli-datadir/user/libraries/InterpolationLib/src/InterpolationLib.h:72:16: note: previous specification in &#39;static double Interpolation::SmoothStep(double*, double*, int, double, bool)&#39; here
  static double SmoothStep(double xValues[], double yValues[], int numValues, double pointX, bool trim = true);
                ^~~~~~~~~~
/Users/alranel/Documents/git/arduino/arduino-testlib/cli-datadir/user/libraries/InterpolationLib/src/InterpolationLib.cpp:75:119: error: default argument given for parameter 5 of &#39;static double Interpolation::CatmullSpline(double*, double*, int, double, bool)&#39; [-fpermissive]
 double Interpolation::CatmullSpline(double xValues[], double yValues[], int numValues, double pointX, bool trim = true)
                                                                                                                       ^
In file included from /Users/alranel/Documents/git/arduino/arduino-testlib/cli-datadir/user/libraries/InterpolationLib/src/InterpolationLib.cpp:8:0:
/Users/alranel/Documents/git/arduino/arduino-testlib/cli-datadir/user/libraries/InterpolationLib/src/InterpolationLib.h:73:16: note: previous specification in &#39;static double Interpolation::CatmullSpline(double*, double*, int, double, bool)&#39; here
  static double CatmullSpline(double xValues[], double yValues[], int numValues, double pointX, bool trim = true);
                ^~~~~~~~~~~~~
/Users/alranel/Documents/git/arduino/arduino-testlib/cli-datadir/user/libraries/InterpolationLib/src/InterpolationLib.cpp:131:123: error: default argument given for parameter 5 of &#39;static double Interpolation::ConstrainedSpline(double*, double*, int, double, bool)&#39; [-fpermissive]
 double Interpolation::ConstrainedSpline(double xValues[], double yValues[], int numValues, double pointX, bool trim = true)
                                                                                                                           ^
In file included from /Users/alranel/Documents/git/arduino/arduino-testlib/cli-datadir/user/libraries/InterpolationLib/src/InterpolationLib.cpp:8:0:
/Users/alranel/Documents/git/arduino/arduino-testlib/cli-datadir/user/libraries/InterpolationLib/src/InterpolationLib.h:74:16: note: previous specification in &#39;static double Interpolation::ConstrainedSpline(double*, double*, int, double, bool)&#39; here
  static double ConstrainedSpline(double xValues[], double yValues[], int numValues, double pointX, bool trim = true);
                ^~~~~~~~~~~~~~~~~

</pre>
					
				
				<h3 id="esp32:esp32:d1_mini32">esp32:esp32:d1_mini32 @ 1.0.6</h3>
				<h4>Inclusion</h4>
				<p>
					Result: <b>FAIL</b>
					
				</p>
				<pre class="pre-scrollable">/home/ec2-user/arduino-testlib/cli-datadir/user/libraries/InterpolationLib/src/InterpolationLib.cpp:10:114: error: default argument given for parameter 5 of &#39;static double Interpolation::Step(double*, double*, int, double, double)&#39; [-fpermissive]
 double Interpolation::Step(double xValues[], double yValues[], int numValues, double pointX, double threshold = 1)
                                                                                                                  ^
In file included from /home/ec2-user/arduino-testlib/cli-datadir/user/libraries/InterpolationLib/src/InterpolationLib.cpp:8:0:
/home/ec2-user/arduino-testlib/cli-datadir/user/libraries/InterpolationLib/src/InterpolationLib.h:66:16: note: previous specification in &#39;static double Interpolation::Step(double*, double*, int, double, double)&#39; here
  static double Step(double xValues[], double yValues[], int numValues, double pointX, double threshold = 1);
                ^
/home/ec2-user/arduino-testlib/cli-datadir/user/libraries/InterpolationLib/src/InterpolationLib.cpp:24:112: error: default argument given for parameter 5 of &#39;static double Interpolation::Linear(double*, double*, int, double, bool)&#39; [-fpermissive]
 double Interpolation::Linear(double xValues[], double yValues[], int numValues, double pointX, bool trim = true)
                                                                                                                ^
In file included from /home/ec2-user/arduino-testlib/cli-datadir/user/libraries/InterpolationLib/src/InterpolationLib.cpp:8:0:
/home/ec2-user/arduino-testlib/cli-datadir/user/libraries/InterpolationLib/src/InterpolationLib.h:70:16: note: previous specification in &#39;static double Interpolation::Linear(double*, double*, int, double, bool)&#39; here
  static double Linear(double xValues[], double yValues[], int numValues, double pointX, bool trim = true);
                ^
/home/ec2-user/arduino-testlib/cli-datadir/user/libraries/InterpolationLib/src/InterpolationLib.cpp:56:116: error: default argument given for parameter 5 of &#39;static double Interpolation::SmoothStep(double*, double*, int, double, bool)&#39; [-fpermissive]
 double Interpolation::SmoothStep(double xValues[], double yValues[], int numValues, double pointX, bool trim = true)
                                                                                                                    ^
In file included from /home/ec2-user/arduino-testlib/cli-datadir/user/libraries/InterpolationLib/src/InterpolationLib.cpp:8:0:
/home/ec2-user/arduino-testlib/cli-datadir/user/libraries/InterpolationLib/src/InterpolationLib.h:72:16: note: previous specification in &#39;static double Interpolation::SmoothStep(double*, double*, int, double, bool)&#39; here
  static double SmoothStep(double xValues[], double yValues[], int numValues, double pointX, bool trim = true);
                ^
/home/ec2-user/arduino-testlib/cli-datadir/user/libraries/InterpolationLib/src/InterpolationLib.cpp:75:119: error: default argument given for parameter 5 of &#39;static double Interpolation::CatmullSpline(double*, double*, int, double, bool)&#39; [-fpermissive]
 double Interpolation::CatmullSpline(double xValues[], double yValues[], int numValues, double pointX, bool trim = true)
                                                                                                                       ^
In file included from /home/ec2-user/arduino-testlib/cli-datadir/user/libraries/InterpolationLib/src/InterpolationLib.cpp:8:0:
/home/ec2-user/arduino-testlib/cli-datadir/user/libraries/InterpolationLib/src/InterpolationLib.h:73:16: note: previous specification in &#39;static double Interpolation::CatmullSpline(double*, double*, int, double, bool)&#39; here
  static double CatmullSpline(double xValues[], double yValues[], int numValues, double pointX, bool trim = true);
                ^
/home/ec2-user/arduino-testlib/cli-datadir/user/libraries/InterpolationLib/src/InterpolationLib.cpp:131:123: error: default argument given for parameter 5 of &#39;static double Interpolation::ConstrainedSpline(double*, double*, int, double, bool)&#39; [-fpermissive]
 double Interpolation::ConstrainedSpline(double xValues[], double yValues[], int numValues, double pointX, bool trim = true)
                                                                                                                           ^
In file included from /home/ec2-user/arduino-testlib/cli-datadir/user/libraries/InterpolationLib/src/InterpolationLib.cpp:8:0:
/home/ec2-user/arduino-testlib/cli-datadir/user/libraries/InterpolationLib/src/InterpolationLib.h:74:16: note: previous specification in &#39;static double Interpolation::ConstrainedSpline(double*, double*, int, double, bool)&#39; here
  static double ConstrainedSpline(double xValues[], double yValues[], int numValues, double pointX, bool trim = true);
                ^

</pre>

					
					<h4>examples/Interpolation</h4>
					<p>
						Result: <b>FAIL</b>
					</p>
					<pre class="pre-scrollable">/home/ec2-user/arduino-testlib/cli-datadir/user/libraries/InterpolationLib/src/InterpolationLib.cpp:10:114: error: default argument given for parameter 5 of &#39;static double Interpolation::Step(double*, double*, int, double, double)&#39; [-fpermissive]
 double Interpolation::Step(double xValues[], double yValues[], int numValues, double pointX, double threshold = 1)
                                                                                                                  ^
In file included from /home/ec2-user/arduino-testlib/cli-datadir/user/libraries/InterpolationLib/src/InterpolationLib.cpp:8:0:
/home/ec2-user/arduino-testlib/cli-datadir/user/libraries/InterpolationLib/src/InterpolationLib.h:66:16: note: previous specification in &#39;static double Interpolation::Step(double*, double*, int, double, double)&#39; here
  static double Step(double xValues[], double yValues[], int numValues, double pointX, double threshold = 1);
                ^
/home/ec2-user/arduino-testlib/cli-datadir/user/libraries/InterpolationLib/src/InterpolationLib.cpp:24:112: error: default argument given for parameter 5 of &#39;static double Interpolation::Linear(double*, double*, int, double, bool)&#39; [-fpermissive]
 double Interpolation::Linear(double xValues[], double yValues[], int numValues, double pointX, bool trim = true)
                                                                                                                ^
In file included from /home/ec2-user/arduino-testlib/cli-datadir/user/libraries/InterpolationLib/src/InterpolationLib.cpp:8:0:
/home/ec2-user/arduino-testlib/cli-datadir/user/libraries/InterpolationLib/src/InterpolationLib.h:70:16: note: previous specification in &#39;static double Interpolation::Linear(double*, double*, int, double, bool)&#39; here
  static double Linear(double xValues[], double yValues[], int numValues, double pointX, bool trim = true);
                ^
/home/ec2-user/arduino-testlib/cli-datadir/user/libraries/InterpolationLib/src/InterpolationLib.cpp:56:116: error: default argument given for parameter 5 of &#39;static double Interpolation::SmoothStep(double*, double*, int, double, bool)&#39; [-fpermissive]
 double Interpolation::SmoothStep(double xValues[], double yValues[], int numValues, double pointX, bool trim = true)
                                                                                                                    ^
In file included from /home/ec2-user/arduino-testlib/cli-datadir/user/libraries/InterpolationLib/src/InterpolationLib.cpp:8:0:
/home/ec2-user/arduino-testlib/cli-datadir/user/libraries/InterpolationLib/src/InterpolationLib.h:72:16: note: previous specification in &#39;static double Interpolation::SmoothStep(double*, double*, int, double, bool)&#39; here
  static double SmoothStep(double xValues[], double yValues[], int numValues, double pointX, bool trim = true);
                ^
/home/ec2-user/arduino-testlib/cli-datadir/user/libraries/InterpolationLib/src/InterpolationLib.cpp:75:119: error: default argument given for parameter 5 of &#39;static double Interpolation::CatmullSpline(double*, double*, int, double, bool)&#39; [-fpermissive]
 double Interpolation::CatmullSpline(double xValues[], double yValues[], int numValues, double pointX, bool trim = true)
                                                                                                                       ^
In file included from /home/ec2-user/arduino-testlib/cli-datadir/user/libraries/InterpolationLib/src/InterpolationLib.cpp:8:0:
/home/ec2-user/arduino-testlib/cli-datadir/user/libraries/InterpolationLib/src/InterpolationLib.h:73:16: note: previous specification in &#39;static double Interpolation::CatmullSpline(double*, double*, int, double, bool)&#39; here
  static double CatmullSpline(double xValues[], double yValues[], int numValues, double pointX, bool trim = true);
                ^
/home/ec2-user/arduino-testlib/cli-datadir/user/libraries/InterpolationLib/src/InterpolationLib.cpp:131:123: error: default argument given for parameter 5 of &#39;static double Interpolation::ConstrainedSpline(double*, double*, int, double, bool)&#39; [-fpermissive]
 double Interpolation::ConstrainedSpline(double xValues[], double yValues[], int numValues, double pointX, bool trim = true)
                                                                                                                           ^
In file included from /home/ec2-user/arduino-testlib/cli-datadir/user/libraries/InterpolationLib/src/InterpolationLib.cpp:8:0:
/home/ec2-user/arduino-testlib/cli-datadir/user/libraries/InterpolationLib/src/InterpolationLib.h:74:16: note: previous specification in &#39;static double Interpolation::ConstrainedSpline(double*, double*, int, double, bool)&#39; here
  static double ConstrainedSpline(double xValues[], double yValues[], int numValues, double pointX, bool trim = true);
                ^

</pre>
					
					<h4>examples/Map</h4>
					<p>
						Result: <b>FAIL</b>
					</p>
					<pre class="pre-scrollable">/home/ec2-user/arduino-testlib/cli-datadir/user/libraries/InterpolationLib/src/InterpolationLib.cpp:10:114: error: default argument given for parameter 5 of &#39;static double Interpolation::Step(double*, double*, int, double, double)&#39; [-fpermissive]
 double Interpolation::Step(double xValues[], double yValues[], int numValues, double pointX, double threshold = 1)
                                                                                                                  ^
In file included from /home/ec2-user/arduino-testlib/cli-datadir/user/libraries/InterpolationLib/src/InterpolationLib.cpp:8:0:
/home/ec2-user/arduino-testlib/cli-datadir/user/libraries/InterpolationLib/src/InterpolationLib.h:66:16: note: previous specification in &#39;static double Interpolation::Step(double*, double*, int, double, double)&#39; here
  static double Step(double xValues[], double yValues[], int numValues, double pointX, double threshold = 1);
                ^
/home/ec2-user/arduino-testlib/cli-datadir/user/libraries/InterpolationLib/src/InterpolationLib.cpp:24:112: error: default argument given for parameter 5 of &#39;static double Interpolation::Linear(double*, double*, int, double, bool)&#39; [-fpermissive]
 double Interpolation::Linear(double xValues[], double yValues[], int numValues, double pointX, bool trim = true)
                                                                                                                ^
In file included from /home/ec2-user/arduino-testlib/cli-datadir/user/libraries/InterpolationLib/src/InterpolationLib.cpp:8:0:
/home/ec2-user/arduino-testlib/cli-datadir/user/libraries/InterpolationLib/src/InterpolationLib.h:70:16: note: previous specification in &#39;static double Interpolation::Linear(double*, double*, int, double, bool)&#39; here
  static double Linear(double xValues[], double yValues[], int numValues, double pointX, bool trim = true);
                ^
/home/ec2-user/arduino-testlib/cli-datadir/user/libraries/InterpolationLib/src/InterpolationLib.cpp:56:116: error: default argument given for parameter 5 of &#39;static double Interpolation::SmoothStep(double*, double*, int, double, bool)&#39; [-fpermissive]
 double Interpolation::SmoothStep(double xValues[], double yValues[], int numValues, double pointX, bool trim = true)
                                                                                                                    ^
In file included from /home/ec2-user/arduino-testlib/cli-datadir/user/libraries/InterpolationLib/src/InterpolationLib.cpp:8:0:
/home/ec2-user/arduino-testlib/cli-datadir/user/libraries/InterpolationLib/src/InterpolationLib.h:72:16: note: previous specification in &#39;static double Interpolation::SmoothStep(double*, double*, int, double, bool)&#39; here
  static double SmoothStep(double xValues[], double yValues[], int numValues, double pointX, bool trim = true);
                ^
/home/ec2-user/arduino-testlib/cli-datadir/user/libraries/InterpolationLib/src/InterpolationLib.cpp:75:119: error: default argument given for parameter 5 of &#39;static double Interpolation::CatmullSpline(double*, double*, int, double, bool)&#39; [-fpermissive]
 double Interpolation::CatmullSpline(double xValues[], double yValues[], int numValues, double pointX, bool trim = true)
                                                                                                                       ^
In file included from /home/ec2-user/arduino-testlib/cli-datadir/user/libraries/InterpolationLib/src/InterpolationLib.cpp:8:0:
/home/ec2-user/arduino-testlib/cli-datadir/user/libraries/InterpolationLib/src/InterpolationLib.h:73:16: note: previous specification in &#39;static double Interpolation::CatmullSpline(double*, double*, int, double, bool)&#39; here
  static double CatmullSpline(double xValues[], double yValues[], int numValues, double pointX, bool trim = true);
                ^
/home/ec2-user/arduino-testlib/cli-datadir/user/libraries/InterpolationLib/src/InterpolationLib.cpp:131:123: error: default argument given for parameter 5 of &#39;static double Interpolation::ConstrainedSpline(double*, double*, int, double, bool)&#39; [-fpermissive]
 double Interpolation::ConstrainedSpline(double xValues[], double yValues[], int numValues, double pointX, bool trim = true)
                                                                                                                           ^
In file included from /home/ec2-user/arduino-testlib/cli-datadir/user/libraries/InterpolationLib/src/InterpolationLib.cpp:8:0:
/home/ec2-user/arduino-testlib/cli-datadir/user/libraries/InterpolationLib/src/InterpolationLib.h:74:16: note: previous specification in &#39;static double Interpolation::ConstrainedSpline(double*, double*, int, double, bool)&#39; here
  static double ConstrainedSpline(double xValues[], double yValues[], int numValues, double pointX, bool trim = true);
                ^

</pre>
					
					<h4>examples/Range</h4>
					<p>
						Result: <b>FAIL</b>
					</p>
					<pre class="pre-scrollable">/home/ec2-user/arduino-testlib/cli-datadir/user/libraries/InterpolationLib/src/InterpolationLib.cpp:10:114: error: default argument given for parameter 5 of &#39;static double Interpolation::Step(double*, double*, int, double, double)&#39; [-fpermissive]
 double Interpolation::Step(double xValues[], double yValues[], int numValues, double pointX, double threshold = 1)
                                                                                                                  ^
In file included from /home/ec2-user/arduino-testlib/cli-datadir/user/libraries/InterpolationLib/src/InterpolationLib.cpp:8:0:
/home/ec2-user/arduino-testlib/cli-datadir/user/libraries/InterpolationLib/src/InterpolationLib.h:66:16: note: previous specification in &#39;static double Interpolation::Step(double*, double*, int, double, double)&#39; here
  static double Step(double xValues[], double yValues[], int numValues, double pointX, double threshold = 1);
                ^
/home/ec2-user/arduino-testlib/cli-datadir/user/libraries/InterpolationLib/src/InterpolationLib.cpp:24:112: error: default argument given for parameter 5 of &#39;static double Interpolation::Linear(double*, double*, int, double, bool)&#39; [-fpermissive]
 double Interpolation::Linear(double xValues[], double yValues[], int numValues, double pointX, bool trim = true)
                                                                                                                ^
In file included from /home/ec2-user/arduino-testlib/cli-datadir/user/libraries/InterpolationLib/src/InterpolationLib.cpp:8:0:
/home/ec2-user/arduino-testlib/cli-datadir/user/libraries/InterpolationLib/src/InterpolationLib.h:70:16: note: previous specification in &#39;static double Interpolation::Linear(double*, double*, int, double, bool)&#39; here
  static double Linear(double xValues[], double yValues[], int numValues, double pointX, bool trim = true);
                ^
/home/ec2-user/arduino-testlib/cli-datadir/user/libraries/InterpolationLib/src/InterpolationLib.cpp:56:116: error: default argument given for parameter 5 of &#39;static double Interpolation::SmoothStep(double*, double*, int, double, bool)&#39; [-fpermissive]
 double Interpolation::SmoothStep(double xValues[], double yValues[], int numValues, double pointX, bool trim = true)
                                                                                                                    ^
In file included from /home/ec2-user/arduino-testlib/cli-datadir/user/libraries/InterpolationLib/src/InterpolationLib.cpp:8:0:
/home/ec2-user/arduino-testlib/cli-datadir/user/libraries/InterpolationLib/src/InterpolationLib.h:72:16: note: previous specification in &#39;static double Interpolation::SmoothStep(double*, double*, int, double, bool)&#39; here
  static double SmoothStep(double xValues[], double yValues[], int numValues, double pointX, bool trim = true);
                ^
/home/ec2-user/arduino-testlib/cli-datadir/user/libraries/InterpolationLib/src/InterpolationLib.cpp:75:119: error: default argument given for parameter 5 of &#39;static double Interpolation::CatmullSpline(double*, double*, int, double, bool)&#39; [-fpermissive]
 double Interpolation::CatmullSpline(double xValues[], double yValues[], int numValues, double pointX, bool trim = true)
                                                                                                                       ^
In file included from /home/ec2-user/arduino-testlib/cli-datadir/user/libraries/InterpolationLib/src/InterpolationLib.cpp:8:0:
/home/ec2-user/arduino-testlib/cli-datadir/user/libraries/InterpolationLib/src/InterpolationLib.h:73:16: note: previous specification in &#39;static double Interpolation::CatmullSpline(double*, double*, int, double, bool)&#39; here
  static double CatmullSpline(double xValues[], double yValues[], int numValues, double pointX, bool trim = true);
                ^
/home/ec2-user/arduino-testlib/cli-datadir/user/libraries/InterpolationLib/src/InterpolationLib.cpp:131:123: error: default argument given for parameter 5 of &#39;static double Interpolation::ConstrainedSpline(double*, double*, int, double, bool)&#39; [-fpermissive]
 double Interpolation::ConstrainedSpline(double xValues[], double yValues[], int numValues, double pointX, bool trim = true)
                                                                                                                           ^
In file included from /home/ec2-user/arduino-testlib/cli-datadir/user/libraries/InterpolationLib/src/InterpolationLib.cpp:8:0:
/home/ec2-user/arduino-testlib/cli-datadir/user/libraries/InterpolationLib/src/InterpolationLib.h:74:16: note: previous specification in &#39;static double Interpolation::ConstrainedSpline(double*, double*, int, double, bool)&#39; here
  static double ConstrainedSpline(double xValues[], double yValues[], int numValues, double pointX, bool trim = true);
                ^

</pre>
					
				
			</div>
		</div>
	</div>
  </body>
</html>
