
<!doctype html>
<html lang="en">
  <head>
    <meta charset="utf-8">
    <meta name="viewport" content="width=device-width, initial-scale=1">
    <link href="https://cdn.jsdelivr.net/npm/bootstrap@5.0.2/dist/css/bootstrap.min.css" rel="stylesheet" integrity="sha384-EVSTQN3/azprG1Anm3QDgpJLIm9Nao0Yz1ztcQTwFspd3yD65VohhpuuCOmLASjC" crossorigin="anonymous">
    <title>arduino-testlib report</title>
	<style>
	.pass { background-color: #00FF00 !important; }
	.fail { background-color: #FF0000 !important; }
	</style>
  </head>
  <body>
	<div class="container">
		<div class="row">
			<div class="col">
				<h1>Iridium SBD - compatibility matrix</h1>
				<p>
					<small>This report was generated on Wednesday, 23-Feb-22 22:48:15 CET using 
					<a href="https://github.com/alranel/arduino-testlib">arduino-testlib</a>.</small>
				</p>

				<h2>Iridium SBD</h2>
				<p>
					Version: <b>2.0</b>
					<br />
					<a href="https://www.arduino.cc/reference/en/libraries/iridium-sbd/">More details</a>
				</p>

				<h2>Compatibility matrix</h2>
				<table class="table table-bordered">
					<tr>
						<th>Board</th>
						<th>Claims compatibility</th>
						<th>Inclusion</th>
						
						<th><pre>SendReceive</pre></th>
						
						<th><pre>Sleep</pre></th>
						
						<th><pre>Time</pre></th>
						
						<th><pre>BasicSend</pre></th>
						
						<th><pre>Beacon</pre></th>
						
						<th><pre>PassThru</pre></th>
						
						<th><pre>Ring</pre></th>
						
					</tr>
					
					<tr>
						<td>
							<a href="#arduino%3aavr%3auno"><b>arduino:avr:uno</b></a>
							<br />
							<small>1.8.4</small>
						</td>

						
							<td>Yes</td>
							<td class="pass">PASS</td>
						
						
						
						

						
							
								
									
										
									
										
									
										
									
										
									
										
											
											<td class="fail">FAIL</td>
										
									
										
									
										
									
								
							
								
							
								
							
								
							
								
							
						
							
								
									
										
									
										
									
										
									
										
									
										
									
										
											
											<td class="fail">FAIL</td>
										
									
										
									
								
							
								
							
								
							
								
							
								
							
						
							
								
									
										
									
										
									
										
									
										
									
										
									
										
									
										
											
											<td class="fail">FAIL</td>
										
									
								
							
								
							
								
							
								
							
								
							
						
							
								
									
										
											
											<td class="fail">FAIL</td>
										
									
										
									
										
									
										
									
										
									
										
									
										
									
								
							
								
							
								
							
								
							
								
							
						
							
								
									
										
									
										
											
											<td class="fail">FAIL</td>
										
									
										
									
										
									
										
									
										
									
										
									
								
							
								
							
								
							
								
							
								
							
						
							
								
									
										
									
										
									
										
											
											<td class="fail">FAIL</td>
										
									
										
									
										
									
										
									
										
									
								
							
								
							
								
							
								
							
								
							
						
							
								
									
										
									
										
									
										
									
										
											
											<td class="fail">FAIL</td>
										
									
										
									
										
									
										
									
								
							
								
							
								
							
								
							
								
							
						
					</tr>
					
					<tr>
						<td>
							<a href="#arduino%3ambed_nano%3ananorp2040connect"><b>arduino:mbed_nano:nanorp2040connect</b></a>
							<br />
							<small>2.7.2</small>
						</td>

						
							<td>Yes</td>
							<td class="pass">PASS</td>
						
						
						
						

						
							
								
							
								
									
										
									
										
									
										
									
										
									
										
											<td class="pass">PASS</td>
											
										
									
										
									
										
									
								
							
								
							
								
							
								
							
						
							
								
							
								
									
										
									
										
									
										
									
										
									
										
									
										
											<td class="pass">PASS</td>
											
										
									
										
									
								
							
								
							
								
							
								
							
						
							
								
							
								
									
										
									
										
									
										
									
										
									
										
									
										
									
										
											<td class="pass">PASS</td>
											
										
									
								
							
								
							
								
							
								
							
						
							
								
							
								
									
										
											<td class="pass">PASS</td>
											
										
									
										
									
										
									
										
									
										
									
										
									
										
									
								
							
								
							
								
							
								
							
						
							
								
							
								
									
										
									
										
											<td class="pass">PASS</td>
											
										
									
										
									
										
									
										
									
										
									
										
									
								
							
								
							
								
							
								
							
						
							
								
							
								
									
										
									
										
									
										
											<td class="pass">PASS</td>
											
										
									
										
									
										
									
										
									
										
									
								
							
								
							
								
							
								
							
						
							
								
							
								
									
										
									
										
									
										
									
										
											<td class="pass">PASS</td>
											
										
									
										
									
										
									
										
									
								
							
								
							
								
							
								
							
						
					</tr>
					
					<tr>
						<td>
							<a href="#arduino%3amegaavr%3anona4809"><b>arduino:megaavr:nona4809</b></a>
							<br />
							<small>1.8.7</small>
						</td>

						
							<td>Yes</td>
							<td class="pass">PASS</td>
						
						
						
						

						
							
								
							
								
							
								
									
										
									
										
									
										
									
										
									
										
											
											<td class="fail">FAIL</td>
										
									
										
									
										
									
								
							
								
							
								
							
						
							
								
							
								
							
								
									
										
									
										
									
										
									
										
									
										
									
										
											
											<td class="fail">FAIL</td>
										
									
										
									
								
							
								
							
								
							
						
							
								
							
								
							
								
									
										
									
										
									
										
									
										
									
										
									
										
									
										
											
											<td class="fail">FAIL</td>
										
									
								
							
								
							
								
							
						
							
								
							
								
							
								
									
										
											
											<td class="fail">FAIL</td>
										
									
										
									
										
									
										
									
										
									
										
									
										
									
								
							
								
							
								
							
						
							
								
							
								
							
								
									
										
									
										
											
											<td class="fail">FAIL</td>
										
									
										
									
										
									
										
									
										
									
										
									
								
							
								
							
								
							
						
							
								
							
								
							
								
									
										
									
										
									
										
											
											<td class="fail">FAIL</td>
										
									
										
									
										
									
										
									
										
									
								
							
								
							
								
							
						
							
								
							
								
							
								
									
										
									
										
									
										
									
										
											
											<td class="fail">FAIL</td>
										
									
										
									
										
									
										
									
								
							
								
							
								
							
						
					</tr>
					
					<tr>
						<td>
							<a href="#arduino%3asamd%3amkrwifi1010"><b>arduino:samd:mkrwifi1010</b></a>
							<br />
							<small>1.8.12</small>
						</td>

						
							<td>Yes</td>
							<td class="pass">PASS</td>
						
						
						
						

						
							
								
							
								
							
								
							
								
									
										
									
										
									
										
									
										
									
										
											
											<td class="fail">FAIL</td>
										
									
										
									
										
									
								
							
								
							
						
							
								
							
								
							
								
							
								
									
										
									
										
									
										
									
										
									
										
									
										
											
											<td class="fail">FAIL</td>
										
									
										
									
								
							
								
							
						
							
								
							
								
							
								
							
								
									
										
									
										
									
										
									
										
									
										
									
										
									
										
											
											<td class="fail">FAIL</td>
										
									
								
							
								
							
						
							
								
							
								
							
								
							
								
									
										
											
											<td class="fail">FAIL</td>
										
									
										
									
										
									
										
									
										
									
										
									
										
									
								
							
								
							
						
							
								
							
								
							
								
							
								
									
										
									
										
											
											<td class="fail">FAIL</td>
										
									
										
									
										
									
										
									
										
									
										
									
								
							
								
							
						
							
								
							
								
							
								
							
								
									
										
									
										
									
										
											
											<td class="fail">FAIL</td>
										
									
										
									
										
									
										
									
										
									
								
							
								
							
						
							
								
							
								
							
								
							
								
									
										
									
										
									
										
									
										
											
											<td class="fail">FAIL</td>
										
									
										
									
										
									
										
									
								
							
								
							
						
					</tr>
					
					<tr>
						<td>
							<a href="#esp32%3aesp32%3ad1_mini32"><b>esp32:esp32:d1_mini32</b></a>
							<br />
							<small>1.0.6</small>
						</td>

						
						
						
							<td>Yes ⚠️</td>
							<td class="fail">FAIL</td>
						
						

						
							
								
							
								
							
								
							
								
							
								
									
										
									
										
									
										
									
										
									
										
											
											<td class="fail">FAIL</td>
										
									
										
									
										
									
								
							
						
							
								
							
								
							
								
							
								
							
								
									
										
									
										
									
										
									
										
									
										
									
										
											
											<td class="fail">FAIL</td>
										
									
										
									
								
							
						
							
								
							
								
							
								
							
								
							
								
									
										
									
										
									
										
									
										
									
										
									
										
									
										
											
											<td class="fail">FAIL</td>
										
									
								
							
						
							
								
							
								
							
								
							
								
							
								
									
										
											
											<td class="fail">FAIL</td>
										
									
										
									
										
									
										
									
										
									
										
									
										
									
								
							
						
							
								
							
								
							
								
							
								
							
								
									
										
									
										
											
											<td class="fail">FAIL</td>
										
									
										
									
										
									
										
									
										
									
										
									
								
							
						
							
								
							
								
							
								
							
								
							
								
									
										
									
										
									
										
											
											<td class="fail">FAIL</td>
										
									
										
									
										
									
										
									
										
									
								
							
						
							
								
							
								
							
								
							
								
							
								
									
										
									
										
									
										
									
										
											
											<td class="fail">FAIL</td>
										
									
										
									
										
									
										
									
								
							
						
					</tr>
					
				</table>

				<h2>Compilation logs</h2>
				
				<h3 id="arduino:avr:uno">arduino:avr:uno @ 1.8.4</h3>
				<h4>Inclusion</h4>
				<p>
					Result: <b>PASS</b>
					
				</p>
				<pre class="pre-scrollable">Sketch uses 444 bytes (1%) of program storage space. Maximum is 32256 bytes.
Global variables use 9 bytes (0%) of dynamic memory, leaving 2039 bytes for local variables. Maximum is 2048 bytes.
</pre>

					
					<h4>examples/BasicSend</h4>
					<p>
						Result: <b>FAIL</b>
					</p>
					<pre class="pre-scrollable">/home/ec2-user/arduino-testlib/cli-datadir/user/libraries/Iridium_SBD/examples/BasicSend/BasicSend.ino:19:23: error: &#39;Serial3&#39; was not declared in this scope
 #define IridiumSerial Serial3
                       ^
/home/ec2-user/arduino-testlib/cli-datadir/user/libraries/Iridium_SBD/examples/BasicSend/BasicSend.ino:23:18: note: in expansion of macro &#39;IridiumSerial&#39;
 IridiumSBD modem(IridiumSerial);
                  ^~~~~~~~~~~~~
/home/ec2-user/arduino-testlib/cli-datadir/user/libraries/Iridium_SBD/examples/BasicSend/BasicSend.ino:19:23: note: suggested alternative: &#39;Serial&#39;
 #define IridiumSerial Serial3
                       ^
/home/ec2-user/arduino-testlib/cli-datadir/user/libraries/Iridium_SBD/examples/BasicSend/BasicSend.ino:23:18: note: in expansion of macro &#39;IridiumSerial&#39;
 IridiumSBD modem(IridiumSerial);
                  ^~~~~~~~~~~~~
/home/ec2-user/arduino-testlib/cli-datadir/user/libraries/Iridium_SBD/examples/BasicSend/BasicSend.ino: In function &#39;void setup()&#39;:
/home/ec2-user/arduino-testlib/cli-datadir/user/libraries/Iridium_SBD/examples/BasicSend/BasicSend.ino:19:23: error: &#39;Serial3&#39; was not declared in this scope
 #define IridiumSerial Serial3
                       ^
/home/ec2-user/arduino-testlib/cli-datadir/user/libraries/Iridium_SBD/examples/BasicSend/BasicSend.ino:35:3: note: in expansion of macro &#39;IridiumSerial&#39;
   IridiumSerial.begin(19200);
   ^~~~~~~~~~~~~
/home/ec2-user/arduino-testlib/cli-datadir/user/libraries/Iridium_SBD/examples/BasicSend/BasicSend.ino:19:23: note: suggested alternative: &#39;Serial&#39;
 #define IridiumSerial Serial3
                       ^
/home/ec2-user/arduino-testlib/cli-datadir/user/libraries/Iridium_SBD/examples/BasicSend/BasicSend.ino:35:3: note: in expansion of macro &#39;IridiumSerial&#39;
   IridiumSerial.begin(19200);
   ^~~~~~~~~~~~~
Multiple libraries were found for &#34;IridiumSBD.h&#34;
  Used: /home/ec2-user/arduino-testlib/cli-datadir/user/libraries/IridiumSBDi2c
  Not used: /home/ec2-user/arduino-testlib/cli-datadir/user/libraries/Iridium_SBD
</pre>
					
					<h4>examples/Beacon</h4>
					<p>
						Result: <b>FAIL</b>
					</p>
					<pre class="pre-scrollable">/home/ec2-user/arduino-testlib/cli-datadir/user/libraries/Iridium_SBD/examples/Beacon/Beacon.ino:19:23: error: &#39;Serial3&#39; was not declared in this scope
 #define IridiumSerial Serial3
                       ^
/home/ec2-user/arduino-testlib/cli-datadir/user/libraries/Iridium_SBD/examples/Beacon/Beacon.ino:27:18: note: in expansion of macro &#39;IridiumSerial&#39;
 IridiumSBD modem(IridiumSerial);
                  ^~~~~~~~~~~~~
/home/ec2-user/arduino-testlib/cli-datadir/user/libraries/Iridium_SBD/examples/Beacon/Beacon.ino:19:23: note: suggested alternative: &#39;Serial&#39;
 #define IridiumSerial Serial3
                       ^
/home/ec2-user/arduino-testlib/cli-datadir/user/libraries/Iridium_SBD/examples/Beacon/Beacon.ino:27:18: note: in expansion of macro &#39;IridiumSerial&#39;
 IridiumSBD modem(IridiumSerial);
                  ^~~~~~~~~~~~~
/home/ec2-user/arduino-testlib/cli-datadir/user/libraries/Iridium_SBD/examples/Beacon/Beacon.ino: In function &#39;void setup()&#39;:
/home/ec2-user/arduino-testlib/cli-datadir/user/libraries/Iridium_SBD/examples/Beacon/Beacon.ino:19:23: error: &#39;Serial3&#39; was not declared in this scope
 #define IridiumSerial Serial3
                       ^
/home/ec2-user/arduino-testlib/cli-datadir/user/libraries/Iridium_SBD/examples/Beacon/Beacon.ino:38:3: note: in expansion of macro &#39;IridiumSerial&#39;
   IridiumSerial.begin(19200);
   ^~~~~~~~~~~~~
/home/ec2-user/arduino-testlib/cli-datadir/user/libraries/Iridium_SBD/examples/Beacon/Beacon.ino:19:23: note: suggested alternative: &#39;Serial&#39;
 #define IridiumSerial Serial3
                       ^
/home/ec2-user/arduino-testlib/cli-datadir/user/libraries/Iridium_SBD/examples/Beacon/Beacon.ino:38:3: note: in expansion of macro &#39;IridiumSerial&#39;
   IridiumSerial.begin(19200);
   ^~~~~~~~~~~~~
/home/ec2-user/arduino-testlib/cli-datadir/user/libraries/Iridium_SBD/examples/Beacon/Beacon.ino:20:19: error: &#39;Serial2&#39; was not declared in this scope
 #define GPSSerial Serial2
                   ^
/home/ec2-user/arduino-testlib/cli-datadir/user/libraries/Iridium_SBD/examples/Beacon/Beacon.ino:39:3: note: in expansion of macro &#39;GPSSerial&#39;
   GPSSerial.begin(GPSBaud);
   ^~~~~~~~~
/home/ec2-user/arduino-testlib/cli-datadir/user/libraries/Iridium_SBD/examples/Beacon/Beacon.ino:20:19: note: suggested alternative: &#39;Serial&#39;
 #define GPSSerial Serial2
                   ^
/home/ec2-user/arduino-testlib/cli-datadir/user/libraries/Iridium_SBD/examples/Beacon/Beacon.ino:39:3: note: in expansion of macro &#39;GPSSerial&#39;
   GPSSerial.begin(GPSBaud);
   ^~~~~~~~~
/home/ec2-user/arduino-testlib/cli-datadir/user/libraries/Iridium_SBD/examples/Beacon/Beacon.ino: In function &#39;void loop()&#39;:
/home/ec2-user/arduino-testlib/cli-datadir/user/libraries/Iridium_SBD/examples/Beacon/Beacon.ino:20:19: error: &#39;Serial2&#39; was not declared in this scope
 #define GPSSerial Serial2
                   ^
/home/ec2-user/arduino-testlib/cli-datadir/user/libraries/Iridium_SBD/examples/Beacon/Beacon.ino:63:9: note: in expansion of macro &#39;GPSSerial&#39;
     if (GPSSerial.available())
         ^~~~~~~~~
/home/ec2-user/arduino-testlib/cli-datadir/user/libraries/Iridium_SBD/examples/Beacon/Beacon.ino:20:19: note: suggested alternative: &#39;Serial&#39;
 #define GPSSerial Serial2
                   ^
/home/ec2-user/arduino-testlib/cli-datadir/user/libraries/Iridium_SBD/examples/Beacon/Beacon.ino:63:9: note: in expansion of macro &#39;GPSSerial&#39;
     if (GPSSerial.available())
         ^~~~~~~~~
Multiple libraries were found for &#34;IridiumSBD.h&#34;
  Used: /home/ec2-user/arduino-testlib/cli-datadir/user/libraries/IridiumSBDi2c
  Not used: /home/ec2-user/arduino-testlib/cli-datadir/user/libraries/Iridium_SBD
</pre>
					
					<h4>examples/PassThru</h4>
					<p>
						Result: <b>FAIL</b>
					</p>
					<pre class="pre-scrollable">/home/ec2-user/arduino-testlib/cli-datadir/user/libraries/Iridium_SBD/examples/PassThru/PassThru.ino:17:23: error: &#39;Serial3&#39; was not declared in this scope
 #define IridiumSerial Serial3
                       ^
/home/ec2-user/arduino-testlib/cli-datadir/user/libraries/Iridium_SBD/examples/PassThru/PassThru.ino:20:18: note: in expansion of macro &#39;IridiumSerial&#39;
 IridiumSBD modem(IridiumSerial);
                  ^~~~~~~~~~~~~
/home/ec2-user/arduino-testlib/cli-datadir/user/libraries/Iridium_SBD/examples/PassThru/PassThru.ino:17:23: note: suggested alternative: &#39;Serial&#39;
 #define IridiumSerial Serial3
                       ^
/home/ec2-user/arduino-testlib/cli-datadir/user/libraries/Iridium_SBD/examples/PassThru/PassThru.ino:20:18: note: in expansion of macro &#39;IridiumSerial&#39;
 IridiumSBD modem(IridiumSerial);
                  ^~~~~~~~~~~~~
/home/ec2-user/arduino-testlib/cli-datadir/user/libraries/Iridium_SBD/examples/PassThru/PassThru.ino: In function &#39;void setup()&#39;:
/home/ec2-user/arduino-testlib/cli-datadir/user/libraries/Iridium_SBD/examples/PassThru/PassThru.ino:17:23: error: &#39;Serial3&#39; was not declared in this scope
 #define IridiumSerial Serial3
                       ^
/home/ec2-user/arduino-testlib/cli-datadir/user/libraries/Iridium_SBD/examples/PassThru/PassThru.ino:29:3: note: in expansion of macro &#39;IridiumSerial&#39;
   IridiumSerial.begin(19200);
   ^~~~~~~~~~~~~
/home/ec2-user/arduino-testlib/cli-datadir/user/libraries/Iridium_SBD/examples/PassThru/PassThru.ino:17:23: note: suggested alternative: &#39;Serial&#39;
 #define IridiumSerial Serial3
                       ^
/home/ec2-user/arduino-testlib/cli-datadir/user/libraries/Iridium_SBD/examples/PassThru/PassThru.ino:29:3: note: in expansion of macro &#39;IridiumSerial&#39;
   IridiumSerial.begin(19200);
   ^~~~~~~~~~~~~
/home/ec2-user/arduino-testlib/cli-datadir/user/libraries/Iridium_SBD/examples/PassThru/PassThru.ino: In function &#39;void loop()&#39;:
/home/ec2-user/arduino-testlib/cli-datadir/user/libraries/Iridium_SBD/examples/PassThru/PassThru.ino:17:23: error: &#39;Serial3&#39; was not declared in this scope
 #define IridiumSerial Serial3
                       ^
/home/ec2-user/arduino-testlib/cli-datadir/user/libraries/Iridium_SBD/examples/PassThru/PassThru.ino:57:5: note: in expansion of macro &#39;IridiumSerial&#39;
     IridiumSerial.write(Serial.read());
     ^~~~~~~~~~~~~
/home/ec2-user/arduino-testlib/cli-datadir/user/libraries/Iridium_SBD/examples/PassThru/PassThru.ino:17:23: note: suggested alternative: &#39;Serial&#39;
 #define IridiumSerial Serial3
                       ^
/home/ec2-user/arduino-testlib/cli-datadir/user/libraries/Iridium_SBD/examples/PassThru/PassThru.ino:57:5: note: in expansion of macro &#39;IridiumSerial&#39;
     IridiumSerial.write(Serial.read());
     ^~~~~~~~~~~~~
/home/ec2-user/arduino-testlib/cli-datadir/user/libraries/Iridium_SBD/examples/PassThru/PassThru.ino:17:23: error: &#39;Serial3&#39; was not declared in this scope
 #define IridiumSerial Serial3
                       ^
/home/ec2-user/arduino-testlib/cli-datadir/user/libraries/Iridium_SBD/examples/PassThru/PassThru.ino:58:7: note: in expansion of macro &#39;IridiumSerial&#39;
   if (IridiumSerial.available())
       ^~~~~~~~~~~~~
/home/ec2-user/arduino-testlib/cli-datadir/user/libraries/Iridium_SBD/examples/PassThru/PassThru.ino:17:23: note: suggested alternative: &#39;Serial&#39;
 #define IridiumSerial Serial3
                       ^
/home/ec2-user/arduino-testlib/cli-datadir/user/libraries/Iridium_SBD/examples/PassThru/PassThru.ino:58:7: note: in expansion of macro &#39;IridiumSerial&#39;
   if (IridiumSerial.available())
       ^~~~~~~~~~~~~
Multiple libraries were found for &#34;IridiumSBD.h&#34;
  Used: /home/ec2-user/arduino-testlib/cli-datadir/user/libraries/IridiumSBDi2c
  Not used: /home/ec2-user/arduino-testlib/cli-datadir/user/libraries/Iridium_SBD
</pre>
					
					<h4>examples/Ring</h4>
					<p>
						Result: <b>FAIL</b>
					</p>
					<pre class="pre-scrollable">/home/ec2-user/arduino-testlib/cli-datadir/user/libraries/Iridium_SBD/examples/Ring/Ring.ino:20:23: error: &#39;Serial3&#39; was not declared in this scope
 #define IridiumSerial Serial3
                       ^
/home/ec2-user/arduino-testlib/cli-datadir/user/libraries/Iridium_SBD/examples/Ring/Ring.ino:24:18: note: in expansion of macro &#39;IridiumSerial&#39;
 IridiumSBD modem(IridiumSerial, -1, RING_PIN);
                  ^~~~~~~~~~~~~
/home/ec2-user/arduino-testlib/cli-datadir/user/libraries/Iridium_SBD/examples/Ring/Ring.ino:20:23: note: suggested alternative: &#39;Serial&#39;
 #define IridiumSerial Serial3
                       ^
/home/ec2-user/arduino-testlib/cli-datadir/user/libraries/Iridium_SBD/examples/Ring/Ring.ino:24:18: note: in expansion of macro &#39;IridiumSerial&#39;
 IridiumSBD modem(IridiumSerial, -1, RING_PIN);
                  ^~~~~~~~~~~~~
/home/ec2-user/arduino-testlib/cli-datadir/user/libraries/Iridium_SBD/examples/Ring/Ring.ino: In function &#39;void setup()&#39;:
/home/ec2-user/arduino-testlib/cli-datadir/user/libraries/Iridium_SBD/examples/Ring/Ring.ino:20:23: error: &#39;Serial3&#39; was not declared in this scope
 #define IridiumSerial Serial3
                       ^
/home/ec2-user/arduino-testlib/cli-datadir/user/libraries/Iridium_SBD/examples/Ring/Ring.ino:33:3: note: in expansion of macro &#39;IridiumSerial&#39;
   IridiumSerial.begin(19200);
   ^~~~~~~~~~~~~
/home/ec2-user/arduino-testlib/cli-datadir/user/libraries/Iridium_SBD/examples/Ring/Ring.ino:20:23: note: suggested alternative: &#39;Serial&#39;
 #define IridiumSerial Serial3
                       ^
/home/ec2-user/arduino-testlib/cli-datadir/user/libraries/Iridium_SBD/examples/Ring/Ring.ino:33:3: note: in expansion of macro &#39;IridiumSerial&#39;
   IridiumSerial.begin(19200);
   ^~~~~~~~~~~~~
Multiple libraries were found for &#34;IridiumSBD.h&#34;
  Used: /home/ec2-user/arduino-testlib/cli-datadir/user/libraries/IridiumSBDi2c
  Not used: /home/ec2-user/arduino-testlib/cli-datadir/user/libraries/Iridium_SBD
</pre>
					
					<h4>examples/SendReceive</h4>
					<p>
						Result: <b>FAIL</b>
					</p>
					<pre class="pre-scrollable">/home/ec2-user/arduino-testlib/cli-datadir/user/libraries/Iridium_SBD/examples/SendReceive/SendReceive.ino:21:23: error: &#39;Serial3&#39; was not declared in this scope
 #define IridiumSerial Serial3
                       ^
/home/ec2-user/arduino-testlib/cli-datadir/user/libraries/Iridium_SBD/examples/SendReceive/SendReceive.ino:24:18: note: in expansion of macro &#39;IridiumSerial&#39;
 IridiumSBD modem(IridiumSerial);
                  ^~~~~~~~~~~~~
/home/ec2-user/arduino-testlib/cli-datadir/user/libraries/Iridium_SBD/examples/SendReceive/SendReceive.ino:21:23: note: suggested alternative: &#39;Serial&#39;
 #define IridiumSerial Serial3
                       ^
/home/ec2-user/arduino-testlib/cli-datadir/user/libraries/Iridium_SBD/examples/SendReceive/SendReceive.ino:24:18: note: in expansion of macro &#39;IridiumSerial&#39;
 IridiumSBD modem(IridiumSerial);
                  ^~~~~~~~~~~~~
/home/ec2-user/arduino-testlib/cli-datadir/user/libraries/Iridium_SBD/examples/SendReceive/SendReceive.ino: In function &#39;void setup()&#39;:
/home/ec2-user/arduino-testlib/cli-datadir/user/libraries/Iridium_SBD/examples/SendReceive/SendReceive.ino:21:23: error: &#39;Serial3&#39; was not declared in this scope
 #define IridiumSerial Serial3
                       ^
/home/ec2-user/arduino-testlib/cli-datadir/user/libraries/Iridium_SBD/examples/SendReceive/SendReceive.ino:36:3: note: in expansion of macro &#39;IridiumSerial&#39;
   IridiumSerial.begin(19200);
   ^~~~~~~~~~~~~
/home/ec2-user/arduino-testlib/cli-datadir/user/libraries/Iridium_SBD/examples/SendReceive/SendReceive.ino:21:23: note: suggested alternative: &#39;Serial&#39;
 #define IridiumSerial Serial3
                       ^
/home/ec2-user/arduino-testlib/cli-datadir/user/libraries/Iridium_SBD/examples/SendReceive/SendReceive.ino:36:3: note: in expansion of macro &#39;IridiumSerial&#39;
   IridiumSerial.begin(19200);
   ^~~~~~~~~~~~~
Multiple libraries were found for &#34;IridiumSBD.h&#34;
  Used: /home/ec2-user/arduino-testlib/cli-datadir/user/libraries/IridiumSBDi2c
  Not used: /home/ec2-user/arduino-testlib/cli-datadir/user/libraries/Iridium_SBD
</pre>
					
					<h4>examples/Sleep</h4>
					<p>
						Result: <b>FAIL</b>
					</p>
					<pre class="pre-scrollable">/home/ec2-user/arduino-testlib/cli-datadir/user/libraries/Iridium_SBD/examples/Sleep/Sleep.ino:20:23: error: &#39;Serial3&#39; was not declared in this scope
 #define IridiumSerial Serial3
                       ^
/home/ec2-user/arduino-testlib/cli-datadir/user/libraries/Iridium_SBD/examples/Sleep/Sleep.ino:25:18: note: in expansion of macro &#39;IridiumSerial&#39;
 IridiumSBD modem(IridiumSerial, SLEEP_PIN);
                  ^~~~~~~~~~~~~
/home/ec2-user/arduino-testlib/cli-datadir/user/libraries/Iridium_SBD/examples/Sleep/Sleep.ino:20:23: note: suggested alternative: &#39;Serial&#39;
 #define IridiumSerial Serial3
                       ^
/home/ec2-user/arduino-testlib/cli-datadir/user/libraries/Iridium_SBD/examples/Sleep/Sleep.ino:25:18: note: in expansion of macro &#39;IridiumSerial&#39;
 IridiumSBD modem(IridiumSerial, SLEEP_PIN);
                  ^~~~~~~~~~~~~
/home/ec2-user/arduino-testlib/cli-datadir/user/libraries/Iridium_SBD/examples/Sleep/Sleep.ino: In function &#39;void setup()&#39;:
/home/ec2-user/arduino-testlib/cli-datadir/user/libraries/Iridium_SBD/examples/Sleep/Sleep.ino:20:23: error: &#39;Serial3&#39; was not declared in this scope
 #define IridiumSerial Serial3
                       ^
/home/ec2-user/arduino-testlib/cli-datadir/user/libraries/Iridium_SBD/examples/Sleep/Sleep.ino:34:3: note: in expansion of macro &#39;IridiumSerial&#39;
   IridiumSerial.begin(19200);
   ^~~~~~~~~~~~~
/home/ec2-user/arduino-testlib/cli-datadir/user/libraries/Iridium_SBD/examples/Sleep/Sleep.ino:20:23: note: suggested alternative: &#39;Serial&#39;
 #define IridiumSerial Serial3
                       ^
/home/ec2-user/arduino-testlib/cli-datadir/user/libraries/Iridium_SBD/examples/Sleep/Sleep.ino:34:3: note: in expansion of macro &#39;IridiumSerial&#39;
   IridiumSerial.begin(19200);
   ^~~~~~~~~~~~~
Multiple libraries were found for &#34;IridiumSBD.h&#34;
  Used: /home/ec2-user/arduino-testlib/cli-datadir/user/libraries/IridiumSBDi2c
  Not used: /home/ec2-user/arduino-testlib/cli-datadir/user/libraries/Iridium_SBD
</pre>
					
					<h4>examples/Time</h4>
					<p>
						Result: <b>FAIL</b>
					</p>
					<pre class="pre-scrollable">/home/ec2-user/arduino-testlib/cli-datadir/user/libraries/Iridium_SBD/examples/Time/Time.ino:19:23: error: &#39;Serial3&#39; was not declared in this scope
 #define IridiumSerial Serial3
                       ^
/home/ec2-user/arduino-testlib/cli-datadir/user/libraries/Iridium_SBD/examples/Time/Time.ino:23:18: note: in expansion of macro &#39;IridiumSerial&#39;
 IridiumSBD modem(IridiumSerial);
                  ^~~~~~~~~~~~~
/home/ec2-user/arduino-testlib/cli-datadir/user/libraries/Iridium_SBD/examples/Time/Time.ino:19:23: note: suggested alternative: &#39;Serial&#39;
 #define IridiumSerial Serial3
                       ^
/home/ec2-user/arduino-testlib/cli-datadir/user/libraries/Iridium_SBD/examples/Time/Time.ino:23:18: note: in expansion of macro &#39;IridiumSerial&#39;
 IridiumSBD modem(IridiumSerial);
                  ^~~~~~~~~~~~~
/home/ec2-user/arduino-testlib/cli-datadir/user/libraries/Iridium_SBD/examples/Time/Time.ino: In function &#39;void setup()&#39;:
/home/ec2-user/arduino-testlib/cli-datadir/user/libraries/Iridium_SBD/examples/Time/Time.ino:19:23: error: &#39;Serial3&#39; was not declared in this scope
 #define IridiumSerial Serial3
                       ^
/home/ec2-user/arduino-testlib/cli-datadir/user/libraries/Iridium_SBD/examples/Time/Time.ino:34:3: note: in expansion of macro &#39;IridiumSerial&#39;
   IridiumSerial.begin(19200);
   ^~~~~~~~~~~~~
/home/ec2-user/arduino-testlib/cli-datadir/user/libraries/Iridium_SBD/examples/Time/Time.ino:19:23: note: suggested alternative: &#39;Serial&#39;
 #define IridiumSerial Serial3
                       ^
/home/ec2-user/arduino-testlib/cli-datadir/user/libraries/Iridium_SBD/examples/Time/Time.ino:34:3: note: in expansion of macro &#39;IridiumSerial&#39;
   IridiumSerial.begin(19200);
   ^~~~~~~~~~~~~
Multiple libraries were found for &#34;IridiumSBD.h&#34;
  Used: /home/ec2-user/arduino-testlib/cli-datadir/user/libraries/IridiumSBDi2c
  Not used: /home/ec2-user/arduino-testlib/cli-datadir/user/libraries/Iridium_SBD
</pre>
					
				
				<h3 id="arduino:mbed_nano:nanorp2040connect">arduino:mbed_nano:nanorp2040connect @ 2.7.2</h3>
				<h4>Inclusion</h4>
				<p>
					Result: <b>PASS</b>
					
				</p>
				<pre class="pre-scrollable">Sketch uses 78756 bytes (0%) of program storage space. Maximum is 16777216 bytes.
Global variables use 43444 bytes (16%) of dynamic memory, leaving 226892 bytes for local variables. Maximum is 270336 bytes.
</pre>

					
					<h4>examples/BasicSend</h4>
					<p>
						Result: <b>PASS</b>
					</p>
					<pre class="pre-scrollable">Sketch uses 88754 bytes (0%) of program storage space. Maximum is 16777216 bytes.
Global variables use 44380 bytes (16%) of dynamic memory, leaving 225956 bytes for local variables. Maximum is 270336 bytes.
</pre>
					
					<h4>examples/Beacon</h4>
					<p>
						Result: <b>PASS</b>
					</p>
					<pre class="pre-scrollable">Sketch uses 90708 bytes (0%) of program storage space. Maximum is 16777216 bytes.
Global variables use 44596 bytes (16%) of dynamic memory, leaving 225740 bytes for local variables. Maximum is 270336 bytes.
</pre>
					
					<h4>examples/PassThru</h4>
					<p>
						Result: <b>PASS</b>
					</p>
					<pre class="pre-scrollable">Sketch uses 86032 bytes (0%) of program storage space. Maximum is 16777216 bytes.
Global variables use 44380 bytes (16%) of dynamic memory, leaving 225956 bytes for local variables. Maximum is 270336 bytes.
</pre>
					
					<h4>examples/Ring</h4>
					<p>
						Result: <b>PASS</b>
					</p>
					<pre class="pre-scrollable">Sketch uses 89100 bytes (0%) of program storage space. Maximum is 16777216 bytes.
Global variables use 44384 bytes (16%) of dynamic memory, leaving 225952 bytes for local variables. Maximum is 270336 bytes.
</pre>
					
					<h4>examples/SendReceive</h4>
					<p>
						Result: <b>PASS</b>
					</p>
					<pre class="pre-scrollable">Sketch uses 89134 bytes (0%) of program storage space. Maximum is 16777216 bytes.
Global variables use 44572 bytes (16%) of dynamic memory, leaving 225764 bytes for local variables. Maximum is 270336 bytes.
</pre>
					
					<h4>examples/Sleep</h4>
					<p>
						Result: <b>PASS</b>
					</p>
					<pre class="pre-scrollable">Sketch uses 88702 bytes (0%) of program storage space. Maximum is 16777216 bytes.
Global variables use 44380 bytes (16%) of dynamic memory, leaving 225956 bytes for local variables. Maximum is 270336 bytes.
</pre>
					
					<h4>examples/Time</h4>
					<p>
						Result: <b>PASS</b>
					</p>
					<pre class="pre-scrollable">Sketch uses 94762 bytes (0%) of program storage space. Maximum is 16777216 bytes.
Global variables use 44524 bytes (16%) of dynamic memory, leaving 225812 bytes for local variables. Maximum is 270336 bytes.
</pre>
					
				
				<h3 id="arduino:megaavr:nona4809">arduino:megaavr:nona4809 @ 1.8.7</h3>
				<h4>Inclusion</h4>
				<p>
					Result: <b>PASS</b>
					
				</p>
				<pre class="pre-scrollable">Sketch uses 802 bytes (1%) of program storage space. Maximum is 49152 bytes.
Global variables use 22 bytes (0%) of dynamic memory, leaving 6122 bytes for local variables. Maximum is 6144 bytes.
</pre>

					
					<h4>examples/BasicSend</h4>
					<p>
						Result: <b>FAIL</b>
					</p>
					<pre class="pre-scrollable">/home/ec2-user/arduino-testlib/cli-datadir/user/libraries/Iridium_SBD/examples/BasicSend/BasicSend.ino:19:23: error: &#39;Serial3&#39; was not declared in this scope
 #define IridiumSerial Serial3
                       ^
/home/ec2-user/arduino-testlib/cli-datadir/user/libraries/Iridium_SBD/examples/BasicSend/BasicSend.ino:23:18: note: in expansion of macro &#39;IridiumSerial&#39;
 IridiumSBD modem(IridiumSerial);
                  ^~~~~~~~~~~~~
/home/ec2-user/arduino-testlib/cli-datadir/user/libraries/Iridium_SBD/examples/BasicSend/BasicSend.ino:19:23: note: suggested alternative: &#39;Serial1&#39;
 #define IridiumSerial Serial3
                       ^
/home/ec2-user/arduino-testlib/cli-datadir/user/libraries/Iridium_SBD/examples/BasicSend/BasicSend.ino:23:18: note: in expansion of macro &#39;IridiumSerial&#39;
 IridiumSBD modem(IridiumSerial);
                  ^~~~~~~~~~~~~
/home/ec2-user/arduino-testlib/cli-datadir/user/libraries/Iridium_SBD/examples/BasicSend/BasicSend.ino: In function &#39;void setup()&#39;:
/home/ec2-user/arduino-testlib/cli-datadir/user/libraries/Iridium_SBD/examples/BasicSend/BasicSend.ino:19:23: error: &#39;Serial3&#39; was not declared in this scope
 #define IridiumSerial Serial3
                       ^
/home/ec2-user/arduino-testlib/cli-datadir/user/libraries/Iridium_SBD/examples/BasicSend/BasicSend.ino:35:3: note: in expansion of macro &#39;IridiumSerial&#39;
   IridiumSerial.begin(19200);
   ^~~~~~~~~~~~~
/home/ec2-user/arduino-testlib/cli-datadir/user/libraries/Iridium_SBD/examples/BasicSend/BasicSend.ino:19:23: note: suggested alternative: &#39;Serial1&#39;
 #define IridiumSerial Serial3
                       ^
/home/ec2-user/arduino-testlib/cli-datadir/user/libraries/Iridium_SBD/examples/BasicSend/BasicSend.ino:35:3: note: in expansion of macro &#39;IridiumSerial&#39;
   IridiumSerial.begin(19200);
   ^~~~~~~~~~~~~
Multiple libraries were found for &#34;IridiumSBD.h&#34;
  Used: /home/ec2-user/arduino-testlib/cli-datadir/user/libraries/IridiumSBDi2c
  Not used: /home/ec2-user/arduino-testlib/cli-datadir/user/libraries/Iridium_SBD
</pre>
					
					<h4>examples/Beacon</h4>
					<p>
						Result: <b>FAIL</b>
					</p>
					<pre class="pre-scrollable">/home/ec2-user/arduino-testlib/cli-datadir/user/libraries/Iridium_SBD/examples/Beacon/Beacon.ino:19:23: error: &#39;Serial3&#39; was not declared in this scope
 #define IridiumSerial Serial3
                       ^
/home/ec2-user/arduino-testlib/cli-datadir/user/libraries/Iridium_SBD/examples/Beacon/Beacon.ino:27:18: note: in expansion of macro &#39;IridiumSerial&#39;
 IridiumSBD modem(IridiumSerial);
                  ^~~~~~~~~~~~~
/home/ec2-user/arduino-testlib/cli-datadir/user/libraries/Iridium_SBD/examples/Beacon/Beacon.ino:19:23: note: suggested alternative: &#39;Serial1&#39;
 #define IridiumSerial Serial3
                       ^
/home/ec2-user/arduino-testlib/cli-datadir/user/libraries/Iridium_SBD/examples/Beacon/Beacon.ino:27:18: note: in expansion of macro &#39;IridiumSerial&#39;
 IridiumSBD modem(IridiumSerial);
                  ^~~~~~~~~~~~~
/home/ec2-user/arduino-testlib/cli-datadir/user/libraries/Iridium_SBD/examples/Beacon/Beacon.ino: In function &#39;void setup()&#39;:
/home/ec2-user/arduino-testlib/cli-datadir/user/libraries/Iridium_SBD/examples/Beacon/Beacon.ino:19:23: error: &#39;Serial3&#39; was not declared in this scope
 #define IridiumSerial Serial3
                       ^
/home/ec2-user/arduino-testlib/cli-datadir/user/libraries/Iridium_SBD/examples/Beacon/Beacon.ino:38:3: note: in expansion of macro &#39;IridiumSerial&#39;
   IridiumSerial.begin(19200);
   ^~~~~~~~~~~~~
/home/ec2-user/arduino-testlib/cli-datadir/user/libraries/Iridium_SBD/examples/Beacon/Beacon.ino:19:23: note: suggested alternative: &#39;Serial1&#39;
 #define IridiumSerial Serial3
                       ^
/home/ec2-user/arduino-testlib/cli-datadir/user/libraries/Iridium_SBD/examples/Beacon/Beacon.ino:38:3: note: in expansion of macro &#39;IridiumSerial&#39;
   IridiumSerial.begin(19200);
   ^~~~~~~~~~~~~
/home/ec2-user/arduino-testlib/cli-datadir/user/libraries/Iridium_SBD/examples/Beacon/Beacon.ino:20:19: error: &#39;Serial2&#39; was not declared in this scope
 #define GPSSerial Serial2
                   ^
/home/ec2-user/arduino-testlib/cli-datadir/user/libraries/Iridium_SBD/examples/Beacon/Beacon.ino:39:3: note: in expansion of macro &#39;GPSSerial&#39;
   GPSSerial.begin(GPSBaud);
   ^~~~~~~~~
/home/ec2-user/arduino-testlib/cli-datadir/user/libraries/Iridium_SBD/examples/Beacon/Beacon.ino:20:19: note: suggested alternative: &#39;Serial1&#39;
 #define GPSSerial Serial2
                   ^
/home/ec2-user/arduino-testlib/cli-datadir/user/libraries/Iridium_SBD/examples/Beacon/Beacon.ino:39:3: note: in expansion of macro &#39;GPSSerial&#39;
   GPSSerial.begin(GPSBaud);
   ^~~~~~~~~
/home/ec2-user/arduino-testlib/cli-datadir/user/libraries/Iridium_SBD/examples/Beacon/Beacon.ino: In function &#39;void loop()&#39;:
/home/ec2-user/arduino-testlib/cli-datadir/user/libraries/Iridium_SBD/examples/Beacon/Beacon.ino:20:19: error: &#39;Serial2&#39; was not declared in this scope
 #define GPSSerial Serial2
                   ^
/home/ec2-user/arduino-testlib/cli-datadir/user/libraries/Iridium_SBD/examples/Beacon/Beacon.ino:63:9: note: in expansion of macro &#39;GPSSerial&#39;
     if (GPSSerial.available())
         ^~~~~~~~~
/home/ec2-user/arduino-testlib/cli-datadir/user/libraries/Iridium_SBD/examples/Beacon/Beacon.ino:20:19: note: suggested alternative: &#39;Serial1&#39;
 #define GPSSerial Serial2
                   ^
/home/ec2-user/arduino-testlib/cli-datadir/user/libraries/Iridium_SBD/examples/Beacon/Beacon.ino:63:9: note: in expansion of macro &#39;GPSSerial&#39;
     if (GPSSerial.available())
         ^~~~~~~~~
Multiple libraries were found for &#34;IridiumSBD.h&#34;
  Used: /home/ec2-user/arduino-testlib/cli-datadir/user/libraries/IridiumSBDi2c
  Not used: /home/ec2-user/arduino-testlib/cli-datadir/user/libraries/Iridium_SBD
</pre>
					
					<h4>examples/PassThru</h4>
					<p>
						Result: <b>FAIL</b>
					</p>
					<pre class="pre-scrollable">/home/ec2-user/arduino-testlib/cli-datadir/user/libraries/Iridium_SBD/examples/PassThru/PassThru.ino:17:23: error: &#39;Serial3&#39; was not declared in this scope
 #define IridiumSerial Serial3
                       ^
/home/ec2-user/arduino-testlib/cli-datadir/user/libraries/Iridium_SBD/examples/PassThru/PassThru.ino:20:18: note: in expansion of macro &#39;IridiumSerial&#39;
 IridiumSBD modem(IridiumSerial);
                  ^~~~~~~~~~~~~
/home/ec2-user/arduino-testlib/cli-datadir/user/libraries/Iridium_SBD/examples/PassThru/PassThru.ino:17:23: note: suggested alternative: &#39;Serial1&#39;
 #define IridiumSerial Serial3
                       ^
/home/ec2-user/arduino-testlib/cli-datadir/user/libraries/Iridium_SBD/examples/PassThru/PassThru.ino:20:18: note: in expansion of macro &#39;IridiumSerial&#39;
 IridiumSBD modem(IridiumSerial);
                  ^~~~~~~~~~~~~
/home/ec2-user/arduino-testlib/cli-datadir/user/libraries/Iridium_SBD/examples/PassThru/PassThru.ino: In function &#39;void setup()&#39;:
/home/ec2-user/arduino-testlib/cli-datadir/user/libraries/Iridium_SBD/examples/PassThru/PassThru.ino:17:23: error: &#39;Serial3&#39; was not declared in this scope
 #define IridiumSerial Serial3
                       ^
/home/ec2-user/arduino-testlib/cli-datadir/user/libraries/Iridium_SBD/examples/PassThru/PassThru.ino:29:3: note: in expansion of macro &#39;IridiumSerial&#39;
   IridiumSerial.begin(19200);
   ^~~~~~~~~~~~~
/home/ec2-user/arduino-testlib/cli-datadir/user/libraries/Iridium_SBD/examples/PassThru/PassThru.ino:17:23: note: suggested alternative: &#39;Serial1&#39;
 #define IridiumSerial Serial3
                       ^
/home/ec2-user/arduino-testlib/cli-datadir/user/libraries/Iridium_SBD/examples/PassThru/PassThru.ino:29:3: note: in expansion of macro &#39;IridiumSerial&#39;
   IridiumSerial.begin(19200);
   ^~~~~~~~~~~~~
/home/ec2-user/arduino-testlib/cli-datadir/user/libraries/Iridium_SBD/examples/PassThru/PassThru.ino: In function &#39;void loop()&#39;:
/home/ec2-user/arduino-testlib/cli-datadir/user/libraries/Iridium_SBD/examples/PassThru/PassThru.ino:17:23: error: &#39;Serial3&#39; was not declared in this scope
 #define IridiumSerial Serial3
                       ^
/home/ec2-user/arduino-testlib/cli-datadir/user/libraries/Iridium_SBD/examples/PassThru/PassThru.ino:57:5: note: in expansion of macro &#39;IridiumSerial&#39;
     IridiumSerial.write(Serial.read());
     ^~~~~~~~~~~~~
/home/ec2-user/arduino-testlib/cli-datadir/user/libraries/Iridium_SBD/examples/PassThru/PassThru.ino:17:23: note: suggested alternative: &#39;Serial1&#39;
 #define IridiumSerial Serial3
                       ^
/home/ec2-user/arduino-testlib/cli-datadir/user/libraries/Iridium_SBD/examples/PassThru/PassThru.ino:57:5: note: in expansion of macro &#39;IridiumSerial&#39;
     IridiumSerial.write(Serial.read());
     ^~~~~~~~~~~~~
/home/ec2-user/arduino-testlib/cli-datadir/user/libraries/Iridium_SBD/examples/PassThru/PassThru.ino:17:23: error: &#39;Serial3&#39; was not declared in this scope
 #define IridiumSerial Serial3
                       ^
/home/ec2-user/arduino-testlib/cli-datadir/user/libraries/Iridium_SBD/examples/PassThru/PassThru.ino:58:7: note: in expansion of macro &#39;IridiumSerial&#39;
   if (IridiumSerial.available())
       ^~~~~~~~~~~~~
/home/ec2-user/arduino-testlib/cli-datadir/user/libraries/Iridium_SBD/examples/PassThru/PassThru.ino:17:23: note: suggested alternative: &#39;Serial1&#39;
 #define IridiumSerial Serial3
                       ^
/home/ec2-user/arduino-testlib/cli-datadir/user/libraries/Iridium_SBD/examples/PassThru/PassThru.ino:58:7: note: in expansion of macro &#39;IridiumSerial&#39;
   if (IridiumSerial.available())
       ^~~~~~~~~~~~~
Multiple libraries were found for &#34;IridiumSBD.h&#34;
  Used: /home/ec2-user/arduino-testlib/cli-datadir/user/libraries/IridiumSBDi2c
  Not used: /home/ec2-user/arduino-testlib/cli-datadir/user/libraries/Iridium_SBD
</pre>
					
					<h4>examples/Ring</h4>
					<p>
						Result: <b>FAIL</b>
					</p>
					<pre class="pre-scrollable">/home/ec2-user/arduino-testlib/cli-datadir/user/libraries/Iridium_SBD/examples/Ring/Ring.ino:20:23: error: &#39;Serial3&#39; was not declared in this scope
 #define IridiumSerial Serial3
                       ^
/home/ec2-user/arduino-testlib/cli-datadir/user/libraries/Iridium_SBD/examples/Ring/Ring.ino:24:18: note: in expansion of macro &#39;IridiumSerial&#39;
 IridiumSBD modem(IridiumSerial, -1, RING_PIN);
                  ^~~~~~~~~~~~~
/home/ec2-user/arduino-testlib/cli-datadir/user/libraries/Iridium_SBD/examples/Ring/Ring.ino:20:23: note: suggested alternative: &#39;Serial1&#39;
 #define IridiumSerial Serial3
                       ^
/home/ec2-user/arduino-testlib/cli-datadir/user/libraries/Iridium_SBD/examples/Ring/Ring.ino:24:18: note: in expansion of macro &#39;IridiumSerial&#39;
 IridiumSBD modem(IridiumSerial, -1, RING_PIN);
                  ^~~~~~~~~~~~~
/home/ec2-user/arduino-testlib/cli-datadir/user/libraries/Iridium_SBD/examples/Ring/Ring.ino: In function &#39;void setup()&#39;:
/home/ec2-user/arduino-testlib/cli-datadir/user/libraries/Iridium_SBD/examples/Ring/Ring.ino:20:23: error: &#39;Serial3&#39; was not declared in this scope
 #define IridiumSerial Serial3
                       ^
/home/ec2-user/arduino-testlib/cli-datadir/user/libraries/Iridium_SBD/examples/Ring/Ring.ino:33:3: note: in expansion of macro &#39;IridiumSerial&#39;
   IridiumSerial.begin(19200);
   ^~~~~~~~~~~~~
/home/ec2-user/arduino-testlib/cli-datadir/user/libraries/Iridium_SBD/examples/Ring/Ring.ino:20:23: note: suggested alternative: &#39;Serial1&#39;
 #define IridiumSerial Serial3
                       ^
/home/ec2-user/arduino-testlib/cli-datadir/user/libraries/Iridium_SBD/examples/Ring/Ring.ino:33:3: note: in expansion of macro &#39;IridiumSerial&#39;
   IridiumSerial.begin(19200);
   ^~~~~~~~~~~~~
Multiple libraries were found for &#34;IridiumSBD.h&#34;
  Used: /home/ec2-user/arduino-testlib/cli-datadir/user/libraries/IridiumSBDi2c
  Not used: /home/ec2-user/arduino-testlib/cli-datadir/user/libraries/Iridium_SBD
</pre>
					
					<h4>examples/SendReceive</h4>
					<p>
						Result: <b>FAIL</b>
					</p>
					<pre class="pre-scrollable">/home/ec2-user/arduino-testlib/cli-datadir/user/libraries/Iridium_SBD/examples/SendReceive/SendReceive.ino:21:23: error: &#39;Serial3&#39; was not declared in this scope
 #define IridiumSerial Serial3
                       ^
/home/ec2-user/arduino-testlib/cli-datadir/user/libraries/Iridium_SBD/examples/SendReceive/SendReceive.ino:24:18: note: in expansion of macro &#39;IridiumSerial&#39;
 IridiumSBD modem(IridiumSerial);
                  ^~~~~~~~~~~~~
/home/ec2-user/arduino-testlib/cli-datadir/user/libraries/Iridium_SBD/examples/SendReceive/SendReceive.ino:21:23: note: suggested alternative: &#39;Serial1&#39;
 #define IridiumSerial Serial3
                       ^
/home/ec2-user/arduino-testlib/cli-datadir/user/libraries/Iridium_SBD/examples/SendReceive/SendReceive.ino:24:18: note: in expansion of macro &#39;IridiumSerial&#39;
 IridiumSBD modem(IridiumSerial);
                  ^~~~~~~~~~~~~
/home/ec2-user/arduino-testlib/cli-datadir/user/libraries/Iridium_SBD/examples/SendReceive/SendReceive.ino: In function &#39;void setup()&#39;:
/home/ec2-user/arduino-testlib/cli-datadir/user/libraries/Iridium_SBD/examples/SendReceive/SendReceive.ino:21:23: error: &#39;Serial3&#39; was not declared in this scope
 #define IridiumSerial Serial3
                       ^
/home/ec2-user/arduino-testlib/cli-datadir/user/libraries/Iridium_SBD/examples/SendReceive/SendReceive.ino:36:3: note: in expansion of macro &#39;IridiumSerial&#39;
   IridiumSerial.begin(19200);
   ^~~~~~~~~~~~~
/home/ec2-user/arduino-testlib/cli-datadir/user/libraries/Iridium_SBD/examples/SendReceive/SendReceive.ino:21:23: note: suggested alternative: &#39;Serial1&#39;
 #define IridiumSerial Serial3
                       ^
/home/ec2-user/arduino-testlib/cli-datadir/user/libraries/Iridium_SBD/examples/SendReceive/SendReceive.ino:36:3: note: in expansion of macro &#39;IridiumSerial&#39;
   IridiumSerial.begin(19200);
   ^~~~~~~~~~~~~
Multiple libraries were found for &#34;IridiumSBD.h&#34;
  Used: /home/ec2-user/arduino-testlib/cli-datadir/user/libraries/IridiumSBDi2c
  Not used: /home/ec2-user/arduino-testlib/cli-datadir/user/libraries/Iridium_SBD
</pre>
					
					<h4>examples/Sleep</h4>
					<p>
						Result: <b>FAIL</b>
					</p>
					<pre class="pre-scrollable">/home/ec2-user/arduino-testlib/cli-datadir/user/libraries/Iridium_SBD/examples/Sleep/Sleep.ino:20:23: error: &#39;Serial3&#39; was not declared in this scope
 #define IridiumSerial Serial3
                       ^
/home/ec2-user/arduino-testlib/cli-datadir/user/libraries/Iridium_SBD/examples/Sleep/Sleep.ino:25:18: note: in expansion of macro &#39;IridiumSerial&#39;
 IridiumSBD modem(IridiumSerial, SLEEP_PIN);
                  ^~~~~~~~~~~~~
/home/ec2-user/arduino-testlib/cli-datadir/user/libraries/Iridium_SBD/examples/Sleep/Sleep.ino:20:23: note: suggested alternative: &#39;Serial1&#39;
 #define IridiumSerial Serial3
                       ^
/home/ec2-user/arduino-testlib/cli-datadir/user/libraries/Iridium_SBD/examples/Sleep/Sleep.ino:25:18: note: in expansion of macro &#39;IridiumSerial&#39;
 IridiumSBD modem(IridiumSerial, SLEEP_PIN);
                  ^~~~~~~~~~~~~
/home/ec2-user/arduino-testlib/cli-datadir/user/libraries/Iridium_SBD/examples/Sleep/Sleep.ino: In function &#39;void setup()&#39;:
/home/ec2-user/arduino-testlib/cli-datadir/user/libraries/Iridium_SBD/examples/Sleep/Sleep.ino:20:23: error: &#39;Serial3&#39; was not declared in this scope
 #define IridiumSerial Serial3
                       ^
/home/ec2-user/arduino-testlib/cli-datadir/user/libraries/Iridium_SBD/examples/Sleep/Sleep.ino:34:3: note: in expansion of macro &#39;IridiumSerial&#39;
   IridiumSerial.begin(19200);
   ^~~~~~~~~~~~~
/home/ec2-user/arduino-testlib/cli-datadir/user/libraries/Iridium_SBD/examples/Sleep/Sleep.ino:20:23: note: suggested alternative: &#39;Serial1&#39;
 #define IridiumSerial Serial3
                       ^
/home/ec2-user/arduino-testlib/cli-datadir/user/libraries/Iridium_SBD/examples/Sleep/Sleep.ino:34:3: note: in expansion of macro &#39;IridiumSerial&#39;
   IridiumSerial.begin(19200);
   ^~~~~~~~~~~~~
Multiple libraries were found for &#34;IridiumSBD.h&#34;
  Used: /home/ec2-user/arduino-testlib/cli-datadir/user/libraries/IridiumSBDi2c
  Not used: /home/ec2-user/arduino-testlib/cli-datadir/user/libraries/Iridium_SBD
</pre>
					
					<h4>examples/Time</h4>
					<p>
						Result: <b>FAIL</b>
					</p>
					<pre class="pre-scrollable">/home/ec2-user/arduino-testlib/cli-datadir/user/libraries/Iridium_SBD/examples/Time/Time.ino:19:23: error: &#39;Serial3&#39; was not declared in this scope
 #define IridiumSerial Serial3
                       ^
/home/ec2-user/arduino-testlib/cli-datadir/user/libraries/Iridium_SBD/examples/Time/Time.ino:23:18: note: in expansion of macro &#39;IridiumSerial&#39;
 IridiumSBD modem(IridiumSerial);
                  ^~~~~~~~~~~~~
/home/ec2-user/arduino-testlib/cli-datadir/user/libraries/Iridium_SBD/examples/Time/Time.ino:19:23: note: suggested alternative: &#39;Serial1&#39;
 #define IridiumSerial Serial3
                       ^
/home/ec2-user/arduino-testlib/cli-datadir/user/libraries/Iridium_SBD/examples/Time/Time.ino:23:18: note: in expansion of macro &#39;IridiumSerial&#39;
 IridiumSBD modem(IridiumSerial);
                  ^~~~~~~~~~~~~
/home/ec2-user/arduino-testlib/cli-datadir/user/libraries/Iridium_SBD/examples/Time/Time.ino: In function &#39;void setup()&#39;:
/home/ec2-user/arduino-testlib/cli-datadir/user/libraries/Iridium_SBD/examples/Time/Time.ino:19:23: error: &#39;Serial3&#39; was not declared in this scope
 #define IridiumSerial Serial3
                       ^
/home/ec2-user/arduino-testlib/cli-datadir/user/libraries/Iridium_SBD/examples/Time/Time.ino:34:3: note: in expansion of macro &#39;IridiumSerial&#39;
   IridiumSerial.begin(19200);
   ^~~~~~~~~~~~~
/home/ec2-user/arduino-testlib/cli-datadir/user/libraries/Iridium_SBD/examples/Time/Time.ino:19:23: note: suggested alternative: &#39;Serial1&#39;
 #define IridiumSerial Serial3
                       ^
/home/ec2-user/arduino-testlib/cli-datadir/user/libraries/Iridium_SBD/examples/Time/Time.ino:34:3: note: in expansion of macro &#39;IridiumSerial&#39;
   IridiumSerial.begin(19200);
   ^~~~~~~~~~~~~
Multiple libraries were found for &#34;IridiumSBD.h&#34;
  Used: /home/ec2-user/arduino-testlib/cli-datadir/user/libraries/IridiumSBDi2c
  Not used: /home/ec2-user/arduino-testlib/cli-datadir/user/libraries/Iridium_SBD
</pre>
					
				
				<h3 id="arduino:samd:mkrwifi1010">arduino:samd:mkrwifi1010 @ 1.8.12</h3>
				<h4>Inclusion</h4>
				<p>
					Result: <b>PASS</b>
					
				</p>
				<pre class="pre-scrollable">Sketch uses 12252 bytes (4%) of program storage space. Maximum is 262144 bytes.
Global variables use 2996 bytes (9%) of dynamic memory, leaving 29772 bytes for local variables. Maximum is 32768 bytes.
</pre>

					
					<h4>examples/BasicSend</h4>
					<p>
						Result: <b>FAIL</b>
					</p>
					<pre class="pre-scrollable">/home/ec2-user/arduino-testlib/cli-datadir/user/libraries/Iridium_SBD/examples/BasicSend/BasicSend.ino:19:23: error: &#39;Serial3&#39; was not declared in this scope
 #define IridiumSerial Serial3
                       ^
/home/ec2-user/arduino-testlib/cli-datadir/user/libraries/Iridium_SBD/examples/BasicSend/BasicSend.ino:23:18: note: in expansion of macro &#39;IridiumSerial&#39;
 IridiumSBD modem(IridiumSerial);
                  ^~~~~~~~~~~~~
/home/ec2-user/arduino-testlib/cli-datadir/user/libraries/Iridium_SBD/examples/BasicSend/BasicSend.ino:19:23: note: suggested alternative: &#39;Serial_&#39;
 #define IridiumSerial Serial3
                       ^
/home/ec2-user/arduino-testlib/cli-datadir/user/libraries/Iridium_SBD/examples/BasicSend/BasicSend.ino:23:18: note: in expansion of macro &#39;IridiumSerial&#39;
 IridiumSBD modem(IridiumSerial);
                  ^~~~~~~~~~~~~
/home/ec2-user/arduino-testlib/cli-datadir/user/libraries/Iridium_SBD/examples/BasicSend/BasicSend.ino: In function &#39;void setup()&#39;:
/home/ec2-user/arduino-testlib/cli-datadir/user/libraries/Iridium_SBD/examples/BasicSend/BasicSend.ino:19:23: error: &#39;Serial3&#39; was not declared in this scope
 #define IridiumSerial Serial3
                       ^
/home/ec2-user/arduino-testlib/cli-datadir/user/libraries/Iridium_SBD/examples/BasicSend/BasicSend.ino:35:3: note: in expansion of macro &#39;IridiumSerial&#39;
   IridiumSerial.begin(19200);
   ^~~~~~~~~~~~~
/home/ec2-user/arduino-testlib/cli-datadir/user/libraries/Iridium_SBD/examples/BasicSend/BasicSend.ino:19:23: note: suggested alternative: &#39;Serial_&#39;
 #define IridiumSerial Serial3
                       ^
/home/ec2-user/arduino-testlib/cli-datadir/user/libraries/Iridium_SBD/examples/BasicSend/BasicSend.ino:35:3: note: in expansion of macro &#39;IridiumSerial&#39;
   IridiumSerial.begin(19200);
   ^~~~~~~~~~~~~
Multiple libraries were found for &#34;IridiumSBD.h&#34;
  Used: /home/ec2-user/arduino-testlib/cli-datadir/user/libraries/IridiumSBDi2c
  Not used: /home/ec2-user/arduino-testlib/cli-datadir/user/libraries/Iridium_SBD
</pre>
					
					<h4>examples/Beacon</h4>
					<p>
						Result: <b>FAIL</b>
					</p>
					<pre class="pre-scrollable">/home/ec2-user/arduino-testlib/cli-datadir/user/libraries/Iridium_SBD/examples/Beacon/Beacon.ino:19:23: error: &#39;Serial3&#39; was not declared in this scope
 #define IridiumSerial Serial3
                       ^
/home/ec2-user/arduino-testlib/cli-datadir/user/libraries/Iridium_SBD/examples/Beacon/Beacon.ino:27:18: note: in expansion of macro &#39;IridiumSerial&#39;
 IridiumSBD modem(IridiumSerial);
                  ^~~~~~~~~~~~~
/home/ec2-user/arduino-testlib/cli-datadir/user/libraries/Iridium_SBD/examples/Beacon/Beacon.ino:19:23: note: suggested alternative: &#39;Serial_&#39;
 #define IridiumSerial Serial3
                       ^
/home/ec2-user/arduino-testlib/cli-datadir/user/libraries/Iridium_SBD/examples/Beacon/Beacon.ino:27:18: note: in expansion of macro &#39;IridiumSerial&#39;
 IridiumSBD modem(IridiumSerial);
                  ^~~~~~~~~~~~~
/home/ec2-user/arduino-testlib/cli-datadir/user/libraries/Iridium_SBD/examples/Beacon/Beacon.ino: In function &#39;void setup()&#39;:
/home/ec2-user/arduino-testlib/cli-datadir/user/libraries/Iridium_SBD/examples/Beacon/Beacon.ino:19:23: error: &#39;Serial3&#39; was not declared in this scope
 #define IridiumSerial Serial3
                       ^
/home/ec2-user/arduino-testlib/cli-datadir/user/libraries/Iridium_SBD/examples/Beacon/Beacon.ino:38:3: note: in expansion of macro &#39;IridiumSerial&#39;
   IridiumSerial.begin(19200);
   ^~~~~~~~~~~~~
/home/ec2-user/arduino-testlib/cli-datadir/user/libraries/Iridium_SBD/examples/Beacon/Beacon.ino:19:23: note: suggested alternative: &#39;Serial_&#39;
 #define IridiumSerial Serial3
                       ^
/home/ec2-user/arduino-testlib/cli-datadir/user/libraries/Iridium_SBD/examples/Beacon/Beacon.ino:38:3: note: in expansion of macro &#39;IridiumSerial&#39;
   IridiumSerial.begin(19200);
   ^~~~~~~~~~~~~
Multiple libraries were found for &#34;IridiumSBD.h&#34;
  Used: /home/ec2-user/arduino-testlib/cli-datadir/user/libraries/IridiumSBDi2c
  Not used: /home/ec2-user/arduino-testlib/cli-datadir/user/libraries/Iridium_SBD
</pre>
					
					<h4>examples/PassThru</h4>
					<p>
						Result: <b>FAIL</b>
					</p>
					<pre class="pre-scrollable">/home/ec2-user/arduino-testlib/cli-datadir/user/libraries/Iridium_SBD/examples/PassThru/PassThru.ino:17:23: error: &#39;Serial3&#39; was not declared in this scope
 #define IridiumSerial Serial3
                       ^
/home/ec2-user/arduino-testlib/cli-datadir/user/libraries/Iridium_SBD/examples/PassThru/PassThru.ino:20:18: note: in expansion of macro &#39;IridiumSerial&#39;
 IridiumSBD modem(IridiumSerial);
                  ^~~~~~~~~~~~~
/home/ec2-user/arduino-testlib/cli-datadir/user/libraries/Iridium_SBD/examples/PassThru/PassThru.ino:17:23: note: suggested alternative: &#39;Serial_&#39;
 #define IridiumSerial Serial3
                       ^
/home/ec2-user/arduino-testlib/cli-datadir/user/libraries/Iridium_SBD/examples/PassThru/PassThru.ino:20:18: note: in expansion of macro &#39;IridiumSerial&#39;
 IridiumSBD modem(IridiumSerial);
                  ^~~~~~~~~~~~~
/home/ec2-user/arduino-testlib/cli-datadir/user/libraries/Iridium_SBD/examples/PassThru/PassThru.ino: In function &#39;void setup()&#39;:
/home/ec2-user/arduino-testlib/cli-datadir/user/libraries/Iridium_SBD/examples/PassThru/PassThru.ino:17:23: error: &#39;Serial3&#39; was not declared in this scope
 #define IridiumSerial Serial3
                       ^
/home/ec2-user/arduino-testlib/cli-datadir/user/libraries/Iridium_SBD/examples/PassThru/PassThru.ino:29:3: note: in expansion of macro &#39;IridiumSerial&#39;
   IridiumSerial.begin(19200);
   ^~~~~~~~~~~~~
/home/ec2-user/arduino-testlib/cli-datadir/user/libraries/Iridium_SBD/examples/PassThru/PassThru.ino:17:23: note: suggested alternative: &#39;Serial_&#39;
 #define IridiumSerial Serial3
                       ^
/home/ec2-user/arduino-testlib/cli-datadir/user/libraries/Iridium_SBD/examples/PassThru/PassThru.ino:29:3: note: in expansion of macro &#39;IridiumSerial&#39;
   IridiumSerial.begin(19200);
   ^~~~~~~~~~~~~
/home/ec2-user/arduino-testlib/cli-datadir/user/libraries/Iridium_SBD/examples/PassThru/PassThru.ino: In function &#39;void loop()&#39;:
/home/ec2-user/arduino-testlib/cli-datadir/user/libraries/Iridium_SBD/examples/PassThru/PassThru.ino:17:23: error: &#39;Serial3&#39; was not declared in this scope
 #define IridiumSerial Serial3
                       ^
/home/ec2-user/arduino-testlib/cli-datadir/user/libraries/Iridium_SBD/examples/PassThru/PassThru.ino:57:5: note: in expansion of macro &#39;IridiumSerial&#39;
     IridiumSerial.write(Serial.read());
     ^~~~~~~~~~~~~
/home/ec2-user/arduino-testlib/cli-datadir/user/libraries/Iridium_SBD/examples/PassThru/PassThru.ino:17:23: note: suggested alternative: &#39;Serial_&#39;
 #define IridiumSerial Serial3
                       ^
/home/ec2-user/arduino-testlib/cli-datadir/user/libraries/Iridium_SBD/examples/PassThru/PassThru.ino:57:5: note: in expansion of macro &#39;IridiumSerial&#39;
     IridiumSerial.write(Serial.read());
     ^~~~~~~~~~~~~
/home/ec2-user/arduino-testlib/cli-datadir/user/libraries/Iridium_SBD/examples/PassThru/PassThru.ino:17:23: error: &#39;Serial3&#39; was not declared in this scope
 #define IridiumSerial Serial3
                       ^
/home/ec2-user/arduino-testlib/cli-datadir/user/libraries/Iridium_SBD/examples/PassThru/PassThru.ino:58:7: note: in expansion of macro &#39;IridiumSerial&#39;
   if (IridiumSerial.available())
       ^~~~~~~~~~~~~
/home/ec2-user/arduino-testlib/cli-datadir/user/libraries/Iridium_SBD/examples/PassThru/PassThru.ino:17:23: note: suggested alternative: &#39;Serial_&#39;
 #define IridiumSerial Serial3
                       ^
/home/ec2-user/arduino-testlib/cli-datadir/user/libraries/Iridium_SBD/examples/PassThru/PassThru.ino:58:7: note: in expansion of macro &#39;IridiumSerial&#39;
   if (IridiumSerial.available())
       ^~~~~~~~~~~~~
Multiple libraries were found for &#34;IridiumSBD.h&#34;
  Used: /home/ec2-user/arduino-testlib/cli-datadir/user/libraries/IridiumSBDi2c
  Not used: /home/ec2-user/arduino-testlib/cli-datadir/user/libraries/Iridium_SBD
</pre>
					
					<h4>examples/Ring</h4>
					<p>
						Result: <b>FAIL</b>
					</p>
					<pre class="pre-scrollable">/home/ec2-user/arduino-testlib/cli-datadir/user/libraries/Iridium_SBD/examples/Ring/Ring.ino:20:23: error: &#39;Serial3&#39; was not declared in this scope
 #define IridiumSerial Serial3
                       ^
/home/ec2-user/arduino-testlib/cli-datadir/user/libraries/Iridium_SBD/examples/Ring/Ring.ino:24:18: note: in expansion of macro &#39;IridiumSerial&#39;
 IridiumSBD modem(IridiumSerial, -1, RING_PIN);
                  ^~~~~~~~~~~~~
/home/ec2-user/arduino-testlib/cli-datadir/user/libraries/Iridium_SBD/examples/Ring/Ring.ino:20:23: note: suggested alternative: &#39;Serial_&#39;
 #define IridiumSerial Serial3
                       ^
/home/ec2-user/arduino-testlib/cli-datadir/user/libraries/Iridium_SBD/examples/Ring/Ring.ino:24:18: note: in expansion of macro &#39;IridiumSerial&#39;
 IridiumSBD modem(IridiumSerial, -1, RING_PIN);
                  ^~~~~~~~~~~~~
/home/ec2-user/arduino-testlib/cli-datadir/user/libraries/Iridium_SBD/examples/Ring/Ring.ino: In function &#39;void setup()&#39;:
/home/ec2-user/arduino-testlib/cli-datadir/user/libraries/Iridium_SBD/examples/Ring/Ring.ino:20:23: error: &#39;Serial3&#39; was not declared in this scope
 #define IridiumSerial Serial3
                       ^
/home/ec2-user/arduino-testlib/cli-datadir/user/libraries/Iridium_SBD/examples/Ring/Ring.ino:33:3: note: in expansion of macro &#39;IridiumSerial&#39;
   IridiumSerial.begin(19200);
   ^~~~~~~~~~~~~
/home/ec2-user/arduino-testlib/cli-datadir/user/libraries/Iridium_SBD/examples/Ring/Ring.ino:20:23: note: suggested alternative: &#39;Serial_&#39;
 #define IridiumSerial Serial3
                       ^
/home/ec2-user/arduino-testlib/cli-datadir/user/libraries/Iridium_SBD/examples/Ring/Ring.ino:33:3: note: in expansion of macro &#39;IridiumSerial&#39;
   IridiumSerial.begin(19200);
   ^~~~~~~~~~~~~
Multiple libraries were found for &#34;IridiumSBD.h&#34;
  Used: /home/ec2-user/arduino-testlib/cli-datadir/user/libraries/IridiumSBDi2c
  Not used: /home/ec2-user/arduino-testlib/cli-datadir/user/libraries/Iridium_SBD
</pre>
					
					<h4>examples/SendReceive</h4>
					<p>
						Result: <b>FAIL</b>
					</p>
					<pre class="pre-scrollable">/home/ec2-user/arduino-testlib/cli-datadir/user/libraries/Iridium_SBD/examples/SendReceive/SendReceive.ino:21:23: error: &#39;Serial3&#39; was not declared in this scope
 #define IridiumSerial Serial3
                       ^
/home/ec2-user/arduino-testlib/cli-datadir/user/libraries/Iridium_SBD/examples/SendReceive/SendReceive.ino:24:18: note: in expansion of macro &#39;IridiumSerial&#39;
 IridiumSBD modem(IridiumSerial);
                  ^~~~~~~~~~~~~
/home/ec2-user/arduino-testlib/cli-datadir/user/libraries/Iridium_SBD/examples/SendReceive/SendReceive.ino:21:23: note: suggested alternative: &#39;Serial_&#39;
 #define IridiumSerial Serial3
                       ^
/home/ec2-user/arduino-testlib/cli-datadir/user/libraries/Iridium_SBD/examples/SendReceive/SendReceive.ino:24:18: note: in expansion of macro &#39;IridiumSerial&#39;
 IridiumSBD modem(IridiumSerial);
                  ^~~~~~~~~~~~~
/home/ec2-user/arduino-testlib/cli-datadir/user/libraries/Iridium_SBD/examples/SendReceive/SendReceive.ino: In function &#39;void setup()&#39;:
/home/ec2-user/arduino-testlib/cli-datadir/user/libraries/Iridium_SBD/examples/SendReceive/SendReceive.ino:21:23: error: &#39;Serial3&#39; was not declared in this scope
 #define IridiumSerial Serial3
                       ^
/home/ec2-user/arduino-testlib/cli-datadir/user/libraries/Iridium_SBD/examples/SendReceive/SendReceive.ino:36:3: note: in expansion of macro &#39;IridiumSerial&#39;
   IridiumSerial.begin(19200);
   ^~~~~~~~~~~~~
/home/ec2-user/arduino-testlib/cli-datadir/user/libraries/Iridium_SBD/examples/SendReceive/SendReceive.ino:21:23: note: suggested alternative: &#39;Serial_&#39;
 #define IridiumSerial Serial3
                       ^
/home/ec2-user/arduino-testlib/cli-datadir/user/libraries/Iridium_SBD/examples/SendReceive/SendReceive.ino:36:3: note: in expansion of macro &#39;IridiumSerial&#39;
   IridiumSerial.begin(19200);
   ^~~~~~~~~~~~~
Multiple libraries were found for &#34;IridiumSBD.h&#34;
  Used: /home/ec2-user/arduino-testlib/cli-datadir/user/libraries/IridiumSBDi2c
  Not used: /home/ec2-user/arduino-testlib/cli-datadir/user/libraries/Iridium_SBD
</pre>
					
					<h4>examples/Sleep</h4>
					<p>
						Result: <b>FAIL</b>
					</p>
					<pre class="pre-scrollable">/home/ec2-user/arduino-testlib/cli-datadir/user/libraries/Iridium_SBD/examples/Sleep/Sleep.ino:20:23: error: &#39;Serial3&#39; was not declared in this scope
 #define IridiumSerial Serial3
                       ^
/home/ec2-user/arduino-testlib/cli-datadir/user/libraries/Iridium_SBD/examples/Sleep/Sleep.ino:25:18: note: in expansion of macro &#39;IridiumSerial&#39;
 IridiumSBD modem(IridiumSerial, SLEEP_PIN);
                  ^~~~~~~~~~~~~
/home/ec2-user/arduino-testlib/cli-datadir/user/libraries/Iridium_SBD/examples/Sleep/Sleep.ino:20:23: note: suggested alternative: &#39;Serial_&#39;
 #define IridiumSerial Serial3
                       ^
/home/ec2-user/arduino-testlib/cli-datadir/user/libraries/Iridium_SBD/examples/Sleep/Sleep.ino:25:18: note: in expansion of macro &#39;IridiumSerial&#39;
 IridiumSBD modem(IridiumSerial, SLEEP_PIN);
                  ^~~~~~~~~~~~~
/home/ec2-user/arduino-testlib/cli-datadir/user/libraries/Iridium_SBD/examples/Sleep/Sleep.ino: In function &#39;void setup()&#39;:
/home/ec2-user/arduino-testlib/cli-datadir/user/libraries/Iridium_SBD/examples/Sleep/Sleep.ino:20:23: error: &#39;Serial3&#39; was not declared in this scope
 #define IridiumSerial Serial3
                       ^
/home/ec2-user/arduino-testlib/cli-datadir/user/libraries/Iridium_SBD/examples/Sleep/Sleep.ino:34:3: note: in expansion of macro &#39;IridiumSerial&#39;
   IridiumSerial.begin(19200);
   ^~~~~~~~~~~~~
/home/ec2-user/arduino-testlib/cli-datadir/user/libraries/Iridium_SBD/examples/Sleep/Sleep.ino:20:23: note: suggested alternative: &#39;Serial_&#39;
 #define IridiumSerial Serial3
                       ^
/home/ec2-user/arduino-testlib/cli-datadir/user/libraries/Iridium_SBD/examples/Sleep/Sleep.ino:34:3: note: in expansion of macro &#39;IridiumSerial&#39;
   IridiumSerial.begin(19200);
   ^~~~~~~~~~~~~
Multiple libraries were found for &#34;IridiumSBD.h&#34;
  Used: /home/ec2-user/arduino-testlib/cli-datadir/user/libraries/IridiumSBDi2c
  Not used: /home/ec2-user/arduino-testlib/cli-datadir/user/libraries/Iridium_SBD
</pre>
					
					<h4>examples/Time</h4>
					<p>
						Result: <b>FAIL</b>
					</p>
					<pre class="pre-scrollable">/home/ec2-user/arduino-testlib/cli-datadir/user/libraries/Iridium_SBD/examples/Time/Time.ino:19:23: error: &#39;Serial3&#39; was not declared in this scope
 #define IridiumSerial Serial3
                       ^
/home/ec2-user/arduino-testlib/cli-datadir/user/libraries/Iridium_SBD/examples/Time/Time.ino:23:18: note: in expansion of macro &#39;IridiumSerial&#39;
 IridiumSBD modem(IridiumSerial);
                  ^~~~~~~~~~~~~
/home/ec2-user/arduino-testlib/cli-datadir/user/libraries/Iridium_SBD/examples/Time/Time.ino:19:23: note: suggested alternative: &#39;Serial_&#39;
 #define IridiumSerial Serial3
                       ^
/home/ec2-user/arduino-testlib/cli-datadir/user/libraries/Iridium_SBD/examples/Time/Time.ino:23:18: note: in expansion of macro &#39;IridiumSerial&#39;
 IridiumSBD modem(IridiumSerial);
                  ^~~~~~~~~~~~~
/home/ec2-user/arduino-testlib/cli-datadir/user/libraries/Iridium_SBD/examples/Time/Time.ino: In function &#39;void setup()&#39;:
/home/ec2-user/arduino-testlib/cli-datadir/user/libraries/Iridium_SBD/examples/Time/Time.ino:19:23: error: &#39;Serial3&#39; was not declared in this scope
 #define IridiumSerial Serial3
                       ^
/home/ec2-user/arduino-testlib/cli-datadir/user/libraries/Iridium_SBD/examples/Time/Time.ino:34:3: note: in expansion of macro &#39;IridiumSerial&#39;
   IridiumSerial.begin(19200);
   ^~~~~~~~~~~~~
/home/ec2-user/arduino-testlib/cli-datadir/user/libraries/Iridium_SBD/examples/Time/Time.ino:19:23: note: suggested alternative: &#39;Serial_&#39;
 #define IridiumSerial Serial3
                       ^
/home/ec2-user/arduino-testlib/cli-datadir/user/libraries/Iridium_SBD/examples/Time/Time.ino:34:3: note: in expansion of macro &#39;IridiumSerial&#39;
   IridiumSerial.begin(19200);
   ^~~~~~~~~~~~~
Multiple libraries were found for &#34;IridiumSBD.h&#34;
  Used: /home/ec2-user/arduino-testlib/cli-datadir/user/libraries/IridiumSBDi2c
  Not used: /home/ec2-user/arduino-testlib/cli-datadir/user/libraries/Iridium_SBD
</pre>
					
				
				<h3 id="esp32:esp32:d1_mini32">esp32:esp32:d1_mini32 @ 1.0.6</h3>
				<h4>Inclusion</h4>
				<p>
					Result: <b>FAIL</b>
					
				</p>
				<pre class="pre-scrollable">cp: cannot create regular file &#39;/tmp/arduino-sketch-0DFD2D2514BCE03C80ABE298F039B84E/partitions.csv&#39;: No such file or directory

</pre>

					
					<h4>examples/BasicSend</h4>
					<p>
						Result: <b>FAIL</b>
					</p>
					<pre class="pre-scrollable">/home/ec2-user/arduino-testlib/cli-datadir/user/libraries/Iridium_SBD/examples/BasicSend/BasicSend.ino:19:23: error: &#39;Serial3&#39; was not declared in this scope
 #define IridiumSerial Serial3
                       ^
/home/ec2-user/arduino-testlib/cli-datadir/user/libraries/Iridium_SBD/examples/BasicSend/BasicSend.ino:23:18: note: in expansion of macro &#39;IridiumSerial&#39;
 IridiumSBD modem(IridiumSerial);
                  ^
/home/ec2-user/arduino-testlib/cli-datadir/user/libraries/Iridium_SBD/examples/BasicSend/BasicSend.ino: In function &#39;void setup()&#39;:
/home/ec2-user/arduino-testlib/cli-datadir/user/libraries/Iridium_SBD/examples/BasicSend/BasicSend.ino:19:23: error: &#39;Serial3&#39; was not declared in this scope
 #define IridiumSerial Serial3
                       ^
/home/ec2-user/arduino-testlib/cli-datadir/user/libraries/Iridium_SBD/examples/BasicSend/BasicSend.ino:35:3: note: in expansion of macro &#39;IridiumSerial&#39;
   IridiumSerial.begin(19200);
   ^
Multiple libraries were found for &#34;IridiumSBD.h&#34;
  Used: /home/ec2-user/arduino-testlib/cli-datadir/user/libraries/IridiumSBDi2c
  Not used: /home/ec2-user/arduino-testlib/cli-datadir/user/libraries/Iridium_SBD
</pre>
					
					<h4>examples/Beacon</h4>
					<p>
						Result: <b>FAIL</b>
					</p>
					<pre class="pre-scrollable">/home/ec2-user/arduino-testlib/cli-datadir/user/libraries/Iridium_SBD/examples/Beacon/Beacon.ino:19:23: error: &#39;Serial3&#39; was not declared in this scope
 #define IridiumSerial Serial3
                       ^
/home/ec2-user/arduino-testlib/cli-datadir/user/libraries/Iridium_SBD/examples/Beacon/Beacon.ino:27:18: note: in expansion of macro &#39;IridiumSerial&#39;
 IridiumSBD modem(IridiumSerial);
                  ^
/home/ec2-user/arduino-testlib/cli-datadir/user/libraries/Iridium_SBD/examples/Beacon/Beacon.ino: In function &#39;void setup()&#39;:
/home/ec2-user/arduino-testlib/cli-datadir/user/libraries/Iridium_SBD/examples/Beacon/Beacon.ino:19:23: error: &#39;Serial3&#39; was not declared in this scope
 #define IridiumSerial Serial3
                       ^
/home/ec2-user/arduino-testlib/cli-datadir/user/libraries/Iridium_SBD/examples/Beacon/Beacon.ino:38:3: note: in expansion of macro &#39;IridiumSerial&#39;
   IridiumSerial.begin(19200);
   ^
Multiple libraries were found for &#34;IridiumSBD.h&#34;
  Used: /home/ec2-user/arduino-testlib/cli-datadir/user/libraries/IridiumSBDi2c
  Not used: /home/ec2-user/arduino-testlib/cli-datadir/user/libraries/Iridium_SBD
</pre>
					
					<h4>examples/PassThru</h4>
					<p>
						Result: <b>FAIL</b>
					</p>
					<pre class="pre-scrollable">/home/ec2-user/arduino-testlib/cli-datadir/user/libraries/Iridium_SBD/examples/PassThru/PassThru.ino:17:23: error: &#39;Serial3&#39; was not declared in this scope
 #define IridiumSerial Serial3
                       ^
/home/ec2-user/arduino-testlib/cli-datadir/user/libraries/Iridium_SBD/examples/PassThru/PassThru.ino:20:18: note: in expansion of macro &#39;IridiumSerial&#39;
 IridiumSBD modem(IridiumSerial);
                  ^
/home/ec2-user/arduino-testlib/cli-datadir/user/libraries/Iridium_SBD/examples/PassThru/PassThru.ino: In function &#39;void setup()&#39;:
/home/ec2-user/arduino-testlib/cli-datadir/user/libraries/Iridium_SBD/examples/PassThru/PassThru.ino:17:23: error: &#39;Serial3&#39; was not declared in this scope
 #define IridiumSerial Serial3
                       ^
/home/ec2-user/arduino-testlib/cli-datadir/user/libraries/Iridium_SBD/examples/PassThru/PassThru.ino:29:3: note: in expansion of macro &#39;IridiumSerial&#39;
   IridiumSerial.begin(19200);
   ^
/home/ec2-user/arduino-testlib/cli-datadir/user/libraries/Iridium_SBD/examples/PassThru/PassThru.ino: In function &#39;void loop()&#39;:
/home/ec2-user/arduino-testlib/cli-datadir/user/libraries/Iridium_SBD/examples/PassThru/PassThru.ino:17:23: error: &#39;Serial3&#39; was not declared in this scope
 #define IridiumSerial Serial3
                       ^
/home/ec2-user/arduino-testlib/cli-datadir/user/libraries/Iridium_SBD/examples/PassThru/PassThru.ino:57:5: note: in expansion of macro &#39;IridiumSerial&#39;
     IridiumSerial.write(Serial.read());
     ^
/home/ec2-user/arduino-testlib/cli-datadir/user/libraries/Iridium_SBD/examples/PassThru/PassThru.ino:17:23: error: &#39;Serial3&#39; was not declared in this scope
 #define IridiumSerial Serial3
                       ^
/home/ec2-user/arduino-testlib/cli-datadir/user/libraries/Iridium_SBD/examples/PassThru/PassThru.ino:58:7: note: in expansion of macro &#39;IridiumSerial&#39;
   if (IridiumSerial.available())
       ^
Multiple libraries were found for &#34;IridiumSBD.h&#34;
  Used: /home/ec2-user/arduino-testlib/cli-datadir/user/libraries/IridiumSBDi2c
  Not used: /home/ec2-user/arduino-testlib/cli-datadir/user/libraries/Iridium_SBD
</pre>
					
					<h4>examples/Ring</h4>
					<p>
						Result: <b>FAIL</b>
					</p>
					<pre class="pre-scrollable">/home/ec2-user/arduino-testlib/cli-datadir/user/libraries/Iridium_SBD/examples/Ring/Ring.ino:20:23: error: &#39;Serial3&#39; was not declared in this scope
 #define IridiumSerial Serial3
                       ^
/home/ec2-user/arduino-testlib/cli-datadir/user/libraries/Iridium_SBD/examples/Ring/Ring.ino:24:18: note: in expansion of macro &#39;IridiumSerial&#39;
 IridiumSBD modem(IridiumSerial, -1, RING_PIN);
                  ^
/home/ec2-user/arduino-testlib/cli-datadir/user/libraries/Iridium_SBD/examples/Ring/Ring.ino: In function &#39;void setup()&#39;:
/home/ec2-user/arduino-testlib/cli-datadir/user/libraries/Iridium_SBD/examples/Ring/Ring.ino:20:23: error: &#39;Serial3&#39; was not declared in this scope
 #define IridiumSerial Serial3
                       ^
/home/ec2-user/arduino-testlib/cli-datadir/user/libraries/Iridium_SBD/examples/Ring/Ring.ino:33:3: note: in expansion of macro &#39;IridiumSerial&#39;
   IridiumSerial.begin(19200);
   ^
Multiple libraries were found for &#34;IridiumSBD.h&#34;
  Used: /home/ec2-user/arduino-testlib/cli-datadir/user/libraries/IridiumSBDi2c
  Not used: /home/ec2-user/arduino-testlib/cli-datadir/user/libraries/Iridium_SBD
</pre>
					
					<h4>examples/SendReceive</h4>
					<p>
						Result: <b>FAIL</b>
					</p>
					<pre class="pre-scrollable">/home/ec2-user/arduino-testlib/cli-datadir/user/libraries/Iridium_SBD/examples/SendReceive/SendReceive.ino:21:23: error: &#39;Serial3&#39; was not declared in this scope
 #define IridiumSerial Serial3
                       ^
/home/ec2-user/arduino-testlib/cli-datadir/user/libraries/Iridium_SBD/examples/SendReceive/SendReceive.ino:24:18: note: in expansion of macro &#39;IridiumSerial&#39;
 IridiumSBD modem(IridiumSerial);
                  ^
/home/ec2-user/arduino-testlib/cli-datadir/user/libraries/Iridium_SBD/examples/SendReceive/SendReceive.ino: In function &#39;void setup()&#39;:
/home/ec2-user/arduino-testlib/cli-datadir/user/libraries/Iridium_SBD/examples/SendReceive/SendReceive.ino:21:23: error: &#39;Serial3&#39; was not declared in this scope
 #define IridiumSerial Serial3
                       ^
/home/ec2-user/arduino-testlib/cli-datadir/user/libraries/Iridium_SBD/examples/SendReceive/SendReceive.ino:36:3: note: in expansion of macro &#39;IridiumSerial&#39;
   IridiumSerial.begin(19200);
   ^
Multiple libraries were found for &#34;IridiumSBD.h&#34;
  Used: /home/ec2-user/arduino-testlib/cli-datadir/user/libraries/IridiumSBDi2c
  Not used: /home/ec2-user/arduino-testlib/cli-datadir/user/libraries/Iridium_SBD
</pre>
					
					<h4>examples/Sleep</h4>
					<p>
						Result: <b>FAIL</b>
					</p>
					<pre class="pre-scrollable">/home/ec2-user/arduino-testlib/cli-datadir/user/libraries/Iridium_SBD/examples/Sleep/Sleep.ino:20:23: error: &#39;Serial3&#39; was not declared in this scope
 #define IridiumSerial Serial3
                       ^
/home/ec2-user/arduino-testlib/cli-datadir/user/libraries/Iridium_SBD/examples/Sleep/Sleep.ino:25:18: note: in expansion of macro &#39;IridiumSerial&#39;
 IridiumSBD modem(IridiumSerial, SLEEP_PIN);
                  ^
/home/ec2-user/arduino-testlib/cli-datadir/user/libraries/Iridium_SBD/examples/Sleep/Sleep.ino: In function &#39;void setup()&#39;:
/home/ec2-user/arduino-testlib/cli-datadir/user/libraries/Iridium_SBD/examples/Sleep/Sleep.ino:20:23: error: &#39;Serial3&#39; was not declared in this scope
 #define IridiumSerial Serial3
                       ^
/home/ec2-user/arduino-testlib/cli-datadir/user/libraries/Iridium_SBD/examples/Sleep/Sleep.ino:34:3: note: in expansion of macro &#39;IridiumSerial&#39;
   IridiumSerial.begin(19200);
   ^
Multiple libraries were found for &#34;IridiumSBD.h&#34;
  Used: /home/ec2-user/arduino-testlib/cli-datadir/user/libraries/IridiumSBDi2c
  Not used: /home/ec2-user/arduino-testlib/cli-datadir/user/libraries/Iridium_SBD
</pre>
					
					<h4>examples/Time</h4>
					<p>
						Result: <b>FAIL</b>
					</p>
					<pre class="pre-scrollable">/home/ec2-user/arduino-testlib/cli-datadir/user/libraries/Iridium_SBD/examples/Time/Time.ino:19:23: error: &#39;Serial3&#39; was not declared in this scope
 #define IridiumSerial Serial3
                       ^
/home/ec2-user/arduino-testlib/cli-datadir/user/libraries/Iridium_SBD/examples/Time/Time.ino:23:18: note: in expansion of macro &#39;IridiumSerial&#39;
 IridiumSBD modem(IridiumSerial);
                  ^
/home/ec2-user/arduino-testlib/cli-datadir/user/libraries/Iridium_SBD/examples/Time/Time.ino: In function &#39;void setup()&#39;:
/home/ec2-user/arduino-testlib/cli-datadir/user/libraries/Iridium_SBD/examples/Time/Time.ino:19:23: error: &#39;Serial3&#39; was not declared in this scope
 #define IridiumSerial Serial3
                       ^
/home/ec2-user/arduino-testlib/cli-datadir/user/libraries/Iridium_SBD/examples/Time/Time.ino:34:3: note: in expansion of macro &#39;IridiumSerial&#39;
   IridiumSerial.begin(19200);
   ^
Multiple libraries were found for &#34;IridiumSBD.h&#34;
  Used: /home/ec2-user/arduino-testlib/cli-datadir/user/libraries/IridiumSBDi2c
  Not used: /home/ec2-user/arduino-testlib/cli-datadir/user/libraries/Iridium_SBD
</pre>
					
				
			</div>
		</div>
	</div>
  </body>
</html>
