
<!doctype html>
<html lang="en">
  <head>
    <meta charset="utf-8">
    <meta name="viewport" content="width=device-width, initial-scale=1">
    <link href="https://cdn.jsdelivr.net/npm/bootstrap@5.0.2/dist/css/bootstrap.min.css" rel="stylesheet" integrity="sha384-EVSTQN3/azprG1Anm3QDgpJLIm9Nao0Yz1ztcQTwFspd3yD65VohhpuuCOmLASjC" crossorigin="anonymous">
    <title>arduino-testlib report</title>
	<style>
	.pass { background-color: #00FF00 !important; }
	.fail { background-color: #FF0000 !important; }
	</style>
  </head>
  <body>
	<div class="container">
		<div class="row">
			<div class="col">
				<h1>JMotor - compatibility matrix</h1>
				<p>
					<small>This report was generated on Monday, 21-Feb-22 12:00:25 CET using 
					<a href="https://github.com/alranel/arduino-testlib">arduino-testlib</a>.</small>
				</p>

				<h2>JMotor</h2>
				<p>
					Version: <b>0.9.4</b>
					<br />
					<a href="https://www.arduino.cc/reference/en/libraries/jmotor/">More details</a>
				</p>

				<h2>Compatibility matrix</h2>
				<table class="table table-bordered">
					<tr>
						<th>Board</th>
						<th>Claims compatibility</th>
						<th>Inclusion</th>
						
						<th><pre>exampleC</pre></th>
						
						<th><pre>exampleD</pre></th>
						
						<th><pre>exampleA</pre></th>
						
						<th><pre>exampleB</pre></th>
						
					</tr>
					
					<tr>
						<td>
							<a href="#arduino%3aavr%3auno"><b>arduino:avr:uno</b></a>
							<br />
							<small>1.8.4</small>
						</td>

						
							<td>Yes</td>
							<td class="pass">PASS</td>
						
						
						
						

						
							
								
									
										
									
										
									
										
											
											<td class="fail">FAIL</td>
										
									
										
									
								
							
								
							
								
							
								
							
								
							
						
							
								
									
										
									
										
									
										
									
										
											
											<td class="fail">FAIL</td>
										
									
								
							
								
							
								
							
								
							
								
							
						
							
								
									
										
											
											<td class="fail">FAIL</td>
										
									
										
									
										
									
										
									
								
							
								
							
								
							
								
							
								
							
						
							
								
									
										
									
										
											<td class="pass">PASS</td>
											
										
									
										
									
										
									
								
							
								
							
								
							
								
							
								
							
						
					</tr>
					
					<tr>
						<td>
							<a href="#arduino%3ambed_nano%3ananorp2040connect"><b>arduino:mbed_nano:nanorp2040connect</b></a>
							<br />
							<small>2.7.2</small>
						</td>

						
						
						
							<td>Yes ⚠️</td>
							<td class="fail">FAIL</td>
						
						

						
							
								
							
								
									
										
									
										
									
										
											
											<td class="fail">FAIL</td>
										
									
										
									
								
							
								
							
								
							
								
							
						
							
								
							
								
									
										
									
										
									
										
									
										
											
											<td class="fail">FAIL</td>
										
									
								
							
								
							
								
							
								
							
						
							
								
							
								
									
										
											
											<td class="fail">FAIL</td>
										
									
										
									
										
									
										
									
								
							
								
							
								
							
								
							
						
							
								
							
								
									
										
									
										
											
											<td class="fail">FAIL</td>
										
									
										
									
										
									
								
							
								
							
								
							
								
							
						
					</tr>
					
					<tr>
						<td>
							<a href="#arduino%3amegaavr%3anona4809"><b>arduino:megaavr:nona4809</b></a>
							<br />
							<small>1.8.7</small>
						</td>

						
						
						
							<td>Yes ⚠️</td>
							<td class="fail">FAIL</td>
						
						

						
							
								
							
								
							
								
									
										
									
										
									
										
											
											<td class="fail">FAIL</td>
										
									
										
									
								
							
								
							
								
							
						
							
								
							
								
							
								
									
										
									
										
									
										
									
										
											
											<td class="fail">FAIL</td>
										
									
								
							
								
							
								
							
						
							
								
							
								
							
								
									
										
											
											<td class="fail">FAIL</td>
										
									
										
									
										
									
										
									
								
							
								
							
								
							
						
							
								
							
								
							
								
									
										
									
										
											
											<td class="fail">FAIL</td>
										
									
										
									
										
									
								
							
								
							
								
							
						
					</tr>
					
					<tr>
						<td>
							<a href="#arduino%3asamd%3amkrwifi1010"><b>arduino:samd:mkrwifi1010</b></a>
							<br />
							<small>1.8.12</small>
						</td>

						
							<td>Yes</td>
							<td class="pass">PASS</td>
						
						
						
						

						
							
								
							
								
							
								
							
								
									
										
									
										
									
										
											
											<td class="fail">FAIL</td>
										
									
										
									
								
							
								
							
						
							
								
							
								
							
								
							
								
									
										
									
										
									
										
									
										
											
											<td class="fail">FAIL</td>
										
									
								
							
								
							
						
							
								
							
								
							
								
							
								
									
										
											
											<td class="fail">FAIL</td>
										
									
										
									
										
									
										
									
								
							
								
							
						
							
								
							
								
							
								
							
								
									
										
									
										
											<td class="pass">PASS</td>
											
										
									
										
									
										
									
								
							
								
							
						
					</tr>
					
					<tr>
						<td>
							<a href="#esp32%3aesp32%3ad1_mini32"><b>esp32:esp32:d1_mini32</b></a>
							<br />
							<small>1.0.6</small>
						</td>

						
							<td>Yes</td>
							<td class="pass">PASS</td>
						
						
						
						

						
							
								
							
								
							
								
							
								
							
								
									
										
									
										
									
										
											<td class="pass">PASS</td>
											
										
									
										
									
								
							
						
							
								
							
								
							
								
							
								
							
								
									
										
									
										
									
										
									
										
											<td class="pass">PASS</td>
											
										
									
								
							
						
							
								
							
								
							
								
							
								
							
								
									
										
											<td class="pass">PASS</td>
											
										
									
										
									
										
									
										
									
								
							
						
							
								
							
								
							
								
							
								
							
								
									
										
									
										
											
											<td class="fail">FAIL</td>
										
									
										
									
										
									
								
							
						
					</tr>
					
				</table>

				<h2>Compilation logs</h2>
				
				<h3 id="arduino:avr:uno">arduino:avr:uno @ 1.8.4</h3>
				<h4>Inclusion</h4>
				<p>
					Result: <b>PASS</b>
					
				</p>
				<pre class="pre-scrollable">Sketch uses 3412 bytes (10%) of program storage space. Maximum is 32256 bytes.
Global variables use 343 bytes (16%) of dynamic memory, leaving 1705 bytes for local variables. Maximum is 2048 bytes.
</pre>

					
					<h4>examples/exampleA</h4>
					<p>
						Result: <b>FAIL</b>
					</p>
					<pre class="pre-scrollable">/home/ec2-user/arduino-testlib/cli-datadir/user/libraries/JMotor/examples/exampleA/exampleA.ino:32:1: error: &#39;JEncoderPWMAbsoluteAttachInterrupt&#39; does not name a type; did you mean &#39;JEncoderPWMAbsolutePinChange&#39;?
 JEncoderPWMAbsoluteAttachInterrupt encoder = JEncoderPWMAbsoluteAttachInterrupt(inport2, JEncoderPWMAbsolute_AS5048settings, true, 1, 50000, 1000, true);
 ^~~~~~~~~~~~~~~~~~~~~~~~~~~~~~~~~~
 JEncoderPWMAbsolutePinChange
/home/ec2-user/arduino-testlib/cli-datadir/user/libraries/JMotor/examples/exampleA/exampleA.ino:32:124: error: expected unqualified-id before &#39;,&#39; token
 JEncoderPWMAbsoluteAttachInterrupt encoder = JEncoderPWMAbsoluteAttachInterrupt(inport2, JEncoderPWMAbsolute_AS5048settings, true, 1, 50000, 1000, true);
                                                                                                                            ^
/home/ec2-user/arduino-testlib/cli-datadir/user/libraries/JMotor/examples/exampleA/exampleA.ino:32:126: error: expected unqualified-id before &#39;true&#39;
 JEncoderPWMAbsoluteAttachInterrupt encoder = JEncoderPWMAbsoluteAttachInterrupt(inport2, JEncoderPWMAbsolute_AS5048settings, true, 1, 50000, 1000, true);
                                                                                                                              ^~~~
/home/ec2-user/arduino-testlib/cli-datadir/user/libraries/JMotor/examples/exampleA/exampleA.ino:33:1: error: &#39;IRAM_ATTRvoid&#39; does not name a type
 IRAM_ATTR jENCODER_MAKE_ISR_MACRO(encoder);
 ^~~~~~~~~~~~~
/home/ec2-user/arduino-testlib/cli-datadir/user/libraries/JMotor/examples/exampleA/exampleA.ino:33:1: error: &#39;IRAM_ATTR&#39; does not name a type
 IRAM_ATTR jENCODER_MAKE_ISR_MACRO(encoder);
 ^~~~~~~~~
/home/ec2-user/arduino-testlib/cli-datadir/user/libraries/JMotor/examples/exampleA/exampleA.ino:38:1: error: &#39;JMotorDriverEsp32L293&#39; does not name a type; did you mean &#39;JMotorDriverAvrL293&#39;?
 JMotorDriverEsp32L293 myDriver = JMotorDriverEsp32L293(portD);
 ^~~~~~~~~~~~~~~~~~~~~
 JMotorDriverAvrL293
/home/ec2-user/arduino-testlib/cli-datadir/user/libraries/JMotor/examples/exampleA/exampleA.ino:40:62: error: &#39;myDriver&#39; was not declared in this scope
 JMotorControllerClosed myController = JMotorControllerClosed(myDriver, myMotorCompensator, encoder, myCtrlLoop, INFINITY, INFINITY, 0.25, true, 1.5);
                                                              ^~~~~~~~
/home/ec2-user/arduino-testlib/cli-datadir/user/libraries/JMotor/examples/exampleA/exampleA.ino:40:92: error: &#39;encoder&#39; was not declared in this scope
 JMotorControllerClosed myController = JMotorControllerClosed(myDriver, myMotorCompensator, encoder, myCtrlLoop, INFINITY, INFINITY, 0.25, true, 1.5);
                                                                                            ^~~~~~~
/home/ec2-user/arduino-testlib/cli-datadir/user/libraries/JMotor/examples/exampleA/exampleA.ino:40:92: note: suggested alternative: &#39;JEncoder&#39;
 JMotorControllerClosed myController = JMotorControllerClosed(myDriver, myMotorCompensator, encoder, myCtrlLoop, INFINITY, INFINITY, 0.25, true, 1.5);
                                                                                            ^~~~~~~
                                                                                            JEncoder
/home/ec2-user/arduino-testlib/cli-datadir/user/libraries/JMotor/examples/exampleA/exampleA.ino:42:1: error: &#39;JMotorDriverEsp32L293&#39; does not name a type; did you mean &#39;JMotorDriverAvrL293&#39;?
 JMotorDriverEsp32L293 otherDriver = JMotorDriverEsp32L293(portA);
 ^~~~~~~~~~~~~~~~~~~~~
 JMotorDriverAvrL293
/home/ec2-user/arduino-testlib/cli-datadir/user/libraries/JMotor/examples/exampleA/exampleA.ino:44:61: error: &#39;otherDriver&#39; was not declared in this scope
 JMotorControllerOpen otherController = JMotorControllerOpen(otherDriver, otherCompensator);
                                                             ^~~~~~~~~~~
/home/ec2-user/arduino-testlib/cli-datadir/user/libraries/JMotor/examples/exampleA/exampleA.ino:44:61: note: suggested alternative: &#39;JMotorDriver&#39;
 JMotorControllerOpen otherController = JMotorControllerOpen(otherDriver, otherCompensator);
                                                             ^~~~~~~~~~~
                                                             JMotorDriver
/home/ec2-user/arduino-testlib/cli-datadir/user/libraries/JMotor/examples/exampleA/exampleA.ino: In function &#39;void setup()&#39;:
/home/ec2-user/arduino-testlib/cli-datadir/user/libraries/JMotor/examples/exampleA/exampleA.ino:56:5: error: &#39;encoder&#39; was not declared in this scope
     encoder.setUpInterrupts(encoder_jENCODER_ISR);
     ^~~~~~~
/home/ec2-user/arduino-testlib/cli-datadir/user/libraries/JMotor/examples/exampleA/exampleA.ino:56:5: note: suggested alternative: &#39;JEncoder&#39;
     encoder.setUpInterrupts(encoder_jENCODER_ISR);
     ^~~~~~~
     JEncoder
/home/ec2-user/arduino-testlib/cli-datadir/user/libraries/JMotor/examples/exampleA/exampleA.ino:56:29: error: &#39;encoder_jENCODER_ISR&#39; was not declared in this scope
     encoder.setUpInterrupts(encoder_jENCODER_ISR);
                             ^~~~~~~~~~~~~~~~~~~~
Multiple libraries were found for &#34;Servo.h&#34;
  Used: /home/ec2-user/arduino-testlib/cli-datadir/user/libraries/Servo
  Not used: /home/ec2-user/arduino-testlib/cli-datadir/user/libraries/Printoo_Library
  Not used: /home/ec2-user/arduino-testlib/cli-datadir/user/libraries/RokitSmart
  Not used: /home/ec2-user/arduino-testlib/cli-datadir/user/libraries/ServoESP32
  Not used: /home/ec2-user/arduino-testlib/cli-datadir/user/libraries/evive
  Not used: /home/ec2-user/arduino-testlib/cli-datadir/user/libraries/XMC_Servo
</pre>
					
					<h4>examples/exampleB</h4>
					<p>
						Result: <b>PASS</b>
					</p>
					<pre class="pre-scrollable">Sketch uses 22394 bytes (69%) of program storage space. Maximum is 32256 bytes.
Global variables use 1105 bytes (53%) of dynamic memory, leaving 943 bytes for local variables. Maximum is 2048 bytes.
</pre>
					
					<h4>examples/exampleC</h4>
					<p>
						Result: <b>FAIL</b>
					</p>
					<pre class="pre-scrollable">/home/ec2-user/arduino-testlib/cli-datadir/user/libraries/JMotor/examples/exampleC/exampleC.ino:32:1: error: &#39;JMotorDriverEsp32Servo&#39; does not name a type; did you mean &#39;JMotorDriverAvrServo&#39;?
 JMotorDriverEsp32Servo servoDriver = JMotorDriverEsp32Servo(port3);
 ^~~~~~~~~~~~~~~~~~~~~~
 JMotorDriverAvrServo
/home/ec2-user/arduino-testlib/cli-datadir/user/libraries/JMotor/examples/exampleC/exampleC.ino:33:59: error: &#39;servoDriver&#39; was not declared in this scope
 JServoControllerAdvanced servo = JServoControllerAdvanced(servoDriver);
                                                           ^~~~~~~~~~~
/home/ec2-user/arduino-testlib/cli-datadir/user/libraries/JMotor/examples/exampleC/exampleC.ino:33:59: note: suggested alternative: &#39;JMotorDriver&#39;
 JServoControllerAdvanced servo = JServoControllerAdvanced(servoDriver);
                                                           ^~~~~~~~~~~
                                                           JMotorDriver
Multiple libraries were found for &#34;Servo.h&#34;
  Used: /home/ec2-user/arduino-testlib/cli-datadir/user/libraries/Servo
  Not used: /home/ec2-user/arduino-testlib/cli-datadir/user/libraries/XMC_Servo
  Not used: /home/ec2-user/arduino-testlib/cli-datadir/user/libraries/RokitSmart
  Not used: /home/ec2-user/arduino-testlib/cli-datadir/user/libraries/Printoo_Library
  Not used: /home/ec2-user/arduino-testlib/cli-datadir/user/libraries/ServoESP32
  Not used: /home/ec2-user/arduino-testlib/cli-datadir/user/libraries/evive
</pre>
					
					<h4>examples/exampleD</h4>
					<p>
						Result: <b>FAIL</b>
					</p>
					<pre class="pre-scrollable">/home/ec2-user/arduino-testlib/cli-datadir/user/libraries/JMotor/examples/exampleD/exampleD.ino:11:1: error: &#39;JMotorDriverEsp32Servo&#39; does not name a type; did you mean &#39;JMotorDriverAvrServo&#39;?
 JMotorDriverEsp32Servo servoDriver = JMotorDriverEsp32Servo(port3);
 ^~~~~~~~~~~~~~~~~~~~~~
 JMotorDriverAvrServo
/home/ec2-user/arduino-testlib/cli-datadir/user/libraries/JMotor/examples/exampleD/exampleD.ino:13:63: error: &#39;servoDriver&#39; was not declared in this scope
 JServoControllerAdvanced servoCtrl = JServoControllerAdvanced(servoDriver);
                                                               ^~~~~~~~~~~
/home/ec2-user/arduino-testlib/cli-datadir/user/libraries/JMotor/examples/exampleD/exampleD.ino:13:63: note: suggested alternative: &#39;JMotorDriver&#39;
 JServoControllerAdvanced servoCtrl = JServoControllerAdvanced(servoDriver);
                                                               ^~~~~~~~~~~
                                                               JMotorDriver
Multiple libraries were found for &#34;Servo.h&#34;
  Used: /home/ec2-user/arduino-testlib/cli-datadir/user/libraries/Servo
  Not used: /home/ec2-user/arduino-testlib/cli-datadir/user/libraries/RokitSmart
  Not used: /home/ec2-user/arduino-testlib/cli-datadir/user/libraries/evive
  Not used: /home/ec2-user/arduino-testlib/cli-datadir/user/libraries/ServoESP32
  Not used: /home/ec2-user/arduino-testlib/cli-datadir/user/libraries/XMC_Servo
  Not used: /home/ec2-user/arduino-testlib/cli-datadir/user/libraries/Printoo_Library
</pre>
					
				
				<h3 id="arduino:mbed_nano:nanorp2040connect">arduino:mbed_nano:nanorp2040connect @ 2.7.2</h3>
				<h4>Inclusion</h4>
				<p>
					Result: <b>FAIL</b>
					
				</p>
				<pre class="pre-scrollable">In file included from /home/ec2-user/arduino-testlib/cli-datadir/user/libraries/JMotor/src/JEncoder/JEncoderPWMAbsolutePinChange.h:1:0,
                 from /home/ec2-user/arduino-testlib/cli-datadir/user/libraries/JMotor/src/JEncoder/JEncoder.h:107,
                 from /home/ec2-user/arduino-testlib/cli-datadir/user/libraries/JMotor/src/JMotorController/JMotorControllerClosed.h:5,
                 from /home/ec2-user/arduino-testlib/cli-datadir/user/libraries/JMotor/src/JMotorController/JControlLoop/JControlLoop.h:43,
                 from /home/ec2-user/arduino-testlib/cli-datadir/user/libraries/JMotor/src/JMotorController/JMotorController.h:74,
                 from /home/ec2-user/arduino-testlib/cli-datadir/user/libraries/JMotor/src/JDrivetrain/JDrivetrainTwoSide.h:4,
                 from /home/ec2-user/arduino-testlib/cli-datadir/user/libraries/JMotor/src/JDrivetrain/JDrivetrain.h:28,
                 from /home/ec2-user/arduino-testlib/cli-datadir/user/libraries/JMotor/src/JMotor.h:11,
                 from /tmp/arduino-testlib1578542164/test/test.ino:1:
/home/ec2-user/arduino-testlib/cli-datadir/user/libraries/EnableInterrupt/EnableInterrupt.h:1279:2: error: #error Unsupported Arduino platform
 #error Unsupported Arduino platform
  ^~~~~
/home/ec2-user/arduino-testlib/cli-datadir/user/libraries/EnableInterrupt/EnableInterrupt.h:1450:2: error: #error Unsupported Arduino platform
 #error Unsupported Arduino platform
  ^~~~~
Multiple libraries were found for &#34;Servo.h&#34;
  Used: /home/ec2-user/arduino-testlib/cli-datadir/user/libraries/Servo
  Not used: /home/ec2-user/arduino-testlib/cli-datadir/user/libraries/XMC_Servo
  Not used: /home/ec2-user/arduino-testlib/cli-datadir/user/libraries/Printoo_Library
  Not used: /home/ec2-user/arduino-testlib/cli-datadir/user/libraries/RokitSmart
  Not used: /home/ec2-user/arduino-testlib/cli-datadir/user/libraries/evive
  Not used: /home/ec2-user/arduino-testlib/cli-datadir/user/libraries/ServoESP32
</pre>

					
					<h4>examples/exampleA</h4>
					<p>
						Result: <b>FAIL</b>
					</p>
					<pre class="pre-scrollable">In file included from /home/ec2-user/arduino-testlib/cli-datadir/user/libraries/JMotor/src/JEncoder/JEncoderPWMAbsolutePinChange.h:1:0,
                 from /home/ec2-user/arduino-testlib/cli-datadir/user/libraries/JMotor/src/JEncoder/JEncoder.h:107,
                 from /home/ec2-user/arduino-testlib/cli-datadir/user/libraries/JMotor/src/JMotorController/JMotorControllerClosed.h:5,
                 from /home/ec2-user/arduino-testlib/cli-datadir/user/libraries/JMotor/src/JMotorController/JControlLoop/JControlLoop.h:43,
                 from /home/ec2-user/arduino-testlib/cli-datadir/user/libraries/JMotor/src/JMotorController/JMotorController.h:74,
                 from /home/ec2-user/arduino-testlib/cli-datadir/user/libraries/JMotor/src/JDrivetrain/JDrivetrainTwoSide.h:4,
                 from /home/ec2-user/arduino-testlib/cli-datadir/user/libraries/JMotor/src/JDrivetrain/JDrivetrain.h:28,
                 from /home/ec2-user/arduino-testlib/cli-datadir/user/libraries/JMotor/src/JMotor.h:11,
                 from /home/ec2-user/arduino-testlib/cli-datadir/user/libraries/JMotor/examples/exampleA/exampleA.ino:30:
/home/ec2-user/arduino-testlib/cli-datadir/user/libraries/EnableInterrupt/EnableInterrupt.h:1279:2: error: #error Unsupported Arduino platform
 #error Unsupported Arduino platform
  ^~~~~
/home/ec2-user/arduino-testlib/cli-datadir/user/libraries/EnableInterrupt/EnableInterrupt.h:1450:2: error: #error Unsupported Arduino platform
 #error Unsupported Arduino platform
  ^~~~~
Multiple libraries were found for &#34;Servo.h&#34;
  Used: /home/ec2-user/arduino-testlib/cli-datadir/user/libraries/Servo
  Not used: /home/ec2-user/arduino-testlib/cli-datadir/user/libraries/evive
  Not used: /home/ec2-user/arduino-testlib/cli-datadir/user/libraries/ServoESP32
  Not used: /home/ec2-user/arduino-testlib/cli-datadir/user/libraries/Printoo_Library
  Not used: /home/ec2-user/arduino-testlib/cli-datadir/user/libraries/XMC_Servo
  Not used: /home/ec2-user/arduino-testlib/cli-datadir/user/libraries/RokitSmart
</pre>
					
					<h4>examples/exampleB</h4>
					<p>
						Result: <b>FAIL</b>
					</p>
					<pre class="pre-scrollable">In file included from /home/ec2-user/arduino-testlib/cli-datadir/user/libraries/JMotor/src/JEncoder/JEncoderPWMAbsolutePinChange.h:1:0,
                 from /home/ec2-user/arduino-testlib/cli-datadir/user/libraries/JMotor/src/JEncoder/JEncoder.h:107,
                 from /home/ec2-user/arduino-testlib/cli-datadir/user/libraries/JMotor/src/JMotorController/JMotorControllerClosed.h:5,
                 from /home/ec2-user/arduino-testlib/cli-datadir/user/libraries/JMotor/src/JMotorController/JControlLoop/JControlLoop.h:43,
                 from /home/ec2-user/arduino-testlib/cli-datadir/user/libraries/JMotor/src/JMotorController/JMotorController.h:74,
                 from /home/ec2-user/arduino-testlib/cli-datadir/user/libraries/JMotor/src/JDrivetrain/JDrivetrainTwoSide.h:4,
                 from /home/ec2-user/arduino-testlib/cli-datadir/user/libraries/JMotor/src/JDrivetrain/JDrivetrain.h:28,
                 from /home/ec2-user/arduino-testlib/cli-datadir/user/libraries/JMotor/src/JMotor.h:11,
                 from /home/ec2-user/arduino-testlib/cli-datadir/user/libraries/JMotor/examples/exampleB/exampleB.ino:5:
/home/ec2-user/arduino-testlib/cli-datadir/user/libraries/EnableInterrupt/EnableInterrupt.h:1279:2: error: #error Unsupported Arduino platform
 #error Unsupported Arduino platform
  ^~~~~
/home/ec2-user/arduino-testlib/cli-datadir/user/libraries/EnableInterrupt/EnableInterrupt.h:1450:2: error: #error Unsupported Arduino platform
 #error Unsupported Arduino platform
  ^~~~~
Multiple libraries were found for &#34;Servo.h&#34;
  Used: /home/ec2-user/arduino-testlib/cli-datadir/user/libraries/Servo
  Not used: /home/ec2-user/arduino-testlib/cli-datadir/user/libraries/XMC_Servo
  Not used: /home/ec2-user/arduino-testlib/cli-datadir/user/libraries/RokitSmart
  Not used: /home/ec2-user/arduino-testlib/cli-datadir/user/libraries/ServoESP32
  Not used: /home/ec2-user/arduino-testlib/cli-datadir/user/libraries/evive
  Not used: /home/ec2-user/arduino-testlib/cli-datadir/user/libraries/Printoo_Library
</pre>
					
					<h4>examples/exampleC</h4>
					<p>
						Result: <b>FAIL</b>
					</p>
					<pre class="pre-scrollable">In file included from /home/ec2-user/arduino-testlib/cli-datadir/user/libraries/JMotor/src/JEncoder/JEncoderPWMAbsolutePinChange.h:1:0,
                 from /home/ec2-user/arduino-testlib/cli-datadir/user/libraries/JMotor/src/JEncoder/JEncoder.h:107,
                 from /home/ec2-user/arduino-testlib/cli-datadir/user/libraries/JMotor/src/JMotorController/JMotorControllerClosed.h:5,
                 from /home/ec2-user/arduino-testlib/cli-datadir/user/libraries/JMotor/src/JMotorController/JControlLoop/JControlLoop.h:43,
                 from /home/ec2-user/arduino-testlib/cli-datadir/user/libraries/JMotor/src/JMotorController/JMotorController.h:74,
                 from /home/ec2-user/arduino-testlib/cli-datadir/user/libraries/JMotor/src/JDrivetrain/JDrivetrainTwoSide.h:4,
                 from /home/ec2-user/arduino-testlib/cli-datadir/user/libraries/JMotor/src/JDrivetrain/JDrivetrain.h:28,
                 from /home/ec2-user/arduino-testlib/cli-datadir/user/libraries/JMotor/src/JMotor.h:11,
                 from /home/ec2-user/arduino-testlib/cli-datadir/user/libraries/JMotor/examples/exampleC/exampleC.ino:5:
/home/ec2-user/arduino-testlib/cli-datadir/user/libraries/EnableInterrupt/EnableInterrupt.h:1279:2: error: #error Unsupported Arduino platform
 #error Unsupported Arduino platform
  ^~~~~
/home/ec2-user/arduino-testlib/cli-datadir/user/libraries/EnableInterrupt/EnableInterrupt.h:1450:2: error: #error Unsupported Arduino platform
 #error Unsupported Arduino platform
  ^~~~~
Multiple libraries were found for &#34;Servo.h&#34;
  Used: /home/ec2-user/arduino-testlib/cli-datadir/user/libraries/Servo
  Not used: /home/ec2-user/arduino-testlib/cli-datadir/user/libraries/Printoo_Library
  Not used: /home/ec2-user/arduino-testlib/cli-datadir/user/libraries/ServoESP32
  Not used: /home/ec2-user/arduino-testlib/cli-datadir/user/libraries/XMC_Servo
  Not used: /home/ec2-user/arduino-testlib/cli-datadir/user/libraries/RokitSmart
  Not used: /home/ec2-user/arduino-testlib/cli-datadir/user/libraries/evive
</pre>
					
					<h4>examples/exampleD</h4>
					<p>
						Result: <b>FAIL</b>
					</p>
					<pre class="pre-scrollable">In file included from /home/ec2-user/arduino-testlib/cli-datadir/user/libraries/JMotor/src/JEncoder/JEncoderPWMAbsolutePinChange.h:1:0,
                 from /home/ec2-user/arduino-testlib/cli-datadir/user/libraries/JMotor/src/JEncoder/JEncoder.h:107,
                 from /home/ec2-user/arduino-testlib/cli-datadir/user/libraries/JMotor/src/JMotorController/JMotorControllerClosed.h:5,
                 from /home/ec2-user/arduino-testlib/cli-datadir/user/libraries/JMotor/src/JMotorController/JControlLoop/JControlLoop.h:43,
                 from /home/ec2-user/arduino-testlib/cli-datadir/user/libraries/JMotor/src/JMotorController/JMotorController.h:74,
                 from /home/ec2-user/arduino-testlib/cli-datadir/user/libraries/JMotor/src/JDrivetrain/JDrivetrainTwoSide.h:4,
                 from /home/ec2-user/arduino-testlib/cli-datadir/user/libraries/JMotor/src/JDrivetrain/JDrivetrain.h:28,
                 from /home/ec2-user/arduino-testlib/cli-datadir/user/libraries/JMotor/src/JMotor.h:11,
                 from /home/ec2-user/arduino-testlib/cli-datadir/user/libraries/JMotor/examples/exampleD/exampleD.ino:5:
/home/ec2-user/arduino-testlib/cli-datadir/user/libraries/EnableInterrupt/EnableInterrupt.h:1279:2: error: #error Unsupported Arduino platform
 #error Unsupported Arduino platform
  ^~~~~
/home/ec2-user/arduino-testlib/cli-datadir/user/libraries/EnableInterrupt/EnableInterrupt.h:1450:2: error: #error Unsupported Arduino platform
 #error Unsupported Arduino platform
  ^~~~~
Multiple libraries were found for &#34;Servo.h&#34;
  Used: /home/ec2-user/arduino-testlib/cli-datadir/user/libraries/Servo
  Not used: /home/ec2-user/arduino-testlib/cli-datadir/user/libraries/RokitSmart
  Not used: /home/ec2-user/arduino-testlib/cli-datadir/user/libraries/evive
  Not used: /home/ec2-user/arduino-testlib/cli-datadir/user/libraries/ServoESP32
  Not used: /home/ec2-user/arduino-testlib/cli-datadir/user/libraries/Printoo_Library
  Not used: /home/ec2-user/arduino-testlib/cli-datadir/user/libraries/XMC_Servo
</pre>
					
				
				<h3 id="arduino:megaavr:nona4809">arduino:megaavr:nona4809 @ 1.8.7</h3>
				<h4>Inclusion</h4>
				<p>
					Result: <b>FAIL</b>
					
				</p>
				<pre class="pre-scrollable">In file included from /home/ec2-user/arduino-testlib/cli-datadir/user/libraries/JMotor/src/JEncoder/JEncoderPWMAbsolutePinChange.h:1:0,
                 from /home/ec2-user/arduino-testlib/cli-datadir/user/libraries/JMotor/src/JEncoder/JEncoder.h:107,
                 from /home/ec2-user/arduino-testlib/cli-datadir/user/libraries/JMotor/src/JMotorController/JMotorControllerClosed.h:5,
                 from /home/ec2-user/arduino-testlib/cli-datadir/user/libraries/JMotor/src/JMotorController/JControlLoop/JControlLoop.h:43,
                 from /home/ec2-user/arduino-testlib/cli-datadir/user/libraries/JMotor/src/JMotorController/JMotorController.h:74,
                 from /home/ec2-user/arduino-testlib/cli-datadir/user/libraries/JMotor/src/JDrivetrain/JDrivetrainTwoSide.h:4,
                 from /home/ec2-user/arduino-testlib/cli-datadir/user/libraries/JMotor/src/JDrivetrain/JDrivetrain.h:28,
                 from /home/ec2-user/arduino-testlib/cli-datadir/user/libraries/JMotor/src/JMotor.h:11,
                 from /tmp/arduino-testlib1578542164/test/test.ino:1:
/home/ec2-user/arduino-testlib/cli-datadir/user/libraries/EnableInterrupt/EnableInterrupt.h:1279:2: error: #error Unsupported Arduino platform
 #error Unsupported Arduino platform
  ^~~~~
/home/ec2-user/arduino-testlib/cli-datadir/user/libraries/EnableInterrupt/EnableInterrupt.h:1450:2: error: #error Unsupported Arduino platform
 #error Unsupported Arduino platform
  ^~~~~
Multiple libraries were found for &#34;Servo.h&#34;
  Used: /home/ec2-user/arduino-testlib/cli-datadir/user/libraries/Servo
  Not used: /home/ec2-user/arduino-testlib/cli-datadir/user/libraries/evive
  Not used: /home/ec2-user/arduino-testlib/cli-datadir/user/libraries/Printoo_Library
  Not used: /home/ec2-user/arduino-testlib/cli-datadir/user/libraries/RokitSmart
  Not used: /home/ec2-user/arduino-testlib/cli-datadir/user/libraries/XMC_Servo
  Not used: /home/ec2-user/arduino-testlib/cli-datadir/user/libraries/ServoESP32
</pre>

					
					<h4>examples/exampleA</h4>
					<p>
						Result: <b>FAIL</b>
					</p>
					<pre class="pre-scrollable">In file included from /home/ec2-user/arduino-testlib/cli-datadir/user/libraries/JMotor/src/JEncoder/JEncoderPWMAbsolutePinChange.h:1:0,
                 from /home/ec2-user/arduino-testlib/cli-datadir/user/libraries/JMotor/src/JEncoder/JEncoder.h:107,
                 from /home/ec2-user/arduino-testlib/cli-datadir/user/libraries/JMotor/src/JMotorController/JMotorControllerClosed.h:5,
                 from /home/ec2-user/arduino-testlib/cli-datadir/user/libraries/JMotor/src/JMotorController/JControlLoop/JControlLoop.h:43,
                 from /home/ec2-user/arduino-testlib/cli-datadir/user/libraries/JMotor/src/JMotorController/JMotorController.h:74,
                 from /home/ec2-user/arduino-testlib/cli-datadir/user/libraries/JMotor/src/JDrivetrain/JDrivetrainTwoSide.h:4,
                 from /home/ec2-user/arduino-testlib/cli-datadir/user/libraries/JMotor/src/JDrivetrain/JDrivetrain.h:28,
                 from /home/ec2-user/arduino-testlib/cli-datadir/user/libraries/JMotor/src/JMotor.h:11,
                 from /home/ec2-user/arduino-testlib/cli-datadir/user/libraries/JMotor/examples/exampleA/exampleA.ino:30:
/home/ec2-user/arduino-testlib/cli-datadir/user/libraries/EnableInterrupt/EnableInterrupt.h:1279:2: error: #error Unsupported Arduino platform
 #error Unsupported Arduino platform
  ^~~~~
/home/ec2-user/arduino-testlib/cli-datadir/user/libraries/EnableInterrupt/EnableInterrupt.h:1450:2: error: #error Unsupported Arduino platform
 #error Unsupported Arduino platform
  ^~~~~
Multiple libraries were found for &#34;Servo.h&#34;
  Used: /home/ec2-user/arduino-testlib/cli-datadir/user/libraries/Servo
  Not used: /home/ec2-user/arduino-testlib/cli-datadir/user/libraries/XMC_Servo
  Not used: /home/ec2-user/arduino-testlib/cli-datadir/user/libraries/RokitSmart
  Not used: /home/ec2-user/arduino-testlib/cli-datadir/user/libraries/ServoESP32
  Not used: /home/ec2-user/arduino-testlib/cli-datadir/user/libraries/evive
  Not used: /home/ec2-user/arduino-testlib/cli-datadir/user/libraries/Printoo_Library
</pre>
					
					<h4>examples/exampleB</h4>
					<p>
						Result: <b>FAIL</b>
					</p>
					<pre class="pre-scrollable">In file included from /home/ec2-user/arduino-testlib/cli-datadir/user/libraries/JMotor/src/JEncoder/JEncoderPWMAbsolutePinChange.h:1:0,
                 from /home/ec2-user/arduino-testlib/cli-datadir/user/libraries/JMotor/src/JEncoder/JEncoder.h:107,
                 from /home/ec2-user/arduino-testlib/cli-datadir/user/libraries/JMotor/src/JMotorController/JMotorControllerClosed.h:5,
                 from /home/ec2-user/arduino-testlib/cli-datadir/user/libraries/JMotor/src/JMotorController/JControlLoop/JControlLoop.h:43,
                 from /home/ec2-user/arduino-testlib/cli-datadir/user/libraries/JMotor/src/JMotorController/JMotorController.h:74,
                 from /home/ec2-user/arduino-testlib/cli-datadir/user/libraries/JMotor/src/JDrivetrain/JDrivetrainTwoSide.h:4,
                 from /home/ec2-user/arduino-testlib/cli-datadir/user/libraries/JMotor/src/JDrivetrain/JDrivetrain.h:28,
                 from /home/ec2-user/arduino-testlib/cli-datadir/user/libraries/JMotor/src/JMotor.h:11,
                 from /home/ec2-user/arduino-testlib/cli-datadir/user/libraries/JMotor/examples/exampleB/exampleB.ino:5:
/home/ec2-user/arduino-testlib/cli-datadir/user/libraries/EnableInterrupt/EnableInterrupt.h:1279:2: error: #error Unsupported Arduino platform
 #error Unsupported Arduino platform
  ^~~~~
/home/ec2-user/arduino-testlib/cli-datadir/user/libraries/EnableInterrupt/EnableInterrupt.h:1450:2: error: #error Unsupported Arduino platform
 #error Unsupported Arduino platform
  ^~~~~
Multiple libraries were found for &#34;Servo.h&#34;
  Used: /home/ec2-user/arduino-testlib/cli-datadir/user/libraries/Servo
  Not used: /home/ec2-user/arduino-testlib/cli-datadir/user/libraries/RokitSmart
  Not used: /home/ec2-user/arduino-testlib/cli-datadir/user/libraries/evive
  Not used: /home/ec2-user/arduino-testlib/cli-datadir/user/libraries/Printoo_Library
  Not used: /home/ec2-user/arduino-testlib/cli-datadir/user/libraries/XMC_Servo
  Not used: /home/ec2-user/arduino-testlib/cli-datadir/user/libraries/ServoESP32
</pre>
					
					<h4>examples/exampleC</h4>
					<p>
						Result: <b>FAIL</b>
					</p>
					<pre class="pre-scrollable">In file included from /home/ec2-user/arduino-testlib/cli-datadir/user/libraries/JMotor/src/JEncoder/JEncoderPWMAbsolutePinChange.h:1:0,
                 from /home/ec2-user/arduino-testlib/cli-datadir/user/libraries/JMotor/src/JEncoder/JEncoder.h:107,
                 from /home/ec2-user/arduino-testlib/cli-datadir/user/libraries/JMotor/src/JMotorController/JMotorControllerClosed.h:5,
                 from /home/ec2-user/arduino-testlib/cli-datadir/user/libraries/JMotor/src/JMotorController/JControlLoop/JControlLoop.h:43,
                 from /home/ec2-user/arduino-testlib/cli-datadir/user/libraries/JMotor/src/JMotorController/JMotorController.h:74,
                 from /home/ec2-user/arduino-testlib/cli-datadir/user/libraries/JMotor/src/JDrivetrain/JDrivetrainTwoSide.h:4,
                 from /home/ec2-user/arduino-testlib/cli-datadir/user/libraries/JMotor/src/JDrivetrain/JDrivetrain.h:28,
                 from /home/ec2-user/arduino-testlib/cli-datadir/user/libraries/JMotor/src/JMotor.h:11,
                 from /home/ec2-user/arduino-testlib/cli-datadir/user/libraries/JMotor/examples/exampleC/exampleC.ino:5:
/home/ec2-user/arduino-testlib/cli-datadir/user/libraries/EnableInterrupt/EnableInterrupt.h:1279:2: error: #error Unsupported Arduino platform
 #error Unsupported Arduino platform
  ^~~~~
/home/ec2-user/arduino-testlib/cli-datadir/user/libraries/EnableInterrupt/EnableInterrupt.h:1450:2: error: #error Unsupported Arduino platform
 #error Unsupported Arduino platform
  ^~~~~
Multiple libraries were found for &#34;Servo.h&#34;
  Used: /home/ec2-user/arduino-testlib/cli-datadir/user/libraries/Servo
  Not used: /home/ec2-user/arduino-testlib/cli-datadir/user/libraries/evive
  Not used: /home/ec2-user/arduino-testlib/cli-datadir/user/libraries/RokitSmart
  Not used: /home/ec2-user/arduino-testlib/cli-datadir/user/libraries/XMC_Servo
  Not used: /home/ec2-user/arduino-testlib/cli-datadir/user/libraries/Printoo_Library
  Not used: /home/ec2-user/arduino-testlib/cli-datadir/user/libraries/ServoESP32
</pre>
					
					<h4>examples/exampleD</h4>
					<p>
						Result: <b>FAIL</b>
					</p>
					<pre class="pre-scrollable">In file included from /home/ec2-user/arduino-testlib/cli-datadir/user/libraries/JMotor/src/JEncoder/JEncoderPWMAbsolutePinChange.h:1:0,
                 from /home/ec2-user/arduino-testlib/cli-datadir/user/libraries/JMotor/src/JEncoder/JEncoder.h:107,
                 from /home/ec2-user/arduino-testlib/cli-datadir/user/libraries/JMotor/src/JMotorController/JMotorControllerClosed.h:5,
                 from /home/ec2-user/arduino-testlib/cli-datadir/user/libraries/JMotor/src/JMotorController/JControlLoop/JControlLoop.h:43,
                 from /home/ec2-user/arduino-testlib/cli-datadir/user/libraries/JMotor/src/JMotorController/JMotorController.h:74,
                 from /home/ec2-user/arduino-testlib/cli-datadir/user/libraries/JMotor/src/JDrivetrain/JDrivetrainTwoSide.h:4,
                 from /home/ec2-user/arduino-testlib/cli-datadir/user/libraries/JMotor/src/JDrivetrain/JDrivetrain.h:28,
                 from /home/ec2-user/arduino-testlib/cli-datadir/user/libraries/JMotor/src/JMotor.h:11,
                 from /home/ec2-user/arduino-testlib/cli-datadir/user/libraries/JMotor/examples/exampleD/exampleD.ino:5:
/home/ec2-user/arduino-testlib/cli-datadir/user/libraries/EnableInterrupt/EnableInterrupt.h:1279:2: error: #error Unsupported Arduino platform
 #error Unsupported Arduino platform
  ^~~~~
/home/ec2-user/arduino-testlib/cli-datadir/user/libraries/EnableInterrupt/EnableInterrupt.h:1450:2: error: #error Unsupported Arduino platform
 #error Unsupported Arduino platform
  ^~~~~
Multiple libraries were found for &#34;Servo.h&#34;
  Used: /home/ec2-user/arduino-testlib/cli-datadir/user/libraries/Servo
  Not used: /home/ec2-user/arduino-testlib/cli-datadir/user/libraries/RokitSmart
  Not used: /home/ec2-user/arduino-testlib/cli-datadir/user/libraries/XMC_Servo
  Not used: /home/ec2-user/arduino-testlib/cli-datadir/user/libraries/Printoo_Library
  Not used: /home/ec2-user/arduino-testlib/cli-datadir/user/libraries/ServoESP32
  Not used: /home/ec2-user/arduino-testlib/cli-datadir/user/libraries/evive
</pre>
					
				
				<h3 id="arduino:samd:mkrwifi1010">arduino:samd:mkrwifi1010 @ 1.8.12</h3>
				<h4>Inclusion</h4>
				<p>
					Result: <b>PASS</b>
					
				</p>
				<pre class="pre-scrollable">Sketch uses 13896 bytes (5%) of program storage space. Maximum is 262144 bytes.
Global variables use 3668 bytes (11%) of dynamic memory, leaving 29100 bytes for local variables. Maximum is 32768 bytes.
</pre>

					
					<h4>examples/exampleA</h4>
					<p>
						Result: <b>FAIL</b>
					</p>
					<pre class="pre-scrollable">/home/ec2-user/arduino-testlib/cli-datadir/user/libraries/JMotor/examples/exampleA/exampleA.ino:32:1: error: &#39;JEncoderPWMAbsoluteAttachInterrupt&#39; does not name a type; did you mean &#39;JEncoderPWMAbsolutePinChange&#39;?
 JEncoderPWMAbsoluteAttachInterrupt encoder = JEncoderPWMAbsoluteAttachInterrupt(inport2, JEncoderPWMAbsolute_AS5048settings, true, 1, 50000, 1000, true);
 ^~~~~~~~~~~~~~~~~~~~~~~~~~~~~~~~~~
 JEncoderPWMAbsolutePinChange
/home/ec2-user/arduino-testlib/cli-datadir/user/libraries/JMotor/examples/exampleA/exampleA.ino:32:124: error: expected unqualified-id before &#39;,&#39; token
 JEncoderPWMAbsoluteAttachInterrupt encoder = JEncoderPWMAbsoluteAttachInterrupt(inport2, JEncoderPWMAbsolute_AS5048settings, true, 1, 50000, 1000, true);
                                                                                                                            ^
/home/ec2-user/arduino-testlib/cli-datadir/user/libraries/JMotor/examples/exampleA/exampleA.ino:32:126: error: expected unqualified-id before &#39;true&#39;
 JEncoderPWMAbsoluteAttachInterrupt encoder = JEncoderPWMAbsoluteAttachInterrupt(inport2, JEncoderPWMAbsolute_AS5048settings, true, 1, 50000, 1000, true);
                                                                                                                              ^~~~
/home/ec2-user/arduino-testlib/cli-datadir/user/libraries/JMotor/examples/exampleA/exampleA.ino:33:1: error: &#39;IRAM_ATTRvoid&#39; does not name a type
 IRAM_ATTR jENCODER_MAKE_ISR_MACRO(encoder);
 ^~~~~~~~~~~~~
/home/ec2-user/arduino-testlib/cli-datadir/user/libraries/JMotor/examples/exampleA/exampleA.ino:33:1: error: &#39;IRAM_ATTR&#39; does not name a type
 IRAM_ATTR jENCODER_MAKE_ISR_MACRO(encoder);
 ^~~~~~~~~
/home/ec2-user/arduino-testlib/cli-datadir/user/libraries/JMotor/examples/exampleA/exampleA.ino:38:1: error: &#39;JMotorDriverEsp32L293&#39; does not name a type; did you mean &#39;JMotorDriverAvrL293&#39;?
 JMotorDriverEsp32L293 myDriver = JMotorDriverEsp32L293(portD);
 ^~~~~~~~~~~~~~~~~~~~~
 JMotorDriverAvrL293
/home/ec2-user/arduino-testlib/cli-datadir/user/libraries/JMotor/examples/exampleA/exampleA.ino:40:62: error: &#39;myDriver&#39; was not declared in this scope
 JMotorControllerClosed myController = JMotorControllerClosed(myDriver, myMotorCompensator, encoder, myCtrlLoop, INFINITY, INFINITY, 0.25, true, 1.5);
                                                              ^~~~~~~~
/home/ec2-user/arduino-testlib/cli-datadir/user/libraries/JMotor/examples/exampleA/exampleA.ino:40:92: error: &#39;encoder&#39; was not declared in this scope
 JMotorControllerClosed myController = JMotorControllerClosed(myDriver, myMotorCompensator, encoder, myCtrlLoop, INFINITY, INFINITY, 0.25, true, 1.5);
                                                                                            ^~~~~~~
/home/ec2-user/arduino-testlib/cli-datadir/user/libraries/JMotor/examples/exampleA/exampleA.ino:40:92: note: suggested alternative: &#39;JEncoder&#39;
 JMotorControllerClosed myController = JMotorControllerClosed(myDriver, myMotorCompensator, encoder, myCtrlLoop, INFINITY, INFINITY, 0.25, true, 1.5);
                                                                                            ^~~~~~~
                                                                                            JEncoder
/home/ec2-user/arduino-testlib/cli-datadir/user/libraries/JMotor/examples/exampleA/exampleA.ino:42:1: error: &#39;JMotorDriverEsp32L293&#39; does not name a type; did you mean &#39;JMotorDriverAvrL293&#39;?
 JMotorDriverEsp32L293 otherDriver = JMotorDriverEsp32L293(portA);
 ^~~~~~~~~~~~~~~~~~~~~
 JMotorDriverAvrL293
/home/ec2-user/arduino-testlib/cli-datadir/user/libraries/JMotor/examples/exampleA/exampleA.ino:44:61: error: &#39;otherDriver&#39; was not declared in this scope
 JMotorControllerOpen otherController = JMotorControllerOpen(otherDriver, otherCompensator);
                                                             ^~~~~~~~~~~
/home/ec2-user/arduino-testlib/cli-datadir/user/libraries/JMotor/examples/exampleA/exampleA.ino:44:61: note: suggested alternative: &#39;JMotorDriver&#39;
 JMotorControllerOpen otherController = JMotorControllerOpen(otherDriver, otherCompensator);
                                                             ^~~~~~~~~~~
                                                             JMotorDriver
/home/ec2-user/arduino-testlib/cli-datadir/user/libraries/JMotor/examples/exampleA/exampleA.ino: In function &#39;void setup()&#39;:
/home/ec2-user/arduino-testlib/cli-datadir/user/libraries/JMotor/examples/exampleA/exampleA.ino:56:5: error: &#39;encoder&#39; was not declared in this scope
     encoder.setUpInterrupts(encoder_jENCODER_ISR);
     ^~~~~~~
/home/ec2-user/arduino-testlib/cli-datadir/user/libraries/JMotor/examples/exampleA/exampleA.ino:56:5: note: suggested alternative: &#39;JEncoder&#39;
     encoder.setUpInterrupts(encoder_jENCODER_ISR);
     ^~~~~~~
     JEncoder
/home/ec2-user/arduino-testlib/cli-datadir/user/libraries/JMotor/examples/exampleA/exampleA.ino:56:29: error: &#39;encoder_jENCODER_ISR&#39; was not declared in this scope
     encoder.setUpInterrupts(encoder_jENCODER_ISR);
                             ^~~~~~~~~~~~~~~~~~~~
Multiple libraries were found for &#34;Servo.h&#34;
  Used: /home/ec2-user/arduino-testlib/cli-datadir/user/libraries/Servo
  Not used: /home/ec2-user/arduino-testlib/cli-datadir/user/libraries/XMC_Servo
  Not used: /home/ec2-user/arduino-testlib/cli-datadir/user/libraries/RokitSmart
  Not used: /home/ec2-user/arduino-testlib/cli-datadir/user/libraries/Printoo_Library
  Not used: /home/ec2-user/arduino-testlib/cli-datadir/user/libraries/ServoESP32
  Not used: /home/ec2-user/arduino-testlib/cli-datadir/user/libraries/evive
</pre>
					
					<h4>examples/exampleB</h4>
					<p>
						Result: <b>PASS</b>
					</p>
					<pre class="pre-scrollable">Sketch uses 43456 bytes (16%) of program storage space. Maximum is 262144 bytes.
Global variables use 4392 bytes (13%) of dynamic memory, leaving 28376 bytes for local variables. Maximum is 32768 bytes.
</pre>
					
					<h4>examples/exampleC</h4>
					<p>
						Result: <b>FAIL</b>
					</p>
					<pre class="pre-scrollable">/home/ec2-user/arduino-testlib/cli-datadir/user/libraries/JMotor/examples/exampleC/exampleC.ino:32:1: error: &#39;JMotorDriverEsp32Servo&#39; does not name a type; did you mean &#39;JMotorDriverAvrServo&#39;?
 JMotorDriverEsp32Servo servoDriver = JMotorDriverEsp32Servo(port3);
 ^~~~~~~~~~~~~~~~~~~~~~
 JMotorDriverAvrServo
/home/ec2-user/arduino-testlib/cli-datadir/user/libraries/JMotor/examples/exampleC/exampleC.ino:33:59: error: &#39;servoDriver&#39; was not declared in this scope
 JServoControllerAdvanced servo = JServoControllerAdvanced(servoDriver);
                                                           ^~~~~~~~~~~
/home/ec2-user/arduino-testlib/cli-datadir/user/libraries/JMotor/examples/exampleC/exampleC.ino:33:59: note: suggested alternative: &#39;JMotorDriver&#39;
 JServoControllerAdvanced servo = JServoControllerAdvanced(servoDriver);
                                                           ^~~~~~~~~~~
                                                           JMotorDriver
Multiple libraries were found for &#34;Servo.h&#34;
  Used: /home/ec2-user/arduino-testlib/cli-datadir/user/libraries/Servo
  Not used: /home/ec2-user/arduino-testlib/cli-datadir/user/libraries/XMC_Servo
  Not used: /home/ec2-user/arduino-testlib/cli-datadir/user/libraries/RokitSmart
  Not used: /home/ec2-user/arduino-testlib/cli-datadir/user/libraries/ServoESP32
  Not used: /home/ec2-user/arduino-testlib/cli-datadir/user/libraries/Printoo_Library
  Not used: /home/ec2-user/arduino-testlib/cli-datadir/user/libraries/evive
</pre>
					
					<h4>examples/exampleD</h4>
					<p>
						Result: <b>FAIL</b>
					</p>
					<pre class="pre-scrollable">/home/ec2-user/arduino-testlib/cli-datadir/user/libraries/JMotor/examples/exampleD/exampleD.ino:11:1: error: &#39;JMotorDriverEsp32Servo&#39; does not name a type; did you mean &#39;JMotorDriverAvrServo&#39;?
 JMotorDriverEsp32Servo servoDriver = JMotorDriverEsp32Servo(port3);
 ^~~~~~~~~~~~~~~~~~~~~~
 JMotorDriverAvrServo
/home/ec2-user/arduino-testlib/cli-datadir/user/libraries/JMotor/examples/exampleD/exampleD.ino:13:63: error: &#39;servoDriver&#39; was not declared in this scope
 JServoControllerAdvanced servoCtrl = JServoControllerAdvanced(servoDriver);
                                                               ^~~~~~~~~~~
/home/ec2-user/arduino-testlib/cli-datadir/user/libraries/JMotor/examples/exampleD/exampleD.ino:13:63: note: suggested alternative: &#39;JMotorDriver&#39;
 JServoControllerAdvanced servoCtrl = JServoControllerAdvanced(servoDriver);
                                                               ^~~~~~~~~~~
                                                               JMotorDriver
Multiple libraries were found for &#34;Servo.h&#34;
  Used: /home/ec2-user/arduino-testlib/cli-datadir/user/libraries/Servo
  Not used: /home/ec2-user/arduino-testlib/cli-datadir/user/libraries/XMC_Servo
  Not used: /home/ec2-user/arduino-testlib/cli-datadir/user/libraries/evive
  Not used: /home/ec2-user/arduino-testlib/cli-datadir/user/libraries/Printoo_Library
  Not used: /home/ec2-user/arduino-testlib/cli-datadir/user/libraries/ServoESP32
  Not used: /home/ec2-user/arduino-testlib/cli-datadir/user/libraries/RokitSmart
</pre>
					
				
				<h3 id="esp32:esp32:d1_mini32">esp32:esp32:d1_mini32 @ 1.0.6</h3>
				<h4>Inclusion</h4>
				<p>
					Result: <b>PASS</b>
					
				</p>
				<pre class="pre-scrollable">Sketch uses 202322 bytes (15%) of program storage space. Maximum is 1310720 bytes.
Global variables use 13872 bytes (4%) of dynamic memory, leaving 313808 bytes for local variables. Maximum is 327680 bytes.
</pre>

					
					<h4>examples/exampleA</h4>
					<p>
						Result: <b>PASS</b>
					</p>
					<pre class="pre-scrollable">Sketch uses 250298 bytes (19%) of program storage space. Maximum is 1310720 bytes.
Global variables use 15680 bytes (4%) of dynamic memory, leaving 312000 bytes for local variables. Maximum is 327680 bytes.
</pre>
					
					<h4>examples/exampleB</h4>
					<p>
						Result: <b>FAIL</b>
					</p>
					<pre class="pre-scrollable">/home/ec2-user/arduino-testlib/cli-datadir/user/libraries/JMotor/examples/exampleB/exampleB.ino:8:1: error: &#39;JMotorDriverAvrPWMDir&#39; does not name a type
 JMotorDriverAvrPWMDir driver = JMotorDriverAvrPWMDir(10, 9);
 ^
/home/ec2-user/arduino-testlib/cli-datadir/user/libraries/JMotor/examples/exampleB/exampleB.ino:11:54: error: &#39;driver&#39; was not declared in this scope
 JMotorControllerClosed ctrl = JMotorControllerClosed(driver, comp, encoder, ctrlLoop, 1.5, 1, .5, false, 3.0);
                                                      ^

</pre>
					
					<h4>examples/exampleC</h4>
					<p>
						Result: <b>PASS</b>
					</p>
					<pre class="pre-scrollable">Sketch uses 217174 bytes (16%) of program storage space. Maximum is 1310720 bytes.
Global variables use 14240 bytes (4%) of dynamic memory, leaving 313440 bytes for local variables. Maximum is 327680 bytes.
</pre>
					
					<h4>examples/exampleD</h4>
					<p>
						Result: <b>PASS</b>
					</p>
					<pre class="pre-scrollable">Sketch uses 228254 bytes (17%) of program storage space. Maximum is 1310720 bytes.
Global variables use 14512 bytes (4%) of dynamic memory, leaving 313168 bytes for local variables. Maximum is 327680 bytes.
</pre>
					
				
			</div>
		</div>
	</div>
  </body>
</html>
