
<!doctype html>
<html lang="en">
  <head>
    <meta charset="utf-8">
    <meta name="viewport" content="width=device-width, initial-scale=1">
    <link href="https://cdn.jsdelivr.net/npm/bootstrap@5.0.2/dist/css/bootstrap.min.css" rel="stylesheet" integrity="sha384-EVSTQN3/azprG1Anm3QDgpJLIm9Nao0Yz1ztcQTwFspd3yD65VohhpuuCOmLASjC" crossorigin="anonymous">
    <title>arduino-testlib report</title>
	<style>
	.pass { background-color: #00FF00 !important; }
	.fail { background-color: #FF0000 !important; }
	</style>
  </head>
  <body>
	<div class="container">
		<div class="row">
			<div class="col">
				<h1>leOS2 - compatibility matrix</h1>
				<p>
					<small>This report was generated on Monday, 21-Feb-22 12:00:25 CET using 
					<a href="https://github.com/alranel/arduino-testlib">arduino-testlib</a>.</small>
				</p>

				<h2>leOS2</h2>
				<p>
					Version: <b>2.3.3</b>
					<br />
					<a href="https://www.arduino.cc/reference/en/libraries/leos2/">More details</a>
				</p>

				<h2>Compatibility matrix</h2>
				<table class="table table-bordered">
					<tr>
						<th>Board</th>
						<th>Claims compatibility</th>
						<th>Inclusion</th>
						
						<th><pre>leOS2_serial_into_a_task</pre></th>
						
						<th><pre>leOS2_use_of_reset</pre></th>
						
						<th><pre>leOS2_2_tasks</pre></th>
						
						<th><pre>leOS2_blink_without_delay</pre></th>
						
						<th><pre>leOS2_immediate_start</pre></th>
						
						<th><pre>leOS2_manage_scheduler</pre></th>
						
						<th><pre>leOS2_reset_after_timeout</pre></th>
						
					</tr>
					
					<tr>
						<td>
							<a href="#arduino%3aavr%3auno"><b>arduino:avr:uno</b></a>
							<br />
							<small>1.8.4</small>
						</td>

						
							<td>Yes</td>
							<td class="pass">PASS</td>
						
						
						
						

						
							
								
									
										
									
										
									
										
									
										
									
										
									
										
											<td class="pass">PASS</td>
											
										
									
										
									
								
							
								
							
								
							
								
							
								
							
						
							
								
									
										
									
										
									
										
									
										
									
										
									
										
									
										
											<td class="pass">PASS</td>
											
										
									
								
							
								
							
								
							
								
							
								
							
						
							
								
									
										
											<td class="pass">PASS</td>
											
										
									
										
									
										
									
										
									
										
									
										
									
										
									
								
							
								
							
								
							
								
							
								
							
						
							
								
									
										
									
										
											<td class="pass">PASS</td>
											
										
									
										
									
										
									
										
									
										
									
										
									
								
							
								
							
								
							
								
							
								
							
						
							
								
									
										
									
										
									
										
											<td class="pass">PASS</td>
											
										
									
										
									
										
									
										
									
										
									
								
							
								
							
								
							
								
							
								
							
						
							
								
									
										
									
										
									
										
									
										
											<td class="pass">PASS</td>
											
										
									
										
									
										
									
										
									
								
							
								
							
								
							
								
							
								
							
						
							
								
									
										
									
										
									
										
									
										
									
										
											<td class="pass">PASS</td>
											
										
									
										
									
										
									
								
							
								
							
								
							
								
							
								
							
						
					</tr>
					
					<tr>
						<td>
							<a href="#arduino%3ambed_nano%3ananorp2040connect"><b>arduino:mbed_nano:nanorp2040connect</b></a>
							<br />
							<small>2.7.2</small>
						</td>

						
						
						
						
							<td>No</td>
							<td class="fail">FAIL</td>
						

						
							
								
							
								
									
										
									
										
									
										
									
										
									
										
									
										
											
											<td class="fail">FAIL</td>
										
									
										
									
								
							
								
							
								
							
								
							
						
							
								
							
								
									
										
									
										
									
										
									
										
									
										
									
										
									
										
											
											<td class="fail">FAIL</td>
										
									
								
							
								
							
								
							
								
							
						
							
								
							
								
									
										
											
											<td class="fail">FAIL</td>
										
									
										
									
										
									
										
									
										
									
										
									
										
									
								
							
								
							
								
							
								
							
						
							
								
							
								
									
										
									
										
											
											<td class="fail">FAIL</td>
										
									
										
									
										
									
										
									
										
									
										
									
								
							
								
							
								
							
								
							
						
							
								
							
								
									
										
									
										
									
										
											
											<td class="fail">FAIL</td>
										
									
										
									
										
									
										
									
										
									
								
							
								
							
								
							
								
							
						
							
								
							
								
									
										
									
										
									
										
									
										
											
											<td class="fail">FAIL</td>
										
									
										
									
										
									
										
									
								
							
								
							
								
							
								
							
						
							
								
							
								
									
										
									
										
									
										
									
										
									
										
											
											<td class="fail">FAIL</td>
										
									
										
									
										
									
								
							
								
							
								
							
								
							
						
					</tr>
					
					<tr>
						<td>
							<a href="#arduino%3amegaavr%3anona4809"><b>arduino:megaavr:nona4809</b></a>
							<br />
							<small>1.8.7</small>
						</td>

						
						
						
						
							<td>No</td>
							<td class="fail">FAIL</td>
						

						
							
								
							
								
							
								
									
										
									
										
									
										
									
										
									
										
									
										
											
											<td class="fail">FAIL</td>
										
									
										
									
								
							
								
							
								
							
						
							
								
							
								
							
								
									
										
									
										
									
										
									
										
									
										
									
										
									
										
											
											<td class="fail">FAIL</td>
										
									
								
							
								
							
								
							
						
							
								
							
								
							
								
									
										
											
											<td class="fail">FAIL</td>
										
									
										
									
										
									
										
									
										
									
										
									
										
									
								
							
								
							
								
							
						
							
								
							
								
							
								
									
										
									
										
											
											<td class="fail">FAIL</td>
										
									
										
									
										
									
										
									
										
									
										
									
								
							
								
							
								
							
						
							
								
							
								
							
								
									
										
									
										
									
										
											
											<td class="fail">FAIL</td>
										
									
										
									
										
									
										
									
										
									
								
							
								
							
								
							
						
							
								
							
								
							
								
									
										
									
										
									
										
									
										
											
											<td class="fail">FAIL</td>
										
									
										
									
										
									
										
									
								
							
								
							
								
							
						
							
								
							
								
							
								
									
										
									
										
									
										
									
										
									
										
											
											<td class="fail">FAIL</td>
										
									
										
									
										
									
								
							
								
							
								
							
						
					</tr>
					
					<tr>
						<td>
							<a href="#arduino%3asamd%3amkrwifi1010"><b>arduino:samd:mkrwifi1010</b></a>
							<br />
							<small>1.8.12</small>
						</td>

						
						
						
						
							<td>No</td>
							<td class="fail">FAIL</td>
						

						
							
								
							
								
							
								
							
								
									
										
									
										
									
										
									
										
									
										
									
										
											
											<td class="fail">FAIL</td>
										
									
										
									
								
							
								
							
						
							
								
							
								
							
								
							
								
									
										
									
										
									
										
									
										
									
										
									
										
									
										
											
											<td class="fail">FAIL</td>
										
									
								
							
								
							
						
							
								
							
								
							
								
							
								
									
										
											
											<td class="fail">FAIL</td>
										
									
										
									
										
									
										
									
										
									
										
									
										
									
								
							
								
							
						
							
								
							
								
							
								
							
								
									
										
									
										
											
											<td class="fail">FAIL</td>
										
									
										
									
										
									
										
									
										
									
										
									
								
							
								
							
						
							
								
							
								
							
								
							
								
									
										
									
										
									
										
											
											<td class="fail">FAIL</td>
										
									
										
									
										
									
										
									
										
									
								
							
								
							
						
							
								
							
								
							
								
							
								
									
										
									
										
									
										
									
										
											
											<td class="fail">FAIL</td>
										
									
										
									
										
									
										
									
								
							
								
							
						
							
								
							
								
							
								
							
								
									
										
									
										
									
										
									
										
									
										
											
											<td class="fail">FAIL</td>
										
									
										
									
										
									
								
							
								
							
						
					</tr>
					
					<tr>
						<td>
							<a href="#esp32%3aesp32%3ad1_mini32"><b>esp32:esp32:d1_mini32</b></a>
							<br />
							<small>1.0.6</small>
						</td>

						
						
						
						
							<td>No</td>
							<td class="fail">FAIL</td>
						

						
							
								
							
								
							
								
							
								
							
								
									
										
									
										
									
										
									
										
									
										
									
										
											
											<td class="fail">FAIL</td>
										
									
										
									
								
							
						
							
								
							
								
							
								
							
								
							
								
									
										
									
										
									
										
									
										
									
										
									
										
									
										
											
											<td class="fail">FAIL</td>
										
									
								
							
						
							
								
							
								
							
								
							
								
							
								
									
										
											
											<td class="fail">FAIL</td>
										
									
										
									
										
									
										
									
										
									
										
									
										
									
								
							
						
							
								
							
								
							
								
							
								
							
								
									
										
									
										
											
											<td class="fail">FAIL</td>
										
									
										
									
										
									
										
									
										
									
										
									
								
							
						
							
								
							
								
							
								
							
								
							
								
									
										
									
										
									
										
											
											<td class="fail">FAIL</td>
										
									
										
									
										
									
										
									
										
									
								
							
						
							
								
							
								
							
								
							
								
							
								
									
										
									
										
									
										
									
										
											
											<td class="fail">FAIL</td>
										
									
										
									
										
									
										
									
								
							
						
							
								
							
								
							
								
							
								
							
								
									
										
									
										
									
										
									
										
									
										
											
											<td class="fail">FAIL</td>
										
									
										
									
										
									
								
							
						
					</tr>
					
				</table>

				<h2>Compilation logs</h2>
				
				<h3 id="arduino:avr:uno">arduino:avr:uno @ 1.8.4</h3>
				<h4>Inclusion</h4>
				<p>
					Result: <b>PASS</b>
					
				</p>
				<pre class="pre-scrollable">Sketch uses 992 bytes (3%) of program storage space. Maximum is 32256 bytes.
Global variables use 119 bytes (5%) of dynamic memory, leaving 1929 bytes for local variables. Maximum is 2048 bytes.
</pre>

					
					<h4>examples/leOS2_2_tasks</h4>
					<p>
						Result: <b>PASS</b>
					</p>
					<pre class="pre-scrollable">Sketch uses 1726 bytes (5%) of program storage space. Maximum is 32256 bytes.
Global variables use 121 bytes (5%) of dynamic memory, leaving 1927 bytes for local variables. Maximum is 2048 bytes.
</pre>
					
					<h4>examples/leOS2_blink_without_delay</h4>
					<p>
						Result: <b>PASS</b>
					</p>
					<pre class="pre-scrollable">Sketch uses 1576 bytes (4%) of program storage space. Maximum is 32256 bytes.
Global variables use 120 bytes (5%) of dynamic memory, leaving 1928 bytes for local variables. Maximum is 2048 bytes.
</pre>
					
					<h4>examples/leOS2_immediate_start</h4>
					<p>
						Result: <b>PASS</b>
					</p>
					<pre class="pre-scrollable">Sketch uses 1762 bytes (5%) of program storage space. Maximum is 32256 bytes.
Global variables use 121 bytes (5%) of dynamic memory, leaving 1927 bytes for local variables. Maximum is 2048 bytes.
</pre>
					
					<h4>examples/leOS2_manage_scheduler</h4>
					<p>
						Result: <b>PASS</b>
					</p>
					<pre class="pre-scrollable">Sketch uses 1840 bytes (5%) of program storage space. Maximum is 32256 bytes.
Global variables use 121 bytes (5%) of dynamic memory, leaving 1927 bytes for local variables. Maximum is 2048 bytes.
</pre>
					
					<h4>examples/leOS2_reset_after_timeout</h4>
					<p>
						Result: <b>PASS</b>
					</p>
					<pre class="pre-scrollable">Sketch uses 2000 bytes (6%) of program storage space. Maximum is 32256 bytes.
Global variables use 120 bytes (5%) of dynamic memory, leaving 1928 bytes for local variables. Maximum is 2048 bytes.
</pre>
					
					<h4>examples/leOS2_serial_into_a_task</h4>
					<p>
						Result: <b>PASS</b>
					</p>
					<pre class="pre-scrollable">Sketch uses 3074 bytes (9%) of program storage space. Maximum is 32256 bytes.
Global variables use 302 bytes (14%) of dynamic memory, leaving 1746 bytes for local variables. Maximum is 2048 bytes.
</pre>
					
					<h4>examples/leOS2_use_of_reset</h4>
					<p>
						Result: <b>PASS</b>
					</p>
					<pre class="pre-scrollable">Sketch uses 1816 bytes (5%) of program storage space. Maximum is 32256 bytes.
Global variables use 119 bytes (5%) of dynamic memory, leaving 1929 bytes for local variables. Maximum is 2048 bytes.
</pre>
					
				
				<h3 id="arduino:mbed_nano:nanorp2040connect">arduino:mbed_nano:nanorp2040connect @ 2.7.2</h3>
				<h4>Inclusion</h4>
				<p>
					Result: <b>FAIL</b>
					
				</p>
				<pre class="pre-scrollable">/home/ec2-user/arduino-testlib/cli-datadir/user/libraries/leOS2/leOS2.cpp:8:10: fatal error: avr/wdt.h: No such file or directory
 #include &lt;avr/wdt.h&gt;
          ^~~~~~~~~~~
compilation terminated.

</pre>

					
					<h4>examples/leOS2_2_tasks</h4>
					<p>
						Result: <b>FAIL</b>
					</p>
					<pre class="pre-scrollable">/home/ec2-user/arduino-testlib/cli-datadir/user/libraries/leOS2/leOS2.cpp:8:10: fatal error: avr/wdt.h: No such file or directory
 #include &lt;avr/wdt.h&gt;
          ^~~~~~~~~~~
compilation terminated.

</pre>
					
					<h4>examples/leOS2_blink_without_delay</h4>
					<p>
						Result: <b>FAIL</b>
					</p>
					<pre class="pre-scrollable">/home/ec2-user/arduino-testlib/cli-datadir/user/libraries/leOS2/leOS2.cpp:8:10: fatal error: avr/wdt.h: No such file or directory
 #include &lt;avr/wdt.h&gt;
          ^~~~~~~~~~~
compilation terminated.

</pre>
					
					<h4>examples/leOS2_immediate_start</h4>
					<p>
						Result: <b>FAIL</b>
					</p>
					<pre class="pre-scrollable">/home/ec2-user/arduino-testlib/cli-datadir/user/libraries/leOS2/leOS2.cpp:8:10: fatal error: avr/wdt.h: No such file or directory
 #include &lt;avr/wdt.h&gt;
          ^~~~~~~~~~~
compilation terminated.

</pre>
					
					<h4>examples/leOS2_manage_scheduler</h4>
					<p>
						Result: <b>FAIL</b>
					</p>
					<pre class="pre-scrollable">/home/ec2-user/arduino-testlib/cli-datadir/user/libraries/leOS2/leOS2.cpp:8:10: fatal error: avr/wdt.h: No such file or directory
 #include &lt;avr/wdt.h&gt;
          ^~~~~~~~~~~
compilation terminated.

</pre>
					
					<h4>examples/leOS2_reset_after_timeout</h4>
					<p>
						Result: <b>FAIL</b>
					</p>
					<pre class="pre-scrollable">/home/ec2-user/arduino-testlib/cli-datadir/user/libraries/leOS2/leOS2.cpp:8:10: fatal error: avr/wdt.h: No such file or directory
 #include &lt;avr/wdt.h&gt;
          ^~~~~~~~~~~
compilation terminated.

</pre>
					
					<h4>examples/leOS2_serial_into_a_task</h4>
					<p>
						Result: <b>FAIL</b>
					</p>
					<pre class="pre-scrollable">/home/ec2-user/arduino-testlib/cli-datadir/user/libraries/leOS2/leOS2.cpp:8:10: fatal error: avr/wdt.h: No such file or directory
 #include &lt;avr/wdt.h&gt;
          ^~~~~~~~~~~
compilation terminated.

</pre>
					
					<h4>examples/leOS2_use_of_reset</h4>
					<p>
						Result: <b>FAIL</b>
					</p>
					<pre class="pre-scrollable">/home/ec2-user/arduino-testlib/cli-datadir/user/libraries/leOS2/leOS2.cpp:8:10: fatal error: avr/wdt.h: No such file or directory
 #include &lt;avr/wdt.h&gt;
          ^~~~~~~~~~~
compilation terminated.

</pre>
					
				
				<h3 id="arduino:megaavr:nona4809">arduino:megaavr:nona4809 @ 1.8.7</h3>
				<h4>Inclusion</h4>
				<p>
					Result: <b>FAIL</b>
					
				</p>
				<pre class="pre-scrollable">WARNING: library leOS2 claims to run on avr architecture(s) and may be incompatible with your current board which runs on megaavr architecture(s).
/home/ec2-user/arduino-testlib/cli-datadir/user/libraries/leOS2/leOS2.cpp: In function &#39;void WDT_vect()&#39;:
/home/ec2-user/arduino-testlib/cli-datadir/user/libraries/leOS2/leOS2.cpp:251:32: error: &#39;WDIE&#39; was not declared in this scope
         _WD_CONTROL_REG |= (1&lt;&lt;WDIE); //another interrupt, please...
                                ^~~~
/home/ec2-user/arduino-testlib/cli-datadir/user/libraries/leOS2/leOS2.cpp:251:32: note: suggested alternative: &#39;WDT&#39;
         _WD_CONTROL_REG |= (1&lt;&lt;WDIE); //another interrupt, please...
                                ^~~~
                                WDT
/home/ec2-user/arduino-testlib/cli-datadir/user/libraries/leOS2/leOS2.cpp: In member function &#39;void leOS2::setWDT()&#39;:
/home/ec2-user/arduino-testlib/cli-datadir/user/libraries/leOS2/leOS2.cpp:332:5: error: &#39;MCUSR&#39; was not declared in this scope
     MCUSR = 0; //ensure that the reset vectors are off
     ^~~~~
/home/ec2-user/arduino-testlib/cli-datadir/user/libraries/leOS2/leOS2.cpp:339:23: error: &#39;WDIE&#39; was not declared in this scope
     byte _tempI = (1&lt;&lt;WDIE);
                       ^~~~
/home/ec2-user/arduino-testlib/cli-datadir/user/libraries/leOS2/leOS2.cpp:339:23: note: suggested alternative: &#39;WDT&#39;
     byte _tempI = (1&lt;&lt;WDIE);
                       ^~~~
                       WDT
/home/ec2-user/arduino-testlib/cli-datadir/user/libraries/leOS2/leOS2.cpp:341:23: error: &#39;WDE&#39; was not declared in this scope
         _tempI |= (1&lt;&lt;WDE);
                       ^~~
/home/ec2-user/arduino-testlib/cli-datadir/user/libraries/leOS2/leOS2.cpp:341:23: note: suggested alternative: &#39;WDT&#39;
         _tempI |= (1&lt;&lt;WDE);
                       ^~~
                       WDT
In file included from /home/ec2-user/arduino-testlib/cli-datadir/user/libraries/leOS2/leOS2.cpp:8:0:
/home/ec2-user/arduino-testlib/cli-datadir/user/libraries/leOS2/leOS2.cpp:343:28: error: &#39;WDCE&#39; was not declared in this scope
     _WD_CONTROL_REG = ((1&lt;&lt;_WD_CHANGE_BIT) | (1&lt;&lt;WDE));
                            ^
/home/ec2-user/arduino-testlib/cli-datadir/user/libraries/leOS2/leOS2.cpp:343:28: note: suggested alternative: &#39;ADC0&#39;
/home/ec2-user/arduino-testlib/cli-datadir/user/libraries/leOS2/leOS2.cpp:343:50: error: &#39;WDE&#39; was not declared in this scope
     _WD_CONTROL_REG = ((1&lt;&lt;_WD_CHANGE_BIT) | (1&lt;&lt;WDE));
                                                  ^~~
/home/ec2-user/arduino-testlib/cli-datadir/user/libraries/leOS2/leOS2.cpp:343:50: note: suggested alternative: &#39;WDT&#39;
     _WD_CONTROL_REG = ((1&lt;&lt;_WD_CHANGE_BIT) | (1&lt;&lt;WDE));
                                                  ^~~
                                                  WDT
/home/ec2-user/arduino-testlib/cli-datadir/user/libraries/leOS2/leOS2.cpp:344:23: error: no match for &#39;operator=&#39; (operand types are &#39;WDT_t {aka WDT_struct}&#39; and &#39;byte {aka unsigned char}&#39;)
     _WD_CONTROL_REG = _tempI;
                       ^~~~~~
In file included from /home/ec2-user/arduino-testlib/cli-datadir/data/packages/arduino/tools/avr-gcc/7.3.0-atmel3.6.1-arduino5/avr/include/avr/io.h:677:0,
                 from /home/ec2-user/arduino-testlib/cli-datadir/data/packages/arduino/tools/avr-gcc/7.3.0-atmel3.6.1-arduino5/avr/include/avr/pgmspace.h:90,
                 from /home/ec2-user/arduino-testlib/cli-datadir/data/packages/arduino/hardware/megaavr/1.8.7/cores/arduino/api/String.h:31,
                 from /home/ec2-user/arduino-testlib/cli-datadir/data/packages/arduino/hardware/megaavr/1.8.7/cores/arduino/api/IPAddress.h:24,
                 from /home/ec2-user/arduino-testlib/cli-datadir/data/packages/arduino/hardware/megaavr/1.8.7/cores/arduino/api/ArduinoAPI.h:30,
                 from /home/ec2-user/arduino-testlib/cli-datadir/data/packages/arduino/hardware/megaavr/1.8.7/cores/arduino/Arduino.h:23,
                 from /home/ec2-user/arduino-testlib/cli-datadir/user/libraries/leOS2/leOS2.h:45,
                 from /home/ec2-user/arduino-testlib/cli-datadir/user/libraries/leOS2/leOS2.cpp:7:
/home/ec2-user/arduino-testlib/cli-datadir/data/packages/arduino/tools/avr-gcc/7.3.0-atmel3.6.1-arduino5/avr/include/avr/iom4809.h:2054:16: note: candidate: WDT_struct&amp; WDT_struct::operator=(const WDT_struct&amp;)
 typedef struct WDT_struct
                ^~~~~~~~~~
/home/ec2-user/arduino-testlib/cli-datadir/data/packages/arduino/tools/avr-gcc/7.3.0-atmel3.6.1-arduino5/avr/include/avr/iom4809.h:2054:16: note:   no known conversion for argument 1 from &#39;byte {aka unsigned char}&#39; to &#39;const WDT_struct&amp;&#39;
/home/ec2-user/arduino-testlib/cli-datadir/data/packages/arduino/tools/avr-gcc/7.3.0-atmel3.6.1-arduino5/avr/include/avr/iom4809.h:2054:16: note: candidate: WDT_struct&amp; WDT_struct::operator=(WDT_struct&amp;&amp;)
/home/ec2-user/arduino-testlib/cli-datadir/data/packages/arduino/tools/avr-gcc/7.3.0-atmel3.6.1-arduino5/avr/include/avr/iom4809.h:2054:16: note:   no known conversion for argument 1 from &#39;byte {aka unsigned char}&#39; to &#39;WDT_struct&amp;&amp;&#39;

</pre>

					
					<h4>examples/leOS2_2_tasks</h4>
					<p>
						Result: <b>FAIL</b>
					</p>
					<pre class="pre-scrollable">WARNING: library leOS2 claims to run on avr architecture(s) and may be incompatible with your current board which runs on megaavr architecture(s).
/home/ec2-user/arduino-testlib/cli-datadir/user/libraries/leOS2/leOS2.cpp: In function &#39;void WDT_vect()&#39;:
/home/ec2-user/arduino-testlib/cli-datadir/user/libraries/leOS2/leOS2.cpp:251:32: error: &#39;WDIE&#39; was not declared in this scope
         _WD_CONTROL_REG |= (1&lt;&lt;WDIE); //another interrupt, please...
                                ^~~~
/home/ec2-user/arduino-testlib/cli-datadir/user/libraries/leOS2/leOS2.cpp:251:32: note: suggested alternative: &#39;WDT&#39;
         _WD_CONTROL_REG |= (1&lt;&lt;WDIE); //another interrupt, please...
                                ^~~~
                                WDT
/home/ec2-user/arduino-testlib/cli-datadir/user/libraries/leOS2/leOS2.cpp: In member function &#39;void leOS2::setWDT()&#39;:
/home/ec2-user/arduino-testlib/cli-datadir/user/libraries/leOS2/leOS2.cpp:332:5: error: &#39;MCUSR&#39; was not declared in this scope
     MCUSR = 0; //ensure that the reset vectors are off
     ^~~~~
/home/ec2-user/arduino-testlib/cli-datadir/user/libraries/leOS2/leOS2.cpp:339:23: error: &#39;WDIE&#39; was not declared in this scope
     byte _tempI = (1&lt;&lt;WDIE);
                       ^~~~
/home/ec2-user/arduino-testlib/cli-datadir/user/libraries/leOS2/leOS2.cpp:339:23: note: suggested alternative: &#39;WDT&#39;
     byte _tempI = (1&lt;&lt;WDIE);
                       ^~~~
                       WDT
/home/ec2-user/arduino-testlib/cli-datadir/user/libraries/leOS2/leOS2.cpp:341:23: error: &#39;WDE&#39; was not declared in this scope
         _tempI |= (1&lt;&lt;WDE);
                       ^~~
/home/ec2-user/arduino-testlib/cli-datadir/user/libraries/leOS2/leOS2.cpp:341:23: note: suggested alternative: &#39;WDT&#39;
         _tempI |= (1&lt;&lt;WDE);
                       ^~~
                       WDT
In file included from /home/ec2-user/arduino-testlib/cli-datadir/user/libraries/leOS2/leOS2.cpp:8:0:
/home/ec2-user/arduino-testlib/cli-datadir/user/libraries/leOS2/leOS2.cpp:343:28: error: &#39;WDCE&#39; was not declared in this scope
     _WD_CONTROL_REG = ((1&lt;&lt;_WD_CHANGE_BIT) | (1&lt;&lt;WDE));
                            ^
/home/ec2-user/arduino-testlib/cli-datadir/user/libraries/leOS2/leOS2.cpp:343:28: note: suggested alternative: &#39;ADC0&#39;
/home/ec2-user/arduino-testlib/cli-datadir/user/libraries/leOS2/leOS2.cpp:343:50: error: &#39;WDE&#39; was not declared in this scope
     _WD_CONTROL_REG = ((1&lt;&lt;_WD_CHANGE_BIT) | (1&lt;&lt;WDE));
                                                  ^~~
/home/ec2-user/arduino-testlib/cli-datadir/user/libraries/leOS2/leOS2.cpp:343:50: note: suggested alternative: &#39;WDT&#39;
     _WD_CONTROL_REG = ((1&lt;&lt;_WD_CHANGE_BIT) | (1&lt;&lt;WDE));
                                                  ^~~
                                                  WDT
/home/ec2-user/arduino-testlib/cli-datadir/user/libraries/leOS2/leOS2.cpp:344:23: error: no match for &#39;operator=&#39; (operand types are &#39;WDT_t {aka WDT_struct}&#39; and &#39;byte {aka unsigned char}&#39;)
     _WD_CONTROL_REG = _tempI;
                       ^~~~~~
In file included from /home/ec2-user/arduino-testlib/cli-datadir/data/packages/arduino/tools/avr-gcc/7.3.0-atmel3.6.1-arduino5/avr/include/avr/io.h:677:0,
                 from /home/ec2-user/arduino-testlib/cli-datadir/data/packages/arduino/tools/avr-gcc/7.3.0-atmel3.6.1-arduino5/avr/include/avr/pgmspace.h:90,
                 from /home/ec2-user/arduino-testlib/cli-datadir/data/packages/arduino/hardware/megaavr/1.8.7/cores/arduino/api/String.h:31,
                 from /home/ec2-user/arduino-testlib/cli-datadir/data/packages/arduino/hardware/megaavr/1.8.7/cores/arduino/api/IPAddress.h:24,
                 from /home/ec2-user/arduino-testlib/cli-datadir/data/packages/arduino/hardware/megaavr/1.8.7/cores/arduino/api/ArduinoAPI.h:30,
                 from /home/ec2-user/arduino-testlib/cli-datadir/data/packages/arduino/hardware/megaavr/1.8.7/cores/arduino/Arduino.h:23,
                 from /home/ec2-user/arduino-testlib/cli-datadir/user/libraries/leOS2/leOS2.h:45,
                 from /home/ec2-user/arduino-testlib/cli-datadir/user/libraries/leOS2/leOS2.cpp:7:
/home/ec2-user/arduino-testlib/cli-datadir/data/packages/arduino/tools/avr-gcc/7.3.0-atmel3.6.1-arduino5/avr/include/avr/iom4809.h:2054:16: note: candidate: WDT_struct&amp; WDT_struct::operator=(const WDT_struct&amp;)
 typedef struct WDT_struct
                ^~~~~~~~~~
/home/ec2-user/arduino-testlib/cli-datadir/data/packages/arduino/tools/avr-gcc/7.3.0-atmel3.6.1-arduino5/avr/include/avr/iom4809.h:2054:16: note:   no known conversion for argument 1 from &#39;byte {aka unsigned char}&#39; to &#39;const WDT_struct&amp;&#39;
/home/ec2-user/arduino-testlib/cli-datadir/data/packages/arduino/tools/avr-gcc/7.3.0-atmel3.6.1-arduino5/avr/include/avr/iom4809.h:2054:16: note: candidate: WDT_struct&amp; WDT_struct::operator=(WDT_struct&amp;&amp;)
/home/ec2-user/arduino-testlib/cli-datadir/data/packages/arduino/tools/avr-gcc/7.3.0-atmel3.6.1-arduino5/avr/include/avr/iom4809.h:2054:16: note:   no known conversion for argument 1 from &#39;byte {aka unsigned char}&#39; to &#39;WDT_struct&amp;&amp;&#39;

</pre>
					
					<h4>examples/leOS2_blink_without_delay</h4>
					<p>
						Result: <b>FAIL</b>
					</p>
					<pre class="pre-scrollable">WARNING: library leOS2 claims to run on avr architecture(s) and may be incompatible with your current board which runs on megaavr architecture(s).
/home/ec2-user/arduino-testlib/cli-datadir/user/libraries/leOS2/leOS2.cpp: In function &#39;void WDT_vect()&#39;:
/home/ec2-user/arduino-testlib/cli-datadir/user/libraries/leOS2/leOS2.cpp:251:32: error: &#39;WDIE&#39; was not declared in this scope
         _WD_CONTROL_REG |= (1&lt;&lt;WDIE); //another interrupt, please...
                                ^~~~
/home/ec2-user/arduino-testlib/cli-datadir/user/libraries/leOS2/leOS2.cpp:251:32: note: suggested alternative: &#39;WDT&#39;
         _WD_CONTROL_REG |= (1&lt;&lt;WDIE); //another interrupt, please...
                                ^~~~
                                WDT
/home/ec2-user/arduino-testlib/cli-datadir/user/libraries/leOS2/leOS2.cpp: In member function &#39;void leOS2::setWDT()&#39;:
/home/ec2-user/arduino-testlib/cli-datadir/user/libraries/leOS2/leOS2.cpp:332:5: error: &#39;MCUSR&#39; was not declared in this scope
     MCUSR = 0; //ensure that the reset vectors are off
     ^~~~~
/home/ec2-user/arduino-testlib/cli-datadir/user/libraries/leOS2/leOS2.cpp:339:23: error: &#39;WDIE&#39; was not declared in this scope
     byte _tempI = (1&lt;&lt;WDIE);
                       ^~~~
/home/ec2-user/arduino-testlib/cli-datadir/user/libraries/leOS2/leOS2.cpp:339:23: note: suggested alternative: &#39;WDT&#39;
     byte _tempI = (1&lt;&lt;WDIE);
                       ^~~~
                       WDT
/home/ec2-user/arduino-testlib/cli-datadir/user/libraries/leOS2/leOS2.cpp:341:23: error: &#39;WDE&#39; was not declared in this scope
         _tempI |= (1&lt;&lt;WDE);
                       ^~~
/home/ec2-user/arduino-testlib/cli-datadir/user/libraries/leOS2/leOS2.cpp:341:23: note: suggested alternative: &#39;WDT&#39;
         _tempI |= (1&lt;&lt;WDE);
                       ^~~
                       WDT
In file included from /home/ec2-user/arduino-testlib/cli-datadir/user/libraries/leOS2/leOS2.cpp:8:0:
/home/ec2-user/arduino-testlib/cli-datadir/user/libraries/leOS2/leOS2.cpp:343:28: error: &#39;WDCE&#39; was not declared in this scope
     _WD_CONTROL_REG = ((1&lt;&lt;_WD_CHANGE_BIT) | (1&lt;&lt;WDE));
                            ^
/home/ec2-user/arduino-testlib/cli-datadir/user/libraries/leOS2/leOS2.cpp:343:28: note: suggested alternative: &#39;ADC0&#39;
/home/ec2-user/arduino-testlib/cli-datadir/user/libraries/leOS2/leOS2.cpp:343:50: error: &#39;WDE&#39; was not declared in this scope
     _WD_CONTROL_REG = ((1&lt;&lt;_WD_CHANGE_BIT) | (1&lt;&lt;WDE));
                                                  ^~~
/home/ec2-user/arduino-testlib/cli-datadir/user/libraries/leOS2/leOS2.cpp:343:50: note: suggested alternative: &#39;WDT&#39;
     _WD_CONTROL_REG = ((1&lt;&lt;_WD_CHANGE_BIT) | (1&lt;&lt;WDE));
                                                  ^~~
                                                  WDT
/home/ec2-user/arduino-testlib/cli-datadir/user/libraries/leOS2/leOS2.cpp:344:23: error: no match for &#39;operator=&#39; (operand types are &#39;WDT_t {aka WDT_struct}&#39; and &#39;byte {aka unsigned char}&#39;)
     _WD_CONTROL_REG = _tempI;
                       ^~~~~~
In file included from /home/ec2-user/arduino-testlib/cli-datadir/data/packages/arduino/tools/avr-gcc/7.3.0-atmel3.6.1-arduino5/avr/include/avr/io.h:677:0,
                 from /home/ec2-user/arduino-testlib/cli-datadir/data/packages/arduino/tools/avr-gcc/7.3.0-atmel3.6.1-arduino5/avr/include/avr/pgmspace.h:90,
                 from /home/ec2-user/arduino-testlib/cli-datadir/data/packages/arduino/hardware/megaavr/1.8.7/cores/arduino/api/String.h:31,
                 from /home/ec2-user/arduino-testlib/cli-datadir/data/packages/arduino/hardware/megaavr/1.8.7/cores/arduino/api/IPAddress.h:24,
                 from /home/ec2-user/arduino-testlib/cli-datadir/data/packages/arduino/hardware/megaavr/1.8.7/cores/arduino/api/ArduinoAPI.h:30,
                 from /home/ec2-user/arduino-testlib/cli-datadir/data/packages/arduino/hardware/megaavr/1.8.7/cores/arduino/Arduino.h:23,
                 from /home/ec2-user/arduino-testlib/cli-datadir/user/libraries/leOS2/leOS2.h:45,
                 from /home/ec2-user/arduino-testlib/cli-datadir/user/libraries/leOS2/leOS2.cpp:7:
/home/ec2-user/arduino-testlib/cli-datadir/data/packages/arduino/tools/avr-gcc/7.3.0-atmel3.6.1-arduino5/avr/include/avr/iom4809.h:2054:16: note: candidate: WDT_struct&amp; WDT_struct::operator=(const WDT_struct&amp;)
 typedef struct WDT_struct
                ^~~~~~~~~~
/home/ec2-user/arduino-testlib/cli-datadir/data/packages/arduino/tools/avr-gcc/7.3.0-atmel3.6.1-arduino5/avr/include/avr/iom4809.h:2054:16: note:   no known conversion for argument 1 from &#39;byte {aka unsigned char}&#39; to &#39;const WDT_struct&amp;&#39;
/home/ec2-user/arduino-testlib/cli-datadir/data/packages/arduino/tools/avr-gcc/7.3.0-atmel3.6.1-arduino5/avr/include/avr/iom4809.h:2054:16: note: candidate: WDT_struct&amp; WDT_struct::operator=(WDT_struct&amp;&amp;)
/home/ec2-user/arduino-testlib/cli-datadir/data/packages/arduino/tools/avr-gcc/7.3.0-atmel3.6.1-arduino5/avr/include/avr/iom4809.h:2054:16: note:   no known conversion for argument 1 from &#39;byte {aka unsigned char}&#39; to &#39;WDT_struct&amp;&amp;&#39;

</pre>
					
					<h4>examples/leOS2_immediate_start</h4>
					<p>
						Result: <b>FAIL</b>
					</p>
					<pre class="pre-scrollable">WARNING: library leOS2 claims to run on avr architecture(s) and may be incompatible with your current board which runs on megaavr architecture(s).
/home/ec2-user/arduino-testlib/cli-datadir/user/libraries/leOS2/leOS2.cpp: In function &#39;void WDT_vect()&#39;:
/home/ec2-user/arduino-testlib/cli-datadir/user/libraries/leOS2/leOS2.cpp:251:32: error: &#39;WDIE&#39; was not declared in this scope
         _WD_CONTROL_REG |= (1&lt;&lt;WDIE); //another interrupt, please...
                                ^~~~
/home/ec2-user/arduino-testlib/cli-datadir/user/libraries/leOS2/leOS2.cpp:251:32: note: suggested alternative: &#39;WDT&#39;
         _WD_CONTROL_REG |= (1&lt;&lt;WDIE); //another interrupt, please...
                                ^~~~
                                WDT
/home/ec2-user/arduino-testlib/cli-datadir/user/libraries/leOS2/leOS2.cpp: In member function &#39;void leOS2::setWDT()&#39;:
/home/ec2-user/arduino-testlib/cli-datadir/user/libraries/leOS2/leOS2.cpp:332:5: error: &#39;MCUSR&#39; was not declared in this scope
     MCUSR = 0; //ensure that the reset vectors are off
     ^~~~~
/home/ec2-user/arduino-testlib/cli-datadir/user/libraries/leOS2/leOS2.cpp:339:23: error: &#39;WDIE&#39; was not declared in this scope
     byte _tempI = (1&lt;&lt;WDIE);
                       ^~~~
/home/ec2-user/arduino-testlib/cli-datadir/user/libraries/leOS2/leOS2.cpp:339:23: note: suggested alternative: &#39;WDT&#39;
     byte _tempI = (1&lt;&lt;WDIE);
                       ^~~~
                       WDT
/home/ec2-user/arduino-testlib/cli-datadir/user/libraries/leOS2/leOS2.cpp:341:23: error: &#39;WDE&#39; was not declared in this scope
         _tempI |= (1&lt;&lt;WDE);
                       ^~~
/home/ec2-user/arduino-testlib/cli-datadir/user/libraries/leOS2/leOS2.cpp:341:23: note: suggested alternative: &#39;WDT&#39;
         _tempI |= (1&lt;&lt;WDE);
                       ^~~
                       WDT
In file included from /home/ec2-user/arduino-testlib/cli-datadir/user/libraries/leOS2/leOS2.cpp:8:0:
/home/ec2-user/arduino-testlib/cli-datadir/user/libraries/leOS2/leOS2.cpp:343:28: error: &#39;WDCE&#39; was not declared in this scope
     _WD_CONTROL_REG = ((1&lt;&lt;_WD_CHANGE_BIT) | (1&lt;&lt;WDE));
                            ^
/home/ec2-user/arduino-testlib/cli-datadir/user/libraries/leOS2/leOS2.cpp:343:28: note: suggested alternative: &#39;ADC0&#39;
/home/ec2-user/arduino-testlib/cli-datadir/user/libraries/leOS2/leOS2.cpp:343:50: error: &#39;WDE&#39; was not declared in this scope
     _WD_CONTROL_REG = ((1&lt;&lt;_WD_CHANGE_BIT) | (1&lt;&lt;WDE));
                                                  ^~~
/home/ec2-user/arduino-testlib/cli-datadir/user/libraries/leOS2/leOS2.cpp:343:50: note: suggested alternative: &#39;WDT&#39;
     _WD_CONTROL_REG = ((1&lt;&lt;_WD_CHANGE_BIT) | (1&lt;&lt;WDE));
                                                  ^~~
                                                  WDT
/home/ec2-user/arduino-testlib/cli-datadir/user/libraries/leOS2/leOS2.cpp:344:23: error: no match for &#39;operator=&#39; (operand types are &#39;WDT_t {aka WDT_struct}&#39; and &#39;byte {aka unsigned char}&#39;)
     _WD_CONTROL_REG = _tempI;
                       ^~~~~~
In file included from /home/ec2-user/arduino-testlib/cli-datadir/data/packages/arduino/tools/avr-gcc/7.3.0-atmel3.6.1-arduino5/avr/include/avr/io.h:677:0,
                 from /home/ec2-user/arduino-testlib/cli-datadir/data/packages/arduino/tools/avr-gcc/7.3.0-atmel3.6.1-arduino5/avr/include/avr/pgmspace.h:90,
                 from /home/ec2-user/arduino-testlib/cli-datadir/data/packages/arduino/hardware/megaavr/1.8.7/cores/arduino/api/String.h:31,
                 from /home/ec2-user/arduino-testlib/cli-datadir/data/packages/arduino/hardware/megaavr/1.8.7/cores/arduino/api/IPAddress.h:24,
                 from /home/ec2-user/arduino-testlib/cli-datadir/data/packages/arduino/hardware/megaavr/1.8.7/cores/arduino/api/ArduinoAPI.h:30,
                 from /home/ec2-user/arduino-testlib/cli-datadir/data/packages/arduino/hardware/megaavr/1.8.7/cores/arduino/Arduino.h:23,
                 from /home/ec2-user/arduino-testlib/cli-datadir/user/libraries/leOS2/leOS2.h:45,
                 from /home/ec2-user/arduino-testlib/cli-datadir/user/libraries/leOS2/leOS2.cpp:7:
/home/ec2-user/arduino-testlib/cli-datadir/data/packages/arduino/tools/avr-gcc/7.3.0-atmel3.6.1-arduino5/avr/include/avr/iom4809.h:2054:16: note: candidate: WDT_struct&amp; WDT_struct::operator=(const WDT_struct&amp;)
 typedef struct WDT_struct
                ^~~~~~~~~~
/home/ec2-user/arduino-testlib/cli-datadir/data/packages/arduino/tools/avr-gcc/7.3.0-atmel3.6.1-arduino5/avr/include/avr/iom4809.h:2054:16: note:   no known conversion for argument 1 from &#39;byte {aka unsigned char}&#39; to &#39;const WDT_struct&amp;&#39;
/home/ec2-user/arduino-testlib/cli-datadir/data/packages/arduino/tools/avr-gcc/7.3.0-atmel3.6.1-arduino5/avr/include/avr/iom4809.h:2054:16: note: candidate: WDT_struct&amp; WDT_struct::operator=(WDT_struct&amp;&amp;)
/home/ec2-user/arduino-testlib/cli-datadir/data/packages/arduino/tools/avr-gcc/7.3.0-atmel3.6.1-arduino5/avr/include/avr/iom4809.h:2054:16: note:   no known conversion for argument 1 from &#39;byte {aka unsigned char}&#39; to &#39;WDT_struct&amp;&amp;&#39;

</pre>
					
					<h4>examples/leOS2_manage_scheduler</h4>
					<p>
						Result: <b>FAIL</b>
					</p>
					<pre class="pre-scrollable">WARNING: library leOS2 claims to run on avr architecture(s) and may be incompatible with your current board which runs on megaavr architecture(s).
/home/ec2-user/arduino-testlib/cli-datadir/user/libraries/leOS2/leOS2.cpp: In function &#39;void WDT_vect()&#39;:
/home/ec2-user/arduino-testlib/cli-datadir/user/libraries/leOS2/leOS2.cpp:251:32: error: &#39;WDIE&#39; was not declared in this scope
         _WD_CONTROL_REG |= (1&lt;&lt;WDIE); //another interrupt, please...
                                ^~~~
/home/ec2-user/arduino-testlib/cli-datadir/user/libraries/leOS2/leOS2.cpp:251:32: note: suggested alternative: &#39;WDT&#39;
         _WD_CONTROL_REG |= (1&lt;&lt;WDIE); //another interrupt, please...
                                ^~~~
                                WDT
/home/ec2-user/arduino-testlib/cli-datadir/user/libraries/leOS2/leOS2.cpp: In member function &#39;void leOS2::setWDT()&#39;:
/home/ec2-user/arduino-testlib/cli-datadir/user/libraries/leOS2/leOS2.cpp:332:5: error: &#39;MCUSR&#39; was not declared in this scope
     MCUSR = 0; //ensure that the reset vectors are off
     ^~~~~
/home/ec2-user/arduino-testlib/cli-datadir/user/libraries/leOS2/leOS2.cpp:339:23: error: &#39;WDIE&#39; was not declared in this scope
     byte _tempI = (1&lt;&lt;WDIE);
                       ^~~~
/home/ec2-user/arduino-testlib/cli-datadir/user/libraries/leOS2/leOS2.cpp:339:23: note: suggested alternative: &#39;WDT&#39;
     byte _tempI = (1&lt;&lt;WDIE);
                       ^~~~
                       WDT
/home/ec2-user/arduino-testlib/cli-datadir/user/libraries/leOS2/leOS2.cpp:341:23: error: &#39;WDE&#39; was not declared in this scope
         _tempI |= (1&lt;&lt;WDE);
                       ^~~
/home/ec2-user/arduino-testlib/cli-datadir/user/libraries/leOS2/leOS2.cpp:341:23: note: suggested alternative: &#39;WDT&#39;
         _tempI |= (1&lt;&lt;WDE);
                       ^~~
                       WDT
In file included from /home/ec2-user/arduino-testlib/cli-datadir/user/libraries/leOS2/leOS2.cpp:8:0:
/home/ec2-user/arduino-testlib/cli-datadir/user/libraries/leOS2/leOS2.cpp:343:28: error: &#39;WDCE&#39; was not declared in this scope
     _WD_CONTROL_REG = ((1&lt;&lt;_WD_CHANGE_BIT) | (1&lt;&lt;WDE));
                            ^
/home/ec2-user/arduino-testlib/cli-datadir/user/libraries/leOS2/leOS2.cpp:343:28: note: suggested alternative: &#39;ADC0&#39;
/home/ec2-user/arduino-testlib/cli-datadir/user/libraries/leOS2/leOS2.cpp:343:50: error: &#39;WDE&#39; was not declared in this scope
     _WD_CONTROL_REG = ((1&lt;&lt;_WD_CHANGE_BIT) | (1&lt;&lt;WDE));
                                                  ^~~
/home/ec2-user/arduino-testlib/cli-datadir/user/libraries/leOS2/leOS2.cpp:343:50: note: suggested alternative: &#39;WDT&#39;
     _WD_CONTROL_REG = ((1&lt;&lt;_WD_CHANGE_BIT) | (1&lt;&lt;WDE));
                                                  ^~~
                                                  WDT
/home/ec2-user/arduino-testlib/cli-datadir/user/libraries/leOS2/leOS2.cpp:344:23: error: no match for &#39;operator=&#39; (operand types are &#39;WDT_t {aka WDT_struct}&#39; and &#39;byte {aka unsigned char}&#39;)
     _WD_CONTROL_REG = _tempI;
                       ^~~~~~
In file included from /home/ec2-user/arduino-testlib/cli-datadir/data/packages/arduino/tools/avr-gcc/7.3.0-atmel3.6.1-arduino5/avr/include/avr/io.h:677:0,
                 from /home/ec2-user/arduino-testlib/cli-datadir/data/packages/arduino/tools/avr-gcc/7.3.0-atmel3.6.1-arduino5/avr/include/avr/pgmspace.h:90,
                 from /home/ec2-user/arduino-testlib/cli-datadir/data/packages/arduino/hardware/megaavr/1.8.7/cores/arduino/api/String.h:31,
                 from /home/ec2-user/arduino-testlib/cli-datadir/data/packages/arduino/hardware/megaavr/1.8.7/cores/arduino/api/IPAddress.h:24,
                 from /home/ec2-user/arduino-testlib/cli-datadir/data/packages/arduino/hardware/megaavr/1.8.7/cores/arduino/api/ArduinoAPI.h:30,
                 from /home/ec2-user/arduino-testlib/cli-datadir/data/packages/arduino/hardware/megaavr/1.8.7/cores/arduino/Arduino.h:23,
                 from /home/ec2-user/arduino-testlib/cli-datadir/user/libraries/leOS2/leOS2.h:45,
                 from /home/ec2-user/arduino-testlib/cli-datadir/user/libraries/leOS2/leOS2.cpp:7:
/home/ec2-user/arduino-testlib/cli-datadir/data/packages/arduino/tools/avr-gcc/7.3.0-atmel3.6.1-arduino5/avr/include/avr/iom4809.h:2054:16: note: candidate: WDT_struct&amp; WDT_struct::operator=(const WDT_struct&amp;)
 typedef struct WDT_struct
                ^~~~~~~~~~
/home/ec2-user/arduino-testlib/cli-datadir/data/packages/arduino/tools/avr-gcc/7.3.0-atmel3.6.1-arduino5/avr/include/avr/iom4809.h:2054:16: note:   no known conversion for argument 1 from &#39;byte {aka unsigned char}&#39; to &#39;const WDT_struct&amp;&#39;
/home/ec2-user/arduino-testlib/cli-datadir/data/packages/arduino/tools/avr-gcc/7.3.0-atmel3.6.1-arduino5/avr/include/avr/iom4809.h:2054:16: note: candidate: WDT_struct&amp; WDT_struct::operator=(WDT_struct&amp;&amp;)
/home/ec2-user/arduino-testlib/cli-datadir/data/packages/arduino/tools/avr-gcc/7.3.0-atmel3.6.1-arduino5/avr/include/avr/iom4809.h:2054:16: note:   no known conversion for argument 1 from &#39;byte {aka unsigned char}&#39; to &#39;WDT_struct&amp;&amp;&#39;

</pre>
					
					<h4>examples/leOS2_reset_after_timeout</h4>
					<p>
						Result: <b>FAIL</b>
					</p>
					<pre class="pre-scrollable">WARNING: library leOS2 claims to run on avr architecture(s) and may be incompatible with your current board which runs on megaavr architecture(s).
/home/ec2-user/arduino-testlib/cli-datadir/user/libraries/leOS2/leOS2.cpp: In function &#39;void WDT_vect()&#39;:
/home/ec2-user/arduino-testlib/cli-datadir/user/libraries/leOS2/leOS2.cpp:251:32: error: &#39;WDIE&#39; was not declared in this scope
         _WD_CONTROL_REG |= (1&lt;&lt;WDIE); //another interrupt, please...
                                ^~~~
/home/ec2-user/arduino-testlib/cli-datadir/user/libraries/leOS2/leOS2.cpp:251:32: note: suggested alternative: &#39;WDT&#39;
         _WD_CONTROL_REG |= (1&lt;&lt;WDIE); //another interrupt, please...
                                ^~~~
                                WDT
/home/ec2-user/arduino-testlib/cli-datadir/user/libraries/leOS2/leOS2.cpp: In member function &#39;void leOS2::setWDT()&#39;:
/home/ec2-user/arduino-testlib/cli-datadir/user/libraries/leOS2/leOS2.cpp:332:5: error: &#39;MCUSR&#39; was not declared in this scope
     MCUSR = 0; //ensure that the reset vectors are off
     ^~~~~
/home/ec2-user/arduino-testlib/cli-datadir/user/libraries/leOS2/leOS2.cpp:339:23: error: &#39;WDIE&#39; was not declared in this scope
     byte _tempI = (1&lt;&lt;WDIE);
                       ^~~~
/home/ec2-user/arduino-testlib/cli-datadir/user/libraries/leOS2/leOS2.cpp:339:23: note: suggested alternative: &#39;WDT&#39;
     byte _tempI = (1&lt;&lt;WDIE);
                       ^~~~
                       WDT
/home/ec2-user/arduino-testlib/cli-datadir/user/libraries/leOS2/leOS2.cpp:341:23: error: &#39;WDE&#39; was not declared in this scope
         _tempI |= (1&lt;&lt;WDE);
                       ^~~
/home/ec2-user/arduino-testlib/cli-datadir/user/libraries/leOS2/leOS2.cpp:341:23: note: suggested alternative: &#39;WDT&#39;
         _tempI |= (1&lt;&lt;WDE);
                       ^~~
                       WDT
In file included from /home/ec2-user/arduino-testlib/cli-datadir/user/libraries/leOS2/leOS2.cpp:8:0:
/home/ec2-user/arduino-testlib/cli-datadir/user/libraries/leOS2/leOS2.cpp:343:28: error: &#39;WDCE&#39; was not declared in this scope
     _WD_CONTROL_REG = ((1&lt;&lt;_WD_CHANGE_BIT) | (1&lt;&lt;WDE));
                            ^
/home/ec2-user/arduino-testlib/cli-datadir/user/libraries/leOS2/leOS2.cpp:343:28: note: suggested alternative: &#39;ADC0&#39;
/home/ec2-user/arduino-testlib/cli-datadir/user/libraries/leOS2/leOS2.cpp:343:50: error: &#39;WDE&#39; was not declared in this scope
     _WD_CONTROL_REG = ((1&lt;&lt;_WD_CHANGE_BIT) | (1&lt;&lt;WDE));
                                                  ^~~
/home/ec2-user/arduino-testlib/cli-datadir/user/libraries/leOS2/leOS2.cpp:343:50: note: suggested alternative: &#39;WDT&#39;
     _WD_CONTROL_REG = ((1&lt;&lt;_WD_CHANGE_BIT) | (1&lt;&lt;WDE));
                                                  ^~~
                                                  WDT
/home/ec2-user/arduino-testlib/cli-datadir/user/libraries/leOS2/leOS2.cpp:344:23: error: no match for &#39;operator=&#39; (operand types are &#39;WDT_t {aka WDT_struct}&#39; and &#39;byte {aka unsigned char}&#39;)
     _WD_CONTROL_REG = _tempI;
                       ^~~~~~
In file included from /home/ec2-user/arduino-testlib/cli-datadir/data/packages/arduino/tools/avr-gcc/7.3.0-atmel3.6.1-arduino5/avr/include/avr/io.h:677:0,
                 from /home/ec2-user/arduino-testlib/cli-datadir/data/packages/arduino/tools/avr-gcc/7.3.0-atmel3.6.1-arduino5/avr/include/avr/pgmspace.h:90,
                 from /home/ec2-user/arduino-testlib/cli-datadir/data/packages/arduino/hardware/megaavr/1.8.7/cores/arduino/api/String.h:31,
                 from /home/ec2-user/arduino-testlib/cli-datadir/data/packages/arduino/hardware/megaavr/1.8.7/cores/arduino/api/IPAddress.h:24,
                 from /home/ec2-user/arduino-testlib/cli-datadir/data/packages/arduino/hardware/megaavr/1.8.7/cores/arduino/api/ArduinoAPI.h:30,
                 from /home/ec2-user/arduino-testlib/cli-datadir/data/packages/arduino/hardware/megaavr/1.8.7/cores/arduino/Arduino.h:23,
                 from /home/ec2-user/arduino-testlib/cli-datadir/user/libraries/leOS2/leOS2.h:45,
                 from /home/ec2-user/arduino-testlib/cli-datadir/user/libraries/leOS2/leOS2.cpp:7:
/home/ec2-user/arduino-testlib/cli-datadir/data/packages/arduino/tools/avr-gcc/7.3.0-atmel3.6.1-arduino5/avr/include/avr/iom4809.h:2054:16: note: candidate: WDT_struct&amp; WDT_struct::operator=(const WDT_struct&amp;)
 typedef struct WDT_struct
                ^~~~~~~~~~
/home/ec2-user/arduino-testlib/cli-datadir/data/packages/arduino/tools/avr-gcc/7.3.0-atmel3.6.1-arduino5/avr/include/avr/iom4809.h:2054:16: note:   no known conversion for argument 1 from &#39;byte {aka unsigned char}&#39; to &#39;const WDT_struct&amp;&#39;
/home/ec2-user/arduino-testlib/cli-datadir/data/packages/arduino/tools/avr-gcc/7.3.0-atmel3.6.1-arduino5/avr/include/avr/iom4809.h:2054:16: note: candidate: WDT_struct&amp; WDT_struct::operator=(WDT_struct&amp;&amp;)
/home/ec2-user/arduino-testlib/cli-datadir/data/packages/arduino/tools/avr-gcc/7.3.0-atmel3.6.1-arduino5/avr/include/avr/iom4809.h:2054:16: note:   no known conversion for argument 1 from &#39;byte {aka unsigned char}&#39; to &#39;WDT_struct&amp;&amp;&#39;

</pre>
					
					<h4>examples/leOS2_serial_into_a_task</h4>
					<p>
						Result: <b>FAIL</b>
					</p>
					<pre class="pre-scrollable">WARNING: library leOS2 claims to run on avr architecture(s) and may be incompatible with your current board which runs on megaavr architecture(s).
/home/ec2-user/arduino-testlib/cli-datadir/user/libraries/leOS2/leOS2.cpp: In function &#39;void WDT_vect()&#39;:
/home/ec2-user/arduino-testlib/cli-datadir/user/libraries/leOS2/leOS2.cpp:251:32: error: &#39;WDIE&#39; was not declared in this scope
         _WD_CONTROL_REG |= (1&lt;&lt;WDIE); //another interrupt, please...
                                ^~~~
/home/ec2-user/arduino-testlib/cli-datadir/user/libraries/leOS2/leOS2.cpp:251:32: note: suggested alternative: &#39;WDT&#39;
         _WD_CONTROL_REG |= (1&lt;&lt;WDIE); //another interrupt, please...
                                ^~~~
                                WDT
/home/ec2-user/arduino-testlib/cli-datadir/user/libraries/leOS2/leOS2.cpp: In member function &#39;void leOS2::setWDT()&#39;:
/home/ec2-user/arduino-testlib/cli-datadir/user/libraries/leOS2/leOS2.cpp:332:5: error: &#39;MCUSR&#39; was not declared in this scope
     MCUSR = 0; //ensure that the reset vectors are off
     ^~~~~
/home/ec2-user/arduino-testlib/cli-datadir/user/libraries/leOS2/leOS2.cpp:339:23: error: &#39;WDIE&#39; was not declared in this scope
     byte _tempI = (1&lt;&lt;WDIE);
                       ^~~~
/home/ec2-user/arduino-testlib/cli-datadir/user/libraries/leOS2/leOS2.cpp:339:23: note: suggested alternative: &#39;WDT&#39;
     byte _tempI = (1&lt;&lt;WDIE);
                       ^~~~
                       WDT
/home/ec2-user/arduino-testlib/cli-datadir/user/libraries/leOS2/leOS2.cpp:341:23: error: &#39;WDE&#39; was not declared in this scope
         _tempI |= (1&lt;&lt;WDE);
                       ^~~
/home/ec2-user/arduino-testlib/cli-datadir/user/libraries/leOS2/leOS2.cpp:341:23: note: suggested alternative: &#39;WDT&#39;
         _tempI |= (1&lt;&lt;WDE);
                       ^~~
                       WDT
In file included from /home/ec2-user/arduino-testlib/cli-datadir/user/libraries/leOS2/leOS2.cpp:8:0:
/home/ec2-user/arduino-testlib/cli-datadir/user/libraries/leOS2/leOS2.cpp:343:28: error: &#39;WDCE&#39; was not declared in this scope
     _WD_CONTROL_REG = ((1&lt;&lt;_WD_CHANGE_BIT) | (1&lt;&lt;WDE));
                            ^
/home/ec2-user/arduino-testlib/cli-datadir/user/libraries/leOS2/leOS2.cpp:343:28: note: suggested alternative: &#39;ADC0&#39;
/home/ec2-user/arduino-testlib/cli-datadir/user/libraries/leOS2/leOS2.cpp:343:50: error: &#39;WDE&#39; was not declared in this scope
     _WD_CONTROL_REG = ((1&lt;&lt;_WD_CHANGE_BIT) | (1&lt;&lt;WDE));
                                                  ^~~
/home/ec2-user/arduino-testlib/cli-datadir/user/libraries/leOS2/leOS2.cpp:343:50: note: suggested alternative: &#39;WDT&#39;
     _WD_CONTROL_REG = ((1&lt;&lt;_WD_CHANGE_BIT) | (1&lt;&lt;WDE));
                                                  ^~~
                                                  WDT
/home/ec2-user/arduino-testlib/cli-datadir/user/libraries/leOS2/leOS2.cpp:344:23: error: no match for &#39;operator=&#39; (operand types are &#39;WDT_t {aka WDT_struct}&#39; and &#39;byte {aka unsigned char}&#39;)
     _WD_CONTROL_REG = _tempI;
                       ^~~~~~
In file included from /home/ec2-user/arduino-testlib/cli-datadir/data/packages/arduino/tools/avr-gcc/7.3.0-atmel3.6.1-arduino5/avr/include/avr/io.h:677:0,
                 from /home/ec2-user/arduino-testlib/cli-datadir/data/packages/arduino/tools/avr-gcc/7.3.0-atmel3.6.1-arduino5/avr/include/avr/pgmspace.h:90,
                 from /home/ec2-user/arduino-testlib/cli-datadir/data/packages/arduino/hardware/megaavr/1.8.7/cores/arduino/api/String.h:31,
                 from /home/ec2-user/arduino-testlib/cli-datadir/data/packages/arduino/hardware/megaavr/1.8.7/cores/arduino/api/IPAddress.h:24,
                 from /home/ec2-user/arduino-testlib/cli-datadir/data/packages/arduino/hardware/megaavr/1.8.7/cores/arduino/api/ArduinoAPI.h:30,
                 from /home/ec2-user/arduino-testlib/cli-datadir/data/packages/arduino/hardware/megaavr/1.8.7/cores/arduino/Arduino.h:23,
                 from /home/ec2-user/arduino-testlib/cli-datadir/user/libraries/leOS2/leOS2.h:45,
                 from /home/ec2-user/arduino-testlib/cli-datadir/user/libraries/leOS2/leOS2.cpp:7:
/home/ec2-user/arduino-testlib/cli-datadir/data/packages/arduino/tools/avr-gcc/7.3.0-atmel3.6.1-arduino5/avr/include/avr/iom4809.h:2054:16: note: candidate: WDT_struct&amp; WDT_struct::operator=(const WDT_struct&amp;)
 typedef struct WDT_struct
                ^~~~~~~~~~
/home/ec2-user/arduino-testlib/cli-datadir/data/packages/arduino/tools/avr-gcc/7.3.0-atmel3.6.1-arduino5/avr/include/avr/iom4809.h:2054:16: note:   no known conversion for argument 1 from &#39;byte {aka unsigned char}&#39; to &#39;const WDT_struct&amp;&#39;
/home/ec2-user/arduino-testlib/cli-datadir/data/packages/arduino/tools/avr-gcc/7.3.0-atmel3.6.1-arduino5/avr/include/avr/iom4809.h:2054:16: note: candidate: WDT_struct&amp; WDT_struct::operator=(WDT_struct&amp;&amp;)
/home/ec2-user/arduino-testlib/cli-datadir/data/packages/arduino/tools/avr-gcc/7.3.0-atmel3.6.1-arduino5/avr/include/avr/iom4809.h:2054:16: note:   no known conversion for argument 1 from &#39;byte {aka unsigned char}&#39; to &#39;WDT_struct&amp;&amp;&#39;

</pre>
					
					<h4>examples/leOS2_use_of_reset</h4>
					<p>
						Result: <b>FAIL</b>
					</p>
					<pre class="pre-scrollable">WARNING: library leOS2 claims to run on avr architecture(s) and may be incompatible with your current board which runs on megaavr architecture(s).
/home/ec2-user/arduino-testlib/cli-datadir/user/libraries/leOS2/leOS2.cpp: In function &#39;void WDT_vect()&#39;:
/home/ec2-user/arduino-testlib/cli-datadir/user/libraries/leOS2/leOS2.cpp:251:32: error: &#39;WDIE&#39; was not declared in this scope
         _WD_CONTROL_REG |= (1&lt;&lt;WDIE); //another interrupt, please...
                                ^~~~
/home/ec2-user/arduino-testlib/cli-datadir/user/libraries/leOS2/leOS2.cpp:251:32: note: suggested alternative: &#39;WDT&#39;
         _WD_CONTROL_REG |= (1&lt;&lt;WDIE); //another interrupt, please...
                                ^~~~
                                WDT
/home/ec2-user/arduino-testlib/cli-datadir/user/libraries/leOS2/leOS2.cpp: In member function &#39;void leOS2::setWDT()&#39;:
/home/ec2-user/arduino-testlib/cli-datadir/user/libraries/leOS2/leOS2.cpp:332:5: error: &#39;MCUSR&#39; was not declared in this scope
     MCUSR = 0; //ensure that the reset vectors are off
     ^~~~~
/home/ec2-user/arduino-testlib/cli-datadir/user/libraries/leOS2/leOS2.cpp:339:23: error: &#39;WDIE&#39; was not declared in this scope
     byte _tempI = (1&lt;&lt;WDIE);
                       ^~~~
/home/ec2-user/arduino-testlib/cli-datadir/user/libraries/leOS2/leOS2.cpp:339:23: note: suggested alternative: &#39;WDT&#39;
     byte _tempI = (1&lt;&lt;WDIE);
                       ^~~~
                       WDT
/home/ec2-user/arduino-testlib/cli-datadir/user/libraries/leOS2/leOS2.cpp:341:23: error: &#39;WDE&#39; was not declared in this scope
         _tempI |= (1&lt;&lt;WDE);
                       ^~~
/home/ec2-user/arduino-testlib/cli-datadir/user/libraries/leOS2/leOS2.cpp:341:23: note: suggested alternative: &#39;WDT&#39;
         _tempI |= (1&lt;&lt;WDE);
                       ^~~
                       WDT
In file included from /home/ec2-user/arduino-testlib/cli-datadir/user/libraries/leOS2/leOS2.cpp:8:0:
/home/ec2-user/arduino-testlib/cli-datadir/user/libraries/leOS2/leOS2.cpp:343:28: error: &#39;WDCE&#39; was not declared in this scope
     _WD_CONTROL_REG = ((1&lt;&lt;_WD_CHANGE_BIT) | (1&lt;&lt;WDE));
                            ^
/home/ec2-user/arduino-testlib/cli-datadir/user/libraries/leOS2/leOS2.cpp:343:28: note: suggested alternative: &#39;ADC0&#39;
/home/ec2-user/arduino-testlib/cli-datadir/user/libraries/leOS2/leOS2.cpp:343:50: error: &#39;WDE&#39; was not declared in this scope
     _WD_CONTROL_REG = ((1&lt;&lt;_WD_CHANGE_BIT) | (1&lt;&lt;WDE));
                                                  ^~~
/home/ec2-user/arduino-testlib/cli-datadir/user/libraries/leOS2/leOS2.cpp:343:50: note: suggested alternative: &#39;WDT&#39;
     _WD_CONTROL_REG = ((1&lt;&lt;_WD_CHANGE_BIT) | (1&lt;&lt;WDE));
                                                  ^~~
                                                  WDT
/home/ec2-user/arduino-testlib/cli-datadir/user/libraries/leOS2/leOS2.cpp:344:23: error: no match for &#39;operator=&#39; (operand types are &#39;WDT_t {aka WDT_struct}&#39; and &#39;byte {aka unsigned char}&#39;)
     _WD_CONTROL_REG = _tempI;
                       ^~~~~~
In file included from /home/ec2-user/arduino-testlib/cli-datadir/data/packages/arduino/tools/avr-gcc/7.3.0-atmel3.6.1-arduino5/avr/include/avr/io.h:677:0,
                 from /home/ec2-user/arduino-testlib/cli-datadir/data/packages/arduino/tools/avr-gcc/7.3.0-atmel3.6.1-arduino5/avr/include/avr/pgmspace.h:90,
                 from /home/ec2-user/arduino-testlib/cli-datadir/data/packages/arduino/hardware/megaavr/1.8.7/cores/arduino/api/String.h:31,
                 from /home/ec2-user/arduino-testlib/cli-datadir/data/packages/arduino/hardware/megaavr/1.8.7/cores/arduino/api/IPAddress.h:24,
                 from /home/ec2-user/arduino-testlib/cli-datadir/data/packages/arduino/hardware/megaavr/1.8.7/cores/arduino/api/ArduinoAPI.h:30,
                 from /home/ec2-user/arduino-testlib/cli-datadir/data/packages/arduino/hardware/megaavr/1.8.7/cores/arduino/Arduino.h:23,
                 from /home/ec2-user/arduino-testlib/cli-datadir/user/libraries/leOS2/leOS2.h:45,
                 from /home/ec2-user/arduino-testlib/cli-datadir/user/libraries/leOS2/leOS2.cpp:7:
/home/ec2-user/arduino-testlib/cli-datadir/data/packages/arduino/tools/avr-gcc/7.3.0-atmel3.6.1-arduino5/avr/include/avr/iom4809.h:2054:16: note: candidate: WDT_struct&amp; WDT_struct::operator=(const WDT_struct&amp;)
 typedef struct WDT_struct
                ^~~~~~~~~~
/home/ec2-user/arduino-testlib/cli-datadir/data/packages/arduino/tools/avr-gcc/7.3.0-atmel3.6.1-arduino5/avr/include/avr/iom4809.h:2054:16: note:   no known conversion for argument 1 from &#39;byte {aka unsigned char}&#39; to &#39;const WDT_struct&amp;&#39;
/home/ec2-user/arduino-testlib/cli-datadir/data/packages/arduino/tools/avr-gcc/7.3.0-atmel3.6.1-arduino5/avr/include/avr/iom4809.h:2054:16: note: candidate: WDT_struct&amp; WDT_struct::operator=(WDT_struct&amp;&amp;)
/home/ec2-user/arduino-testlib/cli-datadir/data/packages/arduino/tools/avr-gcc/7.3.0-atmel3.6.1-arduino5/avr/include/avr/iom4809.h:2054:16: note:   no known conversion for argument 1 from &#39;byte {aka unsigned char}&#39; to &#39;WDT_struct&amp;&amp;&#39;

</pre>
					
				
				<h3 id="arduino:samd:mkrwifi1010">arduino:samd:mkrwifi1010 @ 1.8.12</h3>
				<h4>Inclusion</h4>
				<p>
					Result: <b>FAIL</b>
					
				</p>
				<pre class="pre-scrollable">/home/ec2-user/arduino-testlib/cli-datadir/user/libraries/leOS2/leOS2.cpp:8:10: fatal error: avr/wdt.h: No such file or directory
 #include &lt;avr/wdt.h&gt;
          ^~~~~~~~~~~
compilation terminated.

</pre>

					
					<h4>examples/leOS2_2_tasks</h4>
					<p>
						Result: <b>FAIL</b>
					</p>
					<pre class="pre-scrollable">/home/ec2-user/arduino-testlib/cli-datadir/user/libraries/leOS2/leOS2.cpp:8:10: fatal error: avr/wdt.h: No such file or directory
 #include &lt;avr/wdt.h&gt;
          ^~~~~~~~~~~
compilation terminated.

</pre>
					
					<h4>examples/leOS2_blink_without_delay</h4>
					<p>
						Result: <b>FAIL</b>
					</p>
					<pre class="pre-scrollable">/home/ec2-user/arduino-testlib/cli-datadir/user/libraries/leOS2/leOS2.cpp:8:10: fatal error: avr/wdt.h: No such file or directory
 #include &lt;avr/wdt.h&gt;
          ^~~~~~~~~~~
compilation terminated.

</pre>
					
					<h4>examples/leOS2_immediate_start</h4>
					<p>
						Result: <b>FAIL</b>
					</p>
					<pre class="pre-scrollable">/home/ec2-user/arduino-testlib/cli-datadir/user/libraries/leOS2/leOS2.cpp:8:10: fatal error: avr/wdt.h: No such file or directory
 #include &lt;avr/wdt.h&gt;
          ^~~~~~~~~~~
compilation terminated.

</pre>
					
					<h4>examples/leOS2_manage_scheduler</h4>
					<p>
						Result: <b>FAIL</b>
					</p>
					<pre class="pre-scrollable">/home/ec2-user/arduino-testlib/cli-datadir/user/libraries/leOS2/leOS2.cpp:8:10: fatal error: avr/wdt.h: No such file or directory
 #include &lt;avr/wdt.h&gt;
          ^~~~~~~~~~~
compilation terminated.

</pre>
					
					<h4>examples/leOS2_reset_after_timeout</h4>
					<p>
						Result: <b>FAIL</b>
					</p>
					<pre class="pre-scrollable">/home/ec2-user/arduino-testlib/cli-datadir/user/libraries/leOS2/leOS2.cpp:8:10: fatal error: avr/wdt.h: No such file or directory
 #include &lt;avr/wdt.h&gt;
          ^~~~~~~~~~~
compilation terminated.

</pre>
					
					<h4>examples/leOS2_serial_into_a_task</h4>
					<p>
						Result: <b>FAIL</b>
					</p>
					<pre class="pre-scrollable">/home/ec2-user/arduino-testlib/cli-datadir/user/libraries/leOS2/leOS2.cpp:8:10: fatal error: avr/wdt.h: No such file or directory
 #include &lt;avr/wdt.h&gt;
          ^~~~~~~~~~~
compilation terminated.

</pre>
					
					<h4>examples/leOS2_use_of_reset</h4>
					<p>
						Result: <b>FAIL</b>
					</p>
					<pre class="pre-scrollable">/home/ec2-user/arduino-testlib/cli-datadir/user/libraries/leOS2/leOS2.cpp:8:10: fatal error: avr/wdt.h: No such file or directory
 #include &lt;avr/wdt.h&gt;
          ^~~~~~~~~~~
compilation terminated.

</pre>
					
				
				<h3 id="esp32:esp32:d1_mini32">esp32:esp32:d1_mini32 @ 1.0.6</h3>
				<h4>Inclusion</h4>
				<p>
					Result: <b>FAIL</b>
					
				</p>
				<pre class="pre-scrollable">/home/ec2-user/arduino-testlib/cli-datadir/user/libraries/leOS2/leOS2.cpp:8:21: fatal error: avr/wdt.h: No such file or directory
compilation terminated.

</pre>

					
					<h4>examples/leOS2_2_tasks</h4>
					<p>
						Result: <b>FAIL</b>
					</p>
					<pre class="pre-scrollable">/home/ec2-user/arduino-testlib/cli-datadir/user/libraries/leOS2/leOS2.cpp:8:21: fatal error: avr/wdt.h: No such file or directory
compilation terminated.

</pre>
					
					<h4>examples/leOS2_blink_without_delay</h4>
					<p>
						Result: <b>FAIL</b>
					</p>
					<pre class="pre-scrollable">/home/ec2-user/arduino-testlib/cli-datadir/user/libraries/leOS2/leOS2.cpp:8:21: fatal error: avr/wdt.h: No such file or directory
compilation terminated.

</pre>
					
					<h4>examples/leOS2_immediate_start</h4>
					<p>
						Result: <b>FAIL</b>
					</p>
					<pre class="pre-scrollable">/home/ec2-user/arduino-testlib/cli-datadir/user/libraries/leOS2/leOS2.cpp:8:21: fatal error: avr/wdt.h: No such file or directory
compilation terminated.

</pre>
					
					<h4>examples/leOS2_manage_scheduler</h4>
					<p>
						Result: <b>FAIL</b>
					</p>
					<pre class="pre-scrollable">/home/ec2-user/arduino-testlib/cli-datadir/user/libraries/leOS2/leOS2.cpp:8:21: fatal error: avr/wdt.h: No such file or directory
compilation terminated.

</pre>
					
					<h4>examples/leOS2_reset_after_timeout</h4>
					<p>
						Result: <b>FAIL</b>
					</p>
					<pre class="pre-scrollable">/home/ec2-user/arduino-testlib/cli-datadir/user/libraries/leOS2/leOS2.cpp:8:21: fatal error: avr/wdt.h: No such file or directory
compilation terminated.

</pre>
					
					<h4>examples/leOS2_serial_into_a_task</h4>
					<p>
						Result: <b>FAIL</b>
					</p>
					<pre class="pre-scrollable">/home/ec2-user/arduino-testlib/cli-datadir/user/libraries/leOS2/leOS2.cpp:8:21: fatal error: avr/wdt.h: No such file or directory
compilation terminated.

</pre>
					
					<h4>examples/leOS2_use_of_reset</h4>
					<p>
						Result: <b>FAIL</b>
					</p>
					<pre class="pre-scrollable">/home/ec2-user/arduino-testlib/cli-datadir/user/libraries/leOS2/leOS2.cpp:8:21: fatal error: avr/wdt.h: No such file or directory
compilation terminated.

</pre>
					
				
			</div>
		</div>
	</div>
  </body>
</html>
