
<!doctype html>
<html lang="en">
  <head>
    <meta charset="utf-8">
    <meta name="viewport" content="width=device-width, initial-scale=1">
    <link href="https://cdn.jsdelivr.net/npm/bootstrap@5.0.2/dist/css/bootstrap.min.css" rel="stylesheet" integrity="sha384-EVSTQN3/azprG1Anm3QDgpJLIm9Nao0Yz1ztcQTwFspd3yD65VohhpuuCOmLASjC" crossorigin="anonymous">
    <title>arduino-testlib report</title>
	<style>
	.pass { background-color: #00FF00 !important; }
	.fail { background-color: #FF0000 !important; }
	</style>
  </head>
  <body>
	<div class="container">
		<div class="row">
			<div class="col">
				<h1>LibEstacionamiento - compatibility matrix</h1>
				<p>
					<small>This report was generated on Wednesday, 23-Feb-22 22:48:15 CET using 
					<a href="https://github.com/alranel/arduino-testlib">arduino-testlib</a>.</small>
				</p>

				<h2>LibEstacionamiento</h2>
				<p>
					Version: <b>1.1.0</b>
					<br />
					<a href="https://www.arduino.cc/reference/en/libraries/libestacionamiento/">More details</a>
				</p>

				<h2>Compatibility matrix</h2>
				<table class="table table-bordered">
					<tr>
						<th>Board</th>
						<th>Claims compatibility</th>
						<th>Inclusion</th>
						
						<th><pre>Sensor_de_Barrera</pre></th>
						
						<th><pre>Barreras</pre></th>
						
						<th><pre>Ingreso_de_Numeros</pre></th>
						
						<th><pre>Luces_Autos</pre></th>
						
						<th><pre>Pulsador</pre></th>
						
						<th><pre>Sensor_de_Auto</pre></th>
						
					</tr>
					
					<tr>
						<td>
							<a href="#arduino%3aavr%3auno"><b>arduino:avr:uno</b></a>
							<br />
							<small>1.8.4</small>
						</td>

						
							<td>Yes</td>
							<td class="pass">PASS</td>
						
						
						
						

						
							
								
									
										
									
										
									
										
									
										
									
										
									
										
											<td class="pass">PASS</td>
											
										
									
								
							
								
							
								
							
								
							
								
							
						
							
								
									
										
											<td class="pass">PASS</td>
											
										
									
										
									
										
									
										
									
										
									
										
									
								
							
								
							
								
							
								
							
								
							
						
							
								
									
										
									
										
											<td class="pass">PASS</td>
											
										
									
										
									
										
									
										
									
										
									
								
							
								
							
								
							
								
							
								
							
						
							
								
									
										
									
										
									
										
											<td class="pass">PASS</td>
											
										
									
										
									
										
									
										
									
								
							
								
							
								
							
								
							
								
							
						
							
								
									
										
									
										
									
										
									
										
											<td class="pass">PASS</td>
											
										
									
										
									
										
									
								
							
								
							
								
							
								
							
								
							
						
							
								
									
										
									
										
									
										
									
										
									
										
											<td class="pass">PASS</td>
											
										
									
										
									
								
							
								
							
								
							
								
							
								
							
						
					</tr>
					
					<tr>
						<td>
							<a href="#arduino%3ambed_nano%3ananorp2040connect"><b>arduino:mbed_nano:nanorp2040connect</b></a>
							<br />
							<small>2.7.2</small>
						</td>

						
						
						
							<td>Yes ⚠️</td>
							<td class="fail">FAIL</td>
						
						

						
							
								
							
								
									
										
									
										
									
										
									
										
									
										
									
										
											
											<td class="fail">FAIL</td>
										
									
								
							
								
							
								
							
								
							
						
							
								
							
								
									
										
											
											<td class="fail">FAIL</td>
										
									
										
									
										
									
										
									
										
									
										
									
								
							
								
							
								
							
								
							
						
							
								
							
								
									
										
									
										
											
											<td class="fail">FAIL</td>
										
									
										
									
										
									
										
									
										
									
								
							
								
							
								
							
								
							
						
							
								
							
								
									
										
									
										
									
										
											
											<td class="fail">FAIL</td>
										
									
										
									
										
									
										
									
								
							
								
							
								
							
								
							
						
							
								
							
								
									
										
									
										
									
										
									
										
											
											<td class="fail">FAIL</td>
										
									
										
									
										
									
								
							
								
							
								
							
								
							
						
							
								
							
								
									
										
									
										
									
										
									
										
									
										
											
											<td class="fail">FAIL</td>
										
									
										
									
								
							
								
							
								
							
								
							
						
					</tr>
					
					<tr>
						<td>
							<a href="#arduino%3amegaavr%3anona4809"><b>arduino:megaavr:nona4809</b></a>
							<br />
							<small>1.8.7</small>
						</td>

						
							<td>Yes</td>
							<td class="pass">PASS</td>
						
						
						
						

						
							
								
							
								
							
								
									
										
									
										
									
										
									
										
									
										
									
										
											<td class="pass">PASS</td>
											
										
									
								
							
								
							
								
							
						
							
								
							
								
							
								
									
										
											<td class="pass">PASS</td>
											
										
									
										
									
										
									
										
									
										
									
										
									
								
							
								
							
								
							
						
							
								
							
								
							
								
									
										
									
										
											<td class="pass">PASS</td>
											
										
									
										
									
										
									
										
									
										
									
								
							
								
							
								
							
						
							
								
							
								
							
								
									
										
									
										
									
										
											<td class="pass">PASS</td>
											
										
									
										
									
										
									
										
									
								
							
								
							
								
							
						
							
								
							
								
							
								
									
										
									
										
									
										
									
										
											<td class="pass">PASS</td>
											
										
									
										
									
										
									
								
							
								
							
								
							
						
							
								
							
								
							
								
									
										
									
										
									
										
									
										
									
										
											<td class="pass">PASS</td>
											
										
									
										
									
								
							
								
							
								
							
						
					</tr>
					
					<tr>
						<td>
							<a href="#arduino%3asamd%3amkrwifi1010"><b>arduino:samd:mkrwifi1010</b></a>
							<br />
							<small>1.8.12</small>
						</td>

						
							<td>Yes</td>
							<td class="pass">PASS</td>
						
						
						
						

						
							
								
							
								
							
								
							
								
									
										
									
										
									
										
									
										
									
										
									
										
											<td class="pass">PASS</td>
											
										
									
								
							
								
							
						
							
								
							
								
							
								
							
								
									
										
											<td class="pass">PASS</td>
											
										
									
										
									
										
									
										
									
										
									
										
									
								
							
								
							
						
							
								
							
								
							
								
							
								
									
										
									
										
											<td class="pass">PASS</td>
											
										
									
										
									
										
									
										
									
										
									
								
							
								
							
						
							
								
							
								
							
								
							
								
									
										
									
										
									
										
											<td class="pass">PASS</td>
											
										
									
										
									
										
									
										
									
								
							
								
							
						
							
								
							
								
							
								
							
								
									
										
									
										
									
										
									
										
											<td class="pass">PASS</td>
											
										
									
										
									
										
									
								
							
								
							
						
							
								
							
								
							
								
							
								
									
										
									
										
									
										
									
										
									
										
											<td class="pass">PASS</td>
											
										
									
										
									
								
							
								
							
						
					</tr>
					
					<tr>
						<td>
							<a href="#esp32%3aesp32%3ad1_mini32"><b>esp32:esp32:d1_mini32</b></a>
							<br />
							<small>1.0.6</small>
						</td>

						
						
						
							<td>Yes ⚠️</td>
							<td class="fail">FAIL</td>
						
						

						
							
								
							
								
							
								
							
								
							
								
									
										
									
										
									
										
									
										
									
										
									
										
											
											<td class="fail">FAIL</td>
										
									
								
							
						
							
								
							
								
							
								
							
								
							
								
									
										
											
											<td class="fail">FAIL</td>
										
									
										
									
										
									
										
									
										
									
										
									
								
							
						
							
								
							
								
							
								
							
								
							
								
									
										
									
										
											
											<td class="fail">FAIL</td>
										
									
										
									
										
									
										
									
										
									
								
							
						
							
								
							
								
							
								
							
								
							
								
									
										
									
										
									
										
											
											<td class="fail">FAIL</td>
										
									
										
									
										
									
										
									
								
							
						
							
								
							
								
							
								
							
								
							
								
									
										
									
										
									
										
									
										
											
											<td class="fail">FAIL</td>
										
									
										
									
										
									
								
							
						
							
								
							
								
							
								
							
								
							
								
									
										
									
										
									
										
									
										
									
										
											
											<td class="fail">FAIL</td>
										
									
										
									
								
							
						
					</tr>
					
				</table>

				<h2>Compilation logs</h2>
				
				<h3 id="arduino:avr:uno">arduino:avr:uno @ 1.8.4</h3>
				<h4>Inclusion</h4>
				<p>
					Result: <b>PASS</b>
					
				</p>
				<pre class="pre-scrollable">Sketch uses 2468 bytes (7%) of program storage space. Maximum is 32256 bytes.
Global variables use 258 bytes (12%) of dynamic memory, leaving 1790 bytes for local variables. Maximum is 2048 bytes.
</pre>

					
					<h4>examples/Barreras</h4>
					<p>
						Result: <b>PASS</b>
					</p>
					<pre class="pre-scrollable">Sketch uses 3588 bytes (11%) of program storage space. Maximum is 32256 bytes.
Global variables use 258 bytes (12%) of dynamic memory, leaving 1790 bytes for local variables. Maximum is 2048 bytes.
</pre>
					
					<h4>examples/Ingreso_de_Numeros</h4>
					<p>
						Result: <b>PASS</b>
					</p>
					<pre class="pre-scrollable">Sketch uses 4594 bytes (14%) of program storage space. Maximum is 32256 bytes.
Global variables use 314 bytes (15%) of dynamic memory, leaving 1734 bytes for local variables. Maximum is 2048 bytes.
</pre>
					
					<h4>examples/Luces_Autos</h4>
					<p>
						Result: <b>PASS</b>
					</p>
					<pre class="pre-scrollable">Sketch uses 2932 bytes (9%) of program storage space. Maximum is 32256 bytes.
Global variables use 258 bytes (12%) of dynamic memory, leaving 1790 bytes for local variables. Maximum is 2048 bytes.
</pre>
					
					<h4>examples/Pulsador</h4>
					<p>
						Result: <b>PASS</b>
					</p>
					<pre class="pre-scrollable">Sketch uses 2976 bytes (9%) of program storage space. Maximum is 32256 bytes.
Global variables use 352 bytes (17%) of dynamic memory, leaving 1696 bytes for local variables. Maximum is 2048 bytes.
</pre>
					
					<h4>examples/Sensor_de_Auto</h4>
					<p>
						Result: <b>PASS</b>
					</p>
					<pre class="pre-scrollable">Sketch uses 3246 bytes (10%) of program storage space. Maximum is 32256 bytes.
Global variables use 506 bytes (24%) of dynamic memory, leaving 1542 bytes for local variables. Maximum is 2048 bytes.
</pre>
					
					<h4>examples/Sensor_de_Barrera</h4>
					<p>
						Result: <b>PASS</b>
					</p>
					<pre class="pre-scrollable">Sketch uses 3090 bytes (9%) of program storage space. Maximum is 32256 bytes.
Global variables use 408 bytes (19%) of dynamic memory, leaving 1640 bytes for local variables. Maximum is 2048 bytes.
</pre>
					
				
				<h3 id="arduino:mbed_nano:nanorp2040connect">arduino:mbed_nano:nanorp2040connect @ 2.7.2</h3>
				<h4>Inclusion</h4>
				<p>
					Result: <b>FAIL</b>
					
				</p>
				<pre class="pre-scrollable">In file included from /tmp/arduino-testlib3985819662/test/test.ino:1:0:
In function &#39;void __static_initialization_and_destruction_0(int, int)&#39;,
    inlined from &#39;(static initializers for /tmp/arduino-testlib3985819662/test/test.ino)&#39; at /tmp/arduino-testlib3985819662/test/test.ino:3:14:
/home/ec2-user/arduino-testlib/cli-datadir/user/libraries/LibEstacionamiento/src/LibEstacionamiento.h:28:24: error: call to &#39;NinaPin::operator int&#39; declared with attribute error: Change me to a #define
 const int pin_Verde3 = A5;
                        ^~
/home/ec2-user/arduino-testlib/cli-datadir/user/libraries/LibEstacionamiento/src/LibEstacionamiento.h:48:26: error: call to &#39;NinaPin::operator int&#39; declared with attribute error: Change me to a #define
 const int pin_Pulsador = A4;
                          ^~
Multiple libraries were found for &#34;Servo.h&#34;
  Used: /home/ec2-user/arduino-testlib/cli-datadir/user/libraries/Servo
  Not used: /home/ec2-user/arduino-testlib/cli-datadir/user/libraries/Printoo_Library
  Not used: /home/ec2-user/arduino-testlib/cli-datadir/user/libraries/RokitSmart
  Not used: /home/ec2-user/arduino-testlib/cli-datadir/user/libraries/ServoESP32
  Not used: /home/ec2-user/arduino-testlib/cli-datadir/user/libraries/XMC_Servo
  Not used: /home/ec2-user/arduino-testlib/cli-datadir/user/libraries/evive
</pre>

					
					<h4>examples/Barreras</h4>
					<p>
						Result: <b>FAIL</b>
					</p>
					<pre class="pre-scrollable">In file included from /home/ec2-user/arduino-testlib/cli-datadir/user/libraries/LibEstacionamiento/examples/Barreras/Barreras.ino:2:0:
In function &#39;void __static_initialization_and_destruction_0(int, int)&#39;,
    inlined from &#39;(static initializers for /home/ec2-user/arduino-testlib/cli-datadir/user/libraries/LibEstacionamiento/examples/Barreras/Barreras.ino)&#39; at /home/ec2-user/arduino-testlib/cli-datadir/user/libraries/LibEstacionamiento/examples/Barreras/Barreras.ino:37:1:
/home/ec2-user/arduino-testlib/cli-datadir/user/libraries/LibEstacionamiento/src/LibEstacionamiento.h:28:24: error: call to &#39;NinaPin::operator int&#39; declared with attribute error: Change me to a #define
 const int pin_Verde3 = A5;
                        ^~
/home/ec2-user/arduino-testlib/cli-datadir/user/libraries/LibEstacionamiento/src/LibEstacionamiento.h:48:26: error: call to &#39;NinaPin::operator int&#39; declared with attribute error: Change me to a #define
 const int pin_Pulsador = A4;
                          ^~
Multiple libraries were found for &#34;Servo.h&#34;
  Used: /home/ec2-user/arduino-testlib/cli-datadir/user/libraries/Servo
  Not used: /home/ec2-user/arduino-testlib/cli-datadir/user/libraries/evive
  Not used: /home/ec2-user/arduino-testlib/cli-datadir/user/libraries/ServoESP32
  Not used: /home/ec2-user/arduino-testlib/cli-datadir/user/libraries/XMC_Servo
  Not used: /home/ec2-user/arduino-testlib/cli-datadir/user/libraries/Printoo_Library
  Not used: /home/ec2-user/arduino-testlib/cli-datadir/user/libraries/RokitSmart
</pre>
					
					<h4>examples/Ingreso_de_Numeros</h4>
					<p>
						Result: <b>FAIL</b>
					</p>
					<pre class="pre-scrollable">In file included from /home/ec2-user/arduino-testlib/cli-datadir/user/libraries/LibEstacionamiento/examples/Ingreso_de_Numeros/Ingreso_de_Numeros.ino:2:0:
In function &#39;void __static_initialization_and_destruction_0(int, int)&#39;,
    inlined from &#39;(static initializers for /home/ec2-user/arduino-testlib/cli-datadir/user/libraries/LibEstacionamiento/examples/Ingreso_de_Numeros/Ingreso_de_Numeros.ino)&#39; at /home/ec2-user/arduino-testlib/cli-datadir/user/libraries/LibEstacionamiento/examples/Ingreso_de_Numeros/Ingreso_de_Numeros.ino:22:1:
/home/ec2-user/arduino-testlib/cli-datadir/user/libraries/LibEstacionamiento/src/LibEstacionamiento.h:28:24: error: call to &#39;NinaPin::operator int&#39; declared with attribute error: Change me to a #define
 const int pin_Verde3 = A5;
                        ^~
/home/ec2-user/arduino-testlib/cli-datadir/user/libraries/LibEstacionamiento/src/LibEstacionamiento.h:48:26: error: call to &#39;NinaPin::operator int&#39; declared with attribute error: Change me to a #define
 const int pin_Pulsador = A4;
                          ^~
Multiple libraries were found for &#34;Servo.h&#34;
  Used: /home/ec2-user/arduino-testlib/cli-datadir/user/libraries/Servo
  Not used: /home/ec2-user/arduino-testlib/cli-datadir/user/libraries/Printoo_Library
  Not used: /home/ec2-user/arduino-testlib/cli-datadir/user/libraries/XMC_Servo
  Not used: /home/ec2-user/arduino-testlib/cli-datadir/user/libraries/RokitSmart
  Not used: /home/ec2-user/arduino-testlib/cli-datadir/user/libraries/ServoESP32
  Not used: /home/ec2-user/arduino-testlib/cli-datadir/user/libraries/evive
</pre>
					
					<h4>examples/Luces_Autos</h4>
					<p>
						Result: <b>FAIL</b>
					</p>
					<pre class="pre-scrollable">In file included from /home/ec2-user/arduino-testlib/cli-datadir/user/libraries/LibEstacionamiento/examples/Luces_Autos/Luces_Autos.ino:2:0:
In function &#39;void __static_initialization_and_destruction_0(int, int)&#39;,
    inlined from &#39;(static initializers for /home/ec2-user/arduino-testlib/cli-datadir/user/libraries/LibEstacionamiento/examples/Luces_Autos/Luces_Autos.ino)&#39; at /home/ec2-user/arduino-testlib/cli-datadir/user/libraries/LibEstacionamiento/examples/Luces_Autos/Luces_Autos.ino:39:1:
/home/ec2-user/arduino-testlib/cli-datadir/user/libraries/LibEstacionamiento/src/LibEstacionamiento.h:28:24: error: call to &#39;NinaPin::operator int&#39; declared with attribute error: Change me to a #define
 const int pin_Verde3 = A5;
                        ^~
/home/ec2-user/arduino-testlib/cli-datadir/user/libraries/LibEstacionamiento/src/LibEstacionamiento.h:48:26: error: call to &#39;NinaPin::operator int&#39; declared with attribute error: Change me to a #define
 const int pin_Pulsador = A4;
                          ^~
Multiple libraries were found for &#34;Servo.h&#34;
  Used: /home/ec2-user/arduino-testlib/cli-datadir/user/libraries/Servo
  Not used: /home/ec2-user/arduino-testlib/cli-datadir/user/libraries/Printoo_Library
  Not used: /home/ec2-user/arduino-testlib/cli-datadir/user/libraries/evive
  Not used: /home/ec2-user/arduino-testlib/cli-datadir/user/libraries/RokitSmart
  Not used: /home/ec2-user/arduino-testlib/cli-datadir/user/libraries/XMC_Servo
  Not used: /home/ec2-user/arduino-testlib/cli-datadir/user/libraries/ServoESP32
</pre>
					
					<h4>examples/Pulsador</h4>
					<p>
						Result: <b>FAIL</b>
					</p>
					<pre class="pre-scrollable">In file included from /home/ec2-user/arduino-testlib/cli-datadir/user/libraries/LibEstacionamiento/examples/Pulsador/Pulsador.ino:2:0:
In function &#39;void __static_initialization_and_destruction_0(int, int)&#39;,
    inlined from &#39;(static initializers for /home/ec2-user/arduino-testlib/cli-datadir/user/libraries/LibEstacionamiento/examples/Pulsador/Pulsador.ino)&#39; at /home/ec2-user/arduino-testlib/cli-datadir/user/libraries/LibEstacionamiento/examples/Pulsador/Pulsador.ino:27:1:
/home/ec2-user/arduino-testlib/cli-datadir/user/libraries/LibEstacionamiento/src/LibEstacionamiento.h:28:24: error: call to &#39;NinaPin::operator int&#39; declared with attribute error: Change me to a #define
 const int pin_Verde3 = A5;
                        ^~
/home/ec2-user/arduino-testlib/cli-datadir/user/libraries/LibEstacionamiento/src/LibEstacionamiento.h:48:26: error: call to &#39;NinaPin::operator int&#39; declared with attribute error: Change me to a #define
 const int pin_Pulsador = A4;
                          ^~
Multiple libraries were found for &#34;Servo.h&#34;
  Used: /home/ec2-user/arduino-testlib/cli-datadir/user/libraries/Servo
  Not used: /home/ec2-user/arduino-testlib/cli-datadir/user/libraries/XMC_Servo
  Not used: /home/ec2-user/arduino-testlib/cli-datadir/user/libraries/evive
  Not used: /home/ec2-user/arduino-testlib/cli-datadir/user/libraries/RokitSmart
  Not used: /home/ec2-user/arduino-testlib/cli-datadir/user/libraries/Printoo_Library
  Not used: /home/ec2-user/arduino-testlib/cli-datadir/user/libraries/ServoESP32
</pre>
					
					<h4>examples/Sensor_de_Auto</h4>
					<p>
						Result: <b>FAIL</b>
					</p>
					<pre class="pre-scrollable">In file included from /home/ec2-user/arduino-testlib/cli-datadir/user/libraries/LibEstacionamiento/examples/Sensor_de_Auto/Sensor_de_Auto.ino:2:0:
In function &#39;void __static_initialization_and_destruction_0(int, int)&#39;,
    inlined from &#39;(static initializers for /home/ec2-user/arduino-testlib/cli-datadir/user/libraries/LibEstacionamiento/examples/Sensor_de_Auto/Sensor_de_Auto.ino)&#39; at /home/ec2-user/arduino-testlib/cli-datadir/user/libraries/LibEstacionamiento/examples/Sensor_de_Auto/Sensor_de_Auto.ino:65:1:
/home/ec2-user/arduino-testlib/cli-datadir/user/libraries/LibEstacionamiento/src/LibEstacionamiento.h:28:24: error: call to &#39;NinaPin::operator int&#39; declared with attribute error: Change me to a #define
 const int pin_Verde3 = A5;
                        ^~
/home/ec2-user/arduino-testlib/cli-datadir/user/libraries/LibEstacionamiento/src/LibEstacionamiento.h:48:26: error: call to &#39;NinaPin::operator int&#39; declared with attribute error: Change me to a #define
 const int pin_Pulsador = A4;
                          ^~
Multiple libraries were found for &#34;Servo.h&#34;
  Used: /home/ec2-user/arduino-testlib/cli-datadir/user/libraries/Servo
  Not used: /home/ec2-user/arduino-testlib/cli-datadir/user/libraries/Printoo_Library
  Not used: /home/ec2-user/arduino-testlib/cli-datadir/user/libraries/RokitSmart
  Not used: /home/ec2-user/arduino-testlib/cli-datadir/user/libraries/evive
  Not used: /home/ec2-user/arduino-testlib/cli-datadir/user/libraries/ServoESP32
  Not used: /home/ec2-user/arduino-testlib/cli-datadir/user/libraries/XMC_Servo
</pre>
					
					<h4>examples/Sensor_de_Barrera</h4>
					<p>
						Result: <b>FAIL</b>
					</p>
					<pre class="pre-scrollable">In file included from /home/ec2-user/arduino-testlib/cli-datadir/user/libraries/LibEstacionamiento/examples/Sensor_de_Barrera/Sensor_de_Barrera.ino:2:0:
In function &#39;void __static_initialization_and_destruction_0(int, int)&#39;,
    inlined from &#39;(static initializers for /home/ec2-user/arduino-testlib/cli-datadir/user/libraries/LibEstacionamiento/examples/Sensor_de_Barrera/Sensor_de_Barrera.ino)&#39; at /home/ec2-user/arduino-testlib/cli-datadir/user/libraries/LibEstacionamiento/examples/Sensor_de_Barrera/Sensor_de_Barrera.ino:42:1:
/home/ec2-user/arduino-testlib/cli-datadir/user/libraries/LibEstacionamiento/src/LibEstacionamiento.h:28:24: error: call to &#39;NinaPin::operator int&#39; declared with attribute error: Change me to a #define
 const int pin_Verde3 = A5;
                        ^~
/home/ec2-user/arduino-testlib/cli-datadir/user/libraries/LibEstacionamiento/src/LibEstacionamiento.h:48:26: error: call to &#39;NinaPin::operator int&#39; declared with attribute error: Change me to a #define
 const int pin_Pulsador = A4;
                          ^~
Multiple libraries were found for &#34;Servo.h&#34;
  Used: /home/ec2-user/arduino-testlib/cli-datadir/user/libraries/Servo
  Not used: /home/ec2-user/arduino-testlib/cli-datadir/user/libraries/ServoESP32
  Not used: /home/ec2-user/arduino-testlib/cli-datadir/user/libraries/RokitSmart
  Not used: /home/ec2-user/arduino-testlib/cli-datadir/user/libraries/Printoo_Library
  Not used: /home/ec2-user/arduino-testlib/cli-datadir/user/libraries/XMC_Servo
  Not used: /home/ec2-user/arduino-testlib/cli-datadir/user/libraries/evive
</pre>
					
				
				<h3 id="arduino:megaavr:nona4809">arduino:megaavr:nona4809 @ 1.8.7</h3>
				<h4>Inclusion</h4>
				<p>
					Result: <b>PASS</b>
					
				</p>
				<pre class="pre-scrollable">Sketch uses 3564 bytes (7%) of program storage space. Maximum is 49152 bytes.
Global variables use 251 bytes (4%) of dynamic memory, leaving 5893 bytes for local variables. Maximum is 6144 bytes.
</pre>

					
					<h4>examples/Barreras</h4>
					<p>
						Result: <b>PASS</b>
					</p>
					<pre class="pre-scrollable">Sketch uses 4430 bytes (9%) of program storage space. Maximum is 49152 bytes.
Global variables use 251 bytes (4%) of dynamic memory, leaving 5893 bytes for local variables. Maximum is 6144 bytes.
</pre>
					
					<h4>examples/Ingreso_de_Numeros</h4>
					<p>
						Result: <b>PASS</b>
					</p>
					<pre class="pre-scrollable">Sketch uses 5522 bytes (11%) of program storage space. Maximum is 49152 bytes.
Global variables use 263 bytes (4%) of dynamic memory, leaving 5881 bytes for local variables. Maximum is 6144 bytes.
</pre>
					
					<h4>examples/Luces_Autos</h4>
					<p>
						Result: <b>PASS</b>
					</p>
					<pre class="pre-scrollable">Sketch uses 3952 bytes (8%) of program storage space. Maximum is 49152 bytes.
Global variables use 251 bytes (4%) of dynamic memory, leaving 5893 bytes for local variables. Maximum is 6144 bytes.
</pre>
					
					<h4>examples/Pulsador</h4>
					<p>
						Result: <b>PASS</b>
					</p>
					<pre class="pre-scrollable">Sketch uses 3983 bytes (8%) of program storage space. Maximum is 49152 bytes.
Global variables use 251 bytes (4%) of dynamic memory, leaving 5893 bytes for local variables. Maximum is 6144 bytes.
</pre>
					
					<h4>examples/Sensor_de_Auto</h4>
					<p>
						Result: <b>PASS</b>
					</p>
					<pre class="pre-scrollable">Sketch uses 4265 bytes (8%) of program storage space. Maximum is 49152 bytes.
Global variables use 251 bytes (4%) of dynamic memory, leaving 5893 bytes for local variables. Maximum is 6144 bytes.
</pre>
					
					<h4>examples/Sensor_de_Barrera</h4>
					<p>
						Result: <b>PASS</b>
					</p>
					<pre class="pre-scrollable">Sketch uses 4102 bytes (8%) of program storage space. Maximum is 49152 bytes.
Global variables use 251 bytes (4%) of dynamic memory, leaving 5893 bytes for local variables. Maximum is 6144 bytes.
</pre>
					
				
				<h3 id="arduino:samd:mkrwifi1010">arduino:samd:mkrwifi1010 @ 1.8.12</h3>
				<h4>Inclusion</h4>
				<p>
					Result: <b>PASS</b>
					
				</p>
				<pre class="pre-scrollable">Sketch uses 12808 bytes (4%) of program storage space. Maximum is 262144 bytes.
Global variables use 3164 bytes (9%) of dynamic memory, leaving 29604 bytes for local variables. Maximum is 32768 bytes.
</pre>

					
					<h4>examples/Barreras</h4>
					<p>
						Result: <b>PASS</b>
					</p>
					<pre class="pre-scrollable">Sketch uses 13960 bytes (5%) of program storage space. Maximum is 262144 bytes.
Global variables use 3164 bytes (9%) of dynamic memory, leaving 29604 bytes for local variables. Maximum is 32768 bytes.
</pre>
					
					<h4>examples/Ingreso_de_Numeros</h4>
					<p>
						Result: <b>PASS</b>
					</p>
					<pre class="pre-scrollable">Sketch uses 14716 bytes (5%) of program storage space. Maximum is 262144 bytes.
Global variables use 3536 bytes (10%) of dynamic memory, leaving 29232 bytes for local variables. Maximum is 32768 bytes.
</pre>
					
					<h4>examples/Luces_Autos</h4>
					<p>
						Result: <b>PASS</b>
					</p>
					<pre class="pre-scrollable">Sketch uses 13064 bytes (4%) of program storage space. Maximum is 262144 bytes.
Global variables use 3164 bytes (9%) of dynamic memory, leaving 29604 bytes for local variables. Maximum is 32768 bytes.
</pre>
					
					<h4>examples/Pulsador</h4>
					<p>
						Result: <b>PASS</b>
					</p>
					<pre class="pre-scrollable">Sketch uses 13136 bytes (5%) of program storage space. Maximum is 262144 bytes.
Global variables use 3164 bytes (9%) of dynamic memory, leaving 29604 bytes for local variables. Maximum is 32768 bytes.
</pre>
					
					<h4>examples/Sensor_de_Auto</h4>
					<p>
						Result: <b>PASS</b>
					</p>
					<pre class="pre-scrollable">Sketch uses 13428 bytes (5%) of program storage space. Maximum is 262144 bytes.
Global variables use 3180 bytes (9%) of dynamic memory, leaving 29588 bytes for local variables. Maximum is 32768 bytes.
</pre>
					
					<h4>examples/Sensor_de_Barrera</h4>
					<p>
						Result: <b>PASS</b>
					</p>
					<pre class="pre-scrollable">Sketch uses 13252 bytes (5%) of program storage space. Maximum is 262144 bytes.
Global variables use 3180 bytes (9%) of dynamic memory, leaving 29588 bytes for local variables. Maximum is 32768 bytes.
</pre>
					
				
				<h3 id="esp32:esp32:d1_mini32">esp32:esp32:d1_mini32 @ 1.0.6</h3>
				<h4>Inclusion</h4>
				<p>
					Result: <b>FAIL</b>
					
				</p>
				<pre class="pre-scrollable">In file included from /tmp/arduino-testlib1985282218/test/test.ino:1:0:
/home/ec2-user/arduino-testlib/cli-datadir/user/libraries/LibEstacionamiento/src/LibEstacionamiento.h:41:31: error: &#39;A2&#39; was not declared in this scope
 const int pin_Sensor_Salida = A2;
                               ^
/home/ec2-user/arduino-testlib/cli-datadir/user/libraries/LibEstacionamiento/src/LibEstacionamiento.h:46:30: error: &#39;A1&#39; was not declared in this scope
 const int pin_Sensor_Auto4 = A1;
                              ^
Multiple libraries were found for &#34;Servo.h&#34;
  Used: /home/ec2-user/arduino-testlib/cli-datadir/user/libraries/ServoESP32
  Not used: /home/ec2-user/arduino-testlib/cli-datadir/user/libraries/Printoo_Library
  Not used: /home/ec2-user/arduino-testlib/cli-datadir/user/libraries/XMC_Servo
  Not used: /home/ec2-user/arduino-testlib/cli-datadir/user/libraries/evive
  Not used: /home/ec2-user/arduino-testlib/cli-datadir/user/libraries/RokitSmart
  Not used: /home/ec2-user/arduino-testlib/cli-datadir/user/libraries/Servo
</pre>

					
					<h4>examples/Barreras</h4>
					<p>
						Result: <b>FAIL</b>
					</p>
					<pre class="pre-scrollable">In file included from /home/ec2-user/arduino-testlib/cli-datadir/user/libraries/LibEstacionamiento/examples/Barreras/Barreras.ino:2:0:
/home/ec2-user/arduino-testlib/cli-datadir/user/libraries/LibEstacionamiento/src/LibEstacionamiento.h:41:31: error: &#39;A2&#39; was not declared in this scope
 const int pin_Sensor_Salida = A2;
                               ^
/home/ec2-user/arduino-testlib/cli-datadir/user/libraries/LibEstacionamiento/src/LibEstacionamiento.h:46:30: error: &#39;A1&#39; was not declared in this scope
 const int pin_Sensor_Auto4 = A1;
                              ^
Multiple libraries were found for &#34;Servo.h&#34;
  Used: /home/ec2-user/arduino-testlib/cli-datadir/user/libraries/ServoESP32
  Not used: /home/ec2-user/arduino-testlib/cli-datadir/user/libraries/Printoo_Library
  Not used: /home/ec2-user/arduino-testlib/cli-datadir/user/libraries/RokitSmart
  Not used: /home/ec2-user/arduino-testlib/cli-datadir/user/libraries/Servo
  Not used: /home/ec2-user/arduino-testlib/cli-datadir/user/libraries/evive
  Not used: /home/ec2-user/arduino-testlib/cli-datadir/user/libraries/XMC_Servo
</pre>
					
					<h4>examples/Ingreso_de_Numeros</h4>
					<p>
						Result: <b>FAIL</b>
					</p>
					<pre class="pre-scrollable">In file included from /home/ec2-user/arduino-testlib/cli-datadir/user/libraries/LibEstacionamiento/examples/Ingreso_de_Numeros/Ingreso_de_Numeros.ino:2:0:
/home/ec2-user/arduino-testlib/cli-datadir/user/libraries/LibEstacionamiento/src/LibEstacionamiento.h:41:31: error: &#39;A2&#39; was not declared in this scope
 const int pin_Sensor_Salida = A2;
                               ^
/home/ec2-user/arduino-testlib/cli-datadir/user/libraries/LibEstacionamiento/src/LibEstacionamiento.h:46:30: error: &#39;A1&#39; was not declared in this scope
 const int pin_Sensor_Auto4 = A1;
                              ^
Multiple libraries were found for &#34;Servo.h&#34;
  Used: /home/ec2-user/arduino-testlib/cli-datadir/user/libraries/ServoESP32
  Not used: /home/ec2-user/arduino-testlib/cli-datadir/user/libraries/Servo
  Not used: /home/ec2-user/arduino-testlib/cli-datadir/user/libraries/Printoo_Library
  Not used: /home/ec2-user/arduino-testlib/cli-datadir/user/libraries/evive
  Not used: /home/ec2-user/arduino-testlib/cli-datadir/user/libraries/XMC_Servo
  Not used: /home/ec2-user/arduino-testlib/cli-datadir/user/libraries/RokitSmart
</pre>
					
					<h4>examples/Luces_Autos</h4>
					<p>
						Result: <b>FAIL</b>
					</p>
					<pre class="pre-scrollable">In file included from /home/ec2-user/arduino-testlib/cli-datadir/user/libraries/LibEstacionamiento/examples/Luces_Autos/Luces_Autos.ino:2:0:
/home/ec2-user/arduino-testlib/cli-datadir/user/libraries/LibEstacionamiento/src/LibEstacionamiento.h:41:31: error: &#39;A2&#39; was not declared in this scope
 const int pin_Sensor_Salida = A2;
                               ^
/home/ec2-user/arduino-testlib/cli-datadir/user/libraries/LibEstacionamiento/src/LibEstacionamiento.h:46:30: error: &#39;A1&#39; was not declared in this scope
 const int pin_Sensor_Auto4 = A1;
                              ^
Multiple libraries were found for &#34;Servo.h&#34;
  Used: /home/ec2-user/arduino-testlib/cli-datadir/user/libraries/ServoESP32
  Not used: /home/ec2-user/arduino-testlib/cli-datadir/user/libraries/XMC_Servo
  Not used: /home/ec2-user/arduino-testlib/cli-datadir/user/libraries/Printoo_Library
  Not used: /home/ec2-user/arduino-testlib/cli-datadir/user/libraries/RokitSmart
  Not used: /home/ec2-user/arduino-testlib/cli-datadir/user/libraries/Servo
  Not used: /home/ec2-user/arduino-testlib/cli-datadir/user/libraries/evive
</pre>
					
					<h4>examples/Pulsador</h4>
					<p>
						Result: <b>FAIL</b>
					</p>
					<pre class="pre-scrollable">In file included from /home/ec2-user/arduino-testlib/cli-datadir/user/libraries/LibEstacionamiento/examples/Pulsador/Pulsador.ino:2:0:
/home/ec2-user/arduino-testlib/cli-datadir/user/libraries/LibEstacionamiento/src/LibEstacionamiento.h:41:31: error: &#39;A2&#39; was not declared in this scope
 const int pin_Sensor_Salida = A2;
                               ^
/home/ec2-user/arduino-testlib/cli-datadir/user/libraries/LibEstacionamiento/src/LibEstacionamiento.h:46:30: error: &#39;A1&#39; was not declared in this scope
 const int pin_Sensor_Auto4 = A1;
                              ^
Multiple libraries were found for &#34;Servo.h&#34;
  Used: /home/ec2-user/arduino-testlib/cli-datadir/user/libraries/ServoESP32
  Not used: /home/ec2-user/arduino-testlib/cli-datadir/user/libraries/XMC_Servo
  Not used: /home/ec2-user/arduino-testlib/cli-datadir/user/libraries/Servo
  Not used: /home/ec2-user/arduino-testlib/cli-datadir/user/libraries/RokitSmart
  Not used: /home/ec2-user/arduino-testlib/cli-datadir/user/libraries/evive
  Not used: /home/ec2-user/arduino-testlib/cli-datadir/user/libraries/Printoo_Library
</pre>
					
					<h4>examples/Sensor_de_Auto</h4>
					<p>
						Result: <b>FAIL</b>
					</p>
					<pre class="pre-scrollable">In file included from /home/ec2-user/arduino-testlib/cli-datadir/user/libraries/LibEstacionamiento/examples/Sensor_de_Auto/Sensor_de_Auto.ino:2:0:
/home/ec2-user/arduino-testlib/cli-datadir/user/libraries/LibEstacionamiento/src/LibEstacionamiento.h:41:31: error: &#39;A2&#39; was not declared in this scope
 const int pin_Sensor_Salida = A2;
                               ^
/home/ec2-user/arduino-testlib/cli-datadir/user/libraries/LibEstacionamiento/src/LibEstacionamiento.h:46:30: error: &#39;A1&#39; was not declared in this scope
 const int pin_Sensor_Auto4 = A1;
                              ^
Multiple libraries were found for &#34;Servo.h&#34;
  Used: /home/ec2-user/arduino-testlib/cli-datadir/user/libraries/ServoESP32
  Not used: /home/ec2-user/arduino-testlib/cli-datadir/user/libraries/evive
  Not used: /home/ec2-user/arduino-testlib/cli-datadir/user/libraries/Printoo_Library
  Not used: /home/ec2-user/arduino-testlib/cli-datadir/user/libraries/XMC_Servo
  Not used: /home/ec2-user/arduino-testlib/cli-datadir/user/libraries/RokitSmart
  Not used: /home/ec2-user/arduino-testlib/cli-datadir/user/libraries/Servo
</pre>
					
					<h4>examples/Sensor_de_Barrera</h4>
					<p>
						Result: <b>FAIL</b>
					</p>
					<pre class="pre-scrollable">In file included from /home/ec2-user/arduino-testlib/cli-datadir/user/libraries/LibEstacionamiento/examples/Sensor_de_Barrera/Sensor_de_Barrera.ino:2:0:
/home/ec2-user/arduino-testlib/cli-datadir/user/libraries/LibEstacionamiento/src/LibEstacionamiento.h:41:31: error: &#39;A2&#39; was not declared in this scope
 const int pin_Sensor_Salida = A2;
                               ^
/home/ec2-user/arduino-testlib/cli-datadir/user/libraries/LibEstacionamiento/src/LibEstacionamiento.h:46:30: error: &#39;A1&#39; was not declared in this scope
 const int pin_Sensor_Auto4 = A1;
                              ^
Multiple libraries were found for &#34;Servo.h&#34;
  Used: /home/ec2-user/arduino-testlib/cli-datadir/user/libraries/ServoESP32
  Not used: /home/ec2-user/arduino-testlib/cli-datadir/user/libraries/XMC_Servo
  Not used: /home/ec2-user/arduino-testlib/cli-datadir/user/libraries/Printoo_Library
  Not used: /home/ec2-user/arduino-testlib/cli-datadir/user/libraries/evive
  Not used: /home/ec2-user/arduino-testlib/cli-datadir/user/libraries/Servo
  Not used: /home/ec2-user/arduino-testlib/cli-datadir/user/libraries/RokitSmart
</pre>
					
				
			</div>
		</div>
	</div>
  </body>
</html>
