
<!doctype html>
<html lang="en">
  <head>
    <meta charset="utf-8">
    <meta name="viewport" content="width=device-width, initial-scale=1">
    <link href="https://cdn.jsdelivr.net/npm/bootstrap@5.0.2/dist/css/bootstrap.min.css" rel="stylesheet" integrity="sha384-EVSTQN3/azprG1Anm3QDgpJLIm9Nao0Yz1ztcQTwFspd3yD65VohhpuuCOmLASjC" crossorigin="anonymous">
    <title>arduino-testlib report</title>
	<style>
	.pass { background-color: #00FF00 !important; }
	.fail { background-color: #FF0000 !important; }
	</style>
  </head>
  <body>
	<div class="container">
		<div class="row">
			<div class="col">
				<h1>LiveObjectsSDK - compatibility matrix</h1>
				<p>
					<small>This report was generated on Wednesday, 23-Feb-22 22:48:15 CET using 
					<a href="https://github.com/alranel/arduino-testlib">arduino-testlib</a>.</small>
				</p>

				<h2>LiveObjectsSDK</h2>
				<p>
					Version: <b>2.0.0</b>
					<br />
					<a href="https://www.arduino.cc/reference/en/libraries/liveobjectssdk/">More details</a>
				</p>

				<h2>Compatibility matrix</h2>
				<table class="table table-bordered">
					<tr>
						<th>Board</th>
						<th>Claims compatibility</th>
						<th>Inclusion</th>
						
						<th><pre>1_send_data</pre></th>
						
						<th><pre>2_simple_parameters</pre></th>
						
						<th><pre>3_Parameter_with_callback</pre></th>
						
						<th><pre>4_Simple_command</pre></th>
						
						<th><pre>5_Command_with_arguments</pre></th>
						
						<th><pre>6_sms_send_data</pre></th>
						
					</tr>
					
					<tr>
						<td>
							<a href="#arduino%3aavr%3auno"><b>arduino:avr:uno</b></a>
							<br />
							<small>1.8.4</small>
						</td>

						
						
						
							<td>Yes ⚠️</td>
							<td class="fail">FAIL</td>
						
						

						
							
								
									
										
											
											<td class="fail">FAIL</td>
										
									
										
									
										
									
										
									
										
									
										
									
								
							
								
							
								
							
								
							
								
							
						
							
								
									
										
									
										
											
											<td class="fail">FAIL</td>
										
									
										
									
										
									
										
									
										
									
								
							
								
							
								
							
								
							
								
							
						
							
								
									
										
									
										
									
										
											
											<td class="fail">FAIL</td>
										
									
										
									
										
									
										
									
								
							
								
							
								
							
								
							
								
							
						
							
								
									
										
									
										
									
										
									
										
											
											<td class="fail">FAIL</td>
										
									
										
									
										
									
								
							
								
							
								
							
								
							
								
							
						
							
								
									
										
									
										
									
										
									
										
									
										
											
											<td class="fail">FAIL</td>
										
									
										
									
								
							
								
							
								
							
								
							
								
							
						
							
								
									
										
									
										
									
										
									
										
									
										
									
										
											
											<td class="fail">FAIL</td>
										
									
								
							
								
							
								
							
								
							
								
							
						
					</tr>
					
					<tr>
						<td>
							<a href="#arduino%3ambed_nano%3ananorp2040connect"><b>arduino:mbed_nano:nanorp2040connect</b></a>
							<br />
							<small>2.7.2</small>
						</td>

						
						
						
							<td>Yes ⚠️</td>
							<td class="fail">FAIL</td>
						
						

						
							
								
							
								
									
										
											
											<td class="fail">FAIL</td>
										
									
										
									
										
									
										
									
										
									
										
									
								
							
								
							
								
							
								
							
						
							
								
							
								
									
										
									
										
											
											<td class="fail">FAIL</td>
										
									
										
									
										
									
										
									
										
									
								
							
								
							
								
							
								
							
						
							
								
							
								
									
										
									
										
									
										
											
											<td class="fail">FAIL</td>
										
									
										
									
										
									
										
									
								
							
								
							
								
							
								
							
						
							
								
							
								
									
										
									
										
									
										
									
										
											
											<td class="fail">FAIL</td>
										
									
										
									
										
									
								
							
								
							
								
							
								
							
						
							
								
							
								
									
										
									
										
									
										
									
										
									
										
											
											<td class="fail">FAIL</td>
										
									
										
									
								
							
								
							
								
							
								
							
						
							
								
							
								
									
										
									
										
									
										
									
										
									
										
									
										
											
											<td class="fail">FAIL</td>
										
									
								
							
								
							
								
							
								
							
						
					</tr>
					
					<tr>
						<td>
							<a href="#arduino%3amegaavr%3anona4809"><b>arduino:megaavr:nona4809</b></a>
							<br />
							<small>1.8.7</small>
						</td>

						
						
						
							<td>Yes ⚠️</td>
							<td class="fail">FAIL</td>
						
						

						
							
								
							
								
							
								
									
										
											
											<td class="fail">FAIL</td>
										
									
										
									
										
									
										
									
										
									
										
									
								
							
								
							
								
							
						
							
								
							
								
							
								
									
										
									
										
											
											<td class="fail">FAIL</td>
										
									
										
									
										
									
										
									
										
									
								
							
								
							
								
							
						
							
								
							
								
							
								
									
										
									
										
									
										
											
											<td class="fail">FAIL</td>
										
									
										
									
										
									
										
									
								
							
								
							
								
							
						
							
								
							
								
							
								
									
										
									
										
									
										
									
										
											
											<td class="fail">FAIL</td>
										
									
										
									
										
									
								
							
								
							
								
							
						
							
								
							
								
							
								
									
										
									
										
									
										
									
										
									
										
											
											<td class="fail">FAIL</td>
										
									
										
									
								
							
								
							
								
							
						
							
								
							
								
							
								
									
										
									
										
									
										
									
										
									
										
									
										
											
											<td class="fail">FAIL</td>
										
									
								
							
								
							
								
							
						
					</tr>
					
					<tr>
						<td>
							<a href="#arduino%3asamd%3amkrwifi1010"><b>arduino:samd:mkrwifi1010</b></a>
							<br />
							<small>1.8.12</small>
						</td>

						
						
						
							<td>Yes ⚠️</td>
							<td class="fail">FAIL</td>
						
						

						
							
								
							
								
							
								
							
								
									
										
											<td class="pass">PASS</td>
											
										
									
										
									
										
									
										
									
										
									
										
									
								
							
								
							
						
							
								
							
								
							
								
							
								
									
										
									
										
											<td class="pass">PASS</td>
											
										
									
										
									
										
									
										
									
										
									
								
							
								
							
						
							
								
							
								
							
								
							
								
									
										
									
										
									
										
											<td class="pass">PASS</td>
											
										
									
										
									
										
									
										
									
								
							
								
							
						
							
								
							
								
							
								
							
								
									
										
									
										
									
										
									
										
											<td class="pass">PASS</td>
											
										
									
										
									
										
									
								
							
								
							
						
							
								
							
								
							
								
							
								
									
										
									
										
									
										
									
										
									
										
											<td class="pass">PASS</td>
											
										
									
										
									
								
							
								
							
						
							
								
							
								
							
								
							
								
									
										
									
										
									
										
									
										
									
										
									
										
											<td class="pass">PASS</td>
											
										
									
								
							
								
							
						
					</tr>
					
					<tr>
						<td>
							<a href="#esp32%3aesp32%3ad1_mini32"><b>esp32:esp32:d1_mini32</b></a>
							<br />
							<small>1.0.6</small>
						</td>

						
						
						
							<td>Yes ⚠️</td>
							<td class="fail">FAIL</td>
						
						

						
							
								
							
								
							
								
							
								
							
								
									
										
											<td class="pass">PASS</td>
											
										
									
										
									
										
									
										
									
										
									
										
									
								
							
						
							
								
							
								
							
								
							
								
							
								
									
										
									
										
											<td class="pass">PASS</td>
											
										
									
										
									
										
									
										
									
										
									
								
							
						
							
								
							
								
							
								
							
								
							
								
									
										
									
										
									
										
											<td class="pass">PASS</td>
											
										
									
										
									
										
									
										
									
								
							
						
							
								
							
								
							
								
							
								
							
								
									
										
									
										
									
										
									
										
											<td class="pass">PASS</td>
											
										
									
										
									
										
									
								
							
						
							
								
							
								
							
								
							
								
							
								
									
										
									
										
									
										
									
										
									
										
											<td class="pass">PASS</td>
											
										
									
										
									
								
							
						
							
								
							
								
							
								
							
								
							
								
									
										
									
										
									
										
									
										
									
										
									
										
											<td class="pass">PASS</td>
											
										
									
								
							
						
					</tr>
					
				</table>

				<h2>Compilation logs</h2>
				
				<h3 id="arduino:avr:uno">arduino:avr:uno @ 1.8.4</h3>
				<h4>Inclusion</h4>
				<p>
					Result: <b>FAIL</b>
					
					<br />This library has no main header file so an empty one was created.
					
				</p>
				<pre class="pre-scrollable">In file included from /tmp/arduino-testlib2050300515/test/test.ino:1:0:
/home/ec2-user/arduino-testlib/cli-datadir/user/libraries/LiveObjectsSDK/src/LiveObjects.h:87:8: error: &#39;LiveObjects&#39; does not name a type
 extern LiveObjects&amp; lo;
        ^~~~~~~~~~~
Multiple libraries were found for &#34;ArduinoJson.h&#34;
  Used: /home/ec2-user/arduino-testlib/cli-datadir/user/libraries/ArduinoJson
  Not used: /home/ec2-user/arduino-testlib/cli-datadir/user/libraries/Antares_ESP8266_MQTT
  Not used: /home/ec2-user/arduino-testlib/cli-datadir/user/libraries/ThingESP
  Not used: /home/ec2-user/arduino-testlib/cli-datadir/user/libraries/CMMC_MQTT_Connector
  Not used: /home/ec2-user/arduino-testlib/cli-datadir/user/libraries/AllThingsTalk_LTE-M_SDK
  Not used: /home/ec2-user/arduino-testlib/cli-datadir/user/libraries/CoogleIOT
  Not used: /home/ec2-user/arduino-testlib/cli-datadir/user/libraries/ThingsIoT
  Not used: /home/ec2-user/arduino-testlib/cli-datadir/user/libraries/Antares_ESP8266_HTTP
  Not used: /home/ec2-user/arduino-testlib/cli-datadir/user/libraries/BaleMessengerBot_Arduino
Multiple libraries were found for &#34;SoftwareSerial.h&#34;
  Used: /home/ec2-user/arduino-testlib/cli-datadir/data/packages/arduino/hardware/avr/1.8.4/libraries/SoftwareSerial
  Not used: /home/ec2-user/arduino-testlib/cli-datadir/user/libraries/EspSoftwareSerial
  Not used: /home/ec2-user/arduino-testlib/cli-datadir/user/libraries/Printoo_Library
  Not used: /home/ec2-user/arduino-testlib/cli-datadir/user/libraries/Dabble
</pre>

					
					<h4>examples/1_send_data</h4>
					<p>
						Result: <b>FAIL</b>
					</p>
					<pre class="pre-scrollable">In file included from /home/ec2-user/arduino-testlib/cli-datadir/user/libraries/LiveObjectsSDK/examples/1_send_data/1_send_data.ino:5:0:
/home/ec2-user/arduino-testlib/cli-datadir/user/libraries/LiveObjectsSDK/src/LiveObjects.h:87:8: error: &#39;LiveObjects&#39; does not name a type
 extern LiveObjects&amp; lo;
        ^~~~~~~~~~~
/home/ec2-user/arduino-testlib/cli-datadir/user/libraries/LiveObjectsSDK/examples/1_send_data/1_send_data.ino: In function &#39;void setup()&#39;:
/home/ec2-user/arduino-testlib/cli-datadir/user/libraries/LiveObjectsSDK/examples/1_send_data/1_send_data.ino:19:16: error: &#39;SW_REVISION&#39; was not declared in this scope
   Serial.print(SW_REVISION);
                ^~~~~~~~~~~
/home/ec2-user/arduino-testlib/cli-datadir/user/libraries/LiveObjectsSDK/examples/1_send_data/1_send_data.ino:21:3: error: &#39;lo&#39; was not declared in this scope
   lo.setSecurity(TLS);
   ^~
/home/ec2-user/arduino-testlib/cli-datadir/user/libraries/LiveObjectsSDK/examples/1_send_data/1_send_data.ino:21:3: note: suggested alternative: &#39;log&#39;
   lo.setSecurity(TLS);
   ^~
   log
/home/ec2-user/arduino-testlib/cli-datadir/user/libraries/LiveObjectsSDK/examples/1_send_data/1_send_data.ino:21:18: error: &#39;TLS&#39; was not declared in this scope
   lo.setSecurity(TLS);
                  ^~~
/home/ec2-user/arduino-testlib/cli-datadir/user/libraries/LiveObjectsSDK/examples/1_send_data/1_send_data.ino:22:12: error: &#39;MQTT&#39; was not declared in this scope
   lo.begin(MQTT, TEXT, true);
            ^~~~
/home/ec2-user/arduino-testlib/cli-datadir/user/libraries/LiveObjectsSDK/examples/1_send_data/1_send_data.ino:22:12: note: suggested alternative: &#39;MSTR&#39;
   lo.begin(MQTT, TEXT, true);
            ^~~~
            MSTR
/home/ec2-user/arduino-testlib/cli-datadir/user/libraries/LiveObjectsSDK/examples/1_send_data/1_send_data.ino:22:18: error: &#39;TEXT&#39; was not declared in this scope
   lo.begin(MQTT, TEXT, true);
                  ^~~~
/home/ec2-user/arduino-testlib/cli-datadir/user/libraries/LiveObjectsSDK/examples/1_send_data/1_send_data.ino:22:18: note: suggested alternative: &#39;HEX&#39;
   lo.begin(MQTT, TEXT, true);
                  ^~~~
                  HEX
/home/ec2-user/arduino-testlib/cli-datadir/user/libraries/LiveObjectsSDK/examples/1_send_data/1_send_data.ino: In function &#39;void loop()&#39;:
/home/ec2-user/arduino-testlib/cli-datadir/user/libraries/LiveObjectsSDK/examples/1_send_data/1_send_data.ino:31:5: error: &#39;lo&#39; was not declared in this scope
     lo.addToPayload(&#34;uptime&#34;, uptime);               // adding &#39;uptime&#39; value to the current payload
     ^~
/home/ec2-user/arduino-testlib/cli-datadir/user/libraries/LiveObjectsSDK/examples/1_send_data/1_send_data.ino:31:5: note: suggested alternative: &#39;log&#39;
     lo.addToPayload(&#34;uptime&#34;, uptime);               // adding &#39;uptime&#39; value to the current payload
     ^~
     log
/home/ec2-user/arduino-testlib/cli-datadir/user/libraries/LiveObjectsSDK/examples/1_send_data/1_send_data.ino:36:3: error: &#39;lo&#39; was not declared in this scope
   lo.loop();                             // don&#39;t forget to keep this in your main loop
   ^~
/home/ec2-user/arduino-testlib/cli-datadir/user/libraries/LiveObjectsSDK/examples/1_send_data/1_send_data.ino:36:3: note: suggested alternative: &#39;log&#39;
   lo.loop();                             // don&#39;t forget to keep this in your main loop
   ^~
   log
Multiple libraries were found for &#34;ArduinoJson.h&#34;
  Used: /home/ec2-user/arduino-testlib/cli-datadir/user/libraries/ArduinoJson
  Not used: /home/ec2-user/arduino-testlib/cli-datadir/user/libraries/AllThingsTalk_LTE-M_SDK
  Not used: /home/ec2-user/arduino-testlib/cli-datadir/user/libraries/CoogleIOT
  Not used: /home/ec2-user/arduino-testlib/cli-datadir/user/libraries/Antares_ESP8266_MQTT
  Not used: /home/ec2-user/arduino-testlib/cli-datadir/user/libraries/BaleMessengerBot_Arduino
  Not used: /home/ec2-user/arduino-testlib/cli-datadir/user/libraries/ThingsIoT
  Not used: /home/ec2-user/arduino-testlib/cli-datadir/user/libraries/ThingESP
  Not used: /home/ec2-user/arduino-testlib/cli-datadir/user/libraries/Antares_ESP8266_HTTP
  Not used: /home/ec2-user/arduino-testlib/cli-datadir/user/libraries/CMMC_MQTT_Connector
Multiple libraries were found for &#34;SoftwareSerial.h&#34;
  Used: /home/ec2-user/arduino-testlib/cli-datadir/data/packages/arduino/hardware/avr/1.8.4/libraries/SoftwareSerial
  Not used: /home/ec2-user/arduino-testlib/cli-datadir/user/libraries/EspSoftwareSerial
  Not used: /home/ec2-user/arduino-testlib/cli-datadir/user/libraries/Printoo_Library
  Not used: /home/ec2-user/arduino-testlib/cli-datadir/user/libraries/Dabble
</pre>
					
					<h4>examples/2_simple_parameters</h4>
					<p>
						Result: <b>FAIL</b>
					</p>
					<pre class="pre-scrollable">In file included from /home/ec2-user/arduino-testlib/cli-datadir/user/libraries/LiveObjectsSDK/examples/2_simple_parameters/2_simple_parameters.ino:6:0:
/home/ec2-user/arduino-testlib/cli-datadir/user/libraries/LiveObjectsSDK/src/LiveObjects.h:87:8: error: &#39;LiveObjects&#39; does not name a type
 extern LiveObjects&amp; lo;
        ^~~~~~~~~~~
/home/ec2-user/arduino-testlib/cli-datadir/user/libraries/LiveObjectsSDK/examples/2_simple_parameters/2_simple_parameters.ino: In function &#39;void setup()&#39;:
/home/ec2-user/arduino-testlib/cli-datadir/user/libraries/LiveObjectsSDK/examples/2_simple_parameters/2_simple_parameters.ino:24:16: error: &#39;SW_REVISION&#39; was not declared in this scope
   Serial.print(SW_REVISION);
                ^~~~~~~~~~~
/home/ec2-user/arduino-testlib/cli-datadir/user/libraries/LiveObjectsSDK/examples/2_simple_parameters/2_simple_parameters.ino:31:3: error: &#39;lo&#39; was not declared in this scope
   lo.addParameter(&#34;message rate (milliseconds)&#34;, messageRate);
   ^~
/home/ec2-user/arduino-testlib/cli-datadir/user/libraries/LiveObjectsSDK/examples/2_simple_parameters/2_simple_parameters.ino:31:3: note: suggested alternative: &#39;log&#39;
   lo.addParameter(&#34;message rate (milliseconds)&#34;, messageRate);
   ^~
   log
/home/ec2-user/arduino-testlib/cli-datadir/user/libraries/LiveObjectsSDK/examples/2_simple_parameters/2_simple_parameters.ino:32:18: error: &#39;TLS&#39; was not declared in this scope
   lo.setSecurity(TLS);
                  ^~~
/home/ec2-user/arduino-testlib/cli-datadir/user/libraries/LiveObjectsSDK/examples/2_simple_parameters/2_simple_parameters.ino:33:12: error: &#39;MQTT&#39; was not declared in this scope
   lo.begin(MQTT, TEXT, true);
            ^~~~
/home/ec2-user/arduino-testlib/cli-datadir/user/libraries/LiveObjectsSDK/examples/2_simple_parameters/2_simple_parameters.ino:33:12: note: suggested alternative: &#39;MSTR&#39;
   lo.begin(MQTT, TEXT, true);
            ^~~~
            MSTR
/home/ec2-user/arduino-testlib/cli-datadir/user/libraries/LiveObjectsSDK/examples/2_simple_parameters/2_simple_parameters.ino:33:18: error: &#39;TEXT&#39; was not declared in this scope
   lo.begin(MQTT, TEXT, true);
                  ^~~~
/home/ec2-user/arduino-testlib/cli-datadir/user/libraries/LiveObjectsSDK/examples/2_simple_parameters/2_simple_parameters.ino:33:18: note: suggested alternative: &#39;HEX&#39;
   lo.begin(MQTT, TEXT, true);
                  ^~~~
                  HEX
/home/ec2-user/arduino-testlib/cli-datadir/user/libraries/LiveObjectsSDK/examples/2_simple_parameters/2_simple_parameters.ino: In function &#39;void loop()&#39;:
/home/ec2-user/arduino-testlib/cli-datadir/user/libraries/LiveObjectsSDK/examples/2_simple_parameters/2_simple_parameters.ino:42:5: error: &#39;lo&#39; was not declared in this scope
     lo.addToPayload(&#34;uptime&#34;, uptime);               // adding &#39;uptime&#39; value to the current payload
     ^~
/home/ec2-user/arduino-testlib/cli-datadir/user/libraries/LiveObjectsSDK/examples/2_simple_parameters/2_simple_parameters.ino:42:5: note: suggested alternative: &#39;log&#39;
     lo.addToPayload(&#34;uptime&#34;, uptime);               // adding &#39;uptime&#39; value to the current payload
     ^~
     log
/home/ec2-user/arduino-testlib/cli-datadir/user/libraries/LiveObjectsSDK/examples/2_simple_parameters/2_simple_parameters.ino:48:3: error: &#39;lo&#39; was not declared in this scope
   lo.loop();                             // don&#39;t forget to keep this in your main loop
   ^~
/home/ec2-user/arduino-testlib/cli-datadir/user/libraries/LiveObjectsSDK/examples/2_simple_parameters/2_simple_parameters.ino:48:3: note: suggested alternative: &#39;log&#39;
   lo.loop();                             // don&#39;t forget to keep this in your main loop
   ^~
   log
Multiple libraries were found for &#34;SoftwareSerial.h&#34;
  Used: /home/ec2-user/arduino-testlib/cli-datadir/data/packages/arduino/hardware/avr/1.8.4/libraries/SoftwareSerial
  Not used: /home/ec2-user/arduino-testlib/cli-datadir/user/libraries/Printoo_Library
  Not used: /home/ec2-user/arduino-testlib/cli-datadir/user/libraries/EspSoftwareSerial
  Not used: /home/ec2-user/arduino-testlib/cli-datadir/user/libraries/Dabble
Multiple libraries were found for &#34;ArduinoJson.h&#34;
  Used: /home/ec2-user/arduino-testlib/cli-datadir/user/libraries/ArduinoJson
  Not used: /home/ec2-user/arduino-testlib/cli-datadir/user/libraries/AllThingsTalk_LTE-M_SDK
  Not used: /home/ec2-user/arduino-testlib/cli-datadir/user/libraries/ThingESP
  Not used: /home/ec2-user/arduino-testlib/cli-datadir/user/libraries/CMMC_MQTT_Connector
  Not used: /home/ec2-user/arduino-testlib/cli-datadir/user/libraries/ThingsIoT
  Not used: /home/ec2-user/arduino-testlib/cli-datadir/user/libraries/Antares_ESP8266_MQTT
  Not used: /home/ec2-user/arduino-testlib/cli-datadir/user/libraries/CoogleIOT
  Not used: /home/ec2-user/arduino-testlib/cli-datadir/user/libraries/BaleMessengerBot_Arduino
  Not used: /home/ec2-user/arduino-testlib/cli-datadir/user/libraries/Antares_ESP8266_HTTP
</pre>
					
					<h4>examples/3_Parameter_with_callback</h4>
					<p>
						Result: <b>FAIL</b>
					</p>
					<pre class="pre-scrollable">In file included from /home/ec2-user/arduino-testlib/cli-datadir/user/libraries/LiveObjectsSDK/examples/3_Parameter_with_callback/3_Parameter_with_callback.ino:5:0:
/home/ec2-user/arduino-testlib/cli-datadir/user/libraries/LiveObjectsSDK/src/LiveObjects.h:87:8: error: &#39;LiveObjects&#39; does not name a type
 extern LiveObjects&amp; lo;
        ^~~~~~~~~~~
/home/ec2-user/arduino-testlib/cli-datadir/user/libraries/LiveObjectsSDK/examples/3_Parameter_with_callback/3_Parameter_with_callback.ino: In function &#39;void setup()&#39;:
/home/ec2-user/arduino-testlib/cli-datadir/user/libraries/LiveObjectsSDK/examples/3_Parameter_with_callback/3_Parameter_with_callback.ino:32:16: error: &#39;SW_REVISION&#39; was not declared in this scope
   Serial.print(SW_REVISION);
                ^~~~~~~~~~~
/home/ec2-user/arduino-testlib/cli-datadir/user/libraries/LiveObjectsSDK/examples/3_Parameter_with_callback/3_Parameter_with_callback.ino:40:3: error: &#39;lo&#39; was not declared in this scope
   lo.addParameter(&#34;message rate (seconds)&#34;, messageRate, processMsgRate); // connects to the network &#43; Live Objects
   ^~
/home/ec2-user/arduino-testlib/cli-datadir/user/libraries/LiveObjectsSDK/examples/3_Parameter_with_callback/3_Parameter_with_callback.ino:40:3: note: suggested alternative: &#39;log&#39;
   lo.addParameter(&#34;message rate (seconds)&#34;, messageRate, processMsgRate); // connects to the network &#43; Live Objects
   ^~
   log
/home/ec2-user/arduino-testlib/cli-datadir/user/libraries/LiveObjectsSDK/examples/3_Parameter_with_callback/3_Parameter_with_callback.ino:41:18: error: &#39;TLS&#39; was not declared in this scope
   lo.setSecurity(TLS);
                  ^~~
/home/ec2-user/arduino-testlib/cli-datadir/user/libraries/LiveObjectsSDK/examples/3_Parameter_with_callback/3_Parameter_with_callback.ino:42:12: error: &#39;MQTT&#39; was not declared in this scope
   lo.begin(MQTT, TEXT, true);
            ^~~~
/home/ec2-user/arduino-testlib/cli-datadir/user/libraries/LiveObjectsSDK/examples/3_Parameter_with_callback/3_Parameter_with_callback.ino:42:12: note: suggested alternative: &#39;MSTR&#39;
   lo.begin(MQTT, TEXT, true);
            ^~~~
            MSTR
/home/ec2-user/arduino-testlib/cli-datadir/user/libraries/LiveObjectsSDK/examples/3_Parameter_with_callback/3_Parameter_with_callback.ino:42:18: error: &#39;TEXT&#39; was not declared in this scope
   lo.begin(MQTT, TEXT, true);
                  ^~~~
/home/ec2-user/arduino-testlib/cli-datadir/user/libraries/LiveObjectsSDK/examples/3_Parameter_with_callback/3_Parameter_with_callback.ino:42:18: note: suggested alternative: &#39;HEX&#39;
   lo.begin(MQTT, TEXT, true);
                  ^~~~
                  HEX
/home/ec2-user/arduino-testlib/cli-datadir/user/libraries/LiveObjectsSDK/examples/3_Parameter_with_callback/3_Parameter_with_callback.ino: In function &#39;void loop()&#39;:
/home/ec2-user/arduino-testlib/cli-datadir/user/libraries/LiveObjectsSDK/examples/3_Parameter_with_callback/3_Parameter_with_callback.ino:51:5: error: &#39;lo&#39; was not declared in this scope
     lo.addToPayload(&#34;uptime&#34;, uptime);               // adding &#39;uptime&#39; value to the current payload
     ^~
/home/ec2-user/arduino-testlib/cli-datadir/user/libraries/LiveObjectsSDK/examples/3_Parameter_with_callback/3_Parameter_with_callback.ino:51:5: note: suggested alternative: &#39;log&#39;
     lo.addToPayload(&#34;uptime&#34;, uptime);               // adding &#39;uptime&#39; value to the current payload
     ^~
     log
/home/ec2-user/arduino-testlib/cli-datadir/user/libraries/LiveObjectsSDK/examples/3_Parameter_with_callback/3_Parameter_with_callback.ino:57:3: error: &#39;lo&#39; was not declared in this scope
   lo.loop();                             // don&#39;t forget to keep this in your main loop
   ^~
/home/ec2-user/arduino-testlib/cli-datadir/user/libraries/LiveObjectsSDK/examples/3_Parameter_with_callback/3_Parameter_with_callback.ino:57:3: note: suggested alternative: &#39;log&#39;
   lo.loop();                             // don&#39;t forget to keep this in your main loop
   ^~
   log
Multiple libraries were found for &#34;ArduinoJson.h&#34;
  Used: /home/ec2-user/arduino-testlib/cli-datadir/user/libraries/ArduinoJson
  Not used: /home/ec2-user/arduino-testlib/cli-datadir/user/libraries/ThingESP
  Not used: /home/ec2-user/arduino-testlib/cli-datadir/user/libraries/Antares_ESP8266_HTTP
  Not used: /home/ec2-user/arduino-testlib/cli-datadir/user/libraries/Antares_ESP8266_MQTT
  Not used: /home/ec2-user/arduino-testlib/cli-datadir/user/libraries/BaleMessengerBot_Arduino
  Not used: /home/ec2-user/arduino-testlib/cli-datadir/user/libraries/ThingsIoT
  Not used: /home/ec2-user/arduino-testlib/cli-datadir/user/libraries/CMMC_MQTT_Connector
  Not used: /home/ec2-user/arduino-testlib/cli-datadir/user/libraries/CoogleIOT
  Not used: /home/ec2-user/arduino-testlib/cli-datadir/user/libraries/AllThingsTalk_LTE-M_SDK
Multiple libraries were found for &#34;SoftwareSerial.h&#34;
  Used: /home/ec2-user/arduino-testlib/cli-datadir/data/packages/arduino/hardware/avr/1.8.4/libraries/SoftwareSerial
  Not used: /home/ec2-user/arduino-testlib/cli-datadir/user/libraries/EspSoftwareSerial
  Not used: /home/ec2-user/arduino-testlib/cli-datadir/user/libraries/Printoo_Library
  Not used: /home/ec2-user/arduino-testlib/cli-datadir/user/libraries/Dabble
</pre>
					
					<h4>examples/4_Simple_command</h4>
					<p>
						Result: <b>FAIL</b>
					</p>
					<pre class="pre-scrollable">In file included from /home/ec2-user/arduino-testlib/cli-datadir/user/libraries/LiveObjectsSDK/examples/4_Simple_command/4_Simple_command.ino:5:0:
/home/ec2-user/arduino-testlib/cli-datadir/user/libraries/LiveObjectsSDK/src/LiveObjects.h:87:8: error: &#39;LiveObjects&#39; does not name a type
 extern LiveObjects&amp; lo;
        ^~~~~~~~~~~
/home/ec2-user/arduino-testlib/cli-datadir/user/libraries/LiveObjectsSDK/examples/4_Simple_command/4_Simple_command.ino: In function &#39;void setup()&#39;:
/home/ec2-user/arduino-testlib/cli-datadir/user/libraries/LiveObjectsSDK/examples/4_Simple_command/4_Simple_command.ino:36:16: error: &#39;SW_REVISION&#39; was not declared in this scope
   Serial.print(SW_REVISION);
                ^~~~~~~~~~~
/home/ec2-user/arduino-testlib/cli-datadir/user/libraries/LiveObjectsSDK/examples/4_Simple_command/4_Simple_command.ino:40:3: error: &#39;lo&#39; was not declared in this scope
   lo.addCommand(&#34;blink&#34;, blinkLED5times);
   ^~
/home/ec2-user/arduino-testlib/cli-datadir/user/libraries/LiveObjectsSDK/examples/4_Simple_command/4_Simple_command.ino:40:3: note: suggested alternative: &#39;log&#39;
   lo.addCommand(&#34;blink&#34;, blinkLED5times);
   ^~
   log
/home/ec2-user/arduino-testlib/cli-datadir/user/libraries/LiveObjectsSDK/examples/4_Simple_command/4_Simple_command.ino:41:18: error: &#39;TLS&#39; was not declared in this scope
   lo.setSecurity(TLS);
                  ^~~
/home/ec2-user/arduino-testlib/cli-datadir/user/libraries/LiveObjectsSDK/examples/4_Simple_command/4_Simple_command.ino:42:12: error: &#39;MQTT&#39; was not declared in this scope
   lo.begin(MQTT, TEXT, true);
            ^~~~
/home/ec2-user/arduino-testlib/cli-datadir/user/libraries/LiveObjectsSDK/examples/4_Simple_command/4_Simple_command.ino:42:12: note: suggested alternative: &#39;MSTR&#39;
   lo.begin(MQTT, TEXT, true);
            ^~~~
            MSTR
/home/ec2-user/arduino-testlib/cli-datadir/user/libraries/LiveObjectsSDK/examples/4_Simple_command/4_Simple_command.ino:42:18: error: &#39;TEXT&#39; was not declared in this scope
   lo.begin(MQTT, TEXT, true);
                  ^~~~
/home/ec2-user/arduino-testlib/cli-datadir/user/libraries/LiveObjectsSDK/examples/4_Simple_command/4_Simple_command.ino:42:18: note: suggested alternative: &#39;HEX&#39;
   lo.begin(MQTT, TEXT, true);
                  ^~~~
                  HEX
/home/ec2-user/arduino-testlib/cli-datadir/user/libraries/LiveObjectsSDK/examples/4_Simple_command/4_Simple_command.ino: In function &#39;void loop()&#39;:
/home/ec2-user/arduino-testlib/cli-datadir/user/libraries/LiveObjectsSDK/examples/4_Simple_command/4_Simple_command.ino:51:5: error: &#39;lo&#39; was not declared in this scope
     lo.addToPayload(&#34;uptime&#34;, uptime);               // adding &#39;uptime&#39; value to the current payload
     ^~
/home/ec2-user/arduino-testlib/cli-datadir/user/libraries/LiveObjectsSDK/examples/4_Simple_command/4_Simple_command.ino:51:5: note: suggested alternative: &#39;log&#39;
     lo.addToPayload(&#34;uptime&#34;, uptime);               // adding &#39;uptime&#39; value to the current payload
     ^~
     log
/home/ec2-user/arduino-testlib/cli-datadir/user/libraries/LiveObjectsSDK/examples/4_Simple_command/4_Simple_command.ino:58:3: error: &#39;lo&#39; was not declared in this scope
   lo.loop();                             // don&#39;t forget to keep this in your main loop
   ^~
/home/ec2-user/arduino-testlib/cli-datadir/user/libraries/LiveObjectsSDK/examples/4_Simple_command/4_Simple_command.ino:58:3: note: suggested alternative: &#39;log&#39;
   lo.loop();                             // don&#39;t forget to keep this in your main loop
   ^~
   log
Multiple libraries were found for &#34;SoftwareSerial.h&#34;
  Used: /home/ec2-user/arduino-testlib/cli-datadir/data/packages/arduino/hardware/avr/1.8.4/libraries/SoftwareSerial
  Not used: /home/ec2-user/arduino-testlib/cli-datadir/user/libraries/Dabble
  Not used: /home/ec2-user/arduino-testlib/cli-datadir/user/libraries/Printoo_Library
  Not used: /home/ec2-user/arduino-testlib/cli-datadir/user/libraries/EspSoftwareSerial
Multiple libraries were found for &#34;ArduinoJson.h&#34;
  Used: /home/ec2-user/arduino-testlib/cli-datadir/user/libraries/ArduinoJson
  Not used: /home/ec2-user/arduino-testlib/cli-datadir/user/libraries/BaleMessengerBot_Arduino
  Not used: /home/ec2-user/arduino-testlib/cli-datadir/user/libraries/AllThingsTalk_LTE-M_SDK
  Not used: /home/ec2-user/arduino-testlib/cli-datadir/user/libraries/Antares_ESP8266_MQTT
  Not used: /home/ec2-user/arduino-testlib/cli-datadir/user/libraries/Antares_ESP8266_HTTP
  Not used: /home/ec2-user/arduino-testlib/cli-datadir/user/libraries/CoogleIOT
  Not used: /home/ec2-user/arduino-testlib/cli-datadir/user/libraries/CMMC_MQTT_Connector
  Not used: /home/ec2-user/arduino-testlib/cli-datadir/user/libraries/ThingsIoT
  Not used: /home/ec2-user/arduino-testlib/cli-datadir/user/libraries/ThingESP
</pre>
					
					<h4>examples/5_Command_with_arguments</h4>
					<p>
						Result: <b>FAIL</b>
					</p>
					<pre class="pre-scrollable">In file included from /home/ec2-user/arduino-testlib/cli-datadir/user/libraries/LiveObjectsSDK/examples/5_Command_with_arguments/5_Command_with_arguments.ino:5:0:
/home/ec2-user/arduino-testlib/cli-datadir/user/libraries/LiveObjectsSDK/src/LiveObjects.h:87:8: error: &#39;LiveObjects&#39; does not name a type
 extern LiveObjects&amp; lo;
        ^~~~~~~~~~~
/home/ec2-user/arduino-testlib/cli-datadir/user/libraries/LiveObjectsSDK/examples/5_Command_with_arguments/5_Command_with_arguments.ino: In function &#39;void blinkLED(String, String&amp;)&#39;:
/home/ec2-user/arduino-testlib/cli-datadir/user/libraries/LiveObjectsSDK/examples/5_Command_with_arguments/5_Command_with_arguments.ino:28:3: error: &#39;StaticJsonDocument&#39; was not declared in this scope
   StaticJsonDocument&lt;128&gt; incomingArguments;  // creation of a JSON document called &#34;incomingArguments&#34; that will holds the arguments
   ^~~~~~~~~~~~~~~~~~
/home/ec2-user/arduino-testlib/cli-datadir/user/libraries/LiveObjectsSDK/examples/5_Command_with_arguments/5_Command_with_arguments.ino:28:27: error: &#39;incomingArguments&#39; was not declared in this scope
   StaticJsonDocument&lt;128&gt; incomingArguments;  // creation of a JSON document called &#34;incomingArguments&#34; that will holds the arguments
                           ^~~~~~~~~~~~~~~~~
/home/ec2-user/arduino-testlib/cli-datadir/user/libraries/LiveObjectsSDK/examples/5_Command_with_arguments/5_Command_with_arguments.ino:29:3: error: &#39;deserializeJson&#39; was not declared in this scope
   deserializeJson(incomingArguments, arguments);  // extraction of JSON data
   ^~~~~~~~~~~~~~~
/home/ec2-user/arduino-testlib/cli-datadir/user/libraries/LiveObjectsSDK/examples/5_Command_with_arguments/5_Command_with_arguments.ino:46:27: error: &#39;outgoingResponse&#39; was not declared in this scope
   StaticJsonDocument&lt;128&gt; outgoingResponse;  // creation of a JSON document that will hold the response
                           ^~~~~~~~~~~~~~~~
/home/ec2-user/arduino-testlib/cli-datadir/user/libraries/LiveObjectsSDK/examples/5_Command_with_arguments/5_Command_with_arguments.ino:48:3: error: &#39;serializeJson&#39; was not declared in this scope
   serializeJson(outgoingResponse, response);  // exporting JSON in &#39;reponse&#39; String
   ^~~~~~~~~~~~~
/home/ec2-user/arduino-testlib/cli-datadir/user/libraries/LiveObjectsSDK/examples/5_Command_with_arguments/5_Command_with_arguments.ino:48:3: note: suggested alternative: &#39;serialEventRun&#39;
   serializeJson(outgoingResponse, response);  // exporting JSON in &#39;reponse&#39; String
   ^~~~~~~~~~~~~
   serialEventRun
/home/ec2-user/arduino-testlib/cli-datadir/user/libraries/LiveObjectsSDK/examples/5_Command_with_arguments/5_Command_with_arguments.ino: In function &#39;void setup()&#39;:
/home/ec2-user/arduino-testlib/cli-datadir/user/libraries/LiveObjectsSDK/examples/5_Command_with_arguments/5_Command_with_arguments.ino:56:16: error: &#39;SW_REVISION&#39; was not declared in this scope
   Serial.print(SW_REVISION);
                ^~~~~~~~~~~
/home/ec2-user/arduino-testlib/cli-datadir/user/libraries/LiveObjectsSDK/examples/5_Command_with_arguments/5_Command_with_arguments.ino:60:3: error: &#39;lo&#39; was not declared in this scope
   lo.addCommand(&#34;blink&#34;, blinkLED);
   ^~
/home/ec2-user/arduino-testlib/cli-datadir/user/libraries/LiveObjectsSDK/examples/5_Command_with_arguments/5_Command_with_arguments.ino:60:3: note: suggested alternative: &#39;log&#39;
   lo.addCommand(&#34;blink&#34;, blinkLED);
   ^~
   log
/home/ec2-user/arduino-testlib/cli-datadir/user/libraries/LiveObjectsSDK/examples/5_Command_with_arguments/5_Command_with_arguments.ino:61:18: error: &#39;TLS&#39; was not declared in this scope
   lo.setSecurity(TLS);
                  ^~~
/home/ec2-user/arduino-testlib/cli-datadir/user/libraries/LiveObjectsSDK/examples/5_Command_with_arguments/5_Command_with_arguments.ino:62:12: error: &#39;MQTT&#39; was not declared in this scope
   lo.begin(MQTT, TEXT, true);
            ^~~~
/home/ec2-user/arduino-testlib/cli-datadir/user/libraries/LiveObjectsSDK/examples/5_Command_with_arguments/5_Command_with_arguments.ino:62:12: note: suggested alternative: &#39;MSTR&#39;
   lo.begin(MQTT, TEXT, true);
            ^~~~
            MSTR
/home/ec2-user/arduino-testlib/cli-datadir/user/libraries/LiveObjectsSDK/examples/5_Command_with_arguments/5_Command_with_arguments.ino:62:18: error: &#39;TEXT&#39; was not declared in this scope
   lo.begin(MQTT, TEXT, true);
                  ^~~~
/home/ec2-user/arduino-testlib/cli-datadir/user/libraries/LiveObjectsSDK/examples/5_Command_with_arguments/5_Command_with_arguments.ino:62:18: note: suggested alternative: &#39;HEX&#39;
   lo.begin(MQTT, TEXT, true);
                  ^~~~
                  HEX
/home/ec2-user/arduino-testlib/cli-datadir/user/libraries/LiveObjectsSDK/examples/5_Command_with_arguments/5_Command_with_arguments.ino: In function &#39;void loop()&#39;:
/home/ec2-user/arduino-testlib/cli-datadir/user/libraries/LiveObjectsSDK/examples/5_Command_with_arguments/5_Command_with_arguments.ino:71:5: error: &#39;lo&#39; was not declared in this scope
     lo.addToPayload(&#34;uptime&#34;, uptime);               // adding &#39;uptime&#39; value to the current payload
     ^~
/home/ec2-user/arduino-testlib/cli-datadir/user/libraries/LiveObjectsSDK/examples/5_Command_with_arguments/5_Command_with_arguments.ino:71:5: note: suggested alternative: &#39;log&#39;
     lo.addToPayload(&#34;uptime&#34;, uptime);               // adding &#39;uptime&#39; value to the current payload
     ^~
     log
/home/ec2-user/arduino-testlib/cli-datadir/user/libraries/LiveObjectsSDK/examples/5_Command_with_arguments/5_Command_with_arguments.ino:78:3: error: &#39;lo&#39; was not declared in this scope
   lo.loop();                             // don&#39;t forget to keep this in your main loop
   ^~
/home/ec2-user/arduino-testlib/cli-datadir/user/libraries/LiveObjectsSDK/examples/5_Command_with_arguments/5_Command_with_arguments.ino:78:3: note: suggested alternative: &#39;log&#39;
   lo.loop();                             // don&#39;t forget to keep this in your main loop
   ^~
   log
Multiple libraries were found for &#34;ArduinoJson.h&#34;
  Used: /home/ec2-user/arduino-testlib/cli-datadir/user/libraries/ArduinoJson
  Not used: /home/ec2-user/arduino-testlib/cli-datadir/user/libraries/ThingESP
  Not used: /home/ec2-user/arduino-testlib/cli-datadir/user/libraries/AllThingsTalk_LTE-M_SDK
  Not used: /home/ec2-user/arduino-testlib/cli-datadir/user/libraries/BaleMessengerBot_Arduino
  Not used: /home/ec2-user/arduino-testlib/cli-datadir/user/libraries/Antares_ESP8266_HTTP
  Not used: /home/ec2-user/arduino-testlib/cli-datadir/user/libraries/CoogleIOT
  Not used: /home/ec2-user/arduino-testlib/cli-datadir/user/libraries/ThingsIoT
  Not used: /home/ec2-user/arduino-testlib/cli-datadir/user/libraries/CMMC_MQTT_Connector
  Not used: /home/ec2-user/arduino-testlib/cli-datadir/user/libraries/Antares_ESP8266_MQTT
Multiple libraries were found for &#34;SoftwareSerial.h&#34;
  Used: /home/ec2-user/arduino-testlib/cli-datadir/data/packages/arduino/hardware/avr/1.8.4/libraries/SoftwareSerial
  Not used: /home/ec2-user/arduino-testlib/cli-datadir/user/libraries/Dabble
  Not used: /home/ec2-user/arduino-testlib/cli-datadir/user/libraries/Printoo_Library
  Not used: /home/ec2-user/arduino-testlib/cli-datadir/user/libraries/EspSoftwareSerial
</pre>
					
					<h4>examples/6_sms_send_data</h4>
					<p>
						Result: <b>FAIL</b>
					</p>
					<pre class="pre-scrollable">In file included from /home/ec2-user/arduino-testlib/cli-datadir/user/libraries/LiveObjectsSDK/examples/6_sms_send_data/6_sms_send_data.ino:5:0:
/home/ec2-user/arduino-testlib/cli-datadir/user/libraries/LiveObjectsSDK/src/LiveObjects.h:87:8: error: &#39;LiveObjects&#39; does not name a type
 extern LiveObjects&amp; lo;
        ^~~~~~~~~~~
/home/ec2-user/arduino-testlib/cli-datadir/user/libraries/LiveObjectsSDK/examples/6_sms_send_data/6_sms_send_data.ino: In function &#39;void setup()&#39;:
/home/ec2-user/arduino-testlib/cli-datadir/user/libraries/LiveObjectsSDK/examples/6_sms_send_data/6_sms_send_data.ino:19:16: error: &#39;SW_REVISION&#39; was not declared in this scope
   Serial.print(SW_REVISION);
                ^~~~~~~~~~~
/home/ec2-user/arduino-testlib/cli-datadir/user/libraries/LiveObjectsSDK/examples/6_sms_send_data/6_sms_send_data.ino:21:3: error: &#39;lo&#39; was not declared in this scope
   lo.begin(SMS, TEXT, true);
   ^~
/home/ec2-user/arduino-testlib/cli-datadir/user/libraries/LiveObjectsSDK/examples/6_sms_send_data/6_sms_send_data.ino:21:3: note: suggested alternative: &#39;log&#39;
   lo.begin(SMS, TEXT, true);
   ^~
   log
/home/ec2-user/arduino-testlib/cli-datadir/user/libraries/LiveObjectsSDK/examples/6_sms_send_data/6_sms_send_data.ino:21:12: error: &#39;SMS&#39; was not declared in this scope
   lo.begin(SMS, TEXT, true);
            ^~~
/home/ec2-user/arduino-testlib/cli-datadir/user/libraries/LiveObjectsSDK/examples/6_sms_send_data/6_sms_send_data.ino:21:12: note: suggested alternative: &#39;SS&#39;
   lo.begin(SMS, TEXT, true);
            ^~~
            SS
/home/ec2-user/arduino-testlib/cli-datadir/user/libraries/LiveObjectsSDK/examples/6_sms_send_data/6_sms_send_data.ino:21:17: error: &#39;TEXT&#39; was not declared in this scope
   lo.begin(SMS, TEXT, true);
                 ^~~~
/home/ec2-user/arduino-testlib/cli-datadir/user/libraries/LiveObjectsSDK/examples/6_sms_send_data/6_sms_send_data.ino:21:17: note: suggested alternative: &#39;HEX&#39;
   lo.begin(SMS, TEXT, true);
                 ^~~~
                 HEX
/home/ec2-user/arduino-testlib/cli-datadir/user/libraries/LiveObjectsSDK/examples/6_sms_send_data/6_sms_send_data.ino: In function &#39;void loop()&#39;:
/home/ec2-user/arduino-testlib/cli-datadir/user/libraries/LiveObjectsSDK/examples/6_sms_send_data/6_sms_send_data.ino:30:5: error: &#39;lo&#39; was not declared in this scope
     lo.addToPayload(&#34;uptime&#34;, uptime);               // adding &#39;uptime&#39; value to the current payload
     ^~
/home/ec2-user/arduino-testlib/cli-datadir/user/libraries/LiveObjectsSDK/examples/6_sms_send_data/6_sms_send_data.ino:30:5: note: suggested alternative: &#39;log&#39;
     lo.addToPayload(&#34;uptime&#34;, uptime);               // adding &#39;uptime&#39; value to the current payload
     ^~
     log
/home/ec2-user/arduino-testlib/cli-datadir/user/libraries/LiveObjectsSDK/examples/6_sms_send_data/6_sms_send_data.ino:36:3: error: &#39;lo&#39; was not declared in this scope
   lo.loop();                             // don&#39;t forget to keep this in your main loop
   ^~
/home/ec2-user/arduino-testlib/cli-datadir/user/libraries/LiveObjectsSDK/examples/6_sms_send_data/6_sms_send_data.ino:36:3: note: suggested alternative: &#39;log&#39;
   lo.loop();                             // don&#39;t forget to keep this in your main loop
   ^~
   log
Multiple libraries were found for &#34;SoftwareSerial.h&#34;
  Used: /home/ec2-user/arduino-testlib/cli-datadir/data/packages/arduino/hardware/avr/1.8.4/libraries/SoftwareSerial
  Not used: /home/ec2-user/arduino-testlib/cli-datadir/user/libraries/Printoo_Library
  Not used: /home/ec2-user/arduino-testlib/cli-datadir/user/libraries/EspSoftwareSerial
  Not used: /home/ec2-user/arduino-testlib/cli-datadir/user/libraries/Dabble
Multiple libraries were found for &#34;ArduinoJson.h&#34;
  Used: /home/ec2-user/arduino-testlib/cli-datadir/user/libraries/ArduinoJson
  Not used: /home/ec2-user/arduino-testlib/cli-datadir/user/libraries/ThingsIoT
  Not used: /home/ec2-user/arduino-testlib/cli-datadir/user/libraries/Antares_ESP8266_MQTT
  Not used: /home/ec2-user/arduino-testlib/cli-datadir/user/libraries/Antares_ESP8266_HTTP
  Not used: /home/ec2-user/arduino-testlib/cli-datadir/user/libraries/CMMC_MQTT_Connector
  Not used: /home/ec2-user/arduino-testlib/cli-datadir/user/libraries/CoogleIOT
  Not used: /home/ec2-user/arduino-testlib/cli-datadir/user/libraries/BaleMessengerBot_Arduino
  Not used: /home/ec2-user/arduino-testlib/cli-datadir/user/libraries/ThingESP
  Not used: /home/ec2-user/arduino-testlib/cli-datadir/user/libraries/AllThingsTalk_LTE-M_SDK
</pre>
					
				
				<h3 id="arduino:mbed_nano:nanorp2040connect">arduino:mbed_nano:nanorp2040connect @ 2.7.2</h3>
				<h4>Inclusion</h4>
				<p>
					Result: <b>FAIL</b>
					
				</p>
				<pre class="pre-scrollable">In file included from /tmp/arduino-testlib607792624/test/test.ino:1:0:
/home/ec2-user/arduino-testlib/cli-datadir/user/libraries/LiveObjectsSDK/src/LiveObjects.h:87:8: error: &#39;LiveObjects&#39; does not name a type
 extern LiveObjects&amp; lo;
        ^~~~~~~~~~~
Multiple libraries were found for &#34;ArduinoJson.h&#34;
  Used: /home/ec2-user/arduino-testlib/cli-datadir/user/libraries/ArduinoJson
  Not used: /home/ec2-user/arduino-testlib/cli-datadir/user/libraries/CMMC_MQTT_Connector
  Not used: /home/ec2-user/arduino-testlib/cli-datadir/user/libraries/BaleMessengerBot_Arduino
  Not used: /home/ec2-user/arduino-testlib/cli-datadir/user/libraries/Antares_ESP8266_MQTT
  Not used: /home/ec2-user/arduino-testlib/cli-datadir/user/libraries/AllThingsTalk_LTE-M_SDK
  Not used: /home/ec2-user/arduino-testlib/cli-datadir/user/libraries/ThingESP
  Not used: /home/ec2-user/arduino-testlib/cli-datadir/user/libraries/ThingsIoT
  Not used: /home/ec2-user/arduino-testlib/cli-datadir/user/libraries/Antares_ESP8266_HTTP
  Not used: /home/ec2-user/arduino-testlib/cli-datadir/user/libraries/CoogleIOT
</pre>

					
					<h4>examples/1_send_data</h4>
					<p>
						Result: <b>FAIL</b>
					</p>
					<pre class="pre-scrollable">In file included from /home/ec2-user/arduino-testlib/cli-datadir/user/libraries/LiveObjectsSDK/examples/1_send_data/1_send_data.ino:5:0:
/home/ec2-user/arduino-testlib/cli-datadir/user/libraries/LiveObjectsSDK/src/LiveObjects.h:87:8: error: &#39;LiveObjects&#39; does not name a type
 extern LiveObjects&amp; lo;
        ^~~~~~~~~~~
/home/ec2-user/arduino-testlib/cli-datadir/user/libraries/LiveObjectsSDK/examples/1_send_data/1_send_data.ino: In function &#39;void setup()&#39;:
/home/ec2-user/arduino-testlib/cli-datadir/user/libraries/LiveObjectsSDK/examples/1_send_data/1_send_data.ino:19:16: error: &#39;SW_REVISION&#39; was not declared in this scope
   Serial.print(SW_REVISION);
                ^~~~~~~~~~~
/home/ec2-user/arduino-testlib/cli-datadir/user/libraries/LiveObjectsSDK/examples/1_send_data/1_send_data.ino:21:3: error: &#39;lo&#39; was not declared in this scope
   lo.setSecurity(TLS);
   ^~
/home/ec2-user/arduino-testlib/cli-datadir/user/libraries/LiveObjectsSDK/examples/1_send_data/1_send_data.ino:21:3: note: suggested alternative: &#39;log&#39;
   lo.setSecurity(TLS);
   ^~
   log
/home/ec2-user/arduino-testlib/cli-datadir/user/libraries/LiveObjectsSDK/examples/1_send_data/1_send_data.ino:21:18: error: &#39;TLS&#39; was not declared in this scope
   lo.setSecurity(TLS);
                  ^~~
/home/ec2-user/arduino-testlib/cli-datadir/user/libraries/LiveObjectsSDK/examples/1_send_data/1_send_data.ino:22:12: error: &#39;MQTT&#39; was not declared in this scope
   lo.begin(MQTT, TEXT, true);
            ^~~~
/home/ec2-user/arduino-testlib/cli-datadir/user/libraries/LiveObjectsSDK/examples/1_send_data/1_send_data.ino:22:18: error: &#39;TEXT&#39; was not declared in this scope
   lo.begin(MQTT, TEXT, true);
                  ^~~~
/home/ec2-user/arduino-testlib/cli-datadir/user/libraries/LiveObjectsSDK/examples/1_send_data/1_send_data.ino:22:18: note: suggested alternative: &#39;HEX&#39;
   lo.begin(MQTT, TEXT, true);
                  ^~~~
                  HEX
/home/ec2-user/arduino-testlib/cli-datadir/user/libraries/LiveObjectsSDK/examples/1_send_data/1_send_data.ino: In function &#39;void loop()&#39;:
/home/ec2-user/arduino-testlib/cli-datadir/user/libraries/LiveObjectsSDK/examples/1_send_data/1_send_data.ino:31:5: error: &#39;lo&#39; was not declared in this scope
     lo.addToPayload(&#34;uptime&#34;, uptime);               // adding &#39;uptime&#39; value to the current payload
     ^~
/home/ec2-user/arduino-testlib/cli-datadir/user/libraries/LiveObjectsSDK/examples/1_send_data/1_send_data.ino:31:5: note: suggested alternative: &#39;log&#39;
     lo.addToPayload(&#34;uptime&#34;, uptime);               // adding &#39;uptime&#39; value to the current payload
     ^~
     log
/home/ec2-user/arduino-testlib/cli-datadir/user/libraries/LiveObjectsSDK/examples/1_send_data/1_send_data.ino:36:3: error: &#39;lo&#39; was not declared in this scope
   lo.loop();                             // don&#39;t forget to keep this in your main loop
   ^~
/home/ec2-user/arduino-testlib/cli-datadir/user/libraries/LiveObjectsSDK/examples/1_send_data/1_send_data.ino:36:3: note: suggested alternative: &#39;log&#39;
   lo.loop();                             // don&#39;t forget to keep this in your main loop
   ^~
   log
Multiple libraries were found for &#34;ArduinoJson.h&#34;
  Used: /home/ec2-user/arduino-testlib/cli-datadir/user/libraries/ArduinoJson
  Not used: /home/ec2-user/arduino-testlib/cli-datadir/user/libraries/AllThingsTalk_LTE-M_SDK
  Not used: /home/ec2-user/arduino-testlib/cli-datadir/user/libraries/CoogleIOT
  Not used: /home/ec2-user/arduino-testlib/cli-datadir/user/libraries/Antares_ESP8266_HTTP
  Not used: /home/ec2-user/arduino-testlib/cli-datadir/user/libraries/BaleMessengerBot_Arduino
  Not used: /home/ec2-user/arduino-testlib/cli-datadir/user/libraries/ThingESP
  Not used: /home/ec2-user/arduino-testlib/cli-datadir/user/libraries/Antares_ESP8266_MQTT
  Not used: /home/ec2-user/arduino-testlib/cli-datadir/user/libraries/CMMC_MQTT_Connector
  Not used: /home/ec2-user/arduino-testlib/cli-datadir/user/libraries/ThingsIoT
</pre>
					
					<h4>examples/2_simple_parameters</h4>
					<p>
						Result: <b>FAIL</b>
					</p>
					<pre class="pre-scrollable">In file included from /home/ec2-user/arduino-testlib/cli-datadir/user/libraries/LiveObjectsSDK/examples/2_simple_parameters/2_simple_parameters.ino:6:0:
/home/ec2-user/arduino-testlib/cli-datadir/user/libraries/LiveObjectsSDK/src/LiveObjects.h:87:8: error: &#39;LiveObjects&#39; does not name a type
 extern LiveObjects&amp; lo;
        ^~~~~~~~~~~
/home/ec2-user/arduino-testlib/cli-datadir/user/libraries/LiveObjectsSDK/examples/2_simple_parameters/2_simple_parameters.ino: In function &#39;void setup()&#39;:
/home/ec2-user/arduino-testlib/cli-datadir/user/libraries/LiveObjectsSDK/examples/2_simple_parameters/2_simple_parameters.ino:24:16: error: &#39;SW_REVISION&#39; was not declared in this scope
   Serial.print(SW_REVISION);
                ^~~~~~~~~~~
/home/ec2-user/arduino-testlib/cli-datadir/user/libraries/LiveObjectsSDK/examples/2_simple_parameters/2_simple_parameters.ino:31:3: error: &#39;lo&#39; was not declared in this scope
   lo.addParameter(&#34;message rate (milliseconds)&#34;, messageRate);
   ^~
/home/ec2-user/arduino-testlib/cli-datadir/user/libraries/LiveObjectsSDK/examples/2_simple_parameters/2_simple_parameters.ino:31:3: note: suggested alternative: &#39;log&#39;
   lo.addParameter(&#34;message rate (milliseconds)&#34;, messageRate);
   ^~
   log
/home/ec2-user/arduino-testlib/cli-datadir/user/libraries/LiveObjectsSDK/examples/2_simple_parameters/2_simple_parameters.ino:32:18: error: &#39;TLS&#39; was not declared in this scope
   lo.setSecurity(TLS);
                  ^~~
/home/ec2-user/arduino-testlib/cli-datadir/user/libraries/LiveObjectsSDK/examples/2_simple_parameters/2_simple_parameters.ino:33:12: error: &#39;MQTT&#39; was not declared in this scope
   lo.begin(MQTT, TEXT, true);
            ^~~~
/home/ec2-user/arduino-testlib/cli-datadir/user/libraries/LiveObjectsSDK/examples/2_simple_parameters/2_simple_parameters.ino:33:18: error: &#39;TEXT&#39; was not declared in this scope
   lo.begin(MQTT, TEXT, true);
                  ^~~~
/home/ec2-user/arduino-testlib/cli-datadir/user/libraries/LiveObjectsSDK/examples/2_simple_parameters/2_simple_parameters.ino:33:18: note: suggested alternative: &#39;HEX&#39;
   lo.begin(MQTT, TEXT, true);
                  ^~~~
                  HEX
/home/ec2-user/arduino-testlib/cli-datadir/user/libraries/LiveObjectsSDK/examples/2_simple_parameters/2_simple_parameters.ino: In function &#39;void loop()&#39;:
/home/ec2-user/arduino-testlib/cli-datadir/user/libraries/LiveObjectsSDK/examples/2_simple_parameters/2_simple_parameters.ino:42:5: error: &#39;lo&#39; was not declared in this scope
     lo.addToPayload(&#34;uptime&#34;, uptime);               // adding &#39;uptime&#39; value to the current payload
     ^~
/home/ec2-user/arduino-testlib/cli-datadir/user/libraries/LiveObjectsSDK/examples/2_simple_parameters/2_simple_parameters.ino:42:5: note: suggested alternative: &#39;log&#39;
     lo.addToPayload(&#34;uptime&#34;, uptime);               // adding &#39;uptime&#39; value to the current payload
     ^~
     log
/home/ec2-user/arduino-testlib/cli-datadir/user/libraries/LiveObjectsSDK/examples/2_simple_parameters/2_simple_parameters.ino:48:3: error: &#39;lo&#39; was not declared in this scope
   lo.loop();                             // don&#39;t forget to keep this in your main loop
   ^~
/home/ec2-user/arduino-testlib/cli-datadir/user/libraries/LiveObjectsSDK/examples/2_simple_parameters/2_simple_parameters.ino:48:3: note: suggested alternative: &#39;log&#39;
   lo.loop();                             // don&#39;t forget to keep this in your main loop
   ^~
   log
Multiple libraries were found for &#34;ArduinoJson.h&#34;
  Used: /home/ec2-user/arduino-testlib/cli-datadir/user/libraries/ArduinoJson
  Not used: /home/ec2-user/arduino-testlib/cli-datadir/user/libraries/CoogleIOT
  Not used: /home/ec2-user/arduino-testlib/cli-datadir/user/libraries/Antares_ESP8266_MQTT
  Not used: /home/ec2-user/arduino-testlib/cli-datadir/user/libraries/ThingESP
  Not used: /home/ec2-user/arduino-testlib/cli-datadir/user/libraries/BaleMessengerBot_Arduino
  Not used: /home/ec2-user/arduino-testlib/cli-datadir/user/libraries/ThingsIoT
  Not used: /home/ec2-user/arduino-testlib/cli-datadir/user/libraries/AllThingsTalk_LTE-M_SDK
  Not used: /home/ec2-user/arduino-testlib/cli-datadir/user/libraries/CMMC_MQTT_Connector
  Not used: /home/ec2-user/arduino-testlib/cli-datadir/user/libraries/Antares_ESP8266_HTTP
</pre>
					
					<h4>examples/3_Parameter_with_callback</h4>
					<p>
						Result: <b>FAIL</b>
					</p>
					<pre class="pre-scrollable">In file included from /home/ec2-user/arduino-testlib/cli-datadir/user/libraries/LiveObjectsSDK/examples/3_Parameter_with_callback/3_Parameter_with_callback.ino:5:0:
/home/ec2-user/arduino-testlib/cli-datadir/user/libraries/LiveObjectsSDK/src/LiveObjects.h:87:8: error: &#39;LiveObjects&#39; does not name a type
 extern LiveObjects&amp; lo;
        ^~~~~~~~~~~
/home/ec2-user/arduino-testlib/cli-datadir/user/libraries/LiveObjectsSDK/examples/3_Parameter_with_callback/3_Parameter_with_callback.ino: In function &#39;void setup()&#39;:
/home/ec2-user/arduino-testlib/cli-datadir/user/libraries/LiveObjectsSDK/examples/3_Parameter_with_callback/3_Parameter_with_callback.ino:32:16: error: &#39;SW_REVISION&#39; was not declared in this scope
   Serial.print(SW_REVISION);
                ^~~~~~~~~~~
/home/ec2-user/arduino-testlib/cli-datadir/user/libraries/LiveObjectsSDK/examples/3_Parameter_with_callback/3_Parameter_with_callback.ino:40:3: error: &#39;lo&#39; was not declared in this scope
   lo.addParameter(&#34;message rate (seconds)&#34;, messageRate, processMsgRate); // connects to the network &#43; Live Objects
   ^~
/home/ec2-user/arduino-testlib/cli-datadir/user/libraries/LiveObjectsSDK/examples/3_Parameter_with_callback/3_Parameter_with_callback.ino:40:3: note: suggested alternative: &#39;log&#39;
   lo.addParameter(&#34;message rate (seconds)&#34;, messageRate, processMsgRate); // connects to the network &#43; Live Objects
   ^~
   log
/home/ec2-user/arduino-testlib/cli-datadir/user/libraries/LiveObjectsSDK/examples/3_Parameter_with_callback/3_Parameter_with_callback.ino:41:18: error: &#39;TLS&#39; was not declared in this scope
   lo.setSecurity(TLS);
                  ^~~
/home/ec2-user/arduino-testlib/cli-datadir/user/libraries/LiveObjectsSDK/examples/3_Parameter_with_callback/3_Parameter_with_callback.ino:42:12: error: &#39;MQTT&#39; was not declared in this scope
   lo.begin(MQTT, TEXT, true);
            ^~~~
/home/ec2-user/arduino-testlib/cli-datadir/user/libraries/LiveObjectsSDK/examples/3_Parameter_with_callback/3_Parameter_with_callback.ino:42:18: error: &#39;TEXT&#39; was not declared in this scope
   lo.begin(MQTT, TEXT, true);
                  ^~~~
/home/ec2-user/arduino-testlib/cli-datadir/user/libraries/LiveObjectsSDK/examples/3_Parameter_with_callback/3_Parameter_with_callback.ino:42:18: note: suggested alternative: &#39;HEX&#39;
   lo.begin(MQTT, TEXT, true);
                  ^~~~
                  HEX
/home/ec2-user/arduino-testlib/cli-datadir/user/libraries/LiveObjectsSDK/examples/3_Parameter_with_callback/3_Parameter_with_callback.ino: In function &#39;void loop()&#39;:
/home/ec2-user/arduino-testlib/cli-datadir/user/libraries/LiveObjectsSDK/examples/3_Parameter_with_callback/3_Parameter_with_callback.ino:51:5: error: &#39;lo&#39; was not declared in this scope
     lo.addToPayload(&#34;uptime&#34;, uptime);               // adding &#39;uptime&#39; value to the current payload
     ^~
/home/ec2-user/arduino-testlib/cli-datadir/user/libraries/LiveObjectsSDK/examples/3_Parameter_with_callback/3_Parameter_with_callback.ino:51:5: note: suggested alternative: &#39;log&#39;
     lo.addToPayload(&#34;uptime&#34;, uptime);               // adding &#39;uptime&#39; value to the current payload
     ^~
     log
/home/ec2-user/arduino-testlib/cli-datadir/user/libraries/LiveObjectsSDK/examples/3_Parameter_with_callback/3_Parameter_with_callback.ino:57:3: error: &#39;lo&#39; was not declared in this scope
   lo.loop();                             // don&#39;t forget to keep this in your main loop
   ^~
/home/ec2-user/arduino-testlib/cli-datadir/user/libraries/LiveObjectsSDK/examples/3_Parameter_with_callback/3_Parameter_with_callback.ino:57:3: note: suggested alternative: &#39;log&#39;
   lo.loop();                             // don&#39;t forget to keep this in your main loop
   ^~
   log
Multiple libraries were found for &#34;ArduinoJson.h&#34;
  Used: /home/ec2-user/arduino-testlib/cli-datadir/user/libraries/ArduinoJson
  Not used: /home/ec2-user/arduino-testlib/cli-datadir/user/libraries/AllThingsTalk_LTE-M_SDK
  Not used: /home/ec2-user/arduino-testlib/cli-datadir/user/libraries/Antares_ESP8266_HTTP
  Not used: /home/ec2-user/arduino-testlib/cli-datadir/user/libraries/CMMC_MQTT_Connector
  Not used: /home/ec2-user/arduino-testlib/cli-datadir/user/libraries/Antares_ESP8266_MQTT
  Not used: /home/ec2-user/arduino-testlib/cli-datadir/user/libraries/ThingESP
  Not used: /home/ec2-user/arduino-testlib/cli-datadir/user/libraries/ThingsIoT
  Not used: /home/ec2-user/arduino-testlib/cli-datadir/user/libraries/BaleMessengerBot_Arduino
  Not used: /home/ec2-user/arduino-testlib/cli-datadir/user/libraries/CoogleIOT
</pre>
					
					<h4>examples/4_Simple_command</h4>
					<p>
						Result: <b>FAIL</b>
					</p>
					<pre class="pre-scrollable">In file included from /home/ec2-user/arduino-testlib/cli-datadir/user/libraries/LiveObjectsSDK/examples/4_Simple_command/4_Simple_command.ino:5:0:
/home/ec2-user/arduino-testlib/cli-datadir/user/libraries/LiveObjectsSDK/src/LiveObjects.h:87:8: error: &#39;LiveObjects&#39; does not name a type
 extern LiveObjects&amp; lo;
        ^~~~~~~~~~~
/home/ec2-user/arduino-testlib/cli-datadir/user/libraries/LiveObjectsSDK/examples/4_Simple_command/4_Simple_command.ino: In function &#39;void setup()&#39;:
/home/ec2-user/arduino-testlib/cli-datadir/user/libraries/LiveObjectsSDK/examples/4_Simple_command/4_Simple_command.ino:36:16: error: &#39;SW_REVISION&#39; was not declared in this scope
   Serial.print(SW_REVISION);
                ^~~~~~~~~~~
/home/ec2-user/arduino-testlib/cli-datadir/user/libraries/LiveObjectsSDK/examples/4_Simple_command/4_Simple_command.ino:40:3: error: &#39;lo&#39; was not declared in this scope
   lo.addCommand(&#34;blink&#34;, blinkLED5times);
   ^~
/home/ec2-user/arduino-testlib/cli-datadir/user/libraries/LiveObjectsSDK/examples/4_Simple_command/4_Simple_command.ino:40:3: note: suggested alternative: &#39;log&#39;
   lo.addCommand(&#34;blink&#34;, blinkLED5times);
   ^~
   log
/home/ec2-user/arduino-testlib/cli-datadir/user/libraries/LiveObjectsSDK/examples/4_Simple_command/4_Simple_command.ino:41:18: error: &#39;TLS&#39; was not declared in this scope
   lo.setSecurity(TLS);
                  ^~~
/home/ec2-user/arduino-testlib/cli-datadir/user/libraries/LiveObjectsSDK/examples/4_Simple_command/4_Simple_command.ino:42:12: error: &#39;MQTT&#39; was not declared in this scope
   lo.begin(MQTT, TEXT, true);
            ^~~~
/home/ec2-user/arduino-testlib/cli-datadir/user/libraries/LiveObjectsSDK/examples/4_Simple_command/4_Simple_command.ino:42:18: error: &#39;TEXT&#39; was not declared in this scope
   lo.begin(MQTT, TEXT, true);
                  ^~~~
/home/ec2-user/arduino-testlib/cli-datadir/user/libraries/LiveObjectsSDK/examples/4_Simple_command/4_Simple_command.ino:42:18: note: suggested alternative: &#39;HEX&#39;
   lo.begin(MQTT, TEXT, true);
                  ^~~~
                  HEX
/home/ec2-user/arduino-testlib/cli-datadir/user/libraries/LiveObjectsSDK/examples/4_Simple_command/4_Simple_command.ino: In function &#39;void loop()&#39;:
/home/ec2-user/arduino-testlib/cli-datadir/user/libraries/LiveObjectsSDK/examples/4_Simple_command/4_Simple_command.ino:51:5: error: &#39;lo&#39; was not declared in this scope
     lo.addToPayload(&#34;uptime&#34;, uptime);               // adding &#39;uptime&#39; value to the current payload
     ^~
/home/ec2-user/arduino-testlib/cli-datadir/user/libraries/LiveObjectsSDK/examples/4_Simple_command/4_Simple_command.ino:51:5: note: suggested alternative: &#39;log&#39;
     lo.addToPayload(&#34;uptime&#34;, uptime);               // adding &#39;uptime&#39; value to the current payload
     ^~
     log
/home/ec2-user/arduino-testlib/cli-datadir/user/libraries/LiveObjectsSDK/examples/4_Simple_command/4_Simple_command.ino:58:3: error: &#39;lo&#39; was not declared in this scope
   lo.loop();                             // don&#39;t forget to keep this in your main loop
   ^~
/home/ec2-user/arduino-testlib/cli-datadir/user/libraries/LiveObjectsSDK/examples/4_Simple_command/4_Simple_command.ino:58:3: note: suggested alternative: &#39;log&#39;
   lo.loop();                             // don&#39;t forget to keep this in your main loop
   ^~
   log
Multiple libraries were found for &#34;ArduinoJson.h&#34;
  Used: /home/ec2-user/arduino-testlib/cli-datadir/user/libraries/ArduinoJson
  Not used: /home/ec2-user/arduino-testlib/cli-datadir/user/libraries/AllThingsTalk_LTE-M_SDK
  Not used: /home/ec2-user/arduino-testlib/cli-datadir/user/libraries/ThingsIoT
  Not used: /home/ec2-user/arduino-testlib/cli-datadir/user/libraries/ThingESP
  Not used: /home/ec2-user/arduino-testlib/cli-datadir/user/libraries/Antares_ESP8266_HTTP
  Not used: /home/ec2-user/arduino-testlib/cli-datadir/user/libraries/CMMC_MQTT_Connector
  Not used: /home/ec2-user/arduino-testlib/cli-datadir/user/libraries/CoogleIOT
  Not used: /home/ec2-user/arduino-testlib/cli-datadir/user/libraries/BaleMessengerBot_Arduino
  Not used: /home/ec2-user/arduino-testlib/cli-datadir/user/libraries/Antares_ESP8266_MQTT
</pre>
					
					<h4>examples/5_Command_with_arguments</h4>
					<p>
						Result: <b>FAIL</b>
					</p>
					<pre class="pre-scrollable">In file included from /home/ec2-user/arduino-testlib/cli-datadir/user/libraries/LiveObjectsSDK/examples/5_Command_with_arguments/5_Command_with_arguments.ino:5:0:
/home/ec2-user/arduino-testlib/cli-datadir/user/libraries/LiveObjectsSDK/src/LiveObjects.h:87:8: error: &#39;LiveObjects&#39; does not name a type
 extern LiveObjects&amp; lo;
        ^~~~~~~~~~~
/home/ec2-user/arduino-testlib/cli-datadir/user/libraries/LiveObjectsSDK/examples/5_Command_with_arguments/5_Command_with_arguments.ino: In function &#39;void blinkLED(arduino::String, arduino::String&amp;)&#39;:
/home/ec2-user/arduino-testlib/cli-datadir/user/libraries/LiveObjectsSDK/examples/5_Command_with_arguments/5_Command_with_arguments.ino:28:3: error: &#39;StaticJsonDocument&#39; was not declared in this scope
   StaticJsonDocument&lt;128&gt; incomingArguments;  // creation of a JSON document called &#34;incomingArguments&#34; that will holds the arguments
   ^~~~~~~~~~~~~~~~~~
/home/ec2-user/arduino-testlib/cli-datadir/user/libraries/LiveObjectsSDK/examples/5_Command_with_arguments/5_Command_with_arguments.ino:28:27: error: &#39;incomingArguments&#39; was not declared in this scope
   StaticJsonDocument&lt;128&gt; incomingArguments;  // creation of a JSON document called &#34;incomingArguments&#34; that will holds the arguments
                           ^~~~~~~~~~~~~~~~~
/home/ec2-user/arduino-testlib/cli-datadir/user/libraries/LiveObjectsSDK/examples/5_Command_with_arguments/5_Command_with_arguments.ino:29:3: error: &#39;deserializeJson&#39; was not declared in this scope
   deserializeJson(incomingArguments, arguments);  // extraction of JSON data
   ^~~~~~~~~~~~~~~
/home/ec2-user/arduino-testlib/cli-datadir/user/libraries/LiveObjectsSDK/examples/5_Command_with_arguments/5_Command_with_arguments.ino:46:27: error: &#39;outgoingResponse&#39; was not declared in this scope
   StaticJsonDocument&lt;128&gt; outgoingResponse;  // creation of a JSON document that will hold the response
                           ^~~~~~~~~~~~~~~~
/home/ec2-user/arduino-testlib/cli-datadir/user/libraries/LiveObjectsSDK/examples/5_Command_with_arguments/5_Command_with_arguments.ino:48:3: error: &#39;serializeJson&#39; was not declared in this scope
   serializeJson(outgoingResponse, response);  // exporting JSON in &#39;reponse&#39; String
   ^~~~~~~~~~~~~
/home/ec2-user/arduino-testlib/cli-datadir/user/libraries/LiveObjectsSDK/examples/5_Command_with_arguments/5_Command_with_arguments.ino:48:3: note: suggested alternative: &#39;serial_s&#39;
   serializeJson(outgoingResponse, response);  // exporting JSON in &#39;reponse&#39; String
   ^~~~~~~~~~~~~
   serial_s
/home/ec2-user/arduino-testlib/cli-datadir/user/libraries/LiveObjectsSDK/examples/5_Command_with_arguments/5_Command_with_arguments.ino: In function &#39;void setup()&#39;:
/home/ec2-user/arduino-testlib/cli-datadir/user/libraries/LiveObjectsSDK/examples/5_Command_with_arguments/5_Command_with_arguments.ino:56:16: error: &#39;SW_REVISION&#39; was not declared in this scope
   Serial.print(SW_REVISION);
                ^~~~~~~~~~~
/home/ec2-user/arduino-testlib/cli-datadir/user/libraries/LiveObjectsSDK/examples/5_Command_with_arguments/5_Command_with_arguments.ino:60:3: error: &#39;lo&#39; was not declared in this scope
   lo.addCommand(&#34;blink&#34;, blinkLED);
   ^~
/home/ec2-user/arduino-testlib/cli-datadir/user/libraries/LiveObjectsSDK/examples/5_Command_with_arguments/5_Command_with_arguments.ino:60:3: note: suggested alternative: &#39;log&#39;
   lo.addCommand(&#34;blink&#34;, blinkLED);
   ^~
   log
/home/ec2-user/arduino-testlib/cli-datadir/user/libraries/LiveObjectsSDK/examples/5_Command_with_arguments/5_Command_with_arguments.ino:61:18: error: &#39;TLS&#39; was not declared in this scope
   lo.setSecurity(TLS);
                  ^~~
/home/ec2-user/arduino-testlib/cli-datadir/user/libraries/LiveObjectsSDK/examples/5_Command_with_arguments/5_Command_with_arguments.ino:62:12: error: &#39;MQTT&#39; was not declared in this scope
   lo.begin(MQTT, TEXT, true);
            ^~~~
/home/ec2-user/arduino-testlib/cli-datadir/user/libraries/LiveObjectsSDK/examples/5_Command_with_arguments/5_Command_with_arguments.ino:62:18: error: &#39;TEXT&#39; was not declared in this scope
   lo.begin(MQTT, TEXT, true);
                  ^~~~
/home/ec2-user/arduino-testlib/cli-datadir/user/libraries/LiveObjectsSDK/examples/5_Command_with_arguments/5_Command_with_arguments.ino:62:18: note: suggested alternative: &#39;HEX&#39;
   lo.begin(MQTT, TEXT, true);
                  ^~~~
                  HEX
/home/ec2-user/arduino-testlib/cli-datadir/user/libraries/LiveObjectsSDK/examples/5_Command_with_arguments/5_Command_with_arguments.ino: In function &#39;void loop()&#39;:
/home/ec2-user/arduino-testlib/cli-datadir/user/libraries/LiveObjectsSDK/examples/5_Command_with_arguments/5_Command_with_arguments.ino:71:5: error: &#39;lo&#39; was not declared in this scope
     lo.addToPayload(&#34;uptime&#34;, uptime);               // adding &#39;uptime&#39; value to the current payload
     ^~
/home/ec2-user/arduino-testlib/cli-datadir/user/libraries/LiveObjectsSDK/examples/5_Command_with_arguments/5_Command_with_arguments.ino:71:5: note: suggested alternative: &#39;log&#39;
     lo.addToPayload(&#34;uptime&#34;, uptime);               // adding &#39;uptime&#39; value to the current payload
     ^~
     log
/home/ec2-user/arduino-testlib/cli-datadir/user/libraries/LiveObjectsSDK/examples/5_Command_with_arguments/5_Command_with_arguments.ino:78:3: error: &#39;lo&#39; was not declared in this scope
   lo.loop();                             // don&#39;t forget to keep this in your main loop
   ^~
/home/ec2-user/arduino-testlib/cli-datadir/user/libraries/LiveObjectsSDK/examples/5_Command_with_arguments/5_Command_with_arguments.ino:78:3: note: suggested alternative: &#39;log&#39;
   lo.loop();                             // don&#39;t forget to keep this in your main loop
   ^~
   log
Multiple libraries were found for &#34;ArduinoJson.h&#34;
  Used: /home/ec2-user/arduino-testlib/cli-datadir/user/libraries/ArduinoJson
  Not used: /home/ec2-user/arduino-testlib/cli-datadir/user/libraries/CoogleIOT
  Not used: /home/ec2-user/arduino-testlib/cli-datadir/user/libraries/Antares_ESP8266_HTTP
  Not used: /home/ec2-user/arduino-testlib/cli-datadir/user/libraries/BaleMessengerBot_Arduino
  Not used: /home/ec2-user/arduino-testlib/cli-datadir/user/libraries/ThingESP
  Not used: /home/ec2-user/arduino-testlib/cli-datadir/user/libraries/AllThingsTalk_LTE-M_SDK
  Not used: /home/ec2-user/arduino-testlib/cli-datadir/user/libraries/ThingsIoT
  Not used: /home/ec2-user/arduino-testlib/cli-datadir/user/libraries/Antares_ESP8266_MQTT
  Not used: /home/ec2-user/arduino-testlib/cli-datadir/user/libraries/CMMC_MQTT_Connector
</pre>
					
					<h4>examples/6_sms_send_data</h4>
					<p>
						Result: <b>FAIL</b>
					</p>
					<pre class="pre-scrollable">In file included from /home/ec2-user/arduino-testlib/cli-datadir/user/libraries/LiveObjectsSDK/examples/6_sms_send_data/6_sms_send_data.ino:5:0:
/home/ec2-user/arduino-testlib/cli-datadir/user/libraries/LiveObjectsSDK/src/LiveObjects.h:87:8: error: &#39;LiveObjects&#39; does not name a type
 extern LiveObjects&amp; lo;
        ^~~~~~~~~~~
/home/ec2-user/arduino-testlib/cli-datadir/user/libraries/LiveObjectsSDK/examples/6_sms_send_data/6_sms_send_data.ino: In function &#39;void setup()&#39;:
/home/ec2-user/arduino-testlib/cli-datadir/user/libraries/LiveObjectsSDK/examples/6_sms_send_data/6_sms_send_data.ino:19:16: error: &#39;SW_REVISION&#39; was not declared in this scope
   Serial.print(SW_REVISION);
                ^~~~~~~~~~~
/home/ec2-user/arduino-testlib/cli-datadir/user/libraries/LiveObjectsSDK/examples/6_sms_send_data/6_sms_send_data.ino:21:3: error: &#39;lo&#39; was not declared in this scope
   lo.begin(SMS, TEXT, true);
   ^~
/home/ec2-user/arduino-testlib/cli-datadir/user/libraries/LiveObjectsSDK/examples/6_sms_send_data/6_sms_send_data.ino:21:3: note: suggested alternative: &#39;log&#39;
   lo.begin(SMS, TEXT, true);
   ^~
   log
/home/ec2-user/arduino-testlib/cli-datadir/user/libraries/LiveObjectsSDK/examples/6_sms_send_data/6_sms_send_data.ino:21:12: error: &#39;SMS&#39; was not declared in this scope
   lo.begin(SMS, TEXT, true);
            ^~~
/home/ec2-user/arduino-testlib/cli-datadir/user/libraries/LiveObjectsSDK/examples/6_sms_send_data/6_sms_send_data.ino:21:12: note: suggested alternative: &#39;SS&#39;
   lo.begin(SMS, TEXT, true);
            ^~~
            SS
/home/ec2-user/arduino-testlib/cli-datadir/user/libraries/LiveObjectsSDK/examples/6_sms_send_data/6_sms_send_data.ino:21:17: error: &#39;TEXT&#39; was not declared in this scope
   lo.begin(SMS, TEXT, true);
                 ^~~~
/home/ec2-user/arduino-testlib/cli-datadir/user/libraries/LiveObjectsSDK/examples/6_sms_send_data/6_sms_send_data.ino:21:17: note: suggested alternative: &#39;HEX&#39;
   lo.begin(SMS, TEXT, true);
                 ^~~~
                 HEX
/home/ec2-user/arduino-testlib/cli-datadir/user/libraries/LiveObjectsSDK/examples/6_sms_send_data/6_sms_send_data.ino: In function &#39;void loop()&#39;:
/home/ec2-user/arduino-testlib/cli-datadir/user/libraries/LiveObjectsSDK/examples/6_sms_send_data/6_sms_send_data.ino:30:5: error: &#39;lo&#39; was not declared in this scope
     lo.addToPayload(&#34;uptime&#34;, uptime);               // adding &#39;uptime&#39; value to the current payload
     ^~
/home/ec2-user/arduino-testlib/cli-datadir/user/libraries/LiveObjectsSDK/examples/6_sms_send_data/6_sms_send_data.ino:30:5: note: suggested alternative: &#39;log&#39;
     lo.addToPayload(&#34;uptime&#34;, uptime);               // adding &#39;uptime&#39; value to the current payload
     ^~
     log
/home/ec2-user/arduino-testlib/cli-datadir/user/libraries/LiveObjectsSDK/examples/6_sms_send_data/6_sms_send_data.ino:36:3: error: &#39;lo&#39; was not declared in this scope
   lo.loop();                             // don&#39;t forget to keep this in your main loop
   ^~
/home/ec2-user/arduino-testlib/cli-datadir/user/libraries/LiveObjectsSDK/examples/6_sms_send_data/6_sms_send_data.ino:36:3: note: suggested alternative: &#39;log&#39;
   lo.loop();                             // don&#39;t forget to keep this in your main loop
   ^~
   log
Multiple libraries were found for &#34;ArduinoJson.h&#34;
  Used: /home/ec2-user/arduino-testlib/cli-datadir/user/libraries/ArduinoJson
  Not used: /home/ec2-user/arduino-testlib/cli-datadir/user/libraries/AllThingsTalk_LTE-M_SDK
  Not used: /home/ec2-user/arduino-testlib/cli-datadir/user/libraries/Antares_ESP8266_HTTP
  Not used: /home/ec2-user/arduino-testlib/cli-datadir/user/libraries/BaleMessengerBot_Arduino
  Not used: /home/ec2-user/arduino-testlib/cli-datadir/user/libraries/CoogleIOT
  Not used: /home/ec2-user/arduino-testlib/cli-datadir/user/libraries/ThingESP
  Not used: /home/ec2-user/arduino-testlib/cli-datadir/user/libraries/Antares_ESP8266_MQTT
  Not used: /home/ec2-user/arduino-testlib/cli-datadir/user/libraries/CMMC_MQTT_Connector
  Not used: /home/ec2-user/arduino-testlib/cli-datadir/user/libraries/ThingsIoT
</pre>
					
				
				<h3 id="arduino:megaavr:nona4809">arduino:megaavr:nona4809 @ 1.8.7</h3>
				<h4>Inclusion</h4>
				<p>
					Result: <b>FAIL</b>
					
				</p>
				<pre class="pre-scrollable">In file included from /home/ec2-user/arduino-testlib/cli-datadir/user/libraries/LiveObjectsSDK/src/LiveObjectsBase.cpp:8:0:
/home/ec2-user/arduino-testlib/cli-datadir/user/libraries/LiveObjectsSDK/src/LiveObjectsBase.h:45:10: fatal error: ctime: No such file or directory
 #include &lt;ctime&gt;
          ^~~~~~~
compilation terminated.
Multiple libraries were found for &#34;ArduinoJson.h&#34;
  Used: /home/ec2-user/arduino-testlib/cli-datadir/user/libraries/ArduinoJson
  Not used: /home/ec2-user/arduino-testlib/cli-datadir/user/libraries/CoogleIOT
  Not used: /home/ec2-user/arduino-testlib/cli-datadir/user/libraries/Antares_ESP8266_HTTP
  Not used: /home/ec2-user/arduino-testlib/cli-datadir/user/libraries/ThingsIoT
  Not used: /home/ec2-user/arduino-testlib/cli-datadir/user/libraries/AllThingsTalk_LTE-M_SDK
  Not used: /home/ec2-user/arduino-testlib/cli-datadir/user/libraries/CMMC_MQTT_Connector
  Not used: /home/ec2-user/arduino-testlib/cli-datadir/user/libraries/BaleMessengerBot_Arduino
  Not used: /home/ec2-user/arduino-testlib/cli-datadir/user/libraries/Antares_ESP8266_MQTT
  Not used: /home/ec2-user/arduino-testlib/cli-datadir/user/libraries/ThingESP
</pre>

					
					<h4>examples/1_send_data</h4>
					<p>
						Result: <b>FAIL</b>
					</p>
					<pre class="pre-scrollable">In file included from /home/ec2-user/arduino-testlib/cli-datadir/user/libraries/LiveObjectsSDK/src/LiveObjectsBase.cpp:8:0:
/home/ec2-user/arduino-testlib/cli-datadir/user/libraries/LiveObjectsSDK/src/LiveObjectsBase.h:45:10: fatal error: ctime: No such file or directory
 #include &lt;ctime&gt;
          ^~~~~~~
compilation terminated.
Multiple libraries were found for &#34;ArduinoJson.h&#34;
  Used: /home/ec2-user/arduino-testlib/cli-datadir/user/libraries/ArduinoJson
  Not used: /home/ec2-user/arduino-testlib/cli-datadir/user/libraries/ThingESP
  Not used: /home/ec2-user/arduino-testlib/cli-datadir/user/libraries/BaleMessengerBot_Arduino
  Not used: /home/ec2-user/arduino-testlib/cli-datadir/user/libraries/AllThingsTalk_LTE-M_SDK
  Not used: /home/ec2-user/arduino-testlib/cli-datadir/user/libraries/CoogleIOT
  Not used: /home/ec2-user/arduino-testlib/cli-datadir/user/libraries/CMMC_MQTT_Connector
  Not used: /home/ec2-user/arduino-testlib/cli-datadir/user/libraries/ThingsIoT
  Not used: /home/ec2-user/arduino-testlib/cli-datadir/user/libraries/Antares_ESP8266_HTTP
  Not used: /home/ec2-user/arduino-testlib/cli-datadir/user/libraries/Antares_ESP8266_MQTT
</pre>
					
					<h4>examples/2_simple_parameters</h4>
					<p>
						Result: <b>FAIL</b>
					</p>
					<pre class="pre-scrollable">In file included from /home/ec2-user/arduino-testlib/cli-datadir/user/libraries/LiveObjectsSDK/src/LiveObjectsBase.cpp:8:0:
/home/ec2-user/arduino-testlib/cli-datadir/user/libraries/LiveObjectsSDK/src/LiveObjectsBase.h:45:10: fatal error: ctime: No such file or directory
 #include &lt;ctime&gt;
          ^~~~~~~
compilation terminated.
Multiple libraries were found for &#34;ArduinoJson.h&#34;
  Used: /home/ec2-user/arduino-testlib/cli-datadir/user/libraries/ArduinoJson
  Not used: /home/ec2-user/arduino-testlib/cli-datadir/user/libraries/CMMC_MQTT_Connector
  Not used: /home/ec2-user/arduino-testlib/cli-datadir/user/libraries/Antares_ESP8266_HTTP
  Not used: /home/ec2-user/arduino-testlib/cli-datadir/user/libraries/ThingESP
  Not used: /home/ec2-user/arduino-testlib/cli-datadir/user/libraries/ThingsIoT
  Not used: /home/ec2-user/arduino-testlib/cli-datadir/user/libraries/AllThingsTalk_LTE-M_SDK
  Not used: /home/ec2-user/arduino-testlib/cli-datadir/user/libraries/Antares_ESP8266_MQTT
  Not used: /home/ec2-user/arduino-testlib/cli-datadir/user/libraries/BaleMessengerBot_Arduino
  Not used: /home/ec2-user/arduino-testlib/cli-datadir/user/libraries/CoogleIOT
</pre>
					
					<h4>examples/3_Parameter_with_callback</h4>
					<p>
						Result: <b>FAIL</b>
					</p>
					<pre class="pre-scrollable">In file included from /home/ec2-user/arduino-testlib/cli-datadir/user/libraries/LiveObjectsSDK/src/LiveObjectsBase.cpp:8:0:
/home/ec2-user/arduino-testlib/cli-datadir/user/libraries/LiveObjectsSDK/src/LiveObjectsBase.h:45:10: fatal error: ctime: No such file or directory
 #include &lt;ctime&gt;
          ^~~~~~~
compilation terminated.
Multiple libraries were found for &#34;ArduinoJson.h&#34;
  Used: /home/ec2-user/arduino-testlib/cli-datadir/user/libraries/ArduinoJson
  Not used: /home/ec2-user/arduino-testlib/cli-datadir/user/libraries/ThingESP
  Not used: /home/ec2-user/arduino-testlib/cli-datadir/user/libraries/CMMC_MQTT_Connector
  Not used: /home/ec2-user/arduino-testlib/cli-datadir/user/libraries/Antares_ESP8266_MQTT
  Not used: /home/ec2-user/arduino-testlib/cli-datadir/user/libraries/Antares_ESP8266_HTTP
  Not used: /home/ec2-user/arduino-testlib/cli-datadir/user/libraries/AllThingsTalk_LTE-M_SDK
  Not used: /home/ec2-user/arduino-testlib/cli-datadir/user/libraries/BaleMessengerBot_Arduino
  Not used: /home/ec2-user/arduino-testlib/cli-datadir/user/libraries/ThingsIoT
  Not used: /home/ec2-user/arduino-testlib/cli-datadir/user/libraries/CoogleIOT
</pre>
					
					<h4>examples/4_Simple_command</h4>
					<p>
						Result: <b>FAIL</b>
					</p>
					<pre class="pre-scrollable">In file included from /home/ec2-user/arduino-testlib/cli-datadir/user/libraries/LiveObjectsSDK/src/LiveObjectsBase.cpp:8:0:
/home/ec2-user/arduino-testlib/cli-datadir/user/libraries/LiveObjectsSDK/src/LiveObjectsBase.h:45:10: fatal error: ctime: No such file or directory
 #include &lt;ctime&gt;
          ^~~~~~~
compilation terminated.
Multiple libraries were found for &#34;ArduinoJson.h&#34;
  Used: /home/ec2-user/arduino-testlib/cli-datadir/user/libraries/ArduinoJson
  Not used: /home/ec2-user/arduino-testlib/cli-datadir/user/libraries/ThingESP
  Not used: /home/ec2-user/arduino-testlib/cli-datadir/user/libraries/CoogleIOT
  Not used: /home/ec2-user/arduino-testlib/cli-datadir/user/libraries/Antares_ESP8266_MQTT
  Not used: /home/ec2-user/arduino-testlib/cli-datadir/user/libraries/AllThingsTalk_LTE-M_SDK
  Not used: /home/ec2-user/arduino-testlib/cli-datadir/user/libraries/CMMC_MQTT_Connector
  Not used: /home/ec2-user/arduino-testlib/cli-datadir/user/libraries/ThingsIoT
  Not used: /home/ec2-user/arduino-testlib/cli-datadir/user/libraries/BaleMessengerBot_Arduino
  Not used: /home/ec2-user/arduino-testlib/cli-datadir/user/libraries/Antares_ESP8266_HTTP
</pre>
					
					<h4>examples/5_Command_with_arguments</h4>
					<p>
						Result: <b>FAIL</b>
					</p>
					<pre class="pre-scrollable">In file included from /home/ec2-user/arduino-testlib/cli-datadir/user/libraries/LiveObjectsSDK/src/LiveObjectsBase.cpp:8:0:
/home/ec2-user/arduino-testlib/cli-datadir/user/libraries/LiveObjectsSDK/src/LiveObjectsBase.h:45:10: fatal error: ctime: No such file or directory
 #include &lt;ctime&gt;
          ^~~~~~~
compilation terminated.
Multiple libraries were found for &#34;ArduinoJson.h&#34;
  Used: /home/ec2-user/arduino-testlib/cli-datadir/user/libraries/ArduinoJson
  Not used: /home/ec2-user/arduino-testlib/cli-datadir/user/libraries/BaleMessengerBot_Arduino
  Not used: /home/ec2-user/arduino-testlib/cli-datadir/user/libraries/CoogleIOT
  Not used: /home/ec2-user/arduino-testlib/cli-datadir/user/libraries/AllThingsTalk_LTE-M_SDK
  Not used: /home/ec2-user/arduino-testlib/cli-datadir/user/libraries/ThingsIoT
  Not used: /home/ec2-user/arduino-testlib/cli-datadir/user/libraries/ThingESP
  Not used: /home/ec2-user/arduino-testlib/cli-datadir/user/libraries/Antares_ESP8266_MQTT
  Not used: /home/ec2-user/arduino-testlib/cli-datadir/user/libraries/Antares_ESP8266_HTTP
  Not used: /home/ec2-user/arduino-testlib/cli-datadir/user/libraries/CMMC_MQTT_Connector
</pre>
					
					<h4>examples/6_sms_send_data</h4>
					<p>
						Result: <b>FAIL</b>
					</p>
					<pre class="pre-scrollable">In file included from /home/ec2-user/arduino-testlib/cli-datadir/user/libraries/LiveObjectsSDK/src/LiveObjectsBase.cpp:8:0:
/home/ec2-user/arduino-testlib/cli-datadir/user/libraries/LiveObjectsSDK/src/LiveObjectsBase.h:45:10: fatal error: ctime: No such file or directory
 #include &lt;ctime&gt;
          ^~~~~~~
compilation terminated.
Multiple libraries were found for &#34;ArduinoJson.h&#34;
  Used: /home/ec2-user/arduino-testlib/cli-datadir/user/libraries/ArduinoJson
  Not used: /home/ec2-user/arduino-testlib/cli-datadir/user/libraries/ThingsIoT
  Not used: /home/ec2-user/arduino-testlib/cli-datadir/user/libraries/ThingESP
  Not used: /home/ec2-user/arduino-testlib/cli-datadir/user/libraries/Antares_ESP8266_HTTP
  Not used: /home/ec2-user/arduino-testlib/cli-datadir/user/libraries/BaleMessengerBot_Arduino
  Not used: /home/ec2-user/arduino-testlib/cli-datadir/user/libraries/CoogleIOT
  Not used: /home/ec2-user/arduino-testlib/cli-datadir/user/libraries/AllThingsTalk_LTE-M_SDK
  Not used: /home/ec2-user/arduino-testlib/cli-datadir/user/libraries/CMMC_MQTT_Connector
  Not used: /home/ec2-user/arduino-testlib/cli-datadir/user/libraries/Antares_ESP8266_MQTT
</pre>
					
				
				<h3 id="arduino:samd:mkrwifi1010">arduino:samd:mkrwifi1010 @ 1.8.12</h3>
				<h4>Inclusion</h4>
				<p>
					Result: <b>FAIL</b>
					
					<br />This library has no main header file so an empty one was created.
					
				</p>
				<pre class="pre-scrollable">/tmp/arduino-sketch-7DE61F06B6DAF879563D6F688AB4D48C/libraries/LiveObjectsSDK/LiveObjectsMKR.cpp.o: In function `LiveObjectsMKR::connectMQTT()&#39;:
/home/ec2-user/arduino-testlib/cli-datadir/user/libraries/LiveObjectsSDK/src/LiveObjectsMKR.cpp:78: undefined reference to `SECRET_LIVEOBJECTS_API_KEY&#39;
/tmp/arduino-sketch-7DE61F06B6DAF879563D6F688AB4D48C/libraries/LiveObjectsSDK/LiveObjectsWiFi.cpp.o: In function `LiveObjectsWiFi::connectNetwork()&#39;:
/home/ec2-user/arduino-testlib/cli-datadir/user/libraries/LiveObjectsSDK/src/LiveObjectsWiFi.cpp:113: undefined reference to `SECRET_SSID&#39;
/home/ec2-user/arduino-testlib/cli-datadir/user/libraries/LiveObjectsSDK/src/LiveObjectsWiFi.cpp:113: undefined reference to `SECRET_WIFI_PASS&#39;
/tmp/arduino-sketch-7DE61F06B6DAF879563D6F688AB4D48C/libraries/LiveObjectsSDK/LiveObjectsWiFi.cpp.o: In function `LiveObjectsWiFi::addNetworkInfo()&#39;:
/home/ec2-user/arduino-testlib/cli-datadir/user/libraries/LiveObjectsSDK/src/LiveObjectsWiFi.cpp:141: undefined reference to `SECRET_SSID&#39;
collect2: error: ld returned 1 exit status
Multiple libraries were found for &#34;ArduinoJson.h&#34;
  Used: /home/ec2-user/arduino-testlib/cli-datadir/user/libraries/ArduinoJson
  Not used: /home/ec2-user/arduino-testlib/cli-datadir/user/libraries/Antares_ESP8266_HTTP
  Not used: /home/ec2-user/arduino-testlib/cli-datadir/user/libraries/ThingsIoT
  Not used: /home/ec2-user/arduino-testlib/cli-datadir/user/libraries/CoogleIOT
  Not used: /home/ec2-user/arduino-testlib/cli-datadir/user/libraries/Antares_ESP8266_MQTT
  Not used: /home/ec2-user/arduino-testlib/cli-datadir/user/libraries/CMMC_MQTT_Connector
  Not used: /home/ec2-user/arduino-testlib/cli-datadir/user/libraries/ThingESP
  Not used: /home/ec2-user/arduino-testlib/cli-datadir/user/libraries/BaleMessengerBot_Arduino
  Not used: /home/ec2-user/arduino-testlib/cli-datadir/user/libraries/AllThingsTalk_LTE-M_SDK
</pre>

					
					<h4>examples/1_send_data</h4>
					<p>
						Result: <b>PASS</b>
					</p>
					<pre class="pre-scrollable">Sketch uses 67620 bytes (25%) of program storage space. Maximum is 262144 bytes.
Global variables use 5528 bytes (16%) of dynamic memory, leaving 27240 bytes for local variables. Maximum is 32768 bytes.
</pre>
					
					<h4>examples/2_simple_parameters</h4>
					<p>
						Result: <b>PASS</b>
					</p>
					<pre class="pre-scrollable">Sketch uses 68156 bytes (25%) of program storage space. Maximum is 262144 bytes.
Global variables use 5528 bytes (16%) of dynamic memory, leaving 27240 bytes for local variables. Maximum is 32768 bytes.
</pre>
					
					<h4>examples/3_Parameter_with_callback</h4>
					<p>
						Result: <b>PASS</b>
					</p>
					<pre class="pre-scrollable">Sketch uses 68196 bytes (26%) of program storage space. Maximum is 262144 bytes.
Global variables use 5536 bytes (16%) of dynamic memory, leaving 27232 bytes for local variables. Maximum is 32768 bytes.
</pre>
					
					<h4>examples/4_Simple_command</h4>
					<p>
						Result: <b>PASS</b>
					</p>
					<pre class="pre-scrollable">Sketch uses 68036 bytes (25%) of program storage space. Maximum is 262144 bytes.
Global variables use 5528 bytes (16%) of dynamic memory, leaving 27240 bytes for local variables. Maximum is 32768 bytes.
</pre>
					
					<h4>examples/5_Command_with_arguments</h4>
					<p>
						Result: <b>PASS</b>
					</p>
					<pre class="pre-scrollable">Sketch uses 70164 bytes (26%) of program storage space. Maximum is 262144 bytes.
Global variables use 5528 bytes (16%) of dynamic memory, leaving 27240 bytes for local variables. Maximum is 32768 bytes.
</pre>
					
					<h4>examples/6_sms_send_data</h4>
					<p>
						Result: <b>PASS</b>
					</p>
					<pre class="pre-scrollable">Sketch uses 76600 bytes (29%) of program storage space. Maximum is 262144 bytes.
Global variables use 5680 bytes (17%) of dynamic memory, leaving 27088 bytes for local variables. Maximum is 32768 bytes.
</pre>
					
				
				<h3 id="esp32:esp32:d1_mini32">esp32:esp32:d1_mini32 @ 1.0.6</h3>
				<h4>Inclusion</h4>
				<p>
					Result: <b>FAIL</b>
					
				</p>
				<pre class="pre-scrollable">/tmp/arduino-sketch-C30273DA916396B12C5DA7A06044DE67/libraries/LiveObjectsSDK/LiveObjectsESP.cpp.o:(.literal._ZN14LiveObjectsESP11connectMQTTEv&#43;0x0): undefined reference to `SECRET_LIVEOBJECTS_API_KEY&#39;
/tmp/arduino-sketch-C30273DA916396B12C5DA7A06044DE67/libraries/LiveObjectsSDK/LiveObjectsESP.cpp.o:(.literal._ZN14LiveObjectsESP14connectNetworkEv&#43;0x0): undefined reference to `SECRET_SSID&#39;
/tmp/arduino-sketch-C30273DA916396B12C5DA7A06044DE67/libraries/LiveObjectsSDK/LiveObjectsESP.cpp.o:(.literal._ZN14LiveObjectsESP14connectNetworkEv&#43;0x8): undefined reference to `SECRET_WIFI_PASS&#39;
collect2: error: ld returned 1 exit status
Multiple libraries were found for &#34;PubSubClient.h&#34;
  Used: /home/ec2-user/arduino-testlib/cli-datadir/user/libraries/PubSubClient
  Not used: /home/ec2-user/arduino-testlib/cli-datadir/user/libraries/AllThingsTalk_WiFi_SDK
  Not used: /home/ec2-user/arduino-testlib/cli-datadir/user/libraries/AzureIoTHubMQTTClient
  Not used: /home/ec2-user/arduino-testlib/cli-datadir/user/libraries/ACS-M1128
  Not used: /home/ec2-user/arduino-testlib/cli-datadir/user/libraries/AIS_4G_board
  Not used: /home/ec2-user/arduino-testlib/cli-datadir/user/libraries/Antares_ESP8266_MQTT
  Not used: /home/ec2-user/arduino-testlib/cli-datadir/user/libraries/CMMC_MQTT_Connector
  Not used: /home/ec2-user/arduino-testlib/cli-datadir/user/libraries/ESP8266_Microgear
Multiple libraries were found for &#34;ArduinoJson.h&#34;
  Used: /home/ec2-user/arduino-testlib/cli-datadir/user/libraries/ArduinoJson
  Not used: /home/ec2-user/arduino-testlib/cli-datadir/user/libraries/BaleMessengerBot_Arduino
  Not used: /home/ec2-user/arduino-testlib/cli-datadir/user/libraries/AllThingsTalk_LTE-M_SDK
  Not used: /home/ec2-user/arduino-testlib/cli-datadir/user/libraries/Antares_ESP8266_HTTP
  Not used: /home/ec2-user/arduino-testlib/cli-datadir/user/libraries/Antares_ESP8266_MQTT
  Not used: /home/ec2-user/arduino-testlib/cli-datadir/user/libraries/CoogleIOT
  Not used: /home/ec2-user/arduino-testlib/cli-datadir/user/libraries/ThingsIoT
  Not used: /home/ec2-user/arduino-testlib/cli-datadir/user/libraries/CMMC_MQTT_Connector
  Not used: /home/ec2-user/arduino-testlib/cli-datadir/user/libraries/ThingESP
Multiple libraries were found for &#34;WiFi.h&#34;
  Used: /home/ec2-user/arduino-testlib/cli-datadir/data/packages/esp32/hardware/esp32/1.0.6/libraries/WiFi
  Not used: /home/ec2-user/arduino-testlib/cli-datadir/user/libraries/WiFiNINA
  Not used: /home/ec2-user/arduino-testlib/cli-datadir/user/libraries/Seeed_Arduino_rpcWiFi
  Not used: /home/ec2-user/arduino-testlib/cli-datadir/user/libraries/WiFi
  Not used: /home/ec2-user/arduino-testlib/cli-datadir/user/libraries/WiFiEspAT
Multiple libraries were found for &#34;WiFiClientSecure.h&#34;
  Used: /home/ec2-user/arduino-testlib/cli-datadir/data/packages/esp32/hardware/esp32/1.0.6/libraries/WiFiClientSecure
  Not used: /home/ec2-user/arduino-testlib/cli-datadir/user/libraries/Seeed_Arduino_rpcWiFi
</pre>

					
					<h4>examples/1_send_data</h4>
					<p>
						Result: <b>PASS</b>
					</p>
					<pre class="pre-scrollable">Sketch uses 903866 bytes (68%) of program storage space. Maximum is 1310720 bytes.
Global variables use 40808 bytes (12%) of dynamic memory, leaving 286872 bytes for local variables. Maximum is 327680 bytes.
</pre>
					
					<h4>examples/2_simple_parameters</h4>
					<p>
						Result: <b>PASS</b>
					</p>
					<pre class="pre-scrollable">Sketch uses 904754 bytes (69%) of program storage space. Maximum is 1310720 bytes.
Global variables use 40808 bytes (12%) of dynamic memory, leaving 286872 bytes for local variables. Maximum is 327680 bytes.
</pre>
					
					<h4>examples/3_Parameter_with_callback</h4>
					<p>
						Result: <b>PASS</b>
					</p>
					<pre class="pre-scrollable">Sketch uses 904810 bytes (69%) of program storage space. Maximum is 1310720 bytes.
Global variables use 40808 bytes (12%) of dynamic memory, leaving 286872 bytes for local variables. Maximum is 327680 bytes.
</pre>
					
					<h4>examples/4_Simple_command</h4>
					<p>
						Result: <b>PASS</b>
					</p>
					<pre class="pre-scrollable">Sketch uses 904794 bytes (69%) of program storage space. Maximum is 1310720 bytes.
Global variables use 40808 bytes (12%) of dynamic memory, leaving 286872 bytes for local variables. Maximum is 327680 bytes.
</pre>
					
					<h4>examples/5_Command_with_arguments</h4>
					<p>
						Result: <b>PASS</b>
					</p>
					<pre class="pre-scrollable">Sketch uses 906454 bytes (69%) of program storage space. Maximum is 1310720 bytes.
Global variables use 40808 bytes (12%) of dynamic memory, leaving 286872 bytes for local variables. Maximum is 327680 bytes.
</pre>
					
					<h4>examples/6_sms_send_data</h4>
					<p>
						Result: <b>PASS</b>
					</p>
					<pre class="pre-scrollable">Sketch uses 904254 bytes (68%) of program storage space. Maximum is 1310720 bytes.
Global variables use 40808 bytes (12%) of dynamic memory, leaving 286872 bytes for local variables. Maximum is 327680 bytes.
</pre>
					
				
			</div>
		</div>
	</div>
  </body>
</html>
