
<!doctype html>
<html lang="en">
  <head>
    <meta charset="utf-8">
    <meta name="viewport" content="width=device-width, initial-scale=1">
    <link href="https://cdn.jsdelivr.net/npm/bootstrap@5.0.2/dist/css/bootstrap.min.css" rel="stylesheet" integrity="sha384-EVSTQN3/azprG1Anm3QDgpJLIm9Nao0Yz1ztcQTwFspd3yD65VohhpuuCOmLASjC" crossorigin="anonymous">
    <title>arduino-testlib report</title>
	<style>
	.pass { background-color: #00FF00 !important; }
	.fail { background-color: #FF0000 !important; }
	</style>
  </head>
  <body>
	<div class="container">
		<div class="row">
			<div class="col">
				<h1>Lixie II - compatibility matrix</h1>
				<p>
					<small>This report was generated on Wednesday, 23-Feb-22 22:48:15 CET using 
					<a href="https://github.com/alranel/arduino-testlib">arduino-testlib</a>.</small>
				</p>

				<h2>Lixie II</h2>
				<p>
					Version: <b>1.3.1</b>
					<br />
					<a href="https://www.arduino.cc/reference/en/libraries/lixie-ii/">More details</a>
				</p>

				<h2>Compatibility matrix</h2>
				<table class="table table-bordered">
					<tr>
						<th>Board</th>
						<th>Claims compatibility</th>
						<th>Inclusion</th>
						
						<th><pre>ESP8266_ONLY</pre></th>
						
						<th><pre>color_functions</pre></th>
						
						<th><pre>count_up</pre></th>
						
						<th><pre>floating_point</pre></th>
						
						<th><pre>introduction_tour</pre></th>
						
						<th><pre>special_panes</pre></th>
						
					</tr>
					
					<tr>
						<td>
							<a href="#arduino%3aavr%3auno"><b>arduino:avr:uno</b></a>
							<br />
							<small>1.8.4</small>
						</td>

						
							<td>Yes</td>
							<td class="pass">PASS</td>
						
						
						
						

						
							
								
									
										
											
											<td class="fail">FAIL</td>
										
									
										
									
										
									
										
									
										
									
										
									
								
							
								
							
								
							
								
							
								
							
						
							
								
									
										
									
										
											<td class="pass">PASS</td>
											
										
									
										
									
										
									
										
									
										
									
								
							
								
							
								
							
								
							
								
							
						
							
								
									
										
									
										
									
										
											<td class="pass">PASS</td>
											
										
									
										
									
										
									
										
									
								
							
								
							
								
							
								
							
								
							
						
							
								
									
										
									
										
									
										
									
										
											<td class="pass">PASS</td>
											
										
									
										
									
										
									
								
							
								
							
								
							
								
							
								
							
						
							
								
									
										
									
										
									
										
									
										
									
										
											<td class="pass">PASS</td>
											
										
									
										
									
								
							
								
							
								
							
								
							
								
							
						
							
								
									
										
									
										
									
										
									
										
									
										
									
										
											<td class="pass">PASS</td>
											
										
									
								
							
								
							
								
							
								
							
								
							
						
					</tr>
					
					<tr>
						<td>
							<a href="#arduino%3ambed_nano%3ananorp2040connect"><b>arduino:mbed_nano:nanorp2040connect</b></a>
							<br />
							<small>2.7.2</small>
						</td>

						
						
						
							<td>Yes ⚠️</td>
							<td class="fail">FAIL</td>
						
						

						
							
								
							
								
									
										
											
											<td class="fail">FAIL</td>
										
									
										
									
										
									
										
									
										
									
										
									
								
							
								
							
								
							
								
							
						
							
								
							
								
									
										
									
										
											
											<td class="fail">FAIL</td>
										
									
										
									
										
									
										
									
										
									
								
							
								
							
								
							
								
							
						
							
								
							
								
									
										
									
										
									
										
											
											<td class="fail">FAIL</td>
										
									
										
									
										
									
										
									
								
							
								
							
								
							
								
							
						
							
								
							
								
									
										
									
										
									
										
									
										
											
											<td class="fail">FAIL</td>
										
									
										
									
										
									
								
							
								
							
								
							
								
							
						
							
								
							
								
									
										
									
										
									
										
									
										
									
										
											
											<td class="fail">FAIL</td>
										
									
										
									
								
							
								
							
								
							
								
							
						
							
								
							
								
									
										
									
										
									
										
									
										
									
										
									
										
											
											<td class="fail">FAIL</td>
										
									
								
							
								
							
								
							
								
							
						
					</tr>
					
					<tr>
						<td>
							<a href="#arduino%3amegaavr%3anona4809"><b>arduino:megaavr:nona4809</b></a>
							<br />
							<small>1.8.7</small>
						</td>

						
						
						
							<td>Yes ⚠️</td>
							<td class="fail">FAIL</td>
						
						

						
							
								
							
								
							
								
									
										
											
											<td class="fail">FAIL</td>
										
									
										
									
										
									
										
									
										
									
										
									
								
							
								
							
								
							
						
							
								
							
								
							
								
									
										
									
										
											
											<td class="fail">FAIL</td>
										
									
										
									
										
									
										
									
										
									
								
							
								
							
								
							
						
							
								
							
								
							
								
									
										
									
										
									
										
											
											<td class="fail">FAIL</td>
										
									
										
									
										
									
										
									
								
							
								
							
								
							
						
							
								
							
								
							
								
									
										
									
										
									
										
									
										
											
											<td class="fail">FAIL</td>
										
									
										
									
										
									
								
							
								
							
								
							
						
							
								
							
								
							
								
									
										
									
										
									
										
									
										
									
										
											
											<td class="fail">FAIL</td>
										
									
										
									
								
							
								
							
								
							
						
							
								
							
								
							
								
									
										
									
										
									
										
									
										
									
										
									
										
											
											<td class="fail">FAIL</td>
										
									
								
							
								
							
								
							
						
					</tr>
					
					<tr>
						<td>
							<a href="#arduino%3asamd%3amkrwifi1010"><b>arduino:samd:mkrwifi1010</b></a>
							<br />
							<small>1.8.12</small>
						</td>

						
							<td>Yes</td>
							<td class="pass">PASS</td>
						
						
						
						

						
							
								
							
								
							
								
							
								
									
										
											
											<td class="fail">FAIL</td>
										
									
										
									
										
									
										
									
										
									
										
									
								
							
								
							
						
							
								
							
								
							
								
							
								
									
										
									
										
											<td class="pass">PASS</td>
											
										
									
										
									
										
									
										
									
										
									
								
							
								
							
						
							
								
							
								
							
								
							
								
									
										
									
										
									
										
											<td class="pass">PASS</td>
											
										
									
										
									
										
									
										
									
								
							
								
							
						
							
								
							
								
							
								
							
								
									
										
									
										
									
										
									
										
											<td class="pass">PASS</td>
											
										
									
										
									
										
									
								
							
								
							
						
							
								
							
								
							
								
							
								
									
										
									
										
									
										
									
										
									
										
											<td class="pass">PASS</td>
											
										
									
										
									
								
							
								
							
						
							
								
							
								
							
								
							
								
									
										
									
										
									
										
									
										
									
										
									
										
											<td class="pass">PASS</td>
											
										
									
								
							
								
							
						
					</tr>
					
					<tr>
						<td>
							<a href="#esp32%3aesp32%3ad1_mini32"><b>esp32:esp32:d1_mini32</b></a>
							<br />
							<small>1.0.6</small>
						</td>

						
							<td>Yes</td>
							<td class="pass">PASS</td>
						
						
						
						

						
							
								
							
								
							
								
							
								
							
								
									
										
											
											<td class="fail">FAIL</td>
										
									
										
									
										
									
										
									
										
									
										
									
								
							
						
							
								
							
								
							
								
							
								
							
								
									
										
									
										
											<td class="pass">PASS</td>
											
										
									
										
									
										
									
										
									
										
									
								
							
						
							
								
							
								
							
								
							
								
							
								
									
										
									
										
									
										
											<td class="pass">PASS</td>
											
										
									
										
									
										
									
										
									
								
							
						
							
								
							
								
							
								
							
								
							
								
									
										
									
										
									
										
									
										
											<td class="pass">PASS</td>
											
										
									
										
									
										
									
								
							
						
							
								
							
								
							
								
							
								
							
								
									
										
									
										
									
										
									
										
									
										
											<td class="pass">PASS</td>
											
										
									
										
									
								
							
						
							
								
							
								
							
								
							
								
							
								
									
										
									
										
									
										
									
										
									
										
									
										
											<td class="pass">PASS</td>
											
										
									
								
							
						
					</tr>
					
				</table>

				<h2>Compilation logs</h2>
				
				<h3 id="arduino:avr:uno">arduino:avr:uno @ 1.8.4</h3>
				<h4>Inclusion</h4>
				<p>
					Result: <b>PASS</b>
					
				</p>
				<pre class="pre-scrollable">Sketch uses 2300 bytes (7%) of program storage space. Maximum is 32256 bytes.
Global variables use 202 bytes (9%) of dynamic memory, leaving 1846 bytes for local variables. Maximum is 2048 bytes.
</pre>

					
					<h4>examples/ESP8266_ONLY</h4>
					<p>
						Result: <b>FAIL</b>
					</p>
					<pre class="pre-scrollable"></pre>
					
					<h4>examples/color_functions</h4>
					<p>
						Result: <b>PASS</b>
					</p>
					<pre class="pre-scrollable">Sketch uses 9056 bytes (28%) of program storage space. Maximum is 32256 bytes.
Global variables use 346 bytes (16%) of dynamic memory, leaving 1702 bytes for local variables. Maximum is 2048 bytes.
</pre>
					
					<h4>examples/count_up</h4>
					<p>
						Result: <b>PASS</b>
					</p>
					<pre class="pre-scrollable">Sketch uses 8404 bytes (26%) of program storage space. Maximum is 32256 bytes.
Global variables use 327 bytes (15%) of dynamic memory, leaving 1721 bytes for local variables. Maximum is 2048 bytes.
</pre>
					
					<h4>examples/floating_point</h4>
					<p>
						Result: <b>PASS</b>
					</p>
					<pre class="pre-scrollable">Sketch uses 8748 bytes (27%) of program storage space. Maximum is 32256 bytes.
Global variables use 348 bytes (16%) of dynamic memory, leaving 1700 bytes for local variables. Maximum is 2048 bytes.
</pre>
					
					<h4>examples/introduction_tour</h4>
					<p>
						Result: <b>PASS</b>
					</p>
					<pre class="pre-scrollable">Sketch uses 14302 bytes (44%) of program storage space. Maximum is 32256 bytes.
Global variables use 1964 bytes (95%) of dynamic memory, leaving 84 bytes for local variables. Maximum is 2048 bytes.
Low memory available, stability problems may occur.
</pre>
					
					<h4>examples/special_panes</h4>
					<p>
						Result: <b>PASS</b>
					</p>
					<pre class="pre-scrollable">Sketch uses 10328 bytes (32%) of program storage space. Maximum is 32256 bytes.
Global variables use 386 bytes (18%) of dynamic memory, leaving 1662 bytes for local variables. Maximum is 2048 bytes.
</pre>
					
				
				<h3 id="arduino:mbed_nano:nanorp2040connect">arduino:mbed_nano:nanorp2040connect @ 2.7.2</h3>
				<h4>Inclusion</h4>
				<p>
					Result: <b>FAIL</b>
					
				</p>
				<pre class="pre-scrollable">In file included from /home/ec2-user/arduino-testlib/cli-datadir/user/libraries/FastLED/src/FastLED.h:43:0,
                 from /home/ec2-user/arduino-testlib/cli-datadir/user/libraries/Lixie_II/src/Lixie_II.h:23,
                 from /tmp/arduino-testlib599410366/test/test.ino:1:
/home/ec2-user/arduino-testlib/cli-datadir/user/libraries/FastLED/src/led_sysdefs.h:55:2: error: #error &#34;This platform isn&#39;t recognized by FastLED... yet.  See comments in FastLED/led_sysdefs.h for options.&#34;
 #error &#34;This platform isn&#39;t recognized by FastLED... yet.  See comments in FastLED/led_sysdefs.h for options.&#34;
  ^~~~~

</pre>

					
					<h4>examples/ESP8266_ONLY</h4>
					<p>
						Result: <b>FAIL</b>
					</p>
					<pre class="pre-scrollable"></pre>
					
					<h4>examples/color_functions</h4>
					<p>
						Result: <b>FAIL</b>
					</p>
					<pre class="pre-scrollable">In file included from /home/ec2-user/arduino-testlib/cli-datadir/user/libraries/FastLED/src/FastLED.h:43:0,
                 from /home/ec2-user/arduino-testlib/cli-datadir/user/libraries/Lixie_II/src/Lixie_II.h:23,
                 from /home/ec2-user/arduino-testlib/cli-datadir/user/libraries/Lixie_II/examples/color_functions/color_functions.ino:1:
/home/ec2-user/arduino-testlib/cli-datadir/user/libraries/FastLED/src/led_sysdefs.h:55:2: error: #error &#34;This platform isn&#39;t recognized by FastLED... yet.  See comments in FastLED/led_sysdefs.h for options.&#34;
 #error &#34;This platform isn&#39;t recognized by FastLED... yet.  See comments in FastLED/led_sysdefs.h for options.&#34;
  ^~~~~

</pre>
					
					<h4>examples/count_up</h4>
					<p>
						Result: <b>FAIL</b>
					</p>
					<pre class="pre-scrollable">In file included from /home/ec2-user/arduino-testlib/cli-datadir/user/libraries/FastLED/src/FastLED.h:43:0,
                 from /home/ec2-user/arduino-testlib/cli-datadir/user/libraries/Lixie_II/src/Lixie_II.h:23,
                 from /home/ec2-user/arduino-testlib/cli-datadir/user/libraries/Lixie_II/examples/count_up/count_up.ino:1:
/home/ec2-user/arduino-testlib/cli-datadir/user/libraries/FastLED/src/led_sysdefs.h:55:2: error: #error &#34;This platform isn&#39;t recognized by FastLED... yet.  See comments in FastLED/led_sysdefs.h for options.&#34;
 #error &#34;This platform isn&#39;t recognized by FastLED... yet.  See comments in FastLED/led_sysdefs.h for options.&#34;
  ^~~~~

</pre>
					
					<h4>examples/floating_point</h4>
					<p>
						Result: <b>FAIL</b>
					</p>
					<pre class="pre-scrollable">In file included from /home/ec2-user/arduino-testlib/cli-datadir/user/libraries/FastLED/src/FastLED.h:43:0,
                 from /home/ec2-user/arduino-testlib/cli-datadir/user/libraries/Lixie_II/src/Lixie_II.h:23,
                 from /home/ec2-user/arduino-testlib/cli-datadir/user/libraries/Lixie_II/examples/floating_point/floating_point.ino:1:
/home/ec2-user/arduino-testlib/cli-datadir/user/libraries/FastLED/src/led_sysdefs.h:55:2: error: #error &#34;This platform isn&#39;t recognized by FastLED... yet.  See comments in FastLED/led_sysdefs.h for options.&#34;
 #error &#34;This platform isn&#39;t recognized by FastLED... yet.  See comments in FastLED/led_sysdefs.h for options.&#34;
  ^~~~~

</pre>
					
					<h4>examples/introduction_tour</h4>
					<p>
						Result: <b>FAIL</b>
					</p>
					<pre class="pre-scrollable">In file included from /home/ec2-user/arduino-testlib/cli-datadir/user/libraries/FastLED/src/FastLED.h:43:0,
                 from /home/ec2-user/arduino-testlib/cli-datadir/user/libraries/Lixie_II/src/Lixie_II.h:23,
                 from /home/ec2-user/arduino-testlib/cli-datadir/user/libraries/Lixie_II/examples/introduction_tour/introduction_tour.ino:19:
/home/ec2-user/arduino-testlib/cli-datadir/user/libraries/FastLED/src/led_sysdefs.h:55:2: error: #error &#34;This platform isn&#39;t recognized by FastLED... yet.  See comments in FastLED/led_sysdefs.h for options.&#34;
 #error &#34;This platform isn&#39;t recognized by FastLED... yet.  See comments in FastLED/led_sysdefs.h for options.&#34;
  ^~~~~

</pre>
					
					<h4>examples/special_panes</h4>
					<p>
						Result: <b>FAIL</b>
					</p>
					<pre class="pre-scrollable">In file included from /home/ec2-user/arduino-testlib/cli-datadir/user/libraries/FastLED/src/FastLED.h:43:0,
                 from /home/ec2-user/arduino-testlib/cli-datadir/user/libraries/Lixie_II/src/Lixie_II.h:23,
                 from /home/ec2-user/arduino-testlib/cli-datadir/user/libraries/Lixie_II/examples/special_panes/special_panes.ino:48:
/home/ec2-user/arduino-testlib/cli-datadir/user/libraries/FastLED/src/led_sysdefs.h:55:2: error: #error &#34;This platform isn&#39;t recognized by FastLED... yet.  See comments in FastLED/led_sysdefs.h for options.&#34;
 #error &#34;This platform isn&#39;t recognized by FastLED... yet.  See comments in FastLED/led_sysdefs.h for options.&#34;
  ^~~~~

</pre>
					
				
				<h3 id="arduino:megaavr:nona4809">arduino:megaavr:nona4809 @ 1.8.7</h3>
				<h4>Inclusion</h4>
				<p>
					Result: <b>FAIL</b>
					
				</p>
				<pre class="pre-scrollable">/home/ec2-user/arduino-testlib/cli-datadir/user/libraries/Lixie_II/src/Lixie_II.cpp: In member function &#39;void Lixie_II::start_animation()&#39;:
/home/ec2-user/arduino-testlib/cli-datadir/user/libraries/Lixie_II/src/Lixie_II.cpp:147:3: error: &#39;TCCR1A&#39; was not declared in this scope
   TCCR1A = 0; // set entire TCCR1A register to 0
   ^~~~~~
/home/ec2-user/arduino-testlib/cli-datadir/user/libraries/Lixie_II/src/Lixie_II.cpp:147:3: note: suggested alternative: &#39;TCB1&#39;
   TCCR1A = 0; // set entire TCCR1A register to 0
   ^~~~~~
   TCB1
/home/ec2-user/arduino-testlib/cli-datadir/user/libraries/Lixie_II/src/Lixie_II.cpp:148:3: error: &#39;TCCR1B&#39; was not declared in this scope
   TCCR1B = 0; // same for TCCR1B
   ^~~~~~
/home/ec2-user/arduino-testlib/cli-datadir/user/libraries/Lixie_II/src/Lixie_II.cpp:148:3: note: suggested alternative: &#39;CRGB&#39;
   TCCR1B = 0; // same for TCCR1B
   ^~~~~~
   CRGB
/home/ec2-user/arduino-testlib/cli-datadir/user/libraries/Lixie_II/src/Lixie_II.cpp:149:3: error: &#39;TCNT1&#39; was not declared in this scope
   TCNT1  = 0; // initialize counter value to 0
   ^~~~~
/home/ec2-user/arduino-testlib/cli-datadir/user/libraries/Lixie_II/src/Lixie_II.cpp:149:3: note: suggested alternative: &#39;TCB1&#39;
   TCNT1  = 0; // initialize counter value to 0
   ^~~~~
   TCB1
/home/ec2-user/arduino-testlib/cli-datadir/user/libraries/Lixie_II/src/Lixie_II.cpp:151:3: error: &#39;OCR1A&#39; was not declared in this scope
   OCR1A = 39999; // = 16000000 / (8 * 50) - 1 (must be &lt;65536)
   ^~~~~
/home/ec2-user/arduino-testlib/cli-datadir/user/libraries/Lixie_II/src/Lixie_II.cpp:153:19: error: &#39;WGM12&#39; was not declared in this scope
   TCCR1B |= (1 &lt;&lt; WGM12);
                   ^~~~~
/home/ec2-user/arduino-testlib/cli-datadir/user/libraries/Lixie_II/src/Lixie_II.cpp:153:19: note: suggested alternative: &#39;WS2812&#39;
   TCCR1B |= (1 &lt;&lt; WGM12);
                   ^~~~~
                   WS2812
/home/ec2-user/arduino-testlib/cli-datadir/user/libraries/Lixie_II/src/Lixie_II.cpp:155:19: error: &#39;CS12&#39; was not declared in this scope
   TCCR1B |= (0 &lt;&lt; CS12) | (1 &lt;&lt; CS11) | (0 &lt;&lt; CS10);
                   ^~~~
/home/ec2-user/arduino-testlib/cli-datadir/user/libraries/Lixie_II/src/Lixie_II.cpp:155:19: note: suggested alternative: &#39;WS2812&#39;
   TCCR1B |= (0 &lt;&lt; CS12) | (1 &lt;&lt; CS11) | (0 &lt;&lt; CS10);
                   ^~~~
                   WS2812
/home/ec2-user/arduino-testlib/cli-datadir/user/libraries/Lixie_II/src/Lixie_II.cpp:155:33: error: &#39;CS11&#39; was not declared in this scope
   TCCR1B |= (0 &lt;&lt; CS12) | (1 &lt;&lt; CS11) | (0 &lt;&lt; CS10);
                                 ^~~~
/home/ec2-user/arduino-testlib/cli-datadir/user/libraries/Lixie_II/src/Lixie_II.cpp:155:33: note: suggested alternative: &#39;B111&#39;
   TCCR1B |= (0 &lt;&lt; CS12) | (1 &lt;&lt; CS11) | (0 &lt;&lt; CS10);
                                 ^~~~
                                 B111
/home/ec2-user/arduino-testlib/cli-datadir/user/libraries/Lixie_II/src/Lixie_II.cpp:155:47: error: &#39;CS10&#39; was not declared in this scope
   TCCR1B |= (0 &lt;&lt; CS12) | (1 &lt;&lt; CS11) | (0 &lt;&lt; CS10);
                                               ^~~~
/home/ec2-user/arduino-testlib/cli-datadir/user/libraries/Lixie_II/src/Lixie_II.cpp:155:47: note: suggested alternative: &#39;B110&#39;
   TCCR1B |= (0 &lt;&lt; CS12) | (1 &lt;&lt; CS11) | (0 &lt;&lt; CS10);
                                               ^~~~
                                               B110
/home/ec2-user/arduino-testlib/cli-datadir/user/libraries/Lixie_II/src/Lixie_II.cpp:157:3: error: &#39;TIMSK1&#39; was not declared in this scope
   TIMSK1 |= (1 &lt;&lt; OCIE1A);
   ^~~~~~
/home/ec2-user/arduino-testlib/cli-datadir/user/libraries/Lixie_II/src/Lixie_II.cpp:157:3: note: suggested alternative: &#39;TIMERB1&#39;
   TIMSK1 |= (1 &lt;&lt; OCIE1A);
   ^~~~~~
   TIMERB1
/home/ec2-user/arduino-testlib/cli-datadir/user/libraries/Lixie_II/src/Lixie_II.cpp:157:19: error: &#39;OCIE1A&#39; was not declared in this scope
   TIMSK1 |= (1 &lt;&lt; OCIE1A);
                   ^~~~~~
In file included from /home/ec2-user/arduino-testlib/cli-datadir/user/libraries/FastLED/src/platforms/avr/fastled_avr.h:4:0,
                 from /home/ec2-user/arduino-testlib/cli-datadir/user/libraries/FastLED/src/platforms.h:41,
                 from /home/ec2-user/arduino-testlib/cli-datadir/user/libraries/FastLED/src/FastLED.h:54,
                 from /home/ec2-user/arduino-testlib/cli-datadir/user/libraries/Lixie_II/src/Lixie_II.h:23,
                 from /home/ec2-user/arduino-testlib/cli-datadir/user/libraries/Lixie_II/src/Lixie_II.cpp:8:
/home/ec2-user/arduino-testlib/cli-datadir/user/libraries/FastLED/src/platforms/avr/fastpin_avr.h: In instantiation of &#39;static void _AVRPIN&lt;PIN, _MASK, _PORT, _DDR, _PIN&gt;::setOutput() [with unsigned char PIN = 5; unsigned char _MASK = 4; _PORT = __gen_struct_VPORTB_OUT; _DDR = __gen_struct_VPORTB_DIR; _PIN = __gen_struct_VPORTB_IN]&#39;:
/home/ec2-user/arduino-testlib/cli-datadir/user/libraries/FastLED/src/platforms/avr/clockless_trinket.h:114:31:   required from &#39;void ClocklessController&lt;DATA_PIN, T1, T2, T3, RGB_ORDER, XTRA0, FLIP, WAIT_TIME&gt;::init() [with unsigned char DATA_PIN = 5; int T1 = 4; int T2 = 10; int T3 = 6; EOrder RGB_ORDER = (EOrder)66; int XTRA0 = 0; bool FLIP = false; int WAIT_TIME = 10]&#39;
/home/ec2-user/arduino-testlib/cli-datadir/user/libraries/Lixie_II/src/Lixie_II.cpp:802:1:   required from here
/home/ec2-user/arduino-testlib/cli-datadir/user/libraries/FastLED/src/platforms/avr/fastpin_avr.h:22:42: error: incomplete type &#39;__gen_struct_VPORTB_DIR&#39; used in nested name specifier
  inline static void setOutput() { _DDR::r() |= _MASK; }
                                   ~~~~~~~^~
/home/ec2-user/arduino-testlib/cli-datadir/user/libraries/FastLED/src/platforms/avr/fastpin_avr.h: In instantiation of &#39;static void _AVRPIN&lt;PIN, _MASK, _PORT, _DDR, _PIN&gt;::setOutput() [with unsigned char PIN = 4; unsigned char _MASK = 64; _PORT = __gen_struct_VPORTC_OUT; _DDR = __gen_struct_VPORTC_DIR; _PIN = __gen_struct_VPORTC_IN]&#39;:
/home/ec2-user/arduino-testlib/cli-datadir/user/libraries/FastLED/src/platforms/avr/clockless_trinket.h:114:31:   required from &#39;void ClocklessController&lt;DATA_PIN, T1, T2, T3, RGB_ORDER, XTRA0, FLIP, WAIT_TIME&gt;::init() [with unsigned char DATA_PIN = 4; int T1 = 4; int T2 = 10; int T3 = 6; EOrder RGB_ORDER = (EOrder)66; int XTRA0 = 0; bool FLIP = false; int WAIT_TIME = 10]&#39;
/home/ec2-user/arduino-testlib/cli-datadir/user/libraries/Lixie_II/src/Lixie_II.cpp:802:1:   required from here
/home/ec2-user/arduino-testlib/cli-datadir/user/libraries/FastLED/src/platforms/avr/fastpin_avr.h:22:42: error: incomplete type &#39;__gen_struct_VPORTC_DIR&#39; used in nested name specifier
/home/ec2-user/arduino-testlib/cli-datadir/user/libraries/FastLED/src/platforms/avr/fastpin_avr.h: In instantiation of &#39;static void _AVRPIN&lt;PIN, _MASK, _PORT, _DDR, _PIN&gt;::setOutput() [with unsigned char PIN = 0; unsigned char _MASK = 32; _PORT = __gen_struct_VPORTC_OUT; _DDR = __gen_struct_VPORTC_DIR; _PIN = __gen_struct_VPORTC_IN]&#39;:
/home/ec2-user/arduino-testlib/cli-datadir/user/libraries/FastLED/src/platforms/avr/clockless_trinket.h:114:31:   required from &#39;void ClocklessController&lt;DATA_PIN, T1, T2, T3, RGB_ORDER, XTRA0, FLIP, WAIT_TIME&gt;::init() [with unsigned char DATA_PIN = 0; int T1 = 4; int T2 = 10; int T3 = 6; EOrder RGB_ORDER = (EOrder)66; int XTRA0 = 0; bool FLIP = false; int WAIT_TIME = 10]&#39;
/home/ec2-user/arduino-testlib/cli-datadir/user/libraries/Lixie_II/src/Lixie_II.cpp:802:1:   required from here
/home/ec2-user/arduino-testlib/cli-datadir/user/libraries/FastLED/src/platforms/avr/fastpin_avr.h:22:42: error: incomplete type &#39;__gen_struct_VPORTC_DIR&#39; used in nested name specifier
/home/ec2-user/arduino-testlib/cli-datadir/user/libraries/FastLED/src/platforms/avr/fastpin_avr.h: In instantiation of &#39;static volatile uint8_t* _AVRPIN&lt;PIN, _MASK, _PORT, _DDR, _PIN&gt;::port() [with unsigned char PIN = 5; unsigned char _MASK = 4; _PORT = __gen_struct_VPORTB_OUT; _DDR = __gen_struct_VPORTB_DIR; _PIN = __gen_struct_VPORTB_IN; _AVRPIN&lt;PIN, _MASK, _PORT, _DDR, _PIN&gt;::port_ptr_t = volatile unsigned char*; uint8_t = unsigned char]&#39;:
/home/ec2-user/arduino-testlib/cli-datadir/user/libraries/FastLED/src/platforms/avr/clockless_trinket.h:362:44:   required from &#39;static void ClocklessController&lt;DATA_PIN, T1, T2, T3, RGB_ORDER, XTRA0, FLIP, WAIT_TIME&gt;::showRGBInternal(PixelController&lt;RGB_ORDER&gt;&amp;) [with unsigned char DATA_PIN = 5; int T1 = 4; int T2 = 10; int T3 = 6; EOrder RGB_ORDER = (EOrder)66; int XTRA0 = 0; bool FLIP = false; int WAIT_TIME = 10]&#39;
/home/ec2-user/arduino-testlib/cli-datadir/user/libraries/FastLED/src/platforms/avr/clockless_trinket.h:126:19:   required from &#39;void ClocklessController&lt;DATA_PIN, T1, T2, T3, RGB_ORDER, XTRA0, FLIP, WAIT_TIME&gt;::showPixels(PixelController&lt;RGB_ORDER&gt;&amp;) [with unsigned char DATA_PIN = 5; int T1 = 4; int T2 = 10; int T3 = 6; EOrder RGB_ORDER = (EOrder)66; int XTRA0 = 0; bool FLIP = false; int WAIT_TIME = 10]&#39;
/home/ec2-user/arduino-testlib/cli-datadir/user/libraries/Lixie_II/src/Lixie_II.cpp:802:1:   required from here
/home/ec2-user/arduino-testlib/cli-datadir/user/libraries/FastLED/src/platforms/avr/fastpin_avr.h:39:84: error: incomplete type &#39;__gen_struct_VPORTB_OUT&#39; used in nested name specifier
  inline static port_ptr_t port() __attribute__ ((always_inline)) { return &amp;_PORT::r(); }
                                                                            ~~~~~~~~^~
/home/ec2-user/arduino-testlib/cli-datadir/user/libraries/FastLED/src/platforms/avr/fastpin_avr.h: In instantiation of &#39;static volatile uint8_t* _AVRPIN&lt;PIN, _MASK, _PORT, _DDR, _PIN&gt;::port() [with unsigned char PIN = 4; unsigned char _MASK = 64; _PORT = __gen_struct_VPORTC_OUT; _DDR = __gen_struct_VPORTC_DIR; _PIN = __gen_struct_VPORTC_IN; _AVRPIN&lt;PIN, _MASK, _PORT, _DDR, _PIN&gt;::port_ptr_t = volatile unsigned char*; uint8_t = unsigned char]&#39;:
/home/ec2-user/arduino-testlib/cli-datadir/user/libraries/FastLED/src/platforms/avr/clockless_trinket.h:362:44:   required from &#39;static void ClocklessController&lt;DATA_PIN, T1, T2, T3, RGB_ORDER, XTRA0, FLIP, WAIT_TIME&gt;</pre>

					
					<h4>examples/ESP8266_ONLY</h4>
					<p>
						Result: <b>FAIL</b>
					</p>
					<pre class="pre-scrollable"></pre>
					
					<h4>examples/color_functions</h4>
					<p>
						Result: <b>FAIL</b>
					</p>
					<pre class="pre-scrollable">/home/ec2-user/arduino-testlib/cli-datadir/user/libraries/Lixie_II/src/Lixie_II.cpp: In member function &#39;void Lixie_II::start_animation()&#39;:
/home/ec2-user/arduino-testlib/cli-datadir/user/libraries/Lixie_II/src/Lixie_II.cpp:147:3: error: &#39;TCCR1A&#39; was not declared in this scope
   TCCR1A = 0; // set entire TCCR1A register to 0
   ^~~~~~
/home/ec2-user/arduino-testlib/cli-datadir/user/libraries/Lixie_II/src/Lixie_II.cpp:147:3: note: suggested alternative: &#39;TCB1&#39;
   TCCR1A = 0; // set entire TCCR1A register to 0
   ^~~~~~
   TCB1
/home/ec2-user/arduino-testlib/cli-datadir/user/libraries/Lixie_II/src/Lixie_II.cpp:148:3: error: &#39;TCCR1B&#39; was not declared in this scope
   TCCR1B = 0; // same for TCCR1B
   ^~~~~~
/home/ec2-user/arduino-testlib/cli-datadir/user/libraries/Lixie_II/src/Lixie_II.cpp:148:3: note: suggested alternative: &#39;CRGB&#39;
   TCCR1B = 0; // same for TCCR1B
   ^~~~~~
   CRGB
/home/ec2-user/arduino-testlib/cli-datadir/user/libraries/Lixie_II/src/Lixie_II.cpp:149:3: error: &#39;TCNT1&#39; was not declared in this scope
   TCNT1  = 0; // initialize counter value to 0
   ^~~~~
/home/ec2-user/arduino-testlib/cli-datadir/user/libraries/Lixie_II/src/Lixie_II.cpp:149:3: note: suggested alternative: &#39;TCB1&#39;
   TCNT1  = 0; // initialize counter value to 0
   ^~~~~
   TCB1
/home/ec2-user/arduino-testlib/cli-datadir/user/libraries/Lixie_II/src/Lixie_II.cpp:151:3: error: &#39;OCR1A&#39; was not declared in this scope
   OCR1A = 39999; // = 16000000 / (8 * 50) - 1 (must be &lt;65536)
   ^~~~~
/home/ec2-user/arduino-testlib/cli-datadir/user/libraries/Lixie_II/src/Lixie_II.cpp:153:19: error: &#39;WGM12&#39; was not declared in this scope
   TCCR1B |= (1 &lt;&lt; WGM12);
                   ^~~~~
/home/ec2-user/arduino-testlib/cli-datadir/user/libraries/Lixie_II/src/Lixie_II.cpp:153:19: note: suggested alternative: &#39;WS2812&#39;
   TCCR1B |= (1 &lt;&lt; WGM12);
                   ^~~~~
                   WS2812
/home/ec2-user/arduino-testlib/cli-datadir/user/libraries/Lixie_II/src/Lixie_II.cpp:155:19: error: &#39;CS12&#39; was not declared in this scope
   TCCR1B |= (0 &lt;&lt; CS12) | (1 &lt;&lt; CS11) | (0 &lt;&lt; CS10);
                   ^~~~
/home/ec2-user/arduino-testlib/cli-datadir/user/libraries/Lixie_II/src/Lixie_II.cpp:155:19: note: suggested alternative: &#39;WS2812&#39;
   TCCR1B |= (0 &lt;&lt; CS12) | (1 &lt;&lt; CS11) | (0 &lt;&lt; CS10);
                   ^~~~
                   WS2812
/home/ec2-user/arduino-testlib/cli-datadir/user/libraries/Lixie_II/src/Lixie_II.cpp:155:33: error: &#39;CS11&#39; was not declared in this scope
   TCCR1B |= (0 &lt;&lt; CS12) | (1 &lt;&lt; CS11) | (0 &lt;&lt; CS10);
                                 ^~~~
/home/ec2-user/arduino-testlib/cli-datadir/user/libraries/Lixie_II/src/Lixie_II.cpp:155:33: note: suggested alternative: &#39;B111&#39;
   TCCR1B |= (0 &lt;&lt; CS12) | (1 &lt;&lt; CS11) | (0 &lt;&lt; CS10);
                                 ^~~~
                                 B111
/home/ec2-user/arduino-testlib/cli-datadir/user/libraries/Lixie_II/src/Lixie_II.cpp:155:47: error: &#39;CS10&#39; was not declared in this scope
   TCCR1B |= (0 &lt;&lt; CS12) | (1 &lt;&lt; CS11) | (0 &lt;&lt; CS10);
                                               ^~~~
/home/ec2-user/arduino-testlib/cli-datadir/user/libraries/Lixie_II/src/Lixie_II.cpp:155:47: note: suggested alternative: &#39;B110&#39;
   TCCR1B |= (0 &lt;&lt; CS12) | (1 &lt;&lt; CS11) | (0 &lt;&lt; CS10);
                                               ^~~~
                                               B110
/home/ec2-user/arduino-testlib/cli-datadir/user/libraries/Lixie_II/src/Lixie_II.cpp:157:3: error: &#39;TIMSK1&#39; was not declared in this scope
   TIMSK1 |= (1 &lt;&lt; OCIE1A);
   ^~~~~~
/home/ec2-user/arduino-testlib/cli-datadir/user/libraries/Lixie_II/src/Lixie_II.cpp:157:3: note: suggested alternative: &#39;TIMERB1&#39;
   TIMSK1 |= (1 &lt;&lt; OCIE1A);
   ^~~~~~
   TIMERB1
/home/ec2-user/arduino-testlib/cli-datadir/user/libraries/Lixie_II/src/Lixie_II.cpp:157:19: error: &#39;OCIE1A&#39; was not declared in this scope
   TIMSK1 |= (1 &lt;&lt; OCIE1A);
                   ^~~~~~
In file included from /home/ec2-user/arduino-testlib/cli-datadir/user/libraries/FastLED/src/platforms/avr/fastled_avr.h:4:0,
                 from /home/ec2-user/arduino-testlib/cli-datadir/user/libraries/FastLED/src/platforms.h:41,
                 from /home/ec2-user/arduino-testlib/cli-datadir/user/libraries/FastLED/src/FastLED.h:54,
                 from /home/ec2-user/arduino-testlib/cli-datadir/user/libraries/Lixie_II/src/Lixie_II.h:23,
                 from /home/ec2-user/arduino-testlib/cli-datadir/user/libraries/Lixie_II/src/Lixie_II.cpp:8:
/home/ec2-user/arduino-testlib/cli-datadir/user/libraries/FastLED/src/platforms/avr/fastpin_avr.h: In instantiation of &#39;static void _AVRPIN&lt;PIN, _MASK, _PORT, _DDR, _PIN&gt;::setOutput() [with unsigned char PIN = 5; unsigned char _MASK = 4; _PORT = __gen_struct_VPORTB_OUT; _DDR = __gen_struct_VPORTB_DIR; _PIN = __gen_struct_VPORTB_IN]&#39;:
/home/ec2-user/arduino-testlib/cli-datadir/user/libraries/FastLED/src/platforms/avr/clockless_trinket.h:114:31:   required from &#39;void ClocklessController&lt;DATA_PIN, T1, T2, T3, RGB_ORDER, XTRA0, FLIP, WAIT_TIME&gt;::init() [with unsigned char DATA_PIN = 5; int T1 = 4; int T2 = 10; int T3 = 6; EOrder RGB_ORDER = (EOrder)66; int XTRA0 = 0; bool FLIP = false; int WAIT_TIME = 10]&#39;
/home/ec2-user/arduino-testlib/cli-datadir/user/libraries/Lixie_II/src/Lixie_II.cpp:802:1:   required from here
/home/ec2-user/arduino-testlib/cli-datadir/user/libraries/FastLED/src/platforms/avr/fastpin_avr.h:22:42: error: incomplete type &#39;__gen_struct_VPORTB_DIR&#39; used in nested name specifier
  inline static void setOutput() { _DDR::r() |= _MASK; }
                                   ~~~~~~~^~
/home/ec2-user/arduino-testlib/cli-datadir/user/libraries/FastLED/src/platforms/avr/fastpin_avr.h: In instantiation of &#39;static void _AVRPIN&lt;PIN, _MASK, _PORT, _DDR, _PIN&gt;::setOutput() [with unsigned char PIN = 4; unsigned char _MASK = 64; _PORT = __gen_struct_VPORTC_OUT; _DDR = __gen_struct_VPORTC_DIR; _PIN = __gen_struct_VPORTC_IN]&#39;:
/home/ec2-user/arduino-testlib/cli-datadir/user/libraries/FastLED/src/platforms/avr/clockless_trinket.h:114:31:   required from &#39;void ClocklessController&lt;DATA_PIN, T1, T2, T3, RGB_ORDER, XTRA0, FLIP, WAIT_TIME&gt;::init() [with unsigned char DATA_PIN = 4; int T1 = 4; int T2 = 10; int T3 = 6; EOrder RGB_ORDER = (EOrder)66; int XTRA0 = 0; bool FLIP = false; int WAIT_TIME = 10]&#39;
/home/ec2-user/arduino-testlib/cli-datadir/user/libraries/Lixie_II/src/Lixie_II.cpp:802:1:   required from here
/home/ec2-user/arduino-testlib/cli-datadir/user/libraries/FastLED/src/platforms/avr/fastpin_avr.h:22:42: error: incomplete type &#39;__gen_struct_VPORTC_DIR&#39; used in nested name specifier
/home/ec2-user/arduino-testlib/cli-datadir/user/libraries/FastLED/src/platforms/avr/fastpin_avr.h: In instantiation of &#39;static void _AVRPIN&lt;PIN, _MASK, _PORT, _DDR, _PIN&gt;::setOutput() [with unsigned char PIN = 0; unsigned char _MASK = 32; _PORT = __gen_struct_VPORTC_OUT; _DDR = __gen_struct_VPORTC_DIR; _PIN = __gen_struct_VPORTC_IN]&#39;:
/home/ec2-user/arduino-testlib/cli-datadir/user/libraries/FastLED/src/platforms/avr/clockless_trinket.h:114:31:   required from &#39;void ClocklessController&lt;DATA_PIN, T1, T2, T3, RGB_ORDER, XTRA0, FLIP, WAIT_TIME&gt;::init() [with unsigned char DATA_PIN = 0; int T1 = 4; int T2 = 10; int T3 = 6; EOrder RGB_ORDER = (EOrder)66; int XTRA0 = 0; bool FLIP = false; int WAIT_TIME = 10]&#39;
/home/ec2-user/arduino-testlib/cli-datadir/user/libraries/Lixie_II/src/Lixie_II.cpp:802:1:   required from here
/home/ec2-user/arduino-testlib/cli-datadir/user/libraries/FastLED/src/platforms/avr/fastpin_avr.h:22:42: error: incomplete type &#39;__gen_struct_VPORTC_DIR&#39; used in nested name specifier
/home/ec2-user/arduino-testlib/cli-datadir/user/libraries/FastLED/src/platforms/avr/fastpin_avr.h: In instantiation of &#39;static volatile uint8_t* _AVRPIN&lt;PIN, _MASK, _PORT, _DDR, _PIN&gt;::port() [with unsigned char PIN = 5; unsigned char _MASK = 4; _PORT = __gen_struct_VPORTB_OUT; _DDR = __gen_struct_VPORTB_DIR; _PIN = __gen_struct_VPORTB_IN; _AVRPIN&lt;PIN, _MASK, _PORT, _DDR, _PIN&gt;::port_ptr_t = volatile unsigned char*; uint8_t = unsigned char]&#39;:
/home/ec2-user/arduino-testlib/cli-datadir/user/libraries/FastLED/src/platforms/avr/clockless_trinket.h:362:44:   required from &#39;static void ClocklessController&lt;DATA_PIN, T1, T2, T3, RGB_ORDER, XTRA0, FLIP, WAIT_TIME&gt;::showRGBInternal(PixelController&lt;RGB_ORDER&gt;&amp;) [with unsigned char DATA_PIN = 5; int T1 = 4; int T2 = 10; int T3 = 6; EOrder RGB_ORDER = (EOrder)66; int XTRA0 = 0; bool FLIP = false; int WAIT_TIME = 10]&#39;
/home/ec2-user/arduino-testlib/cli-datadir/user/libraries/FastLED/src/platforms/avr/clockless_trinket.h:126:19:   required from &#39;void ClocklessController&lt;DATA_PIN, T1, T2, T3, RGB_ORDER, XTRA0, FLIP, WAIT_TIME&gt;::showPixels(PixelController&lt;RGB_ORDER&gt;&amp;) [with unsigned char DATA_PIN = 5; int T1 = 4; int T2 = 10; int T3 = 6; EOrder RGB_ORDER = (EOrder)66; int XTRA0 = 0; bool FLIP = false; int WAIT_TIME = 10]&#39;
/home/ec2-user/arduino-testlib/cli-datadir/user/libraries/Lixie_II/src/Lixie_II.cpp:802:1:   required from here
/home/ec2-user/arduino-testlib/cli-datadir/user/libraries/FastLED/src/platforms/avr/fastpin_avr.h:39:84: error: incomplete type &#39;__gen_struct_VPORTB_OUT&#39; used in nested name specifier
  inline static port_ptr_t port() __attribute__ ((always_inline)) { return &amp;_PORT::r(); }
                                                                            ~~~~~~~~^~
/home/ec2-user/arduino-testlib/cli-datadir/user/libraries/FastLED/src/platforms/avr/fastpin_avr.h: In instantiation of &#39;static volatile uint8_t* _AVRPIN&lt;PIN, _MASK, _PORT, _DDR, _PIN&gt;::port() [with unsigned char PIN = 4; unsigned char _MASK = 64; _PORT = __gen_struct_VPORTC_OUT; _DDR = __gen_struct_VPORTC_DIR; _PIN = __gen_struct_VPORTC_IN; _AVRPIN&lt;PIN, _MASK, _PORT, _DDR, _PIN&gt;::port_ptr_t = volatile unsigned char*; uint8_t = unsigned char]&#39;:
/home/ec2-user/arduino-testlib/cli-datadir/user/libraries/FastLED/src/platforms/avr/clockless_trinket.h:362:44:   required from &#39;static void ClocklessController&lt;DATA_PIN, T1, T2, T3, RGB_ORDER, XTRA0, FLIP, WAIT_TIME&gt;</pre>
					
					<h4>examples/count_up</h4>
					<p>
						Result: <b>FAIL</b>
					</p>
					<pre class="pre-scrollable">/home/ec2-user/arduino-testlib/cli-datadir/user/libraries/Lixie_II/src/Lixie_II.cpp: In member function &#39;void Lixie_II::start_animation()&#39;:
/home/ec2-user/arduino-testlib/cli-datadir/user/libraries/Lixie_II/src/Lixie_II.cpp:147:3: error: &#39;TCCR1A&#39; was not declared in this scope
   TCCR1A = 0; // set entire TCCR1A register to 0
   ^~~~~~
/home/ec2-user/arduino-testlib/cli-datadir/user/libraries/Lixie_II/src/Lixie_II.cpp:147:3: note: suggested alternative: &#39;TCB1&#39;
   TCCR1A = 0; // set entire TCCR1A register to 0
   ^~~~~~
   TCB1
/home/ec2-user/arduino-testlib/cli-datadir/user/libraries/Lixie_II/src/Lixie_II.cpp:148:3: error: &#39;TCCR1B&#39; was not declared in this scope
   TCCR1B = 0; // same for TCCR1B
   ^~~~~~
/home/ec2-user/arduino-testlib/cli-datadir/user/libraries/Lixie_II/src/Lixie_II.cpp:148:3: note: suggested alternative: &#39;CRGB&#39;
   TCCR1B = 0; // same for TCCR1B
   ^~~~~~
   CRGB
/home/ec2-user/arduino-testlib/cli-datadir/user/libraries/Lixie_II/src/Lixie_II.cpp:149:3: error: &#39;TCNT1&#39; was not declared in this scope
   TCNT1  = 0; // initialize counter value to 0
   ^~~~~
/home/ec2-user/arduino-testlib/cli-datadir/user/libraries/Lixie_II/src/Lixie_II.cpp:149:3: note: suggested alternative: &#39;TCB1&#39;
   TCNT1  = 0; // initialize counter value to 0
   ^~~~~
   TCB1
/home/ec2-user/arduino-testlib/cli-datadir/user/libraries/Lixie_II/src/Lixie_II.cpp:151:3: error: &#39;OCR1A&#39; was not declared in this scope
   OCR1A = 39999; // = 16000000 / (8 * 50) - 1 (must be &lt;65536)
   ^~~~~
/home/ec2-user/arduino-testlib/cli-datadir/user/libraries/Lixie_II/src/Lixie_II.cpp:153:19: error: &#39;WGM12&#39; was not declared in this scope
   TCCR1B |= (1 &lt;&lt; WGM12);
                   ^~~~~
/home/ec2-user/arduino-testlib/cli-datadir/user/libraries/Lixie_II/src/Lixie_II.cpp:153:19: note: suggested alternative: &#39;WS2812&#39;
   TCCR1B |= (1 &lt;&lt; WGM12);
                   ^~~~~
                   WS2812
/home/ec2-user/arduino-testlib/cli-datadir/user/libraries/Lixie_II/src/Lixie_II.cpp:155:19: error: &#39;CS12&#39; was not declared in this scope
   TCCR1B |= (0 &lt;&lt; CS12) | (1 &lt;&lt; CS11) | (0 &lt;&lt; CS10);
                   ^~~~
/home/ec2-user/arduino-testlib/cli-datadir/user/libraries/Lixie_II/src/Lixie_II.cpp:155:19: note: suggested alternative: &#39;WS2812&#39;
   TCCR1B |= (0 &lt;&lt; CS12) | (1 &lt;&lt; CS11) | (0 &lt;&lt; CS10);
                   ^~~~
                   WS2812
/home/ec2-user/arduino-testlib/cli-datadir/user/libraries/Lixie_II/src/Lixie_II.cpp:155:33: error: &#39;CS11&#39; was not declared in this scope
   TCCR1B |= (0 &lt;&lt; CS12) | (1 &lt;&lt; CS11) | (0 &lt;&lt; CS10);
                                 ^~~~
/home/ec2-user/arduino-testlib/cli-datadir/user/libraries/Lixie_II/src/Lixie_II.cpp:155:33: note: suggested alternative: &#39;B111&#39;
   TCCR1B |= (0 &lt;&lt; CS12) | (1 &lt;&lt; CS11) | (0 &lt;&lt; CS10);
                                 ^~~~
                                 B111
/home/ec2-user/arduino-testlib/cli-datadir/user/libraries/Lixie_II/src/Lixie_II.cpp:155:47: error: &#39;CS10&#39; was not declared in this scope
   TCCR1B |= (0 &lt;&lt; CS12) | (1 &lt;&lt; CS11) | (0 &lt;&lt; CS10);
                                               ^~~~
/home/ec2-user/arduino-testlib/cli-datadir/user/libraries/Lixie_II/src/Lixie_II.cpp:155:47: note: suggested alternative: &#39;B110&#39;
   TCCR1B |= (0 &lt;&lt; CS12) | (1 &lt;&lt; CS11) | (0 &lt;&lt; CS10);
                                               ^~~~
                                               B110
/home/ec2-user/arduino-testlib/cli-datadir/user/libraries/Lixie_II/src/Lixie_II.cpp:157:3: error: &#39;TIMSK1&#39; was not declared in this scope
   TIMSK1 |= (1 &lt;&lt; OCIE1A);
   ^~~~~~
/home/ec2-user/arduino-testlib/cli-datadir/user/libraries/Lixie_II/src/Lixie_II.cpp:157:3: note: suggested alternative: &#39;TIMERB1&#39;
   TIMSK1 |= (1 &lt;&lt; OCIE1A);
   ^~~~~~
   TIMERB1
/home/ec2-user/arduino-testlib/cli-datadir/user/libraries/Lixie_II/src/Lixie_II.cpp:157:19: error: &#39;OCIE1A&#39; was not declared in this scope
   TIMSK1 |= (1 &lt;&lt; OCIE1A);
                   ^~~~~~
In file included from /home/ec2-user/arduino-testlib/cli-datadir/user/libraries/FastLED/src/platforms/avr/fastled_avr.h:4:0,
                 from /home/ec2-user/arduino-testlib/cli-datadir/user/libraries/FastLED/src/platforms.h:41,
                 from /home/ec2-user/arduino-testlib/cli-datadir/user/libraries/FastLED/src/FastLED.h:54,
                 from /home/ec2-user/arduino-testlib/cli-datadir/user/libraries/Lixie_II/src/Lixie_II.h:23,
                 from /home/ec2-user/arduino-testlib/cli-datadir/user/libraries/Lixie_II/src/Lixie_II.cpp:8:
/home/ec2-user/arduino-testlib/cli-datadir/user/libraries/FastLED/src/platforms/avr/fastpin_avr.h: In instantiation of &#39;static void _AVRPIN&lt;PIN, _MASK, _PORT, _DDR, _PIN&gt;::setOutput() [with unsigned char PIN = 5; unsigned char _MASK = 4; _PORT = __gen_struct_VPORTB_OUT; _DDR = __gen_struct_VPORTB_DIR; _PIN = __gen_struct_VPORTB_IN]&#39;:
/home/ec2-user/arduino-testlib/cli-datadir/user/libraries/FastLED/src/platforms/avr/clockless_trinket.h:114:31:   required from &#39;void ClocklessController&lt;DATA_PIN, T1, T2, T3, RGB_ORDER, XTRA0, FLIP, WAIT_TIME&gt;::init() [with unsigned char DATA_PIN = 5; int T1 = 4; int T2 = 10; int T3 = 6; EOrder RGB_ORDER = (EOrder)66; int XTRA0 = 0; bool FLIP = false; int WAIT_TIME = 10]&#39;
/home/ec2-user/arduino-testlib/cli-datadir/user/libraries/Lixie_II/src/Lixie_II.cpp:802:1:   required from here
/home/ec2-user/arduino-testlib/cli-datadir/user/libraries/FastLED/src/platforms/avr/fastpin_avr.h:22:42: error: incomplete type &#39;__gen_struct_VPORTB_DIR&#39; used in nested name specifier
  inline static void setOutput() { _DDR::r() |= _MASK; }
                                   ~~~~~~~^~
/home/ec2-user/arduino-testlib/cli-datadir/user/libraries/FastLED/src/platforms/avr/fastpin_avr.h: In instantiation of &#39;static void _AVRPIN&lt;PIN, _MASK, _PORT, _DDR, _PIN&gt;::setOutput() [with unsigned char PIN = 4; unsigned char _MASK = 64; _PORT = __gen_struct_VPORTC_OUT; _DDR = __gen_struct_VPORTC_DIR; _PIN = __gen_struct_VPORTC_IN]&#39;:
/home/ec2-user/arduino-testlib/cli-datadir/user/libraries/FastLED/src/platforms/avr/clockless_trinket.h:114:31:   required from &#39;void ClocklessController&lt;DATA_PIN, T1, T2, T3, RGB_ORDER, XTRA0, FLIP, WAIT_TIME&gt;::init() [with unsigned char DATA_PIN = 4; int T1 = 4; int T2 = 10; int T3 = 6; EOrder RGB_ORDER = (EOrder)66; int XTRA0 = 0; bool FLIP = false; int WAIT_TIME = 10]&#39;
/home/ec2-user/arduino-testlib/cli-datadir/user/libraries/Lixie_II/src/Lixie_II.cpp:802:1:   required from here
/home/ec2-user/arduino-testlib/cli-datadir/user/libraries/FastLED/src/platforms/avr/fastpin_avr.h:22:42: error: incomplete type &#39;__gen_struct_VPORTC_DIR&#39; used in nested name specifier
/home/ec2-user/arduino-testlib/cli-datadir/user/libraries/FastLED/src/platforms/avr/fastpin_avr.h: In instantiation of &#39;static void _AVRPIN&lt;PIN, _MASK, _PORT, _DDR, _PIN&gt;::setOutput() [with unsigned char PIN = 0; unsigned char _MASK = 32; _PORT = __gen_struct_VPORTC_OUT; _DDR = __gen_struct_VPORTC_DIR; _PIN = __gen_struct_VPORTC_IN]&#39;:
/home/ec2-user/arduino-testlib/cli-datadir/user/libraries/FastLED/src/platforms/avr/clockless_trinket.h:114:31:   required from &#39;void ClocklessController&lt;DATA_PIN, T1, T2, T3, RGB_ORDER, XTRA0, FLIP, WAIT_TIME&gt;::init() [with unsigned char DATA_PIN = 0; int T1 = 4; int T2 = 10; int T3 = 6; EOrder RGB_ORDER = (EOrder)66; int XTRA0 = 0; bool FLIP = false; int WAIT_TIME = 10]&#39;
/home/ec2-user/arduino-testlib/cli-datadir/user/libraries/Lixie_II/src/Lixie_II.cpp:802:1:   required from here
/home/ec2-user/arduino-testlib/cli-datadir/user/libraries/FastLED/src/platforms/avr/fastpin_avr.h:22:42: error: incomplete type &#39;__gen_struct_VPORTC_DIR&#39; used in nested name specifier
/home/ec2-user/arduino-testlib/cli-datadir/user/libraries/FastLED/src/platforms/avr/fastpin_avr.h: In instantiation of &#39;static volatile uint8_t* _AVRPIN&lt;PIN, _MASK, _PORT, _DDR, _PIN&gt;::port() [with unsigned char PIN = 5; unsigned char _MASK = 4; _PORT = __gen_struct_VPORTB_OUT; _DDR = __gen_struct_VPORTB_DIR; _PIN = __gen_struct_VPORTB_IN; _AVRPIN&lt;PIN, _MASK, _PORT, _DDR, _PIN&gt;::port_ptr_t = volatile unsigned char*; uint8_t = unsigned char]&#39;:
/home/ec2-user/arduino-testlib/cli-datadir/user/libraries/FastLED/src/platforms/avr/clockless_trinket.h:362:44:   required from &#39;static void ClocklessController&lt;DATA_PIN, T1, T2, T3, RGB_ORDER, XTRA0, FLIP, WAIT_TIME&gt;::showRGBInternal(PixelController&lt;RGB_ORDER&gt;&amp;) [with unsigned char DATA_PIN = 5; int T1 = 4; int T2 = 10; int T3 = 6; EOrder RGB_ORDER = (EOrder)66; int XTRA0 = 0; bool FLIP = false; int WAIT_TIME = 10]&#39;
/home/ec2-user/arduino-testlib/cli-datadir/user/libraries/FastLED/src/platforms/avr/clockless_trinket.h:126:19:   required from &#39;void ClocklessController&lt;DATA_PIN, T1, T2, T3, RGB_ORDER, XTRA0, FLIP, WAIT_TIME&gt;::showPixels(PixelController&lt;RGB_ORDER&gt;&amp;) [with unsigned char DATA_PIN = 5; int T1 = 4; int T2 = 10; int T3 = 6; EOrder RGB_ORDER = (EOrder)66; int XTRA0 = 0; bool FLIP = false; int WAIT_TIME = 10]&#39;
/home/ec2-user/arduino-testlib/cli-datadir/user/libraries/Lixie_II/src/Lixie_II.cpp:802:1:   required from here
/home/ec2-user/arduino-testlib/cli-datadir/user/libraries/FastLED/src/platforms/avr/fastpin_avr.h:39:84: error: incomplete type &#39;__gen_struct_VPORTB_OUT&#39; used in nested name specifier
  inline static port_ptr_t port() __attribute__ ((always_inline)) { return &amp;_PORT::r(); }
                                                                            ~~~~~~~~^~
/home/ec2-user/arduino-testlib/cli-datadir/user/libraries/FastLED/src/platforms/avr/fastpin_avr.h: In instantiation of &#39;static volatile uint8_t* _AVRPIN&lt;PIN, _MASK, _PORT, _DDR, _PIN&gt;::port() [with unsigned char PIN = 4; unsigned char _MASK = 64; _PORT = __gen_struct_VPORTC_OUT; _DDR = __gen_struct_VPORTC_DIR; _PIN = __gen_struct_VPORTC_IN; _AVRPIN&lt;PIN, _MASK, _PORT, _DDR, _PIN&gt;::port_ptr_t = volatile unsigned char*; uint8_t = unsigned char]&#39;:
/home/ec2-user/arduino-testlib/cli-datadir/user/libraries/FastLED/src/platforms/avr/clockless_trinket.h:362:44:   required from &#39;static void ClocklessController&lt;DATA_PIN, T1, T2, T3, RGB_ORDER, XTRA0, FLIP, WAIT_TIME&gt;</pre>
					
					<h4>examples/floating_point</h4>
					<p>
						Result: <b>FAIL</b>
					</p>
					<pre class="pre-scrollable">/home/ec2-user/arduino-testlib/cli-datadir/user/libraries/Lixie_II/src/Lixie_II.cpp: In member function &#39;void Lixie_II::start_animation()&#39;:
/home/ec2-user/arduino-testlib/cli-datadir/user/libraries/Lixie_II/src/Lixie_II.cpp:147:3: error: &#39;TCCR1A&#39; was not declared in this scope
   TCCR1A = 0; // set entire TCCR1A register to 0
   ^~~~~~
/home/ec2-user/arduino-testlib/cli-datadir/user/libraries/Lixie_II/src/Lixie_II.cpp:147:3: note: suggested alternative: &#39;TCB1&#39;
   TCCR1A = 0; // set entire TCCR1A register to 0
   ^~~~~~
   TCB1
/home/ec2-user/arduino-testlib/cli-datadir/user/libraries/Lixie_II/src/Lixie_II.cpp:148:3: error: &#39;TCCR1B&#39; was not declared in this scope
   TCCR1B = 0; // same for TCCR1B
   ^~~~~~
/home/ec2-user/arduino-testlib/cli-datadir/user/libraries/Lixie_II/src/Lixie_II.cpp:148:3: note: suggested alternative: &#39;CRGB&#39;
   TCCR1B = 0; // same for TCCR1B
   ^~~~~~
   CRGB
/home/ec2-user/arduino-testlib/cli-datadir/user/libraries/Lixie_II/src/Lixie_II.cpp:149:3: error: &#39;TCNT1&#39; was not declared in this scope
   TCNT1  = 0; // initialize counter value to 0
   ^~~~~
/home/ec2-user/arduino-testlib/cli-datadir/user/libraries/Lixie_II/src/Lixie_II.cpp:149:3: note: suggested alternative: &#39;TCB1&#39;
   TCNT1  = 0; // initialize counter value to 0
   ^~~~~
   TCB1
/home/ec2-user/arduino-testlib/cli-datadir/user/libraries/Lixie_II/src/Lixie_II.cpp:151:3: error: &#39;OCR1A&#39; was not declared in this scope
   OCR1A = 39999; // = 16000000 / (8 * 50) - 1 (must be &lt;65536)
   ^~~~~
/home/ec2-user/arduino-testlib/cli-datadir/user/libraries/Lixie_II/src/Lixie_II.cpp:153:19: error: &#39;WGM12&#39; was not declared in this scope
   TCCR1B |= (1 &lt;&lt; WGM12);
                   ^~~~~
/home/ec2-user/arduino-testlib/cli-datadir/user/libraries/Lixie_II/src/Lixie_II.cpp:153:19: note: suggested alternative: &#39;WS2812&#39;
   TCCR1B |= (1 &lt;&lt; WGM12);
                   ^~~~~
                   WS2812
/home/ec2-user/arduino-testlib/cli-datadir/user/libraries/Lixie_II/src/Lixie_II.cpp:155:19: error: &#39;CS12&#39; was not declared in this scope
   TCCR1B |= (0 &lt;&lt; CS12) | (1 &lt;&lt; CS11) | (0 &lt;&lt; CS10);
                   ^~~~
/home/ec2-user/arduino-testlib/cli-datadir/user/libraries/Lixie_II/src/Lixie_II.cpp:155:19: note: suggested alternative: &#39;WS2812&#39;
   TCCR1B |= (0 &lt;&lt; CS12) | (1 &lt;&lt; CS11) | (0 &lt;&lt; CS10);
                   ^~~~
                   WS2812
/home/ec2-user/arduino-testlib/cli-datadir/user/libraries/Lixie_II/src/Lixie_II.cpp:155:33: error: &#39;CS11&#39; was not declared in this scope
   TCCR1B |= (0 &lt;&lt; CS12) | (1 &lt;&lt; CS11) | (0 &lt;&lt; CS10);
                                 ^~~~
/home/ec2-user/arduino-testlib/cli-datadir/user/libraries/Lixie_II/src/Lixie_II.cpp:155:33: note: suggested alternative: &#39;B111&#39;
   TCCR1B |= (0 &lt;&lt; CS12) | (1 &lt;&lt; CS11) | (0 &lt;&lt; CS10);
                                 ^~~~
                                 B111
/home/ec2-user/arduino-testlib/cli-datadir/user/libraries/Lixie_II/src/Lixie_II.cpp:155:47: error: &#39;CS10&#39; was not declared in this scope
   TCCR1B |= (0 &lt;&lt; CS12) | (1 &lt;&lt; CS11) | (0 &lt;&lt; CS10);
                                               ^~~~
/home/ec2-user/arduino-testlib/cli-datadir/user/libraries/Lixie_II/src/Lixie_II.cpp:155:47: note: suggested alternative: &#39;B110&#39;
   TCCR1B |= (0 &lt;&lt; CS12) | (1 &lt;&lt; CS11) | (0 &lt;&lt; CS10);
                                               ^~~~
                                               B110
/home/ec2-user/arduino-testlib/cli-datadir/user/libraries/Lixie_II/src/Lixie_II.cpp:157:3: error: &#39;TIMSK1&#39; was not declared in this scope
   TIMSK1 |= (1 &lt;&lt; OCIE1A);
   ^~~~~~
/home/ec2-user/arduino-testlib/cli-datadir/user/libraries/Lixie_II/src/Lixie_II.cpp:157:3: note: suggested alternative: &#39;TIMERB1&#39;
   TIMSK1 |= (1 &lt;&lt; OCIE1A);
   ^~~~~~
   TIMERB1
/home/ec2-user/arduino-testlib/cli-datadir/user/libraries/Lixie_II/src/Lixie_II.cpp:157:19: error: &#39;OCIE1A&#39; was not declared in this scope
   TIMSK1 |= (1 &lt;&lt; OCIE1A);
                   ^~~~~~
In file included from /home/ec2-user/arduino-testlib/cli-datadir/user/libraries/FastLED/src/platforms/avr/fastled_avr.h:4:0,
                 from /home/ec2-user/arduino-testlib/cli-datadir/user/libraries/FastLED/src/platforms.h:41,
                 from /home/ec2-user/arduino-testlib/cli-datadir/user/libraries/FastLED/src/FastLED.h:54,
                 from /home/ec2-user/arduino-testlib/cli-datadir/user/libraries/Lixie_II/src/Lixie_II.h:23,
                 from /home/ec2-user/arduino-testlib/cli-datadir/user/libraries/Lixie_II/src/Lixie_II.cpp:8:
/home/ec2-user/arduino-testlib/cli-datadir/user/libraries/FastLED/src/platforms/avr/fastpin_avr.h: In instantiation of &#39;static void _AVRPIN&lt;PIN, _MASK, _PORT, _DDR, _PIN&gt;::setOutput() [with unsigned char PIN = 5; unsigned char _MASK = 4; _PORT = __gen_struct_VPORTB_OUT; _DDR = __gen_struct_VPORTB_DIR; _PIN = __gen_struct_VPORTB_IN]&#39;:
/home/ec2-user/arduino-testlib/cli-datadir/user/libraries/FastLED/src/platforms/avr/clockless_trinket.h:114:31:   required from &#39;void ClocklessController&lt;DATA_PIN, T1, T2, T3, RGB_ORDER, XTRA0, FLIP, WAIT_TIME&gt;::init() [with unsigned char DATA_PIN = 5; int T1 = 4; int T2 = 10; int T3 = 6; EOrder RGB_ORDER = (EOrder)66; int XTRA0 = 0; bool FLIP = false; int WAIT_TIME = 10]&#39;
/home/ec2-user/arduino-testlib/cli-datadir/user/libraries/Lixie_II/src/Lixie_II.cpp:802:1:   required from here
/home/ec2-user/arduino-testlib/cli-datadir/user/libraries/FastLED/src/platforms/avr/fastpin_avr.h:22:42: error: incomplete type &#39;__gen_struct_VPORTB_DIR&#39; used in nested name specifier
  inline static void setOutput() { _DDR::r() |= _MASK; }
                                   ~~~~~~~^~
/home/ec2-user/arduino-testlib/cli-datadir/user/libraries/FastLED/src/platforms/avr/fastpin_avr.h: In instantiation of &#39;static void _AVRPIN&lt;PIN, _MASK, _PORT, _DDR, _PIN&gt;::setOutput() [with unsigned char PIN = 4; unsigned char _MASK = 64; _PORT = __gen_struct_VPORTC_OUT; _DDR = __gen_struct_VPORTC_DIR; _PIN = __gen_struct_VPORTC_IN]&#39;:
/home/ec2-user/arduino-testlib/cli-datadir/user/libraries/FastLED/src/platforms/avr/clockless_trinket.h:114:31:   required from &#39;void ClocklessController&lt;DATA_PIN, T1, T2, T3, RGB_ORDER, XTRA0, FLIP, WAIT_TIME&gt;::init() [with unsigned char DATA_PIN = 4; int T1 = 4; int T2 = 10; int T3 = 6; EOrder RGB_ORDER = (EOrder)66; int XTRA0 = 0; bool FLIP = false; int WAIT_TIME = 10]&#39;
/home/ec2-user/arduino-testlib/cli-datadir/user/libraries/Lixie_II/src/Lixie_II.cpp:802:1:   required from here
/home/ec2-user/arduino-testlib/cli-datadir/user/libraries/FastLED/src/platforms/avr/fastpin_avr.h:22:42: error: incomplete type &#39;__gen_struct_VPORTC_DIR&#39; used in nested name specifier
/home/ec2-user/arduino-testlib/cli-datadir/user/libraries/FastLED/src/platforms/avr/fastpin_avr.h: In instantiation of &#39;static void _AVRPIN&lt;PIN, _MASK, _PORT, _DDR, _PIN&gt;::setOutput() [with unsigned char PIN = 0; unsigned char _MASK = 32; _PORT = __gen_struct_VPORTC_OUT; _DDR = __gen_struct_VPORTC_DIR; _PIN = __gen_struct_VPORTC_IN]&#39;:
/home/ec2-user/arduino-testlib/cli-datadir/user/libraries/FastLED/src/platforms/avr/clockless_trinket.h:114:31:   required from &#39;void ClocklessController&lt;DATA_PIN, T1, T2, T3, RGB_ORDER, XTRA0, FLIP, WAIT_TIME&gt;::init() [with unsigned char DATA_PIN = 0; int T1 = 4; int T2 = 10; int T3 = 6; EOrder RGB_ORDER = (EOrder)66; int XTRA0 = 0; bool FLIP = false; int WAIT_TIME = 10]&#39;
/home/ec2-user/arduino-testlib/cli-datadir/user/libraries/Lixie_II/src/Lixie_II.cpp:802:1:   required from here
/home/ec2-user/arduino-testlib/cli-datadir/user/libraries/FastLED/src/platforms/avr/fastpin_avr.h:22:42: error: incomplete type &#39;__gen_struct_VPORTC_DIR&#39; used in nested name specifier
/home/ec2-user/arduino-testlib/cli-datadir/user/libraries/FastLED/src/platforms/avr/fastpin_avr.h: In instantiation of &#39;static volatile uint8_t* _AVRPIN&lt;PIN, _MASK, _PORT, _DDR, _PIN&gt;::port() [with unsigned char PIN = 5; unsigned char _MASK = 4; _PORT = __gen_struct_VPORTB_OUT; _DDR = __gen_struct_VPORTB_DIR; _PIN = __gen_struct_VPORTB_IN; _AVRPIN&lt;PIN, _MASK, _PORT, _DDR, _PIN&gt;::port_ptr_t = volatile unsigned char*; uint8_t = unsigned char]&#39;:
/home/ec2-user/arduino-testlib/cli-datadir/user/libraries/FastLED/src/platforms/avr/clockless_trinket.h:362:44:   required from &#39;static void ClocklessController&lt;DATA_PIN, T1, T2, T3, RGB_ORDER, XTRA0, FLIP, WAIT_TIME&gt;::showRGBInternal(PixelController&lt;RGB_ORDER&gt;&amp;) [with unsigned char DATA_PIN = 5; int T1 = 4; int T2 = 10; int T3 = 6; EOrder RGB_ORDER = (EOrder)66; int XTRA0 = 0; bool FLIP = false; int WAIT_TIME = 10]&#39;
/home/ec2-user/arduino-testlib/cli-datadir/user/libraries/FastLED/src/platforms/avr/clockless_trinket.h:126:19:   required from &#39;void ClocklessController&lt;DATA_PIN, T1, T2, T3, RGB_ORDER, XTRA0, FLIP, WAIT_TIME&gt;::showPixels(PixelController&lt;RGB_ORDER&gt;&amp;) [with unsigned char DATA_PIN = 5; int T1 = 4; int T2 = 10; int T3 = 6; EOrder RGB_ORDER = (EOrder)66; int XTRA0 = 0; bool FLIP = false; int WAIT_TIME = 10]&#39;
/home/ec2-user/arduino-testlib/cli-datadir/user/libraries/Lixie_II/src/Lixie_II.cpp:802:1:   required from here
/home/ec2-user/arduino-testlib/cli-datadir/user/libraries/FastLED/src/platforms/avr/fastpin_avr.h:39:84: error: incomplete type &#39;__gen_struct_VPORTB_OUT&#39; used in nested name specifier
  inline static port_ptr_t port() __attribute__ ((always_inline)) { return &amp;_PORT::r(); }
                                                                            ~~~~~~~~^~
/home/ec2-user/arduino-testlib/cli-datadir/user/libraries/FastLED/src/platforms/avr/fastpin_avr.h: In instantiation of &#39;static volatile uint8_t* _AVRPIN&lt;PIN, _MASK, _PORT, _DDR, _PIN&gt;::port() [with unsigned char PIN = 4; unsigned char _MASK = 64; _PORT = __gen_struct_VPORTC_OUT; _DDR = __gen_struct_VPORTC_DIR; _PIN = __gen_struct_VPORTC_IN; _AVRPIN&lt;PIN, _MASK, _PORT, _DDR, _PIN&gt;::port_ptr_t = volatile unsigned char*; uint8_t = unsigned char]&#39;:
/home/ec2-user/arduino-testlib/cli-datadir/user/libraries/FastLED/src/platforms/avr/clockless_trinket.h:362:44:   required from &#39;static void ClocklessController&lt;DATA_PIN, T1, T2, T3, RGB_ORDER, XTRA0, FLIP, WAIT_TIME&gt;</pre>
					
					<h4>examples/introduction_tour</h4>
					<p>
						Result: <b>FAIL</b>
					</p>
					<pre class="pre-scrollable">/home/ec2-user/arduino-testlib/cli-datadir/user/libraries/Lixie_II/src/Lixie_II.cpp: In member function &#39;void Lixie_II::start_animation()&#39;:
/home/ec2-user/arduino-testlib/cli-datadir/user/libraries/Lixie_II/src/Lixie_II.cpp:147:3: error: &#39;TCCR1A&#39; was not declared in this scope
   TCCR1A = 0; // set entire TCCR1A register to 0
   ^~~~~~
/home/ec2-user/arduino-testlib/cli-datadir/user/libraries/Lixie_II/src/Lixie_II.cpp:147:3: note: suggested alternative: &#39;TCB1&#39;
   TCCR1A = 0; // set entire TCCR1A register to 0
   ^~~~~~
   TCB1
/home/ec2-user/arduino-testlib/cli-datadir/user/libraries/Lixie_II/src/Lixie_II.cpp:148:3: error: &#39;TCCR1B&#39; was not declared in this scope
   TCCR1B = 0; // same for TCCR1B
   ^~~~~~
/home/ec2-user/arduino-testlib/cli-datadir/user/libraries/Lixie_II/src/Lixie_II.cpp:148:3: note: suggested alternative: &#39;CRGB&#39;
   TCCR1B = 0; // same for TCCR1B
   ^~~~~~
   CRGB
/home/ec2-user/arduino-testlib/cli-datadir/user/libraries/Lixie_II/src/Lixie_II.cpp:149:3: error: &#39;TCNT1&#39; was not declared in this scope
   TCNT1  = 0; // initialize counter value to 0
   ^~~~~
/home/ec2-user/arduino-testlib/cli-datadir/user/libraries/Lixie_II/src/Lixie_II.cpp:149:3: note: suggested alternative: &#39;TCB1&#39;
   TCNT1  = 0; // initialize counter value to 0
   ^~~~~
   TCB1
/home/ec2-user/arduino-testlib/cli-datadir/user/libraries/Lixie_II/src/Lixie_II.cpp:151:3: error: &#39;OCR1A&#39; was not declared in this scope
   OCR1A = 39999; // = 16000000 / (8 * 50) - 1 (must be &lt;65536)
   ^~~~~
/home/ec2-user/arduino-testlib/cli-datadir/user/libraries/Lixie_II/src/Lixie_II.cpp:153:19: error: &#39;WGM12&#39; was not declared in this scope
   TCCR1B |= (1 &lt;&lt; WGM12);
                   ^~~~~
/home/ec2-user/arduino-testlib/cli-datadir/user/libraries/Lixie_II/src/Lixie_II.cpp:153:19: note: suggested alternative: &#39;WS2812&#39;
   TCCR1B |= (1 &lt;&lt; WGM12);
                   ^~~~~
                   WS2812
/home/ec2-user/arduino-testlib/cli-datadir/user/libraries/Lixie_II/src/Lixie_II.cpp:155:19: error: &#39;CS12&#39; was not declared in this scope
   TCCR1B |= (0 &lt;&lt; CS12) | (1 &lt;&lt; CS11) | (0 &lt;&lt; CS10);
                   ^~~~
/home/ec2-user/arduino-testlib/cli-datadir/user/libraries/Lixie_II/src/Lixie_II.cpp:155:19: note: suggested alternative: &#39;WS2812&#39;
   TCCR1B |= (0 &lt;&lt; CS12) | (1 &lt;&lt; CS11) | (0 &lt;&lt; CS10);
                   ^~~~
                   WS2812
/home/ec2-user/arduino-testlib/cli-datadir/user/libraries/Lixie_II/src/Lixie_II.cpp:155:33: error: &#39;CS11&#39; was not declared in this scope
   TCCR1B |= (0 &lt;&lt; CS12) | (1 &lt;&lt; CS11) | (0 &lt;&lt; CS10);
                                 ^~~~
/home/ec2-user/arduino-testlib/cli-datadir/user/libraries/Lixie_II/src/Lixie_II.cpp:155:33: note: suggested alternative: &#39;B111&#39;
   TCCR1B |= (0 &lt;&lt; CS12) | (1 &lt;&lt; CS11) | (0 &lt;&lt; CS10);
                                 ^~~~
                                 B111
/home/ec2-user/arduino-testlib/cli-datadir/user/libraries/Lixie_II/src/Lixie_II.cpp:155:47: error: &#39;CS10&#39; was not declared in this scope
   TCCR1B |= (0 &lt;&lt; CS12) | (1 &lt;&lt; CS11) | (0 &lt;&lt; CS10);
                                               ^~~~
/home/ec2-user/arduino-testlib/cli-datadir/user/libraries/Lixie_II/src/Lixie_II.cpp:155:47: note: suggested alternative: &#39;B110&#39;
   TCCR1B |= (0 &lt;&lt; CS12) | (1 &lt;&lt; CS11) | (0 &lt;&lt; CS10);
                                               ^~~~
                                               B110
/home/ec2-user/arduino-testlib/cli-datadir/user/libraries/Lixie_II/src/Lixie_II.cpp:157:3: error: &#39;TIMSK1&#39; was not declared in this scope
   TIMSK1 |= (1 &lt;&lt; OCIE1A);
   ^~~~~~
/home/ec2-user/arduino-testlib/cli-datadir/user/libraries/Lixie_II/src/Lixie_II.cpp:157:3: note: suggested alternative: &#39;TIMERB1&#39;
   TIMSK1 |= (1 &lt;&lt; OCIE1A);
   ^~~~~~
   TIMERB1
/home/ec2-user/arduino-testlib/cli-datadir/user/libraries/Lixie_II/src/Lixie_II.cpp:157:19: error: &#39;OCIE1A&#39; was not declared in this scope
   TIMSK1 |= (1 &lt;&lt; OCIE1A);
                   ^~~~~~
In file included from /home/ec2-user/arduino-testlib/cli-datadir/user/libraries/FastLED/src/platforms/avr/fastled_avr.h:4:0,
                 from /home/ec2-user/arduino-testlib/cli-datadir/user/libraries/FastLED/src/platforms.h:41,
                 from /home/ec2-user/arduino-testlib/cli-datadir/user/libraries/FastLED/src/FastLED.h:54,
                 from /home/ec2-user/arduino-testlib/cli-datadir/user/libraries/Lixie_II/src/Lixie_II.h:23,
                 from /home/ec2-user/arduino-testlib/cli-datadir/user/libraries/Lixie_II/src/Lixie_II.cpp:8:
/home/ec2-user/arduino-testlib/cli-datadir/user/libraries/FastLED/src/platforms/avr/fastpin_avr.h: In instantiation of &#39;static void _AVRPIN&lt;PIN, _MASK, _PORT, _DDR, _PIN&gt;::setOutput() [with unsigned char PIN = 5; unsigned char _MASK = 4; _PORT = __gen_struct_VPORTB_OUT; _DDR = __gen_struct_VPORTB_DIR; _PIN = __gen_struct_VPORTB_IN]&#39;:
/home/ec2-user/arduino-testlib/cli-datadir/user/libraries/FastLED/src/platforms/avr/clockless_trinket.h:114:31:   required from &#39;void ClocklessController&lt;DATA_PIN, T1, T2, T3, RGB_ORDER, XTRA0, FLIP, WAIT_TIME&gt;::init() [with unsigned char DATA_PIN = 5; int T1 = 4; int T2 = 10; int T3 = 6; EOrder RGB_ORDER = (EOrder)66; int XTRA0 = 0; bool FLIP = false; int WAIT_TIME = 10]&#39;
/home/ec2-user/arduino-testlib/cli-datadir/user/libraries/Lixie_II/src/Lixie_II.cpp:802:1:   required from here
/home/ec2-user/arduino-testlib/cli-datadir/user/libraries/FastLED/src/platforms/avr/fastpin_avr.h:22:42: error: incomplete type &#39;__gen_struct_VPORTB_DIR&#39; used in nested name specifier
  inline static void setOutput() { _DDR::r() |= _MASK; }
                                   ~~~~~~~^~
/home/ec2-user/arduino-testlib/cli-datadir/user/libraries/FastLED/src/platforms/avr/fastpin_avr.h: In instantiation of &#39;static void _AVRPIN&lt;PIN, _MASK, _PORT, _DDR, _PIN&gt;::setOutput() [with unsigned char PIN = 4; unsigned char _MASK = 64; _PORT = __gen_struct_VPORTC_OUT; _DDR = __gen_struct_VPORTC_DIR; _PIN = __gen_struct_VPORTC_IN]&#39;:
/home/ec2-user/arduino-testlib/cli-datadir/user/libraries/FastLED/src/platforms/avr/clockless_trinket.h:114:31:   required from &#39;void ClocklessController&lt;DATA_PIN, T1, T2, T3, RGB_ORDER, XTRA0, FLIP, WAIT_TIME&gt;::init() [with unsigned char DATA_PIN = 4; int T1 = 4; int T2 = 10; int T3 = 6; EOrder RGB_ORDER = (EOrder)66; int XTRA0 = 0; bool FLIP = false; int WAIT_TIME = 10]&#39;
/home/ec2-user/arduino-testlib/cli-datadir/user/libraries/Lixie_II/src/Lixie_II.cpp:802:1:   required from here
/home/ec2-user/arduino-testlib/cli-datadir/user/libraries/FastLED/src/platforms/avr/fastpin_avr.h:22:42: error: incomplete type &#39;__gen_struct_VPORTC_DIR&#39; used in nested name specifier
/home/ec2-user/arduino-testlib/cli-datadir/user/libraries/FastLED/src/platforms/avr/fastpin_avr.h: In instantiation of &#39;static void _AVRPIN&lt;PIN, _MASK, _PORT, _DDR, _PIN&gt;::setOutput() [with unsigned char PIN = 0; unsigned char _MASK = 32; _PORT = __gen_struct_VPORTC_OUT; _DDR = __gen_struct_VPORTC_DIR; _PIN = __gen_struct_VPORTC_IN]&#39;:
/home/ec2-user/arduino-testlib/cli-datadir/user/libraries/FastLED/src/platforms/avr/clockless_trinket.h:114:31:   required from &#39;void ClocklessController&lt;DATA_PIN, T1, T2, T3, RGB_ORDER, XTRA0, FLIP, WAIT_TIME&gt;::init() [with unsigned char DATA_PIN = 0; int T1 = 4; int T2 = 10; int T3 = 6; EOrder RGB_ORDER = (EOrder)66; int XTRA0 = 0; bool FLIP = false; int WAIT_TIME = 10]&#39;
/home/ec2-user/arduino-testlib/cli-datadir/user/libraries/Lixie_II/src/Lixie_II.cpp:802:1:   required from here
/home/ec2-user/arduino-testlib/cli-datadir/user/libraries/FastLED/src/platforms/avr/fastpin_avr.h:22:42: error: incomplete type &#39;__gen_struct_VPORTC_DIR&#39; used in nested name specifier
/home/ec2-user/arduino-testlib/cli-datadir/user/libraries/FastLED/src/platforms/avr/fastpin_avr.h: In instantiation of &#39;static volatile uint8_t* _AVRPIN&lt;PIN, _MASK, _PORT, _DDR, _PIN&gt;::port() [with unsigned char PIN = 5; unsigned char _MASK = 4; _PORT = __gen_struct_VPORTB_OUT; _DDR = __gen_struct_VPORTB_DIR; _PIN = __gen_struct_VPORTB_IN; _AVRPIN&lt;PIN, _MASK, _PORT, _DDR, _PIN&gt;::port_ptr_t = volatile unsigned char*; uint8_t = unsigned char]&#39;:
/home/ec2-user/arduino-testlib/cli-datadir/user/libraries/FastLED/src/platforms/avr/clockless_trinket.h:362:44:   required from &#39;static void ClocklessController&lt;DATA_PIN, T1, T2, T3, RGB_ORDER, XTRA0, FLIP, WAIT_TIME&gt;::showRGBInternal(PixelController&lt;RGB_ORDER&gt;&amp;) [with unsigned char DATA_PIN = 5; int T1 = 4; int T2 = 10; int T3 = 6; EOrder RGB_ORDER = (EOrder)66; int XTRA0 = 0; bool FLIP = false; int WAIT_TIME = 10]&#39;
/home/ec2-user/arduino-testlib/cli-datadir/user/libraries/FastLED/src/platforms/avr/clockless_trinket.h:126:19:   required from &#39;void ClocklessController&lt;DATA_PIN, T1, T2, T3, RGB_ORDER, XTRA0, FLIP, WAIT_TIME&gt;::showPixels(PixelController&lt;RGB_ORDER&gt;&amp;) [with unsigned char DATA_PIN = 5; int T1 = 4; int T2 = 10; int T3 = 6; EOrder RGB_ORDER = (EOrder)66; int XTRA0 = 0; bool FLIP = false; int WAIT_TIME = 10]&#39;
/home/ec2-user/arduino-testlib/cli-datadir/user/libraries/Lixie_II/src/Lixie_II.cpp:802:1:   required from here
/home/ec2-user/arduino-testlib/cli-datadir/user/libraries/FastLED/src/platforms/avr/fastpin_avr.h:39:84: error: incomplete type &#39;__gen_struct_VPORTB_OUT&#39; used in nested name specifier
  inline static port_ptr_t port() __attribute__ ((always_inline)) { return &amp;_PORT::r(); }
                                                                            ~~~~~~~~^~
/home/ec2-user/arduino-testlib/cli-datadir/user/libraries/FastLED/src/platforms/avr/fastpin_avr.h: In instantiation of &#39;static volatile uint8_t* _AVRPIN&lt;PIN, _MASK, _PORT, _DDR, _PIN&gt;::port() [with unsigned char PIN = 4; unsigned char _MASK = 64; _PORT = __gen_struct_VPORTC_OUT; _DDR = __gen_struct_VPORTC_DIR; _PIN = __gen_struct_VPORTC_IN; _AVRPIN&lt;PIN, _MASK, _PORT, _DDR, _PIN&gt;::port_ptr_t = volatile unsigned char*; uint8_t = unsigned char]&#39;:
/home/ec2-user/arduino-testlib/cli-datadir/user/libraries/FastLED/src/platforms/avr/clockless_trinket.h:362:44:   required from &#39;static void ClocklessController&lt;DATA_PIN, T1, T2, T3, RGB_ORDER, XTRA0, FLIP, WAIT_TIME&gt;</pre>
					
					<h4>examples/special_panes</h4>
					<p>
						Result: <b>FAIL</b>
					</p>
					<pre class="pre-scrollable">/home/ec2-user/arduino-testlib/cli-datadir/user/libraries/Lixie_II/src/Lixie_II.cpp: In member function &#39;void Lixie_II::start_animation()&#39;:
/home/ec2-user/arduino-testlib/cli-datadir/user/libraries/Lixie_II/src/Lixie_II.cpp:147:3: error: &#39;TCCR1A&#39; was not declared in this scope
   TCCR1A = 0; // set entire TCCR1A register to 0
   ^~~~~~
/home/ec2-user/arduino-testlib/cli-datadir/user/libraries/Lixie_II/src/Lixie_II.cpp:147:3: note: suggested alternative: &#39;TCB1&#39;
   TCCR1A = 0; // set entire TCCR1A register to 0
   ^~~~~~
   TCB1
/home/ec2-user/arduino-testlib/cli-datadir/user/libraries/Lixie_II/src/Lixie_II.cpp:148:3: error: &#39;TCCR1B&#39; was not declared in this scope
   TCCR1B = 0; // same for TCCR1B
   ^~~~~~
/home/ec2-user/arduino-testlib/cli-datadir/user/libraries/Lixie_II/src/Lixie_II.cpp:148:3: note: suggested alternative: &#39;CRGB&#39;
   TCCR1B = 0; // same for TCCR1B
   ^~~~~~
   CRGB
/home/ec2-user/arduino-testlib/cli-datadir/user/libraries/Lixie_II/src/Lixie_II.cpp:149:3: error: &#39;TCNT1&#39; was not declared in this scope
   TCNT1  = 0; // initialize counter value to 0
   ^~~~~
/home/ec2-user/arduino-testlib/cli-datadir/user/libraries/Lixie_II/src/Lixie_II.cpp:149:3: note: suggested alternative: &#39;TCB1&#39;
   TCNT1  = 0; // initialize counter value to 0
   ^~~~~
   TCB1
/home/ec2-user/arduino-testlib/cli-datadir/user/libraries/Lixie_II/src/Lixie_II.cpp:151:3: error: &#39;OCR1A&#39; was not declared in this scope
   OCR1A = 39999; // = 16000000 / (8 * 50) - 1 (must be &lt;65536)
   ^~~~~
/home/ec2-user/arduino-testlib/cli-datadir/user/libraries/Lixie_II/src/Lixie_II.cpp:153:19: error: &#39;WGM12&#39; was not declared in this scope
   TCCR1B |= (1 &lt;&lt; WGM12);
                   ^~~~~
/home/ec2-user/arduino-testlib/cli-datadir/user/libraries/Lixie_II/src/Lixie_II.cpp:153:19: note: suggested alternative: &#39;WS2812&#39;
   TCCR1B |= (1 &lt;&lt; WGM12);
                   ^~~~~
                   WS2812
/home/ec2-user/arduino-testlib/cli-datadir/user/libraries/Lixie_II/src/Lixie_II.cpp:155:19: error: &#39;CS12&#39; was not declared in this scope
   TCCR1B |= (0 &lt;&lt; CS12) | (1 &lt;&lt; CS11) | (0 &lt;&lt; CS10);
                   ^~~~
/home/ec2-user/arduino-testlib/cli-datadir/user/libraries/Lixie_II/src/Lixie_II.cpp:155:19: note: suggested alternative: &#39;WS2812&#39;
   TCCR1B |= (0 &lt;&lt; CS12) | (1 &lt;&lt; CS11) | (0 &lt;&lt; CS10);
                   ^~~~
                   WS2812
/home/ec2-user/arduino-testlib/cli-datadir/user/libraries/Lixie_II/src/Lixie_II.cpp:155:33: error: &#39;CS11&#39; was not declared in this scope
   TCCR1B |= (0 &lt;&lt; CS12) | (1 &lt;&lt; CS11) | (0 &lt;&lt; CS10);
                                 ^~~~
/home/ec2-user/arduino-testlib/cli-datadir/user/libraries/Lixie_II/src/Lixie_II.cpp:155:33: note: suggested alternative: &#39;B111&#39;
   TCCR1B |= (0 &lt;&lt; CS12) | (1 &lt;&lt; CS11) | (0 &lt;&lt; CS10);
                                 ^~~~
                                 B111
/home/ec2-user/arduino-testlib/cli-datadir/user/libraries/Lixie_II/src/Lixie_II.cpp:155:47: error: &#39;CS10&#39; was not declared in this scope
   TCCR1B |= (0 &lt;&lt; CS12) | (1 &lt;&lt; CS11) | (0 &lt;&lt; CS10);
                                               ^~~~
/home/ec2-user/arduino-testlib/cli-datadir/user/libraries/Lixie_II/src/Lixie_II.cpp:155:47: note: suggested alternative: &#39;B110&#39;
   TCCR1B |= (0 &lt;&lt; CS12) | (1 &lt;&lt; CS11) | (0 &lt;&lt; CS10);
                                               ^~~~
                                               B110
/home/ec2-user/arduino-testlib/cli-datadir/user/libraries/Lixie_II/src/Lixie_II.cpp:157:3: error: &#39;TIMSK1&#39; was not declared in this scope
   TIMSK1 |= (1 &lt;&lt; OCIE1A);
   ^~~~~~
/home/ec2-user/arduino-testlib/cli-datadir/user/libraries/Lixie_II/src/Lixie_II.cpp:157:3: note: suggested alternative: &#39;TIMERB1&#39;
   TIMSK1 |= (1 &lt;&lt; OCIE1A);
   ^~~~~~
   TIMERB1
/home/ec2-user/arduino-testlib/cli-datadir/user/libraries/Lixie_II/src/Lixie_II.cpp:157:19: error: &#39;OCIE1A&#39; was not declared in this scope
   TIMSK1 |= (1 &lt;&lt; OCIE1A);
                   ^~~~~~
In file included from /home/ec2-user/arduino-testlib/cli-datadir/user/libraries/FastLED/src/platforms/avr/fastled_avr.h:4:0,
                 from /home/ec2-user/arduino-testlib/cli-datadir/user/libraries/FastLED/src/platforms.h:41,
                 from /home/ec2-user/arduino-testlib/cli-datadir/user/libraries/FastLED/src/FastLED.h:54,
                 from /home/ec2-user/arduino-testlib/cli-datadir/user/libraries/Lixie_II/src/Lixie_II.h:23,
                 from /home/ec2-user/arduino-testlib/cli-datadir/user/libraries/Lixie_II/src/Lixie_II.cpp:8:
/home/ec2-user/arduino-testlib/cli-datadir/user/libraries/FastLED/src/platforms/avr/fastpin_avr.h: In instantiation of &#39;static void _AVRPIN&lt;PIN, _MASK, _PORT, _DDR, _PIN&gt;::setOutput() [with unsigned char PIN = 5; unsigned char _MASK = 4; _PORT = __gen_struct_VPORTB_OUT; _DDR = __gen_struct_VPORTB_DIR; _PIN = __gen_struct_VPORTB_IN]&#39;:
/home/ec2-user/arduino-testlib/cli-datadir/user/libraries/FastLED/src/platforms/avr/clockless_trinket.h:114:31:   required from &#39;void ClocklessController&lt;DATA_PIN, T1, T2, T3, RGB_ORDER, XTRA0, FLIP, WAIT_TIME&gt;::init() [with unsigned char DATA_PIN = 5; int T1 = 4; int T2 = 10; int T3 = 6; EOrder RGB_ORDER = (EOrder)66; int XTRA0 = 0; bool FLIP = false; int WAIT_TIME = 10]&#39;
/home/ec2-user/arduino-testlib/cli-datadir/user/libraries/Lixie_II/src/Lixie_II.cpp:802:1:   required from here
/home/ec2-user/arduino-testlib/cli-datadir/user/libraries/FastLED/src/platforms/avr/fastpin_avr.h:22:42: error: incomplete type &#39;__gen_struct_VPORTB_DIR&#39; used in nested name specifier
  inline static void setOutput() { _DDR::r() |= _MASK; }
                                   ~~~~~~~^~
/home/ec2-user/arduino-testlib/cli-datadir/user/libraries/FastLED/src/platforms/avr/fastpin_avr.h: In instantiation of &#39;static void _AVRPIN&lt;PIN, _MASK, _PORT, _DDR, _PIN&gt;::setOutput() [with unsigned char PIN = 4; unsigned char _MASK = 64; _PORT = __gen_struct_VPORTC_OUT; _DDR = __gen_struct_VPORTC_DIR; _PIN = __gen_struct_VPORTC_IN]&#39;:
/home/ec2-user/arduino-testlib/cli-datadir/user/libraries/FastLED/src/platforms/avr/clockless_trinket.h:114:31:   required from &#39;void ClocklessController&lt;DATA_PIN, T1, T2, T3, RGB_ORDER, XTRA0, FLIP, WAIT_TIME&gt;::init() [with unsigned char DATA_PIN = 4; int T1 = 4; int T2 = 10; int T3 = 6; EOrder RGB_ORDER = (EOrder)66; int XTRA0 = 0; bool FLIP = false; int WAIT_TIME = 10]&#39;
/home/ec2-user/arduino-testlib/cli-datadir/user/libraries/Lixie_II/src/Lixie_II.cpp:802:1:   required from here
/home/ec2-user/arduino-testlib/cli-datadir/user/libraries/FastLED/src/platforms/avr/fastpin_avr.h:22:42: error: incomplete type &#39;__gen_struct_VPORTC_DIR&#39; used in nested name specifier
/home/ec2-user/arduino-testlib/cli-datadir/user/libraries/FastLED/src/platforms/avr/fastpin_avr.h: In instantiation of &#39;static void _AVRPIN&lt;PIN, _MASK, _PORT, _DDR, _PIN&gt;::setOutput() [with unsigned char PIN = 0; unsigned char _MASK = 32; _PORT = __gen_struct_VPORTC_OUT; _DDR = __gen_struct_VPORTC_DIR; _PIN = __gen_struct_VPORTC_IN]&#39;:
/home/ec2-user/arduino-testlib/cli-datadir/user/libraries/FastLED/src/platforms/avr/clockless_trinket.h:114:31:   required from &#39;void ClocklessController&lt;DATA_PIN, T1, T2, T3, RGB_ORDER, XTRA0, FLIP, WAIT_TIME&gt;::init() [with unsigned char DATA_PIN = 0; int T1 = 4; int T2 = 10; int T3 = 6; EOrder RGB_ORDER = (EOrder)66; int XTRA0 = 0; bool FLIP = false; int WAIT_TIME = 10]&#39;
/home/ec2-user/arduino-testlib/cli-datadir/user/libraries/Lixie_II/src/Lixie_II.cpp:802:1:   required from here
/home/ec2-user/arduino-testlib/cli-datadir/user/libraries/FastLED/src/platforms/avr/fastpin_avr.h:22:42: error: incomplete type &#39;__gen_struct_VPORTC_DIR&#39; used in nested name specifier
/home/ec2-user/arduino-testlib/cli-datadir/user/libraries/FastLED/src/platforms/avr/fastpin_avr.h: In instantiation of &#39;static volatile uint8_t* _AVRPIN&lt;PIN, _MASK, _PORT, _DDR, _PIN&gt;::port() [with unsigned char PIN = 5; unsigned char _MASK = 4; _PORT = __gen_struct_VPORTB_OUT; _DDR = __gen_struct_VPORTB_DIR; _PIN = __gen_struct_VPORTB_IN; _AVRPIN&lt;PIN, _MASK, _PORT, _DDR, _PIN&gt;::port_ptr_t = volatile unsigned char*; uint8_t = unsigned char]&#39;:
/home/ec2-user/arduino-testlib/cli-datadir/user/libraries/FastLED/src/platforms/avr/clockless_trinket.h:362:44:   required from &#39;static void ClocklessController&lt;DATA_PIN, T1, T2, T3, RGB_ORDER, XTRA0, FLIP, WAIT_TIME&gt;::showRGBInternal(PixelController&lt;RGB_ORDER&gt;&amp;) [with unsigned char DATA_PIN = 5; int T1 = 4; int T2 = 10; int T3 = 6; EOrder RGB_ORDER = (EOrder)66; int XTRA0 = 0; bool FLIP = false; int WAIT_TIME = 10]&#39;
/home/ec2-user/arduino-testlib/cli-datadir/user/libraries/FastLED/src/platforms/avr/clockless_trinket.h:126:19:   required from &#39;void ClocklessController&lt;DATA_PIN, T1, T2, T3, RGB_ORDER, XTRA0, FLIP, WAIT_TIME&gt;::showPixels(PixelController&lt;RGB_ORDER&gt;&amp;) [with unsigned char DATA_PIN = 5; int T1 = 4; int T2 = 10; int T3 = 6; EOrder RGB_ORDER = (EOrder)66; int XTRA0 = 0; bool FLIP = false; int WAIT_TIME = 10]&#39;
/home/ec2-user/arduino-testlib/cli-datadir/user/libraries/Lixie_II/src/Lixie_II.cpp:802:1:   required from here
/home/ec2-user/arduino-testlib/cli-datadir/user/libraries/FastLED/src/platforms/avr/fastpin_avr.h:39:84: error: incomplete type &#39;__gen_struct_VPORTB_OUT&#39; used in nested name specifier
  inline static port_ptr_t port() __attribute__ ((always_inline)) { return &amp;_PORT::r(); }
                                                                            ~~~~~~~~^~
/home/ec2-user/arduino-testlib/cli-datadir/user/libraries/FastLED/src/platforms/avr/fastpin_avr.h: In instantiation of &#39;static volatile uint8_t* _AVRPIN&lt;PIN, _MASK, _PORT, _DDR, _PIN&gt;::port() [with unsigned char PIN = 4; unsigned char _MASK = 64; _PORT = __gen_struct_VPORTC_OUT; _DDR = __gen_struct_VPORTC_DIR; _PIN = __gen_struct_VPORTC_IN; _AVRPIN&lt;PIN, _MASK, _PORT, _DDR, _PIN&gt;::port_ptr_t = volatile unsigned char*; uint8_t = unsigned char]&#39;:
/home/ec2-user/arduino-testlib/cli-datadir/user/libraries/FastLED/src/platforms/avr/clockless_trinket.h:362:44:   required from &#39;static void ClocklessController&lt;DATA_PIN, T1, T2, T3, RGB_ORDER, XTRA0, FLIP, WAIT_TIME&gt;</pre>
					
				
				<h3 id="arduino:samd:mkrwifi1010">arduino:samd:mkrwifi1010 @ 1.8.12</h3>
				<h4>Inclusion</h4>
				<p>
					Result: <b>PASS</b>
					
				</p>
				<pre class="pre-scrollable">Sketch uses 12176 bytes (4%) of program storage space. Maximum is 262144 bytes.
Global variables use 3012 bytes (9%) of dynamic memory, leaving 29756 bytes for local variables. Maximum is 32768 bytes.
</pre>

					
					<h4>examples/ESP8266_ONLY</h4>
					<p>
						Result: <b>FAIL</b>
					</p>
					<pre class="pre-scrollable"></pre>
					
					<h4>examples/color_functions</h4>
					<p>
						Result: <b>PASS</b>
					</p>
					<pre class="pre-scrollable">Sketch uses 25544 bytes (9%) of program storage space. Maximum is 262144 bytes.
Global variables use 3336 bytes (10%) of dynamic memory, leaving 29432 bytes for local variables. Maximum is 32768 bytes.
</pre>
					
					<h4>examples/count_up</h4>
					<p>
						Result: <b>PASS</b>
					</p>
					<pre class="pre-scrollable">Sketch uses 21664 bytes (8%) of program storage space. Maximum is 262144 bytes.
Global variables use 3336 bytes (10%) of dynamic memory, leaving 29432 bytes for local variables. Maximum is 32768 bytes.
</pre>
					
					<h4>examples/floating_point</h4>
					<p>
						Result: <b>PASS</b>
					</p>
					<pre class="pre-scrollable">Sketch uses 25324 bytes (9%) of program storage space. Maximum is 262144 bytes.
Global variables use 3336 bytes (10%) of dynamic memory, leaving 29432 bytes for local variables. Maximum is 32768 bytes.
</pre>
					
					<h4>examples/introduction_tour</h4>
					<p>
						Result: <b>PASS</b>
					</p>
					<pre class="pre-scrollable">Sketch uses 36596 bytes (13%) of program storage space. Maximum is 262144 bytes.
Global variables use 3348 bytes (10%) of dynamic memory, leaving 29420 bytes for local variables. Maximum is 32768 bytes.
</pre>
					
					<h4>examples/special_panes</h4>
					<p>
						Result: <b>PASS</b>
					</p>
					<pre class="pre-scrollable">Sketch uses 26452 bytes (10%) of program storage space. Maximum is 262144 bytes.
Global variables use 3336 bytes (10%) of dynamic memory, leaving 29432 bytes for local variables. Maximum is 32768 bytes.
</pre>
					
				
				<h3 id="esp32:esp32:d1_mini32">esp32:esp32:d1_mini32 @ 1.0.6</h3>
				<h4>Inclusion</h4>
				<p>
					Result: <b>PASS</b>
					
				</p>
				<pre class="pre-scrollable">Sketch uses 202378 bytes (15%) of program storage space. Maximum is 1310720 bytes.
Global variables use 13296 bytes (4%) of dynamic memory, leaving 314384 bytes for local variables. Maximum is 327680 bytes.
In file included from /home/ec2-user/arduino-testlib/cli-datadir/user/libraries/FastLED/src/FastLED.h:67:0,
                 from /home/ec2-user/arduino-testlib/cli-datadir/user/libraries/Lixie_II/src/Lixie_II.h:23,
                 from /tmp/arduino-testlib2487288030/test/test.ino:1:
/home/ec2-user/arduino-testlib/cli-datadir/user/libraries/FastLED/src/fastspi.h:145:23: note: #pragma message: No hardware SPI pins defined.  All SPI access will default to bitbanged output
 #      pragma message &#34;No hardware SPI pins defined.  All SPI access will default to bitbanged output&#34;
                       ^
In file included from /home/ec2-user/arduino-testlib/cli-datadir/user/libraries/FastLED/src/FastLED.h:67:0,
                 from /home/ec2-user/arduino-testlib/cli-datadir/user/libraries/Lixie_II/src/Lixie_II.h:23,
                 from /home/ec2-user/arduino-testlib/cli-datadir/user/libraries/Lixie_II/src/Lixie_II.cpp:8:
/home/ec2-user/arduino-testlib/cli-datadir/user/libraries/FastLED/src/fastspi.h:145:23: note: #pragma message: No hardware SPI pins defined.  All SPI access will default to bitbanged output
 #      pragma message &#34;No hardware SPI pins defined.  All SPI access will default to bitbanged output&#34;
                       ^
</pre>

					
					<h4>examples/ESP8266_ONLY</h4>
					<p>
						Result: <b>FAIL</b>
					</p>
					<pre class="pre-scrollable"></pre>
					
					<h4>examples/color_functions</h4>
					<p>
						Result: <b>PASS</b>
					</p>
					<pre class="pre-scrollable">Sketch uses 221182 bytes (16%) of program storage space. Maximum is 1310720 bytes.
Global variables use 14240 bytes (4%) of dynamic memory, leaving 313440 bytes for local variables. Maximum is 327680 bytes.
In file included from /home/ec2-user/arduino-testlib/cli-datadir/user/libraries/FastLED/src/FastLED.h:67:0,
                 from /home/ec2-user/arduino-testlib/cli-datadir/user/libraries/Lixie_II/src/Lixie_II.h:23,
                 from /home/ec2-user/arduino-testlib/cli-datadir/user/libraries/Lixie_II/examples/color_functions/color_functions.ino:1:
/home/ec2-user/arduino-testlib/cli-datadir/user/libraries/FastLED/src/fastspi.h:145:23: note: #pragma message: No hardware SPI pins defined.  All SPI access will default to bitbanged output
 #      pragma message &#34;No hardware SPI pins defined.  All SPI access will default to bitbanged output&#34;
                       ^
In file included from /home/ec2-user/arduino-testlib/cli-datadir/user/libraries/FastLED/src/FastLED.h:67:0,
                 from /home/ec2-user/arduino-testlib/cli-datadir/user/libraries/Lixie_II/src/Lixie_II.h:23,
                 from /home/ec2-user/arduino-testlib/cli-datadir/user/libraries/Lixie_II/src/Lixie_II.cpp:8:
/home/ec2-user/arduino-testlib/cli-datadir/user/libraries/FastLED/src/fastspi.h:145:23: note: #pragma message: No hardware SPI pins defined.  All SPI access will default to bitbanged output
 #      pragma message &#34;No hardware SPI pins defined.  All SPI access will default to bitbanged output&#34;
                       ^
</pre>
					
					<h4>examples/count_up</h4>
					<p>
						Result: <b>PASS</b>
					</p>
					<pre class="pre-scrollable">Sketch uses 220438 bytes (16%) of program storage space. Maximum is 1310720 bytes.
Global variables use 14240 bytes (4%) of dynamic memory, leaving 313440 bytes for local variables. Maximum is 327680 bytes.
In file included from /home/ec2-user/arduino-testlib/cli-datadir/user/libraries/FastLED/src/FastLED.h:67:0,
                 from /home/ec2-user/arduino-testlib/cli-datadir/user/libraries/Lixie_II/src/Lixie_II.h:23,
                 from /home/ec2-user/arduino-testlib/cli-datadir/user/libraries/Lixie_II/examples/count_up/count_up.ino:1:
/home/ec2-user/arduino-testlib/cli-datadir/user/libraries/FastLED/src/fastspi.h:145:23: note: #pragma message: No hardware SPI pins defined.  All SPI access will default to bitbanged output
 #      pragma message &#34;No hardware SPI pins defined.  All SPI access will default to bitbanged output&#34;
                       ^
In file included from /home/ec2-user/arduino-testlib/cli-datadir/user/libraries/FastLED/src/FastLED.h:67:0,
                 from /home/ec2-user/arduino-testlib/cli-datadir/user/libraries/Lixie_II/src/Lixie_II.h:23,
                 from /home/ec2-user/arduino-testlib/cli-datadir/user/libraries/Lixie_II/src/Lixie_II.cpp:8:
/home/ec2-user/arduino-testlib/cli-datadir/user/libraries/FastLED/src/fastspi.h:145:23: note: #pragma message: No hardware SPI pins defined.  All SPI access will default to bitbanged output
 #      pragma message &#34;No hardware SPI pins defined.  All SPI access will default to bitbanged output&#34;
                       ^
</pre>
					
					<h4>examples/floating_point</h4>
					<p>
						Result: <b>PASS</b>
					</p>
					<pre class="pre-scrollable">Sketch uses 220782 bytes (16%) of program storage space. Maximum is 1310720 bytes.
Global variables use 14240 bytes (4%) of dynamic memory, leaving 313440 bytes for local variables. Maximum is 327680 bytes.
In file included from /home/ec2-user/arduino-testlib/cli-datadir/user/libraries/FastLED/src/FastLED.h:67:0,
                 from /home/ec2-user/arduino-testlib/cli-datadir/user/libraries/Lixie_II/src/Lixie_II.h:23,
                 from /home/ec2-user/arduino-testlib/cli-datadir/user/libraries/Lixie_II/examples/floating_point/floating_point.ino:1:
/home/ec2-user/arduino-testlib/cli-datadir/user/libraries/FastLED/src/fastspi.h:145:23: note: #pragma message: No hardware SPI pins defined.  All SPI access will default to bitbanged output
 #      pragma message &#34;No hardware SPI pins defined.  All SPI access will default to bitbanged output&#34;
                       ^
In file included from /home/ec2-user/arduino-testlib/cli-datadir/user/libraries/FastLED/src/FastLED.h:67:0,
                 from /home/ec2-user/arduino-testlib/cli-datadir/user/libraries/Lixie_II/src/Lixie_II.h:23,
                 from /home/ec2-user/arduino-testlib/cli-datadir/user/libraries/Lixie_II/src/Lixie_II.cpp:8:
/home/ec2-user/arduino-testlib/cli-datadir/user/libraries/FastLED/src/fastspi.h:145:23: note: #pragma message: No hardware SPI pins defined.  All SPI access will default to bitbanged output
 #      pragma message &#34;No hardware SPI pins defined.  All SPI access will default to bitbanged output&#34;
                       ^
</pre>
					
					<h4>examples/introduction_tour</h4>
					<p>
						Result: <b>PASS</b>
					</p>
					<pre class="pre-scrollable">Sketch uses 234826 bytes (17%) of program storage space. Maximum is 1310720 bytes.
Global variables use 14488 bytes (4%) of dynamic memory, leaving 313192 bytes for local variables. Maximum is 327680 bytes.
In file included from /home/ec2-user/arduino-testlib/cli-datadir/user/libraries/FastLED/src/FastLED.h:67:0,
                 from /home/ec2-user/arduino-testlib/cli-datadir/user/libraries/Lixie_II/src/Lixie_II.h:23,
                 from /home/ec2-user/arduino-testlib/cli-datadir/user/libraries/Lixie_II/examples/introduction_tour/introduction_tour.ino:19:
/home/ec2-user/arduino-testlib/cli-datadir/user/libraries/FastLED/src/fastspi.h:145:23: note: #pragma message: No hardware SPI pins defined.  All SPI access will default to bitbanged output
 #      pragma message &#34;No hardware SPI pins defined.  All SPI access will default to bitbanged output&#34;
                       ^
In file included from /home/ec2-user/arduino-testlib/cli-datadir/user/libraries/FastLED/src/FastLED.h:67:0,
                 from /home/ec2-user/arduino-testlib/cli-datadir/user/libraries/Lixie_II/src/Lixie_II.h:23,
                 from /home/ec2-user/arduino-testlib/cli-datadir/user/libraries/Lixie_II/src/Lixie_II.cpp:8:
/home/ec2-user/arduino-testlib/cli-datadir/user/libraries/FastLED/src/fastspi.h:145:23: note: #pragma message: No hardware SPI pins defined.  All SPI access will default to bitbanged output
 #      pragma message &#34;No hardware SPI pins defined.  All SPI access will default to bitbanged output&#34;
                       ^
</pre>
					
					<h4>examples/special_panes</h4>
					<p>
						Result: <b>PASS</b>
					</p>
					<pre class="pre-scrollable">Sketch uses 222170 bytes (16%) of program storage space. Maximum is 1310720 bytes.
Global variables use 14240 bytes (4%) of dynamic memory, leaving 313440 bytes for local variables. Maximum is 327680 bytes.
In file included from /home/ec2-user/arduino-testlib/cli-datadir/user/libraries/FastLED/src/FastLED.h:67:0,
                 from /home/ec2-user/arduino-testlib/cli-datadir/user/libraries/Lixie_II/src/Lixie_II.h:23,
                 from /home/ec2-user/arduino-testlib/cli-datadir/user/libraries/Lixie_II/examples/special_panes/special_panes.ino:48:
/home/ec2-user/arduino-testlib/cli-datadir/user/libraries/FastLED/src/fastspi.h:145:23: note: #pragma message: No hardware SPI pins defined.  All SPI access will default to bitbanged output
 #      pragma message &#34;No hardware SPI pins defined.  All SPI access will default to bitbanged output&#34;
                       ^
In file included from /home/ec2-user/arduino-testlib/cli-datadir/user/libraries/FastLED/src/FastLED.h:67:0,
                 from /home/ec2-user/arduino-testlib/cli-datadir/user/libraries/Lixie_II/src/Lixie_II.h:23,
                 from /home/ec2-user/arduino-testlib/cli-datadir/user/libraries/Lixie_II/src/Lixie_II.cpp:8:
/home/ec2-user/arduino-testlib/cli-datadir/user/libraries/FastLED/src/fastspi.h:145:23: note: #pragma message: No hardware SPI pins defined.  All SPI access will default to bitbanged output
 #      pragma message &#34;No hardware SPI pins defined.  All SPI access will default to bitbanged output&#34;
                       ^
</pre>
					
				
			</div>
		</div>
	</div>
  </body>
</html>
