
<!doctype html>
<html lang="en">
  <head>
    <meta charset="utf-8">
    <meta name="viewport" content="width=device-width, initial-scale=1">
    <link href="https://cdn.jsdelivr.net/npm/bootstrap@5.0.2/dist/css/bootstrap.min.css" rel="stylesheet" integrity="sha384-EVSTQN3/azprG1Anm3QDgpJLIm9Nao0Yz1ztcQTwFspd3yD65VohhpuuCOmLASjC" crossorigin="anonymous">
    <title>arduino-testlib report</title>
	<style>
	.pass { background-color: #00FF00 !important; }
	.fail { background-color: #FF0000 !important; }
	</style>
  </head>
  <body>
	<div class="container">
		<div class="row">
			<div class="col">
				<h1>looper - compatibility matrix</h1>
				<p>
					<small>This report was generated on Wednesday, 23-Feb-22 22:48:15 CET using 
					<a href="https://github.com/alranel/arduino-testlib">arduino-testlib</a>.</small>
				</p>

				<h2>looper</h2>
				<p>
					Version: <b>1.1.1</b>
					<br />
					<a href="https://www.arduino.cc/reference/en/libraries/looper/">More details</a>
				</p>

				<h2>Compatibility matrix</h2>
				<table class="table table-bordered">
					<tr>
						<th>Board</th>
						<th>Claims compatibility</th>
						<th>Inclusion</th>
						
						<th><pre>looper_BlinkWithoutMillis</pre></th>
						
						<th><pre>looper_basic_usage</pre></th>
						
						<th><pre>looper_myDelay</pre></th>
						
						<th><pre>looper_onetime_task</pre></th>
						
						<th><pre>looper_with_leOS</pre></th>
						
						<th><pre>looper_2_tasks</pre></th>
						
					</tr>
					
					<tr>
						<td>
							<a href="#arduino%3aavr%3auno"><b>arduino:avr:uno</b></a>
							<br />
							<small>1.8.4</small>
						</td>

						
							<td>Yes</td>
							<td class="pass">PASS</td>
						
						
						
						

						
							
								
									
										
									
										
											<td class="pass">PASS</td>
											
										
									
										
									
										
									
										
									
										
									
								
							
								
							
								
							
								
							
								
							
						
							
								
									
										
									
										
									
										
											<td class="pass">PASS</td>
											
										
									
										
									
										
									
										
									
								
							
								
							
								
							
								
							
								
							
						
							
								
									
										
									
										
									
										
									
										
											<td class="pass">PASS</td>
											
										
									
										
									
										
									
								
							
								
							
								
							
								
							
								
							
						
							
								
									
										
									
										
									
										
									
										
									
										
											<td class="pass">PASS</td>
											
										
									
										
									
								
							
								
							
								
							
								
							
								
							
						
							
								
									
										
									
										
									
										
									
										
									
										
									
										
											<td class="pass">PASS</td>
											
										
									
								
							
								
							
								
							
								
							
								
							
						
							
								
									
										
											<td class="pass">PASS</td>
											
										
									
										
									
										
									
										
									
										
									
										
									
								
							
								
							
								
							
								
							
								
							
						
					</tr>
					
					<tr>
						<td>
							<a href="#arduino%3ambed_nano%3ananorp2040connect"><b>arduino:mbed_nano:nanorp2040connect</b></a>
							<br />
							<small>2.7.2</small>
						</td>

						
							<td>Yes</td>
							<td class="pass">PASS</td>
						
						
						
						

						
							
								
							
								
									
										
									
										
											
											<td class="fail">FAIL</td>
										
									
										
									
										
									
										
									
										
									
								
							
								
							
								
							
								
							
						
							
								
							
								
									
										
									
										
									
										
											
											<td class="fail">FAIL</td>
										
									
										
									
										
									
										
									
								
							
								
							
								
							
								
							
						
							
								
							
								
									
										
									
										
									
										
									
										
											
											<td class="fail">FAIL</td>
										
									
										
									
										
									
								
							
								
							
								
							
								
							
						
							
								
							
								
									
										
									
										
									
										
									
										
									
										
											
											<td class="fail">FAIL</td>
										
									
										
									
								
							
								
							
								
							
								
							
						
							
								
							
								
									
										
									
										
									
										
									
										
									
										
									
										
											
											<td class="fail">FAIL</td>
										
									
								
							
								
							
								
							
								
							
						
							
								
							
								
									
										
											
											<td class="fail">FAIL</td>
										
									
										
									
										
									
										
									
										
									
										
									
								
							
								
							
								
							
								
							
						
					</tr>
					
					<tr>
						<td>
							<a href="#arduino%3amegaavr%3anona4809"><b>arduino:megaavr:nona4809</b></a>
							<br />
							<small>1.8.7</small>
						</td>

						
							<td>Yes</td>
							<td class="pass">PASS</td>
						
						
						
						

						
							
								
							
								
							
								
									
										
									
										
											<td class="pass">PASS</td>
											
										
									
										
									
										
									
										
									
										
									
								
							
								
							
								
							
						
							
								
							
								
							
								
									
										
									
										
									
										
											<td class="pass">PASS</td>
											
										
									
										
									
										
									
										
									
								
							
								
							
								
							
						
							
								
							
								
							
								
									
										
									
										
									
										
									
										
											<td class="pass">PASS</td>
											
										
									
										
									
										
									
								
							
								
							
								
							
						
							
								
							
								
							
								
									
										
									
										
									
										
									
										
									
										
											<td class="pass">PASS</td>
											
										
									
										
									
								
							
								
							
								
							
						
							
								
							
								
							
								
									
										
									
										
									
										
									
										
									
										
									
										
											
											<td class="fail">FAIL</td>
										
									
								
							
								
							
								
							
						
							
								
							
								
							
								
									
										
											<td class="pass">PASS</td>
											
										
									
										
									
										
									
										
									
										
									
										
									
								
							
								
							
								
							
						
					</tr>
					
					<tr>
						<td>
							<a href="#arduino%3asamd%3amkrwifi1010"><b>arduino:samd:mkrwifi1010</b></a>
							<br />
							<small>1.8.12</small>
						</td>

						
							<td>Yes</td>
							<td class="pass">PASS</td>
						
						
						
						

						
							
								
							
								
							
								
							
								
									
										
									
										
											<td class="pass">PASS</td>
											
										
									
										
									
										
									
										
									
										
									
								
							
								
							
						
							
								
							
								
							
								
							
								
									
										
									
										
									
										
											<td class="pass">PASS</td>
											
										
									
										
									
										
									
										
									
								
							
								
							
						
							
								
							
								
							
								
							
								
									
										
									
										
									
										
									
										
											<td class="pass">PASS</td>
											
										
									
										
									
										
									
								
							
								
							
						
							
								
							
								
							
								
							
								
									
										
									
										
									
										
									
										
									
										
											<td class="pass">PASS</td>
											
										
									
										
									
								
							
								
							
						
							
								
							
								
							
								
							
								
									
										
									
										
									
										
									
										
									
										
									
										
											
											<td class="fail">FAIL</td>
										
									
								
							
								
							
						
							
								
							
								
							
								
							
								
									
										
											<td class="pass">PASS</td>
											
										
									
										
									
										
									
										
									
										
									
										
									
								
							
								
							
						
					</tr>
					
					<tr>
						<td>
							<a href="#esp32%3aesp32%3ad1_mini32"><b>esp32:esp32:d1_mini32</b></a>
							<br />
							<small>1.0.6</small>
						</td>

						
							<td>Yes</td>
							<td class="pass">PASS</td>
						
						
						
						

						
							
								
							
								
							
								
							
								
							
								
									
										
									
										
											<td class="pass">PASS</td>
											
										
									
										
									
										
									
										
									
										
									
								
							
						
							
								
							
								
							
								
							
								
							
								
									
										
									
										
									
										
											<td class="pass">PASS</td>
											
										
									
										
									
										
									
										
									
								
							
						
							
								
							
								
							
								
							
								
							
								
									
										
									
										
									
										
									
										
											<td class="pass">PASS</td>
											
										
									
										
									
										
									
								
							
						
							
								
							
								
							
								
							
								
							
								
									
										
									
										
									
										
									
										
									
										
											<td class="pass">PASS</td>
											
										
									
										
									
								
							
						
							
								
							
								
							
								
							
								
							
								
									
										
									
										
									
										
									
										
									
										
									
										
											
											<td class="fail">FAIL</td>
										
									
								
							
						
							
								
							
								
							
								
							
								
							
								
									
										
											<td class="pass">PASS</td>
											
										
									
										
									
										
									
										
									
										
									
										
									
								
							
						
					</tr>
					
				</table>

				<h2>Compilation logs</h2>
				
				<h3 id="arduino:avr:uno">arduino:avr:uno @ 1.8.4</h3>
				<h4>Inclusion</h4>
				<p>
					Result: <b>PASS</b>
					
				</p>
				<pre class="pre-scrollable">Sketch uses 444 bytes (1%) of program storage space. Maximum is 32256 bytes.
Global variables use 9 bytes (0%) of dynamic memory, leaving 2039 bytes for local variables. Maximum is 2048 bytes.
</pre>

					
					<h4>examples/looper_2_tasks</h4>
					<p>
						Result: <b>PASS</b>
					</p>
					<pre class="pre-scrollable">Sketch uses 1666 bytes (5%) of program storage space. Maximum is 32256 bytes.
Global variables use 114 bytes (5%) of dynamic memory, leaving 1934 bytes for local variables. Maximum is 2048 bytes.
</pre>
					
					<h4>examples/looper_BlinkWithoutMillis</h4>
					<p>
						Result: <b>PASS</b>
					</p>
					<pre class="pre-scrollable">Sketch uses 1134 bytes (3%) of program storage space. Maximum is 32256 bytes.
Global variables use 110 bytes (5%) of dynamic memory, leaving 1938 bytes for local variables. Maximum is 2048 bytes.
</pre>
					
					<h4>examples/looper_basic_usage</h4>
					<p>
						Result: <b>PASS</b>
					</p>
					<pre class="pre-scrollable">Sketch uses 1336 bytes (4%) of program storage space. Maximum is 32256 bytes.
Global variables use 111 bytes (5%) of dynamic memory, leaving 1937 bytes for local variables. Maximum is 2048 bytes.
</pre>
					
					<h4>examples/looper_myDelay</h4>
					<p>
						Result: <b>PASS</b>
					</p>
					<pre class="pre-scrollable">Sketch uses 1306 bytes (4%) of program storage space. Maximum is 32256 bytes.
Global variables use 111 bytes (5%) of dynamic memory, leaving 1937 bytes for local variables. Maximum is 2048 bytes.
</pre>
					
					<h4>examples/looper_onetime_task</h4>
					<p>
						Result: <b>PASS</b>
					</p>
					<pre class="pre-scrollable">Sketch uses 1408 bytes (4%) of program storage space. Maximum is 32256 bytes.
Global variables use 111 bytes (5%) of dynamic memory, leaving 1937 bytes for local variables. Maximum is 2048 bytes.
</pre>
					
					<h4>examples/looper_with_leOS</h4>
					<p>
						Result: <b>PASS</b>
					</p>
					<pre class="pre-scrollable">Sketch uses 2106 bytes (6%) of program storage space. Maximum is 32256 bytes.
Global variables use 218 bytes (10%) of dynamic memory, leaving 1830 bytes for local variables. Maximum is 2048 bytes.
</pre>
					
				
				<h3 id="arduino:mbed_nano:nanorp2040connect">arduino:mbed_nano:nanorp2040connect @ 2.7.2</h3>
				<h4>Inclusion</h4>
				<p>
					Result: <b>PASS</b>
					
				</p>
				<pre class="pre-scrollable">Sketch uses 78756 bytes (0%) of program storage space. Maximum is 16777216 bytes.
Global variables use 43444 bytes (16%) of dynamic memory, leaving 226892 bytes for local variables. Maximum is 270336 bytes.
</pre>

					
					<h4>examples/looper_2_tasks</h4>
					<p>
						Result: <b>FAIL</b>
					</p>
					<pre class="pre-scrollable">In file included from /home/ec2-user/arduino-testlib/cli-datadir/data/packages/arduino/hardware/mbed_nano/2.7.2/cores/arduino/mbed/targets/TARGET_RASPBERRYPI/TARGET_RP2040/device.h:35:0,
                 from /home/ec2-user/arduino-testlib/cli-datadir/data/packages/arduino/hardware/mbed_nano/2.7.2/cores/arduino/mbed/platform/include/platform/platform.h:28,
                 from /home/ec2-user/arduino-testlib/cli-datadir/data/packages/arduino/hardware/mbed_nano/2.7.2/cores/arduino/mbed/platform/include/platform/FileHandle.h:25,
                 from /home/ec2-user/arduino-testlib/cli-datadir/data/packages/arduino/hardware/mbed_nano/2.7.2/cores/arduino/macros.h:41,
                 from /home/ec2-user/arduino-testlib/cli-datadir/data/packages/arduino/hardware/mbed_nano/2.7.2/variants/NANO_RP2040_CONNECT/pins_arduino.h:2,
                 from /home/ec2-user/arduino-testlib/cli-datadir/data/packages/arduino/hardware/mbed_nano/2.7.2/cores/arduino/Arduino.h:76,
                 from /tmp/arduino-sketch-8F72679A897A87D8DCF0DE800FB0DD57/sketch/looper_2_tasks.ino.cpp:1:
/home/ec2-user/arduino-testlib/cli-datadir/data/packages/arduino/hardware/mbed_nano/2.7.2/cores/arduino/mbed/targets/TARGET_RASPBERRYPI/TARGET_RP2040/objects.h:132:16: error: &#39;const byte LED1&#39; redeclared as different kind of symbol
 #define LED1   LED1
                ^
/home/ec2-user/arduino-testlib/cli-datadir/user/libraries/looper/examples/looper_2_tasks/looper_2_tasks.ino:38:12: note: in expansion of macro &#39;LED1&#39;
 const byte LED1 = 7;
            ^~~~
In file included from /home/ec2-user/arduino-testlib/cli-datadir/data/packages/arduino/hardware/mbed_nano/2.7.2/cores/arduino/mbed/targets/TARGET_RASPBERRYPI/TARGET_RP2040/PeripheralNames.h:21:0,
                 from /home/ec2-user/arduino-testlib/cli-datadir/data/packages/arduino/hardware/mbed_nano/2.7.2/variants/NANO_RP2040_CONNECT/pinmode_arduino.h:24,
                 from /home/ec2-user/arduino-testlib/cli-datadir/data/packages/arduino/hardware/mbed_nano/2.7.2/cores/arduino/Arduino.h:26,
                 from /tmp/arduino-sketch-8F72679A897A87D8DCF0DE800FB0DD57/sketch/looper_2_tasks.ino.cpp:1:
/home/ec2-user/arduino-testlib/cli-datadir/data/packages/arduino/hardware/mbed_nano/2.7.2/cores/arduino/mbed/targets/TARGET_RASPBERRYPI/TARGET_RP2040/TARGET_NANO_RP2040_CONNECT/PinNames.h:72:5: note: previous declaration &#39;PinName LED1&#39;
     LED1 = p6,
     ^~~~
/home/ec2-user/arduino-testlib/cli-datadir/user/libraries/looper/examples/looper_2_tasks/looper_2_tasks.ino:39:12: error: &#39;const byte LED2&#39; redeclared as different kind of symbol
 const byte LED2 = 8;
            ^~~~
In file included from /home/ec2-user/arduino-testlib/cli-datadir/data/packages/arduino/hardware/mbed_nano/2.7.2/cores/arduino/mbed/targets/TARGET_RASPBERRYPI/TARGET_RP2040/PeripheralNames.h:21:0,
                 from /home/ec2-user/arduino-testlib/cli-datadir/data/packages/arduino/hardware/mbed_nano/2.7.2/variants/NANO_RP2040_CONNECT/pinmode_arduino.h:24,
                 from /home/ec2-user/arduino-testlib/cli-datadir/data/packages/arduino/hardware/mbed_nano/2.7.2/cores/arduino/Arduino.h:26,
                 from /tmp/arduino-sketch-8F72679A897A87D8DCF0DE800FB0DD57/sketch/looper_2_tasks.ino.cpp:1:
/home/ec2-user/arduino-testlib/cli-datadir/data/packages/arduino/hardware/mbed_nano/2.7.2/cores/arduino/mbed/targets/TARGET_RASPBERRYPI/TARGET_RP2040/TARGET_NANO_RP2040_CONNECT/PinNames.h:73:5: note: previous declaration &#39;PinName LED2&#39;
     LED2 = p6,
     ^~~~
/home/ec2-user/arduino-testlib/cli-datadir/user/libraries/looper/examples/looper_2_tasks/looper_2_tasks.ino:40:12: error: &#39;const byte LED3&#39; redeclared as different kind of symbol
 const byte LED3 = 9;
            ^~~~
In file included from /home/ec2-user/arduino-testlib/cli-datadir/data/packages/arduino/hardware/mbed_nano/2.7.2/cores/arduino/mbed/targets/TARGET_RASPBERRYPI/TARGET_RP2040/PeripheralNames.h:21:0,
                 from /home/ec2-user/arduino-testlib/cli-datadir/data/packages/arduino/hardware/mbed_nano/2.7.2/variants/NANO_RP2040_CONNECT/pinmode_arduino.h:24,
                 from /home/ec2-user/arduino-testlib/cli-datadir/data/packages/arduino/hardware/mbed_nano/2.7.2/cores/arduino/Arduino.h:26,
                 from /tmp/arduino-sketch-8F72679A897A87D8DCF0DE800FB0DD57/sketch/looper_2_tasks.ino.cpp:1:
/home/ec2-user/arduino-testlib/cli-datadir/data/packages/arduino/hardware/mbed_nano/2.7.2/cores/arduino/mbed/targets/TARGET_RASPBERRYPI/TARGET_RP2040/TARGET_NANO_RP2040_CONNECT/PinNames.h:74:5: note: previous declaration &#39;PinName LED3&#39;
     LED3 = p6,
     ^~~~

</pre>
					
					<h4>examples/looper_BlinkWithoutMillis</h4>
					<p>
						Result: <b>FAIL</b>
					</p>
					<pre class="pre-scrollable">In file included from /home/ec2-user/arduino-testlib/cli-datadir/data/packages/arduino/hardware/mbed_nano/2.7.2/cores/arduino/mbed/targets/TARGET_RASPBERRYPI/TARGET_RP2040/device.h:35:0,
                 from /home/ec2-user/arduino-testlib/cli-datadir/data/packages/arduino/hardware/mbed_nano/2.7.2/cores/arduino/mbed/platform/include/platform/platform.h:28,
                 from /home/ec2-user/arduino-testlib/cli-datadir/data/packages/arduino/hardware/mbed_nano/2.7.2/cores/arduino/mbed/platform/include/platform/FileHandle.h:25,
                 from /home/ec2-user/arduino-testlib/cli-datadir/data/packages/arduino/hardware/mbed_nano/2.7.2/cores/arduino/macros.h:41,
                 from /home/ec2-user/arduino-testlib/cli-datadir/data/packages/arduino/hardware/mbed_nano/2.7.2/variants/NANO_RP2040_CONNECT/pins_arduino.h:2,
                 from /home/ec2-user/arduino-testlib/cli-datadir/data/packages/arduino/hardware/mbed_nano/2.7.2/cores/arduino/Arduino.h:76,
                 from /tmp/arduino-sketch-5E419280A584452A62A7CC9DBBF46E5B/sketch/looper_BlinkWithoutMillis.ino.cpp:1:
/home/ec2-user/arduino-testlib/cli-datadir/data/packages/arduino/hardware/mbed_nano/2.7.2/cores/arduino/mbed/targets/TARGET_RASPBERRYPI/TARGET_RP2040/objects.h:132:16: error: &#39;const byte LED1&#39; redeclared as different kind of symbol
 #define LED1   LED1
                ^
/home/ec2-user/arduino-testlib/cli-datadir/user/libraries/looper/examples/looper_BlinkWithoutMillis/looper_BlinkWithoutMillis.ino:34:12: note: in expansion of macro &#39;LED1&#39;
 const byte LED1 = 13;
            ^~~~
In file included from /home/ec2-user/arduino-testlib/cli-datadir/data/packages/arduino/hardware/mbed_nano/2.7.2/cores/arduino/mbed/targets/TARGET_RASPBERRYPI/TARGET_RP2040/PeripheralNames.h:21:0,
                 from /home/ec2-user/arduino-testlib/cli-datadir/data/packages/arduino/hardware/mbed_nano/2.7.2/variants/NANO_RP2040_CONNECT/pinmode_arduino.h:24,
                 from /home/ec2-user/arduino-testlib/cli-datadir/data/packages/arduino/hardware/mbed_nano/2.7.2/cores/arduino/Arduino.h:26,
                 from /tmp/arduino-sketch-5E419280A584452A62A7CC9DBBF46E5B/sketch/looper_BlinkWithoutMillis.ino.cpp:1:
/home/ec2-user/arduino-testlib/cli-datadir/data/packages/arduino/hardware/mbed_nano/2.7.2/cores/arduino/mbed/targets/TARGET_RASPBERRYPI/TARGET_RP2040/TARGET_NANO_RP2040_CONNECT/PinNames.h:72:5: note: previous declaration &#39;PinName LED1&#39;
     LED1 = p6,
     ^~~~

</pre>
					
					<h4>examples/looper_basic_usage</h4>
					<p>
						Result: <b>FAIL</b>
					</p>
					<pre class="pre-scrollable">In file included from /home/ec2-user/arduino-testlib/cli-datadir/data/packages/arduino/hardware/mbed_nano/2.7.2/cores/arduino/mbed/targets/TARGET_RASPBERRYPI/TARGET_RP2040/device.h:35:0,
                 from /home/ec2-user/arduino-testlib/cli-datadir/data/packages/arduino/hardware/mbed_nano/2.7.2/cores/arduino/mbed/platform/include/platform/platform.h:28,
                 from /home/ec2-user/arduino-testlib/cli-datadir/data/packages/arduino/hardware/mbed_nano/2.7.2/cores/arduino/mbed/platform/include/platform/FileHandle.h:25,
                 from /home/ec2-user/arduino-testlib/cli-datadir/data/packages/arduino/hardware/mbed_nano/2.7.2/cores/arduino/macros.h:41,
                 from /home/ec2-user/arduino-testlib/cli-datadir/data/packages/arduino/hardware/mbed_nano/2.7.2/variants/NANO_RP2040_CONNECT/pins_arduino.h:2,
                 from /home/ec2-user/arduino-testlib/cli-datadir/data/packages/arduino/hardware/mbed_nano/2.7.2/cores/arduino/Arduino.h:76,
                 from /tmp/arduino-sketch-47EECAA996F35DA86856322C4EBA67E5/sketch/looper_basic_usage.ino.cpp:1:
/home/ec2-user/arduino-testlib/cli-datadir/data/packages/arduino/hardware/mbed_nano/2.7.2/cores/arduino/mbed/targets/TARGET_RASPBERRYPI/TARGET_RP2040/objects.h:132:16: error: &#39;const byte LED1&#39; redeclared as different kind of symbol
 #define LED1   LED1
                ^
/home/ec2-user/arduino-testlib/cli-datadir/user/libraries/looper/examples/looper_basic_usage/looper_basic_usage.ino:36:12: note: in expansion of macro &#39;LED1&#39;
 const byte LED1 = 7;
            ^~~~
In file included from /home/ec2-user/arduino-testlib/cli-datadir/data/packages/arduino/hardware/mbed_nano/2.7.2/cores/arduino/mbed/targets/TARGET_RASPBERRYPI/TARGET_RP2040/PeripheralNames.h:21:0,
                 from /home/ec2-user/arduino-testlib/cli-datadir/data/packages/arduino/hardware/mbed_nano/2.7.2/variants/NANO_RP2040_CONNECT/pinmode_arduino.h:24,
                 from /home/ec2-user/arduino-testlib/cli-datadir/data/packages/arduino/hardware/mbed_nano/2.7.2/cores/arduino/Arduino.h:26,
                 from /tmp/arduino-sketch-47EECAA996F35DA86856322C4EBA67E5/sketch/looper_basic_usage.ino.cpp:1:
/home/ec2-user/arduino-testlib/cli-datadir/data/packages/arduino/hardware/mbed_nano/2.7.2/cores/arduino/mbed/targets/TARGET_RASPBERRYPI/TARGET_RP2040/TARGET_NANO_RP2040_CONNECT/PinNames.h:72:5: note: previous declaration &#39;PinName LED1&#39;
     LED1 = p6,
     ^~~~
/home/ec2-user/arduino-testlib/cli-datadir/user/libraries/looper/examples/looper_basic_usage/looper_basic_usage.ino:37:12: error: &#39;const byte LED2&#39; redeclared as different kind of symbol
 const byte LED2 = 8;
            ^~~~
In file included from /home/ec2-user/arduino-testlib/cli-datadir/data/packages/arduino/hardware/mbed_nano/2.7.2/cores/arduino/mbed/targets/TARGET_RASPBERRYPI/TARGET_RP2040/PeripheralNames.h:21:0,
                 from /home/ec2-user/arduino-testlib/cli-datadir/data/packages/arduino/hardware/mbed_nano/2.7.2/variants/NANO_RP2040_CONNECT/pinmode_arduino.h:24,
                 from /home/ec2-user/arduino-testlib/cli-datadir/data/packages/arduino/hardware/mbed_nano/2.7.2/cores/arduino/Arduino.h:26,
                 from /tmp/arduino-sketch-47EECAA996F35DA86856322C4EBA67E5/sketch/looper_basic_usage.ino.cpp:1:
/home/ec2-user/arduino-testlib/cli-datadir/data/packages/arduino/hardware/mbed_nano/2.7.2/cores/arduino/mbed/targets/TARGET_RASPBERRYPI/TARGET_RP2040/TARGET_NANO_RP2040_CONNECT/PinNames.h:73:5: note: previous declaration &#39;PinName LED2&#39;
     LED2 = p6,
     ^~~~

</pre>
					
					<h4>examples/looper_myDelay</h4>
					<p>
						Result: <b>FAIL</b>
					</p>
					<pre class="pre-scrollable">In file included from /home/ec2-user/arduino-testlib/cli-datadir/data/packages/arduino/hardware/mbed_nano/2.7.2/cores/arduino/mbed/targets/TARGET_RASPBERRYPI/TARGET_RP2040/device.h:35:0,
                 from /home/ec2-user/arduino-testlib/cli-datadir/data/packages/arduino/hardware/mbed_nano/2.7.2/cores/arduino/mbed/platform/include/platform/platform.h:28,
                 from /home/ec2-user/arduino-testlib/cli-datadir/data/packages/arduino/hardware/mbed_nano/2.7.2/cores/arduino/mbed/platform/include/platform/FileHandle.h:25,
                 from /home/ec2-user/arduino-testlib/cli-datadir/data/packages/arduino/hardware/mbed_nano/2.7.2/cores/arduino/macros.h:41,
                 from /home/ec2-user/arduino-testlib/cli-datadir/data/packages/arduino/hardware/mbed_nano/2.7.2/variants/NANO_RP2040_CONNECT/pins_arduino.h:2,
                 from /home/ec2-user/arduino-testlib/cli-datadir/data/packages/arduino/hardware/mbed_nano/2.7.2/cores/arduino/Arduino.h:76,
                 from /tmp/arduino-sketch-94437811BB5C2F55874EAEA2AFFFBDFB/sketch/looper_myDelay.ino.cpp:1:
/home/ec2-user/arduino-testlib/cli-datadir/data/packages/arduino/hardware/mbed_nano/2.7.2/cores/arduino/mbed/targets/TARGET_RASPBERRYPI/TARGET_RP2040/objects.h:132:16: error: &#39;const byte LED1&#39; redeclared as different kind of symbol
 #define LED1   LED1
                ^
/home/ec2-user/arduino-testlib/cli-datadir/user/libraries/looper/examples/looper_myDelay/looper_myDelay.ino:42:12: note: in expansion of macro &#39;LED1&#39;
 const byte LED1 = 7;
            ^~~~
In file included from /home/ec2-user/arduino-testlib/cli-datadir/data/packages/arduino/hardware/mbed_nano/2.7.2/cores/arduino/mbed/targets/TARGET_RASPBERRYPI/TARGET_RP2040/PeripheralNames.h:21:0,
                 from /home/ec2-user/arduino-testlib/cli-datadir/data/packages/arduino/hardware/mbed_nano/2.7.2/variants/NANO_RP2040_CONNECT/pinmode_arduino.h:24,
                 from /home/ec2-user/arduino-testlib/cli-datadir/data/packages/arduino/hardware/mbed_nano/2.7.2/cores/arduino/Arduino.h:26,
                 from /tmp/arduino-sketch-94437811BB5C2F55874EAEA2AFFFBDFB/sketch/looper_myDelay.ino.cpp:1:
/home/ec2-user/arduino-testlib/cli-datadir/data/packages/arduino/hardware/mbed_nano/2.7.2/cores/arduino/mbed/targets/TARGET_RASPBERRYPI/TARGET_RP2040/TARGET_NANO_RP2040_CONNECT/PinNames.h:72:5: note: previous declaration &#39;PinName LED1&#39;
     LED1 = p6,
     ^~~~
/home/ec2-user/arduino-testlib/cli-datadir/user/libraries/looper/examples/looper_myDelay/looper_myDelay.ino:43:12: error: &#39;const byte LED2&#39; redeclared as different kind of symbol
 const byte LED2 = 8;
            ^~~~
In file included from /home/ec2-user/arduino-testlib/cli-datadir/data/packages/arduino/hardware/mbed_nano/2.7.2/cores/arduino/mbed/targets/TARGET_RASPBERRYPI/TARGET_RP2040/PeripheralNames.h:21:0,
                 from /home/ec2-user/arduino-testlib/cli-datadir/data/packages/arduino/hardware/mbed_nano/2.7.2/variants/NANO_RP2040_CONNECT/pinmode_arduino.h:24,
                 from /home/ec2-user/arduino-testlib/cli-datadir/data/packages/arduino/hardware/mbed_nano/2.7.2/cores/arduino/Arduino.h:26,
                 from /tmp/arduino-sketch-94437811BB5C2F55874EAEA2AFFFBDFB/sketch/looper_myDelay.ino.cpp:1:
/home/ec2-user/arduino-testlib/cli-datadir/data/packages/arduino/hardware/mbed_nano/2.7.2/cores/arduino/mbed/targets/TARGET_RASPBERRYPI/TARGET_RP2040/TARGET_NANO_RP2040_CONNECT/PinNames.h:73:5: note: previous declaration &#39;PinName LED2&#39;
     LED2 = p6,
     ^~~~

</pre>
					
					<h4>examples/looper_onetime_task</h4>
					<p>
						Result: <b>FAIL</b>
					</p>
					<pre class="pre-scrollable">In file included from /home/ec2-user/arduino-testlib/cli-datadir/data/packages/arduino/hardware/mbed_nano/2.7.2/cores/arduino/mbed/targets/TARGET_RASPBERRYPI/TARGET_RP2040/device.h:35:0,
                 from /home/ec2-user/arduino-testlib/cli-datadir/data/packages/arduino/hardware/mbed_nano/2.7.2/cores/arduino/mbed/platform/include/platform/platform.h:28,
                 from /home/ec2-user/arduino-testlib/cli-datadir/data/packages/arduino/hardware/mbed_nano/2.7.2/cores/arduino/mbed/platform/include/platform/FileHandle.h:25,
                 from /home/ec2-user/arduino-testlib/cli-datadir/data/packages/arduino/hardware/mbed_nano/2.7.2/cores/arduino/macros.h:41,
                 from /home/ec2-user/arduino-testlib/cli-datadir/data/packages/arduino/hardware/mbed_nano/2.7.2/variants/NANO_RP2040_CONNECT/pins_arduino.h:2,
                 from /home/ec2-user/arduino-testlib/cli-datadir/data/packages/arduino/hardware/mbed_nano/2.7.2/cores/arduino/Arduino.h:76,
                 from /tmp/arduino-sketch-9AB876BDE09FE7D50408DFF7238BA840/sketch/looper_onetime_task.ino.cpp:1:
/home/ec2-user/arduino-testlib/cli-datadir/data/packages/arduino/hardware/mbed_nano/2.7.2/cores/arduino/mbed/targets/TARGET_RASPBERRYPI/TARGET_RP2040/objects.h:132:16: error: &#39;const byte LED1&#39; redeclared as different kind of symbol
 #define LED1   LED1
                ^
/home/ec2-user/arduino-testlib/cli-datadir/user/libraries/looper/examples/looper_onetime_task/looper_onetime_task.ino:39:12: note: in expansion of macro &#39;LED1&#39;
 const byte LED1 = 7;
            ^~~~
In file included from /home/ec2-user/arduino-testlib/cli-datadir/data/packages/arduino/hardware/mbed_nano/2.7.2/cores/arduino/mbed/targets/TARGET_RASPBERRYPI/TARGET_RP2040/PeripheralNames.h:21:0,
                 from /home/ec2-user/arduino-testlib/cli-datadir/data/packages/arduino/hardware/mbed_nano/2.7.2/variants/NANO_RP2040_CONNECT/pinmode_arduino.h:24,
                 from /home/ec2-user/arduino-testlib/cli-datadir/data/packages/arduino/hardware/mbed_nano/2.7.2/cores/arduino/Arduino.h:26,
                 from /tmp/arduino-sketch-9AB876BDE09FE7D50408DFF7238BA840/sketch/looper_onetime_task.ino.cpp:1:
/home/ec2-user/arduino-testlib/cli-datadir/data/packages/arduino/hardware/mbed_nano/2.7.2/cores/arduino/mbed/targets/TARGET_RASPBERRYPI/TARGET_RP2040/TARGET_NANO_RP2040_CONNECT/PinNames.h:72:5: note: previous declaration &#39;PinName LED1&#39;
     LED1 = p6,
     ^~~~
/home/ec2-user/arduino-testlib/cli-datadir/user/libraries/looper/examples/looper_onetime_task/looper_onetime_task.ino:40:12: error: &#39;const byte LED2&#39; redeclared as different kind of symbol
 const byte LED2 = 8;
            ^~~~
In file included from /home/ec2-user/arduino-testlib/cli-datadir/data/packages/arduino/hardware/mbed_nano/2.7.2/cores/arduino/mbed/targets/TARGET_RASPBERRYPI/TARGET_RP2040/PeripheralNames.h:21:0,
                 from /home/ec2-user/arduino-testlib/cli-datadir/data/packages/arduino/hardware/mbed_nano/2.7.2/variants/NANO_RP2040_CONNECT/pinmode_arduino.h:24,
                 from /home/ec2-user/arduino-testlib/cli-datadir/data/packages/arduino/hardware/mbed_nano/2.7.2/cores/arduino/Arduino.h:26,
                 from /tmp/arduino-sketch-9AB876BDE09FE7D50408DFF7238BA840/sketch/looper_onetime_task.ino.cpp:1:
/home/ec2-user/arduino-testlib/cli-datadir/data/packages/arduino/hardware/mbed_nano/2.7.2/cores/arduino/mbed/targets/TARGET_RASPBERRYPI/TARGET_RP2040/TARGET_NANO_RP2040_CONNECT/PinNames.h:73:5: note: previous declaration &#39;PinName LED2&#39;
     LED2 = p6,
     ^~~~
/home/ec2-user/arduino-testlib/cli-datadir/user/libraries/looper/examples/looper_onetime_task/looper_onetime_task.ino:41:12: error: &#39;const byte LED3&#39; redeclared as different kind of symbol
 const byte LED3 = 9;
            ^~~~
In file included from /home/ec2-user/arduino-testlib/cli-datadir/data/packages/arduino/hardware/mbed_nano/2.7.2/cores/arduino/mbed/targets/TARGET_RASPBERRYPI/TARGET_RP2040/PeripheralNames.h:21:0,
                 from /home/ec2-user/arduino-testlib/cli-datadir/data/packages/arduino/hardware/mbed_nano/2.7.2/variants/NANO_RP2040_CONNECT/pinmode_arduino.h:24,
                 from /home/ec2-user/arduino-testlib/cli-datadir/data/packages/arduino/hardware/mbed_nano/2.7.2/cores/arduino/Arduino.h:26,
                 from /tmp/arduino-sketch-9AB876BDE09FE7D50408DFF7238BA840/sketch/looper_onetime_task.ino.cpp:1:
/home/ec2-user/arduino-testlib/cli-datadir/data/packages/arduino/hardware/mbed_nano/2.7.2/cores/arduino/mbed/targets/TARGET_RASPBERRYPI/TARGET_RP2040/TARGET_NANO_RP2040_CONNECT/PinNames.h:74:5: note: previous declaration &#39;PinName LED3&#39;
     LED3 = p6,
     ^~~~

</pre>
					
					<h4>examples/looper_with_leOS</h4>
					<p>
						Result: <b>FAIL</b>
					</p>
					<pre class="pre-scrollable">WARNING: library leOS claims to run on avr architecture(s) and may be incompatible with your current board which runs on mbed_nano architecture(s).
In file included from /home/ec2-user/arduino-testlib/cli-datadir/user/libraries/looper/examples/looper_with_leOS/looper_with_leOS.ino:31:0:
/home/ec2-user/arduino-testlib/cli-datadir/user/libraries/leOS/leOS.h:73:2: error: #error Sorry, microcontroller not supported!
 #error Sorry, microcontroller not supported!
  ^~~~~
/home/ec2-user/arduino-testlib/cli-datadir/user/libraries/leOS/leOS.h:78:2: error: #error Sorry, clock frequency not supported!
 #error Sorry, clock frequency not supported!
  ^~~~~

</pre>
					
				
				<h3 id="arduino:megaavr:nona4809">arduino:megaavr:nona4809 @ 1.8.7</h3>
				<h4>Inclusion</h4>
				<p>
					Result: <b>PASS</b>
					
				</p>
				<pre class="pre-scrollable">Sketch uses 802 bytes (1%) of program storage space. Maximum is 49152 bytes.
Global variables use 22 bytes (0%) of dynamic memory, leaving 6122 bytes for local variables. Maximum is 6144 bytes.
</pre>

					
					<h4>examples/looper_2_tasks</h4>
					<p>
						Result: <b>PASS</b>
					</p>
					<pre class="pre-scrollable">Sketch uses 2110 bytes (4%) of program storage space. Maximum is 49152 bytes.
Global variables use 127 bytes (2%) of dynamic memory, leaving 6017 bytes for local variables. Maximum is 6144 bytes.
</pre>
					
					<h4>examples/looper_BlinkWithoutMillis</h4>
					<p>
						Result: <b>PASS</b>
					</p>
					<pre class="pre-scrollable">Sketch uses 1288 bytes (2%) of program storage space. Maximum is 49152 bytes.
Global variables use 123 bytes (2%) of dynamic memory, leaving 6021 bytes for local variables. Maximum is 6144 bytes.
</pre>
					
					<h4>examples/looper_basic_usage</h4>
					<p>
						Result: <b>PASS</b>
					</p>
					<pre class="pre-scrollable">Sketch uses 1802 bytes (3%) of program storage space. Maximum is 49152 bytes.
Global variables use 124 bytes (2%) of dynamic memory, leaving 6020 bytes for local variables. Maximum is 6144 bytes.
</pre>
					
					<h4>examples/looper_myDelay</h4>
					<p>
						Result: <b>PASS</b>
					</p>
					<pre class="pre-scrollable">Sketch uses 1706 bytes (3%) of program storage space. Maximum is 49152 bytes.
Global variables use 124 bytes (2%) of dynamic memory, leaving 6020 bytes for local variables. Maximum is 6144 bytes.
</pre>
					
					<h4>examples/looper_onetime_task</h4>
					<p>
						Result: <b>PASS</b>
					</p>
					<pre class="pre-scrollable">Sketch uses 1878 bytes (3%) of program storage space. Maximum is 49152 bytes.
Global variables use 124 bytes (2%) of dynamic memory, leaving 6020 bytes for local variables. Maximum is 6144 bytes.
</pre>
					
					<h4>examples/looper_with_leOS</h4>
					<p>
						Result: <b>FAIL</b>
					</p>
					<pre class="pre-scrollable">WARNING: library leOS claims to run on avr architecture(s) and may be incompatible with your current board which runs on megaavr architecture(s).
In file included from /home/ec2-user/arduino-testlib/cli-datadir/user/libraries/looper/examples/looper_with_leOS/looper_with_leOS.ino:31:0:
/home/ec2-user/arduino-testlib/cli-datadir/user/libraries/leOS/leOS.h:73:2: error: #error Sorry, microcontroller not supported!
 #error Sorry, microcontroller not supported!
  ^~~~~

</pre>
					
				
				<h3 id="arduino:samd:mkrwifi1010">arduino:samd:mkrwifi1010 @ 1.8.12</h3>
				<h4>Inclusion</h4>
				<p>
					Result: <b>PASS</b>
					
				</p>
				<pre class="pre-scrollable">Sketch uses 12156 bytes (4%) of program storage space. Maximum is 262144 bytes.
Global variables use 2996 bytes (9%) of dynamic memory, leaving 29772 bytes for local variables. Maximum is 32768 bytes.
</pre>

					
					<h4>examples/looper_2_tasks</h4>
					<p>
						Result: <b>PASS</b>
					</p>
					<pre class="pre-scrollable">Sketch uses 12816 bytes (4%) of program storage space. Maximum is 262144 bytes.
Global variables use 3152 bytes (9%) of dynamic memory, leaving 29616 bytes for local variables. Maximum is 32768 bytes.
</pre>
					
					<h4>examples/looper_BlinkWithoutMillis</h4>
					<p>
						Result: <b>PASS</b>
					</p>
					<pre class="pre-scrollable">Sketch uses 12548 bytes (4%) of program storage space. Maximum is 262144 bytes.
Global variables use 3152 bytes (9%) of dynamic memory, leaving 29616 bytes for local variables. Maximum is 32768 bytes.
</pre>
					
					<h4>examples/looper_basic_usage</h4>
					<p>
						Result: <b>PASS</b>
					</p>
					<pre class="pre-scrollable">Sketch uses 12584 bytes (4%) of program storage space. Maximum is 262144 bytes.
Global variables use 3152 bytes (9%) of dynamic memory, leaving 29616 bytes for local variables. Maximum is 32768 bytes.
</pre>
					
					<h4>examples/looper_myDelay</h4>
					<p>
						Result: <b>PASS</b>
					</p>
					<pre class="pre-scrollable">Sketch uses 12616 bytes (4%) of program storage space. Maximum is 262144 bytes.
Global variables use 3152 bytes (9%) of dynamic memory, leaving 29616 bytes for local variables. Maximum is 32768 bytes.
</pre>
					
					<h4>examples/looper_onetime_task</h4>
					<p>
						Result: <b>PASS</b>
					</p>
					<pre class="pre-scrollable">Sketch uses 12656 bytes (4%) of program storage space. Maximum is 262144 bytes.
Global variables use 3152 bytes (9%) of dynamic memory, leaving 29616 bytes for local variables. Maximum is 32768 bytes.
</pre>
					
					<h4>examples/looper_with_leOS</h4>
					<p>
						Result: <b>FAIL</b>
					</p>
					<pre class="pre-scrollable">WARNING: library leOS claims to run on avr architecture(s) and may be incompatible with your current board which runs on samd architecture(s).
In file included from /home/ec2-user/arduino-testlib/cli-datadir/user/libraries/looper/examples/looper_with_leOS/looper_with_leOS.ino:31:0:
/home/ec2-user/arduino-testlib/cli-datadir/user/libraries/leOS/leOS.h:73:2: error: #error Sorry, microcontroller not supported!
 #error Sorry, microcontroller not supported!
  ^~~~~
/home/ec2-user/arduino-testlib/cli-datadir/user/libraries/leOS/leOS.h:78:2: error: #error Sorry, clock frequency not supported!
 #error Sorry, clock frequency not supported!
  ^~~~~

</pre>
					
				
				<h3 id="esp32:esp32:d1_mini32">esp32:esp32:d1_mini32 @ 1.0.6</h3>
				<h4>Inclusion</h4>
				<p>
					Result: <b>PASS</b>
					
				</p>
				<pre class="pre-scrollable">Sketch uses 197914 bytes (15%) of program storage space. Maximum is 1310720 bytes.
Global variables use 13100 bytes (3%) of dynamic memory, leaving 314580 bytes for local variables. Maximum is 327680 bytes.
</pre>

					
					<h4>examples/looper_2_tasks</h4>
					<p>
						Result: <b>PASS</b>
					</p>
					<pre class="pre-scrollable">Sketch uses 199778 bytes (15%) of program storage space. Maximum is 1310720 bytes.
Global variables use 13416 bytes (4%) of dynamic memory, leaving 314264 bytes for local variables. Maximum is 327680 bytes.
</pre>
					
					<h4>examples/looper_BlinkWithoutMillis</h4>
					<p>
						Result: <b>PASS</b>
					</p>
					<pre class="pre-scrollable">Sketch uses 199302 bytes (15%) of program storage space. Maximum is 1310720 bytes.
Global variables use 13416 bytes (4%) of dynamic memory, leaving 314264 bytes for local variables. Maximum is 327680 bytes.
</pre>
					
					<h4>examples/looper_basic_usage</h4>
					<p>
						Result: <b>PASS</b>
					</p>
					<pre class="pre-scrollable">Sketch uses 199474 bytes (15%) of program storage space. Maximum is 1310720 bytes.
Global variables use 13416 bytes (4%) of dynamic memory, leaving 314264 bytes for local variables. Maximum is 327680 bytes.
</pre>
					
					<h4>examples/looper_myDelay</h4>
					<p>
						Result: <b>PASS</b>
					</p>
					<pre class="pre-scrollable">Sketch uses 199378 bytes (15%) of program storage space. Maximum is 1310720 bytes.
Global variables use 13416 bytes (4%) of dynamic memory, leaving 314264 bytes for local variables. Maximum is 327680 bytes.
</pre>
					
					<h4>examples/looper_onetime_task</h4>
					<p>
						Result: <b>PASS</b>
					</p>
					<pre class="pre-scrollable">Sketch uses 199602 bytes (15%) of program storage space. Maximum is 1310720 bytes.
Global variables use 13416 bytes (4%) of dynamic memory, leaving 314264 bytes for local variables. Maximum is 327680 bytes.
</pre>
					
					<h4>examples/looper_with_leOS</h4>
					<p>
						Result: <b>FAIL</b>
					</p>
					<pre class="pre-scrollable">In file included from /home/ec2-user/arduino-testlib/cli-datadir/user/libraries/leOS/leOS.cpp:7:0:
/home/ec2-user/arduino-testlib/cli-datadir/user/libraries/leOS/leOS.h:73:2: error: #error Sorry, microcontroller not supported!
 #error Sorry, microcontroller not supported!
  ^
/home/ec2-user/arduino-testlib/cli-datadir/user/libraries/leOS/leOS.h:78:2: error: #error Sorry, clock frequency not supported!
 #error Sorry, clock frequency not supported!
  ^
/home/ec2-user/arduino-testlib/cli-datadir/user/libraries/leOS/leOS.cpp:8:27: fatal error: avr/interrupt.h: No such file or directory
compilation terminated.

</pre>
					
				
			</div>
		</div>
	</div>
  </body>
</html>
