
<!doctype html>
<html lang="en">
  <head>
    <meta charset="utf-8">
    <meta name="viewport" content="width=device-width, initial-scale=1">
    <link href="https://cdn.jsdelivr.net/npm/bootstrap@5.0.2/dist/css/bootstrap.min.css" rel="stylesheet" integrity="sha384-EVSTQN3/azprG1Anm3QDgpJLIm9Nao0Yz1ztcQTwFspd3yD65VohhpuuCOmLASjC" crossorigin="anonymous">
    <title>arduino-testlib report</title>
	<style>
	.pass { background-color: #00FF00 !important; }
	.fail { background-color: #FF0000 !important; }
	</style>
  </head>
  <body>
	<div class="container">
		<div class="row">
			<div class="col">
				<h1>LoRa Node - compatibility matrix</h1>
				<p>
					<small>This report was generated on Monday, 21-Feb-22 12:00:25 CET using 
					<a href="https://github.com/alranel/arduino-testlib">arduino-testlib</a>.</small>
				</p>

				<h2>LoRa Node</h2>
				<p>
					Version: <b>1.0.1</b>
					<br />
					<a href="https://www.arduino.cc/reference/en/libraries/lora-node/">More details</a>
				</p>

				<h2>Compatibility matrix</h2>
				<table class="table table-bordered">
					<tr>
						<th>Board</th>
						<th>Claims compatibility</th>
						<th>Inclusion</th>
						
						<th><pre>sendWithButton</pre></th>
						
						<th><pre>TinkerkitExample</pre></th>
						
						<th><pre>loraABP</pre></th>
						
						<th><pre>loraOtaa</pre></th>
						
					</tr>
					
					<tr>
						<td>
							<a href="#arduino%3aavr%3auno"><b>arduino:avr:uno</b></a>
							<br />
							<small>1.8.4</small>
						</td>

						
						
						
						
							<td>No</td>
							<td class="fail">FAIL</td>
						

						
							
								
									
										
									
										
									
										
									
										
											
											<td class="fail">FAIL</td>
										
									
								
							
								
							
								
							
								
							
								
							
						
							
								
									
										
											
											<td class="fail">FAIL</td>
										
									
										
									
										
									
										
									
								
							
								
							
								
							
								
							
								
							
						
							
								
									
										
									
										
											
											<td class="fail">FAIL</td>
										
									
										
									
										
									
								
							
								
							
								
							
								
							
								
							
						
							
								
									
										
									
										
									
										
											
											<td class="fail">FAIL</td>
										
									
										
									
								
							
								
							
								
							
								
							
								
							
						
					</tr>
					
					<tr>
						<td>
							<a href="#arduino%3ambed_nano%3ananorp2040connect"><b>arduino:mbed_nano:nanorp2040connect</b></a>
							<br />
							<small>2.7.2</small>
						</td>

						
						
						
						
							<td>No</td>
							<td class="fail">FAIL</td>
						

						
							
								
							
								
									
										
									
										
									
										
									
										
											
											<td class="fail">FAIL</td>
										
									
								
							
								
							
								
							
								
							
						
							
								
							
								
									
										
											
											<td class="fail">FAIL</td>
										
									
										
									
										
									
										
									
								
							
								
							
								
							
								
							
						
							
								
							
								
									
										
									
										
											
											<td class="fail">FAIL</td>
										
									
										
									
										
									
								
							
								
							
								
							
								
							
						
							
								
							
								
									
										
									
										
									
										
											
											<td class="fail">FAIL</td>
										
									
										
									
								
							
								
							
								
							
								
							
						
					</tr>
					
					<tr>
						<td>
							<a href="#arduino%3amegaavr%3anona4809"><b>arduino:megaavr:nona4809</b></a>
							<br />
							<small>1.8.7</small>
						</td>

						
						
						
						
							<td>No</td>
							<td class="fail">FAIL</td>
						

						
							
								
							
								
							
								
									
										
									
										
									
										
									
										
											
											<td class="fail">FAIL</td>
										
									
								
							
								
							
								
							
						
							
								
							
								
							
								
									
										
											
											<td class="fail">FAIL</td>
										
									
										
									
										
									
										
									
								
							
								
							
								
							
						
							
								
							
								
							
								
									
										
									
										
											
											<td class="fail">FAIL</td>
										
									
										
									
										
									
								
							
								
							
								
							
						
							
								
							
								
							
								
									
										
									
										
									
										
											
											<td class="fail">FAIL</td>
										
									
										
									
								
							
								
							
								
							
						
					</tr>
					
					<tr>
						<td>
							<a href="#arduino%3asamd%3amkrwifi1010"><b>arduino:samd:mkrwifi1010</b></a>
							<br />
							<small>1.8.12</small>
						</td>

						
						
						
						
							<td>No</td>
							<td class="fail">FAIL</td>
						

						
							
								
							
								
							
								
							
								
									
										
									
										
									
										
									
										
											
											<td class="fail">FAIL</td>
										
									
								
							
								
							
						
							
								
							
								
							
								
							
								
									
										
											
											<td class="fail">FAIL</td>
										
									
										
									
										
									
										
									
								
							
								
							
						
							
								
							
								
							
								
							
								
									
										
									
										
											
											<td class="fail">FAIL</td>
										
									
										
									
										
									
								
							
								
							
						
							
								
							
								
							
								
							
								
									
										
									
										
									
										
											
											<td class="fail">FAIL</td>
										
									
										
									
								
							
								
							
						
					</tr>
					
					<tr>
						<td>
							<a href="#esp32%3aesp32%3ad1_mini32"><b>esp32:esp32:d1_mini32</b></a>
							<br />
							<small>1.0.6</small>
						</td>

						
						
						
						
							<td>No</td>
							<td class="fail">FAIL</td>
						

						
							
								
							
								
							
								
							
								
							
								
									
										
									
										
									
										
									
										
											
											<td class="fail">FAIL</td>
										
									
								
							
						
							
								
							
								
							
								
							
								
							
								
									
										
											
											<td class="fail">FAIL</td>
										
									
										
									
										
									
										
									
								
							
						
							
								
							
								
							
								
							
								
							
								
									
										
									
										
											
											<td class="fail">FAIL</td>
										
									
										
									
										
									
								
							
						
							
								
							
								
							
								
							
								
							
								
									
										
									
										
									
										
											
											<td class="fail">FAIL</td>
										
									
										
									
								
							
						
					</tr>
					
				</table>

				<h2>Compilation logs</h2>
				
				<h3 id="arduino:avr:uno">arduino:avr:uno @ 1.8.4</h3>
				<h4>Inclusion</h4>
				<p>
					Result: <b>FAIL</b>
					
					<br />This library has no main header file so an empty one was created.
					
				</p>
				<pre class="pre-scrollable">WARNING: library LoRa_Node claims to run on nrf52 architecture(s) and may be incompatible with your current board which runs on avr architecture(s).
/home/ec2-user/arduino-testlib/cli-datadir/user/libraries/LoRa_Node/src/boards/arduino/board.cpp: In function &#39;void BoardDisableIrq()&#39;:
/home/ec2-user/arduino-testlib/cli-datadir/user/libraries/LoRa_Node/src/boards/arduino/board.cpp:46:5: error: &#39;__disable_irq&#39; was not d/home/ec2-user/arduino-testlib/cli-datadir/user/libraries/LoRa_Node/src/boards/arduino/spi-board.cpp: In function &#39;void SpiInit(Spi_t*, PinNames, PinNames, PinNames, PinNames)&#39;:
/home/ec2-user/arduino-testlib/cli-datadir/user/libraries/LoRa_Node/src/boards/arduino/spi-board.cpp:62:13: error: &#39;class SPIClass&#39; has no member named &#39;beginSlave&#39;; did you mean &#39;begin&#39;?
         SPI.beginSlave();
             ^~~~~~~~~~
             begin

</pre>

					
					<h4>examples/TinkerkitExample</h4>
					<p>
						Result: <b>FAIL</b>
					</p>
					<pre class="pre-scrollable">WARNING: library LoRa_Node claims to run on nrf52 architecture(s) and may be incompatible with your current board which runs on avr architecture(s).

</pre>
					
					<h4>examples/loraABP</h4>
					<p>
						Result: <b>FAIL</b>
					</p>
					<pre class="pre-scrollable">WARNING: library LoRa_Node claims to run on nrf52 architecture(s) and may be incompatible with your current board which runs on avr architecture(s).
/home/ec2-user/arduino-testlib/cli-datadir/user/libraries/LoRa_Node/src/boards/arduino/board.cpp: In function &#39;void BoardDisableIrq()&#39;:
/home/ec2-user/arduino-testlib/cli-datadir/user/libraries/LoRa_Node/src/boards/arduino/board.cpp:46:5: error: &#39;__disable_irq&#39; was not d/home/ec2-user/arduino-testlib/cli-datadir/user/libraries/LoRa_Node/src/boards/arduino/spi-board.cpp: In function &#39;void SpiInit(Spi_t*, PinNames, PinNames, PinNames, PinNames)&#39;:
/home/ec2-user/arduino-testlib/cli-datadir/user/libraries/LoRa_Node/src/boards/arduino/spi-board.cpp:62:13: error: &#39;class SPIClass&#39; has no member named &#39;beginSlave&#39;; did you mean &#39;begin&#39;?
         SPI.beginSlave();
             ^~~~~~~~~~
             begin

</pre>
					
					<h4>examples/loraOtaa</h4>
					<p>
						Result: <b>FAIL</b>
					</p>
					<pre class="pre-scrollable">WARNING: library LoRa_Node claims to run on nrf52 architecture(s) and may be incompatible with your current board which runs on avr architecture(s).
/home/ec2-user/arduino-testlib/cli-datadir/user/libraries/LoRa_Node/src/boards/arduino/board.cpp: In function &#39;void BoardDisableIrq()&#39;:
/home/ec2-user/arduino-testlib/cli-datadir/user/libraries/LoRa_Node/src/boards/arduino/board.cpp:46:5: error: &#39;__disable_irq&#39; was not d/home/ec2-user/arduino-testlib/cli-datadir/user/libraries/LoRa_Node/src/boards/arduino/spi-board.cpp: In function &#39;void SpiInit(Spi_t*, PinNames, PinNames, PinNames, PinNames)&#39;:
/home/ec2-user/arduino-testlib/cli-datadir/user/libraries/LoRa_Node/src/boards/arduino/spi-board.cpp:62:13: error: &#39;class SPIClass&#39; has no member named &#39;beginSlave&#39;; did you mean &#39;begin&#39;?
         SPI.beginSlave();
             ^~~~~~~~~~
             begin

</pre>
					
					<h4>examples/sendWithButton</h4>
					<p>
						Result: <b>FAIL</b>
					</p>
					<pre class="pre-scrollable">WARNING: library LoRa_Node claims to run on nrf52 architecture(s) and may be incompatible with your current board which runs on avr architecture(s).

</pre>
					
				
				<h3 id="arduino:mbed_nano:nanorp2040connect">arduino:mbed_nano:nanorp2040connect @ 2.7.2</h3>
				<h4>Inclusion</h4>
				<p>
					Result: <b>FAIL</b>
					
				</p>
				<pre class="pre-scrollable">WARNING: library LoRa_Node claims to run on nrf52 architecture(s) and may be incompatible with your current board which runs on mbed_nano architecture(s).
In file included from /home/ec2-user/arduino-testlib/cli-datadir/user/libraries/LoRa_Node/src/boards/arduino/board.h:32:0,
                 from /home/ec2-user/arduino-testlib/cli-datadir/user/libraries/LoRa_Node/src/LoRaNode.h:26,
                 from /home/ec2-user/arduino-testlib/cli-datadir/user/libraries/LoRa_Node/src/LoRaNode.cpp:19:
/home/ec2-user/arduino-testlib/cli-datadir/user/libraries/LoRa_Node/src/system/gpio.h:38:15: error: redeclaration of &#39;NC&#39;
     NC = (int)0xFFFFFFFF
               ^~~~~~~~~~
In file included from /home/ec2-user/arduino-testlib/cli-datadir/data/packages/arduino/hardware/mbed_nano/2.7.2/cores/arduino/mbed/targets/TARGET_RASPBERRYPI/TARGET_RP2040/PeripheralNames.h:21:0,
                 from /home/ec2-user/arduino-testlib/cli-datadir/data/packages/arduino/hardware/mbed_nano/2.7.2/variants/NANO_RP2040_CONNECT/pinmode_arduino.h:24,
                 from /home/ec2-user/arduino-testlib/cli-datadir/data/packages/arduino/hardware/mbed_nano/2.7.2/cores/arduino/Arduino.h:26,
                 from /home/ec2-user/arduino-testlib/cli-datadir/user/libraries/LoRa_Node/src/LoRaNode.h:22,
                 from /home/ec2-user/arduino-testlib/cli-datadir/user/libraries/LoRa_Node/src/LoRaNode.cpp:19:
/home/ec2-user/arduino-testlib/cli-datadir/data/packages/arduino/hardware/mbed_nano/2.7.2/cores/arduino/mbed/targets/TARGET_RASPBERRYPI/TARGET_RP2040/TARGET_NANO_RP2040_CONNECT/PinNames.h:78:5: note: previous declaration &#39;PinName NC&#39;
     NC = (int)0xFFFFFFFF
     ^~
In file included from /home/ec2-user/arduino-testlib/cli-datadir/user/libraries/LoRa_Node/src/boards/arduino/board.h:32:0,
                 from /home/ec2-user/arduino-testlib/cli-datadir/user/libraries/LoRa_Node/src/LoRaNode.h:26,
                 from /home/ec2-user/arduino-testlib/cli-datadir/user/libraries/LoRa_Node/src/LoRaNode.cpp:19:
/home/ec2-user/arduino-testlib/cli-datadir/user/libraries/LoRa_Node/src/system/gpio.h:46:17: error: redeclaration of &#39;PIN_INPUT&#39;
     PIN_INPUT = 0,
                 ^
In file included from /home/ec2-user/arduino-testlib/cli-datadir/data/packages/arduino/hardware/mbed_nano/2.7.2/variants/NANO_RP2040_CONNECT/pinmode_arduino.h:24:0,
                 from /home/ec2-user/arduino-testlib/cli-datadir/data/packages/arduino/hardware/mbed_nano/2.7.2/cores/arduino/Arduino.h:26,
                 from /home/ec2-user/arduino-testlib/cli-datadir/user/libraries/LoRa_Node/src/LoRaNode.h:22,
                 from /home/ec2-user/arduino-testlib/cli-datadir/user/libraries/LoRa_Node/src/LoRaNode.cpp:19:
/home/ec2-user/arduino-testlib/cli-datadir/data/packages/arduino/hardware/mbed_nano/2.7.2/cores/arduino/mbed/targets/TARGET_RASPBERRYPI/TARGET_RP2040/PeripheralNames.h:55:5: note: previous declaration &#39;PinDirection PIN_INPUT&#39;
     PIN_INPUT = 0,
     ^~~~~~~~~
In file included from /home/ec2-user/arduino-testlib/cli-datadir/user/libraries/LoRa_Node/src/boards/arduino/board.h:32:0,
                 from /home/ec2-user/arduino-testlib/cli-datadir/user/libraries/LoRa_Node/src/LoRaNode.h:26,
                 from /home/ec2-user/arduino-testlib/cli-datadir/user/libraries/LoRa_Node/src/LoRaNode.cpp:19:
/home/ec2-user/arduino-testlib/cli-datadir/user/libraries/LoRa_Node/src/system/gpio.h:47:5: error: redeclaration of &#39;PIN_OUTPUT&#39;
     PIN_OUTPUT,
     ^~~~~~~~~~
In file included from /home/ec2-user/arduino-testlib/cli-datadir/data/packages/arduino/hardware/mbed_nano/2.7.2/variants/NANO_RP2040_CONNECT/pinmode_arduino.h:24:0,
                 from /home/ec2-user/arduino-testlib/cli-datadir/data/packages/arduino/hardware/mbed_nano/2.7.2/cores/arduino/Arduino.h:26,
                 from /home/ec2-user/arduino-testlib/cli-datadir/user/libraries/LoRa_Node/src/LoRaNode.h:22,
                 from /home/ec2-user/arduino-testlib/cli-datadir/user/libraries/LoRa_Node/src/LoRaNode.cpp:19:
/home/ec2-user/arduino-testlib/cli-datadir/data/packages/arduino/hardware/mbed_nano/2.7.2/cores/arduino/mbed/targets/TARGET_RASPBERRYPI/TARGET_RP2040/PeripheralNames.h:56:5: note: previous declaration &#39;PinDirection PIN_OUTPUT&#39;
     PIN_OUTPUT
     ^~~~~~~~~~

</pre>

					
					<h4>examples/TinkerkitExample</h4>
					<p>
						Result: <b>FAIL</b>
					</p>
					<pre class="pre-scrollable">WARNING: library LoRa_Node claims to run on nrf52 architecture(s) and may be incompatible with your current board which runs on mbed_nano architecture(s).
In file included from /home/ec2-user/arduino-testlib/cli-datadir/user/libraries/LoRa_Node/src/boards/arduino/board.h:32:0,
                 from /home/ec2-user/arduino-testlib/cli-datadir/user/libraries/LoRa_Node/src/LoRaNode.h:26,
                 from /home/ec2-user/arduino-testlib/cli-datadir/user/libraries/LoRa_Node/examples/TinkerkitExample/TinkerkitExample.ino:34:
/home/ec2-user/arduino-testlib/cli-datadir/user/libraries/LoRa_Node/src/system/gpio.h:38:15: error: redeclaration of &#39;NC&#39;
     NC = (int)0xFFFFFFFF
               ^~~~~~~~~~
In file included from /home/ec2-user/arduino-testlib/cli-datadir/data/packages/arduino/hardware/mbed_nano/2.7.2/cores/arduino/mbed/targets/TARGET_RASPBERRYPI/TARGET_RP2040/PeripheralNames.h:21:0,
                 from /home/ec2-user/arduino-testlib/cli-datadir/data/packages/arduino/hardware/mbed_nano/2.7.2/variants/NANO_RP2040_CONNECT/pinmode_arduino.h:24,
                 from /home/ec2-user/arduino-testlib/cli-datadir/data/packages/arduino/hardware/mbed_nano/2.7.2/cores/arduino/Arduino.h:26,
                 from /tmp/arduino-sketch-D199B85B9214BA5DBCAD849A1DBB6D6F/sketch/TinkerkitExample.ino.cpp:1:
/home/ec2-user/arduino-testlib/cli-datadir/data/packages/arduino/hardware/mbed_nano/2.7.2/cores/arduino/mbed/targets/TARGET_RASPBERRYPI/TARGET_RP2040/TARGET_NANO_RP2040_CONNECT/PinNames.h:78:5: note: previous declaration &#39;PinName NC&#39;
     NC = (int)0xFFFFFFFF
     ^~
In file included from /home/ec2-user/arduino-testlib/cli-datadir/user/libraries/LoRa_Node/src/boards/arduino/board.h:32:0,
                 from /home/ec2-user/arduino-testlib/cli-datadir/user/libraries/LoRa_Node/src/LoRaNode.h:26,
                 from /home/ec2-user/arduino-testlib/cli-datadir/user/libraries/LoRa_Node/examples/TinkerkitExample/TinkerkitExample.ino:34:
/home/ec2-user/arduino-testlib/cli-datadir/user/libraries/LoRa_Node/src/system/gpio.h:46:17: error: redeclaration of &#39;PIN_INPUT&#39;
     PIN_INPUT = 0,
                 ^
In file included from /home/ec2-user/arduino-testlib/cli-datadir/data/packages/arduino/hardware/mbed_nano/2.7.2/variants/NANO_RP2040_CONNECT/pinmode_arduino.h:24:0,
                 from /home/ec2-user/arduino-testlib/cli-datadir/data/packages/arduino/hardware/mbed_nano/2.7.2/cores/arduino/Arduino.h:26,
                 from /tmp/arduino-sketch-D199B85B9214BA5DBCAD849A1DBB6D6F/sketch/TinkerkitExample.ino.cpp:1:
/home/ec2-user/arduino-testlib/cli-datadir/data/packages/arduino/hardware/mbed_nano/2.7.2/cores/arduino/mbed/targets/TARGET_RASPBERRYPI/TARGET_RP2040/PeripheralNames.h:55:5: note: previous declaration &#39;PinDirection PIN_INPUT&#39;
     PIN_INPUT = 0,
     ^~~~~~~~~
In file included from /home/ec2-user/arduino-testlib/cli-datadir/user/libraries/LoRa_Node/src/boards/arduino/board.h:32:0,
                 from /home/ec2-user/arduino-testlib/cli-datadir/user/libraries/LoRa_Node/src/LoRaNode.h:26,
                 from /home/ec2-user/arduino-testlib/cli-datadir/user/libraries/LoRa_Node/examples/TinkerkitExample/TinkerkitExample.ino:34:
/home/ec2-user/arduino-testlib/cli-datadir/user/libraries/LoRa_Node/src/system/gpio.h:47:5: error: redeclaration of &#39;PIN_OUTPUT&#39;
     PIN_OUTPUT,
     ^~~~~~~~~~
In file included from /home/ec2-user/arduino-testlib/cli-datadir/data/packages/arduino/hardware/mbed_nano/2.7.2/variants/NANO_RP2040_CONNECT/pinmode_arduino.h:24:0,
                 from /home/ec2-user/arduino-testlib/cli-datadir/data/packages/arduino/hardware/mbed_nano/2.7.2/cores/arduino/Arduino.h:26,
                 from /tmp/arduino-sketch-D199B85B9214BA5DBCAD849A1DBB6D6F/sketch/TinkerkitExample.ino.cpp:1:
/home/ec2-user/arduino-testlib/cli-datadir/data/packages/arduino/hardware/mbed_nano/2.7.2/cores/arduino/mbed/targets/TARGET_RASPBERRYPI/TARGET_RP2040/PeripheralNames.h:56:5: note: previous declaration &#39;PinDirection PIN_OUTPUT&#39;
     PIN_OUTPUT
     ^~~~~~~~~~

</pre>
					
					<h4>examples/loraABP</h4>
					<p>
						Result: <b>FAIL</b>
					</p>
					<pre class="pre-scrollable">WARNING: library LoRa_Node claims to run on nrf52 architecture(s) and may be incompatible with your current board which runs on mbed_nano architecture(s).
In file included from /home/ec2-user/arduino-testlib/cli-datadir/user/libraries/LoRa_Node/src/boards/arduino/board.h:32:0,
                 from /home/ec2-user/arduino-testlib/cli-datadir/user/libraries/LoRa_Node/src/LoRaNode.h:26,
                 from /home/ec2-user/arduino-testlib/cli-datadir/user/libraries/LoRa_Node/examples/loraABP/loraABP.ino:34:
/home/ec2-user/arduino-testlib/cli-datadir/user/libraries/LoRa_Node/src/system/gpio.h:38:15: error: redeclaration of &#39;NC&#39;
     NC = (int)0xFFFFFFFF
               ^~~~~~~~~~
In file included from /home/ec2-user/arduino-testlib/cli-datadir/data/packages/arduino/hardware/mbed_nano/2.7.2/cores/arduino/mbed/targets/TARGET_RASPBERRYPI/TARGET_RP2040/PeripheralNames.h:21:0,
                 from /home/ec2-user/arduino-testlib/cli-datadir/data/packages/arduino/hardware/mbed_nano/2.7.2/variants/NANO_RP2040_CONNECT/pinmode_arduino.h:24,
                 from /home/ec2-user/arduino-testlib/cli-datadir/data/packages/arduino/hardware/mbed_nano/2.7.2/cores/arduino/Arduino.h:26,
                 from /tmp/arduino-sketch-E2626B7A1C587B24A3744A591C8EF8E0/sketch/loraABP.ino.cpp:1:
/home/ec2-user/arduino-testlib/cli-datadir/data/packages/arduino/hardware/mbed_nano/2.7.2/cores/arduino/mbed/targets/TARGET_RASPBERRYPI/TARGET_RP2040/TARGET_NANO_RP2040_CONNECT/PinNames.h:78:5: note: previous declaration &#39;PinName NC&#39;
     NC = (int)0xFFFFFFFF
     ^~
In file included from /home/ec2-user/arduino-testlib/cli-datadir/user/libraries/LoRa_Node/src/boards/arduino/board.h:32:0,
                 from /home/ec2-user/arduino-testlib/cli-datadir/user/libraries/LoRa_Node/src/LoRaNode.h:26,
                 from /home/ec2-user/arduino-testlib/cli-datadir/user/libraries/LoRa_Node/examples/loraABP/loraABP.ino:34:
/home/ec2-user/arduino-testlib/cli-datadir/user/libraries/LoRa_Node/src/system/gpio.h:46:17: error: redeclaration of &#39;PIN_INPUT&#39;
     PIN_INPUT = 0,
                 ^
In file included from /home/ec2-user/arduino-testlib/cli-datadir/data/packages/arduino/hardware/mbed_nano/2.7.2/variants/NANO_RP2040_CONNECT/pinmode_arduino.h:24:0,
                 from /home/ec2-user/arduino-testlib/cli-datadir/data/packages/arduino/hardware/mbed_nano/2.7.2/cores/arduino/Arduino.h:26,
                 from /tmp/arduino-sketch-E2626B7A1C587B24A3744A591C8EF8E0/sketch/loraABP.ino.cpp:1:
/home/ec2-user/arduino-testlib/cli-datadir/data/packages/arduino/hardware/mbed_nano/2.7.2/cores/arduino/mbed/targets/TARGET_RASPBERRYPI/TARGET_RP2040/PeripheralNames.h:55:5: note: previous declaration &#39;PinDirection PIN_INPUT&#39;
     PIN_INPUT = 0,
     ^~~~~~~~~
In file included from /home/ec2-user/arduino-testlib/cli-datadir/user/libraries/LoRa_Node/src/boards/arduino/board.h:32:0,
                 from /home/ec2-user/arduino-testlib/cli-datadir/user/libraries/LoRa_Node/src/LoRaNode.h:26,
                 from /home/ec2-user/arduino-testlib/cli-datadir/user/libraries/LoRa_Node/examples/loraABP/loraABP.ino:34:
/home/ec2-user/arduino-testlib/cli-datadir/user/libraries/LoRa_Node/src/system/gpio.h:47:5: error: redeclaration of &#39;PIN_OUTPUT&#39;
     PIN_OUTPUT,
     ^~~~~~~~~~
In file included from /home/ec2-user/arduino-testlib/cli-datadir/data/packages/arduino/hardware/mbed_nano/2.7.2/variants/NANO_RP2040_CONNECT/pinmode_arduino.h:24:0,
                 from /home/ec2-user/arduino-testlib/cli-datadir/data/packages/arduino/hardware/mbed_nano/2.7.2/cores/arduino/Arduino.h:26,
                 from /tmp/arduino-sketch-E2626B7A1C587B24A3744A591C8EF8E0/sketch/loraABP.ino.cpp:1:
/home/ec2-user/arduino-testlib/cli-datadir/data/packages/arduino/hardware/mbed_nano/2.7.2/cores/arduino/mbed/targets/TARGET_RASPBERRYPI/TARGET_RP2040/PeripheralNames.h:56:5: note: previous declaration &#39;PinDirection PIN_OUTPUT&#39;
     PIN_OUTPUT
     ^~~~~~~~~~

</pre>
					
					<h4>examples/loraOtaa</h4>
					<p>
						Result: <b>FAIL</b>
					</p>
					<pre class="pre-scrollable">WARNING: library LoRa_Node claims to run on nrf52 architecture(s) and may be incompatible with your current board which runs on mbed_nano architecture(s).
In file included from /home/ec2-user/arduino-testlib/cli-datadir/user/libraries/LoRa_Node/src/boards/arduino/board.h:32:0,
                 from /home/ec2-user/arduino-testlib/cli-datadir/user/libraries/LoRa_Node/src/LoRaNode.h:26,
                 from /home/ec2-user/arduino-testlib/cli-datadir/user/libraries/LoRa_Node/examples/loraOtaa/loraOtaa.ino:32:
/home/ec2-user/arduino-testlib/cli-datadir/user/libraries/LoRa_Node/src/system/gpio.h:38:15: error: redeclaration of &#39;NC&#39;
     NC = (int)0xFFFFFFFF
               ^~~~~~~~~~
In file included from /home/ec2-user/arduino-testlib/cli-datadir/data/packages/arduino/hardware/mbed_nano/2.7.2/cores/arduino/mbed/targets/TARGET_RASPBERRYPI/TARGET_RP2040/PeripheralNames.h:21:0,
                 from /home/ec2-user/arduino-testlib/cli-datadir/data/packages/arduino/hardware/mbed_nano/2.7.2/variants/NANO_RP2040_CONNECT/pinmode_arduino.h:24,
                 from /home/ec2-user/arduino-testlib/cli-datadir/data/packages/arduino/hardware/mbed_nano/2.7.2/cores/arduino/Arduino.h:26,
                 from /tmp/arduino-sketch-DDF0274CB1953DF6EB622BF5514F4EFF/sketch/loraOtaa.ino.cpp:1:
/home/ec2-user/arduino-testlib/cli-datadir/data/packages/arduino/hardware/mbed_nano/2.7.2/cores/arduino/mbed/targets/TARGET_RASPBERRYPI/TARGET_RP2040/TARGET_NANO_RP2040_CONNECT/PinNames.h:78:5: note: previous declaration &#39;PinName NC&#39;
     NC = (int)0xFFFFFFFF
     ^~
In file included from /home/ec2-user/arduino-testlib/cli-datadir/user/libraries/LoRa_Node/src/boards/arduino/board.h:32:0,
                 from /home/ec2-user/arduino-testlib/cli-datadir/user/libraries/LoRa_Node/src/LoRaNode.h:26,
                 from /home/ec2-user/arduino-testlib/cli-datadir/user/libraries/LoRa_Node/examples/loraOtaa/loraOtaa.ino:32:
/home/ec2-user/arduino-testlib/cli-datadir/user/libraries/LoRa_Node/src/system/gpio.h:46:17: error: redeclaration of &#39;PIN_INPUT&#39;
     PIN_INPUT = 0,
                 ^
In file included from /home/ec2-user/arduino-testlib/cli-datadir/data/packages/arduino/hardware/mbed_nano/2.7.2/variants/NANO_RP2040_CONNECT/pinmode_arduino.h:24:0,
                 from /home/ec2-user/arduino-testlib/cli-datadir/data/packages/arduino/hardware/mbed_nano/2.7.2/cores/arduino/Arduino.h:26,
                 from /tmp/arduino-sketch-DDF0274CB1953DF6EB622BF5514F4EFF/sketch/loraOtaa.ino.cpp:1:
/home/ec2-user/arduino-testlib/cli-datadir/data/packages/arduino/hardware/mbed_nano/2.7.2/cores/arduino/mbed/targets/TARGET_RASPBERRYPI/TARGET_RP2040/PeripheralNames.h:55:5: note: previous declaration &#39;PinDirection PIN_INPUT&#39;
     PIN_INPUT = 0,
     ^~~~~~~~~
In file included from /home/ec2-user/arduino-testlib/cli-datadir/user/libraries/LoRa_Node/src/boards/arduino/board.h:32:0,
                 from /home/ec2-user/arduino-testlib/cli-datadir/user/libraries/LoRa_Node/src/LoRaNode.h:26,
                 from /home/ec2-user/arduino-testlib/cli-datadir/user/libraries/LoRa_Node/examples/loraOtaa/loraOtaa.ino:32:
/home/ec2-user/arduino-testlib/cli-datadir/user/libraries/LoRa_Node/src/system/gpio.h:47:5: error: redeclaration of &#39;PIN_OUTPUT&#39;
     PIN_OUTPUT,
     ^~~~~~~~~~
In file included from /home/ec2-user/arduino-testlib/cli-datadir/data/packages/arduino/hardware/mbed_nano/2.7.2/variants/NANO_RP2040_CONNECT/pinmode_arduino.h:24:0,
                 from /home/ec2-user/arduino-testlib/cli-datadir/data/packages/arduino/hardware/mbed_nano/2.7.2/cores/arduino/Arduino.h:26,
                 from /tmp/arduino-sketch-DDF0274CB1953DF6EB622BF5514F4EFF/sketch/loraOtaa.ino.cpp:1:
/home/ec2-user/arduino-testlib/cli-datadir/data/packages/arduino/hardware/mbed_nano/2.7.2/cores/arduino/mbed/targets/TARGET_RASPBERRYPI/TARGET_RP2040/PeripheralNames.h:56:5: note: previous declaration &#39;PinDirection PIN_OUTPUT&#39;
     PIN_OUTPUT
     ^~~~~~~~~~

</pre>
					
					<h4>examples/sendWithButton</h4>
					<p>
						Result: <b>FAIL</b>
					</p>
					<pre class="pre-scrollable">WARNING: library LoRa_Node claims to run on nrf52 architecture(s) and may be incompatible with your current board which runs on mbed_nano architecture(s).
In file included from /home/ec2-user/arduino-testlib/cli-datadir/user/libraries/LoRa_Node/src/boards/arduino/board.h:32:0,
                 from /home/ec2-user/arduino-testlib/cli-datadir/user/libraries/LoRa_Node/src/LoRaNode.h:26,
                 from /home/ec2-user/arduino-testlib/cli-datadir/user/libraries/LoRa_Node/examples/sendWithButton/sendWithButton.ino:35:
/home/ec2-user/arduino-testlib/cli-datadir/user/libraries/LoRa_Node/src/system/gpio.h:38:15: error: redeclaration of &#39;NC&#39;
     NC = (int)0xFFFFFFFF
               ^~~~~~~~~~
In file included from /home/ec2-user/arduino-testlib/cli-datadir/data/packages/arduino/hardware/mbed_nano/2.7.2/cores/arduino/mbed/targets/TARGET_RASPBERRYPI/TARGET_RP2040/PeripheralNames.h:21:0,
                 from /home/ec2-user/arduino-testlib/cli-datadir/data/packages/arduino/hardware/mbed_nano/2.7.2/variants/NANO_RP2040_CONNECT/pinmode_arduino.h:24,
                 from /home/ec2-user/arduino-testlib/cli-datadir/data/packages/arduino/hardware/mbed_nano/2.7.2/cores/arduino/Arduino.h:26,
                 from /tmp/arduino-sketch-1FCCC4661E8E6F1950B2BE58B4756C3D/sketch/sendWithButton.ino.cpp:1:
/home/ec2-user/arduino-testlib/cli-datadir/data/packages/arduino/hardware/mbed_nano/2.7.2/cores/arduino/mbed/targets/TARGET_RASPBERRYPI/TARGET_RP2040/TARGET_NANO_RP2040_CONNECT/PinNames.h:78:5: note: previous declaration &#39;PinName NC&#39;
     NC = (int)0xFFFFFFFF
     ^~
In file included from /home/ec2-user/arduino-testlib/cli-datadir/user/libraries/LoRa_Node/src/boards/arduino/board.h:32:0,
                 from /home/ec2-user/arduino-testlib/cli-datadir/user/libraries/LoRa_Node/src/LoRaNode.h:26,
                 from /home/ec2-user/arduino-testlib/cli-datadir/user/libraries/LoRa_Node/examples/sendWithButton/sendWithButton.ino:35:
/home/ec2-user/arduino-testlib/cli-datadir/user/libraries/LoRa_Node/src/system/gpio.h:46:17: error: redeclaration of &#39;PIN_INPUT&#39;
     PIN_INPUT = 0,
                 ^
In file included from /home/ec2-user/arduino-testlib/cli-datadir/data/packages/arduino/hardware/mbed_nano/2.7.2/variants/NANO_RP2040_CONNECT/pinmode_arduino.h:24:0,
                 from /home/ec2-user/arduino-testlib/cli-datadir/data/packages/arduino/hardware/mbed_nano/2.7.2/cores/arduino/Arduino.h:26,
                 from /tmp/arduino-sketch-1FCCC4661E8E6F1950B2BE58B4756C3D/sketch/sendWithButton.ino.cpp:1:
/home/ec2-user/arduino-testlib/cli-datadir/data/packages/arduino/hardware/mbed_nano/2.7.2/cores/arduino/mbed/targets/TARGET_RASPBERRYPI/TARGET_RP2040/PeripheralNames.h:55:5: note: previous declaration &#39;PinDirection PIN_INPUT&#39;
     PIN_INPUT = 0,
     ^~~~~~~~~
In file included from /home/ec2-user/arduino-testlib/cli-datadir/user/libraries/LoRa_Node/src/boards/arduino/board.h:32:0,
                 from /home/ec2-user/arduino-testlib/cli-datadir/user/libraries/LoRa_Node/src/LoRaNode.h:26,
                 from /home/ec2-user/arduino-testlib/cli-datadir/user/libraries/LoRa_Node/examples/sendWithButton/sendWithButton.ino:35:
/home/ec2-user/arduino-testlib/cli-datadir/user/libraries/LoRa_Node/src/system/gpio.h:47:5: error: redeclaration of &#39;PIN_OUTPUT&#39;
     PIN_OUTPUT,
     ^~~~~~~~~~
In file included from /home/ec2-user/arduino-testlib/cli-datadir/data/packages/arduino/hardware/mbed_nano/2.7.2/variants/NANO_RP2040_CONNECT/pinmode_arduino.h:24:0,
                 from /home/ec2-user/arduino-testlib/cli-datadir/data/packages/arduino/hardware/mbed_nano/2.7.2/cores/arduino/Arduino.h:26,
                 from /tmp/arduino-sketch-1FCCC4661E8E6F1950B2BE58B4756C3D/sketch/sendWithButton.ino.cpp:1:
/home/ec2-user/arduino-testlib/cli-datadir/data/packages/arduino/hardware/mbed_nano/2.7.2/cores/arduino/mbed/targets/TARGET_RASPBERRYPI/TARGET_RP2040/PeripheralNames.h:56:5: note: previous declaration &#39;PinDirection PIN_OUTPUT&#39;
     PIN_OUTPUT
     ^~~~~~~~~~

</pre>
					
				
				<h3 id="arduino:megaavr:nona4809">arduino:megaavr:nona4809 @ 1.8.7</h3>
				<h4>Inclusion</h4>
				<p>
					Result: <b>FAIL</b>
					
				</p>
				<pre class="pre-scrollable">WARNING: library LoRa_Node claims to run on nrf52 architecture(s) and may be incompatible with your current board which runs on megaavr architecture(s).

</pre>

					
					<h4>examples/TinkerkitExample</h4>
					<p>
						Result: <b>FAIL</b>
					</p>
					<pre class="pre-scrollable">WARNING: library LoRa_Node claims to run on nrf52 architecture(s) and may be incompatible with your current board which runs on megaavr architecture(s).

</pre>
					
					<h4>examples/loraABP</h4>
					<p>
						Result: <b>FAIL</b>
					</p>
					<pre class="pre-scrollable">WARNING: library LoRa_Node claims to run on nrf52 architecture(s) and may be incompatible with your current board which runs on megaavr architecture(s).
/home/ec2-user/arduino-testlib/cli-datadir/user/libraries/LoRa_Node/src/boards/arduino/board.cpp: In function &#39;void BoardDisableIrq()&#39;:
/home/ec2-user/arduino-testlib/cli-datadir/user/libraries/LoRa_Node/src/boards/arduino/board.cpp:46:5: error: &#39;__disable_irq&#39; was not d/home/ec2-user/arduino-testlib/cli-datadir/user/libraries/LoRa_Node/src/boards/arduino/spi-board.cpp: In function &#39;void SpiInit(Spi_t*, PinNames, PinNames, PinNames, PinNames)&#39;:
/home/ec2-user/arduino-testlib/cli-datadir/user/libraries/LoRa_Node/src/boards/arduino/spi-board.cpp:62:13: error: &#39;class SPIClassMegaAVR&#39; has no member named &#39;beginSlave&#39;; did you mean &#39;begin&#39;?
         SPI.beginSlave();
             ^~~~~~~~~~
             begin
cli-datadir/user/libraries/LoRa_Node/src/boards/arduino/board.cpp:55:9: error: &#39;__enable_irq&#39; was not declared in this scope
         __enable_irq( );
         ^~~~~~~~~~~~

</pre>
					
					<h4>examples/loraOtaa</h4>
					<p>
						Result: <b>FAIL</b>
					</p>
					<pre class="pre-scrollable">WARNING: library LoRa_Node claims to run on nrf52 architecture(s) and may be incompatible with your current board which runs on megaavr architecture(s).
/home/ec2-user/arduino-testlib/cli-datadir/user/libraries/LoRa_Node/src/boards/arduino/board.cpp: In function &#39;void BoardDisableIrq()&#39;:
/home/ec2-user/arduino-testlib/cli-datadir/user/libraries/LoRa_Node/src/boards/arduino/board.cpp:46:5: error: &#39;__disable_irq&#39; was not d/home/ec2-user/arduino-testlib/cli-datadir/user/libraries/LoRa_Node/src/boards/arduino/spi-board.cpp: In function &#39;void SpiInit(Spi_t*, PinNames, PinNames, PinNames, PinNames)&#39;:
/home/ec2-user/arduino-testlib/cli-datadir/user/libraries/LoRa_Node/src/boards/arduino/spi-board.cpp:62:13: error: &#39;class SPIClassMegaAVR&#39; has no member named &#39;beginSlave&#39;; did you mean &#39;begin&#39;?
         SPI.beginSlave();
             ^~~~~~~~~~
             begin

</pre>
					
					<h4>examples/sendWithButton</h4>
					<p>
						Result: <b>FAIL</b>
					</p>
					<pre class="pre-scrollable">WARNING: library LoRa_Node claims to run on nrf52 architecture(s) and may be incompatible with your current board which runs on megaavr architecture(s).
/home/ec2-user/arduino-testlib/cli-datadir/user/libraries/LoRa_Node/src/boards/arduino/board.cpp: In function &#39;void BoardDisableIrq()&#39;:
/home/ec2-user/arduino-testlib/cli-datadir/user/libraries/LoRa_Node/src/boards/arduino/board.cpp:46:5: error: &#39;__disable_irq&#39; was not d/home/ec2-user/arduino-testlib/cli-datadir/user/libraries/LoRa_Node/src/boards/arduino/spi-board.cpp: In function &#39;void SpiInit(Spi_t*, PinNames, PinNames, PinNames, PinNames)&#39;:
/home/ec2-user/arduino-testlib/cli-datadir/user/libraries/LoRa_Node/src/boards/arduino/spi-board.cpp:62:13: error: &#39;class SPIClassMegaAVR&#39; has no member named &#39;beginSlave&#39;; did you mean &#39;begin&#39;?
         SPI.beginSlave();
             ^~~~~~~~~~
             begin
cli-datadir/user/libraries/LoRa_Node/src/boards/arduino/board.cpp:55:9: error: &#39;__enable_irq&#39; was not declared in this scope
         __enable_irq( );
         ^~~~~~~~~~~~

</pre>
					
				
				<h3 id="arduino:samd:mkrwifi1010">arduino:samd:mkrwifi1010 @ 1.8.12</h3>
				<h4>Inclusion</h4>
				<p>
					Result: <b>FAIL</b>
					
					<br />This library has no main header file so an empty one was created.
					
				</p>
				<pre class="pre-scrollable">WARNING: library LoRa_Node claims to run on nrf52 architecture(s) and may be incompatible with your current board which runs on samd architecture(s).

</pre>

					
					<h4>examples/TinkerkitExample</h4>
					<p>
						Result: <b>FAIL</b>
					</p>
					<pre class="pre-scrollable">WARNING: library LoRa_Node claims to run on nrf52 architecture(s) and may be incompatible with your current board which runs on samd architecture(s).

</pre>
					
					<h4>examples/loraABP</h4>
					<p>
						Result: <b>FAIL</b>
					</p>
					<pre class="pre-scrollable">WARNING: library LoRa_Node claims to run on nrf52 architecture(s) and may be incompatible with your current board which runs on samd architecture(s).

</pre>
					
					<h4>examples/loraOtaa</h4>
					<p>
						Result: <b>FAIL</b>
					</p>
					<pre class="pre-scrollable">WARNING: library LoRa_Node claims to run on nrf52 architecture(s) and may be incompatible with your current board which runs on samd architecture(s).

</pre>
					
					<h4>examples/sendWithButton</h4>
					<p>
						Result: <b>FAIL</b>
					</p>
					<pre class="pre-scrollable">WARNING: library LoRa_Node claims to run on nrf52 architecture(s) and may be incompatible with your current board which runs on samd architecture(s).

</pre>
					
				
				<h3 id="esp32:esp32:d1_mini32">esp32:esp32:d1_mini32 @ 1.0.6</h3>
				<h4>Inclusion</h4>
				<p>
					Result: <b>FAIL</b>
					
				</p>
				<pre class="pre-scrollable">WARNING: library LoRa_Node claims to run on nrf52 architecture(s) and may be incompatible with your current board which runs on esp32 architecture(s).

</pre>

					
					<h4>examples/TinkerkitExample</h4>
					<p>
						Result: <b>FAIL</b>
					</p>
					<pre class="pre-scrollable">WARNING: library LoRa_Node claims to run on nrf52 architecture(s) and may be incompatible with your current board which runs on esp32 architecture(s).
/home/ec2-user/arduino-testlib/cli-datadir/user/libraries/LoRa_Node/examples/TinkerkitExample/TinkerkitExample.ino:48:20: error: &#39;A2&#39; was not declared in this scope
 const int button = A2;
                    ^
/home/ec2-user/arduino-testlib/cli-datadir/user/libraries/LoRa_Node/examples/TinkerkitExample/TinkerkitExample.ino: In function &#39;void readMsg(unsigned char*, int, int)&#39;:
/home/ec2-user/arduino-testlib/cli-datadir/user/libraries/LoRa_Node/examples/TinkerkitExample/TinkerkitExample.ino:105:26: error: &#39;tone&#39; was not declared in this scope
     tone(buzzer, 262, 500);
                          ^

</pre>
					
					<h4>examples/loraABP</h4>
					<p>
						Result: <b>FAIL</b>
					</p>
					<pre class="pre-scrollable">WARNING: library LoRa_Node claims to run on nrf52 architecture(s) and may be incompatible with your current board which runs on esp32 architecture(s).

</pre>
					
					<h4>examples/loraOtaa</h4>
					<p>
						Result: <b>FAIL</b>
					</p>
					<pre class="pre-scrollable">WARNING: library LoRa_Node claims to run on nrf52 architecture(s) and may be incompatible with your current board which runs on esp32 architecture(s).

</pre>
					
					<h4>examples/sendWithButton</h4>
					<p>
						Result: <b>FAIL</b>
					</p>
					<pre class="pre-scrollable">WARNING: library LoRa_Node claims to run on nrf52 architecture(s) and may be incompatible with your current board which runs on esp32 architecture(s).
/home/ec2-user/arduino-testlib/cli-datadir/user/libraries/LoRa_Node/examples/sendWithButton/sendWithButton.ino:55:20: error: &#39;A2&#39; was not declared in this scope
 const int button = A2;
                    ^

</pre>
					
				
			</div>
		</div>
	</div>
  </body>
</html>
