
<!doctype html>
<html lang="en">
  <head>
    <meta charset="utf-8">
    <meta name="viewport" content="width=device-width, initial-scale=1">
    <link href="https://cdn.jsdelivr.net/npm/bootstrap@5.0.2/dist/css/bootstrap.min.css" rel="stylesheet" integrity="sha384-EVSTQN3/azprG1Anm3QDgpJLIm9Nao0Yz1ztcQTwFspd3yD65VohhpuuCOmLASjC" crossorigin="anonymous">
    <title>arduino-testlib report</title>
	<style>
	.pass { background-color: #00FF00 !important; }
	.fail { background-color: #FF0000 !important; }
	</style>
  </head>
  <body>
	<div class="container">
		<div class="row">
			<div class="col">
				<h1>Magellan_BC95_lite - compatibility matrix</h1>
				<p>
					<small>This report was generated on Wednesday, 23-Feb-22 22:48:15 CET using 
					<a href="https://github.com/alranel/arduino-testlib">arduino-testlib</a>.</small>
				</p>

				<h2>Magellan_BC95_lite</h2>
				<p>
					Version: <b>1.0.2</b>
					<br />
					<a href="https://www.arduino.cc/reference/en/libraries/magellan_bc95_lite/">More details</a>
				</p>

				<h2>Compatibility matrix</h2>
				<table class="table table-bordered">
					<tr>
						<th>Board</th>
						<th>Claims compatibility</th>
						<th>Inclusion</th>
						
						<th><pre>reportData</pre></th>
						
						<th><pre>reportMultipleDataType</pre></th>
						
					</tr>
					
					<tr>
						<td>
							<a href="#arduino%3aavr%3auno"><b>arduino:avr:uno</b></a>
							<br />
							<small>1.8.4</small>
						</td>

						
							<td>Yes</td>
							<td class="pass">PASS</td>
						
						
						
						

						
							
								
									
										
											<td class="pass">PASS</td>
											
										
									
										
									
								
							
								
							
								
							
								
							
								
							
						
							
								
									
										
									
										
											<td class="pass">PASS</td>
											
										
									
								
							
								
							
								
							
								
							
								
							
						
					</tr>
					
					<tr>
						<td>
							<a href="#arduino%3ambed_nano%3ananorp2040connect"><b>arduino:mbed_nano:nanorp2040connect</b></a>
							<br />
							<small>2.7.2</small>
						</td>

						
						
						
							<td>Yes ⚠️</td>
							<td class="fail">FAIL</td>
						
						

						
							
								
							
								
									
										
											
											<td class="fail">FAIL</td>
										
									
										
									
								
							
								
							
								
							
								
							
						
							
								
							
								
									
										
									
										
											
											<td class="fail">FAIL</td>
										
									
								
							
								
							
								
							
								
							
						
					</tr>
					
					<tr>
						<td>
							<a href="#arduino%3amegaavr%3anona4809"><b>arduino:megaavr:nona4809</b></a>
							<br />
							<small>1.8.7</small>
						</td>

						
						
						
							<td>Yes ⚠️</td>
							<td class="fail">FAIL</td>
						
						

						
							
								
							
								
							
								
									
										
											
											<td class="fail">FAIL</td>
										
									
										
									
								
							
								
							
								
							
						
							
								
							
								
							
								
									
										
									
										
											
											<td class="fail">FAIL</td>
										
									
								
							
								
							
								
							
						
					</tr>
					
					<tr>
						<td>
							<a href="#arduino%3asamd%3amkrwifi1010"><b>arduino:samd:mkrwifi1010</b></a>
							<br />
							<small>1.8.12</small>
						</td>

						
						
						
							<td>Yes ⚠️</td>
							<td class="fail">FAIL</td>
						
						

						
							
								
							
								
							
								
							
								
									
										
											
											<td class="fail">FAIL</td>
										
									
										
									
								
							
								
							
						
							
								
							
								
							
								
							
								
									
										
									
										
											
											<td class="fail">FAIL</td>
										
									
								
							
								
							
						
					</tr>
					
					<tr>
						<td>
							<a href="#esp32%3aesp32%3ad1_mini32"><b>esp32:esp32:d1_mini32</b></a>
							<br />
							<small>1.0.6</small>
						</td>

						
						
						
							<td>Yes ⚠️</td>
							<td class="fail">FAIL</td>
						
						

						
							
								
							
								
							
								
							
								
							
								
									
										
											
											<td class="fail">FAIL</td>
										
									
										
									
								
							
						
							
								
							
								
							
								
							
								
							
								
									
										
									
										
											
											<td class="fail">FAIL</td>
										
									
								
							
						
					</tr>
					
				</table>

				<h2>Compilation logs</h2>
				
				<h3 id="arduino:avr:uno">arduino:avr:uno @ 1.8.4</h3>
				<h4>Inclusion</h4>
				<p>
					Result: <b>PASS</b>
					
				</p>
				<pre class="pre-scrollable">Sketch uses 3834 bytes (11%) of program storage space. Maximum is 32256 bytes.
Global variables use 460 bytes (22%) of dynamic memory, leaving 1588 bytes for local variables. Maximum is 2048 bytes.
</pre>

					
					<h4>examples/reportData</h4>
					<p>
						Result: <b>PASS</b>
					</p>
					<pre class="pre-scrollable">Sketch uses 22124 bytes (68%) of program storage space. Maximum is 32256 bytes.
Global variables use 745 bytes (36%) of dynamic memory, leaving 1303 bytes for local variables. Maximum is 2048 bytes.
</pre>
					
					<h4>examples/reportMultipleDataType</h4>
					<p>
						Result: <b>PASS</b>
					</p>
					<pre class="pre-scrollable">Sketch uses 24202 bytes (75%) of program storage space. Maximum is 32256 bytes.
Global variables use 853 bytes (41%) of dynamic memory, leaving 1195 bytes for local variables. Maximum is 2048 bytes.
</pre>
					
				
				<h3 id="arduino:mbed_nano:nanorp2040connect">arduino:mbed_nano:nanorp2040connect @ 2.7.2</h3>
				<h4>Inclusion</h4>
				<p>
					Result: <b>FAIL</b>
					
				</p>
				<pre class="pre-scrollable">In file included from /home/ec2-user/arduino-testlib/cli-datadir/user/libraries/Magellan_BC95_lite/src/Magellan_BC95_lite.h:28:0,
                 from /tmp/arduino-testlib3946073850/test/test.ino:1:
/home/ec2-user/arduino-testlib/cli-datadir/user/libraries/AIS_NB_BC95/src/AltSoftSerial.h: In static member function &#39;static void AltSoftSerial::begin(uint32_t)&#39;:
/home/ec2-user/arduino-testlib/cli-datadir/user/libraries/AIS_NB_BC95/src/AltSoftSerial.h:39:25: error: &#39;F_CPU&#39; was not declared in this scope
 #define ALTSS_BASE_FREQ F_CPU
                         ^
/home/ec2-user/arduino-testlib/cli-datadir/user/libraries/AIS_NB_BC95/src/AltSoftSerial.h:47:43: note: in expansion of macro &#39;ALTSS_BASE_FREQ&#39;
  static void begin(uint32_t baud) { init((ALTSS_BASE_FREQ &#43; baud / 2) / baud); }
                                           ^~~~~~~~~~~~~~~
Multiple libraries were found for &#34;AltSoftSerial.h&#34;
  Used: /home/ec2-user/arduino-testlib/cli-datadir/user/libraries/AIS_NB_BC95
  Not used: /home/ec2-user/arduino-testlib/cli-datadir/user/libraries/BareBoneSim800
  Not used: /home/ec2-user/arduino-testlib/cli-datadir/user/libraries/AltSoftSerial
</pre>

					
					<h4>examples/reportData</h4>
					<p>
						Result: <b>FAIL</b>
					</p>
					<pre class="pre-scrollable">In file included from /home/ec2-user/arduino-testlib/cli-datadir/user/libraries/Magellan_BC95_lite/src/Magellan_BC95_lite.h:28:0,
                 from /home/ec2-user/arduino-testlib/cli-datadir/user/libraries/Magellan_BC95_lite/examples/reportData/reportData.ino:14:
/home/ec2-user/arduino-testlib/cli-datadir/user/libraries/AIS_NB_BC95/src/AltSoftSerial.h: In static member function &#39;static void AltSoftSerial::begin(uint32_t)&#39;:
/home/ec2-user/arduino-testlib/cli-datadir/user/libraries/AIS_NB_BC95/src/AltSoftSerial.h:39:25: error: &#39;F_CPU&#39; was not declared in this scope
 #define ALTSS_BASE_FREQ F_CPU
                         ^
/home/ec2-user/arduino-testlib/cli-datadir/user/libraries/AIS_NB_BC95/src/AltSoftSerial.h:47:43: note: in expansion of macro &#39;ALTSS_BASE_FREQ&#39;
  static void begin(uint32_t baud) { init((ALTSS_BASE_FREQ &#43; baud / 2) / baud); }
                                           ^~~~~~~~~~~~~~~
Multiple libraries were found for &#34;AltSoftSerial.h&#34;
  Used: /home/ec2-user/arduino-testlib/cli-datadir/user/libraries/AIS_NB_BC95
  Not used: /home/ec2-user/arduino-testlib/cli-datadir/user/libraries/BareBoneSim800
  Not used: /home/ec2-user/arduino-testlib/cli-datadir/user/libraries/AltSoftSerial
</pre>
					
					<h4>examples/reportMultipleDataType</h4>
					<p>
						Result: <b>FAIL</b>
					</p>
					<pre class="pre-scrollable">In file included from /home/ec2-user/arduino-testlib/cli-datadir/user/libraries/Magellan_BC95_lite/src/Magellan_BC95_lite.h:28:0,
                 from /home/ec2-user/arduino-testlib/cli-datadir/user/libraries/Magellan_BC95_lite/examples/reportMultipleDataType/reportMultipleDataType.ino:14:
/home/ec2-user/arduino-testlib/cli-datadir/user/libraries/AIS_NB_BC95/src/AltSoftSerial.h: In static member function &#39;static void AltSoftSerial::begin(uint32_t)&#39;:
/home/ec2-user/arduino-testlib/cli-datadir/user/libraries/AIS_NB_BC95/src/AltSoftSerial.h:39:25: error: &#39;F_CPU&#39; was not declared in this scope
 #define ALTSS_BASE_FREQ F_CPU
                         ^
/home/ec2-user/arduino-testlib/cli-datadir/user/libraries/AIS_NB_BC95/src/AltSoftSerial.h:47:43: note: in expansion of macro &#39;ALTSS_BASE_FREQ&#39;
  static void begin(uint32_t baud) { init((ALTSS_BASE_FREQ &#43; baud / 2) / baud); }
                                           ^~~~~~~~~~~~~~~
Multiple libraries were found for &#34;AltSoftSerial.h&#34;
  Used: /home/ec2-user/arduino-testlib/cli-datadir/user/libraries/AIS_NB_BC95
  Not used: /home/ec2-user/arduino-testlib/cli-datadir/user/libraries/BareBoneSim800
  Not used: /home/ec2-user/arduino-testlib/cli-datadir/user/libraries/AltSoftSerial
</pre>
					
				
				<h3 id="arduino:megaavr:nona4809">arduino:megaavr:nona4809 @ 1.8.7</h3>
				<h4>Inclusion</h4>
				<p>
					Result: <b>FAIL</b>
					
				</p>
				<pre class="pre-scrollable">In file included from /home/ec2-user/arduino-testlib/cli-datadir/user/libraries/AIS_NB_BC95/src/AltSoftSerial.cpp:35:0:
/home/ec2-user/arduino-testlib/cli-datadir/user/libraries/AIS_NB_BC95/src/config/AltSoftSerial_Boards.h:136:2: error: #error &#34;Please define your board timer and pins&#34;
 #error &#34;Please define your board timer and pins&#34;
  ^~~~~
/home/ec2-user/arduino-testlib/cli-datadir/user/libraries/AIS_NB_BC95/src/AltSoftSerial.cpp: In static member function &#39;static void AltSoftSerial::init(uint32_t)&#39;:
/home/ec2-user/arduino-testlib/cli-datadir/user/libraries/AIS_NB_BC95/src/AltSoftSerial.cpp:74:3: error: &#39;CONFIG_TIMER_NOPRESCALE&#39; was not declared in this scope
   CONFIG_TIMER_NOPRESCALE();
   ^~~~~~~~~~~~~~~~~~~~~~~
/home/ec2-user/arduino-testlib/cli-datadir/user/libraries/AIS_NB_BC95/src/AltSoftSerial.cpp:79:4: error: &#39;CONFIG_TIMER_PRESCALE_8&#39; was not declared in this scope
    CONFIG_TIMER_PRESCALE_8();
    ^~~~~~~~~~~~~~~~~~~~~~~
/home/ec2-user/arduino-testlib/cli-datadir/user/libraries/AIS_NB_BC95/src/AltSoftSerial.cpp:104:10: error: &#39;INPUT_CAPTURE_PIN&#39; was not declared in this scope
  pinMode(INPUT_CAPTURE_PIN, INPUT_PULLUP);
          ^~~~~~~~~~~~~~~~~
/home/ec2-user/arduino-testlib/cli-datadir/user/libraries/AIS_NB_BC95/src/AltSoftSerial.cpp:104:10: note: suggested alternative: &#39;INPUT_PULLDOWN&#39;
  pinMode(INPUT_CAPTURE_PIN, INPUT_PULLUP);
          ^~~~~~~~~~~~~~~~~
          INPUT_PULLDOWN
/home/ec2-user/arduino-testlib/cli-datadir/user/libraries/AIS_NB_BC95/src/AltSoftSerial.cpp:105:15: error: &#39;OUTPUT_COMPARE_A_PIN&#39; was not declared in this scope
  digitalWrite(OUTPUT_COMPARE_A_PIN, HIGH);
               ^~~~~~~~~~~~~~~~~~~~
/home/ec2-user/arduino-testlib/cli-datadir/user/libraries/AIS_NB_BC95/src/AltSoftSerial.cpp:113:2: error: &#39;ENABLE_INT_INPUT_CAPTURE&#39; was not declared in this scope
  ENABLE_INT_INPUT_CAPTURE();
  ^~~~~~~~~~~~~~~~~~~~~~~~
/home/ec2-user/arduino-testlib/cli-datadir/user/libraries/AIS_NB_BC95/src/AltSoftSerial.cpp: In static member function &#39;static void AltSoftSerial::end()&#39;:
/home/ec2-user/arduino-testlib/cli-datadir/user/libraries/AIS_NB_BC95/src/AltSoftSerial.cpp:118:2: error: &#39;DISABLE_INT_COMPARE_B&#39; was not declared in this scope
  DISABLE_INT_COMPARE_B();
  ^~~~~~~~~~~~~~~~~~~~~
/home/ec2-user/arduino-testlib/cli-datadir/user/libraries/AIS_NB_BC95/src/AltSoftSerial.cpp:119:2: error: &#39;DISABLE_INT_INPUT_CAPTURE&#39; was not declared in this scope
  DISABLE_INT_INPUT_CAPTURE();
  ^~~~~~~~~~~~~~~~~~~~~~~~~
/home/ec2-user/arduino-testlib/cli-datadir/user/libraries/AIS_NB_BC95/src/AltSoftSerial.cpp:122:2: error: &#39;DISABLE_INT_COMPARE_A&#39; was not declared in this scope
  DISABLE_INT_COMPARE_A();
  ^~~~~~~~~~~~~~~~~~~~~
/home/ec2-user/arduino-testlib/cli-datadir/user/libraries/AIS_NB_BC95/src/AltSoftSerial.cpp: In static member function &#39;static void AltSoftSerial::writeByte(uint8_t)&#39;:
/home/ec2-user/arduino-testlib/cli-datadir/user/libraries/AIS_NB_BC95/src/AltSoftSerial.cpp:147:3: error: &#39;ENABLE_INT_COMPARE_A&#39; was not declared in this scope
   ENABLE_INT_COMPARE_A();
   ^~~~~~~~~~~~~~~~~~~~
/home/ec2-user/arduino-testlib/cli-datadir/user/libraries/AIS_NB_BC95/src/AltSoftSerial.cpp:148:3: error: &#39;CONFIG_MATCH_CLEAR&#39; was not declared in this scope
   CONFIG_MATCH_CLEAR();
   ^~~~~~~~~~~~~~~~~~
/home/ec2-user/arduino-testlib/cli-datadir/user/libraries/AIS_NB_BC95/src/AltSoftSerial.cpp:149:17: error: &#39;GET_TIMER_COUNT&#39; was not declared in this scope
   SET_COMPARE_A(GET_TIMER_COUNT() &#43; 16);
                 ^~~~~~~~~~~~~~~
/home/ec2-user/arduino-testlib/cli-datadir/user/libraries/AIS_NB_BC95/src/AltSoftSerial.cpp:149:17: note: suggested alternative: &#39;PWM_TIMER_COMPARE&#39;
   SET_COMPARE_A(GET_TIMER_COUNT() &#43; 16);
                 ^~~~~~~~~~~~~~~
                 PWM_TIMER_COMPARE
/home/ec2-user/arduino-testlib/cli-datadir/user/libraries/AIS_NB_BC95/src/AltSoftSerial.cpp:149:3: error: &#39;SET_COMPARE_A&#39; was not declared in this scope
   SET_COMPARE_A(GET_TIMER_COUNT() &#43; 16);
   ^~~~~~~~~~~~~
/home/ec2-user/arduino-testlib/cli-datadir/user/libraries/AIS_NB_BC95/src/AltSoftSerial.cpp: In function &#39;void COMPARE_A_INTERRUPT()&#39;:
/home/ec2-user/arduino-testlib/cli-datadir/user/libraries/AIS_NB_BC95/src/AltSoftSerial.cpp:162:11: error: &#39;GET_COMPARE_A&#39; was not declared in this scope
  target = GET_COMPARE_A();
           ^~~~~~~~~~~~~
/home/ec2-user/arduino-testlib/cli-datadir/user/libraries/AIS_NB_BC95/src/AltSoftSerial.cpp:173:5: error: &#39;CONFIG_MATCH_SET&#39; was not declared in this scope
     CONFIG_MATCH_SET();
     ^~~~~~~~~~~~~~~~
/home/ec2-user/arduino-testlib/cli-datadir/user/libraries/AIS_NB_BC95/src/AltSoftSerial.cpp:175:5: error: &#39;CONFIG_MATCH_CLEAR&#39; was not declared in this scope
     CONFIG_MATCH_CLEAR();
     ^~~~~~~~~~~~~~~~~~
/home/ec2-user/arduino-testlib/cli-datadir/user/libraries/AIS_NB_BC95/src/AltSoftSerial.cpp:177:4: error: &#39;SET_COMPARE_A&#39; was not declared in this scope
    SET_COMPARE_A(target);
    ^~~~~~~~~~~~~
/home/ec2-user/arduino-testlib/cli-datadir/user/libraries/AIS_NB_BC95/src/AltSoftSerial.cpp:191:4: error: &#39;SET_COMPARE_A&#39; was not declared in this scope
    SET_COMPARE_A(target &#43; ticks_per_bit);
    ^~~~~~~~~~~~~
/home/ec2-user/arduino-testlib/cli-datadir/user/libraries/AIS_NB_BC95/src/AltSoftSerial.cpp:194:4: error: &#39;CONFIG_MATCH_NORMAL&#39; was not declared in this scope
    CONFIG_MATCH_NORMAL();
    ^~~~~~~~~~~~~~~~~~~
/home/ec2-user/arduino-testlib/cli-datadir/user/libraries/AIS_NB_BC95/src/AltSoftSerial.cpp:195:4: error: &#39;DISABLE_INT_COMPARE_A&#39; was not declared in this scope
    DISABLE_INT_COMPARE_A();
    ^~~~~~~~~~~~~~~~~~~~~
/home/ec2-user/arduino-testlib/cli-datadir/user/libraries/AIS_NB_BC95/src/AltSoftSerial.cpp:202:3: error: &#39;CONFIG_MATCH_CLEAR&#39; was not declared in this scope
   CONFIG_MATCH_CLEAR();
   ^~~~~~~~~~~~~~~~~~
/home/ec2-user/arduino-testlib/cli-datadir/user/libraries/AIS_NB_BC95/src/AltSoftSerial.cpp:204:4: error: &#39;SET_COMPARE_A&#39; was not declared in this scope
    SET_COMPARE_A(target &#43; ticks_per_bit);
    ^~~~~~~~~~~~~
/home/ec2-user/arduino-testlib/cli-datadir/user/libraries/AIS_NB_BC95/src/AltSoftSerial.cpp:206:18: error: &#39;GET_TIMER_COUNT&#39; was not declared in this scope
    SET_COMPARE_A(GET_TIMER_COUNT() &#43; 16);
                  ^~~~~~~~~~~~~~~
/home/ec2-user/arduino-testlib/cli-datadir/user/libraries/AIS_NB_BC95/src/AltSoftSerial.cpp:206:18: note: suggested alternative: &#39;PWM_TIMER_COMPARE&#39;
    SET_COMPARE_A(GET_TIMER_COUNT() &#43; 16);
                  ^~~~~~~~~~~~~~~
                  PWM_TIMER_COMPARE
/home/ec2-user/arduino-testlib/cli-datadir/user/libraries/AIS_NB_BC95/src/AltSoftSerial.cpp:206:4: error: &#39;SET_COMPARE_A&#39; was not declared in this scope
    SET_COMPARE_A(GET_TIMER_COUNT() &#43; 16);
    ^~~~~~~~~~~~~
/home/ec2-user/arduino-testlib/cli-datadir/user/libraries/AIS_NB_BC95/src/AltSoftSerial.cpp: In function &#39;void CAPTURE_INTERRUPT()&#39;:
/home/ec2-user/arduino-testlib/cli-datadir/user/libraries/AIS_NB_BC95/src/AltSoftSerial.cpp:228:12: error: &#39;GET_INPUT_CAPTURE&#39; was not declared in this scope
  capture = GET_INPUT_CAPTURE();
            ^~~~~~~~~~~~~~~~~
/home/ec2-user/arduino-testlib/cli-datadir/user/libraries/AIS_NB_BC95/src/AltSoftSerial.cpp:231:3: error: &#39;CONFIG_CAPTURE_FALLING_EDGE&#39; was not declared in this scope
   CONFIG_CAPTURE_FALLING_EDGE();
   ^~~~~~~~~~~~~~~~~~~~~~~~~~~
/home/ec2-user/arduino-testlib/cli-datadir/user/libraries/AIS_NB_BC95/src/AltSoftSerial.cpp:234:3: error: &#39;CONFIG_CAPTURE_RISING_EDGE&#39; was not declared in this scope
   CONFIG_CAPTURE_RISING_EDGE();
   ^~~~~~~~~~~~~~~~~~~~~~~~~~
/home/ec2-user/arduino-testlib/cli-datadir/user/libraries/AIS_NB_BC95/src/AltSoftSerial.cpp:241:4: error: &#39;SET_COMPARE_B&#39; was not declared in this scope
    SET_COMPARE_B(end);
    ^~~~~~~~~~~~~
/home/ec2-user/arduino-testlib/cli-datadir/user/libraries/AIS_NB_BC95/src/AltSoftSerial.cpp:242:4: error: &#39;ENABLE_INT_COMPARE_B&#39; was not declared in this scope
    ENABLE_INT_COMPARE_B();
    ^~~~~~~~~~~~~~~~~~~~
/home/ec2-user/arduino-testlib/cli-datadir/user/libraries/AIS_NB_BC95/src/AltSoftSerial.cpp:256:5: error: &#39;DISABLE_INT_COMPARE_B&#39; was not declared in this scope
     DISABLE_INT_COMPARE_B();
     ^~~~~~~~~~~~~~~~~~~~~
/home/ec2-user/arduino-testlib/cli-datadir/user/libraries/AIS_NB_BC95/src/AltSoftSerial.cpp:263:5: error: &#39;CONFIG_CAPTURE_FALLING_EDGE&#39; was not declared in this scope
     CONFIG_CAPTURE_FALLING_EDGE();
     ^~~~~~~~~~~~~~~~~~~~~~~~~~~
/home/ec2-user/arduino-testlib/cli-datadir/user/libraries/AIS_NB_BC95/src/AltSoftSerial.cpp: In function &#39;void COMPARE_B_INTERRUPT()&#39;:
/home/ec2-user/arduino-testlib/cli-datadir/user/libraries/AIS_NB_BC95/src/AltSoftSerial.cpp:279:2: error: &#39;DISABLE_INT_COMPARE_B&#39; was not declared in this scope
  DISABLE_INT_COMPARE_B();
  ^~~~~~~~~~~~~~~~~~~~~
/home/ec2-user/arduino-testlib/cli-datadir/user/libraries/AIS_NB_BC95/src/AltSoftSerial.cpp:280:2: error: &#39;CONFIG_CAPTURE_FALLING_EDGE&#39; was not declared in this scope
  CONFIG_CAPTURE_FALLING_EDGE();
  ^~~~~~~~~~~~~~~~~~~~~~~~~~~
Multiple libraries were found for &#34;AltSoftSerial.h&#34;
  Used: /home/ec2-user/arduino-testlib/cli-datadir/user/libraries/AIS_NB_BC95
  Not used: /home/ec2-user/arduino-testlib/cli-datadir/user/libraries/AltSoftSerial
  Not used: /home/ec2-user/arduino-testlib/cli-datadir/user/libraries/BareBoneSim800
</pre>

					
					<h4>examples/reportData</h4>
					<p>
						Result: <b>FAIL</b>
					</p>
					<pre class="pre-scrollable">In file included from /home/ec2-user/arduino-testlib/cli-datadir/user/libraries/AIS_NB_BC95/src/AltSoftSerial.cpp:35:0:
/home/ec2-user/arduino-testlib/cli-datadir/user/libraries/AIS_NB_BC95/src/config/AltSoftSerial_Boards.h:136:2: error: #error &#34;Please define your board timer and pins&#34;
 #error &#34;Please define your board timer and pins&#34;
  ^~~~~
/home/ec2-user/arduino-testlib/cli-datadir/user/libraries/AIS_NB_BC95/src/AltSoftSerial.cpp: In static member function &#39;static void AltSoftSerial::init(uint32_t)&#39;:
/home/ec2-user/arduino-testlib/cli-datadir/user/libraries/AIS_NB_BC95/src/AltSoftSerial.cpp:74:3: error: &#39;CONFIG_TIMER_NOPRESCALE&#39; was not declared in this scope
   CONFIG_TIMER_NOPRESCALE();
   ^~~~~~~~~~~~~~~~~~~~~~~
/home/ec2-user/arduino-testlib/cli-datadir/user/libraries/AIS_NB_BC95/src/AltSoftSerial.cpp:79:4: error: &#39;CONFIG_TIMER_PRESCALE_8&#39; was not declared in this scope
    CONFIG_TIMER_PRESCALE_8();
    ^~~~~~~~~~~~~~~~~~~~~~~
/home/ec2-user/arduino-testlib/cli-datadir/user/libraries/AIS_NB_BC95/src/AltSoftSerial.cpp:104:10: error: &#39;INPUT_CAPTURE_PIN&#39; was not declared in this scope
  pinMode(INPUT_CAPTURE_PIN, INPUT_PULLUP);
          ^~~~~~~~~~~~~~~~~
/home/ec2-user/arduino-testlib/cli-datadir/user/libraries/AIS_NB_BC95/src/AltSoftSerial.cpp:104:10: note: suggested alternative: &#39;INPUT_PULLDOWN&#39;
  pinMode(INPUT_CAPTURE_PIN, INPUT_PULLUP);
          ^~~~~~~~~~~~~~~~~
          INPUT_PULLDOWN
/home/ec2-user/arduino-testlib/cli-datadir/user/libraries/AIS_NB_BC95/src/AltSoftSerial.cpp:105:15: error: &#39;OUTPUT_COMPARE_A_PIN&#39; was not declared in this scope
  digitalWrite(OUTPUT_COMPARE_A_PIN, HIGH);
               ^~~~~~~~~~~~~~~~~~~~
/home/ec2-user/arduino-testlib/cli-datadir/user/libraries/AIS_NB_BC95/src/AltSoftSerial.cpp:113:2: error: &#39;ENABLE_INT_INPUT_CAPTURE&#39; was not declared in this scope
  ENABLE_INT_INPUT_CAPTURE();
  ^~~~~~~~~~~~~~~~~~~~~~~~
/home/ec2-user/arduino-testlib/cli-datadir/user/libraries/AIS_NB_BC95/src/AltSoftSerial.cpp: In static member function &#39;static void AltSoftSerial::end()&#39;:
/home/ec2-user/arduino-testlib/cli-datadir/user/libraries/AIS_NB_BC95/src/AltSoftSerial.cpp:118:2: error: &#39;DISABLE_INT_COMPARE_B&#39; was not declared in this scope
  DISABLE_INT_COMPARE_B();
  ^~~~~~~~~~~~~~~~~~~~~
/home/ec2-user/arduino-testlib/cli-datadir/user/libraries/AIS_NB_BC95/src/AltSoftSerial.cpp:119:2: error: &#39;DISABLE_INT_INPUT_CAPTURE&#39; was not declared in this scope
  DISABLE_INT_INPUT_CAPTURE();
  ^~~~~~~~~~~~~~~~~~~~~~~~~
/home/ec2-user/arduino-testlib/cli-datadir/user/libraries/AIS_NB_BC95/src/AltSoftSerial.cpp:122:2: error: &#39;DISABLE_INT_COMPARE_A&#39; was not declared in this scope
  DISABLE_INT_COMPARE_A();
  ^~~~~~~~~~~~~~~~~~~~~
/home/ec2-user/arduino-testlib/cli-datadir/user/libraries/AIS_NB_BC95/src/AltSoftSerial.cpp: In static member function &#39;static void AltSoftSerial::writeByte(uint8_t)&#39;:
/home/ec2-user/arduino-testlib/cli-datadir/user/libraries/AIS_NB_BC95/src/AltSoftSerial.cpp:147:3: error: &#39;ENABLE_INT_COMPARE_A&#39; was not declared in this scope
   ENABLE_INT_COMPARE_A();
   ^~~~~~~~~~~~~~~~~~~~
/home/ec2-user/arduino-testlib/cli-datadir/user/libraries/AIS_NB_BC95/src/AltSoftSerial.cpp:148:3: error: &#39;CONFIG_MATCH_CLEAR&#39; was not declared in this scope
   CONFIG_MATCH_CLEAR();
   ^~~~~~~~~~~~~~~~~~
/home/ec2-user/arduino-testlib/cli-datadir/user/libraries/AIS_NB_BC95/src/AltSoftSerial.cpp:149:17: error: &#39;GET_TIMER_COUNT&#39; was not declared in this scope
   SET_COMPARE_A(GET_TIMER_COUNT() &#43; 16);
                 ^~~~~~~~~~~~~~~
/home/ec2-user/arduino-testlib/cli-datadir/user/libraries/AIS_NB_BC95/src/AltSoftSerial.cpp:149:17: note: suggested alternative: &#39;PWM_TIMER_COMPARE&#39;
   SET_COMPARE_A(GET_TIMER_COUNT() &#43; 16);
                 ^~~~~~~~~~~~~~~
                 PWM_TIMER_COMPARE
/home/ec2-user/arduino-testlib/cli-datadir/user/libraries/AIS_NB_BC95/src/AltSoftSerial.cpp:149:3: error: &#39;SET_COMPARE_A&#39; was not declared in this scope
   SET_COMPARE_A(GET_TIMER_COUNT() &#43; 16);
   ^~~~~~~~~~~~~
/home/ec2-user/arduino-testlib/cli-datadir/user/libraries/AIS_NB_BC95/src/AltSoftSerial.cpp: In function &#39;void COMPARE_A_INTERRUPT()&#39;:
/home/ec2-user/arduino-testlib/cli-datadir/user/libraries/AIS_NB_BC95/src/AltSoftSerial.cpp:162:11: error: &#39;GET_COMPARE_A&#39; was not declared in this scope
  target = GET_COMPARE_A();
           ^~~~~~~~~~~~~
/home/ec2-user/arduino-testlib/cli-datadir/user/libraries/AIS_NB_BC95/src/AltSoftSerial.cpp:173:5: error: &#39;CONFIG_MATCH_SET&#39; was not declared in this scope
     CONFIG_MATCH_SET();
     ^~~~~~~~~~~~~~~~
/home/ec2-user/arduino-testlib/cli-datadir/user/libraries/AIS_NB_BC95/src/AltSoftSerial.cpp:175:5: error: &#39;CONFIG_MATCH_CLEAR&#39; was not declared in this scope
     CONFIG_MATCH_CLEAR();
     ^~~~~~~~~~~~~~~~~~
/home/ec2-user/arduino-testlib/cli-datadir/user/libraries/AIS_NB_BC95/src/AltSoftSerial.cpp:177:4: error: &#39;SET_COMPARE_A&#39; was not declared in this scope
    SET_COMPARE_A(target);
    ^~~~~~~~~~~~~
/home/ec2-user/arduino-testlib/cli-datadir/user/libraries/AIS_NB_BC95/src/AltSoftSerial.cpp:191:4: error: &#39;SET_COMPARE_A&#39; was not declared in this scope
    SET_COMPARE_A(target &#43; ticks_per_bit);
    ^~~~~~~~~~~~~
/home/ec2-user/arduino-testlib/cli-datadir/user/libraries/AIS_NB_BC95/src/AltSoftSerial.cpp:194:4: error: &#39;CONFIG_MATCH_NORMAL&#39; was not declared in this scope
    CONFIG_MATCH_NORMAL();
    ^~~~~~~~~~~~~~~~~~~
/home/ec2-user/arduino-testlib/cli-datadir/user/libraries/AIS_NB_BC95/src/AltSoftSerial.cpp:195:4: error: &#39;DISABLE_INT_COMPARE_A&#39; was not declared in this scope
    DISABLE_INT_COMPARE_A();
    ^~~~~~~~~~~~~~~~~~~~~
/home/ec2-user/arduino-testlib/cli-datadir/user/libraries/AIS_NB_BC95/src/AltSoftSerial.cpp:202:3: error: &#39;CONFIG_MATCH_CLEAR&#39; was not declared in this scope
   CONFIG_MATCH_CLEAR();
   ^~~~~~~~~~~~~~~~~~
/home/ec2-user/arduino-testlib/cli-datadir/user/libraries/AIS_NB_BC95/src/AltSoftSerial.cpp:204:4: error: &#39;SET_COMPARE_A&#39; was not declared in this scope
    SET_COMPARE_A(target &#43; ticks_per_bit);
    ^~~~~~~~~~~~~
/home/ec2-user/arduino-testlib/cli-datadir/user/libraries/AIS_NB_BC95/src/AltSoftSerial.cpp:206:18: error: &#39;GET_TIMER_COUNT&#39; was not declared in this scope
    SET_COMPARE_A(GET_TIMER_COUNT() &#43; 16);
                  ^~~~~~~~~~~~~~~
/home/ec2-user/arduino-testlib/cli-datadir/user/libraries/AIS_NB_BC95/src/AltSoftSerial.cpp:206:18: note: suggested alternative: &#39;PWM_TIMER_COMPARE&#39;
    SET_COMPARE_A(GET_TIMER_COUNT() &#43; 16);
                  ^~~~~~~~~~~~~~~
                  PWM_TIMER_COMPARE
/home/ec2-user/arduino-testlib/cli-datadir/user/libraries/AIS_NB_BC95/src/AltSoftSerial.cpp:206:4: error: &#39;SET_COMPARE_A&#39; was not declared in this scope
    SET_COMPARE_A(GET_TIMER_COUNT() &#43; 16);
    ^~~~~~~~~~~~~
/home/ec2-user/arduino-testlib/cli-datadir/user/libraries/AIS_NB_BC95/src/AltSoftSerial.cpp: In function &#39;void CAPTURE_INTERRUPT()&#39;:
/home/ec2-user/arduino-testlib/cli-datadir/user/libraries/AIS_NB_BC95/src/AltSoftSerial.cpp:228:12: error: &#39;GET_INPUT_CAPTURE&#39; was not declared in this scope
  capture = GET_INPUT_CAPTURE();
            ^~~~~~~~~~~~~~~~~
/home/ec2-user/arduino-testlib/cli-datadir/user/libraries/AIS_NB_BC95/src/AltSoftSerial.cpp:231:3: error: &#39;CONFIG_CAPTURE_FALLING_EDGE&#39; was not declared in this scope
   CONFIG_CAPTURE_FALLING_EDGE();
   ^~~~~~~~~~~~~~~~~~~~~~~~~~~
/home/ec2-user/arduino-testlib/cli-datadir/user/libraries/AIS_NB_BC95/src/AltSoftSerial.cpp:234:3: error: &#39;CONFIG_CAPTURE_RISING_EDGE&#39; was not declared in this scope
   CONFIG_CAPTURE_RISING_EDGE();
   ^~~~~~~~~~~~~~~~~~~~~~~~~~
/home/ec2-user/arduino-testlib/cli-datadir/user/libraries/AIS_NB_BC95/src/AltSoftSerial.cpp:241:4: error: &#39;SET_COMPARE_B&#39; was not declared in this scope
    SET_COMPARE_B(end);
    ^~~~~~~~~~~~~
/home/ec2-user/arduino-testlib/cli-datadir/user/libraries/AIS_NB_BC95/src/AltSoftSerial.cpp:242:4: error: &#39;ENABLE_INT_COMPARE_B&#39; was not declared in this scope
    ENABLE_INT_COMPARE_B();
    ^~~~~~~~~~~~~~~~~~~~
/home/ec2-user/arduino-testlib/cli-datadir/user/libraries/AIS_NB_BC95/src/AltSoftSerial.cpp:256:5: error: &#39;DISABLE_INT_COMPARE_B&#39; was not declared in this scope
     DISABLE_INT_COMPARE_B();
     ^~~~~~~~~~~~~~~~~~~~~
/home/ec2-user/arduino-testlib/cli-datadir/user/libraries/AIS_NB_BC95/src/AltSoftSerial.cpp:263:5: error: &#39;CONFIG_CAPTURE_FALLING_EDGE&#39; was not declared in this scope
     CONFIG_CAPTURE_FALLING_EDGE();
     ^~~~~~~~~~~~~~~~~~~~~~~~~~~
/home/ec2-user/arduino-testlib/cli-datadir/user/libraries/AIS_NB_BC95/src/AltSoftSerial.cpp: In function &#39;void COMPARE_B_INTERRUPT()&#39;:
/home/ec2-user/arduino-testlib/cli-datadir/user/libraries/AIS_NB_BC95/src/AltSoftSerial.cpp:279:2: error: &#39;DISABLE_INT_COMPARE_B&#39; was not declared in this scope
  DISABLE_INT_COMPARE_B();
  ^~~~~~~~~~~~~~~~~~~~~
/home/ec2-user/arduino-testlib/cli-datadir/user/libraries/AIS_NB_BC95/src/AltSoftSerial.cpp:280:2: error: &#39;CONFIG_CAPTURE_FALLING_EDGE&#39; was not declared in this scope
  CONFIG_CAPTURE_FALLING_EDGE();
  ^~~~~~~~~~~~~~~~~~~~~~~~~~~
Multiple libraries were found for &#34;AltSoftSerial.h&#34;
  Used: /home/ec2-user/arduino-testlib/cli-datadir/user/libraries/AIS_NB_BC95
  Not used: /home/ec2-user/arduino-testlib/cli-datadir/user/libraries/AltSoftSerial
  Not used: /home/ec2-user/arduino-testlib/cli-datadir/user/libraries/BareBoneSim800
</pre>
					
					<h4>examples/reportMultipleDataType</h4>
					<p>
						Result: <b>FAIL</b>
					</p>
					<pre class="pre-scrollable">In file included from /home/ec2-user/arduino-testlib/cli-datadir/user/libraries/AIS_NB_BC95/src/AltSoftSerial.cpp:35:0:
/home/ec2-user/arduino-testlib/cli-datadir/user/libraries/AIS_NB_BC95/src/config/AltSoftSerial_Boards.h:136:2: error: #error &#34;Please define your board timer and pins&#34;
 #error &#34;Please define your board timer and pins&#34;
  ^~~~~
/home/ec2-user/arduino-testlib/cli-datadir/user/libraries/AIS_NB_BC95/src/AltSoftSerial.cpp: In static member function &#39;static void AltSoftSerial::init(uint32_t)&#39;:
/home/ec2-user/arduino-testlib/cli-datadir/user/libraries/AIS_NB_BC95/src/AltSoftSerial.cpp:74:3: error: &#39;CONFIG_TIMER_NOPRESCALE&#39; was not declared in this scope
   CONFIG_TIMER_NOPRESCALE();
   ^~~~~~~~~~~~~~~~~~~~~~~
/home/ec2-user/arduino-testlib/cli-datadir/user/libraries/AIS_NB_BC95/src/AltSoftSerial.cpp:79:4: error: &#39;CONFIG_TIMER_PRESCALE_8&#39; was not declared in this scope
    CONFIG_TIMER_PRESCALE_8();
    ^~~~~~~~~~~~~~~~~~~~~~~
/home/ec2-user/arduino-testlib/cli-datadir/user/libraries/AIS_NB_BC95/src/AltSoftSerial.cpp:104:10: error: &#39;INPUT_CAPTURE_PIN&#39; was not declared in this scope
  pinMode(INPUT_CAPTURE_PIN, INPUT_PULLUP);
          ^~~~~~~~~~~~~~~~~
/home/ec2-user/arduino-testlib/cli-datadir/user/libraries/AIS_NB_BC95/src/AltSoftSerial.cpp:104:10: note: suggested alternative: &#39;INPUT_PULLDOWN&#39;
  pinMode(INPUT_CAPTURE_PIN, INPUT_PULLUP);
          ^~~~~~~~~~~~~~~~~
          INPUT_PULLDOWN
/home/ec2-user/arduino-testlib/cli-datadir/user/libraries/AIS_NB_BC95/src/AltSoftSerial.cpp:105:15: error: &#39;OUTPUT_COMPARE_A_PIN&#39; was not declared in this scope
  digitalWrite(OUTPUT_COMPARE_A_PIN, HIGH);
               ^~~~~~~~~~~~~~~~~~~~
/home/ec2-user/arduino-testlib/cli-datadir/user/libraries/AIS_NB_BC95/src/AltSoftSerial.cpp:113:2: error: &#39;ENABLE_INT_INPUT_CAPTURE&#39; was not declared in this scope
  ENABLE_INT_INPUT_CAPTURE();
  ^~~~~~~~~~~~~~~~~~~~~~~~
/home/ec2-user/arduino-testlib/cli-datadir/user/libraries/AIS_NB_BC95/src/AltSoftSerial.cpp: In static member function &#39;static void AltSoftSerial::end()&#39;:
/home/ec2-user/arduino-testlib/cli-datadir/user/libraries/AIS_NB_BC95/src/AltSoftSerial.cpp:118:2: error: &#39;DISABLE_INT_COMPARE_B&#39; was not declared in this scope
  DISABLE_INT_COMPARE_B();
  ^~~~~~~~~~~~~~~~~~~~~
/home/ec2-user/arduino-testlib/cli-datadir/user/libraries/AIS_NB_BC95/src/AltSoftSerial.cpp:119:2: error: &#39;DISABLE_INT_INPUT_CAPTURE&#39; was not declared in this scope
  DISABLE_INT_INPUT_CAPTURE();
  ^~~~~~~~~~~~~~~~~~~~~~~~~
/home/ec2-user/arduino-testlib/cli-datadir/user/libraries/AIS_NB_BC95/src/AltSoftSerial.cpp:122:2: error: &#39;DISABLE_INT_COMPARE_A&#39; was not declared in this scope
  DISABLE_INT_COMPARE_A();
  ^~~~~~~~~~~~~~~~~~~~~
/home/ec2-user/arduino-testlib/cli-datadir/user/libraries/AIS_NB_BC95/src/AltSoftSerial.cpp: In static member function &#39;static void AltSoftSerial::writeByte(uint8_t)&#39;:
/home/ec2-user/arduino-testlib/cli-datadir/user/libraries/AIS_NB_BC95/src/AltSoftSerial.cpp:147:3: error: &#39;ENABLE_INT_COMPARE_A&#39; was not declared in this scope
   ENABLE_INT_COMPARE_A();
   ^~~~~~~~~~~~~~~~~~~~
/home/ec2-user/arduino-testlib/cli-datadir/user/libraries/AIS_NB_BC95/src/AltSoftSerial.cpp:148:3: error: &#39;CONFIG_MATCH_CLEAR&#39; was not declared in this scope
   CONFIG_MATCH_CLEAR();
   ^~~~~~~~~~~~~~~~~~
/home/ec2-user/arduino-testlib/cli-datadir/user/libraries/AIS_NB_BC95/src/AltSoftSerial.cpp:149:17: error: &#39;GET_TIMER_COUNT&#39; was not declared in this scope
   SET_COMPARE_A(GET_TIMER_COUNT() &#43; 16);
                 ^~~~~~~~~~~~~~~
/home/ec2-user/arduino-testlib/cli-datadir/user/libraries/AIS_NB_BC95/src/AltSoftSerial.cpp:149:17: note: suggested alternative: &#39;PWM_TIMER_COMPARE&#39;
   SET_COMPARE_A(GET_TIMER_COUNT() &#43; 16);
                 ^~~~~~~~~~~~~~~
                 PWM_TIMER_COMPARE
/home/ec2-user/arduino-testlib/cli-datadir/user/libraries/AIS_NB_BC95/src/AltSoftSerial.cpp:149:3: error: &#39;SET_COMPARE_A&#39; was not declared in this scope
   SET_COMPARE_A(GET_TIMER_COUNT() &#43; 16);
   ^~~~~~~~~~~~~
/home/ec2-user/arduino-testlib/cli-datadir/user/libraries/AIS_NB_BC95/src/AltSoftSerial.cpp: In function &#39;void COMPARE_A_INTERRUPT()&#39;:
/home/ec2-user/arduino-testlib/cli-datadir/user/libraries/AIS_NB_BC95/src/AltSoftSerial.cpp:162:11: error: &#39;GET_COMPARE_A&#39; was not declared in this scope
  target = GET_COMPARE_A();
           ^~~~~~~~~~~~~
/home/ec2-user/arduino-testlib/cli-datadir/user/libraries/AIS_NB_BC95/src/AltSoftSerial.cpp:173:5: error: &#39;CONFIG_MATCH_SET&#39; was not declared in this scope
     CONFIG_MATCH_SET();
     ^~~~~~~~~~~~~~~~
/home/ec2-user/arduino-testlib/cli-datadir/user/libraries/AIS_NB_BC95/src/AltSoftSerial.cpp:175:5: error: &#39;CONFIG_MATCH_CLEAR&#39; was not declared in this scope
     CONFIG_MATCH_CLEAR();
     ^~~~~~~~~~~~~~~~~~
/home/ec2-user/arduino-testlib/cli-datadir/user/libraries/AIS_NB_BC95/src/AltSoftSerial.cpp:177:4: error: &#39;SET_COMPARE_A&#39; was not declared in this scope
    SET_COMPARE_A(target);
    ^~~~~~~~~~~~~
/home/ec2-user/arduino-testlib/cli-datadir/user/libraries/AIS_NB_BC95/src/AltSoftSerial.cpp:191:4: error: &#39;SET_COMPARE_A&#39; was not declared in this scope
    SET_COMPARE_A(target &#43; ticks_per_bit);
    ^~~~~~~~~~~~~
/home/ec2-user/arduino-testlib/cli-datadir/user/libraries/AIS_NB_BC95/src/AltSoftSerial.cpp:194:4: error: &#39;CONFIG_MATCH_NORMAL&#39; was not declared in this scope
    CONFIG_MATCH_NORMAL();
    ^~~~~~~~~~~~~~~~~~~
/home/ec2-user/arduino-testlib/cli-datadir/user/libraries/AIS_NB_BC95/src/AltSoftSerial.cpp:195:4: error: &#39;DISABLE_INT_COMPARE_A&#39; was not declared in this scope
    DISABLE_INT_COMPARE_A();
    ^~~~~~~~~~~~~~~~~~~~~
/home/ec2-user/arduino-testlib/cli-datadir/user/libraries/AIS_NB_BC95/src/AltSoftSerial.cpp:202:3: error: &#39;CONFIG_MATCH_CLEAR&#39; was not declared in this scope
   CONFIG_MATCH_CLEAR();
   ^~~~~~~~~~~~~~~~~~
/home/ec2-user/arduino-testlib/cli-datadir/user/libraries/AIS_NB_BC95/src/AltSoftSerial.cpp:204:4: error: &#39;SET_COMPARE_A&#39; was not declared in this scope
    SET_COMPARE_A(target &#43; ticks_per_bit);
    ^~~~~~~~~~~~~
/home/ec2-user/arduino-testlib/cli-datadir/user/libraries/AIS_NB_BC95/src/AltSoftSerial.cpp:206:18: error: &#39;GET_TIMER_COUNT&#39; was not declared in this scope
    SET_COMPARE_A(GET_TIMER_COUNT() &#43; 16);
                  ^~~~~~~~~~~~~~~
/home/ec2-user/arduino-testlib/cli-datadir/user/libraries/AIS_NB_BC95/src/AltSoftSerial.cpp:206:18: note: suggested alternative: &#39;PWM_TIMER_COMPARE&#39;
    SET_COMPARE_A(GET_TIMER_COUNT() &#43; 16);
                  ^~~~~~~~~~~~~~~
                  PWM_TIMER_COMPARE
/home/ec2-user/arduino-testlib/cli-datadir/user/libraries/AIS_NB_BC95/src/AltSoftSerial.cpp:206:4: error: &#39;SET_COMPARE_A&#39; was not declared in this scope
    SET_COMPARE_A(GET_TIMER_COUNT() &#43; 16);
    ^~~~~~~~~~~~~
/home/ec2-user/arduino-testlib/cli-datadir/user/libraries/AIS_NB_BC95/src/AltSoftSerial.cpp: In function &#39;void CAPTURE_INTERRUPT()&#39;:
/home/ec2-user/arduino-testlib/cli-datadir/user/libraries/AIS_NB_BC95/src/AltSoftSerial.cpp:228:12: error: &#39;GET_INPUT_CAPTURE&#39; was not declared in this scope
  capture = GET_INPUT_CAPTURE();
            ^~~~~~~~~~~~~~~~~
/home/ec2-user/arduino-testlib/cli-datadir/user/libraries/AIS_NB_BC95/src/AltSoftSerial.cpp:231:3: error: &#39;CONFIG_CAPTURE_FALLING_EDGE&#39; was not declared in this scope
   CONFIG_CAPTURE_FALLING_EDGE();
   ^~~~~~~~~~~~~~~~~~~~~~~~~~~
/home/ec2-user/arduino-testlib/cli-datadir/user/libraries/AIS_NB_BC95/src/AltSoftSerial.cpp:234:3: error: &#39;CONFIG_CAPTURE_RISING_EDGE&#39; was not declared in this scope
   CONFIG_CAPTURE_RISING_EDGE();
   ^~~~~~~~~~~~~~~~~~~~~~~~~~
/home/ec2-user/arduino-testlib/cli-datadir/user/libraries/AIS_NB_BC95/src/AltSoftSerial.cpp:241:4: error: &#39;SET_COMPARE_B&#39; was not declared in this scope
    SET_COMPARE_B(end);
    ^~~~~~~~~~~~~
/home/ec2-user/arduino-testlib/cli-datadir/user/libraries/AIS_NB_BC95/src/AltSoftSerial.cpp:242:4: error: &#39;ENABLE_INT_COMPARE_B&#39; was not declared in this scope
    ENABLE_INT_COMPARE_B();
    ^~~~~~~~~~~~~~~~~~~~
/home/ec2-user/arduino-testlib/cli-datadir/user/libraries/AIS_NB_BC95/src/AltSoftSerial.cpp:256:5: error: &#39;DISABLE_INT_COMPARE_B&#39; was not declared in this scope
     DISABLE_INT_COMPARE_B();
     ^~~~~~~~~~~~~~~~~~~~~
/home/ec2-user/arduino-testlib/cli-datadir/user/libraries/AIS_NB_BC95/src/AltSoftSerial.cpp:263:5: error: &#39;CONFIG_CAPTURE_FALLING_EDGE&#39; was not declared in this scope
     CONFIG_CAPTURE_FALLING_EDGE();
     ^~~~~~~~~~~~~~~~~~~~~~~~~~~
/home/ec2-user/arduino-testlib/cli-datadir/user/libraries/AIS_NB_BC95/src/AltSoftSerial.cpp: In function &#39;void COMPARE_B_INTERRUPT()&#39;:
/home/ec2-user/arduino-testlib/cli-datadir/user/libraries/AIS_NB_BC95/src/AltSoftSerial.cpp:279:2: error: &#39;DISABLE_INT_COMPARE_B&#39; was not declared in this scope
  DISABLE_INT_COMPARE_B();
  ^~~~~~~~~~~~~~~~~~~~~
/home/ec2-user/arduino-testlib/cli-datadir/user/libraries/AIS_NB_BC95/src/AltSoftSerial.cpp:280:2: error: &#39;CONFIG_CAPTURE_FALLING_EDGE&#39; was not declared in this scope
  CONFIG_CAPTURE_FALLING_EDGE();
  ^~~~~~~~~~~~~~~~~~~~~~~~~~~
Multiple libraries were found for &#34;AltSoftSerial.h&#34;
  Used: /home/ec2-user/arduino-testlib/cli-datadir/user/libraries/AIS_NB_BC95
  Not used: /home/ec2-user/arduino-testlib/cli-datadir/user/libraries/AltSoftSerial
  Not used: /home/ec2-user/arduino-testlib/cli-datadir/user/libraries/BareBoneSim800
</pre>
					
				
				<h3 id="arduino:samd:mkrwifi1010">arduino:samd:mkrwifi1010 @ 1.8.12</h3>
				<h4>Inclusion</h4>
				<p>
					Result: <b>FAIL</b>
					
				</p>
				<pre class="pre-scrollable">/tmp/cc6Key9P.s: Assembler messages:
/tmp/cc6Key9P.s:5504: Error: bad instruction `jmp 0x0000&#39;
/tmp/cc6Key9P.s:5622: Error: bad instruction `jmp 0x0000&#39;
Multiple libraries were found for &#34;AltSoftSerial.h&#34;
  Used: /home/ec2-user/arduino-testlib/cli-datadir/user/libraries/AIS_NB_BC95
  Not used: /home/ec2-user/arduino-testlib/cli-datadir/user/libraries/BareBoneSim800
  Not used: /home/ec2-user/arduino-testlib/cli-datadir/user/libraries/AltSoftSerial
</pre>

					
					<h4>examples/reportData</h4>
					<p>
						Result: <b>FAIL</b>
					</p>
					<pre class="pre-scrollable">/tmp/cclEWzYe.s: Assembler messages:
/tmp/cclEWzYe.s:5504: Error: bad instruction `jmp 0x0000&#39;
/tmp/cclEWzYe.s:5622: Error: bad instruction `jmp 0x0000&#39;
Multiple libraries were found for &#34;AltSoftSerial.h&#34;
  Used: /home/ec2-user/arduino-testlib/cli-datadir/user/libraries/AIS_NB_BC95
  Not used: /home/ec2-user/arduino-testlib/cli-datadir/user/libraries/BareBoneSim800
  Not used: /home/ec2-user/arduino-testlib/cli-datadir/user/libraries/AltSoftSerial
</pre>
					
					<h4>examples/reportMultipleDataType</h4>
					<p>
						Result: <b>FAIL</b>
					</p>
					<pre class="pre-scrollable">/tmp/cc9IpM1s.s: Assembler messages:
/tmp/cc9IpM1s.s:5504: Error: bad instruction `jmp 0x0000&#39;
/tmp/cc9IpM1s.s:5622: Error: bad instruction `jmp 0x0000&#39;
Multiple libraries were found for &#34;AltSoftSerial.h&#34;
  Used: /home/ec2-user/arduino-testlib/cli-datadir/user/libraries/AIS_NB_BC95
  Not used: /home/ec2-user/arduino-testlib/cli-datadir/user/libraries/BareBoneSim800
  Not used: /home/ec2-user/arduino-testlib/cli-datadir/user/libraries/AltSoftSerial
</pre>
					
				
				<h3 id="esp32:esp32:d1_mini32">esp32:esp32:d1_mini32 @ 1.0.6</h3>
				<h4>Inclusion</h4>
				<p>
					Result: <b>FAIL</b>
					
				</p>
				<pre class="pre-scrollable">/home/ec2-user/arduino-testlib/cli-datadir/user/libraries/Magellan_BC95_lite/src/Magellan_BC95_lite.cpp: Assembler messages:
/home/ec2-user/arduino-testlib/cli-datadir/user/libraries/Magellan_BC95_lite/src/Magellan_BC95_lite.cpp:584: Error: unknown opcode or format name &#39;jmp&#39;
/home/ec2-user/arduino-testlib/cli-datadir/user/libraries/Magellan_BC95_lite/src/Magellan_BC95_lite.cpp:606: Error: unknown opcode or format name &#39;jmp&#39;
Multiple libraries were found for &#34;AltSoftSerial.h&#34;
  Used: /home/ec2-user/arduino-testlib/cli-datadir/user/libraries/AIS_NB_BC95
  Not used: /home/ec2-user/arduino-testlib/cli-datadir/user/libraries/AltSoftSerial
  Not used: /home/ec2-user/arduino-testlib/cli-datadir/user/libraries/BareBoneSim800
</pre>

					
					<h4>examples/reportData</h4>
					<p>
						Result: <b>FAIL</b>
					</p>
					<pre class="pre-scrollable">/home/ec2-user/arduino-testlib/cli-datadir/user/libraries/Magellan_BC95_lite/src/Magellan_BC95_lite.cpp: Assembler messages:
/home/ec2-user/arduino-testlib/cli-datadir/user/libraries/Magellan_BC95_lite/src/Magellan_BC95_lite.cpp:584: Error: unknown opcode or format name &#39;jmp&#39;
/home/ec2-user/arduino-testlib/cli-datadir/user/libraries/Magellan_BC95_lite/src/Magellan_BC95_lite.cpp:606: Error: unknown opcode or format name &#39;jmp&#39;
Multiple libraries were found for &#34;AltSoftSerial.h&#34;
  Used: /home/ec2-user/arduino-testlib/cli-datadir/user/libraries/AIS_NB_BC95
  Not used: /home/ec2-user/arduino-testlib/cli-datadir/user/libraries/BareBoneSim800
  Not used: /home/ec2-user/arduino-testlib/cli-datadir/user/libraries/AltSoftSerial
</pre>
					
					<h4>examples/reportMultipleDataType</h4>
					<p>
						Result: <b>FAIL</b>
					</p>
					<pre class="pre-scrollable">/home/ec2-user/arduino-testlib/cli-datadir/user/libraries/Magellan_BC95_lite/src/Magellan_BC95_lite.cpp: Assembler messages:
/home/ec2-user/arduino-testlib/cli-datadir/user/libraries/Magellan_BC95_lite/src/Magellan_BC95_lite.cpp:584: Error: unknown opcode or format name &#39;jmp&#39;
/home/ec2-user/arduino-testlib/cli-datadir/user/libraries/Magellan_BC95_lite/src/Magellan_BC95_lite.cpp:606: Error: unknown opcode or format name &#39;jmp&#39;
Multiple libraries were found for &#34;AltSoftSerial.h&#34;
  Used: /home/ec2-user/arduino-testlib/cli-datadir/user/libraries/AIS_NB_BC95
  Not used: /home/ec2-user/arduino-testlib/cli-datadir/user/libraries/BareBoneSim800
  Not used: /home/ec2-user/arduino-testlib/cli-datadir/user/libraries/AltSoftSerial
</pre>
					
				
			</div>
		</div>
	</div>
  </body>
</html>
