
<!doctype html>
<html lang="en">
  <head>
    <meta charset="utf-8">
    <meta name="viewport" content="width=device-width, initial-scale=1">
    <link href="https://cdn.jsdelivr.net/npm/bootstrap@5.0.2/dist/css/bootstrap.min.css" rel="stylesheet" integrity="sha384-EVSTQN3/azprG1Anm3QDgpJLIm9Nao0Yz1ztcQTwFspd3yD65VohhpuuCOmLASjC" crossorigin="anonymous">
    <title>arduino-testlib report</title>
	<style>
	.pass { background-color: #00FF00 !important; }
	.fail { background-color: #FF0000 !important; }
	</style>
  </head>
  <body>
	<div class="container">
		<div class="row">
			<div class="col">
				<h1>MAX1464 Arduino library - compatibility matrix</h1>
				<p>
					<small>This report was generated on Monday, 21-Feb-22 12:00:25 CET using 
					<a href="https://github.com/alranel/arduino-testlib">arduino-testlib</a>.</small>
				</p>

				<h2>MAX1464 Arduino library</h2>
				<p>
					Version: <b>1.0.1</b>
					<br />
					<a href="https://www.arduino.cc/reference/en/libraries/max1464-arduino-library/">More details</a>
				</p>

				<h2>Compatibility matrix</h2>
				<table class="table table-bordered">
					<tr>
						<th>Board</th>
						<th>Claims compatibility</th>
						<th>Inclusion</th>
						
						<th><pre>MAX1464-Arduino-library</pre></th>
						
					</tr>
					
					<tr>
						<td>
							<a href="#arduino%3aavr%3auno"><b>arduino:avr:uno</b></a>
							<br />
							<small>1.8.4</small>
						</td>

						
							<td>Yes</td>
							<td class="pass">PASS</td>
						
						
						
						

						
							
								
									
										
											<td class="pass">PASS</td>
											
										
									
								
							
								
							
								
							
								
							
								
							
						
					</tr>
					
					<tr>
						<td>
							<a href="#arduino%3ambed_nano%3ananorp2040connect"><b>arduino:mbed_nano:nanorp2040connect</b></a>
							<br />
							<small>2.7.2</small>
						</td>

						
						
						
							<td>Yes ⚠️</td>
							<td class="fail">FAIL</td>
						
						

						
							
								
							
								
									
										
											
											<td class="fail">FAIL</td>
										
									
								
							
								
							
								
							
								
							
						
					</tr>
					
					<tr>
						<td>
							<a href="#arduino%3amegaavr%3anona4809"><b>arduino:megaavr:nona4809</b></a>
							<br />
							<small>1.8.7</small>
						</td>

						
							<td>Yes</td>
							<td class="pass">PASS</td>
						
						
						
						

						
							
								
							
								
							
								
									
										
											<td class="pass">PASS</td>
											
										
									
								
							
								
							
								
							
						
					</tr>
					
					<tr>
						<td>
							<a href="#arduino%3asamd%3amkrwifi1010"><b>arduino:samd:mkrwifi1010</b></a>
							<br />
							<small>1.8.12</small>
						</td>

						
							<td>Yes</td>
							<td class="pass">PASS</td>
						
						
						
						

						
							
								
							
								
							
								
							
								
									
										
											<td class="pass">PASS</td>
											
										
									
								
							
								
							
						
					</tr>
					
					<tr>
						<td>
							<a href="#esp32%3aesp32%3ad1_mini32"><b>esp32:esp32:d1_mini32</b></a>
							<br />
							<small>1.0.6</small>
						</td>

						
							<td>Yes</td>
							<td class="pass">PASS</td>
						
						
						
						

						
							
								
							
								
							
								
							
								
							
								
									
										
											<td class="pass">PASS</td>
											
										
									
								
							
						
					</tr>
					
				</table>

				<h2>Compilation logs</h2>
				
				<h3 id="arduino:avr:uno">arduino:avr:uno @ 1.8.4</h3>
				<h4>Inclusion</h4>
				<p>
					Result: <b>PASS</b>
					
				</p>
				<pre class="pre-scrollable">Sketch uses 1332 bytes (4%) of program storage space. Maximum is 32256 bytes.
Global variables use 184 bytes (8%) of dynamic memory, leaving 1864 bytes for local variables. Maximum is 2048 bytes.
</pre>

					
					<h4>examples/MAX1464-Arduino-library</h4>
					<p>
						Result: <b>PASS</b>
					</p>
					<pre class="pre-scrollable">Sketch uses 8186 bytes (25%) of program storage space. Maximum is 32256 bytes.
Global variables use 627 bytes (30%) of dynamic memory, leaving 1421 bytes for local variables. Maximum is 2048 bytes.
</pre>
					
				
				<h3 id="arduino:mbed_nano:nanorp2040connect">arduino:mbed_nano:nanorp2040connect @ 2.7.2</h3>
				<h4>Inclusion</h4>
				<p>
					Result: <b>FAIL</b>
					
				</p>
				<pre class="pre-scrollable">In file included from /home/ec2-user/arduino-testlib/cli-datadir/data/packages/arduino/hardware/mbed_nano/2.7.2/cores/arduino/mbed/targets/TARGET_RASPBERRYPI/TARGET_RP2040/pico-sdk/rp2_common/hardware_adc/include/hardware/adc.h:12:0,
                 from /home/ec2-user/arduino-testlib/cli-datadir/data/packages/arduino/hardware/mbed_nano/2.7.2/cores/arduino/mbed/targets/TARGET_RASPBERRYPI/TARGET_RP2040/objects.h:37,
                 from /home/ec2-user/arduino-testlib/cli-datadir/data/packages/arduino/hardware/mbed_nano/2.7.2/cores/arduino/mbed/targets/TARGET_RASPBERRYPI/TARGET_RP2040/device.h:35,
                 from /home/ec2-user/arduino-testlib/cli-datadir/data/packages/arduino/hardware/mbed_nano/2.7.2/cores/arduino/mbed/platform/include/platform/platform.h:28,
                 from /home/ec2-user/arduino-testlib/cli-datadir/data/packages/arduino/hardware/mbed_nano/2.7.2/cores/arduino/mbed/platform/include/platform/FileHandle.h:25,
                 from /home/ec2-user/arduino-testlib/cli-datadir/data/packages/arduino/hardware/mbed_nano/2.7.2/cores/arduino/macros.h:41,
                 from /home/ec2-user/arduino-testlib/cli-datadir/data/packages/arduino/hardware/mbed_nano/2.7.2/variants/NANO_RP2040_CONNECT/pins_arduino.h:2,
                 from /home/ec2-user/arduino-testlib/cli-datadir/data/packages/arduino/hardware/mbed_nano/2.7.2/cores/arduino/Arduino.h:76,
                 from /tmp/arduino-sketch-650F1B83636711E60DA8443D0737C3D8/sketch/test.ino.cpp:1:
/home/ec2-user/arduino-testlib/cli-datadir/data/packages/arduino/hardware/mbed_nano/2.7.2/cores/arduino/mbed/targets/TARGET_RASPBERRYPI/TARGET_RP2040/pico-sdk/rp2_common/hardware_gpio/include/hardware/gpio.h:103:17: error: expected identifier before numeric constant
 #define GPIO_IN 0
                 ^
/home/ec2-user/arduino-testlib/cli-datadir/user/libraries/MAX1464_Arduino_library/src/lib/MAX1464_enums.h:323:5: note: in expansion of macro &#39;GPIO_IN&#39;
     GPIO_IN         = 0x0008,
     ^~~~~~~
/home/ec2-user/arduino-testlib/cli-datadir/data/packages/arduino/hardware/mbed_nano/2.7.2/cores/arduino/mbed/targets/TARGET_RASPBERRYPI/TARGET_RP2040/pico-sdk/rp2_common/hardware_gpio/include/hardware/gpio.h:103:17: error: expected &#39;}&#39; before numeric constant
 #define GPIO_IN 0
                 ^
/home/ec2-user/arduino-testlib/cli-datadir/user/libraries/MAX1464_Arduino_library/src/lib/MAX1464_enums.h:323:5: note: in expansion of macro &#39;GPIO_IN&#39;
     GPIO_IN         = 0x0008,
     ^~~~~~~
/home/ec2-user/arduino-testlib/cli-datadir/data/packages/arduino/hardware/mbed_nano/2.7.2/cores/arduino/mbed/targets/TARGET_RASPBERRYPI/TARGET_RP2040/pico-sdk/rp2_common/hardware_gpio/include/hardware/gpio.h:103:17: error: expected unqualified-id before numeric constant
 #define GPIO_IN 0
                 ^
/home/ec2-user/arduino-testlib/cli-datadir/user/libraries/MAX1464_Arduino_library/src/lib/MAX1464_enums.h:323:5: note: in expansion of macro &#39;GPIO_IN&#39;
     GPIO_IN         = 0x0008,
     ^~~~~~~
In file included from /home/ec2-user/arduino-testlib/cli-datadir/user/libraries/MAX1464_Arduino_library/src/lib/AbstractMAX1464.h:23:0,
                 from /home/ec2-user/arduino-testlib/cli-datadir/user/libraries/MAX1464_Arduino_library/src/MAX1464.h:26,
                 from /tmp/arduino-testlib169522565/test/test.ino:1:
/home/ec2-user/arduino-testlib/cli-datadir/user/libraries/MAX1464_Arduino_library/src/lib/MAX1464_enums.h:439:1: error: expected declaration before &#39;}&#39; token
 }  // namespace
 ^

</pre>

					
					<h4>examples/MAX1464-Arduino-library</h4>
					<p>
						Result: <b>FAIL</b>
					</p>
					<pre class="pre-scrollable">In file included from /home/ec2-user/arduino-testlib/cli-datadir/data/packages/arduino/hardware/mbed_nano/2.7.2/cores/arduino/mbed/targets/TARGET_RASPBERRYPI/TARGET_RP2040/pico-sdk/rp2_common/hardware_adc/include/hardware/adc.h:12:0,
                 from /home/ec2-user/arduino-testlib/cli-datadir/data/packages/arduino/hardware/mbed_nano/2.7.2/cores/arduino/mbed/targets/TARGET_RASPBERRYPI/TARGET_RP2040/objects.h:37,
                 from /home/ec2-user/arduino-testlib/cli-datadir/data/packages/arduino/hardware/mbed_nano/2.7.2/cores/arduino/mbed/targets/TARGET_RASPBERRYPI/TARGET_RP2040/device.h:35,
                 from /home/ec2-user/arduino-testlib/cli-datadir/data/packages/arduino/hardware/mbed_nano/2.7.2/cores/arduino/mbed/platform/include/platform/platform.h:28,
                 from /home/ec2-user/arduino-testlib/cli-datadir/data/packages/arduino/hardware/mbed_nano/2.7.2/cores/arduino/mbed/platform/include/platform/FileHandle.h:25,
                 from /home/ec2-user/arduino-testlib/cli-datadir/data/packages/arduino/hardware/mbed_nano/2.7.2/cores/arduino/macros.h:41,
                 from /home/ec2-user/arduino-testlib/cli-datadir/data/packages/arduino/hardware/mbed_nano/2.7.2/variants/NANO_RP2040_CONNECT/pins_arduino.h:2,
                 from /home/ec2-user/arduino-testlib/cli-datadir/data/packages/arduino/hardware/mbed_nano/2.7.2/cores/arduino/Arduino.h:76,
                 from /tmp/arduino-sketch-B3BFF2D905D311594075C9E08B14387B/sketch/MAX1464-Arduino-library.ino.cpp:1:
/home/ec2-user/arduino-testlib/cli-datadir/data/packages/arduino/hardware/mbed_nano/2.7.2/cores/arduino/mbed/targets/TARGET_RASPBERRYPI/TARGET_RP2040/pico-sdk/rp2_common/hardware_gpio/include/hardware/gpio.h:103:17: error: expected identifier before numeric constant
 #define GPIO_IN 0
                 ^
/home/ec2-user/arduino-testlib/cli-datadir/user/libraries/MAX1464_Arduino_library/src/lib/MAX1464_enums.h:323:5: note: in expansion of macro &#39;GPIO_IN&#39;
     GPIO_IN         = 0x0008,
     ^~~~~~~
/home/ec2-user/arduino-testlib/cli-datadir/data/packages/arduino/hardware/mbed_nano/2.7.2/cores/arduino/mbed/targets/TARGET_RASPBERRYPI/TARGET_RP2040/pico-sdk/rp2_common/hardware_gpio/include/hardware/gpio.h:103:17: error: expected &#39;}&#39; before numeric constant
 #define GPIO_IN 0
                 ^
/home/ec2-user/arduino-testlib/cli-datadir/user/libraries/MAX1464_Arduino_library/src/lib/MAX1464_enums.h:323:5: note: in expansion of macro &#39;GPIO_IN&#39;
     GPIO_IN         = 0x0008,
     ^~~~~~~
/home/ec2-user/arduino-testlib/cli-datadir/data/packages/arduino/hardware/mbed_nano/2.7.2/cores/arduino/mbed/targets/TARGET_RASPBERRYPI/TARGET_RP2040/pico-sdk/rp2_common/hardware_gpio/include/hardware/gpio.h:103:17: error: expected unqualified-id before numeric constant
 #define GPIO_IN 0
                 ^
/home/ec2-user/arduino-testlib/cli-datadir/user/libraries/MAX1464_Arduino_library/src/lib/MAX1464_enums.h:323:5: note: in expansion of macro &#39;GPIO_IN&#39;
     GPIO_IN         = 0x0008,
     ^~~~~~~
In file included from /home/ec2-user/arduino-testlib/cli-datadir/user/libraries/MAX1464_Arduino_library/src/lib/AbstractMAX1464.h:23:0,
                 from /home/ec2-user/arduino-testlib/cli-datadir/user/libraries/MAX1464_Arduino_library/src/MAX1464.h:26,
                 from /home/ec2-user/arduino-testlib/cli-datadir/user/libraries/MAX1464_Arduino_library/examples/MAX1464-Arduino-library/MAX1464-Arduino-library.ino:41:
/home/ec2-user/arduino-testlib/cli-datadir/user/libraries/MAX1464_Arduino_library/src/lib/MAX1464_enums.h:439:1: error: expected declaration before &#39;}&#39; token
 }  // namespace
 ^

</pre>
					
				
				<h3 id="arduino:megaavr:nona4809">arduino:megaavr:nona4809 @ 1.8.7</h3>
				<h4>Inclusion</h4>
				<p>
					Result: <b>PASS</b>
					
				</p>
				<pre class="pre-scrollable">Sketch uses 4942 bytes (10%) of program storage space. Maximum is 49152 bytes.
Global variables use 195 bytes (3%) of dynamic memory, leaving 5949 bytes for local variables. Maximum is 6144 bytes.
</pre>

					
					<h4>examples/MAX1464-Arduino-library</h4>
					<p>
						Result: <b>PASS</b>
					</p>
					<pre class="pre-scrollable">Sketch uses 10415 bytes (21%) of program storage space. Maximum is 49152 bytes.
Global variables use 291 bytes (4%) of dynamic memory, leaving 5853 bytes for local variables. Maximum is 6144 bytes.
</pre>
					
				
				<h3 id="arduino:samd:mkrwifi1010">arduino:samd:mkrwifi1010 @ 1.8.12</h3>
				<h4>Inclusion</h4>
				<p>
					Result: <b>PASS</b>
					
				</p>
				<pre class="pre-scrollable">Sketch uses 13332 bytes (5%) of program storage space. Maximum is 262144 bytes.
Global variables use 3068 bytes (9%) of dynamic memory, leaving 29700 bytes for local variables. Maximum is 32768 bytes.
</pre>

					
					<h4>examples/MAX1464-Arduino-library</h4>
					<p>
						Result: <b>PASS</b>
					</p>
					<pre class="pre-scrollable">Sketch uses 18980 bytes (7%) of program storage space. Maximum is 262144 bytes.
Global variables use 3480 bytes (10%) of dynamic memory, leaving 29288 bytes for local variables. Maximum is 32768 bytes.
</pre>
					
				
				<h3 id="esp32:esp32:d1_mini32">esp32:esp32:d1_mini32 @ 1.0.6</h3>
				<h4>Inclusion</h4>
				<p>
					Result: <b>PASS</b>
					
				</p>
				<pre class="pre-scrollable">Sketch uses 201910 bytes (15%) of program storage space. Maximum is 1310720 bytes.
Global variables use 13240 bytes (4%) of dynamic memory, leaving 314440 bytes for local variables. Maximum is 327680 bytes.
</pre>

					
					<h4>examples/MAX1464-Arduino-library</h4>
					<p>
						Result: <b>PASS</b>
					</p>
					<pre class="pre-scrollable">Sketch uses 214014 bytes (16%) of program storage space. Maximum is 1310720 bytes.
Global variables use 13568 bytes (4%) of dynamic memory, leaving 314112 bytes for local variables. Maximum is 327680 bytes.
</pre>
					
				
			</div>
		</div>
	</div>
  </body>
</html>
