
<!doctype html>
<html lang="en">
  <head>
    <meta charset="utf-8">
    <meta name="viewport" content="width=device-width, initial-scale=1">
    <link href="https://cdn.jsdelivr.net/npm/bootstrap@5.0.2/dist/css/bootstrap.min.css" rel="stylesheet" integrity="sha384-EVSTQN3/azprG1Anm3QDgpJLIm9Nao0Yz1ztcQTwFspd3yD65VohhpuuCOmLASjC" crossorigin="anonymous">
    <title>arduino-testlib report</title>
	<style>
	.pass { background-color: #00FF00 !important; }
	.fail { background-color: #FF0000 !important; }
	</style>
  </head>
  <body>
	<div class="container">
		<div class="row">
			<div class="col">
				<h1>Max31328RTC - compatibility matrix</h1>
				<p>
					<small>This report was generated on Monday, 21-Feb-22 12:00:25 CET using 
					<a href="https://github.com/alranel/arduino-testlib">arduino-testlib</a>.</small>
				</p>

				<h2>Max31328RTC</h2>
				<p>
					Version: <b>1.0.1</b>
					<br />
					<a href="https://www.arduino.cc/reference/en/libraries/max31328rtc/">More details</a>
				</p>

				<h2>Compatibility matrix</h2>
				<table class="table table-bordered">
					<tr>
						<th>Board</th>
						<th>Claims compatibility</th>
						<th>Inclusion</th>
						
						<th><pre>Max31328_Alarm</pre></th>
						
						<th><pre>Max31328_Time</pre></th>
						
					</tr>
					
					<tr>
						<td>
							<a href="#arduino%3aavr%3auno"><b>arduino:avr:uno</b></a>
							<br />
							<small>1.8.4</small>
						</td>

						
							<td>Yes</td>
							<td class="pass">PASS</td>
						
						
						
						

						
							
								
									
										
											<td class="pass">PASS</td>
											
										
									
										
									
								
							
								
							
								
							
								
							
								
							
						
							
								
									
										
									
										
											<td class="pass">PASS</td>
											
										
									
								
							
								
							
								
							
								
							
								
							
						
					</tr>
					
					<tr>
						<td>
							<a href="#arduino%3ambed_nano%3ananorp2040connect"><b>arduino:mbed_nano:nanorp2040connect</b></a>
							<br />
							<small>2.7.2</small>
						</td>

						
							<td>Yes</td>
							<td class="pass">PASS</td>
						
						
						
						

						
							
								
							
								
									
										
											
											<td class="fail">FAIL</td>
										
									
										
									
								
							
								
							
								
							
								
							
						
							
								
							
								
									
										
									
										
											<td class="pass">PASS</td>
											
										
									
								
							
								
							
								
							
								
							
						
					</tr>
					
					<tr>
						<td>
							<a href="#arduino%3amegaavr%3anona4809"><b>arduino:megaavr:nona4809</b></a>
							<br />
							<small>1.8.7</small>
						</td>

						
							<td>Yes</td>
							<td class="pass">PASS</td>
						
						
						
						

						
							
								
							
								
							
								
									
										
											<td class="pass">PASS</td>
											
										
									
										
									
								
							
								
							
								
							
						
							
								
							
								
							
								
									
										
									
										
											<td class="pass">PASS</td>
											
										
									
								
							
								
							
								
							
						
					</tr>
					
					<tr>
						<td>
							<a href="#arduino%3asamd%3amkrwifi1010"><b>arduino:samd:mkrwifi1010</b></a>
							<br />
							<small>1.8.12</small>
						</td>

						
							<td>Yes</td>
							<td class="pass">PASS</td>
						
						
						
						

						
							
								
							
								
							
								
							
								
									
										
											
											<td class="fail">FAIL</td>
										
									
										
									
								
							
								
							
						
							
								
							
								
							
								
							
								
									
										
									
										
											<td class="pass">PASS</td>
											
										
									
								
							
								
							
						
					</tr>
					
					<tr>
						<td>
							<a href="#esp32%3aesp32%3ad1_mini32"><b>esp32:esp32:d1_mini32</b></a>
							<br />
							<small>1.0.6</small>
						</td>

						
						
						
							<td>Yes ⚠️</td>
							<td class="fail">FAIL</td>
						
						

						
							
								
							
								
							
								
							
								
							
								
									
										
											
											<td class="fail">FAIL</td>
										
									
										
									
								
							
						
							
								
							
								
							
								
							
								
							
								
									
										
									
										
											
											<td class="fail">FAIL</td>
										
									
								
							
						
					</tr>
					
				</table>

				<h2>Compilation logs</h2>
				
				<h3 id="arduino:avr:uno">arduino:avr:uno @ 1.8.4</h3>
				<h4>Inclusion</h4>
				<p>
					Result: <b>PASS</b>
					
				</p>
				<pre class="pre-scrollable">Sketch uses 2522 bytes (7%) of program storage space. Maximum is 32256 bytes.
Global variables use 297 bytes (14%) of dynamic memory, leaving 1751 bytes for local variables. Maximum is 2048 bytes.
</pre>

					
					<h4>examples/Max31328_Alarm</h4>
					<p>
						Result: <b>PASS</b>
					</p>
					<pre class="pre-scrollable">Sketch uses 5394 bytes (16%) of program storage space. Maximum is 32256 bytes.
Global variables use 635 bytes (31%) of dynamic memory, leaving 1413 bytes for local variables. Maximum is 2048 bytes.
</pre>
					
					<h4>examples/Max31328_Time</h4>
					<p>
						Result: <b>PASS</b>
					</p>
					<pre class="pre-scrollable">Sketch uses 4988 bytes (15%) of program storage space. Maximum is 32256 bytes.
Global variables use 526 bytes (25%) of dynamic memory, leaving 1522 bytes for local variables. Maximum is 2048 bytes.
</pre>
					
				
				<h3 id="arduino:mbed_nano:nanorp2040connect">arduino:mbed_nano:nanorp2040connect @ 2.7.2</h3>
				<h4>Inclusion</h4>
				<p>
					Result: <b>PASS</b>
					
				</p>
				<pre class="pre-scrollable">Sketch uses 81706 bytes (0%) of program storage space. Maximum is 16777216 bytes.
Global variables use 44220 bytes (16%) of dynamic memory, leaving 226116 bytes for local variables. Maximum is 270336 bytes.
</pre>

					
					<h4>examples/Max31328_Alarm</h4>
					<p>
						Result: <b>FAIL</b>
					</p>
					<pre class="pre-scrollable">/home/ec2-user/arduino-testlib/cli-datadir/user/libraries/Max31328RTC/examples/Max31328_Alarm/Max31328_Alarm.ino:7:14: error: &#39;PIN2&#39; was not declared in this scope
 int pinINT = PIN2;
              ^~~~
/home/ec2-user/arduino-testlib/cli-datadir/user/libraries/Max31328RTC/examples/Max31328_Alarm/Max31328_Alarm.ino:7:14: note: suggested alternative: &#39;SING&#39;
 int pinINT = PIN2;
              ^~~~
              SING

</pre>
					
					<h4>examples/Max31328_Time</h4>
					<p>
						Result: <b>PASS</b>
					</p>
					<pre class="pre-scrollable">Sketch uses 82498 bytes (0%) of program storage space. Maximum is 16777216 bytes.
Global variables use 44240 bytes (16%) of dynamic memory, leaving 226096 bytes for local variables. Maximum is 270336 bytes.
</pre>
					
				
				<h3 id="arduino:megaavr:nona4809">arduino:megaavr:nona4809 @ 1.8.7</h3>
				<h4>Inclusion</h4>
				<p>
					Result: <b>PASS</b>
					
				</p>
				<pre class="pre-scrollable">Sketch uses 4640 bytes (9%) of program storage space. Maximum is 49152 bytes.
Global variables use 472 bytes (7%) of dynamic memory, leaving 5672 bytes for local variables. Maximum is 6144 bytes.
</pre>

					
					<h4>examples/Max31328_Alarm</h4>
					<p>
						Result: <b>PASS</b>
					</p>
					<pre class="pre-scrollable">Sketch uses 6619 bytes (13%) of program storage space. Maximum is 49152 bytes.
Global variables use 681 bytes (11%) of dynamic memory, leaving 5463 bytes for local variables. Maximum is 6144 bytes.
</pre>
					
					<h4>examples/Max31328_Time</h4>
					<p>
						Result: <b>PASS</b>
					</p>
					<pre class="pre-scrollable">Sketch uses 5839 bytes (11%) of program storage space. Maximum is 49152 bytes.
Global variables use 500 bytes (8%) of dynamic memory, leaving 5644 bytes for local variables. Maximum is 6144 bytes.
</pre>
					
				
				<h3 id="arduino:samd:mkrwifi1010">arduino:samd:mkrwifi1010 @ 1.8.12</h3>
				<h4>Inclusion</h4>
				<p>
					Result: <b>PASS</b>
					
				</p>
				<pre class="pre-scrollable">Sketch uses 13680 bytes (5%) of program storage space. Maximum is 262144 bytes.
Global variables use 3568 bytes (10%) of dynamic memory, leaving 29200 bytes for local variables. Maximum is 32768 bytes.
</pre>

					
					<h4>examples/Max31328_Alarm</h4>
					<p>
						Result: <b>FAIL</b>
					</p>
					<pre class="pre-scrollable">/home/ec2-user/arduino-testlib/cli-datadir/user/libraries/Max31328RTC/examples/Max31328_Alarm/Max31328_Alarm.ino:7:14: error: &#39;PIN2&#39; was not declared in this scope
 int pinINT = PIN2;
              ^~~~
/home/ec2-user/arduino-testlib/cli-datadir/user/libraries/Max31328RTC/examples/Max31328_Alarm/Max31328_Alarm.ino:7:14: note: suggested alternative: &#39;SING&#39;
 int pinINT = PIN2;
              ^~~~
              SING

</pre>
					
					<h4>examples/Max31328_Time</h4>
					<p>
						Result: <b>PASS</b>
					</p>
					<pre class="pre-scrollable">Sketch uses 14752 bytes (5%) of program storage space. Maximum is 262144 bytes.
Global variables use 3584 bytes (10%) of dynamic memory, leaving 29184 bytes for local variables. Maximum is 32768 bytes.
</pre>
					
				
				<h3 id="esp32:esp32:d1_mini32">esp32:esp32:d1_mini32 @ 1.0.6</h3>
				<h4>Inclusion</h4>
				<p>
					Result: <b>FAIL</b>
					
				</p>
				<pre class="pre-scrollable">/home/ec2-user/arduino-testlib/cli-datadir/user/libraries/Max31328RTC/src/max31328.cpp: In member function &#39;int Max31328::write(int, const char*, int)&#39;:
/home/ec2-user/arduino-testlib/cli-datadir/user/libraries/Max31328RTC/src/max31328.cpp:72:25: error: invalid conversion from &#39;const char*&#39; to &#39;const uint8_t* {aka const unsigned char*}&#39; [-fpermissive]
   i2c-&gt;write(data,length);
                         ^
In file included from /home/ec2-user/arduino-testlib/cli-datadir/user/libraries/Max31328RTC/src/max31328.h:40:0,
                 from /home/ec2-user/arduino-testlib/cli-datadir/user/libraries/Max31328RTC/src/max31328.cpp:35:
/home/ec2-user/arduino-testlib/cli-datadir/data/packages/esp32/hardware/esp32/1.0.6/libraries/Wire/src/Wire.h:106:12: note:   initializing argument 1 of &#39;virtual size_t TwoWire::write(const uint8_t*, size_t)&#39;
     size_t write(const uint8_t *, size_t);
            ^

</pre>

					
					<h4>examples/Max31328_Alarm</h4>
					<p>
						Result: <b>FAIL</b>
					</p>
					<pre class="pre-scrollable">/home/ec2-user/arduino-testlib/cli-datadir/user/libraries/Max31328RTC/examples/Max31328_Alarm/Max31328_Alarm.ino:7:14: error: &#39;PIN2&#39; was not declared in this scope
 int pinINT = PIN2;
              ^

</pre>
					
					<h4>examples/Max31328_Time</h4>
					<p>
						Result: <b>FAIL</b>
					</p>
					<pre class="pre-scrollable">/home/ec2-user/arduino-testlib/cli-datadir/user/libraries/Max31328RTC/src/max31328.cpp: In member function &#39;int Max31328::write(int, const char*, int)&#39;:
/home/ec2-user/arduino-testlib/cli-datadir/user/libraries/Max31328RTC/src/max31328.cpp:72:25: error: invalid conversion from &#39;const char*&#39; to &#39;const uint8_t* {aka const unsigned char*}&#39; [-fpermissive]
   i2c-&gt;write(data,length);
                         ^
In file included from /home/ec2-user/arduino-testlib/cli-datadir/user/libraries/Max31328RTC/src/max31328.h:40:0,
                 from /home/ec2-user/arduino-testlib/cli-datadir/user/libraries/Max31328RTC/src/max31328.cpp:35:
/home/ec2-user/arduino-testlib/cli-datadir/data/packages/esp32/hardware/esp32/1.0.6/libraries/Wire/src/Wire.h:106:12: note:   initializing argument 1 of &#39;virtual size_t TwoWire::write(const uint8_t*, size_t)&#39;
     size_t write(const uint8_t *, size_t);
            ^

</pre>
					
				
			</div>
		</div>
	</div>
  </body>
</html>
