
<!doctype html>
<html lang="en">
  <head>
    <meta charset="utf-8">
    <meta name="viewport" content="width=device-width, initial-scale=1">
    <link href="https://cdn.jsdelivr.net/npm/bootstrap@5.0.2/dist/css/bootstrap.min.css" rel="stylesheet" integrity="sha384-EVSTQN3/azprG1Anm3QDgpJLIm9Nao0Yz1ztcQTwFspd3yD65VohhpuuCOmLASjC" crossorigin="anonymous">
    <title>arduino-testlib report</title>
	<style>
	.pass { background-color: #00FF00 !important; }
	.fail { background-color: #FF0000 !important; }
	</style>
  </head>
  <body>
	<div class="container">
		<div class="row">
			<div class="col">
				<h1>MCP23017_RT - compatibility matrix</h1>
				<p>
					<small>This report was generated on Monday, 21-Feb-22 12:00:25 CET using 
					<a href="https://github.com/alranel/arduino-testlib">arduino-testlib</a>.</small>
				</p>

				<h2>MCP23017_RT</h2>
				<p>
					Version: <b>0.2.6</b>
					<br />
					<a href="https://www.arduino.cc/reference/en/libraries/mcp23017_rt/">More details</a>
				</p>

				<h2>Compatibility matrix</h2>
				<table class="table table-bordered">
					<tr>
						<th>Board</th>
						<th>Claims compatibility</th>
						<th>Inclusion</th>
						
						<th><pre>MCP23017_digitalRead</pre></th>
						
						<th><pre>MCP23017_digitalWrite</pre></th>
						
						<th><pre>MCP23017_performance</pre></th>
						
					</tr>
					
					<tr>
						<td>
							<a href="#arduino%3aavr%3auno"><b>arduino:avr:uno</b></a>
							<br />
							<small>1.8.4</small>
						</td>

						
							<td>Yes</td>
							<td class="pass">PASS</td>
						
						
						
						

						
							
								
									
										
											
											<td class="fail">FAIL</td>
										
									
										
									
										
									
								
							
								
							
								
							
								
							
								
							
						
							
								
									
										
									
										
											
											<td class="fail">FAIL</td>
										
									
										
									
								
							
								
							
								
							
								
							
								
							
						
							
								
									
										
									
										
									
										
											
											<td class="fail">FAIL</td>
										
									
								
							
								
							
								
							
								
							
								
							
						
					</tr>
					
					<tr>
						<td>
							<a href="#arduino%3ambed_nano%3ananorp2040connect"><b>arduino:mbed_nano:nanorp2040connect</b></a>
							<br />
							<small>2.7.2</small>
						</td>

						
							<td>Yes</td>
							<td class="pass">PASS</td>
						
						
						
						

						
							
								
							
								
									
										
											
											<td class="fail">FAIL</td>
										
									
										
									
										
									
								
							
								
							
								
							
								
							
						
							
								
							
								
									
										
									
										
											
											<td class="fail">FAIL</td>
										
									
										
									
								
							
								
							
								
							
								
							
						
							
								
							
								
									
										
									
										
									
										
											
											<td class="fail">FAIL</td>
										
									
								
							
								
							
								
							
								
							
						
					</tr>
					
					<tr>
						<td>
							<a href="#arduino%3amegaavr%3anona4809"><b>arduino:megaavr:nona4809</b></a>
							<br />
							<small>1.8.7</small>
						</td>

						
							<td>Yes</td>
							<td class="pass">PASS</td>
						
						
						
						

						
							
								
							
								
							
								
									
										
											
											<td class="fail">FAIL</td>
										
									
										
									
										
									
								
							
								
							
								
							
						
							
								
							
								
							
								
									
										
									
										
											
											<td class="fail">FAIL</td>
										
									
										
									
								
							
								
							
								
							
						
							
								
							
								
							
								
									
										
									
										
									
										
											
											<td class="fail">FAIL</td>
										
									
								
							
								
							
								
							
						
					</tr>
					
					<tr>
						<td>
							<a href="#arduino%3asamd%3amkrwifi1010"><b>arduino:samd:mkrwifi1010</b></a>
							<br />
							<small>1.8.12</small>
						</td>

						
							<td>Yes</td>
							<td class="pass">PASS</td>
						
						
						
						

						
							
								
							
								
							
								
							
								
									
										
											
											<td class="fail">FAIL</td>
										
									
										
									
										
									
								
							
								
							
						
							
								
							
								
							
								
							
								
									
										
									
										
											
											<td class="fail">FAIL</td>
										
									
										
									
								
							
								
							
						
							
								
							
								
							
								
							
								
									
										
									
										
									
										
											
											<td class="fail">FAIL</td>
										
									
								
							
								
							
						
					</tr>
					
					<tr>
						<td>
							<a href="#esp32%3aesp32%3ad1_mini32"><b>esp32:esp32:d1_mini32</b></a>
							<br />
							<small>1.0.6</small>
						</td>

						
							<td>Yes</td>
							<td class="pass">PASS</td>
						
						
						
						

						
							
								
							
								
							
								
							
								
							
								
									
										
											
											<td class="fail">FAIL</td>
										
									
										
									
										
									
								
							
						
							
								
							
								
							
								
							
								
							
								
									
										
									
										
											
											<td class="fail">FAIL</td>
										
									
										
									
								
							
						
							
								
							
								
							
								
							
								
							
								
									
										
									
										
									
										
											
											<td class="fail">FAIL</td>
										
									
								
							
						
					</tr>
					
				</table>

				<h2>Compilation logs</h2>
				
				<h3 id="arduino:avr:uno">arduino:avr:uno @ 1.8.4</h3>
				<h4>Inclusion</h4>
				<p>
					Result: <b>PASS</b>
					
					<br />This library has no main header file so an empty one was created.
					
				</p>
				<pre class="pre-scrollable">Sketch uses 1636 bytes (5%) of program storage space. Maximum is 32256 bytes.
Global variables use 122 bytes (5%) of dynamic memory, leaving 1926 bytes for local variables. Maximum is 2048 bytes.
</pre>

					
					<h4>examples/MCP23017_digitalRead</h4>
					<p>
						Result: <b>FAIL</b>
					</p>
					<pre class="pre-scrollable">/home/ec2-user/arduino-testlib/cli-datadir/user/libraries/MCP23017_RT/examples/MCP23017_digitalRead/MCP23017_digitalRead.ino: In function &#39;void setup()&#39;:
/home/ec2-user/arduino-testlib/cli-datadir/user/libraries/MCP23017_RT/examples/MCP23017_digitalRead/MCP23017_digitalRead.ino:18:18: error: &#39;MCP23017_LIB_VERSION&#39; was not declared in this scope
   Serial.println(MCP23017_LIB_VERSION);
                  ^~~~~~~~~~~~~~~~~~~~
/home/ec2-user/arduino-testlib/cli-datadir/user/libraries/MCP23017_RT/examples/MCP23017_digitalRead/MCP23017_digitalRead.ino:21:7: error: &#39;class MCP23017&#39; has no member named &#39;begin&#39;
   MCP.begin();
       ^~~~~
/home/ec2-user/arduino-testlib/cli-datadir/user/libraries/MCP23017_RT/examples/MCP23017_digitalRead/MCP23017_digitalRead.ino:23:7: error: &#39;class MCP23017&#39; has no member named &#39;pinMode8&#39;; did you mean &#39;pinMode&#39;?
   MCP.pinMode8(0, 0x00);   // CHECK
       ^~~~~~~~
       pinMode
/home/ec2-user/arduino-testlib/cli-datadir/user/libraries/MCP23017_RT/examples/MCP23017_digitalRead/MCP23017_digitalRead.ino:24:7: error: &#39;class MCP23017&#39; has no member named &#39;pinMode8&#39;; did you mean &#39;pinMode&#39;?
   MCP.pinMode8(1, 0x00);
       ^~~~~~~~
       pinMode
Multiple libraries were found for &#34;MCP23017.h&#34;
  Used: /home/ec2-user/arduino-testlib/cli-datadir/user/libraries/MCP23017
  Not used: /home/ec2-user/arduino-testlib/cli-datadir/user/libraries/MCP23017_RT
  Not used: /home/ec2-user/arduino-testlib/cli-datadir/user/libraries/MCP23017_WE
</pre>
					
					<h4>examples/MCP23017_digitalWrite</h4>
					<p>
						Result: <b>FAIL</b>
					</p>
					<pre class="pre-scrollable">/home/ec2-user/arduino-testlib/cli-datadir/user/libraries/MCP23017_RT/examples/MCP23017_digitalWrite/MCP23017_digitalWrite.ino: In function &#39;void setup()&#39;:
/home/ec2-user/arduino-testlib/cli-datadir/user/libraries/MCP23017_RT/examples/MCP23017_digitalWrite/MCP23017_digitalWrite.ino:19:18: error: &#39;MCP23017_LIB_VERSION&#39; was not declared in this scope
   Serial.println(MCP23017_LIB_VERSION);
                  ^~~~~~~~~~~~~~~~~~~~
/home/ec2-user/arduino-testlib/cli-datadir/user/libraries/MCP23017_RT/examples/MCP23017_digitalWrite/MCP23017_digitalWrite.ino:23:7: error: &#39;class MCP23017&#39; has no member named &#39;begin&#39;
   MCP.begin();
       ^~~~~
/home/ec2-user/arduino-testlib/cli-datadir/user/libraries/MCP23017_RT/examples/MCP23017_digitalWrite/MCP23017_digitalWrite.ino:25:7: error: &#39;class MCP23017&#39; has no member named &#39;pinMode8&#39;; did you mean &#39;pinMode&#39;?
   MCP.pinMode8(0, 0x00);  // 0 = output , 1 = input
       ^~~~~~~~
       pinMode
/home/ec2-user/arduino-testlib/cli-datadir/user/libraries/MCP23017_RT/examples/MCP23017_digitalWrite/MCP23017_digitalWrite.ino:26:7: error: &#39;class MCP23017&#39; has no member named &#39;pinMode8&#39;; did you mean &#39;pinMode&#39;?
   MCP.pinMode8(1, 0x00);
       ^~~~~~~~
       pinMode
Multiple libraries were found for &#34;MCP23017.h&#34;
  Used: /home/ec2-user/arduino-testlib/cli-datadir/user/libraries/MCP23017
  Not used: /home/ec2-user/arduino-testlib/cli-datadir/user/libraries/MCP23017_WE
  Not used: /home/ec2-user/arduino-testlib/cli-datadir/user/libraries/MCP23017_RT
</pre>
					
					<h4>examples/MCP23017_performance</h4>
					<p>
						Result: <b>FAIL</b>
					</p>
					<pre class="pre-scrollable">/home/ec2-user/arduino-testlib/cli-datadir/user/libraries/MCP23017_RT/examples/MCP23017_performance/MCP23017_performance.ino: In function &#39;void setup()&#39;:
/home/ec2-user/arduino-testlib/cli-datadir/user/libraries/MCP23017_RT/examples/MCP23017_performance/MCP23017_performance.ino:22:18: error: &#39;MCP23017_LIB_VERSION&#39; was not declared in this scope
   Serial.println(MCP23017_LIB_VERSION);
                  ^~~~~~~~~~~~~~~~~~~~
/home/ec2-user/arduino-testlib/cli-datadir/user/libraries/MCP23017_RT/examples/MCP23017_performance/MCP23017_performance.ino:27:16: error: &#39;class MCP23017&#39; has no member named &#39;begin&#39;
   bool b = MCP.begin();
                ^~~~~
/home/ec2-user/arduino-testlib/cli-datadir/user/libraries/MCP23017_RT/examples/MCP23017_performance/MCP23017_performance.ino:29:7: error: &#39;class MCP23017&#39; has no member named &#39;pinMode8&#39;; did you mean &#39;pinMode&#39;?
   MCP.pinMode8(0, 0x00);  // 0 = output , 1 = input
       ^~~~~~~~
       pinMode
/home/ec2-user/arduino-testlib/cli-datadir/user/libraries/MCP23017_RT/examples/MCP23017_performance/MCP23017_performance.ino:30:7: error: &#39;class MCP23017&#39; has no member named &#39;pinMode8&#39;; did you mean &#39;pinMode&#39;?
   MCP.pinMode8(1, 0x00);
       ^~~~~~~~
       pinMode
/home/ec2-user/arduino-testlib/cli-datadir/user/libraries/MCP23017_RT/examples/MCP23017_performance/MCP23017_performance.ino:77:7: error: &#39;class MCP23017&#39; has no member named &#39;write8&#39;; did you mean &#39;write&#39;?
   MCP.write8(0, 0xAA); // alternating HIGH/LOW
       ^~~~~~
       write
/home/ec2-user/arduino-testlib/cli-datadir/user/libraries/MCP23017_RT/examples/MCP23017_performance/MCP23017_performance.ino:78:7: error: &#39;class MCP23017&#39; has no member named &#39;write8&#39;; did you mean &#39;write&#39;?
   MCP.write8(1, 0xAA); // alternating HIGH/LOW
       ^~~~~~
       write
/home/ec2-user/arduino-testlib/cli-datadir/user/libraries/MCP23017_RT/examples/MCP23017_performance/MCP23017_performance.ino:86:27: error: &#39;class MCP23017&#39; has no member named &#39;read8&#39;; did you mean &#39;read&#39;?
   volatile int val8 = MCP.read8(0);
                           ^~~~~
                           read
/home/ec2-user/arduino-testlib/cli-datadir/user/libraries/MCP23017_RT/examples/MCP23017_performance/MCP23017_performance.ino:87:14: error: &#39;class MCP23017&#39; has no member named &#39;read8&#39;; did you mean &#39;read&#39;?
   val8 = MCP.read8(1);
              ^~~~~
              read
/home/ec2-user/arduino-testlib/cli-datadir/user/libraries/MCP23017_RT/examples/MCP23017_performance/MCP23017_performance.ino:100:7: error: &#39;class MCP23017&#39; has no member named &#39;write16&#39;; did you mean &#39;write&#39;?
   MCP.write16(0xAAAA); // alternating HIGH/LOW
       ^~~~~~~
       write
/home/ec2-user/arduino-testlib/cli-datadir/user/libraries/MCP23017_RT/examples/MCP23017_performance/MCP23017_performance.ino:108:33: error: &#39;class MCP23017&#39; has no member named &#39;read16&#39;; did you mean &#39;read&#39;?
   volatile uint16_t val16 = MCP.read16();
                                 ^~~~~~
                                 read
Multiple libraries were found for &#34;MCP23017.h&#34;
  Used: /home/ec2-user/arduino-testlib/cli-datadir/user/libraries/MCP23017
  Not used: /home/ec2-user/arduino-testlib/cli-datadir/user/libraries/MCP23017_RT
  Not used: /home/ec2-user/arduino-testlib/cli-datadir/user/libraries/MCP23017_WE
</pre>
					
				
				<h3 id="arduino:mbed_nano:nanorp2040connect">arduino:mbed_nano:nanorp2040connect @ 2.7.2</h3>
				<h4>Inclusion</h4>
				<p>
					Result: <b>PASS</b>
					
					<br />This library has no main header file so an empty one was created.
					
				</p>
				<pre class="pre-scrollable">Sketch uses 81706 bytes (0%) of program storage space. Maximum is 16777216 bytes.
Global variables use 44220 bytes (16%) of dynamic memory, leaving 226116 bytes for local variables. Maximum is 270336 bytes.
</pre>

					
					<h4>examples/MCP23017_digitalRead</h4>
					<p>
						Result: <b>FAIL</b>
					</p>
					<pre class="pre-scrollable">/home/ec2-user/arduino-testlib/cli-datadir/user/libraries/MCP23017_RT/examples/MCP23017_digitalRead/MCP23017_digitalRead.ino: In function &#39;void setup()&#39;:
/home/ec2-user/arduino-testlib/cli-datadir/user/libraries/MCP23017_RT/examples/MCP23017_digitalRead/MCP23017_digitalRead.ino:18:18: error: &#39;MCP23017_LIB_VERSION&#39; was not declared in this scope
   Serial.println(MCP23017_LIB_VERSION);
                  ^~~~~~~~~~~~~~~~~~~~
/home/ec2-user/arduino-testlib/cli-datadir/user/libraries/MCP23017_RT/examples/MCP23017_digitalRead/MCP23017_digitalRead.ino:18:18: note: suggested alternative: &#39;_LIB_VERSION&#39;
   Serial.println(MCP23017_LIB_VERSION);
                  ^~~~~~~~~~~~~~~~~~~~
                  _LIB_VERSION
/home/ec2-user/arduino-testlib/cli-datadir/user/libraries/MCP23017_RT/examples/MCP23017_digitalRead/MCP23017_digitalRead.ino:21:7: error: &#39;class MCP23017&#39; has no member named &#39;begin&#39;
   MCP.begin();
       ^~~~~
/home/ec2-user/arduino-testlib/cli-datadir/user/libraries/MCP23017_RT/examples/MCP23017_digitalRead/MCP23017_digitalRead.ino:23:7: error: &#39;class MCP23017&#39; has no member named &#39;pinMode8&#39;; did you mean &#39;pinMode&#39;?
   MCP.pinMode8(0, 0x00);   // CHECK
       ^~~~~~~~
       pinMode
/home/ec2-user/arduino-testlib/cli-datadir/user/libraries/MCP23017_RT/examples/MCP23017_digitalRead/MCP23017_digitalRead.ino:24:7: error: &#39;class MCP23017&#39; has no member named &#39;pinMode8&#39;; did you mean &#39;pinMode&#39;?
   MCP.pinMode8(1, 0x00);
       ^~~~~~~~
       pinMode
Multiple libraries were found for &#34;MCP23017.h&#34;
  Used: /home/ec2-user/arduino-testlib/cli-datadir/user/libraries/MCP23017
  Not used: /home/ec2-user/arduino-testlib/cli-datadir/user/libraries/MCP23017_RT
  Not used: /home/ec2-user/arduino-testlib/cli-datadir/user/libraries/MCP23017_WE
</pre>
					
					<h4>examples/MCP23017_digitalWrite</h4>
					<p>
						Result: <b>FAIL</b>
					</p>
					<pre class="pre-scrollable">/home/ec2-user/arduino-testlib/cli-datadir/user/libraries/MCP23017_RT/examples/MCP23017_digitalWrite/MCP23017_digitalWrite.ino: In function &#39;void setup()&#39;:
/home/ec2-user/arduino-testlib/cli-datadir/user/libraries/MCP23017_RT/examples/MCP23017_digitalWrite/MCP23017_digitalWrite.ino:19:18: error: &#39;MCP23017_LIB_VERSION&#39; was not declared in this scope
   Serial.println(MCP23017_LIB_VERSION);
                  ^~~~~~~~~~~~~~~~~~~~
/home/ec2-user/arduino-testlib/cli-datadir/user/libraries/MCP23017_RT/examples/MCP23017_digitalWrite/MCP23017_digitalWrite.ino:19:18: note: suggested alternative: &#39;_LIB_VERSION&#39;
   Serial.println(MCP23017_LIB_VERSION);
                  ^~~~~~~~~~~~~~~~~~~~
                  _LIB_VERSION
/home/ec2-user/arduino-testlib/cli-datadir/user/libraries/MCP23017_RT/examples/MCP23017_digitalWrite/MCP23017_digitalWrite.ino:23:7: error: &#39;class MCP23017&#39; has no member named &#39;begin&#39;
   MCP.begin();
       ^~~~~
/home/ec2-user/arduino-testlib/cli-datadir/user/libraries/MCP23017_RT/examples/MCP23017_digitalWrite/MCP23017_digitalWrite.ino:25:7: error: &#39;class MCP23017&#39; has no member named &#39;pinMode8&#39;; did you mean &#39;pinMode&#39;?
   MCP.pinMode8(0, 0x00);  // 0 = output , 1 = input
       ^~~~~~~~
       pinMode
/home/ec2-user/arduino-testlib/cli-datadir/user/libraries/MCP23017_RT/examples/MCP23017_digitalWrite/MCP23017_digitalWrite.ino:26:7: error: &#39;class MCP23017&#39; has no member named &#39;pinMode8&#39;; did you mean &#39;pinMode&#39;?
   MCP.pinMode8(1, 0x00);
       ^~~~~~~~
       pinMode
Multiple libraries were found for &#34;MCP23017.h&#34;
  Used: /home/ec2-user/arduino-testlib/cli-datadir/user/libraries/MCP23017
  Not used: /home/ec2-user/arduino-testlib/cli-datadir/user/libraries/MCP23017_RT
  Not used: /home/ec2-user/arduino-testlib/cli-datadir/user/libraries/MCP23017_WE
</pre>
					
					<h4>examples/MCP23017_performance</h4>
					<p>
						Result: <b>FAIL</b>
					</p>
					<pre class="pre-scrollable">/home/ec2-user/arduino-testlib/cli-datadir/user/libraries/MCP23017_RT/examples/MCP23017_performance/MCP23017_performance.ino: In function &#39;void setup()&#39;:
/home/ec2-user/arduino-testlib/cli-datadir/user/libraries/MCP23017_RT/examples/MCP23017_performance/MCP23017_performance.ino:22:18: error: &#39;MCP23017_LIB_VERSION&#39; was not declared in this scope
   Serial.println(MCP23017_LIB_VERSION);
                  ^~~~~~~~~~~~~~~~~~~~
/home/ec2-user/arduino-testlib/cli-datadir/user/libraries/MCP23017_RT/examples/MCP23017_performance/MCP23017_performance.ino:22:18: note: suggested alternative: &#39;_LIB_VERSION&#39;
   Serial.println(MCP23017_LIB_VERSION);
                  ^~~~~~~~~~~~~~~~~~~~
                  _LIB_VERSION
/home/ec2-user/arduino-testlib/cli-datadir/user/libraries/MCP23017_RT/examples/MCP23017_performance/MCP23017_performance.ino:27:16: error: &#39;class MCP23017&#39; has no member named &#39;begin&#39;
   bool b = MCP.begin();
                ^~~~~
/home/ec2-user/arduino-testlib/cli-datadir/user/libraries/MCP23017_RT/examples/MCP23017_performance/MCP23017_performance.ino:29:7: error: &#39;class MCP23017&#39; has no member named &#39;pinMode8&#39;; did you mean &#39;pinMode&#39;?
   MCP.pinMode8(0, 0x00);  // 0 = output , 1 = input
       ^~~~~~~~
       pinMode
/home/ec2-user/arduino-testlib/cli-datadir/user/libraries/MCP23017_RT/examples/MCP23017_performance/MCP23017_performance.ino:30:7: error: &#39;class MCP23017&#39; has no member named &#39;pinMode8&#39;; did you mean &#39;pinMode&#39;?
   MCP.pinMode8(1, 0x00);
       ^~~~~~~~
       pinMode
/home/ec2-user/arduino-testlib/cli-datadir/user/libraries/MCP23017_RT/examples/MCP23017_performance/MCP23017_performance.ino:77:7: error: &#39;class MCP23017&#39; has no member named &#39;write8&#39;; did you mean &#39;write&#39;?
   MCP.write8(0, 0xAA); // alternating HIGH/LOW
       ^~~~~~
       write
/home/ec2-user/arduino-testlib/cli-datadir/user/libraries/MCP23017_RT/examples/MCP23017_performance/MCP23017_performance.ino:78:7: error: &#39;class MCP23017&#39; has no member named &#39;write8&#39;; did you mean &#39;write&#39;?
   MCP.write8(1, 0xAA); // alternating HIGH/LOW
       ^~~~~~
       write
/home/ec2-user/arduino-testlib/cli-datadir/user/libraries/MCP23017_RT/examples/MCP23017_performance/MCP23017_performance.ino:86:27: error: &#39;class MCP23017&#39; has no member named &#39;read8&#39;; did you mean &#39;read&#39;?
   volatile int val8 = MCP.read8(0);
                           ^~~~~
                           read
/home/ec2-user/arduino-testlib/cli-datadir/user/libraries/MCP23017_RT/examples/MCP23017_performance/MCP23017_performance.ino:87:14: error: &#39;class MCP23017&#39; has no member named &#39;read8&#39;; did you mean &#39;read&#39;?
   val8 = MCP.read8(1);
              ^~~~~
              read
/home/ec2-user/arduino-testlib/cli-datadir/user/libraries/MCP23017_RT/examples/MCP23017_performance/MCP23017_performance.ino:100:7: error: &#39;class MCP23017&#39; has no member named &#39;write16&#39;; did you mean &#39;write&#39;?
   MCP.write16(0xAAAA); // alternating HIGH/LOW
       ^~~~~~~
       write
/home/ec2-user/arduino-testlib/cli-datadir/user/libraries/MCP23017_RT/examples/MCP23017_performance/MCP23017_performance.ino:108:33: error: &#39;class MCP23017&#39; has no member named &#39;read16&#39;; did you mean &#39;read&#39;?
   volatile uint16_t val16 = MCP.read16();
                                 ^~~~~~
                                 read
Multiple libraries were found for &#34;MCP23017.h&#34;
  Used: /home/ec2-user/arduino-testlib/cli-datadir/user/libraries/MCP23017
  Not used: /home/ec2-user/arduino-testlib/cli-datadir/user/libraries/MCP23017_RT
  Not used: /home/ec2-user/arduino-testlib/cli-datadir/user/libraries/MCP23017_WE
</pre>
					
				
				<h3 id="arduino:megaavr:nona4809">arduino:megaavr:nona4809 @ 1.8.7</h3>
				<h4>Inclusion</h4>
				<p>
					Result: <b>PASS</b>
					
					<br />This library has no main header file so an empty one was created.
					
				</p>
				<pre class="pre-scrollable">Sketch uses 3104 bytes (6%) of program storage space. Maximum is 49152 bytes.
Global variables use 317 bytes (5%) of dynamic memory, leaving 5827 bytes for local variables. Maximum is 6144 bytes.
In file included from /home/ec2-user/arduino-testlib/cli-datadir/user/libraries/MCP23017/src/MCP23017.h:4:0,
                 from /home/ec2-user/arduino-testlib/cli-datadir/user/libraries/MCP23017/src/MCP23017.cpp:1:
/home/ec2-user/arduino-testlib/cli-datadir/data/packages/arduino/hardware/megaavr/1.8.7/libraries/Wire/src/Wire.h: In member function &#39;uint8_t MCP23017::readRegister(MCP23017Register)&#39;:
/home/ec2-user/arduino-testlib/cli-datadir/data/packages/arduino/hardware/megaavr/1.8.7/libraries/Wire/src/Wire.h:63:12: note: candidate 1: size_t TwoWire::requestFrom(int, int)
     size_t requestFrom(int, int);
            ^~~~~~~~~~~
/home/ec2-user/arduino-testlib/cli-datadir/data/packages/arduino/hardware/megaavr/1.8.7/libraries/Wire/src/Wire.h:61:12: note: candidate 2: virtual size_t TwoWire::requestFrom(uint8_t, size_t)
     size_t requestFrom(uint8_t, size_t);
            ^~~~~~~~~~~
/home/ec2-user/arduino-testlib/cli-datadir/data/packages/arduino/hardware/megaavr/1.8.7/libraries/Wire/src/Wire.h: In member function &#39;void MCP23017::readRegister(MCP23017Register, uint8_t&amp;, uint8_t&amp;)&#39;:
/home/ec2-user/arduino-testlib/cli-datadir/data/packages/arduino/hardware/megaavr/1.8.7/libraries/Wire/src/Wire.h:63:12: note: candidate 1: size_t TwoWire::requestFrom(int, int)
     size_t requestFrom(int, int);
            ^~~~~~~~~~~
/home/ec2-user/arduino-testlib/cli-datadir/data/packages/arduino/hardware/megaavr/1.8.7/libraries/Wire/src/Wire.h:61:12: note: candidate 2: virtual size_t TwoWire::requestFrom(uint8_t, size_t)
     size_t requestFrom(uint8_t, size_t);
            ^~~~~~~~~~~
</pre>

					
					<h4>examples/MCP23017_digitalRead</h4>
					<p>
						Result: <b>FAIL</b>
					</p>
					<pre class="pre-scrollable">/home/ec2-user/arduino-testlib/cli-datadir/user/libraries/MCP23017_RT/examples/MCP23017_digitalRead/MCP23017_digitalRead.ino: In function &#39;void setup()&#39;:
/home/ec2-user/arduino-testlib/cli-datadir/user/libraries/MCP23017_RT/examples/MCP23017_digitalRead/MCP23017_digitalRead.ino:18:18: error: &#39;MCP23017_LIB_VERSION&#39; was not declared in this scope
   Serial.println(MCP23017_LIB_VERSION);
                  ^~~~~~~~~~~~~~~~~~~~
/home/ec2-user/arduino-testlib/cli-datadir/user/libraries/MCP23017_RT/examples/MCP23017_digitalRead/MCP23017_digitalRead.ino:21:7: error: &#39;class MCP23017&#39; has no member named &#39;begin&#39;
   MCP.begin();
       ^~~~~
/home/ec2-user/arduino-testlib/cli-datadir/user/libraries/MCP23017_RT/examples/MCP23017_digitalRead/MCP23017_digitalRead.ino:23:7: error: &#39;class MCP23017&#39; has no member named &#39;pinMode8&#39;; did you mean &#39;pinMode&#39;?
   MCP.pinMode8(0, 0x00);   // CHECK
       ^~~~~~~~
       pinMode
/home/ec2-user/arduino-testlib/cli-datadir/user/libraries/MCP23017_RT/examples/MCP23017_digitalRead/MCP23017_digitalRead.ino:24:7: error: &#39;class MCP23017&#39; has no member named &#39;pinMode8&#39;; did you mean &#39;pinMode&#39;?
   MCP.pinMode8(1, 0x00);
       ^~~~~~~~
       pinMode
Multiple libraries were found for &#34;MCP23017.h&#34;
  Used: /home/ec2-user/arduino-testlib/cli-datadir/user/libraries/MCP23017
  Not used: /home/ec2-user/arduino-testlib/cli-datadir/user/libraries/MCP23017_RT
  Not used: /home/ec2-user/arduino-testlib/cli-datadir/user/libraries/MCP23017_WE
</pre>
					
					<h4>examples/MCP23017_digitalWrite</h4>
					<p>
						Result: <b>FAIL</b>
					</p>
					<pre class="pre-scrollable">/home/ec2-user/arduino-testlib/cli-datadir/user/libraries/MCP23017_RT/examples/MCP23017_digitalWrite/MCP23017_digitalWrite.ino: In function &#39;void setup()&#39;:
/home/ec2-user/arduino-testlib/cli-datadir/user/libraries/MCP23017_RT/examples/MCP23017_digitalWrite/MCP23017_digitalWrite.ino:19:18: error: &#39;MCP23017_LIB_VERSION&#39; was not declared in this scope
   Serial.println(MCP23017_LIB_VERSION);
                  ^~~~~~~~~~~~~~~~~~~~
/home/ec2-user/arduino-testlib/cli-datadir/user/libraries/MCP23017_RT/examples/MCP23017_digitalWrite/MCP23017_digitalWrite.ino:23:7: error: &#39;class MCP23017&#39; has no member named &#39;begin&#39;
   MCP.begin();
       ^~~~~
/home/ec2-user/arduino-testlib/cli-datadir/user/libraries/MCP23017_RT/examples/MCP23017_digitalWrite/MCP23017_digitalWrite.ino:25:7: error: &#39;class MCP23017&#39; has no member named &#39;pinMode8&#39;; did you mean &#39;pinMode&#39;?
   MCP.pinMode8(0, 0x00);  // 0 = output , 1 = input
       ^~~~~~~~
       pinMode
/home/ec2-user/arduino-testlib/cli-datadir/user/libraries/MCP23017_RT/examples/MCP23017_digitalWrite/MCP23017_digitalWrite.ino:26:7: error: &#39;class MCP23017&#39; has no member named &#39;pinMode8&#39;; did you mean &#39;pinMode&#39;?
   MCP.pinMode8(1, 0x00);
       ^~~~~~~~
       pinMode
Multiple libraries were found for &#34;MCP23017.h&#34;
  Used: /home/ec2-user/arduino-testlib/cli-datadir/user/libraries/MCP23017
  Not used: /home/ec2-user/arduino-testlib/cli-datadir/user/libraries/MCP23017_RT
  Not used: /home/ec2-user/arduino-testlib/cli-datadir/user/libraries/MCP23017_WE
</pre>
					
					<h4>examples/MCP23017_performance</h4>
					<p>
						Result: <b>FAIL</b>
					</p>
					<pre class="pre-scrollable">/home/ec2-user/arduino-testlib/cli-datadir/user/libraries/MCP23017_RT/examples/MCP23017_performance/MCP23017_performance.ino: In function &#39;void setup()&#39;:
/home/ec2-user/arduino-testlib/cli-datadir/user/libraries/MCP23017_RT/examples/MCP23017_performance/MCP23017_performance.ino:22:18: error: &#39;MCP23017_LIB_VERSION&#39; was not declared in this scope
   Serial.println(MCP23017_LIB_VERSION);
                  ^~~~~~~~~~~~~~~~~~~~
/home/ec2-user/arduino-testlib/cli-datadir/user/libraries/MCP23017_RT/examples/MCP23017_performance/MCP23017_performance.ino:27:16: error: &#39;class MCP23017&#39; has no member named &#39;begin&#39;
   bool b = MCP.begin();
                ^~~~~
/home/ec2-user/arduino-testlib/cli-datadir/user/libraries/MCP23017_RT/examples/MCP23017_performance/MCP23017_performance.ino:29:7: error: &#39;class MCP23017&#39; has no member named &#39;pinMode8&#39;; did you mean &#39;pinMode&#39;?
   MCP.pinMode8(0, 0x00);  // 0 = output , 1 = input
       ^~~~~~~~
       pinMode
/home/ec2-user/arduino-testlib/cli-datadir/user/libraries/MCP23017_RT/examples/MCP23017_performance/MCP23017_performance.ino:30:7: error: &#39;class MCP23017&#39; has no member named &#39;pinMode8&#39;; did you mean &#39;pinMode&#39;?
   MCP.pinMode8(1, 0x00);
       ^~~~~~~~
       pinMode
/home/ec2-user/arduino-testlib/cli-datadir/user/libraries/MCP23017_RT/examples/MCP23017_performance/MCP23017_performance.ino:77:7: error: &#39;class MCP23017&#39; has no member named &#39;write8&#39;; did you mean &#39;write&#39;?
   MCP.write8(0, 0xAA); // alternating HIGH/LOW
       ^~~~~~
       write
/home/ec2-user/arduino-testlib/cli-datadir/user/libraries/MCP23017_RT/examples/MCP23017_performance/MCP23017_performance.ino:78:7: error: &#39;class MCP23017&#39; has no member named &#39;write8&#39;; did you mean &#39;write&#39;?
   MCP.write8(1, 0xAA); // alternating HIGH/LOW
       ^~~~~~
       write
/home/ec2-user/arduino-testlib/cli-datadir/user/libraries/MCP23017_RT/examples/MCP23017_performance/MCP23017_performance.ino:86:27: error: &#39;class MCP23017&#39; has no member named &#39;read8&#39;; did you mean &#39;read&#39;?
   volatile int val8 = MCP.read8(0);
                           ^~~~~
                           read
/home/ec2-user/arduino-testlib/cli-datadir/user/libraries/MCP23017_RT/examples/MCP23017_performance/MCP23017_performance.ino:87:14: error: &#39;class MCP23017&#39; has no member named &#39;read8&#39;; did you mean &#39;read&#39;?
   val8 = MCP.read8(1);
              ^~~~~
              read
/home/ec2-user/arduino-testlib/cli-datadir/user/libraries/MCP23017_RT/examples/MCP23017_performance/MCP23017_performance.ino:100:7: error: &#39;class MCP23017&#39; has no member named &#39;write16&#39;; did you mean &#39;write&#39;?
   MCP.write16(0xAAAA); // alternating HIGH/LOW
       ^~~~~~~
       write
/home/ec2-user/arduino-testlib/cli-datadir/user/libraries/MCP23017_RT/examples/MCP23017_performance/MCP23017_performance.ino:108:33: error: &#39;class MCP23017&#39; has no member named &#39;read16&#39;; did you mean &#39;read&#39;?
   volatile uint16_t val16 = MCP.read16();
                                 ^~~~~~
                                 read
Multiple libraries were found for &#34;MCP23017.h&#34;
  Used: /home/ec2-user/arduino-testlib/cli-datadir/user/libraries/MCP23017
  Not used: /home/ec2-user/arduino-testlib/cli-datadir/user/libraries/MCP23017_RT
  Not used: /home/ec2-user/arduino-testlib/cli-datadir/user/libraries/MCP23017_WE
</pre>
					
				
				<h3 id="arduino:samd:mkrwifi1010">arduino:samd:mkrwifi1010 @ 1.8.12</h3>
				<h4>Inclusion</h4>
				<p>
					Result: <b>PASS</b>
					
					<br />This library has no main header file so an empty one was created.
					
				</p>
				<pre class="pre-scrollable">Sketch uses 13588 bytes (5%) of program storage space. Maximum is 262144 bytes.
Global variables use 3568 bytes (10%) of dynamic memory, leaving 29200 bytes for local variables. Maximum is 32768 bytes.
</pre>

					
					<h4>examples/MCP23017_digitalRead</h4>
					<p>
						Result: <b>FAIL</b>
					</p>
					<pre class="pre-scrollable">/home/ec2-user/arduino-testlib/cli-datadir/user/libraries/MCP23017_RT/examples/MCP23017_digitalRead/MCP23017_digitalRead.ino: In function &#39;void setup()&#39;:
/home/ec2-user/arduino-testlib/cli-datadir/user/libraries/MCP23017_RT/examples/MCP23017_digitalRead/MCP23017_digitalRead.ino:18:18: error: &#39;MCP23017_LIB_VERSION&#39; was not declared in this scope
   Serial.println(MCP23017_LIB_VERSION);
                  ^~~~~~~~~~~~~~~~~~~~
/home/ec2-user/arduino-testlib/cli-datadir/user/libraries/MCP23017_RT/examples/MCP23017_digitalRead/MCP23017_digitalRead.ino:18:18: note: suggested alternative: &#39;_LIB_VERSION&#39;
   Serial.println(MCP23017_LIB_VERSION);
                  ^~~~~~~~~~~~~~~~~~~~
                  _LIB_VERSION
/home/ec2-user/arduino-testlib/cli-datadir/user/libraries/MCP23017_RT/examples/MCP23017_digitalRead/MCP23017_digitalRead.ino:21:7: error: &#39;class MCP23017&#39; has no member named &#39;begin&#39;
   MCP.begin();
       ^~~~~
/home/ec2-user/arduino-testlib/cli-datadir/user/libraries/MCP23017_RT/examples/MCP23017_digitalRead/MCP23017_digitalRead.ino:23:7: error: &#39;class MCP23017&#39; has no member named &#39;pinMode8&#39;; did you mean &#39;pinMode&#39;?
   MCP.pinMode8(0, 0x00);   // CHECK
       ^~~~~~~~
       pinMode
/home/ec2-user/arduino-testlib/cli-datadir/user/libraries/MCP23017_RT/examples/MCP23017_digitalRead/MCP23017_digitalRead.ino:24:7: error: &#39;class MCP23017&#39; has no member named &#39;pinMode8&#39;; did you mean &#39;pinMode&#39;?
   MCP.pinMode8(1, 0x00);
       ^~~~~~~~
       pinMode
Multiple libraries were found for &#34;MCP23017.h&#34;
  Used: /home/ec2-user/arduino-testlib/cli-datadir/user/libraries/MCP23017
  Not used: /home/ec2-user/arduino-testlib/cli-datadir/user/libraries/MCP23017_WE
  Not used: /home/ec2-user/arduino-testlib/cli-datadir/user/libraries/MCP23017_RT
</pre>
					
					<h4>examples/MCP23017_digitalWrite</h4>
					<p>
						Result: <b>FAIL</b>
					</p>
					<pre class="pre-scrollable">/home/ec2-user/arduino-testlib/cli-datadir/user/libraries/MCP23017_RT/examples/MCP23017_digitalWrite/MCP23017_digitalWrite.ino: In function &#39;void setup()&#39;:
/home/ec2-user/arduino-testlib/cli-datadir/user/libraries/MCP23017_RT/examples/MCP23017_digitalWrite/MCP23017_digitalWrite.ino:19:18: error: &#39;MCP23017_LIB_VERSION&#39; was not declared in this scope
   Serial.println(MCP23017_LIB_VERSION);
                  ^~~~~~~~~~~~~~~~~~~~
/home/ec2-user/arduino-testlib/cli-datadir/user/libraries/MCP23017_RT/examples/MCP23017_digitalWrite/MCP23017_digitalWrite.ino:19:18: note: suggested alternative: &#39;_LIB_VERSION&#39;
   Serial.println(MCP23017_LIB_VERSION);
                  ^~~~~~~~~~~~~~~~~~~~
                  _LIB_VERSION
/home/ec2-user/arduino-testlib/cli-datadir/user/libraries/MCP23017_RT/examples/MCP23017_digitalWrite/MCP23017_digitalWrite.ino:23:7: error: &#39;class MCP23017&#39; has no member named &#39;begin&#39;
   MCP.begin();
       ^~~~~
/home/ec2-user/arduino-testlib/cli-datadir/user/libraries/MCP23017_RT/examples/MCP23017_digitalWrite/MCP23017_digitalWrite.ino:25:7: error: &#39;class MCP23017&#39; has no member named &#39;pinMode8&#39;; did you mean &#39;pinMode&#39;?
   MCP.pinMode8(0, 0x00);  // 0 = output , 1 = input
       ^~~~~~~~
       pinMode
/home/ec2-user/arduino-testlib/cli-datadir/user/libraries/MCP23017_RT/examples/MCP23017_digitalWrite/MCP23017_digitalWrite.ino:26:7: error: &#39;class MCP23017&#39; has no member named &#39;pinMode8&#39;; did you mean &#39;pinMode&#39;?
   MCP.pinMode8(1, 0x00);
       ^~~~~~~~
       pinMode
Multiple libraries were found for &#34;MCP23017.h&#34;
  Used: /home/ec2-user/arduino-testlib/cli-datadir/user/libraries/MCP23017
  Not used: /home/ec2-user/arduino-testlib/cli-datadir/user/libraries/MCP23017_RT
  Not used: /home/ec2-user/arduino-testlib/cli-datadir/user/libraries/MCP23017_WE
</pre>
					
					<h4>examples/MCP23017_performance</h4>
					<p>
						Result: <b>FAIL</b>
					</p>
					<pre class="pre-scrollable">/home/ec2-user/arduino-testlib/cli-datadir/user/libraries/MCP23017_RT/examples/MCP23017_performance/MCP23017_performance.ino: In function &#39;void setup()&#39;:
/home/ec2-user/arduino-testlib/cli-datadir/user/libraries/MCP23017_RT/examples/MCP23017_performance/MCP23017_performance.ino:22:18: error: &#39;MCP23017_LIB_VERSION&#39; was not declared in this scope
   Serial.println(MCP23017_LIB_VERSION);
                  ^~~~~~~~~~~~~~~~~~~~
/home/ec2-user/arduino-testlib/cli-datadir/user/libraries/MCP23017_RT/examples/MCP23017_performance/MCP23017_performance.ino:22:18: note: suggested alternative: &#39;_LIB_VERSION&#39;
   Serial.println(MCP23017_LIB_VERSION);
                  ^~~~~~~~~~~~~~~~~~~~
                  _LIB_VERSION
/home/ec2-user/arduino-testlib/cli-datadir/user/libraries/MCP23017_RT/examples/MCP23017_performance/MCP23017_performance.ino:27:16: error: &#39;class MCP23017&#39; has no member named &#39;begin&#39;
   bool b = MCP.begin();
                ^~~~~
/home/ec2-user/arduino-testlib/cli-datadir/user/libraries/MCP23017_RT/examples/MCP23017_performance/MCP23017_performance.ino:29:7: error: &#39;class MCP23017&#39; has no member named &#39;pinMode8&#39;; did you mean &#39;pinMode&#39;?
   MCP.pinMode8(0, 0x00);  // 0 = output , 1 = input
       ^~~~~~~~
       pinMode
/home/ec2-user/arduino-testlib/cli-datadir/user/libraries/MCP23017_RT/examples/MCP23017_performance/MCP23017_performance.ino:30:7: error: &#39;class MCP23017&#39; has no member named &#39;pinMode8&#39;; did you mean &#39;pinMode&#39;?
   MCP.pinMode8(1, 0x00);
       ^~~~~~~~
       pinMode
/home/ec2-user/arduino-testlib/cli-datadir/user/libraries/MCP23017_RT/examples/MCP23017_performance/MCP23017_performance.ino:77:7: error: &#39;class MCP23017&#39; has no member named &#39;write8&#39;; did you mean &#39;write&#39;?
   MCP.write8(0, 0xAA); // alternating HIGH/LOW
       ^~~~~~
       write
/home/ec2-user/arduino-testlib/cli-datadir/user/libraries/MCP23017_RT/examples/MCP23017_performance/MCP23017_performance.ino:78:7: error: &#39;class MCP23017&#39; has no member named &#39;write8&#39;; did you mean &#39;write&#39;?
   MCP.write8(1, 0xAA); // alternating HIGH/LOW
       ^~~~~~
       write
/home/ec2-user/arduino-testlib/cli-datadir/user/libraries/MCP23017_RT/examples/MCP23017_performance/MCP23017_performance.ino:86:27: error: &#39;class MCP23017&#39; has no member named &#39;read8&#39;; did you mean &#39;read&#39;?
   volatile int val8 = MCP.read8(0);
                           ^~~~~
                           read
/home/ec2-user/arduino-testlib/cli-datadir/user/libraries/MCP23017_RT/examples/MCP23017_performance/MCP23017_performance.ino:87:14: error: &#39;class MCP23017&#39; has no member named &#39;read8&#39;; did you mean &#39;read&#39;?
   val8 = MCP.read8(1);
              ^~~~~
              read
/home/ec2-user/arduino-testlib/cli-datadir/user/libraries/MCP23017_RT/examples/MCP23017_performance/MCP23017_performance.ino:100:7: error: &#39;class MCP23017&#39; has no member named &#39;write16&#39;; did you mean &#39;write&#39;?
   MCP.write16(0xAAAA); // alternating HIGH/LOW
       ^~~~~~~
       write
/home/ec2-user/arduino-testlib/cli-datadir/user/libraries/MCP23017_RT/examples/MCP23017_performance/MCP23017_performance.ino:108:33: error: &#39;class MCP23017&#39; has no member named &#39;read16&#39;; did you mean &#39;read&#39;?
   volatile uint16_t val16 = MCP.read16();
                                 ^~~~~~
                                 read
Multiple libraries were found for &#34;MCP23017.h&#34;
  Used: /home/ec2-user/arduino-testlib/cli-datadir/user/libraries/MCP23017
  Not used: /home/ec2-user/arduino-testlib/cli-datadir/user/libraries/MCP23017_RT
  Not used: /home/ec2-user/arduino-testlib/cli-datadir/user/libraries/MCP23017_WE
</pre>
					
				
				<h3 id="esp32:esp32:d1_mini32">esp32:esp32:d1_mini32 @ 1.0.6</h3>
				<h4>Inclusion</h4>
				<p>
					Result: <b>PASS</b>
					
					<br />This library has no main header file so an empty one was created.
					
				</p>
				<pre class="pre-scrollable">Sketch uses 202826 bytes (15%) of program storage space. Maximum is 1310720 bytes.
Global variables use 13880 bytes (4%) of dynamic memory, leaving 313800 bytes for local variables. Maximum is 327680 bytes.
</pre>

					
					<h4>examples/MCP23017_digitalRead</h4>
					<p>
						Result: <b>FAIL</b>
					</p>
					<pre class="pre-scrollable">/home/ec2-user/arduino-testlib/cli-datadir/user/libraries/MCP23017_RT/examples/MCP23017_digitalRead/MCP23017_digitalRead.ino: In function &#39;void setup()&#39;:
/home/ec2-user/arduino-testlib/cli-datadir/user/libraries/MCP23017_RT/examples/MCP23017_digitalRead/MCP23017_digitalRead.ino:18:18: error: &#39;MCP23017_LIB_VERSION&#39; was not declared in this scope
   Serial.println(MCP23017_LIB_VERSION);
                  ^
/home/ec2-user/arduino-testlib/cli-datadir/user/libraries/MCP23017_RT/examples/MCP23017_digitalRead/MCP23017_digitalRead.ino:21:7: error: &#39;class MCP23017&#39; has no member named &#39;begin&#39;
   MCP.begin();
       ^
/home/ec2-user/arduino-testlib/cli-datadir/user/libraries/MCP23017_RT/examples/MCP23017_digitalRead/MCP23017_digitalRead.ino:23:7: error: &#39;class MCP23017&#39; has no member named &#39;pinMode8&#39;
   MCP.pinMode8(0, 0x00);   // CHECK
       ^
/home/ec2-user/arduino-testlib/cli-datadir/user/libraries/MCP23017_RT/examples/MCP23017_digitalRead/MCP23017_digitalRead.ino:24:7: error: &#39;class MCP23017&#39; has no member named &#39;pinMode8&#39;
   MCP.pinMode8(1, 0x00);
       ^
Multiple libraries were found for &#34;MCP23017.h&#34;
  Used: /home/ec2-user/arduino-testlib/cli-datadir/user/libraries/MCP23017
  Not used: /home/ec2-user/arduino-testlib/cli-datadir/user/libraries/MCP23017_WE
  Not used: /home/ec2-user/arduino-testlib/cli-datadir/user/libraries/MCP23017_RT
</pre>
					
					<h4>examples/MCP23017_digitalWrite</h4>
					<p>
						Result: <b>FAIL</b>
					</p>
					<pre class="pre-scrollable">/home/ec2-user/arduino-testlib/cli-datadir/user/libraries/MCP23017_RT/examples/MCP23017_digitalWrite/MCP23017_digitalWrite.ino: In function &#39;void setup()&#39;:
/home/ec2-user/arduino-testlib/cli-datadir/user/libraries/MCP23017_RT/examples/MCP23017_digitalWrite/MCP23017_digitalWrite.ino:19:18: error: &#39;MCP23017_LIB_VERSION&#39; was not declared in this scope
   Serial.println(MCP23017_LIB_VERSION);
                  ^
/home/ec2-user/arduino-testlib/cli-datadir/user/libraries/MCP23017_RT/examples/MCP23017_digitalWrite/MCP23017_digitalWrite.ino:23:7: error: &#39;class MCP23017&#39; has no member named &#39;begin&#39;
   MCP.begin();
       ^
/home/ec2-user/arduino-testlib/cli-datadir/user/libraries/MCP23017_RT/examples/MCP23017_digitalWrite/MCP23017_digitalWrite.ino:25:7: error: &#39;class MCP23017&#39; has no member named &#39;pinMode8&#39;
   MCP.pinMode8(0, 0x00);  // 0 = output , 1 = input
       ^
/home/ec2-user/arduino-testlib/cli-datadir/user/libraries/MCP23017_RT/examples/MCP23017_digitalWrite/MCP23017_digitalWrite.ino:26:7: error: &#39;class MCP23017&#39; has no member named &#39;pinMode8&#39;
   MCP.pinMode8(1, 0x00);
       ^
Multiple libraries were found for &#34;MCP23017.h&#34;
  Used: /home/ec2-user/arduino-testlib/cli-datadir/user/libraries/MCP23017
  Not used: /home/ec2-user/arduino-testlib/cli-datadir/user/libraries/MCP23017_RT
  Not used: /home/ec2-user/arduino-testlib/cli-datadir/user/libraries/MCP23017_WE
</pre>
					
					<h4>examples/MCP23017_performance</h4>
					<p>
						Result: <b>FAIL</b>
					</p>
					<pre class="pre-scrollable">/home/ec2-user/arduino-testlib/cli-datadir/user/libraries/MCP23017_RT/examples/MCP23017_performance/MCP23017_performance.ino: In function &#39;void setup()&#39;:
/home/ec2-user/arduino-testlib/cli-datadir/user/libraries/MCP23017_RT/examples/MCP23017_performance/MCP23017_performance.ino:22:18: error: &#39;MCP23017_LIB_VERSION&#39; was not declared in this scope
   Serial.println(MCP23017_LIB_VERSION);
                  ^
/home/ec2-user/arduino-testlib/cli-datadir/user/libraries/MCP23017_RT/examples/MCP23017_performance/MCP23017_performance.ino:27:16: error: &#39;class MCP23017&#39; has no member named &#39;begin&#39;
   bool b = MCP.begin();
                ^
/home/ec2-user/arduino-testlib/cli-datadir/user/libraries/MCP23017_RT/examples/MCP23017_performance/MCP23017_performance.ino:29:7: error: &#39;class MCP23017&#39; has no member named &#39;pinMode8&#39;
   MCP.pinMode8(0, 0x00);  // 0 = output , 1 = input
       ^
/home/ec2-user/arduino-testlib/cli-datadir/user/libraries/MCP23017_RT/examples/MCP23017_performance/MCP23017_performance.ino:30:7: error: &#39;class MCP23017&#39; has no member named &#39;pinMode8&#39;
   MCP.pinMode8(1, 0x00);
       ^
/home/ec2-user/arduino-testlib/cli-datadir/user/libraries/MCP23017_RT/examples/MCP23017_performance/MCP23017_performance.ino:77:7: error: &#39;class MCP23017&#39; has no member named &#39;write8&#39;
   MCP.write8(0, 0xAA); // alternating HIGH/LOW
       ^
/home/ec2-user/arduino-testlib/cli-datadir/user/libraries/MCP23017_RT/examples/MCP23017_performance/MCP23017_performance.ino:78:7: error: &#39;class MCP23017&#39; has no member named &#39;write8&#39;
   MCP.write8(1, 0xAA); // alternating HIGH/LOW
       ^
/home/ec2-user/arduino-testlib/cli-datadir/user/libraries/MCP23017_RT/examples/MCP23017_performance/MCP23017_performance.ino:86:27: error: &#39;class MCP23017&#39; has no member named &#39;read8&#39;
   volatile int val8 = MCP.read8(0);
                           ^
/home/ec2-user/arduino-testlib/cli-datadir/user/libraries/MCP23017_RT/examples/MCP23017_performance/MCP23017_performance.ino:87:14: error: &#39;class MCP23017&#39; has no member named &#39;read8&#39;
   val8 = MCP.read8(1);
              ^
/home/ec2-user/arduino-testlib/cli-datadir/user/libraries/MCP23017_RT/examples/MCP23017_performance/MCP23017_performance.ino:100:7: error: &#39;class MCP23017&#39; has no member named &#39;write16&#39;
   MCP.write16(0xAAAA); // alternating HIGH/LOW
       ^
/home/ec2-user/arduino-testlib/cli-datadir/user/libraries/MCP23017_RT/examples/MCP23017_performance/MCP23017_performance.ino:108:33: error: &#39;class MCP23017&#39; has no member named &#39;read16&#39;
   volatile uint16_t val16 = MCP.read16();
                                 ^
Multiple libraries were found for &#34;MCP23017.h&#34;
  Used: /home/ec2-user/arduino-testlib/cli-datadir/user/libraries/MCP23017
  Not used: /home/ec2-user/arduino-testlib/cli-datadir/user/libraries/MCP23017_RT
  Not used: /home/ec2-user/arduino-testlib/cli-datadir/user/libraries/MCP23017_WE
</pre>
					
				
			</div>
		</div>
	</div>
  </body>
</html>
