
<!doctype html>
<html lang="en">
  <head>
    <meta charset="utf-8">
    <meta name="viewport" content="width=device-width, initial-scale=1">
    <link href="https://cdn.jsdelivr.net/npm/bootstrap@5.0.2/dist/css/bootstrap.min.css" rel="stylesheet" integrity="sha384-EVSTQN3/azprG1Anm3QDgpJLIm9Nao0Yz1ztcQTwFspd3yD65VohhpuuCOmLASjC" crossorigin="anonymous">
    <title>arduino-testlib report</title>
	<style>
	.pass { background-color: #00FF00 !important; }
	.fail { background-color: #FF0000 !important; }
	</style>
  </head>
  <body>
	<div class="container">
		<div class="row">
			<div class="col">
				<h1>MD_DS3231 - compatibility matrix</h1>
				<p>
					<small>This report was generated on Monday, 21-Feb-22 12:00:25 CET using 
					<a href="https://github.com/alranel/arduino-testlib">arduino-testlib</a>.</small>
				</p>

				<h2>MD_DS3231</h2>
				<p>
					Version: <b>1.3.1</b>
					<br />
					<a href="https://www.arduino.cc/reference/en/libraries/md_ds3231/">More details</a>
				</p>

				<h2>Compatibility matrix</h2>
				<table class="table table-bordered">
					<tr>
						<th>Board</th>
						<th>Claims compatibility</th>
						<th>Inclusion</th>
						
						<th><pre>MD_DS3231_LCD_AlmClock</pre></th>
						
						<th><pre>MD_DS3231_LCD_Time</pre></th>
						
						<th><pre>MD_DS3231_Test</pre></th>
						
					</tr>
					
					<tr>
						<td>
							<a href="#arduino%3aavr%3auno"><b>arduino:avr:uno</b></a>
							<br />
							<small>1.8.4</small>
						</td>

						
							<td>Yes</td>
							<td class="pass">PASS</td>
						
						
						
						

						
							
								
									
										
											<td class="pass">PASS</td>
											
										
									
										
									
										
									
								
							
								
							
								
							
								
							
								
							
						
							
								
									
										
									
										
											<td class="pass">PASS</td>
											
										
									
										
									
								
							
								
							
								
							
								
							
								
							
						
							
								
									
										
									
										
									
										
											<td class="pass">PASS</td>
											
										
									
								
							
								
							
								
							
								
							
								
							
						
					</tr>
					
					<tr>
						<td>
							<a href="#arduino%3ambed_nano%3ananorp2040connect"><b>arduino:mbed_nano:nanorp2040connect</b></a>
							<br />
							<small>2.7.2</small>
						</td>

						
							<td>Yes</td>
							<td class="pass">PASS</td>
						
						
						
						

						
							
								
							
								
									
										
											
											<td class="fail">FAIL</td>
										
									
										
									
										
									
								
							
								
							
								
							
								
							
						
							
								
							
								
									
										
									
										
											<td class="pass">PASS</td>
											
										
									
										
									
								
							
								
							
								
							
								
							
						
							
								
							
								
									
										
									
										
									
										
											<td class="pass">PASS</td>
											
										
									
								
							
								
							
								
							
								
							
						
					</tr>
					
					<tr>
						<td>
							<a href="#arduino%3amegaavr%3anona4809"><b>arduino:megaavr:nona4809</b></a>
							<br />
							<small>1.8.7</small>
						</td>

						
						
						
							<td>Yes ⚠️</td>
							<td class="fail">FAIL</td>
						
						

						
							
								
							
								
							
								
									
										
											
											<td class="fail">FAIL</td>
										
									
										
									
										
									
								
							
								
							
								
							
						
							
								
							
								
							
								
									
										
									
										
											
											<td class="fail">FAIL</td>
										
									
										
									
								
							
								
							
								
							
						
							
								
							
								
							
								
									
										
									
										
									
										
											
											<td class="fail">FAIL</td>
										
									
								
							
								
							
								
							
						
					</tr>
					
					<tr>
						<td>
							<a href="#arduino%3asamd%3amkrwifi1010"><b>arduino:samd:mkrwifi1010</b></a>
							<br />
							<small>1.8.12</small>
						</td>

						
						
						
							<td>Yes ⚠️</td>
							<td class="fail">FAIL</td>
						
						

						
							
								
							
								
							
								
							
								
									
										
											
											<td class="fail">FAIL</td>
										
									
										
									
										
									
								
							
								
							
						
							
								
							
								
							
								
							
								
									
										
									
										
											
											<td class="fail">FAIL</td>
										
									
										
									
								
							
								
							
						
							
								
							
								
							
								
							
								
									
										
									
										
									
										
											
											<td class="fail">FAIL</td>
										
									
								
							
								
							
						
					</tr>
					
					<tr>
						<td>
							<a href="#esp32%3aesp32%3ad1_mini32"><b>esp32:esp32:d1_mini32</b></a>
							<br />
							<small>1.0.6</small>
						</td>

						
							<td>Yes</td>
							<td class="pass">PASS</td>
						
						
						
						

						
							
								
							
								
							
								
							
								
							
								
									
										
											
											<td class="fail">FAIL</td>
										
									
										
									
										
									
								
							
						
							
								
							
								
							
								
							
								
							
								
									
										
									
										
											<td class="pass">PASS</td>
											
										
									
										
									
								
							
						
							
								
							
								
							
								
							
								
							
								
									
										
									
										
									
										
											<td class="pass">PASS</td>
											
										
									
								
							
						
					</tr>
					
				</table>

				<h2>Compilation logs</h2>
				
				<h3 id="arduino:avr:uno">arduino:avr:uno @ 1.8.4</h3>
				<h4>Inclusion</h4>
				<p>
					Result: <b>PASS</b>
					
				</p>
				<pre class="pre-scrollable">Sketch uses 1888 bytes (5%) of program storage space. Maximum is 32256 bytes.
Global variables use 205 bytes (10%) of dynamic memory, leaving 1843 bytes for local variables. Maximum is 2048 bytes.
</pre>

					
					<h4>examples/MD_DS3231_LCD_AlmClock</h4>
					<p>
						Result: <b>PASS</b>
					</p>
					<pre class="pre-scrollable">Sketch uses 7948 bytes (24%) of program storage space. Maximum is 32256 bytes.
Global variables use 407 bytes (19%) of dynamic memory, leaving 1641 bytes for local variables. Maximum is 2048 bytes.
</pre>
					
					<h4>examples/MD_DS3231_LCD_Time</h4>
					<p>
						Result: <b>PASS</b>
					</p>
					<pre class="pre-scrollable">Sketch uses 5148 bytes (15%) of program storage space. Maximum is 32256 bytes.
Global variables use 346 bytes (16%) of dynamic memory, leaving 1702 bytes for local variables. Maximum is 2048 bytes.
</pre>
					
					<h4>examples/MD_DS3231_Test</h4>
					<p>
						Result: <b>PASS</b>
					</p>
					<pre class="pre-scrollable">Sketch uses 14904 bytes (46%) of program storage space. Maximum is 32256 bytes.
Global variables use 966 bytes (47%) of dynamic memory, leaving 1082 bytes for local variables. Maximum is 2048 bytes.
</pre>
					
				
				<h3 id="arduino:mbed_nano:nanorp2040connect">arduino:mbed_nano:nanorp2040connect @ 2.7.2</h3>
				<h4>Inclusion</h4>
				<p>
					Result: <b>PASS</b>
					
				</p>
				<pre class="pre-scrollable">Sketch uses 81758 bytes (0%) of program storage space. Maximum is 16777216 bytes.
Global variables use 44248 bytes (16%) of dynamic memory, leaving 226088 bytes for local variables. Maximum is 270336 bytes.
</pre>

					
					<h4>examples/MD_DS3231_LCD_AlmClock</h4>
					<p>
						Result: <b>FAIL</b>
					</p>
					<pre class="pre-scrollable">In file included from /home/ec2-user/arduino-testlib/cli-datadir/user/libraries/MD_DS3231/examples/MD_DS3231_LCD_AlmClock/MD_DS3231_LCD_AlmClock.ino:16:0:
/home/ec2-user/arduino-testlib/cli-datadir/user/libraries/MD_AButton/src/MD_AButton.h:33:3: error: extra qualification &#39;MD_AButton::&#39; on member &#39;MD_AButton&#39; [-fpermissive]
   MD_AButton::MD_AButton(uint8_t keyPin) :
   ^~~~~~~~~~

</pre>
					
					<h4>examples/MD_DS3231_LCD_Time</h4>
					<p>
						Result: <b>PASS</b>
					</p>
					<pre class="pre-scrollable">Sketch uses 84164 bytes (0%) of program storage space. Maximum is 16777216 bytes.
Global variables use 44288 bytes (16%) of dynamic memory, leaving 226048 bytes for local variables. Maximum is 270336 bytes.
</pre>
					
					<h4>examples/MD_DS3231_Test</h4>
					<p>
						Result: <b>PASS</b>
					</p>
					<pre class="pre-scrollable">Sketch uses 88280 bytes (0%) of program storage space. Maximum is 16777216 bytes.
Global variables use 44264 bytes (16%) of dynamic memory, leaving 226072 bytes for local variables. Maximum is 270336 bytes.
</pre>
					
				
				<h3 id="arduino:megaavr:nona4809">arduino:megaavr:nona4809 @ 1.8.7</h3>
				<h4>Inclusion</h4>
				<p>
					Result: <b>FAIL</b>
					
				</p>
				<pre class="pre-scrollable">In file included from /home/ec2-user/arduino-testlib/cli-datadir/data/packages/arduino/tools/avr-gcc/7.3.0-atmel3.6.1-arduino5/avr/include/avr/io.h:677:0,
                 from /home/ec2-user/arduino-testlib/cli-datadir/data/packages/arduino/tools/avr-gcc/7.3.0-atmel3.6.1-arduino5/avr/include/avr/pgmspace.h:90,
                 from /home/ec2-user/arduino-testlib/cli-datadir/data/packages/arduino/hardware/megaavr/1.8.7/cores/arduino/api/String.h:31,
                 from /home/ec2-user/arduino-testlib/cli-datadir/data/packages/arduino/hardware/megaavr/1.8.7/cores/arduino/api/IPAddress.h:24,
                 from /home/ec2-user/arduino-testlib/cli-datadir/data/packages/arduino/hardware/megaavr/1.8.7/cores/arduino/api/ArduinoAPI.h:30,
                 from /home/ec2-user/arduino-testlib/cli-datadir/data/packages/arduino/hardware/megaavr/1.8.7/cores/arduino/Arduino.h:23,
                 from /tmp/arduino-sketch-242A420566212F5F1C357CBE9C22B963/sketch/test.ino.cpp:1:
/home/ec2-user/arduino-testlib/cli-datadir/user/libraries/MD_DS3231/src/MD_DS3231.h:763:18: error: expected &#39;)&#39; before &#39;*&#39; token
 extern MD_DS3231 RTC;    ///&lt; Library created instance of the RTC class
                  ^
/home/ec2-user/arduino-testlib/cli-datadir/user/libraries/MD_DS3231/src/MD_DS3231.h:763:18: error: expected &#39;)&#39; before &#39;*&#39; token

</pre>

					
					<h4>examples/MD_DS3231_LCD_AlmClock</h4>
					<p>
						Result: <b>FAIL</b>
					</p>
					<pre class="pre-scrollable">In file included from /home/ec2-user/arduino-testlib/cli-datadir/data/packages/arduino/tools/avr-gcc/7.3.0-atmel3.6.1-arduino5/avr/include/avr/io.h:677:0,
                 from /home/ec2-user/arduino-testlib/cli-datadir/data/packages/arduino/tools/avr-gcc/7.3.0-atmel3.6.1-arduino5/avr/include/avr/pgmspace.h:90,
                 from /home/ec2-user/arduino-testlib/cli-datadir/data/packages/arduino/hardware/megaavr/1.8.7/cores/arduino/api/String.h:31,
                 from /home/ec2-user/arduino-testlib/cli-datadir/data/packages/arduino/hardware/megaavr/1.8.7/cores/arduino/api/IPAddress.h:24,
                 from /home/ec2-user/arduino-testlib/cli-datadir/data/packages/arduino/hardware/megaavr/1.8.7/cores/arduino/api/ArduinoAPI.h:30,
                 from /home/ec2-user/arduino-testlib/cli-datadir/data/packages/arduino/hardware/megaavr/1.8.7/cores/arduino/Arduino.h:23,
                 from /tmp/arduino-sketch-5D70CA37CA21D4E1B3425A9DAA8375C8/sketch/MD_DS3231_LCD_AlmClock.ino.cpp:1:
/home/ec2-user/arduino-testlib/cli-datadir/user/libraries/MD_DS3231/src/MD_DS3231.h:763:18: error: expected &#39;)&#39; before &#39;*&#39; token
 extern MD_DS3231 RTC;    ///&lt; Library created instance of the RTC class
                  ^
/home/ec2-user/arduino-testlib/cli-datadir/user/libraries/MD_DS3231/src/MD_DS3231.h:763:18: error: expected &#39;)&#39; before &#39;*&#39; token
/home/ec2-user/arduino-testlib/cli-datadir/user/libraries/MD_DS3231/examples/MD_DS3231_LCD_AlmClock/MD_DS3231_LCD_AlmClock.ino: In function &#39;void displayUpdate()&#39;:
/home/ec2-user/arduino-testlib/cli-datadir/user/libraries/MD_DS3231/examples/MD_DS3231_LCD_AlmClock/MD_DS3231_LCD_AlmClock.ino:49:7: error: &#39;RTC_t {aka struct RTC_struct}&#39; has no member named &#39;readTime&#39;
   RTC.readTime();
       ^~~~~~~~
/home/ec2-user/arduino-testlib/cli-datadir/user/libraries/MD_DS3231/examples/MD_DS3231_LCD_AlmClock/MD_DS3231_LCD_AlmClock.ino:53:9: error: &#39;RTC_t {aka struct RTC_struct}&#39; has no member named &#39;readAlarm2&#39;
     RTC.readAlarm2();
         ^~~~~~~~~~
/home/ec2-user/arduino-testlib/cli-datadir/user/libraries/MD_DS3231/examples/MD_DS3231_LCD_AlmClock/MD_DS3231_LCD_AlmClock.ino:54:16: error: &#39;RTC_t {aka struct RTC_struct}&#39; has no member named &#39;h&#39;
     almH = RTC.h;
                ^
/home/ec2-user/arduino-testlib/cli-datadir/user/libraries/MD_DS3231/examples/MD_DS3231_LCD_AlmClock/MD_DS3231_LCD_AlmClock.ino:55:16: error: &#39;RTC_t {aka struct RTC_struct}&#39; has no member named &#39;m&#39;
     almM = RTC.m;
                ^
/home/ec2-user/arduino-testlib/cli-datadir/user/libraries/MD_DS3231/examples/MD_DS3231_LCD_AlmClock/MD_DS3231_LCD_AlmClock.ino: In function &#39;void printTime()&#39;:
/home/ec2-user/arduino-testlib/cli-datadir/user/libraries/MD_DS3231/examples/MD_DS3231_LCD_AlmClock/MD_DS3231_LCD_AlmClock.ino:100:28: error: &#39;RTC_t {aka struct RTC_struct}&#39; has no member named &#39;dow&#39;
   lcd.print(dow2String(RTC.dow));
                            ^~~
/home/ec2-user/arduino-testlib/cli-datadir/user/libraries/MD_DS3231/examples/MD_DS3231_LCD_AlmClock/MD_DS3231_LCD_AlmClock.ino:102:17: error: &#39;RTC_t {aka struct RTC_struct}&#39; has no member named &#39;yyyy&#39;
   lcd.print(RTC.yyyy);
                 ^~~~
/home/ec2-user/arduino-testlib/cli-datadir/user/libraries/MD_DS3231/examples/MD_DS3231_LCD_AlmClock/MD_DS3231_LCD_AlmClock.ino:104:13: error: &#39;RTC_t {aka struct RTC_struct}&#39; has no member named &#39;mm&#39;
   p2dig(RTC.mm);
             ^~
/home/ec2-user/arduino-testlib/cli-datadir/user/libraries/MD_DS3231/examples/MD_DS3231_LCD_AlmClock/MD_DS3231_LCD_AlmClock.ino:106:13: error: &#39;RTC_t {aka struct RTC_struct}&#39; has no member named &#39;dd&#39;
   p2dig(RTC.dd);
             ^~
/home/ec2-user/arduino-testlib/cli-datadir/user/libraries/MD_DS3231/examples/MD_DS3231_LCD_AlmClock/MD_DS3231_LCD_AlmClock.ino:110:13: error: &#39;RTC_t {aka struct RTC_struct}&#39; has no member named &#39;h&#39;
   p2dig(RTC.h);
             ^
/home/ec2-user/arduino-testlib/cli-datadir/user/libraries/MD_DS3231/examples/MD_DS3231_LCD_AlmClock/MD_DS3231_LCD_AlmClock.ino:112:13: error: &#39;RTC_t {aka struct RTC_struct}&#39; has no member named &#39;m&#39;
   p2dig(RTC.m);
             ^
/home/ec2-user/arduino-testlib/cli-datadir/user/libraries/MD_DS3231/examples/MD_DS3231_LCD_AlmClock/MD_DS3231_LCD_AlmClock.ino:114:13: error: &#39;RTC_t {aka struct RTC_struct}&#39; has no member named &#39;s&#39;
   p2dig(RTC.s);
             ^
/home/ec2-user/arduino-testlib/cli-datadir/user/libraries/MD_DS3231/examples/MD_DS3231_LCD_AlmClock/MD_DS3231_LCD_AlmClock.ino:115:11: error: &#39;RTC_t {aka struct RTC_struct}&#39; has no member named &#39;status&#39;
   if (RTC.status(DS3231_12H) == DS3231_ON)
           ^~~~~~
/home/ec2-user/arduino-testlib/cli-datadir/user/libraries/MD_DS3231/examples/MD_DS3231_LCD_AlmClock/MD_DS3231_LCD_AlmClock.ino:116:19: error: &#39;RTC_t {aka struct RTC_struct}&#39; has no member named &#39;pm&#39;
     lcd.print(RTC.pm ? &#34; pm&#34; : &#34; am&#34;);
                   ^~
/home/ec2-user/arduino-testlib/cli-datadir/user/libraries/MD_DS3231/examples/MD_DS3231_LCD_AlmClock/MD_DS3231_LCD_AlmClock.ino: In function &#39;void setMyAlarm()&#39;:
/home/ec2-user/arduino-testlib/cli-datadir/user/libraries/MD_DS3231/examples/MD_DS3231_LCD_AlmClock/MD_DS3231_LCD_AlmClock.ino:122:7: error: &#39;RTC_t {aka struct RTC_struct}&#39; has no member named &#39;yyyy&#39;
   RTC.yyyy = RTC.mm = RTC.dd = 0;
       ^~~~
/home/ec2-user/arduino-testlib/cli-datadir/user/libraries/MD_DS3231/examples/MD_DS3231_LCD_AlmClock/MD_DS3231_LCD_AlmClock.ino:122:18: error: &#39;RTC_t {aka struct RTC_struct}&#39; has no member named &#39;mm&#39;
   RTC.yyyy = RTC.mm = RTC.dd = 0;
                  ^~
/home/ec2-user/arduino-testlib/cli-datadir/user/libraries/MD_DS3231/examples/MD_DS3231_LCD_AlmClock/MD_DS3231_LCD_AlmClock.ino:122:27: error: &#39;RTC_t {aka struct RTC_struct}&#39; has no member named &#39;dd&#39;
   RTC.yyyy = RTC.mm = RTC.dd = 0;
                           ^~
/home/ec2-user/arduino-testlib/cli-datadir/user/libraries/MD_DS3231/examples/MD_DS3231_LCD_AlmClock/MD_DS3231_LCD_AlmClock.ino:123:7: error: &#39;RTC_t {aka struct RTC_struct}&#39; has no member named &#39;h&#39;
   RTC.h = almH;
       ^
/home/ec2-user/arduino-testlib/cli-datadir/user/libraries/MD_DS3231/examples/MD_DS3231_LCD_AlmClock/MD_DS3231_LCD_AlmClock.ino:124:7: error: &#39;RTC_t {aka struct RTC_struct}&#39; has no member named &#39;m&#39;
   RTC.m = almM;
       ^
/home/ec2-user/arduino-testlib/cli-datadir/user/libraries/MD_DS3231/examples/MD_DS3231_LCD_AlmClock/MD_DS3231_LCD_AlmClock.ino:125:7: error: &#39;RTC_t {aka struct RTC_struct}&#39; has no member named &#39;s&#39;
   RTC.s = RTC.dow = 0;
       ^
/home/ec2-user/arduino-testlib/cli-datadir/user/libraries/MD_DS3231/examples/MD_DS3231_LCD_AlmClock/MD_DS3231_LCD_AlmClock.ino:125:15: error: &#39;RTC_t {aka struct RTC_struct}&#39; has no member named &#39;dow&#39;
   RTC.s = RTC.dow = 0;
               ^~~
/home/ec2-user/arduino-testlib/cli-datadir/user/libraries/MD_DS3231/examples/MD_DS3231_LCD_AlmClock/MD_DS3231_LCD_AlmClock.ino:127:9: error: &#39;RTC_t {aka struct RTC_struct}&#39; has no member named &#39;writeAlarm2&#39;
     RTC.writeAlarm2(ALARM_ON_TYPE);
         ^~~~~~~~~~~
/home/ec2-user/arduino-testlib/cli-datadir/user/libraries/MD_DS3231/examples/MD_DS3231_LCD_AlmClock/MD_DS3231_LCD_AlmClock.ino:129:9: error: &#39;RTC_t {aka struct RTC_struct}&#39; has no member named &#39;writeAlarm2&#39;
     RTC.writeAlarm2(ALARM_OFF_TYPE);
         ^~~~~~~~~~~
/home/ec2-user/arduino-testlib/cli-datadir/user/libraries/MD_DS3231/examples/MD_DS3231_LCD_AlmClock/MD_DS3231_LCD_AlmClock.ino: In function &#39;void setup()&#39;:
/home/ec2-user/arduino-testlib/cli-datadir/user/libraries/MD_DS3231/examples/MD_DS3231_LCD_AlmClock/MD_DS3231_LCD_AlmClock.ino:161:7: error: &#39;RTC_t {aka struct RTC_struct}&#39; has no member named &#39;control&#39;
   RTC.control(DS3231_12H, DS3231_OFF);  // 24 hour clock
       ^~~~~~~
/home/ec2-user/arduino-testlib/cli-datadir/user/libraries/MD_DS3231/examples/MD_DS3231_LCD_AlmClock/MD_DS3231_LCD_AlmClock.ino:164:7: error: &#39;RTC_t {aka struct RTC_struct}&#39; has no member named &#39;setAlarm1Callback&#39;
   RTC.setAlarm1Callback(displayUpdate);
       ^~~~~~~~~~~~~~~~~
/home/ec2-user/arduino-testlib/cli-datadir/user/libraries/MD_DS3231/examples/MD_DS3231_LCD_AlmClock/MD_DS3231_LCD_AlmClock.ino:165:7: error: &#39;RTC_t {aka struct RTC_struct}&#39; has no member named &#39;setAlarm1Type&#39;
   RTC.setAlarm1Type(DS3231_ALM_SEC);
       ^~~~~~~~~~~~~
/home/ec2-user/arduino-testlib/cli-datadir/user/libraries/MD_DS3231/examples/MD_DS3231_LCD_AlmClock/MD_DS3231_LCD_AlmClock.ino:171:7: error: &#39;RTC_t {aka struct RTC_struct}&#39; has no member named &#39;setAlarm2Type&#39;
   RTC.setAlarm2Type(ALARM_OFF_TYPE);
       ^~~~~~~~~~~~~
/home/ec2-user/arduino-testlib/cli-datadir/user/libraries/MD_DS3231/examples/MD_DS3231_LCD_AlmClock/MD_DS3231_LCD_AlmClock.ino: In function &#39;void loop()&#39;:
/home/ec2-user/arduino-testlib/cli-datadir/user/libraries/MD_DS3231/examples/MD_DS3231_LCD_AlmClock/MD_DS3231_LCD_AlmClock.ino:184:7: error: &#39;RTC_t {aka struct RTC_struct}&#39; has no member named &#39;checkAlarm1&#39;
   RTC.checkAlarm1();
       ^~~~~~~~~~~
/home/ec2-user/arduino-testlib/cli-datadir/user/libraries/MD_DS3231/examples/MD_DS3231_LCD_AlmClock/MD_DS3231_LCD_AlmClock.ino:187:11: error: &#39;RTC_t {aka struct RTC_struct}&#39; has no member named &#39;checkAlarm2&#39;
   if (RTC.checkAlarm2())
           ^~~~~~~~~~~
/home/ec2-user/arduino-testlib/cli-datadir/user/libraries/MD_DS3231/examples/MD_DS3231_LCD_AlmClock/MD_DS3231_LCD_AlmClock.ino:197:15: error: &#39;RTC_t {aka struct RTC_struct}&#39; has no member named &#39;readAlarm2&#39;
           RTC.readAlarm2(); // get the current values into the temp values, even if we do this every screen update
               ^~~~~~~~~~
/home/ec2-user/arduino-testlib/cli-datadir/user/libraries/MD_DS3231/examples/MD_DS3231_LCD_AlmClock/MD_DS3231_LCD_AlmClock.ino:198:22: error: &#39;RTC_t {aka struct RTC_struct}&#39; has no member named &#39;h&#39;
           almH = RTC.h;
                      ^
/home/ec2-user/arduino-testlib/cli-datadir/user/libraries/MD_DS3231/examples/MD_DS3231_LCD_AlmClock/MD_DS3231_LCD_AlmClock.ino:199:22: error: &#39;RTC_t {aka struct RTC_struct}&#39; has no member named &#39;m&#39;
           almM = RTC.m;
                      ^
/home/ec2-user/arduino-testlib/cli-datadir/user/lib</pre>
					
					<h4>examples/MD_DS3231_LCD_Time</h4>
					<p>
						Result: <b>FAIL</b>
					</p>
					<pre class="pre-scrollable">In file included from /home/ec2-user/arduino-testlib/cli-datadir/data/packages/arduino/tools/avr-gcc/7.3.0-atmel3.6.1-arduino5/avr/include/avr/io.h:677:0,
                 from /home/ec2-user/arduino-testlib/cli-datadir/data/packages/arduino/tools/avr-gcc/7.3.0-atmel3.6.1-arduino5/avr/include/avr/pgmspace.h:90,
                 from /home/ec2-user/arduino-testlib/cli-datadir/data/packages/arduino/hardware/megaavr/1.8.7/cores/arduino/api/String.h:31,
                 from /home/ec2-user/arduino-testlib/cli-datadir/data/packages/arduino/hardware/megaavr/1.8.7/cores/arduino/api/IPAddress.h:24,
                 from /home/ec2-user/arduino-testlib/cli-datadir/data/packages/arduino/hardware/megaavr/1.8.7/cores/arduino/api/ArduinoAPI.h:30,
                 from /home/ec2-user/arduino-testlib/cli-datadir/data/packages/arduino/hardware/megaavr/1.8.7/cores/arduino/Arduino.h:23,
                 from /tmp/arduino-sketch-67B41B3860F654BC6432B1DF5C6B6E03/sketch/MD_DS3231_LCD_Time.ino.cpp:1:
/home/ec2-user/arduino-testlib/cli-datadir/user/libraries/MD_DS3231/src/MD_DS3231.h:763:18: error: expected &#39;)&#39; before &#39;*&#39; token
 extern MD_DS3231 RTC;    ///&lt; Library created instance of the RTC class
                  ^
/home/ec2-user/arduino-testlib/cli-datadir/user/libraries/MD_DS3231/src/MD_DS3231.h:763:18: error: expected &#39;)&#39; before &#39;*&#39; token
/home/ec2-user/arduino-testlib/cli-datadir/user/libraries/MD_DS3231/examples/MD_DS3231_LCD_Time/MD_DS3231_LCD_Time.ino: In function &#39;void printTime()&#39;:
/home/ec2-user/arduino-testlib/cli-datadir/user/libraries/MD_DS3231/examples/MD_DS3231_LCD_Time/MD_DS3231_LCD_Time.ino:45:28: error: &#39;RTC_t {aka struct RTC_struct}&#39; has no member named &#39;dow&#39;
   lcd.print(dow2String(RTC.dow));
                            ^~~
/home/ec2-user/arduino-testlib/cli-datadir/user/libraries/MD_DS3231/examples/MD_DS3231_LCD_Time/MD_DS3231_LCD_Time.ino:47:17: error: &#39;RTC_t {aka struct RTC_struct}&#39; has no member named &#39;yyyy&#39;
   lcd.print(RTC.yyyy);
                 ^~~~
/home/ec2-user/arduino-testlib/cli-datadir/user/libraries/MD_DS3231/examples/MD_DS3231_LCD_Time/MD_DS3231_LCD_Time.ino:49:13: error: &#39;RTC_t {aka struct RTC_struct}&#39; has no member named &#39;mm&#39;
   p2dig(RTC.mm);
             ^~
/home/ec2-user/arduino-testlib/cli-datadir/user/libraries/MD_DS3231/examples/MD_DS3231_LCD_Time/MD_DS3231_LCD_Time.ino:51:13: error: &#39;RTC_t {aka struct RTC_struct}&#39; has no member named &#39;dd&#39;
   p2dig(RTC.dd);
             ^~
/home/ec2-user/arduino-testlib/cli-datadir/user/libraries/MD_DS3231/examples/MD_DS3231_LCD_Time/MD_DS3231_LCD_Time.ino:54:13: error: &#39;RTC_t {aka struct RTC_struct}&#39; has no member named &#39;h&#39;
   p2dig(RTC.h);
             ^
/home/ec2-user/arduino-testlib/cli-datadir/user/libraries/MD_DS3231/examples/MD_DS3231_LCD_Time/MD_DS3231_LCD_Time.ino:56:13: error: &#39;RTC_t {aka struct RTC_struct}&#39; has no member named &#39;m&#39;
   p2dig(RTC.m);
             ^
/home/ec2-user/arduino-testlib/cli-datadir/user/libraries/MD_DS3231/examples/MD_DS3231_LCD_Time/MD_DS3231_LCD_Time.ino:58:13: error: &#39;RTC_t {aka struct RTC_struct}&#39; has no member named &#39;s&#39;
   p2dig(RTC.s);
             ^
/home/ec2-user/arduino-testlib/cli-datadir/user/libraries/MD_DS3231/examples/MD_DS3231_LCD_Time/MD_DS3231_LCD_Time.ino:59:11: error: &#39;RTC_t {aka struct RTC_struct}&#39; has no member named &#39;status&#39;
   if (RTC.status(DS3231_12H) == DS3231_ON)
           ^~~~~~
/home/ec2-user/arduino-testlib/cli-datadir/user/libraries/MD_DS3231/examples/MD_DS3231_LCD_Time/MD_DS3231_LCD_Time.ino:60:19: error: &#39;RTC_t {aka struct RTC_struct}&#39; has no member named &#39;pm&#39;
     lcd.print(RTC.pm ? &#34; pm&#34; : &#34; am&#34;);
                   ^~
/home/ec2-user/arduino-testlib/cli-datadir/user/libraries/MD_DS3231/examples/MD_DS3231_LCD_Time/MD_DS3231_LCD_Time.ino: In function &#39;void displayUpdate()&#39;:
/home/ec2-user/arduino-testlib/cli-datadir/user/libraries/MD_DS3231/examples/MD_DS3231_LCD_Time/MD_DS3231_LCD_Time.ino:66:7: error: &#39;RTC_t {aka struct RTC_struct}&#39; has no member named &#39;readTime&#39;
   RTC.readTime();
       ^~~~~~~~
/home/ec2-user/arduino-testlib/cli-datadir/user/libraries/MD_DS3231/examples/MD_DS3231_LCD_Time/MD_DS3231_LCD_Time.ino: In function &#39;void setup()&#39;:
/home/ec2-user/arduino-testlib/cli-datadir/user/libraries/MD_DS3231/examples/MD_DS3231_LCD_Time/MD_DS3231_LCD_Time.ino:90:7: error: &#39;RTC_t {aka struct RTC_struct}&#39; has no member named &#39;setAlarm1Callback&#39;
   RTC.setAlarm1Callback(alarmICB);
       ^~~~~~~~~~~~~~~~~
/home/ec2-user/arduino-testlib/cli-datadir/user/libraries/MD_DS3231/examples/MD_DS3231_LCD_Time/MD_DS3231_LCD_Time.ino:105:7: error: &#39;RTC_t {aka struct RTC_struct}&#39; has no member named &#39;setAlarm1Type&#39;
   RTC.setAlarm1Type(DS3231_ALM_SEC);
       ^~~~~~~~~~~~~
/home/ec2-user/arduino-testlib/cli-datadir/user/libraries/MD_DS3231/examples/MD_DS3231_LCD_Time/MD_DS3231_LCD_Time.ino: In function &#39;void loop()&#39;:
/home/ec2-user/arduino-testlib/cli-datadir/user/libraries/MD_DS3231/examples/MD_DS3231_LCD_Time/MD_DS3231_LCD_Time.ino:114:7: error: &#39;RTC_t {aka struct RTC_struct}&#39; has no member named &#39;checkAlarm1&#39;
   RTC.checkAlarm1();
       ^~~~~~~~~~~

</pre>
					
					<h4>examples/MD_DS3231_Test</h4>
					<p>
						Result: <b>FAIL</b>
					</p>
					<pre class="pre-scrollable">In file included from /home/ec2-user/arduino-testlib/cli-datadir/data/packages/arduino/tools/avr-gcc/7.3.0-atmel3.6.1-arduino5/avr/include/avr/io.h:677:0,
                 from /home/ec2-user/arduino-testlib/cli-datadir/data/packages/arduino/tools/avr-gcc/7.3.0-atmel3.6.1-arduino5/avr/include/avr/pgmspace.h:90,
                 from /home/ec2-user/arduino-testlib/cli-datadir/data/packages/arduino/hardware/megaavr/1.8.7/cores/arduino/api/String.h:31,
                 from /home/ec2-user/arduino-testlib/cli-datadir/data/packages/arduino/hardware/megaavr/1.8.7/cores/arduino/api/IPAddress.h:24,
                 from /home/ec2-user/arduino-testlib/cli-datadir/data/packages/arduino/hardware/megaavr/1.8.7/cores/arduino/api/ArduinoAPI.h:30,
                 from /home/ec2-user/arduino-testlib/cli-datadir/data/packages/arduino/hardware/megaavr/1.8.7/cores/arduino/Arduino.h:23,
                 from /tmp/arduino-sketch-6F2093376651C7258DF0091BEF5D2861/sketch/MD_DS3231_Test.ino.cpp:1:
/home/ec2-user/arduino-testlib/cli-datadir/user/libraries/MD_DS3231/src/MD_DS3231.h:763:18: error: expected &#39;)&#39; before &#39;*&#39; token
 extern MD_DS3231 RTC;    ///&lt; Library created instance of the RTC class
                  ^
/home/ec2-user/arduino-testlib/cli-datadir/user/libraries/MD_DS3231/src/MD_DS3231.h:763:18: error: expected &#39;)&#39; before &#39;*&#39; token
/home/ec2-user/arduino-testlib/cli-datadir/user/libraries/MD_DS3231/examples/MD_DS3231_Test/MD_DS3231_Test.ino: In function &#39;void setup()&#39;:
/home/ec2-user/arduino-testlib/cli-datadir/user/libraries/MD_DS3231/examples/MD_DS3231_Test/MD_DS3231_Test.ino:16:7: error: &#39;RTC_t {aka struct RTC_struct}&#39; has no member named &#39;setAlarm1Callback&#39;
   RTC.setAlarm1Callback(cbAlarm1);
       ^~~~~~~~~~~~~~~~~
/home/ec2-user/arduino-testlib/cli-datadir/user/libraries/MD_DS3231/examples/MD_DS3231_Test/MD_DS3231_Test.ino:17:7: error: &#39;RTC_t {aka struct RTC_struct}&#39; has no member named &#39;setAlarm2Callback&#39;
   RTC.setAlarm2Callback(cbAlarm2);
       ^~~~~~~~~~~~~~~~~
/home/ec2-user/arduino-testlib/cli-datadir/user/libraries/MD_DS3231/examples/MD_DS3231_Test/MD_DS3231_Test.ino: In function &#39;void showStatus()&#39;:
/home/ec2-user/arduino-testlib/cli-datadir/user/libraries/MD_DS3231/examples/MD_DS3231_Test/MD_DS3231_Test.ino:178:51: error: &#39;RTC_t {aka struct RTC_struct}&#39; has no member named &#39;status&#39;
   PRINT(&#34;\n/EOSC Halt Enabled:\t&#34;, sts2String(RTC.status(DS3231_CLOCK_HALT)));
                                                   ^
/home/ec2-user/arduino-testlib/cli-datadir/user/libraries/MD_DS3231/examples/MD_DS3231_Test/MD_DS3231_Test.ino:10:56: note: in definition of macro &#39;PRINT&#39;
 #define PRINT(s, v) { Serial.print(F(s)); Serial.print(v); }
                                                        ^
/home/ec2-user/arduino-testlib/cli-datadir/user/libraries/MD_DS3231/examples/MD_DS3231_Test/MD_DS3231_Test.ino:179:53: error: &#39;RTC_t {aka struct RTC_struct}&#39; has no member named &#39;status&#39;
   PRINT(&#34;\nBBSQW Sq Wave Enable:\t&#34;, sts2String(RTC.status(DS3231_SQW_ENABLE)));
                                                     ^
/home/ec2-user/arduino-testlib/cli-datadir/user/libraries/MD_DS3231/examples/MD_DS3231_Test/MD_DS3231_Test.ino:10:56: note: in definition of macro &#39;PRINT&#39;
 #define PRINT(s, v) { Serial.print(F(s)); Serial.print(v); }
                                                        ^
/home/ec2-user/arduino-testlib/cli-datadir/user/libraries/MD_DS3231/examples/MD_DS3231_Test/MD_DS3231_Test.ino:180:51: error: &#39;RTC_t {aka struct RTC_struct}&#39; has no member named &#39;status&#39;
   PRINT(&#34;\nRS1_2 Sq Wave Freq:\t&#34;, sts2String(RTC.status(DS3231_SQW_TYPE)));
                                                   ^
/home/ec2-user/arduino-testlib/cli-datadir/user/libraries/MD_DS3231/examples/MD_DS3231_Test/MD_DS3231_Test.ino:10:56: note: in definition of macro &#39;PRINT&#39;
 #define PRINT(s, v) { Serial.print(F(s)); Serial.print(v); }
                                                        ^
/home/ec2-user/arduino-testlib/cli-datadir/user/libraries/MD_DS3231/examples/MD_DS3231_Test/MD_DS3231_Test.ino:181:51: error: &#39;RTC_t {aka struct RTC_struct}&#39; has no member named &#39;status&#39;
   PRINT(&#34;\nCONV  Temp Convert:\t&#34;, sts2String(RTC.status(DS3231_TCONV)));
                                                   ^
/home/ec2-user/arduino-testlib/cli-datadir/user/libraries/MD_DS3231/examples/MD_DS3231_Test/MD_DS3231_Test.ino:10:56: note: in definition of macro &#39;PRINT&#39;
 #define PRINT(s, v) { Serial.print(F(s)); Serial.print(v); }
                                                        ^
/home/ec2-user/arduino-testlib/cli-datadir/user/libraries/MD_DS3231/examples/MD_DS3231_Test/MD_DS3231_Test.ino:182:49: error: &#39;RTC_t {aka struct RTC_struct}&#39; has no member named &#39;status&#39;
   PRINT(&#34;\nINTCN Int enable:\t&#34;, sts2String(RTC.status(DS3231_INT_ENABLE)));
                                                 ^
/home/ec2-user/arduino-testlib/cli-datadir/user/libraries/MD_DS3231/examples/MD_DS3231_Test/MD_DS3231_Test.ino:10:56: note: in definition of macro &#39;PRINT&#39;
 #define PRINT(s, v) { Serial.print(F(s)); Serial.print(v); }
                                                        ^
/home/ec2-user/arduino-testlib/cli-datadir/user/libraries/MD_DS3231/examples/MD_DS3231_Test/MD_DS3231_Test.ino:183:49: error: &#39;RTC_t {aka struct RTC_struct}&#39; has no member named &#39;status&#39;
   PRINT(&#34;\n      12h mode:\t\t&#34;, sts2String(RTC.status(DS3231_12H)));
                                                 ^
/home/ec2-user/arduino-testlib/cli-datadir/user/libraries/MD_DS3231/examples/MD_DS3231_Test/MD_DS3231_Test.ino:10:56: note: in definition of macro &#39;PRINT&#39;
 #define PRINT(s, v) { Serial.print(F(s)); Serial.print(v); }
                                                        ^
/home/ec2-user/arduino-testlib/cli-datadir/user/libraries/MD_DS3231/examples/MD_DS3231_Test/MD_DS3231_Test.ino:184:52: error: &#39;RTC_t {aka struct RTC_struct}&#39; has no member named &#39;status&#39;
   PRINT(&#34;\nEN32k 32kHz enabled:\t&#34;, sts2String(RTC.status(DS3231_32KHZ_ENABLE)));
                                                    ^
/home/ec2-user/arduino-testlib/cli-datadir/user/libraries/MD_DS3231/examples/MD_DS3231_Test/MD_DS3231_Test.ino:10:56: note: in definition of macro &#39;PRINT&#39;
 #define PRINT(s, v) { Serial.print(F(s)); Serial.print(v); }
                                                        ^
/home/ec2-user/arduino-testlib/cli-datadir/user/libraries/MD_DS3231/examples/MD_DS3231_Test/MD_DS3231_Test.ino:185:51: error: &#39;RTC_t {aka struct RTC_struct}&#39; has no member named &#39;status&#39;
   PRINT(&#34;\nAGING Aging Offset:\t&#34;, sts2String(RTC.status(DS3231_AGING_OFFSET), true));
                                                   ^
/home/ec2-user/arduino-testlib/cli-datadir/user/libraries/MD_DS3231/examples/MD_DS3231_Test/MD_DS3231_Test.ino:10:56: note: in definition of macro &#39;PRINT&#39;
 #define PRINT(s, v) { Serial.print(F(s)); Serial.print(v); }
                                                        ^
/home/ec2-user/arduino-testlib/cli-datadir/user/libraries/MD_DS3231/examples/MD_DS3231_Test/MD_DS3231_Test.ino:188:49: error: &#39;RTC_t {aka struct RTC_struct}&#39; has no member named &#39;status&#39;
   PRINT(&#34;\nBSY  Busy Flag:\t\t&#34;, sts2String(RTC.status(DS3231_BUSY_FLAG)));
                                                 ^
/home/ec2-user/arduino-testlib/cli-datadir/user/libraries/MD_DS3231/examples/MD_DS3231_Test/MD_DS3231_Test.ino:10:56: note: in definition of macro &#39;PRINT&#39;
 #define PRINT(s, v) { Serial.print(F(s)); Serial.print(v); }
                                                        ^
/home/ec2-user/arduino-testlib/cli-datadir/user/libraries/MD_DS3231/examples/MD_DS3231_Test/MD_DS3231_Test.ino:189:49: error: &#39;RTC_t {aka struct RTC_struct}&#39; has no member named &#39;status&#39;
   PRINT(&#34;\nOSF  Halted Flag:\t&#34;, sts2String(RTC.status(DS3231_HALTED_FLAG)));
                                                 ^
/home/ec2-user/arduino-testlib/cli-datadir/user/libraries/MD_DS3231/examples/MD_DS3231_Test/MD_DS3231_Test.ino:10:56: note: in definition of macro &#39;PRINT&#39;
 #define PRINT(s, v) { Serial.print(F(s)); Serial.print(v); }
                                                        ^
/home/ec2-user/arduino-testlib/cli-datadir/user/libraries/MD_DS3231/examples/MD_DS3231_Test/MD_DS3231_Test.ino:196:46: error: &#39;RTC_t {aka struct RTC_struct}&#39; has no member named &#39;status&#39;
   PRINT(&#34;\nA1IE   Intrpt:\t&#34;, sts2String(RTC.status(DS3231_A1_INT_ENABLE)));
                                              ^
/home/ec2-user/arduino-testlib/cli-datadir/user/libraries/MD_DS3231/examples/MD_DS3231_Test/MD_DS3231_Test.ino:10:56: note: in definition of macro &#39;PRINT&#39;
 #define PRINT(s, v) { Serial.print(F(s)); Serial.print(v); }
                                                        ^
/home/ec2-user/arduino-testlib/cli-datadir/user/libraries/MD_DS3231/examples/MD_DS3231_Test/MD_DS3231_Test.ino:197:44: error: &#39;RTC_t {aka struct RTC_struct}&#39; has no member named &#39;status&#39;
   PRINT(&#34;\nA1F    Flag:\t&#34;, sts2String(RTC.status(DS3231_A1_FLAG)));
                                            ^
/home/ec2-user/arduino-testlib/cli-datadir/user/libraries/MD_DS3231/examples/MD_DS3231_Test/MD_DS3231_Test.ino:10:56: note: in definition of macro &#39;PRINT&#39;
 #define PRINT(s, v) { Serial.print(F(s)); Serial.print(v); }
                                                        ^
/home/ec2-user/arduino-testlib/cli-datadir/user/libraries/MD_DS3231/examples/MD_DS3231_Test/MD_DS3231_Test.ino:198:44: error: &#39;RTC_t {aka struct RTC_struct}&#39; has no member named &#39;getAlarm1Type&#39;
   PRINT(&#34;\nA1M1_4 Type:\t&#34;, alm2String(RTC.getAlarm1Type()));
                                            ^
/home/ec2-user/arduino-testlib/cli-datadir/user/libraries/MD_DS3231/examples/MD_DS3231_Test/MD_DS3231_Test.ino:10:56: note: in definition of macro &#39;PRINT&#39;
 #define PRINT(s, v) { Serial.print(F(s)); Serial.print(v); }
                                                        ^
/home/ec2-user/arduino-testlib/cli-datadir/user/libraries/MD_DS3231/examples/MD_DS3231_Test/MD_DS3231_Test.ino:202:46: error: &#39;RTC_t {aka struct RTC_struct}&#39; has no member named &#39;st</pre>
					
				
				<h3 id="arduino:samd:mkrwifi1010">arduino:samd:mkrwifi1010 @ 1.8.12</h3>
				<h4>Inclusion</h4>
				<p>
					Result: <b>FAIL</b>
					
				</p>
				<pre class="pre-scrollable">In file included from /Users/alranel/Documents/git/arduino/arduino-testlib/cli-datadir/data/packages/arduino/tools/CMSIS-Atmel/1.2.0/CMSIS/Device/ATMEL/samd21/include/samd21.h:69:0,
                 from /Users/alranel/Documents/git/arduino/arduino-testlib/cli-datadir/data/packages/arduino/tools/CMSIS-Atmel/1.2.0/CMSIS/Device/ATMEL/samd.h:105,
                 from /Users/alranel/Documents/git/arduino/arduino-testlib/cli-datadir/data/packages/arduino/hardware/samd/1.8.12/cores/arduino/Arduino.h:38,
                 from /private/var/folders/47/_57rjy4111jc7dfpgjmcc93w0000gp/T/arduino-sketch-29233E85AAC21AD22888F49F4FB6A234/sketch/test.ino.cpp:1:
/Users/alranel/Documents/git/arduino/arduino-testlib/cli-datadir/data/packages/arduino/tools/CMSIS-Atmel/1.2.0/CMSIS/Device/ATMEL/samd21/include/samd21g18a.h:487:38: error: expected &#39;)&#39; before &#39;*&#39; token
 #define RTC               ((Rtc      *)0x40001400UL) /**&lt; \brief (RTC) APB Base Address */
                                      ^
/Users/alranel/Documents/git/arduino/arduino-testlib/cli-datadir/user/libraries/MD_DS3231/src/MD_DS3231.h:763:18: note: in expansion of macro &#39;RTC&#39;
 extern MD_DS3231 RTC;    ///&lt; Library created instance of the RTC class
                  ^~~
/Users/alranel/Documents/git/arduino/arduino-testlib/cli-datadir/data/packages/arduino/tools/CMSIS-Atmel/1.2.0/CMSIS/Device/ATMEL/samd21/include/samd21g18a.h:487:38: error: expected &#39;)&#39; before &#39;*&#39; token
 #define RTC               ((Rtc      *)0x40001400UL) /**&lt; \brief (RTC) APB Base Address */
                                      ^
/Users/alranel/Documents/git/arduino/arduino-testlib/cli-datadir/user/libraries/MD_DS3231/src/MD_DS3231.h:763:18: note: in expansion of macro &#39;RTC&#39;
 extern MD_DS3231 RTC;    ///&lt; Library created instance of the RTC class
                  ^~~

</pre>

					
					<h4>examples/MD_DS3231_LCD_AlmClock</h4>
					<p>
						Result: <b>FAIL</b>
					</p>
					<pre class="pre-scrollable">In file included from /Users/alranel/Documents/git/arduino/arduino-testlib/cli-datadir/data/packages/arduino/tools/CMSIS-Atmel/1.2.0/CMSIS/Device/ATMEL/samd21/include/samd21.h:69:0,
                 from /Users/alranel/Documents/git/arduino/arduino-testlib/cli-datadir/data/packages/arduino/tools/CMSIS-Atmel/1.2.0/CMSIS/Device/ATMEL/samd.h:105,
                 from /Users/alranel/Documents/git/arduino/arduino-testlib/cli-datadir/data/packages/arduino/hardware/samd/1.8.12/cores/arduino/Arduino.h:38,
                 from /private/var/folders/47/_57rjy4111jc7dfpgjmcc93w0000gp/T/arduino-sketch-8B555B6A76BEB08495CF06E9DCAA6B73/sketch/MD_DS3231_LCD_AlmClock.ino.cpp:1:
/Users/alranel/Documents/git/arduino/arduino-testlib/cli-datadir/data/packages/arduino/tools/CMSIS-Atmel/1.2.0/CMSIS/Device/ATMEL/samd21/include/samd21g18a.h:487:38: error: expected &#39;)&#39; before &#39;*&#39; token
 #define RTC               ((Rtc      *)0x40001400UL) /**&lt; \brief (RTC) APB Base Address */
                                      ^
/Users/alranel/Documents/git/arduino/arduino-testlib/cli-datadir/user/libraries/MD_DS3231/src/MD_DS3231.h:763:18: note: in expansion of macro &#39;RTC&#39;
 extern MD_DS3231 RTC;    ///&lt; Library created instance of the RTC class
                  ^~~
/Users/alranel/Documents/git/arduino/arduino-testlib/cli-datadir/data/packages/arduino/tools/CMSIS-Atmel/1.2.0/CMSIS/Device/ATMEL/samd21/include/samd21g18a.h:487:38: error: expected &#39;)&#39; before &#39;*&#39; token
 #define RTC               ((Rtc      *)0x40001400UL) /**&lt; \brief (RTC) APB Base Address */
                                      ^
/Users/alranel/Documents/git/arduino/arduino-testlib/cli-datadir/user/libraries/MD_DS3231/src/MD_DS3231.h:763:18: note: in expansion of macro &#39;RTC&#39;
 extern MD_DS3231 RTC;    ///&lt; Library created instance of the RTC class
                  ^~~
In file included from /Users/alranel/Documents/git/arduino/arduino-testlib/cli-datadir/user/libraries/MD_DS3231/examples/MD_DS3231_LCD_AlmClock/MD_DS3231_LCD_AlmClock.ino:16:0:
/Users/alranel/Documents/git/arduino/arduino-testlib/cli-datadir/user/libraries/MD_AButton/src/MD_AButton.h:33:3: error: extra qualification &#39;MD_AButton::&#39; on member &#39;MD_AButton&#39; [-fpermissive]
   MD_AButton::MD_AButton(uint8_t keyPin) :
   ^~~~~~~~~~
/Users/alranel/Documents/git/arduino/arduino-testlib/cli-datadir/user/libraries/MD_DS3231/examples/MD_DS3231_LCD_AlmClock/MD_DS3231_LCD_AlmClock.ino: In function &#39;void displayUpdate()&#39;:
/Users/alranel/Documents/git/arduino/arduino-testlib/cli-datadir/user/libraries/MD_DS3231/examples/MD_DS3231_LCD_AlmClock/MD_DS3231_LCD_AlmClock.ino:49:7: error: request for member &#39;readTime&#39; in &#39;(Rtc*)1073746944&#39;, which is of pointer type &#39;Rtc*&#39; (maybe you meant to use &#39;-&gt;&#39; ?)
   RTC.readTime();
       ^~~~~~~~
/Users/alranel/Documents/git/arduino/arduino-testlib/cli-datadir/user/libraries/MD_DS3231/examples/MD_DS3231_LCD_AlmClock/MD_DS3231_LCD_AlmClock.ino:53:9: error: request for member &#39;readAlarm2&#39; in &#39;(Rtc*)1073746944&#39;, which is of pointer type &#39;Rtc*&#39; (maybe you meant to use &#39;-&gt;&#39; ?)
     RTC.readAlarm2();
         ^~~~~~~~~~
/Users/alranel/Documents/git/arduino/arduino-testlib/cli-datadir/user/libraries/MD_DS3231/examples/MD_DS3231_LCD_AlmClock/MD_DS3231_LCD_AlmClock.ino:54:16: error: request for member &#39;h&#39; in &#39;(Rtc*)1073746944&#39;, which is of pointer type &#39;Rtc*&#39; (maybe you meant to use &#39;-&gt;&#39; ?)
     almH = RTC.h;
                ^
/Users/alranel/Documents/git/arduino/arduino-testlib/cli-datadir/user/libraries/MD_DS3231/examples/MD_DS3231_LCD_AlmClock/MD_DS3231_LCD_AlmClock.ino:55:16: error: request for member &#39;m&#39; in &#39;(Rtc*)1073746944&#39;, which is of pointer type &#39;Rtc*&#39; (maybe you meant to use &#39;-&gt;&#39; ?)
     almM = RTC.m;
                ^
/Users/alranel/Documents/git/arduino/arduino-testlib/cli-datadir/user/libraries/MD_DS3231/examples/MD_DS3231_LCD_AlmClock/MD_DS3231_LCD_AlmClock.ino: In function &#39;void printTime()&#39;:
/Users/alranel/Documents/git/arduino/arduino-testlib/cli-datadir/user/libraries/MD_DS3231/examples/MD_DS3231_LCD_AlmClock/MD_DS3231_LCD_AlmClock.ino:100:28: error: request for member &#39;dow&#39; in &#39;(Rtc*)1073746944&#39;, which is of pointer type &#39;Rtc*&#39; (maybe you meant to use &#39;-&gt;&#39; ?)
   lcd.print(dow2String(RTC.dow));
                            ^~~
/Users/alranel/Documents/git/arduino/arduino-testlib/cli-datadir/user/libraries/MD_DS3231/examples/MD_DS3231_LCD_AlmClock/MD_DS3231_LCD_AlmClock.ino:102:17: error: request for member &#39;yyyy&#39; in &#39;(Rtc*)1073746944&#39;, which is of pointer type &#39;Rtc*&#39; (maybe you meant to use &#39;-&gt;&#39; ?)
   lcd.print(RTC.yyyy);
                 ^~~~
/Users/alranel/Documents/git/arduino/arduino-testlib/cli-datadir/user/libraries/MD_DS3231/examples/MD_DS3231_LCD_AlmClock/MD_DS3231_LCD_AlmClock.ino:104:13: error: request for member &#39;mm&#39; in &#39;(Rtc*)1073746944&#39;, which is of pointer type &#39;Rtc*&#39; (maybe you meant to use &#39;-&gt;&#39; ?)
   p2dig(RTC.mm);
             ^~
/Users/alranel/Documents/git/arduino/arduino-testlib/cli-datadir/user/libraries/MD_DS3231/examples/MD_DS3231_LCD_AlmClock/MD_DS3231_LCD_AlmClock.ino:106:13: error: request for member &#39;dd&#39; in &#39;(Rtc*)1073746944&#39;, which is of pointer type &#39;Rtc*&#39; (maybe you meant to use &#39;-&gt;&#39; ?)
   p2dig(RTC.dd);
             ^~
/Users/alranel/Documents/git/arduino/arduino-testlib/cli-datadir/user/libraries/MD_DS3231/examples/MD_DS3231_LCD_AlmClock/MD_DS3231_LCD_AlmClock.ino:110:13: error: request for member &#39;h&#39; in &#39;(Rtc*)1073746944&#39;, which is of pointer type &#39;Rtc*&#39; (maybe you meant to use &#39;-&gt;&#39; ?)
   p2dig(RTC.h);
             ^
/Users/alranel/Documents/git/arduino/arduino-testlib/cli-datadir/user/libraries/MD_DS3231/examples/MD_DS3231_LCD_AlmClock/MD_DS3231_LCD_AlmClock.ino:112:13: error: request for member &#39;m&#39; in &#39;(Rtc*)1073746944&#39;, which is of pointer type &#39;Rtc*&#39; (maybe you meant to use &#39;-&gt;&#39; ?)
   p2dig(RTC.m);
             ^
/Users/alranel/Documents/git/arduino/arduino-testlib/cli-datadir/user/libraries/MD_DS3231/examples/MD_DS3231_LCD_AlmClock/MD_DS3231_LCD_AlmClock.ino:114:13: error: request for member &#39;s&#39; in &#39;(Rtc*)1073746944&#39;, which is of pointer type &#39;Rtc*&#39; (maybe you meant to use &#39;-&gt;&#39; ?)
   p2dig(RTC.s);
             ^
/Users/alranel/Documents/git/arduino/arduino-testlib/cli-datadir/user/libraries/MD_DS3231/examples/MD_DS3231_LCD_AlmClock/MD_DS3231_LCD_AlmClock.ino:115:11: error: request for member &#39;status&#39; in &#39;(Rtc*)1073746944&#39;, which is of pointer type &#39;Rtc*&#39; (maybe you meant to use &#39;-&gt;&#39; ?)
   if (RTC.status(DS3231_12H) == DS3231_ON)
           ^~~~~~
/Users/alranel/Documents/git/arduino/arduino-testlib/cli-datadir/user/libraries/MD_DS3231/examples/MD_DS3231_LCD_AlmClock/MD_DS3231_LCD_AlmClock.ino:116:19: error: request for member &#39;pm&#39; in &#39;(Rtc*)1073746944&#39;, which is of pointer type &#39;Rtc*&#39; (maybe you meant to use &#39;-&gt;&#39; ?)
     lcd.print(RTC.pm ? &#34; pm&#34; : &#34; am&#34;);
                   ^~
/Users/alranel/Documents/git/arduino/arduino-testlib/cli-datadir/user/libraries/MD_DS3231/examples/MD_DS3231_LCD_AlmClock/MD_DS3231_LCD_AlmClock.ino: In function &#39;void setMyAlarm()&#39;:
/Users/alranel/Documents/git/arduino/arduino-testlib/cli-datadir/user/libraries/MD_DS3231/examples/MD_DS3231_LCD_AlmClock/MD_DS3231_LCD_AlmClock.ino:122:7: error: request for member &#39;yyyy&#39; in &#39;(Rtc*)1073746944&#39;, which is of pointer type &#39;Rtc*&#39; (maybe you meant to use &#39;-&gt;&#39; ?)
   RTC.yyyy = RTC.mm = RTC.dd = 0;
       ^~~~
/Users/alranel/Documents/git/arduino/arduino-testlib/cli-datadir/user/libraries/MD_DS3231/examples/MD_DS3231_LCD_AlmClock/MD_DS3231_LCD_AlmClock.ino:122:18: error: request for member &#39;mm&#39; in &#39;(Rtc*)1073746944&#39;, which is of pointer type &#39;Rtc*&#39; (maybe you meant to use &#39;-&gt;&#39; ?)
   RTC.yyyy = RTC.mm = RTC.dd = 0;
                  ^~
/Users/alranel/Documents/git/arduino/arduino-testlib/cli-datadir/user/libraries/MD_DS3231/examples/MD_DS3231_LCD_AlmClock/MD_DS3231_LCD_AlmClock.ino:122:27: error: request for member &#39;dd&#39; in &#39;(Rtc*)1073746944&#39;, which is of pointer type &#39;Rtc*&#39; (maybe you meant to use &#39;-&gt;&#39; ?)
   RTC.yyyy = RTC.mm = RTC.dd = 0;
                           ^~
/Users/alranel/Documents/git/arduino/arduino-testlib/cli-datadir/user/libraries/MD_DS3231/examples/MD_DS3231_LCD_AlmClock/MD_DS3231_LCD_AlmClock.ino:123:7: error: request for member &#39;h&#39; in &#39;(Rtc*)1073746944&#39;, which is of pointer type &#39;Rtc*&#39; (maybe you meant to use &#39;-&gt;&#39; ?)
   RTC.h = almH;
       ^
/Users/alranel/Documents/git/arduino/arduino-testlib/cli-datadir/user/libraries/MD_DS3231/examples/MD_DS3231_LCD_AlmClock/MD_DS3231_LCD_AlmClock.ino:124:7: error: request for member &#39;m&#39; in &#39;(Rtc*)1073746944&#39;, which is of pointer type &#39;Rtc*&#39; (maybe you meant to use &#39;-&gt;&#39; ?)
   RTC.m = almM;
       ^
/Users/alranel/Documents/git/arduino/arduino-testlib/cli-datadir/user/libraries/MD_DS3231/examples/MD_DS3231_LCD_AlmClock/MD_DS3231_LCD_AlmClock.ino:125:7: error: request for member &#39;s&#39; in &#39;(Rtc*)1073746944&#39;, which is of pointer type &#39;Rtc*&#39; (maybe you meant to use &#39;-&gt;&#39; ?)
   RTC.s = RTC.dow = 0;
       ^
/Users/alranel/Documents/git/arduino/arduino-testlib/cli-datadir/user/libraries/MD_DS3231/examples/MD_DS3231_LCD_AlmClock/MD_DS3231_LCD_AlmClock.ino:125:15: error: request for member &#39;dow&#39; in &#39;(Rtc*)1073746944&#39;, which is of pointer type &#39;Rtc*&#39; (maybe you meant to use &#39;-&gt;&#39; ?)
   RTC.s = RTC.dow = 0;
               ^~~
/Users/alranel/Documents/git/arduino/arduino-testlib/cli-datadir/user/libraries/MD_DS3231/examples/MD_DS3231_LCD_AlmClock/MD_DS3231_LCD_AlmClock.ino:127:9: error: request for member &#39;writeAlarm2&#39; in &#39;(Rtc*)1073746944&#39;, which is of pointer type &#39;Rtc*&#39; (maybe you meant to use &#39;-&gt;&#39; ?)
     RTC.writeAlarm2(ALARM_ON_TYPE);
         ^~~~~~~~~~~
/Users/alranel/Documents/git/arduino/arduino-testlib/cli-datadir/user/libraries/MD_DS3231/examples/MD_DS3231_LCD_AlmClock/MD_DS3231_LCD_AlmClock.ino:129:9: error: request for member &#39;writeAlarm2&#39; in &#39;(Rtc*)1073746944&#39;, which is of pointer type &#39;Rtc*&#39; (maybe you meant to use &#39;-&gt;&#39; ?)
     RTC.writeAlarm2(ALARM_OFF_TYPE);
         ^~~~~~~~~~~
/Users/alranel/Documents/git/arduino/arduino-testlib/cli-datadir/user/libraries/MD_DS3231/examples/MD_DS3231_LCD_AlmClock/MD_DS3231_LCD_AlmClock.ino: In f</pre>
					
					<h4>examples/MD_DS3231_LCD_Time</h4>
					<p>
						Result: <b>FAIL</b>
					</p>
					<pre class="pre-scrollable">In file included from /Users/alranel/Documents/git/arduino/arduino-testlib/cli-datadir/data/packages/arduino/tools/CMSIS-Atmel/1.2.0/CMSIS/Device/ATMEL/samd21/include/samd21.h:69:0,
                 from /Users/alranel/Documents/git/arduino/arduino-testlib/cli-datadir/data/packages/arduino/tools/CMSIS-Atmel/1.2.0/CMSIS/Device/ATMEL/samd.h:105,
                 from /Users/alranel/Documents/git/arduino/arduino-testlib/cli-datadir/data/packages/arduino/hardware/samd/1.8.12/cores/arduino/Arduino.h:38,
                 from /private/var/folders/47/_57rjy4111jc7dfpgjmcc93w0000gp/T/arduino-sketch-BF21B9C36C847FB6D7E0EAB0436EB946/sketch/MD_DS3231_LCD_Time.ino.cpp:1:
/Users/alranel/Documents/git/arduino/arduino-testlib/cli-datadir/data/packages/arduino/tools/CMSIS-Atmel/1.2.0/CMSIS/Device/ATMEL/samd21/include/samd21g18a.h:487:38: error: expected &#39;)&#39; before &#39;*&#39; token
 #define RTC               ((Rtc      *)0x40001400UL) /**&lt; \brief (RTC) APB Base Address */
                                      ^
/Users/alranel/Documents/git/arduino/arduino-testlib/cli-datadir/user/libraries/MD_DS3231/src/MD_DS3231.h:763:18: note: in expansion of macro &#39;RTC&#39;
 extern MD_DS3231 RTC;    ///&lt; Library created instance of the RTC class
                  ^~~
/Users/alranel/Documents/git/arduino/arduino-testlib/cli-datadir/data/packages/arduino/tools/CMSIS-Atmel/1.2.0/CMSIS/Device/ATMEL/samd21/include/samd21g18a.h:487:38: error: expected &#39;)&#39; before &#39;*&#39; token
 #define RTC               ((Rtc      *)0x40001400UL) /**&lt; \brief (RTC) APB Base Address */
                                      ^
/Users/alranel/Documents/git/arduino/arduino-testlib/cli-datadir/user/libraries/MD_DS3231/src/MD_DS3231.h:763:18: note: in expansion of macro &#39;RTC&#39;
 extern MD_DS3231 RTC;    ///&lt; Library created instance of the RTC class
                  ^~~
/Users/alranel/Documents/git/arduino/arduino-testlib/cli-datadir/user/libraries/MD_DS3231/examples/MD_DS3231_LCD_Time/MD_DS3231_LCD_Time.ino: In function &#39;void printTime()&#39;:
/Users/alranel/Documents/git/arduino/arduino-testlib/cli-datadir/user/libraries/MD_DS3231/examples/MD_DS3231_LCD_Time/MD_DS3231_LCD_Time.ino:45:28: error: request for member &#39;dow&#39; in &#39;(Rtc*)1073746944&#39;, which is of pointer type &#39;Rtc*&#39; (maybe you meant to use &#39;-&gt;&#39; ?)
   lcd.print(dow2String(RTC.dow));
                            ^~~
/Users/alranel/Documents/git/arduino/arduino-testlib/cli-datadir/user/libraries/MD_DS3231/examples/MD_DS3231_LCD_Time/MD_DS3231_LCD_Time.ino:47:17: error: request for member &#39;yyyy&#39; in &#39;(Rtc*)1073746944&#39;, which is of pointer type &#39;Rtc*&#39; (maybe you meant to use &#39;-&gt;&#39; ?)
   lcd.print(RTC.yyyy);
                 ^~~~
/Users/alranel/Documents/git/arduino/arduino-testlib/cli-datadir/user/libraries/MD_DS3231/examples/MD_DS3231_LCD_Time/MD_DS3231_LCD_Time.ino:49:13: error: request for member &#39;mm&#39; in &#39;(Rtc*)1073746944&#39;, which is of pointer type &#39;Rtc*&#39; (maybe you meant to use &#39;-&gt;&#39; ?)
   p2dig(RTC.mm);
             ^~
/Users/alranel/Documents/git/arduino/arduino-testlib/cli-datadir/user/libraries/MD_DS3231/examples/MD_DS3231_LCD_Time/MD_DS3231_LCD_Time.ino:51:13: error: request for member &#39;dd&#39; in &#39;(Rtc*)1073746944&#39;, which is of pointer type &#39;Rtc*&#39; (maybe you meant to use &#39;-&gt;&#39; ?)
   p2dig(RTC.dd);
             ^~
/Users/alranel/Documents/git/arduino/arduino-testlib/cli-datadir/user/libraries/MD_DS3231/examples/MD_DS3231_LCD_Time/MD_DS3231_LCD_Time.ino:54:13: error: request for member &#39;h&#39; in &#39;(Rtc*)1073746944&#39;, which is of pointer type &#39;Rtc*&#39; (maybe you meant to use &#39;-&gt;&#39; ?)
   p2dig(RTC.h);
             ^
/Users/alranel/Documents/git/arduino/arduino-testlib/cli-datadir/user/libraries/MD_DS3231/examples/MD_DS3231_LCD_Time/MD_DS3231_LCD_Time.ino:56:13: error: request for member &#39;m&#39; in &#39;(Rtc*)1073746944&#39;, which is of pointer type &#39;Rtc*&#39; (maybe you meant to use &#39;-&gt;&#39; ?)
   p2dig(RTC.m);
             ^
/Users/alranel/Documents/git/arduino/arduino-testlib/cli-datadir/user/libraries/MD_DS3231/examples/MD_DS3231_LCD_Time/MD_DS3231_LCD_Time.ino:58:13: error: request for member &#39;s&#39; in &#39;(Rtc*)1073746944&#39;, which is of pointer type &#39;Rtc*&#39; (maybe you meant to use &#39;-&gt;&#39; ?)
   p2dig(RTC.s);
             ^
/Users/alranel/Documents/git/arduino/arduino-testlib/cli-datadir/user/libraries/MD_DS3231/examples/MD_DS3231_LCD_Time/MD_DS3231_LCD_Time.ino:59:11: error: request for member &#39;status&#39; in &#39;(Rtc*)1073746944&#39;, which is of pointer type &#39;Rtc*&#39; (maybe you meant to use &#39;-&gt;&#39; ?)
   if (RTC.status(DS3231_12H) == DS3231_ON)
           ^~~~~~
/Users/alranel/Documents/git/arduino/arduino-testlib/cli-datadir/user/libraries/MD_DS3231/examples/MD_DS3231_LCD_Time/MD_DS3231_LCD_Time.ino:60:19: error: request for member &#39;pm&#39; in &#39;(Rtc*)1073746944&#39;, which is of pointer type &#39;Rtc*&#39; (maybe you meant to use &#39;-&gt;&#39; ?)
     lcd.print(RTC.pm ? &#34; pm&#34; : &#34; am&#34;);
                   ^~
/Users/alranel/Documents/git/arduino/arduino-testlib/cli-datadir/user/libraries/MD_DS3231/examples/MD_DS3231_LCD_Time/MD_DS3231_LCD_Time.ino: In function &#39;void displayUpdate()&#39;:
/Users/alranel/Documents/git/arduino/arduino-testlib/cli-datadir/user/libraries/MD_DS3231/examples/MD_DS3231_LCD_Time/MD_DS3231_LCD_Time.ino:66:7: error: request for member &#39;readTime&#39; in &#39;(Rtc*)1073746944&#39;, which is of pointer type &#39;Rtc*&#39; (maybe you meant to use &#39;-&gt;&#39; ?)
   RTC.readTime();
       ^~~~~~~~
/Users/alranel/Documents/git/arduino/arduino-testlib/cli-datadir/user/libraries/MD_DS3231/examples/MD_DS3231_LCD_Time/MD_DS3231_LCD_Time.ino: In function &#39;void setup()&#39;:
/Users/alranel/Documents/git/arduino/arduino-testlib/cli-datadir/user/libraries/MD_DS3231/examples/MD_DS3231_LCD_Time/MD_DS3231_LCD_Time.ino:90:7: error: request for member &#39;setAlarm1Callback&#39; in &#39;(Rtc*)1073746944&#39;, which is of pointer type &#39;Rtc*&#39; (maybe you meant to use &#39;-&gt;&#39; ?)
   RTC.setAlarm1Callback(alarmICB);
       ^~~~~~~~~~~~~~~~~
/Users/alranel/Documents/git/arduino/arduino-testlib/cli-datadir/user/libraries/MD_DS3231/examples/MD_DS3231_LCD_Time/MD_DS3231_LCD_Time.ino:105:7: error: request for member &#39;setAlarm1Type&#39; in &#39;(Rtc*)1073746944&#39;, which is of pointer type &#39;Rtc*&#39; (maybe you meant to use &#39;-&gt;&#39; ?)
   RTC.setAlarm1Type(DS3231_ALM_SEC);
       ^~~~~~~~~~~~~
/Users/alranel/Documents/git/arduino/arduino-testlib/cli-datadir/user/libraries/MD_DS3231/examples/MD_DS3231_LCD_Time/MD_DS3231_LCD_Time.ino: In function &#39;void loop()&#39;:
/Users/alranel/Documents/git/arduino/arduino-testlib/cli-datadir/user/libraries/MD_DS3231/examples/MD_DS3231_LCD_Time/MD_DS3231_LCD_Time.ino:114:7: error: request for member &#39;checkAlarm1&#39; in &#39;(Rtc*)1073746944&#39;, which is of pointer type &#39;Rtc*&#39; (maybe you meant to use &#39;-&gt;&#39; ?)
   RTC.checkAlarm1();
       ^~~~~~~~~~~

</pre>
					
					<h4>examples/MD_DS3231_Test</h4>
					<p>
						Result: <b>FAIL</b>
					</p>
					<pre class="pre-scrollable">In file included from /Users/alranel/Documents/git/arduino/arduino-testlib/cli-datadir/data/packages/arduino/tools/CMSIS-Atmel/1.2.0/CMSIS/Device/ATMEL/samd21/include/samd21.h:69:0,
                 from /Users/alranel/Documents/git/arduino/arduino-testlib/cli-datadir/data/packages/arduino/tools/CMSIS-Atmel/1.2.0/CMSIS/Device/ATMEL/samd.h:105,
                 from /Users/alranel/Documents/git/arduino/arduino-testlib/cli-datadir/data/packages/arduino/hardware/samd/1.8.12/cores/arduino/Arduino.h:38,
                 from /private/var/folders/47/_57rjy4111jc7dfpgjmcc93w0000gp/T/arduino-sketch-421B5A37CD6A7F954F9C87B68584441D/sketch/MD_DS3231_Test.ino.cpp:1:
/Users/alranel/Documents/git/arduino/arduino-testlib/cli-datadir/data/packages/arduino/tools/CMSIS-Atmel/1.2.0/CMSIS/Device/ATMEL/samd21/include/samd21g18a.h:487:38: error: expected &#39;)&#39; before &#39;*&#39; token
 #define RTC               ((Rtc      *)0x40001400UL) /**&lt; \brief (RTC) APB Base Address */
                                      ^
/Users/alranel/Documents/git/arduino/arduino-testlib/cli-datadir/user/libraries/MD_DS3231/src/MD_DS3231.h:763:18: note: in expansion of macro &#39;RTC&#39;
 extern MD_DS3231 RTC;    ///&lt; Library created instance of the RTC class
                  ^~~
/Users/alranel/Documents/git/arduino/arduino-testlib/cli-datadir/data/packages/arduino/tools/CMSIS-Atmel/1.2.0/CMSIS/Device/ATMEL/samd21/include/samd21g18a.h:487:38: error: expected &#39;)&#39; before &#39;*&#39; token
 #define RTC               ((Rtc      *)0x40001400UL) /**&lt; \brief (RTC) APB Base Address */
                                      ^
/Users/alranel/Documents/git/arduino/arduino-testlib/cli-datadir/user/libraries/MD_DS3231/src/MD_DS3231.h:763:18: note: in expansion of macro &#39;RTC&#39;
 extern MD_DS3231 RTC;    ///&lt; Library created instance of the RTC class
                  ^~~
/Users/alranel/Documents/git/arduino/arduino-testlib/cli-datadir/user/libraries/MD_DS3231/examples/MD_DS3231_Test/MD_DS3231_Test.ino: In function &#39;void setup()&#39;:
/Users/alranel/Documents/git/arduino/arduino-testlib/cli-datadir/user/libraries/MD_DS3231/examples/MD_DS3231_Test/MD_DS3231_Test.ino:16:7: error: request for member &#39;setAlarm1Callback&#39; in &#39;(Rtc*)1073746944&#39;, which is of pointer type &#39;Rtc*&#39; (maybe you meant to use &#39;-&gt;&#39; ?)
   RTC.setAlarm1Callback(cbAlarm1);
       ^~~~~~~~~~~~~~~~~
/Users/alranel/Documents/git/arduino/arduino-testlib/cli-datadir/user/libraries/MD_DS3231/examples/MD_DS3231_Test/MD_DS3231_Test.ino:17:7: error: request for member &#39;setAlarm2Callback&#39; in &#39;(Rtc*)1073746944&#39;, which is of pointer type &#39;Rtc*&#39; (maybe you meant to use &#39;-&gt;&#39; ?)
   RTC.setAlarm2Callback(cbAlarm2);
       ^~~~~~~~~~~~~~~~~
/Users/alranel/Documents/git/arduino/arduino-testlib/cli-datadir/user/libraries/MD_DS3231/examples/MD_DS3231_Test/MD_DS3231_Test.ino: In function &#39;void showStatus()&#39;:
/Users/alranel/Documents/git/arduino/arduino-testlib/cli-datadir/user/libraries/MD_DS3231/examples/MD_DS3231_Test/MD_DS3231_Test.ino:178:51: error: request for member &#39;status&#39; in &#39;(Rtc*)1073746944&#39;, which is of pointer type &#39;Rtc*&#39; (maybe you meant to use &#39;-&gt;&#39; ?)
   PRINT(&#34;\n/EOSC Halt Enabled:\t&#34;, sts2String(RTC.status(DS3231_CLOCK_HALT)));
                                                   ^
/Users/alranel/Documents/git/arduino/arduino-testlib/cli-datadir/user/libraries/MD_DS3231/examples/MD_DS3231_Test/MD_DS3231_Test.ino:10:56: note: in definition of macro &#39;PRINT&#39;
 #define PRINT(s, v) { Serial.print(F(s)); Serial.print(v); }
                                                        ^
/Users/alranel/Documents/git/arduino/arduino-testlib/cli-datadir/user/libraries/MD_DS3231/examples/MD_DS3231_Test/MD_DS3231_Test.ino:179:53: error: request for member &#39;status&#39; in &#39;(Rtc*)1073746944&#39;, which is of pointer type &#39;Rtc*&#39; (maybe you meant to use &#39;-&gt;&#39; ?)
   PRINT(&#34;\nBBSQW Sq Wave Enable:\t&#34;, sts2String(RTC.status(DS3231_SQW_ENABLE)));
                                                     ^
/Users/alranel/Documents/git/arduino/arduino-testlib/cli-datadir/user/libraries/MD_DS3231/examples/MD_DS3231_Test/MD_DS3231_Test.ino:10:56: note: in definition of macro &#39;PRINT&#39;
 #define PRINT(s, v) { Serial.print(F(s)); Serial.print(v); }
                                                        ^
/Users/alranel/Documents/git/arduino/arduino-testlib/cli-datadir/user/libraries/MD_DS3231/examples/MD_DS3231_Test/MD_DS3231_Test.ino:180:51: error: request for member &#39;status&#39; in &#39;(Rtc*)1073746944&#39;, which is of pointer type &#39;Rtc*&#39; (maybe you meant to use &#39;-&gt;&#39; ?)
   PRINT(&#34;\nRS1_2 Sq Wave Freq:\t&#34;, sts2String(RTC.status(DS3231_SQW_TYPE)));
                                                   ^
/Users/alranel/Documents/git/arduino/arduino-testlib/cli-datadir/user/libraries/MD_DS3231/examples/MD_DS3231_Test/MD_DS3231_Test.ino:10:56: note: in definition of macro &#39;PRINT&#39;
 #define PRINT(s, v) { Serial.print(F(s)); Serial.print(v); }
                                                        ^
/Users/alranel/Documents/git/arduino/arduino-testlib/cli-datadir/user/libraries/MD_DS3231/examples/MD_DS3231_Test/MD_DS3231_Test.ino:181:51: error: request for member &#39;status&#39; in &#39;(Rtc*)1073746944&#39;, which is of pointer type &#39;Rtc*&#39; (maybe you meant to use &#39;-&gt;&#39; ?)
   PRINT(&#34;\nCONV  Temp Convert:\t&#34;, sts2String(RTC.status(DS3231_TCONV)));
                                                   ^
/Users/alranel/Documents/git/arduino/arduino-testlib/cli-datadir/user/libraries/MD_DS3231/examples/MD_DS3231_Test/MD_DS3231_Test.ino:10:56: note: in definition of macro &#39;PRINT&#39;
 #define PRINT(s, v) { Serial.print(F(s)); Serial.print(v); }
                                                        ^
/Users/alranel/Documents/git/arduino/arduino-testlib/cli-datadir/user/libraries/MD_DS3231/examples/MD_DS3231_Test/MD_DS3231_Test.ino:182:49: error: request for member &#39;status&#39; in &#39;(Rtc*)1073746944&#39;, which is of pointer type &#39;Rtc*&#39; (maybe you meant to use &#39;-&gt;&#39; ?)
   PRINT(&#34;\nINTCN Int enable:\t&#34;, sts2String(RTC.status(DS3231_INT_ENABLE)));
                                                 ^
/Users/alranel/Documents/git/arduino/arduino-testlib/cli-datadir/user/libraries/MD_DS3231/examples/MD_DS3231_Test/MD_DS3231_Test.ino:10:56: note: in definition of macro &#39;PRINT&#39;
 #define PRINT(s, v) { Serial.print(F(s)); Serial.print(v); }
                                                        ^
/Users/alranel/Documents/git/arduino/arduino-testlib/cli-datadir/user/libraries/MD_DS3231/examples/MD_DS3231_Test/MD_DS3231_Test.ino:183:49: error: request for member &#39;status&#39; in &#39;(Rtc*)1073746944&#39;, which is of pointer type &#39;Rtc*&#39; (maybe you meant to use &#39;-&gt;&#39; ?)
   PRINT(&#34;\n      12h mode:\t\t&#34;, sts2String(RTC.status(DS3231_12H)));
                                                 ^
/Users/alranel/Documents/git/arduino/arduino-testlib/cli-datadir/user/libraries/MD_DS3231/examples/MD_DS3231_Test/MD_DS3231_Test.ino:10:56: note: in definition of macro &#39;PRINT&#39;
 #define PRINT(s, v) { Serial.print(F(s)); Serial.print(v); }
                                                        ^
/Users/alranel/Documents/git/arduino/arduino-testlib/cli-datadir/user/libraries/MD_DS3231/examples/MD_DS3231_Test/MD_DS3231_Test.ino:184:52: error: request for member &#39;status&#39; in &#39;(Rtc*)1073746944&#39;, which is of pointer type &#39;Rtc*&#39; (maybe you meant to use &#39;-&gt;&#39; ?)
   PRINT(&#34;\nEN32k 32kHz enabled:\t&#34;, sts2String(RTC.status(DS3231_32KHZ_ENABLE)));
                                                    ^
/Users/alranel/Documents/git/arduino/arduino-testlib/cli-datadir/user/libraries/MD_DS3231/examples/MD_DS3231_Test/MD_DS3231_Test.ino:10:56: note: in definition of macro &#39;PRINT&#39;
 #define PRINT(s, v) { Serial.print(F(s)); Serial.print(v); }
                                                        ^
/Users/alranel/Documents/git/arduino/arduino-testlib/cli-datadir/user/libraries/MD_DS3231/examples/MD_DS3231_Test/MD_DS3231_Test.ino:185:51: error: request for member &#39;status&#39; in &#39;(Rtc*)1073746944&#39;, which is of pointer type &#39;Rtc*&#39; (maybe you meant to use &#39;-&gt;&#39; ?)
   PRINT(&#34;\nAGING Aging Offset:\t&#34;, sts2String(RTC.status(DS3231_AGING_OFFSET), true));
                                                   ^
/Users/alranel/Documents/git/arduino/arduino-testlib/cli-datadir/user/libraries/MD_DS3231/examples/MD_DS3231_Test/MD_DS3231_Test.ino:10:56: note: in definition of macro &#39;PRINT&#39;
 #define PRINT(s, v) { Serial.print(F(s)); Serial.print(v); }
                                                        ^
/Users/alranel/Documents/git/arduino/arduino-testlib/cli-datadir/user/libraries/MD_DS3231/examples/MD_DS3231_Test/MD_DS3231_Test.ino:188:49: error: request for member &#39;status&#39; in &#39;(Rtc*)1073746944&#39;, which is of pointer type &#39;Rtc*&#39; (maybe you meant to use &#39;-&gt;&#39; ?)
   PRINT(&#34;\nBSY  Busy Flag:\t\t&#34;, sts2String(RTC.status(DS3231_BUSY_FLAG)));
                                                 ^
/Users/alranel/Documents/git/arduino/arduino-testlib/cli-datadir/user/libraries/MD_DS3231/examples/MD_DS3231_Test/MD_DS3231_Test.ino:10:56: note: in definition of macro &#39;PRINT&#39;
 #define PRINT(s, v) { Serial.print(F(s)); Serial.print(v); }
                                                        ^
/Users/alranel/Documents/git/arduino/arduino-testlib/cli-datadir/user/libraries/MD_DS3231/examples/MD_DS3231_Test/MD_DS3231_Test.ino:189:49: error: request for member &#39;status&#39; in &#39;(Rtc*)1073746944&#39;, which is of pointer type &#39;Rtc*&#39; (maybe you meant to use &#39;-&gt;&#39; ?)
   PRINT(&#34;\nOSF  Halted Flag:\t&#34;, sts2String(RTC.status(DS3231_HALTED_FLAG)));
                                                 ^
/Users/alranel/Documents/git/arduino/arduino-testlib/cli-datadir/user/libraries/MD_DS3231/examples/MD_DS3231_Test/MD_DS3231_Test.ino:10:56: note: in definition of macro &#39;PRINT&#39;
 #define PRINT(s, v) { Serial.print(F(s)); Serial.print(v); }
                                                        ^
/Users/alranel/Documents/git/arduino/arduino-testlib/cli-datadir/user/libraries/MD_DS3231/examples/MD_DS3231_Test/MD_DS3231_Test.ino:196:46: error: request for member &#39;status&#39; in &#39;(Rtc*)1073746944&#39;, which is of pointer type &#39;Rtc*&#39; (maybe you meant to use &#39;-&gt;&#39; ?)
   PRI</pre>
					
				
				<h3 id="esp32:esp32:d1_mini32">esp32:esp32:d1_mini32 @ 1.0.6</h3>
				<h4>Inclusion</h4>
				<p>
					Result: <b>PASS</b>
					
				</p>
				<pre class="pre-scrollable">Sketch uses 204298 bytes (15%) of program storage space. Maximum is 1310720 bytes.
Global variables use 14016 bytes (4%) of dynamic memory, leaving 313664 bytes for local variables. Maximum is 327680 bytes.
</pre>

					
					<h4>examples/MD_DS3231_LCD_AlmClock</h4>
					<p>
						Result: <b>FAIL</b>
					</p>
					<pre class="pre-scrollable">In file included from /home/ec2-user/arduino-testlib/cli-datadir/user/libraries/MD_DS3231/examples/MD_DS3231_LCD_AlmClock/MD_DS3231_LCD_AlmClock.ino:16:0:
/home/ec2-user/arduino-testlib/cli-datadir/user/libraries/MD_AButton/src/MD_AButton.h:33:3: error: extra qualification &#39;MD_AButton::&#39; on member &#39;MD_AButton&#39; [-fpermissive]
   MD_AButton::MD_AButton(uint8_t keyPin) :
   ^
/home/ec2-user/arduino-testlib/cli-datadir/user/libraries/MD_DS3231/examples/MD_DS3231_LCD_AlmClock/MD_DS3231_LCD_AlmClock.ino: In function &#39;void doBuzzAlert()&#39;:
/home/ec2-user/arduino-testlib/cli-datadir/user/libraries/MD_DS3231/examples/MD_DS3231_LCD_AlmClock/MD_DS3231_LCD_AlmClock.ino:135:28: error: &#39;tone&#39; was not declared in this scope
   tone(BUZZER_PIN, 800, 400);
                            ^

</pre>
					
					<h4>examples/MD_DS3231_LCD_Time</h4>
					<p>
						Result: <b>PASS</b>
					</p>
					<pre class="pre-scrollable">Sketch uses 212822 bytes (16%) of program storage space. Maximum is 1310720 bytes.
Global variables use 14064 bytes (4%) of dynamic memory, leaving 313616 bytes for local variables. Maximum is 327680 bytes.
</pre>
					
					<h4>examples/MD_DS3231_Test</h4>
					<p>
						Result: <b>PASS</b>
					</p>
					<pre class="pre-scrollable">Sketch uses 223354 bytes (17%) of program storage space. Maximum is 1310720 bytes.
Global variables use 14176 bytes (4%) of dynamic memory, leaving 313504 bytes for local variables. Maximum is 327680 bytes.
</pre>
					
				
			</div>
		</div>
	</div>
  </body>
</html>
