
<!doctype html>
<html lang="en">
  <head>
    <meta charset="utf-8">
    <meta name="viewport" content="width=device-width, initial-scale=1">
    <link href="https://cdn.jsdelivr.net/npm/bootstrap@5.0.2/dist/css/bootstrap.min.css" rel="stylesheet" integrity="sha384-EVSTQN3/azprG1Anm3QDgpJLIm9Nao0Yz1ztcQTwFspd3yD65VohhpuuCOmLASjC" crossorigin="anonymous">
    <title>arduino-testlib report</title>
	<style>
	.pass { background-color: #00FF00 !important; }
	.fail { background-color: #FF0000 !important; }
	</style>
  </head>
  <body>
	<div class="container">
		<div class="row">
			<div class="col">
				<h1>MD_Stepper - compatibility matrix</h1>
				<p>
					<small>This report was generated on Wednesday, 23-Feb-22 22:48:15 CET using 
					<a href="https://github.com/alranel/arduino-testlib">arduino-testlib</a>.</small>
				</p>

				<h2>MD_Stepper</h2>
				<p>
					Version: <b>1.1.1</b>
					<br />
					<a href="https://www.arduino.cc/reference/en/libraries/md_stepper/">More details</a>
				</p>

				<h2>Compatibility matrix</h2>
				<table class="table table-bordered">
					<tr>
						<th>Board</th>
						<th>Claims compatibility</th>
						<th>Inclusion</th>
						
						<th><pre>MD_Stepper_PositionControl</pre></th>
						
						<th><pre>MD_Stepper_SpeedControl</pre></th>
						
						<th><pre>MD_Stepper_SpeedControlDual</pre></th>
						
						<th><pre>MD_Stepper_Test</pre></th>
						
						<th><pre>MD_Stepper_TorqueTest</pre></th>
						
					</tr>
					
					<tr>
						<td>
							<a href="#arduino%3aavr%3auno"><b>arduino:avr:uno</b></a>
							<br />
							<small>1.8.4</small>
						</td>

						
							<td>Yes</td>
							<td class="pass">PASS</td>
						
						
						
						

						
							
								
									
										
											<td class="pass">PASS</td>
											
										
									
										
									
										
									
										
									
										
									
								
							
								
							
								
							
								
							
								
							
						
							
								
									
										
									
										
											<td class="pass">PASS</td>
											
										
									
										
									
										
									
										
									
								
							
								
							
								
							
								
							
								
							
						
							
								
									
										
									
										
									
										
											<td class="pass">PASS</td>
											
										
									
										
									
										
									
								
							
								
							
								
							
								
							
								
							
						
							
								
									
										
									
										
									
										
									
										
											
											<td class="fail">FAIL</td>
										
									
										
									
								
							
								
							
								
							
								
							
								
							
						
							
								
									
										
									
										
									
										
									
										
									
										
											
											<td class="fail">FAIL</td>
										
									
								
							
								
							
								
							
								
							
								
							
						
					</tr>
					
					<tr>
						<td>
							<a href="#arduino%3ambed_nano%3ananorp2040connect"><b>arduino:mbed_nano:nanorp2040connect</b></a>
							<br />
							<small>2.7.2</small>
						</td>

						
						
						
							<td>Yes ⚠️</td>
							<td class="fail">FAIL</td>
						
						

						
							
								
							
								
									
										
											
											<td class="fail">FAIL</td>
										
									
										
									
										
									
										
									
										
									
								
							
								
							
								
							
								
							
						
							
								
							
								
									
										
									
										
											
											<td class="fail">FAIL</td>
										
									
										
									
										
									
										
									
								
							
								
							
								
							
								
							
						
							
								
							
								
									
										
									
										
									
										
											
											<td class="fail">FAIL</td>
										
									
										
									
										
									
								
							
								
							
								
							
								
							
						
							
								
							
								
									
										
									
										
									
										
									
										
											
											<td class="fail">FAIL</td>
										
									
										
									
								
							
								
							
								
							
								
							
						
							
								
							
								
									
										
									
										
									
										
									
										
									
										
											
											<td class="fail">FAIL</td>
										
									
								
							
								
							
								
							
								
							
						
					</tr>
					
					<tr>
						<td>
							<a href="#arduino%3amegaavr%3anona4809"><b>arduino:megaavr:nona4809</b></a>
							<br />
							<small>1.8.7</small>
						</td>

						
							<td>Yes</td>
							<td class="pass">PASS</td>
						
						
						
						

						
							
								
							
								
							
								
									
										
											<td class="pass">PASS</td>
											
										
									
										
									
										
									
										
									
										
									
								
							
								
							
								
							
						
							
								
							
								
							
								
									
										
									
										
											<td class="pass">PASS</td>
											
										
									
										
									
										
									
										
									
								
							
								
							
								
							
						
							
								
							
								
							
								
									
										
									
										
									
										
											<td class="pass">PASS</td>
											
										
									
										
									
										
									
								
							
								
							
								
							
						
							
								
							
								
							
								
									
										
									
										
									
										
									
										
											
											<td class="fail">FAIL</td>
										
									
										
									
								
							
								
							
								
							
						
							
								
							
								
							
								
									
										
									
										
									
										
									
										
									
										
											
											<td class="fail">FAIL</td>
										
									
								
							
								
							
								
							
						
					</tr>
					
					<tr>
						<td>
							<a href="#arduino%3asamd%3amkrwifi1010"><b>arduino:samd:mkrwifi1010</b></a>
							<br />
							<small>1.8.12</small>
						</td>

						
						
						
							<td>Yes ⚠️</td>
							<td class="fail">FAIL</td>
						
						

						
							
								
							
								
							
								
							
								
									
										
											
											<td class="fail">FAIL</td>
										
									
										
									
										
									
										
									
										
									
								
							
								
							
						
							
								
							
								
							
								
							
								
									
										
									
										
											
											<td class="fail">FAIL</td>
										
									
										
									
										
									
										
									
								
							
								
							
						
							
								
							
								
							
								
							
								
									
										
									
										
									
										
											
											<td class="fail">FAIL</td>
										
									
										
									
										
									
								
							
								
							
						
							
								
							
								
							
								
							
								
									
										
									
										
									
										
									
										
											
											<td class="fail">FAIL</td>
										
									
										
									
								
							
								
							
						
							
								
							
								
							
								
							
								
									
										
									
										
									
										
									
										
									
										
											
											<td class="fail">FAIL</td>
										
									
								
							
								
							
						
					</tr>
					
					<tr>
						<td>
							<a href="#esp32%3aesp32%3ad1_mini32"><b>esp32:esp32:d1_mini32</b></a>
							<br />
							<small>1.0.6</small>
						</td>

						
						
						
							<td>Yes ⚠️</td>
							<td class="fail">FAIL</td>
						
						

						
							
								
							
								
							
								
							
								
							
								
									
										
											
											<td class="fail">FAIL</td>
										
									
										
									
										
									
										
									
										
									
								
							
						
							
								
							
								
							
								
							
								
							
								
									
										
									
										
											
											<td class="fail">FAIL</td>
										
									
										
									
										
									
										
									
								
							
						
							
								
							
								
							
								
							
								
							
								
									
										
									
										
									
										
											
											<td class="fail">FAIL</td>
										
									
										
									
										
									
								
							
						
							
								
							
								
							
								
							
								
							
								
									
										
									
										
									
										
									
										
											
											<td class="fail">FAIL</td>
										
									
										
									
								
							
						
							
								
							
								
							
								
							
								
							
								
									
										
									
										
									
										
									
										
									
										
											
											<td class="fail">FAIL</td>
										
									
								
							
						
					</tr>
					
				</table>

				<h2>Compilation logs</h2>
				
				<h3 id="arduino:avr:uno">arduino:avr:uno @ 1.8.4</h3>
				<h4>Inclusion</h4>
				<p>
					Result: <b>PASS</b>
					
				</p>
				<pre class="pre-scrollable">Sketch uses 444 bytes (1%) of program storage space. Maximum is 32256 bytes.
Global variables use 9 bytes (0%) of dynamic memory, leaving 2039 bytes for local variables. Maximum is 2048 bytes.
</pre>

					
					<h4>examples/MD_Stepper_PositionControl</h4>
					<p>
						Result: <b>PASS</b>
					</p>
					<pre class="pre-scrollable">Sketch uses 2916 bytes (9%) of program storage space. Maximum is 32256 bytes.
Global variables use 63 bytes (3%) of dynamic memory, leaving 1985 bytes for local variables. Maximum is 2048 bytes.
</pre>
					
					<h4>examples/MD_Stepper_SpeedControl</h4>
					<p>
						Result: <b>PASS</b>
					</p>
					<pre class="pre-scrollable">Sketch uses 2826 bytes (8%) of program storage space. Maximum is 32256 bytes.
Global variables use 63 bytes (3%) of dynamic memory, leaving 1985 bytes for local variables. Maximum is 2048 bytes.
</pre>
					
					<h4>examples/MD_Stepper_SpeedControlDual</h4>
					<p>
						Result: <b>PASS</b>
					</p>
					<pre class="pre-scrollable">Sketch uses 2660 bytes (8%) of program storage space. Maximum is 32256 bytes.
Global variables use 117 bytes (5%) of dynamic memory, leaving 1931 bytes for local variables. Maximum is 2048 bytes.
</pre>
					
					<h4>examples/MD_Stepper_Test</h4>
					<p>
						Result: <b>FAIL</b>
					</p>
					<pre class="pre-scrollable">/home/ec2-user/arduino-testlib/cli-datadir/user/libraries/MD_Stepper/examples/MD_Stepper_Test/MD_Stepper_Test.ino:13:10: fatal error: MD_cmdProcessor.h: No such file or directory
 #include &lt;MD_cmdProcessor.h&gt;
          ^~~~~~~~~~~~~~~~~~~
compilation terminated.

</pre>
					
					<h4>examples/MD_Stepper_TorqueTest</h4>
					<p>
						Result: <b>FAIL</b>
					</p>
					<pre class="pre-scrollable"></pre>
					
				
				<h3 id="arduino:mbed_nano:nanorp2040connect">arduino:mbed_nano:nanorp2040connect @ 2.7.2</h3>
				<h4>Inclusion</h4>
				<p>
					Result: <b>FAIL</b>
					
				</p>
				<pre class="pre-scrollable">In file included from /tmp/arduino-testlib3723373621/test/test.ino:1:0:
/home/ec2-user/arduino-testlib/cli-datadir/user/libraries/MD_Stepper/src/MD_Stepper.h: In member function &#39;bool MD_Stepper::flagChk(uint8_t, uint8_t)&#39;:
/home/ec2-user/arduino-testlib/cli-datadir/user/libraries/MD_Stepper/src/MD_Stepper.h:652:70: error: &#39;_BV&#39; was not declared in this scope
   inline bool flagChk(volatile uint8_t f, uint8_t bit) { return((f &amp; _BV(bit)) != 0); }
                                                                      ^~~
/home/ec2-user/arduino-testlib/cli-datadir/user/libraries/MD_Stepper/src/MD_Stepper.h:652:70: note: suggested alternative: &#39;_B&#39;
   inline bool flagChk(volatile uint8_t f, uint8_t bit) { return((f &amp; _BV(bit)) != 0); }
                                                                      ^~~
                                                                      _B
/home/ec2-user/arduino-testlib/cli-datadir/user/libraries/MD_Stepper/src/MD_Stepper.h: In member function &#39;void MD_Stepper::flagSet(volatile uint8_t&amp;, uint8_t)&#39;:
/home/ec2-user/arduino-testlib/cli-datadir/user/libraries/MD_Stepper/src/MD_Stepper.h:653:64: error: &#39;_BV&#39; was not declared in this scope
   inline void flagSet(volatile uint8_t &amp;f, uint8_t bit) { f |= _BV(bit); }
                                                                ^~~
/home/ec2-user/arduino-testlib/cli-datadir/user/libraries/MD_Stepper/src/MD_Stepper.h:653:64: note: suggested alternative: &#39;_B&#39;
   inline void flagSet(volatile uint8_t &amp;f, uint8_t bit) { f |= _BV(bit); }
                                                                ^~~
                                                                _B
/home/ec2-user/arduino-testlib/cli-datadir/user/libraries/MD_Stepper/src/MD_Stepper.h: In member function &#39;void MD_Stepper::flagClr(volatile uint8_t&amp;, uint8_t)&#39;:
/home/ec2-user/arduino-testlib/cli-datadir/user/libraries/MD_Stepper/src/MD_Stepper.h:654:65: error: &#39;_BV&#39; was not declared in this scope
   inline void flagClr(volatile uint8_t &amp;f, uint8_t bit) { f &amp;= ~_BV(bit); }
                                                                 ^~~
/home/ec2-user/arduino-testlib/cli-datadir/user/libraries/MD_Stepper/src/MD_Stepper.h:654:65: note: suggested alternative: &#39;_B&#39;
   inline void flagClr(volatile uint8_t &amp;f, uint8_t bit) { f &amp;= ~_BV(bit); }
                                                                 ^~~
                                                                 _B

</pre>

					
					<h4>examples/MD_Stepper_PositionControl</h4>
					<p>
						Result: <b>FAIL</b>
					</p>
					<pre class="pre-scrollable">In file included from /home/ec2-user/arduino-testlib/cli-datadir/user/libraries/MD_Stepper/examples/MD_Stepper_PositionControl/MD_Stepper_PositionControl.ino:13:0:
/home/ec2-user/arduino-testlib/cli-datadir/user/libraries/MD_Stepper/src/MD_Stepper.h: In member function &#39;bool MD_Stepper::flagChk(uint8_t, uint8_t)&#39;:
/home/ec2-user/arduino-testlib/cli-datadir/user/libraries/MD_Stepper/src/MD_Stepper.h:652:70: error: &#39;_BV&#39; was not declared in this scope
   inline bool flagChk(volatile uint8_t f, uint8_t bit) { return((f &amp; _BV(bit)) != 0); }
                                                                      ^~~
/home/ec2-user/arduino-testlib/cli-datadir/user/libraries/MD_Stepper/src/MD_Stepper.h:652:70: note: suggested alternative: &#39;_B&#39;
   inline bool flagChk(volatile uint8_t f, uint8_t bit) { return((f &amp; _BV(bit)) != 0); }
                                                                      ^~~
                                                                      _B
/home/ec2-user/arduino-testlib/cli-datadir/user/libraries/MD_Stepper/src/MD_Stepper.h: In member function &#39;void MD_Stepper::flagSet(volatile uint8_t&amp;, uint8_t)&#39;:
/home/ec2-user/arduino-testlib/cli-datadir/user/libraries/MD_Stepper/src/MD_Stepper.h:653:64: error: &#39;_BV&#39; was not declared in this scope
   inline void flagSet(volatile uint8_t &amp;f, uint8_t bit) { f |= _BV(bit); }
                                                                ^~~
/home/ec2-user/arduino-testlib/cli-datadir/user/libraries/MD_Stepper/src/MD_Stepper.h:653:64: note: suggested alternative: &#39;_B&#39;
   inline void flagSet(volatile uint8_t &amp;f, uint8_t bit) { f |= _BV(bit); }
                                                                ^~~
                                                                _B
/home/ec2-user/arduino-testlib/cli-datadir/user/libraries/MD_Stepper/src/MD_Stepper.h: In member function &#39;void MD_Stepper::flagClr(volatile uint8_t&amp;, uint8_t)&#39;:
/home/ec2-user/arduino-testlib/cli-datadir/user/libraries/MD_Stepper/src/MD_Stepper.h:654:65: error: &#39;_BV&#39; was not declared in this scope
   inline void flagClr(volatile uint8_t &amp;f, uint8_t bit) { f &amp;= ~_BV(bit); }
                                                                 ^~~
/home/ec2-user/arduino-testlib/cli-datadir/user/libraries/MD_Stepper/src/MD_Stepper.h:654:65: note: suggested alternative: &#39;_B&#39;
   inline void flagClr(volatile uint8_t &amp;f, uint8_t bit) { f &amp;= ~_BV(bit); }
                                                                 ^~~
                                                                 _B

</pre>
					
					<h4>examples/MD_Stepper_SpeedControl</h4>
					<p>
						Result: <b>FAIL</b>
					</p>
					<pre class="pre-scrollable">In file included from /home/ec2-user/arduino-testlib/cli-datadir/user/libraries/MD_Stepper/examples/MD_Stepper_SpeedControl/MD_Stepper_SpeedControl.ino:13:0:
/home/ec2-user/arduino-testlib/cli-datadir/user/libraries/MD_Stepper/src/MD_Stepper.h: In member function &#39;bool MD_Stepper::flagChk(uint8_t, uint8_t)&#39;:
/home/ec2-user/arduino-testlib/cli-datadir/user/libraries/MD_Stepper/src/MD_Stepper.h:652:70: error: &#39;_BV&#39; was not declared in this scope
   inline bool flagChk(volatile uint8_t f, uint8_t bit) { return((f &amp; _BV(bit)) != 0); }
                                                                      ^~~
/home/ec2-user/arduino-testlib/cli-datadir/user/libraries/MD_Stepper/src/MD_Stepper.h:652:70: note: suggested alternative: &#39;_B&#39;
   inline bool flagChk(volatile uint8_t f, uint8_t bit) { return((f &amp; _BV(bit)) != 0); }
                                                                      ^~~
                                                                      _B
/home/ec2-user/arduino-testlib/cli-datadir/user/libraries/MD_Stepper/src/MD_Stepper.h: In member function &#39;void MD_Stepper::flagSet(volatile uint8_t&amp;, uint8_t)&#39;:
/home/ec2-user/arduino-testlib/cli-datadir/user/libraries/MD_Stepper/src/MD_Stepper.h:653:64: error: &#39;_BV&#39; was not declared in this scope
   inline void flagSet(volatile uint8_t &amp;f, uint8_t bit) { f |= _BV(bit); }
                                                                ^~~
/home/ec2-user/arduino-testlib/cli-datadir/user/libraries/MD_Stepper/src/MD_Stepper.h:653:64: note: suggested alternative: &#39;_B&#39;
   inline void flagSet(volatile uint8_t &amp;f, uint8_t bit) { f |= _BV(bit); }
                                                                ^~~
                                                                _B
/home/ec2-user/arduino-testlib/cli-datadir/user/libraries/MD_Stepper/src/MD_Stepper.h: In member function &#39;void MD_Stepper::flagClr(volatile uint8_t&amp;, uint8_t)&#39;:
/home/ec2-user/arduino-testlib/cli-datadir/user/libraries/MD_Stepper/src/MD_Stepper.h:654:65: error: &#39;_BV&#39; was not declared in this scope
   inline void flagClr(volatile uint8_t &amp;f, uint8_t bit) { f &amp;= ~_BV(bit); }
                                                                 ^~~
/home/ec2-user/arduino-testlib/cli-datadir/user/libraries/MD_Stepper/src/MD_Stepper.h:654:65: note: suggested alternative: &#39;_B&#39;
   inline void flagClr(volatile uint8_t &amp;f, uint8_t bit) { f &amp;= ~_BV(bit); }
                                                                 ^~~
                                                                 _B

</pre>
					
					<h4>examples/MD_Stepper_SpeedControlDual</h4>
					<p>
						Result: <b>FAIL</b>
					</p>
					<pre class="pre-scrollable">In file included from /home/ec2-user/arduino-testlib/cli-datadir/user/libraries/MD_Stepper/examples/MD_Stepper_SpeedControlDual/MD_Stepper_SpeedControlDual.ino:13:0:
/home/ec2-user/arduino-testlib/cli-datadir/user/libraries/MD_Stepper/src/MD_Stepper.h: In member function &#39;bool MD_Stepper::flagChk(uint8_t, uint8_t)&#39;:
/home/ec2-user/arduino-testlib/cli-datadir/user/libraries/MD_Stepper/src/MD_Stepper.h:652:70: error: &#39;_BV&#39; was not declared in this scope
   inline bool flagChk(volatile uint8_t f, uint8_t bit) { return((f &amp; _BV(bit)) != 0); }
                                                                      ^~~
/home/ec2-user/arduino-testlib/cli-datadir/user/libraries/MD_Stepper/src/MD_Stepper.h:652:70: note: suggested alternative: &#39;_B&#39;
   inline bool flagChk(volatile uint8_t f, uint8_t bit) { return((f &amp; _BV(bit)) != 0); }
                                                                      ^~~
                                                                      _B
/home/ec2-user/arduino-testlib/cli-datadir/user/libraries/MD_Stepper/src/MD_Stepper.h: In member function &#39;void MD_Stepper::flagSet(volatile uint8_t&amp;, uint8_t)&#39;:
/home/ec2-user/arduino-testlib/cli-datadir/user/libraries/MD_Stepper/src/MD_Stepper.h:653:64: error: &#39;_BV&#39; was not declared in this scope
   inline void flagSet(volatile uint8_t &amp;f, uint8_t bit) { f |= _BV(bit); }
                                                                ^~~
/home/ec2-user/arduino-testlib/cli-datadir/user/libraries/MD_Stepper/src/MD_Stepper.h:653:64: note: suggested alternative: &#39;_B&#39;
   inline void flagSet(volatile uint8_t &amp;f, uint8_t bit) { f |= _BV(bit); }
                                                                ^~~
                                                                _B
/home/ec2-user/arduino-testlib/cli-datadir/user/libraries/MD_Stepper/src/MD_Stepper.h: In member function &#39;void MD_Stepper::flagClr(volatile uint8_t&amp;, uint8_t)&#39;:
/home/ec2-user/arduino-testlib/cli-datadir/user/libraries/MD_Stepper/src/MD_Stepper.h:654:65: error: &#39;_BV&#39; was not declared in this scope
   inline void flagClr(volatile uint8_t &amp;f, uint8_t bit) { f &amp;= ~_BV(bit); }
                                                                 ^~~
/home/ec2-user/arduino-testlib/cli-datadir/user/libraries/MD_Stepper/src/MD_Stepper.h:654:65: note: suggested alternative: &#39;_B&#39;
   inline void flagClr(volatile uint8_t &amp;f, uint8_t bit) { f &amp;= ~_BV(bit); }
                                                                 ^~~
                                                                 _B

</pre>
					
					<h4>examples/MD_Stepper_Test</h4>
					<p>
						Result: <b>FAIL</b>
					</p>
					<pre class="pre-scrollable">/home/ec2-user/arduino-testlib/cli-datadir/user/libraries/MD_Stepper/examples/MD_Stepper_Test/MD_Stepper_Test.ino:13:10: fatal error: MD_cmdProcessor.h: No such file or directory
 #include &lt;MD_cmdProcessor.h&gt;
          ^~~~~~~~~~~~~~~~~~~
compilation terminated.

</pre>
					
					<h4>examples/MD_Stepper_TorqueTest</h4>
					<p>
						Result: <b>FAIL</b>
					</p>
					<pre class="pre-scrollable"></pre>
					
				
				<h3 id="arduino:megaavr:nona4809">arduino:megaavr:nona4809 @ 1.8.7</h3>
				<h4>Inclusion</h4>
				<p>
					Result: <b>PASS</b>
					
				</p>
				<pre class="pre-scrollable">Sketch uses 802 bytes (1%) of program storage space. Maximum is 49152 bytes.
Global variables use 22 bytes (0%) of dynamic memory, leaving 6122 bytes for local variables. Maximum is 6144 bytes.
</pre>

					
					<h4>examples/MD_Stepper_PositionControl</h4>
					<p>
						Result: <b>PASS</b>
					</p>
					<pre class="pre-scrollable">Sketch uses 3292 bytes (6%) of program storage space. Maximum is 49152 bytes.
Global variables use 76 bytes (1%) of dynamic memory, leaving 6068 bytes for local variables. Maximum is 6144 bytes.
</pre>
					
					<h4>examples/MD_Stepper_SpeedControl</h4>
					<p>
						Result: <b>PASS</b>
					</p>
					<pre class="pre-scrollable">Sketch uses 3284 bytes (6%) of program storage space. Maximum is 49152 bytes.
Global variables use 76 bytes (1%) of dynamic memory, leaving 6068 bytes for local variables. Maximum is 6144 bytes.
</pre>
					
					<h4>examples/MD_Stepper_SpeedControlDual</h4>
					<p>
						Result: <b>PASS</b>
					</p>
					<pre class="pre-scrollable">Sketch uses 3104 bytes (6%) of program storage space. Maximum is 49152 bytes.
Global variables use 130 bytes (2%) of dynamic memory, leaving 6014 bytes for local variables. Maximum is 6144 bytes.
</pre>
					
					<h4>examples/MD_Stepper_Test</h4>
					<p>
						Result: <b>FAIL</b>
					</p>
					<pre class="pre-scrollable">/home/ec2-user/arduino-testlib/cli-datadir/user/libraries/MD_Stepper/examples/MD_Stepper_Test/MD_Stepper_Test.ino:13:10: fatal error: MD_cmdProcessor.h: No such file or directory
 #include &lt;MD_cmdProcessor.h&gt;
          ^~~~~~~~~~~~~~~~~~~
compilation terminated.

</pre>
					
					<h4>examples/MD_Stepper_TorqueTest</h4>
					<p>
						Result: <b>FAIL</b>
					</p>
					<pre class="pre-scrollable"></pre>
					
				
				<h3 id="arduino:samd:mkrwifi1010">arduino:samd:mkrwifi1010 @ 1.8.12</h3>
				<h4>Inclusion</h4>
				<p>
					Result: <b>FAIL</b>
					
				</p>
				<pre class="pre-scrollable">In file included from /tmp/arduino-testlib1486772191/test/test.ino:1:0:
/home/ec2-user/arduino-testlib/cli-datadir/user/libraries/MD_Stepper/src/MD_Stepper.h: In member function &#39;bool MD_Stepper::flagChk(uint8_t, uint8_t)&#39;:
/home/ec2-user/arduino-testlib/cli-datadir/user/libraries/MD_Stepper/src/MD_Stepper.h:652:70: error: &#39;_BV&#39; was not declared in this scope
   inline bool flagChk(volatile uint8_t f, uint8_t bit) { return((f &amp; _BV(bit)) != 0); }
                                                                      ^~~
/home/ec2-user/arduino-testlib/cli-datadir/user/libraries/MD_Stepper/src/MD_Stepper.h:652:70: note: suggested alternative: &#39;_B&#39;
   inline bool flagChk(volatile uint8_t f, uint8_t bit) { return((f &amp; _BV(bit)) != 0); }
                                                                      ^~~
                                                                      _B
/home/ec2-user/arduino-testlib/cli-datadir/user/libraries/MD_Stepper/src/MD_Stepper.h: In member function &#39;void MD_Stepper::flagSet(volatile uint8_t&amp;, uint8_t)&#39;:
/home/ec2-user/arduino-testlib/cli-datadir/user/libraries/MD_Stepper/src/MD_Stepper.h:653:64: error: &#39;_BV&#39; was not declared in this scope
   inline void flagSet(volatile uint8_t &amp;f, uint8_t bit) { f |= _BV(bit); }
                                                                ^~~
/home/ec2-user/arduino-testlib/cli-datadir/user/libraries/MD_Stepper/src/MD_Stepper.h:653:64: note: suggested alternative: &#39;_B&#39;
   inline void flagSet(volatile uint8_t &amp;f, uint8_t bit) { f |= _BV(bit); }
                                                                ^~~
                                                                _B
/home/ec2-user/arduino-testlib/cli-datadir/user/libraries/MD_Stepper/src/MD_Stepper.h: In member function &#39;void MD_Stepper::flagClr(volatile uint8_t&amp;, uint8_t)&#39;:
/home/ec2-user/arduino-testlib/cli-datadir/user/libraries/MD_Stepper/src/MD_Stepper.h:654:65: error: &#39;_BV&#39; was not declared in this scope
   inline void flagClr(volatile uint8_t &amp;f, uint8_t bit) { f &amp;= ~_BV(bit); }
                                                                 ^~~
/home/ec2-user/arduino-testlib/cli-datadir/user/libraries/MD_Stepper/src/MD_Stepper.h:654:65: note: suggested alternative: &#39;_B&#39;
   inline void flagClr(volatile uint8_t &amp;f, uint8_t bit) { f &amp;= ~_BV(bit); }
                                                                 ^~~
                                                                 _B

</pre>

					
					<h4>examples/MD_Stepper_PositionControl</h4>
					<p>
						Result: <b>FAIL</b>
					</p>
					<pre class="pre-scrollable">In file included from /home/ec2-user/arduino-testlib/cli-datadir/user/libraries/MD_Stepper/examples/MD_Stepper_PositionControl/MD_Stepper_PositionControl.ino:13:0:
/home/ec2-user/arduino-testlib/cli-datadir/user/libraries/MD_Stepper/src/MD_Stepper.h: In member function &#39;bool MD_Stepper::flagChk(uint8_t, uint8_t)&#39;:
/home/ec2-user/arduino-testlib/cli-datadir/user/libraries/MD_Stepper/src/MD_Stepper.h:652:70: error: &#39;_BV&#39; was not declared in this scope
   inline bool flagChk(volatile uint8_t f, uint8_t bit) { return((f &amp; _BV(bit)) != 0); }
                                                                      ^~~
/home/ec2-user/arduino-testlib/cli-datadir/user/libraries/MD_Stepper/src/MD_Stepper.h:652:70: note: suggested alternative: &#39;_B&#39;
   inline bool flagChk(volatile uint8_t f, uint8_t bit) { return((f &amp; _BV(bit)) != 0); }
                                                                      ^~~
                                                                      _B
/home/ec2-user/arduino-testlib/cli-datadir/user/libraries/MD_Stepper/src/MD_Stepper.h: In member function &#39;void MD_Stepper::flagSet(volatile uint8_t&amp;, uint8_t)&#39;:
/home/ec2-user/arduino-testlib/cli-datadir/user/libraries/MD_Stepper/src/MD_Stepper.h:653:64: error: &#39;_BV&#39; was not declared in this scope
   inline void flagSet(volatile uint8_t &amp;f, uint8_t bit) { f |= _BV(bit); }
                                                                ^~~
/home/ec2-user/arduino-testlib/cli-datadir/user/libraries/MD_Stepper/src/MD_Stepper.h:653:64: note: suggested alternative: &#39;_B&#39;
   inline void flagSet(volatile uint8_t &amp;f, uint8_t bit) { f |= _BV(bit); }
                                                                ^~~
                                                                _B
/home/ec2-user/arduino-testlib/cli-datadir/user/libraries/MD_Stepper/src/MD_Stepper.h: In member function &#39;void MD_Stepper::flagClr(volatile uint8_t&amp;, uint8_t)&#39;:
/home/ec2-user/arduino-testlib/cli-datadir/user/libraries/MD_Stepper/src/MD_Stepper.h:654:65: error: &#39;_BV&#39; was not declared in this scope
   inline void flagClr(volatile uint8_t &amp;f, uint8_t bit) { f &amp;= ~_BV(bit); }
                                                                 ^~~
/home/ec2-user/arduino-testlib/cli-datadir/user/libraries/MD_Stepper/src/MD_Stepper.h:654:65: note: suggested alternative: &#39;_B&#39;
   inline void flagClr(volatile uint8_t &amp;f, uint8_t bit) { f &amp;= ~_BV(bit); }
                                                                 ^~~
                                                                 _B

</pre>
					
					<h4>examples/MD_Stepper_SpeedControl</h4>
					<p>
						Result: <b>FAIL</b>
					</p>
					<pre class="pre-scrollable">In file included from /home/ec2-user/arduino-testlib/cli-datadir/user/libraries/MD_Stepper/examples/MD_Stepper_SpeedControl/MD_Stepper_SpeedControl.ino:13:0:
/home/ec2-user/arduino-testlib/cli-datadir/user/libraries/MD_Stepper/src/MD_Stepper.h: In member function &#39;bool MD_Stepper::flagChk(uint8_t, uint8_t)&#39;:
/home/ec2-user/arduino-testlib/cli-datadir/user/libraries/MD_Stepper/src/MD_Stepper.h:652:70: error: &#39;_BV&#39; was not declared in this scope
   inline bool flagChk(volatile uint8_t f, uint8_t bit) { return((f &amp; _BV(bit)) != 0); }
                                                                      ^~~
/home/ec2-user/arduino-testlib/cli-datadir/user/libraries/MD_Stepper/src/MD_Stepper.h:652:70: note: suggested alternative: &#39;_B&#39;
   inline bool flagChk(volatile uint8_t f, uint8_t bit) { return((f &amp; _BV(bit)) != 0); }
                                                                      ^~~
                                                                      _B
/home/ec2-user/arduino-testlib/cli-datadir/user/libraries/MD_Stepper/src/MD_Stepper.h: In member function &#39;void MD_Stepper::flagSet(volatile uint8_t&amp;, uint8_t)&#39;:
/home/ec2-user/arduino-testlib/cli-datadir/user/libraries/MD_Stepper/src/MD_Stepper.h:653:64: error: &#39;_BV&#39; was not declared in this scope
   inline void flagSet(volatile uint8_t &amp;f, uint8_t bit) { f |= _BV(bit); }
                                                                ^~~
/home/ec2-user/arduino-testlib/cli-datadir/user/libraries/MD_Stepper/src/MD_Stepper.h:653:64: note: suggested alternative: &#39;_B&#39;
   inline void flagSet(volatile uint8_t &amp;f, uint8_t bit) { f |= _BV(bit); }
                                                                ^~~
                                                                _B
/home/ec2-user/arduino-testlib/cli-datadir/user/libraries/MD_Stepper/src/MD_Stepper.h: In member function &#39;void MD_Stepper::flagClr(volatile uint8_t&amp;, uint8_t)&#39;:
/home/ec2-user/arduino-testlib/cli-datadir/user/libraries/MD_Stepper/src/MD_Stepper.h:654:65: error: &#39;_BV&#39; was not declared in this scope
   inline void flagClr(volatile uint8_t &amp;f, uint8_t bit) { f &amp;= ~_BV(bit); }
                                                                 ^~~
/home/ec2-user/arduino-testlib/cli-datadir/user/libraries/MD_Stepper/src/MD_Stepper.h:654:65: note: suggested alternative: &#39;_B&#39;
   inline void flagClr(volatile uint8_t &amp;f, uint8_t bit) { f &amp;= ~_BV(bit); }
                                                                 ^~~
                                                                 _B

</pre>
					
					<h4>examples/MD_Stepper_SpeedControlDual</h4>
					<p>
						Result: <b>FAIL</b>
					</p>
					<pre class="pre-scrollable">In file included from /home/ec2-user/arduino-testlib/cli-datadir/user/libraries/MD_Stepper/examples/MD_Stepper_SpeedControlDual/MD_Stepper_SpeedControlDual.ino:13:0:
/home/ec2-user/arduino-testlib/cli-datadir/user/libraries/MD_Stepper/src/MD_Stepper.h: In member function &#39;bool MD_Stepper::flagChk(uint8_t, uint8_t)&#39;:
/home/ec2-user/arduino-testlib/cli-datadir/user/libraries/MD_Stepper/src/MD_Stepper.h:652:70: error: &#39;_BV&#39; was not declared in this scope
   inline bool flagChk(volatile uint8_t f, uint8_t bit) { return((f &amp; _BV(bit)) != 0); }
                                                                      ^~~
/home/ec2-user/arduino-testlib/cli-datadir/user/libraries/MD_Stepper/src/MD_Stepper.h:652:70: note: suggested alternative: &#39;_B&#39;
   inline bool flagChk(volatile uint8_t f, uint8_t bit) { return((f &amp; _BV(bit)) != 0); }
                                                                      ^~~
                                                                      _B
/home/ec2-user/arduino-testlib/cli-datadir/user/libraries/MD_Stepper/src/MD_Stepper.h: In member function &#39;void MD_Stepper::flagSet(volatile uint8_t&amp;, uint8_t)&#39;:
/home/ec2-user/arduino-testlib/cli-datadir/user/libraries/MD_Stepper/src/MD_Stepper.h:653:64: error: &#39;_BV&#39; was not declared in this scope
   inline void flagSet(volatile uint8_t &amp;f, uint8_t bit) { f |= _BV(bit); }
                                                                ^~~
/home/ec2-user/arduino-testlib/cli-datadir/user/libraries/MD_Stepper/src/MD_Stepper.h:653:64: note: suggested alternative: &#39;_B&#39;
   inline void flagSet(volatile uint8_t &amp;f, uint8_t bit) { f |= _BV(bit); }
                                                                ^~~
                                                                _B
/home/ec2-user/arduino-testlib/cli-datadir/user/libraries/MD_Stepper/src/MD_Stepper.h: In member function &#39;void MD_Stepper::flagClr(volatile uint8_t&amp;, uint8_t)&#39;:
/home/ec2-user/arduino-testlib/cli-datadir/user/libraries/MD_Stepper/src/MD_Stepper.h:654:65: error: &#39;_BV&#39; was not declared in this scope
   inline void flagClr(volatile uint8_t &amp;f, uint8_t bit) { f &amp;= ~_BV(bit); }
                                                                 ^~~
/home/ec2-user/arduino-testlib/cli-datadir/user/libraries/MD_Stepper/src/MD_Stepper.h:654:65: note: suggested alternative: &#39;_B&#39;
   inline void flagClr(volatile uint8_t &amp;f, uint8_t bit) { f &amp;= ~_BV(bit); }
                                                                 ^~~
                                                                 _B

</pre>
					
					<h4>examples/MD_Stepper_Test</h4>
					<p>
						Result: <b>FAIL</b>
					</p>
					<pre class="pre-scrollable">/home/ec2-user/arduino-testlib/cli-datadir/user/libraries/MD_Stepper/examples/MD_Stepper_Test/MD_Stepper_Test.ino:13:10: fatal error: MD_cmdProcessor.h: No such file or directory
 #include &lt;MD_cmdProcessor.h&gt;
          ^~~~~~~~~~~~~~~~~~~
compilation terminated.

</pre>
					
					<h4>examples/MD_Stepper_TorqueTest</h4>
					<p>
						Result: <b>FAIL</b>
					</p>
					<pre class="pre-scrollable"></pre>
					
				
				<h3 id="esp32:esp32:d1_mini32">esp32:esp32:d1_mini32 @ 1.0.6</h3>
				<h4>Inclusion</h4>
				<p>
					Result: <b>FAIL</b>
					
				</p>
				<pre class="pre-scrollable">/home/ec2-user/arduino-testlib/cli-datadir/user/libraries/MD_Stepper/src/MD_Stepper.cpp: In member function &#39;void MD_Stepper::begin(uint8_t)&#39;:
/home/ec2-user/arduino-testlib/cli-datadir/user/libraries/MD_Stepper/src/MD_Stepper.cpp:57:17: error: cannot convert &#39;volatile uint32_t* {aka volatile unsigned int*}&#39; to &#39;volatile uint8_t* {aka volatile unsigned char*}&#39; in assignment
     _pin[i].reg = portOutputRegister(digitalPinToPort(_pin[i].id)); // output pin register
                 ^

</pre>

					
					<h4>examples/MD_Stepper_PositionControl</h4>
					<p>
						Result: <b>FAIL</b>
					</p>
					<pre class="pre-scrollable">/home/ec2-user/arduino-testlib/cli-datadir/user/libraries/MD_Stepper/src/MD_Stepper.cpp: In member function &#39;void MD_Stepper::begin(uint8_t)&#39;:
/home/ec2-user/arduino-testlib/cli-datadir/user/libraries/MD_Stepper/src/MD_Stepper.cpp:57:17: error: cannot convert &#39;volatile uint32_t* {aka volatile unsigned int*}&#39; to &#39;volatile uint8_t* {aka volatile unsigned char*}&#39; in assignment
     _pin[i].reg = portOutputRegister(digitalPinToPort(_pin[i].id)); // output pin register
                 ^

</pre>
					
					<h4>examples/MD_Stepper_SpeedControl</h4>
					<p>
						Result: <b>FAIL</b>
					</p>
					<pre class="pre-scrollable">/home/ec2-user/arduino-testlib/cli-datadir/user/libraries/MD_Stepper/src/MD_Stepper.cpp: In member function &#39;void MD_Stepper::begin(uint8_t)&#39;:
/home/ec2-user/arduino-testlib/cli-datadir/user/libraries/MD_Stepper/src/MD_Stepper.cpp:57:17: error: cannot convert &#39;volatile uint32_t* {aka volatile unsigned int*}&#39; to &#39;volatile uint8_t* {aka volatile unsigned char*}&#39; in assignment
     _pin[i].reg = portOutputRegister(digitalPinToPort(_pin[i].id)); // output pin register
                 ^

</pre>
					
					<h4>examples/MD_Stepper_SpeedControlDual</h4>
					<p>
						Result: <b>FAIL</b>
					</p>
					<pre class="pre-scrollable">/home/ec2-user/arduino-testlib/cli-datadir/user/libraries/MD_Stepper/examples/MD_Stepper_SpeedControlDual/MD_Stepper_SpeedControlDual.ino:26:26: error: &#39;A1&#39; was not declared in this scope
 const uint8_t POT_PINB = A1;
                          ^

</pre>
					
					<h4>examples/MD_Stepper_Test</h4>
					<p>
						Result: <b>FAIL</b>
					</p>
					<pre class="pre-scrollable">/home/ec2-user/arduino-testlib/cli-datadir/user/libraries/MD_Stepper/examples/MD_Stepper_Test/MD_Stepper_Test.ino:13:29: fatal error: MD_cmdProcessor.h: No such file or directory
compilation terminated.

</pre>
					
					<h4>examples/MD_Stepper_TorqueTest</h4>
					<p>
						Result: <b>FAIL</b>
					</p>
					<pre class="pre-scrollable"></pre>
					
				
			</div>
		</div>
	</div>
  </body>
</html>
