
<!doctype html>
<html lang="en">
  <head>
    <meta charset="utf-8">
    <meta name="viewport" content="width=device-width, initial-scale=1">
    <link href="https://cdn.jsdelivr.net/npm/bootstrap@5.0.2/dist/css/bootstrap.min.css" rel="stylesheet" integrity="sha384-EVSTQN3/azprG1Anm3QDgpJLIm9Nao0Yz1ztcQTwFspd3yD65VohhpuuCOmLASjC" crossorigin="anonymous">
    <title>arduino-testlib report</title>
	<style>
	.pass { background-color: #00FF00 !important; }
	.fail { background-color: #FF0000 !important; }
	</style>
  </head>
  <body>
	<div class="container">
		<div class="row">
			<div class="col">
				<h1>Melody - compatibility matrix</h1>
				<p>
					<small>This report was generated on Monday, 21-Feb-22 12:00:25 CET using 
					<a href="https://github.com/alranel/arduino-testlib">arduino-testlib</a>.</small>
				</p>

				<h2>Melody</h2>
				<p>
					Version: <b>1.1.0</b>
					<br />
					<a href="https://www.arduino.cc/reference/en/libraries/melody/">More details</a>
				</p>

				<h2>Compatibility matrix</h2>
				<table class="table table-bordered">
					<tr>
						<th>Board</th>
						<th>Claims compatibility</th>
						<th>Inclusion</th>
						
						<th><pre>Melody_for_limited_memory_devices</pre></th>
						
						<th><pre>Melody_with_Serial</pre></th>
						
						<th><pre>Melody_with_tone</pre></th>
						
					</tr>
					
					<tr>
						<td>
							<a href="#arduino%3aavr%3auno"><b>arduino:avr:uno</b></a>
							<br />
							<small>1.8.4</small>
						</td>

						
							<td>Yes</td>
							<td class="pass">PASS</td>
						
						
						
						

						
							
								
									
										
											<td class="pass">PASS</td>
											
										
									
										
									
										
									
								
							
								
							
								
							
								
							
								
							
						
							
								
									
										
									
										
											<td class="pass">PASS</td>
											
										
									
										
									
								
							
								
							
								
							
								
							
								
							
						
							
								
									
										
									
										
									
										
											<td class="pass">PASS</td>
											
										
									
								
							
								
							
								
							
								
							
								
							
						
					</tr>
					
					<tr>
						<td>
							<a href="#arduino%3ambed_nano%3ananorp2040connect"><b>arduino:mbed_nano:nanorp2040connect</b></a>
							<br />
							<small>2.7.2</small>
						</td>

						
							<td>Yes</td>
							<td class="pass">PASS</td>
						
						
						
						

						
							
								
							
								
									
										
											<td class="pass">PASS</td>
											
										
									
										
									
										
									
								
							
								
							
								
							
								
							
						
							
								
							
								
									
										
									
										
											<td class="pass">PASS</td>
											
										
									
										
									
								
							
								
							
								
							
								
							
						
							
								
							
								
									
										
									
										
									
										
											<td class="pass">PASS</td>
											
										
									
								
							
								
							
								
							
								
							
						
					</tr>
					
					<tr>
						<td>
							<a href="#arduino%3amegaavr%3anona4809"><b>arduino:megaavr:nona4809</b></a>
							<br />
							<small>1.8.7</small>
						</td>

						
						
						
							<td>Yes ⚠️</td>
							<td class="fail">FAIL</td>
						
						

						
							
								
							
								
							
								
									
										
											
											<td class="fail">FAIL</td>
										
									
										
									
										
									
								
							
								
							
								
							
						
							
								
							
								
							
								
									
										
									
										
											
											<td class="fail">FAIL</td>
										
									
										
									
								
							
								
							
								
							
						
							
								
							
								
							
								
									
										
									
										
									
										
											
											<td class="fail">FAIL</td>
										
									
								
							
								
							
								
							
						
					</tr>
					
					<tr>
						<td>
							<a href="#arduino%3asamd%3amkrwifi1010"><b>arduino:samd:mkrwifi1010</b></a>
							<br />
							<small>1.8.12</small>
						</td>

						
							<td>Yes</td>
							<td class="pass">PASS</td>
						
						
						
						

						
							
								
							
								
							
								
							
								
									
										
											<td class="pass">PASS</td>
											
										
									
										
									
										
									
								
							
								
							
						
							
								
							
								
							
								
							
								
									
										
									
										
											<td class="pass">PASS</td>
											
										
									
										
									
								
							
								
							
						
							
								
							
								
							
								
							
								
									
										
									
										
									
										
											<td class="pass">PASS</td>
											
										
									
								
							
								
							
						
					</tr>
					
					<tr>
						<td>
							<a href="#esp32%3aesp32%3ad1_mini32"><b>esp32:esp32:d1_mini32</b></a>
							<br />
							<small>1.0.6</small>
						</td>

						
							<td>Yes</td>
							<td class="pass">PASS</td>
						
						
						
						

						
							
								
							
								
							
								
							
								
							
								
									
										
											<td class="pass">PASS</td>
											
										
									
										
									
										
									
								
							
						
							
								
							
								
							
								
							
								
							
								
									
										
									
										
											<td class="pass">PASS</td>
											
										
									
										
									
								
							
						
							
								
							
								
							
								
							
								
							
								
									
										
									
										
									
										
											<td class="pass">PASS</td>
											
										
									
								
							
						
					</tr>
					
				</table>

				<h2>Compilation logs</h2>
				
				<h3 id="arduino:avr:uno">arduino:avr:uno @ 1.8.4</h3>
				<h4>Inclusion</h4>
				<p>
					Result: <b>PASS</b>
					
				</p>
				<pre class="pre-scrollable">Sketch uses 486 bytes (1%) of program storage space. Maximum is 32256 bytes.
Global variables use 9 bytes (0%) of dynamic memory, leaving 2039 bytes for local variables. Maximum is 2048 bytes.
</pre>

					
					<h4>examples/Melody_for_limited_memory_devices</h4>
					<p>
						Result: <b>PASS</b>
					</p>
					<pre class="pre-scrollable">Sketch uses 8370 bytes (25%) of program storage space. Maximum is 32256 bytes.
Global variables use 763 bytes (37%) of dynamic memory, leaving 1285 bytes for local variables. Maximum is 2048 bytes.
</pre>
					
					<h4>examples/Melody_with_Serial</h4>
					<p>
						Result: <b>PASS</b>
					</p>
					<pre class="pre-scrollable">Sketch uses 9518 bytes (29%) of program storage space. Maximum is 32256 bytes.
Global variables use 687 bytes (33%) of dynamic memory, leaving 1361 bytes for local variables. Maximum is 2048 bytes.
</pre>
					
					<h4>examples/Melody_with_tone</h4>
					<p>
						Result: <b>PASS</b>
					</p>
					<pre class="pre-scrollable">Sketch uses 9600 bytes (29%) of program storage space. Maximum is 32256 bytes.
Global variables use 1597 bytes (77%) of dynamic memory, leaving 451 bytes for local variables. Maximum is 2048 bytes.
Low memory available, stability problems may occur.
</pre>
					
				
				<h3 id="arduino:mbed_nano:nanorp2040connect">arduino:mbed_nano:nanorp2040connect @ 2.7.2</h3>
				<h4>Inclusion</h4>
				<p>
					Result: <b>PASS</b>
					
				</p>
				<pre class="pre-scrollable">Sketch uses 79032 bytes (0%) of program storage space. Maximum is 16777216 bytes.
Global variables use 43480 bytes (16%) of dynamic memory, leaving 226856 bytes for local variables. Maximum is 270336 bytes.
</pre>

					
					<h4>examples/Melody_for_limited_memory_devices</h4>
					<p>
						Result: <b>PASS</b>
					</p>
					<pre class="pre-scrollable">Sketch uses 82952 bytes (0%) of program storage space. Maximum is 16777216 bytes.
Global variables use 43504 bytes (16%) of dynamic memory, leaving 226832 bytes for local variables. Maximum is 270336 bytes.
</pre>
					
					<h4>examples/Melody_with_Serial</h4>
					<p>
						Result: <b>PASS</b>
					</p>
					<pre class="pre-scrollable">Sketch uses 83416 bytes (0%) of program storage space. Maximum is 16777216 bytes.
Global variables use 43484 bytes (16%) of dynamic memory, leaving 226852 bytes for local variables. Maximum is 270336 bytes.
</pre>
					
					<h4>examples/Melody_with_tone</h4>
					<p>
						Result: <b>PASS</b>
					</p>
					<pre class="pre-scrollable">Sketch uses 83220 bytes (0%) of program storage space. Maximum is 16777216 bytes.
Global variables use 43616 bytes (16%) of dynamic memory, leaving 226720 bytes for local variables. Maximum is 270336 bytes.
</pre>
					
				
				<h3 id="arduino:megaavr:nona4809">arduino:megaavr:nona4809 @ 1.8.7</h3>
				<h4>Inclusion</h4>
				<p>
					Result: <b>FAIL</b>
					
				</p>
				<pre class="pre-scrollable">
</pre>

					
					<h4>examples/Melody_for_limited_memory_devices</h4>
					<p>
						Result: <b>FAIL</b>
					</p>
					<pre class="pre-scrollable">In file included from /home/ec2-user/arduino-testlib/cli-datadir/user/libraries/Melody/src/SequenceParser.h:59:0,
                 from /home/ec2-user/arduino-testlib/cli-datadir/user/libraries/Melody/src/SequenceParser.cpp:1:
/home/ec2-user/arduino-testlib/cli-datadir/user/libraries/Melody/src/Streamer.h:19:21: error: expected &#39;)&#39; before &#39;string&#39;
     Streamer(String string) : _str(string.c_str()), _current(0), _length(0)
                     ^~~~~~
In file included from /home/ec2-user/arduino-testlib/cli-length(0)
                     ^~~~~~
In file included from /home/ec2-user/arduino-testlib/cli-datadir/user/libraries/Melody/src/Melody.h:5:0,
                 from /home/ec2-user/arduino-testlib/cli-datadir/user/libraries/Melody/src/Melody.cpp:1:
/home/ec2-user/arduino-testlib/cli-datadir/user/libraries/Melody/src/SequenceParser.h:70:22: error: expected &#39;;&#39; at end of member declaration
     static Sequence *parse(String);
                      ^~~~~
/home/ec2-user/arduino-testlib/cli-datadir/user/libraries/Melody/src/SequenceParser.h:70:34: error: &#39;Sequence* SequenceParser::parse&#39; conflicts with a previous declaration
     static Sequence *parse(String);
                                  ^
/home/ec2-user/arduino-testlib/cli-datadir/user/libraries/Melody/src/SequenceParser.h:69:22: note: previous declaration &#39;SequenceParser::parse&#39;
     static Sequence *parse(const char *);
                      ^~~~~
In file included from /home/ec2-user/arduino-testlib/cli-datadir/user/libraries/Melody/src/Melody.cpp:1:0:
/home/ec2-user/arduino-testlib/cli-datadir/user/libraries/Melody/src/Melody.h:19:15: error: field &#39;String&#39; has incomplete type &#39;Melody&#39;
  Melody(String);
               ^
/home/ec2-user/arduino-testlib/cli-datadir/user/libraries/Melody/src/Melody.h:13:7: note: definition of &#39;class Melody&#39; is not complete until the closing brace
 class Melody
       ^~~~~~
/home/ec2-user/arduino-testlib/cli-datadir/user/libraries/Melody/src/Melody.h:20:15: error: expected &#39;)&#39; before &#39;,&#39; token
  Melody(String, unsigned int);
               ^
/home/ec2-user/arduino-testlib/cli-datadir/user/libraries/Melody/src/Melody.h:23:16: error: &#39;String&#39; is not a type
  bool setScore(String);
                ^~~~~~
/home/ec2-user/arduino-testlib/cli-datadir/user/libraries/Melody/src/Melody.cpp:16:15: error: expected constructor, destructor, or type conversion before &#39;(&#39; token
 Melody::Melody(String score)
               ^
/home/ec2-user/arduino-testlib/cli-datadir/user/libraries/Melody/src/Melody.cpp:22:15: error: expected constructor, destructor, or type conversion before &#39;(&#39; token
 Melody::Melody(String score, unsigned int tempo)
               ^
/home/ec2-user/arduino-testlib/cli-datadir/user/libraries/Melody/src/Melody.cpp:51:23: error: &#39;bool Melody::setScore&#39; is not a static data member of &#39;class Melody&#39;
 bool Melody::setScore(String score)
                       ^~~~~~
/home/ec2-user/arduino-testlib/cli-datadir/user/libraries/Melody/src/Melody.cpp:51:23: error: invalid use of non-static data member &#39;Melody::String&#39;
In file included from /home/ec2-user/arduino-testlib/cli-datadir/user/libraries/Melody/src/Melody.cpp:1:0:
/home/ec2-user/arduino-testlib/cli-datadir/user/libraries/Melody/src/Melody.h:19:15: note: declared here
  Melody(String);
               ^

</pre>
					
					<h4>examples/Melody_with_Serial</h4>
					<p>
						Result: <b>FAIL</b>
					</p>
					<pre class="pre-scrollable">In file included from /home/ec2-user/arduino-testlib/cli-datadir/user/libraries/Melody/src/SequenceParser.h:59:0,
                 from /home/ec2-user/arduino-testlib/cli-datadir/user/libraries/Melody/src/Melody.h:5,
                 from /home/ec2-user/arduino-testlib/cli-datadir/user/libraries/Melody/src/Melody.cpp:1:
/home/ec2-user/arduino-testlib/cli-datadir/user/libraries/Melody/src/Streamer.h:19:21: error: expected &#39;)&#39; before &#39;string&#39;
     StreaIn file included from /home/ec2-user/arduino-testlib/cli-datadir/user/libraries/Melody/src/SequenceParser.cpp:1:0:
/home/ec2-user/arduino-testlib/cli-datadir/user/libraries/Melody/src/SequenceParser.h:70:22: error: expected &#39;;&#39; at end of member declaration
     static Sequence *parse(String);
                      ^~~~~
/home/ec2-user/arduino-testlib/cli-datadir/user/libraries/Melody/src/SequenceParser.h:70:34: error: &#39;Sequence* SequenceParser::parse&#39; conflicts with a previous declaration
     static Sequence *parse(String);
                                  ^
/home/ec2-user/arduino-testlib/cli-datadir/user/libraries/Melody/src/SequenceParser.h:69:22: note: previous declaration &#39;SequenceParser::parse&#39;
     static Sequence *parse(const char *);
                      ^~~~~
/home/ec2-user/arduino-testlib/cli-datadir/user/libraries/Melody/src/SequenceParser.cpp:44:33: error: &#39;Sequence* SequenceParser::parse&#39; is not a static data member of &#39;class SequenceParser&#39;
 Sequence *SequenceParser::parse(String text)
                                 ^~~~~~
/home/ec2-user/arduino-testlib/cli-datadir/user/libraries/Melody/src/SequenceParser.cpp:44:33: error: invalid use of non-static data member &#39;SequenceParser::String&#39;
In file included from /home/ec2-user/arduino-testlib/cli-datadir/user/libraries/Melody/src/SequenceParser.cpp:1:0:
/home/ec2-user/arduino-testlib/cli-datadir/user/libraries/Melody/src/SequenceParser.h:70:34: note: declared here
     static Sequence *parse(String);
                                  ^

</pre>
					
					<h4>examples/Melody_with_tone</h4>
					<p>
						Result: <b>FAIL</b>
					</p>
					<pre class="pre-scrollable">
</pre>
					
				
				<h3 id="arduino:samd:mkrwifi1010">arduino:samd:mkrwifi1010 @ 1.8.12</h3>
				<h4>Inclusion</h4>
				<p>
					Result: <b>PASS</b>
					
				</p>
				<pre class="pre-scrollable">Sketch uses 12488 bytes (4%) of program storage space. Maximum is 262144 bytes.
Global variables use 3028 bytes (9%) of dynamic memory, leaving 29740 bytes for local variables. Maximum is 32768 bytes.
</pre>

					
					<h4>examples/Melody_for_limited_memory_devices</h4>
					<p>
						Result: <b>PASS</b>
					</p>
					<pre class="pre-scrollable">Sketch uses 17028 bytes (6%) of program storage space. Maximum is 262144 bytes.
Global variables use 3092 bytes (9%) of dynamic memory, leaving 29676 bytes for local variables. Maximum is 32768 bytes.
</pre>
					
					<h4>examples/Melody_with_Serial</h4>
					<p>
						Result: <b>PASS</b>
					</p>
					<pre class="pre-scrollable">Sketch uses 17528 bytes (6%) of program storage space. Maximum is 262144 bytes.
Global variables use 3076 bytes (9%) of dynamic memory, leaving 29692 bytes for local variables. Maximum is 32768 bytes.
</pre>
					
					<h4>examples/Melody_with_tone</h4>
					<p>
						Result: <b>PASS</b>
					</p>
					<pre class="pre-scrollable">Sketch uses 18072 bytes (6%) of program storage space. Maximum is 262144 bytes.
Global variables use 3204 bytes (9%) of dynamic memory, leaving 29564 bytes for local variables. Maximum is 32768 bytes.
</pre>
					
				
				<h3 id="esp32:esp32:d1_mini32">esp32:esp32:d1_mini32 @ 1.0.6</h3>
				<h4>Inclusion</h4>
				<p>
					Result: <b>PASS</b>
					
				</p>
				<pre class="pre-scrollable">Sketch uses 202052 bytes (15%) of program storage space. Maximum is 1310720 bytes.
Global variables use 13120 bytes (4%) of dynamic memory, leaving 314560 bytes for local variables. Maximum is 327680 bytes.
</pre>

					
					<h4>examples/Melody_for_limited_memory_devices</h4>
					<p>
						Result: <b>PASS</b>
					</p>
					<pre class="pre-scrollable">Sketch uses 215050 bytes (16%) of program storage space. Maximum is 1310720 bytes.
Global variables use 13480 bytes (4%) of dynamic memory, leaving 314200 bytes for local variables. Maximum is 327680 bytes.
</pre>
					
					<h4>examples/Melody_with_Serial</h4>
					<p>
						Result: <b>PASS</b>
					</p>
					<pre class="pre-scrollable">Sketch uses 215466 bytes (16%) of program storage space. Maximum is 1310720 bytes.
Global variables use 13464 bytes (4%) of dynamic memory, leaving 314216 bytes for local variables. Maximum is 327680 bytes.
</pre>
					
					<h4>examples/Melody_with_tone</h4>
					<p>
						Result: <b>PASS</b>
					</p>
					<pre class="pre-scrollable">Sketch uses 216066 bytes (16%) of program storage space. Maximum is 1310720 bytes.
Global variables use 13592 bytes (4%) of dynamic memory, leaving 314088 bytes for local variables. Maximum is 327680 bytes.
</pre>
					
				
			</div>
		</div>
	</div>
  </body>
</html>
