
<!doctype html>
<html lang="en">
  <head>
    <meta charset="utf-8">
    <meta name="viewport" content="width=device-width, initial-scale=1">
    <link href="https://cdn.jsdelivr.net/npm/bootstrap@5.0.2/dist/css/bootstrap.min.css" rel="stylesheet" integrity="sha384-EVSTQN3/azprG1Anm3QDgpJLIm9Nao0Yz1ztcQTwFspd3yD65VohhpuuCOmLASjC" crossorigin="anonymous">
    <title>arduino-testlib report</title>
	<style>
	.pass { background-color: #00FF00 !important; }
	.fail { background-color: #FF0000 !important; }
	</style>
  </head>
  <body>
	<div class="container">
		<div class="row">
			<div class="col">
				<h1>Mirobot - compatibility matrix</h1>
				<p>
					<small>This report was generated on Monday, 21-Feb-22 12:00:25 CET using 
					<a href="https://github.com/alranel/arduino-testlib">arduino-testlib</a>.</small>
				</p>

				<h2>Mirobot</h2>
				<p>
					Version: <b>3.1.1</b>
					<br />
					<a href="https://www.arduino.cc/reference/en/libraries/mirobot/">More details</a>
				</p>

				<h2>Compatibility matrix</h2>
				<table class="table table-bordered">
					<tr>
						<th>Board</th>
						<th>Claims compatibility</th>
						<th>Inclusion</th>
						
						<th><pre>firmware-v3</pre></th>
						
						<th><pre>line_follower</pre></th>
						
						<th><pre>manual_example</pre></th>
						
						<th><pre>collision</pre></th>
						
						<th><pre>firmware-v1</pre></th>
						
						<th><pre>firmware-v2</pre></th>
						
					</tr>
					
					<tr>
						<td>
							<a href="#arduino%3aavr%3auno"><b>arduino:avr:uno</b></a>
							<br />
							<small>1.8.4</small>
						</td>

						
						
						
							<td>Yes ⚠️</td>
							<td class="fail">FAIL</td>
						
						

						
							
								
									
										
									
										
									
										
									
										
											
											<td class="fail">FAIL</td>
										
									
										
									
										
									
								
							
								
							
								
							
								
							
								
							
						
							
								
									
										
									
										
									
										
									
										
									
										
											
											<td class="fail">FAIL</td>
										
									
										
									
								
							
								
							
								
							
								
							
								
							
						
							
								
									
										
									
										
									
										
									
										
									
										
									
										
											
											<td class="fail">FAIL</td>
										
									
								
							
								
							
								
							
								
							
								
							
						
							
								
									
										
											
											<td class="fail">FAIL</td>
										
									
										
									
										
									
										
									
										
									
										
									
								
							
								
							
								
							
								
							
								
							
						
							
								
									
										
									
										
											
											<td class="fail">FAIL</td>
										
									
										
									
										
									
										
									
										
									
								
							
								
							
								
							
								
							
								
							
						
							
								
									
										
									
										
									
										
											
											<td class="fail">FAIL</td>
										
									
										
									
										
									
										
									
								
							
								
							
								
							
								
							
								
							
						
					</tr>
					
					<tr>
						<td>
							<a href="#arduino%3ambed_nano%3ananorp2040connect"><b>arduino:mbed_nano:nanorp2040connect</b></a>
							<br />
							<small>2.7.2</small>
						</td>

						
						
						
						
							<td>No</td>
							<td class="fail">FAIL</td>
						

						
							
								
							
								
									
										
									
										
									
										
									
										
											
											<td class="fail">FAIL</td>
										
									
										
									
										
									
								
							
								
							
								
							
								
							
						
							
								
							
								
									
										
									
										
									
										
									
										
									
										
											
											<td class="fail">FAIL</td>
										
									
										
									
								
							
								
							
								
							
								
							
						
							
								
							
								
									
										
									
										
									
										
									
										
									
										
									
										
											
											<td class="fail">FAIL</td>
										
									
								
							
								
							
								
							
								
							
						
							
								
							
								
									
										
											
											<td class="fail">FAIL</td>
										
									
										
									
										
									
										
									
										
									
										
									
								
							
								
							
								
							
								
							
						
							
								
							
								
									
										
									
										
											
											<td class="fail">FAIL</td>
										
									
										
									
										
									
										
									
										
									
								
							
								
							
								
							
								
							
						
							
								
							
								
									
										
									
										
									
										
											
											<td class="fail">FAIL</td>
										
									
										
									
										
									
										
									
								
							
								
							
								
							
								
							
						
					</tr>
					
					<tr>
						<td>
							<a href="#arduino%3amegaavr%3anona4809"><b>arduino:megaavr:nona4809</b></a>
							<br />
							<small>1.8.7</small>
						</td>

						
						
						
						
							<td>No</td>
							<td class="fail">FAIL</td>
						

						
							
								
							
								
							
								
									
										
									
										
									
										
									
										
											
											<td class="fail">FAIL</td>
										
									
										
									
										
									
								
							
								
							
								
							
						
							
								
							
								
							
								
									
										
									
										
									
										
									
										
									
										
											
											<td class="fail">FAIL</td>
										
									
										
									
								
							
								
							
								
							
						
							
								
							
								
							
								
									
										
									
										
									
										
									
										
									
										
									
										
											
											<td class="fail">FAIL</td>
										
									
								
							
								
							
								
							
						
							
								
							
								
							
								
									
										
											
											<td class="fail">FAIL</td>
										
									
										
									
										
									
										
									
										
									
										
									
								
							
								
							
								
							
						
							
								
							
								
							
								
									
										
									
										
											
											<td class="fail">FAIL</td>
										
									
										
									
										
									
										
									
										
									
								
							
								
							
								
							
						
							
								
							
								
							
								
									
										
									
										
									
										
											
											<td class="fail">FAIL</td>
										
									
										
									
										
									
										
									
								
							
								
							
								
							
						
					</tr>
					
					<tr>
						<td>
							<a href="#arduino%3asamd%3amkrwifi1010"><b>arduino:samd:mkrwifi1010</b></a>
							<br />
							<small>1.8.12</small>
						</td>

						
						
						
						
							<td>No</td>
							<td class="fail">FAIL</td>
						

						
							
								
							
								
							
								
							
								
									
										
									
										
									
										
									
										
											
											<td class="fail">FAIL</td>
										
									
										
									
										
									
								
							
								
							
						
							
								
							
								
							
								
							
								
									
										
									
										
									
										
									
										
									
										
											
											<td class="fail">FAIL</td>
										
									
										
									
								
							
								
							
						
							
								
							
								
							
								
							
								
									
										
									
										
									
										
									
										
									
										
									
										
											
											<td class="fail">FAIL</td>
										
									
								
							
								
							
						
							
								
							
								
							
								
							
								
									
										
											
											<td class="fail">FAIL</td>
										
									
										
									
										
									
										
									
										
									
										
									
								
							
								
							
						
							
								
							
								
							
								
							
								
									
										
									
										
											
											<td class="fail">FAIL</td>
										
									
										
									
										
									
										
									
										
									
								
							
								
							
						
							
								
							
								
							
								
							
								
									
										
									
										
									
										
											
											<td class="fail">FAIL</td>
										
									
										
									
										
									
										
									
								
							
								
							
						
					</tr>
					
					<tr>
						<td>
							<a href="#esp32%3aesp32%3ad1_mini32"><b>esp32:esp32:d1_mini32</b></a>
							<br />
							<small>1.0.6</small>
						</td>

						
						
						
						
							<td>No</td>
							<td class="fail">FAIL</td>
						

						
							
								
							
								
							
								
							
								
							
								
									
										
									
										
									
										
									
										
											
											<td class="fail">FAIL</td>
										
									
										
									
										
									
								
							
						
							
								
							
								
							
								
							
								
							
								
									
										
									
										
									
										
									
										
									
										
											
											<td class="fail">FAIL</td>
										
									
										
									
								
							
						
							
								
							
								
							
								
							
								
							
								
									
										
									
										
									
										
									
										
									
										
									
										
											
											<td class="fail">FAIL</td>
										
									
								
							
						
							
								
							
								
							
								
							
								
							
								
									
										
											
											<td class="fail">FAIL</td>
										
									
										
									
										
									
										
									
										
									
										
									
								
							
						
							
								
							
								
							
								
							
								
							
								
									
										
									
										
											
											<td class="fail">FAIL</td>
										
									
										
									
										
									
										
									
										
									
								
							
						
							
								
							
								
							
								
							
								
							
								
									
										
									
										
									
										
											
											<td class="fail">FAIL</td>
										
									
										
									
										
									
										
									
								
							
						
					</tr>
					
				</table>

				<h2>Compilation logs</h2>
				
				<h3 id="arduino:avr:uno">arduino:avr:uno @ 1.8.4</h3>
				<h4>Inclusion</h4>
				<p>
					Result: <b>FAIL</b>
					
				</p>
				<pre class="pre-scrollable">/home/ec2-user/arduino-testlib/cli-datadir/user/libraries/Mirobot/src/Mirobot.cpp: In member function &#39;void Mirobot::initSettings()&#39;:
/home/ec2-user/arduino-testlib/cli-datadir/user/libraries/Mirobot/src/Mirobot.cpp:134:60: error: no matching function for call to &#39;EEPROMClass::begin(unsigned int)&#39;
   EEPROM.begin(sizeof(MarceauSettings) &#43; sizeof(settings)&#43;4);
                                                            ^
In file included from /home/ec2-user/arduino-testlib/cli-datadir/user/libraries/Marceau/src/Marceau.h:9:0,
                 from /home/ec2-user/arduino-testlib/cli-datadir/user/libraries/Mirobot/src/Mirobot.h:5,
                 from /home/ec2-user/arduino-testlib/cli-datadir/user/libraries/Mirobot/src/Mirobot.cpp:1:
/home/ec2-user/arduino-testlib/cli-datadir/data/packages/arduino/hardware/avr/1.8.4/libraries/EEPROM/src/EEPROM.h:125:11: note: candidate: EEPtr EEPROMClass::begin()
     EEPtr begin()                        { return 0x00; }
           ^~~~~
/home/ec2-user/arduino-testlib/cli-datadir/data/packages/arduino/hardware/avr/1.8.4/libraries/EEPROM/src/EEPROM.h:125:11: note:   candidate expects 0 arguments, 1 provided
/home/ec2-user/arduino-testlib/cli-datadir/user/libraries/Mirobot/src/Mirobot.cpp: In member function &#39;void Mirobot::saveSettings()&#39;:
/home/ec2-user/arduino-testlib/cli-datadir/user/libraries/Mirobot/src/Mirobot.cpp:163:60: error: no matching function for call to &#39;EEPROMClass::begin(unsigned int)&#39;
   EEPROM.begin(sizeof(MarceauSettings) &#43; sizeof(settings)&#43;4);
                                                            ^
In file included from /home/ec2-user/arduino-testlib/cli-datadir/user/libraries/Marceau/src/Marceau.h:9:0,
                 from /home/ec2-user/arduino-testlib/cli-datadir/user/libraries/Mirobot/src/Mirobot.h:5,
                 from /home/ec2-user/arduino-testlib/cli-datadir/user/libraries/Mirobot/src/Mirobot.cpp:1:
/home/ec2-user/arduino-testlib/cli-datadir/data/packages/arduino/hardware/avr/1.8.4/libraries/EEPROM/src/EEPROM.h:125:11: note: candidate: EEPtr EEPROMClass::begin()
     EEPtr begin()                        { return 0x00; }
           ^~~~~
/home/ec2-user/arduino-testlib/cli-datadir/data/packages/arduino/hardware/avr/1.8.4/libraries/EEPROM/src/EEPROM.h:125:11: note:   candidate expects 0 arguments, 1 provided
Multiple libraries were found for &#34;EEPROM.h&#34;
  Used: /home/ec2-user/arduino-testlib/cli-datadir/data/packages/arduino/hardware/avr/1.8.4/libraries/EEPROM
  Not used: /home/ec2-user/arduino-testlib/cli-datadir/user/libraries/Hello_Drum
  Not used: /home/ec2-user/arduino-testlib/cli-datadir/user/libraries/arduino-NVM
</pre>

					
					<h4>examples/collision</h4>
					<p>
						Result: <b>FAIL</b>
					</p>
					<pre class="pre-scrollable">/home/ec2-user/arduino-testlib/cli-datadir/user/libraries/Mirobot/src/Mirobot.cpp: In member function &#39;void Mirobot::initSettings()&#39;:
/home/ec2-user/arduino-testlib/cli-datadir/user/libraries/Mirobot/src/Mirobot.cpp:134:60: error: no matching function for call to &#39;EEPROMClass::begin(unsigned int)&#39;
   EEPROM.begin(sizeof(MarceauSettings) &#43; sizeof(settings)&#43;4);
                                                            ^
In file included from /home/ec2-user/arduino-testlib/cli-datadir/user/libraries/Marceau/src/Marceau.h:9:0,
                 from /home/ec2-user/arduino-testlib/cli-datadir/user/libraries/Mirobot/src/Mirobot.h:5,
                 from /home/ec2-user/arduino-testlib/cli-datadir/user/libraries/Mirobot/src/Mirobot.cpp:1:
/home/ec2-user/arduino-testlib/cli-datadir/data/packages/arduino/hardware/avr/1.8.4/libraries/EEPROM/src/EEPROM.h:125:11: note: candidate: EEPtr EEPROMClass::begin()
     EEPtr begin()                        { return 0x00; }
           ^~~~~
/home/ec2-user/arduino-testlib/cli-datadir/data/packages/arduino/hardware/avr/1.8.4/libraries/EEPROM/src/EEPROM.h:125:11: note:   candidate expects 0 arguments, 1 provided
/home/ec2-user/arduino-testlib/cli-datadir/user/libraries/Mirobot/src/Mirobot.cpp: In member function &#39;void Mirobot::saveSettings()&#39;:
/home/ec2-user/arduino-testlib/cli-datadir/user/libraries/Mirobot/src/Mirobot.cpp:163:60: error: no matching function for call to &#39;EEPROMClass::begin(unsigned int)&#39;
   EEPROM.begin(sizeof(MarceauSettings) &#43; sizeof(settings)&#43;4);
                                                            ^
In file included from /home/ec2-user/arduino-testlib/cli-datadir/user/libraries/Marceau/src/Marceau.h:9:0,
                 from /home/ec2-user/arduino-testlib/cli-datadir/user/libraries/Mirobot/src/Mirobot.h:5,
                 from /home/ec2-user/arduino-testlib/cli-datadir/user/libraries/Mirobot/src/Mirobot.cpp:1:
/home/ec2-user/arduino-testlib/cli-datadir/data/packages/arduino/hardware/avr/1.8.4/libraries/EEPROM/src/EEPROM.h:125:11: note: candidate: EEPtr EEPROMClass::begin()
     EEPtr begin()                        { return 0x00; }
           ^~~~~
/home/ec2-user/arduino-testlib/cli-datadir/data/packages/arduino/hardware/avr/1.8.4/libraries/EEPROM/src/EEPROM.h:125:11: note:   candidate expects 0 arguments, 1 provided
Multiple libraries were found for &#34;EEPROM.h&#34;
  Used: /home/ec2-user/arduino-testlib/cli-datadir/data/packages/arduino/hardware/avr/1.8.4/libraries/EEPROM
  Not used: /home/ec2-user/arduino-testlib/cli-datadir/user/libraries/Hello_Drum
  Not used: /home/ec2-user/arduino-testlib/cli-datadir/user/libraries/arduino-NVM
</pre>
					
					<h4>examples/firmware-v1</h4>
					<p>
						Result: <b>FAIL</b>
					</p>
					<pre class="pre-scrollable">/home/ec2-user/arduino-testlib/cli-datadir/user/libraries/Mirobot/src/Mirobot.cpp: In member function &#39;void Mirobot::initSettings()&#39;:
/home/ec2-user/arduino-testlib/cli-datadir/user/libraries/Mirobot/src/Mirobot.cpp:134:60: error: no matching function for call to &#39;EEPROMClass::begin(unsigned int)&#39;
   EEPROM.begin(sizeof(MarceauSettings) &#43; sizeof(settings)&#43;4);
                                                            ^
In file included from /home/ec2-user/arduino-testlib/cli-datadir/user/libraries/Marceau/src/Marceau.h:9:0,
                 from /home/ec2-user/arduino-testlib/cli-datadir/user/libraries/Mirobot/src/Mirobot.h:5,
                 from /home/ec2-user/arduino-testlib/cli-datadir/user/libraries/Mirobot/src/Mirobot.cpp:1:
/home/ec2-user/arduino-testlib/cli-datadir/data/packages/arduino/hardware/avr/1.8.4/libraries/EEPROM/src/EEPROM.h:125:11: note: candidate: EEPtr EEPROMClass::begin()
     EEPtr begin()                        { return 0x00; }
           ^~~~~
/home/ec2-user/arduino-testlib/cli-datadir/data/packages/arduino/hardware/avr/1.8.4/libraries/EEPROM/src/EEPROM.h:125:11: note:   candidate expects 0 arguments, 1 provided
/home/ec2-user/arduino-testlib/cli-datadir/user/libraries/Mirobot/src/Mirobot.cpp: In member function &#39;void Mirobot::saveSettings()&#39;:
/home/ec2-user/arduino-testlib/cli-datadir/user/libraries/Mirobot/src/Mirobot.cpp:163:60: error: no matching function for call to &#39;EEPROMClass::begin(unsigned int)&#39;
   EEPROM.begin(sizeof(MarceauSettings) &#43; sizeof(settings)&#43;4);
                                                            ^
In file included from /home/ec2-user/arduino-testlib/cli-datadir/user/libraries/Marceau/src/Marceau.h:9:0,
                 from /home/ec2-user/arduino-testlib/cli-datadir/user/libraries/Mirobot/src/Mirobot.h:5,
                 from /home/ec2-user/arduino-testlib/cli-datadir/user/libraries/Mirobot/src/Mirobot.cpp:1:
/home/ec2-user/arduino-testlib/cli-datadir/data/packages/arduino/hardware/avr/1.8.4/libraries/EEPROM/src/EEPROM.h:125:11: note: candidate: EEPtr EEPROMClass::begin()
     EEPtr begin()                        { return 0x00; }
           ^~~~~
/home/ec2-user/arduino-testlib/cli-datadir/data/packages/arduino/hardware/avr/1.8.4/libraries/EEPROM/src/EEPROM.h:125:11: note:   candidate expects 0 arguments, 1 provided
Multiple libraries were found for &#34;EEPROM.h&#34;
  Used: /home/ec2-user/arduino-testlib/cli-datadir/data/packages/arduino/hardware/avr/1.8.4/libraries/EEPROM
  Not used: /home/ec2-user/arduino-testlib/cli-datadir/user/libraries/arduino-NVM
  Not used: /home/ec2-user/arduino-testlib/cli-datadir/user/libraries/Hello_Drum
</pre>
					
					<h4>examples/firmware-v2</h4>
					<p>
						Result: <b>FAIL</b>
					</p>
					<pre class="pre-scrollable">/home/ec2-user/arduino-testlib/cli-datadir/user/libraries/Mirobot/src/Mirobot.cpp: In member function &#39;void Mirobot::initSettings()&#39;:
/home/ec2-user/arduino-testlib/cli-datadir/user/libraries/Mirobot/src/Mirobot.cpp:134:60: error: no matching function for call to &#39;EEPROMClass::begin(unsigned int)&#39;
   EEPROM.begin(sizeof(MarceauSettings) &#43; sizeof(settings)&#43;4);
                                                            ^
In file included from /home/ec2-user/arduino-testlib/cli-datadir/user/libraries/Marceau/src/Marceau.h:9:0,
                 from /home/ec2-user/arduino-testlib/cli-datadir/user/libraries/Mirobot/src/Mirobot.h:5,
                 from /home/ec2-user/arduino-testlib/cli-datadir/user/libraries/Mirobot/src/Mirobot.cpp:1:
/home/ec2-user/arduino-testlib/cli-datadir/data/packages/arduino/hardware/avr/1.8.4/libraries/EEPROM/src/EEPROM.h:125:11: note: candidate: EEPtr EEPROMClass::begin()
     EEPtr begin()                        { return 0x00; }
           ^~~~~
/home/ec2-user/arduino-testlib/cli-datadir/data/packages/arduino/hardware/avr/1.8.4/libraries/EEPROM/src/EEPROM.h:125:11: note:   candidate expects 0 arguments, 1 provided
/home/ec2-user/arduino-testlib/cli-datadir/user/libraries/Mirobot/src/Mirobot.cpp: In member function &#39;void Mirobot::saveSettings()&#39;:
/home/ec2-user/arduino-testlib/cli-datadir/user/libraries/Mirobot/src/Mirobot.cpp:163:60: error: no matching function for call to &#39;EEPROMClass::begin(unsigned int)&#39;
   EEPROM.begin(sizeof(MarceauSettings) &#43; sizeof(settings)&#43;4);
                                                            ^
In file included from /home/ec2-user/arduino-testlib/cli-datadir/user/libraries/Marceau/src/Marceau.h:9:0,
                 from /home/ec2-user/arduino-testlib/cli-datadir/user/libraries/Mirobot/src/Mirobot.h:5,
                 from /home/ec2-user/arduino-testlib/cli-datadir/user/libraries/Mirobot/src/Mirobot.cpp:1:
/home/ec2-user/arduino-testlib/cli-datadir/data/packages/arduino/hardware/avr/1.8.4/libraries/EEPROM/src/EEPROM.h:125:11: note: candidate: EEPtr EEPROMClass::begin()
     EEPtr begin()                        { return 0x00; }
           ^~~~~
/home/ec2-user/arduino-testlib/cli-datadir/data/packages/arduino/hardware/avr/1.8.4/libraries/EEPROM/src/EEPROM.h:125:11: note:   candidate expects 0 arguments, 1 provided
Multiple libraries were found for &#34;EEPROM.h&#34;
  Used: /home/ec2-user/arduino-testlib/cli-datadir/data/packages/arduino/hardware/avr/1.8.4/libraries/EEPROM
  Not used: /home/ec2-user/arduino-testlib/cli-datadir/user/libraries/Hello_Drum
  Not used: /home/ec2-user/arduino-testlib/cli-datadir/user/libraries/arduino-NVM
</pre>
					
					<h4>examples/firmware-v3</h4>
					<p>
						Result: <b>FAIL</b>
					</p>
					<pre class="pre-scrollable">/home/ec2-user/arduino-testlib/cli-datadir/user/libraries/Mirobot/examples/firmware-v3/firmware-v3.ino: In function &#39;void setup()&#39;:
/home/ec2-user/arduino-testlib/cli-datadir/user/libraries/Mirobot/examples/firmware-v3/firmware-v3.ino:8:11: error: &#39;class Mirobot&#39; has no member named &#39;enableWifi&#39;; did you mean &#39;enableSerial&#39;?
   mirobot.enableWifi();
           ^~~~~~~~~~
           enableSerial
Multiple libraries were found for &#34;EEPROM.h&#34;
  Used: /home/ec2-user/arduino-testlib/cli-datadir/data/packages/arduino/hardware/avr/1.8.4/libraries/EEPROM
  Not used: /home/ec2-user/arduino-testlib/cli-datadir/user/libraries/arduino-NVM
  Not used: /home/ec2-user/arduino-testlib/cli-datadir/user/libraries/Hello_Drum
</pre>
					
					<h4>examples/line_follower</h4>
					<p>
						Result: <b>FAIL</b>
					</p>
					<pre class="pre-scrollable">/home/ec2-user/arduino-testlib/cli-datadir/user/libraries/Mirobot/src/Mirobot.cpp: In member function &#39;void Mirobot::initSettings()&#39;:
/home/ec2-user/arduino-testlib/cli-datadir/user/libraries/Mirobot/src/Mirobot.cpp:134:60: error: no matching function for call to &#39;EEPROMClass::begin(unsigned int)&#39;
   EEPROM.begin(sizeof(MarceauSettings) &#43; sizeof(settings)&#43;4);
                                                            ^
In file included from /home/ec2-user/arduino-testlib/cli-datadir/user/libraries/Marceau/src/Marceau.h:9:0,
                 from /home/ec2-user/arduino-testlib/cli-datadir/user/libraries/Mirobot/src/Mirobot.h:5,
                 from /home/ec2-user/arduino-testlib/cli-datadir/user/libraries/Mirobot/src/Mirobot.cpp:1:
/home/ec2-user/arduino-testlib/cli-datadir/data/packages/arduino/hardware/avr/1.8.4/libraries/EEPROM/src/EEPROM.h:125:11: note: candidate: EEPtr EEPROMClass::begin()
     EEPtr begin()                        { return 0x00; }
           ^~~~~
/home/ec2-user/arduino-testlib/cli-datadir/data/packages/arduino/hardware/avr/1.8.4/libraries/EEPROM/src/EEPROM.h:125:11: note:   candidate expects 0 arguments, 1 provided
/home/ec2-user/arduino-testlib/cli-datadir/user/libraries/Mirobot/src/Mirobot.cpp: In member function &#39;void Mirobot::saveSettings()&#39;:
/home/ec2-user/arduino-testlib/cli-datadir/user/libraries/Mirobot/src/Mirobot.cpp:163:60: error: no matching function for call to &#39;EEPROMClass::begin(unsigned int)&#39;
   EEPROM.begin(sizeof(MarceauSettings) &#43; sizeof(settings)&#43;4);
                                                            ^
In file included from /home/ec2-user/arduino-testlib/cli-datadir/user/libraries/Marceau/src/Marceau.h:9:0,
                 from /home/ec2-user/arduino-testlib/cli-datadir/user/libraries/Mirobot/src/Mirobot.h:5,
                 from /home/ec2-user/arduino-testlib/cli-datadir/user/libraries/Mirobot/src/Mirobot.cpp:1:
/home/ec2-user/arduino-testlib/cli-datadir/data/packages/arduino/hardware/avr/1.8.4/libraries/EEPROM/src/EEPROM.h:125:11: note: candidate: EEPtr EEPROMClass::begin()
     EEPtr begin()                        { return 0x00; }
           ^~~~~
/home/ec2-user/arduino-testlib/cli-datadir/data/packages/arduino/hardware/avr/1.8.4/libraries/EEPROM/src/EEPROM.h:125:11: note:   candidate expects 0 arguments, 1 provided
Multiple libraries were found for &#34;EEPROM.h&#34;
  Used: /home/ec2-user/arduino-testlib/cli-datadir/data/packages/arduino/hardware/avr/1.8.4/libraries/EEPROM
  Not used: /home/ec2-user/arduino-testlib/cli-datadir/user/libraries/arduino-NVM
  Not used: /home/ec2-user/arduino-testlib/cli-datadir/user/libraries/Hello_Drum
</pre>
					
					<h4>examples/manual_example</h4>
					<p>
						Result: <b>FAIL</b>
					</p>
					<pre class="pre-scrollable">/home/ec2-user/arduino-testlib/cli-datadir/user/libraries/Mirobot/src/Mirobot.cpp: In member function &#39;void Mirobot::initSettings()&#39;:
/home/ec2-user/arduino-testlib/cli-datadir/user/libraries/Mirobot/src/Mirobot.cpp:134:60: error: no matching function for call to &#39;EEPROMClass::begin(unsigned int)&#39;
   EEPROM.begin(sizeof(MarceauSettings) &#43; sizeof(settings)&#43;4);
                                                            ^
In file included from /home/ec2-user/arduino-testlib/cli-datadir/user/libraries/Marceau/src/Marceau.h:9:0,
                 from /home/ec2-user/arduino-testlib/cli-datadir/user/libraries/Mirobot/src/Mirobot.h:5,
                 from /home/ec2-user/arduino-testlib/cli-datadir/user/libraries/Mirobot/src/Mirobot.cpp:1:
/home/ec2-user/arduino-testlib/cli-datadir/data/packages/arduino/hardware/avr/1.8.4/libraries/EEPROM/src/EEPROM.h:125:11: note: candidate: EEPtr EEPROMClass::begin()
     EEPtr begin()                        { return 0x00; }
           ^~~~~
/home/ec2-user/arduino-testlib/cli-datadir/data/packages/arduino/hardware/avr/1.8.4/libraries/EEPROM/src/EEPROM.h:125:11: note:   candidate expects 0 arguments, 1 provided
/home/ec2-user/arduino-testlib/cli-datadir/user/libraries/Mirobot/src/Mirobot.cpp: In member function &#39;void Mirobot::saveSettings()&#39;:
/home/ec2-user/arduino-testlib/cli-datadir/user/libraries/Mirobot/src/Mirobot.cpp:163:60: error: no matching function for call to &#39;EEPROMClass::begin(unsigned int)&#39;
   EEPROM.begin(sizeof(MarceauSettings) &#43; sizeof(settings)&#43;4);
                                                            ^
In file included from /home/ec2-user/arduino-testlib/cli-datadir/user/libraries/Marceau/src/Marceau.h:9:0,
                 from /home/ec2-user/arduino-testlib/cli-datadir/user/libraries/Mirobot/src/Mirobot.h:5,
                 from /home/ec2-user/arduino-testlib/cli-datadir/user/libraries/Mirobot/src/Mirobot.cpp:1:
/home/ec2-user/arduino-testlib/cli-datadir/data/packages/arduino/hardware/avr/1.8.4/libraries/EEPROM/src/EEPROM.h:125:11: note: candidate: EEPtr EEPROMClass::begin()
     EEPtr begin()                        { return 0x00; }
           ^~~~~
/home/ec2-user/arduino-testlib/cli-datadir/data/packages/arduino/hardware/avr/1.8.4/libraries/EEPROM/src/EEPROM.h:125:11: note:   candidate expects 0 arguments, 1 provided
Multiple libraries were found for &#34;EEPROM.h&#34;
  Used: /home/ec2-user/arduino-testlib/cli-datadir/data/packages/arduino/hardware/avr/1.8.4/libraries/EEPROM
  Not used: /home/ec2-user/arduino-testlib/cli-datadir/user/libraries/arduino-NVM
  Not used: /home/ec2-user/arduino-testlib/cli-datadir/user/libraries/Hello_Drum
</pre>
					
				
				<h3 id="arduino:mbed_nano:nanorp2040connect">arduino:mbed_nano:nanorp2040connect @ 2.7.2</h3>
				<h4>Inclusion</h4>
				<p>
					Result: <b>FAIL</b>
					
				</p>
				<pre class="pre-scrollable">In file included from /home/ec2-user/arduino-testlib/cli-datadir/user/libraries/Marceau/src/Marceau.h:9:0,
                 from /home/ec2-user/arduino-testlib/cli-datadir/user/libraries/Mirobot/src/Mirobot.h:5,
                 from /tmp/arduino-testlib136750458/test/test.ino:1:
/home/ec2-user/arduino-testlib/cli-datadir/user/libraries/Hello_Drum/src/EEPROM.h:25:10: fatal error: avr/eeprom.h: No such file or directory
 #include &lt;avr/eeprom.h&gt;
          ^~~~~~~~~~~~~~
compilation terminated.
Multiple libraries were found for &#34;EEPROM.h&#34;
  Used: /home/ec2-user/arduino-testlib/cli-datadir/user/libraries/Hello_Drum
  Not used: /home/ec2-user/arduino-testlib/cli-datadir/user/libraries/arduino-NVM
</pre>

					
					<h4>examples/collision</h4>
					<p>
						Result: <b>FAIL</b>
					</p>
					<pre class="pre-scrollable">In file included from /home/ec2-user/arduino-testlib/cli-datadir/user/libraries/Marceau/src/Marceau.h:9:0,
                 from /home/ec2-user/arduino-testlib/cli-datadir/user/libraries/Mirobot/src/Mirobot.h:5,
                 from /home/ec2-user/arduino-testlib/cli-datadir/user/libraries/Mirobot/examples/collision/collision.ino:1:
/home/ec2-user/arduino-testlib/cli-datadir/user/libraries/Hello_Drum/src/EEPROM.h:25:10: fatal error: avr/eeprom.h: No such file or directory
 #include &lt;avr/eeprom.h&gt;
          ^~~~~~~~~~~~~~
compilation terminated.
Multiple libraries were found for &#34;EEPROM.h&#34;
  Used: /home/ec2-user/arduino-testlib/cli-datadir/user/libraries/Hello_Drum
  Not used: /home/ec2-user/arduino-testlib/cli-datadir/user/libraries/arduino-NVM
</pre>
					
					<h4>examples/firmware-v1</h4>
					<p>
						Result: <b>FAIL</b>
					</p>
					<pre class="pre-scrollable">In file included from /home/ec2-user/arduino-testlib/cli-datadir/user/libraries/Marceau/src/Marceau.h:9:0,
                 from /home/ec2-user/arduino-testlib/cli-datadir/user/libraries/Mirobot/src/Mirobot.h:5,
                 from /home/ec2-user/arduino-testlib/cli-datadir/user/libraries/Mirobot/examples/firmware-v1/firmware-v1.ino:1:
/home/ec2-user/arduino-testlib/cli-datadir/user/libraries/Hello_Drum/src/EEPROM.h:25:10: fatal error: avr/eeprom.h: No such file or directory
 #include &lt;avr/eeprom.h&gt;
          ^~~~~~~~~~~~~~
compilation terminated.
Multiple libraries were found for &#34;EEPROM.h&#34;
  Used: /home/ec2-user/arduino-testlib/cli-datadir/user/libraries/Hello_Drum
  Not used: /home/ec2-user/arduino-testlib/cli-datadir/user/libraries/arduino-NVM
</pre>
					
					<h4>examples/firmware-v2</h4>
					<p>
						Result: <b>FAIL</b>
					</p>
					<pre class="pre-scrollable">In file included from /home/ec2-user/arduino-testlib/cli-datadir/user/libraries/Marceau/src/Marceau.h:9:0,
                 from /home/ec2-user/arduino-testlib/cli-datadir/user/libraries/Mirobot/src/Mirobot.h:5,
                 from /home/ec2-user/arduino-testlib/cli-datadir/user/libraries/Mirobot/examples/firmware-v2/firmware-v2.ino:1:
/home/ec2-user/arduino-testlib/cli-datadir/user/libraries/Hello_Drum/src/EEPROM.h:25:10: fatal error: avr/eeprom.h: No such file or directory
 #include &lt;avr/eeprom.h&gt;
          ^~~~~~~~~~~~~~
compilation terminated.
Multiple libraries were found for &#34;EEPROM.h&#34;
  Used: /home/ec2-user/arduino-testlib/cli-datadir/user/libraries/Hello_Drum
  Not used: /home/ec2-user/arduino-testlib/cli-datadir/user/libraries/arduino-NVM
</pre>
					
					<h4>examples/firmware-v3</h4>
					<p>
						Result: <b>FAIL</b>
					</p>
					<pre class="pre-scrollable">In file included from /home/ec2-user/arduino-testlib/cli-datadir/user/libraries/Marceau/src/Marceau.h:9:0,
                 from /home/ec2-user/arduino-testlib/cli-datadir/user/libraries/Mirobot/src/Mirobot.h:5,
                 from /home/ec2-user/arduino-testlib/cli-datadir/user/libraries/Mirobot/examples/firmware-v3/firmware-v3.ino:1:
/home/ec2-user/arduino-testlib/cli-datadir/user/libraries/Hello_Drum/src/EEPROM.h:25:10: fatal error: avr/eeprom.h: No such file or directory
 #include &lt;avr/eeprom.h&gt;
          ^~~~~~~~~~~~~~
compilation terminated.
Multiple libraries were found for &#34;EEPROM.h&#34;
  Used: /home/ec2-user/arduino-testlib/cli-datadir/user/libraries/Hello_Drum
  Not used: /home/ec2-user/arduino-testlib/cli-datadir/user/libraries/arduino-NVM
</pre>
					
					<h4>examples/line_follower</h4>
					<p>
						Result: <b>FAIL</b>
					</p>
					<pre class="pre-scrollable">In file included from /home/ec2-user/arduino-testlib/cli-datadir/user/libraries/Marceau/src/Marceau.h:9:0,
                 from /home/ec2-user/arduino-testlib/cli-datadir/user/libraries/Mirobot/src/Mirobot.h:5,
                 from /home/ec2-user/arduino-testlib/cli-datadir/user/libraries/Mirobot/examples/line_follower/line_follower.ino:1:
/home/ec2-user/arduino-testlib/cli-datadir/user/libraries/Hello_Drum/src/EEPROM.h:25:10: fatal error: avr/eeprom.h: No such file or directory
 #include &lt;avr/eeprom.h&gt;
          ^~~~~~~~~~~~~~
compilation terminated.
Multiple libraries were found for &#34;EEPROM.h&#34;
  Used: /home/ec2-user/arduino-testlib/cli-datadir/user/libraries/Hello_Drum
  Not used: /home/ec2-user/arduino-testlib/cli-datadir/user/libraries/arduino-NVM
</pre>
					
					<h4>examples/manual_example</h4>
					<p>
						Result: <b>FAIL</b>
					</p>
					<pre class="pre-scrollable">In file included from /home/ec2-user/arduino-testlib/cli-datadir/user/libraries/Marceau/src/Marceau.h:9:0,
                 from /home/ec2-user/arduino-testlib/cli-datadir/user/libraries/Mirobot/src/Mirobot.h:5,
                 from /home/ec2-user/arduino-testlib/cli-datadir/user/libraries/Mirobot/examples/manual_example/manual_example.ino:1:
/home/ec2-user/arduino-testlib/cli-datadir/user/libraries/Hello_Drum/src/EEPROM.h:25:10: fatal error: avr/eeprom.h: No such file or directory
 #include &lt;avr/eeprom.h&gt;
          ^~~~~~~~~~~~~~
compilation terminated.
Multiple libraries were found for &#34;EEPROM.h&#34;
  Used: /home/ec2-user/arduino-testlib/cli-datadir/user/libraries/Hello_Drum
  Not used: /home/ec2-user/arduino-testlib/cli-datadir/user/libraries/arduino-NVM
</pre>
					
				
				<h3 id="arduino:megaavr:nona4809">arduino:megaavr:nona4809 @ 1.8.7</h3>
				<h4>Inclusion</h4>
				<p>
					Result: <b>FAIL</b>
					
				</p>
				<pre class="pre-scrollable">WARNING: library Mirobot claims to run on avr, esp8266 architecture(s) and may be incompatible with your current board which runs on megaavr architecture(s).
WARNING: library Marceau claims to run on avr, esp8266 architecture(s) and may be incompatible with your current board which runs on megaavr architecture(s).
/home/ec2-user/arduino-testlib/cli-datadir/user/libraries/Mirobot/src/Mirobot.cpp:9:41: error: no matching function for call to &#39;HotStepper::HotStepper(PORTBClass*, int)&#39;
 HotStepper rightMotor(&amp;PORTB, 0b00011101);
                                         ^
In file included from /home/ec2-user/arduino-testlib/cli-datadir/user/libraries/Mirobot/src/Mirobot.h:9:0,
                 from /home/ec2-user/arduino-testlib/cli-datadir/user/libraries/Mirobot/src/Mirobot.cpp:1:
/home/ec2-user/arduino-testlib/cli-datadir/user/libraries/Mirobot/src/lib/HotStepper.h:13:5: note: candidate: HotStepper::HotStepper(volatile uint8_t*, byte)
     HotStepper(volatile uint8_t* port, byte offset);
     ^~~~~~~~~~
/home/ec2-user/arduino-testlib/cli-datadir/user/libraries/Mirobot/src/lib/HotStepper.h:13:5: note:   no known conversion for argument 1 from &#39;PORTBClass*&#39; to &#39;volatile uint8_t* {aka volatile unsigned char*}&#39;
/home/ec2-user/arduino-testlib/cli-datadir/user/libraries/Mirobot/src/lib/HotStepper.h:11:7: note: candidate: constexpr HotStepper::HotStepper(const HotStepper&amp;)
 class HotStepper {
       ^~~~~~~~~~
/home/ec2-user/arduino-testlib/cli-datadir/user/libraries/Mirobot/src/lib/HotStepper.h:11:7: note:   candidate expects 1 argument, 2 provided
/home/ec2-user/arduino-testlib/cli-datadir/user/libraries/Mirobot/src/lib/HotStepper.h:11:7: note: candidate: constexpr HotStepper::HotStepper(HotStepper&amp;&amp;)
/home/ec2-user/arduino-testlib/cli-datadir/user/libraries/Mirobot/src/lib/HotStepper.h:11:7: note:   candidate expects 1 argument, 2 provided
/home/ec2-user/arduino-testlib/cli-datadir/user/libraries/Mirobot/src/Mirobot.cpp:10:40: error: no matching function for call to &#39;HotStepper::HotStepper(PORTDClass*, int)&#39;
 HotStepper leftMotor(&amp;PORTD, 0b11110000);
                                        ^
In file included from /home/ec2-user/arduino-testlib/cli-datadir/user/libraries/Mirobot/src/Mirobot.h:9:0,
                 from /home/ec2-user/arduino-testlib/cli-datadir/user/libraries/Mirobot/src/Mirobot.cpp:1:
/home/ec2-user/arduino-testlib/cli-datadir/user/libraries/Mirobot/src/lib/HotStepper.h:13:5: note: candidate: HotStepper::HotStepper(volatile uint8_t*, byte)
     HotStepper(volatile uint8_t* port, byte offset);
     ^~~~~~~~~~
/home/ec2-user/arduino-testlib/cli-datadir/user/libraries/Mirobot/src/lib/HotStepper.h:13:5: note:   no known conversion for argument 1 from &#39;PORTDClass*&#39; to &#39;volatile uint8_t* {aka volatile unsigned char*}&#39;
/home/ec2-user/arduino-testlib/cli-datadir/user/libraries/Mirobot/src/lib/HotStepper.h:11:7: note: candidate: constexpr HotStepper::HotStepper(const HotStepper&amp;)
 class HotStepper {
       ^~~~~~~~~~
/home/ec2-user/arduino-testlib/cli-datadir/user/libraries/Mirobot/src/lib/HotStepper.h:11:7: note:   candidate expects 1 argument, 2 provided
/home/ec2-user/arduino-testlib/cli-datadir/user/libraries/Mirobot/src/lib/HotStepper.h:11:7: note: candidate: constexpr HotStepper::HotStepper(HotStepper&amp;&amp;)
/home/ec2-user/arduino-testlib/cli-datadir/user/libraries/Mirobot/src/lib/HotStepper.h:11:7: note:   candidate expects 1 argument, 2 provided
/home/ec2-user/arduino-testlib/cli-datadir/user/libraries/Mirobot/src/Mirobot.cpp: In member function &#39;void Mirobot::initSettings()&#39;:
/home/ec2-user/arduino-testlib/cli-datadir/user/libraries/Mirobot/src/Mirobot.cpp:134:60: error: no matching function for call to &#39;EEPROMClass::begin(unsigned int)&#39;
   EEPROM.begin(sizeof(MarceauSettings) &#43; sizeof(settings)&#43;4);
                                                            ^
In file included from /home/ec2-user/arduino-testlib/cli-datadir/user/libraries/Marceau/src/Marceau.h:9:0,
                 from /home/ec2-user/arduino-testlib/cli-datadir/user/libraries/Mirobot/src/Mirobot.h:5,
                 from /home/ec2-user/arduino-testlib/cli-datadir/user/libraries/Mirobot/src/Mirobot.cpp:1:
/home/ec2-user/arduino-testlib/cli-datadir/data/packages/arduino/hardware/megaavr/1.8.7/libraries/EEPROM/src/EEPROM.h:125:11: note: candidate: EEPtr EEPROMClass::begin()
     EEPtr begin()                        { return 0x00; }
           ^~~~~
/home/ec2-user/arduino-testlib/cli-datadir/data/packages/arduino/hardware/megaavr/1.8.7/libraries/EEPROM/src/EEPROM.h:125:11: note:   candidate expects 0 arguments, 1 provided
/home/ec2-user/arduino-testlib/cli-datadir/user/libraries/Mirobot/src/Mirobot.cpp: In member function &#39;void Mirobot::saveSettings()&#39;:
/home/ec2-user/arduino-testlib/cli-datadir/user/libraries/Mirobot/src/Mirobot.cpp:163:60: error: no matching function for call to &#39;EEPROMClass::begin(unsigned int)&#39;
   EEPROM.begin(sizeof(MarceauSettings) &#43; sizeof(settings)&#43;4);
                                                            ^
In file included from /home/ec2-user/arduino-testlib/cli-datadir/user/libraries/Marceau/src/Marceau.h:9:0,
                 from /home/ec2-user/arduino-testlib/cli-datadir/user/libraries/Mirobot/src/Mirobot.h:5,
                 from /home/ec2-user/arduino-testlib/cli-datadir/user/libraries/Mirobot/src/Mirobot.cpp:1:
/home/ec2-user/arduino-testlib/cli-datadir/data/packages/arduino/hardware/megaavr/1.8.7/libraries/EEPROM/src/EEPROM.h:125:11: note: candidate: EEPtr EEPROMClass::begin()
     EEPtr begin()                        { return 0x00; }
           ^~~~~
/home/ec2-user/arduino-testlib/cli-datadir/data/packages/arduino/hardware/megaavr/1.8.7/libraries/EEPROM/src/EEPROM.h:125:11: note:   candidate expects 0 arguments, 1 provided
Multiple libraries were found for &#34;EEPROM.h&#34;
  Used: /home/ec2-user/arduino-testlib/cli-datadir/data/packages/arduino/hardware/megaavr/1.8.7/libraries/EEPROM
  Not used: /home/ec2-user/arduino-testlib/cli-datadir/user/libraries/arduino-NVM
  Not used: /home/ec2-user/arduino-testlib/cli-datadir/user/libraries/Hello_Drum
</pre>

					
					<h4>examples/collision</h4>
					<p>
						Result: <b>FAIL</b>
					</p>
					<pre class="pre-scrollable">WARNING: library Mirobot claims to run on avr, esp8266 architecture(s) and may be incompatible with your current board which runs on megaavr architecture(s).
WARNING: library Marceau claims to run on avr, esp8266 architecture(s) and may be incompatible with your current board which runs on megaavr architecture(s).
/home/ec2-user/arduino-testlib/cli-datadir/user/libraries/Mirobot/src/Mirobot.cpp:9:41: error: no matching function for call to &#39;HotStepper::HotStepper(PORTBClass*, int)&#39;
 HotStepper rightMotor(&amp;PORTB, 0b00011101);
                                         ^
In file included from /home/ec2-user/arduino-testlib/cli-datadir/user/libraries/Mirobot/src/Mirobot.h:9:0,
                 from /home/ec2-user/arduino-testlib/cli-datadir/user/libraries/Mirobot/src/Mirobot.cpp:1:
/home/ec2-user/arduino-testlib/cli-datadir/user/libraries/Mirobot/src/lib/HotStepper.h:13:5: note: candidate: HotStepper::HotStepper(volatile uint8_t*, byte)
     HotStepper(volatile uint8_t* port, byte offset);
     ^~~~~~~~~~
/home/ec2-user/arduino-testlib/cli-datadir/user/libraries/Mirobot/src/lib/HotStepper.h:13:5: note:   no known conversion for argument 1 from &#39;PORTBClass*&#39; to &#39;volatile uint8_t* {aka volatile unsigned char*}&#39;
/home/ec2-user/arduino-testlib/cli-datadir/user/libraries/Mirobot/src/lib/HotStepper.h:11:7: note: candidate: constexpr HotStepper::HotStepper(const HotStepper&amp;)
 class HotStepper {
       ^~~~~~~~~~
/home/ec2-user/arduino-testlib/cli-datadir/user/libraries/Mirobot/src/lib/HotStepper.h:11:7: note:   candidate expects 1 argument, 2 provided
/home/ec2-user/arduino-testlib/cli-datadir/user/libraries/Mirobot/src/lib/HotStepper.h:11:7: note: candidate: constexpr HotStepper::HotStepper(HotStepper&amp;&amp;)
/home/ec2-user/arduino-testlib/cli-datadir/user/libraries/Mirobot/src/lib/HotStepper.h:11:7: note:   candidate expects 1 argument, 2 provided
/home/ec2-user/arduino-testlib/cli-datadir/user/libraries/Mirobot/src/Mirobot.cpp:10:40: error: no matching function for call to &#39;HotStepper::HotStepper(PORTDClass*, int)&#39;
 HotStepper leftMotor(&amp;PORTD, 0b11110000);
                                        ^
In file included from /home/ec2-user/arduino-testlib/cli-datadir/user/libraries/Mirobot/src/Mirobot.h:9:0,
                 from /home/ec2-user/arduino-testlib/cli-datadir/user/libraries/Mirobot/src/Mirobot.cpp:1:
/home/ec2-user/arduino-testlib/cli-datadir/user/libraries/Mirobot/src/lib/HotStepper.h:13:5: note: candidate: HotStepper::HotStepper(volatile uint8_t*, byte)
     HotStepper(volatile uint8_t* port, byte offset);
     ^~~~~~~~~~
/home/ec2-user/arduino-testlib/cli-datadir/user/libraries/Mirobot/src/lib/HotStepper.h:13:5: note:   no known conversion for argument 1 from &#39;PORTDClass*&#39; to &#39;volatile uint8_t* {aka volatile unsigned char*}&#39;
/home/ec2-user/arduino-testlib/cli-datadir/user/libraries/Mirobot/src/lib/HotStepper.h:11:7: note: candidate: constexpr HotStepper::HotStepper(const HotStepper&amp;)
 class HotStepper {
       ^~~~~~~~~~
/home/ec2-user/arduino-testlib/cli-datadir/user/libraries/Mirobot/src/lib/HotStepper.h:11:7: note:   candidate expects 1 argument, 2 provided
/home/ec2-user/arduino-testlib/cli-datadir/user/libraries/Mirobot/src/lib/HotStepper.h:11:7: note: candidate: constexpr HotStepper::HotStepper(HotStepper&amp;&amp;)
/home/ec2-user/arduino-testlib/cli-datadir/user/libraries/Mirobot/src/lib/HotStepper.h:11:7: note:   candidate expects 1 argument, 2 provided
/home/ec2-user/arduino-testlib/cli-datadir/user/libraries/Mirobot/src/Mirobot.cpp: In member function &#39;void Mirobot::initSettings()&#39;:
/home/ec2-user/arduino-testlib/cli-datadir/user/libraries/Mirobot/src/Mirobot.cpp:134:60: error: no matching function for call to &#39;EEPROMClass::begin(unsigned int)&#39;
   EEPROM.begin(sizeof(MarceauSettings) &#43; sizeof(settings)&#43;4);
                                                            ^
In file included from /home/ec2-user/arduino-testlib/cli-datadir/user/libraries/Marceau/src/Marceau.h:9:0,
                 from /home/ec2-user/arduino-testlib/cli-datadir/user/libraries/Mirobot/src/Mirobot.h:5,
                 from /home/ec2-user/arduino-testlib/cli-datadir/user/libraries/Mirobot/src/Mirobot.cpp:1:
/home/ec2-user/arduino-testlib/cli-datadir/data/packages/arduino/hardware/megaavr/1.8.7/libraries/EEPROM/src/EEPROM.h:125:11: note: candidate: EEPtr EEPROMClass::begin()
     EEPtr begin()                        { return 0x00; }
           ^~~~~
/home/ec2-user/arduino-testlib/cli-datadir/data/packages/arduino/hardware/megaavr/1.8.7/libraries/EEPROM/src/EEPROM.h:125:11: note:   candidate expects 0 arguments, 1 provided
/home/ec2-user/arduino-testlib/cli-datadir/user/libraries/Mirobot/src/Mirobot.cpp: In member function &#39;void Mirobot::saveSettings()&#39;:
/home/ec2-user/arduino-testlib/cli-datadir/user/libraries/Mirobot/src/Mirobot.cpp:163:60: error: no matching function for call to &#39;EEPROMClass::begin(unsigned int)&#39;
   EEPROM.begin(sizeof(MarceauSettings) &#43; sizeof(settings)&#43;4);
                                                            ^
In file included from /home/ec2-user/arduino-testlib/cli-datadir/user/libraries/Marceau/src/Marceau.h:9:0,
                 from /home/ec2-user/arduino-testlib/cli-datadir/user/libraries/Mirobot/src/Mirobot.h:5,
                 from /home/ec2-user/arduino-testlib/cli-datadir/user/libraries/Mirobot/src/Mirobot.cpp:1:
/home/ec2-user/arduino-testlib/cli-datadir/data/packages/arduino/hardware/megaavr/1.8.7/libraries/EEPROM/src/EEPROM.h:125:11: note: candidate: EEPtr EEPROMClass::begin()
     EEPtr begin()                        { return 0x00; }
           ^~~~~
/home/ec2-user/arduino-testlib/cli-datadir/data/packages/arduino/hardware/megaavr/1.8.7/libraries/EEPROM/src/EEPROM.h:125:11: note:   candidate expects 0 arguments, 1 provided
Multiple libraries were found for &#34;EEPROM.h&#34;
  Used: /home/ec2-user/arduino-testlib/cli-datadir/data/packages/arduino/hardware/megaavr/1.8.7/libraries/EEPROM
  Not used: /home/ec2-user/arduino-testlib/cli-datadir/user/libraries/arduino-NVM
  Not used: /home/ec2-user/arduino-testlib/cli-datadir/user/libraries/Hello_Drum
</pre>
					
					<h4>examples/firmware-v1</h4>
					<p>
						Result: <b>FAIL</b>
					</p>
					<pre class="pre-scrollable">WARNING: library Mirobot claims to run on avr, esp8266 architecture(s) and may be incompatible with your current board which runs on megaavr architecture(s).
WARNING: library Marceau claims to run on avr, esp8266 architecture(s) and may be incompatible with your current board which runs on megaavr architecture(s).
/home/ec2-user/arduino-testlib/cli-datadir/user/libraries/Mirobot/src/Mirobot.cpp:9:41: error: no matching function for call to &#39;HotStepper::HotStepper(PORTBClass*, int)&#39;
 HotStepper rightMotor(&amp;PORTB, 0b00011101);
                                         ^
In file included from /home/ec2-user/arduino-testlib/cli-datadir/user/libraries/Mirobot/src/Mirobot.h:9:0,
                 from /home/ec2-user/arduino-testlib/cli-datadir/user/libraries/Mirobot/src/Mirobot.cpp:1:
/home/ec2-user/arduino-testlib/cli-datadir/user/libraries/Mirobot/src/lib/HotStepper.h:13:5: note: candidate: HotStepper::HotStepper(volatile uint8_t*, byte)
     HotStepper(volatile uint8_t* port, byte offset);
     ^~~~~~~~~~
/home/ec2-user/arduino-testlib/cli-datadir/user/libraries/Mirobot/src/lib/HotStepper.h:13:5: note:   no known conversion for argument 1 from &#39;PORTBClass*&#39; to &#39;volatile uint8_t* {aka volatile unsigned char*}&#39;
/home/ec2-user/arduino-testlib/cli-datadir/user/libraries/Mirobot/src/lib/HotStepper.h:11:7: note: candidate: constexpr HotStepper::HotStepper(const HotStepper&amp;)
 class HotStepper {
       ^~~~~~~~~~
/home/ec2-user/arduino-testlib/cli-datadir/user/libraries/Mirobot/src/lib/HotStepper.h:11:7: note:   candidate expects 1 argument, 2 provided
/home/ec2-user/arduino-testlib/cli-datadir/user/libraries/Mirobot/src/lib/HotStepper.h:11:7: note: candidate: constexpr HotStepper::HotStepper(HotStepper&amp;&amp;)
/home/ec2-user/arduino-testlib/cli-datadir/user/libraries/Mirobot/src/lib/HotStepper.h:11:7: note:   candidate expects 1 argument, 2 provided
/home/ec2-user/arduino-testlib/cli-datadir/user/libraries/Mirobot/src/Mirobot.cpp:10:40: error: no matching function for call to &#39;HotStepper::HotStepper(PORTDClass*, int)&#39;
 HotStepper leftMotor(&amp;PORTD, 0b11110000);
                                        ^
In file included from /home/ec2-user/arduino-testlib/cli-datadir/user/libraries/Mirobot/src/Mirobot.h:9:0,
                 from /home/ec2-user/arduino-testlib/cli-datadir/user/libraries/Mirobot/src/Mirobot.cpp:1:
/home/ec2-user/arduino-testlib/cli-datadir/user/libraries/Mirobot/src/lib/HotStepper.h:13:5: note: candidate: HotStepper::HotStepper(volatile uint8_t*, byte)
     HotStepper(volatile uint8_t* port, byte offset);
     ^~~~~~~~~~
/home/ec2-user/arduino-testlib/cli-datadir/user/libraries/Mirobot/src/lib/HotStepper.h:13:5: note:   no known conversion for argument 1 from &#39;PORTDClass*&#39; to &#39;volatile uint8_t* {aka volatile unsigned char*}&#39;
/home/ec2-user/arduino-testlib/cli-datadir/user/libraries/Mirobot/src/lib/HotStepper.h:11:7: note: candidate: constexpr HotStepper::HotStepper(const HotStepper&amp;)
 class HotStepper {
       ^~~~~~~~~~
/home/ec2-user/arduino-testlib/cli-datadir/user/libraries/Mirobot/src/lib/HotStepper.h:11:7: note:   candidate expects 1 argument, 2 provided
/home/ec2-user/arduino-testlib/cli-datadir/user/libraries/Mirobot/src/lib/HotStepper.h:11:7: note: candidate: constexpr HotStepper::HotStepper(HotStepper&amp;&amp;)
/home/ec2-user/arduino-testlib/cli-datadir/user/libraries/Mirobot/src/lib/HotStepper.h:11:7: note:   candidate expects 1 argument, 2 provided
/home/ec2-user/arduino-testlib/cli-datadir/user/libraries/Mirobot/src/Mirobot.cpp: In member function &#39;void Mirobot::initSettings()&#39;:
/home/ec2-user/arduino-testlib/cli-datadir/user/libraries/Mirobot/src/Mirobot.cpp:134:60: error: no matching function for call to &#39;EEPROMClass::begin(unsigned int)&#39;
   EEPROM.begin(sizeof(MarceauSettings) &#43; sizeof(settings)&#43;4);
                                                            ^
In file included from /home/ec2-user/arduino-testlib/cli-datadir/user/libraries/Marceau/src/Marceau.h:9:0,
                 from /home/ec2-user/arduino-testlib/cli-datadir/user/libraries/Mirobot/src/Mirobot.h:5,
                 from /home/ec2-user/arduino-testlib/cli-datadir/user/libraries/Mirobot/src/Mirobot.cpp:1:
/home/ec2-user/arduino-testlib/cli-datadir/data/packages/arduino/hardware/megaavr/1.8.7/libraries/EEPROM/src/EEPROM.h:125:11: note: candidate: EEPtr EEPROMClass::begin()
     EEPtr begin()                        { return 0x00; }
           ^~~~~
/home/ec2-user/arduino-testlib/cli-datadir/data/packages/arduino/hardware/megaavr/1.8.7/libraries/EEPROM/src/EEPROM.h:125:11: note:   candidate expects 0 arguments, 1 provided
/home/ec2-user/arduino-testlib/cli-datadir/user/libraries/Mirobot/src/Mirobot.cpp: In member function &#39;void Mirobot::saveSettings()&#39;:
/home/ec2-user/arduino-testlib/cli-datadir/user/libraries/Mirobot/src/Mirobot.cpp:163:60: error: no matching function for call to &#39;EEPROMClass::begin(unsigned int)&#39;
   EEPROM.begin(sizeof(MarceauSettings) &#43; sizeof(settings)&#43;4);
                                                            ^
In file included from /home/ec2-user/arduino-testlib/cli-datadir/user/libraries/Marceau/src/Marceau.h:9:0,
                 from /home/ec2-user/arduino-testlib/cli-datadir/user/libraries/Mirobot/src/Mirobot.h:5,
                 from /home/ec2-user/arduino-testlib/cli-datadir/user/libraries/Mirobot/src/Mirobot.cpp:1:
/home/ec2-user/arduino-testlib/cli-datadir/data/packages/arduino/hardware/megaavr/1.8.7/libraries/EEPROM/src/EEPROM.h:125:11: note: candidate: EEPtr EEPROMClass::begin()
     EEPtr begin()                        { return 0x00; }
           ^~~~~
/home/ec2-user/arduino-testlib/cli-datadir/data/packages/arduino/hardware/megaavr/1.8.7/libraries/EEPROM/src/EEPROM.h:125:11: note:   candidate expects 0 arguments, 1 provided
Multiple libraries were found for &#34;EEPROM.h&#34;
  Used: /home/ec2-user/arduino-testlib/cli-datadir/data/packages/arduino/hardware/megaavr/1.8.7/libraries/EEPROM
  Not used: /home/ec2-user/arduino-testlib/cli-datadir/user/libraries/Hello_Drum
  Not used: /home/ec2-user/arduino-testlib/cli-datadir/user/libraries/arduino-NVM
</pre>
					
					<h4>examples/firmware-v2</h4>
					<p>
						Result: <b>FAIL</b>
					</p>
					<pre class="pre-scrollable">WARNING: library Mirobot claims to run on avr, esp8266 architecture(s) and may be incompatible with your current board which runs on megaavr architecture(s).
WARNING: library Marceau claims to run on avr, esp8266 architecture(s) and may be incompatible with your current board which runs on megaavr architecture(s).
/home/ec2-user/arduino-testlib/cli-datadir/user/libraries/Mirobot/src/Mirobot.cpp:9:41: error: no matching function for call to &#39;HotStepper::HotStepper(PORTBClass*, int)&#39;
 HotStepper rightMotor(&amp;PORTB, 0b00011101);
                                         ^
In file included from /home/ec2-user/arduino-testlib/cli-datadir/user/libraries/Mirobot/src/Mirobot.h:9:0,
                 from /home/ec2-user/arduino-testlib/cli-datadir/user/libraries/Mirobot/src/Mirobot.cpp:1:
/home/ec2-user/arduino-testlib/cli-datadir/user/libraries/Mirobot/src/lib/HotStepper.h:13:5: note: candidate: HotStepper::HotStepper(volatile uint8_t*, byte)
     HotStepper(volatile uint8_t* port, byte offset);
     ^~~~~~~~~~
/home/ec2-user/arduino-testlib/cli-datadir/user/libraries/Mirobot/src/lib/HotStepper.h:13:5: note:   no known conversion for argument 1 from &#39;PORTBClass*&#39; to &#39;volatile uint8_t* {aka volatile unsigned char*}&#39;
/home/ec2-user/arduino-testlib/cli-datadir/user/libraries/Mirobot/src/lib/HotStepper.h:11:7: note: candidate: constexpr HotStepper::HotStepper(const HotStepper&amp;)
 class HotStepper {
       ^~~~~~~~~~
/home/ec2-user/arduino-testlib/cli-datadir/user/libraries/Mirobot/src/lib/HotStepper.h:11:7: note:   candidate expects 1 argument, 2 provided
/home/ec2-user/arduino-testlib/cli-datadir/user/libraries/Mirobot/src/lib/HotStepper.h:11:7: note: candidate: constexpr HotStepper::HotStepper(HotStepper&amp;&amp;)
/home/ec2-user/arduino-testlib/cli-datadir/user/libraries/Mirobot/src/lib/HotStepper.h:11:7: note:   candidate expects 1 argument, 2 provided
/home/ec2-user/arduino-testlib/cli-datadir/user/libraries/Mirobot/src/Mirobot.cpp:10:40: error: no matching function for call to &#39;HotStepper::HotStepper(PORTDClass*, int)&#39;
 HotStepper leftMotor(&amp;PORTD, 0b11110000);
                                        ^
In file included from /home/ec2-user/arduino-testlib/cli-datadir/user/libraries/Mirobot/src/Mirobot.h:9:0,
                 from /home/ec2-user/arduino-testlib/cli-datadir/user/libraries/Mirobot/src/Mirobot.cpp:1:
/home/ec2-user/arduino-testlib/cli-datadir/user/libraries/Mirobot/src/lib/HotStepper.h:13:5: note: candidate: HotStepper::HotStepper(volatile uint8_t*, byte)
     HotStepper(volatile uint8_t* port, byte offset);
     ^~~~~~~~~~
/home/ec2-user/arduino-testlib/cli-datadir/user/libraries/Mirobot/src/lib/HotStepper.h:13:5: note:   no known conversion for argument 1 from &#39;PORTDClass*&#39; to &#39;volatile uint8_t* {aka volatile unsigned char*}&#39;
/home/ec2-user/arduino-testlib/cli-datadir/user/libraries/Mirobot/src/lib/HotStepper.h:11:7: note: candidate: constexpr HotStepper::HotStepper(const HotStepper&amp;)
 class HotStepper {
       ^~~~~~~~~~
/home/ec2-user/arduino-testlib/cli-datadir/user/libraries/Mirobot/src/lib/HotStepper.h:11:7: note:   candidate expects 1 argument, 2 provided
/home/ec2-user/arduino-testlib/cli-datadir/user/libraries/Mirobot/src/lib/HotStepper.h:11:7: note: candidate: constexpr HotStepper::HotStepper(HotStepper&amp;&amp;)
/home/ec2-user/arduino-testlib/cli-datadir/user/libraries/Mirobot/src/lib/HotStepper.h:11:7: note:   candidate expects 1 argument, 2 provided
/home/ec2-user/arduino-testlib/cli-datadir/user/libraries/Mirobot/src/Mirobot.cpp: In member function &#39;void Mirobot::initSettings()&#39;:
/home/ec2-user/arduino-testlib/cli-datadir/user/libraries/Mirobot/src/Mirobot.cpp:134:60: error: no matching function for call to &#39;EEPROMClass::begin(unsigned int)&#39;
   EEPROM.begin(sizeof(MarceauSettings) &#43; sizeof(settings)&#43;4);
                                                            ^
In file included from /home/ec2-user/arduino-testlib/cli-datadir/user/libraries/Marceau/src/Marceau.h:9:0,
                 from /home/ec2-user/arduino-testlib/cli-datadir/user/libraries/Mirobot/src/Mirobot.h:5,
                 from /home/ec2-user/arduino-testlib/cli-datadir/user/libraries/Mirobot/src/Mirobot.cpp:1:
/home/ec2-user/arduino-testlib/cli-datadir/data/packages/arduino/hardware/megaavr/1.8.7/libraries/EEPROM/src/EEPROM.h:125:11: note: candidate: EEPtr EEPROMClass::begin()
     EEPtr begin()                        { return 0x00; }
           ^~~~~
/home/ec2-user/arduino-testlib/cli-datadir/data/packages/arduino/hardware/megaavr/1.8.7/libraries/EEPROM/src/EEPROM.h:125:11: note:   candidate expects 0 arguments, 1 provided
/home/ec2-user/arduino-testlib/cli-datadir/user/libraries/Mirobot/src/Mirobot.cpp: In member function &#39;void Mirobot::saveSettings()&#39;:
/home/ec2-user/arduino-testlib/cli-datadir/user/libraries/Mirobot/src/Mirobot.cpp:163:60: error: no matching function for call to &#39;EEPROMClass::begin(unsigned int)&#39;
   EEPROM.begin(sizeof(MarceauSettings) &#43; sizeof(settings)&#43;4);
                                                            ^
In file included from /home/ec2-user/arduino-testlib/cli-datadir/user/libraries/Marceau/src/Marceau.h:9:0,
                 from /home/ec2-user/arduino-testlib/cli-datadir/user/libraries/Mirobot/src/Mirobot.h:5,
                 from /home/ec2-user/arduino-testlib/cli-datadir/user/libraries/Mirobot/src/Mirobot.cpp:1:
/home/ec2-user/arduino-testlib/cli-datadir/data/packages/arduino/hardware/megaavr/1.8.7/libraries/EEPROM/src/EEPROM.h:125:11: note: candidate: EEPtr EEPROMClass::begin()
     EEPtr begin()                        { return 0x00; }
           ^~~~~
/home/ec2-user/arduino-testlib/cli-datadir/data/packages/arduino/hardware/megaavr/1.8.7/libraries/EEPROM/src/EEPROM.h:125:11: note:   candidate expects 0 arguments, 1 provided
Multiple libraries were found for &#34;EEPROM.h&#34;
  Used: /home/ec2-user/arduino-testlib/cli-datadir/data/packages/arduino/hardware/megaavr/1.8.7/libraries/EEPROM
  Not used: /home/ec2-user/arduino-testlib/cli-datadir/user/libraries/arduino-NVM
  Not used: /home/ec2-user/arduino-testlib/cli-datadir/user/libraries/Hello_Drum
</pre>
					
					<h4>examples/firmware-v3</h4>
					<p>
						Result: <b>FAIL</b>
					</p>
					<pre class="pre-scrollable">WARNING: library Mirobot claims to run on avr, esp8266 architecture(s) and may be incompatible with your current board which runs on megaavr architecture(s).
WARNING: library Marceau claims to run on avr, esp8266 architecture(s) and may be incompatible with your current board which runs on megaavr architecture(s).
/home/ec2-user/arduino-testlib/cli-datadir/user/libraries/Mirobot/examples/firmware-v3/firmware-v3.ino: In function &#39;void setup()&#39;:
/home/ec2-user/arduino-testlib/cli-datadir/user/libraries/Mirobot/examples/firmware-v3/firmware-v3.ino:8:11: error: &#39;class Mirobot&#39; has no member named &#39;enableWifi&#39;; did you mean &#39;enableSerial&#39;?
   mirobot.enableWifi();
           ^~~~~~~~~~
           enableSerial
Multiple libraries were found for &#34;EEPROM.h&#34;
  Used: /home/ec2-user/arduino-testlib/cli-datadir/data/packages/arduino/hardware/megaavr/1.8.7/libraries/EEPROM
  Not used: /home/ec2-user/arduino-testlib/cli-datadir/user/libraries/arduino-NVM
  Not used: /home/ec2-user/arduino-testlib/cli-datadir/user/libraries/Hello_Drum
</pre>
					
					<h4>examples/line_follower</h4>
					<p>
						Result: <b>FAIL</b>
					</p>
					<pre class="pre-scrollable">WARNING: library Mirobot claims to run on avr, esp8266 architecture(s) and may be incompatible with your current board which runs on megaavr architecture(s).
WARNING: library Marceau claims to run on avr, esp8266 architecture(s) and may be incompatible with your current board which runs on megaavr architecture(s).
/home/ec2-user/arduino-testlib/cli-datadir/user/libraries/Mirobot/src/Mirobot.cpp:9:41: error: no matching function for call to &#39;HotStepper::HotStepper(PORTBClass*, int)&#39;
 HotStepper rightMotor(&amp;PORTB, 0b00011101);
                                         ^
In file included from /home/ec2-user/arduino-testlib/cli-datadir/user/libraries/Mirobot/src/Mirobot.h:9:0,
                 from /home/ec2-user/arduino-testlib/cli-datadir/user/libraries/Mirobot/src/Mirobot.cpp:1:
/home/ec2-user/arduino-testlib/cli-datadir/user/libraries/Mirobot/src/lib/HotStepper.h:13:5: note: candidate: HotStepper::HotStepper(volatile uint8_t*, byte)
     HotStepper(volatile uint8_t* port, byte offset);
     ^~~~~~~~~~
/home/ec2-user/arduino-testlib/cli-datadir/user/libraries/Mirobot/src/lib/HotStepper.h:13:5: note:   no known conversion for argument 1 from &#39;PORTBClass*&#39; to &#39;volatile uint8_t* {aka volatile unsigned char*}&#39;
/home/ec2-user/arduino-testlib/cli-datadir/user/libraries/Mirobot/src/lib/HotStepper.h:11:7: note: candidate: constexpr HotStepper::HotStepper(const HotStepper&amp;)
 class HotStepper {
       ^~~~~~~~~~
/home/ec2-user/arduino-testlib/cli-datadir/user/libraries/Mirobot/src/lib/HotStepper.h:11:7: note:   candidate expects 1 argument, 2 provided
/home/ec2-user/arduino-testlib/cli-datadir/user/libraries/Mirobot/src/lib/HotStepper.h:11:7: note: candidate: constexpr HotStepper::HotStepper(HotStepper&amp;&amp;)
/home/ec2-user/arduino-testlib/cli-datadir/user/libraries/Mirobot/src/lib/HotStepper.h:11:7: note:   candidate expects 1 argument, 2 provided
/home/ec2-user/arduino-testlib/cli-datadir/user/libraries/Mirobot/src/Mirobot.cpp:10:40: error: no matching function for call to &#39;HotStepper::HotStepper(PORTDClass*, int)&#39;
 HotStepper leftMotor(&amp;PORTD, 0b11110000);
                                        ^
In file included from /home/ec2-user/arduino-testlib/cli-datadir/user/libraries/Mirobot/src/Mirobot.h:9:0,
                 from /home/ec2-user/arduino-testlib/cli-datadir/user/libraries/Mirobot/src/Mirobot.cpp:1:
/home/ec2-user/arduino-testlib/cli-datadir/user/libraries/Mirobot/src/lib/HotStepper.h:13:5: note: candidate: HotStepper::HotStepper(volatile uint8_t*, byte)
     HotStepper(volatile uint8_t* port, byte offset);
     ^~~~~~~~~~
/home/ec2-user/arduino-testlib/cli-datadir/user/libraries/Mirobot/src/lib/HotStepper.h:13:5: note:   no known conversion for argument 1 from &#39;PORTDClass*&#39; to &#39;volatile uint8_t* {aka volatile unsigned char*}&#39;
/home/ec2-user/arduino-testlib/cli-datadir/user/libraries/Mirobot/src/lib/HotStepper.h:11:7: note: candidate: constexpr HotStepper::HotStepper(const HotStepper&amp;)
 class HotStepper {
       ^~~~~~~~~~
/home/ec2-user/arduino-testlib/cli-datadir/user/libraries/Mirobot/src/lib/HotStepper.h:11:7: note:   candidate expects 1 argument, 2 provided
/home/ec2-user/arduino-testlib/cli-datadir/user/libraries/Mirobot/src/lib/HotStepper.h:11:7: note: candidate: constexpr HotStepper::HotStepper(HotStepper&amp;&amp;)
/home/ec2-user/arduino-testlib/cli-datadir/user/libraries/Mirobot/src/lib/HotStepper.h:11:7: note:   candidate expects 1 argument, 2 provided
/home/ec2-user/arduino-testlib/cli-datadir/user/libraries/Mirobot/src/Mirobot.cpp: In member function &#39;void Mirobot::initSettings()&#39;:
/home/ec2-user/arduino-testlib/cli-datadir/user/libraries/Mirobot/src/Mirobot.cpp:134:60: error: no matching function for call to &#39;EEPROMClass::begin(unsigned int)&#39;
   EEPROM.begin(sizeof(MarceauSettings) &#43; sizeof(settings)&#43;4);
                                                            ^
In file included from /home/ec2-user/arduino-testlib/cli-datadir/user/libraries/Marceau/src/Marceau.h:9:0,
                 from /home/ec2-user/arduino-testlib/cli-datadir/user/libraries/Mirobot/src/Mirobot.h:5,
                 from /home/ec2-user/arduino-testlib/cli-datadir/user/libraries/Mirobot/src/Mirobot.cpp:1:
/home/ec2-user/arduino-testlib/cli-datadir/data/packages/arduino/hardware/megaavr/1.8.7/libraries/EEPROM/src/EEPROM.h:125:11: note: candidate: EEPtr EEPROMClass::begin()
     EEPtr begin()                        { return 0x00; }
           ^~~~~
/home/ec2-user/arduino-testlib/cli-datadir/data/packages/arduino/hardware/megaavr/1.8.7/libraries/EEPROM/src/EEPROM.h:125:11: note:   candidate expects 0 arguments, 1 provided
/home/ec2-user/arduino-testlib/cli-datadir/user/libraries/Mirobot/src/Mirobot.cpp: In member function &#39;void Mirobot::saveSettings()&#39;:
/home/ec2-user/arduino-testlib/cli-datadir/user/libraries/Mirobot/src/Mirobot.cpp:163:60: error: no matching function for call to &#39;EEPROMClass::begin(unsigned int)&#39;
   EEPROM.begin(sizeof(MarceauSettings) &#43; sizeof(settings)&#43;4);
                                                            ^
In file included from /home/ec2-user/arduino-testlib/cli-datadir/user/libraries/Marceau/src/Marceau.h:9:0,
                 from /home/ec2-user/arduino-testlib/cli-datadir/user/libraries/Mirobot/src/Mirobot.h:5,
                 from /home/ec2-user/arduino-testlib/cli-datadir/user/libraries/Mirobot/src/Mirobot.cpp:1:
/home/ec2-user/arduino-testlib/cli-datadir/data/packages/arduino/hardware/megaavr/1.8.7/libraries/EEPROM/src/EEPROM.h:125:11: note: candidate: EEPtr EEPROMClass::begin()
     EEPtr begin()                        { return 0x00; }
           ^~~~~
/home/ec2-user/arduino-testlib/cli-datadir/data/packages/arduino/hardware/megaavr/1.8.7/libraries/EEPROM/src/EEPROM.h:125:11: note:   candidate expects 0 arguments, 1 provided
Multiple libraries were found for &#34;EEPROM.h&#34;
  Used: /home/ec2-user/arduino-testlib/cli-datadir/data/packages/arduino/hardware/megaavr/1.8.7/libraries/EEPROM
  Not used: /home/ec2-user/arduino-testlib/cli-datadir/user/libraries/arduino-NVM
  Not used: /home/ec2-user/arduino-testlib/cli-datadir/user/libraries/Hello_Drum
</pre>
					
					<h4>examples/manual_example</h4>
					<p>
						Result: <b>FAIL</b>
					</p>
					<pre class="pre-scrollable">WARNING: library Mirobot claims to run on avr, esp8266 architecture(s) and may be incompatible with your current board which runs on megaavr architecture(s).
WARNING: library Marceau claims to run on avr, esp8266 architecture(s) and may be incompatible with your current board which runs on megaavr architecture(s).
/home/ec2-user/arduino-testlib/cli-datadir/user/libraries/Mirobot/src/Mirobot.cpp:9:41: error: no matching function for call to &#39;HotStepper::HotStepper(PORTBClass*, int)&#39;
 HotStepper rightMotor(&amp;PORTB, 0b00011101);
                                         ^
In file included from /home/ec2-user/arduino-testlib/cli-datadir/user/libraries/Mirobot/src/Mirobot.h:9:0,
                 from /home/ec2-user/arduino-testlib/cli-datadir/user/libraries/Mirobot/src/Mirobot.cpp:1:
/home/ec2-user/arduino-testlib/cli-datadir/user/libraries/Mirobot/src/lib/HotStepper.h:13:5: note: candidate: HotStepper::HotStepper(volatile uint8_t*, byte)
     HotStepper(volatile uint8_t* port, byte offset);
     ^~~~~~~~~~
/home/ec2-user/arduino-testlib/cli-datadir/user/libraries/Mirobot/src/lib/HotStepper.h:13:5: note:   no known conversion for argument 1 from &#39;PORTBClass*&#39; to &#39;volatile uint8_t* {aka volatile unsigned char*}&#39;
/home/ec2-user/arduino-testlib/cli-datadir/user/libraries/Mirobot/src/lib/HotStepper.h:11:7: note: candidate: constexpr HotStepper::HotStepper(const HotStepper&amp;)
 class HotStepper {
       ^~~~~~~~~~
/home/ec2-user/arduino-testlib/cli-datadir/user/libraries/Mirobot/src/lib/HotStepper.h:11:7: note:   candidate expects 1 argument, 2 provided
/home/ec2-user/arduino-testlib/cli-datadir/user/libraries/Mirobot/src/lib/HotStepper.h:11:7: note: candidate: constexpr HotStepper::HotStepper(HotStepper&amp;&amp;)
/home/ec2-user/arduino-testlib/cli-datadir/user/libraries/Mirobot/src/lib/HotStepper.h:11:7: note:   candidate expects 1 argument, 2 provided
/home/ec2-user/arduino-testlib/cli-datadir/user/libraries/Mirobot/src/Mirobot.cpp:10:40: error: no matching function for call to &#39;HotStepper::HotStepper(PORTDClass*, int)&#39;
 HotStepper leftMotor(&amp;PORTD, 0b11110000);
                                        ^
In file included from /home/ec2-user/arduino-testlib/cli-datadir/user/libraries/Mirobot/src/Mirobot.h:9:0,
                 from /home/ec2-user/arduino-testlib/cli-datadir/user/libraries/Mirobot/src/Mirobot.cpp:1:
/home/ec2-user/arduino-testlib/cli-datadir/user/libraries/Mirobot/src/lib/HotStepper.h:13:5: note: candidate: HotStepper::HotStepper(volatile uint8_t*, byte)
     HotStepper(volatile uint8_t* port, byte offset);
     ^~~~~~~~~~
/home/ec2-user/arduino-testlib/cli-datadir/user/libraries/Mirobot/src/lib/HotStepper.h:13:5: note:   no known conversion for argument 1 from &#39;PORTDClass*&#39; to &#39;volatile uint8_t* {aka volatile unsigned char*}&#39;
/home/ec2-user/arduino-testlib/cli-datadir/user/libraries/Mirobot/src/lib/HotStepper.h:11:7: note: candidate: constexpr HotStepper::HotStepper(const HotStepper&amp;)
 class HotStepper {
       ^~~~~~~~~~
/home/ec2-user/arduino-testlib/cli-datadir/user/libraries/Mirobot/src/lib/HotStepper.h:11:7: note:   candidate expects 1 argument, 2 provided
/home/ec2-user/arduino-testlib/cli-datadir/user/libraries/Mirobot/src/lib/HotStepper.h:11:7: note: candidate: constexpr HotStepper::HotStepper(HotStepper&amp;&amp;)
/home/ec2-user/arduino-testlib/cli-datadir/user/libraries/Mirobot/src/lib/HotStepper.h:11:7: note:   candidate expects 1 argument, 2 provided
/home/ec2-user/arduino-testlib/cli-datadir/user/libraries/Mirobot/src/Mirobot.cpp: In member function &#39;void Mirobot::initSettings()&#39;:
/home/ec2-user/arduino-testlib/cli-datadir/user/libraries/Mirobot/src/Mirobot.cpp:134:60: error: no matching function for call to &#39;EEPROMClass::begin(unsigned int)&#39;
   EEPROM.begin(sizeof(MarceauSettings) &#43; sizeof(settings)&#43;4);
                                                            ^
In file included from /home/ec2-user/arduino-testlib/cli-datadir/user/libraries/Marceau/src/Marceau.h:9:0,
                 from /home/ec2-user/arduino-testlib/cli-datadir/user/libraries/Mirobot/src/Mirobot.h:5,
                 from /home/ec2-user/arduino-testlib/cli-datadir/user/libraries/Mirobot/src/Mirobot.cpp:1:
/home/ec2-user/arduino-testlib/cli-datadir/data/packages/arduino/hardware/megaavr/1.8.7/libraries/EEPROM/src/EEPROM.h:125:11: note: candidate: EEPtr EEPROMClass::begin()
     EEPtr begin()                        { return 0x00; }
           ^~~~~
/home/ec2-user/arduino-testlib/cli-datadir/data/packages/arduino/hardware/megaavr/1.8.7/libraries/EEPROM/src/EEPROM.h:125:11: note:   candidate expects 0 arguments, 1 provided
/home/ec2-user/arduino-testlib/cli-datadir/user/libraries/Mirobot/src/Mirobot.cpp: In member function &#39;void Mirobot::saveSettings()&#39;:
/home/ec2-user/arduino-testlib/cli-datadir/user/libraries/Mirobot/src/Mirobot.cpp:163:60: error: no matching function for call to &#39;EEPROMClass::begin(unsigned int)&#39;
   EEPROM.begin(sizeof(MarceauSettings) &#43; sizeof(settings)&#43;4);
                                                            ^
In file included from /home/ec2-user/arduino-testlib/cli-datadir/user/libraries/Marceau/src/Marceau.h:9:0,
                 from /home/ec2-user/arduino-testlib/cli-datadir/user/libraries/Mirobot/src/Mirobot.h:5,
                 from /home/ec2-user/arduino-testlib/cli-datadir/user/libraries/Mirobot/src/Mirobot.cpp:1:
/home/ec2-user/arduino-testlib/cli-datadir/data/packages/arduino/hardware/megaavr/1.8.7/libraries/EEPROM/src/EEPROM.h:125:11: note: candidate: EEPtr EEPROMClass::begin()
     EEPtr begin()                        { return 0x00; }
           ^~~~~
/home/ec2-user/arduino-testlib/cli-datadir/data/packages/arduino/hardware/megaavr/1.8.7/libraries/EEPROM/src/EEPROM.h:125:11: note:   candidate expects 0 arguments, 1 provided
Multiple libraries were found for &#34;EEPROM.h&#34;
  Used: /home/ec2-user/arduino-testlib/cli-datadir/data/packages/arduino/hardware/megaavr/1.8.7/libraries/EEPROM
  Not used: /home/ec2-user/arduino-testlib/cli-datadir/user/libraries/arduino-NVM
  Not used: /home/ec2-user/arduino-testlib/cli-datadir/user/libraries/Hello_Drum
</pre>
					
				
				<h3 id="arduino:samd:mkrwifi1010">arduino:samd:mkrwifi1010 @ 1.8.12</h3>
				<h4>Inclusion</h4>
				<p>
					Result: <b>FAIL</b>
					
				</p>
				<pre class="pre-scrollable">In file included from /home/ec2-user/arduino-testlib/cli-datadir/user/libraries/Marceau/src/Marceau.h:9:0,
                 from /home/ec2-user/arduino-testlib/cli-datadir/user/libraries/Mirobot/src/Mirobot.h:5,
                 from /tmp/arduino-testlib908179784/test/test.ino:1:
/home/ec2-user/arduino-testlib/cli-datadir/user/libraries/Hello_Drum/src/EEPROM.h:25:10: fatal error: avr/eeprom.h: No such file or directory
 #include &lt;avr/eeprom.h&gt;
          ^~~~~~~~~~~~~~
compilation terminated.
Multiple libraries were found for &#34;EEPROM.h&#34;
  Used: /home/ec2-user/arduino-testlib/cli-datadir/user/libraries/Hello_Drum
  Not used: /home/ec2-user/arduino-testlib/cli-datadir/user/libraries/arduino-NVM
</pre>

					
					<h4>examples/collision</h4>
					<p>
						Result: <b>FAIL</b>
					</p>
					<pre class="pre-scrollable">In file included from /home/ec2-user/arduino-testlib/cli-datadir/user/libraries/Marceau/src/Marceau.h:9:0,
                 from /home/ec2-user/arduino-testlib/cli-datadir/user/libraries/Mirobot/src/Mirobot.h:5,
                 from /home/ec2-user/arduino-testlib/cli-datadir/user/libraries/Mirobot/examples/collision/collision.ino:1:
/home/ec2-user/arduino-testlib/cli-datadir/user/libraries/Hello_Drum/src/EEPROM.h:25:10: fatal error: avr/eeprom.h: No such file or directory
 #include &lt;avr/eeprom.h&gt;
          ^~~~~~~~~~~~~~
compilation terminated.
Multiple libraries were found for &#34;EEPROM.h&#34;
  Used: /home/ec2-user/arduino-testlib/cli-datadir/user/libraries/Hello_Drum
  Not used: /home/ec2-user/arduino-testlib/cli-datadir/user/libraries/arduino-NVM
</pre>
					
					<h4>examples/firmware-v1</h4>
					<p>
						Result: <b>FAIL</b>
					</p>
					<pre class="pre-scrollable">In file included from /home/ec2-user/arduino-testlib/cli-datadir/user/libraries/Marceau/src/Marceau.h:9:0,
                 from /home/ec2-user/arduino-testlib/cli-datadir/user/libraries/Mirobot/src/Mirobot.h:5,
                 from /home/ec2-user/arduino-testlib/cli-datadir/user/libraries/Mirobot/examples/firmware-v1/firmware-v1.ino:1:
/home/ec2-user/arduino-testlib/cli-datadir/user/libraries/Hello_Drum/src/EEPROM.h:25:10: fatal error: avr/eeprom.h: No such file or directory
 #include &lt;avr/eeprom.h&gt;
          ^~~~~~~~~~~~~~
compilation terminated.
Multiple libraries were found for &#34;EEPROM.h&#34;
  Used: /home/ec2-user/arduino-testlib/cli-datadir/user/libraries/Hello_Drum
  Not used: /home/ec2-user/arduino-testlib/cli-datadir/user/libraries/arduino-NVM
</pre>
					
					<h4>examples/firmware-v2</h4>
					<p>
						Result: <b>FAIL</b>
					</p>
					<pre class="pre-scrollable">In file included from /home/ec2-user/arduino-testlib/cli-datadir/user/libraries/Marceau/src/Marceau.h:9:0,
                 from /home/ec2-user/arduino-testlib/cli-datadir/user/libraries/Mirobot/src/Mirobot.h:5,
                 from /home/ec2-user/arduino-testlib/cli-datadir/user/libraries/Mirobot/examples/firmware-v2/firmware-v2.ino:1:
/home/ec2-user/arduino-testlib/cli-datadir/user/libraries/Hello_Drum/src/EEPROM.h:25:10: fatal error: avr/eeprom.h: No such file or directory
 #include &lt;avr/eeprom.h&gt;
          ^~~~~~~~~~~~~~
compilation terminated.
Multiple libraries were found for &#34;EEPROM.h&#34;
  Used: /home/ec2-user/arduino-testlib/cli-datadir/user/libraries/Hello_Drum
  Not used: /home/ec2-user/arduino-testlib/cli-datadir/user/libraries/arduino-NVM
</pre>
					
					<h4>examples/firmware-v3</h4>
					<p>
						Result: <b>FAIL</b>
					</p>
					<pre class="pre-scrollable">In file included from /home/ec2-user/arduino-testlib/cli-datadir/user/libraries/Marceau/src/Marceau.h:9:0,
                 from /home/ec2-user/arduino-testlib/cli-datadir/user/libraries/Mirobot/src/Mirobot.h:5,
                 from /home/ec2-user/arduino-testlib/cli-datadir/user/libraries/Mirobot/examples/firmware-v3/firmware-v3.ino:1:
/home/ec2-user/arduino-testlib/cli-datadir/user/libraries/Hello_Drum/src/EEPROM.h:25:10: fatal error: avr/eeprom.h: No such file or directory
 #include &lt;avr/eeprom.h&gt;
          ^~~~~~~~~~~~~~
compilation terminated.
Multiple libraries were found for &#34;EEPROM.h&#34;
  Used: /home/ec2-user/arduino-testlib/cli-datadir/user/libraries/Hello_Drum
  Not used: /home/ec2-user/arduino-testlib/cli-datadir/user/libraries/arduino-NVM
</pre>
					
					<h4>examples/line_follower</h4>
					<p>
						Result: <b>FAIL</b>
					</p>
					<pre class="pre-scrollable">In file included from /home/ec2-user/arduino-testlib/cli-datadir/user/libraries/Marceau/src/Marceau.h:9:0,
                 from /home/ec2-user/arduino-testlib/cli-datadir/user/libraries/Mirobot/src/Mirobot.h:5,
                 from /home/ec2-user/arduino-testlib/cli-datadir/user/libraries/Mirobot/examples/line_follower/line_follower.ino:1:
/home/ec2-user/arduino-testlib/cli-datadir/user/libraries/Hello_Drum/src/EEPROM.h:25:10: fatal error: avr/eeprom.h: No such file or directory
 #include &lt;avr/eeprom.h&gt;
          ^~~~~~~~~~~~~~
compilation terminated.
Multiple libraries were found for &#34;EEPROM.h&#34;
  Used: /home/ec2-user/arduino-testlib/cli-datadir/user/libraries/Hello_Drum
  Not used: /home/ec2-user/arduino-testlib/cli-datadir/user/libraries/arduino-NVM
</pre>
					
					<h4>examples/manual_example</h4>
					<p>
						Result: <b>FAIL</b>
					</p>
					<pre class="pre-scrollable">In file included from /home/ec2-user/arduino-testlib/cli-datadir/user/libraries/Marceau/src/Marceau.h:9:0,
                 from /home/ec2-user/arduino-testlib/cli-datadir/user/libraries/Mirobot/src/Mirobot.h:5,
                 from /home/ec2-user/arduino-testlib/cli-datadir/user/libraries/Mirobot/examples/manual_example/manual_example.ino:1:
/home/ec2-user/arduino-testlib/cli-datadir/user/libraries/Hello_Drum/src/EEPROM.h:25:10: fatal error: avr/eeprom.h: No such file or directory
 #include &lt;avr/eeprom.h&gt;
          ^~~~~~~~~~~~~~
compilation terminated.
Multiple libraries were found for &#34;EEPROM.h&#34;
  Used: /home/ec2-user/arduino-testlib/cli-datadir/user/libraries/Hello_Drum
  Not used: /home/ec2-user/arduino-testlib/cli-datadir/user/libraries/arduino-NVM
</pre>
					
				
				<h3 id="esp32:esp32:d1_mini32">esp32:esp32:d1_mini32 @ 1.0.6</h3>
				<h4>Inclusion</h4>
				<p>
					Result: <b>FAIL</b>
					
				</p>
				<pre class="pre-scrollable">WARNING: library Mirobot claims to run on avr, esp8266 architecture(s) and may be incompatible with your current board which runs on esp32 architecture(s).
WARNING: library Marceau claims to run on avr, esp8266 architecture(s) and may be incompatible with your current board which runs on esp32 architecture(s).
In file included from /home/ec2-user/arduino-testlib/cli-datadir/user/libraries/Marceau/src/lib/CmdProcessor.h:52:0,
                 from /home/ec2-user/arduino-testlib/cli-datadir/user/libraries/Marceau/src/Marceau.h:5,
                 from /home/ec2-user/arduino-testlib/cli-datadir/user/libraries/Mirobot/src/Mirobot.h:5,
                 from /tmp/arduino-testlib992927153/test/test.ino:1:
/home/ec2-user/arduino-testlib/cli-datadir/user/libraries/Marceau/src/lib/CmdProcessor.tpp: In member function &#39;boolean CmdProcessor&lt;CMD_COUNT&gt;::processMsg(char*)&#39;:
/home/ec2-user/arduino-testlib/cli-datadir/user/libraries/Marceau/src/lib/CmdProcessor.tpp:35:20: error: &#39;JSON_BUFFER_LENGTH&#39; was not declared in this scope
   StaticJsonBuffer&lt;JSON_BUFFER_LENGTH&gt; incomingBuffer;
                    ^
/home/ec2-user/arduino-testlib/cli-datadir/user/libraries/Marceau/src/lib/CmdProcessor.tpp:35:38: error: template argument 1 is invalid
   StaticJsonBuffer&lt;JSON_BUFFER_LENGTH&gt; incomingBuffer;
                                      ^
/home/ec2-user/arduino-testlib/cli-datadir/user/libraries/Marceau/src/lib/CmdProcessor.tpp:36:20: error: the value of &#39;JSON_BUFFER_LENGTH&#39; is not usable in a constant expression
   StaticJsonBuffer&lt;JSON_BUFFER_LENGTH&gt; outgoingBuffer;
                    ^
/home/ec2-user/arduino-testlib/cli-datadir/user/libraries/Marceau/src/lib/CmdProcessor.tpp:35:20: note: &#39;JSON_BUFFER_LENGTH&#39; was not declared &#39;constexpr&#39;
   StaticJsonBuffer&lt;JSON_BUFFER_LENGTH&gt; incomingBuffer;
                    ^
/home/ec2-user/arduino-testlib/cli-datadir/user/libraries/Marceau/src/lib/CmdProcessor.tpp:36:38: error: could not convert template argument &#39;JSON_BUFFER_LENGTH&#39; to &#39;unsigned int&#39;
   StaticJsonBuffer&lt;JSON_BUFFER_LENGTH&gt; outgoingBuffer;
                                      ^
/home/ec2-user/arduino-testlib/cli-datadir/user/libraries/Marceau/src/lib/CmdProcessor.tpp:37:39: error: request for member &#39;createObject&#39; in &#39;outgoingBuffer&#39;, which is of non-class type &#39;int&#39;
   JsonObject&amp; outMsg = outgoingBuffer.createObject();
                                       ^
/home/ec2-user/arduino-testlib/cli-datadir/user/libraries/Marceau/src/lib/CmdProcessor.tpp:39:38: error: request for member &#39;parseObject&#39; in &#39;incomingBuffer&#39;, which is of non-class type &#39;int&#39;
   JsonObject&amp; inMsg = incomingBuffer.parseObject(msg);
                                      ^
Multiple libraries were found for &#34;EEPROM.h&#34;
  Used: /home/ec2-user/arduino-testlib/cli-datadir/data/packages/esp32/hardware/esp32/1.0.6/libraries/EEPROM
  Not used: /home/ec2-user/arduino-testlib/cli-datadir/user/libraries/arduino-NVM
  Not used: /home/ec2-user/arduino-testlib/cli-datadir/user/libraries/Hello_Drum
</pre>

					
					<h4>examples/collision</h4>
					<p>
						Result: <b>FAIL</b>
					</p>
					<pre class="pre-scrollable">WARNING: library Mirobot claims to run on avr, esp8266 architecture(s) and may be incompatible with your current board which runs on esp32 architecture(s).
WARNING: library Marceau claims to run on avr, esp8266 architecture(s) and may be incompatible with your current board which runs on esp32 architecture(s).
In file included from /home/ec2-user/arduino-testlib/cli-datadir/user/libraries/Marceau/src/lib/CmdProcessor.h:52:0,
                 from /home/ec2-user/arduino-testlib/cli-datadir/user/libraries/Marceau/src/Marceau.h:5,
                 from /home/ec2-user/arduino-testlib/cli-datadir/user/libraries/Mirobot/src/Mirobot.h:5,
                 from /home/ec2-user/arduino-testlib/cli-datadir/user/libraries/Mirobot/examples/collision/collision.ino:1:
/home/ec2-user/arduino-testlib/cli-datadir/user/libraries/Marceau/src/lib/CmdProcessor.tpp: In member function &#39;boolean CmdProcessor&lt;CMD_COUNT&gt;::processMsg(char*)&#39;:
/home/ec2-user/arduino-testlib/cli-datadir/user/libraries/Marceau/src/lib/CmdProcessor.tpp:35:20: error: &#39;JSON_BUFFER_LENGTH&#39; was not declared in this scope
   StaticJsonBuffer&lt;JSON_BUFFER_LENGTH&gt; incomingBuffer;
                    ^
/home/ec2-user/arduino-testlib/cli-datadir/user/libraries/Marceau/src/lib/CmdProcessor.tpp:35:38: error: template argument 1 is invalid
   StaticJsonBuffer&lt;JSON_BUFFER_LENGTH&gt; incomingBuffer;
                                      ^
/home/ec2-user/arduino-testlib/cli-datadir/user/libraries/Marceau/src/lib/CmdProcessor.tpp:36:20: error: the value of &#39;JSON_BUFFER_LENGTH&#39; is not usable in a constant expression
   StaticJsonBuffer&lt;JSON_BUFFER_LENGTH&gt; outgoingBuffer;
                    ^
/home/ec2-user/arduino-testlib/cli-datadir/user/libraries/Marceau/src/lib/CmdProcessor.tpp:35:20: note: &#39;JSON_BUFFER_LENGTH&#39; was not declared &#39;constexpr&#39;
   StaticJsonBuffer&lt;JSON_BUFFER_LENGTH&gt; incomingBuffer;
                    ^
/home/ec2-user/arduino-testlib/cli-datadir/user/libraries/Marceau/src/lib/CmdProcessor.tpp:36:38: error: could not convert template argument &#39;JSON_BUFFER_LENGTH&#39; to &#39;unsigned int&#39;
   StaticJsonBuffer&lt;JSON_BUFFER_LENGTH&gt; outgoingBuffer;
                                      ^
/home/ec2-user/arduino-testlib/cli-datadir/user/libraries/Marceau/src/lib/CmdProcessor.tpp:37:39: error: request for member &#39;createObject&#39; in &#39;outgoingBuffer&#39;, which is of non-class type &#39;int&#39;
   JsonObject&amp; outMsg = outgoingBuffer.createObject();
                                       ^
/home/ec2-user/arduino-testlib/cli-datadir/user/libraries/Marceau/src/lib/CmdProcessor.tpp:39:38: error: request for member &#39;parseObject&#39; in &#39;incomingBuffer&#39;, which is of non-class type &#39;int&#39;
   JsonObject&amp; inMsg = incomingBuffer.parseObject(msg);
                                      ^
/home/ec2-user/arduino-testlib/cli-datadir/user/libraries/Mirobot/examples/collision/collision.ino: In function &#39;void loop()&#39;:
/home/ec2-user/arduino-testlib/cli-datadir/user/libraries/Mirobot/examples/collision/collision.ino:16:38: error: &#39;LEFT_COLLIDE_SENSOR&#39; was not declared in this scope
   boolean collideLeft = !digitalRead(LEFT_COLLIDE_SENSOR);
                                      ^
/home/ec2-user/arduino-testlib/cli-datadir/user/libraries/Mirobot/examples/collision/collision.ino:17:39: error: &#39;RIGHT_COLLIDE_SENSOR&#39; was not declared in this scope
   boolean collideRight = !digitalRead(RIGHT_COLLIDE_SENSOR);
                                       ^
Multiple libraries were found for &#34;EEPROM.h&#34;
  Used: /home/ec2-user/arduino-testlib/cli-datadir/data/packages/esp32/hardware/esp32/1.0.6/libraries/EEPROM
  Not used: /home/ec2-user/arduino-testlib/cli-datadir/user/libraries/arduino-NVM
  Not used: /home/ec2-user/arduino-testlib/cli-datadir/user/libraries/Hello_Drum
</pre>
					
					<h4>examples/firmware-v1</h4>
					<p>
						Result: <b>FAIL</b>
					</p>
					<pre class="pre-scrollable">WARNING: library Mirobot claims to run on avr, esp8266 architecture(s) and may be incompatible with your current board which runs on esp32 architecture(s).
WARNING: library Marceau claims to run on avr, esp8266 architecture(s) and may be incompatible with your current board which runs on esp32 architecture(s).
In file included from /home/ec2-user/arduino-testlib/cli-datadir/user/libraries/Marceau/src/lib/CmdProcessor.h:52:0,
                 from /home/ec2-user/arduino-testlib/cli-datadir/user/libraries/Marceau/src/Marceau.h:5,
                 from /home/ec2-user/arduino-testlib/cli-datadir/user/libraries/Mirobot/src/Mirobot.h:5,
                 from /home/ec2-user/arduino-testlib/cli-datadir/user/libraries/Mirobot/examples/firmware-v1/firmware-v1.ino:1:
/home/ec2-user/arduino-testlib/cli-datadir/user/libraries/Marceau/src/lib/CmdProcessor.tpp: In member function &#39;boolean CmdProcessor&lt;CMD_COUNT&gt;::processMsg(char*)&#39;:
/home/ec2-user/arduino-testlib/cli-datadir/user/libraries/Marceau/src/lib/CmdProcessor.tpp:35:20: error: &#39;JSON_BUFFER_LENGTH&#39; was not declared in this scope
   StaticJsonBuffer&lt;JSON_BUFFER_LENGTH&gt; incomingBuffer;
                    ^
/home/ec2-user/arduino-testlib/cli-datadir/user/libraries/Marceau/src/lib/CmdProcessor.tpp:35:38: error: template argument 1 is invalid
   StaticJsonBuffer&lt;JSON_BUFFER_LENGTH&gt; incomingBuffer;
                                      ^
/home/ec2-user/arduino-testlib/cli-datadir/user/libraries/Marceau/src/lib/CmdProcessor.tpp:36:20: error: the value of &#39;JSON_BUFFER_LENGTH&#39; is not usable in a constant expression
   StaticJsonBuffer&lt;JSON_BUFFER_LENGTH&gt; outgoingBuffer;
                    ^
/home/ec2-user/arduino-testlib/cli-datadir/user/libraries/Marceau/src/lib/CmdProcessor.tpp:35:20: note: &#39;JSON_BUFFER_LENGTH&#39; was not declared &#39;constexpr&#39;
   StaticJsonBuffer&lt;JSON_BUFFER_LENGTH&gt; incomingBuffer;
                    ^
/home/ec2-user/arduino-testlib/cli-datadir/user/libraries/Marceau/src/lib/CmdProcessor.tpp:36:38: error: could not convert template argument &#39;JSON_BUFFER_LENGTH&#39; to &#39;unsigned int&#39;
   StaticJsonBuffer&lt;JSON_BUFFER_LENGTH&gt; outgoingBuffer;
                                      ^
/home/ec2-user/arduino-testlib/cli-datadir/user/libraries/Marceau/src/lib/CmdProcessor.tpp:37:39: error: request for member &#39;createObject&#39; in &#39;outgoingBuffer&#39;, which is of non-class type &#39;int&#39;
   JsonObject&amp; outMsg = outgoingBuffer.createObject();
                                       ^
/home/ec2-user/arduino-testlib/cli-datadir/user/libraries/Marceau/src/lib/CmdProcessor.tpp:39:38: error: request for member &#39;parseObject&#39; in &#39;incomingBuffer&#39;, which is of non-class type &#39;int&#39;
   JsonObject&amp; inMsg = incomingBuffer.parseObject(msg);
                                      ^
Multiple libraries were found for &#34;EEPROM.h&#34;
  Used: /home/ec2-user/arduino-testlib/cli-datadir/data/packages/esp32/hardware/esp32/1.0.6/libraries/EEPROM
  Not used: /home/ec2-user/arduino-testlib/cli-datadir/user/libraries/Hello_Drum
  Not used: /home/ec2-user/arduino-testlib/cli-datadir/user/libraries/arduino-NVM
</pre>
					
					<h4>examples/firmware-v2</h4>
					<p>
						Result: <b>FAIL</b>
					</p>
					<pre class="pre-scrollable">WARNING: library Mirobot claims to run on avr, esp8266 architecture(s) and may be incompatible with your current board which runs on esp32 architecture(s).
WARNING: library Marceau claims to run on avr, esp8266 architecture(s) and may be incompatible with your current board which runs on esp32 architecture(s).
In file included from /home/ec2-user/arduino-testlib/cli-datadir/user/libraries/Marceau/src/lib/CmdProcessor.h:52:0,
                 from /home/ec2-user/arduino-testlib/cli-datadir/user/libraries/Marceau/src/Marceau.h:5,
                 from /home/ec2-user/arduino-testlib/cli-datadir/user/libraries/Mirobot/src/Mirobot.h:5,
                 from /home/ec2-user/arduino-testlib/cli-datadir/user/libraries/Mirobot/examples/firmware-v2/firmware-v2.ino:1:
/home/ec2-user/arduino-testlib/cli-datadir/user/libraries/Marceau/src/lib/CmdProcessor.tpp: In member function &#39;boolean CmdProcessor&lt;CMD_COUNT&gt;::processMsg(char*)&#39;:
/home/ec2-user/arduino-testlib/cli-datadir/user/libraries/Marceau/src/lib/CmdProcessor.tpp:35:20: error: &#39;JSON_BUFFER_LENGTH&#39; was not declared in this scope
   StaticJsonBuffer&lt;JSON_BUFFER_LENGTH&gt; incomingBuffer;
                    ^
/home/ec2-user/arduino-testlib/cli-datadir/user/libraries/Marceau/src/lib/CmdProcessor.tpp:35:38: error: template argument 1 is invalid
   StaticJsonBuffer&lt;JSON_BUFFER_LENGTH&gt; incomingBuffer;
                                      ^
/home/ec2-user/arduino-testlib/cli-datadir/user/libraries/Marceau/src/lib/CmdProcessor.tpp:36:20: error: the value of &#39;JSON_BUFFER_LENGTH&#39; is not usable in a constant expression
   StaticJsonBuffer&lt;JSON_BUFFER_LENGTH&gt; outgoingBuffer;
                    ^
/home/ec2-user/arduino-testlib/cli-datadir/user/libraries/Marceau/src/lib/CmdProcessor.tpp:35:20: note: &#39;JSON_BUFFER_LENGTH&#39; was not declared &#39;constexpr&#39;
   StaticJsonBuffer&lt;JSON_BUFFER_LENGTH&gt; incomingBuffer;
                    ^
/home/ec2-user/arduino-testlib/cli-datadir/user/libraries/Marceau/src/lib/CmdProcessor.tpp:36:38: error: could not convert template argument &#39;JSON_BUFFER_LENGTH&#39; to &#39;unsigned int&#39;
   StaticJsonBuffer&lt;JSON_BUFFER_LENGTH&gt; outgoingBuffer;
                                      ^
/home/ec2-user/arduino-testlib/cli-datadir/user/libraries/Marceau/src/lib/CmdProcessor.tpp:37:39: error: request for member &#39;createObject&#39; in &#39;outgoingBuffer&#39;, which is of non-class type &#39;int&#39;
   JsonObject&amp; outMsg = outgoingBuffer.createObject();
                                       ^
/home/ec2-user/arduino-testlib/cli-datadir/user/libraries/Marceau/src/lib/CmdProcessor.tpp:39:38: error: request for member &#39;parseObject&#39; in &#39;incomingBuffer&#39;, which is of non-class type &#39;int&#39;
   JsonObject&amp; inMsg = incomingBuffer.parseObject(msg);
                                      ^
Multiple libraries were found for &#34;EEPROM.h&#34;
  Used: /home/ec2-user/arduino-testlib/cli-datadir/data/packages/esp32/hardware/esp32/1.0.6/libraries/EEPROM
  Not used: /home/ec2-user/arduino-testlib/cli-datadir/user/libraries/Hello_Drum
  Not used: /home/ec2-user/arduino-testlib/cli-datadir/user/libraries/arduino-NVM
</pre>
					
					<h4>examples/firmware-v3</h4>
					<p>
						Result: <b>FAIL</b>
					</p>
					<pre class="pre-scrollable">WARNING: library Mirobot claims to run on avr, esp8266 architecture(s) and may be incompatible with your current board which runs on esp32 architecture(s).
WARNING: library Marceau claims to run on avr, esp8266 architecture(s) and may be incompatible with your current board which runs on esp32 architecture(s).
In file included from /home/ec2-user/arduino-testlib/cli-datadir/user/libraries/Marceau/src/lib/CmdProcessor.h:52:0,
                 from /home/ec2-user/arduino-testlib/cli-datadir/user/libraries/Marceau/src/Marceau.h:5,
                 from /home/ec2-user/arduino-testlib/cli-datadir/user/libraries/Mirobot/src/Mirobot.h:5,
                 from /home/ec2-user/arduino-testlib/cli-datadir/user/libraries/Mirobot/examples/firmware-v3/firmware-v3.ino:1:
/home/ec2-user/arduino-testlib/cli-datadir/user/libraries/Marceau/src/lib/CmdProcessor.tpp: In member function &#39;boolean CmdProcessor&lt;CMD_COUNT&gt;::processMsg(char*)&#39;:
/home/ec2-user/arduino-testlib/cli-datadir/user/libraries/Marceau/src/lib/CmdProcessor.tpp:35:20: error: &#39;JSON_BUFFER_LENGTH&#39; was not declared in this scope
   StaticJsonBuffer&lt;JSON_BUFFER_LENGTH&gt; incomingBuffer;
                    ^
/home/ec2-user/arduino-testlib/cli-datadir/user/libraries/Marceau/src/lib/CmdProcessor.tpp:35:38: error: template argument 1 is invalid
   StaticJsonBuffer&lt;JSON_BUFFER_LENGTH&gt; incomingBuffer;
                                      ^
/home/ec2-user/arduino-testlib/cli-datadir/user/libraries/Marceau/src/lib/CmdProcessor.tpp:36:20: error: the value of &#39;JSON_BUFFER_LENGTH&#39; is not usable in a constant expression
   StaticJsonBuffer&lt;JSON_BUFFER_LENGTH&gt; outgoingBuffer;
                    ^
/home/ec2-user/arduino-testlib/cli-datadir/user/libraries/Marceau/src/lib/CmdProcessor.tpp:35:20: note: &#39;JSON_BUFFER_LENGTH&#39; was not declared &#39;constexpr&#39;
   StaticJsonBuffer&lt;JSON_BUFFER_LENGTH&gt; incomingBuffer;
                    ^
/home/ec2-user/arduino-testlib/cli-datadir/user/libraries/Marceau/src/lib/CmdProcessor.tpp:36:38: error: could not convert template argument &#39;JSON_BUFFER_LENGTH&#39; to &#39;unsigned int&#39;
   StaticJsonBuffer&lt;JSON_BUFFER_LENGTH&gt; outgoingBuffer;
                                      ^
/home/ec2-user/arduino-testlib/cli-datadir/user/libraries/Marceau/src/lib/CmdProcessor.tpp:37:39: error: request for member &#39;createObject&#39; in &#39;outgoingBuffer&#39;, which is of non-class type &#39;int&#39;
   JsonObject&amp; outMsg = outgoingBuffer.createObject();
                                       ^
/home/ec2-user/arduino-testlib/cli-datadir/user/libraries/Marceau/src/lib/CmdProcessor.tpp:39:38: error: request for member &#39;parseObject&#39; in &#39;incomingBuffer&#39;, which is of non-class type &#39;int&#39;
   JsonObject&amp; inMsg = incomingBuffer.parseObject(msg);
                                      ^
/home/ec2-user/arduino-testlib/cli-datadir/user/libraries/Mirobot/examples/firmware-v3/firmware-v3.ino: In function &#39;void setup()&#39;:
/home/ec2-user/arduino-testlib/cli-datadir/user/libraries/Mirobot/examples/firmware-v3/firmware-v3.ino:8:11: error: &#39;class Mirobot&#39; has no member named &#39;enableWifi&#39;
   mirobot.enableWifi();
           ^
Multiple libraries were found for &#34;EEPROM.h&#34;
  Used: /home/ec2-user/arduino-testlib/cli-datadir/data/packages/esp32/hardware/esp32/1.0.6/libraries/EEPROM
  Not used: /home/ec2-user/arduino-testlib/cli-datadir/user/libraries/Hello_Drum
  Not used: /home/ec2-user/arduino-testlib/cli-datadir/user/libraries/arduino-NVM
</pre>
					
					<h4>examples/line_follower</h4>
					<p>
						Result: <b>FAIL</b>
					</p>
					<pre class="pre-scrollable">WARNING: library Mirobot claims to run on avr, esp8266 architecture(s) and may be incompatible with your current board which runs on esp32 architecture(s).
WARNING: library Marceau claims to run on avr, esp8266 architecture(s) and may be incompatible with your current board which runs on esp32 architecture(s).
In file included from /home/ec2-user/arduino-testlib/cli-datadir/user/libraries/Marceau/src/lib/CmdProcessor.h:52:0,
                 from /home/ec2-user/arduino-testlib/cli-datadir/user/libraries/Marceau/src/Marceau.h:5,
                 from /home/ec2-user/arduino-testlib/cli-datadir/user/libraries/Mirobot/src/Mirobot.h:5,
                 from /home/ec2-user/arduino-testlib/cli-datadir/user/libraries/Mirobot/examples/line_follower/line_follower.ino:1:
/home/ec2-user/arduino-testlib/cli-datadir/user/libraries/Marceau/src/lib/CmdProcessor.tpp: In member function &#39;boolean CmdProcessor&lt;CMD_COUNT&gt;::processMsg(char*)&#39;:
/home/ec2-user/arduino-testlib/cli-datadir/user/libraries/Marceau/src/lib/CmdProcessor.tpp:35:20: error: &#39;JSON_BUFFER_LENGTH&#39; was not declared in this scope
   StaticJsonBuffer&lt;JSON_BUFFER_LENGTH&gt; incomingBuffer;
                    ^
/home/ec2-user/arduino-testlib/cli-datadir/user/libraries/Marceau/src/lib/CmdProcessor.tpp:35:38: error: template argument 1 is invalid
   StaticJsonBuffer&lt;JSON_BUFFER_LENGTH&gt; incomingBuffer;
                                      ^
/home/ec2-user/arduino-testlib/cli-datadir/user/libraries/Marceau/src/lib/CmdProcessor.tpp:36:20: error: the value of &#39;JSON_BUFFER_LENGTH&#39; is not usable in a constant expression
   StaticJsonBuffer&lt;JSON_BUFFER_LENGTH&gt; outgoingBuffer;
                    ^
/home/ec2-user/arduino-testlib/cli-datadir/user/libraries/Marceau/src/lib/CmdProcessor.tpp:35:20: note: &#39;JSON_BUFFER_LENGTH&#39; was not declared &#39;constexpr&#39;
   StaticJsonBuffer&lt;JSON_BUFFER_LENGTH&gt; incomingBuffer;
                    ^
/home/ec2-user/arduino-testlib/cli-datadir/user/libraries/Marceau/src/lib/CmdProcessor.tpp:36:38: error: could not convert template argument &#39;JSON_BUFFER_LENGTH&#39; to &#39;unsigned int&#39;
   StaticJsonBuffer&lt;JSON_BUFFER_LENGTH&gt; outgoingBuffer;
                                      ^
/home/ec2-user/arduino-testlib/cli-datadir/user/libraries/Marceau/src/lib/CmdProcessor.tpp:37:39: error: request for member &#39;createObject&#39; in &#39;outgoingBuffer&#39;, which is of non-class type &#39;int&#39;
   JsonObject&amp; outMsg = outgoingBuffer.createObject();
                                       ^
/home/ec2-user/arduino-testlib/cli-datadir/user/libraries/Marceau/src/lib/CmdProcessor.tpp:39:38: error: request for member &#39;parseObject&#39; in &#39;incomingBuffer&#39;, which is of non-class type &#39;int&#39;
   JsonObject&amp; inMsg = incomingBuffer.parseObject(msg);
                                      ^
/home/ec2-user/arduino-testlib/cli-datadir/user/libraries/Mirobot/examples/line_follower/line_follower.ino: In function &#39;void loop()&#39;:
/home/ec2-user/arduino-testlib/cli-datadir/user/libraries/Mirobot/examples/line_follower/line_follower.ino:14:25: error: &#39;LEFT_LINE_SENSOR&#39; was not declared in this scope
   int diff = analogRead(LEFT_LINE_SENSOR) - analogRead(RIGHT_LINE_SENSOR);
                         ^
/home/ec2-user/arduino-testlib/cli-datadir/user/libraries/Mirobot/examples/line_follower/line_follower.ino:14:56: error: &#39;RIGHT_LINE_SENSOR&#39; was not declared in this scope
   int diff = analogRead(LEFT_LINE_SENSOR) - analogRead(RIGHT_LINE_SENSOR);
                                                        ^
Multiple libraries were found for &#34;EEPROM.h&#34;
  Used: /home/ec2-user/arduino-testlib/cli-datadir/data/packages/esp32/hardware/esp32/1.0.6/libraries/EEPROM
  Not used: /home/ec2-user/arduino-testlib/cli-datadir/user/libraries/arduino-NVM
  Not used: /home/ec2-user/arduino-testlib/cli-datadir/user/libraries/Hello_Drum
</pre>
					
					<h4>examples/manual_example</h4>
					<p>
						Result: <b>FAIL</b>
					</p>
					<pre class="pre-scrollable">WARNING: library Mirobot claims to run on avr, esp8266 architecture(s) and may be incompatible with your current board which runs on esp32 architecture(s).
WARNING: library Marceau claims to run on avr, esp8266 architecture(s) and may be incompatible with your current board which runs on esp32 architecture(s).
In file included from /home/ec2-user/arduino-testlib/cli-datadir/user/libraries/Marceau/src/lib/CmdProcessor.h:52:0,
                 from /home/ec2-user/arduino-testlib/cli-datadir/user/libraries/Marceau/src/Marceau.h:5,
                 from /home/ec2-user/arduino-testlib/cli-datadir/user/libraries/Mirobot/src/Mirobot.h:5,
                 from /home/ec2-user/arduino-testlib/cli-datadir/user/libraries/Mirobot/examples/manual_example/manual_example.ino:1:
/home/ec2-user/arduino-testlib/cli-datadir/user/libraries/Marceau/src/lib/CmdProcessor.tpp: In member function &#39;boolean CmdProcessor&lt;CMD_COUNT&gt;::processMsg(char*)&#39;:
/home/ec2-user/arduino-testlib/cli-datadir/user/libraries/Marceau/src/lib/CmdProcessor.tpp:35:20: error: &#39;JSON_BUFFER_LENGTH&#39; was not declared in this scope
   StaticJsonBuffer&lt;JSON_BUFFER_LENGTH&gt; incomingBuffer;
                    ^
/home/ec2-user/arduino-testlib/cli-datadir/user/libraries/Marceau/src/lib/CmdProcessor.tpp:35:38: error: template argument 1 is invalid
   StaticJsonBuffer&lt;JSON_BUFFER_LENGTH&gt; incomingBuffer;
                                      ^
/home/ec2-user/arduino-testlib/cli-datadir/user/libraries/Marceau/src/lib/CmdProcessor.tpp:36:20: error: the value of &#39;JSON_BUFFER_LENGTH&#39; is not usable in a constant expression
   StaticJsonBuffer&lt;JSON_BUFFER_LENGTH&gt; outgoingBuffer;
                    ^
/home/ec2-user/arduino-testlib/cli-datadir/user/libraries/Marceau/src/lib/CmdProcessor.tpp:35:20: note: &#39;JSON_BUFFER_LENGTH&#39; was not declared &#39;constexpr&#39;
   StaticJsonBuffer&lt;JSON_BUFFER_LENGTH&gt; incomingBuffer;
                    ^
/home/ec2-user/arduino-testlib/cli-datadir/user/libraries/Marceau/src/lib/CmdProcessor.tpp:36:38: error: could not convert template argument &#39;JSON_BUFFER_LENGTH&#39; to &#39;unsigned int&#39;
   StaticJsonBuffer&lt;JSON_BUFFER_LENGTH&gt; outgoingBuffer;
                                      ^
/home/ec2-user/arduino-testlib/cli-datadir/user/libraries/Marceau/src/lib/CmdProcessor.tpp:37:39: error: request for member &#39;createObject&#39; in &#39;outgoingBuffer&#39;, which is of non-class type &#39;int&#39;
   JsonObject&amp; outMsg = outgoingBuffer.createObject();
                                       ^
/home/ec2-user/arduino-testlib/cli-datadir/user/libraries/Marceau/src/lib/CmdProcessor.tpp:39:38: error: request for member &#39;parseObject&#39; in &#39;incomingBuffer&#39;, which is of non-class type &#39;int&#39;
   JsonObject&amp; inMsg = incomingBuffer.parseObject(msg);
                                      ^
Multiple libraries were found for &#34;EEPROM.h&#34;
  Used: /home/ec2-user/arduino-testlib/cli-datadir/data/packages/esp32/hardware/esp32/1.0.6/libraries/EEPROM
  Not used: /home/ec2-user/arduino-testlib/cli-datadir/user/libraries/arduino-NVM
  Not used: /home/ec2-user/arduino-testlib/cli-datadir/user/libraries/Hello_Drum
</pre>
					
				
			</div>
		</div>
	</div>
  </body>
</html>
