
<!doctype html>
<html lang="en">
  <head>
    <meta charset="utf-8">
    <meta name="viewport" content="width=device-width, initial-scale=1">
    <link href="https://cdn.jsdelivr.net/npm/bootstrap@5.0.2/dist/css/bootstrap.min.css" rel="stylesheet" integrity="sha384-EVSTQN3/azprG1Anm3QDgpJLIm9Nao0Yz1ztcQTwFspd3yD65VohhpuuCOmLASjC" crossorigin="anonymous">
    <title>arduino-testlib report</title>
	<style>
	.pass { background-color: #00FF00 !important; }
	.fail { background-color: #FF0000 !important; }
	</style>
  </head>
  <body>
	<div class="container">
		<div class="row">
			<div class="col">
				<h1>MoonPhase - compatibility matrix</h1>
				<p>
					<small>This report was generated on Wednesday, 23-Feb-22 22:48:15 CET using 
					<a href="https://github.com/alranel/arduino-testlib">arduino-testlib</a>.</small>
				</p>

				<h2>MoonPhase</h2>
				<p>
					Version: <b>1.0.3</b>
					<br />
					<a href="https://www.arduino.cc/reference/en/libraries/moonphase/">More details</a>
				</p>

				<h2>Compatibility matrix</h2>
				<table class="table table-bordered">
					<tr>
						<th>Board</th>
						<th>Claims compatibility</th>
						<th>Inclusion</th>
						
						<th><pre>esp32</pre></th>
						
						<th><pre>esp32-sntp</pre></th>
						
						<th><pre>simple</pre></th>
						
					</tr>
					
					<tr>
						<td>
							<a href="#arduino%3aavr%3auno"><b>arduino:avr:uno</b></a>
							<br />
							<small>1.8.4</small>
						</td>

						
						
						
						
							<td>No</td>
							<td class="fail">FAIL</td>
						

						
							
								
									
										
											
											<td class="fail">FAIL</td>
										
									
										
									
										
									
								
							
								
							
								
							
								
							
								
							
						
							
								
									
										
									
										
											
											<td class="fail">FAIL</td>
										
									
										
									
								
							
								
							
								
							
								
							
								
							
						
							
								
									
										
									
										
									
										
											
											<td class="fail">FAIL</td>
										
									
								
							
								
							
								
							
								
							
								
							
						
					</tr>
					
					<tr>
						<td>
							<a href="#arduino%3ambed_nano%3ananorp2040connect"><b>arduino:mbed_nano:nanorp2040connect</b></a>
							<br />
							<small>2.7.2</small>
						</td>

						
						
							<td>No ⚠️</td>
							<td class="pass">PASS</td>
						
						
						

						
							
								
							
								
									
										
											
											<td class="fail">FAIL</td>
										
									
										
									
										
									
								
							
								
							
								
							
								
							
						
							
								
							
								
									
										
									
										
											
											<td class="fail">FAIL</td>
										
									
										
									
								
							
								
							
								
							
								
							
						
							
								
							
								
									
										
									
										
									
										
											<td class="pass">PASS</td>
											
										
									
								
							
								
							
								
							
								
							
						
					</tr>
					
					<tr>
						<td>
							<a href="#arduino%3amegaavr%3anona4809"><b>arduino:megaavr:nona4809</b></a>
							<br />
							<small>1.8.7</small>
						</td>

						
						
						
						
							<td>No</td>
							<td class="fail">FAIL</td>
						

						
							
								
							
								
							
								
									
										
											
											<td class="fail">FAIL</td>
										
									
										
									
										
									
								
							
								
							
								
							
						
							
								
							
								
							
								
									
										
									
										
											
											<td class="fail">FAIL</td>
										
									
										
									
								
							
								
							
								
							
						
							
								
							
								
							
								
									
										
									
										
									
										
											
											<td class="fail">FAIL</td>
										
									
								
							
								
							
								
							
						
					</tr>
					
					<tr>
						<td>
							<a href="#arduino%3asamd%3amkrwifi1010"><b>arduino:samd:mkrwifi1010</b></a>
							<br />
							<small>1.8.12</small>
						</td>

						
						
						
						
							<td>No</td>
							<td class="fail">FAIL</td>
						

						
							
								
							
								
							
								
							
								
									
										
											
											<td class="fail">FAIL</td>
										
									
										
									
										
									
								
							
								
							
						
							
								
							
								
							
								
							
								
									
										
									
										
											
											<td class="fail">FAIL</td>
										
									
										
									
								
							
								
							
						
							
								
							
								
							
								
							
								
									
										
									
										
									
										
											
											<td class="fail">FAIL</td>
										
									
								
							
								
							
						
					</tr>
					
					<tr>
						<td>
							<a href="#esp32%3aesp32%3ad1_mini32"><b>esp32:esp32:d1_mini32</b></a>
							<br />
							<small>1.0.6</small>
						</td>

						
							<td>Yes</td>
							<td class="pass">PASS</td>
						
						
						
						

						
							
								
							
								
							
								
							
								
							
								
									
										
											
											<td class="fail">FAIL</td>
										
									
										
									
										
									
								
							
						
							
								
							
								
							
								
							
								
							
								
									
										
									
										
											<td class="pass">PASS</td>
											
										
									
										
									
								
							
						
							
								
							
								
							
								
							
								
							
								
									
										
									
										
									
										
											<td class="pass">PASS</td>
											
										
									
								
							
						
					</tr>
					
				</table>

				<h2>Compilation logs</h2>
				
				<h3 id="arduino:avr:uno">arduino:avr:uno @ 1.8.4</h3>
				<h4>Inclusion</h4>
				<p>
					Result: <b>FAIL</b>
					
					<br />This library has no main header file so an empty one was created.
					
				</p>
				<pre class="pre-scrollable">WARNING: library MoonPhase claims to run on esp32 architecture(s) and may be incompatible with your current board which runs on avr architecture(s).
In file included from /tmp/arduino-testlib2040554103/test/test.ino:1:0:
/home/ec2-user/arduino-testlib/cli-datadir/user/libraries/MoonPhase/moonPhase.h:23:29: error: &#39;time_t&#39; does not name a type; did you mean &#39;size_t&#39;?
   moonData_t getPhase(const time_t t)
                             ^~~~~~
                             size_t
/home/ec2-user/arduino-testlib/cli-datadir/user/libraries/MoonPhase/moonPhase.h: In member function &#39;moonData_t moonPhase::getPhase(int)&#39;:
/home/ec2-user/arduino-testlib/cli-datadir/user/libraries/MoonPhase/moonPhase.h:25:15: error: aggregate &#39;tm timeinfo&#39; has incomplete type and cannot be defined
     struct tm timeinfo;
               ^~~~~~~~
/home/ec2-user/arduino-testlib/cli-datadir/user/libraries/MoonPhase/moonPhase.h:26:5: error: &#39;gmtime_r&#39; was not declared in this scope
     gmtime_r(&amp;t, &amp;timeinfo);
     ^~~~~~~~
/home/ec2-user/arduino-testlib/cli-datadir/user/libraries/MoonPhase/moonPhase.h: In member function &#39;moonData_t moonPhase::getPhase()&#39;:
/home/ec2-user/arduino-testlib/cli-datadir/user/libraries/MoonPhase/moonPhase.h:32:21: error: &#39;time&#39; was not declared in this scope
     return getPhase(time(NULL));
                     ^~~~
/home/ec2-user/arduino-testlib/cli-datadir/user/libraries/MoonPhase/moonPhase.h:32:21: note: suggested alternative: &#39;tm&#39;
     return getPhase(time(NULL));
                     ^~~~
                     tm

</pre>

					
					<h4>examples/esp32</h4>
					<p>
						Result: <b>FAIL</b>
					</p>
					<pre class="pre-scrollable"></pre>
					
					<h4>examples/esp32-sntp</h4>
					<p>
						Result: <b>FAIL</b>
					</p>
					<pre class="pre-scrollable">WARNING: library MoonPhase claims to run on esp32 architecture(s) and may be incompatible with your current board which runs on avr architecture(s).
In file included from /home/ec2-user/arduino-testlib/cli-datadir/user/libraries/MoonPhase/examples/esp32-sntp/esp32-sntp.ino:2:0:
/home/ec2-user/arduino-testlib/cli-datadir/user/libraries/MoonPhase/moonPhase.h:23:29: error: &#39;time_t&#39; does not name a type; did you mean &#39;size_t&#39;?
   moonData_t getPhase(const time_t t)
                             ^~~~~~
                             size_t
/home/ec2-user/arduino-testlib/cli-datadir/user/libraries/MoonPhase/moonPhase.h: In member function &#39;moonData_t moonPhase::getPhase(int)&#39;:
/home/ec2-user/arduino-testlib/cli-datadir/user/libraries/MoonPhase/moonPhase.h:25:15: error: aggregate &#39;tm timeinfo&#39; has incomplete type and cannot be defined
     struct tm timeinfo;
               ^~~~~~~~
/home/ec2-user/arduino-testlib/cli-datadir/user/libraries/MoonPhase/moonPhase.h:26:5: error: &#39;gmtime_r&#39; was not declared in this scope
     gmtime_r(&amp;t, &amp;timeinfo);
     ^~~~~~~~
/home/ec2-user/arduino-testlib/cli-datadir/user/libraries/MoonPhase/moonPhase.h: In member function &#39;moonData_t moonPhase::getPhase()&#39;:
/home/ec2-user/arduino-testlib/cli-datadir/user/libraries/MoonPhase/moonPhase.h:32:21: error: &#39;time&#39; was not declared in this scope
     return getPhase(time(NULL));
                     ^~~~
/home/ec2-user/arduino-testlib/cli-datadir/user/libraries/MoonPhase/moonPhase.h:32:21: note: suggested alternative: &#39;tm&#39;
     return getPhase(time(NULL));
                     ^~~~
                     tm
/home/ec2-user/arduino-testlib/cli-datadir/user/libraries/MoonPhase/examples/esp32-sntp/esp32-sntp.ino: At global scope:
/home/ec2-user/arduino-testlib/cli-datadir/user/libraries/MoonPhase/examples/esp32-sntp/esp32-sntp.ino:9:11: error: variable &#39;tm timeinfo&#39; has initializer but incomplete type
 struct tm timeinfo = {0};
           ^~~~~~~~
/home/ec2-user/arduino-testlib/cli-datadir/user/libraries/MoonPhase/examples/esp32-sntp/esp32-sntp.ino: In function &#39;void setup()&#39;:
/home/ec2-user/arduino-testlib/cli-datadir/user/libraries/MoonPhase/examples/esp32-sntp/esp32-sntp.ino:20:17: error: &#39;class WiFiClass&#39; has no member named &#39;isConnected&#39;; did you mean &#39;disconnect&#39;?
   while ( !WiFi.isConnected() )
                 ^~~~~~~~~~~
                 disconnect
/home/ec2-user/arduino-testlib/cli-datadir/user/libraries/MoonPhase/examples/esp32-sntp/esp32-sntp.ino:25:3: error: &#39;configTzTime&#39; was not declared in this scope
   configTzTime( &#34;CET-1CEST-2,M3.5.0/02:00:00,M10.5.0/03:00:00&#34;, &#34;0.pool.ntp.org&#34; ); // Timezone: Amsterdam, Netherlands
   ^~~~~~~~~~~~
/home/ec2-user/arduino-testlib/cli-datadir/user/libraries/MoonPhase/examples/esp32-sntp/esp32-sntp.ino:27:12: error: &#39;getLocalTime&#39; was not declared in this scope
   while ( !getLocalTime( &amp;timeinfo, 0 ) )
            ^~~~~~~~~~~~
/home/ec2-user/arduino-testlib/cli-datadir/user/libraries/MoonPhase/examples/esp32-sntp/esp32-sntp.ino:28:22: error: &#39;portTICK_PERIOD_MS&#39; was not declared in this scope
     vTaskDelay( 10 / portTICK_PERIOD_MS );
                      ^~~~~~~~~~~~~~~~~~
/home/ec2-user/arduino-testlib/cli-datadir/user/libraries/MoonPhase/examples/esp32-sntp/esp32-sntp.ino:28:5: error: &#39;vTaskDelay&#39; was not declared in this scope
     vTaskDelay( 10 / portTICK_PERIOD_MS );
     ^~~~~~~~~~
/home/ec2-user/arduino-testlib/cli-datadir/user/libraries/MoonPhase/examples/esp32-sntp/esp32-sntp.ino: In function &#39;void loop()&#39;:
/home/ec2-user/arduino-testlib/cli-datadir/user/libraries/MoonPhase/examples/esp32-sntp/esp32-sntp.ino:32:3: error: &#39;getLocalTime&#39; was not declared in this scope
   getLocalTime( &amp;timeinfo );
   ^~~~~~~~~~~~
/home/ec2-user/arduino-testlib/cli-datadir/user/libraries/MoonPhase/examples/esp32-sntp/esp32-sntp.ino:33:17: error: &#39;asctime&#39; was not declared in this scope
   Serial.print( asctime( &amp;timeinfo ) );
                 ^~~~~~~
/home/ec2-user/arduino-testlib/cli-datadir/user/libraries/MoonPhase/examples/esp32-sntp/esp32-sntp.ino:40:10: error: &#39;class HardwareSerial&#39; has no member named &#39;printf&#39;; did you mean &#39;print&#39;?
   Serial.printf( &#34;%f%%\n&#34;, moon.percentLit * 100 ); // percentLit is a real between 0-1
          ^~~~~~
          print
Multiple libraries were found for &#34;WiFi.h&#34;
  Used: /home/ec2-user/arduino-testlib/cli-datadir/user/libraries/WiFi
  Not used: /home/ec2-user/arduino-testlib/cli-datadir/user/libraries/Seeed_Arduino_rpcWiFi
  Not used: /home/ec2-user/arduino-testlib/cli-datadir/user/libraries/WiFiNINA
  Not used: /home/ec2-user/arduino-testlib/cli-datadir/user/libraries/WiFiEspAT
</pre>
					
					<h4>examples/simple</h4>
					<p>
						Result: <b>FAIL</b>
					</p>
					<pre class="pre-scrollable">WARNING: library MoonPhase claims to run on esp32 architecture(s) and may be incompatible with your current board which runs on avr architecture(s).
In file included from /home/ec2-user/arduino-testlib/cli-datadir/user/libraries/MoonPhase/examples/simple/simple.ino:1:0:
/home/ec2-user/arduino-testlib/cli-datadir/user/libraries/MoonPhase/moonPhase.h:23:29: error: &#39;time_t&#39; does not name a type; did you mean &#39;size_t&#39;?
   moonData_t getPhase(const time_t t)
                             ^~~~~~
                             size_t
/home/ec2-user/arduino-testlib/cli-datadir/user/libraries/MoonPhase/moonPhase.h: In member function &#39;moonData_t moonPhase::getPhase(int)&#39;:
/home/ec2-user/arduino-testlib/cli-datadir/user/libraries/MoonPhase/moonPhase.h:25:15: error: aggregate &#39;tm timeinfo&#39; has incomplete type and cannot be defined
     struct tm timeinfo;
               ^~~~~~~~
/home/ec2-user/arduino-testlib/cli-datadir/user/libraries/MoonPhase/moonPhase.h:26:5: error: &#39;gmtime_r&#39; was not declared in this scope
     gmtime_r(&amp;t, &amp;timeinfo);
     ^~~~~~~~
/home/ec2-user/arduino-testlib/cli-datadir/user/libraries/MoonPhase/moonPhase.h: In member function &#39;moonData_t moonPhase::getPhase()&#39;:
/home/ec2-user/arduino-testlib/cli-datadir/user/libraries/MoonPhase/moonPhase.h:32:21: error: &#39;time&#39; was not declared in this scope
     return getPhase(time(NULL));
                     ^~~~
/home/ec2-user/arduino-testlib/cli-datadir/user/libraries/MoonPhase/moonPhase.h:32:21: note: suggested alternative: &#39;tm&#39;
     return getPhase(time(NULL));
                     ^~~~
                     tm

</pre>
					
				
				<h3 id="arduino:mbed_nano:nanorp2040connect">arduino:mbed_nano:nanorp2040connect @ 2.7.2</h3>
				<h4>Inclusion</h4>
				<p>
					Result: <b>PASS</b>
					
					<br />This library has no main header file so an empty one was created.
					
				</p>
				<pre class="pre-scrollable">WARNING: library MoonPhase claims to run on esp32 architecture(s) and may be incompatible with your current board which runs on mbed_nano architecture(s).
Sketch uses 78756 bytes (0%) of program storage space. Maximum is 16777216 bytes.
Global variables use 43444 bytes (16%) of dynamic memory, leaving 226892 bytes for local variables. Maximum is 270336 bytes.
</pre>

					
					<h4>examples/esp32</h4>
					<p>
						Result: <b>FAIL</b>
					</p>
					<pre class="pre-scrollable"></pre>
					
					<h4>examples/esp32-sntp</h4>
					<p>
						Result: <b>FAIL</b>
					</p>
					<pre class="pre-scrollable">WARNING: library MoonPhase claims to run on esp32 architecture(s) and may be incompatible with your current board which runs on mbed_nano architecture(s).
/home/ec2-user/arduino-testlib/cli-datadir/user/libraries/MoonPhase/examples/esp32-sntp/esp32-sntp.ino: In function &#39;void setup()&#39;:
/home/ec2-user/arduino-testlib/cli-datadir/user/libraries/MoonPhase/examples/esp32-sntp/esp32-sntp.ino:19:33: error: invalid conversion from &#39;const char*&#39; to &#39;char*&#39; [-fpermissive]
   WiFi.begin( wifissid, wifipsk );
                                 ^
In file included from /home/ec2-user/arduino-testlib/cli-datadir/user/libraries/MoonPhase/examples/esp32-sntp/esp32-sntp.ino:1:0:
/home/ec2-user/arduino-testlib/cli-datadir/user/libraries/WiFi/src/WiFi.h:79:9: note:   initializing argument 1 of &#39;int WiFiClass::begin(char*, const char*)&#39;
     int begin(char* ssid, const char *passphrase);
         ^~~~~
/home/ec2-user/arduino-testlib/cli-datadir/user/libraries/MoonPhase/examples/esp32-sntp/esp32-sntp.ino:20:17: error: &#39;class WiFiClass&#39; has no member named &#39;isConnected&#39;; did you mean &#39;disconnect&#39;?
   while ( !WiFi.isConnected() )
                 ^~~~~~~~~~~
                 disconnect
/home/ec2-user/arduino-testlib/cli-datadir/user/libraries/MoonPhase/examples/esp32-sntp/esp32-sntp.ino:25:3: error: &#39;configTzTime&#39; was not declared in this scope
   configTzTime( &#34;CET-1CEST-2,M3.5.0/02:00:00,M10.5.0/03:00:00&#34;, &#34;0.pool.ntp.org&#34; ); // Timezone: Amsterdam, Netherlands
   ^~~~~~~~~~~~
/home/ec2-user/arduino-testlib/cli-datadir/user/libraries/MoonPhase/examples/esp32-sntp/esp32-sntp.ino:27:12: error: &#39;getLocalTime&#39; was not declared in this scope
   while ( !getLocalTime( &amp;timeinfo, 0 ) )
            ^~~~~~~~~~~~
/home/ec2-user/arduino-testlib/cli-datadir/user/libraries/MoonPhase/examples/esp32-sntp/esp32-sntp.ino:27:12: note: suggested alternative: &#39;localtime&#39;
   while ( !getLocalTime( &amp;timeinfo, 0 ) )
            ^~~~~~~~~~~~
            localtime
/home/ec2-user/arduino-testlib/cli-datadir/user/libraries/MoonPhase/examples/esp32-sntp/esp32-sntp.ino:28:22: error: &#39;portTICK_PERIOD_MS&#39; was not declared in this scope
     vTaskDelay( 10 / portTICK_PERIOD_MS );
                      ^~~~~~~~~~~~~~~~~~
/home/ec2-user/arduino-testlib/cli-datadir/user/libraries/MoonPhase/examples/esp32-sntp/esp32-sntp.ino:28:5: error: &#39;vTaskDelay&#39; was not declared in this scope
     vTaskDelay( 10 / portTICK_PERIOD_MS );
     ^~~~~~~~~~
/home/ec2-user/arduino-testlib/cli-datadir/user/libraries/MoonPhase/examples/esp32-sntp/esp32-sntp.ino: In function &#39;void loop()&#39;:
/home/ec2-user/arduino-testlib/cli-datadir/user/libraries/MoonPhase/examples/esp32-sntp/esp32-sntp.ino:32:3: error: &#39;getLocalTime&#39; was not declared in this scope
   getLocalTime( &amp;timeinfo );
   ^~~~~~~~~~~~
/home/ec2-user/arduino-testlib/cli-datadir/user/libraries/MoonPhase/examples/esp32-sntp/esp32-sntp.ino:32:3: note: suggested alternative: &#39;localtime&#39;
   getLocalTime( &amp;timeinfo );
   ^~~~~~~~~~~~
   localtime
/home/ec2-user/arduino-testlib/cli-datadir/user/libraries/MoonPhase/examples/esp32-sntp/esp32-sntp.ino:40:10: error: &#39;class arduino::UART&#39; has no member named &#39;printf&#39;; did you mean &#39;print&#39;?
   Serial.printf( &#34;%f%%\n&#34;, moon.percentLit * 100 ); // percentLit is a real between 0-1
          ^~~~~~
          print
Multiple libraries were found for &#34;WiFi.h&#34;
  Used: /home/ec2-user/arduino-testlib/cli-datadir/user/libraries/WiFi
  Not used: /home/ec2-user/arduino-testlib/cli-datadir/user/libraries/Seeed_Arduino_rpcWiFi
  Not used: /home/ec2-user/arduino-testlib/cli-datadir/user/libraries/WiFiNINA
  Not used: /home/ec2-user/arduino-testlib/cli-datadir/user/libraries/WiFiEspAT
</pre>
					
					<h4>examples/simple</h4>
					<p>
						Result: <b>PASS</b>
					</p>
					<pre class="pre-scrollable">WARNING: library MoonPhase claims to run on esp32 architecture(s) and may be incompatible with your current board which runs on mbed_nano architecture(s).
Sketch uses 89408 bytes (0%) of program storage space. Maximum is 16777216 bytes.
Global variables use 43500 bytes (16%) of dynamic memory, leaving 226836 bytes for local variables. Maximum is 270336 bytes.
</pre>
					
				
				<h3 id="arduino:megaavr:nona4809">arduino:megaavr:nona4809 @ 1.8.7</h3>
				<h4>Inclusion</h4>
				<p>
					Result: <b>FAIL</b>
					
					<br />This library has no main header file so an empty one was created.
					
				</p>
				<pre class="pre-scrollable">WARNING: library MoonPhase claims to run on esp32 architecture(s) and may be incompatible with your current board which runs on megaavr architecture(s).
In file included from /tmp/arduino-testlib1033500359/test/test.ino:1:0:
/home/ec2-user/arduino-testlib/cli-datadir/user/libraries/MoonPhase/moonPhase.h:23:29: error: &#39;time_t&#39; does not name a type; did you mean &#39;size_t&#39;?
   moonData_t getPhase(const time_t t)
                             ^~~~~~
                             size_t
/home/ec2-user/arduino-testlib/cli-datadir/user/libraries/MoonPhase/moonPhase.h: In member function &#39;moonData_t moonPhase::getPhase(int)&#39;:
/home/ec2-user/arduino-testlib/cli-datadir/user/libraries/MoonPhase/moonPhase.h:25:15: error: aggregate &#39;tm timeinfo&#39; has incomplete type and cannot be defined
     struct tm timeinfo;
               ^~~~~~~~
/home/ec2-user/arduino-testlib/cli-datadir/user/libraries/MoonPhase/moonPhase.h:26:5: error: &#39;gmtime_r&#39; was not declared in this scope
     gmtime_r(&amp;t, &amp;timeinfo);
     ^~~~~~~~
/home/ec2-user/arduino-testlib/cli-datadir/user/libraries/MoonPhase/moonPhase.h: In member function &#39;moonData_t moonPhase::getPhase()&#39;:
/home/ec2-user/arduino-testlib/cli-datadir/user/libraries/MoonPhase/moonPhase.h:32:21: error: &#39;time&#39; was not declared in this scope
     return getPhase(time(NULL));
                     ^~~~
/home/ec2-user/arduino-testlib/cli-datadir/user/libraries/MoonPhase/moonPhase.h:32:21: note: suggested alternative: &#39;tm&#39;
     return getPhase(time(NULL));
                     ^~~~
                     tm

</pre>

					
					<h4>examples/esp32</h4>
					<p>
						Result: <b>FAIL</b>
					</p>
					<pre class="pre-scrollable"></pre>
					
					<h4>examples/esp32-sntp</h4>
					<p>
						Result: <b>FAIL</b>
					</p>
					<pre class="pre-scrollable">WARNING: library MoonPhase claims to run on esp32 architecture(s) and may be incompatible with your current board which runs on megaavr architecture(s).
In file included from /home/ec2-user/arduino-testlib/cli-datadir/user/libraries/MoonPhase/examples/esp32-sntp/esp32-sntp.ino:2:0:
/home/ec2-user/arduino-testlib/cli-datadir/user/libraries/MoonPhase/moonPhase.h:23:29: error: &#39;time_t&#39; does not name a type; did you mean &#39;size_t&#39;?
   moonData_t getPhase(const time_t t)
                             ^~~~~~
                             size_t
/home/ec2-user/arduino-testlib/cli-datadir/user/libraries/MoonPhase/moonPhase.h: In member function &#39;moonData_t moonPhase::getPhase(int)&#39;:
/home/ec2-user/arduino-testlib/cli-datadir/user/libraries/MoonPhase/moonPhase.h:25:15: error: aggregate &#39;tm timeinfo&#39; has incomplete type and cannot be defined
     struct tm timeinfo;
               ^~~~~~~~
/home/ec2-user/arduino-testlib/cli-datadir/user/libraries/MoonPhase/moonPhase.h:26:5: error: &#39;gmtime_r&#39; was not declared in this scope
     gmtime_r(&amp;t, &amp;timeinfo);
     ^~~~~~~~
/home/ec2-user/arduino-testlib/cli-datadir/user/libraries/MoonPhase/moonPhase.h: In member function &#39;moonData_t moonPhase::getPhase()&#39;:
/home/ec2-user/arduino-testlib/cli-datadir/user/libraries/MoonPhase/moonPhase.h:32:21: error: &#39;time&#39; was not declared in this scope
     return getPhase(time(NULL));
                     ^~~~
/home/ec2-user/arduino-testlib/cli-datadir/user/libraries/MoonPhase/moonPhase.h:32:21: note: suggested alternative: &#39;tm&#39;
     return getPhase(time(NULL));
                     ^~~~
                     tm
/home/ec2-user/arduino-testlib/cli-datadir/user/libraries/MoonPhase/examples/esp32-sntp/esp32-sntp.ino: At global scope:
/home/ec2-user/arduino-testlib/cli-datadir/user/libraries/MoonPhase/examples/esp32-sntp/esp32-sntp.ino:9:11: error: variable &#39;tm timeinfo&#39; has initializer but incomplete type
 struct tm timeinfo = {0};
           ^~~~~~~~
/home/ec2-user/arduino-testlib/cli-datadir/user/libraries/MoonPhase/examples/esp32-sntp/esp32-sntp.ino: In function &#39;void setup()&#39;:
/home/ec2-user/arduino-testlib/cli-datadir/user/libraries/MoonPhase/examples/esp32-sntp/esp32-sntp.ino:20:17: error: &#39;class WiFiClass&#39; has no member named &#39;isConnected&#39;; did you mean &#39;disconnect&#39;?
   while ( !WiFi.isConnected() )
                 ^~~~~~~~~~~
                 disconnect
/home/ec2-user/arduino-testlib/cli-datadir/user/libraries/MoonPhase/examples/esp32-sntp/esp32-sntp.ino:25:3: error: &#39;configTzTime&#39; was not declared in this scope
   configTzTime( &#34;CET-1CEST-2,M3.5.0/02:00:00,M10.5.0/03:00:00&#34;, &#34;0.pool.ntp.org&#34; ); // Timezone: Amsterdam, Netherlands
   ^~~~~~~~~~~~
/home/ec2-user/arduino-testlib/cli-datadir/user/libraries/MoonPhase/examples/esp32-sntp/esp32-sntp.ino:27:12: error: &#39;getLocalTime&#39; was not declared in this scope
   while ( !getLocalTime( &amp;timeinfo, 0 ) )
            ^~~~~~~~~~~~
/home/ec2-user/arduino-testlib/cli-datadir/user/libraries/MoonPhase/examples/esp32-sntp/esp32-sntp.ino:28:22: error: &#39;portTICK_PERIOD_MS&#39; was not declared in this scope
     vTaskDelay( 10 / portTICK_PERIOD_MS );
                      ^~~~~~~~~~~~~~~~~~
/home/ec2-user/arduino-testlib/cli-datadir/user/libraries/MoonPhase/examples/esp32-sntp/esp32-sntp.ino:28:22: note: suggested alternative: &#39;RTC_PERIOD_t&#39;
     vTaskDelay( 10 / portTICK_PERIOD_MS );
                      ^~~~~~~~~~~~~~~~~~
                      RTC_PERIOD_t
/home/ec2-user/arduino-testlib/cli-datadir/user/libraries/MoonPhase/examples/esp32-sntp/esp32-sntp.ino:28:5: error: &#39;vTaskDelay&#39; was not declared in this scope
     vTaskDelay( 10 / portTICK_PERIOD_MS );
     ^~~~~~~~~~
/home/ec2-user/arduino-testlib/cli-datadir/user/libraries/MoonPhase/examples/esp32-sntp/esp32-sntp.ino: In function &#39;void loop()&#39;:
/home/ec2-user/arduino-testlib/cli-datadir/user/libraries/MoonPhase/examples/esp32-sntp/esp32-sntp.ino:32:3: error: &#39;getLocalTime&#39; was not declared in this scope
   getLocalTime( &amp;timeinfo );
   ^~~~~~~~~~~~
/home/ec2-user/arduino-testlib/cli-datadir/user/libraries/MoonPhase/examples/esp32-sntp/esp32-sntp.ino:33:17: error: &#39;asctime&#39; was not declared in this scope
   Serial.print( asctime( &amp;timeinfo ) );
                 ^~~~~~~
/home/ec2-user/arduino-testlib/cli-datadir/user/libraries/MoonPhase/examples/esp32-sntp/esp32-sntp.ino:40:10: error: &#39;class UartClass&#39; has no member named &#39;printf&#39;; did you mean &#39;print&#39;?
   Serial.printf( &#34;%f%%\n&#34;, moon.percentLit * 100 ); // percentLit is a real between 0-1
          ^~~~~~
          print
Multiple libraries were found for &#34;WiFi.h&#34;
  Used: /home/ec2-user/arduino-testlib/cli-datadir/user/libraries/WiFi
  Not used: /home/ec2-user/arduino-testlib/cli-datadir/user/libraries/WiFiEspAT
  Not used: /home/ec2-user/arduino-testlib/cli-datadir/user/libraries/WiFiNINA
  Not used: /home/ec2-user/arduino-testlib/cli-datadir/user/libraries/Seeed_Arduino_rpcWiFi
</pre>
					
					<h4>examples/simple</h4>
					<p>
						Result: <b>FAIL</b>
					</p>
					<pre class="pre-scrollable">WARNING: library MoonPhase claims to run on esp32 architecture(s) and may be incompatible with your current board which runs on megaavr architecture(s).
In file included from /home/ec2-user/arduino-testlib/cli-datadir/user/libraries/MoonPhase/examples/simple/simple.ino:1:0:
/home/ec2-user/arduino-testlib/cli-datadir/user/libraries/MoonPhase/moonPhase.h:23:29: error: &#39;time_t&#39; does not name a type; did you mean &#39;size_t&#39;?
   moonData_t getPhase(const time_t t)
                             ^~~~~~
                             size_t
/home/ec2-user/arduino-testlib/cli-datadir/user/libraries/MoonPhase/moonPhase.h: In member function &#39;moonData_t moonPhase::getPhase(int)&#39;:
/home/ec2-user/arduino-testlib/cli-datadir/user/libraries/MoonPhase/moonPhase.h:25:15: error: aggregate &#39;tm timeinfo&#39; has incomplete type and cannot be defined
     struct tm timeinfo;
               ^~~~~~~~
/home/ec2-user/arduino-testlib/cli-datadir/user/libraries/MoonPhase/moonPhase.h:26:5: error: &#39;gmtime_r&#39; was not declared in this scope
     gmtime_r(&amp;t, &amp;timeinfo);
     ^~~~~~~~
/home/ec2-user/arduino-testlib/cli-datadir/user/libraries/MoonPhase/moonPhase.h: In member function &#39;moonData_t moonPhase::getPhase()&#39;:
/home/ec2-user/arduino-testlib/cli-datadir/user/libraries/MoonPhase/moonPhase.h:32:21: error: &#39;time&#39; was not declared in this scope
     return getPhase(time(NULL));
                     ^~~~
/home/ec2-user/arduino-testlib/cli-datadir/user/libraries/MoonPhase/moonPhase.h:32:21: note: suggested alternative: &#39;tm&#39;
     return getPhase(time(NULL));
                     ^~~~
                     tm

</pre>
					
				
				<h3 id="arduino:samd:mkrwifi1010">arduino:samd:mkrwifi1010 @ 1.8.12</h3>
				<h4>Inclusion</h4>
				<p>
					Result: <b>FAIL</b>
					
					<br />This library has no main header file so an empty one was created.
					
				</p>
				<pre class="pre-scrollable">WARNING: library MoonPhase claims to run on esp32 architecture(s) and may be incompatible with your current board which runs on samd architecture(s).
In file included from /tmp/arduino-testlib2040554103/test/test.ino:1:0:
/home/ec2-user/arduino-testlib/cli-datadir/user/libraries/MoonPhase/moonPhase.h: In member function &#39;moonData_t moonPhase::getPhase(time_t)&#39;:
/home/ec2-user/arduino-testlib/cli-datadir/user/libraries/MoonPhase/moonPhase.h:25:15: error: aggregate &#39;tm timeinfo&#39; has incomplete type and cannot be defined
     struct tm timeinfo;
               ^~~~~~~~
/home/ec2-user/arduino-testlib/cli-datadir/user/libraries/MoonPhase/moonPhase.h:26:5: error: &#39;gmtime_r&#39; was not declared in this scope
     gmtime_r(&amp;t, &amp;timeinfo);
     ^~~~~~~~
/home/ec2-user/arduino-testlib/cli-datadir/user/libraries/MoonPhase/moonPhase.h:26:5: note: suggested alternative: &#39;time_t&#39;
     gmtime_r(&amp;t, &amp;timeinfo);
     ^~~~~~~~
     time_t
/home/ec2-user/arduino-testlib/cli-datadir/user/libraries/MoonPhase/moonPhase.h: In member function &#39;moonData_t moonPhase::getPhase()&#39;:
/home/ec2-user/arduino-testlib/cli-datadir/user/libraries/MoonPhase/moonPhase.h:32:21: error: &#39;time&#39; was not declared in this scope
     return getPhase(time(NULL));
                     ^~~~
/home/ec2-user/arduino-testlib/cli-datadir/user/libraries/MoonPhase/moonPhase.h:32:21: note: suggested alternative: &#39;tm&#39;
     return getPhase(time(NULL));
                     ^~~~
                     tm

</pre>

					
					<h4>examples/esp32</h4>
					<p>
						Result: <b>FAIL</b>
					</p>
					<pre class="pre-scrollable"></pre>
					
					<h4>examples/esp32-sntp</h4>
					<p>
						Result: <b>FAIL</b>
					</p>
					<pre class="pre-scrollable">WARNING: library MoonPhase claims to run on esp32 architecture(s) and may be incompatible with your current board which runs on samd architecture(s).
In file included from /home/ec2-user/arduino-testlib/cli-datadir/user/libraries/MoonPhase/examples/esp32-sntp/esp32-sntp.ino:2:0:
/home/ec2-user/arduino-testlib/cli-datadir/user/libraries/MoonPhase/moonPhase.h: In member function &#39;moonData_t moonPhase::getPhase(time_t)&#39;:
/home/ec2-user/arduino-testlib/cli-datadir/user/libraries/MoonPhase/moonPhase.h:25:15: error: aggregate &#39;tm timeinfo&#39; has incomplete type and cannot be defined
     struct tm timeinfo;
               ^~~~~~~~
/home/ec2-user/arduino-testlib/cli-datadir/user/libraries/MoonPhase/moonPhase.h:26:5: error: &#39;gmtime_r&#39; was not declared in this scope
     gmtime_r(&amp;t, &amp;timeinfo);
     ^~~~~~~~
/home/ec2-user/arduino-testlib/cli-datadir/user/libraries/MoonPhase/moonPhase.h:26:5: note: suggested alternative: &#39;time_t&#39;
     gmtime_r(&amp;t, &amp;timeinfo);
     ^~~~~~~~
     time_t
/home/ec2-user/arduino-testlib/cli-datadir/user/libraries/MoonPhase/moonPhase.h: In member function &#39;moonData_t moonPhase::getPhase()&#39;:
/home/ec2-user/arduino-testlib/cli-datadir/user/libraries/MoonPhase/moonPhase.h:32:21: error: &#39;time&#39; was not declared in this scope
     return getPhase(time(NULL));
                     ^~~~
/home/ec2-user/arduino-testlib/cli-datadir/user/libraries/MoonPhase/moonPhase.h:32:21: note: suggested alternative: &#39;tm&#39;
     return getPhase(time(NULL));
                     ^~~~
                     tm
/home/ec2-user/arduino-testlib/cli-datadir/user/libraries/MoonPhase/examples/esp32-sntp/esp32-sntp.ino: At global scope:
/home/ec2-user/arduino-testlib/cli-datadir/user/libraries/MoonPhase/examples/esp32-sntp/esp32-sntp.ino:9:11: error: variable &#39;tm timeinfo&#39; has initializer but incomplete type
 struct tm timeinfo = {0};
           ^~~~~~~~
/home/ec2-user/arduino-testlib/cli-datadir/user/libraries/MoonPhase/examples/esp32-sntp/esp32-sntp.ino: In function &#39;void setup()&#39;:
/home/ec2-user/arduino-testlib/cli-datadir/user/libraries/MoonPhase/examples/esp32-sntp/esp32-sntp.ino:19:33: error: invalid conversion from &#39;const char*&#39; to &#39;char*&#39; [-fpermissive]
   WiFi.begin( wifissid, wifipsk );
                                 ^
In file included from /home/ec2-user/arduino-testlib/cli-datadir/user/libraries/MoonPhase/examples/esp32-sntp/esp32-sntp.ino:1:0:
/home/ec2-user/arduino-testlib/cli-datadir/user/libraries/WiFi/src/WiFi.h:79:9: note:   initializing argument 1 of &#39;int WiFiClass::begin(char*, const char*)&#39;
     int begin(char* ssid, const char *passphrase);
         ^~~~~
/home/ec2-user/arduino-testlib/cli-datadir/user/libraries/MoonPhase/examples/esp32-sntp/esp32-sntp.ino:20:17: error: &#39;class WiFiClass&#39; has no member named &#39;isConnected&#39;; did you mean &#39;disconnect&#39;?
   while ( !WiFi.isConnected() )
                 ^~~~~~~~~~~
                 disconnect
/home/ec2-user/arduino-testlib/cli-datadir/user/libraries/MoonPhase/examples/esp32-sntp/esp32-sntp.ino:25:3: error: &#39;configTzTime&#39; was not declared in this scope
   configTzTime( &#34;CET-1CEST-2,M3.5.0/02:00:00,M10.5.0/03:00:00&#34;, &#34;0.pool.ntp.org&#34; ); // Timezone: Amsterdam, Netherlands
   ^~~~~~~~~~~~
/home/ec2-user/arduino-testlib/cli-datadir/user/libraries/MoonPhase/examples/esp32-sntp/esp32-sntp.ino:27:12: error: &#39;getLocalTime&#39; was not declared in this scope
   while ( !getLocalTime( &amp;timeinfo, 0 ) )
            ^~~~~~~~~~~~
/home/ec2-user/arduino-testlib/cli-datadir/user/libraries/MoonPhase/examples/esp32-sntp/esp32-sntp.ino:28:22: error: &#39;portTICK_PERIOD_MS&#39; was not declared in this scope
     vTaskDelay( 10 / portTICK_PERIOD_MS );
                      ^~~~~~~~~~~~~~~~~~
/home/ec2-user/arduino-testlib/cli-datadir/user/libraries/MoonPhase/examples/esp32-sntp/esp32-sntp.ino:28:22: note: suggested alternative: &#39;TC5_PERIOD_EXT&#39;
     vTaskDelay( 10 / portTICK_PERIOD_MS );
                      ^~~~~~~~~~~~~~~~~~
                      TC5_PERIOD_EXT
/home/ec2-user/arduino-testlib/cli-datadir/user/libraries/MoonPhase/examples/esp32-sntp/esp32-sntp.ino:28:5: error: &#39;vTaskDelay&#39; was not declared in this scope
     vTaskDelay( 10 / portTICK_PERIOD_MS );
     ^~~~~~~~~~
/home/ec2-user/arduino-testlib/cli-datadir/user/libraries/MoonPhase/examples/esp32-sntp/esp32-sntp.ino: In function &#39;void loop()&#39;:
/home/ec2-user/arduino-testlib/cli-datadir/user/libraries/MoonPhase/examples/esp32-sntp/esp32-sntp.ino:32:3: error: &#39;getLocalTime&#39; was not declared in this scope
   getLocalTime( &amp;timeinfo );
   ^~~~~~~~~~~~
/home/ec2-user/arduino-testlib/cli-datadir/user/libraries/MoonPhase/examples/esp32-sntp/esp32-sntp.ino:33:17: error: &#39;asctime&#39; was not declared in this scope
   Serial.print( asctime( &amp;timeinfo ) );
                 ^~~~~~~
/home/ec2-user/arduino-testlib/cli-datadir/user/libraries/MoonPhase/examples/esp32-sntp/esp32-sntp.ino:40:10: error: &#39;class Serial_&#39; has no member named &#39;printf&#39;; did you mean &#39;print&#39;?
   Serial.printf( &#34;%f%%\n&#34;, moon.percentLit * 100 ); // percentLit is a real between 0-1
          ^~~~~~
          print
Multiple libraries were found for &#34;WiFi.h&#34;
  Used: /home/ec2-user/arduino-testlib/cli-datadir/user/libraries/WiFi
  Not used: /home/ec2-user/arduino-testlib/cli-datadir/user/libraries/WiFiEspAT
  Not used: /home/ec2-user/arduino-testlib/cli-datadir/user/libraries/Seeed_Arduino_rpcWiFi
  Not used: /home/ec2-user/arduino-testlib/cli-datadir/user/libraries/WiFiNINA
</pre>
					
					<h4>examples/simple</h4>
					<p>
						Result: <b>FAIL</b>
					</p>
					<pre class="pre-scrollable">WARNING: library MoonPhase claims to run on esp32 architecture(s) and may be incompatible with your current board which runs on samd architecture(s).
In file included from /home/ec2-user/arduino-testlib/cli-datadir/user/libraries/MoonPhase/examples/simple/simple.ino:1:0:
/home/ec2-user/arduino-testlib/cli-datadir/user/libraries/MoonPhase/moonPhase.h: In member function &#39;moonData_t moonPhase::getPhase(time_t)&#39;:
/home/ec2-user/arduino-testlib/cli-datadir/user/libraries/MoonPhase/moonPhase.h:25:15: error: aggregate &#39;tm timeinfo&#39; has incomplete type and cannot be defined
     struct tm timeinfo;
               ^~~~~~~~
/home/ec2-user/arduino-testlib/cli-datadir/user/libraries/MoonPhase/moonPhase.h:26:5: error: &#39;gmtime_r&#39; was not declared in this scope
     gmtime_r(&amp;t, &amp;timeinfo);
     ^~~~~~~~
/home/ec2-user/arduino-testlib/cli-datadir/user/libraries/MoonPhase/moonPhase.h:26:5: note: suggested alternative: &#39;time_t&#39;
     gmtime_r(&amp;t, &amp;timeinfo);
     ^~~~~~~~
     time_t
/home/ec2-user/arduino-testlib/cli-datadir/user/libraries/MoonPhase/moonPhase.h: In member function &#39;moonData_t moonPhase::getPhase()&#39;:
/home/ec2-user/arduino-testlib/cli-datadir/user/libraries/MoonPhase/moonPhase.h:32:21: error: &#39;time&#39; was not declared in this scope
     return getPhase(time(NULL));
                     ^~~~
/home/ec2-user/arduino-testlib/cli-datadir/user/libraries/MoonPhase/moonPhase.h:32:21: note: suggested alternative: &#39;tm&#39;
     return getPhase(time(NULL));
                     ^~~~
                     tm

</pre>
					
				
				<h3 id="esp32:esp32:d1_mini32">esp32:esp32:d1_mini32 @ 1.0.6</h3>
				<h4>Inclusion</h4>
				<p>
					Result: <b>PASS</b>
					
					<br />This library has no main header file so an empty one was created.
					
				</p>
				<pre class="pre-scrollable">Sketch uses 197768 bytes (15%) of program storage space. Maximum is 1310720 bytes.
Global variables use 13092 bytes (3%) of dynamic memory, leaving 314588 bytes for local variables. Maximum is 327680 bytes.
</pre>

					
					<h4>examples/esp32</h4>
					<p>
						Result: <b>FAIL</b>
					</p>
					<pre class="pre-scrollable"></pre>
					
					<h4>examples/esp32-sntp</h4>
					<p>
						Result: <b>PASS</b>
					</p>
					<pre class="pre-scrollable">Sketch uses 652726 bytes (49%) of program storage space. Maximum is 1310720 bytes.
Global variables use 38020 bytes (11%) of dynamic memory, leaving 289660 bytes for local variables. Maximum is 327680 bytes.
</pre>
					
					<h4>examples/simple</h4>
					<p>
						Result: <b>PASS</b>
					</p>
					<pre class="pre-scrollable">Sketch uses 214642 bytes (16%) of program storage space. Maximum is 1310720 bytes.
Global variables use 13424 bytes (4%) of dynamic memory, leaving 314256 bytes for local variables. Maximum is 327680 bytes.
</pre>
					
				
			</div>
		</div>
	</div>
  </body>
</html>
