
<!doctype html>
<html lang="en">
  <head>
    <meta charset="utf-8">
    <meta name="viewport" content="width=device-width, initial-scale=1">
    <link href="https://cdn.jsdelivr.net/npm/bootstrap@5.0.2/dist/css/bootstrap.min.css" rel="stylesheet" integrity="sha384-EVSTQN3/azprG1Anm3QDgpJLIm9Nao0Yz1ztcQTwFspd3yD65VohhpuuCOmLASjC" crossorigin="anonymous">
    <title>arduino-testlib report</title>
	<style>
	.pass { background-color: #00FF00 !important; }
	.fail { background-color: #FF0000 !important; }
	</style>
  </head>
  <body>
	<div class="container">
		<div class="row">
			<div class="col">
				<h1>MPU6050 - compatibility matrix</h1>
				<p>
					<small>This report was generated on Wednesday, 23-Feb-22 22:48:15 CET using 
					<a href="https://github.com/alranel/arduino-testlib">arduino-testlib</a>.</small>
				</p>

				<h2>MPU6050</h2>
				<p>
					Version: <b>0.5.0</b>
					<br />
					<a href="https://www.arduino.cc/reference/en/libraries/mpu6050/">More details</a>
				</p>

				<h2>Compatibility matrix</h2>
				<table class="table table-bordered">
					<tr>
						<th>Board</th>
						<th>Claims compatibility</th>
						<th>Inclusion</th>
						
						<th><pre>MPU6050_raw</pre></th>
						
						<th><pre>IMU_Zero</pre></th>
						
						<th><pre>MPU6050_DMP6</pre></th>
						
						<th><pre>MPU6050_DMP6_ESPWiFi</pre></th>
						
						<th><pre>MPU6050_DMP6_Ethernet</pre></th>
						
						<th><pre>MPU6050_DMP6_using_DMP_V6v12</pre></th>
						
					</tr>
					
					<tr>
						<td>
							<a href="#arduino%3aavr%3auno"><b>arduino:avr:uno</b></a>
							<br />
							<small>1.8.4</small>
						</td>

						
							<td>Yes</td>
							<td class="pass">PASS</td>
						
						
						
						

						
							
								
									
										
									
										
									
										
									
										
									
										
									
										
											<td class="pass">PASS</td>
											
										
									
								
							
								
							
								
							
								
							
								
							
						
							
								
									
										
											<td class="pass">PASS</td>
											
										
									
										
									
										
									
										
									
										
									
										
									
								
							
								
							
								
							
								
							
								
							
						
							
								
									
										
									
										
											<td class="pass">PASS</td>
											
										
									
										
									
										
									
										
									
										
									
								
							
								
							
								
							
								
							
								
							
						
							
								
									
										
									
										
									
										
											
											<td class="fail">FAIL</td>
										
									
										
									
										
									
										
									
								
							
								
							
								
							
								
							
								
							
						
							
								
									
										
									
										
									
										
									
										
											<td class="pass">PASS</td>
											
										
									
										
									
										
									
								
							
								
							
								
							
								
							
								
							
						
							
								
									
										
									
										
									
										
									
										
									
										
											<td class="pass">PASS</td>
											
										
									
										
									
								
							
								
							
								
							
								
							
								
							
						
					</tr>
					
					<tr>
						<td>
							<a href="#arduino%3ambed_nano%3ananorp2040connect"><b>arduino:mbed_nano:nanorp2040connect</b></a>
							<br />
							<small>2.7.2</small>
						</td>

						
						
						
						
							<td>No</td>
							<td class="fail">FAIL</td>
						

						
							
								
							
								
									
										
									
										
									
										
									
										
									
										
									
										
											
											<td class="fail">FAIL</td>
										
									
								
							
								
							
								
							
								
							
						
							
								
							
								
									
										
											
											<td class="fail">FAIL</td>
										
									
										
									
										
									
										
									
										
									
										
									
								
							
								
							
								
							
								
							
						
							
								
							
								
									
										
									
										
											
											<td class="fail">FAIL</td>
										
									
										
									
										
									
										
									
										
									
								
							
								
							
								
							
								
							
						
							
								
							
								
									
										
									
										
									
										
											
											<td class="fail">FAIL</td>
										
									
										
									
										
									
										
									
								
							
								
							
								
							
								
							
						
							
								
							
								
									
										
									
										
									
										
									
										
											
											<td class="fail">FAIL</td>
										
									
										
									
										
									
								
							
								
							
								
							
								
							
						
							
								
							
								
									
										
									
										
									
										
									
										
									
										
											
											<td class="fail">FAIL</td>
										
									
										
									
								
							
								
							
								
							
								
							
						
					</tr>
					
					<tr>
						<td>
							<a href="#arduino%3amegaavr%3anona4809"><b>arduino:megaavr:nona4809</b></a>
							<br />
							<small>1.8.7</small>
						</td>

						
						
							<td>No ⚠️</td>
							<td class="pass">PASS</td>
						
						
						

						
							
								
							
								
							
								
									
										
									
										
									
										
									
										
									
										
									
										
											
											<td class="fail">FAIL</td>
										
									
								
							
								
							
								
							
						
							
								
							
								
							
								
									
										
											
											<td class="fail">FAIL</td>
										
									
										
									
										
									
										
									
										
									
										
									
								
							
								
							
								
							
						
							
								
							
								
							
								
									
										
									
										
											
											<td class="fail">FAIL</td>
										
									
										
									
										
									
										
									
										
									
								
							
								
							
								
							
						
							
								
							
								
							
								
									
										
									
										
									
										
											
											<td class="fail">FAIL</td>
										
									
										
									
										
									
										
									
								
							
								
							
								
							
						
							
								
							
								
							
								
									
										
									
										
									
										
									
										
											
											<td class="fail">FAIL</td>
										
									
										
									
										
									
								
							
								
							
								
							
						
							
								
							
								
							
								
									
										
									
										
									
										
									
										
									
										
											
											<td class="fail">FAIL</td>
										
									
										
									
								
							
								
							
								
							
						
					</tr>
					
					<tr>
						<td>
							<a href="#arduino%3asamd%3amkrwifi1010"><b>arduino:samd:mkrwifi1010</b></a>
							<br />
							<small>1.8.12</small>
						</td>

						
							<td>Yes</td>
							<td class="pass">PASS</td>
						
						
						
						

						
							
								
							
								
							
								
							
								
									
										
									
										
									
										
									
										
									
										
									
										
											<td class="pass">PASS</td>
											
										
									
								
							
								
							
						
							
								
							
								
							
								
							
								
									
										
											<td class="pass">PASS</td>
											
										
									
										
									
										
									
										
									
										
									
										
									
								
							
								
							
						
							
								
							
								
							
								
							
								
									
										
									
										
											<td class="pass">PASS</td>
											
										
									
										
									
										
									
										
									
										
									
								
							
								
							
						
							
								
							
								
							
								
							
								
									
										
									
										
									
										
											
											<td class="fail">FAIL</td>
										
									
										
									
										
									
										
									
								
							
								
							
						
							
								
							
								
							
								
							
								
									
										
									
										
									
										
									
										
											
											<td class="fail">FAIL</td>
										
									
										
									
										
									
								
							
								
							
						
							
								
							
								
							
								
							
								
									
										
									
										
									
										
									
										
									
										
											<td class="pass">PASS</td>
											
										
									
										
									
								
							
								
							
						
					</tr>
					
					<tr>
						<td>
							<a href="#esp32%3aesp32%3ad1_mini32"><b>esp32:esp32:d1_mini32</b></a>
							<br />
							<small>1.0.6</small>
						</td>

						
							<td>Yes</td>
							<td class="pass">PASS</td>
						
						
						
						

						
							
								
							
								
							
								
							
								
							
								
									
										
									
										
									
										
									
										
									
										
									
										
											<td class="pass">PASS</td>
											
										
									
								
							
						
							
								
							
								
							
								
							
								
							
								
									
										
											<td class="pass">PASS</td>
											
										
									
										
									
										
									
										
									
										
									
										
									
								
							
						
							
								
							
								
							
								
							
								
							
								
									
										
									
										
											<td class="pass">PASS</td>
											
										
									
										
									
										
									
										
									
										
									
								
							
						
							
								
							
								
							
								
							
								
							
								
									
										
									
										
									
										
											<td class="pass">PASS</td>
											
										
									
										
									
										
									
										
									
								
							
						
							
								
							
								
							
								
							
								
							
								
									
										
									
										
									
										
									
										
											
											<td class="fail">FAIL</td>
										
									
										
									
										
									
								
							
						
							
								
							
								
							
								
							
								
							
								
									
										
									
										
									
										
									
										
									
										
											<td class="pass">PASS</td>
											
										
									
										
									
								
							
						
					</tr>
					
				</table>

				<h2>Compilation logs</h2>
				
				<h3 id="arduino:avr:uno">arduino:avr:uno @ 1.8.4</h3>
				<h4>Inclusion</h4>
				<p>
					Result: <b>PASS</b>
					
				</p>
				<pre class="pre-scrollable">Sketch uses 2522 bytes (7%) of program storage space. Maximum is 32256 bytes.
Global variables use 297 bytes (14%) of dynamic memory, leaving 1751 bytes for local variables. Maximum is 2048 bytes.
</pre>

					
					<h4>examples/IMU_Zero</h4>
					<p>
						Result: <b>PASS</b>
					</p>
					<pre class="pre-scrollable">Sketch uses 12896 bytes (39%) of program storage space. Maximum is 32256 bytes.
Global variables use 983 bytes (47%) of dynamic memory, leaving 1065 bytes for local variables. Maximum is 2048 bytes.
</pre>
					
					<h4>examples/MPU6050_DMP6</h4>
					<p>
						Result: <b>PASS</b>
					</p>
					<pre class="pre-scrollable">Sketch uses 17252 bytes (53%) of program storage space. Maximum is 32256 bytes.
Global variables use 561 bytes (27%) of dynamic memory, leaving 1487 bytes for local variables. Maximum is 2048 bytes.
</pre>
					
					<h4>examples/MPU6050_DMP6_ESPWiFi</h4>
					<p>
						Result: <b>FAIL</b>
					</p>
					<pre class="pre-scrollable">/home/ec2-user/arduino-testlib/cli-datadir/user/libraries/Seeed_Arduino_rpcWiFi/src/DNSServer.cpp:2:10: fatal error: lwip/def.h: No such file or directory
 #include &lt;lwip/def.h&gt;
          ^~~~~~~~~~~~
compilation terminated.
Multiple libraries were found for &#34;WiFi.h&#34;
  Used: /home/ec2-user/arduino-testlib/cli-datadir/user/libraries/WiFi
  Not used: /home/ec2-user/arduino-testlib/cli-datadir/user/libraries/WiFiNINA
  Not used: /home/ec2-user/arduino-testlib/cli-datadir/user/libraries/WiFiEspAT
  Not used: /home/ec2-user/arduino-testlib/cli-datadir/user/libraries/Seeed_Arduino_rpcWiFi
Multiple libraries were found for &#34;WiFiManager.h&#34;
  Used: /home/ec2-user/arduino-testlib/cli-datadir/user/libraries/WiFiManager
  Not used: /home/ec2-user/arduino-testlib/cli-datadir/user/libraries/WhareHauoraWiFiManager
Multiple libraries were found for &#34;I2Cdev.h&#34;
  Used: /home/ec2-user/arduino-testlib/cli-datadir/user/libraries/MPU6050
  Not used: /home/ec2-user/arduino-testlib/cli-datadir/user/libraries/Grove_-_Motor_Driver_TB6612FNG
  Not used: /home/ec2-user/arduino-testlib/cli-datadir/user/libraries/ClimaStick
  Not used: /home/ec2-user/arduino-testlib/cli-datadir/user/libraries/Seeed-PCA9685
  Not used: /home/ec2-user/arduino-testlib/cli-datadir/user/libraries/Grove_IMU_9DOF
</pre>
					
					<h4>examples/MPU6050_DMP6_Ethernet</h4>
					<p>
						Result: <b>PASS</b>
					</p>
					<pre class="pre-scrollable">Sketch uses 25264 bytes (78%) of program storage space. Maximum is 32256 bytes.
Global variables use 1547 bytes (75%) of dynamic memory, leaving 501 bytes for local variables. Maximum is 2048 bytes.
Low memory available, stability problems may occur.
</pre>
					
					<h4>examples/MPU6050_DMP6_using_DMP_V6v12</h4>
					<p>
						Result: <b>PASS</b>
					</p>
					<pre class="pre-scrollable">Sketch uses 18244 bytes (56%) of program storage space. Maximum is 32256 bytes.
Global variables use 561 bytes (27%) of dynamic memory, leaving 1487 bytes for local variables. Maximum is 2048 bytes.
</pre>
					
					<h4>examples/MPU6050_raw</h4>
					<p>
						Result: <b>PASS</b>
					</p>
					<pre class="pre-scrollable">Sketch uses 5546 bytes (17%) of program storage space. Maximum is 32256 bytes.
Global variables use 552 bytes (26%) of dynamic memory, leaving 1496 bytes for local variables. Maximum is 2048 bytes.
</pre>
					
				
				<h3 id="arduino:mbed_nano:nanorp2040connect">arduino:mbed_nano:nanorp2040connect @ 2.7.2</h3>
				<h4>Inclusion</h4>
				<p>
					Result: <b>FAIL</b>
					
				</p>
				<pre class="pre-scrollable">Multiple libraries were found for &#34;MPU6050.h&#34;
  Used: /home/ec2-user/arduino-testlib/cli-datadir/user/libraries/Grove_IMU_9DOF
  Not used: /home/ec2-user/arduino-testlib/cli-datadir/user/libraries/MPU6050
</pre>

					
					<h4>examples/IMU_Zero</h4>
					<p>
						Result: <b>FAIL</b>
					</p>
					<pre class="pre-scrollable">/home/ec2-user/arduino-testlib/cli-datadir/user/libraries/MPU6050/examples/IMU_Zero/IMU_Zero.ino: In function &#39;void Initialize()&#39;:
/home/ec2-user/arduino-testlib/cli-datadir/user/libraries/MPU6050/examples/IMU_Zero/IMU_Zero.ino:183:19: error: &#39;class MPU6050&#39; has no member named &#39;CalibrateAccel&#39;
         accelgyro.CalibrateAccel(6);
                   ^~~~~~~~~~~~~~
/home/ec2-user/arduino-testlib/cli-datadir/user/libraries/MPU6050/examples/IMU_Zero/IMU_Zero.ino:184:19: error: &#39;class MPU6050&#39; has no member named &#39;CalibrateGyro&#39;
         accelgyro.CalibrateGyro(6);
                   ^~~~~~~~~~~~~
/home/ec2-user/arduino-testlib/cli-datadir/user/libraries/MPU6050/examples/IMU_Zero/IMU_Zero.ino:186:19: error: &#39;class MPU6050&#39; has no member named &#39;PrintActiveOffsets&#39;
         accelgyro.PrintActiveOffsets();
                   ^~~~~~~~~~~~~~~~~~
/home/ec2-user/arduino-testlib/cli-datadir/user/libraries/MPU6050/examples/IMU_Zero/IMU_Zero.ino:188:19: error: &#39;class MPU6050&#39; has no member named &#39;CalibrateAccel&#39;
         accelgyro.CalibrateAccel(1);
                   ^~~~~~~~~~~~~~
/home/ec2-user/arduino-testlib/cli-datadir/user/libraries/MPU6050/examples/IMU_Zero/IMU_Zero.ino:189:19: error: &#39;class MPU6050&#39; has no member named &#39;CalibrateGyro&#39;
         accelgyro.CalibrateGyro(1);
                   ^~~~~~~~~~~~~
/home/ec2-user/arduino-testlib/cli-datadir/user/libraries/MPU6050/examples/IMU_Zero/IMU_Zero.ino:191:19: error: &#39;class MPU6050&#39; has no member named &#39;PrintActiveOffsets&#39;
         accelgyro.PrintActiveOffsets();
                   ^~~~~~~~~~~~~~~~~~
/home/ec2-user/arduino-testlib/cli-datadir/user/libraries/MPU6050/examples/IMU_Zero/IMU_Zero.ino:193:19: error: &#39;class MPU6050&#39; has no member named &#39;CalibrateAccel&#39;
         accelgyro.CalibrateAccel(1);
                   ^~~~~~~~~~~~~~
/home/ec2-user/arduino-testlib/cli-datadir/user/libraries/MPU6050/examples/IMU_Zero/IMU_Zero.ino:194:19: error: &#39;class MPU6050&#39; has no member named &#39;CalibrateGyro&#39;
         accelgyro.CalibrateGyro(1);
                   ^~~~~~~~~~~~~
/home/ec2-user/arduino-testlib/cli-datadir/user/libraries/MPU6050/examples/IMU_Zero/IMU_Zero.ino:196:19: error: &#39;class MPU6050&#39; has no member named &#39;PrintActiveOffsets&#39;
         accelgyro.PrintActiveOffsets();
                   ^~~~~~~~~~~~~~~~~~
/home/ec2-user/arduino-testlib/cli-datadir/user/libraries/MPU6050/examples/IMU_Zero/IMU_Zero.ino:198:19: error: &#39;class MPU6050&#39; has no member named &#39;CalibrateAccel&#39;
         accelgyro.CalibrateAccel(1);
                   ^~~~~~~~~~~~~~
/home/ec2-user/arduino-testlib/cli-datadir/user/libraries/MPU6050/examples/IMU_Zero/IMU_Zero.ino:199:19: error: &#39;class MPU6050&#39; has no member named &#39;CalibrateGyro&#39;
         accelgyro.CalibrateGyro(1);
                   ^~~~~~~~~~~~~
/home/ec2-user/arduino-testlib/cli-datadir/user/libraries/MPU6050/examples/IMU_Zero/IMU_Zero.ino:201:19: error: &#39;class MPU6050&#39; has no member named &#39;PrintActiveOffsets&#39;
         accelgyro.PrintActiveOffsets();
                   ^~~~~~~~~~~~~~~~~~
/home/ec2-user/arduino-testlib/cli-datadir/user/libraries/MPU6050/examples/IMU_Zero/IMU_Zero.ino:203:19: error: &#39;class MPU6050&#39; has no member named &#39;CalibrateAccel&#39;
         accelgyro.CalibrateAccel(1);
                   ^~~~~~~~~~~~~~
/home/ec2-user/arduino-testlib/cli-datadir/user/libraries/MPU6050/examples/IMU_Zero/IMU_Zero.ino:204:19: error: &#39;class MPU6050&#39; has no member named &#39;CalibrateGyro&#39;
         accelgyro.CalibrateGyro(1);
                   ^~~~~~~~~~~~~
/home/ec2-user/arduino-testlib/cli-datadir/user/libraries/MPU6050/examples/IMU_Zero/IMU_Zero.ino:206:19: error: &#39;class MPU6050&#39; has no member named &#39;PrintActiveOffsets&#39;
         accelgyro.PrintActiveOffsets();
                   ^~~~~~~~~~~~~~~~~~
Multiple libraries were found for &#34;MPU6050.h&#34;
  Used: /home/ec2-user/arduino-testlib/cli-datadir/user/libraries/Grove_IMU_9DOF
  Not used: /home/ec2-user/arduino-testlib/cli-datadir/user/libraries/MPU6050
Multiple libraries were found for &#34;I2Cdev.h&#34;
  Used: /home/ec2-user/arduino-testlib/cli-datadir/user/libraries/ClimaStick
  Not used: /home/ec2-user/arduino-testlib/cli-datadir/user/libraries/MPU6050
  Not used: /home/ec2-user/arduino-testlib/cli-datadir/user/libraries/Seeed-PCA9685
  Not used: /home/ec2-user/arduino-testlib/cli-datadir/user/libraries/Grove_IMU_9DOF
  Not used: /home/ec2-user/arduino-testlib/cli-datadir/user/libraries/Grove_-_Motor_Driver_TB6612FNG
</pre>
					
					<h4>examples/MPU6050_DMP6</h4>
					<p>
						Result: <b>FAIL</b>
					</p>
					<pre class="pre-scrollable">/home/ec2-user/arduino-testlib/cli-datadir/user/libraries/MPU6050/examples/MPU6050_DMP6/MPU6050_DMP6.ino: In function &#39;void setup()&#39;:
/home/ec2-user/arduino-testlib/cli-datadir/user/libraries/MPU6050/examples/MPU6050_DMP6/MPU6050_DMP6.ino:214:13: error: &#39;class MPU6050&#39; has no member named &#39;CalibrateAccel&#39;
         mpu.CalibrateAccel(6);
             ^~~~~~~~~~~~~~
/home/ec2-user/arduino-testlib/cli-datadir/user/libraries/MPU6050/examples/MPU6050_DMP6/MPU6050_DMP6.ino:215:13: error: &#39;class MPU6050&#39; has no member named &#39;CalibrateGyro&#39;
         mpu.CalibrateGyro(6);
             ^~~~~~~~~~~~~
/home/ec2-user/arduino-testlib/cli-datadir/user/libraries/MPU6050/examples/MPU6050_DMP6/MPU6050_DMP6.ino:216:13: error: &#39;class MPU6050&#39; has no member named &#39;PrintActiveOffsets&#39;
         mpu.PrintActiveOffsets();
             ^~~~~~~~~~~~~~~~~~
/home/ec2-user/arduino-testlib/cli-datadir/user/libraries/MPU6050/examples/MPU6050_DMP6/MPU6050_DMP6.ino: In function &#39;void loop()&#39;:
/home/ec2-user/arduino-testlib/cli-datadir/user/libraries/MPU6050/examples/MPU6050_DMP6/MPU6050_DMP6.ino:258:13: error: &#39;class MPU6050&#39; has no member named &#39;dmpGetCurrentFIFOPacket&#39;; did you mean &#39;dmpProcessFIFOPacket&#39;?
     if (mpu.dmpGetCurrentFIFOPacket(fifoBuffer)) { // Get the Latest packet
             ^~~~~~~~~~~~~~~~~~~~~~~
             dmpProcessFIFOPacket
Multiple libraries were found for &#34;I2Cdev.h&#34;
  Used: /home/ec2-user/arduino-testlib/cli-datadir/user/libraries/ClimaStick
  Not used: /home/ec2-user/arduino-testlib/cli-datadir/user/libraries/Grove_-_Motor_Driver_TB6612FNG
  Not used: /home/ec2-user/arduino-testlib/cli-datadir/user/libraries/Seeed-PCA9685
  Not used: /home/ec2-user/arduino-testlib/cli-datadir/user/libraries/MPU6050
  Not used: /home/ec2-user/arduino-testlib/cli-datadir/user/libraries/Grove_IMU_9DOF
Multiple libraries were found for &#34;MPU6050_6Axis_MotionApps20.h&#34;
  Used: /home/ec2-user/arduino-testlib/cli-datadir/user/libraries/Grove_IMU_9DOF
  Not used: /home/ec2-user/arduino-testlib/cli-datadir/user/libraries/MPU6050
</pre>
					
					<h4>examples/MPU6050_DMP6_ESPWiFi</h4>
					<p>
						Result: <b>FAIL</b>
					</p>
					<pre class="pre-scrollable">/home/ec2-user/arduino-testlib/cli-datadir/user/libraries/Seeed_Arduino_rpcWiFi/src/HTTPClient.cpp:30:10: fatal error: esp/esp_hal_log.h: No such file or directory
 #include &#34;esp/esp_hal_log.h&#34;
          ^~~~~~~~~~~~~~~~~~~
compilation terminated.
Multiple libraries were found for &#34;WiFiManager.h&#34;
  Used: /home/ec2-user/arduino-testlib/cli-datadir/user/libraries/WiFiManager
  Not used: /home/ec2-user/arduino-testlib/cli-datadir/user/libraries/WhareHauoraWiFiManager
Multiple libraries were found for &#34;I2Cdev.h&#34;
  Used: /home/ec2-user/arduino-testlib/cli-datadir/user/libraries/ClimaStick
  Not used: /home/ec2-user/arduino-testlib/cli-datadir/user/libraries/Seeed-PCA9685
  Not used: /home/ec2-user/arduino-testlib/cli-datadir/user/libraries/Grove_-_Motor_Driver_TB6612FNG
  Not used: /home/ec2-user/arduino-testlib/cli-datadir/user/libraries/Grove_IMU_9DOF
  Not used: /home/ec2-user/arduino-testlib/cli-datadir/user/libraries/MPU6050
Multiple libraries were found for &#34;MPU6050_6Axis_MotionApps20.h&#34;
  Used: /home/ec2-user/arduino-testlib/cli-datadir/user/libraries/Grove_IMU_9DOF
  Not used: /home/ec2-user/arduino-testlib/cli-datadir/user/libraries/MPU6050
Multiple libraries were found for &#34;WiFi.h&#34;
  Used: /home/ec2-user/arduino-testlib/cli-datadir/user/libraries/WiFi
  Not used: /home/ec2-user/arduino-testlib/cli-datadir/user/libraries/Seeed_Arduino_rpcWiFi
  Not used: /home/ec2-user/arduino-testlib/cli-datadir/user/libraries/WiFiEspAT
  Not used: /home/ec2-user/arduino-testlib/cli-datadir/user/libraries/WiFiNINA
</pre>
					
					<h4>examples/MPU6050_DMP6_Ethernet</h4>
					<p>
						Result: <b>FAIL</b>
					</p>
					<pre class="pre-scrollable">/home/ec2-user/arduino-testlib/cli-datadir/user/libraries/MPU6050/examples/MPU6050_DMP6_Ethernet/MPU6050_DMP6_Ethernet.ino:48:10: fatal error: avr/wdt.h: No such file or directory
 #include &#34;avr/wdt.h&#34;// Watchdog library
          ^~~~~~~~~~~
compilation terminated.
Multiple libraries were found for &#34;Ethernet.h&#34;
  Used: /home/ec2-user/arduino-testlib/cli-datadir/user/libraries/Ethernet
  Not used: /home/ec2-user/arduino-testlib/cli-datadir/user/libraries/UIPEthernet
  Not used: /home/ec2-user/arduino-testlib/cli-datadir/user/libraries/EthernetENC
Multiple libraries were found for &#34;I2Cdev.h&#34;
  Used: /home/ec2-user/arduino-testlib/cli-datadir/user/libraries/ClimaStick
  Not used: /home/ec2-user/arduino-testlib/cli-datadir/user/libraries/Grove_IMU_9DOF
  Not used: /home/ec2-user/arduino-testlib/cli-datadir/user/libraries/MPU6050
  Not used: /home/ec2-user/arduino-testlib/cli-datadir/user/libraries/Seeed-PCA9685
  Not used: /home/ec2-user/arduino-testlib/cli-datadir/user/libraries/Grove_-_Motor_Driver_TB6612FNG
Multiple libraries were found for &#34;MPU6050_6Axis_MotionApps20.h&#34;
  Used: /home/ec2-user/arduino-testlib/cli-datadir/user/libraries/Grove_IMU_9DOF
  Not used: /home/ec2-user/arduino-testlib/cli-datadir/user/libraries/MPU6050
</pre>
					
					<h4>examples/MPU6050_DMP6_using_DMP_V6v12</h4>
					<p>
						Result: <b>FAIL</b>
					</p>
					<pre class="pre-scrollable">WARNING: library MPU6050 claims to run on avr, samd, sam, esp8266, esp32, stm32 architecture(s) and may be incompatible with your current board which runs on mbed_nano architecture(s).
Multiple libraries were found for &#34;I2Cdev.h&#34;
  Used: /home/ec2-user/arduino-testlib/cli-datadir/user/libraries/ClimaStick
  Not used: /home/ec2-user/arduino-testlib/cli-datadir/user/libraries/Grove_-_Motor_Driver_TB6612FNG
  Not used: /home/ec2-user/arduino-testlib/cli-datadir/user/libraries/Seeed-PCA9685
  Not used: /home/ec2-user/arduino-testlib/cli-datadir/user/libraries/MPU6050
  Not used: /home/ec2-user/arduino-testlib/cli-datadir/user/libraries/Grove_IMU_9DOF
</pre>
					
					<h4>examples/MPU6050_raw</h4>
					<p>
						Result: <b>FAIL</b>
					</p>
					<pre class="pre-scrollable">Multiple libraries were found for &#34;I2Cdev.h&#34;
  Used: /home/ec2-user/arduino-testlib/cli-datadir/user/libraries/ClimaStick
  Not used: /home/ec2-user/arduino-testlib/cli-datadir/user/libraries/Grove_-_Motor_Driver_TB6612FNG
  Not used: /home/ec2-user/arduino-testlib/cli-datadir/user/libraries/MPU6050
  Not used: /home/ec2-user/arduino-testlib/cli-datadir/user/libraries/Grove_IMU_9DOF
  Not used: /home/ec2-user/arduino-testlib/cli-datadir/user/libraries/Seeed-PCA9685
Multiple libraries were found for &#34;MPU6050.h&#34;
  Used: /home/ec2-user/arduino-testlib/cli-datadir/user/libraries/Grove_IMU_9DOF
  Not used: /home/ec2-user/arduino-testlib/cli-datadir/user/libraries/MPU6050
</pre>
					
				
				<h3 id="arduino:megaavr:nona4809">arduino:megaavr:nona4809 @ 1.8.7</h3>
				<h4>Inclusion</h4>
				<p>
					Result: <b>PASS</b>
					
				</p>
				<pre class="pre-scrollable">Sketch uses 3104 bytes (6%) of program storage space. Maximum is 49152 bytes.
Global variables use 317 bytes (5%) of dynamic memory, leaving 5827 bytes for local variables. Maximum is 6144 bytes.
</pre>

					
					<h4>examples/IMU_Zero</h4>
					<p>
						Result: <b>FAIL</b>
					</p>
					<pre class="pre-scrollable">/home/ec2-user/arduino-testlib/cli-datadir/user/libraries/MPU6050/examples/IMU_Zero/IMU_Zero.ino: In function &#39;void Initialize()&#39;:
/home/ec2-user/arduino-testlib/cli-datadir/user/libraries/MPU6050/examples/IMU_Zero/IMU_Zero.ino:183:19: error: &#39;class MPU6050&#39; has no member named &#39;CalibrateAccel&#39;
         accelgyro.CalibrateAccel(6);
                   ^~~~~~~~~~~~~~
/home/ec2-user/arduino-testlib/cli-datadir/user/libraries/MPU6050/examples/IMU_Zero/IMU_Zero.ino:184:19: error: &#39;class MPU6050&#39; has no member named &#39;CalibrateGyro&#39;
         accelgyro.CalibrateGyro(6);
                   ^~~~~~~~~~~~~
/home/ec2-user/arduino-testlib/cli-datadir/user/libraries/MPU6050/examples/IMU_Zero/IMU_Zero.ino:186:19: error: &#39;class MPU6050&#39; has no member named &#39;PrintActiveOffsets&#39;
         accelgyro.PrintActiveOffsets();
                   ^~~~~~~~~~~~~~~~~~
/home/ec2-user/arduino-testlib/cli-datadir/user/libraries/MPU6050/examples/IMU_Zero/IMU_Zero.ino:188:19: error: &#39;class MPU6050&#39; has no member named &#39;CalibrateAccel&#39;
         accelgyro.CalibrateAccel(1);
                   ^~~~~~~~~~~~~~
/home/ec2-user/arduino-testlib/cli-datadir/user/libraries/MPU6050/examples/IMU_Zero/IMU_Zero.ino:189:19: error: &#39;class MPU6050&#39; has no member named &#39;CalibrateGyro&#39;
         accelgyro.CalibrateGyro(1);
                   ^~~~~~~~~~~~~
/home/ec2-user/arduino-testlib/cli-datadir/user/libraries/MPU6050/examples/IMU_Zero/IMU_Zero.ino:191:19: error: &#39;class MPU6050&#39; has no member named &#39;PrintActiveOffsets&#39;
         accelgyro.PrintActiveOffsets();
                   ^~~~~~~~~~~~~~~~~~
/home/ec2-user/arduino-testlib/cli-datadir/user/libraries/MPU6050/examples/IMU_Zero/IMU_Zero.ino:193:19: error: &#39;class MPU6050&#39; has no member named &#39;CalibrateAccel&#39;
         accelgyro.CalibrateAccel(1);
                   ^~~~~~~~~~~~~~
/home/ec2-user/arduino-testlib/cli-datadir/user/libraries/MPU6050/examples/IMU_Zero/IMU_Zero.ino:194:19: error: &#39;class MPU6050&#39; has no member named &#39;CalibrateGyro&#39;
         accelgyro.CalibrateGyro(1);
                   ^~~~~~~~~~~~~
/home/ec2-user/arduino-testlib/cli-datadir/user/libraries/MPU6050/examples/IMU_Zero/IMU_Zero.ino:196:19: error: &#39;class MPU6050&#39; has no member named &#39;PrintActiveOffsets&#39;
         accelgyro.PrintActiveOffsets();
                   ^~~~~~~~~~~~~~~~~~
/home/ec2-user/arduino-testlib/cli-datadir/user/libraries/MPU6050/examples/IMU_Zero/IMU_Zero.ino:198:19: error: &#39;class MPU6050&#39; has no member named &#39;CalibrateAccel&#39;
         accelgyro.CalibrateAccel(1);
                   ^~~~~~~~~~~~~~
/home/ec2-user/arduino-testlib/cli-datadir/user/libraries/MPU6050/examples/IMU_Zero/IMU_Zero.ino:199:19: error: &#39;class MPU6050&#39; has no member named &#39;CalibrateGyro&#39;
         accelgyro.CalibrateGyro(1);
                   ^~~~~~~~~~~~~
/home/ec2-user/arduino-testlib/cli-datadir/user/libraries/MPU6050/examples/IMU_Zero/IMU_Zero.ino:201:19: error: &#39;class MPU6050&#39; has no member named &#39;PrintActiveOffsets&#39;
         accelgyro.PrintActiveOffsets();
                   ^~~~~~~~~~~~~~~~~~
/home/ec2-user/arduino-testlib/cli-datadir/user/libraries/MPU6050/examples/IMU_Zero/IMU_Zero.ino:203:19: error: &#39;class MPU6050&#39; has no member named &#39;CalibrateAccel&#39;
         accelgyro.CalibrateAccel(1);
                   ^~~~~~~~~~~~~~
/home/ec2-user/arduino-testlib/cli-datadir/user/libraries/MPU6050/examples/IMU_Zero/IMU_Zero.ino:204:19: error: &#39;class MPU6050&#39; has no member named &#39;CalibrateGyro&#39;
         accelgyro.CalibrateGyro(1);
                   ^~~~~~~~~~~~~
/home/ec2-user/arduino-testlib/cli-datadir/user/libraries/MPU6050/examples/IMU_Zero/IMU_Zero.ino:206:19: error: &#39;class MPU6050&#39; has no member named &#39;PrintActiveOffsets&#39;
         accelgyro.PrintActiveOffsets();
                   ^~~~~~~~~~~~~~~~~~
Multiple libraries were found for &#34;I2Cdev.h&#34;
  Used: /home/ec2-user/arduino-testlib/cli-datadir/user/libraries/ClimaStick
  Not used: /home/ec2-user/arduino-testlib/cli-datadir/user/libraries/Grove_-_Motor_Driver_TB6612FNG
  Not used: /home/ec2-user/arduino-testlib/cli-datadir/user/libraries/MPU6050
  Not used: /home/ec2-user/arduino-testlib/cli-datadir/user/libraries/Seeed-PCA9685
  Not used: /home/ec2-user/arduino-testlib/cli-datadir/user/libraries/Grove_IMU_9DOF
Multiple libraries were found for &#34;MPU6050.h&#34;
  Used: /home/ec2-user/arduino-testlib/cli-datadir/user/libraries/Grove_IMU_9DOF
  Not used: /home/ec2-user/arduino-testlib/cli-datadir/user/libraries/MPU6050
</pre>
					
					<h4>examples/MPU6050_DMP6</h4>
					<p>
						Result: <b>FAIL</b>
					</p>
					<pre class="pre-scrollable">In file included from /home/ec2-user/arduino-testlib/cli-datadir/user/libraries/MPU6050/examples/MPU6050_DMP6/MPU6050_DMP6.ino:51:0:
/home/ec2-user/arduino-testlib/cli-datadir/user/libraries/Grove_IMU_9DOF/MPU6050_6Axis_MotionApps20.h:89:7: error: &#39;prog_uchar&#39; does not name a type; did you mean &#39;getchar&#39;?
 const prog_uchar dmpMemory[MPU6050_DMP_CODE_SIZE] PROGMEM = {
       ^~~~~~~~~~
       getchar
/home/ec2-user/arduino-testlib/cli-datadir/user/libraries/Grove_IMU_9DOF/MPU6050_6Axis_MotionApps20.h:229:7: error: &#39;prog_uchar&#39; does not name a type; did you mean &#39;getchar&#39;?
 const prog_uchar dmpConfig[MPU6050_DMP_CONFIG_SIZE] PROGMEM = {
       ^~~~~~~~~~
       getchar
/home/ec2-user/arduino-testlib/cli-datadir/user/libraries/Grove_IMU_9DOF/MPU6050_6Axis_MotionApps20.h:271:7: error: &#39;prog_uchar&#39; does not name a type; did you mean &#39;getchar&#39;?
 const prog_uchar dmpUpdates[MPU6050_DMP_UPDATES_SIZE] PROGMEM = {
       ^~~~~~~~~~
       getchar
/home/ec2-user/arduino-testlib/cli-datadir/user/libraries/Grove_IMU_9DOF/MPU6050_6Axis_MotionApps20.h: In member function &#39;uint8_t MPU6050::dmpInitialize()&#39;:
/home/ec2-user/arduino-testlib/cli-datadir/user/libraries/Grove_IMU_9DOF/MPU6050_6Axis_MotionApps20.h:342:30: error: &#39;dmpMemory&#39; was not declared in this scope
     if (writeProgMemoryBlock(dmpMemory, MPU6050_DMP_CODE_SIZE)) {
                              ^~~~~~~~~
/home/ec2-user/arduino-testlib/cli-datadir/user/libraries/Grove_IMU_9DOF/MPU6050_6Axis_MotionApps20.h:342:30: note: suggested alternative: &#39;dmpGetGyro&#39;
     if (writeProgMemoryBlock(dmpMemory, MPU6050_DMP_CODE_SIZE)) {
                              ^~~~~~~~~
                              dmpGetGyro
/home/ec2-user/arduino-testlib/cli-datadir/user/libraries/Grove_IMU_9DOF/MPU6050_6Axis_MotionApps20.h:349:42: error: &#39;dmpConfig&#39; was not declared in this scope
         if (writeProgDMPConfigurationSet(dmpConfig, MPU6050_DMP_CONFIG_SIZE)) {
                                          ^~~~~~~~~
In file included from /home/ec2-user/arduino-testlib/cli-datadir/data/packages/arduino/hardware/megaavr/1.8.7/cores/arduino/api/String.h:31:0,
                 from /home/ec2-user/arduino-testlib/cli-datadir/data/packages/arduino/hardware/megaavr/1.8.7/cores/arduino/api/IPAddress.h:24,
                 from /home/ec2-user/arduino-testlib/cli-datadir/data/packages/arduino/hardware/megaavr/1.8.7/cores/arduino/api/ArduinoAPI.h:30,
                 from /home/ec2-user/arduino-testlib/cli-datadir/data/packages/arduino/hardware/megaavr/1.8.7/cores/arduino/Arduino.h:23,
                 from /tmp/arduino-sketch-AEF126F90626AD6943F19C60C61C9ABB/sketch/MPU6050_DMP6.ino.cpp:1:
/home/ec2-user/arduino-testlib/cli-datadir/user/libraries/Grove_IMU_9DOF/MPU6050_6Axis_MotionApps20.h:390:98: error: &#39;dmpUpdates&#39; was not declared in this scope
             for (j = 0; j &lt; 4 || j &lt; dmpUpdate[2] &#43; 3; j&#43;&#43;, pos&#43;&#43;) dmpUpdate[j] = pgm_read_byte(&amp;dmpUpdates[pos]);
                                                                                                  ^
/home/ec2-user/arduino-testlib/cli-datadir/user/libraries/Grove_IMU_9DOF/MPU6050_6Axis_MotionApps20.h:390:98: note: suggested alternative: &#39;dmpUpdate&#39;
/home/ec2-user/arduino-testlib/cli-datadir/user/libraries/Grove_IMU_9DOF/MPU6050_6Axis_MotionApps20.h:394:98: error: &#39;dmpUpdates&#39; was not declared in this scope
             for (j = 0; j &lt; 4 || j &lt; dmpUpdate[2] &#43; 3; j&#43;&#43;, pos&#43;&#43;) dmpUpdate[j] = pgm_read_byte(&amp;dmpUpdates[pos]);
                                                                                                  ^
/home/ec2-user/arduino-testlib/cli-datadir/user/libraries/Grove_IMU_9DOF/MPU6050_6Axis_MotionApps20.h:394:98: note: suggested alternative: &#39;dmpUpdate&#39;
/home/ec2-user/arduino-testlib/cli-datadir/user/libraries/Grove_IMU_9DOF/MPU6050_6Axis_MotionApps20.h:433:98: error: &#39;dmpUpdates&#39; was not declared in this scope
             for (j = 0; j &lt; 4 || j &lt; dmpUpdate[2] &#43; 3; j&#43;&#43;, pos&#43;&#43;) dmpUpdate[j] = pgm_read_byte(&amp;dmpUpdates[pos]);
                                                                                                  ^
/home/ec2-user/arduino-testlib/cli-datadir/user/libraries/Grove_IMU_9DOF/MPU6050_6Axis_MotionApps20.h:433:98: note: suggested alternative: &#39;dmpUpdate&#39;
/home/ec2-user/arduino-testlib/cli-datadir/user/libraries/Grove_IMU_9DOF/MPU6050_6Axis_MotionApps20.h:437:98: error: &#39;dmpUpdates&#39; was not declared in this scope
             for (j = 0; j &lt; 4 || j &lt; dmpUpdate[2] &#43; 3; j&#43;&#43;, pos&#43;&#43;) dmpUpdate[j] = pgm_read_byte(&amp;dmpUpdates[pos]);
                                                                                                  ^
/home/ec2-user/arduino-testlib/cli-datadir/user/libraries/Grove_IMU_9DOF/MPU6050_6Axis_MotionApps20.h:437:98: note: suggested alternative: &#39;dmpUpdate&#39;
/home/ec2-user/arduino-testlib/cli-datadir/user/libraries/Grove_IMU_9DOF/MPU6050_6Axis_MotionApps20.h:441:98: error: &#39;dmpUpdates&#39; was not declared in this scope
             for (j = 0; j &lt; 4 || j &lt; dmpUpdate[2] &#43; 3; j&#43;&#43;, pos&#43;&#43;) dmpUpdate[j] = pgm_read_byte(&amp;dmpUpdates[pos]);
                                                                                                  ^
/home/ec2-user/arduino-testlib/cli-datadir/user/libraries/Grove_IMU_9DOF/MPU6050_6Axis_MotionApps20.h:441:98: note: suggested alternative: &#39;dmpUpdate&#39;
/home/ec2-user/arduino-testlib/cli-datadir/user/libraries/Grove_IMU_9DOF/MPU6050_6Axis_MotionApps20.h:459:98: error: &#39;dmpUpdates&#39; was not declared in this scope
             for (j = 0; j &lt; 4 || j &lt; dmpUpdate[2] &#43; 3; j&#43;&#43;, pos&#43;&#43;) dmpUpdate[j] = pgm_read_byte(&amp;dmpUpdates[pos]);
                                                                                                  ^
/home/ec2-user/arduino-testlib/cli-datadir/user/libraries/Grove_IMU_9DOF/MPU6050_6Axis_MotionApps20.h:459:98: note: suggested alternative: &#39;dmpUpdate&#39;
/home/ec2-user/arduino-testlib/cli-datadir/user/libraries/Grove_IMU_9DOF/MPU6050_6Axis_MotionApps20.h:478:98: error: &#39;dmpUpdates&#39; was not declared in this scope
             for (j = 0; j &lt; 4 || j &lt; dmpUpdate[2] &#43; 3; j&#43;&#43;, pos&#43;&#43;) dmpUpdate[j] = pgm_read_byte(&amp;dmpUpdates[pos]);
                                                                                                  ^
/home/ec2-user/arduino-testlib/cli-datadir/user/libraries/Grove_IMU_9DOF/MPU6050_6Axis_MotionApps20.h:478:98: note: suggested alternative: &#39;dmpUpdate&#39;
/home/ec2-user/arduino-testlib/cli-datadir/user/libraries/MPU6050/examples/MPU6050_DMP6/MPU6050_DMP6.ino: In function &#39;void setup()&#39;:
/home/ec2-user/arduino-testlib/cli-datadir/user/libraries/MPU6050/examples/MPU6050_DMP6/MPU6050_DMP6.ino:214:13: error: &#39;class MPU6050&#39; has no member named &#39;CalibrateAccel&#39;
         mpu.CalibrateAccel(6);
             ^~~~~~~~~~~~~~
/home/ec2-user/arduino-testlib/cli-datadir/user/libraries/MPU6050/examples/MPU6050_DMP6/MPU6050_DMP6.ino:215:13: error: &#39;class MPU6050&#39; has no member named &#39;CalibrateGyro&#39;
         mpu.CalibrateGyro(6);
             ^~~~~~~~~~~~~
/home/ec2-user/arduino-testlib/cli-datadir/user/libraries/MPU6050/examples/MPU6050_DMP6/MPU6050_DMP6.ino:216:13: error: &#39;class MPU6050&#39; has no member named &#39;PrintActiveOffsets&#39;
         mpu.PrintActiveOffsets();
             ^~~~~~~~~~~~~~~~~~
/home/ec2-user/arduino-testlib/cli-datadir/user/libraries/MPU6050/examples/MPU6050_DMP6/MPU6050_DMP6.ino: In function &#39;void loop()&#39;:
/home/ec2-user/arduino-testlib/cli-datadir/user/libraries/MPU6050/examples/MPU6050_DMP6/MPU6050_DMP6.ino:258:13: error: &#39;class MPU6050&#39; has no member named &#39;dmpGetCurrentFIFOPacket&#39;; did you mean &#39;dmpProcessFIFOPacket&#39;?
     if (mpu.dmpGetCurrentFIFOPacket(fifoBuffer)) { // Get the Latest packet
             ^~~~~~~~~~~~~~~~~~~~~~~
             dmpProcessFIFOPacket
Multiple libraries were found for &#34;MPU6050_6Axis_MotionApps20.h&#34;
  Used: /home/ec2-user/arduino-testlib/cli-datadir/user/libraries/Grove_IMU_9DOF
  Not used: /home/ec2-user/arduino-testlib/cli-datadir/user/libraries/MPU6050
Multiple libraries were found for &#34;I2Cdev.h&#34;
  Used: /home/ec2-user/arduino-testlib/cli-datadir/user/libraries/ClimaStick
  Not used: /home/ec2-user/arduino-testlib/cli-datadir/user/libraries/Seeed-PCA9685
  Not used: /home/ec2-user/arduino-testlib/cli-datadir/user/libraries/MPU6050
  Not used: /home/ec2-user/arduino-testlib/cli-datadir/user/libraries/Grove_-_Motor_Driver_TB6612FNG
  Not used: /home/ec2-user/arduino-testlib/cli-datadir/user/libraries/Grove_IMU_9DOF
</pre>
					
					<h4>examples/MPU6050_DMP6_ESPWiFi</h4>
					<p>
						Result: <b>FAIL</b>
					</p>
					<pre class="pre-scrollable">/home/ec2-user/arduino-testlib/cli-datadir/user/libraries/Seeed_Arduino_rpcWiFi/src/DNSServer.cpp:2:10: fatal error: lwip/def.h: No such file or directory
 #include &lt;lwip/def.h&gt;
          ^~~~~~~~~~~~
compilation terminated.
Multiple libraries were found for &#34;WiFiManager.h&#34;
  Used: /home/ec2-user/arduino-testlib/cli-datadir/user/libraries/WiFiManager
  Not used: /home/ec2-user/arduino-testlib/cli-datadir/user/libraries/WhareHauoraWiFiManager
Multiple libraries were found for &#34;I2Cdev.h&#34;
  Used: /home/ec2-user/arduino-testlib/cli-datadir/user/libraries/ClimaStick
  Not used: /home/ec2-user/arduino-testlib/cli-datadir/user/libraries/MPU6050
  Not used: /home/ec2-user/arduino-testlib/cli-datadir/user/libraries/Seeed-PCA9685
  Not used: /home/ec2-user/arduino-testlib/cli-datadir/user/libraries/Grove_-_Motor_Driver_TB6612FNG
  Not used: /home/ec2-user/arduino-testlib/cli-datadir/user/libraries/Grove_IMU_9DOF
Multiple libraries were found for &#34;MPU6050_6Axis_MotionApps20.h&#34;
  Used: /home/ec2-user/arduino-testlib/cli-datadir/user/libraries/Grove_IMU_9DOF
  Not used: /home/ec2-user/arduino-testlib/cli-datadir/user/libraries/MPU6050
Multiple libraries were found for &#34;WiFi.h&#34;
  Used: /home/ec2-user/arduino-testlib/cli-datadir/user/libraries/WiFi
  Not used: /home/ec2-user/arduino-testlib/cli-datadir/user/libraries/WiFiEspAT
  Not used: /home/ec2-user/arduino-testlib/cli-datadir/user/libraries/WiFiNINA
  Not used: /home/ec2-user/arduino-testlib/cli-datadir/user/libraries/Seeed_Arduino_rpcWiFi
</pre>
					
					<h4>examples/MPU6050_DMP6_Ethernet</h4>
					<p>
						Result: <b>FAIL</b>
					</p>
					<pre class="pre-scrollable">In file included from /home/ec2-user/arduino-testlib/cli-datadir/user/libraries/MPU6050/examples/MPU6050_DMP6_Ethernet/MPU6050_DMP6_Ethernet.ino:42:0:
/home/ec2-user/arduino-testlib/cli-datadir/user/libraries/Grove_IMU_9DOF/MPU6050_6Axis_MotionApps20.h:89:7: error: &#39;prog_uchar&#39; does not name a type; did you mean &#39;getchar&#39;?
 const prog_uchar dmpMemory[MPU6050_DMP_CODE_SIZE] PROGMEM = {
       ^~~~~~~~~~
       getchar
/home/ec2-user/arduino-testlib/cli-datadir/user/libraries/Grove_IMU_9DOF/MPU6050_6Axis_MotionApps20.h:229:7: error: &#39;prog_uchar&#39; does not name a type; did you mean &#39;getchar&#39;?
 const prog_uchar dmpConfig[MPU6050_DMP_CONFIG_SIZE] PROGMEM = {
       ^~~~~~~~~~
       getchar
/home/ec2-user/arduino-testlib/cli-datadir/user/libraries/Grove_IMU_9DOF/MPU6050_6Axis_MotionApps20.h:271:7: error: &#39;prog_uchar&#39; does not name a type; did you mean &#39;getchar&#39;?
 const prog_uchar dmpUpdates[MPU6050_DMP_UPDATES_SIZE] PROGMEM = {
       ^~~~~~~~~~
       getchar
/home/ec2-user/arduino-testlib/cli-datadir/user/libraries/Grove_IMU_9DOF/MPU6050_6Axis_MotionApps20.h: In member function &#39;uint8_t MPU6050::dmpInitialize()&#39;:
/home/ec2-user/arduino-testlib/cli-datadir/user/libraries/Grove_IMU_9DOF/MPU6050_6Axis_MotionApps20.h:342:30: error: &#39;dmpMemory&#39; was not declared in this scope
     if (writeProgMemoryBlock(dmpMemory, MPU6050_DMP_CODE_SIZE)) {
                              ^~~~~~~~~
/home/ec2-user/arduino-testlib/cli-datadir/user/libraries/Grove_IMU_9DOF/MPU6050_6Axis_MotionApps20.h:342:30: note: suggested alternative: &#39;dmpGetGyro&#39;
     if (writeProgMemoryBlock(dmpMemory, MPU6050_DMP_CODE_SIZE)) {
                              ^~~~~~~~~
                              dmpGetGyro
/home/ec2-user/arduino-testlib/cli-datadir/user/libraries/Grove_IMU_9DOF/MPU6050_6Axis_MotionApps20.h:349:42: error: &#39;dmpConfig&#39; was not declared in this scope
         if (writeProgDMPConfigurationSet(dmpConfig, MPU6050_DMP_CONFIG_SIZE)) {
                                          ^~~~~~~~~
In file included from /home/ec2-user/arduino-testlib/cli-datadir/data/packages/arduino/hardware/megaavr/1.8.7/cores/arduino/api/String.h:31:0,
                 from /home/ec2-user/arduino-testlib/cli-datadir/data/packages/arduino/hardware/megaavr/1.8.7/cores/arduino/api/IPAddress.h:24,
                 from /home/ec2-user/arduino-testlib/cli-datadir/data/packages/arduino/hardware/megaavr/1.8.7/cores/arduino/api/ArduinoAPI.h:30,
                 from /home/ec2-user/arduino-testlib/cli-datadir/data/packages/arduino/hardware/megaavr/1.8.7/cores/arduino/Arduino.h:23,
                 from /tmp/arduino-sketch-124AEF3BB1D7CB5EB46904A9368EB12B/sketch/MPU6050_DMP6_Ethernet.ino.cpp:1:
/home/ec2-user/arduino-testlib/cli-datadir/user/libraries/Grove_IMU_9DOF/MPU6050_6Axis_MotionApps20.h:390:98: error: &#39;dmpUpdates&#39; was not declared in this scope
             for (j = 0; j &lt; 4 || j &lt; dmpUpdate[2] &#43; 3; j&#43;&#43;, pos&#43;&#43;) dmpUpdate[j] = pgm_read_byte(&amp;dmpUpdates[pos]);
                                                                                                  ^
/home/ec2-user/arduino-testlib/cli-datadir/user/libraries/Grove_IMU_9DOF/MPU6050_6Axis_MotionApps20.h:390:98: note: suggested alternative: &#39;dmpUpdate&#39;
/home/ec2-user/arduino-testlib/cli-datadir/user/libraries/Grove_IMU_9DOF/MPU6050_6Axis_MotionApps20.h:394:98: error: &#39;dmpUpdates&#39; was not declared in this scope
             for (j = 0; j &lt; 4 || j &lt; dmpUpdate[2] &#43; 3; j&#43;&#43;, pos&#43;&#43;) dmpUpdate[j] = pgm_read_byte(&amp;dmpUpdates[pos]);
                                                                                                  ^
/home/ec2-user/arduino-testlib/cli-datadir/user/libraries/Grove_IMU_9DOF/MPU6050_6Axis_MotionApps20.h:394:98: note: suggested alternative: &#39;dmpUpdate&#39;
/home/ec2-user/arduino-testlib/cli-datadir/user/libraries/Grove_IMU_9DOF/MPU6050_6Axis_MotionApps20.h:433:98: error: &#39;dmpUpdates&#39; was not declared in this scope
             for (j = 0; j &lt; 4 || j &lt; dmpUpdate[2] &#43; 3; j&#43;&#43;, pos&#43;&#43;) dmpUpdate[j] = pgm_read_byte(&amp;dmpUpdates[pos]);
                                                                                                  ^
/home/ec2-user/arduino-testlib/cli-datadir/user/libraries/Grove_IMU_9DOF/MPU6050_6Axis_MotionApps20.h:433:98: note: suggested alternative: &#39;dmpUpdate&#39;
/home/ec2-user/arduino-testlib/cli-datadir/user/libraries/Grove_IMU_9DOF/MPU6050_6Axis_MotionApps20.h:437:98: error: &#39;dmpUpdates&#39; was not declared in this scope
             for (j = 0; j &lt; 4 || j &lt; dmpUpdate[2] &#43; 3; j&#43;&#43;, pos&#43;&#43;) dmpUpdate[j] = pgm_read_byte(&amp;dmpUpdates[pos]);
                                                                                                  ^
/home/ec2-user/arduino-testlib/cli-datadir/user/libraries/Grove_IMU_9DOF/MPU6050_6Axis_MotionApps20.h:437:98: note: suggested alternative: &#39;dmpUpdate&#39;
/home/ec2-user/arduino-testlib/cli-datadir/user/libraries/Grove_IMU_9DOF/MPU6050_6Axis_MotionApps20.h:441:98: error: &#39;dmpUpdates&#39; was not declared in this scope
             for (j = 0; j &lt; 4 || j &lt; dmpUpdate[2] &#43; 3; j&#43;&#43;, pos&#43;&#43;) dmpUpdate[j] = pgm_read_byte(&amp;dmpUpdates[pos]);
                                                                                                  ^
/home/ec2-user/arduino-testlib/cli-datadir/user/libraries/Grove_IMU_9DOF/MPU6050_6Axis_MotionApps20.h:441:98: note: suggested alternative: &#39;dmpUpdate&#39;
/home/ec2-user/arduino-testlib/cli-datadir/user/libraries/Grove_IMU_9DOF/MPU6050_6Axis_MotionApps20.h:459:98: error: &#39;dmpUpdates&#39; was not declared in this scope
             for (j = 0; j &lt; 4 || j &lt; dmpUpdate[2] &#43; 3; j&#43;&#43;, pos&#43;&#43;) dmpUpdate[j] = pgm_read_byte(&amp;dmpUpdates[pos]);
                                                                                                  ^
/home/ec2-user/arduino-testlib/cli-datadir/user/libraries/Grove_IMU_9DOF/MPU6050_6Axis_MotionApps20.h:459:98: note: suggested alternative: &#39;dmpUpdate&#39;
/home/ec2-user/arduino-testlib/cli-datadir/user/libraries/Grove_IMU_9DOF/MPU6050_6Axis_MotionApps20.h:478:98: error: &#39;dmpUpdates&#39; was not declared in this scope
             for (j = 0; j &lt; 4 || j &lt; dmpUpdate[2] &#43; 3; j&#43;&#43;, pos&#43;&#43;) dmpUpdate[j] = pgm_read_byte(&amp;dmpUpdates[pos]);
                                                                                                  ^
/home/ec2-user/arduino-testlib/cli-datadir/user/libraries/Grove_IMU_9DOF/MPU6050_6Axis_MotionApps20.h:478:98: note: suggested alternative: &#39;dmpUpdate&#39;
Multiple libraries were found for &#34;Ethernet.h&#34;
  Used: /home/ec2-user/arduino-testlib/cli-datadir/user/libraries/Ethernet
  Not used: /home/ec2-user/arduino-testlib/cli-datadir/user/libraries/UIPEthernet
  Not used: /home/ec2-user/arduino-testlib/cli-datadir/user/libraries/EthernetENC
Multiple libraries were found for &#34;I2Cdev.h&#34;
  Used: /home/ec2-user/arduino-testlib/cli-datadir/user/libraries/ClimaStick
  Not used: /home/ec2-user/arduino-testlib/cli-datadir/user/libraries/Grove_IMU_9DOF
  Not used: /home/ec2-user/arduino-testlib/cli-datadir/user/libraries/Seeed-PCA9685
  Not used: /home/ec2-user/arduino-testlib/cli-datadir/user/libraries/MPU6050
  Not used: /home/ec2-user/arduino-testlib/cli-datadir/user/libraries/Grove_-_Motor_Driver_TB6612FNG
Multiple libraries were found for &#34;MPU6050_6Axis_MotionApps20.h&#34;
  Used: /home/ec2-user/arduino-testlib/cli-datadir/user/libraries/Grove_IMU_9DOF
  Not used: /home/ec2-user/arduino-testlib/cli-datadir/user/libraries/MPU6050
</pre>
					
					<h4>examples/MPU6050_DMP6_using_DMP_V6v12</h4>
					<p>
						Result: <b>FAIL</b>
					</p>
					<pre class="pre-scrollable">WARNING: library MPU6050 claims to run on avr, samd, sam, esp8266, esp32, stm32 architecture(s) and may be incompatible with your current board which runs on megaavr architecture(s).
/tmp/arduino-sketch-B326D362C32649AF5CFA55D4076B0AE9/libraries/MPU6050/I2Cdev.cpp.o (symbol from plugin): In function `I2Cdev::I2Cdev()&#39;:
(.text&#43;0x0): multiple definition of `I2Cdev::I2Cdev()&#39;
/tmp/arduino-sketch-B326D362C32649AF5CFA55D4076B0AE9/libraries/ClimaStick/I2Cdev.cpp.o (symbol from plugin):(.text&#43;0x0): first defined here
/tmp/arduino-sketch-B326D362C32649AF5CFA55D4076B0AE9/libraries/MPU6050/I2Cdev.cpp.o (symbol from plugin): In function `I2Cdev::I2Cdev()&#39;:
(.text&#43;0x0): multiple definition of `I2Cdev::I2Cdev()&#39;
/tmp/arduino-sketch-B326D362C32649AF5CFA55D4076B0AE9/libraries/ClimaStick/I2Cdev.cpp.o (symbol from plugin):(.text&#43;0x0): first defined here
/tmp/arduino-sketch-B326D362C32649AF5CFA55D4076B0AE9/libraries/MPU6050/I2Cdev.cpp.o (symbol from plugin): In function `I2Cdev::I2Cdev()&#39;:
(.text&#43;0x0): multiple definition of `I2Cdev::writeBytes(unsigned char, unsigned char, unsigned char, unsigned char*)&#39;
/tmp/arduino-sketch-B326D362C32649AF5CFA55D4076B0AE9/libraries/ClimaStick/I2Cdev.cpp.o (symbol from plugin):(.text&#43;0x0): first defined here
/tmp/arduino-sketch-B326D362C32649AF5CFA55D4076B0AE9/libraries/MPU6050/I2Cdev.cpp.o (symbol from plugin): In function `I2Cdev::I2Cdev()&#39;:
(.text&#43;0x0): multiple definition of `I2Cdev::writeByte(unsigned char, unsigned char, unsigned char)&#39;
/tmp/arduino-sketch-B326D362C32649AF5CFA55D4076B0AE9/libraries/ClimaStick/I2Cdev.cpp.o (symbol from plugin):(.text&#43;0x0): first defined here
/tmp/arduino-sketch-B326D362C32649AF5CFA55D4076B0AE9/libraries/MPU6050/I2Cdev.cpp.o (symbol from plugin): In function `I2Cdev::I2Cdev()&#39;:
(.text&#43;0x0): multiple definition of `I2Cdev::writeWords(unsigned char, unsigned char, unsigned char, unsigned int*)&#39;
/tmp/arduino-sketch-B326D362C32649AF5CFA55D4076B0AE9/libraries/ClimaStick/I2Cdev.cpp.o (symbol from plugin):(.text&#43;0x0): first defined here
/tmp/arduino-sketch-B326D362C32649AF5CFA55D4076B0AE9/libraries/MPU6050/I2Cdev.cpp.o (symbol from plugin): In function `I2Cdev::I2Cdev()&#39;:
(.text&#43;0x0): multiple definition of `I2Cdev::writeWord(unsigned char, unsigned char, unsigned int)&#39;
/tmp/arduino-sketch-B326D362C32649AF5CFA55D4076B0AE9/libraries/ClimaStick/I2Cdev.cpp.o (symbol from plugin):(.text&#43;0x0): first defined here
/tmp/arduino-sketch-B326D362C32649AF5CFA55D4076B0AE9/libraries/MPU6050/I2Cdev.cpp.o (symbol from plugin): In function `I2Cdev::I2Cdev()&#39;:
(.text&#43;0x0): multiple definition of `I2Cdev::readBytes(unsigned char, unsigned char, unsigned char, unsigned char*, unsigned int)&#39;
/tmp/arduino-sketch-B326D362C32649AF5CFA55D4076B0AE9/libraries/ClimaStick/I2Cdev.cpp.o (symbol from plugin):(.text&#43;0x0): first defined here
/tmp/arduino-sketch-B326D362C32649AF5CFA55D4076B0AE9/libraries/MPU6050/I2Cdev.cpp.o (symbol from plugin): In function `I2Cdev::I2Cdev()&#39;:
(.text&#43;0x0): multiple definition of `I2Cdev::readByte(unsigned char, unsigned char, unsigned char*, unsigned int)&#39;
/tmp/arduino-sketch-B326D362C32649AF5CFA55D4076B0AE9/libraries/ClimaStick/I2Cdev.cpp.o (symbol from plugin):(.text&#43;0x0): first defined here
/tmp/arduino-sketch-B326D362C32649AF5CFA55D4076B0AE9/libraries/MPU6050/I2Cdev.cpp.o (symbol from plugin): In function `I2Cdev::I2Cdev()&#39;:
(.text&#43;0x0): multiple definition of `I2Cdev::readBit(unsigned char, unsigned char, unsigned char, unsigned char*, unsigned int)&#39;
/tmp/arduino-sketch-B326D362C32649AF5CFA55D4076B0AE9/libraries/ClimaStick/I2Cdev.cpp.o (symbol from plugin):(.text&#43;0x0): first defined here
/tmp/arduino-sketch-B326D362C32649AF5CFA55D4076B0AE9/libraries/MPU6050/I2Cdev.cpp.o (symbol from plugin): In function `I2Cdev::I2Cdev()&#39;:
(.text&#43;0x0): multiple definition of `I2Cdev::readBits(unsigned char, unsigned char, unsigned char, unsigned char, unsigned char*, unsigned int)&#39;
/tmp/arduino-sketch-B326D362C32649AF5CFA55D4076B0AE9/libraries/ClimaStick/I2Cdev.cpp.o (symbol from plugin):(.text&#43;0x0): first defined here
/tmp/arduino-sketch-B326D362C32649AF5CFA55D4076B0AE9/libraries/MPU6050/I2Cdev.cpp.o (symbol from plugin): In function `I2Cdev::I2Cdev()&#39;:
(.text&#43;0x0): multiple definition of `I2Cdev::writeBit(unsigned char, unsigned char, unsigned char, unsigned char)&#39;
/tmp/arduino-sketch-B326D362C32649AF5CFA55D4076B0AE9/libraries/ClimaStick/I2Cdev.cpp.o (symbol from plugin):(.text&#43;0x0): first defined here
/tmp/arduino-sketch-B326D362C32649AF5CFA55D4076B0AE9/libraries/MPU6050/I2Cdev.cpp.o (symbol from plugin): In function `I2Cdev::I2Cdev()&#39;:
(.text&#43;0x0): multiple definition of `I2Cdev::readTimeout&#39;
/tmp/arduino-sketch-B326D362C32649AF5CFA55D4076B0AE9/libraries/ClimaStick/I2Cdev.cpp.o (symbol from plugin):(.text&#43;0x0): first defined here
/tmp/arduino-sketch-B326D362C32649AF5CFA55D4076B0AE9/libraries/MPU6050/I2Cdev.cpp.o (symbol from plugin): In function `I2Cdev::I2Cdev()&#39;:
(.text&#43;0x0): multiple definition of `I2Cdev::writeBits(unsigned char, unsigned char, unsigned char, unsigned char, unsigned char)&#39;
/tmp/arduino-sketch-B326D362C32649AF5CFA55D4076B0AE9/libraries/ClimaStick/I2Cdev.cpp.o (symbol from plugin):(.text&#43;0x0): first defined here
/tmp/arduino-sketch-B326D362C32649AF5CFA55D4076B0AE9/libraries/MPU6050/I2Cdev.cpp.o (symbol from plugin): In function `I2Cdev::I2Cdev()&#39;:
(.text&#43;0x0): multiple definition of `I2Cdev::readWords(unsigned char, unsigned char, unsigned char, unsigned int*, unsigned int)&#39;
/tmp/arduino-sketch-B326D362C32649AF5CFA55D4076B0AE9/libraries/ClimaStick/I2Cdev.cpp.o (symbol from plugin):(.text&#43;0x0): first defined here
/tmp/arduino-sketch-B326D362C32649AF5CFA55D4076B0AE9/libraries/MPU6050/I2Cdev.cpp.o (symbol from plugin): In function `I2Cdev::I2Cdev()&#39;:
(.text&#43;0x0): multiple definition of `I2Cdev::readWord(unsigned char, unsigned char, unsigned int*, unsigned int)&#39;
/tmp/arduino-sketch-B326D362C32649AF5CFA55D4076B0AE9/libraries/ClimaStick/I2Cdev.cpp.o (symbol from plugin):(.text&#43;0x0): first defined here
/tmp/arduino-sketch-B326D362C32649AF5CFA55D4076B0AE9/libraries/MPU6050/I2Cdev.cpp.o (symbol from plugin): In function `I2Cdev::I2Cdev()&#39;:
(.text&#43;0x0): multiple definition of `I2Cdev::readBitW(unsigned char, unsigned char, unsigned char, unsigned int*, unsigned int)&#39;
/tmp/arduino-sketch-B326D362C32649AF5CFA55D4076B0AE9/libraries/ClimaStick/I2Cdev.cpp.o (symbol from plugin):(.text&#43;0x0): first defined here
/tmp/arduino-sketch-B326D362C32649AF5CFA55D4076B0AE9/libraries/MPU6050/I2Cdev.cpp.o (symbol from plugin): In function `I2Cdev::I2Cdev()&#39;:
(.text&#43;0x0): multiple definition of `I2Cdev::readBitsW(unsigned char, unsigned char, unsigned char, unsigned char, unsigned int*, unsigned int)&#39;
/tmp/arduino-sketch-B326D362C32649AF5CFA55D4076B0AE9/libraries/ClimaStick/I2Cdev.cpp.o (symbol from plugin):(.text&#43;0x0): first defined here
/tmp/arduino-sketch-B326D362C32649AF5CFA55D4076B0AE9/libraries/MPU6050/I2Cdev.cpp.o (symbol from plugin): In function `I2Cdev::I2Cdev()&#39;:
(.text&#43;0x0): multiple definition of `I2Cdev::writeBitW(unsigned char, unsigned char, unsigned char, unsigned int)&#39;
/tmp/arduino-sketch-B326D362C32649AF5CFA55D4076B0AE9/libraries/ClimaStick/I2Cdev.cpp.o (symbol from plugin):(.text&#43;0x0): first defined here
/tmp/arduino-sketch-B326D362C32649AF5CFA55D4076B0AE9/libraries/MPU6050/I2Cdev.cpp.o (symbol from plugin): In function `I2Cdev::I2Cdev()&#39;:
(.text&#43;0x0): multiple definition of `I2Cdev::writeBitsW(unsigned char, unsigned char, unsigned char, unsigned char, unsigned int)&#39;
/tmp/arduino-sketch-B326D362C32649AF5CFA55D4076B0AE9/libraries/ClimaStick/I2Cdev.cpp.o (symbol from plugin):(.text&#43;0x0): first defined here
/tmp/arduino-sketch-B326D362C32649AF5CFA55D4076B0AE9/libraries/MPU6050/MPU6050.cpp.o (symbol from plugin): In function `MPU6050::MPU6050(unsigned char)&#39;:
(.text&#43;0x0): multiple definition of `MPU6050::MPU6050(unsigned char)&#39;
/tmp/arduino-sketch-B326D362C32649AF5CFA55D4076B0AE9/libraries/ClimaStick/MPU6050.cpp.o (symbol from plugin):(.text&#43;0x0): first defined here
/tmp/arduino-sketch-B326D362C32649AF5CFA55D4076B0AE9/libraries/MPU6050/MPU6050.cpp.o (symbol from plugin): In function `MPU6050::MPU6050(unsigned char)&#39;:
(.text&#43;0x0): multiple definition of `MPU6050::MPU6050(unsigned char)&#39;
/tmp/arduino-sketch-B326D362C32649AF5CFA55D4076B0AE9/libraries/ClimaStick/MPU6050.cpp.o (symbol from plugin):(.text&#43;0x0): first defined here
/tmp/arduino-sketch-B326D362C32649AF5CFA55D4076B0AE9/libraries/MPU6050/MPU6050.cpp.o (symbol from plugin): In function `MPU6050::MPU6050(unsigned char)&#39;:
(.text&#43;0x0): multiple definition of `MPU6050::getAuxVDDIOLevel()&#39;
/tmp/arduino-sketch-B326D362C32649AF5CFA55D4076B0AE9/libraries/ClimaStick/MPU6050.cpp.o (symbol from plugin):(.text&#43;0x0): first defined here
/tmp/arduino-sketch-B326D362C32649AF5CFA55D4076B0AE9/libraries/MPU6050/MPU6050.cpp.o (symbol from plugin): In function `MPU6050::MPU6050(unsigned char)&#39;:
(.text&#43;0x0): multiple definition of `MPU6050::setAuxVDDIOLevel(unsigned char)&#39;
/tmp/arduino-sketch-B326D362C32649AF5CFA55D4076B0AE9/libraries/ClimaStick/MPU6050.cpp.o (symbol from plugin):(.text&#43;0x0): first defined here
/tmp/arduino-sketch-B326D362C32649AF5CFA55D4076B0AE9/libraries/MPU6050/MPU6050.cpp.o (symbol from plugin): In function `MPU6050::MPU6050(unsigned char)&#39;:
(.text&#43;0x0): multiple definition of `MPU6050::getRate()&#39;
/tmp/arduino-sketch-B326D362C32649AF5CFA55D4076B0AE9/libraries/ClimaStick/MPU6050.cpp.o (symbol from plugin):(.text&#43;0x0): first defined here
/tmp/arduino-sketch-B326D362C32649AF5CFA55D4076B0AE9/libraries/MPU6050/MPU6050.cpp.o (symbol from plugin): In function `MPU6050::MPU6050(unsigned char)&#39;:
(.text&#43;0x0): multiple definition of `MPU6050::setRate(unsigned char)&#39;
/tmp/arduino-sketch-B326D362C32649AF5CFA55D4076B0AE9/libraries/ClimaStick/MPU6050.cpp.o (symbol from plugin):(.text&#43;0x0): first defined here
/tmp/arduino-sketch-B326D362C32649AF5CFA55D4076B0AE9/libraries/MPU6050/MPU6050.cpp.o (symbol from plugin): In function `MPU6050::MPU6050(unsigned char)&#39;:
(.text&#43;0x0): multiple definition of `MPU6050::getExternalFrameSyn</pre>
					
					<h4>examples/MPU6050_raw</h4>
					<p>
						Result: <b>FAIL</b>
					</p>
					<pre class="pre-scrollable">/tmp/arduino-sketch-65C1A05759DB4FDF533CC92DA3E5EAC6/libraries/Grove_IMU_9DOF/I2Cdev.cpp.o (symbol from plugin): In function `I2Cdev::I2Cdev()&#39;:
(.text&#43;0x0): multiple definition of `I2Cdev::I2Cdev()&#39;
/tmp/arduino-sketch-65C1A05759DB4FDF533CC92DA3E5EAC6/libraries/ClimaStick/I2Cdev.cpp.o (symbol from plugin):(.text&#43;0x0): first defined here
/tmp/arduino-sketch-65C1A05759DB4FDF533CC92DA3E5EAC6/libraries/Grove_IMU_9DOF/I2Cdev.cpp.o (symbol from plugin): In function `I2Cdev::I2Cdev()&#39;:
(.text&#43;0x0): multiple definition of `I2Cdev::I2Cdev()&#39;
/tmp/arduino-sketch-65C1A05759DB4FDF533CC92DA3E5EAC6/libraries/ClimaStick/I2Cdev.cpp.o (symbol from plugin):(.text&#43;0x0): first defined here
/tmp/arduino-sketch-65C1A05759DB4FDF533CC92DA3E5EAC6/libraries/Grove_IMU_9DOF/I2Cdev.cpp.o (symbol from plugin): In function `I2Cdev::I2Cdev()&#39;:
(.text&#43;0x0): multiple definition of `I2Cdev::writeBytes(unsigned char, unsigned char, unsigned char, unsigned char*)&#39;
/tmp/arduino-sketch-65C1A05759DB4FDF533CC92DA3E5EAC6/libraries/ClimaStick/I2Cdev.cpp.o (symbol from plugin):(.text&#43;0x0): first defined here
/tmp/arduino-sketch-65C1A05759DB4FDF533CC92DA3E5EAC6/libraries/Grove_IMU_9DOF/I2Cdev.cpp.o (symbol from plugin): In function `I2Cdev::I2Cdev()&#39;:
(.text&#43;0x0): multiple definition of `I2Cdev::writeByte(unsigned char, unsigned char, unsigned char)&#39;
/tmp/arduino-sketch-65C1A05759DB4FDF533CC92DA3E5EAC6/libraries/ClimaStick/I2Cdev.cpp.o (symbol from plugin):(.text&#43;0x0): first defined here
/tmp/arduino-sketch-65C1A05759DB4FDF533CC92DA3E5EAC6/libraries/Grove_IMU_9DOF/I2Cdev.cpp.o (symbol from plugin): In function `I2Cdev::I2Cdev()&#39;:
(.text&#43;0x0): multiple definition of `I2Cdev::writeWords(unsigned char, unsigned char, unsigned char, unsigned int*)&#39;
/tmp/arduino-sketch-65C1A05759DB4FDF533CC92DA3E5EAC6/libraries/ClimaStick/I2Cdev.cpp.o (symbol from plugin):(.text&#43;0x0): first defined here
/tmp/arduino-sketch-65C1A05759DB4FDF533CC92DA3E5EAC6/libraries/Grove_IMU_9DOF/I2Cdev.cpp.o (symbol from plugin): In function `I2Cdev::I2Cdev()&#39;:
(.text&#43;0x0): multiple definition of `I2Cdev::writeWord(unsigned char, unsigned char, unsigned int)&#39;
/tmp/arduino-sketch-65C1A05759DB4FDF533CC92DA3E5EAC6/libraries/ClimaStick/I2Cdev.cpp.o (symbol from plugin):(.text&#43;0x0): first defined here
/tmp/arduino-sketch-65C1A05759DB4FDF533CC92DA3E5EAC6/libraries/Grove_IMU_9DOF/I2Cdev.cpp.o (symbol from plugin): In function `I2Cdev::I2Cdev()&#39;:
(.text&#43;0x0): multiple definition of `I2Cdev::readBytes(unsigned char, unsigned char, unsigned char, unsigned char*, unsigned int)&#39;
/tmp/arduino-sketch-65C1A05759DB4FDF533CC92DA3E5EAC6/libraries/ClimaStick/I2Cdev.cpp.o (symbol from plugin):(.text&#43;0x0): first defined here
/tmp/arduino-sketch-65C1A05759DB4FDF533CC92DA3E5EAC6/libraries/Grove_IMU_9DOF/I2Cdev.cpp.o (symbol from plugin): In function `I2Cdev::I2Cdev()&#39;:
(.text&#43;0x0): multiple definition of `I2Cdev::readByte(unsigned char, unsigned char, unsigned char*, unsigned int)&#39;
/tmp/arduino-sketch-65C1A05759DB4FDF533CC92DA3E5EAC6/libraries/ClimaStick/I2Cdev.cpp.o (symbol from plugin):(.text&#43;0x0): first defined here
/tmp/arduino-sketch-65C1A05759DB4FDF533CC92DA3E5EAC6/libraries/Grove_IMU_9DOF/I2Cdev.cpp.o (symbol from plugin): In function `I2Cdev::I2Cdev()&#39;:
(.text&#43;0x0): multiple definition of `I2Cdev::readBit(unsigned char, unsigned char, unsigned char, unsigned char*, unsigned int)&#39;
/tmp/arduino-sketch-65C1A05759DB4FDF533CC92DA3E5EAC6/libraries/ClimaStick/I2Cdev.cpp.o (symbol from plugin):(.text&#43;0x0): first defined here
/tmp/arduino-sketch-65C1A05759DB4FDF533CC92DA3E5EAC6/libraries/Grove_IMU_9DOF/I2Cdev.cpp.o (symbol from plugin): In function `I2Cdev::I2Cdev()&#39;:
(.text&#43;0x0): multiple definition of `I2Cdev::readBits(unsigned char, unsigned char, unsigned char, unsigned char, unsigned char*, unsigned int)&#39;
/tmp/arduino-sketch-65C1A05759DB4FDF533CC92DA3E5EAC6/libraries/ClimaStick/I2Cdev.cpp.o (symbol from plugin):(.text&#43;0x0): first defined here
/tmp/arduino-sketch-65C1A05759DB4FDF533CC92DA3E5EAC6/libraries/Grove_IMU_9DOF/I2Cdev.cpp.o (symbol from plugin): In function `I2Cdev::I2Cdev()&#39;:
(.text&#43;0x0): multiple definition of `I2Cdev::writeBit(unsigned char, unsigned char, unsigned char, unsigned char)&#39;
/tmp/arduino-sketch-65C1A05759DB4FDF533CC92DA3E5EAC6/libraries/ClimaStick/I2Cdev.cpp.o (symbol from plugin):(.text&#43;0x0): first defined here
/tmp/arduino-sketch-65C1A05759DB4FDF533CC92DA3E5EAC6/libraries/Grove_IMU_9DOF/I2Cdev.cpp.o (symbol from plugin): In function `I2Cdev::I2Cdev()&#39;:
(.text&#43;0x0): multiple definition of `I2Cdev::readTimeout&#39;
/tmp/arduino-sketch-65C1A05759DB4FDF533CC92DA3E5EAC6/libraries/ClimaStick/I2Cdev.cpp.o (symbol from plugin):(.text&#43;0x0): first defined here
/tmp/arduino-sketch-65C1A05759DB4FDF533CC92DA3E5EAC6/libraries/Grove_IMU_9DOF/I2Cdev.cpp.o (symbol from plugin): In function `I2Cdev::I2Cdev()&#39;:
(.text&#43;0x0): multiple definition of `I2Cdev::writeBits(unsigned char, unsigned char, unsigned char, unsigned char, unsigned char)&#39;
/tmp/arduino-sketch-65C1A05759DB4FDF533CC92DA3E5EAC6/libraries/ClimaStick/I2Cdev.cpp.o (symbol from plugin):(.text&#43;0x0): first defined here
/tmp/arduino-sketch-65C1A05759DB4FDF533CC92DA3E5EAC6/libraries/Grove_IMU_9DOF/I2Cdev.cpp.o (symbol from plugin): In function `I2Cdev::I2Cdev()&#39;:
(.text&#43;0x0): multiple definition of `I2Cdev::readWords(unsigned char, unsigned char, unsigned char, unsigned int*, unsigned int)&#39;
/tmp/arduino-sketch-65C1A05759DB4FDF533CC92DA3E5EAC6/libraries/ClimaStick/I2Cdev.cpp.o (symbol from plugin):(.text&#43;0x0): first defined here
/tmp/arduino-sketch-65C1A05759DB4FDF533CC92DA3E5EAC6/libraries/Grove_IMU_9DOF/I2Cdev.cpp.o (symbol from plugin): In function `I2Cdev::I2Cdev()&#39;:
(.text&#43;0x0): multiple definition of `I2Cdev::readWord(unsigned char, unsigned char, unsigned int*, unsigned int)&#39;
/tmp/arduino-sketch-65C1A05759DB4FDF533CC92DA3E5EAC6/libraries/ClimaStick/I2Cdev.cpp.o (symbol from plugin):(.text&#43;0x0): first defined here
/tmp/arduino-sketch-65C1A05759DB4FDF533CC92DA3E5EAC6/libraries/Grove_IMU_9DOF/I2Cdev.cpp.o (symbol from plugin): In function `I2Cdev::I2Cdev()&#39;:
(.text&#43;0x0): multiple definition of `I2Cdev::readBitW(unsigned char, unsigned char, unsigned char, unsigned int*, unsigned int)&#39;
/tmp/arduino-sketch-65C1A05759DB4FDF533CC92DA3E5EAC6/libraries/ClimaStick/I2Cdev.cpp.o (symbol from plugin):(.text&#43;0x0): first defined here
/tmp/arduino-sketch-65C1A05759DB4FDF533CC92DA3E5EAC6/libraries/Grove_IMU_9DOF/I2Cdev.cpp.o (symbol from plugin): In function `I2Cdev::I2Cdev()&#39;:
(.text&#43;0x0): multiple definition of `I2Cdev::readBitsW(unsigned char, unsigned char, unsigned char, unsigned char, unsigned int*, unsigned int)&#39;
/tmp/arduino-sketch-65C1A05759DB4FDF533CC92DA3E5EAC6/libraries/ClimaStick/I2Cdev.cpp.o (symbol from plugin):(.text&#43;0x0): first defined here
/tmp/arduino-sketch-65C1A05759DB4FDF533CC92DA3E5EAC6/libraries/Grove_IMU_9DOF/I2Cdev.cpp.o (symbol from plugin): In function `I2Cdev::I2Cdev()&#39;:
(.text&#43;0x0): multiple definition of `I2Cdev::writeBitW(unsigned char, unsigned char, unsigned char, unsigned int)&#39;
/tmp/arduino-sketch-65C1A05759DB4FDF533CC92DA3E5EAC6/libraries/ClimaStick/I2Cdev.cpp.o (symbol from plugin):(.text&#43;0x0): first defined here
/tmp/arduino-sketch-65C1A05759DB4FDF533CC92DA3E5EAC6/libraries/Grove_IMU_9DOF/I2Cdev.cpp.o (symbol from plugin): In function `I2Cdev::I2Cdev()&#39;:
(.text&#43;0x0): multiple definition of `I2Cdev::writeBitsW(unsigned char, unsigned char, unsigned char, unsigned char, unsigned int)&#39;
/tmp/arduino-sketch-65C1A05759DB4FDF533CC92DA3E5EAC6/libraries/ClimaStick/I2Cdev.cpp.o (symbol from plugin):(.text&#43;0x0): first defined here
/tmp/arduino-sketch-65C1A05759DB4FDF533CC92DA3E5EAC6/libraries/Grove_IMU_9DOF/MPU6050.cpp.o (symbol from plugin): In function `MPU6050::MPU6050()&#39;:
(.text&#43;0x0): multiple definition of `MPU6050::MPU6050()&#39;
/tmp/arduino-sketch-65C1A05759DB4FDF533CC92DA3E5EAC6/libraries/ClimaStick/MPU6050.cpp.o (symbol from plugin):(.text&#43;0x0): first defined here
/tmp/arduino-sketch-65C1A05759DB4FDF533CC92DA3E5EAC6/libraries/Grove_IMU_9DOF/MPU6050.cpp.o (symbol from plugin): In function `MPU6050::MPU6050()&#39;:
(.text&#43;0x0): multiple definition of `MPU6050::MPU6050()&#39;
/tmp/arduino-sketch-65C1A05759DB4FDF533CC92DA3E5EAC6/libraries/ClimaStick/MPU6050.cpp.o (symbol from plugin):(.text&#43;0x0): first defined here
/tmp/arduino-sketch-65C1A05759DB4FDF533CC92DA3E5EAC6/libraries/Grove_IMU_9DOF/MPU6050.cpp.o (symbol from plugin): In function `MPU6050::MPU6050()&#39;:
(.text&#43;0x0): multiple definition of `MPU6050::MPU6050(unsigned char)&#39;
/tmp/arduino-sketch-65C1A05759DB4FDF533CC92DA3E5EAC6/libraries/ClimaStick/MPU6050.cpp.o (symbol from plugin):(.text&#43;0x0): first defined here
/tmp/arduino-sketch-65C1A05759DB4FDF533CC92DA3E5EAC6/libraries/Grove_IMU_9DOF/MPU6050.cpp.o (symbol from plugin): In function `MPU6050::MPU6050()&#39;:
(.text&#43;0x0): multiple definition of `MPU6050::MPU6050(unsigned char)&#39;
/tmp/arduino-sketch-65C1A05759DB4FDF533CC92DA3E5EAC6/libraries/ClimaStick/MPU6050.cpp.o (symbol from plugin):(.text&#43;0x0): first defined here
/tmp/arduino-sketch-65C1A05759DB4FDF533CC92DA3E5EAC6/libraries/Grove_IMU_9DOF/MPU6050.cpp.o (symbol from plugin): In function `MPU6050::MPU6050()&#39;:
(.text&#43;0x0): multiple definition of `MPU6050::getAuxVDDIOLevel()&#39;
/tmp/arduino-sketch-65C1A05759DB4FDF533CC92DA3E5EAC6/libraries/ClimaStick/MPU6050.cpp.o (symbol from plugin):(.text&#43;0x0): first defined here
/tmp/arduino-sketch-65C1A05759DB4FDF533CC92DA3E5EAC6/libraries/Grove_IMU_9DOF/MPU6050.cpp.o (symbol from plugin): In function `MPU6050::MPU6050()&#39;:
(.text&#43;0x0): multiple definition of `MPU6050::setAuxVDDIOLevel(unsigned char)&#39;
/tmp/arduino-sketch-65C1A05759DB4FDF533CC92DA3E5EAC6/libraries/ClimaStick/MPU6050.cpp.o (symbol from plugin):(.text&#43;0x0): first defined here
/tmp/arduino-sketch-65C1A05759DB4FDF533CC92DA3E5EAC6/libraries/Grove_IMU_9DOF/MPU6050.cpp.o (symbol from plugin): In function `MPU6050::MPU6050()&#39;:
(.text&#43;0x0): multiple definition of `MPU6050::getRate()&#39;
/tmp/arduino-sketch-65C1A05759DB4FDF533CC92DA3E5EAC6/libraries/ClimaStick/MPU6050.cpp.o (symbol from plugin):(.te</pre>
					
				
				<h3 id="arduino:samd:mkrwifi1010">arduino:samd:mkrwifi1010 @ 1.8.12</h3>
				<h4>Inclusion</h4>
				<p>
					Result: <b>PASS</b>
					
				</p>
				<pre class="pre-scrollable">Sketch uses 13584 bytes (5%) of program storage space. Maximum is 262144 bytes.
Global variables use 3568 bytes (10%) of dynamic memory, leaving 29200 bytes for local variables. Maximum is 32768 bytes.
</pre>

					
					<h4>examples/IMU_Zero</h4>
					<p>
						Result: <b>PASS</b>
					</p>
					<pre class="pre-scrollable">Sketch uses 39100 bytes (14%) of program storage space. Maximum is 262144 bytes.
Global variables use 4104 bytes (12%) of dynamic memory, leaving 28664 bytes for local variables. Maximum is 32768 bytes.
</pre>
					
					<h4>examples/MPU6050_DMP6</h4>
					<p>
						Result: <b>PASS</b>
					</p>
					<pre class="pre-scrollable">Sketch uses 44900 bytes (17%) of program storage space. Maximum is 262144 bytes.
Global variables use 4252 bytes (12%) of dynamic memory, leaving 28516 bytes for local variables. Maximum is 32768 bytes.
</pre>
					
					<h4>examples/MPU6050_DMP6_ESPWiFi</h4>
					<p>
						Result: <b>FAIL</b>
					</p>
					<pre class="pre-scrollable">/home/ec2-user/arduino-testlib/cli-datadir/user/libraries/Seeed_Arduino_rpcWiFi/src/DNSServer.cpp:2:10: fatal error: lwip/def.h: No such file or directory
 #include &lt;lwip/def.h&gt;
          ^~~~~~~~~~~~
compilation terminated.
Multiple libraries were found for &#34;WiFiManager.h&#34;
  Used: /home/ec2-user/arduino-testlib/cli-datadir/user/libraries/WiFiManager
  Not used: /home/ec2-user/arduino-testlib/cli-datadir/user/libraries/WhareHauoraWiFiManager
Multiple libraries were found for &#34;I2Cdev.h&#34;
  Used: /home/ec2-user/arduino-testlib/cli-datadir/user/libraries/MPU6050
  Not used: /home/ec2-user/arduino-testlib/cli-datadir/user/libraries/Grove_-_Motor_Driver_TB6612FNG
  Not used: /home/ec2-user/arduino-testlib/cli-datadir/user/libraries/Grove_IMU_9DOF
  Not used: /home/ec2-user/arduino-testlib/cli-datadir/user/libraries/ClimaStick
  Not used: /home/ec2-user/arduino-testlib/cli-datadir/user/libraries/Seeed-PCA9685
Multiple libraries were found for &#34;WiFi.h&#34;
  Used: /home/ec2-user/arduino-testlib/cli-datadir/user/libraries/WiFi
  Not used: /home/ec2-user/arduino-testlib/cli-datadir/user/libraries/WiFiNINA
  Not used: /home/ec2-user/arduino-testlib/cli-datadir/user/libraries/Seeed_Arduino_rpcWiFi
  Not used: /home/ec2-user/arduino-testlib/cli-datadir/user/libraries/WiFiEspAT
</pre>
					
					<h4>examples/MPU6050_DMP6_Ethernet</h4>
					<p>
						Result: <b>FAIL</b>
					</p>
					<pre class="pre-scrollable">/home/ec2-user/arduino-testlib/cli-datadir/user/libraries/MPU6050/examples/MPU6050_DMP6_Ethernet/MPU6050_DMP6_Ethernet.ino:48:10: fatal error: avr/wdt.h: No such file or directory
 #include &#34;avr/wdt.h&#34;// Watchdog library
          ^~~~~~~~~~~
compilation terminated.
Multiple libraries were found for &#34;I2Cdev.h&#34;
  Used: /home/ec2-user/arduino-testlib/cli-datadir/user/libraries/MPU6050
  Not used: /home/ec2-user/arduino-testlib/cli-datadir/user/libraries/Grove_-_Motor_Driver_TB6612FNG
  Not used: /home/ec2-user/arduino-testlib/cli-datadir/user/libraries/Seeed-PCA9685
  Not used: /home/ec2-user/arduino-testlib/cli-datadir/user/libraries/Grove_IMU_9DOF
  Not used: /home/ec2-user/arduino-testlib/cli-datadir/user/libraries/ClimaStick
Multiple libraries were found for &#34;Ethernet.h&#34;
  Used: /home/ec2-user/arduino-testlib/cli-datadir/user/libraries/Ethernet
  Not used: /home/ec2-user/arduino-testlib/cli-datadir/user/libraries/EthernetENC
  Not used: /home/ec2-user/arduino-testlib/cli-datadir/user/libraries/UIPEthernet
</pre>
					
					<h4>examples/MPU6050_DMP6_using_DMP_V6v12</h4>
					<p>
						Result: <b>PASS</b>
					</p>
					<pre class="pre-scrollable">Sketch uses 45860 bytes (17%) of program storage space. Maximum is 262144 bytes.
Global variables use 4260 bytes (13%) of dynamic memory, leaving 28508 bytes for local variables. Maximum is 32768 bytes.
</pre>
					
					<h4>examples/MPU6050_raw</h4>
					<p>
						Result: <b>PASS</b>
					</p>
					<pre class="pre-scrollable">Sketch uses 15096 bytes (5%) of program storage space. Maximum is 262144 bytes.
Global variables use 3616 bytes (11%) of dynamic memory, leaving 29152 bytes for local variables. Maximum is 32768 bytes.
</pre>
					
				
				<h3 id="esp32:esp32:d1_mini32">esp32:esp32:d1_mini32 @ 1.0.6</h3>
				<h4>Inclusion</h4>
				<p>
					Result: <b>PASS</b>
					
				</p>
				<pre class="pre-scrollable">Sketch uses 210806 bytes (16%) of program storage space. Maximum is 1310720 bytes.
Global variables use 13976 bytes (4%) of dynamic memory, leaving 313704 bytes for local variables. Maximum is 327680 bytes.
</pre>

					
					<h4>examples/IMU_Zero</h4>
					<p>
						Result: <b>PASS</b>
					</p>
					<pre class="pre-scrollable">Sketch uses 225802 bytes (17%) of program storage space. Maximum is 1310720 bytes.
Global variables use 14328 bytes (4%) of dynamic memory, leaving 313352 bytes for local variables. Maximum is 327680 bytes.
</pre>
					
					<h4>examples/MPU6050_DMP6</h4>
					<p>
						Result: <b>PASS</b>
					</p>
					<pre class="pre-scrollable">Sketch uses 231722 bytes (17%) of program storage space. Maximum is 1310720 bytes.
Global variables use 14808 bytes (4%) of dynamic memory, leaving 312872 bytes for local variables. Maximum is 327680 bytes.
</pre>
					
					<h4>examples/MPU6050_DMP6_ESPWiFi</h4>
					<p>
						Result: <b>PASS</b>
					</p>
					<pre class="pre-scrollable">Sketch uses 837158 bytes (63%) of program storage space. Maximum is 1310720 bytes.
Global variables use 40456 bytes (12%) of dynamic memory, leaving 287224 bytes for local variables. Maximum is 327680 bytes.
</pre>
					
					<h4>examples/MPU6050_DMP6_Ethernet</h4>
					<p>
						Result: <b>FAIL</b>
					</p>
					<pre class="pre-scrollable">/home/ec2-user/arduino-testlib/cli-datadir/user/libraries/MPU6050/examples/MPU6050_DMP6_Ethernet/MPU6050_DMP6_Ethernet.ino:48:40: fatal error: avr/wdt.h: No such file or directory
compilation terminated.
Multiple libraries were found for &#34;Ethernet.h&#34;
  Used: /home/ec2-user/arduino-testlib/cli-datadir/user/libraries/Ethernet
  Not used: /home/ec2-user/arduino-testlib/cli-datadir/user/libraries/UIPEthernet
  Not used: /home/ec2-user/arduino-testlib/cli-datadir/user/libraries/EthernetENC
Multiple libraries were found for &#34;I2Cdev.h&#34;
  Used: /home/ec2-user/arduino-testlib/cli-datadir/user/libraries/MPU6050
  Not used: /home/ec2-user/arduino-testlib/cli-datadir/user/libraries/Grove_-_Motor_Driver_TB6612FNG
  Not used: /home/ec2-user/arduino-testlib/cli-datadir/user/libraries/Seeed-PCA9685
  Not used: /home/ec2-user/arduino-testlib/cli-datadir/user/libraries/Grove_IMU_9DOF
  Not used: /home/ec2-user/arduino-testlib/cli-datadir/user/libraries/ClimaStick
</pre>
					
					<h4>examples/MPU6050_DMP6_using_DMP_V6v12</h4>
					<p>
						Result: <b>PASS</b>
					</p>
					<pre class="pre-scrollable">Sketch uses 232678 bytes (17%) of program storage space. Maximum is 1310720 bytes.
Global variables use 14808 bytes (4%) of dynamic memory, leaving 312872 bytes for local variables. Maximum is 327680 bytes.
</pre>
					
					<h4>examples/MPU6050_raw</h4>
					<p>
						Result: <b>PASS</b>
					</p>
					<pre class="pre-scrollable">Sketch uses 221382 bytes (16%) of program storage space. Maximum is 1310720 bytes.
Global variables use 14192 bytes (4%) of dynamic memory, leaving 313488 bytes for local variables. Maximum is 327680 bytes.
</pre>
					
				
			</div>
		</div>
	</div>
  </body>
</html>
