
<!doctype html>
<html lang="en">
  <head>
    <meta charset="utf-8">
    <meta name="viewport" content="width=device-width, initial-scale=1">
    <link href="https://cdn.jsdelivr.net/npm/bootstrap@5.0.2/dist/css/bootstrap.min.css" rel="stylesheet" integrity="sha384-EVSTQN3/azprG1Anm3QDgpJLIm9Nao0Yz1ztcQTwFspd3yD65VohhpuuCOmLASjC" crossorigin="anonymous">
    <title>arduino-testlib report</title>
	<style>
	.pass { background-color: #00FF00 !important; }
	.fail { background-color: #FF0000 !important; }
	</style>
  </head>
  <body>
	<div class="container">
		<div class="row">
			<div class="col">
				<h1>MteCore - compatibility matrix</h1>
				<p>
					<small>This report was generated on Wednesday, 23-Feb-22 22:48:15 CET using 
					<a href="https://github.com/alranel/arduino-testlib">arduino-testlib</a>.</small>
				</p>

				<h2>MteCore</h2>
				<p>
					Version: <b>1.0.0</b>
					<br />
					<a href="https://www.arduino.cc/reference/en/libraries/mtecore/">More details</a>
				</p>

				<h2>Compatibility matrix</h2>
				<table class="table table-bordered">
					<tr>
						<th>Board</th>
						<th>Claims compatibility</th>
						<th>Inclusion</th>
						
						<th><pre>PWM_SmoothPWM_Example</pre></th>
						
						<th><pre>TimerEvent_AdvancedPulse_Example</pre></th>
						
						<th><pre>OutputEvent_Example</pre></th>
						
						<th><pre>Counter_Example</pre></th>
						
						<th><pre>InputEvent_Example</pre></th>
						
						<th><pre>InputEvent_setDebounceDelay_Example</pre></th>
						
						<th><pre>Options_Example</pre></th>
						
						<th><pre>PWM_Example</pre></th>
						
						<th><pre>TimerEvent_Example</pre></th>
						
						<th><pre>Analog_Example</pre></th>
						
					</tr>
					
					<tr>
						<td>
							<a href="#arduino%3aavr%3auno"><b>arduino:avr:uno</b></a>
							<br />
							<small>1.8.4</small>
						</td>

						
							<td>Yes</td>
							<td class="pass">PASS</td>
						
						
						
						

						
							
								
									
										
									
										
									
										
									
										
									
										
									
										
									
										
									
										
											<td class="pass">PASS</td>
											
										
									
										
									
										
									
								
							
								
							
								
							
								
							
								
							
						
							
								
									
										
									
										
									
										
									
										
									
										
									
										
									
										
									
										
									
										
											<td class="pass">PASS</td>
											
										
									
										
									
								
							
								
							
								
							
								
							
								
							
						
							
								
									
										
									
										
									
										
									
										
									
										
									
										
											<td class="pass">PASS</td>
											
										
									
										
									
										
									
										
									
										
									
								
							
								
							
								
							
								
							
								
							
						
							
								
									
										
									
										
											<td class="pass">PASS</td>
											
										
									
										
									
										
									
										
									
										
									
										
									
										
									
										
									
										
									
								
							
								
							
								
							
								
							
								
							
						
							
								
									
										
									
										
									
										
											<td class="pass">PASS</td>
											
										
									
										
									
										
									
										
									
										
									
										
									
										
									
										
									
								
							
								
							
								
							
								
							
								
							
						
							
								
									
										
									
										
									
										
									
										
											<td class="pass">PASS</td>
											
										
									
										
									
										
									
										
									
										
									
										
									
										
									
								
							
								
							
								
							
								
							
								
							
						
							
								
									
										
									
										
									
										
									
										
									
										
											<td class="pass">PASS</td>
											
										
									
										
									
										
									
										
									
										
									
										
									
								
							
								
							
								
							
								
							
								
							
						
							
								
									
										
									
										
									
										
									
										
									
										
									
										
									
										
											<td class="pass">PASS</td>
											
										
									
										
									
										
									
										
									
								
							
								
							
								
							
								
							
								
							
						
							
								
									
										
									
										
									
										
									
										
									
										
									
										
									
										
									
										
									
										
									
										
											<td class="pass">PASS</td>
											
										
									
								
							
								
							
								
							
								
							
								
							
						
							
								
									
										
											<td class="pass">PASS</td>
											
										
									
										
									
										
									
										
									
										
									
										
									
										
									
										
									
										
									
										
									
								
							
								
							
								
							
								
							
								
							
						
					</tr>
					
					<tr>
						<td>
							<a href="#arduino%3ambed_nano%3ananorp2040connect"><b>arduino:mbed_nano:nanorp2040connect</b></a>
							<br />
							<small>2.7.2</small>
						</td>

						
						
						
							<td>Yes ⚠️</td>
							<td class="fail">FAIL</td>
						
						

						
							
								
							
								
									
										
									
										
									
										
									
										
									
										
									
										
									
										
									
										
											
											<td class="fail">FAIL</td>
										
									
										
									
										
									
								
							
								
							
								
							
								
							
						
							
								
							
								
									
										
									
										
									
										
									
										
									
										
									
										
									
										
									
										
									
										
											
											<td class="fail">FAIL</td>
										
									
										
									
								
							
								
							
								
							
								
							
						
							
								
							
								
									
										
									
										
									
										
									
										
									
										
									
										
											
											<td class="fail">FAIL</td>
										
									
										
									
										
									
										
									
										
									
								
							
								
							
								
							
								
							
						
							
								
							
								
									
										
									
										
											
											<td class="fail">FAIL</td>
										
									
										
									
										
									
										
									
										
									
										
									
										
									
										
									
										
									
								
							
								
							
								
							
								
							
						
							
								
							
								
									
										
									
										
									
										
											
											<td class="fail">FAIL</td>
										
									
										
									
										
									
										
									
										
									
										
									
										
									
										
									
								
							
								
							
								
							
								
							
						
							
								
							
								
									
										
									
										
									
										
									
										
											
											<td class="fail">FAIL</td>
										
									
										
									
										
									
										
									
										
									
										
									
										
									
								
							
								
							
								
							
								
							
						
							
								
							
								
									
										
									
										
									
										
									
										
									
										
											
											<td class="fail">FAIL</td>
										
									
										
									
										
									
										
									
										
									
										
									
								
							
								
							
								
							
								
							
						
							
								
							
								
									
										
									
										
									
										
									
										
									
										
									
										
									
										
											
											<td class="fail">FAIL</td>
										
									
										
									
										
									
										
									
								
							
								
							
								
							
								
							
						
							
								
							
								
									
										
									
										
									
										
									
										
									
										
									
										
									
										
									
										
									
										
									
										
											
											<td class="fail">FAIL</td>
										
									
								
							
								
							
								
							
								
							
						
							
								
							
								
									
										
											
											<td class="fail">FAIL</td>
										
									
										
									
										
									
										
									
										
									
										
									
										
									
										
									
										
									
										
									
								
							
								
							
								
							
								
							
						
					</tr>
					
					<tr>
						<td>
							<a href="#arduino%3amegaavr%3anona4809"><b>arduino:megaavr:nona4809</b></a>
							<br />
							<small>1.8.7</small>
						</td>

						
							<td>Yes</td>
							<td class="pass">PASS</td>
						
						
						
						

						
							
								
							
								
							
								
									
										
									
										
									
										
									
										
									
										
									
										
									
										
									
										
											<td class="pass">PASS</td>
											
										
									
										
									
										
									
								
							
								
							
								
							
						
							
								
							
								
							
								
									
										
									
										
									
										
									
										
									
										
									
										
									
										
									
										
									
										
											<td class="pass">PASS</td>
											
										
									
										
									
								
							
								
							
								
							
						
							
								
							
								
							
								
									
										
									
										
									
										
									
										
									
										
									
										
											<td class="pass">PASS</td>
											
										
									
										
									
										
									
										
									
										
									
								
							
								
							
								
							
						
							
								
							
								
							
								
									
										
									
										
											<td class="pass">PASS</td>
											
										
									
										
									
										
									
										
									
										
									
										
									
										
									
										
									
										
									
								
							
								
							
								
							
						
							
								
							
								
							
								
									
										
									
										
									
										
											<td class="pass">PASS</td>
											
										
									
										
									
										
									
										
									
										
									
										
									
										
									
										
									
								
							
								
							
								
							
						
							
								
							
								
							
								
									
										
									
										
									
										
									
										
											<td class="pass">PASS</td>
											
										
									
										
									
										
									
										
									
										
									
										
									
										
									
								
							
								
							
								
							
						
							
								
							
								
							
								
									
										
									
										
									
										
									
										
									
										
											<td class="pass">PASS</td>
											
										
									
										
									
										
									
										
									
										
									
										
									
								
							
								
							
								
							
						
							
								
							
								
							
								
									
										
									
										
									
										
									
										
									
										
									
										
									
										
											<td class="pass">PASS</td>
											
										
									
										
									
										
									
										
									
								
							
								
							
								
							
						
							
								
							
								
							
								
									
										
									
										
									
										
									
										
									
										
									
										
									
										
									
										
									
										
									
										
											<td class="pass">PASS</td>
											
										
									
								
							
								
							
								
							
						
							
								
							
								
							
								
									
										
											<td class="pass">PASS</td>
											
										
									
										
									
										
									
										
									
										
									
										
									
										
									
										
									
										
									
										
									
								
							
								
							
								
							
						
					</tr>
					
					<tr>
						<td>
							<a href="#arduino%3asamd%3amkrwifi1010"><b>arduino:samd:mkrwifi1010</b></a>
							<br />
							<small>1.8.12</small>
						</td>

						
						
						
							<td>Yes ⚠️</td>
							<td class="fail">FAIL</td>
						
						

						
							
								
							
								
							
								
							
								
									
										
									
										
									
										
									
										
									
										
									
										
									
										
									
										
											
											<td class="fail">FAIL</td>
										
									
										
									
										
									
								
							
								
							
						
							
								
							
								
							
								
							
								
									
										
									
										
									
										
									
										
									
										
									
										
									
										
									
										
									
										
											
											<td class="fail">FAIL</td>
										
									
										
									
								
							
								
							
						
							
								
							
								
							
								
							
								
									
										
									
										
									
										
									
										
									
										
									
										
											
											<td class="fail">FAIL</td>
										
									
										
									
										
									
										
									
										
									
								
							
								
							
						
							
								
							
								
							
								
							
								
									
										
									
										
											
											<td class="fail">FAIL</td>
										
									
										
									
										
									
										
									
										
									
										
									
										
									
										
									
										
									
								
							
								
							
						
							
								
							
								
							
								
							
								
									
										
									
										
									
										
											
											<td class="fail">FAIL</td>
										
									
										
									
										
									
										
									
										
									
										
									
										
									
										
									
								
							
								
							
						
							
								
							
								
							
								
							
								
									
										
									
										
									
										
									
										
											
											<td class="fail">FAIL</td>
										
									
										
									
										
									
										
									
										
									
										
									
										
									
								
							
								
							
						
							
								
							
								
							
								
							
								
									
										
									
										
									
										
									
										
									
										
											
											<td class="fail">FAIL</td>
										
									
										
									
										
									
										
									
										
									
										
									
								
							
								
							
						
							
								
							
								
							
								
							
								
									
										
									
										
									
										
									
										
									
										
									
										
									
										
											
											<td class="fail">FAIL</td>
										
									
										
									
										
									
										
									
								
							
								
							
						
							
								
							
								
							
								
							
								
									
										
									
										
									
										
									
										
									
										
									
										
									
										
									
										
									
										
									
										
											
											<td class="fail">FAIL</td>
										
									
								
							
								
							
						
							
								
							
								
							
								
							
								
									
										
											
											<td class="fail">FAIL</td>
										
									
										
									
										
									
										
									
										
									
										
									
										
									
										
									
										
									
										
									
								
							
								
							
						
					</tr>
					
					<tr>
						<td>
							<a href="#esp32%3aesp32%3ad1_mini32"><b>esp32:esp32:d1_mini32</b></a>
							<br />
							<small>1.0.6</small>
						</td>

						
						
						
							<td>Yes ⚠️</td>
							<td class="fail">FAIL</td>
						
						

						
							
								
							
								
							
								
							
								
							
								
									
										
									
										
									
										
									
										
									
										
									
										
									
										
									
										
											
											<td class="fail">FAIL</td>
										
									
										
									
										
									
								
							
						
							
								
							
								
							
								
							
								
							
								
									
										
									
										
									
										
									
										
									
										
									
										
									
										
									
										
									
										
											
											<td class="fail">FAIL</td>
										
									
										
									
								
							
						
							
								
							
								
							
								
							
								
							
								
									
										
									
										
									
										
									
										
									
										
									
										
											
											<td class="fail">FAIL</td>
										
									
										
									
										
									
										
									
										
									
								
							
						
							
								
							
								
							
								
							
								
							
								
									
										
									
										
											
											<td class="fail">FAIL</td>
										
									
										
									
										
									
										
									
										
									
										
									
										
									
										
									
										
									
								
							
						
							
								
							
								
							
								
							
								
							
								
									
										
									
										
									
										
											
											<td class="fail">FAIL</td>
										
									
										
									
										
									
										
									
										
									
										
									
										
									
										
									
								
							
						
							
								
							
								
							
								
							
								
							
								
									
										
									
										
									
										
									
										
											
											<td class="fail">FAIL</td>
										
									
										
									
										
									
										
									
										
									
										
									
										
									
								
							
						
							
								
							
								
							
								
							
								
							
								
									
										
									
										
									
										
									
										
									
										
											
											<td class="fail">FAIL</td>
										
									
										
									
										
									
										
									
										
									
										
									
								
							
						
							
								
							
								
							
								
							
								
							
								
									
										
									
										
									
										
									
										
									
										
									
										
									
										
											
											<td class="fail">FAIL</td>
										
									
										
									
										
									
										
									
								
							
						
							
								
							
								
							
								
							
								
							
								
									
										
									
										
									
										
									
										
									
										
									
										
									
										
									
										
									
										
									
										
											
											<td class="fail">FAIL</td>
										
									
								
							
						
							
								
							
								
							
								
							
								
							
								
									
										
											
											<td class="fail">FAIL</td>
										
									
										
									
										
									
										
									
										
									
										
									
										
									
										
									
										
									
										
									
								
							
						
					</tr>
					
				</table>

				<h2>Compilation logs</h2>
				
				<h3 id="arduino:avr:uno">arduino:avr:uno @ 1.8.4</h3>
				<h4>Inclusion</h4>
				<p>
					Result: <b>PASS</b>
					
				</p>
				<pre class="pre-scrollable">Sketch uses 1908 bytes (5%) of program storage space. Maximum is 32256 bytes.
Global variables use 435 bytes (21%) of dynamic memory, leaving 1613 bytes for local variables. Maximum is 2048 bytes.
</pre>

					
					<h4>examples/Analog_Example</h4>
					<p>
						Result: <b>PASS</b>
					</p>
					<pre class="pre-scrollable">Sketch uses 4028 bytes (12%) of program storage space. Maximum is 32256 bytes.
Global variables use 602 bytes (29%) of dynamic memory, leaving 1446 bytes for local variables. Maximum is 2048 bytes.
</pre>
					
					<h4>examples/Counter_Example</h4>
					<p>
						Result: <b>PASS</b>
					</p>
					<pre class="pre-scrollable">Sketch uses 4214 bytes (13%) of program storage space. Maximum is 32256 bytes.
Global variables use 664 bytes (32%) of dynamic memory, leaving 1384 bytes for local variables. Maximum is 2048 bytes.
</pre>
					
					<h4>examples/InputEvent_Example</h4>
					<p>
						Result: <b>PASS</b>
					</p>
					<pre class="pre-scrollable">Sketch uses 4422 bytes (13%) of program storage space. Maximum is 32256 bytes.
Global variables use 956 bytes (46%) of dynamic memory, leaving 1092 bytes for local variables. Maximum is 2048 bytes.
</pre>
					
					<h4>examples/InputEvent_setDebounceDelay_Example</h4>
					<p>
						Result: <b>PASS</b>
					</p>
					<pre class="pre-scrollable">Sketch uses 4032 bytes (12%) of program storage space. Maximum is 32256 bytes.
Global variables use 734 bytes (35%) of dynamic memory, leaving 1314 bytes for local variables. Maximum is 2048 bytes.
</pre>
					
					<h4>examples/Options_Example</h4>
					<p>
						Result: <b>PASS</b>
					</p>
					<pre class="pre-scrollable">Sketch uses 1908 bytes (5%) of program storage space. Maximum is 32256 bytes.
Global variables use 435 bytes (21%) of dynamic memory, leaving 1613 bytes for local variables. Maximum is 2048 bytes.
</pre>
					
					<h4>examples/OutputEvent_Example</h4>
					<p>
						Result: <b>PASS</b>
					</p>
					<pre class="pre-scrollable">Sketch uses 4222 bytes (13%) of program storage space. Maximum is 32256 bytes.
Global variables use 679 bytes (33%) of dynamic memory, leaving 1369 bytes for local variables. Maximum is 2048 bytes.
</pre>
					
					<h4>examples/PWM_Example</h4>
					<p>
						Result: <b>PASS</b>
					</p>
					<pre class="pre-scrollable">Sketch uses 4550 bytes (14%) of program storage space. Maximum is 32256 bytes.
Global variables use 604 bytes (29%) of dynamic memory, leaving 1444 bytes for local variables. Maximum is 2048 bytes.
</pre>
					
					<h4>examples/PWM_SmoothPWM_Example</h4>
					<p>
						Result: <b>PASS</b>
					</p>
					<pre class="pre-scrollable">Sketch uses 5098 bytes (15%) of program storage space. Maximum is 32256 bytes.
Global variables use 604 bytes (29%) of dynamic memory, leaving 1444 bytes for local variables. Maximum is 2048 bytes.
</pre>
					
					<h4>examples/TimerEvent_AdvancedPulse_Example</h4>
					<p>
						Result: <b>PASS</b>
					</p>
					<pre class="pre-scrollable">Sketch uses 3260 bytes (10%) of program storage space. Maximum is 32256 bytes.
Global variables use 625 bytes (30%) of dynamic memory, leaving 1423 bytes for local variables. Maximum is 2048 bytes.
</pre>
					
					<h4>examples/TimerEvent_Example</h4>
					<p>
						Result: <b>PASS</b>
					</p>
					<pre class="pre-scrollable">Sketch uses 4908 bytes (15%) of program storage space. Maximum is 32256 bytes.
Global variables use 762 bytes (37%) of dynamic memory, leaving 1286 bytes for local variables. Maximum is 2048 bytes.
</pre>
					
				
				<h3 id="arduino:mbed_nano:nanorp2040connect">arduino:mbed_nano:nanorp2040connect @ 2.7.2</h3>
				<h4>Inclusion</h4>
				<p>
					Result: <b>FAIL</b>
					
				</p>
				<pre class="pre-scrollable">In file included from /home/ec2-user/arduino-testlib/cli-datadir/user/libraries/MteCore/src/MteCore.h:127:0,
                 from /tmp/arduino-testlib1413258062/test/test.ino:1:
/home/ec2-user/arduino-testlib/cli-datadir/user/libraries/MteCore/src/util/TimerCore.h:28:43: error: default argument given for parameter 1 of &#39;Timer::Timer(long unsigned int)&#39; [-fpermissive]
     Timer::Timer(unsigned long interval=-1)
                                           ^
/home/ec2-user/arduino-testlib/cli-datadir/user/libraries/MteCore/src/util/TimerCore.h:16:9: note: previous specification in &#39;Timer::Timer(long unsigned int)&#39; here
         Timer(unsigned long interval=-1);
         ^~~~~
In file included from /home/ec2-user/arduino-testlib/cli-datadir/user/libraries/MteCore/src/MteCore.h:128:0,
                 from /tmp/arduino-testlib1413258062/test/test.ino:1:
/home/ec2-user/arduino-testlib/cli-datadir/user/libraries/MteCore/src/util/CounterCore.h:51:47: error: default argument given for parameter 1 of &#39;void Counter::setIncreaseValue(int)&#39; [-fpermissive]
     void Counter::setIncreaseValue(int value=1){
                                               ^
/home/ec2-user/arduino-testlib/cli-datadir/user/libraries/MteCore/src/util/CounterCore.h:20:14: note: previous specification in &#39;void Counter::setIncreaseValue(int)&#39; here
         void setIncreaseValue(int value = 1);
              ^~~~~~~~~~~~~~~~

</pre>

					
					<h4>examples/Analog_Example</h4>
					<p>
						Result: <b>FAIL</b>
					</p>
					<pre class="pre-scrollable">In file included from /home/ec2-user/arduino-testlib/cli-datadir/user/libraries/MteCore/src/MteCore.h:127:0,
                 from /home/ec2-user/arduino-testlib/cli-datadir/user/libraries/MteCore/examples/Analog_Example/Analog_Example.ino:20:
/home/ec2-user/arduino-testlib/cli-datadir/user/libraries/MteCore/src/util/TimerCore.h:28:43: error: default argument given for parameter 1 of &#39;Timer::Timer(long unsigned int)&#39; [-fpermissive]
     Timer::Timer(unsigned long interval=-1)
                                           ^
/home/ec2-user/arduino-testlib/cli-datadir/user/libraries/MteCore/src/util/TimerCore.h:16:9: note: previous specification in &#39;Timer::Timer(long unsigned int)&#39; here
         Timer(unsigned long interval=-1);
         ^~~~~
In file included from /home/ec2-user/arduino-testlib/cli-datadir/user/libraries/MteCore/src/MteCore.h:128:0,
                 from /home/ec2-user/arduino-testlib/cli-datadir/user/libraries/MteCore/examples/Analog_Example/Analog_Example.ino:20:
/home/ec2-user/arduino-testlib/cli-datadir/user/libraries/MteCore/src/util/CounterCore.h:51:47: error: default argument given for parameter 1 of &#39;void Counter::setIncreaseValue(int)&#39; [-fpermissive]
     void Counter::setIncreaseValue(int value=1){
                                               ^
/home/ec2-user/arduino-testlib/cli-datadir/user/libraries/MteCore/src/util/CounterCore.h:20:14: note: previous specification in &#39;void Counter::setIncreaseValue(int)&#39; here
         void setIncreaseValue(int value = 1);
              ^~~~~~~~~~~~~~~~

</pre>
					
					<h4>examples/Counter_Example</h4>
					<p>
						Result: <b>FAIL</b>
					</p>
					<pre class="pre-scrollable">In file included from /home/ec2-user/arduino-testlib/cli-datadir/user/libraries/MteCore/src/MteCore.h:127:0,
                 from /home/ec2-user/arduino-testlib/cli-datadir/user/libraries/MteCore/examples/Counter_Example/Counter_Example.ino:8:
/home/ec2-user/arduino-testlib/cli-datadir/user/libraries/MteCore/src/util/TimerCore.h:28:43: error: default argument given for parameter 1 of &#39;Timer::Timer(long unsigned int)&#39; [-fpermissive]
     Timer::Timer(unsigned long interval=-1)
                                           ^
/home/ec2-user/arduino-testlib/cli-datadir/user/libraries/MteCore/src/util/TimerCore.h:16:9: note: previous specification in &#39;Timer::Timer(long unsigned int)&#39; here
         Timer(unsigned long interval=-1);
         ^~~~~
In file included from /home/ec2-user/arduino-testlib/cli-datadir/user/libraries/MteCore/src/MteCore.h:128:0,
                 from /home/ec2-user/arduino-testlib/cli-datadir/user/libraries/MteCore/examples/Counter_Example/Counter_Example.ino:8:
/home/ec2-user/arduino-testlib/cli-datadir/user/libraries/MteCore/src/util/CounterCore.h:51:47: error: default argument given for parameter 1 of &#39;void Counter::setIncreaseValue(int)&#39; [-fpermissive]
     void Counter::setIncreaseValue(int value=1){
                                               ^
/home/ec2-user/arduino-testlib/cli-datadir/user/libraries/MteCore/src/util/CounterCore.h:20:14: note: previous specification in &#39;void Counter::setIncreaseValue(int)&#39; here
         void setIncreaseValue(int value = 1);
              ^~~~~~~~~~~~~~~~

</pre>
					
					<h4>examples/InputEvent_Example</h4>
					<p>
						Result: <b>FAIL</b>
					</p>
					<pre class="pre-scrollable">In file included from /home/ec2-user/arduino-testlib/cli-datadir/user/libraries/MteCore/src/MteCore.h:127:0,
                 from /home/ec2-user/arduino-testlib/cli-datadir/user/libraries/MteCore/examples/InputEvent_Example/InputEvent_Example.ino:6:
/home/ec2-user/arduino-testlib/cli-datadir/user/libraries/MteCore/src/util/TimerCore.h:28:43: error: default argument given for parameter 1 of &#39;Timer::Timer(long unsigned int)&#39; [-fpermissive]
     Timer::Timer(unsigned long interval=-1)
                                           ^
/home/ec2-user/arduino-testlib/cli-datadir/user/libraries/MteCore/src/util/TimerCore.h:16:9: note: previous specification in &#39;Timer::Timer(long unsigned int)&#39; here
         Timer(unsigned long interval=-1);
         ^~~~~
In file included from /home/ec2-user/arduino-testlib/cli-datadir/user/libraries/MteCore/src/MteCore.h:128:0,
                 from /home/ec2-user/arduino-testlib/cli-datadir/user/libraries/MteCore/examples/InputEvent_Example/InputEvent_Example.ino:6:
/home/ec2-user/arduino-testlib/cli-datadir/user/libraries/MteCore/src/util/CounterCore.h:51:47: error: default argument given for parameter 1 of &#39;void Counter::setIncreaseValue(int)&#39; [-fpermissive]
     void Counter::setIncreaseValue(int value=1){
                                               ^
/home/ec2-user/arduino-testlib/cli-datadir/user/libraries/MteCore/src/util/CounterCore.h:20:14: note: previous specification in &#39;void Counter::setIncreaseValue(int)&#39; here
         void setIncreaseValue(int value = 1);
              ^~~~~~~~~~~~~~~~

</pre>
					
					<h4>examples/InputEvent_setDebounceDelay_Example</h4>
					<p>
						Result: <b>FAIL</b>
					</p>
					<pre class="pre-scrollable">In file included from /home/ec2-user/arduino-testlib/cli-datadir/user/libraries/MteCore/src/MteCore.h:127:0,
                 from /home/ec2-user/arduino-testlib/cli-datadir/user/libraries/MteCore/examples/InputEvent_setDebounceDelay_Example/InputEvent_setDebounceDelay_Example.ino:10:
/home/ec2-user/arduino-testlib/cli-datadir/user/libraries/MteCore/src/util/TimerCore.h:28:43: error: default argument given for parameter 1 of &#39;Timer::Timer(long unsigned int)&#39; [-fpermissive]
     Timer::Timer(unsigned long interval=-1)
                                           ^
/home/ec2-user/arduino-testlib/cli-datadir/user/libraries/MteCore/src/util/TimerCore.h:16:9: note: previous specification in &#39;Timer::Timer(long unsigned int)&#39; here
         Timer(unsigned long interval=-1);
         ^~~~~
In file included from /home/ec2-user/arduino-testlib/cli-datadir/user/libraries/MteCore/src/MteCore.h:128:0,
                 from /home/ec2-user/arduino-testlib/cli-datadir/user/libraries/MteCore/examples/InputEvent_setDebounceDelay_Example/InputEvent_setDebounceDelay_Example.ino:10:
/home/ec2-user/arduino-testlib/cli-datadir/user/libraries/MteCore/src/util/CounterCore.h:51:47: error: default argument given for parameter 1 of &#39;void Counter::setIncreaseValue(int)&#39; [-fpermissive]
     void Counter::setIncreaseValue(int value=1){
                                               ^
/home/ec2-user/arduino-testlib/cli-datadir/user/libraries/MteCore/src/util/CounterCore.h:20:14: note: previous specification in &#39;void Counter::setIncreaseValue(int)&#39; here
         void setIncreaseValue(int value = 1);
              ^~~~~~~~~~~~~~~~

</pre>
					
					<h4>examples/Options_Example</h4>
					<p>
						Result: <b>FAIL</b>
					</p>
					<pre class="pre-scrollable">In file included from /home/ec2-user/arduino-testlib/cli-datadir/user/libraries/MteCore/src/MteCore.h:127:0,
                 from /home/ec2-user/arduino-testlib/cli-datadir/user/libraries/MteCore/examples/Options_Example/Options_Example.ino:60:
/home/ec2-user/arduino-testlib/cli-datadir/user/libraries/MteCore/src/util/TimerCore.h:28:43: error: default argument given for parameter 1 of &#39;Timer::Timer(long unsigned int)&#39; [-fpermissive]
     Timer::Timer(unsigned long interval=-1)
                                           ^
/home/ec2-user/arduino-testlib/cli-datadir/user/libraries/MteCore/src/util/TimerCore.h:16:9: note: previous specification in &#39;Timer::Timer(long unsigned int)&#39; here
         Timer(unsigned long interval=-1);
         ^~~~~
In file included from /home/ec2-user/arduino-testlib/cli-datadir/user/libraries/MteCore/src/MteCore.h:128:0,
                 from /home/ec2-user/arduino-testlib/cli-datadir/user/libraries/MteCore/examples/Options_Example/Options_Example.ino:60:
/home/ec2-user/arduino-testlib/cli-datadir/user/libraries/MteCore/src/util/CounterCore.h:51:47: error: default argument given for parameter 1 of &#39;void Counter::setIncreaseValue(int)&#39; [-fpermissive]
     void Counter::setIncreaseValue(int value=1){
                                               ^
/home/ec2-user/arduino-testlib/cli-datadir/user/libraries/MteCore/src/util/CounterCore.h:20:14: note: previous specification in &#39;void Counter::setIncreaseValue(int)&#39; here
         void setIncreaseValue(int value = 1);
              ^~~~~~~~~~~~~~~~

</pre>
					
					<h4>examples/OutputEvent_Example</h4>
					<p>
						Result: <b>FAIL</b>
					</p>
					<pre class="pre-scrollable">In file included from /home/ec2-user/arduino-testlib/cli-datadir/user/libraries/MteCore/src/MteCore.h:127:0,
                 from /home/ec2-user/arduino-testlib/cli-datadir/user/libraries/MteCore/examples/OutputEvent_Example/OutputEvent_Example.ino:9:
/home/ec2-user/arduino-testlib/cli-datadir/user/libraries/MteCore/src/util/TimerCore.h:28:43: error: default argument given for parameter 1 of &#39;Timer::Timer(long unsigned int)&#39; [-fpermissive]
     Timer::Timer(unsigned long interval=-1)
                                           ^
/home/ec2-user/arduino-testlib/cli-datadir/user/libraries/MteCore/src/util/TimerCore.h:16:9: note: previous specification in &#39;Timer::Timer(long unsigned int)&#39; here
         Timer(unsigned long interval=-1);
         ^~~~~
In file included from /home/ec2-user/arduino-testlib/cli-datadir/user/libraries/MteCore/src/MteCore.h:128:0,
                 from /home/ec2-user/arduino-testlib/cli-datadir/user/libraries/MteCore/examples/OutputEvent_Example/OutputEvent_Example.ino:9:
/home/ec2-user/arduino-testlib/cli-datadir/user/libraries/MteCore/src/util/CounterCore.h:51:47: error: default argument given for parameter 1 of &#39;void Counter::setIncreaseValue(int)&#39; [-fpermissive]
     void Counter::setIncreaseValue(int value=1){
                                               ^
/home/ec2-user/arduino-testlib/cli-datadir/user/libraries/MteCore/src/util/CounterCore.h:20:14: note: previous specification in &#39;void Counter::setIncreaseValue(int)&#39; here
         void setIncreaseValue(int value = 1);
              ^~~~~~~~~~~~~~~~

</pre>
					
					<h4>examples/PWM_Example</h4>
					<p>
						Result: <b>FAIL</b>
					</p>
					<pre class="pre-scrollable">In file included from /home/ec2-user/arduino-testlib/cli-datadir/user/libraries/MteCore/src/MteCore.h:127:0,
                 from /home/ec2-user/arduino-testlib/cli-datadir/user/libraries/MteCore/examples/PWM_Example/PWM_Example.ino:10:
/home/ec2-user/arduino-testlib/cli-datadir/user/libraries/MteCore/src/util/TimerCore.h:28:43: error: default argument given for parameter 1 of &#39;Timer::Timer(long unsigned int)&#39; [-fpermissive]
     Timer::Timer(unsigned long interval=-1)
                                           ^
/home/ec2-user/arduino-testlib/cli-datadir/user/libraries/MteCore/src/util/TimerCore.h:16:9: note: previous specification in &#39;Timer::Timer(long unsigned int)&#39; here
         Timer(unsigned long interval=-1);
         ^~~~~
In file included from /home/ec2-user/arduino-testlib/cli-datadir/user/libraries/MteCore/src/MteCore.h:128:0,
                 from /home/ec2-user/arduino-testlib/cli-datadir/user/libraries/MteCore/examples/PWM_Example/PWM_Example.ino:10:
/home/ec2-user/arduino-testlib/cli-datadir/user/libraries/MteCore/src/util/CounterCore.h:51:47: error: default argument given for parameter 1 of &#39;void Counter::setIncreaseValue(int)&#39; [-fpermissive]
     void Counter::setIncreaseValue(int value=1){
                                               ^
/home/ec2-user/arduino-testlib/cli-datadir/user/libraries/MteCore/src/util/CounterCore.h:20:14: note: previous specification in &#39;void Counter::setIncreaseValue(int)&#39; here
         void setIncreaseValue(int value = 1);
              ^~~~~~~~~~~~~~~~

</pre>
					
					<h4>examples/PWM_SmoothPWM_Example</h4>
					<p>
						Result: <b>FAIL</b>
					</p>
					<pre class="pre-scrollable">In file included from /home/ec2-user/arduino-testlib/cli-datadir/user/libraries/MteCore/src/MteCore.h:127:0,
                 from /home/ec2-user/arduino-testlib/cli-datadir/user/libraries/MteCore/examples/PWM_SmoothPWM_Example/PWM_SmoothPWM_Example.ino:13:
/home/ec2-user/arduino-testlib/cli-datadir/user/libraries/MteCore/src/util/TimerCore.h:28:43: error: default argument given for parameter 1 of &#39;Timer::Timer(long unsigned int)&#39; [-fpermissive]
     Timer::Timer(unsigned long interval=-1)
                                           ^
/home/ec2-user/arduino-testlib/cli-datadir/user/libraries/MteCore/src/util/TimerCore.h:16:9: note: previous specification in &#39;Timer::Timer(long unsigned int)&#39; here
         Timer(unsigned long interval=-1);
         ^~~~~
In file included from /home/ec2-user/arduino-testlib/cli-datadir/user/libraries/MteCore/src/MteCore.h:128:0,
                 from /home/ec2-user/arduino-testlib/cli-datadir/user/libraries/MteCore/examples/PWM_SmoothPWM_Example/PWM_SmoothPWM_Example.ino:13:
/home/ec2-user/arduino-testlib/cli-datadir/user/libraries/MteCore/src/util/CounterCore.h:51:47: error: default argument given for parameter 1 of &#39;void Counter::setIncreaseValue(int)&#39; [-fpermissive]
     void Counter::setIncreaseValue(int value=1){
                                               ^
/home/ec2-user/arduino-testlib/cli-datadir/user/libraries/MteCore/src/util/CounterCore.h:20:14: note: previous specification in &#39;void Counter::setIncreaseValue(int)&#39; here
         void setIncreaseValue(int value = 1);
              ^~~~~~~~~~~~~~~~

</pre>
					
					<h4>examples/TimerEvent_AdvancedPulse_Example</h4>
					<p>
						Result: <b>FAIL</b>
					</p>
					<pre class="pre-scrollable">In file included from /home/ec2-user/arduino-testlib/cli-datadir/user/libraries/MteCore/src/MteCore.h:127:0,
                 from /home/ec2-user/arduino-testlib/cli-datadir/user/libraries/MteCore/examples/TimerEvent_AdvancedPulse_Example/TimerEvent_AdvancedPulse_Example.ino:7:
/home/ec2-user/arduino-testlib/cli-datadir/user/libraries/MteCore/src/util/TimerCore.h:28:43: error: default argument given for parameter 1 of &#39;Timer::Timer(long unsigned int)&#39; [-fpermissive]
     Timer::Timer(unsigned long interval=-1)
                                           ^
/home/ec2-user/arduino-testlib/cli-datadir/user/libraries/MteCore/src/util/TimerCore.h:16:9: note: previous specification in &#39;Timer::Timer(long unsigned int)&#39; here
         Timer(unsigned long interval=-1);
         ^~~~~
In file included from /home/ec2-user/arduino-testlib/cli-datadir/user/libraries/MteCore/src/MteCore.h:128:0,
                 from /home/ec2-user/arduino-testlib/cli-datadir/user/libraries/MteCore/examples/TimerEvent_AdvancedPulse_Example/TimerEvent_AdvancedPulse_Example.ino:7:
/home/ec2-user/arduino-testlib/cli-datadir/user/libraries/MteCore/src/util/CounterCore.h:51:47: error: default argument given for parameter 1 of &#39;void Counter::setIncreaseValue(int)&#39; [-fpermissive]
     void Counter::setIncreaseValue(int value=1){
                                               ^
/home/ec2-user/arduino-testlib/cli-datadir/user/libraries/MteCore/src/util/CounterCore.h:20:14: note: previous specification in &#39;void Counter::setIncreaseValue(int)&#39; here
         void setIncreaseValue(int value = 1);
              ^~~~~~~~~~~~~~~~

</pre>
					
					<h4>examples/TimerEvent_Example</h4>
					<p>
						Result: <b>FAIL</b>
					</p>
					<pre class="pre-scrollable">In file included from /home/ec2-user/arduino-testlib/cli-datadir/user/libraries/MteCore/src/MteCore.h:127:0,
                 from /home/ec2-user/arduino-testlib/cli-datadir/user/libraries/MteCore/examples/TimerEvent_Example/TimerEvent_Example.ino:8:
/home/ec2-user/arduino-testlib/cli-datadir/user/libraries/MteCore/src/util/TimerCore.h:28:43: error: default argument given for parameter 1 of &#39;Timer::Timer(long unsigned int)&#39; [-fpermissive]
     Timer::Timer(unsigned long interval=-1)
                                           ^
/home/ec2-user/arduino-testlib/cli-datadir/user/libraries/MteCore/src/util/TimerCore.h:16:9: note: previous specification in &#39;Timer::Timer(long unsigned int)&#39; here
         Timer(unsigned long interval=-1);
         ^~~~~
In file included from /home/ec2-user/arduino-testlib/cli-datadir/user/libraries/MteCore/src/MteCore.h:128:0,
                 from /home/ec2-user/arduino-testlib/cli-datadir/user/libraries/MteCore/examples/TimerEvent_Example/TimerEvent_Example.ino:8:
/home/ec2-user/arduino-testlib/cli-datadir/user/libraries/MteCore/src/util/CounterCore.h:51:47: error: default argument given for parameter 1 of &#39;void Counter::setIncreaseValue(int)&#39; [-fpermissive]
     void Counter::setIncreaseValue(int value=1){
                                               ^
/home/ec2-user/arduino-testlib/cli-datadir/user/libraries/MteCore/src/util/CounterCore.h:20:14: note: previous specification in &#39;void Counter::setIncreaseValue(int)&#39; here
         void setIncreaseValue(int value = 1);
              ^~~~~~~~~~~~~~~~

</pre>
					
				
				<h3 id="arduino:megaavr:nona4809">arduino:megaavr:nona4809 @ 1.8.7</h3>
				<h4>Inclusion</h4>
				<p>
					Result: <b>PASS</b>
					
				</p>
				<pre class="pre-scrollable">Sketch uses 2318 bytes (4%) of program storage space. Maximum is 49152 bytes.
Global variables use 432 bytes (7%) of dynamic memory, leaving 5712 bytes for local variables. Maximum is 6144 bytes.
</pre>

					
					<h4>examples/Analog_Example</h4>
					<p>
						Result: <b>PASS</b>
					</p>
					<pre class="pre-scrollable">Sketch uses 4841 bytes (9%) of program storage space. Maximum is 49152 bytes.
Global variables use 575 bytes (9%) of dynamic memory, leaving 5569 bytes for local variables. Maximum is 6144 bytes.
</pre>
					
					<h4>examples/Counter_Example</h4>
					<p>
						Result: <b>PASS</b>
					</p>
					<pre class="pre-scrollable">Sketch uses 5059 bytes (10%) of program storage space. Maximum is 49152 bytes.
Global variables use 603 bytes (9%) of dynamic memory, leaving 5541 bytes for local variables. Maximum is 6144 bytes.
</pre>
					
					<h4>examples/InputEvent_Example</h4>
					<p>
						Result: <b>PASS</b>
					</p>
					<pre class="pre-scrollable">Sketch uses 5348 bytes (10%) of program storage space. Maximum is 49152 bytes.
Global variables use 587 bytes (9%) of dynamic memory, leaving 5557 bytes for local variables. Maximum is 6144 bytes.
</pre>
					
					<h4>examples/InputEvent_setDebounceDelay_Example</h4>
					<p>
						Result: <b>PASS</b>
					</p>
					<pre class="pre-scrollable">Sketch uses 4957 bytes (10%) of program storage space. Maximum is 49152 bytes.
Global variables use 587 bytes (9%) of dynamic memory, leaving 5557 bytes for local variables. Maximum is 6144 bytes.
</pre>
					
					<h4>examples/Options_Example</h4>
					<p>
						Result: <b>PASS</b>
					</p>
					<pre class="pre-scrollable">Sketch uses 2318 bytes (4%) of program storage space. Maximum is 49152 bytes.
Global variables use 432 bytes (7%) of dynamic memory, leaving 5712 bytes for local variables. Maximum is 6144 bytes.
</pre>
					
					<h4>examples/OutputEvent_Example</h4>
					<p>
						Result: <b>PASS</b>
					</p>
					<pre class="pre-scrollable">Sketch uses 5152 bytes (10%) of program storage space. Maximum is 49152 bytes.
Global variables use 602 bytes (9%) of dynamic memory, leaving 5542 bytes for local variables. Maximum is 6144 bytes.
</pre>
					
					<h4>examples/PWM_Example</h4>
					<p>
						Result: <b>PASS</b>
					</p>
					<pre class="pre-scrollable">Sketch uses 5265 bytes (10%) of program storage space. Maximum is 49152 bytes.
Global variables use 555 bytes (9%) of dynamic memory, leaving 5589 bytes for local variables. Maximum is 6144 bytes.
</pre>
					
					<h4>examples/PWM_SmoothPWM_Example</h4>
					<p>
						Result: <b>PASS</b>
					</p>
					<pre class="pre-scrollable">Sketch uses 5831 bytes (11%) of program storage space. Maximum is 49152 bytes.
Global variables use 557 bytes (9%) of dynamic memory, leaving 5587 bytes for local variables. Maximum is 6144 bytes.
</pre>
					
					<h4>examples/TimerEvent_AdvancedPulse_Example</h4>
					<p>
						Result: <b>PASS</b>
					</p>
					<pre class="pre-scrollable">Sketch uses 4208 bytes (8%) of program storage space. Maximum is 49152 bytes.
Global variables use 602 bytes (9%) of dynamic memory, leaving 5542 bytes for local variables. Maximum is 6144 bytes.
</pre>
					
					<h4>examples/TimerEvent_Example</h4>
					<p>
						Result: <b>PASS</b>
					</p>
					<pre class="pre-scrollable">Sketch uses 5786 bytes (11%) of program storage space. Maximum is 49152 bytes.
Global variables use 663 bytes (10%) of dynamic memory, leaving 5481 bytes for local variables. Maximum is 6144 bytes.
</pre>
					
				
				<h3 id="arduino:samd:mkrwifi1010">arduino:samd:mkrwifi1010 @ 1.8.12</h3>
				<h4>Inclusion</h4>
				<p>
					Result: <b>FAIL</b>
					
				</p>
				<pre class="pre-scrollable">In file included from /Users/alranel/Documents/git/arduino/arduino-testlib/cli-datadir/user/libraries/MteCore/src/MteCore.h:125:0,
                 from /private/tmp/arduino-testlib2672292529/test/test.ino:1:
/Users/alranel/Documents/git/arduino/arduino-testlib/cli-datadir/user/libraries/MteCore/src/util/InputCore.h: In constructor &#39;InputCore::InputCore(uint8_t)&#39;:
/Users/alranel/Documents/git/arduino/arduino-testlib/cli-datadir/user/libraries/MteCore/src/util/InputCore.h:38:34: error: &#39;A7&#39; was not declared in this scope
     if(_pinIn == A6 || _pinIn == A7){
                                  ^~
/Users/alranel/Documents/git/arduino/arduino-testlib/cli-datadir/user/libraries/MteCore/src/util/InputCore.h:38:34: note: suggested alternative: &#39;A6&#39;
     if(_pinIn == A6 || _pinIn == A7){
                                  ^~
                                  A6
/Users/alranel/Documents/git/arduino/arduino-testlib/cli-datadir/user/libraries/MteCore/src/util/InputCore.h: In member function &#39;bool InputCore::isEnable()&#39;:
/Users/alranel/Documents/git/arduino/arduino-testlib/cli-datadir/user/libraries/MteCore/src/util/InputCore.h:76:34: error: &#39;A7&#39; was not declared in this scope
     if(_pinIn == A6 || _pinIn == A7){
                                  ^~
/Users/alranel/Documents/git/arduino/arduino-testlib/cli-datadir/user/libraries/MteCore/src/util/InputCore.h:76:34: note: suggested alternative: &#39;A6&#39;
     if(_pinIn == A6 || _pinIn == A7){
                                  ^~
                                  A6
/Users/alranel/Documents/git/arduino/arduino-testlib/cli-datadir/user/libraries/MteCore/src/util/InputCore.h: In member function &#39;void InputCore::process(long unsigned int)&#39;:
/Users/alranel/Documents/git/arduino/arduino-testlib/cli-datadir/user/libraries/MteCore/src/util/InputCore.h:84:34: error: &#39;A7&#39; was not declared in this scope
     if(_pinIn == A6 || _pinIn == A7){
                                  ^~
/Users/alranel/Documents/git/arduino/arduino-testlib/cli-datadir/user/libraries/MteCore/src/util/InputCore.h:84:34: note: suggested alternative: &#39;A6&#39;
     if(_pinIn == A6 || _pinIn == A7){
                                  ^~
                                  A6
In file included from /Users/alranel/Documents/git/arduino/arduino-testlib/cli-datadir/user/libraries/MteCore/src/MteCore.h:127:0,
                 from /private/tmp/arduino-testlib2672292529/test/test.ino:1:
/Users/alranel/Documents/git/arduino/arduino-testlib/cli-datadir/user/libraries/MteCore/src/util/TimerCore.h: At global scope:
/Users/alranel/Documents/git/arduino/arduino-testlib/cli-datadir/user/libraries/MteCore/src/util/TimerCore.h:28:43: error: default argument given for parameter 1 of &#39;Timer::Timer(long unsigned int)&#39; [-fpermissive]
     Timer::Timer(unsigned long interval=-1)
                                           ^
/Users/alranel/Documents/git/arduino/arduino-testlib/cli-datadir/user/libraries/MteCore/src/util/TimerCore.h:16:9: note: previous specification in &#39;Timer::Timer(long unsigned int)&#39; here
         Timer(unsigned long interval=-1);
         ^~~~~
In file included from /Users/alranel/Documents/git/arduino/arduino-testlib/cli-datadir/user/libraries/MteCore/src/MteCore.h:128:0,
                 from /private/tmp/arduino-testlib2672292529/test/test.ino:1:
/Users/alranel/Documents/git/arduino/arduino-testlib/cli-datadir/user/libraries/MteCore/src/util/CounterCore.h:51:47: error: default argument given for parameter 1 of &#39;void Counter::setIncreaseValue(int)&#39; [-fpermissive]
     void Counter::setIncreaseValue(int value=1){
                                               ^
/Users/alranel/Documents/git/arduino/arduino-testlib/cli-datadir/user/libraries/MteCore/src/util/CounterCore.h:20:14: note: previous specification in &#39;void Counter::setIncreaseValue(int)&#39; here
         void setIncreaseValue(int value = 1);
              ^~~~~~~~~~~~~~~~
In file included from /private/tmp/arduino-testlib2672292529/test/test.ino:1:0:
/Users/alranel/Documents/git/arduino/arduino-testlib/cli-datadir/user/libraries/MteCore/src/MteCore.h:176:19: error: &#39;A7&#39; was not declared in this scope
     InputCore IN9(A7);
                   ^~
/Users/alranel/Documents/git/arduino/arduino-testlib/cli-datadir/user/libraries/MteCore/src/MteCore.h:176:19: note: suggested alternative: &#39;A6&#39;
     InputCore IN9(A7);
                   ^~
                   A6

</pre>

					
					<h4>examples/Analog_Example</h4>
					<p>
						Result: <b>FAIL</b>
					</p>
					<pre class="pre-scrollable">In file included from /Users/alranel/Documents/git/arduino/arduino-testlib/cli-datadir/user/libraries/MteCore/src/MteCore.h:125:0,
                 from /Users/alranel/Documents/git/arduino/arduino-testlib/cli-datadir/user/libraries/MteCore/examples/Analog_Example/Analog_Example.ino:20:
/Users/alranel/Documents/git/arduino/arduino-testlib/cli-datadir/user/libraries/MteCore/src/util/InputCore.h: In constructor &#39;InputCore::InputCore(uint8_t)&#39;:
/Users/alranel/Documents/git/arduino/arduino-testlib/cli-datadir/user/libraries/MteCore/src/util/InputCore.h:38:34: error: &#39;A7&#39; was not declared in this scope
     if(_pinIn == A6 || _pinIn == A7){
                                  ^~
/Users/alranel/Documents/git/arduino/arduino-testlib/cli-datadir/user/libraries/MteCore/src/util/InputCore.h:38:34: note: suggested alternative: &#39;A6&#39;
     if(_pinIn == A6 || _pinIn == A7){
                                  ^~
                                  A6
/Users/alranel/Documents/git/arduino/arduino-testlib/cli-datadir/user/libraries/MteCore/src/util/InputCore.h: In member function &#39;bool InputCore::isEnable()&#39;:
/Users/alranel/Documents/git/arduino/arduino-testlib/cli-datadir/user/libraries/MteCore/src/util/InputCore.h:76:34: error: &#39;A7&#39; was not declared in this scope
     if(_pinIn == A6 || _pinIn == A7){
                                  ^~
/Users/alranel/Documents/git/arduino/arduino-testlib/cli-datadir/user/libraries/MteCore/src/util/InputCore.h:76:34: note: suggested alternative: &#39;A6&#39;
     if(_pinIn == A6 || _pinIn == A7){
                                  ^~
                                  A6
/Users/alranel/Documents/git/arduino/arduino-testlib/cli-datadir/user/libraries/MteCore/src/util/InputCore.h: In member function &#39;void InputCore::process(long unsigned int)&#39;:
/Users/alranel/Documents/git/arduino/arduino-testlib/cli-datadir/user/libraries/MteCore/src/util/InputCore.h:84:34: error: &#39;A7&#39; was not declared in this scope
     if(_pinIn == A6 || _pinIn == A7){
                                  ^~
/Users/alranel/Documents/git/arduino/arduino-testlib/cli-datadir/user/libraries/MteCore/src/util/InputCore.h:84:34: note: suggested alternative: &#39;A6&#39;
     if(_pinIn == A6 || _pinIn == A7){
                                  ^~
                                  A6
In file included from /Users/alranel/Documents/git/arduino/arduino-testlib/cli-datadir/user/libraries/MteCore/src/MteCore.h:127:0,
                 from /Users/alranel/Documents/git/arduino/arduino-testlib/cli-datadir/user/libraries/MteCore/examples/Analog_Example/Analog_Example.ino:20:
/Users/alranel/Documents/git/arduino/arduino-testlib/cli-datadir/user/libraries/MteCore/src/util/TimerCore.h: At global scope:
/Users/alranel/Documents/git/arduino/arduino-testlib/cli-datadir/user/libraries/MteCore/src/util/TimerCore.h:28:43: error: default argument given for parameter 1 of &#39;Timer::Timer(long unsigned int)&#39; [-fpermissive]
     Timer::Timer(unsigned long interval=-1)
                                           ^
/Users/alranel/Documents/git/arduino/arduino-testlib/cli-datadir/user/libraries/MteCore/src/util/TimerCore.h:16:9: note: previous specification in &#39;Timer::Timer(long unsigned int)&#39; here
         Timer(unsigned long interval=-1);
         ^~~~~
In file included from /Users/alranel/Documents/git/arduino/arduino-testlib/cli-datadir/user/libraries/MteCore/src/MteCore.h:128:0,
                 from /Users/alranel/Documents/git/arduino/arduino-testlib/cli-datadir/user/libraries/MteCore/examples/Analog_Example/Analog_Example.ino:20:
/Users/alranel/Documents/git/arduino/arduino-testlib/cli-datadir/user/libraries/MteCore/src/util/CounterCore.h:51:47: error: default argument given for parameter 1 of &#39;void Counter::setIncreaseValue(int)&#39; [-fpermissive]
     void Counter::setIncreaseValue(int value=1){
                                               ^
/Users/alranel/Documents/git/arduino/arduino-testlib/cli-datadir/user/libraries/MteCore/src/util/CounterCore.h:20:14: note: previous specification in &#39;void Counter::setIncreaseValue(int)&#39; here
         void setIncreaseValue(int value = 1);
              ^~~~~~~~~~~~~~~~
In file included from /Users/alranel/Documents/git/arduino/arduino-testlib/cli-datadir/user/libraries/MteCore/examples/Analog_Example/Analog_Example.ino:20:0:
/Users/alranel/Documents/git/arduino/arduino-testlib/cli-datadir/user/libraries/MteCore/src/MteCore.h:176:19: error: &#39;A7&#39; was not declared in this scope
     InputCore IN9(A7);
                   ^~
/Users/alranel/Documents/git/arduino/arduino-testlib/cli-datadir/user/libraries/MteCore/src/MteCore.h:176:19: note: suggested alternative: &#39;A6&#39;
     InputCore IN9(A7);
                   ^~
                   A6

</pre>
					
					<h4>examples/Counter_Example</h4>
					<p>
						Result: <b>FAIL</b>
					</p>
					<pre class="pre-scrollable">In file included from /Users/alranel/Documents/git/arduino/arduino-testlib/cli-datadir/user/libraries/MteCore/src/MteCore.h:125:0,
                 from /Users/alranel/Documents/git/arduino/arduino-testlib/cli-datadir/user/libraries/MteCore/examples/Counter_Example/Counter_Example.ino:8:
/Users/alranel/Documents/git/arduino/arduino-testlib/cli-datadir/user/libraries/MteCore/src/util/InputCore.h: In constructor &#39;InputCore::InputCore(uint8_t)&#39;:
/Users/alranel/Documents/git/arduino/arduino-testlib/cli-datadir/user/libraries/MteCore/src/util/InputCore.h:38:34: error: &#39;A7&#39; was not declared in this scope
     if(_pinIn == A6 || _pinIn == A7){
                                  ^~
/Users/alranel/Documents/git/arduino/arduino-testlib/cli-datadir/user/libraries/MteCore/src/util/InputCore.h:38:34: note: suggested alternative: &#39;A6&#39;
     if(_pinIn == A6 || _pinIn == A7){
                                  ^~
                                  A6
/Users/alranel/Documents/git/arduino/arduino-testlib/cli-datadir/user/libraries/MteCore/src/util/InputCore.h: In member function &#39;bool InputCore::isEnable()&#39;:
/Users/alranel/Documents/git/arduino/arduino-testlib/cli-datadir/user/libraries/MteCore/src/util/InputCore.h:76:34: error: &#39;A7&#39; was not declared in this scope
     if(_pinIn == A6 || _pinIn == A7){
                                  ^~
/Users/alranel/Documents/git/arduino/arduino-testlib/cli-datadir/user/libraries/MteCore/src/util/InputCore.h:76:34: note: suggested alternative: &#39;A6&#39;
     if(_pinIn == A6 || _pinIn == A7){
                                  ^~
                                  A6
/Users/alranel/Documents/git/arduino/arduino-testlib/cli-datadir/user/libraries/MteCore/src/util/InputCore.h: In member function &#39;void InputCore::process(long unsigned int)&#39;:
/Users/alranel/Documents/git/arduino/arduino-testlib/cli-datadir/user/libraries/MteCore/src/util/InputCore.h:84:34: error: &#39;A7&#39; was not declared in this scope
     if(_pinIn == A6 || _pinIn == A7){
                                  ^~
/Users/alranel/Documents/git/arduino/arduino-testlib/cli-datadir/user/libraries/MteCore/src/util/InputCore.h:84:34: note: suggested alternative: &#39;A6&#39;
     if(_pinIn == A6 || _pinIn == A7){
                                  ^~
                                  A6
In file included from /Users/alranel/Documents/git/arduino/arduino-testlib/cli-datadir/user/libraries/MteCore/src/MteCore.h:127:0,
                 from /Users/alranel/Documents/git/arduino/arduino-testlib/cli-datadir/user/libraries/MteCore/examples/Counter_Example/Counter_Example.ino:8:
/Users/alranel/Documents/git/arduino/arduino-testlib/cli-datadir/user/libraries/MteCore/src/util/TimerCore.h: At global scope:
/Users/alranel/Documents/git/arduino/arduino-testlib/cli-datadir/user/libraries/MteCore/src/util/TimerCore.h:28:43: error: default argument given for parameter 1 of &#39;Timer::Timer(long unsigned int)&#39; [-fpermissive]
     Timer::Timer(unsigned long interval=-1)
                                           ^
/Users/alranel/Documents/git/arduino/arduino-testlib/cli-datadir/user/libraries/MteCore/src/util/TimerCore.h:16:9: note: previous specification in &#39;Timer::Timer(long unsigned int)&#39; here
         Timer(unsigned long interval=-1);
         ^~~~~
In file included from /Users/alranel/Documents/git/arduino/arduino-testlib/cli-datadir/user/libraries/MteCore/src/MteCore.h:128:0,
                 from /Users/alranel/Documents/git/arduino/arduino-testlib/cli-datadir/user/libraries/MteCore/examples/Counter_Example/Counter_Example.ino:8:
/Users/alranel/Documents/git/arduino/arduino-testlib/cli-datadir/user/libraries/MteCore/src/util/CounterCore.h:51:47: error: default argument given for parameter 1 of &#39;void Counter::setIncreaseValue(int)&#39; [-fpermissive]
     void Counter::setIncreaseValue(int value=1){
                                               ^
/Users/alranel/Documents/git/arduino/arduino-testlib/cli-datadir/user/libraries/MteCore/src/util/CounterCore.h:20:14: note: previous specification in &#39;void Counter::setIncreaseValue(int)&#39; here
         void setIncreaseValue(int value = 1);
              ^~~~~~~~~~~~~~~~
In file included from /Users/alranel/Documents/git/arduino/arduino-testlib/cli-datadir/user/libraries/MteCore/examples/Counter_Example/Counter_Example.ino:8:0:
/Users/alranel/Documents/git/arduino/arduino-testlib/cli-datadir/user/libraries/MteCore/src/MteCore.h:176:19: error: &#39;A7&#39; was not declared in this scope
     InputCore IN9(A7);
                   ^~
/Users/alranel/Documents/git/arduino/arduino-testlib/cli-datadir/user/libraries/MteCore/src/MteCore.h:176:19: note: suggested alternative: &#39;A6&#39;
     InputCore IN9(A7);
                   ^~
                   A6

</pre>
					
					<h4>examples/InputEvent_Example</h4>
					<p>
						Result: <b>FAIL</b>
					</p>
					<pre class="pre-scrollable">In file included from /Users/alranel/Documents/git/arduino/arduino-testlib/cli-datadir/user/libraries/MteCore/src/MteCore.h:125:0,
                 from /Users/alranel/Documents/git/arduino/arduino-testlib/cli-datadir/user/libraries/MteCore/examples/InputEvent_Example/InputEvent_Example.ino:6:
/Users/alranel/Documents/git/arduino/arduino-testlib/cli-datadir/user/libraries/MteCore/src/util/InputCore.h: In constructor &#39;InputCore::InputCore(uint8_t)&#39;:
/Users/alranel/Documents/git/arduino/arduino-testlib/cli-datadir/user/libraries/MteCore/src/util/InputCore.h:38:34: error: &#39;A7&#39; was not declared in this scope
     if(_pinIn == A6 || _pinIn == A7){
                                  ^~
/Users/alranel/Documents/git/arduino/arduino-testlib/cli-datadir/user/libraries/MteCore/src/util/InputCore.h:38:34: note: suggested alternative: &#39;A6&#39;
     if(_pinIn == A6 || _pinIn == A7){
                                  ^~
                                  A6
/Users/alranel/Documents/git/arduino/arduino-testlib/cli-datadir/user/libraries/MteCore/src/util/InputCore.h: In member function &#39;bool InputCore::isEnable()&#39;:
/Users/alranel/Documents/git/arduino/arduino-testlib/cli-datadir/user/libraries/MteCore/src/util/InputCore.h:76:34: error: &#39;A7&#39; was not declared in this scope
     if(_pinIn == A6 || _pinIn == A7){
                                  ^~
/Users/alranel/Documents/git/arduino/arduino-testlib/cli-datadir/user/libraries/MteCore/src/util/InputCore.h:76:34: note: suggested alternative: &#39;A6&#39;
     if(_pinIn == A6 || _pinIn == A7){
                                  ^~
                                  A6
/Users/alranel/Documents/git/arduino/arduino-testlib/cli-datadir/user/libraries/MteCore/src/util/InputCore.h: In member function &#39;void InputCore::process(long unsigned int)&#39;:
/Users/alranel/Documents/git/arduino/arduino-testlib/cli-datadir/user/libraries/MteCore/src/util/InputCore.h:84:34: error: &#39;A7&#39; was not declared in this scope
     if(_pinIn == A6 || _pinIn == A7){
                                  ^~
/Users/alranel/Documents/git/arduino/arduino-testlib/cli-datadir/user/libraries/MteCore/src/util/InputCore.h:84:34: note: suggested alternative: &#39;A6&#39;
     if(_pinIn == A6 || _pinIn == A7){
                                  ^~
                                  A6
In file included from /Users/alranel/Documents/git/arduino/arduino-testlib/cli-datadir/user/libraries/MteCore/src/MteCore.h:127:0,
                 from /Users/alranel/Documents/git/arduino/arduino-testlib/cli-datadir/user/libraries/MteCore/examples/InputEvent_Example/InputEvent_Example.ino:6:
/Users/alranel/Documents/git/arduino/arduino-testlib/cli-datadir/user/libraries/MteCore/src/util/TimerCore.h: At global scope:
/Users/alranel/Documents/git/arduino/arduino-testlib/cli-datadir/user/libraries/MteCore/src/util/TimerCore.h:28:43: error: default argument given for parameter 1 of &#39;Timer::Timer(long unsigned int)&#39; [-fpermissive]
     Timer::Timer(unsigned long interval=-1)
                                           ^
/Users/alranel/Documents/git/arduino/arduino-testlib/cli-datadir/user/libraries/MteCore/src/util/TimerCore.h:16:9: note: previous specification in &#39;Timer::Timer(long unsigned int)&#39; here
         Timer(unsigned long interval=-1);
         ^~~~~
In file included from /Users/alranel/Documents/git/arduino/arduino-testlib/cli-datadir/user/libraries/MteCore/src/MteCore.h:128:0,
                 from /Users/alranel/Documents/git/arduino/arduino-testlib/cli-datadir/user/libraries/MteCore/examples/InputEvent_Example/InputEvent_Example.ino:6:
/Users/alranel/Documents/git/arduino/arduino-testlib/cli-datadir/user/libraries/MteCore/src/util/CounterCore.h:51:47: error: default argument given for parameter 1 of &#39;void Counter::setIncreaseValue(int)&#39; [-fpermissive]
     void Counter::setIncreaseValue(int value=1){
                                               ^
/Users/alranel/Documents/git/arduino/arduino-testlib/cli-datadir/user/libraries/MteCore/src/util/CounterCore.h:20:14: note: previous specification in &#39;void Counter::setIncreaseValue(int)&#39; here
         void setIncreaseValue(int value = 1);
              ^~~~~~~~~~~~~~~~
In file included from /Users/alranel/Documents/git/arduino/arduino-testlib/cli-datadir/user/libraries/MteCore/examples/InputEvent_Example/InputEvent_Example.ino:6:0:
/Users/alranel/Documents/git/arduino/arduino-testlib/cli-datadir/user/libraries/MteCore/src/MteCore.h:176:19: error: &#39;A7&#39; was not declared in this scope
     InputCore IN9(A7);
                   ^~
/Users/alranel/Documents/git/arduino/arduino-testlib/cli-datadir/user/libraries/MteCore/src/MteCore.h:176:19: note: suggested alternative: &#39;A6&#39;
     InputCore IN9(A7);
                   ^~
                   A6

</pre>
					
					<h4>examples/InputEvent_setDebounceDelay_Example</h4>
					<p>
						Result: <b>FAIL</b>
					</p>
					<pre class="pre-scrollable">In file included from /Users/alranel/Documents/git/arduino/arduino-testlib/cli-datadir/user/libraries/MteCore/src/MteCore.h:125:0,
                 from /Users/alranel/Documents/git/arduino/arduino-testlib/cli-datadir/user/libraries/MteCore/examples/InputEvent_setDebounceDelay_Example/InputEvent_setDebounceDelay_Example.ino:10:
/Users/alranel/Documents/git/arduino/arduino-testlib/cli-datadir/user/libraries/MteCore/src/util/InputCore.h: In constructor &#39;InputCore::InputCore(uint8_t)&#39;:
/Users/alranel/Documents/git/arduino/arduino-testlib/cli-datadir/user/libraries/MteCore/src/util/InputCore.h:38:34: error: &#39;A7&#39; was not declared in this scope
     if(_pinIn == A6 || _pinIn == A7){
                                  ^~
/Users/alranel/Documents/git/arduino/arduino-testlib/cli-datadir/user/libraries/MteCore/src/util/InputCore.h:38:34: note: suggested alternative: &#39;A6&#39;
     if(_pinIn == A6 || _pinIn == A7){
                                  ^~
                                  A6
/Users/alranel/Documents/git/arduino/arduino-testlib/cli-datadir/user/libraries/MteCore/src/util/InputCore.h: In member function &#39;bool InputCore::isEnable()&#39;:
/Users/alranel/Documents/git/arduino/arduino-testlib/cli-datadir/user/libraries/MteCore/src/util/InputCore.h:76:34: error: &#39;A7&#39; was not declared in this scope
     if(_pinIn == A6 || _pinIn == A7){
                                  ^~
/Users/alranel/Documents/git/arduino/arduino-testlib/cli-datadir/user/libraries/MteCore/src/util/InputCore.h:76:34: note: suggested alternative: &#39;A6&#39;
     if(_pinIn == A6 || _pinIn == A7){
                                  ^~
                                  A6
/Users/alranel/Documents/git/arduino/arduino-testlib/cli-datadir/user/libraries/MteCore/src/util/InputCore.h: In member function &#39;void InputCore::process(long unsigned int)&#39;:
/Users/alranel/Documents/git/arduino/arduino-testlib/cli-datadir/user/libraries/MteCore/src/util/InputCore.h:84:34: error: &#39;A7&#39; was not declared in this scope
     if(_pinIn == A6 || _pinIn == A7){
                                  ^~
/Users/alranel/Documents/git/arduino/arduino-testlib/cli-datadir/user/libraries/MteCore/src/util/InputCore.h:84:34: note: suggested alternative: &#39;A6&#39;
     if(_pinIn == A6 || _pinIn == A7){
                                  ^~
                                  A6
In file included from /Users/alranel/Documents/git/arduino/arduino-testlib/cli-datadir/user/libraries/MteCore/src/MteCore.h:127:0,
                 from /Users/alranel/Documents/git/arduino/arduino-testlib/cli-datadir/user/libraries/MteCore/examples/InputEvent_setDebounceDelay_Example/InputEvent_setDebounceDelay_Example.ino:10:
/Users/alranel/Documents/git/arduino/arduino-testlib/cli-datadir/user/libraries/MteCore/src/util/TimerCore.h: At global scope:
/Users/alranel/Documents/git/arduino/arduino-testlib/cli-datadir/user/libraries/MteCore/src/util/TimerCore.h:28:43: error: default argument given for parameter 1 of &#39;Timer::Timer(long unsigned int)&#39; [-fpermissive]
     Timer::Timer(unsigned long interval=-1)
                                           ^
/Users/alranel/Documents/git/arduino/arduino-testlib/cli-datadir/user/libraries/MteCore/src/util/TimerCore.h:16:9: note: previous specification in &#39;Timer::Timer(long unsigned int)&#39; here
         Timer(unsigned long interval=-1);
         ^~~~~
In file included from /Users/alranel/Documents/git/arduino/arduino-testlib/cli-datadir/user/libraries/MteCore/src/MteCore.h:128:0,
                 from /Users/alranel/Documents/git/arduino/arduino-testlib/cli-datadir/user/libraries/MteCore/examples/InputEvent_setDebounceDelay_Example/InputEvent_setDebounceDelay_Example.ino:10:
/Users/alranel/Documents/git/arduino/arduino-testlib/cli-datadir/user/libraries/MteCore/src/util/CounterCore.h:51:47: error: default argument given for parameter 1 of &#39;void Counter::setIncreaseValue(int)&#39; [-fpermissive]
     void Counter::setIncreaseValue(int value=1){
                                               ^
/Users/alranel/Documents/git/arduino/arduino-testlib/cli-datadir/user/libraries/MteCore/src/util/CounterCore.h:20:14: note: previous specification in &#39;void Counter::setIncreaseValue(int)&#39; here
         void setIncreaseValue(int value = 1);
              ^~~~~~~~~~~~~~~~
In file included from /Users/alranel/Documents/git/arduino/arduino-testlib/cli-datadir/user/libraries/MteCore/examples/InputEvent_setDebounceDelay_Example/InputEvent_setDebounceDelay_Example.ino:10:0:
/Users/alranel/Documents/git/arduino/arduino-testlib/cli-datadir/user/libraries/MteCore/src/MteCore.h:176:19: error: &#39;A7&#39; was not declared in this scope
     InputCore IN9(A7);
                   ^~
/Users/alranel/Documents/git/arduino/arduino-testlib/cli-datadir/user/libraries/MteCore/src/MteCore.h:176:19: note: suggested alternative: &#39;A6&#39;
     InputCore IN9(A7);
                   ^~
                   A6

</pre>
					
					<h4>examples/Options_Example</h4>
					<p>
						Result: <b>FAIL</b>
					</p>
					<pre class="pre-scrollable">In file included from /Users/alranel/Documents/git/arduino/arduino-testlib/cli-datadir/user/libraries/MteCore/src/MteCore.h:125:0,
                 from /Users/alranel/Documents/git/arduino/arduino-testlib/cli-datadir/user/libraries/MteCore/examples/Options_Example/Options_Example.ino:60:
/Users/alranel/Documents/git/arduino/arduino-testlib/cli-datadir/user/libraries/MteCore/src/util/InputCore.h: In constructor &#39;InputCore::InputCore(uint8_t)&#39;:
/Users/alranel/Documents/git/arduino/arduino-testlib/cli-datadir/user/libraries/MteCore/src/util/InputCore.h:38:34: error: &#39;A7&#39; was not declared in this scope
     if(_pinIn == A6 || _pinIn == A7){
                                  ^~
/Users/alranel/Documents/git/arduino/arduino-testlib/cli-datadir/user/libraries/MteCore/src/util/InputCore.h:38:34: note: suggested alternative: &#39;A6&#39;
     if(_pinIn == A6 || _pinIn == A7){
                                  ^~
                                  A6
/Users/alranel/Documents/git/arduino/arduino-testlib/cli-datadir/user/libraries/MteCore/src/util/InputCore.h: In member function &#39;bool InputCore::isEnable()&#39;:
/Users/alranel/Documents/git/arduino/arduino-testlib/cli-datadir/user/libraries/MteCore/src/util/InputCore.h:76:34: error: &#39;A7&#39; was not declared in this scope
     if(_pinIn == A6 || _pinIn == A7){
                                  ^~
/Users/alranel/Documents/git/arduino/arduino-testlib/cli-datadir/user/libraries/MteCore/src/util/InputCore.h:76:34: note: suggested alternative: &#39;A6&#39;
     if(_pinIn == A6 || _pinIn == A7){
                                  ^~
                                  A6
/Users/alranel/Documents/git/arduino/arduino-testlib/cli-datadir/user/libraries/MteCore/src/util/InputCore.h: In member function &#39;void InputCore::process(long unsigned int)&#39;:
/Users/alranel/Documents/git/arduino/arduino-testlib/cli-datadir/user/libraries/MteCore/src/util/InputCore.h:84:34: error: &#39;A7&#39; was not declared in this scope
     if(_pinIn == A6 || _pinIn == A7){
                                  ^~
/Users/alranel/Documents/git/arduino/arduino-testlib/cli-datadir/user/libraries/MteCore/src/util/InputCore.h:84:34: note: suggested alternative: &#39;A6&#39;
     if(_pinIn == A6 || _pinIn == A7){
                                  ^~
                                  A6
In file included from /Users/alranel/Documents/git/arduino/arduino-testlib/cli-datadir/user/libraries/MteCore/src/MteCore.h:127:0,
                 from /Users/alranel/Documents/git/arduino/arduino-testlib/cli-datadir/user/libraries/MteCore/examples/Options_Example/Options_Example.ino:60:
/Users/alranel/Documents/git/arduino/arduino-testlib/cli-datadir/user/libraries/MteCore/src/util/TimerCore.h: At global scope:
/Users/alranel/Documents/git/arduino/arduino-testlib/cli-datadir/user/libraries/MteCore/src/util/TimerCore.h:28:43: error: default argument given for parameter 1 of &#39;Timer::Timer(long unsigned int)&#39; [-fpermissive]
     Timer::Timer(unsigned long interval=-1)
                                           ^
/Users/alranel/Documents/git/arduino/arduino-testlib/cli-datadir/user/libraries/MteCore/src/util/TimerCore.h:16:9: note: previous specification in &#39;Timer::Timer(long unsigned int)&#39; here
         Timer(unsigned long interval=-1);
         ^~~~~
In file included from /Users/alranel/Documents/git/arduino/arduino-testlib/cli-datadir/user/libraries/MteCore/src/MteCore.h:128:0,
                 from /Users/alranel/Documents/git/arduino/arduino-testlib/cli-datadir/user/libraries/MteCore/examples/Options_Example/Options_Example.ino:60:
/Users/alranel/Documents/git/arduino/arduino-testlib/cli-datadir/user/libraries/MteCore/src/util/CounterCore.h:51:47: error: default argument given for parameter 1 of &#39;void Counter::setIncreaseValue(int)&#39; [-fpermissive]
     void Counter::setIncreaseValue(int value=1){
                                               ^
/Users/alranel/Documents/git/arduino/arduino-testlib/cli-datadir/user/libraries/MteCore/src/util/CounterCore.h:20:14: note: previous specification in &#39;void Counter::setIncreaseValue(int)&#39; here
         void setIncreaseValue(int value = 1);
              ^~~~~~~~~~~~~~~~
In file included from /Users/alranel/Documents/git/arduino/arduino-testlib/cli-datadir/user/libraries/MteCore/examples/Options_Example/Options_Example.ino:60:0:
/Users/alranel/Documents/git/arduino/arduino-testlib/cli-datadir/user/libraries/MteCore/src/MteCore.h:176:19: error: &#39;A7&#39; was not declared in this scope
     InputCore IN9(A7);
                   ^~
/Users/alranel/Documents/git/arduino/arduino-testlib/cli-datadir/user/libraries/MteCore/src/MteCore.h:176:19: note: suggested alternative: &#39;A6&#39;
     InputCore IN9(A7);
                   ^~
                   A6

</pre>
					
					<h4>examples/OutputEvent_Example</h4>
					<p>
						Result: <b>FAIL</b>
					</p>
					<pre class="pre-scrollable">In file included from /Users/alranel/Documents/git/arduino/arduino-testlib/cli-datadir/user/libraries/MteCore/src/MteCore.h:125:0,
                 from /Users/alranel/Documents/git/arduino/arduino-testlib/cli-datadir/user/libraries/MteCore/examples/OutputEvent_Example/OutputEvent_Example.ino:9:
/Users/alranel/Documents/git/arduino/arduino-testlib/cli-datadir/user/libraries/MteCore/src/util/InputCore.h: In constructor &#39;InputCore::InputCore(uint8_t)&#39;:
/Users/alranel/Documents/git/arduino/arduino-testlib/cli-datadir/user/libraries/MteCore/src/util/InputCore.h:38:34: error: &#39;A7&#39; was not declared in this scope
     if(_pinIn == A6 || _pinIn == A7){
                                  ^~
/Users/alranel/Documents/git/arduino/arduino-testlib/cli-datadir/user/libraries/MteCore/src/util/InputCore.h:38:34: note: suggested alternative: &#39;A6&#39;
     if(_pinIn == A6 || _pinIn == A7){
                                  ^~
                                  A6
/Users/alranel/Documents/git/arduino/arduino-testlib/cli-datadir/user/libraries/MteCore/src/util/InputCore.h: In member function &#39;bool InputCore::isEnable()&#39;:
/Users/alranel/Documents/git/arduino/arduino-testlib/cli-datadir/user/libraries/MteCore/src/util/InputCore.h:76:34: error: &#39;A7&#39; was not declared in this scope
     if(_pinIn == A6 || _pinIn == A7){
                                  ^~
/Users/alranel/Documents/git/arduino/arduino-testlib/cli-datadir/user/libraries/MteCore/src/util/InputCore.h:76:34: note: suggested alternative: &#39;A6&#39;
     if(_pinIn == A6 || _pinIn == A7){
                                  ^~
                                  A6
/Users/alranel/Documents/git/arduino/arduino-testlib/cli-datadir/user/libraries/MteCore/src/util/InputCore.h: In member function &#39;void InputCore::process(long unsigned int)&#39;:
/Users/alranel/Documents/git/arduino/arduino-testlib/cli-datadir/user/libraries/MteCore/src/util/InputCore.h:84:34: error: &#39;A7&#39; was not declared in this scope
     if(_pinIn == A6 || _pinIn == A7){
                                  ^~
/Users/alranel/Documents/git/arduino/arduino-testlib/cli-datadir/user/libraries/MteCore/src/util/InputCore.h:84:34: note: suggested alternative: &#39;A6&#39;
     if(_pinIn == A6 || _pinIn == A7){
                                  ^~
                                  A6
In file included from /Users/alranel/Documents/git/arduino/arduino-testlib/cli-datadir/user/libraries/MteCore/src/MteCore.h:127:0,
                 from /Users/alranel/Documents/git/arduino/arduino-testlib/cli-datadir/user/libraries/MteCore/examples/OutputEvent_Example/OutputEvent_Example.ino:9:
/Users/alranel/Documents/git/arduino/arduino-testlib/cli-datadir/user/libraries/MteCore/src/util/TimerCore.h: At global scope:
/Users/alranel/Documents/git/arduino/arduino-testlib/cli-datadir/user/libraries/MteCore/src/util/TimerCore.h:28:43: error: default argument given for parameter 1 of &#39;Timer::Timer(long unsigned int)&#39; [-fpermissive]
     Timer::Timer(unsigned long interval=-1)
                                           ^
/Users/alranel/Documents/git/arduino/arduino-testlib/cli-datadir/user/libraries/MteCore/src/util/TimerCore.h:16:9: note: previous specification in &#39;Timer::Timer(long unsigned int)&#39; here
         Timer(unsigned long interval=-1);
         ^~~~~
In file included from /Users/alranel/Documents/git/arduino/arduino-testlib/cli-datadir/user/libraries/MteCore/src/MteCore.h:128:0,
                 from /Users/alranel/Documents/git/arduino/arduino-testlib/cli-datadir/user/libraries/MteCore/examples/OutputEvent_Example/OutputEvent_Example.ino:9:
/Users/alranel/Documents/git/arduino/arduino-testlib/cli-datadir/user/libraries/MteCore/src/util/CounterCore.h:51:47: error: default argument given for parameter 1 of &#39;void Counter::setIncreaseValue(int)&#39; [-fpermissive]
     void Counter::setIncreaseValue(int value=1){
                                               ^
/Users/alranel/Documents/git/arduino/arduino-testlib/cli-datadir/user/libraries/MteCore/src/util/CounterCore.h:20:14: note: previous specification in &#39;void Counter::setIncreaseValue(int)&#39; here
         void setIncreaseValue(int value = 1);
              ^~~~~~~~~~~~~~~~
In file included from /Users/alranel/Documents/git/arduino/arduino-testlib/cli-datadir/user/libraries/MteCore/examples/OutputEvent_Example/OutputEvent_Example.ino:9:0:
/Users/alranel/Documents/git/arduino/arduino-testlib/cli-datadir/user/libraries/MteCore/src/MteCore.h:176:19: error: &#39;A7&#39; was not declared in this scope
     InputCore IN9(A7);
                   ^~
/Users/alranel/Documents/git/arduino/arduino-testlib/cli-datadir/user/libraries/MteCore/src/MteCore.h:176:19: note: suggested alternative: &#39;A6&#39;
     InputCore IN9(A7);
                   ^~
                   A6

</pre>
					
					<h4>examples/PWM_Example</h4>
					<p>
						Result: <b>FAIL</b>
					</p>
					<pre class="pre-scrollable">In file included from /Users/alranel/Documents/git/arduino/arduino-testlib/cli-datadir/user/libraries/MteCore/src/MteCore.h:125:0,
                 from /Users/alranel/Documents/git/arduino/arduino-testlib/cli-datadir/user/libraries/MteCore/examples/PWM_Example/PWM_Example.ino:10:
/Users/alranel/Documents/git/arduino/arduino-testlib/cli-datadir/user/libraries/MteCore/src/util/InputCore.h: In constructor &#39;InputCore::InputCore(uint8_t)&#39;:
/Users/alranel/Documents/git/arduino/arduino-testlib/cli-datadir/user/libraries/MteCore/src/util/InputCore.h:38:34: error: &#39;A7&#39; was not declared in this scope
     if(_pinIn == A6 || _pinIn == A7){
                                  ^~
/Users/alranel/Documents/git/arduino/arduino-testlib/cli-datadir/user/libraries/MteCore/src/util/InputCore.h:38:34: note: suggested alternative: &#39;A6&#39;
     if(_pinIn == A6 || _pinIn == A7){
                                  ^~
                                  A6
/Users/alranel/Documents/git/arduino/arduino-testlib/cli-datadir/user/libraries/MteCore/src/util/InputCore.h: In member function &#39;bool InputCore::isEnable()&#39;:
/Users/alranel/Documents/git/arduino/arduino-testlib/cli-datadir/user/libraries/MteCore/src/util/InputCore.h:76:34: error: &#39;A7&#39; was not declared in this scope
     if(_pinIn == A6 || _pinIn == A7){
                                  ^~
/Users/alranel/Documents/git/arduino/arduino-testlib/cli-datadir/user/libraries/MteCore/src/util/InputCore.h:76:34: note: suggested alternative: &#39;A6&#39;
     if(_pinIn == A6 || _pinIn == A7){
                                  ^~
                                  A6
/Users/alranel/Documents/git/arduino/arduino-testlib/cli-datadir/user/libraries/MteCore/src/util/InputCore.h: In member function &#39;void InputCore::process(long unsigned int)&#39;:
/Users/alranel/Documents/git/arduino/arduino-testlib/cli-datadir/user/libraries/MteCore/src/util/InputCore.h:84:34: error: &#39;A7&#39; was not declared in this scope
     if(_pinIn == A6 || _pinIn == A7){
                                  ^~
/Users/alranel/Documents/git/arduino/arduino-testlib/cli-datadir/user/libraries/MteCore/src/util/InputCore.h:84:34: note: suggested alternative: &#39;A6&#39;
     if(_pinIn == A6 || _pinIn == A7){
                                  ^~
                                  A6
In file included from /Users/alranel/Documents/git/arduino/arduino-testlib/cli-datadir/user/libraries/MteCore/src/MteCore.h:127:0,
                 from /Users/alranel/Documents/git/arduino/arduino-testlib/cli-datadir/user/libraries/MteCore/examples/PWM_Example/PWM_Example.ino:10:
/Users/alranel/Documents/git/arduino/arduino-testlib/cli-datadir/user/libraries/MteCore/src/util/TimerCore.h: At global scope:
/Users/alranel/Documents/git/arduino/arduino-testlib/cli-datadir/user/libraries/MteCore/src/util/TimerCore.h:28:43: error: default argument given for parameter 1 of &#39;Timer::Timer(long unsigned int)&#39; [-fpermissive]
     Timer::Timer(unsigned long interval=-1)
                                           ^
/Users/alranel/Documents/git/arduino/arduino-testlib/cli-datadir/user/libraries/MteCore/src/util/TimerCore.h:16:9: note: previous specification in &#39;Timer::Timer(long unsigned int)&#39; here
         Timer(unsigned long interval=-1);
         ^~~~~
In file included from /Users/alranel/Documents/git/arduino/arduino-testlib/cli-datadir/user/libraries/MteCore/src/MteCore.h:128:0,
                 from /Users/alranel/Documents/git/arduino/arduino-testlib/cli-datadir/user/libraries/MteCore/examples/PWM_Example/PWM_Example.ino:10:
/Users/alranel/Documents/git/arduino/arduino-testlib/cli-datadir/user/libraries/MteCore/src/util/CounterCore.h:51:47: error: default argument given for parameter 1 of &#39;void Counter::setIncreaseValue(int)&#39; [-fpermissive]
     void Counter::setIncreaseValue(int value=1){
                                               ^
/Users/alranel/Documents/git/arduino/arduino-testlib/cli-datadir/user/libraries/MteCore/src/util/CounterCore.h:20:14: note: previous specification in &#39;void Counter::setIncreaseValue(int)&#39; here
         void setIncreaseValue(int value = 1);
              ^~~~~~~~~~~~~~~~
In file included from /Users/alranel/Documents/git/arduino/arduino-testlib/cli-datadir/user/libraries/MteCore/examples/PWM_Example/PWM_Example.ino:10:0:
/Users/alranel/Documents/git/arduino/arduino-testlib/cli-datadir/user/libraries/MteCore/src/MteCore.h:176:19: error: &#39;A7&#39; was not declared in this scope
     InputCore IN9(A7);
                   ^~
/Users/alranel/Documents/git/arduino/arduino-testlib/cli-datadir/user/libraries/MteCore/src/MteCore.h:176:19: note: suggested alternative: &#39;A6&#39;
     InputCore IN9(A7);
                   ^~
                   A6

</pre>
					
					<h4>examples/PWM_SmoothPWM_Example</h4>
					<p>
						Result: <b>FAIL</b>
					</p>
					<pre class="pre-scrollable">In file included from /Users/alranel/Documents/git/arduino/arduino-testlib/cli-datadir/user/libraries/MteCore/src/MteCore.h:125:0,
                 from /Users/alranel/Documents/git/arduino/arduino-testlib/cli-datadir/user/libraries/MteCore/examples/PWM_SmoothPWM_Example/PWM_SmoothPWM_Example.ino:13:
/Users/alranel/Documents/git/arduino/arduino-testlib/cli-datadir/user/libraries/MteCore/src/util/InputCore.h: In constructor &#39;InputCore::InputCore(uint8_t)&#39;:
/Users/alranel/Documents/git/arduino/arduino-testlib/cli-datadir/user/libraries/MteCore/src/util/InputCore.h:38:34: error: &#39;A7&#39; was not declared in this scope
     if(_pinIn == A6 || _pinIn == A7){
                                  ^~
/Users/alranel/Documents/git/arduino/arduino-testlib/cli-datadir/user/libraries/MteCore/src/util/InputCore.h:38:34: note: suggested alternative: &#39;A6&#39;
     if(_pinIn == A6 || _pinIn == A7){
                                  ^~
                                  A6
/Users/alranel/Documents/git/arduino/arduino-testlib/cli-datadir/user/libraries/MteCore/src/util/InputCore.h: In member function &#39;bool InputCore::isEnable()&#39;:
/Users/alranel/Documents/git/arduino/arduino-testlib/cli-datadir/user/libraries/MteCore/src/util/InputCore.h:76:34: error: &#39;A7&#39; was not declared in this scope
     if(_pinIn == A6 || _pinIn == A7){
                                  ^~
/Users/alranel/Documents/git/arduino/arduino-testlib/cli-datadir/user/libraries/MteCore/src/util/InputCore.h:76:34: note: suggested alternative: &#39;A6&#39;
     if(_pinIn == A6 || _pinIn == A7){
                                  ^~
                                  A6
/Users/alranel/Documents/git/arduino/arduino-testlib/cli-datadir/user/libraries/MteCore/src/util/InputCore.h: In member function &#39;void InputCore::process(long unsigned int)&#39;:
/Users/alranel/Documents/git/arduino/arduino-testlib/cli-datadir/user/libraries/MteCore/src/util/InputCore.h:84:34: error: &#39;A7&#39; was not declared in this scope
     if(_pinIn == A6 || _pinIn == A7){
                                  ^~
/Users/alranel/Documents/git/arduino/arduino-testlib/cli-datadir/user/libraries/MteCore/src/util/InputCore.h:84:34: note: suggested alternative: &#39;A6&#39;
     if(_pinIn == A6 || _pinIn == A7){
                                  ^~
                                  A6
In file included from /Users/alranel/Documents/git/arduino/arduino-testlib/cli-datadir/user/libraries/MteCore/src/MteCore.h:127:0,
                 from /Users/alranel/Documents/git/arduino/arduino-testlib/cli-datadir/user/libraries/MteCore/examples/PWM_SmoothPWM_Example/PWM_SmoothPWM_Example.ino:13:
/Users/alranel/Documents/git/arduino/arduino-testlib/cli-datadir/user/libraries/MteCore/src/util/TimerCore.h: At global scope:
/Users/alranel/Documents/git/arduino/arduino-testlib/cli-datadir/user/libraries/MteCore/src/util/TimerCore.h:28:43: error: default argument given for parameter 1 of &#39;Timer::Timer(long unsigned int)&#39; [-fpermissive]
     Timer::Timer(unsigned long interval=-1)
                                           ^
/Users/alranel/Documents/git/arduino/arduino-testlib/cli-datadir/user/libraries/MteCore/src/util/TimerCore.h:16:9: note: previous specification in &#39;Timer::Timer(long unsigned int)&#39; here
         Timer(unsigned long interval=-1);
         ^~~~~
In file included from /Users/alranel/Documents/git/arduino/arduino-testlib/cli-datadir/user/libraries/MteCore/src/MteCore.h:128:0,
                 from /Users/alranel/Documents/git/arduino/arduino-testlib/cli-datadir/user/libraries/MteCore/examples/PWM_SmoothPWM_Example/PWM_SmoothPWM_Example.ino:13:
/Users/alranel/Documents/git/arduino/arduino-testlib/cli-datadir/user/libraries/MteCore/src/util/CounterCore.h:51:47: error: default argument given for parameter 1 of &#39;void Counter::setIncreaseValue(int)&#39; [-fpermissive]
     void Counter::setIncreaseValue(int value=1){
                                               ^
/Users/alranel/Documents/git/arduino/arduino-testlib/cli-datadir/user/libraries/MteCore/src/util/CounterCore.h:20:14: note: previous specification in &#39;void Counter::setIncreaseValue(int)&#39; here
         void setIncreaseValue(int value = 1);
              ^~~~~~~~~~~~~~~~
In file included from /Users/alranel/Documents/git/arduino/arduino-testlib/cli-datadir/user/libraries/MteCore/examples/PWM_SmoothPWM_Example/PWM_SmoothPWM_Example.ino:13:0:
/Users/alranel/Documents/git/arduino/arduino-testlib/cli-datadir/user/libraries/MteCore/src/MteCore.h:176:19: error: &#39;A7&#39; was not declared in this scope
     InputCore IN9(A7);
                   ^~
/Users/alranel/Documents/git/arduino/arduino-testlib/cli-datadir/user/libraries/MteCore/src/MteCore.h:176:19: note: suggested alternative: &#39;A6&#39;
     InputCore IN9(A7);
                   ^~
                   A6

</pre>
					
					<h4>examples/TimerEvent_AdvancedPulse_Example</h4>
					<p>
						Result: <b>FAIL</b>
					</p>
					<pre class="pre-scrollable">In file included from /Users/alranel/Documents/git/arduino/arduino-testlib/cli-datadir/user/libraries/MteCore/src/MteCore.h:125:0,
                 from /Users/alranel/Documents/git/arduino/arduino-testlib/cli-datadir/user/libraries/MteCore/examples/TimerEvent_AdvancedPulse_Example/TimerEvent_AdvancedPulse_Example.ino:7:
/Users/alranel/Documents/git/arduino/arduino-testlib/cli-datadir/user/libraries/MteCore/src/util/InputCore.h: In constructor &#39;InputCore::InputCore(uint8_t)&#39;:
/Users/alranel/Documents/git/arduino/arduino-testlib/cli-datadir/user/libraries/MteCore/src/util/InputCore.h:38:34: error: &#39;A7&#39; was not declared in this scope
     if(_pinIn == A6 || _pinIn == A7){
                                  ^~
/Users/alranel/Documents/git/arduino/arduino-testlib/cli-datadir/user/libraries/MteCore/src/util/InputCore.h:38:34: note: suggested alternative: &#39;A6&#39;
     if(_pinIn == A6 || _pinIn == A7){
                                  ^~
                                  A6
/Users/alranel/Documents/git/arduino/arduino-testlib/cli-datadir/user/libraries/MteCore/src/util/InputCore.h: In member function &#39;bool InputCore::isEnable()&#39;:
/Users/alranel/Documents/git/arduino/arduino-testlib/cli-datadir/user/libraries/MteCore/src/util/InputCore.h:76:34: error: &#39;A7&#39; was not declared in this scope
     if(_pinIn == A6 || _pinIn == A7){
                                  ^~
/Users/alranel/Documents/git/arduino/arduino-testlib/cli-datadir/user/libraries/MteCore/src/util/InputCore.h:76:34: note: suggested alternative: &#39;A6&#39;
     if(_pinIn == A6 || _pinIn == A7){
                                  ^~
                                  A6
/Users/alranel/Documents/git/arduino/arduino-testlib/cli-datadir/user/libraries/MteCore/src/util/InputCore.h: In member function &#39;void InputCore::process(long unsigned int)&#39;:
/Users/alranel/Documents/git/arduino/arduino-testlib/cli-datadir/user/libraries/MteCore/src/util/InputCore.h:84:34: error: &#39;A7&#39; was not declared in this scope
     if(_pinIn == A6 || _pinIn == A7){
                                  ^~
/Users/alranel/Documents/git/arduino/arduino-testlib/cli-datadir/user/libraries/MteCore/src/util/InputCore.h:84:34: note: suggested alternative: &#39;A6&#39;
     if(_pinIn == A6 || _pinIn == A7){
                                  ^~
                                  A6
In file included from /Users/alranel/Documents/git/arduino/arduino-testlib/cli-datadir/user/libraries/MteCore/src/MteCore.h:127:0,
                 from /Users/alranel/Documents/git/arduino/arduino-testlib/cli-datadir/user/libraries/MteCore/examples/TimerEvent_AdvancedPulse_Example/TimerEvent_AdvancedPulse_Example.ino:7:
/Users/alranel/Documents/git/arduino/arduino-testlib/cli-datadir/user/libraries/MteCore/src/util/TimerCore.h: At global scope:
/Users/alranel/Documents/git/arduino/arduino-testlib/cli-datadir/user/libraries/MteCore/src/util/TimerCore.h:28:43: error: default argument given for parameter 1 of &#39;Timer::Timer(long unsigned int)&#39; [-fpermissive]
     Timer::Timer(unsigned long interval=-1)
                                           ^
/Users/alranel/Documents/git/arduino/arduino-testlib/cli-datadir/user/libraries/MteCore/src/util/TimerCore.h:16:9: note: previous specification in &#39;Timer::Timer(long unsigned int)&#39; here
         Timer(unsigned long interval=-1);
         ^~~~~
In file included from /Users/alranel/Documents/git/arduino/arduino-testlib/cli-datadir/user/libraries/MteCore/src/MteCore.h:128:0,
                 from /Users/alranel/Documents/git/arduino/arduino-testlib/cli-datadir/user/libraries/MteCore/examples/TimerEvent_AdvancedPulse_Example/TimerEvent_AdvancedPulse_Example.ino:7:
/Users/alranel/Documents/git/arduino/arduino-testlib/cli-datadir/user/libraries/MteCore/src/util/CounterCore.h:51:47: error: default argument given for parameter 1 of &#39;void Counter::setIncreaseValue(int)&#39; [-fpermissive]
     void Counter::setIncreaseValue(int value=1){
                                               ^
/Users/alranel/Documents/git/arduino/arduino-testlib/cli-datadir/user/libraries/MteCore/src/util/CounterCore.h:20:14: note: previous specification in &#39;void Counter::setIncreaseValue(int)&#39; here
         void setIncreaseValue(int value = 1);
              ^~~~~~~~~~~~~~~~
In file included from /Users/alranel/Documents/git/arduino/arduino-testlib/cli-datadir/user/libraries/MteCore/examples/TimerEvent_AdvancedPulse_Example/TimerEvent_AdvancedPulse_Example.ino:7:0:
/Users/alranel/Documents/git/arduino/arduino-testlib/cli-datadir/user/libraries/MteCore/src/MteCore.h:176:19: error: &#39;A7&#39; was not declared in this scope
     InputCore IN9(A7);
                   ^~
/Users/alranel/Documents/git/arduino/arduino-testlib/cli-datadir/user/libraries/MteCore/src/MteCore.h:176:19: note: suggested alternative: &#39;A6&#39;
     InputCore IN9(A7);
                   ^~
                   A6

</pre>
					
					<h4>examples/TimerEvent_Example</h4>
					<p>
						Result: <b>FAIL</b>
					</p>
					<pre class="pre-scrollable">In file included from /Users/alranel/Documents/git/arduino/arduino-testlib/cli-datadir/user/libraries/MteCore/src/MteCore.h:125:0,
                 from /Users/alranel/Documents/git/arduino/arduino-testlib/cli-datadir/user/libraries/MteCore/examples/TimerEvent_Example/TimerEvent_Example.ino:8:
/Users/alranel/Documents/git/arduino/arduino-testlib/cli-datadir/user/libraries/MteCore/src/util/InputCore.h: In constructor &#39;InputCore::InputCore(uint8_t)&#39;:
/Users/alranel/Documents/git/arduino/arduino-testlib/cli-datadir/user/libraries/MteCore/src/util/InputCore.h:38:34: error: &#39;A7&#39; was not declared in this scope
     if(_pinIn == A6 || _pinIn == A7){
                                  ^~
/Users/alranel/Documents/git/arduino/arduino-testlib/cli-datadir/user/libraries/MteCore/src/util/InputCore.h:38:34: note: suggested alternative: &#39;A6&#39;
     if(_pinIn == A6 || _pinIn == A7){
                                  ^~
                                  A6
/Users/alranel/Documents/git/arduino/arduino-testlib/cli-datadir/user/libraries/MteCore/src/util/InputCore.h: In member function &#39;bool InputCore::isEnable()&#39;:
/Users/alranel/Documents/git/arduino/arduino-testlib/cli-datadir/user/libraries/MteCore/src/util/InputCore.h:76:34: error: &#39;A7&#39; was not declared in this scope
     if(_pinIn == A6 || _pinIn == A7){
                                  ^~
/Users/alranel/Documents/git/arduino/arduino-testlib/cli-datadir/user/libraries/MteCore/src/util/InputCore.h:76:34: note: suggested alternative: &#39;A6&#39;
     if(_pinIn == A6 || _pinIn == A7){
                                  ^~
                                  A6
/Users/alranel/Documents/git/arduino/arduino-testlib/cli-datadir/user/libraries/MteCore/src/util/InputCore.h: In member function &#39;void InputCore::process(long unsigned int)&#39;:
/Users/alranel/Documents/git/arduino/arduino-testlib/cli-datadir/user/libraries/MteCore/src/util/InputCore.h:84:34: error: &#39;A7&#39; was not declared in this scope
     if(_pinIn == A6 || _pinIn == A7){
                                  ^~
/Users/alranel/Documents/git/arduino/arduino-testlib/cli-datadir/user/libraries/MteCore/src/util/InputCore.h:84:34: note: suggested alternative: &#39;A6&#39;
     if(_pinIn == A6 || _pinIn == A7){
                                  ^~
                                  A6
In file included from /Users/alranel/Documents/git/arduino/arduino-testlib/cli-datadir/user/libraries/MteCore/src/MteCore.h:127:0,
                 from /Users/alranel/Documents/git/arduino/arduino-testlib/cli-datadir/user/libraries/MteCore/examples/TimerEvent_Example/TimerEvent_Example.ino:8:
/Users/alranel/Documents/git/arduino/arduino-testlib/cli-datadir/user/libraries/MteCore/src/util/TimerCore.h: At global scope:
/Users/alranel/Documents/git/arduino/arduino-testlib/cli-datadir/user/libraries/MteCore/src/util/TimerCore.h:28:43: error: default argument given for parameter 1 of &#39;Timer::Timer(long unsigned int)&#39; [-fpermissive]
     Timer::Timer(unsigned long interval=-1)
                                           ^
/Users/alranel/Documents/git/arduino/arduino-testlib/cli-datadir/user/libraries/MteCore/src/util/TimerCore.h:16:9: note: previous specification in &#39;Timer::Timer(long unsigned int)&#39; here
         Timer(unsigned long interval=-1);
         ^~~~~
In file included from /Users/alranel/Documents/git/arduino/arduino-testlib/cli-datadir/user/libraries/MteCore/src/MteCore.h:128:0,
                 from /Users/alranel/Documents/git/arduino/arduino-testlib/cli-datadir/user/libraries/MteCore/examples/TimerEvent_Example/TimerEvent_Example.ino:8:
/Users/alranel/Documents/git/arduino/arduino-testlib/cli-datadir/user/libraries/MteCore/src/util/CounterCore.h:51:47: error: default argument given for parameter 1 of &#39;void Counter::setIncreaseValue(int)&#39; [-fpermissive]
     void Counter::setIncreaseValue(int value=1){
                                               ^
/Users/alranel/Documents/git/arduino/arduino-testlib/cli-datadir/user/libraries/MteCore/src/util/CounterCore.h:20:14: note: previous specification in &#39;void Counter::setIncreaseValue(int)&#39; here
         void setIncreaseValue(int value = 1);
              ^~~~~~~~~~~~~~~~
In file included from /Users/alranel/Documents/git/arduino/arduino-testlib/cli-datadir/user/libraries/MteCore/examples/TimerEvent_Example/TimerEvent_Example.ino:8:0:
/Users/alranel/Documents/git/arduino/arduino-testlib/cli-datadir/user/libraries/MteCore/src/MteCore.h:176:19: error: &#39;A7&#39; was not declared in this scope
     InputCore IN9(A7);
                   ^~
/Users/alranel/Documents/git/arduino/arduino-testlib/cli-datadir/user/libraries/MteCore/src/MteCore.h:176:19: note: suggested alternative: &#39;A6&#39;
     InputCore IN9(A7);
                   ^~
                   A6

</pre>
					
				
				<h3 id="esp32:esp32:d1_mini32">esp32:esp32:d1_mini32 @ 1.0.6</h3>
				<h4>Inclusion</h4>
				<p>
					Result: <b>FAIL</b>
					
				</p>
				<pre class="pre-scrollable">In file included from /home/ec2-user/arduino-testlib/cli-datadir/user/libraries/MteCore/src/MteCore.h:127:0,
                 from /tmp/arduino-testlib2008486437/test/test.ino:1:
/home/ec2-user/arduino-testlib/cli-datadir/user/libraries/MteCore/src/util/TimerCore.h:28:43: error: default argument given for parameter 1 of &#39;Timer::Timer(long unsigned int)&#39; [-fpermissive]
     Timer::Timer(unsigned long interval=-1)
                                           ^
/home/ec2-user/arduino-testlib/cli-datadir/user/libraries/MteCore/src/util/TimerCore.h:16:9: note: previous specification in &#39;Timer::Timer(long unsigned int)&#39; here
         Timer(unsigned long interval=-1);
         ^
In file included from /home/ec2-user/arduino-testlib/cli-datadir/user/libraries/MteCore/src/MteCore.h:128:0,
                 from /tmp/arduino-testlib2008486437/test/test.ino:1:
/home/ec2-user/arduino-testlib/cli-datadir/user/libraries/MteCore/src/util/CounterCore.h:51:47: error: default argument given for parameter 1 of &#39;void Counter::setIncreaseValue(int)&#39; [-fpermissive]
     void Counter::setIncreaseValue(int value=1){
                                               ^
/home/ec2-user/arduino-testlib/cli-datadir/user/libraries/MteCore/src/util/CounterCore.h:20:14: note: previous specification in &#39;void Counter::setIncreaseValue(int)&#39; here
         void setIncreaseValue(int value = 1);
              ^
In file included from /tmp/arduino-testlib2008486437/test/test.ino:1:0:
/home/ec2-user/arduino-testlib/cli-datadir/user/libraries/MteCore/src/MteCore.h:236:19: error: &#39;A2&#39; was not declared in this scope
   OutputCore OUT2(A2);
                   ^
/home/ec2-user/arduino-testlib/cli-datadir/user/libraries/MteCore/src/MteCore.h:239:19: error: &#39;A1&#39; was not declared in this scope
   OutputCore OUT3(A1);
                   ^

</pre>

					
					<h4>examples/Analog_Example</h4>
					<p>
						Result: <b>FAIL</b>
					</p>
					<pre class="pre-scrollable">In file included from /home/ec2-user/arduino-testlib/cli-datadir/user/libraries/MteCore/src/MteCore.h:127:0,
                 from /home/ec2-user/arduino-testlib/cli-datadir/user/libraries/MteCore/examples/Analog_Example/Analog_Example.ino:20:
/home/ec2-user/arduino-testlib/cli-datadir/user/libraries/MteCore/src/util/TimerCore.h:28:43: error: default argument given for parameter 1 of &#39;Timer::Timer(long unsigned int)&#39; [-fpermissive]
     Timer::Timer(unsigned long interval=-1)
                                           ^
/home/ec2-user/arduino-testlib/cli-datadir/user/libraries/MteCore/src/util/TimerCore.h:16:9: note: previous specification in &#39;Timer::Timer(long unsigned int)&#39; here
         Timer(unsigned long interval=-1);
         ^
In file included from /home/ec2-user/arduino-testlib/cli-datadir/user/libraries/MteCore/src/MteCore.h:128:0,
                 from /home/ec2-user/arduino-testlib/cli-datadir/user/libraries/MteCore/examples/Analog_Example/Analog_Example.ino:20:
/home/ec2-user/arduino-testlib/cli-datadir/user/libraries/MteCore/src/util/CounterCore.h:51:47: error: default argument given for parameter 1 of &#39;void Counter::setIncreaseValue(int)&#39; [-fpermissive]
     void Counter::setIncreaseValue(int value=1){
                                               ^
/home/ec2-user/arduino-testlib/cli-datadir/user/libraries/MteCore/src/util/CounterCore.h:20:14: note: previous specification in &#39;void Counter::setIncreaseValue(int)&#39; here
         void setIncreaseValue(int value = 1);
              ^
In file included from /home/ec2-user/arduino-testlib/cli-datadir/user/libraries/MteCore/examples/Analog_Example/Analog_Example.ino:20:0:
/home/ec2-user/arduino-testlib/cli-datadir/user/libraries/MteCore/src/MteCore.h:236:19: error: &#39;A2&#39; was not declared in this scope
   OutputCore OUT2(A2);
                   ^
/home/ec2-user/arduino-testlib/cli-datadir/user/libraries/MteCore/src/MteCore.h:239:19: error: &#39;A1&#39; was not declared in this scope
   OutputCore OUT3(A1);
                   ^

</pre>
					
					<h4>examples/Counter_Example</h4>
					<p>
						Result: <b>FAIL</b>
					</p>
					<pre class="pre-scrollable">In file included from /home/ec2-user/arduino-testlib/cli-datadir/user/libraries/MteCore/src/MteCore.h:127:0,
                 from /home/ec2-user/arduino-testlib/cli-datadir/user/libraries/MteCore/examples/Counter_Example/Counter_Example.ino:8:
/home/ec2-user/arduino-testlib/cli-datadir/user/libraries/MteCore/src/util/TimerCore.h:28:43: error: default argument given for parameter 1 of &#39;Timer::Timer(long unsigned int)&#39; [-fpermissive]
     Timer::Timer(unsigned long interval=-1)
                                           ^
/home/ec2-user/arduino-testlib/cli-datadir/user/libraries/MteCore/src/util/TimerCore.h:16:9: note: previous specification in &#39;Timer::Timer(long unsigned int)&#39; here
         Timer(unsigned long interval=-1);
         ^
In file included from /home/ec2-user/arduino-testlib/cli-datadir/user/libraries/MteCore/src/MteCore.h:128:0,
                 from /home/ec2-user/arduino-testlib/cli-datadir/user/libraries/MteCore/examples/Counter_Example/Counter_Example.ino:8:
/home/ec2-user/arduino-testlib/cli-datadir/user/libraries/MteCore/src/util/CounterCore.h:51:47: error: default argument given for parameter 1 of &#39;void Counter::setIncreaseValue(int)&#39; [-fpermissive]
     void Counter::setIncreaseValue(int value=1){
                                               ^
/home/ec2-user/arduino-testlib/cli-datadir/user/libraries/MteCore/src/util/CounterCore.h:20:14: note: previous specification in &#39;void Counter::setIncreaseValue(int)&#39; here
         void setIncreaseValue(int value = 1);
              ^
In file included from /home/ec2-user/arduino-testlib/cli-datadir/user/libraries/MteCore/examples/Counter_Example/Counter_Example.ino:8:0:
/home/ec2-user/arduino-testlib/cli-datadir/user/libraries/MteCore/src/MteCore.h:236:19: error: &#39;A2&#39; was not declared in this scope
   OutputCore OUT2(A2);
                   ^
/home/ec2-user/arduino-testlib/cli-datadir/user/libraries/MteCore/src/MteCore.h:239:19: error: &#39;A1&#39; was not declared in this scope
   OutputCore OUT3(A1);
                   ^

</pre>
					
					<h4>examples/InputEvent_Example</h4>
					<p>
						Result: <b>FAIL</b>
					</p>
					<pre class="pre-scrollable">In file included from /home/ec2-user/arduino-testlib/cli-datadir/user/libraries/MteCore/src/MteCore.h:127:0,
                 from /home/ec2-user/arduino-testlib/cli-datadir/user/libraries/MteCore/examples/InputEvent_Example/InputEvent_Example.ino:6:
/home/ec2-user/arduino-testlib/cli-datadir/user/libraries/MteCore/src/util/TimerCore.h:28:43: error: default argument given for parameter 1 of &#39;Timer::Timer(long unsigned int)&#39; [-fpermissive]
     Timer::Timer(unsigned long interval=-1)
                                           ^
/home/ec2-user/arduino-testlib/cli-datadir/user/libraries/MteCore/src/util/TimerCore.h:16:9: note: previous specification in &#39;Timer::Timer(long unsigned int)&#39; here
         Timer(unsigned long interval=-1);
         ^
In file included from /home/ec2-user/arduino-testlib/cli-datadir/user/libraries/MteCore/src/MteCore.h:128:0,
                 from /home/ec2-user/arduino-testlib/cli-datadir/user/libraries/MteCore/examples/InputEvent_Example/InputEvent_Example.ino:6:
/home/ec2-user/arduino-testlib/cli-datadir/user/libraries/MteCore/src/util/CounterCore.h:51:47: error: default argument given for parameter 1 of &#39;void Counter::setIncreaseValue(int)&#39; [-fpermissive]
     void Counter::setIncreaseValue(int value=1){
                                               ^
/home/ec2-user/arduino-testlib/cli-datadir/user/libraries/MteCore/src/util/CounterCore.h:20:14: note: previous specification in &#39;void Counter::setIncreaseValue(int)&#39; here
         void setIncreaseValue(int value = 1);
              ^
In file included from /home/ec2-user/arduino-testlib/cli-datadir/user/libraries/MteCore/examples/InputEvent_Example/InputEvent_Example.ino:6:0:
/home/ec2-user/arduino-testlib/cli-datadir/user/libraries/MteCore/src/MteCore.h:236:19: error: &#39;A2&#39; was not declared in this scope
   OutputCore OUT2(A2);
                   ^
/home/ec2-user/arduino-testlib/cli-datadir/user/libraries/MteCore/src/MteCore.h:239:19: error: &#39;A1&#39; was not declared in this scope
   OutputCore OUT3(A1);
                   ^

</pre>
					
					<h4>examples/InputEvent_setDebounceDelay_Example</h4>
					<p>
						Result: <b>FAIL</b>
					</p>
					<pre class="pre-scrollable">In file included from /home/ec2-user/arduino-testlib/cli-datadir/user/libraries/MteCore/src/MteCore.h:127:0,
                 from /home/ec2-user/arduino-testlib/cli-datadir/user/libraries/MteCore/examples/InputEvent_setDebounceDelay_Example/InputEvent_setDebounceDelay_Example.ino:10:
/home/ec2-user/arduino-testlib/cli-datadir/user/libraries/MteCore/src/util/TimerCore.h:28:43: error: default argument given for parameter 1 of &#39;Timer::Timer(long unsigned int)&#39; [-fpermissive]
     Timer::Timer(unsigned long interval=-1)
                                           ^
/home/ec2-user/arduino-testlib/cli-datadir/user/libraries/MteCore/src/util/TimerCore.h:16:9: note: previous specification in &#39;Timer::Timer(long unsigned int)&#39; here
         Timer(unsigned long interval=-1);
         ^
In file included from /home/ec2-user/arduino-testlib/cli-datadir/user/libraries/MteCore/src/MteCore.h:128:0,
                 from /home/ec2-user/arduino-testlib/cli-datadir/user/libraries/MteCore/examples/InputEvent_setDebounceDelay_Example/InputEvent_setDebounceDelay_Example.ino:10:
/home/ec2-user/arduino-testlib/cli-datadir/user/libraries/MteCore/src/util/CounterCore.h:51:47: error: default argument given for parameter 1 of &#39;void Counter::setIncreaseValue(int)&#39; [-fpermissive]
     void Counter::setIncreaseValue(int value=1){
                                               ^
/home/ec2-user/arduino-testlib/cli-datadir/user/libraries/MteCore/src/util/CounterCore.h:20:14: note: previous specification in &#39;void Counter::setIncreaseValue(int)&#39; here
         void setIncreaseValue(int value = 1);
              ^
In file included from /home/ec2-user/arduino-testlib/cli-datadir/user/libraries/MteCore/examples/InputEvent_setDebounceDelay_Example/InputEvent_setDebounceDelay_Example.ino:10:0:
/home/ec2-user/arduino-testlib/cli-datadir/user/libraries/MteCore/src/MteCore.h:236:19: error: &#39;A2&#39; was not declared in this scope
   OutputCore OUT2(A2);
                   ^
/home/ec2-user/arduino-testlib/cli-datadir/user/libraries/MteCore/src/MteCore.h:239:19: error: &#39;A1&#39; was not declared in this scope
   OutputCore OUT3(A1);
                   ^

</pre>
					
					<h4>examples/Options_Example</h4>
					<p>
						Result: <b>FAIL</b>
					</p>
					<pre class="pre-scrollable">In file included from /home/ec2-user/arduino-testlib/cli-datadir/user/libraries/MteCore/src/MteCore.h:127:0,
                 from /home/ec2-user/arduino-testlib/cli-datadir/user/libraries/MteCore/examples/Options_Example/Options_Example.ino:60:
/home/ec2-user/arduino-testlib/cli-datadir/user/libraries/MteCore/src/util/TimerCore.h:28:43: error: default argument given for parameter 1 of &#39;Timer::Timer(long unsigned int)&#39; [-fpermissive]
     Timer::Timer(unsigned long interval=-1)
                                           ^
/home/ec2-user/arduino-testlib/cli-datadir/user/libraries/MteCore/src/util/TimerCore.h:16:9: note: previous specification in &#39;Timer::Timer(long unsigned int)&#39; here
         Timer(unsigned long interval=-1);
         ^
In file included from /home/ec2-user/arduino-testlib/cli-datadir/user/libraries/MteCore/src/MteCore.h:128:0,
                 from /home/ec2-user/arduino-testlib/cli-datadir/user/libraries/MteCore/examples/Options_Example/Options_Example.ino:60:
/home/ec2-user/arduino-testlib/cli-datadir/user/libraries/MteCore/src/util/CounterCore.h:51:47: error: default argument given for parameter 1 of &#39;void Counter::setIncreaseValue(int)&#39; [-fpermissive]
     void Counter::setIncreaseValue(int value=1){
                                               ^
/home/ec2-user/arduino-testlib/cli-datadir/user/libraries/MteCore/src/util/CounterCore.h:20:14: note: previous specification in &#39;void Counter::setIncreaseValue(int)&#39; here
         void setIncreaseValue(int value = 1);
              ^
In file included from /home/ec2-user/arduino-testlib/cli-datadir/user/libraries/MteCore/examples/Options_Example/Options_Example.ino:60:0:
/home/ec2-user/arduino-testlib/cli-datadir/user/libraries/MteCore/src/MteCore.h:236:19: error: &#39;A2&#39; was not declared in this scope
   OutputCore OUT2(A2);
                   ^
/home/ec2-user/arduino-testlib/cli-datadir/user/libraries/MteCore/src/MteCore.h:239:19: error: &#39;A1&#39; was not declared in this scope
   OutputCore OUT3(A1);
                   ^

</pre>
					
					<h4>examples/OutputEvent_Example</h4>
					<p>
						Result: <b>FAIL</b>
					</p>
					<pre class="pre-scrollable">In file included from /home/ec2-user/arduino-testlib/cli-datadir/user/libraries/MteCore/src/MteCore.h:127:0,
                 from /home/ec2-user/arduino-testlib/cli-datadir/user/libraries/MteCore/examples/OutputEvent_Example/OutputEvent_Example.ino:9:
/home/ec2-user/arduino-testlib/cli-datadir/user/libraries/MteCore/src/util/TimerCore.h:28:43: error: default argument given for parameter 1 of &#39;Timer::Timer(long unsigned int)&#39; [-fpermissive]
     Timer::Timer(unsigned long interval=-1)
                                           ^
/home/ec2-user/arduino-testlib/cli-datadir/user/libraries/MteCore/src/util/TimerCore.h:16:9: note: previous specification in &#39;Timer::Timer(long unsigned int)&#39; here
         Timer(unsigned long interval=-1);
         ^
In file included from /home/ec2-user/arduino-testlib/cli-datadir/user/libraries/MteCore/src/MteCore.h:128:0,
                 from /home/ec2-user/arduino-testlib/cli-datadir/user/libraries/MteCore/examples/OutputEvent_Example/OutputEvent_Example.ino:9:
/home/ec2-user/arduino-testlib/cli-datadir/user/libraries/MteCore/src/util/CounterCore.h:51:47: error: default argument given for parameter 1 of &#39;void Counter::setIncreaseValue(int)&#39; [-fpermissive]
     void Counter::setIncreaseValue(int value=1){
                                               ^
/home/ec2-user/arduino-testlib/cli-datadir/user/libraries/MteCore/src/util/CounterCore.h:20:14: note: previous specification in &#39;void Counter::setIncreaseValue(int)&#39; here
         void setIncreaseValue(int value = 1);
              ^
In file included from /home/ec2-user/arduino-testlib/cli-datadir/user/libraries/MteCore/examples/OutputEvent_Example/OutputEvent_Example.ino:9:0:
/home/ec2-user/arduino-testlib/cli-datadir/user/libraries/MteCore/src/MteCore.h:236:19: error: &#39;A2&#39; was not declared in this scope
   OutputCore OUT2(A2);
                   ^
/home/ec2-user/arduino-testlib/cli-datadir/user/libraries/MteCore/src/MteCore.h:239:19: error: &#39;A1&#39; was not declared in this scope
   OutputCore OUT3(A1);
                   ^

</pre>
					
					<h4>examples/PWM_Example</h4>
					<p>
						Result: <b>FAIL</b>
					</p>
					<pre class="pre-scrollable">In file included from /home/ec2-user/arduino-testlib/cli-datadir/user/libraries/MteCore/src/MteCore.h:127:0,
                 from /home/ec2-user/arduino-testlib/cli-datadir/user/libraries/MteCore/examples/PWM_Example/PWM_Example.ino:10:
/home/ec2-user/arduino-testlib/cli-datadir/user/libraries/MteCore/src/util/TimerCore.h:28:43: error: default argument given for parameter 1 of &#39;Timer::Timer(long unsigned int)&#39; [-fpermissive]
     Timer::Timer(unsigned long interval=-1)
                                           ^
/home/ec2-user/arduino-testlib/cli-datadir/user/libraries/MteCore/src/util/TimerCore.h:16:9: note: previous specification in &#39;Timer::Timer(long unsigned int)&#39; here
         Timer(unsigned long interval=-1);
         ^
In file included from /home/ec2-user/arduino-testlib/cli-datadir/user/libraries/MteCore/src/MteCore.h:128:0,
                 from /home/ec2-user/arduino-testlib/cli-datadir/user/libraries/MteCore/examples/PWM_Example/PWM_Example.ino:10:
/home/ec2-user/arduino-testlib/cli-datadir/user/libraries/MteCore/src/util/CounterCore.h:51:47: error: default argument given for parameter 1 of &#39;void Counter::setIncreaseValue(int)&#39; [-fpermissive]
     void Counter::setIncreaseValue(int value=1){
                                               ^
/home/ec2-user/arduino-testlib/cli-datadir/user/libraries/MteCore/src/util/CounterCore.h:20:14: note: previous specification in &#39;void Counter::setIncreaseValue(int)&#39; here
         void setIncreaseValue(int value = 1);
              ^
In file included from /home/ec2-user/arduino-testlib/cli-datadir/user/libraries/MteCore/src/MteCore.h:133:0,
                 from /home/ec2-user/arduino-testlib/cli-datadir/user/libraries/MteCore/examples/PWM_Example/PWM_Example.ino:10:
/home/ec2-user/arduino-testlib/cli-datadir/user/libraries/MteCore/src/util/PWMCore.h: In member function &#39;void PWMCore::setValue(uint8_t)&#39;:
/home/ec2-user/arduino-testlib/cli-datadir/user/libraries/MteCore/src/util/PWMCore.h:71:43: error: &#39;analogWrite&#39; was not declared in this scope
                 analogWrite(_pinIn,_valNow);
                                           ^
In file included from /home/ec2-user/arduino-testlib/cli-datadir/user/libraries/MteCore/examples/PWM_Example/PWM_Example.ino:10:0:
/home/ec2-user/arduino-testlib/cli-datadir/user/libraries/MteCore/src/MteCore.h: At global scope:
/home/ec2-user/arduino-testlib/cli-datadir/user/libraries/MteCore/src/MteCore.h:236:19: error: &#39;A2&#39; was not declared in this scope
   OutputCore OUT2(A2);
                   ^
/home/ec2-user/arduino-testlib/cli-datadir/user/libraries/MteCore/src/MteCore.h:239:19: error: &#39;A1&#39; was not declared in this scope
   OutputCore OUT3(A1);
                   ^

</pre>
					
					<h4>examples/PWM_SmoothPWM_Example</h4>
					<p>
						Result: <b>FAIL</b>
					</p>
					<pre class="pre-scrollable">In file included from /home/ec2-user/arduino-testlib/cli-datadir/user/libraries/MteCore/src/MteCore.h:127:0,
                 from /home/ec2-user/arduino-testlib/cli-datadir/user/libraries/MteCore/examples/PWM_SmoothPWM_Example/PWM_SmoothPWM_Example.ino:13:
/home/ec2-user/arduino-testlib/cli-datadir/user/libraries/MteCore/src/util/TimerCore.h:28:43: error: default argument given for parameter 1 of &#39;Timer::Timer(long unsigned int)&#39; [-fpermissive]
     Timer::Timer(unsigned long interval=-1)
                                           ^
/home/ec2-user/arduino-testlib/cli-datadir/user/libraries/MteCore/src/util/TimerCore.h:16:9: note: previous specification in &#39;Timer::Timer(long unsigned int)&#39; here
         Timer(unsigned long interval=-1);
         ^
In file included from /home/ec2-user/arduino-testlib/cli-datadir/user/libraries/MteCore/src/MteCore.h:128:0,
                 from /home/ec2-user/arduino-testlib/cli-datadir/user/libraries/MteCore/examples/PWM_SmoothPWM_Example/PWM_SmoothPWM_Example.ino:13:
/home/ec2-user/arduino-testlib/cli-datadir/user/libraries/MteCore/src/util/CounterCore.h:51:47: error: default argument given for parameter 1 of &#39;void Counter::setIncreaseValue(int)&#39; [-fpermissive]
     void Counter::setIncreaseValue(int value=1){
                                               ^
/home/ec2-user/arduino-testlib/cli-datadir/user/libraries/MteCore/src/util/CounterCore.h:20:14: note: previous specification in &#39;void Counter::setIncreaseValue(int)&#39; here
         void setIncreaseValue(int value = 1);
              ^
In file included from /home/ec2-user/arduino-testlib/cli-datadir/user/libraries/MteCore/src/MteCore.h:133:0,
                 from /home/ec2-user/arduino-testlib/cli-datadir/user/libraries/MteCore/examples/PWM_SmoothPWM_Example/PWM_SmoothPWM_Example.ino:13:
/home/ec2-user/arduino-testlib/cli-datadir/user/libraries/MteCore/src/util/PWMCore.h: In member function &#39;void PWMCore::setValue(uint8_t)&#39;:
/home/ec2-user/arduino-testlib/cli-datadir/user/libraries/MteCore/src/util/PWMCore.h:62:43: error: &#39;analogWrite&#39; was not declared in this scope
                 analogWrite(_pinIn,_valNow);
                                           ^
/home/ec2-user/arduino-testlib/cli-datadir/user/libraries/MteCore/src/util/PWMCore.h: In member function &#39;void PWMCore::process(long unsigned int)&#39;:
/home/ec2-user/arduino-testlib/cli-datadir/user/libraries/MteCore/src/util/PWMCore.h:84:47: error: &#39;analogWrite&#39; was not declared in this scope
                     analogWrite(_pinIn,_valNow);
                                               ^
/home/ec2-user/arduino-testlib/cli-datadir/user/libraries/MteCore/src/util/PWMCore.h:95:51: error: &#39;analogWrite&#39; was not declared in this scope
                         analogWrite(_pinIn,_valNow);
                                                   ^
/home/ec2-user/arduino-testlib/cli-datadir/user/libraries/MteCore/src/util/PWMCore.h:98:51: error: &#39;analogWrite&#39; was not declared in this scope
                         analogWrite(_pinIn,_valNow);
                                                   ^
In file included from /home/ec2-user/arduino-testlib/cli-datadir/user/libraries/MteCore/examples/PWM_SmoothPWM_Example/PWM_SmoothPWM_Example.ino:13:0:
/home/ec2-user/arduino-testlib/cli-datadir/user/libraries/MteCore/src/MteCore.h: At global scope:
/home/ec2-user/arduino-testlib/cli-datadir/user/libraries/MteCore/src/MteCore.h:236:19: error: &#39;A2&#39; was not declared in this scope
   OutputCore OUT2(A2);
                   ^
/home/ec2-user/arduino-testlib/cli-datadir/user/libraries/MteCore/src/MteCore.h:239:19: error: &#39;A1&#39; was not declared in this scope
   OutputCore OUT3(A1);
                   ^

</pre>
					
					<h4>examples/TimerEvent_AdvancedPulse_Example</h4>
					<p>
						Result: <b>FAIL</b>
					</p>
					<pre class="pre-scrollable">In file included from /home/ec2-user/arduino-testlib/cli-datadir/user/libraries/MteCore/src/MteCore.h:127:0,
                 from /home/ec2-user/arduino-testlib/cli-datadir/user/libraries/MteCore/examples/TimerEvent_AdvancedPulse_Example/TimerEvent_AdvancedPulse_Example.ino:7:
/home/ec2-user/arduino-testlib/cli-datadir/user/libraries/MteCore/src/util/TimerCore.h:28:43: error: default argument given for parameter 1 of &#39;Timer::Timer(long unsigned int)&#39; [-fpermissive]
     Timer::Timer(unsigned long interval=-1)
                                           ^
/home/ec2-user/arduino-testlib/cli-datadir/user/libraries/MteCore/src/util/TimerCore.h:16:9: note: previous specification in &#39;Timer::Timer(long unsigned int)&#39; here
         Timer(unsigned long interval=-1);
         ^
In file included from /home/ec2-user/arduino-testlib/cli-datadir/user/libraries/MteCore/src/MteCore.h:128:0,
                 from /home/ec2-user/arduino-testlib/cli-datadir/user/libraries/MteCore/examples/TimerEvent_AdvancedPulse_Example/TimerEvent_AdvancedPulse_Example.ino:7:
/home/ec2-user/arduino-testlib/cli-datadir/user/libraries/MteCore/src/util/CounterCore.h:51:47: error: default argument given for parameter 1 of &#39;void Counter::setIncreaseValue(int)&#39; [-fpermissive]
     void Counter::setIncreaseValue(int value=1){
                                               ^
/home/ec2-user/arduino-testlib/cli-datadir/user/libraries/MteCore/src/util/CounterCore.h:20:14: note: previous specification in &#39;void Counter::setIncreaseValue(int)&#39; here
         void setIncreaseValue(int value = 1);
              ^
In file included from /home/ec2-user/arduino-testlib/cli-datadir/user/libraries/MteCore/examples/TimerEvent_AdvancedPulse_Example/TimerEvent_AdvancedPulse_Example.ino:7:0:
/home/ec2-user/arduino-testlib/cli-datadir/user/libraries/MteCore/src/MteCore.h:236:19: error: &#39;A2&#39; was not declared in this scope
   OutputCore OUT2(A2);
                   ^
/home/ec2-user/arduino-testlib/cli-datadir/user/libraries/MteCore/src/MteCore.h:239:19: error: &#39;A1&#39; was not declared in this scope
   OutputCore OUT3(A1);
                   ^

</pre>
					
					<h4>examples/TimerEvent_Example</h4>
					<p>
						Result: <b>FAIL</b>
					</p>
					<pre class="pre-scrollable">In file included from /home/ec2-user/arduino-testlib/cli-datadir/user/libraries/MteCore/src/MteCore.h:127:0,
                 from /home/ec2-user/arduino-testlib/cli-datadir/user/libraries/MteCore/examples/TimerEvent_Example/TimerEvent_Example.ino:8:
/home/ec2-user/arduino-testlib/cli-datadir/user/libraries/MteCore/src/util/TimerCore.h:28:43: error: default argument given for parameter 1 of &#39;Timer::Timer(long unsigned int)&#39; [-fpermissive]
     Timer::Timer(unsigned long interval=-1)
                                           ^
/home/ec2-user/arduino-testlib/cli-datadir/user/libraries/MteCore/src/util/TimerCore.h:16:9: note: previous specification in &#39;Timer::Timer(long unsigned int)&#39; here
         Timer(unsigned long interval=-1);
         ^
In file included from /home/ec2-user/arduino-testlib/cli-datadir/user/libraries/MteCore/src/MteCore.h:128:0,
                 from /home/ec2-user/arduino-testlib/cli-datadir/user/libraries/MteCore/examples/TimerEvent_Example/TimerEvent_Example.ino:8:
/home/ec2-user/arduino-testlib/cli-datadir/user/libraries/MteCore/src/util/CounterCore.h:51:47: error: default argument given for parameter 1 of &#39;void Counter::setIncreaseValue(int)&#39; [-fpermissive]
     void Counter::setIncreaseValue(int value=1){
                                               ^
/home/ec2-user/arduino-testlib/cli-datadir/user/libraries/MteCore/src/util/CounterCore.h:20:14: note: previous specification in &#39;void Counter::setIncreaseValue(int)&#39; here
         void setIncreaseValue(int value = 1);
              ^
In file included from /home/ec2-user/arduino-testlib/cli-datadir/user/libraries/MteCore/examples/TimerEvent_Example/TimerEvent_Example.ino:8:0:
/home/ec2-user/arduino-testlib/cli-datadir/user/libraries/MteCore/src/MteCore.h:236:19: error: &#39;A2&#39; was not declared in this scope
   OutputCore OUT2(A2);
                   ^
/home/ec2-user/arduino-testlib/cli-datadir/user/libraries/MteCore/src/MteCore.h:239:19: error: &#39;A1&#39; was not declared in this scope
   OutputCore OUT3(A1);
                   ^

</pre>
					
				
			</div>
		</div>
	</div>
  </body>
</html>
