
<!doctype html>
<html lang="en">
  <head>
    <meta charset="utf-8">
    <meta name="viewport" content="width=device-width, initial-scale=1">
    <link href="https://cdn.jsdelivr.net/npm/bootstrap@5.0.2/dist/css/bootstrap.min.css" rel="stylesheet" integrity="sha384-EVSTQN3/azprG1Anm3QDgpJLIm9Nao0Yz1ztcQTwFspd3yD65VohhpuuCOmLASjC" crossorigin="anonymous">
    <title>arduino-testlib report</title>
	<style>
	.pass { background-color: #00FF00 !important; }
	.fail { background-color: #FF0000 !important; }
	</style>
  </head>
  <body>
	<div class="container">
		<div class="row">
			<div class="col">
				<h1>N64Pad - compatibility matrix</h1>
				<p>
					<small>This report was generated on Wednesday, 23-Feb-22 22:48:15 CET using 
					<a href="https://github.com/alranel/arduino-testlib">arduino-testlib</a>.</small>
				</p>

				<h2>N64Pad</h2>
				<p>
					Version: <b>0.2.0</b>
					<br />
					<a href="https://www.arduino.cc/reference/en/libraries/n64pad/">More details</a>
				</p>

				<h2>Compatibility matrix</h2>
				<table class="table table-bordered">
					<tr>
						<th>Board</th>
						<th>Claims compatibility</th>
						<th>Inclusion</th>
						
						<th><pre>GCPadDump</pre></th>
						
						<th><pre>GCPadToUSB</pre></th>
						
						<th><pre>MegaDriveMultiplexer</pre></th>
						
						<th><pre>N64PadDump</pre></th>
						
						<th><pre>N64PadToMegaDrive</pre></th>
						
						<th><pre>N64PadToUSB</pre></th>
						
						<th><pre>N64PadToUsbDigispark</pre></th>
						
						<th><pre>GCKonamiCode</pre></th>
						
					</tr>
					
					<tr>
						<td>
							<a href="#arduino%3aavr%3auno"><b>arduino:avr:uno</b></a>
							<br />
							<small>1.8.4</small>
						</td>

						
							<td>Yes</td>
							<td class="pass">PASS</td>
						
						
						
						

						
							
								
									
										
									
										
											<td class="pass">PASS</td>
											
										
									
										
									
										
									
										
									
										
									
										
									
										
									
								
							
								
							
								
							
								
							
								
							
						
							
								
									
										
									
										
									
										
											
											<td class="fail">FAIL</td>
										
									
										
									
										
									
										
									
										
									
										
									
								
							
								
							
								
							
								
							
								
							
						
							
								
									
										
									
										
									
										
									
										
											<td class="pass">PASS</td>
											
										
									
										
									
										
									
										
									
										
									
								
							
								
							
								
							
								
							
								
							
						
							
								
									
										
									
										
									
										
									
										
									
										
											<td class="pass">PASS</td>
											
										
									
										
									
										
									
										
									
								
							
								
							
								
							
								
							
								
							
						
							
								
									
										
									
										
									
										
									
										
									
										
									
										
											<td class="pass">PASS</td>
											
										
									
										
									
										
									
								
							
								
							
								
							
								
							
								
							
						
							
								
									
										
									
										
									
										
									
										
									
										
									
										
									
										
											
											<td class="fail">FAIL</td>
										
									
										
									
								
							
								
							
								
							
								
							
								
							
						
							
								
									
										
									
										
									
										
									
										
									
										
									
										
									
										
									
										
											
											<td class="fail">FAIL</td>
										
									
								
							
								
							
								
							
								
							
								
							
						
							
								
									
										
											<td class="pass">PASS</td>
											
										
									
										
									
										
									
										
									
										
									
										
									
										
									
										
									
								
							
								
							
								
							
								
							
								
							
						
					</tr>
					
					<tr>
						<td>
							<a href="#arduino%3ambed_nano%3ananorp2040connect"><b>arduino:mbed_nano:nanorp2040connect</b></a>
							<br />
							<small>2.7.2</small>
						</td>

						
						
						
						
							<td>No</td>
							<td class="fail">FAIL</td>
						

						
							
								
							
								
									
										
									
										
											
											<td class="fail">FAIL</td>
										
									
										
									
										
									
										
									
										
									
										
									
										
									
								
							
								
							
								
							
								
							
						
							
								
							
								
									
										
									
										
									
										
											
											<td class="fail">FAIL</td>
										
									
										
									
										
									
										
									
										
									
										
									
								
							
								
							
								
							
								
							
						
							
								
							
								
									
										
									
										
									
										
									
										
											
											<td class="fail">FAIL</td>
										
									
										
									
										
									
										
									
										
									
								
							
								
							
								
							
								
							
						
							
								
							
								
									
										
									
										
									
										
									
										
									
										
											
											<td class="fail">FAIL</td>
										
									
										
									
										
									
										
									
								
							
								
							
								
							
								
							
						
							
								
							
								
									
										
									
										
									
										
									
										
									
										
									
										
											
											<td class="fail">FAIL</td>
										
									
										
									
										
									
								
							
								
							
								
							
								
							
						
							
								
							
								
									
										
									
										
									
										
									
										
									
										
									
										
									
										
											
											<td class="fail">FAIL</td>
										
									
										
									
								
							
								
							
								
							
								
							
						
							
								
							
								
									
										
									
										
									
										
									
										
									
										
									
										
									
										
									
										
											
											<td class="fail">FAIL</td>
										
									
								
							
								
							
								
							
								
							
						
							
								
							
								
									
										
											
											<td class="fail">FAIL</td>
										
									
										
									
										
									
										
									
										
									
										
									
										
									
										
									
								
							
								
							
								
							
								
							
						
					</tr>
					
					<tr>
						<td>
							<a href="#arduino%3amegaavr%3anona4809"><b>arduino:megaavr:nona4809</b></a>
							<br />
							<small>1.8.7</small>
						</td>

						
						
						
						
							<td>No</td>
							<td class="fail">FAIL</td>
						

						
							
								
							
								
							
								
									
										
									
										
											
											<td class="fail">FAIL</td>
										
									
										
									
										
									
										
									
										
									
										
									
										
									
								
							
								
							
								
							
						
							
								
							
								
							
								
									
										
									
										
									
										
											
											<td class="fail">FAIL</td>
										
									
										
									
										
									
										
									
										
									
										
									
								
							
								
							
								
							
						
							
								
							
								
							
								
									
										
									
										
									
										
									
										
											
											<td class="fail">FAIL</td>
										
									
										
									
										
									
										
									
										
									
								
							
								
							
								
							
						
							
								
							
								
							
								
									
										
									
										
									
										
									
										
									
										
											
											<td class="fail">FAIL</td>
										
									
										
									
										
									
										
									
								
							
								
							
								
							
						
							
								
							
								
							
								
									
										
									
										
									
										
									
										
									
										
									
										
											
											<td class="fail">FAIL</td>
										
									
										
									
										
									
								
							
								
							
								
							
						
							
								
							
								
							
								
									
										
									
										
									
										
									
										
									
										
									
										
									
										
											
											<td class="fail">FAIL</td>
										
									
										
									
								
							
								
							
								
							
						
							
								
							
								
							
								
									
										
									
										
									
										
									
										
									
										
									
										
									
										
									
										
											
											<td class="fail">FAIL</td>
										
									
								
							
								
							
								
							
						
							
								
							
								
							
								
									
										
											
											<td class="fail">FAIL</td>
										
									
										
									
										
									
										
									
										
									
										
									
										
									
										
									
								
							
								
							
								
							
						
					</tr>
					
					<tr>
						<td>
							<a href="#arduino%3asamd%3amkrwifi1010"><b>arduino:samd:mkrwifi1010</b></a>
							<br />
							<small>1.8.12</small>
						</td>

						
						
						
						
							<td>No</td>
							<td class="fail">FAIL</td>
						

						
							
								
							
								
							
								
							
								
									
										
									
										
											
											<td class="fail">FAIL</td>
										
									
										
									
										
									
										
									
										
									
										
									
										
									
								
							
								
							
						
							
								
							
								
							
								
							
								
									
										
									
										
									
										
											
											<td class="fail">FAIL</td>
										
									
										
									
										
									
										
									
										
									
										
									
								
							
								
							
						
							
								
							
								
							
								
							
								
									
										
									
										
									
										
									
										
											
											<td class="fail">FAIL</td>
										
									
										
									
										
									
										
									
										
									
								
							
								
							
						
							
								
							
								
							
								
							
								
									
										
									
										
									
										
									
										
									
										
											
											<td class="fail">FAIL</td>
										
									
										
									
										
									
										
									
								
							
								
							
						
							
								
							
								
							
								
							
								
									
										
									
										
									
										
									
										
									
										
									
										
											
											<td class="fail">FAIL</td>
										
									
										
									
										
									
								
							
								
							
						
							
								
							
								
							
								
							
								
									
										
									
										
									
										
									
										
									
										
									
										
									
										
											
											<td class="fail">FAIL</td>
										
									
										
									
								
							
								
							
						
							
								
							
								
							
								
							
								
									
										
									
										
									
										
									
										
									
										
									
										
									
										
									
										
											
											<td class="fail">FAIL</td>
										
									
								
							
								
							
						
							
								
							
								
							
								
							
								
									
										
											
											<td class="fail">FAIL</td>
										
									
										
									
										
									
										
									
										
									
										
									
										
									
										
									
								
							
								
							
						
					</tr>
					
					<tr>
						<td>
							<a href="#esp32%3aesp32%3ad1_mini32"><b>esp32:esp32:d1_mini32</b></a>
							<br />
							<small>1.0.6</small>
						</td>

						
						
						
						
							<td>No</td>
							<td class="fail">FAIL</td>
						

						
							
								
							
								
							
								
							
								
							
								
									
										
									
										
											
											<td class="fail">FAIL</td>
										
									
										
									
										
									
										
									
										
									
										
									
										
									
								
							
						
							
								
							
								
							
								
							
								
							
								
									
										
									
										
									
										
											
											<td class="fail">FAIL</td>
										
									
										
									
										
									
										
									
										
									
										
									
								
							
						
							
								
							
								
							
								
							
								
							
								
									
										
									
										
									
										
									
										
											
											<td class="fail">FAIL</td>
										
									
										
									
										
									
										
									
										
									
								
							
						
							
								
							
								
							
								
							
								
							
								
									
										
									
										
									
										
									
										
									
										
											
											<td class="fail">FAIL</td>
										
									
										
									
										
									
										
									
								
							
						
							
								
							
								
							
								
							
								
							
								
									
										
									
										
									
										
									
										
									
										
									
										
											
											<td class="fail">FAIL</td>
										
									
										
									
										
									
								
							
						
							
								
							
								
							
								
							
								
							
								
									
										
									
										
									
										
									
										
									
										
									
										
									
										
											
											<td class="fail">FAIL</td>
										
									
										
									
								
							
						
							
								
							
								
							
								
							
								
							
								
									
										
									
										
									
										
									
										
									
										
									
										
									
										
									
										
											
											<td class="fail">FAIL</td>
										
									
								
							
						
							
								
							
								
							
								
							
								
							
								
									
										
											
											<td class="fail">FAIL</td>
										
									
										
									
										
									
										
									
										
									
										
									
										
									
										
									
								
							
						
					</tr>
					
				</table>

				<h2>Compilation logs</h2>
				
				<h3 id="arduino:avr:uno">arduino:avr:uno @ 1.8.4</h3>
				<h4>Inclusion</h4>
				<p>
					Result: <b>PASS</b>
					
				</p>
				<pre class="pre-scrollable">Sketch uses 516 bytes (1%) of program storage space. Maximum is 32256 bytes.
Global variables use 17 bytes (0%) of dynamic memory, leaving 2031 bytes for local variables. Maximum is 2048 bytes.
</pre>

					
					<h4>examples/GCKonamiCode</h4>
					<p>
						Result: <b>PASS</b>
					</p>
					<pre class="pre-scrollable">Sketch uses 3032 bytes (9%) of program storage space. Maximum is 32256 bytes.
Global variables use 384 bytes (18%) of dynamic memory, leaving 1664 bytes for local variables. Maximum is 2048 bytes.
</pre>
					
					<h4>examples/GCPadDump</h4>
					<p>
						Result: <b>PASS</b>
					</p>
					<pre class="pre-scrollable">Sketch uses 3518 bytes (10%) of program storage space. Maximum is 32256 bytes.
Global variables use 381 bytes (18%) of dynamic memory, leaving 1667 bytes for local variables. Maximum is 2048 bytes.
</pre>
					
					<h4>examples/GCPadToUSB</h4>
					<p>
						Result: <b>FAIL</b>
					</p>
					<pre class="pre-scrollable">/home/ec2-user/arduino-testlib/cli-datadir/user/libraries/N64Pad/examples/GCPadToUSB/GCPadToUSB.ino:117:1: error: &#39;Joystick_&#39; does not name a type; did you mean &#39;Joystick&#39;?
 Joystick_ usbStick (
 ^~~~~~~~~
 Joystick
/home/ec2-user/arduino-testlib/cli-datadir/user/libraries/N64Pad/examples/GCPadToUSB/GCPadToUSB.ino: In function &#39;void setup()&#39;:
/home/ec2-user/arduino-testlib/cli-datadir/user/libraries/N64Pad/examples/GCPadToUSB/GCPadToUSB.ino:174:2: error: &#39;usbStick&#39; was not declared in this scope
  usbStick.begin (false);  // We&#39;ll call sendState() manually to minimize lag
  ^~~~~~~~
/home/ec2-user/arduino-testlib/cli-datadir/user/libraries/N64Pad/examples/GCPadToUSB/GCPadToUSB.ino:174:2: note: suggested alternative: &#39;Joystick&#39;
  usbStick.begin (false);  // We&#39;ll call sendState() manually to minimize lag
  ^~~~~~~~
  Joystick
/home/ec2-user/arduino-testlib/cli-datadir/user/libraries/N64Pad/examples/GCPadToUSB/GCPadToUSB.ino: In function &#39;void loop()&#39;:
/home/ec2-user/arduino-testlib/cli-datadir/user/libraries/N64Pad/examples/GCPadToUSB/GCPadToUSB.ino:192:2: error: &#39;usbStick&#39; was not declared in this scope
  usbStick.setButton (0, (pad.buttons &amp; GCPad::BTN_A) != 0);
  ^~~~~~~~
/home/ec2-user/arduino-testlib/cli-datadir/user/libraries/N64Pad/examples/GCPadToUSB/GCPadToUSB.ino:192:2: note: suggested alternative: &#39;Joystick&#39;
  usbStick.setButton (0, (pad.buttons &amp; GCPad::BTN_A) != 0);
  ^~~~~~~~
  Joystick
/home/ec2-user/arduino-testlib/cli-datadir/user/libraries/N64Pad/examples/GCPadToUSB/GCPadToUSB.ino:250:29: error: &#39;JOYSTICK_HATSWITCH_RELEASE&#39; was not declared in this scope
   usbStick.setHatSwitch (0, JOYSTICK_HATSWITCH_RELEASE);
                             ^~~~~~~~~~~~~~~~~~~~~~~~~~
/home/ec2-user/arduino-testlib/cli-datadir/user/libraries/N64Pad/examples/GCPadToUSB/GCPadToUSB.ino:250:29: note: suggested alternative: &#39;__ATOMIC_RELEASE&#39;
   usbStick.setHatSwitch (0, JOYSTICK_HATSWITCH_RELEASE);
                             ^~~~~~~~~~~~~~~~~~~~~~~~~~
                             __ATOMIC_RELEASE
Multiple libraries were found for &#34;Joystick.h&#34;
  Used: /home/ec2-user/arduino-testlib/cli-datadir/user/libraries/Joystick
  Not used: /home/ec2-user/arduino-testlib/cli-datadir/user/libraries/AxisJoystick
  Not used: /home/ec2-user/arduino-testlib/cli-datadir/user/libraries/BlueVGA_Library_for_BluePill
</pre>
					
					<h4>examples/MegaDriveMultiplexer</h4>
					<p>
						Result: <b>PASS</b>
					</p>
					<pre class="pre-scrollable">Sketch uses 470 bytes (1%) of program storage space. Maximum is 32256 bytes.
Global variables use 9 bytes (0%) of dynamic memory, leaving 2039 bytes for local variables. Maximum is 2048 bytes.
</pre>
					
					<h4>examples/N64PadDump</h4>
					<p>
						Result: <b>PASS</b>
					</p>
					<pre class="pre-scrollable">Sketch uses 3686 bytes (11%) of program storage space. Maximum is 32256 bytes.
Global variables use 305 bytes (14%) of dynamic memory, leaving 1743 bytes for local variables. Maximum is 2048 bytes.
</pre>
					
					<h4>examples/N64PadToMegaDrive</h4>
					<p>
						Result: <b>PASS</b>
					</p>
					<pre class="pre-scrollable">Sketch uses 2066 bytes (6%) of program storage space. Maximum is 32256 bytes.
Global variables use 41 bytes (2%) of dynamic memory, leaving 2007 bytes for local variables. Maximum is 2048 bytes.
</pre>
					
					<h4>examples/N64PadToUSB</h4>
					<p>
						Result: <b>FAIL</b>
					</p>
					<pre class="pre-scrollable">/home/ec2-user/arduino-testlib/cli-datadir/user/libraries/N64Pad/examples/N64PadToUSB/N64PadToUSB.ino:82:1: error: &#39;Joystick_&#39; does not name a type; did you mean &#39;Joystick&#39;?
 Joystick_ usbStick (
 ^~~~~~~~~
 Joystick
/home/ec2-user/arduino-testlib/cli-datadir/user/libraries/N64Pad/examples/N64PadToUSB/N64PadToUSB.ino: In function &#39;void setup()&#39;:
/home/ec2-user/arduino-testlib/cli-datadir/user/libraries/N64Pad/examples/N64PadToUSB/N64PadToUSB.ino:117:2: error: &#39;usbStick&#39; was not declared in this scope
  usbStick.begin (false);  // We&#39;ll call sendState() manually to minimize lag
  ^~~~~~~~
/home/ec2-user/arduino-testlib/cli-datadir/user/libraries/N64Pad/examples/N64PadToUSB/N64PadToUSB.ino:117:2: note: suggested alternative: &#39;Joystick&#39;
  usbStick.begin (false);  // We&#39;ll call sendState() manually to minimize lag
  ^~~~~~~~
  Joystick
/home/ec2-user/arduino-testlib/cli-datadir/user/libraries/N64Pad/examples/N64PadToUSB/N64PadToUSB.ino: In function &#39;void loop()&#39;:
/home/ec2-user/arduino-testlib/cli-datadir/user/libraries/N64Pad/examples/N64PadToUSB/N64PadToUSB.ino:149:5: error: &#39;usbStick&#39; was not declared in this scope
     usbStick.setButton (0, (pad.buttons &amp; N64Pad::BTN_B) != 0);
     ^~~~~~~~
/home/ec2-user/arduino-testlib/cli-datadir/user/libraries/N64Pad/examples/N64PadToUSB/N64PadToUSB.ino:149:5: note: suggested alternative: &#39;Joystick&#39;
     usbStick.setButton (0, (pad.buttons &amp; N64Pad::BTN_B) != 0);
     ^~~~~~~~
     Joystick
Multiple libraries were found for &#34;Joystick.h&#34;
  Used: /home/ec2-user/arduino-testlib/cli-datadir/user/libraries/Joystick
  Not used: /home/ec2-user/arduino-testlib/cli-datadir/user/libraries/BlueVGA_Library_for_BluePill
  Not used: /home/ec2-user/arduino-testlib/cli-datadir/user/libraries/AxisJoystick
</pre>
					
					<h4>examples/N64PadToUsbDigispark</h4>
					<p>
						Result: <b>FAIL</b>
					</p>
					<pre class="pre-scrollable">/home/ec2-user/arduino-testlib/cli-datadir/user/libraries/N64Pad/examples/N64PadToUsbDigispark/N64PadToUsbDigispark.ino:30:10: fatal error: DigiJoystick.h: No such file or directory
 #include &lt;DigiJoystick.h&gt;
          ^~~~~~~~~~~~~~~~
compilation terminated.

</pre>
					
				
				<h3 id="arduino:mbed_nano:nanorp2040connect">arduino:mbed_nano:nanorp2040connect @ 2.7.2</h3>
				<h4>Inclusion</h4>
				<p>
					Result: <b>FAIL</b>
					
				</p>
				<pre class="pre-scrollable">/home/ec2-user/arduino-testlib/cli-datadir/user/libraries/N64Pad/src/protocol/int0.S:18:10: fatal error: avr/io.h: No such file or directory
 #include &lt;avr/io.h&gt;
          ^~~~~~~~~~
compilation terminated.

</pre>

					
					<h4>examples/GCKonamiCode</h4>
					<p>
						Result: <b>FAIL</b>
					</p>
					<pre class="pre-scrollable">/home/ec2-user/arduino-testlib/cli-datadir/user/libraries/N64Pad/src/protocol/int0.S:18:10: fatal error: avr/io.h: No such file or directory
 #include &lt;avr/io.h&gt;
          ^~~~~~~~~~
compilation terminated.

</pre>
					
					<h4>examples/GCPadDump</h4>
					<p>
						Result: <b>FAIL</b>
					</p>
					<pre class="pre-scrollable">/home/ec2-user/arduino-testlib/cli-datadir/user/libraries/N64Pad/src/protocol/int0.S:18:10: fatal error: avr/io.h: No such file or directory
 #include &lt;avr/io.h&gt;
          ^~~~~~~~~~
compilation terminated.

</pre>
					
					<h4>examples/GCPadToUSB</h4>
					<p>
						Result: <b>FAIL</b>
					</p>
					<pre class="pre-scrollable">/home/ec2-user/arduino-testlib/cli-datadir/user/libraries/N64Pad/src/protocol/int0.S:18:10: fatal error: avr/io.h: No such file or directory
 #include &lt;avr/io.h&gt;
          ^~~~~~~~~~
compilation terminated.
Multiple libraries were found for &#34;Joystick.h&#34;
  Used: /home/ec2-user/arduino-testlib/cli-datadir/user/libraries/Joystick
  Not used: /home/ec2-user/arduino-testlib/cli-datadir/user/libraries/AxisJoystick
  Not used: /home/ec2-user/arduino-testlib/cli-datadir/user/libraries/BlueVGA_Library_for_BluePill
</pre>
					
					<h4>examples/MegaDriveMultiplexer</h4>
					<p>
						Result: <b>FAIL</b>
					</p>
					<pre class="pre-scrollable">/home/ec2-user/arduino-testlib/cli-datadir/user/libraries/N64Pad/examples/MegaDriveMultiplexer/MegaDriveMultiplexer.ino: In function &#39;void setup()&#39;:
/home/ec2-user/arduino-testlib/cli-datadir/user/libraries/N64Pad/examples/MegaDriveMultiplexer/MegaDriveMultiplexer.ino:30:14: error: &#39;DDRB&#39; was not declared in this scope
 #define DIR1 DDRB
              ^
/home/ec2-user/arduino-testlib/cli-datadir/user/libraries/N64Pad/examples/MegaDriveMultiplexer/MegaDriveMultiplexer.ino:46:2: note: in expansion of macro &#39;DIR1&#39;
  DIR1 &amp;= ~MASK1;
  ^~~~
/home/ec2-user/arduino-testlib/cli-datadir/user/libraries/N64Pad/examples/MegaDriveMultiplexer/MegaDriveMultiplexer.ino:30:14: note: suggested alternative: &#39;DIR&#39;
 #define DIR1 DDRB
              ^
/home/ec2-user/arduino-testlib/cli-datadir/user/libraries/N64Pad/examples/MegaDriveMultiplexer/MegaDriveMultiplexer.ino:46:2: note: in expansion of macro &#39;DIR1&#39;
  DIR1 &amp;= ~MASK1;
  ^~~~
/home/ec2-user/arduino-testlib/cli-datadir/user/libraries/N64Pad/examples/MegaDriveMultiplexer/MegaDriveMultiplexer.ino:34:14: error: &#39;DDRD&#39; was not declared in this scope
 #define DIR2 DDRD
              ^
/home/ec2-user/arduino-testlib/cli-datadir/user/libraries/N64Pad/examples/MegaDriveMultiplexer/MegaDriveMultiplexer.ino:47:2: note: in expansion of macro &#39;DIR2&#39;
  DIR2 &amp;= ~MASK2;
  ^~~~
/home/ec2-user/arduino-testlib/cli-datadir/user/libraries/N64Pad/examples/MegaDriveMultiplexer/MegaDriveMultiplexer.ino:34:14: note: suggested alternative: &#39;DIR&#39;
 #define DIR2 DDRD
              ^
/home/ec2-user/arduino-testlib/cli-datadir/user/libraries/N64Pad/examples/MegaDriveMultiplexer/MegaDriveMultiplexer.ino:47:2: note: in expansion of macro &#39;DIR2&#39;
  DIR2 &amp;= ~MASK2;
  ^~~~
/home/ec2-user/arduino-testlib/cli-datadir/user/libraries/N64Pad/examples/MegaDriveMultiplexer/MegaDriveMultiplexer.ino:38:16: error: &#39;DDRC&#39; was not declared in this scope
 #define OUTDIR DDRC
                ^
/home/ec2-user/arduino-testlib/cli-datadir/user/libraries/N64Pad/examples/MegaDriveMultiplexer/MegaDriveMultiplexer.ino:49:2: note: in expansion of macro &#39;OUTDIR&#39;
  OUTDIR |= OUTMASK;
  ^~~~~~
/home/ec2-user/arduino-testlib/cli-datadir/user/libraries/N64Pad/examples/MegaDriveMultiplexer/MegaDriveMultiplexer.ino:38:16: note: suggested alternative: &#39;DIR&#39;
 #define OUTDIR DDRC
                ^
/home/ec2-user/arduino-testlib/cli-datadir/user/libraries/N64Pad/examples/MegaDriveMultiplexer/MegaDriveMultiplexer.ino:49:2: note: in expansion of macro &#39;OUTDIR&#39;
  OUTDIR |= OUTMASK;
  ^~~~~~
/home/ec2-user/arduino-testlib/cli-datadir/user/libraries/N64Pad/examples/MegaDriveMultiplexer/MegaDriveMultiplexer.ino:43:24: error: &#39;PD7&#39; was not declared in this scope
 #define SELECT_PIN_BIT PD7
                        ^
/home/ec2-user/arduino-testlib/cli-datadir/user/libraries/N64Pad/examples/MegaDriveMultiplexer/MegaDriveMultiplexer.ino:51:27: note: in expansion of macro &#39;SELECT_PIN_BIT&#39;
  SELECT_PIN_DIR &amp;= ~(1 &lt;&lt; SELECT_PIN_BIT);
                           ^~~~~~~~~~~~~~
/home/ec2-user/arduino-testlib/cli-datadir/user/libraries/N64Pad/examples/MegaDriveMultiplexer/MegaDriveMultiplexer.ino: In function &#39;void loop()&#39;:
/home/ec2-user/arduino-testlib/cli-datadir/user/libraries/N64Pad/examples/MegaDriveMultiplexer/MegaDriveMultiplexer.ino:41:28: error: &#39;PIND&#39; was not declared in this scope
 #define SELECT_PIN_PINPORT PIND
                            ^
/home/ec2-user/arduino-testlib/cli-datadir/user/libraries/N64Pad/examples/MegaDriveMultiplexer/MegaDriveMultiplexer.ino:60:7: note: in expansion of macro &#39;SELECT_PIN_PINPORT&#39;
   if (SELECT_PIN_PINPORT &amp; (1 &lt;&lt; SELECT_PIN_BIT)) {
       ^~~~~~~~~~~~~~~~~~
/home/ec2-user/arduino-testlib/cli-datadir/user/libraries/N64Pad/examples/MegaDriveMultiplexer/MegaDriveMultiplexer.ino:41:28: note: suggested alternative: &#39;SING&#39;
 #define SELECT_PIN_PINPORT PIND
                            ^
/home/ec2-user/arduino-testlib/cli-datadir/user/libraries/N64Pad/examples/MegaDriveMultiplexer/MegaDriveMultiplexer.ino:60:7: note: in expansion of macro &#39;SELECT_PIN_PINPORT&#39;
   if (SELECT_PIN_PINPORT &amp; (1 &lt;&lt; SELECT_PIN_BIT)) {
       ^~~~~~~~~~~~~~~~~~
/home/ec2-user/arduino-testlib/cli-datadir/user/libraries/N64Pad/examples/MegaDriveMultiplexer/MegaDriveMultiplexer.ino:43:24: error: &#39;PD7&#39; was not declared in this scope
 #define SELECT_PIN_BIT PD7
                        ^
/home/ec2-user/arduino-testlib/cli-datadir/user/libraries/N64Pad/examples/MegaDriveMultiplexer/MegaDriveMultiplexer.ino:60:34: note: in expansion of macro &#39;SELECT_PIN_BIT&#39;
   if (SELECT_PIN_PINPORT &amp; (1 &lt;&lt; SELECT_PIN_BIT)) {
                                  ^~~~~~~~~~~~~~
/home/ec2-user/arduino-testlib/cli-datadir/user/libraries/N64Pad/examples/MegaDriveMultiplexer/MegaDriveMultiplexer.ino:37:17: error: &#39;PORTC&#39; was not declared in this scope
 #define OUTPORT PORTC
                 ^
/home/ec2-user/arduino-testlib/cli-datadir/user/libraries/N64Pad/examples/MegaDriveMultiplexer/MegaDriveMultiplexer.ino:61:4: note: in expansion of macro &#39;OUTPORT&#39;
    OUTPORT = INPORT2;
    ^~~~~~~
/home/ec2-user/arduino-testlib/cli-datadir/user/libraries/N64Pad/examples/MegaDriveMultiplexer/MegaDriveMultiplexer.ino:37:17: error: &#39;PORTC&#39; was not declared in this scope
 #define OUTPORT PORTC
                 ^
/home/ec2-user/arduino-testlib/cli-datadir/user/libraries/N64Pad/examples/MegaDriveMultiplexer/MegaDriveMultiplexer.ino:63:4: note: in expansion of macro &#39;OUTPORT&#39;
    OUTPORT = INPORT1;
    ^~~~~~~
/home/ec2-user/arduino-testlib/cli-datadir/user/libraries/N64Pad/examples/MegaDriveMultiplexer/MegaDriveMultiplexer.ino:29:17: error: &#39;PINB&#39; was not declared in this scope
 #define INPORT1 PINB
                 ^
/home/ec2-user/arduino-testlib/cli-datadir/user/libraries/N64Pad/examples/MegaDriveMultiplexer/MegaDriveMultiplexer.ino:63:14: note: in expansion of macro &#39;INPORT1&#39;
    OUTPORT = INPORT1;
              ^~~~~~~
/home/ec2-user/arduino-testlib/cli-datadir/user/libraries/N64Pad/examples/MegaDriveMultiplexer/MegaDriveMultiplexer.ino:29:17: note: suggested alternative: &#39;SING&#39;
 #define INPORT1 PINB
                 ^
/home/ec2-user/arduino-testlib/cli-datadir/user/libraries/N64Pad/examples/MegaDriveMultiplexer/MegaDriveMultiplexer.ino:63:14: note: in expansion of macro &#39;INPORT1&#39;
    OUTPORT = INPORT1;
              ^~~~~~~

</pre>
					
					<h4>examples/N64PadDump</h4>
					<p>
						Result: <b>FAIL</b>
					</p>
					<pre class="pre-scrollable">/home/ec2-user/arduino-testlib/cli-datadir/user/libraries/N64Pad/src/protocol/int0.S:18:10: fatal error: avr/io.h: No such file or directory
 #include &lt;avr/io.h&gt;
          ^~~~~~~~~~
compilation terminated.

</pre>
					
					<h4>examples/N64PadToMegaDrive</h4>
					<p>
						Result: <b>FAIL</b>
					</p>
					<pre class="pre-scrollable">/home/ec2-user/arduino-testlib/cli-datadir/user/libraries/N64Pad/src/protocol/int0.S:18:10: fatal error: avr/io.h: No such file or directory
 #include &lt;avr/io.h&gt;
          ^~~~~~~~~~
compilation terminated.

</pre>
					
					<h4>examples/N64PadToUSB</h4>
					<p>
						Result: <b>FAIL</b>
					</p>
					<pre class="pre-scrollable">/home/ec2-user/arduino-testlib/cli-datadir/user/libraries/N64Pad/src/protocol/int0.S:18:10: fatal error: avr/io.h: No such file or directory
 #include &lt;avr/io.h&gt;
          ^~~~~~~~~~
compilation terminated.
Multiple libraries were found for &#34;Joystick.h&#34;
  Used: /home/ec2-user/arduino-testlib/cli-datadir/user/libraries/Joystick
  Not used: /home/ec2-user/arduino-testlib/cli-datadir/user/libraries/AxisJoystick
  Not used: /home/ec2-user/arduino-testlib/cli-datadir/user/libraries/BlueVGA_Library_for_BluePill
</pre>
					
					<h4>examples/N64PadToUsbDigispark</h4>
					<p>
						Result: <b>FAIL</b>
					</p>
					<pre class="pre-scrollable">/home/ec2-user/arduino-testlib/cli-datadir/user/libraries/N64Pad/examples/N64PadToUsbDigispark/N64PadToUsbDigispark.ino:30:10: fatal error: DigiJoystick.h: No such file or directory
 #include &lt;DigiJoystick.h&gt;
          ^~~~~~~~~~~~~~~~
compilation terminated.

</pre>
					
				
				<h3 id="arduino:megaavr:nona4809">arduino:megaavr:nona4809 @ 1.8.7</h3>
				<h4>Inclusion</h4>
				<p>
					Result: <b>FAIL</b>
					
				</p>
				<pre class="pre-scrollable">WARNING: library N64Pad claims to run on avr architecture(s) and may be incompatible with your current board which runs on megaavr architecture(s).
�������������������������������������������������������������������������������������������������������������������������������������������������������������������������������������������������������������������������������������������������������������������������������������������������������������������������������������������������������������������������������������������������������������������������������������������������������������������������������������������������������������������������������������������������������������������������������������������������������������������������������������������������������������������������������������������������������������������������������������������������������������������������������������������������������������������������������������������������������������������������������������������������������������������������������������������������������������������������������������������������������������������������������������������������������������������������������������������������������������������������������������������������������������������������������������������������������������������������������������������������������������������������������������������������������������������������������������������������������������������������������������������������������������������������������������������������������������������������������������������������������������������������������������������������������������������������������������������������������������������������������������������������������������������������������������������������������������������������������������������������������������������������������������������������������������������������������������������������������������������������������������������������������������������������������������������������������������������������������������������������������������������������������������������������������������������������������������������������������������������������������������������������������������������������������������������������������������������������������������������������������������������������������������������������������������������������������������������������������������������������������������������������������������������������������������������������������������������������������������������������������������������������������������������������������������������������������������������������������������������������������������������������������������������������������������������������������������������������������������������������������������������������������������������������������������������������������������������������������������������������������������������������������������������������������������������������������������������������������������������������������������������������������������������������������������������������������������������������������������������������������������������������������������������������������������������������������������������������������������������������������������������������������������������������������������������������������������������������������������������������������������������������������������������������������������������������������������������������������������������������������������������������������������
</pre>

					
					<h4>examples/GCKonamiCode</h4>
					<p>
						Result: <b>FAIL</b>
					</p>
					<pre class="pre-scrollable">WARNING: library N64Pad claims to run on avr architecture(s) and may be incompatible with your current board which runs on megaavr architecture(s).
In file included from /home/ec2-user/arduino-testlib/cli-datadir/user/libraries/N64Pad/src/protocol/pcint.S:19:0:
/home/ec2-user/arduino-testlib/cli-datadir/user/libraries/N64Pad/src/protocol/pinconfig.h:97:3: error: #error &#34;This library is not currently supported on this platform&#34;
  #error &#34;This library is not currently supported on this platform&#34;
   ^~~~~
�����������/home/ec2-user/arduino-testlib/cli-datadir/user/libraries/N64Pad/src/protocol/N64PadProtocol.cpp: In member function &#39;void N64PadProtocol::begin()&#39;:
/home/ec2-user/arduino-testlib/cli-datadir/user/libraries/N64Pad/src/protocol/N64PadProtocol.cpp:105:2: error: &#39;prepareInterrupt&#39; was not declared in this scope
  prepareInterrupt ();
  ^~~~~~~~~~~~~~~~
/home/ec2-user/arduino-testlib/cli-datadir/user/libraries/N64Pad/src/protocol/N64PadProtocol.cpp:105:2: note: suggested alternative: &#39;detachInterrupt&#39;
  prepareInterrupt ();
  ^~~~~~~~~~~~~~~~
  detachInterrupt
/home/ec2-user/arduino-testlib/cli-datadir/user/libraries/N64Pad/src/protocol/N64PadProtocol.cpp: In function &#39;void sendLow()&#39;:
/home/ec2-user/arduino-testlib/cli-datadir/user/libraries/N64Pad/src/protocol/N64PadProtocol.cpp:142:2: error: &#39;PAD_DIR&#39; was not declared in this scope
  PAD_DIR |= (1 &lt;&lt; PAD_BIT);
  ^~~~~~~
/home/ec2-user/arduino-testlib/cli-datadir/user/libraries/N64Pad/src/protocol/N64PadProtocol.cpp:142:2: note: suggested alternative: &#39;PORTD_DIR&#39;
  PAD_DIR |= (1 &lt;&lt; PAD_BIT);
  ^~~~~~~
  PORTD_DIR
/home/ec2-user/arduino-testlib/cli-datadir/user/libraries/N64Pad/src/protocol/N64PadProtocol.cpp:142:19: error: &#39;PAD_BIT&#39; was not declared in this scope
  PAD_DIR |= (1 &lt;&lt; PAD_BIT);
                   ^~~~~~~
/home/ec2-user/arduino-testlib/cli-datadir/user/libraries/N64Pad/src/protocol/N64PadProtocol.cpp: In function &#39;void sendHigh()&#39;:
/home/ec2-user/arduino-testlib/cli-datadir/user/libraries/N64Pad/src/protocol/N64PadProtocol.cpp:147:2: error: &#39;PAD_DIR&#39; was not declared in this scope
  PAD_DIR &amp;= ~(1 &lt;&lt; PAD_BIT);
  ^~~~~~~
/home/ec2-user/arduino-testlib/cli-datadir/user/libraries/N64Pad/src/protocol/N64PadProtocol.cpp:147:2: note: suggested alternative: &#39;PORTD_DIR&#39;
  PAD_DIR &amp;= ~(1 &lt;&lt; PAD_BIT);
  ^~~~~~~
  PORTD_DIR
/home/ec2-user/arduino-testlib/cli-datadir/user/libraries/N64Pad/src/protocol/N64PadProtocol.cpp:147:20: error: &#39;PAD_BIT&#39; was not declared in this scope
  PAD_DIR &amp;= ~(1 &lt;&lt; PAD_BIT);
                    ^~~~~~~
/home/ec2-user/arduino-testlib/cli-datadir/user/libraries/N64Pad/src/protocol/N64PadProtocol.cpp: In member function &#39;boolean N64PadProtocol::runCommand(const byte*, byte, byte*, byte)&#39;:
/home/ec2-user/arduino-testlib/cli-datadir/user/libraries/N64Pad/src/protocol/N64PadProtocol.cpp:241:2: error: &#39;enableInterrupt&#39; was not declared in this scope
  enableInterrupt ();
  ^~~~~~~~~~~~~~~
/home/ec2-user/arduino-testlib/cli-datadir/user/libraries/N64Pad/src/protocol/N64PadProtocol.cpp:241:2: note: suggested alternative: &#39;detachInterrupt&#39;
  enableInterrupt ();
  ^~~~~~~~~~~~~~~
  detachInterrupt
/home/ec2-user/arduino-testlib/cli-datadir/user/libraries/N64Pad/src/protocol/N64PadProtocol.cpp:258:2: error: &#39;disableInterrupt&#39; was not declared in this scope
  disableInterrupt ();
  ^~~~~~~~~~~~~~~~
/home/ec2-user/arduino-testlib/cli-datadir/user/libraries/N64Pad/src/protocol/N64PadProtocol.cpp:258:2: note: suggested alternative: &#39;detachInterrupt&#39;
  disableInterrupt ();
  ^~~~~~~~~~~~~~~~
  detachInterrupt

</pre>
					
					<h4>examples/GCPadDump</h4>
					<p>
						Result: <b>FAIL</b>
					</p>
					<pre class="pre-scrollable">WARNING: library N64Pad claims to run on avr architecture(s) and may be incompatible with your current board which runs on megaavr architecture(s).
In file included from /home/ec2-user/arduino-testlib/cli-datadir/user/libraries/N64Pad/src/protocol/pcint.S:19:0:
/home/ec2-user/arduino-testlib/cli-datadir/user/libraries/N64Pad/src/protocol/pinconfig.h:97:3: error: #error &#34;This library is not currently supported on this platform&#34;
  #error &#34;This library is not currently supported on this platform&#34;
   ^~~~~
�����������/home/ec2-user/arduino-testlib/cli-datadir/user/libraries/N64Pad/src/protocol/N64PadProtocol.cpp: In member function &#39;void N64PadProtocol::begin()&#39;:
/home/ec2-user/arduino-testlib/cli-datadir/user/libraries/N64Pad/src/protocol/N64PadProtocol.cpp:105:2: error: &#39;prepareInterrupt&#39; was not declared in this scope
  prepareInterrupt ();
  ^~~~~~~~~~~~~~~~
/home/ec2-user/arduino-testlib/cli-datadir/user/libraries/N64Pad/src/protocol/N64PadProtocol.cpp:105:2: note: suggested alternative: &#39;detachInterrupt&#39;
  prepareInterrupt ();
  ^~~~~~~~~~~~~~~~
  detachInterrupt
/home/ec2-user/arduino-testlib/cli-datadir/user/libraries/N64Pad/src/protocol/N64PadProtocol.cpp: In function &#39;void sendLow()&#39;:
/home/ec2-user/arduino-testlib/cli-datadir/user/libraries/N64Pad/src/protocol/N64PadProtocol.cpp:142:2: error: &#39;PAD_DIR&#39; was not declared in this scope
  PAD_DIR |= (1 &lt;&lt; PAD_BIT);
  ^~~~~~~
/home/ec2-user/arduino-testlib/cli-datadir/user/libraries/N64Pad/src/protocol/N64PadProtocol.cpp:142:2: note: suggested alternative: &#39;PORTD_DIR&#39;
  PAD_DIR |= (1 &lt;&lt; PAD_BIT);
  ^~~~~~~
  PORTD_DIR
/home/ec2-user/arduino-testlib/cli-datadir/user/libraries/N64Pad/src/protocol/N64PadProtocol.cpp:142:19: error: &#39;PAD_BIT&#39; was not declared in this scope
  PAD_DIR |= (1 &lt;&lt; PAD_BIT);
                   ^~~~~~~
/home/ec2-user/arduino-testlib/cli-datadir/user/libraries/N64Pad/src/protocol/N64PadProtocol.cpp: In function &#39;void sendHigh()&#39;:
/home/ec2-user/arduino-testlib/cli-datadir/user/libraries/N64Pad/src/protocol/N64PadProtocol.cpp:147:2: error: &#39;PAD_DIR&#39; was not declared in this scope
  PAD_DIR &amp;= ~(1 &lt;&lt; PAD_BIT);
  ^~~~~~~
/home/ec2-user/arduino-testlib/cli-datadir/user/libraries/N64Pad/src/protocol/N64PadProtocol.cpp:147:2: note: suggested alternative: &#39;PORTD_DIR&#39;
  PAD_DIR &amp;= ~(1 &lt;&lt; PAD_BIT);
  ^~~~~~~
  PORTD_DIR
/home/ec2-user/arduino-testlib/cli-datadir/user/libraries/N64Pad/src/protocol/N64PadProtocol.cpp:147:20: error: &#39;PAD_BIT&#39; was not declared in this scope
  PAD_DIR &amp;= ~(1 &lt;&lt; PAD_BIT);
                    ^~~~~~~
/home/ec2-user/arduino-testlib/cli-datadir/user/libraries/N64Pad/src/protocol/N64PadProtocol.cpp: In member function &#39;boolean N64PadProtocol::runCommand(const byte*, byte, byte*, byte)&#39;:
/home/ec2-user/arduino-testlib/cli-datadir/user/libraries/N64Pad/src/protocol/N64PadProtocol.cpp:241:2: error: &#39;enableInterrupt&#39; was not declared in this scope
  enableInterrupt ();
  ^~~~~~~~~~~~~~~
/home/ec2-user/arduino-testlib/cli-datadir/user/libraries/N64Pad/src/protocol/N64PadProtocol.cpp:241:2: note: suggested alternative: &#39;detachInterrupt&#39;
  enableInterrupt ();
  ^~~~~~~~~~~~~~~
  detachInterrupt
/home/ec2-user/arduino-testlib/cli-datadir/user/libraries/N64Pad/src/protocol/N64PadProtocol.cpp:258:2: error: &#39;disableInterrupt&#39; was not declared in this scope
  disableInterrupt ();
  ^~~~~~~~~~~~~~~~
/home/ec2-user/arduino-testlib/cli-datadir/user/libraries/N64Pad/src/protocol/N64PadProtocol.cpp:258:2: note: suggested alternative: &#39;detachInterrupt&#39;
  disableInterrupt ();
  ^~~~~~~~~~~~~~~~
  detachInterrupt

</pre>
					
					<h4>examples/GCPadToUSB</h4>
					<p>
						Result: <b>FAIL</b>
					</p>
					<pre class="pre-scrollable">WARNING: library N64Pad claims to run on avr architecture(s) and may be incompatible with your current board which runs on megaavr architecture(s).
/home/ec2-user/arduino-testlib/cli-datadir/user/libraries/N64Pad/examples/GCPadToUSB/GCPadToUSB.ino:117:1: error: &#39;Joystick_&#39; does not name a type; did you mean &#39;Joystick&#39;?
 Joystick_ usbStick (
 ^~~~~~~~~
 Joystick
/home/ec2-user/arduino-testlib/cli-datadir/user/libraries/N64Pad/examples/GCPadToUSB/GCPadToUSB.ino: In function &#39;void setup()&#39;:
/home/ec2-user/arduino-testlib/cli-datadir/user/libraries/N64Pad/examples/GCPadToUSB/GCPadToUSB.ino:174:2: error: &#39;usbStick&#39; was not declared in this scope
  usbStick.begin (false);  // We&#39;ll call sendState() manually to minimize lag
  ^~~~~~~~
/home/ec2-user/arduino-testlib/cli-datadir/user/libraries/N64Pad/examples/GCPadToUSB/GCPadToUSB.ino:174:2: note: suggested alternative: &#39;Joystick&#39;
  usbStick.begin (false);  // We&#39;ll call sendState() manually to minimize lag
  ^~~~~~~~
  Joystick
/home/ec2-user/arduino-testlib/cli-datadir/user/libraries/N64Pad/examples/GCPadToUSB/GCPadToUSB.ino: In function &#39;void loop()&#39;:
/home/ec2-user/arduino-testlib/cli-datadir/user/libraries/N64Pad/examples/GCPadToUSB/GCPadToUSB.ino:192:2: error: &#39;usbStick&#39; was not declared in this scope
  usbStick.setButton (0, (pad.buttons &amp; GCPad::BTN_A) != 0);
  ^~~~~~~~
/home/ec2-user/arduino-testlib/cli-datadir/user/libraries/N64Pad/examples/GCPadToUSB/GCPadToUSB.ino:192:2: note: suggested alternative: &#39;Joystick&#39;
  usbStick.setButton (0, (pad.buttons &amp; GCPad::BTN_A) != 0);
  ^~~~~~~~
  Joystick
/home/ec2-user/arduino-testlib/cli-datadir/user/libraries/N64Pad/examples/GCPadToUSB/GCPadToUSB.ino:250:29: error: &#39;JOYSTICK_HATSWITCH_RELEASE&#39; was not declared in this scope
   usbStick.setHatSwitch (0, JOYSTICK_HATSWITCH_RELEASE);
                             ^~~~~~~~~~~~~~~~~~~~~~~~~~
/home/ec2-user/arduino-testlib/cli-datadir/user/libraries/N64Pad/examples/GCPadToUSB/GCPadToUSB.ino:250:29: note: suggested alternative: &#39;__ATOMIC_RELEASE&#39;
   usbStick.setHatSwitch (0, JOYSTICK_HATSWITCH_RELEASE);
                             ^~~~~~~~~~~~~~~~~~~~~~~~~~
                             __ATOMIC_RELEASE
Multiple libraries were found for &#34;Joystick.h&#34;
  Used: /home/ec2-user/arduino-testlib/cli-datadir/user/libraries/Joystick
  Not used: /home/ec2-user/arduino-testlib/cli-datadir/user/libraries/BlueVGA_Library_for_BluePill
  Not used: /home/ec2-user/arduino-testlib/cli-datadir/user/libraries/AxisJoystick
</pre>
					
					<h4>examples/MegaDriveMultiplexer</h4>
					<p>
						Result: <b>FAIL</b>
					</p>
					<pre class="pre-scrollable">/home/ec2-user/arduino-testlib/cli-datadir/user/libraries/N64Pad/examples/MegaDriveMultiplexer/MegaDriveMultiplexer.ino: In function &#39;void setup()&#39;:
/home/ec2-user/arduino-testlib/cli-datadir/user/libraries/N64Pad/examples/MegaDriveMultiplexer/MegaDriveMultiplexer.ino:43:24: error: &#39;PD7&#39; was not declared in this scope
 #define SELECT_PIN_BIT PD7
                        ^
/home/ec2-user/arduino-testlib/cli-datadir/user/libraries/N64Pad/examples/MegaDriveMultiplexer/MegaDriveMultiplexer.ino:51:27: note: in expansion of macro &#39;SELECT_PIN_BIT&#39;
  SELECT_PIN_DIR &amp;= ~(1 &lt;&lt; SELECT_PIN_BIT);
                           ^~~~~~~~~~~~~~
/home/ec2-user/arduino-testlib/cli-datadir/user/libraries/N64Pad/examples/MegaDriveMultiplexer/MegaDriveMultiplexer.ino:43:24: note: suggested alternative: &#39;PD&#39;
 #define SELECT_PIN_BIT PD7
                        ^
/home/ec2-user/arduino-testlib/cli-datadir/user/libraries/N64Pad/examples/MegaDriveMultiplexer/MegaDriveMultiplexer.ino:51:27: note: in expansion of macro &#39;SELECT_PIN_BIT&#39;
  SELECT_PIN_DIR &amp;= ~(1 &lt;&lt; SELECT_PIN_BIT);
                           ^~~~~~~~~~~~~~
/home/ec2-user/arduino-testlib/cli-datadir/user/libraries/N64Pad/examples/MegaDriveMultiplexer/MegaDriveMultiplexer.ino: In function &#39;void loop()&#39;:
/home/ec2-user/arduino-testlib/cli-datadir/user/libraries/N64Pad/examples/MegaDriveMultiplexer/MegaDriveMultiplexer.ino:41:28: error: &#39;PIND&#39; was not declared in this scope
 #define SELECT_PIN_PINPORT PIND
                            ^
/home/ec2-user/arduino-testlib/cli-datadir/user/libraries/N64Pad/examples/MegaDriveMultiplexer/MegaDriveMultiplexer.ino:60:7: note: in expansion of macro &#39;SELECT_PIN_PINPORT&#39;
   if (SELECT_PIN_PINPORT &amp; (1 &lt;&lt; SELECT_PIN_BIT)) {
       ^~~~~~~~~~~~~~~~~~
/home/ec2-user/arduino-testlib/cli-datadir/user/libraries/N64Pad/examples/MegaDriveMultiplexer/MegaDriveMultiplexer.ino:41:28: note: suggested alternative: &#39;PIN0&#39;
 #define SELECT_PIN_PINPORT PIND
                            ^
/home/ec2-user/arduino-testlib/cli-datadir/user/libraries/N64Pad/examples/MegaDriveMultiplexer/MegaDriveMultiplexer.ino:60:7: note: in expansion of macro &#39;SELECT_PIN_PINPORT&#39;
   if (SELECT_PIN_PINPORT &amp; (1 &lt;&lt; SELECT_PIN_BIT)) {
       ^~~~~~~~~~~~~~~~~~
/home/ec2-user/arduino-testlib/cli-datadir/user/libraries/N64Pad/examples/MegaDriveMultiplexer/MegaDriveMultiplexer.ino:43:24: error: &#39;PD7&#39; was not declared in this scope
 #define SELECT_PIN_BIT PD7
                        ^
/home/ec2-user/arduino-testlib/cli-datadir/user/libraries/N64Pad/examples/MegaDriveMultiplexer/MegaDriveMultiplexer.ino:60:34: note: in expansion of macro &#39;SELECT_PIN_BIT&#39;
   if (SELECT_PIN_PINPORT &amp; (1 &lt;&lt; SELECT_PIN_BIT)) {
                                  ^~~~~~~~~~~~~~
/home/ec2-user/arduino-testlib/cli-datadir/user/libraries/N64Pad/examples/MegaDriveMultiplexer/MegaDriveMultiplexer.ino:43:24: note: suggested alternative: &#39;PD&#39;
 #define SELECT_PIN_BIT PD7
                        ^
/home/ec2-user/arduino-testlib/cli-datadir/user/libraries/N64Pad/examples/MegaDriveMultiplexer/MegaDriveMultiplexer.ino:60:34: note: in expansion of macro &#39;SELECT_PIN_BIT&#39;
   if (SELECT_PIN_PINPORT &amp; (1 &lt;&lt; SELECT_PIN_BIT)) {
                                  ^~~~~~~~~~~~~~
/home/ec2-user/arduino-testlib/cli-datadir/user/libraries/N64Pad/examples/MegaDriveMultiplexer/MegaDriveMultiplexer.ino:29:17: error: &#39;PINB&#39; was not declared in this scope
 #define INPORT1 PINB
                 ^
/home/ec2-user/arduino-testlib/cli-datadir/user/libraries/N64Pad/examples/MegaDriveMultiplexer/MegaDriveMultiplexer.ino:63:14: note: in expansion of macro &#39;INPORT1&#39;
    OUTPORT = INPORT1;
              ^~~~~~~
/home/ec2-user/arduino-testlib/cli-datadir/user/libraries/N64Pad/examples/MegaDriveMultiplexer/MegaDriveMultiplexer.ino:29:17: note: suggested alternative: &#39;PIN0&#39;
 #define INPORT1 PINB
                 ^
/home/ec2-user/arduino-testlib/cli-datadir/user/libraries/N64Pad/examples/MegaDriveMultiplexer/MegaDriveMultiplexer.ino:63:14: note: in expansion of macro &#39;INPORT1&#39;
    OUTPORT = INPORT1;
              ^~~~~~~

</pre>
					
					<h4>examples/N64PadDump</h4>
					<p>
						Result: <b>FAIL</b>
					</p>
					<pre class="pre-scrollable">WARNING: library N64Pad claims to run on avr architecture(s) and may be incompatible with your current board which runs on megaavr architecture(s).

</pre>
					
					<h4>examples/N64PadToMegaDrive</h4>
					<p>
						Result: <b>FAIL</b>
					</p>
					<pre class="pre-scrollable">WARNING: library N64Pad claims to run on avr architecture(s) and may be incompatible with your current board which runs on megaavr architecture(s).
/home/ec2-user/arduino-testlib/cli-datadir/user/libraries/N64Pad/examples/N64PadToMegaDrive/N64PadToMegaDrive.ino: In function &#39;void setup()&#39;:
/home/ec2-user/arduino-testlib/cli-datadir/user/libraries/N64Pad/examples/N64PadToMegaDrive/N64PadToMegaDrive.ino:133:17: error: &#39;DDD2&#39; was not declared in this scope
  DDRD |= ((1 &lt;&lt; DDD2) | (1 &lt;&lt; DDD3) | (1 &lt;&lt; DDD4) | (1 &lt;&lt; DDD5));
                 ^~~~
/home/ec2-user/arduino-testlib/cli-datadir/user/libraries/N64Pad/examples/N64PadToMegaDrive/N64PadToMegaDrive.ino:133:17: note: suggested alternative: &#39;DD2&#39;
  DDRD |= ((1 &lt;&lt; DDD2) | (1 &lt;&lt; DDD3) | (1 &lt;&lt; DDD4) | (1 &lt;&lt; DDD5));
                 ^~~~
                 DD2
/home/ec2-user/arduino-testlib/cli-datadir/user/libraries/N64Pad/examples/N64PadToMegaDrive/N64PadToMegaDrive.ino:133:31: error: &#39;DDD3&#39; was not declared in this scope
  DDRD |= ((1 &lt;&lt; DDD2) | (1 &lt;&lt; DDD3) | (1 &lt;&lt; DDD4) | (1 &lt;&lt; DDD5));
                               ^~~~
/home/ec2-user/arduino-testlib/cli-datadir/user/libraries/N64Pad/examples/N64PadToMegaDrive/N64PadToMegaDrive.ino:133:31: note: suggested alternative: &#39;DD3&#39;
  DDRD |= ((1 &lt;&lt; DDD2) | (1 &lt;&lt; DDD3) | (1 &lt;&lt; DDD4) | (1 &lt;&lt; DDD5));
                               ^~~~
                               DD3
/home/ec2-user/arduino-testlib/cli-datadir/user/libraries/N64Pad/examples/N64PadToMegaDrive/N64PadToMegaDrive.ino:133:45: error: &#39;DDD4&#39; was not declared in this scope
  DDRD |= ((1 &lt;&lt; DDD2) | (1 &lt;&lt; DDD3) | (1 &lt;&lt; DDD4) | (1 &lt;&lt; DDD5));
                                             ^~~~
/home/ec2-user/arduino-testlib/cli-datadir/user/libraries/N64Pad/examples/N64PadToMegaDrive/N64PadToMegaDrive.ino:133:45: note: suggested alternative: &#39;DD4&#39;
  DDRD |= ((1 &lt;&lt; DDD2) | (1 &lt;&lt; DDD3) | (1 &lt;&lt; DDD4) | (1 &lt;&lt; DDD5));
                                             ^~~~
                                             DD4
/home/ec2-user/arduino-testlib/cli-datadir/user/libraries/N64Pad/examples/N64PadToMegaDrive/N64PadToMegaDrive.ino:133:59: error: &#39;DDD5&#39; was not declared in this scope
  DDRD |= ((1 &lt;&lt; DDD2) | (1 &lt;&lt; DDD3) | (1 &lt;&lt; DDD4) | (1 &lt;&lt; DDD5));
                                                           ^~~~
/home/ec2-user/arduino-testlib/cli-datadir/user/libraries/N64Pad/examples/N64PadToMegaDrive/N64PadToMegaDrive.ino:133:59: note: suggested alternative: &#39;DD5&#39;
  DDRD |= ((1 &lt;&lt; DDD2) | (1 &lt;&lt; DDD3) | (1 &lt;&lt; DDD4) | (1 &lt;&lt; DDD5));
                                                           ^~~~
                                                           DD5
/home/ec2-user/arduino-testlib/cli-datadir/user/libraries/N64Pad/examples/N64PadToMegaDrive/N64PadToMegaDrive.ino:134:17: error: &#39;DDB2&#39; was not declared in this scope
  DDRB |= ((1 &lt;&lt; DDB2) | (1 &lt;&lt; DDB3) | (1 &lt;&lt; DDB4) | (1 &lt;&lt; DDB5));
                 ^~~~
/home/ec2-user/arduino-testlib/cli-datadir/user/libraries/N64Pad/examples/N64PadToMegaDrive/N64PadToMegaDrive.ino:134:17: note: suggested alternative: &#39;DD2&#39;
  DDRB |= ((1 &lt;&lt; DDB2) | (1 &lt;&lt; DDB3) | (1 &lt;&lt; DDB4) | (1 &lt;&lt; DDB5));
                 ^~~~
                 DD2
/home/ec2-user/arduino-testlib/cli-datadir/user/libraries/N64Pad/examples/N64PadToMegaDrive/N64PadToMegaDrive.ino:134:31: error: &#39;DDB3&#39; was not declared in this scope
  DDRB |= ((1 &lt;&lt; DDB2) | (1 &lt;&lt; DDB3) | (1 &lt;&lt; DDB4) | (1 &lt;&lt; DDB5));
                               ^~~~
/home/ec2-user/arduino-testlib/cli-datadir/user/libraries/N64Pad/examples/N64PadToMegaDrive/N64PadToMegaDrive.ino:134:31: note: suggested alternative: &#39;DD3&#39;
  DDRB |= ((1 &lt;&lt; DDB2) | (1 &lt;&lt; DDB3) | (1 &lt;&lt; DDB4) | (1 &lt;&lt; DDB5));
                               ^~~~
                               DD3
/home/ec2-user/arduino-testlib/cli-datadir/user/libraries/N64Pad/examples/N64PadToMegaDrive/N64PadToMegaDrive.ino:134:45: error: &#39;DDB4&#39; was not declared in this scope
  DDRB |= ((1 &lt;&lt; DDB2) | (1 &lt;&lt; DDB3) | (1 &lt;&lt; DDB4) | (1 &lt;&lt; DDB5));
                                             ^~~~
/home/ec2-user/arduino-testlib/cli-datadir/user/libraries/N64Pad/examples/N64PadToMegaDrive/N64PadToMegaDrive.ino:134:45: note: suggested alternative: &#39;DD4&#39;
  DDRB |= ((1 &lt;&lt; DDB2) | (1 &lt;&lt; DDB3) | (1 &lt;&lt; DDB4) | (1 &lt;&lt; DDB5));
                                             ^~~~
                                             DD4
/home/ec2-user/arduino-testlib/cli-datadir/user/libraries/N64Pad/examples/N64PadToMegaDrive/N64PadToMegaDrive.ino:134:59: error: &#39;DDB5&#39; was not declared in this scope
  DDRB |= ((1 &lt;&lt; DDB2) | (1 &lt;&lt; DDB3) | (1 &lt;&lt; DDB4) | (1 &lt;&lt; DDB5));
                                                           ^~~~
/home/ec2-user/arduino-testlib/cli-datadir/user/libraries/N64Pad/examples/N64PadToMegaDrive/N64PadToMegaDrive.ino:134:59: note: suggested alternative: &#39;DD5&#39;
  DDRB |= ((1 &lt;&lt; DDB2) | (1 &lt;&lt; DDB3) | (1 &lt;&lt; DDB4) | (1 &lt;&lt; DDB5));
                                                           ^~~~
                                                           DD5
/home/ec2-user/arduino-testlib/cli-datadir/user/libraries/N64Pad/examples/N64PadToMegaDrive/N64PadToMegaDrive.ino:135:17: error: &#39;DDB1&#39; was not declared in this scope
  DDRB |= ((1 &lt;&lt; DDB1) | (1 &lt;&lt; DDB0));
                 ^~~~
/home/ec2-user/arduino-testlib/cli-datadir/user/libraries/N64Pad/examples/N64PadToMegaDrive/N64PadToMegaDrive.ino:135:17: note: suggested alternative: &#39;DD1&#39;
  DDRB |= ((1 &lt;&lt; DDB1) | (1 &lt;&lt; DDB0));
                 ^~~~
                 DD1
/home/ec2-user/arduino-testlib/cli-datadir/user/libraries/N64Pad/examples/N64PadToMegaDrive/N64PadToMegaDrive.ino:135:31: error: &#39;DDB0&#39; was not declared in this scope
  DDRB |= ((1 &lt;&lt; DDB1) | (1 &lt;&lt; DDB0));
                               ^~~~
/home/ec2-user/arduino-testlib/cli-datadir/user/libraries/N64Pad/examples/N64PadToMegaDrive/N64PadToMegaDrive.ino:135:31: note: suggested alternative: &#39;DD0&#39;
  DDRB |= ((1 &lt;&lt; DDB1) | (1 &lt;&lt; DDB0));
                               ^~~~
                               DD0
/home/ec2-user/arduino-testlib/cli-datadir/user/libraries/N64Pad/examples/N64PadToMegaDrive/N64PadToMegaDrive.ino: In function &#39;void loop()&#39;:
/home/ec2-user/arduino-testlib/cli-datadir/user/libraries/N64Pad/examples/N64PadToMegaDrive/N64PadToMegaDrive.ino:146:17: error: no match for &#39;operator&amp;&#39; (operand types are &#39;PORTBClass&#39; and &#39;int&#39;)
  PORTB = (PORTB &amp; 0xFC)
           ~~~~~~^~~~~~
/home/ec2-user/arduino-testlib/cli-datadir/user/libraries/N64Pad/examples/N64PadToMegaDrive/N64PadToMegaDrive.ino:147:77: error: &#39;PB0&#39; was not declared in this scope
        | (pad.y &lt; MIN_Y_OFFSET &amp;&amp; ((pad.buttons &amp; N64Pad::BTN_UP) == 0)) &lt;&lt; PB0
                                                                             ^~~
/home/ec2-user/arduino-testlib/cli-datadir/user/libraries/N64Pad/examples/N64PadToMegaDrive/N64PadToMegaDrive.ino:147:77: note: suggested alternative: &#39;B0&#39;
        | (pad.y &lt; MIN_Y_OFFSET &amp;&amp; ((pad.buttons &amp; N64Pad::BTN_UP) == 0)) &lt;&lt; PB0
                                                                             ^~~
                                                                             B0
/home/ec2-user/arduino-testlib/cli-datadir/user/libraries/N64Pad/examples/N64PadToMegaDrive/N64PadToMegaDrive.ino:148:80: error: &#39;PB1&#39; was not declared in this scope
        | (pad.y &gt; -MIN_Y_OFFSET &amp;&amp; ((pad.buttons &amp; N64Pad::BTN_DOWN) == 0)) &lt;&lt; PB1
                                                                                ^~~
/home/ec2-user/arduino-testlib/cli-datadir/user/libraries/N64Pad/examples/N64PadToMegaDrive/N64PadToMegaDrive.ino:148:80: note: suggested alternative: &#39;B1&#39;
        | (pad.y &gt; -MIN_Y_OFFSET &amp;&amp; ((pad.buttons &amp; N64Pad::BTN_DOWN) == 0)) &lt;&lt; PB1
                                                                                ^~~
                                                                                B1
/home/ec2-user/arduino-testlib/cli-datadir/user/libraries/N64Pad/examples/N64PadToMegaDrive/N64PadToMegaDrive.ino:152:17: error: no match for &#39;operator&amp;&#39; (operand types are &#39;PORTDClass&#39; and &#39;int&#39;)
  PORTD = (PORTD &amp; 0xC3)
           ~~~~~~^~~~~~
/home/ec2-user/arduino-testlib/cli-datadir/user/libraries/N64Pad/examples/N64PadToMegaDrive/N64PadToMegaDrive.ino:153:68: error: &#39;PD4&#39; was not declared in this scope
        | ((pad.buttons &amp; (N64Pad::BTN_A | N64Pad::BTN_L)) == 0) &lt;&lt; PD4
                                                                    ^~~
/home/ec2-user/arduino-testlib/cli-datadir/user/libraries/N64Pad/examples/N64PadToMegaDrive/N64PadToMegaDrive.ino:153:68: note: suggested alternative: &#39;PD&#39;
        | ((pad.buttons &amp; (N64Pad::BTN_A | N64Pad::BTN_L)) == 0) &lt;&lt; PD4
                                                                    ^~~
                                                                    PD
/home/ec2-user/arduino-testlib/cli-datadir/user/libraries/N64Pad/examples/N64PadToMegaDrive/N64PadToMegaDrive.ino:154:54: error: &#39;PD5&#39; was not declared in this scope
        | ((pad.buttons &amp; N64Pad::BTN_START) == 0) &lt;&lt; PD5
                                                      ^~~
/home/ec2-user/arduino-testlib/cli-datadir/user/libraries/N64Pad/examples/N64PadToMegaDrive/N64PadToMegaDrive.ino:154:54: note: suggested alternative: &#39;PD&#39;
        | ((pad.buttons &amp; N64Pad::BTN_START) == 0) &lt;&lt; PD5
                                                      ^~~
                                                      PD
/home/ec2-user/arduino-testlib/cli-datadir/user/libraries/N64Pad/examples/N64PadToMegaDrive/N64PadToMegaDrive.ino:158:17: error: no match for &#39;operator&amp;&#39; (operand types are &#39;PORTBClass&#39; and &#39;int&#39;)
  PORTB = (PORTB &amp; 0xC3)
           ~~~~~~^~~~~~
/home/ec2-user/arduino-testlib/cli-datadir/user/libraries/N64Pad/examples/N64PadToMegaDrive/N64PadToMegaDrive.ino:159:80: error: &#39;PB2&#39; was not declared in this scope
        | (pad.x &gt; -MIN_X_OFFSET &amp;&amp; ((pad.buttons &amp; N64Pad::BTN_LEFT) == 0)) &lt;&lt; PB2
                                                                                ^~~
/home/ec2-user/arduino-testlib/cli-datadir/user/libraries/N64Pad/example</pre>
					
					<h4>examples/N64PadToUSB</h4>
					<p>
						Result: <b>FAIL</b>
					</p>
					<pre class="pre-scrollable">WARNING: library N64Pad claims to run on avr architecture(s) and may be incompatible with your current board which runs on megaavr architecture(s).
/home/ec2-user/arduino-testlib/cli-datadir/user/libraries/N64Pad/examples/N64PadToUSB/N64PadToUSB.ino:82:1: error: &#39;Joystick_&#39; does not name a type; did you mean &#39;Joystick&#39;?
 Joystick_ usbStick (
 ^~~~~~~~~
 Joystick
/home/ec2-user/arduino-testlib/cli-datadir/user/libraries/N64Pad/examples/N64PadToUSB/N64PadToUSB.ino: In function &#39;void setup()&#39;:
/home/ec2-user/arduino-testlib/cli-datadir/user/libraries/N64Pad/examples/N64PadToUSB/N64PadToUSB.ino:117:2: error: &#39;usbStick&#39; was not declared in this scope
  usbStick.begin (false);  // We&#39;ll call sendState() manually to minimize lag
  ^~~~~~~~
/home/ec2-user/arduino-testlib/cli-datadir/user/libraries/N64Pad/examples/N64PadToUSB/N64PadToUSB.ino:117:2: note: suggested alternative: &#39;Joystick&#39;
  usbStick.begin (false);  // We&#39;ll call sendState() manually to minimize lag
  ^~~~~~~~
  Joystick
/home/ec2-user/arduino-testlib/cli-datadir/user/libraries/N64Pad/examples/N64PadToUSB/N64PadToUSB.ino: In function &#39;void loop()&#39;:
/home/ec2-user/arduino-testlib/cli-datadir/user/libraries/N64Pad/examples/N64PadToUSB/N64PadToUSB.ino:149:5: error: &#39;usbStick&#39; was not declared in this scope
     usbStick.setButton (0, (pad.buttons &amp; N64Pad::BTN_B) != 0);
     ^~~~~~~~
/home/ec2-user/arduino-testlib/cli-datadir/user/libraries/N64Pad/examples/N64PadToUSB/N64PadToUSB.ino:149:5: note: suggested alternative: &#39;Joystick&#39;
     usbStick.setButton (0, (pad.buttons &amp; N64Pad::BTN_B) != 0);
     ^~~~~~~~
     Joystick
Multiple libraries were found for &#34;Joystick.h&#34;
  Used: /home/ec2-user/arduino-testlib/cli-datadir/user/libraries/Joystick
  Not used: /home/ec2-user/arduino-testlib/cli-datadir/user/libraries/BlueVGA_Library_for_BluePill
  Not used: /home/ec2-user/arduino-testlib/cli-datadir/user/libraries/AxisJoystick
</pre>
					
					<h4>examples/N64PadToUsbDigispark</h4>
					<p>
						Result: <b>FAIL</b>
					</p>
					<pre class="pre-scrollable">/home/ec2-user/arduino-testlib/cli-datadir/user/libraries/N64Pad/examples/N64PadToUsbDigispark/N64PadToUsbDigispark.ino:30:10: fatal error: DigiJoystick.h: No such file or directory
 #include &lt;DigiJoystick.h&gt;
          ^~~~~~~~~~~~~~~~
compilation terminated.

</pre>
					
				
				<h3 id="arduino:samd:mkrwifi1010">arduino:samd:mkrwifi1010 @ 1.8.12</h3>
				<h4>Inclusion</h4>
				<p>
					Result: <b>FAIL</b>
					
				</p>
				<pre class="pre-scrollable">WARNING: library N64Pad claims to run on avr architecture(s) and may be incompatible with your current board which runs on samd architecture(s).
/home/ec2-user/arduino-testlib/cli-datadir/user/libraries/N64Pad/src/protocol/pcint.S:18:10: fatal error: avr/io.h: No such file or directory
 #include &lt;avr/io.h&gt;
          ^~~~~~~~~~
compilation terminated.

</pre>

					
					<h4>examples/GCKonamiCode</h4>
					<p>
						Result: <b>FAIL</b>
					</p>
					<pre class="pre-scrollable">WARNING: library N64Pad claims to run on avr architecture(s) and may be incompatible with your current board which runs on samd architecture(s).
/home/ec2-user/arduino-testlib/cli-datadir/user/libraries/N64Pad/src/protocol/int0.S:18:10: fatal error: avr/io.h: No such file or directory
 #include &lt;avr/io.h&gt;
          ^~~~~~~~~~
compilation terminated.
�
</pre>
					
					<h4>examples/GCPadDump</h4>
					<p>
						Result: <b>FAIL</b>
					</p>
					<pre class="pre-scrollable">WARNING: library N64Pad claims to run on avr architecture(s) and may be incompatible with your current board which runs on samd architecture(s).
/home/ec2-user/arduino-testlib/cli-datadir/user/libraries/N64Pad/src/protocol/pcint.S:18:10: fatal error: avr/io.h: No such file or directory
 #include &lt;avr/io.h&gt;
          ^~~~~~~~~~
compilation terminated.
</pre>
					
					<h4>examples/GCPadToUSB</h4>
					<p>
						Result: <b>FAIL</b>
					</p>
					<pre class="pre-scrollable">WARNING: library N64Pad claims to run on avr architecture(s) and may be incompatible with your current board which runs on samd architecture(s).
/home/ec2-user/arduino-testlib/cli-datadir/user/libraries/N64Pad/examples/GCPadToUSB/GCPadToUSB.ino:117:1: error: &#39;Joystick_&#39; does not name a type; did you mean &#39;Joystick&#39;?
 Joystick_ usbStick (
 ^~~~~~~~~
 Joystick
/home/ec2-user/arduino-testlib/cli-datadir/user/libraries/N64Pad/examples/GCPadToUSB/GCPadToUSB.ino: In function &#39;void setup()&#39;:
/home/ec2-user/arduino-testlib/cli-datadir/user/libraries/N64Pad/examples/GCPadToUSB/GCPadToUSB.ino:174:2: error: &#39;usbStick&#39; was not declared in this scope
  usbStick.begin (false);  // We&#39;ll call sendState() manually to minimize lag
  ^~~~~~~~
/home/ec2-user/arduino-testlib/cli-datadir/user/libraries/N64Pad/examples/GCPadToUSB/GCPadToUSB.ino:174:2: note: suggested alternative: &#39;Joystick&#39;
  usbStick.begin (false);  // We&#39;ll call sendState() manually to minimize lag
  ^~~~~~~~
  Joystick
/home/ec2-user/arduino-testlib/cli-datadir/user/libraries/N64Pad/examples/GCPadToUSB/GCPadToUSB.ino: In function &#39;void loop()&#39;:
/home/ec2-user/arduino-testlib/cli-datadir/user/libraries/N64Pad/examples/GCPadToUSB/GCPadToUSB.ino:192:2: error: &#39;usbStick&#39; was not declared in this scope
  usbStick.setButton (0, (pad.buttons &amp; GCPad::BTN_A) != 0);
  ^~~~~~~~
/home/ec2-user/arduino-testlib/cli-datadir/user/libraries/N64Pad/examples/GCPadToUSB/GCPadToUSB.ino:192:2: note: suggested alternative: &#39;Joystick&#39;
  usbStick.setButton (0, (pad.buttons &amp; GCPad::BTN_A) != 0);
  ^~~~~~~~
  Joystick
/home/ec2-user/arduino-testlib/cli-datadir/user/libraries/N64Pad/examples/GCPadToUSB/GCPadToUSB.ino:250:29: error: &#39;JOYSTICK_HATSWITCH_RELEASE&#39; was not declared in this scope
   usbStick.setHatSwitch (0, JOYSTICK_HATSWITCH_RELEASE);
                             ^~~~~~~~~~~~~~~~~~~~~~~~~~
/home/ec2-user/arduino-testlib/cli-datadir/user/libraries/N64Pad/examples/GCPadToUSB/GCPadToUSB.ino:250:29: note: suggested alternative: &#39;__ATOMIC_RELEASE&#39;
   usbStick.setHatSwitch (0, JOYSTICK_HATSWITCH_RELEASE);
                             ^~~~~~~~~~~~~~~~~~~~~~~~~~
                             __ATOMIC_RELEASE
Multiple libraries were found for &#34;Joystick.h&#34;
  Used: /home/ec2-user/arduino-testlib/cli-datadir/user/libraries/Joystick
  Not used: /home/ec2-user/arduino-testlib/cli-datadir/user/libraries/AxisJoystick
  Not used: /home/ec2-user/arduino-testlib/cli-datadir/user/libraries/BlueVGA_Library_for_BluePill
</pre>
					
					<h4>examples/MegaDriveMultiplexer</h4>
					<p>
						Result: <b>FAIL</b>
					</p>
					<pre class="pre-scrollable">/home/ec2-user/arduino-testlib/cli-datadir/user/libraries/N64Pad/examples/MegaDriveMultiplexer/MegaDriveMultiplexer.ino: In function &#39;void setup()&#39;:
/home/ec2-user/arduino-testlib/cli-datadir/user/libraries/N64Pad/examples/MegaDriveMultiplexer/MegaDriveMultiplexer.ino:30:14: error: &#39;DDRB&#39; was not declared in this scope
 #define DIR1 DDRB
              ^
/home/ec2-user/arduino-testlib/cli-datadir/user/libraries/N64Pad/examples/MegaDriveMultiplexer/MegaDriveMultiplexer.ino:46:2: note: in expansion of macro &#39;DIR1&#39;
  DIR1 &amp;= ~MASK1;
  ^~~~
/home/ec2-user/arduino-testlib/cli-datadir/user/libraries/N64Pad/examples/MegaDriveMultiplexer/MegaDriveMultiplexer.ino:30:14: note: suggested alternative: &#39;DIR2&#39;
 #define DIR1 DDRB
              ^
/home/ec2-user/arduino-testlib/cli-datadir/user/libraries/N64Pad/examples/MegaDriveMultiplexer/MegaDriveMultiplexer.ino:46:2: note: in expansion of macro &#39;DIR1&#39;
  DIR1 &amp;= ~MASK1;
  ^~~~
/home/ec2-user/arduino-testlib/cli-datadir/user/libraries/N64Pad/examples/MegaDriveMultiplexer/MegaDriveMultiplexer.ino:34:14: error: &#39;DDRD&#39; was not declared in this scope
 #define DIR2 DDRD
              ^
/home/ec2-user/arduino-testlib/cli-datadir/user/libraries/N64Pad/examples/MegaDriveMultiplexer/MegaDriveMultiplexer.ino:47:2: note: in expansion of macro &#39;DIR2&#39;
  DIR2 &amp;= ~MASK2;
  ^~~~
/home/ec2-user/arduino-testlib/cli-datadir/user/libraries/N64Pad/examples/MegaDriveMultiplexer/MegaDriveMultiplexer.ino:34:14: note: suggested alternative: &#39;DIR2&#39;
 #define DIR2 DDRD
              ^
/home/ec2-user/arduino-testlib/cli-datadir/user/libraries/N64Pad/examples/MegaDriveMultiplexer/MegaDriveMultiplexer.ino:47:2: note: in expansion of macro &#39;DIR2&#39;
  DIR2 &amp;= ~MASK2;
  ^~~~
/home/ec2-user/arduino-testlib/cli-datadir/user/libraries/N64Pad/examples/MegaDriveMultiplexer/MegaDriveMultiplexer.ino:38:16: error: &#39;DDRC&#39; was not declared in this scope
 #define OUTDIR DDRC
                ^
/home/ec2-user/arduino-testlib/cli-datadir/user/libraries/N64Pad/examples/MegaDriveMultiplexer/MegaDriveMultiplexer.ino:49:2: note: in expansion of macro &#39;OUTDIR&#39;
  OUTDIR |= OUTMASK;
  ^~~~~~
/home/ec2-user/arduino-testlib/cli-datadir/user/libraries/N64Pad/examples/MegaDriveMultiplexer/MegaDriveMultiplexer.ino:38:16: note: suggested alternative: &#39;DIR2&#39;
 #define OUTDIR DDRC
                ^
/home/ec2-user/arduino-testlib/cli-datadir/user/libraries/N64Pad/examples/MegaDriveMultiplexer/MegaDriveMultiplexer.ino:49:2: note: in expansion of macro &#39;OUTDIR&#39;
  OUTDIR |= OUTMASK;
  ^~~~~~
/home/ec2-user/arduino-testlib/cli-datadir/user/libraries/N64Pad/examples/MegaDriveMultiplexer/MegaDriveMultiplexer.ino:43:24: error: &#39;PD7&#39; was not declared in this scope
 #define SELECT_PIN_BIT PD7
                        ^
/home/ec2-user/arduino-testlib/cli-datadir/user/libraries/N64Pad/examples/MegaDriveMultiplexer/MegaDriveMultiplexer.ino:51:27: note: in expansion of macro &#39;SELECT_PIN_BIT&#39;
  SELECT_PIN_DIR &amp;= ~(1 &lt;&lt; SELECT_PIN_BIT);
                           ^~~~~~~~~~~~~~
/home/ec2-user/arduino-testlib/cli-datadir/user/libraries/N64Pad/examples/MegaDriveMultiplexer/MegaDriveMultiplexer.ino: In function &#39;void loop()&#39;:
/home/ec2-user/arduino-testlib/cli-datadir/user/libraries/N64Pad/examples/MegaDriveMultiplexer/MegaDriveMultiplexer.ino:41:28: error: &#39;PIND&#39; was not declared in this scope
 #define SELECT_PIN_PINPORT PIND
                            ^
/home/ec2-user/arduino-testlib/cli-datadir/user/libraries/N64Pad/examples/MegaDriveMultiplexer/MegaDriveMultiplexer.ino:60:7: note: in expansion of macro &#39;SELECT_PIN_PINPORT&#39;
   if (SELECT_PIN_PINPORT &amp; (1 &lt;&lt; SELECT_PIN_BIT)) {
       ^~~~~~~~~~~~~~~~~~
/home/ec2-user/arduino-testlib/cli-datadir/user/libraries/N64Pad/examples/MegaDriveMultiplexer/MegaDriveMultiplexer.ino:41:28: note: suggested alternative: &#39;SING&#39;
 #define SELECT_PIN_PINPORT PIND
                            ^
/home/ec2-user/arduino-testlib/cli-datadir/user/libraries/N64Pad/examples/MegaDriveMultiplexer/MegaDriveMultiplexer.ino:60:7: note: in expansion of macro &#39;SELECT_PIN_PINPORT&#39;
   if (SELECT_PIN_PINPORT &amp; (1 &lt;&lt; SELECT_PIN_BIT)) {
       ^~~~~~~~~~~~~~~~~~
/home/ec2-user/arduino-testlib/cli-datadir/user/libraries/N64Pad/examples/MegaDriveMultiplexer/MegaDriveMultiplexer.ino:43:24: error: &#39;PD7&#39; was not declared in this scope
 #define SELECT_PIN_BIT PD7
                        ^
/home/ec2-user/arduino-testlib/cli-datadir/user/libraries/N64Pad/examples/MegaDriveMultiplexer/MegaDriveMultiplexer.ino:60:34: note: in expansion of macro &#39;SELECT_PIN_BIT&#39;
   if (SELECT_PIN_PINPORT &amp; (1 &lt;&lt; SELECT_PIN_BIT)) {
                                  ^~~~~~~~~~~~~~
/home/ec2-user/arduino-testlib/cli-datadir/user/libraries/N64Pad/examples/MegaDriveMultiplexer/MegaDriveMultiplexer.ino:29:17: error: &#39;PINB&#39; was not declared in this scope
 #define INPORT1 PINB
                 ^
/home/ec2-user/arduino-testlib/cli-datadir/user/libraries/N64Pad/examples/MegaDriveMultiplexer/MegaDriveMultiplexer.ino:63:14: note: in expansion of macro &#39;INPORT1&#39;
    OUTPORT = INPORT1;
              ^~~~~~~
/home/ec2-user/arduino-testlib/cli-datadir/user/libraries/N64Pad/examples/MegaDriveMultiplexer/MegaDriveMultiplexer.ino:29:17: note: suggested alternative: &#39;SING&#39;
 #define INPORT1 PINB
                 ^
/home/ec2-user/arduino-testlib/cli-datadir/user/libraries/N64Pad/examples/MegaDriveMultiplexer/MegaDriveMultiplexer.ino:63:14: note: in expansion of macro &#39;INPORT1&#39;
    OUTPORT = INPORT1;
              ^~~~~~~

</pre>
					
					<h4>examples/N64PadDump</h4>
					<p>
						Result: <b>FAIL</b>
					</p>
					<pre class="pre-scrollable">WARNING: library N64Pad claims to run on avr architecture(s) and may be incompatible with your current board which runs on samd architecture(s).
/home/ec2-user/arduino-testlib/cli-datadir/user/libraries/N64Pad/src/protocol/int0.S:18:10: fatal error: avr/io.h: No such file or directory
 #include &lt;avr/io.h&gt;
          ^~~~~~~~~~
compilation terminated.

</pre>
					
					<h4>examples/N64PadToMegaDrive</h4>
					<p>
						Result: <b>FAIL</b>
					</p>
					<pre class="pre-scrollable">WARNING: library N64Pad claims to run on avr architecture(s) and may be incompatible with your current board which runs on samd architecture(s).
/home/ec2-user/arduino-testlib/cli-datadir/user/libraries/N64Pad/examples/N64PadToMegaDrive/N64PadToMegaDrive.ino: In function &#39;void setup()&#39;:
/home/ec2-user/arduino-testlib/cli-datadir/user/libraries/N64Pad/examples/N64PadToMegaDrive/N64PadToMegaDrive.ino:133:2: error: &#39;DDRD&#39; was not declared in this scope
  DDRD |= ((1 &lt;&lt; DDD2) | (1 &lt;&lt; DDD3) | (1 &lt;&lt; DDD4) | (1 &lt;&lt; DDD5));
  ^~~~
/home/ec2-user/arduino-testlib/cli-datadir/user/libraries/N64Pad/examples/N64PadToMegaDrive/N64PadToMegaDrive.ino:133:17: error: &#39;DDD2&#39; was not declared in this scope
  DDRD |= ((1 &lt;&lt; DDD2) | (1 &lt;&lt; DDD3) | (1 &lt;&lt; DDD4) | (1 &lt;&lt; DDD5));
                 ^~~~
/home/ec2-user/arduino-testlib/cli-datadir/user/libraries/N64Pad/examples/N64PadToMegaDrive/N64PadToMegaDrive.ino:133:31: error: &#39;DDD3&#39; was not declared in this scope
  DDRD |= ((1 &lt;&lt; DDD2) | (1 &lt;&lt; DDD3) | (1 &lt;&lt; DDD4) | (1 &lt;&lt; DDD5));
                               ^~~~
/home/ec2-user/arduino-testlib/cli-datadir/user/libraries/N64Pad/examples/N64PadToMegaDrive/N64PadToMegaDrive.ino:133:45: error: &#39;DDD4&#39; was not declared in this scope
  DDRD |= ((1 &lt;&lt; DDD2) | (1 &lt;&lt; DDD3) | (1 &lt;&lt; DDD4) | (1 &lt;&lt; DDD5));
                                             ^~~~
/home/ec2-user/arduino-testlib/cli-datadir/user/libraries/N64Pad/examples/N64PadToMegaDrive/N64PadToMegaDrive.ino:133:59: error: &#39;DDD5&#39; was not declared in this scope
  DDRD |= ((1 &lt;&lt; DDD2) | (1 &lt;&lt; DDD3) | (1 &lt;&lt; DDD4) | (1 &lt;&lt; DDD5));
                                                           ^~~~
/home/ec2-user/arduino-testlib/cli-datadir/user/libraries/N64Pad/examples/N64PadToMegaDrive/N64PadToMegaDrive.ino:134:2: error: &#39;DDRB&#39; was not declared in this scope
  DDRB |= ((1 &lt;&lt; DDB2) | (1 &lt;&lt; DDB3) | (1 &lt;&lt; DDB4) | (1 &lt;&lt; DDB5));
  ^~~~
/home/ec2-user/arduino-testlib/cli-datadir/user/libraries/N64Pad/examples/N64PadToMegaDrive/N64PadToMegaDrive.ino:134:17: error: &#39;DDB2&#39; was not declared in this scope
  DDRB |= ((1 &lt;&lt; DDB2) | (1 &lt;&lt; DDB3) | (1 &lt;&lt; DDB4) | (1 &lt;&lt; DDB5));
                 ^~~~
/home/ec2-user/arduino-testlib/cli-datadir/user/libraries/N64Pad/examples/N64PadToMegaDrive/N64PadToMegaDrive.ino:134:31: error: &#39;DDB3&#39; was not declared in this scope
  DDRB |= ((1 &lt;&lt; DDB2) | (1 &lt;&lt; DDB3) | (1 &lt;&lt; DDB4) | (1 &lt;&lt; DDB5));
                               ^~~~
/home/ec2-user/arduino-testlib/cli-datadir/user/libraries/N64Pad/examples/N64PadToMegaDrive/N64PadToMegaDrive.ino:134:45: error: &#39;DDB4&#39; was not declared in this scope
  DDRB |= ((1 &lt;&lt; DDB2) | (1 &lt;&lt; DDB3) | (1 &lt;&lt; DDB4) | (1 &lt;&lt; DDB5));
                                             ^~~~
/home/ec2-user/arduino-testlib/cli-datadir/user/libraries/N64Pad/examples/N64PadToMegaDrive/N64PadToMegaDrive.ino:134:59: error: &#39;DDB5&#39; was not declared in this scope
  DDRB |= ((1 &lt;&lt; DDB2) | (1 &lt;&lt; DDB3) | (1 &lt;&lt; DDB4) | (1 &lt;&lt; DDB5));
                                                           ^~~~
/home/ec2-user/arduino-testlib/cli-datadir/user/libraries/N64Pad/examples/N64PadToMegaDrive/N64PadToMegaDrive.ino:135:17: error: &#39;DDB1&#39; was not declared in this scope
  DDRB |= ((1 &lt;&lt; DDB1) | (1 &lt;&lt; DDB0));
                 ^~~~
/home/ec2-user/arduino-testlib/cli-datadir/user/libraries/N64Pad/examples/N64PadToMegaDrive/N64PadToMegaDrive.ino:135:17: note: suggested alternative: &#39;B1&#39;
  DDRB |= ((1 &lt;&lt; DDB1) | (1 &lt;&lt; DDB0));
                 ^~~~
                 B1
/home/ec2-user/arduino-testlib/cli-datadir/user/libraries/N64Pad/examples/N64PadToMegaDrive/N64PadToMegaDrive.ino:135:31: error: &#39;DDB0&#39; was not declared in this scope
  DDRB |= ((1 &lt;&lt; DDB1) | (1 &lt;&lt; DDB0));
                               ^~~~
/home/ec2-user/arduino-testlib/cli-datadir/user/libraries/N64Pad/examples/N64PadToMegaDrive/N64PadToMegaDrive.ino:135:31: note: suggested alternative: &#39;B0&#39;
  DDRB |= ((1 &lt;&lt; DDB1) | (1 &lt;&lt; DDB0));
                               ^~~~
                               B0
/home/ec2-user/arduino-testlib/cli-datadir/user/libraries/N64Pad/examples/N64PadToMegaDrive/N64PadToMegaDrive.ino: In function &#39;void loop()&#39;:
/home/ec2-user/arduino-testlib/cli-datadir/user/libraries/N64Pad/examples/N64PadToMegaDrive/N64PadToMegaDrive.ino:147:77: error: &#39;PB0&#39; was not declared in this scope
        | (pad.y &lt; MIN_Y_OFFSET &amp;&amp; ((pad.buttons &amp; N64Pad::BTN_UP) == 0)) &lt;&lt; PB0
                                                                             ^~~
/home/ec2-user/arduino-testlib/cli-datadir/user/libraries/N64Pad/examples/N64PadToMegaDrive/N64PadToMegaDrive.ino:147:77: note: suggested alternative: &#39;B0&#39;
        | (pad.y &lt; MIN_Y_OFFSET &amp;&amp; ((pad.buttons &amp; N64Pad::BTN_UP) == 0)) &lt;&lt; PB0
                                                                             ^~~
                                                                             B0
/home/ec2-user/arduino-testlib/cli-datadir/user/libraries/N64Pad/examples/N64PadToMegaDrive/N64PadToMegaDrive.ino:148:80: error: &#39;PB1&#39; was not declared in this scope
        | (pad.y &gt; -MIN_Y_OFFSET &amp;&amp; ((pad.buttons &amp; N64Pad::BTN_DOWN) == 0)) &lt;&lt; PB1
                                                                                ^~~
/home/ec2-user/arduino-testlib/cli-datadir/user/libraries/N64Pad/examples/N64PadToMegaDrive/N64PadToMegaDrive.ino:148:80: note: suggested alternative: &#39;B1&#39;
        | (pad.y &gt; -MIN_Y_OFFSET &amp;&amp; ((pad.buttons &amp; N64Pad::BTN_DOWN) == 0)) &lt;&lt; PB1
                                                                                ^~~
                                                                                B1
/home/ec2-user/arduino-testlib/cli-datadir/user/libraries/N64Pad/examples/N64PadToMegaDrive/N64PadToMegaDrive.ino:152:2: error: &#39;PORTD&#39; was not declared in this scope
  PORTD = (PORTD &amp; 0xC3)
  ^~~~~
/home/ec2-user/arduino-testlib/cli-datadir/user/libraries/N64Pad/examples/N64PadToMegaDrive/N64PadToMegaDrive.ino:152:2: note: suggested alternative: &#39;PORTC&#39;
  PORTD = (PORTD &amp; 0xC3)
  ^~~~~
  PORTC
/home/ec2-user/arduino-testlib/cli-datadir/user/libraries/N64Pad/examples/N64PadToMegaDrive/N64PadToMegaDrive.ino:153:68: error: &#39;PD4&#39; was not declared in this scope
        | ((pad.buttons &amp; (N64Pad::BTN_A | N64Pad::BTN_L)) == 0) &lt;&lt; PD4
                                                                    ^~~
/home/ec2-user/arduino-testlib/cli-datadir/user/libraries/N64Pad/examples/N64PadToMegaDrive/N64PadToMegaDrive.ino:154:54: error: &#39;PD5&#39; was not declared in this scope
        | ((pad.buttons &amp; N64Pad::BTN_START) == 0) &lt;&lt; PD5
                                                      ^~~
/home/ec2-user/arduino-testlib/cli-datadir/user/libraries/N64Pad/examples/N64PadToMegaDrive/N64PadToMegaDrive.ino:159:80: error: &#39;PB2&#39; was not declared in this scope
        | (pad.x &gt; -MIN_X_OFFSET &amp;&amp; ((pad.buttons &amp; N64Pad::BTN_LEFT) == 0)) &lt;&lt; PB2
                                                                                ^~~
/home/ec2-user/arduino-testlib/cli-datadir/user/libraries/N64Pad/examples/N64PadToMegaDrive/N64PadToMegaDrive.ino:160:80: error: &#39;PB3&#39; was not declared in this scope
        | (pad.x &lt; MIN_X_OFFSET &amp;&amp; ((pad.buttons &amp; N64Pad::BTN_RIGHT) == 0)) &lt;&lt; PB3
                                                                                ^~~
/home/ec2-user/arduino-testlib/cli-datadir/user/libraries/N64Pad/examples/N64PadToMegaDrive/N64PadToMegaDrive.ino:161:68: error: &#39;PB4&#39; was not declared in this scope
        | ((pad.buttons &amp; (N64Pad::BTN_B | N64Pad::BTN_R)) == 0) &lt;&lt; PB4
                                                                    ^~~
/home/ec2-user/arduino-testlib/cli-datadir/user/libraries/N64Pad/examples/N64PadToMegaDrive/N64PadToMegaDrive.ino:162:135: error: &#39;PB5&#39; was not declared in this scope
        | ((pad.buttons &amp; (N64Pad::BTN_C_UP | N64Pad::BTN_C_DOWN | N64Pad::BTN_C_LEFT | N64Pad::BTN_C_RIGHT | N64Pad::BTN_Z)) == 0) &lt;&lt; PB5
                                                                                                                                       ^~~

</pre>
					
					<h4>examples/N64PadToUSB</h4>
					<p>
						Result: <b>FAIL</b>
					</p>
					<pre class="pre-scrollable">WARNING: library N64Pad claims to run on avr architecture(s) and may be incompatible with your current board which runs on samd architecture(s).
/home/ec2-user/arduino-testlib/cli-datadir/user/libraries/N64Pad/examples/N64PadToUSB/N64PadToUSB.ino:82:1: error: &#39;Joystick_&#39; does not name a type; did you mean &#39;Joystick&#39;?
 Joystick_ usbStick (
 ^~~~~~~~~
 Joystick
/home/ec2-user/arduino-testlib/cli-datadir/user/libraries/N64Pad/examples/N64PadToUSB/N64PadToUSB.ino: In function &#39;void setup()&#39;:
/home/ec2-user/arduino-testlib/cli-datadir/user/libraries/N64Pad/examples/N64PadToUSB/N64PadToUSB.ino:117:2: error: &#39;usbStick&#39; was not declared in this scope
  usbStick.begin (false);  // We&#39;ll call sendState() manually to minimize lag
  ^~~~~~~~
/home/ec2-user/arduino-testlib/cli-datadir/user/libraries/N64Pad/examples/N64PadToUSB/N64PadToUSB.ino:117:2: note: suggested alternative: &#39;Joystick&#39;
  usbStick.begin (false);  // We&#39;ll call sendState() manually to minimize lag
  ^~~~~~~~
  Joystick
/home/ec2-user/arduino-testlib/cli-datadir/user/libraries/N64Pad/examples/N64PadToUSB/N64PadToUSB.ino: In function &#39;void loop()&#39;:
/home/ec2-user/arduino-testlib/cli-datadir/user/libraries/N64Pad/examples/N64PadToUSB/N64PadToUSB.ino:149:5: error: &#39;usbStick&#39; was not declared in this scope
     usbStick.setButton (0, (pad.buttons &amp; N64Pad::BTN_B) != 0);
     ^~~~~~~~
/home/ec2-user/arduino-testlib/cli-datadir/user/libraries/N64Pad/examples/N64PadToUSB/N64PadToUSB.ino:149:5: note: suggested alternative: &#39;Joystick&#39;
     usbStick.setButton (0, (pad.buttons &amp; N64Pad::BTN_B) != 0);
     ^~~~~~~~
     Joystick
Multiple libraries were found for &#34;Joystick.h&#34;
  Used: /home/ec2-user/arduino-testlib/cli-datadir/user/libraries/Joystick
  Not used: /home/ec2-user/arduino-testlib/cli-datadir/user/libraries/BlueVGA_Library_for_BluePill
  Not used: /home/ec2-user/arduino-testlib/cli-datadir/user/libraries/AxisJoystick
</pre>
					
					<h4>examples/N64PadToUsbDigispark</h4>
					<p>
						Result: <b>FAIL</b>
					</p>
					<pre class="pre-scrollable">/home/ec2-user/arduino-testlib/cli-datadir/user/libraries/N64Pad/examples/N64PadToUsbDigispark/N64PadToUsbDigispark.ino:30:10: fatal error: DigiJoystick.h: No such file or directory
 #include &lt;DigiJoystick.h&gt;
          ^~~~~~~~~~~~~~~~
compilation terminated.

</pre>
					
				
				<h3 id="esp32:esp32:d1_mini32">esp32:esp32:d1_mini32 @ 1.0.6</h3>
				<h4>Inclusion</h4>
				<p>
					Result: <b>FAIL</b>
					
				</p>
				<pre class="pre-scrollable">WARNING: library N64Pad claims to run on avr architecture(s) and may be incompatible with your current board which runs on esp32 architecture(s).
/home/ec2-user/arduino-testlib/cli-datadir/user/libraries/N64Pad/src/protocol/int0.S:18:20: fatal error: avr/io.h: No such file or directory
compilation terminated.
/home/ec2-user/arduino-testlib/cli-datadir/user/libraries/N64Pad/src/protocol/pcint.S:18:20: fatal error: avr/io.h: No such file or directory
compilation terminated.

</pre>

					
					<h4>examples/GCKonamiCode</h4>
					<p>
						Result: <b>FAIL</b>
					</p>
					<pre class="pre-scrollable">WARNING: library N64Pad claims to run on avr architecture(s) and may be incompatible with your current board which runs on esp32 architecture(s).
/home/ec2-user/arduino-testlib/cli-datadir/user/libraries/N64Pad/src/protocol/pcint.S:18:20: fatal error: avr/io.h: No such file or directory������������������������
</pre>
					
					<h4>examples/GCPadDump</h4>
					<p>
						Result: <b>FAIL</b>
					</p>
					<pre class="pre-scrollable">WARNING: library N64Pad claims to run on avr architecture(s) and may be incompatible with your current board which runs on esp32 architecture(s).
/home/ec2-user/arduino-testlib/cli-datadir/user/libraries/N64Pad/src/protocol/pcint.S:18:20: fatal error: avr/io.h: No such file or directorycompilation terminated.

</pre>
					
					<h4>examples/GCPadToUSB</h4>
					<p>
						Result: <b>FAIL</b>
					</p>
					<pre class="pre-scrollable">WARNING: library N64Pad claims to run on avr architecture(s) and may be incompatible with your current board which runs on esp32 architecture(s).
/home/ec2-user/arduino-testlib/cli-datadir/user/libraries/N64Pad/examples/GCPadToUSB/GCPadToUSB.ino:117:1: error: &#39;Joystick_&#39; does not name a type
 Joystick_ usbStick (
 ^
/home/ec2-user/arduino-testlib/cli-datadir/user/libraries/N64Pad/examples/GCPadToUSB/GCPadToUSB.ino: In function &#39;void setup()&#39;:
/home/ec2-user/arduino-testlib/cli-datadir/user/libraries/N64Pad/examples/GCPadToUSB/GCPadToUSB.ino:174:2: error: &#39;usbStick&#39; was not declared in this scope
  usbStick.begin (false);  // We&#39;ll call sendState() manually to minimize lag
  ^
/home/ec2-user/arduino-testlib/cli-datadir/user/libraries/N64Pad/examples/GCPadToUSB/GCPadToUSB.ino: In function &#39;void loop()&#39;:
/home/ec2-user/arduino-testlib/cli-datadir/user/libraries/N64Pad/examples/GCPadToUSB/GCPadToUSB.ino:192:2: error: &#39;usbStick&#39; was not declared in this scope
  usbStick.setButton (0, (pad.buttons &amp; GCPad::BTN_A) != 0);
  ^
/home/ec2-user/arduino-testlib/cli-datadir/user/libraries/N64Pad/examples/GCPadToUSB/GCPadToUSB.ino:250:29: error: &#39;JOYSTICK_HATSWITCH_RELEASE&#39; was not declared in this scope
   usbStick.setHatSwitch (0, JOYSTICK_HATSWITCH_RELEASE);
                             ^
Multiple libraries were found for &#34;Joystick.h&#34;
  Used: /home/ec2-user/arduino-testlib/cli-datadir/user/libraries/Joystick
  Not used: /home/ec2-user/arduino-testlib/cli-datadir/user/libraries/BlueVGA_Library_for_BluePill
  Not used: /home/ec2-user/arduino-testlib/cli-datadir/user/libraries/AxisJoystick
</pre>
					
					<h4>examples/MegaDriveMultiplexer</h4>
					<p>
						Result: <b>FAIL</b>
					</p>
					<pre class="pre-scrollable">/home/ec2-user/arduino-testlib/cli-datadir/user/libraries/N64Pad/examples/MegaDriveMultiplexer/MegaDriveMultiplexer.ino: In function &#39;void setup()&#39;:
/home/ec2-user/arduino-testlib/cli-datadir/user/libraries/N64Pad/examples/MegaDriveMultiplexer/MegaDriveMultiplexer.ino:30:14: error: &#39;DDRB&#39; was not declared in this scope
 #define DIR1 DDRB
              ^
/home/ec2-user/arduino-testlib/cli-datadir/user/libraries/N64Pad/examples/MegaDriveMultiplexer/MegaDriveMultiplexer.ino:46:2: note: in expansion of macro &#39;DIR1&#39;
  DIR1 &amp;= ~MASK1;
  ^
/home/ec2-user/arduino-testlib/cli-datadir/user/libraries/N64Pad/examples/MegaDriveMultiplexer/MegaDriveMultiplexer.ino:34:14: error: &#39;DDRD&#39; was not declared in this scope
 #define DIR2 DDRD
              ^
/home/ec2-user/arduino-testlib/cli-datadir/user/libraries/N64Pad/examples/MegaDriveMultiplexer/MegaDriveMultiplexer.ino:47:2: note: in expansion of macro &#39;DIR2&#39;
  DIR2 &amp;= ~MASK2;
  ^
/home/ec2-user/arduino-testlib/cli-datadir/user/libraries/N64Pad/examples/MegaDriveMultiplexer/MegaDriveMultiplexer.ino:38:16: error: &#39;DDRC&#39; was not declared in this scope
 #define OUTDIR DDRC
                ^
/home/ec2-user/arduino-testlib/cli-datadir/user/libraries/N64Pad/examples/MegaDriveMultiplexer/MegaDriveMultiplexer.ino:49:2: note: in expansion of macro &#39;OUTDIR&#39;
  OUTDIR |= OUTMASK;
  ^
/home/ec2-user/arduino-testlib/cli-datadir/user/libraries/N64Pad/examples/MegaDriveMultiplexer/MegaDriveMultiplexer.ino:43:24: error: &#39;PD7&#39; was not declared in this scope
 #define SELECT_PIN_BIT PD7
                        ^
/home/ec2-user/arduino-testlib/cli-datadir/user/libraries/N64Pad/examples/MegaDriveMultiplexer/MegaDriveMultiplexer.ino:51:27: note: in expansion of macro &#39;SELECT_PIN_BIT&#39;
  SELECT_PIN_DIR &amp;= ~(1 &lt;&lt; SELECT_PIN_BIT);
                           ^
/home/ec2-user/arduino-testlib/cli-datadir/user/libraries/N64Pad/examples/MegaDriveMultiplexer/MegaDriveMultiplexer.ino: In function &#39;void loop()&#39;:
/home/ec2-user/arduino-testlib/cli-datadir/user/libraries/N64Pad/examples/MegaDriveMultiplexer/MegaDriveMultiplexer.ino:41:28: error: &#39;PIND&#39; was not declared in this scope
 #define SELECT_PIN_PINPORT PIND
                            ^
/home/ec2-user/arduino-testlib/cli-datadir/user/libraries/N64Pad/examples/MegaDriveMultiplexer/MegaDriveMultiplexer.ino:60:7: note: in expansion of macro &#39;SELECT_PIN_PINPORT&#39;
   if (SELECT_PIN_PINPORT &amp; (1 &lt;&lt; SELECT_PIN_BIT)) {
       ^
/home/ec2-user/arduino-testlib/cli-datadir/user/libraries/N64Pad/examples/MegaDriveMultiplexer/MegaDriveMultiplexer.ino:43:24: error: &#39;PD7&#39; was not declared in this scope
 #define SELECT_PIN_BIT PD7
                        ^
/home/ec2-user/arduino-testlib/cli-datadir/user/libraries/N64Pad/examples/MegaDriveMultiplexer/MegaDriveMultiplexer.ino:60:34: note: in expansion of macro &#39;SELECT_PIN_BIT&#39;
   if (SELECT_PIN_PINPORT &amp; (1 &lt;&lt; SELECT_PIN_BIT)) {
                                  ^
/home/ec2-user/arduino-testlib/cli-datadir/user/libraries/N64Pad/examples/MegaDriveMultiplexer/MegaDriveMultiplexer.ino:37:17: error: &#39;PORTC&#39; was not declared in this scope
 #define OUTPORT PORTC
                 ^
/home/ec2-user/arduino-testlib/cli-datadir/user/libraries/N64Pad/examples/MegaDriveMultiplexer/MegaDriveMultiplexer.ino:61:4: note: in expansion of macro &#39;OUTPORT&#39;
    OUTPORT = INPORT2;
    ^
/home/ec2-user/arduino-testlib/cli-datadir/user/libraries/N64Pad/examples/MegaDriveMultiplexer/MegaDriveMultiplexer.ino:37:17: error: &#39;PORTC&#39; was not declared in this scope
 #define OUTPORT PORTC
                 ^
/home/ec2-user/arduino-testlib/cli-datadir/user/libraries/N64Pad/examples/MegaDriveMultiplexer/MegaDriveMultiplexer.ino:63:4: note: in expansion of macro &#39;OUTPORT&#39;
    OUTPORT = INPORT1;
    ^
/home/ec2-user/arduino-testlib/cli-datadir/user/libraries/N64Pad/examples/MegaDriveMultiplexer/MegaDriveMultiplexer.ino:29:17: error: &#39;PINB&#39; was not declared in this scope
 #define INPORT1 PINB
                 ^
/home/ec2-user/arduino-testlib/cli-datadir/user/libraries/N64Pad/examples/MegaDriveMultiplexer/MegaDriveMultiplexer.ino:63:14: note: in expansion of macro &#39;INPORT1&#39;
    OUTPORT = INPORT1;
              ^

</pre>
					
					<h4>examples/N64PadDump</h4>
					<p>
						Result: <b>FAIL</b>
					</p>
					<pre class="pre-scrollable">WARNING: library N64Pad claims to run on avr architecture(s) and may be incompatible with your current board which runs on esp32 architecture(s).
/home/ec2-user/arduino-testlib/cli-datadir/user/libraries/N64Pad/src/protocol/pcint.S:18:20: fatal error: avr/io.h: No such file or directorycompilation terminated.

</pre>
					
					<h4>examples/N64PadToMegaDrive</h4>
					<p>
						Result: <b>FAIL</b>
					</p>
					<pre class="pre-scrollable">WARNING: library N64Pad claims to run on avr architecture(s) and may be incompatible with your current board which runs on esp32 architecture(s).
/home/ec2-user/arduino-testlib/cli-datadir/user/libraries/N64Pad/examples/N64PadToMegaDrive/N64PadToMegaDrive.ino: In function &#39;void setup()&#39;:
/home/ec2-user/arduino-testlib/cli-datadir/user/libraries/N64Pad/examples/N64PadToMegaDrive/N64PadToMegaDrive.ino:133:2: error: &#39;DDRD&#39; was not declared in this scope
  DDRD |= ((1 &lt;&lt; DDD2) | (1 &lt;&lt; DDD3) | (1 &lt;&lt; DDD4) | (1 &lt;&lt; DDD5));
  ^
/home/ec2-user/arduino-testlib/cli-datadir/user/libraries/N64Pad/examples/N64PadToMegaDrive/N64PadToMegaDrive.ino:133:17: error: &#39;DDD2&#39; was not declared in this scope
  DDRD |= ((1 &lt;&lt; DDD2) | (1 &lt;&lt; DDD3) | (1 &lt;&lt; DDD4) | (1 &lt;&lt; DDD5));
                 ^
/home/ec2-user/arduino-testlib/cli-datadir/user/libraries/N64Pad/examples/N64PadToMegaDrive/N64PadToMegaDrive.ino:133:31: error: &#39;DDD3&#39; was not declared in this scope
  DDRD |= ((1 &lt;&lt; DDD2) | (1 &lt;&lt; DDD3) | (1 &lt;&lt; DDD4) | (1 &lt;&lt; DDD5));
                               ^
/home/ec2-user/arduino-testlib/cli-datadir/user/libraries/N64Pad/examples/N64PadToMegaDrive/N64PadToMegaDrive.ino:133:45: error: &#39;DDD4&#39; was not declared in this scope
  DDRD |= ((1 &lt;&lt; DDD2) | (1 &lt;&lt; DDD3) | (1 &lt;&lt; DDD4) | (1 &lt;&lt; DDD5));
                                             ^
/home/ec2-user/arduino-testlib/cli-datadir/user/libraries/N64Pad/examples/N64PadToMegaDrive/N64PadToMegaDrive.ino:133:59: error: &#39;DDD5&#39; was not declared in this scope
  DDRD |= ((1 &lt;&lt; DDD2) | (1 &lt;&lt; DDD3) | (1 &lt;&lt; DDD4) | (1 &lt;&lt; DDD5));
                                                           ^
/home/ec2-user/arduino-testlib/cli-datadir/user/libraries/N64Pad/examples/N64PadToMegaDrive/N64PadToMegaDrive.ino:134:2: error: &#39;DDRB&#39; was not declared in this scope
  DDRB |= ((1 &lt;&lt; DDB2) | (1 &lt;&lt; DDB3) | (1 &lt;&lt; DDB4) | (1 &lt;&lt; DDB5));
  ^
/home/ec2-user/arduino-testlib/cli-datadir/user/libraries/N64Pad/examples/N64PadToMegaDrive/N64PadToMegaDrive.ino:134:17: error: &#39;DDB2&#39; was not declared in this scope
  DDRB |= ((1 &lt;&lt; DDB2) | (1 &lt;&lt; DDB3) | (1 &lt;&lt; DDB4) | (1 &lt;&lt; DDB5));
                 ^
/home/ec2-user/arduino-testlib/cli-datadir/user/libraries/N64Pad/examples/N64PadToMegaDrive/N64PadToMegaDrive.ino:134:31: error: &#39;DDB3&#39; was not declared in this scope
  DDRB |= ((1 &lt;&lt; DDB2) | (1 &lt;&lt; DDB3) | (1 &lt;&lt; DDB4) | (1 &lt;&lt; DDB5));
                               ^
/home/ec2-user/arduino-testlib/cli-datadir/user/libraries/N64Pad/examples/N64PadToMegaDrive/N64PadToMegaDrive.ino:134:45: error: &#39;DDB4&#39; was not declared in this scope
  DDRB |= ((1 &lt;&lt; DDB2) | (1 &lt;&lt; DDB3) | (1 &lt;&lt; DDB4) | (1 &lt;&lt; DDB5));
                                             ^
/home/ec2-user/arduino-testlib/cli-datadir/user/libraries/N64Pad/examples/N64PadToMegaDrive/N64PadToMegaDrive.ino:134:59: error: &#39;DDB5&#39; was not declared in this scope
  DDRB |= ((1 &lt;&lt; DDB2) | (1 &lt;&lt; DDB3) | (1 &lt;&lt; DDB4) | (1 &lt;&lt; DDB5));
                                                           ^
/home/ec2-user/arduino-testlib/cli-datadir/user/libraries/N64Pad/examples/N64PadToMegaDrive/N64PadToMegaDrive.ino:135:17: error: &#39;DDB1&#39; was not declared in this scope
  DDRB |= ((1 &lt;&lt; DDB1) | (1 &lt;&lt; DDB0));
                 ^
/home/ec2-user/arduino-testlib/cli-datadir/user/libraries/N64Pad/examples/N64PadToMegaDrive/N64PadToMegaDrive.ino:135:31: error: &#39;DDB0&#39; was not declared in this scope
  DDRB |= ((1 &lt;&lt; DDB1) | (1 &lt;&lt; DDB0));
                               ^
/home/ec2-user/arduino-testlib/cli-datadir/user/libraries/N64Pad/examples/N64PadToMegaDrive/N64PadToMegaDrive.ino: In function &#39;void loop()&#39;:
/home/ec2-user/arduino-testlib/cli-datadir/user/libraries/N64Pad/examples/N64PadToMegaDrive/N64PadToMegaDrive.ino:146:2: error: &#39;PORTB&#39; was not declared in this scope
  PORTB = (PORTB &amp; 0xFC)
  ^
/home/ec2-user/arduino-testlib/cli-datadir/user/libraries/N64Pad/examples/N64PadToMegaDrive/N64PadToMegaDrive.ino:147:77: error: &#39;PB0&#39; was not declared in this scope
        | (pad.y &lt; MIN_Y_OFFSET &amp;&amp; ((pad.buttons &amp; N64Pad::BTN_UP) == 0)) &lt;&lt; PB0
                                                                             ^
/home/ec2-user/arduino-testlib/cli-datadir/user/libraries/N64Pad/examples/N64PadToMegaDrive/N64PadToMegaDrive.ino:148:80: error: &#39;PB1&#39; was not declared in this scope
        | (pad.y &gt; -MIN_Y_OFFSET &amp;&amp; ((pad.buttons &amp; N64Pad::BTN_DOWN) == 0)) &lt;&lt; PB1
                                                                                ^
/home/ec2-user/arduino-testlib/cli-datadir/user/libraries/N64Pad/examples/N64PadToMegaDrive/N64PadToMegaDrive.ino:152:2: error: &#39;PORTD&#39; was not declared in this scope
  PORTD = (PORTD &amp; 0xC3)
  ^
/home/ec2-user/arduino-testlib/cli-datadir/user/libraries/N64Pad/examples/N64PadToMegaDrive/N64PadToMegaDrive.ino:153:68: error: &#39;PD4&#39; was not declared in this scope
        | ((pad.buttons &amp; (N64Pad::BTN_A | N64Pad::BTN_L)) == 0) &lt;&lt; PD4
                                                                    ^
/home/ec2-user/arduino-testlib/cli-datadir/user/libraries/N64Pad/examples/N64PadToMegaDrive/N64PadToMegaDrive.ino:154:54: error: &#39;PD5&#39; was not declared in this scope
        | ((pad.buttons &amp; N64Pad::BTN_START) == 0) &lt;&lt; PD5
                                                      ^
/home/ec2-user/arduino-testlib/cli-datadir/user/libraries/N64Pad/examples/N64PadToMegaDrive/N64PadToMegaDrive.ino:159:80: error: &#39;PB2&#39; was not declared in this scope
        | (pad.x &gt; -MIN_X_OFFSET &amp;&amp; ((pad.buttons &amp; N64Pad::BTN_LEFT) == 0)) &lt;&lt; PB2
                                                                                ^
/home/ec2-user/arduino-testlib/cli-datadir/user/libraries/N64Pad/examples/N64PadToMegaDrive/N64PadToMegaDrive.ino:160:80: error: &#39;PB3&#39; was not declared in this scope
        | (pad.x &lt; MIN_X_OFFSET &amp;&amp; ((pad.buttons &amp; N64Pad::BTN_RIGHT) == 0)) &lt;&lt; PB3
                                                                                ^
/home/ec2-user/arduino-testlib/cli-datadir/user/libraries/N64Pad/examples/N64PadToMegaDrive/N64PadToMegaDrive.ino:161:68: error: &#39;PB4&#39; was not declared in this scope
        | ((pad.buttons &amp; (N64Pad::BTN_B | N64Pad::BTN_R)) == 0) &lt;&lt; PB4
                                                                    ^
/home/ec2-user/arduino-testlib/cli-datadir/user/libraries/N64Pad/examples/N64PadToMegaDrive/N64PadToMegaDrive.ino:162:135: error: &#39;PB5&#39; was not declared in this scope
        | ((pad.buttons &amp; (N64Pad::BTN_C_UP | N64Pad::BTN_C_DOWN | N64Pad::BTN_C_LEFT | N64Pad::BTN_C_RIGHT | N64Pad::BTN_Z)) == 0) &lt;&lt; PB5
                                                                                                                                       ^

</pre>
					
					<h4>examples/N64PadToUSB</h4>
					<p>
						Result: <b>FAIL</b>
					</p>
					<pre class="pre-scrollable">WARNING: library N64Pad claims to run on avr architecture(s) and may be incompatible with your current board which runs on esp32 architecture(s).
/home/ec2-user/arduino-testlib/cli-datadir/user/libraries/N64Pad/examples/N64PadToUSB/N64PadToUSB.ino:82:1: error: &#39;Joystick_&#39; does not name a type
 Joystick_ usbStick (
 ^
/home/ec2-user/arduino-testlib/cli-datadir/user/libraries/N64Pad/examples/N64PadToUSB/N64PadToUSB.ino: In function &#39;void setup()&#39;:
/home/ec2-user/arduino-testlib/cli-datadir/user/libraries/N64Pad/examples/N64PadToUSB/N64PadToUSB.ino:117:2: error: &#39;usbStick&#39; was not declared in this scope
  usbStick.begin (false);  // We&#39;ll call sendState() manually to minimize lag
  ^
/home/ec2-user/arduino-testlib/cli-datadir/user/libraries/N64Pad/examples/N64PadToUSB/N64PadToUSB.ino: In function &#39;void loop()&#39;:
/home/ec2-user/arduino-testlib/cli-datadir/user/libraries/N64Pad/examples/N64PadToUSB/N64PadToUSB.ino:149:5: error: &#39;usbStick&#39; was not declared in this scope
     usbStick.setButton (0, (pad.buttons &amp; N64Pad::BTN_B) != 0);
     ^
Multiple libraries were found for &#34;Joystick.h&#34;
  Used: /home/ec2-user/arduino-testlib/cli-datadir/user/libraries/Joystick
  Not used: /home/ec2-user/arduino-testlib/cli-datadir/user/libraries/BlueVGA_Library_for_BluePill
  Not used: /home/ec2-user/arduino-testlib/cli-datadir/user/libraries/AxisJoystick
</pre>
					
					<h4>examples/N64PadToUsbDigispark</h4>
					<p>
						Result: <b>FAIL</b>
					</p>
					<pre class="pre-scrollable">/home/ec2-user/arduino-testlib/cli-datadir/user/libraries/N64Pad/examples/N64PadToUsbDigispark/N64PadToUsbDigispark.ino:30:26: fatal error: DigiJoystick.h: No such file or directory
compilation terminated.

</pre>
					
				
			</div>
		</div>
	</div>
  </body>
</html>
