
<!doctype html>
<html lang="en">
  <head>
    <meta charset="utf-8">
    <meta name="viewport" content="width=device-width, initial-scale=1">
    <link href="https://cdn.jsdelivr.net/npm/bootstrap@5.0.2/dist/css/bootstrap.min.css" rel="stylesheet" integrity="sha384-EVSTQN3/azprG1Anm3QDgpJLIm9Nao0Yz1ztcQTwFspd3yD65VohhpuuCOmLASjC" crossorigin="anonymous">
    <title>arduino-testlib report</title>
	<style>
	.pass { background-color: #00FF00 !important; }
	.fail { background-color: #FF0000 !important; }
	</style>
  </head>
  <body>
	<div class="container">
		<div class="row">
			<div class="col">
				<h1>NanoProtoShield - compatibility matrix</h1>
				<p>
					<small>This report was generated on Wednesday, 23-Feb-22 22:48:15 CET using 
					<a href="https://github.com/alranel/arduino-testlib">arduino-testlib</a>.</small>
				</p>

				<h2>NanoProtoShield</h2>
				<p>
					Version: <b>0.9.6</b>
					<br />
					<a href="https://www.arduino.cc/reference/en/libraries/nanoprotoshield/">More details</a>
				</p>

				<h2>Compatibility matrix</h2>
				<table class="table table-bordered">
					<tr>
						<th>Board</th>
						<th>Claims compatibility</th>
						<th>Inclusion</th>
						
						<th><pre>MemoryRGB</pre></th>
						
						<th><pre>RotaryLight</pre></th>
						
						<th><pre>SpeedGame</pre></th>
						
						<th><pre>CountTwists</pre></th>
						
						<th><pre>CountTwistsMomentumOLED</pre></th>
						
						<th><pre>DrawCircle</pre></th>
						
						<th><pre>LightSensingLights</pre></th>
						
						<th><pre>CountTwistsWith1602LCD</pre></th>
						
						<th><pre>DrawBitmap</pre></th>
						
						<th><pre>ShowButtonPress</pre></th>
						
						<th><pre>TemperatureToRGB</pre></th>
						
						<th><pre>VerifyBoard</pre></th>
						
						<th><pre>AnalogToRGB</pre></th>
						
						<th><pre>AnimateBitmap</pre></th>
						
						<th><pre>GyroAccRGB</pre></th>
						
						<th><pre>ShowButtonPressInterrupt</pre></th>
						
					</tr>
					
					<tr>
						<td>
							<a href="#arduino%3aavr%3auno"><b>arduino:avr:uno</b></a>
							<br />
							<small>1.8.4</small>
						</td>

						
							<td>Yes</td>
							<td class="pass">PASS</td>
						
						
						
						

						
							
								
									
										
									
										
									
										
									
										
									
										
									
										
									
										
									
										
									
										
									
										
											<td class="pass">PASS</td>
											
										
									
										
									
										
									
										
									
										
									
										
									
										
									
								
							
								
							
								
							
								
							
								
							
						
							
								
									
										
									
										
									
										
									
										
									
										
									
										
									
										
									
										
									
										
									
										
									
										
											<td class="pass">PASS</td>
											
										
									
										
									
										
									
										
									
										
									
										
									
								
							
								
							
								
							
								
							
								
							
						
							
								
									
										
									
										
									
										
									
										
									
										
									
										
									
										
									
										
									
										
									
										
									
										
									
										
									
										
									
										
											<td class="pass">PASS</td>
											
										
									
										
									
										
									
								
							
								
							
								
							
								
							
								
							
						
							
								
									
										
									
										
									
										
											<td class="pass">PASS</td>
											
										
									
										
									
										
									
										
									
										
									
										
									
										
									
										
									
										
									
										
									
										
									
										
									
										
									
										
									
								
							
								
							
								
							
								
							
								
							
						
							
								
									
										
									
										
									
										
									
										
											<td class="pass">PASS</td>
											
										
									
										
									
										
									
										
									
										
									
										
									
										
									
										
									
										
									
										
									
										
									
										
									
										
									
								
							
								
							
								
							
								
							
								
							
						
							
								
									
										
									
										
									
										
									
										
									
										
									
										
									
										
											<td class="pass">PASS</td>
											
										
									
										
									
										
									
										
									
										
									
										
									
										
									
										
									
										
									
										
									
								
							
								
							
								
							
								
							
								
							
						
							
								
									
										
									
										
									
										
									
										
									
										
									
										
									
										
									
										
									
										
											<td class="pass">PASS</td>
											
										
									
										
									
										
									
										
									
										
									
										
									
										
									
										
									
								
							
								
							
								
							
								
							
								
							
						
							
								
									
										
									
										
									
										
									
										
									
										
											<td class="pass">PASS</td>
											
										
									
										
									
										
									
										
									
										
									
										
									
										
									
										
									
										
									
										
									
										
									
										
									
								
							
								
							
								
							
								
							
								
							
						
							
								
									
										
									
										
									
										
									
										
									
										
									
										
											<td class="pass">PASS</td>
											
										
									
										
									
										
									
										
									
										
									
										
									
										
									
										
									
										
									
										
									
										
									
								
							
								
							
								
							
								
							
								
							
						
							
								
									
										
									
										
									
										
									
										
									
										
									
										
									
										
									
										
									
										
									
										
									
										
									
										
											<td class="pass">PASS</td>
											
										
									
										
									
										
									
										
									
										
									
								
							
								
							
								
							
								
							
								
							
						
							
								
									
										
									
										
									
										
									
										
									
										
									
										
									
										
									
										
									
										
									
										
									
										
									
										
									
										
									
										
									
										
											<td class="pass">PASS</td>
											
										
									
										
									
								
							
								
							
								
							
								
							
								
							
						
							
								
									
										
									
										
									
										
									
										
									
										
									
										
									
										
									
										
									
										
									
										
									
										
									
										
									
										
									
										
									
										
									
										
											<td class="pass">PASS</td>
											
										
									
								
							
								
							
								
							
								
							
								
							
						
							
								
									
										
											<td class="pass">PASS</td>
											
										
									
										
									
										
									
										
									
										
									
										
									
										
									
										
									
										
									
										
									
										
									
										
									
										
									
										
									
										
									
										
									
								
							
								
							
								
							
								
							
								
							
						
							
								
									
										
									
										
											<td class="pass">PASS</td>
											
										
									
										
									
										
									
										
									
										
									
										
									
										
									
										
									
										
									
										
									
										
									
										
									
										
									
										
									
										
									
								
							
								
							
								
							
								
							
								
							
						
							
								
									
										
									
										
									
										
									
										
									
										
									
										
									
										
									
										
											<td class="pass">PASS</td>
											
										
									
										
									
										
									
										
									
										
									
										
									
										
									
										
									
										
									
								
							
								
							
								
							
								
							
								
							
						
							
								
									
										
									
										
									
										
									
										
									
										
									
										
									
										
									
										
									
										
									
										
									
										
									
										
									
										
											<td class="pass">PASS</td>
											
										
									
										
									
										
									
										
									
								
							
								
							
								
							
								
							
								
							
						
					</tr>
					
					<tr>
						<td>
							<a href="#arduino%3ambed_nano%3ananorp2040connect"><b>arduino:mbed_nano:nanorp2040connect</b></a>
							<br />
							<small>2.7.2</small>
						</td>

						
						
						
							<td>Yes ⚠️</td>
							<td class="fail">FAIL</td>
						
						

						
							
								
							
								
									
										
									
										
									
										
									
										
									
										
									
										
									
										
									
										
									
										
									
										
											
											<td class="fail">FAIL</td>
										
									
										
									
										
									
										
									
										
									
										
									
										
									
								
							
								
							
								
							
								
							
						
							
								
							
								
									
										
									
										
									
										
									
										
									
										
									
										
									
										
									
										
									
										
									
										
									
										
											
											<td class="fail">FAIL</td>
										
									
										
									
										
									
										
									
										
									
										
									
								
							
								
							
								
							
								
							
						
							
								
							
								
									
										
									
										
									
										
									
										
									
										
									
										
									
										
									
										
									
										
									
										
									
										
									
										
									
										
									
										
											
											<td class="fail">FAIL</td>
										
									
										
									
										
									
								
							
								
							
								
							
								
							
						
							
								
							
								
									
										
									
										
									
										
											
											<td class="fail">FAIL</td>
										
									
										
									
										
									
										
									
										
									
										
									
										
									
										
									
										
									
										
									
										
									
										
									
										
									
										
									
								
							
								
							
								
							
								
							
						
							
								
							
								
									
										
									
										
									
										
									
										
											
											<td class="fail">FAIL</td>
										
									
										
									
										
									
										
									
										
									
										
									
										
									
										
									
										
									
										
									
										
									
										
									
										
									
								
							
								
							
								
							
								
							
						
							
								
							
								
									
										
									
										
									
										
									
										
									
										
									
										
									
										
											
											<td class="fail">FAIL</td>
										
									
										
									
										
									
										
									
										
									
										
									
										
									
										
									
										
									
										
									
								
							
								
							
								
							
								
							
						
							
								
							
								
									
										
									
										
									
										
									
										
									
										
									
										
									
										
									
										
									
										
											
											<td class="fail">FAIL</td>
										
									
										
									
										
									
										
									
										
									
										
									
										
									
										
									
								
							
								
							
								
							
								
							
						
							
								
							
								
									
										
									
										
									
										
									
										
									
										
											
											<td class="fail">FAIL</td>
										
									
										
									
										
									
										
									
										
									
										
									
										
									
										
									
										
									
										
									
										
									
										
									
								
							
								
							
								
							
								
							
						
							
								
							
								
									
										
									
										
									
										
									
										
									
										
									
										
											
											<td class="fail">FAIL</td>
										
									
										
									
										
									
										
									
										
									
										
									
										
									
										
									
										
									
										
									
										
									
								
							
								
							
								
							
								
							
						
							
								
							
								
									
										
									
										
									
										
									
										
									
										
									
										
									
										
									
										
									
										
									
										
									
										
									
										
											
											<td class="fail">FAIL</td>
										
									
										
									
										
									
										
									
										
									
								
							
								
							
								
							
								
							
						
							
								
							
								
									
										
									
										
									
										
									
										
									
										
									
										
									
										
									
										
									
										
									
										
									
										
									
										
									
										
									
										
									
										
											
											<td class="fail">FAIL</td>
										
									
										
									
								
							
								
							
								
							
								
							
						
							
								
							
								
									
										
									
										
									
										
									
										
									
										
									
										
									
										
									
										
									
										
									
										
									
										
									
										
									
										
									
										
									
										
									
										
											
											<td class="fail">FAIL</td>
										
									
								
							
								
							
								
							
								
							
						
							
								
							
								
									
										
											
											<td class="fail">FAIL</td>
										
									
										
									
										
									
										
									
										
									
										
									
										
									
										
									
										
									
										
									
										
									
										
									
										
									
										
									
										
									
										
									
								
							
								
							
								
							
								
							
						
							
								
							
								
									
										
									
										
											
											<td class="fail">FAIL</td>
										
									
										
									
										
									
										
									
										
									
										
									
										
									
										
									
										
									
										
									
										
									
										
									
										
									
										
									
										
									
								
							
								
							
								
							
								
							
						
							
								
							
								
									
										
									
										
									
										
									
										
									
										
									
										
									
										
									
										
											
											<td class="fail">FAIL</td>
										
									
										
									
										
									
										
									
										
									
										
									
										
									
										
									
										
									
								
							
								
							
								
							
								
							
						
							
								
							
								
									
										
									
										
									
										
									
										
									
										
									
										
									
										
									
										
									
										
									
										
									
										
									
										
									
										
											
											<td class="fail">FAIL</td>
										
									
										
									
										
									
										
									
								
							
								
							
								
							
								
							
						
					</tr>
					
					<tr>
						<td>
							<a href="#arduino%3amegaavr%3anona4809"><b>arduino:megaavr:nona4809</b></a>
							<br />
							<small>1.8.7</small>
						</td>

						
						
						
							<td>Yes ⚠️</td>
							<td class="fail">FAIL</td>
						
						

						
							
								
							
								
							
								
									
										
									
										
									
										
									
										
									
										
									
										
									
										
									
										
									
										
									
										
											
											<td class="fail">FAIL</td>
										
									
										
									
										
									
										
									
										
									
										
									
										
									
								
							
								
							
								
							
						
							
								
							
								
							
								
									
										
									
										
									
										
									
										
									
										
									
										
									
										
									
										
									
										
									
										
									
										
											
											<td class="fail">FAIL</td>
										
									
										
									
										
									
										
									
										
									
										
									
								
							
								
							
								
							
						
							
								
							
								
							
								
									
										
									
										
									
										
									
										
									
										
									
										
									
										
									
										
									
										
									
										
									
										
									
										
									
										
									
										
											
											<td class="fail">FAIL</td>
										
									
										
									
										
									
								
							
								
							
								
							
						
							
								
							
								
							
								
									
										
									
										
									
										
											
											<td class="fail">FAIL</td>
										
									
										
									
										
									
										
									
										
									
										
									
										
									
										
									
										
									
										
									
										
									
										
									
										
									
										
									
								
							
								
							
								
							
						
							
								
							
								
							
								
									
										
									
										
									
										
									
										
											
											<td class="fail">FAIL</td>
										
									
										
									
										
									
										
									
										
									
										
									
										
									
										
									
										
									
										
									
										
									
										
									
										
									
								
							
								
							
								
							
						
							
								
							
								
							
								
									
										
									
										
									
										
									
										
									
										
									
										
									
										
											
											<td class="fail">FAIL</td>
										
									
										
									
										
									
										
									
										
									
										
									
										
									
										
									
										
									
										
									
								
							
								
							
								
							
						
							
								
							
								
							
								
									
										
									
										
									
										
									
										
									
										
									
										
									
										
									
										
									
										
											
											<td class="fail">FAIL</td>
										
									
										
									
										
									
										
									
										
									
										
									
										
									
										
									
								
							
								
							
								
							
						
							
								
							
								
							
								
									
										
									
										
									
										
									
										
									
										
											
											<td class="fail">FAIL</td>
										
									
										
									
										
									
										
									
										
									
										
									
										
									
										
									
										
									
										
									
										
									
										
									
								
							
								
							
								
							
						
							
								
							
								
							
								
									
										
									
										
									
										
									
										
									
										
									
										
											
											<td class="fail">FAIL</td>
										
									
										
									
										
									
										
									
										
									
										
									
										
									
										
									
										
									
										
									
										
									
								
							
								
							
								
							
						
							
								
							
								
							
								
									
										
									
										
									
										
									
										
									
										
									
										
									
										
									
										
									
										
									
										
									
										
									
										
											
											<td class="fail">FAIL</td>
										
									
										
									
										
									
										
									
										
									
								
							
								
							
								
							
						
							
								
							
								
							
								
									
										
									
										
									
										
									
										
									
										
									
										
									
										
									
										
									
										
									
										
									
										
									
										
									
										
									
										
									
										
											
											<td class="fail">FAIL</td>
										
									
										
									
								
							
								
							
								
							
						
							
								
							
								
							
								
									
										
									
										
									
										
									
										
									
										
									
										
									
										
									
										
									
										
									
										
									
										
									
										
									
										
									
										
									
										
									
										
											
											<td class="fail">FAIL</td>
										
									
								
							
								
							
								
							
						
							
								
							
								
							
								
									
										
											
											<td class="fail">FAIL</td>
										
									
										
									
										
									
										
									
										
									
										
									
										
									
										
									
										
									
										
									
										
									
										
									
										
									
										
									
										
									
										
									
								
							
								
							
								
							
						
							
								
							
								
							
								
									
										
									
										
											
											<td class="fail">FAIL</td>
										
									
										
									
										
									
										
									
										
									
										
									
										
									
										
									
										
									
										
									
										
									
										
									
										
									
										
									
										
									
								
							
								
							
								
							
						
							
								
							
								
							
								
									
										
									
										
									
										
									
										
									
										
									
										
									
										
									
										
											
											<td class="fail">FAIL</td>
										
									
										
									
										
									
										
									
										
									
										
									
										
									
										
									
										
									
								
							
								
							
								
							
						
							
								
							
								
							
								
									
										
									
										
									
										
									
										
									
										
									
										
									
										
									
										
									
										
									
										
									
										
									
										
									
										
											
											<td class="fail">FAIL</td>
										
									
										
									
										
									
										
									
								
							
								
							
								
							
						
					</tr>
					
					<tr>
						<td>
							<a href="#arduino%3asamd%3amkrwifi1010"><b>arduino:samd:mkrwifi1010</b></a>
							<br />
							<small>1.8.12</small>
						</td>

						
						
						
							<td>Yes ⚠️</td>
							<td class="fail">FAIL</td>
						
						

						
							
								
							
								
							
								
							
								
									
										
									
										
									
										
									
										
									
										
									
										
									
										
									
										
									
										
									
										
											
											<td class="fail">FAIL</td>
										
									
										
									
										
									
										
									
										
									
										
									
										
									
								
							
								
							
						
							
								
							
								
							
								
							
								
									
										
									
										
									
										
									
										
									
										
									
										
									
										
									
										
									
										
									
										
									
										
											
											<td class="fail">FAIL</td>
										
									
										
									
										
									
										
									
										
									
										
									
								
							
								
							
						
							
								
							
								
							
								
							
								
									
										
									
										
									
										
									
										
									
										
									
										
									
										
									
										
									
										
									
										
									
										
									
										
									
										
									
										
											
											<td class="fail">FAIL</td>
										
									
										
									
										
									
								
							
								
							
						
							
								
							
								
							
								
							
								
									
										
									
										
									
										
											
											<td class="fail">FAIL</td>
										
									
										
									
										
									
										
									
										
									
										
									
										
									
										
									
										
									
										
									
										
									
										
									
										
									
										
									
								
							
								
							
						
							
								
							
								
							
								
							
								
									
										
									
										
									
										
									
										
											
											<td class="fail">FAIL</td>
										
									
										
									
										
									
										
									
										
									
										
									
										
									
										
									
										
									
										
									
										
									
										
									
										
									
								
							
								
							
						
							
								
							
								
							
								
							
								
									
										
									
										
									
										
									
										
									
										
									
										
									
										
											
											<td class="fail">FAIL</td>
										
									
										
									
										
									
										
									
										
									
										
									
										
									
										
									
										
									
										
									
								
							
								
							
						
							
								
							
								
							
								
							
								
									
										
									
										
									
										
									
										
									
										
									
										
									
										
									
										
									
										
											
											<td class="fail">FAIL</td>
										
									
										
									
										
									
										
									
										
									
										
									
										
									
										
									
								
							
								
							
						
							
								
							
								
							
								
							
								
									
										
									
										
									
										
									
										
									
										
											
											<td class="fail">FAIL</td>
										
									
										
									
										
									
										
									
										
									
										
									
										
									
										
									
										
									
										
									
										
									
										
									
								
							
								
							
						
							
								
							
								
							
								
							
								
									
										
									
										
									
										
									
										
									
										
									
										
											
											<td class="fail">FAIL</td>
										
									
										
									
										
									
										
									
										
									
										
									
										
									
										
									
										
									
										
									
										
									
								
							
								
							
						
							
								
							
								
							
								
							
								
									
										
									
										
									
										
									
										
									
										
									
										
									
										
									
										
									
										
									
										
									
										
									
										
											
											<td class="fail">FAIL</td>
										
									
										
									
										
									
										
									
										
									
								
							
								
							
						
							
								
							
								
							
								
							
								
									
										
									
										
									
										
									
										
									
										
									
										
									
										
									
										
									
										
									
										
									
										
									
										
									
										
									
										
									
										
											
											<td class="fail">FAIL</td>
										
									
										
									
								
							
								
							
						
							
								
							
								
							
								
							
								
									
										
									
										
									
										
									
										
									
										
									
										
									
										
									
										
									
										
									
										
									
										
									
										
									
										
									
										
									
										
									
										
											
											<td class="fail">FAIL</td>
										
									
								
							
								
							
						
							
								
							
								
							
								
							
								
									
										
											
											<td class="fail">FAIL</td>
										
									
										
									
										
									
										
									
										
									
										
									
										
									
										
									
										
									
										
									
										
									
										
									
										
									
										
									
										
									
										
									
								
							
								
							
						
							
								
							
								
							
								
							
								
									
										
									
										
											
											<td class="fail">FAIL</td>
										
									
										
									
										
									
										
									
										
									
										
									
										
									
										
									
										
									
										
									
										
									
										
									
										
									
										
									
										
									
								
							
								
							
						
							
								
							
								
							
								
							
								
									
										
									
										
									
										
									
										
									
										
									
										
									
										
									
										
											
											<td class="fail">FAIL</td>
										
									
										
									
										
									
										
									
										
									
										
									
										
									
										
									
										
									
								
							
								
							
						
							
								
							
								
							
								
							
								
									
										
									
										
									
										
									
										
									
										
									
										
									
										
									
										
									
										
									
										
									
										
									
										
									
										
											
											<td class="fail">FAIL</td>
										
									
										
									
										
									
										
									
								
							
								
							
						
					</tr>
					
					<tr>
						<td>
							<a href="#esp32%3aesp32%3ad1_mini32"><b>esp32:esp32:d1_mini32</b></a>
							<br />
							<small>1.0.6</small>
						</td>

						
						
						
							<td>Yes ⚠️</td>
							<td class="fail">FAIL</td>
						
						

						
							
								
							
								
							
								
							
								
							
								
									
										
									
										
									
										
									
										
									
										
									
										
									
										
									
										
									
										
									
										
											
											<td class="fail">FAIL</td>
										
									
										
									
										
									
										
									
										
									
										
									
										
									
								
							
						
							
								
							
								
							
								
							
								
							
								
									
										
									
										
									
										
									
										
									
										
									
										
									
										
									
										
									
										
									
										
									
										
											
											<td class="fail">FAIL</td>
										
									
										
									
										
									
										
									
										
									
										
									
								
							
						
							
								
							
								
							
								
							
								
							
								
									
										
									
										
									
										
									
										
									
										
									
										
									
										
									
										
									
										
									
										
									
										
									
										
									
										
									
										
											
											<td class="fail">FAIL</td>
										
									
										
									
										
									
								
							
						
							
								
							
								
							
								
							
								
							
								
									
										
									
										
									
										
											
											<td class="fail">FAIL</td>
										
									
										
									
										
									
										
									
										
									
										
									
										
									
										
									
										
									
										
									
										
									
										
									
										
									
										
									
								
							
						
							
								
							
								
							
								
							
								
							
								
									
										
									
										
									
										
									
										
											
											<td class="fail">FAIL</td>
										
									
										
									
										
									
										
									
										
									
										
									
										
									
										
									
										
									
										
									
										
									
										
									
										
									
								
							
						
							
								
							
								
							
								
							
								
							
								
									
										
									
										
									
										
									
										
									
										
									
										
									
										
											
											<td class="fail">FAIL</td>
										
									
										
									
										
									
										
									
										
									
										
									
										
									
										
									
										
									
										
									
								
							
						
							
								
							
								
							
								
							
								
							
								
									
										
									
										
									
										
									
										
									
										
									
										
									
										
									
										
									
										
											
											<td class="fail">FAIL</td>
										
									
										
									
										
									
										
									
										
									
										
									
										
									
										
									
								
							
						
							
								
							
								
							
								
							
								
							
								
									
										
									
										
									
										
									
										
									
										
											
											<td class="fail">FAIL</td>
										
									
										
									
										
									
										
									
										
									
										
									
										
									
										
									
										
									
										
									
										
									
										
									
								
							
						
							
								
							
								
							
								
							
								
							
								
									
										
									
										
									
										
									
										
									
										
									
										
											
											<td class="fail">FAIL</td>
										
									
										
									
										
									
										
									
										
									
										
									
										
									
										
									
										
									
										
									
										
									
								
							
						
							
								
							
								
							
								
							
								
							
								
									
										
									
										
									
										
									
										
									
										
									
										
									
										
									
										
									
										
									
										
									
										
									
										
											
											<td class="fail">FAIL</td>
										
									
										
									
										
									
										
									
										
									
								
							
						
							
								
							
								
							
								
							
								
							
								
									
										
									
										
									
										
									
										
									
										
									
										
									
										
									
										
									
										
									
										
									
										
									
										
									
										
									
										
									
										
											
											<td class="fail">FAIL</td>
										
									
										
									
								
							
						
							
								
							
								
							
								
							
								
							
								
									
										
									
										
									
										
									
										
									
										
									
										
									
										
									
										
									
										
									
										
									
										
									
										
									
										
									
										
									
										
									
										
											
											<td class="fail">FAIL</td>
										
									
								
							
						
							
								
							
								
							
								
							
								
							
								
									
										
											
											<td class="fail">FAIL</td>
										
									
										
									
										
									
										
									
										
									
										
									
										
									
										
									
										
									
										
									
										
									
										
									
										
									
										
									
										
									
										
									
								
							
						
							
								
							
								
							
								
							
								
							
								
									
										
									
										
											
											<td class="fail">FAIL</td>
										
									
										
									
										
									
										
									
										
									
										
									
										
									
										
									
										
									
										
									
										
									
										
									
										
									
										
									
										
									
								
							
						
							
								
							
								
							
								
							
								
							
								
									
										
									
										
									
										
									
										
									
										
									
										
									
										
									
										
											
											<td class="fail">FAIL</td>
										
									
										
									
										
									
										
									
										
									
										
									
										
									
										
									
										
									
								
							
						
							
								
							
								
							
								
							
								
							
								
									
										
									
										
									
										
									
										
									
										
									
										
									
										
									
										
									
										
									
										
									
										
									
										
									
										
											
											<td class="fail">FAIL</td>
										
									
										
									
										
									
										
									
								
							
						
					</tr>
					
				</table>

				<h2>Compilation logs</h2>
				
				<h3 id="arduino:avr:uno">arduino:avr:uno @ 1.8.4</h3>
				<h4>Inclusion</h4>
				<p>
					Result: <b>PASS</b>
					
				</p>
				<pre class="pre-scrollable">Sketch uses 1750 bytes (5%) of program storage space. Maximum is 32256 bytes.
Global variables use 125 bytes (6%) of dynamic memory, leaving 1923 bytes for local variables. Maximum is 2048 bytes.
</pre>

					
					<h4>examples/AnalogToRGB</h4>
					<p>
						Result: <b>PASS</b>
					</p>
					<pre class="pre-scrollable">Sketch uses 16792 bytes (52%) of program storage space. Maximum is 32256 bytes.
Global variables use 391 bytes (19%) of dynamic memory, leaving 1657 bytes for local variables. Maximum is 2048 bytes.
</pre>
					
					<h4>examples/AnimateBitmap</h4>
					<p>
						Result: <b>PASS</b>
					</p>
					<pre class="pre-scrollable">Sketch uses 16658 bytes (51%) of program storage space. Maximum is 32256 bytes.
Global variables use 425 bytes (20%) of dynamic memory, leaving 1623 bytes for local variables. Maximum is 2048 bytes.
</pre>
					
					<h4>examples/CountTwists</h4>
					<p>
						Result: <b>PASS</b>
					</p>
					<pre class="pre-scrollable">Sketch uses 15920 bytes (49%) of program storage space. Maximum is 32256 bytes.
Global variables use 391 bytes (19%) of dynamic memory, leaving 1657 bytes for local variables. Maximum is 2048 bytes.
</pre>
					
					<h4>examples/CountTwistsMomentumOLED</h4>
					<p>
						Result: <b>PASS</b>
					</p>
					<pre class="pre-scrollable">Sketch uses 17096 bytes (53%) of program storage space. Maximum is 32256 bytes.
Global variables use 403 bytes (19%) of dynamic memory, leaving 1645 bytes for local variables. Maximum is 2048 bytes.
</pre>
					
					<h4>examples/CountTwistsWith1602LCD</h4>
					<p>
						Result: <b>PASS</b>
					</p>
					<pre class="pre-scrollable">Sketch uses 16812 bytes (52%) of program storage space. Maximum is 32256 bytes.
Global variables use 417 bytes (20%) of dynamic memory, leaving 1631 bytes for local variables. Maximum is 2048 bytes.
</pre>
					
					<h4>examples/DrawBitmap</h4>
					<p>
						Result: <b>PASS</b>
					</p>
					<pre class="pre-scrollable">Sketch uses 16034 bytes (49%) of program storage space. Maximum is 32256 bytes.
Global variables use 391 bytes (19%) of dynamic memory, leaving 1657 bytes for local variables. Maximum is 2048 bytes.
</pre>
					
					<h4>examples/DrawCircle</h4>
					<p>
						Result: <b>PASS</b>
					</p>
					<pre class="pre-scrollable">Sketch uses 17644 bytes (54%) of program storage space. Maximum is 32256 bytes.
Global variables use 393 bytes (19%) of dynamic memory, leaving 1655 bytes for local variables. Maximum is 2048 bytes.
</pre>
					
					<h4>examples/GyroAccRGB</h4>
					<p>
						Result: <b>PASS</b>
					</p>
					<pre class="pre-scrollable">Sketch uses 22068 bytes (68%) of program storage space. Maximum is 32256 bytes.
Global variables use 411 bytes (20%) of dynamic memory, leaving 1637 bytes for local variables. Maximum is 2048 bytes.
</pre>
					
					<h4>examples/LightSensingLights</h4>
					<p>
						Result: <b>PASS</b>
					</p>
					<pre class="pre-scrollable">Sketch uses 16742 bytes (51%) of program storage space. Maximum is 32256 bytes.
Global variables use 391 bytes (19%) of dynamic memory, leaving 1657 bytes for local variables. Maximum is 2048 bytes.
</pre>
					
					<h4>examples/MemoryRGB</h4>
					<p>
						Result: <b>PASS</b>
					</p>
					<pre class="pre-scrollable">Sketch uses 21430 bytes (66%) of program storage space. Maximum is 32256 bytes.
Global variables use 470 bytes (22%) of dynamic memory, leaving 1578 bytes for local variables. Maximum is 2048 bytes.
</pre>
					
					<h4>examples/RotaryLight</h4>
					<p>
						Result: <b>PASS</b>
					</p>
					<pre class="pre-scrollable">Sketch uses 16662 bytes (51%) of program storage space. Maximum is 32256 bytes.
Global variables use 399 bytes (19%) of dynamic memory, leaving 1649 bytes for local variables. Maximum is 2048 bytes.
</pre>
					
					<h4>examples/ShowButtonPress</h4>
					<p>
						Result: <b>PASS</b>
					</p>
					<pre class="pre-scrollable">Sketch uses 16088 bytes (49%) of program storage space. Maximum is 32256 bytes.
Global variables use 395 bytes (19%) of dynamic memory, leaving 1653 bytes for local variables. Maximum is 2048 bytes.
</pre>
					
					<h4>examples/ShowButtonPressInterrupt</h4>
					<p>
						Result: <b>PASS</b>
					</p>
					<pre class="pre-scrollable">Sketch uses 18640 bytes (57%) of program storage space. Maximum is 32256 bytes.
Global variables use 406 bytes (19%) of dynamic memory, leaving 1642 bytes for local variables. Maximum is 2048 bytes.
</pre>
					
					<h4>examples/SpeedGame</h4>
					<p>
						Result: <b>PASS</b>
					</p>
					<pre class="pre-scrollable">Sketch uses 17624 bytes (54%) of program storage space. Maximum is 32256 bytes.
Global variables use 490 bytes (23%) of dynamic memory, leaving 1558 bytes for local variables. Maximum is 2048 bytes.
</pre>
					
					<h4>examples/TemperatureToRGB</h4>
					<p>
						Result: <b>PASS</b>
					</p>
					<pre class="pre-scrollable">Sketch uses 19778 bytes (61%) of program storage space. Maximum is 32256 bytes.
Global variables use 397 bytes (19%) of dynamic memory, leaving 1651 bytes for local variables. Maximum is 2048 bytes.
</pre>
					
					<h4>examples/VerifyBoard</h4>
					<p>
						Result: <b>PASS</b>
					</p>
					<pre class="pre-scrollable">Sketch uses 26962 bytes (83%) of program storage space. Maximum is 32256 bytes.
Global variables use 426 bytes (20%) of dynamic memory, leaving 1622 bytes for local variables. Maximum is 2048 bytes.
</pre>
					
				
				<h3 id="arduino:mbed_nano:nanorp2040connect">arduino:mbed_nano:nanorp2040connect @ 2.7.2</h3>
				<h4>Inclusion</h4>
				<p>
					Result: <b>FAIL</b>
					
				</p>
				<pre class="pre-scrollable">In file included from /home/ec2-user/arduino-testlib/cli-datadir/user/libraries/NanoProtoShield/src/NanoProtoShield.h:14:0,
                 from /tmp/arduino-testlib397646390/test/test.ino:1:
/home/ec2-user/arduino-testlib/cli-datadir/user/libraries/PinChangeInterrupt/src/PinChangeInterrupt.h:30:10: fatal error: avr/io.h: No such file or directory
 #include &lt;avr/io.h&gt;
          ^~~~~~~~~~
compilation terminated.
Multiple libraries were found for &#34;Adafruit_SSD1306.h&#34;
  Used: /home/ec2-user/arduino-testlib/cli-datadir/user/libraries/Adafruit_SSD1306
  Not used: /home/ec2-user/arduino-testlib/cli-datadir/user/libraries/Adafruit_SSD1306_Wemos_Mini_OLED
Multiple libraries were found for &#34;Adafruit_NeoPixel.h&#34;
  Used: /home/ec2-user/arduino-testlib/cli-datadir/user/libraries/Adafruit_NeoPixel
  Not used: /home/ec2-user/arduino-testlib/cli-datadir/user/libraries/Leaphy_Extra_Extension
  Not used: /home/ec2-user/arduino-testlib/cli-datadir/user/libraries/Pinduino
Multiple libraries were found for &#34;PinChangeInterrupt.h&#34;
  Used: /home/ec2-user/arduino-testlib/cli-datadir/user/libraries/PinChangeInterrupt
  Not used: /home/ec2-user/arduino-testlib/cli-datadir/user/libraries/TheThingsNode
Multiple libraries were found for &#34;OneWire.h&#34;
  Used: /home/ec2-user/arduino-testlib/cli-datadir/user/libraries/OneWire
  Not used: /home/ec2-user/arduino-testlib/cli-datadir/user/libraries/MAX31850_OneWire
  Not used: /home/ec2-user/arduino-testlib/cli-datadir/user/libraries/SDU_AGS_SensorBoard
  Not used: /home/ec2-user/arduino-testlib/cli-datadir/user/libraries/OneWireNg
Multiple libraries were found for &#34;DallasTemperature.h&#34;
  Used: /home/ec2-user/arduino-testlib/cli-datadir/user/libraries/DallasTemperature
  Not used: /home/ec2-user/arduino-testlib/cli-datadir/user/libraries/SDU_AGS_SensorBoard
  Not used: /home/ec2-user/arduino-testlib/cli-datadir/user/libraries/MAX31850_DallasTemp
</pre>

					
					<h4>examples/AnalogToRGB</h4>
					<p>
						Result: <b>FAIL</b>
					</p>
					<pre class="pre-scrollable">In file included from /home/ec2-user/arduino-testlib/cli-datadir/user/libraries/NanoProtoShield/src/NanoProtoShield.h:14:0,
                 from /home/ec2-user/arduino-testlib/cli-datadir/user/libraries/NanoProtoShield/examples/AnalogToRGB/AnalogToRGB.ino:18:
/home/ec2-user/arduino-testlib/cli-datadir/user/libraries/PinChangeInterrupt/src/PinChangeInterrupt.h:30:10: fatal error: avr/io.h: No such file or directory
 #include &lt;avr/io.h&gt;
          ^~~~~~~~~~
compilation terminated.
Multiple libraries were found for &#34;Adafruit_NeoPixel.h&#34;
  Used: /home/ec2-user/arduino-testlib/cli-datadir/user/libraries/Adafruit_NeoPixel
  Not used: /home/ec2-user/arduino-testlib/cli-datadir/user/libraries/Leaphy_Extra_Extension
  Not used: /home/ec2-user/arduino-testlib/cli-datadir/user/libraries/Pinduino
Multiple libraries were found for &#34;Adafruit_SSD1306.h&#34;
  Used: /home/ec2-user/arduino-testlib/cli-datadir/user/libraries/Adafruit_SSD1306
  Not used: /home/ec2-user/arduino-testlib/cli-datadir/user/libraries/Adafruit_SSD1306_Wemos_Mini_OLED
Multiple libraries were found for &#34;OneWire.h&#34;
  Used: /home/ec2-user/arduino-testlib/cli-datadir/user/libraries/OneWire
  Not used: /home/ec2-user/arduino-testlib/cli-datadir/user/libraries/OneWireNg
  Not used: /home/ec2-user/arduino-testlib/cli-datadir/user/libraries/MAX31850_OneWire
  Not used: /home/ec2-user/arduino-testlib/cli-datadir/user/libraries/SDU_AGS_SensorBoard
Multiple libraries were found for &#34;DallasTemperature.h&#34;
  Used: /home/ec2-user/arduino-testlib/cli-datadir/user/libraries/DallasTemperature
  Not used: /home/ec2-user/arduino-testlib/cli-datadir/user/libraries/SDU_AGS_SensorBoard
  Not used: /home/ec2-user/arduino-testlib/cli-datadir/user/libraries/MAX31850_DallasTemp
Multiple libraries were found for &#34;PinChangeInterrupt.h&#34;
  Used: /home/ec2-user/arduino-testlib/cli-datadir/user/libraries/PinChangeInterrupt
  Not used: /home/ec2-user/arduino-testlib/cli-datadir/user/libraries/TheThingsNode
</pre>
					
					<h4>examples/AnimateBitmap</h4>
					<p>
						Result: <b>FAIL</b>
					</p>
					<pre class="pre-scrollable">In file included from /home/ec2-user/arduino-testlib/cli-datadir/user/libraries/NanoProtoShield/src/NanoProtoShield.h:14:0,
                 from /home/ec2-user/arduino-testlib/cli-datadir/user/libraries/NanoProtoShield/examples/AnimateBitmap/AnimateBitmap.ino:16:
/home/ec2-user/arduino-testlib/cli-datadir/user/libraries/PinChangeInterrupt/src/PinChangeInterrupt.h:30:10: fatal error: avr/io.h: No such file or directory
 #include &lt;avr/io.h&gt;
          ^~~~~~~~~~
compilation terminated.
Multiple libraries were found for &#34;Adafruit_NeoPixel.h&#34;
  Used: /home/ec2-user/arduino-testlib/cli-datadir/user/libraries/Adafruit_NeoPixel
  Not used: /home/ec2-user/arduino-testlib/cli-datadir/user/libraries/Pinduino
  Not used: /home/ec2-user/arduino-testlib/cli-datadir/user/libraries/Leaphy_Extra_Extension
Multiple libraries were found for &#34;OneWire.h&#34;
  Used: /home/ec2-user/arduino-testlib/cli-datadir/user/libraries/OneWire
  Not used: /home/ec2-user/arduino-testlib/cli-datadir/user/libraries/SDU_AGS_SensorBoard
  Not used: /home/ec2-user/arduino-testlib/cli-datadir/user/libraries/MAX31850_OneWire
  Not used: /home/ec2-user/arduino-testlib/cli-datadir/user/libraries/OneWireNg
Multiple libraries were found for &#34;DallasTemperature.h&#34;
  Used: /home/ec2-user/arduino-testlib/cli-datadir/user/libraries/DallasTemperature
  Not used: /home/ec2-user/arduino-testlib/cli-datadir/user/libraries/MAX31850_DallasTemp
  Not used: /home/ec2-user/arduino-testlib/cli-datadir/user/libraries/SDU_AGS_SensorBoard
Multiple libraries were found for &#34;Adafruit_SSD1306.h&#34;
  Used: /home/ec2-user/arduino-testlib/cli-datadir/user/libraries/Adafruit_SSD1306
  Not used: /home/ec2-user/arduino-testlib/cli-datadir/user/libraries/Adafruit_SSD1306_Wemos_Mini_OLED
Multiple libraries were found for &#34;PinChangeInterrupt.h&#34;
  Used: /home/ec2-user/arduino-testlib/cli-datadir/user/libraries/PinChangeInterrupt
  Not used: /home/ec2-user/arduino-testlib/cli-datadir/user/libraries/TheThingsNode
</pre>
					
					<h4>examples/CountTwists</h4>
					<p>
						Result: <b>FAIL</b>
					</p>
					<pre class="pre-scrollable">In file included from /home/ec2-user/arduino-testlib/cli-datadir/user/libraries/NanoProtoShield/src/NanoProtoShield.h:14:0,
                 from /home/ec2-user/arduino-testlib/cli-datadir/user/libraries/NanoProtoShield/examples/CountTwists/CountTwists.ino:21:
/home/ec2-user/arduino-testlib/cli-datadir/user/libraries/PinChangeInterrupt/src/PinChangeInterrupt.h:30:10: fatal error: avr/io.h: No such file or directory
 #include &lt;avr/io.h&gt;
          ^~~~~~~~~~
compilation terminated.
Multiple libraries were found for &#34;Adafruit_SSD1306.h&#34;
  Used: /home/ec2-user/arduino-testlib/cli-datadir/user/libraries/Adafruit_SSD1306
  Not used: /home/ec2-user/arduino-testlib/cli-datadir/user/libraries/Adafruit_SSD1306_Wemos_Mini_OLED
Multiple libraries were found for &#34;PinChangeInterrupt.h&#34;
  Used: /home/ec2-user/arduino-testlib/cli-datadir/user/libraries/PinChangeInterrupt
  Not used: /home/ec2-user/arduino-testlib/cli-datadir/user/libraries/TheThingsNode
Multiple libraries were found for &#34;OneWire.h&#34;
  Used: /home/ec2-user/arduino-testlib/cli-datadir/user/libraries/OneWire
  Not used: /home/ec2-user/arduino-testlib/cli-datadir/user/libraries/OneWireNg
  Not used: /home/ec2-user/arduino-testlib/cli-datadir/user/libraries/SDU_AGS_SensorBoard
  Not used: /home/ec2-user/arduino-testlib/cli-datadir/user/libraries/MAX31850_OneWire
Multiple libraries were found for &#34;DallasTemperature.h&#34;
  Used: /home/ec2-user/arduino-testlib/cli-datadir/user/libraries/DallasTemperature
  Not used: /home/ec2-user/arduino-testlib/cli-datadir/user/libraries/MAX31850_DallasTemp
  Not used: /home/ec2-user/arduino-testlib/cli-datadir/user/libraries/SDU_AGS_SensorBoard
Multiple libraries were found for &#34;Adafruit_NeoPixel.h&#34;
  Used: /home/ec2-user/arduino-testlib/cli-datadir/user/libraries/Adafruit_NeoPixel
  Not used: /home/ec2-user/arduino-testlib/cli-datadir/user/libraries/Pinduino
  Not used: /home/ec2-user/arduino-testlib/cli-datadir/user/libraries/Leaphy_Extra_Extension
</pre>
					
					<h4>examples/CountTwistsMomentumOLED</h4>
					<p>
						Result: <b>FAIL</b>
					</p>
					<pre class="pre-scrollable">In file included from /home/ec2-user/arduino-testlib/cli-datadir/user/libraries/NanoProtoShield/src/NanoProtoShield.h:14:0,
                 from /home/ec2-user/arduino-testlib/cli-datadir/user/libraries/NanoProtoShield/examples/CountTwistsMomentumOLED/CountTwistsMomentumOLED.ino:19:
/home/ec2-user/arduino-testlib/cli-datadir/user/libraries/PinChangeInterrupt/src/PinChangeInterrupt.h:30:10: fatal error: avr/io.h: No such file or directory
 #include &lt;avr/io.h&gt;
          ^~~~~~~~~~
compilation terminated.
Multiple libraries were found for &#34;Adafruit_SSD1306.h&#34;
  Used: /home/ec2-user/arduino-testlib/cli-datadir/user/libraries/Adafruit_SSD1306
  Not used: /home/ec2-user/arduino-testlib/cli-datadir/user/libraries/Adafruit_SSD1306_Wemos_Mini_OLED
Multiple libraries were found for &#34;Adafruit_NeoPixel.h&#34;
  Used: /home/ec2-user/arduino-testlib/cli-datadir/user/libraries/Adafruit_NeoPixel
  Not used: /home/ec2-user/arduino-testlib/cli-datadir/user/libraries/Pinduino
  Not used: /home/ec2-user/arduino-testlib/cli-datadir/user/libraries/Leaphy_Extra_Extension
Multiple libraries were found for &#34;OneWire.h&#34;
  Used: /home/ec2-user/arduino-testlib/cli-datadir/user/libraries/OneWire
  Not used: /home/ec2-user/arduino-testlib/cli-datadir/user/libraries/MAX31850_OneWire
  Not used: /home/ec2-user/arduino-testlib/cli-datadir/user/libraries/SDU_AGS_SensorBoard
  Not used: /home/ec2-user/arduino-testlib/cli-datadir/user/libraries/OneWireNg
Multiple libraries were found for &#34;DallasTemperature.h&#34;
  Used: /home/ec2-user/arduino-testlib/cli-datadir/user/libraries/DallasTemperature
  Not used: /home/ec2-user/arduino-testlib/cli-datadir/user/libraries/MAX31850_DallasTemp
  Not used: /home/ec2-user/arduino-testlib/cli-datadir/user/libraries/SDU_AGS_SensorBoard
Multiple libraries were found for &#34;PinChangeInterrupt.h&#34;
  Used: /home/ec2-user/arduino-testlib/cli-datadir/user/libraries/PinChangeInterrupt
  Not used: /home/ec2-user/arduino-testlib/cli-datadir/user/libraries/TheThingsNode
</pre>
					
					<h4>examples/CountTwistsWith1602LCD</h4>
					<p>
						Result: <b>FAIL</b>
					</p>
					<pre class="pre-scrollable">In file included from /home/ec2-user/arduino-testlib/cli-datadir/user/libraries/NanoProtoShield/src/NanoProtoShield.h:14:0,
                 from /home/ec2-user/arduino-testlib/cli-datadir/user/libraries/NanoProtoShield/examples/CountTwistsWith1602LCD/CountTwistsWith1602LCD.ino:29:
/home/ec2-user/arduino-testlib/cli-datadir/user/libraries/PinChangeInterrupt/src/PinChangeInterrupt.h:30:10: fatal error: avr/io.h: No such file or directory
 #include &lt;avr/io.h&gt;
          ^~~~~~~~~~
compilation terminated.
Multiple libraries were found for &#34;PinChangeInterrupt.h&#34;
  Used: /home/ec2-user/arduino-testlib/cli-datadir/user/libraries/PinChangeInterrupt
  Not used: /home/ec2-user/arduino-testlib/cli-datadir/user/libraries/TheThingsNode
Multiple libraries were found for &#34;Adafruit_SSD1306.h&#34;
  Used: /home/ec2-user/arduino-testlib/cli-datadir/user/libraries/Adafruit_SSD1306
  Not used: /home/ec2-user/arduino-testlib/cli-datadir/user/libraries/Adafruit_SSD1306_Wemos_Mini_OLED
Multiple libraries were found for &#34;Adafruit_NeoPixel.h&#34;
  Used: /home/ec2-user/arduino-testlib/cli-datadir/user/libraries/Adafruit_NeoPixel
  Not used: /home/ec2-user/arduino-testlib/cli-datadir/user/libraries/Pinduino
  Not used: /home/ec2-user/arduino-testlib/cli-datadir/user/libraries/Leaphy_Extra_Extension
Multiple libraries were found for &#34;OneWire.h&#34;
  Used: /home/ec2-user/arduino-testlib/cli-datadir/user/libraries/OneWire
  Not used: /home/ec2-user/arduino-testlib/cli-datadir/user/libraries/MAX31850_OneWire
  Not used: /home/ec2-user/arduino-testlib/cli-datadir/user/libraries/OneWireNg
  Not used: /home/ec2-user/arduino-testlib/cli-datadir/user/libraries/SDU_AGS_SensorBoard
Multiple libraries were found for &#34;DallasTemperature.h&#34;
  Used: /home/ec2-user/arduino-testlib/cli-datadir/user/libraries/DallasTemperature
  Not used: /home/ec2-user/arduino-testlib/cli-datadir/user/libraries/MAX31850_DallasTemp
  Not used: /home/ec2-user/arduino-testlib/cli-datadir/user/libraries/SDU_AGS_SensorBoard
</pre>
					
					<h4>examples/DrawBitmap</h4>
					<p>
						Result: <b>FAIL</b>
					</p>
					<pre class="pre-scrollable">In file included from /home/ec2-user/arduino-testlib/cli-datadir/user/libraries/NanoProtoShield/src/NanoProtoShield.h:14:0,
                 from /home/ec2-user/arduino-testlib/cli-datadir/user/libraries/NanoProtoShield/examples/DrawBitmap/DrawBitmap.ino:16:
/home/ec2-user/arduino-testlib/cli-datadir/user/libraries/PinChangeInterrupt/src/PinChangeInterrupt.h:30:10: fatal error: avr/io.h: No such file or directory
 #include &lt;avr/io.h&gt;
          ^~~~~~~~~~
compilation terminated.
Multiple libraries were found for &#34;OneWire.h&#34;
  Used: /home/ec2-user/arduino-testlib/cli-datadir/user/libraries/OneWire
  Not used: /home/ec2-user/arduino-testlib/cli-datadir/user/libraries/SDU_AGS_SensorBoard
  Not used: /home/ec2-user/arduino-testlib/cli-datadir/user/libraries/MAX31850_OneWire
  Not used: /home/ec2-user/arduino-testlib/cli-datadir/user/libraries/OneWireNg
Multiple libraries were found for &#34;PinChangeInterrupt.h&#34;
  Used: /home/ec2-user/arduino-testlib/cli-datadir/user/libraries/PinChangeInterrupt
  Not used: /home/ec2-user/arduino-testlib/cli-datadir/user/libraries/TheThingsNode
Multiple libraries were found for &#34;Adafruit_SSD1306.h&#34;
  Used: /home/ec2-user/arduino-testlib/cli-datadir/user/libraries/Adafruit_SSD1306
  Not used: /home/ec2-user/arduino-testlib/cli-datadir/user/libraries/Adafruit_SSD1306_Wemos_Mini_OLED
Multiple libraries were found for &#34;Adafruit_NeoPixel.h&#34;
  Used: /home/ec2-user/arduino-testlib/cli-datadir/user/libraries/Adafruit_NeoPixel
  Not used: /home/ec2-user/arduino-testlib/cli-datadir/user/libraries/Pinduino
  Not used: /home/ec2-user/arduino-testlib/cli-datadir/user/libraries/Leaphy_Extra_Extension
Multiple libraries were found for &#34;DallasTemperature.h&#34;
  Used: /home/ec2-user/arduino-testlib/cli-datadir/user/libraries/DallasTemperature
  Not used: /home/ec2-user/arduino-testlib/cli-datadir/user/libraries/SDU_AGS_SensorBoard
  Not used: /home/ec2-user/arduino-testlib/cli-datadir/user/libraries/MAX31850_DallasTemp
</pre>
					
					<h4>examples/DrawCircle</h4>
					<p>
						Result: <b>FAIL</b>
					</p>
					<pre class="pre-scrollable">In file included from /home/ec2-user/arduino-testlib/cli-datadir/user/libraries/NanoProtoShield/src/NanoProtoShield.h:14:0,
                 from /home/ec2-user/arduino-testlib/cli-datadir/user/libraries/NanoProtoShield/examples/DrawCircle/DrawCircle.ino:28:
/home/ec2-user/arduino-testlib/cli-datadir/user/libraries/PinChangeInterrupt/src/PinChangeInterrupt.h:30:10: fatal error: avr/io.h: No such file or directory
 #include &lt;avr/io.h&gt;
          ^~~~~~~~~~
compilation terminated.
Multiple libraries were found for &#34;DallasTemperature.h&#34;
  Used: /home/ec2-user/arduino-testlib/cli-datadir/user/libraries/DallasTemperature
  Not used: /home/ec2-user/arduino-testlib/cli-datadir/user/libraries/MAX31850_DallasTemp
  Not used: /home/ec2-user/arduino-testlib/cli-datadir/user/libraries/SDU_AGS_SensorBoard
Multiple libraries were found for &#34;Adafruit_SSD1306.h&#34;
  Used: /home/ec2-user/arduino-testlib/cli-datadir/user/libraries/Adafruit_SSD1306
  Not used: /home/ec2-user/arduino-testlib/cli-datadir/user/libraries/Adafruit_SSD1306_Wemos_Mini_OLED
Multiple libraries were found for &#34;Adafruit_NeoPixel.h&#34;
  Used: /home/ec2-user/arduino-testlib/cli-datadir/user/libraries/Adafruit_NeoPixel
  Not used: /home/ec2-user/arduino-testlib/cli-datadir/user/libraries/Leaphy_Extra_Extension
  Not used: /home/ec2-user/arduino-testlib/cli-datadir/user/libraries/Pinduino
Multiple libraries were found for &#34;OneWire.h&#34;
  Used: /home/ec2-user/arduino-testlib/cli-datadir/user/libraries/OneWire
  Not used: /home/ec2-user/arduino-testlib/cli-datadir/user/libraries/SDU_AGS_SensorBoard
  Not used: /home/ec2-user/arduino-testlib/cli-datadir/user/libraries/MAX31850_OneWire
  Not used: /home/ec2-user/arduino-testlib/cli-datadir/user/libraries/OneWireNg
Multiple libraries were found for &#34;PinChangeInterrupt.h&#34;
  Used: /home/ec2-user/arduino-testlib/cli-datadir/user/libraries/PinChangeInterrupt
  Not used: /home/ec2-user/arduino-testlib/cli-datadir/user/libraries/TheThingsNode
</pre>
					
					<h4>examples/GyroAccRGB</h4>
					<p>
						Result: <b>FAIL</b>
					</p>
					<pre class="pre-scrollable">In file included from /home/ec2-user/arduino-testlib/cli-datadir/user/libraries/NanoProtoShield/src/NanoProtoShield.h:14:0,
                 from /home/ec2-user/arduino-testlib/cli-datadir/user/libraries/NanoProtoShield/examples/GyroAccRGB/GyroAccRGB.ino:20:
/home/ec2-user/arduino-testlib/cli-datadir/user/libraries/PinChangeInterrupt/src/PinChangeInterrupt.h:30:10: fatal error: avr/io.h: No such file or directory
 #include &lt;avr/io.h&gt;
          ^~~~~~~~~~
compilation terminated.
Multiple libraries were found for &#34;Adafruit_NeoPixel.h&#34;
  Used: /home/ec2-user/arduino-testlib/cli-datadir/user/libraries/Adafruit_NeoPixel
  Not used: /home/ec2-user/arduino-testlib/cli-datadir/user/libraries/Leaphy_Extra_Extension
  Not used: /home/ec2-user/arduino-testlib/cli-datadir/user/libraries/Pinduino
Multiple libraries were found for &#34;DallasTemperature.h&#34;
  Used: /home/ec2-user/arduino-testlib/cli-datadir/user/libraries/DallasTemperature
  Not used: /home/ec2-user/arduino-testlib/cli-datadir/user/libraries/MAX31850_DallasTemp
  Not used: /home/ec2-user/arduino-testlib/cli-datadir/user/libraries/SDU_AGS_SensorBoard
Multiple libraries were found for &#34;Adafruit_SSD1306.h&#34;
  Used: /home/ec2-user/arduino-testlib/cli-datadir/user/libraries/Adafruit_SSD1306
  Not used: /home/ec2-user/arduino-testlib/cli-datadir/user/libraries/Adafruit_SSD1306_Wemos_Mini_OLED
Multiple libraries were found for &#34;OneWire.h&#34;
  Used: /home/ec2-user/arduino-testlib/cli-datadir/user/libraries/OneWire
  Not used: /home/ec2-user/arduino-testlib/cli-datadir/user/libraries/OneWireNg
  Not used: /home/ec2-user/arduino-testlib/cli-datadir/user/libraries/MAX31850_OneWire
  Not used: /home/ec2-user/arduino-testlib/cli-datadir/user/libraries/SDU_AGS_SensorBoard
Multiple libraries were found for &#34;PinChangeInterrupt.h&#34;
  Used: /home/ec2-user/arduino-testlib/cli-datadir/user/libraries/PinChangeInterrupt
  Not used: /home/ec2-user/arduino-testlib/cli-datadir/user/libraries/TheThingsNode
</pre>
					
					<h4>examples/LightSensingLights</h4>
					<p>
						Result: <b>FAIL</b>
					</p>
					<pre class="pre-scrollable">In file included from /home/ec2-user/arduino-testlib/cli-datadir/user/libraries/NanoProtoShield/src/NanoProtoShield.h:14:0,
                 from /home/ec2-user/arduino-testlib/cli-datadir/user/libraries/NanoProtoShield/examples/LightSensingLights/LightSensingLights.ino:20:
/home/ec2-user/arduino-testlib/cli-datadir/user/libraries/PinChangeInterrupt/src/PinChangeInterrupt.h:30:10: fatal error: avr/io.h: No such file or directory
 #include &lt;avr/io.h&gt;
          ^~~~~~~~~~
compilation terminated.
Multiple libraries were found for &#34;OneWire.h&#34;
  Used: /home/ec2-user/arduino-testlib/cli-datadir/user/libraries/OneWire
  Not used: /home/ec2-user/arduino-testlib/cli-datadir/user/libraries/MAX31850_OneWire
  Not used: /home/ec2-user/arduino-testlib/cli-datadir/user/libraries/OneWireNg
  Not used: /home/ec2-user/arduino-testlib/cli-datadir/user/libraries/SDU_AGS_SensorBoard
Multiple libraries were found for &#34;DallasTemperature.h&#34;
  Used: /home/ec2-user/arduino-testlib/cli-datadir/user/libraries/DallasTemperature
  Not used: /home/ec2-user/arduino-testlib/cli-datadir/user/libraries/MAX31850_DallasTemp
  Not used: /home/ec2-user/arduino-testlib/cli-datadir/user/libraries/SDU_AGS_SensorBoard
Multiple libraries were found for &#34;PinChangeInterrupt.h&#34;
  Used: /home/ec2-user/arduino-testlib/cli-datadir/user/libraries/PinChangeInterrupt
  Not used: /home/ec2-user/arduino-testlib/cli-datadir/user/libraries/TheThingsNode
Multiple libraries were found for &#34;Adafruit_SSD1306.h&#34;
  Used: /home/ec2-user/arduino-testlib/cli-datadir/user/libraries/Adafruit_SSD1306
  Not used: /home/ec2-user/arduino-testlib/cli-datadir/user/libraries/Adafruit_SSD1306_Wemos_Mini_OLED
Multiple libraries were found for &#34;Adafruit_NeoPixel.h&#34;
  Used: /home/ec2-user/arduino-testlib/cli-datadir/user/libraries/Adafruit_NeoPixel
  Not used: /home/ec2-user/arduino-testlib/cli-datadir/user/libraries/Leaphy_Extra_Extension
  Not used: /home/ec2-user/arduino-testlib/cli-datadir/user/libraries/Pinduino
</pre>
					
					<h4>examples/MemoryRGB</h4>
					<p>
						Result: <b>FAIL</b>
					</p>
					<pre class="pre-scrollable">In file included from /home/ec2-user/arduino-testlib/cli-datadir/user/libraries/NanoProtoShield/src/NanoProtoShield.h:14:0,
                 from /home/ec2-user/arduino-testlib/cli-datadir/user/libraries/NanoProtoShield/examples/MemoryRGB/MemoryRGB.ino:24:
/home/ec2-user/arduino-testlib/cli-datadir/user/libraries/PinChangeInterrupt/src/PinChangeInterrupt.h:30:10: fatal error: avr/io.h: No such file or directory
 #include &lt;avr/io.h&gt;
          ^~~~~~~~~~
compilation terminated.
Multiple libraries were found for &#34;Adafruit_NeoPixel.h&#34;
  Used: /home/ec2-user/arduino-testlib/cli-datadir/user/libraries/Adafruit_NeoPixel
  Not used: /home/ec2-user/arduino-testlib/cli-datadir/user/libraries/Pinduino
  Not used: /home/ec2-user/arduino-testlib/cli-datadir/user/libraries/Leaphy_Extra_Extension
Multiple libraries were found for &#34;DallasTemperature.h&#34;
  Used: /home/ec2-user/arduino-testlib/cli-datadir/user/libraries/DallasTemperature
  Not used: /home/ec2-user/arduino-testlib/cli-datadir/user/libraries/SDU_AGS_SensorBoard
  Not used: /home/ec2-user/arduino-testlib/cli-datadir/user/libraries/MAX31850_DallasTemp
Multiple libraries were found for &#34;Adafruit_SSD1306.h&#34;
  Used: /home/ec2-user/arduino-testlib/cli-datadir/user/libraries/Adafruit_SSD1306
  Not used: /home/ec2-user/arduino-testlib/cli-datadir/user/libraries/Adafruit_SSD1306_Wemos_Mini_OLED
Multiple libraries were found for &#34;OneWire.h&#34;
  Used: /home/ec2-user/arduino-testlib/cli-datadir/user/libraries/OneWire
  Not used: /home/ec2-user/arduino-testlib/cli-datadir/user/libraries/MAX31850_OneWire
  Not used: /home/ec2-user/arduino-testlib/cli-datadir/user/libraries/OneWireNg
  Not used: /home/ec2-user/arduino-testlib/cli-datadir/user/libraries/SDU_AGS_SensorBoard
Multiple libraries were found for &#34;PinChangeInterrupt.h&#34;
  Used: /home/ec2-user/arduino-testlib/cli-datadir/user/libraries/PinChangeInterrupt
  Not used: /home/ec2-user/arduino-testlib/cli-datadir/user/libraries/TheThingsNode
</pre>
					
					<h4>examples/RotaryLight</h4>
					<p>
						Result: <b>FAIL</b>
					</p>
					<pre class="pre-scrollable">In file included from /home/ec2-user/arduino-testlib/cli-datadir/user/libraries/NanoProtoShield/src/NanoProtoShield.h:14:0,
                 from /home/ec2-user/arduino-testlib/cli-datadir/user/libraries/NanoProtoShield/examples/RotaryLight/RotaryLight.ino:19:
/home/ec2-user/arduino-testlib/cli-datadir/user/libraries/PinChangeInterrupt/src/PinChangeInterrupt.h:30:10: fatal error: avr/io.h: No such file or directory
 #include &lt;avr/io.h&gt;
          ^~~~~~~~~~
compilation terminated.
Multiple libraries were found for &#34;Adafruit_SSD1306.h&#34;
  Used: /home/ec2-user/arduino-testlib/cli-datadir/user/libraries/Adafruit_SSD1306
  Not used: /home/ec2-user/arduino-testlib/cli-datadir/user/libraries/Adafruit_SSD1306_Wemos_Mini_OLED
Multiple libraries were found for &#34;Adafruit_NeoPixel.h&#34;
  Used: /home/ec2-user/arduino-testlib/cli-datadir/user/libraries/Adafruit_NeoPixel
  Not used: /home/ec2-user/arduino-testlib/cli-datadir/user/libraries/Leaphy_Extra_Extension
  Not used: /home/ec2-user/arduino-testlib/cli-datadir/user/libraries/Pinduino
Multiple libraries were found for &#34;OneWire.h&#34;
  Used: /home/ec2-user/arduino-testlib/cli-datadir/user/libraries/OneWire
  Not used: /home/ec2-user/arduino-testlib/cli-datadir/user/libraries/SDU_AGS_SensorBoard
  Not used: /home/ec2-user/arduino-testlib/cli-datadir/user/libraries/OneWireNg
  Not used: /home/ec2-user/arduino-testlib/cli-datadir/user/libraries/MAX31850_OneWire
Multiple libraries were found for &#34;DallasTemperature.h&#34;
  Used: /home/ec2-user/arduino-testlib/cli-datadir/user/libraries/DallasTemperature
  Not used: /home/ec2-user/arduino-testlib/cli-datadir/user/libraries/MAX31850_DallasTemp
  Not used: /home/ec2-user/arduino-testlib/cli-datadir/user/libraries/SDU_AGS_SensorBoard
Multiple libraries were found for &#34;PinChangeInterrupt.h&#34;
  Used: /home/ec2-user/arduino-testlib/cli-datadir/user/libraries/PinChangeInterrupt
  Not used: /home/ec2-user/arduino-testlib/cli-datadir/user/libraries/TheThingsNode
</pre>
					
					<h4>examples/ShowButtonPress</h4>
					<p>
						Result: <b>FAIL</b>
					</p>
					<pre class="pre-scrollable">In file included from /home/ec2-user/arduino-testlib/cli-datadir/user/libraries/NanoProtoShield/src/NanoProtoShield.h:14:0,
                 from /home/ec2-user/arduino-testlib/cli-datadir/user/libraries/NanoProtoShield/examples/ShowButtonPress/ShowButtonPress.ino:16:
/home/ec2-user/arduino-testlib/cli-datadir/user/libraries/PinChangeInterrupt/src/PinChangeInterrupt.h:30:10: fatal error: avr/io.h: No such file or directory
 #include &lt;avr/io.h&gt;
          ^~~~~~~~~~
compilation terminated.
Multiple libraries were found for &#34;Adafruit_NeoPixel.h&#34;
  Used: /home/ec2-user/arduino-testlib/cli-datadir/user/libraries/Adafruit_NeoPixel
  Not used: /home/ec2-user/arduino-testlib/cli-datadir/user/libraries/Pinduino
  Not used: /home/ec2-user/arduino-testlib/cli-datadir/user/libraries/Leaphy_Extra_Extension
Multiple libraries were found for &#34;OneWire.h&#34;
  Used: /home/ec2-user/arduino-testlib/cli-datadir/user/libraries/OneWire
  Not used: /home/ec2-user/arduino-testlib/cli-datadir/user/libraries/MAX31850_OneWire
  Not used: /home/ec2-user/arduino-testlib/cli-datadir/user/libraries/SDU_AGS_SensorBoard
  Not used: /home/ec2-user/arduino-testlib/cli-datadir/user/libraries/OneWireNg
Multiple libraries were found for &#34;DallasTemperature.h&#34;
  Used: /home/ec2-user/arduino-testlib/cli-datadir/user/libraries/DallasTemperature
  Not used: /home/ec2-user/arduino-testlib/cli-datadir/user/libraries/MAX31850_DallasTemp
  Not used: /home/ec2-user/arduino-testlib/cli-datadir/user/libraries/SDU_AGS_SensorBoard
Multiple libraries were found for &#34;Adafruit_SSD1306.h&#34;
  Used: /home/ec2-user/arduino-testlib/cli-datadir/user/libraries/Adafruit_SSD1306
  Not used: /home/ec2-user/arduino-testlib/cli-datadir/user/libraries/Adafruit_SSD1306_Wemos_Mini_OLED
Multiple libraries were found for &#34;PinChangeInterrupt.h&#34;
  Used: /home/ec2-user/arduino-testlib/cli-datadir/user/libraries/PinChangeInterrupt
  Not used: /home/ec2-user/arduino-testlib/cli-datadir/user/libraries/TheThingsNode
</pre>
					
					<h4>examples/ShowButtonPressInterrupt</h4>
					<p>
						Result: <b>FAIL</b>
					</p>
					<pre class="pre-scrollable">In file included from /home/ec2-user/arduino-testlib/cli-datadir/user/libraries/NanoProtoShield/src/NanoProtoShield.h:14:0,
                 from /home/ec2-user/arduino-testlib/cli-datadir/user/libraries/NanoProtoShield/examples/ShowButtonPressInterrupt/ShowButtonPressInterrupt.ino:17:
/home/ec2-user/arduino-testlib/cli-datadir/user/libraries/PinChangeInterrupt/src/PinChangeInterrupt.h:30:10: fatal error: avr/io.h: No such file or directory
 #include &lt;avr/io.h&gt;
          ^~~~~~~~~~
compilation terminated.
Multiple libraries were found for &#34;Adafruit_NeoPixel.h&#34;
  Used: /home/ec2-user/arduino-testlib/cli-datadir/user/libraries/Adafruit_NeoPixel
  Not used: /home/ec2-user/arduino-testlib/cli-datadir/user/libraries/Pinduino
  Not used: /home/ec2-user/arduino-testlib/cli-datadir/user/libraries/Leaphy_Extra_Extension
Multiple libraries were found for &#34;DallasTemperature.h&#34;
  Used: /home/ec2-user/arduino-testlib/cli-datadir/user/libraries/DallasTemperature
  Not used: /home/ec2-user/arduino-testlib/cli-datadir/user/libraries/MAX31850_DallasTemp
  Not used: /home/ec2-user/arduino-testlib/cli-datadir/user/libraries/SDU_AGS_SensorBoard
Multiple libraries were found for &#34;Adafruit_SSD1306.h&#34;
  Used: /home/ec2-user/arduino-testlib/cli-datadir/user/libraries/Adafruit_SSD1306
  Not used: /home/ec2-user/arduino-testlib/cli-datadir/user/libraries/Adafruit_SSD1306_Wemos_Mini_OLED
Multiple libraries were found for &#34;OneWire.h&#34;
  Used: /home/ec2-user/arduino-testlib/cli-datadir/user/libraries/OneWire
  Not used: /home/ec2-user/arduino-testlib/cli-datadir/user/libraries/MAX31850_OneWire
  Not used: /home/ec2-user/arduino-testlib/cli-datadir/user/libraries/OneWireNg
  Not used: /home/ec2-user/arduino-testlib/cli-datadir/user/libraries/SDU_AGS_SensorBoard
Multiple libraries were found for &#34;PinChangeInterrupt.h&#34;
  Used: /home/ec2-user/arduino-testlib/cli-datadir/user/libraries/PinChangeInterrupt
  Not used: /home/ec2-user/arduino-testlib/cli-datadir/user/libraries/TheThingsNode
</pre>
					
					<h4>examples/SpeedGame</h4>
					<p>
						Result: <b>FAIL</b>
					</p>
					<pre class="pre-scrollable">In file included from /home/ec2-user/arduino-testlib/cli-datadir/user/libraries/NanoProtoShield/src/NanoProtoShield.h:14:0,
                 from /home/ec2-user/arduino-testlib/cli-datadir/user/libraries/NanoProtoShield/examples/SpeedGame/SpeedGame.ino:20:
/home/ec2-user/arduino-testlib/cli-datadir/user/libraries/PinChangeInterrupt/src/PinChangeInterrupt.h:30:10: fatal error: avr/io.h: No such file or directory
 #include &lt;avr/io.h&gt;
          ^~~~~~~~~~
compilation terminated.
Multiple libraries were found for &#34;Adafruit_SSD1306.h&#34;
  Used: /home/ec2-user/arduino-testlib/cli-datadir/user/libraries/Adafruit_SSD1306
  Not used: /home/ec2-user/arduino-testlib/cli-datadir/user/libraries/Adafruit_SSD1306_Wemos_Mini_OLED
Multiple libraries were found for &#34;DallasTemperature.h&#34;
  Used: /home/ec2-user/arduino-testlib/cli-datadir/user/libraries/DallasTemperature
  Not used: /home/ec2-user/arduino-testlib/cli-datadir/user/libraries/SDU_AGS_SensorBoard
  Not used: /home/ec2-user/arduino-testlib/cli-datadir/user/libraries/MAX31850_DallasTemp
Multiple libraries were found for &#34;PinChangeInterrupt.h&#34;
  Used: /home/ec2-user/arduino-testlib/cli-datadir/user/libraries/PinChangeInterrupt
  Not used: /home/ec2-user/arduino-testlib/cli-datadir/user/libraries/TheThingsNode
Multiple libraries were found for &#34;Adafruit_NeoPixel.h&#34;
  Used: /home/ec2-user/arduino-testlib/cli-datadir/user/libraries/Adafruit_NeoPixel
  Not used: /home/ec2-user/arduino-testlib/cli-datadir/user/libraries/Leaphy_Extra_Extension
  Not used: /home/ec2-user/arduino-testlib/cli-datadir/user/libraries/Pinduino
Multiple libraries were found for &#34;OneWire.h&#34;
  Used: /home/ec2-user/arduino-testlib/cli-datadir/user/libraries/OneWire
  Not used: /home/ec2-user/arduino-testlib/cli-datadir/user/libraries/OneWireNg
  Not used: /home/ec2-user/arduino-testlib/cli-datadir/user/libraries/SDU_AGS_SensorBoard
  Not used: /home/ec2-user/arduino-testlib/cli-datadir/user/libraries/MAX31850_OneWire
</pre>
					
					<h4>examples/TemperatureToRGB</h4>
					<p>
						Result: <b>FAIL</b>
					</p>
					<pre class="pre-scrollable">In file included from /home/ec2-user/arduino-testlib/cli-datadir/user/libraries/NanoProtoShield/src/NanoProtoShield.h:14:0,
                 from /home/ec2-user/arduino-testlib/cli-datadir/user/libraries/NanoProtoShield/examples/TemperatureToRGB/TemperatureToRGB.ino:19:
/home/ec2-user/arduino-testlib/cli-datadir/user/libraries/PinChangeInterrupt/src/PinChangeInterrupt.h:30:10: fatal error: avr/io.h: No such file or directory
 #include &lt;avr/io.h&gt;
          ^~~~~~~~~~
compilation terminated.
Multiple libraries were found for &#34;Adafruit_SSD1306.h&#34;
  Used: /home/ec2-user/arduino-testlib/cli-datadir/user/libraries/Adafruit_SSD1306
  Not used: /home/ec2-user/arduino-testlib/cli-datadir/user/libraries/Adafruit_SSD1306_Wemos_Mini_OLED
Multiple libraries were found for &#34;Adafruit_NeoPixel.h&#34;
  Used: /home/ec2-user/arduino-testlib/cli-datadir/user/libraries/Adafruit_NeoPixel
  Not used: /home/ec2-user/arduino-testlib/cli-datadir/user/libraries/Pinduino
  Not used: /home/ec2-user/arduino-testlib/cli-datadir/user/libraries/Leaphy_Extra_Extension
Multiple libraries were found for &#34;OneWire.h&#34;
  Used: /home/ec2-user/arduino-testlib/cli-datadir/user/libraries/OneWire
  Not used: /home/ec2-user/arduino-testlib/cli-datadir/user/libraries/MAX31850_OneWire
  Not used: /home/ec2-user/arduino-testlib/cli-datadir/user/libraries/OneWireNg
  Not used: /home/ec2-user/arduino-testlib/cli-datadir/user/libraries/SDU_AGS_SensorBoard
Multiple libraries were found for &#34;DallasTemperature.h&#34;
  Used: /home/ec2-user/arduino-testlib/cli-datadir/user/libraries/DallasTemperature
  Not used: /home/ec2-user/arduino-testlib/cli-datadir/user/libraries/MAX31850_DallasTemp
  Not used: /home/ec2-user/arduino-testlib/cli-datadir/user/libraries/SDU_AGS_SensorBoard
Multiple libraries were found for &#34;PinChangeInterrupt.h&#34;
  Used: /home/ec2-user/arduino-testlib/cli-datadir/user/libraries/PinChangeInterrupt
  Not used: /home/ec2-user/arduino-testlib/cli-datadir/user/libraries/TheThingsNode
</pre>
					
					<h4>examples/VerifyBoard</h4>
					<p>
						Result: <b>FAIL</b>
					</p>
					<pre class="pre-scrollable">In file included from /home/ec2-user/arduino-testlib/cli-datadir/user/libraries/NanoProtoShield/src/NanoProtoShield.h:14:0,
                 from /home/ec2-user/arduino-testlib/cli-datadir/user/libraries/NanoProtoShield/examples/VerifyBoard/VerifyBoard.ino:18:
/home/ec2-user/arduino-testlib/cli-datadir/user/libraries/PinChangeInterrupt/src/PinChangeInterrupt.h:30:10: fatal error: avr/io.h: No such file or directory
 #include &lt;avr/io.h&gt;
          ^~~~~~~~~~
compilation terminated.
Multiple libraries were found for &#34;DallasTemperature.h&#34;
  Used: /home/ec2-user/arduino-testlib/cli-datadir/user/libraries/DallasTemperature
  Not used: /home/ec2-user/arduino-testlib/cli-datadir/user/libraries/MAX31850_DallasTemp
  Not used: /home/ec2-user/arduino-testlib/cli-datadir/user/libraries/SDU_AGS_SensorBoard
Multiple libraries were found for &#34;PinChangeInterrupt.h&#34;
  Used: /home/ec2-user/arduino-testlib/cli-datadir/user/libraries/PinChangeInterrupt
  Not used: /home/ec2-user/arduino-testlib/cli-datadir/user/libraries/TheThingsNode
Multiple libraries were found for &#34;Adafruit_SSD1306.h&#34;
  Used: /home/ec2-user/arduino-testlib/cli-datadir/user/libraries/Adafruit_SSD1306
  Not used: /home/ec2-user/arduino-testlib/cli-datadir/user/libraries/Adafruit_SSD1306_Wemos_Mini_OLED
Multiple libraries were found for &#34;Adafruit_NeoPixel.h&#34;
  Used: /home/ec2-user/arduino-testlib/cli-datadir/user/libraries/Adafruit_NeoPixel
  Not used: /home/ec2-user/arduino-testlib/cli-datadir/user/libraries/Leaphy_Extra_Extension
  Not used: /home/ec2-user/arduino-testlib/cli-datadir/user/libraries/Pinduino
Multiple libraries were found for &#34;OneWire.h&#34;
  Used: /home/ec2-user/arduino-testlib/cli-datadir/user/libraries/OneWire
  Not used: /home/ec2-user/arduino-testlib/cli-datadir/user/libraries/MAX31850_OneWire
  Not used: /home/ec2-user/arduino-testlib/cli-datadir/user/libraries/SDU_AGS_SensorBoard
  Not used: /home/ec2-user/arduino-testlib/cli-datadir/user/libraries/OneWireNg
</pre>
					
				
				<h3 id="arduino:megaavr:nona4809">arduino:megaavr:nona4809 @ 1.8.7</h3>
				<h4>Inclusion</h4>
				<p>
					Result: <b>FAIL</b>
					
				</p>
				<pre class="pre-scrollable">WARNING: library PinChangeInterrupt claims to run on avr architecture(s) and may be incompatible with your current board which runs on megaavr architecture(s).
In file included from /home/ec2-user/arduino-testlib/cli-datadir/user/libraries/NanoProtoShield/src/NanoProtoShield.h:14:0,
                 from /tmp/arduino-testlib397646390/test/test.ino:1:
/home/ec2-user/arduino-testlib/cli-datadir/user/libraries/PinChangeInterrupt/src/PinChangeInterrupt.h:37:2: error: #error This library can only be used with AVR
 #error This library can only be used with AVR
  ^~~~~
In file included from /home/ec2-user/arduino-testlib/cli-datadir/user/libraries/PinChangeInterrupt/src/PinChangeInterrupt.h:64:0,
                 from /home/ec2-user/arduino-testlib/cli-datadir/user/libraries/NanoProtoShield/src/NanoProtoShield.h:14,
                 from /tmp/arduino-testlib397646390/test/test.ino:1:
/home/ec2-user/arduino-testlib/cli-datadir/user/libraries/PinChangeInterrupt/src/PinChangeInterruptBoards.h:147:2: error: #error PinChangeInterrupt library does not support this MCU.
 #error PinChangeInterrupt library does not support this MCU.
  ^~~~~
In file included from /home/ec2-user/arduino-testlib/cli-datadir/user/libraries/NanoProtoShield/src/NanoProtoShield.h:14:0,
                 from /tmp/arduino-testlib397646390/test/test.ino:1:
/home/ec2-user/arduino-testlib/cli-datadir/user/libraries/PinChangeInterrupt/src/PinChangeInterrupt.h:68:2: error: #error Please enable at least one PCINT port and pin!
 #error Please enable at least one PCINT port and pin!
  ^~~~~
In file included from /home/ec2-user/arduino-testlib/cli-datadir/user/libraries/NanoProtoShield/src/NanoProtoShield.h:14:0,
                 from /tmp/arduino-testlib397646390/test/test.ino:1:
/home/ec2-user/arduino-testlib/cli-datadir/user/libraries/PinChangeInterrupt/src/PinChangeInterrupt.h:107:2: error: #error MCU has no such a register
 #error MCU has no such a register
  ^~~~~
Multiple libraries were found for &#34;PinChangeInterrupt.h&#34;
  Used: /home/ec2-user/arduino-testlib/cli-datadir/user/libraries/PinChangeInterrupt
  Not used: /home/ec2-user/arduino-testlib/cli-datadir/user/libraries/TheThingsNode
Multiple libraries were found for &#34;Adafruit_NeoPixel.h&#34;
  Used: /home/ec2-user/arduino-testlib/cli-datadir/user/libraries/Adafruit_NeoPixel
  Not used: /home/ec2-user/arduino-testlib/cli-datadir/user/libraries/Pinduino
  Not used: /home/ec2-user/arduino-testlib/cli-datadir/user/libraries/Leaphy_Extra_Extension
Multiple libraries were found for &#34;DallasTemperature.h&#34;
  Used: /home/ec2-user/arduino-testlib/cli-datadir/user/libraries/DallasTemperature
  Not used: /home/ec2-user/arduino-testlib/cli-datadir/user/libraries/MAX31850_DallasTemp
  Not used: /home/ec2-user/arduino-testlib/cli-datadir/user/libraries/SDU_AGS_SensorBoard
Multiple libraries were found for &#34;Adafruit_SSD1306.h&#34;
  Used: /home/ec2-user/arduino-testlib/cli-datadir/user/libraries/Adafruit_SSD1306
  Not used: /home/ec2-user/arduino-testlib/cli-datadir/user/libraries/Adafruit_SSD1306_Wemos_Mini_OLED
Multiple libraries were found for &#34;OneWire.h&#34;
  Used: /home/ec2-user/arduino-testlib/cli-datadir/user/libraries/OneWire
  Not used: /home/ec2-user/arduino-testlib/cli-datadir/user/libraries/MAX31850_OneWire
  Not used: /home/ec2-user/arduino-testlib/cli-datadir/user/libraries/OneWireNg
  Not used: /home/ec2-user/arduino-testlib/cli-datadir/user/libraries/SDU_AGS_SensorBoard
</pre>

					
					<h4>examples/AnalogToRGB</h4>
					<p>
						Result: <b>FAIL</b>
					</p>
					<pre class="pre-scrollable">WARNING: library PinChangeInterrupt claims to run on avr architecture(s) and may be incompatible with your current board which runs on megaavr architecture(s).
In file included from /home/ec2-user/arduino-testlib/cli-datadir/user/libraries/NanoProtoShield/src/NanoProtoShield.h:14:0,
                 from /home/ec2-user/arduino-testlib/cli-datadir/user/libraries/NanoProtoShield/examples/AnalogToRGB/AnalogToRGB.ino:18:
/home/ec2-user/arduino-testlib/cli-datadir/user/libraries/PinChangeInterrupt/src/PinChangeInterrupt.h:37:2: error: #error This library can only be used with AVR
 #error This library can only be used with AVR
  ^~~~~
In file included from /home/ec2-user/arduino-testlib/cli-datadir/user/libraries/PinChangeInterrupt/src/PinChangeInterrupt.h:64:0,
                 from /home/ec2-user/arduino-testlib/cli-datadir/user/libraries/NanoProtoShield/src/NanoProtoShield.h:14,
                 from /home/ec2-user/arduino-testlib/cli-datadir/user/libraries/NanoProtoShield/examples/AnalogToRGB/AnalogToRGB.ino:18:
/home/ec2-user/arduino-testlib/cli-datadir/user/libraries/PinChangeInterrupt/src/PinChangeInterruptBoards.h:147:2: error: #error PinChangeInterrupt library does not support this MCU.
 #error PinChangeInterrupt library does not support this MCU.
  ^~~~~
In file included from /home/ec2-user/arduino-testlib/cli-datadir/user/libraries/NanoProtoShield/src/NanoProtoShield.h:14:0,
                 from /home/ec2-user/arduino-testlib/cli-datadir/user/libraries/NanoProtoShield/examples/AnalogToRGB/AnalogToRGB.ino:18:
/home/ec2-user/arduino-testlib/cli-datadir/user/libraries/PinChangeInterrupt/src/PinChangeInterrupt.h:68:2: error: #error Please enable at least one PCINT port and pin!
 #error Please enable at least one PCINT port and pin!
  ^~~~~
In file included from /home/ec2-user/arduino-testlib/cli-datadir/user/libraries/NanoProtoShield/src/NanoProtoShield.h:14:0,
                 from /home/ec2-user/arduino-testlib/cli-datadir/user/libraries/NanoProtoShield/examples/AnalogToRGB/AnalogToRGB.ino:18:
/home/ec2-user/arduino-testlib/cli-datadir/user/libraries/PinChangeInterrupt/src/PinChangeInterrupt.h:107:2: error: #error MCU has no such a register
 #error MCU has no such a register
  ^~~~~
Multiple libraries were found for &#34;OneWire.h&#34;
  Used: /home/ec2-user/arduino-testlib/cli-datadir/user/libraries/OneWire
  Not used: /home/ec2-user/arduino-testlib/cli-datadir/user/libraries/SDU_AGS_SensorBoard
  Not used: /home/ec2-user/arduino-testlib/cli-datadir/user/libraries/MAX31850_OneWire
  Not used: /home/ec2-user/arduino-testlib/cli-datadir/user/libraries/OneWireNg
Multiple libraries were found for &#34;Adafruit_SSD1306.h&#34;
  Used: /home/ec2-user/arduino-testlib/cli-datadir/user/libraries/Adafruit_SSD1306
  Not used: /home/ec2-user/arduino-testlib/cli-datadir/user/libraries/Adafruit_SSD1306_Wemos_Mini_OLED
Multiple libraries were found for &#34;Adafruit_NeoPixel.h&#34;
  Used: /home/ec2-user/arduino-testlib/cli-datadir/user/libraries/Adafruit_NeoPixel
  Not used: /home/ec2-user/arduino-testlib/cli-datadir/user/libraries/Leaphy_Extra_Extension
  Not used: /home/ec2-user/arduino-testlib/cli-datadir/user/libraries/Pinduino
Multiple libraries were found for &#34;DallasTemperature.h&#34;
  Used: /home/ec2-user/arduino-testlib/cli-datadir/user/libraries/DallasTemperature
  Not used: /home/ec2-user/arduino-testlib/cli-datadir/user/libraries/MAX31850_DallasTemp
  Not used: /home/ec2-user/arduino-testlib/cli-datadir/user/libraries/SDU_AGS_SensorBoard
Multiple libraries were found for &#34;PinChangeInterrupt.h&#34;
  Used: /home/ec2-user/arduino-testlib/cli-datadir/user/libraries/PinChangeInterrupt
  Not used: /home/ec2-user/arduino-testlib/cli-datadir/user/libraries/TheThingsNode
</pre>
					
					<h4>examples/AnimateBitmap</h4>
					<p>
						Result: <b>FAIL</b>
					</p>
					<pre class="pre-scrollable">WARNING: library PinChangeInterrupt claims to run on avr architecture(s) and may be incompatible with your current board which runs on megaavr architecture(s).
In file included from /home/ec2-user/arduino-testlib/cli-datadir/user/libraries/NanoProtoShield/src/NanoProtoShield.h:14:0,
                 from /home/ec2-user/arduino-testlib/cli-datadir/user/libraries/NanoProtoShield/examples/AnimateBitmap/AnimateBitmap.ino:16:
/home/ec2-user/arduino-testlib/cli-datadir/user/libraries/PinChangeInterrupt/src/PinChangeInterrupt.h:37:2: error: #error This library can only be used with AVR
 #error This library can only be used with AVR
  ^~~~~
In file included from /home/ec2-user/arduino-testlib/cli-datadir/user/libraries/PinChangeInterrupt/src/PinChangeInterrupt.h:64:0,
                 from /home/ec2-user/arduino-testlib/cli-datadir/user/libraries/NanoProtoShield/src/NanoProtoShield.h:14,
                 from /home/ec2-user/arduino-testlib/cli-datadir/user/libraries/NanoProtoShield/examples/AnimateBitmap/AnimateBitmap.ino:16:
/home/ec2-user/arduino-testlib/cli-datadir/user/libraries/PinChangeInterrupt/src/PinChangeInterruptBoards.h:147:2: error: #error PinChangeInterrupt library does not support this MCU.
 #error PinChangeInterrupt library does not support this MCU.
  ^~~~~
In file included from /home/ec2-user/arduino-testlib/cli-datadir/user/libraries/NanoProtoShield/src/NanoProtoShield.h:14:0,
                 from /home/ec2-user/arduino-testlib/cli-datadir/user/libraries/NanoProtoShield/examples/AnimateBitmap/AnimateBitmap.ino:16:
/home/ec2-user/arduino-testlib/cli-datadir/user/libraries/PinChangeInterrupt/src/PinChangeInterrupt.h:68:2: error: #error Please enable at least one PCINT port and pin!
 #error Please enable at least one PCINT port and pin!
  ^~~~~
In file included from /home/ec2-user/arduino-testlib/cli-datadir/user/libraries/NanoProtoShield/src/NanoProtoShield.h:14:0,
                 from /home/ec2-user/arduino-testlib/cli-datadir/user/libraries/NanoProtoShield/examples/AnimateBitmap/AnimateBitmap.ino:16:
/home/ec2-user/arduino-testlib/cli-datadir/user/libraries/PinChangeInterrupt/src/PinChangeInterrupt.h:107:2: error: #error MCU has no such a register
 #error MCU has no such a register
  ^~~~~
Multiple libraries were found for &#34;OneWire.h&#34;
  Used: /home/ec2-user/arduino-testlib/cli-datadir/user/libraries/OneWire
  Not used: /home/ec2-user/arduino-testlib/cli-datadir/user/libraries/SDU_AGS_SensorBoard
  Not used: /home/ec2-user/arduino-testlib/cli-datadir/user/libraries/MAX31850_OneWire
  Not used: /home/ec2-user/arduino-testlib/cli-datadir/user/libraries/OneWireNg
Multiple libraries were found for &#34;Adafruit_NeoPixel.h&#34;
  Used: /home/ec2-user/arduino-testlib/cli-datadir/user/libraries/Adafruit_NeoPixel
  Not used: /home/ec2-user/arduino-testlib/cli-datadir/user/libraries/Leaphy_Extra_Extension
  Not used: /home/ec2-user/arduino-testlib/cli-datadir/user/libraries/Pinduino
Multiple libraries were found for &#34;DallasTemperature.h&#34;
  Used: /home/ec2-user/arduino-testlib/cli-datadir/user/libraries/DallasTemperature
  Not used: /home/ec2-user/arduino-testlib/cli-datadir/user/libraries/SDU_AGS_SensorBoard
  Not used: /home/ec2-user/arduino-testlib/cli-datadir/user/libraries/MAX31850_DallasTemp
Multiple libraries were found for &#34;PinChangeInterrupt.h&#34;
  Used: /home/ec2-user/arduino-testlib/cli-datadir/user/libraries/PinChangeInterrupt
  Not used: /home/ec2-user/arduino-testlib/cli-datadir/user/libraries/TheThingsNode
Multiple libraries were found for &#34;Adafruit_SSD1306.h&#34;
  Used: /home/ec2-user/arduino-testlib/cli-datadir/user/libraries/Adafruit_SSD1306
  Not used: /home/ec2-user/arduino-testlib/cli-datadir/user/libraries/Adafruit_SSD1306_Wemos_Mini_OLED
</pre>
					
					<h4>examples/CountTwists</h4>
					<p>
						Result: <b>FAIL</b>
					</p>
					<pre class="pre-scrollable">WARNING: library PinChangeInterrupt claims to run on avr architecture(s) and may be incompatible with your current board which runs on megaavr architecture(s).
In file included from /home/ec2-user/arduino-testlib/cli-datadir/user/libraries/NanoProtoShield/src/NanoProtoShield.h:14:0,
                 from /home/ec2-user/arduino-testlib/cli-datadir/user/libraries/NanoProtoShield/examples/CountTwists/CountTwists.ino:21:
/home/ec2-user/arduino-testlib/cli-datadir/user/libraries/PinChangeInterrupt/src/PinChangeInterrupt.h:37:2: error: #error This library can only be used with AVR
 #error This library can only be used with AVR
  ^~~~~
In file included from /home/ec2-user/arduino-testlib/cli-datadir/user/libraries/PinChangeInterrupt/src/PinChangeInterrupt.h:64:0,
                 from /home/ec2-user/arduino-testlib/cli-datadir/user/libraries/NanoProtoShield/src/NanoProtoShield.h:14,
                 from /home/ec2-user/arduino-testlib/cli-datadir/user/libraries/NanoProtoShield/examples/CountTwists/CountTwists.ino:21:
/home/ec2-user/arduino-testlib/cli-datadir/user/libraries/PinChangeInterrupt/src/PinChangeInterruptBoards.h:147:2: error: #error PinChangeInterrupt library does not support this MCU.
 #error PinChangeInterrupt library does not support this MCU.
  ^~~~~
In file included from /home/ec2-user/arduino-testlib/cli-datadir/user/libraries/NanoProtoShield/src/NanoProtoShield.h:14:0,
                 from /home/ec2-user/arduino-testlib/cli-datadir/user/libraries/NanoProtoShield/examples/CountTwists/CountTwists.ino:21:
/home/ec2-user/arduino-testlib/cli-datadir/user/libraries/PinChangeInterrupt/src/PinChangeInterrupt.h:68:2: error: #error Please enable at least one PCINT port and pin!
 #error Please enable at least one PCINT port and pin!
  ^~~~~
In file included from /home/ec2-user/arduino-testlib/cli-datadir/user/libraries/NanoProtoShield/src/NanoProtoShield.h:14:0,
                 from /home/ec2-user/arduino-testlib/cli-datadir/user/libraries/NanoProtoShield/examples/CountTwists/CountTwists.ino:21:
/home/ec2-user/arduino-testlib/cli-datadir/user/libraries/PinChangeInterrupt/src/PinChangeInterrupt.h:107:2: error: #error MCU has no such a register
 #error MCU has no such a register
  ^~~~~
Multiple libraries were found for &#34;Adafruit_SSD1306.h&#34;
  Used: /home/ec2-user/arduino-testlib/cli-datadir/user/libraries/Adafruit_SSD1306
  Not used: /home/ec2-user/arduino-testlib/cli-datadir/user/libraries/Adafruit_SSD1306_Wemos_Mini_OLED
Multiple libraries were found for &#34;PinChangeInterrupt.h&#34;
  Used: /home/ec2-user/arduino-testlib/cli-datadir/user/libraries/PinChangeInterrupt
  Not used: /home/ec2-user/arduino-testlib/cli-datadir/user/libraries/TheThingsNode
Multiple libraries were found for &#34;DallasTemperature.h&#34;
  Used: /home/ec2-user/arduino-testlib/cli-datadir/user/libraries/DallasTemperature
  Not used: /home/ec2-user/arduino-testlib/cli-datadir/user/libraries/SDU_AGS_SensorBoard
  Not used: /home/ec2-user/arduino-testlib/cli-datadir/user/libraries/MAX31850_DallasTemp
Multiple libraries were found for &#34;Adafruit_NeoPixel.h&#34;
  Used: /home/ec2-user/arduino-testlib/cli-datadir/user/libraries/Adafruit_NeoPixel
  Not used: /home/ec2-user/arduino-testlib/cli-datadir/user/libraries/Leaphy_Extra_Extension
  Not used: /home/ec2-user/arduino-testlib/cli-datadir/user/libraries/Pinduino
Multiple libraries were found for &#34;OneWire.h&#34;
  Used: /home/ec2-user/arduino-testlib/cli-datadir/user/libraries/OneWire
  Not used: /home/ec2-user/arduino-testlib/cli-datadir/user/libraries/MAX31850_OneWire
  Not used: /home/ec2-user/arduino-testlib/cli-datadir/user/libraries/SDU_AGS_SensorBoard
  Not used: /home/ec2-user/arduino-testlib/cli-datadir/user/libraries/OneWireNg
</pre>
					
					<h4>examples/CountTwistsMomentumOLED</h4>
					<p>
						Result: <b>FAIL</b>
					</p>
					<pre class="pre-scrollable">WARNING: library PinChangeInterrupt claims to run on avr architecture(s) and may be incompatible with your current board which runs on megaavr architecture(s).
In file included from /home/ec2-user/arduino-testlib/cli-datadir/user/libraries/NanoProtoShield/src/NanoProtoShield.h:14:0,
                 from /home/ec2-user/arduino-testlib/cli-datadir/user/libraries/NanoProtoShield/examples/CountTwistsMomentumOLED/CountTwistsMomentumOLED.ino:19:
/home/ec2-user/arduino-testlib/cli-datadir/user/libraries/PinChangeInterrupt/src/PinChangeInterrupt.h:37:2: error: #error This library can only be used with AVR
 #error This library can only be used with AVR
  ^~~~~
In file included from /home/ec2-user/arduino-testlib/cli-datadir/user/libraries/PinChangeInterrupt/src/PinChangeInterrupt.h:64:0,
                 from /home/ec2-user/arduino-testlib/cli-datadir/user/libraries/NanoProtoShield/src/NanoProtoShield.h:14,
                 from /home/ec2-user/arduino-testlib/cli-datadir/user/libraries/NanoProtoShield/examples/CountTwistsMomentumOLED/CountTwistsMomentumOLED.ino:19:
/home/ec2-user/arduino-testlib/cli-datadir/user/libraries/PinChangeInterrupt/src/PinChangeInterruptBoards.h:147:2: error: #error PinChangeInterrupt library does not support this MCU.
 #error PinChangeInterrupt library does not support this MCU.
  ^~~~~
In file included from /home/ec2-user/arduino-testlib/cli-datadir/user/libraries/NanoProtoShield/src/NanoProtoShield.h:14:0,
                 from /home/ec2-user/arduino-testlib/cli-datadir/user/libraries/NanoProtoShield/examples/CountTwistsMomentumOLED/CountTwistsMomentumOLED.ino:19:
/home/ec2-user/arduino-testlib/cli-datadir/user/libraries/PinChangeInterrupt/src/PinChangeInterrupt.h:68:2: error: #error Please enable at least one PCINT port and pin!
 #error Please enable at least one PCINT port and pin!
  ^~~~~
In file included from /home/ec2-user/arduino-testlib/cli-datadir/user/libraries/NanoProtoShield/src/NanoProtoShield.h:14:0,
                 from /home/ec2-user/arduino-testlib/cli-datadir/user/libraries/NanoProtoShield/examples/CountTwistsMomentumOLED/CountTwistsMomentumOLED.ino:19:
/home/ec2-user/arduino-testlib/cli-datadir/user/libraries/PinChangeInterrupt/src/PinChangeInterrupt.h:107:2: error: #error MCU has no such a register
 #error MCU has no such a register
  ^~~~~
Multiple libraries were found for &#34;Adafruit_NeoPixel.h&#34;
  Used: /home/ec2-user/arduino-testlib/cli-datadir/user/libraries/Adafruit_NeoPixel
  Not used: /home/ec2-user/arduino-testlib/cli-datadir/user/libraries/Pinduino
  Not used: /home/ec2-user/arduino-testlib/cli-datadir/user/libraries/Leaphy_Extra_Extension
Multiple libraries were found for &#34;OneWire.h&#34;
  Used: /home/ec2-user/arduino-testlib/cli-datadir/user/libraries/OneWire
  Not used: /home/ec2-user/arduino-testlib/cli-datadir/user/libraries/OneWireNg
  Not used: /home/ec2-user/arduino-testlib/cli-datadir/user/libraries/SDU_AGS_SensorBoard
  Not used: /home/ec2-user/arduino-testlib/cli-datadir/user/libraries/MAX31850_OneWire
Multiple libraries were found for &#34;PinChangeInterrupt.h&#34;
  Used: /home/ec2-user/arduino-testlib/cli-datadir/user/libraries/PinChangeInterrupt
  Not used: /home/ec2-user/arduino-testlib/cli-datadir/user/libraries/TheThingsNode
Multiple libraries were found for &#34;Adafruit_SSD1306.h&#34;
  Used: /home/ec2-user/arduino-testlib/cli-datadir/user/libraries/Adafruit_SSD1306
  Not used: /home/ec2-user/arduino-testlib/cli-datadir/user/libraries/Adafruit_SSD1306_Wemos_Mini_OLED
Multiple libraries were found for &#34;DallasTemperature.h&#34;
  Used: /home/ec2-user/arduino-testlib/cli-datadir/user/libraries/DallasTemperature
  Not used: /home/ec2-user/arduino-testlib/cli-datadir/user/libraries/SDU_AGS_SensorBoard
  Not used: /home/ec2-user/arduino-testlib/cli-datadir/user/libraries/MAX31850_DallasTemp
</pre>
					
					<h4>examples/CountTwistsWith1602LCD</h4>
					<p>
						Result: <b>FAIL</b>
					</p>
					<pre class="pre-scrollable">WARNING: library PinChangeInterrupt claims to run on avr architecture(s) and may be incompatible with your current board which runs on megaavr architecture(s).
WARNING: library LiquidCrystal_I2C claims to run on avr architecture(s) and may be incompatible with your current board which runs on megaavr architecture(s).
In file included from /home/ec2-user/arduino-testlib/cli-datadir/user/libraries/NanoProtoShield/src/NanoProtoShield.h:14:0,
                 from /home/ec2-user/arduino-testlib/cli-datadir/user/libraries/NanoProtoShield/examples/CountTwistsWith1602LCD/CountTwistsWith1602LCD.ino:29:
/home/ec2-user/arduino-testlib/cli-datadir/user/libraries/PinChangeInterrupt/src/PinChangeInterrupt.h:37:2: error: #error This library can only be used with AVR
 #error This library can only be used with AVR
  ^~~~~
In file included from /home/ec2-user/arduino-testlib/cli-datadir/user/libraries/PinChangeInterrupt/src/PinChangeInterrupt.h:64:0,
                 from /home/ec2-user/arduino-testlib/cli-datadir/user/libraries/NanoProtoShield/src/NanoProtoShield.h:14,
                 from /home/ec2-user/arduino-testlib/cli-datadir/user/libraries/NanoProtoShield/examples/CountTwistsWith1602LCD/CountTwistsWith1602LCD.ino:29:
/home/ec2-user/arduino-testlib/cli-datadir/user/libraries/PinChangeInterrupt/src/PinChangeInterruptBoards.h:147:2: error: #error PinChangeInterrupt library does not support this MCU.
 #error PinChangeInterrupt library does not support this MCU.
  ^~~~~
In file included from /home/ec2-user/arduino-testlib/cli-datadir/user/libraries/NanoProtoShield/src/NanoProtoShield.h:14:0,
                 from /home/ec2-user/arduino-testlib/cli-datadir/user/libraries/NanoProtoShield/examples/CountTwistsWith1602LCD/CountTwistsWith1602LCD.ino:29:
/home/ec2-user/arduino-testlib/cli-datadir/user/libraries/PinChangeInterrupt/src/PinChangeInterrupt.h:68:2: error: #error Please enable at least one PCINT port and pin!
 #error Please enable at least one PCINT port and pin!
  ^~~~~
In file included from /home/ec2-user/arduino-testlib/cli-datadir/user/libraries/NanoProtoShield/src/NanoProtoShield.h:14:0,
                 from /home/ec2-user/arduino-testlib/cli-datadir/user/libraries/NanoProtoShield/examples/CountTwistsWith1602LCD/CountTwistsWith1602LCD.ino:29:
/home/ec2-user/arduino-testlib/cli-datadir/user/libraries/PinChangeInterrupt/src/PinChangeInterrupt.h:107:2: error: #error MCU has no such a register
 #error MCU has no such a register
  ^~~~~
Multiple libraries were found for &#34;Adafruit_SSD1306.h&#34;
  Used: /home/ec2-user/arduino-testlib/cli-datadir/user/libraries/Adafruit_SSD1306
  Not used: /home/ec2-user/arduino-testlib/cli-datadir/user/libraries/Adafruit_SSD1306_Wemos_Mini_OLED
Multiple libraries were found for &#34;Adafruit_NeoPixel.h&#34;
  Used: /home/ec2-user/arduino-testlib/cli-datadir/user/libraries/Adafruit_NeoPixel
  Not used: /home/ec2-user/arduino-testlib/cli-datadir/user/libraries/Pinduino
  Not used: /home/ec2-user/arduino-testlib/cli-datadir/user/libraries/Leaphy_Extra_Extension
Multiple libraries were found for &#34;OneWire.h&#34;
  Used: /home/ec2-user/arduino-testlib/cli-datadir/user/libraries/OneWire
  Not used: /home/ec2-user/arduino-testlib/cli-datadir/user/libraries/OneWireNg
  Not used: /home/ec2-user/arduino-testlib/cli-datadir/user/libraries/SDU_AGS_SensorBoard
  Not used: /home/ec2-user/arduino-testlib/cli-datadir/user/libraries/MAX31850_OneWire
Multiple libraries were found for &#34;DallasTemperature.h&#34;
  Used: /home/ec2-user/arduino-testlib/cli-datadir/user/libraries/DallasTemperature
  Not used: /home/ec2-user/arduino-testlib/cli-datadir/user/libraries/SDU_AGS_SensorBoard
  Not used: /home/ec2-user/arduino-testlib/cli-datadir/user/libraries/MAX31850_DallasTemp
Multiple libraries were found for &#34;PinChangeInterrupt.h&#34;
  Used: /home/ec2-user/arduino-testlib/cli-datadir/user/libraries/PinChangeInterrupt
  Not used: /home/ec2-user/arduino-testlib/cli-datadir/user/libraries/TheThingsNode
</pre>
					
					<h4>examples/DrawBitmap</h4>
					<p>
						Result: <b>FAIL</b>
					</p>
					<pre class="pre-scrollable">WARNING: library PinChangeInterrupt claims to run on avr architecture(s) and may be incompatible with your current board which runs on megaavr architecture(s).
In file included from /home/ec2-user/arduino-testlib/cli-datadir/user/libraries/NanoProtoShield/src/NanoProtoShield.h:14:0,
                 from /home/ec2-user/arduino-testlib/cli-datadir/user/libraries/NanoProtoShield/examples/DrawBitmap/DrawBitmap.ino:16:
/home/ec2-user/arduino-testlib/cli-datadir/user/libraries/PinChangeInterrupt/src/PinChangeInterrupt.h:37:2: error: #error This library can only be used with AVR
 #error This library can only be used with AVR
  ^~~~~
In file included from /home/ec2-user/arduino-testlib/cli-datadir/user/libraries/PinChangeInterrupt/src/PinChangeInterrupt.h:64:0,
                 from /home/ec2-user/arduino-testlib/cli-datadir/user/libraries/NanoProtoShield/src/NanoProtoShield.h:14,
                 from /home/ec2-user/arduino-testlib/cli-datadir/user/libraries/NanoProtoShield/examples/DrawBitmap/DrawBitmap.ino:16:
/home/ec2-user/arduino-testlib/cli-datadir/user/libraries/PinChangeInterrupt/src/PinChangeInterruptBoards.h:147:2: error: #error PinChangeInterrupt library does not support this MCU.
 #error PinChangeInterrupt library does not support this MCU.
  ^~~~~
In file included from /home/ec2-user/arduino-testlib/cli-datadir/user/libraries/NanoProtoShield/src/NanoProtoShield.h:14:0,
                 from /home/ec2-user/arduino-testlib/cli-datadir/user/libraries/NanoProtoShield/examples/DrawBitmap/DrawBitmap.ino:16:
/home/ec2-user/arduino-testlib/cli-datadir/user/libraries/PinChangeInterrupt/src/PinChangeInterrupt.h:68:2: error: #error Please enable at least one PCINT port and pin!
 #error Please enable at least one PCINT port and pin!
  ^~~~~
In file included from /home/ec2-user/arduino-testlib/cli-datadir/user/libraries/NanoProtoShield/src/NanoProtoShield.h:14:0,
                 from /home/ec2-user/arduino-testlib/cli-datadir/user/libraries/NanoProtoShield/examples/DrawBitmap/DrawBitmap.ino:16:
/home/ec2-user/arduino-testlib/cli-datadir/user/libraries/PinChangeInterrupt/src/PinChangeInterrupt.h:107:2: error: #error MCU has no such a register
 #error MCU has no such a register
  ^~~~~
Multiple libraries were found for &#34;Adafruit_SSD1306.h&#34;
  Used: /home/ec2-user/arduino-testlib/cli-datadir/user/libraries/Adafruit_SSD1306
  Not used: /home/ec2-user/arduino-testlib/cli-datadir/user/libraries/Adafruit_SSD1306_Wemos_Mini_OLED
Multiple libraries were found for &#34;OneWire.h&#34;
  Used: /home/ec2-user/arduino-testlib/cli-datadir/user/libraries/OneWire
  Not used: /home/ec2-user/arduino-testlib/cli-datadir/user/libraries/OneWireNg
  Not used: /home/ec2-user/arduino-testlib/cli-datadir/user/libraries/MAX31850_OneWire
  Not used: /home/ec2-user/arduino-testlib/cli-datadir/user/libraries/SDU_AGS_SensorBoard
Multiple libraries were found for &#34;DallasTemperature.h&#34;
  Used: /home/ec2-user/arduino-testlib/cli-datadir/user/libraries/DallasTemperature
  Not used: /home/ec2-user/arduino-testlib/cli-datadir/user/libraries/MAX31850_DallasTemp
  Not used: /home/ec2-user/arduino-testlib/cli-datadir/user/libraries/SDU_AGS_SensorBoard
Multiple libraries were found for &#34;PinChangeInterrupt.h&#34;
  Used: /home/ec2-user/arduino-testlib/cli-datadir/user/libraries/PinChangeInterrupt
  Not used: /home/ec2-user/arduino-testlib/cli-datadir/user/libraries/TheThingsNode
Multiple libraries were found for &#34;Adafruit_NeoPixel.h&#34;
  Used: /home/ec2-user/arduino-testlib/cli-datadir/user/libraries/Adafruit_NeoPixel
  Not used: /home/ec2-user/arduino-testlib/cli-datadir/user/libraries/Pinduino
  Not used: /home/ec2-user/arduino-testlib/cli-datadir/user/libraries/Leaphy_Extra_Extension
</pre>
					
					<h4>examples/DrawCircle</h4>
					<p>
						Result: <b>FAIL</b>
					</p>
					<pre class="pre-scrollable">WARNING: library PinChangeInterrupt claims to run on avr architecture(s) and may be incompatible with your current board which runs on megaavr architecture(s).
In file included from /home/ec2-user/arduino-testlib/cli-datadir/user/libraries/NanoProtoShield/src/NanoProtoShield.h:14:0,
                 from /home/ec2-user/arduino-testlib/cli-datadir/user/libraries/NanoProtoShield/examples/DrawCircle/DrawCircle.ino:28:
/home/ec2-user/arduino-testlib/cli-datadir/user/libraries/PinChangeInterrupt/src/PinChangeInterrupt.h:37:2: error: #error This library can only be used with AVR
 #error This library can only be used with AVR
  ^~~~~
In file included from /home/ec2-user/arduino-testlib/cli-datadir/user/libraries/PinChangeInterrupt/src/PinChangeInterrupt.h:64:0,
                 from /home/ec2-user/arduino-testlib/cli-datadir/user/libraries/NanoProtoShield/src/NanoProtoShield.h:14,
                 from /home/ec2-user/arduino-testlib/cli-datadir/user/libraries/NanoProtoShield/examples/DrawCircle/DrawCircle.ino:28:
/home/ec2-user/arduino-testlib/cli-datadir/user/libraries/PinChangeInterrupt/src/PinChangeInterruptBoards.h:147:2: error: #error PinChangeInterrupt library does not support this MCU.
 #error PinChangeInterrupt library does not support this MCU.
  ^~~~~
In file included from /home/ec2-user/arduino-testlib/cli-datadir/user/libraries/NanoProtoShield/src/NanoProtoShield.h:14:0,
                 from /home/ec2-user/arduino-testlib/cli-datadir/user/libraries/NanoProtoShield/examples/DrawCircle/DrawCircle.ino:28:
/home/ec2-user/arduino-testlib/cli-datadir/user/libraries/PinChangeInterrupt/src/PinChangeInterrupt.h:68:2: error: #error Please enable at least one PCINT port and pin!
 #error Please enable at least one PCINT port and pin!
  ^~~~~
In file included from /home/ec2-user/arduino-testlib/cli-datadir/user/libraries/NanoProtoShield/src/NanoProtoShield.h:14:0,
                 from /home/ec2-user/arduino-testlib/cli-datadir/user/libraries/NanoProtoShield/examples/DrawCircle/DrawCircle.ino:28:
/home/ec2-user/arduino-testlib/cli-datadir/user/libraries/PinChangeInterrupt/src/PinChangeInterrupt.h:107:2: error: #error MCU has no such a register
 #error MCU has no such a register
  ^~~~~
Multiple libraries were found for &#34;Adafruit_SSD1306.h&#34;
  Used: /home/ec2-user/arduino-testlib/cli-datadir/user/libraries/Adafruit_SSD1306
  Not used: /home/ec2-user/arduino-testlib/cli-datadir/user/libraries/Adafruit_SSD1306_Wemos_Mini_OLED
Multiple libraries were found for &#34;OneWire.h&#34;
  Used: /home/ec2-user/arduino-testlib/cli-datadir/user/libraries/OneWire
  Not used: /home/ec2-user/arduino-testlib/cli-datadir/user/libraries/OneWireNg
  Not used: /home/ec2-user/arduino-testlib/cli-datadir/user/libraries/SDU_AGS_SensorBoard
  Not used: /home/ec2-user/arduino-testlib/cli-datadir/user/libraries/MAX31850_OneWire
Multiple libraries were found for &#34;DallasTemperature.h&#34;
  Used: /home/ec2-user/arduino-testlib/cli-datadir/user/libraries/DallasTemperature
  Not used: /home/ec2-user/arduino-testlib/cli-datadir/user/libraries/MAX31850_DallasTemp
  Not used: /home/ec2-user/arduino-testlib/cli-datadir/user/libraries/SDU_AGS_SensorBoard
Multiple libraries were found for &#34;PinChangeInterrupt.h&#34;
  Used: /home/ec2-user/arduino-testlib/cli-datadir/user/libraries/PinChangeInterrupt
  Not used: /home/ec2-user/arduino-testlib/cli-datadir/user/libraries/TheThingsNode
Multiple libraries were found for &#34;Adafruit_NeoPixel.h&#34;
  Used: /home/ec2-user/arduino-testlib/cli-datadir/user/libraries/Adafruit_NeoPixel
  Not used: /home/ec2-user/arduino-testlib/cli-datadir/user/libraries/Leaphy_Extra_Extension
  Not used: /home/ec2-user/arduino-testlib/cli-datadir/user/libraries/Pinduino
</pre>
					
					<h4>examples/GyroAccRGB</h4>
					<p>
						Result: <b>FAIL</b>
					</p>
					<pre class="pre-scrollable">WARNING: library PinChangeInterrupt claims to run on avr architecture(s) and may be incompatible with your current board which runs on megaavr architecture(s).
In file included from /home/ec2-user/arduino-testlib/cli-datadir/user/libraries/NanoProtoShield/src/NanoProtoShield.h:14:0,
                 from /home/ec2-user/arduino-testlib/cli-datadir/user/libraries/NanoProtoShield/examples/GyroAccRGB/GyroAccRGB.ino:20:
/home/ec2-user/arduino-testlib/cli-datadir/user/libraries/PinChangeInterrupt/src/PinChangeInterrupt.h:37:2: error: #error This library can only be used with AVR
 #error This library can only be used with AVR
  ^~~~~
In file included from /home/ec2-user/arduino-testlib/cli-datadir/user/libraries/PinChangeInterrupt/src/PinChangeInterrupt.h:64:0,
                 from /home/ec2-user/arduino-testlib/cli-datadir/user/libraries/NanoProtoShield/src/NanoProtoShield.h:14,
                 from /home/ec2-user/arduino-testlib/cli-datadir/user/libraries/NanoProtoShield/examples/GyroAccRGB/GyroAccRGB.ino:20:
/home/ec2-user/arduino-testlib/cli-datadir/user/libraries/PinChangeInterrupt/src/PinChangeInterruptBoards.h:147:2: error: #error PinChangeInterrupt library does not support this MCU.
 #error PinChangeInterrupt library does not support this MCU.
  ^~~~~
In file included from /home/ec2-user/arduino-testlib/cli-datadir/user/libraries/NanoProtoShield/src/NanoProtoShield.h:14:0,
                 from /home/ec2-user/arduino-testlib/cli-datadir/user/libraries/NanoProtoShield/examples/GyroAccRGB/GyroAccRGB.ino:20:
/home/ec2-user/arduino-testlib/cli-datadir/user/libraries/PinChangeInterrupt/src/PinChangeInterrupt.h:68:2: error: #error Please enable at least one PCINT port and pin!
 #error Please enable at least one PCINT port and pin!
  ^~~~~
In file included from /home/ec2-user/arduino-testlib/cli-datadir/user/libraries/NanoProtoShield/src/NanoProtoShield.h:14:0,
                 from /home/ec2-user/arduino-testlib/cli-datadir/user/libraries/NanoProtoShield/examples/GyroAccRGB/GyroAccRGB.ino:20:
/home/ec2-user/arduino-testlib/cli-datadir/user/libraries/PinChangeInterrupt/src/PinChangeInterrupt.h:107:2: error: #error MCU has no such a register
 #error MCU has no such a register
  ^~~~~
Multiple libraries were found for &#34;Adafruit_SSD1306.h&#34;
  Used: /home/ec2-user/arduino-testlib/cli-datadir/user/libraries/Adafruit_SSD1306
  Not used: /home/ec2-user/arduino-testlib/cli-datadir/user/libraries/Adafruit_SSD1306_Wemos_Mini_OLED
Multiple libraries were found for &#34;Adafruit_NeoPixel.h&#34;
  Used: /home/ec2-user/arduino-testlib/cli-datadir/user/libraries/Adafruit_NeoPixel
  Not used: /home/ec2-user/arduino-testlib/cli-datadir/user/libraries/Leaphy_Extra_Extension
  Not used: /home/ec2-user/arduino-testlib/cli-datadir/user/libraries/Pinduino
Multiple libraries were found for &#34;PinChangeInterrupt.h&#34;
  Used: /home/ec2-user/arduino-testlib/cli-datadir/user/libraries/PinChangeInterrupt
  Not used: /home/ec2-user/arduino-testlib/cli-datadir/user/libraries/TheThingsNode
Multiple libraries were found for &#34;OneWire.h&#34;
  Used: /home/ec2-user/arduino-testlib/cli-datadir/user/libraries/OneWire
  Not used: /home/ec2-user/arduino-testlib/cli-datadir/user/libraries/MAX31850_OneWire
  Not used: /home/ec2-user/arduino-testlib/cli-datadir/user/libraries/SDU_AGS_SensorBoard
  Not used: /home/ec2-user/arduino-testlib/cli-datadir/user/libraries/OneWireNg
Multiple libraries were found for &#34;DallasTemperature.h&#34;
  Used: /home/ec2-user/arduino-testlib/cli-datadir/user/libraries/DallasTemperature
  Not used: /home/ec2-user/arduino-testlib/cli-datadir/user/libraries/SDU_AGS_SensorBoard
  Not used: /home/ec2-user/arduino-testlib/cli-datadir/user/libraries/MAX31850_DallasTemp
</pre>
					
					<h4>examples/LightSensingLights</h4>
					<p>
						Result: <b>FAIL</b>
					</p>
					<pre class="pre-scrollable">WARNING: library PinChangeInterrupt claims to run on avr architecture(s) and may be incompatible with your current board which runs on megaavr architecture(s).
In file included from /home/ec2-user/arduino-testlib/cli-datadir/user/libraries/NanoProtoShield/src/NanoProtoShield.h:14:0,
                 from /home/ec2-user/arduino-testlib/cli-datadir/user/libraries/NanoProtoShield/examples/LightSensingLights/LightSensingLights.ino:20:
/home/ec2-user/arduino-testlib/cli-datadir/user/libraries/PinChangeInterrupt/src/PinChangeInterrupt.h:37:2: error: #error This library can only be used with AVR
 #error This library can only be used with AVR
  ^~~~~
In file included from /home/ec2-user/arduino-testlib/cli-datadir/user/libraries/PinChangeInterrupt/src/PinChangeInterrupt.h:64:0,
                 from /home/ec2-user/arduino-testlib/cli-datadir/user/libraries/NanoProtoShield/src/NanoProtoShield.h:14,
                 from /home/ec2-user/arduino-testlib/cli-datadir/user/libraries/NanoProtoShield/examples/LightSensingLights/LightSensingLights.ino:20:
/home/ec2-user/arduino-testlib/cli-datadir/user/libraries/PinChangeInterrupt/src/PinChangeInterruptBoards.h:147:2: error: #error PinChangeInterrupt library does not support this MCU.
 #error PinChangeInterrupt library does not support this MCU.
  ^~~~~
In file included from /home/ec2-user/arduino-testlib/cli-datadir/user/libraries/NanoProtoShield/src/NanoProtoShield.h:14:0,
                 from /home/ec2-user/arduino-testlib/cli-datadir/user/libraries/NanoProtoShield/examples/LightSensingLights/LightSensingLights.ino:20:
/home/ec2-user/arduino-testlib/cli-datadir/user/libraries/PinChangeInterrupt/src/PinChangeInterrupt.h:68:2: error: #error Please enable at least one PCINT port and pin!
 #error Please enable at least one PCINT port and pin!
  ^~~~~
In file included from /home/ec2-user/arduino-testlib/cli-datadir/user/libraries/NanoProtoShield/src/NanoProtoShield.h:14:0,
                 from /home/ec2-user/arduino-testlib/cli-datadir/user/libraries/NanoProtoShield/examples/LightSensingLights/LightSensingLights.ino:20:
/home/ec2-user/arduino-testlib/cli-datadir/user/libraries/PinChangeInterrupt/src/PinChangeInterrupt.h:107:2: error: #error MCU has no such a register
 #error MCU has no such a register
  ^~~~~
Multiple libraries were found for &#34;Adafruit_SSD1306.h&#34;
  Used: /home/ec2-user/arduino-testlib/cli-datadir/user/libraries/Adafruit_SSD1306
  Not used: /home/ec2-user/arduino-testlib/cli-datadir/user/libraries/Adafruit_SSD1306_Wemos_Mini_OLED
Multiple libraries were found for &#34;DallasTemperature.h&#34;
  Used: /home/ec2-user/arduino-testlib/cli-datadir/user/libraries/DallasTemperature
  Not used: /home/ec2-user/arduino-testlib/cli-datadir/user/libraries/SDU_AGS_SensorBoard
  Not used: /home/ec2-user/arduino-testlib/cli-datadir/user/libraries/MAX31850_DallasTemp
Multiple libraries were found for &#34;PinChangeInterrupt.h&#34;
  Used: /home/ec2-user/arduino-testlib/cli-datadir/user/libraries/PinChangeInterrupt
  Not used: /home/ec2-user/arduino-testlib/cli-datadir/user/libraries/TheThingsNode
Multiple libraries were found for &#34;Adafruit_NeoPixel.h&#34;
  Used: /home/ec2-user/arduino-testlib/cli-datadir/user/libraries/Adafruit_NeoPixel
  Not used: /home/ec2-user/arduino-testlib/cli-datadir/user/libraries/Leaphy_Extra_Extension
  Not used: /home/ec2-user/arduino-testlib/cli-datadir/user/libraries/Pinduino
Multiple libraries were found for &#34;OneWire.h&#34;
  Used: /home/ec2-user/arduino-testlib/cli-datadir/user/libraries/OneWire
  Not used: /home/ec2-user/arduino-testlib/cli-datadir/user/libraries/MAX31850_OneWire
  Not used: /home/ec2-user/arduino-testlib/cli-datadir/user/libraries/SDU_AGS_SensorBoard
  Not used: /home/ec2-user/arduino-testlib/cli-datadir/user/libraries/OneWireNg
</pre>
					
					<h4>examples/MemoryRGB</h4>
					<p>
						Result: <b>FAIL</b>
					</p>
					<pre class="pre-scrollable">WARNING: library PinChangeInterrupt claims to run on avr architecture(s) and may be incompatible with your current board which runs on megaavr architecture(s).
In file included from /home/ec2-user/arduino-testlib/cli-datadir/user/libraries/NanoProtoShield/src/NanoProtoShield.h:14:0,
                 from /home/ec2-user/arduino-testlib/cli-datadir/user/libraries/NanoProtoShield/examples/MemoryRGB/MemoryRGB.ino:24:
/home/ec2-user/arduino-testlib/cli-datadir/user/libraries/PinChangeInterrupt/src/PinChangeInterrupt.h:37:2: error: #error This library can only be used with AVR
 #error This library can only be used with AVR
  ^~~~~
In file included from /home/ec2-user/arduino-testlib/cli-datadir/user/libraries/PinChangeInterrupt/src/PinChangeInterrupt.h:64:0,
                 from /home/ec2-user/arduino-testlib/cli-datadir/user/libraries/NanoProtoShield/src/NanoProtoShield.h:14,
                 from /home/ec2-user/arduino-testlib/cli-datadir/user/libraries/NanoProtoShield/examples/MemoryRGB/MemoryRGB.ino:24:
/home/ec2-user/arduino-testlib/cli-datadir/user/libraries/PinChangeInterrupt/src/PinChangeInterruptBoards.h:147:2: error: #error PinChangeInterrupt library does not support this MCU.
 #error PinChangeInterrupt library does not support this MCU.
  ^~~~~
In file included from /home/ec2-user/arduino-testlib/cli-datadir/user/libraries/NanoProtoShield/src/NanoProtoShield.h:14:0,
                 from /home/ec2-user/arduino-testlib/cli-datadir/user/libraries/NanoProtoShield/examples/MemoryRGB/MemoryRGB.ino:24:
/home/ec2-user/arduino-testlib/cli-datadir/user/libraries/PinChangeInterrupt/src/PinChangeInterrupt.h:68:2: error: #error Please enable at least one PCINT port and pin!
 #error Please enable at least one PCINT port and pin!
  ^~~~~
In file included from /home/ec2-user/arduino-testlib/cli-datadir/user/libraries/NanoProtoShield/src/NanoProtoShield.h:14:0,
                 from /home/ec2-user/arduino-testlib/cli-datadir/user/libraries/NanoProtoShield/examples/MemoryRGB/MemoryRGB.ino:24:
/home/ec2-user/arduino-testlib/cli-datadir/user/libraries/PinChangeInterrupt/src/PinChangeInterrupt.h:107:2: error: #error MCU has no such a register
 #error MCU has no such a register
  ^~~~~
Multiple libraries were found for &#34;Adafruit_NeoPixel.h&#34;
  Used: /home/ec2-user/arduino-testlib/cli-datadir/user/libraries/Adafruit_NeoPixel
  Not used: /home/ec2-user/arduino-testlib/cli-datadir/user/libraries/Pinduino
  Not used: /home/ec2-user/arduino-testlib/cli-datadir/user/libraries/Leaphy_Extra_Extension
Multiple libraries were found for &#34;DallasTemperature.h&#34;
  Used: /home/ec2-user/arduino-testlib/cli-datadir/user/libraries/DallasTemperature
  Not used: /home/ec2-user/arduino-testlib/cli-datadir/user/libraries/MAX31850_DallasTemp
  Not used: /home/ec2-user/arduino-testlib/cli-datadir/user/libraries/SDU_AGS_SensorBoard
Multiple libraries were found for &#34;Adafruit_SSD1306.h&#34;
  Used: /home/ec2-user/arduino-testlib/cli-datadir/user/libraries/Adafruit_SSD1306
  Not used: /home/ec2-user/arduino-testlib/cli-datadir/user/libraries/Adafruit_SSD1306_Wemos_Mini_OLED
Multiple libraries were found for &#34;OneWire.h&#34;
  Used: /home/ec2-user/arduino-testlib/cli-datadir/user/libraries/OneWire
  Not used: /home/ec2-user/arduino-testlib/cli-datadir/user/libraries/MAX31850_OneWire
  Not used: /home/ec2-user/arduino-testlib/cli-datadir/user/libraries/SDU_AGS_SensorBoard
  Not used: /home/ec2-user/arduino-testlib/cli-datadir/user/libraries/OneWireNg
Multiple libraries were found for &#34;PinChangeInterrupt.h&#34;
  Used: /home/ec2-user/arduino-testlib/cli-datadir/user/libraries/PinChangeInterrupt
  Not used: /home/ec2-user/arduino-testlib/cli-datadir/user/libraries/TheThingsNode
Multiple libraries were found for &#34;EEPROM.h&#34;
  Used: /home/ec2-user/arduino-testlib/cli-datadir/data/packages/arduino/hardware/megaavr/1.8.7/libraries/EEPROM
  Not used: /home/ec2-user/arduino-testlib/cli-datadir/user/libraries/arduino-NVM
  Not used: /home/ec2-user/arduino-testlib/cli-datadir/user/libraries/Hello_Drum
</pre>
					
					<h4>examples/RotaryLight</h4>
					<p>
						Result: <b>FAIL</b>
					</p>
					<pre class="pre-scrollable">WARNING: library PinChangeInterrupt claims to run on avr architecture(s) and may be incompatible with your current board which runs on megaavr architecture(s).
In file included from /home/ec2-user/arduino-testlib/cli-datadir/user/libraries/NanoProtoShield/src/NanoProtoShield.h:14:0,
                 from /home/ec2-user/arduino-testlib/cli-datadir/user/libraries/NanoProtoShield/examples/RotaryLight/RotaryLight.ino:19:
/home/ec2-user/arduino-testlib/cli-datadir/user/libraries/PinChangeInterrupt/src/PinChangeInterrupt.h:37:2: error: #error This library can only be used with AVR
 #error This library can only be used with AVR
  ^~~~~
In file included from /home/ec2-user/arduino-testlib/cli-datadir/user/libraries/PinChangeInterrupt/src/PinChangeInterrupt.h:64:0,
                 from /home/ec2-user/arduino-testlib/cli-datadir/user/libraries/NanoProtoShield/src/NanoProtoShield.h:14,
                 from /home/ec2-user/arduino-testlib/cli-datadir/user/libraries/NanoProtoShield/examples/RotaryLight/RotaryLight.ino:19:
/home/ec2-user/arduino-testlib/cli-datadir/user/libraries/PinChangeInterrupt/src/PinChangeInterruptBoards.h:147:2: error: #error PinChangeInterrupt library does not support this MCU.
 #error PinChangeInterrupt library does not support this MCU.
  ^~~~~
In file included from /home/ec2-user/arduino-testlib/cli-datadir/user/libraries/NanoProtoShield/src/NanoProtoShield.h:14:0,
                 from /home/ec2-user/arduino-testlib/cli-datadir/user/libraries/NanoProtoShield/examples/RotaryLight/RotaryLight.ino:19:
/home/ec2-user/arduino-testlib/cli-datadir/user/libraries/PinChangeInterrupt/src/PinChangeInterrupt.h:68:2: error: #error Please enable at least one PCINT port and pin!
 #error Please enable at least one PCINT port and pin!
  ^~~~~
In file included from /home/ec2-user/arduino-testlib/cli-datadir/user/libraries/NanoProtoShield/src/NanoProtoShield.h:14:0,
                 from /home/ec2-user/arduino-testlib/cli-datadir/user/libraries/NanoProtoShield/examples/RotaryLight/RotaryLight.ino:19:
/home/ec2-user/arduino-testlib/cli-datadir/user/libraries/PinChangeInterrupt/src/PinChangeInterrupt.h:107:2: error: #error MCU has no such a register
 #error MCU has no such a register
  ^~~~~
Multiple libraries were found for &#34;OneWire.h&#34;
  Used: /home/ec2-user/arduino-testlib/cli-datadir/user/libraries/OneWire
  Not used: /home/ec2-user/arduino-testlib/cli-datadir/user/libraries/SDU_AGS_SensorBoard
  Not used: /home/ec2-user/arduino-testlib/cli-datadir/user/libraries/MAX31850_OneWire
  Not used: /home/ec2-user/arduino-testlib/cli-datadir/user/libraries/OneWireNg
Multiple libraries were found for &#34;DallasTemperature.h&#34;
  Used: /home/ec2-user/arduino-testlib/cli-datadir/user/libraries/DallasTemperature
  Not used: /home/ec2-user/arduino-testlib/cli-datadir/user/libraries/MAX31850_DallasTemp
  Not used: /home/ec2-user/arduino-testlib/cli-datadir/user/libraries/SDU_AGS_SensorBoard
Multiple libraries were found for &#34;PinChangeInterrupt.h&#34;
  Used: /home/ec2-user/arduino-testlib/cli-datadir/user/libraries/PinChangeInterrupt
  Not used: /home/ec2-user/arduino-testlib/cli-datadir/user/libraries/TheThingsNode
Multiple libraries were found for &#34;Adafruit_SSD1306.h&#34;
  Used: /home/ec2-user/arduino-testlib/cli-datadir/user/libraries/Adafruit_SSD1306
  Not used: /home/ec2-user/arduino-testlib/cli-datadir/user/libraries/Adafruit_SSD1306_Wemos_Mini_OLED
Multiple libraries were found for &#34;Adafruit_NeoPixel.h&#34;
  Used: /home/ec2-user/arduino-testlib/cli-datadir/user/libraries/Adafruit_NeoPixel
  Not used: /home/ec2-user/arduino-testlib/cli-datadir/user/libraries/Pinduino
  Not used: /home/ec2-user/arduino-testlib/cli-datadir/user/libraries/Leaphy_Extra_Extension
</pre>
					
					<h4>examples/ShowButtonPress</h4>
					<p>
						Result: <b>FAIL</b>
					</p>
					<pre class="pre-scrollable">WARNING: library PinChangeInterrupt claims to run on avr architecture(s) and may be incompatible with your current board which runs on megaavr architecture(s).
In file included from /home/ec2-user/arduino-testlib/cli-datadir/user/libraries/NanoProtoShield/src/NanoProtoShield.h:14:0,
                 from /home/ec2-user/arduino-testlib/cli-datadir/user/libraries/NanoProtoShield/examples/ShowButtonPress/ShowButtonPress.ino:16:
/home/ec2-user/arduino-testlib/cli-datadir/user/libraries/PinChangeInterrupt/src/PinChangeInterrupt.h:37:2: error: #error This library can only be used with AVR
 #error This library can only be used with AVR
  ^~~~~
In file included from /home/ec2-user/arduino-testlib/cli-datadir/user/libraries/PinChangeInterrupt/src/PinChangeInterrupt.h:64:0,
                 from /home/ec2-user/arduino-testlib/cli-datadir/user/libraries/NanoProtoShield/src/NanoProtoShield.h:14,
                 from /home/ec2-user/arduino-testlib/cli-datadir/user/libraries/NanoProtoShield/examples/ShowButtonPress/ShowButtonPress.ino:16:
/home/ec2-user/arduino-testlib/cli-datadir/user/libraries/PinChangeInterrupt/src/PinChangeInterruptBoards.h:147:2: error: #error PinChangeInterrupt library does not support this MCU.
 #error PinChangeInterrupt library does not support this MCU.
  ^~~~~
In file included from /home/ec2-user/arduino-testlib/cli-datadir/user/libraries/NanoProtoShield/src/NanoProtoShield.h:14:0,
                 from /home/ec2-user/arduino-testlib/cli-datadir/user/libraries/NanoProtoShield/examples/ShowButtonPress/ShowButtonPress.ino:16:
/home/ec2-user/arduino-testlib/cli-datadir/user/libraries/PinChangeInterrupt/src/PinChangeInterrupt.h:68:2: error: #error Please enable at least one PCINT port and pin!
 #error Please enable at least one PCINT port and pin!
  ^~~~~
In file included from /home/ec2-user/arduino-testlib/cli-datadir/user/libraries/NanoProtoShield/src/NanoProtoShield.h:14:0,
                 from /home/ec2-user/arduino-testlib/cli-datadir/user/libraries/NanoProtoShield/examples/ShowButtonPress/ShowButtonPress.ino:16:
/home/ec2-user/arduino-testlib/cli-datadir/user/libraries/PinChangeInterrupt/src/PinChangeInterrupt.h:107:2: error: #error MCU has no such a register
 #error MCU has no such a register
  ^~~~~
Multiple libraries were found for &#34;DallasTemperature.h&#34;
  Used: /home/ec2-user/arduino-testlib/cli-datadir/user/libraries/DallasTemperature
  Not used: /home/ec2-user/arduino-testlib/cli-datadir/user/libraries/SDU_AGS_SensorBoard
  Not used: /home/ec2-user/arduino-testlib/cli-datadir/user/libraries/MAX31850_DallasTemp
Multiple libraries were found for &#34;PinChangeInterrupt.h&#34;
  Used: /home/ec2-user/arduino-testlib/cli-datadir/user/libraries/PinChangeInterrupt
  Not used: /home/ec2-user/arduino-testlib/cli-datadir/user/libraries/TheThingsNode
Multiple libraries were found for &#34;Adafruit_SSD1306.h&#34;
  Used: /home/ec2-user/arduino-testlib/cli-datadir/user/libraries/Adafruit_SSD1306
  Not used: /home/ec2-user/arduino-testlib/cli-datadir/user/libraries/Adafruit_SSD1306_Wemos_Mini_OLED
Multiple libraries were found for &#34;Adafruit_NeoPixel.h&#34;
  Used: /home/ec2-user/arduino-testlib/cli-datadir/user/libraries/Adafruit_NeoPixel
  Not used: /home/ec2-user/arduino-testlib/cli-datadir/user/libraries/Leaphy_Extra_Extension
  Not used: /home/ec2-user/arduino-testlib/cli-datadir/user/libraries/Pinduino
Multiple libraries were found for &#34;OneWire.h&#34;
  Used: /home/ec2-user/arduino-testlib/cli-datadir/user/libraries/OneWire
  Not used: /home/ec2-user/arduino-testlib/cli-datadir/user/libraries/MAX31850_OneWire
  Not used: /home/ec2-user/arduino-testlib/cli-datadir/user/libraries/OneWireNg
  Not used: /home/ec2-user/arduino-testlib/cli-datadir/user/libraries/SDU_AGS_SensorBoard
</pre>
					
					<h4>examples/ShowButtonPressInterrupt</h4>
					<p>
						Result: <b>FAIL</b>
					</p>
					<pre class="pre-scrollable">WARNING: library PinChangeInterrupt claims to run on avr architecture(s) and may be incompatible with your current board which runs on megaavr architecture(s).
In file included from /home/ec2-user/arduino-testlib/cli-datadir/user/libraries/NanoProtoShield/src/NanoProtoShield.h:14:0,
                 from /home/ec2-user/arduino-testlib/cli-datadir/user/libraries/NanoProtoShield/examples/ShowButtonPressInterrupt/ShowButtonPressInterrupt.ino:17:
/home/ec2-user/arduino-testlib/cli-datadir/user/libraries/PinChangeInterrupt/src/PinChangeInterrupt.h:37:2: error: #error This library can only be used with AVR
 #error This library can only be used with AVR
  ^~~~~
In file included from /home/ec2-user/arduino-testlib/cli-datadir/user/libraries/PinChangeInterrupt/src/PinChangeInterrupt.h:64:0,
                 from /home/ec2-user/arduino-testlib/cli-datadir/user/libraries/NanoProtoShield/src/NanoProtoShield.h:14,
                 from /home/ec2-user/arduino-testlib/cli-datadir/user/libraries/NanoProtoShield/examples/ShowButtonPressInterrupt/ShowButtonPressInterrupt.ino:17:
/home/ec2-user/arduino-testlib/cli-datadir/user/libraries/PinChangeInterrupt/src/PinChangeInterruptBoards.h:147:2: error: #error PinChangeInterrupt library does not support this MCU.
 #error PinChangeInterrupt library does not support this MCU.
  ^~~~~
In file included from /home/ec2-user/arduino-testlib/cli-datadir/user/libraries/NanoProtoShield/src/NanoProtoShield.h:14:0,
                 from /home/ec2-user/arduino-testlib/cli-datadir/user/libraries/NanoProtoShield/examples/ShowButtonPressInterrupt/ShowButtonPressInterrupt.ino:17:
/home/ec2-user/arduino-testlib/cli-datadir/user/libraries/PinChangeInterrupt/src/PinChangeInterrupt.h:68:2: error: #error Please enable at least one PCINT port and pin!
 #error Please enable at least one PCINT port and pin!
  ^~~~~
In file included from /home/ec2-user/arduino-testlib/cli-datadir/user/libraries/NanoProtoShield/src/NanoProtoShield.h:14:0,
                 from /home/ec2-user/arduino-testlib/cli-datadir/user/libraries/NanoProtoShield/examples/ShowButtonPressInterrupt/ShowButtonPressInterrupt.ino:17:
/home/ec2-user/arduino-testlib/cli-datadir/user/libraries/PinChangeInterrupt/src/PinChangeInterrupt.h:107:2: error: #error MCU has no such a register
 #error MCU has no such a register
  ^~~~~
Multiple libraries were found for &#34;OneWire.h&#34;
  Used: /home/ec2-user/arduino-testlib/cli-datadir/user/libraries/OneWire
  Not used: /home/ec2-user/arduino-testlib/cli-datadir/user/libraries/SDU_AGS_SensorBoard
  Not used: /home/ec2-user/arduino-testlib/cli-datadir/user/libraries/OneWireNg
  Not used: /home/ec2-user/arduino-testlib/cli-datadir/user/libraries/MAX31850_OneWire
Multiple libraries were found for &#34;PinChangeInterrupt.h&#34;
  Used: /home/ec2-user/arduino-testlib/cli-datadir/user/libraries/PinChangeInterrupt
  Not used: /home/ec2-user/arduino-testlib/cli-datadir/user/libraries/TheThingsNode
Multiple libraries were found for &#34;Adafruit_SSD1306.h&#34;
  Used: /home/ec2-user/arduino-testlib/cli-datadir/user/libraries/Adafruit_SSD1306
  Not used: /home/ec2-user/arduino-testlib/cli-datadir/user/libraries/Adafruit_SSD1306_Wemos_Mini_OLED
Multiple libraries were found for &#34;Adafruit_NeoPixel.h&#34;
  Used: /home/ec2-user/arduino-testlib/cli-datadir/user/libraries/Adafruit_NeoPixel
  Not used: /home/ec2-user/arduino-testlib/cli-datadir/user/libraries/Leaphy_Extra_Extension
  Not used: /home/ec2-user/arduino-testlib/cli-datadir/user/libraries/Pinduino
Multiple libraries were found for &#34;DallasTemperature.h&#34;
  Used: /home/ec2-user/arduino-testlib/cli-datadir/user/libraries/DallasTemperature
  Not used: /home/ec2-user/arduino-testlib/cli-datadir/user/libraries/SDU_AGS_SensorBoard
  Not used: /home/ec2-user/arduino-testlib/cli-datadir/user/libraries/MAX31850_DallasTemp
</pre>
					
					<h4>examples/SpeedGame</h4>
					<p>
						Result: <b>FAIL</b>
					</p>
					<pre class="pre-scrollable">WARNING: library PinChangeInterrupt claims to run on avr architecture(s) and may be incompatible with your current board which runs on megaavr architecture(s).
In file included from /home/ec2-user/arduino-testlib/cli-datadir/user/libraries/NanoProtoShield/src/NanoProtoShield.h:14:0,
                 from /home/ec2-user/arduino-testlib/cli-datadir/user/libraries/NanoProtoShield/examples/SpeedGame/SpeedGame.ino:20:
/home/ec2-user/arduino-testlib/cli-datadir/user/libraries/PinChangeInterrupt/src/PinChangeInterrupt.h:37:2: error: #error This library can only be used with AVR
 #error This library can only be used with AVR
  ^~~~~
In file included from /home/ec2-user/arduino-testlib/cli-datadir/user/libraries/PinChangeInterrupt/src/PinChangeInterrupt.h:64:0,
                 from /home/ec2-user/arduino-testlib/cli-datadir/user/libraries/NanoProtoShield/src/NanoProtoShield.h:14,
                 from /home/ec2-user/arduino-testlib/cli-datadir/user/libraries/NanoProtoShield/examples/SpeedGame/SpeedGame.ino:20:
/home/ec2-user/arduino-testlib/cli-datadir/user/libraries/PinChangeInterrupt/src/PinChangeInterruptBoards.h:147:2: error: #error PinChangeInterrupt library does not support this MCU.
 #error PinChangeInterrupt library does not support this MCU.
  ^~~~~
In file included from /home/ec2-user/arduino-testlib/cli-datadir/user/libraries/NanoProtoShield/src/NanoProtoShield.h:14:0,
                 from /home/ec2-user/arduino-testlib/cli-datadir/user/libraries/NanoProtoShield/examples/SpeedGame/SpeedGame.ino:20:
/home/ec2-user/arduino-testlib/cli-datadir/user/libraries/PinChangeInterrupt/src/PinChangeInterrupt.h:68:2: error: #error Please enable at least one PCINT port and pin!
 #error Please enable at least one PCINT port and pin!
  ^~~~~
In file included from /home/ec2-user/arduino-testlib/cli-datadir/user/libraries/NanoProtoShield/src/NanoProtoShield.h:14:0,
                 from /home/ec2-user/arduino-testlib/cli-datadir/user/libraries/NanoProtoShield/examples/SpeedGame/SpeedGame.ino:20:
/home/ec2-user/arduino-testlib/cli-datadir/user/libraries/PinChangeInterrupt/src/PinChangeInterrupt.h:107:2: error: #error MCU has no such a register
 #error MCU has no such a register
  ^~~~~
Multiple libraries were found for &#34;PinChangeInterrupt.h&#34;
  Used: /home/ec2-user/arduino-testlib/cli-datadir/user/libraries/PinChangeInterrupt
  Not used: /home/ec2-user/arduino-testlib/cli-datadir/user/libraries/TheThingsNode
Multiple libraries were found for &#34;Adafruit_SSD1306.h&#34;
  Used: /home/ec2-user/arduino-testlib/cli-datadir/user/libraries/Adafruit_SSD1306
  Not used: /home/ec2-user/arduino-testlib/cli-datadir/user/libraries/Adafruit_SSD1306_Wemos_Mini_OLED
Multiple libraries were found for &#34;Adafruit_NeoPixel.h&#34;
  Used: /home/ec2-user/arduino-testlib/cli-datadir/user/libraries/Adafruit_NeoPixel
  Not used: /home/ec2-user/arduino-testlib/cli-datadir/user/libraries/Leaphy_Extra_Extension
  Not used: /home/ec2-user/arduino-testlib/cli-datadir/user/libraries/Pinduino
Multiple libraries were found for &#34;DallasTemperature.h&#34;
  Used: /home/ec2-user/arduino-testlib/cli-datadir/user/libraries/DallasTemperature
  Not used: /home/ec2-user/arduino-testlib/cli-datadir/user/libraries/MAX31850_DallasTemp
  Not used: /home/ec2-user/arduino-testlib/cli-datadir/user/libraries/SDU_AGS_SensorBoard
Multiple libraries were found for &#34;OneWire.h&#34;
  Used: /home/ec2-user/arduino-testlib/cli-datadir/user/libraries/OneWire
  Not used: /home/ec2-user/arduino-testlib/cli-datadir/user/libraries/OneWireNg
  Not used: /home/ec2-user/arduino-testlib/cli-datadir/user/libraries/MAX31850_OneWire
  Not used: /home/ec2-user/arduino-testlib/cli-datadir/user/libraries/SDU_AGS_SensorBoard
</pre>
					
					<h4>examples/TemperatureToRGB</h4>
					<p>
						Result: <b>FAIL</b>
					</p>
					<pre class="pre-scrollable">WARNING: library PinChangeInterrupt claims to run on avr architecture(s) and may be incompatible with your current board which runs on megaavr architecture(s).
In file included from /home/ec2-user/arduino-testlib/cli-datadir/user/libraries/NanoProtoShield/src/NanoProtoShield.h:14:0,
                 from /home/ec2-user/arduino-testlib/cli-datadir/user/libraries/NanoProtoShield/examples/TemperatureToRGB/TemperatureToRGB.ino:19:
/home/ec2-user/arduino-testlib/cli-datadir/user/libraries/PinChangeInterrupt/src/PinChangeInterrupt.h:37:2: error: #error This library can only be used with AVR
 #error This library can only be used with AVR
  ^~~~~
In file included from /home/ec2-user/arduino-testlib/cli-datadir/user/libraries/PinChangeInterrupt/src/PinChangeInterrupt.h:64:0,
                 from /home/ec2-user/arduino-testlib/cli-datadir/user/libraries/NanoProtoShield/src/NanoProtoShield.h:14,
                 from /home/ec2-user/arduino-testlib/cli-datadir/user/libraries/NanoProtoShield/examples/TemperatureToRGB/TemperatureToRGB.ino:19:
/home/ec2-user/arduino-testlib/cli-datadir/user/libraries/PinChangeInterrupt/src/PinChangeInterruptBoards.h:147:2: error: #error PinChangeInterrupt library does not support this MCU.
 #error PinChangeInterrupt library does not support this MCU.
  ^~~~~
In file included from /home/ec2-user/arduino-testlib/cli-datadir/user/libraries/NanoProtoShield/src/NanoProtoShield.h:14:0,
                 from /home/ec2-user/arduino-testlib/cli-datadir/user/libraries/NanoProtoShield/examples/TemperatureToRGB/TemperatureToRGB.ino:19:
/home/ec2-user/arduino-testlib/cli-datadir/user/libraries/PinChangeInterrupt/src/PinChangeInterrupt.h:68:2: error: #error Please enable at least one PCINT port and pin!
 #error Please enable at least one PCINT port and pin!
  ^~~~~
In file included from /home/ec2-user/arduino-testlib/cli-datadir/user/libraries/NanoProtoShield/src/NanoProtoShield.h:14:0,
                 from /home/ec2-user/arduino-testlib/cli-datadir/user/libraries/NanoProtoShield/examples/TemperatureToRGB/TemperatureToRGB.ino:19:
/home/ec2-user/arduino-testlib/cli-datadir/user/libraries/PinChangeInterrupt/src/PinChangeInterrupt.h:107:2: error: #error MCU has no such a register
 #error MCU has no such a register
  ^~~~~
Multiple libraries were found for &#34;OneWire.h&#34;
  Used: /home/ec2-user/arduino-testlib/cli-datadir/user/libraries/OneWire
  Not used: /home/ec2-user/arduino-testlib/cli-datadir/user/libraries/OneWireNg
  Not used: /home/ec2-user/arduino-testlib/cli-datadir/user/libraries/SDU_AGS_SensorBoard
  Not used: /home/ec2-user/arduino-testlib/cli-datadir/user/libraries/MAX31850_OneWire
Multiple libraries were found for &#34;Adafruit_NeoPixel.h&#34;
  Used: /home/ec2-user/arduino-testlib/cli-datadir/user/libraries/Adafruit_NeoPixel
  Not used: /home/ec2-user/arduino-testlib/cli-datadir/user/libraries/Leaphy_Extra_Extension
  Not used: /home/ec2-user/arduino-testlib/cli-datadir/user/libraries/Pinduino
Multiple libraries were found for &#34;Adafruit_SSD1306.h&#34;
  Used: /home/ec2-user/arduino-testlib/cli-datadir/user/libraries/Adafruit_SSD1306
  Not used: /home/ec2-user/arduino-testlib/cli-datadir/user/libraries/Adafruit_SSD1306_Wemos_Mini_OLED
Multiple libraries were found for &#34;DallasTemperature.h&#34;
  Used: /home/ec2-user/arduino-testlib/cli-datadir/user/libraries/DallasTemperature
  Not used: /home/ec2-user/arduino-testlib/cli-datadir/user/libraries/SDU_AGS_SensorBoard
  Not used: /home/ec2-user/arduino-testlib/cli-datadir/user/libraries/MAX31850_DallasTemp
Multiple libraries were found for &#34;PinChangeInterrupt.h&#34;
  Used: /home/ec2-user/arduino-testlib/cli-datadir/user/libraries/PinChangeInterrupt
  Not used: /home/ec2-user/arduino-testlib/cli-datadir/user/libraries/TheThingsNode
</pre>
					
					<h4>examples/VerifyBoard</h4>
					<p>
						Result: <b>FAIL</b>
					</p>
					<pre class="pre-scrollable">WARNING: library PinChangeInterrupt claims to run on avr architecture(s) and may be incompatible with your current board which runs on megaavr architecture(s).
In file included from /home/ec2-user/arduino-testlib/cli-datadir/user/libraries/NanoProtoShield/src/NanoProtoShield.h:14:0,
                 from /home/ec2-user/arduino-testlib/cli-datadir/user/libraries/NanoProtoShield/examples/VerifyBoard/VerifyBoard.ino:18:
/home/ec2-user/arduino-testlib/cli-datadir/user/libraries/PinChangeInterrupt/src/PinChangeInterrupt.h:37:2: error: #error This library can only be used with AVR
 #error This library can only be used with AVR
  ^~~~~
In file included from /home/ec2-user/arduino-testlib/cli-datadir/user/libraries/PinChangeInterrupt/src/PinChangeInterrupt.h:64:0,
                 from /home/ec2-user/arduino-testlib/cli-datadir/user/libraries/NanoProtoShield/src/NanoProtoShield.h:14,
                 from /home/ec2-user/arduino-testlib/cli-datadir/user/libraries/NanoProtoShield/examples/VerifyBoard/VerifyBoard.ino:18:
/home/ec2-user/arduino-testlib/cli-datadir/user/libraries/PinChangeInterrupt/src/PinChangeInterruptBoards.h:147:2: error: #error PinChangeInterrupt library does not support this MCU.
 #error PinChangeInterrupt library does not support this MCU.
  ^~~~~
In file included from /home/ec2-user/arduino-testlib/cli-datadir/user/libraries/NanoProtoShield/src/NanoProtoShield.h:14:0,
                 from /home/ec2-user/arduino-testlib/cli-datadir/user/libraries/NanoProtoShield/examples/VerifyBoard/VerifyBoard.ino:18:
/home/ec2-user/arduino-testlib/cli-datadir/user/libraries/PinChangeInterrupt/src/PinChangeInterrupt.h:68:2: error: #error Please enable at least one PCINT port and pin!
 #error Please enable at least one PCINT port and pin!
  ^~~~~
In file included from /home/ec2-user/arduino-testlib/cli-datadir/user/libraries/NanoProtoShield/src/NanoProtoShield.h:14:0,
                 from /home/ec2-user/arduino-testlib/cli-datadir/user/libraries/NanoProtoShield/examples/VerifyBoard/VerifyBoard.ino:18:
/home/ec2-user/arduino-testlib/cli-datadir/user/libraries/PinChangeInterrupt/src/PinChangeInterrupt.h:107:2: error: #error MCU has no such a register
 #error MCU has no such a register
  ^~~~~
Multiple libraries were found for &#34;Adafruit_NeoPixel.h&#34;
  Used: /home/ec2-user/arduino-testlib/cli-datadir/user/libraries/Adafruit_NeoPixel
  Not used: /home/ec2-user/arduino-testlib/cli-datadir/user/libraries/Leaphy_Extra_Extension
  Not used: /home/ec2-user/arduino-testlib/cli-datadir/user/libraries/Pinduino
Multiple libraries were found for &#34;DallasTemperature.h&#34;
  Used: /home/ec2-user/arduino-testlib/cli-datadir/user/libraries/DallasTemperature
  Not used: /home/ec2-user/arduino-testlib/cli-datadir/user/libraries/MAX31850_DallasTemp
  Not used: /home/ec2-user/arduino-testlib/cli-datadir/user/libraries/SDU_AGS_SensorBoard
Multiple libraries were found for &#34;PinChangeInterrupt.h&#34;
  Used: /home/ec2-user/arduino-testlib/cli-datadir/user/libraries/PinChangeInterrupt
  Not used: /home/ec2-user/arduino-testlib/cli-datadir/user/libraries/TheThingsNode
Multiple libraries were found for &#34;Adafruit_SSD1306.h&#34;
  Used: /home/ec2-user/arduino-testlib/cli-datadir/user/libraries/Adafruit_SSD1306
  Not used: /home/ec2-user/arduino-testlib/cli-datadir/user/libraries/Adafruit_SSD1306_Wemos_Mini_OLED
Multiple libraries were found for &#34;OneWire.h&#34;
  Used: /home/ec2-user/arduino-testlib/cli-datadir/user/libraries/OneWire
  Not used: /home/ec2-user/arduino-testlib/cli-datadir/user/libraries/OneWireNg
  Not used: /home/ec2-user/arduino-testlib/cli-datadir/user/libraries/MAX31850_OneWire
  Not used: /home/ec2-user/arduino-testlib/cli-datadir/user/libraries/SDU_AGS_SensorBoard
</pre>
					
				
				<h3 id="arduino:samd:mkrwifi1010">arduino:samd:mkrwifi1010 @ 1.8.12</h3>
				<h4>Inclusion</h4>
				<p>
					Result: <b>FAIL</b>
					
				</p>
				<pre class="pre-scrollable">In file included from /Users/alranel/Documents/git/arduino/arduino-testlib/cli-datadir/user/libraries/NanoProtoShield/src/NanoProtoShield.h:14:0,
                 from /private/tmp/arduino-testlib2013840259/test/test.ino:1:
/Users/alranel/Documents/git/arduino/arduino-testlib/cli-datadir/user/libraries/PinChangeInterrupt/src/PinChangeInterrupt.h:30:10: fatal error: avr/io.h: No such file or directory
 #include &lt;avr/io.h&gt;
          ^~~~~~~~~~
compilation terminated.
Multiple libraries were found for &#34;Adafruit_SSD1306.h&#34;
  Used: /Users/alranel/Documents/git/arduino/arduino-testlib/cli-datadir/user/libraries/Adafruit_SSD1306
  Not used: /Users/alranel/Documents/git/arduino/arduino-testlib/cli-datadir/user/libraries/Adafruit_SSD1306_Wemos_Mini_OLED
Multiple libraries were found for &#34;Adafruit_NeoPixel.h&#34;
  Used: /Users/alranel/Documents/git/arduino/arduino-testlib/cli-datadir/user/libraries/Adafruit_NeoPixel
  Not used: /Users/alranel/Documents/git/arduino/arduino-testlib/cli-datadir/user/libraries/Pinduino
  Not used: /Users/alranel/Documents/git/arduino/arduino-testlib/cli-datadir/user/libraries/Leaphy_Extra_Extension
Multiple libraries were found for &#34;DallasTemperature.h&#34;
  Used: /Users/alranel/Documents/git/arduino/arduino-testlib/cli-datadir/user/libraries/DallasTemperature
  Not used: /Users/alranel/Documents/git/arduino/arduino-testlib/cli-datadir/user/libraries/MAX31850_DallasTemp
  Not used: /Users/alranel/Documents/git/arduino/arduino-testlib/cli-datadir/user/libraries/SDU_AGS_SensorBoard
Multiple libraries were found for &#34;PinChangeInterrupt.h&#34;
  Used: /Users/alranel/Documents/git/arduino/arduino-testlib/cli-datadir/user/libraries/PinChangeInterrupt
  Not used: /Users/alranel/Documents/git/arduino/arduino-testlib/cli-datadir/user/libraries/TheThingsNode
Multiple libraries were found for &#34;OneWire.h&#34;
  Used: /Users/alranel/Documents/git/arduino/arduino-testlib/cli-datadir/user/libraries/OneWire
  Not used: /Users/alranel/Documents/git/arduino/arduino-testlib/cli-datadir/user/libraries/OneWireNg
  Not used: /Users/alranel/Documents/git/arduino/arduino-testlib/cli-datadir/user/libraries/MAX31850_OneWire
  Not used: /Users/alranel/Documents/git/arduino/arduino-testlib/cli-datadir/user/libraries/SDU_AGS_SensorBoard
</pre>

					
					<h4>examples/AnalogToRGB</h4>
					<p>
						Result: <b>FAIL</b>
					</p>
					<pre class="pre-scrollable">In file included from /Users/alranel/Documents/git/arduino/arduino-testlib/cli-datadir/user/libraries/NanoProtoShield/src/NanoProtoShield.h:14:0,
                 from /Users/alranel/Documents/git/arduino/arduino-testlib/cli-datadir/user/libraries/NanoProtoShield/examples/AnalogToRGB/AnalogToRGB.ino:18:
/Users/alranel/Documents/git/arduino/arduino-testlib/cli-datadir/user/libraries/PinChangeInterrupt/src/PinChangeInterrupt.h:30:10: fatal error: avr/io.h: No such file or directory
 #include &lt;avr/io.h&gt;
          ^~~~~~~~~~
compilation terminated.
Multiple libraries were found for &#34;Adafruit_SSD1306.h&#34;
  Used: /Users/alranel/Documents/git/arduino/arduino-testlib/cli-datadir/user/libraries/Adafruit_SSD1306
  Not used: /Users/alranel/Documents/git/arduino/arduino-testlib/cli-datadir/user/libraries/Adafruit_SSD1306_Wemos_Mini_OLED
Multiple libraries were found for &#34;OneWire.h&#34;
  Used: /Users/alranel/Documents/git/arduino/arduino-testlib/cli-datadir/user/libraries/OneWire
  Not used: /Users/alranel/Documents/git/arduino/arduino-testlib/cli-datadir/user/libraries/MAX31850_OneWire
  Not used: /Users/alranel/Documents/git/arduino/arduino-testlib/cli-datadir/user/libraries/SDU_AGS_SensorBoard
  Not used: /Users/alranel/Documents/git/arduino/arduino-testlib/cli-datadir/user/libraries/OneWireNg
Multiple libraries were found for &#34;DallasTemperature.h&#34;
  Used: /Users/alranel/Documents/git/arduino/arduino-testlib/cli-datadir/user/libraries/DallasTemperature
  Not used: /Users/alranel/Documents/git/arduino/arduino-testlib/cli-datadir/user/libraries/MAX31850_DallasTemp
  Not used: /Users/alranel/Documents/git/arduino/arduino-testlib/cli-datadir/user/libraries/SDU_AGS_SensorBoard
Multiple libraries were found for &#34;PinChangeInterrupt.h&#34;
  Used: /Users/alranel/Documents/git/arduino/arduino-testlib/cli-datadir/user/libraries/PinChangeInterrupt
  Not used: /Users/alranel/Documents/git/arduino/arduino-testlib/cli-datadir/user/libraries/TheThingsNode
Multiple libraries were found for &#34;Adafruit_NeoPixel.h&#34;
  Used: /Users/alranel/Documents/git/arduino/arduino-testlib/cli-datadir/user/libraries/Adafruit_NeoPixel
  Not used: /Users/alranel/Documents/git/arduino/arduino-testlib/cli-datadir/user/libraries/Leaphy_Extra_Extension
  Not used: /Users/alranel/Documents/git/arduino/arduino-testlib/cli-datadir/user/libraries/Pinduino
</pre>
					
					<h4>examples/AnimateBitmap</h4>
					<p>
						Result: <b>FAIL</b>
					</p>
					<pre class="pre-scrollable">In file included from /Users/alranel/Documents/git/arduino/arduino-testlib/cli-datadir/user/libraries/NanoProtoShield/src/NanoProtoShield.h:14:0,
                 from /Users/alranel/Documents/git/arduino/arduino-testlib/cli-datadir/user/libraries/NanoProtoShield/examples/AnimateBitmap/AnimateBitmap.ino:16:
/Users/alranel/Documents/git/arduino/arduino-testlib/cli-datadir/user/libraries/PinChangeInterrupt/src/PinChangeInterrupt.h:30:10: fatal error: avr/io.h: No such file or directory
 #include &lt;avr/io.h&gt;
          ^~~~~~~~~~
compilation terminated.
Multiple libraries were found for &#34;Adafruit_SSD1306.h&#34;
  Used: /Users/alranel/Documents/git/arduino/arduino-testlib/cli-datadir/user/libraries/Adafruit_SSD1306
  Not used: /Users/alranel/Documents/git/arduino/arduino-testlib/cli-datadir/user/libraries/Adafruit_SSD1306_Wemos_Mini_OLED
Multiple libraries were found for &#34;Adafruit_NeoPixel.h&#34;
  Used: /Users/alranel/Documents/git/arduino/arduino-testlib/cli-datadir/user/libraries/Adafruit_NeoPixel
  Not used: /Users/alranel/Documents/git/arduino/arduino-testlib/cli-datadir/user/libraries/Pinduino
  Not used: /Users/alranel/Documents/git/arduino/arduino-testlib/cli-datadir/user/libraries/Leaphy_Extra_Extension
Multiple libraries were found for &#34;OneWire.h&#34;
  Used: /Users/alranel/Documents/git/arduino/arduino-testlib/cli-datadir/user/libraries/OneWire
  Not used: /Users/alranel/Documents/git/arduino/arduino-testlib/cli-datadir/user/libraries/SDU_AGS_SensorBoard
  Not used: /Users/alranel/Documents/git/arduino/arduino-testlib/cli-datadir/user/libraries/MAX31850_OneWire
  Not used: /Users/alranel/Documents/git/arduino/arduino-testlib/cli-datadir/user/libraries/OneWireNg
Multiple libraries were found for &#34;PinChangeInterrupt.h&#34;
  Used: /Users/alranel/Documents/git/arduino/arduino-testlib/cli-datadir/user/libraries/PinChangeInterrupt
  Not used: /Users/alranel/Documents/git/arduino/arduino-testlib/cli-datadir/user/libraries/TheThingsNode
Multiple libraries were found for &#34;DallasTemperature.h&#34;
  Used: /Users/alranel/Documents/git/arduino/arduino-testlib/cli-datadir/user/libraries/DallasTemperature
  Not used: /Users/alranel/Documents/git/arduino/arduino-testlib/cli-datadir/user/libraries/MAX31850_DallasTemp
  Not used: /Users/alranel/Documents/git/arduino/arduino-testlib/cli-datadir/user/libraries/SDU_AGS_SensorBoard
</pre>
					
					<h4>examples/CountTwists</h4>
					<p>
						Result: <b>FAIL</b>
					</p>
					<pre class="pre-scrollable">In file included from /Users/alranel/Documents/git/arduino/arduino-testlib/cli-datadir/user/libraries/NanoProtoShield/src/NanoProtoShield.h:14:0,
                 from /Users/alranel/Documents/git/arduino/arduino-testlib/cli-datadir/user/libraries/NanoProtoShield/examples/CountTwists/CountTwists.ino:21:
/Users/alranel/Documents/git/arduino/arduino-testlib/cli-datadir/user/libraries/PinChangeInterrupt/src/PinChangeInterrupt.h:30:10: fatal error: avr/io.h: No such file or directory
 #include &lt;avr/io.h&gt;
          ^~~~~~~~~~
compilation terminated.
Multiple libraries were found for &#34;Adafruit_SSD1306.h&#34;
  Used: /Users/alranel/Documents/git/arduino/arduino-testlib/cli-datadir/user/libraries/Adafruit_SSD1306
  Not used: /Users/alranel/Documents/git/arduino/arduino-testlib/cli-datadir/user/libraries/Adafruit_SSD1306_Wemos_Mini_OLED
Multiple libraries were found for &#34;DallasTemperature.h&#34;
  Used: /Users/alranel/Documents/git/arduino/arduino-testlib/cli-datadir/user/libraries/DallasTemperature
  Not used: /Users/alranel/Documents/git/arduino/arduino-testlib/cli-datadir/user/libraries/MAX31850_DallasTemp
  Not used: /Users/alranel/Documents/git/arduino/arduino-testlib/cli-datadir/user/libraries/SDU_AGS_SensorBoard
Multiple libraries were found for &#34;PinChangeInterrupt.h&#34;
  Used: /Users/alranel/Documents/git/arduino/arduino-testlib/cli-datadir/user/libraries/PinChangeInterrupt
  Not used: /Users/alranel/Documents/git/arduino/arduino-testlib/cli-datadir/user/libraries/TheThingsNode
Multiple libraries were found for &#34;Adafruit_NeoPixel.h&#34;
  Used: /Users/alranel/Documents/git/arduino/arduino-testlib/cli-datadir/user/libraries/Adafruit_NeoPixel
  Not used: /Users/alranel/Documents/git/arduino/arduino-testlib/cli-datadir/user/libraries/Leaphy_Extra_Extension
  Not used: /Users/alranel/Documents/git/arduino/arduino-testlib/cli-datadir/user/libraries/Pinduino
Multiple libraries were found for &#34;OneWire.h&#34;
  Used: /Users/alranel/Documents/git/arduino/arduino-testlib/cli-datadir/user/libraries/OneWire
  Not used: /Users/alranel/Documents/git/arduino/arduino-testlib/cli-datadir/user/libraries/OneWireNg
  Not used: /Users/alranel/Documents/git/arduino/arduino-testlib/cli-datadir/user/libraries/SDU_AGS_SensorBoard
  Not used: /Users/alranel/Documents/git/arduino/arduino-testlib/cli-datadir/user/libraries/MAX31850_OneWire
</pre>
					
					<h4>examples/CountTwistsMomentumOLED</h4>
					<p>
						Result: <b>FAIL</b>
					</p>
					<pre class="pre-scrollable">In file included from /Users/alranel/Documents/git/arduino/arduino-testlib/cli-datadir/user/libraries/NanoProtoShield/src/NanoProtoShield.h:14:0,
                 from /Users/alranel/Documents/git/arduino/arduino-testlib/cli-datadir/user/libraries/NanoProtoShield/examples/CountTwistsMomentumOLED/CountTwistsMomentumOLED.ino:19:
/Users/alranel/Documents/git/arduino/arduino-testlib/cli-datadir/user/libraries/PinChangeInterrupt/src/PinChangeInterrupt.h:30:10: fatal error: avr/io.h: No such file or directory
 #include &lt;avr/io.h&gt;
          ^~~~~~~~~~
compilation terminated.
Multiple libraries were found for &#34;PinChangeInterrupt.h&#34;
  Used: /Users/alranel/Documents/git/arduino/arduino-testlib/cli-datadir/user/libraries/PinChangeInterrupt
  Not used: /Users/alranel/Documents/git/arduino/arduino-testlib/cli-datadir/user/libraries/TheThingsNode
Multiple libraries were found for &#34;DallasTemperature.h&#34;
  Used: /Users/alranel/Documents/git/arduino/arduino-testlib/cli-datadir/user/libraries/DallasTemperature
  Not used: /Users/alranel/Documents/git/arduino/arduino-testlib/cli-datadir/user/libraries/MAX31850_DallasTemp
  Not used: /Users/alranel/Documents/git/arduino/arduino-testlib/cli-datadir/user/libraries/SDU_AGS_SensorBoard
Multiple libraries were found for &#34;Adafruit_SSD1306.h&#34;
  Used: /Users/alranel/Documents/git/arduino/arduino-testlib/cli-datadir/user/libraries/Adafruit_SSD1306
  Not used: /Users/alranel/Documents/git/arduino/arduino-testlib/cli-datadir/user/libraries/Adafruit_SSD1306_Wemos_Mini_OLED
Multiple libraries were found for &#34;Adafruit_NeoPixel.h&#34;
  Used: /Users/alranel/Documents/git/arduino/arduino-testlib/cli-datadir/user/libraries/Adafruit_NeoPixel
  Not used: /Users/alranel/Documents/git/arduino/arduino-testlib/cli-datadir/user/libraries/Leaphy_Extra_Extension
  Not used: /Users/alranel/Documents/git/arduino/arduino-testlib/cli-datadir/user/libraries/Pinduino
Multiple libraries were found for &#34;OneWire.h&#34;
  Used: /Users/alranel/Documents/git/arduino/arduino-testlib/cli-datadir/user/libraries/OneWire
  Not used: /Users/alranel/Documents/git/arduino/arduino-testlib/cli-datadir/user/libraries/OneWireNg
  Not used: /Users/alranel/Documents/git/arduino/arduino-testlib/cli-datadir/user/libraries/MAX31850_OneWire
  Not used: /Users/alranel/Documents/git/arduino/arduino-testlib/cli-datadir/user/libraries/SDU_AGS_SensorBoard
</pre>
					
					<h4>examples/CountTwistsWith1602LCD</h4>
					<p>
						Result: <b>FAIL</b>
					</p>
					<pre class="pre-scrollable">In file included from /Users/alranel/Documents/git/arduino/arduino-testlib/cli-datadir/user/libraries/NanoProtoShield/src/NanoProtoShield.h:14:0,
                 from /Users/alranel/Documents/git/arduino/arduino-testlib/cli-datadir/user/libraries/NanoProtoShield/examples/CountTwistsWith1602LCD/CountTwistsWith1602LCD.ino:29:
/Users/alranel/Documents/git/arduino/arduino-testlib/cli-datadir/user/libraries/PinChangeInterrupt/src/PinChangeInterrupt.h:30:10: fatal error: avr/io.h: No such file or directory
 #include &lt;avr/io.h&gt;
          ^~~~~~~~~~
compilation terminated.
Multiple libraries were found for &#34;Adafruit_SSD1306.h&#34;
  Used: /Users/alranel/Documents/git/arduino/arduino-testlib/cli-datadir/user/libraries/Adafruit_SSD1306
  Not used: /Users/alranel/Documents/git/arduino/arduino-testlib/cli-datadir/user/libraries/Adafruit_SSD1306_Wemos_Mini_OLED
Multiple libraries were found for &#34;Adafruit_NeoPixel.h&#34;
  Used: /Users/alranel/Documents/git/arduino/arduino-testlib/cli-datadir/user/libraries/Adafruit_NeoPixel
  Not used: /Users/alranel/Documents/git/arduino/arduino-testlib/cli-datadir/user/libraries/Pinduino
  Not used: /Users/alranel/Documents/git/arduino/arduino-testlib/cli-datadir/user/libraries/Leaphy_Extra_Extension
Multiple libraries were found for &#34;OneWire.h&#34;
  Used: /Users/alranel/Documents/git/arduino/arduino-testlib/cli-datadir/user/libraries/OneWire
  Not used: /Users/alranel/Documents/git/arduino/arduino-testlib/cli-datadir/user/libraries/OneWireNg
  Not used: /Users/alranel/Documents/git/arduino/arduino-testlib/cli-datadir/user/libraries/MAX31850_OneWire
  Not used: /Users/alranel/Documents/git/arduino/arduino-testlib/cli-datadir/user/libraries/SDU_AGS_SensorBoard
Multiple libraries were found for &#34;DallasTemperature.h&#34;
  Used: /Users/alranel/Documents/git/arduino/arduino-testlib/cli-datadir/user/libraries/DallasTemperature
  Not used: /Users/alranel/Documents/git/arduino/arduino-testlib/cli-datadir/user/libraries/MAX31850_DallasTemp
  Not used: /Users/alranel/Documents/git/arduino/arduino-testlib/cli-datadir/user/libraries/SDU_AGS_SensorBoard
Multiple libraries were found for &#34;PinChangeInterrupt.h&#34;
  Used: /Users/alranel/Documents/git/arduino/arduino-testlib/cli-datadir/user/libraries/PinChangeInterrupt
  Not used: /Users/alranel/Documents/git/arduino/arduino-testlib/cli-datadir/user/libraries/TheThingsNode
</pre>
					
					<h4>examples/DrawBitmap</h4>
					<p>
						Result: <b>FAIL</b>
					</p>
					<pre class="pre-scrollable">In file included from /Users/alranel/Documents/git/arduino/arduino-testlib/cli-datadir/user/libraries/NanoProtoShield/src/NanoProtoShield.h:14:0,
                 from /Users/alranel/Documents/git/arduino/arduino-testlib/cli-datadir/user/libraries/NanoProtoShield/examples/DrawBitmap/DrawBitmap.ino:16:
/Users/alranel/Documents/git/arduino/arduino-testlib/cli-datadir/user/libraries/PinChangeInterrupt/src/PinChangeInterrupt.h:30:10: fatal error: avr/io.h: No such file or directory
 #include &lt;avr/io.h&gt;
          ^~~~~~~~~~
compilation terminated.
Multiple libraries were found for &#34;Adafruit_SSD1306.h&#34;
  Used: /Users/alranel/Documents/git/arduino/arduino-testlib/cli-datadir/user/libraries/Adafruit_SSD1306
  Not used: /Users/alranel/Documents/git/arduino/arduino-testlib/cli-datadir/user/libraries/Adafruit_SSD1306_Wemos_Mini_OLED
Multiple libraries were found for &#34;Adafruit_NeoPixel.h&#34;
  Used: /Users/alranel/Documents/git/arduino/arduino-testlib/cli-datadir/user/libraries/Adafruit_NeoPixel
  Not used: /Users/alranel/Documents/git/arduino/arduino-testlib/cli-datadir/user/libraries/Pinduino
  Not used: /Users/alranel/Documents/git/arduino/arduino-testlib/cli-datadir/user/libraries/Leaphy_Extra_Extension
Multiple libraries were found for &#34;PinChangeInterrupt.h&#34;
  Used: /Users/alranel/Documents/git/arduino/arduino-testlib/cli-datadir/user/libraries/PinChangeInterrupt
  Not used: /Users/alranel/Documents/git/arduino/arduino-testlib/cli-datadir/user/libraries/TheThingsNode
Multiple libraries were found for &#34;OneWire.h&#34;
  Used: /Users/alranel/Documents/git/arduino/arduino-testlib/cli-datadir/user/libraries/OneWire
  Not used: /Users/alranel/Documents/git/arduino/arduino-testlib/cli-datadir/user/libraries/OneWireNg
  Not used: /Users/alranel/Documents/git/arduino/arduino-testlib/cli-datadir/user/libraries/SDU_AGS_SensorBoard
  Not used: /Users/alranel/Documents/git/arduino/arduino-testlib/cli-datadir/user/libraries/MAX31850_OneWire
Multiple libraries were found for &#34;DallasTemperature.h&#34;
  Used: /Users/alranel/Documents/git/arduino/arduino-testlib/cli-datadir/user/libraries/DallasTemperature
  Not used: /Users/alranel/Documents/git/arduino/arduino-testlib/cli-datadir/user/libraries/SDU_AGS_SensorBoard
  Not used: /Users/alranel/Documents/git/arduino/arduino-testlib/cli-datadir/user/libraries/MAX31850_DallasTemp
</pre>
					
					<h4>examples/DrawCircle</h4>
					<p>
						Result: <b>FAIL</b>
					</p>
					<pre class="pre-scrollable">In file included from /Users/alranel/Documents/git/arduino/arduino-testlib/cli-datadir/user/libraries/NanoProtoShield/src/NanoProtoShield.h:14:0,
                 from /Users/alranel/Documents/git/arduino/arduino-testlib/cli-datadir/user/libraries/NanoProtoShield/examples/DrawCircle/DrawCircle.ino:28:
/Users/alranel/Documents/git/arduino/arduino-testlib/cli-datadir/user/libraries/PinChangeInterrupt/src/PinChangeInterrupt.h:30:10: fatal error: avr/io.h: No such file or directory
 #include &lt;avr/io.h&gt;
          ^~~~~~~~~~
compilation terminated.
Multiple libraries were found for &#34;OneWire.h&#34;
  Used: /Users/alranel/Documents/git/arduino/arduino-testlib/cli-datadir/user/libraries/OneWire
  Not used: /Users/alranel/Documents/git/arduino/arduino-testlib/cli-datadir/user/libraries/SDU_AGS_SensorBoard
  Not used: /Users/alranel/Documents/git/arduino/arduino-testlib/cli-datadir/user/libraries/OneWireNg
  Not used: /Users/alranel/Documents/git/arduino/arduino-testlib/cli-datadir/user/libraries/MAX31850_OneWire
Multiple libraries were found for &#34;DallasTemperature.h&#34;
  Used: /Users/alranel/Documents/git/arduino/arduino-testlib/cli-datadir/user/libraries/DallasTemperature
  Not used: /Users/alranel/Documents/git/arduino/arduino-testlib/cli-datadir/user/libraries/SDU_AGS_SensorBoard
  Not used: /Users/alranel/Documents/git/arduino/arduino-testlib/cli-datadir/user/libraries/MAX31850_DallasTemp
Multiple libraries were found for &#34;Adafruit_NeoPixel.h&#34;
  Used: /Users/alranel/Documents/git/arduino/arduino-testlib/cli-datadir/user/libraries/Adafruit_NeoPixel
  Not used: /Users/alranel/Documents/git/arduino/arduino-testlib/cli-datadir/user/libraries/Leaphy_Extra_Extension
  Not used: /Users/alranel/Documents/git/arduino/arduino-testlib/cli-datadir/user/libraries/Pinduino
Multiple libraries were found for &#34;Adafruit_SSD1306.h&#34;
  Used: /Users/alranel/Documents/git/arduino/arduino-testlib/cli-datadir/user/libraries/Adafruit_SSD1306
  Not used: /Users/alranel/Documents/git/arduino/arduino-testlib/cli-datadir/user/libraries/Adafruit_SSD1306_Wemos_Mini_OLED
Multiple libraries were found for &#34;PinChangeInterrupt.h&#34;
  Used: /Users/alranel/Documents/git/arduino/arduino-testlib/cli-datadir/user/libraries/PinChangeInterrupt
  Not used: /Users/alranel/Documents/git/arduino/arduino-testlib/cli-datadir/user/libraries/TheThingsNode
</pre>
					
					<h4>examples/GyroAccRGB</h4>
					<p>
						Result: <b>FAIL</b>
					</p>
					<pre class="pre-scrollable">In file included from /Users/alranel/Documents/git/arduino/arduino-testlib/cli-datadir/user/libraries/NanoProtoShield/src/NanoProtoShield.h:14:0,
                 from /Users/alranel/Documents/git/arduino/arduino-testlib/cli-datadir/user/libraries/NanoProtoShield/examples/GyroAccRGB/GyroAccRGB.ino:20:
/Users/alranel/Documents/git/arduino/arduino-testlib/cli-datadir/user/libraries/PinChangeInterrupt/src/PinChangeInterrupt.h:30:10: fatal error: avr/io.h: No such file or directory
 #include &lt;avr/io.h&gt;
          ^~~~~~~~~~
compilation terminated.
Multiple libraries were found for &#34;Adafruit_NeoPixel.h&#34;
  Used: /Users/alranel/Documents/git/arduino/arduino-testlib/cli-datadir/user/libraries/Adafruit_NeoPixel
  Not used: /Users/alranel/Documents/git/arduino/arduino-testlib/cli-datadir/user/libraries/Pinduino
  Not used: /Users/alranel/Documents/git/arduino/arduino-testlib/cli-datadir/user/libraries/Leaphy_Extra_Extension
Multiple libraries were found for &#34;PinChangeInterrupt.h&#34;
  Used: /Users/alranel/Documents/git/arduino/arduino-testlib/cli-datadir/user/libraries/PinChangeInterrupt
  Not used: /Users/alranel/Documents/git/arduino/arduino-testlib/cli-datadir/user/libraries/TheThingsNode
Multiple libraries were found for &#34;Adafruit_SSD1306.h&#34;
  Used: /Users/alranel/Documents/git/arduino/arduino-testlib/cli-datadir/user/libraries/Adafruit_SSD1306
  Not used: /Users/alranel/Documents/git/arduino/arduino-testlib/cli-datadir/user/libraries/Adafruit_SSD1306_Wemos_Mini_OLED
Multiple libraries were found for &#34;OneWire.h&#34;
  Used: /Users/alranel/Documents/git/arduino/arduino-testlib/cli-datadir/user/libraries/OneWire
  Not used: /Users/alranel/Documents/git/arduino/arduino-testlib/cli-datadir/user/libraries/MAX31850_OneWire
  Not used: /Users/alranel/Documents/git/arduino/arduino-testlib/cli-datadir/user/libraries/SDU_AGS_SensorBoard
  Not used: /Users/alranel/Documents/git/arduino/arduino-testlib/cli-datadir/user/libraries/OneWireNg
Multiple libraries were found for &#34;DallasTemperature.h&#34;
  Used: /Users/alranel/Documents/git/arduino/arduino-testlib/cli-datadir/user/libraries/DallasTemperature
  Not used: /Users/alranel/Documents/git/arduino/arduino-testlib/cli-datadir/user/libraries/SDU_AGS_SensorBoard
  Not used: /Users/alranel/Documents/git/arduino/arduino-testlib/cli-datadir/user/libraries/MAX31850_DallasTemp
</pre>
					
					<h4>examples/LightSensingLights</h4>
					<p>
						Result: <b>FAIL</b>
					</p>
					<pre class="pre-scrollable">In file included from /Users/alranel/Documents/git/arduino/arduino-testlib/cli-datadir/user/libraries/NanoProtoShield/src/NanoProtoShield.h:14:0,
                 from /Users/alranel/Documents/git/arduino/arduino-testlib/cli-datadir/user/libraries/NanoProtoShield/examples/LightSensingLights/LightSensingLights.ino:20:
/Users/alranel/Documents/git/arduino/arduino-testlib/cli-datadir/user/libraries/PinChangeInterrupt/src/PinChangeInterrupt.h:30:10: fatal error: avr/io.h: No such file or directory
 #include &lt;avr/io.h&gt;
          ^~~~~~~~~~
compilation terminated.
Multiple libraries were found for &#34;DallasTemperature.h&#34;
  Used: /Users/alranel/Documents/git/arduino/arduino-testlib/cli-datadir/user/libraries/DallasTemperature
  Not used: /Users/alranel/Documents/git/arduino/arduino-testlib/cli-datadir/user/libraries/MAX31850_DallasTemp
  Not used: /Users/alranel/Documents/git/arduino/arduino-testlib/cli-datadir/user/libraries/SDU_AGS_SensorBoard
Multiple libraries were found for &#34;Adafruit_SSD1306.h&#34;
  Used: /Users/alranel/Documents/git/arduino/arduino-testlib/cli-datadir/user/libraries/Adafruit_SSD1306
  Not used: /Users/alranel/Documents/git/arduino/arduino-testlib/cli-datadir/user/libraries/Adafruit_SSD1306_Wemos_Mini_OLED
Multiple libraries were found for &#34;OneWire.h&#34;
  Used: /Users/alranel/Documents/git/arduino/arduino-testlib/cli-datadir/user/libraries/OneWire
  Not used: /Users/alranel/Documents/git/arduino/arduino-testlib/cli-datadir/user/libraries/OneWireNg
  Not used: /Users/alranel/Documents/git/arduino/arduino-testlib/cli-datadir/user/libraries/MAX31850_OneWire
  Not used: /Users/alranel/Documents/git/arduino/arduino-testlib/cli-datadir/user/libraries/SDU_AGS_SensorBoard
Multiple libraries were found for &#34;Adafruit_NeoPixel.h&#34;
  Used: /Users/alranel/Documents/git/arduino/arduino-testlib/cli-datadir/user/libraries/Adafruit_NeoPixel
  Not used: /Users/alranel/Documents/git/arduino/arduino-testlib/cli-datadir/user/libraries/Pinduino
  Not used: /Users/alranel/Documents/git/arduino/arduino-testlib/cli-datadir/user/libraries/Leaphy_Extra_Extension
Multiple libraries were found for &#34;PinChangeInterrupt.h&#34;
  Used: /Users/alranel/Documents/git/arduino/arduino-testlib/cli-datadir/user/libraries/PinChangeInterrupt
  Not used: /Users/alranel/Documents/git/arduino/arduino-testlib/cli-datadir/user/libraries/TheThingsNode
</pre>
					
					<h4>examples/MemoryRGB</h4>
					<p>
						Result: <b>FAIL</b>
					</p>
					<pre class="pre-scrollable">In file included from /Users/alranel/Documents/git/arduino/arduino-testlib/cli-datadir/user/libraries/NanoProtoShield/src/NanoProtoShield.h:14:0,
                 from /Users/alranel/Documents/git/arduino/arduino-testlib/cli-datadir/user/libraries/NanoProtoShield/examples/MemoryRGB/MemoryRGB.ino:24:
/Users/alranel/Documents/git/arduino/arduino-testlib/cli-datadir/user/libraries/PinChangeInterrupt/src/PinChangeInterrupt.h:30:10: fatal error: avr/io.h: No such file or directory
 #include &lt;avr/io.h&gt;
          ^~~~~~~~~~
compilation terminated.
Multiple libraries were found for &#34;Adafruit_SSD1306.h&#34;
  Used: /Users/alranel/Documents/git/arduino/arduino-testlib/cli-datadir/user/libraries/Adafruit_SSD1306
  Not used: /Users/alranel/Documents/git/arduino/arduino-testlib/cli-datadir/user/libraries/Adafruit_SSD1306_Wemos_Mini_OLED
Multiple libraries were found for &#34;Adafruit_NeoPixel.h&#34;
  Used: /Users/alranel/Documents/git/arduino/arduino-testlib/cli-datadir/user/libraries/Adafruit_NeoPixel
  Not used: /Users/alranel/Documents/git/arduino/arduino-testlib/cli-datadir/user/libraries/Pinduino
  Not used: /Users/alranel/Documents/git/arduino/arduino-testlib/cli-datadir/user/libraries/Leaphy_Extra_Extension
Multiple libraries were found for &#34;OneWire.h&#34;
  Used: /Users/alranel/Documents/git/arduino/arduino-testlib/cli-datadir/user/libraries/OneWire
  Not used: /Users/alranel/Documents/git/arduino/arduino-testlib/cli-datadir/user/libraries/SDU_AGS_SensorBoard
  Not used: /Users/alranel/Documents/git/arduino/arduino-testlib/cli-datadir/user/libraries/MAX31850_OneWire
  Not used: /Users/alranel/Documents/git/arduino/arduino-testlib/cli-datadir/user/libraries/OneWireNg
Multiple libraries were found for &#34;DallasTemperature.h&#34;
  Used: /Users/alranel/Documents/git/arduino/arduino-testlib/cli-datadir/user/libraries/DallasTemperature
  Not used: /Users/alranel/Documents/git/arduino/arduino-testlib/cli-datadir/user/libraries/MAX31850_DallasTemp
  Not used: /Users/alranel/Documents/git/arduino/arduino-testlib/cli-datadir/user/libraries/SDU_AGS_SensorBoard
Multiple libraries were found for &#34;PinChangeInterrupt.h&#34;
  Used: /Users/alranel/Documents/git/arduino/arduino-testlib/cli-datadir/user/libraries/PinChangeInterrupt
  Not used: /Users/alranel/Documents/git/arduino/arduino-testlib/cli-datadir/user/libraries/TheThingsNode
</pre>
					
					<h4>examples/RotaryLight</h4>
					<p>
						Result: <b>FAIL</b>
					</p>
					<pre class="pre-scrollable">In file included from /Users/alranel/Documents/git/arduino/arduino-testlib/cli-datadir/user/libraries/NanoProtoShield/src/NanoProtoShield.h:14:0,
                 from /Users/alranel/Documents/git/arduino/arduino-testlib/cli-datadir/user/libraries/NanoProtoShield/examples/RotaryLight/RotaryLight.ino:19:
/Users/alranel/Documents/git/arduino/arduino-testlib/cli-datadir/user/libraries/PinChangeInterrupt/src/PinChangeInterrupt.h:30:10: fatal error: avr/io.h: No such file or directory
 #include &lt;avr/io.h&gt;
          ^~~~~~~~~~
compilation terminated.
Multiple libraries were found for &#34;Adafruit_NeoPixel.h&#34;
  Used: /Users/alranel/Documents/git/arduino/arduino-testlib/cli-datadir/user/libraries/Adafruit_NeoPixel
  Not used: /Users/alranel/Documents/git/arduino/arduino-testlib/cli-datadir/user/libraries/Pinduino
  Not used: /Users/alranel/Documents/git/arduino/arduino-testlib/cli-datadir/user/libraries/Leaphy_Extra_Extension
Multiple libraries were found for &#34;PinChangeInterrupt.h&#34;
  Used: /Users/alranel/Documents/git/arduino/arduino-testlib/cli-datadir/user/libraries/PinChangeInterrupt
  Not used: /Users/alranel/Documents/git/arduino/arduino-testlib/cli-datadir/user/libraries/TheThingsNode
Multiple libraries were found for &#34;OneWire.h&#34;
  Used: /Users/alranel/Documents/git/arduino/arduino-testlib/cli-datadir/user/libraries/OneWire
  Not used: /Users/alranel/Documents/git/arduino/arduino-testlib/cli-datadir/user/libraries/OneWireNg
  Not used: /Users/alranel/Documents/git/arduino/arduino-testlib/cli-datadir/user/libraries/SDU_AGS_SensorBoard
  Not used: /Users/alranel/Documents/git/arduino/arduino-testlib/cli-datadir/user/libraries/MAX31850_OneWire
Multiple libraries were found for &#34;DallasTemperature.h&#34;
  Used: /Users/alranel/Documents/git/arduino/arduino-testlib/cli-datadir/user/libraries/DallasTemperature
  Not used: /Users/alranel/Documents/git/arduino/arduino-testlib/cli-datadir/user/libraries/MAX31850_DallasTemp
  Not used: /Users/alranel/Documents/git/arduino/arduino-testlib/cli-datadir/user/libraries/SDU_AGS_SensorBoard
Multiple libraries were found for &#34;Adafruit_SSD1306.h&#34;
  Used: /Users/alranel/Documents/git/arduino/arduino-testlib/cli-datadir/user/libraries/Adafruit_SSD1306
  Not used: /Users/alranel/Documents/git/arduino/arduino-testlib/cli-datadir/user/libraries/Adafruit_SSD1306_Wemos_Mini_OLED
</pre>
					
					<h4>examples/ShowButtonPress</h4>
					<p>
						Result: <b>FAIL</b>
					</p>
					<pre class="pre-scrollable">In file included from /Users/alranel/Documents/git/arduino/arduino-testlib/cli-datadir/user/libraries/NanoProtoShield/src/NanoProtoShield.h:14:0,
                 from /Users/alranel/Documents/git/arduino/arduino-testlib/cli-datadir/user/libraries/NanoProtoShield/examples/ShowButtonPress/ShowButtonPress.ino:16:
/Users/alranel/Documents/git/arduino/arduino-testlib/cli-datadir/user/libraries/PinChangeInterrupt/src/PinChangeInterrupt.h:30:10: fatal error: avr/io.h: No such file or directory
 #include &lt;avr/io.h&gt;
          ^~~~~~~~~~
compilation terminated.
Multiple libraries were found for &#34;PinChangeInterrupt.h&#34;
  Used: /Users/alranel/Documents/git/arduino/arduino-testlib/cli-datadir/user/libraries/PinChangeInterrupt
  Not used: /Users/alranel/Documents/git/arduino/arduino-testlib/cli-datadir/user/libraries/TheThingsNode
Multiple libraries were found for &#34;OneWire.h&#34;
  Used: /Users/alranel/Documents/git/arduino/arduino-testlib/cli-datadir/user/libraries/OneWire
  Not used: /Users/alranel/Documents/git/arduino/arduino-testlib/cli-datadir/user/libraries/OneWireNg
  Not used: /Users/alranel/Documents/git/arduino/arduino-testlib/cli-datadir/user/libraries/MAX31850_OneWire
  Not used: /Users/alranel/Documents/git/arduino/arduino-testlib/cli-datadir/user/libraries/SDU_AGS_SensorBoard
Multiple libraries were found for &#34;Adafruit_NeoPixel.h&#34;
  Used: /Users/alranel/Documents/git/arduino/arduino-testlib/cli-datadir/user/libraries/Adafruit_NeoPixel
  Not used: /Users/alranel/Documents/git/arduino/arduino-testlib/cli-datadir/user/libraries/Pinduino
  Not used: /Users/alranel/Documents/git/arduino/arduino-testlib/cli-datadir/user/libraries/Leaphy_Extra_Extension
Multiple libraries were found for &#34;DallasTemperature.h&#34;
  Used: /Users/alranel/Documents/git/arduino/arduino-testlib/cli-datadir/user/libraries/DallasTemperature
  Not used: /Users/alranel/Documents/git/arduino/arduino-testlib/cli-datadir/user/libraries/SDU_AGS_SensorBoard
  Not used: /Users/alranel/Documents/git/arduino/arduino-testlib/cli-datadir/user/libraries/MAX31850_DallasTemp
Multiple libraries were found for &#34;Adafruit_SSD1306.h&#34;
  Used: /Users/alranel/Documents/git/arduino/arduino-testlib/cli-datadir/user/libraries/Adafruit_SSD1306
  Not used: /Users/alranel/Documents/git/arduino/arduino-testlib/cli-datadir/user/libraries/Adafruit_SSD1306_Wemos_Mini_OLED
</pre>
					
					<h4>examples/ShowButtonPressInterrupt</h4>
					<p>
						Result: <b>FAIL</b>
					</p>
					<pre class="pre-scrollable">In file included from /Users/alranel/Documents/git/arduino/arduino-testlib/cli-datadir/user/libraries/NanoProtoShield/src/NanoProtoShield.h:14:0,
                 from /Users/alranel/Documents/git/arduino/arduino-testlib/cli-datadir/user/libraries/NanoProtoShield/examples/ShowButtonPressInterrupt/ShowButtonPressInterrupt.ino:17:
/Users/alranel/Documents/git/arduino/arduino-testlib/cli-datadir/user/libraries/PinChangeInterrupt/src/PinChangeInterrupt.h:30:10: fatal error: avr/io.h: No such file or directory
 #include &lt;avr/io.h&gt;
          ^~~~~~~~~~
compilation terminated.
Multiple libraries were found for &#34;PinChangeInterrupt.h&#34;
  Used: /Users/alranel/Documents/git/arduino/arduino-testlib/cli-datadir/user/libraries/PinChangeInterrupt
  Not used: /Users/alranel/Documents/git/arduino/arduino-testlib/cli-datadir/user/libraries/TheThingsNode
Multiple libraries were found for &#34;Adafruit_SSD1306.h&#34;
  Used: /Users/alranel/Documents/git/arduino/arduino-testlib/cli-datadir/user/libraries/Adafruit_SSD1306
  Not used: /Users/alranel/Documents/git/arduino/arduino-testlib/cli-datadir/user/libraries/Adafruit_SSD1306_Wemos_Mini_OLED
Multiple libraries were found for &#34;DallasTemperature.h&#34;
  Used: /Users/alranel/Documents/git/arduino/arduino-testlib/cli-datadir/user/libraries/DallasTemperature
  Not used: /Users/alranel/Documents/git/arduino/arduino-testlib/cli-datadir/user/libraries/SDU_AGS_SensorBoard
  Not used: /Users/alranel/Documents/git/arduino/arduino-testlib/cli-datadir/user/libraries/MAX31850_DallasTemp
Multiple libraries were found for &#34;Adafruit_NeoPixel.h&#34;
  Used: /Users/alranel/Documents/git/arduino/arduino-testlib/cli-datadir/user/libraries/Adafruit_NeoPixel
  Not used: /Users/alranel/Documents/git/arduino/arduino-testlib/cli-datadir/user/libraries/Pinduino
  Not used: /Users/alranel/Documents/git/arduino/arduino-testlib/cli-datadir/user/libraries/Leaphy_Extra_Extension
Multiple libraries were found for &#34;OneWire.h&#34;
  Used: /Users/alranel/Documents/git/arduino/arduino-testlib/cli-datadir/user/libraries/OneWire
  Not used: /Users/alranel/Documents/git/arduino/arduino-testlib/cli-datadir/user/libraries/OneWireNg
  Not used: /Users/alranel/Documents/git/arduino/arduino-testlib/cli-datadir/user/libraries/MAX31850_OneWire
  Not used: /Users/alranel/Documents/git/arduino/arduino-testlib/cli-datadir/user/libraries/SDU_AGS_SensorBoard
</pre>
					
					<h4>examples/SpeedGame</h4>
					<p>
						Result: <b>FAIL</b>
					</p>
					<pre class="pre-scrollable">In file included from /Users/alranel/Documents/git/arduino/arduino-testlib/cli-datadir/user/libraries/NanoProtoShield/src/NanoProtoShield.h:14:0,
                 from /Users/alranel/Documents/git/arduino/arduino-testlib/cli-datadir/user/libraries/NanoProtoShield/examples/SpeedGame/SpeedGame.ino:20:
/Users/alranel/Documents/git/arduino/arduino-testlib/cli-datadir/user/libraries/PinChangeInterrupt/src/PinChangeInterrupt.h:30:10: fatal error: avr/io.h: No such file or directory
 #include &lt;avr/io.h&gt;
          ^~~~~~~~~~
compilation terminated.
Multiple libraries were found for &#34;Adafruit_SSD1306.h&#34;
  Used: /Users/alranel/Documents/git/arduino/arduino-testlib/cli-datadir/user/libraries/Adafruit_SSD1306
  Not used: /Users/alranel/Documents/git/arduino/arduino-testlib/cli-datadir/user/libraries/Adafruit_SSD1306_Wemos_Mini_OLED
Multiple libraries were found for &#34;OneWire.h&#34;
  Used: /Users/alranel/Documents/git/arduino/arduino-testlib/cli-datadir/user/libraries/OneWire
  Not used: /Users/alranel/Documents/git/arduino/arduino-testlib/cli-datadir/user/libraries/MAX31850_OneWire
  Not used: /Users/alranel/Documents/git/arduino/arduino-testlib/cli-datadir/user/libraries/SDU_AGS_SensorBoard
  Not used: /Users/alranel/Documents/git/arduino/arduino-testlib/cli-datadir/user/libraries/OneWireNg
Multiple libraries were found for &#34;DallasTemperature.h&#34;
  Used: /Users/alranel/Documents/git/arduino/arduino-testlib/cli-datadir/user/libraries/DallasTemperature
  Not used: /Users/alranel/Documents/git/arduino/arduino-testlib/cli-datadir/user/libraries/SDU_AGS_SensorBoard
  Not used: /Users/alranel/Documents/git/arduino/arduino-testlib/cli-datadir/user/libraries/MAX31850_DallasTemp
Multiple libraries were found for &#34;PinChangeInterrupt.h&#34;
  Used: /Users/alranel/Documents/git/arduino/arduino-testlib/cli-datadir/user/libraries/PinChangeInterrupt
  Not used: /Users/alranel/Documents/git/arduino/arduino-testlib/cli-datadir/user/libraries/TheThingsNode
Multiple libraries were found for &#34;Adafruit_NeoPixel.h&#34;
  Used: /Users/alranel/Documents/git/arduino/arduino-testlib/cli-datadir/user/libraries/Adafruit_NeoPixel
  Not used: /Users/alranel/Documents/git/arduino/arduino-testlib/cli-datadir/user/libraries/Leaphy_Extra_Extension
  Not used: /Users/alranel/Documents/git/arduino/arduino-testlib/cli-datadir/user/libraries/Pinduino
</pre>
					
					<h4>examples/TemperatureToRGB</h4>
					<p>
						Result: <b>FAIL</b>
					</p>
					<pre class="pre-scrollable">In file included from /Users/alranel/Documents/git/arduino/arduino-testlib/cli-datadir/user/libraries/NanoProtoShield/src/NanoProtoShield.h:14:0,
                 from /Users/alranel/Documents/git/arduino/arduino-testlib/cli-datadir/user/libraries/NanoProtoShield/examples/TemperatureToRGB/TemperatureToRGB.ino:19:
/Users/alranel/Documents/git/arduino/arduino-testlib/cli-datadir/user/libraries/PinChangeInterrupt/src/PinChangeInterrupt.h:30:10: fatal error: avr/io.h: No such file or directory
 #include &lt;avr/io.h&gt;
          ^~~~~~~~~~
compilation terminated.
Multiple libraries were found for &#34;Adafruit_SSD1306.h&#34;
  Used: /Users/alranel/Documents/git/arduino/arduino-testlib/cli-datadir/user/libraries/Adafruit_SSD1306
  Not used: /Users/alranel/Documents/git/arduino/arduino-testlib/cli-datadir/user/libraries/Adafruit_SSD1306_Wemos_Mini_OLED
Multiple libraries were found for &#34;Adafruit_NeoPixel.h&#34;
  Used: /Users/alranel/Documents/git/arduino/arduino-testlib/cli-datadir/user/libraries/Adafruit_NeoPixel
  Not used: /Users/alranel/Documents/git/arduino/arduino-testlib/cli-datadir/user/libraries/Leaphy_Extra_Extension
  Not used: /Users/alranel/Documents/git/arduino/arduino-testlib/cli-datadir/user/libraries/Pinduino
Multiple libraries were found for &#34;OneWire.h&#34;
  Used: /Users/alranel/Documents/git/arduino/arduino-testlib/cli-datadir/user/libraries/OneWire
  Not used: /Users/alranel/Documents/git/arduino/arduino-testlib/cli-datadir/user/libraries/SDU_AGS_SensorBoard
  Not used: /Users/alranel/Documents/git/arduino/arduino-testlib/cli-datadir/user/libraries/OneWireNg
  Not used: /Users/alranel/Documents/git/arduino/arduino-testlib/cli-datadir/user/libraries/MAX31850_OneWire
Multiple libraries were found for &#34;DallasTemperature.h&#34;
  Used: /Users/alranel/Documents/git/arduino/arduino-testlib/cli-datadir/user/libraries/DallasTemperature
  Not used: /Users/alranel/Documents/git/arduino/arduino-testlib/cli-datadir/user/libraries/SDU_AGS_SensorBoard
  Not used: /Users/alranel/Documents/git/arduino/arduino-testlib/cli-datadir/user/libraries/MAX31850_DallasTemp
Multiple libraries were found for &#34;PinChangeInterrupt.h&#34;
  Used: /Users/alranel/Documents/git/arduino/arduino-testlib/cli-datadir/user/libraries/PinChangeInterrupt
  Not used: /Users/alranel/Documents/git/arduino/arduino-testlib/cli-datadir/user/libraries/TheThingsNode
</pre>
					
					<h4>examples/VerifyBoard</h4>
					<p>
						Result: <b>FAIL</b>
					</p>
					<pre class="pre-scrollable">In file included from /Users/alranel/Documents/git/arduino/arduino-testlib/cli-datadir/user/libraries/NanoProtoShield/src/NanoProtoShield.h:14:0,
                 from /Users/alranel/Documents/git/arduino/arduino-testlib/cli-datadir/user/libraries/NanoProtoShield/examples/VerifyBoard/VerifyBoard.ino:18:
/Users/alranel/Documents/git/arduino/arduino-testlib/cli-datadir/user/libraries/PinChangeInterrupt/src/PinChangeInterrupt.h:30:10: fatal error: avr/io.h: No such file or directory
 #include &lt;avr/io.h&gt;
          ^~~~~~~~~~
compilation terminated.
Multiple libraries were found for &#34;Adafruit_SSD1306.h&#34;
  Used: /Users/alranel/Documents/git/arduino/arduino-testlib/cli-datadir/user/libraries/Adafruit_SSD1306
  Not used: /Users/alranel/Documents/git/arduino/arduino-testlib/cli-datadir/user/libraries/Adafruit_SSD1306_Wemos_Mini_OLED
Multiple libraries were found for &#34;OneWire.h&#34;
  Used: /Users/alranel/Documents/git/arduino/arduino-testlib/cli-datadir/user/libraries/OneWire
  Not used: /Users/alranel/Documents/git/arduino/arduino-testlib/cli-datadir/user/libraries/SDU_AGS_SensorBoard
  Not used: /Users/alranel/Documents/git/arduino/arduino-testlib/cli-datadir/user/libraries/MAX31850_OneWire
  Not used: /Users/alranel/Documents/git/arduino/arduino-testlib/cli-datadir/user/libraries/OneWireNg
Multiple libraries were found for &#34;PinChangeInterrupt.h&#34;
  Used: /Users/alranel/Documents/git/arduino/arduino-testlib/cli-datadir/user/libraries/PinChangeInterrupt
  Not used: /Users/alranel/Documents/git/arduino/arduino-testlib/cli-datadir/user/libraries/TheThingsNode
Multiple libraries were found for &#34;Adafruit_NeoPixel.h&#34;
  Used: /Users/alranel/Documents/git/arduino/arduino-testlib/cli-datadir/user/libraries/Adafruit_NeoPixel
  Not used: /Users/alranel/Documents/git/arduino/arduino-testlib/cli-datadir/user/libraries/Leaphy_Extra_Extension
  Not used: /Users/alranel/Documents/git/arduino/arduino-testlib/cli-datadir/user/libraries/Pinduino
Multiple libraries were found for &#34;DallasTemperature.h&#34;
  Used: /Users/alranel/Documents/git/arduino/arduino-testlib/cli-datadir/user/libraries/DallasTemperature
  Not used: /Users/alranel/Documents/git/arduino/arduino-testlib/cli-datadir/user/libraries/SDU_AGS_SensorBoard
  Not used: /Users/alranel/Documents/git/arduino/arduino-testlib/cli-datadir/user/libraries/MAX31850_DallasTemp
</pre>
					
				
				<h3 id="esp32:esp32:d1_mini32">esp32:esp32:d1_mini32 @ 1.0.6</h3>
				<h4>Inclusion</h4>
				<p>
					Result: <b>FAIL</b>
					
				</p>
				<pre class="pre-scrollable">In file included from /home/ec2-user/arduino-testlib/cli-datadir/user/libraries/NanoProtoShield/src/NanoProtoShield.h:14:0,
                 from /tmp/arduino-testlib2122506884/test/test.ino:1:
/home/ec2-user/arduino-testlib/cli-datadir/user/libraries/PinChangeInterrupt/src/PinChangeInterrupt.h:30:20: fatal error: avr/io.h: No such file or directory
 #include &lt;avr/io.h&gt;
                    ^
compilation terminated.
Multiple libraries were found for &#34;DallasTemperature.h&#34;
  Used: /home/ec2-user/arduino-testlib/cli-datadir/user/libraries/DallasTemperature
  Not used: /home/ec2-user/arduino-testlib/cli-datadir/user/libraries/SDU_AGS_SensorBoard
  Not used: /home/ec2-user/arduino-testlib/cli-datadir/user/libraries/MAX31850_DallasTemp
Multiple libraries were found for &#34;PinChangeInterrupt.h&#34;
  Used: /home/ec2-user/arduino-testlib/cli-datadir/user/libraries/PinChangeInterrupt
  Not used: /home/ec2-user/arduino-testlib/cli-datadir/user/libraries/TheThingsNode
Multiple libraries were found for &#34;Adafruit_SSD1306.h&#34;
  Used: /home/ec2-user/arduino-testlib/cli-datadir/user/libraries/Adafruit_SSD1306
  Not used: /home/ec2-user/arduino-testlib/cli-datadir/user/libraries/Adafruit_SSD1306_Wemos_Mini_OLED
Multiple libraries were found for &#34;OneWire.h&#34;
  Used: /home/ec2-user/arduino-testlib/cli-datadir/user/libraries/OneWire
  Not used: /home/ec2-user/arduino-testlib/cli-datadir/user/libraries/SDU_AGS_SensorBoard
  Not used: /home/ec2-user/arduino-testlib/cli-datadir/user/libraries/MAX31850_OneWire
  Not used: /home/ec2-user/arduino-testlib/cli-datadir/user/libraries/OneWireNg
Multiple libraries were found for &#34;Adafruit_NeoPixel.h&#34;
  Used: /home/ec2-user/arduino-testlib/cli-datadir/user/libraries/Adafruit_NeoPixel
  Not used: /home/ec2-user/arduino-testlib/cli-datadir/user/libraries/Pinduino
  Not used: /home/ec2-user/arduino-testlib/cli-datadir/user/libraries/Leaphy_Extra_Extension
</pre>

					
					<h4>examples/AnalogToRGB</h4>
					<p>
						Result: <b>FAIL</b>
					</p>
					<pre class="pre-scrollable">In file included from /home/ec2-user/arduino-testlib/cli-datadir/user/libraries/NanoProtoShield/src/NanoProtoShield.h:14:0,
                 from /home/ec2-user/arduino-testlib/cli-datadir/user/libraries/NanoProtoShield/examples/AnalogToRGB/AnalogToRGB.ino:18:
/home/ec2-user/arduino-testlib/cli-datadir/user/libraries/PinChangeInterrupt/src/PinChangeInterrupt.h:30:20: fatal error: avr/io.h: No such file or directory
 #include &lt;avr/io.h&gt;
                    ^
compilation terminated.
Multiple libraries were found for &#34;PinChangeInterrupt.h&#34;
  Used: /home/ec2-user/arduino-testlib/cli-datadir/user/libraries/PinChangeInterrupt
  Not used: /home/ec2-user/arduino-testlib/cli-datadir/user/libraries/TheThingsNode
Multiple libraries were found for &#34;DallasTemperature.h&#34;
  Used: /home/ec2-user/arduino-testlib/cli-datadir/user/libraries/DallasTemperature
  Not used: /home/ec2-user/arduino-testlib/cli-datadir/user/libraries/SDU_AGS_SensorBoard
  Not used: /home/ec2-user/arduino-testlib/cli-datadir/user/libraries/MAX31850_DallasTemp
Multiple libraries were found for &#34;Adafruit_NeoPixel.h&#34;
  Used: /home/ec2-user/arduino-testlib/cli-datadir/user/libraries/Adafruit_NeoPixel
  Not used: /home/ec2-user/arduino-testlib/cli-datadir/user/libraries/Leaphy_Extra_Extension
  Not used: /home/ec2-user/arduino-testlib/cli-datadir/user/libraries/Pinduino
Multiple libraries were found for &#34;OneWire.h&#34;
  Used: /home/ec2-user/arduino-testlib/cli-datadir/user/libraries/OneWire
  Not used: /home/ec2-user/arduino-testlib/cli-datadir/user/libraries/MAX31850_OneWire
  Not used: /home/ec2-user/arduino-testlib/cli-datadir/user/libraries/OneWireNg
  Not used: /home/ec2-user/arduino-testlib/cli-datadir/user/libraries/SDU_AGS_SensorBoard
Multiple libraries were found for &#34;Adafruit_SSD1306.h&#34;
  Used: /home/ec2-user/arduino-testlib/cli-datadir/user/libraries/Adafruit_SSD1306
  Not used: /home/ec2-user/arduino-testlib/cli-datadir/user/libraries/Adafruit_SSD1306_Wemos_Mini_OLED
</pre>
					
					<h4>examples/AnimateBitmap</h4>
					<p>
						Result: <b>FAIL</b>
					</p>
					<pre class="pre-scrollable">In file included from /home/ec2-user/arduino-testlib/cli-datadir/user/libraries/NanoProtoShield/src/NanoProtoShield.h:14:0,
                 from /home/ec2-user/arduino-testlib/cli-datadir/user/libraries/NanoProtoShield/examples/AnimateBitmap/AnimateBitmap.ino:16:
/home/ec2-user/arduino-testlib/cli-datadir/user/libraries/PinChangeInterrupt/src/PinChangeInterrupt.h:30:20: fatal error: avr/io.h: No such file or directory
 #include &lt;avr/io.h&gt;
                    ^
compilation terminated.
Multiple libraries were found for &#34;Adafruit_NeoPixel.h&#34;
  Used: /home/ec2-user/arduino-testlib/cli-datadir/user/libraries/Adafruit_NeoPixel
  Not used: /home/ec2-user/arduino-testlib/cli-datadir/user/libraries/Leaphy_Extra_Extension
  Not used: /home/ec2-user/arduino-testlib/cli-datadir/user/libraries/Pinduino
Multiple libraries were found for &#34;OneWire.h&#34;
  Used: /home/ec2-user/arduino-testlib/cli-datadir/user/libraries/OneWire
  Not used: /home/ec2-user/arduino-testlib/cli-datadir/user/libraries/SDU_AGS_SensorBoard
  Not used: /home/ec2-user/arduino-testlib/cli-datadir/user/libraries/MAX31850_OneWire
  Not used: /home/ec2-user/arduino-testlib/cli-datadir/user/libraries/OneWireNg
Multiple libraries were found for &#34;PinChangeInterrupt.h&#34;
  Used: /home/ec2-user/arduino-testlib/cli-datadir/user/libraries/PinChangeInterrupt
  Not used: /home/ec2-user/arduino-testlib/cli-datadir/user/libraries/TheThingsNode
Multiple libraries were found for &#34;Adafruit_SSD1306.h&#34;
  Used: /home/ec2-user/arduino-testlib/cli-datadir/user/libraries/Adafruit_SSD1306
  Not used: /home/ec2-user/arduino-testlib/cli-datadir/user/libraries/Adafruit_SSD1306_Wemos_Mini_OLED
Multiple libraries were found for &#34;DallasTemperature.h&#34;
  Used: /home/ec2-user/arduino-testlib/cli-datadir/user/libraries/DallasTemperature
  Not used: /home/ec2-user/arduino-testlib/cli-datadir/user/libraries/SDU_AGS_SensorBoard
  Not used: /home/ec2-user/arduino-testlib/cli-datadir/user/libraries/MAX31850_DallasTemp
</pre>
					
					<h4>examples/CountTwists</h4>
					<p>
						Result: <b>FAIL</b>
					</p>
					<pre class="pre-scrollable">In file included from /home/ec2-user/arduino-testlib/cli-datadir/user/libraries/NanoProtoShield/src/NanoProtoShield.h:14:0,
                 from /home/ec2-user/arduino-testlib/cli-datadir/user/libraries/NanoProtoShield/examples/CountTwists/CountTwists.ino:21:
/home/ec2-user/arduino-testlib/cli-datadir/user/libraries/PinChangeInterrupt/src/PinChangeInterrupt.h:30:20: fatal error: avr/io.h: No such file or directory
 #include &lt;avr/io.h&gt;
                    ^
compilation terminated.
Multiple libraries were found for &#34;OneWire.h&#34;
  Used: /home/ec2-user/arduino-testlib/cli-datadir/user/libraries/OneWire
  Not used: /home/ec2-user/arduino-testlib/cli-datadir/user/libraries/OneWireNg
  Not used: /home/ec2-user/arduino-testlib/cli-datadir/user/libraries/MAX31850_OneWire
  Not used: /home/ec2-user/arduino-testlib/cli-datadir/user/libraries/SDU_AGS_SensorBoard
Multiple libraries were found for &#34;DallasTemperature.h&#34;
  Used: /home/ec2-user/arduino-testlib/cli-datadir/user/libraries/DallasTemperature
  Not used: /home/ec2-user/arduino-testlib/cli-datadir/user/libraries/MAX31850_DallasTemp
  Not used: /home/ec2-user/arduino-testlib/cli-datadir/user/libraries/SDU_AGS_SensorBoard
Multiple libraries were found for &#34;PinChangeInterrupt.h&#34;
  Used: /home/ec2-user/arduino-testlib/cli-datadir/user/libraries/PinChangeInterrupt
  Not used: /home/ec2-user/arduino-testlib/cli-datadir/user/libraries/TheThingsNode
Multiple libraries were found for &#34;Adafruit_SSD1306.h&#34;
  Used: /home/ec2-user/arduino-testlib/cli-datadir/user/libraries/Adafruit_SSD1306
  Not used: /home/ec2-user/arduino-testlib/cli-datadir/user/libraries/Adafruit_SSD1306_Wemos_Mini_OLED
Multiple libraries were found for &#34;Adafruit_NeoPixel.h&#34;
  Used: /home/ec2-user/arduino-testlib/cli-datadir/user/libraries/Adafruit_NeoPixel
  Not used: /home/ec2-user/arduino-testlib/cli-datadir/user/libraries/Leaphy_Extra_Extension
  Not used: /home/ec2-user/arduino-testlib/cli-datadir/user/libraries/Pinduino
</pre>
					
					<h4>examples/CountTwistsMomentumOLED</h4>
					<p>
						Result: <b>FAIL</b>
					</p>
					<pre class="pre-scrollable">In file included from /home/ec2-user/arduino-testlib/cli-datadir/user/libraries/NanoProtoShield/src/NanoProtoShield.h:14:0,
                 from /home/ec2-user/arduino-testlib/cli-datadir/user/libraries/NanoProtoShield/examples/CountTwistsMomentumOLED/CountTwistsMomentumOLED.ino:19:
/home/ec2-user/arduino-testlib/cli-datadir/user/libraries/PinChangeInterrupt/src/PinChangeInterrupt.h:30:20: fatal error: avr/io.h: No such file or directory
 #include &lt;avr/io.h&gt;
                    ^
compilation terminated.
Multiple libraries were found for &#34;OneWire.h&#34;
  Used: /home/ec2-user/arduino-testlib/cli-datadir/user/libraries/OneWire
  Not used: /home/ec2-user/arduino-testlib/cli-datadir/user/libraries/OneWireNg
  Not used: /home/ec2-user/arduino-testlib/cli-datadir/user/libraries/MAX31850_OneWire
  Not used: /home/ec2-user/arduino-testlib/cli-datadir/user/libraries/SDU_AGS_SensorBoard
Multiple libraries were found for &#34;DallasTemperature.h&#34;
  Used: /home/ec2-user/arduino-testlib/cli-datadir/user/libraries/DallasTemperature
  Not used: /home/ec2-user/arduino-testlib/cli-datadir/user/libraries/SDU_AGS_SensorBoard
  Not used: /home/ec2-user/arduino-testlib/cli-datadir/user/libraries/MAX31850_DallasTemp
Multiple libraries were found for &#34;Adafruit_SSD1306.h&#34;
  Used: /home/ec2-user/arduino-testlib/cli-datadir/user/libraries/Adafruit_SSD1306
  Not used: /home/ec2-user/arduino-testlib/cli-datadir/user/libraries/Adafruit_SSD1306_Wemos_Mini_OLED
Multiple libraries were found for &#34;Adafruit_NeoPixel.h&#34;
  Used: /home/ec2-user/arduino-testlib/cli-datadir/user/libraries/Adafruit_NeoPixel
  Not used: /home/ec2-user/arduino-testlib/cli-datadir/user/libraries/Leaphy_Extra_Extension
  Not used: /home/ec2-user/arduino-testlib/cli-datadir/user/libraries/Pinduino
Multiple libraries were found for &#34;PinChangeInterrupt.h&#34;
  Used: /home/ec2-user/arduino-testlib/cli-datadir/user/libraries/PinChangeInterrupt
  Not used: /home/ec2-user/arduino-testlib/cli-datadir/user/libraries/TheThingsNode
</pre>
					
					<h4>examples/CountTwistsWith1602LCD</h4>
					<p>
						Result: <b>FAIL</b>
					</p>
					<pre class="pre-scrollable">In file included from /home/ec2-user/arduino-testlib/cli-datadir/user/libraries/NanoProtoShield/src/NanoProtoShield.h:14:0,
                 from /home/ec2-user/arduino-testlib/cli-datadir/user/libraries/NanoProtoShield/examples/CountTwistsWith1602LCD/CountTwistsWith1602LCD.ino:29:
/home/ec2-user/arduino-testlib/cli-datadir/user/libraries/PinChangeInterrupt/src/PinChangeInterrupt.h:30:20: fatal error: avr/io.h: No such file or directory
 #include &lt;avr/io.h&gt;
                    ^
compilation terminated.
Multiple libraries were found for &#34;PinChangeInterrupt.h&#34;
  Used: /home/ec2-user/arduino-testlib/cli-datadir/user/libraries/PinChangeInterrupt
  Not used: /home/ec2-user/arduino-testlib/cli-datadir/user/libraries/TheThingsNode
Multiple libraries were found for &#34;Adafruit_SSD1306.h&#34;
  Used: /home/ec2-user/arduino-testlib/cli-datadir/user/libraries/Adafruit_SSD1306
  Not used: /home/ec2-user/arduino-testlib/cli-datadir/user/libraries/Adafruit_SSD1306_Wemos_Mini_OLED
Multiple libraries were found for &#34;Adafruit_NeoPixel.h&#34;
  Used: /home/ec2-user/arduino-testlib/cli-datadir/user/libraries/Adafruit_NeoPixel
  Not used: /home/ec2-user/arduino-testlib/cli-datadir/user/libraries/Pinduino
  Not used: /home/ec2-user/arduino-testlib/cli-datadir/user/libraries/Leaphy_Extra_Extension
Multiple libraries were found for &#34;OneWire.h&#34;
  Used: /home/ec2-user/arduino-testlib/cli-datadir/user/libraries/OneWire
  Not used: /home/ec2-user/arduino-testlib/cli-datadir/user/libraries/OneWireNg
  Not used: /home/ec2-user/arduino-testlib/cli-datadir/user/libraries/SDU_AGS_SensorBoard
  Not used: /home/ec2-user/arduino-testlib/cli-datadir/user/libraries/MAX31850_OneWire
Multiple libraries were found for &#34;DallasTemperature.h&#34;
  Used: /home/ec2-user/arduino-testlib/cli-datadir/user/libraries/DallasTemperature
  Not used: /home/ec2-user/arduino-testlib/cli-datadir/user/libraries/MAX31850_DallasTemp
  Not used: /home/ec2-user/arduino-testlib/cli-datadir/user/libraries/SDU_AGS_SensorBoard
</pre>
					
					<h4>examples/DrawBitmap</h4>
					<p>
						Result: <b>FAIL</b>
					</p>
					<pre class="pre-scrollable">In file included from /home/ec2-user/arduino-testlib/cli-datadir/user/libraries/NanoProtoShield/src/NanoProtoShield.h:14:0,
                 from /home/ec2-user/arduino-testlib/cli-datadir/user/libraries/NanoProtoShield/examples/DrawBitmap/DrawBitmap.ino:16:
/home/ec2-user/arduino-testlib/cli-datadir/user/libraries/PinChangeInterrupt/src/PinChangeInterrupt.h:30:20: fatal error: avr/io.h: No such file or directory
 #include &lt;avr/io.h&gt;
                    ^
compilation terminated.
Multiple libraries were found for &#34;Adafruit_NeoPixel.h&#34;
  Used: /home/ec2-user/arduino-testlib/cli-datadir/user/libraries/Adafruit_NeoPixel
  Not used: /home/ec2-user/arduino-testlib/cli-datadir/user/libraries/Leaphy_Extra_Extension
  Not used: /home/ec2-user/arduino-testlib/cli-datadir/user/libraries/Pinduino
Multiple libraries were found for &#34;OneWire.h&#34;
  Used: /home/ec2-user/arduino-testlib/cli-datadir/user/libraries/OneWire
  Not used: /home/ec2-user/arduino-testlib/cli-datadir/user/libraries/SDU_AGS_SensorBoard
  Not used: /home/ec2-user/arduino-testlib/cli-datadir/user/libraries/MAX31850_OneWire
  Not used: /home/ec2-user/arduino-testlib/cli-datadir/user/libraries/OneWireNg
Multiple libraries were found for &#34;DallasTemperature.h&#34;
  Used: /home/ec2-user/arduino-testlib/cli-datadir/user/libraries/DallasTemperature
  Not used: /home/ec2-user/arduino-testlib/cli-datadir/user/libraries/SDU_AGS_SensorBoard
  Not used: /home/ec2-user/arduino-testlib/cli-datadir/user/libraries/MAX31850_DallasTemp
Multiple libraries were found for &#34;PinChangeInterrupt.h&#34;
  Used: /home/ec2-user/arduino-testlib/cli-datadir/user/libraries/PinChangeInterrupt
  Not used: /home/ec2-user/arduino-testlib/cli-datadir/user/libraries/TheThingsNode
Multiple libraries were found for &#34;Adafruit_SSD1306.h&#34;
  Used: /home/ec2-user/arduino-testlib/cli-datadir/user/libraries/Adafruit_SSD1306
  Not used: /home/ec2-user/arduino-testlib/cli-datadir/user/libraries/Adafruit_SSD1306_Wemos_Mini_OLED
</pre>
					
					<h4>examples/DrawCircle</h4>
					<p>
						Result: <b>FAIL</b>
					</p>
					<pre class="pre-scrollable">In file included from /home/ec2-user/arduino-testlib/cli-datadir/user/libraries/NanoProtoShield/src/NanoProtoShield.h:14:0,
                 from /home/ec2-user/arduino-testlib/cli-datadir/user/libraries/NanoProtoShield/examples/DrawCircle/DrawCircle.ino:28:
/home/ec2-user/arduino-testlib/cli-datadir/user/libraries/PinChangeInterrupt/src/PinChangeInterrupt.h:30:20: fatal error: avr/io.h: No such file or directory
 #include &lt;avr/io.h&gt;
                    ^
compilation terminated.
Multiple libraries were found for &#34;Adafruit_SSD1306.h&#34;
  Used: /home/ec2-user/arduino-testlib/cli-datadir/user/libraries/Adafruit_SSD1306
  Not used: /home/ec2-user/arduino-testlib/cli-datadir/user/libraries/Adafruit_SSD1306_Wemos_Mini_OLED
Multiple libraries were found for &#34;DallasTemperature.h&#34;
  Used: /home/ec2-user/arduino-testlib/cli-datadir/user/libraries/DallasTemperature
  Not used: /home/ec2-user/arduino-testlib/cli-datadir/user/libraries/MAX31850_DallasTemp
  Not used: /home/ec2-user/arduino-testlib/cli-datadir/user/libraries/SDU_AGS_SensorBoard
Multiple libraries were found for &#34;PinChangeInterrupt.h&#34;
  Used: /home/ec2-user/arduino-testlib/cli-datadir/user/libraries/PinChangeInterrupt
  Not used: /home/ec2-user/arduino-testlib/cli-datadir/user/libraries/TheThingsNode
Multiple libraries were found for &#34;Adafruit_NeoPixel.h&#34;
  Used: /home/ec2-user/arduino-testlib/cli-datadir/user/libraries/Adafruit_NeoPixel
  Not used: /home/ec2-user/arduino-testlib/cli-datadir/user/libraries/Leaphy_Extra_Extension
  Not used: /home/ec2-user/arduino-testlib/cli-datadir/user/libraries/Pinduino
Multiple libraries were found for &#34;OneWire.h&#34;
  Used: /home/ec2-user/arduino-testlib/cli-datadir/user/libraries/OneWire
  Not used: /home/ec2-user/arduino-testlib/cli-datadir/user/libraries/OneWireNg
  Not used: /home/ec2-user/arduino-testlib/cli-datadir/user/libraries/SDU_AGS_SensorBoard
  Not used: /home/ec2-user/arduino-testlib/cli-datadir/user/libraries/MAX31850_OneWire
</pre>
					
					<h4>examples/GyroAccRGB</h4>
					<p>
						Result: <b>FAIL</b>
					</p>
					<pre class="pre-scrollable">In file included from /home/ec2-user/arduino-testlib/cli-datadir/user/libraries/NanoProtoShield/src/NanoProtoShield.h:14:0,
                 from /home/ec2-user/arduino-testlib/cli-datadir/user/libraries/NanoProtoShield/examples/GyroAccRGB/GyroAccRGB.ino:20:
/home/ec2-user/arduino-testlib/cli-datadir/user/libraries/PinChangeInterrupt/src/PinChangeInterrupt.h:30:20: fatal error: avr/io.h: No such file or directory
 #include &lt;avr/io.h&gt;
                    ^
compilation terminated.
Multiple libraries were found for &#34;DallasTemperature.h&#34;
  Used: /home/ec2-user/arduino-testlib/cli-datadir/user/libraries/DallasTemperature
  Not used: /home/ec2-user/arduino-testlib/cli-datadir/user/libraries/SDU_AGS_SensorBoard
  Not used: /home/ec2-user/arduino-testlib/cli-datadir/user/libraries/MAX31850_DallasTemp
Multiple libraries were found for &#34;Adafruit_SSD1306.h&#34;
  Used: /home/ec2-user/arduino-testlib/cli-datadir/user/libraries/Adafruit_SSD1306
  Not used: /home/ec2-user/arduino-testlib/cli-datadir/user/libraries/Adafruit_SSD1306_Wemos_Mini_OLED
Multiple libraries were found for &#34;OneWire.h&#34;
  Used: /home/ec2-user/arduino-testlib/cli-datadir/user/libraries/OneWire
  Not used: /home/ec2-user/arduino-testlib/cli-datadir/user/libraries/SDU_AGS_SensorBoard
  Not used: /home/ec2-user/arduino-testlib/cli-datadir/user/libraries/MAX31850_OneWire
  Not used: /home/ec2-user/arduino-testlib/cli-datadir/user/libraries/OneWireNg
Multiple libraries were found for &#34;PinChangeInterrupt.h&#34;
  Used: /home/ec2-user/arduino-testlib/cli-datadir/user/libraries/PinChangeInterrupt
  Not used: /home/ec2-user/arduino-testlib/cli-datadir/user/libraries/TheThingsNode
Multiple libraries were found for &#34;Adafruit_NeoPixel.h&#34;
  Used: /home/ec2-user/arduino-testlib/cli-datadir/user/libraries/Adafruit_NeoPixel
  Not used: /home/ec2-user/arduino-testlib/cli-datadir/user/libraries/Leaphy_Extra_Extension
  Not used: /home/ec2-user/arduino-testlib/cli-datadir/user/libraries/Pinduino
</pre>
					
					<h4>examples/LightSensingLights</h4>
					<p>
						Result: <b>FAIL</b>
					</p>
					<pre class="pre-scrollable">In file included from /home/ec2-user/arduino-testlib/cli-datadir/user/libraries/NanoProtoShield/src/NanoProtoShield.h:14:0,
                 from /home/ec2-user/arduino-testlib/cli-datadir/user/libraries/NanoProtoShield/examples/LightSensingLights/LightSensingLights.ino:20:
/home/ec2-user/arduino-testlib/cli-datadir/user/libraries/PinChangeInterrupt/src/PinChangeInterrupt.h:30:20: fatal error: avr/io.h: No such file or directory
 #include &lt;avr/io.h&gt;
                    ^
compilation terminated.
Multiple libraries were found for &#34;OneWire.h&#34;
  Used: /home/ec2-user/arduino-testlib/cli-datadir/user/libraries/OneWire
  Not used: /home/ec2-user/arduino-testlib/cli-datadir/user/libraries/MAX31850_OneWire
  Not used: /home/ec2-user/arduino-testlib/cli-datadir/user/libraries/OneWireNg
  Not used: /home/ec2-user/arduino-testlib/cli-datadir/user/libraries/SDU_AGS_SensorBoard
Multiple libraries were found for &#34;PinChangeInterrupt.h&#34;
  Used: /home/ec2-user/arduino-testlib/cli-datadir/user/libraries/PinChangeInterrupt
  Not used: /home/ec2-user/arduino-testlib/cli-datadir/user/libraries/TheThingsNode
Multiple libraries were found for &#34;Adafruit_SSD1306.h&#34;
  Used: /home/ec2-user/arduino-testlib/cli-datadir/user/libraries/Adafruit_SSD1306
  Not used: /home/ec2-user/arduino-testlib/cli-datadir/user/libraries/Adafruit_SSD1306_Wemos_Mini_OLED
Multiple libraries were found for &#34;DallasTemperature.h&#34;
  Used: /home/ec2-user/arduino-testlib/cli-datadir/user/libraries/DallasTemperature
  Not used: /home/ec2-user/arduino-testlib/cli-datadir/user/libraries/MAX31850_DallasTemp
  Not used: /home/ec2-user/arduino-testlib/cli-datadir/user/libraries/SDU_AGS_SensorBoard
Multiple libraries were found for &#34;Adafruit_NeoPixel.h&#34;
  Used: /home/ec2-user/arduino-testlib/cli-datadir/user/libraries/Adafruit_NeoPixel
  Not used: /home/ec2-user/arduino-testlib/cli-datadir/user/libraries/Leaphy_Extra_Extension
  Not used: /home/ec2-user/arduino-testlib/cli-datadir/user/libraries/Pinduino
</pre>
					
					<h4>examples/MemoryRGB</h4>
					<p>
						Result: <b>FAIL</b>
					</p>
					<pre class="pre-scrollable">In file included from /home/ec2-user/arduino-testlib/cli-datadir/user/libraries/NanoProtoShield/src/NanoProtoShield.h:14:0,
                 from /home/ec2-user/arduino-testlib/cli-datadir/user/libraries/NanoProtoShield/examples/MemoryRGB/MemoryRGB.ino:24:
/home/ec2-user/arduino-testlib/cli-datadir/user/libraries/PinChangeInterrupt/src/PinChangeInterrupt.h:30:20: fatal error: avr/io.h: No such file or directory
 #include &lt;avr/io.h&gt;
                    ^
compilation terminated.
Multiple libraries were found for &#34;PinChangeInterrupt.h&#34;
  Used: /home/ec2-user/arduino-testlib/cli-datadir/user/libraries/PinChangeInterrupt
  Not used: /home/ec2-user/arduino-testlib/cli-datadir/user/libraries/TheThingsNode
Multiple libraries were found for &#34;Adafruit_SSD1306.h&#34;
  Used: /home/ec2-user/arduino-testlib/cli-datadir/user/libraries/Adafruit_SSD1306
  Not used: /home/ec2-user/arduino-testlib/cli-datadir/user/libraries/Adafruit_SSD1306_Wemos_Mini_OLED
Multiple libraries were found for &#34;Adafruit_NeoPixel.h&#34;
  Used: /home/ec2-user/arduino-testlib/cli-datadir/user/libraries/Adafruit_NeoPixel
  Not used: /home/ec2-user/arduino-testlib/cli-datadir/user/libraries/Leaphy_Extra_Extension
  Not used: /home/ec2-user/arduino-testlib/cli-datadir/user/libraries/Pinduino
Multiple libraries were found for &#34;DallasTemperature.h&#34;
  Used: /home/ec2-user/arduino-testlib/cli-datadir/user/libraries/DallasTemperature
  Not used: /home/ec2-user/arduino-testlib/cli-datadir/user/libraries/SDU_AGS_SensorBoard
  Not used: /home/ec2-user/arduino-testlib/cli-datadir/user/libraries/MAX31850_DallasTemp
Multiple libraries were found for &#34;OneWire.h&#34;
  Used: /home/ec2-user/arduino-testlib/cli-datadir/user/libraries/OneWire
  Not used: /home/ec2-user/arduino-testlib/cli-datadir/user/libraries/OneWireNg
  Not used: /home/ec2-user/arduino-testlib/cli-datadir/user/libraries/MAX31850_OneWire
  Not used: /home/ec2-user/arduino-testlib/cli-datadir/user/libraries/SDU_AGS_SensorBoard
</pre>
					
					<h4>examples/RotaryLight</h4>
					<p>
						Result: <b>FAIL</b>
					</p>
					<pre class="pre-scrollable">In file included from /home/ec2-user/arduino-testlib/cli-datadir/user/libraries/NanoProtoShield/src/NanoProtoShield.h:14:0,
                 from /home/ec2-user/arduino-testlib/cli-datadir/user/libraries/NanoProtoShield/examples/RotaryLight/RotaryLight.ino:19:
/home/ec2-user/arduino-testlib/cli-datadir/user/libraries/PinChangeInterrupt/src/PinChangeInterrupt.h:30:20: fatal error: avr/io.h: No such file or directory
 #include &lt;avr/io.h&gt;
                    ^
compilation terminated.
Multiple libraries were found for &#34;Adafruit_NeoPixel.h&#34;
  Used: /home/ec2-user/arduino-testlib/cli-datadir/user/libraries/Adafruit_NeoPixel
  Not used: /home/ec2-user/arduino-testlib/cli-datadir/user/libraries/Leaphy_Extra_Extension
  Not used: /home/ec2-user/arduino-testlib/cli-datadir/user/libraries/Pinduino
Multiple libraries were found for &#34;PinChangeInterrupt.h&#34;
  Used: /home/ec2-user/arduino-testlib/cli-datadir/user/libraries/PinChangeInterrupt
  Not used: /home/ec2-user/arduino-testlib/cli-datadir/user/libraries/TheThingsNode
Multiple libraries were found for &#34;Adafruit_SSD1306.h&#34;
  Used: /home/ec2-user/arduino-testlib/cli-datadir/user/libraries/Adafruit_SSD1306
  Not used: /home/ec2-user/arduino-testlib/cli-datadir/user/libraries/Adafruit_SSD1306_Wemos_Mini_OLED
Multiple libraries were found for &#34;OneWire.h&#34;
  Used: /home/ec2-user/arduino-testlib/cli-datadir/user/libraries/OneWire
  Not used: /home/ec2-user/arduino-testlib/cli-datadir/user/libraries/MAX31850_OneWire
  Not used: /home/ec2-user/arduino-testlib/cli-datadir/user/libraries/OneWireNg
  Not used: /home/ec2-user/arduino-testlib/cli-datadir/user/libraries/SDU_AGS_SensorBoard
Multiple libraries were found for &#34;DallasTemperature.h&#34;
  Used: /home/ec2-user/arduino-testlib/cli-datadir/user/libraries/DallasTemperature
  Not used: /home/ec2-user/arduino-testlib/cli-datadir/user/libraries/MAX31850_DallasTemp
  Not used: /home/ec2-user/arduino-testlib/cli-datadir/user/libraries/SDU_AGS_SensorBoard
</pre>
					
					<h4>examples/ShowButtonPress</h4>
					<p>
						Result: <b>FAIL</b>
					</p>
					<pre class="pre-scrollable">In file included from /home/ec2-user/arduino-testlib/cli-datadir/user/libraries/NanoProtoShield/src/NanoProtoShield.h:14:0,
                 from /home/ec2-user/arduino-testlib/cli-datadir/user/libraries/NanoProtoShield/examples/ShowButtonPress/ShowButtonPress.ino:16:
/home/ec2-user/arduino-testlib/cli-datadir/user/libraries/PinChangeInterrupt/src/PinChangeInterrupt.h:30:20: fatal error: avr/io.h: No such file or directory
 #include &lt;avr/io.h&gt;
                    ^
compilation terminated.
Multiple libraries were found for &#34;Adafruit_SSD1306.h&#34;
  Used: /home/ec2-user/arduino-testlib/cli-datadir/user/libraries/Adafruit_SSD1306
  Not used: /home/ec2-user/arduino-testlib/cli-datadir/user/libraries/Adafruit_SSD1306_Wemos_Mini_OLED
Multiple libraries were found for &#34;PinChangeInterrupt.h&#34;
  Used: /home/ec2-user/arduino-testlib/cli-datadir/user/libraries/PinChangeInterrupt
  Not used: /home/ec2-user/arduino-testlib/cli-datadir/user/libraries/TheThingsNode
Multiple libraries were found for &#34;Adafruit_NeoPixel.h&#34;
  Used: /home/ec2-user/arduino-testlib/cli-datadir/user/libraries/Adafruit_NeoPixel
  Not used: /home/ec2-user/arduino-testlib/cli-datadir/user/libraries/Leaphy_Extra_Extension
  Not used: /home/ec2-user/arduino-testlib/cli-datadir/user/libraries/Pinduino
Multiple libraries were found for &#34;OneWire.h&#34;
  Used: /home/ec2-user/arduino-testlib/cli-datadir/user/libraries/OneWire
  Not used: /home/ec2-user/arduino-testlib/cli-datadir/user/libraries/OneWireNg
  Not used: /home/ec2-user/arduino-testlib/cli-datadir/user/libraries/MAX31850_OneWire
  Not used: /home/ec2-user/arduino-testlib/cli-datadir/user/libraries/SDU_AGS_SensorBoard
Multiple libraries were found for &#34;DallasTemperature.h&#34;
  Used: /home/ec2-user/arduino-testlib/cli-datadir/user/libraries/DallasTemperature
  Not used: /home/ec2-user/arduino-testlib/cli-datadir/user/libraries/MAX31850_DallasTemp
  Not used: /home/ec2-user/arduino-testlib/cli-datadir/user/libraries/SDU_AGS_SensorBoard
</pre>
					
					<h4>examples/ShowButtonPressInterrupt</h4>
					<p>
						Result: <b>FAIL</b>
					</p>
					<pre class="pre-scrollable">In file included from /home/ec2-user/arduino-testlib/cli-datadir/user/libraries/NanoProtoShield/src/NanoProtoShield.h:14:0,
                 from /home/ec2-user/arduino-testlib/cli-datadir/user/libraries/NanoProtoShield/examples/ShowButtonPressInterrupt/ShowButtonPressInterrupt.ino:17:
/home/ec2-user/arduino-testlib/cli-datadir/user/libraries/PinChangeInterrupt/src/PinChangeInterrupt.h:30:20: fatal error: avr/io.h: No such file or directory
 #include &lt;avr/io.h&gt;
                    ^
compilation terminated.
Multiple libraries were found for &#34;PinChangeInterrupt.h&#34;
  Used: /home/ec2-user/arduino-testlib/cli-datadir/user/libraries/PinChangeInterrupt
  Not used: /home/ec2-user/arduino-testlib/cli-datadir/user/libraries/TheThingsNode
Multiple libraries were found for &#34;Adafruit_SSD1306.h&#34;
  Used: /home/ec2-user/arduino-testlib/cli-datadir/user/libraries/Adafruit_SSD1306
  Not used: /home/ec2-user/arduino-testlib/cli-datadir/user/libraries/Adafruit_SSD1306_Wemos_Mini_OLED
Multiple libraries were found for &#34;Adafruit_NeoPixel.h&#34;
  Used: /home/ec2-user/arduino-testlib/cli-datadir/user/libraries/Adafruit_NeoPixel
  Not used: /home/ec2-user/arduino-testlib/cli-datadir/user/libraries/Leaphy_Extra_Extension
  Not used: /home/ec2-user/arduino-testlib/cli-datadir/user/libraries/Pinduino
Multiple libraries were found for &#34;OneWire.h&#34;
  Used: /home/ec2-user/arduino-testlib/cli-datadir/user/libraries/OneWire
  Not used: /home/ec2-user/arduino-testlib/cli-datadir/user/libraries/SDU_AGS_SensorBoard
  Not used: /home/ec2-user/arduino-testlib/cli-datadir/user/libraries/MAX31850_OneWire
  Not used: /home/ec2-user/arduino-testlib/cli-datadir/user/libraries/OneWireNg
Multiple libraries were found for &#34;DallasTemperature.h&#34;
  Used: /home/ec2-user/arduino-testlib/cli-datadir/user/libraries/DallasTemperature
  Not used: /home/ec2-user/arduino-testlib/cli-datadir/user/libraries/SDU_AGS_SensorBoard
  Not used: /home/ec2-user/arduino-testlib/cli-datadir/user/libraries/MAX31850_DallasTemp
</pre>
					
					<h4>examples/SpeedGame</h4>
					<p>
						Result: <b>FAIL</b>
					</p>
					<pre class="pre-scrollable">In file included from /home/ec2-user/arduino-testlib/cli-datadir/user/libraries/NanoProtoShield/src/NanoProtoShield.h:14:0,
                 from /home/ec2-user/arduino-testlib/cli-datadir/user/libraries/NanoProtoShield/examples/SpeedGame/SpeedGame.ino:20:
/home/ec2-user/arduino-testlib/cli-datadir/user/libraries/PinChangeInterrupt/src/PinChangeInterrupt.h:30:20: fatal error: avr/io.h: No such file or directory
 #include &lt;avr/io.h&gt;
                    ^
compilation terminated.
Multiple libraries were found for &#34;Adafruit_NeoPixel.h&#34;
  Used: /home/ec2-user/arduino-testlib/cli-datadir/user/libraries/Adafruit_NeoPixel
  Not used: /home/ec2-user/arduino-testlib/cli-datadir/user/libraries/Pinduino
  Not used: /home/ec2-user/arduino-testlib/cli-datadir/user/libraries/Leaphy_Extra_Extension
Multiple libraries were found for &#34;OneWire.h&#34;
  Used: /home/ec2-user/arduino-testlib/cli-datadir/user/libraries/OneWire
  Not used: /home/ec2-user/arduino-testlib/cli-datadir/user/libraries/MAX31850_OneWire
  Not used: /home/ec2-user/arduino-testlib/cli-datadir/user/libraries/SDU_AGS_SensorBoard
  Not used: /home/ec2-user/arduino-testlib/cli-datadir/user/libraries/OneWireNg
Multiple libraries were found for &#34;PinChangeInterrupt.h&#34;
  Used: /home/ec2-user/arduino-testlib/cli-datadir/user/libraries/PinChangeInterrupt
  Not used: /home/ec2-user/arduino-testlib/cli-datadir/user/libraries/TheThingsNode
Multiple libraries were found for &#34;Adafruit_SSD1306.h&#34;
  Used: /home/ec2-user/arduino-testlib/cli-datadir/user/libraries/Adafruit_SSD1306
  Not used: /home/ec2-user/arduino-testlib/cli-datadir/user/libraries/Adafruit_SSD1306_Wemos_Mini_OLED
Multiple libraries were found for &#34;DallasTemperature.h&#34;
  Used: /home/ec2-user/arduino-testlib/cli-datadir/user/libraries/DallasTemperature
  Not used: /home/ec2-user/arduino-testlib/cli-datadir/user/libraries/MAX31850_DallasTemp
  Not used: /home/ec2-user/arduino-testlib/cli-datadir/user/libraries/SDU_AGS_SensorBoard
</pre>
					
					<h4>examples/TemperatureToRGB</h4>
					<p>
						Result: <b>FAIL</b>
					</p>
					<pre class="pre-scrollable">In file included from /home/ec2-user/arduino-testlib/cli-datadir/user/libraries/NanoProtoShield/src/NanoProtoShield.h:14:0,
                 from /home/ec2-user/arduino-testlib/cli-datadir/user/libraries/NanoProtoShield/examples/TemperatureToRGB/TemperatureToRGB.ino:19:
/home/ec2-user/arduino-testlib/cli-datadir/user/libraries/PinChangeInterrupt/src/PinChangeInterrupt.h:30:20: fatal error: avr/io.h: No such file or directory
 #include &lt;avr/io.h&gt;
                    ^
compilation terminated.
Multiple libraries were found for &#34;Adafruit_SSD1306.h&#34;
  Used: /home/ec2-user/arduino-testlib/cli-datadir/user/libraries/Adafruit_SSD1306
  Not used: /home/ec2-user/arduino-testlib/cli-datadir/user/libraries/Adafruit_SSD1306_Wemos_Mini_OLED
Multiple libraries were found for &#34;DallasTemperature.h&#34;
  Used: /home/ec2-user/arduino-testlib/cli-datadir/user/libraries/DallasTemperature
  Not used: /home/ec2-user/arduino-testlib/cli-datadir/user/libraries/SDU_AGS_SensorBoard
  Not used: /home/ec2-user/arduino-testlib/cli-datadir/user/libraries/MAX31850_DallasTemp
Multiple libraries were found for &#34;PinChangeInterrupt.h&#34;
  Used: /home/ec2-user/arduino-testlib/cli-datadir/user/libraries/PinChangeInterrupt
  Not used: /home/ec2-user/arduino-testlib/cli-datadir/user/libraries/TheThingsNode
Multiple libraries were found for &#34;Adafruit_NeoPixel.h&#34;
  Used: /home/ec2-user/arduino-testlib/cli-datadir/user/libraries/Adafruit_NeoPixel
  Not used: /home/ec2-user/arduino-testlib/cli-datadir/user/libraries/Leaphy_Extra_Extension
  Not used: /home/ec2-user/arduino-testlib/cli-datadir/user/libraries/Pinduino
Multiple libraries were found for &#34;OneWire.h&#34;
  Used: /home/ec2-user/arduino-testlib/cli-datadir/user/libraries/OneWire
  Not used: /home/ec2-user/arduino-testlib/cli-datadir/user/libraries/SDU_AGS_SensorBoard
  Not used: /home/ec2-user/arduino-testlib/cli-datadir/user/libraries/OneWireNg
  Not used: /home/ec2-user/arduino-testlib/cli-datadir/user/libraries/MAX31850_OneWire
</pre>
					
					<h4>examples/VerifyBoard</h4>
					<p>
						Result: <b>FAIL</b>
					</p>
					<pre class="pre-scrollable">In file included from /home/ec2-user/arduino-testlib/cli-datadir/user/libraries/NanoProtoShield/src/NanoProtoShield.h:14:0,
                 from /home/ec2-user/arduino-testlib/cli-datadir/user/libraries/NanoProtoShield/examples/VerifyBoard/VerifyBoard.ino:18:
/home/ec2-user/arduino-testlib/cli-datadir/user/libraries/PinChangeInterrupt/src/PinChangeInterrupt.h:30:20: fatal error: avr/io.h: No such file or directory
 #include &lt;avr/io.h&gt;
                    ^
compilation terminated.
Multiple libraries were found for &#34;DallasTemperature.h&#34;
  Used: /home/ec2-user/arduino-testlib/cli-datadir/user/libraries/DallasTemperature
  Not used: /home/ec2-user/arduino-testlib/cli-datadir/user/libraries/MAX31850_DallasTemp
  Not used: /home/ec2-user/arduino-testlib/cli-datadir/user/libraries/SDU_AGS_SensorBoard
Multiple libraries were found for &#34;Adafruit_SSD1306.h&#34;
  Used: /home/ec2-user/arduino-testlib/cli-datadir/user/libraries/Adafruit_SSD1306
  Not used: /home/ec2-user/arduino-testlib/cli-datadir/user/libraries/Adafruit_SSD1306_Wemos_Mini_OLED
Multiple libraries were found for &#34;Adafruit_NeoPixel.h&#34;
  Used: /home/ec2-user/arduino-testlib/cli-datadir/user/libraries/Adafruit_NeoPixel
  Not used: /home/ec2-user/arduino-testlib/cli-datadir/user/libraries/Leaphy_Extra_Extension
  Not used: /home/ec2-user/arduino-testlib/cli-datadir/user/libraries/Pinduino
Multiple libraries were found for &#34;OneWire.h&#34;
  Used: /home/ec2-user/arduino-testlib/cli-datadir/user/libraries/OneWire
  Not used: /home/ec2-user/arduino-testlib/cli-datadir/user/libraries/MAX31850_OneWire
  Not used: /home/ec2-user/arduino-testlib/cli-datadir/user/libraries/SDU_AGS_SensorBoard
  Not used: /home/ec2-user/arduino-testlib/cli-datadir/user/libraries/OneWireNg
Multiple libraries were found for &#34;PinChangeInterrupt.h&#34;
  Used: /home/ec2-user/arduino-testlib/cli-datadir/user/libraries/PinChangeInterrupt
  Not used: /home/ec2-user/arduino-testlib/cli-datadir/user/libraries/TheThingsNode
</pre>
					
				
			</div>
		</div>
	</div>
  </body>
</html>
