
<!doctype html>
<html lang="en">
  <head>
    <meta charset="utf-8">
    <meta name="viewport" content="width=device-width, initial-scale=1">
    <link href="https://cdn.jsdelivr.net/npm/bootstrap@5.0.2/dist/css/bootstrap.min.css" rel="stylesheet" integrity="sha384-EVSTQN3/azprG1Anm3QDgpJLIm9Nao0Yz1ztcQTwFspd3yD65VohhpuuCOmLASjC" crossorigin="anonymous">
    <title>arduino-testlib report</title>
	<style>
	.pass { background-color: #00FF00 !important; }
	.fail { background-color: #FF0000 !important; }
	</style>
  </head>
  <body>
	<div class="container">
		<div class="row">
			<div class="col">
				<h1>Nano_Every_WS2812B - compatibility matrix</h1>
				<p>
					<small>This report was generated on Wednesday, 23-Feb-22 22:48:15 CET using 
					<a href="https://github.com/alranel/arduino-testlib">arduino-testlib</a>.</small>
				</p>

				<h2>Nano_Every_WS2812B</h2>
				<p>
					Version: <b>1.0.5</b>
					<br />
					<a href="https://www.arduino.cc/reference/en/libraries/nano_every_ws2812b/">More details</a>
				</p>

				<h2>Compatibility matrix</h2>
				<table class="table table-bordered">
					<tr>
						<th>Board</th>
						<th>Claims compatibility</th>
						<th>Inclusion</th>
						
						<th><pre>Snake</pre></th>
						
						<th><pre>Stroboscope</pre></th>
						
						<th><pre>Bitmap</pre></th>
						
					</tr>
					
					<tr>
						<td>
							<a href="#arduino%3aavr%3auno"><b>arduino:avr:uno</b></a>
							<br />
							<small>1.8.4</small>
						</td>

						
						
						
						
							<td>No</td>
							<td class="fail">FAIL</td>
						

						
							
								
									
										
									
										
											
											<td class="fail">FAIL</td>
										
									
										
									
								
							
								
							
								
							
								
							
								
							
						
							
								
									
										
									
										
									
										
											
											<td class="fail">FAIL</td>
										
									
								
							
								
							
								
							
								
							
								
							
						
							
								
									
										
											
											<td class="fail">FAIL</td>
										
									
										
									
										
									
								
							
								
							
								
							
								
							
								
							
						
					</tr>
					
					<tr>
						<td>
							<a href="#arduino%3ambed_nano%3ananorp2040connect"><b>arduino:mbed_nano:nanorp2040connect</b></a>
							<br />
							<small>2.7.2</small>
						</td>

						
						
						
						
							<td>No</td>
							<td class="fail">FAIL</td>
						

						
							
								
							
								
									
										
									
										
											
											<td class="fail">FAIL</td>
										
									
										
									
								
							
								
							
								
							
								
							
						
							
								
							
								
									
										
									
										
									
										
											
											<td class="fail">FAIL</td>
										
									
								
							
								
							
								
							
								
							
						
							
								
							
								
									
										
											
											<td class="fail">FAIL</td>
										
									
										
									
										
									
								
							
								
							
								
							
								
							
						
					</tr>
					
					<tr>
						<td>
							<a href="#arduino%3amegaavr%3anona4809"><b>arduino:megaavr:nona4809</b></a>
							<br />
							<small>1.8.7</small>
						</td>

						
							<td>Yes</td>
							<td class="pass">PASS</td>
						
						
						
						

						
							
								
							
								
							
								
									
										
									
										
											<td class="pass">PASS</td>
											
										
									
										
									
								
							
								
							
								
							
						
							
								
							
								
							
								
									
										
									
										
									
										
											<td class="pass">PASS</td>
											
										
									
								
							
								
							
								
							
						
							
								
							
								
							
								
									
										
											<td class="pass">PASS</td>
											
										
									
										
									
										
									
								
							
								
							
								
							
						
					</tr>
					
					<tr>
						<td>
							<a href="#arduino%3asamd%3amkrwifi1010"><b>arduino:samd:mkrwifi1010</b></a>
							<br />
							<small>1.8.12</small>
						</td>

						
						
						
						
							<td>No</td>
							<td class="fail">FAIL</td>
						

						
							
								
							
								
							
								
							
								
									
										
									
										
											
											<td class="fail">FAIL</td>
										
									
										
									
								
							
								
							
						
							
								
							
								
							
								
							
								
									
										
									
										
									
										
											
											<td class="fail">FAIL</td>
										
									
								
							
								
							
						
							
								
							
								
							
								
							
								
									
										
											
											<td class="fail">FAIL</td>
										
									
										
									
										
									
								
							
								
							
						
					</tr>
					
					<tr>
						<td>
							<a href="#esp32%3aesp32%3ad1_mini32"><b>esp32:esp32:d1_mini32</b></a>
							<br />
							<small>1.0.6</small>
						</td>

						
						
						
						
							<td>No</td>
							<td class="fail">FAIL</td>
						

						
							
								
							
								
							
								
							
								
							
								
									
										
									
										
											
											<td class="fail">FAIL</td>
										
									
										
									
								
							
						
							
								
							
								
							
								
							
								
							
								
									
										
									
										
									
										
											
											<td class="fail">FAIL</td>
										
									
								
							
						
							
								
							
								
							
								
							
								
							
								
									
										
											
											<td class="fail">FAIL</td>
										
									
										
									
										
									
								
							
						
					</tr>
					
				</table>

				<h2>Compilation logs</h2>
				
				<h3 id="arduino:avr:uno">arduino:avr:uno @ 1.8.4</h3>
				<h4>Inclusion</h4>
				<p>
					Result: <b>FAIL</b>
					
				</p>
				<pre class="pre-scrollable">WARNING: library Nano_Every_WS2812B claims to run on megaavr architecture(s) and may be incompatible with your current board which runs on avr architecture(s).
/home/ec2-user/arduino-testlib/cli-datadir/user/libraries/Nano_Every_WS2812B/src/Nano_Every_WS2812B.cpp: In member function &#39;void CI_WS2812B::TCB2_init()&#39;:
/home/ec2-user/arduino-testlib/cli-datadir/user/libraries/Nano_Every_WS2812B/src/Nano_Every_WS2812B.cpp:91:3: error: &#39;TCB2&#39; was not declared in this scope
   TCB2.CTRLB = TCB_CNTMODE_PWM8_gc; // 8-bit PWM, no need to enable the waveform output.
   ^~~~
/home/ec2-user/arduino-testlib/cli-datadir/user/libraries/Nano_Every_WS2812B/src/Nano_Every_WS2812B.cpp:91:3: note: suggested alternative: &#39;ACBG&#39;
   TCB2.CTRLB = TCB_CNTMODE_PWM8_gc; // 8-bit PWM, no need to enable the waveform output.
   ^~~~
   ACBG
/home/ec2-user/arduino-testlib/cli-datadir/user/libraries/Nano_Every_WS2812B/src/Nano_Every_WS2812B.cpp:91:16: error: &#39;TCB_CNTMODE_PWM8_gc&#39; was not declared in this scope
   TCB2.CTRLB = TCB_CNTMODE_PWM8_gc; // 8-bit PWM, no need to enable the waveform output.
                ^~~~~~~~~~~~~~~~~~~
/home/ec2-user/arduino-testlib/cli-datadir/user/libraries/Nano_Every_WS2812B/src/Nano_Every_WS2812B.cpp: In member function &#39;void CI_WS2812B::SPI_init()&#39;:
/home/ec2-user/arduino-testlib/cli-datadir/user/libraries/Nano_Every_WS2812B/src/Nano_Every_WS2812B.cpp:107:3: error: &#39;SPI0&#39; was not declared in this scope
   SPI0.CTRLA = SPI_ENABLE_bm | SPI_MASTER_bm | SPI_PRESC_DIV16_gc;
   ^~~~
/home/ec2-user/arduino-testlib/cli-datadir/user/libraries/Nano_Every_WS2812B/src/Nano_Every_WS2812B.cpp:107:3: note: suggested alternative: &#39;SPIE&#39;
   SPI0.CTRLA = SPI_ENABLE_bm | SPI_MASTER_bm | SPI_PRESC_DIV16_gc;
   ^~~~
   SPIE
/home/ec2-user/arduino-testlib/cli-datadir/user/libraries/Nano_Every_WS2812B/src/Nano_Every_WS2812B.cpp:107:16: error: &#39;SPI_ENABLE_bm&#39; was not declared in this scope
   SPI0.CTRLA = SPI_ENABLE_bm | SPI_MASTER_bm | SPI_PRESC_DIV16_gc;
                ^~~~~~~~~~~~~
/home/ec2-user/arduino-testlib/cli-datadir/user/libraries/Nano_Every_WS2812B/src/Nano_Every_WS2812B.cpp:107:32: error: &#39;SPI_MASTER_bm&#39; was not declared in this scope
   SPI0.CTRLA = SPI_ENABLE_bm | SPI_MASTER_bm | SPI_PRESC_DIV16_gc;
                                ^~~~~~~~~~~~~
/home/ec2-user/arduino-testlib/cli-datadir/user/libraries/Nano_Every_WS2812B/src/Nano_Every_WS2812B.cpp:107:48: error: &#39;SPI_PRESC_DIV16_gc&#39; was not declared in this scope
   SPI0.CTRLA = SPI_ENABLE_bm | SPI_MASTER_bm | SPI_PRESC_DIV16_gc;
                                                ^~~~~~~~~~~~~~~~~~
/home/ec2-user/arduino-testlib/cli-datadir/user/libraries/Nano_Every_WS2812B/src/Nano_Every_WS2812B.cpp:108:16: error: &#39;SPI_MODE_1_gc&#39; was not declared in this scope
   SPI0.CTRLB = SPI_MODE_1_gc | SPI_SSD_bm;  // Slave Select disabled.
                ^~~~~~~~~~~~~
/home/ec2-user/arduino-testlib/cli-datadir/user/libraries/Nano_Every_WS2812B/src/Nano_Every_WS2812B.cpp:108:16: note: suggested alternative: &#39;LB_MODE_1&#39;
   SPI0.CTRLB = SPI_MODE_1_gc | SPI_SSD_bm;  // Slave Select disabled.
                ^~~~~~~~~~~~~
                LB_MODE_1
/home/ec2-user/arduino-testlib/cli-datadir/user/libraries/Nano_Every_WS2812B/src/Nano_Every_WS2812B.cpp:108:32: error: &#39;SPI_SSD_bm&#39; was not declared in this scope
   SPI0.CTRLB = SPI_MODE_1_gc | SPI_SSD_bm;  // Slave Select disabled.
                                ^~~~~~~~~~
/home/ec2-user/arduino-testlib/cli-datadir/user/libraries/Nano_Every_WS2812B/src/Nano_Every_WS2812B.cpp:108:32: note: suggested alternative: &#39;SPI_STC_vect&#39;
   SPI0.CTRLB = SPI_MODE_1_gc | SPI_SSD_bm;  // Slave Select disabled.
                                ^~~~~~~~~~
                                SPI_STC_vect
/home/ec2-user/arduino-testlib/cli-datadir/user/libraries/Nano_Every_WS2812B/src/Nano_Every_WS2812B.cpp: In member function &#39;void CI_WS2812B::SPI_transfer(uint8_t)&#39;:
/home/ec2-user/arduino-testlib/cli-datadir/user/libraries/Nano_Every_WS2812B/src/Nano_Every_WS2812B.cpp:114:3: error: &#39;SPI0&#39; was not declared in this scope
   SPI0.INTFLAGS = SPI0_INTFLAGS;
   ^~~~
/home/ec2-user/arduino-testlib/cli-datadir/user/libraries/Nano_Every_WS2812B/src/Nano_Every_WS2812B.cpp:114:3: note: suggested alternative: &#39;SPIE&#39;
   SPI0.INTFLAGS = SPI0_INTFLAGS;
   ^~~~
   SPIE
/home/ec2-user/arduino-testlib/cli-datadir/user/libraries/Nano_Every_WS2812B/src/Nano_Every_WS2812B.cpp:114:19: error: &#39;SPI0_INTFLAGS&#39; was not declared in this scope
   SPI0.INTFLAGS = SPI0_INTFLAGS;
                   ^~~~~~~~~~~~~
/home/ec2-user/arduino-testlib/cli-datadir/user/libraries/Nano_Every_WS2812B/src/Nano_Every_WS2812B.cpp:116:3: error: &#39;TCB2&#39; was not declared in this scope
   TCB2.CNT = -9; // Tweak factor. Adjust count to position waveform correctly with respect to SPI clock.
   ^~~~
/home/ec2-user/arduino-testlib/cli-datadir/user/libraries/Nano_Every_WS2812B/src/Nano_Every_WS2812B.cpp:116:3: note: suggested alternative: &#39;ACBG&#39;
   TCB2.CNT = -9; // Tweak factor. Adjust count to position waveform correctly with respect to SPI clock.
   ^~~~
   ACBG
/home/ec2-user/arduino-testlib/cli-datadir/user/libraries/Nano_Every_WS2812B/src/Nano_Every_WS2812B.cpp:122:27: error: &#39;SPI_RXCIF_bm&#39; was not declared in this scope
   while ((SPI0.INTFLAGS &amp; SPI_RXCIF_bm)==0)
                           ^~~~~~~~~~~~
/home/ec2-user/arduino-testlib/cli-datadir/user/libraries/Nano_Every_WS2812B/src/Nano_Every_WS2812B.cpp: In member function &#39;void CI_WS2812B::CCL_init()&#39;:
/home/ec2-user/arduino-testlib/cli-datadir/user/libraries/Nano_Every_WS2812B/src/Nano_Every_WS2812B.cpp:139:3: error: &#39;PORTMUX&#39; was not declared in this scope
   PORTMUX.CCLROUTEA |= PORTMUX_LUT1_bm; // Alternate pin for LUT1.
   ^~~~~~~
/home/ec2-user/arduino-testlib/cli-datadir/user/libraries/Nano_Every_WS2812B/src/Nano_Every_WS2812B.cpp:139:3: note: suggested alternative: &#39;PORT0&#39;
   PORTMUX.CCLROUTEA |= PORTMUX_LUT1_bm; // Alternate pin for LUT1.
   ^~~~~~~
   PORT0
/home/ec2-user/arduino-testlib/cli-datadir/user/libraries/Nano_Every_WS2812B/src/Nano_Every_WS2812B.cpp:139:24: error: &#39;PORTMUX_LUT1_bm&#39; was not declared in this scope
   PORTMUX.CCLROUTEA |= PORTMUX_LUT1_bm; // Alternate pin for LUT1.
                        ^~~~~~~~~~~~~~~
/home/ec2-user/arduino-testlib/cli-datadir/user/libraries/Nano_Every_WS2812B/src/Nano_Every_WS2812B.cpp:145:3: error: &#39;CCL&#39; was not declared in this scope
   CCL.LUT2CTRLB = CCL_INSEL0_MASK_gc | CCL_INSEL1_MASK_gc; // in0 = NC, in1 = NC.
   ^~~
/home/ec2-user/arduino-testlib/cli-datadir/user/libraries/Nano_Every_WS2812B/src/Nano_Every_WS2812B.cpp:145:3: note: suggested alternative: &#39;SCL&#39;
   CCL.LUT2CTRLB = CCL_INSEL0_MASK_gc | CCL_INSEL1_MASK_gc; // in0 = NC, in1 = NC.
   ^~~
   SCL
/home/ec2-user/arduino-testlib/cli-datadir/user/libraries/Nano_Every_WS2812B/src/Nano_Every_WS2812B.cpp:145:19: error: &#39;CCL_INSEL0_MASK_gc&#39; was not declared in this scope
   CCL.LUT2CTRLB = CCL_INSEL0_MASK_gc | CCL_INSEL1_MASK_gc; // in0 = NC, in1 = NC.
                   ^~~~~~~~~~~~~~~~~~
/home/ec2-user/arduino-testlib/cli-datadir/user/libraries/Nano_Every_WS2812B/src/Nano_Every_WS2812B.cpp:145:40: error: &#39;CCL_INSEL1_MASK_gc&#39; was not declared in this scope
   CCL.LUT2CTRLB = CCL_INSEL0_MASK_gc | CCL_INSEL1_MASK_gc; // in0 = NC, in1 = NC.
                                        ^~~~~~~~~~~~~~~~~~
/home/ec2-user/arduino-testlib/cli-datadir/user/libraries/Nano_Every_WS2812B/src/Nano_Every_WS2812B.cpp:146:19: error: &#39;CCL_INSEL2_TCB2_gc&#39; was not declared in this scope
   CCL.LUT2CTRLC = CCL_INSEL2_TCB2_gc; // in2 = TCB2.
                   ^~~~~~~~~~~~~~~~~~
/home/ec2-user/arduino-testlib/cli-datadir/user/libraries/Nano_Every_WS2812B/src/Nano_Every_WS2812B.cpp:149:19: error: &#39;CCL_ENABLE_bm&#39; was not declared in this scope
   CCL.LUT2CTRLA = CCL_ENABLE_bm; // Enable LUT2, output not needed.
                   ^~~~~~~~~~~~~
/home/ec2-user/arduino-testlib/cli-datadir/user/libraries/Nano_Every_WS2812B/src/Nano_Every_WS2812B.cpp:154:19: error: &#39;CCL_INSEL0_LINK_gc&#39; was not declared in this scope
   CCL.LUT1CTRLB = CCL_INSEL0_LINK_gc | CCL_INSEL1_SPI0_gc; // in0 = LINK LUT2, in1 = SPI0 MOSI.
                   ^~~~~~~~~~~~~~~~~~
/home/ec2-user/arduino-testlib/cli-datadir/user/libraries/Nano_Every_WS2812B/src/Nano_Every_WS2812B.cpp:154:40: error: &#39;CCL_INSEL1_SPI0_gc&#39; was not declared in this scope
   CCL.LUT1CTRLB = CCL_INSEL0_LINK_gc | CCL_INSEL1_SPI0_gc; // in0 = LINK LUT2, in1 = SPI0 MOSI.
                                        ^~~~~~~~~~~~~~~~~~
/home/ec2-user/arduino-testlib/cli-datadir/user/libraries/Nano_Every_WS2812B/src/Nano_Every_WS2812B.cpp:155:19: error: &#39;CCL_INSEL2_SPI0_gc&#39; was not declared in this scope
   CCL.LUT1CTRLC = CCL_INSEL2_SPI0_gc; // in2 = SPI0 SCK.
                   ^~~~~~~~~~~~~~~~~~
/home/ec2-user/arduino-testlib/cli-datadir/user/libraries/Nano_Every_WS2812B/src/Nano_Every_WS2812B.cpp:166:35: error: &#39;CCL_OUTEN_bm&#39; was not declared in this scope
   CCL.LUT1CTRLA = CCL_ENABLE_bm | CCL_OUTEN_bm; // Enable LUT1 and its output PC6 (= D4).
                                   ^~~~~~~~~~~~
/home/ec2-user/arduino-testlib/cli-datadir/user/libraries/Nano_Every_WS2812B/src/Nano_Every_WS2812B.cpp:168:31: error: &#39;CCL_RUNSTDBY_bm&#39; was not declared in this scope
   CCL.CTRLA = CCL_ENABLE_bm | CCL_RUNSTDBY_bm; // Enable CCL &amp; run in standby.
                               ^~~~~~~~~~~~~~~

</pre>

					
					<h4>examples/Bitmap</h4>
					<p>
						Result: <b>FAIL</b>
					</p>
					<pre class="pre-scrollable">WARNING: library Nano_Every_WS2812B claims to run on megaavr architecture(s) and may be incompatible with your current board which runs on avr architecture(s).
/home/ec2-user/arduino-testlib/cli-datadir/user/libraries/Nano_Every_WS2812B/src/Nano_Every_WS2812B.cpp: In member function &#39;void CI_WS2812B::TCB2_init()&#39;:
/home/ec2-user/arduino-testlib/cli-datadir/user/libraries/Nano_Every_WS2812B/src/Nano_Every_WS2812B.cpp:91:3: error: &#39;TCB2&#39; was not declared in this scope
   TCB2.CTRLB = TCB_CNTMODE_PWM8_gc; // 8-bit PWM, no need to enable the waveform output.
   ^~~~
/home/ec2-user/arduino-testlib/cli-datadir/user/libraries/Nano_Every_WS2812B/src/Nano_Every_WS2812B.cpp:91:3: note: suggested alternative: &#39;ACBG&#39;
   TCB2.CTRLB = TCB_CNTMODE_PWM8_gc; // 8-bit PWM, no need to enable the waveform output.
   ^~~~
   ACBG
/home/ec2-user/arduino-testlib/cli-datadir/user/libraries/Nano_Every_WS2812B/src/Nano_Every_WS2812B.cpp:91:16: error: &#39;TCB_CNTMODE_PWM8_gc&#39; was not declared in this scope
   TCB2.CTRLB = TCB_CNTMODE_PWM8_gc; // 8-bit PWM, no need to enable the waveform output.
                ^~~~~~~~~~~~~~~~~~~
/home/ec2-user/arduino-testlib/cli-datadir/user/libraries/Nano_Every_WS2812B/src/Nano_Every_WS2812B.cpp: In member function &#39;void CI_WS2812B::SPI_init()&#39;:
/home/ec2-user/arduino-testlib/cli-datadir/user/libraries/Nano_Every_WS2812B/src/Nano_Every_WS2812B.cpp:107:3: error: &#39;SPI0&#39; was not declared in this scope
   SPI0.CTRLA = SPI_ENABLE_bm | SPI_MASTER_bm | SPI_PRESC_DIV16_gc;
   ^~~~
/home/ec2-user/arduino-testlib/cli-datadir/user/libraries/Nano_Every_WS2812B/src/Nano_Every_WS2812B.cpp:107:3: note: suggested alternative: &#39;SPIE&#39;
   SPI0.CTRLA = SPI_ENABLE_bm | SPI_MASTER_bm | SPI_PRESC_DIV16_gc;
   ^~~~
   SPIE
/home/ec2-user/arduino-testlib/cli-datadir/user/libraries/Nano_Every_WS2812B/src/Nano_Every_WS2812B.cpp:107:16: error: &#39;SPI_ENABLE_bm&#39; was not declared in this scope
   SPI0.CTRLA = SPI_ENABLE_bm | SPI_MASTER_bm | SPI_PRESC_DIV16_gc;
                ^~~~~~~~~~~~~
/home/ec2-user/arduino-testlib/cli-datadir/user/libraries/Nano_Every_WS2812B/src/Nano_Every_WS2812B.cpp:107:32: error: &#39;SPI_MASTER_bm&#39; was not declared in this scope
   SPI0.CTRLA = SPI_ENABLE_bm | SPI_MASTER_bm | SPI_PRESC_DIV16_gc;
                                ^~~~~~~~~~~~~
/home/ec2-user/arduino-testlib/cli-datadir/user/libraries/Nano_Every_WS2812B/src/Nano_Every_WS2812B.cpp:107:48: error: &#39;SPI_PRESC_DIV16_gc&#39; was not declared in this scope
   SPI0.CTRLA = SPI_ENABLE_bm | SPI_MASTER_bm | SPI_PRESC_DIV16_gc;
                                                ^~~~~~~~~~~~~~~~~~
/home/ec2-user/arduino-testlib/cli-datadir/user/libraries/Nano_Every_WS2812B/src/Nano_Every_WS2812B.cpp:108:16: error: &#39;SPI_MODE_1_gc&#39; was not declared in this scope
   SPI0.CTRLB = SPI_MODE_1_gc | SPI_SSD_bm;  // Slave Select disabled.
                ^~~~~~~~~~~~~
/home/ec2-user/arduino-testlib/cli-datadir/user/libraries/Nano_Every_WS2812B/src/Nano_Every_WS2812B.cpp:108:16: note: suggested alternative: &#39;LB_MODE_1&#39;
   SPI0.CTRLB = SPI_MODE_1_gc | SPI_SSD_bm;  // Slave Select disabled.
                ^~~~~~~~~~~~~
                LB_MODE_1
/home/ec2-user/arduino-testlib/cli-datadir/user/libraries/Nano_Every_WS2812B/src/Nano_Every_WS2812B.cpp:108:32: error: &#39;SPI_SSD_bm&#39; was not declared in this scope
   SPI0.CTRLB = SPI_MODE_1_gc | SPI_SSD_bm;  // Slave Select disabled.
                                ^~~~~~~~~~
/home/ec2-user/arduino-testlib/cli-datadir/user/libraries/Nano_Every_WS2812B/src/Nano_Every_WS2812B.cpp:108:32: note: suggested alternative: &#39;SPI_STC_vect&#39;
   SPI0.CTRLB = SPI_MODE_1_gc | SPI_SSD_bm;  // Slave Select disabled.
                                ^~~~~~~~~~
                                SPI_STC_vect
/home/ec2-user/arduino-testlib/cli-datadir/user/libraries/Nano_Every_WS2812B/src/Nano_Every_WS2812B.cpp: In member function &#39;void CI_WS2812B::SPI_transfer(uint8_t)&#39;:
/home/ec2-user/arduino-testlib/cli-datadir/user/libraries/Nano_Every_WS2812B/src/Nano_Every_WS2812B.cpp:114:3: error: &#39;SPI0&#39; was not declared in this scope
   SPI0.INTFLAGS = SPI0_INTFLAGS;
   ^~~~
/home/ec2-user/arduino-testlib/cli-datadir/user/libraries/Nano_Every_WS2812B/src/Nano_Every_WS2812B.cpp:114:3: note: suggested alternative: &#39;SPIE&#39;
   SPI0.INTFLAGS = SPI0_INTFLAGS;
   ^~~~
   SPIE
/home/ec2-user/arduino-testlib/cli-datadir/user/libraries/Nano_Every_WS2812B/src/Nano_Every_WS2812B.cpp:114:19: error: &#39;SPI0_INTFLAGS&#39; was not declared in this scope
   SPI0.INTFLAGS = SPI0_INTFLAGS;
                   ^~~~~~~~~~~~~
/home/ec2-user/arduino-testlib/cli-datadir/user/libraries/Nano_Every_WS2812B/src/Nano_Every_WS2812B.cpp:116:3: error: &#39;TCB2&#39; was not declared in this scope
   TCB2.CNT = -9; // Tweak factor. Adjust count to position waveform correctly with respect to SPI clock.
   ^~~~
/home/ec2-user/arduino-testlib/cli-datadir/user/libraries/Nano_Every_WS2812B/src/Nano_Every_WS2812B.cpp:116:3: note: suggested alternative: &#39;ACBG&#39;
   TCB2.CNT = -9; // Tweak factor. Adjust count to position waveform correctly with respect to SPI clock.
   ^~~~
   ACBG
/home/ec2-user/arduino-testlib/cli-datadir/user/libraries/Nano_Every_WS2812B/src/Nano_Every_WS2812B.cpp:122:27: error: &#39;SPI_RXCIF_bm&#39; was not declared in this scope
   while ((SPI0.INTFLAGS &amp; SPI_RXCIF_bm)==0)
                           ^~~~~~~~~~~~
/home/ec2-user/arduino-testlib/cli-datadir/user/libraries/Nano_Every_WS2812B/src/Nano_Every_WS2812B.cpp: In member function &#39;void CI_WS2812B::CCL_init()&#39;:
/home/ec2-user/arduino-testlib/cli-datadir/user/libraries/Nano_Every_WS2812B/src/Nano_Every_WS2812B.cpp:139:3: error: &#39;PORTMUX&#39; was not declared in this scope
   PORTMUX.CCLROUTEA |= PORTMUX_LUT1_bm; // Alternate pin for LUT1.
   ^~~~~~~
/home/ec2-user/arduino-testlib/cli-datadir/user/libraries/Nano_Every_WS2812B/src/Nano_Every_WS2812B.cpp:139:3: note: suggested alternative: &#39;PORT0&#39;
   PORTMUX.CCLROUTEA |= PORTMUX_LUT1_bm; // Alternate pin for LUT1.
   ^~~~~~~
   PORT0
/home/ec2-user/arduino-testlib/cli-datadir/user/libraries/Nano_Every_WS2812B/src/Nano_Every_WS2812B.cpp:139:24: error: &#39;PORTMUX_LUT1_bm&#39; was not declared in this scope
   PORTMUX.CCLROUTEA |= PORTMUX_LUT1_bm; // Alternate pin for LUT1.
                        ^~~~~~~~~~~~~~~
/home/ec2-user/arduino-testlib/cli-datadir/user/libraries/Nano_Every_WS2812B/src/Nano_Every_WS2812B.cpp:145:3: error: &#39;CCL&#39; was not declared in this scope
   CCL.LUT2CTRLB = CCL_INSEL0_MASK_gc | CCL_INSEL1_MASK_gc; // in0 = NC, in1 = NC.
   ^~~
/home/ec2-user/arduino-testlib/cli-datadir/user/libraries/Nano_Every_WS2812B/src/Nano_Every_WS2812B.cpp:145:3: note: suggested alternative: &#39;SCL&#39;
   CCL.LUT2CTRLB = CCL_INSEL0_MASK_gc | CCL_INSEL1_MASK_gc; // in0 = NC, in1 = NC.
   ^~~
   SCL
/home/ec2-user/arduino-testlib/cli-datadir/user/libraries/Nano_Every_WS2812B/src/Nano_Every_WS2812B.cpp:145:19: error: &#39;CCL_INSEL0_MASK_gc&#39; was not declared in this scope
   CCL.LUT2CTRLB = CCL_INSEL0_MASK_gc | CCL_INSEL1_MASK_gc; // in0 = NC, in1 = NC.
                   ^~~~~~~~~~~~~~~~~~
/home/ec2-user/arduino-testlib/cli-datadir/user/libraries/Nano_Every_WS2812B/src/Nano_Every_WS2812B.cpp:145:40: error: &#39;CCL_INSEL1_MASK_gc&#39; was not declared in this scope
   CCL.LUT2CTRLB = CCL_INSEL0_MASK_gc | CCL_INSEL1_MASK_gc; // in0 = NC, in1 = NC.
                                        ^~~~~~~~~~~~~~~~~~
/home/ec2-user/arduino-testlib/cli-datadir/user/libraries/Nano_Every_WS2812B/src/Nano_Every_WS2812B.cpp:146:19: error: &#39;CCL_INSEL2_TCB2_gc&#39; was not declared in this scope
   CCL.LUT2CTRLC = CCL_INSEL2_TCB2_gc; // in2 = TCB2.
                   ^~~~~~~~~~~~~~~~~~
/home/ec2-user/arduino-testlib/cli-datadir/user/libraries/Nano_Every_WS2812B/src/Nano_Every_WS2812B.cpp:149:19: error: &#39;CCL_ENABLE_bm&#39; was not declared in this scope
   CCL.LUT2CTRLA = CCL_ENABLE_bm; // Enable LUT2, output not needed.
                   ^~~~~~~~~~~~~
/home/ec2-user/arduino-testlib/cli-datadir/user/libraries/Nano_Every_WS2812B/src/Nano_Every_WS2812B.cpp:154:19: error: &#39;CCL_INSEL0_LINK_gc&#39; was not declared in this scope
   CCL.LUT1CTRLB = CCL_INSEL0_LINK_gc | CCL_INSEL1_SPI0_gc; // in0 = LINK LUT2, in1 = SPI0 MOSI.
                   ^~~~~~~~~~~~~~~~~~
/home/ec2-user/arduino-testlib/cli-datadir/user/libraries/Nano_Every_WS2812B/src/Nano_Every_WS2812B.cpp:154:40: error: &#39;CCL_INSEL1_SPI0_gc&#39; was not declared in this scope
   CCL.LUT1CTRLB = CCL_INSEL0_LINK_gc | CCL_INSEL1_SPI0_gc; // in0 = LINK LUT2, in1 = SPI0 MOSI.
                                        ^~~~~~~~~~~~~~~~~~
/home/ec2-user/arduino-testlib/cli-datadir/user/libraries/Nano_Every_WS2812B/src/Nano_Every_WS2812B.cpp:155:19: error: &#39;CCL_INSEL2_SPI0_gc&#39; was not declared in this scope
   CCL.LUT1CTRLC = CCL_INSEL2_SPI0_gc; // in2 = SPI0 SCK.
                   ^~~~~~~~~~~~~~~~~~
/home/ec2-user/arduino-testlib/cli-datadir/user/libraries/Nano_Every_WS2812B/src/Nano_Every_WS2812B.cpp:166:35: error: &#39;CCL_OUTEN_bm&#39; was not declared in this scope
   CCL.LUT1CTRLA = CCL_ENABLE_bm | CCL_OUTEN_bm; // Enable LUT1 and its output PC6 (= D4).
                                   ^~~~~~~~~~~~
/home/ec2-user/arduino-testlib/cli-datadir/user/libraries/Nano_Every_WS2812B/src/Nano_Every_WS2812B.cpp:168:31: error: &#39;CCL_RUNSTDBY_bm&#39; was not declared in this scope
   CCL.CTRLA = CCL_ENABLE_bm | CCL_RUNSTDBY_bm; // Enable CCL &amp; run in standby.
                               ^~~~~~~~~~~~~~~

</pre>
					
					<h4>examples/Snake</h4>
					<p>
						Result: <b>FAIL</b>
					</p>
					<pre class="pre-scrollable">WARNING: library Nano_Every_WS2812B claims to run on megaavr architecture(s) and may be incompatible with your current board which runs on avr architecture(s).
/home/ec2-user/arduino-testlib/cli-datadir/user/libraries/Nano_Every_WS2812B/src/Nano_Every_WS2812B.cpp: In member function &#39;void CI_WS2812B::TCB2_init()&#39;:
/home/ec2-user/arduino-testlib/cli-datadir/user/libraries/Nano_Every_WS2812B/src/Nano_Every_WS2812B.cpp:91:3: error: &#39;TCB2&#39; was not declared in this scope
   TCB2.CTRLB = TCB_CNTMODE_PWM8_gc; // 8-bit PWM, no need to enable the waveform output.
   ^~~~
/home/ec2-user/arduino-testlib/cli-datadir/user/libraries/Nano_Every_WS2812B/src/Nano_Every_WS2812B.cpp:91:3: note: suggested alternative: &#39;ACBG&#39;
   TCB2.CTRLB = TCB_CNTMODE_PWM8_gc; // 8-bit PWM, no need to enable the waveform output.
   ^~~~
   ACBG
/home/ec2-user/arduino-testlib/cli-datadir/user/libraries/Nano_Every_WS2812B/src/Nano_Every_WS2812B.cpp:91:16: error: &#39;TCB_CNTMODE_PWM8_gc&#39; was not declared in this scope
   TCB2.CTRLB = TCB_CNTMODE_PWM8_gc; // 8-bit PWM, no need to enable the waveform output.
                ^~~~~~~~~~~~~~~~~~~
/home/ec2-user/arduino-testlib/cli-datadir/user/libraries/Nano_Every_WS2812B/src/Nano_Every_WS2812B.cpp: In member function &#39;void CI_WS2812B::SPI_init()&#39;:
/home/ec2-user/arduino-testlib/cli-datadir/user/libraries/Nano_Every_WS2812B/src/Nano_Every_WS2812B.cpp:107:3: error: &#39;SPI0&#39; was not declared in this scope
   SPI0.CTRLA = SPI_ENABLE_bm | SPI_MASTER_bm | SPI_PRESC_DIV16_gc;
   ^~~~
/home/ec2-user/arduino-testlib/cli-datadir/user/libraries/Nano_Every_WS2812B/src/Nano_Every_WS2812B.cpp:107:3: note: suggested alternative: &#39;SPIE&#39;
   SPI0.CTRLA = SPI_ENABLE_bm | SPI_MASTER_bm | SPI_PRESC_DIV16_gc;
   ^~~~
   SPIE
/home/ec2-user/arduino-testlib/cli-datadir/user/libraries/Nano_Every_WS2812B/src/Nano_Every_WS2812B.cpp:107:16: error: &#39;SPI_ENABLE_bm&#39; was not declared in this scope
   SPI0.CTRLA = SPI_ENABLE_bm | SPI_MASTER_bm | SPI_PRESC_DIV16_gc;
                ^~~~~~~~~~~~~
/home/ec2-user/arduino-testlib/cli-datadir/user/libraries/Nano_Every_WS2812B/src/Nano_Every_WS2812B.cpp:107:32: error: &#39;SPI_MASTER_bm&#39; was not declared in this scope
   SPI0.CTRLA = SPI_ENABLE_bm | SPI_MASTER_bm | SPI_PRESC_DIV16_gc;
                                ^~~~~~~~~~~~~
/home/ec2-user/arduino-testlib/cli-datadir/user/libraries/Nano_Every_WS2812B/src/Nano_Every_WS2812B.cpp:107:48: error: &#39;SPI_PRESC_DIV16_gc&#39; was not declared in this scope
   SPI0.CTRLA = SPI_ENABLE_bm | SPI_MASTER_bm | SPI_PRESC_DIV16_gc;
                                                ^~~~~~~~~~~~~~~~~~
/home/ec2-user/arduino-testlib/cli-datadir/user/libraries/Nano_Every_WS2812B/src/Nano_Every_WS2812B.cpp:108:16: error: &#39;SPI_MODE_1_gc&#39; was not declared in this scope
   SPI0.CTRLB = SPI_MODE_1_gc | SPI_SSD_bm;  // Slave Select disabled.
                ^~~~~~~~~~~~~
/home/ec2-user/arduino-testlib/cli-datadir/user/libraries/Nano_Every_WS2812B/src/Nano_Every_WS2812B.cpp:108:16: note: suggested alternative: &#39;LB_MODE_1&#39;
   SPI0.CTRLB = SPI_MODE_1_gc | SPI_SSD_bm;  // Slave Select disabled.
                ^~~~~~~~~~~~~
                LB_MODE_1
/home/ec2-user/arduino-testlib/cli-datadir/user/libraries/Nano_Every_WS2812B/src/Nano_Every_WS2812B.cpp:108:32: error: &#39;SPI_SSD_bm&#39; was not declared in this scope
   SPI0.CTRLB = SPI_MODE_1_gc | SPI_SSD_bm;  // Slave Select disabled.
                                ^~~~~~~~~~
/home/ec2-user/arduino-testlib/cli-datadir/user/libraries/Nano_Every_WS2812B/src/Nano_Every_WS2812B.cpp:108:32: note: suggested alternative: &#39;SPI_STC_vect&#39;
   SPI0.CTRLB = SPI_MODE_1_gc | SPI_SSD_bm;  // Slave Select disabled.
                                ^~~~~~~~~~
                                SPI_STC_vect
/home/ec2-user/arduino-testlib/cli-datadir/user/libraries/Nano_Every_WS2812B/src/Nano_Every_WS2812B.cpp: In member function &#39;void CI_WS2812B::SPI_transfer(uint8_t)&#39;:
/home/ec2-user/arduino-testlib/cli-datadir/user/libraries/Nano_Every_WS2812B/src/Nano_Every_WS2812B.cpp:114:3: error: &#39;SPI0&#39; was not declared in this scope
   SPI0.INTFLAGS = SPI0_INTFLAGS;
   ^~~~
/home/ec2-user/arduino-testlib/cli-datadir/user/libraries/Nano_Every_WS2812B/src/Nano_Every_WS2812B.cpp:114:3: note: suggested alternative: &#39;SPIE&#39;
   SPI0.INTFLAGS = SPI0_INTFLAGS;
   ^~~~
   SPIE
/home/ec2-user/arduino-testlib/cli-datadir/user/libraries/Nano_Every_WS2812B/src/Nano_Every_WS2812B.cpp:114:19: error: &#39;SPI0_INTFLAGS&#39; was not declared in this scope
   SPI0.INTFLAGS = SPI0_INTFLAGS;
                   ^~~~~~~~~~~~~
/home/ec2-user/arduino-testlib/cli-datadir/user/libraries/Nano_Every_WS2812B/src/Nano_Every_WS2812B.cpp:116:3: error: &#39;TCB2&#39; was not declared in this scope
   TCB2.CNT = -9; // Tweak factor. Adjust count to position waveform correctly with respect to SPI clock.
   ^~~~
/home/ec2-user/arduino-testlib/cli-datadir/user/libraries/Nano_Every_WS2812B/src/Nano_Every_WS2812B.cpp:116:3: note: suggested alternative: &#39;ACBG&#39;
   TCB2.CNT = -9; // Tweak factor. Adjust count to position waveform correctly with respect to SPI clock.
   ^~~~
   ACBG
/home/ec2-user/arduino-testlib/cli-datadir/user/libraries/Nano_Every_WS2812B/src/Nano_Every_WS2812B.cpp:122:27: error: &#39;SPI_RXCIF_bm&#39; was not declared in this scope
   while ((SPI0.INTFLAGS &amp; SPI_RXCIF_bm)==0)
                           ^~~~~~~~~~~~
/home/ec2-user/arduino-testlib/cli-datadir/user/libraries/Nano_Every_WS2812B/src/Nano_Every_WS2812B.cpp: In member function &#39;void CI_WS2812B::CCL_init()&#39;:
/home/ec2-user/arduino-testlib/cli-datadir/user/libraries/Nano_Every_WS2812B/src/Nano_Every_WS2812B.cpp:139:3: error: &#39;PORTMUX&#39; was not declared in this scope
   PORTMUX.CCLROUTEA |= PORTMUX_LUT1_bm; // Alternate pin for LUT1.
   ^~~~~~~
/home/ec2-user/arduino-testlib/cli-datadir/user/libraries/Nano_Every_WS2812B/src/Nano_Every_WS2812B.cpp:139:3: note: suggested alternative: &#39;PORT0&#39;
   PORTMUX.CCLROUTEA |= PORTMUX_LUT1_bm; // Alternate pin for LUT1.
   ^~~~~~~
   PORT0
/home/ec2-user/arduino-testlib/cli-datadir/user/libraries/Nano_Every_WS2812B/src/Nano_Every_WS2812B.cpp:139:24: error: &#39;PORTMUX_LUT1_bm&#39; was not declared in this scope
   PORTMUX.CCLROUTEA |= PORTMUX_LUT1_bm; // Alternate pin for LUT1.
                        ^~~~~~~~~~~~~~~
/home/ec2-user/arduino-testlib/cli-datadir/user/libraries/Nano_Every_WS2812B/src/Nano_Every_WS2812B.cpp:145:3: error: &#39;CCL&#39; was not declared in this scope
   CCL.LUT2CTRLB = CCL_INSEL0_MASK_gc | CCL_INSEL1_MASK_gc; // in0 = NC, in1 = NC.
   ^~~
/home/ec2-user/arduino-testlib/cli-datadir/user/libraries/Nano_Every_WS2812B/src/Nano_Every_WS2812B.cpp:145:3: note: suggested alternative: &#39;SCL&#39;
   CCL.LUT2CTRLB = CCL_INSEL0_MASK_gc | CCL_INSEL1_MASK_gc; // in0 = NC, in1 = NC.
   ^~~
   SCL
/home/ec2-user/arduino-testlib/cli-datadir/user/libraries/Nano_Every_WS2812B/src/Nano_Every_WS2812B.cpp:145:19: error: &#39;CCL_INSEL0_MASK_gc&#39; was not declared in this scope
   CCL.LUT2CTRLB = CCL_INSEL0_MASK_gc | CCL_INSEL1_MASK_gc; // in0 = NC, in1 = NC.
                   ^~~~~~~~~~~~~~~~~~
/home/ec2-user/arduino-testlib/cli-datadir/user/libraries/Nano_Every_WS2812B/src/Nano_Every_WS2812B.cpp:145:40: error: &#39;CCL_INSEL1_MASK_gc&#39; was not declared in this scope
   CCL.LUT2CTRLB = CCL_INSEL0_MASK_gc | CCL_INSEL1_MASK_gc; // in0 = NC, in1 = NC.
                                        ^~~~~~~~~~~~~~~~~~
/home/ec2-user/arduino-testlib/cli-datadir/user/libraries/Nano_Every_WS2812B/src/Nano_Every_WS2812B.cpp:146:19: error: &#39;CCL_INSEL2_TCB2_gc&#39; was not declared in this scope
   CCL.LUT2CTRLC = CCL_INSEL2_TCB2_gc; // in2 = TCB2.
                   ^~~~~~~~~~~~~~~~~~
/home/ec2-user/arduino-testlib/cli-datadir/user/libraries/Nano_Every_WS2812B/src/Nano_Every_WS2812B.cpp:149:19: error: &#39;CCL_ENABLE_bm&#39; was not declared in this scope
   CCL.LUT2CTRLA = CCL_ENABLE_bm; // Enable LUT2, output not needed.
                   ^~~~~~~~~~~~~
/home/ec2-user/arduino-testlib/cli-datadir/user/libraries/Nano_Every_WS2812B/src/Nano_Every_WS2812B.cpp:154:19: error: &#39;CCL_INSEL0_LINK_gc&#39; was not declared in this scope
   CCL.LUT1CTRLB = CCL_INSEL0_LINK_gc | CCL_INSEL1_SPI0_gc; // in0 = LINK LUT2, in1 = SPI0 MOSI.
                   ^~~~~~~~~~~~~~~~~~
/home/ec2-user/arduino-testlib/cli-datadir/user/libraries/Nano_Every_WS2812B/src/Nano_Every_WS2812B.cpp:154:40: error: &#39;CCL_INSEL1_SPI0_gc&#39; was not declared in this scope
   CCL.LUT1CTRLB = CCL_INSEL0_LINK_gc | CCL_INSEL1_SPI0_gc; // in0 = LINK LUT2, in1 = SPI0 MOSI.
                                        ^~~~~~~~~~~~~~~~~~
/home/ec2-user/arduino-testlib/cli-datadir/user/libraries/Nano_Every_WS2812B/src/Nano_Every_WS2812B.cpp:155:19: error: &#39;CCL_INSEL2_SPI0_gc&#39; was not declared in this scope
   CCL.LUT1CTRLC = CCL_INSEL2_SPI0_gc; // in2 = SPI0 SCK.
                   ^~~~~~~~~~~~~~~~~~
/home/ec2-user/arduino-testlib/cli-datadir/user/libraries/Nano_Every_WS2812B/src/Nano_Every_WS2812B.cpp:166:35: error: &#39;CCL_OUTEN_bm&#39; was not declared in this scope
   CCL.LUT1CTRLA = CCL_ENABLE_bm | CCL_OUTEN_bm; // Enable LUT1 and its output PC6 (= D4).
                                   ^~~~~~~~~~~~
/home/ec2-user/arduino-testlib/cli-datadir/user/libraries/Nano_Every_WS2812B/src/Nano_Every_WS2812B.cpp:168:31: error: &#39;CCL_RUNSTDBY_bm&#39; was not declared in this scope
   CCL.CTRLA = CCL_ENABLE_bm | CCL_RUNSTDBY_bm; // Enable CCL &amp; run in standby.
                               ^~~~~~~~~~~~~~~

</pre>
					
					<h4>examples/Stroboscope</h4>
					<p>
						Result: <b>FAIL</b>
					</p>
					<pre class="pre-scrollable">WARNING: library Nano_Every_WS2812B claims to run on megaavr architecture(s) and may be incompatible with your current board which runs on avr architecture(s).
/home/ec2-user/arduino-testlib/cli-datadir/user/libraries/Nano_Every_WS2812B/src/Nano_Every_WS2812B.cpp: In member function &#39;void CI_WS2812B::TCB2_init()&#39;:
/home/ec2-user/arduino-testlib/cli-datadir/user/libraries/Nano_Every_WS2812B/src/Nano_Every_WS2812B.cpp:91:3: error: &#39;TCB2&#39; was not declared in this scope
   TCB2.CTRLB = TCB_CNTMODE_PWM8_gc; // 8-bit PWM, no need to enable the waveform output.
   ^~~~
/home/ec2-user/arduino-testlib/cli-datadir/user/libraries/Nano_Every_WS2812B/src/Nano_Every_WS2812B.cpp:91:3: note: suggested alternative: &#39;ACBG&#39;
   TCB2.CTRLB = TCB_CNTMODE_PWM8_gc; // 8-bit PWM, no need to enable the waveform output.
   ^~~~
   ACBG
/home/ec2-user/arduino-testlib/cli-datadir/user/libraries/Nano_Every_WS2812B/src/Nano_Every_WS2812B.cpp:91:16: error: &#39;TCB_CNTMODE_PWM8_gc&#39; was not declared in this scope
   TCB2.CTRLB = TCB_CNTMODE_PWM8_gc; // 8-bit PWM, no need to enable the waveform output.
                ^~~~~~~~~~~~~~~~~~~
/home/ec2-user/arduino-testlib/cli-datadir/user/libraries/Nano_Every_WS2812B/src/Nano_Every_WS2812B.cpp: In member function &#39;void CI_WS2812B::SPI_init()&#39;:
/home/ec2-user/arduino-testlib/cli-datadir/user/libraries/Nano_Every_WS2812B/src/Nano_Every_WS2812B.cpp:107:3: error: &#39;SPI0&#39; was not declared in this scope
   SPI0.CTRLA = SPI_ENABLE_bm | SPI_MASTER_bm | SPI_PRESC_DIV16_gc;
   ^~~~
/home/ec2-user/arduino-testlib/cli-datadir/user/libraries/Nano_Every_WS2812B/src/Nano_Every_WS2812B.cpp:107:3: note: suggested alternative: &#39;SPIE&#39;
   SPI0.CTRLA = SPI_ENABLE_bm | SPI_MASTER_bm | SPI_PRESC_DIV16_gc;
   ^~~~
   SPIE
/home/ec2-user/arduino-testlib/cli-datadir/user/libraries/Nano_Every_WS2812B/src/Nano_Every_WS2812B.cpp:107:16: error: &#39;SPI_ENABLE_bm&#39; was not declared in this scope
   SPI0.CTRLA = SPI_ENABLE_bm | SPI_MASTER_bm | SPI_PRESC_DIV16_gc;
                ^~~~~~~~~~~~~
/home/ec2-user/arduino-testlib/cli-datadir/user/libraries/Nano_Every_WS2812B/src/Nano_Every_WS2812B.cpp:107:32: error: &#39;SPI_MASTER_bm&#39; was not declared in this scope
   SPI0.CTRLA = SPI_ENABLE_bm | SPI_MASTER_bm | SPI_PRESC_DIV16_gc;
                                ^~~~~~~~~~~~~
/home/ec2-user/arduino-testlib/cli-datadir/user/libraries/Nano_Every_WS2812B/src/Nano_Every_WS2812B.cpp:107:48: error: &#39;SPI_PRESC_DIV16_gc&#39; was not declared in this scope
   SPI0.CTRLA = SPI_ENABLE_bm | SPI_MASTER_bm | SPI_PRESC_DIV16_gc;
                                                ^~~~~~~~~~~~~~~~~~
/home/ec2-user/arduino-testlib/cli-datadir/user/libraries/Nano_Every_WS2812B/src/Nano_Every_WS2812B.cpp:108:16: error: &#39;SPI_MODE_1_gc&#39; was not declared in this scope
   SPI0.CTRLB = SPI_MODE_1_gc | SPI_SSD_bm;  // Slave Select disabled.
                ^~~~~~~~~~~~~
/home/ec2-user/arduino-testlib/cli-datadir/user/libraries/Nano_Every_WS2812B/src/Nano_Every_WS2812B.cpp:108:16: note: suggested alternative: &#39;LB_MODE_1&#39;
   SPI0.CTRLB = SPI_MODE_1_gc | SPI_SSD_bm;  // Slave Select disabled.
                ^~~~~~~~~~~~~
                LB_MODE_1
/home/ec2-user/arduino-testlib/cli-datadir/user/libraries/Nano_Every_WS2812B/src/Nano_Every_WS2812B.cpp:108:32: error: &#39;SPI_SSD_bm&#39; was not declared in this scope
   SPI0.CTRLB = SPI_MODE_1_gc | SPI_SSD_bm;  // Slave Select disabled.
                                ^~~~~~~~~~
/home/ec2-user/arduino-testlib/cli-datadir/user/libraries/Nano_Every_WS2812B/src/Nano_Every_WS2812B.cpp:108:32: note: suggested alternative: &#39;SPI_STC_vect&#39;
   SPI0.CTRLB = SPI_MODE_1_gc | SPI_SSD_bm;  // Slave Select disabled.
                                ^~~~~~~~~~
                                SPI_STC_vect
/home/ec2-user/arduino-testlib/cli-datadir/user/libraries/Nano_Every_WS2812B/src/Nano_Every_WS2812B.cpp: In member function &#39;void CI_WS2812B::SPI_transfer(uint8_t)&#39;:
/home/ec2-user/arduino-testlib/cli-datadir/user/libraries/Nano_Every_WS2812B/src/Nano_Every_WS2812B.cpp:114:3: error: &#39;SPI0&#39; was not declared in this scope
   SPI0.INTFLAGS = SPI0_INTFLAGS;
   ^~~~
/home/ec2-user/arduino-testlib/cli-datadir/user/libraries/Nano_Every_WS2812B/src/Nano_Every_WS2812B.cpp:114:3: note: suggested alternative: &#39;SPIE&#39;
   SPI0.INTFLAGS = SPI0_INTFLAGS;
   ^~~~
   SPIE
/home/ec2-user/arduino-testlib/cli-datadir/user/libraries/Nano_Every_WS2812B/src/Nano_Every_WS2812B.cpp:114:19: error: &#39;SPI0_INTFLAGS&#39; was not declared in this scope
   SPI0.INTFLAGS = SPI0_INTFLAGS;
                   ^~~~~~~~~~~~~
/home/ec2-user/arduino-testlib/cli-datadir/user/libraries/Nano_Every_WS2812B/src/Nano_Every_WS2812B.cpp:116:3: error: &#39;TCB2&#39; was not declared in this scope
   TCB2.CNT = -9; // Tweak factor. Adjust count to position waveform correctly with respect to SPI clock.
   ^~~~
/home/ec2-user/arduino-testlib/cli-datadir/user/libraries/Nano_Every_WS2812B/src/Nano_Every_WS2812B.cpp:116:3: note: suggested alternative: &#39;ACBG&#39;
   TCB2.CNT = -9; // Tweak factor. Adjust count to position waveform correctly with respect to SPI clock.
   ^~~~
   ACBG
/home/ec2-user/arduino-testlib/cli-datadir/user/libraries/Nano_Every_WS2812B/src/Nano_Every_WS2812B.cpp:122:27: error: &#39;SPI_RXCIF_bm&#39; was not declared in this scope
   while ((SPI0.INTFLAGS &amp; SPI_RXCIF_bm)==0)
                           ^~~~~~~~~~~~
/home/ec2-user/arduino-testlib/cli-datadir/user/libraries/Nano_Every_WS2812B/src/Nano_Every_WS2812B.cpp: In member function &#39;void CI_WS2812B::CCL_init()&#39;:
/home/ec2-user/arduino-testlib/cli-datadir/user/libraries/Nano_Every_WS2812B/src/Nano_Every_WS2812B.cpp:139:3: error: &#39;PORTMUX&#39; was not declared in this scope
   PORTMUX.CCLROUTEA |= PORTMUX_LUT1_bm; // Alternate pin for LUT1.
   ^~~~~~~
/home/ec2-user/arduino-testlib/cli-datadir/user/libraries/Nano_Every_WS2812B/src/Nano_Every_WS2812B.cpp:139:3: note: suggested alternative: &#39;PORT0&#39;
   PORTMUX.CCLROUTEA |= PORTMUX_LUT1_bm; // Alternate pin for LUT1.
   ^~~~~~~
   PORT0
/home/ec2-user/arduino-testlib/cli-datadir/user/libraries/Nano_Every_WS2812B/src/Nano_Every_WS2812B.cpp:139:24: error: &#39;PORTMUX_LUT1_bm&#39; was not declared in this scope
   PORTMUX.CCLROUTEA |= PORTMUX_LUT1_bm; // Alternate pin for LUT1.
                        ^~~~~~~~~~~~~~~
/home/ec2-user/arduino-testlib/cli-datadir/user/libraries/Nano_Every_WS2812B/src/Nano_Every_WS2812B.cpp:145:3: error: &#39;CCL&#39; was not declared in this scope
   CCL.LUT2CTRLB = CCL_INSEL0_MASK_gc | CCL_INSEL1_MASK_gc; // in0 = NC, in1 = NC.
   ^~~
/home/ec2-user/arduino-testlib/cli-datadir/user/libraries/Nano_Every_WS2812B/src/Nano_Every_WS2812B.cpp:145:3: note: suggested alternative: &#39;SCL&#39;
   CCL.LUT2CTRLB = CCL_INSEL0_MASK_gc | CCL_INSEL1_MASK_gc; // in0 = NC, in1 = NC.
   ^~~
   SCL
/home/ec2-user/arduino-testlib/cli-datadir/user/libraries/Nano_Every_WS2812B/src/Nano_Every_WS2812B.cpp:145:19: error: &#39;CCL_INSEL0_MASK_gc&#39; was not declared in this scope
   CCL.LUT2CTRLB = CCL_INSEL0_MASK_gc | CCL_INSEL1_MASK_gc; // in0 = NC, in1 = NC.
                   ^~~~~~~~~~~~~~~~~~
/home/ec2-user/arduino-testlib/cli-datadir/user/libraries/Nano_Every_WS2812B/src/Nano_Every_WS2812B.cpp:145:40: error: &#39;CCL_INSEL1_MASK_gc&#39; was not declared in this scope
   CCL.LUT2CTRLB = CCL_INSEL0_MASK_gc | CCL_INSEL1_MASK_gc; // in0 = NC, in1 = NC.
                                        ^~~~~~~~~~~~~~~~~~
/home/ec2-user/arduino-testlib/cli-datadir/user/libraries/Nano_Every_WS2812B/src/Nano_Every_WS2812B.cpp:146:19: error: &#39;CCL_INSEL2_TCB2_gc&#39; was not declared in this scope
   CCL.LUT2CTRLC = CCL_INSEL2_TCB2_gc; // in2 = TCB2.
                   ^~~~~~~~~~~~~~~~~~
/home/ec2-user/arduino-testlib/cli-datadir/user/libraries/Nano_Every_WS2812B/src/Nano_Every_WS2812B.cpp:149:19: error: &#39;CCL_ENABLE_bm&#39; was not declared in this scope
   CCL.LUT2CTRLA = CCL_ENABLE_bm; // Enable LUT2, output not needed.
                   ^~~~~~~~~~~~~
/home/ec2-user/arduino-testlib/cli-datadir/user/libraries/Nano_Every_WS2812B/src/Nano_Every_WS2812B.cpp:154:19: error: &#39;CCL_INSEL0_LINK_gc&#39; was not declared in this scope
   CCL.LUT1CTRLB = CCL_INSEL0_LINK_gc | CCL_INSEL1_SPI0_gc; // in0 = LINK LUT2, in1 = SPI0 MOSI.
                   ^~~~~~~~~~~~~~~~~~
/home/ec2-user/arduino-testlib/cli-datadir/user/libraries/Nano_Every_WS2812B/src/Nano_Every_WS2812B.cpp:154:40: error: &#39;CCL_INSEL1_SPI0_gc&#39; was not declared in this scope
   CCL.LUT1CTRLB = CCL_INSEL0_LINK_gc | CCL_INSEL1_SPI0_gc; // in0 = LINK LUT2, in1 = SPI0 MOSI.
                                        ^~~~~~~~~~~~~~~~~~
/home/ec2-user/arduino-testlib/cli-datadir/user/libraries/Nano_Every_WS2812B/src/Nano_Every_WS2812B.cpp:155:19: error: &#39;CCL_INSEL2_SPI0_gc&#39; was not declared in this scope
   CCL.LUT1CTRLC = CCL_INSEL2_SPI0_gc; // in2 = SPI0 SCK.
                   ^~~~~~~~~~~~~~~~~~
/home/ec2-user/arduino-testlib/cli-datadir/user/libraries/Nano_Every_WS2812B/src/Nano_Every_WS2812B.cpp:166:35: error: &#39;CCL_OUTEN_bm&#39; was not declared in this scope
   CCL.LUT1CTRLA = CCL_ENABLE_bm | CCL_OUTEN_bm; // Enable LUT1 and its output PC6 (= D4).
                                   ^~~~~~~~~~~~
/home/ec2-user/arduino-testlib/cli-datadir/user/libraries/Nano_Every_WS2812B/src/Nano_Every_WS2812B.cpp:168:31: error: &#39;CCL_RUNSTDBY_bm&#39; was not declared in this scope
   CCL.CTRLA = CCL_ENABLE_bm | CCL_RUNSTDBY_bm; // Enable CCL &amp; run in standby.
                               ^~~~~~~~~~~~~~~

</pre>
					
				
				<h3 id="arduino:mbed_nano:nanorp2040connect">arduino:mbed_nano:nanorp2040connect @ 2.7.2</h3>
				<h4>Inclusion</h4>
				<p>
					Result: <b>FAIL</b>
					
				</p>
				<pre class="pre-scrollable">WARNING: library Nano_Every_WS2812B claims to run on megaavr architecture(s) and may be incompatible with your current board which runs on mbed_nano architecture(s).
/home/ec2-user/arduino-testlib/cli-datadir/user/libraries/Nano_Every_WS2812B/src/Nano_Every_WS2812B.cpp: In member function &#39;void CI_WS2812B::write_string(int, ci_ws2812b_rgb_t*)&#39;:
/home/ec2-user/arduino-testlib/cli-datadir/user/libraries/Nano_Every_WS2812B/src/Nano_Every_WS2812B.cpp:71:3: error: &#39;cli&#39; was not declared in this scope
   cli();
   ^~~
/home/ec2-user/arduino-testlib/cli-datadir/user/libraries/Nano_Every_WS2812B/src/Nano_Every_WS2812B.cpp:77:3: error: &#39;sei&#39; was not declared in this scope
   sei();
   ^~~
/home/ec2-user/arduino-testlib/cli-datadir/user/libraries/Nano_Every_WS2812B/src/Nano_Every_WS2812B.cpp: In member function &#39;void CI_WS2812B::TCB2_init()&#39;:
/home/ec2-user/arduino-testlib/cli-datadir/user/libraries/Nano_Every_WS2812B/src/Nano_Every_WS2812B.cpp:91:3: error: &#39;TCB2&#39; was not declared in this scope
   TCB2.CTRLB = TCB_CNTMODE_PWM8_gc; // 8-bit PWM, no need to enable the waveform output.
   ^~~~
/home/ec2-user/arduino-testlib/cli-datadir/user/libraries/Nano_Every_WS2812B/src/Nano_Every_WS2812B.cpp:91:3: note: suggested alternative: &#39;SCB&#39;
   TCB2.CTRLB = TCB_CNTMODE_PWM8_gc; // 8-bit PWM, no need to enable the waveform output.
   ^~~~
   SCB
/home/ec2-user/arduino-testlib/cli-datadir/user/libraries/Nano_Every_WS2812B/src/Nano_Every_WS2812B.cpp:91:16: error: &#39;TCB_CNTMODE_PWM8_gc&#39; was not declared in this scope
   TCB2.CTRLB = TCB_CNTMODE_PWM8_gc; // 8-bit PWM, no need to enable the waveform output.
                ^~~~~~~~~~~~~~~~~~~
/home/ec2-user/arduino-testlib/cli-datadir/user/libraries/Nano_Every_WS2812B/src/Nano_Every_WS2812B.cpp: In member function &#39;void CI_WS2812B::SPI_init()&#39;:
/home/ec2-user/arduino-testlib/cli-datadir/user/libraries/Nano_Every_WS2812B/src/Nano_Every_WS2812B.cpp:107:3: error: &#39;SPI0&#39; was not declared in this scope
   SPI0.CTRLA = SPI_ENABLE_bm | SPI_MASTER_bm | SPI_PRESC_DIV16_gc;
   ^~~~
/home/ec2-user/arduino-testlib/cli-datadir/user/libraries/Nano_Every_WS2812B/src/Nano_Every_WS2812B.cpp:107:3: note: suggested alternative: &#39;SPI_0&#39;
   SPI0.CTRLA = SPI_ENABLE_bm | SPI_MASTER_bm | SPI_PRESC_DIV16_gc;
   ^~~~
   SPI_0
/home/ec2-user/arduino-testlib/cli-datadir/user/libraries/Nano_Every_WS2812B/src/Nano_Every_WS2812B.cpp:107:16: error: &#39;SPI_ENABLE_bm&#39; was not declared in this scope
   SPI0.CTRLA = SPI_ENABLE_bm | SPI_MASTER_bm | SPI_PRESC_DIV16_gc;
                ^~~~~~~~~~~~~
/home/ec2-user/arduino-testlib/cli-datadir/user/libraries/Nano_Every_WS2812B/src/Nano_Every_WS2812B.cpp:107:32: error: &#39;SPI_MASTER_bm&#39; was not declared in this scope
   SPI0.CTRLA = SPI_ENABLE_bm | SPI_MASTER_bm | SPI_PRESC_DIV16_gc;
                                ^~~~~~~~~~~~~
/home/ec2-user/arduino-testlib/cli-datadir/user/libraries/Nano_Every_WS2812B/src/Nano_Every_WS2812B.cpp:107:48: error: &#39;SPI_PRESC_DIV16_gc&#39; was not declared in this scope
   SPI0.CTRLA = SPI_ENABLE_bm | SPI_MASTER_bm | SPI_PRESC_DIV16_gc;
                                                ^~~~~~~~~~~~~~~~~~
/home/ec2-user/arduino-testlib/cli-datadir/user/libraries/Nano_Every_WS2812B/src/Nano_Every_WS2812B.cpp:108:16: error: &#39;SPI_MODE_1_gc&#39; was not declared in this scope
   SPI0.CTRLB = SPI_MODE_1_gc | SPI_SSD_bm;  // Slave Select disabled.
                ^~~~~~~~~~~~~
/home/ec2-user/arduino-testlib/cli-datadir/user/libraries/Nano_Every_WS2812B/src/Nano_Every_WS2812B.cpp:108:16: note: suggested alternative: &#39;SPI_MOSI1&#39;
   SPI0.CTRLB = SPI_MODE_1_gc | SPI_SSD_bm;  // Slave Select disabled.
                ^~~~~~~~~~~~~
                SPI_MOSI1
/home/ec2-user/arduino-testlib/cli-datadir/user/libraries/Nano_Every_WS2812B/src/Nano_Every_WS2812B.cpp:108:32: error: &#39;SPI_SSD_bm&#39; was not declared in this scope
   SPI0.CTRLB = SPI_MODE_1_gc | SPI_SSD_bm;  // Slave Select disabled.
                                ^~~~~~~~~~
/home/ec2-user/arduino-testlib/cli-datadir/user/libraries/Nano_Every_WS2812B/src/Nano_Every_WS2812B.cpp:108:32: note: suggested alternative: &#39;SPI_SCK1&#39;
   SPI0.CTRLB = SPI_MODE_1_gc | SPI_SSD_bm;  // Slave Select disabled.
                                ^~~~~~~~~~
                                SPI_SCK1
/home/ec2-user/arduino-testlib/cli-datadir/user/libraries/Nano_Every_WS2812B/src/Nano_Every_WS2812B.cpp: In member function &#39;void CI_WS2812B::SPI_transfer(uint8_t)&#39;:
/home/ec2-user/arduino-testlib/cli-datadir/user/libraries/Nano_Every_WS2812B/src/Nano_Every_WS2812B.cpp:114:3: error: &#39;SPI0&#39; was not declared in this scope
   SPI0.INTFLAGS = SPI0_INTFLAGS;
   ^~~~
/home/ec2-user/arduino-testlib/cli-datadir/user/libraries/Nano_Every_WS2812B/src/Nano_Every_WS2812B.cpp:114:3: note: suggested alternative: &#39;SPI_0&#39;
   SPI0.INTFLAGS = SPI0_INTFLAGS;
   ^~~~
   SPI_0
/home/ec2-user/arduino-testlib/cli-datadir/user/libraries/Nano_Every_WS2812B/src/Nano_Every_WS2812B.cpp:114:19: error: &#39;SPI0_INTFLAGS&#39; was not declared in this scope
   SPI0.INTFLAGS = SPI0_INTFLAGS;
                   ^~~~~~~~~~~~~
/home/ec2-user/arduino-testlib/cli-datadir/user/libraries/Nano_Every_WS2812B/src/Nano_Every_WS2812B.cpp:116:3: error: &#39;TCB2&#39; was not declared in this scope
   TCB2.CNT = -9; // Tweak factor. Adjust count to position waveform correctly with respect to SPI clock.
   ^~~~
/home/ec2-user/arduino-testlib/cli-datadir/user/libraries/Nano_Every_WS2812B/src/Nano_Every_WS2812B.cpp:116:3: note: suggested alternative: &#39;SCB&#39;
   TCB2.CNT = -9; // Tweak factor. Adjust count to position waveform correctly with respect to SPI clock.
   ^~~~
   SCB
/home/ec2-user/arduino-testlib/cli-datadir/user/libraries/Nano_Every_WS2812B/src/Nano_Every_WS2812B.cpp:122:27: error: &#39;SPI_RXCIF_bm&#39; was not declared in this scope
   while ((SPI0.INTFLAGS &amp; SPI_RXCIF_bm)==0)
                           ^~~~~~~~~~~~
/home/ec2-user/arduino-testlib/cli-datadir/user/libraries/Nano_Every_WS2812B/src/Nano_Every_WS2812B.cpp: In member function &#39;void CI_WS2812B::CCL_init()&#39;:
/home/ec2-user/arduino-testlib/cli-datadir/user/libraries/Nano_Every_WS2812B/src/Nano_Every_WS2812B.cpp:139:3: error: &#39;PORTMUX&#39; was not declared in this scope
   PORTMUX.CCLROUTEA |= PORTMUX_LUT1_bm; // Alternate pin for LUT1.
   ^~~~~~~
/home/ec2-user/arduino-testlib/cli-datadir/user/libraries/Nano_Every_WS2812B/src/Nano_Every_WS2812B.cpp:139:24: error: &#39;PORTMUX_LUT1_bm&#39; was not declared in this scope
   PORTMUX.CCLROUTEA |= PORTMUX_LUT1_bm; // Alternate pin for LUT1.
                        ^~~~~~~~~~~~~~~
/home/ec2-user/arduino-testlib/cli-datadir/user/libraries/Nano_Every_WS2812B/src/Nano_Every_WS2812B.cpp:145:3: error: &#39;CCL&#39; was not declared in this scope
   CCL.LUT2CTRLB = CCL_INSEL0_MASK_gc | CCL_INSEL1_MASK_gc; // in0 = NC, in1 = NC.
   ^~~
/home/ec2-user/arduino-testlib/cli-datadir/user/libraries/Nano_Every_WS2812B/src/Nano_Every_WS2812B.cpp:145:19: error: &#39;CCL_INSEL0_MASK_gc&#39; was not declared in this scope
   CCL.LUT2CTRLB = CCL_INSEL0_MASK_gc | CCL_INSEL1_MASK_gc; // in0 = NC, in1 = NC.
                   ^~~~~~~~~~~~~~~~~~
/home/ec2-user/arduino-testlib/cli-datadir/user/libraries/Nano_Every_WS2812B/src/Nano_Every_WS2812B.cpp:145:40: error: &#39;CCL_INSEL1_MASK_gc&#39; was not declared in this scope
   CCL.LUT2CTRLB = CCL_INSEL0_MASK_gc | CCL_INSEL1_MASK_gc; // in0 = NC, in1 = NC.
                                        ^~~~~~~~~~~~~~~~~~
/home/ec2-user/arduino-testlib/cli-datadir/user/libraries/Nano_Every_WS2812B/src/Nano_Every_WS2812B.cpp:146:19: error: &#39;CCL_INSEL2_TCB2_gc&#39; was not declared in this scope
   CCL.LUT2CTRLC = CCL_INSEL2_TCB2_gc; // in2 = TCB2.
                   ^~~~~~~~~~~~~~~~~~
/home/ec2-user/arduino-testlib/cli-datadir/user/libraries/Nano_Every_WS2812B/src/Nano_Every_WS2812B.cpp:149:19: error: &#39;CCL_ENABLE_bm&#39; was not declared in this scope
   CCL.LUT2CTRLA = CCL_ENABLE_bm; // Enable LUT2, output not needed.
                   ^~~~~~~~~~~~~
/home/ec2-user/arduino-testlib/cli-datadir/user/libraries/Nano_Every_WS2812B/src/Nano_Every_WS2812B.cpp:149:19: note: suggested alternative: &#39;CLOCK_ENABLED&#39;
   CCL.LUT2CTRLA = CCL_ENABLE_bm; // Enable LUT2, output not needed.
                   ^~~~~~~~~~~~~
                   CLOCK_ENABLED
/home/ec2-user/arduino-testlib/cli-datadir/user/libraries/Nano_Every_WS2812B/src/Nano_Every_WS2812B.cpp:154:19: error: &#39;CCL_INSEL0_LINK_gc&#39; was not declared in this scope
   CCL.LUT1CTRLB = CCL_INSEL0_LINK_gc | CCL_INSEL1_SPI0_gc; // in0 = LINK LUT2, in1 = SPI0 MOSI.
                   ^~~~~~~~~~~~~~~~~~
/home/ec2-user/arduino-testlib/cli-datadir/user/libraries/Nano_Every_WS2812B/src/Nano_Every_WS2812B.cpp:154:40: error: &#39;CCL_INSEL1_SPI0_gc&#39; was not declared in this scope
   CCL.LUT1CTRLB = CCL_INSEL0_LINK_gc | CCL_INSEL1_SPI0_gc; // in0 = LINK LUT2, in1 = SPI0 MOSI.
                                        ^~~~~~~~~~~~~~~~~~
/home/ec2-user/arduino-testlib/cli-datadir/user/libraries/Nano_Every_WS2812B/src/Nano_Every_WS2812B.cpp:155:19: error: &#39;CCL_INSEL2_SPI0_gc&#39; was not declared in this scope
   CCL.LUT1CTRLC = CCL_INSEL2_SPI0_gc; // in2 = SPI0 SCK.
                   ^~~~~~~~~~~~~~~~~~
/home/ec2-user/arduino-testlib/cli-datadir/user/libraries/Nano_Every_WS2812B/src/Nano_Every_WS2812B.cpp:166:35: error: &#39;CCL_OUTEN_bm&#39; was not declared in this scope
   CCL.LUT1CTRLA = CCL_ENABLE_bm | CCL_OUTEN_bm; // Enable LUT1 and its output PC6 (= D4).
                                   ^~~~~~~~~~~~
/home/ec2-user/arduino-testlib/cli-datadir/user/libraries/Nano_Every_WS2812B/src/Nano_Every_WS2812B.cpp:168:31: error: &#39;CCL_RUNSTDBY_bm&#39; was not declared in this scope
   CCL.CTRLA = CCL_ENABLE_bm | CCL_RUNSTDBY_bm; // Enable CCL &amp; run in standby.
                               ^~~~~~~~~~~~~~~

</pre>

					
					<h4>examples/Bitmap</h4>
					<p>
						Result: <b>FAIL</b>
					</p>
					<pre class="pre-scrollable">WARNING: library Nano_Every_WS2812B claims to run on megaavr architecture(s) and may be incompatible with your current board which runs on mbed_nano architecture(s).
/home/ec2-user/arduino-testlib/cli-datadir/user/libraries/Nano_Every_WS2812B/examples/Bitmap/Bitmap.ino: In function &#39;void draw(ci_ws2812b_rgb_t*)&#39;:
/home/ec2-user/arduino-testlib/cli-datadir/user/libraries/Nano_Every_WS2812B/examples/Bitmap/Bitmap.ino:69:3: error: &#39;cli&#39; was not declared in this scope
   cli();
   ^~~
/home/ec2-user/arduino-testlib/cli-datadir/user/libraries/Nano_Every_WS2812B/examples/Bitmap/Bitmap.ino:74:3: error: &#39;sei&#39; was not declared in this scope
   sei();
   ^~~

</pre>
					
					<h4>examples/Snake</h4>
					<p>
						Result: <b>FAIL</b>
					</p>
					<pre class="pre-scrollable">WARNING: library Nano_Every_WS2812B claims to run on megaavr architecture(s) and may be incompatible with your current board which runs on mbed_nano architecture(s).
/home/ec2-user/arduino-testlib/cli-datadir/user/libraries/Nano_Every_WS2812B/examples/Snake/Snake.ino: In function &#39;void draw(uint8_t, uint8_t, uint16_t, uint8_t)&#39;:
/home/ec2-user/arduino-testlib/cli-datadir/user/libraries/Nano_Every_WS2812B/examples/Snake/Snake.ino:19:3: error: &#39;cli&#39; was not declared in this scope
   cli();
   ^~~
/home/ec2-user/arduino-testlib/cli-datadir/user/libraries/Nano_Every_WS2812B/examples/Snake/Snake.ino:33:3: error: &#39;sei&#39; was not declared in this scope
   sei();
   ^~~

</pre>
					
					<h4>examples/Stroboscope</h4>
					<p>
						Result: <b>FAIL</b>
					</p>
					<pre class="pre-scrollable">WARNING: library Nano_Every_WS2812B claims to run on megaavr architecture(s) and may be incompatible with your current board which runs on mbed_nano architecture(s).
/home/ec2-user/arduino-testlib/cli-datadir/user/libraries/Nano_Every_WS2812B/examples/Stroboscope/Stroboscope.ino: In function &#39;void draw(uint8_t, uint8_t, uint8_t)&#39;:
/home/ec2-user/arduino-testlib/cli-datadir/user/libraries/Nano_Every_WS2812B/examples/Stroboscope/Stroboscope.ino:27:3: error: &#39;cli&#39; was not declared in this scope
   cli();
   ^~~
/home/ec2-user/arduino-testlib/cli-datadir/user/libraries/Nano_Every_WS2812B/examples/Stroboscope/Stroboscope.ino:32:3: error: &#39;sei&#39; was not declared in this scope
   sei();
   ^~~

</pre>
					
				
				<h3 id="arduino:megaavr:nona4809">arduino:megaavr:nona4809 @ 1.8.7</h3>
				<h4>Inclusion</h4>
				<p>
					Result: <b>PASS</b>
					
				</p>
				<pre class="pre-scrollable">Sketch uses 802 bytes (1%) of program storage space. Maximum is 49152 bytes.
Global variables use 22 bytes (0%) of dynamic memory, leaving 6122 bytes for local variables. Maximum is 6144 bytes.
</pre>

					
					<h4>examples/Bitmap</h4>
					<p>
						Result: <b>PASS</b>
					</p>
					<pre class="pre-scrollable">Sketch uses 3185 bytes (6%) of program storage space. Maximum is 49152 bytes.
Global variables use 225 bytes (3%) of dynamic memory, leaving 5919 bytes for local variables. Maximum is 6144 bytes.
</pre>
					
					<h4>examples/Snake</h4>
					<p>
						Result: <b>PASS</b>
					</p>
					<pre class="pre-scrollable">Sketch uses 3295 bytes (6%) of program storage space. Maximum is 49152 bytes.
Global variables use 181 bytes (2%) of dynamic memory, leaving 5963 bytes for local variables. Maximum is 6144 bytes.
</pre>
					
					<h4>examples/Stroboscope</h4>
					<p>
						Result: <b>PASS</b>
					</p>
					<pre class="pre-scrollable">Sketch uses 3287 bytes (6%) of program storage space. Maximum is 49152 bytes.
Global variables use 179 bytes (2%) of dynamic memory, leaving 5965 bytes for local variables. Maximum is 6144 bytes.
</pre>
					
				
				<h3 id="arduino:samd:mkrwifi1010">arduino:samd:mkrwifi1010 @ 1.8.12</h3>
				<h4>Inclusion</h4>
				<p>
					Result: <b>FAIL</b>
					
				</p>
				<pre class="pre-scrollable">WARNING: library Nano_Every_WS2812B claims to run on megaavr architecture(s) and may be incompatible with your current board which runs on samd architecture(s).
/home/ec2-user/arduino-testlib/cli-datadir/user/libraries/Nano_Every_WS2812B/src/Nano_Every_WS2812B.cpp: In member function &#39;void CI_WS2812B::write_string(int, ci_ws2812b_rgb_t*)&#39;:
/home/ec2-user/arduino-testlib/cli-datadir/user/libraries/Nano_Every_WS2812B/src/Nano_Every_WS2812B.cpp:71:3: error: &#39;cli&#39; was not declared in this scope
   cli();
   ^~~
/home/ec2-user/arduino-testlib/cli-datadir/user/libraries/Nano_Every_WS2812B/src/Nano_Every_WS2812B.cpp:71:3: note: suggested alternative: &#39;Gclk&#39;
   cli();
   ^~~
   Gclk
/home/ec2-user/arduino-testlib/cli-datadir/user/libraries/Nano_Every_WS2812B/src/Nano_Every_WS2812B.cpp:77:3: error: &#39;sei&#39; was not declared in this scope
   sei();
   ^~~
/home/ec2-user/arduino-testlib/cli-datadir/user/libraries/Nano_Every_WS2812B/src/Nano_Every_WS2812B.cpp: In member function &#39;void CI_WS2812B::TCB2_init()&#39;:
/home/ec2-user/arduino-testlib/cli-datadir/user/libraries/Nano_Every_WS2812B/src/Nano_Every_WS2812B.cpp:91:3: error: &#39;TCB2&#39; was not declared in this scope
   TCB2.CTRLB = TCB_CNTMODE_PWM8_gc; // 8-bit PWM, no need to enable the waveform output.
   ^~~~
/home/ec2-user/arduino-testlib/cli-datadir/user/libraries/Nano_Every_WS2812B/src/Nano_Every_WS2812B.cpp:91:3: note: suggested alternative: &#39;TCC2&#39;
   TCB2.CTRLB = TCB_CNTMODE_PWM8_gc; // 8-bit PWM, no need to enable the waveform output.
   ^~~~
   TCC2
/home/ec2-user/arduino-testlib/cli-datadir/user/libraries/Nano_Every_WS2812B/src/Nano_Every_WS2812B.cpp:91:16: error: &#39;TCB_CNTMODE_PWM8_gc&#39; was not declared in this scope
   TCB2.CTRLB = TCB_CNTMODE_PWM8_gc; // 8-bit PWM, no need to enable the waveform output.
                ^~~~~~~~~~~~~~~~~~~
/home/ec2-user/arduino-testlib/cli-datadir/user/libraries/Nano_Every_WS2812B/src/Nano_Every_WS2812B.cpp: In member function &#39;void CI_WS2812B::SPI_init()&#39;:
/home/ec2-user/arduino-testlib/cli-datadir/user/libraries/Nano_Every_WS2812B/src/Nano_Every_WS2812B.cpp:107:3: error: &#39;SPI0&#39; was not declared in this scope
   SPI0.CTRLA = SPI_ENABLE_bm | SPI_MASTER_bm | SPI_PRESC_DIV16_gc;
   ^~~~
/home/ec2-user/arduino-testlib/cli-datadir/user/libraries/Nano_Every_WS2812B/src/Nano_Every_WS2812B.cpp:107:3: note: suggested alternative: &#39;EP0&#39;
   SPI0.CTRLA = SPI_ENABLE_bm | SPI_MASTER_bm | SPI_PRESC_DIV16_gc;
   ^~~~
   EP0
/home/ec2-user/arduino-testlib/cli-datadir/user/libraries/Nano_Every_WS2812B/src/Nano_Every_WS2812B.cpp:107:16: error: &#39;SPI_ENABLE_bm&#39; was not declared in this scope
   SPI0.CTRLA = SPI_ENABLE_bm | SPI_MASTER_bm | SPI_PRESC_DIV16_gc;
                ^~~~~~~~~~~~~
/home/ec2-user/arduino-testlib/cli-datadir/user/libraries/Nano_Every_WS2812B/src/Nano_Every_WS2812B.cpp:107:16: note: suggested alternative: &#39;CDC_ENABLED&#39;
   SPI0.CTRLA = SPI_ENABLE_bm | SPI_MASTER_bm | SPI_PRESC_DIV16_gc;
                ^~~~~~~~~~~~~
                CDC_ENABLED
/home/ec2-user/arduino-testlib/cli-datadir/user/libraries/Nano_Every_WS2812B/src/Nano_Every_WS2812B.cpp:107:32: error: &#39;SPI_MASTER_bm&#39; was not declared in this scope
   SPI0.CTRLA = SPI_ENABLE_bm | SPI_MASTER_bm | SPI_PRESC_DIV16_gc;
                                ^~~~~~~~~~~~~
/home/ec2-user/arduino-testlib/cli-datadir/user/libraries/Nano_Every_WS2812B/src/Nano_Every_WS2812B.cpp:107:32: note: suggested alternative: &#39;MTB_MASTER_EN&#39;
   SPI0.CTRLA = SPI_ENABLE_bm | SPI_MASTER_bm | SPI_PRESC_DIV16_gc;
                                ^~~~~~~~~~~~~
                                MTB_MASTER_EN
/home/ec2-user/arduino-testlib/cli-datadir/user/libraries/Nano_Every_WS2812B/src/Nano_Every_WS2812B.cpp:107:48: error: &#39;SPI_PRESC_DIV16_gc&#39; was not declared in this scope
   SPI0.CTRLA = SPI_ENABLE_bm | SPI_MASTER_bm | SPI_PRESC_DIV16_gc;
                                                ^~~~~~~~~~~~~~~~~~
/home/ec2-user/arduino-testlib/cli-datadir/user/libraries/Nano_Every_WS2812B/src/Nano_Every_WS2812B.cpp:108:16: error: &#39;SPI_MODE_1_gc&#39; was not declared in this scope
   SPI0.CTRLB = SPI_MODE_1_gc | SPI_SSD_bm;  // Slave Select disabled.
                ^~~~~~~~~~~~~
/home/ec2-user/arduino-testlib/cli-datadir/user/libraries/Nano_Every_WS2812B/src/Nano_Every_WS2812B.cpp:108:32: error: &#39;SPI_SSD_bm&#39; was not declared in this scope
   SPI0.CTRLB = SPI_MODE_1_gc | SPI_SSD_bm;  // Slave Select disabled.
                                ^~~~~~~~~~
/home/ec2-user/arduino-testlib/cli-datadir/user/libraries/Nano_Every_WS2812B/src/Nano_Every_WS2812B.cpp: In member function &#39;void CI_WS2812B::SPI_transfer(uint8_t)&#39;:
/home/ec2-user/arduino-testlib/cli-datadir/user/libraries/Nano_Every_WS2812B/src/Nano_Every_WS2812B.cpp:114:3: error: &#39;SPI0&#39; was not declared in this scope
   SPI0.INTFLAGS = SPI0_INTFLAGS;
   ^~~~
/home/ec2-user/arduino-testlib/cli-datadir/user/libraries/Nano_Every_WS2812B/src/Nano_Every_WS2812B.cpp:114:3: note: suggested alternative: &#39;EP0&#39;
   SPI0.INTFLAGS = SPI0_INTFLAGS;
   ^~~~
   EP0
/home/ec2-user/arduino-testlib/cli-datadir/user/libraries/Nano_Every_WS2812B/src/Nano_Every_WS2812B.cpp:114:19: error: &#39;SPI0_INTFLAGS&#39; was not declared in this scope
   SPI0.INTFLAGS = SPI0_INTFLAGS;
                   ^~~~~~~~~~~~~
/home/ec2-user/arduino-testlib/cli-datadir/user/libraries/Nano_Every_WS2812B/src/Nano_Every_WS2812B.cpp:116:3: error: &#39;TCB2&#39; was not declared in this scope
   TCB2.CNT = -9; // Tweak factor. Adjust count to position waveform correctly with respect to SPI clock.
   ^~~~
/home/ec2-user/arduino-testlib/cli-datadir/user/libraries/Nano_Every_WS2812B/src/Nano_Every_WS2812B.cpp:116:3: note: suggested alternative: &#39;TCC2&#39;
   TCB2.CNT = -9; // Tweak factor. Adjust count to position waveform correctly with respect to SPI clock.
   ^~~~
   TCC2
/home/ec2-user/arduino-testlib/cli-datadir/user/libraries/Nano_Every_WS2812B/src/Nano_Every_WS2812B.cpp:122:27: error: &#39;SPI_RXCIF_bm&#39; was not declared in this scope
   while ((SPI0.INTFLAGS &amp; SPI_RXCIF_bm)==0)
                           ^~~~~~~~~~~~
/home/ec2-user/arduino-testlib/cli-datadir/user/libraries/Nano_Every_WS2812B/src/Nano_Every_WS2812B.cpp: In member function &#39;void CI_WS2812B::CCL_init()&#39;:
/home/ec2-user/arduino-testlib/cli-datadir/user/libraries/Nano_Every_WS2812B/src/Nano_Every_WS2812B.cpp:139:3: error: &#39;PORTMUX&#39; was not declared in this scope
   PORTMUX.CCLROUTEA |= PORTMUX_LUT1_bm; // Alternate pin for LUT1.
   ^~~~~~~
/home/ec2-user/arduino-testlib/cli-datadir/user/libraries/Nano_Every_WS2812B/src/Nano_Every_WS2812B.cpp:139:3: note: suggested alternative: &#39;PORTC&#39;
   PORTMUX.CCLROUTEA |= PORTMUX_LUT1_bm; // Alternate pin for LUT1.
   ^~~~~~~
   PORTC
/home/ec2-user/arduino-testlib/cli-datadir/user/libraries/Nano_Every_WS2812B/src/Nano_Every_WS2812B.cpp:139:24: error: &#39;PORTMUX_LUT1_bm&#39; was not declared in this scope
   PORTMUX.CCLROUTEA |= PORTMUX_LUT1_bm; // Alternate pin for LUT1.
                        ^~~~~~~~~~~~~~~
/home/ec2-user/arduino-testlib/cli-datadir/user/libraries/Nano_Every_WS2812B/src/Nano_Every_WS2812B.cpp:145:3: error: &#39;CCL&#39; was not declared in this scope
   CCL.LUT2CTRLB = CCL_INSEL0_MASK_gc | CCL_INSEL1_MASK_gc; // in0 = NC, in1 = NC.
   ^~~
/home/ec2-user/arduino-testlib/cli-datadir/user/libraries/Nano_Every_WS2812B/src/Nano_Every_WS2812B.cpp:145:3: note: suggested alternative: &#39;SCL&#39;
   CCL.LUT2CTRLB = CCL_INSEL0_MASK_gc | CCL_INSEL1_MASK_gc; // in0 = NC, in1 = NC.
   ^~~
   SCL
/home/ec2-user/arduino-testlib/cli-datadir/user/libraries/Nano_Every_WS2812B/src/Nano_Every_WS2812B.cpp:145:19: error: &#39;CCL_INSEL0_MASK_gc&#39; was not declared in this scope
   CCL.LUT2CTRLB = CCL_INSEL0_MASK_gc | CCL_INSEL1_MASK_gc; // in0 = NC, in1 = NC.
                   ^~~~~~~~~~~~~~~~~~
/home/ec2-user/arduino-testlib/cli-datadir/user/libraries/Nano_Every_WS2812B/src/Nano_Every_WS2812B.cpp:145:19: note: suggested alternative: &#39;AC_INTENCLR_MASK&#39;
   CCL.LUT2CTRLB = CCL_INSEL0_MASK_gc | CCL_INSEL1_MASK_gc; // in0 = NC, in1 = NC.
                   ^~~~~~~~~~~~~~~~~~
                   AC_INTENCLR_MASK
/home/ec2-user/arduino-testlib/cli-datadir/user/libraries/Nano_Every_WS2812B/src/Nano_Every_WS2812B.cpp:145:40: error: &#39;CCL_INSEL1_MASK_gc&#39; was not declared in this scope
   CCL.LUT2CTRLB = CCL_INSEL0_MASK_gc | CCL_INSEL1_MASK_gc; // in0 = NC, in1 = NC.
                                        ^~~~~~~~~~~~~~~~~~
/home/ec2-user/arduino-testlib/cli-datadir/user/libraries/Nano_Every_WS2812B/src/Nano_Every_WS2812B.cpp:145:40: note: suggested alternative: &#39;AC_INTENCLR_MASK&#39;
   CCL.LUT2CTRLB = CCL_INSEL0_MASK_gc | CCL_INSEL1_MASK_gc; // in0 = NC, in1 = NC.
                                        ^~~~~~~~~~~~~~~~~~
                                        AC_INTENCLR_MASK
/home/ec2-user/arduino-testlib/cli-datadir/user/libraries/Nano_Every_WS2812B/src/Nano_Every_WS2812B.cpp:146:19: error: &#39;CCL_INSEL2_TCB2_gc&#39; was not declared in this scope
   CCL.LUT2CTRLC = CCL_INSEL2_TCB2_gc; // in2 = TCB2.
                   ^~~~~~~~~~~~~~~~~~
/home/ec2-user/arduino-testlib/cli-datadir/user/libraries/Nano_Every_WS2812B/src/Nano_Every_WS2812B.cpp:149:19: error: &#39;CCL_ENABLE_bm&#39; was not declared in this scope
   CCL.LUT2CTRLA = CCL_ENABLE_bm; // Enable LUT2, output not needed.
                   ^~~~~~~~~~~~~
/home/ec2-user/arduino-testlib/cli-datadir/user/libraries/Nano_Every_WS2812B/src/Nano_Every_WS2812B.cpp:149:19: note: suggested alternative: &#39;CDC_ENABLED&#39;
   CCL.LUT2CTRLA = CCL_ENABLE_bm; // Enable LUT2, output not needed.
                   ^~~~~~~~~~~~~
                   CDC_ENABLED
/home/ec2-user/arduino-testlib/cli-datadir/user/libraries/Nano_Every_WS2812B/src/Nano_Every_WS2812B.cpp:154:19: error: &#39;CCL_INSEL0_LINK_gc&#39; was not declared in this scope
   CCL.LUT1CTRLB = CCL_INSEL0_LINK_gc | CCL_INSEL1_SPI0_gc; // in0 = LINK LUT2, in1 = SPI0 MOSI.
                   ^~~~~~~~~~~~~~~~~~
/home/ec2-user/arduino-testlib/cli-datadir/user/libraries/Nano_Every_WS2812B/src/Nano_Every_WS2812B.cpp:154:40: error: &#39;CCL_INSEL1_SPI0_gc&#39; was not declared in this </pre>

					
					<h4>examples/Bitmap</h4>
					<p>
						Result: <b>FAIL</b>
					</p>
					<pre class="pre-scrollable">WARNING: library Nano_Every_WS2812B claims to run on megaavr architecture(s) and may be incompatible with your current board which runs on samd architecture(s).
/home/ec2-user/arduino-testlib/cli-datadir/user/libraries/Nano_Every_WS2812B/examples/Bitmap/Bitmap.ino: In function &#39;void draw(ci_ws2812b_rgb_t*)&#39;:
/home/ec2-user/arduino-testlib/cli-datadir/user/libraries/Nano_Every_WS2812B/examples/Bitmap/Bitmap.ino:69:3: error: &#39;cli&#39; was not declared in this scope
   cli();
   ^~~
/home/ec2-user/arduino-testlib/cli-datadir/user/libraries/Nano_Every_WS2812B/examples/Bitmap/Bitmap.ino:69:3: note: suggested alternative: &#39;Gclk&#39;
   cli();
   ^~~
   Gclk
/home/ec2-user/arduino-testlib/cli-datadir/user/libraries/Nano_Every_WS2812B/examples/Bitmap/Bitmap.ino:74:3: error: &#39;sei&#39; was not declared in this scope
   sei();
   ^~~

</pre>
					
					<h4>examples/Snake</h4>
					<p>
						Result: <b>FAIL</b>
					</p>
					<pre class="pre-scrollable">WARNING: library Nano_Every_WS2812B claims to run on megaavr architecture(s) and may be incompatible with your current board which runs on samd architecture(s).
/home/ec2-user/arduino-testlib/cli-datadir/user/libraries/Nano_Every_WS2812B/examples/Snake/Snake.ino: In function &#39;void draw(uint8_t, uint8_t, uint16_t, uint8_t)&#39;:
/home/ec2-user/arduino-testlib/cli-datadir/user/libraries/Nano_Every_WS2812B/examples/Snake/Snake.ino:19:3: error: &#39;cli&#39; was not declared in this scope
   cli();
   ^~~
/home/ec2-user/arduino-testlib/cli-datadir/user/libraries/Nano_Every_WS2812B/examples/Snake/Snake.ino:19:3: note: suggested alternative: &#39;Gclk&#39;
   cli();
   ^~~
   Gclk
/home/ec2-user/arduino-testlib/cli-datadir/user/libraries/Nano_Every_WS2812B/examples/Snake/Snake.ino:33:3: error: &#39;sei&#39; was not declared in this scope
   sei();
   ^~~

</pre>
					
					<h4>examples/Stroboscope</h4>
					<p>
						Result: <b>FAIL</b>
					</p>
					<pre class="pre-scrollable">WARNING: library Nano_Every_WS2812B claims to run on megaavr architecture(s) and may be incompatible with your current board which runs on samd architecture(s).
/home/ec2-user/arduino-testlib/cli-datadir/user/libraries/Nano_Every_WS2812B/examples/Stroboscope/Stroboscope.ino: In function &#39;void draw(uint8_t, uint8_t, uint8_t)&#39;:
/home/ec2-user/arduino-testlib/cli-datadir/user/libraries/Nano_Every_WS2812B/examples/Stroboscope/Stroboscope.ino:27:3: error: &#39;cli&#39; was not declared in this scope
   cli();
   ^~~
/home/ec2-user/arduino-testlib/cli-datadir/user/libraries/Nano_Every_WS2812B/examples/Stroboscope/Stroboscope.ino:27:3: note: suggested alternative: &#39;Gclk&#39;
   cli();
   ^~~
   Gclk
/home/ec2-user/arduino-testlib/cli-datadir/user/libraries/Nano_Every_WS2812B/examples/Stroboscope/Stroboscope.ino:32:3: error: &#39;sei&#39; was not declared in this scope
   sei();
   ^~~

</pre>
					
				
				<h3 id="esp32:esp32:d1_mini32">esp32:esp32:d1_mini32 @ 1.0.6</h3>
				<h4>Inclusion</h4>
				<p>
					Result: <b>FAIL</b>
					
				</p>
				<pre class="pre-scrollable">WARNING: library Nano_Every_WS2812B claims to run on megaavr architecture(s) and may be incompatible with your current board which runs on esp32 architecture(s).
/home/ec2-user/arduino-testlib/cli-datadir/user/libraries/Nano_Every_WS2812B/src/Nano_Every_WS2812B.cpp: In member function &#39;void CI_WS2812B::TCB2_init()&#39;:
/home/ec2-user/arduino-testlib/cli-datadir/user/libraries/Nano_Every_WS2812B/src/Nano_Every_WS2812B.cpp:91:3: error: &#39;TCB2&#39; was not declared in this scope
   TCB2.CTRLB = TCB_CNTMODE_PWM8_gc; // 8-bit PWM, no need to enable the waveform output.
   ^
/home/ec2-user/arduino-testlib/cli-datadir/user/libraries/Nano_Every_WS2812B/src/Nano_Every_WS2812B.cpp:91:16: error: &#39;TCB_CNTMODE_PWM8_gc&#39; was not declared in this scope
   TCB2.CTRLB = TCB_CNTMODE_PWM8_gc; // 8-bit PWM, no need to enable the waveform output.
                ^
/home/ec2-user/arduino-testlib/cli-datadir/user/libraries/Nano_Every_WS2812B/src/Nano_Every_WS2812B.cpp: In member function &#39;void CI_WS2812B::SPI_init()&#39;:
/home/ec2-user/arduino-testlib/cli-datadir/user/libraries/Nano_Every_WS2812B/src/Nano_Every_WS2812B.cpp:107:3: error: &#39;SPI0&#39; was not declared in this scope
   SPI0.CTRLA = SPI_ENABLE_bm | SPI_MASTER_bm | SPI_PRESC_DIV16_gc;
   ^
/home/ec2-user/arduino-testlib/cli-datadir/user/libraries/Nano_Every_WS2812B/src/Nano_Every_WS2812B.cpp:107:16: error: &#39;SPI_ENABLE_bm&#39; was not declared in this scope
   SPI0.CTRLA = SPI_ENABLE_bm | SPI_MASTER_bm | SPI_PRESC_DIV16_gc;
                ^
/home/ec2-user/arduino-testlib/cli-datadir/user/libraries/Nano_Every_WS2812B/src/Nano_Every_WS2812B.cpp:107:32: error: &#39;SPI_MASTER_bm&#39; was not declared in this scope
   SPI0.CTRLA = SPI_ENABLE_bm | SPI_MASTER_bm | SPI_PRESC_DIV16_gc;
                                ^
/home/ec2-user/arduino-testlib/cli-datadir/user/libraries/Nano_Every_WS2812B/src/Nano_Every_WS2812B.cpp:107:48: error: &#39;SPI_PRESC_DIV16_gc&#39; was not declared in this scope
   SPI0.CTRLA = SPI_ENABLE_bm | SPI_MASTER_bm | SPI_PRESC_DIV16_gc;
                                                ^
/home/ec2-user/arduino-testlib/cli-datadir/user/libraries/Nano_Every_WS2812B/src/Nano_Every_WS2812B.cpp:108:16: error: &#39;SPI_MODE_1_gc&#39; was not declared in this scope
   SPI0.CTRLB = SPI_MODE_1_gc | SPI_SSD_bm;  // Slave Select disabled.
                ^
/home/ec2-user/arduino-testlib/cli-datadir/user/libraries/Nano_Every_WS2812B/src/Nano_Every_WS2812B.cpp:108:32: error: &#39;SPI_SSD_bm&#39; was not declared in this scope
   SPI0.CTRLB = SPI_MODE_1_gc | SPI_SSD_bm;  // Slave Select disabled.
                                ^
/home/ec2-user/arduino-testlib/cli-datadir/user/libraries/Nano_Every_WS2812B/src/Nano_Every_WS2812B.cpp: In member function &#39;void CI_WS2812B::SPI_transfer(uint8_t)&#39;:
/home/ec2-user/arduino-testlib/cli-datadir/user/libraries/Nano_Every_WS2812B/src/Nano_Every_WS2812B.cpp:114:3: error: &#39;SPI0&#39; was not declared in this scope
   SPI0.INTFLAGS = SPI0_INTFLAGS;
   ^
/home/ec2-user/arduino-testlib/cli-datadir/user/libraries/Nano_Every_WS2812B/src/Nano_Every_WS2812B.cpp:114:19: error: &#39;SPI0_INTFLAGS&#39; was not declared in this scope
   SPI0.INTFLAGS = SPI0_INTFLAGS;
                   ^
/home/ec2-user/arduino-testlib/cli-datadir/user/libraries/Nano_Every_WS2812B/src/Nano_Every_WS2812B.cpp:116:3: error: &#39;TCB2&#39; was not declared in this scope
   TCB2.CNT = -9; // Tweak factor. Adjust count to position waveform correctly with respect to SPI clock.
   ^
/home/ec2-user/arduino-testlib/cli-datadir/user/libraries/Nano_Every_WS2812B/src/Nano_Every_WS2812B.cpp:122:27: error: &#39;SPI_RXCIF_bm&#39; was not declared in this scope
   while ((SPI0.INTFLAGS &amp; SPI_RXCIF_bm)==0)
                           ^
/home/ec2-user/arduino-testlib/cli-datadir/user/libraries/Nano_Every_WS2812B/src/Nano_Every_WS2812B.cpp: In member function &#39;void CI_WS2812B::CCL_init()&#39;:
/home/ec2-user/arduino-testlib/cli-datadir/user/libraries/Nano_Every_WS2812B/src/Nano_Every_WS2812B.cpp:139:3: error: &#39;PORTMUX&#39; was not declared in this scope
   PORTMUX.CCLROUTEA |= PORTMUX_LUT1_bm; // Alternate pin for LUT1.
   ^
/home/ec2-user/arduino-testlib/cli-datadir/user/libraries/Nano_Every_WS2812B/src/Nano_Every_WS2812B.cpp:139:24: error: &#39;PORTMUX_LUT1_bm&#39; was not declared in this scope
   PORTMUX.CCLROUTEA |= PORTMUX_LUT1_bm; // Alternate pin for LUT1.
                        ^
/home/ec2-user/arduino-testlib/cli-datadir/user/libraries/Nano_Every_WS2812B/src/Nano_Every_WS2812B.cpp:145:3: error: &#39;CCL&#39; was not declared in this scope
   CCL.LUT2CTRLB = CCL_INSEL0_MASK_gc | CCL_INSEL1_MASK_gc; // in0 = NC, in1 = NC.
   ^
/home/ec2-user/arduino-testlib/cli-datadir/user/libraries/Nano_Every_WS2812B/src/Nano_Every_WS2812B.cpp:145:19: error: &#39;CCL_INSEL0_MASK_gc&#39; was not declared in this scope
   CCL.LUT2CTRLB = CCL_INSEL0_MASK_gc | CCL_INSEL1_MASK_gc; // in0 = NC, in1 = NC.
                   ^
/home/ec2-user/arduino-testlib/cli-datadir/user/libraries/Nano_Every_WS2812B/src/Nano_Every_WS2812B.cpp:145:40: error: &#39;CCL_INSEL1_MASK_gc&#39; was not declared in this scope
   CCL.LUT2CTRLB = CCL_INSEL0_MASK_gc | CCL_INSEL1_MASK_gc; // in0 = NC, in1 = NC.
                                        ^
/home/ec2-user/arduino-testlib/cli-datadir/user/libraries/Nano_Every_WS2812B/src/Nano_Every_WS2812B.cpp:146:19: error: &#39;CCL_INSEL2_TCB2_gc&#39; was not declared in this scope
   CCL.LUT2CTRLC = CCL_INSEL2_TCB2_gc; // in2 = TCB2.
                   ^
/home/ec2-user/arduino-testlib/cli-datadir/user/libraries/Nano_Every_WS2812B/src/Nano_Every_WS2812B.cpp:149:19: error: &#39;CCL_ENABLE_bm&#39; was not declared in this scope
   CCL.LUT2CTRLA = CCL_ENABLE_bm; // Enable LUT2, output not needed.
                   ^
/home/ec2-user/arduino-testlib/cli-datadir/user/libraries/Nano_Every_WS2812B/src/Nano_Every_WS2812B.cpp:154:19: error: &#39;CCL_INSEL0_LINK_gc&#39; was not declared in this scope
   CCL.LUT1CTRLB = CCL_INSEL0_LINK_gc | CCL_INSEL1_SPI0_gc; // in0 = LINK LUT2, in1 = SPI0 MOSI.
                   ^
/home/ec2-user/arduino-testlib/cli-datadir/user/libraries/Nano_Every_WS2812B/src/Nano_Every_WS2812B.cpp:154:40: error: &#39;CCL_INSEL1_SPI0_gc&#39; was not declared in this scope
   CCL.LUT1CTRLB = CCL_INSEL0_LINK_gc | CCL_INSEL1_SPI0_gc; // in0 = LINK LUT2, in1 = SPI0 MOSI.
                                        ^
/home/ec2-user/arduino-testlib/cli-datadir/user/libraries/Nano_Every_WS2812B/src/Nano_Every_WS2812B.cpp:155:19: error: &#39;CCL_INSEL2_SPI0_gc&#39; was not declared in this scope
   CCL.LUT1CTRLC = CCL_INSEL2_SPI0_gc; // in2 = SPI0 SCK.
                   ^
/home/ec2-user/arduino-testlib/cli-datadir/user/libraries/Nano_Every_WS2812B/src/Nano_Every_WS2812B.cpp:166:35: error: &#39;CCL_OUTEN_bm&#39; was not declared in this scope
   CCL.LUT1CTRLA = CCL_ENABLE_bm | CCL_OUTEN_bm; // Enable LUT1 and its output PC6 (= D4).
                                   ^
/home/ec2-user/arduino-testlib/cli-datadir/user/libraries/Nano_Every_WS2812B/src/Nano_Every_WS2812B.cpp:168:31: error: &#39;CCL_RUNSTDBY_bm&#39; was not declared in this scope
   CCL.CTRLA = CCL_ENABLE_bm | CCL_RUNSTDBY_bm; // Enable CCL &amp; run in standby.
                               ^

</pre>

					
					<h4>examples/Bitmap</h4>
					<p>
						Result: <b>FAIL</b>
					</p>
					<pre class="pre-scrollable">WARNING: library Nano_Every_WS2812B claims to run on megaavr architecture(s) and may be incompatible with your current board which runs on esp32 architecture(s).
/home/ec2-user/arduino-testlib/cli-datadir/user/libraries/Nano_Every_WS2812B/src/Nano_Every_WS2812B.cpp: In member function &#39;void CI_WS2812B::TCB2_init()&#39;:
/home/ec2-user/arduino-testlib/cli-datadir/user/libraries/Nano_Every_WS2812B/src/Nano_Every_WS2812B.cpp:91:3: error: &#39;TCB2&#39; was not declared in this scope
   TCB2.CTRLB = TCB_CNTMODE_PWM8_gc; // 8-bit PWM, no need to enable the waveform output.
   ^
/home/ec2-user/arduino-testlib/cli-datadir/user/libraries/Nano_Every_WS2812B/src/Nano_Every_WS2812B.cpp:91:16: error: &#39;TCB_CNTMODE_PWM8_gc&#39; was not declared in this scope
   TCB2.CTRLB = TCB_CNTMODE_PWM8_gc; // 8-bit PWM, no need to enable the waveform output.
                ^
/home/ec2-user/arduino-testlib/cli-datadir/user/libraries/Nano_Every_WS2812B/src/Nano_Every_WS2812B.cpp: In member function &#39;void CI_WS2812B::SPI_init()&#39;:
/home/ec2-user/arduino-testlib/cli-datadir/user/libraries/Nano_Every_WS2812B/src/Nano_Every_WS2812B.cpp:107:3: error: &#39;SPI0&#39; was not declared in this scope
   SPI0.CTRLA = SPI_ENABLE_bm | SPI_MASTER_bm | SPI_PRESC_DIV16_gc;
   ^
/home/ec2-user/arduino-testlib/cli-datadir/user/libraries/Nano_Every_WS2812B/src/Nano_Every_WS2812B.cpp:107:16: error: &#39;SPI_ENABLE_bm&#39; was not declared in this scope
   SPI0.CTRLA = SPI_ENABLE_bm | SPI_MASTER_bm | SPI_PRESC_DIV16_gc;
                ^
/home/ec2-user/arduino-testlib/cli-datadir/user/libraries/Nano_Every_WS2812B/src/Nano_Every_WS2812B.cpp:107:32: error: &#39;SPI_MASTER_bm&#39; was not declared in this scope
   SPI0.CTRLA = SPI_ENABLE_bm | SPI_MASTER_bm | SPI_PRESC_DIV16_gc;
                                ^
/home/ec2-user/arduino-testlib/cli-datadir/user/libraries/Nano_Every_WS2812B/src/Nano_Every_WS2812B.cpp:107:48: error: &#39;SPI_PRESC_DIV16_gc&#39; was not declared in this scope
   SPI0.CTRLA = SPI_ENABLE_bm | SPI_MASTER_bm | SPI_PRESC_DIV16_gc;
                                                ^
/home/ec2-user/arduino-testlib/cli-datadir/user/libraries/Nano_Every_WS2812B/src/Nano_Every_WS2812B.cpp:108:16: error: &#39;SPI_MODE_1_gc&#39; was not declared in this scope
   SPI0.CTRLB = SPI_MODE_1_gc | SPI_SSD_bm;  // Slave Select disabled.
                ^
/home/ec2-user/arduino-testlib/cli-datadir/user/libraries/Nano_Every_WS2812B/src/Nano_Every_WS2812B.cpp:108:32: error: &#39;SPI_SSD_bm&#39; was not declared in this scope
   SPI0.CTRLB = SPI_MODE_1_gc | SPI_SSD_bm;  // Slave Select disabled.
                                ^
/home/ec2-user/arduino-testlib/cli-datadir/user/libraries/Nano_Every_WS2812B/src/Nano_Every_WS2812B.cpp: In member function &#39;void CI_WS2812B::SPI_transfer(uint8_t)&#39;:
/home/ec2-user/arduino-testlib/cli-datadir/user/libraries/Nano_Every_WS2812B/src/Nano_Every_WS2812B.cpp:114:3: error: &#39;SPI0&#39; was not declared in this scope
   SPI0.INTFLAGS = SPI0_INTFLAGS;
   ^
/home/ec2-user/arduino-testlib/cli-datadir/user/libraries/Nano_Every_WS2812B/src/Nano_Every_WS2812B.cpp:114:19: error: &#39;SPI0_INTFLAGS&#39; was not declared in this scope
   SPI0.INTFLAGS = SPI0_INTFLAGS;
                   ^
/home/ec2-user/arduino-testlib/cli-datadir/user/libraries/Nano_Every_WS2812B/src/Nano_Every_WS2812B.cpp:116:3: error: &#39;TCB2&#39; was not declared in this scope
   TCB2.CNT = -9; // Tweak factor. Adjust count to position waveform correctly with respect to SPI clock.
   ^
/home/ec2-user/arduino-testlib/cli-datadir/user/libraries/Nano_Every_WS2812B/src/Nano_Every_WS2812B.cpp:122:27: error: &#39;SPI_RXCIF_bm&#39; was not declared in this scope
   while ((SPI0.INTFLAGS &amp; SPI_RXCIF_bm)==0)
                           ^
/home/ec2-user/arduino-testlib/cli-datadir/user/libraries/Nano_Every_WS2812B/src/Nano_Every_WS2812B.cpp: In member function &#39;void CI_WS2812B::CCL_init()&#39;:
/home/ec2-user/arduino-testlib/cli-datadir/user/libraries/Nano_Every_WS2812B/src/Nano_Every_WS2812B.cpp:139:3: error: &#39;PORTMUX&#39; was not declared in this scope
   PORTMUX.CCLROUTEA |= PORTMUX_LUT1_bm; // Alternate pin for LUT1.
   ^
/home/ec2-user/arduino-testlib/cli-datadir/user/libraries/Nano_Every_WS2812B/src/Nano_Every_WS2812B.cpp:139:24: error: &#39;PORTMUX_LUT1_bm&#39; was not declared in this scope
   PORTMUX.CCLROUTEA |= PORTMUX_LUT1_bm; // Alternate pin for LUT1.
                        ^
/home/ec2-user/arduino-testlib/cli-datadir/user/libraries/Nano_Every_WS2812B/src/Nano_Every_WS2812B.cpp:145:3: error: &#39;CCL&#39; was not declared in this scope
   CCL.LUT2CTRLB = CCL_INSEL0_MASK_gc | CCL_INSEL1_MASK_gc; // in0 = NC, in1 = NC.
   ^
/home/ec2-user/arduino-testlib/cli-datadir/user/libraries/Nano_Every_WS2812B/src/Nano_Every_WS2812B.cpp:145:19: error: &#39;CCL_INSEL0_MASK_gc&#39; was not declared in this scope
   CCL.LUT2CTRLB = CCL_INSEL0_MASK_gc | CCL_INSEL1_MASK_gc; // in0 = NC, in1 = NC.
                   ^
/home/ec2-user/arduino-testlib/cli-datadir/user/libraries/Nano_Every_WS2812B/src/Nano_Every_WS2812B.cpp:145:40: error: &#39;CCL_INSEL1_MASK_gc&#39; was not declared in this scope
   CCL.LUT2CTRLB = CCL_INSEL0_MASK_gc | CCL_INSEL1_MASK_gc; // in0 = NC, in1 = NC.
                                        ^
/home/ec2-user/arduino-testlib/cli-datadir/user/libraries/Nano_Every_WS2812B/src/Nano_Every_WS2812B.cpp:146:19: error: &#39;CCL_INSEL2_TCB2_gc&#39; was not declared in this scope
   CCL.LUT2CTRLC = CCL_INSEL2_TCB2_gc; // in2 = TCB2.
                   ^
/home/ec2-user/arduino-testlib/cli-datadir/user/libraries/Nano_Every_WS2812B/src/Nano_Every_WS2812B.cpp:149:19: error: &#39;CCL_ENABLE_bm&#39; was not declared in this scope
   CCL.LUT2CTRLA = CCL_ENABLE_bm; // Enable LUT2, output not needed.
                   ^
/home/ec2-user/arduino-testlib/cli-datadir/user/libraries/Nano_Every_WS2812B/src/Nano_Every_WS2812B.cpp:154:19: error: &#39;CCL_INSEL0_LINK_gc&#39; was not declared in this scope
   CCL.LUT1CTRLB = CCL_INSEL0_LINK_gc | CCL_INSEL1_SPI0_gc; // in0 = LINK LUT2, in1 = SPI0 MOSI.
                   ^
/home/ec2-user/arduino-testlib/cli-datadir/user/libraries/Nano_Every_WS2812B/src/Nano_Every_WS2812B.cpp:154:40: error: &#39;CCL_INSEL1_SPI0_gc&#39; was not declared in this scope
   CCL.LUT1CTRLB = CCL_INSEL0_LINK_gc | CCL_INSEL1_SPI0_gc; // in0 = LINK LUT2, in1 = SPI0 MOSI.
                                        ^
/home/ec2-user/arduino-testlib/cli-datadir/user/libraries/Nano_Every_WS2812B/src/Nano_Every_WS2812B.cpp:155:19: error: &#39;CCL_INSEL2_SPI0_gc&#39; was not declared in this scope
   CCL.LUT1CTRLC = CCL_INSEL2_SPI0_gc; // in2 = SPI0 SCK.
                   ^
/home/ec2-user/arduino-testlib/cli-datadir/user/libraries/Nano_Every_WS2812B/src/Nano_Every_WS2812B.cpp:166:35: error: &#39;CCL_OUTEN_bm&#39; was not declared in this scope
   CCL.LUT1CTRLA = CCL_ENABLE_bm | CCL_OUTEN_bm; // Enable LUT1 and its output PC6 (= D4).
                                   ^
/home/ec2-user/arduino-testlib/cli-datadir/user/libraries/Nano_Every_WS2812B/src/Nano_Every_WS2812B.cpp:168:31: error: &#39;CCL_RUNSTDBY_bm&#39; was not declared in this scope
   CCL.CTRLA = CCL_ENABLE_bm | CCL_RUNSTDBY_bm; // Enable CCL &amp; run in standby.
                               ^

</pre>
					
					<h4>examples/Snake</h4>
					<p>
						Result: <b>FAIL</b>
					</p>
					<pre class="pre-scrollable">WARNING: library Nano_Every_WS2812B claims to run on megaavr architecture(s) and may be incompatible with your current board which runs on esp32 architecture(s).
/home/ec2-user/arduino-testlib/cli-datadir/user/libraries/Nano_Every_WS2812B/src/Nano_Every_WS2812B.cpp: In member function &#39;void CI_WS2812B::TCB2_init()&#39;:
/home/ec2-user/arduino-testlib/cli-datadir/user/libraries/Nano_Every_WS2812B/src/Nano_Every_WS2812B.cpp:91:3: error: &#39;TCB2&#39; was not declared in this scope
   TCB2.CTRLB = TCB_CNTMODE_PWM8_gc; // 8-bit PWM, no need to enable the waveform output.
   ^
/home/ec2-user/arduino-testlib/cli-datadir/user/libraries/Nano_Every_WS2812B/src/Nano_Every_WS2812B.cpp:91:16: error: &#39;TCB_CNTMODE_PWM8_gc&#39; was not declared in this scope
   TCB2.CTRLB = TCB_CNTMODE_PWM8_gc; // 8-bit PWM, no need to enable the waveform output.
                ^
/home/ec2-user/arduino-testlib/cli-datadir/user/libraries/Nano_Every_WS2812B/src/Nano_Every_WS2812B.cpp: In member function &#39;void CI_WS2812B::SPI_init()&#39;:
/home/ec2-user/arduino-testlib/cli-datadir/user/libraries/Nano_Every_WS2812B/src/Nano_Every_WS2812B.cpp:107:3: error: &#39;SPI0&#39; was not declared in this scope
   SPI0.CTRLA = SPI_ENABLE_bm | SPI_MASTER_bm | SPI_PRESC_DIV16_gc;
   ^
/home/ec2-user/arduino-testlib/cli-datadir/user/libraries/Nano_Every_WS2812B/src/Nano_Every_WS2812B.cpp:107:16: error: &#39;SPI_ENABLE_bm&#39; was not declared in this scope
   SPI0.CTRLA = SPI_ENABLE_bm | SPI_MASTER_bm | SPI_PRESC_DIV16_gc;
                ^
/home/ec2-user/arduino-testlib/cli-datadir/user/libraries/Nano_Every_WS2812B/src/Nano_Every_WS2812B.cpp:107:32: error: &#39;SPI_MASTER_bm&#39; was not declared in this scope
   SPI0.CTRLA = SPI_ENABLE_bm | SPI_MASTER_bm | SPI_PRESC_DIV16_gc;
                                ^
/home/ec2-user/arduino-testlib/cli-datadir/user/libraries/Nano_Every_WS2812B/src/Nano_Every_WS2812B.cpp:107:48: error: &#39;SPI_PRESC_DIV16_gc&#39; was not declared in this scope
   SPI0.CTRLA = SPI_ENABLE_bm | SPI_MASTER_bm | SPI_PRESC_DIV16_gc;
                                                ^
/home/ec2-user/arduino-testlib/cli-datadir/user/libraries/Nano_Every_WS2812B/src/Nano_Every_WS2812B.cpp:108:16: error: &#39;SPI_MODE_1_gc&#39; was not declared in this scope
   SPI0.CTRLB = SPI_MODE_1_gc | SPI_SSD_bm;  // Slave Select disabled.
                ^
/home/ec2-user/arduino-testlib/cli-datadir/user/libraries/Nano_Every_WS2812B/src/Nano_Every_WS2812B.cpp:108:32: error: &#39;SPI_SSD_bm&#39; was not declared in this scope
   SPI0.CTRLB = SPI_MODE_1_gc | SPI_SSD_bm;  // Slave Select disabled.
                                ^
/home/ec2-user/arduino-testlib/cli-datadir/user/libraries/Nano_Every_WS2812B/src/Nano_Every_WS2812B.cpp: In member function &#39;void CI_WS2812B::SPI_transfer(uint8_t)&#39;:
/home/ec2-user/arduino-testlib/cli-datadir/user/libraries/Nano_Every_WS2812B/src/Nano_Every_WS2812B.cpp:114:3: error: &#39;SPI0&#39; was not declared in this scope
   SPI0.INTFLAGS = SPI0_INTFLAGS;
   ^
/home/ec2-user/arduino-testlib/cli-datadir/user/libraries/Nano_Every_WS2812B/src/Nano_Every_WS2812B.cpp:114:19: error: &#39;SPI0_INTFLAGS&#39; was not declared in this scope
   SPI0.INTFLAGS = SPI0_INTFLAGS;
                   ^
/home/ec2-user/arduino-testlib/cli-datadir/user/libraries/Nano_Every_WS2812B/src/Nano_Every_WS2812B.cpp:116:3: error: &#39;TCB2&#39; was not declared in this scope
   TCB2.CNT = -9; // Tweak factor. Adjust count to position waveform correctly with respect to SPI clock.
   ^
/home/ec2-user/arduino-testlib/cli-datadir/user/libraries/Nano_Every_WS2812B/src/Nano_Every_WS2812B.cpp:122:27: error: &#39;SPI_RXCIF_bm&#39; was not declared in this scope
   while ((SPI0.INTFLAGS &amp; SPI_RXCIF_bm)==0)
                           ^
/home/ec2-user/arduino-testlib/cli-datadir/user/libraries/Nano_Every_WS2812B/src/Nano_Every_WS2812B.cpp: In member function &#39;void CI_WS2812B::CCL_init()&#39;:
/home/ec2-user/arduino-testlib/cli-datadir/user/libraries/Nano_Every_WS2812B/src/Nano_Every_WS2812B.cpp:139:3: error: &#39;PORTMUX&#39; was not declared in this scope
   PORTMUX.CCLROUTEA |= PORTMUX_LUT1_bm; // Alternate pin for LUT1.
   ^
/home/ec2-user/arduino-testlib/cli-datadir/user/libraries/Nano_Every_WS2812B/src/Nano_Every_WS2812B.cpp:139:24: error: &#39;PORTMUX_LUT1_bm&#39; was not declared in this scope
   PORTMUX.CCLROUTEA |= PORTMUX_LUT1_bm; // Alternate pin for LUT1.
                        ^
/home/ec2-user/arduino-testlib/cli-datadir/user/libraries/Nano_Every_WS2812B/src/Nano_Every_WS2812B.cpp:145:3: error: &#39;CCL&#39; was not declared in this scope
   CCL.LUT2CTRLB = CCL_INSEL0_MASK_gc | CCL_INSEL1_MASK_gc; // in0 = NC, in1 = NC.
   ^
/home/ec2-user/arduino-testlib/cli-datadir/user/libraries/Nano_Every_WS2812B/src/Nano_Every_WS2812B.cpp:145:19: error: &#39;CCL_INSEL0_MASK_gc&#39; was not declared in this scope
   CCL.LUT2CTRLB = CCL_INSEL0_MASK_gc | CCL_INSEL1_MASK_gc; // in0 = NC, in1 = NC.
                   ^
/home/ec2-user/arduino-testlib/cli-datadir/user/libraries/Nano_Every_WS2812B/src/Nano_Every_WS2812B.cpp:145:40: error: &#39;CCL_INSEL1_MASK_gc&#39; was not declared in this scope
   CCL.LUT2CTRLB = CCL_INSEL0_MASK_gc | CCL_INSEL1_MASK_gc; // in0 = NC, in1 = NC.
                                        ^
/home/ec2-user/arduino-testlib/cli-datadir/user/libraries/Nano_Every_WS2812B/src/Nano_Every_WS2812B.cpp:146:19: error: &#39;CCL_INSEL2_TCB2_gc&#39; was not declared in this scope
   CCL.LUT2CTRLC = CCL_INSEL2_TCB2_gc; // in2 = TCB2.
                   ^
/home/ec2-user/arduino-testlib/cli-datadir/user/libraries/Nano_Every_WS2812B/src/Nano_Every_WS2812B.cpp:149:19: error: &#39;CCL_ENABLE_bm&#39; was not declared in this scope
   CCL.LUT2CTRLA = CCL_ENABLE_bm; // Enable LUT2, output not needed.
                   ^
/home/ec2-user/arduino-testlib/cli-datadir/user/libraries/Nano_Every_WS2812B/src/Nano_Every_WS2812B.cpp:154:19: error: &#39;CCL_INSEL0_LINK_gc&#39; was not declared in this scope
   CCL.LUT1CTRLB = CCL_INSEL0_LINK_gc | CCL_INSEL1_SPI0_gc; // in0 = LINK LUT2, in1 = SPI0 MOSI.
                   ^
/home/ec2-user/arduino-testlib/cli-datadir/user/libraries/Nano_Every_WS2812B/src/Nano_Every_WS2812B.cpp:154:40: error: &#39;CCL_INSEL1_SPI0_gc&#39; was not declared in this scope
   CCL.LUT1CTRLB = CCL_INSEL0_LINK_gc | CCL_INSEL1_SPI0_gc; // in0 = LINK LUT2, in1 = SPI0 MOSI.
                                        ^
/home/ec2-user/arduino-testlib/cli-datadir/user/libraries/Nano_Every_WS2812B/src/Nano_Every_WS2812B.cpp:155:19: error: &#39;CCL_INSEL2_SPI0_gc&#39; was not declared in this scope
   CCL.LUT1CTRLC = CCL_INSEL2_SPI0_gc; // in2 = SPI0 SCK.
                   ^
/home/ec2-user/arduino-testlib/cli-datadir/user/libraries/Nano_Every_WS2812B/src/Nano_Every_WS2812B.cpp:166:35: error: &#39;CCL_OUTEN_bm&#39; was not declared in this scope
   CCL.LUT1CTRLA = CCL_ENABLE_bm | CCL_OUTEN_bm; // Enable LUT1 and its output PC6 (= D4).
                                   ^
/home/ec2-user/arduino-testlib/cli-datadir/user/libraries/Nano_Every_WS2812B/src/Nano_Every_WS2812B.cpp:168:31: error: &#39;CCL_RUNSTDBY_bm&#39; was not declared in this scope
   CCL.CTRLA = CCL_ENABLE_bm | CCL_RUNSTDBY_bm; // Enable CCL &amp; run in standby.
                               ^

</pre>
					
					<h4>examples/Stroboscope</h4>
					<p>
						Result: <b>FAIL</b>
					</p>
					<pre class="pre-scrollable">WARNING: library Nano_Every_WS2812B claims to run on megaavr architecture(s) and may be incompatible with your current board which runs on esp32 architecture(s).
/home/ec2-user/arduino-testlib/cli-datadir/user/libraries/Nano_Every_WS2812B/src/Nano_Every_WS2812B.cpp: In member function &#39;void CI_WS2812B::TCB2_init()&#39;:
/home/ec2-user/arduino-testlib/cli-datadir/user/libraries/Nano_Every_WS2812B/src/Nano_Every_WS2812B.cpp:91:3: error: &#39;TCB2&#39; was not declared in this scope
   TCB2.CTRLB = TCB_CNTMODE_PWM8_gc; // 8-bit PWM, no need to enable the waveform output.
   ^
/home/ec2-user/arduino-testlib/cli-datadir/user/libraries/Nano_Every_WS2812B/src/Nano_Every_WS2812B.cpp:91:16: error: &#39;TCB_CNTMODE_PWM8_gc&#39; was not declared in this scope
   TCB2.CTRLB = TCB_CNTMODE_PWM8_gc; // 8-bit PWM, no need to enable the waveform output.
                ^
/home/ec2-user/arduino-testlib/cli-datadir/user/libraries/Nano_Every_WS2812B/src/Nano_Every_WS2812B.cpp: In member function &#39;void CI_WS2812B::SPI_init()&#39;:
/home/ec2-user/arduino-testlib/cli-datadir/user/libraries/Nano_Every_WS2812B/src/Nano_Every_WS2812B.cpp:107:3: error: &#39;SPI0&#39; was not declared in this scope
   SPI0.CTRLA = SPI_ENABLE_bm | SPI_MASTER_bm | SPI_PRESC_DIV16_gc;
   ^
/home/ec2-user/arduino-testlib/cli-datadir/user/libraries/Nano_Every_WS2812B/src/Nano_Every_WS2812B.cpp:107:16: error: &#39;SPI_ENABLE_bm&#39; was not declared in this scope
   SPI0.CTRLA = SPI_ENABLE_bm | SPI_MASTER_bm | SPI_PRESC_DIV16_gc;
                ^
/home/ec2-user/arduino-testlib/cli-datadir/user/libraries/Nano_Every_WS2812B/src/Nano_Every_WS2812B.cpp:107:32: error: &#39;SPI_MASTER_bm&#39; was not declared in this scope
   SPI0.CTRLA = SPI_ENABLE_bm | SPI_MASTER_bm | SPI_PRESC_DIV16_gc;
                                ^
/home/ec2-user/arduino-testlib/cli-datadir/user/libraries/Nano_Every_WS2812B/src/Nano_Every_WS2812B.cpp:107:48: error: &#39;SPI_PRESC_DIV16_gc&#39; was not declared in this scope
   SPI0.CTRLA = SPI_ENABLE_bm | SPI_MASTER_bm | SPI_PRESC_DIV16_gc;
                                                ^
/home/ec2-user/arduino-testlib/cli-datadir/user/libraries/Nano_Every_WS2812B/src/Nano_Every_WS2812B.cpp:108:16: error: &#39;SPI_MODE_1_gc&#39; was not declared in this scope
   SPI0.CTRLB = SPI_MODE_1_gc | SPI_SSD_bm;  // Slave Select disabled.
                ^
/home/ec2-user/arduino-testlib/cli-datadir/user/libraries/Nano_Every_WS2812B/src/Nano_Every_WS2812B.cpp:108:32: error: &#39;SPI_SSD_bm&#39; was not declared in this scope
   SPI0.CTRLB = SPI_MODE_1_gc | SPI_SSD_bm;  // Slave Select disabled.
                                ^
/home/ec2-user/arduino-testlib/cli-datadir/user/libraries/Nano_Every_WS2812B/src/Nano_Every_WS2812B.cpp: In member function &#39;void CI_WS2812B::SPI_transfer(uint8_t)&#39;:
/home/ec2-user/arduino-testlib/cli-datadir/user/libraries/Nano_Every_WS2812B/src/Nano_Every_WS2812B.cpp:114:3: error: &#39;SPI0&#39; was not declared in this scope
   SPI0.INTFLAGS = SPI0_INTFLAGS;
   ^
/home/ec2-user/arduino-testlib/cli-datadir/user/libraries/Nano_Every_WS2812B/src/Nano_Every_WS2812B.cpp:114:19: error: &#39;SPI0_INTFLAGS&#39; was not declared in this scope
   SPI0.INTFLAGS = SPI0_INTFLAGS;
                   ^
/home/ec2-user/arduino-testlib/cli-datadir/user/libraries/Nano_Every_WS2812B/src/Nano_Every_WS2812B.cpp:116:3: error: &#39;TCB2&#39; was not declared in this scope
   TCB2.CNT = -9; // Tweak factor. Adjust count to position waveform correctly with respect to SPI clock.
   ^
/home/ec2-user/arduino-testlib/cli-datadir/user/libraries/Nano_Every_WS2812B/src/Nano_Every_WS2812B.cpp:122:27: error: &#39;SPI_RXCIF_bm&#39; was not declared in this scope
   while ((SPI0.INTFLAGS &amp; SPI_RXCIF_bm)==0)
                           ^
/home/ec2-user/arduino-testlib/cli-datadir/user/libraries/Nano_Every_WS2812B/src/Nano_Every_WS2812B.cpp: In member function &#39;void CI_WS2812B::CCL_init()&#39;:
/home/ec2-user/arduino-testlib/cli-datadir/user/libraries/Nano_Every_WS2812B/src/Nano_Every_WS2812B.cpp:139:3: error: &#39;PORTMUX&#39; was not declared in this scope
   PORTMUX.CCLROUTEA |= PORTMUX_LUT1_bm; // Alternate pin for LUT1.
   ^
/home/ec2-user/arduino-testlib/cli-datadir/user/libraries/Nano_Every_WS2812B/src/Nano_Every_WS2812B.cpp:139:24: error: &#39;PORTMUX_LUT1_bm&#39; was not declared in this scope
   PORTMUX.CCLROUTEA |= PORTMUX_LUT1_bm; // Alternate pin for LUT1.
                        ^
/home/ec2-user/arduino-testlib/cli-datadir/user/libraries/Nano_Every_WS2812B/src/Nano_Every_WS2812B.cpp:145:3: error: &#39;CCL&#39; was not declared in this scope
   CCL.LUT2CTRLB = CCL_INSEL0_MASK_gc | CCL_INSEL1_MASK_gc; // in0 = NC, in1 = NC.
   ^
/home/ec2-user/arduino-testlib/cli-datadir/user/libraries/Nano_Every_WS2812B/src/Nano_Every_WS2812B.cpp:145:19: error: &#39;CCL_INSEL0_MASK_gc&#39; was not declared in this scope
   CCL.LUT2CTRLB = CCL_INSEL0_MASK_gc | CCL_INSEL1_MASK_gc; // in0 = NC, in1 = NC.
                   ^
/home/ec2-user/arduino-testlib/cli-datadir/user/libraries/Nano_Every_WS2812B/src/Nano_Every_WS2812B.cpp:145:40: error: &#39;CCL_INSEL1_MASK_gc&#39; was not declared in this scope
   CCL.LUT2CTRLB = CCL_INSEL0_MASK_gc | CCL_INSEL1_MASK_gc; // in0 = NC, in1 = NC.
                                        ^
/home/ec2-user/arduino-testlib/cli-datadir/user/libraries/Nano_Every_WS2812B/src/Nano_Every_WS2812B.cpp:146:19: error: &#39;CCL_INSEL2_TCB2_gc&#39; was not declared in this scope
   CCL.LUT2CTRLC = CCL_INSEL2_TCB2_gc; // in2 = TCB2.
                   ^
/home/ec2-user/arduino-testlib/cli-datadir/user/libraries/Nano_Every_WS2812B/src/Nano_Every_WS2812B.cpp:149:19: error: &#39;CCL_ENABLE_bm&#39; was not declared in this scope
   CCL.LUT2CTRLA = CCL_ENABLE_bm; // Enable LUT2, output not needed.
                   ^
/home/ec2-user/arduino-testlib/cli-datadir/user/libraries/Nano_Every_WS2812B/src/Nano_Every_WS2812B.cpp:154:19: error: &#39;CCL_INSEL0_LINK_gc&#39; was not declared in this scope
   CCL.LUT1CTRLB = CCL_INSEL0_LINK_gc | CCL_INSEL1_SPI0_gc; // in0 = LINK LUT2, in1 = SPI0 MOSI.
                   ^
/home/ec2-user/arduino-testlib/cli-datadir/user/libraries/Nano_Every_WS2812B/src/Nano_Every_WS2812B.cpp:154:40: error: &#39;CCL_INSEL1_SPI0_gc&#39; was not declared in this scope
   CCL.LUT1CTRLB = CCL_INSEL0_LINK_gc | CCL_INSEL1_SPI0_gc; // in0 = LINK LUT2, in1 = SPI0 MOSI.
                                        ^
/home/ec2-user/arduino-testlib/cli-datadir/user/libraries/Nano_Every_WS2812B/src/Nano_Every_WS2812B.cpp:155:19: error: &#39;CCL_INSEL2_SPI0_gc&#39; was not declared in this scope
   CCL.LUT1CTRLC = CCL_INSEL2_SPI0_gc; // in2 = SPI0 SCK.
                   ^
/home/ec2-user/arduino-testlib/cli-datadir/user/libraries/Nano_Every_WS2812B/src/Nano_Every_WS2812B.cpp:166:35: error: &#39;CCL_OUTEN_bm&#39; was not declared in this scope
   CCL.LUT1CTRLA = CCL_ENABLE_bm | CCL_OUTEN_bm; // Enable LUT1 and its output PC6 (= D4).
                                   ^
/home/ec2-user/arduino-testlib/cli-datadir/user/libraries/Nano_Every_WS2812B/src/Nano_Every_WS2812B.cpp:168:31: error: &#39;CCL_RUNSTDBY_bm&#39; was not declared in this scope
   CCL.CTRLA = CCL_ENABLE_bm | CCL_RUNSTDBY_bm; // Enable CCL &amp; run in standby.
                               ^

</pre>
					
				
			</div>
		</div>
	</div>
  </body>
</html>
