
<!doctype html>
<html lang="en">
  <head>
    <meta charset="utf-8">
    <meta name="viewport" content="width=device-width, initial-scale=1">
    <link href="https://cdn.jsdelivr.net/npm/bootstrap@5.0.2/dist/css/bootstrap.min.css" rel="stylesheet" integrity="sha384-EVSTQN3/azprG1Anm3QDgpJLIm9Nao0Yz1ztcQTwFspd3yD65VohhpuuCOmLASjC" crossorigin="anonymous">
    <title>arduino-testlib report</title>
	<style>
	.pass { background-color: #00FF00 !important; }
	.fail { background-color: #FF0000 !important; }
	</style>
  </head>
  <body>
	<div class="container">
		<div class="row">
			<div class="col">
				<h1>Nano33BLESensor - compatibility matrix</h1>
				<p>
					<small>This report was generated on Wednesday, 23-Feb-22 22:48:15 CET using 
					<a href="https://github.com/alranel/arduino-testlib">arduino-testlib</a>.</small>
				</p>

				<h2>Nano33BLESensor</h2>
				<p>
					Version: <b>1.0.1</b>
					<br />
					<a href="https://www.arduino.cc/reference/en/libraries/nano33blesensor/">More details</a>
				</p>

				<h2>Compatibility matrix</h2>
				<table class="table table-bordered">
					<tr>
						<th>Board</th>
						<th>Claims compatibility</th>
						<th>Inclusion</th>
						
						<th><pre>Nano33BLESensorExample_pressure</pre></th>
						
						<th><pre>Nano33BLESensorExample_temperature</pre></th>
						
						<th><pre>Nano33BLESensorExample_AllSensors-SerialPlotter</pre></th>
						
						<th><pre>Nano33BLESensorExample_IMU</pre></th>
						
						<th><pre>Nano33BLESensorExample_colour</pre></th>
						
						<th><pre>Nano33BLESensorExample_gesture</pre></th>
						
						<th><pre>Nano33BLESensorExample_microphoneRMS</pre></th>
						
						<th><pre>Nano33BLESensorExample_accelerometer</pre></th>
						
						<th><pre>Nano33BLESensorExample_gyroscope</pre></th>
						
						<th><pre>Nano33BLESensorExample_magnetic</pre></th>
						
						<th><pre>Nano33BLESensorExample_proximity</pre></th>
						
					</tr>
					
					<tr>
						<td>
							<a href="#arduino%3aavr%3auno"><b>arduino:avr:uno</b></a>
							<br />
							<small>1.8.4</small>
						</td>

						
						
						
							<td>Yes ⚠️</td>
							<td class="fail">FAIL</td>
						
						

						
							
								
									
										
									
										
									
										
									
										
									
										
									
										
									
										
									
										
									
										
											
											<td class="fail">FAIL</td>
										
									
										
									
										
									
								
							
								
							
								
							
								
							
								
							
						
							
								
									
										
									
										
									
										
									
										
									
										
									
										
									
										
									
										
									
										
									
										
									
										
											
											<td class="fail">FAIL</td>
										
									
								
							
								
							
								
							
								
							
								
							
						
							
								
									
										
											
											<td class="fail">FAIL</td>
										
									
										
									
										
									
										
									
										
									
										
									
										
									
										
									
										
									
										
									
										
									
								
							
								
							
								
							
								
							
								
							
						
							
								
									
										
									
										
											
											<td class="fail">FAIL</td>
										
									
										
									
										
									
										
									
										
									
										
									
										
									
										
									
										
									
										
									
								
							
								
							
								
							
								
							
								
							
						
							
								
									
										
									
										
									
										
									
										
											
											<td class="fail">FAIL</td>
										
									
										
									
										
									
										
									
										
									
										
									
										
									
										
									
								
							
								
							
								
							
								
							
								
							
						
							
								
									
										
									
										
									
										
									
										
									
										
											
											<td class="fail">FAIL</td>
										
									
										
									
										
									
										
									
										
									
										
									
										
									
								
							
								
							
								
							
								
							
								
							
						
							
								
									
										
									
										
									
										
									
										
									
										
									
										
									
										
									
										
											
											<td class="fail">FAIL</td>
										
									
										
									
										
									
										
									
								
							
								
							
								
							
								
							
								
							
						
							
								
									
										
									
										
									
										
											
											<td class="fail">FAIL</td>
										
									
										
									
										
									
										
									
										
									
										
									
										
									
										
									
										
									
								
							
								
							
								
							
								
							
								
							
						
							
								
									
										
									
										
									
										
									
										
									
										
									
										
											
											<td class="fail">FAIL</td>
										
									
										
									
										
									
										
									
										
									
										
									
								
							
								
							
								
							
								
							
								
							
						
							
								
									
										
									
										
									
										
									
										
									
										
									
										
									
										
											
											<td class="fail">FAIL</td>
										
									
										
									
										
									
										
									
										
									
								
							
								
							
								
							
								
							
								
							
						
							
								
									
										
									
										
									
										
									
										
									
										
									
										
									
										
									
										
									
										
									
										
											
											<td class="fail">FAIL</td>
										
									
										
									
								
							
								
							
								
							
								
							
								
							
						
					</tr>
					
					<tr>
						<td>
							<a href="#arduino%3ambed_nano%3ananorp2040connect"><b>arduino:mbed_nano:nanorp2040connect</b></a>
							<br />
							<small>2.7.2</small>
						</td>

						
						
						
							<td>Yes ⚠️</td>
							<td class="fail">FAIL</td>
						
						

						
							
								
							
								
									
										
									
										
									
										
									
										
									
										
									
										
									
										
									
										
									
										
											
											<td class="fail">FAIL</td>
										
									
										
									
										
									
								
							
								
							
								
							
								
							
						
							
								
							
								
									
										
									
										
									
										
									
										
									
										
									
										
									
										
									
										
									
										
									
										
									
										
											
											<td class="fail">FAIL</td>
										
									
								
							
								
							
								
							
								
							
						
							
								
							
								
									
										
											
											<td class="fail">FAIL</td>
										
									
										
									
										
									
										
									
										
									
										
									
										
									
										
									
										
									
										
									
										
									
								
							
								
							
								
							
								
							
						
							
								
							
								
									
										
									
										
											
											<td class="fail">FAIL</td>
										
									
										
									
										
									
										
									
										
									
										
									
										
									
										
									
										
									
										
									
								
							
								
							
								
							
								
							
						
							
								
							
								
									
										
									
										
									
										
									
										
											
											<td class="fail">FAIL</td>
										
									
										
									
										
									
										
									
										
									
										
									
										
									
										
									
								
							
								
							
								
							
								
							
						
							
								
							
								
									
										
									
										
									
										
									
										
									
										
											
											<td class="fail">FAIL</td>
										
									
										
									
										
									
										
									
										
									
										
									
										
									
								
							
								
							
								
							
								
							
						
							
								
							
								
									
										
									
										
									
										
									
										
									
										
									
										
									
										
									
										
											
											<td class="fail">FAIL</td>
										
									
										
									
										
									
										
									
								
							
								
							
								
							
								
							
						
							
								
							
								
									
										
									
										
									
										
											
											<td class="fail">FAIL</td>
										
									
										
									
										
									
										
									
										
									
										
									
										
									
										
									
										
									
								
							
								
							
								
							
								
							
						
							
								
							
								
									
										
									
										
									
										
									
										
									
										
									
										
											
											<td class="fail">FAIL</td>
										
									
										
									
										
									
										
									
										
									
										
									
								
							
								
							
								
							
								
							
						
							
								
							
								
									
										
									
										
									
										
									
										
									
										
									
										
									
										
											
											<td class="fail">FAIL</td>
										
									
										
									
										
									
										
									
										
									
								
							
								
							
								
							
								
							
						
							
								
							
								
									
										
									
										
									
										
									
										
									
										
									
										
									
										
									
										
									
										
									
										
											
											<td class="fail">FAIL</td>
										
									
										
									
								
							
								
							
								
							
								
							
						
					</tr>
					
					<tr>
						<td>
							<a href="#arduino%3amegaavr%3anona4809"><b>arduino:megaavr:nona4809</b></a>
							<br />
							<small>1.8.7</small>
						</td>

						
						
						
							<td>Yes ⚠️</td>
							<td class="fail">FAIL</td>
						
						

						
							
								
							
								
							
								
									
										
									
										
									
										
									
										
									
										
									
										
									
										
									
										
									
										
											
											<td class="fail">FAIL</td>
										
									
										
									
										
									
								
							
								
							
								
							
						
							
								
							
								
							
								
									
										
									
										
									
										
									
										
									
										
									
										
									
										
									
										
									
										
									
										
									
										
											
											<td class="fail">FAIL</td>
										
									
								
							
								
							
								
							
						
							
								
							
								
							
								
									
										
											
											<td class="fail">FAIL</td>
										
									
										
									
										
									
										
									
										
									
										
									
										
									
										
									
										
									
										
									
										
									
								
							
								
							
								
							
						
							
								
							
								
							
								
									
										
									
										
											
											<td class="fail">FAIL</td>
										
									
										
									
										
									
										
									
										
									
										
									
										
									
										
									
										
									
										
									
								
							
								
							
								
							
						
							
								
							
								
							
								
									
										
									
										
									
										
									
										
											
											<td class="fail">FAIL</td>
										
									
										
									
										
									
										
									
										
									
										
									
										
									
										
									
								
							
								
							
								
							
						
							
								
							
								
							
								
									
										
									
										
									
										
									
										
									
										
											
											<td class="fail">FAIL</td>
										
									
										
									
										
									
										
									
										
									
										
									
										
									
								
							
								
							
								
							
						
							
								
							
								
							
								
									
										
									
										
									
										
									
										
									
										
									
										
									
										
									
										
											
											<td class="fail">FAIL</td>
										
									
										
									
										
									
										
									
								
							
								
							
								
							
						
							
								
							
								
							
								
									
										
									
										
									
										
											
											<td class="fail">FAIL</td>
										
									
										
									
										
									
										
									
										
									
										
									
										
									
										
									
										
									
								
							
								
							
								
							
						
							
								
							
								
							
								
									
										
									
										
									
										
									
										
									
										
									
										
											
											<td class="fail">FAIL</td>
										
									
										
									
										
									
										
									
										
									
										
									
								
							
								
							
								
							
						
							
								
							
								
							
								
									
										
									
										
									
										
									
										
									
										
									
										
									
										
											
											<td class="fail">FAIL</td>
										
									
										
									
										
									
										
									
										
									
								
							
								
							
								
							
						
							
								
							
								
							
								
									
										
									
										
									
										
									
										
									
										
									
										
									
										
									
										
									
										
									
										
											
											<td class="fail">FAIL</td>
										
									
										
									
								
							
								
							
								
							
						
					</tr>
					
					<tr>
						<td>
							<a href="#arduino%3asamd%3amkrwifi1010"><b>arduino:samd:mkrwifi1010</b></a>
							<br />
							<small>1.8.12</small>
						</td>

						
						
						
							<td>Yes ⚠️</td>
							<td class="fail">FAIL</td>
						
						

						
							
								
							
								
							
								
							
								
									
										
									
										
									
										
									
										
									
										
									
										
									
										
									
										
									
										
											
											<td class="fail">FAIL</td>
										
									
										
									
										
									
								
							
								
							
						
							
								
							
								
							
								
							
								
									
										
									
										
									
										
									
										
									
										
									
										
									
										
									
										
									
										
									
										
									
										
											
											<td class="fail">FAIL</td>
										
									
								
							
								
							
						
							
								
							
								
							
								
							
								
									
										
											
											<td class="fail">FAIL</td>
										
									
										
									
										
									
										
									
										
									
										
									
										
									
										
									
										
									
										
									
										
									
								
							
								
							
						
							
								
							
								
							
								
							
								
									
										
									
										
											
											<td class="fail">FAIL</td>
										
									
										
									
										
									
										
									
										
									
										
									
										
									
										
									
										
									
										
									
								
							
								
							
						
							
								
							
								
							
								
							
								
									
										
									
										
									
										
									
										
											
											<td class="fail">FAIL</td>
										
									
										
									
										
									
										
									
										
									
										
									
										
									
										
									
								
							
								
							
						
							
								
							
								
							
								
							
								
									
										
									
										
									
										
									
										
									
										
											
											<td class="fail">FAIL</td>
										
									
										
									
										
									
										
									
										
									
										
									
										
									
								
							
								
							
						
							
								
							
								
							
								
							
								
									
										
									
										
									
										
									
										
									
										
									
										
									
										
									
										
											
											<td class="fail">FAIL</td>
										
									
										
									
										
									
										
									
								
							
								
							
						
							
								
							
								
							
								
							
								
									
										
									
										
									
										
											
											<td class="fail">FAIL</td>
										
									
										
									
										
									
										
									
										
									
										
									
										
									
										
									
										
									
								
							
								
							
						
							
								
							
								
							
								
							
								
									
										
									
										
									
										
									
										
									
										
									
										
											
											<td class="fail">FAIL</td>
										
									
										
									
										
									
										
									
										
									
										
									
								
							
								
							
						
							
								
							
								
							
								
							
								
									
										
									
										
									
										
									
										
									
										
									
										
									
										
											
											<td class="fail">FAIL</td>
										
									
										
									
										
									
										
									
										
									
								
							
								
							
						
							
								
							
								
							
								
							
								
									
										
									
										
									
										
									
										
									
										
									
										
									
										
									
										
									
										
									
										
											
											<td class="fail">FAIL</td>
										
									
										
									
								
							
								
							
						
					</tr>
					
					<tr>
						<td>
							<a href="#esp32%3aesp32%3ad1_mini32"><b>esp32:esp32:d1_mini32</b></a>
							<br />
							<small>1.0.6</small>
						</td>

						
						
						
							<td>Yes ⚠️</td>
							<td class="fail">FAIL</td>
						
						

						
							
								
							
								
							
								
							
								
							
								
									
										
									
										
									
										
									
										
									
										
									
										
									
										
									
										
									
										
											
											<td class="fail">FAIL</td>
										
									
										
									
										
									
								
							
						
							
								
							
								
							
								
							
								
							
								
									
										
									
										
									
										
									
										
									
										
									
										
									
										
									
										
									
										
									
										
									
										
											
											<td class="fail">FAIL</td>
										
									
								
							
						
							
								
							
								
							
								
							
								
							
								
									
										
											
											<td class="fail">FAIL</td>
										
									
										
									
										
									
										
									
										
									
										
									
										
									
										
									
										
									
										
									
										
									
								
							
						
							
								
							
								
							
								
							
								
							
								
									
										
									
										
											
											<td class="fail">FAIL</td>
										
									
										
									
										
									
										
									
										
									
										
									
										
									
										
									
										
									
										
									
								
							
						
							
								
							
								
							
								
							
								
							
								
									
										
									
										
									
										
									
										
											
											<td class="fail">FAIL</td>
										
									
										
									
										
									
										
									
										
									
										
									
										
									
										
									
								
							
						
							
								
							
								
							
								
							
								
							
								
									
										
									
										
									
										
									
										
									
										
											
											<td class="fail">FAIL</td>
										
									
										
									
										
									
										
									
										
									
										
									
										
									
								
							
						
							
								
							
								
							
								
							
								
							
								
									
										
									
										
									
										
									
										
									
										
									
										
									
										
									
										
											
											<td class="fail">FAIL</td>
										
									
										
									
										
									
										
									
								
							
						
							
								
							
								
							
								
							
								
							
								
									
										
									
										
									
										
											
											<td class="fail">FAIL</td>
										
									
										
									
										
									
										
									
										
									
										
									
										
									
										
									
										
									
								
							
						
							
								
							
								
							
								
							
								
							
								
									
										
									
										
									
										
									
										
									
										
									
										
											
											<td class="fail">FAIL</td>
										
									
										
									
										
									
										
									
										
									
										
									
								
							
						
							
								
							
								
							
								
							
								
							
								
									
										
									
										
									
										
									
										
									
										
									
										
									
										
											
											<td class="fail">FAIL</td>
										
									
										
									
										
									
										
									
										
									
								
							
						
							
								
							
								
							
								
							
								
							
								
									
										
									
										
									
										
									
										
									
										
									
										
									
										
									
										
									
										
									
										
											
											<td class="fail">FAIL</td>
										
									
										
									
								
							
						
					</tr>
					
				</table>

				<h2>Compilation logs</h2>
				
				<h3 id="arduino:avr:uno">arduino:avr:uno @ 1.8.4</h3>
				<h4>Inclusion</h4>
				<p>
					Result: <b>FAIL</b>
					
				</p>
				<pre class="pre-scrollable">/home/ec2-user/arduino-testlib/cli-datadir/user/libraries/Nano33BLESensor/src/Nano33BLEMicrophoneRMS.cpp:28:10: fatal error: PDM.h: No such file or directory
 #include &lt;PDM.h&gt;
          ^~~~~~~
compilation terminated.
Multiple libraries were found for &#34;CircularBuffer.h&#34;
  Used: /home/ec2-user/arduino-testlib/cli-datadir/user/libraries/CircularBuffer
  Not used: /home/ec2-user/arduino-testlib/cli-datadir/user/libraries/OneSheeld
  Not used: /home/ec2-user/arduino-testlib/cli-datadir/user/libraries/DabbleESP32
  Not used: /home/ec2-user/arduino-testlib/cli-datadir/user/libraries/MAX30100lib
  Not used: /home/ec2-user/arduino-testlib/cli-datadir/user/libraries/MAX30100_milan
  Not used: /home/ec2-user/arduino-testlib/cli-datadir/user/libraries/MegunoLink
  Not used: /home/ec2-user/arduino-testlib/cli-datadir/user/libraries/BufferUtils
  Not used: /home/ec2-user/arduino-testlib/cli-datadir/user/libraries/Dabble
</pre>

					
					<h4>examples/Nano33BLESensorExample_AllSensors-SerialPlotter</h4>
					<p>
						Result: <b>FAIL</b>
					</p>
					<pre class="pre-scrollable">/home/ec2-user/arduino-testlib/cli-datadir/user/libraries/Nano33BLESensor/src/Nano33BLEMicrophoneRMS.cpp:28:10: fatal error: PDM.h: No such file or directory
 #include &lt;PDM.h&gt;
          ^~~~~~~
compilation terminated.
Multiple libraries were found for &#34;CircularBuffer.h&#34;
  Used: /home/ec2-user/arduino-testlib/cli-datadir/user/libraries/CircularBuffer
  Not used: /home/ec2-user/arduino-testlib/cli-datadir/user/libraries/Dabble
  Not used: /home/ec2-user/arduino-testlib/cli-datadir/user/libraries/MAX30100_milan
  Not used: /home/ec2-user/arduino-testlib/cli-datadir/user/libraries/DabbleESP32
  Not used: /home/ec2-user/arduino-testlib/cli-datadir/user/libraries/MegunoLink
  Not used: /home/ec2-user/arduino-testlib/cli-datadir/user/libraries/OneSheeld
  Not used: /home/ec2-user/arduino-testlib/cli-datadir/user/libraries/MAX30100lib
  Not used: /home/ec2-user/arduino-testlib/cli-datadir/user/libraries/BufferUtils
</pre>
					
					<h4>examples/Nano33BLESensorExample_IMU</h4>
					<p>
						Result: <b>FAIL</b>
					</p>
					<pre class="pre-scrollable">/home/ec2-user/arduino-testlib/cli-datadir/user/libraries/Nano33BLESensor/src/Nano33BLEMicrophoneRMS.cpp:28:10: fatal error: PDM.h: No such file or directory
 #include &lt;PDM.h&gt;
          ^~~~~~~
compilation terminated.
Multiple libraries were found for &#34;CircularBuffer.h&#34;
  Used: /home/ec2-user/arduino-testlib/cli-datadir/user/libraries/CircularBuffer
  Not used: /home/ec2-user/arduino-testlib/cli-datadir/user/libraries/MAX30100_milan
  Not used: /home/ec2-user/arduino-testlib/cli-datadir/user/libraries/BufferUtils
  Not used: /home/ec2-user/arduino-testlib/cli-datadir/user/libraries/Dabble
  Not used: /home/ec2-user/arduino-testlib/cli-datadir/user/libraries/MegunoLink
  Not used: /home/ec2-user/arduino-testlib/cli-datadir/user/libraries/DabbleESP32
  Not used: /home/ec2-user/arduino-testlib/cli-datadir/user/libraries/MAX30100lib
  Not used: /home/ec2-user/arduino-testlib/cli-datadir/user/libraries/OneSheeld
</pre>
					
					<h4>examples/Nano33BLESensorExample_accelerometer</h4>
					<p>
						Result: <b>FAIL</b>
					</p>
					<pre class="pre-scrollable">/home/ec2-user/arduino-testlib/cli-datadir/user/libraries/Nano33BLESensor/src/Nano33BLEMicrophoneRMS.cpp:28:10: fatal error: PDM.h: No such file or directory
 #include &lt;PDM.h&gt;
          ^~~~~~~
compilation terminated.
Multiple libraries were found for &#34;CircularBuffer.h&#34;
  Used: /home/ec2-user/arduino-testlib/cli-datadir/user/libraries/CircularBuffer
  Not used: /home/ec2-user/arduino-testlib/cli-datadir/user/libraries/Dabble
  Not used: /home/ec2-user/arduino-testlib/cli-datadir/user/libraries/DabbleESP32
  Not used: /home/ec2-user/arduino-testlib/cli-datadir/user/libraries/MegunoLink
  Not used: /home/ec2-user/arduino-testlib/cli-datadir/user/libraries/BufferUtils
  Not used: /home/ec2-user/arduino-testlib/cli-datadir/user/libraries/OneSheeld
  Not used: /home/ec2-user/arduino-testlib/cli-datadir/user/libraries/MAX30100_milan
  Not used: /home/ec2-user/arduino-testlib/cli-datadir/user/libraries/MAX30100lib
</pre>
					
					<h4>examples/Nano33BLESensorExample_colour</h4>
					<p>
						Result: <b>FAIL</b>
					</p>
					<pre class="pre-scrollable">/home/ec2-user/arduino-testlib/cli-datadir/user/libraries/Nano33BLESensor/src/Nano33BLEMicrophoneRMS.cpp:28:10: fatal error: PDM.h: No such file or directory
 #include &lt;PDM.h&gt;
          ^~~~~~~
compilation terminated.
Multiple libraries were found for &#34;CircularBuffer.h&#34;
  Used: /home/ec2-user/arduino-testlib/cli-datadir/user/libraries/CircularBuffer
  Not used: /home/ec2-user/arduino-testlib/cli-datadir/user/libraries/MegunoLink
  Not used: /home/ec2-user/arduino-testlib/cli-datadir/user/libraries/DabbleESP32
  Not used: /home/ec2-user/arduino-testlib/cli-datadir/user/libraries/MAX30100_milan
  Not used: /home/ec2-user/arduino-testlib/cli-datadir/user/libraries/Dabble
  Not used: /home/ec2-user/arduino-testlib/cli-datadir/user/libraries/BufferUtils
  Not used: /home/ec2-user/arduino-testlib/cli-datadir/user/libraries/MAX30100lib
  Not used: /home/ec2-user/arduino-testlib/cli-datadir/user/libraries/OneSheeld
</pre>
					
					<h4>examples/Nano33BLESensorExample_gesture</h4>
					<p>
						Result: <b>FAIL</b>
					</p>
					<pre class="pre-scrollable">/home/ec2-user/arduino-testlib/cli-datadir/user/libraries/Nano33BLESensor/src/Nano33BLEMicrophoneRMS.cpp:28:10: fatal error: PDM.h: No such file or directory
 #include &lt;PDM.h&gt;
          ^~~~~~~
compilation terminated.
Multiple libraries were found for &#34;CircularBuffer.h&#34;
  Used: /home/ec2-user/arduino-testlib/cli-datadir/user/libraries/CircularBuffer
  Not used: /home/ec2-user/arduino-testlib/cli-datadir/user/libraries/MAX30100lib
  Not used: /home/ec2-user/arduino-testlib/cli-datadir/user/libraries/OneSheeld
  Not used: /home/ec2-user/arduino-testlib/cli-datadir/user/libraries/BufferUtils
  Not used: /home/ec2-user/arduino-testlib/cli-datadir/user/libraries/MegunoLink
  Not used: /home/ec2-user/arduino-testlib/cli-datadir/user/libraries/MAX30100_milan
  Not used: /home/ec2-user/arduino-testlib/cli-datadir/user/libraries/Dabble
  Not used: /home/ec2-user/arduino-testlib/cli-datadir/user/libraries/DabbleESP32
</pre>
					
					<h4>examples/Nano33BLESensorExample_gyroscope</h4>
					<p>
						Result: <b>FAIL</b>
					</p>
					<pre class="pre-scrollable">/home/ec2-user/arduino-testlib/cli-datadir/user/libraries/Nano33BLESensor/src/Nano33BLEMicrophoneRMS.cpp:28:10: fatal error: PDM.h: No such file or directory
 #include &lt;PDM.h&gt;
          ^~~~~~~
compilation terminated.
Multiple libraries were found for &#34;CircularBuffer.h&#34;
  Used: /home/ec2-user/arduino-testlib/cli-datadir/user/libraries/CircularBuffer
  Not used: /home/ec2-user/arduino-testlib/cli-datadir/user/libraries/BufferUtils
  Not used: /home/ec2-user/arduino-testlib/cli-datadir/user/libraries/MAX30100lib
  Not used: /home/ec2-user/arduino-testlib/cli-datadir/user/libraries/Dabble
  Not used: /home/ec2-user/arduino-testlib/cli-datadir/user/libraries/OneSheeld
  Not used: /home/ec2-user/arduino-testlib/cli-datadir/user/libraries/DabbleESP32
  Not used: /home/ec2-user/arduino-testlib/cli-datadir/user/libraries/MegunoLink
  Not used: /home/ec2-user/arduino-testlib/cli-datadir/user/libraries/MAX30100_milan
</pre>
					
					<h4>examples/Nano33BLESensorExample_magnetic</h4>
					<p>
						Result: <b>FAIL</b>
					</p>
					<pre class="pre-scrollable">/home/ec2-user/arduino-testlib/cli-datadir/user/libraries/Nano33BLESensor/src/Nano33BLEMicrophoneRMS.cpp:28:10: fatal error: PDM.h: No such file or directory
 #include &lt;PDM.h&gt;
          ^~~~~~~
compilation terminated.
Multiple libraries were found for &#34;CircularBuffer.h&#34;
  Used: /home/ec2-user/arduino-testlib/cli-datadir/user/libraries/CircularBuffer
  Not used: /home/ec2-user/arduino-testlib/cli-datadir/user/libraries/BufferUtils
  Not used: /home/ec2-user/arduino-testlib/cli-datadir/user/libraries/MAX30100lib
  Not used: /home/ec2-user/arduino-testlib/cli-datadir/user/libraries/Dabble
  Not used: /home/ec2-user/arduino-testlib/cli-datadir/user/libraries/MegunoLink
  Not used: /home/ec2-user/arduino-testlib/cli-datadir/user/libraries/OneSheeld
  Not used: /home/ec2-user/arduino-testlib/cli-datadir/user/libraries/MAX30100_milan
  Not used: /home/ec2-user/arduino-testlib/cli-datadir/user/libraries/DabbleESP32
</pre>
					
					<h4>examples/Nano33BLESensorExample_microphoneRMS</h4>
					<p>
						Result: <b>FAIL</b>
					</p>
					<pre class="pre-scrollable">/home/ec2-user/arduino-testlib/cli-datadir/user/libraries/Nano33BLESensor/src/Nano33BLEMicrophoneRMS.cpp:28:10: fatal error: PDM.h: No such file or directory
 #include &lt;PDM.h&gt;
          ^~~~~~~
compilation terminated.
Multiple libraries were found for &#34;CircularBuffer.h&#34;
  Used: /home/ec2-user/arduino-testlib/cli-datadir/user/libraries/CircularBuffer
  Not used: /home/ec2-user/arduino-testlib/cli-datadir/user/libraries/OneSheeld
  Not used: /home/ec2-user/arduino-testlib/cli-datadir/user/libraries/BufferUtils
  Not used: /home/ec2-user/arduino-testlib/cli-datadir/user/libraries/MAX30100lib
  Not used: /home/ec2-user/arduino-testlib/cli-datadir/user/libraries/DabbleESP32
  Not used: /home/ec2-user/arduino-testlib/cli-datadir/user/libraries/Dabble
  Not used: /home/ec2-user/arduino-testlib/cli-datadir/user/libraries/MAX30100_milan
  Not used: /home/ec2-user/arduino-testlib/cli-datadir/user/libraries/MegunoLink
</pre>
					
					<h4>examples/Nano33BLESensorExample_pressure</h4>
					<p>
						Result: <b>FAIL</b>
					</p>
					<pre class="pre-scrollable">/home/ec2-user/arduino-testlib/cli-datadir/user/libraries/Nano33BLESensor/src/Nano33BLEMicrophoneRMS.cpp:28:10: fatal error: PDM.h: No such file or directory
 #include &lt;PDM.h&gt;
          ^~~~~~~
compilation terminated.
Multiple libraries were found for &#34;CircularBuffer.h&#34;
  Used: /home/ec2-user/arduino-testlib/cli-datadir/user/libraries/CircularBuffer
  Not used: /home/ec2-user/arduino-testlib/cli-datadir/user/libraries/DabbleESP32
  Not used: /home/ec2-user/arduino-testlib/cli-datadir/user/libraries/OneSheeld
  Not used: /home/ec2-user/arduino-testlib/cli-datadir/user/libraries/Dabble
  Not used: /home/ec2-user/arduino-testlib/cli-datadir/user/libraries/BufferUtils
  Not used: /home/ec2-user/arduino-testlib/cli-datadir/user/libraries/MAX30100_milan
  Not used: /home/ec2-user/arduino-testlib/cli-datadir/user/libraries/MAX30100lib
  Not used: /home/ec2-user/arduino-testlib/cli-datadir/user/libraries/MegunoLink
</pre>
					
					<h4>examples/Nano33BLESensorExample_proximity</h4>
					<p>
						Result: <b>FAIL</b>
					</p>
					<pre class="pre-scrollable">/home/ec2-user/arduino-testlib/cli-datadir/user/libraries/Nano33BLESensor/src/Nano33BLEMicrophoneRMS.cpp:28:10: fatal error: PDM.h: No such file or directory
 #include &lt;PDM.h&gt;
          ^~~~~~~
compilation terminated.
Multiple libraries were found for &#34;CircularBuffer.h&#34;
  Used: /home/ec2-user/arduino-testlib/cli-datadir/user/libraries/CircularBuffer
  Not used: /home/ec2-user/arduino-testlib/cli-datadir/user/libraries/OneSheeld
  Not used: /home/ec2-user/arduino-testlib/cli-datadir/user/libraries/BufferUtils
  Not used: /home/ec2-user/arduino-testlib/cli-datadir/user/libraries/MAX30100_milan
  Not used: /home/ec2-user/arduino-testlib/cli-datadir/user/libraries/DabbleESP32
  Not used: /home/ec2-user/arduino-testlib/cli-datadir/user/libraries/Dabble
  Not used: /home/ec2-user/arduino-testlib/cli-datadir/user/libraries/MegunoLink
  Not used: /home/ec2-user/arduino-testlib/cli-datadir/user/libraries/MAX30100lib
</pre>
					
					<h4>examples/Nano33BLESensorExample_temperature</h4>
					<p>
						Result: <b>FAIL</b>
					</p>
					<pre class="pre-scrollable">/home/ec2-user/arduino-testlib/cli-datadir/user/libraries/Nano33BLESensor/src/Nano33BLEMicrophoneRMS.cpp:28:10: fatal error: PDM.h: No such file or directory
 #include &lt;PDM.h&gt;
          ^~~~~~~
compilation terminated.
Multiple libraries were found for &#34;CircularBuffer.h&#34;
  Used: /home/ec2-user/arduino-testlib/cli-datadir/user/libraries/CircularBuffer
  Not used: /home/ec2-user/arduino-testlib/cli-datadir/user/libraries/OneSheeld
  Not used: /home/ec2-user/arduino-testlib/cli-datadir/user/libraries/BufferUtils
  Not used: /home/ec2-user/arduino-testlib/cli-datadir/user/libraries/Dabble
  Not used: /home/ec2-user/arduino-testlib/cli-datadir/user/libraries/DabbleESP32
  Not used: /home/ec2-user/arduino-testlib/cli-datadir/user/libraries/MAX30100_milan
  Not used: /home/ec2-user/arduino-testlib/cli-datadir/user/libraries/MAX30100lib
  Not used: /home/ec2-user/arduino-testlib/cli-datadir/user/libraries/MegunoLink
</pre>
					
				
				<h3 id="arduino:mbed_nano:nanorp2040connect">arduino:mbed_nano:nanorp2040connect @ 2.7.2</h3>
				<h4>Inclusion</h4>
				<p>
					Result: <b>FAIL</b>
					
				</p>
				<pre class="pre-scrollable">In file included from /home/ec2-user/arduino-testlib/cli-datadir/user/libraries/Nano33BLESensor/src/Nano33BLEPressure.cpp:27:0:
/home/ec2-user/arduino-testlib/cli-datadir/user/libraries/Nano33BLESensor/src/Nano33BLEPressure.h:88:7: error: &#39;osPriority&#39; has not been declared
       osPriority threadPriority = osPriorityNormal,
       ^~~~~~~/home//home/ec2-user/arduino-testlib/cli-datadir/user/libraries/Nano33BLESensor/src/Nano33BLEGyroscope.h:118:5: error: &#39;rtos&#39; does not name a type; did you mean &#39;utoa&#39;?
     rtos::Thread readThread;
     ^~~~
     utoa
/home/ec2-user/arduino-testlib/cli-datadir/user/libraries/Nano33BLESensor/src/Nano33BLEGyroscope.h:90:35: error: &#39;osPriorityNormal&#39; was not declared in this scope
       osPriority threadPriority = osPriorityNormal,
                                   ^~~~~~~~~~~~~~~~
/home/ec2-user/arduino-testlib/cli-datadir/user/libraries/Nano33BLESensor/src/Nano33BLEGyroscope.h:90:35: note: suggested alternative: &#39;osPriority&#39;
       osPriority threadPriority = osPriorityNormal,
                                   ^~~~~~~~~~~~~~~~
                                   osPriority
/home/ec2-user/arduino-testlib/cli-datadir/user/libraries/Nano33BLESensor/src/Nano33BLEGyroscope.h: In member function &#39;void Nano33BLEGyroscope::begin()&#39;:
/home/ec2-user/arduino-testlib/cli-datadir/user/libraries/Nano33BLESensor/src/Nano33BLEGyroscope.h:85:7: error: &#39;readThread&#39; was not declared in this scope
       readThread.start(mbed::callback(Nano33BLEGyroscope::readFunction, this));
       ^~~~~~~~~~
/home/ec2-user/arduino-testlib/cli-datadir/user/libraries/Nano33BLESensor/src/Nano33BLEGyroscope.h:85:7: note: suggested alternative: &#39;readPeriod&#39;
       readThread.start(mbed::callback(Nano33BLEGyroscope::readFunction, this));
       ^~~~~~~~~~
       readPeriod
/home/ec2-user/arduino-testlib/cli-datadir/user/libraries/Nano33BLESensor/src/Nano33BLEGyroscope.h: In constructor &#39;Nano33BLEGyroscope::Nano33BLEGyroscope(uint32_t, int, uint32_t)&#39;:
/home/ec2-user/arduino-testlib/cli-datadir/user/libraries/Nano33BLESensor/src/Nano33BLEGyroscope.h:93:9: error: class &#39;Nano33BLEGyroscope&#39; does not have any field named &#39;readTh/home/ec2-user/arduino-testlib/cli-datadir/user//home/ec2-user/arduino-testlib/cli-datadir/user/libraries/Nano33BLESensor/src/Nano33BLEGyroscope.cpp: At global scope:
/home/ec2-user/arduino-testlib/cli-datadir/user/libraries/Nano33BLESensor/src/Nano33BLEGyroscope.cpp:100:20: error: call to &#39;Nano33BLEGyroscope::Nano33BLEGyroscope(uint32_t, int, uint32_t)&#39; uses the default argument for parameter 2, which is not yet defined
 Nano33BLEGyroscope Gyroscope;
                    ^~~~~~~~~

</pre>

					
					<h4>examples/Nano33BLESensorExample_AllSensors-SerialPlotter</h4>
					<p>
						Result: <b>FAIL</b>
					</p>
					<pre class="pre-scrollable">In file included from /home/ec2-user/arduino-testlib/cli-datadir/user/libraries/Nano33BLESensor/examples/Nano33BLESensorExample_AllSensors-SerialPlotter/Nano33BLESensorExample_AllSensors-SerialPlotter.ino:28:0:
/home/ec2-user/arduino-testlib/cli-datadir/user/libraries/Nano33BLESensor/src/Nano33BLEAccelerometer.h:87:7: error: &#39;osPriority&#39; has not been declared
       osPriority threadPriority = osPriorityNormal,
       ^~~~~~~~~~
/home/ec2-user/arduino-testlib/cli-datadir/user/libraries/Nano33BLESensor/src/Nano33BLEAccelerometer.h:116:5: error: &#39;rtos&#39; does not name a type; did you mean &#39;utoa&#39;?
     rtos::Thread readThread;
     ^~~~
     utoa
/home/ec2-user/arduino-testlib/cli-datadir/user/libraries/Nano33BLESensor/src/Nano33BLEAccelerometer.h:87:35: error: &#39;osPriorityNormal&#39; was not declared in this scope
       osPriority threadPriority = osPriorityNormal,
                                   ^~~~~~~~~~~~~~~~
/home/ec2-user/arduino-testlib/cli-datadir/user/libraries/Nano33BLESensor/src/Nano33BLEAccelerometer.h:87:35: note: suggested alternative: &#39;osPriority&#39;
       osPriority threadPriority = osPriorityNormal,
                                   ^~~~~~~~~~~~~~~~
                                   osPriority
/home/ec2-user/arduino-testlib/cli-datadir/user/libraries/Nano33BLESensor/src/Nano33BLEAccelerometer.h: In member function &#39;void Nano33BLEAccelerometer::begin()&#39;:
/home/ec2-user/arduino-testlib/cli-datadir/user/libraries/Nano33BLESensor/src/Nano33BLEAccelerometer.h:82:7: error: &#39;readThread&#39; was not declared in this scope
       readThread.start(mbed::callback(Nano33BLEAccelerometer::readFunction, this));
       ^~~~~~~~~~
/home/ec2-user/arduino-testlib/cli-datadir/user/libraries/Nano33BLESensor/src/Nano33BLEAccelerometer.h:82:7: note: suggested alternative: &#39;readPeriod&#39;
       readThread.start(mbed::callback(Nano33BLEAccelerometer::readFunction, this));
       ^~~~~~~~~~
       readPeriod
/home/ec2-user/arduino-testlib/cli-datadir/user/libraries/Nano33BLESensor/src/Nano33BLEAccelerometer.h: In constructor &#39;Nano33BLEAccelerometer::Nano33BLEAccelerometer(uint32_t, int, uint32_t)&#39;:
/home/ec2-user/arduino-testlib/cli-datadir/user/libraries/Nano33BLESensor/src/Nano33BLEAccelerometer.h:90:9: error: class &#39;Nano33BLEAccelerometer&#39; does not have any field named &#39;readThread&#39;
         readThread(
         ^~~~~~~~~~
In file included from /home/ec2-user/arduino-testlib/cli-datadir/user/libraries/Nano33BLESensor/examples/Nano33BLESensorExample_AllSensors-SerialPlotter/Nano33BLESensorExample_AllSensors-SerialPlotter.ino:29:0:
/home/ec2-user/arduino-testlib/cli-datadir/user/libraries/Nano33BLESensor/src/Nano33BLEGyroscope.h: At global scope:
/home/ec2-user/arduino-testlib/cli-datadir/user/libraries/Nano33BLESensor/src/Nano33BLEGyroscope.h:90:7: error: &#39;osPriority&#39; has not been declared
       osPriority threadPriority = osPriorityNormal,
       ^~~~~~~~~~
/home/ec2-user/arduino-testlib/cli-datadir/user/libraries/Nano33BLESensor/src/Nano33BLEGyroscope.h:118:5: error: &#39;rtos&#39; does not name a type; did you mean &#39;utoa&#39;?
     rtos::Thread readThread;
     ^~~~
     utoa
/home/ec2-user/arduino-testlib/cli-datadir/user/libraries/Nano33BLESensor/src/Nano33BLEGyroscope.h:90:35: error: &#39;osPriorityNormal&#39; was not declared in this scope
       osPriority threadPriority = osPriorityNormal,
                                   ^~~~~~~~~~~~~~~~
/home/ec2-user/arduino-testlib/cli-datadir/user/libraries/Nano33BLESensor/src/Nano33BLEGyroscope.h:90:35: note: suggested alternative: &#39;osPriority&#39;
       osPriority threadPriority = osPriorityNormal,
                                   ^~~~~~~~~~~~~~~~
                                   osPriority
/home/ec2-user/arduino-testlib/cli-datadir/user/libraries/Nano33BLESensor/src/Nano33BLEGyroscope.h: In member function &#39;void Nano33BLEGyroscope::begin()&#39;:
/home/ec2-user/arduino-testlib/cli-datadir/user/libraries/Nano33BLESensor/src/Nano33BLEGyroscope.h:85:7: error: &#39;readThread&#39; was not declared in this scope
       readThread.start(mbed::callback(Nano33BLEGyroscope::readFunction, this));
       ^~~~~~~~~~
/home/ec2-user/arduino-testlib/cli-datadir/user/libraries/Nano33BLESensor/src/Nano33BLEGyroscope.h:85:7: note: suggested alternative: &#39;readPeriod&#39;
       readThread.start(mbed::callback(Nano33BLEGyroscope::readFunction, this));
       ^~~~~~~~~~
       readPeriod
/home/ec2-user/arduino-testlib/cli-datadir/user/libraries/Nano33BLESensor/src/Nano33BLEGyroscope.h: In constructor &#39;Nano33BLEGyroscope::Nano33BLEGyroscope(uint32_t, int, uint32_t)&#39;:
/home/ec2-user/arduino-testlib/cli-datadir/user/libraries/Nano33BLESensor/src/Nano33BLEGyroscope.h:93:9: error: class &#39;Nano33BLEGyroscope&#39; does not have any field named &#39;readThread&#39;
         readThread(
         ^~~~~~~~~~
In file included from /home/ec2-user/arduino-testlib/cli-datadir/user/libraries/Nano33BLESensor/examples/Nano33BLESensorExample_AllSensors-SerialPlotter/Nano33BLESensorExample_AllSensors-SerialPlotter.ino:30:0:
/home/ec2-user/arduino-testlib/cli-datadir/user/libraries/Nano33BLESensor/src/Nano33BLEMagnetic.h: At global scope:
/home/ec2-user/arduino-testlib/cli-datadir/user/libraries/Nano33BLESensor/src/Nano33BLEMagnetic.h:89:7: error: &#39;osPriority&#39; has not been declared
       osPriority threadPriority = osPriorityNormal,
       ^~~~~~~~~~
/home/ec2-user/arduino-testlib/cli-datadir/user/libraries/Nano33BLESensor/src/Nano33BLEMagnetic.h:117:5: error: &#39;rtos&#39; does not name a type; did you mean &#39;utoa&#39;?
     rtos::Thread readThread;
     ^~~~
     utoa
/home/ec2-user/arduino-testlib/cli-datadir/user/libraries/Nano33BLESensor/src/Nano33BLEMagnetic.h:89:35: error: &#39;osPriorityNormal&#39; was not declared in this scope
       osPriority threadPriority = osPriorityNormal,
                                   ^~~~~~~~~~~~~~~~
/home/ec2-user/arduino-testlib/cli-datadir/user/libraries/Nano33BLESensor/src/Nano33BLEMagnetic.h:89:35: note: suggested alternative: &#39;osPriority&#39;
       osPriority threadPriority = osPriorityNormal,
                                   ^~~~~~~~~~~~~~~~
                                   osPriority
/home/ec2-user/arduino-testlib/cli-datadir/user/libraries/Nano33BLESensor/src/Nano33BLEMagnetic.h: In member function &#39;void Nano33BLEMagnetic::begin()&#39;:
/home/ec2-user/arduino-testlib/cli-datadir/user/libraries/Nano33BLESensor/src/Nano33BLEMagnetic.h:84:7: error: &#39;readThread&#39; was not declared in this scope
       readThread.start(mbed::callback(Nano33BLEMagnetic::readFunction, this));
       ^~~~~~~~~~
/home/ec2-user/arduino-testlib/cli-datadir/user/libraries/Nano33BLESensor/src/Nano33BLEMagnetic.h:84:7: note: suggested alternative: &#39;readPeriod&#39;
       readThread.start(mbed::callback(Nano33BLEMagnetic::readFunction, this));
       ^~~~~~~~~~
       readPeriod
/home/ec2-user/arduino-testlib/cli-datadir/user/libraries/Nano33BLESensor/src/Nano33BLEMagnetic.h: In constructor &#39;Nano33BLEMagnetic::Nano33BLEMagnetic(uint32_t, int, uint32_t)&#39;:
/home/ec2-user/arduino-testlib/cli-datadir/user/libraries/Nano33BLESensor/src/Nano33BLEMagnetic.h:92:9: error: class &#39;Nano33BLEMagnetic&#39; does not have any field named &#39;readThread&#39;
         readThread(
         ^~~~~~~~~~
In file included from /home/ec2-user/arduino-testlib/cli-datadir/user/libraries/Nano33BLESensor/examples/Nano33BLESensorExample_AllSensors-SerialPlotter/Nano33BLESensorExample_AllSensors-SerialPlotter.ino:31:0:
/home/ec2-user/arduino-testlib/cli-datadir/user/libraries/Nano33BLESensor/src/Nano33BLEProximity.h: At global scope:
/home/ec2-user/arduino-testlib/cli-datadir/user/libraries/Nano33BLESensor/src/Nano33BLEProximity.h:95:7: error: &#39;osPriority&#39; has not been declared
       osPriority threadPriority = osPriorityNormal,
       ^~~~~~~~~~
/home/ec2-user/arduino-testlib/cli-datadir/user/libraries/Nano33BLESensor/src/Nano33BLEProximity.h:123:5: error: &#39;rtos&#39; does not name a type; did you mean &#39;utoa&#39;?
     rtos::Thread readThread;
     ^~~~
     utoa
/home/ec2-user/arduino-testlib/cli-datadir/user/libraries/Nano33BLESensor/src/Nano33BLEProximity.h:95:35: error: &#39;osPriorityNormal&#39; was not declared in this scope
       osPriority threadPriority = osPriorityNormal,
                                   ^~~~~~~~~~~~~~~~
/home/ec2-user/arduino-testlib/cli-datadir/user/libraries/Nano33BLESensor/src/Nano33BLEProximity.h:95:35: note: suggested alternative: &#39;osPriority&#39;
       osPriority threadPriority = osPriorityNormal,
                                   ^~~~~~~~~~~~~~~~
                                   osPriority
/home/ec2-user/arduino-testlib/cli-datadir/user/libraries/Nano33BLESensor/src/Nano33BLEProximity.h: In member function &#39;void Nano33BLEProximity::begin()&#39;:
/home/ec2-user/arduino-testlib/cli-datadir/user/libraries/Nano33BLESensor/src/Nano33BLEProximity.h:90:7: error: &#39;readThread&#39; was not declared in this scope
       readThread.start(mbed::callback(Nano33BLEProximity::readFunction, this));
       ^~~~~~~~~~
/home/ec2-user/arduino-testlib/cli-datadir/user/libraries/Nano33BLESensor/src/Nano33BLEProximity.h:90:7: note: suggested alternative: &#39;readPeriod&#39;
       readThread.start(mbed::callback(Nano33BLEProximity::readFunction, this));
       ^~~~~~~~~~
       readPeriod
/home/ec2-user/arduino-testlib/cli-datadir/user/libraries/Nano33BLESensor/src/Nano33BLEProximity.h: In constructor &#39;Nano33BLEProximity::Nano33BLEProximity(uint32_t, int, uint32_t)&#39;:
/home/ec2-user/arduino-testlib/cli-datadir/user/libraries/Nano33BLESensor/src/Nano33BLEProximity.h:98:9: error: class &#39;Nano33BLEProximity&#39; does not have any field named &#39;readThread&#39;
         readThread(
         ^~~~~~~~~~
In file included from /home/ec2-user/arduino-testlib/cli-datadir/user/libraries/Nano33BLESensor/examples/Nano33BLESensorExample_AllSensors-SerialPlotter/Nano33BLESensorExample_AllSensors-SerialPlotter.ino:32:0:
/home/ec2-user/arduino-testlib/cli-datadir/user/libraries/Nano33BLESensor/src/Nano33BLEColour.h: At global scope:
/home/ec2-user/arduino-testlib/cli-datadir/user/libraries/Nano33BLESensor/src/Nano33BLEColour.h:95:7</pre>
					
					<h4>examples/Nano33BLESensorExample_IMU</h4>
					<p>
						Result: <b>FAIL</b>
					</p>
					<pre class="pre-scrollable">In file included from /home/ec2-user/arduino-testlib/cli-datadir/user/libraries/Nano33BLESensor/examples/Nano33BLESensorExample_IMU/Nano33BLESensorExample_IMU.ino:32:0:
/home/ec2-user/arduino-testlib/cli-datadir/user/libraries/Nano33BLESensor/src/Nano33BLEAccelerometer.h:87:7: error: &#39;osPriority&#39; has not been declared
       osPriority threadPriority = osPriorityNormal,
       ^~~~~~~~~~
/home/ec2-user/arduino-testlib/cli-datadir/user/libraries/Nano33BLESensor/src/Nano33BLEAccelerometer.h:116:5: error: &#39;rtos&#39; does not name a type; did you mean &#39;utoa&#39;?
     rtos::Thread readThread;
     ^~~~
     utoa
/home/ec2-user/arduino-testlib/cli-datadir/user/libraries/Nano33BLESensor/src/Nano33BLEAccelerometer.h:87:35: error: &#39;osPriorityNormal&#39; was not declared in this scope
       osPriority threadPriority = osPriorityNormal,
                                   ^~~~~~~~~~~~~~~~
/home/ec2-user/arduino-testlib/cli-datadir/user/libraries/Nano33BLESensor/src/Nano33BLEAccelerometer.h: In member function &#39;void Nano33BLEAccelerometer::begin()&#39;:
/home/ec2-user/arduino-testlib/cli-datadir/user/libraries/Nano33BLESensor/src/Nano33BLEAccelerometer.h:82:7: error: &#39;readThread&#39; was not declared in this scope
       readThread.start(mbed::callback(Nano33BLEAccelerometer::readFunction, this));
       ^~~~~~~~~~
/home/ec2-user/arduino-testlib/cli-datadir/user/libraries/Nano33BLESensor/src/Nano33BLEAccelerometer.h:82:7: note: suggested alternative: &#39;readPeriod&#39;
       readThread.start(mbed::callback(Nano33BLEAccelerometer::readFunction, this));
       ^~~~~~~~~~
       readPeriod
/home/ec2-user/arduino-testlib/cli-datadir/user/libraries/Nano33BLESensor/src/Nano33BLEAccelerometer.h: In constructor &#39;Nano33BLEAccelerometer::Nano33BLEAccelerometer(uint32_t, int, uint32_t)&#39;:
/home/ec2-user/arduino-testlib/cli-datadir/user/libraries/Nano33BLESensor/src/Nano33BLEAccelerometer.h:90:9: error: class &#39;Nano33BLEAccelerometer&#39; does not have any field named &#39;readThread&#39;
         readThread(
         ^~~~~~~~~~
In file included from /home/ec2-user/arduino-testlib/cli-datadir/user/libraries/Nano33BLESensor/examples/Nano33BLESensorExample_IMU/Nano33BLESensorExample_IMU.ino:33:0:
/home/ec2-user/arduino-testlib/cli-datadir/user/libraries/Nano33BLESensor/src/Nano33BLEGyroscope.h: At global scope:
/home/ec2-user/arduino-testlib/cli-datadir/user/libraries/Nano33BLESensor/src/Nano33BLEGyroscope.h:90:7: error: &#39;osPriority&#39; has not been declared
       osPriority threadPriority = osPriorityNormal,
       ^~~~~~~~~~
/home/ec2-user/arduino-testlib/cli-datadir/user/libraries/Nano33BLESensor/src/Nano33BLEGyroscope.h:118:5: error: &#39;rtos&#39; does not name a type; did you mean &#39;utoa&#39;?
     rtos::Thread readThread;
     ^~~~
     utoa
/home/ec2-user/arduino-testlib/cli-datadir/user/libraries/Nano33BLESensor/src/Nano33BLEGyroscope.h:90:35: error: &#39;osPriorityNormal&#39; was not declared in this scope
       osPriority threadPriority = osPriorityNormal,
                                   ^~~~~~~~~~~~~~~~
/home/ec2-user/arduino-testlib/cli-datadir/user/libraries/Nano33BLESensor/src/Nano33BLEGyroscope.h: In member function &#39;void Nano33BLEGyroscope::begin()&#39;:
/home/ec2-user/arduino-testlib/cli-datadir/user/libraries/Nano33BLESensor/src/Nano33BLEGyroscope.h:85:7: error: &#39;readThread&#39; was not declared in this scope
       readThread.start(mbed::callback(Nano33BLEGyroscope::readFunction, this));
       ^~~~~~~~~~
/home/ec2-user/arduino-testlib/cli-datadir/user/libraries/Nano33BLESensor/src/Nano33BLEGyroscope.h:85:7: note: suggested alternative: &#39;readPeriod&#39;
       readThread.start(mbed::callback(Nano33BLEGyroscope::readFunction, this));
       ^~~~~~~~~~
       readPeriod
/home/ec2-user/arduino-testlib/cli-datadir/user/libraries/Nano33BLESensor/src/Nano33BLEGyroscope.h: In constructor &#39;Nano33BLEGyroscope::Nano33BLEGyroscope(uint32_t, int, uint32_t)&#39;:
/home/ec2-user/arduino-testlib/cli-datadir/user/libraries/Nano33BLESensor/src/Nano33BLEGyroscope.h:93:9: error: class &#39;Nano33BLEGyroscope&#39; does not have any field named &#39;readThread&#39;
         readThread(
         ^~~~~~~~~~
In file included from /home/ec2-user/arduino-testlib/cli-datadir/user/libraries/Nano33BLESensor/examples/Nano33BLESensorExample_IMU/Nano33BLESensorExample_IMU.ino:34:0:
/home/ec2-user/arduino-testlib/cli-datadir/user/libraries/Nano33BLESensor/src/Nano33BLEMagnetic.h: At global scope:
/home/ec2-user/arduino-testlib/cli-datadir/user/libraries/Nano33BLESensor/src/Nano33BLEMagnetic.h:89:7: error: &#39;osPriority&#39; has not been declared
       osPriority threadPriority = osPriorityNormal,
       ^~~~~~~~~~
/home/ec2-user/arduino-testlib/cli-datadir/user/libraries/Nano33BLESensor/src/Nano33BLEMagnetic.h:117:5: error: &#39;rtos&#39; does not name a type; did you mean &#39;utoa&#39;?
     rtos::Thread readThread;
     ^~~~
     utoa
/home/ec2-user/arduino-testlib/cli-datadir/user/libraries/Nano33BLESensor/src/Nano33BLEMagnetic.h:89:35: error: &#39;osPriorityNormal&#39; was not declared in this scope
       osPriority threadPriority = osPriorityNormal,
                                   ^~~~~~~~~~~~~~~~
/home/ec2-user/arduino-testlib/cli-datadir/user/libraries/Nano33BLESensor/src/Nano33BLEMagnetic.h: In member function &#39;void Nano33BLEMagnetic::begin()&#39;:
/home/ec2-user/arduino-testlib/cli-datadir/user/libraries/Nano33BLESensor/src/Nano33BLEMagnetic.h:84:7: error: &#39;readThread&#39; was not declared in this scope
       readThread.start(mbed::callback(Nano33BLEMagnetic::readFunction, this));
       ^~~~~~~~~~
/home/ec2-user/arduino-testlib/cli-datadir/user/libraries/Nano33BLESensor/src/Nano33BLEMagnetic.h:84:7: note: suggested alternative: &#39;readPeriod&#39;
       readThread.start(mbed::callback(Nano33BLEMagnetic::readFunction, this));
       ^~~~~~~~~~
       readPeriod
/home/ec2-user/arduino-testlib/cli-datadir/user/libraries/Nano33BLESensor/src/Nano33BLEMagnetic.h: In constructor &#39;Nano33BLEMagnetic::Nano33BLEMagnetic(uint32_t, int, uint32_t)&#39;:
/home/ec2-user/arduino-testlib/cli-datadir/user/libraries/Nano33BLESensor/src/Nano33BLEMagnetic.h:92:9: error: class &#39;Nano33BLEMagnetic&#39; does not have any field named &#39;readThread&#39;
         readThread(
         ^~~~~~~~~~
/home/ec2-user/arduino-testlib/cli-datadir/user/libraries/Nano33BLESensor/examples/Nano33BLESensorExample_IMU/Nano33BLESensorExample_IMU.ino: In function &#39;void loop()&#39;:
/home/ec2-user/arduino-testlib/cli-datadir/user/libraries/Nano33BLESensor/examples/Nano33BLESensorExample_IMU/Nano33BLESensorExample_IMU.ino:163:63: error: call of overloaded &#39;writeValue(char [20], int&amp;)&#39; is ambiguous
                 magneticBLEX.writeValue(bleBuffer, writeLength); 
                                                               ^
In file included from /home/ec2-user/arduino-testlib/cli-datadir/user/libraries/ArduinoBLE/src/BLEService.h:23:0,
                 from /home/ec2-user/arduino-testlib/cli-datadir/user/libraries/ArduinoBLE/src/BLEDevice.h:25,
                 from /home/ec2-user/arduino-testlib/cli-datadir/user/libraries/ArduinoBLE/src/local/BLELocalDevice.h:23,
                 from /home/ec2-user/arduino-testlib/cli-datadir/user/libraries/ArduinoBLE/src/ArduinoBLE.h:23,
                 from /home/ec2-user/arduino-testlib/cli-datadir/user/libraries/Nano33BLESensor/examples/Nano33BLESensorExample_IMU/Nano33BLESensorExample_IMU.ino:30:
/home/ec2-user/arduino-testlib/cli-datadir/user/libraries/ArduinoBLE/src/BLECharacteristic.h:72:7: note: candidate: int BLECharacteristic::writeValue(const void*, int, bool)
   int writeValue(const void* value, int length, bool withResponse = true);
       ^~~~~~~~~~
/home/ec2-user/arduino-testlib/cli-datadir/user/libraries/ArduinoBLE/src/BLECharacteristic.h:73:7: note: candidate: int BLECharacteristic::writeValue(const char*, bool)
   int writeValue(const char* value, bool withResponse = true);
       ^~~~~~~~~~
/home/ec2-user/arduino-testlib/cli-datadir/user/libraries/Nano33BLESensor/examples/Nano33BLESensorExample_IMU/Nano33BLESensorExample_IMU.ino:165:63: error: call of overloaded &#39;writeValue(char [20], int&amp;)&#39; is ambiguous
                 magneticBLEY.writeValue(bleBuffer, writeLength);                
                                                               ^
In file included from /home/ec2-user/arduino-testlib/cli-datadir/user/libraries/ArduinoBLE/src/BLEService.h:23:0,
                 from /home/ec2-user/arduino-testlib/cli-datadir/user/libraries/ArduinoBLE/src/BLEDevice.h:25,
                 from /home/ec2-user/arduino-testlib/cli-datadir/user/libraries/ArduinoBLE/src/local/BLELocalDevice.h:23,
                 from /home/ec2-user/arduino-testlib/cli-datadir/user/libraries/ArduinoBLE/src/ArduinoBLE.h:23,
                 from /home/ec2-user/arduino-testlib/cli-datadir/user/libraries/Nano33BLESensor/examples/Nano33BLESensorExample_IMU/Nano33BLESensorExample_IMU.ino:30:
/home/ec2-user/arduino-testlib/cli-datadir/user/libraries/ArduinoBLE/src/BLECharacteristic.h:72:7: note: candidate: int BLECharacteristic::writeValue(const void*, int, bool)
   int writeValue(const void* value, int length, bool withResponse = true);
       ^~~~~~~~~~
/home/ec2-user/arduino-testlib/cli-datadir/user/libraries/ArduinoBLE/src/BLECharacteristic.h:73:7: note: candidate: int BLECharacteristic::writeValue(const char*, bool)
   int writeValue(const char* value, bool withResponse = true);
       ^~~~~~~~~~
/home/ec2-user/arduino-testlib/cli-datadir/user/libraries/Nano33BLESensor/examples/Nano33BLESensorExample_IMU/Nano33BLESensorExample_IMU.ino:167:63: error: call of overloaded &#39;writeValue(char [20], int&amp;)&#39; is ambiguous
                 magneticBLEZ.writeValue(bleBuffer, writeLength);                
                                                               ^
In file included from /home/ec2-user/arduino-testlib/cli-datadir/user/libraries/ArduinoBLE/src/BLEService.h:23:0,
                 from /home/ec2-user/arduino-testlib/cli-datadir/user/libraries/ArduinoBLE/src/BLEDevice.h:25,
                 from /home/ec2-user/arduino-testlib/cli-datadir/user/libraries/ArduinoBLE/src/loca</pre>
					
					<h4>examples/Nano33BLESensorExample_accelerometer</h4>
					<p>
						Result: <b>FAIL</b>
					</p>
					<pre class="pre-scrollable">In file included from /home/ec2-user/arduino-testlib/cli-datadir/user/libraries/Nano33BLESensor/examples/Nano33BLESensorExample_accelerometer/Nano33BLESensorExample_accelerometer.ino:32:0:
/home/ec2-user/arduino-testlib/cli-datadir/user/libraries/Nano33BLESensor/src/Nano33BLEAccelerometer.h:87:7: error: &#39;osPriority&#39; has not been declared
       osPriority threadPriority = osPriorityNormal,
       ^~~~~~~~~~
/home/ec2-user/arduino-testlib/cli-datadir/user/libraries/Nano33BLESensor/src/Nano33BLEAccelerometer.h:116:5: error: &#39;rtos&#39; does not name a type; did you mean &#39;utoa&#39;?
     rtos::Thread readThread;
     ^~~~
     utoa
/home/ec2-user/arduino-testlib/cli-datadir/user/libraries/Nano33BLESensor/src/Nano33BLEAccelerometer.h:87:35: error: &#39;osPriorityNormal&#39; was not declared in this scope
       osPriority threadPriority = osPriorityNormal,
                                   ^~~~~~~~~~~~~~~~
/home/ec2-user/arduino-testlib/cli-datadir/user/libraries/Nano33BLESensor/src/Nano33BLEAccelerometer.h: In member function &#39;void Nano33BLEAccelerometer::begin()&#39;:
/home/ec2-user/arduino-testlib/cli-datadir/user/libraries/Nano33BLESensor/src/Nano33BLEAccelerometer.h:82:7: error: &#39;readThread&#39; was not declared in this scope
       readThread.start(mbed::callback(Nano33BLEAccelerometer::readFunction, this));
       ^~~~~~~~~~
/home/ec2-user/arduino-testlib/cli-datadir/user/libraries/Nano33BLESensor/src/Nano33BLEAccelerometer.h:82:7: note: suggested alternative: &#39;readPeriod&#39;
       readThread.start(mbed::callback(Nano33BLEAccelerometer::readFunction, this));
       ^~~~~~~~~~
       readPeriod
/home/ec2-user/arduino-testlib/cli-datadir/user/libraries/Nano33BLESensor/src/Nano33BLEAccelerometer.h: In constructor &#39;Nano33BLEAccelerometer::Nano33BLEAccelerometer(uint32_t, int, uint32_t)&#39;:
/home/ec2-user/arduino-testlib/cli-datadir/user/libraries/Nano33BLESensor/src/Nano33BLEAccelerometer.h:90:9: error: class &#39;Nano33BLEAccelerometer&#39; does not have any field named &#39;readThread&#39;
         readThread(
         ^~~~~~~~~~
/home/ec2-user/arduino-testlib/cli-datadir/user/libraries/Nano33BLESensor/examples/Nano33BLESensorExample_accelerometer/Nano33BLESensorExample_accelerometer.ino: In function &#39;void loop()&#39;:
/home/ec2-user/arduino-testlib/cli-datadir/user/libraries/Nano33BLESensor/examples/Nano33BLESensorExample_accelerometer/Nano33BLESensorExample_accelerometer.ino:141:68: error: call of overloaded &#39;writeValue(char [20], int&amp;)&#39; is ambiguous
                 accelerometerXBLE.writeValue(bleBuffer, writeLength); 
                                                                    ^
In file included from /home/ec2-user/arduino-testlib/cli-datadir/user/libraries/ArduinoBLE/src/BLEService.h:23:0,
                 from /home/ec2-user/arduino-testlib/cli-datadir/user/libraries/ArduinoBLE/src/BLEDevice.h:25,
                 from /home/ec2-user/arduino-testlib/cli-datadir/user/libraries/ArduinoBLE/src/local/BLELocalDevice.h:23,
                 from /home/ec2-user/arduino-testlib/cli-datadir/user/libraries/ArduinoBLE/src/ArduinoBLE.h:23,
                 from /home/ec2-user/arduino-testlib/cli-datadir/user/libraries/Nano33BLESensor/examples/Nano33BLESensorExample_accelerometer/Nano33BLESensorExample_accelerometer.ino:30:
/home/ec2-user/arduino-testlib/cli-datadir/user/libraries/ArduinoBLE/src/BLECharacteristic.h:72:7: note: candidate: int BLECharacteristic::writeValue(const void*, int, bool)
   int writeValue(const void* value, int length, bool withResponse = true);
       ^~~~~~~~~~
/home/ec2-user/arduino-testlib/cli-datadir/user/libraries/ArduinoBLE/src/BLECharacteristic.h:73:7: note: candidate: int BLECharacteristic::writeValue(const char*, bool)
   int writeValue(const char* value, bool withResponse = true);
       ^~~~~~~~~~
/home/ec2-user/arduino-testlib/cli-datadir/user/libraries/Nano33BLESensor/examples/Nano33BLESensorExample_accelerometer/Nano33BLESensorExample_accelerometer.ino:143:68: error: call of overloaded &#39;writeValue(char [20], int&amp;)&#39; is ambiguous
                 accelerometerYBLE.writeValue(bleBuffer, writeLength);      
                                                                    ^
In file included from /home/ec2-user/arduino-testlib/cli-datadir/user/libraries/ArduinoBLE/src/BLEService.h:23:0,
                 from /home/ec2-user/arduino-testlib/cli-datadir/user/libraries/ArduinoBLE/src/BLEDevice.h:25,
                 from /home/ec2-user/arduino-testlib/cli-datadir/user/libraries/ArduinoBLE/src/local/BLELocalDevice.h:23,
                 from /home/ec2-user/arduino-testlib/cli-datadir/user/libraries/ArduinoBLE/src/ArduinoBLE.h:23,
                 from /home/ec2-user/arduino-testlib/cli-datadir/user/libraries/Nano33BLESensor/examples/Nano33BLESensorExample_accelerometer/Nano33BLESensorExample_accelerometer.ino:30:
/home/ec2-user/arduino-testlib/cli-datadir/user/libraries/ArduinoBLE/src/BLECharacteristic.h:72:7: note: candidate: int BLECharacteristic::writeValue(const void*, int, bool)
   int writeValue(const void* value, int length, bool withResponse = true);
       ^~~~~~~~~~
/home/ec2-user/arduino-testlib/cli-datadir/user/libraries/ArduinoBLE/src/BLECharacteristic.h:73:7: note: candidate: int BLECharacteristic::writeValue(const char*, bool)
   int writeValue(const char* value, bool withResponse = true);
       ^~~~~~~~~~
/home/ec2-user/arduino-testlib/cli-datadir/user/libraries/Nano33BLESensor/examples/Nano33BLESensorExample_accelerometer/Nano33BLESensorExample_accelerometer.ino:145:68: error: call of overloaded &#39;writeValue(char [20], int&amp;)&#39; is ambiguous
                 accelerometerZBLE.writeValue(bleBuffer, writeLength);      
                                                                    ^
In file included from /home/ec2-user/arduino-testlib/cli-datadir/user/libraries/ArduinoBLE/src/BLEService.h:23:0,
                 from /home/ec2-user/arduino-testlib/cli-datadir/user/libraries/ArduinoBLE/src/BLEDevice.h:25,
                 from /home/ec2-user/arduino-testlib/cli-datadir/user/libraries/ArduinoBLE/src/local/BLELocalDevice.h:23,
                 from /home/ec2-user/arduino-testlib/cli-datadir/user/libraries/ArduinoBLE/src/ArduinoBLE.h:23,
                 from /home/ec2-user/arduino-testlib/cli-datadir/user/libraries/Nano33BLESensor/examples/Nano33BLESensorExample_accelerometer/Nano33BLESensorExample_accelerometer.ino:30:
/home/ec2-user/arduino-testlib/cli-datadir/user/libraries/ArduinoBLE/src/BLECharacteristic.h:72:7: note: candidate: int BLECharacteristic::writeValue(const void*, int, bool)
   int writeValue(const void* value, int length, bool withResponse = true);
       ^~~~~~~~~~
/home/ec2-user/arduino-testlib/cli-datadir/user/libraries/ArduinoBLE/src/BLECharacteristic.h:73:7: note: candidate: int BLECharacteristic::writeValue(const char*, bool)
   int writeValue(const char* value, bool withResponse = true);
       ^~~~~~~~~~
/home/ec2-user/arduino-testlib/cli-datadir/user/libraries/Nano33BLESensor/examples/Nano33BLESensorExample_accelerometer/Nano33BLESensorExample_accelerometer.ino:147:24: error: &#39;class arduino::UART&#39; has no member named &#39;printf&#39;; did you mean &#39;print&#39;?
                 Serial.printf(&#34;%f,%f,%f\r\n&#34;, accelerometerData.x, accelerometerData.y, accelerometerData.z);
                        ^~~~~~
                        print

</pre>
					
					<h4>examples/Nano33BLESensorExample_colour</h4>
					<p>
						Result: <b>FAIL</b>
					</p>
					<pre class="pre-scrollable">In file included from /home/ec2-user/arduino-testlib/cli-datadir/user/libraries/Nano33BLESensor/examples/Nano33BLESensorExample_colour/Nano33BLESensorExample_colour.ino:31:0:
/home/ec2-user/arduino-testlib/cli-datadir/user/libraries/Nano33BLESensor/src/Nano33BLEColour.h:95:7: error: &#39;osPriority&#39; has not been declared
       osPriority threadPriority = osPriorityNormal,
       ^~~~~~~~~~
/home/ec2-user/arduino-testlib/cli-datadir/user/libraries/Nano33BLESensor/src/Nano33BLEColour.h:123:5: error: &#39;rtos&#39; does not name a type; did you mean &#39;utoa&#39;?
     rtos::Thread readThread;
     ^~~~
     utoa
/home/ec2-user/arduino-testlib/cli-datadir/user/libraries/Nano33BLESensor/src/Nano33BLEColour.h:95:35: error: &#39;osPriorityNormal&#39; was not declared in this scope
       osPriority threadPriority = osPriorityNormal,
                                   ^~~~~~~~~~~~~~~~
/home/ec2-user/arduino-testlib/cli-datadir/user/libraries/Nano33BLESensor/src/Nano33BLEColour.h: In member function &#39;void Nano33BLEColour::begin()&#39;:
/home/ec2-user/arduino-testlib/cli-datadir/user/libraries/Nano33BLESensor/src/Nano33BLEColour.h:90:7: error: &#39;readThread&#39; was not declared in this scope
       readThread.start(mbed::callback(Nano33BLEColour::readFunction, this));
       ^~~~~~~~~~
/home/ec2-user/arduino-testlib/cli-datadir/user/libraries/Nano33BLESensor/src/Nano33BLEColour.h:90:7: note: suggested alternative: &#39;readPeriod&#39;
       readThread.start(mbed::callback(Nano33BLEColour::readFunction, this));
       ^~~~~~~~~~
       readPeriod
/home/ec2-user/arduino-testlib/cli-datadir/user/libraries/Nano33BLESensor/src/Nano33BLEColour.h: In constructor &#39;Nano33BLEColour::Nano33BLEColour(uint32_t, int, uint32_t)&#39;:
/home/ec2-user/arduino-testlib/cli-datadir/user/libraries/Nano33BLESensor/src/Nano33BLEColour.h:98:9: error: class &#39;Nano33BLEColour&#39; does not have any field named &#39;readThread&#39;
         readThread(
         ^~~~~~~~~~
/home/ec2-user/arduino-testlib/cli-datadir/user/libraries/Nano33BLESensor/examples/Nano33BLESensorExample_colour/Nano33BLESensorExample_colour.ino: In function &#39;void loop()&#39;:
/home/ec2-user/arduino-testlib/cli-datadir/user/libraries/Nano33BLESensor/examples/Nano33BLESensorExample_colour/Nano33BLESensorExample_colour.ino:135:60: error: call of overloaded &#39;writeValue(char [20], int&amp;)&#39; is ambiguous
                 colourBLE.writeValue(bleBuffer, writeLength); 
                                                            ^
In file included from /home/ec2-user/arduino-testlib/cli-datadir/user/libraries/ArduinoBLE/src/BLEService.h:23:0,
                 from /home/ec2-user/arduino-testlib/cli-datadir/user/libraries/ArduinoBLE/src/BLEDevice.h:25,
                 from /home/ec2-user/arduino-testlib/cli-datadir/user/libraries/ArduinoBLE/src/local/BLELocalDevice.h:23,
                 from /home/ec2-user/arduino-testlib/cli-datadir/user/libraries/ArduinoBLE/src/ArduinoBLE.h:23,
                 from /home/ec2-user/arduino-testlib/cli-datadir/user/libraries/Nano33BLESensor/examples/Nano33BLESensorExample_colour/Nano33BLESensorExample_colour.ino:30:
/home/ec2-user/arduino-testlib/cli-datadir/user/libraries/ArduinoBLE/src/BLECharacteristic.h:72:7: note: candidate: int BLECharacteristic::writeValue(const void*, int, bool)
   int writeValue(const void* value, int length, bool withResponse = true);
       ^~~~~~~~~~
/home/ec2-user/arduino-testlib/cli-datadir/user/libraries/ArduinoBLE/src/BLECharacteristic.h:73:7: note: candidate: int BLECharacteristic::writeValue(const char*, bool)
   int writeValue(const char* value, bool withResponse = true);
       ^~~~~~~~~~
/home/ec2-user/arduino-testlib/cli-datadir/user/libraries/Nano33BLESensor/examples/Nano33BLESensorExample_colour/Nano33BLESensorExample_colour.ino:137:24: error: &#39;class arduino::UART&#39; has no member named &#39;printf&#39;; did you mean &#39;print&#39;?
                 Serial.printf( &#34;%d,%d,%d,%d\r\n&#34;, colourData.r, colourData.g, colourData.b, colourData.c);
                        ^~~~~~
                        print

</pre>
					
					<h4>examples/Nano33BLESensorExample_gesture</h4>
					<p>
						Result: <b>FAIL</b>
					</p>
					<pre class="pre-scrollable">/home/ec2-user/arduino-testlib/cli-datadir/user/libraries/Nano33BLESensor/examples/Nano33BLESensorExample_gesture/Nano33BLESensorExample_gesture.ino: In function &#39;void loop()&#39;:
/home/ec2-user/arduino-testlib/cli-datadir/user/libraries/Nano33BLESensor/examples/Nano33BLESensorExample_gesture/Nano33BLESensorExample_gesture.ino:135:61: error: call of overloaded &#39;writeValue(char [20], int&amp;)&#39; is ambiguous
                 gestureBLE.writeValue(bleBuffer, writeLength); 
                                                             ^
In file included from /home/ec2-user/arduino-testlib/cli-datadir/user/libraries/ArduinoBLE/src/BLEService.h:23:0,
                 from /home/ec2-user/arduino-testlib/cli-datadir/user/libraries/ArduinoBLE/src/BLEDevice.h:25,
                 from /home/ec2-user/arduino-testlib/cli-datadir/user/libraries/ArduinoBLE/src/local/BLELocalDevice.h:23,
                 from /home/ec2-user/arduino-testlib/cli-datadir/user/libraries/ArduinoBLE/src/ArduinoBLE.h:23,
                 from /home/ec2-user/arduino-testlib/cli-datadir/user/libraries/Nano33BLESensor/examples/Nano33BLESensorExample_gesture/Nano33BLESensorExample_gesture.ino:30:
/home/ec2-user/arduino-testlib/cli-datadir/user/libraries/ArduinoBLE/src/BLECharacteristic.h:72:7: note: candidate: int BLECharacteristic::writeValue(const void*, int, bool)
   int writeValue(const void* value, int length, bool withResponse = true);
       ^~~~~~~~~~
/home/ec2-user/arduino-testlib/cli-datadir/user/libraries/ArduinoBLE/src/BLECharacteristic.h:73:7: note: candidate: int BLECharacteristic::writeValue(const char*, bool)
   int writeValue(const char* value, bool withResponse = true);
       ^~~~~~~~~~
/home/ec2-user/arduino-testlib/cli-datadir/user/libraries/Nano33BLESensor/examples/Nano33BLESensorExample_gesture/Nano33BLESensorExample_gesture.ino:137:24: error: &#39;class arduino::UART&#39; has no member named &#39;printf&#39;; did you mean &#39;print&#39;?
                 Serial.printf(&#34;%d\r\n&#34;, gestureData.gesture);
                        ^~~~~~
                        print

</pre>
					
					<h4>examples/Nano33BLESensorExample_gyroscope</h4>
					<p>
						Result: <b>FAIL</b>
					</p>
					<pre class="pre-scrollable">In file included from /home/ec2-user/arduino-testlib/cli-datadir/user/libraries/Nano33BLESensor/examples/Nano33BLESensorExample_gyroscope/Nano33BLESensorExample_gyroscope.ino:32:0:
/home/ec2-user/arduino-testlib/cli-datadir/user/libraries/Nano33BLESensor/src/Nano33BLEGyroscope.h:90:7: error: &#39;osPriority&#39; has not been declared
       osPriority threadPriority = osPriorityNormal,
       ^~~~~~~~~~
/home/ec2-user/arduino-testlib/cli-datadir/user/libraries/Nano33BLESensor/src/Nano33BLEGyroscope.h:118:5: error: &#39;rtos&#39; does not name a type; did you mean &#39;utoa&#39;?
     rtos::Thread readThread;
     ^~~~
     utoa
/home/ec2-user/arduino-testlib/cli-datadir/user/libraries/Nano33BLESensor/src/Nano33BLEGyroscope.h:90:35: error: &#39;osPriorityNormal&#39; was not declared in this scope
       osPriority threadPriority = osPriorityNormal,
                                   ^~~~~~~~~~~~~~~~
/home/ec2-user/arduino-testlib/cli-datadir/user/libraries/Nano33BLESensor/src/Nano33BLEGyroscope.h: In member function &#39;void Nano33BLEGyroscope::begin()&#39;:
/home/ec2-user/arduino-testlib/cli-datadir/user/libraries/Nano33BLESensor/src/Nano33BLEGyroscope.h:85:7: error: &#39;readThread&#39; was not declared in this scope
       readThread.start(mbed::callback(Nano33BLEGyroscope::readFunction, this));
       ^~~~~~~~~~
/home/ec2-user/arduino-testlib/cli-datadir/user/libraries/Nano33BLESensor/src/Nano33BLEGyroscope.h:85:7: note: suggested alternative: &#39;readPeriod&#39;
       readThread.start(mbed::callback(Nano33BLEGyroscope::readFunction, this));
       ^~~~~~~~~~
       readPeriod
/home/ec2-user/arduino-testlib/cli-datadir/user/libraries/Nano33BLESensor/src/Nano33BLEGyroscope.h: In constructor &#39;Nano33BLEGyroscope::Nano33BLEGyroscope(uint32_t, int, uint32_t)&#39;:
/home/ec2-user/arduino-testlib/cli-datadir/user/libraries/Nano33BLESensor/src/Nano33BLEGyroscope.h:93:9: error: class &#39;Nano33BLEGyroscope&#39; does not have any field named &#39;readThread&#39;
         readThread(
         ^~~~~~~~~~
/home/ec2-user/arduino-testlib/cli-datadir/user/libraries/Nano33BLESensor/examples/Nano33BLESensorExample_gyroscope/Nano33BLESensorExample_gyroscope.ino: In function &#39;void loop()&#39;:
/home/ec2-user/arduino-testlib/cli-datadir/user/libraries/Nano33BLESensor/examples/Nano33BLESensorExample_gyroscope/Nano33BLESensorExample_gyroscope.ino:141:64: error: call of overloaded &#39;writeValue(char [20], int&amp;)&#39; is ambiguous
                 gyroscopeXBLE.writeValue(bleBuffer, writeLength); 
                                                                ^
In file included from /home/ec2-user/arduino-testlib/cli-datadir/user/libraries/ArduinoBLE/src/BLEService.h:23:0,
                 from /home/ec2-user/arduino-testlib/cli-datadir/user/libraries/ArduinoBLE/src/BLEDevice.h:25,
                 from /home/ec2-user/arduino-testlib/cli-datadir/user/libraries/ArduinoBLE/src/local/BLELocalDevice.h:23,
                 from /home/ec2-user/arduino-testlib/cli-datadir/user/libraries/ArduinoBLE/src/ArduinoBLE.h:23,
                 from /home/ec2-user/arduino-testlib/cli-datadir/user/libraries/Nano33BLESensor/examples/Nano33BLESensorExample_gyroscope/Nano33BLESensorExample_gyroscope.ino:30:
/home/ec2-user/arduino-testlib/cli-datadir/user/libraries/ArduinoBLE/src/BLECharacteristic.h:72:7: note: candidate: int BLECharacteristic::writeValue(const void*, int, bool)
   int writeValue(const void* value, int length, bool withResponse = true);
       ^~~~~~~~~~
/home/ec2-user/arduino-testlib/cli-datadir/user/libraries/ArduinoBLE/src/BLECharacteristic.h:73:7: note: candidate: int BLECharacteristic::writeValue(const char*, bool)
   int writeValue(const char* value, bool withResponse = true);
       ^~~~~~~~~~
/home/ec2-user/arduino-testlib/cli-datadir/user/libraries/Nano33BLESensor/examples/Nano33BLESensorExample_gyroscope/Nano33BLESensorExample_gyroscope.ino:143:64: error: call of overloaded &#39;writeValue(char [20], int&amp;)&#39; is ambiguous
                 gyroscopeYBLE.writeValue(bleBuffer, writeLength);      
                                                                ^
In file included from /home/ec2-user/arduino-testlib/cli-datadir/user/libraries/ArduinoBLE/src/BLEService.h:23:0,
                 from /home/ec2-user/arduino-testlib/cli-datadir/user/libraries/ArduinoBLE/src/BLEDevice.h:25,
                 from /home/ec2-user/arduino-testlib/cli-datadir/user/libraries/ArduinoBLE/src/local/BLELocalDevice.h:23,
                 from /home/ec2-user/arduino-testlib/cli-datadir/user/libraries/ArduinoBLE/src/ArduinoBLE.h:23,
                 from /home/ec2-user/arduino-testlib/cli-datadir/user/libraries/Nano33BLESensor/examples/Nano33BLESensorExample_gyroscope/Nano33BLESensorExample_gyroscope.ino:30:
/home/ec2-user/arduino-testlib/cli-datadir/user/libraries/ArduinoBLE/src/BLECharacteristic.h:72:7: note: candidate: int BLECharacteristic::writeValue(const void*, int, bool)
   int writeValue(const void* value, int length, bool withResponse = true);
       ^~~~~~~~~~
/home/ec2-user/arduino-testlib/cli-datadir/user/libraries/ArduinoBLE/src/BLECharacteristic.h:73:7: note: candidate: int BLECharacteristic::writeValue(const char*, bool)
   int writeValue(const char* value, bool withResponse = true);
       ^~~~~~~~~~
/home/ec2-user/arduino-testlib/cli-datadir/user/libraries/Nano33BLESensor/examples/Nano33BLESensorExample_gyroscope/Nano33BLESensorExample_gyroscope.ino:145:64: error: call of overloaded &#39;writeValue(char [20], int&amp;)&#39; is ambiguous
                 gyroscopeZBLE.writeValue(bleBuffer, writeLength);      
                                                                ^
In file included from /home/ec2-user/arduino-testlib/cli-datadir/user/libraries/ArduinoBLE/src/BLEService.h:23:0,
                 from /home/ec2-user/arduino-testlib/cli-datadir/user/libraries/ArduinoBLE/src/BLEDevice.h:25,
                 from /home/ec2-user/arduino-testlib/cli-datadir/user/libraries/ArduinoBLE/src/local/BLELocalDevice.h:23,
                 from /home/ec2-user/arduino-testlib/cli-datadir/user/libraries/ArduinoBLE/src/ArduinoBLE.h:23,
                 from /home/ec2-user/arduino-testlib/cli-datadir/user/libraries/Nano33BLESensor/examples/Nano33BLESensorExample_gyroscope/Nano33BLESensorExample_gyroscope.ino:30:
/home/ec2-user/arduino-testlib/cli-datadir/user/libraries/ArduinoBLE/src/BLECharacteristic.h:72:7: note: candidate: int BLECharacteristic::writeValue(const void*, int, bool)
   int writeValue(const void* value, int length, bool withResponse = true);
       ^~~~~~~~~~
/home/ec2-user/arduino-testlib/cli-datadir/user/libraries/ArduinoBLE/src/BLECharacteristic.h:73:7: note: candidate: int BLECharacteristic::writeValue(const char*, bool)
   int writeValue(const char* value, bool withResponse = true);
       ^~~~~~~~~~
/home/ec2-user/arduino-testlib/cli-datadir/user/libraries/Nano33BLESensor/examples/Nano33BLESensorExample_gyroscope/Nano33BLESensorExample_gyroscope.ino:147:24: error: &#39;class arduino::UART&#39; has no member named &#39;printf&#39;; did you mean &#39;print&#39;?
                 Serial.printf(&#34;%f,%f,%f\r\n&#34;, gyroscopeData.x, gyroscopeData.y, gyroscopeData.z);
                        ^~~~~~
                        print

</pre>
					
					<h4>examples/Nano33BLESensorExample_magnetic</h4>
					<p>
						Result: <b>FAIL</b>
					</p>
					<pre class="pre-scrollable">In file included from /home/ec2-user/arduino-testlib/cli-datadir/user/libraries/Nano33BLESensor/examples/Nano33BLESensorExample_magnetic/Nano33BLESensorExample_magnetic.ino:32:0:
/home/ec2-user/arduino-testlib/cli-datadir/user/libraries/Nano33BLESensor/src/Nano33BLEMagnetic.h:89:7: error: &#39;osPriority&#39; has not been declared
       osPriority threadPriority = osPriorityNormal,
       ^~~~~~~~~~
/home/ec2-user/arduino-testlib/cli-datadir/user/libraries/Nano33BLESensor/src/Nano33BLEMagnetic.h:117:5: error: &#39;rtos&#39; does not name a type; did you mean &#39;utoa&#39;?
     rtos::Thread readThread;
     ^~~~
     utoa
/home/ec2-user/arduino-testlib/cli-datadir/user/libraries/Nano33BLESensor/src/Nano33BLEMagnetic.h:89:35: error: &#39;osPriorityNormal&#39; was not declared in this scope
       osPriority threadPriority = osPriorityNormal,
                                   ^~~~~~~~~~~~~~~~
/home/ec2-user/arduino-testlib/cli-datadir/user/libraries/Nano33BLESensor/src/Nano33BLEMagnetic.h: In member function &#39;void Nano33BLEMagnetic::begin()&#39;:
/home/ec2-user/arduino-testlib/cli-datadir/user/libraries/Nano33BLESensor/src/Nano33BLEMagnetic.h:84:7: error: &#39;readThread&#39; was not declared in this scope
       readThread.start(mbed::callback(Nano33BLEMagnetic::readFunction, this));
       ^~~~~~~~~~
/home/ec2-user/arduino-testlib/cli-datadir/user/libraries/Nano33BLESensor/src/Nano33BLEMagnetic.h:84:7: note: suggested alternative: &#39;readPeriod&#39;
       readThread.start(mbed::callback(Nano33BLEMagnetic::readFunction, this));
       ^~~~~~~~~~
       readPeriod
/home/ec2-user/arduino-testlib/cli-datadir/user/libraries/Nano33BLESensor/src/Nano33BLEMagnetic.h: In constructor &#39;Nano33BLEMagnetic::Nano33BLEMagnetic(uint32_t, int, uint32_t)&#39;:
/home/ec2-user/arduino-testlib/cli-datadir/user/libraries/Nano33BLESensor/src/Nano33BLEMagnetic.h:92:9: error: class &#39;Nano33BLEMagnetic&#39; does not have any field named &#39;readThread&#39;
         readThread(
         ^~~~~~~~~~
/home/ec2-user/arduino-testlib/cli-datadir/user/libraries/Nano33BLESensor/examples/Nano33BLESensorExample_magnetic/Nano33BLESensorExample_magnetic.ino: In function &#39;void loop()&#39;:
/home/ec2-user/arduino-testlib/cli-datadir/user/libraries/Nano33BLESensor/examples/Nano33BLESensorExample_magnetic/Nano33BLESensorExample_magnetic.ino:141:63: error: call of overloaded &#39;writeValue(char [20], int&amp;)&#39; is ambiguous
                 magneticXBLE.writeValue(bleBuffer, writeLength); 
                                                               ^
In file included from /home/ec2-user/arduino-testlib/cli-datadir/user/libraries/ArduinoBLE/src/BLEService.h:23:0,
                 from /home/ec2-user/arduino-testlib/cli-datadir/user/libraries/ArduinoBLE/src/BLEDevice.h:25,
                 from /home/ec2-user/arduino-testlib/cli-datadir/user/libraries/ArduinoBLE/src/local/BLELocalDevice.h:23,
                 from /home/ec2-user/arduino-testlib/cli-datadir/user/libraries/ArduinoBLE/src/ArduinoBLE.h:23,
                 from /home/ec2-user/arduino-testlib/cli-datadir/user/libraries/Nano33BLESensor/examples/Nano33BLESensorExample_magnetic/Nano33BLESensorExample_magnetic.ino:30:
/home/ec2-user/arduino-testlib/cli-datadir/user/libraries/ArduinoBLE/src/BLECharacteristic.h:72:7: note: candidate: int BLECharacteristic::writeValue(const void*, int, bool)
   int writeValue(const void* value, int length, bool withResponse = true);
       ^~~~~~~~~~
/home/ec2-user/arduino-testlib/cli-datadir/user/libraries/ArduinoBLE/src/BLECharacteristic.h:73:7: note: candidate: int BLECharacteristic::writeValue(const char*, bool)
   int writeValue(const char* value, bool withResponse = true);
       ^~~~~~~~~~
/home/ec2-user/arduino-testlib/cli-datadir/user/libraries/Nano33BLESensor/examples/Nano33BLESensorExample_magnetic/Nano33BLESensorExample_magnetic.ino:143:63: error: call of overloaded &#39;writeValue(char [20], int&amp;)&#39; is ambiguous
                 magneticYBLE.writeValue(bleBuffer, writeLength);      
                                                               ^
In file included from /home/ec2-user/arduino-testlib/cli-datadir/user/libraries/ArduinoBLE/src/BLEService.h:23:0,
                 from /home/ec2-user/arduino-testlib/cli-datadir/user/libraries/ArduinoBLE/src/BLEDevice.h:25,
                 from /home/ec2-user/arduino-testlib/cli-datadir/user/libraries/ArduinoBLE/src/local/BLELocalDevice.h:23,
                 from /home/ec2-user/arduino-testlib/cli-datadir/user/libraries/ArduinoBLE/src/ArduinoBLE.h:23,
                 from /home/ec2-user/arduino-testlib/cli-datadir/user/libraries/Nano33BLESensor/examples/Nano33BLESensorExample_magnetic/Nano33BLESensorExample_magnetic.ino:30:
/home/ec2-user/arduino-testlib/cli-datadir/user/libraries/ArduinoBLE/src/BLECharacteristic.h:72:7: note: candidate: int BLECharacteristic::writeValue(const void*, int, bool)
   int writeValue(const void* value, int length, bool withResponse = true);
       ^~~~~~~~~~
/home/ec2-user/arduino-testlib/cli-datadir/user/libraries/ArduinoBLE/src/BLECharacteristic.h:73:7: note: candidate: int BLECharacteristic::writeValue(const char*, bool)
   int writeValue(const char* value, bool withResponse = true);
       ^~~~~~~~~~
/home/ec2-user/arduino-testlib/cli-datadir/user/libraries/Nano33BLESensor/examples/Nano33BLESensorExample_magnetic/Nano33BLESensorExample_magnetic.ino:145:63: error: call of overloaded &#39;writeValue(char [20], int&amp;)&#39; is ambiguous
                 magneticZBLE.writeValue(bleBuffer, writeLength);      
                                                               ^
In file included from /home/ec2-user/arduino-testlib/cli-datadir/user/libraries/ArduinoBLE/src/BLEService.h:23:0,
                 from /home/ec2-user/arduino-testlib/cli-datadir/user/libraries/ArduinoBLE/src/BLEDevice.h:25,
                 from /home/ec2-user/arduino-testlib/cli-datadir/user/libraries/ArduinoBLE/src/local/BLELocalDevice.h:23,
                 from /home/ec2-user/arduino-testlib/cli-datadir/user/libraries/ArduinoBLE/src/ArduinoBLE.h:23,
                 from /home/ec2-user/arduino-testlib/cli-datadir/user/libraries/Nano33BLESensor/examples/Nano33BLESensorExample_magnetic/Nano33BLESensorExample_magnetic.ino:30:
/home/ec2-user/arduino-testlib/cli-datadir/user/libraries/ArduinoBLE/src/BLECharacteristic.h:72:7: note: candidate: int BLECharacteristic::writeValue(const void*, int, bool)
   int writeValue(const void* value, int length, bool withResponse = true);
       ^~~~~~~~~~
/home/ec2-user/arduino-testlib/cli-datadir/user/libraries/ArduinoBLE/src/BLECharacteristic.h:73:7: note: candidate: int BLECharacteristic::writeValue(const char*, bool)
   int writeValue(const char* value, bool withResponse = true);
       ^~~~~~~~~~
/home/ec2-user/arduino-testlib/cli-datadir/user/libraries/Nano33BLESensor/examples/Nano33BLESensorExample_magnetic/Nano33BLESensorExample_magnetic.ino:147:24: error: &#39;class arduino::UART&#39; has no member named &#39;printf&#39;; did you mean &#39;print&#39;?
                 Serial.printf(&#34;%f,%f,%f\r\n&#34;, magneticData.x, magneticData.y, magneticData.z);
                        ^~~~~~
                        print

</pre>
					
					<h4>examples/Nano33BLESensorExample_microphoneRMS</h4>
					<p>
						Result: <b>FAIL</b>
					</p>
					<pre class="pre-scrollable">In file included from /home/ec2-user/arduino-testlib/cli-datadir/user/libraries/Nano33BLESensor/examples/Nano33BLESensorExample_microphoneRMS/Nano33BLESensorExample_microphoneRMS.ino:31:0:
/home/ec2-user/arduino-testlib/cli-datadir/user/libraries/Nano33BLESensor/src/Nano33BLEMicrophoneRMS.h:85:18: error: expected &#39;)&#39; before &#39;threadPriority&#39;
       osPriority threadPriority = osPriorityNormal,
                  ^~~~~~~~~~~~~~
/home/ec2-user/arduino-testlib/cli-datadir/user/libraries/Nano33BLESensor/src/Nano33BLEMicrophoneRMS.h:111:5: error: &#39;rtos&#39; does not name a type; did you mean &#39;utoa&#39;?
     rtos::Thread readThread;
     ^~~~
     utoa
/home/ec2-user/arduino-testlib/cli-datadir/user/libraries/Nano33BLESensor/src/Nano33BLEMicrophoneRMS.h: In member function &#39;void Nano33BLEMicrophoneRMS::begin()&#39;:
/home/ec2-user/arduino-testlib/cli-datadir/user/libraries/Nano33BLESensor/src/Nano33BLEMicrophoneRMS.h:81:7: error: &#39;readThread&#39; was not declared in this scope
       readThread.start(mbed::callback(Nano33BLEMicrophoneRMS::readFunction, this));
       ^~~~~~~~~~
/home/ec2-user/arduino-testlib/cli-datadir/user/libraries/Nano33BLESensor/src/Nano33BLEMicrophoneRMS.h:81:7: note: suggested alternative: &#39;adc_read&#39;
       readThread.start(mbed::callback(Nano33BLEMicrophoneRMS::readFunction, this));
       ^~~~~~~~~~
       adc_read
/home/ec2-user/arduino-testlib/cli-datadir/user/libraries/Nano33BLESensor/examples/Nano33BLESensorExample_microphoneRMS/Nano33BLESensorExample_microphoneRMS.ino: In function &#39;void loop()&#39;:
/home/ec2-user/arduino-testlib/cli-datadir/user/libraries/Nano33BLESensor/examples/Nano33BLESensorExample_microphoneRMS/Nano33BLESensorExample_microphoneRMS.ino:136:67: error: call of overloaded &#39;writeValue(char [20], int&amp;)&#39; is ambiguous
                 microphoneRMSBLE.writeValue(bleBuffer, writeLength); 
                                                                   ^
In file included from /home/ec2-user/arduino-testlib/cli-datadir/user/libraries/ArduinoBLE/src/BLEService.h:23:0,
                 from /home/ec2-user/arduino-testlib/cli-datadir/user/libraries/ArduinoBLE/src/BLEDevice.h:25,
                 from /home/ec2-user/arduino-testlib/cli-datadir/user/libraries/ArduinoBLE/src/local/BLELocalDevice.h:23,
                 from /home/ec2-user/arduino-testlib/cli-datadir/user/libraries/ArduinoBLE/src/ArduinoBLE.h:23,
                 from /home/ec2-user/arduino-testlib/cli-datadir/user/libraries/Nano33BLESensor/examples/Nano33BLESensorExample_microphoneRMS/Nano33BLESensorExample_microphoneRMS.ino:30:
/home/ec2-user/arduino-testlib/cli-datadir/user/libraries/ArduinoBLE/src/BLECharacteristic.h:72:7: note: candidate: int BLECharacteristic::writeValue(const void*, int, bool)
   int writeValue(const void* value, int length, bool withResponse = true);
       ^~~~~~~~~~
/home/ec2-user/arduino-testlib/cli-datadir/user/libraries/ArduinoBLE/src/BLECharacteristic.h:73:7: note: candidate: int BLECharacteristic::writeValue(const char*, bool)
   int writeValue(const char* value, bool withResponse = true);
       ^~~~~~~~~~
/home/ec2-user/arduino-testlib/cli-datadir/user/libraries/Nano33BLESensor/examples/Nano33BLESensorExample_microphoneRMS/Nano33BLESensorExample_microphoneRMS.ino:137:24: error: &#39;class arduino::UART&#39; has no member named &#39;printf&#39;; did you mean &#39;print&#39;?
                 Serial.printf(&#34;%d\r\n&#34;, microphoneData.RMSValue);
                        ^~~~~~
                        print

</pre>
					
					<h4>examples/Nano33BLESensorExample_pressure</h4>
					<p>
						Result: <b>FAIL</b>
					</p>
					<pre class="pre-scrollable">In file included from /home/ec2-user/arduino-testlib/cli-datadir/user/libraries/Nano33BLESensor/examples/Nano33BLESensorExample_pressure/Nano33BLESensorExample_pressure.ino:27:0:
/home/ec2-user/arduino-testlib/cli-datadir/user/libraries/Nano33BLESensor/src/Nano33BLEPressure.h:88:7: error: &#39;osPriority&#39; has not been declared
       osPriority threadPriority = osPriorityNormal,
       ^~~~~~~~~~
/home/ec2-user/arduino-testlib/cli-datadir/user/libraries/Nano33BLESensor/src/Nano33BLEPressure.h:116:5: error: &#39;rtos&#39; does not name a type; did you mean &#39;utoa&#39;?
     rtos::Thread readThread;
     ^~~~
     utoa
/home/ec2-user/arduino-testlib/cli-datadir/user/libraries/Nano33BLESensor/src/Nano33BLEPressure.h:88:35: error: &#39;osPriorityNormal&#39; was not declared in this scope
       osPriority threadPriority = osPriorityNormal,
                                   ^~~~~~~~~~~~~~~~
/home/ec2-user/arduino-testlib/cli-datadir/user/libraries/Nano33BLESensor/src/Nano33BLEPressure.h: In member function &#39;void Nano33BLEPressure::begin()&#39;:
/home/ec2-user/arduino-testlib/cli-datadir/user/libraries/Nano33BLESensor/src/Nano33BLEPressure.h:83:7: error: &#39;readThread&#39; was not declared in this scope
       readThread.start(mbed::callback(Nano33BLEPressure::readFunction, this));
       ^~~~~~~~~~
/home/ec2-user/arduino-testlib/cli-datadir/user/libraries/Nano33BLESensor/src/Nano33BLEPressure.h:83:7: note: suggested alternative: &#39;readPeriod&#39;
       readThread.start(mbed::callback(Nano33BLEPressure::readFunction, this));
       ^~~~~~~~~~
       readPeriod
/home/ec2-user/arduino-testlib/cli-datadir/user/libraries/Nano33BLESensor/src/Nano33BLEPressure.h: In constructor &#39;Nano33BLEPressure::Nano33BLEPressure(uint32_t, int, uint32_t)&#39;:
/home/ec2-user/arduino-testlib/cli-datadir/user/libraries/Nano33BLESensor/src/Nano33BLEPressure.h:91:9: error: class &#39;Nano33BLEPressure&#39; does not have any field named &#39;readThread&#39;
         readThread(
         ^~~~~~~~~~
/home/ec2-user/arduino-testlib/cli-datadir/user/libraries/Nano33BLESensor/examples/Nano33BLESensorExample_pressure/Nano33BLESensorExample_pressure.ino: In function &#39;void loop()&#39;:
/home/ec2-user/arduino-testlib/cli-datadir/user/libraries/Nano33BLESensor/examples/Nano33BLESensorExample_pressure/Nano33BLESensorExample_pressure.ino:131:62: error: call of overloaded &#39;writeValue(char [20], int&amp;)&#39; is ambiguous
                 pressureBLE.writeValue(bleBuffer, writeLength); 
                                                              ^
In file included from /home/ec2-user/arduino-testlib/cli-datadir/user/libraries/ArduinoBLE/src/BLEService.h:23:0,
                 from /home/ec2-user/arduino-testlib/cli-datadir/user/libraries/ArduinoBLE/src/BLEDevice.h:25,
                 from /home/ec2-user/arduino-testlib/cli-datadir/user/libraries/ArduinoBLE/src/local/BLELocalDevice.h:23,
                 from /home/ec2-user/arduino-testlib/cli-datadir/user/libraries/ArduinoBLE/src/ArduinoBLE.h:23,
                 from /home/ec2-user/arduino-testlib/cli-datadir/user/libraries/Nano33BLESensor/examples/Nano33BLESensorExample_pressure/Nano33BLESensorExample_pressure.ino:26:
/home/ec2-user/arduino-testlib/cli-datadir/user/libraries/ArduinoBLE/src/BLECharacteristic.h:72:7: note: candidate: int BLECharacteristic::writeValue(const void*, int, bool)
   int writeValue(const void* value, int length, bool withResponse = true);
       ^~~~~~~~~~
/home/ec2-user/arduino-testlib/cli-datadir/user/libraries/ArduinoBLE/src/BLECharacteristic.h:73:7: note: candidate: int BLECharacteristic::writeValue(const char*, bool)
   int writeValue(const char* value, bool withResponse = true);
       ^~~~~~~~~~
/home/ec2-user/arduino-testlib/cli-datadir/user/libraries/Nano33BLESensor/examples/Nano33BLESensorExample_pressure/Nano33BLESensorExample_pressure.ino:133:24: error: &#39;class arduino::UART&#39; has no member named &#39;printf&#39;; did you mean &#39;print&#39;?
                 Serial.printf(&#34;%f\r\n&#34;, pressureData.barometricPressure);
                        ^~~~~~
                        print

</pre>
					
					<h4>examples/Nano33BLESensorExample_proximity</h4>
					<p>
						Result: <b>FAIL</b>
					</p>
					<pre class="pre-scrollable">In file included from /home/ec2-user/arduino-testlib/cli-datadir/user/libraries/Nano33BLESensor/examples/Nano33BLESensorExample_proximity/Nano33BLESensorExample_proximity.ino:31:0:
/home/ec2-user/arduino-testlib/cli-datadir/user/libraries/Nano33BLESensor/src/Nano33BLEProximity.h:95:7: error: &#39;osPriority&#39; has not been declared
       osPriority threadPriority = osPriorityNormal,
       ^~~~~~~~~~
/home/ec2-user/arduino-testlib/cli-datadir/user/libraries/Nano33BLESensor/src/Nano33BLEProximity.h:123:5: error: &#39;rtos&#39; does not name a type; did you mean &#39;utoa&#39;?
     rtos::Thread readThread;
     ^~~~
     utoa
/home/ec2-user/arduino-testlib/cli-datadir/user/libraries/Nano33BLESensor/src/Nano33BLEProximity.h:95:35: error: &#39;osPriorityNormal&#39; was not declared in this scope
       osPriority threadPriority = osPriorityNormal,
                                   ^~~~~~~~~~~~~~~~
/home/ec2-user/arduino-testlib/cli-datadir/user/libraries/Nano33BLESensor/src/Nano33BLEProximity.h: In member function &#39;void Nano33BLEProximity::begin()&#39;:
/home/ec2-user/arduino-testlib/cli-datadir/user/libraries/Nano33BLESensor/src/Nano33BLEProximity.h:90:7: error: &#39;readThread&#39; was not declared in this scope
       readThread.start(mbed::callback(Nano33BLEProximity::readFunction, this));
       ^~~~~~~~~~
/home/ec2-user/arduino-testlib/cli-datadir/user/libraries/Nano33BLESensor/src/Nano33BLEProximity.h:90:7: note: suggested alternative: &#39;readPeriod&#39;
       readThread.start(mbed::callback(Nano33BLEProximity::readFunction, this));
       ^~~~~~~~~~
       readPeriod
/home/ec2-user/arduino-testlib/cli-datadir/user/libraries/Nano33BLESensor/src/Nano33BLEProximity.h: In constructor &#39;Nano33BLEProximity::Nano33BLEProximity(uint32_t, int, uint32_t)&#39;:
/home/ec2-user/arduino-testlib/cli-datadir/user/libraries/Nano33BLESensor/src/Nano33BLEProximity.h:98:9: error: class &#39;Nano33BLEProximity&#39; does not have any field named &#39;readThread&#39;
         readThread(
         ^~~~~~~~~~
/home/ec2-user/arduino-testlib/cli-datadir/user/libraries/Nano33BLESensor/examples/Nano33BLESensorExample_proximity/Nano33BLESensorExample_proximity.ino: In function &#39;void loop()&#39;:
/home/ec2-user/arduino-testlib/cli-datadir/user/libraries/Nano33BLESensor/examples/Nano33BLESensorExample_proximity/Nano33BLESensorExample_proximity.ino:135:63: error: call of overloaded &#39;writeValue(char [20], int&amp;)&#39; is ambiguous
                 proximityBLE.writeValue(bleBuffer, writeLength); 
                                                               ^
In file included from /home/ec2-user/arduino-testlib/cli-datadir/user/libraries/ArduinoBLE/src/BLEService.h:23:0,
                 from /home/ec2-user/arduino-testlib/cli-datadir/user/libraries/ArduinoBLE/src/BLEDevice.h:25,
                 from /home/ec2-user/arduino-testlib/cli-datadir/user/libraries/ArduinoBLE/src/local/BLELocalDevice.h:23,
                 from /home/ec2-user/arduino-testlib/cli-datadir/user/libraries/ArduinoBLE/src/ArduinoBLE.h:23,
                 from /home/ec2-user/arduino-testlib/cli-datadir/user/libraries/Nano33BLESensor/examples/Nano33BLESensorExample_proximity/Nano33BLESensorExample_proximity.ino:30:
/home/ec2-user/arduino-testlib/cli-datadir/user/libraries/ArduinoBLE/src/BLECharacteristic.h:72:7: note: candidate: int BLECharacteristic::writeValue(const void*, int, bool)
   int writeValue(const void* value, int length, bool withResponse = true);
       ^~~~~~~~~~
/home/ec2-user/arduino-testlib/cli-datadir/user/libraries/ArduinoBLE/src/BLECharacteristic.h:73:7: note: candidate: int BLECharacteristic::writeValue(const char*, bool)
   int writeValue(const char* value, bool withResponse = true);
       ^~~~~~~~~~
/home/ec2-user/arduino-testlib/cli-datadir/user/libraries/Nano33BLESensor/examples/Nano33BLESensorExample_proximity/Nano33BLESensorExample_proximity.ino:137:24: error: &#39;class arduino::UART&#39; has no member named &#39;printf&#39;; did you mean &#39;print&#39;?
                 Serial.printf(&#34;%d\r\n&#34;, proximityData.proximity);
                        ^~~~~~
                        print

</pre>
					
					<h4>examples/Nano33BLESensorExample_temperature</h4>
					<p>
						Result: <b>FAIL</b>
					</p>
					<pre class="pre-scrollable">In file included from /home/ec2-user/arduino-testlib/cli-datadir/user/libraries/Nano33BLESensor/examples/Nano33BLESensorExample_temperature/Nano33BLESensorExample_temperature.ino:31:0:
/home/ec2-user/arduino-testlib/cli-datadir/user/libraries/Nano33BLESensor/src/Nano33BLETemperature.h:88:7: error: &#39;osPriority&#39; has not been declared
       osPriority threadPriority = osPriorityNormal,
       ^~~~~~~~~~
/home/ec2-user/arduino-testlib/cli-datadir/user/libraries/Nano33BLESensor/src/Nano33BLETemperature.h:117:5: error: &#39;rtos&#39; does not name a type; did you mean &#39;utoa&#39;?
     rtos::Thread readThread;
     ^~~~
     utoa
/home/ec2-user/arduino-testlib/cli-datadir/user/libraries/Nano33BLESensor/src/Nano33BLETemperature.h:88:35: error: &#39;osPriorityNormal&#39; was not declared in this scope
       osPriority threadPriority = osPriorityNormal,
                                   ^~~~~~~~~~~~~~~~
/home/ec2-user/arduino-testlib/cli-datadir/user/libraries/Nano33BLESensor/src/Nano33BLETemperature.h: In member function &#39;void Nano33BLETemperature::begin()&#39;:
/home/ec2-user/arduino-testlib/cli-datadir/user/libraries/Nano33BLESensor/src/Nano33BLETemperature.h:83:7: error: &#39;readThread&#39; was not declared in this scope
       readThread.start(mbed::callback(Nano33BLETemperature::readFunction, this));
       ^~~~~~~~~~
/home/ec2-user/arduino-testlib/cli-datadir/user/libraries/Nano33BLESensor/src/Nano33BLETemperature.h:83:7: note: suggested alternative: &#39;readPeriod&#39;
       readThread.start(mbed::callback(Nano33BLETemperature::readFunction, this));
       ^~~~~~~~~~
       readPeriod
/home/ec2-user/arduino-testlib/cli-datadir/user/libraries/Nano33BLESensor/src/Nano33BLETemperature.h: In constructor &#39;Nano33BLETemperature::Nano33BLETemperature(uint32_t, int, uint32_t)&#39;:
/home/ec2-user/arduino-testlib/cli-datadir/user/libraries/Nano33BLESensor/src/Nano33BLETemperature.h:91:9: error: class &#39;Nano33BLETemperature&#39; does not have any field named &#39;readThread&#39;
         readThread(
         ^~~~~~~~~~
/home/ec2-user/arduino-testlib/cli-datadir/user/libraries/Nano33BLESensor/examples/Nano33BLESensorExample_temperature/Nano33BLESensorExample_temperature.ino: In function &#39;void loop()&#39;:
/home/ec2-user/arduino-testlib/cli-datadir/user/libraries/Nano33BLESensor/examples/Nano33BLESensorExample_temperature/Nano33BLESensorExample_temperature.ino:135:65: error: call of overloaded &#39;writeValue(char [20], int&amp;)&#39; is ambiguous
                 tempertaureBLE.writeValue(bleBuffer, writeLength); 
                                                                 ^
In file included from /home/ec2-user/arduino-testlib/cli-datadir/user/libraries/ArduinoBLE/src/BLEService.h:23:0,
                 from /home/ec2-user/arduino-testlib/cli-datadir/user/libraries/ArduinoBLE/src/BLEDevice.h:25,
                 from /home/ec2-user/arduino-testlib/cli-datadir/user/libraries/ArduinoBLE/src/local/BLELocalDevice.h:23,
                 from /home/ec2-user/arduino-testlib/cli-datadir/user/libraries/ArduinoBLE/src/ArduinoBLE.h:23,
                 from /home/ec2-user/arduino-testlib/cli-datadir/user/libraries/Nano33BLESensor/examples/Nano33BLESensorExample_temperature/Nano33BLESensorExample_temperature.ino:30:
/home/ec2-user/arduino-testlib/cli-datadir/user/libraries/ArduinoBLE/src/BLECharacteristic.h:72:7: note: candidate: int BLECharacteristic::writeValue(const void*, int, bool)
   int writeValue(const void* value, int length, bool withResponse = true);
       ^~~~~~~~~~
/home/ec2-user/arduino-testlib/cli-datadir/user/libraries/ArduinoBLE/src/BLECharacteristic.h:73:7: note: candidate: int BLECharacteristic::writeValue(const char*, bool)
   int writeValue(const char* value, bool withResponse = true);
       ^~~~~~~~~~
/home/ec2-user/arduino-testlib/cli-datadir/user/libraries/Nano33BLESensor/examples/Nano33BLESensorExample_temperature/Nano33BLESensorExample_temperature.ino:137:24: error: &#39;class arduino::UART&#39; has no member named &#39;printf&#39;; did you mean &#39;print&#39;?
                 Serial.printf(&#34;%f,%f\r\n&#34;, temperatureData.temperatureCelsius, temperatureData.humidity);
                        ^~~~~~
                        print

</pre>
					
				
				<h3 id="arduino:megaavr:nona4809">arduino:megaavr:nona4809 @ 1.8.7</h3>
				<h4>Inclusion</h4>
				<p>
					Result: <b>FAIL</b>
					
				</p>
				<pre class="pre-scrollable">/home/ec2-user/arduino-testlib/cli-datadir/user/libraries/Nano33BLESensor/src/Nano33BLEMicrophoneRMS.cpp:28:10: fatal error: PDM.h: No such file or directory
 #include &lt;PDM.h&gt;
          ^~~~~~~
compilation terminated.
Multiple libraries were found for &#34;CircularBuffer.h&#34;
  Used: /home/ec2-user/arduino-testlib/cli-datadir/user/libraries/CircularBuffer
  Not used: /home/ec2-user/arduino-testlib/cli-datadir/user/libraries/MAX30100lib
  Not used: /home/ec2-user/arduino-testlib/cli-datadir/user/libraries/Dabble
  Not used: /home/ec2-user/arduino-testlib/cli-datadir/user/libraries/BufferUtils
  Not used: /home/ec2-user/arduino-testlib/cli-datadir/user/libraries/DabbleESP32
  Not used: /home/ec2-user/arduino-testlib/cli-datadir/user/libraries/MAX30100_milan
  Not used: /home/ec2-user/arduino-testlib/cli-datadir/user/libraries/MegunoLink
  Not used: /home/ec2-user/arduino-testlib/cli-datadir/user/libraries/OneSheeld
</pre>

					
					<h4>examples/Nano33BLESensorExample_AllSensors-SerialPlotter</h4>
					<p>
						Result: <b>FAIL</b>
					</p>
					<pre class="pre-scrollable">/home/ec2-user/arduino-testlib/cli-datadir/user/libraries/Nano33BLESensor/src/Nano33BLEMicrophoneRMS.cpp:28:10: fatal error: PDM.h: No such file or directory
 #include &lt;PDM.h&gt;
          ^~~~~~~
compilation terminated.
Multiple libraries were found for &#34;CircularBuffer.h&#34;
  Used: /home/ec2-user/arduino-testlib/cli-datadir/user/libraries/CircularBuffer
  Not used: /home/ec2-user/arduino-testlib/cli-datadir/user/libraries/MAX30100lib
  Not used: /home/ec2-user/arduino-testlib/cli-datadir/user/libraries/DabbleESP32
  Not used: /home/ec2-user/arduino-testlib/cli-datadir/user/libraries/BufferUtils
  Not used: /home/ec2-user/arduino-testlib/cli-datadir/user/libraries/MAX30100_milan
  Not used: /home/ec2-user/arduino-testlib/cli-datadir/user/libraries/Dabble
  Not used: /home/ec2-user/arduino-testlib/cli-datadir/user/libraries/MegunoLink
  Not used: /home/ec2-user/arduino-testlib/cli-datadir/user/libraries/OneSheeld
</pre>
					
					<h4>examples/Nano33BLESensorExample_IMU</h4>
					<p>
						Result: <b>FAIL</b>
					</p>
					<pre class="pre-scrollable">/home/ec2-user/arduino-testlib/cli-datadir/user/libraries/Nano33BLESensor/src/Nano33BLEMicrophoneRMS.cpp:28:10: fatal error: PDM.h: No such file or directory
 #include &lt;PDM.h&gt;
          ^~~~~~~
compilation terminated.
Multiple libraries were found for &#34;CircularBuffer.h&#34;
  Used: /home/ec2-user/arduino-testlib/cli-datadir/user/libraries/CircularBuffer
  Not used: /home/ec2-user/arduino-testlib/cli-datadir/user/libraries/Dabble
  Not used: /home/ec2-user/arduino-testlib/cli-datadir/user/libraries/MAX30100lib
  Not used: /home/ec2-user/arduino-testlib/cli-datadir/user/libraries/MegunoLink
  Not used: /home/ec2-user/arduino-testlib/cli-datadir/user/libraries/BufferUtils
  Not used: /home/ec2-user/arduino-testlib/cli-datadir/user/libraries/OneSheeld
  Not used: /home/ec2-user/arduino-testlib/cli-datadir/user/libraries/MAX30100_milan
  Not used: /home/ec2-user/arduino-testlib/cli-datadir/user/libraries/DabbleESP32
</pre>
					
					<h4>examples/Nano33BLESensorExample_accelerometer</h4>
					<p>
						Result: <b>FAIL</b>
					</p>
					<pre class="pre-scrollable">/home/ec2-user/arduino-testlib/cli-datadir/user/libraries/Nano33BLESensor/src/Nano33BLEMicrophoneRMS.cpp:28:10: fatal error: PDM.h: No such file or directory
 #include &lt;PDM.h&gt;
          ^~~~~~~
compilation terminated.
Multiple libraries were found for &#34;CircularBuffer.h&#34;
  Used: /home/ec2-user/arduino-testlib/cli-datadir/user/libraries/CircularBuffer
  Not used: /home/ec2-user/arduino-testlib/cli-datadir/user/libraries/MegunoLink
  Not used: /home/ec2-user/arduino-testlib/cli-datadir/user/libraries/Dabble
  Not used: /home/ec2-user/arduino-testlib/cli-datadir/user/libraries/DabbleESP32
  Not used: /home/ec2-user/arduino-testlib/cli-datadir/user/libraries/MAX30100_milan
  Not used: /home/ec2-user/arduino-testlib/cli-datadir/user/libraries/MAX30100lib
  Not used: /home/ec2-user/arduino-testlib/cli-datadir/user/libraries/BufferUtils
  Not used: /home/ec2-user/arduino-testlib/cli-datadir/user/libraries/OneSheeld
</pre>
					
					<h4>examples/Nano33BLESensorExample_colour</h4>
					<p>
						Result: <b>FAIL</b>
					</p>
					<pre class="pre-scrollable">/home/ec2-user/arduino-testlib/cli-datadir/user/libraries/Nano33BLESensor/src/Nano33BLEMicrophoneRMS.cpp:28:10: fatal error: PDM.h: No such file or directory
 #include &lt;PDM.h&gt;
          ^~~~~~~
compilation terminated.
Multiple libraries were found for &#34;CircularBuffer.h&#34;
  Used: /home/ec2-user/arduino-testlib/cli-datadir/user/libraries/CircularBuffer
  Not used: /home/ec2-user/arduino-testlib/cli-datadir/user/libraries/OneSheeld
  Not used: /home/ec2-user/arduino-testlib/cli-datadir/user/libraries/Dabble
  Not used: /home/ec2-user/arduino-testlib/cli-datadir/user/libraries/DabbleESP32
  Not used: /home/ec2-user/arduino-testlib/cli-datadir/user/libraries/MAX30100lib
  Not used: /home/ec2-user/arduino-testlib/cli-datadir/user/libraries/MAX30100_milan
  Not used: /home/ec2-user/arduino-testlib/cli-datadir/user/libraries/MegunoLink
  Not used: /home/ec2-user/arduino-testlib/cli-datadir/user/libraries/BufferUtils
</pre>
					
					<h4>examples/Nano33BLESensorExample_gesture</h4>
					<p>
						Result: <b>FAIL</b>
					</p>
					<pre class="pre-scrollable">/home/ec2-user/arduino-testlib/cli-datadir/user/libraries/Nano33BLESensor/src/Nano33BLEMicrophoneRMS.cpp:28:10: fatal error: PDM.h: No such file or directory
 #include &lt;PDM.h&gt;
          ^~~~~~~
compilation terminated.
Multiple libraries were found for &#34;CircularBuffer.h&#34;
  Used: /home/ec2-user/arduino-testlib/cli-datadir/user/libraries/CircularBuffer
  Not used: /home/ec2-user/arduino-testlib/cli-datadir/user/libraries/BufferUtils
  Not used: /home/ec2-user/arduino-testlib/cli-datadir/user/libraries/MAX30100lib
  Not used: /home/ec2-user/arduino-testlib/cli-datadir/user/libraries/DabbleESP32
  Not used: /home/ec2-user/arduino-testlib/cli-datadir/user/libraries/MegunoLink
  Not used: /home/ec2-user/arduino-testlib/cli-datadir/user/libraries/OneSheeld
  Not used: /home/ec2-user/arduino-testlib/cli-datadir/user/libraries/MAX30100_milan
  Not used: /home/ec2-user/arduino-testlib/cli-datadir/user/libraries/Dabble
</pre>
					
					<h4>examples/Nano33BLESensorExample_gyroscope</h4>
					<p>
						Result: <b>FAIL</b>
					</p>
					<pre class="pre-scrollable">/home/ec2-user/arduino-testlib/cli-datadir/user/libraries/Nano33BLESensor/src/Nano33BLEMicrophoneRMS.cpp:28:10: fatal error: PDM.h: No such file or directory
 #include &lt;PDM.h&gt;
          ^~~~~~~
compilation terminated.
Multiple libraries were found for &#34;CircularBuffer.h&#34;
  Used: /home/ec2-user/arduino-testlib/cli-datadir/user/libraries/CircularBuffer
  Not used: /home/ec2-user/arduino-testlib/cli-datadir/user/libraries/DabbleESP32
  Not used: /home/ec2-user/arduino-testlib/cli-datadir/user/libraries/MegunoLink
  Not used: /home/ec2-user/arduino-testlib/cli-datadir/user/libraries/MAX30100lib
  Not used: /home/ec2-user/arduino-testlib/cli-datadir/user/libraries/OneSheeld
  Not used: /home/ec2-user/arduino-testlib/cli-datadir/user/libraries/Dabble
  Not used: /home/ec2-user/arduino-testlib/cli-datadir/user/libraries/MAX30100_milan
  Not used: /home/ec2-user/arduino-testlib/cli-datadir/user/libraries/BufferUtils
</pre>
					
					<h4>examples/Nano33BLESensorExample_magnetic</h4>
					<p>
						Result: <b>FAIL</b>
					</p>
					<pre class="pre-scrollable">/home/ec2-user/arduino-testlib/cli-datadir/user/libraries/Nano33BLESensor/src/Nano33BLEMicrophoneRMS.cpp:28:10: fatal error: PDM.h: No such file or directory
 #include &lt;PDM.h&gt;
          ^~~~~~~
compilation terminated.
Multiple libraries were found for &#34;CircularBuffer.h&#34;
  Used: /home/ec2-user/arduino-testlib/cli-datadir/user/libraries/CircularBuffer
  Not used: /home/ec2-user/arduino-testlib/cli-datadir/user/libraries/MAX30100_milan
  Not used: /home/ec2-user/arduino-testlib/cli-datadir/user/libraries/MAX30100lib
  Not used: /home/ec2-user/arduino-testlib/cli-datadir/user/libraries/MegunoLink
  Not used: /home/ec2-user/arduino-testlib/cli-datadir/user/libraries/BufferUtils
  Not used: /home/ec2-user/arduino-testlib/cli-datadir/user/libraries/Dabble
  Not used: /home/ec2-user/arduino-testlib/cli-datadir/user/libraries/OneSheeld
  Not used: /home/ec2-user/arduino-testlib/cli-datadir/user/libraries/DabbleESP32
</pre>
					
					<h4>examples/Nano33BLESensorExample_microphoneRMS</h4>
					<p>
						Result: <b>FAIL</b>
					</p>
					<pre class="pre-scrollable">/home/ec2-user/arduino-testlib/cli-datadir/user/libraries/Nano33BLESensor/src/Nano33BLEMicrophoneRMS.cpp:28:10: fatal error: PDM.h: No such file or directory
 #include &lt;PDM.h&gt;
          ^~~~~~~
compilation terminated.
Multiple libraries were found for &#34;CircularBuffer.h&#34;
  Used: /home/ec2-user/arduino-testlib/cli-datadir/user/libraries/CircularBuffer
  Not used: /home/ec2-user/arduino-testlib/cli-datadir/user/libraries/Dabble
  Not used: /home/ec2-user/arduino-testlib/cli-datadir/user/libraries/MAX30100lib
  Not used: /home/ec2-user/arduino-testlib/cli-datadir/user/libraries/MegunoLink
  Not used: /home/ec2-user/arduino-testlib/cli-datadir/user/libraries/BufferUtils
  Not used: /home/ec2-user/arduino-testlib/cli-datadir/user/libraries/DabbleESP32
  Not used: /home/ec2-user/arduino-testlib/cli-datadir/user/libraries/OneSheeld
  Not used: /home/ec2-user/arduino-testlib/cli-datadir/user/libraries/MAX30100_milan
</pre>
					
					<h4>examples/Nano33BLESensorExample_pressure</h4>
					<p>
						Result: <b>FAIL</b>
					</p>
					<pre class="pre-scrollable">/home/ec2-user/arduino-testlib/cli-datadir/user/libraries/Nano33BLESensor/src/Nano33BLEMicrophoneRMS.cpp:28:10: fatal error: PDM.h: No such file or directory
 #include &lt;PDM.h&gt;
          ^~~~~~~
compilation terminated.
Multiple libraries were found for &#34;CircularBuffer.h&#34;
  Used: /home/ec2-user/arduino-testlib/cli-datadir/user/libraries/CircularBuffer
  Not used: /home/ec2-user/arduino-testlib/cli-datadir/user/libraries/MAX30100lib
  Not used: /home/ec2-user/arduino-testlib/cli-datadir/user/libraries/DabbleESP32
  Not used: /home/ec2-user/arduino-testlib/cli-datadir/user/libraries/MAX30100_milan
  Not used: /home/ec2-user/arduino-testlib/cli-datadir/user/libraries/MegunoLink
  Not used: /home/ec2-user/arduino-testlib/cli-datadir/user/libraries/Dabble
  Not used: /home/ec2-user/arduino-testlib/cli-datadir/user/libraries/OneSheeld
  Not used: /home/ec2-user/arduino-testlib/cli-datadir/user/libraries/BufferUtils
</pre>
					
					<h4>examples/Nano33BLESensorExample_proximity</h4>
					<p>
						Result: <b>FAIL</b>
					</p>
					<pre class="pre-scrollable">/home/ec2-user/arduino-testlib/cli-datadir/user/libraries/Nano33BLESensor/src/Nano33BLEMicrophoneRMS.cpp:28:10: fatal error: PDM.h: No such file or directory
 #include &lt;PDM.h&gt;
          ^~~~~~~
compilation terminated.
Multiple libraries were found for &#34;CircularBuffer.h&#34;
  Used: /home/ec2-user/arduino-testlib/cli-datadir/user/libraries/CircularBuffer
  Not used: /home/ec2-user/arduino-testlib/cli-datadir/user/libraries/Dabble
  Not used: /home/ec2-user/arduino-testlib/cli-datadir/user/libraries/MegunoLink
  Not used: /home/ec2-user/arduino-testlib/cli-datadir/user/libraries/OneSheeld
  Not used: /home/ec2-user/arduino-testlib/cli-datadir/user/libraries/DabbleESP32
  Not used: /home/ec2-user/arduino-testlib/cli-datadir/user/libraries/MAX30100_milan
  Not used: /home/ec2-user/arduino-testlib/cli-datadir/user/libraries/BufferUtils
  Not used: /home/ec2-user/arduino-testlib/cli-datadir/user/libraries/MAX30100lib
</pre>
					
					<h4>examples/Nano33BLESensorExample_temperature</h4>
					<p>
						Result: <b>FAIL</b>
					</p>
					<pre class="pre-scrollable">/home/ec2-user/arduino-testlib/cli-datadir/user/libraries/Nano33BLESensor/src/Nano33BLEMicrophoneRMS.cpp:28:10: fatal error: PDM.h: No such file or directory
 #include &lt;PDM.h&gt;
          ^~~~~~~
compilation terminated.
Multiple libraries were found for &#34;CircularBuffer.h&#34;
  Used: /home/ec2-user/arduino-testlib/cli-datadir/user/libraries/CircularBuffer
  Not used: /home/ec2-user/arduino-testlib/cli-datadir/user/libraries/MAX30100lib
  Not used: /home/ec2-user/arduino-testlib/cli-datadir/user/libraries/OneSheeld
  Not used: /home/ec2-user/arduino-testlib/cli-datadir/user/libraries/DabbleESP32
  Not used: /home/ec2-user/arduino-testlib/cli-datadir/user/libraries/BufferUtils
  Not used: /home/ec2-user/arduino-testlib/cli-datadir/user/libraries/MegunoLink
  Not used: /home/ec2-user/arduino-testlib/cli-datadir/user/libraries/MAX30100_milan
  Not used: /home/ec2-user/arduino-testlib/cli-datadir/user/libraries/Dabble
</pre>
					
				
				<h3 id="arduino:samd:mkrwifi1010">arduino:samd:mkrwifi1010 @ 1.8.12</h3>
				<h4>Inclusion</h4>
				<p>
					Result: <b>FAIL</b>
					
				</p>
				<pre class="pre-scrollable">/home/ec2-user/arduino-testlib/cli-datadir/user/libraries/Nano33BLESensor/src/Nano33BLEMicrophoneRMS.cpp:28:10: fatal error: PDM.h: No such file or directory
 #include &lt;PDM.h&gt;
          ^~~~~~~
compilation terminated.
Multiple libraries were found for &#34;CircularBuffer.h&#34;
  Used: /home/ec2-user/arduino-testlib/cli-datadir/user/libraries/CircularBuffer
  Not used: /home/ec2-user/arduino-testlib/cli-datadir/user/libraries/MegunoLink
  Not used: /home/ec2-user/arduino-testlib/cli-datadir/user/libraries/MAX30100_milan
  Not used: /home/ec2-user/arduino-testlib/cli-datadir/user/libraries/OneSheeld
  Not used: /home/ec2-user/arduino-testlib/cli-datadir/user/libraries/MAX30100lib
  Not used: /home/ec2-user/arduino-testlib/cli-datadir/user/libraries/Dabble
  Not used: /home/ec2-user/arduino-testlib/cli-datadir/user/libraries/BufferUtils
  Not used: /home/ec2-user/arduino-testlib/cli-datadir/user/libraries/DabbleESP32
</pre>

					
					<h4>examples/Nano33BLESensorExample_AllSensors-SerialPlotter</h4>
					<p>
						Result: <b>FAIL</b>
					</p>
					<pre class="pre-scrollable">/home/ec2-user/arduino-testlib/cli-datadir/user/libraries/Nano33BLESensor/src/Nano33BLEMicrophoneRMS.cpp:28:10: fatal error: PDM.h: No such file or directory
 #include &lt;PDM.h&gt;
          ^~~~~~~
compilation terminated.
Multiple libraries were found for &#34;CircularBuffer.h&#34;
  Used: /home/ec2-user/arduino-testlib/cli-datadir/user/libraries/CircularBuffer
  Not used: /home/ec2-user/arduino-testlib/cli-datadir/user/libraries/DabbleESP32
  Not used: /home/ec2-user/arduino-testlib/cli-datadir/user/libraries/MAX30100lib
  Not used: /home/ec2-user/arduino-testlib/cli-datadir/user/libraries/Dabble
  Not used: /home/ec2-user/arduino-testlib/cli-datadir/user/libraries/MegunoLink
  Not used: /home/ec2-user/arduino-testlib/cli-datadir/user/libraries/BufferUtils
  Not used: /home/ec2-user/arduino-testlib/cli-datadir/user/libraries/OneSheeld
  Not used: /home/ec2-user/arduino-testlib/cli-datadir/user/libraries/MAX30100_milan
</pre>
					
					<h4>examples/Nano33BLESensorExample_IMU</h4>
					<p>
						Result: <b>FAIL</b>
					</p>
					<pre class="pre-scrollable">/home/ec2-user/arduino-testlib/cli-datadir/user/libraries/Nano33BLESensor/src/Nano33BLEMicrophoneRMS.cpp:28:10: fatal error: PDM.h: No such file or directory
 #include &lt;PDM.h&gt;
          ^~~~~~~
compilation terminated.
Multiple libraries were found for &#34;CircularBuffer.h&#34;
  Used: /home/ec2-user/arduino-testlib/cli-datadir/user/libraries/CircularBuffer
  Not used: /home/ec2-user/arduino-testlib/cli-datadir/user/libraries/Dabble
  Not used: /home/ec2-user/arduino-testlib/cli-datadir/user/libraries/MegunoLink
  Not used: /home/ec2-user/arduino-testlib/cli-datadir/user/libraries/MAX30100lib
  Not used: /home/ec2-user/arduino-testlib/cli-datadir/user/libraries/DabbleESP32
  Not used: /home/ec2-user/arduino-testlib/cli-datadir/user/libraries/BufferUtils
  Not used: /home/ec2-user/arduino-testlib/cli-datadir/user/libraries/OneSheeld
  Not used: /home/ec2-user/arduino-testlib/cli-datadir/user/libraries/MAX30100_milan
</pre>
					
					<h4>examples/Nano33BLESensorExample_accelerometer</h4>
					<p>
						Result: <b>FAIL</b>
					</p>
					<pre class="pre-scrollable">/home/ec2-user/arduino-testlib/cli-datadir/user/libraries/Nano33BLESensor/src/Nano33BLEMicrophoneRMS.cpp:28:10: fatal error: PDM.h: No such file or directory
 #include &lt;PDM.h&gt;
          ^~~~~~~
compilation terminated.
Multiple libraries were found for &#34;CircularBuffer.h&#34;
  Used: /home/ec2-user/arduino-testlib/cli-datadir/user/libraries/CircularBuffer
  Not used: /home/ec2-user/arduino-testlib/cli-datadir/user/libraries/DabbleESP32
  Not used: /home/ec2-user/arduino-testlib/cli-datadir/user/libraries/MegunoLink
  Not used: /home/ec2-user/arduino-testlib/cli-datadir/user/libraries/BufferUtils
  Not used: /home/ec2-user/arduino-testlib/cli-datadir/user/libraries/MAX30100lib
  Not used: /home/ec2-user/arduino-testlib/cli-datadir/user/libraries/Dabble
  Not used: /home/ec2-user/arduino-testlib/cli-datadir/user/libraries/MAX30100_milan
  Not used: /home/ec2-user/arduino-testlib/cli-datadir/user/libraries/OneSheeld
</pre>
					
					<h4>examples/Nano33BLESensorExample_colour</h4>
					<p>
						Result: <b>FAIL</b>
					</p>
					<pre class="pre-scrollable">/home/ec2-user/arduino-testlib/cli-datadir/user/libraries/Nano33BLESensor/src/Nano33BLEMicrophoneRMS.cpp:28:10: fatal error: PDM.h: No such file or directory
 #include &lt;PDM.h&gt;
          ^~~~~~~
compilation terminated.
Multiple libraries were found for &#34;CircularBuffer.h&#34;
  Used: /home/ec2-user/arduino-testlib/cli-datadir/user/libraries/CircularBuffer
  Not used: /home/ec2-user/arduino-testlib/cli-datadir/user/libraries/BufferUtils
  Not used: /home/ec2-user/arduino-testlib/cli-datadir/user/libraries/MAX30100lib
  Not used: /home/ec2-user/arduino-testlib/cli-datadir/user/libraries/Dabble
  Not used: /home/ec2-user/arduino-testlib/cli-datadir/user/libraries/MAX30100_milan
  Not used: /home/ec2-user/arduino-testlib/cli-datadir/user/libraries/OneSheeld
  Not used: /home/ec2-user/arduino-testlib/cli-datadir/user/libraries/DabbleESP32
  Not used: /home/ec2-user/arduino-testlib/cli-datadir/user/libraries/MegunoLink
</pre>
					
					<h4>examples/Nano33BLESensorExample_gesture</h4>
					<p>
						Result: <b>FAIL</b>
					</p>
					<pre class="pre-scrollable">/home/ec2-user/arduino-testlib/cli-datadir/user/libraries/Nano33BLESensor/src/Nano33BLEMicrophoneRMS.cpp:28:10: fatal error: PDM.h: No such file or directory
 #include &lt;PDM.h&gt;
          ^~~~~~~
compilation terminated.
Multiple libraries were found for &#34;CircularBuffer.h&#34;
  Used: /home/ec2-user/arduino-testlib/cli-datadir/user/libraries/CircularBuffer
  Not used: /home/ec2-user/arduino-testlib/cli-datadir/user/libraries/Dabble
  Not used: /home/ec2-user/arduino-testlib/cli-datadir/user/libraries/DabbleESP32
  Not used: /home/ec2-user/arduino-testlib/cli-datadir/user/libraries/MAX30100lib
  Not used: /home/ec2-user/arduino-testlib/cli-datadir/user/libraries/BufferUtils
  Not used: /home/ec2-user/arduino-testlib/cli-datadir/user/libraries/MAX30100_milan
  Not used: /home/ec2-user/arduino-testlib/cli-datadir/user/libraries/MegunoLink
  Not used: /home/ec2-user/arduino-testlib/cli-datadir/user/libraries/OneSheeld
</pre>
					
					<h4>examples/Nano33BLESensorExample_gyroscope</h4>
					<p>
						Result: <b>FAIL</b>
					</p>
					<pre class="pre-scrollable">/home/ec2-user/arduino-testlib/cli-datadir/user/libraries/Nano33BLESensor/src/Nano33BLEMicrophoneRMS.cpp:28:10: fatal error: PDM.h: No such file or directory
 #include &lt;PDM.h&gt;
          ^~~~~~~
compilation terminated.
Multiple libraries were found for &#34;CircularBuffer.h&#34;
  Used: /home/ec2-user/arduino-testlib/cli-datadir/user/libraries/CircularBuffer
  Not used: /home/ec2-user/arduino-testlib/cli-datadir/user/libraries/OneSheeld
  Not used: /home/ec2-user/arduino-testlib/cli-datadir/user/libraries/MAX30100lib
  Not used: /home/ec2-user/arduino-testlib/cli-datadir/user/libraries/BufferUtils
  Not used: /home/ec2-user/arduino-testlib/cli-datadir/user/libraries/MAX30100_milan
  Not used: /home/ec2-user/arduino-testlib/cli-datadir/user/libraries/DabbleESP32
  Not used: /home/ec2-user/arduino-testlib/cli-datadir/user/libraries/MegunoLink
  Not used: /home/ec2-user/arduino-testlib/cli-datadir/user/libraries/Dabble
</pre>
					
					<h4>examples/Nano33BLESensorExample_magnetic</h4>
					<p>
						Result: <b>FAIL</b>
					</p>
					<pre class="pre-scrollable">/home/ec2-user/arduino-testlib/cli-datadir/user/libraries/Nano33BLESensor/src/Nano33BLEMicrophoneRMS.cpp:28:10: fatal error: PDM.h: No such file or directory
 #include &lt;PDM.h&gt;
          ^~~~~~~
compilation terminated.
Multiple libraries were found for &#34;CircularBuffer.h&#34;
  Used: /home/ec2-user/arduino-testlib/cli-datadir/user/libraries/CircularBuffer
  Not used: /home/ec2-user/arduino-testlib/cli-datadir/user/libraries/MAX30100_milan
  Not used: /home/ec2-user/arduino-testlib/cli-datadir/user/libraries/DabbleESP32
  Not used: /home/ec2-user/arduino-testlib/cli-datadir/user/libraries/Dabble
  Not used: /home/ec2-user/arduino-testlib/cli-datadir/user/libraries/MAX30100lib
  Not used: /home/ec2-user/arduino-testlib/cli-datadir/user/libraries/BufferUtils
  Not used: /home/ec2-user/arduino-testlib/cli-datadir/user/libraries/MegunoLink
  Not used: /home/ec2-user/arduino-testlib/cli-datadir/user/libraries/OneSheeld
</pre>
					
					<h4>examples/Nano33BLESensorExample_microphoneRMS</h4>
					<p>
						Result: <b>FAIL</b>
					</p>
					<pre class="pre-scrollable">/home/ec2-user/arduino-testlib/cli-datadir/user/libraries/Nano33BLESensor/src/Nano33BLEMicrophoneRMS.cpp:28:10: fatal error: PDM.h: No such file or directory
 #include &lt;PDM.h&gt;
          ^~~~~~~
compilation terminated.
Multiple libraries were found for &#34;CircularBuffer.h&#34;
  Used: /home/ec2-user/arduino-testlib/cli-datadir/user/libraries/CircularBuffer
  Not used: /home/ec2-user/arduino-testlib/cli-datadir/user/libraries/MAX30100_milan
  Not used: /home/ec2-user/arduino-testlib/cli-datadir/user/libraries/Dabble
  Not used: /home/ec2-user/arduino-testlib/cli-datadir/user/libraries/OneSheeld
  Not used: /home/ec2-user/arduino-testlib/cli-datadir/user/libraries/DabbleESP32
  Not used: /home/ec2-user/arduino-testlib/cli-datadir/user/libraries/MegunoLink
  Not used: /home/ec2-user/arduino-testlib/cli-datadir/user/libraries/MAX30100lib
  Not used: /home/ec2-user/arduino-testlib/cli-datadir/user/libraries/BufferUtils
</pre>
					
					<h4>examples/Nano33BLESensorExample_pressure</h4>
					<p>
						Result: <b>FAIL</b>
					</p>
					<pre class="pre-scrollable">/home/ec2-user/arduino-testlib/cli-datadir/user/libraries/Nano33BLESensor/src/Nano33BLEMicrophoneRMS.cpp:28:10: fatal error: PDM.h: No such file or directory
 #include &lt;PDM.h&gt;
          ^~~~~~~
compilation terminated.
Multiple libraries were found for &#34;CircularBuffer.h&#34;
  Used: /home/ec2-user/arduino-testlib/cli-datadir/user/libraries/CircularBuffer
  Not used: /home/ec2-user/arduino-testlib/cli-datadir/user/libraries/MegunoLink
  Not used: /home/ec2-user/arduino-testlib/cli-datadir/user/libraries/MAX30100lib
  Not used: /home/ec2-user/arduino-testlib/cli-datadir/user/libraries/MAX30100_milan
  Not used: /home/ec2-user/arduino-testlib/cli-datadir/user/libraries/BufferUtils
  Not used: /home/ec2-user/arduino-testlib/cli-datadir/user/libraries/Dabble
  Not used: /home/ec2-user/arduino-testlib/cli-datadir/user/libraries/OneSheeld
  Not used: /home/ec2-user/arduino-testlib/cli-datadir/user/libraries/DabbleESP32
</pre>
					
					<h4>examples/Nano33BLESensorExample_proximity</h4>
					<p>
						Result: <b>FAIL</b>
					</p>
					<pre class="pre-scrollable">/home/ec2-user/arduino-testlib/cli-datadir/user/libraries/Nano33BLESensor/src/Nano33BLEMicrophoneRMS.cpp:28:10: fatal error: PDM.h: No such file or directory
 #include &lt;PDM.h&gt;
          ^~~~~~~
compilation terminated.
Multiple libraries were found for &#34;CircularBuffer.h&#34;
  Used: /home/ec2-user/arduino-testlib/cli-datadir/user/libraries/CircularBuffer
  Not used: /home/ec2-user/arduino-testlib/cli-datadir/user/libraries/MAX30100_milan
  Not used: /home/ec2-user/arduino-testlib/cli-datadir/user/libraries/OneSheeld
  Not used: /home/ec2-user/arduino-testlib/cli-datadir/user/libraries/MegunoLink
  Not used: /home/ec2-user/arduino-testlib/cli-datadir/user/libraries/MAX30100lib
  Not used: /home/ec2-user/arduino-testlib/cli-datadir/user/libraries/Dabble
  Not used: /home/ec2-user/arduino-testlib/cli-datadir/user/libraries/DabbleESP32
  Not used: /home/ec2-user/arduino-testlib/cli-datadir/user/libraries/BufferUtils
</pre>
					
					<h4>examples/Nano33BLESensorExample_temperature</h4>
					<p>
						Result: <b>FAIL</b>
					</p>
					<pre class="pre-scrollable">/home/ec2-user/arduino-testlib/cli-datadir/user/libraries/Nano33BLESensor/src/Nano33BLEMicrophoneRMS.cpp:28:10: fatal error: PDM.h: No such file or directory
 #include &lt;PDM.h&gt;
          ^~~~~~~
compilation terminated.
Multiple libraries were found for &#34;CircularBuffer.h&#34;
  Used: /home/ec2-user/arduino-testlib/cli-datadir/user/libraries/CircularBuffer
  Not used: /home/ec2-user/arduino-testlib/cli-datadir/user/libraries/BufferUtils
  Not used: /home/ec2-user/arduino-testlib/cli-datadir/user/libraries/Dabble
  Not used: /home/ec2-user/arduino-testlib/cli-datadir/user/libraries/MAX30100_milan
  Not used: /home/ec2-user/arduino-testlib/cli-datadir/user/libraries/MegunoLink
  Not used: /home/ec2-user/arduino-testlib/cli-datadir/user/libraries/OneSheeld
  Not used: /home/ec2-user/arduino-testlib/cli-datadir/user/libraries/MAX30100lib
  Not used: /home/ec2-user/arduino-testlib/cli-datadir/user/libraries/DabbleESP32
</pre>
					
				
				<h3 id="esp32:esp32:d1_mini32">esp32:esp32:d1_mini32 @ 1.0.6</h3>
				<h4>Inclusion</h4>
				<p>
					Result: <b>FAIL</b>
					
				</p>
				<pre class="pre-scrollable">/home/ec2-user/arduino-testlib/cli-datadir/user/libraries/Nano33BLESensor/src/Nano33BLEMicrophoneRMS.cpp:28:17: fatal error: PDM.h: No such file or directory
 #include &lt;PDM.h&gt;
                 ^
compilation terminated.
Multiple libraries were found for &#34;CircularBuffer.h&#34;
  Used: /home/ec2-user/arduino-testlib/cli-datadir/user/libraries/CircularBuffer
  Not used: /home/ec2-user/arduino-testlib/cli-datadir/user/libraries/MAX30100_milan
  Not used: /home/ec2-user/arduino-testlib/cli-datadir/user/libraries/BufferUtils
  Not used: /home/ec2-user/arduino-testlib/cli-datadir/user/libraries/MAX30100lib
  Not used: /home/ec2-user/arduino-testlib/cli-datadir/user/libraries/DabbleESP32
  Not used: /home/ec2-user/arduino-testlib/cli-datadir/user/libraries/Dabble
  Not used: /home/ec2-user/arduino-testlib/cli-datadir/user/libraries/MegunoLink
  Not used: /home/ec2-user/arduino-testlib/cli-datadir/user/libraries/OneSheeld
</pre>

					
					<h4>examples/Nano33BLESensorExample_AllSensors-SerialPlotter</h4>
					<p>
						Result: <b>FAIL</b>
					</p>
					<pre class="pre-scrollable">/home/ec2-user/arduino-testlib/cli-datadir/user/libraries/Nano33BLESensor/src/Nano33BLEMicrophoneRMS.cpp:28:17: fatal error: PDM.h: No such file or directory
 #include &lt;PDM.h&gt;
                 ^
compilation terminated.
Multiple libraries were found for &#34;CircularBuffer.h&#34;
  Used: /home/ec2-user/arduino-testlib/cli-datadir/user/libraries/CircularBuffer
  Not used: /home/ec2-user/arduino-testlib/cli-datadir/user/libraries/MegunoLink
  Not used: /home/ec2-user/arduino-testlib/cli-datadir/user/libraries/MAX30100_milan
  Not used: /home/ec2-user/arduino-testlib/cli-datadir/user/libraries/MAX30100lib
  Not used: /home/ec2-user/arduino-testlib/cli-datadir/user/libraries/BufferUtils
  Not used: /home/ec2-user/arduino-testlib/cli-datadir/user/libraries/DabbleESP32
  Not used: /home/ec2-user/arduino-testlib/cli-datadir/user/libraries/OneSheeld
  Not used: /home/ec2-user/arduino-testlib/cli-datadir/user/libraries/Dabble
</pre>
					
					<h4>examples/Nano33BLESensorExample_IMU</h4>
					<p>
						Result: <b>FAIL</b>
					</p>
					<pre class="pre-scrollable">/home/ec2-user/arduino-testlib/cli-datadir/user/libraries/Nano33BLESensor/src/Nano33BLEMicrophoneRMS.cpp:28:17: fatal error: PDM.h: No such file or directory
 #include &lt;PDM.h&gt;
                 ^
compilation terminated.
Multiple libraries were found for &#34;CircularBuffer.h&#34;
  Used: /home/ec2-user/arduino-testlib/cli-datadir/user/libraries/CircularBuffer
  Not used: /home/ec2-user/arduino-testlib/cli-datadir/user/libraries/MegunoLink
  Not used: /home/ec2-user/arduino-testlib/cli-datadir/user/libraries/DabbleESP32
  Not used: /home/ec2-user/arduino-testlib/cli-datadir/user/libraries/BufferUtils
  Not used: /home/ec2-user/arduino-testlib/cli-datadir/user/libraries/Dabble
  Not used: /home/ec2-user/arduino-testlib/cli-datadir/user/libraries/MAX30100lib
  Not used: /home/ec2-user/arduino-testlib/cli-datadir/user/libraries/MAX30100_milan
  Not used: /home/ec2-user/arduino-testlib/cli-datadir/user/libraries/OneSheeld
</pre>
					
					<h4>examples/Nano33BLESensorExample_accelerometer</h4>
					<p>
						Result: <b>FAIL</b>
					</p>
					<pre class="pre-scrollable">/home/ec2-user/arduino-testlib/cli-datadir/user/libraries/Nano33BLESensor/src/Nano33BLEMicrophoneRMS.cpp:28:17: fatal error: PDM.h: No such file or directory
 #include &lt;PDM.h&gt;
                 ^
compilation terminated.
Multiple libraries were found for &#34;CircularBuffer.h&#34;
  Used: /home/ec2-user/arduino-testlib/cli-datadir/user/libraries/CircularBuffer
  Not used: /home/ec2-user/arduino-testlib/cli-datadir/user/libraries/MegunoLink
  Not used: /home/ec2-user/arduino-testlib/cli-datadir/user/libraries/OneSheeld
  Not used: /home/ec2-user/arduino-testlib/cli-datadir/user/libraries/DabbleESP32
  Not used: /home/ec2-user/arduino-testlib/cli-datadir/user/libraries/MAX30100_milan
  Not used: /home/ec2-user/arduino-testlib/cli-datadir/user/libraries/BufferUtils
  Not used: /home/ec2-user/arduino-testlib/cli-datadir/user/libraries/Dabble
  Not used: /home/ec2-user/arduino-testlib/cli-datadir/user/libraries/MAX30100lib
</pre>
					
					<h4>examples/Nano33BLESensorExample_colour</h4>
					<p>
						Result: <b>FAIL</b>
					</p>
					<pre class="pre-scrollable">/home/ec2-user/arduino-testlib/cli-datadir/user/libraries/Nano33BLESensor/src/Nano33BLEMicrophoneRMS.cpp:28:17: fatal error: PDM.h: No such file or directory
 #include &lt;PDM.h&gt;
                 ^
compilation terminated.
Multiple libraries were found for &#34;CircularBuffer.h&#34;
  Used: /home/ec2-user/arduino-testlib/cli-datadir/user/libraries/CircularBuffer
  Not used: /home/ec2-user/arduino-testlib/cli-datadir/user/libraries/Dabble
  Not used: /home/ec2-user/arduino-testlib/cli-datadir/user/libraries/BufferUtils
  Not used: /home/ec2-user/arduino-testlib/cli-datadir/user/libraries/MAX30100_milan
  Not used: /home/ec2-user/arduino-testlib/cli-datadir/user/libraries/MAX30100lib
  Not used: /home/ec2-user/arduino-testlib/cli-datadir/user/libraries/OneSheeld
  Not used: /home/ec2-user/arduino-testlib/cli-datadir/user/libraries/DabbleESP32
  Not used: /home/ec2-user/arduino-testlib/cli-datadir/user/libraries/MegunoLink
</pre>
					
					<h4>examples/Nano33BLESensorExample_gesture</h4>
					<p>
						Result: <b>FAIL</b>
					</p>
					<pre class="pre-scrollable">/home/ec2-user/arduino-testlib/cli-datadir/user/libraries/Nano33BLESensor/src/Nano33BLEMicrophoneRMS.cpp:28:17: fatal error: PDM.h: No such file or directory
 #include &lt;PDM.h&gt;
                 ^
compilation terminated.
Multiple libraries were found for &#34;CircularBuffer.h&#34;
  Used: /home/ec2-user/arduino-testlib/cli-datadir/user/libraries/CircularBuffer
  Not used: /home/ec2-user/arduino-testlib/cli-datadir/user/libraries/BufferUtils
  Not used: /home/ec2-user/arduino-testlib/cli-datadir/user/libraries/DabbleESP32
  Not used: /home/ec2-user/arduino-testlib/cli-datadir/user/libraries/MAX30100lib
  Not used: /home/ec2-user/arduino-testlib/cli-datadir/user/libraries/MAX30100_milan
  Not used: /home/ec2-user/arduino-testlib/cli-datadir/user/libraries/MegunoLink
  Not used: /home/ec2-user/arduino-testlib/cli-datadir/user/libraries/OneSheeld
  Not used: /home/ec2-user/arduino-testlib/cli-datadir/user/libraries/Dabble
</pre>
					
					<h4>examples/Nano33BLESensorExample_gyroscope</h4>
					<p>
						Result: <b>FAIL</b>
					</p>
					<pre class="pre-scrollable">/home/ec2-user/arduino-testlib/cli-datadir/user/libraries/Nano33BLESensor/src/Nano33BLEMicrophoneRMS.cpp:28:17: fatal error: PDM.h: No such file or directory
 #include &lt;PDM.h&gt;
                 ^
compilation terminated.
Multiple libraries were found for &#34;CircularBuffer.h&#34;
  Used: /home/ec2-user/arduino-testlib/cli-datadir/user/libraries/CircularBuffer
  Not used: /home/ec2-user/arduino-testlib/cli-datadir/user/libraries/MegunoLink
  Not used: /home/ec2-user/arduino-testlib/cli-datadir/user/libraries/BufferUtils
  Not used: /home/ec2-user/arduino-testlib/cli-datadir/user/libraries/DabbleESP32
  Not used: /home/ec2-user/arduino-testlib/cli-datadir/user/libraries/Dabble
  Not used: /home/ec2-user/arduino-testlib/cli-datadir/user/libraries/OneSheeld
  Not used: /home/ec2-user/arduino-testlib/cli-datadir/user/libraries/MAX30100_milan
  Not used: /home/ec2-user/arduino-testlib/cli-datadir/user/libraries/MAX30100lib
</pre>
					
					<h4>examples/Nano33BLESensorExample_magnetic</h4>
					<p>
						Result: <b>FAIL</b>
					</p>
					<pre class="pre-scrollable">/home/ec2-user/arduino-testlib/cli-datadir/user/libraries/Nano33BLESensor/src/Nano33BLEMicrophoneRMS.cpp:28:17: fatal error: PDM.h: No such file or directory
 #include &lt;PDM.h&gt;
                 ^
compilation terminated.
Multiple libraries were found for &#34;CircularBuffer.h&#34;
  Used: /home/ec2-user/arduino-testlib/cli-datadir/user/libraries/CircularBuffer
  Not used: /home/ec2-user/arduino-testlib/cli-datadir/user/libraries/MAX30100lib
  Not used: /home/ec2-user/arduino-testlib/cli-datadir/user/libraries/MegunoLink
  Not used: /home/ec2-user/arduino-testlib/cli-datadir/user/libraries/DabbleESP32
  Not used: /home/ec2-user/arduino-testlib/cli-datadir/user/libraries/OneSheeld
  Not used: /home/ec2-user/arduino-testlib/cli-datadir/user/libraries/Dabble
  Not used: /home/ec2-user/arduino-testlib/cli-datadir/user/libraries/MAX30100_milan
  Not used: /home/ec2-user/arduino-testlib/cli-datadir/user/libraries/BufferUtils
</pre>
					
					<h4>examples/Nano33BLESensorExample_microphoneRMS</h4>
					<p>
						Result: <b>FAIL</b>
					</p>
					<pre class="pre-scrollable">/home/ec2-user/arduino-testlib/cli-datadir/user/libraries/Nano33BLESensor/src/Nano33BLEMicrophoneRMS.cpp:28:17: fatal error: PDM.h: No such file or directory
 #include &lt;PDM.h&gt;
                 ^
compilation terminated.
Multiple libraries were found for &#34;CircularBuffer.h&#34;
  Used: /home/ec2-user/arduino-testlib/cli-datadir/user/libraries/CircularBuffer
  Not used: /home/ec2-user/arduino-testlib/cli-datadir/user/libraries/MegunoLink
  Not used: /home/ec2-user/arduino-testlib/cli-datadir/user/libraries/MAX30100lib
  Not used: /home/ec2-user/arduino-testlib/cli-datadir/user/libraries/OneSheeld
  Not used: /home/ec2-user/arduino-testlib/cli-datadir/user/libraries/BufferUtils
  Not used: /home/ec2-user/arduino-testlib/cli-datadir/user/libraries/MAX30100_milan
  Not used: /home/ec2-user/arduino-testlib/cli-datadir/user/libraries/Dabble
  Not used: /home/ec2-user/arduino-testlib/cli-datadir/user/libraries/DabbleESP32
</pre>
					
					<h4>examples/Nano33BLESensorExample_pressure</h4>
					<p>
						Result: <b>FAIL</b>
					</p>
					<pre class="pre-scrollable">/home/ec2-user/arduino-testlib/cli-datadir/user/libraries/Nano33BLESensor/src/Nano33BLEMicrophoneRMS.cpp:28:17: fatal error: PDM.h: No such file or directory
 #include &lt;PDM.h&gt;
                 ^
compilation terminated.
Multiple libraries were found for &#34;CircularBuffer.h&#34;
  Used: /home/ec2-user/arduino-testlib/cli-datadir/user/libraries/CircularBuffer
  Not used: /home/ec2-user/arduino-testlib/cli-datadir/user/libraries/BufferUtils
  Not used: /home/ec2-user/arduino-testlib/cli-datadir/user/libraries/DabbleESP32
  Not used: /home/ec2-user/arduino-testlib/cli-datadir/user/libraries/Dabble
  Not used: /home/ec2-user/arduino-testlib/cli-datadir/user/libraries/OneSheeld
  Not used: /home/ec2-user/arduino-testlib/cli-datadir/user/libraries/MAX30100lib
  Not used: /home/ec2-user/arduino-testlib/cli-datadir/user/libraries/MAX30100_milan
  Not used: /home/ec2-user/arduino-testlib/cli-datadir/user/libraries/MegunoLink
</pre>
					
					<h4>examples/Nano33BLESensorExample_proximity</h4>
					<p>
						Result: <b>FAIL</b>
					</p>
					<pre class="pre-scrollable">/home/ec2-user/arduino-testlib/cli-datadir/user/libraries/Nano33BLESensor/src/Nano33BLEMicrophoneRMS.cpp:28:17: fatal error: PDM.h: No such file or directory
 #include &lt;PDM.h&gt;
                 ^
compilation terminated.
Multiple libraries were found for &#34;CircularBuffer.h&#34;
  Used: /home/ec2-user/arduino-testlib/cli-datadir/user/libraries/CircularBuffer
  Not used: /home/ec2-user/arduino-testlib/cli-datadir/user/libraries/MegunoLink
  Not used: /home/ec2-user/arduino-testlib/cli-datadir/user/libraries/OneSheeld
  Not used: /home/ec2-user/arduino-testlib/cli-datadir/user/libraries/MAX30100lib
  Not used: /home/ec2-user/arduino-testlib/cli-datadir/user/libraries/DabbleESP32
  Not used: /home/ec2-user/arduino-testlib/cli-datadir/user/libraries/Dabble
  Not used: /home/ec2-user/arduino-testlib/cli-datadir/user/libraries/BufferUtils
  Not used: /home/ec2-user/arduino-testlib/cli-datadir/user/libraries/MAX30100_milan
</pre>
					
					<h4>examples/Nano33BLESensorExample_temperature</h4>
					<p>
						Result: <b>FAIL</b>
					</p>
					<pre class="pre-scrollable">/home/ec2-user/arduino-testlib/cli-datadir/user/libraries/Nano33BLESensor/src/Nano33BLEMicrophoneRMS.cpp:28:17: fatal error: PDM.h: No such file or directory
 #include &lt;PDM.h&gt;
                 ^
compilation terminated.
Multiple libraries were found for &#34;CircularBuffer.h&#34;
  Used: /home/ec2-user/arduino-testlib/cli-datadir/user/libraries/CircularBuffer
  Not used: /home/ec2-user/arduino-testlib/cli-datadir/user/libraries/BufferUtils
  Not used: /home/ec2-user/arduino-testlib/cli-datadir/user/libraries/DabbleESP32
  Not used: /home/ec2-user/arduino-testlib/cli-datadir/user/libraries/MegunoLink
  Not used: /home/ec2-user/arduino-testlib/cli-datadir/user/libraries/MAX30100_milan
  Not used: /home/ec2-user/arduino-testlib/cli-datadir/user/libraries/Dabble
  Not used: /home/ec2-user/arduino-testlib/cli-datadir/user/libraries/MAX30100lib
  Not used: /home/ec2-user/arduino-testlib/cli-datadir/user/libraries/OneSheeld
</pre>
					
				
			</div>
		</div>
	</div>
  </body>
</html>
