
<!doctype html>
<html lang="en">
  <head>
    <meta charset="utf-8">
    <meta name="viewport" content="width=device-width, initial-scale=1">
    <link href="https://cdn.jsdelivr.net/npm/bootstrap@5.0.2/dist/css/bootstrap.min.css" rel="stylesheet" integrity="sha384-EVSTQN3/azprG1Anm3QDgpJLIm9Nao0Yz1ztcQTwFspd3yD65VohhpuuCOmLASjC" crossorigin="anonymous">
    <title>arduino-testlib report</title>
	<style>
	.pass { background-color: #00FF00 !important; }
	.fail { background-color: #FF0000 !important; }
	</style>
  </head>
  <body>
	<div class="container">
		<div class="row">
			<div class="col">
				<h1>Nova Fitness Sds dust sensors library - compatibility matrix</h1>
				<p>
					<small>This report was generated on Monday, 21-Feb-22 12:00:25 CET using 
					<a href="https://github.com/alranel/arduino-testlib">arduino-testlib</a>.</small>
				</p>

				<h2>Nova Fitness Sds dust sensors library</h2>
				<p>
					Version: <b>1.5.1</b>
					<br />
					<a href="https://www.arduino.cc/reference/en/libraries/nova-fitness-sds-dust-sensors-library/">More details</a>
				</p>

				<h2>Compatibility matrix</h2>
				<table class="table table-bordered">
					<tr>
						<th>Board</th>
						<th>Claims compatibility</th>
						<th>Inclusion</th>
						
						<th><pre>queryReportingMode</pre></th>
						
						<th><pre>quickstart</pre></th>
						
						<th><pre>customWorkingPeriod</pre></th>
						
						<th><pre>hardwareSerial</pre></th>
						
					</tr>
					
					<tr>
						<td>
							<a href="#arduino%3aavr%3auno"><b>arduino:avr:uno</b></a>
							<br />
							<small>1.8.4</small>
						</td>

						
							<td>Yes</td>
							<td class="pass">PASS</td>
						
						
						
						

						
							
								
									
										
									
										
									
										
											
											<td class="fail">FAIL</td>
										
									
										
									
								
							
								
							
								
							
								
							
								
							
						
							
								
									
										
									
										
									
										
									
										
											
											<td class="fail">FAIL</td>
										
									
								
							
								
							
								
							
								
							
								
							
						
							
								
									
										
											
											<td class="fail">FAIL</td>
										
									
										
									
										
									
										
									
								
							
								
							
								
							
								
							
								
							
						
							
								
									
										
									
										
											
											<td class="fail">FAIL</td>
										
									
										
									
										
									
								
							
								
							
								
							
								
							
								
							
						
					</tr>
					
					<tr>
						<td>
							<a href="#arduino%3ambed_nano%3ananorp2040connect"><b>arduino:mbed_nano:nanorp2040connect</b></a>
							<br />
							<small>2.7.2</small>
						</td>

						
						
						
						
							<td>No</td>
							<td class="fail">FAIL</td>
						

						
							
								
							
								
									
										
									
										
									
										
											
											<td class="fail">FAIL</td>
										
									
										
									
								
							
								
							
								
							
								
							
						
							
								
							
								
									
										
									
										
									
										
									
										
											
											<td class="fail">FAIL</td>
										
									
								
							
								
							
								
							
								
							
						
							
								
							
								
									
										
											
											<td class="fail">FAIL</td>
										
									
										
									
										
									
										
									
								
							
								
							
								
							
								
							
						
							
								
							
								
									
										
									
										
											
											<td class="fail">FAIL</td>
										
									
										
									
										
									
								
							
								
							
								
							
								
							
						
					</tr>
					
					<tr>
						<td>
							<a href="#arduino%3amegaavr%3anona4809"><b>arduino:megaavr:nona4809</b></a>
							<br />
							<small>1.8.7</small>
						</td>

						
						
							<td>No ⚠️</td>
							<td class="pass">PASS</td>
						
						
						

						
							
								
							
								
							
								
									
										
									
										
									
										
											
											<td class="fail">FAIL</td>
										
									
										
									
								
							
								
							
								
							
						
							
								
							
								
							
								
									
										
									
										
									
										
									
										
											
											<td class="fail">FAIL</td>
										
									
								
							
								
							
								
							
						
							
								
							
								
							
								
									
										
											
											<td class="fail">FAIL</td>
										
									
										
									
										
									
										
									
								
							
								
							
								
							
						
							
								
							
								
							
								
									
										
									
										
											<td class="pass">PASS</td>
											
										
									
										
									
										
									
								
							
								
							
								
							
						
					</tr>
					
					<tr>
						<td>
							<a href="#arduino%3asamd%3amkrwifi1010"><b>arduino:samd:mkrwifi1010</b></a>
							<br />
							<small>1.8.12</small>
						</td>

						
							<td>Yes</td>
							<td class="pass">PASS</td>
						
						
						
						

						
							
								
							
								
							
								
							
								
									
										
									
										
									
										
											
											<td class="fail">FAIL</td>
										
									
										
									
								
							
								
							
						
							
								
							
								
							
								
							
								
									
										
									
										
									
										
									
										
											
											<td class="fail">FAIL</td>
										
									
								
							
								
							
						
							
								
							
								
							
								
							
								
									
										
											
											<td class="fail">FAIL</td>
										
									
										
									
										
									
										
									
								
							
								
							
						
							
								
							
								
							
								
							
								
									
										
									
										
											<td class="pass">PASS</td>
											
										
									
										
									
										
									
								
							
								
							
						
					</tr>
					
					<tr>
						<td>
							<a href="#esp32%3aesp32%3ad1_mini32"><b>esp32:esp32:d1_mini32</b></a>
							<br />
							<small>1.0.6</small>
						</td>

						
							<td>Yes</td>
							<td class="pass">PASS</td>
						
						
						
						

						
							
								
							
								
							
								
							
								
							
								
									
										
									
										
									
										
											
											<td class="fail">FAIL</td>
										
									
										
									
								
							
						
							
								
							
								
							
								
							
								
							
								
									
										
									
										
									
										
									
										
											
											<td class="fail">FAIL</td>
										
									
								
							
						
							
								
							
								
							
								
							
								
							
								
									
										
											
											<td class="fail">FAIL</td>
										
									
										
									
										
									
										
									
								
							
						
							
								
							
								
							
								
							
								
							
								
									
										
									
										
											<td class="pass">PASS</td>
											
										
									
										
									
										
									
								
							
						
					</tr>
					
				</table>

				<h2>Compilation logs</h2>
				
				<h3 id="arduino:avr:uno">arduino:avr:uno @ 1.8.4</h3>
				<h4>Inclusion</h4>
				<p>
					Result: <b>PASS</b>
					
					<br />This library has no main header file so an empty one was created.
					
				</p>
				<pre class="pre-scrollable">Sketch uses 2244 bytes (6%) of program storage space. Maximum is 32256 bytes.
Global variables use 174 bytes (8%) of dynamic memory, leaving 1874 bytes for local variables. Maximum is 2048 bytes.
</pre>

					
					<h4>examples/customWorkingPeriod</h4>
					<p>
						Result: <b>FAIL</b>
					</p>
					<pre class="pre-scrollable">/home/ec2-user/arduino-testlib/cli-datadir/user/libraries/Nova_Fitness_Sds_dust_sensors_library/examples/customWorkingPeriod/customWorkingPeriod.ino:3:13: error: &#39;D1&#39; was not declared in this scope
 int rxPin = D1;
             ^~
/home/ec2-user/arduino-testlib/cli-datadir/user/libraries/Nova_Fitness_Sds_dust_sensors_library/examples/customWorkingPeriod/customWorkingPeriod.ino:3:13: note: suggested alternative: &#39;A1&#39;
 int rxPin = D1;
             ^~
             A1
/home/ec2-user/arduino-testlib/cli-datadir/user/libraries/Nova_Fitness_Sds_dust_sensors_library/examples/customWorkingPeriod/customWorkingPeriod.ino:4:13: error: &#39;D2&#39; was not declared in this scope
 int txPin = D2;
             ^~
/home/ec2-user/arduino-testlib/cli-datadir/user/libraries/Nova_Fitness_Sds_dust_sensors_library/examples/customWorkingPeriod/customWorkingPeriod.ino:4:13: note: suggested alternative: &#39;A2&#39;
 int txPin = D2;
             ^~
             A2
Multiple libraries were found for &#34;SoftwareSerial.h&#34;
  Used: /home/ec2-user/arduino-testlib/cli-datadir/data/packages/arduino/hardware/avr/1.8.4/libraries/SoftwareSerial
  Not used: /home/ec2-user/arduino-testlib/cli-datadir/user/libraries/Dabble
  Not used: /home/ec2-user/arduino-testlib/cli-datadir/user/libraries/EspSoftwareSerial
  Not used: /home/ec2-user/arduino-testlib/cli-datadir/user/libraries/Printoo_Library
</pre>
					
					<h4>examples/hardwareSerial</h4>
					<p>
						Result: <b>FAIL</b>
					</p>
					<pre class="pre-scrollable">/home/ec2-user/arduino-testlib/cli-datadir/user/libraries/Nova_Fitness_Sds_dust_sensors_library/examples/hardwareSerial/hardwareSerial.ino:4:19: error: &#39;Serial1&#39; was not declared in this scope
 SdsDustSensor sds(Serial1); // passing HardwareSerial&amp; as parameter
                   ^~~~~~~
/home/ec2-user/arduino-testlib/cli-datadir/user/libraries/Nova_Fitness_Sds_dust_sensors_library/examples/hardwareSerial/hardwareSerial.ino:4:19: note: suggested alternative: &#39;Serial&#39;
 SdsDustSensor sds(Serial1); // passing HardwareSerial&amp; as parameter
                   ^~~~~~~
                   Serial
Multiple libraries were found for &#34;SoftwareSerial.h&#34;
  Used: /home/ec2-user/arduino-testlib/cli-datadir/data/packages/arduino/hardware/avr/1.8.4/libraries/SoftwareSerial
  Not used: /home/ec2-user/arduino-testlib/cli-datadir/user/libraries/Printoo_Library
  Not used: /home/ec2-user/arduino-testlib/cli-datadir/user/libraries/EspSoftwareSerial
  Not used: /home/ec2-user/arduino-testlib/cli-datadir/user/libraries/Dabble
</pre>
					
					<h4>examples/queryReportingMode</h4>
					<p>
						Result: <b>FAIL</b>
					</p>
					<pre class="pre-scrollable">/home/ec2-user/arduino-testlib/cli-datadir/user/libraries/Nova_Fitness_Sds_dust_sensors_library/examples/queryReportingMode/queryReportingMode.ino:3:13: error: &#39;D1&#39; was not declared in this scope
 int rxPin = D1;
             ^~
/home/ec2-user/arduino-testlib/cli-datadir/user/libraries/Nova_Fitness_Sds_dust_sensors_library/examples/queryReportingMode/queryReportingMode.ino:3:13: note: suggested alternative: &#39;A1&#39;
 int rxPin = D1;
             ^~
             A1
/home/ec2-user/arduino-testlib/cli-datadir/user/libraries/Nova_Fitness_Sds_dust_sensors_library/examples/queryReportingMode/queryReportingMode.ino:4:13: error: &#39;D2&#39; was not declared in this scope
 int txPin = D2;
             ^~
/home/ec2-user/arduino-testlib/cli-datadir/user/libraries/Nova_Fitness_Sds_dust_sensors_library/examples/queryReportingMode/queryReportingMode.ino:4:13: note: suggested alternative: &#39;A2&#39;
 int txPin = D2;
             ^~
             A2
Multiple libraries were found for &#34;SoftwareSerial.h&#34;
  Used: /home/ec2-user/arduino-testlib/cli-datadir/data/packages/arduino/hardware/avr/1.8.4/libraries/SoftwareSerial
  Not used: /home/ec2-user/arduino-testlib/cli-datadir/user/libraries/Dabble
  Not used: /home/ec2-user/arduino-testlib/cli-datadir/user/libraries/Printoo_Library
  Not used: /home/ec2-user/arduino-testlib/cli-datadir/user/libraries/EspSoftwareSerial
</pre>
					
					<h4>examples/quickstart</h4>
					<p>
						Result: <b>FAIL</b>
					</p>
					<pre class="pre-scrollable">/home/ec2-user/arduino-testlib/cli-datadir/user/libraries/Nova_Fitness_Sds_dust_sensors_library/examples/quickstart/quickstart.ino:3:13: error: &#39;D1&#39; was not declared in this scope
 int rxPin = D1;
             ^~
/home/ec2-user/arduino-testlib/cli-datadir/user/libraries/Nova_Fitness_Sds_dust_sensors_library/examples/quickstart/quickstart.ino:3:13: note: suggested alternative: &#39;A1&#39;
 int rxPin = D1;
             ^~
             A1
/home/ec2-user/arduino-testlib/cli-datadir/user/libraries/Nova_Fitness_Sds_dust_sensors_library/examples/quickstart/quickstart.ino:4:13: error: &#39;D2&#39; was not declared in this scope
 int txPin = D2;
             ^~
/home/ec2-user/arduino-testlib/cli-datadir/user/libraries/Nova_Fitness_Sds_dust_sensors_library/examples/quickstart/quickstart.ino:4:13: note: suggested alternative: &#39;A2&#39;
 int txPin = D2;
             ^~
             A2
Multiple libraries were found for &#34;SoftwareSerial.h&#34;
  Used: /home/ec2-user/arduino-testlib/cli-datadir/data/packages/arduino/hardware/avr/1.8.4/libraries/SoftwareSerial
  Not used: /home/ec2-user/arduino-testlib/cli-datadir/user/libraries/EspSoftwareSerial
  Not used: /home/ec2-user/arduino-testlib/cli-datadir/user/libraries/Printoo_Library
  Not used: /home/ec2-user/arduino-testlib/cli-datadir/user/libraries/Dabble
</pre>
					
				
				<h3 id="arduino:mbed_nano:nanorp2040connect">arduino:mbed_nano:nanorp2040connect @ 2.7.2</h3>
				<h4>Inclusion</h4>
				<p>
					Result: <b>FAIL</b>
					
				</p>
				<pre class="pre-scrollable">/home/ec2-user/arduino-testlib/cli-datadir/user/libraries/Dabble/src/SoftwareSerial.cpp:45:10: fatal error: util/delay_basic.h: No such file or directory
 #include &lt;util/delay_basic.h&gt;
          ^~~~~~~~~~~~~~~~~~~~
compilation terminated.
Multiple libraries were found for &#34;SoftwareSerial.h&#34;
  Used: /home/ec2-user/arduino-testlib/cli-datadir/user/libraries/Dabble
  Not used: /home/ec2-user/arduino-testlib/cli-datadir/user/libraries/Printoo_Library
  Not used: /home/ec2-user/arduino-testlib/cli-datadir/user/libraries/EspSoftwareSerial
</pre>

					
					<h4>examples/customWorkingPeriod</h4>
					<p>
						Result: <b>FAIL</b>
					</p>
					<pre class="pre-scrollable">/home/ec2-user/arduino-testlib/cli-datadir/user/libraries/Dabble/src/SoftwareSerial.cpp:45:10: fatal error: util/delay_basic.h: No such file or directory
 #include &lt;util/delay_basic.h&gt;
          ^~~~~~~~~~~~~~~~~~~~
compilation terminated.
Multiple libraries were found for &#34;SoftwareSerial.h&#34;
  Used: /home/ec2-user/arduino-testlib/cli-datadir/user/libraries/Dabble
  Not used: /home/ec2-user/arduino-testlib/cli-datadir/user/libraries/Printoo_Library
  Not used: /home/ec2-user/arduino-testlib/cli-datadir/user/libraries/EspSoftwareSerial
</pre>
					
					<h4>examples/hardwareSerial</h4>
					<p>
						Result: <b>FAIL</b>
					</p>
					<pre class="pre-scrollable">/home/ec2-user/arduino-testlib/cli-datadir/user/libraries/Dabble/src/SoftwareSerial.cpp:45:10: fatal error: util/delay_basic.h: No such file or directory
 #include &lt;util/delay_basic.h&gt;
          ^~~~~~~~~~~~~~~~~~~~
compilation terminated.
Multiple libraries were found for &#34;SoftwareSerial.h&#34;
  Used: /home/ec2-user/arduino-testlib/cli-datadir/user/libraries/Dabble
  Not used: /home/ec2-user/arduino-testlib/cli-datadir/user/libraries/Printoo_Library
  Not used: /home/ec2-user/arduino-testlib/cli-datadir/user/libraries/EspSoftwareSerial
</pre>
					
					<h4>examples/queryReportingMode</h4>
					<p>
						Result: <b>FAIL</b>
					</p>
					<pre class="pre-scrollable">/home/ec2-user/arduino-testlib/cli-datadir/user/libraries/Dabble/src/SoftwareSerial.cpp:45:10: fatal error: util/delay_basic.h: No such file or directory
 #include &lt;util/delay_basic.h&gt;
          ^~~~~~~~~~~~~~~~~~~~
compilation terminated.
Multiple libraries were found for &#34;SoftwareSerial.h&#34;
  Used: /home/ec2-user/arduino-testlib/cli-datadir/user/libraries/Dabble
  Not used: /home/ec2-user/arduino-testlib/cli-datadir/user/libraries/EspSoftwareSerial
  Not used: /home/ec2-user/arduino-testlib/cli-datadir/user/libraries/Printoo_Library
</pre>
					
					<h4>examples/quickstart</h4>
					<p>
						Result: <b>FAIL</b>
					</p>
					<pre class="pre-scrollable">/home/ec2-user/arduino-testlib/cli-datadir/user/libraries/Dabble/src/SoftwareSerial.cpp:45:10: fatal error: util/delay_basic.h: No such file or directory
 #include &lt;util/delay_basic.h&gt;
          ^~~~~~~~~~~~~~~~~~~~
compilation terminated.
Multiple libraries were found for &#34;SoftwareSerial.h&#34;
  Used: /home/ec2-user/arduino-testlib/cli-datadir/user/libraries/Dabble
  Not used: /home/ec2-user/arduino-testlib/cli-datadir/user/libraries/EspSoftwareSerial
  Not used: /home/ec2-user/arduino-testlib/cli-datadir/user/libraries/Printoo_Library
</pre>
					
				
				<h3 id="arduino:megaavr:nona4809">arduino:megaavr:nona4809 @ 1.8.7</h3>
				<h4>Inclusion</h4>
				<p>
					Result: <b>PASS</b>
					
				</p>
				<pre class="pre-scrollable">WARNING: library Nova_Fitness_Sds_dust_sensors_library claims to run on avr, esp8266, esp32, sam, samd architecture(s) and may be incompatible with your current board which runs on megaavr architecture(s).
Sketch uses 3112 bytes (6%) of program storage space. Maximum is 49152 bytes.
Global variables use 229 bytes (3%) of dynamic memory, leaving 5915 bytes for local variables. Maximum is 6144 bytes.
</pre>

					
					<h4>examples/customWorkingPeriod</h4>
					<p>
						Result: <b>FAIL</b>
					</p>
					<pre class="pre-scrollable">WARNING: library Nova_Fitness_Sds_dust_sensors_library claims to run on avr, esp8266, esp32, sam, samd architecture(s) and may be incompatible with your current board which runs on megaavr architecture(s).
/home/ec2-user/arduino-testlib/cli-datadir/user/libraries/Nova_Fitness_Sds_dust_sensors_library/examples/customWorkingPeriod/customWorkingPeriod.ino:3:13: error: &#39;D1&#39; was not declared in this scope
 int rxPin = D1;
             ^~
/home/ec2-user/arduino-testlib/cli-datadir/user/libraries/Nova_Fitness_Sds_dust_sensors_library/examples/customWorkingPeriod/customWorkingPeriod.ino:3:13: note: suggested alternative: &#39;A1&#39;
 int rxPin = D1;
             ^~
             A1
/home/ec2-user/arduino-testlib/cli-datadir/user/libraries/Nova_Fitness_Sds_dust_sensors_library/examples/customWorkingPeriod/customWorkingPeriod.ino:4:13: error: &#39;D2&#39; was not declared in this scope
 int txPin = D2;
             ^~
/home/ec2-user/arduino-testlib/cli-datadir/user/libraries/Nova_Fitness_Sds_dust_sensors_library/examples/customWorkingPeriod/customWorkingPeriod.ino:4:13: note: suggested alternative: &#39;A2&#39;
 int txPin = D2;
             ^~
             A2
Multiple libraries were found for &#34;SoftwareSerial.h&#34;
  Used: /home/ec2-user/arduino-testlib/cli-datadir/data/packages/arduino/hardware/megaavr/1.8.7/libraries/SoftwareSerial
  Not used: /home/ec2-user/arduino-testlib/cli-datadir/user/libraries/EspSoftwareSerial
  Not used: /home/ec2-user/arduino-testlib/cli-datadir/user/libraries/Printoo_Library
  Not used: /home/ec2-user/arduino-testlib/cli-datadir/user/libraries/Dabble
</pre>
					
					<h4>examples/hardwareSerial</h4>
					<p>
						Result: <b>PASS</b>
					</p>
					<pre class="pre-scrollable">WARNING: library Nova_Fitness_Sds_dust_sensors_library claims to run on avr, esp8266, esp32, sam, samd architecture(s) and may be incompatible with your current board which runs on megaavr architecture(s).
Sketch uses 11729 bytes (23%) of program storage space. Maximum is 49152 bytes.
Global variables use 557 bytes (9%) of dynamic memory, leaving 5587 bytes for local variables. Maximum is 6144 bytes.
</pre>
					
					<h4>examples/queryReportingMode</h4>
					<p>
						Result: <b>FAIL</b>
					</p>
					<pre class="pre-scrollable">WARNING: library Nova_Fitness_Sds_dust_sensors_library claims to run on avr, esp8266, esp32, sam, samd architecture(s) and may be incompatible with your current board which runs on megaavr architecture(s).
/home/ec2-user/arduino-testlib/cli-datadir/user/libraries/Nova_Fitness_Sds_dust_sensors_library/examples/queryReportingMode/queryReportingMode.ino:3:13: error: &#39;D1&#39; was not declared in this scope
 int rxPin = D1;
             ^~
/home/ec2-user/arduino-testlib/cli-datadir/user/libraries/Nova_Fitness_Sds_dust_sensors_library/examples/queryReportingMode/queryReportingMode.ino:3:13: note: suggested alternative: &#39;A1&#39;
 int rxPin = D1;
             ^~
             A1
/home/ec2-user/arduino-testlib/cli-datadir/user/libraries/Nova_Fitness_Sds_dust_sensors_library/examples/queryReportingMode/queryReportingMode.ino:4:13: error: &#39;D2&#39; was not declared in this scope
 int txPin = D2;
             ^~
/home/ec2-user/arduino-testlib/cli-datadir/user/libraries/Nova_Fitness_Sds_dust_sensors_library/examples/queryReportingMode/queryReportingMode.ino:4:13: note: suggested alternative: &#39;A2&#39;
 int txPin = D2;
             ^~
             A2
Multiple libraries were found for &#34;SoftwareSerial.h&#34;
  Used: /home/ec2-user/arduino-testlib/cli-datadir/data/packages/arduino/hardware/megaavr/1.8.7/libraries/SoftwareSerial
  Not used: /home/ec2-user/arduino-testlib/cli-datadir/user/libraries/Dabble
  Not used: /home/ec2-user/arduino-testlib/cli-datadir/user/libraries/Printoo_Library
  Not used: /home/ec2-user/arduino-testlib/cli-datadir/user/libraries/EspSoftwareSerial
</pre>
					
					<h4>examples/quickstart</h4>
					<p>
						Result: <b>FAIL</b>
					</p>
					<pre class="pre-scrollable">WARNING: library Nova_Fitness_Sds_dust_sensors_library claims to run on avr, esp8266, esp32, sam, samd architecture(s) and may be incompatible with your current board which runs on megaavr architecture(s).
/home/ec2-user/arduino-testlib/cli-datadir/user/libraries/Nova_Fitness_Sds_dust_sensors_library/examples/quickstart/quickstart.ino:3:13: error: &#39;D1&#39; was not declared in this scope
 int rxPin = D1;
             ^~
/home/ec2-user/arduino-testlib/cli-datadir/user/libraries/Nova_Fitness_Sds_dust_sensors_library/examples/quickstart/quickstart.ino:3:13: note: suggested alternative: &#39;A1&#39;
 int rxPin = D1;
             ^~
             A1
/home/ec2-user/arduino-testlib/cli-datadir/user/libraries/Nova_Fitness_Sds_dust_sensors_library/examples/quickstart/quickstart.ino:4:13: error: &#39;D2&#39; was not declared in this scope
 int txPin = D2;
             ^~
/home/ec2-user/arduino-testlib/cli-datadir/user/libraries/Nova_Fitness_Sds_dust_sensors_library/examples/quickstart/quickstart.ino:4:13: note: suggested alternative: &#39;A2&#39;
 int txPin = D2;
             ^~
             A2
Multiple libraries were found for &#34;SoftwareSerial.h&#34;
  Used: /home/ec2-user/arduino-testlib/cli-datadir/data/packages/arduino/hardware/megaavr/1.8.7/libraries/SoftwareSerial
  Not used: /home/ec2-user/arduino-testlib/cli-datadir/user/libraries/Dabble
  Not used: /home/ec2-user/arduino-testlib/cli-datadir/user/libraries/Printoo_Library
  Not used: /home/ec2-user/arduino-testlib/cli-datadir/user/libraries/EspSoftwareSerial
</pre>
					
				
				<h3 id="arduino:samd:mkrwifi1010">arduino:samd:mkrwifi1010 @ 1.8.12</h3>
				<h4>Inclusion</h4>
				<p>
					Result: <b>PASS</b>
					
					<br />This library has no main header file so an empty one was created.
					
				</p>
				<pre class="pre-scrollable">Sketch uses 13816 bytes (5%) of program storage space. Maximum is 262144 bytes.
Global variables use 3276 bytes (9%) of dynamic memory, leaving 29492 bytes for local variables. Maximum is 32768 bytes.
</pre>

					
					<h4>examples/customWorkingPeriod</h4>
					<p>
						Result: <b>FAIL</b>
					</p>
					<pre class="pre-scrollable">/home/ec2-user/arduino-testlib/cli-datadir/user/libraries/Nova_Fitness_Sds_dust_sensors_library/examples/customWorkingPeriod/customWorkingPeriod.ino:3:13: error: &#39;D1&#39; was not declared in this scope
 int rxPin = D1;
             ^~
/home/ec2-user/arduino-testlib/cli-datadir/user/libraries/Nova_Fitness_Sds_dust_sensors_library/examples/customWorkingPeriod/customWorkingPeriod.ino:3:13: note: suggested alternative: &#39;A1&#39;
 int rxPin = D1;
             ^~
             A1
/home/ec2-user/arduino-testlib/cli-datadir/user/libraries/Nova_Fitness_Sds_dust_sensors_library/examples/customWorkingPeriod/customWorkingPeriod.ino:4:13: error: &#39;D2&#39; was not declared in this scope
 int txPin = D2;
             ^~
/home/ec2-user/arduino-testlib/cli-datadir/user/libraries/Nova_Fitness_Sds_dust_sensors_library/examples/customWorkingPeriod/customWorkingPeriod.ino:4:13: note: suggested alternative: &#39;A2&#39;
 int txPin = D2;
             ^~
             A2
/home/ec2-user/arduino-testlib/cli-datadir/user/libraries/Nova_Fitness_Sds_dust_sensors_library/examples/customWorkingPeriod/customWorkingPeriod.ino:5:31: error: no matching function for call to &#39;SdsDustSensor::SdsDustSensor(int&amp;, int&amp;)&#39;
 SdsDustSensor sds(rxPin, txPin);
                               ^
In file included from /home/ec2-user/arduino-testlib/cli-datadir/user/libraries/Nova_Fitness_Sds_dust_sensors_library/examples/customWorkingPeriod/customWorkingPeriod.ino:1:0:
/home/ec2-user/arduino-testlib/cli-datadir/user/libraries/Nova_Fitness_Sds_dust_sensors_library/src/SdsDustSensor.h:60:3: note: candidate: SdsDustSensor::SdsDustSensor(arduino::HardwareSerial&amp;, int, int)
   SdsDustSensor(HardwareSerial &amp;hardwareSerial,
   ^~~~~~~~~~~~~
/home/ec2-user/arduino-testlib/cli-datadir/user/libraries/Nova_Fitness_Sds_dust_sensors_library/src/SdsDustSensor.h:60:3: note:   no known conversion for argument 1 from &#39;int&#39; to &#39;arduino::HardwareSerial&amp;&#39;
/home/ec2-user/arduino-testlib/cli-datadir/user/libraries/Nova_Fitness_Sds_dust_sensors_library/src/SdsDustSensor.h:36:7: note: candidate: constexpr SdsDustSensor::SdsDustSensor(const SdsDustSensor&amp;)
 class SdsDustSensor {
       ^~~~~~~~~~~~~
/home/ec2-user/arduino-testlib/cli-datadir/user/libraries/Nova_Fitness_Sds_dust_sensors_library/src/SdsDustSensor.h:36:7: note:   candidate expects 1 argument, 2 provided

</pre>
					
					<h4>examples/hardwareSerial</h4>
					<p>
						Result: <b>PASS</b>
					</p>
					<pre class="pre-scrollable">Sketch uses 34036 bytes (12%) of program storage space. Maximum is 262144 bytes.
Global variables use 3672 bytes (11%) of dynamic memory, leaving 29096 bytes for local variables. Maximum is 32768 bytes.
</pre>
					
					<h4>examples/queryReportingMode</h4>
					<p>
						Result: <b>FAIL</b>
					</p>
					<pre class="pre-scrollable">/home/ec2-user/arduino-testlib/cli-datadir/user/libraries/Nova_Fitness_Sds_dust_sensors_library/examples/queryReportingMode/queryReportingMode.ino:3:13: error: &#39;D1&#39; was not declared in this scope
 int rxPin = D1;
             ^~
/home/ec2-user/arduino-testlib/cli-datadir/user/libraries/Nova_Fitness_Sds_dust_sensors_library/examples/queryReportingMode/queryReportingMode.ino:3:13: note: suggested alternative: &#39;A1&#39;
 int rxPin = D1;
             ^~
             A1
/home/ec2-user/arduino-testlib/cli-datadir/user/libraries/Nova_Fitness_Sds_dust_sensors_library/examples/queryReportingMode/queryReportingMode.ino:4:13: error: &#39;D2&#39; was not declared in this scope
 int txPin = D2;
             ^~
/home/ec2-user/arduino-testlib/cli-datadir/user/libraries/Nova_Fitness_Sds_dust_sensors_library/examples/queryReportingMode/queryReportingMode.ino:4:13: note: suggested alternative: &#39;A2&#39;
 int txPin = D2;
             ^~
             A2
/home/ec2-user/arduino-testlib/cli-datadir/user/libraries/Nova_Fitness_Sds_dust_sensors_library/examples/queryReportingMode/queryReportingMode.ino:5:31: error: no matching function for call to &#39;SdsDustSensor::SdsDustSensor(int&amp;, int&amp;)&#39;
 SdsDustSensor sds(rxPin, txPin);
                               ^
In file included from /home/ec2-user/arduino-testlib/cli-datadir/user/libraries/Nova_Fitness_Sds_dust_sensors_library/examples/queryReportingMode/queryReportingMode.ino:1:0:
/home/ec2-user/arduino-testlib/cli-datadir/user/libraries/Nova_Fitness_Sds_dust_sensors_library/src/SdsDustSensor.h:60:3: note: candidate: SdsDustSensor::SdsDustSensor(arduino::HardwareSerial&amp;, int, int)
   SdsDustSensor(HardwareSerial &amp;hardwareSerial,
   ^~~~~~~~~~~~~
/home/ec2-user/arduino-testlib/cli-datadir/user/libraries/Nova_Fitness_Sds_dust_sensors_library/src/SdsDustSensor.h:60:3: note:   no known conversion for argument 1 from &#39;int&#39; to &#39;arduino::HardwareSerial&amp;&#39;
/home/ec2-user/arduino-testlib/cli-datadir/user/libraries/Nova_Fitness_Sds_dust_sensors_library/src/SdsDustSensor.h:36:7: note: candidate: constexpr SdsDustSensor::SdsDustSensor(const SdsDustSensor&amp;)
 class SdsDustSensor {
       ^~~~~~~~~~~~~
/home/ec2-user/arduino-testlib/cli-datadir/user/libraries/Nova_Fitness_Sds_dust_sensors_library/src/SdsDustSensor.h:36:7: note:   candidate expects 1 argument, 2 provided

</pre>
					
					<h4>examples/quickstart</h4>
					<p>
						Result: <b>FAIL</b>
					</p>
					<pre class="pre-scrollable">/home/ec2-user/arduino-testlib/cli-datadir/user/libraries/Nova_Fitness_Sds_dust_sensors_library/examples/quickstart/quickstart.ino:3:13: error: &#39;D1&#39; was not declared in this scope
 int rxPin = D1;
             ^~
/home/ec2-user/arduino-testlib/cli-datadir/user/libraries/Nova_Fitness_Sds_dust_sensors_library/examples/quickstart/quickstart.ino:3:13: note: suggested alternative: &#39;A1&#39;
 int rxPin = D1;
             ^~
             A1
/home/ec2-user/arduino-testlib/cli-datadir/user/libraries/Nova_Fitness_Sds_dust_sensors_library/examples/quickstart/quickstart.ino:4:13: error: &#39;D2&#39; was not declared in this scope
 int txPin = D2;
             ^~
/home/ec2-user/arduino-testlib/cli-datadir/user/libraries/Nova_Fitness_Sds_dust_sensors_library/examples/quickstart/quickstart.ino:4:13: note: suggested alternative: &#39;A2&#39;
 int txPin = D2;
             ^~
             A2
/home/ec2-user/arduino-testlib/cli-datadir/user/libraries/Nova_Fitness_Sds_dust_sensors_library/examples/quickstart/quickstart.ino:5:31: error: no matching function for call to &#39;SdsDustSensor::SdsDustSensor(int&amp;, int&amp;)&#39;
 SdsDustSensor sds(rxPin, txPin);
                               ^
In file included from /home/ec2-user/arduino-testlib/cli-datadir/user/libraries/Nova_Fitness_Sds_dust_sensors_library/examples/quickstart/quickstart.ino:1:0:
/home/ec2-user/arduino-testlib/cli-datadir/user/libraries/Nova_Fitness_Sds_dust_sensors_library/src/SdsDustSensor.h:60:3: note: candidate: SdsDustSensor::SdsDustSensor(arduino::HardwareSerial&amp;, int, int)
   SdsDustSensor(HardwareSerial &amp;hardwareSerial,
   ^~~~~~~~~~~~~
/home/ec2-user/arduino-testlib/cli-datadir/user/libraries/Nova_Fitness_Sds_dust_sensors_library/src/SdsDustSensor.h:60:3: note:   no known conversion for argument 1 from &#39;int&#39; to &#39;arduino::HardwareSerial&amp;&#39;
/home/ec2-user/arduino-testlib/cli-datadir/user/libraries/Nova_Fitness_Sds_dust_sensors_library/src/SdsDustSensor.h:36:7: note: candidate: constexpr SdsDustSensor::SdsDustSensor(const SdsDustSensor&amp;)
 class SdsDustSensor {
       ^~~~~~~~~~~~~
/home/ec2-user/arduino-testlib/cli-datadir/user/libraries/Nova_Fitness_Sds_dust_sensors_library/src/SdsDustSensor.h:36:7: note:   candidate expects 1 argument, 2 provided

</pre>
					
				
				<h3 id="esp32:esp32:d1_mini32">esp32:esp32:d1_mini32 @ 1.0.6</h3>
				<h4>Inclusion</h4>
				<p>
					Result: <b>PASS</b>
					
				</p>
				<pre class="pre-scrollable">Sketch uses 200718 bytes (15%) of program storage space. Maximum is 1310720 bytes.
Global variables use 13372 bytes (4%) of dynamic memory, leaving 314308 bytes for local variables. Maximum is 327680 bytes.
</pre>

					
					<h4>examples/customWorkingPeriod</h4>
					<p>
						Result: <b>FAIL</b>
					</p>
					<pre class="pre-scrollable">/home/ec2-user/arduino-testlib/cli-datadir/user/libraries/Nova_Fitness_Sds_dust_sensors_library/examples/customWorkingPeriod/customWorkingPeriod.ino:5:31: error: invalid initialization of non-const reference of type &#39;HardwareSerial&amp;&#39; from an rvalue of type &#39;HardwareSerial&#39;
 SdsDustSensor sds(rxPin, txPin);
                               ^
In file included from /home/ec2-user/arduino-testlib/cli-datadir/data/packages/esp32/hardware/esp32/1.0.6/cores/esp32/Arduino.h:154:0,
                 from /tmp/arduino-sketch-08A2C1B3525F42507C1FCFC685B7C118/sketch/customWorkingPeriod.ino.cpp:1:
/home/ec2-user/arduino-testlib/cli-datadir/data/packages/esp32/hardware/esp32/1.0.6/cores/esp32/HardwareSerial.h:56:5: note:   after user-defined conversion: HardwareSerial::HardwareSerial(int)
     HardwareSerial(int uart_nr);
     ^
In file included from /home/ec2-user/arduino-testlib/cli-datadir/user/libraries/Nova_Fitness_Sds_dust_sensors_library/examples/customWorkingPeriod/customWorkingPeriod.ino:1:0:
/home/ec2-user/arduino-testlib/cli-datadir/user/libraries/Nova_Fitness_Sds_dust_sensors_library/src/SdsDustSensor.h:60:3: note:   initializing argument 1 of &#39;SdsDustSensor::SdsDustSensor(HardwareSerial&amp;, int, int)&#39;
   SdsDustSensor(HardwareSerial &amp;hardwareSerial,
   ^

</pre>
					
					<h4>examples/hardwareSerial</h4>
					<p>
						Result: <b>PASS</b>
					</p>
					<pre class="pre-scrollable">Sketch uses 211306 bytes (16%) of program storage space. Maximum is 1310720 bytes.
Global variables use 13720 bytes (4%) of dynamic memory, leaving 313960 bytes for local variables. Maximum is 327680 bytes.
</pre>
					
					<h4>examples/queryReportingMode</h4>
					<p>
						Result: <b>FAIL</b>
					</p>
					<pre class="pre-scrollable">/home/ec2-user/arduino-testlib/cli-datadir/user/libraries/Nova_Fitness_Sds_dust_sensors_library/examples/queryReportingMode/queryReportingMode.ino:5:31: error: invalid initialization of non-const reference of type &#39;HardwareSerial&amp;&#39; from an rvalue of type &#39;HardwareSerial&#39;
 SdsDustSensor sds(rxPin, txPin);
                               ^
In file included from /home/ec2-user/arduino-testlib/cli-datadir/data/packages/esp32/hardware/esp32/1.0.6/cores/esp32/Arduino.h:154:0,
                 from /tmp/arduino-sketch-D6C69E4FEEB502A3B44B75B704DDC289/sketch/queryReportingMode.ino.cpp:1:
/home/ec2-user/arduino-testlib/cli-datadir/data/packages/esp32/hardware/esp32/1.0.6/cores/esp32/HardwareSerial.h:56:5: note:   after user-defined conversion: HardwareSerial::HardwareSerial(int)
     HardwareSerial(int uart_nr);
     ^
In file included from /home/ec2-user/arduino-testlib/cli-datadir/user/libraries/Nova_Fitness_Sds_dust_sensors_library/examples/queryReportingMode/queryReportingMode.ino:1:0:
/home/ec2-user/arduino-testlib/cli-datadir/user/libraries/Nova_Fitness_Sds_dust_sensors_library/src/SdsDustSensor.h:60:3: note:   initializing argument 1 of &#39;SdsDustSensor::SdsDustSensor(HardwareSerial&amp;, int, int)&#39;
   SdsDustSensor(HardwareSerial &amp;hardwareSerial,
   ^

</pre>
					
					<h4>examples/quickstart</h4>
					<p>
						Result: <b>FAIL</b>
					</p>
					<pre class="pre-scrollable">/home/ec2-user/arduino-testlib/cli-datadir/user/libraries/Nova_Fitness_Sds_dust_sensors_library/examples/quickstart/quickstart.ino:5:31: error: invalid initialization of non-const reference of type &#39;HardwareSerial&amp;&#39; from an rvalue of type &#39;HardwareSerial&#39;
 SdsDustSensor sds(rxPin, txPin);
                               ^
In file included from /home/ec2-user/arduino-testlib/cli-datadir/data/packages/esp32/hardware/esp32/1.0.6/cores/esp32/Arduino.h:154:0,
                 from /tmp/arduino-sketch-EEAE3762E7D14DBF46040348CC625F58/sketch/quickstart.ino.cpp:1:
/home/ec2-user/arduino-testlib/cli-datadir/data/packages/esp32/hardware/esp32/1.0.6/cores/esp32/HardwareSerial.h:56:5: note:   after user-defined conversion: HardwareSerial::HardwareSerial(int)
     HardwareSerial(int uart_nr);
     ^
In file included from /home/ec2-user/arduino-testlib/cli-datadir/user/libraries/Nova_Fitness_Sds_dust_sensors_library/examples/quickstart/quickstart.ino:1:0:
/home/ec2-user/arduino-testlib/cli-datadir/user/libraries/Nova_Fitness_Sds_dust_sensors_library/src/SdsDustSensor.h:60:3: note:   initializing argument 1 of &#39;SdsDustSensor::SdsDustSensor(HardwareSerial&amp;, int, int)&#39;
   SdsDustSensor(HardwareSerial &amp;hardwareSerial,
   ^

</pre>
					
				
			</div>
		</div>
	</div>
  </body>
</html>
