
<!doctype html>
<html lang="en">
  <head>
    <meta charset="utf-8">
    <meta name="viewport" content="width=device-width, initial-scale=1">
    <link href="https://cdn.jsdelivr.net/npm/bootstrap@5.0.2/dist/css/bootstrap.min.css" rel="stylesheet" integrity="sha384-EVSTQN3/azprG1Anm3QDgpJLIm9Nao0Yz1ztcQTwFspd3yD65VohhpuuCOmLASjC" crossorigin="anonymous">
    <title>arduino-testlib report</title>
	<style>
	.pass { background-color: #00FF00 !important; }
	.fail { background-color: #FF0000 !important; }
	</style>
  </head>
  <body>
	<div class="container">
		<div class="row">
			<div class="col">
				<h1>nRF905 Radio Library - compatibility matrix</h1>
				<p>
					<small>This report was generated on Monday, 21-Feb-22 12:00:25 CET using 
					<a href="https://github.com/alranel/arduino-testlib">arduino-testlib</a>.</small>
				</p>

				<h2>nRF905 Radio Library</h2>
				<p>
					Version: <b>4.0.2</b>
					<br />
					<a href="https://www.arduino.cc/reference/en/libraries/nrf905-radio-library/">More details</a>
				</p>

				<h2>Compatibility matrix</h2>
				<table class="table table-bordered">
					<tr>
						<th>Board</th>
						<th>Claims compatibility</th>
						<th>Inclusion</th>
						
						<th><pre>ping_server</pre></th>
						
						<th><pre>wirelessSerialLink</pre></th>
						
						<th><pre>callbacks_irq</pre></th>
						
						<th><pre>debug</pre></th>
						
						<th><pre>lowpwr_node_baseStation</pre></th>
						
						<th><pre>lowpwr_node_sensor</pre></th>
						
						<th><pre>ping_client</pre></th>
						
					</tr>
					
					<tr>
						<td>
							<a href="#arduino%3aavr%3auno"><b>arduino:avr:uno</b></a>
							<br />
							<small>1.8.4</small>
						</td>

						
							<td>Yes</td>
							<td class="pass">PASS</td>
						
						
						
						

						
							
								
									
										
									
										
									
										
									
										
									
										
									
										
											<td class="pass">PASS</td>
											
										
									
										
									
								
							
								
							
								
							
								
							
								
							
						
							
								
									
										
									
										
									
										
									
										
									
										
									
										
									
										
											
											<td class="fail">FAIL</td>
										
									
								
							
								
							
								
							
								
							
								
							
						
							
								
									
										
											
											<td class="fail">FAIL</td>
										
									
										
									
										
									
										
									
										
									
										
									
										
									
								
							
								
							
								
							
								
							
								
							
						
							
								
									
										
									
										
											<td class="pass">PASS</td>
											
										
									
										
									
										
									
										
									
										
									
										
									
								
							
								
							
								
							
								
							
								
							
						
							
								
									
										
									
										
									
										
											<td class="pass">PASS</td>
											
										
									
										
									
										
									
										
									
										
									
								
							
								
							
								
							
								
							
								
							
						
							
								
									
										
									
										
									
										
									
										
											<td class="pass">PASS</td>
											
										
									
										
									
										
									
										
									
								
							
								
							
								
							
								
							
								
							
						
							
								
									
										
									
										
									
										
									
										
									
										
											<td class="pass">PASS</td>
											
										
									
										
									
										
									
								
							
								
							
								
							
								
							
								
							
						
					</tr>
					
					<tr>
						<td>
							<a href="#arduino%3ambed_nano%3ananorp2040connect"><b>arduino:mbed_nano:nanorp2040connect</b></a>
							<br />
							<small>2.7.2</small>
						</td>

						
						
						
							<td>Yes ⚠️</td>
							<td class="fail">FAIL</td>
						
						

						
							
								
							
								
									
										
									
										
									
										
									
										
									
										
									
										
											
											<td class="fail">FAIL</td>
										
									
										
									
								
							
								
							
								
							
								
							
						
							
								
							
								
									
										
									
										
									
										
									
										
									
										
									
										
									
										
											
											<td class="fail">FAIL</td>
										
									
								
							
								
							
								
							
								
							
						
							
								
							
								
									
										
											
											<td class="fail">FAIL</td>
										
									
										
									
										
									
										
									
										
									
										
									
										
									
								
							
								
							
								
							
								
							
						
							
								
							
								
									
										
									
										
											
											<td class="fail">FAIL</td>
										
									
										
									
										
									
										
									
										
									
										
									
								
							
								
							
								
							
								
							
						
							
								
							
								
									
										
									
										
									
										
											
											<td class="fail">FAIL</td>
										
									
										
									
										
									
										
									
										
									
								
							
								
							
								
							
								
							
						
							
								
							
								
									
										
									
										
									
										
									
										
											
											<td class="fail">FAIL</td>
										
									
										
									
										
									
										
									
								
							
								
							
								
							
								
							
						
							
								
							
								
									
										
									
										
									
										
									
										
									
										
											
											<td class="fail">FAIL</td>
										
									
										
									
										
									
								
							
								
							
								
							
								
							
						
					</tr>
					
					<tr>
						<td>
							<a href="#arduino%3amegaavr%3anona4809"><b>arduino:megaavr:nona4809</b></a>
							<br />
							<small>1.8.7</small>
						</td>

						
						
						
							<td>Yes ⚠️</td>
							<td class="fail">FAIL</td>
						
						

						
							
								
							
								
							
								
									
										
									
										
									
										
									
										
									
										
									
										
											
											<td class="fail">FAIL</td>
										
									
										
									
								
							
								
							
								
							
						
							
								
							
								
							
								
									
										
									
										
									
										
									
										
									
										
									
										
									
										
											
											<td class="fail">FAIL</td>
										
									
								
							
								
							
								
							
						
							
								
							
								
							
								
									
										
											
											<td class="fail">FAIL</td>
										
									
										
									
										
									
										
									
										
									
										
									
										
									
								
							
								
							
								
							
						
							
								
							
								
							
								
									
										
									
										
											
											<td class="fail">FAIL</td>
										
									
										
									
										
									
										
									
										
									
										
									
								
							
								
							
								
							
						
							
								
							
								
							
								
									
										
									
										
									
										
											
											<td class="fail">FAIL</td>
										
									
										
									
										
									
										
									
										
									
								
							
								
							
								
							
						
							
								
							
								
							
								
									
										
									
										
									
										
									
										
											
											<td class="fail">FAIL</td>
										
									
										
									
										
									
										
									
								
							
								
							
								
							
						
							
								
							
								
							
								
									
										
									
										
									
										
									
										
									
										
											
											<td class="fail">FAIL</td>
										
									
										
									
										
									
								
							
								
							
								
							
						
					</tr>
					
					<tr>
						<td>
							<a href="#arduino%3asamd%3amkrwifi1010"><b>arduino:samd:mkrwifi1010</b></a>
							<br />
							<small>1.8.12</small>
						</td>

						
						
						
							<td>Yes ⚠️</td>
							<td class="fail">FAIL</td>
						
						

						
							
								
							
								
							
								
							
								
									
										
									
										
									
										
									
										
									
										
									
										
											
											<td class="fail">FAIL</td>
										
									
										
									
								
							
								
							
						
							
								
							
								
							
								
							
								
									
										
									
										
									
										
									
										
									
										
									
										
									
										
											
											<td class="fail">FAIL</td>
										
									
								
							
								
							
						
							
								
							
								
							
								
							
								
									
										
											
											<td class="fail">FAIL</td>
										
									
										
									
										
									
										
									
										
									
										
									
										
									
								
							
								
							
						
							
								
							
								
							
								
							
								
									
										
									
										
											
											<td class="fail">FAIL</td>
										
									
										
									
										
									
										
									
										
									
										
									
								
							
								
							
						
							
								
							
								
							
								
							
								
									
										
									
										
									
										
											
											<td class="fail">FAIL</td>
										
									
										
									
										
									
										
									
										
									
								
							
								
							
						
							
								
							
								
							
								
							
								
									
										
									
										
									
										
									
										
											
											<td class="fail">FAIL</td>
										
									
										
									
										
									
										
									
								
							
								
							
						
							
								
							
								
							
								
							
								
									
										
									
										
									
										
									
										
									
										
											
											<td class="fail">FAIL</td>
										
									
										
									
										
									
								
							
								
							
						
					</tr>
					
					<tr>
						<td>
							<a href="#esp32%3aesp32%3ad1_mini32"><b>esp32:esp32:d1_mini32</b></a>
							<br />
							<small>1.0.6</small>
						</td>

						
							<td>Yes</td>
							<td class="pass">PASS</td>
						
						
						
						

						
							
								
							
								
							
								
							
								
							
								
									
										
									
										
									
										
									
										
									
										
									
										
											<td class="pass">PASS</td>
											
										
									
										
									
								
							
						
							
								
							
								
							
								
							
								
							
								
									
										
									
										
									
										
									
										
									
										
									
										
									
										
											
											<td class="fail">FAIL</td>
										
									
								
							
						
							
								
							
								
							
								
							
								
							
								
									
										
											
											<td class="fail">FAIL</td>
										
									
										
									
										
									
										
									
										
									
										
									
										
									
								
							
						
							
								
							
								
							
								
							
								
							
								
									
										
									
										
											<td class="pass">PASS</td>
											
										
									
										
									
										
									
										
									
										
									
										
									
								
							
						
							
								
							
								
							
								
							
								
							
								
									
										
									
										
									
										
											
											<td class="fail">FAIL</td>
										
									
										
									
										
									
										
									
										
									
								
							
						
							
								
							
								
							
								
							
								
							
								
									
										
									
										
									
										
									
										
											
											<td class="fail">FAIL</td>
										
									
										
									
										
									
										
									
								
							
						
							
								
							
								
							
								
							
								
							
								
									
										
									
										
									
										
									
										
									
										
											<td class="pass">PASS</td>
											
										
									
										
									
										
									
								
							
						
					</tr>
					
				</table>

				<h2>Compilation logs</h2>
				
				<h3 id="arduino:avr:uno">arduino:avr:uno @ 1.8.4</h3>
				<h4>Inclusion</h4>
				<p>
					Result: <b>PASS</b>
					
				</p>
				<pre class="pre-scrollable">Sketch uses 628 bytes (1%) of program storage space. Maximum is 32256 bytes.
Global variables use 13 bytes (0%) of dynamic memory, leaving 2035 bytes for local variables. Maximum is 2048 bytes.
</pre>

					
					<h4>examples/callbacks_irq</h4>
					<p>
						Result: <b>FAIL</b>
					</p>
					<pre class="pre-scrollable">/home/ec2-user/arduino-testlib/cli-datadir/user/libraries/nRF905_Radio_Library/examples/callbacks_irq/callbacks_irq.ino: In function &#39;void NRF905_CB_RXCOMPLETE()&#39;:
/home/ec2-user/arduino-testlib/cli-datadir/user/libraries/nRF905_Radio_Library/examples/callbacks_irq/callbacks_irq.ino:27:2: error: &#39;nRF905_read&#39; was not declared in this scope
  nRF905_read(buffer, sizeof(buffer));
  ^~~~~~~~~~~
/home/ec2-user/arduino-testlib/cli-datadir/user/libraries/nRF905_Radio_Library/examples/callbacks_irq/callbacks_irq.ino:27:2: note: suggested alternative: &#39;nRF905_crc_t&#39;
  nRF905_read(buffer, sizeof(buffer));
  ^~~~~~~~~~~
  nRF905_crc_t
/home/ec2-user/arduino-testlib/cli-datadir/user/libraries/nRF905_Radio_Library/examples/callbacks_irq/callbacks_irq.ino: In function &#39;void setup()&#39;:
/home/ec2-user/arduino-testlib/cli-datadir/user/libraries/nRF905_Radio_Library/examples/callbacks_irq/callbacks_irq.ino:68:2: error: &#39;nRF905_init&#39; was not declared in this scope
  nRF905_init();
  ^~~~~~~~~~~
/home/ec2-user/arduino-testlib/cli-datadir/user/libraries/nRF905_Radio_Library/examples/callbacks_irq/callbacks_irq.ino:68:2: note: suggested alternative: &#39;nRF905_crc_t&#39;
  nRF905_init();
  ^~~~~~~~~~~
  nRF905_crc_t
/home/ec2-user/arduino-testlib/cli-datadir/user/libraries/nRF905_Radio_Library/examples/callbacks_irq/callbacks_irq.ino:70:2: error: &#39;nRF905_RX&#39; was not declared in this scope
  nRF905_RX();
  ^~~~~~~~~
/home/ec2-user/arduino-testlib/cli-datadir/user/libraries/nRF905_Radio_Library/examples/callbacks_irq/callbacks_irq.ino:70:2: note: suggested alternative: &#39;nRF905&#39;
  nRF905_RX();
  ^~~~~~~~~
  nRF905
/home/ec2-user/arduino-testlib/cli-datadir/user/libraries/nRF905_Radio_Library/examples/callbacks_irq/callbacks_irq.ino: In function &#39;void loop()&#39;:
/home/ec2-user/arduino-testlib/cli-datadir/user/libraries/nRF905_Radio_Library/examples/callbacks_irq/callbacks_irq.ino:87:2: error: &#39;nRF905_TX&#39; was not declared in this scope
  nRF905_TX(TXADDR, testData, sizeof(testData), NRF905_NEXTMODE_STANDBY); // Transmit and go to standby mode once sent (the NRF905_CB_TXCOMPLETE callback only works if the next mode is standby)
  ^~~~~~~~~
/home/ec2-user/arduino-testlib/cli-datadir/user/libraries/nRF905_Radio_Library/examples/callbacks_irq/callbacks_irq.ino:87:2: note: suggested alternative: &#39;nRF905&#39;
  nRF905_TX(TXADDR, testData, sizeof(testData), NRF905_NEXTMODE_STANDBY); // Transmit and go to standby mode once sent (the NRF905_CB_TXCOMPLETE callback only works if the next mode is standby)
  ^~~~~~~~~
  nRF905
/home/ec2-user/arduino-testlib/cli-datadir/user/libraries/nRF905_Radio_Library/examples/callbacks_irq/callbacks_irq.ino:94:2: error: &#39;NRF905_NO_INTERRUPT&#39; was not declared in this scope
  NRF905_NO_INTERRUPT()
  ^~~~~~~~~~~~~~~~~~~
/home/ec2-user/arduino-testlib/cli-datadir/user/libraries/nRF905_Radio_Library/examples/callbacks_irq/callbacks_irq.ino:94:2: note: suggested alternative: &#39;NOT_AN_INTERRUPT&#39;
  NRF905_NO_INTERRUPT()
  ^~~~~~~~~~~~~~~~~~~
  NOT_AN_INTERRUPT

</pre>
					
					<h4>examples/debug</h4>
					<p>
						Result: <b>PASS</b>
					</p>
					<pre class="pre-scrollable">Sketch uses 4948 bytes (15%) of program storage space. Maximum is 32256 bytes.
Global variables use 330 bytes (16%) of dynamic memory, leaving 1718 bytes for local variables. Maximum is 2048 bytes.
</pre>
					
					<h4>examples/lowpwr_node_baseStation</h4>
					<p>
						Result: <b>PASS</b>
					</p>
					<pre class="pre-scrollable">Sketch uses 4358 bytes (13%) of program storage space. Maximum is 32256 bytes.
Global variables use 272 bytes (13%) of dynamic memory, leaving 1776 bytes for local variables. Maximum is 2048 bytes.
</pre>
					
					<h4>examples/lowpwr_node_sensor</h4>
					<p>
						Result: <b>PASS</b>
					</p>
					<pre class="pre-scrollable">Sketch uses 4138 bytes (12%) of program storage space. Maximum is 32256 bytes.
Global variables use 221 bytes (10%) of dynamic memory, leaving 1827 bytes for local variables. Maximum is 2048 bytes.
</pre>
					
					<h4>examples/ping_client</h4>
					<p>
						Result: <b>PASS</b>
					</p>
					<pre class="pre-scrollable">Sketch uses 4852 bytes (15%) of program storage space. Maximum is 32256 bytes.
Global variables use 238 bytes (11%) of dynamic memory, leaving 1810 bytes for local variables. Maximum is 2048 bytes.
</pre>
					
					<h4>examples/ping_server</h4>
					<p>
						Result: <b>PASS</b>
					</p>
					<pre class="pre-scrollable">Sketch uses 4552 bytes (14%) of program storage space. Maximum is 32256 bytes.
Global variables use 229 bytes (11%) of dynamic memory, leaving 1819 bytes for local variables. Maximum is 2048 bytes.
</pre>
					
					<h4>examples/wirelessSerialLink</h4>
					<p>
						Result: <b>FAIL</b>
					</p>
					<pre class="pre-scrollable">/home/ec2-user/arduino-testlib/cli-datadir/user/libraries/nRF905_Radio_Library/examples/wirelessSerialLink/wirelessSerialLink.ino:40:18: error: &#39;NRF905_ADDR_SIZE&#39; was not declared in this scope
  byte dstAddress[NRF905_ADDR_SIZE];
                  ^~~~~~~~~~~~~~~~
/home/ec2-user/arduino-testlib/cli-datadir/user/libraries/nRF905_Radio_Library/examples/wirelessSerialLink/wirelessSerialLink.ino:40:18: note: suggested alternative: &#39;NRF905_ADDR_SIZE_RX&#39;
  byte dstAddress[NRF905_ADDR_SIZE];
                  ^~~~~~~~~~~~~~~~
                  NRF905_ADDR_SIZE_RX
/home/ec2-user/arduino-testlib/cli-datadir/user/libraries/nRF905_Radio_Library/examples/wirelessSerialLink/wirelessSerialLink.ino: In function &#39;void NRF905_CB_RXCOMPLETE()&#39;:
/home/ec2-user/arduino-testlib/cli-datadir/user/libraries/nRF905_Radio_Library/examples/wirelessSerialLink/wirelessSerialLink.ino:52:2: error: &#39;nRF905_read&#39; was not declared in this scope
  nRF905_read((byte*)newData, sizeof(newData));
  ^~~~~~~~~~~
/home/ec2-user/arduino-testlib/cli-datadir/user/libraries/nRF905_Radio_Library/examples/wirelessSerialLink/wirelessSerialLink.ino:52:2: note: suggested alternative: &#39;nRF905_crc_t&#39;
  nRF905_read((byte*)newData, sizeof(newData));
  ^~~~~~~~~~~
  nRF905_crc_t
/home/ec2-user/arduino-testlib/cli-datadir/user/libraries/nRF905_Radio_Library/examples/wirelessSerialLink/wirelessSerialLink.ino: In function &#39;void NRF905_CB_TXCOMPLETE()&#39;:
/home/ec2-user/arduino-testlib/cli-datadir/user/libraries/nRF905_Radio_Library/examples/wirelessSerialLink/wirelessSerialLink.ino:59:2: error: &#39;nRF905_RX&#39; was not declared in this scope
  nRF905_RX();
  ^~~~~~~~~
/home/ec2-user/arduino-testlib/cli-datadir/user/libraries/nRF905_Radio_Library/examples/wirelessSerialLink/wirelessSerialLink.ino:59:2: note: suggested alternative: &#39;nRF905&#39;
  nRF905_RX();
  ^~~~~~~~~
  nRF905
/home/ec2-user/arduino-testlib/cli-datadir/user/libraries/nRF905_Radio_Library/examples/wirelessSerialLink/wirelessSerialLink.ino: In function &#39;void setup()&#39;:
/home/ec2-user/arduino-testlib/cli-datadir/user/libraries/nRF905_Radio_Library/examples/wirelessSerialLink/wirelessSerialLink.ino:65:2: error: &#39;nRF905_init&#39; was not declared in this scope
  nRF905_init();
  ^~~~~~~~~~~
/home/ec2-user/arduino-testlib/cli-datadir/user/libraries/nRF905_Radio_Library/examples/wirelessSerialLink/wirelessSerialLink.ino:65:2: note: suggested alternative: &#39;nRF905_crc_t&#39;
  nRF905_init();
  ^~~~~~~~~~~
  nRF905_crc_t
/home/ec2-user/arduino-testlib/cli-datadir/user/libraries/nRF905_Radio_Library/examples/wirelessSerialLink/wirelessSerialLink.ino:68:2: error: &#39;nRF905_RX&#39; was not declared in this scope
  nRF905_RX();
  ^~~~~~~~~
/home/ec2-user/arduino-testlib/cli-datadir/user/libraries/nRF905_Radio_Library/examples/wirelessSerialLink/wirelessSerialLink.ino:68:2: note: suggested alternative: &#39;nRF905&#39;
  nRF905_RX();
  ^~~~~~~~~
  nRF905
/home/ec2-user/arduino-testlib/cli-datadir/user/libraries/nRF905_Radio_Library/examples/wirelessSerialLink/wirelessSerialLink.ino: In function &#39;void sendPacket(void*)&#39;:
/home/ec2-user/arduino-testlib/cli-datadir/user/libraries/nRF905_Radio_Library/examples/wirelessSerialLink/wirelessSerialLink.ino:162:9: error: &#39;nRF905_TX&#39; was not declared in this scope
  while(!nRF905_TX(NRF905_DEFAULT_TXADDR, tmpBuff, totalLength, NRF905_NEXTMODE_STANDBY));
         ^~~~~~~~~
/home/ec2-user/arduino-testlib/cli-datadir/user/libraries/nRF905_Radio_Library/examples/wirelessSerialLink/wirelessSerialLink.ino:162:9: note: suggested alternative: &#39;nRF905&#39;
  while(!nRF905_TX(NRF905_DEFAULT_TXADDR, tmpBuff, totalLength, NRF905_NEXTMODE_STANDBY));
         ^~~~~~~~~
         nRF905
/home/ec2-user/arduino-testlib/cli-datadir/user/libraries/nRF905_Radio_Library/examples/wirelessSerialLink/wirelessSerialLink.ino: In function &#39;bool getPacket(void*)&#39;:
/home/ec2-user/arduino-testlib/cli-datadir/user/libraries/nRF905_Radio_Library/examples/wirelessSerialLink/wirelessSerialLink.ino:176:2: error: &#39;NRF905_NO_INTERRUPT&#39; was not declared in this scope
  NRF905_NO_INTERRUPT()
  ^~~~~~~~~~~~~~~~~~~
/home/ec2-user/arduino-testlib/cli-datadir/user/libraries/nRF905_Radio_Library/examples/wirelessSerialLink/wirelessSerialLink.ino:176:2: note: suggested alternative: &#39;NOT_AN_INTERRUPT&#39;
  NRF905_NO_INTERRUPT()
  ^~~~~~~~~~~~~~~~~~~
  NOT_AN_INTERRUPT

</pre>
					
				
				<h3 id="arduino:mbed_nano:nanorp2040connect">arduino:mbed_nano:nanorp2040connect @ 2.7.2</h3>
				<h4>Inclusion</h4>
				<p>
					Result: <b>FAIL</b>
					
				</p>
				<pre class="pre-scrollable">In file included from /tmp/arduino-testlib954028707/test/test.ino:1:0:
/home/ec2-user/arduino-testlib/cli-datadir/user/libraries/nRF905_Radio_Library/src/nRF905.h:179:12: error: cannot declare parameter &#39;spi&#39; to be of abstract type &#39;arduino::HardwareSPI&#39;
   SPIClass spi,
            ^~~
In file included from /home/ec2-user/arduino-testlib/cli-datadir/data/packages/arduino/hardware/mbed_nano/2.7.2/libraries/SPI/SPI.h:22:0,
                 from /home/ec2-user/arduino-testlib/cli-datadir/user/libraries/nRF905_Radio_Library/src/nRF905.h:13,
                 from /tmp/arduino-testlib954028707/test/test.ino:1:
/home/ec2-user/arduino-testlib/cli-datadir/data/packages/arduino/hardware/mbed_nano/2.7.2/cores/arduino/api/HardwareSPI.h:104:7: note:   because the following virtual functions are pure within &#39;arduino::HardwareSPI&#39;:
 class HardwareSPI
       ^~~~~~~~~~~
/home/ec2-user/arduino-testlib/cli-datadir/data/packages/arduino/hardware/mbed_nano/2.7.2/cores/arduino/api/HardwareSPI.h:109:21: note: 	virtual uint8_t arduino::HardwareSPI::transfer(uint8_t)
     virtual uint8_t transfer(uint8_t data) = 0;
                     ^~~~~~~~
/home/ec2-user/arduino-testlib/cli-datadir/data/packages/arduino/hardware/mbed_nano/2.7.2/cores/arduino/api/HardwareSPI.h:110:22: note: 	virtual uint16_t arduino::HardwareSPI::transfer16(uint16_t)
     virtual uint16_t transfer16(uint16_t data) = 0;
                      ^~~~~~~~~~
/home/ec2-user/arduino-testlib/cli-datadir/data/packages/arduino/hardware/mbed_nano/2.7.2/cores/arduino/api/HardwareSPI.h:111:18: note: 	virtual void arduino::HardwareSPI::transfer(void*, size_t)
     virtual void transfer(void *buf, size_t count) = 0;
                  ^~~~~~~~
/home/ec2-user/arduino-testlib/cli-datadir/data/packages/arduino/hardware/mbed_nano/2.7.2/cores/arduino/api/HardwareSPI.h:114:18: note: 	virtual void arduino::HardwareSPI::usingInterrupt(int)
     virtual void usingInterrupt(int interruptNumber) = 0;
                  ^~~~~~~~~~~~~~
/home/ec2-user/arduino-testlib/cli-datadir/data/packages/arduino/hardware/mbed_nano/2.7.2/cores/arduino/api/HardwareSPI.h:115:18: note: 	virtual void arduino::HardwareSPI::notUsingInterrupt(int)
     virtual void notUsingInterrupt(int interruptNumber) = 0;
                  ^~~~~~~~~~~~~~~~~
/home/ec2-user/arduino-testlib/cli-datadir/data/packages/arduino/hardware/mbed_nano/2.7.2/cores/arduino/api/HardwareSPI.h:116:18: note: 	virtual void arduino::HardwareSPI::beginTransaction(arduino::SPISettings)
     virtual void beginTransaction(SPISettings settings) = 0;
                  ^~~~~~~~~~~~~~~~
/home/ec2-user/arduino-testlib/cli-datadir/data/packages/arduino/hardware/mbed_nano/2.7.2/cores/arduino/api/HardwareSPI.h:117:18: note: 	virtual void arduino::HardwareSPI::endTransaction()
     virtual void endTransaction(void) = 0;
                  ^~~~~~~~~~~~~~
/home/ec2-user/arduino-testlib/cli-datadir/data/packages/arduino/hardware/mbed_nano/2.7.2/cores/arduino/api/HardwareSPI.h:120:18: note: 	virtual void arduino::HardwareSPI::attachInterrupt()
     virtual void attachInterrupt() = 0;
                  ^~~~~~~~~~~~~~~
/home/ec2-user/arduino-testlib/cli-datadir/data/packages/arduino/hardware/mbed_nano/2.7.2/cores/arduino/api/HardwareSPI.h:121:18: note: 	virtual void arduino::HardwareSPI::detachInterrupt()
     virtual void detachInterrupt() = 0;
                  ^~~~~~~~~~~~~~~
/home/ec2-user/arduino-testlib/cli-datadir/data/packages/arduino/hardware/mbed_nano/2.7.2/cores/arduino/api/HardwareSPI.h:123:18: note: 	virtual void arduino::HardwareSPI::begin()
     virtual void begin() = 0;
                  ^~~~~
/home/ec2-user/arduino-testlib/cli-datadir/data/packages/arduino/hardware/mbed_nano/2.7.2/cores/arduino/api/HardwareSPI.h:124:18: note: 	virtual void arduino::HardwareSPI::end()
     virtual void end() = 0;
                  ^~~
In file included from /tmp/arduino-testlib954028707/test/test.ino:1:0:
/home/ec2-user/arduino-testlib/cli-datadir/user/libraries/nRF905_Radio_Library/src/nRF905.h:102:11: error: cannot declare field &#39;nRF905::spi&#39; to be of abstract type &#39;arduino::HardwareSPI&#39;
  SPIClass spi;
           ^~~

</pre>

					
					<h4>examples/callbacks_irq</h4>
					<p>
						Result: <b>FAIL</b>
					</p>
					<pre class="pre-scrollable">In file included from /home/ec2-user/arduino-testlib/cli-datadir/user/libraries/nRF905_Radio_Library/examples/callbacks_irq/callbacks_irq.ino:17:0:
/home/ec2-user/arduino-testlib/cli-datadir/user/libraries/nRF905_Radio_Library/src/nRF905.h:179:12: error: cannot declare parameter &#39;spi&#39; to be of abstract type &#39;arduino::HardwareSPI&#39;
   SPIClass spi,
            ^~~
In file included from /home/ec2-user/arduino-testlib/cli-datadir/data/packages/arduino/hardware/mbed_nano/2.7.2/libraries/SPI/SPI.h:22:0,
                 from /home/ec2-user/arduino-testlib/cli-datadir/user/libraries/nRF905_Radio_Library/src/nRF905.h:13,
                 from /home/ec2-user/arduino-testlib/cli-datadir/user/libraries/nRF905_Radio_Library/examples/callbacks_irq/callbacks_irq.ino:17:
/home/ec2-user/arduino-testlib/cli-datadir/data/packages/arduino/hardware/mbed_nano/2.7.2/cores/arduino/api/HardwareSPI.h:104:7: note:   because the following virtual functions are pure within &#39;arduino::HardwareSPI&#39;:
 class HardwareSPI
       ^~~~~~~~~~~
/home/ec2-user/arduino-testlib/cli-datadir/data/packages/arduino/hardware/mbed_nano/2.7.2/cores/arduino/api/HardwareSPI.h:109:21: note: 	virtual uint8_t arduino::HardwareSPI::transfer(uint8_t)
     virtual uint8_t transfer(uint8_t data) = 0;
                     ^~~~~~~~
/home/ec2-user/arduino-testlib/cli-datadir/data/packages/arduino/hardware/mbed_nano/2.7.2/cores/arduino/api/HardwareSPI.h:110:22: note: 	virtual uint16_t arduino::HardwareSPI::transfer16(uint16_t)
     virtual uint16_t transfer16(uint16_t data) = 0;
                      ^~~~~~~~~~
/home/ec2-user/arduino-testlib/cli-datadir/data/packages/arduino/hardware/mbed_nano/2.7.2/cores/arduino/api/HardwareSPI.h:111:18: note: 	virtual void arduino::HardwareSPI::transfer(void*, size_t)
     virtual void transfer(void *buf, size_t count) = 0;
                  ^~~~~~~~
/home/ec2-user/arduino-testlib/cli-datadir/data/packages/arduino/hardware/mbed_nano/2.7.2/cores/arduino/api/HardwareSPI.h:114:18: note: 	virtual void arduino::HardwareSPI::usingInterrupt(int)
     virtual void usingInterrupt(int interruptNumber) = 0;
                  ^~~~~~~~~~~~~~
/home/ec2-user/arduino-testlib/cli-datadir/data/packages/arduino/hardware/mbed_nano/2.7.2/cores/arduino/api/HardwareSPI.h:115:18: note: 	virtual void arduino::HardwareSPI::notUsingInterrupt(int)
     virtual void notUsingInterrupt(int interruptNumber) = 0;
                  ^~~~~~~~~~~~~~~~~
/home/ec2-user/arduino-testlib/cli-datadir/data/packages/arduino/hardware/mbed_nano/2.7.2/cores/arduino/api/HardwareSPI.h:116:18: note: 	virtual void arduino::HardwareSPI::beginTransaction(arduino::SPISettings)
     virtual void beginTransaction(SPISettings settings) = 0;
                  ^~~~~~~~~~~~~~~~
/home/ec2-user/arduino-testlib/cli-datadir/data/packages/arduino/hardware/mbed_nano/2.7.2/cores/arduino/api/HardwareSPI.h:117:18: note: 	virtual void arduino::HardwareSPI::endTransaction()
     virtual void endTransaction(void) = 0;
                  ^~~~~~~~~~~~~~
/home/ec2-user/arduino-testlib/cli-datadir/data/packages/arduino/hardware/mbed_nano/2.7.2/cores/arduino/api/HardwareSPI.h:120:18: note: 	virtual void arduino::HardwareSPI::attachInterrupt()
     virtual void attachInterrupt() = 0;
                  ^~~~~~~~~~~~~~~
/home/ec2-user/arduino-testlib/cli-datadir/data/packages/arduino/hardware/mbed_nano/2.7.2/cores/arduino/api/HardwareSPI.h:121:18: note: 	virtual void arduino::HardwareSPI::detachInterrupt()
     virtual void detachInterrupt() = 0;
                  ^~~~~~~~~~~~~~~
/home/ec2-user/arduino-testlib/cli-datadir/data/packages/arduino/hardware/mbed_nano/2.7.2/cores/arduino/api/HardwareSPI.h:123:18: note: 	virtual void arduino::HardwareSPI::begin()
     virtual void begin() = 0;
                  ^~~~~
/home/ec2-user/arduino-testlib/cli-datadir/data/packages/arduino/hardware/mbed_nano/2.7.2/cores/arduino/api/HardwareSPI.h:124:18: note: 	virtual void arduino::HardwareSPI::end()
     virtual void end() = 0;
                  ^~~
In file included from /home/ec2-user/arduino-testlib/cli-datadir/user/libraries/nRF905_Radio_Library/examples/callbacks_irq/callbacks_irq.ino:17:0:
/home/ec2-user/arduino-testlib/cli-datadir/user/libraries/nRF905_Radio_Library/src/nRF905.h:102:11: error: cannot declare field &#39;nRF905::spi&#39; to be of abstract type &#39;arduino::HardwareSPI&#39;
  SPIClass spi;
           ^~~
/home/ec2-user/arduino-testlib/cli-datadir/user/libraries/nRF905_Radio_Library/examples/callbacks_irq/callbacks_irq.ino: In function &#39;void NRF905_CB_RXCOMPLETE()&#39;:
/home/ec2-user/arduino-testlib/cli-datadir/user/libraries/nRF905_Radio_Library/examples/callbacks_irq/callbacks_irq.ino:27:2: error: &#39;nRF905_read&#39; was not declared in this scope
  nRF905_read(buffer, sizeof(buffer));
  ^~~~~~~~~~~
/home/ec2-user/arduino-testlib/cli-datadir/user/libraries/nRF905_Radio_Library/examples/callbacks_irq/callbacks_irq.ino:27:2: note: suggested alternative: &#39;nRF905_crc_t&#39;
  nRF905_read(buffer, sizeof(buffer));
  ^~~~~~~~~~~
  nRF905_crc_t
/home/ec2-user/arduino-testlib/cli-datadir/user/libraries/nRF905_Radio_Library/examples/callbacks_irq/callbacks_irq.ino: In function &#39;void setup()&#39;:
/home/ec2-user/arduino-testlib/cli-datadir/user/libraries/nRF905_Radio_Library/examples/callbacks_irq/callbacks_irq.ino:68:2: error: &#39;nRF905_init&#39; was not declared in this scope
  nRF905_init();
  ^~~~~~~~~~~
/home/ec2-user/arduino-testlib/cli-datadir/user/libraries/nRF905_Radio_Library/examples/callbacks_irq/callbacks_irq.ino:68:2: note: suggested alternative: &#39;nRF905_crc_t&#39;
  nRF905_init();
  ^~~~~~~~~~~
  nRF905_crc_t
/home/ec2-user/arduino-testlib/cli-datadir/user/libraries/nRF905_Radio_Library/examples/callbacks_irq/callbacks_irq.ino:70:2: error: &#39;nRF905_RX&#39; was not declared in this scope
  nRF905_RX();
  ^~~~~~~~~
/home/ec2-user/arduino-testlib/cli-datadir/user/libraries/nRF905_Radio_Library/examples/callbacks_irq/callbacks_irq.ino:70:2: note: suggested alternative: &#39;nRF905&#39;
  nRF905_RX();
  ^~~~~~~~~
  nRF905
/home/ec2-user/arduino-testlib/cli-datadir/user/libraries/nRF905_Radio_Library/examples/callbacks_irq/callbacks_irq.ino: In function &#39;void loop()&#39;:
/home/ec2-user/arduino-testlib/cli-datadir/user/libraries/nRF905_Radio_Library/examples/callbacks_irq/callbacks_irq.ino:87:2: error: &#39;nRF905_TX&#39; was not declared in this scope
  nRF905_TX(TXADDR, testData, sizeof(testData), NRF905_NEXTMODE_STANDBY); // Transmit and go to standby mode once sent (the NRF905_CB_TXCOMPLETE callback only works if the next mode is standby)
  ^~~~~~~~~
/home/ec2-user/arduino-testlib/cli-datadir/user/libraries/nRF905_Radio_Library/examples/callbacks_irq/callbacks_irq.ino:87:2: note: suggested alternative: &#39;nRF905&#39;
  nRF905_TX(TXADDR, testData, sizeof(testData), NRF905_NEXTMODE_STANDBY); // Transmit and go to standby mode once sent (the NRF905_CB_TXCOMPLETE callback only works if the next mode is standby)
  ^~~~~~~~~
  nRF905
/home/ec2-user/arduino-testlib/cli-datadir/user/libraries/nRF905_Radio_Library/examples/callbacks_irq/callbacks_irq.ino:94:2: error: &#39;NRF905_NO_INTERRUPT&#39; was not declared in this scope
  NRF905_NO_INTERRUPT()
  ^~~~~~~~~~~~~~~~~~~
/home/ec2-user/arduino-testlib/cli-datadir/user/libraries/nRF905_Radio_Library/examples/callbacks_irq/callbacks_irq.ino:94:2: note: suggested alternative: &#39;NOT_AN_INTERRUPT&#39;
  NRF905_NO_INTERRUPT()
  ^~~~~~~~~~~~~~~~~~~
  NOT_AN_INTERRUPT

</pre>
					
					<h4>examples/debug</h4>
					<p>
						Result: <b>FAIL</b>
					</p>
					<pre class="pre-scrollable">In file included from /home/ec2-user/arduino-testlib/cli-datadir/user/libraries/nRF905_Radio_Library/examples/debug/debug.ino:13:0:
/home/ec2-user/arduino-testlib/cli-datadir/user/libraries/nRF905_Radio_Library/src/nRF905.h:179:12: error: cannot declare parameter &#39;spi&#39; to be of abstract type &#39;arduino::HardwareSPI&#39;
   SPIClass spi,
            ^~~
In file included from /home/ec2-user/arduino-testlib/cli-datadir/data/packages/arduino/hardware/mbed_nano/2.7.2/libraries/SPI/SPI.h:22:0,
                 from /home/ec2-user/arduino-testlib/cli-datadir/user/libraries/nRF905_Radio_Library/src/nRF905.h:13,
                 from /home/ec2-user/arduino-testlib/cli-datadir/user/libraries/nRF905_Radio_Library/examples/debug/debug.ino:13:
/home/ec2-user/arduino-testlib/cli-datadir/data/packages/arduino/hardware/mbed_nano/2.7.2/cores/arduino/api/HardwareSPI.h:104:7: note:   because the following virtual functions are pure within &#39;arduino::HardwareSPI&#39;:
 class HardwareSPI
       ^~~~~~~~~~~
/home/ec2-user/arduino-testlib/cli-datadir/data/packages/arduino/hardware/mbed_nano/2.7.2/cores/arduino/api/HardwareSPI.h:109:21: note: 	virtual uint8_t arduino::HardwareSPI::transfer(uint8_t)
     virtual uint8_t transfer(uint8_t data) = 0;
                     ^~~~~~~~
/home/ec2-user/arduino-testlib/cli-datadir/data/packages/arduino/hardware/mbed_nano/2.7.2/cores/arduino/api/HardwareSPI.h:110:22: note: 	virtual uint16_t arduino::HardwareSPI::transfer16(uint16_t)
     virtual uint16_t transfer16(uint16_t data) = 0;
                      ^~~~~~~~~~
/home/ec2-user/arduino-testlib/cli-datadir/data/packages/arduino/hardware/mbed_nano/2.7.2/cores/arduino/api/HardwareSPI.h:111:18: note: 	virtual void arduino::HardwareSPI::transfer(void*, size_t)
     virtual void transfer(void *buf, size_t count) = 0;
                  ^~~~~~~~
/home/ec2-user/arduino-testlib/cli-datadir/data/packages/arduino/hardware/mbed_nano/2.7.2/cores/arduino/api/HardwareSPI.h:114:18: note: 	virtual void arduino::HardwareSPI::usingInterrupt(int)
     virtual void usingInterrupt(int interruptNumber) = 0;
                  ^~~~~~~~~~~~~~
/home/ec2-user/arduino-testlib/cli-datadir/data/packages/arduino/hardware/mbed_nano/2.7.2/cores/arduino/api/HardwareSPI.h:115:18: note: 	virtual void arduino::HardwareSPI::notUsingInterrupt(int)
     virtual void notUsingInterrupt(int interruptNumber) = 0;
                  ^~~~~~~~~~~~~~~~~
/home/ec2-user/arduino-testlib/cli-datadir/data/packages/arduino/hardware/mbed_nano/2.7.2/cores/arduino/api/HardwareSPI.h:116:18: note: 	virtual void arduino::HardwareSPI::beginTransaction(arduino::SPISettings)
     virtual void beginTransaction(SPISettings settings) = 0;
                  ^~~~~~~~~~~~~~~~
/home/ec2-user/arduino-testlib/cli-datadir/data/packages/arduino/hardware/mbed_nano/2.7.2/cores/arduino/api/HardwareSPI.h:117:18: note: 	virtual void arduino::HardwareSPI::endTransaction()
     virtual void endTransaction(void) = 0;
                  ^~~~~~~~~~~~~~
/home/ec2-user/arduino-testlib/cli-datadir/data/packages/arduino/hardware/mbed_nano/2.7.2/cores/arduino/api/HardwareSPI.h:120:18: note: 	virtual void arduino::HardwareSPI::attachInterrupt()
     virtual void attachInterrupt() = 0;
                  ^~~~~~~~~~~~~~~
/home/ec2-user/arduino-testlib/cli-datadir/data/packages/arduino/hardware/mbed_nano/2.7.2/cores/arduino/api/HardwareSPI.h:121:18: note: 	virtual void arduino::HardwareSPI::detachInterrupt()
     virtual void detachInterrupt() = 0;
                  ^~~~~~~~~~~~~~~
/home/ec2-user/arduino-testlib/cli-datadir/data/packages/arduino/hardware/mbed_nano/2.7.2/cores/arduino/api/HardwareSPI.h:123:18: note: 	virtual void arduino::HardwareSPI::begin()
     virtual void begin() = 0;
                  ^~~~~
/home/ec2-user/arduino-testlib/cli-datadir/data/packages/arduino/hardware/mbed_nano/2.7.2/cores/arduino/api/HardwareSPI.h:124:18: note: 	virtual void arduino::HardwareSPI::end()
     virtual void end() = 0;
                  ^~~
In file included from /home/ec2-user/arduino-testlib/cli-datadir/user/libraries/nRF905_Radio_Library/examples/debug/debug.ino:13:0:
/home/ec2-user/arduino-testlib/cli-datadir/user/libraries/nRF905_Radio_Library/src/nRF905.h:102:11: error: cannot declare field &#39;nRF905::spi&#39; to be of abstract type &#39;arduino::HardwareSPI&#39;
  SPIClass spi;
           ^~~
/home/ec2-user/arduino-testlib/cli-datadir/user/libraries/nRF905_Radio_Library/examples/debug/debug.ino: In function &#39;void setup()&#39;:
/home/ec2-user/arduino-testlib/cli-datadir/user/libraries/nRF905_Radio_Library/examples/debug/debug.ino:41:2: error: cannot allocate an object of abstract type &#39;arduino::HardwareSPI&#39;
  );
  ^

</pre>
					
					<h4>examples/lowpwr_node_baseStation</h4>
					<p>
						Result: <b>FAIL</b>
					</p>
					<pre class="pre-scrollable">WARNING: library LowPower_LowPowerLab claims to run on avr, samd architecture(s) and may be incompatible with your current board which runs on mbed_nano architecture(s).
In file included from /home/ec2-user/arduino-testlib/cli-datadir/user/libraries/nRF905_Radio_Library/examples/lowpwr_node_baseStation/lowpwr_node_baseStation.ino:27:0:
/home/ec2-user/arduino-testlib/cli-datadir/user/libraries/LowPower_LowPowerLab/LowPower.h:161:6: error: #error &#34;Please ensure chosen MCU is a SAMD21&#34;
     #error &#34;Please ensure chosen MCU is a SAMD21&#34;
      ^~~~~
Multiple libraries were found for &#34;LowPower.h&#34;
  Used: /home/ec2-user/arduino-testlib/cli-datadir/user/libraries/LowPower_LowPowerLab
  Not used: /home/ec2-user/arduino-testlib/cli-datadir/user/libraries/Low-Power
</pre>
					
					<h4>examples/lowpwr_node_sensor</h4>
					<p>
						Result: <b>FAIL</b>
					</p>
					<pre class="pre-scrollable">WARNING: library LowPower_LowPowerLab claims to run on avr, samd architecture(s) and may be incompatible with your current board which runs on mbed_nano architecture(s).
In file included from /home/ec2-user/arduino-testlib/cli-datadir/user/libraries/nRF905_Radio_Library/examples/lowpwr_node_sensor/lowpwr_node_sensor.ino:24:0:
/home/ec2-user/arduino-testlib/cli-datadir/user/libraries/LowPower_LowPowerLab/LowPower.h:161:6: error: #error &#34;Please ensure chosen MCU is a SAMD21&#34;
     #error &#34;Please ensure chosen MCU is a SAMD21&#34;
      ^~~~~
Multiple libraries were found for &#34;LowPower.h&#34;
  Used: /home/ec2-user/arduino-testlib/cli-datadir/user/libraries/LowPower_LowPowerLab
  Not used: /home/ec2-user/arduino-testlib/cli-datadir/user/libraries/Low-Power
</pre>
					
					<h4>examples/ping_client</h4>
					<p>
						Result: <b>FAIL</b>
					</p>
					<pre class="pre-scrollable">In file included from /home/ec2-user/arduino-testlib/cli-datadir/user/libraries/nRF905_Radio_Library/examples/ping_client/ping_client.ino:14:0:
/home/ec2-user/arduino-testlib/cli-datadir/user/libraries/nRF905_Radio_Library/src/nRF905.h:179:12: error: cannot declare parameter &#39;spi&#39; to be of abstract type &#39;arduino::HardwareSPI&#39;
   SPIClass spi,
            ^~~
In file included from /home/ec2-user/arduino-testlib/cli-datadir/data/packages/arduino/hardware/mbed_nano/2.7.2/libraries/SPI/SPI.h:22:0,
                 from /home/ec2-user/arduino-testlib/cli-datadir/user/libraries/nRF905_Radio_Library/src/nRF905.h:13,
                 from /home/ec2-user/arduino-testlib/cli-datadir/user/libraries/nRF905_Radio_Library/examples/ping_client/ping_client.ino:14:
/home/ec2-user/arduino-testlib/cli-datadir/data/packages/arduino/hardware/mbed_nano/2.7.2/cores/arduino/api/HardwareSPI.h:104:7: note:   because the following virtual functions are pure within &#39;arduino::HardwareSPI&#39;:
 class HardwareSPI
       ^~~~~~~~~~~
/home/ec2-user/arduino-testlib/cli-datadir/data/packages/arduino/hardware/mbed_nano/2.7.2/cores/arduino/api/HardwareSPI.h:109:21: note: 	virtual uint8_t arduino::HardwareSPI::transfer(uint8_t)
     virtual uint8_t transfer(uint8_t data) = 0;
                     ^~~~~~~~
/home/ec2-user/arduino-testlib/cli-datadir/data/packages/arduino/hardware/mbed_nano/2.7.2/cores/arduino/api/HardwareSPI.h:110:22: note: 	virtual uint16_t arduino::HardwareSPI::transfer16(uint16_t)
     virtual uint16_t transfer16(uint16_t data) = 0;
                      ^~~~~~~~~~
/home/ec2-user/arduino-testlib/cli-datadir/data/packages/arduino/hardware/mbed_nano/2.7.2/cores/arduino/api/HardwareSPI.h:111:18: note: 	virtual void arduino::HardwareSPI::transfer(void*, size_t)
     virtual void transfer(void *buf, size_t count) = 0;
                  ^~~~~~~~
/home/ec2-user/arduino-testlib/cli-datadir/data/packages/arduino/hardware/mbed_nano/2.7.2/cores/arduino/api/HardwareSPI.h:114:18: note: 	virtual void arduino::HardwareSPI::usingInterrupt(int)
     virtual void usingInterrupt(int interruptNumber) = 0;
                  ^~~~~~~~~~~~~~
/home/ec2-user/arduino-testlib/cli-datadir/data/packages/arduino/hardware/mbed_nano/2.7.2/cores/arduino/api/HardwareSPI.h:115:18: note: 	virtual void arduino::HardwareSPI::notUsingInterrupt(int)
     virtual void notUsingInterrupt(int interruptNumber) = 0;
                  ^~~~~~~~~~~~~~~~~
/home/ec2-user/arduino-testlib/cli-datadir/data/packages/arduino/hardware/mbed_nano/2.7.2/cores/arduino/api/HardwareSPI.h:116:18: note: 	virtual void arduino::HardwareSPI::beginTransaction(arduino::SPISettings)
     virtual void beginTransaction(SPISettings settings) = 0;
                  ^~~~~~~~~~~~~~~~
/home/ec2-user/arduino-testlib/cli-datadir/data/packages/arduino/hardware/mbed_nano/2.7.2/cores/arduino/api/HardwareSPI.h:117:18: note: 	virtual void arduino::HardwareSPI::endTransaction()
     virtual void endTransaction(void) = 0;
                  ^~~~~~~~~~~~~~
/home/ec2-user/arduino-testlib/cli-datadir/data/packages/arduino/hardware/mbed_nano/2.7.2/cores/arduino/api/HardwareSPI.h:120:18: note: 	virtual void arduino::HardwareSPI::attachInterrupt()
     virtual void attachInterrupt() = 0;
                  ^~~~~~~~~~~~~~~
/home/ec2-user/arduino-testlib/cli-datadir/data/packages/arduino/hardware/mbed_nano/2.7.2/cores/arduino/api/HardwareSPI.h:121:18: note: 	virtual void arduino::HardwareSPI::detachInterrupt()
     virtual void detachInterrupt() = 0;
                  ^~~~~~~~~~~~~~~
/home/ec2-user/arduino-testlib/cli-datadir/data/packages/arduino/hardware/mbed_nano/2.7.2/cores/arduino/api/HardwareSPI.h:123:18: note: 	virtual void arduino::HardwareSPI::begin()
     virtual void begin() = 0;
                  ^~~~~
/home/ec2-user/arduino-testlib/cli-datadir/data/packages/arduino/hardware/mbed_nano/2.7.2/cores/arduino/api/HardwareSPI.h:124:18: note: 	virtual void arduino::HardwareSPI::end()
     virtual void end() = 0;
                  ^~~
In file included from /home/ec2-user/arduino-testlib/cli-datadir/user/libraries/nRF905_Radio_Library/examples/ping_client/ping_client.ino:14:0:
/home/ec2-user/arduino-testlib/cli-datadir/user/libraries/nRF905_Radio_Library/src/nRF905.h:102:11: error: cannot declare field &#39;nRF905::spi&#39; to be of abstract type &#39;arduino::HardwareSPI&#39;
  SPIClass spi;
           ^~~
/home/ec2-user/arduino-testlib/cli-datadir/user/libraries/nRF905_Radio_Library/examples/ping_client/ping_client.ino: In function &#39;void setup()&#39;:
/home/ec2-user/arduino-testlib/cli-datadir/user/libraries/nRF905_Radio_Library/examples/ping_client/ping_client.ino:79:2: error: cannot allocate an object of abstract type &#39;arduino::HardwareSPI&#39;
  );
  ^

</pre>
					
					<h4>examples/ping_server</h4>
					<p>
						Result: <b>FAIL</b>
					</p>
					<pre class="pre-scrollable">In file included from /home/ec2-user/arduino-testlib/cli-datadir/user/libraries/nRF905_Radio_Library/examples/ping_server/ping_server.ino:13:0:
/home/ec2-user/arduino-testlib/cli-datadir/user/libraries/nRF905_Radio_Library/src/nRF905.h:179:12: error: cannot declare parameter &#39;spi&#39; to be of abstract type &#39;arduino::HardwareSPI&#39;
   SPIClass spi,
            ^~~
In file included from /home/ec2-user/arduino-testlib/cli-datadir/data/packages/arduino/hardware/mbed_nano/2.7.2/libraries/SPI/SPI.h:22:0,
                 from /home/ec2-user/arduino-testlib/cli-datadir/user/libraries/nRF905_Radio_Library/src/nRF905.h:13,
                 from /home/ec2-user/arduino-testlib/cli-datadir/user/libraries/nRF905_Radio_Library/examples/ping_server/ping_server.ino:13:
/home/ec2-user/arduino-testlib/cli-datadir/data/packages/arduino/hardware/mbed_nano/2.7.2/cores/arduino/api/HardwareSPI.h:104:7: note:   because the following virtual functions are pure within &#39;arduino::HardwareSPI&#39;:
 class HardwareSPI
       ^~~~~~~~~~~
/home/ec2-user/arduino-testlib/cli-datadir/data/packages/arduino/hardware/mbed_nano/2.7.2/cores/arduino/api/HardwareSPI.h:109:21: note: 	virtual uint8_t arduino::HardwareSPI::transfer(uint8_t)
     virtual uint8_t transfer(uint8_t data) = 0;
                     ^~~~~~~~
/home/ec2-user/arduino-testlib/cli-datadir/data/packages/arduino/hardware/mbed_nano/2.7.2/cores/arduino/api/HardwareSPI.h:110:22: note: 	virtual uint16_t arduino::HardwareSPI::transfer16(uint16_t)
     virtual uint16_t transfer16(uint16_t data) = 0;
                      ^~~~~~~~~~
/home/ec2-user/arduino-testlib/cli-datadir/data/packages/arduino/hardware/mbed_nano/2.7.2/cores/arduino/api/HardwareSPI.h:111:18: note: 	virtual void arduino::HardwareSPI::transfer(void*, size_t)
     virtual void transfer(void *buf, size_t count) = 0;
                  ^~~~~~~~
/home/ec2-user/arduino-testlib/cli-datadir/data/packages/arduino/hardware/mbed_nano/2.7.2/cores/arduino/api/HardwareSPI.h:114:18: note: 	virtual void arduino::HardwareSPI::usingInterrupt(int)
     virtual void usingInterrupt(int interruptNumber) = 0;
                  ^~~~~~~~~~~~~~
/home/ec2-user/arduino-testlib/cli-datadir/data/packages/arduino/hardware/mbed_nano/2.7.2/cores/arduino/api/HardwareSPI.h:115:18: note: 	virtual void arduino::HardwareSPI::notUsingInterrupt(int)
     virtual void notUsingInterrupt(int interruptNumber) = 0;
                  ^~~~~~~~~~~~~~~~~
/home/ec2-user/arduino-testlib/cli-datadir/data/packages/arduino/hardware/mbed_nano/2.7.2/cores/arduino/api/HardwareSPI.h:116:18: note: 	virtual void arduino::HardwareSPI::beginTransaction(arduino::SPISettings)
     virtual void beginTransaction(SPISettings settings) = 0;
                  ^~~~~~~~~~~~~~~~
/home/ec2-user/arduino-testlib/cli-datadir/data/packages/arduino/hardware/mbed_nano/2.7.2/cores/arduino/api/HardwareSPI.h:117:18: note: 	virtual void arduino::HardwareSPI::endTransaction()
     virtual void endTransaction(void) = 0;
                  ^~~~~~~~~~~~~~
/home/ec2-user/arduino-testlib/cli-datadir/data/packages/arduino/hardware/mbed_nano/2.7.2/cores/arduino/api/HardwareSPI.h:120:18: note: 	virtual void arduino::HardwareSPI::attachInterrupt()
     virtual void attachInterrupt() = 0;
                  ^~~~~~~~~~~~~~~
/home/ec2-user/arduino-testlib/cli-datadir/data/packages/arduino/hardware/mbed_nano/2.7.2/cores/arduino/api/HardwareSPI.h:121:18: note: 	virtual void arduino::HardwareSPI::detachInterrupt()
     virtual void detachInterrupt() = 0;
                  ^~~~~~~~~~~~~~~
/home/ec2-user/arduino-testlib/cli-datadir/data/packages/arduino/hardware/mbed_nano/2.7.2/cores/arduino/api/HardwareSPI.h:123:18: note: 	virtual void arduino::HardwareSPI::begin()
     virtual void begin() = 0;
                  ^~~~~
/home/ec2-user/arduino-testlib/cli-datadir/data/packages/arduino/hardware/mbed_nano/2.7.2/cores/arduino/api/HardwareSPI.h:124:18: note: 	virtual void arduino::HardwareSPI::end()
     virtual void end() = 0;
                  ^~~
In file included from /home/ec2-user/arduino-testlib/cli-datadir/user/libraries/nRF905_Radio_Library/examples/ping_server/ping_server.ino:13:0:
/home/ec2-user/arduino-testlib/cli-datadir/user/libraries/nRF905_Radio_Library/src/nRF905.h:102:11: error: cannot declare field &#39;nRF905::spi&#39; to be of abstract type &#39;arduino::HardwareSPI&#39;
  SPIClass spi;
           ^~~
/home/ec2-user/arduino-testlib/cli-datadir/user/libraries/nRF905_Radio_Library/examples/ping_server/ping_server.ino: In function &#39;void setup()&#39;:
/home/ec2-user/arduino-testlib/cli-datadir/user/libraries/nRF905_Radio_Library/examples/ping_server/ping_server.ino:71:2: error: cannot allocate an object of abstract type &#39;arduino::HardwareSPI&#39;
  );
  ^

</pre>
					
					<h4>examples/wirelessSerialLink</h4>
					<p>
						Result: <b>FAIL</b>
					</p>
					<pre class="pre-scrollable">In file included from /home/ec2-user/arduino-testlib/cli-datadir/user/libraries/nRF905_Radio_Library/examples/wirelessSerialLink/wirelessSerialLink.ino:33:0:
/home/ec2-user/arduino-testlib/cli-datadir/user/libraries/nRF905_Radio_Library/src/nRF905.h:179:12: error: cannot declare parameter &#39;spi&#39; to be of abstract type &#39;arduino::HardwareSPI&#39;
   SPIClass spi,
            ^~~
In file included from /home/ec2-user/arduino-testlib/cli-datadir/data/packages/arduino/hardware/mbed_nano/2.7.2/libraries/SPI/SPI.h:22:0,
                 from /home/ec2-user/arduino-testlib/cli-datadir/user/libraries/nRF905_Radio_Library/src/nRF905.h:13,
                 from /home/ec2-user/arduino-testlib/cli-datadir/user/libraries/nRF905_Radio_Library/examples/wirelessSerialLink/wirelessSerialLink.ino:33:
/home/ec2-user/arduino-testlib/cli-datadir/data/packages/arduino/hardware/mbed_nano/2.7.2/cores/arduino/api/HardwareSPI.h:104:7: note:   because the following virtual functions are pure within &#39;arduino::HardwareSPI&#39;:
 class HardwareSPI
       ^~~~~~~~~~~
/home/ec2-user/arduino-testlib/cli-datadir/data/packages/arduino/hardware/mbed_nano/2.7.2/cores/arduino/api/HardwareSPI.h:109:21: note: 	virtual uint8_t arduino::HardwareSPI::transfer(uint8_t)
     virtual uint8_t transfer(uint8_t data) = 0;
                     ^~~~~~~~
/home/ec2-user/arduino-testlib/cli-datadir/data/packages/arduino/hardware/mbed_nano/2.7.2/cores/arduino/api/HardwareSPI.h:110:22: note: 	virtual uint16_t arduino::HardwareSPI::transfer16(uint16_t)
     virtual uint16_t transfer16(uint16_t data) = 0;
                      ^~~~~~~~~~
/home/ec2-user/arduino-testlib/cli-datadir/data/packages/arduino/hardware/mbed_nano/2.7.2/cores/arduino/api/HardwareSPI.h:111:18: note: 	virtual void arduino::HardwareSPI::transfer(void*, size_t)
     virtual void transfer(void *buf, size_t count) = 0;
                  ^~~~~~~~
/home/ec2-user/arduino-testlib/cli-datadir/data/packages/arduino/hardware/mbed_nano/2.7.2/cores/arduino/api/HardwareSPI.h:114:18: note: 	virtual void arduino::HardwareSPI::usingInterrupt(int)
     virtual void usingInterrupt(int interruptNumber) = 0;
                  ^~~~~~~~~~~~~~
/home/ec2-user/arduino-testlib/cli-datadir/data/packages/arduino/hardware/mbed_nano/2.7.2/cores/arduino/api/HardwareSPI.h:115:18: note: 	virtual void arduino::HardwareSPI::notUsingInterrupt(int)
     virtual void notUsingInterrupt(int interruptNumber) = 0;
                  ^~~~~~~~~~~~~~~~~
/home/ec2-user/arduino-testlib/cli-datadir/data/packages/arduino/hardware/mbed_nano/2.7.2/cores/arduino/api/HardwareSPI.h:116:18: note: 	virtual void arduino::HardwareSPI::beginTransaction(arduino::SPISettings)
     virtual void beginTransaction(SPISettings settings) = 0;
                  ^~~~~~~~~~~~~~~~
/home/ec2-user/arduino-testlib/cli-datadir/data/packages/arduino/hardware/mbed_nano/2.7.2/cores/arduino/api/HardwareSPI.h:117:18: note: 	virtual void arduino::HardwareSPI::endTransaction()
     virtual void endTransaction(void) = 0;
                  ^~~~~~~~~~~~~~
/home/ec2-user/arduino-testlib/cli-datadir/data/packages/arduino/hardware/mbed_nano/2.7.2/cores/arduino/api/HardwareSPI.h:120:18: note: 	virtual void arduino::HardwareSPI::attachInterrupt()
     virtual void attachInterrupt() = 0;
                  ^~~~~~~~~~~~~~~
/home/ec2-user/arduino-testlib/cli-datadir/data/packages/arduino/hardware/mbed_nano/2.7.2/cores/arduino/api/HardwareSPI.h:121:18: note: 	virtual void arduino::HardwareSPI::detachInterrupt()
     virtual void detachInterrupt() = 0;
                  ^~~~~~~~~~~~~~~
/home/ec2-user/arduino-testlib/cli-datadir/data/packages/arduino/hardware/mbed_nano/2.7.2/cores/arduino/api/HardwareSPI.h:123:18: note: 	virtual void arduino::HardwareSPI::begin()
     virtual void begin() = 0;
                  ^~~~~
/home/ec2-user/arduino-testlib/cli-datadir/data/packages/arduino/hardware/mbed_nano/2.7.2/cores/arduino/api/HardwareSPI.h:124:18: note: 	virtual void arduino::HardwareSPI::end()
     virtual void end() = 0;
                  ^~~
In file included from /home/ec2-user/arduino-testlib/cli-datadir/user/libraries/nRF905_Radio_Library/examples/wirelessSerialLink/wirelessSerialLink.ino:33:0:
/home/ec2-user/arduino-testlib/cli-datadir/user/libraries/nRF905_Radio_Library/src/nRF905.h:102:11: error: cannot declare field &#39;nRF905::spi&#39; to be of abstract type &#39;arduino::HardwareSPI&#39;
  SPIClass spi;
           ^~~
/home/ec2-user/arduino-testlib/cli-datadir/user/libraries/nRF905_Radio_Library/examples/wirelessSerialLink/wirelessSerialLink.ino:40:18: error: &#39;NRF905_ADDR_SIZE&#39; was not declared in this scope
  byte dstAddress[NRF905_ADDR_SIZE];
                  ^~~~~~~~~~~~~~~~
/home/ec2-user/arduino-testlib/cli-datadir/user/libraries/nRF905_Radio_Library/examples/wirelessSerialLink/wirelessSerialLink.ino:40:18: note: suggested alternative: &#39;NRF905_ADDR_SIZE_RX&#39;
  byte dstAddress[NRF905_ADDR_SIZE];
                  ^~~~~~~~~~~~~~~~
                  NRF905_ADDR_SIZE_RX
/home/ec2-user/arduino-testlib/cli-datadir/user/libraries/nRF905_Radio_Library/examples/wirelessSerialLink/wirelessSerialLink.ino: In function &#39;void NRF905_CB_RXCOMPLETE()&#39;:
/home/ec2-user/arduino-testlib/cli-datadir/user/libraries/nRF905_Radio_Library/examples/wirelessSerialLink/wirelessSerialLink.ino:52:2: error: &#39;nRF905_read&#39; was not declared in this scope
  nRF905_read((byte*)newData, sizeof(newData));
  ^~~~~~~~~~~
/home/ec2-user/arduino-testlib/cli-datadir/user/libraries/nRF905_Radio_Library/examples/wirelessSerialLink/wirelessSerialLink.ino:52:2: note: suggested alternative: &#39;nRF905_crc_t&#39;
  nRF905_read((byte*)newData, sizeof(newData));
  ^~~~~~~~~~~
  nRF905_crc_t
/home/ec2-user/arduino-testlib/cli-datadir/user/libraries/nRF905_Radio_Library/examples/wirelessSerialLink/wirelessSerialLink.ino: In function &#39;void NRF905_CB_TXCOMPLETE()&#39;:
/home/ec2-user/arduino-testlib/cli-datadir/user/libraries/nRF905_Radio_Library/examples/wirelessSerialLink/wirelessSerialLink.ino:59:2: error: &#39;nRF905_RX&#39; was not declared in this scope
  nRF905_RX();
  ^~~~~~~~~
/home/ec2-user/arduino-testlib/cli-datadir/user/libraries/nRF905_Radio_Library/examples/wirelessSerialLink/wirelessSerialLink.ino:59:2: note: suggested alternative: &#39;nRF905&#39;
  nRF905_RX();
  ^~~~~~~~~
  nRF905
/home/ec2-user/arduino-testlib/cli-datadir/user/libraries/nRF905_Radio_Library/examples/wirelessSerialLink/wirelessSerialLink.ino: In function &#39;void setup()&#39;:
/home/ec2-user/arduino-testlib/cli-datadir/user/libraries/nRF905_Radio_Library/examples/wirelessSerialLink/wirelessSerialLink.ino:65:2: error: &#39;nRF905_init&#39; was not declared in this scope
  nRF905_init();
  ^~~~~~~~~~~
/home/ec2-user/arduino-testlib/cli-datadir/user/libraries/nRF905_Radio_Library/examples/wirelessSerialLink/wirelessSerialLink.ino:65:2: note: suggested alternative: &#39;nRF905_crc_t&#39;
  nRF905_init();
  ^~~~~~~~~~~
  nRF905_crc_t
/home/ec2-user/arduino-testlib/cli-datadir/user/libraries/nRF905_Radio_Library/examples/wirelessSerialLink/wirelessSerialLink.ino:68:2: error: &#39;nRF905_RX&#39; was not declared in this scope
  nRF905_RX();
  ^~~~~~~~~
/home/ec2-user/arduino-testlib/cli-datadir/user/libraries/nRF905_Radio_Library/examples/wirelessSerialLink/wirelessSerialLink.ino:68:2: note: suggested alternative: &#39;nRF905&#39;
  nRF905_RX();
  ^~~~~~~~~
  nRF905
/home/ec2-user/arduino-testlib/cli-datadir/user/libraries/nRF905_Radio_Library/examples/wirelessSerialLink/wirelessSerialLink.ino: In function &#39;void sendPacket(void*)&#39;:
/home/ec2-user/arduino-testlib/cli-datadir/user/libraries/nRF905_Radio_Library/examples/wirelessSerialLink/wirelessSerialLink.ino:162:9: error: &#39;nRF905_TX&#39; was not declared in this scope
  while(!nRF905_TX(NRF905_DEFAULT_TXADDR, tmpBuff, totalLength, NRF905_NEXTMODE_STANDBY));
         ^~~~~~~~~
/home/ec2-user/arduino-testlib/cli-datadir/user/libraries/nRF905_Radio_Library/examples/wirelessSerialLink/wirelessSerialLink.ino:162:9: note: suggested alternative: &#39;nRF905&#39;
  while(!nRF905_TX(NRF905_DEFAULT_TXADDR, tmpBuff, totalLength, NRF905_NEXTMODE_STANDBY));
         ^~~~~~~~~
         nRF905
/home/ec2-user/arduino-testlib/cli-datadir/user/libraries/nRF905_Radio_Library/examples/wirelessSerialLink/wirelessSerialLink.ino: In function &#39;bool getPacket(void*)&#39;:
/home/ec2-user/arduino-testlib/cli-datadir/user/libraries/nRF905_Radio_Library/examples/wirelessSerialLink/wirelessSerialLink.ino:176:2: error: &#39;NRF905_NO_INTERRUPT&#39; was not declared in this scope
  NRF905_NO_INTERRUPT()
  ^~~~~~~~~~~~~~~~~~~
/home/ec2-user/arduino-testlib/cli-datadir/user/libraries/nRF905_Radio_Library/examples/wirelessSerialLink/wirelessSerialLink.ino:176:2: note: suggested alternative: &#39;NOT_AN_INTERRUPT&#39;
  NRF905_NO_INTERRUPT()
  ^~~~~~~~~~~~~~~~~~~
  NOT_AN_INTERRUPT

</pre>
					
				
				<h3 id="arduino:megaavr:nona4809">arduino:megaavr:nona4809 @ 1.8.7</h3>
				<h4>Inclusion</h4>
				<p>
					Result: <b>FAIL</b>
					
				</p>
				<pre class="pre-scrollable">/home/ec2-user/arduino-testlib/cli-datadir/user/libraries/nRF905_Radio_Library/src/nRF905.cpp: In constructor &#39;nRF905::nRF905()&#39;:
/home/ec2-user/arduino-testlib/cli-datadir/user/libraries/nRF905_Radio_Library/src/nRF905.cpp:186:16: error: no matching function for call to &#39;SPIClassMegaAVR::SPIClassMegaAVR()&#39;
 nRF905::nRF905()
                ^
In file included from /home/ec2-user/arduino-testlib/cli-datadir/user/libraries/nRF905_Radio_Library/src/nRF905.cpp:10:0:
/home/ec2-user/arduino-testlib/cli-datadir/data/packages/arduino/hardware/megaavr/1.8.7/libraries/SPI/src/SPI.h:153:3: note: candidate: SPIClassMegaAVR::SPIClassMegaAVR(uint8_t, uint8_t, uint8_t, uint8_t, uint8_t)
   SPIClassMegaAVR(uint8_t uc_pinMISO, uint8_t uc_pinSCK, uint8_t uc_pinMOSI, uint8_t uc_pinSS, uint8_t uc_mux);
   ^~~~~~~~~~~~~~~
/home/ec2-user/arduino-testlib/cli-datadir/data/packages/arduino/hardware/megaavr/1.8.7/libraries/SPI/src/SPI.h:153:3: note:   candidate expects 5 arguments, 0 provided
/home/ec2-user/arduino-testlib/cli-datadir/data/packages/arduino/hardware/megaavr/1.8.7/libraries/SPI/src/SPI.h:151:7: note: candidate: constexpr SPIClassMegaAVR::SPIClassMegaAVR(const SPIClassMegaAVR&amp;)
 class SPIClassMegaAVR : public arduino::HardwareSPI {
       ^~~~~~~~~~~~~~~
/home/ec2-user/arduino-testlib/cli-datadir/data/packages/arduino/hardware/megaavr/1.8.7/libraries/SPI/src/SPI.h:151:7: note:   candidate expects 1 argument, 0 provided
/home/ec2-user/arduino-testlib/cli-datadir/data/packages/arduino/hardware/megaavr/1.8.7/libraries/SPI/src/SPI.h:151:7: note: candidate: constexpr SPIClassMegaAVR::SPIClassMegaAVR(SPIClassMegaAVR&amp;&amp;)
/home/ec2-user/arduino-testlib/cli-datadir/data/packages/arduino/hardware/megaavr/1.8.7/libraries/SPI/src/SPI.h:151:7: note:   candidate expects 1 argument, 0 provided

</pre>

					
					<h4>examples/callbacks_irq</h4>
					<p>
						Result: <b>FAIL</b>
					</p>
					<pre class="pre-scrollable">/home/ec2-user/arduino-testlib/cli-datadir/user/libraries/nRF905_Radio_Library/examples/callbacks_irq/callbacks_irq.ino: In function &#39;void NRF905_CB_RXCOMPLETE()&#39;:
/home/ec2-user/arduino-testlib/cli-datadir/user/libraries/nRF905_Radio_Library/examples/callbacks_irq/callbacks_irq.ino:27:2: error: &#39;nRF905_read&#39; was not declared in this scope
  nRF905_read(buffer, sizeof(buffer));
  ^~~~~~~~~~~
/home/ec2-user/arduino-testlib/cli-datadir/user/libraries/nRF905_Radio_Library/examples/callbacks_irq/callbacks_irq.ino:27:2: note: suggested alternative: &#39;nRF905_crc_t&#39;
  nRF905_read(buffer, sizeof(buffer));
  ^~~~~~~~~~~
  nRF905_crc_t
/home/ec2-user/arduino-testlib/cli-datadir/user/libraries/nRF905_Radio_Library/examples/callbacks_irq/callbacks_irq.ino: In function &#39;void setup()&#39;:
/home/ec2-user/arduino-testlib/cli-datadir/user/libraries/nRF905_Radio_Library/examples/callbacks_irq/callbacks_irq.ino:68:2: error: &#39;nRF905_init&#39; was not declared in this scope
  nRF905_init();
  ^~~~~~~~~~~
/home/ec2-user/arduino-testlib/cli-datadir/user/libraries/nRF905_Radio_Library/examples/callbacks_irq/callbacks_irq.ino:68:2: note: suggested alternative: &#39;nRF905_crc_t&#39;
  nRF905_init();
  ^~~~~~~~~~~
  nRF905_crc_t
/home/ec2-user/arduino-testlib/cli-datadir/user/libraries/nRF905_Radio_Library/examples/callbacks_irq/callbacks_irq.ino:70:2: error: &#39;nRF905_RX&#39; was not declared in this scope
  nRF905_RX();
  ^~~~~~~~~
/home/ec2-user/arduino-testlib/cli-datadir/user/libraries/nRF905_Radio_Library/examples/callbacks_irq/callbacks_irq.ino:70:2: note: suggested alternative: &#39;nRF905&#39;
  nRF905_RX();
  ^~~~~~~~~
  nRF905
/home/ec2-user/arduino-testlib/cli-datadir/user/libraries/nRF905_Radio_Library/examples/callbacks_irq/callbacks_irq.ino: In function &#39;void loop()&#39;:
/home/ec2-user/arduino-testlib/cli-datadir/user/libraries/nRF905_Radio_Library/examples/callbacks_irq/callbacks_irq.ino:87:2: error: &#39;nRF905_TX&#39; was not declared in this scope
  nRF905_TX(TXADDR, testData, sizeof(testData), NRF905_NEXTMODE_STANDBY); // Transmit and go to standby mode once sent (the NRF905_CB_TXCOMPLETE callback only works if the next mode is standby)
  ^~~~~~~~~
/home/ec2-user/arduino-testlib/cli-datadir/user/libraries/nRF905_Radio_Library/examples/callbacks_irq/callbacks_irq.ino:87:2: note: suggested alternative: &#39;nRF905&#39;
  nRF905_TX(TXADDR, testData, sizeof(testData), NRF905_NEXTMODE_STANDBY); // Transmit and go to standby mode once sent (the NRF905_CB_TXCOMPLETE callback only works if the next mode is standby)
  ^~~~~~~~~
  nRF905
/home/ec2-user/arduino-testlib/cli-datadir/user/libraries/nRF905_Radio_Library/examples/callbacks_irq/callbacks_irq.ino:94:2: error: &#39;NRF905_NO_INTERRUPT&#39; was not declared in this scope
  NRF905_NO_INTERRUPT()
  ^~~~~~~~~~~~~~~~~~~
/home/ec2-user/arduino-testlib/cli-datadir/user/libraries/nRF905_Radio_Library/examples/callbacks_irq/callbacks_irq.ino:94:2: note: suggested alternative: &#39;NOT_AN_INTERRUPT&#39;
  NRF905_NO_INTERRUPT()
  ^~~~~~~~~~~~~~~~~~~
  NOT_AN_INTERRUPT

</pre>
					
					<h4>examples/debug</h4>
					<p>
						Result: <b>FAIL</b>
					</p>
					<pre class="pre-scrollable">/home/ec2-user/arduino-testlib/cli-datadir/user/libraries/nRF905_Radio_Library/src/nRF905.cpp: In constructor &#39;nRF905::nRF905()&#39;:
/home/ec2-user/arduino-testlib/cli-datadir/user/libraries/nRF905_Radio_Library/src/nRF905.cpp:186:16: error: no matching function for call to &#39;SPIClassMegaAVR::SPIClassMegaAVR()&#39;
 nRF905::nRF905()
                ^
In file included from /home/ec2-user/arduino-testlib/cli-datadir/user/libraries/nRF905_Radio_Library/src/nRF905.cpp:10:0:
/home/ec2-user/arduino-testlib/cli-datadir/data/packages/arduino/hardware/megaavr/1.8.7/libraries/SPI/src/SPI.h:153:3: note: candidate: SPIClassMegaAVR::SPIClassMegaAVR(uint8_t, uint8_t, uint8_t, uint8_t, uint8_t)
   SPIClassMegaAVR(uint8_t uc_pinMISO, uint8_t uc_pinSCK, uint8_t uc_pinMOSI, uint8_t uc_pinSS, uint8_t uc_mux);
   ^~~~~~~~~~~~~~~
/home/ec2-user/arduino-testlib/cli-datadir/data/packages/arduino/hardware/megaavr/1.8.7/libraries/SPI/src/SPI.h:153:3: note:   candidate expects 5 arguments, 0 provided
/home/ec2-user/arduino-testlib/cli-datadir/data/packages/arduino/hardware/megaavr/1.8.7/libraries/SPI/src/SPI.h:151:7: note: candidate: constexpr SPIClassMegaAVR::SPIClassMegaAVR(const SPIClassMegaAVR&amp;)
 class SPIClassMegaAVR : public arduino::HardwareSPI {
       ^~~~~~~~~~~~~~~
/home/ec2-user/arduino-testlib/cli-datadir/data/packages/arduino/hardware/megaavr/1.8.7/libraries/SPI/src/SPI.h:151:7: note:   candidate expects 1 argument, 0 provided
/home/ec2-user/arduino-testlib/cli-datadir/data/packages/arduino/hardware/megaavr/1.8.7/libraries/SPI/src/SPI.h:151:7: note: candidate: constexpr SPIClassMegaAVR::SPIClassMegaAVR(SPIClassMegaAVR&amp;&amp;)
/home/ec2-user/arduino-testlib/cli-datadir/data/packages/arduino/hardware/megaavr/1.8.7/libraries/SPI/src/SPI.h:151:7: note:   candidate expects 1 argument, 0 provided

</pre>
					
					<h4>examples/lowpwr_node_baseStation</h4>
					<p>
						Result: <b>FAIL</b>
					</p>
					<pre class="pre-scrollable">WARNING: library LowPower_LowPowerLab claims to run on avr, samd architecture(s) and may be incompatible with your current board which runs on megaavr architecture(s).
In file included from /home/ec2-user/arduino-testlib/cli-datadir/user/libraries/nRF905_Radio_Library/examples/lowpwr_node_baseStation/lowpwr_node_baseStation.ino:27:0:
/home/ec2-user/arduino-testlib/cli-datadir/user/libraries/LowPower_LowPowerLab/LowPower.h:148:6: error: #error &#34;Please ensure chosen MCU is either 88, 168, 168P, 328P, 32U4, 2560 or 256RFR2.&#34;
     #error &#34;Please ensure chosen MCU is either 88, 168, 168P, 328P, 32U4, 2560 or 256RFR2.&#34;
      ^~~~~
Multiple libraries were found for &#34;LowPower.h&#34;
  Used: /home/ec2-user/arduino-testlib/cli-datadir/user/libraries/LowPower_LowPowerLab
  Not used: /home/ec2-user/arduino-testlib/cli-datadir/user/libraries/Low-Power
</pre>
					
					<h4>examples/lowpwr_node_sensor</h4>
					<p>
						Result: <b>FAIL</b>
					</p>
					<pre class="pre-scrollable">WARNING: library LowPower_LowPowerLab claims to run on avr, samd architecture(s) and may be incompatible with your current board which runs on megaavr architecture(s).
In file included from /home/ec2-user/arduino-testlib/cli-datadir/user/libraries/nRF905_Radio_Library/examples/lowpwr_node_sensor/lowpwr_node_sensor.ino:24:0:
/home/ec2-user/arduino-testlib/cli-datadir/user/libraries/LowPower_LowPowerLab/LowPower.h:148:6: error: #error &#34;Please ensure chosen MCU is either 88, 168, 168P, 328P, 32U4, 2560 or 256RFR2.&#34;
     #error &#34;Please ensure chosen MCU is either 88, 168, 168P, 328P, 32U4, 2560 or 256RFR2.&#34;
      ^~~~~
Multiple libraries were found for &#34;LowPower.h&#34;
  Used: /home/ec2-user/arduino-testlib/cli-datadir/user/libraries/LowPower_LowPowerLab
  Not used: /home/ec2-user/arduino-testlib/cli-datadir/user/libraries/Low-Power
</pre>
					
					<h4>examples/ping_client</h4>
					<p>
						Result: <b>FAIL</b>
					</p>
					<pre class="pre-scrollable">/home/ec2-user/arduino-testlib/cli-datadir/user/libraries/nRF905_Radio_Library/src/nRF905.cpp: In constructor &#39;nRF905::nRF905()&#39;:
/home/ec2-user/arduino-testlib/cli-datadir/user/libraries/nRF905_Radio_Library/src/nRF905.cpp:186:16: error: no matching function for call to &#39;SPIClassMegaAVR::SPIClassMegaAVR()&#39;
 nRF905::nRF905()
                ^
In file included from /home/ec2-user/arduino-testlib/cli-datadir/user/libraries/nRF905_Radio_Library/src/nRF905.cpp:10:0:
/home/ec2-user/arduino-testlib/cli-datadir/data/packages/arduino/hardware/megaavr/1.8.7/libraries/SPI/src/SPI.h:153:3: note: candidate: SPIClassMegaAVR::SPIClassMegaAVR(uint8_t, uint8_t, uint8_t, uint8_t, uint8_t)
   SPIClassMegaAVR(uint8_t uc_pinMISO, uint8_t uc_pinSCK, uint8_t uc_pinMOSI, uint8_t uc_pinSS, uint8_t uc_mux);
   ^~~~~~~~~~~~~~~
/home/ec2-user/arduino-testlib/cli-datadir/data/packages/arduino/hardware/megaavr/1.8.7/libraries/SPI/src/SPI.h:153:3: note:   candidate expects 5 arguments, 0 provided
/home/ec2-user/arduino-testlib/cli-datadir/data/packages/arduino/hardware/megaavr/1.8.7/libraries/SPI/src/SPI.h:151:7: note: candidate: constexpr SPIClassMegaAVR::SPIClassMegaAVR(const SPIClassMegaAVR&amp;)
 class SPIClassMegaAVR : public arduino::HardwareSPI {
       ^~~~~~~~~~~~~~~
/home/ec2-user/arduino-testlib/cli-datadir/data/packages/arduino/hardware/megaavr/1.8.7/libraries/SPI/src/SPI.h:151:7: note:   candidate expects 1 argument, 0 provided
/home/ec2-user/arduino-testlib/cli-datadir/data/packages/arduino/hardware/megaavr/1.8.7/libraries/SPI/src/SPI.h:151:7: note: candidate: constexpr SPIClassMegaAVR::SPIClassMegaAVR(SPIClassMegaAVR&amp;&amp;)
/home/ec2-user/arduino-testlib/cli-datadir/data/packages/arduino/hardware/megaavr/1.8.7/libraries/SPI/src/SPI.h:151:7: note:   candidate expects 1 argument, 0 provided

</pre>
					
					<h4>examples/ping_server</h4>
					<p>
						Result: <b>FAIL</b>
					</p>
					<pre class="pre-scrollable">/home/ec2-user/arduino-testlib/cli-datadir/user/libraries/nRF905_Radio_Library/src/nRF905.cpp: In constructor &#39;nRF905::nRF905()&#39;:
/home/ec2-user/arduino-testlib/cli-datadir/user/libraries/nRF905_Radio_Library/src/nRF905.cpp:186:16: error: no matching function for call to &#39;SPIClassMegaAVR::SPIClassMegaAVR()&#39;
 nRF905::nRF905()
                ^
In file included from /home/ec2-user/arduino-testlib/cli-datadir/user/libraries/nRF905_Radio_Library/src/nRF905.cpp:10:0:
/home/ec2-user/arduino-testlib/cli-datadir/data/packages/arduino/hardware/megaavr/1.8.7/libraries/SPI/src/SPI.h:153:3: note: candidate: SPIClassMegaAVR::SPIClassMegaAVR(uint8_t, uint8_t, uint8_t, uint8_t, uint8_t)
   SPIClassMegaAVR(uint8_t uc_pinMISO, uint8_t uc_pinSCK, uint8_t uc_pinMOSI, uint8_t uc_pinSS, uint8_t uc_mux);
   ^~~~~~~~~~~~~~~
/home/ec2-user/arduino-testlib/cli-datadir/data/packages/arduino/hardware/megaavr/1.8.7/libraries/SPI/src/SPI.h:153:3: note:   candidate expects 5 arguments, 0 provided
/home/ec2-user/arduino-testlib/cli-datadir/data/packages/arduino/hardware/megaavr/1.8.7/libraries/SPI/src/SPI.h:151:7: note: candidate: constexpr SPIClassMegaAVR::SPIClassMegaAVR(const SPIClassMegaAVR&amp;)
 class SPIClassMegaAVR : public arduino::HardwareSPI {
       ^~~~~~~~~~~~~~~
/home/ec2-user/arduino-testlib/cli-datadir/data/packages/arduino/hardware/megaavr/1.8.7/libraries/SPI/src/SPI.h:151:7: note:   candidate expects 1 argument, 0 provided
/home/ec2-user/arduino-testlib/cli-datadir/data/packages/arduino/hardware/megaavr/1.8.7/libraries/SPI/src/SPI.h:151:7: note: candidate: constexpr SPIClassMegaAVR::SPIClassMegaAVR(SPIClassMegaAVR&amp;&amp;)
/home/ec2-user/arduino-testlib/cli-datadir/data/packages/arduino/hardware/megaavr/1.8.7/libraries/SPI/src/SPI.h:151:7: note:   candidate expects 1 argument, 0 provided

</pre>
					
					<h4>examples/wirelessSerialLink</h4>
					<p>
						Result: <b>FAIL</b>
					</p>
					<pre class="pre-scrollable">/home/ec2-user/arduino-testlib/cli-datadir/user/libraries/nRF905_Radio_Library/examples/wirelessSerialLink/wirelessSerialLink.ino:40:18: error: &#39;NRF905_ADDR_SIZE&#39; was not declared in this scope
  byte dstAddress[NRF905_ADDR_SIZE];
                  ^~~~~~~~~~~~~~~~
/home/ec2-user/arduino-testlib/cli-datadir/user/libraries/nRF905_Radio_Library/examples/wirelessSerialLink/wirelessSerialLink.ino:40:18: note: suggested alternative: &#39;NRF905_ADDR_SIZE_RX&#39;
  byte dstAddress[NRF905_ADDR_SIZE];
                  ^~~~~~~~~~~~~~~~
                  NRF905_ADDR_SIZE_RX
/home/ec2-user/arduino-testlib/cli-datadir/user/libraries/nRF905_Radio_Library/examples/wirelessSerialLink/wirelessSerialLink.ino: In function &#39;void NRF905_CB_RXCOMPLETE()&#39;:
/home/ec2-user/arduino-testlib/cli-datadir/user/libraries/nRF905_Radio_Library/examples/wirelessSerialLink/wirelessSerialLink.ino:52:2: error: &#39;nRF905_read&#39; was not declared in this scope
  nRF905_read((byte*)newData, sizeof(newData));
  ^~~~~~~~~~~
/home/ec2-user/arduino-testlib/cli-datadir/user/libraries/nRF905_Radio_Library/examples/wirelessSerialLink/wirelessSerialLink.ino:52:2: note: suggested alternative: &#39;nRF905_crc_t&#39;
  nRF905_read((byte*)newData, sizeof(newData));
  ^~~~~~~~~~~
  nRF905_crc_t
/home/ec2-user/arduino-testlib/cli-datadir/user/libraries/nRF905_Radio_Library/examples/wirelessSerialLink/wirelessSerialLink.ino: In function &#39;void NRF905_CB_TXCOMPLETE()&#39;:
/home/ec2-user/arduino-testlib/cli-datadir/user/libraries/nRF905_Radio_Library/examples/wirelessSerialLink/wirelessSerialLink.ino:59:2: error: &#39;nRF905_RX&#39; was not declared in this scope
  nRF905_RX();
  ^~~~~~~~~
/home/ec2-user/arduino-testlib/cli-datadir/user/libraries/nRF905_Radio_Library/examples/wirelessSerialLink/wirelessSerialLink.ino:59:2: note: suggested alternative: &#39;nRF905&#39;
  nRF905_RX();
  ^~~~~~~~~
  nRF905
/home/ec2-user/arduino-testlib/cli-datadir/user/libraries/nRF905_Radio_Library/examples/wirelessSerialLink/wirelessSerialLink.ino: In function &#39;void setup()&#39;:
/home/ec2-user/arduino-testlib/cli-datadir/user/libraries/nRF905_Radio_Library/examples/wirelessSerialLink/wirelessSerialLink.ino:65:2: error: &#39;nRF905_init&#39; was not declared in this scope
  nRF905_init();
  ^~~~~~~~~~~
/home/ec2-user/arduino-testlib/cli-datadir/user/libraries/nRF905_Radio_Library/examples/wirelessSerialLink/wirelessSerialLink.ino:65:2: note: suggested alternative: &#39;nRF905_crc_t&#39;
  nRF905_init();
  ^~~~~~~~~~~
  nRF905_crc_t
/home/ec2-user/arduino-testlib/cli-datadir/user/libraries/nRF905_Radio_Library/examples/wirelessSerialLink/wirelessSerialLink.ino:68:2: error: &#39;nRF905_RX&#39; was not declared in this scope
  nRF905_RX();
  ^~~~~~~~~
/home/ec2-user/arduino-testlib/cli-datadir/user/libraries/nRF905_Radio_Library/examples/wirelessSerialLink/wirelessSerialLink.ino:68:2: note: suggested alternative: &#39;nRF905&#39;
  nRF905_RX();
  ^~~~~~~~~
  nRF905
/home/ec2-user/arduino-testlib/cli-datadir/user/libraries/nRF905_Radio_Library/examples/wirelessSerialLink/wirelessSerialLink.ino: In function &#39;void sendPacket(void*)&#39;:
/home/ec2-user/arduino-testlib/cli-datadir/user/libraries/nRF905_Radio_Library/examples/wirelessSerialLink/wirelessSerialLink.ino:162:9: error: &#39;nRF905_TX&#39; was not declared in this scope
  while(!nRF905_TX(NRF905_DEFAULT_TXADDR, tmpBuff, totalLength, NRF905_NEXTMODE_STANDBY));
         ^~~~~~~~~
/home/ec2-user/arduino-testlib/cli-datadir/user/libraries/nRF905_Radio_Library/examples/wirelessSerialLink/wirelessSerialLink.ino:162:9: note: suggested alternative: &#39;nRF905&#39;
  while(!nRF905_TX(NRF905_DEFAULT_TXADDR, tmpBuff, totalLength, NRF905_NEXTMODE_STANDBY));
         ^~~~~~~~~
         nRF905
/home/ec2-user/arduino-testlib/cli-datadir/user/libraries/nRF905_Radio_Library/examples/wirelessSerialLink/wirelessSerialLink.ino: In function &#39;bool getPacket(void*)&#39;:
/home/ec2-user/arduino-testlib/cli-datadir/user/libraries/nRF905_Radio_Library/examples/wirelessSerialLink/wirelessSerialLink.ino:176:2: error: &#39;NRF905_NO_INTERRUPT&#39; was not declared in this scope
  NRF905_NO_INTERRUPT()
  ^~~~~~~~~~~~~~~~~~~
/home/ec2-user/arduino-testlib/cli-datadir/user/libraries/nRF905_Radio_Library/examples/wirelessSerialLink/wirelessSerialLink.ino:176:2: note: suggested alternative: &#39;NOT_AN_INTERRUPT&#39;
  NRF905_NO_INTERRUPT()
  ^~~~~~~~~~~~~~~~~~~
  NOT_AN_INTERRUPT

</pre>
					
				
				<h3 id="arduino:samd:mkrwifi1010">arduino:samd:mkrwifi1010 @ 1.8.12</h3>
				<h4>Inclusion</h4>
				<p>
					Result: <b>FAIL</b>
					
				</p>
				<pre class="pre-scrollable">In file included from /tmp/arduino-testlib954028707/test/test.ino:1:0:
/home/ec2-user/arduino-testlib/cli-datadir/user/libraries/nRF905_Radio_Library/src/nRF905.h:179:12: error: cannot declare parameter &#39;spi&#39; to be of abstract type &#39;arduino::HardwareSPI&#39;
   SPIClass spi,
            ^~~
In file included from /home/ec2-user/arduino-testlib/cli-datadir/data/packages/arduino/hardware/samd/1.8.12/libraries/SPI/SPI.h:24:0,
                 from /home/ec2-user/arduino-testlib/cli-datadir/user/libraries/nRF905_Radio_Library/src/nRF905.h:13,
                 from /tmp/arduino-testlib954028707/test/test.ino:1:
/home/ec2-user/arduino-testlib/cli-datadir/data/packages/arduino/hardware/samd/1.8.12/cores/arduino/api/HardwareSPI.h:104:7: note:   because the following virtual functions are pure within &#39;arduino::HardwareSPI&#39;:
 class HardwareSPI
       ^~~~~~~~~~~
/home/ec2-user/arduino-testlib/cli-datadir/data/packages/arduino/hardware/samd/1.8.12/cores/arduino/api/HardwareSPI.h:109:21: note: 	virtual uint8_t arduino::HardwareSPI::transfer(uint8_t)
     virtual uint8_t transfer(uint8_t data) = 0;
                     ^~~~~~~~
/home/ec2-user/arduino-testlib/cli-datadir/data/packages/arduino/hardware/samd/1.8.12/cores/arduino/api/HardwareSPI.h:110:22: note: 	virtual uint16_t arduino::HardwareSPI::transfer16(uint16_t)
     virtual uint16_t transfer16(uint16_t data) = 0;
                      ^~~~~~~~~~
/home/ec2-user/arduino-testlib/cli-datadir/data/packages/arduino/hardware/samd/1.8.12/cores/arduino/api/HardwareSPI.h:111:18: note: 	virtual void arduino::HardwareSPI::transfer(void*, size_t)
     virtual void transfer(void *buf, size_t count) = 0;
                  ^~~~~~~~
/home/ec2-user/arduino-testlib/cli-datadir/data/packages/arduino/hardware/samd/1.8.12/cores/arduino/api/HardwareSPI.h:114:18: note: 	virtual void arduino::HardwareSPI::usingInterrupt(int)
     virtual void usingInterrupt(int interruptNumber) = 0;
                  ^~~~~~~~~~~~~~
/home/ec2-user/arduino-testlib/cli-datadir/data/packages/arduino/hardware/samd/1.8.12/cores/arduino/api/HardwareSPI.h:115:18: note: 	virtual void arduino::HardwareSPI::notUsingInterrupt(int)
     virtual void notUsingInterrupt(int interruptNumber) = 0;
                  ^~~~~~~~~~~~~~~~~
/home/ec2-user/arduino-testlib/cli-datadir/data/packages/arduino/hardware/samd/1.8.12/cores/arduino/api/HardwareSPI.h:116:18: note: 	virtual void arduino::HardwareSPI::beginTransaction(arduino::SPISettings)
     virtual void beginTransaction(SPISettings settings) = 0;
                  ^~~~~~~~~~~~~~~~
/home/ec2-user/arduino-testlib/cli-datadir/data/packages/arduino/hardware/samd/1.8.12/cores/arduino/api/HardwareSPI.h:117:18: note: 	virtual void arduino::HardwareSPI::endTransaction()
     virtual void endTransaction(void) = 0;
                  ^~~~~~~~~~~~~~
/home/ec2-user/arduino-testlib/cli-datadir/data/packages/arduino/hardware/samd/1.8.12/cores/arduino/api/HardwareSPI.h:120:18: note: 	virtual void arduino::HardwareSPI::attachInterrupt()
     virtual void attachInterrupt() = 0;
                  ^~~~~~~~~~~~~~~
/home/ec2-user/arduino-testlib/cli-datadir/data/packages/arduino/hardware/samd/1.8.12/cores/arduino/api/HardwareSPI.h:121:18: note: 	virtual void arduino::HardwareSPI::detachInterrupt()
     virtual void detachInterrupt() = 0;
                  ^~~~~~~~~~~~~~~
/home/ec2-user/arduino-testlib/cli-datadir/data/packages/arduino/hardware/samd/1.8.12/cores/arduino/api/HardwareSPI.h:123:18: note: 	virtual void arduino::HardwareSPI::begin()
     virtual void begin() = 0;
                  ^~~~~
/home/ec2-user/arduino-testlib/cli-datadir/data/packages/arduino/hardware/samd/1.8.12/cores/arduino/api/HardwareSPI.h:124:18: note: 	virtual void arduino::HardwareSPI::end()
     virtual void end() = 0;
                  ^~~
In file included from /tmp/arduino-testlib954028707/test/test.ino:1:0:
/home/ec2-user/arduino-testlib/cli-datadir/user/libraries/nRF905_Radio_Library/src/nRF905.h:102:11: error: cannot declare field &#39;nRF905::spi&#39; to be of abstract type &#39;arduino::HardwareSPI&#39;
  SPIClass spi;
           ^~~

</pre>

					
					<h4>examples/callbacks_irq</h4>
					<p>
						Result: <b>FAIL</b>
					</p>
					<pre class="pre-scrollable">In file included from /home/ec2-user/arduino-testlib/cli-datadir/user/libraries/nRF905_Radio_Library/examples/callbacks_irq/callbacks_irq.ino:17:0:
/home/ec2-user/arduino-testlib/cli-datadir/user/libraries/nRF905_Radio_Library/src/nRF905.h:179:12: error: cannot declare parameter &#39;spi&#39; to be of abstract type &#39;arduino::HardwareSPI&#39;
   SPIClass spi,
            ^~~
In file included from /home/ec2-user/arduino-testlib/cli-datadir/data/packages/arduino/hardware/samd/1.8.12/libraries/SPI/SPI.h:24:0,
                 from /home/ec2-user/arduino-testlib/cli-datadir/user/libraries/nRF905_Radio_Library/src/nRF905.h:13,
                 from /home/ec2-user/arduino-testlib/cli-datadir/user/libraries/nRF905_Radio_Library/examples/callbacks_irq/callbacks_irq.ino:17:
/home/ec2-user/arduino-testlib/cli-datadir/data/packages/arduino/hardware/samd/1.8.12/cores/arduino/api/HardwareSPI.h:104:7: note:   because the following virtual functions are pure within &#39;arduino::HardwareSPI&#39;:
 class HardwareSPI
       ^~~~~~~~~~~
/home/ec2-user/arduino-testlib/cli-datadir/data/packages/arduino/hardware/samd/1.8.12/cores/arduino/api/HardwareSPI.h:109:21: note: 	virtual uint8_t arduino::HardwareSPI::transfer(uint8_t)
     virtual uint8_t transfer(uint8_t data) = 0;
                     ^~~~~~~~
/home/ec2-user/arduino-testlib/cli-datadir/data/packages/arduino/hardware/samd/1.8.12/cores/arduino/api/HardwareSPI.h:110:22: note: 	virtual uint16_t arduino::HardwareSPI::transfer16(uint16_t)
     virtual uint16_t transfer16(uint16_t data) = 0;
                      ^~~~~~~~~~
/home/ec2-user/arduino-testlib/cli-datadir/data/packages/arduino/hardware/samd/1.8.12/cores/arduino/api/HardwareSPI.h:111:18: note: 	virtual void arduino::HardwareSPI::transfer(void*, size_t)
     virtual void transfer(void *buf, size_t count) = 0;
                  ^~~~~~~~
/home/ec2-user/arduino-testlib/cli-datadir/data/packages/arduino/hardware/samd/1.8.12/cores/arduino/api/HardwareSPI.h:114:18: note: 	virtual void arduino::HardwareSPI::usingInterrupt(int)
     virtual void usingInterrupt(int interruptNumber) = 0;
                  ^~~~~~~~~~~~~~
/home/ec2-user/arduino-testlib/cli-datadir/data/packages/arduino/hardware/samd/1.8.12/cores/arduino/api/HardwareSPI.h:115:18: note: 	virtual void arduino::HardwareSPI::notUsingInterrupt(int)
     virtual void notUsingInterrupt(int interruptNumber) = 0;
                  ^~~~~~~~~~~~~~~~~
/home/ec2-user/arduino-testlib/cli-datadir/data/packages/arduino/hardware/samd/1.8.12/cores/arduino/api/HardwareSPI.h:116:18: note: 	virtual void arduino::HardwareSPI::beginTransaction(arduino::SPISettings)
     virtual void beginTransaction(SPISettings settings) = 0;
                  ^~~~~~~~~~~~~~~~
/home/ec2-user/arduino-testlib/cli-datadir/data/packages/arduino/hardware/samd/1.8.12/cores/arduino/api/HardwareSPI.h:117:18: note: 	virtual void arduino::HardwareSPI::endTransaction()
     virtual void endTransaction(void) = 0;
                  ^~~~~~~~~~~~~~
/home/ec2-user/arduino-testlib/cli-datadir/data/packages/arduino/hardware/samd/1.8.12/cores/arduino/api/HardwareSPI.h:120:18: note: 	virtual void arduino::HardwareSPI::attachInterrupt()
     virtual void attachInterrupt() = 0;
                  ^~~~~~~~~~~~~~~
/home/ec2-user/arduino-testlib/cli-datadir/data/packages/arduino/hardware/samd/1.8.12/cores/arduino/api/HardwareSPI.h:121:18: note: 	virtual void arduino::HardwareSPI::detachInterrupt()
     virtual void detachInterrupt() = 0;
                  ^~~~~~~~~~~~~~~
/home/ec2-user/arduino-testlib/cli-datadir/data/packages/arduino/hardware/samd/1.8.12/cores/arduino/api/HardwareSPI.h:123:18: note: 	virtual void arduino::HardwareSPI::begin()
     virtual void begin() = 0;
                  ^~~~~
/home/ec2-user/arduino-testlib/cli-datadir/data/packages/arduino/hardware/samd/1.8.12/cores/arduino/api/HardwareSPI.h:124:18: note: 	virtual void arduino::HardwareSPI::end()
     virtual void end() = 0;
                  ^~~
In file included from /home/ec2-user/arduino-testlib/cli-datadir/user/libraries/nRF905_Radio_Library/examples/callbacks_irq/callbacks_irq.ino:17:0:
/home/ec2-user/arduino-testlib/cli-datadir/user/libraries/nRF905_Radio_Library/src/nRF905.h:102:11: error: cannot declare field &#39;nRF905::spi&#39; to be of abstract type &#39;arduino::HardwareSPI&#39;
  SPIClass spi;
           ^~~
/home/ec2-user/arduino-testlib/cli-datadir/user/libraries/nRF905_Radio_Library/examples/callbacks_irq/callbacks_irq.ino: In function &#39;void NRF905_CB_RXCOMPLETE()&#39;:
/home/ec2-user/arduino-testlib/cli-datadir/user/libraries/nRF905_Radio_Library/examples/callbacks_irq/callbacks_irq.ino:27:2: error: &#39;nRF905_read&#39; was not declared in this scope
  nRF905_read(buffer, sizeof(buffer));
  ^~~~~~~~~~~
/home/ec2-user/arduino-testlib/cli-datadir/user/libraries/nRF905_Radio_Library/examples/callbacks_irq/callbacks_irq.ino:27:2: note: suggested alternative: &#39;nRF905_crc_t&#39;
  nRF905_read(buffer, sizeof(buffer));
  ^~~~~~~~~~~
  nRF905_crc_t
/home/ec2-user/arduino-testlib/cli-datadir/user/libraries/nRF905_Radio_Library/examples/callbacks_irq/callbacks_irq.ino: In function &#39;void setup()&#39;:
/home/ec2-user/arduino-testlib/cli-datadir/user/libraries/nRF905_Radio_Library/examples/callbacks_irq/callbacks_irq.ino:68:2: error: &#39;nRF905_init&#39; was not declared in this scope
  nRF905_init();
  ^~~~~~~~~~~
/home/ec2-user/arduino-testlib/cli-datadir/user/libraries/nRF905_Radio_Library/examples/callbacks_irq/callbacks_irq.ino:68:2: note: suggested alternative: &#39;nRF905_crc_t&#39;
  nRF905_init();
  ^~~~~~~~~~~
  nRF905_crc_t
/home/ec2-user/arduino-testlib/cli-datadir/user/libraries/nRF905_Radio_Library/examples/callbacks_irq/callbacks_irq.ino:70:2: error: &#39;nRF905_RX&#39; was not declared in this scope
  nRF905_RX();
  ^~~~~~~~~
/home/ec2-user/arduino-testlib/cli-datadir/user/libraries/nRF905_Radio_Library/examples/callbacks_irq/callbacks_irq.ino:70:2: note: suggested alternative: &#39;nRF905&#39;
  nRF905_RX();
  ^~~~~~~~~
  nRF905
/home/ec2-user/arduino-testlib/cli-datadir/user/libraries/nRF905_Radio_Library/examples/callbacks_irq/callbacks_irq.ino: In function &#39;void loop()&#39;:
/home/ec2-user/arduino-testlib/cli-datadir/user/libraries/nRF905_Radio_Library/examples/callbacks_irq/callbacks_irq.ino:87:2: error: &#39;nRF905_TX&#39; was not declared in this scope
  nRF905_TX(TXADDR, testData, sizeof(testData), NRF905_NEXTMODE_STANDBY); // Transmit and go to standby mode once sent (the NRF905_CB_TXCOMPLETE callback only works if the next mode is standby)
  ^~~~~~~~~
/home/ec2-user/arduino-testlib/cli-datadir/user/libraries/nRF905_Radio_Library/examples/callbacks_irq/callbacks_irq.ino:87:2: note: suggested alternative: &#39;nRF905&#39;
  nRF905_TX(TXADDR, testData, sizeof(testData), NRF905_NEXTMODE_STANDBY); // Transmit and go to standby mode once sent (the NRF905_CB_TXCOMPLETE callback only works if the next mode is standby)
  ^~~~~~~~~
  nRF905
/home/ec2-user/arduino-testlib/cli-datadir/user/libraries/nRF905_Radio_Library/examples/callbacks_irq/callbacks_irq.ino:94:2: error: &#39;NRF905_NO_INTERRUPT&#39; was not declared in this scope
  NRF905_NO_INTERRUPT()
  ^~~~~~~~~~~~~~~~~~~
/home/ec2-user/arduino-testlib/cli-datadir/user/libraries/nRF905_Radio_Library/examples/callbacks_irq/callbacks_irq.ino:94:2: note: suggested alternative: &#39;NOT_AN_INTERRUPT&#39;
  NRF905_NO_INTERRUPT()
  ^~~~~~~~~~~~~~~~~~~
  NOT_AN_INTERRUPT

</pre>
					
					<h4>examples/debug</h4>
					<p>
						Result: <b>FAIL</b>
					</p>
					<pre class="pre-scrollable">In file included from /home/ec2-user/arduino-testlib/cli-datadir/user/libraries/nRF905_Radio_Library/examples/debug/debug.ino:13:0:
/home/ec2-user/arduino-testlib/cli-datadir/user/libraries/nRF905_Radio_Library/src/nRF905.h:179:12: error: cannot declare parameter &#39;spi&#39; to be of abstract type &#39;arduino::HardwareSPI&#39;
   SPIClass spi,
            ^~~
In file included from /home/ec2-user/arduino-testlib/cli-datadir/data/packages/arduino/hardware/samd/1.8.12/libraries/SPI/SPI.h:24:0,
                 from /home/ec2-user/arduino-testlib/cli-datadir/user/libraries/nRF905_Radio_Library/src/nRF905.h:13,
                 from /home/ec2-user/arduino-testlib/cli-datadir/user/libraries/nRF905_Radio_Library/examples/debug/debug.ino:13:
/home/ec2-user/arduino-testlib/cli-datadir/data/packages/arduino/hardware/samd/1.8.12/cores/arduino/api/HardwareSPI.h:104:7: note:   because the following virtual functions are pure within &#39;arduino::HardwareSPI&#39;:
 class HardwareSPI
       ^~~~~~~~~~~
/home/ec2-user/arduino-testlib/cli-datadir/data/packages/arduino/hardware/samd/1.8.12/cores/arduino/api/HardwareSPI.h:109:21: note: 	virtual uint8_t arduino::HardwareSPI::transfer(uint8_t)
     virtual uint8_t transfer(uint8_t data) = 0;
                     ^~~~~~~~
/home/ec2-user/arduino-testlib/cli-datadir/data/packages/arduino/hardware/samd/1.8.12/cores/arduino/api/HardwareSPI.h:110:22: note: 	virtual uint16_t arduino::HardwareSPI::transfer16(uint16_t)
     virtual uint16_t transfer16(uint16_t data) = 0;
                      ^~~~~~~~~~
/home/ec2-user/arduino-testlib/cli-datadir/data/packages/arduino/hardware/samd/1.8.12/cores/arduino/api/HardwareSPI.h:111:18: note: 	virtual void arduino::HardwareSPI::transfer(void*, size_t)
     virtual void transfer(void *buf, size_t count) = 0;
                  ^~~~~~~~
/home/ec2-user/arduino-testlib/cli-datadir/data/packages/arduino/hardware/samd/1.8.12/cores/arduino/api/HardwareSPI.h:114:18: note: 	virtual void arduino::HardwareSPI::usingInterrupt(int)
     virtual void usingInterrupt(int interruptNumber) = 0;
                  ^~~~~~~~~~~~~~
/home/ec2-user/arduino-testlib/cli-datadir/data/packages/arduino/hardware/samd/1.8.12/cores/arduino/api/HardwareSPI.h:115:18: note: 	virtual void arduino::HardwareSPI::notUsingInterrupt(int)
     virtual void notUsingInterrupt(int interruptNumber) = 0;
                  ^~~~~~~~~~~~~~~~~
/home/ec2-user/arduino-testlib/cli-datadir/data/packages/arduino/hardware/samd/1.8.12/cores/arduino/api/HardwareSPI.h:116:18: note: 	virtual void arduino::HardwareSPI::beginTransaction(arduino::SPISettings)
     virtual void beginTransaction(SPISettings settings) = 0;
                  ^~~~~~~~~~~~~~~~
/home/ec2-user/arduino-testlib/cli-datadir/data/packages/arduino/hardware/samd/1.8.12/cores/arduino/api/HardwareSPI.h:117:18: note: 	virtual void arduino::HardwareSPI::endTransaction()
     virtual void endTransaction(void) = 0;
                  ^~~~~~~~~~~~~~
/home/ec2-user/arduino-testlib/cli-datadir/data/packages/arduino/hardware/samd/1.8.12/cores/arduino/api/HardwareSPI.h:120:18: note: 	virtual void arduino::HardwareSPI::attachInterrupt()
     virtual void attachInterrupt() = 0;
                  ^~~~~~~~~~~~~~~
/home/ec2-user/arduino-testlib/cli-datadir/data/packages/arduino/hardware/samd/1.8.12/cores/arduino/api/HardwareSPI.h:121:18: note: 	virtual void arduino::HardwareSPI::detachInterrupt()
     virtual void detachInterrupt() = 0;
                  ^~~~~~~~~~~~~~~
/home/ec2-user/arduino-testlib/cli-datadir/data/packages/arduino/hardware/samd/1.8.12/cores/arduino/api/HardwareSPI.h:123:18: note: 	virtual void arduino::HardwareSPI::begin()
     virtual void begin() = 0;
                  ^~~~~
/home/ec2-user/arduino-testlib/cli-datadir/data/packages/arduino/hardware/samd/1.8.12/cores/arduino/api/HardwareSPI.h:124:18: note: 	virtual void arduino::HardwareSPI::end()
     virtual void end() = 0;
                  ^~~
In file included from /home/ec2-user/arduino-testlib/cli-datadir/user/libraries/nRF905_Radio_Library/examples/debug/debug.ino:13:0:
/home/ec2-user/arduino-testlib/cli-datadir/user/libraries/nRF905_Radio_Library/src/nRF905.h:102:11: error: cannot declare field &#39;nRF905::spi&#39; to be of abstract type &#39;arduino::HardwareSPI&#39;
  SPIClass spi;
           ^~~
/home/ec2-user/arduino-testlib/cli-datadir/user/libraries/nRF905_Radio_Library/examples/debug/debug.ino: In function &#39;void setup()&#39;:
/home/ec2-user/arduino-testlib/cli-datadir/user/libraries/nRF905_Radio_Library/examples/debug/debug.ino:41:2: error: cannot allocate an object of abstract type &#39;arduino::HardwareSPI&#39;
  );
  ^

</pre>
					
					<h4>examples/lowpwr_node_baseStation</h4>
					<p>
						Result: <b>FAIL</b>
					</p>
					<pre class="pre-scrollable">In file included from /home/ec2-user/arduino-testlib/cli-datadir/user/libraries/nRF905_Radio_Library/examples/lowpwr_node_baseStation/lowpwr_node_baseStation.ino:27:0:
/home/ec2-user/arduino-testlib/cli-datadir/user/libraries/LowPower_LowPowerLab/LowPower.h:161:6: error: #error &#34;Please ensure chosen MCU is a SAMD21&#34;
     #error &#34;Please ensure chosen MCU is a SAMD21&#34;
      ^~~~~
Multiple libraries were found for &#34;LowPower.h&#34;
  Used: /home/ec2-user/arduino-testlib/cli-datadir/user/libraries/LowPower_LowPowerLab
  Not used: /home/ec2-user/arduino-testlib/cli-datadir/user/libraries/Low-Power
</pre>
					
					<h4>examples/lowpwr_node_sensor</h4>
					<p>
						Result: <b>FAIL</b>
					</p>
					<pre class="pre-scrollable">In file included from /home/ec2-user/arduino-testlib/cli-datadir/user/libraries/nRF905_Radio_Library/examples/lowpwr_node_sensor/lowpwr_node_sensor.ino:24:0:
/home/ec2-user/arduino-testlib/cli-datadir/user/libraries/LowPower_LowPowerLab/LowPower.h:161:6: error: #error &#34;Please ensure chosen MCU is a SAMD21&#34;
     #error &#34;Please ensure chosen MCU is a SAMD21&#34;
      ^~~~~
Multiple libraries were found for &#34;LowPower.h&#34;
  Used: /home/ec2-user/arduino-testlib/cli-datadir/user/libraries/LowPower_LowPowerLab
  Not used: /home/ec2-user/arduino-testlib/cli-datadir/user/libraries/Low-Power
</pre>
					
					<h4>examples/ping_client</h4>
					<p>
						Result: <b>FAIL</b>
					</p>
					<pre class="pre-scrollable">In file included from /home/ec2-user/arduino-testlib/cli-datadir/user/libraries/nRF905_Radio_Library/examples/ping_client/ping_client.ino:14:0:
/home/ec2-user/arduino-testlib/cli-datadir/user/libraries/nRF905_Radio_Library/src/nRF905.h:179:12: error: cannot declare parameter &#39;spi&#39; to be of abstract type &#39;arduino::HardwareSPI&#39;
   SPIClass spi,
            ^~~
In file included from /home/ec2-user/arduino-testlib/cli-datadir/data/packages/arduino/hardware/samd/1.8.12/libraries/SPI/SPI.h:24:0,
                 from /home/ec2-user/arduino-testlib/cli-datadir/user/libraries/nRF905_Radio_Library/src/nRF905.h:13,
                 from /home/ec2-user/arduino-testlib/cli-datadir/user/libraries/nRF905_Radio_Library/examples/ping_client/ping_client.ino:14:
/home/ec2-user/arduino-testlib/cli-datadir/data/packages/arduino/hardware/samd/1.8.12/cores/arduino/api/HardwareSPI.h:104:7: note:   because the following virtual functions are pure within &#39;arduino::HardwareSPI&#39;:
 class HardwareSPI
       ^~~~~~~~~~~
/home/ec2-user/arduino-testlib/cli-datadir/data/packages/arduino/hardware/samd/1.8.12/cores/arduino/api/HardwareSPI.h:109:21: note: 	virtual uint8_t arduino::HardwareSPI::transfer(uint8_t)
     virtual uint8_t transfer(uint8_t data) = 0;
                     ^~~~~~~~
/home/ec2-user/arduino-testlib/cli-datadir/data/packages/arduino/hardware/samd/1.8.12/cores/arduino/api/HardwareSPI.h:110:22: note: 	virtual uint16_t arduino::HardwareSPI::transfer16(uint16_t)
     virtual uint16_t transfer16(uint16_t data) = 0;
                      ^~~~~~~~~~
/home/ec2-user/arduino-testlib/cli-datadir/data/packages/arduino/hardware/samd/1.8.12/cores/arduino/api/HardwareSPI.h:111:18: note: 	virtual void arduino::HardwareSPI::transfer(void*, size_t)
     virtual void transfer(void *buf, size_t count) = 0;
                  ^~~~~~~~
/home/ec2-user/arduino-testlib/cli-datadir/data/packages/arduino/hardware/samd/1.8.12/cores/arduino/api/HardwareSPI.h:114:18: note: 	virtual void arduino::HardwareSPI::usingInterrupt(int)
     virtual void usingInterrupt(int interruptNumber) = 0;
                  ^~~~~~~~~~~~~~
/home/ec2-user/arduino-testlib/cli-datadir/data/packages/arduino/hardware/samd/1.8.12/cores/arduino/api/HardwareSPI.h:115:18: note: 	virtual void arduino::HardwareSPI::notUsingInterrupt(int)
     virtual void notUsingInterrupt(int interruptNumber) = 0;
                  ^~~~~~~~~~~~~~~~~
/home/ec2-user/arduino-testlib/cli-datadir/data/packages/arduino/hardware/samd/1.8.12/cores/arduino/api/HardwareSPI.h:116:18: note: 	virtual void arduino::HardwareSPI::beginTransaction(arduino::SPISettings)
     virtual void beginTransaction(SPISettings settings) = 0;
                  ^~~~~~~~~~~~~~~~
/home/ec2-user/arduino-testlib/cli-datadir/data/packages/arduino/hardware/samd/1.8.12/cores/arduino/api/HardwareSPI.h:117:18: note: 	virtual void arduino::HardwareSPI::endTransaction()
     virtual void endTransaction(void) = 0;
                  ^~~~~~~~~~~~~~
/home/ec2-user/arduino-testlib/cli-datadir/data/packages/arduino/hardware/samd/1.8.12/cores/arduino/api/HardwareSPI.h:120:18: note: 	virtual void arduino::HardwareSPI::attachInterrupt()
     virtual void attachInterrupt() = 0;
                  ^~~~~~~~~~~~~~~
/home/ec2-user/arduino-testlib/cli-datadir/data/packages/arduino/hardware/samd/1.8.12/cores/arduino/api/HardwareSPI.h:121:18: note: 	virtual void arduino::HardwareSPI::detachInterrupt()
     virtual void detachInterrupt() = 0;
                  ^~~~~~~~~~~~~~~
/home/ec2-user/arduino-testlib/cli-datadir/data/packages/arduino/hardware/samd/1.8.12/cores/arduino/api/HardwareSPI.h:123:18: note: 	virtual void arduino::HardwareSPI::begin()
     virtual void begin() = 0;
                  ^~~~~
/home/ec2-user/arduino-testlib/cli-datadir/data/packages/arduino/hardware/samd/1.8.12/cores/arduino/api/HardwareSPI.h:124:18: note: 	virtual void arduino::HardwareSPI::end()
     virtual void end() = 0;
                  ^~~
In file included from /home/ec2-user/arduino-testlib/cli-datadir/user/libraries/nRF905_Radio_Library/examples/ping_client/ping_client.ino:14:0:
/home/ec2-user/arduino-testlib/cli-datadir/user/libraries/nRF905_Radio_Library/src/nRF905.h:102:11: error: cannot declare field &#39;nRF905::spi&#39; to be of abstract type &#39;arduino::HardwareSPI&#39;
  SPIClass spi;
           ^~~
/home/ec2-user/arduino-testlib/cli-datadir/user/libraries/nRF905_Radio_Library/examples/ping_client/ping_client.ino: In function &#39;void setup()&#39;:
/home/ec2-user/arduino-testlib/cli-datadir/user/libraries/nRF905_Radio_Library/examples/ping_client/ping_client.ino:79:2: error: cannot allocate an object of abstract type &#39;arduino::HardwareSPI&#39;
  );
  ^

</pre>
					
					<h4>examples/ping_server</h4>
					<p>
						Result: <b>FAIL</b>
					</p>
					<pre class="pre-scrollable">In file included from /home/ec2-user/arduino-testlib/cli-datadir/user/libraries/nRF905_Radio_Library/examples/ping_server/ping_server.ino:13:0:
/home/ec2-user/arduino-testlib/cli-datadir/user/libraries/nRF905_Radio_Library/src/nRF905.h:179:12: error: cannot declare parameter &#39;spi&#39; to be of abstract type &#39;arduino::HardwareSPI&#39;
   SPIClass spi,
            ^~~
In file included from /home/ec2-user/arduino-testlib/cli-datadir/data/packages/arduino/hardware/samd/1.8.12/libraries/SPI/SPI.h:24:0,
                 from /home/ec2-user/arduino-testlib/cli-datadir/user/libraries/nRF905_Radio_Library/src/nRF905.h:13,
                 from /home/ec2-user/arduino-testlib/cli-datadir/user/libraries/nRF905_Radio_Library/examples/ping_server/ping_server.ino:13:
/home/ec2-user/arduino-testlib/cli-datadir/data/packages/arduino/hardware/samd/1.8.12/cores/arduino/api/HardwareSPI.h:104:7: note:   because the following virtual functions are pure within &#39;arduino::HardwareSPI&#39;:
 class HardwareSPI
       ^~~~~~~~~~~
/home/ec2-user/arduino-testlib/cli-datadir/data/packages/arduino/hardware/samd/1.8.12/cores/arduino/api/HardwareSPI.h:109:21: note: 	virtual uint8_t arduino::HardwareSPI::transfer(uint8_t)
     virtual uint8_t transfer(uint8_t data) = 0;
                     ^~~~~~~~
/home/ec2-user/arduino-testlib/cli-datadir/data/packages/arduino/hardware/samd/1.8.12/cores/arduino/api/HardwareSPI.h:110:22: note: 	virtual uint16_t arduino::HardwareSPI::transfer16(uint16_t)
     virtual uint16_t transfer16(uint16_t data) = 0;
                      ^~~~~~~~~~
/home/ec2-user/arduino-testlib/cli-datadir/data/packages/arduino/hardware/samd/1.8.12/cores/arduino/api/HardwareSPI.h:111:18: note: 	virtual void arduino::HardwareSPI::transfer(void*, size_t)
     virtual void transfer(void *buf, size_t count) = 0;
                  ^~~~~~~~
/home/ec2-user/arduino-testlib/cli-datadir/data/packages/arduino/hardware/samd/1.8.12/cores/arduino/api/HardwareSPI.h:114:18: note: 	virtual void arduino::HardwareSPI::usingInterrupt(int)
     virtual void usingInterrupt(int interruptNumber) = 0;
                  ^~~~~~~~~~~~~~
/home/ec2-user/arduino-testlib/cli-datadir/data/packages/arduino/hardware/samd/1.8.12/cores/arduino/api/HardwareSPI.h:115:18: note: 	virtual void arduino::HardwareSPI::notUsingInterrupt(int)
     virtual void notUsingInterrupt(int interruptNumber) = 0;
                  ^~~~~~~~~~~~~~~~~
/home/ec2-user/arduino-testlib/cli-datadir/data/packages/arduino/hardware/samd/1.8.12/cores/arduino/api/HardwareSPI.h:116:18: note: 	virtual void arduino::HardwareSPI::beginTransaction(arduino::SPISettings)
     virtual void beginTransaction(SPISettings settings) = 0;
                  ^~~~~~~~~~~~~~~~
/home/ec2-user/arduino-testlib/cli-datadir/data/packages/arduino/hardware/samd/1.8.12/cores/arduino/api/HardwareSPI.h:117:18: note: 	virtual void arduino::HardwareSPI::endTransaction()
     virtual void endTransaction(void) = 0;
                  ^~~~~~~~~~~~~~
/home/ec2-user/arduino-testlib/cli-datadir/data/packages/arduino/hardware/samd/1.8.12/cores/arduino/api/HardwareSPI.h:120:18: note: 	virtual void arduino::HardwareSPI::attachInterrupt()
     virtual void attachInterrupt() = 0;
                  ^~~~~~~~~~~~~~~
/home/ec2-user/arduino-testlib/cli-datadir/data/packages/arduino/hardware/samd/1.8.12/cores/arduino/api/HardwareSPI.h:121:18: note: 	virtual void arduino::HardwareSPI::detachInterrupt()
     virtual void detachInterrupt() = 0;
                  ^~~~~~~~~~~~~~~
/home/ec2-user/arduino-testlib/cli-datadir/data/packages/arduino/hardware/samd/1.8.12/cores/arduino/api/HardwareSPI.h:123:18: note: 	virtual void arduino::HardwareSPI::begin()
     virtual void begin() = 0;
                  ^~~~~
/home/ec2-user/arduino-testlib/cli-datadir/data/packages/arduino/hardware/samd/1.8.12/cores/arduino/api/HardwareSPI.h:124:18: note: 	virtual void arduino::HardwareSPI::end()
     virtual void end() = 0;
                  ^~~
In file included from /home/ec2-user/arduino-testlib/cli-datadir/user/libraries/nRF905_Radio_Library/examples/ping_server/ping_server.ino:13:0:
/home/ec2-user/arduino-testlib/cli-datadir/user/libraries/nRF905_Radio_Library/src/nRF905.h:102:11: error: cannot declare field &#39;nRF905::spi&#39; to be of abstract type &#39;arduino::HardwareSPI&#39;
  SPIClass spi;
           ^~~
/home/ec2-user/arduino-testlib/cli-datadir/user/libraries/nRF905_Radio_Library/examples/ping_server/ping_server.ino: In function &#39;void setup()&#39;:
/home/ec2-user/arduino-testlib/cli-datadir/user/libraries/nRF905_Radio_Library/examples/ping_server/ping_server.ino:71:2: error: cannot allocate an object of abstract type &#39;arduino::HardwareSPI&#39;
  );
  ^

</pre>
					
					<h4>examples/wirelessSerialLink</h4>
					<p>
						Result: <b>FAIL</b>
					</p>
					<pre class="pre-scrollable">In file included from /home/ec2-user/arduino-testlib/cli-datadir/user/libraries/nRF905_Radio_Library/examples/wirelessSerialLink/wirelessSerialLink.ino:33:0:
/home/ec2-user/arduino-testlib/cli-datadir/user/libraries/nRF905_Radio_Library/src/nRF905.h:179:12: error: cannot declare parameter &#39;spi&#39; to be of abstract type &#39;arduino::HardwareSPI&#39;
   SPIClass spi,
            ^~~
In file included from /home/ec2-user/arduino-testlib/cli-datadir/data/packages/arduino/hardware/samd/1.8.12/libraries/SPI/SPI.h:24:0,
                 from /home/ec2-user/arduino-testlib/cli-datadir/user/libraries/nRF905_Radio_Library/src/nRF905.h:13,
                 from /home/ec2-user/arduino-testlib/cli-datadir/user/libraries/nRF905_Radio_Library/examples/wirelessSerialLink/wirelessSerialLink.ino:33:
/home/ec2-user/arduino-testlib/cli-datadir/data/packages/arduino/hardware/samd/1.8.12/cores/arduino/api/HardwareSPI.h:104:7: note:   because the following virtual functions are pure within &#39;arduino::HardwareSPI&#39;:
 class HardwareSPI
       ^~~~~~~~~~~
/home/ec2-user/arduino-testlib/cli-datadir/data/packages/arduino/hardware/samd/1.8.12/cores/arduino/api/HardwareSPI.h:109:21: note: 	virtual uint8_t arduino::HardwareSPI::transfer(uint8_t)
     virtual uint8_t transfer(uint8_t data) = 0;
                     ^~~~~~~~
/home/ec2-user/arduino-testlib/cli-datadir/data/packages/arduino/hardware/samd/1.8.12/cores/arduino/api/HardwareSPI.h:110:22: note: 	virtual uint16_t arduino::HardwareSPI::transfer16(uint16_t)
     virtual uint16_t transfer16(uint16_t data) = 0;
                      ^~~~~~~~~~
/home/ec2-user/arduino-testlib/cli-datadir/data/packages/arduino/hardware/samd/1.8.12/cores/arduino/api/HardwareSPI.h:111:18: note: 	virtual void arduino::HardwareSPI::transfer(void*, size_t)
     virtual void transfer(void *buf, size_t count) = 0;
                  ^~~~~~~~
/home/ec2-user/arduino-testlib/cli-datadir/data/packages/arduino/hardware/samd/1.8.12/cores/arduino/api/HardwareSPI.h:114:18: note: 	virtual void arduino::HardwareSPI::usingInterrupt(int)
     virtual void usingInterrupt(int interruptNumber) = 0;
                  ^~~~~~~~~~~~~~
/home/ec2-user/arduino-testlib/cli-datadir/data/packages/arduino/hardware/samd/1.8.12/cores/arduino/api/HardwareSPI.h:115:18: note: 	virtual void arduino::HardwareSPI::notUsingInterrupt(int)
     virtual void notUsingInterrupt(int interruptNumber) = 0;
                  ^~~~~~~~~~~~~~~~~
/home/ec2-user/arduino-testlib/cli-datadir/data/packages/arduino/hardware/samd/1.8.12/cores/arduino/api/HardwareSPI.h:116:18: note: 	virtual void arduino::HardwareSPI::beginTransaction(arduino::SPISettings)
     virtual void beginTransaction(SPISettings settings) = 0;
                  ^~~~~~~~~~~~~~~~
/home/ec2-user/arduino-testlib/cli-datadir/data/packages/arduino/hardware/samd/1.8.12/cores/arduino/api/HardwareSPI.h:117:18: note: 	virtual void arduino::HardwareSPI::endTransaction()
     virtual void endTransaction(void) = 0;
                  ^~~~~~~~~~~~~~
/home/ec2-user/arduino-testlib/cli-datadir/data/packages/arduino/hardware/samd/1.8.12/cores/arduino/api/HardwareSPI.h:120:18: note: 	virtual void arduino::HardwareSPI::attachInterrupt()
     virtual void attachInterrupt() = 0;
                  ^~~~~~~~~~~~~~~
/home/ec2-user/arduino-testlib/cli-datadir/data/packages/arduino/hardware/samd/1.8.12/cores/arduino/api/HardwareSPI.h:121:18: note: 	virtual void arduino::HardwareSPI::detachInterrupt()
     virtual void detachInterrupt() = 0;
                  ^~~~~~~~~~~~~~~
/home/ec2-user/arduino-testlib/cli-datadir/data/packages/arduino/hardware/samd/1.8.12/cores/arduino/api/HardwareSPI.h:123:18: note: 	virtual void arduino::HardwareSPI::begin()
     virtual void begin() = 0;
                  ^~~~~
/home/ec2-user/arduino-testlib/cli-datadir/data/packages/arduino/hardware/samd/1.8.12/cores/arduino/api/HardwareSPI.h:124:18: note: 	virtual void arduino::HardwareSPI::end()
     virtual void end() = 0;
                  ^~~
In file included from /home/ec2-user/arduino-testlib/cli-datadir/user/libraries/nRF905_Radio_Library/examples/wirelessSerialLink/wirelessSerialLink.ino:33:0:
/home/ec2-user/arduino-testlib/cli-datadir/user/libraries/nRF905_Radio_Library/src/nRF905.h:102:11: error: cannot declare field &#39;nRF905::spi&#39; to be of abstract type &#39;arduino::HardwareSPI&#39;
  SPIClass spi;
           ^~~
/home/ec2-user/arduino-testlib/cli-datadir/user/libraries/nRF905_Radio_Library/examples/wirelessSerialLink/wirelessSerialLink.ino:40:18: error: &#39;NRF905_ADDR_SIZE&#39; was not declared in this scope
  byte dstAddress[NRF905_ADDR_SIZE];
                  ^~~~~~~~~~~~~~~~
/home/ec2-user/arduino-testlib/cli-datadir/user/libraries/nRF905_Radio_Library/examples/wirelessSerialLink/wirelessSerialLink.ino:40:18: note: suggested alternative: &#39;NRF905_ADDR_SIZE_RX&#39;
  byte dstAddress[NRF905_ADDR_SIZE];
                  ^~~~~~~~~~~~~~~~
                  NRF905_ADDR_SIZE_RX
/home/ec2-user/arduino-testlib/cli-datadir/user/libraries/nRF905_Radio_Library/examples/wirelessSerialLink/wirelessSerialLink.ino: In function &#39;void NRF905_CB_RXCOMPLETE()&#39;:
/home/ec2-user/arduino-testlib/cli-datadir/user/libraries/nRF905_Radio_Library/examples/wirelessSerialLink/wirelessSerialLink.ino:52:2: error: &#39;nRF905_read&#39; was not declared in this scope
  nRF905_read((byte*)newData, sizeof(newData));
  ^~~~~~~~~~~
/home/ec2-user/arduino-testlib/cli-datadir/user/libraries/nRF905_Radio_Library/examples/wirelessSerialLink/wirelessSerialLink.ino:52:2: note: suggested alternative: &#39;nRF905_crc_t&#39;
  nRF905_read((byte*)newData, sizeof(newData));
  ^~~~~~~~~~~
  nRF905_crc_t
/home/ec2-user/arduino-testlib/cli-datadir/user/libraries/nRF905_Radio_Library/examples/wirelessSerialLink/wirelessSerialLink.ino: In function &#39;void NRF905_CB_TXCOMPLETE()&#39;:
/home/ec2-user/arduino-testlib/cli-datadir/user/libraries/nRF905_Radio_Library/examples/wirelessSerialLink/wirelessSerialLink.ino:59:2: error: &#39;nRF905_RX&#39; was not declared in this scope
  nRF905_RX();
  ^~~~~~~~~
/home/ec2-user/arduino-testlib/cli-datadir/user/libraries/nRF905_Radio_Library/examples/wirelessSerialLink/wirelessSerialLink.ino:59:2: note: suggested alternative: &#39;nRF905&#39;
  nRF905_RX();
  ^~~~~~~~~
  nRF905
/home/ec2-user/arduino-testlib/cli-datadir/user/libraries/nRF905_Radio_Library/examples/wirelessSerialLink/wirelessSerialLink.ino: In function &#39;void setup()&#39;:
/home/ec2-user/arduino-testlib/cli-datadir/user/libraries/nRF905_Radio_Library/examples/wirelessSerialLink/wirelessSerialLink.ino:65:2: error: &#39;nRF905_init&#39; was not declared in this scope
  nRF905_init();
  ^~~~~~~~~~~
/home/ec2-user/arduino-testlib/cli-datadir/user/libraries/nRF905_Radio_Library/examples/wirelessSerialLink/wirelessSerialLink.ino:65:2: note: suggested alternative: &#39;nRF905_crc_t&#39;
  nRF905_init();
  ^~~~~~~~~~~
  nRF905_crc_t
/home/ec2-user/arduino-testlib/cli-datadir/user/libraries/nRF905_Radio_Library/examples/wirelessSerialLink/wirelessSerialLink.ino:68:2: error: &#39;nRF905_RX&#39; was not declared in this scope
  nRF905_RX();
  ^~~~~~~~~
/home/ec2-user/arduino-testlib/cli-datadir/user/libraries/nRF905_Radio_Library/examples/wirelessSerialLink/wirelessSerialLink.ino:68:2: note: suggested alternative: &#39;nRF905&#39;
  nRF905_RX();
  ^~~~~~~~~
  nRF905
/home/ec2-user/arduino-testlib/cli-datadir/user/libraries/nRF905_Radio_Library/examples/wirelessSerialLink/wirelessSerialLink.ino: In function &#39;void sendPacket(void*)&#39;:
/home/ec2-user/arduino-testlib/cli-datadir/user/libraries/nRF905_Radio_Library/examples/wirelessSerialLink/wirelessSerialLink.ino:162:9: error: &#39;nRF905_TX&#39; was not declared in this scope
  while(!nRF905_TX(NRF905_DEFAULT_TXADDR, tmpBuff, totalLength, NRF905_NEXTMODE_STANDBY));
         ^~~~~~~~~
/home/ec2-user/arduino-testlib/cli-datadir/user/libraries/nRF905_Radio_Library/examples/wirelessSerialLink/wirelessSerialLink.ino:162:9: note: suggested alternative: &#39;nRF905&#39;
  while(!nRF905_TX(NRF905_DEFAULT_TXADDR, tmpBuff, totalLength, NRF905_NEXTMODE_STANDBY));
         ^~~~~~~~~
         nRF905
/home/ec2-user/arduino-testlib/cli-datadir/user/libraries/nRF905_Radio_Library/examples/wirelessSerialLink/wirelessSerialLink.ino: In function &#39;bool getPacket(void*)&#39;:
/home/ec2-user/arduino-testlib/cli-datadir/user/libraries/nRF905_Radio_Library/examples/wirelessSerialLink/wirelessSerialLink.ino:176:2: error: &#39;NRF905_NO_INTERRUPT&#39; was not declared in this scope
  NRF905_NO_INTERRUPT()
  ^~~~~~~~~~~~~~~~~~~
/home/ec2-user/arduino-testlib/cli-datadir/user/libraries/nRF905_Radio_Library/examples/wirelessSerialLink/wirelessSerialLink.ino:176:2: note: suggested alternative: &#39;NOT_AN_INTERRUPT&#39;
  NRF905_NO_INTERRUPT()
  ^~~~~~~~~~~~~~~~~~~
  NOT_AN_INTERRUPT

</pre>
					
				
				<h3 id="esp32:esp32:d1_mini32">esp32:esp32:d1_mini32 @ 1.0.6</h3>
				<h4>Inclusion</h4>
				<p>
					Result: <b>PASS</b>
					
				</p>
				<pre class="pre-scrollable">Sketch uses 199498 bytes (15%) of program storage space. Maximum is 1310720 bytes.
Global variables use 13128 bytes (4%) of dynamic memory, leaving 314552 bytes for local variables. Maximum is 327680 bytes.
</pre>

					
					<h4>examples/callbacks_irq</h4>
					<p>
						Result: <b>FAIL</b>
					</p>
					<pre class="pre-scrollable">/home/ec2-user/arduino-testlib/cli-datadir/user/libraries/nRF905_Radio_Library/examples/callbacks_irq/callbacks_irq.ino: In function &#39;void NRF905_CB_RXCOMPLETE()&#39;:
/home/ec2-user/arduino-testlib/cli-datadir/user/libraries/nRF905_Radio_Library/examples/callbacks_irq/callbacks_irq.ino:27:36: error: &#39;nRF905_read&#39; was not declared in this scope
  nRF905_read(buffer, sizeof(buffer));
                                    ^
/home/ec2-user/arduino-testlib/cli-datadir/user/libraries/nRF905_Radio_Library/examples/callbacks_irq/callbacks_irq.ino: In function &#39;void setup()&#39;:
/home/ec2-user/arduino-testlib/cli-datadir/user/libraries/nRF905_Radio_Library/examples/callbacks_irq/callbacks_irq.ino:68:14: error: &#39;nRF905_init&#39; was not declared in this scope
  nRF905_init();
              ^
/home/ec2-user/arduino-testlib/cli-datadir/user/libraries/nRF905_Radio_Library/examples/callbacks_irq/callbacks_irq.ino:70:12: error: &#39;nRF905_RX&#39; was not declared in this scope
  nRF905_RX();
            ^
/home/ec2-user/arduino-testlib/cli-datadir/user/libraries/nRF905_Radio_Library/examples/callbacks_irq/callbacks_irq.ino: In function &#39;void loop()&#39;:
/home/ec2-user/arduino-testlib/cli-datadir/user/libraries/nRF905_Radio_Library/examples/callbacks_irq/callbacks_irq.ino:87:71: error: &#39;nRF905_TX&#39; was not declared in this scope
  nRF905_TX(TXADDR, testData, sizeof(testData), NRF905_NEXTMODE_STANDBY); // Transmit and go to standby mode once sent (the NRF905_CB_TXCOMPLETE callback only works if the next mode is standby)
                                                                       ^
/home/ec2-user/arduino-testlib/cli-datadir/user/libraries/nRF905_Radio_Library/examples/callbacks_irq/callbacks_irq.ino:94:22: error: &#39;NRF905_NO_INTERRUPT&#39; was not declared in this scope
  NRF905_NO_INTERRUPT()
                      ^

</pre>
					
					<h4>examples/debug</h4>
					<p>
						Result: <b>PASS</b>
					</p>
					<pre class="pre-scrollable">Sketch uses 211410 bytes (16%) of program storage space. Maximum is 1310720 bytes.
Global variables use 14048 bytes (4%) of dynamic memory, leaving 313632 bytes for local variables. Maximum is 327680 bytes.
</pre>
					
					<h4>examples/lowpwr_node_baseStation</h4>
					<p>
						Result: <b>FAIL</b>
					</p>
					<pre class="pre-scrollable">WARNING: library LowPower_LowPowerLab claims to run on avr, samd architecture(s) and may be incompatible with your current board which runs on esp32 architecture(s).
In file included from /home/ec2-user/arduino-testlib/cli-datadir/user/libraries/nRF905_Radio_Library/examples/lowpwr_node_baseStation/lowpwr_node_baseStation.ino:27:0:
/home/ec2-user/arduino-testlib/cli-datadir/user/libraries/LowPower_LowPowerLab/LowPower.h:166:5: error: #error &#34;Processor architecture is not supported.&#34;
    #error &#34;Processor architecture is not supported.&#34;
     ^
Multiple libraries were found for &#34;LowPower.h&#34;
  Used: /home/ec2-user/arduino-testlib/cli-datadir/user/libraries/LowPower_LowPowerLab
  Not used: /home/ec2-user/arduino-testlib/cli-datadir/user/libraries/Low-Power
</pre>
					
					<h4>examples/lowpwr_node_sensor</h4>
					<p>
						Result: <b>FAIL</b>
					</p>
					<pre class="pre-scrollable">WARNING: library LowPower_LowPowerLab claims to run on avr, samd architecture(s) and may be incompatible with your current board which runs on esp32 architecture(s).
In file included from /home/ec2-user/arduino-testlib/cli-datadir/user/libraries/nRF905_Radio_Library/examples/lowpwr_node_sensor/lowpwr_node_sensor.ino:24:0:
/home/ec2-user/arduino-testlib/cli-datadir/user/libraries/LowPower_LowPowerLab/LowPower.h:166:5: error: #error &#34;Processor architecture is not supported.&#34;
    #error &#34;Processor architecture is not supported.&#34;
     ^
Multiple libraries were found for &#34;LowPower.h&#34;
  Used: /home/ec2-user/arduino-testlib/cli-datadir/user/libraries/LowPower_LowPowerLab
  Not used: /home/ec2-user/arduino-testlib/cli-datadir/user/libraries/Low-Power
</pre>
					
					<h4>examples/ping_client</h4>
					<p>
						Result: <b>PASS</b>
					</p>
					<pre class="pre-scrollable">Sketch uses 211426 bytes (16%) of program storage space. Maximum is 1310720 bytes.
Global variables use 14072 bytes (4%) of dynamic memory, leaving 313608 bytes for local variables. Maximum is 327680 bytes.
</pre>
					
					<h4>examples/ping_server</h4>
					<p>
						Result: <b>PASS</b>
					</p>
					<pre class="pre-scrollable">Sketch uses 211218 bytes (16%) of program storage space. Maximum is 1310720 bytes.
Global variables use 14064 bytes (4%) of dynamic memory, leaving 313616 bytes for local variables. Maximum is 327680 bytes.
</pre>
					
					<h4>examples/wirelessSerialLink</h4>
					<p>
						Result: <b>FAIL</b>
					</p>
					<pre class="pre-scrollable">/home/ec2-user/arduino-testlib/cli-datadir/user/libraries/nRF905_Radio_Library/examples/wirelessSerialLink/wirelessSerialLink.ino:40:18: error: &#39;NRF905_ADDR_SIZE&#39; was not declared in this scope
  byte dstAddress[NRF905_ADDR_SIZE];
                  ^
/home/ec2-user/arduino-testlib/cli-datadir/user/libraries/nRF905_Radio_Library/examples/wirelessSerialLink/wirelessSerialLink.ino: In function &#39;void NRF905_CB_RXCOMPLETE()&#39;:
/home/ec2-user/arduino-testlib/cli-datadir/user/libraries/nRF905_Radio_Library/examples/wirelessSerialLink/wirelessSerialLink.ino:52:45: error: &#39;nRF905_read&#39; was not declared in this scope
  nRF905_read((byte*)newData, sizeof(newData));
                                             ^
/home/ec2-user/arduino-testlib/cli-datadir/user/libraries/nRF905_Radio_Library/examples/wirelessSerialLink/wirelessSerialLink.ino: In function &#39;void NRF905_CB_TXCOMPLETE()&#39;:
/home/ec2-user/arduino-testlib/cli-datadir/user/libraries/nRF905_Radio_Library/examples/wirelessSerialLink/wirelessSerialLink.ino:59:12: error: &#39;nRF905_RX&#39; was not declared in this scope
  nRF905_RX();
            ^
/home/ec2-user/arduino-testlib/cli-datadir/user/libraries/nRF905_Radio_Library/examples/wirelessSerialLink/wirelessSerialLink.ino: In function &#39;void setup()&#39;:
/home/ec2-user/arduino-testlib/cli-datadir/user/libraries/nRF905_Radio_Library/examples/wirelessSerialLink/wirelessSerialLink.ino:65:14: error: &#39;nRF905_init&#39; was not declared in this scope
  nRF905_init();
              ^
/home/ec2-user/arduino-testlib/cli-datadir/user/libraries/nRF905_Radio_Library/examples/wirelessSerialLink/wirelessSerialLink.ino:68:12: error: &#39;nRF905_RX&#39; was not declared in this scope
  nRF905_RX();
            ^
/home/ec2-user/arduino-testlib/cli-datadir/user/libraries/nRF905_Radio_Library/examples/wirelessSerialLink/wirelessSerialLink.ino: In function &#39;void sendPacket(void*)&#39;:
/home/ec2-user/arduino-testlib/cli-datadir/user/libraries/nRF905_Radio_Library/examples/wirelessSerialLink/wirelessSerialLink.ino:162:87: error: &#39;nRF905_TX&#39; was not declared in this scope
  while(!nRF905_TX(NRF905_DEFAULT_TXADDR, tmpBuff, totalLength, NRF905_NEXTMODE_STANDBY));
                                                                                       ^
/home/ec2-user/arduino-testlib/cli-datadir/user/libraries/nRF905_Radio_Library/examples/wirelessSerialLink/wirelessSerialLink.ino: In function &#39;bool getPacket(void*)&#39;:
/home/ec2-user/arduino-testlib/cli-datadir/user/libraries/nRF905_Radio_Library/examples/wirelessSerialLink/wirelessSerialLink.ino:176:22: error: &#39;NRF905_NO_INTERRUPT&#39; was not declared in this scope
  NRF905_NO_INTERRUPT()
                      ^

</pre>
					
				
			</div>
		</div>
	</div>
  </body>
</html>
