
<!doctype html>
<html lang="en">
  <head>
    <meta charset="utf-8">
    <meta name="viewport" content="width=device-width, initial-scale=1">
    <link href="https://cdn.jsdelivr.net/npm/bootstrap@5.0.2/dist/css/bootstrap.min.css" rel="stylesheet" integrity="sha384-EVSTQN3/azprG1Anm3QDgpJLIm9Nao0Yz1ztcQTwFspd3yD65VohhpuuCOmLASjC" crossorigin="anonymous">
    <title>arduino-testlib report</title>
	<style>
	.pass { background-color: #00FF00 !important; }
	.fail { background-color: #FF0000 !important; }
	</style>
  </head>
  <body>
	<div class="container">
		<div class="row">
			<div class="col">
				<h1>NST1001 - compatibility matrix</h1>
				<p>
					<small>This report was generated on Wednesday, 23-Feb-22 22:48:15 CET using 
					<a href="https://github.com/alranel/arduino-testlib">arduino-testlib</a>.</small>
				</p>

				<h2>NST1001</h2>
				<p>
					Version: <b>1.2.0</b>
					<br />
					<a href="https://www.arduino.cc/reference/en/libraries/nst1001/">More details</a>
				</p>

				<h2>Compatibility matrix</h2>
				<table class="table table-bordered">
					<tr>
						<th>Board</th>
						<th>Claims compatibility</th>
						<th>Inclusion</th>
						
						<th><pre>Read_Temperature</pre></th>
						
						<th><pre>Read_Temperature_Free-running</pre></th>
						
						<th><pre>Read_Temperature_MultiCast</pre></th>
						
					</tr>
					
					<tr>
						<td>
							<a href="#arduino%3aavr%3auno"><b>arduino:avr:uno</b></a>
							<br />
							<small>1.8.4</small>
						</td>

						
							<td>Yes</td>
							<td class="pass">PASS</td>
						
						
						
						

						
							
								
									
										
											<td class="pass">PASS</td>
											
										
									
										
									
										
									
								
							
								
							
								
							
								
							
								
							
						
							
								
									
										
									
										
											<td class="pass">PASS</td>
											
										
									
										
									
								
							
								
							
								
							
								
							
								
							
						
							
								
									
										
									
										
									
										
											<td class="pass">PASS</td>
											
										
									
								
							
								
							
								
							
								
							
								
							
						
					</tr>
					
					<tr>
						<td>
							<a href="#arduino%3ambed_nano%3ananorp2040connect"><b>arduino:mbed_nano:nanorp2040connect</b></a>
							<br />
							<small>2.7.2</small>
						</td>

						
						
						
						
							<td>No</td>
							<td class="fail">FAIL</td>
						

						
							
								
							
								
									
										
											
											<td class="fail">FAIL</td>
										
									
										
									
										
									
								
							
								
							
								
							
								
							
						
							
								
							
								
									
										
									
										
											
											<td class="fail">FAIL</td>
										
									
										
									
								
							
								
							
								
							
								
							
						
							
								
							
								
									
										
									
										
									
										
											
											<td class="fail">FAIL</td>
										
									
								
							
								
							
								
							
								
							
						
					</tr>
					
					<tr>
						<td>
							<a href="#arduino%3amegaavr%3anona4809"><b>arduino:megaavr:nona4809</b></a>
							<br />
							<small>1.8.7</small>
						</td>

						
						
						
						
							<td>No</td>
							<td class="fail">FAIL</td>
						

						
							
								
							
								
							
								
									
										
											
											<td class="fail">FAIL</td>
										
									
										
									
										
									
								
							
								
							
								
							
						
							
								
							
								
							
								
									
										
									
										
											
											<td class="fail">FAIL</td>
										
									
										
									
								
							
								
							
								
							
						
							
								
							
								
							
								
									
										
									
										
									
										
											
											<td class="fail">FAIL</td>
										
									
								
							
								
							
								
							
						
					</tr>
					
					<tr>
						<td>
							<a href="#arduino%3asamd%3amkrwifi1010"><b>arduino:samd:mkrwifi1010</b></a>
							<br />
							<small>1.8.12</small>
						</td>

						
						
						
						
							<td>No</td>
							<td class="fail">FAIL</td>
						

						
							
								
							
								
							
								
							
								
									
										
											
											<td class="fail">FAIL</td>
										
									
										
									
										
									
								
							
								
							
						
							
								
							
								
							
								
							
								
									
										
									
										
											
											<td class="fail">FAIL</td>
										
									
										
									
								
							
								
							
						
							
								
							
								
							
								
							
								
									
										
									
										
									
										
											
											<td class="fail">FAIL</td>
										
									
								
							
								
							
						
					</tr>
					
					<tr>
						<td>
							<a href="#esp32%3aesp32%3ad1_mini32"><b>esp32:esp32:d1_mini32</b></a>
							<br />
							<small>1.0.6</small>
						</td>

						
						
						
						
							<td>No</td>
							<td class="fail">FAIL</td>
						

						
							
								
							
								
							
								
							
								
							
								
									
										
											
											<td class="fail">FAIL</td>
										
									
										
									
										
									
								
							
						
							
								
							
								
							
								
							
								
							
								
									
										
									
										
											
											<td class="fail">FAIL</td>
										
									
										
									
								
							
						
							
								
							
								
							
								
							
								
							
								
									
										
									
										
									
										
											
											<td class="fail">FAIL</td>
										
									
								
							
						
					</tr>
					
				</table>

				<h2>Compilation logs</h2>
				
				<h3 id="arduino:avr:uno">arduino:avr:uno @ 1.8.4</h3>
				<h4>Inclusion</h4>
				<p>
					Result: <b>PASS</b>
					
				</p>
				<pre class="pre-scrollable">Sketch uses 444 bytes (1%) of program storage space. Maximum is 32256 bytes.
Global variables use 9 bytes (0%) of dynamic memory, leaving 2039 bytes for local variables. Maximum is 2048 bytes.
</pre>

					
					<h4>examples/Read_Temperature</h4>
					<p>
						Result: <b>PASS</b>
					</p>
					<pre class="pre-scrollable">Sketch uses 6556 bytes (20%) of program storage space. Maximum is 32256 bytes.
Global variables use 223 bytes (10%) of dynamic memory, leaving 1825 bytes for local variables. Maximum is 2048 bytes.
</pre>
					
					<h4>examples/Read_Temperature_Free-running</h4>
					<p>
						Result: <b>PASS</b>
					</p>
					<pre class="pre-scrollable">Sketch uses 6578 bytes (20%) of program storage space. Maximum is 32256 bytes.
Global variables use 223 bytes (10%) of dynamic memory, leaving 1825 bytes for local variables. Maximum is 2048 bytes.
</pre>
					
					<h4>examples/Read_Temperature_MultiCast</h4>
					<p>
						Result: <b>PASS</b>
					</p>
					<pre class="pre-scrollable">Sketch uses 4712 bytes (14%) of program storage space. Maximum is 32256 bytes.
Global variables use 215 bytes (10%) of dynamic memory, leaving 1833 bytes for local variables. Maximum is 2048 bytes.
</pre>
					
				
				<h3 id="arduino:mbed_nano:nanorp2040connect">arduino:mbed_nano:nanorp2040connect @ 2.7.2</h3>
				<h4>Inclusion</h4>
				<p>
					Result: <b>FAIL</b>
					
				</p>
				<pre class="pre-scrollable">WARNING: library NST1001 claims to run on avr architecture(s) and may be incompatible with your current board which runs on mbed_nano architecture(s).
/home/ec2-user/arduino-testlib/cli-datadir/user/libraries/NST1001/src/NST1001.cpp: In member function &#39;const void NST1001::init()&#39;:
/home/ec2-user/arduino-testlib/cli-datadir/user/libraries/NST1001/src/NST1001.cpp:35:3: error: &#39;cli&#39; was not declared in this scope
   cli();
   ^~~
/home/ec2-user/arduino-testlib/cli-datadir/user/libraries/NST1001/src/NST1001.cpp:38:3: error: &#39;TCCR1A&#39; was not declared in this scope
   TCCR1A = (0&lt;&lt;COM1A1)|(0&lt;&lt;COM1A0)|(0&lt;&lt;COM1B1)|(0&lt;&lt;COM1B0)|(0&lt;&lt;WGM11)|(0&lt;&lt;WGM10);
   ^~~~~~
/home/ec2-user/arduino-testlib/cli-datadir/user/libraries/NST1001/src/NST1001.cpp:38:16: error: &#39;COM1A1&#39; was not declared in this scope
   TCCR1A = (0&lt;&lt;COM1A1)|(0&lt;&lt;COM1A0)|(0&lt;&lt;COM1B1)|(0&lt;&lt;COM1B0)|(0&lt;&lt;WGM11)|(0&lt;&lt;WGM10);
                ^~~~~~
/home/ec2-user/arduino-testlib/cli-datadir/user/libraries/NST1001/src/NST1001.cpp:38:28: error: &#39;COM1A0&#39; was not declared in this scope
   TCCR1A = (0&lt;&lt;COM1A1)|(0&lt;&lt;COM1A0)|(0&lt;&lt;COM1B1)|(0&lt;&lt;COM1B0)|(0&lt;&lt;WGM11)|(0&lt;&lt;WGM10);
                            ^~~~~~
/home/ec2-user/arduino-testlib/cli-datadir/user/libraries/NST1001/src/NST1001.cpp:38:40: error: &#39;COM1B1&#39; was not declared in this scope
   TCCR1A = (0&lt;&lt;COM1A1)|(0&lt;&lt;COM1A0)|(0&lt;&lt;COM1B1)|(0&lt;&lt;COM1B0)|(0&lt;&lt;WGM11)|(0&lt;&lt;WGM10);
                                        ^~~~~~
/home/ec2-user/arduino-testlib/cli-datadir/user/libraries/NST1001/src/NST1001.cpp:38:52: error: &#39;COM1B0&#39; was not declared in this scope
   TCCR1A = (0&lt;&lt;COM1A1)|(0&lt;&lt;COM1A0)|(0&lt;&lt;COM1B1)|(0&lt;&lt;COM1B0)|(0&lt;&lt;WGM11)|(0&lt;&lt;WGM10);
                                                    ^~~~~~
/home/ec2-user/arduino-testlib/cli-datadir/user/libraries/NST1001/src/NST1001.cpp:38:64: error: &#39;WGM11&#39; was not declared in this scope
   TCCR1A = (0&lt;&lt;COM1A1)|(0&lt;&lt;COM1A0)|(0&lt;&lt;COM1B1)|(0&lt;&lt;COM1B0)|(0&lt;&lt;WGM11)|(0&lt;&lt;WGM10);
                                                                ^~~~~
/home/ec2-user/arduino-testlib/cli-datadir/user/libraries/NST1001/src/NST1001.cpp:38:75: error: &#39;WGM10&#39; was not declared in this scope
   TCCR1A = (0&lt;&lt;COM1A1)|(0&lt;&lt;COM1A0)|(0&lt;&lt;COM1B1)|(0&lt;&lt;COM1B0)|(0&lt;&lt;WGM11)|(0&lt;&lt;WGM10);
                                                                           ^~~~~
/home/ec2-user/arduino-testlib/cli-datadir/user/libraries/NST1001/src/NST1001.cpp:39:3: error: &#39;TCCR1B&#39; was not declared in this scope
   TCCR1B = (0&lt;&lt;ICNC1)|(0&lt;&lt;ICES1)|(0&lt;&lt;WGM13)|(0&lt;&lt;WGM12)|(1&lt;&lt;CS12)|(1&lt;&lt;CS11)|(0&lt;&lt;CS10);
   ^~~~~~
/home/ec2-user/arduino-testlib/cli-datadir/user/libraries/NST1001/src/NST1001.cpp:39:16: error: &#39;ICNC1&#39; was not declared in this scope
   TCCR1B = (0&lt;&lt;ICNC1)|(0&lt;&lt;ICES1)|(0&lt;&lt;WGM13)|(0&lt;&lt;WGM12)|(1&lt;&lt;CS12)|(1&lt;&lt;CS11)|(0&lt;&lt;CS10);
                ^~~~~
/home/ec2-user/arduino-testlib/cli-datadir/user/libraries/NST1001/src/NST1001.cpp:39:27: error: &#39;ICES1&#39; was not declared in this scope
   TCCR1B = (0&lt;&lt;ICNC1)|(0&lt;&lt;ICES1)|(0&lt;&lt;WGM13)|(0&lt;&lt;WGM12)|(1&lt;&lt;CS12)|(1&lt;&lt;CS11)|(0&lt;&lt;CS10);
                           ^~~~~
/home/ec2-user/arduino-testlib/cli-datadir/user/libraries/NST1001/src/NST1001.cpp:39:38: error: &#39;WGM13&#39; was not declared in this scope
   TCCR1B = (0&lt;&lt;ICNC1)|(0&lt;&lt;ICES1)|(0&lt;&lt;WGM13)|(0&lt;&lt;WGM12)|(1&lt;&lt;CS12)|(1&lt;&lt;CS11)|(0&lt;&lt;CS10);
                                      ^~~~~
/home/ec2-user/arduino-testlib/cli-datadir/user/libraries/NST1001/src/NST1001.cpp:39:49: error: &#39;WGM12&#39; was not declared in this scope
   TCCR1B = (0&lt;&lt;ICNC1)|(0&lt;&lt;ICES1)|(0&lt;&lt;WGM13)|(0&lt;&lt;WGM12)|(1&lt;&lt;CS12)|(1&lt;&lt;CS11)|(0&lt;&lt;CS10);
                                                 ^~~~~
/home/ec2-user/arduino-testlib/cli-datadir/user/libraries/NST1001/src/NST1001.cpp:39:60: error: &#39;CS12&#39; was not declared in this scope
   TCCR1B = (0&lt;&lt;ICNC1)|(0&lt;&lt;ICES1)|(0&lt;&lt;WGM13)|(0&lt;&lt;WGM12)|(1&lt;&lt;CS12)|(1&lt;&lt;CS11)|(0&lt;&lt;CS10);
                                                            ^~~~
/home/ec2-user/arduino-testlib/cli-datadir/user/libraries/NST1001/src/NST1001.cpp:39:60: note: suggested alternative: &#39;p12&#39;
   TCCR1B = (0&lt;&lt;ICNC1)|(0&lt;&lt;ICES1)|(0&lt;&lt;WGM13)|(0&lt;&lt;WGM12)|(1&lt;&lt;CS12)|(1&lt;&lt;CS11)|(0&lt;&lt;CS10);
                                                            ^~~~
                                                            p12
/home/ec2-user/arduino-testlib/cli-datadir/user/libraries/NST1001/src/NST1001.cpp:39:70: error: &#39;CS11&#39; was not declared in this scope
   TCCR1B = (0&lt;&lt;ICNC1)|(0&lt;&lt;ICES1)|(0&lt;&lt;WGM13)|(0&lt;&lt;WGM12)|(1&lt;&lt;CS12)|(1&lt;&lt;CS11)|(0&lt;&lt;CS10);
                                                                      ^~~~
/home/ec2-user/arduino-testlib/cli-datadir/user/libraries/NST1001/src/NST1001.cpp:39:70: note: suggested alternative: &#39;B111&#39;
   TCCR1B = (0&lt;&lt;ICNC1)|(0&lt;&lt;ICES1)|(0&lt;&lt;WGM13)|(0&lt;&lt;WGM12)|(1&lt;&lt;CS12)|(1&lt;&lt;CS11)|(0&lt;&lt;CS10);
                                                                      ^~~~
                                                                      B111
/home/ec2-user/arduino-testlib/cli-datadir/user/libraries/NST1001/src/NST1001.cpp:39:80: error: &#39;CS10&#39; was not declared in this scope
   TCCR1B = (0&lt;&lt;ICNC1)|(0&lt;&lt;ICES1)|(0&lt;&lt;WGM13)|(0&lt;&lt;WGM12)|(1&lt;&lt;CS12)|(1&lt;&lt;CS11)|(0&lt;&lt;CS10);
                                                                                ^~~~
/home/ec2-user/arduino-testlib/cli-datadir/user/libraries/NST1001/src/NST1001.cpp:39:80: note: suggested alternative: &#39;B110&#39;
   TCCR1B = (0&lt;&lt;ICNC1)|(0&lt;&lt;ICES1)|(0&lt;&lt;WGM13)|(0&lt;&lt;WGM12)|(1&lt;&lt;CS12)|(1&lt;&lt;CS11)|(0&lt;&lt;CS10);
                                                                                ^~~~
                                                                                B110
/home/ec2-user/arduino-testlib/cli-datadir/user/libraries/NST1001/src/NST1001.cpp:40:3: error: &#39;TIMSK1&#39; was not declared in this scope
   TIMSK1 = (0&lt;&lt;ICIE1)|(0&lt;&lt;OCIE1B)|(0&lt;&lt;OCIE1A)|(0&lt;&lt;TOIE1);
   ^~~~~~
/home/ec2-user/arduino-testlib/cli-datadir/user/libraries/NST1001/src/NST1001.cpp:40:3: note: suggested alternative: &#39;TIMER&#39;
   TIMSK1 = (0&lt;&lt;ICIE1)|(0&lt;&lt;OCIE1B)|(0&lt;&lt;OCIE1A)|(0&lt;&lt;TOIE1);
   ^~~~~~
   TIMER
/home/ec2-user/arduino-testlib/cli-datadir/user/libraries/NST1001/src/NST1001.cpp:40:16: error: &#39;ICIE1&#39; was not declared in this scope
   TIMSK1 = (0&lt;&lt;ICIE1)|(0&lt;&lt;OCIE1B)|(0&lt;&lt;OCIE1A)|(0&lt;&lt;TOIE1);
                ^~~~~
/home/ec2-user/arduino-testlib/cli-datadir/user/libraries/NST1001/src/NST1001.cpp:40:27: error: &#39;OCIE1B&#39; was not declared in this scope
   TIMSK1 = (0&lt;&lt;ICIE1)|(0&lt;&lt;OCIE1B)|(0&lt;&lt;OCIE1A)|(0&lt;&lt;TOIE1);
                           ^~~~~~
/home/ec2-user/arduino-testlib/cli-datadir/user/libraries/NST1001/src/NST1001.cpp:40:39: error: &#39;OCIE1A&#39; was not declared in this scope
   TIMSK1 = (0&lt;&lt;ICIE1)|(0&lt;&lt;OCIE1B)|(0&lt;&lt;OCIE1A)|(0&lt;&lt;TOIE1);
                                       ^~~~~~
/home/ec2-user/arduino-testlib/cli-datadir/user/libraries/NST1001/src/NST1001.cpp:40:51: error: &#39;TOIE1&#39; was not declared in this scope
   TIMSK1 = (0&lt;&lt;ICIE1)|(0&lt;&lt;OCIE1B)|(0&lt;&lt;OCIE1A)|(0&lt;&lt;TOIE1);
                                                   ^~~~~
/home/ec2-user/arduino-testlib/cli-datadir/user/libraries/NST1001/src/NST1001.cpp:41:3: error: &#39;TCNT1&#39; was not declared in this scope
   TCNT1 = 0;
   ^~~~~
/home/ec2-user/arduino-testlib/cli-datadir/user/libraries/NST1001/src/NST1001.cpp:41:3: note: suggested alternative: &#39;SCNd16&#39;
   TCNT1 = 0;
   ^~~~~
   SCNd16
/home/ec2-user/arduino-testlib/cli-datadir/user/libraries/NST1001/src/NST1001.cpp:43:3: error: &#39;sei&#39; was not declared in this scope
   sei();
   ^~~
/home/ec2-user/arduino-testlib/cli-datadir/user/libraries/NST1001/src/NST1001.cpp: In member function &#39;const float NST1001::getTemp(int)&#39;:
/home/ec2-user/arduino-testlib/cli-datadir/user/libraries/NST1001/src/NST1001.cpp:51:3: error: &#39;TCCR1B&#39; was not declared in this scope
   TCCR1B |= (0&lt;&lt;ICNC1)|(0&lt;&lt;ICES1)|(0&lt;&lt;WGM13)|(0&lt;&lt;WGM12)|(1&lt;&lt;CS12)|(1&lt;&lt;CS11)|(0&lt;&lt;CS10); // Enable counter.
   ^~~~~~
/home/ec2-user/arduino-testlib/cli-datadir/user/libraries/NST1001/src/NST1001.cpp:51:17: error: &#39;ICNC1&#39; was not declared in this scope
   TCCR1B |= (0&lt;&lt;ICNC1)|(0&lt;&lt;ICES1)|(0&lt;&lt;WGM13)|(0&lt;&lt;WGM12)|(1&lt;&lt;CS12)|(1&lt;&lt;CS11)|(0&lt;&lt;CS10); // Enable counter.
                 ^~~~~
/home/ec2-user/arduino-testlib/cli-datadir/user/libraries/NST1001/src/NST1001.cpp:51:28: error: &#39;ICES1&#39; was not declared in this scope
   TCCR1B |= (0&lt;&lt;ICNC1)|(0&lt;&lt;ICES1)|(0&lt;&lt;WGM13)|(0&lt;&lt;WGM12)|(1&lt;&lt;CS12)|(1&lt;&lt;CS11)|(0&lt;&lt;CS10); // Enable counter.
                            ^~~~~
/home/ec2-user/arduino-testlib/cli-datadir/user/libraries/NST1001/src/NST1001.cpp:51:39: error: &#39;WGM13&#39; was not declared in this scope
   TCCR1B |= (0&lt;&lt;ICNC1)|(0&lt;&lt;ICES1)|(0&lt;&lt;WGM13)|(0&lt;&lt;WGM12)|(1&lt;&lt;CS12)|(1&lt;&lt;CS11)|(0&lt;&lt;CS10); // Enable counter.
                                       ^~~~~
/home/ec2-user/arduino-testlib/cli-datadir/user/libraries/NST1001/src/NST1001.cpp:51:50: error: &#39;WGM12&#39; was not declared in this scope
   TCCR1B |= (0&lt;&lt;ICNC1)|(0&lt;&lt;ICES1)|(0&lt;&lt;WGM13)|(0&lt;&lt;WGM12)|(1&lt;&lt;CS12)|(1&lt;&lt;CS11)|(0&lt;&lt;CS10); // Enable counter.
                                                  ^~~~~
/home/ec2-user/arduino-testlib/cli-datadir/user/libraries/NST1001/src/NST1001.cpp:51:61: error: &#39;CS12&#39; was not declared in this scope
   TCCR1B |= (0&lt;&lt;ICNC1)|(0&lt;&lt;ICES1)|(0&lt;&lt;WGM13)|(0&lt;&lt;WGM12)|(1&lt;&lt;CS12)|(1&lt;&lt;CS11)|(0&lt;&lt;CS10); // Enable counter.
                                                             ^~~~
/home/ec2-user/arduino-testlib/cli-datadir/user/libraries/NST1001/src/NST1001.cpp:51:61: note: suggested alternative: &#39;p12&#39;
   TCCR1B |= (0&lt;&lt;ICNC1)|(0&lt;&lt;ICES1)|(0&lt;&lt;WGM13)|(0&lt;&lt;WGM12)|(1&lt;&lt;CS12)|(1&lt;&lt;CS11)|(0&lt;&lt;CS10); // Enable counter.
                                                             ^~~~
                                                             p12
/home/ec2-user/arduino-testlib/cli-datadir/user/libraries/NST1001/src/NST1001.cpp:51:71: error: &#39;CS11&#39; was not declared in this scope
   TCCR1B |= (0&lt;&lt;ICNC1)|(0&lt;&lt;ICES1)|(0&lt;&lt;WGM13)|(0&lt;&lt;WGM12)|(1&lt;&lt;CS12)|(1&lt;&lt;CS11)|(0&lt;&lt;CS10); // Enable counter.
                                                                       ^~~~
/home/ec2-user/arduino-testlib/cli-datadir/user/libraries/NST1001/src/NST1001.cpp:51:71: note: suggested alternative: &#39;B111&#39;
   TCCR1B |= (0&lt;&lt;ICNC1)|(0&lt;&lt;IC</pre>

					
					<h4>examples/Read_Temperature</h4>
					<p>
						Result: <b>FAIL</b>
					</p>
					<pre class="pre-scrollable">WARNING: library NST1001 claims to run on avr architecture(s) and may be incompatible with your current board which runs on mbed_nano architecture(s).
/home/ec2-user/arduino-testlib/cli-datadir/user/libraries/NST1001/src/NST1001.cpp: In member function &#39;const void NST1001::init()&#39;:
/home/ec2-user/arduino-testlib/cli-datadir/user/libraries/NST1001/src/NST1001.cpp:35:3: error: &#39;cli&#39; was not declared in this scope
   cli();
   ^~~
/home/ec2-user/arduino-testlib/cli-datadir/user/libraries/NST1001/src/NST1001.cpp:38:3: error: &#39;TCCR1A&#39; was not declared in this scope
   TCCR1A = (0&lt;&lt;COM1A1)|(0&lt;&lt;COM1A0)|(0&lt;&lt;COM1B1)|(0&lt;&lt;COM1B0)|(0&lt;&lt;WGM11)|(0&lt;&lt;WGM10);
   ^~~~~~
/home/ec2-user/arduino-testlib/cli-datadir/user/libraries/NST1001/src/NST1001.cpp:38:16: error: &#39;COM1A1&#39; was not declared in this scope
   TCCR1A = (0&lt;&lt;COM1A1)|(0&lt;&lt;COM1A0)|(0&lt;&lt;COM1B1)|(0&lt;&lt;COM1B0)|(0&lt;&lt;WGM11)|(0&lt;&lt;WGM10);
                ^~~~~~
/home/ec2-user/arduino-testlib/cli-datadir/user/libraries/NST1001/src/NST1001.cpp:38:28: error: &#39;COM1A0&#39; was not declared in this scope
   TCCR1A = (0&lt;&lt;COM1A1)|(0&lt;&lt;COM1A0)|(0&lt;&lt;COM1B1)|(0&lt;&lt;COM1B0)|(0&lt;&lt;WGM11)|(0&lt;&lt;WGM10);
                            ^~~~~~
/home/ec2-user/arduino-testlib/cli-datadir/user/libraries/NST1001/src/NST1001.cpp:38:40: error: &#39;COM1B1&#39; was not declared in this scope
   TCCR1A = (0&lt;&lt;COM1A1)|(0&lt;&lt;COM1A0)|(0&lt;&lt;COM1B1)|(0&lt;&lt;COM1B0)|(0&lt;&lt;WGM11)|(0&lt;&lt;WGM10);
                                        ^~~~~~
/home/ec2-user/arduino-testlib/cli-datadir/user/libraries/NST1001/src/NST1001.cpp:38:52: error: &#39;COM1B0&#39; was not declared in this scope
   TCCR1A = (0&lt;&lt;COM1A1)|(0&lt;&lt;COM1A0)|(0&lt;&lt;COM1B1)|(0&lt;&lt;COM1B0)|(0&lt;&lt;WGM11)|(0&lt;&lt;WGM10);
                                                    ^~~~~~
/home/ec2-user/arduino-testlib/cli-datadir/user/libraries/NST1001/src/NST1001.cpp:38:64: error: &#39;WGM11&#39; was not declared in this scope
   TCCR1A = (0&lt;&lt;COM1A1)|(0&lt;&lt;COM1A0)|(0&lt;&lt;COM1B1)|(0&lt;&lt;COM1B0)|(0&lt;&lt;WGM11)|(0&lt;&lt;WGM10);
                                                                ^~~~~
/home/ec2-user/arduino-testlib/cli-datadir/user/libraries/NST1001/src/NST1001.cpp:38:75: error: &#39;WGM10&#39; was not declared in this scope
   TCCR1A = (0&lt;&lt;COM1A1)|(0&lt;&lt;COM1A0)|(0&lt;&lt;COM1B1)|(0&lt;&lt;COM1B0)|(0&lt;&lt;WGM11)|(0&lt;&lt;WGM10);
                                                                           ^~~~~
/home/ec2-user/arduino-testlib/cli-datadir/user/libraries/NST1001/src/NST1001.cpp:39:3: error: &#39;TCCR1B&#39; was not declared in this scope
   TCCR1B = (0&lt;&lt;ICNC1)|(0&lt;&lt;ICES1)|(0&lt;&lt;WGM13)|(0&lt;&lt;WGM12)|(1&lt;&lt;CS12)|(1&lt;&lt;CS11)|(0&lt;&lt;CS10);
   ^~~~~~
/home/ec2-user/arduino-testlib/cli-datadir/user/libraries/NST1001/src/NST1001.cpp:39:16: error: &#39;ICNC1&#39; was not declared in this scope
   TCCR1B = (0&lt;&lt;ICNC1)|(0&lt;&lt;ICES1)|(0&lt;&lt;WGM13)|(0&lt;&lt;WGM12)|(1&lt;&lt;CS12)|(1&lt;&lt;CS11)|(0&lt;&lt;CS10);
                ^~~~~
/home/ec2-user/arduino-testlib/cli-datadir/user/libraries/NST1001/src/NST1001.cpp:39:27: error: &#39;ICES1&#39; was not declared in this scope
   TCCR1B = (0&lt;&lt;ICNC1)|(0&lt;&lt;ICES1)|(0&lt;&lt;WGM13)|(0&lt;&lt;WGM12)|(1&lt;&lt;CS12)|(1&lt;&lt;CS11)|(0&lt;&lt;CS10);
                           ^~~~~
/home/ec2-user/arduino-testlib/cli-datadir/user/libraries/NST1001/src/NST1001.cpp:39:38: error: &#39;WGM13&#39; was not declared in this scope
   TCCR1B = (0&lt;&lt;ICNC1)|(0&lt;&lt;ICES1)|(0&lt;&lt;WGM13)|(0&lt;&lt;WGM12)|(1&lt;&lt;CS12)|(1&lt;&lt;CS11)|(0&lt;&lt;CS10);
                                      ^~~~~
/home/ec2-user/arduino-testlib/cli-datadir/user/libraries/NST1001/src/NST1001.cpp:39:49: error: &#39;WGM12&#39; was not declared in this scope
   TCCR1B = (0&lt;&lt;ICNC1)|(0&lt;&lt;ICES1)|(0&lt;&lt;WGM13)|(0&lt;&lt;WGM12)|(1&lt;&lt;CS12)|(1&lt;&lt;CS11)|(0&lt;&lt;CS10);
                                                 ^~~~~
/home/ec2-user/arduino-testlib/cli-datadir/user/libraries/NST1001/src/NST1001.cpp:39:60: error: &#39;CS12&#39; was not declared in this scope
   TCCR1B = (0&lt;&lt;ICNC1)|(0&lt;&lt;ICES1)|(0&lt;&lt;WGM13)|(0&lt;&lt;WGM12)|(1&lt;&lt;CS12)|(1&lt;&lt;CS11)|(0&lt;&lt;CS10);
                                                            ^~~~
/home/ec2-user/arduino-testlib/cli-datadir/user/libraries/NST1001/src/NST1001.cpp:39:60: note: suggested alternative: &#39;p12&#39;
   TCCR1B = (0&lt;&lt;ICNC1)|(0&lt;&lt;ICES1)|(0&lt;&lt;WGM13)|(0&lt;&lt;WGM12)|(1&lt;&lt;CS12)|(1&lt;&lt;CS11)|(0&lt;&lt;CS10);
                                                            ^~~~
                                                            p12
/home/ec2-user/arduino-testlib/cli-datadir/user/libraries/NST1001/src/NST1001.cpp:39:70: error: &#39;CS11&#39; was not declared in this scope
   TCCR1B = (0&lt;&lt;ICNC1)|(0&lt;&lt;ICES1)|(0&lt;&lt;WGM13)|(0&lt;&lt;WGM12)|(1&lt;&lt;CS12)|(1&lt;&lt;CS11)|(0&lt;&lt;CS10);
                                                                      ^~~~
/home/ec2-user/arduino-testlib/cli-datadir/user/libraries/NST1001/src/NST1001.cpp:39:70: note: suggested alternative: &#39;B111&#39;
   TCCR1B = (0&lt;&lt;ICNC1)|(0&lt;&lt;ICES1)|(0&lt;&lt;WGM13)|(0&lt;&lt;WGM12)|(1&lt;&lt;CS12)|(1&lt;&lt;CS11)|(0&lt;&lt;CS10);
                                                                      ^~~~
                                                                      B111
/home/ec2-user/arduino-testlib/cli-datadir/user/libraries/NST1001/src/NST1001.cpp:39:80: error: &#39;CS10&#39; was not declared in this scope
   TCCR1B = (0&lt;&lt;ICNC1)|(0&lt;&lt;ICES1)|(0&lt;&lt;WGM13)|(0&lt;&lt;WGM12)|(1&lt;&lt;CS12)|(1&lt;&lt;CS11)|(0&lt;&lt;CS10);
                                                                                ^~~~
/home/ec2-user/arduino-testlib/cli-datadir/user/libraries/NST1001/src/NST1001.cpp:39:80: note: suggested alternative: &#39;B110&#39;
   TCCR1B = (0&lt;&lt;ICNC1)|(0&lt;&lt;ICES1)|(0&lt;&lt;WGM13)|(0&lt;&lt;WGM12)|(1&lt;&lt;CS12)|(1&lt;&lt;CS11)|(0&lt;&lt;CS10);
                                                                                ^~~~
                                                                                B110
/home/ec2-user/arduino-testlib/cli-datadir/user/libraries/NST1001/src/NST1001.cpp:40:3: error: &#39;TIMSK1&#39; was not declared in this scope
   TIMSK1 = (0&lt;&lt;ICIE1)|(0&lt;&lt;OCIE1B)|(0&lt;&lt;OCIE1A)|(0&lt;&lt;TOIE1);
   ^~~~~~
/home/ec2-user/arduino-testlib/cli-datadir/user/libraries/NST1001/src/NST1001.cpp:40:3: note: suggested alternative: &#39;TIMER&#39;
   TIMSK1 = (0&lt;&lt;ICIE1)|(0&lt;&lt;OCIE1B)|(0&lt;&lt;OCIE1A)|(0&lt;&lt;TOIE1);
   ^~~~~~
   TIMER
/home/ec2-user/arduino-testlib/cli-datadir/user/libraries/NST1001/src/NST1001.cpp:40:16: error: &#39;ICIE1&#39; was not declared in this scope
   TIMSK1 = (0&lt;&lt;ICIE1)|(0&lt;&lt;OCIE1B)|(0&lt;&lt;OCIE1A)|(0&lt;&lt;TOIE1);
                ^~~~~
/home/ec2-user/arduino-testlib/cli-datadir/user/libraries/NST1001/src/NST1001.cpp:40:27: error: &#39;OCIE1B&#39; was not declared in this scope
   TIMSK1 = (0&lt;&lt;ICIE1)|(0&lt;&lt;OCIE1B)|(0&lt;&lt;OCIE1A)|(0&lt;&lt;TOIE1);
                           ^~~~~~
/home/ec2-user/arduino-testlib/cli-datadir/user/libraries/NST1001/src/NST1001.cpp:40:39: error: &#39;OCIE1A&#39; was not declared in this scope
   TIMSK1 = (0&lt;&lt;ICIE1)|(0&lt;&lt;OCIE1B)|(0&lt;&lt;OCIE1A)|(0&lt;&lt;TOIE1);
                                       ^~~~~~
/home/ec2-user/arduino-testlib/cli-datadir/user/libraries/NST1001/src/NST1001.cpp:40:51: error: &#39;TOIE1&#39; was not declared in this scope
   TIMSK1 = (0&lt;&lt;ICIE1)|(0&lt;&lt;OCIE1B)|(0&lt;&lt;OCIE1A)|(0&lt;&lt;TOIE1);
                                                   ^~~~~
/home/ec2-user/arduino-testlib/cli-datadir/user/libraries/NST1001/src/NST1001.cpp:41:3: error: &#39;TCNT1&#39; was not declared in this scope
   TCNT1 = 0;
   ^~~~~
/home/ec2-user/arduino-testlib/cli-datadir/user/libraries/NST1001/src/NST1001.cpp:41:3: note: suggested alternative: &#39;SCNd16&#39;
   TCNT1 = 0;
   ^~~~~
   SCNd16
/home/ec2-user/arduino-testlib/cli-datadir/user/libraries/NST1001/src/NST1001.cpp:43:3: error: &#39;sei&#39; was not declared in this scope
   sei();
   ^~~
/home/ec2-user/arduino-testlib/cli-datadir/user/libraries/NST1001/src/NST1001.cpp: In member function &#39;const float NST1001::getTemp(int)&#39;:
/home/ec2-user/arduino-testlib/cli-datadir/user/libraries/NST1001/src/NST1001.cpp:51:3: error: &#39;TCCR1B&#39; was not declared in this scope
   TCCR1B |= (0&lt;&lt;ICNC1)|(0&lt;&lt;ICES1)|(0&lt;&lt;WGM13)|(0&lt;&lt;WGM12)|(1&lt;&lt;CS12)|(1&lt;&lt;CS11)|(0&lt;&lt;CS10); // Enable counter.
   ^~~~~~
/home/ec2-user/arduino-testlib/cli-datadir/user/libraries/NST1001/src/NST1001.cpp:51:17: error: &#39;ICNC1&#39; was not declared in this scope
   TCCR1B |= (0&lt;&lt;ICNC1)|(0&lt;&lt;ICES1)|(0&lt;&lt;WGM13)|(0&lt;&lt;WGM12)|(1&lt;&lt;CS12)|(1&lt;&lt;CS11)|(0&lt;&lt;CS10); // Enable counter.
                 ^~~~~
/home/ec2-user/arduino-testlib/cli-datadir/user/libraries/NST1001/src/NST1001.cpp:51:28: error: &#39;ICES1&#39; was not declared in this scope
   TCCR1B |= (0&lt;&lt;ICNC1)|(0&lt;&lt;ICES1)|(0&lt;&lt;WGM13)|(0&lt;&lt;WGM12)|(1&lt;&lt;CS12)|(1&lt;&lt;CS11)|(0&lt;&lt;CS10); // Enable counter.
                            ^~~~~
/home/ec2-user/arduino-testlib/cli-datadir/user/libraries/NST1001/src/NST1001.cpp:51:39: error: &#39;WGM13&#39; was not declared in this scope
   TCCR1B |= (0&lt;&lt;ICNC1)|(0&lt;&lt;ICES1)|(0&lt;&lt;WGM13)|(0&lt;&lt;WGM12)|(1&lt;&lt;CS12)|(1&lt;&lt;CS11)|(0&lt;&lt;CS10); // Enable counter.
                                       ^~~~~
/home/ec2-user/arduino-testlib/cli-datadir/user/libraries/NST1001/src/NST1001.cpp:51:50: error: &#39;WGM12&#39; was not declared in this scope
   TCCR1B |= (0&lt;&lt;ICNC1)|(0&lt;&lt;ICES1)|(0&lt;&lt;WGM13)|(0&lt;&lt;WGM12)|(1&lt;&lt;CS12)|(1&lt;&lt;CS11)|(0&lt;&lt;CS10); // Enable counter.
                                                  ^~~~~
/home/ec2-user/arduino-testlib/cli-datadir/user/libraries/NST1001/src/NST1001.cpp:51:61: error: &#39;CS12&#39; was not declared in this scope
   TCCR1B |= (0&lt;&lt;ICNC1)|(0&lt;&lt;ICES1)|(0&lt;&lt;WGM13)|(0&lt;&lt;WGM12)|(1&lt;&lt;CS12)|(1&lt;&lt;CS11)|(0&lt;&lt;CS10); // Enable counter.
                                                             ^~~~
/home/ec2-user/arduino-testlib/cli-datadir/user/libraries/NST1001/src/NST1001.cpp:51:61: note: suggested alternative: &#39;p12&#39;
   TCCR1B |= (0&lt;&lt;ICNC1)|(0&lt;&lt;ICES1)|(0&lt;&lt;WGM13)|(0&lt;&lt;WGM12)|(1&lt;&lt;CS12)|(1&lt;&lt;CS11)|(0&lt;&lt;CS10); // Enable counter.
                                                             ^~~~
                                                             p12
/home/ec2-user/arduino-testlib/cli-datadir/user/libraries/NST1001/src/NST1001.cpp:51:71: error: &#39;CS11&#39; was not declared in this scope
   TCCR1B |= (0&lt;&lt;ICNC1)|(0&lt;&lt;ICES1)|(0&lt;&lt;WGM13)|(0&lt;&lt;WGM12)|(1&lt;&lt;CS12)|(1&lt;&lt;CS11)|(0&lt;&lt;CS10); // Enable counter.
                                                                       ^~~~
/home/ec2-user/arduino-testlib/cli-datadir/user/libraries/NST1001/src/NST1001.cpp:51:71: note: suggested alternative: &#39;B111&#39;
   TCCR1B |= (0&lt;&lt;ICNC1)|(0&lt;&lt;IC</pre>
					
					<h4>examples/Read_Temperature_Free-running</h4>
					<p>
						Result: <b>FAIL</b>
					</p>
					<pre class="pre-scrollable">WARNING: library NST1001 claims to run on avr architecture(s) and may be incompatible with your current board which runs on mbed_nano architecture(s).
/home/ec2-user/arduino-testlib/cli-datadir/user/libraries/NST1001/src/NST1001.cpp: In member function &#39;const void NST1001::init()&#39;:
/home/ec2-user/arduino-testlib/cli-datadir/user/libraries/NST1001/src/NST1001.cpp:35:3: error: &#39;cli&#39; was not declared in this scope
   cli();
   ^~~
/home/ec2-user/arduino-testlib/cli-datadir/user/libraries/NST1001/src/NST1001.cpp:38:3: error: &#39;TCCR1A&#39; was not declared in this scope
   TCCR1A = (0&lt;&lt;COM1A1)|(0&lt;&lt;COM1A0)|(0&lt;&lt;COM1B1)|(0&lt;&lt;COM1B0)|(0&lt;&lt;WGM11)|(0&lt;&lt;WGM10);
   ^~~~~~
/home/ec2-user/arduino-testlib/cli-datadir/user/libraries/NST1001/src/NST1001.cpp:38:16: error: &#39;COM1A1&#39; was not declared in this scope
   TCCR1A = (0&lt;&lt;COM1A1)|(0&lt;&lt;COM1A0)|(0&lt;&lt;COM1B1)|(0&lt;&lt;COM1B0)|(0&lt;&lt;WGM11)|(0&lt;&lt;WGM10);
                ^~~~~~
/home/ec2-user/arduino-testlib/cli-datadir/user/libraries/NST1001/src/NST1001.cpp:38:28: error: &#39;COM1A0&#39; was not declared in this scope
   TCCR1A = (0&lt;&lt;COM1A1)|(0&lt;&lt;COM1A0)|(0&lt;&lt;COM1B1)|(0&lt;&lt;COM1B0)|(0&lt;&lt;WGM11)|(0&lt;&lt;WGM10);
                            ^~~~~~
/home/ec2-user/arduino-testlib/cli-datadir/user/libraries/NST1001/src/NST1001.cpp:38:40: error: &#39;COM1B1&#39; was not declared in this scope
   TCCR1A = (0&lt;&lt;COM1A1)|(0&lt;&lt;COM1A0)|(0&lt;&lt;COM1B1)|(0&lt;&lt;COM1B0)|(0&lt;&lt;WGM11)|(0&lt;&lt;WGM10);
                                        ^~~~~~
/home/ec2-user/arduino-testlib/cli-datadir/user/libraries/NST1001/src/NST1001.cpp:38:52: error: &#39;COM1B0&#39; was not declared in this scope
   TCCR1A = (0&lt;&lt;COM1A1)|(0&lt;&lt;COM1A0)|(0&lt;&lt;COM1B1)|(0&lt;&lt;COM1B0)|(0&lt;&lt;WGM11)|(0&lt;&lt;WGM10);
                                                    ^~~~~~
/home/ec2-user/arduino-testlib/cli-datadir/user/libraries/NST1001/src/NST1001.cpp:38:64: error: &#39;WGM11&#39; was not declared in this scope
   TCCR1A = (0&lt;&lt;COM1A1)|(0&lt;&lt;COM1A0)|(0&lt;&lt;COM1B1)|(0&lt;&lt;COM1B0)|(0&lt;&lt;WGM11)|(0&lt;&lt;WGM10);
                                                                ^~~~~
/home/ec2-user/arduino-testlib/cli-datadir/user/libraries/NST1001/src/NST1001.cpp:38:75: error: &#39;WGM10&#39; was not declared in this scope
   TCCR1A = (0&lt;&lt;COM1A1)|(0&lt;&lt;COM1A0)|(0&lt;&lt;COM1B1)|(0&lt;&lt;COM1B0)|(0&lt;&lt;WGM11)|(0&lt;&lt;WGM10);
                                                                           ^~~~~
/home/ec2-user/arduino-testlib/cli-datadir/user/libraries/NST1001/src/NST1001.cpp:39:3: error: &#39;TCCR1B&#39; was not declared in this scope
   TCCR1B = (0&lt;&lt;ICNC1)|(0&lt;&lt;ICES1)|(0&lt;&lt;WGM13)|(0&lt;&lt;WGM12)|(1&lt;&lt;CS12)|(1&lt;&lt;CS11)|(0&lt;&lt;CS10);
   ^~~~~~
/home/ec2-user/arduino-testlib/cli-datadir/user/libraries/NST1001/src/NST1001.cpp:39:16: error: &#39;ICNC1&#39; was not declared in this scope
   TCCR1B = (0&lt;&lt;ICNC1)|(0&lt;&lt;ICES1)|(0&lt;&lt;WGM13)|(0&lt;&lt;WGM12)|(1&lt;&lt;CS12)|(1&lt;&lt;CS11)|(0&lt;&lt;CS10);
                ^~~~~
/home/ec2-user/arduino-testlib/cli-datadir/user/libraries/NST1001/src/NST1001.cpp:39:27: error: &#39;ICES1&#39; was not declared in this scope
   TCCR1B = (0&lt;&lt;ICNC1)|(0&lt;&lt;ICES1)|(0&lt;&lt;WGM13)|(0&lt;&lt;WGM12)|(1&lt;&lt;CS12)|(1&lt;&lt;CS11)|(0&lt;&lt;CS10);
                           ^~~~~
/home/ec2-user/arduino-testlib/cli-datadir/user/libraries/NST1001/src/NST1001.cpp:39:38: error: &#39;WGM13&#39; was not declared in this scope
   TCCR1B = (0&lt;&lt;ICNC1)|(0&lt;&lt;ICES1)|(0&lt;&lt;WGM13)|(0&lt;&lt;WGM12)|(1&lt;&lt;CS12)|(1&lt;&lt;CS11)|(0&lt;&lt;CS10);
                                      ^~~~~
/home/ec2-user/arduino-testlib/cli-datadir/user/libraries/NST1001/src/NST1001.cpp:39:49: error: &#39;WGM12&#39; was not declared in this scope
   TCCR1B = (0&lt;&lt;ICNC1)|(0&lt;&lt;ICES1)|(0&lt;&lt;WGM13)|(0&lt;&lt;WGM12)|(1&lt;&lt;CS12)|(1&lt;&lt;CS11)|(0&lt;&lt;CS10);
                                                 ^~~~~
/home/ec2-user/arduino-testlib/cli-datadir/user/libraries/NST1001/src/NST1001.cpp:39:60: error: &#39;CS12&#39; was not declared in this scope
   TCCR1B = (0&lt;&lt;ICNC1)|(0&lt;&lt;ICES1)|(0&lt;&lt;WGM13)|(0&lt;&lt;WGM12)|(1&lt;&lt;CS12)|(1&lt;&lt;CS11)|(0&lt;&lt;CS10);
                                                            ^~~~
/home/ec2-user/arduino-testlib/cli-datadir/user/libraries/NST1001/src/NST1001.cpp:39:60: note: suggested alternative: &#39;p12&#39;
   TCCR1B = (0&lt;&lt;ICNC1)|(0&lt;&lt;ICES1)|(0&lt;&lt;WGM13)|(0&lt;&lt;WGM12)|(1&lt;&lt;CS12)|(1&lt;&lt;CS11)|(0&lt;&lt;CS10);
                                                            ^~~~
                                                            p12
/home/ec2-user/arduino-testlib/cli-datadir/user/libraries/NST1001/src/NST1001.cpp:39:70: error: &#39;CS11&#39; was not declared in this scope
   TCCR1B = (0&lt;&lt;ICNC1)|(0&lt;&lt;ICES1)|(0&lt;&lt;WGM13)|(0&lt;&lt;WGM12)|(1&lt;&lt;CS12)|(1&lt;&lt;CS11)|(0&lt;&lt;CS10);
                                                                      ^~~~
/home/ec2-user/arduino-testlib/cli-datadir/user/libraries/NST1001/src/NST1001.cpp:39:70: note: suggested alternative: &#39;B111&#39;
   TCCR1B = (0&lt;&lt;ICNC1)|(0&lt;&lt;ICES1)|(0&lt;&lt;WGM13)|(0&lt;&lt;WGM12)|(1&lt;&lt;CS12)|(1&lt;&lt;CS11)|(0&lt;&lt;CS10);
                                                                      ^~~~
                                                                      B111
/home/ec2-user/arduino-testlib/cli-datadir/user/libraries/NST1001/src/NST1001.cpp:39:80: error: &#39;CS10&#39; was not declared in this scope
   TCCR1B = (0&lt;&lt;ICNC1)|(0&lt;&lt;ICES1)|(0&lt;&lt;WGM13)|(0&lt;&lt;WGM12)|(1&lt;&lt;CS12)|(1&lt;&lt;CS11)|(0&lt;&lt;CS10);
                                                                                ^~~~
/home/ec2-user/arduino-testlib/cli-datadir/user/libraries/NST1001/src/NST1001.cpp:39:80: note: suggested alternative: &#39;B110&#39;
   TCCR1B = (0&lt;&lt;ICNC1)|(0&lt;&lt;ICES1)|(0&lt;&lt;WGM13)|(0&lt;&lt;WGM12)|(1&lt;&lt;CS12)|(1&lt;&lt;CS11)|(0&lt;&lt;CS10);
                                                                                ^~~~
                                                                                B110
/home/ec2-user/arduino-testlib/cli-datadir/user/libraries/NST1001/src/NST1001.cpp:40:3: error: &#39;TIMSK1&#39; was not declared in this scope
   TIMSK1 = (0&lt;&lt;ICIE1)|(0&lt;&lt;OCIE1B)|(0&lt;&lt;OCIE1A)|(0&lt;&lt;TOIE1);
   ^~~~~~
/home/ec2-user/arduino-testlib/cli-datadir/user/libraries/NST1001/src/NST1001.cpp:40:3: note: suggested alternative: &#39;TIMER&#39;
   TIMSK1 = (0&lt;&lt;ICIE1)|(0&lt;&lt;OCIE1B)|(0&lt;&lt;OCIE1A)|(0&lt;&lt;TOIE1);
   ^~~~~~
   TIMER
/home/ec2-user/arduino-testlib/cli-datadir/user/libraries/NST1001/src/NST1001.cpp:40:16: error: &#39;ICIE1&#39; was not declared in this scope
   TIMSK1 = (0&lt;&lt;ICIE1)|(0&lt;&lt;OCIE1B)|(0&lt;&lt;OCIE1A)|(0&lt;&lt;TOIE1);
                ^~~~~
/home/ec2-user/arduino-testlib/cli-datadir/user/libraries/NST1001/src/NST1001.cpp:40:27: error: &#39;OCIE1B&#39; was not declared in this scope
   TIMSK1 = (0&lt;&lt;ICIE1)|(0&lt;&lt;OCIE1B)|(0&lt;&lt;OCIE1A)|(0&lt;&lt;TOIE1);
                           ^~~~~~
/home/ec2-user/arduino-testlib/cli-datadir/user/libraries/NST1001/src/NST1001.cpp:40:39: error: &#39;OCIE1A&#39; was not declared in this scope
   TIMSK1 = (0&lt;&lt;ICIE1)|(0&lt;&lt;OCIE1B)|(0&lt;&lt;OCIE1A)|(0&lt;&lt;TOIE1);
                                       ^~~~~~
/home/ec2-user/arduino-testlib/cli-datadir/user/libraries/NST1001/src/NST1001.cpp:40:51: error: &#39;TOIE1&#39; was not declared in this scope
   TIMSK1 = (0&lt;&lt;ICIE1)|(0&lt;&lt;OCIE1B)|(0&lt;&lt;OCIE1A)|(0&lt;&lt;TOIE1);
                                                   ^~~~~
/home/ec2-user/arduino-testlib/cli-datadir/user/libraries/NST1001/src/NST1001.cpp:41:3: error: &#39;TCNT1&#39; was not declared in this scope
   TCNT1 = 0;
   ^~~~~
/home/ec2-user/arduino-testlib/cli-datadir/user/libraries/NST1001/src/NST1001.cpp:41:3: note: suggested alternative: &#39;SCNd16&#39;
   TCNT1 = 0;
   ^~~~~
   SCNd16
/home/ec2-user/arduino-testlib/cli-datadir/user/libraries/NST1001/src/NST1001.cpp:43:3: error: &#39;sei&#39; was not declared in this scope
   sei();
   ^~~
/home/ec2-user/arduino-testlib/cli-datadir/user/libraries/NST1001/src/NST1001.cpp: In member function &#39;const float NST1001::getTemp(int)&#39;:
/home/ec2-user/arduino-testlib/cli-datadir/user/libraries/NST1001/src/NST1001.cpp:51:3: error: &#39;TCCR1B&#39; was not declared in this scope
   TCCR1B |= (0&lt;&lt;ICNC1)|(0&lt;&lt;ICES1)|(0&lt;&lt;WGM13)|(0&lt;&lt;WGM12)|(1&lt;&lt;CS12)|(1&lt;&lt;CS11)|(0&lt;&lt;CS10); // Enable counter.
   ^~~~~~
/home/ec2-user/arduino-testlib/cli-datadir/user/libraries/NST1001/src/NST1001.cpp:51:17: error: &#39;ICNC1&#39; was not declared in this scope
   TCCR1B |= (0&lt;&lt;ICNC1)|(0&lt;&lt;ICES1)|(0&lt;&lt;WGM13)|(0&lt;&lt;WGM12)|(1&lt;&lt;CS12)|(1&lt;&lt;CS11)|(0&lt;&lt;CS10); // Enable counter.
                 ^~~~~
/home/ec2-user/arduino-testlib/cli-datadir/user/libraries/NST1001/src/NST1001.cpp:51:28: error: &#39;ICES1&#39; was not declared in this scope
   TCCR1B |= (0&lt;&lt;ICNC1)|(0&lt;&lt;ICES1)|(0&lt;&lt;WGM13)|(0&lt;&lt;WGM12)|(1&lt;&lt;CS12)|(1&lt;&lt;CS11)|(0&lt;&lt;CS10); // Enable counter.
                            ^~~~~
/home/ec2-user/arduino-testlib/cli-datadir/user/libraries/NST1001/src/NST1001.cpp:51:39: error: &#39;WGM13&#39; was not declared in this scope
   TCCR1B |= (0&lt;&lt;ICNC1)|(0&lt;&lt;ICES1)|(0&lt;&lt;WGM13)|(0&lt;&lt;WGM12)|(1&lt;&lt;CS12)|(1&lt;&lt;CS11)|(0&lt;&lt;CS10); // Enable counter.
                                       ^~~~~
/home/ec2-user/arduino-testlib/cli-datadir/user/libraries/NST1001/src/NST1001.cpp:51:50: error: &#39;WGM12&#39; was not declared in this scope
   TCCR1B |= (0&lt;&lt;ICNC1)|(0&lt;&lt;ICES1)|(0&lt;&lt;WGM13)|(0&lt;&lt;WGM12)|(1&lt;&lt;CS12)|(1&lt;&lt;CS11)|(0&lt;&lt;CS10); // Enable counter.
                                                  ^~~~~
/home/ec2-user/arduino-testlib/cli-datadir/user/libraries/NST1001/src/NST1001.cpp:51:61: error: &#39;CS12&#39; was not declared in this scope
   TCCR1B |= (0&lt;&lt;ICNC1)|(0&lt;&lt;ICES1)|(0&lt;&lt;WGM13)|(0&lt;&lt;WGM12)|(1&lt;&lt;CS12)|(1&lt;&lt;CS11)|(0&lt;&lt;CS10); // Enable counter.
                                                             ^~~~
/home/ec2-user/arduino-testlib/cli-datadir/user/libraries/NST1001/src/NST1001.cpp:51:61: note: suggested alternative: &#39;p12&#39;
   TCCR1B |= (0&lt;&lt;ICNC1)|(0&lt;&lt;ICES1)|(0&lt;&lt;WGM13)|(0&lt;&lt;WGM12)|(1&lt;&lt;CS12)|(1&lt;&lt;CS11)|(0&lt;&lt;CS10); // Enable counter.
                                                             ^~~~
                                                             p12
/home/ec2-user/arduino-testlib/cli-datadir/user/libraries/NST1001/src/NST1001.cpp:51:71: error: &#39;CS11&#39; was not declared in this scope
   TCCR1B |= (0&lt;&lt;ICNC1)|(0&lt;&lt;ICES1)|(0&lt;&lt;WGM13)|(0&lt;&lt;WGM12)|(1&lt;&lt;CS12)|(1&lt;&lt;CS11)|(0&lt;&lt;CS10); // Enable counter.
                                                                       ^~~~
/home/ec2-user/arduino-testlib/cli-datadir/user/libraries/NST1001/src/NST1001.cpp:51:71: note: suggested alternative: &#39;B111&#39;
   TCCR1B |= (0&lt;&lt;ICNC1)|(0&lt;&lt;IC</pre>
					
					<h4>examples/Read_Temperature_MultiCast</h4>
					<p>
						Result: <b>FAIL</b>
					</p>
					<pre class="pre-scrollable">WARNING: library NST1001 claims to run on avr architecture(s) and may be incompatible with your current board which runs on mbed_nano architecture(s).
/home/ec2-user/arduino-testlib/cli-datadir/user/libraries/NST1001/src/NST1001.cpp: In member function &#39;const void NST1001::init()&#39;:
/home/ec2-user/arduino-testlib/cli-datadir/user/libraries/NST1001/src/NST1001.cpp:35:3: error: &#39;cli&#39; was not declared in this scope
   cli();
   ^~~
/home/ec2-user/arduino-testlib/cli-datadir/user/libraries/NST1001/src/NST1001.cpp:38:3: error: &#39;TCCR1A&#39; was not declared in this scope
   TCCR1A = (0&lt;&lt;COM1A1)|(0&lt;&lt;COM1A0)|(0&lt;&lt;COM1B1)|(0&lt;&lt;COM1B0)|(0&lt;&lt;WGM11)|(0&lt;&lt;WGM10);
   ^~~~~~
/home/ec2-user/arduino-testlib/cli-datadir/user/libraries/NST1001/src/NST1001.cpp:38:16: error: &#39;COM1A1&#39; was not declared in this scope
   TCCR1A = (0&lt;&lt;COM1A1)|(0&lt;&lt;COM1A0)|(0&lt;&lt;COM1B1)|(0&lt;&lt;COM1B0)|(0&lt;&lt;WGM11)|(0&lt;&lt;WGM10);
                ^~~~~~
/home/ec2-user/arduino-testlib/cli-datadir/user/libraries/NST1001/src/NST1001.cpp:38:28: error: &#39;COM1A0&#39; was not declared in this scope
   TCCR1A = (0&lt;&lt;COM1A1)|(0&lt;&lt;COM1A0)|(0&lt;&lt;COM1B1)|(0&lt;&lt;COM1B0)|(0&lt;&lt;WGM11)|(0&lt;&lt;WGM10);
                            ^~~~~~
/home/ec2-user/arduino-testlib/cli-datadir/user/libraries/NST1001/src/NST1001.cpp:38:40: error: &#39;COM1B1&#39; was not declared in this scope
   TCCR1A = (0&lt;&lt;COM1A1)|(0&lt;&lt;COM1A0)|(0&lt;&lt;COM1B1)|(0&lt;&lt;COM1B0)|(0&lt;&lt;WGM11)|(0&lt;&lt;WGM10);
                                        ^~~~~~
/home/ec2-user/arduino-testlib/cli-datadir/user/libraries/NST1001/src/NST1001.cpp:38:52: error: &#39;COM1B0&#39; was not declared in this scope
   TCCR1A = (0&lt;&lt;COM1A1)|(0&lt;&lt;COM1A0)|(0&lt;&lt;COM1B1)|(0&lt;&lt;COM1B0)|(0&lt;&lt;WGM11)|(0&lt;&lt;WGM10);
                                                    ^~~~~~
/home/ec2-user/arduino-testlib/cli-datadir/user/libraries/NST1001/src/NST1001.cpp:38:64: error: &#39;WGM11&#39; was not declared in this scope
   TCCR1A = (0&lt;&lt;COM1A1)|(0&lt;&lt;COM1A0)|(0&lt;&lt;COM1B1)|(0&lt;&lt;COM1B0)|(0&lt;&lt;WGM11)|(0&lt;&lt;WGM10);
                                                                ^~~~~
/home/ec2-user/arduino-testlib/cli-datadir/user/libraries/NST1001/src/NST1001.cpp:38:75: error: &#39;WGM10&#39; was not declared in this scope
   TCCR1A = (0&lt;&lt;COM1A1)|(0&lt;&lt;COM1A0)|(0&lt;&lt;COM1B1)|(0&lt;&lt;COM1B0)|(0&lt;&lt;WGM11)|(0&lt;&lt;WGM10);
                                                                           ^~~~~
/home/ec2-user/arduino-testlib/cli-datadir/user/libraries/NST1001/src/NST1001.cpp:39:3: error: &#39;TCCR1B&#39; was not declared in this scope
   TCCR1B = (0&lt;&lt;ICNC1)|(0&lt;&lt;ICES1)|(0&lt;&lt;WGM13)|(0&lt;&lt;WGM12)|(1&lt;&lt;CS12)|(1&lt;&lt;CS11)|(0&lt;&lt;CS10);
   ^~~~~~
/home/ec2-user/arduino-testlib/cli-datadir/user/libraries/NST1001/src/NST1001.cpp:39:16: error: &#39;ICNC1&#39; was not declared in this scope
   TCCR1B = (0&lt;&lt;ICNC1)|(0&lt;&lt;ICES1)|(0&lt;&lt;WGM13)|(0&lt;&lt;WGM12)|(1&lt;&lt;CS12)|(1&lt;&lt;CS11)|(0&lt;&lt;CS10);
                ^~~~~
/home/ec2-user/arduino-testlib/cli-datadir/user/libraries/NST1001/src/NST1001.cpp:39:27: error: &#39;ICES1&#39; was not declared in this scope
   TCCR1B = (0&lt;&lt;ICNC1)|(0&lt;&lt;ICES1)|(0&lt;&lt;WGM13)|(0&lt;&lt;WGM12)|(1&lt;&lt;CS12)|(1&lt;&lt;CS11)|(0&lt;&lt;CS10);
                           ^~~~~
/home/ec2-user/arduino-testlib/cli-datadir/user/libraries/NST1001/src/NST1001.cpp:39:38: error: &#39;WGM13&#39; was not declared in this scope
   TCCR1B = (0&lt;&lt;ICNC1)|(0&lt;&lt;ICES1)|(0&lt;&lt;WGM13)|(0&lt;&lt;WGM12)|(1&lt;&lt;CS12)|(1&lt;&lt;CS11)|(0&lt;&lt;CS10);
                                      ^~~~~
/home/ec2-user/arduino-testlib/cli-datadir/user/libraries/NST1001/src/NST1001.cpp:39:49: error: &#39;WGM12&#39; was not declared in this scope
   TCCR1B = (0&lt;&lt;ICNC1)|(0&lt;&lt;ICES1)|(0&lt;&lt;WGM13)|(0&lt;&lt;WGM12)|(1&lt;&lt;CS12)|(1&lt;&lt;CS11)|(0&lt;&lt;CS10);
                                                 ^~~~~
/home/ec2-user/arduino-testlib/cli-datadir/user/libraries/NST1001/src/NST1001.cpp:39:60: error: &#39;CS12&#39; was not declared in this scope
   TCCR1B = (0&lt;&lt;ICNC1)|(0&lt;&lt;ICES1)|(0&lt;&lt;WGM13)|(0&lt;&lt;WGM12)|(1&lt;&lt;CS12)|(1&lt;&lt;CS11)|(0&lt;&lt;CS10);
                                                            ^~~~
/home/ec2-user/arduino-testlib/cli-datadir/user/libraries/NST1001/src/NST1001.cpp:39:60: note: suggested alternative: &#39;p12&#39;
   TCCR1B = (0&lt;&lt;ICNC1)|(0&lt;&lt;ICES1)|(0&lt;&lt;WGM13)|(0&lt;&lt;WGM12)|(1&lt;&lt;CS12)|(1&lt;&lt;CS11)|(0&lt;&lt;CS10);
                                                            ^~~~
                                                            p12
/home/ec2-user/arduino-testlib/cli-datadir/user/libraries/NST1001/src/NST1001.cpp:39:70: error: &#39;CS11&#39; was not declared in this scope
   TCCR1B = (0&lt;&lt;ICNC1)|(0&lt;&lt;ICES1)|(0&lt;&lt;WGM13)|(0&lt;&lt;WGM12)|(1&lt;&lt;CS12)|(1&lt;&lt;CS11)|(0&lt;&lt;CS10);
                                                                      ^~~~
/home/ec2-user/arduino-testlib/cli-datadir/user/libraries/NST1001/src/NST1001.cpp:39:70: note: suggested alternative: &#39;B111&#39;
   TCCR1B = (0&lt;&lt;ICNC1)|(0&lt;&lt;ICES1)|(0&lt;&lt;WGM13)|(0&lt;&lt;WGM12)|(1&lt;&lt;CS12)|(1&lt;&lt;CS11)|(0&lt;&lt;CS10);
                                                                      ^~~~
                                                                      B111
/home/ec2-user/arduino-testlib/cli-datadir/user/libraries/NST1001/src/NST1001.cpp:39:80: error: &#39;CS10&#39; was not declared in this scope
   TCCR1B = (0&lt;&lt;ICNC1)|(0&lt;&lt;ICES1)|(0&lt;&lt;WGM13)|(0&lt;&lt;WGM12)|(1&lt;&lt;CS12)|(1&lt;&lt;CS11)|(0&lt;&lt;CS10);
                                                                                ^~~~
/home/ec2-user/arduino-testlib/cli-datadir/user/libraries/NST1001/src/NST1001.cpp:39:80: note: suggested alternative: &#39;B110&#39;
   TCCR1B = (0&lt;&lt;ICNC1)|(0&lt;&lt;ICES1)|(0&lt;&lt;WGM13)|(0&lt;&lt;WGM12)|(1&lt;&lt;CS12)|(1&lt;&lt;CS11)|(0&lt;&lt;CS10);
                                                                                ^~~~
                                                                                B110
/home/ec2-user/arduino-testlib/cli-datadir/user/libraries/NST1001/src/NST1001.cpp:40:3: error: &#39;TIMSK1&#39; was not declared in this scope
   TIMSK1 = (0&lt;&lt;ICIE1)|(0&lt;&lt;OCIE1B)|(0&lt;&lt;OCIE1A)|(0&lt;&lt;TOIE1);
   ^~~~~~
/home/ec2-user/arduino-testlib/cli-datadir/user/libraries/NST1001/src/NST1001.cpp:40:3: note: suggested alternative: &#39;TIMER&#39;
   TIMSK1 = (0&lt;&lt;ICIE1)|(0&lt;&lt;OCIE1B)|(0&lt;&lt;OCIE1A)|(0&lt;&lt;TOIE1);
   ^~~~~~
   TIMER
/home/ec2-user/arduino-testlib/cli-datadir/user/libraries/NST1001/src/NST1001.cpp:40:16: error: &#39;ICIE1&#39; was not declared in this scope
   TIMSK1 = (0&lt;&lt;ICIE1)|(0&lt;&lt;OCIE1B)|(0&lt;&lt;OCIE1A)|(0&lt;&lt;TOIE1);
                ^~~~~
/home/ec2-user/arduino-testlib/cli-datadir/user/libraries/NST1001/src/NST1001.cpp:40:27: error: &#39;OCIE1B&#39; was not declared in this scope
   TIMSK1 = (0&lt;&lt;ICIE1)|(0&lt;&lt;OCIE1B)|(0&lt;&lt;OCIE1A)|(0&lt;&lt;TOIE1);
                           ^~~~~~
/home/ec2-user/arduino-testlib/cli-datadir/user/libraries/NST1001/src/NST1001.cpp:40:39: error: &#39;OCIE1A&#39; was not declared in this scope
   TIMSK1 = (0&lt;&lt;ICIE1)|(0&lt;&lt;OCIE1B)|(0&lt;&lt;OCIE1A)|(0&lt;&lt;TOIE1);
                                       ^~~~~~
/home/ec2-user/arduino-testlib/cli-datadir/user/libraries/NST1001/src/NST1001.cpp:40:51: error: &#39;TOIE1&#39; was not declared in this scope
   TIMSK1 = (0&lt;&lt;ICIE1)|(0&lt;&lt;OCIE1B)|(0&lt;&lt;OCIE1A)|(0&lt;&lt;TOIE1);
                                                   ^~~~~
/home/ec2-user/arduino-testlib/cli-datadir/user/libraries/NST1001/src/NST1001.cpp:41:3: error: &#39;TCNT1&#39; was not declared in this scope
   TCNT1 = 0;
   ^~~~~
/home/ec2-user/arduino-testlib/cli-datadir/user/libraries/NST1001/src/NST1001.cpp:41:3: note: suggested alternative: &#39;SCNd16&#39;
   TCNT1 = 0;
   ^~~~~
   SCNd16
/home/ec2-user/arduino-testlib/cli-datadir/user/libraries/NST1001/src/NST1001.cpp:43:3: error: &#39;sei&#39; was not declared in this scope
   sei();
   ^~~
/home/ec2-user/arduino-testlib/cli-datadir/user/libraries/NST1001/src/NST1001.cpp: In member function &#39;const float NST1001::getTemp(int)&#39;:
/home/ec2-user/arduino-testlib/cli-datadir/user/libraries/NST1001/src/NST1001.cpp:51:3: error: &#39;TCCR1B&#39; was not declared in this scope
   TCCR1B |= (0&lt;&lt;ICNC1)|(0&lt;&lt;ICES1)|(0&lt;&lt;WGM13)|(0&lt;&lt;WGM12)|(1&lt;&lt;CS12)|(1&lt;&lt;CS11)|(0&lt;&lt;CS10); // Enable counter.
   ^~~~~~
/home/ec2-user/arduino-testlib/cli-datadir/user/libraries/NST1001/src/NST1001.cpp:51:17: error: &#39;ICNC1&#39; was not declared in this scope
   TCCR1B |= (0&lt;&lt;ICNC1)|(0&lt;&lt;ICES1)|(0&lt;&lt;WGM13)|(0&lt;&lt;WGM12)|(1&lt;&lt;CS12)|(1&lt;&lt;CS11)|(0&lt;&lt;CS10); // Enable counter.
                 ^~~~~
/home/ec2-user/arduino-testlib/cli-datadir/user/libraries/NST1001/src/NST1001.cpp:51:28: error: &#39;ICES1&#39; was not declared in this scope
   TCCR1B |= (0&lt;&lt;ICNC1)|(0&lt;&lt;ICES1)|(0&lt;&lt;WGM13)|(0&lt;&lt;WGM12)|(1&lt;&lt;CS12)|(1&lt;&lt;CS11)|(0&lt;&lt;CS10); // Enable counter.
                            ^~~~~
/home/ec2-user/arduino-testlib/cli-datadir/user/libraries/NST1001/src/NST1001.cpp:51:39: error: &#39;WGM13&#39; was not declared in this scope
   TCCR1B |= (0&lt;&lt;ICNC1)|(0&lt;&lt;ICES1)|(0&lt;&lt;WGM13)|(0&lt;&lt;WGM12)|(1&lt;&lt;CS12)|(1&lt;&lt;CS11)|(0&lt;&lt;CS10); // Enable counter.
                                       ^~~~~
/home/ec2-user/arduino-testlib/cli-datadir/user/libraries/NST1001/src/NST1001.cpp:51:50: error: &#39;WGM12&#39; was not declared in this scope
   TCCR1B |= (0&lt;&lt;ICNC1)|(0&lt;&lt;ICES1)|(0&lt;&lt;WGM13)|(0&lt;&lt;WGM12)|(1&lt;&lt;CS12)|(1&lt;&lt;CS11)|(0&lt;&lt;CS10); // Enable counter.
                                                  ^~~~~
/home/ec2-user/arduino-testlib/cli-datadir/user/libraries/NST1001/src/NST1001.cpp:51:61: error: &#39;CS12&#39; was not declared in this scope
   TCCR1B |= (0&lt;&lt;ICNC1)|(0&lt;&lt;ICES1)|(0&lt;&lt;WGM13)|(0&lt;&lt;WGM12)|(1&lt;&lt;CS12)|(1&lt;&lt;CS11)|(0&lt;&lt;CS10); // Enable counter.
                                                             ^~~~
/home/ec2-user/arduino-testlib/cli-datadir/user/libraries/NST1001/src/NST1001.cpp:51:61: note: suggested alternative: &#39;p12&#39;
   TCCR1B |= (0&lt;&lt;ICNC1)|(0&lt;&lt;ICES1)|(0&lt;&lt;WGM13)|(0&lt;&lt;WGM12)|(1&lt;&lt;CS12)|(1&lt;&lt;CS11)|(0&lt;&lt;CS10); // Enable counter.
                                                             ^~~~
                                                             p12
/home/ec2-user/arduino-testlib/cli-datadir/user/libraries/NST1001/src/NST1001.cpp:51:71: error: &#39;CS11&#39; was not declared in this scope
   TCCR1B |= (0&lt;&lt;ICNC1)|(0&lt;&lt;ICES1)|(0&lt;&lt;WGM13)|(0&lt;&lt;WGM12)|(1&lt;&lt;CS12)|(1&lt;&lt;CS11)|(0&lt;&lt;CS10); // Enable counter.
                                                                       ^~~~
/home/ec2-user/arduino-testlib/cli-datadir/user/libraries/NST1001/src/NST1001.cpp:51:71: note: suggested alternative: &#39;B111&#39;
   TCCR1B |= (0&lt;&lt;ICNC1)|(0&lt;&lt;IC</pre>
					
				
				<h3 id="arduino:megaavr:nona4809">arduino:megaavr:nona4809 @ 1.8.7</h3>
				<h4>Inclusion</h4>
				<p>
					Result: <b>FAIL</b>
					
				</p>
				<pre class="pre-scrollable">WARNING: library NST1001 claims to run on avr architecture(s) and may be incompatible with your current board which runs on megaavr architecture(s).
/home/ec2-user/arduino-testlib/cli-datadir/user/libraries/NST1001/src/NST1001.cpp: In member function &#39;const void NST1001::init()&#39;:
/home/ec2-user/arduino-testlib/cli-datadir/user/libraries/NST1001/src/NST1001.cpp:38:3: error: &#39;TCCR1A&#39; was not declared in this scope
   TCCR1A = (0&lt;&lt;COM1A1)|(0&lt;&lt;COM1A0)|(0&lt;&lt;COM1B1)|(0&lt;&lt;COM1B0)|(0&lt;&lt;WGM11)|(0&lt;&lt;WGM10);
   ^~~~~~
/home/ec2-user/arduino-testlib/cli-datadir/user/libraries/NST1001/src/NST1001.cpp:38:3: note: suggested alternative: &#39;TCB1&#39;
   TCCR1A = (0&lt;&lt;COM1A1)|(0&lt;&lt;COM1A0)|(0&lt;&lt;COM1B1)|(0&lt;&lt;COM1B0)|(0&lt;&lt;WGM11)|(0&lt;&lt;WGM10);
   ^~~~~~
   TCB1
/home/ec2-user/arduino-testlib/cli-datadir/user/libraries/NST1001/src/NST1001.cpp:38:16: error: &#39;COM1A1&#39; was not declared in this scope
   TCCR1A = (0&lt;&lt;COM1A1)|(0&lt;&lt;COM1A0)|(0&lt;&lt;COM1B1)|(0&lt;&lt;COM1B0)|(0&lt;&lt;WGM11)|(0&lt;&lt;WGM10);
                ^~~~~~
/home/ec2-user/arduino-testlib/cli-datadir/user/libraries/NST1001/src/NST1001.cpp:38:28: error: &#39;COM1A0&#39; was not declared in this scope
   TCCR1A = (0&lt;&lt;COM1A1)|(0&lt;&lt;COM1A0)|(0&lt;&lt;COM1B1)|(0&lt;&lt;COM1B0)|(0&lt;&lt;WGM11)|(0&lt;&lt;WGM10);
                            ^~~~~~
/home/ec2-user/arduino-testlib/cli-datadir/user/libraries/NST1001/src/NST1001.cpp:38:40: error: &#39;COM1B1&#39; was not declared in this scope
   TCCR1A = (0&lt;&lt;COM1A1)|(0&lt;&lt;COM1A0)|(0&lt;&lt;COM1B1)|(0&lt;&lt;COM1B0)|(0&lt;&lt;WGM11)|(0&lt;&lt;WGM10);
                                        ^~~~~~
/home/ec2-user/arduino-testlib/cli-datadir/user/libraries/NST1001/src/NST1001.cpp:38:52: error: &#39;COM1B0&#39; was not declared in this scope
   TCCR1A = (0&lt;&lt;COM1A1)|(0&lt;&lt;COM1A0)|(0&lt;&lt;COM1B1)|(0&lt;&lt;COM1B0)|(0&lt;&lt;WGM11)|(0&lt;&lt;WGM10);
                                                    ^~~~~~
/home/ec2-user/arduino-testlib/cli-datadir/user/libraries/NST1001/src/NST1001.cpp:38:64: error: &#39;WGM11&#39; was not declared in this scope
   TCCR1A = (0&lt;&lt;COM1A1)|(0&lt;&lt;COM1A0)|(0&lt;&lt;COM1B1)|(0&lt;&lt;COM1B0)|(0&lt;&lt;WGM11)|(0&lt;&lt;WGM10);
                                                                ^~~~~
/home/ec2-user/arduino-testlib/cli-datadir/user/libraries/NST1001/src/NST1001.cpp:38:75: error: &#39;WGM10&#39; was not declared in this scope
   TCCR1A = (0&lt;&lt;COM1A1)|(0&lt;&lt;COM1A0)|(0&lt;&lt;COM1B1)|(0&lt;&lt;COM1B0)|(0&lt;&lt;WGM11)|(0&lt;&lt;WGM10);
                                                                           ^~~~~
/home/ec2-user/arduino-testlib/cli-datadir/user/libraries/NST1001/src/NST1001.cpp:39:3: error: &#39;TCCR1B&#39; was not declared in this scope
   TCCR1B = (0&lt;&lt;ICNC1)|(0&lt;&lt;ICES1)|(0&lt;&lt;WGM13)|(0&lt;&lt;WGM12)|(1&lt;&lt;CS12)|(1&lt;&lt;CS11)|(0&lt;&lt;CS10);
   ^~~~~~
/home/ec2-user/arduino-testlib/cli-datadir/user/libraries/NST1001/src/NST1001.cpp:39:3: note: suggested alternative: &#39;TCB1&#39;
   TCCR1B = (0&lt;&lt;ICNC1)|(0&lt;&lt;ICES1)|(0&lt;&lt;WGM13)|(0&lt;&lt;WGM12)|(1&lt;&lt;CS12)|(1&lt;&lt;CS11)|(0&lt;&lt;CS10);
   ^~~~~~
   TCB1
/home/ec2-user/arduino-testlib/cli-datadir/user/libraries/NST1001/src/NST1001.cpp:39:16: error: &#39;ICNC1&#39; was not declared in this scope
   TCCR1B = (0&lt;&lt;ICNC1)|(0&lt;&lt;ICES1)|(0&lt;&lt;WGM13)|(0&lt;&lt;WGM12)|(1&lt;&lt;CS12)|(1&lt;&lt;CS11)|(0&lt;&lt;CS10);
                ^~~~~
/home/ec2-user/arduino-testlib/cli-datadir/user/libraries/NST1001/src/NST1001.cpp:39:27: error: &#39;ICES1&#39; was not declared in this scope
   TCCR1B = (0&lt;&lt;ICNC1)|(0&lt;&lt;ICES1)|(0&lt;&lt;WGM13)|(0&lt;&lt;WGM12)|(1&lt;&lt;CS12)|(1&lt;&lt;CS11)|(0&lt;&lt;CS10);
                           ^~~~~
/home/ec2-user/arduino-testlib/cli-datadir/user/libraries/NST1001/src/NST1001.cpp:39:38: error: &#39;WGM13&#39; was not declared in this scope
   TCCR1B = (0&lt;&lt;ICNC1)|(0&lt;&lt;ICES1)|(0&lt;&lt;WGM13)|(0&lt;&lt;WGM12)|(1&lt;&lt;CS12)|(1&lt;&lt;CS11)|(0&lt;&lt;CS10);
                                      ^~~~~
/home/ec2-user/arduino-testlib/cli-datadir/user/libraries/NST1001/src/NST1001.cpp:39:49: error: &#39;WGM12&#39; was not declared in this scope
   TCCR1B = (0&lt;&lt;ICNC1)|(0&lt;&lt;ICES1)|(0&lt;&lt;WGM13)|(0&lt;&lt;WGM12)|(1&lt;&lt;CS12)|(1&lt;&lt;CS11)|(0&lt;&lt;CS10);
                                                 ^~~~~
/home/ec2-user/arduino-testlib/cli-datadir/user/libraries/NST1001/src/NST1001.cpp:39:60: error: &#39;CS12&#39; was not declared in this scope
   TCCR1B = (0&lt;&lt;ICNC1)|(0&lt;&lt;ICES1)|(0&lt;&lt;WGM13)|(0&lt;&lt;WGM12)|(1&lt;&lt;CS12)|(1&lt;&lt;CS11)|(0&lt;&lt;CS10);
                                                            ^~~~
/home/ec2-user/arduino-testlib/cli-datadir/user/libraries/NST1001/src/NST1001.cpp:39:70: error: &#39;CS11&#39; was not declared in this scope
   TCCR1B = (0&lt;&lt;ICNC1)|(0&lt;&lt;ICES1)|(0&lt;&lt;WGM13)|(0&lt;&lt;WGM12)|(1&lt;&lt;CS12)|(1&lt;&lt;CS11)|(0&lt;&lt;CS10);
                                                                      ^~~~
/home/ec2-user/arduino-testlib/cli-datadir/user/libraries/NST1001/src/NST1001.cpp:39:70: note: suggested alternative: &#39;B111&#39;
   TCCR1B = (0&lt;&lt;ICNC1)|(0&lt;&lt;ICES1)|(0&lt;&lt;WGM13)|(0&lt;&lt;WGM12)|(1&lt;&lt;CS12)|(1&lt;&lt;CS11)|(0&lt;&lt;CS10);
                                                                      ^~~~
                                                                      B111
/home/ec2-user/arduino-testlib/cli-datadir/user/libraries/NST1001/src/NST1001.cpp:39:80: error: &#39;CS10&#39; was not declared in this scope
   TCCR1B = (0&lt;&lt;ICNC1)|(0&lt;&lt;ICES1)|(0&lt;&lt;WGM13)|(0&lt;&lt;WGM12)|(1&lt;&lt;CS12)|(1&lt;&lt;CS11)|(0&lt;&lt;CS10);
                                                                                ^~~~
/home/ec2-user/arduino-testlib/cli-datadir/user/libraries/NST1001/src/NST1001.cpp:39:80: note: suggested alternative: &#39;B110&#39;
   TCCR1B = (0&lt;&lt;ICNC1)|(0&lt;&lt;ICES1)|(0&lt;&lt;WGM13)|(0&lt;&lt;WGM12)|(1&lt;&lt;CS12)|(1&lt;&lt;CS11)|(0&lt;&lt;CS10);
                                                                                ^~~~
                                                                                B110
/home/ec2-user/arduino-testlib/cli-datadir/user/libraries/NST1001/src/NST1001.cpp:40:3: error: &#39;TIMSK1&#39; was not declared in this scope
   TIMSK1 = (0&lt;&lt;ICIE1)|(0&lt;&lt;OCIE1B)|(0&lt;&lt;OCIE1A)|(0&lt;&lt;TOIE1);
   ^~~~~~
/home/ec2-user/arduino-testlib/cli-datadir/user/libraries/NST1001/src/NST1001.cpp:40:3: note: suggested alternative: &#39;TIMERB1&#39;
   TIMSK1 = (0&lt;&lt;ICIE1)|(0&lt;&lt;OCIE1B)|(0&lt;&lt;OCIE1A)|(0&lt;&lt;TOIE1);
   ^~~~~~
   TIMERB1
/home/ec2-user/arduino-testlib/cli-datadir/user/libraries/NST1001/src/NST1001.cpp:40:16: error: &#39;ICIE1&#39; was not declared in this scope
   TIMSK1 = (0&lt;&lt;ICIE1)|(0&lt;&lt;OCIE1B)|(0&lt;&lt;OCIE1A)|(0&lt;&lt;TOIE1);
                ^~~~~
/home/ec2-user/arduino-testlib/cli-datadir/user/libraries/NST1001/src/NST1001.cpp:40:27: error: &#39;OCIE1B&#39; was not declared in this scope
   TIMSK1 = (0&lt;&lt;ICIE1)|(0&lt;&lt;OCIE1B)|(0&lt;&lt;OCIE1A)|(0&lt;&lt;TOIE1);
                           ^~~~~~
/home/ec2-user/arduino-testlib/cli-datadir/user/libraries/NST1001/src/NST1001.cpp:40:39: error: &#39;OCIE1A&#39; was not declared in this scope
   TIMSK1 = (0&lt;&lt;ICIE1)|(0&lt;&lt;OCIE1B)|(0&lt;&lt;OCIE1A)|(0&lt;&lt;TOIE1);
                                       ^~~~~~
/home/ec2-user/arduino-testlib/cli-datadir/user/libraries/NST1001/src/NST1001.cpp:40:51: error: &#39;TOIE1&#39; was not declared in this scope
   TIMSK1 = (0&lt;&lt;ICIE1)|(0&lt;&lt;OCIE1B)|(0&lt;&lt;OCIE1A)|(0&lt;&lt;TOIE1);
                                                   ^~~~~
/home/ec2-user/arduino-testlib/cli-datadir/user/libraries/NST1001/src/NST1001.cpp:41:3: error: &#39;TCNT1&#39; was not declared in this scope
   TCNT1 = 0;
   ^~~~~
/home/ec2-user/arduino-testlib/cli-datadir/user/libraries/NST1001/src/NST1001.cpp:41:3: note: suggested alternative: &#39;TCB1&#39;
   TCNT1 = 0;
   ^~~~~
   TCB1
/home/ec2-user/arduino-testlib/cli-datadir/user/libraries/NST1001/src/NST1001.cpp: In member function &#39;const float NST1001::getTemp(int)&#39;:
/home/ec2-user/arduino-testlib/cli-datadir/user/libraries/NST1001/src/NST1001.cpp:51:3: error: &#39;TCCR1B&#39; was not declared in this scope
   TCCR1B |= (0&lt;&lt;ICNC1)|(0&lt;&lt;ICES1)|(0&lt;&lt;WGM13)|(0&lt;&lt;WGM12)|(1&lt;&lt;CS12)|(1&lt;&lt;CS11)|(0&lt;&lt;CS10); // Enable counter.
   ^~~~~~
/home/ec2-user/arduino-testlib/cli-datadir/user/libraries/NST1001/src/NST1001.cpp:51:3: note: suggested alternative: &#39;TCB1&#39;
   TCCR1B |= (0&lt;&lt;ICNC1)|(0&lt;&lt;ICES1)|(0&lt;&lt;WGM13)|(0&lt;&lt;WGM12)|(1&lt;&lt;CS12)|(1&lt;&lt;CS11)|(0&lt;&lt;CS10); // Enable counter.
   ^~~~~~
   TCB1
/home/ec2-user/arduino-testlib/cli-datadir/user/libraries/NST1001/src/NST1001.cpp:51:17: error: &#39;ICNC1&#39; was not declared in this scope
   TCCR1B |= (0&lt;&lt;ICNC1)|(0&lt;&lt;ICES1)|(0&lt;&lt;WGM13)|(0&lt;&lt;WGM12)|(1&lt;&lt;CS12)|(1&lt;&lt;CS11)|(0&lt;&lt;CS10); // Enable counter.
                 ^~~~~
/home/ec2-user/arduino-testlib/cli-datadir/user/libraries/NST1001/src/NST1001.cpp:51:28: error: &#39;ICES1&#39; was not declared in this scope
   TCCR1B |= (0&lt;&lt;ICNC1)|(0&lt;&lt;ICES1)|(0&lt;&lt;WGM13)|(0&lt;&lt;WGM12)|(1&lt;&lt;CS12)|(1&lt;&lt;CS11)|(0&lt;&lt;CS10); // Enable counter.
                            ^~~~~
/home/ec2-user/arduino-testlib/cli-datadir/user/libraries/NST1001/src/NST1001.cpp:51:39: error: &#39;WGM13&#39; was not declared in this scope
   TCCR1B |= (0&lt;&lt;ICNC1)|(0&lt;&lt;ICES1)|(0&lt;&lt;WGM13)|(0&lt;&lt;WGM12)|(1&lt;&lt;CS12)|(1&lt;&lt;CS11)|(0&lt;&lt;CS10); // Enable counter.
                                       ^~~~~
/home/ec2-user/arduino-testlib/cli-datadir/user/libraries/NST1001/src/NST1001.cpp:51:50: error: &#39;WGM12&#39; was not declared in this scope
   TCCR1B |= (0&lt;&lt;ICNC1)|(0&lt;&lt;ICES1)|(0&lt;&lt;WGM13)|(0&lt;&lt;WGM12)|(1&lt;&lt;CS12)|(1&lt;&lt;CS11)|(0&lt;&lt;CS10); // Enable counter.
                                                  ^~~~~
/home/ec2-user/arduino-testlib/cli-datadir/user/libraries/NST1001/src/NST1001.cpp:51:61: error: &#39;CS12&#39; was not declared in this scope
   TCCR1B |= (0&lt;&lt;ICNC1)|(0&lt;&lt;ICES1)|(0&lt;&lt;WGM13)|(0&lt;&lt;WGM12)|(1&lt;&lt;CS12)|(1&lt;&lt;CS11)|(0&lt;&lt;CS10); // Enable counter.
                                                             ^~~~
/home/ec2-user/arduino-testlib/cli-datadir/user/libraries/NST1001/src/NST1001.cpp:51:71: error: &#39;CS11&#39; was not declared in this scope
   TCCR1B |= (0&lt;&lt;ICNC1)|(0&lt;&lt;ICES1)|(0&lt;&lt;WGM13)|(0&lt;&lt;WGM12)|(1&lt;&lt;CS12)|(1&lt;&lt;CS11)|(0&lt;&lt;CS10); // Enable counter.
                                                                       ^~~~
/home/ec2-user/arduino-testlib/cli-datadir/user/libraries/NST1001/src/NST1001.cpp:51:71: note: suggested alternative: &#39;B111&#39;
   TCCR1B |= (0&lt;&lt;ICNC1)|(0&lt;&lt;ICES1)|(0&lt;&lt;WGM13)|(0&lt;&lt;WGM12)|(1&lt;&lt;CS12)|(1&lt;&lt;CS11)|(0&lt;&lt;CS10); // Enable counter.
                                                                       ^~~~
                                                                       B111
/home/ec2-user/arduino-testlib/cli-datadir/user/libraries/NST1001/src/</pre>

					
					<h4>examples/Read_Temperature</h4>
					<p>
						Result: <b>FAIL</b>
					</p>
					<pre class="pre-scrollable">WARNING: library NST1001 claims to run on avr architecture(s) and may be incompatible with your current board which runs on megaavr architecture(s).
/home/ec2-user/arduino-testlib/cli-datadir/user/libraries/NST1001/src/NST1001.cpp: In member function &#39;const void NST1001::init()&#39;:
/home/ec2-user/arduino-testlib/cli-datadir/user/libraries/NST1001/src/NST1001.cpp:38:3: error: &#39;TCCR1A&#39; was not declared in this scope
   TCCR1A = (0&lt;&lt;COM1A1)|(0&lt;&lt;COM1A0)|(0&lt;&lt;COM1B1)|(0&lt;&lt;COM1B0)|(0&lt;&lt;WGM11)|(0&lt;&lt;WGM10);
   ^~~~~~
/home/ec2-user/arduino-testlib/cli-datadir/user/libraries/NST1001/src/NST1001.cpp:38:3: note: suggested alternative: &#39;TCB1&#39;
   TCCR1A = (0&lt;&lt;COM1A1)|(0&lt;&lt;COM1A0)|(0&lt;&lt;COM1B1)|(0&lt;&lt;COM1B0)|(0&lt;&lt;WGM11)|(0&lt;&lt;WGM10);
   ^~~~~~
   TCB1
/home/ec2-user/arduino-testlib/cli-datadir/user/libraries/NST1001/src/NST1001.cpp:38:16: error: &#39;COM1A1&#39; was not declared in this scope
   TCCR1A = (0&lt;&lt;COM1A1)|(0&lt;&lt;COM1A0)|(0&lt;&lt;COM1B1)|(0&lt;&lt;COM1B0)|(0&lt;&lt;WGM11)|(0&lt;&lt;WGM10);
                ^~~~~~
/home/ec2-user/arduino-testlib/cli-datadir/user/libraries/NST1001/src/NST1001.cpp:38:28: error: &#39;COM1A0&#39; was not declared in this scope
   TCCR1A = (0&lt;&lt;COM1A1)|(0&lt;&lt;COM1A0)|(0&lt;&lt;COM1B1)|(0&lt;&lt;COM1B0)|(0&lt;&lt;WGM11)|(0&lt;&lt;WGM10);
                            ^~~~~~
/home/ec2-user/arduino-testlib/cli-datadir/user/libraries/NST1001/src/NST1001.cpp:38:40: error: &#39;COM1B1&#39; was not declared in this scope
   TCCR1A = (0&lt;&lt;COM1A1)|(0&lt;&lt;COM1A0)|(0&lt;&lt;COM1B1)|(0&lt;&lt;COM1B0)|(0&lt;&lt;WGM11)|(0&lt;&lt;WGM10);
                                        ^~~~~~
/home/ec2-user/arduino-testlib/cli-datadir/user/libraries/NST1001/src/NST1001.cpp:38:52: error: &#39;COM1B0&#39; was not declared in this scope
   TCCR1A = (0&lt;&lt;COM1A1)|(0&lt;&lt;COM1A0)|(0&lt;&lt;COM1B1)|(0&lt;&lt;COM1B0)|(0&lt;&lt;WGM11)|(0&lt;&lt;WGM10);
                                                    ^~~~~~
/home/ec2-user/arduino-testlib/cli-datadir/user/libraries/NST1001/src/NST1001.cpp:38:64: error: &#39;WGM11&#39; was not declared in this scope
   TCCR1A = (0&lt;&lt;COM1A1)|(0&lt;&lt;COM1A0)|(0&lt;&lt;COM1B1)|(0&lt;&lt;COM1B0)|(0&lt;&lt;WGM11)|(0&lt;&lt;WGM10);
                                                                ^~~~~
/home/ec2-user/arduino-testlib/cli-datadir/user/libraries/NST1001/src/NST1001.cpp:38:75: error: &#39;WGM10&#39; was not declared in this scope
   TCCR1A = (0&lt;&lt;COM1A1)|(0&lt;&lt;COM1A0)|(0&lt;&lt;COM1B1)|(0&lt;&lt;COM1B0)|(0&lt;&lt;WGM11)|(0&lt;&lt;WGM10);
                                                                           ^~~~~
/home/ec2-user/arduino-testlib/cli-datadir/user/libraries/NST1001/src/NST1001.cpp:39:3: error: &#39;TCCR1B&#39; was not declared in this scope
   TCCR1B = (0&lt;&lt;ICNC1)|(0&lt;&lt;ICES1)|(0&lt;&lt;WGM13)|(0&lt;&lt;WGM12)|(1&lt;&lt;CS12)|(1&lt;&lt;CS11)|(0&lt;&lt;CS10);
   ^~~~~~
/home/ec2-user/arduino-testlib/cli-datadir/user/libraries/NST1001/src/NST1001.cpp:39:3: note: suggested alternative: &#39;TCB1&#39;
   TCCR1B = (0&lt;&lt;ICNC1)|(0&lt;&lt;ICES1)|(0&lt;&lt;WGM13)|(0&lt;&lt;WGM12)|(1&lt;&lt;CS12)|(1&lt;&lt;CS11)|(0&lt;&lt;CS10);
   ^~~~~~
   TCB1
/home/ec2-user/arduino-testlib/cli-datadir/user/libraries/NST1001/src/NST1001.cpp:39:16: error: &#39;ICNC1&#39; was not declared in this scope
   TCCR1B = (0&lt;&lt;ICNC1)|(0&lt;&lt;ICES1)|(0&lt;&lt;WGM13)|(0&lt;&lt;WGM12)|(1&lt;&lt;CS12)|(1&lt;&lt;CS11)|(0&lt;&lt;CS10);
                ^~~~~
/home/ec2-user/arduino-testlib/cli-datadir/user/libraries/NST1001/src/NST1001.cpp:39:27: error: &#39;ICES1&#39; was not declared in this scope
   TCCR1B = (0&lt;&lt;ICNC1)|(0&lt;&lt;ICES1)|(0&lt;&lt;WGM13)|(0&lt;&lt;WGM12)|(1&lt;&lt;CS12)|(1&lt;&lt;CS11)|(0&lt;&lt;CS10);
                           ^~~~~
/home/ec2-user/arduino-testlib/cli-datadir/user/libraries/NST1001/src/NST1001.cpp:39:38: error: &#39;WGM13&#39; was not declared in this scope
   TCCR1B = (0&lt;&lt;ICNC1)|(0&lt;&lt;ICES1)|(0&lt;&lt;WGM13)|(0&lt;&lt;WGM12)|(1&lt;&lt;CS12)|(1&lt;&lt;CS11)|(0&lt;&lt;CS10);
                                      ^~~~~
/home/ec2-user/arduino-testlib/cli-datadir/user/libraries/NST1001/src/NST1001.cpp:39:49: error: &#39;WGM12&#39; was not declared in this scope
   TCCR1B = (0&lt;&lt;ICNC1)|(0&lt;&lt;ICES1)|(0&lt;&lt;WGM13)|(0&lt;&lt;WGM12)|(1&lt;&lt;CS12)|(1&lt;&lt;CS11)|(0&lt;&lt;CS10);
                                                 ^~~~~
/home/ec2-user/arduino-testlib/cli-datadir/user/libraries/NST1001/src/NST1001.cpp:39:60: error: &#39;CS12&#39; was not declared in this scope
   TCCR1B = (0&lt;&lt;ICNC1)|(0&lt;&lt;ICES1)|(0&lt;&lt;WGM13)|(0&lt;&lt;WGM12)|(1&lt;&lt;CS12)|(1&lt;&lt;CS11)|(0&lt;&lt;CS10);
                                                            ^~~~
/home/ec2-user/arduino-testlib/cli-datadir/user/libraries/NST1001/src/NST1001.cpp:39:70: error: &#39;CS11&#39; was not declared in this scope
   TCCR1B = (0&lt;&lt;ICNC1)|(0&lt;&lt;ICES1)|(0&lt;&lt;WGM13)|(0&lt;&lt;WGM12)|(1&lt;&lt;CS12)|(1&lt;&lt;CS11)|(0&lt;&lt;CS10);
                                                                      ^~~~
/home/ec2-user/arduino-testlib/cli-datadir/user/libraries/NST1001/src/NST1001.cpp:39:70: note: suggested alternative: &#39;B111&#39;
   TCCR1B = (0&lt;&lt;ICNC1)|(0&lt;&lt;ICES1)|(0&lt;&lt;WGM13)|(0&lt;&lt;WGM12)|(1&lt;&lt;CS12)|(1&lt;&lt;CS11)|(0&lt;&lt;CS10);
                                                                      ^~~~
                                                                      B111
/home/ec2-user/arduino-testlib/cli-datadir/user/libraries/NST1001/src/NST1001.cpp:39:80: error: &#39;CS10&#39; was not declared in this scope
   TCCR1B = (0&lt;&lt;ICNC1)|(0&lt;&lt;ICES1)|(0&lt;&lt;WGM13)|(0&lt;&lt;WGM12)|(1&lt;&lt;CS12)|(1&lt;&lt;CS11)|(0&lt;&lt;CS10);
                                                                                ^~~~
/home/ec2-user/arduino-testlib/cli-datadir/user/libraries/NST1001/src/NST1001.cpp:39:80: note: suggested alternative: &#39;B110&#39;
   TCCR1B = (0&lt;&lt;ICNC1)|(0&lt;&lt;ICES1)|(0&lt;&lt;WGM13)|(0&lt;&lt;WGM12)|(1&lt;&lt;CS12)|(1&lt;&lt;CS11)|(0&lt;&lt;CS10);
                                                                                ^~~~
                                                                                B110
/home/ec2-user/arduino-testlib/cli-datadir/user/libraries/NST1001/src/NST1001.cpp:40:3: error: &#39;TIMSK1&#39; was not declared in this scope
   TIMSK1 = (0&lt;&lt;ICIE1)|(0&lt;&lt;OCIE1B)|(0&lt;&lt;OCIE1A)|(0&lt;&lt;TOIE1);
   ^~~~~~
/home/ec2-user/arduino-testlib/cli-datadir/user/libraries/NST1001/src/NST1001.cpp:40:3: note: suggested alternative: &#39;TIMERB1&#39;
   TIMSK1 = (0&lt;&lt;ICIE1)|(0&lt;&lt;OCIE1B)|(0&lt;&lt;OCIE1A)|(0&lt;&lt;TOIE1);
   ^~~~~~
   TIMERB1
/home/ec2-user/arduino-testlib/cli-datadir/user/libraries/NST1001/src/NST1001.cpp:40:16: error: &#39;ICIE1&#39; was not declared in this scope
   TIMSK1 = (0&lt;&lt;ICIE1)|(0&lt;&lt;OCIE1B)|(0&lt;&lt;OCIE1A)|(0&lt;&lt;TOIE1);
                ^~~~~
/home/ec2-user/arduino-testlib/cli-datadir/user/libraries/NST1001/src/NST1001.cpp:40:27: error: &#39;OCIE1B&#39; was not declared in this scope
   TIMSK1 = (0&lt;&lt;ICIE1)|(0&lt;&lt;OCIE1B)|(0&lt;&lt;OCIE1A)|(0&lt;&lt;TOIE1);
                           ^~~~~~
/home/ec2-user/arduino-testlib/cli-datadir/user/libraries/NST1001/src/NST1001.cpp:40:39: error: &#39;OCIE1A&#39; was not declared in this scope
   TIMSK1 = (0&lt;&lt;ICIE1)|(0&lt;&lt;OCIE1B)|(0&lt;&lt;OCIE1A)|(0&lt;&lt;TOIE1);
                                       ^~~~~~
/home/ec2-user/arduino-testlib/cli-datadir/user/libraries/NST1001/src/NST1001.cpp:40:51: error: &#39;TOIE1&#39; was not declared in this scope
   TIMSK1 = (0&lt;&lt;ICIE1)|(0&lt;&lt;OCIE1B)|(0&lt;&lt;OCIE1A)|(0&lt;&lt;TOIE1);
                                                   ^~~~~
/home/ec2-user/arduino-testlib/cli-datadir/user/libraries/NST1001/src/NST1001.cpp:41:3: error: &#39;TCNT1&#39; was not declared in this scope
   TCNT1 = 0;
   ^~~~~
/home/ec2-user/arduino-testlib/cli-datadir/user/libraries/NST1001/src/NST1001.cpp:41:3: note: suggested alternative: &#39;TCB1&#39;
   TCNT1 = 0;
   ^~~~~
   TCB1
/home/ec2-user/arduino-testlib/cli-datadir/user/libraries/NST1001/src/NST1001.cpp: In member function &#39;const float NST1001::getTemp(int)&#39;:
/home/ec2-user/arduino-testlib/cli-datadir/user/libraries/NST1001/src/NST1001.cpp:51:3: error: &#39;TCCR1B&#39; was not declared in this scope
   TCCR1B |= (0&lt;&lt;ICNC1)|(0&lt;&lt;ICES1)|(0&lt;&lt;WGM13)|(0&lt;&lt;WGM12)|(1&lt;&lt;CS12)|(1&lt;&lt;CS11)|(0&lt;&lt;CS10); // Enable counter.
   ^~~~~~
/home/ec2-user/arduino-testlib/cli-datadir/user/libraries/NST1001/src/NST1001.cpp:51:3: note: suggested alternative: &#39;TCB1&#39;
   TCCR1B |= (0&lt;&lt;ICNC1)|(0&lt;&lt;ICES1)|(0&lt;&lt;WGM13)|(0&lt;&lt;WGM12)|(1&lt;&lt;CS12)|(1&lt;&lt;CS11)|(0&lt;&lt;CS10); // Enable counter.
   ^~~~~~
   TCB1
/home/ec2-user/arduino-testlib/cli-datadir/user/libraries/NST1001/src/NST1001.cpp:51:17: error: &#39;ICNC1&#39; was not declared in this scope
   TCCR1B |= (0&lt;&lt;ICNC1)|(0&lt;&lt;ICES1)|(0&lt;&lt;WGM13)|(0&lt;&lt;WGM12)|(1&lt;&lt;CS12)|(1&lt;&lt;CS11)|(0&lt;&lt;CS10); // Enable counter.
                 ^~~~~
/home/ec2-user/arduino-testlib/cli-datadir/user/libraries/NST1001/src/NST1001.cpp:51:28: error: &#39;ICES1&#39; was not declared in this scope
   TCCR1B |= (0&lt;&lt;ICNC1)|(0&lt;&lt;ICES1)|(0&lt;&lt;WGM13)|(0&lt;&lt;WGM12)|(1&lt;&lt;CS12)|(1&lt;&lt;CS11)|(0&lt;&lt;CS10); // Enable counter.
                            ^~~~~
/home/ec2-user/arduino-testlib/cli-datadir/user/libraries/NST1001/src/NST1001.cpp:51:39: error: &#39;WGM13&#39; was not declared in this scope
   TCCR1B |= (0&lt;&lt;ICNC1)|(0&lt;&lt;ICES1)|(0&lt;&lt;WGM13)|(0&lt;&lt;WGM12)|(1&lt;&lt;CS12)|(1&lt;&lt;CS11)|(0&lt;&lt;CS10); // Enable counter.
                                       ^~~~~
/home/ec2-user/arduino-testlib/cli-datadir/user/libraries/NST1001/src/NST1001.cpp:51:50: error: &#39;WGM12&#39; was not declared in this scope
   TCCR1B |= (0&lt;&lt;ICNC1)|(0&lt;&lt;ICES1)|(0&lt;&lt;WGM13)|(0&lt;&lt;WGM12)|(1&lt;&lt;CS12)|(1&lt;&lt;CS11)|(0&lt;&lt;CS10); // Enable counter.
                                                  ^~~~~
/home/ec2-user/arduino-testlib/cli-datadir/user/libraries/NST1001/src/NST1001.cpp:51:61: error: &#39;CS12&#39; was not declared in this scope
   TCCR1B |= (0&lt;&lt;ICNC1)|(0&lt;&lt;ICES1)|(0&lt;&lt;WGM13)|(0&lt;&lt;WGM12)|(1&lt;&lt;CS12)|(1&lt;&lt;CS11)|(0&lt;&lt;CS10); // Enable counter.
                                                             ^~~~
/home/ec2-user/arduino-testlib/cli-datadir/user/libraries/NST1001/src/NST1001.cpp:51:71: error: &#39;CS11&#39; was not declared in this scope
   TCCR1B |= (0&lt;&lt;ICNC1)|(0&lt;&lt;ICES1)|(0&lt;&lt;WGM13)|(0&lt;&lt;WGM12)|(1&lt;&lt;CS12)|(1&lt;&lt;CS11)|(0&lt;&lt;CS10); // Enable counter.
                                                                       ^~~~
/home/ec2-user/arduino-testlib/cli-datadir/user/libraries/NST1001/src/NST1001.cpp:51:71: note: suggested alternative: &#39;B111&#39;
   TCCR1B |= (0&lt;&lt;ICNC1)|(0&lt;&lt;ICES1)|(0&lt;&lt;WGM13)|(0&lt;&lt;WGM12)|(1&lt;&lt;CS12)|(1&lt;&lt;CS11)|(0&lt;&lt;CS10); // Enable counter.
                                                                       ^~~~
                                                                       B111
/home/ec2-user/arduino-testlib/cli-datadir/user/libraries/NST1001/src/</pre>
					
					<h4>examples/Read_Temperature_Free-running</h4>
					<p>
						Result: <b>FAIL</b>
					</p>
					<pre class="pre-scrollable">WARNING: library NST1001 claims to run on avr architecture(s) and may be incompatible with your current board which runs on megaavr architecture(s).
/home/ec2-user/arduino-testlib/cli-datadir/user/libraries/NST1001/src/NST1001.cpp: In member function &#39;const void NST1001::init()&#39;:
/home/ec2-user/arduino-testlib/cli-datadir/user/libraries/NST1001/src/NST1001.cpp:38:3: error: &#39;TCCR1A&#39; was not declared in this scope
   TCCR1A = (0&lt;&lt;COM1A1)|(0&lt;&lt;COM1A0)|(0&lt;&lt;COM1B1)|(0&lt;&lt;COM1B0)|(0&lt;&lt;WGM11)|(0&lt;&lt;WGM10);
   ^~~~~~
/home/ec2-user/arduino-testlib/cli-datadir/user/libraries/NST1001/src/NST1001.cpp:38:3: note: suggested alternative: &#39;TCB1&#39;
   TCCR1A = (0&lt;&lt;COM1A1)|(0&lt;&lt;COM1A0)|(0&lt;&lt;COM1B1)|(0&lt;&lt;COM1B0)|(0&lt;&lt;WGM11)|(0&lt;&lt;WGM10);
   ^~~~~~
   TCB1
/home/ec2-user/arduino-testlib/cli-datadir/user/libraries/NST1001/src/NST1001.cpp:38:16: error: &#39;COM1A1&#39; was not declared in this scope
   TCCR1A = (0&lt;&lt;COM1A1)|(0&lt;&lt;COM1A0)|(0&lt;&lt;COM1B1)|(0&lt;&lt;COM1B0)|(0&lt;&lt;WGM11)|(0&lt;&lt;WGM10);
                ^~~~~~
/home/ec2-user/arduino-testlib/cli-datadir/user/libraries/NST1001/src/NST1001.cpp:38:28: error: &#39;COM1A0&#39; was not declared in this scope
   TCCR1A = (0&lt;&lt;COM1A1)|(0&lt;&lt;COM1A0)|(0&lt;&lt;COM1B1)|(0&lt;&lt;COM1B0)|(0&lt;&lt;WGM11)|(0&lt;&lt;WGM10);
                            ^~~~~~
/home/ec2-user/arduino-testlib/cli-datadir/user/libraries/NST1001/src/NST1001.cpp:38:40: error: &#39;COM1B1&#39; was not declared in this scope
   TCCR1A = (0&lt;&lt;COM1A1)|(0&lt;&lt;COM1A0)|(0&lt;&lt;COM1B1)|(0&lt;&lt;COM1B0)|(0&lt;&lt;WGM11)|(0&lt;&lt;WGM10);
                                        ^~~~~~
/home/ec2-user/arduino-testlib/cli-datadir/user/libraries/NST1001/src/NST1001.cpp:38:52: error: &#39;COM1B0&#39; was not declared in this scope
   TCCR1A = (0&lt;&lt;COM1A1)|(0&lt;&lt;COM1A0)|(0&lt;&lt;COM1B1)|(0&lt;&lt;COM1B0)|(0&lt;&lt;WGM11)|(0&lt;&lt;WGM10);
                                                    ^~~~~~
/home/ec2-user/arduino-testlib/cli-datadir/user/libraries/NST1001/src/NST1001.cpp:38:64: error: &#39;WGM11&#39; was not declared in this scope
   TCCR1A = (0&lt;&lt;COM1A1)|(0&lt;&lt;COM1A0)|(0&lt;&lt;COM1B1)|(0&lt;&lt;COM1B0)|(0&lt;&lt;WGM11)|(0&lt;&lt;WGM10);
                                                                ^~~~~
/home/ec2-user/arduino-testlib/cli-datadir/user/libraries/NST1001/src/NST1001.cpp:38:75: error: &#39;WGM10&#39; was not declared in this scope
   TCCR1A = (0&lt;&lt;COM1A1)|(0&lt;&lt;COM1A0)|(0&lt;&lt;COM1B1)|(0&lt;&lt;COM1B0)|(0&lt;&lt;WGM11)|(0&lt;&lt;WGM10);
                                                                           ^~~~~
/home/ec2-user/arduino-testlib/cli-datadir/user/libraries/NST1001/src/NST1001.cpp:39:3: error: &#39;TCCR1B&#39; was not declared in this scope
   TCCR1B = (0&lt;&lt;ICNC1)|(0&lt;&lt;ICES1)|(0&lt;&lt;WGM13)|(0&lt;&lt;WGM12)|(1&lt;&lt;CS12)|(1&lt;&lt;CS11)|(0&lt;&lt;CS10);
   ^~~~~~
/home/ec2-user/arduino-testlib/cli-datadir/user/libraries/NST1001/src/NST1001.cpp:39:3: note: suggested alternative: &#39;TCB1&#39;
   TCCR1B = (0&lt;&lt;ICNC1)|(0&lt;&lt;ICES1)|(0&lt;&lt;WGM13)|(0&lt;&lt;WGM12)|(1&lt;&lt;CS12)|(1&lt;&lt;CS11)|(0&lt;&lt;CS10);
   ^~~~~~
   TCB1
/home/ec2-user/arduino-testlib/cli-datadir/user/libraries/NST1001/src/NST1001.cpp:39:16: error: &#39;ICNC1&#39; was not declared in this scope
   TCCR1B = (0&lt;&lt;ICNC1)|(0&lt;&lt;ICES1)|(0&lt;&lt;WGM13)|(0&lt;&lt;WGM12)|(1&lt;&lt;CS12)|(1&lt;&lt;CS11)|(0&lt;&lt;CS10);
                ^~~~~
/home/ec2-user/arduino-testlib/cli-datadir/user/libraries/NST1001/src/NST1001.cpp:39:27: error: &#39;ICES1&#39; was not declared in this scope
   TCCR1B = (0&lt;&lt;ICNC1)|(0&lt;&lt;ICES1)|(0&lt;&lt;WGM13)|(0&lt;&lt;WGM12)|(1&lt;&lt;CS12)|(1&lt;&lt;CS11)|(0&lt;&lt;CS10);
                           ^~~~~
/home/ec2-user/arduino-testlib/cli-datadir/user/libraries/NST1001/src/NST1001.cpp:39:38: error: &#39;WGM13&#39; was not declared in this scope
   TCCR1B = (0&lt;&lt;ICNC1)|(0&lt;&lt;ICES1)|(0&lt;&lt;WGM13)|(0&lt;&lt;WGM12)|(1&lt;&lt;CS12)|(1&lt;&lt;CS11)|(0&lt;&lt;CS10);
                                      ^~~~~
/home/ec2-user/arduino-testlib/cli-datadir/user/libraries/NST1001/src/NST1001.cpp:39:49: error: &#39;WGM12&#39; was not declared in this scope
   TCCR1B = (0&lt;&lt;ICNC1)|(0&lt;&lt;ICES1)|(0&lt;&lt;WGM13)|(0&lt;&lt;WGM12)|(1&lt;&lt;CS12)|(1&lt;&lt;CS11)|(0&lt;&lt;CS10);
                                                 ^~~~~
/home/ec2-user/arduino-testlib/cli-datadir/user/libraries/NST1001/src/NST1001.cpp:39:60: error: &#39;CS12&#39; was not declared in this scope
   TCCR1B = (0&lt;&lt;ICNC1)|(0&lt;&lt;ICES1)|(0&lt;&lt;WGM13)|(0&lt;&lt;WGM12)|(1&lt;&lt;CS12)|(1&lt;&lt;CS11)|(0&lt;&lt;CS10);
                                                            ^~~~
/home/ec2-user/arduino-testlib/cli-datadir/user/libraries/NST1001/src/NST1001.cpp:39:70: error: &#39;CS11&#39; was not declared in this scope
   TCCR1B = (0&lt;&lt;ICNC1)|(0&lt;&lt;ICES1)|(0&lt;&lt;WGM13)|(0&lt;&lt;WGM12)|(1&lt;&lt;CS12)|(1&lt;&lt;CS11)|(0&lt;&lt;CS10);
                                                                      ^~~~
/home/ec2-user/arduino-testlib/cli-datadir/user/libraries/NST1001/src/NST1001.cpp:39:70: note: suggested alternative: &#39;B111&#39;
   TCCR1B = (0&lt;&lt;ICNC1)|(0&lt;&lt;ICES1)|(0&lt;&lt;WGM13)|(0&lt;&lt;WGM12)|(1&lt;&lt;CS12)|(1&lt;&lt;CS11)|(0&lt;&lt;CS10);
                                                                      ^~~~
                                                                      B111
/home/ec2-user/arduino-testlib/cli-datadir/user/libraries/NST1001/src/NST1001.cpp:39:80: error: &#39;CS10&#39; was not declared in this scope
   TCCR1B = (0&lt;&lt;ICNC1)|(0&lt;&lt;ICES1)|(0&lt;&lt;WGM13)|(0&lt;&lt;WGM12)|(1&lt;&lt;CS12)|(1&lt;&lt;CS11)|(0&lt;&lt;CS10);
                                                                                ^~~~
/home/ec2-user/arduino-testlib/cli-datadir/user/libraries/NST1001/src/NST1001.cpp:39:80: note: suggested alternative: &#39;B110&#39;
   TCCR1B = (0&lt;&lt;ICNC1)|(0&lt;&lt;ICES1)|(0&lt;&lt;WGM13)|(0&lt;&lt;WGM12)|(1&lt;&lt;CS12)|(1&lt;&lt;CS11)|(0&lt;&lt;CS10);
                                                                                ^~~~
                                                                                B110
/home/ec2-user/arduino-testlib/cli-datadir/user/libraries/NST1001/src/NST1001.cpp:40:3: error: &#39;TIMSK1&#39; was not declared in this scope
   TIMSK1 = (0&lt;&lt;ICIE1)|(0&lt;&lt;OCIE1B)|(0&lt;&lt;OCIE1A)|(0&lt;&lt;TOIE1);
   ^~~~~~
/home/ec2-user/arduino-testlib/cli-datadir/user/libraries/NST1001/src/NST1001.cpp:40:3: note: suggested alternative: &#39;TIMERB1&#39;
   TIMSK1 = (0&lt;&lt;ICIE1)|(0&lt;&lt;OCIE1B)|(0&lt;&lt;OCIE1A)|(0&lt;&lt;TOIE1);
   ^~~~~~
   TIMERB1
/home/ec2-user/arduino-testlib/cli-datadir/user/libraries/NST1001/src/NST1001.cpp:40:16: error: &#39;ICIE1&#39; was not declared in this scope
   TIMSK1 = (0&lt;&lt;ICIE1)|(0&lt;&lt;OCIE1B)|(0&lt;&lt;OCIE1A)|(0&lt;&lt;TOIE1);
                ^~~~~
/home/ec2-user/arduino-testlib/cli-datadir/user/libraries/NST1001/src/NST1001.cpp:40:27: error: &#39;OCIE1B&#39; was not declared in this scope
   TIMSK1 = (0&lt;&lt;ICIE1)|(0&lt;&lt;OCIE1B)|(0&lt;&lt;OCIE1A)|(0&lt;&lt;TOIE1);
                           ^~~~~~
/home/ec2-user/arduino-testlib/cli-datadir/user/libraries/NST1001/src/NST1001.cpp:40:39: error: &#39;OCIE1A&#39; was not declared in this scope
   TIMSK1 = (0&lt;&lt;ICIE1)|(0&lt;&lt;OCIE1B)|(0&lt;&lt;OCIE1A)|(0&lt;&lt;TOIE1);
                                       ^~~~~~
/home/ec2-user/arduino-testlib/cli-datadir/user/libraries/NST1001/src/NST1001.cpp:40:51: error: &#39;TOIE1&#39; was not declared in this scope
   TIMSK1 = (0&lt;&lt;ICIE1)|(0&lt;&lt;OCIE1B)|(0&lt;&lt;OCIE1A)|(0&lt;&lt;TOIE1);
                                                   ^~~~~
/home/ec2-user/arduino-testlib/cli-datadir/user/libraries/NST1001/src/NST1001.cpp:41:3: error: &#39;TCNT1&#39; was not declared in this scope
   TCNT1 = 0;
   ^~~~~
/home/ec2-user/arduino-testlib/cli-datadir/user/libraries/NST1001/src/NST1001.cpp:41:3: note: suggested alternative: &#39;TCB1&#39;
   TCNT1 = 0;
   ^~~~~
   TCB1
/home/ec2-user/arduino-testlib/cli-datadir/user/libraries/NST1001/src/NST1001.cpp: In member function &#39;const float NST1001::getTemp(int)&#39;:
/home/ec2-user/arduino-testlib/cli-datadir/user/libraries/NST1001/src/NST1001.cpp:51:3: error: &#39;TCCR1B&#39; was not declared in this scope
   TCCR1B |= (0&lt;&lt;ICNC1)|(0&lt;&lt;ICES1)|(0&lt;&lt;WGM13)|(0&lt;&lt;WGM12)|(1&lt;&lt;CS12)|(1&lt;&lt;CS11)|(0&lt;&lt;CS10); // Enable counter.
   ^~~~~~
/home/ec2-user/arduino-testlib/cli-datadir/user/libraries/NST1001/src/NST1001.cpp:51:3: note: suggested alternative: &#39;TCB1&#39;
   TCCR1B |= (0&lt;&lt;ICNC1)|(0&lt;&lt;ICES1)|(0&lt;&lt;WGM13)|(0&lt;&lt;WGM12)|(1&lt;&lt;CS12)|(1&lt;&lt;CS11)|(0&lt;&lt;CS10); // Enable counter.
   ^~~~~~
   TCB1
/home/ec2-user/arduino-testlib/cli-datadir/user/libraries/NST1001/src/NST1001.cpp:51:17: error: &#39;ICNC1&#39; was not declared in this scope
   TCCR1B |= (0&lt;&lt;ICNC1)|(0&lt;&lt;ICES1)|(0&lt;&lt;WGM13)|(0&lt;&lt;WGM12)|(1&lt;&lt;CS12)|(1&lt;&lt;CS11)|(0&lt;&lt;CS10); // Enable counter.
                 ^~~~~
/home/ec2-user/arduino-testlib/cli-datadir/user/libraries/NST1001/src/NST1001.cpp:51:28: error: &#39;ICES1&#39; was not declared in this scope
   TCCR1B |= (0&lt;&lt;ICNC1)|(0&lt;&lt;ICES1)|(0&lt;&lt;WGM13)|(0&lt;&lt;WGM12)|(1&lt;&lt;CS12)|(1&lt;&lt;CS11)|(0&lt;&lt;CS10); // Enable counter.
                            ^~~~~
/home/ec2-user/arduino-testlib/cli-datadir/user/libraries/NST1001/src/NST1001.cpp:51:39: error: &#39;WGM13&#39; was not declared in this scope
   TCCR1B |= (0&lt;&lt;ICNC1)|(0&lt;&lt;ICES1)|(0&lt;&lt;WGM13)|(0&lt;&lt;WGM12)|(1&lt;&lt;CS12)|(1&lt;&lt;CS11)|(0&lt;&lt;CS10); // Enable counter.
                                       ^~~~~
/home/ec2-user/arduino-testlib/cli-datadir/user/libraries/NST1001/src/NST1001.cpp:51:50: error: &#39;WGM12&#39; was not declared in this scope
   TCCR1B |= (0&lt;&lt;ICNC1)|(0&lt;&lt;ICES1)|(0&lt;&lt;WGM13)|(0&lt;&lt;WGM12)|(1&lt;&lt;CS12)|(1&lt;&lt;CS11)|(0&lt;&lt;CS10); // Enable counter.
                                                  ^~~~~
/home/ec2-user/arduino-testlib/cli-datadir/user/libraries/NST1001/src/NST1001.cpp:51:61: error: &#39;CS12&#39; was not declared in this scope
   TCCR1B |= (0&lt;&lt;ICNC1)|(0&lt;&lt;ICES1)|(0&lt;&lt;WGM13)|(0&lt;&lt;WGM12)|(1&lt;&lt;CS12)|(1&lt;&lt;CS11)|(0&lt;&lt;CS10); // Enable counter.
                                                             ^~~~
/home/ec2-user/arduino-testlib/cli-datadir/user/libraries/NST1001/src/NST1001.cpp:51:71: error: &#39;CS11&#39; was not declared in this scope
   TCCR1B |= (0&lt;&lt;ICNC1)|(0&lt;&lt;ICES1)|(0&lt;&lt;WGM13)|(0&lt;&lt;WGM12)|(1&lt;&lt;CS12)|(1&lt;&lt;CS11)|(0&lt;&lt;CS10); // Enable counter.
                                                                       ^~~~
/home/ec2-user/arduino-testlib/cli-datadir/user/libraries/NST1001/src/NST1001.cpp:51:71: note: suggested alternative: &#39;B111&#39;
   TCCR1B |= (0&lt;&lt;ICNC1)|(0&lt;&lt;ICES1)|(0&lt;&lt;WGM13)|(0&lt;&lt;WGM12)|(1&lt;&lt;CS12)|(1&lt;&lt;CS11)|(0&lt;&lt;CS10); // Enable counter.
                                                                       ^~~~
                                                                       B111
/home/ec2-user/arduino-testlib/cli-datadir/user/libraries/NST1001/src/</pre>
					
					<h4>examples/Read_Temperature_MultiCast</h4>
					<p>
						Result: <b>FAIL</b>
					</p>
					<pre class="pre-scrollable">WARNING: library NST1001 claims to run on avr architecture(s) and may be incompatible with your current board which runs on megaavr architecture(s).
/home/ec2-user/arduino-testlib/cli-datadir/user/libraries/NST1001/src/NST1001.cpp: In member function &#39;const void NST1001::init()&#39;:
/home/ec2-user/arduino-testlib/cli-datadir/user/libraries/NST1001/src/NST1001.cpp:38:3: error: &#39;TCCR1A&#39; was not declared in this scope
   TCCR1A = (0&lt;&lt;COM1A1)|(0&lt;&lt;COM1A0)|(0&lt;&lt;COM1B1)|(0&lt;&lt;COM1B0)|(0&lt;&lt;WGM11)|(0&lt;&lt;WGM10);
   ^~~~~~
/home/ec2-user/arduino-testlib/cli-datadir/user/libraries/NST1001/src/NST1001.cpp:38:3: note: suggested alternative: &#39;TCB1&#39;
   TCCR1A = (0&lt;&lt;COM1A1)|(0&lt;&lt;COM1A0)|(0&lt;&lt;COM1B1)|(0&lt;&lt;COM1B0)|(0&lt;&lt;WGM11)|(0&lt;&lt;WGM10);
   ^~~~~~
   TCB1
/home/ec2-user/arduino-testlib/cli-datadir/user/libraries/NST1001/src/NST1001.cpp:38:16: error: &#39;COM1A1&#39; was not declared in this scope
   TCCR1A = (0&lt;&lt;COM1A1)|(0&lt;&lt;COM1A0)|(0&lt;&lt;COM1B1)|(0&lt;&lt;COM1B0)|(0&lt;&lt;WGM11)|(0&lt;&lt;WGM10);
                ^~~~~~
/home/ec2-user/arduino-testlib/cli-datadir/user/libraries/NST1001/src/NST1001.cpp:38:28: error: &#39;COM1A0&#39; was not declared in this scope
   TCCR1A = (0&lt;&lt;COM1A1)|(0&lt;&lt;COM1A0)|(0&lt;&lt;COM1B1)|(0&lt;&lt;COM1B0)|(0&lt;&lt;WGM11)|(0&lt;&lt;WGM10);
                            ^~~~~~
/home/ec2-user/arduino-testlib/cli-datadir/user/libraries/NST1001/src/NST1001.cpp:38:40: error: &#39;COM1B1&#39; was not declared in this scope
   TCCR1A = (0&lt;&lt;COM1A1)|(0&lt;&lt;COM1A0)|(0&lt;&lt;COM1B1)|(0&lt;&lt;COM1B0)|(0&lt;&lt;WGM11)|(0&lt;&lt;WGM10);
                                        ^~~~~~
/home/ec2-user/arduino-testlib/cli-datadir/user/libraries/NST1001/src/NST1001.cpp:38:52: error: &#39;COM1B0&#39; was not declared in this scope
   TCCR1A = (0&lt;&lt;COM1A1)|(0&lt;&lt;COM1A0)|(0&lt;&lt;COM1B1)|(0&lt;&lt;COM1B0)|(0&lt;&lt;WGM11)|(0&lt;&lt;WGM10);
                                                    ^~~~~~
/home/ec2-user/arduino-testlib/cli-datadir/user/libraries/NST1001/src/NST1001.cpp:38:64: error: &#39;WGM11&#39; was not declared in this scope
   TCCR1A = (0&lt;&lt;COM1A1)|(0&lt;&lt;COM1A0)|(0&lt;&lt;COM1B1)|(0&lt;&lt;COM1B0)|(0&lt;&lt;WGM11)|(0&lt;&lt;WGM10);
                                                                ^~~~~
/home/ec2-user/arduino-testlib/cli-datadir/user/libraries/NST1001/src/NST1001.cpp:38:75: error: &#39;WGM10&#39; was not declared in this scope
   TCCR1A = (0&lt;&lt;COM1A1)|(0&lt;&lt;COM1A0)|(0&lt;&lt;COM1B1)|(0&lt;&lt;COM1B0)|(0&lt;&lt;WGM11)|(0&lt;&lt;WGM10);
                                                                           ^~~~~
/home/ec2-user/arduino-testlib/cli-datadir/user/libraries/NST1001/src/NST1001.cpp:39:3: error: &#39;TCCR1B&#39; was not declared in this scope
   TCCR1B = (0&lt;&lt;ICNC1)|(0&lt;&lt;ICES1)|(0&lt;&lt;WGM13)|(0&lt;&lt;WGM12)|(1&lt;&lt;CS12)|(1&lt;&lt;CS11)|(0&lt;&lt;CS10);
   ^~~~~~
/home/ec2-user/arduino-testlib/cli-datadir/user/libraries/NST1001/src/NST1001.cpp:39:3: note: suggested alternative: &#39;TCB1&#39;
   TCCR1B = (0&lt;&lt;ICNC1)|(0&lt;&lt;ICES1)|(0&lt;&lt;WGM13)|(0&lt;&lt;WGM12)|(1&lt;&lt;CS12)|(1&lt;&lt;CS11)|(0&lt;&lt;CS10);
   ^~~~~~
   TCB1
/home/ec2-user/arduino-testlib/cli-datadir/user/libraries/NST1001/src/NST1001.cpp:39:16: error: &#39;ICNC1&#39; was not declared in this scope
   TCCR1B = (0&lt;&lt;ICNC1)|(0&lt;&lt;ICES1)|(0&lt;&lt;WGM13)|(0&lt;&lt;WGM12)|(1&lt;&lt;CS12)|(1&lt;&lt;CS11)|(0&lt;&lt;CS10);
                ^~~~~
/home/ec2-user/arduino-testlib/cli-datadir/user/libraries/NST1001/src/NST1001.cpp:39:27: error: &#39;ICES1&#39; was not declared in this scope
   TCCR1B = (0&lt;&lt;ICNC1)|(0&lt;&lt;ICES1)|(0&lt;&lt;WGM13)|(0&lt;&lt;WGM12)|(1&lt;&lt;CS12)|(1&lt;&lt;CS11)|(0&lt;&lt;CS10);
                           ^~~~~
/home/ec2-user/arduino-testlib/cli-datadir/user/libraries/NST1001/src/NST1001.cpp:39:38: error: &#39;WGM13&#39; was not declared in this scope
   TCCR1B = (0&lt;&lt;ICNC1)|(0&lt;&lt;ICES1)|(0&lt;&lt;WGM13)|(0&lt;&lt;WGM12)|(1&lt;&lt;CS12)|(1&lt;&lt;CS11)|(0&lt;&lt;CS10);
                                      ^~~~~
/home/ec2-user/arduino-testlib/cli-datadir/user/libraries/NST1001/src/NST1001.cpp:39:49: error: &#39;WGM12&#39; was not declared in this scope
   TCCR1B = (0&lt;&lt;ICNC1)|(0&lt;&lt;ICES1)|(0&lt;&lt;WGM13)|(0&lt;&lt;WGM12)|(1&lt;&lt;CS12)|(1&lt;&lt;CS11)|(0&lt;&lt;CS10);
                                                 ^~~~~
/home/ec2-user/arduino-testlib/cli-datadir/user/libraries/NST1001/src/NST1001.cpp:39:60: error: &#39;CS12&#39; was not declared in this scope
   TCCR1B = (0&lt;&lt;ICNC1)|(0&lt;&lt;ICES1)|(0&lt;&lt;WGM13)|(0&lt;&lt;WGM12)|(1&lt;&lt;CS12)|(1&lt;&lt;CS11)|(0&lt;&lt;CS10);
                                                            ^~~~
/home/ec2-user/arduino-testlib/cli-datadir/user/libraries/NST1001/src/NST1001.cpp:39:70: error: &#39;CS11&#39; was not declared in this scope
   TCCR1B = (0&lt;&lt;ICNC1)|(0&lt;&lt;ICES1)|(0&lt;&lt;WGM13)|(0&lt;&lt;WGM12)|(1&lt;&lt;CS12)|(1&lt;&lt;CS11)|(0&lt;&lt;CS10);
                                                                      ^~~~
/home/ec2-user/arduino-testlib/cli-datadir/user/libraries/NST1001/src/NST1001.cpp:39:70: note: suggested alternative: &#39;B111&#39;
   TCCR1B = (0&lt;&lt;ICNC1)|(0&lt;&lt;ICES1)|(0&lt;&lt;WGM13)|(0&lt;&lt;WGM12)|(1&lt;&lt;CS12)|(1&lt;&lt;CS11)|(0&lt;&lt;CS10);
                                                                      ^~~~
                                                                      B111
/home/ec2-user/arduino-testlib/cli-datadir/user/libraries/NST1001/src/NST1001.cpp:39:80: error: &#39;CS10&#39; was not declared in this scope
   TCCR1B = (0&lt;&lt;ICNC1)|(0&lt;&lt;ICES1)|(0&lt;&lt;WGM13)|(0&lt;&lt;WGM12)|(1&lt;&lt;CS12)|(1&lt;&lt;CS11)|(0&lt;&lt;CS10);
                                                                                ^~~~
/home/ec2-user/arduino-testlib/cli-datadir/user/libraries/NST1001/src/NST1001.cpp:39:80: note: suggested alternative: &#39;B110&#39;
   TCCR1B = (0&lt;&lt;ICNC1)|(0&lt;&lt;ICES1)|(0&lt;&lt;WGM13)|(0&lt;&lt;WGM12)|(1&lt;&lt;CS12)|(1&lt;&lt;CS11)|(0&lt;&lt;CS10);
                                                                                ^~~~
                                                                                B110
/home/ec2-user/arduino-testlib/cli-datadir/user/libraries/NST1001/src/NST1001.cpp:40:3: error: &#39;TIMSK1&#39; was not declared in this scope
   TIMSK1 = (0&lt;&lt;ICIE1)|(0&lt;&lt;OCIE1B)|(0&lt;&lt;OCIE1A)|(0&lt;&lt;TOIE1);
   ^~~~~~
/home/ec2-user/arduino-testlib/cli-datadir/user/libraries/NST1001/src/NST1001.cpp:40:3: note: suggested alternative: &#39;TIMERB1&#39;
   TIMSK1 = (0&lt;&lt;ICIE1)|(0&lt;&lt;OCIE1B)|(0&lt;&lt;OCIE1A)|(0&lt;&lt;TOIE1);
   ^~~~~~
   TIMERB1
/home/ec2-user/arduino-testlib/cli-datadir/user/libraries/NST1001/src/NST1001.cpp:40:16: error: &#39;ICIE1&#39; was not declared in this scope
   TIMSK1 = (0&lt;&lt;ICIE1)|(0&lt;&lt;OCIE1B)|(0&lt;&lt;OCIE1A)|(0&lt;&lt;TOIE1);
                ^~~~~
/home/ec2-user/arduino-testlib/cli-datadir/user/libraries/NST1001/src/NST1001.cpp:40:27: error: &#39;OCIE1B&#39; was not declared in this scope
   TIMSK1 = (0&lt;&lt;ICIE1)|(0&lt;&lt;OCIE1B)|(0&lt;&lt;OCIE1A)|(0&lt;&lt;TOIE1);
                           ^~~~~~
/home/ec2-user/arduino-testlib/cli-datadir/user/libraries/NST1001/src/NST1001.cpp:40:39: error: &#39;OCIE1A&#39; was not declared in this scope
   TIMSK1 = (0&lt;&lt;ICIE1)|(0&lt;&lt;OCIE1B)|(0&lt;&lt;OCIE1A)|(0&lt;&lt;TOIE1);
                                       ^~~~~~
/home/ec2-user/arduino-testlib/cli-datadir/user/libraries/NST1001/src/NST1001.cpp:40:51: error: &#39;TOIE1&#39; was not declared in this scope
   TIMSK1 = (0&lt;&lt;ICIE1)|(0&lt;&lt;OCIE1B)|(0&lt;&lt;OCIE1A)|(0&lt;&lt;TOIE1);
                                                   ^~~~~
/home/ec2-user/arduino-testlib/cli-datadir/user/libraries/NST1001/src/NST1001.cpp:41:3: error: &#39;TCNT1&#39; was not declared in this scope
   TCNT1 = 0;
   ^~~~~
/home/ec2-user/arduino-testlib/cli-datadir/user/libraries/NST1001/src/NST1001.cpp:41:3: note: suggested alternative: &#39;TCB1&#39;
   TCNT1 = 0;
   ^~~~~
   TCB1
/home/ec2-user/arduino-testlib/cli-datadir/user/libraries/NST1001/src/NST1001.cpp: In member function &#39;const float NST1001::getTemp(int)&#39;:
/home/ec2-user/arduino-testlib/cli-datadir/user/libraries/NST1001/src/NST1001.cpp:51:3: error: &#39;TCCR1B&#39; was not declared in this scope
   TCCR1B |= (0&lt;&lt;ICNC1)|(0&lt;&lt;ICES1)|(0&lt;&lt;WGM13)|(0&lt;&lt;WGM12)|(1&lt;&lt;CS12)|(1&lt;&lt;CS11)|(0&lt;&lt;CS10); // Enable counter.
   ^~~~~~
/home/ec2-user/arduino-testlib/cli-datadir/user/libraries/NST1001/src/NST1001.cpp:51:3: note: suggested alternative: &#39;TCB1&#39;
   TCCR1B |= (0&lt;&lt;ICNC1)|(0&lt;&lt;ICES1)|(0&lt;&lt;WGM13)|(0&lt;&lt;WGM12)|(1&lt;&lt;CS12)|(1&lt;&lt;CS11)|(0&lt;&lt;CS10); // Enable counter.
   ^~~~~~
   TCB1
/home/ec2-user/arduino-testlib/cli-datadir/user/libraries/NST1001/src/NST1001.cpp:51:17: error: &#39;ICNC1&#39; was not declared in this scope
   TCCR1B |= (0&lt;&lt;ICNC1)|(0&lt;&lt;ICES1)|(0&lt;&lt;WGM13)|(0&lt;&lt;WGM12)|(1&lt;&lt;CS12)|(1&lt;&lt;CS11)|(0&lt;&lt;CS10); // Enable counter.
                 ^~~~~
/home/ec2-user/arduino-testlib/cli-datadir/user/libraries/NST1001/src/NST1001.cpp:51:28: error: &#39;ICES1&#39; was not declared in this scope
   TCCR1B |= (0&lt;&lt;ICNC1)|(0&lt;&lt;ICES1)|(0&lt;&lt;WGM13)|(0&lt;&lt;WGM12)|(1&lt;&lt;CS12)|(1&lt;&lt;CS11)|(0&lt;&lt;CS10); // Enable counter.
                            ^~~~~
/home/ec2-user/arduino-testlib/cli-datadir/user/libraries/NST1001/src/NST1001.cpp:51:39: error: &#39;WGM13&#39; was not declared in this scope
   TCCR1B |= (0&lt;&lt;ICNC1)|(0&lt;&lt;ICES1)|(0&lt;&lt;WGM13)|(0&lt;&lt;WGM12)|(1&lt;&lt;CS12)|(1&lt;&lt;CS11)|(0&lt;&lt;CS10); // Enable counter.
                                       ^~~~~
/home/ec2-user/arduino-testlib/cli-datadir/user/libraries/NST1001/src/NST1001.cpp:51:50: error: &#39;WGM12&#39; was not declared in this scope
   TCCR1B |= (0&lt;&lt;ICNC1)|(0&lt;&lt;ICES1)|(0&lt;&lt;WGM13)|(0&lt;&lt;WGM12)|(1&lt;&lt;CS12)|(1&lt;&lt;CS11)|(0&lt;&lt;CS10); // Enable counter.
                                                  ^~~~~
/home/ec2-user/arduino-testlib/cli-datadir/user/libraries/NST1001/src/NST1001.cpp:51:61: error: &#39;CS12&#39; was not declared in this scope
   TCCR1B |= (0&lt;&lt;ICNC1)|(0&lt;&lt;ICES1)|(0&lt;&lt;WGM13)|(0&lt;&lt;WGM12)|(1&lt;&lt;CS12)|(1&lt;&lt;CS11)|(0&lt;&lt;CS10); // Enable counter.
                                                             ^~~~
/home/ec2-user/arduino-testlib/cli-datadir/user/libraries/NST1001/src/NST1001.cpp:51:71: error: &#39;CS11&#39; was not declared in this scope
   TCCR1B |= (0&lt;&lt;ICNC1)|(0&lt;&lt;ICES1)|(0&lt;&lt;WGM13)|(0&lt;&lt;WGM12)|(1&lt;&lt;CS12)|(1&lt;&lt;CS11)|(0&lt;&lt;CS10); // Enable counter.
                                                                       ^~~~
/home/ec2-user/arduino-testlib/cli-datadir/user/libraries/NST1001/src/NST1001.cpp:51:71: note: suggested alternative: &#39;B111&#39;
   TCCR1B |= (0&lt;&lt;ICNC1)|(0&lt;&lt;ICES1)|(0&lt;&lt;WGM13)|(0&lt;&lt;WGM12)|(1&lt;&lt;CS12)|(1&lt;&lt;CS11)|(0&lt;&lt;CS10); // Enable counter.
                                                                       ^~~~
                                                                       B111
/home/ec2-user/arduino-testlib/cli-datadir/user/libraries/NST1001/src/</pre>
					
				
				<h3 id="arduino:samd:mkrwifi1010">arduino:samd:mkrwifi1010 @ 1.8.12</h3>
				<h4>Inclusion</h4>
				<p>
					Result: <b>FAIL</b>
					
				</p>
				<pre class="pre-scrollable">WARNING: library NST1001 claims to run on avr architecture(s) and may be incompatible with your current board which runs on samd architecture(s).
/home/ec2-user/arduino-testlib/cli-datadir/user/libraries/NST1001/src/NST1001.cpp: In member function &#39;const void NST1001::init()&#39;:
/home/ec2-user/arduino-testlib/cli-datadir/user/libraries/NST1001/src/NST1001.cpp:35:3: error: &#39;cli&#39; was not declared in this scope
   cli();
   ^~~
/home/ec2-user/arduino-testlib/cli-datadir/user/libraries/NST1001/src/NST1001.cpp:35:3: note: suggested alternative: &#39;Gclk&#39;
   cli();
   ^~~
   Gclk
/home/ec2-user/arduino-testlib/cli-datadir/user/libraries/NST1001/src/NST1001.cpp:38:3: error: &#39;TCCR1A&#39; was not declared in this scope
   TCCR1A = (0&lt;&lt;COM1A1)|(0&lt;&lt;COM1A0)|(0&lt;&lt;COM1B1)|(0&lt;&lt;COM1B0)|(0&lt;&lt;WGM11)|(0&lt;&lt;WGM10);
   ^~~~~~
/home/ec2-user/arduino-testlib/cli-datadir/user/libraries/NST1001/src/NST1001.cpp:38:3: note: suggested alternative: &#39;TCC1&#39;
   TCCR1A = (0&lt;&lt;COM1A1)|(0&lt;&lt;COM1A0)|(0&lt;&lt;COM1B1)|(0&lt;&lt;COM1B0)|(0&lt;&lt;WGM11)|(0&lt;&lt;WGM10);
   ^~~~~~
   TCC1
/home/ec2-user/arduino-testlib/cli-datadir/user/libraries/NST1001/src/NST1001.cpp:38:16: error: &#39;COM1A1&#39; was not declared in this scope
   TCCR1A = (0&lt;&lt;COM1A1)|(0&lt;&lt;COM1A0)|(0&lt;&lt;COM1B1)|(0&lt;&lt;COM1B0)|(0&lt;&lt;WGM11)|(0&lt;&lt;WGM10);
                ^~~~~~
/home/ec2-user/arduino-testlib/cli-datadir/user/libraries/NST1001/src/NST1001.cpp:38:28: error: &#39;COM1A0&#39; was not declared in this scope
   TCCR1A = (0&lt;&lt;COM1A1)|(0&lt;&lt;COM1A0)|(0&lt;&lt;COM1B1)|(0&lt;&lt;COM1B0)|(0&lt;&lt;WGM11)|(0&lt;&lt;WGM10);
                            ^~~~~~
/home/ec2-user/arduino-testlib/cli-datadir/user/libraries/NST1001/src/NST1001.cpp:38:40: error: &#39;COM1B1&#39; was not declared in this scope
   TCCR1A = (0&lt;&lt;COM1A1)|(0&lt;&lt;COM1A0)|(0&lt;&lt;COM1B1)|(0&lt;&lt;COM1B0)|(0&lt;&lt;WGM11)|(0&lt;&lt;WGM10);
                                        ^~~~~~
/home/ec2-user/arduino-testlib/cli-datadir/user/libraries/NST1001/src/NST1001.cpp:38:52: error: &#39;COM1B0&#39; was not declared in this scope
   TCCR1A = (0&lt;&lt;COM1A1)|(0&lt;&lt;COM1A0)|(0&lt;&lt;COM1B1)|(0&lt;&lt;COM1B0)|(0&lt;&lt;WGM11)|(0&lt;&lt;WGM10);
                                                    ^~~~~~
/home/ec2-user/arduino-testlib/cli-datadir/user/libraries/NST1001/src/NST1001.cpp:38:64: error: &#39;WGM11&#39; was not declared in this scope
   TCCR1A = (0&lt;&lt;COM1A1)|(0&lt;&lt;COM1A0)|(0&lt;&lt;COM1B1)|(0&lt;&lt;COM1B0)|(0&lt;&lt;WGM11)|(0&lt;&lt;WGM10);
                                                                ^~~~~
/home/ec2-user/arduino-testlib/cli-datadir/user/libraries/NST1001/src/NST1001.cpp:38:75: error: &#39;WGM10&#39; was not declared in this scope
   TCCR1A = (0&lt;&lt;COM1A1)|(0&lt;&lt;COM1A0)|(0&lt;&lt;COM1B1)|(0&lt;&lt;COM1B0)|(0&lt;&lt;WGM11)|(0&lt;&lt;WGM10);
                                                                           ^~~~~
/home/ec2-user/arduino-testlib/cli-datadir/user/libraries/NST1001/src/NST1001.cpp:39:3: error: &#39;TCCR1B&#39; was not declared in this scope
   TCCR1B = (0&lt;&lt;ICNC1)|(0&lt;&lt;ICES1)|(0&lt;&lt;WGM13)|(0&lt;&lt;WGM12)|(1&lt;&lt;CS12)|(1&lt;&lt;CS11)|(0&lt;&lt;CS10);
   ^~~~~~
/home/ec2-user/arduino-testlib/cli-datadir/user/libraries/NST1001/src/NST1001.cpp:39:3: note: suggested alternative: &#39;TCC1&#39;
   TCCR1B = (0&lt;&lt;ICNC1)|(0&lt;&lt;ICES1)|(0&lt;&lt;WGM13)|(0&lt;&lt;WGM12)|(1&lt;&lt;CS12)|(1&lt;&lt;CS11)|(0&lt;&lt;CS10);
   ^~~~~~
   TCC1
/home/ec2-user/arduino-testlib/cli-datadir/user/libraries/NST1001/src/NST1001.cpp:39:16: error: &#39;ICNC1&#39; was not declared in this scope
   TCCR1B = (0&lt;&lt;ICNC1)|(0&lt;&lt;ICES1)|(0&lt;&lt;WGM13)|(0&lt;&lt;WGM12)|(1&lt;&lt;CS12)|(1&lt;&lt;CS11)|(0&lt;&lt;CS10);
                ^~~~~
/home/ec2-user/arduino-testlib/cli-datadir/user/libraries/NST1001/src/NST1001.cpp:39:16: note: suggested alternative: &#39;TCC1&#39;
   TCCR1B = (0&lt;&lt;ICNC1)|(0&lt;&lt;ICES1)|(0&lt;&lt;WGM13)|(0&lt;&lt;WGM12)|(1&lt;&lt;CS12)|(1&lt;&lt;CS11)|(0&lt;&lt;CS10);
                ^~~~~
                TCC1
/home/ec2-user/arduino-testlib/cli-datadir/user/libraries/NST1001/src/NST1001.cpp:39:27: error: &#39;ICES1&#39; was not declared in this scope
   TCCR1B = (0&lt;&lt;ICNC1)|(0&lt;&lt;ICES1)|(0&lt;&lt;WGM13)|(0&lt;&lt;WGM12)|(1&lt;&lt;CS12)|(1&lt;&lt;CS11)|(0&lt;&lt;CS10);
                           ^~~~~
/home/ec2-user/arduino-testlib/cli-datadir/user/libraries/NST1001/src/NST1001.cpp:39:38: error: &#39;WGM13&#39; was not declared in this scope
   TCCR1B = (0&lt;&lt;ICNC1)|(0&lt;&lt;ICES1)|(0&lt;&lt;WGM13)|(0&lt;&lt;WGM12)|(1&lt;&lt;CS12)|(1&lt;&lt;CS11)|(0&lt;&lt;CS10);
                                      ^~~~~
/home/ec2-user/arduino-testlib/cli-datadir/user/libraries/NST1001/src/NST1001.cpp:39:49: error: &#39;WGM12&#39; was not declared in this scope
   TCCR1B = (0&lt;&lt;ICNC1)|(0&lt;&lt;ICES1)|(0&lt;&lt;WGM13)|(0&lt;&lt;WGM12)|(1&lt;&lt;CS12)|(1&lt;&lt;CS11)|(0&lt;&lt;CS10);
                                                 ^~~~~
/home/ec2-user/arduino-testlib/cli-datadir/user/libraries/NST1001/src/NST1001.cpp:39:60: error: &#39;CS12&#39; was not declared in this scope
   TCCR1B = (0&lt;&lt;ICNC1)|(0&lt;&lt;ICES1)|(0&lt;&lt;WGM13)|(0&lt;&lt;WGM12)|(1&lt;&lt;CS12)|(1&lt;&lt;CS11)|(0&lt;&lt;CS10);
                                                            ^~~~
/home/ec2-user/arduino-testlib/cli-datadir/user/libraries/NST1001/src/NST1001.cpp:39:60: note: suggested alternative: &#39;SS1&#39;
   TCCR1B = (0&lt;&lt;ICNC1)|(0&lt;&lt;ICES1)|(0&lt;&lt;WGM13)|(0&lt;&lt;WGM12)|(1&lt;&lt;CS12)|(1&lt;&lt;CS11)|(0&lt;&lt;CS10);
                                                            ^~~~
                                                            SS1
/home/ec2-user/arduino-testlib/cli-datadir/user/libraries/NST1001/src/NST1001.cpp:39:70: error: &#39;CS11&#39; was not declared in this scope
   TCCR1B = (0&lt;&lt;ICNC1)|(0&lt;&lt;ICES1)|(0&lt;&lt;WGM13)|(0&lt;&lt;WGM12)|(1&lt;&lt;CS12)|(1&lt;&lt;CS11)|(0&lt;&lt;CS10);
                                                                      ^~~~
/home/ec2-user/arduino-testlib/cli-datadir/user/libraries/NST1001/src/NST1001.cpp:39:70: note: suggested alternative: &#39;SS1&#39;
   TCCR1B = (0&lt;&lt;ICNC1)|(0&lt;&lt;ICES1)|(0&lt;&lt;WGM13)|(0&lt;&lt;WGM12)|(1&lt;&lt;CS12)|(1&lt;&lt;CS11)|(0&lt;&lt;CS10);
                                                                      ^~~~
                                                                      SS1
/home/ec2-user/arduino-testlib/cli-datadir/user/libraries/NST1001/src/NST1001.cpp:39:80: error: &#39;CS10&#39; was not declared in this scope
   TCCR1B = (0&lt;&lt;ICNC1)|(0&lt;&lt;ICES1)|(0&lt;&lt;WGM13)|(0&lt;&lt;WGM12)|(1&lt;&lt;CS12)|(1&lt;&lt;CS11)|(0&lt;&lt;CS10);
                                                                                ^~~~
/home/ec2-user/arduino-testlib/cli-datadir/user/libraries/NST1001/src/NST1001.cpp:39:80: note: suggested alternative: &#39;SS1&#39;
   TCCR1B = (0&lt;&lt;ICNC1)|(0&lt;&lt;ICES1)|(0&lt;&lt;WGM13)|(0&lt;&lt;WGM12)|(1&lt;&lt;CS12)|(1&lt;&lt;CS11)|(0&lt;&lt;CS10);
                                                                                ^~~~
                                                                                SS1
/home/ec2-user/arduino-testlib/cli-datadir/user/libraries/NST1001/src/NST1001.cpp:40:3: error: &#39;TIMSK1&#39; was not declared in this scope
   TIMSK1 = (0&lt;&lt;ICIE1)|(0&lt;&lt;OCIE1B)|(0&lt;&lt;OCIE1A)|(0&lt;&lt;TOIE1);
   ^~~~~~
/home/ec2-user/arduino-testlib/cli-datadir/user/libraries/NST1001/src/NST1001.cpp:40:3: note: suggested alternative: &#39;MISO1&#39;
   TIMSK1 = (0&lt;&lt;ICIE1)|(0&lt;&lt;OCIE1B)|(0&lt;&lt;OCIE1A)|(0&lt;&lt;TOIE1);
   ^~~~~~
   MISO1
/home/ec2-user/arduino-testlib/cli-datadir/user/libraries/NST1001/src/NST1001.cpp:40:16: error: &#39;ICIE1&#39; was not declared in this scope
   TIMSK1 = (0&lt;&lt;ICIE1)|(0&lt;&lt;OCIE1B)|(0&lt;&lt;OCIE1A)|(0&lt;&lt;TOIE1);
                ^~~~~
/home/ec2-user/arduino-testlib/cli-datadir/user/libraries/NST1001/src/NST1001.cpp:40:27: error: &#39;OCIE1B&#39; was not declared in this scope
   TIMSK1 = (0&lt;&lt;ICIE1)|(0&lt;&lt;OCIE1B)|(0&lt;&lt;OCIE1A)|(0&lt;&lt;TOIE1);
                           ^~~~~~
/home/ec2-user/arduino-testlib/cli-datadir/user/libraries/NST1001/src/NST1001.cpp:40:39: error: &#39;OCIE1A&#39; was not declared in this scope
   TIMSK1 = (0&lt;&lt;ICIE1)|(0&lt;&lt;OCIE1B)|(0&lt;&lt;OCIE1A)|(0&lt;&lt;TOIE1);
                                       ^~~~~~
/home/ec2-user/arduino-testlib/cli-datadir/user/libraries/NST1001/src/NST1001.cpp:40:51: error: &#39;TOIE1&#39; was not declared in this scope
   TIMSK1 = (0&lt;&lt;ICIE1)|(0&lt;&lt;OCIE1B)|(0&lt;&lt;OCIE1A)|(0&lt;&lt;TOIE1);
                                                   ^~~~~
/home/ec2-user/arduino-testlib/cli-datadir/user/libraries/NST1001/src/NST1001.cpp:41:3: error: &#39;TCNT1&#39; was not declared in this scope
   TCNT1 = 0;
   ^~~~~
/home/ec2-user/arduino-testlib/cli-datadir/user/libraries/NST1001/src/NST1001.cpp:41:3: note: suggested alternative: &#39;TCC1&#39;
   TCNT1 = 0;
   ^~~~~
   TCC1
/home/ec2-user/arduino-testlib/cli-datadir/user/libraries/NST1001/src/NST1001.cpp:43:3: error: &#39;sei&#39; was not declared in this scope
   sei();
   ^~~
/home/ec2-user/arduino-testlib/cli-datadir/user/libraries/NST1001/src/NST1001.cpp: In member function &#39;const float NST1001::getTemp(int)&#39;:
/home/ec2-user/arduino-testlib/cli-datadir/user/libraries/NST1001/src/NST1001.cpp:51:3: error: &#39;TCCR1B&#39; was not declared in this scope
   TCCR1B |= (0&lt;&lt;ICNC1)|(0&lt;&lt;ICES1)|(0&lt;&lt;WGM13)|(0&lt;&lt;WGM12)|(1&lt;&lt;CS12)|(1&lt;&lt;CS11)|(0&lt;&lt;CS10); // Enable counter.
   ^~~~~~
/home/ec2-user/arduino-testlib/cli-datadir/user/libraries/NST1001/src/NST1001.cpp:51:3: note: suggested alternative: &#39;TCC1&#39;
   TCCR1B |= (0&lt;&lt;ICNC1)|(0&lt;&lt;ICES1)|(0&lt;&lt;WGM13)|(0&lt;&lt;WGM12)|(1&lt;&lt;CS12)|(1&lt;&lt;CS11)|(0&lt;&lt;CS10); // Enable counter.
   ^~~~~~
   TCC1
/home/ec2-user/arduino-testlib/cli-datadir/user/libraries/NST1001/src/NST1001.cpp:51:17: error: &#39;ICNC1&#39; was not declared in this scope
   TCCR1B |= (0&lt;&lt;ICNC1)|(0&lt;&lt;ICES1)|(0&lt;&lt;WGM13)|(0&lt;&lt;WGM12)|(1&lt;&lt;CS12)|(1&lt;&lt;CS11)|(0&lt;&lt;CS10); // Enable counter.
                 ^~~~~
/home/ec2-user/arduino-testlib/cli-datadir/user/libraries/NST1001/src/NST1001.cpp:51:17: note: suggested alternative: &#39;TCC1&#39;
   TCCR1B |= (0&lt;&lt;ICNC1)|(0&lt;&lt;ICES1)|(0&lt;&lt;WGM13)|(0&lt;&lt;WGM12)|(1&lt;&lt;CS12)|(1&lt;&lt;CS11)|(0&lt;&lt;CS10); // Enable counter.
                 ^~~~~
                 TCC1
/home/ec2-user/arduino-testlib/cli-datadir/user/libraries/NST1001/src/NST1001.cpp:51:28: error: &#39;ICES1&#39; was not declared in this scope
   TCCR1B |= (0&lt;&lt;ICNC1)|(0&lt;&lt;ICES1)|(0&lt;&lt;WGM13)|(0&lt;&lt;WGM12)|(1&lt;&lt;CS12)|(1&lt;&lt;CS11)|(0&lt;&lt;CS10); // Enable counter.
                            ^~~~~
/home/ec2-user/arduino-testlib/cli-datadir/user/libraries/NST1001/src/NST1001.cpp:51:39: error: &#39;WGM13&#39; was not declared in this scope
   TCCR1B |= (0&lt;&lt;ICNC1)|(0&lt;&lt;ICES1)|(0&lt;&lt;WGM13)|(0&lt;&lt;WGM12)|(1&lt;&lt;CS12)|(1&lt;&lt;CS11)|(0&lt;&lt;CS10); // Enable counter.
                                       ^~~~~
/home/ec2-user/arduino-testlib/cli-datadir/user/libraries/NST1001/sr</pre>

					
					<h4>examples/Read_Temperature</h4>
					<p>
						Result: <b>FAIL</b>
					</p>
					<pre class="pre-scrollable">WARNING: library NST1001 claims to run on avr architecture(s) and may be incompatible with your current board which runs on samd architecture(s).
/home/ec2-user/arduino-testlib/cli-datadir/user/libraries/NST1001/src/NST1001.cpp: In member function &#39;const void NST1001::init()&#39;:
/home/ec2-user/arduino-testlib/cli-datadir/user/libraries/NST1001/src/NST1001.cpp:35:3: error: &#39;cli&#39; was not declared in this scope
   cli();
   ^~~
/home/ec2-user/arduino-testlib/cli-datadir/user/libraries/NST1001/src/NST1001.cpp:35:3: note: suggested alternative: &#39;Gclk&#39;
   cli();
   ^~~
   Gclk
/home/ec2-user/arduino-testlib/cli-datadir/user/libraries/NST1001/src/NST1001.cpp:38:3: error: &#39;TCCR1A&#39; was not declared in this scope
   TCCR1A = (0&lt;&lt;COM1A1)|(0&lt;&lt;COM1A0)|(0&lt;&lt;COM1B1)|(0&lt;&lt;COM1B0)|(0&lt;&lt;WGM11)|(0&lt;&lt;WGM10);
   ^~~~~~
/home/ec2-user/arduino-testlib/cli-datadir/user/libraries/NST1001/src/NST1001.cpp:38:3: note: suggested alternative: &#39;TCC1&#39;
   TCCR1A = (0&lt;&lt;COM1A1)|(0&lt;&lt;COM1A0)|(0&lt;&lt;COM1B1)|(0&lt;&lt;COM1B0)|(0&lt;&lt;WGM11)|(0&lt;&lt;WGM10);
   ^~~~~~
   TCC1
/home/ec2-user/arduino-testlib/cli-datadir/user/libraries/NST1001/src/NST1001.cpp:38:16: error: &#39;COM1A1&#39; was not declared in this scope
   TCCR1A = (0&lt;&lt;COM1A1)|(0&lt;&lt;COM1A0)|(0&lt;&lt;COM1B1)|(0&lt;&lt;COM1B0)|(0&lt;&lt;WGM11)|(0&lt;&lt;WGM10);
                ^~~~~~
/home/ec2-user/arduino-testlib/cli-datadir/user/libraries/NST1001/src/NST1001.cpp:38:28: error: &#39;COM1A0&#39; was not declared in this scope
   TCCR1A = (0&lt;&lt;COM1A1)|(0&lt;&lt;COM1A0)|(0&lt;&lt;COM1B1)|(0&lt;&lt;COM1B0)|(0&lt;&lt;WGM11)|(0&lt;&lt;WGM10);
                            ^~~~~~
/home/ec2-user/arduino-testlib/cli-datadir/user/libraries/NST1001/src/NST1001.cpp:38:40: error: &#39;COM1B1&#39; was not declared in this scope
   TCCR1A = (0&lt;&lt;COM1A1)|(0&lt;&lt;COM1A0)|(0&lt;&lt;COM1B1)|(0&lt;&lt;COM1B0)|(0&lt;&lt;WGM11)|(0&lt;&lt;WGM10);
                                        ^~~~~~
/home/ec2-user/arduino-testlib/cli-datadir/user/libraries/NST1001/src/NST1001.cpp:38:52: error: &#39;COM1B0&#39; was not declared in this scope
   TCCR1A = (0&lt;&lt;COM1A1)|(0&lt;&lt;COM1A0)|(0&lt;&lt;COM1B1)|(0&lt;&lt;COM1B0)|(0&lt;&lt;WGM11)|(0&lt;&lt;WGM10);
                                                    ^~~~~~
/home/ec2-user/arduino-testlib/cli-datadir/user/libraries/NST1001/src/NST1001.cpp:38:64: error: &#39;WGM11&#39; was not declared in this scope
   TCCR1A = (0&lt;&lt;COM1A1)|(0&lt;&lt;COM1A0)|(0&lt;&lt;COM1B1)|(0&lt;&lt;COM1B0)|(0&lt;&lt;WGM11)|(0&lt;&lt;WGM10);
                                                                ^~~~~
/home/ec2-user/arduino-testlib/cli-datadir/user/libraries/NST1001/src/NST1001.cpp:38:75: error: &#39;WGM10&#39; was not declared in this scope
   TCCR1A = (0&lt;&lt;COM1A1)|(0&lt;&lt;COM1A0)|(0&lt;&lt;COM1B1)|(0&lt;&lt;COM1B0)|(0&lt;&lt;WGM11)|(0&lt;&lt;WGM10);
                                                                           ^~~~~
/home/ec2-user/arduino-testlib/cli-datadir/user/libraries/NST1001/src/NST1001.cpp:39:3: error: &#39;TCCR1B&#39; was not declared in this scope
   TCCR1B = (0&lt;&lt;ICNC1)|(0&lt;&lt;ICES1)|(0&lt;&lt;WGM13)|(0&lt;&lt;WGM12)|(1&lt;&lt;CS12)|(1&lt;&lt;CS11)|(0&lt;&lt;CS10);
   ^~~~~~
/home/ec2-user/arduino-testlib/cli-datadir/user/libraries/NST1001/src/NST1001.cpp:39:3: note: suggested alternative: &#39;TCC1&#39;
   TCCR1B = (0&lt;&lt;ICNC1)|(0&lt;&lt;ICES1)|(0&lt;&lt;WGM13)|(0&lt;&lt;WGM12)|(1&lt;&lt;CS12)|(1&lt;&lt;CS11)|(0&lt;&lt;CS10);
   ^~~~~~
   TCC1
/home/ec2-user/arduino-testlib/cli-datadir/user/libraries/NST1001/src/NST1001.cpp:39:16: error: &#39;ICNC1&#39; was not declared in this scope
   TCCR1B = (0&lt;&lt;ICNC1)|(0&lt;&lt;ICES1)|(0&lt;&lt;WGM13)|(0&lt;&lt;WGM12)|(1&lt;&lt;CS12)|(1&lt;&lt;CS11)|(0&lt;&lt;CS10);
                ^~~~~
/home/ec2-user/arduino-testlib/cli-datadir/user/libraries/NST1001/src/NST1001.cpp:39:16: note: suggested alternative: &#39;TCC1&#39;
   TCCR1B = (0&lt;&lt;ICNC1)|(0&lt;&lt;ICES1)|(0&lt;&lt;WGM13)|(0&lt;&lt;WGM12)|(1&lt;&lt;CS12)|(1&lt;&lt;CS11)|(0&lt;&lt;CS10);
                ^~~~~
                TCC1
/home/ec2-user/arduino-testlib/cli-datadir/user/libraries/NST1001/src/NST1001.cpp:39:27: error: &#39;ICES1&#39; was not declared in this scope
   TCCR1B = (0&lt;&lt;ICNC1)|(0&lt;&lt;ICES1)|(0&lt;&lt;WGM13)|(0&lt;&lt;WGM12)|(1&lt;&lt;CS12)|(1&lt;&lt;CS11)|(0&lt;&lt;CS10);
                           ^~~~~
/home/ec2-user/arduino-testlib/cli-datadir/user/libraries/NST1001/src/NST1001.cpp:39:38: error: &#39;WGM13&#39; was not declared in this scope
   TCCR1B = (0&lt;&lt;ICNC1)|(0&lt;&lt;ICES1)|(0&lt;&lt;WGM13)|(0&lt;&lt;WGM12)|(1&lt;&lt;CS12)|(1&lt;&lt;CS11)|(0&lt;&lt;CS10);
                                      ^~~~~
/home/ec2-user/arduino-testlib/cli-datadir/user/libraries/NST1001/src/NST1001.cpp:39:49: error: &#39;WGM12&#39; was not declared in this scope
   TCCR1B = (0&lt;&lt;ICNC1)|(0&lt;&lt;ICES1)|(0&lt;&lt;WGM13)|(0&lt;&lt;WGM12)|(1&lt;&lt;CS12)|(1&lt;&lt;CS11)|(0&lt;&lt;CS10);
                                                 ^~~~~
/home/ec2-user/arduino-testlib/cli-datadir/user/libraries/NST1001/src/NST1001.cpp:39:60: error: &#39;CS12&#39; was not declared in this scope
   TCCR1B = (0&lt;&lt;ICNC1)|(0&lt;&lt;ICES1)|(0&lt;&lt;WGM13)|(0&lt;&lt;WGM12)|(1&lt;&lt;CS12)|(1&lt;&lt;CS11)|(0&lt;&lt;CS10);
                                                            ^~~~
/home/ec2-user/arduino-testlib/cli-datadir/user/libraries/NST1001/src/NST1001.cpp:39:60: note: suggested alternative: &#39;SS1&#39;
   TCCR1B = (0&lt;&lt;ICNC1)|(0&lt;&lt;ICES1)|(0&lt;&lt;WGM13)|(0&lt;&lt;WGM12)|(1&lt;&lt;CS12)|(1&lt;&lt;CS11)|(0&lt;&lt;CS10);
                                                            ^~~~
                                                            SS1
/home/ec2-user/arduino-testlib/cli-datadir/user/libraries/NST1001/src/NST1001.cpp:39:70: error: &#39;CS11&#39; was not declared in this scope
   TCCR1B = (0&lt;&lt;ICNC1)|(0&lt;&lt;ICES1)|(0&lt;&lt;WGM13)|(0&lt;&lt;WGM12)|(1&lt;&lt;CS12)|(1&lt;&lt;CS11)|(0&lt;&lt;CS10);
                                                                      ^~~~
/home/ec2-user/arduino-testlib/cli-datadir/user/libraries/NST1001/src/NST1001.cpp:39:70: note: suggested alternative: &#39;SS1&#39;
   TCCR1B = (0&lt;&lt;ICNC1)|(0&lt;&lt;ICES1)|(0&lt;&lt;WGM13)|(0&lt;&lt;WGM12)|(1&lt;&lt;CS12)|(1&lt;&lt;CS11)|(0&lt;&lt;CS10);
                                                                      ^~~~
                                                                      SS1
/home/ec2-user/arduino-testlib/cli-datadir/user/libraries/NST1001/src/NST1001.cpp:39:80: error: &#39;CS10&#39; was not declared in this scope
   TCCR1B = (0&lt;&lt;ICNC1)|(0&lt;&lt;ICES1)|(0&lt;&lt;WGM13)|(0&lt;&lt;WGM12)|(1&lt;&lt;CS12)|(1&lt;&lt;CS11)|(0&lt;&lt;CS10);
                                                                                ^~~~
/home/ec2-user/arduino-testlib/cli-datadir/user/libraries/NST1001/src/NST1001.cpp:39:80: note: suggested alternative: &#39;SS1&#39;
   TCCR1B = (0&lt;&lt;ICNC1)|(0&lt;&lt;ICES1)|(0&lt;&lt;WGM13)|(0&lt;&lt;WGM12)|(1&lt;&lt;CS12)|(1&lt;&lt;CS11)|(0&lt;&lt;CS10);
                                                                                ^~~~
                                                                                SS1
/home/ec2-user/arduino-testlib/cli-datadir/user/libraries/NST1001/src/NST1001.cpp:40:3: error: &#39;TIMSK1&#39; was not declared in this scope
   TIMSK1 = (0&lt;&lt;ICIE1)|(0&lt;&lt;OCIE1B)|(0&lt;&lt;OCIE1A)|(0&lt;&lt;TOIE1);
   ^~~~~~
/home/ec2-user/arduino-testlib/cli-datadir/user/libraries/NST1001/src/NST1001.cpp:40:3: note: suggested alternative: &#39;MISO1&#39;
   TIMSK1 = (0&lt;&lt;ICIE1)|(0&lt;&lt;OCIE1B)|(0&lt;&lt;OCIE1A)|(0&lt;&lt;TOIE1);
   ^~~~~~
   MISO1
/home/ec2-user/arduino-testlib/cli-datadir/user/libraries/NST1001/src/NST1001.cpp:40:16: error: &#39;ICIE1&#39; was not declared in this scope
   TIMSK1 = (0&lt;&lt;ICIE1)|(0&lt;&lt;OCIE1B)|(0&lt;&lt;OCIE1A)|(0&lt;&lt;TOIE1);
                ^~~~~
/home/ec2-user/arduino-testlib/cli-datadir/user/libraries/NST1001/src/NST1001.cpp:40:27: error: &#39;OCIE1B&#39; was not declared in this scope
   TIMSK1 = (0&lt;&lt;ICIE1)|(0&lt;&lt;OCIE1B)|(0&lt;&lt;OCIE1A)|(0&lt;&lt;TOIE1);
                           ^~~~~~
/home/ec2-user/arduino-testlib/cli-datadir/user/libraries/NST1001/src/NST1001.cpp:40:39: error: &#39;OCIE1A&#39; was not declared in this scope
   TIMSK1 = (0&lt;&lt;ICIE1)|(0&lt;&lt;OCIE1B)|(0&lt;&lt;OCIE1A)|(0&lt;&lt;TOIE1);
                                       ^~~~~~
/home/ec2-user/arduino-testlib/cli-datadir/user/libraries/NST1001/src/NST1001.cpp:40:51: error: &#39;TOIE1&#39; was not declared in this scope
   TIMSK1 = (0&lt;&lt;ICIE1)|(0&lt;&lt;OCIE1B)|(0&lt;&lt;OCIE1A)|(0&lt;&lt;TOIE1);
                                                   ^~~~~
/home/ec2-user/arduino-testlib/cli-datadir/user/libraries/NST1001/src/NST1001.cpp:41:3: error: &#39;TCNT1&#39; was not declared in this scope
   TCNT1 = 0;
   ^~~~~
/home/ec2-user/arduino-testlib/cli-datadir/user/libraries/NST1001/src/NST1001.cpp:41:3: note: suggested alternative: &#39;TCC1&#39;
   TCNT1 = 0;
   ^~~~~
   TCC1
/home/ec2-user/arduino-testlib/cli-datadir/user/libraries/NST1001/src/NST1001.cpp:43:3: error: &#39;sei&#39; was not declared in this scope
   sei();
   ^~~
/home/ec2-user/arduino-testlib/cli-datadir/user/libraries/NST1001/src/NST1001.cpp: In member function &#39;const float NST1001::getTemp(int)&#39;:
/home/ec2-user/arduino-testlib/cli-datadir/user/libraries/NST1001/src/NST1001.cpp:51:3: error: &#39;TCCR1B&#39; was not declared in this scope
   TCCR1B |= (0&lt;&lt;ICNC1)|(0&lt;&lt;ICES1)|(0&lt;&lt;WGM13)|(0&lt;&lt;WGM12)|(1&lt;&lt;CS12)|(1&lt;&lt;CS11)|(0&lt;&lt;CS10); // Enable counter.
   ^~~~~~
/home/ec2-user/arduino-testlib/cli-datadir/user/libraries/NST1001/src/NST1001.cpp:51:3: note: suggested alternative: &#39;TCC1&#39;
   TCCR1B |= (0&lt;&lt;ICNC1)|(0&lt;&lt;ICES1)|(0&lt;&lt;WGM13)|(0&lt;&lt;WGM12)|(1&lt;&lt;CS12)|(1&lt;&lt;CS11)|(0&lt;&lt;CS10); // Enable counter.
   ^~~~~~
   TCC1
/home/ec2-user/arduino-testlib/cli-datadir/user/libraries/NST1001/src/NST1001.cpp:51:17: error: &#39;ICNC1&#39; was not declared in this scope
   TCCR1B |= (0&lt;&lt;ICNC1)|(0&lt;&lt;ICES1)|(0&lt;&lt;WGM13)|(0&lt;&lt;WGM12)|(1&lt;&lt;CS12)|(1&lt;&lt;CS11)|(0&lt;&lt;CS10); // Enable counter.
                 ^~~~~
/home/ec2-user/arduino-testlib/cli-datadir/user/libraries/NST1001/src/NST1001.cpp:51:17: note: suggested alternative: &#39;TCC1&#39;
   TCCR1B |= (0&lt;&lt;ICNC1)|(0&lt;&lt;ICES1)|(0&lt;&lt;WGM13)|(0&lt;&lt;WGM12)|(1&lt;&lt;CS12)|(1&lt;&lt;CS11)|(0&lt;&lt;CS10); // Enable counter.
                 ^~~~~
                 TCC1
/home/ec2-user/arduino-testlib/cli-datadir/user/libraries/NST1001/src/NST1001.cpp:51:28: error: &#39;ICES1&#39; was not declared in this scope
   TCCR1B |= (0&lt;&lt;ICNC1)|(0&lt;&lt;ICES1)|(0&lt;&lt;WGM13)|(0&lt;&lt;WGM12)|(1&lt;&lt;CS12)|(1&lt;&lt;CS11)|(0&lt;&lt;CS10); // Enable counter.
                            ^~~~~
/home/ec2-user/arduino-testlib/cli-datadir/user/libraries/NST1001/src/NST1001.cpp:51:39: error: &#39;WGM13&#39; was not declared in this scope
   TCCR1B |= (0&lt;&lt;ICNC1)|(0&lt;&lt;ICES1)|(0&lt;&lt;WGM13)|(0&lt;&lt;WGM12)|(1&lt;&lt;CS12)|(1&lt;&lt;CS11)|(0&lt;&lt;CS10); // Enable counter.
                                       ^~~~~
/home/ec2-user/arduino-testlib/cli-datadir/user/libraries/NST1001/sr</pre>
					
					<h4>examples/Read_Temperature_Free-running</h4>
					<p>
						Result: <b>FAIL</b>
					</p>
					<pre class="pre-scrollable">WARNING: library NST1001 claims to run on avr architecture(s) and may be incompatible with your current board which runs on samd architecture(s).
/home/ec2-user/arduino-testlib/cli-datadir/user/libraries/NST1001/src/NST1001.cpp: In member function &#39;const void NST1001::init()&#39;:
/home/ec2-user/arduino-testlib/cli-datadir/user/libraries/NST1001/src/NST1001.cpp:35:3: error: &#39;cli&#39; was not declared in this scope
   cli();
   ^~~
/home/ec2-user/arduino-testlib/cli-datadir/user/libraries/NST1001/src/NST1001.cpp:35:3: note: suggested alternative: &#39;Gclk&#39;
   cli();
   ^~~
   Gclk
/home/ec2-user/arduino-testlib/cli-datadir/user/libraries/NST1001/src/NST1001.cpp:38:3: error: &#39;TCCR1A&#39; was not declared in this scope
   TCCR1A = (0&lt;&lt;COM1A1)|(0&lt;&lt;COM1A0)|(0&lt;&lt;COM1B1)|(0&lt;&lt;COM1B0)|(0&lt;&lt;WGM11)|(0&lt;&lt;WGM10);
   ^~~~~~
/home/ec2-user/arduino-testlib/cli-datadir/user/libraries/NST1001/src/NST1001.cpp:38:3: note: suggested alternative: &#39;TCC1&#39;
   TCCR1A = (0&lt;&lt;COM1A1)|(0&lt;&lt;COM1A0)|(0&lt;&lt;COM1B1)|(0&lt;&lt;COM1B0)|(0&lt;&lt;WGM11)|(0&lt;&lt;WGM10);
   ^~~~~~
   TCC1
/home/ec2-user/arduino-testlib/cli-datadir/user/libraries/NST1001/src/NST1001.cpp:38:16: error: &#39;COM1A1&#39; was not declared in this scope
   TCCR1A = (0&lt;&lt;COM1A1)|(0&lt;&lt;COM1A0)|(0&lt;&lt;COM1B1)|(0&lt;&lt;COM1B0)|(0&lt;&lt;WGM11)|(0&lt;&lt;WGM10);
                ^~~~~~
/home/ec2-user/arduino-testlib/cli-datadir/user/libraries/NST1001/src/NST1001.cpp:38:28: error: &#39;COM1A0&#39; was not declared in this scope
   TCCR1A = (0&lt;&lt;COM1A1)|(0&lt;&lt;COM1A0)|(0&lt;&lt;COM1B1)|(0&lt;&lt;COM1B0)|(0&lt;&lt;WGM11)|(0&lt;&lt;WGM10);
                            ^~~~~~
/home/ec2-user/arduino-testlib/cli-datadir/user/libraries/NST1001/src/NST1001.cpp:38:40: error: &#39;COM1B1&#39; was not declared in this scope
   TCCR1A = (0&lt;&lt;COM1A1)|(0&lt;&lt;COM1A0)|(0&lt;&lt;COM1B1)|(0&lt;&lt;COM1B0)|(0&lt;&lt;WGM11)|(0&lt;&lt;WGM10);
                                        ^~~~~~
/home/ec2-user/arduino-testlib/cli-datadir/user/libraries/NST1001/src/NST1001.cpp:38:52: error: &#39;COM1B0&#39; was not declared in this scope
   TCCR1A = (0&lt;&lt;COM1A1)|(0&lt;&lt;COM1A0)|(0&lt;&lt;COM1B1)|(0&lt;&lt;COM1B0)|(0&lt;&lt;WGM11)|(0&lt;&lt;WGM10);
                                                    ^~~~~~
/home/ec2-user/arduino-testlib/cli-datadir/user/libraries/NST1001/src/NST1001.cpp:38:64: error: &#39;WGM11&#39; was not declared in this scope
   TCCR1A = (0&lt;&lt;COM1A1)|(0&lt;&lt;COM1A0)|(0&lt;&lt;COM1B1)|(0&lt;&lt;COM1B0)|(0&lt;&lt;WGM11)|(0&lt;&lt;WGM10);
                                                                ^~~~~
/home/ec2-user/arduino-testlib/cli-datadir/user/libraries/NST1001/src/NST1001.cpp:38:75: error: &#39;WGM10&#39; was not declared in this scope
   TCCR1A = (0&lt;&lt;COM1A1)|(0&lt;&lt;COM1A0)|(0&lt;&lt;COM1B1)|(0&lt;&lt;COM1B0)|(0&lt;&lt;WGM11)|(0&lt;&lt;WGM10);
                                                                           ^~~~~
/home/ec2-user/arduino-testlib/cli-datadir/user/libraries/NST1001/src/NST1001.cpp:39:3: error: &#39;TCCR1B&#39; was not declared in this scope
   TCCR1B = (0&lt;&lt;ICNC1)|(0&lt;&lt;ICES1)|(0&lt;&lt;WGM13)|(0&lt;&lt;WGM12)|(1&lt;&lt;CS12)|(1&lt;&lt;CS11)|(0&lt;&lt;CS10);
   ^~~~~~
/home/ec2-user/arduino-testlib/cli-datadir/user/libraries/NST1001/src/NST1001.cpp:39:3: note: suggested alternative: &#39;TCC1&#39;
   TCCR1B = (0&lt;&lt;ICNC1)|(0&lt;&lt;ICES1)|(0&lt;&lt;WGM13)|(0&lt;&lt;WGM12)|(1&lt;&lt;CS12)|(1&lt;&lt;CS11)|(0&lt;&lt;CS10);
   ^~~~~~
   TCC1
/home/ec2-user/arduino-testlib/cli-datadir/user/libraries/NST1001/src/NST1001.cpp:39:16: error: &#39;ICNC1&#39; was not declared in this scope
   TCCR1B = (0&lt;&lt;ICNC1)|(0&lt;&lt;ICES1)|(0&lt;&lt;WGM13)|(0&lt;&lt;WGM12)|(1&lt;&lt;CS12)|(1&lt;&lt;CS11)|(0&lt;&lt;CS10);
                ^~~~~
/home/ec2-user/arduino-testlib/cli-datadir/user/libraries/NST1001/src/NST1001.cpp:39:16: note: suggested alternative: &#39;TCC1&#39;
   TCCR1B = (0&lt;&lt;ICNC1)|(0&lt;&lt;ICES1)|(0&lt;&lt;WGM13)|(0&lt;&lt;WGM12)|(1&lt;&lt;CS12)|(1&lt;&lt;CS11)|(0&lt;&lt;CS10);
                ^~~~~
                TCC1
/home/ec2-user/arduino-testlib/cli-datadir/user/libraries/NST1001/src/NST1001.cpp:39:27: error: &#39;ICES1&#39; was not declared in this scope
   TCCR1B = (0&lt;&lt;ICNC1)|(0&lt;&lt;ICES1)|(0&lt;&lt;WGM13)|(0&lt;&lt;WGM12)|(1&lt;&lt;CS12)|(1&lt;&lt;CS11)|(0&lt;&lt;CS10);
                           ^~~~~
/home/ec2-user/arduino-testlib/cli-datadir/user/libraries/NST1001/src/NST1001.cpp:39:38: error: &#39;WGM13&#39; was not declared in this scope
   TCCR1B = (0&lt;&lt;ICNC1)|(0&lt;&lt;ICES1)|(0&lt;&lt;WGM13)|(0&lt;&lt;WGM12)|(1&lt;&lt;CS12)|(1&lt;&lt;CS11)|(0&lt;&lt;CS10);
                                      ^~~~~
/home/ec2-user/arduino-testlib/cli-datadir/user/libraries/NST1001/src/NST1001.cpp:39:49: error: &#39;WGM12&#39; was not declared in this scope
   TCCR1B = (0&lt;&lt;ICNC1)|(0&lt;&lt;ICES1)|(0&lt;&lt;WGM13)|(0&lt;&lt;WGM12)|(1&lt;&lt;CS12)|(1&lt;&lt;CS11)|(0&lt;&lt;CS10);
                                                 ^~~~~
/home/ec2-user/arduino-testlib/cli-datadir/user/libraries/NST1001/src/NST1001.cpp:39:60: error: &#39;CS12&#39; was not declared in this scope
   TCCR1B = (0&lt;&lt;ICNC1)|(0&lt;&lt;ICES1)|(0&lt;&lt;WGM13)|(0&lt;&lt;WGM12)|(1&lt;&lt;CS12)|(1&lt;&lt;CS11)|(0&lt;&lt;CS10);
                                                            ^~~~
/home/ec2-user/arduino-testlib/cli-datadir/user/libraries/NST1001/src/NST1001.cpp:39:60: note: suggested alternative: &#39;SS1&#39;
   TCCR1B = (0&lt;&lt;ICNC1)|(0&lt;&lt;ICES1)|(0&lt;&lt;WGM13)|(0&lt;&lt;WGM12)|(1&lt;&lt;CS12)|(1&lt;&lt;CS11)|(0&lt;&lt;CS10);
                                                            ^~~~
                                                            SS1
/home/ec2-user/arduino-testlib/cli-datadir/user/libraries/NST1001/src/NST1001.cpp:39:70: error: &#39;CS11&#39; was not declared in this scope
   TCCR1B = (0&lt;&lt;ICNC1)|(0&lt;&lt;ICES1)|(0&lt;&lt;WGM13)|(0&lt;&lt;WGM12)|(1&lt;&lt;CS12)|(1&lt;&lt;CS11)|(0&lt;&lt;CS10);
                                                                      ^~~~
/home/ec2-user/arduino-testlib/cli-datadir/user/libraries/NST1001/src/NST1001.cpp:39:70: note: suggested alternative: &#39;SS1&#39;
   TCCR1B = (0&lt;&lt;ICNC1)|(0&lt;&lt;ICES1)|(0&lt;&lt;WGM13)|(0&lt;&lt;WGM12)|(1&lt;&lt;CS12)|(1&lt;&lt;CS11)|(0&lt;&lt;CS10);
                                                                      ^~~~
                                                                      SS1
/home/ec2-user/arduino-testlib/cli-datadir/user/libraries/NST1001/src/NST1001.cpp:39:80: error: &#39;CS10&#39; was not declared in this scope
   TCCR1B = (0&lt;&lt;ICNC1)|(0&lt;&lt;ICES1)|(0&lt;&lt;WGM13)|(0&lt;&lt;WGM12)|(1&lt;&lt;CS12)|(1&lt;&lt;CS11)|(0&lt;&lt;CS10);
                                                                                ^~~~
/home/ec2-user/arduino-testlib/cli-datadir/user/libraries/NST1001/src/NST1001.cpp:39:80: note: suggested alternative: &#39;SS1&#39;
   TCCR1B = (0&lt;&lt;ICNC1)|(0&lt;&lt;ICES1)|(0&lt;&lt;WGM13)|(0&lt;&lt;WGM12)|(1&lt;&lt;CS12)|(1&lt;&lt;CS11)|(0&lt;&lt;CS10);
                                                                                ^~~~
                                                                                SS1
/home/ec2-user/arduino-testlib/cli-datadir/user/libraries/NST1001/src/NST1001.cpp:40:3: error: &#39;TIMSK1&#39; was not declared in this scope
   TIMSK1 = (0&lt;&lt;ICIE1)|(0&lt;&lt;OCIE1B)|(0&lt;&lt;OCIE1A)|(0&lt;&lt;TOIE1);
   ^~~~~~
/home/ec2-user/arduino-testlib/cli-datadir/user/libraries/NST1001/src/NST1001.cpp:40:3: note: suggested alternative: &#39;MISO1&#39;
   TIMSK1 = (0&lt;&lt;ICIE1)|(0&lt;&lt;OCIE1B)|(0&lt;&lt;OCIE1A)|(0&lt;&lt;TOIE1);
   ^~~~~~
   MISO1
/home/ec2-user/arduino-testlib/cli-datadir/user/libraries/NST1001/src/NST1001.cpp:40:16: error: &#39;ICIE1&#39; was not declared in this scope
   TIMSK1 = (0&lt;&lt;ICIE1)|(0&lt;&lt;OCIE1B)|(0&lt;&lt;OCIE1A)|(0&lt;&lt;TOIE1);
                ^~~~~
/home/ec2-user/arduino-testlib/cli-datadir/user/libraries/NST1001/src/NST1001.cpp:40:27: error: &#39;OCIE1B&#39; was not declared in this scope
   TIMSK1 = (0&lt;&lt;ICIE1)|(0&lt;&lt;OCIE1B)|(0&lt;&lt;OCIE1A)|(0&lt;&lt;TOIE1);
                           ^~~~~~
/home/ec2-user/arduino-testlib/cli-datadir/user/libraries/NST1001/src/NST1001.cpp:40:39: error: &#39;OCIE1A&#39; was not declared in this scope
   TIMSK1 = (0&lt;&lt;ICIE1)|(0&lt;&lt;OCIE1B)|(0&lt;&lt;OCIE1A)|(0&lt;&lt;TOIE1);
                                       ^~~~~~
/home/ec2-user/arduino-testlib/cli-datadir/user/libraries/NST1001/src/NST1001.cpp:40:51: error: &#39;TOIE1&#39; was not declared in this scope
   TIMSK1 = (0&lt;&lt;ICIE1)|(0&lt;&lt;OCIE1B)|(0&lt;&lt;OCIE1A)|(0&lt;&lt;TOIE1);
                                                   ^~~~~
/home/ec2-user/arduino-testlib/cli-datadir/user/libraries/NST1001/src/NST1001.cpp:41:3: error: &#39;TCNT1&#39; was not declared in this scope
   TCNT1 = 0;
   ^~~~~
/home/ec2-user/arduino-testlib/cli-datadir/user/libraries/NST1001/src/NST1001.cpp:41:3: note: suggested alternative: &#39;TCC1&#39;
   TCNT1 = 0;
   ^~~~~
   TCC1
/home/ec2-user/arduino-testlib/cli-datadir/user/libraries/NST1001/src/NST1001.cpp:43:3: error: &#39;sei&#39; was not declared in this scope
   sei();
   ^~~
/home/ec2-user/arduino-testlib/cli-datadir/user/libraries/NST1001/src/NST1001.cpp: In member function &#39;const float NST1001::getTemp(int)&#39;:
/home/ec2-user/arduino-testlib/cli-datadir/user/libraries/NST1001/src/NST1001.cpp:51:3: error: &#39;TCCR1B&#39; was not declared in this scope
   TCCR1B |= (0&lt;&lt;ICNC1)|(0&lt;&lt;ICES1)|(0&lt;&lt;WGM13)|(0&lt;&lt;WGM12)|(1&lt;&lt;CS12)|(1&lt;&lt;CS11)|(0&lt;&lt;CS10); // Enable counter.
   ^~~~~~
/home/ec2-user/arduino-testlib/cli-datadir/user/libraries/NST1001/src/NST1001.cpp:51:3: note: suggested alternative: &#39;TCC1&#39;
   TCCR1B |= (0&lt;&lt;ICNC1)|(0&lt;&lt;ICES1)|(0&lt;&lt;WGM13)|(0&lt;&lt;WGM12)|(1&lt;&lt;CS12)|(1&lt;&lt;CS11)|(0&lt;&lt;CS10); // Enable counter.
   ^~~~~~
   TCC1
/home/ec2-user/arduino-testlib/cli-datadir/user/libraries/NST1001/src/NST1001.cpp:51:17: error: &#39;ICNC1&#39; was not declared in this scope
   TCCR1B |= (0&lt;&lt;ICNC1)|(0&lt;&lt;ICES1)|(0&lt;&lt;WGM13)|(0&lt;&lt;WGM12)|(1&lt;&lt;CS12)|(1&lt;&lt;CS11)|(0&lt;&lt;CS10); // Enable counter.
                 ^~~~~
/home/ec2-user/arduino-testlib/cli-datadir/user/libraries/NST1001/src/NST1001.cpp:51:17: note: suggested alternative: &#39;TCC1&#39;
   TCCR1B |= (0&lt;&lt;ICNC1)|(0&lt;&lt;ICES1)|(0&lt;&lt;WGM13)|(0&lt;&lt;WGM12)|(1&lt;&lt;CS12)|(1&lt;&lt;CS11)|(0&lt;&lt;CS10); // Enable counter.
                 ^~~~~
                 TCC1
/home/ec2-user/arduino-testlib/cli-datadir/user/libraries/NST1001/src/NST1001.cpp:51:28: error: &#39;ICES1&#39; was not declared in this scope
   TCCR1B |= (0&lt;&lt;ICNC1)|(0&lt;&lt;ICES1)|(0&lt;&lt;WGM13)|(0&lt;&lt;WGM12)|(1&lt;&lt;CS12)|(1&lt;&lt;CS11)|(0&lt;&lt;CS10); // Enable counter.
                            ^~~~~
/home/ec2-user/arduino-testlib/cli-datadir/user/libraries/NST1001/src/NST1001.cpp:51:39: error: &#39;WGM13&#39; was not declared in this scope
   TCCR1B |= (0&lt;&lt;ICNC1)|(0&lt;&lt;ICES1)|(0&lt;&lt;WGM13)|(0&lt;&lt;WGM12)|(1&lt;&lt;CS12)|(1&lt;&lt;CS11)|(0&lt;&lt;CS10); // Enable counter.
                                       ^~~~~
/home/ec2-user/arduino-testlib/cli-datadir/user/libraries/NST1001/sr</pre>
					
					<h4>examples/Read_Temperature_MultiCast</h4>
					<p>
						Result: <b>FAIL</b>
					</p>
					<pre class="pre-scrollable">WARNING: library NST1001 claims to run on avr architecture(s) and may be incompatible with your current board which runs on samd architecture(s).
/home/ec2-user/arduino-testlib/cli-datadir/user/libraries/NST1001/src/NST1001.cpp: In member function &#39;const void NST1001::init()&#39;:
/home/ec2-user/arduino-testlib/cli-datadir/user/libraries/NST1001/src/NST1001.cpp:35:3: error: &#39;cli&#39; was not declared in this scope
   cli();
   ^~~
/home/ec2-user/arduino-testlib/cli-datadir/user/libraries/NST1001/src/NST1001.cpp:35:3: note: suggested alternative: &#39;Gclk&#39;
   cli();
   ^~~
   Gclk
/home/ec2-user/arduino-testlib/cli-datadir/user/libraries/NST1001/src/NST1001.cpp:38:3: error: &#39;TCCR1A&#39; was not declared in this scope
   TCCR1A = (0&lt;&lt;COM1A1)|(0&lt;&lt;COM1A0)|(0&lt;&lt;COM1B1)|(0&lt;&lt;COM1B0)|(0&lt;&lt;WGM11)|(0&lt;&lt;WGM10);
   ^~~~~~
/home/ec2-user/arduino-testlib/cli-datadir/user/libraries/NST1001/src/NST1001.cpp:38:3: note: suggested alternative: &#39;TCC1&#39;
   TCCR1A = (0&lt;&lt;COM1A1)|(0&lt;&lt;COM1A0)|(0&lt;&lt;COM1B1)|(0&lt;&lt;COM1B0)|(0&lt;&lt;WGM11)|(0&lt;&lt;WGM10);
   ^~~~~~
   TCC1
/home/ec2-user/arduino-testlib/cli-datadir/user/libraries/NST1001/src/NST1001.cpp:38:16: error: &#39;COM1A1&#39; was not declared in this scope
   TCCR1A = (0&lt;&lt;COM1A1)|(0&lt;&lt;COM1A0)|(0&lt;&lt;COM1B1)|(0&lt;&lt;COM1B0)|(0&lt;&lt;WGM11)|(0&lt;&lt;WGM10);
                ^~~~~~
/home/ec2-user/arduino-testlib/cli-datadir/user/libraries/NST1001/src/NST1001.cpp:38:28: error: &#39;COM1A0&#39; was not declared in this scope
   TCCR1A = (0&lt;&lt;COM1A1)|(0&lt;&lt;COM1A0)|(0&lt;&lt;COM1B1)|(0&lt;&lt;COM1B0)|(0&lt;&lt;WGM11)|(0&lt;&lt;WGM10);
                            ^~~~~~
/home/ec2-user/arduino-testlib/cli-datadir/user/libraries/NST1001/src/NST1001.cpp:38:40: error: &#39;COM1B1&#39; was not declared in this scope
   TCCR1A = (0&lt;&lt;COM1A1)|(0&lt;&lt;COM1A0)|(0&lt;&lt;COM1B1)|(0&lt;&lt;COM1B0)|(0&lt;&lt;WGM11)|(0&lt;&lt;WGM10);
                                        ^~~~~~
/home/ec2-user/arduino-testlib/cli-datadir/user/libraries/NST1001/src/NST1001.cpp:38:52: error: &#39;COM1B0&#39; was not declared in this scope
   TCCR1A = (0&lt;&lt;COM1A1)|(0&lt;&lt;COM1A0)|(0&lt;&lt;COM1B1)|(0&lt;&lt;COM1B0)|(0&lt;&lt;WGM11)|(0&lt;&lt;WGM10);
                                                    ^~~~~~
/home/ec2-user/arduino-testlib/cli-datadir/user/libraries/NST1001/src/NST1001.cpp:38:64: error: &#39;WGM11&#39; was not declared in this scope
   TCCR1A = (0&lt;&lt;COM1A1)|(0&lt;&lt;COM1A0)|(0&lt;&lt;COM1B1)|(0&lt;&lt;COM1B0)|(0&lt;&lt;WGM11)|(0&lt;&lt;WGM10);
                                                                ^~~~~
/home/ec2-user/arduino-testlib/cli-datadir/user/libraries/NST1001/src/NST1001.cpp:38:75: error: &#39;WGM10&#39; was not declared in this scope
   TCCR1A = (0&lt;&lt;COM1A1)|(0&lt;&lt;COM1A0)|(0&lt;&lt;COM1B1)|(0&lt;&lt;COM1B0)|(0&lt;&lt;WGM11)|(0&lt;&lt;WGM10);
                                                                           ^~~~~
/home/ec2-user/arduino-testlib/cli-datadir/user/libraries/NST1001/src/NST1001.cpp:39:3: error: &#39;TCCR1B&#39; was not declared in this scope
   TCCR1B = (0&lt;&lt;ICNC1)|(0&lt;&lt;ICES1)|(0&lt;&lt;WGM13)|(0&lt;&lt;WGM12)|(1&lt;&lt;CS12)|(1&lt;&lt;CS11)|(0&lt;&lt;CS10);
   ^~~~~~
/home/ec2-user/arduino-testlib/cli-datadir/user/libraries/NST1001/src/NST1001.cpp:39:3: note: suggested alternative: &#39;TCC1&#39;
   TCCR1B = (0&lt;&lt;ICNC1)|(0&lt;&lt;ICES1)|(0&lt;&lt;WGM13)|(0&lt;&lt;WGM12)|(1&lt;&lt;CS12)|(1&lt;&lt;CS11)|(0&lt;&lt;CS10);
   ^~~~~~
   TCC1
/home/ec2-user/arduino-testlib/cli-datadir/user/libraries/NST1001/src/NST1001.cpp:39:16: error: &#39;ICNC1&#39; was not declared in this scope
   TCCR1B = (0&lt;&lt;ICNC1)|(0&lt;&lt;ICES1)|(0&lt;&lt;WGM13)|(0&lt;&lt;WGM12)|(1&lt;&lt;CS12)|(1&lt;&lt;CS11)|(0&lt;&lt;CS10);
                ^~~~~
/home/ec2-user/arduino-testlib/cli-datadir/user/libraries/NST1001/src/NST1001.cpp:39:16: note: suggested alternative: &#39;TCC1&#39;
   TCCR1B = (0&lt;&lt;ICNC1)|(0&lt;&lt;ICES1)|(0&lt;&lt;WGM13)|(0&lt;&lt;WGM12)|(1&lt;&lt;CS12)|(1&lt;&lt;CS11)|(0&lt;&lt;CS10);
                ^~~~~
                TCC1
/home/ec2-user/arduino-testlib/cli-datadir/user/libraries/NST1001/src/NST1001.cpp:39:27: error: &#39;ICES1&#39; was not declared in this scope
   TCCR1B = (0&lt;&lt;ICNC1)|(0&lt;&lt;ICES1)|(0&lt;&lt;WGM13)|(0&lt;&lt;WGM12)|(1&lt;&lt;CS12)|(1&lt;&lt;CS11)|(0&lt;&lt;CS10);
                           ^~~~~
/home/ec2-user/arduino-testlib/cli-datadir/user/libraries/NST1001/src/NST1001.cpp:39:38: error: &#39;WGM13&#39; was not declared in this scope
   TCCR1B = (0&lt;&lt;ICNC1)|(0&lt;&lt;ICES1)|(0&lt;&lt;WGM13)|(0&lt;&lt;WGM12)|(1&lt;&lt;CS12)|(1&lt;&lt;CS11)|(0&lt;&lt;CS10);
                                      ^~~~~
/home/ec2-user/arduino-testlib/cli-datadir/user/libraries/NST1001/src/NST1001.cpp:39:49: error: &#39;WGM12&#39; was not declared in this scope
   TCCR1B = (0&lt;&lt;ICNC1)|(0&lt;&lt;ICES1)|(0&lt;&lt;WGM13)|(0&lt;&lt;WGM12)|(1&lt;&lt;CS12)|(1&lt;&lt;CS11)|(0&lt;&lt;CS10);
                                                 ^~~~~
/home/ec2-user/arduino-testlib/cli-datadir/user/libraries/NST1001/src/NST1001.cpp:39:60: error: &#39;CS12&#39; was not declared in this scope
   TCCR1B = (0&lt;&lt;ICNC1)|(0&lt;&lt;ICES1)|(0&lt;&lt;WGM13)|(0&lt;&lt;WGM12)|(1&lt;&lt;CS12)|(1&lt;&lt;CS11)|(0&lt;&lt;CS10);
                                                            ^~~~
/home/ec2-user/arduino-testlib/cli-datadir/user/libraries/NST1001/src/NST1001.cpp:39:60: note: suggested alternative: &#39;SS1&#39;
   TCCR1B = (0&lt;&lt;ICNC1)|(0&lt;&lt;ICES1)|(0&lt;&lt;WGM13)|(0&lt;&lt;WGM12)|(1&lt;&lt;CS12)|(1&lt;&lt;CS11)|(0&lt;&lt;CS10);
                                                            ^~~~
                                                            SS1
/home/ec2-user/arduino-testlib/cli-datadir/user/libraries/NST1001/src/NST1001.cpp:39:70: error: &#39;CS11&#39; was not declared in this scope
   TCCR1B = (0&lt;&lt;ICNC1)|(0&lt;&lt;ICES1)|(0&lt;&lt;WGM13)|(0&lt;&lt;WGM12)|(1&lt;&lt;CS12)|(1&lt;&lt;CS11)|(0&lt;&lt;CS10);
                                                                      ^~~~
/home/ec2-user/arduino-testlib/cli-datadir/user/libraries/NST1001/src/NST1001.cpp:39:70: note: suggested alternative: &#39;SS1&#39;
   TCCR1B = (0&lt;&lt;ICNC1)|(0&lt;&lt;ICES1)|(0&lt;&lt;WGM13)|(0&lt;&lt;WGM12)|(1&lt;&lt;CS12)|(1&lt;&lt;CS11)|(0&lt;&lt;CS10);
                                                                      ^~~~
                                                                      SS1
/home/ec2-user/arduino-testlib/cli-datadir/user/libraries/NST1001/src/NST1001.cpp:39:80: error: &#39;CS10&#39; was not declared in this scope
   TCCR1B = (0&lt;&lt;ICNC1)|(0&lt;&lt;ICES1)|(0&lt;&lt;WGM13)|(0&lt;&lt;WGM12)|(1&lt;&lt;CS12)|(1&lt;&lt;CS11)|(0&lt;&lt;CS10);
                                                                                ^~~~
/home/ec2-user/arduino-testlib/cli-datadir/user/libraries/NST1001/src/NST1001.cpp:39:80: note: suggested alternative: &#39;SS1&#39;
   TCCR1B = (0&lt;&lt;ICNC1)|(0&lt;&lt;ICES1)|(0&lt;&lt;WGM13)|(0&lt;&lt;WGM12)|(1&lt;&lt;CS12)|(1&lt;&lt;CS11)|(0&lt;&lt;CS10);
                                                                                ^~~~
                                                                                SS1
/home/ec2-user/arduino-testlib/cli-datadir/user/libraries/NST1001/src/NST1001.cpp:40:3: error: &#39;TIMSK1&#39; was not declared in this scope
   TIMSK1 = (0&lt;&lt;ICIE1)|(0&lt;&lt;OCIE1B)|(0&lt;&lt;OCIE1A)|(0&lt;&lt;TOIE1);
   ^~~~~~
/home/ec2-user/arduino-testlib/cli-datadir/user/libraries/NST1001/src/NST1001.cpp:40:3: note: suggested alternative: &#39;MISO1&#39;
   TIMSK1 = (0&lt;&lt;ICIE1)|(0&lt;&lt;OCIE1B)|(0&lt;&lt;OCIE1A)|(0&lt;&lt;TOIE1);
   ^~~~~~
   MISO1
/home/ec2-user/arduino-testlib/cli-datadir/user/libraries/NST1001/src/NST1001.cpp:40:16: error: &#39;ICIE1&#39; was not declared in this scope
   TIMSK1 = (0&lt;&lt;ICIE1)|(0&lt;&lt;OCIE1B)|(0&lt;&lt;OCIE1A)|(0&lt;&lt;TOIE1);
                ^~~~~
/home/ec2-user/arduino-testlib/cli-datadir/user/libraries/NST1001/src/NST1001.cpp:40:27: error: &#39;OCIE1B&#39; was not declared in this scope
   TIMSK1 = (0&lt;&lt;ICIE1)|(0&lt;&lt;OCIE1B)|(0&lt;&lt;OCIE1A)|(0&lt;&lt;TOIE1);
                           ^~~~~~
/home/ec2-user/arduino-testlib/cli-datadir/user/libraries/NST1001/src/NST1001.cpp:40:39: error: &#39;OCIE1A&#39; was not declared in this scope
   TIMSK1 = (0&lt;&lt;ICIE1)|(0&lt;&lt;OCIE1B)|(0&lt;&lt;OCIE1A)|(0&lt;&lt;TOIE1);
                                       ^~~~~~
/home/ec2-user/arduino-testlib/cli-datadir/user/libraries/NST1001/src/NST1001.cpp:40:51: error: &#39;TOIE1&#39; was not declared in this scope
   TIMSK1 = (0&lt;&lt;ICIE1)|(0&lt;&lt;OCIE1B)|(0&lt;&lt;OCIE1A)|(0&lt;&lt;TOIE1);
                                                   ^~~~~
/home/ec2-user/arduino-testlib/cli-datadir/user/libraries/NST1001/src/NST1001.cpp:41:3: error: &#39;TCNT1&#39; was not declared in this scope
   TCNT1 = 0;
   ^~~~~
/home/ec2-user/arduino-testlib/cli-datadir/user/libraries/NST1001/src/NST1001.cpp:41:3: note: suggested alternative: &#39;TCC1&#39;
   TCNT1 = 0;
   ^~~~~
   TCC1
/home/ec2-user/arduino-testlib/cli-datadir/user/libraries/NST1001/src/NST1001.cpp:43:3: error: &#39;sei&#39; was not declared in this scope
   sei();
   ^~~
/home/ec2-user/arduino-testlib/cli-datadir/user/libraries/NST1001/src/NST1001.cpp: In member function &#39;const float NST1001::getTemp(int)&#39;:
/home/ec2-user/arduino-testlib/cli-datadir/user/libraries/NST1001/src/NST1001.cpp:51:3: error: &#39;TCCR1B&#39; was not declared in this scope
   TCCR1B |= (0&lt;&lt;ICNC1)|(0&lt;&lt;ICES1)|(0&lt;&lt;WGM13)|(0&lt;&lt;WGM12)|(1&lt;&lt;CS12)|(1&lt;&lt;CS11)|(0&lt;&lt;CS10); // Enable counter.
   ^~~~~~
/home/ec2-user/arduino-testlib/cli-datadir/user/libraries/NST1001/src/NST1001.cpp:51:3: note: suggested alternative: &#39;TCC1&#39;
   TCCR1B |= (0&lt;&lt;ICNC1)|(0&lt;&lt;ICES1)|(0&lt;&lt;WGM13)|(0&lt;&lt;WGM12)|(1&lt;&lt;CS12)|(1&lt;&lt;CS11)|(0&lt;&lt;CS10); // Enable counter.
   ^~~~~~
   TCC1
/home/ec2-user/arduino-testlib/cli-datadir/user/libraries/NST1001/src/NST1001.cpp:51:17: error: &#39;ICNC1&#39; was not declared in this scope
   TCCR1B |= (0&lt;&lt;ICNC1)|(0&lt;&lt;ICES1)|(0&lt;&lt;WGM13)|(0&lt;&lt;WGM12)|(1&lt;&lt;CS12)|(1&lt;&lt;CS11)|(0&lt;&lt;CS10); // Enable counter.
                 ^~~~~
/home/ec2-user/arduino-testlib/cli-datadir/user/libraries/NST1001/src/NST1001.cpp:51:17: note: suggested alternative: &#39;TCC1&#39;
   TCCR1B |= (0&lt;&lt;ICNC1)|(0&lt;&lt;ICES1)|(0&lt;&lt;WGM13)|(0&lt;&lt;WGM12)|(1&lt;&lt;CS12)|(1&lt;&lt;CS11)|(0&lt;&lt;CS10); // Enable counter.
                 ^~~~~
                 TCC1
/home/ec2-user/arduino-testlib/cli-datadir/user/libraries/NST1001/src/NST1001.cpp:51:28: error: &#39;ICES1&#39; was not declared in this scope
   TCCR1B |= (0&lt;&lt;ICNC1)|(0&lt;&lt;ICES1)|(0&lt;&lt;WGM13)|(0&lt;&lt;WGM12)|(1&lt;&lt;CS12)|(1&lt;&lt;CS11)|(0&lt;&lt;CS10); // Enable counter.
                            ^~~~~
/home/ec2-user/arduino-testlib/cli-datadir/user/libraries/NST1001/src/NST1001.cpp:51:39: error: &#39;WGM13&#39; was not declared in this scope
   TCCR1B |= (0&lt;&lt;ICNC1)|(0&lt;&lt;ICES1)|(0&lt;&lt;WGM13)|(0&lt;&lt;WGM12)|(1&lt;&lt;CS12)|(1&lt;&lt;CS11)|(0&lt;&lt;CS10); // Enable counter.
                                       ^~~~~
/home/ec2-user/arduino-testlib/cli-datadir/user/libraries/NST1001/sr</pre>
					
				
				<h3 id="esp32:esp32:d1_mini32">esp32:esp32:d1_mini32 @ 1.0.6</h3>
				<h4>Inclusion</h4>
				<p>
					Result: <b>FAIL</b>
					
				</p>
				<pre class="pre-scrollable">WARNING: library NST1001 claims to run on avr architecture(s) and may be incompatible with your current board which runs on esp32 architecture(s).
/home/ec2-user/arduino-testlib/cli-datadir/user/libraries/NST1001/src/NST1001.cpp: In member function &#39;const void NST1001::init()&#39;:
/home/ec2-user/arduino-testlib/cli-datadir/user/libraries/NST1001/src/NST1001.cpp:38:3: error: &#39;TCCR1A&#39; was not declared in this scope
   TCCR1A = (0&lt;&lt;COM1A1)|(0&lt;&lt;COM1A0)|(0&lt;&lt;COM1B1)|(0&lt;&lt;COM1B0)|(0&lt;&lt;WGM11)|(0&lt;&lt;WGM10);
   ^
/home/ec2-user/arduino-testlib/cli-datadir/user/libraries/NST1001/src/NST1001.cpp:38:16: error: &#39;COM1A1&#39; was not declared in this scope
   TCCR1A = (0&lt;&lt;COM1A1)|(0&lt;&lt;COM1A0)|(0&lt;&lt;COM1B1)|(0&lt;&lt;COM1B0)|(0&lt;&lt;WGM11)|(0&lt;&lt;WGM10);
                ^
/home/ec2-user/arduino-testlib/cli-datadir/user/libraries/NST1001/src/NST1001.cpp:38:28: error: &#39;COM1A0&#39; was not declared in this scope
   TCCR1A = (0&lt;&lt;COM1A1)|(0&lt;&lt;COM1A0)|(0&lt;&lt;COM1B1)|(0&lt;&lt;COM1B0)|(0&lt;&lt;WGM11)|(0&lt;&lt;WGM10);
                            ^
/home/ec2-user/arduino-testlib/cli-datadir/user/libraries/NST1001/src/NST1001.cpp:38:40: error: &#39;COM1B1&#39; was not declared in this scope
   TCCR1A = (0&lt;&lt;COM1A1)|(0&lt;&lt;COM1A0)|(0&lt;&lt;COM1B1)|(0&lt;&lt;COM1B0)|(0&lt;&lt;WGM11)|(0&lt;&lt;WGM10);
                                        ^
/home/ec2-user/arduino-testlib/cli-datadir/user/libraries/NST1001/src/NST1001.cpp:38:52: error: &#39;COM1B0&#39; was not declared in this scope
   TCCR1A = (0&lt;&lt;COM1A1)|(0&lt;&lt;COM1A0)|(0&lt;&lt;COM1B1)|(0&lt;&lt;COM1B0)|(0&lt;&lt;WGM11)|(0&lt;&lt;WGM10);
                                                    ^
/home/ec2-user/arduino-testlib/cli-datadir/user/libraries/NST1001/src/NST1001.cpp:38:64: error: &#39;WGM11&#39; was not declared in this scope
   TCCR1A = (0&lt;&lt;COM1A1)|(0&lt;&lt;COM1A0)|(0&lt;&lt;COM1B1)|(0&lt;&lt;COM1B0)|(0&lt;&lt;WGM11)|(0&lt;&lt;WGM10);
                                                                ^
/home/ec2-user/arduino-testlib/cli-datadir/user/libraries/NST1001/src/NST1001.cpp:38:75: error: &#39;WGM10&#39; was not declared in this scope
   TCCR1A = (0&lt;&lt;COM1A1)|(0&lt;&lt;COM1A0)|(0&lt;&lt;COM1B1)|(0&lt;&lt;COM1B0)|(0&lt;&lt;WGM11)|(0&lt;&lt;WGM10);
                                                                           ^
/home/ec2-user/arduino-testlib/cli-datadir/user/libraries/NST1001/src/NST1001.cpp:39:3: error: &#39;TCCR1B&#39; was not declared in this scope
   TCCR1B = (0&lt;&lt;ICNC1)|(0&lt;&lt;ICES1)|(0&lt;&lt;WGM13)|(0&lt;&lt;WGM12)|(1&lt;&lt;CS12)|(1&lt;&lt;CS11)|(0&lt;&lt;CS10); 
   ^
/home/ec2-user/arduino-testlib/cli-datadir/user/libraries/NST1001/src/NST1001.cpp:39:16: error: &#39;ICNC1&#39; was not declared in this scope
   TCCR1B = (0&lt;&lt;ICNC1)|(0&lt;&lt;ICES1)|(0&lt;&lt;WGM13)|(0&lt;&lt;WGM12)|(1&lt;&lt;CS12)|(1&lt;&lt;CS11)|(0&lt;&lt;CS10); 
                ^
/home/ec2-user/arduino-testlib/cli-datadir/user/libraries/NST1001/src/NST1001.cpp:39:27: error: &#39;ICES1&#39; was not declared in this scope
   TCCR1B = (0&lt;&lt;ICNC1)|(0&lt;&lt;ICES1)|(0&lt;&lt;WGM13)|(0&lt;&lt;WGM12)|(1&lt;&lt;CS12)|(1&lt;&lt;CS11)|(0&lt;&lt;CS10); 
                           ^
/home/ec2-user/arduino-testlib/cli-datadir/user/libraries/NST1001/src/NST1001.cpp:39:38: error: &#39;WGM13&#39; was not declared in this scope
   TCCR1B = (0&lt;&lt;ICNC1)|(0&lt;&lt;ICES1)|(0&lt;&lt;WGM13)|(0&lt;&lt;WGM12)|(1&lt;&lt;CS12)|(1&lt;&lt;CS11)|(0&lt;&lt;CS10); 
                                      ^
/home/ec2-user/arduino-testlib/cli-datadir/user/libraries/NST1001/src/NST1001.cpp:39:49: error: &#39;WGM12&#39; was not declared in this scope
   TCCR1B = (0&lt;&lt;ICNC1)|(0&lt;&lt;ICES1)|(0&lt;&lt;WGM13)|(0&lt;&lt;WGM12)|(1&lt;&lt;CS12)|(1&lt;&lt;CS11)|(0&lt;&lt;CS10); 
                                                 ^
/home/ec2-user/arduino-testlib/cli-datadir/user/libraries/NST1001/src/NST1001.cpp:39:60: error: &#39;CS12&#39; was not declared in this scope
   TCCR1B = (0&lt;&lt;ICNC1)|(0&lt;&lt;ICES1)|(0&lt;&lt;WGM13)|(0&lt;&lt;WGM12)|(1&lt;&lt;CS12)|(1&lt;&lt;CS11)|(0&lt;&lt;CS10); 
                                                            ^
/home/ec2-user/arduino-testlib/cli-datadir/user/libraries/NST1001/src/NST1001.cpp:39:70: error: &#39;CS11&#39; was not declared in this scope
   TCCR1B = (0&lt;&lt;ICNC1)|(0&lt;&lt;ICES1)|(0&lt;&lt;WGM13)|(0&lt;&lt;WGM12)|(1&lt;&lt;CS12)|(1&lt;&lt;CS11)|(0&lt;&lt;CS10); 
                                                                      ^
/home/ec2-user/arduino-testlib/cli-datadir/user/libraries/NST1001/src/NST1001.cpp:39:80: error: &#39;CS10&#39; was not declared in this scope
   TCCR1B = (0&lt;&lt;ICNC1)|(0&lt;&lt;ICES1)|(0&lt;&lt;WGM13)|(0&lt;&lt;WGM12)|(1&lt;&lt;CS12)|(1&lt;&lt;CS11)|(0&lt;&lt;CS10); 
                                                                                ^
/home/ec2-user/arduino-testlib/cli-datadir/user/libraries/NST1001/src/NST1001.cpp:40:3: error: &#39;TIMSK1&#39; was not declared in this scope
   TIMSK1 = (0&lt;&lt;ICIE1)|(0&lt;&lt;OCIE1B)|(0&lt;&lt;OCIE1A)|(0&lt;&lt;TOIE1);
   ^
/home/ec2-user/arduino-testlib/cli-datadir/user/libraries/NST1001/src/NST1001.cpp:40:16: error: &#39;ICIE1&#39; was not declared in this scope
   TIMSK1 = (0&lt;&lt;ICIE1)|(0&lt;&lt;OCIE1B)|(0&lt;&lt;OCIE1A)|(0&lt;&lt;TOIE1);
                ^
/home/ec2-user/arduino-testlib/cli-datadir/user/libraries/NST1001/src/NST1001.cpp:40:27: error: &#39;OCIE1B&#39; was not declared in this scope
   TIMSK1 = (0&lt;&lt;ICIE1)|(0&lt;&lt;OCIE1B)|(0&lt;&lt;OCIE1A)|(0&lt;&lt;TOIE1);
                           ^
/home/ec2-user/arduino-testlib/cli-datadir/user/libraries/NST1001/src/NST1001.cpp:40:39: error: &#39;OCIE1A&#39; was not declared in this scope
   TIMSK1 = (0&lt;&lt;ICIE1)|(0&lt;&lt;OCIE1B)|(0&lt;&lt;OCIE1A)|(0&lt;&lt;TOIE1);
                                       ^
/home/ec2-user/arduino-testlib/cli-datadir/user/libraries/NST1001/src/NST1001.cpp:40:51: error: &#39;TOIE1&#39; was not declared in this scope
   TIMSK1 = (0&lt;&lt;ICIE1)|(0&lt;&lt;OCIE1B)|(0&lt;&lt;OCIE1A)|(0&lt;&lt;TOIE1);
                                                   ^
/home/ec2-user/arduino-testlib/cli-datadir/user/libraries/NST1001/src/NST1001.cpp:41:3: error: &#39;TCNT1&#39; was not declared in this scope
   TCNT1 = 0;
   ^
/home/ec2-user/arduino-testlib/cli-datadir/user/libraries/NST1001/src/NST1001.cpp: In member function &#39;const float NST1001::getTemp(int)&#39;:
/home/ec2-user/arduino-testlib/cli-datadir/user/libraries/NST1001/src/NST1001.cpp:51:3: error: &#39;TCCR1B&#39; was not declared in this scope
   TCCR1B |= (0&lt;&lt;ICNC1)|(0&lt;&lt;ICES1)|(0&lt;&lt;WGM13)|(0&lt;&lt;WGM12)|(1&lt;&lt;CS12)|(1&lt;&lt;CS11)|(0&lt;&lt;CS10); // Enable counter.
   ^
/home/ec2-user/arduino-testlib/cli-datadir/user/libraries/NST1001/src/NST1001.cpp:51:17: error: &#39;ICNC1&#39; was not declared in this scope
   TCCR1B |= (0&lt;&lt;ICNC1)|(0&lt;&lt;ICES1)|(0&lt;&lt;WGM13)|(0&lt;&lt;WGM12)|(1&lt;&lt;CS12)|(1&lt;&lt;CS11)|(0&lt;&lt;CS10); // Enable counter.
                 ^
/home/ec2-user/arduino-testlib/cli-datadir/user/libraries/NST1001/src/NST1001.cpp:51:28: error: &#39;ICES1&#39; was not declared in this scope
   TCCR1B |= (0&lt;&lt;ICNC1)|(0&lt;&lt;ICES1)|(0&lt;&lt;WGM13)|(0&lt;&lt;WGM12)|(1&lt;&lt;CS12)|(1&lt;&lt;CS11)|(0&lt;&lt;CS10); // Enable counter.
                            ^
/home/ec2-user/arduino-testlib/cli-datadir/user/libraries/NST1001/src/NST1001.cpp:51:39: error: &#39;WGM13&#39; was not declared in this scope
   TCCR1B |= (0&lt;&lt;ICNC1)|(0&lt;&lt;ICES1)|(0&lt;&lt;WGM13)|(0&lt;&lt;WGM12)|(1&lt;&lt;CS12)|(1&lt;&lt;CS11)|(0&lt;&lt;CS10); // Enable counter.
                                       ^
/home/ec2-user/arduino-testlib/cli-datadir/user/libraries/NST1001/src/NST1001.cpp:51:50: error: &#39;WGM12&#39; was not declared in this scope
   TCCR1B |= (0&lt;&lt;ICNC1)|(0&lt;&lt;ICES1)|(0&lt;&lt;WGM13)|(0&lt;&lt;WGM12)|(1&lt;&lt;CS12)|(1&lt;&lt;CS11)|(0&lt;&lt;CS10); // Enable counter.
                                                  ^
/home/ec2-user/arduino-testlib/cli-datadir/user/libraries/NST1001/src/NST1001.cpp:51:61: error: &#39;CS12&#39; was not declared in this scope
   TCCR1B |= (0&lt;&lt;ICNC1)|(0&lt;&lt;ICES1)|(0&lt;&lt;WGM13)|(0&lt;&lt;WGM12)|(1&lt;&lt;CS12)|(1&lt;&lt;CS11)|(0&lt;&lt;CS10); // Enable counter.
                                                             ^
/home/ec2-user/arduino-testlib/cli-datadir/user/libraries/NST1001/src/NST1001.cpp:51:71: error: &#39;CS11&#39; was not declared in this scope
   TCCR1B |= (0&lt;&lt;ICNC1)|(0&lt;&lt;ICES1)|(0&lt;&lt;WGM13)|(0&lt;&lt;WGM12)|(1&lt;&lt;CS12)|(1&lt;&lt;CS11)|(0&lt;&lt;CS10); // Enable counter.
                                                                       ^
/home/ec2-user/arduino-testlib/cli-datadir/user/libraries/NST1001/src/NST1001.cpp:51:81: error: &#39;CS10&#39; was not declared in this scope
   TCCR1B |= (0&lt;&lt;ICNC1)|(0&lt;&lt;ICES1)|(0&lt;&lt;WGM13)|(0&lt;&lt;WGM12)|(1&lt;&lt;CS12)|(1&lt;&lt;CS11)|(0&lt;&lt;CS10); // Enable counter.
                                                                                 ^
/home/ec2-user/arduino-testlib/cli-datadir/user/libraries/NST1001/src/NST1001.cpp:55:16: error: &#39;_delay_ms&#39; was not declared in this scope
     _delay_ms(5);                                           // Requires some initial delay to settle. Need to look into this.
                ^
/home/ec2-user/arduino-testlib/cli-datadir/user/libraries/NST1001/src/NST1001.cpp:68:3: error: &#39;TCNT1&#39; was not declared in this scope
   TCNT1 = 0;                                                // Reset counter value.
   ^
/home/ec2-user/arduino-testlib/cli-datadir/user/libraries/NST1001/src/NST1001.cpp:77:18: error: &#39;_delay_ms&#39; was not declared in this scope
       _delay_ms(1);
                  ^
/home/ec2-user/arduino-testlib/cli-datadir/user/libraries/NST1001/src/NST1001.cpp:85:19: error: &#39;_delay_us&#39; was not declared in this scope
       _delay_us(11);
                   ^
/home/ec2-user/arduino-testlib/cli-datadir/user/libraries/NST1001/src/NST1001.cpp:100:18: error: &#39;_delay_ms&#39; was not declared in this scope
       _delay_ms(1);
                  ^
/home/ec2-user/arduino-testlib/cli-datadir/user/libraries/NST1001/src/NST1001.cpp:107:17: error: &#39;_delay_us&#39; was not declared in this scope
     _delay_us(11);  
                 ^

</pre>

					
					<h4>examples/Read_Temperature</h4>
					<p>
						Result: <b>FAIL</b>
					</p>
					<pre class="pre-scrollable">WARNING: library NST1001 claims to run on avr architecture(s) and may be incompatible with your current board which runs on esp32 architecture(s).
/home/ec2-user/arduino-testlib/cli-datadir/user/libraries/NST1001/src/NST1001.cpp: In member function &#39;const void NST1001::init()&#39;:
/home/ec2-user/arduino-testlib/cli-datadir/user/libraries/NST1001/src/NST1001.cpp:38:3: error: &#39;TCCR1A&#39; was not declared in this scope
   TCCR1A = (0&lt;&lt;COM1A1)|(0&lt;&lt;COM1A0)|(0&lt;&lt;COM1B1)|(0&lt;&lt;COM1B0)|(0&lt;&lt;WGM11)|(0&lt;&lt;WGM10);
   ^
/home/ec2-user/arduino-testlib/cli-datadir/user/libraries/NST1001/src/NST1001.cpp:38:16: error: &#39;COM1A1&#39; was not declared in this scope
   TCCR1A = (0&lt;&lt;COM1A1)|(0&lt;&lt;COM1A0)|(0&lt;&lt;COM1B1)|(0&lt;&lt;COM1B0)|(0&lt;&lt;WGM11)|(0&lt;&lt;WGM10);
                ^
/home/ec2-user/arduino-testlib/cli-datadir/user/libraries/NST1001/src/NST1001.cpp:38:28: error: &#39;COM1A0&#39; was not declared in this scope
   TCCR1A = (0&lt;&lt;COM1A1)|(0&lt;&lt;COM1A0)|(0&lt;&lt;COM1B1)|(0&lt;&lt;COM1B0)|(0&lt;&lt;WGM11)|(0&lt;&lt;WGM10);
                            ^
/home/ec2-user/arduino-testlib/cli-datadir/user/libraries/NST1001/src/NST1001.cpp:38:40: error: &#39;COM1B1&#39; was not declared in this scope
   TCCR1A = (0&lt;&lt;COM1A1)|(0&lt;&lt;COM1A0)|(0&lt;&lt;COM1B1)|(0&lt;&lt;COM1B0)|(0&lt;&lt;WGM11)|(0&lt;&lt;WGM10);
                                        ^
/home/ec2-user/arduino-testlib/cli-datadir/user/libraries/NST1001/src/NST1001.cpp:38:52: error: &#39;COM1B0&#39; was not declared in this scope
   TCCR1A = (0&lt;&lt;COM1A1)|(0&lt;&lt;COM1A0)|(0&lt;&lt;COM1B1)|(0&lt;&lt;COM1B0)|(0&lt;&lt;WGM11)|(0&lt;&lt;WGM10);
                                                    ^
/home/ec2-user/arduino-testlib/cli-datadir/user/libraries/NST1001/src/NST1001.cpp:38:64: error: &#39;WGM11&#39; was not declared in this scope
   TCCR1A = (0&lt;&lt;COM1A1)|(0&lt;&lt;COM1A0)|(0&lt;&lt;COM1B1)|(0&lt;&lt;COM1B0)|(0&lt;&lt;WGM11)|(0&lt;&lt;WGM10);
                                                                ^
/home/ec2-user/arduino-testlib/cli-datadir/user/libraries/NST1001/src/NST1001.cpp:38:75: error: &#39;WGM10&#39; was not declared in this scope
   TCCR1A = (0&lt;&lt;COM1A1)|(0&lt;&lt;COM1A0)|(0&lt;&lt;COM1B1)|(0&lt;&lt;COM1B0)|(0&lt;&lt;WGM11)|(0&lt;&lt;WGM10);
                                                                           ^
/home/ec2-user/arduino-testlib/cli-datadir/user/libraries/NST1001/src/NST1001.cpp:39:3: error: &#39;TCCR1B&#39; was not declared in this scope
   TCCR1B = (0&lt;&lt;ICNC1)|(0&lt;&lt;ICES1)|(0&lt;&lt;WGM13)|(0&lt;&lt;WGM12)|(1&lt;&lt;CS12)|(1&lt;&lt;CS11)|(0&lt;&lt;CS10); 
   ^
/home/ec2-user/arduino-testlib/cli-datadir/user/libraries/NST1001/src/NST1001.cpp:39:16: error: &#39;ICNC1&#39; was not declared in this scope
   TCCR1B = (0&lt;&lt;ICNC1)|(0&lt;&lt;ICES1)|(0&lt;&lt;WGM13)|(0&lt;&lt;WGM12)|(1&lt;&lt;CS12)|(1&lt;&lt;CS11)|(0&lt;&lt;CS10); 
                ^
/home/ec2-user/arduino-testlib/cli-datadir/user/libraries/NST1001/src/NST1001.cpp:39:27: error: &#39;ICES1&#39; was not declared in this scope
   TCCR1B = (0&lt;&lt;ICNC1)|(0&lt;&lt;ICES1)|(0&lt;&lt;WGM13)|(0&lt;&lt;WGM12)|(1&lt;&lt;CS12)|(1&lt;&lt;CS11)|(0&lt;&lt;CS10); 
                           ^
/home/ec2-user/arduino-testlib/cli-datadir/user/libraries/NST1001/src/NST1001.cpp:39:38: error: &#39;WGM13&#39; was not declared in this scope
   TCCR1B = (0&lt;&lt;ICNC1)|(0&lt;&lt;ICES1)|(0&lt;&lt;WGM13)|(0&lt;&lt;WGM12)|(1&lt;&lt;CS12)|(1&lt;&lt;CS11)|(0&lt;&lt;CS10); 
                                      ^
/home/ec2-user/arduino-testlib/cli-datadir/user/libraries/NST1001/src/NST1001.cpp:39:49: error: &#39;WGM12&#39; was not declared in this scope
   TCCR1B = (0&lt;&lt;ICNC1)|(0&lt;&lt;ICES1)|(0&lt;&lt;WGM13)|(0&lt;&lt;WGM12)|(1&lt;&lt;CS12)|(1&lt;&lt;CS11)|(0&lt;&lt;CS10); 
                                                 ^
/home/ec2-user/arduino-testlib/cli-datadir/user/libraries/NST1001/src/NST1001.cpp:39:60: error: &#39;CS12&#39; was not declared in this scope
   TCCR1B = (0&lt;&lt;ICNC1)|(0&lt;&lt;ICES1)|(0&lt;&lt;WGM13)|(0&lt;&lt;WGM12)|(1&lt;&lt;CS12)|(1&lt;&lt;CS11)|(0&lt;&lt;CS10); 
                                                            ^
/home/ec2-user/arduino-testlib/cli-datadir/user/libraries/NST1001/src/NST1001.cpp:39:70: error: &#39;CS11&#39; was not declared in this scope
   TCCR1B = (0&lt;&lt;ICNC1)|(0&lt;&lt;ICES1)|(0&lt;&lt;WGM13)|(0&lt;&lt;WGM12)|(1&lt;&lt;CS12)|(1&lt;&lt;CS11)|(0&lt;&lt;CS10); 
                                                                      ^
/home/ec2-user/arduino-testlib/cli-datadir/user/libraries/NST1001/src/NST1001.cpp:39:80: error: &#39;CS10&#39; was not declared in this scope
   TCCR1B = (0&lt;&lt;ICNC1)|(0&lt;&lt;ICES1)|(0&lt;&lt;WGM13)|(0&lt;&lt;WGM12)|(1&lt;&lt;CS12)|(1&lt;&lt;CS11)|(0&lt;&lt;CS10); 
                                                                                ^
/home/ec2-user/arduino-testlib/cli-datadir/user/libraries/NST1001/src/NST1001.cpp:40:3: error: &#39;TIMSK1&#39; was not declared in this scope
   TIMSK1 = (0&lt;&lt;ICIE1)|(0&lt;&lt;OCIE1B)|(0&lt;&lt;OCIE1A)|(0&lt;&lt;TOIE1);
   ^
/home/ec2-user/arduino-testlib/cli-datadir/user/libraries/NST1001/src/NST1001.cpp:40:16: error: &#39;ICIE1&#39; was not declared in this scope
   TIMSK1 = (0&lt;&lt;ICIE1)|(0&lt;&lt;OCIE1B)|(0&lt;&lt;OCIE1A)|(0&lt;&lt;TOIE1);
                ^
/home/ec2-user/arduino-testlib/cli-datadir/user/libraries/NST1001/src/NST1001.cpp:40:27: error: &#39;OCIE1B&#39; was not declared in this scope
   TIMSK1 = (0&lt;&lt;ICIE1)|(0&lt;&lt;OCIE1B)|(0&lt;&lt;OCIE1A)|(0&lt;&lt;TOIE1);
                           ^
/home/ec2-user/arduino-testlib/cli-datadir/user/libraries/NST1001/src/NST1001.cpp:40:39: error: &#39;OCIE1A&#39; was not declared in this scope
   TIMSK1 = (0&lt;&lt;ICIE1)|(0&lt;&lt;OCIE1B)|(0&lt;&lt;OCIE1A)|(0&lt;&lt;TOIE1);
                                       ^
/home/ec2-user/arduino-testlib/cli-datadir/user/libraries/NST1001/src/NST1001.cpp:40:51: error: &#39;TOIE1&#39; was not declared in this scope
   TIMSK1 = (0&lt;&lt;ICIE1)|(0&lt;&lt;OCIE1B)|(0&lt;&lt;OCIE1A)|(0&lt;&lt;TOIE1);
                                                   ^
/home/ec2-user/arduino-testlib/cli-datadir/user/libraries/NST1001/src/NST1001.cpp:41:3: error: &#39;TCNT1&#39; was not declared in this scope
   TCNT1 = 0;
   ^
/home/ec2-user/arduino-testlib/cli-datadir/user/libraries/NST1001/src/NST1001.cpp: In member function &#39;const float NST1001::getTemp(int)&#39;:
/home/ec2-user/arduino-testlib/cli-datadir/user/libraries/NST1001/src/NST1001.cpp:51:3: error: &#39;TCCR1B&#39; was not declared in this scope
   TCCR1B |= (0&lt;&lt;ICNC1)|(0&lt;&lt;ICES1)|(0&lt;&lt;WGM13)|(0&lt;&lt;WGM12)|(1&lt;&lt;CS12)|(1&lt;&lt;CS11)|(0&lt;&lt;CS10); // Enable counter.
   ^
/home/ec2-user/arduino-testlib/cli-datadir/user/libraries/NST1001/src/NST1001.cpp:51:17: error: &#39;ICNC1&#39; was not declared in this scope
   TCCR1B |= (0&lt;&lt;ICNC1)|(0&lt;&lt;ICES1)|(0&lt;&lt;WGM13)|(0&lt;&lt;WGM12)|(1&lt;&lt;CS12)|(1&lt;&lt;CS11)|(0&lt;&lt;CS10); // Enable counter.
                 ^
/home/ec2-user/arduino-testlib/cli-datadir/user/libraries/NST1001/src/NST1001.cpp:51:28: error: &#39;ICES1&#39; was not declared in this scope
   TCCR1B |= (0&lt;&lt;ICNC1)|(0&lt;&lt;ICES1)|(0&lt;&lt;WGM13)|(0&lt;&lt;WGM12)|(1&lt;&lt;CS12)|(1&lt;&lt;CS11)|(0&lt;&lt;CS10); // Enable counter.
                            ^
/home/ec2-user/arduino-testlib/cli-datadir/user/libraries/NST1001/src/NST1001.cpp:51:39: error: &#39;WGM13&#39; was not declared in this scope
   TCCR1B |= (0&lt;&lt;ICNC1)|(0&lt;&lt;ICES1)|(0&lt;&lt;WGM13)|(0&lt;&lt;WGM12)|(1&lt;&lt;CS12)|(1&lt;&lt;CS11)|(0&lt;&lt;CS10); // Enable counter.
                                       ^
/home/ec2-user/arduino-testlib/cli-datadir/user/libraries/NST1001/src/NST1001.cpp:51:50: error: &#39;WGM12&#39; was not declared in this scope
   TCCR1B |= (0&lt;&lt;ICNC1)|(0&lt;&lt;ICES1)|(0&lt;&lt;WGM13)|(0&lt;&lt;WGM12)|(1&lt;&lt;CS12)|(1&lt;&lt;CS11)|(0&lt;&lt;CS10); // Enable counter.
                                                  ^
/home/ec2-user/arduino-testlib/cli-datadir/user/libraries/NST1001/src/NST1001.cpp:51:61: error: &#39;CS12&#39; was not declared in this scope
   TCCR1B |= (0&lt;&lt;ICNC1)|(0&lt;&lt;ICES1)|(0&lt;&lt;WGM13)|(0&lt;&lt;WGM12)|(1&lt;&lt;CS12)|(1&lt;&lt;CS11)|(0&lt;&lt;CS10); // Enable counter.
                                                             ^
/home/ec2-user/arduino-testlib/cli-datadir/user/libraries/NST1001/src/NST1001.cpp:51:71: error: &#39;CS11&#39; was not declared in this scope
   TCCR1B |= (0&lt;&lt;ICNC1)|(0&lt;&lt;ICES1)|(0&lt;&lt;WGM13)|(0&lt;&lt;WGM12)|(1&lt;&lt;CS12)|(1&lt;&lt;CS11)|(0&lt;&lt;CS10); // Enable counter.
                                                                       ^
/home/ec2-user/arduino-testlib/cli-datadir/user/libraries/NST1001/src/NST1001.cpp:51:81: error: &#39;CS10&#39; was not declared in this scope
   TCCR1B |= (0&lt;&lt;ICNC1)|(0&lt;&lt;ICES1)|(0&lt;&lt;WGM13)|(0&lt;&lt;WGM12)|(1&lt;&lt;CS12)|(1&lt;&lt;CS11)|(0&lt;&lt;CS10); // Enable counter.
                                                                                 ^
/home/ec2-user/arduino-testlib/cli-datadir/user/libraries/NST1001/src/NST1001.cpp:55:16: error: &#39;_delay_ms&#39; was not declared in this scope
     _delay_ms(5);                                           // Requires some initial delay to settle. Need to look into this.
                ^
/home/ec2-user/arduino-testlib/cli-datadir/user/libraries/NST1001/src/NST1001.cpp:68:3: error: &#39;TCNT1&#39; was not declared in this scope
   TCNT1 = 0;                                                // Reset counter value.
   ^
/home/ec2-user/arduino-testlib/cli-datadir/user/libraries/NST1001/src/NST1001.cpp:77:18: error: &#39;_delay_ms&#39; was not declared in this scope
       _delay_ms(1);
                  ^
/home/ec2-user/arduino-testlib/cli-datadir/user/libraries/NST1001/src/NST1001.cpp:85:19: error: &#39;_delay_us&#39; was not declared in this scope
       _delay_us(11);
                   ^
/home/ec2-user/arduino-testlib/cli-datadir/user/libraries/NST1001/src/NST1001.cpp:100:18: error: &#39;_delay_ms&#39; was not declared in this scope
       _delay_ms(1);
                  ^
/home/ec2-user/arduino-testlib/cli-datadir/user/libraries/NST1001/src/NST1001.cpp:107:17: error: &#39;_delay_us&#39; was not declared in this scope
     _delay_us(11);  
                 ^

</pre>
					
					<h4>examples/Read_Temperature_Free-running</h4>
					<p>
						Result: <b>FAIL</b>
					</p>
					<pre class="pre-scrollable">WARNING: library NST1001 claims to run on avr architecture(s) and may be incompatible with your current board which runs on esp32 architecture(s).
/home/ec2-user/arduino-testlib/cli-datadir/user/libraries/NST1001/src/NST1001.cpp: In member function &#39;const void NST1001::init()&#39;:
/home/ec2-user/arduino-testlib/cli-datadir/user/libraries/NST1001/src/NST1001.cpp:38:3: error: &#39;TCCR1A&#39; was not declared in this scope
   TCCR1A = (0&lt;&lt;COM1A1)|(0&lt;&lt;COM1A0)|(0&lt;&lt;COM1B1)|(0&lt;&lt;COM1B0)|(0&lt;&lt;WGM11)|(0&lt;&lt;WGM10);
   ^
/home/ec2-user/arduino-testlib/cli-datadir/user/libraries/NST1001/src/NST1001.cpp:38:16: error: &#39;COM1A1&#39; was not declared in this scope
   TCCR1A = (0&lt;&lt;COM1A1)|(0&lt;&lt;COM1A0)|(0&lt;&lt;COM1B1)|(0&lt;&lt;COM1B0)|(0&lt;&lt;WGM11)|(0&lt;&lt;WGM10);
                ^
/home/ec2-user/arduino-testlib/cli-datadir/user/libraries/NST1001/src/NST1001.cpp:38:28: error: &#39;COM1A0&#39; was not declared in this scope
   TCCR1A = (0&lt;&lt;COM1A1)|(0&lt;&lt;COM1A0)|(0&lt;&lt;COM1B1)|(0&lt;&lt;COM1B0)|(0&lt;&lt;WGM11)|(0&lt;&lt;WGM10);
                            ^
/home/ec2-user/arduino-testlib/cli-datadir/user/libraries/NST1001/src/NST1001.cpp:38:40: error: &#39;COM1B1&#39; was not declared in this scope
   TCCR1A = (0&lt;&lt;COM1A1)|(0&lt;&lt;COM1A0)|(0&lt;&lt;COM1B1)|(0&lt;&lt;COM1B0)|(0&lt;&lt;WGM11)|(0&lt;&lt;WGM10);
                                        ^
/home/ec2-user/arduino-testlib/cli-datadir/user/libraries/NST1001/src/NST1001.cpp:38:52: error: &#39;COM1B0&#39; was not declared in this scope
   TCCR1A = (0&lt;&lt;COM1A1)|(0&lt;&lt;COM1A0)|(0&lt;&lt;COM1B1)|(0&lt;&lt;COM1B0)|(0&lt;&lt;WGM11)|(0&lt;&lt;WGM10);
                                                    ^
/home/ec2-user/arduino-testlib/cli-datadir/user/libraries/NST1001/src/NST1001.cpp:38:64: error: &#39;WGM11&#39; was not declared in this scope
   TCCR1A = (0&lt;&lt;COM1A1)|(0&lt;&lt;COM1A0)|(0&lt;&lt;COM1B1)|(0&lt;&lt;COM1B0)|(0&lt;&lt;WGM11)|(0&lt;&lt;WGM10);
                                                                ^
/home/ec2-user/arduino-testlib/cli-datadir/user/libraries/NST1001/src/NST1001.cpp:38:75: error: &#39;WGM10&#39; was not declared in this scope
   TCCR1A = (0&lt;&lt;COM1A1)|(0&lt;&lt;COM1A0)|(0&lt;&lt;COM1B1)|(0&lt;&lt;COM1B0)|(0&lt;&lt;WGM11)|(0&lt;&lt;WGM10);
                                                                           ^
/home/ec2-user/arduino-testlib/cli-datadir/user/libraries/NST1001/src/NST1001.cpp:39:3: error: &#39;TCCR1B&#39; was not declared in this scope
   TCCR1B = (0&lt;&lt;ICNC1)|(0&lt;&lt;ICES1)|(0&lt;&lt;WGM13)|(0&lt;&lt;WGM12)|(1&lt;&lt;CS12)|(1&lt;&lt;CS11)|(0&lt;&lt;CS10); 
   ^
/home/ec2-user/arduino-testlib/cli-datadir/user/libraries/NST1001/src/NST1001.cpp:39:16: error: &#39;ICNC1&#39; was not declared in this scope
   TCCR1B = (0&lt;&lt;ICNC1)|(0&lt;&lt;ICES1)|(0&lt;&lt;WGM13)|(0&lt;&lt;WGM12)|(1&lt;&lt;CS12)|(1&lt;&lt;CS11)|(0&lt;&lt;CS10); 
                ^
/home/ec2-user/arduino-testlib/cli-datadir/user/libraries/NST1001/src/NST1001.cpp:39:27: error: &#39;ICES1&#39; was not declared in this scope
   TCCR1B = (0&lt;&lt;ICNC1)|(0&lt;&lt;ICES1)|(0&lt;&lt;WGM13)|(0&lt;&lt;WGM12)|(1&lt;&lt;CS12)|(1&lt;&lt;CS11)|(0&lt;&lt;CS10); 
                           ^
/home/ec2-user/arduino-testlib/cli-datadir/user/libraries/NST1001/src/NST1001.cpp:39:38: error: &#39;WGM13&#39; was not declared in this scope
   TCCR1B = (0&lt;&lt;ICNC1)|(0&lt;&lt;ICES1)|(0&lt;&lt;WGM13)|(0&lt;&lt;WGM12)|(1&lt;&lt;CS12)|(1&lt;&lt;CS11)|(0&lt;&lt;CS10); 
                                      ^
/home/ec2-user/arduino-testlib/cli-datadir/user/libraries/NST1001/src/NST1001.cpp:39:49: error: &#39;WGM12&#39; was not declared in this scope
   TCCR1B = (0&lt;&lt;ICNC1)|(0&lt;&lt;ICES1)|(0&lt;&lt;WGM13)|(0&lt;&lt;WGM12)|(1&lt;&lt;CS12)|(1&lt;&lt;CS11)|(0&lt;&lt;CS10); 
                                                 ^
/home/ec2-user/arduino-testlib/cli-datadir/user/libraries/NST1001/src/NST1001.cpp:39:60: error: &#39;CS12&#39; was not declared in this scope
   TCCR1B = (0&lt;&lt;ICNC1)|(0&lt;&lt;ICES1)|(0&lt;&lt;WGM13)|(0&lt;&lt;WGM12)|(1&lt;&lt;CS12)|(1&lt;&lt;CS11)|(0&lt;&lt;CS10); 
                                                            ^
/home/ec2-user/arduino-testlib/cli-datadir/user/libraries/NST1001/src/NST1001.cpp:39:70: error: &#39;CS11&#39; was not declared in this scope
   TCCR1B = (0&lt;&lt;ICNC1)|(0&lt;&lt;ICES1)|(0&lt;&lt;WGM13)|(0&lt;&lt;WGM12)|(1&lt;&lt;CS12)|(1&lt;&lt;CS11)|(0&lt;&lt;CS10); 
                                                                      ^
/home/ec2-user/arduino-testlib/cli-datadir/user/libraries/NST1001/src/NST1001.cpp:39:80: error: &#39;CS10&#39; was not declared in this scope
   TCCR1B = (0&lt;&lt;ICNC1)|(0&lt;&lt;ICES1)|(0&lt;&lt;WGM13)|(0&lt;&lt;WGM12)|(1&lt;&lt;CS12)|(1&lt;&lt;CS11)|(0&lt;&lt;CS10); 
                                                                                ^
/home/ec2-user/arduino-testlib/cli-datadir/user/libraries/NST1001/src/NST1001.cpp:40:3: error: &#39;TIMSK1&#39; was not declared in this scope
   TIMSK1 = (0&lt;&lt;ICIE1)|(0&lt;&lt;OCIE1B)|(0&lt;&lt;OCIE1A)|(0&lt;&lt;TOIE1);
   ^
/home/ec2-user/arduino-testlib/cli-datadir/user/libraries/NST1001/src/NST1001.cpp:40:16: error: &#39;ICIE1&#39; was not declared in this scope
   TIMSK1 = (0&lt;&lt;ICIE1)|(0&lt;&lt;OCIE1B)|(0&lt;&lt;OCIE1A)|(0&lt;&lt;TOIE1);
                ^
/home/ec2-user/arduino-testlib/cli-datadir/user/libraries/NST1001/src/NST1001.cpp:40:27: error: &#39;OCIE1B&#39; was not declared in this scope
   TIMSK1 = (0&lt;&lt;ICIE1)|(0&lt;&lt;OCIE1B)|(0&lt;&lt;OCIE1A)|(0&lt;&lt;TOIE1);
                           ^
/home/ec2-user/arduino-testlib/cli-datadir/user/libraries/NST1001/src/NST1001.cpp:40:39: error: &#39;OCIE1A&#39; was not declared in this scope
   TIMSK1 = (0&lt;&lt;ICIE1)|(0&lt;&lt;OCIE1B)|(0&lt;&lt;OCIE1A)|(0&lt;&lt;TOIE1);
                                       ^
/home/ec2-user/arduino-testlib/cli-datadir/user/libraries/NST1001/src/NST1001.cpp:40:51: error: &#39;TOIE1&#39; was not declared in this scope
   TIMSK1 = (0&lt;&lt;ICIE1)|(0&lt;&lt;OCIE1B)|(0&lt;&lt;OCIE1A)|(0&lt;&lt;TOIE1);
                                                   ^
/home/ec2-user/arduino-testlib/cli-datadir/user/libraries/NST1001/src/NST1001.cpp:41:3: error: &#39;TCNT1&#39; was not declared in this scope
   TCNT1 = 0;
   ^
/home/ec2-user/arduino-testlib/cli-datadir/user/libraries/NST1001/src/NST1001.cpp: In member function &#39;const float NST1001::getTemp(int)&#39;:
/home/ec2-user/arduino-testlib/cli-datadir/user/libraries/NST1001/src/NST1001.cpp:51:3: error: &#39;TCCR1B&#39; was not declared in this scope
   TCCR1B |= (0&lt;&lt;ICNC1)|(0&lt;&lt;ICES1)|(0&lt;&lt;WGM13)|(0&lt;&lt;WGM12)|(1&lt;&lt;CS12)|(1&lt;&lt;CS11)|(0&lt;&lt;CS10); // Enable counter.
   ^
/home/ec2-user/arduino-testlib/cli-datadir/user/libraries/NST1001/src/NST1001.cpp:51:17: error: &#39;ICNC1&#39; was not declared in this scope
   TCCR1B |= (0&lt;&lt;ICNC1)|(0&lt;&lt;ICES1)|(0&lt;&lt;WGM13)|(0&lt;&lt;WGM12)|(1&lt;&lt;CS12)|(1&lt;&lt;CS11)|(0&lt;&lt;CS10); // Enable counter.
                 ^
/home/ec2-user/arduino-testlib/cli-datadir/user/libraries/NST1001/src/NST1001.cpp:51:28: error: &#39;ICES1&#39; was not declared in this scope
   TCCR1B |= (0&lt;&lt;ICNC1)|(0&lt;&lt;ICES1)|(0&lt;&lt;WGM13)|(0&lt;&lt;WGM12)|(1&lt;&lt;CS12)|(1&lt;&lt;CS11)|(0&lt;&lt;CS10); // Enable counter.
                            ^
/home/ec2-user/arduino-testlib/cli-datadir/user/libraries/NST1001/src/NST1001.cpp:51:39: error: &#39;WGM13&#39; was not declared in this scope
   TCCR1B |= (0&lt;&lt;ICNC1)|(0&lt;&lt;ICES1)|(0&lt;&lt;WGM13)|(0&lt;&lt;WGM12)|(1&lt;&lt;CS12)|(1&lt;&lt;CS11)|(0&lt;&lt;CS10); // Enable counter.
                                       ^
/home/ec2-user/arduino-testlib/cli-datadir/user/libraries/NST1001/src/NST1001.cpp:51:50: error: &#39;WGM12&#39; was not declared in this scope
   TCCR1B |= (0&lt;&lt;ICNC1)|(0&lt;&lt;ICES1)|(0&lt;&lt;WGM13)|(0&lt;&lt;WGM12)|(1&lt;&lt;CS12)|(1&lt;&lt;CS11)|(0&lt;&lt;CS10); // Enable counter.
                                                  ^
/home/ec2-user/arduino-testlib/cli-datadir/user/libraries/NST1001/src/NST1001.cpp:51:61: error: &#39;CS12&#39; was not declared in this scope
   TCCR1B |= (0&lt;&lt;ICNC1)|(0&lt;&lt;ICES1)|(0&lt;&lt;WGM13)|(0&lt;&lt;WGM12)|(1&lt;&lt;CS12)|(1&lt;&lt;CS11)|(0&lt;&lt;CS10); // Enable counter.
                                                             ^
/home/ec2-user/arduino-testlib/cli-datadir/user/libraries/NST1001/src/NST1001.cpp:51:71: error: &#39;CS11&#39; was not declared in this scope
   TCCR1B |= (0&lt;&lt;ICNC1)|(0&lt;&lt;ICES1)|(0&lt;&lt;WGM13)|(0&lt;&lt;WGM12)|(1&lt;&lt;CS12)|(1&lt;&lt;CS11)|(0&lt;&lt;CS10); // Enable counter.
                                                                       ^
/home/ec2-user/arduino-testlib/cli-datadir/user/libraries/NST1001/src/NST1001.cpp:51:81: error: &#39;CS10&#39; was not declared in this scope
   TCCR1B |= (0&lt;&lt;ICNC1)|(0&lt;&lt;ICES1)|(0&lt;&lt;WGM13)|(0&lt;&lt;WGM12)|(1&lt;&lt;CS12)|(1&lt;&lt;CS11)|(0&lt;&lt;CS10); // Enable counter.
                                                                                 ^
/home/ec2-user/arduino-testlib/cli-datadir/user/libraries/NST1001/src/NST1001.cpp:55:16: error: &#39;_delay_ms&#39; was not declared in this scope
     _delay_ms(5);                                           // Requires some initial delay to settle. Need to look into this.
                ^
/home/ec2-user/arduino-testlib/cli-datadir/user/libraries/NST1001/src/NST1001.cpp:68:3: error: &#39;TCNT1&#39; was not declared in this scope
   TCNT1 = 0;                                                // Reset counter value.
   ^
/home/ec2-user/arduino-testlib/cli-datadir/user/libraries/NST1001/src/NST1001.cpp:77:18: error: &#39;_delay_ms&#39; was not declared in this scope
       _delay_ms(1);
                  ^
/home/ec2-user/arduino-testlib/cli-datadir/user/libraries/NST1001/src/NST1001.cpp:85:19: error: &#39;_delay_us&#39; was not declared in this scope
       _delay_us(11);
                   ^
/home/ec2-user/arduino-testlib/cli-datadir/user/libraries/NST1001/src/NST1001.cpp:100:18: error: &#39;_delay_ms&#39; was not declared in this scope
       _delay_ms(1);
                  ^
/home/ec2-user/arduino-testlib/cli-datadir/user/libraries/NST1001/src/NST1001.cpp:107:17: error: &#39;_delay_us&#39; was not declared in this scope
     _delay_us(11);  
                 ^

</pre>
					
					<h4>examples/Read_Temperature_MultiCast</h4>
					<p>
						Result: <b>FAIL</b>
					</p>
					<pre class="pre-scrollable">WARNING: library NST1001 claims to run on avr architecture(s) and may be incompatible with your current board which runs on esp32 architecture(s).
/home/ec2-user/arduino-testlib/cli-datadir/user/libraries/NST1001/src/NST1001.cpp: In member function &#39;const void NST1001::init()&#39;:
/home/ec2-user/arduino-testlib/cli-datadir/user/libraries/NST1001/src/NST1001.cpp:38:3: error: &#39;TCCR1A&#39; was not declared in this scope
   TCCR1A = (0&lt;&lt;COM1A1)|(0&lt;&lt;COM1A0)|(0&lt;&lt;COM1B1)|(0&lt;&lt;COM1B0)|(0&lt;&lt;WGM11)|(0&lt;&lt;WGM10);
   ^
/home/ec2-user/arduino-testlib/cli-datadir/user/libraries/NST1001/src/NST1001.cpp:38:16: error: &#39;COM1A1&#39; was not declared in this scope
   TCCR1A = (0&lt;&lt;COM1A1)|(0&lt;&lt;COM1A0)|(0&lt;&lt;COM1B1)|(0&lt;&lt;COM1B0)|(0&lt;&lt;WGM11)|(0&lt;&lt;WGM10);
                ^
/home/ec2-user/arduino-testlib/cli-datadir/user/libraries/NST1001/src/NST1001.cpp:38:28: error: &#39;COM1A0&#39; was not declared in this scope
   TCCR1A = (0&lt;&lt;COM1A1)|(0&lt;&lt;COM1A0)|(0&lt;&lt;COM1B1)|(0&lt;&lt;COM1B0)|(0&lt;&lt;WGM11)|(0&lt;&lt;WGM10);
                            ^
/home/ec2-user/arduino-testlib/cli-datadir/user/libraries/NST1001/src/NST1001.cpp:38:40: error: &#39;COM1B1&#39; was not declared in this scope
   TCCR1A = (0&lt;&lt;COM1A1)|(0&lt;&lt;COM1A0)|(0&lt;&lt;COM1B1)|(0&lt;&lt;COM1B0)|(0&lt;&lt;WGM11)|(0&lt;&lt;WGM10);
                                        ^
/home/ec2-user/arduino-testlib/cli-datadir/user/libraries/NST1001/src/NST1001.cpp:38:52: error: &#39;COM1B0&#39; was not declared in this scope
   TCCR1A = (0&lt;&lt;COM1A1)|(0&lt;&lt;COM1A0)|(0&lt;&lt;COM1B1)|(0&lt;&lt;COM1B0)|(0&lt;&lt;WGM11)|(0&lt;&lt;WGM10);
                                                    ^
/home/ec2-user/arduino-testlib/cli-datadir/user/libraries/NST1001/src/NST1001.cpp:38:64: error: &#39;WGM11&#39; was not declared in this scope
   TCCR1A = (0&lt;&lt;COM1A1)|(0&lt;&lt;COM1A0)|(0&lt;&lt;COM1B1)|(0&lt;&lt;COM1B0)|(0&lt;&lt;WGM11)|(0&lt;&lt;WGM10);
                                                                ^
/home/ec2-user/arduino-testlib/cli-datadir/user/libraries/NST1001/src/NST1001.cpp:38:75: error: &#39;WGM10&#39; was not declared in this scope
   TCCR1A = (0&lt;&lt;COM1A1)|(0&lt;&lt;COM1A0)|(0&lt;&lt;COM1B1)|(0&lt;&lt;COM1B0)|(0&lt;&lt;WGM11)|(0&lt;&lt;WGM10);
                                                                           ^
/home/ec2-user/arduino-testlib/cli-datadir/user/libraries/NST1001/src/NST1001.cpp:39:3: error: &#39;TCCR1B&#39; was not declared in this scope
   TCCR1B = (0&lt;&lt;ICNC1)|(0&lt;&lt;ICES1)|(0&lt;&lt;WGM13)|(0&lt;&lt;WGM12)|(1&lt;&lt;CS12)|(1&lt;&lt;CS11)|(0&lt;&lt;CS10); 
   ^
/home/ec2-user/arduino-testlib/cli-datadir/user/libraries/NST1001/src/NST1001.cpp:39:16: error: &#39;ICNC1&#39; was not declared in this scope
   TCCR1B = (0&lt;&lt;ICNC1)|(0&lt;&lt;ICES1)|(0&lt;&lt;WGM13)|(0&lt;&lt;WGM12)|(1&lt;&lt;CS12)|(1&lt;&lt;CS11)|(0&lt;&lt;CS10); 
                ^
/home/ec2-user/arduino-testlib/cli-datadir/user/libraries/NST1001/src/NST1001.cpp:39:27: error: &#39;ICES1&#39; was not declared in this scope
   TCCR1B = (0&lt;&lt;ICNC1)|(0&lt;&lt;ICES1)|(0&lt;&lt;WGM13)|(0&lt;&lt;WGM12)|(1&lt;&lt;CS12)|(1&lt;&lt;CS11)|(0&lt;&lt;CS10); 
                           ^
/home/ec2-user/arduino-testlib/cli-datadir/user/libraries/NST1001/src/NST1001.cpp:39:38: error: &#39;WGM13&#39; was not declared in this scope
   TCCR1B = (0&lt;&lt;ICNC1)|(0&lt;&lt;ICES1)|(0&lt;&lt;WGM13)|(0&lt;&lt;WGM12)|(1&lt;&lt;CS12)|(1&lt;&lt;CS11)|(0&lt;&lt;CS10); 
                                      ^
/home/ec2-user/arduino-testlib/cli-datadir/user/libraries/NST1001/src/NST1001.cpp:39:49: error: &#39;WGM12&#39; was not declared in this scope
   TCCR1B = (0&lt;&lt;ICNC1)|(0&lt;&lt;ICES1)|(0&lt;&lt;WGM13)|(0&lt;&lt;WGM12)|(1&lt;&lt;CS12)|(1&lt;&lt;CS11)|(0&lt;&lt;CS10); 
                                                 ^
/home/ec2-user/arduino-testlib/cli-datadir/user/libraries/NST1001/src/NST1001.cpp:39:60: error: &#39;CS12&#39; was not declared in this scope
   TCCR1B = (0&lt;&lt;ICNC1)|(0&lt;&lt;ICES1)|(0&lt;&lt;WGM13)|(0&lt;&lt;WGM12)|(1&lt;&lt;CS12)|(1&lt;&lt;CS11)|(0&lt;&lt;CS10); 
                                                            ^
/home/ec2-user/arduino-testlib/cli-datadir/user/libraries/NST1001/src/NST1001.cpp:39:70: error: &#39;CS11&#39; was not declared in this scope
   TCCR1B = (0&lt;&lt;ICNC1)|(0&lt;&lt;ICES1)|(0&lt;&lt;WGM13)|(0&lt;&lt;WGM12)|(1&lt;&lt;CS12)|(1&lt;&lt;CS11)|(0&lt;&lt;CS10); 
                                                                      ^
/home/ec2-user/arduino-testlib/cli-datadir/user/libraries/NST1001/src/NST1001.cpp:39:80: error: &#39;CS10&#39; was not declared in this scope
   TCCR1B = (0&lt;&lt;ICNC1)|(0&lt;&lt;ICES1)|(0&lt;&lt;WGM13)|(0&lt;&lt;WGM12)|(1&lt;&lt;CS12)|(1&lt;&lt;CS11)|(0&lt;&lt;CS10); 
                                                                                ^
/home/ec2-user/arduino-testlib/cli-datadir/user/libraries/NST1001/src/NST1001.cpp:40:3: error: &#39;TIMSK1&#39; was not declared in this scope
   TIMSK1 = (0&lt;&lt;ICIE1)|(0&lt;&lt;OCIE1B)|(0&lt;&lt;OCIE1A)|(0&lt;&lt;TOIE1);
   ^
/home/ec2-user/arduino-testlib/cli-datadir/user/libraries/NST1001/src/NST1001.cpp:40:16: error: &#39;ICIE1&#39; was not declared in this scope
   TIMSK1 = (0&lt;&lt;ICIE1)|(0&lt;&lt;OCIE1B)|(0&lt;&lt;OCIE1A)|(0&lt;&lt;TOIE1);
                ^
/home/ec2-user/arduino-testlib/cli-datadir/user/libraries/NST1001/src/NST1001.cpp:40:27: error: &#39;OCIE1B&#39; was not declared in this scope
   TIMSK1 = (0&lt;&lt;ICIE1)|(0&lt;&lt;OCIE1B)|(0&lt;&lt;OCIE1A)|(0&lt;&lt;TOIE1);
                           ^
/home/ec2-user/arduino-testlib/cli-datadir/user/libraries/NST1001/src/NST1001.cpp:40:39: error: &#39;OCIE1A&#39; was not declared in this scope
   TIMSK1 = (0&lt;&lt;ICIE1)|(0&lt;&lt;OCIE1B)|(0&lt;&lt;OCIE1A)|(0&lt;&lt;TOIE1);
                                       ^
/home/ec2-user/arduino-testlib/cli-datadir/user/libraries/NST1001/src/NST1001.cpp:40:51: error: &#39;TOIE1&#39; was not declared in this scope
   TIMSK1 = (0&lt;&lt;ICIE1)|(0&lt;&lt;OCIE1B)|(0&lt;&lt;OCIE1A)|(0&lt;&lt;TOIE1);
                                                   ^
/home/ec2-user/arduino-testlib/cli-datadir/user/libraries/NST1001/src/NST1001.cpp:41:3: error: &#39;TCNT1&#39; was not declared in this scope
   TCNT1 = 0;
   ^
/home/ec2-user/arduino-testlib/cli-datadir/user/libraries/NST1001/src/NST1001.cpp: In member function &#39;const float NST1001::getTemp(int)&#39;:
/home/ec2-user/arduino-testlib/cli-datadir/user/libraries/NST1001/src/NST1001.cpp:51:3: error: &#39;TCCR1B&#39; was not declared in this scope
   TCCR1B |= (0&lt;&lt;ICNC1)|(0&lt;&lt;ICES1)|(0&lt;&lt;WGM13)|(0&lt;&lt;WGM12)|(1&lt;&lt;CS12)|(1&lt;&lt;CS11)|(0&lt;&lt;CS10); // Enable counter.
   ^
/home/ec2-user/arduino-testlib/cli-datadir/user/libraries/NST1001/src/NST1001.cpp:51:17: error: &#39;ICNC1&#39; was not declared in this scope
   TCCR1B |= (0&lt;&lt;ICNC1)|(0&lt;&lt;ICES1)|(0&lt;&lt;WGM13)|(0&lt;&lt;WGM12)|(1&lt;&lt;CS12)|(1&lt;&lt;CS11)|(0&lt;&lt;CS10); // Enable counter.
                 ^
/home/ec2-user/arduino-testlib/cli-datadir/user/libraries/NST1001/src/NST1001.cpp:51:28: error: &#39;ICES1&#39; was not declared in this scope
   TCCR1B |= (0&lt;&lt;ICNC1)|(0&lt;&lt;ICES1)|(0&lt;&lt;WGM13)|(0&lt;&lt;WGM12)|(1&lt;&lt;CS12)|(1&lt;&lt;CS11)|(0&lt;&lt;CS10); // Enable counter.
                            ^
/home/ec2-user/arduino-testlib/cli-datadir/user/libraries/NST1001/src/NST1001.cpp:51:39: error: &#39;WGM13&#39; was not declared in this scope
   TCCR1B |= (0&lt;&lt;ICNC1)|(0&lt;&lt;ICES1)|(0&lt;&lt;WGM13)|(0&lt;&lt;WGM12)|(1&lt;&lt;CS12)|(1&lt;&lt;CS11)|(0&lt;&lt;CS10); // Enable counter.
                                       ^
/home/ec2-user/arduino-testlib/cli-datadir/user/libraries/NST1001/src/NST1001.cpp:51:50: error: &#39;WGM12&#39; was not declared in this scope
   TCCR1B |= (0&lt;&lt;ICNC1)|(0&lt;&lt;ICES1)|(0&lt;&lt;WGM13)|(0&lt;&lt;WGM12)|(1&lt;&lt;CS12)|(1&lt;&lt;CS11)|(0&lt;&lt;CS10); // Enable counter.
                                                  ^
/home/ec2-user/arduino-testlib/cli-datadir/user/libraries/NST1001/src/NST1001.cpp:51:61: error: &#39;CS12&#39; was not declared in this scope
   TCCR1B |= (0&lt;&lt;ICNC1)|(0&lt;&lt;ICES1)|(0&lt;&lt;WGM13)|(0&lt;&lt;WGM12)|(1&lt;&lt;CS12)|(1&lt;&lt;CS11)|(0&lt;&lt;CS10); // Enable counter.
                                                             ^
/home/ec2-user/arduino-testlib/cli-datadir/user/libraries/NST1001/src/NST1001.cpp:51:71: error: &#39;CS11&#39; was not declared in this scope
   TCCR1B |= (0&lt;&lt;ICNC1)|(0&lt;&lt;ICES1)|(0&lt;&lt;WGM13)|(0&lt;&lt;WGM12)|(1&lt;&lt;CS12)|(1&lt;&lt;CS11)|(0&lt;&lt;CS10); // Enable counter.
                                                                       ^
/home/ec2-user/arduino-testlib/cli-datadir/user/libraries/NST1001/src/NST1001.cpp:51:81: error: &#39;CS10&#39; was not declared in this scope
   TCCR1B |= (0&lt;&lt;ICNC1)|(0&lt;&lt;ICES1)|(0&lt;&lt;WGM13)|(0&lt;&lt;WGM12)|(1&lt;&lt;CS12)|(1&lt;&lt;CS11)|(0&lt;&lt;CS10); // Enable counter.
                                                                                 ^
/home/ec2-user/arduino-testlib/cli-datadir/user/libraries/NST1001/src/NST1001.cpp:55:16: error: &#39;_delay_ms&#39; was not declared in this scope
     _delay_ms(5);                                           // Requires some initial delay to settle. Need to look into this.
                ^
/home/ec2-user/arduino-testlib/cli-datadir/user/libraries/NST1001/src/NST1001.cpp:68:3: error: &#39;TCNT1&#39; was not declared in this scope
   TCNT1 = 0;                                                // Reset counter value.
   ^
/home/ec2-user/arduino-testlib/cli-datadir/user/libraries/NST1001/src/NST1001.cpp:77:18: error: &#39;_delay_ms&#39; was not declared in this scope
       _delay_ms(1);
                  ^
/home/ec2-user/arduino-testlib/cli-datadir/user/libraries/NST1001/src/NST1001.cpp:85:19: error: &#39;_delay_us&#39; was not declared in this scope
       _delay_us(11);
                   ^
/home/ec2-user/arduino-testlib/cli-datadir/user/libraries/NST1001/src/NST1001.cpp:100:18: error: &#39;_delay_ms&#39; was not declared in this scope
       _delay_ms(1);
                  ^
/home/ec2-user/arduino-testlib/cli-datadir/user/libraries/NST1001/src/NST1001.cpp:107:17: error: &#39;_delay_us&#39; was not declared in this scope
     _delay_us(11);  
                 ^

</pre>
					
				
			</div>
		</div>
	</div>
  </body>
</html>
