
<!doctype html>
<html lang="en">
  <head>
    <meta charset="utf-8">
    <meta name="viewport" content="width=device-width, initial-scale=1">
    <link href="https://cdn.jsdelivr.net/npm/bootstrap@5.0.2/dist/css/bootstrap.min.css" rel="stylesheet" integrity="sha384-EVSTQN3/azprG1Anm3QDgpJLIm9Nao0Yz1ztcQTwFspd3yD65VohhpuuCOmLASjC" crossorigin="anonymous">
    <title>arduino-testlib report</title>
	<style>
	.pass { background-color: #00FF00 !important; }
	.fail { background-color: #FF0000 !important; }
	</style>
  </head>
  <body>
	<div class="container">
		<div class="row">
			<div class="col">
				<h1>nuMROBO - compatibility matrix</h1>
				<p>
					<small>This report was generated on Monday, 21-Feb-22 12:00:25 CET using 
					<a href="https://github.com/alranel/arduino-testlib">arduino-testlib</a>.</small>
				</p>

				<h2>nuMROBO</h2>
				<p>
					Version: <b>0.0.2</b>
					<br />
					<a href="https://www.arduino.cc/reference/en/libraries/numrobo/">More details</a>
				</p>

				<h2>Compatibility matrix</h2>
				<table class="table table-bordered">
					<tr>
						<th>Board</th>
						<th>Claims compatibility</th>
						<th>Inclusion</th>
						
						<th><pre>BluetoothControlledRobot</pre></th>
						
						<th><pre>LineFollowerRobot</pre></th>
						
						<th><pre>ObstacleAvoidanceRobot</pre></th>
						
					</tr>
					
					<tr>
						<td>
							<a href="#arduino%3aavr%3auno"><b>arduino:avr:uno</b></a>
							<br />
							<small>1.8.4</small>
						</td>

						
							<td>Yes</td>
							<td class="pass">PASS</td>
						
						
						
						

						
							
								
									
										
											<td class="pass">PASS</td>
											
										
									
										
									
										
									
								
							
								
							
								
							
								
							
								
							
						
							
								
									
										
									
										
											<td class="pass">PASS</td>
											
										
									
										
									
								
							
								
							
								
							
								
							
								
							
						
							
								
									
										
									
										
									
										
											<td class="pass">PASS</td>
											
										
									
								
							
								
							
								
							
								
							
								
							
						
					</tr>
					
					<tr>
						<td>
							<a href="#arduino%3ambed_nano%3ananorp2040connect"><b>arduino:mbed_nano:nanorp2040connect</b></a>
							<br />
							<small>2.7.2</small>
						</td>

						
						
						
							<td>Yes ⚠️</td>
							<td class="fail">FAIL</td>
						
						

						
							
								
							
								
									
										
											
											<td class="fail">FAIL</td>
										
									
										
									
										
									
								
							
								
							
								
							
								
							
						
							
								
							
								
									
										
									
										
											
											<td class="fail">FAIL</td>
										
									
										
									
								
							
								
							
								
							
								
							
						
							
								
							
								
									
										
									
										
									
										
											
											<td class="fail">FAIL</td>
										
									
								
							
								
							
								
							
								
							
						
					</tr>
					
					<tr>
						<td>
							<a href="#arduino%3amegaavr%3anona4809"><b>arduino:megaavr:nona4809</b></a>
							<br />
							<small>1.8.7</small>
						</td>

						
							<td>Yes</td>
							<td class="pass">PASS</td>
						
						
						
						

						
							
								
							
								
							
								
									
										
											<td class="pass">PASS</td>
											
										
									
										
									
										
									
								
							
								
							
								
							
						
							
								
							
								
							
								
									
										
									
										
											<td class="pass">PASS</td>
											
										
									
										
									
								
							
								
							
								
							
						
							
								
							
								
							
								
									
										
									
										
									
										
											<td class="pass">PASS</td>
											
										
									
								
							
								
							
								
							
						
					</tr>
					
					<tr>
						<td>
							<a href="#arduino%3asamd%3amkrwifi1010"><b>arduino:samd:mkrwifi1010</b></a>
							<br />
							<small>1.8.12</small>
						</td>

						
						
						
							<td>Yes ⚠️</td>
							<td class="fail">FAIL</td>
						
						

						
							
								
							
								
							
								
							
								
									
										
											
											<td class="fail">FAIL</td>
										
									
										
									
										
									
								
							
								
							
						
							
								
							
								
							
								
							
								
									
										
									
										
											
											<td class="fail">FAIL</td>
										
									
										
									
								
							
								
							
						
							
								
							
								
							
								
							
								
									
										
									
										
									
										
											
											<td class="fail">FAIL</td>
										
									
								
							
								
							
						
					</tr>
					
					<tr>
						<td>
							<a href="#esp32%3aesp32%3ad1_mini32"><b>esp32:esp32:d1_mini32</b></a>
							<br />
							<small>1.0.6</small>
						</td>

						
						
						
							<td>Yes ⚠️</td>
							<td class="fail">FAIL</td>
						
						

						
							
								
							
								
							
								
							
								
							
								
									
										
											
											<td class="fail">FAIL</td>
										
									
										
									
										
									
								
							
						
							
								
							
								
							
								
							
								
							
								
									
										
									
										
											
											<td class="fail">FAIL</td>
										
									
										
									
								
							
						
							
								
							
								
							
								
							
								
							
								
									
										
									
										
									
										
											
											<td class="fail">FAIL</td>
										
									
								
							
						
					</tr>
					
				</table>

				<h2>Compilation logs</h2>
				
				<h3 id="arduino:avr:uno">arduino:avr:uno @ 1.8.4</h3>
				<h4>Inclusion</h4>
				<p>
					Result: <b>PASS</b>
					
				</p>
				<pre class="pre-scrollable">Sketch uses 1864 bytes (5%) of program storage space. Maximum is 32256 bytes.
Global variables use 126 bytes (6%) of dynamic memory, leaving 1922 bytes for local variables. Maximum is 2048 bytes.
</pre>

					
					<h4>examples/BluetoothControlledRobot</h4>
					<p>
						Result: <b>PASS</b>
					</p>
					<pre class="pre-scrollable">Sketch uses 4644 bytes (14%) of program storage space. Maximum is 32256 bytes.
Global variables use 154 bytes (7%) of dynamic memory, leaving 1894 bytes for local variables. Maximum is 2048 bytes.
</pre>
					
					<h4>examples/LineFollowerRobot</h4>
					<p>
						Result: <b>PASS</b>
					</p>
					<pre class="pre-scrollable">Sketch uses 2222 bytes (6%) of program storage space. Maximum is 32256 bytes.
Global variables use 126 bytes (6%) of dynamic memory, leaving 1922 bytes for local variables. Maximum is 2048 bytes.
</pre>
					
					<h4>examples/ObstacleAvoidanceRobot</h4>
					<p>
						Result: <b>PASS</b>
					</p>
					<pre class="pre-scrollable">Sketch uses 3294 bytes (10%) of program storage space. Maximum is 32256 bytes.
Global variables use 126 bytes (6%) of dynamic memory, leaving 1922 bytes for local variables. Maximum is 2048 bytes.
</pre>
					
				
				<h3 id="arduino:mbed_nano:nanorp2040connect">arduino:mbed_nano:nanorp2040connect @ 2.7.2</h3>
				<h4>Inclusion</h4>
				<p>
					Result: <b>FAIL</b>
					
				</p>
				<pre class="pre-scrollable">/home/ec2-user/arduino-testlib/cli-datadir/user/libraries/Dabble/src/SoftwareSerial.cpp:45:10: fatal error: util/delay_basic.h: No such file or directory
 #include &lt;util/delay_basic.h&gt;
          ^~~~~~~~~~~~~~~~~~~~
compilation terminated.
Multiple libraries were found for &#34;SoftwareSerial.h&#34;
  Used: /home/ec2-user/arduino-testlib/cli-datadir/user/libraries/Dabble
  Not used: /home/ec2-user/arduino-testlib/cli-datadir/user/libraries/EspSoftwareSerial
  Not used: /home/ec2-user/arduino-testlib/cli-datadir/user/libraries/Printoo_Library
</pre>

					
					<h4>examples/BluetoothControlledRobot</h4>
					<p>
						Result: <b>FAIL</b>
					</p>
					<pre class="pre-scrollable">/home/ec2-user/arduino-testlib/cli-datadir/user/libraries/Dabble/src/SoftwareSerial.cpp:45:10: fatal error: util/delay_basic.h: No such file or directory
 #include &lt;util/delay_basic.h&gt;
          ^~~~~~~~~~~~~~~~~~~~
compilation terminated.
Multiple libraries were found for &#34;SoftwareSerial.h&#34;
  Used: /home/ec2-user/arduino-testlib/cli-datadir/user/libraries/Dabble
  Not used: /home/ec2-user/arduino-testlib/cli-datadir/user/libraries/EspSoftwareSerial
  Not used: /home/ec2-user/arduino-testlib/cli-datadir/user/libraries/Printoo_Library
</pre>
					
					<h4>examples/LineFollowerRobot</h4>
					<p>
						Result: <b>FAIL</b>
					</p>
					<pre class="pre-scrollable">/home/ec2-user/arduino-testlib/cli-datadir/user/libraries/Dabble/src/SoftwareSerial.cpp:45:10: fatal error: util/delay_basic.h: No such file or directory
 #include &lt;util/delay_basic.h&gt;
          ^~~~~~~~~~~~~~~~~~~~
compilation terminated.
Multiple libraries were found for &#34;SoftwareSerial.h&#34;
  Used: /home/ec2-user/arduino-testlib/cli-datadir/user/libraries/Dabble
  Not used: /home/ec2-user/arduino-testlib/cli-datadir/user/libraries/EspSoftwareSerial
  Not used: /home/ec2-user/arduino-testlib/cli-datadir/user/libraries/Printoo_Library
</pre>
					
					<h4>examples/ObstacleAvoidanceRobot</h4>
					<p>
						Result: <b>FAIL</b>
					</p>
					<pre class="pre-scrollable">/home/ec2-user/arduino-testlib/cli-datadir/user/libraries/Dabble/src/SoftwareSerial.cpp:45:10: fatal error: util/delay_basic.h: No such file or directory
 #include &lt;util/delay_basic.h&gt;
          ^~~~~~~~~~~~~~~~~~~~
compilation terminated.
Multiple libraries were found for &#34;SoftwareSerial.h&#34;
  Used: /home/ec2-user/arduino-testlib/cli-datadir/user/libraries/Dabble
  Not used: /home/ec2-user/arduino-testlib/cli-datadir/user/libraries/Printoo_Library
  Not used: /home/ec2-user/arduino-testlib/cli-datadir/user/libraries/EspSoftwareSerial
</pre>
					
				
				<h3 id="arduino:megaavr:nona4809">arduino:megaavr:nona4809 @ 1.8.7</h3>
				<h4>Inclusion</h4>
				<p>
					Result: <b>PASS</b>
					
				</p>
				<pre class="pre-scrollable">Sketch uses 2434 bytes (4%) of program storage space. Maximum is 49152 bytes.
Global variables use 153 bytes (2%) of dynamic memory, leaving 5991 bytes for local variables. Maximum is 6144 bytes.
</pre>

					
					<h4>examples/BluetoothControlledRobot</h4>
					<p>
						Result: <b>PASS</b>
					</p>
					<pre class="pre-scrollable">Sketch uses 5490 bytes (11%) of program storage space. Maximum is 49152 bytes.
Global variables use 323 bytes (5%) of dynamic memory, leaving 5821 bytes for local variables. Maximum is 6144 bytes.
</pre>
					
					<h4>examples/LineFollowerRobot</h4>
					<p>
						Result: <b>PASS</b>
					</p>
					<pre class="pre-scrollable">Sketch uses 2892 bytes (5%) of program storage space. Maximum is 49152 bytes.
Global variables use 153 bytes (2%) of dynamic memory, leaving 5991 bytes for local variables. Maximum is 6144 bytes.
</pre>
					
					<h4>examples/ObstacleAvoidanceRobot</h4>
					<p>
						Result: <b>PASS</b>
					</p>
					<pre class="pre-scrollable">Sketch uses 4268 bytes (8%) of program storage space. Maximum is 49152 bytes.
Global variables use 153 bytes (2%) of dynamic memory, leaving 5991 bytes for local variables. Maximum is 6144 bytes.
</pre>
					
				
				<h3 id="arduino:samd:mkrwifi1010">arduino:samd:mkrwifi1010 @ 1.8.12</h3>
				<h4>Inclusion</h4>
				<p>
					Result: <b>FAIL</b>
					
				</p>
				<pre class="pre-scrollable">/Users/alranel/Documents/git/arduino/arduino-testlib/cli-datadir/user/libraries/Dabble/src/SoftwareSerial.cpp:45:10: fatal error: util/delay_basic.h: No such file or directory
 #include &lt;util/delay_basic.h&gt;
          ^~~~~~~~~~~~~~~~~~~~
compilation terminated.
Multiple libraries were found for &#34;SoftwareSerial.h&#34;
  Used: /Users/alranel/Documents/git/arduino/arduino-testlib/cli-datadir/user/libraries/Dabble
  Not used: /Users/alranel/Documents/git/arduino/arduino-testlib/cli-datadir/user/libraries/EspSoftwareSerial
  Not used: /Users/alranel/Documents/git/arduino/arduino-testlib/cli-datadir/user/libraries/Printoo_Library
</pre>

					
					<h4>examples/BluetoothControlledRobot</h4>
					<p>
						Result: <b>FAIL</b>
					</p>
					<pre class="pre-scrollable">/Users/alranel/Documents/git/arduino/arduino-testlib/cli-datadir/user/libraries/Dabble/src/SoftwareSerial.cpp:45:10: fatal error: util/delay_basic.h: No such file or directory
 #include &lt;util/delay_basic.h&gt;
          ^~~~~~~~~~~~~~~~~~~~
compilation terminated.
Multiple libraries were found for &#34;SoftwareSerial.h&#34;
  Used: /Users/alranel/Documents/git/arduino/arduino-testlib/cli-datadir/user/libraries/Dabble
  Not used: /Users/alranel/Documents/git/arduino/arduino-testlib/cli-datadir/user/libraries/EspSoftwareSerial
  Not used: /Users/alranel/Documents/git/arduino/arduino-testlib/cli-datadir/user/libraries/Printoo_Library
</pre>
					
					<h4>examples/LineFollowerRobot</h4>
					<p>
						Result: <b>FAIL</b>
					</p>
					<pre class="pre-scrollable">/Users/alranel/Documents/git/arduino/arduino-testlib/cli-datadir/user/libraries/Dabble/src/SoftwareSerial.cpp:45:10: fatal error: util/delay_basic.h: No such file or directory
 #include &lt;util/delay_basic.h&gt;
          ^~~~~~~~~~~~~~~~~~~~
compilation terminated.
Multiple libraries were found for &#34;SoftwareSerial.h&#34;
  Used: /Users/alranel/Documents/git/arduino/arduino-testlib/cli-datadir/user/libraries/Dabble
  Not used: /Users/alranel/Documents/git/arduino/arduino-testlib/cli-datadir/user/libraries/Printoo_Library
  Not used: /Users/alranel/Documents/git/arduino/arduino-testlib/cli-datadir/user/libraries/EspSoftwareSerial
</pre>
					
					<h4>examples/ObstacleAvoidanceRobot</h4>
					<p>
						Result: <b>FAIL</b>
					</p>
					<pre class="pre-scrollable">/Users/alranel/Documents/git/arduino/arduino-testlib/cli-datadir/user/libraries/Dabble/src/SoftwareSerial.cpp:45:10: fatal error: util/delay_basic.h: No such file or directory
 #include &lt;util/delay_basic.h&gt;
          ^~~~~~~~~~~~~~~~~~~~
compilation terminated.
Multiple libraries were found for &#34;SoftwareSerial.h&#34;
  Used: /Users/alranel/Documents/git/arduino/arduino-testlib/cli-datadir/user/libraries/Dabble
  Not used: /Users/alranel/Documents/git/arduino/arduino-testlib/cli-datadir/user/libraries/Printoo_Library
  Not used: /Users/alranel/Documents/git/arduino/arduino-testlib/cli-datadir/user/libraries/EspSoftwareSerial
</pre>
					
				
				<h3 id="esp32:esp32:d1_mini32">esp32:esp32:d1_mini32 @ 1.0.6</h3>
				<h4>Inclusion</h4>
				<p>
					Result: <b>FAIL</b>
					
				</p>
				<pre class="pre-scrollable">/home/ec2-user/arduino-testlib/cli-datadir/user/libraries/nuMROBO/nuMROBO.cpp: In member function &#39;void nuMROBO::leftMotorForward(int)&#39;:
/home/ec2-user/arduino-testlib/cli-datadir/user/libraries/nuMROBO/nuMROBO.cpp:72:27: error: &#39;analogWrite&#39; was not declared in this scope
   analogWrite(10,realSpeed);
                           ^
/home/ec2-user/arduino-testlib/cli-datadir/user/libraries/nuMROBO/nuMROBO.cpp: In member function &#39;void nuMROBO::leftMotorReverse(int)&#39;:
/home/ec2-user/arduino-testlib/cli-datadir/user/libraries/nuMROBO/nuMROBO.cpp:81:26: error: &#39;analogWrite&#39; was not declared in this scope
   analogWrite(9,realSpeed);
                          ^
/home/ec2-user/arduino-testlib/cli-datadir/user/libraries/nuMROBO/nuMROBO.cpp: In member function &#39;void nuMROBO::rightMotorForward(int)&#39;:
/home/ec2-user/arduino-testlib/cli-datadir/user/libraries/nuMROBO/nuMROBO.cpp:91:26: error: &#39;analogWrite&#39; was not declared in this scope
   analogWrite(5,realSpeed);
                          ^
/home/ec2-user/arduino-testlib/cli-datadir/user/libraries/nuMROBO/nuMROBO.cpp: In member function &#39;void nuMROBO::rightMotorReverse(int)&#39;:
/home/ec2-user/arduino-testlib/cli-datadir/user/libraries/nuMROBO/nuMROBO.cpp:100:26: error: &#39;analogWrite&#39; was not declared in this scope
   analogWrite(6,realSpeed);
                          ^
Multiple libraries were found for &#34;SoftwareSerial.h&#34;
  Used: /home/ec2-user/arduino-testlib/cli-datadir/user/libraries/EspSoftwareSerial
  Not used: /home/ec2-user/arduino-testlib/cli-datadir/user/libraries/Printoo_Library
  Not used: /home/ec2-user/arduino-testlib/cli-datadir/user/libraries/Dabble
</pre>

					
					<h4>examples/BluetoothControlledRobot</h4>
					<p>
						Result: <b>FAIL</b>
					</p>
					<pre class="pre-scrollable">/home/ec2-user/arduino-testlib/cli-datadir/user/libraries/nuMROBO/nuMROBO.cpp: In member function &#39;void nuMROBO::leftMotorForward(int)&#39;:
/home/ec2-user/arduino-testlib/cli-datadir/user/libraries/nuMROBO/nuMROBO.cpp:72:27: error: &#39;analogWrite&#39; was not declared in this scope
   analogWrite(10,realSpeed);
                           ^
/home/ec2-user/arduino-testlib/cli-datadir/user/libraries/nuMROBO/nuMROBO.cpp: In member function &#39;void nuMROBO::leftMotorReverse(int)&#39;:
/home/ec2-user/arduino-testlib/cli-datadir/user/libraries/nuMROBO/nuMROBO.cpp:81:26: error: &#39;analogWrite&#39; was not declared in this scope
   analogWrite(9,realSpeed);
                          ^
/home/ec2-user/arduino-testlib/cli-datadir/user/libraries/nuMROBO/nuMROBO.cpp: In member function &#39;void nuMROBO::rightMotorForward(int)&#39;:
/home/ec2-user/arduino-testlib/cli-datadir/user/libraries/nuMROBO/nuMROBO.cpp:91:26: error: &#39;analogWrite&#39; was not declared in this scope
   analogWrite(5,realSpeed);
                          ^
/home/ec2-user/arduino-testlib/cli-datadir/user/libraries/nuMROBO/nuMROBO.cpp: In member function &#39;void nuMROBO::rightMotorReverse(int)&#39;:
/home/ec2-user/arduino-testlib/cli-datadir/user/libraries/nuMROBO/nuMROBO.cpp:100:26: error: &#39;analogWrite&#39; was not declared in this scope
   analogWrite(6,realSpeed);
                          ^
Multiple libraries were found for &#34;SoftwareSerial.h&#34;
  Used: /home/ec2-user/arduino-testlib/cli-datadir/user/libraries/EspSoftwareSerial
  Not used: /home/ec2-user/arduino-testlib/cli-datadir/user/libraries/Dabble
  Not used: /home/ec2-user/arduino-testlib/cli-datadir/user/libraries/Printoo_Library
</pre>
					
					<h4>examples/LineFollowerRobot</h4>
					<p>
						Result: <b>FAIL</b>
					</p>
					<pre class="pre-scrollable">/home/ec2-user/arduino-testlib/cli-datadir/user/libraries/nuMROBO/nuMROBO.cpp: In member function &#39;void nuMROBO::leftMotorForward(int)&#39;:
/home/ec2-user/arduino-testlib/cli-datadir/user/libraries/nuMROBO/nuMROBO.cpp:72:27: error: &#39;analogWrite&#39; was not declared in this scope
   analogWrite(10,realSpeed);
                           ^
/home/ec2-user/arduino-testlib/cli-datadir/user/libraries/nuMROBO/nuMROBO.cpp: In member function &#39;void nuMROBO::leftMotorReverse(int)&#39;:
/home/ec2-user/arduino-testlib/cli-datadir/user/libraries/nuMROBO/nuMROBO.cpp:81:26: error: &#39;analogWrite&#39; was not declared in this scope
   analogWrite(9,realSpeed);
                          ^
/home/ec2-user/arduino-testlib/cli-datadir/user/libraries/nuMROBO/nuMROBO.cpp: In member function &#39;void nuMROBO::rightMotorForward(int)&#39;:
/home/ec2-user/arduino-testlib/cli-datadir/user/libraries/nuMROBO/nuMROBO.cpp:91:26: error: &#39;analogWrite&#39; was not declared in this scope
   analogWrite(5,realSpeed);
                          ^
/home/ec2-user/arduino-testlib/cli-datadir/user/libraries/nuMROBO/nuMROBO.cpp: In member function &#39;void nuMROBO::rightMotorReverse(int)&#39;:
/home/ec2-user/arduino-testlib/cli-datadir/user/libraries/nuMROBO/nuMROBO.cpp:100:26: error: &#39;analogWrite&#39; was not declared in this scope
   analogWrite(6,realSpeed);
                          ^
Multiple libraries were found for &#34;SoftwareSerial.h&#34;
  Used: /home/ec2-user/arduino-testlib/cli-datadir/user/libraries/EspSoftwareSerial
  Not used: /home/ec2-user/arduino-testlib/cli-datadir/user/libraries/Printoo_Library
  Not used: /home/ec2-user/arduino-testlib/cli-datadir/user/libraries/Dabble
</pre>
					
					<h4>examples/ObstacleAvoidanceRobot</h4>
					<p>
						Result: <b>FAIL</b>
					</p>
					<pre class="pre-scrollable">/home/ec2-user/arduino-testlib/cli-datadir/user/libraries/nuMROBO/nuMROBO.cpp: In member function &#39;void nuMROBO::leftMotorForward(int)&#39;:
/home/ec2-user/arduino-testlib/cli-datadir/user/libraries/nuMROBO/nuMROBO.cpp:72:27: error: &#39;analogWrite&#39; was not declared in this scope
   analogWrite(10,realSpeed);
                           ^
/home/ec2-user/arduino-testlib/cli-datadir/user/libraries/nuMROBO/nuMROBO.cpp: In member function &#39;void nuMROBO::leftMotorReverse(int)&#39;:
/home/ec2-user/arduino-testlib/cli-datadir/user/libraries/nuMROBO/nuMROBO.cpp:81:26: error: &#39;analogWrite&#39; was not declared in this scope
   analogWrite(9,realSpeed);
                          ^
/home/ec2-user/arduino-testlib/cli-datadir/user/libraries/nuMROBO/nuMROBO.cpp: In member function &#39;void nuMROBO::rightMotorForward(int)&#39;:
/home/ec2-user/arduino-testlib/cli-datadir/user/libraries/nuMROBO/nuMROBO.cpp:91:26: error: &#39;analogWrite&#39; was not declared in this scope
   analogWrite(5,realSpeed);
                          ^
/home/ec2-user/arduino-testlib/cli-datadir/user/libraries/nuMROBO/nuMROBO.cpp: In member function &#39;void nuMROBO::rightMotorReverse(int)&#39;:
/home/ec2-user/arduino-testlib/cli-datadir/user/libraries/nuMROBO/nuMROBO.cpp:100:26: error: &#39;analogWrite&#39; was not declared in this scope
   analogWrite(6,realSpeed);
                          ^
Multiple libraries were found for &#34;SoftwareSerial.h&#34;
  Used: /home/ec2-user/arduino-testlib/cli-datadir/user/libraries/EspSoftwareSerial
  Not used: /home/ec2-user/arduino-testlib/cli-datadir/user/libraries/Dabble
  Not used: /home/ec2-user/arduino-testlib/cli-datadir/user/libraries/Printoo_Library
</pre>
					
				
			</div>
		</div>
	</div>
  </body>
</html>
