
<!doctype html>
<html lang="en">
  <head>
    <meta charset="utf-8">
    <meta name="viewport" content="width=device-width, initial-scale=1">
    <link href="https://cdn.jsdelivr.net/npm/bootstrap@5.0.2/dist/css/bootstrap.min.css" rel="stylesheet" integrity="sha384-EVSTQN3/azprG1Anm3QDgpJLIm9Nao0Yz1ztcQTwFspd3yD65VohhpuuCOmLASjC" crossorigin="anonymous">
    <title>arduino-testlib report</title>
	<style>
	.pass { background-color: #00FF00 !important; }
	.fail { background-color: #FF0000 !important; }
	</style>
  </head>
  <body>
	<div class="container">
		<div class="row">
			<div class="col">
				<h1>OpenDevice - compatibility matrix</h1>
				<p>
					<small>This report was generated on Wednesday, 23-Feb-22 22:48:15 CET using 
					<a href="https://github.com/alranel/arduino-testlib">arduino-testlib</a>.</small>
				</p>

				<h2>OpenDevice</h2>
				<p>
					Version: <b>0.5.4</b>
					<br />
					<a href="https://www.arduino.cc/reference/en/libraries/opendevice/">More details</a>
				</p>

				<h2>Compatibility matrix</h2>
				<table class="table table-bordered">
					<tr>
						<th>Board</th>
						<th>Claims compatibility</th>
						<th>Inclusion</th>
						
						<th><pre>ClearConfig</pre></th>
						
						<th><pre>CustomSensor</pre></th>
						
						<th><pre>DHTSensor</pre></th>
						
						<th><pre>ESP8266_MQTT</pre></th>
						
						<th><pre>EthernetCustomCommands</pre></th>
						
						<th><pre>BluetoothConnection</pre></th>
						
						<th><pre>BluetoothConnectionSoft</pre></th>
						
						<th><pre>Projects</pre></th>
						
						<th><pre>RF433Sensor</pre></th>
						
						<th><pre>DigisparkBluetoothLowLevel</pre></th>
						
						<th><pre>ESP8266WiFi_AT</pre></th>
						
						<th><pre>EnergiaLaunchPadBasic</pre></th>
						
						<th><pre>EthernetConnection</pre></th>
						
						<th><pre>RFIDSensor</pre></th>
						
						<th><pre>Alexa4OpenDevice</pre></th>
						
						<th><pre>ESP8269asBridge</pre></th>
						
						<th><pre>UsbConnection</pre></th>
						
						<th><pre>UserCommands</pre></th>
						
						<th><pre>YunMQTT</pre></th>
						
					</tr>
					
					<tr>
						<td>
							<a href="#arduino%3aavr%3auno"><b>arduino:avr:uno</b></a>
							<br />
							<small>1.8.4</small>
						</td>

						
							<td>Yes</td>
							<td class="pass">PASS</td>
						
						
						
						

						
							
								
									
										
									
										
									
										
									
										
											<td class="pass">PASS</td>
											
										
									
										
									
										
									
										
									
										
									
										
									
										
									
										
									
										
									
										
									
										
									
										
									
										
									
										
									
										
									
										
									
								
							
								
							
								
							
								
							
								
							
						
							
								
									
										
									
										
									
										
									
										
									
										
											
											<td class="fail">FAIL</td>
										
									
										
									
										
									
										
									
										
									
										
									
										
									
										
									
										
									
										
									
										
									
										
									
										
									
										
									
										
									
								
							
								
							
								
							
								
							
								
							
						
							
								
									
										
									
										
									
										
									
										
									
										
									
										
											
											<td class="fail">FAIL</td>
										
									
										
									
										
									
										
									
										
									
										
									
										
									
										
									
										
									
										
									
										
									
										
									
										
									
										
									
								
							
								
							
								
							
								
							
								
							
						
							
								
									
										
									
										
									
										
									
										
									
										
									
										
									
										
									
										
									
										
											
											<td class="fail">FAIL</td>
										
									
										
									
										
									
										
									
										
									
										
									
										
									
										
									
										
									
										
									
										
									
								
							
								
							
								
							
								
							
								
							
						
							
								
									
										
									
										
									
										
									
										
									
										
									
										
									
										
									
										
									
										
									
										
									
										
									
										
									
										
											<td class="pass">PASS</td>
											
										
									
										
									
										
									
										
									
										
									
										
									
										
									
								
							
								
							
								
							
								
							
								
							
						
							
								
									
										
									
										
											
											<td class="fail">FAIL</td>
										
									
										
									
										
									
										
									
										
									
										
									
										
									
										
									
										
									
										
									
										
									
										
									
										
									
										
									
										
									
										
									
										
									
										
									
								
							
								
							
								
							
								
							
								
							
						
							
								
									
										
									
										
									
										
											
											<td class="fail">FAIL</td>
										
									
										
									
										
									
										
									
										
									
										
									
										
									
										
									
										
									
										
									
										
									
										
									
										
									
										
									
										
									
										
									
										
									
								
							
								
							
								
							
								
							
								
							
						
							
								
									
										
									
										
									
										
									
										
									
										
									
										
									
										
									
										
									
										
									
										
									
										
									
										
									
										
									
										
											
											<td class="fail">FAIL</td>
										
									
										
									
										
									
										
									
										
									
										
									
								
							
								
							
								
							
								
							
								
							
						
							
								
									
										
									
										
									
										
									
										
									
										
									
										
									
										
									
										
									
										
									
										
									
										
									
										
									
										
									
										
									
										
											
											<td class="fail">FAIL</td>
										
									
										
									
										
									
										
									
										
									
								
							
								
							
								
							
								
							
								
							
						
							
								
									
										
									
										
									
										
									
										
									
										
									
										
									
										
											
											<td class="fail">FAIL</td>
										
									
										
									
										
									
										
									
										
									
										
									
										
									
										
									
										
									
										
									
										
									
										
									
										
									
								
							
								
							
								
							
								
							
								
							
						
							
								
									
										
									
										
									
										
									
										
									
										
									
										
									
										
									
										
											
											<td class="fail">FAIL</td>
										
									
										
									
										
									
										
									
										
									
										
									
										
									
										
									
										
									
										
									
										
									
										
									
								
							
								
							
								
							
								
							
								
							
						
							
								
									
										
									
										
									
										
									
										
									
										
									
										
									
										
									
										
									
										
									
										
									
										
											
											<td class="fail">FAIL</td>
										
									
										
									
										
									
										
									
										
									
										
									
										
									
										
									
										
									
								
							
								
							
								
							
								
							
								
							
						
							
								
									
										
									
										
									
										
									
										
									
										
									
										
									
										
									
										
									
										
									
										
									
										
									
										
											<td class="pass">PASS</td>
											
										
									
										
									
										
									
										
									
										
									
										
									
										
									
										
									
								
							
								
							
								
							
								
							
								
							
						
							
								
									
										
									
										
									
										
									
										
									
										
									
										
									
										
									
										
									
										
									
										
									
										
									
										
									
										
									
										
									
										
									
										
											
											<td class="fail">FAIL</td>
										
									
										
									
										
									
										
									
								
							
								
							
								
							
								
							
								
							
						
							
								
									
										
											
											<td class="fail">FAIL</td>
										
									
										
									
										
									
										
									
										
									
										
									
										
									
										
									
										
									
										
									
										
									
										
									
										
									
										
									
										
									
										
									
										
									
										
									
										
									
								
							
								
							
								
							
								
							
								
							
						
							
								
									
										
									
										
									
										
									
										
									
										
									
										
									
										
									
										
									
										
									
										
											
											<td class="fail">FAIL</td>
										
									
										
									
										
									
										
									
										
									
										
									
										
									
										
									
										
									
										
									
								
							
								
							
								
							
								
							
								
							
						
							
								
									
										
									
										
									
										
									
										
									
										
									
										
									
										
									
										
									
										
									
										
									
										
									
										
									
										
									
										
									
										
									
										
									
										
											<td class="pass">PASS</td>
											
										
									
										
									
										
									
								
							
								
							
								
							
								
							
								
							
						
							
								
									
										
									
										
									
										
									
										
									
										
									
										
									
										
									
										
									
										
									
										
									
										
									
										
									
										
									
										
									
										
									
										
									
										
									
										
											<td class="pass">PASS</td>
											
										
									
										
									
								
							
								
							
								
							
								
							
								
							
						
							
								
									
										
									
										
									
										
									
										
									
										
									
										
									
										
									
										
									
										
									
										
									
										
									
										
									
										
									
										
									
										
									
										
									
										
									
										
									
										
											<td class="pass">PASS</td>
											
										
									
								
							
								
							
								
							
								
							
								
							
						
					</tr>
					
					<tr>
						<td>
							<a href="#arduino%3ambed_nano%3ananorp2040connect"><b>arduino:mbed_nano:nanorp2040connect</b></a>
							<br />
							<small>2.7.2</small>
						</td>

						
						
						
						
							<td>No</td>
							<td class="fail">FAIL</td>
						

						
							
								
							
								
									
										
									
										
									
										
									
										
											
											<td class="fail">FAIL</td>
										
									
										
									
										
									
										
									
										
									
										
									
										
									
										
									
										
									
										
									
										
									
										
									
										
									
										
									
										
									
										
									
								
							
								
							
								
							
								
							
						
							
								
							
								
									
										
									
										
									
										
									
										
									
										
											
											<td class="fail">FAIL</td>
										
									
										
									
										
									
										
									
										
									
										
									
										
									
										
									
										
									
										
									
										
									
										
									
										
									
										
									
										
									
								
							
								
							
								
							
								
							
						
							
								
							
								
									
										
									
										
									
										
									
										
									
										
									
										
											
											<td class="fail">FAIL</td>
										
									
										
									
										
									
										
									
										
									
										
									
										
									
										
									
										
									
										
									
										
									
										
									
										
									
										
									
								
							
								
							
								
							
								
							
						
							
								
							
								
									
										
									
										
									
										
									
										
									
										
									
										
									
										
									
										
									
										
											
											<td class="fail">FAIL</td>
										
									
										
									
										
									
										
									
										
									
										
									
										
									
										
									
										
									
										
									
										
									
								
							
								
							
								
							
								
							
						
							
								
							
								
									
										
									
										
									
										
									
										
									
										
									
										
									
										
									
										
									
										
									
										
									
										
									
										
									
										
											
											<td class="fail">FAIL</td>
										
									
										
									
										
									
										
									
										
									
										
									
										
									
								
							
								
							
								
							
								
							
						
							
								
							
								
									
										
									
										
											
											<td class="fail">FAIL</td>
										
									
										
									
										
									
										
									
										
									
										
									
										
									
										
									
										
									
										
									
										
									
										
									
										
									
										
									
										
									
										
									
										
									
										
									
								
							
								
							
								
							
								
							
						
							
								
							
								
									
										
									
										
									
										
											
											<td class="fail">FAIL</td>
										
									
										
									
										
									
										
									
										
									
										
									
										
									
										
									
										
									
										
									
										
									
										
									
										
									
										
									
										
									
										
									
										
									
								
							
								
							
								
							
								
							
						
							
								
							
								
									
										
									
										
									
										
									
										
									
										
									
										
									
										
									
										
									
										
									
										
									
										
									
										
									
										
									
										
											
											<td class="fail">FAIL</td>
										
									
										
									
										
									
										
									
										
									
										
									
								
							
								
							
								
							
								
							
						
							
								
							
								
									
										
									
										
									
										
									
										
									
										
									
										
									
										
									
										
									
										
									
										
									
										
									
										
									
										
									
										
									
										
											
											<td class="fail">FAIL</td>
										
									
										
									
										
									
										
									
										
									
								
							
								
							
								
							
								
							
						
							
								
							
								
									
										
									
										
									
										
									
										
									
										
									
										
									
										
											
											<td class="fail">FAIL</td>
										
									
										
									
										
									
										
									
										
									
										
									
										
									
										
									
										
									
										
									
										
									
										
									
										
									
								
							
								
							
								
							
								
							
						
							
								
							
								
									
										
									
										
									
										
									
										
									
										
									
										
									
										
									
										
											
											<td class="fail">FAIL</td>
										
									
										
									
										
									
										
									
										
									
										
									
										
									
										
									
										
									
										
									
										
									
										
									
								
							
								
							
								
							
								
							
						
							
								
							
								
									
										
									
										
									
										
									
										
									
										
									
										
									
										
									
										
									
										
									
										
									
										
											
											<td class="fail">FAIL</td>
										
									
										
									
										
									
										
									
										
									
										
									
										
									
										
									
										
									
								
							
								
							
								
							
								
							
						
							
								
							
								
									
										
									
										
									
										
									
										
									
										
									
										
									
										
									
										
									
										
									
										
									
										
									
										
											
											<td class="fail">FAIL</td>
										
									
										
									
										
									
										
									
										
									
										
									
										
									
										
									
								
							
								
							
								
							
								
							
						
							
								
							
								
									
										
									
										
									
										
									
										
									
										
									
										
									
										
									
										
									
										
									
										
									
										
									
										
									
										
									
										
									
										
									
										
											
											<td class="fail">FAIL</td>
										
									
										
									
										
									
										
									
								
							
								
							
								
							
								
							
						
							
								
							
								
									
										
											
											<td class="fail">FAIL</td>
										
									
										
									
										
									
										
									
										
									
										
									
										
									
										
									
										
									
										
									
										
									
										
									
										
									
										
									
										
									
										
									
										
									
										
									
										
									
								
							
								
							
								
							
								
							
						
							
								
							
								
									
										
									
										
									
										
									
										
									
										
									
										
									
										
									
										
									
										
									
										
											
											<td class="fail">FAIL</td>
										
									
										
									
										
									
										
									
										
									
										
									
										
									
										
									
										
									
										
									
								
							
								
							
								
							
								
							
						
							
								
							
								
									
										
									
										
									
										
									
										
									
										
									
										
									
										
									
										
									
										
									
										
									
										
									
										
									
										
									
										
									
										
									
										
									
										
											
											<td class="fail">FAIL</td>
										
									
										
									
										
									
								
							
								
							
								
							
								
							
						
							
								
							
								
									
										
									
										
									
										
									
										
									
										
									
										
									
										
									
										
									
										
									
										
									
										
									
										
									
										
									
										
									
										
									
										
									
										
									
										
											
											<td class="fail">FAIL</td>
										
									
										
									
								
							
								
							
								
							
								
							
						
							
								
							
								
									
										
									
										
									
										
									
										
									
										
									
										
									
										
									
										
									
										
									
										
									
										
									
										
									
										
									
										
									
										
									
										
									
										
									
										
									
										
											
											<td class="fail">FAIL</td>
										
									
								
							
								
							
								
							
								
							
						
					</tr>
					
					<tr>
						<td>
							<a href="#arduino%3amegaavr%3anona4809"><b>arduino:megaavr:nona4809</b></a>
							<br />
							<small>1.8.7</small>
						</td>

						
						
							<td>No ⚠️</td>
							<td class="pass">PASS</td>
						
						
						

						
							
								
							
								
							
								
									
										
									
										
									
										
									
										
											<td class="pass">PASS</td>
											
										
									
										
									
										
									
										
									
										
									
										
									
										
									
										
									
										
									
										
									
										
									
										
									
										
									
										
									
										
									
										
									
								
							
								
							
								
							
						
							
								
							
								
							
								
									
										
									
										
									
										
									
										
									
										
											
											<td class="fail">FAIL</td>
										
									
										
									
										
									
										
									
										
									
										
									
										
									
										
									
										
									
										
									
										
									
										
									
										
									
										
									
										
									
								
							
								
							
								
							
						
							
								
							
								
							
								
									
										
									
										
									
										
									
										
									
										
									
										
											
											<td class="fail">FAIL</td>
										
									
										
									
										
									
										
									
										
									
										
									
										
									
										
									
										
									
										
									
										
									
										
									
										
									
										
									
								
							
								
							
								
							
						
							
								
							
								
							
								
									
										
									
										
									
										
									
										
									
										
									
										
									
										
									
										
									
										
											
											<td class="fail">FAIL</td>
										
									
										
									
										
									
										
									
										
									
										
									
										
									
										
									
										
									
										
									
										
									
								
							
								
							
								
							
						
							
								
							
								
							
								
									
										
									
										
									
										
									
										
									
										
									
										
									
										
									
										
									
										
									
										
									
										
									
										
									
										
											<td class="pass">PASS</td>
											
										
									
										
									
										
									
										
									
										
									
										
									
										
									
								
							
								
							
								
							
						
							
								
							
								
							
								
									
										
									
										
											<td class="pass">PASS</td>
											
										
									
										
									
										
									
										
									
										
									
										
									
										
									
										
									
										
									
										
									
										
									
										
									
										
									
										
									
										
									
										
									
										
									
										
									
								
							
								
							
								
							
						
							
								
							
								
							
								
									
										
									
										
									
										
											
											<td class="fail">FAIL</td>
										
									
										
									
										
									
										
									
										
									
										
									
										
									
										
									
										
									
										
									
										
									
										
									
										
									
										
									
										
									
										
									
										
									
								
							
								
							
								
							
						
							
								
							
								
							
								
									
										
									
										
									
										
									
										
									
										
									
										
									
										
									
										
									
										
									
										
									
										
									
										
									
										
									
										
											
											<td class="fail">FAIL</td>
										
									
										
									
										
									
										
									
										
									
										
									
								
							
								
							
								
							
						
							
								
							
								
							
								
									
										
									
										
									
										
									
										
									
										
									
										
									
										
									
										
									
										
									
										
									
										
									
										
									
										
									
										
									
										
											
											<td class="fail">FAIL</td>
										
									
										
									
										
									
										
									
										
									
								
							
								
							
								
							
						
							
								
							
								
							
								
									
										
									
										
									
										
									
										
									
										
									
										
									
										
											
											<td class="fail">FAIL</td>
										
									
										
									
										
									
										
									
										
									
										
									
										
									
										
									
										
									
										
									
										
									
										
									
										
									
								
							
								
							
								
							
						
							
								
							
								
							
								
									
										
									
										
									
										
									
										
									
										
									
										
									
										
									
										
											
											<td class="fail">FAIL</td>
										
									
										
									
										
									
										
									
										
									
										
									
										
									
										
									
										
									
										
									
										
									
										
									
								
							
								
							
								
							
						
							
								
							
								
							
								
									
										
									
										
									
										
									
										
									
										
									
										
									
										
									
										
									
										
									
										
									
										
											
											<td class="fail">FAIL</td>
										
									
										
									
										
									
										
									
										
									
										
									
										
									
										
									
										
									
								
							
								
							
								
							
						
							
								
							
								
							
								
									
										
									
										
									
										
									
										
									
										
									
										
									
										
									
										
									
										
									
										
									
										
									
										
											<td class="pass">PASS</td>
											
										
									
										
									
										
									
										
									
										
									
										
									
										
									
										
									
								
							
								
							
								
							
						
							
								
							
								
							
								
									
										
									
										
									
										
									
										
									
										
									
										
									
										
									
										
									
										
									
										
									
										
									
										
									
										
									
										
									
										
									
										
											
											<td class="fail">FAIL</td>
										
									
										
									
										
									
										
									
								
							
								
							
								
							
						
							
								
							
								
							
								
									
										
											
											<td class="fail">FAIL</td>
										
									
										
									
										
									
										
									
										
									
										
									
										
									
										
									
										
									
										
									
										
									
										
									
										
									
										
									
										
									
										
									
										
									
										
									
										
									
								
							
								
							
								
							
						
							
								
							
								
							
								
									
										
									
										
									
										
									
										
									
										
									
										
									
										
									
										
									
										
									
										
											
											<td class="fail">FAIL</td>
										
									
										
									
										
									
										
									
										
									
										
									
										
									
										
									
										
									
										
									
								
							
								
							
								
							
						
							
								
							
								
							
								
									
										
									
										
									
										
									
										
									
										
									
										
									
										
									
										
									
										
									
										
									
										
									
										
									
										
									
										
									
										
									
										
									
										
											<td class="pass">PASS</td>
											
										
									
										
									
										
									
								
							
								
							
								
							
						
							
								
							
								
							
								
									
										
									
										
									
										
									
										
									
										
									
										
									
										
									
										
									
										
									
										
									
										
									
										
									
										
									
										
									
										
									
										
									
										
									
										
											<td class="pass">PASS</td>
											
										
									
										
									
								
							
								
							
								
							
						
							
								
							
								
							
								
									
										
									
										
									
										
									
										
									
										
									
										
									
										
									
										
									
										
									
										
									
										
									
										
									
										
									
										
									
										
									
										
									
										
									
										
									
										
											<td class="pass">PASS</td>
											
										
									
								
							
								
							
								
							
						
					</tr>
					
					<tr>
						<td>
							<a href="#arduino%3asamd%3amkrwifi1010"><b>arduino:samd:mkrwifi1010</b></a>
							<br />
							<small>1.8.12</small>
						</td>

						
						
						
						
							<td>No</td>
							<td class="fail">FAIL</td>
						

						
							
								
							
								
							
								
							
								
									
										
									
										
									
										
									
										
											
											<td class="fail">FAIL</td>
										
									
										
									
										
									
										
									
										
									
										
									
										
									
										
									
										
									
										
									
										
									
										
									
										
									
										
									
										
									
										
									
								
							
								
							
						
							
								
							
								
							
								
							
								
									
										
									
										
									
										
									
										
									
										
											
											<td class="fail">FAIL</td>
										
									
										
									
										
									
										
									
										
									
										
									
										
									
										
									
										
									
										
									
										
									
										
									
										
									
										
									
										
									
								
							
								
							
						
							
								
							
								
							
								
							
								
									
										
									
										
									
										
									
										
									
										
									
										
											
											<td class="fail">FAIL</td>
										
									
										
									
										
									
										
									
										
									
										
									
										
									
										
									
										
									
										
									
										
									
										
									
										
									
										
									
								
							
								
							
						
							
								
							
								
							
								
							
								
									
										
									
										
									
										
									
										
									
										
									
										
									
										
									
										
									
										
											
											<td class="fail">FAIL</td>
										
									
										
									
										
									
										
									
										
									
										
									
										
									
										
									
										
									
										
									
										
									
								
							
								
							
						
							
								
							
								
							
								
							
								
									
										
									
										
									
										
									
										
									
										
									
										
									
										
									
										
									
										
									
										
									
										
									
										
									
										
											
											<td class="fail">FAIL</td>
										
									
										
									
										
									
										
									
										
									
										
									
										
									
								
							
								
							
						
							
								
							
								
							
								
							
								
									
										
									
										
											
											<td class="fail">FAIL</td>
										
									
										
									
										
									
										
									
										
									
										
									
										
									
										
									
										
									
										
									
										
									
										
									
										
									
										
									
										
									
										
									
										
									
										
									
								
							
								
							
						
							
								
							
								
							
								
							
								
									
										
									
										
									
										
											
											<td class="fail">FAIL</td>
										
									
										
									
										
									
										
									
										
									
										
									
										
									
										
									
										
									
										
									
										
									
										
									
										
									
										
									
										
									
										
									
										
									
								
							
								
							
						
							
								
							
								
							
								
							
								
									
										
									
										
									
										
									
										
									
										
									
										
									
										
									
										
									
										
									
										
									
										
									
										
									
										
									
										
											
											<td class="fail">FAIL</td>
										
									
										
									
										
									
										
									
										
									
										
									
								
							
								
							
						
							
								
							
								
							
								
							
								
									
										
									
										
									
										
									
										
									
										
									
										
									
										
									
										
									
										
									
										
									
										
									
										
									
										
									
										
									
										
											
											<td class="fail">FAIL</td>
										
									
										
									
										
									
										
									
										
									
								
							
								
							
						
							
								
							
								
							
								
							
								
									
										
									
										
									
										
									
										
									
										
									
										
									
										
											
											<td class="fail">FAIL</td>
										
									
										
									
										
									
										
									
										
									
										
									
										
									
										
									
										
									
										
									
										
									
										
									
										
									
								
							
								
							
						
							
								
							
								
							
								
							
								
									
										
									
										
									
										
									
										
									
										
									
										
									
										
									
										
											
											<td class="fail">FAIL</td>
										
									
										
									
										
									
										
									
										
									
										
									
										
									
										
									
										
									
										
									
										
									
										
									
								
							
								
							
						
							
								
							
								
							
								
							
								
									
										
									
										
									
										
									
										
									
										
									
										
									
										
									
										
									
										
									
										
									
										
											
											<td class="fail">FAIL</td>
										
									
										
									
										
									
										
									
										
									
										
									
										
									
										
									
										
									
								
							
								
							
						
							
								
							
								
							
								
							
								
									
										
									
										
									
										
									
										
									
										
									
										
									
										
									
										
									
										
									
										
									
										
									
										
											
											<td class="fail">FAIL</td>
										
									
										
									
										
									
										
									
										
									
										
									
										
									
										
									
								
							
								
							
						
							
								
							
								
							
								
							
								
									
										
									
										
									
										
									
										
									
										
									
										
									
										
									
										
									
										
									
										
									
										
									
										
									
										
									
										
									
										
									
										
											
											<td class="fail">FAIL</td>
										
									
										
									
										
									
										
									
								
							
								
							
						
							
								
							
								
							
								
							
								
									
										
											
											<td class="fail">FAIL</td>
										
									
										
									
										
									
										
									
										
									
										
									
										
									
										
									
										
									
										
									
										
									
										
									
										
									
										
									
										
									
										
									
										
									
										
									
										
									
								
							
								
							
						
							
								
							
								
							
								
							
								
									
										
									
										
									
										
									
										
									
										
									
										
									
										
									
										
									
										
									
										
											
											<td class="fail">FAIL</td>
										
									
										
									
										
									
										
									
										
									
										
									
										
									
										
									
										
									
										
									
								
							
								
							
						
							
								
							
								
							
								
							
								
									
										
									
										
									
										
									
										
									
										
									
										
									
										
									
										
									
										
									
										
									
										
									
										
									
										
									
										
									
										
									
										
									
										
											
											<td class="fail">FAIL</td>
										
									
										
									
										
									
								
							
								
							
						
							
								
							
								
							
								
							
								
									
										
									
										
									
										
									
										
									
										
									
										
									
										
									
										
									
										
									
										
									
										
									
										
									
										
									
										
									
										
									
										
									
										
									
										
											
											<td class="fail">FAIL</td>
										
									
										
									
								
							
								
							
						
							
								
							
								
							
								
							
								
									
										
									
										
									
										
									
										
									
										
									
										
									
										
									
										
									
										
									
										
									
										
									
										
									
										
									
										
									
										
									
										
									
										
									
										
									
										
											
											<td class="fail">FAIL</td>
										
									
								
							
								
							
						
					</tr>
					
					<tr>
						<td>
							<a href="#esp32%3aesp32%3ad1_mini32"><b>esp32:esp32:d1_mini32</b></a>
							<br />
							<small>1.0.6</small>
						</td>

						
						
						
						
							<td>No</td>
							<td class="fail">FAIL</td>
						

						
							
								
							
								
							
								
							
								
							
								
									
										
									
										
									
										
									
										
											
											<td class="fail">FAIL</td>
										
									
										
									
										
									
										
									
										
									
										
									
										
									
										
									
										
									
										
									
										
									
										
									
										
									
										
									
										
									
										
									
								
							
						
							
								
							
								
							
								
							
								
							
								
									
										
									
										
									
										
									
										
									
										
											
											<td class="fail">FAIL</td>
										
									
										
									
										
									
										
									
										
									
										
									
										
									
										
									
										
									
										
									
										
									
										
									
										
									
										
									
										
									
								
							
						
							
								
							
								
							
								
							
								
							
								
									
										
									
										
									
										
									
										
									
										
									
										
											
											<td class="fail">FAIL</td>
										
									
										
									
										
									
										
									
										
									
										
									
										
									
										
									
										
									
										
									
										
									
										
									
										
									
										
									
								
							
						
							
								
							
								
							
								
							
								
							
								
									
										
									
										
									
										
									
										
									
										
									
										
									
										
									
										
									
										
											
											<td class="fail">FAIL</td>
										
									
										
									
										
									
										
									
										
									
										
									
										
									
										
									
										
									
										
									
										
									
								
							
						
							
								
							
								
							
								
							
								
							
								
									
										
									
										
									
										
									
										
									
										
									
										
									
										
									
										
									
										
									
										
									
										
									
										
									
										
											
											<td class="fail">FAIL</td>
										
									
										
									
										
									
										
									
										
									
										
									
										
									
								
							
						
							
								
							
								
							
								
							
								
							
								
									
										
									
										
											
											<td class="fail">FAIL</td>
										
									
										
									
										
									
										
									
										
									
										
									
										
									
										
									
										
									
										
									
										
									
										
									
										
									
										
									
										
									
										
									
										
									
										
									
								
							
						
							
								
							
								
							
								
							
								
							
								
									
										
									
										
									
										
											
											<td class="fail">FAIL</td>
										
									
										
									
										
									
										
									
										
									
										
									
										
									
										
									
										
									
										
									
										
									
										
									
										
									
										
									
										
									
										
									
										
									
								
							
						
							
								
							
								
							
								
							
								
							
								
									
										
									
										
									
										
									
										
									
										
									
										
									
										
									
										
									
										
									
										
									
										
									
										
									
										
									
										
											
											<td class="fail">FAIL</td>
										
									
										
									
										
									
										
									
										
									
										
									
								
							
						
							
								
							
								
							
								
							
								
							
								
									
										
									
										
									
										
									
										
									
										
									
										
									
										
									
										
									
										
									
										
									
										
									
										
									
										
									
										
									
										
											
											<td class="fail">FAIL</td>
										
									
										
									
										
									
										
									
										
									
								
							
						
							
								
							
								
							
								
							
								
							
								
									
										
									
										
									
										
									
										
									
										
									
										
									
										
											
											<td class="fail">FAIL</td>
										
									
										
									
										
									
										
									
										
									
										
									
										
									
										
									
										
									
										
									
										
									
										
									
										
									
								
							
						
							
								
							
								
							
								
							
								
							
								
									
										
									
										
									
										
									
										
									
										
									
										
									
										
									
										
											
											<td class="fail">FAIL</td>
										
									
										
									
										
									
										
									
										
									
										
									
										
									
										
									
										
									
										
									
										
									
										
									
								
							
						
							
								
							
								
							
								
							
								
							
								
									
										
									
										
									
										
									
										
									
										
									
										
									
										
									
										
									
										
									
										
									
										
											
											<td class="fail">FAIL</td>
										
									
										
									
										
									
										
									
										
									
										
									
										
									
										
									
										
									
								
							
						
							
								
							
								
							
								
							
								
							
								
									
										
									
										
									
										
									
										
									
										
									
										
									
										
									
										
									
										
									
										
									
										
									
										
											
											<td class="fail">FAIL</td>
										
									
										
									
										
									
										
									
										
									
										
									
										
									
										
									
								
							
						
							
								
							
								
							
								
							
								
							
								
									
										
									
										
									
										
									
										
									
										
									
										
									
										
									
										
									
										
									
										
									
										
									
										
									
										
									
										
									
										
									
										
											
											<td class="fail">FAIL</td>
										
									
										
									
										
									
										
									
								
							
						
							
								
							
								
							
								
							
								
							
								
									
										
											
											<td class="fail">FAIL</td>
										
									
										
									
										
									
										
									
										
									
										
									
										
									
										
									
										
									
										
									
										
									
										
									
										
									
										
									
										
									
										
									
										
									
										
									
										
									
								
							
						
							
								
							
								
							
								
							
								
							
								
									
										
									
										
									
										
									
										
									
										
									
										
									
										
									
										
									
										
									
										
											
											<td class="fail">FAIL</td>
										
									
										
									
										
									
										
									
										
									
										
									
										
									
										
									
										
									
										
									
								
							
						
							
								
							
								
							
								
							
								
							
								
									
										
									
										
									
										
									
										
									
										
									
										
									
										
									
										
									
										
									
										
									
										
									
										
									
										
									
										
									
										
									
										
									
										
											
											<td class="fail">FAIL</td>
										
									
										
									
										
									
								
							
						
							
								
							
								
							
								
							
								
							
								
									
										
									
										
									
										
									
										
									
										
									
										
									
										
									
										
									
										
									
										
									
										
									
										
									
										
									
										
									
										
									
										
									
										
									
										
											
											<td class="fail">FAIL</td>
										
									
										
									
								
							
						
							
								
							
								
							
								
							
								
							
								
									
										
									
										
									
										
									
										
									
										
									
										
									
										
									
										
									
										
									
										
									
										
									
										
									
										
									
										
									
										
									
										
									
										
									
										
									
										
											
											<td class="fail">FAIL</td>
										
									
								
							
						
					</tr>
					
				</table>

				<h2>Compilation logs</h2>
				
				<h3 id="arduino:avr:uno">arduino:avr:uno @ 1.8.4</h3>
				<h4>Inclusion</h4>
				<p>
					Result: <b>PASS</b>
					
				</p>
				<pre class="pre-scrollable">Sketch uses 3050 bytes (9%) of program storage space. Maximum is 32256 bytes.
Global variables use 511 bytes (24%) of dynamic memory, leaving 1537 bytes for local variables. Maximum is 2048 bytes.
</pre>

					
					<h4>examples/Alexa4OpenDevice</h4>
					<p>
						Result: <b>FAIL</b>
					</p>
					<pre class="pre-scrollable">/Users/alranel/Documents/git/arduino/arduino-testlib/cli-datadir/user/libraries/OpenDevice/examples/Alexa4OpenDevice/Alexa4OpenDevice.ino:20:10: fatal error: ESP8266WiFi.h: No such file or directory
 #include &lt;ESP8266WiFi.h&gt;  // Enable ESP8266 Embedded
          ^~~~~~~~~~~~~~~
compilation terminated.

</pre>
					
					<h4>examples/BluetoothConnection</h4>
					<p>
						Result: <b>FAIL</b>
					</p>
					<pre class="pre-scrollable">/Users/alranel/Documents/git/arduino/arduino-testlib/cli-datadir/user/libraries/OpenDevice/examples/BluetoothConnection/BluetoothConnection.ino: In function &#39;void setup()&#39;:
/Users/alranel/Documents/git/arduino/arduino-testlib/cli-datadir/user/libraries/OpenDevice/examples/BluetoothConnection/BluetoothConnection.ino:11:16: error: &#39;Serial1&#39; was not declared in this scope
     ODev.begin(Serial1, 9600); //-- for Leonardo, Teensy (Rx:0,Tx:1)
                ^~~~~~~
/Users/alranel/Documents/git/arduino/arduino-testlib/cli-datadir/user/libraries/OpenDevice/examples/BluetoothConnection/BluetoothConnection.ino:11:16: note: suggested alternative: &#39;Serial&#39;
     ODev.begin(Serial1, 9600); //-- for Leonardo, Teensy (Rx:0,Tx:1)
                ^~~~~~~
                Serial
Multiple libraries were found for &#34;EEPROM.h&#34;
  Used: /Users/alranel/Documents/git/arduino/arduino-testlib/cli-datadir/data/packages/arduino/hardware/avr/1.8.4/libraries/EEPROM
  Not used: /Users/alranel/Documents/git/arduino/arduino-testlib/cli-datadir/user/libraries/Hello_Drum
  Not used: /Users/alranel/Documents/git/arduino/arduino-testlib/cli-datadir/user/libraries/arduino-NVM
Multiple libraries were found for &#34;PubSubClient.h&#34;
  Used: /Users/alranel/Documents/git/arduino/arduino-testlib/cli-datadir/user/libraries/PubSubClient
  Not used: /Users/alranel/Documents/git/arduino/arduino-testlib/cli-datadir/user/libraries/AIS_4G_board
  Not used: /Users/alranel/Documents/git/arduino/arduino-testlib/cli-datadir/user/libraries/ACS-M1128
  Not used: /Users/alranel/Documents/git/arduino/arduino-testlib/cli-datadir/user/libraries/AllThingsTalk_WiFi_SDK
  Not used: /Users/alranel/Documents/git/arduino/arduino-testlib/cli-datadir/user/libraries/AzureIoTHubMQTTClient
  Not used: /Users/alranel/Documents/git/arduino/arduino-testlib/cli-datadir/user/libraries/ESP8266_Microgear
  Not used: /Users/alranel/Documents/git/arduino/arduino-testlib/cli-datadir/user/libraries/CMMC_MQTT_Connector
  Not used: /Users/alranel/Documents/git/arduino/arduino-testlib/cli-datadir/user/libraries/Antares_ESP8266_MQTT
</pre>
					
					<h4>examples/BluetoothConnectionSoft</h4>
					<p>
						Result: <b>FAIL</b>
					</p>
					<pre class="pre-scrollable">/Users/alranel/Documents/git/arduino/arduino-testlib/cli-datadir/user/libraries/OpenDevice/examples/BluetoothConnectionSoft/BluetoothConnectionSoft.ino:7:10: fatal error: SoftSerial.h: No such file or directory
 #include &lt;SoftSerial.h&gt;
          ^~~~~~~~~~~~~~
compilation terminated.

</pre>
					
					<h4>examples/ClearConfig</h4>
					<p>
						Result: <b>PASS</b>
					</p>
					<pre class="pre-scrollable">Sketch uses 12730 bytes (39%) of program storage space. Maximum is 32256 bytes.
Global variables use 627 bytes (30%) of dynamic memory, leaving 1421 bytes for local variables. Maximum is 2048 bytes.
</pre>
					
					<h4>examples/CustomSensor</h4>
					<p>
						Result: <b>FAIL</b>
					</p>
					<pre class="pre-scrollable">/Users/alranel/Documents/git/arduino/arduino-testlib/cli-datadir/user/libraries/OpenDevice/examples/CustomSensor/CustomSensor.ino: In function &#39;void setup()&#39;:
/Users/alranel/Documents/git/arduino/arduino-testlib/cli-datadir/user/libraries/OpenDevice/examples/CustomSensor/CustomSensor.ino:22:28: error: no matching function for call to &#39;OpenDeviceClass::addSensor(value_t (&amp;)())&#39;
     ODev.addSensor(readRfid); // ID:1
                            ^
In file included from /Users/alranel/Documents/git/arduino/arduino-testlib/cli-datadir/user/libraries/OpenDevice/examples/CustomSensor/CustomSensor.ino:10:0:
/Users/alranel/Documents/git/arduino/arduino-testlib/cli-datadir/user/libraries/OpenDevice/src/OpenDevice.h:415:10: note: candidate: Device* OpenDeviceClass::addSensor(const char*, uint16_t, Device::DeviceType, uint8_t)
  Device* addSensor(const char* name, uint16_t pin, Device::DeviceType type, uint8_t targetID);
          ^~~~~~~~~
/Users/alranel/Documents/git/arduino/arduino-testlib/cli-datadir/user/libraries/OpenDevice/src/OpenDevice.h:415:10: note:   candidate expects 4 arguments, 1 provided
/Users/alranel/Documents/git/arduino/arduino-testlib/cli-datadir/user/libraries/OpenDevice/src/OpenDevice.h:416:10: note: candidate: Device* OpenDeviceClass::addSensor(const char*, uint16_t, Device::DeviceType)
  Device* addSensor(const char* name, uint16_t pin, Device::DeviceType type);
          ^~~~~~~~~
/Users/alranel/Documents/git/arduino/arduino-testlib/cli-datadir/user/libraries/OpenDevice/src/OpenDevice.h:416:10: note:   candidate expects 3 arguments, 1 provided
/Users/alranel/Documents/git/arduino/arduino-testlib/cli-datadir/user/libraries/OpenDevice/src/OpenDevice.h:417:10: note: candidate: Device* OpenDeviceClass::addSensor(const char*, Device&amp;)
  Device* addSensor(const char* name, Device&amp; sensor);
          ^~~~~~~~~
/Users/alranel/Documents/git/arduino/arduino-testlib/cli-datadir/user/libraries/OpenDevice/src/OpenDevice.h:417:10: note:   candidate expects 2 arguments, 1 provided
/Users/alranel/Documents/git/arduino/arduino-testlib/cli-datadir/user/libraries/OpenDevice/src/OpenDevice.h:418:10: note: candidate: Device* OpenDeviceClass::addSensor(const char*, Device*)
  Device* addSensor(const char* name, Device* sensor){
          ^~~~~~~~~
/Users/alranel/Documents/git/arduino/arduino-testlib/cli-datadir/user/libraries/OpenDevice/src/OpenDevice.h:418:10: note:   candidate expects 2 arguments, 1 provided
/Users/alranel/Documents/git/arduino/arduino-testlib/cli-datadir/user/libraries/OpenDevice/src/OpenDevice.h:421:10: note: candidate: Device* OpenDeviceClass::addSensor(const char*, value_t (*)())
  Device* addSensor(const char* name, value_t (*function)()){
          ^~~~~~~~~
/Users/alranel/Documents/git/arduino/arduino-testlib/cli-datadir/user/libraries/OpenDevice/src/OpenDevice.h:421:10: note:   candidate expects 2 arguments, 1 provided
Multiple libraries were found for &#34;EEPROM.h&#34;
  Used: /Users/alranel/Documents/git/arduino/arduino-testlib/cli-datadir/data/packages/arduino/hardware/avr/1.8.4/libraries/EEPROM
  Not used: /Users/alranel/Documents/git/arduino/arduino-testlib/cli-datadir/user/libraries/arduino-NVM
  Not used: /Users/alranel/Documents/git/arduino/arduino-testlib/cli-datadir/user/libraries/Hello_Drum
Multiple libraries were found for &#34;PubSubClient.h&#34;
  Used: /Users/alranel/Documents/git/arduino/arduino-testlib/cli-datadir/user/libraries/PubSubClient
  Not used: /Users/alranel/Documents/git/arduino/arduino-testlib/cli-datadir/user/libraries/Antares_ESP8266_MQTT
  Not used: /Users/alranel/Documents/git/arduino/arduino-testlib/cli-datadir/user/libraries/CMMC_MQTT_Connector
  Not used: /Users/alranel/Documents/git/arduino/arduino-testlib/cli-datadir/user/libraries/ESP8266_Microgear
  Not used: /Users/alranel/Documents/git/arduino/arduino-testlib/cli-datadir/user/libraries/AzureIoTHubMQTTClient
  Not used: /Users/alranel/Documents/git/arduino/arduino-testlib/cli-datadir/user/libraries/AIS_4G_board
  Not used: /Users/alranel/Documents/git/arduino/arduino-testlib/cli-datadir/user/libraries/AllThingsTalk_WiFi_SDK
  Not used: /Users/alranel/Documents/git/arduino/arduino-testlib/cli-datadir/user/libraries/ACS-M1128
Multiple libraries were found for &#34;MFRC522.h&#34;
  Used: /Users/alranel/Documents/git/arduino/arduino-testlib/cli-datadir/user/libraries/MFRC522
  Not used: /Users/alranel/Documents/git/arduino/arduino-testlib/cli-datadir/user/libraries/MFRC522-spi-i2c-uart-async
</pre>
					
					<h4>examples/DHTSensor</h4>
					<p>
						Result: <b>FAIL</b>
					</p>
					<pre class="pre-scrollable">/Users/alranel/Documents/git/arduino/arduino-testlib/cli-datadir/user/libraries/OpenDevice/examples/DHTSensor/DHTSensor.ino:10:10: fatal error: ESP8266WiFi.h: No such file or directory
 #include &lt;ESP8266WiFi.h&gt;  // Enable ESP8266 Embedded
          ^~~~~~~~~~~~~~~
compilation terminated.

</pre>
					
					<h4>examples/DigisparkBluetoothLowLevel</h4>
					<p>
						Result: <b>FAIL</b>
					</p>
					<pre class="pre-scrollable">/Users/alranel/Documents/git/arduino/arduino-testlib/cli-datadir/user/libraries/OpenDevice/examples/DigisparkBluetoothLowLevel/DigisparkBluetoothLowLevel.ino:9:10: fatal error: SoftSerial.h: No such file or directory
 #include &lt;SoftSerial.h&gt;     /* Allows Pin Change Interrupt Vector Sharing */
          ^~~~~~~~~~~~~~
compilation terminated.

</pre>
					
					<h4>examples/ESP8266WiFi_AT</h4>
					<p>
						Result: <b>FAIL</b>
					</p>
					<pre class="pre-scrollable">/Users/alranel/Documents/git/arduino/arduino-testlib/cli-datadir/user/libraries/OpenDevice/examples/ESP8266WiFi_AT/ESP8266WiFi_AT.ino:16:10: fatal error: ESP8266AT.h: No such file or directory
 #include &lt;ESP8266AT.h&gt; // AT Firmware
          ^~~~~~~~~~~~~
compilation terminated.

</pre>
					
					<h4>examples/ESP8266_MQTT</h4>
					<p>
						Result: <b>FAIL</b>
					</p>
					<pre class="pre-scrollable">/Users/alranel/Documents/git/arduino/arduino-testlib/cli-datadir/user/libraries/OpenDevice/examples/ESP8266_MQTT/ESP8266_MQTT.ino:19:10: fatal error: ESP8266WiFi.h: No such file or directory
 #include &lt;ESP8266WiFi.h&gt;  // Enable ESP8266 Embedded
          ^~~~~~~~~~~~~~~
compilation terminated.

</pre>
					
					<h4>examples/ESP8269asBridge</h4>
					<p>
						Result: <b>FAIL</b>
					</p>
					<pre class="pre-scrollable">/Users/alranel/Documents/git/arduino/arduino-testlib/cli-datadir/user/libraries/OpenDevice/examples/ESP8269asBridge/ESP8269asBridge.ino:5:10: fatal error: ELClient.h: No such file or directory
 #include &lt;ELClient.h&gt;
          ^~~~~~~~~~~~
compilation terminated.

</pre>
					
					<h4>examples/EnergiaLaunchPadBasic</h4>
					<p>
						Result: <b>FAIL</b>
					</p>
					<pre class="pre-scrollable">/Users/alranel/Documents/git/arduino/arduino-testlib/cli-datadir/user/libraries/OpenDevice/examples/EnergiaLaunchPadBasic/EnergiaLaunchPadBasic.ino: In function &#39;void setup()&#39;:
/Users/alranel/Documents/git/arduino/arduino-testlib/cli-datadir/user/libraries/OpenDevice/examples/EnergiaLaunchPadBasic/EnergiaLaunchPadBasic.ino:17:3: error: &#39;OpenDevice&#39; has not been declared
   OpenDevice::debugMode = true;
   ^~~~~~~~~~
/Users/alranel/Documents/git/arduino/arduino-testlib/cli-datadir/user/libraries/OpenDevice/examples/EnergiaLaunchPadBasic/EnergiaLaunchPadBasic.ino:18:3: error: &#39;OpenDevice&#39; has not been declared
   OpenDevice::debugTarget = 0;
   ^~~~~~~~~~
/Users/alranel/Documents/git/arduino/arduino-testlib/cli-datadir/user/libraries/OpenDevice/examples/EnergiaLaunchPadBasic/EnergiaLaunchPadBasic.ino:21:3: error: &#39;Serial1&#39; was not declared in this scope
   Serial1.begin(9600); // Bluetooth
   ^~~~~~~
/Users/alranel/Documents/git/arduino/arduino-testlib/cli-datadir/user/libraries/OpenDevice/examples/EnergiaLaunchPadBasic/EnergiaLaunchPadBasic.ino:21:3: note: suggested alternative: &#39;Serial&#39;
   Serial1.begin(9600); // Bluetooth
   ^~~~~~~
   Serial
/Users/alranel/Documents/git/arduino/arduino-testlib/cli-datadir/user/libraries/OpenDevice/examples/EnergiaLaunchPadBasic/EnergiaLaunchPadBasic.ino:24:3: error: &#39;OpenDevice&#39; has not been declared
   OpenDevice::debug(&#34;Starting...&#34;);
   ^~~~~~~~~~
/Users/alranel/Documents/git/arduino/arduino-testlib/cli-datadir/user/libraries/OpenDevice/examples/EnergiaLaunchPadBasic/EnergiaLaunchPadBasic.ino:26:3: error: &#39;OpenDevice&#39; has not been declared
   OpenDevice::addDevice(RED_LED, Device::DIGITAL);   // ID:1
   ^~~~~~~~~~
/Users/alranel/Documents/git/arduino/arduino-testlib/cli-datadir/user/libraries/OpenDevice/examples/EnergiaLaunchPadBasic/EnergiaLaunchPadBasic.ino:26:25: error: &#39;RED_LED&#39; was not declared in this scope
   OpenDevice::addDevice(RED_LED, Device::DIGITAL);   // ID:1
                         ^~~~~~~
/Users/alranel/Documents/git/arduino/arduino-testlib/cli-datadir/user/libraries/OpenDevice/examples/EnergiaLaunchPadBasic/EnergiaLaunchPadBasic.ino:27:3: error: &#39;OpenDevice&#39; has not been declared
   OpenDevice::addDevice(GREEN_LED, Device::DIGITAL); // ID:2
   ^~~~~~~~~~
/Users/alranel/Documents/git/arduino/arduino-testlib/cli-datadir/user/libraries/OpenDevice/examples/EnergiaLaunchPadBasic/EnergiaLaunchPadBasic.ino:27:25: error: &#39;GREEN_LED&#39; was not declared in this scope
   OpenDevice::addDevice(GREEN_LED, Device::DIGITAL); // ID:2
                         ^~~~~~~~~
/Users/alranel/Documents/git/arduino/arduino-testlib/cli-datadir/user/libraries/OpenDevice/examples/EnergiaLaunchPadBasic/EnergiaLaunchPadBasic.ino:28:3: error: &#39;OpenDevice&#39; has not been declared
   OpenDevice::addDevice(BLUE_LED, Device::DIGITAL);  // ID:3
   ^~~~~~~~~~
/Users/alranel/Documents/git/arduino/arduino-testlib/cli-datadir/user/libraries/OpenDevice/examples/EnergiaLaunchPadBasic/EnergiaLaunchPadBasic.ino:28:25: error: &#39;BLUE_LED&#39; was not declared in this scope
   OpenDevice::addDevice(BLUE_LED, Device::DIGITAL);  // ID:3
                         ^~~~~~~~
/Users/alranel/Documents/git/arduino/arduino-testlib/cli-datadir/user/libraries/OpenDevice/examples/EnergiaLaunchPadBasic/EnergiaLaunchPadBasic.ino:30:3: error: &#39;OpenDevice&#39; has not been declared
   OpenDevice::addSensor(PUSH1, Device::DIGITAL); // ID:4
   ^~~~~~~~~~
/Users/alranel/Documents/git/arduino/arduino-testlib/cli-datadir/user/libraries/OpenDevice/examples/EnergiaLaunchPadBasic/EnergiaLaunchPadBasic.ino:30:25: error: &#39;PUSH1&#39; was not declared in this scope
   OpenDevice::addSensor(PUSH1, Device::DIGITAL); // ID:4
                         ^~~~~
/Users/alranel/Documents/git/arduino/arduino-testlib/cli-datadir/user/libraries/OpenDevice/examples/EnergiaLaunchPadBasic/EnergiaLaunchPadBasic.ino:31:3: error: &#39;OpenDevice&#39; has not been declared
   OpenDevice::addSensor(PUSH2, Device::DIGITAL); // ID:5
   ^~~~~~~~~~
/Users/alranel/Documents/git/arduino/arduino-testlib/cli-datadir/user/libraries/OpenDevice/examples/EnergiaLaunchPadBasic/EnergiaLaunchPadBasic.ino:31:25: error: &#39;PUSH2&#39; was not declared in this scope
   OpenDevice::addSensor(PUSH2, Device::DIGITAL); // ID:5
                         ^~~~~
/Users/alranel/Documents/git/arduino/arduino-testlib/cli-datadir/user/libraries/OpenDevice/examples/EnergiaLaunchPadBasic/EnergiaLaunchPadBasic.ino:33:3: error: &#39;OpenDevice&#39; has not been declared
   OpenDevice::begin(deviceConnection);
   ^~~~~~~~~~
/Users/alranel/Documents/git/arduino/arduino-testlib/cli-datadir/user/libraries/OpenDevice/examples/EnergiaLaunchPadBasic/EnergiaLaunchPadBasic.ino:34:3: error: &#39;OpenDevice&#39; has not been declared
   OpenDevice::debug(&#34;Started!&#34;);
   ^~~~~~~~~~
/Users/alranel/Documents/git/arduino/arduino-testlib/cli-datadir/user/libraries/OpenDevice/examples/EnergiaLaunchPadBasic/EnergiaLaunchPadBasic.ino: In function &#39;void loop()&#39;:
/Users/alranel/Documents/git/arduino/arduino-testlib/cli-datadir/user/libraries/OpenDevice/examples/EnergiaLaunchPadBasic/EnergiaLaunchPadBasic.ino:40:3: error: &#39;OpenDevice&#39; has not been declared
   OpenDevice::loop();
   ^~~~~~~~~~
Multiple libraries were found for &#34;EEPROM.h&#34;
  Used: /Users/alranel/Documents/git/arduino/arduino-testlib/cli-datadir/data/packages/arduino/hardware/avr/1.8.4/libraries/EEPROM
  Not used: /Users/alranel/Documents/git/arduino/arduino-testlib/cli-datadir/user/libraries/Hello_Drum
  Not used: /Users/alranel/Documents/git/arduino/arduino-testlib/cli-datadir/user/libraries/arduino-NVM
Multiple libraries were found for &#34;PubSubClient.h&#34;
  Used: /Users/alranel/Documents/git/arduino/arduino-testlib/cli-datadir/user/libraries/PubSubClient
  Not used: /Users/alranel/Documents/git/arduino/arduino-testlib/cli-datadir/user/libraries/Antares_ESP8266_MQTT
  Not used: /Users/alranel/Documents/git/arduino/arduino-testlib/cli-datadir/user/libraries/AzureIoTHubMQTTClient
  Not used: /Users/alranel/Documents/git/arduino/arduino-testlib/cli-datadir/user/libraries/AIS_4G_board
  Not used: /Users/alranel/Documents/git/arduino/arduino-testlib/cli-datadir/user/libraries/AllThingsTalk_WiFi_SDK
  Not used: /Users/alranel/Documents/git/arduino/arduino-testlib/cli-datadir/user/libraries/ACS-M1128
  Not used: /Users/alranel/Documents/git/arduino/arduino-testlib/cli-datadir/user/libraries/CMMC_MQTT_Connector
  Not used: /Users/alranel/Documents/git/arduino/arduino-testlib/cli-datadir/user/libraries/ESP8266_Microgear
</pre>
					
					<h4>examples/EthernetConnection</h4>
					<p>
						Result: <b>PASS</b>
					</p>
					<pre class="pre-scrollable">Sketch uses 15552 bytes (48%) of program storage space. Maximum is 32256 bytes.
Global variables use 731 bytes (35%) of dynamic memory, leaving 1317 bytes for local variables. Maximum is 2048 bytes.
</pre>
					
					<h4>examples/EthernetCustomCommands</h4>
					<p>
						Result: <b>PASS</b>
					</p>
					<pre class="pre-scrollable">Sketch uses 24586 bytes (76%) of program storage space. Maximum is 32256 bytes.
Global variables use 1583 bytes (77%) of dynamic memory, leaving 465 bytes for local variables. Maximum is 2048 bytes.
Low memory available, stability problems may occur.
</pre>
					
					<h4>examples/Projects</h4>
					<p>
						Result: <b>FAIL</b>
					</p>
					<pre class="pre-scrollable"></pre>
					
					<h4>examples/RF433Sensor</h4>
					<p>
						Result: <b>FAIL</b>
					</p>
					<pre class="pre-scrollable">/Users/alranel/Documents/git/arduino/arduino-testlib/cli-datadir/user/libraries/OpenDevice/examples/RF433Sensor/RF433Sensor.ino:16:19: error: &#39;D5&#39; was not declared in this scope
 RFSensor rfSensor(D5); // PIN must support interrupts
                   ^~
/Users/alranel/Documents/git/arduino/arduino-testlib/cli-datadir/user/libraries/OpenDevice/examples/RF433Sensor/RF433Sensor.ino:16:19: note: suggested alternative: &#39;A5&#39;
 RFSensor rfSensor(D5); // PIN must support interrupts
                   ^~
                   A5
/Users/alranel/Documents/git/arduino/arduino-testlib/cli-datadir/user/libraries/OpenDevice/examples/RF433Sensor/RF433Sensor.ino: In function &#39;void setup()&#39;:
/Users/alranel/Documents/git/arduino/arduino-testlib/cli-datadir/user/libraries/OpenDevice/examples/RF433Sensor/RF433Sensor.ino:21:12: error: &#39;class RFSensor&#39; has no member named &#39;filterDuplicatedInterval&#39;
   rfSensor.filterDuplicatedInterval(3000);
            ^~~~~~~~~~~~~~~~~~~~~~~~
Multiple libraries were found for &#34;EEPROM.h&#34;
  Used: /Users/alranel/Documents/git/arduino/arduino-testlib/cli-datadir/data/packages/arduino/hardware/avr/1.8.4/libraries/EEPROM
  Not used: /Users/alranel/Documents/git/arduino/arduino-testlib/cli-datadir/user/libraries/Hello_Drum
  Not used: /Users/alranel/Documents/git/arduino/arduino-testlib/cli-datadir/user/libraries/arduino-NVM
Multiple libraries were found for &#34;PubSubClient.h&#34;
  Used: /Users/alranel/Documents/git/arduino/arduino-testlib/cli-datadir/user/libraries/PubSubClient
  Not used: /Users/alranel/Documents/git/arduino/arduino-testlib/cli-datadir/user/libraries/ACS-M1128
  Not used: /Users/alranel/Documents/git/arduino/arduino-testlib/cli-datadir/user/libraries/AzureIoTHubMQTTClient
  Not used: /Users/alranel/Documents/git/arduino/arduino-testlib/cli-datadir/user/libraries/CMMC_MQTT_Connector
  Not used: /Users/alranel/Documents/git/arduino/arduino-testlib/cli-datadir/user/libraries/ESP8266_Microgear
  Not used: /Users/alranel/Documents/git/arduino/arduino-testlib/cli-datadir/user/libraries/AIS_4G_board
  Not used: /Users/alranel/Documents/git/arduino/arduino-testlib/cli-datadir/user/libraries/AllThingsTalk_WiFi_SDK
  Not used: /Users/alranel/Documents/git/arduino/arduino-testlib/cli-datadir/user/libraries/Antares_ESP8266_MQTT
</pre>
					
					<h4>examples/RFIDSensor</h4>
					<p>
						Result: <b>FAIL</b>
					</p>
					<pre class="pre-scrollable">/Users/alranel/Documents/git/arduino/arduino-testlib/cli-datadir/user/libraries/OpenDevice/examples/RFIDSensor/RFIDSensor.ino: In function &#39;void setup()&#39;:
/Users/alranel/Documents/git/arduino/arduino-testlib/cli-datadir/user/libraries/OpenDevice/examples/RFIDSensor/RFIDSensor.ino:16:24: error: no matching function for call to &#39;OpenDeviceClass::addSensor(RFIDSensor&amp;)&#39;
     ODev.addSensor(rfid); // ID:1
                        ^
In file included from /Users/alranel/Documents/git/arduino/arduino-testlib/cli-datadir/user/libraries/OpenDevice/examples/RFIDSensor/RFIDSensor.ino:10:0:
/Users/alranel/Documents/git/arduino/arduino-testlib/cli-datadir/user/libraries/OpenDevice/src/OpenDevice.h:415:10: note: candidate: Device* OpenDeviceClass::addSensor(const char*, uint16_t, Device::DeviceType, uint8_t)
  Device* addSensor(const char* name, uint16_t pin, Device::DeviceType type, uint8_t targetID);
          ^~~~~~~~~
/Users/alranel/Documents/git/arduino/arduino-testlib/cli-datadir/user/libraries/OpenDevice/src/OpenDevice.h:415:10: note:   candidate expects 4 arguments, 1 provided
/Users/alranel/Documents/git/arduino/arduino-testlib/cli-datadir/user/libraries/OpenDevice/src/OpenDevice.h:416:10: note: candidate: Device* OpenDeviceClass::addSensor(const char*, uint16_t, Device::DeviceType)
  Device* addSensor(const char* name, uint16_t pin, Device::DeviceType type);
          ^~~~~~~~~
/Users/alranel/Documents/git/arduino/arduino-testlib/cli-datadir/user/libraries/OpenDevice/src/OpenDevice.h:416:10: note:   candidate expects 3 arguments, 1 provided
/Users/alranel/Documents/git/arduino/arduino-testlib/cli-datadir/user/libraries/OpenDevice/src/OpenDevice.h:417:10: note: candidate: Device* OpenDeviceClass::addSensor(const char*, Device&amp;)
  Device* addSensor(const char* name, Device&amp; sensor);
          ^~~~~~~~~
/Users/alranel/Documents/git/arduino/arduino-testlib/cli-datadir/user/libraries/OpenDevice/src/OpenDevice.h:417:10: note:   candidate expects 2 arguments, 1 provided
/Users/alranel/Documents/git/arduino/arduino-testlib/cli-datadir/user/libraries/OpenDevice/src/OpenDevice.h:418:10: note: candidate: Device* OpenDeviceClass::addSensor(const char*, Device*)
  Device* addSensor(const char* name, Device* sensor){
          ^~~~~~~~~
/Users/alranel/Documents/git/arduino/arduino-testlib/cli-datadir/user/libraries/OpenDevice/src/OpenDevice.h:418:10: note:   candidate expects 2 arguments, 1 provided
/Users/alranel/Documents/git/arduino/arduino-testlib/cli-datadir/user/libraries/OpenDevice/src/OpenDevice.h:421:10: note: candidate: Device* OpenDeviceClass::addSensor(const char*, value_t (*)())
  Device* addSensor(const char* name, value_t (*function)()){
          ^~~~~~~~~
/Users/alranel/Documents/git/arduino/arduino-testlib/cli-datadir/user/libraries/OpenDevice/src/OpenDevice.h:421:10: note:   candidate expects 2 arguments, 1 provided
Multiple libraries were found for &#34;PubSubClient.h&#34;
  Used: /Users/alranel/Documents/git/arduino/arduino-testlib/cli-datadir/user/libraries/PubSubClient
  Not used: /Users/alranel/Documents/git/arduino/arduino-testlib/cli-datadir/user/libraries/AzureIoTHubMQTTClient
  Not used: /Users/alranel/Documents/git/arduino/arduino-testlib/cli-datadir/user/libraries/CMMC_MQTT_Connector
  Not used: /Users/alranel/Documents/git/arduino/arduino-testlib/cli-datadir/user/libraries/Antares_ESP8266_MQTT
  Not used: /Users/alranel/Documents/git/arduino/arduino-testlib/cli-datadir/user/libraries/ESP8266_Microgear
  Not used: /Users/alranel/Documents/git/arduino/arduino-testlib/cli-datadir/user/libraries/AllThingsTalk_WiFi_SDK
  Not used: /Users/alranel/Documents/git/arduino/arduino-testlib/cli-datadir/user/libraries/AIS_4G_board
  Not used: /Users/alranel/Documents/git/arduino/arduino-testlib/cli-datadir/user/libraries/ACS-M1128
Multiple libraries were found for &#34;MFRC522.h&#34;
  Used: /Users/alranel/Documents/git/arduino/arduino-testlib/cli-datadir/user/libraries/MFRC522
  Not used: /Users/alranel/Documents/git/arduino/arduino-testlib/cli-datadir/user/libraries/MFRC522-spi-i2c-uart-async
Multiple libraries were found for &#34;EEPROM.h&#34;
  Used: /Users/alranel/Documents/git/arduino/arduino-testlib/cli-datadir/data/packages/arduino/hardware/avr/1.8.4/libraries/EEPROM
  Not used: /Users/alranel/Documents/git/arduino/arduino-testlib/cli-datadir/user/libraries/arduino-NVM
  Not used: /Users/alranel/Documents/git/arduino/arduino-testlib/cli-datadir/user/libraries/Hello_Drum
</pre>
					
					<h4>examples/UsbConnection</h4>
					<p>
						Result: <b>PASS</b>
					</p>
					<pre class="pre-scrollable">Sketch uses 14172 bytes (43%) of program storage space. Maximum is 32256 bytes.
Global variables use 649 bytes (31%) of dynamic memory, leaving 1399 bytes for local variables. Maximum is 2048 bytes.
</pre>
					
					<h4>examples/UserCommands</h4>
					<p>
						Result: <b>PASS</b>
					</p>
					<pre class="pre-scrollable">Sketch uses 13174 bytes (40%) of program storage space. Maximum is 32256 bytes.
Global variables use 627 bytes (30%) of dynamic memory, leaving 1421 bytes for local variables. Maximum is 2048 bytes.
</pre>
					
					<h4>examples/YunMQTT</h4>
					<p>
						Result: <b>PASS</b>
					</p>
					<pre class="pre-scrollable">Sketch uses 22152 bytes (68%) of program storage space. Maximum is 32256 bytes.
Global variables use 925 bytes (45%) of dynamic memory, leaving 1123 bytes for local variables. Maximum is 2048 bytes.
</pre>
					
				
				<h3 id="arduino:mbed_nano:nanorp2040connect">arduino:mbed_nano:nanorp2040connect @ 2.7.2</h3>
				<h4>Inclusion</h4>
				<p>
					Result: <b>FAIL</b>
					
				</p>
				<pre class="pre-scrollable">In file included from /home/ec2-user/arduino-testlib/cli-datadir/user/libraries/OpenDevice/src/config.h:18:0,
                 from /home/ec2-user/arduino-testlib/cli-datadir/user/libraries/OpenDevice/src/OpenDevice.h:19,
                 from /tmp/arduino-testlib2542176828/test/test.ino:1:
/home/ec2-user/arduino-testlib/cli-datadir/user/libraries/Hello_Drum/src/EEPROM.h:25:10: fatal error: avr/eeprom.h: No such file or directory
 #include &lt;avr/eeprom.h&gt;
          ^~~~~~~~~~~~~~
compilation terminated.
Multiple libraries were found for &#34;EEPROM.h&#34;
  Used: /home/ec2-user/arduino-testlib/cli-datadir/user/libraries/Hello_Drum
  Not used: /home/ec2-user/arduino-testlib/cli-datadir/user/libraries/arduino-NVM
</pre>

					
					<h4>examples/Alexa4OpenDevice</h4>
					<p>
						Result: <b>FAIL</b>
					</p>
					<pre class="pre-scrollable">/home/ec2-user/arduino-testlib/cli-datadir/user/libraries/OpenDevice/examples/Alexa4OpenDevice/Alexa4OpenDevice.ino:20:10: fatal error: ESP8266WiFi.h: No such file or directory
 #include &lt;ESP8266WiFi.h&gt;  // Enable ESP8266 Embedded
          ^~~~~~~~~~~~~~~
compilation terminated.

</pre>
					
					<h4>examples/BluetoothConnection</h4>
					<p>
						Result: <b>FAIL</b>
					</p>
					<pre class="pre-scrollable">In file included from /home/ec2-user/arduino-testlib/cli-datadir/user/libraries/OpenDevice/src/config.h:18:0,
                 from /home/ec2-user/arduino-testlib/cli-datadir/user/libraries/OpenDevice/src/OpenDevice.h:19,
                 from /home/ec2-user/arduino-testlib/cli-datadir/user/libraries/OpenDevice/examples/BluetoothConnection/BluetoothConnection.ino:6:
/home/ec2-user/arduino-testlib/cli-datadir/user/libraries/Hello_Drum/src/EEPROM.h:25:10: fatal error: avr/eeprom.h: No such file or directory
 #include &lt;avr/eeprom.h&gt;
          ^~~~~~~~~~~~~~
compilation terminated.
Multiple libraries were found for &#34;EEPROM.h&#34;
  Used: /home/ec2-user/arduino-testlib/cli-datadir/user/libraries/Hello_Drum
  Not used: /home/ec2-user/arduino-testlib/cli-datadir/user/libraries/arduino-NVM
</pre>
					
					<h4>examples/BluetoothConnectionSoft</h4>
					<p>
						Result: <b>FAIL</b>
					</p>
					<pre class="pre-scrollable">/home/ec2-user/arduino-testlib/cli-datadir/user/libraries/OpenDevice/examples/BluetoothConnectionSoft/BluetoothConnectionSoft.ino:7:10: fatal error: SoftSerial.h: No such file or directory
 #include &lt;SoftSerial.h&gt;
          ^~~~~~~~~~~~~~
compilation terminated.

</pre>
					
					<h4>examples/ClearConfig</h4>
					<p>
						Result: <b>FAIL</b>
					</p>
					<pre class="pre-scrollable">In file included from /home/ec2-user/arduino-testlib/cli-datadir/user/libraries/OpenDevice/src/config.h:18:0,
                 from /home/ec2-user/arduino-testlib/cli-datadir/user/libraries/OpenDevice/src/OpenDevice.h:19,
                 from /home/ec2-user/arduino-testlib/cli-datadir/user/libraries/OpenDevice/examples/ClearConfig/ClearConfig.ino:6:
/home/ec2-user/arduino-testlib/cli-datadir/user/libraries/Hello_Drum/src/EEPROM.h:25:10: fatal error: avr/eeprom.h: No such file or directory
 #include &lt;avr/eeprom.h&gt;
          ^~~~~~~~~~~~~~
compilation terminated.
Multiple libraries were found for &#34;EEPROM.h&#34;
  Used: /home/ec2-user/arduino-testlib/cli-datadir/user/libraries/Hello_Drum
  Not used: /home/ec2-user/arduino-testlib/cli-datadir/user/libraries/arduino-NVM
</pre>
					
					<h4>examples/CustomSensor</h4>
					<p>
						Result: <b>FAIL</b>
					</p>
					<pre class="pre-scrollable">In file included from /home/ec2-user/arduino-testlib/cli-datadir/user/libraries/OpenDevice/src/config.h:18:0,
                 from /home/ec2-user/arduino-testlib/cli-datadir/user/libraries/OpenDevice/src/OpenDevice.h:19,
                 from /home/ec2-user/arduino-testlib/cli-datadir/user/libraries/OpenDevice/examples/CustomSensor/CustomSensor.ino:10:
/home/ec2-user/arduino-testlib/cli-datadir/user/libraries/Hello_Drum/src/EEPROM.h:25:10: fatal error: avr/eeprom.h: No such file or directory
 #include &lt;avr/eeprom.h&gt;
          ^~~~~~~~~~~~~~
compilation terminated.
Multiple libraries were found for &#34;MFRC522.h&#34;
  Used: /home/ec2-user/arduino-testlib/cli-datadir/user/libraries/MFRC522
  Not used: /home/ec2-user/arduino-testlib/cli-datadir/user/libraries/MFRC522-spi-i2c-uart-async
Multiple libraries were found for &#34;EEPROM.h&#34;
  Used: /home/ec2-user/arduino-testlib/cli-datadir/user/libraries/Hello_Drum
  Not used: /home/ec2-user/arduino-testlib/cli-datadir/user/libraries/arduino-NVM
</pre>
					
					<h4>examples/DHTSensor</h4>
					<p>
						Result: <b>FAIL</b>
					</p>
					<pre class="pre-scrollable">/home/ec2-user/arduino-testlib/cli-datadir/user/libraries/OpenDevice/examples/DHTSensor/DHTSensor.ino:10:10: fatal error: ESP8266WiFi.h: No such file or directory
 #include &lt;ESP8266WiFi.h&gt;  // Enable ESP8266 Embedded
          ^~~~~~~~~~~~~~~
compilation terminated.

</pre>
					
					<h4>examples/DigisparkBluetoothLowLevel</h4>
					<p>
						Result: <b>FAIL</b>
					</p>
					<pre class="pre-scrollable">/home/ec2-user/arduino-testlib/cli-datadir/user/libraries/OpenDevice/examples/DigisparkBluetoothLowLevel/DigisparkBluetoothLowLevel.ino:9:10: fatal error: SoftSerial.h: No such file or directory
 #include &lt;SoftSerial.h&gt;     /* Allows Pin Change Interrupt Vector Sharing */
          ^~~~~~~~~~~~~~
compilation terminated.

</pre>
					
					<h4>examples/ESP8266WiFi_AT</h4>
					<p>
						Result: <b>FAIL</b>
					</p>
					<pre class="pre-scrollable">/home/ec2-user/arduino-testlib/cli-datadir/user/libraries/OpenDevice/examples/ESP8266WiFi_AT/ESP8266WiFi_AT.ino:16:10: fatal error: ESP8266AT.h: No such file or directory
 #include &lt;ESP8266AT.h&gt; // AT Firmware
          ^~~~~~~~~~~~~
compilation terminated.

</pre>
					
					<h4>examples/ESP8266_MQTT</h4>
					<p>
						Result: <b>FAIL</b>
					</p>
					<pre class="pre-scrollable">/home/ec2-user/arduino-testlib/cli-datadir/user/libraries/OpenDevice/examples/ESP8266_MQTT/ESP8266_MQTT.ino:19:10: fatal error: ESP8266WiFi.h: No such file or directory
 #include &lt;ESP8266WiFi.h&gt;  // Enable ESP8266 Embedded
          ^~~~~~~~~~~~~~~
compilation terminated.

</pre>
					
					<h4>examples/ESP8269asBridge</h4>
					<p>
						Result: <b>FAIL</b>
					</p>
					<pre class="pre-scrollable">/home/ec2-user/arduino-testlib/cli-datadir/user/libraries/OpenDevice/examples/ESP8269asBridge/ESP8269asBridge.ino:5:10: fatal error: ELClient.h: No such file or directory
 #include &lt;ELClient.h&gt;
          ^~~~~~~~~~~~
compilation terminated.

</pre>
					
					<h4>examples/EnergiaLaunchPadBasic</h4>
					<p>
						Result: <b>FAIL</b>
					</p>
					<pre class="pre-scrollable">In file included from /home/ec2-user/arduino-testlib/cli-datadir/user/libraries/OpenDevice/src/config.h:18:0,
                 from /home/ec2-user/arduino-testlib/cli-datadir/user/libraries/OpenDevice/src/OpenDevice.h:19,
                 from /home/ec2-user/arduino-testlib/cli-datadir/user/libraries/OpenDevice/examples/EnergiaLaunchPadBasic/EnergiaLaunchPadBasic.ino:9:
/home/ec2-user/arduino-testlib/cli-datadir/user/libraries/Hello_Drum/src/EEPROM.h:25:10: fatal error: avr/eeprom.h: No such file or directory
 #include &lt;avr/eeprom.h&gt;
          ^~~~~~~~~~~~~~
compilation terminated.
Multiple libraries were found for &#34;EEPROM.h&#34;
  Used: /home/ec2-user/arduino-testlib/cli-datadir/user/libraries/Hello_Drum
  Not used: /home/ec2-user/arduino-testlib/cli-datadir/user/libraries/arduino-NVM
</pre>
					
					<h4>examples/EthernetConnection</h4>
					<p>
						Result: <b>FAIL</b>
					</p>
					<pre class="pre-scrollable">In file included from /home/ec2-user/arduino-testlib/cli-datadir/user/libraries/OpenDevice/src/config.h:18:0,
                 from /home/ec2-user/arduino-testlib/cli-datadir/user/libraries/OpenDevice/src/OpenDevice.h:19,
                 from /home/ec2-user/arduino-testlib/cli-datadir/user/libraries/OpenDevice/examples/EthernetConnection/EthernetConnection.ino:13:
/home/ec2-user/arduino-testlib/cli-datadir/user/libraries/Hello_Drum/src/EEPROM.h:25:10: fatal error: avr/eeprom.h: No such file or directory
 #include &lt;avr/eeprom.h&gt;
          ^~~~~~~~~~~~~~
compilation terminated.
Multiple libraries were found for &#34;Ethernet.h&#34;
  Used: /home/ec2-user/arduino-testlib/cli-datadir/user/libraries/Ethernet
  Not used: /home/ec2-user/arduino-testlib/cli-datadir/user/libraries/UIPEthernet
  Not used: /home/ec2-user/arduino-testlib/cli-datadir/user/libraries/EthernetENC
Multiple libraries were found for &#34;EEPROM.h&#34;
  Used: /home/ec2-user/arduino-testlib/cli-datadir/user/libraries/Hello_Drum
  Not used: /home/ec2-user/arduino-testlib/cli-datadir/user/libraries/arduino-NVM
</pre>
					
					<h4>examples/EthernetCustomCommands</h4>
					<p>
						Result: <b>FAIL</b>
					</p>
					<pre class="pre-scrollable">In file included from /home/ec2-user/arduino-testlib/cli-datadir/user/libraries/UIPEthernet/UIPEthernet.h:35:0,
                 from /home/ec2-user/arduino-testlib/cli-datadir/user/libraries/OpenDevice/examples/EthernetCustomCommands/EthernetCustomCommands.ino:9:
/home/ec2-user/arduino-testlib/cli-datadir/user/libraries/UIPEthernet/utility/Enc28J60Network.h:147:5: error: #error &#34;Not defined SPI_MOSI!&#34;
    #error &#34;Not defined SPI_MOSI!&#34;
     ^~~~~
/home/ec2-user/arduino-testlib/cli-datadir/user/libraries/UIPEthernet/utility/Enc28J60Network.h:176:5: error: #error &#34;Not defined SPI_MISO!&#34;
    #error &#34;Not defined SPI_MISO!&#34;
     ^~~~~
/home/ec2-user/arduino-testlib/cli-datadir/user/libraries/UIPEthernet/utility/Enc28J60Network.h:204:5: error: #error &#34;Not defined SPI_SCK!&#34;
    #error &#34;Not defined SPI_SCK!&#34;
     ^~~~~
In file included from /home/ec2-user/arduino-testlib/cli-datadir/user/libraries/OpenDevice/src/config.h:18:0,
                 from /home/ec2-user/arduino-testlib/cli-datadir/user/libraries/OpenDevice/src/OpenDevice.h:19,
                 from /home/ec2-user/arduino-testlib/cli-datadir/user/libraries/OpenDevice/examples/EthernetCustomCommands/EthernetCustomCommands.ino:10:
/home/ec2-user/arduino-testlib/cli-datadir/user/libraries/Hello_Drum/src/EEPROM.h:25:10: fatal error: avr/eeprom.h: No such file or directory
 #include &lt;avr/eeprom.h&gt;
          ^~~~~~~~~~~~~~
compilation terminated.
Multiple libraries were found for &#34;EEPROM.h&#34;
  Used: /home/ec2-user/arduino-testlib/cli-datadir/user/libraries/Hello_Drum
  Not used: /home/ec2-user/arduino-testlib/cli-datadir/user/libraries/arduino-NVM
</pre>
					
					<h4>examples/Projects</h4>
					<p>
						Result: <b>FAIL</b>
					</p>
					<pre class="pre-scrollable"></pre>
					
					<h4>examples/RF433Sensor</h4>
					<p>
						Result: <b>FAIL</b>
					</p>
					<pre class="pre-scrollable">In file included from /home/ec2-user/arduino-testlib/cli-datadir/user/libraries/OpenDevice/src/config.h:18:0,
                 from /home/ec2-user/arduino-testlib/cli-datadir/user/libraries/OpenDevice/src/OpenDevice.h:19,
                 from /home/ec2-user/arduino-testlib/cli-datadir/user/libraries/OpenDevice/examples/RF433Sensor/RF433Sensor.ino:14:
/home/ec2-user/arduino-testlib/cli-datadir/user/libraries/Hello_Drum/src/EEPROM.h:25:10: fatal error: avr/eeprom.h: No such file or directory
 #include &lt;avr/eeprom.h&gt;
          ^~~~~~~~~~~~~~
compilation terminated.
Multiple libraries were found for &#34;EEPROM.h&#34;
  Used: /home/ec2-user/arduino-testlib/cli-datadir/user/libraries/Hello_Drum
  Not used: /home/ec2-user/arduino-testlib/cli-datadir/user/libraries/arduino-NVM
</pre>
					
					<h4>examples/RFIDSensor</h4>
					<p>
						Result: <b>FAIL</b>
					</p>
					<pre class="pre-scrollable">In file included from /home/ec2-user/arduino-testlib/cli-datadir/user/libraries/OpenDevice/src/config.h:18:0,
                 from /home/ec2-user/arduino-testlib/cli-datadir/user/libraries/OpenDevice/src/OpenDevice.h:19,
                 from /home/ec2-user/arduino-testlib/cli-datadir/user/libraries/OpenDevice/examples/RFIDSensor/RFIDSensor.ino:10:
/home/ec2-user/arduino-testlib/cli-datadir/user/libraries/Hello_Drum/src/EEPROM.h:25:10: fatal error: avr/eeprom.h: No such file or directory
 #include &lt;avr/eeprom.h&gt;
          ^~~~~~~~~~~~~~
compilation terminated.
Multiple libraries were found for &#34;MFRC522.h&#34;
  Used: /home/ec2-user/arduino-testlib/cli-datadir/user/libraries/MFRC522
  Not used: /home/ec2-user/arduino-testlib/cli-datadir/user/libraries/MFRC522-spi-i2c-uart-async
Multiple libraries were found for &#34;EEPROM.h&#34;
  Used: /home/ec2-user/arduino-testlib/cli-datadir/user/libraries/Hello_Drum
  Not used: /home/ec2-user/arduino-testlib/cli-datadir/user/libraries/arduino-NVM
</pre>
					
					<h4>examples/UsbConnection</h4>
					<p>
						Result: <b>FAIL</b>
					</p>
					<pre class="pre-scrollable">In file included from /home/ec2-user/arduino-testlib/cli-datadir/user/libraries/OpenDevice/src/config.h:18:0,
                 from /home/ec2-user/arduino-testlib/cli-datadir/user/libraries/OpenDevice/src/OpenDevice.h:19,
                 from /home/ec2-user/arduino-testlib/cli-datadir/user/libraries/OpenDevice/examples/UsbConnection/UsbConnection.ino:7:
/home/ec2-user/arduino-testlib/cli-datadir/user/libraries/Hello_Drum/src/EEPROM.h:25:10: fatal error: avr/eeprom.h: No such file or directory
 #include &lt;avr/eeprom.h&gt;
          ^~~~~~~~~~~~~~
compilation terminated.
Multiple libraries were found for &#34;EEPROM.h&#34;
  Used: /home/ec2-user/arduino-testlib/cli-datadir/user/libraries/Hello_Drum
  Not used: /home/ec2-user/arduino-testlib/cli-datadir/user/libraries/arduino-NVM
</pre>
					
					<h4>examples/UserCommands</h4>
					<p>
						Result: <b>FAIL</b>
					</p>
					<pre class="pre-scrollable">In file included from /home/ec2-user/arduino-testlib/cli-datadir/user/libraries/OpenDevice/src/config.h:18:0,
                 from /home/ec2-user/arduino-testlib/cli-datadir/user/libraries/OpenDevice/src/OpenDevice.h:19,
                 from /home/ec2-user/arduino-testlib/cli-datadir/user/libraries/OpenDevice/examples/UserCommands/UserCommands.ino:1:
/home/ec2-user/arduino-testlib/cli-datadir/user/libraries/Hello_Drum/src/EEPROM.h:25:10: fatal error: avr/eeprom.h: No such file or directory
 #include &lt;avr/eeprom.h&gt;
          ^~~~~~~~~~~~~~
compilation terminated.
Multiple libraries were found for &#34;EEPROM.h&#34;
  Used: /home/ec2-user/arduino-testlib/cli-datadir/user/libraries/Hello_Drum
  Not used: /home/ec2-user/arduino-testlib/cli-datadir/user/libraries/arduino-NVM
</pre>
					
					<h4>examples/YunMQTT</h4>
					<p>
						Result: <b>FAIL</b>
					</p>
					<pre class="pre-scrollable">In file included from /home/ec2-user/arduino-testlib/cli-datadir/user/libraries/OpenDevice/src/config.h:18:0,
                 from /home/ec2-user/arduino-testlib/cli-datadir/user/libraries/OpenDevice/src/OpenDevice.h:19,
                 from /home/ec2-user/arduino-testlib/cli-datadir/user/libraries/OpenDevice/examples/YunMQTT/YunMQTT.ino:13:
/home/ec2-user/arduino-testlib/cli-datadir/user/libraries/Hello_Drum/src/EEPROM.h:25:10: fatal error: avr/eeprom.h: No such file or directory
 #include &lt;avr/eeprom.h&gt;
          ^~~~~~~~~~~~~~
compilation terminated.
Multiple libraries were found for &#34;EEPROM.h&#34;
  Used: /home/ec2-user/arduino-testlib/cli-datadir/user/libraries/Hello_Drum
  Not used: /home/ec2-user/arduino-testlib/cli-datadir/user/libraries/arduino-NVM
Multiple libraries were found for &#34;PubSubClient.h&#34;
  Used: /home/ec2-user/arduino-testlib/cli-datadir/user/libraries/PubSubClient
  Not used: /home/ec2-user/arduino-testlib/cli-datadir/user/libraries/ACS-M1128
  Not used: /home/ec2-user/arduino-testlib/cli-datadir/user/libraries/AzureIoTHubMQTTClient
  Not used: /home/ec2-user/arduino-testlib/cli-datadir/user/libraries/Antares_ESP8266_MQTT
  Not used: /home/ec2-user/arduino-testlib/cli-datadir/user/libraries/ESP8266_Microgear
  Not used: /home/ec2-user/arduino-testlib/cli-datadir/user/libraries/CMMC_MQTT_Connector
  Not used: /home/ec2-user/arduino-testlib/cli-datadir/user/libraries/AIS_4G_board
  Not used: /home/ec2-user/arduino-testlib/cli-datadir/user/libraries/AllThingsTalk_WiFi_SDK
</pre>
					
				
				<h3 id="arduino:megaavr:nona4809">arduino:megaavr:nona4809 @ 1.8.7</h3>
				<h4>Inclusion</h4>
				<p>
					Result: <b>PASS</b>
					
				</p>
				<pre class="pre-scrollable">WARNING: library OpenDevice claims to run on avr, esp8266, sam architecture(s) and may be incompatible with your current board which runs on megaavr architecture(s).
Sketch uses 4158 bytes (8%) of program storage space. Maximum is 49152 bytes.
Global variables use 464 bytes (7%) of dynamic memory, leaving 5680 bytes for local variables. Maximum is 6144 bytes.
</pre>

					
					<h4>examples/Alexa4OpenDevice</h4>
					<p>
						Result: <b>FAIL</b>
					</p>
					<pre class="pre-scrollable">/home/ec2-user/arduino-testlib/cli-datadir/user/libraries/OpenDevice/examples/Alexa4OpenDevice/Alexa4OpenDevice.ino:20:10: fatal error: ESP8266WiFi.h: No such file or directory
 #include &lt;ESP8266WiFi.h&gt;  // Enable ESP8266 Embedded
          ^~~~~~~~~~~~~~~
compilation terminated.

</pre>
					
					<h4>examples/BluetoothConnection</h4>
					<p>
						Result: <b>PASS</b>
					</p>
					<pre class="pre-scrollable">WARNING: library OpenDevice claims to run on avr, esp8266, sam architecture(s) and may be incompatible with your current board which runs on megaavr architecture(s).
Sketch uses 15115 bytes (30%) of program storage space. Maximum is 49152 bytes.
Global variables use 621 bytes (10%) of dynamic memory, leaving 5523 bytes for local variables. Maximum is 6144 bytes.
</pre>
					
					<h4>examples/BluetoothConnectionSoft</h4>
					<p>
						Result: <b>FAIL</b>
					</p>
					<pre class="pre-scrollable">/home/ec2-user/arduino-testlib/cli-datadir/user/libraries/OpenDevice/examples/BluetoothConnectionSoft/BluetoothConnectionSoft.ino:7:10: fatal error: SoftSerial.h: No such file or directory
 #include &lt;SoftSerial.h&gt;
          ^~~~~~~~~~~~~~
compilation terminated.

</pre>
					
					<h4>examples/ClearConfig</h4>
					<p>
						Result: <b>PASS</b>
					</p>
					<pre class="pre-scrollable">WARNING: library OpenDevice claims to run on avr, esp8266, sam architecture(s) and may be incompatible with your current board which runs on megaavr architecture(s).
Sketch uses 13485 bytes (27%) of program storage space. Maximum is 49152 bytes.
Global variables use 466 bytes (7%) of dynamic memory, leaving 5678 bytes for local variables. Maximum is 6144 bytes.
</pre>
					
					<h4>examples/CustomSensor</h4>
					<p>
						Result: <b>FAIL</b>
					</p>
					<pre class="pre-scrollable">WARNING: library OpenDevice claims to run on avr, esp8266, sam architecture(s) and may be incompatible with your current board which runs on megaavr architecture(s).
/home/ec2-user/arduino-testlib/cli-datadir/user/libraries/OpenDevice/examples/CustomSensor/CustomSensor.ino: In function &#39;void setup()&#39;:
/home/ec2-user/arduino-testlib/cli-datadir/user/libraries/OpenDevice/examples/CustomSensor/CustomSensor.ino:22:28: error: no matching function for call to &#39;OpenDeviceClass::addSensor(value_t (&amp;)())&#39;
     ODev.addSensor(readRfid); // ID:1
                            ^
In file included from /home/ec2-user/arduino-testlib/cli-datadir/user/libraries/OpenDevice/examples/CustomSensor/CustomSensor.ino:10:0:
/home/ec2-user/arduino-testlib/cli-datadir/user/libraries/OpenDevice/src/OpenDevice.h:415:10: note: candidate: Device* OpenDeviceClass::addSensor(const char*, uint16_t, Device::DeviceType, uint8_t)
  Device* addSensor(const char* name, uint16_t pin, Device::DeviceType type, uint8_t targetID);
          ^~~~~~~~~
/home/ec2-user/arduino-testlib/cli-datadir/user/libraries/OpenDevice/src/OpenDevice.h:415:10: note:   candidate expects 4 arguments, 1 provided
/home/ec2-user/arduino-testlib/cli-datadir/user/libraries/OpenDevice/src/OpenDevice.h:416:10: note: candidate: Device* OpenDeviceClass::addSensor(const char*, uint16_t, Device::DeviceType)
  Device* addSensor(const char* name, uint16_t pin, Device::DeviceType type);
          ^~~~~~~~~
/home/ec2-user/arduino-testlib/cli-datadir/user/libraries/OpenDevice/src/OpenDevice.h:416:10: note:   candidate expects 3 arguments, 1 provided
/home/ec2-user/arduino-testlib/cli-datadir/user/libraries/OpenDevice/src/OpenDevice.h:417:10: note: candidate: Device* OpenDeviceClass::addSensor(const char*, Device&amp;)
  Device* addSensor(const char* name, Device&amp; sensor);
          ^~~~~~~~~
/home/ec2-user/arduino-testlib/cli-datadir/user/libraries/OpenDevice/src/OpenDevice.h:417:10: note:   candidate expects 2 arguments, 1 provided
/home/ec2-user/arduino-testlib/cli-datadir/user/libraries/OpenDevice/src/OpenDevice.h:418:10: note: candidate: Device* OpenDeviceClass::addSensor(const char*, Device*)
  Device* addSensor(const char* name, Device* sensor){
          ^~~~~~~~~
/home/ec2-user/arduino-testlib/cli-datadir/user/libraries/OpenDevice/src/OpenDevice.h:418:10: note:   candidate expects 2 arguments, 1 provided
/home/ec2-user/arduino-testlib/cli-datadir/user/libraries/OpenDevice/src/OpenDevice.h:421:10: note: candidate: Device* OpenDeviceClass::addSensor(const char*, value_t (*)())
  Device* addSensor(const char* name, value_t (*function)()){
          ^~~~~~~~~
/home/ec2-user/arduino-testlib/cli-datadir/user/libraries/OpenDevice/src/OpenDevice.h:421:10: note:   candidate expects 2 arguments, 1 provided
Multiple libraries were found for &#34;MFRC522.h&#34;
  Used: /home/ec2-user/arduino-testlib/cli-datadir/user/libraries/MFRC522
  Not used: /home/ec2-user/arduino-testlib/cli-datadir/user/libraries/MFRC522-spi-i2c-uart-async
Multiple libraries were found for &#34;EEPROM.h&#34;
  Used: /home/ec2-user/arduino-testlib/cli-datadir/data/packages/arduino/hardware/megaavr/1.8.7/libraries/EEPROM
  Not used: /home/ec2-user/arduino-testlib/cli-datadir/user/libraries/arduino-NVM
  Not used: /home/ec2-user/arduino-testlib/cli-datadir/user/libraries/Hello_Drum
Multiple libraries were found for &#34;PubSubClient.h&#34;
  Used: /home/ec2-user/arduino-testlib/cli-datadir/user/libraries/PubSubClient
  Not used: /home/ec2-user/arduino-testlib/cli-datadir/user/libraries/AllThingsTalk_WiFi_SDK
  Not used: /home/ec2-user/arduino-testlib/cli-datadir/user/libraries/AIS_4G_board
  Not used: /home/ec2-user/arduino-testlib/cli-datadir/user/libraries/ESP8266_Microgear
  Not used: /home/ec2-user/arduino-testlib/cli-datadir/user/libraries/Antares_ESP8266_MQTT
  Not used: /home/ec2-user/arduino-testlib/cli-datadir/user/libraries/AzureIoTHubMQTTClient
  Not used: /home/ec2-user/arduino-testlib/cli-datadir/user/libraries/ACS-M1128
  Not used: /home/ec2-user/arduino-testlib/cli-datadir/user/libraries/CMMC_MQTT_Connector
</pre>
					
					<h4>examples/DHTSensor</h4>
					<p>
						Result: <b>FAIL</b>
					</p>
					<pre class="pre-scrollable">/home/ec2-user/arduino-testlib/cli-datadir/user/libraries/OpenDevice/examples/DHTSensor/DHTSensor.ino:10:10: fatal error: ESP8266WiFi.h: No such file or directory
 #include &lt;ESP8266WiFi.h&gt;  // Enable ESP8266 Embedded
          ^~~~~~~~~~~~~~~
compilation terminated.

</pre>
					
					<h4>examples/DigisparkBluetoothLowLevel</h4>
					<p>
						Result: <b>FAIL</b>
					</p>
					<pre class="pre-scrollable">/home/ec2-user/arduino-testlib/cli-datadir/user/libraries/OpenDevice/examples/DigisparkBluetoothLowLevel/DigisparkBluetoothLowLevel.ino:9:10: fatal error: SoftSerial.h: No such file or directory
 #include &lt;SoftSerial.h&gt;     /* Allows Pin Change Interrupt Vector Sharing */
          ^~~~~~~~~~~~~~
compilation terminated.

</pre>
					
					<h4>examples/ESP8266WiFi_AT</h4>
					<p>
						Result: <b>FAIL</b>
					</p>
					<pre class="pre-scrollable">/home/ec2-user/arduino-testlib/cli-datadir/user/libraries/OpenDevice/examples/ESP8266WiFi_AT/ESP8266WiFi_AT.ino:16:10: fatal error: ESP8266AT.h: No such file or directory
 #include &lt;ESP8266AT.h&gt; // AT Firmware
          ^~~~~~~~~~~~~
compilation terminated.

</pre>
					
					<h4>examples/ESP8266_MQTT</h4>
					<p>
						Result: <b>FAIL</b>
					</p>
					<pre class="pre-scrollable">/home/ec2-user/arduino-testlib/cli-datadir/user/libraries/OpenDevice/examples/ESP8266_MQTT/ESP8266_MQTT.ino:19:10: fatal error: ESP8266WiFi.h: No such file or directory
 #include &lt;ESP8266WiFi.h&gt;  // Enable ESP8266 Embedded
          ^~~~~~~~~~~~~~~
compilation terminated.

</pre>
					
					<h4>examples/ESP8269asBridge</h4>
					<p>
						Result: <b>FAIL</b>
					</p>
					<pre class="pre-scrollable">/home/ec2-user/arduino-testlib/cli-datadir/user/libraries/OpenDevice/examples/ESP8269asBridge/ESP8269asBridge.ino:5:10: fatal error: ELClient.h: No such file or directory
 #include &lt;ELClient.h&gt;
          ^~~~~~~~~~~~
compilation terminated.

</pre>
					
					<h4>examples/EnergiaLaunchPadBasic</h4>
					<p>
						Result: <b>FAIL</b>
					</p>
					<pre class="pre-scrollable">WARNING: library OpenDevice claims to run on avr, esp8266, sam architecture(s) and may be incompatible with your current board which runs on megaavr architecture(s).
/home/ec2-user/arduino-testlib/cli-datadir/user/libraries/OpenDevice/examples/EnergiaLaunchPadBasic/EnergiaLaunchPadBasic.ino: In function &#39;void setup()&#39;:
/home/ec2-user/arduino-testlib/cli-datadir/user/libraries/OpenDevice/examples/EnergiaLaunchPadBasic/EnergiaLaunchPadBasic.ino:17:3: error: &#39;OpenDevice&#39; has not been declared
   OpenDevice::debugMode = true;
   ^~~~~~~~~~
/home/ec2-user/arduino-testlib/cli-datadir/user/libraries/OpenDevice/examples/EnergiaLaunchPadBasic/EnergiaLaunchPadBasic.ino:18:3: error: &#39;OpenDevice&#39; has not been declared
   OpenDevice::debugTarget = 0;
   ^~~~~~~~~~
/home/ec2-user/arduino-testlib/cli-datadir/user/libraries/OpenDevice/examples/EnergiaLaunchPadBasic/EnergiaLaunchPadBasic.ino:24:3: error: &#39;OpenDevice&#39; has not been declared
   OpenDevice::debug(&#34;Starting...&#34;);
   ^~~~~~~~~~
/home/ec2-user/arduino-testlib/cli-datadir/user/libraries/OpenDevice/examples/EnergiaLaunchPadBasic/EnergiaLaunchPadBasic.ino:26:3: error: &#39;OpenDevice&#39; has not been declared
   OpenDevice::addDevice(RED_LED, Device::DIGITAL);   // ID:1
   ^~~~~~~~~~
/home/ec2-user/arduino-testlib/cli-datadir/user/libraries/OpenDevice/examples/EnergiaLaunchPadBasic/EnergiaLaunchPadBasic.ino:26:25: error: &#39;RED_LED&#39; was not declared in this scope
   OpenDevice::addDevice(RED_LED, Device::DIGITAL);   // ID:1
                         ^~~~~~~
/home/ec2-user/arduino-testlib/cli-datadir/user/libraries/OpenDevice/examples/EnergiaLaunchPadBasic/EnergiaLaunchPadBasic.ino:27:3: error: &#39;OpenDevice&#39; has not been declared
   OpenDevice::addDevice(GREEN_LED, Device::DIGITAL); // ID:2
   ^~~~~~~~~~
/home/ec2-user/arduino-testlib/cli-datadir/user/libraries/OpenDevice/examples/EnergiaLaunchPadBasic/EnergiaLaunchPadBasic.ino:27:25: error: &#39;GREEN_LED&#39; was not declared in this scope
   OpenDevice::addDevice(GREEN_LED, Device::DIGITAL); // ID:2
                         ^~~~~~~~~
/home/ec2-user/arduino-testlib/cli-datadir/user/libraries/OpenDevice/examples/EnergiaLaunchPadBasic/EnergiaLaunchPadBasic.ino:28:3: error: &#39;OpenDevice&#39; has not been declared
   OpenDevice::addDevice(BLUE_LED, Device::DIGITAL);  // ID:3
   ^~~~~~~~~~
/home/ec2-user/arduino-testlib/cli-datadir/user/libraries/OpenDevice/examples/EnergiaLaunchPadBasic/EnergiaLaunchPadBasic.ino:28:25: error: &#39;BLUE_LED&#39; was not declared in this scope
   OpenDevice::addDevice(BLUE_LED, Device::DIGITAL);  // ID:3
                         ^~~~~~~~
/home/ec2-user/arduino-testlib/cli-datadir/user/libraries/OpenDevice/examples/EnergiaLaunchPadBasic/EnergiaLaunchPadBasic.ino:30:3: error: &#39;OpenDevice&#39; has not been declared
   OpenDevice::addSensor(PUSH1, Device::DIGITAL); // ID:4
   ^~~~~~~~~~
/home/ec2-user/arduino-testlib/cli-datadir/user/libraries/OpenDevice/examples/EnergiaLaunchPadBasic/EnergiaLaunchPadBasic.ino:30:25: error: &#39;PUSH1&#39; was not declared in this scope
   OpenDevice::addSensor(PUSH1, Device::DIGITAL); // ID:4
                         ^~~~~
/home/ec2-user/arduino-testlib/cli-datadir/user/libraries/OpenDevice/examples/EnergiaLaunchPadBasic/EnergiaLaunchPadBasic.ino:31:3: error: &#39;OpenDevice&#39; has not been declared
   OpenDevice::addSensor(PUSH2, Device::DIGITAL); // ID:5
   ^~~~~~~~~~
/home/ec2-user/arduino-testlib/cli-datadir/user/libraries/OpenDevice/examples/EnergiaLaunchPadBasic/EnergiaLaunchPadBasic.ino:31:25: error: &#39;PUSH2&#39; was not declared in this scope
   OpenDevice::addSensor(PUSH2, Device::DIGITAL); // ID:5
                         ^~~~~
/home/ec2-user/arduino-testlib/cli-datadir/user/libraries/OpenDevice/examples/EnergiaLaunchPadBasic/EnergiaLaunchPadBasic.ino:31:25: note: suggested alternative: &#39;PUSB_h&#39;
   OpenDevice::addSensor(PUSH2, Device::DIGITAL); // ID:5
                         ^~~~~
                         PUSB_h
/home/ec2-user/arduino-testlib/cli-datadir/user/libraries/OpenDevice/examples/EnergiaLaunchPadBasic/EnergiaLaunchPadBasic.ino:33:3: error: &#39;OpenDevice&#39; has not been declared
   OpenDevice::begin(deviceConnection);
   ^~~~~~~~~~
/home/ec2-user/arduino-testlib/cli-datadir/user/libraries/OpenDevice/examples/EnergiaLaunchPadBasic/EnergiaLaunchPadBasic.ino:34:3: error: &#39;OpenDevice&#39; has not been declared
   OpenDevice::debug(&#34;Started!&#34;);
   ^~~~~~~~~~
/home/ec2-user/arduino-testlib/cli-datadir/user/libraries/OpenDevice/examples/EnergiaLaunchPadBasic/EnergiaLaunchPadBasic.ino: In function &#39;void loop()&#39;:
/home/ec2-user/arduino-testlib/cli-datadir/user/libraries/OpenDevice/examples/EnergiaLaunchPadBasic/EnergiaLaunchPadBasic.ino:40:3: error: &#39;OpenDevice&#39; has not been declared
   OpenDevice::loop();
   ^~~~~~~~~~
Multiple libraries were found for &#34;EEPROM.h&#34;
  Used: /home/ec2-user/arduino-testlib/cli-datadir/data/packages/arduino/hardware/megaavr/1.8.7/libraries/EEPROM
  Not used: /home/ec2-user/arduino-testlib/cli-datadir/user/libraries/arduino-NVM
  Not used: /home/ec2-user/arduino-testlib/cli-datadir/user/libraries/Hello_Drum
Multiple libraries were found for &#34;PubSubClient.h&#34;
  Used: /home/ec2-user/arduino-testlib/cli-datadir/user/libraries/PubSubClient
  Not used: /home/ec2-user/arduino-testlib/cli-datadir/user/libraries/AzureIoTHubMQTTClient
  Not used: /home/ec2-user/arduino-testlib/cli-datadir/user/libraries/ACS-M1128
  Not used: /home/ec2-user/arduino-testlib/cli-datadir/user/libraries/AIS_4G_board
  Not used: /home/ec2-user/arduino-testlib/cli-datadir/user/libraries/AllThingsTalk_WiFi_SDK
  Not used: /home/ec2-user/arduino-testlib/cli-datadir/user/libraries/CMMC_MQTT_Connector
  Not used: /home/ec2-user/arduino-testlib/cli-datadir/user/libraries/Antares_ESP8266_MQTT
  Not used: /home/ec2-user/arduino-testlib/cli-datadir/user/libraries/ESP8266_Microgear
</pre>
					
					<h4>examples/EthernetConnection</h4>
					<p>
						Result: <b>PASS</b>
					</p>
					<pre class="pre-scrollable">WARNING: library OpenDevice claims to run on avr, esp8266, sam architecture(s) and may be incompatible with your current board which runs on megaavr architecture(s).
Sketch uses 17734 bytes (36%) of program storage space. Maximum is 49152 bytes.
Global variables use 484 bytes (7%) of dynamic memory, leaving 5660 bytes for local variables. Maximum is 6144 bytes.
</pre>
					
					<h4>examples/EthernetCustomCommands</h4>
					<p>
						Result: <b>PASS</b>
					</p>
					<pre class="pre-scrollable">WARNING: library OpenDevice claims to run on avr, esp8266, sam architecture(s) and may be incompatible with your current board which runs on megaavr architecture(s).
Sketch uses 26924 bytes (54%) of program storage space. Maximum is 49152 bytes.
Global variables use 1372 bytes (22%) of dynamic memory, leaving 4772 bytes for local variables. Maximum is 6144 bytes.
</pre>
					
					<h4>examples/Projects</h4>
					<p>
						Result: <b>FAIL</b>
					</p>
					<pre class="pre-scrollable"></pre>
					
					<h4>examples/RF433Sensor</h4>
					<p>
						Result: <b>FAIL</b>
					</p>
					<pre class="pre-scrollable">WARNING: library rc-switch claims to run on avr, esp8266, esp32, stm32 architecture(s) and may be incompatible with your current board which runs on megaavr architecture(s).
WARNING: library OpenDevice claims to run on avr, esp8266, sam architecture(s) and may be incompatible with your current board which runs on megaavr architecture(s).
/home/ec2-user/arduino-testlib/cli-datadir/user/libraries/OpenDevice/examples/RF433Sensor/RF433Sensor.ino:16:19: error: &#39;D5&#39; was not declared in this scope
 RFSensor rfSensor(D5); // PIN must support interrupts
                   ^~
/home/ec2-user/arduino-testlib/cli-datadir/user/libraries/OpenDevice/examples/RF433Sensor/RF433Sensor.ino:16:19: note: suggested alternative: &#39;A5&#39;
 RFSensor rfSensor(D5); // PIN must support interrupts
                   ^~
                   A5
/home/ec2-user/arduino-testlib/cli-datadir/user/libraries/OpenDevice/examples/RF433Sensor/RF433Sensor.ino: In function &#39;void setup()&#39;:
/home/ec2-user/arduino-testlib/cli-datadir/user/libraries/OpenDevice/examples/RF433Sensor/RF433Sensor.ino:21:12: error: &#39;class RFSensor&#39; has no member named &#39;filterDuplicatedInterval&#39;
   rfSensor.filterDuplicatedInterval(3000);
            ^~~~~~~~~~~~~~~~~~~~~~~~
Multiple libraries were found for &#34;EEPROM.h&#34;
  Used: /home/ec2-user/arduino-testlib/cli-datadir/data/packages/arduino/hardware/megaavr/1.8.7/libraries/EEPROM
  Not used: /home/ec2-user/arduino-testlib/cli-datadir/user/libraries/arduino-NVM
  Not used: /home/ec2-user/arduino-testlib/cli-datadir/user/libraries/Hello_Drum
Multiple libraries were found for &#34;PubSubClient.h&#34;
  Used: /home/ec2-user/arduino-testlib/cli-datadir/user/libraries/PubSubClient
  Not used: /home/ec2-user/arduino-testlib/cli-datadir/user/libraries/CMMC_MQTT_Connector
  Not used: /home/ec2-user/arduino-testlib/cli-datadir/user/libraries/AllThingsTalk_WiFi_SDK
  Not used: /home/ec2-user/arduino-testlib/cli-datadir/user/libraries/AIS_4G_board
  Not used: /home/ec2-user/arduino-testlib/cli-datadir/user/libraries/ESP8266_Microgear
  Not used: /home/ec2-user/arduino-testlib/cli-datadir/user/libraries/AzureIoTHubMQTTClient
  Not used: /home/ec2-user/arduino-testlib/cli-datadir/user/libraries/ACS-M1128
  Not used: /home/ec2-user/arduino-testlib/cli-datadir/user/libraries/Antares_ESP8266_MQTT
</pre>
					
					<h4>examples/RFIDSensor</h4>
					<p>
						Result: <b>FAIL</b>
					</p>
					<pre class="pre-scrollable">WARNING: library OpenDevice claims to run on avr, esp8266, sam architecture(s) and may be incompatible with your current board which runs on megaavr architecture(s).
/home/ec2-user/arduino-testlib/cli-datadir/user/libraries/OpenDevice/examples/RFIDSensor/RFIDSensor.ino: In function &#39;void setup()&#39;:
/home/ec2-user/arduino-testlib/cli-datadir/user/libraries/OpenDevice/examples/RFIDSensor/RFIDSensor.ino:16:24: error: no matching function for call to &#39;OpenDeviceClass::addSensor(RFIDSensor&amp;)&#39;
     ODev.addSensor(rfid); // ID:1
                        ^
In file included from /home/ec2-user/arduino-testlib/cli-datadir/user/libraries/OpenDevice/examples/RFIDSensor/RFIDSensor.ino:10:0:
/home/ec2-user/arduino-testlib/cli-datadir/user/libraries/OpenDevice/src/OpenDevice.h:415:10: note: candidate: Device* OpenDeviceClass::addSensor(const char*, uint16_t, Device::DeviceType, uint8_t)
  Device* addSensor(const char* name, uint16_t pin, Device::DeviceType type, uint8_t targetID);
          ^~~~~~~~~
/home/ec2-user/arduino-testlib/cli-datadir/user/libraries/OpenDevice/src/OpenDevice.h:415:10: note:   candidate expects 4 arguments, 1 provided
/home/ec2-user/arduino-testlib/cli-datadir/user/libraries/OpenDevice/src/OpenDevice.h:416:10: note: candidate: Device* OpenDeviceClass::addSensor(const char*, uint16_t, Device::DeviceType)
  Device* addSensor(const char* name, uint16_t pin, Device::DeviceType type);
          ^~~~~~~~~
/home/ec2-user/arduino-testlib/cli-datadir/user/libraries/OpenDevice/src/OpenDevice.h:416:10: note:   candidate expects 3 arguments, 1 provided
/home/ec2-user/arduino-testlib/cli-datadir/user/libraries/OpenDevice/src/OpenDevice.h:417:10: note: candidate: Device* OpenDeviceClass::addSensor(const char*, Device&amp;)
  Device* addSensor(const char* name, Device&amp; sensor);
          ^~~~~~~~~
/home/ec2-user/arduino-testlib/cli-datadir/user/libraries/OpenDevice/src/OpenDevice.h:417:10: note:   candidate expects 2 arguments, 1 provided
/home/ec2-user/arduino-testlib/cli-datadir/user/libraries/OpenDevice/src/OpenDevice.h:418:10: note: candidate: Device* OpenDeviceClass::addSensor(const char*, Device*)
  Device* addSensor(const char* name, Device* sensor){
          ^~~~~~~~~
/home/ec2-user/arduino-testlib/cli-datadir/user/libraries/OpenDevice/src/OpenDevice.h:418:10: note:   candidate expects 2 arguments, 1 provided
/home/ec2-user/arduino-testlib/cli-datadir/user/libraries/OpenDevice/src/OpenDevice.h:421:10: note: candidate: Device* OpenDeviceClass::addSensor(const char*, value_t (*)())
  Device* addSensor(const char* name, value_t (*function)()){
          ^~~~~~~~~
/home/ec2-user/arduino-testlib/cli-datadir/user/libraries/OpenDevice/src/OpenDevice.h:421:10: note:   candidate expects 2 arguments, 1 provided
Multiple libraries were found for &#34;EEPROM.h&#34;
  Used: /home/ec2-user/arduino-testlib/cli-datadir/data/packages/arduino/hardware/megaavr/1.8.7/libraries/EEPROM
  Not used: /home/ec2-user/arduino-testlib/cli-datadir/user/libraries/arduino-NVM
  Not used: /home/ec2-user/arduino-testlib/cli-datadir/user/libraries/Hello_Drum
Multiple libraries were found for &#34;PubSubClient.h&#34;
  Used: /home/ec2-user/arduino-testlib/cli-datadir/user/libraries/PubSubClient
  Not used: /home/ec2-user/arduino-testlib/cli-datadir/user/libraries/ACS-M1128
  Not used: /home/ec2-user/arduino-testlib/cli-datadir/user/libraries/AllThingsTalk_WiFi_SDK
  Not used: /home/ec2-user/arduino-testlib/cli-datadir/user/libraries/AIS_4G_board
  Not used: /home/ec2-user/arduino-testlib/cli-datadir/user/libraries/Antares_ESP8266_MQTT
  Not used: /home/ec2-user/arduino-testlib/cli-datadir/user/libraries/AzureIoTHubMQTTClient
  Not used: /home/ec2-user/arduino-testlib/cli-datadir/user/libraries/ESP8266_Microgear
  Not used: /home/ec2-user/arduino-testlib/cli-datadir/user/libraries/CMMC_MQTT_Connector
Multiple libraries were found for &#34;MFRC522.h&#34;
  Used: /home/ec2-user/arduino-testlib/cli-datadir/user/libraries/MFRC522
  Not used: /home/ec2-user/arduino-testlib/cli-datadir/user/libraries/MFRC522-spi-i2c-uart-async
</pre>
					
					<h4>examples/UsbConnection</h4>
					<p>
						Result: <b>PASS</b>
					</p>
					<pre class="pre-scrollable">WARNING: library OpenDevice claims to run on avr, esp8266, sam architecture(s) and may be incompatible with your current board which runs on megaavr architecture(s).
Sketch uses 14868 bytes (30%) of program storage space. Maximum is 49152 bytes.
Global variables use 466 bytes (7%) of dynamic memory, leaving 5678 bytes for local variables. Maximum is 6144 bytes.
</pre>
					
					<h4>examples/UserCommands</h4>
					<p>
						Result: <b>PASS</b>
					</p>
					<pre class="pre-scrollable">WARNING: library OpenDevice claims to run on avr, esp8266, sam architecture(s) and may be incompatible with your current board which runs on megaavr architecture(s).
Sketch uses 13848 bytes (28%) of program storage space. Maximum is 49152 bytes.
Global variables use 466 bytes (7%) of dynamic memory, leaving 5678 bytes for local variables. Maximum is 6144 bytes.
</pre>
					
					<h4>examples/YunMQTT</h4>
					<p>
						Result: <b>PASS</b>
					</p>
					<pre class="pre-scrollable">WARNING: library OpenDevice claims to run on avr, esp8266, sam architecture(s) and may be incompatible with your current board which runs on megaavr architecture(s).
Sketch uses 22903 bytes (46%) of program storage space. Maximum is 49152 bytes.
Global variables use 725 bytes (11%) of dynamic memory, leaving 5419 bytes for local variables. Maximum is 6144 bytes.
</pre>
					
				
				<h3 id="arduino:samd:mkrwifi1010">arduino:samd:mkrwifi1010 @ 1.8.12</h3>
				<h4>Inclusion</h4>
				<p>
					Result: <b>FAIL</b>
					
				</p>
				<pre class="pre-scrollable">In file included from /Users/alranel/Documents/git/arduino/arduino-testlib/cli-datadir/user/libraries/OpenDevice/src/config.h:18:0,
                 from /Users/alranel/Documents/git/arduino/arduino-testlib/cli-datadir/user/libraries/OpenDevice/src/OpenDevice.h:19,
                 from /private/tmp/arduino-testlib4047790797/test/test.ino:1:
/Users/alranel/Documents/git/arduino/arduino-testlib/cli-datadir/user/libraries/Hello_Drum/src/EEPROM.h:25:10: fatal error: avr/eeprom.h: No such file or directory
 #include &lt;avr/eeprom.h&gt;
          ^~~~~~~~~~~~~~
compilation terminated.
Multiple libraries were found for &#34;EEPROM.h&#34;
  Used: /Users/alranel/Documents/git/arduino/arduino-testlib/cli-datadir/user/libraries/Hello_Drum
  Not used: /Users/alranel/Documents/git/arduino/arduino-testlib/cli-datadir/user/libraries/arduino-NVM
</pre>

					
					<h4>examples/Alexa4OpenDevice</h4>
					<p>
						Result: <b>FAIL</b>
					</p>
					<pre class="pre-scrollable">/Users/alranel/Documents/git/arduino/arduino-testlib/cli-datadir/user/libraries/OpenDevice/examples/Alexa4OpenDevice/Alexa4OpenDevice.ino:20:10: fatal error: ESP8266WiFi.h: No such file or directory
 #include &lt;ESP8266WiFi.h&gt;  // Enable ESP8266 Embedded
          ^~~~~~~~~~~~~~~
compilation terminated.

</pre>
					
					<h4>examples/BluetoothConnection</h4>
					<p>
						Result: <b>FAIL</b>
					</p>
					<pre class="pre-scrollable">In file included from /Users/alranel/Documents/git/arduino/arduino-testlib/cli-datadir/user/libraries/OpenDevice/src/config.h:18:0,
                 from /Users/alranel/Documents/git/arduino/arduino-testlib/cli-datadir/user/libraries/OpenDevice/src/OpenDevice.h:19,
                 from /Users/alranel/Documents/git/arduino/arduino-testlib/cli-datadir/user/libraries/OpenDevice/examples/BluetoothConnection/BluetoothConnection.ino:6:
/Users/alranel/Documents/git/arduino/arduino-testlib/cli-datadir/user/libraries/Hello_Drum/src/EEPROM.h:25:10: fatal error: avr/eeprom.h: No such file or directory
 #include &lt;avr/eeprom.h&gt;
          ^~~~~~~~~~~~~~
compilation terminated.
Multiple libraries were found for &#34;EEPROM.h&#34;
  Used: /Users/alranel/Documents/git/arduino/arduino-testlib/cli-datadir/user/libraries/Hello_Drum
  Not used: /Users/alranel/Documents/git/arduino/arduino-testlib/cli-datadir/user/libraries/arduino-NVM
</pre>
					
					<h4>examples/BluetoothConnectionSoft</h4>
					<p>
						Result: <b>FAIL</b>
					</p>
					<pre class="pre-scrollable">/Users/alranel/Documents/git/arduino/arduino-testlib/cli-datadir/user/libraries/OpenDevice/examples/BluetoothConnectionSoft/BluetoothConnectionSoft.ino:7:10: fatal error: SoftSerial.h: No such file or directory
 #include &lt;SoftSerial.h&gt;
          ^~~~~~~~~~~~~~
compilation terminated.

</pre>
					
					<h4>examples/ClearConfig</h4>
					<p>
						Result: <b>FAIL</b>
					</p>
					<pre class="pre-scrollable">In file included from /Users/alranel/Documents/git/arduino/arduino-testlib/cli-datadir/user/libraries/OpenDevice/src/config.h:18:0,
                 from /Users/alranel/Documents/git/arduino/arduino-testlib/cli-datadir/user/libraries/OpenDevice/src/OpenDevice.h:19,
                 from /Users/alranel/Documents/git/arduino/arduino-testlib/cli-datadir/user/libraries/OpenDevice/examples/ClearConfig/ClearConfig.ino:6:
/Users/alranel/Documents/git/arduino/arduino-testlib/cli-datadir/user/libraries/Hello_Drum/src/EEPROM.h:25:10: fatal error: avr/eeprom.h: No such file or directory
 #include &lt;avr/eeprom.h&gt;
          ^~~~~~~~~~~~~~
compilation terminated.
Multiple libraries were found for &#34;EEPROM.h&#34;
  Used: /Users/alranel/Documents/git/arduino/arduino-testlib/cli-datadir/user/libraries/Hello_Drum
  Not used: /Users/alranel/Documents/git/arduino/arduino-testlib/cli-datadir/user/libraries/arduino-NVM
</pre>
					
					<h4>examples/CustomSensor</h4>
					<p>
						Result: <b>FAIL</b>
					</p>
					<pre class="pre-scrollable">In file included from /Users/alranel/Documents/git/arduino/arduino-testlib/cli-datadir/user/libraries/OpenDevice/src/config.h:18:0,
                 from /Users/alranel/Documents/git/arduino/arduino-testlib/cli-datadir/user/libraries/OpenDevice/src/OpenDevice.h:19,
                 from /Users/alranel/Documents/git/arduino/arduino-testlib/cli-datadir/user/libraries/OpenDevice/examples/CustomSensor/CustomSensor.ino:10:
/Users/alranel/Documents/git/arduino/arduino-testlib/cli-datadir/user/libraries/Hello_Drum/src/EEPROM.h:25:10: fatal error: avr/eeprom.h: No such file or directory
 #include &lt;avr/eeprom.h&gt;
          ^~~~~~~~~~~~~~
compilation terminated.
Multiple libraries were found for &#34;MFRC522.h&#34;
  Used: /Users/alranel/Documents/git/arduino/arduino-testlib/cli-datadir/user/libraries/MFRC522
  Not used: /Users/alranel/Documents/git/arduino/arduino-testlib/cli-datadir/user/libraries/MFRC522-spi-i2c-uart-async
Multiple libraries were found for &#34;EEPROM.h&#34;
  Used: /Users/alranel/Documents/git/arduino/arduino-testlib/cli-datadir/user/libraries/Hello_Drum
  Not used: /Users/alranel/Documents/git/arduino/arduino-testlib/cli-datadir/user/libraries/arduino-NVM
</pre>
					
					<h4>examples/DHTSensor</h4>
					<p>
						Result: <b>FAIL</b>
					</p>
					<pre class="pre-scrollable">/Users/alranel/Documents/git/arduino/arduino-testlib/cli-datadir/user/libraries/OpenDevice/examples/DHTSensor/DHTSensor.ino:10:10: fatal error: ESP8266WiFi.h: No such file or directory
 #include &lt;ESP8266WiFi.h&gt;  // Enable ESP8266 Embedded
          ^~~~~~~~~~~~~~~
compilation terminated.

</pre>
					
					<h4>examples/DigisparkBluetoothLowLevel</h4>
					<p>
						Result: <b>FAIL</b>
					</p>
					<pre class="pre-scrollable">/Users/alranel/Documents/git/arduino/arduino-testlib/cli-datadir/user/libraries/OpenDevice/examples/DigisparkBluetoothLowLevel/DigisparkBluetoothLowLevel.ino:9:10: fatal error: SoftSerial.h: No such file or directory
 #include &lt;SoftSerial.h&gt;     /* Allows Pin Change Interrupt Vector Sharing */
          ^~~~~~~~~~~~~~
compilation terminated.

</pre>
					
					<h4>examples/ESP8266WiFi_AT</h4>
					<p>
						Result: <b>FAIL</b>
					</p>
					<pre class="pre-scrollable">/Users/alranel/Documents/git/arduino/arduino-testlib/cli-datadir/user/libraries/OpenDevice/examples/ESP8266WiFi_AT/ESP8266WiFi_AT.ino:16:10: fatal error: ESP8266AT.h: No such file or directory
 #include &lt;ESP8266AT.h&gt; // AT Firmware
          ^~~~~~~~~~~~~
compilation terminated.

</pre>
					
					<h4>examples/ESP8266_MQTT</h4>
					<p>
						Result: <b>FAIL</b>
					</p>
					<pre class="pre-scrollable">/Users/alranel/Documents/git/arduino/arduino-testlib/cli-datadir/user/libraries/OpenDevice/examples/ESP8266_MQTT/ESP8266_MQTT.ino:19:10: fatal error: ESP8266WiFi.h: No such file or directory
 #include &lt;ESP8266WiFi.h&gt;  // Enable ESP8266 Embedded
          ^~~~~~~~~~~~~~~
compilation terminated.

</pre>
					
					<h4>examples/ESP8269asBridge</h4>
					<p>
						Result: <b>FAIL</b>
					</p>
					<pre class="pre-scrollable">/Users/alranel/Documents/git/arduino/arduino-testlib/cli-datadir/user/libraries/OpenDevice/examples/ESP8269asBridge/ESP8269asBridge.ino:5:10: fatal error: ELClient.h: No such file or directory
 #include &lt;ELClient.h&gt;
          ^~~~~~~~~~~~
compilation terminated.

</pre>
					
					<h4>examples/EnergiaLaunchPadBasic</h4>
					<p>
						Result: <b>FAIL</b>
					</p>
					<pre class="pre-scrollable">In file included from /Users/alranel/Documents/git/arduino/arduino-testlib/cli-datadir/user/libraries/OpenDevice/src/config.h:18:0,
                 from /Users/alranel/Documents/git/arduino/arduino-testlib/cli-datadir/user/libraries/OpenDevice/src/OpenDevice.h:19,
                 from /Users/alranel/Documents/git/arduino/arduino-testlib/cli-datadir/user/libraries/OpenDevice/examples/EnergiaLaunchPadBasic/EnergiaLaunchPadBasic.ino:9:
/Users/alranel/Documents/git/arduino/arduino-testlib/cli-datadir/user/libraries/Hello_Drum/src/EEPROM.h:25:10: fatal error: avr/eeprom.h: No such file or directory
 #include &lt;avr/eeprom.h&gt;
          ^~~~~~~~~~~~~~
compilation terminated.
Multiple libraries were found for &#34;EEPROM.h&#34;
  Used: /Users/alranel/Documents/git/arduino/arduino-testlib/cli-datadir/user/libraries/Hello_Drum
  Not used: /Users/alranel/Documents/git/arduino/arduino-testlib/cli-datadir/user/libraries/arduino-NVM
</pre>
					
					<h4>examples/EthernetConnection</h4>
					<p>
						Result: <b>FAIL</b>
					</p>
					<pre class="pre-scrollable">In file included from /Users/alranel/Documents/git/arduino/arduino-testlib/cli-datadir/user/libraries/OpenDevice/src/config.h:18:0,
                 from /Users/alranel/Documents/git/arduino/arduino-testlib/cli-datadir/user/libraries/OpenDevice/src/OpenDevice.h:19,
                 from /Users/alranel/Documents/git/arduino/arduino-testlib/cli-datadir/user/libraries/OpenDevice/examples/EthernetConnection/EthernetConnection.ino:13:
/Users/alranel/Documents/git/arduino/arduino-testlib/cli-datadir/user/libraries/Hello_Drum/src/EEPROM.h:25:10: fatal error: avr/eeprom.h: No such file or directory
 #include &lt;avr/eeprom.h&gt;
          ^~~~~~~~~~~~~~
compilation terminated.
Multiple libraries were found for &#34;EEPROM.h&#34;
  Used: /Users/alranel/Documents/git/arduino/arduino-testlib/cli-datadir/user/libraries/Hello_Drum
  Not used: /Users/alranel/Documents/git/arduino/arduino-testlib/cli-datadir/user/libraries/arduino-NVM
Multiple libraries were found for &#34;Ethernet.h&#34;
  Used: /Users/alranel/Documents/git/arduino/arduino-testlib/cli-datadir/user/libraries/Ethernet
  Not used: /Users/alranel/Documents/git/arduino/arduino-testlib/cli-datadir/user/libraries/EthernetENC
  Not used: /Users/alranel/Documents/git/arduino/arduino-testlib/cli-datadir/user/libraries/UIPEthernet
</pre>
					
					<h4>examples/EthernetCustomCommands</h4>
					<p>
						Result: <b>FAIL</b>
					</p>
					<pre class="pre-scrollable">In file included from /Users/alranel/Documents/git/arduino/arduino-testlib/cli-datadir/user/libraries/OpenDevice/src/config.h:18:0,
                 from /Users/alranel/Documents/git/arduino/arduino-testlib/cli-datadir/user/libraries/OpenDevice/src/OpenDevice.h:19,
                 from /Users/alranel/Documents/git/arduino/arduino-testlib/cli-datadir/user/libraries/OpenDevice/examples/EthernetCustomCommands/EthernetCustomCommands.ino:10:
/Users/alranel/Documents/git/arduino/arduino-testlib/cli-datadir/user/libraries/Hello_Drum/src/EEPROM.h:25:10: fatal error: avr/eeprom.h: No such file or directory
 #include &lt;avr/eeprom.h&gt;
          ^~~~~~~~~~~~~~
compilation terminated.
Multiple libraries were found for &#34;EEPROM.h&#34;
  Used: /Users/alranel/Documents/git/arduino/arduino-testlib/cli-datadir/user/libraries/Hello_Drum
  Not used: /Users/alranel/Documents/git/arduino/arduino-testlib/cli-datadir/user/libraries/arduino-NVM
</pre>
					
					<h4>examples/Projects</h4>
					<p>
						Result: <b>FAIL</b>
					</p>
					<pre class="pre-scrollable"></pre>
					
					<h4>examples/RF433Sensor</h4>
					<p>
						Result: <b>FAIL</b>
					</p>
					<pre class="pre-scrollable">In file included from /Users/alranel/Documents/git/arduino/arduino-testlib/cli-datadir/user/libraries/OpenDevice/src/config.h:18:0,
                 from /Users/alranel/Documents/git/arduino/arduino-testlib/cli-datadir/user/libraries/OpenDevice/src/OpenDevice.h:19,
                 from /Users/alranel/Documents/git/arduino/arduino-testlib/cli-datadir/user/libraries/OpenDevice/examples/RF433Sensor/RF433Sensor.ino:14:
/Users/alranel/Documents/git/arduino/arduino-testlib/cli-datadir/user/libraries/Hello_Drum/src/EEPROM.h:25:10: fatal error: avr/eeprom.h: No such file or directory
 #include &lt;avr/eeprom.h&gt;
          ^~~~~~~~~~~~~~
compilation terminated.
Multiple libraries were found for &#34;EEPROM.h&#34;
  Used: /Users/alranel/Documents/git/arduino/arduino-testlib/cli-datadir/user/libraries/Hello_Drum
  Not used: /Users/alranel/Documents/git/arduino/arduino-testlib/cli-datadir/user/libraries/arduino-NVM
</pre>
					
					<h4>examples/RFIDSensor</h4>
					<p>
						Result: <b>FAIL</b>
					</p>
					<pre class="pre-scrollable">In file included from /Users/alranel/Documents/git/arduino/arduino-testlib/cli-datadir/user/libraries/OpenDevice/src/config.h:18:0,
                 from /Users/alranel/Documents/git/arduino/arduino-testlib/cli-datadir/user/libraries/OpenDevice/src/OpenDevice.h:19,
                 from /Users/alranel/Documents/git/arduino/arduino-testlib/cli-datadir/user/libraries/OpenDevice/examples/RFIDSensor/RFIDSensor.ino:10:
/Users/alranel/Documents/git/arduino/arduino-testlib/cli-datadir/user/libraries/Hello_Drum/src/EEPROM.h:25:10: fatal error: avr/eeprom.h: No such file or directory
 #include &lt;avr/eeprom.h&gt;
          ^~~~~~~~~~~~~~
compilation terminated.
Multiple libraries were found for &#34;MFRC522.h&#34;
  Used: /Users/alranel/Documents/git/arduino/arduino-testlib/cli-datadir/user/libraries/MFRC522
  Not used: /Users/alranel/Documents/git/arduino/arduino-testlib/cli-datadir/user/libraries/MFRC522-spi-i2c-uart-async
Multiple libraries were found for &#34;EEPROM.h&#34;
  Used: /Users/alranel/Documents/git/arduino/arduino-testlib/cli-datadir/user/libraries/Hello_Drum
  Not used: /Users/alranel/Documents/git/arduino/arduino-testlib/cli-datadir/user/libraries/arduino-NVM
</pre>
					
					<h4>examples/UsbConnection</h4>
					<p>
						Result: <b>FAIL</b>
					</p>
					<pre class="pre-scrollable">In file included from /Users/alranel/Documents/git/arduino/arduino-testlib/cli-datadir/user/libraries/OpenDevice/src/config.h:18:0,
                 from /Users/alranel/Documents/git/arduino/arduino-testlib/cli-datadir/user/libraries/OpenDevice/src/OpenDevice.h:19,
                 from /Users/alranel/Documents/git/arduino/arduino-testlib/cli-datadir/user/libraries/OpenDevice/examples/UsbConnection/UsbConnection.ino:7:
/Users/alranel/Documents/git/arduino/arduino-testlib/cli-datadir/user/libraries/Hello_Drum/src/EEPROM.h:25:10: fatal error: avr/eeprom.h: No such file or directory
 #include &lt;avr/eeprom.h&gt;
          ^~~~~~~~~~~~~~
compilation terminated.
Multiple libraries were found for &#34;EEPROM.h&#34;
  Used: /Users/alranel/Documents/git/arduino/arduino-testlib/cli-datadir/user/libraries/Hello_Drum
  Not used: /Users/alranel/Documents/git/arduino/arduino-testlib/cli-datadir/user/libraries/arduino-NVM
</pre>
					
					<h4>examples/UserCommands</h4>
					<p>
						Result: <b>FAIL</b>
					</p>
					<pre class="pre-scrollable">In file included from /Users/alranel/Documents/git/arduino/arduino-testlib/cli-datadir/user/libraries/OpenDevice/src/config.h:18:0,
                 from /Users/alranel/Documents/git/arduino/arduino-testlib/cli-datadir/user/libraries/OpenDevice/src/OpenDevice.h:19,
                 from /Users/alranel/Documents/git/arduino/arduino-testlib/cli-datadir/user/libraries/OpenDevice/examples/UserCommands/UserCommands.ino:1:
/Users/alranel/Documents/git/arduino/arduino-testlib/cli-datadir/user/libraries/Hello_Drum/src/EEPROM.h:25:10: fatal error: avr/eeprom.h: No such file or directory
 #include &lt;avr/eeprom.h&gt;
          ^~~~~~~~~~~~~~
compilation terminated.
Multiple libraries were found for &#34;EEPROM.h&#34;
  Used: /Users/alranel/Documents/git/arduino/arduino-testlib/cli-datadir/user/libraries/Hello_Drum
  Not used: /Users/alranel/Documents/git/arduino/arduino-testlib/cli-datadir/user/libraries/arduino-NVM
</pre>
					
					<h4>examples/YunMQTT</h4>
					<p>
						Result: <b>FAIL</b>
					</p>
					<pre class="pre-scrollable">In file included from /Users/alranel/Documents/git/arduino/arduino-testlib/cli-datadir/user/libraries/OpenDevice/src/config.h:18:0,
                 from /Users/alranel/Documents/git/arduino/arduino-testlib/cli-datadir/user/libraries/OpenDevice/src/OpenDevice.h:19,
                 from /Users/alranel/Documents/git/arduino/arduino-testlib/cli-datadir/user/libraries/OpenDevice/examples/YunMQTT/YunMQTT.ino:13:
/Users/alranel/Documents/git/arduino/arduino-testlib/cli-datadir/user/libraries/Hello_Drum/src/EEPROM.h:25:10: fatal error: avr/eeprom.h: No such file or directory
 #include &lt;avr/eeprom.h&gt;
          ^~~~~~~~~~~~~~
compilation terminated.
Multiple libraries were found for &#34;EEPROM.h&#34;
  Used: /Users/alranel/Documents/git/arduino/arduino-testlib/cli-datadir/user/libraries/Hello_Drum
  Not used: /Users/alranel/Documents/git/arduino/arduino-testlib/cli-datadir/user/libraries/arduino-NVM
Multiple libraries were found for &#34;PubSubClient.h&#34;
  Used: /Users/alranel/Documents/git/arduino/arduino-testlib/cli-datadir/user/libraries/PubSubClient
  Not used: /Users/alranel/Documents/git/arduino/arduino-testlib/cli-datadir/user/libraries/AllThingsTalk_WiFi_SDK
  Not used: /Users/alranel/Documents/git/arduino/arduino-testlib/cli-datadir/user/libraries/ESP8266_Microgear
  Not used: /Users/alranel/Documents/git/arduino/arduino-testlib/cli-datadir/user/libraries/CMMC_MQTT_Connector
  Not used: /Users/alranel/Documents/git/arduino/arduino-testlib/cli-datadir/user/libraries/AIS_4G_board
  Not used: /Users/alranel/Documents/git/arduino/arduino-testlib/cli-datadir/user/libraries/AzureIoTHubMQTTClient
  Not used: /Users/alranel/Documents/git/arduino/arduino-testlib/cli-datadir/user/libraries/Antares_ESP8266_MQTT
  Not used: /Users/alranel/Documents/git/arduino/arduino-testlib/cli-datadir/user/libraries/ACS-M1128
</pre>
					
				
				<h3 id="esp32:esp32:d1_mini32">esp32:esp32:d1_mini32 @ 1.0.6</h3>
				<h4>Inclusion</h4>
				<p>
					Result: <b>FAIL</b>
					
				</p>
				<pre class="pre-scrollable">WARNING: library OpenDevice claims to run on avr, esp8266, sam architecture(s) and may be incompatible with your current board which runs on esp32 architecture(s).
In file included from /home/ec2-user/arduino-testlib/cli-datadir/data/packages/esp32/hardware/esp32/1.0.6/cores/esp32/esp32-hal.h:53:0,
                 from /home/ec2-user/arduino-testlib/cli-datadir/data/packages/esp32/hardware/esp32/1.0.6/cores/esp32/Arduino.h:35,
                 from /tmp/arduino-sketch-F8F2A51914291550913D814626E3773E/sketch/test.ino.cpp:1:
/home/ec2-user/arduino-testlib/cli-datadir/data/packages/esp32/hardware/esp32/1.0.6/cores/esp32/esp32-hal-gpio.h:48:27: error: expected identifier before numeric constant
 #define ANALOG            0xC0
                           ^
/home/ec2-user/arduino-testlib/cli-datadir/user/libraries/OpenDevice/src/Command.h:23:3: note: in expansion of macro &#39;ANALOG&#39;
   ANALOG      = 2,
   ^
/home/ec2-user/arduino-testlib/cli-datadir/data/packages/esp32/hardware/esp32/1.0.6/cores/esp32/esp32-hal-gpio.h:48:27: error: expected &#39;}&#39; before numeric constant
 #define ANALOG            0xC0
                           ^
/home/ec2-user/arduino-testlib/cli-datadir/user/libraries/OpenDevice/src/Command.h:23:3: note: in expansion of macro &#39;ANALOG&#39;
   ANALOG      = 2,
   ^
/home/ec2-user/arduino-testlib/cli-datadir/data/packages/esp32/hardware/esp32/1.0.6/cores/esp32/esp32-hal-gpio.h:48:27: error: expected unqualified-id before numeric constant
 #define ANALOG            0xC0
                           ^
/home/ec2-user/arduino-testlib/cli-datadir/user/libraries/OpenDevice/src/Command.h:23:3: note: in expansion of macro &#39;ANALOG&#39;
   ANALOG      = 2,
   ^
In file included from /home/ec2-user/arduino-testlib/cli-datadir/user/libraries/OpenDevice/src/OpenDevice.h:22:0,
                 from /tmp/arduino-testlib4095294363/test/test.ino:1:
/home/ec2-user/arduino-testlib/cli-datadir/user/libraries/OpenDevice/src/Command.h:66:1: error: expected declaration before &#39;}&#39; token
 }
 ^
Multiple libraries were found for &#34;EEPROM.h&#34;
  Used: /home/ec2-user/arduino-testlib/cli-datadir/data/packages/esp32/hardware/esp32/1.0.6/libraries/EEPROM
  Not used: /home/ec2-user/arduino-testlib/cli-datadir/user/libraries/arduino-NVM
  Not used: /home/ec2-user/arduino-testlib/cli-datadir/user/libraries/Hello_Drum
Multiple libraries were found for &#34;PubSubClient.h&#34;
  Used: /home/ec2-user/arduino-testlib/cli-datadir/user/libraries/PubSubClient
  Not used: /home/ec2-user/arduino-testlib/cli-datadir/user/libraries/AllThingsTalk_WiFi_SDK
  Not used: /home/ec2-user/arduino-testlib/cli-datadir/user/libraries/Antares_ESP8266_MQTT
  Not used: /home/ec2-user/arduino-testlib/cli-datadir/user/libraries/ESP8266_Microgear
  Not used: /home/ec2-user/arduino-testlib/cli-datadir/user/libraries/AzureIoTHubMQTTClient
  Not used: /home/ec2-user/arduino-testlib/cli-datadir/user/libraries/CMMC_MQTT_Connector
  Not used: /home/ec2-user/arduino-testlib/cli-datadir/user/libraries/AIS_4G_board
  Not used: /home/ec2-user/arduino-testlib/cli-datadir/user/libraries/ACS-M1128
</pre>

					
					<h4>examples/Alexa4OpenDevice</h4>
					<p>
						Result: <b>FAIL</b>
					</p>
					<pre class="pre-scrollable">/home/ec2-user/arduino-testlib/cli-datadir/user/libraries/OpenDevice/examples/Alexa4OpenDevice/Alexa4OpenDevice.ino:20:53: fatal error: ESP8266WiFi.h: No such file or directory
compilation terminated.

</pre>
					
					<h4>examples/BluetoothConnection</h4>
					<p>
						Result: <b>FAIL</b>
					</p>
					<pre class="pre-scrollable">WARNING: library OpenDevice claims to run on avr, esp8266, sam architecture(s) and may be incompatible with your current board which runs on esp32 architecture(s).
In file included from /home/ec2-user/arduino-testlib/cli-datadir/data/packages/esp32/hardware/esp32/1.0.6/cores/esp32/esp32-hal.h:53:0,
                 from /home/ec2-user/arduino-testlib/cli-datadir/data/packages/esp32/hardware/esp32/1.0.6/cores/esp32/Arduino.h:35,
                 from /tmp/arduino-sketch-2CC32D1891F9ABA3B634323A56B545BC/sketch/BluetoothConnection.ino.cpp:1:
/home/ec2-user/arduino-testlib/cli-datadir/data/packages/esp32/hardware/esp32/1.0.6/cores/esp32/esp32-hal-gpio.h:48:27: error: expected identifier before numeric constant
 #define ANALOG            0xC0
                           ^
/home/ec2-user/arduino-testlib/cli-datadir/user/libraries/OpenDevice/src/Command.h:23:3: note: in expansion of macro &#39;ANALOG&#39;
   ANALOG      = 2,
   ^
/home/ec2-user/arduino-testlib/cli-datadir/data/packages/esp32/hardware/esp32/1.0.6/cores/esp32/esp32-hal-gpio.h:48:27: error: expected &#39;}&#39; before numeric constant
 #define ANALOG            0xC0
                           ^
/home/ec2-user/arduino-testlib/cli-datadir/user/libraries/OpenDevice/src/Command.h:23:3: note: in expansion of macro &#39;ANALOG&#39;
   ANALOG      = 2,
   ^
/home/ec2-user/arduino-testlib/cli-datadir/data/packages/esp32/hardware/esp32/1.0.6/cores/esp32/esp32-hal-gpio.h:48:27: error: expected unqualified-id before numeric constant
 #define ANALOG            0xC0
                           ^
/home/ec2-user/arduino-testlib/cli-datadir/user/libraries/OpenDevice/src/Command.h:23:3: note: in expansion of macro &#39;ANALOG&#39;
   ANALOG      = 2,
   ^
In file included from /home/ec2-user/arduino-testlib/cli-datadir/user/libraries/OpenDevice/src/OpenDevice.h:22:0,
                 from /home/ec2-user/arduino-testlib/cli-datadir/user/libraries/OpenDevice/examples/BluetoothConnection/BluetoothConnection.ino:6:
/home/ec2-user/arduino-testlib/cli-datadir/user/libraries/OpenDevice/src/Command.h:66:1: error: expected declaration before &#39;}&#39; token
 }
 ^
Multiple libraries were found for &#34;EEPROM.h&#34;
  Used: /home/ec2-user/arduino-testlib/cli-datadir/data/packages/esp32/hardware/esp32/1.0.6/libraries/EEPROM
  Not used: /home/ec2-user/arduino-testlib/cli-datadir/user/libraries/Hello_Drum
  Not used: /home/ec2-user/arduino-testlib/cli-datadir/user/libraries/arduino-NVM
Multiple libraries were found for &#34;PubSubClient.h&#34;
  Used: /home/ec2-user/arduino-testlib/cli-datadir/user/libraries/PubSubClient
  Not used: /home/ec2-user/arduino-testlib/cli-datadir/user/libraries/CMMC_MQTT_Connector
  Not used: /home/ec2-user/arduino-testlib/cli-datadir/user/libraries/ESP8266_Microgear
  Not used: /home/ec2-user/arduino-testlib/cli-datadir/user/libraries/AzureIoTHubMQTTClient
  Not used: /home/ec2-user/arduino-testlib/cli-datadir/user/libraries/ACS-M1128
  Not used: /home/ec2-user/arduino-testlib/cli-datadir/user/libraries/AllThingsTalk_WiFi_SDK
  Not used: /home/ec2-user/arduino-testlib/cli-datadir/user/libraries/AIS_4G_board
  Not used: /home/ec2-user/arduino-testlib/cli-datadir/user/libraries/Antares_ESP8266_MQTT
</pre>
					
					<h4>examples/BluetoothConnectionSoft</h4>
					<p>
						Result: <b>FAIL</b>
					</p>
					<pre class="pre-scrollable">/home/ec2-user/arduino-testlib/cli-datadir/user/libraries/OpenDevice/examples/BluetoothConnectionSoft/BluetoothConnectionSoft.ino:7:27: fatal error: SoftSerial.h: No such file or directory
compilation terminated.

</pre>
					
					<h4>examples/ClearConfig</h4>
					<p>
						Result: <b>FAIL</b>
					</p>
					<pre class="pre-scrollable">WARNING: library OpenDevice claims to run on avr, esp8266, sam architecture(s) and may be incompatible with your current board which runs on esp32 architecture(s).
In file included from /home/ec2-user/arduino-testlib/cli-datadir/data/packages/esp32/hardware/esp32/1.0.6/cores/esp32/esp32-hal.h:53:0,
                 from /home/ec2-user/arduino-testlib/cli-datadir/data/packages/esp32/hardware/esp32/1.0.6/cores/esp32/Arduino.h:35,
                 from /tmp/arduino-sketch-1E7F09A2EFBB92572E54CAE3A8C2C067/sketch/ClearConfig.ino.cpp:1:
/home/ec2-user/arduino-testlib/cli-datadir/data/packages/esp32/hardware/esp32/1.0.6/cores/esp32/esp32-hal-gpio.h:48:27: error: expected identifier before numeric constant
 #define ANALOG            0xC0
                           ^
/home/ec2-user/arduino-testlib/cli-datadir/user/libraries/OpenDevice/src/Command.h:23:3: note: in expansion of macro &#39;ANALOG&#39;
   ANALOG      = 2,
   ^
/home/ec2-user/arduino-testlib/cli-datadir/data/packages/esp32/hardware/esp32/1.0.6/cores/esp32/esp32-hal-gpio.h:48:27: error: expected &#39;}&#39; before numeric constant
 #define ANALOG            0xC0
                           ^
/home/ec2-user/arduino-testlib/cli-datadir/user/libraries/OpenDevice/src/Command.h:23:3: note: in expansion of macro &#39;ANALOG&#39;
   ANALOG      = 2,
   ^
/home/ec2-user/arduino-testlib/cli-datadir/data/packages/esp32/hardware/esp32/1.0.6/cores/esp32/esp32-hal-gpio.h:48:27: error: expected unqualified-id before numeric constant
 #define ANALOG            0xC0
                           ^
/home/ec2-user/arduino-testlib/cli-datadir/user/libraries/OpenDevice/src/Command.h:23:3: note: in expansion of macro &#39;ANALOG&#39;
   ANALOG      = 2,
   ^
In file included from /home/ec2-user/arduino-testlib/cli-datadir/user/libraries/OpenDevice/src/OpenDevice.h:22:0,
                 from /home/ec2-user/arduino-testlib/cli-datadir/user/libraries/OpenDevice/examples/ClearConfig/ClearConfig.ino:6:
/home/ec2-user/arduino-testlib/cli-datadir/user/libraries/OpenDevice/src/Command.h:66:1: error: expected declaration before &#39;}&#39; token
 }
 ^
Multiple libraries were found for &#34;EEPROM.h&#34;
  Used: /home/ec2-user/arduino-testlib/cli-datadir/data/packages/esp32/hardware/esp32/1.0.6/libraries/EEPROM
  Not used: /home/ec2-user/arduino-testlib/cli-datadir/user/libraries/Hello_Drum
  Not used: /home/ec2-user/arduino-testlib/cli-datadir/user/libraries/arduino-NVM
Multiple libraries were found for &#34;PubSubClient.h&#34;
  Used: /home/ec2-user/arduino-testlib/cli-datadir/user/libraries/PubSubClient
  Not used: /home/ec2-user/arduino-testlib/cli-datadir/user/libraries/ESP8266_Microgear
  Not used: /home/ec2-user/arduino-testlib/cli-datadir/user/libraries/Antares_ESP8266_MQTT
  Not used: /home/ec2-user/arduino-testlib/cli-datadir/user/libraries/CMMC_MQTT_Connector
  Not used: /home/ec2-user/arduino-testlib/cli-datadir/user/libraries/AllThingsTalk_WiFi_SDK
  Not used: /home/ec2-user/arduino-testlib/cli-datadir/user/libraries/AIS_4G_board
  Not used: /home/ec2-user/arduino-testlib/cli-datadir/user/libraries/ACS-M1128
  Not used: /home/ec2-user/arduino-testlib/cli-datadir/user/libraries/AzureIoTHubMQTTClient
</pre>
					
					<h4>examples/CustomSensor</h4>
					<p>
						Result: <b>FAIL</b>
					</p>
					<pre class="pre-scrollable">WARNING: library OpenDevice claims to run on avr, esp8266, sam architecture(s) and may be incompatible with your current board which runs on esp32 architecture(s).
In file included from /home/ec2-user/arduino-testlib/cli-datadir/data/packages/esp32/hardware/esp32/1.0.6/cores/esp32/esp32-hal.h:53:0,
                 from /home/ec2-user/arduino-testlib/cli-datadir/data/packages/esp32/hardware/esp32/1.0.6/cores/esp32/Arduino.h:35,
                 from /tmp/arduino-sketch-503DB8DB842ABF34BCCF6FF4CFC76670/sketch/CustomSensor.ino.cpp:1:
/home/ec2-user/arduino-testlib/cli-datadir/data/packages/esp32/hardware/esp32/1.0.6/cores/esp32/esp32-hal-gpio.h:48:27: error: expected identifier before numeric constant
 #define ANALOG            0xC0
                           ^
/home/ec2-user/arduino-testlib/cli-datadir/user/libraries/OpenDevice/src/Command.h:23:3: note: in expansion of macro &#39;ANALOG&#39;
   ANALOG      = 2,
   ^
/home/ec2-user/arduino-testlib/cli-datadir/data/packages/esp32/hardware/esp32/1.0.6/cores/esp32/esp32-hal-gpio.h:48:27: error: expected &#39;}&#39; before numeric constant
 #define ANALOG            0xC0
                           ^
/home/ec2-user/arduino-testlib/cli-datadir/user/libraries/OpenDevice/src/Command.h:23:3: note: in expansion of macro &#39;ANALOG&#39;
   ANALOG      = 2,
   ^
/home/ec2-user/arduino-testlib/cli-datadir/data/packages/esp32/hardware/esp32/1.0.6/cores/esp32/esp32-hal-gpio.h:48:27: error: expected unqualified-id before numeric constant
 #define ANALOG            0xC0
                           ^
/home/ec2-user/arduino-testlib/cli-datadir/user/libraries/OpenDevice/src/Command.h:23:3: note: in expansion of macro &#39;ANALOG&#39;
   ANALOG      = 2,
   ^
In file included from /home/ec2-user/arduino-testlib/cli-datadir/user/libraries/OpenDevice/src/Device.h:18:0,
                 from /home/ec2-user/arduino-testlib/cli-datadir/user/libraries/OpenDevice/src/devices/RFIDSensor.h:17,
                 from /home/ec2-user/arduino-testlib/cli-datadir/user/libraries/OpenDevice/src/devices/RFIDSensor.cpp:16,
                 from /home/ec2-user/arduino-testlib/cli-datadir/user/libraries/OpenDevice/src/../dependencies.h:125,
                 from /home/ec2-user/arduino-testlib/cli-datadir/user/libraries/OpenDevice/src/OpenDevice.h:20,
                 from /home/ec2-user/arduino-testlib/cli-datadir/user/libraries/OpenDevice/examples/CustomSensor/CustomSensor.ino:10:
/home/ec2-user/arduino-testlib/cli-datadir/user/libraries/OpenDevice/src/Command.h:66:1: error: expected declaration before &#39;}&#39; token
 }
 ^
Multiple libraries were found for &#34;MFRC522.h&#34;
  Used: /home/ec2-user/arduino-testlib/cli-datadir/user/libraries/MFRC522
  Not used: /home/ec2-user/arduino-testlib/cli-datadir/user/libraries/MFRC522-spi-i2c-uart-async
Multiple libraries were found for &#34;EEPROM.h&#34;
  Used: /home/ec2-user/arduino-testlib/cli-datadir/data/packages/esp32/hardware/esp32/1.0.6/libraries/EEPROM
  Not used: /home/ec2-user/arduino-testlib/cli-datadir/user/libraries/Hello_Drum
  Not used: /home/ec2-user/arduino-testlib/cli-datadir/user/libraries/arduino-NVM
Multiple libraries were found for &#34;PubSubClient.h&#34;
  Used: /home/ec2-user/arduino-testlib/cli-datadir/user/libraries/PubSubClient
  Not used: /home/ec2-user/arduino-testlib/cli-datadir/user/libraries/ACS-M1128
  Not used: /home/ec2-user/arduino-testlib/cli-datadir/user/libraries/CMMC_MQTT_Connector
  Not used: /home/ec2-user/arduino-testlib/cli-datadir/user/libraries/AzureIoTHubMQTTClient
  Not used: /home/ec2-user/arduino-testlib/cli-datadir/user/libraries/AllThingsTalk_WiFi_SDK
  Not used: /home/ec2-user/arduino-testlib/cli-datadir/user/libraries/Antares_ESP8266_MQTT
  Not used: /home/ec2-user/arduino-testlib/cli-datadir/user/libraries/ESP8266_Microgear
  Not used: /home/ec2-user/arduino-testlib/cli-datadir/user/libraries/AIS_4G_board
</pre>
					
					<h4>examples/DHTSensor</h4>
					<p>
						Result: <b>FAIL</b>
					</p>
					<pre class="pre-scrollable">/home/ec2-user/arduino-testlib/cli-datadir/user/libraries/OpenDevice/examples/DHTSensor/DHTSensor.ino:10:53: fatal error: ESP8266WiFi.h: No such file or directory
compilation terminated.

</pre>
					
					<h4>examples/DigisparkBluetoothLowLevel</h4>
					<p>
						Result: <b>FAIL</b>
					</p>
					<pre class="pre-scrollable">/home/ec2-user/arduino-testlib/cli-datadir/user/libraries/OpenDevice/examples/DigisparkBluetoothLowLevel/DigisparkBluetoothLowLevel.ino:9:77: fatal error: SoftSerial.h: No such file or directory
compilation terminated.

</pre>
					
					<h4>examples/ESP8266WiFi_AT</h4>
					<p>
						Result: <b>FAIL</b>
					</p>
					<pre class="pre-scrollable">/home/ec2-user/arduino-testlib/cli-datadir/user/libraries/OpenDevice/examples/ESP8266WiFi_AT/ESP8266WiFi_AT.ino:16:38: fatal error: ESP8266AT.h: No such file or directory
compilation terminated.

</pre>
					
					<h4>examples/ESP8266_MQTT</h4>
					<p>
						Result: <b>FAIL</b>
					</p>
					<pre class="pre-scrollable">/home/ec2-user/arduino-testlib/cli-datadir/user/libraries/OpenDevice/examples/ESP8266_MQTT/ESP8266_MQTT.ino:19:53: fatal error: ESP8266WiFi.h: No such file or directory
compilation terminated.

</pre>
					
					<h4>examples/ESP8269asBridge</h4>
					<p>
						Result: <b>FAIL</b>
					</p>
					<pre class="pre-scrollable">/home/ec2-user/arduino-testlib/cli-datadir/user/libraries/OpenDevice/examples/ESP8269asBridge/ESP8269asBridge.ino:5:22: fatal error: ELClient.h: No such file or directory
compilation terminated.

</pre>
					
					<h4>examples/EnergiaLaunchPadBasic</h4>
					<p>
						Result: <b>FAIL</b>
					</p>
					<pre class="pre-scrollable">WARNING: library OpenDevice claims to run on avr, esp8266, sam architecture(s) and may be incompatible with your current board which runs on esp32 architecture(s).
In file included from /home/ec2-user/arduino-testlib/cli-datadir/data/packages/esp32/hardware/esp32/1.0.6/cores/esp32/esp32-hal.h:53:0,
                 from /home/ec2-user/arduino-testlib/cli-datadir/data/packages/esp32/hardware/esp32/1.0.6/cores/esp32/Arduino.h:35,
                 from /tmp/arduino-sketch-01022ADE8AF103A0422A7DF4D9149BF6/sketch/EnergiaLaunchPadBasic.ino.cpp:1:
/home/ec2-user/arduino-testlib/cli-datadir/data/packages/esp32/hardware/esp32/1.0.6/cores/esp32/esp32-hal-gpio.h:48:27: error: expected identifier before numeric constant
 #define ANALOG            0xC0
                           ^
/home/ec2-user/arduino-testlib/cli-datadir/user/libraries/OpenDevice/src/Command.h:23:3: note: in expansion of macro &#39;ANALOG&#39;
   ANALOG      = 2,
   ^
/home/ec2-user/arduino-testlib/cli-datadir/data/packages/esp32/hardware/esp32/1.0.6/cores/esp32/esp32-hal-gpio.h:48:27: error: expected &#39;}&#39; before numeric constant
 #define ANALOG            0xC0
                           ^
/home/ec2-user/arduino-testlib/cli-datadir/user/libraries/OpenDevice/src/Command.h:23:3: note: in expansion of macro &#39;ANALOG&#39;
   ANALOG      = 2,
   ^
/home/ec2-user/arduino-testlib/cli-datadir/data/packages/esp32/hardware/esp32/1.0.6/cores/esp32/esp32-hal-gpio.h:48:27: error: expected unqualified-id before numeric constant
 #define ANALOG            0xC0
                           ^
/home/ec2-user/arduino-testlib/cli-datadir/user/libraries/OpenDevice/src/Command.h:23:3: note: in expansion of macro &#39;ANALOG&#39;
   ANALOG      = 2,
   ^
In file included from /home/ec2-user/arduino-testlib/cli-datadir/user/libraries/OpenDevice/src/OpenDevice.h:22:0,
                 from /home/ec2-user/arduino-testlib/cli-datadir/user/libraries/OpenDevice/examples/EnergiaLaunchPadBasic/EnergiaLaunchPadBasic.ino:9:
/home/ec2-user/arduino-testlib/cli-datadir/user/libraries/OpenDevice/src/Command.h:66:1: error: expected declaration before &#39;}&#39; token
 }
 ^
Multiple libraries were found for &#34;EEPROM.h&#34;
  Used: /home/ec2-user/arduino-testlib/cli-datadir/data/packages/esp32/hardware/esp32/1.0.6/libraries/EEPROM
  Not used: /home/ec2-user/arduino-testlib/cli-datadir/user/libraries/Hello_Drum
  Not used: /home/ec2-user/arduino-testlib/cli-datadir/user/libraries/arduino-NVM
Multiple libraries were found for &#34;PubSubClient.h&#34;
  Used: /home/ec2-user/arduino-testlib/cli-datadir/user/libraries/PubSubClient
  Not used: /home/ec2-user/arduino-testlib/cli-datadir/user/libraries/AzureIoTHubMQTTClient
  Not used: /home/ec2-user/arduino-testlib/cli-datadir/user/libraries/Antares_ESP8266_MQTT
  Not used: /home/ec2-user/arduino-testlib/cli-datadir/user/libraries/AllThingsTalk_WiFi_SDK
  Not used: /home/ec2-user/arduino-testlib/cli-datadir/user/libraries/AIS_4G_board
  Not used: /home/ec2-user/arduino-testlib/cli-datadir/user/libraries/ESP8266_Microgear
  Not used: /home/ec2-user/arduino-testlib/cli-datadir/user/libraries/ACS-M1128
  Not used: /home/ec2-user/arduino-testlib/cli-datadir/user/libraries/CMMC_MQTT_Connector
</pre>
					
					<h4>examples/EthernetConnection</h4>
					<p>
						Result: <b>FAIL</b>
					</p>
					<pre class="pre-scrollable">WARNING: library OpenDevice claims to run on avr, esp8266, sam architecture(s) and may be incompatible with your current board which runs on esp32 architecture(s).
In file included from /home/ec2-user/arduino-testlib/cli-datadir/data/packages/esp32/hardware/esp32/1.0.6/cores/esp32/esp32-hal.h:53:0,
                 from /home/ec2-user/arduino-testlib/cli-datadir/data/packages/esp32/hardware/esp32/1.0.6/cores/esp32/Arduino.h:35,
                 from /tmp/arduino-sketch-8C8C30CCAB939210F1CC52D5624CC575/sketch/EthernetConnection.ino.cpp:1:
/home/ec2-user/arduino-testlib/cli-datadir/data/packages/esp32/hardware/esp32/1.0.6/cores/esp32/esp32-hal-gpio.h:48:27: error: expected identifier before numeric constant
 #define ANALOG            0xC0
                           ^
/home/ec2-user/arduino-testlib/cli-datadir/user/libraries/OpenDevice/src/Command.h:23:3: note: in expansion of macro &#39;ANALOG&#39;
   ANALOG      = 2,
   ^
/home/ec2-user/arduino-testlib/cli-datadir/data/packages/esp32/hardware/esp32/1.0.6/cores/esp32/esp32-hal-gpio.h:48:27: error: expected &#39;}&#39; before numeric constant
 #define ANALOG            0xC0
                           ^
/home/ec2-user/arduino-testlib/cli-datadir/user/libraries/OpenDevice/src/Command.h:23:3: note: in expansion of macro &#39;ANALOG&#39;
   ANALOG      = 2,
   ^
/home/ec2-user/arduino-testlib/cli-datadir/data/packages/esp32/hardware/esp32/1.0.6/cores/esp32/esp32-hal-gpio.h:48:27: error: expected unqualified-id before numeric constant
 #define ANALOG            0xC0
                           ^
/home/ec2-user/arduino-testlib/cli-datadir/user/libraries/OpenDevice/src/Command.h:23:3: note: in expansion of macro &#39;ANALOG&#39;
   ANALOG      = 2,
   ^
In file included from /home/ec2-user/arduino-testlib/cli-datadir/user/libraries/OpenDevice/src/OpenDevice.h:22:0,
                 from /home/ec2-user/arduino-testlib/cli-datadir/user/libraries/OpenDevice/examples/EthernetConnection/EthernetConnection.ino:13:
/home/ec2-user/arduino-testlib/cli-datadir/user/libraries/OpenDevice/src/Command.h:66:1: error: expected declaration before &#39;}&#39; token
 }
 ^
Multiple libraries were found for &#34;EEPROM.h&#34;
  Used: /home/ec2-user/arduino-testlib/cli-datadir/data/packages/esp32/hardware/esp32/1.0.6/libraries/EEPROM
  Not used: /home/ec2-user/arduino-testlib/cli-datadir/user/libraries/arduino-NVM
  Not used: /home/ec2-user/arduino-testlib/cli-datadir/user/libraries/Hello_Drum
Multiple libraries were found for &#34;PubSubClient.h&#34;
  Used: /home/ec2-user/arduino-testlib/cli-datadir/user/libraries/PubSubClient
  Not used: /home/ec2-user/arduino-testlib/cli-datadir/user/libraries/Antares_ESP8266_MQTT
  Not used: /home/ec2-user/arduino-testlib/cli-datadir/user/libraries/AzureIoTHubMQTTClient
  Not used: /home/ec2-user/arduino-testlib/cli-datadir/user/libraries/AllThingsTalk_WiFi_SDK
  Not used: /home/ec2-user/arduino-testlib/cli-datadir/user/libraries/CMMC_MQTT_Connector
  Not used: /home/ec2-user/arduino-testlib/cli-datadir/user/libraries/ACS-M1128
  Not used: /home/ec2-user/arduino-testlib/cli-datadir/user/libraries/AIS_4G_board
  Not used: /home/ec2-user/arduino-testlib/cli-datadir/user/libraries/ESP8266_Microgear
Multiple libraries were found for &#34;Ethernet.h&#34;
  Used: /home/ec2-user/arduino-testlib/cli-datadir/user/libraries/Ethernet
  Not used: /home/ec2-user/arduino-testlib/cli-datadir/user/libraries/UIPEthernet
  Not used: /home/ec2-user/arduino-testlib/cli-datadir/user/libraries/EthernetENC
</pre>
					
					<h4>examples/EthernetCustomCommands</h4>
					<p>
						Result: <b>FAIL</b>
					</p>
					<pre class="pre-scrollable">WARNING: library OpenDevice claims to run on avr, esp8266, sam architecture(s) and may be incompatible with your current board which runs on esp32 architecture(s).
In file included from /home/ec2-user/arduino-testlib/cli-datadir/data/packages/esp32/hardware/esp32/1.0.6/cores/esp32/esp32-hal.h:53:0,
                 from /home/ec2-user/arduino-testlib/cli-datadir/data/packages/esp32/hardware/esp32/1.0.6/cores/esp32/Arduino.h:35,
                 from /tmp/arduino-sketch-340B73D957F949B64FF57E1F8235A37B/sketch/EthernetCustomCommands.ino.cpp:1:
/home/ec2-user/arduino-testlib/cli-datadir/data/packages/esp32/hardware/esp32/1.0.6/cores/esp32/esp32-hal-gpio.h:48:27: error: expected identifier before numeric constant
 #define ANALOG            0xC0
                           ^
/home/ec2-user/arduino-testlib/cli-datadir/user/libraries/OpenDevice/src/Command.h:23:3: note: in expansion of macro &#39;ANALOG&#39;
   ANALOG      = 2,
   ^
/home/ec2-user/arduino-testlib/cli-datadir/data/packages/esp32/hardware/esp32/1.0.6/cores/esp32/esp32-hal-gpio.h:48:27: error: expected &#39;}&#39; before numeric constant
 #define ANALOG            0xC0
                           ^
/home/ec2-user/arduino-testlib/cli-datadir/user/libraries/OpenDevice/src/Command.h:23:3: note: in expansion of macro &#39;ANALOG&#39;
   ANALOG      = 2,
   ^
/home/ec2-user/arduino-testlib/cli-datadir/data/packages/esp32/hardware/esp32/1.0.6/cores/esp32/esp32-hal-gpio.h:48:27: error: expected unqualified-id before numeric constant
 #define ANALOG            0xC0
                           ^
/home/ec2-user/arduino-testlib/cli-datadir/user/libraries/OpenDevice/src/Command.h:23:3: note: in expansion of macro &#39;ANALOG&#39;
   ANALOG      = 2,
   ^
In file included from /home/ec2-user/arduino-testlib/cli-datadir/user/libraries/OpenDevice/src/OpenDevice.h:22:0,
                 from /home/ec2-user/arduino-testlib/cli-datadir/user/libraries/OpenDevice/examples/EthernetCustomCommands/EthernetCustomCommands.ino:10:
/home/ec2-user/arduino-testlib/cli-datadir/user/libraries/OpenDevice/src/Command.h:66:1: error: expected declaration before &#39;}&#39; token
 }
 ^
Multiple libraries were found for &#34;EEPROM.h&#34;
  Used: /home/ec2-user/arduino-testlib/cli-datadir/data/packages/esp32/hardware/esp32/1.0.6/libraries/EEPROM
  Not used: /home/ec2-user/arduino-testlib/cli-datadir/user/libraries/arduino-NVM
  Not used: /home/ec2-user/arduino-testlib/cli-datadir/user/libraries/Hello_Drum
Multiple libraries were found for &#34;PubSubClient.h&#34;
  Used: /home/ec2-user/arduino-testlib/cli-datadir/user/libraries/PubSubClient
  Not used: /home/ec2-user/arduino-testlib/cli-datadir/user/libraries/Antares_ESP8266_MQTT
  Not used: /home/ec2-user/arduino-testlib/cli-datadir/user/libraries/CMMC_MQTT_Connector
  Not used: /home/ec2-user/arduino-testlib/cli-datadir/user/libraries/AIS_4G_board
  Not used: /home/ec2-user/arduino-testlib/cli-datadir/user/libraries/AzureIoTHubMQTTClient
  Not used: /home/ec2-user/arduino-testlib/cli-datadir/user/libraries/ESP8266_Microgear
  Not used: /home/ec2-user/arduino-testlib/cli-datadir/user/libraries/ACS-M1128
  Not used: /home/ec2-user/arduino-testlib/cli-datadir/user/libraries/AllThingsTalk_WiFi_SDK
</pre>
					
					<h4>examples/Projects</h4>
					<p>
						Result: <b>FAIL</b>
					</p>
					<pre class="pre-scrollable"></pre>
					
					<h4>examples/RF433Sensor</h4>
					<p>
						Result: <b>FAIL</b>
					</p>
					<pre class="pre-scrollable">WARNING: library OpenDevice claims to run on avr, esp8266, sam architecture(s) and may be incompatible with your current board which runs on esp32 architecture(s).
In file included from /home/ec2-user/arduino-testlib/cli-datadir/data/packages/esp32/hardware/esp32/1.0.6/cores/esp32/esp32-hal.h:53:0,
                 from /home/ec2-user/arduino-testlib/cli-datadir/data/packages/esp32/hardware/esp32/1.0.6/cores/esp32/Arduino.h:35,
                 from /tmp/arduino-sketch-4012958259BC24EB5F7C5819D2AE4A27/sketch/RF433Sensor.ino.cpp:1:
/home/ec2-user/arduino-testlib/cli-datadir/data/packages/esp32/hardware/esp32/1.0.6/cores/esp32/esp32-hal-gpio.h:48:27: error: expected identifier before numeric constant
 #define ANALOG            0xC0
                           ^
/home/ec2-user/arduino-testlib/cli-datadir/user/libraries/OpenDevice/src/Command.h:23:3: note: in expansion of macro &#39;ANALOG&#39;
   ANALOG      = 2,
   ^
/home/ec2-user/arduino-testlib/cli-datadir/data/packages/esp32/hardware/esp32/1.0.6/cores/esp32/esp32-hal-gpio.h:48:27: error: expected &#39;}&#39; before numeric constant
 #define ANALOG            0xC0
                           ^
/home/ec2-user/arduino-testlib/cli-datadir/user/libraries/OpenDevice/src/Command.h:23:3: note: in expansion of macro &#39;ANALOG&#39;
   ANALOG      = 2,
   ^
/home/ec2-user/arduino-testlib/cli-datadir/data/packages/esp32/hardware/esp32/1.0.6/cores/esp32/esp32-hal-gpio.h:48:27: error: expected unqualified-id before numeric constant
 #define ANALOG            0xC0
                           ^
/home/ec2-user/arduino-testlib/cli-datadir/user/libraries/OpenDevice/src/Command.h:23:3: note: in expansion of macro &#39;ANALOG&#39;
   ANALOG      = 2,
   ^
In file included from /home/ec2-user/arduino-testlib/cli-datadir/user/libraries/OpenDevice/src/Device.h:18:0,
                 from /home/ec2-user/arduino-testlib/cli-datadir/user/libraries/OpenDevice/src/devices/RFSensor.h:17,
                 from /home/ec2-user/arduino-testlib/cli-datadir/user/libraries/OpenDevice/src/devices/RFSensor.cpp:16,
                 from /home/ec2-user/arduino-testlib/cli-datadir/user/libraries/OpenDevice/src/../dependencies.h:129,
                 from /home/ec2-user/arduino-testlib/cli-datadir/user/libraries/OpenDevice/src/OpenDevice.h:20,
                 from /home/ec2-user/arduino-testlib/cli-datadir/user/libraries/OpenDevice/examples/RF433Sensor/RF433Sensor.ino:14:
/home/ec2-user/arduino-testlib/cli-datadir/user/libraries/OpenDevice/src/Command.h:66:1: error: expected declaration before &#39;}&#39; token
 }
 ^
Multiple libraries were found for &#34;EEPROM.h&#34;
  Used: /home/ec2-user/arduino-testlib/cli-datadir/data/packages/esp32/hardware/esp32/1.0.6/libraries/EEPROM
  Not used: /home/ec2-user/arduino-testlib/cli-datadir/user/libraries/arduino-NVM
  Not used: /home/ec2-user/arduino-testlib/cli-datadir/user/libraries/Hello_Drum
Multiple libraries were found for &#34;PubSubClient.h&#34;
  Used: /home/ec2-user/arduino-testlib/cli-datadir/user/libraries/PubSubClient
  Not used: /home/ec2-user/arduino-testlib/cli-datadir/user/libraries/AllThingsTalk_WiFi_SDK
  Not used: /home/ec2-user/arduino-testlib/cli-datadir/user/libraries/CMMC_MQTT_Connector
  Not used: /home/ec2-user/arduino-testlib/cli-datadir/user/libraries/ACS-M1128
  Not used: /home/ec2-user/arduino-testlib/cli-datadir/user/libraries/Antares_ESP8266_MQTT
  Not used: /home/ec2-user/arduino-testlib/cli-datadir/user/libraries/AzureIoTHubMQTTClient
  Not used: /home/ec2-user/arduino-testlib/cli-datadir/user/libraries/ESP8266_Microgear
  Not used: /home/ec2-user/arduino-testlib/cli-datadir/user/libraries/AIS_4G_board
</pre>
					
					<h4>examples/RFIDSensor</h4>
					<p>
						Result: <b>FAIL</b>
					</p>
					<pre class="pre-scrollable">WARNING: library OpenDevice claims to run on avr, esp8266, sam architecture(s) and may be incompatible with your current board which runs on esp32 architecture(s).
In file included from /home/ec2-user/arduino-testlib/cli-datadir/data/packages/esp32/hardware/esp32/1.0.6/cores/esp32/esp32-hal.h:53:0,
                 from /home/ec2-user/arduino-testlib/cli-datadir/data/packages/esp32/hardware/esp32/1.0.6/cores/esp32/Arduino.h:35,
                 from /tmp/arduino-sketch-15DE23C84EE111CCFF927CA1017B9812/sketch/RFIDSensor.ino.cpp:1:
/home/ec2-user/arduino-testlib/cli-datadir/data/packages/esp32/hardware/esp32/1.0.6/cores/esp32/esp32-hal-gpio.h:48:27: error: expected identifier before numeric constant
 #define ANALOG            0xC0
                           ^
/home/ec2-user/arduino-testlib/cli-datadir/user/libraries/OpenDevice/src/Command.h:23:3: note: in expansion of macro &#39;ANALOG&#39;
   ANALOG      = 2,
   ^
/home/ec2-user/arduino-testlib/cli-datadir/data/packages/esp32/hardware/esp32/1.0.6/cores/esp32/esp32-hal-gpio.h:48:27: error: expected &#39;}&#39; before numeric constant
 #define ANALOG            0xC0
                           ^
/home/ec2-user/arduino-testlib/cli-datadir/user/libraries/OpenDevice/src/Command.h:23:3: note: in expansion of macro &#39;ANALOG&#39;
   ANALOG      = 2,
   ^
/home/ec2-user/arduino-testlib/cli-datadir/data/packages/esp32/hardware/esp32/1.0.6/cores/esp32/esp32-hal-gpio.h:48:27: error: expected unqualified-id before numeric constant
 #define ANALOG            0xC0
                           ^
/home/ec2-user/arduino-testlib/cli-datadir/user/libraries/OpenDevice/src/Command.h:23:3: note: in expansion of macro &#39;ANALOG&#39;
   ANALOG      = 2,
   ^
In file included from /home/ec2-user/arduino-testlib/cli-datadir/user/libraries/OpenDevice/src/Device.h:18:0,
                 from /home/ec2-user/arduino-testlib/cli-datadir/user/libraries/OpenDevice/src/devices/RFIDSensor.h:17,
                 from /home/ec2-user/arduino-testlib/cli-datadir/user/libraries/OpenDevice/src/devices/RFIDSensor.cpp:16,
                 from /home/ec2-user/arduino-testlib/cli-datadir/user/libraries/OpenDevice/src/../dependencies.h:125,
                 from /home/ec2-user/arduino-testlib/cli-datadir/user/libraries/OpenDevice/src/OpenDevice.h:20,
                 from /home/ec2-user/arduino-testlib/cli-datadir/user/libraries/OpenDevice/examples/RFIDSensor/RFIDSensor.ino:10:
/home/ec2-user/arduino-testlib/cli-datadir/user/libraries/OpenDevice/src/Command.h:66:1: error: expected declaration before &#39;}&#39; token
 }
 ^
Multiple libraries were found for &#34;MFRC522.h&#34;
  Used: /home/ec2-user/arduino-testlib/cli-datadir/user/libraries/MFRC522
  Not used: /home/ec2-user/arduino-testlib/cli-datadir/user/libraries/MFRC522-spi-i2c-uart-async
Multiple libraries were found for &#34;EEPROM.h&#34;
  Used: /home/ec2-user/arduino-testlib/cli-datadir/data/packages/esp32/hardware/esp32/1.0.6/libraries/EEPROM
  Not used: /home/ec2-user/arduino-testlib/cli-datadir/user/libraries/arduino-NVM
  Not used: /home/ec2-user/arduino-testlib/cli-datadir/user/libraries/Hello_Drum
Multiple libraries were found for &#34;PubSubClient.h&#34;
  Used: /home/ec2-user/arduino-testlib/cli-datadir/user/libraries/PubSubClient
  Not used: /home/ec2-user/arduino-testlib/cli-datadir/user/libraries/CMMC_MQTT_Connector
  Not used: /home/ec2-user/arduino-testlib/cli-datadir/user/libraries/ACS-M1128
  Not used: /home/ec2-user/arduino-testlib/cli-datadir/user/libraries/Antares_ESP8266_MQTT
  Not used: /home/ec2-user/arduino-testlib/cli-datadir/user/libraries/ESP8266_Microgear
  Not used: /home/ec2-user/arduino-testlib/cli-datadir/user/libraries/AzureIoTHubMQTTClient
  Not used: /home/ec2-user/arduino-testlib/cli-datadir/user/libraries/AllThingsTalk_WiFi_SDK
  Not used: /home/ec2-user/arduino-testlib/cli-datadir/user/libraries/AIS_4G_board
</pre>
					
					<h4>examples/UsbConnection</h4>
					<p>
						Result: <b>FAIL</b>
					</p>
					<pre class="pre-scrollable">WARNING: library OpenDevice claims to run on avr, esp8266, sam architecture(s) and may be incompatible with your current board which runs on esp32 architecture(s).
In file included from /home/ec2-user/arduino-testlib/cli-datadir/data/packages/esp32/hardware/esp32/1.0.6/cores/esp32/esp32-hal.h:53:0,
                 from /home/ec2-user/arduino-testlib/cli-datadir/data/packages/esp32/hardware/esp32/1.0.6/cores/esp32/Arduino.h:35,
                 from /tmp/arduino-sketch-749E0149E43239890C1A9D7043B45743/sketch/UsbConnection.ino.cpp:1:
/home/ec2-user/arduino-testlib/cli-datadir/data/packages/esp32/hardware/esp32/1.0.6/cores/esp32/esp32-hal-gpio.h:48:27: error: expected identifier before numeric constant
 #define ANALOG            0xC0
                           ^
/home/ec2-user/arduino-testlib/cli-datadir/user/libraries/OpenDevice/src/Command.h:23:3: note: in expansion of macro &#39;ANALOG&#39;
   ANALOG      = 2,
   ^
/home/ec2-user/arduino-testlib/cli-datadir/data/packages/esp32/hardware/esp32/1.0.6/cores/esp32/esp32-hal-gpio.h:48:27: error: expected &#39;}&#39; before numeric constant
 #define ANALOG            0xC0
                           ^
/home/ec2-user/arduino-testlib/cli-datadir/user/libraries/OpenDevice/src/Command.h:23:3: note: in expansion of macro &#39;ANALOG&#39;
   ANALOG      = 2,
   ^
/home/ec2-user/arduino-testlib/cli-datadir/data/packages/esp32/hardware/esp32/1.0.6/cores/esp32/esp32-hal-gpio.h:48:27: error: expected unqualified-id before numeric constant
 #define ANALOG            0xC0
                           ^
/home/ec2-user/arduino-testlib/cli-datadir/user/libraries/OpenDevice/src/Command.h:23:3: note: in expansion of macro &#39;ANALOG&#39;
   ANALOG      = 2,
   ^
In file included from /home/ec2-user/arduino-testlib/cli-datadir/user/libraries/OpenDevice/src/OpenDevice.h:22:0,
                 from /home/ec2-user/arduino-testlib/cli-datadir/user/libraries/OpenDevice/examples/UsbConnection/UsbConnection.ino:7:
/home/ec2-user/arduino-testlib/cli-datadir/user/libraries/OpenDevice/src/Command.h:66:1: error: expected declaration before &#39;}&#39; token
 }
 ^
Multiple libraries were found for &#34;EEPROM.h&#34;
  Used: /home/ec2-user/arduino-testlib/cli-datadir/data/packages/esp32/hardware/esp32/1.0.6/libraries/EEPROM
  Not used: /home/ec2-user/arduino-testlib/cli-datadir/user/libraries/Hello_Drum
  Not used: /home/ec2-user/arduino-testlib/cli-datadir/user/libraries/arduino-NVM
Multiple libraries were found for &#34;PubSubClient.h&#34;
  Used: /home/ec2-user/arduino-testlib/cli-datadir/user/libraries/PubSubClient
  Not used: /home/ec2-user/arduino-testlib/cli-datadir/user/libraries/ACS-M1128
  Not used: /home/ec2-user/arduino-testlib/cli-datadir/user/libraries/AIS_4G_board
  Not used: /home/ec2-user/arduino-testlib/cli-datadir/user/libraries/CMMC_MQTT_Connector
  Not used: /home/ec2-user/arduino-testlib/cli-datadir/user/libraries/Antares_ESP8266_MQTT
  Not used: /home/ec2-user/arduino-testlib/cli-datadir/user/libraries/ESP8266_Microgear
  Not used: /home/ec2-user/arduino-testlib/cli-datadir/user/libraries/AllThingsTalk_WiFi_SDK
  Not used: /home/ec2-user/arduino-testlib/cli-datadir/user/libraries/AzureIoTHubMQTTClient
</pre>
					
					<h4>examples/UserCommands</h4>
					<p>
						Result: <b>FAIL</b>
					</p>
					<pre class="pre-scrollable">WARNING: library OpenDevice claims to run on avr, esp8266, sam architecture(s) and may be incompatible with your current board which runs on esp32 architecture(s).
In file included from /home/ec2-user/arduino-testlib/cli-datadir/data/packages/esp32/hardware/esp32/1.0.6/cores/esp32/esp32-hal.h:53:0,
                 from /home/ec2-user/arduino-testlib/cli-datadir/data/packages/esp32/hardware/esp32/1.0.6/cores/esp32/Arduino.h:35,
                 from /tmp/arduino-sketch-A777A8C7E38CA739A39A1CCAA6D7BC71/sketch/UserCommands.ino.cpp:1:
/home/ec2-user/arduino-testlib/cli-datadir/data/packages/esp32/hardware/esp32/1.0.6/cores/esp32/esp32-hal-gpio.h:48:27: error: expected identifier before numeric constant
 #define ANALOG            0xC0
                           ^
/home/ec2-user/arduino-testlib/cli-datadir/user/libraries/OpenDevice/src/Command.h:23:3: note: in expansion of macro &#39;ANALOG&#39;
   ANALOG      = 2,
   ^
/home/ec2-user/arduino-testlib/cli-datadir/data/packages/esp32/hardware/esp32/1.0.6/cores/esp32/esp32-hal-gpio.h:48:27: error: expected &#39;}&#39; before numeric constant
 #define ANALOG            0xC0
                           ^
/home/ec2-user/arduino-testlib/cli-datadir/user/libraries/OpenDevice/src/Command.h:23:3: note: in expansion of macro &#39;ANALOG&#39;
   ANALOG      = 2,
   ^
/home/ec2-user/arduino-testlib/cli-datadir/data/packages/esp32/hardware/esp32/1.0.6/cores/esp32/esp32-hal-gpio.h:48:27: error: expected unqualified-id before numeric constant
 #define ANALOG            0xC0
                           ^
/home/ec2-user/arduino-testlib/cli-datadir/user/libraries/OpenDevice/src/Command.h:23:3: note: in expansion of macro &#39;ANALOG&#39;
   ANALOG      = 2,
   ^
In file included from /home/ec2-user/arduino-testlib/cli-datadir/user/libraries/OpenDevice/src/OpenDevice.h:22:0,
                 from /home/ec2-user/arduino-testlib/cli-datadir/user/libraries/OpenDevice/examples/UserCommands/UserCommands.ino:1:
/home/ec2-user/arduino-testlib/cli-datadir/user/libraries/OpenDevice/src/Command.h:66:1: error: expected declaration before &#39;}&#39; token
 }
 ^
Multiple libraries were found for &#34;EEPROM.h&#34;
  Used: /home/ec2-user/arduino-testlib/cli-datadir/data/packages/esp32/hardware/esp32/1.0.6/libraries/EEPROM
  Not used: /home/ec2-user/arduino-testlib/cli-datadir/user/libraries/arduino-NVM
  Not used: /home/ec2-user/arduino-testlib/cli-datadir/user/libraries/Hello_Drum
Multiple libraries were found for &#34;PubSubClient.h&#34;
  Used: /home/ec2-user/arduino-testlib/cli-datadir/user/libraries/PubSubClient
  Not used: /home/ec2-user/arduino-testlib/cli-datadir/user/libraries/ESP8266_Microgear
  Not used: /home/ec2-user/arduino-testlib/cli-datadir/user/libraries/ACS-M1128
  Not used: /home/ec2-user/arduino-testlib/cli-datadir/user/libraries/AllThingsTalk_WiFi_SDK
  Not used: /home/ec2-user/arduino-testlib/cli-datadir/user/libraries/Antares_ESP8266_MQTT
  Not used: /home/ec2-user/arduino-testlib/cli-datadir/user/libraries/AIS_4G_board
  Not used: /home/ec2-user/arduino-testlib/cli-datadir/user/libraries/CMMC_MQTT_Connector
  Not used: /home/ec2-user/arduino-testlib/cli-datadir/user/libraries/AzureIoTHubMQTTClient
</pre>
					
					<h4>examples/YunMQTT</h4>
					<p>
						Result: <b>FAIL</b>
					</p>
					<pre class="pre-scrollable">WARNING: library OpenDevice claims to run on avr, esp8266, sam architecture(s) and may be incompatible with your current board which runs on esp32 architecture(s).
In file included from /home/ec2-user/arduino-testlib/cli-datadir/data/packages/esp32/hardware/esp32/1.0.6/cores/esp32/esp32-hal.h:53:0,
                 from /home/ec2-user/arduino-testlib/cli-datadir/data/packages/esp32/hardware/esp32/1.0.6/cores/esp32/Arduino.h:35,
                 from /tmp/arduino-sketch-E8395EAFDBE888A23CD43A46ACA2FA60/sketch/YunMQTT.ino.cpp:1:
/home/ec2-user/arduino-testlib/cli-datadir/data/packages/esp32/hardware/esp32/1.0.6/cores/esp32/esp32-hal-gpio.h:48:27: error: expected identifier before numeric constant
 #define ANALOG            0xC0
                           ^
/home/ec2-user/arduino-testlib/cli-datadir/user/libraries/OpenDevice/src/Command.h:23:3: note: in expansion of macro &#39;ANALOG&#39;
   ANALOG      = 2,
   ^
/home/ec2-user/arduino-testlib/cli-datadir/data/packages/esp32/hardware/esp32/1.0.6/cores/esp32/esp32-hal-gpio.h:48:27: error: expected &#39;}&#39; before numeric constant
 #define ANALOG            0xC0
                           ^
/home/ec2-user/arduino-testlib/cli-datadir/user/libraries/OpenDevice/src/Command.h:23:3: note: in expansion of macro &#39;ANALOG&#39;
   ANALOG      = 2,
   ^
/home/ec2-user/arduino-testlib/cli-datadir/data/packages/esp32/hardware/esp32/1.0.6/cores/esp32/esp32-hal-gpio.h:48:27: error: expected unqualified-id before numeric constant
 #define ANALOG            0xC0
                           ^
/home/ec2-user/arduino-testlib/cli-datadir/user/libraries/OpenDevice/src/Command.h:23:3: note: in expansion of macro &#39;ANALOG&#39;
   ANALOG      = 2,
   ^
In file included from /home/ec2-user/arduino-testlib/cli-datadir/user/libraries/OpenDevice/src/DeviceConnection.h:19:0,
                 from /home/ec2-user/arduino-testlib/cli-datadir/user/libraries/OpenDevice/src/connections/MQTTEthConnection.h:39,
                 from /home/ec2-user/arduino-testlib/cli-datadir/user/libraries/OpenDevice/src/../dependencies.h:50,
                 from /home/ec2-user/arduino-testlib/cli-datadir/user/libraries/OpenDevice/src/OpenDevice.h:20,
                 from /home/ec2-user/arduino-testlib/cli-datadir/user/libraries/OpenDevice/examples/YunMQTT/YunMQTT.ino:13:
/home/ec2-user/arduino-testlib/cli-datadir/user/libraries/OpenDevice/src/Command.h:66:1: error: expected declaration before &#39;}&#39; token
 }
 ^
Multiple libraries were found for &#34;PubSubClient.h&#34;
  Used: /home/ec2-user/arduino-testlib/cli-datadir/user/libraries/PubSubClient
  Not used: /home/ec2-user/arduino-testlib/cli-datadir/user/libraries/AllThingsTalk_WiFi_SDK
  Not used: /home/ec2-user/arduino-testlib/cli-datadir/user/libraries/CMMC_MQTT_Connector
  Not used: /home/ec2-user/arduino-testlib/cli-datadir/user/libraries/AIS_4G_board
  Not used: /home/ec2-user/arduino-testlib/cli-datadir/user/libraries/AzureIoTHubMQTTClient
  Not used: /home/ec2-user/arduino-testlib/cli-datadir/user/libraries/ESP8266_Microgear
  Not used: /home/ec2-user/arduino-testlib/cli-datadir/user/libraries/Antares_ESP8266_MQTT
  Not used: /home/ec2-user/arduino-testlib/cli-datadir/user/libraries/ACS-M1128
Multiple libraries were found for &#34;EEPROM.h&#34;
  Used: /home/ec2-user/arduino-testlib/cli-datadir/data/packages/esp32/hardware/esp32/1.0.6/libraries/EEPROM
  Not used: /home/ec2-user/arduino-testlib/cli-datadir/user/libraries/Hello_Drum
  Not used: /home/ec2-user/arduino-testlib/cli-datadir/user/libraries/arduino-NVM
</pre>
					
				
			</div>
		</div>
	</div>
  </body>
</html>
