
<!doctype html>
<html lang="en">
  <head>
    <meta charset="utf-8">
    <meta name="viewport" content="width=device-width, initial-scale=1">
    <link href="https://cdn.jsdelivr.net/npm/bootstrap@5.0.2/dist/css/bootstrap.min.css" rel="stylesheet" integrity="sha384-EVSTQN3/azprG1Anm3QDgpJLIm9Nao0Yz1ztcQTwFspd3yD65VohhpuuCOmLASjC" crossorigin="anonymous">
    <title>arduino-testlib report</title>
	<style>
	.pass { background-color: #00FF00 !important; }
	.fail { background-color: #FF0000 !important; }
	</style>
  </head>
  <body>
	<div class="container">
		<div class="row">
			<div class="col">
				<h1>PageBuilder - compatibility matrix</h1>
				<p>
					<small>This report was generated on Wednesday, 23-Feb-22 22:48:15 CET using 
					<a href="https://github.com/alranel/arduino-testlib">arduino-testlib</a>.</small>
				</p>

				<h2>PageBuilder</h2>
				<p>
					Version: <b>1.5.2</b>
					<br />
					<a href="https://www.arduino.cc/reference/en/libraries/pagebuilder/">More details</a>
				</p>

				<h2>Compatibility matrix</h2>
				<table class="table table-bordered">
					<tr>
						<th>Board</th>
						<th>Claims compatibility</th>
						<th>Inclusion</th>
						
						<th><pre>DynamicPage</pre></th>
						
						<th><pre>FSPage</pre></th>
						
						<th><pre>SendNakedHttp</pre></th>
						
						<th><pre>WebLED</pre></th>
						
						<th><pre>WebPageHello</pre></th>
						
					</tr>
					
					<tr>
						<td>
							<a href="#arduino%3aavr%3auno"><b>arduino:avr:uno</b></a>
							<br />
							<small>1.8.4</small>
						</td>

						
						
						
						
							<td>No</td>
							<td class="fail">FAIL</td>
						

						
							
								
									
										
											
											<td class="fail">FAIL</td>
										
									
										
									
										
									
										
									
										
									
								
							
								
							
								
							
								
							
								
							
						
							
								
									
										
									
										
											
											<td class="fail">FAIL</td>
										
									
										
									
										
									
										
									
								
							
								
							
								
							
								
							
								
							
						
							
								
									
										
									
										
									
										
											
											<td class="fail">FAIL</td>
										
									
										
									
										
									
								
							
								
							
								
							
								
							
								
							
						
							
								
									
										
									
										
									
										
									
										
											
											<td class="fail">FAIL</td>
										
									
										
									
								
							
								
							
								
							
								
							
								
							
						
							
								
									
										
									
										
									
										
									
										
									
										
											
											<td class="fail">FAIL</td>
										
									
								
							
								
							
								
							
								
							
								
							
						
					</tr>
					
					<tr>
						<td>
							<a href="#arduino%3ambed_nano%3ananorp2040connect"><b>arduino:mbed_nano:nanorp2040connect</b></a>
							<br />
							<small>2.7.2</small>
						</td>

						
						
						
						
							<td>No</td>
							<td class="fail">FAIL</td>
						

						
							
								
							
								
									
										
											
											<td class="fail">FAIL</td>
										
									
										
									
										
									
										
									
										
									
								
							
								
							
								
							
								
							
						
							
								
							
								
									
										
									
										
											
											<td class="fail">FAIL</td>
										
									
										
									
										
									
										
									
								
							
								
							
								
							
								
							
						
							
								
							
								
									
										
									
										
									
										
											
											<td class="fail">FAIL</td>
										
									
										
									
										
									
								
							
								
							
								
							
								
							
						
							
								
							
								
									
										
									
										
									
										
									
										
											
											<td class="fail">FAIL</td>
										
									
										
									
								
							
								
							
								
							
								
							
						
							
								
							
								
									
										
									
										
									
										
									
										
									
										
											
											<td class="fail">FAIL</td>
										
									
								
							
								
							
								
							
								
							
						
					</tr>
					
					<tr>
						<td>
							<a href="#arduino%3amegaavr%3anona4809"><b>arduino:megaavr:nona4809</b></a>
							<br />
							<small>1.8.7</small>
						</td>

						
						
						
						
							<td>No</td>
							<td class="fail">FAIL</td>
						

						
							
								
							
								
							
								
									
										
											
											<td class="fail">FAIL</td>
										
									
										
									
										
									
										
									
										
									
								
							
								
							
								
							
						
							
								
							
								
							
								
									
										
									
										
											
											<td class="fail">FAIL</td>
										
									
										
									
										
									
										
									
								
							
								
							
								
							
						
							
								
							
								
							
								
									
										
									
										
									
										
											
											<td class="fail">FAIL</td>
										
									
										
									
										
									
								
							
								
							
								
							
						
							
								
							
								
							
								
									
										
									
										
									
										
									
										
											
											<td class="fail">FAIL</td>
										
									
										
									
								
							
								
							
								
							
						
							
								
							
								
							
								
									
										
									
										
									
										
									
										
									
										
											
											<td class="fail">FAIL</td>
										
									
								
							
								
							
								
							
						
					</tr>
					
					<tr>
						<td>
							<a href="#arduino%3asamd%3amkrwifi1010"><b>arduino:samd:mkrwifi1010</b></a>
							<br />
							<small>1.8.12</small>
						</td>

						
						
						
						
							<td>No</td>
							<td class="fail">FAIL</td>
						

						
							
								
							
								
							
								
							
								
									
										
											
											<td class="fail">FAIL</td>
										
									
										
									
										
									
										
									
										
									
								
							
								
							
						
							
								
							
								
							
								
							
								
									
										
									
										
											
											<td class="fail">FAIL</td>
										
									
										
									
										
									
										
									
								
							
								
							
						
							
								
							
								
							
								
							
								
									
										
									
										
									
										
											
											<td class="fail">FAIL</td>
										
									
										
									
										
									
								
							
								
							
						
							
								
							
								
							
								
							
								
									
										
									
										
									
										
									
										
											
											<td class="fail">FAIL</td>
										
									
										
									
								
							
								
							
						
							
								
							
								
							
								
							
								
									
										
									
										
									
										
									
										
									
										
											
											<td class="fail">FAIL</td>
										
									
								
							
								
							
						
					</tr>
					
					<tr>
						<td>
							<a href="#esp32%3aesp32%3ad1_mini32"><b>esp32:esp32:d1_mini32</b></a>
							<br />
							<small>1.0.6</small>
						</td>

						
						
							<td>No ⚠️</td>
							<td class="pass">PASS</td>
						
						
						

						
							
								
							
								
							
								
							
								
							
								
									
										
											<td class="pass">PASS</td>
											
										
									
										
									
										
									
										
									
										
									
								
							
						
							
								
							
								
							
								
							
								
							
								
									
										
									
										
											<td class="pass">PASS</td>
											
										
									
										
									
										
									
										
									
								
							
						
							
								
							
								
							
								
							
								
							
								
									
										
									
										
									
										
											<td class="pass">PASS</td>
											
										
									
										
									
										
									
								
							
						
							
								
							
								
							
								
							
								
							
								
									
										
									
										
									
										
									
										
											<td class="pass">PASS</td>
											
										
									
										
									
								
							
						
							
								
							
								
							
								
							
								
							
								
									
										
									
										
									
										
									
										
									
										
											<td class="pass">PASS</td>
											
										
									
								
							
						
					</tr>
					
				</table>

				<h2>Compilation logs</h2>
				
				<h3 id="arduino:avr:uno">arduino:avr:uno @ 1.8.4</h3>
				<h4>Inclusion</h4>
				<p>
					Result: <b>FAIL</b>
					
				</p>
				<pre class="pre-scrollable">In file included from /tmp/arduino-testlib3449128508/test/test.ino:1:0:
/home/ec2-user/arduino-testlib/cli-datadir/user/libraries/PageBuilder/src/PageBuilder.h:13:10: fatal error: tuple: No such file or directory
 #include &lt;tuple&gt;
          ^~~~~~~
compilation terminated.

</pre>

					
					<h4>examples/DynamicPage</h4>
					<p>
						Result: <b>FAIL</b>
					</p>
					<pre class="pre-scrollable">In file included from /home/ec2-user/arduino-testlib/cli-datadir/user/libraries/PageBuilder/examples/DynamicPage/DynamicPage.ino:16:0:
/home/ec2-user/arduino-testlib/cli-datadir/user/libraries/PageBuilder/src/PageBuilder.h:13:10: fatal error: tuple: No such file or directory
 #include &lt;tuple&gt;
          ^~~~~~~
compilation terminated.

</pre>
					
					<h4>examples/FSPage</h4>
					<p>
						Result: <b>FAIL</b>
					</p>
					<pre class="pre-scrollable">In file included from /home/ec2-user/arduino-testlib/cli-datadir/user/libraries/PageBuilder/examples/FSPage/FSPage.ino:48:0:
/home/ec2-user/arduino-testlib/cli-datadir/user/libraries/PageBuilder/src/PageBuilder.h:13:10: fatal error: tuple: No such file or directory
 #include &lt;tuple&gt;
          ^~~~~~~
compilation terminated.

</pre>
					
					<h4>examples/SendNakedHttp</h4>
					<p>
						Result: <b>FAIL</b>
					</p>
					<pre class="pre-scrollable">In file included from /home/ec2-user/arduino-testlib/cli-datadir/user/libraries/PageBuilder/examples/SendNakedHttp/SendNakedHttp.ino:26:0:
/home/ec2-user/arduino-testlib/cli-datadir/user/libraries/PageBuilder/src/PageBuilder.h:13:10: fatal error: tuple: No such file or directory
 #include &lt;tuple&gt;
          ^~~~~~~
compilation terminated.

</pre>
					
					<h4>examples/WebLED</h4>
					<p>
						Result: <b>FAIL</b>
					</p>
					<pre class="pre-scrollable">In file included from /home/ec2-user/arduino-testlib/cli-datadir/user/libraries/PageBuilder/examples/WebLED/WebLED.ino:19:0:
/home/ec2-user/arduino-testlib/cli-datadir/user/libraries/PageBuilder/src/PageBuilder.h:13:10: fatal error: tuple: No such file or directory
 #include &lt;tuple&gt;
          ^~~~~~~
compilation terminated.

</pre>
					
					<h4>examples/WebPageHello</h4>
					<p>
						Result: <b>FAIL</b>
					</p>
					<pre class="pre-scrollable">In file included from /home/ec2-user/arduino-testlib/cli-datadir/user/libraries/PageBuilder/examples/WebPageHello/WebPageHello.ino:16:0:
/home/ec2-user/arduino-testlib/cli-datadir/user/libraries/PageBuilder/src/PageBuilder.h:13:10: fatal error: tuple: No such file or directory
 #include &lt;tuple&gt;
          ^~~~~~~
compilation terminated.

</pre>
					
				
				<h3 id="arduino:mbed_nano:nanorp2040connect">arduino:mbed_nano:nanorp2040connect @ 2.7.2</h3>
				<h4>Inclusion</h4>
				<p>
					Result: <b>FAIL</b>
					
				</p>
				<pre class="pre-scrollable">WARNING: library PageBuilder claims to run on esp8266, esp32 architecture(s) and may be incompatible with your current board which runs on mbed_nano architecture(s).
In file included from /tmp/arduino-testlib2270156082/test/test.ino:1:0:
/home/ec2-user/arduino-testlib/cli-datadir/user/libraries/PageBuilder/src/PageBuilder.h:230:21: error: &#39;File&#39; was not declared in this scope
     std::shared_ptr&lt;File&gt; _file;      /**&lt; File for file: mold */
                     ^~~~
/home/ec2-user/arduino-testlib/cli-datadir/user/libraries/PageBuilder/src/PageBuilder.h:230:21: note: suggested alternative: &#39;time&#39;
     std::shared_ptr&lt;File&gt; _file;      /**&lt; File for file: mold */
                     ^~~~
                     time
/home/ec2-user/arduino-testlib/cli-datadir/user/libraries/PageBuilder/src/PageBuilder.h:230:25: error: template argument 1 is invalid
     std::shared_ptr&lt;File&gt; _file;      /**&lt; File for file: mold */
                         ^
/home/ec2-user/arduino-testlib/cli-datadir/user/libraries/PageBuilder/src/PageBuilder.h:253:28: error: &#39;HTTPMethod&#39; was not declared in this scope
 typedef std::function&lt;bool(HTTPMethod, String)&gt; PrepareFuncT;
                            ^~~~~~~~~~
/home/ec2-user/arduino-testlib/cli-datadir/user/libraries/PageBuilder/src/PageBuilder.h:253:46: error: expression list treated as compound expression in functional cast [-fpermissive]
 typedef std::function&lt;bool(HTTPMethod, String)&gt; PrepareFuncT;
                                              ^
/home/ec2-user/arduino-testlib/cli-datadir/user/libraries/PageBuilder/src/PageBuilder.h:253:47: error: template argument 1 is invalid
 typedef std::function&lt;bool(HTTPMethod, String)&gt; PrepareFuncT;
                                               ^
/home/ec2-user/arduino-testlib/cli-datadir/user/libraries/PageBuilder/src/PageBuilder.h:286:55: error: &#39;RequestHandler&#39; was not declared in this scope
     std::is_lvalue_reference&lt;TypeOfArgument&lt;decltype(&amp;RequestHandler::canHandle)&gt;::arg&lt;1&gt;::type&gt;::value,
                                                       ^~~~~~~~~~~~~~
/home/ec2-user/arduino-testlib/cli-datadir/user/libraries/PageBuilder/src/PageBuilder.h:286:55: error: &#39;RequestHandler&#39; was not declared in this scope
/home/ec2-user/arduino-testlib/cli-datadir/user/libraries/PageBuilder/src/PageBuilder.h:286:55: error: &#39;RequestHandler&#39; was not declared in this scope
/home/ec2-user/arduino-testlib/cli-datadir/user/libraries/PageBuilder/src/PageBuilder.h:286:55: error: &#39;RequestHandler&#39; was not declared in this scope
/home/ec2-user/arduino-testlib/cli-datadir/user/libraries/PageBuilder/src/PageBuilder.h:286:55: error: &#39;RequestHandler&#39; was not declared in this scope
/home/ec2-user/arduino-testlib/cli-datadir/user/libraries/PageBuilder/src/PageBuilder.h:286:81: error: template argument 1 is invalid
     std::is_lvalue_reference&lt;TypeOfArgument&lt;decltype(&amp;RequestHandler::canHandle)&gt;::arg&lt;1&gt;::type&gt;::value,
                                                                                 ^
/home/ec2-user/arduino-testlib/cli-datadir/user/libraries/PageBuilder/src/PageBuilder.h:286:89: error: template argument 1 is invalid
     std::is_lvalue_reference&lt;TypeOfArgument&lt;decltype(&amp;RequestHandler::canHandle)&gt;::arg&lt;1&gt;::type&gt;::value,
                                                                                         ^
/home/ec2-user/arduino-testlib/cli-datadir/user/libraries/PageBuilder/src/PageBuilder.h:286:96: error: wrong number of template arguments (1, should be 3)
     std::is_lvalue_reference&lt;TypeOfArgument&lt;decltype(&amp;RequestHandler::canHandle)&gt;::arg&lt;1&gt;::type&gt;::value,
                                                                                                ^
In file included from /home/ec2-user/arduino-testlib/cli-datadir/data/packages/arduino/tools/arm-none-eabi-gcc/7-2017q4/arm-none-eabi/include/c&#43;&#43;/7.2.1/bits/move.h:54:0,
                 from /home/ec2-user/arduino-testlib/cli-datadir/data/packages/arduino/tools/arm-none-eabi-gcc/7-2017q4/arm-none-eabi/include/c&#43;&#43;/7.2.1/bits/nested_exception.h:40,
                 from /home/ec2-user/arduino-testlib/cli-datadir/data/packages/arduino/tools/arm-none-eabi-gcc/7-2017q4/arm-none-eabi/include/c&#43;&#43;/7.2.1/exception:143,
                 from /home/ec2-user/arduino-testlib/cli-datadir/data/packages/arduino/tools/arm-none-eabi-gcc/7-2017q4/arm-none-eabi/include/c&#43;&#43;/7.2.1/new:40,
                 from /home/ec2-user/arduino-testlib/cli-datadir/data/packages/arduino/hardware/mbed_nano/2.7.2/cores/arduino/mbed/platform/cxxsupport/mstd_new:27,
                 from /home/ec2-user/arduino-testlib/cli-datadir/data/packages/arduino/hardware/mbed_nano/2.7.2/cores/arduino/mbed/platform/include/platform/Callback.h:23,
                 from /home/ec2-user/arduino-testlib/cli-datadir/data/packages/arduino/hardware/mbed_nano/2.7.2/cores/arduino/mbed/platform/include/platform/FileHandle.h:23,
                 from /home/ec2-user/arduino-testlib/cli-datadir/data/packages/arduino/hardware/mbed_nano/2.7.2/cores/arduino/macros.h:41,
                 from /home/ec2-user/arduino-testlib/cli-datadir/data/packages/arduino/hardware/mbed_nano/2.7.2/variants/NANO_RP2040_CONNECT/pins_arduino.h:2,
                 from /home/ec2-user/arduino-testlib/cli-datadir/data/packages/arduino/hardware/mbed_nano/2.7.2/cores/arduino/Arduino.h:76,
                 from /tmp/arduino-sketch-63A8BF0DE06559A518005E72A3FB608B/sketch/test.ino.cpp:1:
/home/ec2-user/arduino-testlib/cli-datadir/data/packages/arduino/tools/arm-none-eabi-gcc/7-2017q4/arm-none-eabi/include/c&#43;&#43;/7.2.1/type_traits:104:12: note: provided for &#39;template&lt;bool &lt;anonymous&gt;, class, class&gt; struct std::conditional&#39;
     struct conditional;
            ^~~~~~~~~~~
In file included from /tmp/arduino-testlib2270156082/test/test.ino:1:0:
/home/ec2-user/arduino-testlib/cli-datadir/user/libraries/PageBuilder/src/PageBuilder.h:297:43: error: expected class-name before &#39;{&#39; token
 class PageBuilder : public RequestHandler {
                                           ^
/home/ec2-user/arduino-testlib/cli-datadir/user/libraries/PageBuilder/src/PageBuilder.h:311:51: error: &#39;HTTPUpload&#39; does not name a type
   typedef std::function&lt;void(const String&amp;, const HTTPUpload&amp;)&gt; UploadFuncT;
                                                   ^~~~~~~~~~
/home/ec2-user/arduino-testlib/cli-datadir/user/libraries/PageBuilder/src/PageBuilder.h:314:48: error: &#39;HTTPMethod&#39; has not been declared
   explicit PageBuilder(PageElementVT elements, HTTPMethod method = HTTP_ANY, bool noCache = true, bool cancel = false, TransferEncoding_t chunked = Auto);
                                                ^~~~~~~~~~
/home/ec2-user/arduino-testlib/cli-datadir/user/libraries/PageBuilder/src/PageBuilder.h:315:56: error: &#39;HTTPMethod&#39; has not been declared
   PageBuilder(const char* uri, PageElementVT elements, HTTPMethod method = HTTP_ANY, bool noCache = true, bool cancel = false, TransferEncoding_t chunked = Auto);
                                                        ^~~~~~~~~~
/home/ec2-user/arduino-testlib/cli-datadir/user/libraries/PageBuilder/src/PageBuilder.h:318:20: error: &#39;WebServer&#39; has not been declared
   void  atNotFound(WebServer&amp; server);
                    ^~~~~~~~~
/home/ec2-user/arduino-testlib/cli-datadir/user/libraries/PageBuilder/src/PageBuilder.h:319:74: error: &#39;HTTPAuthMethod&#39; does not name a type
   void  authentication(const char* username, const char* password, const HTTPAuthMethod scheme = HTTPAuthMethod::BASIC_AUTH, const char* realm = NULL, const String&amp; authFail = String(&#34;&#34;));
                                                                          ^~~~~~~~~~~~~~
/home/ec2-user/arduino-testlib/cli-datadir/user/libraries/PageBuilder/src/PageBuilder.h:323:27: error: &#39;HTTPMethod&#39; has not been declared
   virtual bool  canHandle(HTTPMethod requestMethod, PageBuilderUtil::URI_TYPE_SIGNATURE requestUri) override;
                           ^~~~~~~~~~
/home/ec2-user/arduino-testlib/cli-datadir/user/libraries/PageBuilder/src/PageBuilder.h:323:70: error: &#39;PageBuilderUtil::URI_TYPE_SIGNATURE&#39; has not been declared
   virtual bool  canHandle(HTTPMethod requestMethod, PageBuilderUtil::URI_TYPE_SIGNATURE requestUri) override;
                                                                      ^~~~~~~~~~~~~~~~~~
/home/ec2-user/arduino-testlib/cli-datadir/user/libraries/PageBuilder/src/PageBuilder.h:324:44: error: &#39;PageBuilderUtil::URI_TYPE_SIGNATURE&#39; has not been declared
   virtual bool  canUpload(PageBuilderUtil::URI_TYPE_SIGNATURE uri) override;
                                            ^~~~~~~~~~~~~~~~~~
/home/ec2-user/arduino-testlib/cli-datadir/user/libraries/PageBuilder/src/PageBuilder.h:327:16: error: &#39;WebServer&#39; has not been declared
   bool  handle(WebServer&amp; server, HTTPMethod requestMethod, PageBuilderUtil::URI_TYPE_SIGNATURE requestUri) override;
                ^~~~~~~~~
/home/ec2-user/arduino-testlib/cli-datadir/user/libraries/PageBuilder/src/PageBuilder.h:327:35: error: &#39;HTTPMethod&#39; has not been declared
   bool  handle(WebServer&amp; server, HTTPMethod requestMethod, PageBuilderUtil::URI_TYPE_SIGNATURE requestUri) override;
                                   ^~~~~~~~~~
/home/ec2-user/arduino-testlib/cli-datadir/user/libraries/PageBuilder/src/PageBuilder.h:327:78: error: &#39;PageBuilderUtil::URI_TYPE_SIGNATURE&#39; has not been declared
   bool  handle(WebServer&amp; server, HTTPMethod requestMethod, PageBuilderUtil::URI_TYPE_SIGNATURE requestUri) override;
                                                                              ^~~~~~~~~~~~~~~~~~
/home/ec2-user/arduino-testlib/cli-datadir/user/libraries/PageBuilder/src/PageBuilder.h:328:16: error: &#39;WebServer&#39; has not been declared
   void  insert(WebServer&amp; server) { server.addHandler(this); }
                ^~~~~~~~~
/home/ec2-user/arduino-testlib/cli-datadir/user/libraries/PageBuilder/src/PageBuilder.h:334:24: error: &#39;WebServer&#39; has not been declared
   virtual void  upload(WebServer&amp; server, PageBuilderUtil::URI_TYPE_SIGNATURE requestUri, HTTPUp</pre>

					
					<h4>examples/DynamicPage</h4>
					<p>
						Result: <b>FAIL</b>
					</p>
					<pre class="pre-scrollable">WARNING: library PageBuilder claims to run on esp8266, esp32 architecture(s) and may be incompatible with your current board which runs on mbed_nano architecture(s).
In file included from /home/ec2-user/arduino-testlib/cli-datadir/user/libraries/PageBuilder/examples/DynamicPage/DynamicPage.ino:16:0:
/home/ec2-user/arduino-testlib/cli-datadir/user/libraries/PageBuilder/src/PageBuilder.h:230:21: error: &#39;File&#39; was not declared in this scope
     std::shared_ptr&lt;File&gt; _file;      /**&lt; File for file: mold */
                     ^~~~
/home/ec2-user/arduino-testlib/cli-datadir/user/libraries/PageBuilder/src/PageBuilder.h:230:21: note: suggested alternative: &#39;time&#39;
     std::shared_ptr&lt;File&gt; _file;      /**&lt; File for file: mold */
                     ^~~~
                     time
/home/ec2-user/arduino-testlib/cli-datadir/user/libraries/PageBuilder/src/PageBuilder.h:230:25: error: template argument 1 is invalid
     std::shared_ptr&lt;File&gt; _file;      /**&lt; File for file: mold */
                         ^
/home/ec2-user/arduino-testlib/cli-datadir/user/libraries/PageBuilder/src/PageBuilder.h:253:28: error: &#39;HTTPMethod&#39; was not declared in this scope
 typedef std::function&lt;bool(HTTPMethod, String)&gt; PrepareFuncT;
                            ^~~~~~~~~~
/home/ec2-user/arduino-testlib/cli-datadir/user/libraries/PageBuilder/src/PageBuilder.h:253:46: error: expression list treated as compound expression in functional cast [-fpermissive]
 typedef std::function&lt;bool(HTTPMethod, String)&gt; PrepareFuncT;
                                              ^
/home/ec2-user/arduino-testlib/cli-datadir/user/libraries/PageBuilder/src/PageBuilder.h:253:47: error: template argument 1 is invalid
 typedef std::function&lt;bool(HTTPMethod, String)&gt; PrepareFuncT;
                                               ^
/home/ec2-user/arduino-testlib/cli-datadir/user/libraries/PageBuilder/src/PageBuilder.h:286:55: error: &#39;RequestHandler&#39; was not declared in this scope
     std::is_lvalue_reference&lt;TypeOfArgument&lt;decltype(&amp;RequestHandler::canHandle)&gt;::arg&lt;1&gt;::type&gt;::value,
                                                       ^~~~~~~~~~~~~~
/home/ec2-user/arduino-testlib/cli-datadir/user/libraries/PageBuilder/src/PageBuilder.h:286:55: error: &#39;RequestHandler&#39; was not declared in this scope
/home/ec2-user/arduino-testlib/cli-datadir/user/libraries/PageBuilder/src/PageBuilder.h:286:55: error: &#39;RequestHandler&#39; was not declared in this scope
/home/ec2-user/arduino-testlib/cli-datadir/user/libraries/PageBuilder/src/PageBuilder.h:286:55: error: &#39;RequestHandler&#39; was not declared in this scope
/home/ec2-user/arduino-testlib/cli-datadir/user/libraries/PageBuilder/src/PageBuilder.h:286:55: error: &#39;RequestHandler&#39; was not declared in this scope
/home/ec2-user/arduino-testlib/cli-datadir/user/libraries/PageBuilder/src/PageBuilder.h:286:81: error: template argument 1 is invalid
     std::is_lvalue_reference&lt;TypeOfArgument&lt;decltype(&amp;RequestHandler::canHandle)&gt;::arg&lt;1&gt;::type&gt;::value,
                                                                                 ^
/home/ec2-user/arduino-testlib/cli-datadir/user/libraries/PageBuilder/src/PageBuilder.h:286:89: error: template argument 1 is invalid
     std::is_lvalue_reference&lt;TypeOfArgument&lt;decltype(&amp;RequestHandler::canHandle)&gt;::arg&lt;1&gt;::type&gt;::value,
                                                                                         ^
/home/ec2-user/arduino-testlib/cli-datadir/user/libraries/PageBuilder/src/PageBuilder.h:286:96: error: wrong number of template arguments (1, should be 3)
     std::is_lvalue_reference&lt;TypeOfArgument&lt;decltype(&amp;RequestHandler::canHandle)&gt;::arg&lt;1&gt;::type&gt;::value,
                                                                                                ^
In file included from /home/ec2-user/arduino-testlib/cli-datadir/data/packages/arduino/tools/arm-none-eabi-gcc/7-2017q4/arm-none-eabi/include/c&#43;&#43;/7.2.1/bits/move.h:54:0,
                 from /home/ec2-user/arduino-testlib/cli-datadir/data/packages/arduino/tools/arm-none-eabi-gcc/7-2017q4/arm-none-eabi/include/c&#43;&#43;/7.2.1/bits/nested_exception.h:40,
                 from /home/ec2-user/arduino-testlib/cli-datadir/data/packages/arduino/tools/arm-none-eabi-gcc/7-2017q4/arm-none-eabi/include/c&#43;&#43;/7.2.1/exception:143,
                 from /home/ec2-user/arduino-testlib/cli-datadir/data/packages/arduino/tools/arm-none-eabi-gcc/7-2017q4/arm-none-eabi/include/c&#43;&#43;/7.2.1/new:40,
                 from /home/ec2-user/arduino-testlib/cli-datadir/data/packages/arduino/hardware/mbed_nano/2.7.2/cores/arduino/mbed/platform/cxxsupport/mstd_new:27,
                 from /home/ec2-user/arduino-testlib/cli-datadir/data/packages/arduino/hardware/mbed_nano/2.7.2/cores/arduino/mbed/platform/include/platform/Callback.h:23,
                 from /home/ec2-user/arduino-testlib/cli-datadir/data/packages/arduino/hardware/mbed_nano/2.7.2/cores/arduino/mbed/platform/include/platform/FileHandle.h:23,
                 from /home/ec2-user/arduino-testlib/cli-datadir/data/packages/arduino/hardware/mbed_nano/2.7.2/cores/arduino/macros.h:41,
                 from /home/ec2-user/arduino-testlib/cli-datadir/data/packages/arduino/hardware/mbed_nano/2.7.2/variants/NANO_RP2040_CONNECT/pins_arduino.h:2,
                 from /home/ec2-user/arduino-testlib/cli-datadir/data/packages/arduino/hardware/mbed_nano/2.7.2/cores/arduino/Arduino.h:76,
                 from /tmp/arduino-sketch-F5D72755519151BDDEEA9D2BC938B73D/sketch/DynamicPage.ino.cpp:1:
/home/ec2-user/arduino-testlib/cli-datadir/data/packages/arduino/tools/arm-none-eabi-gcc/7-2017q4/arm-none-eabi/include/c&#43;&#43;/7.2.1/type_traits:104:12: note: provided for &#39;template&lt;bool &lt;anonymous&gt;, class, class&gt; struct std::conditional&#39;
     struct conditional;
            ^~~~~~~~~~~
In file included from /home/ec2-user/arduino-testlib/cli-datadir/user/libraries/PageBuilder/examples/DynamicPage/DynamicPage.ino:16:0:
/home/ec2-user/arduino-testlib/cli-datadir/user/libraries/PageBuilder/src/PageBuilder.h:297:43: error: expected class-name before &#39;{&#39; token
 class PageBuilder : public RequestHandler {
                                           ^
/home/ec2-user/arduino-testlib/cli-datadir/user/libraries/PageBuilder/src/PageBuilder.h:311:51: error: &#39;HTTPUpload&#39; does not name a type
   typedef std::function&lt;void(const String&amp;, const HTTPUpload&amp;)&gt; UploadFuncT;
                                                   ^~~~~~~~~~
/home/ec2-user/arduino-testlib/cli-datadir/user/libraries/PageBuilder/src/PageBuilder.h:314:48: error: &#39;HTTPMethod&#39; has not been declared
   explicit PageBuilder(PageElementVT elements, HTTPMethod method = HTTP_ANY, bool noCache = true, bool cancel = false, TransferEncoding_t chunked = Auto);
                                                ^~~~~~~~~~
/home/ec2-user/arduino-testlib/cli-datadir/user/libraries/PageBuilder/src/PageBuilder.h:315:56: error: &#39;HTTPMethod&#39; has not been declared
   PageBuilder(const char* uri, PageElementVT elements, HTTPMethod method = HTTP_ANY, bool noCache = true, bool cancel = false, TransferEncoding_t chunked = Auto);
                                                        ^~~~~~~~~~
/home/ec2-user/arduino-testlib/cli-datadir/user/libraries/PageBuilder/src/PageBuilder.h:318:20: error: &#39;WebServer&#39; has not been declared
   void  atNotFound(WebServer&amp; server);
                    ^~~~~~~~~
/home/ec2-user/arduino-testlib/cli-datadir/user/libraries/PageBuilder/src/PageBuilder.h:319:74: error: &#39;HTTPAuthMethod&#39; does not name a type
   void  authentication(const char* username, const char* password, const HTTPAuthMethod scheme = HTTPAuthMethod::BASIC_AUTH, const char* realm = NULL, const String&amp; authFail = String(&#34;&#34;));
                                                                          ^~~~~~~~~~~~~~
/home/ec2-user/arduino-testlib/cli-datadir/user/libraries/PageBuilder/src/PageBuilder.h:323:27: error: &#39;HTTPMethod&#39; has not been declared
   virtual bool  canHandle(HTTPMethod requestMethod, PageBuilderUtil::URI_TYPE_SIGNATURE requestUri) override;
                           ^~~~~~~~~~
/home/ec2-user/arduino-testlib/cli-datadir/user/libraries/PageBuilder/src/PageBuilder.h:323:70: error: &#39;PageBuilderUtil::URI_TYPE_SIGNATURE&#39; has not been declared
   virtual bool  canHandle(HTTPMethod requestMethod, PageBuilderUtil::URI_TYPE_SIGNATURE requestUri) override;
                                                                      ^~~~~~~~~~~~~~~~~~
/home/ec2-user/arduino-testlib/cli-datadir/user/libraries/PageBuilder/src/PageBuilder.h:324:44: error: &#39;PageBuilderUtil::URI_TYPE_SIGNATURE&#39; has not been declared
   virtual bool  canUpload(PageBuilderUtil::URI_TYPE_SIGNATURE uri) override;
                                            ^~~~~~~~~~~~~~~~~~
/home/ec2-user/arduino-testlib/cli-datadir/user/libraries/PageBuilder/src/PageBuilder.h:327:16: error: &#39;WebServer&#39; has not been declared
   bool  handle(WebServer&amp; server, HTTPMethod requestMethod, PageBuilderUtil::URI_TYPE_SIGNATURE requestUri) override;
                ^~~~~~~~~
/home/ec2-user/arduino-testlib/cli-datadir/user/libraries/PageBuilder/src/PageBuilder.h:327:35: error: &#39;HTTPMethod&#39; has not been declared
   bool  handle(WebServer&amp; server, HTTPMethod requestMethod, PageBuilderUtil::URI_TYPE_SIGNATURE requestUri) override;
                                   ^~~~~~~~~~
/home/ec2-user/arduino-testlib/cli-datadir/user/libraries/PageBuilder/src/PageBuilder.h:327:78: error: &#39;PageBuilderUtil::URI_TYPE_SIGNATURE&#39; has not been declared
   bool  handle(WebServer&amp; server, HTTPMethod requestMethod, PageBuilderUtil::URI_TYPE_SIGNATURE requestUri) override;
                                                                              ^~~~~~~~~~~~~~~~~~
/home/ec2-user/arduino-testlib/cli-datadir/user/libraries/PageBuilder/src/PageBuilder.h:328:16: error: &#39;WebServer&#39; has not been declared
   void  insert(WebServer&amp; server) { server.addHandler(this); }
                ^~~~~~~~~
/home/ec2-user/arduino-testlib/cli-datadir/user/libraries/PageBuilder/src/PageBuilder.h:334:24: error</pre>
					
					<h4>examples/FSPage</h4>
					<p>
						Result: <b>FAIL</b>
					</p>
					<pre class="pre-scrollable">WARNING: library PageBuilder claims to run on esp8266, esp32 architecture(s) and may be incompatible with your current board which runs on mbed_nano architecture(s).
In file included from /home/ec2-user/arduino-testlib/cli-datadir/user/libraries/PageBuilder/examples/FSPage/FSPage.ino:48:0:
/home/ec2-user/arduino-testlib/cli-datadir/user/libraries/PageBuilder/src/PageBuilder.h:230:21: error: &#39;File&#39; was not declared in this scope
     std::shared_ptr&lt;File&gt; _file;      /**&lt; File for file: mold */
                     ^~~~
/home/ec2-user/arduino-testlib/cli-datadir/user/libraries/PageBuilder/src/PageBuilder.h:230:21: note: suggested alternative: &#39;time&#39;
     std::shared_ptr&lt;File&gt; _file;      /**&lt; File for file: mold */
                     ^~~~
                     time
/home/ec2-user/arduino-testlib/cli-datadir/user/libraries/PageBuilder/src/PageBuilder.h:230:25: error: template argument 1 is invalid
     std::shared_ptr&lt;File&gt; _file;      /**&lt; File for file: mold */
                         ^
/home/ec2-user/arduino-testlib/cli-datadir/user/libraries/PageBuilder/src/PageBuilder.h:253:28: error: &#39;HTTPMethod&#39; was not declared in this scope
 typedef std::function&lt;bool(HTTPMethod, String)&gt; PrepareFuncT;
                            ^~~~~~~~~~
/home/ec2-user/arduino-testlib/cli-datadir/user/libraries/PageBuilder/src/PageBuilder.h:253:46: error: expression list treated as compound expression in functional cast [-fpermissive]
 typedef std::function&lt;bool(HTTPMethod, String)&gt; PrepareFuncT;
                                              ^
/home/ec2-user/arduino-testlib/cli-datadir/user/libraries/PageBuilder/src/PageBuilder.h:253:47: error: template argument 1 is invalid
 typedef std::function&lt;bool(HTTPMethod, String)&gt; PrepareFuncT;
                                               ^
/home/ec2-user/arduino-testlib/cli-datadir/user/libraries/PageBuilder/src/PageBuilder.h:286:55: error: &#39;RequestHandler&#39; was not declared in this scope
     std::is_lvalue_reference&lt;TypeOfArgument&lt;decltype(&amp;RequestHandler::canHandle)&gt;::arg&lt;1&gt;::type&gt;::value,
                                                       ^~~~~~~~~~~~~~
/home/ec2-user/arduino-testlib/cli-datadir/user/libraries/PageBuilder/src/PageBuilder.h:286:55: error: &#39;RequestHandler&#39; was not declared in this scope
/home/ec2-user/arduino-testlib/cli-datadir/user/libraries/PageBuilder/src/PageBuilder.h:286:55: error: &#39;RequestHandler&#39; was not declared in this scope
/home/ec2-user/arduino-testlib/cli-datadir/user/libraries/PageBuilder/src/PageBuilder.h:286:55: error: &#39;RequestHandler&#39; was not declared in this scope
/home/ec2-user/arduino-testlib/cli-datadir/user/libraries/PageBuilder/src/PageBuilder.h:286:55: error: &#39;RequestHandler&#39; was not declared in this scope
/home/ec2-user/arduino-testlib/cli-datadir/user/libraries/PageBuilder/src/PageBuilder.h:286:81: error: template argument 1 is invalid
     std::is_lvalue_reference&lt;TypeOfArgument&lt;decltype(&amp;RequestHandler::canHandle)&gt;::arg&lt;1&gt;::type&gt;::value,
                                                                                 ^
/home/ec2-user/arduino-testlib/cli-datadir/user/libraries/PageBuilder/src/PageBuilder.h:286:89: error: template argument 1 is invalid
     std::is_lvalue_reference&lt;TypeOfArgument&lt;decltype(&amp;RequestHandler::canHandle)&gt;::arg&lt;1&gt;::type&gt;::value,
                                                                                         ^
/home/ec2-user/arduino-testlib/cli-datadir/user/libraries/PageBuilder/src/PageBuilder.h:286:96: error: wrong number of template arguments (1, should be 3)
     std::is_lvalue_reference&lt;TypeOfArgument&lt;decltype(&amp;RequestHandler::canHandle)&gt;::arg&lt;1&gt;::type&gt;::value,
                                                                                                ^
In file included from /home/ec2-user/arduino-testlib/cli-datadir/data/packages/arduino/tools/arm-none-eabi-gcc/7-2017q4/arm-none-eabi/include/c&#43;&#43;/7.2.1/bits/move.h:54:0,
                 from /home/ec2-user/arduino-testlib/cli-datadir/data/packages/arduino/tools/arm-none-eabi-gcc/7-2017q4/arm-none-eabi/include/c&#43;&#43;/7.2.1/bits/nested_exception.h:40,
                 from /home/ec2-user/arduino-testlib/cli-datadir/data/packages/arduino/tools/arm-none-eabi-gcc/7-2017q4/arm-none-eabi/include/c&#43;&#43;/7.2.1/exception:143,
                 from /home/ec2-user/arduino-testlib/cli-datadir/data/packages/arduino/tools/arm-none-eabi-gcc/7-2017q4/arm-none-eabi/include/c&#43;&#43;/7.2.1/new:40,
                 from /home/ec2-user/arduino-testlib/cli-datadir/data/packages/arduino/hardware/mbed_nano/2.7.2/cores/arduino/mbed/platform/cxxsupport/mstd_new:27,
                 from /home/ec2-user/arduino-testlib/cli-datadir/data/packages/arduino/hardware/mbed_nano/2.7.2/cores/arduino/mbed/platform/include/platform/Callback.h:23,
                 from /home/ec2-user/arduino-testlib/cli-datadir/data/packages/arduino/hardware/mbed_nano/2.7.2/cores/arduino/mbed/platform/include/platform/FileHandle.h:23,
                 from /home/ec2-user/arduino-testlib/cli-datadir/data/packages/arduino/hardware/mbed_nano/2.7.2/cores/arduino/macros.h:41,
                 from /home/ec2-user/arduino-testlib/cli-datadir/data/packages/arduino/hardware/mbed_nano/2.7.2/variants/NANO_RP2040_CONNECT/pins_arduino.h:2,
                 from /home/ec2-user/arduino-testlib/cli-datadir/data/packages/arduino/hardware/mbed_nano/2.7.2/cores/arduino/Arduino.h:76,
                 from /home/ec2-user/arduino-testlib/cli-datadir/user/libraries/PageBuilder/examples/FSPage/FSPage.ino:1:
/home/ec2-user/arduino-testlib/cli-datadir/data/packages/arduino/tools/arm-none-eabi-gcc/7-2017q4/arm-none-eabi/include/c&#43;&#43;/7.2.1/type_traits:104:12: note: provided for &#39;template&lt;bool &lt;anonymous&gt;, class, class&gt; struct std::conditional&#39;
     struct conditional;
            ^~~~~~~~~~~
In file included from /home/ec2-user/arduino-testlib/cli-datadir/user/libraries/PageBuilder/examples/FSPage/FSPage.ino:48:0:
/home/ec2-user/arduino-testlib/cli-datadir/user/libraries/PageBuilder/src/PageBuilder.h:297:43: error: expected class-name before &#39;{&#39; token
 class PageBuilder : public RequestHandler {
                                           ^
/home/ec2-user/arduino-testlib/cli-datadir/user/libraries/PageBuilder/src/PageBuilder.h:311:51: error: &#39;HTTPUpload&#39; does not name a type
   typedef std::function&lt;void(const String&amp;, const HTTPUpload&amp;)&gt; UploadFuncT;
                                                   ^~~~~~~~~~
/home/ec2-user/arduino-testlib/cli-datadir/user/libraries/PageBuilder/src/PageBuilder.h:314:48: error: &#39;HTTPMethod&#39; has not been declared
   explicit PageBuilder(PageElementVT elements, HTTPMethod method = HTTP_ANY, bool noCache = true, bool cancel = false, TransferEncoding_t chunked = Auto);
                                                ^~~~~~~~~~
/home/ec2-user/arduino-testlib/cli-datadir/user/libraries/PageBuilder/src/PageBuilder.h:315:56: error: &#39;HTTPMethod&#39; has not been declared
   PageBuilder(const char* uri, PageElementVT elements, HTTPMethod method = HTTP_ANY, bool noCache = true, bool cancel = false, TransferEncoding_t chunked = Auto);
                                                        ^~~~~~~~~~
/home/ec2-user/arduino-testlib/cli-datadir/user/libraries/PageBuilder/src/PageBuilder.h:318:20: error: &#39;WebServer&#39; has not been declared
   void  atNotFound(WebServer&amp; server);
                    ^~~~~~~~~
/home/ec2-user/arduino-testlib/cli-datadir/user/libraries/PageBuilder/src/PageBuilder.h:319:74: error: &#39;HTTPAuthMethod&#39; does not name a type
   void  authentication(const char* username, const char* password, const HTTPAuthMethod scheme = HTTPAuthMethod::BASIC_AUTH, const char* realm = NULL, const String&amp; authFail = String(&#34;&#34;));
                                                                          ^~~~~~~~~~~~~~
/home/ec2-user/arduino-testlib/cli-datadir/user/libraries/PageBuilder/src/PageBuilder.h:323:27: error: &#39;HTTPMethod&#39; has not been declared
   virtual bool  canHandle(HTTPMethod requestMethod, PageBuilderUtil::URI_TYPE_SIGNATURE requestUri) override;
                           ^~~~~~~~~~
/home/ec2-user/arduino-testlib/cli-datadir/user/libraries/PageBuilder/src/PageBuilder.h:323:70: error: &#39;PageBuilderUtil::URI_TYPE_SIGNATURE&#39; has not been declared
   virtual bool  canHandle(HTTPMethod requestMethod, PageBuilderUtil::URI_TYPE_SIGNATURE requestUri) override;
                                                                      ^~~~~~~~~~~~~~~~~~
/home/ec2-user/arduino-testlib/cli-datadir/user/libraries/PageBuilder/src/PageBuilder.h:324:44: error: &#39;PageBuilderUtil::URI_TYPE_SIGNATURE&#39; has not been declared
   virtual bool  canUpload(PageBuilderUtil::URI_TYPE_SIGNATURE uri) override;
                                            ^~~~~~~~~~~~~~~~~~
/home/ec2-user/arduino-testlib/cli-datadir/user/libraries/PageBuilder/src/PageBuilder.h:327:16: error: &#39;WebServer&#39; has not been declared
   bool  handle(WebServer&amp; server, HTTPMethod requestMethod, PageBuilderUtil::URI_TYPE_SIGNATURE requestUri) override;
                ^~~~~~~~~
/home/ec2-user/arduino-testlib/cli-datadir/user/libraries/PageBuilder/src/PageBuilder.h:327:35: error: &#39;HTTPMethod&#39; has not been declared
   bool  handle(WebServer&amp; server, HTTPMethod requestMethod, PageBuilderUtil::URI_TYPE_SIGNATURE requestUri) override;
                                   ^~~~~~~~~~
/home/ec2-user/arduino-testlib/cli-datadir/user/libraries/PageBuilder/src/PageBuilder.h:327:78: error: &#39;PageBuilderUtil::URI_TYPE_SIGNATURE&#39; has not been declared
   bool  handle(WebServer&amp; server, HTTPMethod requestMethod, PageBuilderUtil::URI_TYPE_SIGNATURE requestUri) override;
                                                                              ^~~~~~~~~~~~~~~~~~
/home/ec2-user/arduino-testlib/cli-datadir/user/libraries/PageBuilder/src/PageBuilder.h:328:16: error: &#39;WebServer&#39; has not been declared
   void  insert(WebServer&amp; server) { server.addHandler(this); }
                ^~~~~~~~~
/home/ec2-user/arduino-testlib/cli-datadir/user/libraries/PageBuilder/src/PageBuilder.h:334:24: error: &#39;</pre>
					
					<h4>examples/SendNakedHttp</h4>
					<p>
						Result: <b>FAIL</b>
					</p>
					<pre class="pre-scrollable">WARNING: library PageBuilder claims to run on esp8266, esp32 architecture(s) and may be incompatible with your current board which runs on mbed_nano architecture(s).
In file included from /home/ec2-user/arduino-testlib/cli-datadir/user/libraries/PageBuilder/examples/SendNakedHttp/SendNakedHttp.ino:26:0:
/home/ec2-user/arduino-testlib/cli-datadir/user/libraries/PageBuilder/src/PageBuilder.h:230:21: error: &#39;File&#39; was not declared in this scope
     std::shared_ptr&lt;File&gt; _file;      /**&lt; File for file: mold */
                     ^~~~
/home/ec2-user/arduino-testlib/cli-datadir/user/libraries/PageBuilder/src/PageBuilder.h:230:21: note: suggested alternative: &#39;time&#39;
     std::shared_ptr&lt;File&gt; _file;      /**&lt; File for file: mold */
                     ^~~~
                     time
/home/ec2-user/arduino-testlib/cli-datadir/user/libraries/PageBuilder/src/PageBuilder.h:230:25: error: template argument 1 is invalid
     std::shared_ptr&lt;File&gt; _file;      /**&lt; File for file: mold */
                         ^
/home/ec2-user/arduino-testlib/cli-datadir/user/libraries/PageBuilder/src/PageBuilder.h:253:28: error: &#39;HTTPMethod&#39; was not declared in this scope
 typedef std::function&lt;bool(HTTPMethod, String)&gt; PrepareFuncT;
                            ^~~~~~~~~~
/home/ec2-user/arduino-testlib/cli-datadir/user/libraries/PageBuilder/src/PageBuilder.h:253:46: error: expression list treated as compound expression in functional cast [-fpermissive]
 typedef std::function&lt;bool(HTTPMethod, String)&gt; PrepareFuncT;
                                              ^
/home/ec2-user/arduino-testlib/cli-datadir/user/libraries/PageBuilder/src/PageBuilder.h:253:47: error: template argument 1 is invalid
 typedef std::function&lt;bool(HTTPMethod, String)&gt; PrepareFuncT;
                                               ^
/home/ec2-user/arduino-testlib/cli-datadir/user/libraries/PageBuilder/src/PageBuilder.h:286:55: error: &#39;RequestHandler&#39; was not declared in this scope
     std::is_lvalue_reference&lt;TypeOfArgument&lt;decltype(&amp;RequestHandler::canHandle)&gt;::arg&lt;1&gt;::type&gt;::value,
                                                       ^~~~~~~~~~~~~~
/home/ec2-user/arduino-testlib/cli-datadir/user/libraries/PageBuilder/src/PageBuilder.h:286:55: error: &#39;RequestHandler&#39; was not declared in this scope
/home/ec2-user/arduino-testlib/cli-datadir/user/libraries/PageBuilder/src/PageBuilder.h:286:55: error: &#39;RequestHandler&#39; was not declared in this scope
/home/ec2-user/arduino-testlib/cli-datadir/user/libraries/PageBuilder/src/PageBuilder.h:286:55: error: &#39;RequestHandler&#39; was not declared in this scope
/home/ec2-user/arduino-testlib/cli-datadir/user/libraries/PageBuilder/src/PageBuilder.h:286:55: error: &#39;RequestHandler&#39; was not declared in this scope
/home/ec2-user/arduino-testlib/cli-datadir/user/libraries/PageBuilder/src/PageBuilder.h:286:81: error: template argument 1 is invalid
     std::is_lvalue_reference&lt;TypeOfArgument&lt;decltype(&amp;RequestHandler::canHandle)&gt;::arg&lt;1&gt;::type&gt;::value,
                                                                                 ^
/home/ec2-user/arduino-testlib/cli-datadir/user/libraries/PageBuilder/src/PageBuilder.h:286:89: error: template argument 1 is invalid
     std::is_lvalue_reference&lt;TypeOfArgument&lt;decltype(&amp;RequestHandler::canHandle)&gt;::arg&lt;1&gt;::type&gt;::value,
                                                                                         ^
/home/ec2-user/arduino-testlib/cli-datadir/user/libraries/PageBuilder/src/PageBuilder.h:286:96: error: wrong number of template arguments (1, should be 3)
     std::is_lvalue_reference&lt;TypeOfArgument&lt;decltype(&amp;RequestHandler::canHandle)&gt;::arg&lt;1&gt;::type&gt;::value,
                                                                                                ^
In file included from /home/ec2-user/arduino-testlib/cli-datadir/data/packages/arduino/tools/arm-none-eabi-gcc/7-2017q4/arm-none-eabi/include/c&#43;&#43;/7.2.1/bits/move.h:54:0,
                 from /home/ec2-user/arduino-testlib/cli-datadir/data/packages/arduino/tools/arm-none-eabi-gcc/7-2017q4/arm-none-eabi/include/c&#43;&#43;/7.2.1/bits/nested_exception.h:40,
                 from /home/ec2-user/arduino-testlib/cli-datadir/data/packages/arduino/tools/arm-none-eabi-gcc/7-2017q4/arm-none-eabi/include/c&#43;&#43;/7.2.1/exception:143,
                 from /home/ec2-user/arduino-testlib/cli-datadir/data/packages/arduino/tools/arm-none-eabi-gcc/7-2017q4/arm-none-eabi/include/c&#43;&#43;/7.2.1/new:40,
                 from /home/ec2-user/arduino-testlib/cli-datadir/data/packages/arduino/hardware/mbed_nano/2.7.2/cores/arduino/mbed/platform/cxxsupport/mstd_new:27,
                 from /home/ec2-user/arduino-testlib/cli-datadir/data/packages/arduino/hardware/mbed_nano/2.7.2/cores/arduino/mbed/platform/include/platform/Callback.h:23,
                 from /home/ec2-user/arduino-testlib/cli-datadir/data/packages/arduino/hardware/mbed_nano/2.7.2/cores/arduino/mbed/platform/include/platform/FileHandle.h:23,
                 from /home/ec2-user/arduino-testlib/cli-datadir/data/packages/arduino/hardware/mbed_nano/2.7.2/cores/arduino/macros.h:41,
                 from /home/ec2-user/arduino-testlib/cli-datadir/data/packages/arduino/hardware/mbed_nano/2.7.2/variants/NANO_RP2040_CONNECT/pins_arduino.h:2,
                 from /home/ec2-user/arduino-testlib/cli-datadir/data/packages/arduino/hardware/mbed_nano/2.7.2/cores/arduino/Arduino.h:76,
                 from /tmp/arduino-sketch-4ED4FBCEE2AB82061927FAC54432900F/sketch/SendNakedHttp.ino.cpp:1:
/home/ec2-user/arduino-testlib/cli-datadir/data/packages/arduino/tools/arm-none-eabi-gcc/7-2017q4/arm-none-eabi/include/c&#43;&#43;/7.2.1/type_traits:104:12: note: provided for &#39;template&lt;bool &lt;anonymous&gt;, class, class&gt; struct std::conditional&#39;
     struct conditional;
            ^~~~~~~~~~~
In file included from /home/ec2-user/arduino-testlib/cli-datadir/user/libraries/PageBuilder/examples/SendNakedHttp/SendNakedHttp.ino:26:0:
/home/ec2-user/arduino-testlib/cli-datadir/user/libraries/PageBuilder/src/PageBuilder.h:297:43: error: expected class-name before &#39;{&#39; token
 class PageBuilder : public RequestHandler {
                                           ^
/home/ec2-user/arduino-testlib/cli-datadir/user/libraries/PageBuilder/src/PageBuilder.h:311:51: error: &#39;HTTPUpload&#39; does not name a type
   typedef std::function&lt;void(const String&amp;, const HTTPUpload&amp;)&gt; UploadFuncT;
                                                   ^~~~~~~~~~
/home/ec2-user/arduino-testlib/cli-datadir/user/libraries/PageBuilder/src/PageBuilder.h:314:48: error: &#39;HTTPMethod&#39; has not been declared
   explicit PageBuilder(PageElementVT elements, HTTPMethod method = HTTP_ANY, bool noCache = true, bool cancel = false, TransferEncoding_t chunked = Auto);
                                                ^~~~~~~~~~
/home/ec2-user/arduino-testlib/cli-datadir/user/libraries/PageBuilder/src/PageBuilder.h:315:56: error: &#39;HTTPMethod&#39; has not been declared
   PageBuilder(const char* uri, PageElementVT elements, HTTPMethod method = HTTP_ANY, bool noCache = true, bool cancel = false, TransferEncoding_t chunked = Auto);
                                                        ^~~~~~~~~~
/home/ec2-user/arduino-testlib/cli-datadir/user/libraries/PageBuilder/src/PageBuilder.h:318:20: error: &#39;WebServer&#39; has not been declared
   void  atNotFound(WebServer&amp; server);
                    ^~~~~~~~~
/home/ec2-user/arduino-testlib/cli-datadir/user/libraries/PageBuilder/src/PageBuilder.h:319:74: error: &#39;HTTPAuthMethod&#39; does not name a type
   void  authentication(const char* username, const char* password, const HTTPAuthMethod scheme = HTTPAuthMethod::BASIC_AUTH, const char* realm = NULL, const String&amp; authFail = String(&#34;&#34;));
                                                                          ^~~~~~~~~~~~~~
/home/ec2-user/arduino-testlib/cli-datadir/user/libraries/PageBuilder/src/PageBuilder.h:323:27: error: &#39;HTTPMethod&#39; has not been declared
   virtual bool  canHandle(HTTPMethod requestMethod, PageBuilderUtil::URI_TYPE_SIGNATURE requestUri) override;
                           ^~~~~~~~~~
/home/ec2-user/arduino-testlib/cli-datadir/user/libraries/PageBuilder/src/PageBuilder.h:323:70: error: &#39;PageBuilderUtil::URI_TYPE_SIGNATURE&#39; has not been declared
   virtual bool  canHandle(HTTPMethod requestMethod, PageBuilderUtil::URI_TYPE_SIGNATURE requestUri) override;
                                                                      ^~~~~~~~~~~~~~~~~~
/home/ec2-user/arduino-testlib/cli-datadir/user/libraries/PageBuilder/src/PageBuilder.h:324:44: error: &#39;PageBuilderUtil::URI_TYPE_SIGNATURE&#39; has not been declared
   virtual bool  canUpload(PageBuilderUtil::URI_TYPE_SIGNATURE uri) override;
                                            ^~~~~~~~~~~~~~~~~~
/home/ec2-user/arduino-testlib/cli-datadir/user/libraries/PageBuilder/src/PageBuilder.h:327:16: error: &#39;WebServer&#39; has not been declared
   bool  handle(WebServer&amp; server, HTTPMethod requestMethod, PageBuilderUtil::URI_TYPE_SIGNATURE requestUri) override;
                ^~~~~~~~~
/home/ec2-user/arduino-testlib/cli-datadir/user/libraries/PageBuilder/src/PageBuilder.h:327:35: error: &#39;HTTPMethod&#39; has not been declared
   bool  handle(WebServer&amp; server, HTTPMethod requestMethod, PageBuilderUtil::URI_TYPE_SIGNATURE requestUri) override;
                                   ^~~~~~~~~~
/home/ec2-user/arduino-testlib/cli-datadir/user/libraries/PageBuilder/src/PageBuilder.h:327:78: error: &#39;PageBuilderUtil::URI_TYPE_SIGNATURE&#39; has not been declared
   bool  handle(WebServer&amp; server, HTTPMethod requestMethod, PageBuilderUtil::URI_TYPE_SIGNATURE requestUri) override;
                                                                              ^~~~~~~~~~~~~~~~~~
/home/ec2-user/arduino-testlib/cli-datadir/user/libraries/PageBuilder/src/PageBuilder.h:328:16: error: &#39;WebServer&#39; has not been declared
   void  insert(WebServer&amp; server) { server.addHandler(this); }
                ^~~~~~~~~
/home/ec2-user/arduino-testlib/cli-datadir/user/libraries/PageBuilder/src/PageBuilder.h:334</pre>
					
					<h4>examples/WebLED</h4>
					<p>
						Result: <b>FAIL</b>
					</p>
					<pre class="pre-scrollable">WARNING: library PageBuilder claims to run on esp8266, esp32 architecture(s) and may be incompatible with your current board which runs on mbed_nano architecture(s).
In file included from /home/ec2-user/arduino-testlib/cli-datadir/user/libraries/PageBuilder/examples/WebLED/WebLED.ino:19:0:
/home/ec2-user/arduino-testlib/cli-datadir/user/libraries/PageBuilder/src/PageBuilder.h:230:21: error: &#39;File&#39; was not declared in this scope
     std::shared_ptr&lt;File&gt; _file;      /**&lt; File for file: mold */
                     ^~~~
/home/ec2-user/arduino-testlib/cli-datadir/user/libraries/PageBuilder/src/PageBuilder.h:230:21: note: suggested alternative: &#39;time&#39;
     std::shared_ptr&lt;File&gt; _file;      /**&lt; File for file: mold */
                     ^~~~
                     time
/home/ec2-user/arduino-testlib/cli-datadir/user/libraries/PageBuilder/src/PageBuilder.h:230:25: error: template argument 1 is invalid
     std::shared_ptr&lt;File&gt; _file;      /**&lt; File for file: mold */
                         ^
/home/ec2-user/arduino-testlib/cli-datadir/user/libraries/PageBuilder/src/PageBuilder.h:253:28: error: &#39;HTTPMethod&#39; was not declared in this scope
 typedef std::function&lt;bool(HTTPMethod, String)&gt; PrepareFuncT;
                            ^~~~~~~~~~
/home/ec2-user/arduino-testlib/cli-datadir/user/libraries/PageBuilder/src/PageBuilder.h:253:46: error: expression list treated as compound expression in functional cast [-fpermissive]
 typedef std::function&lt;bool(HTTPMethod, String)&gt; PrepareFuncT;
                                              ^
/home/ec2-user/arduino-testlib/cli-datadir/user/libraries/PageBuilder/src/PageBuilder.h:253:47: error: template argument 1 is invalid
 typedef std::function&lt;bool(HTTPMethod, String)&gt; PrepareFuncT;
                                               ^
/home/ec2-user/arduino-testlib/cli-datadir/user/libraries/PageBuilder/src/PageBuilder.h:286:55: error: &#39;RequestHandler&#39; was not declared in this scope
     std::is_lvalue_reference&lt;TypeOfArgument&lt;decltype(&amp;RequestHandler::canHandle)&gt;::arg&lt;1&gt;::type&gt;::value,
                                                       ^~~~~~~~~~~~~~
/home/ec2-user/arduino-testlib/cli-datadir/user/libraries/PageBuilder/src/PageBuilder.h:286:55: error: &#39;RequestHandler&#39; was not declared in this scope
/home/ec2-user/arduino-testlib/cli-datadir/user/libraries/PageBuilder/src/PageBuilder.h:286:55: error: &#39;RequestHandler&#39; was not declared in this scope
/home/ec2-user/arduino-testlib/cli-datadir/user/libraries/PageBuilder/src/PageBuilder.h:286:55: error: &#39;RequestHandler&#39; was not declared in this scope
/home/ec2-user/arduino-testlib/cli-datadir/user/libraries/PageBuilder/src/PageBuilder.h:286:55: error: &#39;RequestHandler&#39; was not declared in this scope
/home/ec2-user/arduino-testlib/cli-datadir/user/libraries/PageBuilder/src/PageBuilder.h:286:81: error: template argument 1 is invalid
     std::is_lvalue_reference&lt;TypeOfArgument&lt;decltype(&amp;RequestHandler::canHandle)&gt;::arg&lt;1&gt;::type&gt;::value,
                                                                                 ^
/home/ec2-user/arduino-testlib/cli-datadir/user/libraries/PageBuilder/src/PageBuilder.h:286:89: error: template argument 1 is invalid
     std::is_lvalue_reference&lt;TypeOfArgument&lt;decltype(&amp;RequestHandler::canHandle)&gt;::arg&lt;1&gt;::type&gt;::value,
                                                                                         ^
/home/ec2-user/arduino-testlib/cli-datadir/user/libraries/PageBuilder/src/PageBuilder.h:286:96: error: wrong number of template arguments (1, should be 3)
     std::is_lvalue_reference&lt;TypeOfArgument&lt;decltype(&amp;RequestHandler::canHandle)&gt;::arg&lt;1&gt;::type&gt;::value,
                                                                                                ^
In file included from /home/ec2-user/arduino-testlib/cli-datadir/data/packages/arduino/tools/arm-none-eabi-gcc/7-2017q4/arm-none-eabi/include/c&#43;&#43;/7.2.1/bits/move.h:54:0,
                 from /home/ec2-user/arduino-testlib/cli-datadir/data/packages/arduino/tools/arm-none-eabi-gcc/7-2017q4/arm-none-eabi/include/c&#43;&#43;/7.2.1/bits/nested_exception.h:40,
                 from /home/ec2-user/arduino-testlib/cli-datadir/data/packages/arduino/tools/arm-none-eabi-gcc/7-2017q4/arm-none-eabi/include/c&#43;&#43;/7.2.1/exception:143,
                 from /home/ec2-user/arduino-testlib/cli-datadir/data/packages/arduino/tools/arm-none-eabi-gcc/7-2017q4/arm-none-eabi/include/c&#43;&#43;/7.2.1/new:40,
                 from /home/ec2-user/arduino-testlib/cli-datadir/data/packages/arduino/hardware/mbed_nano/2.7.2/cores/arduino/mbed/platform/cxxsupport/mstd_new:27,
                 from /home/ec2-user/arduino-testlib/cli-datadir/data/packages/arduino/hardware/mbed_nano/2.7.2/cores/arduino/mbed/platform/include/platform/Callback.h:23,
                 from /home/ec2-user/arduino-testlib/cli-datadir/data/packages/arduino/hardware/mbed_nano/2.7.2/cores/arduino/mbed/platform/include/platform/FileHandle.h:23,
                 from /home/ec2-user/arduino-testlib/cli-datadir/data/packages/arduino/hardware/mbed_nano/2.7.2/cores/arduino/macros.h:41,
                 from /home/ec2-user/arduino-testlib/cli-datadir/data/packages/arduino/hardware/mbed_nano/2.7.2/variants/NANO_RP2040_CONNECT/pins_arduino.h:2,
                 from /home/ec2-user/arduino-testlib/cli-datadir/data/packages/arduino/hardware/mbed_nano/2.7.2/cores/arduino/Arduino.h:76,
                 from /tmp/arduino-sketch-B914DF3BC9A8FA2FED1B8AA331347850/sketch/WebLED.ino.cpp:1:
/home/ec2-user/arduino-testlib/cli-datadir/data/packages/arduino/tools/arm-none-eabi-gcc/7-2017q4/arm-none-eabi/include/c&#43;&#43;/7.2.1/type_traits:104:12: note: provided for &#39;template&lt;bool &lt;anonymous&gt;, class, class&gt; struct std::conditional&#39;
     struct conditional;
            ^~~~~~~~~~~
In file included from /home/ec2-user/arduino-testlib/cli-datadir/user/libraries/PageBuilder/examples/WebLED/WebLED.ino:19:0:
/home/ec2-user/arduino-testlib/cli-datadir/user/libraries/PageBuilder/src/PageBuilder.h:297:43: error: expected class-name before &#39;{&#39; token
 class PageBuilder : public RequestHandler {
                                           ^
/home/ec2-user/arduino-testlib/cli-datadir/user/libraries/PageBuilder/src/PageBuilder.h:311:51: error: &#39;HTTPUpload&#39; does not name a type
   typedef std::function&lt;void(const String&amp;, const HTTPUpload&amp;)&gt; UploadFuncT;
                                                   ^~~~~~~~~~
/home/ec2-user/arduino-testlib/cli-datadir/user/libraries/PageBuilder/src/PageBuilder.h:314:48: error: &#39;HTTPMethod&#39; has not been declared
   explicit PageBuilder(PageElementVT elements, HTTPMethod method = HTTP_ANY, bool noCache = true, bool cancel = false, TransferEncoding_t chunked = Auto);
                                                ^~~~~~~~~~
/home/ec2-user/arduino-testlib/cli-datadir/user/libraries/PageBuilder/src/PageBuilder.h:315:56: error: &#39;HTTPMethod&#39; has not been declared
   PageBuilder(const char* uri, PageElementVT elements, HTTPMethod method = HTTP_ANY, bool noCache = true, bool cancel = false, TransferEncoding_t chunked = Auto);
                                                        ^~~~~~~~~~
/home/ec2-user/arduino-testlib/cli-datadir/user/libraries/PageBuilder/src/PageBuilder.h:318:20: error: &#39;WebServer&#39; has not been declared
   void  atNotFound(WebServer&amp; server);
                    ^~~~~~~~~
/home/ec2-user/arduino-testlib/cli-datadir/user/libraries/PageBuilder/src/PageBuilder.h:319:74: error: &#39;HTTPAuthMethod&#39; does not name a type
   void  authentication(const char* username, const char* password, const HTTPAuthMethod scheme = HTTPAuthMethod::BASIC_AUTH, const char* realm = NULL, const String&amp; authFail = String(&#34;&#34;));
                                                                          ^~~~~~~~~~~~~~
/home/ec2-user/arduino-testlib/cli-datadir/user/libraries/PageBuilder/src/PageBuilder.h:323:27: error: &#39;HTTPMethod&#39; has not been declared
   virtual bool  canHandle(HTTPMethod requestMethod, PageBuilderUtil::URI_TYPE_SIGNATURE requestUri) override;
                           ^~~~~~~~~~
/home/ec2-user/arduino-testlib/cli-datadir/user/libraries/PageBuilder/src/PageBuilder.h:323:70: error: &#39;PageBuilderUtil::URI_TYPE_SIGNATURE&#39; has not been declared
   virtual bool  canHandle(HTTPMethod requestMethod, PageBuilderUtil::URI_TYPE_SIGNATURE requestUri) override;
                                                                      ^~~~~~~~~~~~~~~~~~
/home/ec2-user/arduino-testlib/cli-datadir/user/libraries/PageBuilder/src/PageBuilder.h:324:44: error: &#39;PageBuilderUtil::URI_TYPE_SIGNATURE&#39; has not been declared
   virtual bool  canUpload(PageBuilderUtil::URI_TYPE_SIGNATURE uri) override;
                                            ^~~~~~~~~~~~~~~~~~
/home/ec2-user/arduino-testlib/cli-datadir/user/libraries/PageBuilder/src/PageBuilder.h:327:16: error: &#39;WebServer&#39; has not been declared
   bool  handle(WebServer&amp; server, HTTPMethod requestMethod, PageBuilderUtil::URI_TYPE_SIGNATURE requestUri) override;
                ^~~~~~~~~
/home/ec2-user/arduino-testlib/cli-datadir/user/libraries/PageBuilder/src/PageBuilder.h:327:35: error: &#39;HTTPMethod&#39; has not been declared
   bool  handle(WebServer&amp; server, HTTPMethod requestMethod, PageBuilderUtil::URI_TYPE_SIGNATURE requestUri) override;
                                   ^~~~~~~~~~
/home/ec2-user/arduino-testlib/cli-datadir/user/libraries/PageBuilder/src/PageBuilder.h:327:78: error: &#39;PageBuilderUtil::URI_TYPE_SIGNATURE&#39; has not been declared
   bool  handle(WebServer&amp; server, HTTPMethod requestMethod, PageBuilderUtil::URI_TYPE_SIGNATURE requestUri) override;
                                                                              ^~~~~~~~~~~~~~~~~~
/home/ec2-user/arduino-testlib/cli-datadir/user/libraries/PageBuilder/src/PageBuilder.h:328:16: error: &#39;WebServer&#39; has not been declared
   void  insert(WebServer&amp; server) { server.addHandler(this); }
                ^~~~~~~~~
/home/ec2-user/arduino-testlib/cli-datadir/user/libraries/PageBuilder/src/PageBuilder.h:334:24: error: &#39;WebServer&#39; has not bee</pre>
					
					<h4>examples/WebPageHello</h4>
					<p>
						Result: <b>FAIL</b>
					</p>
					<pre class="pre-scrollable">WARNING: library PageBuilder claims to run on esp8266, esp32 architecture(s) and may be incompatible with your current board which runs on mbed_nano architecture(s).
In file included from /home/ec2-user/arduino-testlib/cli-datadir/user/libraries/PageBuilder/examples/WebPageHello/WebPageHello.ino:16:0:
/home/ec2-user/arduino-testlib/cli-datadir/user/libraries/PageBuilder/src/PageBuilder.h:230:21: error: &#39;File&#39; was not declared in this scope
     std::shared_ptr&lt;File&gt; _file;      /**&lt; File for file: mold */
                     ^~~~
/home/ec2-user/arduino-testlib/cli-datadir/user/libraries/PageBuilder/src/PageBuilder.h:230:21: note: suggested alternative: &#39;time&#39;
     std::shared_ptr&lt;File&gt; _file;      /**&lt; File for file: mold */
                     ^~~~
                     time
/home/ec2-user/arduino-testlib/cli-datadir/user/libraries/PageBuilder/src/PageBuilder.h:230:25: error: template argument 1 is invalid
     std::shared_ptr&lt;File&gt; _file;      /**&lt; File for file: mold */
                         ^
/home/ec2-user/arduino-testlib/cli-datadir/user/libraries/PageBuilder/src/PageBuilder.h:253:28: error: &#39;HTTPMethod&#39; was not declared in this scope
 typedef std::function&lt;bool(HTTPMethod, String)&gt; PrepareFuncT;
                            ^~~~~~~~~~
/home/ec2-user/arduino-testlib/cli-datadir/user/libraries/PageBuilder/src/PageBuilder.h:253:46: error: expression list treated as compound expression in functional cast [-fpermissive]
 typedef std::function&lt;bool(HTTPMethod, String)&gt; PrepareFuncT;
                                              ^
/home/ec2-user/arduino-testlib/cli-datadir/user/libraries/PageBuilder/src/PageBuilder.h:253:47: error: template argument 1 is invalid
 typedef std::function&lt;bool(HTTPMethod, String)&gt; PrepareFuncT;
                                               ^
/home/ec2-user/arduino-testlib/cli-datadir/user/libraries/PageBuilder/src/PageBuilder.h:286:55: error: &#39;RequestHandler&#39; was not declared in this scope
     std::is_lvalue_reference&lt;TypeOfArgument&lt;decltype(&amp;RequestHandler::canHandle)&gt;::arg&lt;1&gt;::type&gt;::value,
                                                       ^~~~~~~~~~~~~~
/home/ec2-user/arduino-testlib/cli-datadir/user/libraries/PageBuilder/src/PageBuilder.h:286:55: error: &#39;RequestHandler&#39; was not declared in this scope
/home/ec2-user/arduino-testlib/cli-datadir/user/libraries/PageBuilder/src/PageBuilder.h:286:55: error: &#39;RequestHandler&#39; was not declared in this scope
/home/ec2-user/arduino-testlib/cli-datadir/user/libraries/PageBuilder/src/PageBuilder.h:286:55: error: &#39;RequestHandler&#39; was not declared in this scope
/home/ec2-user/arduino-testlib/cli-datadir/user/libraries/PageBuilder/src/PageBuilder.h:286:55: error: &#39;RequestHandler&#39; was not declared in this scope
/home/ec2-user/arduino-testlib/cli-datadir/user/libraries/PageBuilder/src/PageBuilder.h:286:81: error: template argument 1 is invalid
     std::is_lvalue_reference&lt;TypeOfArgument&lt;decltype(&amp;RequestHandler::canHandle)&gt;::arg&lt;1&gt;::type&gt;::value,
                                                                                 ^
/home/ec2-user/arduino-testlib/cli-datadir/user/libraries/PageBuilder/src/PageBuilder.h:286:89: error: template argument 1 is invalid
     std::is_lvalue_reference&lt;TypeOfArgument&lt;decltype(&amp;RequestHandler::canHandle)&gt;::arg&lt;1&gt;::type&gt;::value,
                                                                                         ^
/home/ec2-user/arduino-testlib/cli-datadir/user/libraries/PageBuilder/src/PageBuilder.h:286:96: error: wrong number of template arguments (1, should be 3)
     std::is_lvalue_reference&lt;TypeOfArgument&lt;decltype(&amp;RequestHandler::canHandle)&gt;::arg&lt;1&gt;::type&gt;::value,
                                                                                                ^
In file included from /home/ec2-user/arduino-testlib/cli-datadir/data/packages/arduino/tools/arm-none-eabi-gcc/7-2017q4/arm-none-eabi/include/c&#43;&#43;/7.2.1/bits/move.h:54:0,
                 from /home/ec2-user/arduino-testlib/cli-datadir/data/packages/arduino/tools/arm-none-eabi-gcc/7-2017q4/arm-none-eabi/include/c&#43;&#43;/7.2.1/bits/nested_exception.h:40,
                 from /home/ec2-user/arduino-testlib/cli-datadir/data/packages/arduino/tools/arm-none-eabi-gcc/7-2017q4/arm-none-eabi/include/c&#43;&#43;/7.2.1/exception:143,
                 from /home/ec2-user/arduino-testlib/cli-datadir/data/packages/arduino/tools/arm-none-eabi-gcc/7-2017q4/arm-none-eabi/include/c&#43;&#43;/7.2.1/new:40,
                 from /home/ec2-user/arduino-testlib/cli-datadir/data/packages/arduino/hardware/mbed_nano/2.7.2/cores/arduino/mbed/platform/cxxsupport/mstd_new:27,
                 from /home/ec2-user/arduino-testlib/cli-datadir/data/packages/arduino/hardware/mbed_nano/2.7.2/cores/arduino/mbed/platform/include/platform/Callback.h:23,
                 from /home/ec2-user/arduino-testlib/cli-datadir/data/packages/arduino/hardware/mbed_nano/2.7.2/cores/arduino/mbed/platform/include/platform/FileHandle.h:23,
                 from /home/ec2-user/arduino-testlib/cli-datadir/data/packages/arduino/hardware/mbed_nano/2.7.2/cores/arduino/macros.h:41,
                 from /home/ec2-user/arduino-testlib/cli-datadir/data/packages/arduino/hardware/mbed_nano/2.7.2/variants/NANO_RP2040_CONNECT/pins_arduino.h:2,
                 from /home/ec2-user/arduino-testlib/cli-datadir/data/packages/arduino/hardware/mbed_nano/2.7.2/cores/arduino/Arduino.h:76,
                 from /tmp/arduino-sketch-E21D87C8A717DF2EC1FD990E3B954755/sketch/WebPageHello.ino.cpp:1:
/home/ec2-user/arduino-testlib/cli-datadir/data/packages/arduino/tools/arm-none-eabi-gcc/7-2017q4/arm-none-eabi/include/c&#43;&#43;/7.2.1/type_traits:104:12: note: provided for &#39;template&lt;bool &lt;anonymous&gt;, class, class&gt; struct std::conditional&#39;
     struct conditional;
            ^~~~~~~~~~~
In file included from /home/ec2-user/arduino-testlib/cli-datadir/user/libraries/PageBuilder/examples/WebPageHello/WebPageHello.ino:16:0:
/home/ec2-user/arduino-testlib/cli-datadir/user/libraries/PageBuilder/src/PageBuilder.h:297:43: error: expected class-name before &#39;{&#39; token
 class PageBuilder : public RequestHandler {
                                           ^
/home/ec2-user/arduino-testlib/cli-datadir/user/libraries/PageBuilder/src/PageBuilder.h:311:51: error: &#39;HTTPUpload&#39; does not name a type
   typedef std::function&lt;void(const String&amp;, const HTTPUpload&amp;)&gt; UploadFuncT;
                                                   ^~~~~~~~~~
/home/ec2-user/arduino-testlib/cli-datadir/user/libraries/PageBuilder/src/PageBuilder.h:314:48: error: &#39;HTTPMethod&#39; has not been declared
   explicit PageBuilder(PageElementVT elements, HTTPMethod method = HTTP_ANY, bool noCache = true, bool cancel = false, TransferEncoding_t chunked = Auto);
                                                ^~~~~~~~~~
/home/ec2-user/arduino-testlib/cli-datadir/user/libraries/PageBuilder/src/PageBuilder.h:315:56: error: &#39;HTTPMethod&#39; has not been declared
   PageBuilder(const char* uri, PageElementVT elements, HTTPMethod method = HTTP_ANY, bool noCache = true, bool cancel = false, TransferEncoding_t chunked = Auto);
                                                        ^~~~~~~~~~
/home/ec2-user/arduino-testlib/cli-datadir/user/libraries/PageBuilder/src/PageBuilder.h:318:20: error: &#39;WebServer&#39; has not been declared
   void  atNotFound(WebServer&amp; server);
                    ^~~~~~~~~
/home/ec2-user/arduino-testlib/cli-datadir/user/libraries/PageBuilder/src/PageBuilder.h:319:74: error: &#39;HTTPAuthMethod&#39; does not name a type
   void  authentication(const char* username, const char* password, const HTTPAuthMethod scheme = HTTPAuthMethod::BASIC_AUTH, const char* realm = NULL, const String&amp; authFail = String(&#34;&#34;));
                                                                          ^~~~~~~~~~~~~~
/home/ec2-user/arduino-testlib/cli-datadir/user/libraries/PageBuilder/src/PageBuilder.h:323:27: error: &#39;HTTPMethod&#39; has not been declared
   virtual bool  canHandle(HTTPMethod requestMethod, PageBuilderUtil::URI_TYPE_SIGNATURE requestUri) override;
                           ^~~~~~~~~~
/home/ec2-user/arduino-testlib/cli-datadir/user/libraries/PageBuilder/src/PageBuilder.h:323:70: error: &#39;PageBuilderUtil::URI_TYPE_SIGNATURE&#39; has not been declared
   virtual bool  canHandle(HTTPMethod requestMethod, PageBuilderUtil::URI_TYPE_SIGNATURE requestUri) override;
                                                                      ^~~~~~~~~~~~~~~~~~
/home/ec2-user/arduino-testlib/cli-datadir/user/libraries/PageBuilder/src/PageBuilder.h:324:44: error: &#39;PageBuilderUtil::URI_TYPE_SIGNATURE&#39; has not been declared
   virtual bool  canUpload(PageBuilderUtil::URI_TYPE_SIGNATURE uri) override;
                                            ^~~~~~~~~~~~~~~~~~
/home/ec2-user/arduino-testlib/cli-datadir/user/libraries/PageBuilder/src/PageBuilder.h:327:16: error: &#39;WebServer&#39; has not been declared
   bool  handle(WebServer&amp; server, HTTPMethod requestMethod, PageBuilderUtil::URI_TYPE_SIGNATURE requestUri) override;
                ^~~~~~~~~
/home/ec2-user/arduino-testlib/cli-datadir/user/libraries/PageBuilder/src/PageBuilder.h:327:35: error: &#39;HTTPMethod&#39; has not been declared
   bool  handle(WebServer&amp; server, HTTPMethod requestMethod, PageBuilderUtil::URI_TYPE_SIGNATURE requestUri) override;
                                   ^~~~~~~~~~
/home/ec2-user/arduino-testlib/cli-datadir/user/libraries/PageBuilder/src/PageBuilder.h:327:78: error: &#39;PageBuilderUtil::URI_TYPE_SIGNATURE&#39; has not been declared
   bool  handle(WebServer&amp; server, HTTPMethod requestMethod, PageBuilderUtil::URI_TYPE_SIGNATURE requestUri) override;
                                                                              ^~~~~~~~~~~~~~~~~~
/home/ec2-user/arduino-testlib/cli-datadir/user/libraries/PageBuilder/src/PageBuilder.h:328:16: error: &#39;WebServer&#39; has not been declared
   void  insert(WebServer&amp; server) { server.addHandler(this); }
                ^~~~~~~~~
/home/ec2-user/arduino-testlib/cli-datadir/user/libraries/PageBuilder/src/PageBuilder.h:334:24: </pre>
					
				
				<h3 id="arduino:megaavr:nona4809">arduino:megaavr:nona4809 @ 1.8.7</h3>
				<h4>Inclusion</h4>
				<p>
					Result: <b>FAIL</b>
					
				</p>
				<pre class="pre-scrollable">In file included from /tmp/arduino-testlib2270156082/test/test.ino:1:0:
/home/ec2-user/arduino-testlib/cli-datadir/user/libraries/PageBuilder/src/PageBuilder.h:13:10: fatal error: tuple: No such file or directory
 #include &lt;tuple&gt;
          ^~~~~~~
compilation terminated.

</pre>

					
					<h4>examples/DynamicPage</h4>
					<p>
						Result: <b>FAIL</b>
					</p>
					<pre class="pre-scrollable">In file included from /home/ec2-user/arduino-testlib/cli-datadir/user/libraries/PageBuilder/examples/DynamicPage/DynamicPage.ino:16:0:
/home/ec2-user/arduino-testlib/cli-datadir/user/libraries/PageBuilder/src/PageBuilder.h:13:10: fatal error: tuple: No such file or directory
 #include &lt;tuple&gt;
          ^~~~~~~
compilation terminated.

</pre>
					
					<h4>examples/FSPage</h4>
					<p>
						Result: <b>FAIL</b>
					</p>
					<pre class="pre-scrollable">In file included from /home/ec2-user/arduino-testlib/cli-datadir/user/libraries/PageBuilder/examples/FSPage/FSPage.ino:48:0:
/home/ec2-user/arduino-testlib/cli-datadir/user/libraries/PageBuilder/src/PageBuilder.h:13:10: fatal error: tuple: No such file or directory
 #include &lt;tuple&gt;
          ^~~~~~~
compilation terminated.

</pre>
					
					<h4>examples/SendNakedHttp</h4>
					<p>
						Result: <b>FAIL</b>
					</p>
					<pre class="pre-scrollable">In file included from /home/ec2-user/arduino-testlib/cli-datadir/user/libraries/PageBuilder/examples/SendNakedHttp/SendNakedHttp.ino:26:0:
/home/ec2-user/arduino-testlib/cli-datadir/user/libraries/PageBuilder/src/PageBuilder.h:13:10: fatal error: tuple: No such file or directory
 #include &lt;tuple&gt;
          ^~~~~~~
compilation terminated.

</pre>
					
					<h4>examples/WebLED</h4>
					<p>
						Result: <b>FAIL</b>
					</p>
					<pre class="pre-scrollable">In file included from /home/ec2-user/arduino-testlib/cli-datadir/user/libraries/PageBuilder/examples/WebLED/WebLED.ino:19:0:
/home/ec2-user/arduino-testlib/cli-datadir/user/libraries/PageBuilder/src/PageBuilder.h:13:10: fatal error: tuple: No such file or directory
 #include &lt;tuple&gt;
          ^~~~~~~
compilation terminated.

</pre>
					
					<h4>examples/WebPageHello</h4>
					<p>
						Result: <b>FAIL</b>
					</p>
					<pre class="pre-scrollable">In file included from /home/ec2-user/arduino-testlib/cli-datadir/user/libraries/PageBuilder/examples/WebPageHello/WebPageHello.ino:16:0:
/home/ec2-user/arduino-testlib/cli-datadir/user/libraries/PageBuilder/src/PageBuilder.h:13:10: fatal error: tuple: No such file or directory
 #include &lt;tuple&gt;
          ^~~~~~~
compilation terminated.

</pre>
					
				
				<h3 id="arduino:samd:mkrwifi1010">arduino:samd:mkrwifi1010 @ 1.8.12</h3>
				<h4>Inclusion</h4>
				<p>
					Result: <b>FAIL</b>
					
				</p>
				<pre class="pre-scrollable">WARNING: library PageBuilder claims to run on esp8266, esp32 architecture(s) and may be incompatible with your current board which runs on samd architecture(s).
In file included from /tmp/arduino-testlib3449128508/test/test.ino:1:0:
/home/ec2-user/arduino-testlib/cli-datadir/user/libraries/PageBuilder/src/PageBuilder.h:230:10: error: &#39;shared_ptr&#39; in namespace &#39;std&#39; does not name a template type
     std::shared_ptr&lt;File&gt; _file;      /**&lt; File for file: mold */
          ^~~~~~~~~~
/home/ec2-user/arduino-testlib/cli-datadir/user/libraries/PageBuilder/src/PageBuilder.h:253:28: error: &#39;HTTPMethod&#39; was not declared in this scope
 typedef std::function&lt;bool(HTTPMethod, String)&gt; PrepareFuncT;
                            ^~~~~~~~~~
/home/ec2-user/arduino-testlib/cli-datadir/user/libraries/PageBuilder/src/PageBuilder.h:253:46: error: expression list treated as compound expression in functional cast [-fpermissive]
 typedef std::function&lt;bool(HTTPMethod, String)&gt; PrepareFuncT;
                                              ^
/home/ec2-user/arduino-testlib/cli-datadir/user/libraries/PageBuilder/src/PageBuilder.h:253:47: error: template argument 1 is invalid
 typedef std::function&lt;bool(HTTPMethod, String)&gt; PrepareFuncT;
                                               ^
/home/ec2-user/arduino-testlib/cli-datadir/user/libraries/PageBuilder/src/PageBuilder.h:286:55: error: &#39;RequestHandler&#39; was not declared in this scope
     std::is_lvalue_reference&lt;TypeOfArgument&lt;decltype(&amp;RequestHandler::canHandle)&gt;::arg&lt;1&gt;::type&gt;::value,
                                                       ^~~~~~~~~~~~~~
/home/ec2-user/arduino-testlib/cli-datadir/user/libraries/PageBuilder/src/PageBuilder.h:286:55: note: suggested alternative: &#39;Reset_Handler&#39;
     std::is_lvalue_reference&lt;TypeOfArgument&lt;decltype(&amp;RequestHandler::canHandle)&gt;::arg&lt;1&gt;::type&gt;::value,
                                                       ^~~~~~~~~~~~~~
                                                       Reset_Handler
/home/ec2-user/arduino-testlib/cli-datadir/user/libraries/PageBuilder/src/PageBuilder.h:286:55: error: &#39;RequestHandler&#39; was not declared in this scope
/home/ec2-user/arduino-testlib/cli-datadir/user/libraries/PageBuilder/src/PageBuilder.h:286:55: note: suggested alternative: &#39;Reset_Handler&#39;
     std::is_lvalue_reference&lt;TypeOfArgument&lt;decltype(&amp;RequestHandler::canHandle)&gt;::arg&lt;1&gt;::type&gt;::value,
                                                       ^~~~~~~~~~~~~~
                                                       Reset_Handler
/home/ec2-user/arduino-testlib/cli-datadir/user/libraries/PageBuilder/src/PageBuilder.h:286:55: error: &#39;RequestHandler&#39; was not declared in this scope
/home/ec2-user/arduino-testlib/cli-datadir/user/libraries/PageBuilder/src/PageBuilder.h:286:55: note: suggested alternative: &#39;Reset_Handler&#39;
     std::is_lvalue_reference&lt;TypeOfArgument&lt;decltype(&amp;RequestHandler::canHandle)&gt;::arg&lt;1&gt;::type&gt;::value,
                                                       ^~~~~~~~~~~~~~
                                                       Reset_Handler
/home/ec2-user/arduino-testlib/cli-datadir/user/libraries/PageBuilder/src/PageBuilder.h:286:55: error: &#39;RequestHandler&#39; was not declared in this scope
/home/ec2-user/arduino-testlib/cli-datadir/user/libraries/PageBuilder/src/PageBuilder.h:286:55: note: suggested alternative: &#39;Reset_Handler&#39;
     std::is_lvalue_reference&lt;TypeOfArgument&lt;decltype(&amp;RequestHandler::canHandle)&gt;::arg&lt;1&gt;::type&gt;::value,
                                                       ^~~~~~~~~~~~~~
                                                       Reset_Handler
/home/ec2-user/arduino-testlib/cli-datadir/user/libraries/PageBuilder/src/PageBuilder.h:286:55: error: &#39;RequestHandler&#39; was not declared in this scope
/home/ec2-user/arduino-testlib/cli-datadir/user/libraries/PageBuilder/src/PageBuilder.h:286:55: note: suggested alternative: &#39;Reset_Handler&#39;
     std::is_lvalue_reference&lt;TypeOfArgument&lt;decltype(&amp;RequestHandler::canHandle)&gt;::arg&lt;1&gt;::type&gt;::value,
                                                       ^~~~~~~~~~~~~~
                                                       Reset_Handler
/home/ec2-user/arduino-testlib/cli-datadir/user/libraries/PageBuilder/src/PageBuilder.h:286:81: error: template argument 1 is invalid
     std::is_lvalue_reference&lt;TypeOfArgument&lt;decltype(&amp;RequestHandler::canHandle)&gt;::arg&lt;1&gt;::type&gt;::value,
                                                                                 ^
/home/ec2-user/arduino-testlib/cli-datadir/user/libraries/PageBuilder/src/PageBuilder.h:286:89: error: template argument 1 is invalid
     std::is_lvalue_reference&lt;TypeOfArgument&lt;decltype(&amp;RequestHandler::canHandle)&gt;::arg&lt;1&gt;::type&gt;::value,
                                                                                         ^
/home/ec2-user/arduino-testlib/cli-datadir/user/libraries/PageBuilder/src/PageBuilder.h:286:96: error: wrong number of template arguments (1, should be 3)
     std::is_lvalue_reference&lt;TypeOfArgument&lt;decltype(&amp;RequestHandler::canHandle)&gt;::arg&lt;1&gt;::type&gt;::value,
                                                                                                ^
In file included from /home/ec2-user/arduino-testlib/cli-datadir/data/packages/arduino/tools/arm-none-eabi-gcc/7-2017q4/arm-none-eabi/include/c&#43;&#43;/7.2.1/bits/move.h:54:0,
                 from /home/ec2-user/arduino-testlib/cli-datadir/data/packages/arduino/tools/arm-none-eabi-gcc/7-2017q4/arm-none-eabi/include/c&#43;&#43;/7.2.1/bits/stl_pair.h:59,
                 from /home/ec2-user/arduino-testlib/cli-datadir/data/packages/arduino/tools/arm-none-eabi-gcc/7-2017q4/arm-none-eabi/include/c&#43;&#43;/7.2.1/utility:70,
                 from /home/ec2-user/arduino-testlib/cli-datadir/data/packages/arduino/tools/arm-none-eabi-gcc/7-2017q4/arm-none-eabi/include/c&#43;&#43;/7.2.1/tuple:38,
                 from /home/ec2-user/arduino-testlib/cli-datadir/user/libraries/PageBuilder/src/PageBuilder.h:13,
                 from /tmp/arduino-testlib3449128508/test/test.ino:1:
/home/ec2-user/arduino-testlib/cli-datadir/data/packages/arduino/tools/arm-none-eabi-gcc/7-2017q4/arm-none-eabi/include/c&#43;&#43;/7.2.1/type_traits:104:12: note: provided for &#39;template&lt;bool &lt;anonymous&gt;, class, class&gt; struct std::conditional&#39;
     struct conditional;
            ^~~~~~~~~~~
In file included from /tmp/arduino-testlib3449128508/test/test.ino:1:0:
/home/ec2-user/arduino-testlib/cli-datadir/user/libraries/PageBuilder/src/PageBuilder.h:297:43: error: expected class-name before &#39;{&#39; token
 class PageBuilder : public RequestHandler {
                                           ^
/home/ec2-user/arduino-testlib/cli-datadir/user/libraries/PageBuilder/src/PageBuilder.h:311:51: error: &#39;HTTPUpload&#39; does not name a type
   typedef std::function&lt;void(const String&amp;, const HTTPUpload&amp;)&gt; UploadFuncT;
                                                   ^~~~~~~~~~
/home/ec2-user/arduino-testlib/cli-datadir/user/libraries/PageBuilder/src/PageBuilder.h:314:48: error: &#39;HTTPMethod&#39; has not been declared
   explicit PageBuilder(PageElementVT elements, HTTPMethod method = HTTP_ANY, bool noCache = true, bool cancel = false, TransferEncoding_t chunked = Auto);
                                                ^~~~~~~~~~
/home/ec2-user/arduino-testlib/cli-datadir/user/libraries/PageBuilder/src/PageBuilder.h:315:56: error: &#39;HTTPMethod&#39; has not been declared
   PageBuilder(const char* uri, PageElementVT elements, HTTPMethod method = HTTP_ANY, bool noCache = true, bool cancel = false, TransferEncoding_t chunked = Auto);
                                                        ^~~~~~~~~~
/home/ec2-user/arduino-testlib/cli-datadir/user/libraries/PageBuilder/src/PageBuilder.h:318:20: error: &#39;WebServer&#39; has not been declared
   void  atNotFound(WebServer&amp; server);
                    ^~~~~~~~~
/home/ec2-user/arduino-testlib/cli-datadir/user/libraries/PageBuilder/src/PageBuilder.h:319:74: error: &#39;HTTPAuthMethod&#39; does not name a type
   void  authentication(const char* username, const char* password, const HTTPAuthMethod scheme = HTTPAuthMethod::BASIC_AUTH, const char* realm = NULL, const String&amp; authFail = String(&#34;&#34;));
                                                                          ^~~~~~~~~~~~~~
/home/ec2-user/arduino-testlib/cli-datadir/user/libraries/PageBuilder/src/PageBuilder.h:323:27: error: &#39;HTTPMethod&#39; has not been declared
   virtual bool  canHandle(HTTPMethod requestMethod, PageBuilderUtil::URI_TYPE_SIGNATURE requestUri) override;
                           ^~~~~~~~~~
/home/ec2-user/arduino-testlib/cli-datadir/user/libraries/PageBuilder/src/PageBuilder.h:323:70: error: &#39;PageBuilderUtil::URI_TYPE_SIGNATURE&#39; has not been declared
   virtual bool  canHandle(HTTPMethod requestMethod, PageBuilderUtil::URI_TYPE_SIGNATURE requestUri) override;
                                                                      ^~~~~~~~~~~~~~~~~~
/home/ec2-user/arduino-testlib/cli-datadir/user/libraries/PageBuilder/src/PageBuilder.h:324:44: error: &#39;PageBuilderUtil::URI_TYPE_SIGNATURE&#39; has not been declared
   virtual bool  canUpload(PageBuilderUtil::URI_TYPE_SIGNATURE uri) override;
                                            ^~~~~~~~~~~~~~~~~~
/home/ec2-user/arduino-testlib/cli-datadir/user/libraries/PageBuilder/src/PageBuilder.h:327:16: error: &#39;WebServer&#39; has not been declared
   bool  handle(WebServer&amp; server, HTTPMethod requestMethod, PageBuilderUtil::URI_TYPE_SIGNATURE requestUri) override;
                ^~~~~~~~~
/home/ec2-user/arduino-testlib/cli-datadir/user/libraries/PageBuilder/src/PageBuilder.h:327:35: error: &#39;HTTPMethod&#39; has not been declared
   bool  handle(WebServer&amp; server, HTTPMethod requestMethod, PageBuilderUtil::URI_TYPE_SIGNATURE requestUri) override;
                                   ^~~~~~~~~~
/home/ec2-user/arduino-testlib/cli-datadir/user/libraries/PageBuilder/src/PageBuilder.h:327:78: error: &#39;PageBuilderUtil::URI_TYPE_SIGNATURE&#39; has not been declared
   bool  handle(WebServer&amp; server, HTTPMethod requestMethod, PageBuilderUtil::URI_T</pre>

					
					<h4>examples/DynamicPage</h4>
					<p>
						Result: <b>FAIL</b>
					</p>
					<pre class="pre-scrollable">WARNING: library PageBuilder claims to run on esp8266, esp32 architecture(s) and may be incompatible with your current board which runs on samd architecture(s).
In file included from /home/ec2-user/arduino-testlib/cli-datadir/user/libraries/PageBuilder/examples/DynamicPage/DynamicPage.ino:16:0:
/home/ec2-user/arduino-testlib/cli-datadir/user/libraries/PageBuilder/src/PageBuilder.h:230:10: error: &#39;shared_ptr&#39; in namespace &#39;std&#39; does not name a template type
     std::shared_ptr&lt;File&gt; _file;      /**&lt; File for file: mold */
          ^~~~~~~~~~
/home/ec2-user/arduino-testlib/cli-datadir/user/libraries/PageBuilder/src/PageBuilder.h:253:28: error: &#39;HTTPMethod&#39; was not declared in this scope
 typedef std::function&lt;bool(HTTPMethod, String)&gt; PrepareFuncT;
                            ^~~~~~~~~~
/home/ec2-user/arduino-testlib/cli-datadir/user/libraries/PageBuilder/src/PageBuilder.h:253:46: error: expression list treated as compound expression in functional cast [-fpermissive]
 typedef std::function&lt;bool(HTTPMethod, String)&gt; PrepareFuncT;
                                              ^
/home/ec2-user/arduino-testlib/cli-datadir/user/libraries/PageBuilder/src/PageBuilder.h:253:47: error: template argument 1 is invalid
 typedef std::function&lt;bool(HTTPMethod, String)&gt; PrepareFuncT;
                                               ^
/home/ec2-user/arduino-testlib/cli-datadir/user/libraries/PageBuilder/src/PageBuilder.h:286:55: error: &#39;RequestHandler&#39; was not declared in this scope
     std::is_lvalue_reference&lt;TypeOfArgument&lt;decltype(&amp;RequestHandler::canHandle)&gt;::arg&lt;1&gt;::type&gt;::value,
                                                       ^~~~~~~~~~~~~~
/home/ec2-user/arduino-testlib/cli-datadir/user/libraries/PageBuilder/src/PageBuilder.h:286:55: note: suggested alternative: &#39;Reset_Handler&#39;
     std::is_lvalue_reference&lt;TypeOfArgument&lt;decltype(&amp;RequestHandler::canHandle)&gt;::arg&lt;1&gt;::type&gt;::value,
                                                       ^~~~~~~~~~~~~~
                                                       Reset_Handler
/home/ec2-user/arduino-testlib/cli-datadir/user/libraries/PageBuilder/src/PageBuilder.h:286:55: error: &#39;RequestHandler&#39; was not declared in this scope
/home/ec2-user/arduino-testlib/cli-datadir/user/libraries/PageBuilder/src/PageBuilder.h:286:55: note: suggested alternative: &#39;Reset_Handler&#39;
     std::is_lvalue_reference&lt;TypeOfArgument&lt;decltype(&amp;RequestHandler::canHandle)&gt;::arg&lt;1&gt;::type&gt;::value,
                                                       ^~~~~~~~~~~~~~
                                                       Reset_Handler
/home/ec2-user/arduino-testlib/cli-datadir/user/libraries/PageBuilder/src/PageBuilder.h:286:55: error: &#39;RequestHandler&#39; was not declared in this scope
/home/ec2-user/arduino-testlib/cli-datadir/user/libraries/PageBuilder/src/PageBuilder.h:286:55: note: suggested alternative: &#39;Reset_Handler&#39;
     std::is_lvalue_reference&lt;TypeOfArgument&lt;decltype(&amp;RequestHandler::canHandle)&gt;::arg&lt;1&gt;::type&gt;::value,
                                                       ^~~~~~~~~~~~~~
                                                       Reset_Handler
/home/ec2-user/arduino-testlib/cli-datadir/user/libraries/PageBuilder/src/PageBuilder.h:286:55: error: &#39;RequestHandler&#39; was not declared in this scope
/home/ec2-user/arduino-testlib/cli-datadir/user/libraries/PageBuilder/src/PageBuilder.h:286:55: note: suggested alternative: &#39;Reset_Handler&#39;
     std::is_lvalue_reference&lt;TypeOfArgument&lt;decltype(&amp;RequestHandler::canHandle)&gt;::arg&lt;1&gt;::type&gt;::value,
                                                       ^~~~~~~~~~~~~~
                                                       Reset_Handler
/home/ec2-user/arduino-testlib/cli-datadir/user/libraries/PageBuilder/src/PageBuilder.h:286:55: error: &#39;RequestHandler&#39; was not declared in this scope
/home/ec2-user/arduino-testlib/cli-datadir/user/libraries/PageBuilder/src/PageBuilder.h:286:55: note: suggested alternative: &#39;Reset_Handler&#39;
     std::is_lvalue_reference&lt;TypeOfArgument&lt;decltype(&amp;RequestHandler::canHandle)&gt;::arg&lt;1&gt;::type&gt;::value,
                                                       ^~~~~~~~~~~~~~
                                                       Reset_Handler
/home/ec2-user/arduino-testlib/cli-datadir/user/libraries/PageBuilder/src/PageBuilder.h:286:81: error: template argument 1 is invalid
     std::is_lvalue_reference&lt;TypeOfArgument&lt;decltype(&amp;RequestHandler::canHandle)&gt;::arg&lt;1&gt;::type&gt;::value,
                                                                                 ^
/home/ec2-user/arduino-testlib/cli-datadir/user/libraries/PageBuilder/src/PageBuilder.h:286:89: error: template argument 1 is invalid
     std::is_lvalue_reference&lt;TypeOfArgument&lt;decltype(&amp;RequestHandler::canHandle)&gt;::arg&lt;1&gt;::type&gt;::value,
                                                                                         ^
/home/ec2-user/arduino-testlib/cli-datadir/user/libraries/PageBuilder/src/PageBuilder.h:286:96: error: wrong number of template arguments (1, should be 3)
     std::is_lvalue_reference&lt;TypeOfArgument&lt;decltype(&amp;RequestHandler::canHandle)&gt;::arg&lt;1&gt;::type&gt;::value,
                                                                                                ^
In file included from /home/ec2-user/arduino-testlib/cli-datadir/data/packages/arduino/tools/arm-none-eabi-gcc/7-2017q4/arm-none-eabi/include/c&#43;&#43;/7.2.1/bits/move.h:54:0,
                 from /home/ec2-user/arduino-testlib/cli-datadir/data/packages/arduino/tools/arm-none-eabi-gcc/7-2017q4/arm-none-eabi/include/c&#43;&#43;/7.2.1/bits/stl_pair.h:59,
                 from /home/ec2-user/arduino-testlib/cli-datadir/data/packages/arduino/tools/arm-none-eabi-gcc/7-2017q4/arm-none-eabi/include/c&#43;&#43;/7.2.1/utility:70,
                 from /home/ec2-user/arduino-testlib/cli-datadir/data/packages/arduino/tools/arm-none-eabi-gcc/7-2017q4/arm-none-eabi/include/c&#43;&#43;/7.2.1/tuple:38,
                 from /home/ec2-user/arduino-testlib/cli-datadir/user/libraries/PageBuilder/src/PageBuilder.h:13,
                 from /home/ec2-user/arduino-testlib/cli-datadir/user/libraries/PageBuilder/examples/DynamicPage/DynamicPage.ino:16:
/home/ec2-user/arduino-testlib/cli-datadir/data/packages/arduino/tools/arm-none-eabi-gcc/7-2017q4/arm-none-eabi/include/c&#43;&#43;/7.2.1/type_traits:104:12: note: provided for &#39;template&lt;bool &lt;anonymous&gt;, class, class&gt; struct std::conditional&#39;
     struct conditional;
            ^~~~~~~~~~~
In file included from /home/ec2-user/arduino-testlib/cli-datadir/user/libraries/PageBuilder/examples/DynamicPage/DynamicPage.ino:16:0:
/home/ec2-user/arduino-testlib/cli-datadir/user/libraries/PageBuilder/src/PageBuilder.h:297:43: error: expected class-name before &#39;{&#39; token
 class PageBuilder : public RequestHandler {
                                           ^
/home/ec2-user/arduino-testlib/cli-datadir/user/libraries/PageBuilder/src/PageBuilder.h:311:51: error: &#39;HTTPUpload&#39; does not name a type
   typedef std::function&lt;void(const String&amp;, const HTTPUpload&amp;)&gt; UploadFuncT;
                                                   ^~~~~~~~~~
/home/ec2-user/arduino-testlib/cli-datadir/user/libraries/PageBuilder/src/PageBuilder.h:314:48: error: &#39;HTTPMethod&#39; has not been declared
   explicit PageBuilder(PageElementVT elements, HTTPMethod method = HTTP_ANY, bool noCache = true, bool cancel = false, TransferEncoding_t chunked = Auto);
                                                ^~~~~~~~~~
/home/ec2-user/arduino-testlib/cli-datadir/user/libraries/PageBuilder/src/PageBuilder.h:315:56: error: &#39;HTTPMethod&#39; has not been declared
   PageBuilder(const char* uri, PageElementVT elements, HTTPMethod method = HTTP_ANY, bool noCache = true, bool cancel = false, TransferEncoding_t chunked = Auto);
                                                        ^~~~~~~~~~
/home/ec2-user/arduino-testlib/cli-datadir/user/libraries/PageBuilder/src/PageBuilder.h:318:20: error: &#39;WebServer&#39; has not been declared
   void  atNotFound(WebServer&amp; server);
                    ^~~~~~~~~
/home/ec2-user/arduino-testlib/cli-datadir/user/libraries/PageBuilder/src/PageBuilder.h:319:74: error: &#39;HTTPAuthMethod&#39; does not name a type
   void  authentication(const char* username, const char* password, const HTTPAuthMethod scheme = HTTPAuthMethod::BASIC_AUTH, const char* realm = NULL, const String&amp; authFail = String(&#34;&#34;));
                                                                          ^~~~~~~~~~~~~~
/home/ec2-user/arduino-testlib/cli-datadir/user/libraries/PageBuilder/src/PageBuilder.h:323:27: error: &#39;HTTPMethod&#39; has not been declared
   virtual bool  canHandle(HTTPMethod requestMethod, PageBuilderUtil::URI_TYPE_SIGNATURE requestUri) override;
                           ^~~~~~~~~~
/home/ec2-user/arduino-testlib/cli-datadir/user/libraries/PageBuilder/src/PageBuilder.h:323:70: error: &#39;PageBuilderUtil::URI_TYPE_SIGNATURE&#39; has not been declared
   virtual bool  canHandle(HTTPMethod requestMethod, PageBuilderUtil::URI_TYPE_SIGNATURE requestUri) override;
                                                                      ^~~~~~~~~~~~~~~~~~
/home/ec2-user/arduino-testlib/cli-datadir/user/libraries/PageBuilder/src/PageBuilder.h:324:44: error: &#39;PageBuilderUtil::URI_TYPE_SIGNATURE&#39; has not been declared
   virtual bool  canUpload(PageBuilderUtil::URI_TYPE_SIGNATURE uri) override;
                                            ^~~~~~~~~~~~~~~~~~
/home/ec2-user/arduino-testlib/cli-datadir/user/libraries/PageBuilder/src/PageBuilder.h:327:16: error: &#39;WebServer&#39; has not been declared
   bool  handle(WebServer&amp; server, HTTPMethod requestMethod, PageBuilderUtil::URI_TYPE_SIGNATURE requestUri) override;
                ^~~~~~~~~
/home/ec2-user/arduino-testlib/cli-datadir/user/libraries/PageBuilder/src/PageBuilder.h:327:35: error: &#39;HTTPMethod&#39; has not been declared
   bool  handle(WebServer&amp; server, HTTPMethod requestMethod, PageBuilderUtil::URI_TYPE_SIGNATURE requestUri) override;
                                   ^~~~~~~~~~
/home/ec2-user/arduino-testlib/cli-datadir/user/libraries</pre>
					
					<h4>examples/FSPage</h4>
					<p>
						Result: <b>FAIL</b>
					</p>
					<pre class="pre-scrollable">WARNING: library PageBuilder claims to run on esp8266, esp32 architecture(s) and may be incompatible with your current board which runs on samd architecture(s).
In file included from /home/ec2-user/arduino-testlib/cli-datadir/user/libraries/PageBuilder/examples/FSPage/FSPage.ino:48:0:
/home/ec2-user/arduino-testlib/cli-datadir/user/libraries/PageBuilder/src/PageBuilder.h:230:10: error: &#39;shared_ptr&#39; in namespace &#39;std&#39; does not name a template type
     std::shared_ptr&lt;File&gt; _file;      /**&lt; File for file: mold */
          ^~~~~~~~~~
/home/ec2-user/arduino-testlib/cli-datadir/user/libraries/PageBuilder/src/PageBuilder.h:253:28: error: &#39;HTTPMethod&#39; was not declared in this scope
 typedef std::function&lt;bool(HTTPMethod, String)&gt; PrepareFuncT;
                            ^~~~~~~~~~
/home/ec2-user/arduino-testlib/cli-datadir/user/libraries/PageBuilder/src/PageBuilder.h:253:46: error: expression list treated as compound expression in functional cast [-fpermissive]
 typedef std::function&lt;bool(HTTPMethod, String)&gt; PrepareFuncT;
                                              ^
/home/ec2-user/arduino-testlib/cli-datadir/user/libraries/PageBuilder/src/PageBuilder.h:253:47: error: template argument 1 is invalid
 typedef std::function&lt;bool(HTTPMethod, String)&gt; PrepareFuncT;
                                               ^
/home/ec2-user/arduino-testlib/cli-datadir/user/libraries/PageBuilder/src/PageBuilder.h:286:55: error: &#39;RequestHandler&#39; was not declared in this scope
     std::is_lvalue_reference&lt;TypeOfArgument&lt;decltype(&amp;RequestHandler::canHandle)&gt;::arg&lt;1&gt;::type&gt;::value,
                                                       ^~~~~~~~~~~~~~
/home/ec2-user/arduino-testlib/cli-datadir/user/libraries/PageBuilder/src/PageBuilder.h:286:55: note: suggested alternative: &#39;Reset_Handler&#39;
     std::is_lvalue_reference&lt;TypeOfArgument&lt;decltype(&amp;RequestHandler::canHandle)&gt;::arg&lt;1&gt;::type&gt;::value,
                                                       ^~~~~~~~~~~~~~
                                                       Reset_Handler
/home/ec2-user/arduino-testlib/cli-datadir/user/libraries/PageBuilder/src/PageBuilder.h:286:55: error: &#39;RequestHandler&#39; was not declared in this scope
/home/ec2-user/arduino-testlib/cli-datadir/user/libraries/PageBuilder/src/PageBuilder.h:286:55: note: suggested alternative: &#39;Reset_Handler&#39;
     std::is_lvalue_reference&lt;TypeOfArgument&lt;decltype(&amp;RequestHandler::canHandle)&gt;::arg&lt;1&gt;::type&gt;::value,
                                                       ^~~~~~~~~~~~~~
                                                       Reset_Handler
/home/ec2-user/arduino-testlib/cli-datadir/user/libraries/PageBuilder/src/PageBuilder.h:286:55: error: &#39;RequestHandler&#39; was not declared in this scope
/home/ec2-user/arduino-testlib/cli-datadir/user/libraries/PageBuilder/src/PageBuilder.h:286:55: note: suggested alternative: &#39;Reset_Handler&#39;
     std::is_lvalue_reference&lt;TypeOfArgument&lt;decltype(&amp;RequestHandler::canHandle)&gt;::arg&lt;1&gt;::type&gt;::value,
                                                       ^~~~~~~~~~~~~~
                                                       Reset_Handler
/home/ec2-user/arduino-testlib/cli-datadir/user/libraries/PageBuilder/src/PageBuilder.h:286:55: error: &#39;RequestHandler&#39; was not declared in this scope
/home/ec2-user/arduino-testlib/cli-datadir/user/libraries/PageBuilder/src/PageBuilder.h:286:55: note: suggested alternative: &#39;Reset_Handler&#39;
     std::is_lvalue_reference&lt;TypeOfArgument&lt;decltype(&amp;RequestHandler::canHandle)&gt;::arg&lt;1&gt;::type&gt;::value,
                                                       ^~~~~~~~~~~~~~
                                                       Reset_Handler
/home/ec2-user/arduino-testlib/cli-datadir/user/libraries/PageBuilder/src/PageBuilder.h:286:55: error: &#39;RequestHandler&#39; was not declared in this scope
/home/ec2-user/arduino-testlib/cli-datadir/user/libraries/PageBuilder/src/PageBuilder.h:286:55: note: suggested alternative: &#39;Reset_Handler&#39;
     std::is_lvalue_reference&lt;TypeOfArgument&lt;decltype(&amp;RequestHandler::canHandle)&gt;::arg&lt;1&gt;::type&gt;::value,
                                                       ^~~~~~~~~~~~~~
                                                       Reset_Handler
/home/ec2-user/arduino-testlib/cli-datadir/user/libraries/PageBuilder/src/PageBuilder.h:286:81: error: template argument 1 is invalid
     std::is_lvalue_reference&lt;TypeOfArgument&lt;decltype(&amp;RequestHandler::canHandle)&gt;::arg&lt;1&gt;::type&gt;::value,
                                                                                 ^
/home/ec2-user/arduino-testlib/cli-datadir/user/libraries/PageBuilder/src/PageBuilder.h:286:89: error: template argument 1 is invalid
     std::is_lvalue_reference&lt;TypeOfArgument&lt;decltype(&amp;RequestHandler::canHandle)&gt;::arg&lt;1&gt;::type&gt;::value,
                                                                                         ^
/home/ec2-user/arduino-testlib/cli-datadir/user/libraries/PageBuilder/src/PageBuilder.h:286:96: error: wrong number of template arguments (1, should be 3)
     std::is_lvalue_reference&lt;TypeOfArgument&lt;decltype(&amp;RequestHandler::canHandle)&gt;::arg&lt;1&gt;::type&gt;::value,
                                                                                                ^
In file included from /home/ec2-user/arduino-testlib/cli-datadir/data/packages/arduino/tools/arm-none-eabi-gcc/7-2017q4/arm-none-eabi/include/c&#43;&#43;/7.2.1/bits/move.h:54:0,
                 from /home/ec2-user/arduino-testlib/cli-datadir/data/packages/arduino/tools/arm-none-eabi-gcc/7-2017q4/arm-none-eabi/include/c&#43;&#43;/7.2.1/bits/stl_pair.h:59,
                 from /home/ec2-user/arduino-testlib/cli-datadir/data/packages/arduino/tools/arm-none-eabi-gcc/7-2017q4/arm-none-eabi/include/c&#43;&#43;/7.2.1/utility:70,
                 from /home/ec2-user/arduino-testlib/cli-datadir/data/packages/arduino/tools/arm-none-eabi-gcc/7-2017q4/arm-none-eabi/include/c&#43;&#43;/7.2.1/tuple:38,
                 from /home/ec2-user/arduino-testlib/cli-datadir/user/libraries/PageBuilder/src/PageBuilder.h:13,
                 from /home/ec2-user/arduino-testlib/cli-datadir/user/libraries/PageBuilder/examples/FSPage/FSPage.ino:48:
/home/ec2-user/arduino-testlib/cli-datadir/data/packages/arduino/tools/arm-none-eabi-gcc/7-2017q4/arm-none-eabi/include/c&#43;&#43;/7.2.1/type_traits:104:12: note: provided for &#39;template&lt;bool &lt;anonymous&gt;, class, class&gt; struct std::conditional&#39;
     struct conditional;
            ^~~~~~~~~~~
In file included from /home/ec2-user/arduino-testlib/cli-datadir/user/libraries/PageBuilder/examples/FSPage/FSPage.ino:48:0:
/home/ec2-user/arduino-testlib/cli-datadir/user/libraries/PageBuilder/src/PageBuilder.h:297:43: error: expected class-name before &#39;{&#39; token
 class PageBuilder : public RequestHandler {
                                           ^
/home/ec2-user/arduino-testlib/cli-datadir/user/libraries/PageBuilder/src/PageBuilder.h:311:51: error: &#39;HTTPUpload&#39; does not name a type
   typedef std::function&lt;void(const String&amp;, const HTTPUpload&amp;)&gt; UploadFuncT;
                                                   ^~~~~~~~~~
/home/ec2-user/arduino-testlib/cli-datadir/user/libraries/PageBuilder/src/PageBuilder.h:314:48: error: &#39;HTTPMethod&#39; has not been declared
   explicit PageBuilder(PageElementVT elements, HTTPMethod method = HTTP_ANY, bool noCache = true, bool cancel = false, TransferEncoding_t chunked = Auto);
                                                ^~~~~~~~~~
/home/ec2-user/arduino-testlib/cli-datadir/user/libraries/PageBuilder/src/PageBuilder.h:315:56: error: &#39;HTTPMethod&#39; has not been declared
   PageBuilder(const char* uri, PageElementVT elements, HTTPMethod method = HTTP_ANY, bool noCache = true, bool cancel = false, TransferEncoding_t chunked = Auto);
                                                        ^~~~~~~~~~
/home/ec2-user/arduino-testlib/cli-datadir/user/libraries/PageBuilder/src/PageBuilder.h:318:20: error: &#39;WebServer&#39; has not been declared
   void  atNotFound(WebServer&amp; server);
                    ^~~~~~~~~
/home/ec2-user/arduino-testlib/cli-datadir/user/libraries/PageBuilder/src/PageBuilder.h:319:74: error: &#39;HTTPAuthMethod&#39; does not name a type
   void  authentication(const char* username, const char* password, const HTTPAuthMethod scheme = HTTPAuthMethod::BASIC_AUTH, const char* realm = NULL, const String&amp; authFail = String(&#34;&#34;));
                                                                          ^~~~~~~~~~~~~~
/home/ec2-user/arduino-testlib/cli-datadir/user/libraries/PageBuilder/src/PageBuilder.h:323:27: error: &#39;HTTPMethod&#39; has not been declared
   virtual bool  canHandle(HTTPMethod requestMethod, PageBuilderUtil::URI_TYPE_SIGNATURE requestUri) override;
                           ^~~~~~~~~~
/home/ec2-user/arduino-testlib/cli-datadir/user/libraries/PageBuilder/src/PageBuilder.h:323:70: error: &#39;PageBuilderUtil::URI_TYPE_SIGNATURE&#39; has not been declared
   virtual bool  canHandle(HTTPMethod requestMethod, PageBuilderUtil::URI_TYPE_SIGNATURE requestUri) override;
                                                                      ^~~~~~~~~~~~~~~~~~
/home/ec2-user/arduino-testlib/cli-datadir/user/libraries/PageBuilder/src/PageBuilder.h:324:44: error: &#39;PageBuilderUtil::URI_TYPE_SIGNATURE&#39; has not been declared
   virtual bool  canUpload(PageBuilderUtil::URI_TYPE_SIGNATURE uri) override;
                                            ^~~~~~~~~~~~~~~~~~
/home/ec2-user/arduino-testlib/cli-datadir/user/libraries/PageBuilder/src/PageBuilder.h:327:16: error: &#39;WebServer&#39; has not been declared
   bool  handle(WebServer&amp; server, HTTPMethod requestMethod, PageBuilderUtil::URI_TYPE_SIGNATURE requestUri) override;
                ^~~~~~~~~
/home/ec2-user/arduino-testlib/cli-datadir/user/libraries/PageBuilder/src/PageBuilder.h:327:35: error: &#39;HTTPMethod&#39; has not been declared
   bool  handle(WebServer&amp; server, HTTPMethod requestMethod, PageBuilderUtil::URI_TYPE_SIGNATURE requestUri) override;
                                   ^~~~~~~~~~
/home/ec2-user/arduino-testlib/cli-datadir/user/libraries/PageBuilder/src/PageBuilder.h</pre>
					
					<h4>examples/SendNakedHttp</h4>
					<p>
						Result: <b>FAIL</b>
					</p>
					<pre class="pre-scrollable">WARNING: library PageBuilder claims to run on esp8266, esp32 architecture(s) and may be incompatible with your current board which runs on samd architecture(s).
In file included from /home/ec2-user/arduino-testlib/cli-datadir/user/libraries/PageBuilder/examples/SendNakedHttp/SendNakedHttp.ino:26:0:
/home/ec2-user/arduino-testlib/cli-datadir/user/libraries/PageBuilder/src/PageBuilder.h:230:10: error: &#39;shared_ptr&#39; in namespace &#39;std&#39; does not name a template type
     std::shared_ptr&lt;File&gt; _file;      /**&lt; File for file: mold */
          ^~~~~~~~~~
/home/ec2-user/arduino-testlib/cli-datadir/user/libraries/PageBuilder/src/PageBuilder.h:253:28: error: &#39;HTTPMethod&#39; was not declared in this scope
 typedef std::function&lt;bool(HTTPMethod, String)&gt; PrepareFuncT;
                            ^~~~~~~~~~
/home/ec2-user/arduino-testlib/cli-datadir/user/libraries/PageBuilder/src/PageBuilder.h:253:46: error: expression list treated as compound expression in functional cast [-fpermissive]
 typedef std::function&lt;bool(HTTPMethod, String)&gt; PrepareFuncT;
                                              ^
/home/ec2-user/arduino-testlib/cli-datadir/user/libraries/PageBuilder/src/PageBuilder.h:253:47: error: template argument 1 is invalid
 typedef std::function&lt;bool(HTTPMethod, String)&gt; PrepareFuncT;
                                               ^
/home/ec2-user/arduino-testlib/cli-datadir/user/libraries/PageBuilder/src/PageBuilder.h:286:55: error: &#39;RequestHandler&#39; was not declared in this scope
     std::is_lvalue_reference&lt;TypeOfArgument&lt;decltype(&amp;RequestHandler::canHandle)&gt;::arg&lt;1&gt;::type&gt;::value,
                                                       ^~~~~~~~~~~~~~
/home/ec2-user/arduino-testlib/cli-datadir/user/libraries/PageBuilder/src/PageBuilder.h:286:55: note: suggested alternative: &#39;Reset_Handler&#39;
     std::is_lvalue_reference&lt;TypeOfArgument&lt;decltype(&amp;RequestHandler::canHandle)&gt;::arg&lt;1&gt;::type&gt;::value,
                                                       ^~~~~~~~~~~~~~
                                                       Reset_Handler
/home/ec2-user/arduino-testlib/cli-datadir/user/libraries/PageBuilder/src/PageBuilder.h:286:55: error: &#39;RequestHandler&#39; was not declared in this scope
/home/ec2-user/arduino-testlib/cli-datadir/user/libraries/PageBuilder/src/PageBuilder.h:286:55: note: suggested alternative: &#39;Reset_Handler&#39;
     std::is_lvalue_reference&lt;TypeOfArgument&lt;decltype(&amp;RequestHandler::canHandle)&gt;::arg&lt;1&gt;::type&gt;::value,
                                                       ^~~~~~~~~~~~~~
                                                       Reset_Handler
/home/ec2-user/arduino-testlib/cli-datadir/user/libraries/PageBuilder/src/PageBuilder.h:286:55: error: &#39;RequestHandler&#39; was not declared in this scope
/home/ec2-user/arduino-testlib/cli-datadir/user/libraries/PageBuilder/src/PageBuilder.h:286:55: note: suggested alternative: &#39;Reset_Handler&#39;
     std::is_lvalue_reference&lt;TypeOfArgument&lt;decltype(&amp;RequestHandler::canHandle)&gt;::arg&lt;1&gt;::type&gt;::value,
                                                       ^~~~~~~~~~~~~~
                                                       Reset_Handler
/home/ec2-user/arduino-testlib/cli-datadir/user/libraries/PageBuilder/src/PageBuilder.h:286:55: error: &#39;RequestHandler&#39; was not declared in this scope
/home/ec2-user/arduino-testlib/cli-datadir/user/libraries/PageBuilder/src/PageBuilder.h:286:55: note: suggested alternative: &#39;Reset_Handler&#39;
     std::is_lvalue_reference&lt;TypeOfArgument&lt;decltype(&amp;RequestHandler::canHandle)&gt;::arg&lt;1&gt;::type&gt;::value,
                                                       ^~~~~~~~~~~~~~
                                                       Reset_Handler
/home/ec2-user/arduino-testlib/cli-datadir/user/libraries/PageBuilder/src/PageBuilder.h:286:55: error: &#39;RequestHandler&#39; was not declared in this scope
/home/ec2-user/arduino-testlib/cli-datadir/user/libraries/PageBuilder/src/PageBuilder.h:286:55: note: suggested alternative: &#39;Reset_Handler&#39;
     std::is_lvalue_reference&lt;TypeOfArgument&lt;decltype(&amp;RequestHandler::canHandle)&gt;::arg&lt;1&gt;::type&gt;::value,
                                                       ^~~~~~~~~~~~~~
                                                       Reset_Handler
/home/ec2-user/arduino-testlib/cli-datadir/user/libraries/PageBuilder/src/PageBuilder.h:286:81: error: template argument 1 is invalid
     std::is_lvalue_reference&lt;TypeOfArgument&lt;decltype(&amp;RequestHandler::canHandle)&gt;::arg&lt;1&gt;::type&gt;::value,
                                                                                 ^
/home/ec2-user/arduino-testlib/cli-datadir/user/libraries/PageBuilder/src/PageBuilder.h:286:89: error: template argument 1 is invalid
     std::is_lvalue_reference&lt;TypeOfArgument&lt;decltype(&amp;RequestHandler::canHandle)&gt;::arg&lt;1&gt;::type&gt;::value,
                                                                                         ^
/home/ec2-user/arduino-testlib/cli-datadir/user/libraries/PageBuilder/src/PageBuilder.h:286:96: error: wrong number of template arguments (1, should be 3)
     std::is_lvalue_reference&lt;TypeOfArgument&lt;decltype(&amp;RequestHandler::canHandle)&gt;::arg&lt;1&gt;::type&gt;::value,
                                                                                                ^
In file included from /home/ec2-user/arduino-testlib/cli-datadir/data/packages/arduino/tools/arm-none-eabi-gcc/7-2017q4/arm-none-eabi/include/c&#43;&#43;/7.2.1/bits/move.h:54:0,
                 from /home/ec2-user/arduino-testlib/cli-datadir/data/packages/arduino/tools/arm-none-eabi-gcc/7-2017q4/arm-none-eabi/include/c&#43;&#43;/7.2.1/bits/stl_pair.h:59,
                 from /home/ec2-user/arduino-testlib/cli-datadir/data/packages/arduino/tools/arm-none-eabi-gcc/7-2017q4/arm-none-eabi/include/c&#43;&#43;/7.2.1/utility:70,
                 from /home/ec2-user/arduino-testlib/cli-datadir/data/packages/arduino/tools/arm-none-eabi-gcc/7-2017q4/arm-none-eabi/include/c&#43;&#43;/7.2.1/tuple:38,
                 from /home/ec2-user/arduino-testlib/cli-datadir/user/libraries/PageBuilder/src/PageBuilder.h:13,
                 from /home/ec2-user/arduino-testlib/cli-datadir/user/libraries/PageBuilder/examples/SendNakedHttp/SendNakedHttp.ino:26:
/home/ec2-user/arduino-testlib/cli-datadir/data/packages/arduino/tools/arm-none-eabi-gcc/7-2017q4/arm-none-eabi/include/c&#43;&#43;/7.2.1/type_traits:104:12: note: provided for &#39;template&lt;bool &lt;anonymous&gt;, class, class&gt; struct std::conditional&#39;
     struct conditional;
            ^~~~~~~~~~~
In file included from /home/ec2-user/arduino-testlib/cli-datadir/user/libraries/PageBuilder/examples/SendNakedHttp/SendNakedHttp.ino:26:0:
/home/ec2-user/arduino-testlib/cli-datadir/user/libraries/PageBuilder/src/PageBuilder.h:297:43: error: expected class-name before &#39;{&#39; token
 class PageBuilder : public RequestHandler {
                                           ^
/home/ec2-user/arduino-testlib/cli-datadir/user/libraries/PageBuilder/src/PageBuilder.h:311:51: error: &#39;HTTPUpload&#39; does not name a type
   typedef std::function&lt;void(const String&amp;, const HTTPUpload&amp;)&gt; UploadFuncT;
                                                   ^~~~~~~~~~
/home/ec2-user/arduino-testlib/cli-datadir/user/libraries/PageBuilder/src/PageBuilder.h:314:48: error: &#39;HTTPMethod&#39; has not been declared
   explicit PageBuilder(PageElementVT elements, HTTPMethod method = HTTP_ANY, bool noCache = true, bool cancel = false, TransferEncoding_t chunked = Auto);
                                                ^~~~~~~~~~
/home/ec2-user/arduino-testlib/cli-datadir/user/libraries/PageBuilder/src/PageBuilder.h:315:56: error: &#39;HTTPMethod&#39; has not been declared
   PageBuilder(const char* uri, PageElementVT elements, HTTPMethod method = HTTP_ANY, bool noCache = true, bool cancel = false, TransferEncoding_t chunked = Auto);
                                                        ^~~~~~~~~~
/home/ec2-user/arduino-testlib/cli-datadir/user/libraries/PageBuilder/src/PageBuilder.h:318:20: error: &#39;WebServer&#39; has not been declared
   void  atNotFound(WebServer&amp; server);
                    ^~~~~~~~~
/home/ec2-user/arduino-testlib/cli-datadir/user/libraries/PageBuilder/src/PageBuilder.h:319:74: error: &#39;HTTPAuthMethod&#39; does not name a type
   void  authentication(const char* username, const char* password, const HTTPAuthMethod scheme = HTTPAuthMethod::BASIC_AUTH, const char* realm = NULL, const String&amp; authFail = String(&#34;&#34;));
                                                                          ^~~~~~~~~~~~~~
/home/ec2-user/arduino-testlib/cli-datadir/user/libraries/PageBuilder/src/PageBuilder.h:323:27: error: &#39;HTTPMethod&#39; has not been declared
   virtual bool  canHandle(HTTPMethod requestMethod, PageBuilderUtil::URI_TYPE_SIGNATURE requestUri) override;
                           ^~~~~~~~~~
/home/ec2-user/arduino-testlib/cli-datadir/user/libraries/PageBuilder/src/PageBuilder.h:323:70: error: &#39;PageBuilderUtil::URI_TYPE_SIGNATURE&#39; has not been declared
   virtual bool  canHandle(HTTPMethod requestMethod, PageBuilderUtil::URI_TYPE_SIGNATURE requestUri) override;
                                                                      ^~~~~~~~~~~~~~~~~~
/home/ec2-user/arduino-testlib/cli-datadir/user/libraries/PageBuilder/src/PageBuilder.h:324:44: error: &#39;PageBuilderUtil::URI_TYPE_SIGNATURE&#39; has not been declared
   virtual bool  canUpload(PageBuilderUtil::URI_TYPE_SIGNATURE uri) override;
                                            ^~~~~~~~~~~~~~~~~~
/home/ec2-user/arduino-testlib/cli-datadir/user/libraries/PageBuilder/src/PageBuilder.h:327:16: error: &#39;WebServer&#39; has not been declared
   bool  handle(WebServer&amp; server, HTTPMethod requestMethod, PageBuilderUtil::URI_TYPE_SIGNATURE requestUri) override;
                ^~~~~~~~~
/home/ec2-user/arduino-testlib/cli-datadir/user/libraries/PageBuilder/src/PageBuilder.h:327:35: error: &#39;HTTPMethod&#39; has not been declared
   bool  handle(WebServer&amp; server, HTTPMethod requestMethod, PageBuilderUtil::URI_TYPE_SIGNATURE requestUri) override;
                                   ^~~~~~~~~~
/home/ec2-user/arduino-testlib/cli-datadir/us</pre>
					
					<h4>examples/WebLED</h4>
					<p>
						Result: <b>FAIL</b>
					</p>
					<pre class="pre-scrollable">WARNING: library PageBuilder claims to run on esp8266, esp32 architecture(s) and may be incompatible with your current board which runs on samd architecture(s).
In file included from /home/ec2-user/arduino-testlib/cli-datadir/user/libraries/PageBuilder/examples/WebLED/WebLED.ino:19:0:
/home/ec2-user/arduino-testlib/cli-datadir/user/libraries/PageBuilder/src/PageBuilder.h:230:10: error: &#39;shared_ptr&#39; in namespace &#39;std&#39; does not name a template type
     std::shared_ptr&lt;File&gt; _file;      /**&lt; File for file: mold */
          ^~~~~~~~~~
/home/ec2-user/arduino-testlib/cli-datadir/user/libraries/PageBuilder/src/PageBuilder.h:253:28: error: &#39;HTTPMethod&#39; was not declared in this scope
 typedef std::function&lt;bool(HTTPMethod, String)&gt; PrepareFuncT;
                            ^~~~~~~~~~
/home/ec2-user/arduino-testlib/cli-datadir/user/libraries/PageBuilder/src/PageBuilder.h:253:46: error: expression list treated as compound expression in functional cast [-fpermissive]
 typedef std::function&lt;bool(HTTPMethod, String)&gt; PrepareFuncT;
                                              ^
/home/ec2-user/arduino-testlib/cli-datadir/user/libraries/PageBuilder/src/PageBuilder.h:253:47: error: template argument 1 is invalid
 typedef std::function&lt;bool(HTTPMethod, String)&gt; PrepareFuncT;
                                               ^
/home/ec2-user/arduino-testlib/cli-datadir/user/libraries/PageBuilder/src/PageBuilder.h:286:55: error: &#39;RequestHandler&#39; was not declared in this scope
     std::is_lvalue_reference&lt;TypeOfArgument&lt;decltype(&amp;RequestHandler::canHandle)&gt;::arg&lt;1&gt;::type&gt;::value,
                                                       ^~~~~~~~~~~~~~
/home/ec2-user/arduino-testlib/cli-datadir/user/libraries/PageBuilder/src/PageBuilder.h:286:55: note: suggested alternative: &#39;Reset_Handler&#39;
     std::is_lvalue_reference&lt;TypeOfArgument&lt;decltype(&amp;RequestHandler::canHandle)&gt;::arg&lt;1&gt;::type&gt;::value,
                                                       ^~~~~~~~~~~~~~
                                                       Reset_Handler
/home/ec2-user/arduino-testlib/cli-datadir/user/libraries/PageBuilder/src/PageBuilder.h:286:55: error: &#39;RequestHandler&#39; was not declared in this scope
/home/ec2-user/arduino-testlib/cli-datadir/user/libraries/PageBuilder/src/PageBuilder.h:286:55: note: suggested alternative: &#39;Reset_Handler&#39;
     std::is_lvalue_reference&lt;TypeOfArgument&lt;decltype(&amp;RequestHandler::canHandle)&gt;::arg&lt;1&gt;::type&gt;::value,
                                                       ^~~~~~~~~~~~~~
                                                       Reset_Handler
/home/ec2-user/arduino-testlib/cli-datadir/user/libraries/PageBuilder/src/PageBuilder.h:286:55: error: &#39;RequestHandler&#39; was not declared in this scope
/home/ec2-user/arduino-testlib/cli-datadir/user/libraries/PageBuilder/src/PageBuilder.h:286:55: note: suggested alternative: &#39;Reset_Handler&#39;
     std::is_lvalue_reference&lt;TypeOfArgument&lt;decltype(&amp;RequestHandler::canHandle)&gt;::arg&lt;1&gt;::type&gt;::value,
                                                       ^~~~~~~~~~~~~~
                                                       Reset_Handler
/home/ec2-user/arduino-testlib/cli-datadir/user/libraries/PageBuilder/src/PageBuilder.h:286:55: error: &#39;RequestHandler&#39; was not declared in this scope
/home/ec2-user/arduino-testlib/cli-datadir/user/libraries/PageBuilder/src/PageBuilder.h:286:55: note: suggested alternative: &#39;Reset_Handler&#39;
     std::is_lvalue_reference&lt;TypeOfArgument&lt;decltype(&amp;RequestHandler::canHandle)&gt;::arg&lt;1&gt;::type&gt;::value,
                                                       ^~~~~~~~~~~~~~
                                                       Reset_Handler
/home/ec2-user/arduino-testlib/cli-datadir/user/libraries/PageBuilder/src/PageBuilder.h:286:55: error: &#39;RequestHandler&#39; was not declared in this scope
/home/ec2-user/arduino-testlib/cli-datadir/user/libraries/PageBuilder/src/PageBuilder.h:286:55: note: suggested alternative: &#39;Reset_Handler&#39;
     std::is_lvalue_reference&lt;TypeOfArgument&lt;decltype(&amp;RequestHandler::canHandle)&gt;::arg&lt;1&gt;::type&gt;::value,
                                                       ^~~~~~~~~~~~~~
                                                       Reset_Handler
/home/ec2-user/arduino-testlib/cli-datadir/user/libraries/PageBuilder/src/PageBuilder.h:286:81: error: template argument 1 is invalid
     std::is_lvalue_reference&lt;TypeOfArgument&lt;decltype(&amp;RequestHandler::canHandle)&gt;::arg&lt;1&gt;::type&gt;::value,
                                                                                 ^
/home/ec2-user/arduino-testlib/cli-datadir/user/libraries/PageBuilder/src/PageBuilder.h:286:89: error: template argument 1 is invalid
     std::is_lvalue_reference&lt;TypeOfArgument&lt;decltype(&amp;RequestHandler::canHandle)&gt;::arg&lt;1&gt;::type&gt;::value,
                                                                                         ^
/home/ec2-user/arduino-testlib/cli-datadir/user/libraries/PageBuilder/src/PageBuilder.h:286:96: error: wrong number of template arguments (1, should be 3)
     std::is_lvalue_reference&lt;TypeOfArgument&lt;decltype(&amp;RequestHandler::canHandle)&gt;::arg&lt;1&gt;::type&gt;::value,
                                                                                                ^
In file included from /home/ec2-user/arduino-testlib/cli-datadir/data/packages/arduino/tools/arm-none-eabi-gcc/7-2017q4/arm-none-eabi/include/c&#43;&#43;/7.2.1/bits/move.h:54:0,
                 from /home/ec2-user/arduino-testlib/cli-datadir/data/packages/arduino/tools/arm-none-eabi-gcc/7-2017q4/arm-none-eabi/include/c&#43;&#43;/7.2.1/bits/stl_pair.h:59,
                 from /home/ec2-user/arduino-testlib/cli-datadir/data/packages/arduino/tools/arm-none-eabi-gcc/7-2017q4/arm-none-eabi/include/c&#43;&#43;/7.2.1/utility:70,
                 from /home/ec2-user/arduino-testlib/cli-datadir/data/packages/arduino/tools/arm-none-eabi-gcc/7-2017q4/arm-none-eabi/include/c&#43;&#43;/7.2.1/tuple:38,
                 from /home/ec2-user/arduino-testlib/cli-datadir/user/libraries/PageBuilder/src/PageBuilder.h:13,
                 from /home/ec2-user/arduino-testlib/cli-datadir/user/libraries/PageBuilder/examples/WebLED/WebLED.ino:19:
/home/ec2-user/arduino-testlib/cli-datadir/data/packages/arduino/tools/arm-none-eabi-gcc/7-2017q4/arm-none-eabi/include/c&#43;&#43;/7.2.1/type_traits:104:12: note: provided for &#39;template&lt;bool &lt;anonymous&gt;, class, class&gt; struct std::conditional&#39;
     struct conditional;
            ^~~~~~~~~~~
In file included from /home/ec2-user/arduino-testlib/cli-datadir/user/libraries/PageBuilder/examples/WebLED/WebLED.ino:19:0:
/home/ec2-user/arduino-testlib/cli-datadir/user/libraries/PageBuilder/src/PageBuilder.h:297:43: error: expected class-name before &#39;{&#39; token
 class PageBuilder : public RequestHandler {
                                           ^
/home/ec2-user/arduino-testlib/cli-datadir/user/libraries/PageBuilder/src/PageBuilder.h:311:51: error: &#39;HTTPUpload&#39; does not name a type
   typedef std::function&lt;void(const String&amp;, const HTTPUpload&amp;)&gt; UploadFuncT;
                                                   ^~~~~~~~~~
/home/ec2-user/arduino-testlib/cli-datadir/user/libraries/PageBuilder/src/PageBuilder.h:314:48: error: &#39;HTTPMethod&#39; has not been declared
   explicit PageBuilder(PageElementVT elements, HTTPMethod method = HTTP_ANY, bool noCache = true, bool cancel = false, TransferEncoding_t chunked = Auto);
                                                ^~~~~~~~~~
/home/ec2-user/arduino-testlib/cli-datadir/user/libraries/PageBuilder/src/PageBuilder.h:315:56: error: &#39;HTTPMethod&#39; has not been declared
   PageBuilder(const char* uri, PageElementVT elements, HTTPMethod method = HTTP_ANY, bool noCache = true, bool cancel = false, TransferEncoding_t chunked = Auto);
                                                        ^~~~~~~~~~
/home/ec2-user/arduino-testlib/cli-datadir/user/libraries/PageBuilder/src/PageBuilder.h:318:20: error: &#39;WebServer&#39; has not been declared
   void  atNotFound(WebServer&amp; server);
                    ^~~~~~~~~
/home/ec2-user/arduino-testlib/cli-datadir/user/libraries/PageBuilder/src/PageBuilder.h:319:74: error: &#39;HTTPAuthMethod&#39; does not name a type
   void  authentication(const char* username, const char* password, const HTTPAuthMethod scheme = HTTPAuthMethod::BASIC_AUTH, const char* realm = NULL, const String&amp; authFail = String(&#34;&#34;));
                                                                          ^~~~~~~~~~~~~~
/home/ec2-user/arduino-testlib/cli-datadir/user/libraries/PageBuilder/src/PageBuilder.h:323:27: error: &#39;HTTPMethod&#39; has not been declared
   virtual bool  canHandle(HTTPMethod requestMethod, PageBuilderUtil::URI_TYPE_SIGNATURE requestUri) override;
                           ^~~~~~~~~~
/home/ec2-user/arduino-testlib/cli-datadir/user/libraries/PageBuilder/src/PageBuilder.h:323:70: error: &#39;PageBuilderUtil::URI_TYPE_SIGNATURE&#39; has not been declared
   virtual bool  canHandle(HTTPMethod requestMethod, PageBuilderUtil::URI_TYPE_SIGNATURE requestUri) override;
                                                                      ^~~~~~~~~~~~~~~~~~
/home/ec2-user/arduino-testlib/cli-datadir/user/libraries/PageBuilder/src/PageBuilder.h:324:44: error: &#39;PageBuilderUtil::URI_TYPE_SIGNATURE&#39; has not been declared
   virtual bool  canUpload(PageBuilderUtil::URI_TYPE_SIGNATURE uri) override;
                                            ^~~~~~~~~~~~~~~~~~
/home/ec2-user/arduino-testlib/cli-datadir/user/libraries/PageBuilder/src/PageBuilder.h:327:16: error: &#39;WebServer&#39; has not been declared
   bool  handle(WebServer&amp; server, HTTPMethod requestMethod, PageBuilderUtil::URI_TYPE_SIGNATURE requestUri) override;
                ^~~~~~~~~
/home/ec2-user/arduino-testlib/cli-datadir/user/libraries/PageBuilder/src/PageBuilder.h:327:35: error: &#39;HTTPMethod&#39; has not been declared
   bool  handle(WebServer&amp; server, HTTPMethod requestMethod, PageBuilderUtil::URI_TYPE_SIGNATURE requestUri) override;
                                   ^~~~~~~~~~
/home/ec2-user/arduino-testlib/cli-datadir/user/libraries/PageBuilder/src/PageBuilder.h</pre>
					
					<h4>examples/WebPageHello</h4>
					<p>
						Result: <b>FAIL</b>
					</p>
					<pre class="pre-scrollable">WARNING: library PageBuilder claims to run on esp8266, esp32 architecture(s) and may be incompatible with your current board which runs on samd architecture(s).
In file included from /home/ec2-user/arduino-testlib/cli-datadir/user/libraries/PageBuilder/examples/WebPageHello/WebPageHello.ino:16:0:
/home/ec2-user/arduino-testlib/cli-datadir/user/libraries/PageBuilder/src/PageBuilder.h:230:10: error: &#39;shared_ptr&#39; in namespace &#39;std&#39; does not name a template type
     std::shared_ptr&lt;File&gt; _file;      /**&lt; File for file: mold */
          ^~~~~~~~~~
/home/ec2-user/arduino-testlib/cli-datadir/user/libraries/PageBuilder/src/PageBuilder.h:253:28: error: &#39;HTTPMethod&#39; was not declared in this scope
 typedef std::function&lt;bool(HTTPMethod, String)&gt; PrepareFuncT;
                            ^~~~~~~~~~
/home/ec2-user/arduino-testlib/cli-datadir/user/libraries/PageBuilder/src/PageBuilder.h:253:46: error: expression list treated as compound expression in functional cast [-fpermissive]
 typedef std::function&lt;bool(HTTPMethod, String)&gt; PrepareFuncT;
                                              ^
/home/ec2-user/arduino-testlib/cli-datadir/user/libraries/PageBuilder/src/PageBuilder.h:253:47: error: template argument 1 is invalid
 typedef std::function&lt;bool(HTTPMethod, String)&gt; PrepareFuncT;
                                               ^
/home/ec2-user/arduino-testlib/cli-datadir/user/libraries/PageBuilder/src/PageBuilder.h:286:55: error: &#39;RequestHandler&#39; was not declared in this scope
     std::is_lvalue_reference&lt;TypeOfArgument&lt;decltype(&amp;RequestHandler::canHandle)&gt;::arg&lt;1&gt;::type&gt;::value,
                                                       ^~~~~~~~~~~~~~
/home/ec2-user/arduino-testlib/cli-datadir/user/libraries/PageBuilder/src/PageBuilder.h:286:55: note: suggested alternative: &#39;Reset_Handler&#39;
     std::is_lvalue_reference&lt;TypeOfArgument&lt;decltype(&amp;RequestHandler::canHandle)&gt;::arg&lt;1&gt;::type&gt;::value,
                                                       ^~~~~~~~~~~~~~
                                                       Reset_Handler
/home/ec2-user/arduino-testlib/cli-datadir/user/libraries/PageBuilder/src/PageBuilder.h:286:55: error: &#39;RequestHandler&#39; was not declared in this scope
/home/ec2-user/arduino-testlib/cli-datadir/user/libraries/PageBuilder/src/PageBuilder.h:286:55: note: suggested alternative: &#39;Reset_Handler&#39;
     std::is_lvalue_reference&lt;TypeOfArgument&lt;decltype(&amp;RequestHandler::canHandle)&gt;::arg&lt;1&gt;::type&gt;::value,
                                                       ^~~~~~~~~~~~~~
                                                       Reset_Handler
/home/ec2-user/arduino-testlib/cli-datadir/user/libraries/PageBuilder/src/PageBuilder.h:286:55: error: &#39;RequestHandler&#39; was not declared in this scope
/home/ec2-user/arduino-testlib/cli-datadir/user/libraries/PageBuilder/src/PageBuilder.h:286:55: note: suggested alternative: &#39;Reset_Handler&#39;
     std::is_lvalue_reference&lt;TypeOfArgument&lt;decltype(&amp;RequestHandler::canHandle)&gt;::arg&lt;1&gt;::type&gt;::value,
                                                       ^~~~~~~~~~~~~~
                                                       Reset_Handler
/home/ec2-user/arduino-testlib/cli-datadir/user/libraries/PageBuilder/src/PageBuilder.h:286:55: error: &#39;RequestHandler&#39; was not declared in this scope
/home/ec2-user/arduino-testlib/cli-datadir/user/libraries/PageBuilder/src/PageBuilder.h:286:55: note: suggested alternative: &#39;Reset_Handler&#39;
     std::is_lvalue_reference&lt;TypeOfArgument&lt;decltype(&amp;RequestHandler::canHandle)&gt;::arg&lt;1&gt;::type&gt;::value,
                                                       ^~~~~~~~~~~~~~
                                                       Reset_Handler
/home/ec2-user/arduino-testlib/cli-datadir/user/libraries/PageBuilder/src/PageBuilder.h:286:55: error: &#39;RequestHandler&#39; was not declared in this scope
/home/ec2-user/arduino-testlib/cli-datadir/user/libraries/PageBuilder/src/PageBuilder.h:286:55: note: suggested alternative: &#39;Reset_Handler&#39;
     std::is_lvalue_reference&lt;TypeOfArgument&lt;decltype(&amp;RequestHandler::canHandle)&gt;::arg&lt;1&gt;::type&gt;::value,
                                                       ^~~~~~~~~~~~~~
                                                       Reset_Handler
/home/ec2-user/arduino-testlib/cli-datadir/user/libraries/PageBuilder/src/PageBuilder.h:286:81: error: template argument 1 is invalid
     std::is_lvalue_reference&lt;TypeOfArgument&lt;decltype(&amp;RequestHandler::canHandle)&gt;::arg&lt;1&gt;::type&gt;::value,
                                                                                 ^
/home/ec2-user/arduino-testlib/cli-datadir/user/libraries/PageBuilder/src/PageBuilder.h:286:89: error: template argument 1 is invalid
     std::is_lvalue_reference&lt;TypeOfArgument&lt;decltype(&amp;RequestHandler::canHandle)&gt;::arg&lt;1&gt;::type&gt;::value,
                                                                                         ^
/home/ec2-user/arduino-testlib/cli-datadir/user/libraries/PageBuilder/src/PageBuilder.h:286:96: error: wrong number of template arguments (1, should be 3)
     std::is_lvalue_reference&lt;TypeOfArgument&lt;decltype(&amp;RequestHandler::canHandle)&gt;::arg&lt;1&gt;::type&gt;::value,
                                                                                                ^
In file included from /home/ec2-user/arduino-testlib/cli-datadir/data/packages/arduino/tools/arm-none-eabi-gcc/7-2017q4/arm-none-eabi/include/c&#43;&#43;/7.2.1/bits/move.h:54:0,
                 from /home/ec2-user/arduino-testlib/cli-datadir/data/packages/arduino/tools/arm-none-eabi-gcc/7-2017q4/arm-none-eabi/include/c&#43;&#43;/7.2.1/bits/stl_pair.h:59,
                 from /home/ec2-user/arduino-testlib/cli-datadir/data/packages/arduino/tools/arm-none-eabi-gcc/7-2017q4/arm-none-eabi/include/c&#43;&#43;/7.2.1/utility:70,
                 from /home/ec2-user/arduino-testlib/cli-datadir/data/packages/arduino/tools/arm-none-eabi-gcc/7-2017q4/arm-none-eabi/include/c&#43;&#43;/7.2.1/tuple:38,
                 from /home/ec2-user/arduino-testlib/cli-datadir/user/libraries/PageBuilder/src/PageBuilder.h:13,
                 from /home/ec2-user/arduino-testlib/cli-datadir/user/libraries/PageBuilder/examples/WebPageHello/WebPageHello.ino:16:
/home/ec2-user/arduino-testlib/cli-datadir/data/packages/arduino/tools/arm-none-eabi-gcc/7-2017q4/arm-none-eabi/include/c&#43;&#43;/7.2.1/type_traits:104:12: note: provided for &#39;template&lt;bool &lt;anonymous&gt;, class, class&gt; struct std::conditional&#39;
     struct conditional;
            ^~~~~~~~~~~
In file included from /home/ec2-user/arduino-testlib/cli-datadir/user/libraries/PageBuilder/examples/WebPageHello/WebPageHello.ino:16:0:
/home/ec2-user/arduino-testlib/cli-datadir/user/libraries/PageBuilder/src/PageBuilder.h:297:43: error: expected class-name before &#39;{&#39; token
 class PageBuilder : public RequestHandler {
                                           ^
/home/ec2-user/arduino-testlib/cli-datadir/user/libraries/PageBuilder/src/PageBuilder.h:311:51: error: &#39;HTTPUpload&#39; does not name a type
   typedef std::function&lt;void(const String&amp;, const HTTPUpload&amp;)&gt; UploadFuncT;
                                                   ^~~~~~~~~~
/home/ec2-user/arduino-testlib/cli-datadir/user/libraries/PageBuilder/src/PageBuilder.h:314:48: error: &#39;HTTPMethod&#39; has not been declared
   explicit PageBuilder(PageElementVT elements, HTTPMethod method = HTTP_ANY, bool noCache = true, bool cancel = false, TransferEncoding_t chunked = Auto);
                                                ^~~~~~~~~~
/home/ec2-user/arduino-testlib/cli-datadir/user/libraries/PageBuilder/src/PageBuilder.h:315:56: error: &#39;HTTPMethod&#39; has not been declared
   PageBuilder(const char* uri, PageElementVT elements, HTTPMethod method = HTTP_ANY, bool noCache = true, bool cancel = false, TransferEncoding_t chunked = Auto);
                                                        ^~~~~~~~~~
/home/ec2-user/arduino-testlib/cli-datadir/user/libraries/PageBuilder/src/PageBuilder.h:318:20: error: &#39;WebServer&#39; has not been declared
   void  atNotFound(WebServer&amp; server);
                    ^~~~~~~~~
/home/ec2-user/arduino-testlib/cli-datadir/user/libraries/PageBuilder/src/PageBuilder.h:319:74: error: &#39;HTTPAuthMethod&#39; does not name a type
   void  authentication(const char* username, const char* password, const HTTPAuthMethod scheme = HTTPAuthMethod::BASIC_AUTH, const char* realm = NULL, const String&amp; authFail = String(&#34;&#34;));
                                                                          ^~~~~~~~~~~~~~
/home/ec2-user/arduino-testlib/cli-datadir/user/libraries/PageBuilder/src/PageBuilder.h:323:27: error: &#39;HTTPMethod&#39; has not been declared
   virtual bool  canHandle(HTTPMethod requestMethod, PageBuilderUtil::URI_TYPE_SIGNATURE requestUri) override;
                           ^~~~~~~~~~
/home/ec2-user/arduino-testlib/cli-datadir/user/libraries/PageBuilder/src/PageBuilder.h:323:70: error: &#39;PageBuilderUtil::URI_TYPE_SIGNATURE&#39; has not been declared
   virtual bool  canHandle(HTTPMethod requestMethod, PageBuilderUtil::URI_TYPE_SIGNATURE requestUri) override;
                                                                      ^~~~~~~~~~~~~~~~~~
/home/ec2-user/arduino-testlib/cli-datadir/user/libraries/PageBuilder/src/PageBuilder.h:324:44: error: &#39;PageBuilderUtil::URI_TYPE_SIGNATURE&#39; has not been declared
   virtual bool  canUpload(PageBuilderUtil::URI_TYPE_SIGNATURE uri) override;
                                            ^~~~~~~~~~~~~~~~~~
/home/ec2-user/arduino-testlib/cli-datadir/user/libraries/PageBuilder/src/PageBuilder.h:327:16: error: &#39;WebServer&#39; has not been declared
   bool  handle(WebServer&amp; server, HTTPMethod requestMethod, PageBuilderUtil::URI_TYPE_SIGNATURE requestUri) override;
                ^~~~~~~~~
/home/ec2-user/arduino-testlib/cli-datadir/user/libraries/PageBuilder/src/PageBuilder.h:327:35: error: &#39;HTTPMethod&#39; has not been declared
   bool  handle(WebServer&amp; server, HTTPMethod requestMethod, PageBuilderUtil::URI_TYPE_SIGNATURE requestUri) override;
                                   ^~~~~~~~~~
/home/ec2-user/arduino-testlib/cli-datadir/user/lib</pre>
					
				
				<h3 id="esp32:esp32:d1_mini32">esp32:esp32:d1_mini32 @ 1.0.6</h3>
				<h4>Inclusion</h4>
				<p>
					Result: <b>PASS</b>
					
				</p>
				<pre class="pre-scrollable">Sketch uses 267906 bytes (20%) of program storage space. Maximum is 1310720 bytes.
Global variables use 13688 bytes (4%) of dynamic memory, leaving 313992 bytes for local variables. Maximum is 327680 bytes.
</pre>

					
					<h4>examples/DynamicPage</h4>
					<p>
						Result: <b>PASS</b>
					</p>
					<pre class="pre-scrollable">Sketch uses 749962 bytes (57%) of program storage space. Maximum is 1310720 bytes.
Global variables use 38960 bytes (11%) of dynamic memory, leaving 288720 bytes for local variables. Maximum is 327680 bytes.
</pre>
					
					<h4>examples/FSPage</h4>
					<p>
						Result: <b>PASS</b>
					</p>
					<pre class="pre-scrollable">Sketch uses 787810 bytes (60%) of program storage space. Maximum is 1310720 bytes.
Global variables use 40288 bytes (12%) of dynamic memory, leaving 287392 bytes for local variables. Maximum is 327680 bytes.
</pre>
					
					<h4>examples/SendNakedHttp</h4>
					<p>
						Result: <b>PASS</b>
					</p>
					<pre class="pre-scrollable">Sketch uses 750234 bytes (57%) of program storage space. Maximum is 1310720 bytes.
Global variables use 39200 bytes (11%) of dynamic memory, leaving 288480 bytes for local variables. Maximum is 327680 bytes.
</pre>
					
					<h4>examples/WebLED</h4>
					<p>
						Result: <b>PASS</b>
					</p>
					<pre class="pre-scrollable">Sketch uses 757234 bytes (57%) of program storage space. Maximum is 1310720 bytes.
Global variables use 38960 bytes (11%) of dynamic memory, leaving 288720 bytes for local variables. Maximum is 327680 bytes.
</pre>
					
					<h4>examples/WebPageHello</h4>
					<p>
						Result: <b>PASS</b>
					</p>
					<pre class="pre-scrollable">Sketch uses 743710 bytes (56%) of program storage space. Maximum is 1310720 bytes.
Global variables use 39400 bytes (12%) of dynamic memory, leaving 288280 bytes for local variables. Maximum is 327680 bytes.
</pre>
					
				
			</div>
		</div>
	</div>
  </body>
</html>
