
<!doctype html>
<html lang="en">
  <head>
    <meta charset="utf-8">
    <meta name="viewport" content="width=device-width, initial-scale=1">
    <link href="https://cdn.jsdelivr.net/npm/bootstrap@5.0.2/dist/css/bootstrap.min.css" rel="stylesheet" integrity="sha384-EVSTQN3/azprG1Anm3QDgpJLIm9Nao0Yz1ztcQTwFspd3yD65VohhpuuCOmLASjC" crossorigin="anonymous">
    <title>arduino-testlib report</title>
	<style>
	.pass { background-color: #00FF00 !important; }
	.fail { background-color: #FF0000 !important; }
	</style>
  </head>
  <body>
	<div class="container">
		<div class="row">
			<div class="col">
				<h1>PCA9505_06 Library - compatibility matrix</h1>
				<p>
					<small>This report was generated on Monday, 21-Feb-22 12:00:25 CET using 
					<a href="https://github.com/alranel/arduino-testlib">arduino-testlib</a>.</small>
				</p>

				<h2>PCA9505_06 Library</h2>
				<p>
					Version: <b>1.0.0</b>
					<br />
					<a href="https://www.arduino.cc/reference/en/libraries/pca9505_06-library/">More details</a>
				</p>

				<h2>Compatibility matrix</h2>
				<table class="table table-bordered">
					<tr>
						<th>Board</th>
						<th>Claims compatibility</th>
						<th>Inclusion</th>
						
						<th><pre>interrupt</pre></th>
						
						<th><pre>toggle</pre></th>
						
						<th><pre>PWM</pre></th>
						
						<th><pre>button</pre></th>
						
					</tr>
					
					<tr>
						<td>
							<a href="#arduino%3aavr%3auno"><b>arduino:avr:uno</b></a>
							<br />
							<small>1.8.4</small>
						</td>

						
						
						
							<td>Yes ⚠️</td>
							<td class="fail">FAIL</td>
						
						

						
							
								
									
										
									
										
									
										
											
											<td class="fail">FAIL</td>
										
									
										
									
								
							
								
							
								
							
								
							
								
							
						
							
								
									
										
									
										
									
										
									
										
											<td class="pass">PASS</td>
											
										
									
								
							
								
							
								
							
								
							
								
							
						
							
								
									
										
											<td class="pass">PASS</td>
											
										
									
										
									
										
									
										
									
								
							
								
							
								
							
								
							
								
							
						
							
								
									
										
									
										
											<td class="pass">PASS</td>
											
										
									
										
									
										
									
								
							
								
							
								
							
								
							
								
							
						
					</tr>
					
					<tr>
						<td>
							<a href="#arduino%3ambed_nano%3ananorp2040connect"><b>arduino:mbed_nano:nanorp2040connect</b></a>
							<br />
							<small>2.7.2</small>
						</td>

						
						
						
							<td>Yes ⚠️</td>
							<td class="fail">FAIL</td>
						
						

						
							
								
							
								
									
										
									
										
									
										
											
											<td class="fail">FAIL</td>
										
									
										
									
								
							
								
							
								
							
								
							
						
							
								
							
								
									
										
									
										
									
										
									
										
											<td class="pass">PASS</td>
											
										
									
								
							
								
							
								
							
								
							
						
							
								
							
								
									
										
											<td class="pass">PASS</td>
											
										
									
										
									
										
									
										
									
								
							
								
							
								
							
								
							
						
							
								
							
								
									
										
									
										
											<td class="pass">PASS</td>
											
										
									
										
									
										
									
								
							
								
							
								
							
								
							
						
					</tr>
					
					<tr>
						<td>
							<a href="#arduino%3amegaavr%3anona4809"><b>arduino:megaavr:nona4809</b></a>
							<br />
							<small>1.8.7</small>
						</td>

						
						
						
							<td>Yes ⚠️</td>
							<td class="fail">FAIL</td>
						
						

						
							
								
							
								
							
								
									
										
									
										
									
										
											
											<td class="fail">FAIL</td>
										
									
										
									
								
							
								
							
								
							
						
							
								
							
								
							
								
									
										
									
										
									
										
									
										
											<td class="pass">PASS</td>
											
										
									
								
							
								
							
								
							
						
							
								
							
								
							
								
									
										
											<td class="pass">PASS</td>
											
										
									
										
									
										
									
										
									
								
							
								
							
								
							
						
							
								
							
								
							
								
									
										
									
										
											<td class="pass">PASS</td>
											
										
									
										
									
										
									
								
							
								
							
								
							
						
					</tr>
					
					<tr>
						<td>
							<a href="#arduino%3asamd%3amkrwifi1010"><b>arduino:samd:mkrwifi1010</b></a>
							<br />
							<small>1.8.12</small>
						</td>

						
						
						
							<td>Yes ⚠️</td>
							<td class="fail">FAIL</td>
						
						

						
							
								
							
								
							
								
							
								
									
										
									
										
									
										
											
											<td class="fail">FAIL</td>
										
									
										
									
								
							
								
							
						
							
								
							
								
							
								
							
								
									
										
									
										
									
										
									
										
											<td class="pass">PASS</td>
											
										
									
								
							
								
							
						
							
								
							
								
							
								
							
								
									
										
											<td class="pass">PASS</td>
											
										
									
										
									
										
									
										
									
								
							
								
							
						
							
								
							
								
							
								
							
								
									
										
									
										
											<td class="pass">PASS</td>
											
										
									
										
									
										
									
								
							
								
							
						
					</tr>
					
					<tr>
						<td>
							<a href="#esp32%3aesp32%3ad1_mini32"><b>esp32:esp32:d1_mini32</b></a>
							<br />
							<small>1.0.6</small>
						</td>

						
						
						
							<td>Yes ⚠️</td>
							<td class="fail">FAIL</td>
						
						

						
							
								
							
								
							
								
							
								
							
								
									
										
									
										
									
										
											
											<td class="fail">FAIL</td>
										
									
										
									
								
							
						
							
								
							
								
							
								
							
								
							
								
									
										
									
										
									
										
									
										
											
											<td class="fail">FAIL</td>
										
									
								
							
						
							
								
							
								
							
								
							
								
							
								
									
										
											
											<td class="fail">FAIL</td>
										
									
										
									
										
									
										
									
								
							
						
							
								
							
								
							
								
							
								
							
								
									
										
									
										
											
											<td class="fail">FAIL</td>
										
									
										
									
										
									
								
							
						
					</tr>
					
				</table>

				<h2>Compilation logs</h2>
				
				<h3 id="arduino:avr:uno">arduino:avr:uno @ 1.8.4</h3>
				<h4>Inclusion</h4>
				<p>
					Result: <b>FAIL</b>
					
					<br />This library has no main header file so an empty one was created.
					
				</p>
				<pre class="pre-scrollable">/tmp/arduino-testlib2248746350/test/test.ino:1:10: fatal error: PCA9505_06_Library.h: No such file or directory
 #include &lt;PCA9505_06_Library.h&gt;
          ^~~~~~~~~~~~~~~~~~~~~~
compilation terminated.

</pre>

					
					<h4>examples/PWM</h4>
					<p>
						Result: <b>PASS</b>
					</p>
					<pre class="pre-scrollable">Sketch uses 3216 bytes (9%) of program storage space. Maximum is 32256 bytes.
Global variables use 232 bytes (11%) of dynamic memory, leaving 1816 bytes for local variables. Maximum is 2048 bytes.
In file included from /home/ec2-user/arduino-testlib/cli-datadir/user/libraries/PCA9505_06_Library/PCA9505_9506.h:7:0,
                 from /home/ec2-user/arduino-testlib/cli-datadir/user/libraries/PCA9505_06_Library/PCA9505_9506.cpp:10:
/home/ec2-user/arduino-testlib/cli-datadir/data/packages/arduino/hardware/avr/1.8.4/libraries/Wire/src/Wire.h: In member function &#39;uint8_t PCA9505_06::retrievePortData(uint8_t, uint8_t)&#39;:
/home/ec2-user/arduino-testlib/cli-datadir/data/packages/arduino/hardware/avr/1.8.4/libraries/Wire/src/Wire.h:68:13: note: candidate 1: uint8_t TwoWire::requestFrom(int, int)
     uint8_t requestFrom(int, int);
             ^~~~~~~~~~~
/home/ec2-user/arduino-testlib/cli-datadir/data/packages/arduino/hardware/avr/1.8.4/libraries/Wire/src/Wire.h:65:13: note: candidate 2: uint8_t TwoWire::requestFrom(uint8_t, uint8_t)
     uint8_t requestFrom(uint8_t, uint8_t);
             ^~~~~~~~~~~
/home/ec2-user/arduino-testlib/cli-datadir/data/packages/arduino/hardware/avr/1.8.4/libraries/Wire/src/Wire.h: In member function &#39;IOPORTS PCA9505_06::retrieveIOData(uint8_t)&#39;:
/home/ec2-user/arduino-testlib/cli-datadir/data/packages/arduino/hardware/avr/1.8.4/libraries/Wire/src/Wire.h:68:13: note: candidate 1: uint8_t TwoWire::requestFrom(int, int)
     uint8_t requestFrom(int, int);
             ^~~~~~~~~~~
/home/ec2-user/arduino-testlib/cli-datadir/data/packages/arduino/hardware/avr/1.8.4/libraries/Wire/src/Wire.h:65:13: note: candidate 2: uint8_t TwoWire::requestFrom(uint8_t, uint8_t)
     uint8_t requestFrom(uint8_t, uint8_t);
             ^~~~~~~~~~~
</pre>
					
					<h4>examples/button</h4>
					<p>
						Result: <b>PASS</b>
					</p>
					<pre class="pre-scrollable">Sketch uses 3408 bytes (10%) of program storage space. Maximum is 32256 bytes.
Global variables use 232 bytes (11%) of dynamic memory, leaving 1816 bytes for local variables. Maximum is 2048 bytes.
In file included from /home/ec2-user/arduino-testlib/cli-datadir/user/libraries/PCA9505_06_Library/PCA9505_9506.h:7:0,
                 from /home/ec2-user/arduino-testlib/cli-datadir/user/libraries/PCA9505_06_Library/PCA9505_9506.cpp:10:
/home/ec2-user/arduino-testlib/cli-datadir/data/packages/arduino/hardware/avr/1.8.4/libraries/Wire/src/Wire.h: In member function &#39;uint8_t PCA9505_06::retrievePortData(uint8_t, uint8_t)&#39;:
/home/ec2-user/arduino-testlib/cli-datadir/data/packages/arduino/hardware/avr/1.8.4/libraries/Wire/src/Wire.h:68:13: note: candidate 1: uint8_t TwoWire::requestFrom(int, int)
     uint8_t requestFrom(int, int);
             ^~~~~~~~~~~
/home/ec2-user/arduino-testlib/cli-datadir/data/packages/arduino/hardware/avr/1.8.4/libraries/Wire/src/Wire.h:65:13: note: candidate 2: uint8_t TwoWire::requestFrom(uint8_t, uint8_t)
     uint8_t requestFrom(uint8_t, uint8_t);
             ^~~~~~~~~~~
/home/ec2-user/arduino-testlib/cli-datadir/data/packages/arduino/hardware/avr/1.8.4/libraries/Wire/src/Wire.h: In member function &#39;IOPORTS PCA9505_06::retrieveIOData(uint8_t)&#39;:
/home/ec2-user/arduino-testlib/cli-datadir/data/packages/arduino/hardware/avr/1.8.4/libraries/Wire/src/Wire.h:68:13: note: candidate 1: uint8_t TwoWire::requestFrom(int, int)
     uint8_t requestFrom(int, int);
             ^~~~~~~~~~~
/home/ec2-user/arduino-testlib/cli-datadir/data/packages/arduino/hardware/avr/1.8.4/libraries/Wire/src/Wire.h:65:13: note: candidate 2: uint8_t TwoWire::requestFrom(uint8_t, uint8_t)
     uint8_t requestFrom(uint8_t, uint8_t);
             ^~~~~~~~~~~
</pre>
					
					<h4>examples/interrupt</h4>
					<p>
						Result: <b>FAIL</b>
					</p>
					<pre class="pre-scrollable">/home/ec2-user/arduino-testlib/cli-datadir/user/libraries/PCA9505_06_Library/examples/interrupt/interrupt.ino: In function &#39;void setup()&#39;:
/home/ec2-user/arduino-testlib/cli-datadir/user/libraries/PCA9505_06_Library/examples/interrupt/interrupt.ino:31:25: error: no matching function for call to &#39;PCA9505_06::setPinInterrupt(int)&#39;
   GPIO.setPinInterrupt(0);        // Enable interrupt on pin 0
                         ^
In file included from /home/ec2-user/arduino-testlib/cli-datadir/user/libraries/PCA9505_06_Library/examples/interrupt/interrupt.ino:1:0:
/home/ec2-user/arduino-testlib/cli-datadir/user/libraries/PCA9505_06_Library/PCA9505_9506.h:33:8: note: candidate: void PCA9505_06::setPinInterrupt(uint8_t, bool)
   void setPinInterrupt(uint8_t pin, bool enable);
        ^~~~~~~~~~~~~~~
/home/ec2-user/arduino-testlib/cli-datadir/user/libraries/PCA9505_06_Library/PCA9505_9506.h:33:8: note:   candidate expects 2 arguments, 1 provided

</pre>
					
					<h4>examples/toggle</h4>
					<p>
						Result: <b>PASS</b>
					</p>
					<pre class="pre-scrollable">Sketch uses 3444 bytes (10%) of program storage space. Maximum is 32256 bytes.
Global variables use 232 bytes (11%) of dynamic memory, leaving 1816 bytes for local variables. Maximum is 2048 bytes.
In file included from /home/ec2-user/arduino-testlib/cli-datadir/user/libraries/PCA9505_06_Library/PCA9505_9506.h:7:0,
                 from /home/ec2-user/arduino-testlib/cli-datadir/user/libraries/PCA9505_06_Library/PCA9505_9506.cpp:10:
/home/ec2-user/arduino-testlib/cli-datadir/data/packages/arduino/hardware/avr/1.8.4/libraries/Wire/src/Wire.h: In member function &#39;uint8_t PCA9505_06::retrievePortData(uint8_t, uint8_t)&#39;:
/home/ec2-user/arduino-testlib/cli-datadir/data/packages/arduino/hardware/avr/1.8.4/libraries/Wire/src/Wire.h:68:13: note: candidate 1: uint8_t TwoWire::requestFrom(int, int)
     uint8_t requestFrom(int, int);
             ^~~~~~~~~~~
/home/ec2-user/arduino-testlib/cli-datadir/data/packages/arduino/hardware/avr/1.8.4/libraries/Wire/src/Wire.h:65:13: note: candidate 2: uint8_t TwoWire::requestFrom(uint8_t, uint8_t)
     uint8_t requestFrom(uint8_t, uint8_t);
             ^~~~~~~~~~~
/home/ec2-user/arduino-testlib/cli-datadir/data/packages/arduino/hardware/avr/1.8.4/libraries/Wire/src/Wire.h: In member function &#39;IOPORTS PCA9505_06::retrieveIOData(uint8_t)&#39;:
/home/ec2-user/arduino-testlib/cli-datadir/data/packages/arduino/hardware/avr/1.8.4/libraries/Wire/src/Wire.h:68:13: note: candidate 1: uint8_t TwoWire::requestFrom(int, int)
     uint8_t requestFrom(int, int);
             ^~~~~~~~~~~
/home/ec2-user/arduino-testlib/cli-datadir/data/packages/arduino/hardware/avr/1.8.4/libraries/Wire/src/Wire.h:65:13: note: candidate 2: uint8_t TwoWire::requestFrom(uint8_t, uint8_t)
     uint8_t requestFrom(uint8_t, uint8_t);
             ^~~~~~~~~~~
</pre>
					
				
				<h3 id="arduino:mbed_nano:nanorp2040connect">arduino:mbed_nano:nanorp2040connect @ 2.7.2</h3>
				<h4>Inclusion</h4>
				<p>
					Result: <b>FAIL</b>
					
					<br />This library has no main header file so an empty one was created.
					
				</p>
				<pre class="pre-scrollable">/tmp/arduino-testlib560440880/test/test.ino:1:10: fatal error: PCA9505_06_Library.h: No such file or directory
 #include &lt;PCA9505_06_Library.h&gt;
          ^~~~~~~~~~~~~~~~~~~~~~
compilation terminated.

</pre>

					
					<h4>examples/PWM</h4>
					<p>
						Result: <b>PASS</b>
					</p>
					<pre class="pre-scrollable">Sketch uses 85768 bytes (0%) of program storage space. Maximum is 16777216 bytes.
Global variables use 44220 bytes (16%) of dynamic memory, leaving 226116 bytes for local variables. Maximum is 270336 bytes.
</pre>
					
					<h4>examples/button</h4>
					<p>
						Result: <b>PASS</b>
					</p>
					<pre class="pre-scrollable">Sketch uses 82438 bytes (0%) of program storage space. Maximum is 16777216 bytes.
Global variables use 44220 bytes (16%) of dynamic memory, leaving 226116 bytes for local variables. Maximum is 270336 bytes.
</pre>
					
					<h4>examples/interrupt</h4>
					<p>
						Result: <b>FAIL</b>
					</p>
					<pre class="pre-scrollable">/home/ec2-user/arduino-testlib/cli-datadir/user/libraries/PCA9505_06_Library/examples/interrupt/interrupt.ino: In function &#39;void setup()&#39;:
/home/ec2-user/arduino-testlib/cli-datadir/user/libraries/PCA9505_06_Library/examples/interrupt/interrupt.ino:31:25: error: no matching function for call to &#39;PCA9505_06::setPinInterrupt(int)&#39;
   GPIO.setPinInterrupt(0);        // Enable interrupt on pin 0
                         ^
In file included from /home/ec2-user/arduino-testlib/cli-datadir/user/libraries/PCA9505_06_Library/examples/interrupt/interrupt.ino:1:0:
/home/ec2-user/arduino-testlib/cli-datadir/user/libraries/PCA9505_06_Library/PCA9505_9506.h:33:8: note: candidate: void PCA9505_06::setPinInterrupt(uint8_t, bool)
   void setPinInterrupt(uint8_t pin, bool enable);
        ^~~~~~~~~~~~~~~
/home/ec2-user/arduino-testlib/cli-datadir/user/libraries/PCA9505_06_Library/PCA9505_9506.h:33:8: note:   candidate expects 2 arguments, 1 provided

</pre>
					
					<h4>examples/toggle</h4>
					<p>
						Result: <b>PASS</b>
					</p>
					<pre class="pre-scrollable">Sketch uses 82278 bytes (0%) of program storage space. Maximum is 16777216 bytes.
Global variables use 44220 bytes (16%) of dynamic memory, leaving 226116 bytes for local variables. Maximum is 270336 bytes.
</pre>
					
				
				<h3 id="arduino:megaavr:nona4809">arduino:megaavr:nona4809 @ 1.8.7</h3>
				<h4>Inclusion</h4>
				<p>
					Result: <b>FAIL</b>
					
					<br />This library has no main header file so an empty one was created.
					
				</p>
				<pre class="pre-scrollable">/tmp/arduino-testlib560440880/test/test.ino:1:10: fatal error: PCA9505_06_Library.h: No such file or directory
 #include &lt;PCA9505_06_Library.h&gt;
          ^~~~~~~~~~~~~~~~~~~~~~
compilation terminated.

</pre>

					
					<h4>examples/PWM</h4>
					<p>
						Result: <b>PASS</b>
					</p>
					<pre class="pre-scrollable">Sketch uses 3927 bytes (7%) of program storage space. Maximum is 49152 bytes.
Global variables use 330 bytes (5%) of dynamic memory, leaving 5814 bytes for local variables. Maximum is 6144 bytes.
In file included from /home/ec2-user/arduino-testlib/cli-datadir/user/libraries/PCA9505_06_Library/PCA9505_9506.h:7:0,
                 from /home/ec2-user/arduino-testlib/cli-datadir/user/libraries/PCA9505_06_Library/PCA9505_9506.cpp:10:
/home/ec2-user/arduino-testlib/cli-datadir/data/packages/arduino/hardware/megaavr/1.8.7/libraries/Wire/src/Wire.h: In member function &#39;uint8_t PCA9505_06::retrievePortData(uint8_t, uint8_t)&#39;:
/home/ec2-user/arduino-testlib/cli-datadir/data/packages/arduino/hardware/megaavr/1.8.7/libraries/Wire/src/Wire.h:63:12: note: candidate 1: size_t TwoWire::requestFrom(int, int)
     size_t requestFrom(int, int);
            ^~~~~~~~~~~
/home/ec2-user/arduino-testlib/cli-datadir/data/packages/arduino/hardware/megaavr/1.8.7/libraries/Wire/src/Wire.h:61:12: note: candidate 2: virtual size_t TwoWire::requestFrom(uint8_t, size_t)
     size_t requestFrom(uint8_t, size_t);
            ^~~~~~~~~~~
/home/ec2-user/arduino-testlib/cli-datadir/data/packages/arduino/hardware/megaavr/1.8.7/libraries/Wire/src/Wire.h: In member function &#39;IOPORTS PCA9505_06::retrieveIOData(uint8_t)&#39;:
/home/ec2-user/arduino-testlib/cli-datadir/data/packages/arduino/hardware/megaavr/1.8.7/libraries/Wire/src/Wire.h:63:12: note: candidate 1: size_t TwoWire::requestFrom(int, int)
     size_t requestFrom(int, int);
            ^~~~~~~~~~~
/home/ec2-user/arduino-testlib/cli-datadir/data/packages/arduino/hardware/megaavr/1.8.7/libraries/Wire/src/Wire.h:61:12: note: candidate 2: virtual size_t TwoWire::requestFrom(uint8_t, size_t)
     size_t requestFrom(uint8_t, size_t);
            ^~~~~~~~~~~
</pre>
					
					<h4>examples/button</h4>
					<p>
						Result: <b>PASS</b>
					</p>
					<pre class="pre-scrollable">Sketch uses 3681 bytes (7%) of program storage space. Maximum is 49152 bytes.
Global variables use 330 bytes (5%) of dynamic memory, leaving 5814 bytes for local variables. Maximum is 6144 bytes.
In file included from /home/ec2-user/arduino-testlib/cli-datadir/user/libraries/PCA9505_06_Library/PCA9505_9506.h:7:0,
                 from /home/ec2-user/arduino-testlib/cli-datadir/user/libraries/PCA9505_06_Library/PCA9505_9506.cpp:10:
/home/ec2-user/arduino-testlib/cli-datadir/data/packages/arduino/hardware/megaavr/1.8.7/libraries/Wire/src/Wire.h: In member function &#39;uint8_t PCA9505_06::retrievePortData(uint8_t, uint8_t)&#39;:
/home/ec2-user/arduino-testlib/cli-datadir/data/packages/arduino/hardware/megaavr/1.8.7/libraries/Wire/src/Wire.h:63:12: note: candidate 1: size_t TwoWire::requestFrom(int, int)
     size_t requestFrom(int, int);
            ^~~~~~~~~~~
/home/ec2-user/arduino-testlib/cli-datadir/data/packages/arduino/hardware/megaavr/1.8.7/libraries/Wire/src/Wire.h:61:12: note: candidate 2: virtual size_t TwoWire::requestFrom(uint8_t, size_t)
     size_t requestFrom(uint8_t, size_t);
            ^~~~~~~~~~~
/home/ec2-user/arduino-testlib/cli-datadir/data/packages/arduino/hardware/megaavr/1.8.7/libraries/Wire/src/Wire.h: In member function &#39;IOPORTS PCA9505_06::retrieveIOData(uint8_t)&#39;:
/home/ec2-user/arduino-testlib/cli-datadir/data/packages/arduino/hardware/megaavr/1.8.7/libraries/Wire/src/Wire.h:63:12: note: candidate 1: size_t TwoWire::requestFrom(int, int)
     size_t requestFrom(int, int);
            ^~~~~~~~~~~
/home/ec2-user/arduino-testlib/cli-datadir/data/packages/arduino/hardware/megaavr/1.8.7/libraries/Wire/src/Wire.h:61:12: note: candidate 2: virtual size_t TwoWire::requestFrom(uint8_t, size_t)
     size_t requestFrom(uint8_t, size_t);
            ^~~~~~~~~~~
</pre>
					
					<h4>examples/interrupt</h4>
					<p>
						Result: <b>FAIL</b>
					</p>
					<pre class="pre-scrollable">/home/ec2-user/arduino-testlib/cli-datadir/user/libraries/PCA9505_06_Library/examples/interrupt/interrupt.ino: In function &#39;void setup()&#39;:
/home/ec2-user/arduino-testlib/cli-datadir/user/libraries/PCA9505_06_Library/examples/interrupt/interrupt.ino:31:25: error: no matching function for call to &#39;PCA9505_06::setPinInterrupt(int)&#39;
   GPIO.setPinInterrupt(0);        // Enable interrupt on pin 0
                         ^
In file included from /home/ec2-user/arduino-testlib/cli-datadir/user/libraries/PCA9505_06_Library/examples/interrupt/interrupt.ino:1:0:
/home/ec2-user/arduino-testlib/cli-datadir/user/libraries/PCA9505_06_Library/PCA9505_9506.h:33:8: note: candidate: void PCA9505_06::setPinInterrupt(uint8_t, bool)
   void setPinInterrupt(uint8_t pin, bool enable);
        ^~~~~~~~~~~~~~~
/home/ec2-user/arduino-testlib/cli-datadir/user/libraries/PCA9505_06_Library/PCA9505_9506.h:33:8: note:   candidate expects 2 arguments, 1 provided

</pre>
					
					<h4>examples/toggle</h4>
					<p>
						Result: <b>PASS</b>
					</p>
					<pre class="pre-scrollable">Sketch uses 3815 bytes (7%) of program storage space. Maximum is 49152 bytes.
Global variables use 330 bytes (5%) of dynamic memory, leaving 5814 bytes for local variables. Maximum is 6144 bytes.
In file included from /home/ec2-user/arduino-testlib/cli-datadir/user/libraries/PCA9505_06_Library/PCA9505_9506.h:7:0,
                 from /home/ec2-user/arduino-testlib/cli-datadir/user/libraries/PCA9505_06_Library/PCA9505_9506.cpp:10:
/home/ec2-user/arduino-testlib/cli-datadir/data/packages/arduino/hardware/megaavr/1.8.7/libraries/Wire/src/Wire.h: In member function &#39;uint8_t PCA9505_06::retrievePortData(uint8_t, uint8_t)&#39;:
/home/ec2-user/arduino-testlib/cli-datadir/data/packages/arduino/hardware/megaavr/1.8.7/libraries/Wire/src/Wire.h:63:12: note: candidate 1: size_t TwoWire::requestFrom(int, int)
     size_t requestFrom(int, int);
            ^~~~~~~~~~~
/home/ec2-user/arduino-testlib/cli-datadir/data/packages/arduino/hardware/megaavr/1.8.7/libraries/Wire/src/Wire.h:61:12: note: candidate 2: virtual size_t TwoWire::requestFrom(uint8_t, size_t)
     size_t requestFrom(uint8_t, size_t);
            ^~~~~~~~~~~
/home/ec2-user/arduino-testlib/cli-datadir/data/packages/arduino/hardware/megaavr/1.8.7/libraries/Wire/src/Wire.h: In member function &#39;IOPORTS PCA9505_06::retrieveIOData(uint8_t)&#39;:
/home/ec2-user/arduino-testlib/cli-datadir/data/packages/arduino/hardware/megaavr/1.8.7/libraries/Wire/src/Wire.h:63:12: note: candidate 1: size_t TwoWire::requestFrom(int, int)
     size_t requestFrom(int, int);
            ^~~~~~~~~~~
/home/ec2-user/arduino-testlib/cli-datadir/data/packages/arduino/hardware/megaavr/1.8.7/libraries/Wire/src/Wire.h:61:12: note: candidate 2: virtual size_t TwoWire::requestFrom(uint8_t, size_t)
     size_t requestFrom(uint8_t, size_t);
            ^~~~~~~~~~~
</pre>
					
				
				<h3 id="arduino:samd:mkrwifi1010">arduino:samd:mkrwifi1010 @ 1.8.12</h3>
				<h4>Inclusion</h4>
				<p>
					Result: <b>FAIL</b>
					
					<br />This library has no main header file so an empty one was created.
					
				</p>
				<pre class="pre-scrollable">/tmp/arduino-testlib2248746350/test/test.ino:1:10: fatal error: PCA9505_06_Library.h: No such file or directory
 #include &lt;PCA9505_06_Library.h&gt;
          ^~~~~~~~~~~~~~~~~~~~~~
compilation terminated.

</pre>

					
					<h4>examples/PWM</h4>
					<p>
						Result: <b>PASS</b>
					</p>
					<pre class="pre-scrollable">Sketch uses 14492 bytes (5%) of program storage space. Maximum is 262144 bytes.
Global variables use 3612 bytes (11%) of dynamic memory, leaving 29156 bytes for local variables. Maximum is 32768 bytes.
</pre>
					
					<h4>examples/button</h4>
					<p>
						Result: <b>PASS</b>
					</p>
					<pre class="pre-scrollable">Sketch uses 14116 bytes (5%) of program storage space. Maximum is 262144 bytes.
Global variables use 3572 bytes (10%) of dynamic memory, leaving 29196 bytes for local variables. Maximum is 32768 bytes.
</pre>
					
					<h4>examples/interrupt</h4>
					<p>
						Result: <b>FAIL</b>
					</p>
					<pre class="pre-scrollable">/home/ec2-user/arduino-testlib/cli-datadir/user/libraries/PCA9505_06_Library/examples/interrupt/interrupt.ino: In function &#39;void setup()&#39;:
/home/ec2-user/arduino-testlib/cli-datadir/user/libraries/PCA9505_06_Library/examples/interrupt/interrupt.ino:31:25: error: no matching function for call to &#39;PCA9505_06::setPinInterrupt(int)&#39;
   GPIO.setPinInterrupt(0);        // Enable interrupt on pin 0
                         ^
In file included from /home/ec2-user/arduino-testlib/cli-datadir/user/libraries/PCA9505_06_Library/examples/interrupt/interrupt.ino:1:0:
/home/ec2-user/arduino-testlib/cli-datadir/user/libraries/PCA9505_06_Library/PCA9505_9506.h:33:8: note: candidate: void PCA9505_06::setPinInterrupt(uint8_t, bool)
   void setPinInterrupt(uint8_t pin, bool enable);
        ^~~~~~~~~~~~~~~
/home/ec2-user/arduino-testlib/cli-datadir/user/libraries/PCA9505_06_Library/PCA9505_9506.h:33:8: note:   candidate expects 2 arguments, 1 provided

</pre>
					
					<h4>examples/toggle</h4>
					<p>
						Result: <b>PASS</b>
					</p>
					<pre class="pre-scrollable">Sketch uses 14176 bytes (5%) of program storage space. Maximum is 262144 bytes.
Global variables use 3572 bytes (10%) of dynamic memory, leaving 29196 bytes for local variables. Maximum is 32768 bytes.
</pre>
					
				
				<h3 id="esp32:esp32:d1_mini32">esp32:esp32:d1_mini32 @ 1.0.6</h3>
				<h4>Inclusion</h4>
				<p>
					Result: <b>FAIL</b>
					
					<br />This library has no main header file so an empty one was created.
					
				</p>
				<pre class="pre-scrollable">/tmp/arduino-testlib560440880/test/test.ino:1:32: fatal error: PCA9505_06_Library.h: No such file or directory
compilation terminated.

</pre>

					
					<h4>examples/PWM</h4>
					<p>
						Result: <b>FAIL</b>
					</p>
					<pre class="pre-scrollable">/home/ec2-user/arduino-testlib/cli-datadir/user/libraries/PCA9505_06_Library/examples/PWM/PWM.ino:21:12: error: conflicting declaration &#39;PCA9505_06 GPIO&#39;
 PCA9505_06 GPIO;
            ^
In file included from /home/ec2-user/arduino-testlib/cli-datadir/data/packages/esp32/hardware/esp32/1.0.6/tools/sdk/include/driver/driver/gpio.h:20:0,
                 from /home/ec2-user/arduino-testlib/cli-datadir/data/packages/esp32/hardware/esp32/1.0.6/tools/sdk/include/esp32/esp_sleep.h:19,
                 from /home/ec2-user/arduino-testlib/cli-datadir/data/packages/esp32/hardware/esp32/1.0.6/tools/sdk/include/esp32/esp_system.h:21,
                 from /home/ec2-user/arduino-testlib/cli-datadir/data/packages/esp32/hardware/esp32/1.0.6/tools/sdk/include/freertos/freertos/portable.h:128,
                 from /home/ec2-user/arduino-testlib/cli-datadir/data/packages/esp32/hardware/esp32/1.0.6/tools/sdk/include/freertos/freertos/FreeRTOS.h:105,
                 from /home/ec2-user/arduino-testlib/cli-datadir/data/packages/esp32/hardware/esp32/1.0.6/cores/esp32/Arduino.h:32,
                 from /tmp/arduino-sketch-BE8856AFC9414EAE366D42916153731F/sketch/PWM.ino.cpp:1:
/home/ec2-user/arduino-testlib/cli-datadir/data/packages/esp32/hardware/esp32/1.0.6/tools/sdk/include/soc/soc/gpio_struct.h:210:19: note: previous declaration as &#39;gpio_dev_t GPIO&#39;
 extern gpio_dev_t GPIO;
                   ^
/home/ec2-user/arduino-testlib/cli-datadir/user/libraries/PCA9505_06_Library/examples/PWM/PWM.ino: In function &#39;void setup()&#39;:
/home/ec2-user/arduino-testlib/cli-datadir/user/libraries/PCA9505_06_Library/examples/PWM/PWM.ino:24:8: error: &#39;gpio_dev_t {aka volatile struct&lt;anonymous&gt;}&#39; has no member named &#39;begin&#39;
   GPIO.begin();   //  Default address 0x20
        ^
/home/ec2-user/arduino-testlib/cli-datadir/user/libraries/PCA9505_06_Library/examples/PWM/PWM.ino:25:8: error: &#39;gpio_dev_t {aka volatile struct&lt;anonymous&gt;}&#39; has no member named &#39;ioMode&#39;
   GPIO.ioMode((IOPORTS){0xFF, 0xFF, 0xFF, 0xFF, 0xFF});            // Set all pins as outputs
        ^
/home/ec2-user/arduino-testlib/cli-datadir/user/libraries/PCA9505_06_Library/examples/PWM/PWM.ino:26:8: error: &#39;gpio_dev_t {aka volatile struct&lt;anonymous&gt;}&#39; has no member named &#39;digitalIOWrite&#39;
   GPIO.digitalIOWrite((IOPORTS){0xFF, 0xFF, 0xFF, 0xFF, 0xFF});    // Set all pins HIGH
        ^
/home/ec2-user/arduino-testlib/cli-datadir/user/libraries/PCA9505_06_Library/examples/PWM/PWM.ino: In function &#39;void loop()&#39;:
/home/ec2-user/arduino-testlib/cli-datadir/user/libraries/PCA9505_06_Library/examples/PWM/PWM.ino:31:35: error: &#39;analogWrite&#39; was not declared in this scope
     analogWrite(PWM_PIN, fadeValue);
                                   ^
/home/ec2-user/arduino-testlib/cli-datadir/user/libraries/PCA9505_06_Library/examples/PWM/PWM.ino:35:35: error: &#39;analogWrite&#39; was not declared in this scope
     analogWrite(PWM_PIN, fadeValue);
                                   ^

</pre>
					
					<h4>examples/button</h4>
					<p>
						Result: <b>FAIL</b>
					</p>
					<pre class="pre-scrollable">/home/ec2-user/arduino-testlib/cli-datadir/user/libraries/PCA9505_06_Library/examples/button/button.ino:18:12: error: conflicting declaration &#39;PCA9505_06 GPIO&#39;
 PCA9505_06 GPIO;
            ^
In file included from /home/ec2-user/arduino-testlib/cli-datadir/data/packages/esp32/hardware/esp32/1.0.6/tools/sdk/include/driver/driver/gpio.h:20:0,
                 from /home/ec2-user/arduino-testlib/cli-datadir/data/packages/esp32/hardware/esp32/1.0.6/tools/sdk/include/esp32/esp_sleep.h:19,
                 from /home/ec2-user/arduino-testlib/cli-datadir/data/packages/esp32/hardware/esp32/1.0.6/tools/sdk/include/esp32/esp_system.h:21,
                 from /home/ec2-user/arduino-testlib/cli-datadir/data/packages/esp32/hardware/esp32/1.0.6/tools/sdk/include/freertos/freertos/portable.h:128,
                 from /home/ec2-user/arduino-testlib/cli-datadir/data/packages/esp32/hardware/esp32/1.0.6/tools/sdk/include/freertos/freertos/FreeRTOS.h:105,
                 from /home/ec2-user/arduino-testlib/cli-datadir/data/packages/esp32/hardware/esp32/1.0.6/cores/esp32/Arduino.h:32,
                 from /tmp/arduino-sketch-B30AFE7759CB582B255CAEF7E3FA1E79/sketch/button.ino.cpp:1:
/home/ec2-user/arduino-testlib/cli-datadir/data/packages/esp32/hardware/esp32/1.0.6/tools/sdk/include/soc/soc/gpio_struct.h:210:19: note: previous declaration as &#39;gpio_dev_t GPIO&#39;
 extern gpio_dev_t GPIO;
                   ^
/home/ec2-user/arduino-testlib/cli-datadir/user/libraries/PCA9505_06_Library/examples/button/button.ino: In function &#39;void setup()&#39;:
/home/ec2-user/arduino-testlib/cli-datadir/user/libraries/PCA9505_06_Library/examples/button/button.ino:21:8: error: &#39;gpio_dev_t {aka volatile struct&lt;anonymous&gt;}&#39; has no member named &#39;begin&#39;
   GPIO.begin();   //  Default address 0x20
        ^
/home/ec2-user/arduino-testlib/cli-datadir/user/libraries/PCA9505_06_Library/examples/button/button.ino:22:8: error: &#39;gpio_dev_t {aka volatile struct&lt;anonymous&gt;}&#39; has no member named &#39;pinMode&#39;
   GPIO.pinMode(0, INPUT);
        ^
/home/ec2-user/arduino-testlib/cli-datadir/user/libraries/PCA9505_06_Library/examples/button/button.ino: In function &#39;void loop()&#39;:
/home/ec2-user/arduino-testlib/cli-datadir/user/libraries/PCA9505_06_Library/examples/button/button.ino:28:34: error: &#39;gpio_dev_t {aka volatile struct&lt;anonymous&gt;}&#39; has no member named &#39;digitalRead&#39;
   digitalWrite(LED_BUILTIN, GPIO.digitalRead(0));
                                  ^

</pre>
					
					<h4>examples/interrupt</h4>
					<p>
						Result: <b>FAIL</b>
					</p>
					<pre class="pre-scrollable">/home/ec2-user/arduino-testlib/cli-datadir/user/libraries/PCA9505_06_Library/examples/interrupt/interrupt.ino:24:12: error: conflicting declaration &#39;PCA9505_06 GPIO&#39;
 PCA9505_06 GPIO;
            ^
In file included from /home/ec2-user/arduino-testlib/cli-datadir/data/packages/esp32/hardware/esp32/1.0.6/tools/sdk/include/driver/driver/gpio.h:20:0,
                 from /home/ec2-user/arduino-testlib/cli-datadir/data/packages/esp32/hardware/esp32/1.0.6/tools/sdk/include/esp32/esp_sleep.h:19,
                 from /home/ec2-user/arduino-testlib/cli-datadir/data/packages/esp32/hardware/esp32/1.0.6/tools/sdk/include/esp32/esp_system.h:21,
                 from /home/ec2-user/arduino-testlib/cli-datadir/data/packages/esp32/hardware/esp32/1.0.6/tools/sdk/include/freertos/freertos/portable.h:128,
                 from /home/ec2-user/arduino-testlib/cli-datadir/data/packages/esp32/hardware/esp32/1.0.6/tools/sdk/include/freertos/freertos/FreeRTOS.h:105,
                 from /home/ec2-user/arduino-testlib/cli-datadir/data/packages/esp32/hardware/esp32/1.0.6/cores/esp32/Arduino.h:32,
                 from /tmp/arduino-sketch-AFA8AF48542D7BFB53C7435361407237/sketch/interrupt.ino.cpp:1:
/home/ec2-user/arduino-testlib/cli-datadir/data/packages/esp32/hardware/esp32/1.0.6/tools/sdk/include/soc/soc/gpio_struct.h:210:19: note: previous declaration as &#39;gpio_dev_t GPIO&#39;
 extern gpio_dev_t GPIO;
                   ^
/home/ec2-user/arduino-testlib/cli-datadir/user/libraries/PCA9505_06_Library/examples/interrupt/interrupt.ino: In function &#39;void setup()&#39;:
/home/ec2-user/arduino-testlib/cli-datadir/user/libraries/PCA9505_06_Library/examples/interrupt/interrupt.ino:29:8: error: &#39;gpio_dev_t {aka volatile struct&lt;anonymous&gt;}&#39; has no member named &#39;begin&#39;
   GPIO.begin();   //  Default address 0x20
        ^
/home/ec2-user/arduino-testlib/cli-datadir/user/libraries/PCA9505_06_Library/examples/interrupt/interrupt.ino:30:8: error: &#39;gpio_dev_t {aka volatile struct&lt;anonymous&gt;}&#39; has no member named &#39;pinMode&#39;
   GPIO.pinMode(0, INPUT);
        ^
/home/ec2-user/arduino-testlib/cli-datadir/user/libraries/PCA9505_06_Library/examples/interrupt/interrupt.ino:31:8: error: &#39;gpio_dev_t {aka volatile struct&lt;anonymous&gt;}&#39; has no member named &#39;setPinInterrupt&#39;
   GPIO.setPinInterrupt(0);        // Enable interrupt on pin 0
        ^

</pre>
					
					<h4>examples/toggle</h4>
					<p>
						Result: <b>FAIL</b>
					</p>
					<pre class="pre-scrollable">/home/ec2-user/arduino-testlib/cli-datadir/user/libraries/PCA9505_06_Library/examples/toggle/toggle.ino:18:12: error: conflicting declaration &#39;PCA9505_06 GPIO&#39;
 PCA9505_06 GPIO;
            ^
In file included from /home/ec2-user/arduino-testlib/cli-datadir/data/packages/esp32/hardware/esp32/1.0.6/tools/sdk/include/driver/driver/gpio.h:20:0,
                 from /home/ec2-user/arduino-testlib/cli-datadir/data/packages/esp32/hardware/esp32/1.0.6/tools/sdk/include/esp32/esp_sleep.h:19,
                 from /home/ec2-user/arduino-testlib/cli-datadir/data/packages/esp32/hardware/esp32/1.0.6/tools/sdk/include/esp32/esp_system.h:21,
                 from /home/ec2-user/arduino-testlib/cli-datadir/data/packages/esp32/hardware/esp32/1.0.6/tools/sdk/include/freertos/freertos/portable.h:128,
                 from /home/ec2-user/arduino-testlib/cli-datadir/data/packages/esp32/hardware/esp32/1.0.6/tools/sdk/include/freertos/freertos/FreeRTOS.h:105,
                 from /home/ec2-user/arduino-testlib/cli-datadir/data/packages/esp32/hardware/esp32/1.0.6/cores/esp32/Arduino.h:32,
                 from /tmp/arduino-sketch-4A27623D3B5E91890755FB974755BC64/sketch/toggle.ino.cpp:1:
/home/ec2-user/arduino-testlib/cli-datadir/data/packages/esp32/hardware/esp32/1.0.6/tools/sdk/include/soc/soc/gpio_struct.h:210:19: note: previous declaration as &#39;gpio_dev_t GPIO&#39;
 extern gpio_dev_t GPIO;
                   ^
/home/ec2-user/arduino-testlib/cli-datadir/user/libraries/PCA9505_06_Library/examples/toggle/toggle.ino: In function &#39;void setup()&#39;:
/home/ec2-user/arduino-testlib/cli-datadir/user/libraries/PCA9505_06_Library/examples/toggle/toggle.ino:21:8: error: &#39;gpio_dev_t {aka volatile struct&lt;anonymous&gt;}&#39; has no member named &#39;begin&#39;
   GPIO.begin();   //  Default address 0x20
        ^
/home/ec2-user/arduino-testlib/cli-datadir/user/libraries/PCA9505_06_Library/examples/toggle/toggle.ino:22:8: error: &#39;gpio_dev_t {aka volatile struct&lt;anonymous&gt;}&#39; has no member named &#39;pinMode&#39;
   GPIO.pinMode(0, OUTPUT);
        ^
/home/ec2-user/arduino-testlib/cli-datadir/user/libraries/PCA9505_06_Library/examples/toggle/toggle.ino: In function &#39;void loop()&#39;:
/home/ec2-user/arduino-testlib/cli-datadir/user/libraries/PCA9505_06_Library/examples/toggle/toggle.ino:27:8: error: &#39;gpio_dev_t {aka volatile struct&lt;anonymous&gt;}&#39; has no member named &#39;digitalWrite&#39;
   GPIO.digitalWrite(0, GPIO.digitalRead(0) ? LOW : HIGH);
        ^
/home/ec2-user/arduino-testlib/cli-datadir/user/libraries/PCA9505_06_Library/examples/toggle/toggle.ino:27:29: error: &#39;gpio_dev_t {aka volatile struct&lt;anonymous&gt;}&#39; has no member named &#39;digitalRead&#39;
   GPIO.digitalWrite(0, GPIO.digitalRead(0) ? LOW : HIGH);
                             ^

</pre>
					
				
			</div>
		</div>
	</div>
  </body>
</html>
