
<!doctype html>
<html lang="en">
  <head>
    <meta charset="utf-8">
    <meta name="viewport" content="width=device-width, initial-scale=1">
    <link href="https://cdn.jsdelivr.net/npm/bootstrap@5.0.2/dist/css/bootstrap.min.css" rel="stylesheet" integrity="sha384-EVSTQN3/azprG1Anm3QDgpJLIm9Nao0Yz1ztcQTwFspd3yD65VohhpuuCOmLASjC" crossorigin="anonymous">
    <title>arduino-testlib report</title>
	<style>
	.pass { background-color: #00FF00 !important; }
	.fail { background-color: #FF0000 !important; }
	</style>
  </head>
  <body>
	<div class="container">
		<div class="row">
			<div class="col">
				<h1>PCF8523 - compatibility matrix</h1>
				<p>
					<small>This report was generated on Wednesday, 23-Feb-22 22:48:15 CET using 
					<a href="https://github.com/alranel/arduino-testlib">arduino-testlib</a>.</small>
				</p>

				<h2>PCF8523</h2>
				<p>
					Version: <b>1.0.0</b>
					<br />
					<a href="https://www.arduino.cc/reference/en/libraries/pcf8523/">More details</a>
				</p>

				<h2>Compatibility matrix</h2>
				<table class="table table-bordered">
					<tr>
						<th>Board</th>
						<th>Claims compatibility</th>
						<th>Inclusion</th>
						
					</tr>
					
					<tr>
						<td>
							<a href="#arduino%3aavr%3auno"><b>arduino:avr:uno</b></a>
							<br />
							<small>1.8.4</small>
						</td>

						
							<td>Yes</td>
							<td class="pass">PASS</td>
						
						
						
						

						
					</tr>
					
					<tr>
						<td>
							<a href="#arduino%3ambed_nano%3ananorp2040connect"><b>arduino:mbed_nano:nanorp2040connect</b></a>
							<br />
							<small>2.7.2</small>
						</td>

						
						
						
							<td>Yes ⚠️</td>
							<td class="fail">FAIL</td>
						
						

						
					</tr>
					
					<tr>
						<td>
							<a href="#arduino%3amegaavr%3anona4809"><b>arduino:megaavr:nona4809</b></a>
							<br />
							<small>1.8.7</small>
						</td>

						
							<td>Yes</td>
							<td class="pass">PASS</td>
						
						
						
						

						
					</tr>
					
					<tr>
						<td>
							<a href="#arduino%3asamd%3amkrwifi1010"><b>arduino:samd:mkrwifi1010</b></a>
							<br />
							<small>1.8.12</small>
						</td>

						
						
						
							<td>Yes ⚠️</td>
							<td class="fail">FAIL</td>
						
						

						
					</tr>
					
					<tr>
						<td>
							<a href="#esp32%3aesp32%3ad1_mini32"><b>esp32:esp32:d1_mini32</b></a>
							<br />
							<small>1.0.6</small>
						</td>

						
							<td>Yes</td>
							<td class="pass">PASS</td>
						
						
						
						

						
					</tr>
					
				</table>

				<h2>Compilation logs</h2>
				
				<h3 id="arduino:avr:uno">arduino:avr:uno @ 1.8.4</h3>
				<h4>Inclusion</h4>
				<p>
					Result: <b>PASS</b>
					
				</p>
				<pre class="pre-scrollable">Sketch uses 1636 bytes (5%) of program storage space. Maximum is 32256 bytes.
Global variables use 122 bytes (5%) of dynamic memory, leaving 1926 bytes for local variables. Maximum is 2048 bytes.
</pre>

					
				
				<h3 id="arduino:mbed_nano:nanorp2040connect">arduino:mbed_nano:nanorp2040connect @ 2.7.2</h3>
				<h4>Inclusion</h4>
				<p>
					Result: <b>FAIL</b>
					
				</p>
				<pre class="pre-scrollable">/home/ec2-user/arduino-testlib/cli-datadir/user/libraries/PCF8523/PCF8523.cpp: In member function &#39;uint8_t PCF8523::isrunning()&#39;:
/home/ec2-user/arduino-testlib/cli-datadir/user/libraries/PCF8523/PCF8523.cpp:46:15: error: &#39;Wire1&#39; was not declared in this scope
  #define WIRE Wire1
               ^
/home/ec2-user/arduino-testlib/cli-datadir/user/libraries/PCF8523/PCF8523.cpp:266:3: note: in expansion of macro &#39;WIRE&#39;
   WIRE.beginTransmission(PCF8523_ADDRESS);
   ^~~~
/home/ec2-user/arduino-testlib/cli-datadir/user/libraries/PCF8523/PCF8523.cpp:46:15: note: suggested alternative: &#39;Wire&#39;
  #define WIRE Wire1
               ^
/home/ec2-user/arduino-testlib/cli-datadir/user/libraries/PCF8523/PCF8523.cpp:266:3: note: in expansion of macro &#39;WIRE&#39;
   WIRE.beginTransmission(PCF8523_ADDRESS);
   ^~~~
/home/ec2-user/arduino-testlib/cli-datadir/user/libraries/PCF8523/PCF8523.cpp: In static member function &#39;static void PCF8523::setTime(const DateTime&amp;)&#39;:
/home/ec2-user/arduino-testlib/cli-datadir/user/libraries/PCF8523/PCF8523.cpp:46:15: error: &#39;Wire1&#39; was not declared in this scope
  #define WIRE Wire1
               ^
/home/ec2-user/arduino-testlib/cli-datadir/user/libraries/PCF8523/PCF8523.cpp:279:3: note: in expansion of macro &#39;WIRE&#39;
   WIRE.beginTransmission(PCF8523_ADDRESS);
   ^~~~
/home/ec2-user/arduino-testlib/cli-datadir/user/libraries/PCF8523/PCF8523.cpp:46:15: note: suggested alternative: &#39;Wire&#39;
  #define WIRE Wire1
               ^
/home/ec2-user/arduino-testlib/cli-datadir/user/libraries/PCF8523/PCF8523.cpp:279:3: note: in expansion of macro &#39;WIRE&#39;
   WIRE.beginTransmission(PCF8523_ADDRESS);
   ^~~~
/home/ec2-user/arduino-testlib/cli-datadir/user/libraries/PCF8523/PCF8523.cpp: In static member function &#39;static DateTime PCF8523::readTime()&#39;:
/home/ec2-user/arduino-testlib/cli-datadir/user/libraries/PCF8523/PCF8523.cpp:46:15: error: &#39;Wire1&#39; was not declared in this scope
  #define WIRE Wire1
               ^
/home/ec2-user/arduino-testlib/cli-datadir/user/libraries/PCF8523/PCF8523.cpp:301:3: note: in expansion of macro &#39;WIRE&#39;
   WIRE.beginTransmission(PCF8523_ADDRESS);
   ^~~~
/home/ec2-user/arduino-testlib/cli-datadir/user/libraries/PCF8523/PCF8523.cpp:46:15: note: suggested alternative: &#39;Wire&#39;
  #define WIRE Wire1
               ^
/home/ec2-user/arduino-testlib/cli-datadir/user/libraries/PCF8523/PCF8523.cpp:301:3: note: in expansion of macro &#39;WIRE&#39;
   WIRE.beginTransmission(PCF8523_ADDRESS);
   ^~~~
/home/ec2-user/arduino-testlib/cli-datadir/user/libraries/PCF8523/PCF8523.cpp: In member function &#39;void PCF8523::rtcReadReg(uint8_t*, uint8_t, uint8_t)&#39;:
/home/ec2-user/arduino-testlib/cli-datadir/user/libraries/PCF8523/PCF8523.cpp:46:15: error: &#39;Wire1&#39; was not declared in this scope
  #define WIRE Wire1
               ^
/home/ec2-user/arduino-testlib/cli-datadir/user/libraries/PCF8523/PCF8523.cpp:324:3: note: in expansion of macro &#39;WIRE&#39;
   WIRE.beginTransmission(PCF8523_ADDRESS);
   ^~~~
/home/ec2-user/arduino-testlib/cli-datadir/user/libraries/PCF8523/PCF8523.cpp:46:15: note: suggested alternative: &#39;Wire&#39;
  #define WIRE Wire1
               ^
/home/ec2-user/arduino-testlib/cli-datadir/user/libraries/PCF8523/PCF8523.cpp:324:3: note: in expansion of macro &#39;WIRE&#39;
   WIRE.beginTransmission(PCF8523_ADDRESS);
   ^~~~
/home/ec2-user/arduino-testlib/cli-datadir/user/libraries/PCF8523/PCF8523.cpp: In member function &#39;void PCF8523::rtcWriteReg(uint8_t, uint8_t*, uint8_t)&#39;:
/home/ec2-user/arduino-testlib/cli-datadir/user/libraries/PCF8523/PCF8523.cpp:46:15: error: &#39;Wire1&#39; was not declared in this scope
  #define WIRE Wire1
               ^
/home/ec2-user/arduino-testlib/cli-datadir/user/libraries/PCF8523/PCF8523.cpp:340:3: note: in expansion of macro &#39;WIRE&#39;
   WIRE.beginTransmission(PCF8523_ADDRESS);
   ^~~~
/home/ec2-user/arduino-testlib/cli-datadir/user/libraries/PCF8523/PCF8523.cpp:46:15: note: suggested alternative: &#39;Wire&#39;
  #define WIRE Wire1
               ^
/home/ec2-user/arduino-testlib/cli-datadir/user/libraries/PCF8523/PCF8523.cpp:340:3: note: in expansion of macro &#39;WIRE&#39;
   WIRE.beginTransmission(PCF8523_ADDRESS);
   ^~~~
/home/ec2-user/arduino-testlib/cli-datadir/user/libraries/PCF8523/PCF8523.cpp: In member function &#39;void PCF8523::setAlarm(uint8_t, uint8_t, uint8_t)&#39;:
/home/ec2-user/arduino-testlib/cli-datadir/user/libraries/PCF8523/PCF8523.cpp:46:15: error: &#39;Wire1&#39; was not declared in this scope
  #define WIRE Wire1
               ^
/home/ec2-user/arduino-testlib/cli-datadir/user/libraries/PCF8523/PCF8523.cpp:367:3: note: in expansion of macro &#39;WIRE&#39;
   WIRE.beginTransmission(PCF8523_ADDRESS);
   ^~~~
/home/ec2-user/arduino-testlib/cli-datadir/user/libraries/PCF8523/PCF8523.cpp:46:15: note: suggested alternative: &#39;Wire&#39;
  #define WIRE Wire1
               ^
/home/ec2-user/arduino-testlib/cli-datadir/user/libraries/PCF8523/PCF8523.cpp:367:3: note: in expansion of macro &#39;WIRE&#39;
   WIRE.beginTransmission(PCF8523_ADDRESS);
   ^~~~
/home/ec2-user/arduino-testlib/cli-datadir/user/libraries/PCF8523/PCF8523.cpp: In member function &#39;void PCF8523::setAlarm(uint8_t, uint8_t)&#39;:
/home/ec2-user/arduino-testlib/cli-datadir/user/libraries/PCF8523/PCF8523.cpp:46:15: error: &#39;Wire1&#39; was not declared in this scope
  #define WIRE Wire1
               ^
/home/ec2-user/arduino-testlib/cli-datadir/user/libraries/PCF8523/PCF8523.cpp:380:3: note: in expansion of macro &#39;WIRE&#39;
   WIRE.beginTransmission(PCF8523_ADDRESS);
   ^~~~
/home/ec2-user/arduino-testlib/cli-datadir/user/libraries/PCF8523/PCF8523.cpp:46:15: note: suggested alternative: &#39;Wire&#39;
  #define WIRE Wire1
               ^
/home/ec2-user/arduino-testlib/cli-datadir/user/libraries/PCF8523/PCF8523.cpp:380:3: note: in expansion of macro &#39;WIRE&#39;
   WIRE.beginTransmission(PCF8523_ADDRESS);
   ^~~~
/home/ec2-user/arduino-testlib/cli-datadir/user/libraries/PCF8523/PCF8523.cpp: In member function &#39;void PCF8523::setAlarm(uint8_t)&#39;:
/home/ec2-user/arduino-testlib/cli-datadir/user/libraries/PCF8523/PCF8523.cpp:46:15: error: &#39;Wire1&#39; was not declared in this scope
  #define WIRE Wire1
               ^
/home/ec2-user/arduino-testlib/cli-datadir/user/libraries/PCF8523/PCF8523.cpp:392:3: note: in expansion of macro &#39;WIRE&#39;
   WIRE.beginTransmission(PCF8523_ADDRESS);
   ^~~~
/home/ec2-user/arduino-testlib/cli-datadir/user/libraries/PCF8523/PCF8523.cpp:46:15: note: suggested alternative: &#39;Wire&#39;
  #define WIRE Wire1
               ^
/home/ec2-user/arduino-testlib/cli-datadir/user/libraries/PCF8523/PCF8523.cpp:392:3: note: in expansion of macro &#39;WIRE&#39;
   WIRE.beginTransmission(PCF8523_ADDRESS);
   ^~~~
/home/ec2-user/arduino-testlib/cli-datadir/user/libraries/PCF8523/PCF8523.cpp: In member function &#39;void PCF8523::setWeekDayAlarm(eWEEKDAYS, uint8_t, uint8_t)&#39;:
/home/ec2-user/arduino-testlib/cli-datadir/user/libraries/PCF8523/PCF8523.cpp:46:15: error: &#39;Wire1&#39; was not declared in this scope
  #define WIRE Wire1
               ^
/home/ec2-user/arduino-testlib/cli-datadir/user/libraries/PCF8523/PCF8523.cpp:404:3: note: in expansion of macro &#39;WIRE&#39;
   WIRE.beginTransmission(PCF8523_ADDRESS);
   ^~~~
/home/ec2-user/arduino-testlib/cli-datadir/user/libraries/PCF8523/PCF8523.cpp:46:15: note: suggested alternative: &#39;Wire&#39;
  #define WIRE Wire1
               ^
/home/ec2-user/arduino-testlib/cli-datadir/user/libraries/PCF8523/PCF8523.cpp:404:3: note: in expansion of macro &#39;WIRE&#39;
   WIRE.beginTransmission(PCF8523_ADDRESS);
   ^~~~
/home/ec2-user/arduino-testlib/cli-datadir/user/libraries/PCF8523/PCF8523.cpp: In member function &#39;void PCF8523::getAlarm(uint8_t*)&#39;:
/home/ec2-user/arduino-testlib/cli-datadir/user/libraries/PCF8523/PCF8523.cpp:46:15: error: &#39;Wire1&#39; was not declared in this scope
  #define WIRE Wire1
               ^
/home/ec2-user/arduino-testlib/cli-datadir/user/libraries/PCF8523/PCF8523.cpp:419:3: note: in expansion of macro &#39;WIRE&#39;
   WIRE.beginTransmission(PCF8523_ADDRESS);
   ^~~~
/home/ec2-user/arduino-testlib/cli-datadir/user/libraries/PCF8523/PCF8523.cpp:46:15: note: suggested alternative: &#39;Wire&#39;
  #define WIRE Wire1
               ^
/home/ec2-user/arduino-testlib/cli-datadir/user/libraries/PCF8523/PCF8523.cpp:419:3: note: in expansion of macro &#39;WIRE&#39;
   WIRE.beginTransmission(PCF8523_ADDRESS);
   ^~~~
/home/ec2-user/arduino-testlib/cli-datadir/user/libraries/PCF8523/PCF8523.cpp: In member function &#39;void PCF8523::getAlarm(ALARM_SETTINGS*)&#39;:
/home/ec2-user/arduino-testlib/cli-datadir/user/libraries/PCF8523/PCF8523.cpp:46:15: error: &#39;Wire1&#39; was not declared in this scope
  #define WIRE Wire1
               ^
/home/ec2-user/arduino-testlib/cli-datadir/user/libraries/PCF8523/PCF8523.cpp:433:3: note: in expansion of macro &#39;WIRE&#39;
   WIRE.beginTransmission(PCF8523_ADDRESS);
   ^~~~
/home/ec2-user/arduino-testlib/cli-datadir/user/libraries/PCF8523/PCF8523.cpp:46:15: note: suggested alternative: &#39;Wire&#39;
  #define WIRE Wire1
               ^
/home/ec2-user/arduino-testlib/cli-datadir/user/libraries/PCF8523/PCF8523.cpp:433:3: note: in expansion of macro &#39;WIRE&#39;
   WIRE.beginTransmission(PCF8523_ADDRESS);
   ^~~~
/home/ec2-user/arduino-testlib/cli-datadir/user/libraries/PCF8523/PCF8523.cpp: In member function &#39;void PCF8523::enableAlarm(bool)&#39;:
/home/ec2-user/arduino-testlib/cli-datadir/user/libraries/PCF8523/PCF8523.cpp:499:10: error: &#39;_BV&#39; was not declared in this scope
   tmp |= _BV(PCF8523_CONTROL_1_AIE_BIT);
          ^~~
/home/ec2-user/arduino-testlib/cli-datadir/user/libraries/PCF8523/PCF8523.cpp:499:10: note: suggested alternative: &#39;_B&#39;
   tmp |= _BV(PCF8523_CONTROL_1_AIE_BIT);
          ^~~
          _B
/home/ec2-user/arduino-testlib/cli-datadir/user/libraries/PCF8523/PCF8523.cpp:503:11: error: &#39;_BV&#39; was not declared in this scope
   tmp &amp;= ~_BV(PCF8523_CONTROL_1_AIE_BIT); // Disable the AIE bit
           ^~~
/home/ec2-user/arduino-testlib/cli-datadir/user/libraries/PCF8523/PCF8523.cpp:503:11: note: suggested alternative: &#39;_B&#39;
   tmp &amp;= ~_BV(PCF8523_CONTROL_1_AIE_BIT); // Disable the AIE bit
           ^~~
           _B
/home/ec2-user/arduino-testlib/cli-datadir/user/libraries/PCF8523/PCF8523.cp</pre>

					
				
				<h3 id="arduino:megaavr:nona4809">arduino:megaavr:nona4809 @ 1.8.7</h3>
				<h4>Inclusion</h4>
				<p>
					Result: <b>PASS</b>
					
				</p>
				<pre class="pre-scrollable">Sketch uses 3104 bytes (6%) of program storage space. Maximum is 49152 bytes.
Global variables use 317 bytes (5%) of dynamic memory, leaving 5827 bytes for local variables. Maximum is 6144 bytes.
In file included from /home/ec2-user/arduino-testlib/cli-datadir/user/libraries/PCF8523/PCF8523.cpp:37:0:
/home/ec2-user/arduino-testlib/cli-datadir/data/packages/arduino/hardware/megaavr/1.8.7/libraries/Wire/src/Wire.h: In member function &#39;void PCF8523::rtcReadReg(uint8_t*, uint8_t, uint8_t)&#39;:
/home/ec2-user/arduino-testlib/cli-datadir/data/packages/arduino/hardware/megaavr/1.8.7/libraries/Wire/src/Wire.h:63:12: note: candidate 1: size_t TwoWire::requestFrom(int, int)
     size_t requestFrom(int, int);
            ^~~~~~~~~~~
/home/ec2-user/arduino-testlib/cli-datadir/data/packages/arduino/hardware/megaavr/1.8.7/libraries/Wire/src/Wire.h:61:12: note: candidate 2: virtual size_t TwoWire::requestFrom(uint8_t, size_t)
     size_t requestFrom(uint8_t, size_t);
            ^~~~~~~~~~~
/home/ec2-user/arduino-testlib/cli-datadir/data/packages/arduino/hardware/megaavr/1.8.7/libraries/Wire/src/Wire.h: In member function &#39;void PCF8523::getAlarm(uint8_t*)&#39;:
/home/ec2-user/arduino-testlib/cli-datadir/data/packages/arduino/hardware/megaavr/1.8.7/libraries/Wire/src/Wire.h:63:12: note: candidate 1: size_t TwoWire::requestFrom(int, int)
     size_t requestFrom(int, int);
            ^~~~~~~~~~~
/home/ec2-user/arduino-testlib/cli-datadir/data/packages/arduino/hardware/megaavr/1.8.7/libraries/Wire/src/Wire.h:61:12: note: candidate 2: virtual size_t TwoWire::requestFrom(uint8_t, size_t)
     size_t requestFrom(uint8_t, size_t);
            ^~~~~~~~~~~
/home/ec2-user/arduino-testlib/cli-datadir/data/packages/arduino/hardware/megaavr/1.8.7/libraries/Wire/src/Wire.h: In member function &#39;void PCF8523::getAlarm(ALARM_SETTINGS*)&#39;:
/home/ec2-user/arduino-testlib/cli-datadir/data/packages/arduino/hardware/megaavr/1.8.7/libraries/Wire/src/Wire.h:63:12: note: candidate 1: size_t TwoWire::requestFrom(int, int)
     size_t requestFrom(int, int);
            ^~~~~~~~~~~
/home/ec2-user/arduino-testlib/cli-datadir/data/packages/arduino/hardware/megaavr/1.8.7/libraries/Wire/src/Wire.h:61:12: note: candidate 2: virtual size_t TwoWire::requestFrom(uint8_t, size_t)
     size_t requestFrom(uint8_t, size_t);
            ^~~~~~~~~~~
</pre>

					
				
				<h3 id="arduino:samd:mkrwifi1010">arduino:samd:mkrwifi1010 @ 1.8.12</h3>
				<h4>Inclusion</h4>
				<p>
					Result: <b>FAIL</b>
					
				</p>
				<pre class="pre-scrollable">/home/ec2-user/arduino-testlib/cli-datadir/user/libraries/PCF8523/PCF8523.cpp: In member function &#39;uint8_t PCF8523::isrunning()&#39;:
/home/ec2-user/arduino-testlib/cli-datadir/user/libraries/PCF8523/PCF8523.cpp:46:15: error: &#39;Wire1&#39; was not declared in this scope
  #define WIRE Wire1
               ^
/home/ec2-user/arduino-testlib/cli-datadir/user/libraries/PCF8523/PCF8523.cpp:266:3: note: in expansion of macro &#39;WIRE&#39;
   WIRE.beginTransmission(PCF8523_ADDRESS);
   ^~~~
/home/ec2-user/arduino-testlib/cli-datadir/user/libraries/PCF8523/PCF8523.cpp:46:15: note: suggested alternative: &#39;Wire&#39;
  #define WIRE Wire1
               ^
/home/ec2-user/arduino-testlib/cli-datadir/user/libraries/PCF8523/PCF8523.cpp:266:3: note: in expansion of macro &#39;WIRE&#39;
   WIRE.beginTransmission(PCF8523_ADDRESS);
   ^~~~
/home/ec2-user/arduino-testlib/cli-datadir/user/libraries/PCF8523/PCF8523.cpp: In static member function &#39;static void PCF8523::setTime(const DateTime&amp;)&#39;:
/home/ec2-user/arduino-testlib/cli-datadir/user/libraries/PCF8523/PCF8523.cpp:46:15: error: &#39;Wire1&#39; was not declared in this scope
  #define WIRE Wire1
               ^
/home/ec2-user/arduino-testlib/cli-datadir/user/libraries/PCF8523/PCF8523.cpp:279:3: note: in expansion of macro &#39;WIRE&#39;
   WIRE.beginTransmission(PCF8523_ADDRESS);
   ^~~~
/home/ec2-user/arduino-testlib/cli-datadir/user/libraries/PCF8523/PCF8523.cpp:46:15: note: suggested alternative: &#39;Wire&#39;
  #define WIRE Wire1
               ^
/home/ec2-user/arduino-testlib/cli-datadir/user/libraries/PCF8523/PCF8523.cpp:279:3: note: in expansion of macro &#39;WIRE&#39;
   WIRE.beginTransmission(PCF8523_ADDRESS);
   ^~~~
/home/ec2-user/arduino-testlib/cli-datadir/user/libraries/PCF8523/PCF8523.cpp: In static member function &#39;static DateTime PCF8523::readTime()&#39;:
/home/ec2-user/arduino-testlib/cli-datadir/user/libraries/PCF8523/PCF8523.cpp:46:15: error: &#39;Wire1&#39; was not declared in this scope
  #define WIRE Wire1
               ^
/home/ec2-user/arduino-testlib/cli-datadir/user/libraries/PCF8523/PCF8523.cpp:301:3: note: in expansion of macro &#39;WIRE&#39;
   WIRE.beginTransmission(PCF8523_ADDRESS);
   ^~~~
/home/ec2-user/arduino-testlib/cli-datadir/user/libraries/PCF8523/PCF8523.cpp:46:15: note: suggested alternative: &#39;Wire&#39;
  #define WIRE Wire1
               ^
/home/ec2-user/arduino-testlib/cli-datadir/user/libraries/PCF8523/PCF8523.cpp:301:3: note: in expansion of macro &#39;WIRE&#39;
   WIRE.beginTransmission(PCF8523_ADDRESS);
   ^~~~
/home/ec2-user/arduino-testlib/cli-datadir/user/libraries/PCF8523/PCF8523.cpp: In member function &#39;void PCF8523::rtcReadReg(uint8_t*, uint8_t, uint8_t)&#39;:
/home/ec2-user/arduino-testlib/cli-datadir/user/libraries/PCF8523/PCF8523.cpp:46:15: error: &#39;Wire1&#39; was not declared in this scope
  #define WIRE Wire1
               ^
/home/ec2-user/arduino-testlib/cli-datadir/user/libraries/PCF8523/PCF8523.cpp:324:3: note: in expansion of macro &#39;WIRE&#39;
   WIRE.beginTransmission(PCF8523_ADDRESS);
   ^~~~
/home/ec2-user/arduino-testlib/cli-datadir/user/libraries/PCF8523/PCF8523.cpp:46:15: note: suggested alternative: &#39;Wire&#39;
  #define WIRE Wire1
               ^
/home/ec2-user/arduino-testlib/cli-datadir/user/libraries/PCF8523/PCF8523.cpp:324:3: note: in expansion of macro &#39;WIRE&#39;
   WIRE.beginTransmission(PCF8523_ADDRESS);
   ^~~~
/home/ec2-user/arduino-testlib/cli-datadir/user/libraries/PCF8523/PCF8523.cpp: In member function &#39;void PCF8523::rtcWriteReg(uint8_t, uint8_t*, uint8_t)&#39;:
/home/ec2-user/arduino-testlib/cli-datadir/user/libraries/PCF8523/PCF8523.cpp:46:15: error: &#39;Wire1&#39; was not declared in this scope
  #define WIRE Wire1
               ^
/home/ec2-user/arduino-testlib/cli-datadir/user/libraries/PCF8523/PCF8523.cpp:340:3: note: in expansion of macro &#39;WIRE&#39;
   WIRE.beginTransmission(PCF8523_ADDRESS);
   ^~~~
/home/ec2-user/arduino-testlib/cli-datadir/user/libraries/PCF8523/PCF8523.cpp:46:15: note: suggested alternative: &#39;Wire&#39;
  #define WIRE Wire1
               ^
/home/ec2-user/arduino-testlib/cli-datadir/user/libraries/PCF8523/PCF8523.cpp:340:3: note: in expansion of macro &#39;WIRE&#39;
   WIRE.beginTransmission(PCF8523_ADDRESS);
   ^~~~
/home/ec2-user/arduino-testlib/cli-datadir/user/libraries/PCF8523/PCF8523.cpp: In member function &#39;void PCF8523::setAlarm(uint8_t, uint8_t, uint8_t)&#39;:
/home/ec2-user/arduino-testlib/cli-datadir/user/libraries/PCF8523/PCF8523.cpp:46:15: error: &#39;Wire1&#39; was not declared in this scope
  #define WIRE Wire1
               ^
/home/ec2-user/arduino-testlib/cli-datadir/user/libraries/PCF8523/PCF8523.cpp:367:3: note: in expansion of macro &#39;WIRE&#39;
   WIRE.beginTransmission(PCF8523_ADDRESS);
   ^~~~
/home/ec2-user/arduino-testlib/cli-datadir/user/libraries/PCF8523/PCF8523.cpp:46:15: note: suggested alternative: &#39;Wire&#39;
  #define WIRE Wire1
               ^
/home/ec2-user/arduino-testlib/cli-datadir/user/libraries/PCF8523/PCF8523.cpp:367:3: note: in expansion of macro &#39;WIRE&#39;
   WIRE.beginTransmission(PCF8523_ADDRESS);
   ^~~~
/home/ec2-user/arduino-testlib/cli-datadir/user/libraries/PCF8523/PCF8523.cpp: In member function &#39;void PCF8523::setAlarm(uint8_t, uint8_t)&#39;:
/home/ec2-user/arduino-testlib/cli-datadir/user/libraries/PCF8523/PCF8523.cpp:46:15: error: &#39;Wire1&#39; was not declared in this scope
  #define WIRE Wire1
               ^
/home/ec2-user/arduino-testlib/cli-datadir/user/libraries/PCF8523/PCF8523.cpp:380:3: note: in expansion of macro &#39;WIRE&#39;
   WIRE.beginTransmission(PCF8523_ADDRESS);
   ^~~~
/home/ec2-user/arduino-testlib/cli-datadir/user/libraries/PCF8523/PCF8523.cpp:46:15: note: suggested alternative: &#39;Wire&#39;
  #define WIRE Wire1
               ^
/home/ec2-user/arduino-testlib/cli-datadir/user/libraries/PCF8523/PCF8523.cpp:380:3: note: in expansion of macro &#39;WIRE&#39;
   WIRE.beginTransmission(PCF8523_ADDRESS);
   ^~~~
/home/ec2-user/arduino-testlib/cli-datadir/user/libraries/PCF8523/PCF8523.cpp: In member function &#39;void PCF8523::setAlarm(uint8_t)&#39;:
/home/ec2-user/arduino-testlib/cli-datadir/user/libraries/PCF8523/PCF8523.cpp:46:15: error: &#39;Wire1&#39; was not declared in this scope
  #define WIRE Wire1
               ^
/home/ec2-user/arduino-testlib/cli-datadir/user/libraries/PCF8523/PCF8523.cpp:392:3: note: in expansion of macro &#39;WIRE&#39;
   WIRE.beginTransmission(PCF8523_ADDRESS);
   ^~~~
/home/ec2-user/arduino-testlib/cli-datadir/user/libraries/PCF8523/PCF8523.cpp:46:15: note: suggested alternative: &#39;Wire&#39;
  #define WIRE Wire1
               ^
/home/ec2-user/arduino-testlib/cli-datadir/user/libraries/PCF8523/PCF8523.cpp:392:3: note: in expansion of macro &#39;WIRE&#39;
   WIRE.beginTransmission(PCF8523_ADDRESS);
   ^~~~
/home/ec2-user/arduino-testlib/cli-datadir/user/libraries/PCF8523/PCF8523.cpp: In member function &#39;void PCF8523::setWeekDayAlarm(eWEEKDAYS, uint8_t, uint8_t)&#39;:
/home/ec2-user/arduino-testlib/cli-datadir/user/libraries/PCF8523/PCF8523.cpp:46:15: error: &#39;Wire1&#39; was not declared in this scope
  #define WIRE Wire1
               ^
/home/ec2-user/arduino-testlib/cli-datadir/user/libraries/PCF8523/PCF8523.cpp:404:3: note: in expansion of macro &#39;WIRE&#39;
   WIRE.beginTransmission(PCF8523_ADDRESS);
   ^~~~
/home/ec2-user/arduino-testlib/cli-datadir/user/libraries/PCF8523/PCF8523.cpp:46:15: note: suggested alternative: &#39;Wire&#39;
  #define WIRE Wire1
               ^
/home/ec2-user/arduino-testlib/cli-datadir/user/libraries/PCF8523/PCF8523.cpp:404:3: note: in expansion of macro &#39;WIRE&#39;
   WIRE.beginTransmission(PCF8523_ADDRESS);
   ^~~~
/home/ec2-user/arduino-testlib/cli-datadir/user/libraries/PCF8523/PCF8523.cpp: In member function &#39;void PCF8523::getAlarm(uint8_t*)&#39;:
/home/ec2-user/arduino-testlib/cli-datadir/user/libraries/PCF8523/PCF8523.cpp:46:15: error: &#39;Wire1&#39; was not declared in this scope
  #define WIRE Wire1
               ^
/home/ec2-user/arduino-testlib/cli-datadir/user/libraries/PCF8523/PCF8523.cpp:419:3: note: in expansion of macro &#39;WIRE&#39;
   WIRE.beginTransmission(PCF8523_ADDRESS);
   ^~~~
/home/ec2-user/arduino-testlib/cli-datadir/user/libraries/PCF8523/PCF8523.cpp:46:15: note: suggested alternative: &#39;Wire&#39;
  #define WIRE Wire1
               ^
/home/ec2-user/arduino-testlib/cli-datadir/user/libraries/PCF8523/PCF8523.cpp:419:3: note: in expansion of macro &#39;WIRE&#39;
   WIRE.beginTransmission(PCF8523_ADDRESS);
   ^~~~
/home/ec2-user/arduino-testlib/cli-datadir/user/libraries/PCF8523/PCF8523.cpp: In member function &#39;void PCF8523::getAlarm(ALARM_SETTINGS*)&#39;:
/home/ec2-user/arduino-testlib/cli-datadir/user/libraries/PCF8523/PCF8523.cpp:46:15: error: &#39;Wire1&#39; was not declared in this scope
  #define WIRE Wire1
               ^
/home/ec2-user/arduino-testlib/cli-datadir/user/libraries/PCF8523/PCF8523.cpp:433:3: note: in expansion of macro &#39;WIRE&#39;
   WIRE.beginTransmission(PCF8523_ADDRESS);
   ^~~~
/home/ec2-user/arduino-testlib/cli-datadir/user/libraries/PCF8523/PCF8523.cpp:46:15: note: suggested alternative: &#39;Wire&#39;
  #define WIRE Wire1
               ^
/home/ec2-user/arduino-testlib/cli-datadir/user/libraries/PCF8523/PCF8523.cpp:433:3: note: in expansion of macro &#39;WIRE&#39;
   WIRE.beginTransmission(PCF8523_ADDRESS);
   ^~~~
/home/ec2-user/arduino-testlib/cli-datadir/user/libraries/PCF8523/PCF8523.cpp: In member function &#39;void PCF8523::enableAlarm(bool)&#39;:
/home/ec2-user/arduino-testlib/cli-datadir/user/libraries/PCF8523/PCF8523.cpp:499:10: error: &#39;_BV&#39; was not declared in this scope
   tmp |= _BV(PCF8523_CONTROL_1_AIE_BIT);
          ^~~
/home/ec2-user/arduino-testlib/cli-datadir/user/libraries/PCF8523/PCF8523.cpp:499:10: note: suggested alternative: &#39;_B&#39;
   tmp |= _BV(PCF8523_CONTROL_1_AIE_BIT);
          ^~~
          _B
/home/ec2-user/arduino-testlib/cli-datadir/user/libraries/PCF8523/PCF8523.cpp:503:11: error: &#39;_BV&#39; was not declared in this scope
   tmp &amp;= ~_BV(PCF8523_CONTROL_1_AIE_BIT); // Disable the AIE bit
           ^~~
/home/ec2-user/arduino-testlib/cli-datadir/user/libraries/PCF8523/PCF8523.cpp:503:11: note: suggested alternative: &#39;_B&#39;
   tmp &amp;= ~_BV(PCF8523_CONTROL_1_AIE_BIT); // Disable the AIE bit
           ^~~
           _B
/home/ec2-user/arduino-testlib/cli-datadir/user/libraries/PCF8523/PCF8523.cp</pre>

					
				
				<h3 id="esp32:esp32:d1_mini32">esp32:esp32:d1_mini32 @ 1.0.6</h3>
				<h4>Inclusion</h4>
				<p>
					Result: <b>PASS</b>
					
				</p>
				<pre class="pre-scrollable">Sketch uses 203210 bytes (15%) of program storage space. Maximum is 1310720 bytes.
Global variables use 13880 bytes (4%) of dynamic memory, leaving 313800 bytes for local variables. Maximum is 327680 bytes.
</pre>

					
				
			</div>
		</div>
	</div>
  </body>
</html>
