
<!doctype html>
<html lang="en">
  <head>
    <meta charset="utf-8">
    <meta name="viewport" content="width=device-width, initial-scale=1">
    <link href="https://cdn.jsdelivr.net/npm/bootstrap@5.0.2/dist/css/bootstrap.min.css" rel="stylesheet" integrity="sha384-EVSTQN3/azprG1Anm3QDgpJLIm9Nao0Yz1ztcQTwFspd3yD65VohhpuuCOmLASjC" crossorigin="anonymous">
    <title>arduino-testlib report</title>
	<style>
	.pass { background-color: #00FF00 !important; }
	.fail { background-color: #FF0000 !important; }
	</style>
  </head>
  <body>
	<div class="container">
		<div class="row">
			<div class="col">
				<h1>PCF8575 library - compatibility matrix</h1>
				<p>
					<small>This report was generated on Wednesday, 23-Feb-22 22:48:15 CET using 
					<a href="https://github.com/alranel/arduino-testlib">arduino-testlib</a>.</small>
				</p>

				<h2>PCF8575 library</h2>
				<p>
					Version: <b>1.0.2</b>
					<br />
					<a href="https://www.arduino.cc/reference/en/libraries/pcf8575-library/">More details</a>
				</p>

				<h2>Compatibility matrix</h2>
				<table class="table table-bordered">
					<tr>
						<th>Board</th>
						<th>Claims compatibility</th>
						<th>Inclusion</th>
						
						<th><pre>keyPressedPin1_storedOnBuffer_async</pre></th>
						
						<th><pre>ledEsp32OnTheSecondI2C</pre></th>
						
						<th><pre>readAll_Interrupt</pre></th>
						
						<th><pre>readAll_Interrupt_lowMemory</pre></th>
						
						<th><pre>blinkOnPin0</pre></th>
						
						<th><pre>interruptWemos</pre></th>
						
						<th><pre>keyPressedPin1</pre></th>
						
						<th><pre>keyPressed_withInterrupt</pre></th>
						
						<th><pre>ledWemos</pre></th>
						
						<th><pre>ledWemosInverted</pre></th>
						
					</tr>
					
					<tr>
						<td>
							<a href="#arduino%3aavr%3auno"><b>arduino:avr:uno</b></a>
							<br />
							<small>1.8.4</small>
						</td>

						
							<td>Yes</td>
							<td class="pass">PASS</td>
						
						
						
						

						
							
								
									
										
									
										
									
										
									
										
											
											<td class="fail">FAIL</td>
										
									
										
									
										
									
										
									
										
									
										
									
										
									
								
							
								
							
								
							
								
							
								
							
						
							
								
									
										
									
										
									
										
									
										
									
										
									
										
											
											<td class="fail">FAIL</td>
										
									
										
									
										
									
										
									
										
									
								
							
								
							
								
							
								
							
								
							
						
							
								
									
										
									
										
									
										
									
										
									
										
									
										
									
										
									
										
									
										
											
											<td class="fail">FAIL</td>
										
									
										
									
								
							
								
							
								
							
								
							
								
							
						
							
								
									
										
									
										
									
										
									
										
									
										
									
										
									
										
									
										
									
										
									
										
											
											<td class="fail">FAIL</td>
										
									
								
							
								
							
								
							
								
							
								
							
						
							
								
									
										
											
											<td class="fail">FAIL</td>
										
									
										
									
										
									
										
									
										
									
										
									
										
									
										
									
										
									
										
									
								
							
								
							
								
							
								
							
								
							
						
							
								
									
										
									
										
											
											<td class="fail">FAIL</td>
										
									
										
									
										
									
										
									
										
									
										
									
										
									
										
									
										
									
								
							
								
							
								
							
								
							
								
							
						
							
								
									
										
									
										
									
										
											
											<td class="fail">FAIL</td>
										
									
										
									
										
									
										
									
										
									
										
									
										
									
										
									
								
							
								
							
								
							
								
							
								
							
						
							
								
									
										
									
										
									
										
									
										
									
										
											
											<td class="fail">FAIL</td>
										
									
										
									
										
									
										
									
										
									
										
									
								
							
								
							
								
							
								
							
								
							
						
							
								
									
										
									
										
									
										
									
										
									
										
									
										
									
										
											
											<td class="fail">FAIL</td>
										
									
										
									
										
									
										
									
								
							
								
							
								
							
								
							
								
							
						
							
								
									
										
									
										
									
										
									
										
									
										
									
										
									
										
									
										
											
											<td class="fail">FAIL</td>
										
									
										
									
										
									
								
							
								
							
								
							
								
							
								
							
						
					</tr>
					
					<tr>
						<td>
							<a href="#arduino%3ambed_nano%3ananorp2040connect"><b>arduino:mbed_nano:nanorp2040connect</b></a>
							<br />
							<small>2.7.2</small>
						</td>

						
							<td>Yes</td>
							<td class="pass">PASS</td>
						
						
						
						

						
							
								
							
								
									
										
									
										
									
										
									
										
											
											<td class="fail">FAIL</td>
										
									
										
									
										
									
										
									
										
									
										
									
										
									
								
							
								
							
								
							
								
							
						
							
								
							
								
									
										
									
										
									
										
									
										
									
										
									
										
											
											<td class="fail">FAIL</td>
										
									
										
									
										
									
										
									
										
									
								
							
								
							
								
							
								
							
						
							
								
							
								
									
										
									
										
									
										
									
										
									
										
									
										
									
										
									
										
									
										
											
											<td class="fail">FAIL</td>
										
									
										
									
								
							
								
							
								
							
								
							
						
							
								
							
								
									
										
									
										
									
										
									
										
									
										
									
										
									
										
									
										
									
										
									
										
											
											<td class="fail">FAIL</td>
										
									
								
							
								
							
								
							
								
							
						
							
								
							
								
									
										
											
											<td class="fail">FAIL</td>
										
									
										
									
										
									
										
									
										
									
										
									
										
									
										
									
										
									
										
									
								
							
								
							
								
							
								
							
						
							
								
							
								
									
										
									
										
											
											<td class="fail">FAIL</td>
										
									
										
									
										
									
										
									
										
									
										
									
										
									
										
									
										
									
								
							
								
							
								
							
								
							
						
							
								
							
								
									
										
									
										
									
										
											
											<td class="fail">FAIL</td>
										
									
										
									
										
									
										
									
										
									
										
									
										
									
										
									
								
							
								
							
								
							
								
							
						
							
								
							
								
									
										
									
										
									
										
									
										
									
										
											
											<td class="fail">FAIL</td>
										
									
										
									
										
									
										
									
										
									
										
									
								
							
								
							
								
							
								
							
						
							
								
							
								
									
										
									
										
									
										
									
										
									
										
									
										
									
										
											
											<td class="fail">FAIL</td>
										
									
										
									
										
									
										
									
								
							
								
							
								
							
								
							
						
							
								
							
								
									
										
									
										
									
										
									
										
									
										
									
										
									
										
									
										
											
											<td class="fail">FAIL</td>
										
									
										
									
										
									
								
							
								
							
								
							
								
							
						
					</tr>
					
					<tr>
						<td>
							<a href="#arduino%3amegaavr%3anona4809"><b>arduino:megaavr:nona4809</b></a>
							<br />
							<small>1.8.7</small>
						</td>

						
							<td>Yes</td>
							<td class="pass">PASS</td>
						
						
						
						

						
							
								
							
								
							
								
									
										
									
										
									
										
									
										
											
											<td class="fail">FAIL</td>
										
									
										
									
										
									
										
									
										
									
										
									
										
									
								
							
								
							
								
							
						
							
								
							
								
							
								
									
										
									
										
									
										
									
										
									
										
									
										
											
											<td class="fail">FAIL</td>
										
									
										
									
										
									
										
									
										
									
								
							
								
							
								
							
						
							
								
							
								
							
								
									
										
									
										
									
										
									
										
									
										
									
										
									
										
									
										
									
										
											
											<td class="fail">FAIL</td>
										
									
										
									
								
							
								
							
								
							
						
							
								
							
								
							
								
									
										
									
										
									
										
									
										
									
										
									
										
									
										
									
										
									
										
									
										
											
											<td class="fail">FAIL</td>
										
									
								
							
								
							
								
							
						
							
								
							
								
							
								
									
										
											
											<td class="fail">FAIL</td>
										
									
										
									
										
									
										
									
										
									
										
									
										
									
										
									
										
									
										
									
								
							
								
							
								
							
						
							
								
							
								
							
								
									
										
									
										
											
											<td class="fail">FAIL</td>
										
									
										
									
										
									
										
									
										
									
										
									
										
									
										
									
										
									
								
							
								
							
								
							
						
							
								
							
								
							
								
									
										
									
										
									
										
											
											<td class="fail">FAIL</td>
										
									
										
									
										
									
										
									
										
									
										
									
										
									
										
									
								
							
								
							
								
							
						
							
								
							
								
							
								
									
										
									
										
									
										
									
										
									
										
											
											<td class="fail">FAIL</td>
										
									
										
									
										
									
										
									
										
									
										
									
								
							
								
							
								
							
						
							
								
							
								
							
								
									
										
									
										
									
										
									
										
									
										
									
										
									
										
											
											<td class="fail">FAIL</td>
										
									
										
									
										
									
										
									
								
							
								
							
								
							
						
							
								
							
								
							
								
									
										
									
										
									
										
									
										
									
										
									
										
									
										
									
										
											
											<td class="fail">FAIL</td>
										
									
										
									
										
									
								
							
								
							
								
							
						
					</tr>
					
					<tr>
						<td>
							<a href="#arduino%3asamd%3amkrwifi1010"><b>arduino:samd:mkrwifi1010</b></a>
							<br />
							<small>1.8.12</small>
						</td>

						
							<td>Yes</td>
							<td class="pass">PASS</td>
						
						
						
						

						
							
								
							
								
							
								
							
								
									
										
									
										
									
										
									
										
											
											<td class="fail">FAIL</td>
										
									
										
									
										
									
										
									
										
									
										
									
										
									
								
							
								
							
						
							
								
							
								
							
								
							
								
									
										
									
										
									
										
									
										
									
										
									
										
											
											<td class="fail">FAIL</td>
										
									
										
									
										
									
										
									
										
									
								
							
								
							
						
							
								
							
								
							
								
							
								
									
										
									
										
									
										
									
										
									
										
									
										
									
										
									
										
									
										
											
											<td class="fail">FAIL</td>
										
									
										
									
								
							
								
							
						
							
								
							
								
							
								
							
								
									
										
									
										
									
										
									
										
									
										
									
										
									
										
									
										
									
										
									
										
											
											<td class="fail">FAIL</td>
										
									
								
							
								
							
						
							
								
							
								
							
								
							
								
									
										
											
											<td class="fail">FAIL</td>
										
									
										
									
										
									
										
									
										
									
										
									
										
									
										
									
										
									
										
									
								
							
								
							
						
							
								
							
								
							
								
							
								
									
										
									
										
											
											<td class="fail">FAIL</td>
										
									
										
									
										
									
										
									
										
									
										
									
										
									
										
									
										
									
								
							
								
							
						
							
								
							
								
							
								
							
								
									
										
									
										
									
										
											
											<td class="fail">FAIL</td>
										
									
										
									
										
									
										
									
										
									
										
									
										
									
										
									
								
							
								
							
						
							
								
							
								
							
								
							
								
									
										
									
										
									
										
									
										
									
										
											
											<td class="fail">FAIL</td>
										
									
										
									
										
									
										
									
										
									
										
									
								
							
								
							
						
							
								
							
								
							
								
							
								
									
										
									
										
									
										
									
										
									
										
									
										
									
										
											
											<td class="fail">FAIL</td>
										
									
										
									
										
									
										
									
								
							
								
							
						
							
								
							
								
							
								
							
								
									
										
									
										
									
										
									
										
									
										
									
										
									
										
									
										
											
											<td class="fail">FAIL</td>
										
									
										
									
										
									
								
							
								
							
						
					</tr>
					
					<tr>
						<td>
							<a href="#esp32%3aesp32%3ad1_mini32"><b>esp32:esp32:d1_mini32</b></a>
							<br />
							<small>1.0.6</small>
						</td>

						
							<td>Yes</td>
							<td class="pass">PASS</td>
						
						
						
						

						
							
								
							
								
							
								
							
								
							
								
									
										
									
										
									
										
									
										
											
											<td class="fail">FAIL</td>
										
									
										
									
										
									
										
									
										
									
										
									
										
									
								
							
						
							
								
							
								
							
								
							
								
							
								
									
										
									
										
									
										
									
										
									
										
									
										
											
											<td class="fail">FAIL</td>
										
									
										
									
										
									
										
									
										
									
								
							
						
							
								
							
								
							
								
							
								
							
								
									
										
									
										
									
										
									
										
									
										
									
										
									
										
									
										
									
										
											
											<td class="fail">FAIL</td>
										
									
										
									
								
							
						
							
								
							
								
							
								
							
								
							
								
									
										
									
										
									
										
									
										
									
										
									
										
									
										
									
										
									
										
									
										
											
											<td class="fail">FAIL</td>
										
									
								
							
						
							
								
							
								
							
								
							
								
							
								
									
										
											
											<td class="fail">FAIL</td>
										
									
										
									
										
									
										
									
										
									
										
									
										
									
										
									
										
									
										
									
								
							
						
							
								
							
								
							
								
							
								
							
								
									
										
									
										
											
											<td class="fail">FAIL</td>
										
									
										
									
										
									
										
									
										
									
										
									
										
									
										
									
										
									
								
							
						
							
								
							
								
							
								
							
								
							
								
									
										
									
										
									
										
											
											<td class="fail">FAIL</td>
										
									
										
									
										
									
										
									
										
									
										
									
										
									
										
									
								
							
						
							
								
							
								
							
								
							
								
							
								
									
										
									
										
									
										
									
										
									
										
											
											<td class="fail">FAIL</td>
										
									
										
									
										
									
										
									
										
									
										
									
								
							
						
							
								
							
								
							
								
							
								
							
								
									
										
									
										
									
										
									
										
									
										
									
										
									
										
											
											<td class="fail">FAIL</td>
										
									
										
									
										
									
										
									
								
							
						
							
								
							
								
							
								
							
								
							
								
									
										
									
										
									
										
									
										
									
										
									
										
									
										
									
										
											
											<td class="fail">FAIL</td>
										
									
										
									
										
									
								
							
						
					</tr>
					
				</table>

				<h2>Compilation logs</h2>
				
				<h3 id="arduino:avr:uno">arduino:avr:uno @ 1.8.4</h3>
				<h4>Inclusion</h4>
				<p>
					Result: <b>PASS</b>
					
					<br />This library has no main header file so an empty one was created.
					
				</p>
				<pre class="pre-scrollable">Sketch uses 1636 bytes (5%) of program storage space. Maximum is 32256 bytes.
Global variables use 122 bytes (5%) of dynamic memory, leaving 1926 bytes for local variables. Maximum is 2048 bytes.
</pre>

					
					<h4>examples/blinkOnPin0</h4>
					<p>
						Result: <b>FAIL</b>
					</p>
					<pre class="pre-scrollable">/home/ec2-user/arduino-testlib/cli-datadir/user/libraries/PCF8575_library/examples/blinkOnPin0/blinkOnPin0.ino: In function &#39;void setup()&#39;:
/home/ec2-user/arduino-testlib/cli-datadir/user/libraries/PCF8575_library/examples/blinkOnPin0/blinkOnPin0.ino:19:10: error: &#39;class PCF8575&#39; has no member named &#39;pinMode&#39;
  pcf8575.pinMode(P0, OUTPUT);
          ^~~~~~~
/home/ec2-user/arduino-testlib/cli-datadir/user/libraries/PCF8575_library/examples/blinkOnPin0/blinkOnPin0.ino:19:18: error: &#39;P0&#39; was not declared in this scope
  pcf8575.pinMode(P0, OUTPUT);
                  ^~
/home/ec2-user/arduino-testlib/cli-datadir/user/libraries/PCF8575_library/examples/blinkOnPin0/blinkOnPin0.ino:19:18: note: suggested alternative: &#39;A0&#39;
  pcf8575.pinMode(P0, OUTPUT);
                  ^~
                  A0
/home/ec2-user/arduino-testlib/cli-datadir/user/libraries/PCF8575_library/examples/blinkOnPin0/blinkOnPin0.ino: In function &#39;void loop()&#39;:
/home/ec2-user/arduino-testlib/cli-datadir/user/libraries/PCF8575_library/examples/blinkOnPin0/blinkOnPin0.ino:26:10: error: &#39;class PCF8575&#39; has no member named &#39;digitalWrite&#39;
  pcf8575.digitalWrite(P0, HIGH);
          ^~~~~~~~~~~~
/home/ec2-user/arduino-testlib/cli-datadir/user/libraries/PCF8575_library/examples/blinkOnPin0/blinkOnPin0.ino:26:23: error: &#39;P0&#39; was not declared in this scope
  pcf8575.digitalWrite(P0, HIGH);
                       ^~
/home/ec2-user/arduino-testlib/cli-datadir/user/libraries/PCF8575_library/examples/blinkOnPin0/blinkOnPin0.ino:26:23: note: suggested alternative: &#39;A0&#39;
  pcf8575.digitalWrite(P0, HIGH);
                       ^~
                       A0
/home/ec2-user/arduino-testlib/cli-datadir/user/libraries/PCF8575_library/examples/blinkOnPin0/blinkOnPin0.ino:28:10: error: &#39;class PCF8575&#39; has no member named &#39;digitalWrite&#39;
  pcf8575.digitalWrite(P0, LOW);
          ^~~~~~~~~~~~
Multiple libraries were found for &#34;PCF8575.h&#34;
  Used: /home/ec2-user/arduino-testlib/cli-datadir/user/libraries/PCF8575
  Not used: /home/ec2-user/arduino-testlib/cli-datadir/user/libraries/PCF8575_library
</pre>
					
					<h4>examples/interruptWemos</h4>
					<p>
						Result: <b>FAIL</b>
					</p>
					<pre class="pre-scrollable">/home/ec2-user/arduino-testlib/cli-datadir/user/libraries/PCF8575_library/examples/interruptWemos/interruptWemos.ino: In function &#39;void setup()&#39;:
/home/ec2-user/arduino-testlib/cli-datadir/user/libraries/PCF8575_library/examples/interruptWemos/interruptWemos.ino:49:13: error: &#39;class PCF8575&#39; has no member named &#39;pinMode&#39;
     pcf8575.pinMode(i, INPUT);
             ^~~~~~~
/home/ec2-user/arduino-testlib/cli-datadir/user/libraries/PCF8575_library/examples/interruptWemos/interruptWemos.ino: In function &#39;void loop()&#39;:
/home/ec2-user/arduino-testlib/cli-datadir/user/libraries/PCF8575_library/examples/interruptWemos/interruptWemos.ino:57:14: error: &#39;DigitalInput&#39; is not a member of &#39;PCF8575&#39;
     PCF8575::DigitalInput val = pcf8575.digitalReadAll();
              ^~~~~~~~~~~~
/home/ec2-user/arduino-testlib/cli-datadir/user/libraries/PCF8575_library/examples/interruptWemos/interruptWemos.ino:58:9: error: &#39;val&#39; was not declared in this scope
     if (val.p0==HIGH) Serial.println(&#34;KEY0 PRESSED&#34;);
         ^~~
/home/ec2-user/arduino-testlib/cli-datadir/user/libraries/PCF8575_library/examples/interruptWemos/interruptWemos.ino:59:9: error: &#39;val&#39; was not declared in this scope
     if (val.p1==HIGH) Serial.println(&#34;KEY1 PRESSED&#34;);
         ^~~
/home/ec2-user/arduino-testlib/cli-datadir/user/libraries/PCF8575_library/examples/interruptWemos/interruptWemos.ino:60:9: error: &#39;val&#39; was not declared in this scope
     if (val.p2==HIGH) Serial.println(&#34;KEY2 PRESSED&#34;);
         ^~~
/home/ec2-user/arduino-testlib/cli-datadir/user/libraries/PCF8575_library/examples/interruptWemos/interruptWemos.ino:61:9: error: &#39;val&#39; was not declared in this scope
     if (val.p3==HIGH) Serial.println(&#34;KEY3 PRESSED&#34;);
         ^~~
/home/ec2-user/arduino-testlib/cli-datadir/user/libraries/PCF8575_library/examples/interruptWemos/interruptWemos.ino:62:9: error: &#39;val&#39; was not declared in this scope
     if (val.p4==HIGH) Serial.println(&#34;KEY4 PRESSED&#34;);
         ^~~
/home/ec2-user/arduino-testlib/cli-datadir/user/libraries/PCF8575_library/examples/interruptWemos/interruptWemos.ino:63:9: error: &#39;val&#39; was not declared in this scope
     if (val.p5==HIGH) Serial.println(&#34;KEY5 PRESSED&#34;);
         ^~~
/home/ec2-user/arduino-testlib/cli-datadir/user/libraries/PCF8575_library/examples/interruptWemos/interruptWemos.ino:64:9: error: &#39;val&#39; was not declared in this scope
     if (val.p6==HIGH) Serial.println(&#34;KEY6 PRESSED&#34;);
         ^~~
/home/ec2-user/arduino-testlib/cli-datadir/user/libraries/PCF8575_library/examples/interruptWemos/interruptWemos.ino:65:9: error: &#39;val&#39; was not declared in this scope
     if (val.p7==HIGH) Serial.println(&#34;KEY7 PRESSED&#34;);
         ^~~
/home/ec2-user/arduino-testlib/cli-datadir/user/libraries/PCF8575_library/examples/interruptWemos/interruptWemos.ino:66:9: error: &#39;val&#39; was not declared in this scope
     if (val.p8==HIGH) Serial.println(&#34;KEY8 PRESSED&#34;);
         ^~~
/home/ec2-user/arduino-testlib/cli-datadir/user/libraries/PCF8575_library/examples/interruptWemos/interruptWemos.ino:67:9: error: &#39;val&#39; was not declared in this scope
     if (val.p9==HIGH) Serial.println(&#34;KEY9 PRESSED&#34;);
         ^~~
/home/ec2-user/arduino-testlib/cli-datadir/user/libraries/PCF8575_library/examples/interruptWemos/interruptWemos.ino:68:9: error: &#39;val&#39; was not declared in this scope
     if (val.p10==HIGH) Serial.println(&#34;KEY10 PRESSED&#34;);
         ^~~
/home/ec2-user/arduino-testlib/cli-datadir/user/libraries/PCF8575_library/examples/interruptWemos/interruptWemos.ino:69:9: error: &#39;val&#39; was not declared in this scope
     if (val.p11==HIGH) Serial.println(&#34;KEY11 PRESSED&#34;);
         ^~~
/home/ec2-user/arduino-testlib/cli-datadir/user/libraries/PCF8575_library/examples/interruptWemos/interruptWemos.ino:70:9: error: &#39;val&#39; was not declared in this scope
     if (val.p12==HIGH) Serial.println(&#34;KEY12 PRESSED&#34;);
         ^~~
/home/ec2-user/arduino-testlib/cli-datadir/user/libraries/PCF8575_library/examples/interruptWemos/interruptWemos.ino:71:9: error: &#39;val&#39; was not declared in this scope
     if (val.p13==HIGH) Serial.println(&#34;KEY13 PRESSED&#34;);
         ^~~
/home/ec2-user/arduino-testlib/cli-datadir/user/libraries/PCF8575_library/examples/interruptWemos/interruptWemos.ino:72:9: error: &#39;val&#39; was not declared in this scope
     if (val.p14==HIGH) Serial.println(&#34;KEY14 PRESSED&#34;);
         ^~~
/home/ec2-user/arduino-testlib/cli-datadir/user/libraries/PCF8575_library/examples/interruptWemos/interruptWemos.ino:73:9: error: &#39;val&#39; was not declared in this scope
     if (val.p15==HIGH) Serial.println(&#34;KEY15 PRESSED&#34;);
         ^~~
Multiple libraries were found for &#34;PCF8575.h&#34;
  Used: /home/ec2-user/arduino-testlib/cli-datadir/user/libraries/PCF8575
  Not used: /home/ec2-user/arduino-testlib/cli-datadir/user/libraries/PCF8575_library
</pre>
					
					<h4>examples/keyPressedPin1</h4>
					<p>
						Result: <b>FAIL</b>
					</p>
					<pre class="pre-scrollable">/home/ec2-user/arduino-testlib/cli-datadir/user/libraries/PCF8575_library/examples/keyPressedPin1/keyPressedPin1.ino: In function &#39;void setup()&#39;:
/home/ec2-user/arduino-testlib/cli-datadir/user/libraries/PCF8575_library/examples/keyPressedPin1/keyPressedPin1.ino:18:10: error: &#39;class PCF8575&#39; has no member named &#39;pinMode&#39;
  pcf8575.pinMode(P1, INPUT);
          ^~~~~~~
/home/ec2-user/arduino-testlib/cli-datadir/user/libraries/PCF8575_library/examples/keyPressedPin1/keyPressedPin1.ino:18:18: error: &#39;P1&#39; was not declared in this scope
  pcf8575.pinMode(P1, INPUT);
                  ^~
/home/ec2-user/arduino-testlib/cli-datadir/user/libraries/PCF8575_library/examples/keyPressedPin1/keyPressedPin1.ino:18:18: note: suggested alternative: &#39;A1&#39;
  pcf8575.pinMode(P1, INPUT);
                  ^~
                  A1
/home/ec2-user/arduino-testlib/cli-datadir/user/libraries/PCF8575_library/examples/keyPressedPin1/keyPressedPin1.ino: In function &#39;void loop()&#39;:
/home/ec2-user/arduino-testlib/cli-datadir/user/libraries/PCF8575_library/examples/keyPressedPin1/keyPressedPin1.ino:25:24: error: &#39;class PCF8575&#39; has no member named &#39;digitalRead&#39;
  uint8_t val = pcf8575.digitalRead(P1);
                        ^~~~~~~~~~~
/home/ec2-user/arduino-testlib/cli-datadir/user/libraries/PCF8575_library/examples/keyPressedPin1/keyPressedPin1.ino:25:36: error: &#39;P1&#39; was not declared in this scope
  uint8_t val = pcf8575.digitalRead(P1);
                                    ^~
/home/ec2-user/arduino-testlib/cli-datadir/user/libraries/PCF8575_library/examples/keyPressedPin1/keyPressedPin1.ino:25:36: note: suggested alternative: &#39;A1&#39;
  uint8_t val = pcf8575.digitalRead(P1);
                                    ^~
                                    A1
Multiple libraries were found for &#34;PCF8575.h&#34;
  Used: /home/ec2-user/arduino-testlib/cli-datadir/user/libraries/PCF8575
  Not used: /home/ec2-user/arduino-testlib/cli-datadir/user/libraries/PCF8575_library
</pre>
					
					<h4>examples/keyPressedPin1_storedOnBuffer_async</h4>
					<p>
						Result: <b>FAIL</b>
					</p>
					<pre class="pre-scrollable">/home/ec2-user/arduino-testlib/cli-datadir/user/libraries/PCF8575_library/examples/keyPressedPin1_storedOnBuffer_async/keyPressedPin1_storedOnBuffer_async.ino: In function &#39;void setup()&#39;:
/home/ec2-user/arduino-testlib/cli-datadir/user/libraries/PCF8575_library/examples/keyPressedPin1_storedOnBuffer_async/keyPressedPin1_storedOnBuffer_async.ino:18:10: error: &#39;class PCF8575&#39; has no member named &#39;pinMode&#39;
  pcf8575.pinMode(P1, INPUT);
          ^~~~~~~
/home/ec2-user/arduino-testlib/cli-datadir/user/libraries/PCF8575_library/examples/keyPressedPin1_storedOnBuffer_async/keyPressedPin1_storedOnBuffer_async.ino:18:18: error: &#39;P1&#39; was not declared in this scope
  pcf8575.pinMode(P1, INPUT);
                  ^~
/home/ec2-user/arduino-testlib/cli-datadir/user/libraries/PCF8575_library/examples/keyPressedPin1_storedOnBuffer_async/keyPressedPin1_storedOnBuffer_async.ino:18:18: note: suggested alternative: &#39;A1&#39;
  pcf8575.pinMode(P1, INPUT);
                  ^~
                  A1
/home/ec2-user/arduino-testlib/cli-datadir/user/libraries/PCF8575_library/examples/keyPressedPin1_storedOnBuffer_async/keyPressedPin1_storedOnBuffer_async.ino: In function &#39;void loop()&#39;:
/home/ec2-user/arduino-testlib/cli-datadir/user/libraries/PCF8575_library/examples/keyPressedPin1_storedOnBuffer_async/keyPressedPin1_storedOnBuffer_async.ino:28:10: error: &#39;class PCF8575&#39; has no member named &#39;readBuffer&#39;; did you mean &#39;readButton&#39;?
  pcf8575.readBuffer();
          ^~~~~~~~~~
          readButton
/home/ec2-user/arduino-testlib/cli-datadir/user/libraries/PCF8575_library/examples/keyPressedPin1_storedOnBuffer_async/keyPressedPin1_storedOnBuffer_async.ino:31:25: error: &#39;class PCF8575&#39; has no member named &#39;digitalRead&#39;
   uint8_t val = pcf8575.digitalRead(P1);
                         ^~~~~~~~~~~
/home/ec2-user/arduino-testlib/cli-datadir/user/libraries/PCF8575_library/examples/keyPressedPin1_storedOnBuffer_async/keyPressedPin1_storedOnBuffer_async.ino:31:37: error: &#39;P1&#39; was not declared in this scope
   uint8_t val = pcf8575.digitalRead(P1);
                                     ^~
/home/ec2-user/arduino-testlib/cli-datadir/user/libraries/PCF8575_library/examples/keyPressedPin1_storedOnBuffer_async/keyPressedPin1_storedOnBuffer_async.ino:31:37: note: suggested alternative: &#39;A1&#39;
   uint8_t val = pcf8575.digitalRead(P1);
                                     ^~
                                     A1
Multiple libraries were found for &#34;PCF8575.h&#34;
  Used: /home/ec2-user/arduino-testlib/cli-datadir/user/libraries/PCF8575
  Not used: /home/ec2-user/arduino-testlib/cli-datadir/user/libraries/PCF8575_library
</pre>
					
					<h4>examples/keyPressed_withInterrupt</h4>
					<p>
						Result: <b>FAIL</b>
					</p>
					<pre class="pre-scrollable">/home/ec2-user/arduino-testlib/cli-datadir/user/libraries/PCF8575_library/examples/keyPressed_withInterrupt/keyPressed_withInterrupt.ino:18:71: error: no matching function for call to &#39;PCF8575::PCF8575(int, int, void (&amp;)())&#39;
 PCF8575 pcf8575(0x39, ARDUINO_UNO_INTERRUPTED_PIN, keyPressedOnPCF8575);
                                                                       ^
In file included from /home/ec2-user/arduino-testlib/cli-datadir/user/libraries/PCF8575_library/examples/keyPressed_withInterrupt/keyPressed_withInterrupt.ino:9:0:
/home/ec2-user/arduino-testlib/cli-datadir/user/libraries/PCF8575/PCF8575.h:35:12: note: candidate: PCF8575::PCF8575(uint8_t, TwoWire*)
   explicit PCF8575(const uint8_t deviceAddress = 0x20, TwoWire *wire = &amp;Wire);
            ^~~~~~~
/home/ec2-user/arduino-testlib/cli-datadir/user/libraries/PCF8575/PCF8575.h:35:12: note:   candidate expects 2 arguments, 3 provided
/home/ec2-user/arduino-testlib/cli-datadir/user/libraries/PCF8575/PCF8575.h:31:7: note: candidate: constexpr PCF8575::PCF8575(const PCF8575&amp;)
 class PCF8575
       ^~~~~~~
/home/ec2-user/arduino-testlib/cli-datadir/user/libraries/PCF8575/PCF8575.h:31:7: note:   candidate expects 1 argument, 3 provided
/home/ec2-user/arduino-testlib/cli-datadir/user/libraries/PCF8575/PCF8575.h:31:7: note: candidate: constexpr PCF8575::PCF8575(PCF8575&amp;&amp;)
/home/ec2-user/arduino-testlib/cli-datadir/user/libraries/PCF8575/PCF8575.h:31:7: note:   candidate expects 1 argument, 3 provided
/home/ec2-user/arduino-testlib/cli-datadir/user/libraries/PCF8575_library/examples/keyPressed_withInterrupt/keyPressed_withInterrupt.ino: In function &#39;void setup()&#39;:
/home/ec2-user/arduino-testlib/cli-datadir/user/libraries/PCF8575_library/examples/keyPressed_withInterrupt/keyPressed_withInterrupt.ino:24:10: error: &#39;class PCF8575&#39; has no member named &#39;pinMode&#39;
  pcf8575.pinMode(P1, INPUT);
          ^~~~~~~
/home/ec2-user/arduino-testlib/cli-datadir/user/libraries/PCF8575_library/examples/keyPressed_withInterrupt/keyPressed_withInterrupt.ino:24:18: error: &#39;P1&#39; was not declared in this scope
  pcf8575.pinMode(P1, INPUT);
                  ^~
/home/ec2-user/arduino-testlib/cli-datadir/user/libraries/PCF8575_library/examples/keyPressed_withInterrupt/keyPressed_withInterrupt.ino:24:18: note: suggested alternative: &#39;A1&#39;
  pcf8575.pinMode(P1, INPUT);
                  ^~
                  A1
/home/ec2-user/arduino-testlib/cli-datadir/user/libraries/PCF8575_library/examples/keyPressed_withInterrupt/keyPressed_withInterrupt.ino: In function &#39;void loop()&#39;:
/home/ec2-user/arduino-testlib/cli-datadir/user/libraries/PCF8575_library/examples/keyPressed_withInterrupt/keyPressed_withInterrupt.ino:35:25: error: &#39;class PCF8575&#39; has no member named &#39;digitalRead&#39;
   uint8_t val = pcf8575.digitalRead(P1);
                         ^~~~~~~~~~~
/home/ec2-user/arduino-testlib/cli-datadir/user/libraries/PCF8575_library/examples/keyPressed_withInterrupt/keyPressed_withInterrupt.ino:35:37: error: &#39;P1&#39; was not declared in this scope
   uint8_t val = pcf8575.digitalRead(P1);
                                     ^~
/home/ec2-user/arduino-testlib/cli-datadir/user/libraries/PCF8575_library/examples/keyPressed_withInterrupt/keyPressed_withInterrupt.ino:35:37: note: suggested alternative: &#39;A1&#39;
   uint8_t val = pcf8575.digitalRead(P1);
                                     ^~
                                     A1
Multiple libraries were found for &#34;PCF8575.h&#34;
  Used: /home/ec2-user/arduino-testlib/cli-datadir/user/libraries/PCF8575
  Not used: /home/ec2-user/arduino-testlib/cli-datadir/user/libraries/PCF8575_library
</pre>
					
					<h4>examples/ledEsp32OnTheSecondI2C</h4>
					<p>
						Result: <b>FAIL</b>
					</p>
					<pre class="pre-scrollable">/home/ec2-user/arduino-testlib/cli-datadir/user/libraries/PCF8575_library/examples/ledEsp32OnTheSecondI2C/ledEsp32OnTheSecondI2C.ino:34:27: error: no matching function for call to &#39;TwoWire::TwoWire(int)&#39;
 TwoWire I2Cone = TwoWire(0);
                           ^
In file included from /home/ec2-user/arduino-testlib/cli-datadir/user/libraries/PCF8575/PCF8575.h:16:0,
                 from /home/ec2-user/arduino-testlib/cli-datadir/user/libraries/PCF8575_library/examples/ledEsp32OnTheSecondI2C/ledEsp32OnTheSecondI2C.ino:31:
/home/ec2-user/arduino-testlib/cli-datadir/data/packages/arduino/hardware/avr/1.8.4/libraries/Wire/src/Wire.h:52:5: note: candidate: TwoWire::TwoWire()
     TwoWire();
     ^~~~~~~
/home/ec2-user/arduino-testlib/cli-datadir/data/packages/arduino/hardware/avr/1.8.4/libraries/Wire/src/Wire.h:52:5: note:   candidate expects 0 arguments, 1 provided
/home/ec2-user/arduino-testlib/cli-datadir/data/packages/arduino/hardware/avr/1.8.4/libraries/Wire/src/Wire.h:34:7: note: candidate: constexpr TwoWire::TwoWire(const TwoWire&amp;)
 class TwoWire : public Stream
       ^~~~~~~
/home/ec2-user/arduino-testlib/cli-datadir/data/packages/arduino/hardware/avr/1.8.4/libraries/Wire/src/Wire.h:34:7: note:   no known conversion for argument 1 from &#39;int&#39; to &#39;const TwoWire&amp;&#39;
/home/ec2-user/arduino-testlib/cli-datadir/data/packages/arduino/hardware/avr/1.8.4/libraries/Wire/src/Wire.h:34:7: note: candidate: constexpr TwoWire::TwoWire(TwoWire&amp;&amp;)
/home/ec2-user/arduino-testlib/cli-datadir/data/packages/arduino/hardware/avr/1.8.4/libraries/Wire/src/Wire.h:34:7: note:   no known conversion for argument 1 from &#39;int&#39; to &#39;TwoWire&amp;&amp;&#39;
/home/ec2-user/arduino-testlib/cli-datadir/user/libraries/PCF8575_library/examples/ledEsp32OnTheSecondI2C/ledEsp32OnTheSecondI2C.ino:36:27: error: no matching function for call to &#39;TwoWire::TwoWire(int)&#39;
 TwoWire I2Ctwo = TwoWire(1);
                           ^
In file included from /home/ec2-user/arduino-testlib/cli-datadir/user/libraries/PCF8575/PCF8575.h:16:0,
                 from /home/ec2-user/arduino-testlib/cli-datadir/user/libraries/PCF8575_library/examples/ledEsp32OnTheSecondI2C/ledEsp32OnTheSecondI2C.ino:31:
/home/ec2-user/arduino-testlib/cli-datadir/data/packages/arduino/hardware/avr/1.8.4/libraries/Wire/src/Wire.h:52:5: note: candidate: TwoWire::TwoWire()
     TwoWire();
     ^~~~~~~
/home/ec2-user/arduino-testlib/cli-datadir/data/packages/arduino/hardware/avr/1.8.4/libraries/Wire/src/Wire.h:52:5: note:   candidate expects 0 arguments, 1 provided
/home/ec2-user/arduino-testlib/cli-datadir/data/packages/arduino/hardware/avr/1.8.4/libraries/Wire/src/Wire.h:34:7: note: candidate: constexpr TwoWire::TwoWire(const TwoWire&amp;)
 class TwoWire : public Stream
       ^~~~~~~
/home/ec2-user/arduino-testlib/cli-datadir/data/packages/arduino/hardware/avr/1.8.4/libraries/Wire/src/Wire.h:34:7: note:   no known conversion for argument 1 from &#39;int&#39; to &#39;const TwoWire&amp;&#39;
/home/ec2-user/arduino-testlib/cli-datadir/data/packages/arduino/hardware/avr/1.8.4/libraries/Wire/src/Wire.h:34:7: note: candidate: constexpr TwoWire::TwoWire(TwoWire&amp;&amp;)
/home/ec2-user/arduino-testlib/cli-datadir/data/packages/arduino/hardware/avr/1.8.4/libraries/Wire/src/Wire.h:34:7: note:   no known conversion for argument 1 from &#39;int&#39; to &#39;TwoWire&amp;&amp;&#39;
/home/ec2-user/arduino-testlib/cli-datadir/user/libraries/PCF8575_library/examples/ledEsp32OnTheSecondI2C/ledEsp32OnTheSecondI2C.ino: In function &#39;void setup()&#39;:
/home/ec2-user/arduino-testlib/cli-datadir/user/libraries/PCF8575_library/examples/ledEsp32OnTheSecondI2C/ledEsp32OnTheSecondI2C.ino:48:28: error: no matching function for call to &#39;TwoWire::begin(int, int, long int)&#39;
   I2Cone.begin(16,17,400000); // SDA pin 16, SCL pin 17, 400kHz frequency
                            ^
In file included from /home/ec2-user/arduino-testlib/cli-datadir/user/libraries/PCF8575/PCF8575.h:16:0,
                 from /home/ec2-user/arduino-testlib/cli-datadir/user/libraries/PCF8575_library/examples/ledEsp32OnTheSecondI2C/ledEsp32OnTheSecondI2C.ino:31:
/home/ec2-user/arduino-testlib/cli-datadir/data/packages/arduino/hardware/avr/1.8.4/libraries/Wire/src/Wire.h:53:10: note: candidate: void TwoWire::begin()
     void begin();
          ^~~~~
/home/ec2-user/arduino-testlib/cli-datadir/data/packages/arduino/hardware/avr/1.8.4/libraries/Wire/src/Wire.h:53:10: note:   candidate expects 0 arguments, 3 provided
/home/ec2-user/arduino-testlib/cli-datadir/data/packages/arduino/hardware/avr/1.8.4/libraries/Wire/src/Wire.h:54:10: note: candidate: void TwoWire::begin(uint8_t)
     void begin(uint8_t);
          ^~~~~
/home/ec2-user/arduino-testlib/cli-datadir/data/packages/arduino/hardware/avr/1.8.4/libraries/Wire/src/Wire.h:54:10: note:   candidate expects 1 argument, 3 provided
/home/ec2-user/arduino-testlib/cli-datadir/data/packages/arduino/hardware/avr/1.8.4/libraries/Wire/src/Wire.h:55:10: note: candidate: void TwoWire::begin(int)
     void begin(int);
          ^~~~~
/home/ec2-user/arduino-testlib/cli-datadir/data/packages/arduino/hardware/avr/1.8.4/libraries/Wire/src/Wire.h:55:10: note:   candidate expects 1 argument, 3 provided
/home/ec2-user/arduino-testlib/cli-datadir/user/libraries/PCF8575_library/examples/ledEsp32OnTheSecondI2C/ledEsp32OnTheSecondI2C.ino:52:13: error: &#39;class PCF8575&#39; has no member named &#39;pinMode&#39;
     pcf8575.pinMode(i, OUTPUT);
             ^~~~~~~
/home/ec2-user/arduino-testlib/cli-datadir/user/libraries/PCF8575_library/examples/ledEsp32OnTheSecondI2C/ledEsp32OnTheSecondI2C.ino: In function &#39;void loop()&#39;:
/home/ec2-user/arduino-testlib/cli-datadir/user/libraries/PCF8575_library/examples/ledEsp32OnTheSecondI2C/ledEsp32OnTheSecondI2C.ino:60:11: error: &#39;class PCF8575&#39; has no member named &#39;digitalWrite&#39;
   pcf8575.digitalWrite(pin, HIGH);
           ^~~~~~~~~~~~
/home/ec2-user/arduino-testlib/cli-datadir/user/libraries/PCF8575_library/examples/ledEsp32OnTheSecondI2C/ledEsp32OnTheSecondI2C.ino:62:11: error: &#39;class PCF8575&#39; has no member named &#39;digitalWrite&#39;
   pcf8575.digitalWrite(pin, LOW);
           ^~~~~~~~~~~~
Multiple libraries were found for &#34;PCF8575.h&#34;
  Used: /home/ec2-user/arduino-testlib/cli-datadir/user/libraries/PCF8575
  Not used: /home/ec2-user/arduino-testlib/cli-datadir/user/libraries/PCF8575_library
</pre>
					
					<h4>examples/ledWemos</h4>
					<p>
						Result: <b>FAIL</b>
					</p>
					<pre class="pre-scrollable">/home/ec2-user/arduino-testlib/cli-datadir/user/libraries/PCF8575_library/examples/ledWemos/ledWemos.ino: In function &#39;void setup()&#39;:
/home/ec2-user/arduino-testlib/cli-datadir/user/libraries/PCF8575_library/examples/ledWemos/ledWemos.ino:45:13: error: &#39;class PCF8575&#39; has no member named &#39;pinMode&#39;
     pcf8575.pinMode(i, OUTPUT);
             ^~~~~~~
/home/ec2-user/arduino-testlib/cli-datadir/user/libraries/PCF8575_library/examples/ledWemos/ledWemos.ino: In function &#39;void loop()&#39;:
/home/ec2-user/arduino-testlib/cli-datadir/user/libraries/PCF8575_library/examples/ledWemos/ledWemos.ino:53:11: error: &#39;class PCF8575&#39; has no member named &#39;digitalWrite&#39;
   pcf8575.digitalWrite(pin, HIGH);
           ^~~~~~~~~~~~
/home/ec2-user/arduino-testlib/cli-datadir/user/libraries/PCF8575_library/examples/ledWemos/ledWemos.ino:55:11: error: &#39;class PCF8575&#39; has no member named &#39;digitalWrite&#39;
   pcf8575.digitalWrite(pin, LOW);
           ^~~~~~~~~~~~
Multiple libraries were found for &#34;PCF8575.h&#34;
  Used: /home/ec2-user/arduino-testlib/cli-datadir/user/libraries/PCF8575
  Not used: /home/ec2-user/arduino-testlib/cli-datadir/user/libraries/PCF8575_library
</pre>
					
					<h4>examples/ledWemosInverted</h4>
					<p>
						Result: <b>FAIL</b>
					</p>
					<pre class="pre-scrollable">/home/ec2-user/arduino-testlib/cli-datadir/user/libraries/PCF8575_library/examples/ledWemosInverted/ledWemosInverted.ino: In function &#39;void setup()&#39;:
/home/ec2-user/arduino-testlib/cli-datadir/user/libraries/PCF8575_library/examples/ledWemosInverted/ledWemosInverted.ino:45:13: error: &#39;class PCF8575&#39; has no member named &#39;pinMode&#39;
     pcf8575.pinMode(i, OUTPUT);
             ^~~~~~~
/home/ec2-user/arduino-testlib/cli-datadir/user/libraries/PCF8575_library/examples/ledWemosInverted/ledWemosInverted.ino:48:12: error: &#39;class PCF8575&#39; has no member named &#39;digitalWrite&#39;
    pcf8575.digitalWrite(i, HIGH);
            ^~~~~~~~~~~~
/home/ec2-user/arduino-testlib/cli-datadir/user/libraries/PCF8575_library/examples/ledWemosInverted/ledWemosInverted.ino: In function &#39;void loop()&#39;:
/home/ec2-user/arduino-testlib/cli-datadir/user/libraries/PCF8575_library/examples/ledWemosInverted/ledWemosInverted.ino:57:11: error: &#39;class PCF8575&#39; has no member named &#39;digitalWrite&#39;
   pcf8575.digitalWrite(pin, LOW);
           ^~~~~~~~~~~~
/home/ec2-user/arduino-testlib/cli-datadir/user/libraries/PCF8575_library/examples/ledWemosInverted/ledWemosInverted.ino:59:11: error: &#39;class PCF8575&#39; has no member named &#39;digitalWrite&#39;
   pcf8575.digitalWrite(pin, HIGH);
           ^~~~~~~~~~~~
Multiple libraries were found for &#34;PCF8575.h&#34;
  Used: /home/ec2-user/arduino-testlib/cli-datadir/user/libraries/PCF8575
  Not used: /home/ec2-user/arduino-testlib/cli-datadir/user/libraries/PCF8575_library
</pre>
					
					<h4>examples/readAll_Interrupt</h4>
					<p>
						Result: <b>FAIL</b>
					</p>
					<pre class="pre-scrollable">/home/ec2-user/arduino-testlib/cli-datadir/user/libraries/PCF8575_library/examples/readAll_Interrupt/readAll_Interrupt.ino:18:71: error: no matching function for call to &#39;PCF8575::PCF8575(int, int, void (&amp;)())&#39;
 PCF8575 pcf8575(0x39, ARDUINO_UNO_INTERRUPTED_PIN, keyChangedOnPCF8575);
                                                                       ^
In file included from /home/ec2-user/arduino-testlib/cli-datadir/user/libraries/PCF8575_library/examples/readAll_Interrupt/readAll_Interrupt.ino:9:0:
/home/ec2-user/arduino-testlib/cli-datadir/user/libraries/PCF8575/PCF8575.h:35:12: note: candidate: PCF8575::PCF8575(uint8_t, TwoWire*)
   explicit PCF8575(const uint8_t deviceAddress = 0x20, TwoWire *wire = &amp;Wire);
            ^~~~~~~
/home/ec2-user/arduino-testlib/cli-datadir/user/libraries/PCF8575/PCF8575.h:35:12: note:   candidate expects 2 arguments, 3 provided
/home/ec2-user/arduino-testlib/cli-datadir/user/libraries/PCF8575/PCF8575.h:31:7: note: candidate: constexpr PCF8575::PCF8575(const PCF8575&amp;)
 class PCF8575
       ^~~~~~~
/home/ec2-user/arduino-testlib/cli-datadir/user/libraries/PCF8575/PCF8575.h:31:7: note:   candidate expects 1 argument, 3 provided
/home/ec2-user/arduino-testlib/cli-datadir/user/libraries/PCF8575/PCF8575.h:31:7: note: candidate: constexpr PCF8575::PCF8575(PCF8575&amp;&amp;)
/home/ec2-user/arduino-testlib/cli-datadir/user/libraries/PCF8575/PCF8575.h:31:7: note:   candidate expects 1 argument, 3 provided
/home/ec2-user/arduino-testlib/cli-datadir/user/libraries/PCF8575_library/examples/readAll_Interrupt/readAll_Interrupt.ino: In function &#39;void setup()&#39;:
/home/ec2-user/arduino-testlib/cli-datadir/user/libraries/PCF8575_library/examples/readAll_Interrupt/readAll_Interrupt.ino:24:10: error: &#39;class PCF8575&#39; has no member named &#39;pinMode&#39;
  pcf8575.pinMode(P0, INPUT);
          ^~~~~~~
/home/ec2-user/arduino-testlib/cli-datadir/user/libraries/PCF8575_library/examples/readAll_Interrupt/readAll_Interrupt.ino:24:18: error: &#39;P0&#39; was not declared in this scope
  pcf8575.pinMode(P0, INPUT);
                  ^~
/home/ec2-user/arduino-testlib/cli-datadir/user/libraries/PCF8575_library/examples/readAll_Interrupt/readAll_Interrupt.ino:24:18: note: suggested alternative: &#39;A0&#39;
  pcf8575.pinMode(P0, INPUT);
                  ^~
                  A0
/home/ec2-user/arduino-testlib/cli-datadir/user/libraries/PCF8575_library/examples/readAll_Interrupt/readAll_Interrupt.ino:25:10: error: &#39;class PCF8575&#39; has no member named &#39;pinMode&#39;
  pcf8575.pinMode(P1, INPUT);
          ^~~~~~~
/home/ec2-user/arduino-testlib/cli-datadir/user/libraries/PCF8575_library/examples/readAll_Interrupt/readAll_Interrupt.ino:25:18: error: &#39;P1&#39; was not declared in this scope
  pcf8575.pinMode(P1, INPUT);
                  ^~
/home/ec2-user/arduino-testlib/cli-datadir/user/libraries/PCF8575_library/examples/readAll_Interrupt/readAll_Interrupt.ino:25:18: note: suggested alternative: &#39;A1&#39;
  pcf8575.pinMode(P1, INPUT);
                  ^~
                  A1
/home/ec2-user/arduino-testlib/cli-datadir/user/libraries/PCF8575_library/examples/readAll_Interrupt/readAll_Interrupt.ino:26:10: error: &#39;class PCF8575&#39; has no member named &#39;pinMode&#39;
  pcf8575.pinMode(P2, INPUT);
          ^~~~~~~
/home/ec2-user/arduino-testlib/cli-datadir/user/libraries/PCF8575_library/examples/readAll_Interrupt/readAll_Interrupt.ino:26:18: error: &#39;P2&#39; was not declared in this scope
  pcf8575.pinMode(P2, INPUT);
                  ^~
/home/ec2-user/arduino-testlib/cli-datadir/user/libraries/PCF8575_library/examples/readAll_Interrupt/readAll_Interrupt.ino:26:18: note: suggested alternative: &#39;A2&#39;
  pcf8575.pinMode(P2, INPUT);
                  ^~
                  A2
/home/ec2-user/arduino-testlib/cli-datadir/user/libraries/PCF8575_library/examples/readAll_Interrupt/readAll_Interrupt.ino:27:10: error: &#39;class PCF8575&#39; has no member named &#39;pinMode&#39;
  pcf8575.pinMode(P3, INPUT);
          ^~~~~~~
/home/ec2-user/arduino-testlib/cli-datadir/user/libraries/PCF8575_library/examples/readAll_Interrupt/readAll_Interrupt.ino:27:18: error: &#39;P3&#39; was not declared in this scope
  pcf8575.pinMode(P3, INPUT);
                  ^~
/home/ec2-user/arduino-testlib/cli-datadir/user/libraries/PCF8575_library/examples/readAll_Interrupt/readAll_Interrupt.ino:27:18: note: suggested alternative: &#39;A3&#39;
  pcf8575.pinMode(P3, INPUT);
                  ^~
                  A3
/home/ec2-user/arduino-testlib/cli-datadir/user/libraries/PCF8575_library/examples/readAll_Interrupt/readAll_Interrupt.ino: In function &#39;void loop()&#39;:
/home/ec2-user/arduino-testlib/cli-datadir/user/libraries/PCF8575_library/examples/readAll_Interrupt/readAll_Interrupt.ino:39:12: error: &#39;DigitalInput&#39; is not a member of &#39;PCF8575&#39;
   PCF8575::DigitalInput di = pcf8575.digitalReadAll();
            ^~~~~~~~~~~~
/home/ec2-user/arduino-testlib/cli-datadir/user/libraries/PCF8575_library/examples/readAll_Interrupt/readAll_Interrupt.ino:41:16: error: &#39;di&#39; was not declared in this scope
   Serial.print(di.p0);
                ^~
/home/ec2-user/arduino-testlib/cli-datadir/user/libraries/PCF8575_library/examples/readAll_Interrupt/readAll_Interrupt.ino:41:16: note: suggested alternative: &#39;div&#39;
   Serial.print(di.p0);
                ^~
                div
Multiple libraries were found for &#34;PCF8575.h&#34;
  Used: /home/ec2-user/arduino-testlib/cli-datadir/user/libraries/PCF8575
  Not used: /home/ec2-user/arduino-testlib/cli-datadir/user/libraries/PCF8575_library
</pre>
					
					<h4>examples/readAll_Interrupt_lowMemory</h4>
					<p>
						Result: <b>FAIL</b>
					</p>
					<pre class="pre-scrollable">/home/ec2-user/arduino-testlib/cli-datadir/user/libraries/PCF8575_library/examples/readAll_Interrupt_lowMemory/readAll_Interrupt_lowMemory.ino:22:71: error: no matching function for call to &#39;PCF8575::PCF8575(int, int, void (&amp;)())&#39;
 PCF8575 pcf8575(0x20, ARDUINO_UNO_INTERRUPTED_PIN, keyChangedOnPCF8575);
                                                                       ^
In file included from /home/ec2-user/arduino-testlib/cli-datadir/user/libraries/PCF8575_library/examples/readAll_Interrupt_lowMemory/readAll_Interrupt_lowMemory.ino:9:0:
/home/ec2-user/arduino-testlib/cli-datadir/user/libraries/PCF8575/PCF8575.h:35:12: note: candidate: PCF8575::PCF8575(uint8_t, TwoWire*)
   explicit PCF8575(const uint8_t deviceAddress = 0x20, TwoWire *wire = &amp;Wire);
            ^~~~~~~
/home/ec2-user/arduino-testlib/cli-datadir/user/libraries/PCF8575/PCF8575.h:35:12: note:   candidate expects 2 arguments, 3 provided
/home/ec2-user/arduino-testlib/cli-datadir/user/libraries/PCF8575/PCF8575.h:31:7: note: candidate: constexpr PCF8575::PCF8575(const PCF8575&amp;)
 class PCF8575
       ^~~~~~~
/home/ec2-user/arduino-testlib/cli-datadir/user/libraries/PCF8575/PCF8575.h:31:7: note:   candidate expects 1 argument, 3 provided
/home/ec2-user/arduino-testlib/cli-datadir/user/libraries/PCF8575/PCF8575.h:31:7: note: candidate: constexpr PCF8575::PCF8575(PCF8575&amp;&amp;)
/home/ec2-user/arduino-testlib/cli-datadir/user/libraries/PCF8575/PCF8575.h:31:7: note:   candidate expects 1 argument, 3 provided
/home/ec2-user/arduino-testlib/cli-datadir/user/libraries/PCF8575_library/examples/readAll_Interrupt_lowMemory/readAll_Interrupt_lowMemory.ino: In function &#39;void setup()&#39;:
/home/ec2-user/arduino-testlib/cli-datadir/user/libraries/PCF8575_library/examples/readAll_Interrupt_lowMemory/readAll_Interrupt_lowMemory.ino:28:10: error: &#39;class PCF8575&#39; has no member named &#39;pinMode&#39;
  pcf8575.pinMode(P0, INPUT);
          ^~~~~~~
/home/ec2-user/arduino-testlib/cli-datadir/user/libraries/PCF8575_library/examples/readAll_Interrupt_lowMemory/readAll_Interrupt_lowMemory.ino:28:18: error: &#39;P0&#39; was not declared in this scope
  pcf8575.pinMode(P0, INPUT);
                  ^~
/home/ec2-user/arduino-testlib/cli-datadir/user/libraries/PCF8575_library/examples/readAll_Interrupt_lowMemory/readAll_Interrupt_lowMemory.ino:28:18: note: suggested alternative: &#39;A0&#39;
  pcf8575.pinMode(P0, INPUT);
                  ^~
                  A0
/home/ec2-user/arduino-testlib/cli-datadir/user/libraries/PCF8575_library/examples/readAll_Interrupt_lowMemory/readAll_Interrupt_lowMemory.ino:29:10: error: &#39;class PCF8575&#39; has no member named &#39;pinMode&#39;
  pcf8575.pinMode(P1, INPUT);
          ^~~~~~~
/home/ec2-user/arduino-testlib/cli-datadir/user/libraries/PCF8575_library/examples/readAll_Interrupt_lowMemory/readAll_Interrupt_lowMemory.ino:29:18: error: &#39;P1&#39; was not declared in this scope
  pcf8575.pinMode(P1, INPUT);
                  ^~
/home/ec2-user/arduino-testlib/cli-datadir/user/libraries/PCF8575_library/examples/readAll_Interrupt_lowMemory/readAll_Interrupt_lowMemory.ino:29:18: note: suggested alternative: &#39;A1&#39;
  pcf8575.pinMode(P1, INPUT);
                  ^~
                  A1
/home/ec2-user/arduino-testlib/cli-datadir/user/libraries/PCF8575_library/examples/readAll_Interrupt_lowMemory/readAll_Interrupt_lowMemory.ino:30:10: error: &#39;class PCF8575&#39; has no member named &#39;pinMode&#39;
  pcf8575.pinMode(P2, INPUT);
          ^~~~~~~
/home/ec2-user/arduino-testlib/cli-datadir/user/libraries/PCF8575_library/examples/readAll_Interrupt_lowMemory/readAll_Interrupt_lowMemory.ino:30:18: error: &#39;P2&#39; was not declared in this scope
  pcf8575.pinMode(P2, INPUT);
                  ^~
/home/ec2-user/arduino-testlib/cli-datadir/user/libraries/PCF8575_library/examples/readAll_Interrupt_lowMemory/readAll_Interrupt_lowMemory.ino:30:18: note: suggested alternative: &#39;A2&#39;
  pcf8575.pinMode(P2, INPUT);
                  ^~
                  A2
/home/ec2-user/arduino-testlib/cli-datadir/user/libraries/PCF8575_library/examples/readAll_Interrupt_lowMemory/readAll_Interrupt_lowMemory.ino:31:10: error: &#39;class PCF8575&#39; has no member named &#39;pinMode&#39;
  pcf8575.pinMode(P3, INPUT);
          ^~~~~~~
/home/ec2-user/arduino-testlib/cli-datadir/user/libraries/PCF8575_library/examples/readAll_Interrupt_lowMemory/readAll_Interrupt_lowMemory.ino:31:18: error: &#39;P3&#39; was not declared in this scope
  pcf8575.pinMode(P3, INPUT);
                  ^~
/home/ec2-user/arduino-testlib/cli-datadir/user/libraries/PCF8575_library/examples/readAll_Interrupt_lowMemory/readAll_Interrupt_lowMemory.ino:31:18: note: suggested alternative: &#39;A3&#39;
  pcf8575.pinMode(P3, INPUT);
                  ^~
                  A3
/home/ec2-user/arduino-testlib/cli-datadir/user/libraries/PCF8575_library/examples/readAll_Interrupt_lowMemory/readAll_Interrupt_lowMemory.ino: In function &#39;void loop()&#39;:
/home/ec2-user/arduino-testlib/cli-datadir/user/libraries/PCF8575_library/examples/readAll_Interrupt_lowMemory/readAll_Interrupt_lowMemory.ino:43:21: error: &#39;class PCF8575&#39; has no member named &#39;digitalReadAll&#39;
   byte di = pcf8575.digitalReadAll();
                     ^~~~~~~~~~~~~~
Multiple libraries were found for &#34;PCF8575.h&#34;
  Used: /home/ec2-user/arduino-testlib/cli-datadir/user/libraries/PCF8575
  Not used: /home/ec2-user/arduino-testlib/cli-datadir/user/libraries/PCF8575_library
</pre>
					
				
				<h3 id="arduino:mbed_nano:nanorp2040connect">arduino:mbed_nano:nanorp2040connect @ 2.7.2</h3>
				<h4>Inclusion</h4>
				<p>
					Result: <b>PASS</b>
					
					<br />This library has no main header file so an empty one was created.
					
				</p>
				<pre class="pre-scrollable">Sketch uses 81706 bytes (0%) of program storage space. Maximum is 16777216 bytes.
Global variables use 44220 bytes (16%) of dynamic memory, leaving 226116 bytes for local variables. Maximum is 270336 bytes.
</pre>

					
					<h4>examples/blinkOnPin0</h4>
					<p>
						Result: <b>FAIL</b>
					</p>
					<pre class="pre-scrollable">/home/ec2-user/arduino-testlib/cli-datadir/user/libraries/PCF8575_library/examples/blinkOnPin0/blinkOnPin0.ino: In function &#39;void setup()&#39;:
/home/ec2-user/arduino-testlib/cli-datadir/user/libraries/PCF8575_library/examples/blinkOnPin0/blinkOnPin0.ino:19:10: error: &#39;class PCF8575&#39; has no member named &#39;pinMode&#39;
  pcf8575.pinMode(P0, OUTPUT);
          ^~~~~~~
/home/ec2-user/arduino-testlib/cli-datadir/user/libraries/PCF8575_library/examples/blinkOnPin0/blinkOnPin0.ino:19:18: error: &#39;P0&#39; was not declared in this scope
  pcf8575.pinMode(P0, OUTPUT);
                  ^~
/home/ec2-user/arduino-testlib/cli-datadir/user/libraries/PCF8575_library/examples/blinkOnPin0/blinkOnPin0.ino:19:18: note: suggested alternative: &#39;A0&#39;
  pcf8575.pinMode(P0, OUTPUT);
                  ^~
                  A0
/home/ec2-user/arduino-testlib/cli-datadir/user/libraries/PCF8575_library/examples/blinkOnPin0/blinkOnPin0.ino: In function &#39;void loop()&#39;:
/home/ec2-user/arduino-testlib/cli-datadir/user/libraries/PCF8575_library/examples/blinkOnPin0/blinkOnPin0.ino:26:10: error: &#39;class PCF8575&#39; has no member named &#39;digitalWrite&#39;
  pcf8575.digitalWrite(P0, HIGH);
          ^~~~~~~~~~~~
/home/ec2-user/arduino-testlib/cli-datadir/user/libraries/PCF8575_library/examples/blinkOnPin0/blinkOnPin0.ino:26:23: error: &#39;P0&#39; was not declared in this scope
  pcf8575.digitalWrite(P0, HIGH);
                       ^~
/home/ec2-user/arduino-testlib/cli-datadir/user/libraries/PCF8575_library/examples/blinkOnPin0/blinkOnPin0.ino:26:23: note: suggested alternative: &#39;A0&#39;
  pcf8575.digitalWrite(P0, HIGH);
                       ^~
                       A0
/home/ec2-user/arduino-testlib/cli-datadir/user/libraries/PCF8575_library/examples/blinkOnPin0/blinkOnPin0.ino:28:10: error: &#39;class PCF8575&#39; has no member named &#39;digitalWrite&#39;
  pcf8575.digitalWrite(P0, LOW);
          ^~~~~~~~~~~~
Multiple libraries were found for &#34;PCF8575.h&#34;
  Used: /home/ec2-user/arduino-testlib/cli-datadir/user/libraries/PCF8575
  Not used: /home/ec2-user/arduino-testlib/cli-datadir/user/libraries/PCF8575_library
</pre>
					
					<h4>examples/interruptWemos</h4>
					<p>
						Result: <b>FAIL</b>
					</p>
					<pre class="pre-scrollable">/home/ec2-user/arduino-testlib/cli-datadir/user/libraries/PCF8575_library/examples/interruptWemos/interruptWemos.ino: In function &#39;void setup()&#39;:
/home/ec2-user/arduino-testlib/cli-datadir/user/libraries/PCF8575_library/examples/interruptWemos/interruptWemos.ino:49:13: error: &#39;class PCF8575&#39; has no member named &#39;pinMode&#39;
     pcf8575.pinMode(i, INPUT);
             ^~~~~~~
/home/ec2-user/arduino-testlib/cli-datadir/user/libraries/PCF8575_library/examples/interruptWemos/interruptWemos.ino: In function &#39;void loop()&#39;:
/home/ec2-user/arduino-testlib/cli-datadir/user/libraries/PCF8575_library/examples/interruptWemos/interruptWemos.ino:57:14: error: &#39;DigitalInput&#39; is not a member of &#39;PCF8575&#39;
     PCF8575::DigitalInput val = pcf8575.digitalReadAll();
              ^~~~~~~~~~~~
/home/ec2-user/arduino-testlib/cli-datadir/user/libraries/PCF8575_library/examples/interruptWemos/interruptWemos.ino:58:9: error: &#39;val&#39; was not declared in this scope
     if (val.p0==HIGH) Serial.println(&#34;KEY0 PRESSED&#34;);
         ^~~
/home/ec2-user/arduino-testlib/cli-datadir/user/libraries/PCF8575_library/examples/interruptWemos/interruptWemos.ino:59:9: error: &#39;val&#39; was not declared in this scope
     if (val.p1==HIGH) Serial.println(&#34;KEY1 PRESSED&#34;);
         ^~~
/home/ec2-user/arduino-testlib/cli-datadir/user/libraries/PCF8575_library/examples/interruptWemos/interruptWemos.ino:60:9: error: &#39;val&#39; was not declared in this scope
     if (val.p2==HIGH) Serial.println(&#34;KEY2 PRESSED&#34;);
         ^~~
/home/ec2-user/arduino-testlib/cli-datadir/user/libraries/PCF8575_library/examples/interruptWemos/interruptWemos.ino:61:9: error: &#39;val&#39; was not declared in this scope
     if (val.p3==HIGH) Serial.println(&#34;KEY3 PRESSED&#34;);
         ^~~
/home/ec2-user/arduino-testlib/cli-datadir/user/libraries/PCF8575_library/examples/interruptWemos/interruptWemos.ino:62:9: error: &#39;val&#39; was not declared in this scope
     if (val.p4==HIGH) Serial.println(&#34;KEY4 PRESSED&#34;);
         ^~~
/home/ec2-user/arduino-testlib/cli-datadir/user/libraries/PCF8575_library/examples/interruptWemos/interruptWemos.ino:63:9: error: &#39;val&#39; was not declared in this scope
     if (val.p5==HIGH) Serial.println(&#34;KEY5 PRESSED&#34;);
         ^~~
/home/ec2-user/arduino-testlib/cli-datadir/user/libraries/PCF8575_library/examples/interruptWemos/interruptWemos.ino:64:9: error: &#39;val&#39; was not declared in this scope
     if (val.p6==HIGH) Serial.println(&#34;KEY6 PRESSED&#34;);
         ^~~
/home/ec2-user/arduino-testlib/cli-datadir/user/libraries/PCF8575_library/examples/interruptWemos/interruptWemos.ino:65:9: error: &#39;val&#39; was not declared in this scope
     if (val.p7==HIGH) Serial.println(&#34;KEY7 PRESSED&#34;);
         ^~~
/home/ec2-user/arduino-testlib/cli-datadir/user/libraries/PCF8575_library/examples/interruptWemos/interruptWemos.ino:66:9: error: &#39;val&#39; was not declared in this scope
     if (val.p8==HIGH) Serial.println(&#34;KEY8 PRESSED&#34;);
         ^~~
/home/ec2-user/arduino-testlib/cli-datadir/user/libraries/PCF8575_library/examples/interruptWemos/interruptWemos.ino:67:9: error: &#39;val&#39; was not declared in this scope
     if (val.p9==HIGH) Serial.println(&#34;KEY9 PRESSED&#34;);
         ^~~
/home/ec2-user/arduino-testlib/cli-datadir/user/libraries/PCF8575_library/examples/interruptWemos/interruptWemos.ino:68:9: error: &#39;val&#39; was not declared in this scope
     if (val.p10==HIGH) Serial.println(&#34;KEY10 PRESSED&#34;);
         ^~~
/home/ec2-user/arduino-testlib/cli-datadir/user/libraries/PCF8575_library/examples/interruptWemos/interruptWemos.ino:69:9: error: &#39;val&#39; was not declared in this scope
     if (val.p11==HIGH) Serial.println(&#34;KEY11 PRESSED&#34;);
         ^~~
/home/ec2-user/arduino-testlib/cli-datadir/user/libraries/PCF8575_library/examples/interruptWemos/interruptWemos.ino:70:9: error: &#39;val&#39; was not declared in this scope
     if (val.p12==HIGH) Serial.println(&#34;KEY12 PRESSED&#34;);
         ^~~
/home/ec2-user/arduino-testlib/cli-datadir/user/libraries/PCF8575_library/examples/interruptWemos/interruptWemos.ino:71:9: error: &#39;val&#39; was not declared in this scope
     if (val.p13==HIGH) Serial.println(&#34;KEY13 PRESSED&#34;);
         ^~~
/home/ec2-user/arduino-testlib/cli-datadir/user/libraries/PCF8575_library/examples/interruptWemos/interruptWemos.ino:72:9: error: &#39;val&#39; was not declared in this scope
     if (val.p14==HIGH) Serial.println(&#34;KEY14 PRESSED&#34;);
         ^~~
/home/ec2-user/arduino-testlib/cli-datadir/user/libraries/PCF8575_library/examples/interruptWemos/interruptWemos.ino:73:9: error: &#39;val&#39; was not declared in this scope
     if (val.p15==HIGH) Serial.println(&#34;KEY15 PRESSED&#34;);
         ^~~
Multiple libraries were found for &#34;PCF8575.h&#34;
  Used: /home/ec2-user/arduino-testlib/cli-datadir/user/libraries/PCF8575
  Not used: /home/ec2-user/arduino-testlib/cli-datadir/user/libraries/PCF8575_library
</pre>
					
					<h4>examples/keyPressedPin1</h4>
					<p>
						Result: <b>FAIL</b>
					</p>
					<pre class="pre-scrollable">/home/ec2-user/arduino-testlib/cli-datadir/user/libraries/PCF8575_library/examples/keyPressedPin1/keyPressedPin1.ino: In function &#39;void setup()&#39;:
/home/ec2-user/arduino-testlib/cli-datadir/user/libraries/PCF8575_library/examples/keyPressedPin1/keyPressedPin1.ino:18:10: error: &#39;class PCF8575&#39; has no member named &#39;pinMode&#39;
  pcf8575.pinMode(P1, INPUT);
          ^~~~~~~
/home/ec2-user/arduino-testlib/cli-datadir/user/libraries/PCF8575_library/examples/keyPressedPin1/keyPressedPin1.ino:18:18: error: &#39;P1&#39; was not declared in this scope
  pcf8575.pinMode(P1, INPUT);
                  ^~
/home/ec2-user/arduino-testlib/cli-datadir/user/libraries/PCF8575_library/examples/keyPressedPin1/keyPressedPin1.ino:18:18: note: suggested alternative: &#39;A1&#39;
  pcf8575.pinMode(P1, INPUT);
                  ^~
                  A1
/home/ec2-user/arduino-testlib/cli-datadir/user/libraries/PCF8575_library/examples/keyPressedPin1/keyPressedPin1.ino: In function &#39;void loop()&#39;:
/home/ec2-user/arduino-testlib/cli-datadir/user/libraries/PCF8575_library/examples/keyPressedPin1/keyPressedPin1.ino:25:24: error: &#39;class PCF8575&#39; has no member named &#39;digitalRead&#39;
  uint8_t val = pcf8575.digitalRead(P1);
                        ^~~~~~~~~~~
/home/ec2-user/arduino-testlib/cli-datadir/user/libraries/PCF8575_library/examples/keyPressedPin1/keyPressedPin1.ino:25:36: error: &#39;P1&#39; was not declared in this scope
  uint8_t val = pcf8575.digitalRead(P1);
                                    ^~
/home/ec2-user/arduino-testlib/cli-datadir/user/libraries/PCF8575_library/examples/keyPressedPin1/keyPressedPin1.ino:25:36: note: suggested alternative: &#39;A1&#39;
  uint8_t val = pcf8575.digitalRead(P1);
                                    ^~
                                    A1
Multiple libraries were found for &#34;PCF8575.h&#34;
  Used: /home/ec2-user/arduino-testlib/cli-datadir/user/libraries/PCF8575
  Not used: /home/ec2-user/arduino-testlib/cli-datadir/user/libraries/PCF8575_library
</pre>
					
					<h4>examples/keyPressedPin1_storedOnBuffer_async</h4>
					<p>
						Result: <b>FAIL</b>
					</p>
					<pre class="pre-scrollable">/home/ec2-user/arduino-testlib/cli-datadir/user/libraries/PCF8575_library/examples/keyPressedPin1_storedOnBuffer_async/keyPressedPin1_storedOnBuffer_async.ino: In function &#39;void setup()&#39;:
/home/ec2-user/arduino-testlib/cli-datadir/user/libraries/PCF8575_library/examples/keyPressedPin1_storedOnBuffer_async/keyPressedPin1_storedOnBuffer_async.ino:18:10: error: &#39;class PCF8575&#39; has no member named &#39;pinMode&#39;
  pcf8575.pinMode(P1, INPUT);
          ^~~~~~~
/home/ec2-user/arduino-testlib/cli-datadir/user/libraries/PCF8575_library/examples/keyPressedPin1_storedOnBuffer_async/keyPressedPin1_storedOnBuffer_async.ino:18:18: error: &#39;P1&#39; was not declared in this scope
  pcf8575.pinMode(P1, INPUT);
                  ^~
/home/ec2-user/arduino-testlib/cli-datadir/user/libraries/PCF8575_library/examples/keyPressedPin1_storedOnBuffer_async/keyPressedPin1_storedOnBuffer_async.ino:18:18: note: suggested alternative: &#39;A1&#39;
  pcf8575.pinMode(P1, INPUT);
                  ^~
                  A1
/home/ec2-user/arduino-testlib/cli-datadir/user/libraries/PCF8575_library/examples/keyPressedPin1_storedOnBuffer_async/keyPressedPin1_storedOnBuffer_async.ino: In function &#39;void loop()&#39;:
/home/ec2-user/arduino-testlib/cli-datadir/user/libraries/PCF8575_library/examples/keyPressedPin1_storedOnBuffer_async/keyPressedPin1_storedOnBuffer_async.ino:28:10: error: &#39;class PCF8575&#39; has no member named &#39;readBuffer&#39;; did you mean &#39;readButton&#39;?
  pcf8575.readBuffer();
          ^~~~~~~~~~
          readButton
/home/ec2-user/arduino-testlib/cli-datadir/user/libraries/PCF8575_library/examples/keyPressedPin1_storedOnBuffer_async/keyPressedPin1_storedOnBuffer_async.ino:31:25: error: &#39;class PCF8575&#39; has no member named &#39;digitalRead&#39;
   uint8_t val = pcf8575.digitalRead(P1);
                         ^~~~~~~~~~~
/home/ec2-user/arduino-testlib/cli-datadir/user/libraries/PCF8575_library/examples/keyPressedPin1_storedOnBuffer_async/keyPressedPin1_storedOnBuffer_async.ino:31:37: error: &#39;P1&#39; was not declared in this scope
   uint8_t val = pcf8575.digitalRead(P1);
                                     ^~
/home/ec2-user/arduino-testlib/cli-datadir/user/libraries/PCF8575_library/examples/keyPressedPin1_storedOnBuffer_async/keyPressedPin1_storedOnBuffer_async.ino:31:37: note: suggested alternative: &#39;A1&#39;
   uint8_t val = pcf8575.digitalRead(P1);
                                     ^~
                                     A1
Multiple libraries were found for &#34;PCF8575.h&#34;
  Used: /home/ec2-user/arduino-testlib/cli-datadir/user/libraries/PCF8575
  Not used: /home/ec2-user/arduino-testlib/cli-datadir/user/libraries/PCF8575_library
</pre>
					
					<h4>examples/keyPressed_withInterrupt</h4>
					<p>
						Result: <b>FAIL</b>
					</p>
					<pre class="pre-scrollable">/home/ec2-user/arduino-testlib/cli-datadir/user/libraries/PCF8575_library/examples/keyPressed_withInterrupt/keyPressed_withInterrupt.ino:18:71: error: no matching function for call to &#39;PCF8575::PCF8575(int, int, void (&amp;)())&#39;
 PCF8575 pcf8575(0x39, ARDUINO_UNO_INTERRUPTED_PIN, keyPressedOnPCF8575);
                                                                       ^
In file included from /home/ec2-user/arduino-testlib/cli-datadir/user/libraries/PCF8575_library/examples/keyPressed_withInterrupt/keyPressed_withInterrupt.ino:9:0:
/home/ec2-user/arduino-testlib/cli-datadir/user/libraries/PCF8575/PCF8575.h:35:12: note: candidate: PCF8575::PCF8575(uint8_t, TwoWire*)
   explicit PCF8575(const uint8_t deviceAddress = 0x20, TwoWire *wire = &amp;Wire);
            ^~~~~~~
/home/ec2-user/arduino-testlib/cli-datadir/user/libraries/PCF8575/PCF8575.h:35:12: note:   candidate expects 2 arguments, 3 provided
/home/ec2-user/arduino-testlib/cli-datadir/user/libraries/PCF8575/PCF8575.h:31:7: note: candidate: constexpr PCF8575::PCF8575(const PCF8575&amp;)
 class PCF8575
       ^~~~~~~
/home/ec2-user/arduino-testlib/cli-datadir/user/libraries/PCF8575/PCF8575.h:31:7: note:   candidate expects 1 argument, 3 provided
/home/ec2-user/arduino-testlib/cli-datadir/user/libraries/PCF8575/PCF8575.h:31:7: note: candidate: constexpr PCF8575::PCF8575(PCF8575&amp;&amp;)
/home/ec2-user/arduino-testlib/cli-datadir/user/libraries/PCF8575/PCF8575.h:31:7: note:   candidate expects 1 argument, 3 provided
/home/ec2-user/arduino-testlib/cli-datadir/user/libraries/PCF8575_library/examples/keyPressed_withInterrupt/keyPressed_withInterrupt.ino: In function &#39;void setup()&#39;:
/home/ec2-user/arduino-testlib/cli-datadir/user/libraries/PCF8575_library/examples/keyPressed_withInterrupt/keyPressed_withInterrupt.ino:24:10: error: &#39;class PCF8575&#39; has no member named &#39;pinMode&#39;
  pcf8575.pinMode(P1, INPUT);
          ^~~~~~~
/home/ec2-user/arduino-testlib/cli-datadir/user/libraries/PCF8575_library/examples/keyPressed_withInterrupt/keyPressed_withInterrupt.ino:24:18: error: &#39;P1&#39; was not declared in this scope
  pcf8575.pinMode(P1, INPUT);
                  ^~
/home/ec2-user/arduino-testlib/cli-datadir/user/libraries/PCF8575_library/examples/keyPressed_withInterrupt/keyPressed_withInterrupt.ino:24:18: note: suggested alternative: &#39;A1&#39;
  pcf8575.pinMode(P1, INPUT);
                  ^~
                  A1
/home/ec2-user/arduino-testlib/cli-datadir/user/libraries/PCF8575_library/examples/keyPressed_withInterrupt/keyPressed_withInterrupt.ino: In function &#39;void loop()&#39;:
/home/ec2-user/arduino-testlib/cli-datadir/user/libraries/PCF8575_library/examples/keyPressed_withInterrupt/keyPressed_withInterrupt.ino:35:25: error: &#39;class PCF8575&#39; has no member named &#39;digitalRead&#39;
   uint8_t val = pcf8575.digitalRead(P1);
                         ^~~~~~~~~~~
/home/ec2-user/arduino-testlib/cli-datadir/user/libraries/PCF8575_library/examples/keyPressed_withInterrupt/keyPressed_withInterrupt.ino:35:37: error: &#39;P1&#39; was not declared in this scope
   uint8_t val = pcf8575.digitalRead(P1);
                                     ^~
/home/ec2-user/arduino-testlib/cli-datadir/user/libraries/PCF8575_library/examples/keyPressed_withInterrupt/keyPressed_withInterrupt.ino:35:37: note: suggested alternative: &#39;A1&#39;
   uint8_t val = pcf8575.digitalRead(P1);
                                     ^~
                                     A1
Multiple libraries were found for &#34;PCF8575.h&#34;
  Used: /home/ec2-user/arduino-testlib/cli-datadir/user/libraries/PCF8575
  Not used: /home/ec2-user/arduino-testlib/cli-datadir/user/libraries/PCF8575_library
</pre>
					
					<h4>examples/ledEsp32OnTheSecondI2C</h4>
					<p>
						Result: <b>FAIL</b>
					</p>
					<pre class="pre-scrollable">/home/ec2-user/arduino-testlib/cli-datadir/user/libraries/PCF8575_library/examples/ledEsp32OnTheSecondI2C/ledEsp32OnTheSecondI2C.ino:34:27: error: no matching function for call to &#39;arduino::MbedI2C::MbedI2C(int)&#39;
 TwoWire I2Cone = TwoWire(0);
                           ^
In file included from /home/ec2-user/arduino-testlib/cli-datadir/user/libraries/PCF8575/PCF8575.h:16:0,
                 from /home/ec2-user/arduino-testlib/cli-datadir/user/libraries/PCF8575_library/examples/ledEsp32OnTheSecondI2C/ledEsp32OnTheSecondI2C.ino:31:
/home/ec2-user/arduino-testlib/cli-datadir/data/packages/arduino/hardware/mbed_nano/2.7.2/libraries/Wire/Wire.h:38:5: note: candidate: arduino::MbedI2C::MbedI2C(PinName, PinName)
     MbedI2C(PinName sda, PinName scl);
     ^~~~~~~
/home/ec2-user/arduino-testlib/cli-datadir/data/packages/arduino/hardware/mbed_nano/2.7.2/libraries/Wire/Wire.h:38:5: note:   candidate expects 2 arguments, 1 provided
/home/ec2-user/arduino-testlib/cli-datadir/data/packages/arduino/hardware/mbed_nano/2.7.2/libraries/Wire/Wire.h:37:5: note: candidate: arduino::MbedI2C::MbedI2C(int, int)
     MbedI2C(int sda, int scl);
     ^~~~~~~
/home/ec2-user/arduino-testlib/cli-datadir/data/packages/arduino/hardware/mbed_nano/2.7.2/libraries/Wire/Wire.h:37:5: note:   candidate expects 2 arguments, 1 provided
/home/ec2-user/arduino-testlib/cli-datadir/user/libraries/PCF8575_library/examples/ledEsp32OnTheSecondI2C/ledEsp32OnTheSecondI2C.ino:36:27: error: no matching function for call to &#39;arduino::MbedI2C::MbedI2C(int)&#39;
 TwoWire I2Ctwo = TwoWire(1);
                           ^
In file included from /home/ec2-user/arduino-testlib/cli-datadir/user/libraries/PCF8575/PCF8575.h:16:0,
                 from /home/ec2-user/arduino-testlib/cli-datadir/user/libraries/PCF8575_library/examples/ledEsp32OnTheSecondI2C/ledEsp32OnTheSecondI2C.ino:31:
/home/ec2-user/arduino-testlib/cli-datadir/data/packages/arduino/hardware/mbed_nano/2.7.2/libraries/Wire/Wire.h:38:5: note: candidate: arduino::MbedI2C::MbedI2C(PinName, PinName)
     MbedI2C(PinName sda, PinName scl);
     ^~~~~~~
/home/ec2-user/arduino-testlib/cli-datadir/data/packages/arduino/hardware/mbed_nano/2.7.2/libraries/Wire/Wire.h:38:5: note:   candidate expects 2 arguments, 1 provided
/home/ec2-user/arduino-testlib/cli-datadir/data/packages/arduino/hardware/mbed_nano/2.7.2/libraries/Wire/Wire.h:37:5: note: candidate: arduino::MbedI2C::MbedI2C(int, int)
     MbedI2C(int sda, int scl);
     ^~~~~~~
/home/ec2-user/arduino-testlib/cli-datadir/data/packages/arduino/hardware/mbed_nano/2.7.2/libraries/Wire/Wire.h:37:5: note:   candidate expects 2 arguments, 1 provided
/home/ec2-user/arduino-testlib/cli-datadir/user/libraries/PCF8575_library/examples/ledEsp32OnTheSecondI2C/ledEsp32OnTheSecondI2C.ino:39:17: error: invalid conversion from &#39;TwoWire* {aka arduino::MbedI2C*}&#39; to &#39;uint8_t {aka unsigned char}&#39; [-fpermissive]
 PCF8575 pcf8575(&amp;I2Ctwo, 0x20);
                 ^~~~~~~
In file included from /home/ec2-user/arduino-testlib/cli-datadir/user/libraries/PCF8575_library/examples/ledEsp32OnTheSecondI2C/ledEsp32OnTheSecondI2C.ino:31:0:
/home/ec2-user/arduino-testlib/cli-datadir/user/libraries/PCF8575/PCF8575.h:35:12: note:   initializing argument 1 of &#39;PCF8575::PCF8575(uint8_t, TwoWire*)&#39;
   explicit PCF8575(const uint8_t deviceAddress = 0x20, TwoWire *wire = &amp;Wire);
            ^~~~~~~
/home/ec2-user/arduino-testlib/cli-datadir/user/libraries/PCF8575_library/examples/ledEsp32OnTheSecondI2C/ledEsp32OnTheSecondI2C.ino:39:30: error: invalid conversion from &#39;int&#39; to &#39;TwoWire* {aka arduino::MbedI2C*}&#39; [-fpermissive]
 PCF8575 pcf8575(&amp;I2Ctwo, 0x20);
                              ^
In file included from /home/ec2-user/arduino-testlib/cli-datadir/user/libraries/PCF8575_library/examples/ledEsp32OnTheSecondI2C/ledEsp32OnTheSecondI2C.ino:31:0:
/home/ec2-user/arduino-testlib/cli-datadir/user/libraries/PCF8575/PCF8575.h:35:12: note:   initializing argument 2 of &#39;PCF8575::PCF8575(uint8_t, TwoWire*)&#39;
   explicit PCF8575(const uint8_t deviceAddress = 0x20, TwoWire *wire = &amp;Wire);
            ^~~~~~~
/home/ec2-user/arduino-testlib/cli-datadir/user/libraries/PCF8575_library/examples/ledEsp32OnTheSecondI2C/ledEsp32OnTheSecondI2C.ino: In function &#39;void setup()&#39;:
/home/ec2-user/arduino-testlib/cli-datadir/user/libraries/PCF8575_library/examples/ledEsp32OnTheSecondI2C/ledEsp32OnTheSecondI2C.ino:48:28: error: no matching function for call to &#39;arduino::MbedI2C::begin(int, int, int)&#39;
   I2Cone.begin(16,17,400000); // SDA pin 16, SCL pin 17, 400kHz frequency
                            ^
In file included from /home/ec2-user/arduino-testlib/cli-datadir/user/libraries/PCF8575/PCF8575.h:16:0,
                 from /home/ec2-user/arduino-testlib/cli-datadir/user/libraries/PCF8575_library/examples/ledEsp32OnTheSecondI2C/ledEsp32OnTheSecondI2C.ino:31:
/home/ec2-user/arduino-testlib/cli-datadir/data/packages/arduino/hardware/mbed_nano/2.7.2/libraries/Wire/Wire.h:39:18: note: candidate: virtual void arduino::MbedI2C::begin()
     virtual void begin();
                  ^~~~~
/home/ec2-user/arduino-testlib/cli-datadir/data/packages/arduino/hardware/mbed_nano/2.7.2/libraries/Wire/Wire.h:39:18: note:   candidate expects 0 arguments, 3 provided
/home/ec2-user/arduino-testlib/cli-datadir/data/packages/arduino/hardware/mbed_nano/2.7.2/libraries/Wire/Wire.h:43:18: note: candidate: virtual void arduino::MbedI2C::begin(uint8_t)
     virtual void begin(uint8_t address);
                  ^~~~~
/home/ec2-user/arduino-testlib/cli-datadir/data/packages/arduino/hardware/mbed_nano/2.7.2/libraries/Wire/Wire.h:43:18: note:   candidate expects 1 argument, 3 provided
/home/ec2-user/arduino-testlib/cli-datadir/user/libraries/PCF8575_library/examples/ledEsp32OnTheSecondI2C/ledEsp32OnTheSecondI2C.ino:52:13: error: &#39;class PCF8575&#39; has no member named &#39;pinMode&#39;
     pcf8575.pinMode(i, OUTPUT);
             ^~~~~~~
/home/ec2-user/arduino-testlib/cli-datadir/user/libraries/PCF8575_library/examples/ledEsp32OnTheSecondI2C/ledEsp32OnTheSecondI2C.ino: In function &#39;void loop()&#39;:
/home/ec2-user/arduino-testlib/cli-datadir/user/libraries/PCF8575_library/examples/ledEsp32OnTheSecondI2C/ledEsp32OnTheSecondI2C.ino:60:11: error: &#39;class PCF8575&#39; has no member named &#39;digitalWrite&#39;
   pcf8575.digitalWrite(pin, HIGH);
           ^~~~~~~~~~~~
/home/ec2-user/arduino-testlib/cli-datadir/user/libraries/PCF8575_library/examples/ledEsp32OnTheSecondI2C/ledEsp32OnTheSecondI2C.ino:62:11: error: &#39;class PCF8575&#39; has no member named &#39;digitalWrite&#39;
   pcf8575.digitalWrite(pin, LOW);
           ^~~~~~~~~~~~
Multiple libraries were found for &#34;PCF8575.h&#34;
  Used: /home/ec2-user/arduino-testlib/cli-datadir/user/libraries/PCF8575
  Not used: /home/ec2-user/arduino-testlib/cli-datadir/user/libraries/PCF8575_library
</pre>
					
					<h4>examples/ledWemos</h4>
					<p>
						Result: <b>FAIL</b>
					</p>
					<pre class="pre-scrollable">/home/ec2-user/arduino-testlib/cli-datadir/user/libraries/PCF8575_library/examples/ledWemos/ledWemos.ino: In function &#39;void setup()&#39;:
/home/ec2-user/arduino-testlib/cli-datadir/user/libraries/PCF8575_library/examples/ledWemos/ledWemos.ino:45:13: error: &#39;class PCF8575&#39; has no member named &#39;pinMode&#39;
     pcf8575.pinMode(i, OUTPUT);
             ^~~~~~~
/home/ec2-user/arduino-testlib/cli-datadir/user/libraries/PCF8575_library/examples/ledWemos/ledWemos.ino: In function &#39;void loop()&#39;:
/home/ec2-user/arduino-testlib/cli-datadir/user/libraries/PCF8575_library/examples/ledWemos/ledWemos.ino:53:11: error: &#39;class PCF8575&#39; has no member named &#39;digitalWrite&#39;
   pcf8575.digitalWrite(pin, HIGH);
           ^~~~~~~~~~~~
/home/ec2-user/arduino-testlib/cli-datadir/user/libraries/PCF8575_library/examples/ledWemos/ledWemos.ino:55:11: error: &#39;class PCF8575&#39; has no member named &#39;digitalWrite&#39;
   pcf8575.digitalWrite(pin, LOW);
           ^~~~~~~~~~~~
Multiple libraries were found for &#34;PCF8575.h&#34;
  Used: /home/ec2-user/arduino-testlib/cli-datadir/user/libraries/PCF8575
  Not used: /home/ec2-user/arduino-testlib/cli-datadir/user/libraries/PCF8575_library
</pre>
					
					<h4>examples/ledWemosInverted</h4>
					<p>
						Result: <b>FAIL</b>
					</p>
					<pre class="pre-scrollable">/home/ec2-user/arduino-testlib/cli-datadir/user/libraries/PCF8575_library/examples/ledWemosInverted/ledWemosInverted.ino: In function &#39;void setup()&#39;:
/home/ec2-user/arduino-testlib/cli-datadir/user/libraries/PCF8575_library/examples/ledWemosInverted/ledWemosInverted.ino:45:13: error: &#39;class PCF8575&#39; has no member named &#39;pinMode&#39;
     pcf8575.pinMode(i, OUTPUT);
             ^~~~~~~
/home/ec2-user/arduino-testlib/cli-datadir/user/libraries/PCF8575_library/examples/ledWemosInverted/ledWemosInverted.ino:48:12: error: &#39;class PCF8575&#39; has no member named &#39;digitalWrite&#39;
    pcf8575.digitalWrite(i, HIGH);
            ^~~~~~~~~~~~
/home/ec2-user/arduino-testlib/cli-datadir/user/libraries/PCF8575_library/examples/ledWemosInverted/ledWemosInverted.ino: In function &#39;void loop()&#39;:
/home/ec2-user/arduino-testlib/cli-datadir/user/libraries/PCF8575_library/examples/ledWemosInverted/ledWemosInverted.ino:57:11: error: &#39;class PCF8575&#39; has no member named &#39;digitalWrite&#39;
   pcf8575.digitalWrite(pin, LOW);
           ^~~~~~~~~~~~
/home/ec2-user/arduino-testlib/cli-datadir/user/libraries/PCF8575_library/examples/ledWemosInverted/ledWemosInverted.ino:59:11: error: &#39;class PCF8575&#39; has no member named &#39;digitalWrite&#39;
   pcf8575.digitalWrite(pin, HIGH);
           ^~~~~~~~~~~~
Multiple libraries were found for &#34;PCF8575.h&#34;
  Used: /home/ec2-user/arduino-testlib/cli-datadir/user/libraries/PCF8575
  Not used: /home/ec2-user/arduino-testlib/cli-datadir/user/libraries/PCF8575_library
</pre>
					
					<h4>examples/readAll_Interrupt</h4>
					<p>
						Result: <b>FAIL</b>
					</p>
					<pre class="pre-scrollable">/home/ec2-user/arduino-testlib/cli-datadir/user/libraries/PCF8575_library/examples/readAll_Interrupt/readAll_Interrupt.ino:18:71: error: no matching function for call to &#39;PCF8575::PCF8575(int, int, void (&amp;)())&#39;
 PCF8575 pcf8575(0x39, ARDUINO_UNO_INTERRUPTED_PIN, keyChangedOnPCF8575);
                                                                       ^
In file included from /home/ec2-user/arduino-testlib/cli-datadir/user/libraries/PCF8575_library/examples/readAll_Interrupt/readAll_Interrupt.ino:9:0:
/home/ec2-user/arduino-testlib/cli-datadir/user/libraries/PCF8575/PCF8575.h:35:12: note: candidate: PCF8575::PCF8575(uint8_t, TwoWire*)
   explicit PCF8575(const uint8_t deviceAddress = 0x20, TwoWire *wire = &amp;Wire);
            ^~~~~~~
/home/ec2-user/arduino-testlib/cli-datadir/user/libraries/PCF8575/PCF8575.h:35:12: note:   candidate expects 2 arguments, 3 provided
/home/ec2-user/arduino-testlib/cli-datadir/user/libraries/PCF8575/PCF8575.h:31:7: note: candidate: constexpr PCF8575::PCF8575(const PCF8575&amp;)
 class PCF8575
       ^~~~~~~
/home/ec2-user/arduino-testlib/cli-datadir/user/libraries/PCF8575/PCF8575.h:31:7: note:   candidate expects 1 argument, 3 provided
/home/ec2-user/arduino-testlib/cli-datadir/user/libraries/PCF8575/PCF8575.h:31:7: note: candidate: constexpr PCF8575::PCF8575(PCF8575&amp;&amp;)
/home/ec2-user/arduino-testlib/cli-datadir/user/libraries/PCF8575/PCF8575.h:31:7: note:   candidate expects 1 argument, 3 provided
/home/ec2-user/arduino-testlib/cli-datadir/user/libraries/PCF8575_library/examples/readAll_Interrupt/readAll_Interrupt.ino: In function &#39;void setup()&#39;:
/home/ec2-user/arduino-testlib/cli-datadir/user/libraries/PCF8575_library/examples/readAll_Interrupt/readAll_Interrupt.ino:24:10: error: &#39;class PCF8575&#39; has no member named &#39;pinMode&#39;
  pcf8575.pinMode(P0, INPUT);
          ^~~~~~~
/home/ec2-user/arduino-testlib/cli-datadir/user/libraries/PCF8575_library/examples/readAll_Interrupt/readAll_Interrupt.ino:24:18: error: &#39;P0&#39; was not declared in this scope
  pcf8575.pinMode(P0, INPUT);
                  ^~
/home/ec2-user/arduino-testlib/cli-datadir/user/libraries/PCF8575_library/examples/readAll_Interrupt/readAll_Interrupt.ino:24:18: note: suggested alternative: &#39;A0&#39;
  pcf8575.pinMode(P0, INPUT);
                  ^~
                  A0
/home/ec2-user/arduino-testlib/cli-datadir/user/libraries/PCF8575_library/examples/readAll_Interrupt/readAll_Interrupt.ino:25:10: error: &#39;class PCF8575&#39; has no member named &#39;pinMode&#39;
  pcf8575.pinMode(P1, INPUT);
          ^~~~~~~
/home/ec2-user/arduino-testlib/cli-datadir/user/libraries/PCF8575_library/examples/readAll_Interrupt/readAll_Interrupt.ino:25:18: error: &#39;P1&#39; was not declared in this scope
  pcf8575.pinMode(P1, INPUT);
                  ^~
/home/ec2-user/arduino-testlib/cli-datadir/user/libraries/PCF8575_library/examples/readAll_Interrupt/readAll_Interrupt.ino:25:18: note: suggested alternative: &#39;A1&#39;
  pcf8575.pinMode(P1, INPUT);
                  ^~
                  A1
/home/ec2-user/arduino-testlib/cli-datadir/user/libraries/PCF8575_library/examples/readAll_Interrupt/readAll_Interrupt.ino:26:10: error: &#39;class PCF8575&#39; has no member named &#39;pinMode&#39;
  pcf8575.pinMode(P2, INPUT);
          ^~~~~~~
/home/ec2-user/arduino-testlib/cli-datadir/user/libraries/PCF8575_library/examples/readAll_Interrupt/readAll_Interrupt.ino:26:18: error: &#39;P2&#39; was not declared in this scope
  pcf8575.pinMode(P2, INPUT);
                  ^~
/home/ec2-user/arduino-testlib/cli-datadir/user/libraries/PCF8575_library/examples/readAll_Interrupt/readAll_Interrupt.ino:26:18: note: suggested alternative: &#39;A2&#39;
  pcf8575.pinMode(P2, INPUT);
                  ^~
                  A2
/home/ec2-user/arduino-testlib/cli-datadir/user/libraries/PCF8575_library/examples/readAll_Interrupt/readAll_Interrupt.ino:27:10: error: &#39;class PCF8575&#39; has no member named &#39;pinMode&#39;
  pcf8575.pinMode(P3, INPUT);
          ^~~~~~~
/home/ec2-user/arduino-testlib/cli-datadir/user/libraries/PCF8575_library/examples/readAll_Interrupt/readAll_Interrupt.ino:27:18: error: &#39;P3&#39; was not declared in this scope
  pcf8575.pinMode(P3, INPUT);
                  ^~
/home/ec2-user/arduino-testlib/cli-datadir/user/libraries/PCF8575_library/examples/readAll_Interrupt/readAll_Interrupt.ino:27:18: note: suggested alternative: &#39;A3&#39;
  pcf8575.pinMode(P3, INPUT);
                  ^~
                  A3
/home/ec2-user/arduino-testlib/cli-datadir/user/libraries/PCF8575_library/examples/readAll_Interrupt/readAll_Interrupt.ino: In function &#39;void loop()&#39;:
/home/ec2-user/arduino-testlib/cli-datadir/user/libraries/PCF8575_library/examples/readAll_Interrupt/readAll_Interrupt.ino:39:12: error: &#39;DigitalInput&#39; is not a member of &#39;PCF8575&#39;
   PCF8575::DigitalInput di = pcf8575.digitalReadAll();
            ^~~~~~~~~~~~
/home/ec2-user/arduino-testlib/cli-datadir/user/libraries/PCF8575_library/examples/readAll_Interrupt/readAll_Interrupt.ino:41:16: error: &#39;di&#39; was not declared in this scope
   Serial.print(di.p0);
                ^~
/home/ec2-user/arduino-testlib/cli-datadir/user/libraries/PCF8575_library/examples/readAll_Interrupt/readAll_Interrupt.ino:41:16: note: suggested alternative: &#39;div&#39;
   Serial.print(di.p0);
                ^~
                div
Multiple libraries were found for &#34;PCF8575.h&#34;
  Used: /home/ec2-user/arduino-testlib/cli-datadir/user/libraries/PCF8575
  Not used: /home/ec2-user/arduino-testlib/cli-datadir/user/libraries/PCF8575_library
</pre>
					
					<h4>examples/readAll_Interrupt_lowMemory</h4>
					<p>
						Result: <b>FAIL</b>
					</p>
					<pre class="pre-scrollable">/home/ec2-user/arduino-testlib/cli-datadir/user/libraries/PCF8575_library/examples/readAll_Interrupt_lowMemory/readAll_Interrupt_lowMemory.ino:22:71: error: no matching function for call to &#39;PCF8575::PCF8575(int, int, void (&amp;)())&#39;
 PCF8575 pcf8575(0x20, ARDUINO_UNO_INTERRUPTED_PIN, keyChangedOnPCF8575);
                                                                       ^
In file included from /home/ec2-user/arduino-testlib/cli-datadir/user/libraries/PCF8575_library/examples/readAll_Interrupt_lowMemory/readAll_Interrupt_lowMemory.ino:9:0:
/home/ec2-user/arduino-testlib/cli-datadir/user/libraries/PCF8575/PCF8575.h:35:12: note: candidate: PCF8575::PCF8575(uint8_t, TwoWire*)
   explicit PCF8575(const uint8_t deviceAddress = 0x20, TwoWire *wire = &amp;Wire);
            ^~~~~~~
/home/ec2-user/arduino-testlib/cli-datadir/user/libraries/PCF8575/PCF8575.h:35:12: note:   candidate expects 2 arguments, 3 provided
/home/ec2-user/arduino-testlib/cli-datadir/user/libraries/PCF8575/PCF8575.h:31:7: note: candidate: constexpr PCF8575::PCF8575(const PCF8575&amp;)
 class PCF8575
       ^~~~~~~
/home/ec2-user/arduino-testlib/cli-datadir/user/libraries/PCF8575/PCF8575.h:31:7: note:   candidate expects 1 argument, 3 provided
/home/ec2-user/arduino-testlib/cli-datadir/user/libraries/PCF8575/PCF8575.h:31:7: note: candidate: constexpr PCF8575::PCF8575(PCF8575&amp;&amp;)
/home/ec2-user/arduino-testlib/cli-datadir/user/libraries/PCF8575/PCF8575.h:31:7: note:   candidate expects 1 argument, 3 provided
/home/ec2-user/arduino-testlib/cli-datadir/user/libraries/PCF8575_library/examples/readAll_Interrupt_lowMemory/readAll_Interrupt_lowMemory.ino: In function &#39;void setup()&#39;:
/home/ec2-user/arduino-testlib/cli-datadir/user/libraries/PCF8575_library/examples/readAll_Interrupt_lowMemory/readAll_Interrupt_lowMemory.ino:28:10: error: &#39;class PCF8575&#39; has no member named &#39;pinMode&#39;
  pcf8575.pinMode(P0, INPUT);
          ^~~~~~~
/home/ec2-user/arduino-testlib/cli-datadir/user/libraries/PCF8575_library/examples/readAll_Interrupt_lowMemory/readAll_Interrupt_lowMemory.ino:28:18: error: &#39;P0&#39; was not declared in this scope
  pcf8575.pinMode(P0, INPUT);
                  ^~
/home/ec2-user/arduino-testlib/cli-datadir/user/libraries/PCF8575_library/examples/readAll_Interrupt_lowMemory/readAll_Interrupt_lowMemory.ino:28:18: note: suggested alternative: &#39;A0&#39;
  pcf8575.pinMode(P0, INPUT);
                  ^~
                  A0
/home/ec2-user/arduino-testlib/cli-datadir/user/libraries/PCF8575_library/examples/readAll_Interrupt_lowMemory/readAll_Interrupt_lowMemory.ino:29:10: error: &#39;class PCF8575&#39; has no member named &#39;pinMode&#39;
  pcf8575.pinMode(P1, INPUT);
          ^~~~~~~
/home/ec2-user/arduino-testlib/cli-datadir/user/libraries/PCF8575_library/examples/readAll_Interrupt_lowMemory/readAll_Interrupt_lowMemory.ino:29:18: error: &#39;P1&#39; was not declared in this scope
  pcf8575.pinMode(P1, INPUT);
                  ^~
/home/ec2-user/arduino-testlib/cli-datadir/user/libraries/PCF8575_library/examples/readAll_Interrupt_lowMemory/readAll_Interrupt_lowMemory.ino:29:18: note: suggested alternative: &#39;A1&#39;
  pcf8575.pinMode(P1, INPUT);
                  ^~
                  A1
/home/ec2-user/arduino-testlib/cli-datadir/user/libraries/PCF8575_library/examples/readAll_Interrupt_lowMemory/readAll_Interrupt_lowMemory.ino:30:10: error: &#39;class PCF8575&#39; has no member named &#39;pinMode&#39;
  pcf8575.pinMode(P2, INPUT);
          ^~~~~~~
/home/ec2-user/arduino-testlib/cli-datadir/user/libraries/PCF8575_library/examples/readAll_Interrupt_lowMemory/readAll_Interrupt_lowMemory.ino:30:18: error: &#39;P2&#39; was not declared in this scope
  pcf8575.pinMode(P2, INPUT);
                  ^~
/home/ec2-user/arduino-testlib/cli-datadir/user/libraries/PCF8575_library/examples/readAll_Interrupt_lowMemory/readAll_Interrupt_lowMemory.ino:30:18: note: suggested alternative: &#39;A2&#39;
  pcf8575.pinMode(P2, INPUT);
                  ^~
                  A2
/home/ec2-user/arduino-testlib/cli-datadir/user/libraries/PCF8575_library/examples/readAll_Interrupt_lowMemory/readAll_Interrupt_lowMemory.ino:31:10: error: &#39;class PCF8575&#39; has no member named &#39;pinMode&#39;
  pcf8575.pinMode(P3, INPUT);
          ^~~~~~~
/home/ec2-user/arduino-testlib/cli-datadir/user/libraries/PCF8575_library/examples/readAll_Interrupt_lowMemory/readAll_Interrupt_lowMemory.ino:31:18: error: &#39;P3&#39; was not declared in this scope
  pcf8575.pinMode(P3, INPUT);
                  ^~
/home/ec2-user/arduino-testlib/cli-datadir/user/libraries/PCF8575_library/examples/readAll_Interrupt_lowMemory/readAll_Interrupt_lowMemory.ino:31:18: note: suggested alternative: &#39;A3&#39;
  pcf8575.pinMode(P3, INPUT);
                  ^~
                  A3
/home/ec2-user/arduino-testlib/cli-datadir/user/libraries/PCF8575_library/examples/readAll_Interrupt_lowMemory/readAll_Interrupt_lowMemory.ino: In function &#39;void loop()&#39;:
/home/ec2-user/arduino-testlib/cli-datadir/user/libraries/PCF8575_library/examples/readAll_Interrupt_lowMemory/readAll_Interrupt_lowMemory.ino:43:21: error: &#39;class PCF8575&#39; has no member named &#39;digitalReadAll&#39;
   byte di = pcf8575.digitalReadAll();
                     ^~~~~~~~~~~~~~
Multiple libraries were found for &#34;PCF8575.h&#34;
  Used: /home/ec2-user/arduino-testlib/cli-datadir/user/libraries/PCF8575
  Not used: /home/ec2-user/arduino-testlib/cli-datadir/user/libraries/PCF8575_library
</pre>
					
				
				<h3 id="arduino:megaavr:nona4809">arduino:megaavr:nona4809 @ 1.8.7</h3>
				<h4>Inclusion</h4>
				<p>
					Result: <b>PASS</b>
					
					<br />This library has no main header file so an empty one was created.
					
				</p>
				<pre class="pre-scrollable">Sketch uses 3104 bytes (6%) of program storage space. Maximum is 49152 bytes.
Global variables use 317 bytes (5%) of dynamic memory, leaving 5827 bytes for local variables. Maximum is 6144 bytes.
In file included from /home/ec2-user/arduino-testlib/cli-datadir/user/libraries/PCF8575/PCF8575.h:16:0,
                 from /home/ec2-user/arduino-testlib/cli-datadir/user/libraries/PCF8575/PCF8575.cpp:21:
/home/ec2-user/arduino-testlib/cli-datadir/data/packages/arduino/hardware/megaavr/1.8.7/libraries/Wire/src/Wire.h: In member function &#39;uint16_t PCF8575::read16()&#39;:
/home/ec2-user/arduino-testlib/cli-datadir/data/packages/arduino/hardware/megaavr/1.8.7/libraries/Wire/src/Wire.h:63:12: note: candidate 1: size_t TwoWire::requestFrom(int, int)
     size_t requestFrom(int, int);
            ^~~~~~~~~~~
/home/ec2-user/arduino-testlib/cli-datadir/data/packages/arduino/hardware/megaavr/1.8.7/libraries/Wire/src/Wire.h:61:12: note: candidate 2: virtual size_t TwoWire::requestFrom(uint8_t, size_t)
     size_t requestFrom(uint8_t, size_t);
            ^~~~~~~~~~~
</pre>

					
					<h4>examples/blinkOnPin0</h4>
					<p>
						Result: <b>FAIL</b>
					</p>
					<pre class="pre-scrollable">/home/ec2-user/arduino-testlib/cli-datadir/user/libraries/PCF8575_library/examples/blinkOnPin0/blinkOnPin0.ino: In function &#39;void setup()&#39;:
/home/ec2-user/arduino-testlib/cli-datadir/user/libraries/PCF8575_library/examples/blinkOnPin0/blinkOnPin0.ino:19:10: error: &#39;class PCF8575&#39; has no member named &#39;pinMode&#39;
  pcf8575.pinMode(P0, OUTPUT);
          ^~~~~~~
/home/ec2-user/arduino-testlib/cli-datadir/user/libraries/PCF8575_library/examples/blinkOnPin0/blinkOnPin0.ino:19:18: error: &#39;P0&#39; was not declared in this scope
  pcf8575.pinMode(P0, OUTPUT);
                  ^~
/home/ec2-user/arduino-testlib/cli-datadir/user/libraries/PCF8575_library/examples/blinkOnPin0/blinkOnPin0.ino:19:18: note: suggested alternative: &#39;A0&#39;
  pcf8575.pinMode(P0, OUTPUT);
                  ^~
                  A0
/home/ec2-user/arduino-testlib/cli-datadir/user/libraries/PCF8575_library/examples/blinkOnPin0/blinkOnPin0.ino: In function &#39;void loop()&#39;:
/home/ec2-user/arduino-testlib/cli-datadir/user/libraries/PCF8575_library/examples/blinkOnPin0/blinkOnPin0.ino:26:10: error: &#39;class PCF8575&#39; has no member named &#39;digitalWrite&#39;
  pcf8575.digitalWrite(P0, HIGH);
          ^~~~~~~~~~~~
/home/ec2-user/arduino-testlib/cli-datadir/user/libraries/PCF8575_library/examples/blinkOnPin0/blinkOnPin0.ino:26:23: error: &#39;P0&#39; was not declared in this scope
  pcf8575.digitalWrite(P0, HIGH);
                       ^~
/home/ec2-user/arduino-testlib/cli-datadir/user/libraries/PCF8575_library/examples/blinkOnPin0/blinkOnPin0.ino:26:23: note: suggested alternative: &#39;A0&#39;
  pcf8575.digitalWrite(P0, HIGH);
                       ^~
                       A0
/home/ec2-user/arduino-testlib/cli-datadir/user/libraries/PCF8575_library/examples/blinkOnPin0/blinkOnPin0.ino:28:10: error: &#39;class PCF8575&#39; has no member named &#39;digitalWrite&#39;
  pcf8575.digitalWrite(P0, LOW);
          ^~~~~~~~~~~~
Multiple libraries were found for &#34;PCF8575.h&#34;
  Used: /home/ec2-user/arduino-testlib/cli-datadir/user/libraries/PCF8575
  Not used: /home/ec2-user/arduino-testlib/cli-datadir/user/libraries/PCF8575_library
</pre>
					
					<h4>examples/interruptWemos</h4>
					<p>
						Result: <b>FAIL</b>
					</p>
					<pre class="pre-scrollable">/home/ec2-user/arduino-testlib/cli-datadir/user/libraries/PCF8575_library/examples/interruptWemos/interruptWemos.ino: In function &#39;void setup()&#39;:
/home/ec2-user/arduino-testlib/cli-datadir/user/libraries/PCF8575_library/examples/interruptWemos/interruptWemos.ino:49:13: error: &#39;class PCF8575&#39; has no member named &#39;pinMode&#39;
     pcf8575.pinMode(i, INPUT);
             ^~~~~~~
/home/ec2-user/arduino-testlib/cli-datadir/user/libraries/PCF8575_library/examples/interruptWemos/interruptWemos.ino: In function &#39;void loop()&#39;:
/home/ec2-user/arduino-testlib/cli-datadir/user/libraries/PCF8575_library/examples/interruptWemos/interruptWemos.ino:57:14: error: &#39;DigitalInput&#39; is not a member of &#39;PCF8575&#39;
     PCF8575::DigitalInput val = pcf8575.digitalReadAll();
              ^~~~~~~~~~~~
/home/ec2-user/arduino-testlib/cli-datadir/user/libraries/PCF8575_library/examples/interruptWemos/interruptWemos.ino:58:9: error: &#39;val&#39; was not declared in this scope
     if (val.p0==HIGH) Serial.println(&#34;KEY0 PRESSED&#34;);
         ^~~
/home/ec2-user/arduino-testlib/cli-datadir/user/libraries/PCF8575_library/examples/interruptWemos/interruptWemos.ino:59:9: error: &#39;val&#39; was not declared in this scope
     if (val.p1==HIGH) Serial.println(&#34;KEY1 PRESSED&#34;);
         ^~~
/home/ec2-user/arduino-testlib/cli-datadir/user/libraries/PCF8575_library/examples/interruptWemos/interruptWemos.ino:60:9: error: &#39;val&#39; was not declared in this scope
     if (val.p2==HIGH) Serial.println(&#34;KEY2 PRESSED&#34;);
         ^~~
/home/ec2-user/arduino-testlib/cli-datadir/user/libraries/PCF8575_library/examples/interruptWemos/interruptWemos.ino:61:9: error: &#39;val&#39; was not declared in this scope
     if (val.p3==HIGH) Serial.println(&#34;KEY3 PRESSED&#34;);
         ^~~
/home/ec2-user/arduino-testlib/cli-datadir/user/libraries/PCF8575_library/examples/interruptWemos/interruptWemos.ino:62:9: error: &#39;val&#39; was not declared in this scope
     if (val.p4==HIGH) Serial.println(&#34;KEY4 PRESSED&#34;);
         ^~~
/home/ec2-user/arduino-testlib/cli-datadir/user/libraries/PCF8575_library/examples/interruptWemos/interruptWemos.ino:63:9: error: &#39;val&#39; was not declared in this scope
     if (val.p5==HIGH) Serial.println(&#34;KEY5 PRESSED&#34;);
         ^~~
/home/ec2-user/arduino-testlib/cli-datadir/user/libraries/PCF8575_library/examples/interruptWemos/interruptWemos.ino:64:9: error: &#39;val&#39; was not declared in this scope
     if (val.p6==HIGH) Serial.println(&#34;KEY6 PRESSED&#34;);
         ^~~
/home/ec2-user/arduino-testlib/cli-datadir/user/libraries/PCF8575_library/examples/interruptWemos/interruptWemos.ino:65:9: error: &#39;val&#39; was not declared in this scope
     if (val.p7==HIGH) Serial.println(&#34;KEY7 PRESSED&#34;);
         ^~~
/home/ec2-user/arduino-testlib/cli-datadir/user/libraries/PCF8575_library/examples/interruptWemos/interruptWemos.ino:66:9: error: &#39;val&#39; was not declared in this scope
     if (val.p8==HIGH) Serial.println(&#34;KEY8 PRESSED&#34;);
         ^~~
/home/ec2-user/arduino-testlib/cli-datadir/user/libraries/PCF8575_library/examples/interruptWemos/interruptWemos.ino:67:9: error: &#39;val&#39; was not declared in this scope
     if (val.p9==HIGH) Serial.println(&#34;KEY9 PRESSED&#34;);
         ^~~
/home/ec2-user/arduino-testlib/cli-datadir/user/libraries/PCF8575_library/examples/interruptWemos/interruptWemos.ino:68:9: error: &#39;val&#39; was not declared in this scope
     if (val.p10==HIGH) Serial.println(&#34;KEY10 PRESSED&#34;);
         ^~~
/home/ec2-user/arduino-testlib/cli-datadir/user/libraries/PCF8575_library/examples/interruptWemos/interruptWemos.ino:69:9: error: &#39;val&#39; was not declared in this scope
     if (val.p11==HIGH) Serial.println(&#34;KEY11 PRESSED&#34;);
         ^~~
/home/ec2-user/arduino-testlib/cli-datadir/user/libraries/PCF8575_library/examples/interruptWemos/interruptWemos.ino:70:9: error: &#39;val&#39; was not declared in this scope
     if (val.p12==HIGH) Serial.println(&#34;KEY12 PRESSED&#34;);
         ^~~
/home/ec2-user/arduino-testlib/cli-datadir/user/libraries/PCF8575_library/examples/interruptWemos/interruptWemos.ino:71:9: error: &#39;val&#39; was not declared in this scope
     if (val.p13==HIGH) Serial.println(&#34;KEY13 PRESSED&#34;);
         ^~~
/home/ec2-user/arduino-testlib/cli-datadir/user/libraries/PCF8575_library/examples/interruptWemos/interruptWemos.ino:72:9: error: &#39;val&#39; was not declared in this scope
     if (val.p14==HIGH) Serial.println(&#34;KEY14 PRESSED&#34;);
         ^~~
/home/ec2-user/arduino-testlib/cli-datadir/user/libraries/PCF8575_library/examples/interruptWemos/interruptWemos.ino:73:9: error: &#39;val&#39; was not declared in this scope
     if (val.p15==HIGH) Serial.println(&#34;KEY15 PRESSED&#34;);
         ^~~
Multiple libraries were found for &#34;PCF8575.h&#34;
  Used: /home/ec2-user/arduino-testlib/cli-datadir/user/libraries/PCF8575
  Not used: /home/ec2-user/arduino-testlib/cli-datadir/user/libraries/PCF8575_library
</pre>
					
					<h4>examples/keyPressedPin1</h4>
					<p>
						Result: <b>FAIL</b>
					</p>
					<pre class="pre-scrollable">/home/ec2-user/arduino-testlib/cli-datadir/user/libraries/PCF8575_library/examples/keyPressedPin1/keyPressedPin1.ino: In function &#39;void setup()&#39;:
/home/ec2-user/arduino-testlib/cli-datadir/user/libraries/PCF8575_library/examples/keyPressedPin1/keyPressedPin1.ino:18:10: error: &#39;class PCF8575&#39; has no member named &#39;pinMode&#39;
  pcf8575.pinMode(P1, INPUT);
          ^~~~~~~
/home/ec2-user/arduino-testlib/cli-datadir/user/libraries/PCF8575_library/examples/keyPressedPin1/keyPressedPin1.ino:18:18: error: &#39;P1&#39; was not declared in this scope
  pcf8575.pinMode(P1, INPUT);
                  ^~
/home/ec2-user/arduino-testlib/cli-datadir/user/libraries/PCF8575_library/examples/keyPressedPin1/keyPressedPin1.ino:18:18: note: suggested alternative: &#39;A1&#39;
  pcf8575.pinMode(P1, INPUT);
                  ^~
                  A1
/home/ec2-user/arduino-testlib/cli-datadir/user/libraries/PCF8575_library/examples/keyPressedPin1/keyPressedPin1.ino: In function &#39;void loop()&#39;:
/home/ec2-user/arduino-testlib/cli-datadir/user/libraries/PCF8575_library/examples/keyPressedPin1/keyPressedPin1.ino:25:24: error: &#39;class PCF8575&#39; has no member named &#39;digitalRead&#39;
  uint8_t val = pcf8575.digitalRead(P1);
                        ^~~~~~~~~~~
/home/ec2-user/arduino-testlib/cli-datadir/user/libraries/PCF8575_library/examples/keyPressedPin1/keyPressedPin1.ino:25:36: error: &#39;P1&#39; was not declared in this scope
  uint8_t val = pcf8575.digitalRead(P1);
                                    ^~
/home/ec2-user/arduino-testlib/cli-datadir/user/libraries/PCF8575_library/examples/keyPressedPin1/keyPressedPin1.ino:25:36: note: suggested alternative: &#39;A1&#39;
  uint8_t val = pcf8575.digitalRead(P1);
                                    ^~
                                    A1
Multiple libraries were found for &#34;PCF8575.h&#34;
  Used: /home/ec2-user/arduino-testlib/cli-datadir/user/libraries/PCF8575
  Not used: /home/ec2-user/arduino-testlib/cli-datadir/user/libraries/PCF8575_library
</pre>
					
					<h4>examples/keyPressedPin1_storedOnBuffer_async</h4>
					<p>
						Result: <b>FAIL</b>
					</p>
					<pre class="pre-scrollable">/home/ec2-user/arduino-testlib/cli-datadir/user/libraries/PCF8575_library/examples/keyPressedPin1_storedOnBuffer_async/keyPressedPin1_storedOnBuffer_async.ino: In function &#39;void setup()&#39;:
/home/ec2-user/arduino-testlib/cli-datadir/user/libraries/PCF8575_library/examples/keyPressedPin1_storedOnBuffer_async/keyPressedPin1_storedOnBuffer_async.ino:18:10: error: &#39;class PCF8575&#39; has no member named &#39;pinMode&#39;
  pcf8575.pinMode(P1, INPUT);
          ^~~~~~~
/home/ec2-user/arduino-testlib/cli-datadir/user/libraries/PCF8575_library/examples/keyPressedPin1_storedOnBuffer_async/keyPressedPin1_storedOnBuffer_async.ino:18:18: error: &#39;P1&#39; was not declared in this scope
  pcf8575.pinMode(P1, INPUT);
                  ^~
/home/ec2-user/arduino-testlib/cli-datadir/user/libraries/PCF8575_library/examples/keyPressedPin1_storedOnBuffer_async/keyPressedPin1_storedOnBuffer_async.ino:18:18: note: suggested alternative: &#39;A1&#39;
  pcf8575.pinMode(P1, INPUT);
                  ^~
                  A1
/home/ec2-user/arduino-testlib/cli-datadir/user/libraries/PCF8575_library/examples/keyPressedPin1_storedOnBuffer_async/keyPressedPin1_storedOnBuffer_async.ino: In function &#39;void loop()&#39;:
/home/ec2-user/arduino-testlib/cli-datadir/user/libraries/PCF8575_library/examples/keyPressedPin1_storedOnBuffer_async/keyPressedPin1_storedOnBuffer_async.ino:28:10: error: &#39;class PCF8575&#39; has no member named &#39;readBuffer&#39;; did you mean &#39;readButton&#39;?
  pcf8575.readBuffer();
          ^~~~~~~~~~
          readButton
/home/ec2-user/arduino-testlib/cli-datadir/user/libraries/PCF8575_library/examples/keyPressedPin1_storedOnBuffer_async/keyPressedPin1_storedOnBuffer_async.ino:31:25: error: &#39;class PCF8575&#39; has no member named &#39;digitalRead&#39;
   uint8_t val = pcf8575.digitalRead(P1);
                         ^~~~~~~~~~~
/home/ec2-user/arduino-testlib/cli-datadir/user/libraries/PCF8575_library/examples/keyPressedPin1_storedOnBuffer_async/keyPressedPin1_storedOnBuffer_async.ino:31:37: error: &#39;P1&#39; was not declared in this scope
   uint8_t val = pcf8575.digitalRead(P1);
                                     ^~
/home/ec2-user/arduino-testlib/cli-datadir/user/libraries/PCF8575_library/examples/keyPressedPin1_storedOnBuffer_async/keyPressedPin1_storedOnBuffer_async.ino:31:37: note: suggested alternative: &#39;A1&#39;
   uint8_t val = pcf8575.digitalRead(P1);
                                     ^~
                                     A1
Multiple libraries were found for &#34;PCF8575.h&#34;
  Used: /home/ec2-user/arduino-testlib/cli-datadir/user/libraries/PCF8575
  Not used: /home/ec2-user/arduino-testlib/cli-datadir/user/libraries/PCF8575_library
</pre>
					
					<h4>examples/keyPressed_withInterrupt</h4>
					<p>
						Result: <b>FAIL</b>
					</p>
					<pre class="pre-scrollable">/home/ec2-user/arduino-testlib/cli-datadir/user/libraries/PCF8575_library/examples/keyPressed_withInterrupt/keyPressed_withInterrupt.ino:18:71: error: no matching function for call to &#39;PCF8575::PCF8575(int, int, void (&amp;)())&#39;
 PCF8575 pcf8575(0x39, ARDUINO_UNO_INTERRUPTED_PIN, keyPressedOnPCF8575);
                                                                       ^
In file included from /home/ec2-user/arduino-testlib/cli-datadir/user/libraries/PCF8575_library/examples/keyPressed_withInterrupt/keyPressed_withInterrupt.ino:9:0:
/home/ec2-user/arduino-testlib/cli-datadir/user/libraries/PCF8575/PCF8575.h:35:12: note: candidate: PCF8575::PCF8575(uint8_t, TwoWire*)
   explicit PCF8575(const uint8_t deviceAddress = 0x20, TwoWire *wire = &amp;Wire);
            ^~~~~~~
/home/ec2-user/arduino-testlib/cli-datadir/user/libraries/PCF8575/PCF8575.h:35:12: note:   candidate expects 2 arguments, 3 provided
/home/ec2-user/arduino-testlib/cli-datadir/user/libraries/PCF8575/PCF8575.h:31:7: note: candidate: constexpr PCF8575::PCF8575(const PCF8575&amp;)
 class PCF8575
       ^~~~~~~
/home/ec2-user/arduino-testlib/cli-datadir/user/libraries/PCF8575/PCF8575.h:31:7: note:   candidate expects 1 argument, 3 provided
/home/ec2-user/arduino-testlib/cli-datadir/user/libraries/PCF8575/PCF8575.h:31:7: note: candidate: constexpr PCF8575::PCF8575(PCF8575&amp;&amp;)
/home/ec2-user/arduino-testlib/cli-datadir/user/libraries/PCF8575/PCF8575.h:31:7: note:   candidate expects 1 argument, 3 provided
/home/ec2-user/arduino-testlib/cli-datadir/user/libraries/PCF8575_library/examples/keyPressed_withInterrupt/keyPressed_withInterrupt.ino: In function &#39;void setup()&#39;:
/home/ec2-user/arduino-testlib/cli-datadir/user/libraries/PCF8575_library/examples/keyPressed_withInterrupt/keyPressed_withInterrupt.ino:24:10: error: &#39;class PCF8575&#39; has no member named &#39;pinMode&#39;
  pcf8575.pinMode(P1, INPUT);
          ^~~~~~~
/home/ec2-user/arduino-testlib/cli-datadir/user/libraries/PCF8575_library/examples/keyPressed_withInterrupt/keyPressed_withInterrupt.ino:24:18: error: &#39;P1&#39; was not declared in this scope
  pcf8575.pinMode(P1, INPUT);
                  ^~
/home/ec2-user/arduino-testlib/cli-datadir/user/libraries/PCF8575_library/examples/keyPressed_withInterrupt/keyPressed_withInterrupt.ino:24:18: note: suggested alternative: &#39;A1&#39;
  pcf8575.pinMode(P1, INPUT);
                  ^~
                  A1
/home/ec2-user/arduino-testlib/cli-datadir/user/libraries/PCF8575_library/examples/keyPressed_withInterrupt/keyPressed_withInterrupt.ino: In function &#39;void loop()&#39;:
/home/ec2-user/arduino-testlib/cli-datadir/user/libraries/PCF8575_library/examples/keyPressed_withInterrupt/keyPressed_withInterrupt.ino:35:25: error: &#39;class PCF8575&#39; has no member named &#39;digitalRead&#39;
   uint8_t val = pcf8575.digitalRead(P1);
                         ^~~~~~~~~~~
/home/ec2-user/arduino-testlib/cli-datadir/user/libraries/PCF8575_library/examples/keyPressed_withInterrupt/keyPressed_withInterrupt.ino:35:37: error: &#39;P1&#39; was not declared in this scope
   uint8_t val = pcf8575.digitalRead(P1);
                                     ^~
/home/ec2-user/arduino-testlib/cli-datadir/user/libraries/PCF8575_library/examples/keyPressed_withInterrupt/keyPressed_withInterrupt.ino:35:37: note: suggested alternative: &#39;A1&#39;
   uint8_t val = pcf8575.digitalRead(P1);
                                     ^~
                                     A1
Multiple libraries were found for &#34;PCF8575.h&#34;
  Used: /home/ec2-user/arduino-testlib/cli-datadir/user/libraries/PCF8575
  Not used: /home/ec2-user/arduino-testlib/cli-datadir/user/libraries/PCF8575_library
</pre>
					
					<h4>examples/ledEsp32OnTheSecondI2C</h4>
					<p>
						Result: <b>FAIL</b>
					</p>
					<pre class="pre-scrollable">/home/ec2-user/arduino-testlib/cli-datadir/user/libraries/PCF8575_library/examples/ledEsp32OnTheSecondI2C/ledEsp32OnTheSecondI2C.ino:34:27: error: no matching function for call to &#39;TwoWire::TwoWire(int)&#39;
 TwoWire I2Cone = TwoWire(0);
                           ^
In file included from /home/ec2-user/arduino-testlib/cli-datadir/user/libraries/PCF8575/PCF8575.h:16:0,
                 from /home/ec2-user/arduino-testlib/cli-datadir/user/libraries/PCF8575_library/examples/ledEsp32OnTheSecondI2C/ledEsp32OnTheSecondI2C.ino:31:
/home/ec2-user/arduino-testlib/cli-datadir/data/packages/arduino/hardware/megaavr/1.8.7/libraries/Wire/src/Wire.h:51:5: note: candidate: TwoWire::TwoWire()
     TwoWire();
     ^~~~~~~
/home/ec2-user/arduino-testlib/cli-datadir/data/packages/arduino/hardware/megaavr/1.8.7/libraries/Wire/src/Wire.h:51:5: note:   candidate expects 0 arguments, 1 provided
/home/ec2-user/arduino-testlib/cli-datadir/data/packages/arduino/hardware/megaavr/1.8.7/libraries/Wire/src/Wire.h:33:7: note: candidate: constexpr TwoWire::TwoWire(const TwoWire&amp;)
 class TwoWire : public HardwareI2C
       ^~~~~~~
/home/ec2-user/arduino-testlib/cli-datadir/data/packages/arduino/hardware/megaavr/1.8.7/libraries/Wire/src/Wire.h:33:7: note:   no known conversion for argument 1 from &#39;int&#39; to &#39;const TwoWire&amp;&#39;
/home/ec2-user/arduino-testlib/cli-datadir/data/packages/arduino/hardware/megaavr/1.8.7/libraries/Wire/src/Wire.h:33:7: note: candidate: constexpr TwoWire::TwoWire(TwoWire&amp;&amp;)
/home/ec2-user/arduino-testlib/cli-datadir/data/packages/arduino/hardware/megaavr/1.8.7/libraries/Wire/src/Wire.h:33:7: note:   no known conversion for argument 1 from &#39;int&#39; to &#39;TwoWire&amp;&amp;&#39;
/home/ec2-user/arduino-testlib/cli-datadir/user/libraries/PCF8575_library/examples/ledEsp32OnTheSecondI2C/ledEsp32OnTheSecondI2C.ino:36:27: error: no matching function for call to &#39;TwoWire::TwoWire(int)&#39;
 TwoWire I2Ctwo = TwoWire(1);
                           ^
In file included from /home/ec2-user/arduino-testlib/cli-datadir/user/libraries/PCF8575/PCF8575.h:16:0,
                 from /home/ec2-user/arduino-testlib/cli-datadir/user/libraries/PCF8575_library/examples/ledEsp32OnTheSecondI2C/ledEsp32OnTheSecondI2C.ino:31:
/home/ec2-user/arduino-testlib/cli-datadir/data/packages/arduino/hardware/megaavr/1.8.7/libraries/Wire/src/Wire.h:51:5: note: candidate: TwoWire::TwoWire()
     TwoWire();
     ^~~~~~~
/home/ec2-user/arduino-testlib/cli-datadir/data/packages/arduino/hardware/megaavr/1.8.7/libraries/Wire/src/Wire.h:51:5: note:   candidate expects 0 arguments, 1 provided
/home/ec2-user/arduino-testlib/cli-datadir/data/packages/arduino/hardware/megaavr/1.8.7/libraries/Wire/src/Wire.h:33:7: note: candidate: constexpr TwoWire::TwoWire(const TwoWire&amp;)
 class TwoWire : public HardwareI2C
       ^~~~~~~
/home/ec2-user/arduino-testlib/cli-datadir/data/packages/arduino/hardware/megaavr/1.8.7/libraries/Wire/src/Wire.h:33:7: note:   no known conversion for argument 1 from &#39;int&#39; to &#39;const TwoWire&amp;&#39;
/home/ec2-user/arduino-testlib/cli-datadir/data/packages/arduino/hardware/megaavr/1.8.7/libraries/Wire/src/Wire.h:33:7: note: candidate: constexpr TwoWire::TwoWire(TwoWire&amp;&amp;)
/home/ec2-user/arduino-testlib/cli-datadir/data/packages/arduino/hardware/megaavr/1.8.7/libraries/Wire/src/Wire.h:33:7: note:   no known conversion for argument 1 from &#39;int&#39; to &#39;TwoWire&amp;&amp;&#39;
/home/ec2-user/arduino-testlib/cli-datadir/user/libraries/PCF8575_library/examples/ledEsp32OnTheSecondI2C/ledEsp32OnTheSecondI2C.ino: In function &#39;void setup()&#39;:
/home/ec2-user/arduino-testlib/cli-datadir/user/libraries/PCF8575_library/examples/ledEsp32OnTheSecondI2C/ledEsp32OnTheSecondI2C.ino:48:28: error: no matching function for call to &#39;TwoWire::begin(int, int, long int)&#39;
   I2Cone.begin(16,17,400000); // SDA pin 16, SCL pin 17, 400kHz frequency
                            ^
In file included from /home/ec2-user/arduino-testlib/cli-datadir/user/libraries/PCF8575/PCF8575.h:16:0,
                 from /home/ec2-user/arduino-testlib/cli-datadir/user/libraries/PCF8575_library/examples/ledEsp32OnTheSecondI2C/ledEsp32OnTheSecondI2C.ino:31:
/home/ec2-user/arduino-testlib/cli-datadir/data/packages/arduino/hardware/megaavr/1.8.7/libraries/Wire/src/Wire.h:52:10: note: candidate: virtual void TwoWire::begin()
     void begin();
          ^~~~~
/home/ec2-user/arduino-testlib/cli-datadir/data/packages/arduino/hardware/megaavr/1.8.7/libraries/Wire/src/Wire.h:52:10: note:   candidate expects 0 arguments, 3 provided
/home/ec2-user/arduino-testlib/cli-datadir/data/packages/arduino/hardware/megaavr/1.8.7/libraries/Wire/src/Wire.h:53:10: note: candidate: virtual void TwoWire::begin(uint8_t)
     void begin(uint8_t);
          ^~~~~
/home/ec2-user/arduino-testlib/cli-datadir/data/packages/arduino/hardware/megaavr/1.8.7/libraries/Wire/src/Wire.h:53:10: note:   candidate expects 1 argument, 3 provided
/home/ec2-user/arduino-testlib/cli-datadir/data/packages/arduino/hardware/megaavr/1.8.7/libraries/Wire/src/Wire.h:54:10: note: candidate: void TwoWire::begin(int)
     void begin(int);
          ^~~~~
/home/ec2-user/arduino-testlib/cli-datadir/data/packages/arduino/hardware/megaavr/1.8.7/libraries/Wire/src/Wire.h:54:10: note:   candidate expects 1 argument, 3 provided
/home/ec2-user/arduino-testlib/cli-datadir/user/libraries/PCF8575_library/examples/ledEsp32OnTheSecondI2C/ledEsp32OnTheSecondI2C.ino:52:13: error: &#39;class PCF8575&#39; has no member named &#39;pinMode&#39;
     pcf8575.pinMode(i, OUTPUT);
             ^~~~~~~
/home/ec2-user/arduino-testlib/cli-datadir/user/libraries/PCF8575_library/examples/ledEsp32OnTheSecondI2C/ledEsp32OnTheSecondI2C.ino: In function &#39;void loop()&#39;:
/home/ec2-user/arduino-testlib/cli-datadir/user/libraries/PCF8575_library/examples/ledEsp32OnTheSecondI2C/ledEsp32OnTheSecondI2C.ino:60:11: error: &#39;class PCF8575&#39; has no member named &#39;digitalWrite&#39;
   pcf8575.digitalWrite(pin, HIGH);
           ^~~~~~~~~~~~
/home/ec2-user/arduino-testlib/cli-datadir/user/libraries/PCF8575_library/examples/ledEsp32OnTheSecondI2C/ledEsp32OnTheSecondI2C.ino:62:11: error: &#39;class PCF8575&#39; has no member named &#39;digitalWrite&#39;
   pcf8575.digitalWrite(pin, LOW);
           ^~~~~~~~~~~~
Multiple libraries were found for &#34;PCF8575.h&#34;
  Used: /home/ec2-user/arduino-testlib/cli-datadir/user/libraries/PCF8575
  Not used: /home/ec2-user/arduino-testlib/cli-datadir/user/libraries/PCF8575_library
</pre>
					
					<h4>examples/ledWemos</h4>
					<p>
						Result: <b>FAIL</b>
					</p>
					<pre class="pre-scrollable">/home/ec2-user/arduino-testlib/cli-datadir/user/libraries/PCF8575_library/examples/ledWemos/ledWemos.ino: In function &#39;void setup()&#39;:
/home/ec2-user/arduino-testlib/cli-datadir/user/libraries/PCF8575_library/examples/ledWemos/ledWemos.ino:45:13: error: &#39;class PCF8575&#39; has no member named &#39;pinMode&#39;
     pcf8575.pinMode(i, OUTPUT);
             ^~~~~~~
/home/ec2-user/arduino-testlib/cli-datadir/user/libraries/PCF8575_library/examples/ledWemos/ledWemos.ino: In function &#39;void loop()&#39;:
/home/ec2-user/arduino-testlib/cli-datadir/user/libraries/PCF8575_library/examples/ledWemos/ledWemos.ino:53:11: error: &#39;class PCF8575&#39; has no member named &#39;digitalWrite&#39;
   pcf8575.digitalWrite(pin, HIGH);
           ^~~~~~~~~~~~
/home/ec2-user/arduino-testlib/cli-datadir/user/libraries/PCF8575_library/examples/ledWemos/ledWemos.ino:55:11: error: &#39;class PCF8575&#39; has no member named &#39;digitalWrite&#39;
   pcf8575.digitalWrite(pin, LOW);
           ^~~~~~~~~~~~
Multiple libraries were found for &#34;PCF8575.h&#34;
  Used: /home/ec2-user/arduino-testlib/cli-datadir/user/libraries/PCF8575
  Not used: /home/ec2-user/arduino-testlib/cli-datadir/user/libraries/PCF8575_library
</pre>
					
					<h4>examples/ledWemosInverted</h4>
					<p>
						Result: <b>FAIL</b>
					</p>
					<pre class="pre-scrollable">/home/ec2-user/arduino-testlib/cli-datadir/user/libraries/PCF8575_library/examples/ledWemosInverted/ledWemosInverted.ino: In function &#39;void setup()&#39;:
/home/ec2-user/arduino-testlib/cli-datadir/user/libraries/PCF8575_library/examples/ledWemosInverted/ledWemosInverted.ino:45:13: error: &#39;class PCF8575&#39; has no member named &#39;pinMode&#39;
     pcf8575.pinMode(i, OUTPUT);
             ^~~~~~~
/home/ec2-user/arduino-testlib/cli-datadir/user/libraries/PCF8575_library/examples/ledWemosInverted/ledWemosInverted.ino:48:12: error: &#39;class PCF8575&#39; has no member named &#39;digitalWrite&#39;
    pcf8575.digitalWrite(i, HIGH);
            ^~~~~~~~~~~~
/home/ec2-user/arduino-testlib/cli-datadir/user/libraries/PCF8575_library/examples/ledWemosInverted/ledWemosInverted.ino: In function &#39;void loop()&#39;:
/home/ec2-user/arduino-testlib/cli-datadir/user/libraries/PCF8575_library/examples/ledWemosInverted/ledWemosInverted.ino:57:11: error: &#39;class PCF8575&#39; has no member named &#39;digitalWrite&#39;
   pcf8575.digitalWrite(pin, LOW);
           ^~~~~~~~~~~~
/home/ec2-user/arduino-testlib/cli-datadir/user/libraries/PCF8575_library/examples/ledWemosInverted/ledWemosInverted.ino:59:11: error: &#39;class PCF8575&#39; has no member named &#39;digitalWrite&#39;
   pcf8575.digitalWrite(pin, HIGH);
           ^~~~~~~~~~~~
Multiple libraries were found for &#34;PCF8575.h&#34;
  Used: /home/ec2-user/arduino-testlib/cli-datadir/user/libraries/PCF8575
  Not used: /home/ec2-user/arduino-testlib/cli-datadir/user/libraries/PCF8575_library
</pre>
					
					<h4>examples/readAll_Interrupt</h4>
					<p>
						Result: <b>FAIL</b>
					</p>
					<pre class="pre-scrollable">/home/ec2-user/arduino-testlib/cli-datadir/user/libraries/PCF8575_library/examples/readAll_Interrupt/readAll_Interrupt.ino:18:71: error: no matching function for call to &#39;PCF8575::PCF8575(int, int, void (&amp;)())&#39;
 PCF8575 pcf8575(0x39, ARDUINO_UNO_INTERRUPTED_PIN, keyChangedOnPCF8575);
                                                                       ^
In file included from /home/ec2-user/arduino-testlib/cli-datadir/user/libraries/PCF8575_library/examples/readAll_Interrupt/readAll_Interrupt.ino:9:0:
/home/ec2-user/arduino-testlib/cli-datadir/user/libraries/PCF8575/PCF8575.h:35:12: note: candidate: PCF8575::PCF8575(uint8_t, TwoWire*)
   explicit PCF8575(const uint8_t deviceAddress = 0x20, TwoWire *wire = &amp;Wire);
            ^~~~~~~
/home/ec2-user/arduino-testlib/cli-datadir/user/libraries/PCF8575/PCF8575.h:35:12: note:   candidate expects 2 arguments, 3 provided
/home/ec2-user/arduino-testlib/cli-datadir/user/libraries/PCF8575/PCF8575.h:31:7: note: candidate: constexpr PCF8575::PCF8575(const PCF8575&amp;)
 class PCF8575
       ^~~~~~~
/home/ec2-user/arduino-testlib/cli-datadir/user/libraries/PCF8575/PCF8575.h:31:7: note:   candidate expects 1 argument, 3 provided
/home/ec2-user/arduino-testlib/cli-datadir/user/libraries/PCF8575/PCF8575.h:31:7: note: candidate: constexpr PCF8575::PCF8575(PCF8575&amp;&amp;)
/home/ec2-user/arduino-testlib/cli-datadir/user/libraries/PCF8575/PCF8575.h:31:7: note:   candidate expects 1 argument, 3 provided
/home/ec2-user/arduino-testlib/cli-datadir/user/libraries/PCF8575_library/examples/readAll_Interrupt/readAll_Interrupt.ino: In function &#39;void setup()&#39;:
/home/ec2-user/arduino-testlib/cli-datadir/user/libraries/PCF8575_library/examples/readAll_Interrupt/readAll_Interrupt.ino:24:10: error: &#39;class PCF8575&#39; has no member named &#39;pinMode&#39;
  pcf8575.pinMode(P0, INPUT);
          ^~~~~~~
/home/ec2-user/arduino-testlib/cli-datadir/user/libraries/PCF8575_library/examples/readAll_Interrupt/readAll_Interrupt.ino:24:18: error: &#39;P0&#39; was not declared in this scope
  pcf8575.pinMode(P0, INPUT);
                  ^~
/home/ec2-user/arduino-testlib/cli-datadir/user/libraries/PCF8575_library/examples/readAll_Interrupt/readAll_Interrupt.ino:24:18: note: suggested alternative: &#39;A0&#39;
  pcf8575.pinMode(P0, INPUT);
                  ^~
                  A0
/home/ec2-user/arduino-testlib/cli-datadir/user/libraries/PCF8575_library/examples/readAll_Interrupt/readAll_Interrupt.ino:25:10: error: &#39;class PCF8575&#39; has no member named &#39;pinMode&#39;
  pcf8575.pinMode(P1, INPUT);
          ^~~~~~~
/home/ec2-user/arduino-testlib/cli-datadir/user/libraries/PCF8575_library/examples/readAll_Interrupt/readAll_Interrupt.ino:25:18: error: &#39;P1&#39; was not declared in this scope
  pcf8575.pinMode(P1, INPUT);
                  ^~
/home/ec2-user/arduino-testlib/cli-datadir/user/libraries/PCF8575_library/examples/readAll_Interrupt/readAll_Interrupt.ino:25:18: note: suggested alternative: &#39;A1&#39;
  pcf8575.pinMode(P1, INPUT);
                  ^~
                  A1
/home/ec2-user/arduino-testlib/cli-datadir/user/libraries/PCF8575_library/examples/readAll_Interrupt/readAll_Interrupt.ino:26:10: error: &#39;class PCF8575&#39; has no member named &#39;pinMode&#39;
  pcf8575.pinMode(P2, INPUT);
          ^~~~~~~
/home/ec2-user/arduino-testlib/cli-datadir/user/libraries/PCF8575_library/examples/readAll_Interrupt/readAll_Interrupt.ino:26:18: error: &#39;P2&#39; was not declared in this scope
  pcf8575.pinMode(P2, INPUT);
                  ^~
/home/ec2-user/arduino-testlib/cli-datadir/user/libraries/PCF8575_library/examples/readAll_Interrupt/readAll_Interrupt.ino:26:18: note: suggested alternative: &#39;A2&#39;
  pcf8575.pinMode(P2, INPUT);
                  ^~
                  A2
/home/ec2-user/arduino-testlib/cli-datadir/user/libraries/PCF8575_library/examples/readAll_Interrupt/readAll_Interrupt.ino:27:10: error: &#39;class PCF8575&#39; has no member named &#39;pinMode&#39;
  pcf8575.pinMode(P3, INPUT);
          ^~~~~~~
/home/ec2-user/arduino-testlib/cli-datadir/user/libraries/PCF8575_library/examples/readAll_Interrupt/readAll_Interrupt.ino:27:18: error: &#39;P3&#39; was not declared in this scope
  pcf8575.pinMode(P3, INPUT);
                  ^~
/home/ec2-user/arduino-testlib/cli-datadir/user/libraries/PCF8575_library/examples/readAll_Interrupt/readAll_Interrupt.ino:27:18: note: suggested alternative: &#39;A3&#39;
  pcf8575.pinMode(P3, INPUT);
                  ^~
                  A3
/home/ec2-user/arduino-testlib/cli-datadir/user/libraries/PCF8575_library/examples/readAll_Interrupt/readAll_Interrupt.ino: In function &#39;void loop()&#39;:
/home/ec2-user/arduino-testlib/cli-datadir/user/libraries/PCF8575_library/examples/readAll_Interrupt/readAll_Interrupt.ino:39:12: error: &#39;DigitalInput&#39; is not a member of &#39;PCF8575&#39;
   PCF8575::DigitalInput di = pcf8575.digitalReadAll();
            ^~~~~~~~~~~~
/home/ec2-user/arduino-testlib/cli-datadir/user/libraries/PCF8575_library/examples/readAll_Interrupt/readAll_Interrupt.ino:41:16: error: &#39;di&#39; was not declared in this scope
   Serial.print(di.p0);
                ^~
/home/ec2-user/arduino-testlib/cli-datadir/user/libraries/PCF8575_library/examples/readAll_Interrupt/readAll_Interrupt.ino:41:16: note: suggested alternative: &#39;div&#39;
   Serial.print(di.p0);
                ^~
                div
Multiple libraries were found for &#34;PCF8575.h&#34;
  Used: /home/ec2-user/arduino-testlib/cli-datadir/user/libraries/PCF8575
  Not used: /home/ec2-user/arduino-testlib/cli-datadir/user/libraries/PCF8575_library
</pre>
					
					<h4>examples/readAll_Interrupt_lowMemory</h4>
					<p>
						Result: <b>FAIL</b>
					</p>
					<pre class="pre-scrollable">/home/ec2-user/arduino-testlib/cli-datadir/user/libraries/PCF8575_library/examples/readAll_Interrupt_lowMemory/readAll_Interrupt_lowMemory.ino:22:71: error: no matching function for call to &#39;PCF8575::PCF8575(int, int, void (&amp;)())&#39;
 PCF8575 pcf8575(0x20, ARDUINO_UNO_INTERRUPTED_PIN, keyChangedOnPCF8575);
                                                                       ^
In file included from /home/ec2-user/arduino-testlib/cli-datadir/user/libraries/PCF8575_library/examples/readAll_Interrupt_lowMemory/readAll_Interrupt_lowMemory.ino:9:0:
/home/ec2-user/arduino-testlib/cli-datadir/user/libraries/PCF8575/PCF8575.h:35:12: note: candidate: PCF8575::PCF8575(uint8_t, TwoWire*)
   explicit PCF8575(const uint8_t deviceAddress = 0x20, TwoWire *wire = &amp;Wire);
            ^~~~~~~
/home/ec2-user/arduino-testlib/cli-datadir/user/libraries/PCF8575/PCF8575.h:35:12: note:   candidate expects 2 arguments, 3 provided
/home/ec2-user/arduino-testlib/cli-datadir/user/libraries/PCF8575/PCF8575.h:31:7: note: candidate: constexpr PCF8575::PCF8575(const PCF8575&amp;)
 class PCF8575
       ^~~~~~~
/home/ec2-user/arduino-testlib/cli-datadir/user/libraries/PCF8575/PCF8575.h:31:7: note:   candidate expects 1 argument, 3 provided
/home/ec2-user/arduino-testlib/cli-datadir/user/libraries/PCF8575/PCF8575.h:31:7: note: candidate: constexpr PCF8575::PCF8575(PCF8575&amp;&amp;)
/home/ec2-user/arduino-testlib/cli-datadir/user/libraries/PCF8575/PCF8575.h:31:7: note:   candidate expects 1 argument, 3 provided
/home/ec2-user/arduino-testlib/cli-datadir/user/libraries/PCF8575_library/examples/readAll_Interrupt_lowMemory/readAll_Interrupt_lowMemory.ino: In function &#39;void setup()&#39;:
/home/ec2-user/arduino-testlib/cli-datadir/user/libraries/PCF8575_library/examples/readAll_Interrupt_lowMemory/readAll_Interrupt_lowMemory.ino:28:10: error: &#39;class PCF8575&#39; has no member named &#39;pinMode&#39;
  pcf8575.pinMode(P0, INPUT);
          ^~~~~~~
/home/ec2-user/arduino-testlib/cli-datadir/user/libraries/PCF8575_library/examples/readAll_Interrupt_lowMemory/readAll_Interrupt_lowMemory.ino:28:18: error: &#39;P0&#39; was not declared in this scope
  pcf8575.pinMode(P0, INPUT);
                  ^~
/home/ec2-user/arduino-testlib/cli-datadir/user/libraries/PCF8575_library/examples/readAll_Interrupt_lowMemory/readAll_Interrupt_lowMemory.ino:28:18: note: suggested alternative: &#39;A0&#39;
  pcf8575.pinMode(P0, INPUT);
                  ^~
                  A0
/home/ec2-user/arduino-testlib/cli-datadir/user/libraries/PCF8575_library/examples/readAll_Interrupt_lowMemory/readAll_Interrupt_lowMemory.ino:29:10: error: &#39;class PCF8575&#39; has no member named &#39;pinMode&#39;
  pcf8575.pinMode(P1, INPUT);
          ^~~~~~~
/home/ec2-user/arduino-testlib/cli-datadir/user/libraries/PCF8575_library/examples/readAll_Interrupt_lowMemory/readAll_Interrupt_lowMemory.ino:29:18: error: &#39;P1&#39; was not declared in this scope
  pcf8575.pinMode(P1, INPUT);
                  ^~
/home/ec2-user/arduino-testlib/cli-datadir/user/libraries/PCF8575_library/examples/readAll_Interrupt_lowMemory/readAll_Interrupt_lowMemory.ino:29:18: note: suggested alternative: &#39;A1&#39;
  pcf8575.pinMode(P1, INPUT);
                  ^~
                  A1
/home/ec2-user/arduino-testlib/cli-datadir/user/libraries/PCF8575_library/examples/readAll_Interrupt_lowMemory/readAll_Interrupt_lowMemory.ino:30:10: error: &#39;class PCF8575&#39; has no member named &#39;pinMode&#39;
  pcf8575.pinMode(P2, INPUT);
          ^~~~~~~
/home/ec2-user/arduino-testlib/cli-datadir/user/libraries/PCF8575_library/examples/readAll_Interrupt_lowMemory/readAll_Interrupt_lowMemory.ino:30:18: error: &#39;P2&#39; was not declared in this scope
  pcf8575.pinMode(P2, INPUT);
                  ^~
/home/ec2-user/arduino-testlib/cli-datadir/user/libraries/PCF8575_library/examples/readAll_Interrupt_lowMemory/readAll_Interrupt_lowMemory.ino:30:18: note: suggested alternative: &#39;A2&#39;
  pcf8575.pinMode(P2, INPUT);
                  ^~
                  A2
/home/ec2-user/arduino-testlib/cli-datadir/user/libraries/PCF8575_library/examples/readAll_Interrupt_lowMemory/readAll_Interrupt_lowMemory.ino:31:10: error: &#39;class PCF8575&#39; has no member named &#39;pinMode&#39;
  pcf8575.pinMode(P3, INPUT);
          ^~~~~~~
/home/ec2-user/arduino-testlib/cli-datadir/user/libraries/PCF8575_library/examples/readAll_Interrupt_lowMemory/readAll_Interrupt_lowMemory.ino:31:18: error: &#39;P3&#39; was not declared in this scope
  pcf8575.pinMode(P3, INPUT);
                  ^~
/home/ec2-user/arduino-testlib/cli-datadir/user/libraries/PCF8575_library/examples/readAll_Interrupt_lowMemory/readAll_Interrupt_lowMemory.ino:31:18: note: suggested alternative: &#39;A3&#39;
  pcf8575.pinMode(P3, INPUT);
                  ^~
                  A3
/home/ec2-user/arduino-testlib/cli-datadir/user/libraries/PCF8575_library/examples/readAll_Interrupt_lowMemory/readAll_Interrupt_lowMemory.ino: In function &#39;void loop()&#39;:
/home/ec2-user/arduino-testlib/cli-datadir/user/libraries/PCF8575_library/examples/readAll_Interrupt_lowMemory/readAll_Interrupt_lowMemory.ino:43:21: error: &#39;class PCF8575&#39; has no member named &#39;digitalReadAll&#39;
   byte di = pcf8575.digitalReadAll();
                     ^~~~~~~~~~~~~~
Multiple libraries were found for &#34;PCF8575.h&#34;
  Used: /home/ec2-user/arduino-testlib/cli-datadir/user/libraries/PCF8575
  Not used: /home/ec2-user/arduino-testlib/cli-datadir/user/libraries/PCF8575_library
</pre>
					
				
				<h3 id="arduino:samd:mkrwifi1010">arduino:samd:mkrwifi1010 @ 1.8.12</h3>
				<h4>Inclusion</h4>
				<p>
					Result: <b>PASS</b>
					
					<br />This library has no main header file so an empty one was created.
					
				</p>
				<pre class="pre-scrollable">Sketch uses 13588 bytes (5%) of program storage space. Maximum is 262144 bytes.
Global variables use 3568 bytes (10%) of dynamic memory, leaving 29200 bytes for local variables. Maximum is 32768 bytes.
</pre>

					
					<h4>examples/blinkOnPin0</h4>
					<p>
						Result: <b>FAIL</b>
					</p>
					<pre class="pre-scrollable">/home/ec2-user/arduino-testlib/cli-datadir/user/libraries/PCF8575_library/examples/blinkOnPin0/blinkOnPin0.ino: In function &#39;void setup()&#39;:
/home/ec2-user/arduino-testlib/cli-datadir/user/libraries/PCF8575_library/examples/blinkOnPin0/blinkOnPin0.ino:19:10: error: &#39;class PCF8575&#39; has no member named &#39;pinMode&#39;
  pcf8575.pinMode(P0, OUTPUT);
          ^~~~~~~
/home/ec2-user/arduino-testlib/cli-datadir/user/libraries/PCF8575_library/examples/blinkOnPin0/blinkOnPin0.ino:19:18: error: &#39;P0&#39; was not declared in this scope
  pcf8575.pinMode(P0, OUTPUT);
                  ^~
/home/ec2-user/arduino-testlib/cli-datadir/user/libraries/PCF8575_library/examples/blinkOnPin0/blinkOnPin0.ino:19:18: note: suggested alternative: &#39;A0&#39;
  pcf8575.pinMode(P0, OUTPUT);
                  ^~
                  A0
/home/ec2-user/arduino-testlib/cli-datadir/user/libraries/PCF8575_library/examples/blinkOnPin0/blinkOnPin0.ino: In function &#39;void loop()&#39;:
/home/ec2-user/arduino-testlib/cli-datadir/user/libraries/PCF8575_library/examples/blinkOnPin0/blinkOnPin0.ino:26:10: error: &#39;class PCF8575&#39; has no member named &#39;digitalWrite&#39;
  pcf8575.digitalWrite(P0, HIGH);
          ^~~~~~~~~~~~
/home/ec2-user/arduino-testlib/cli-datadir/user/libraries/PCF8575_library/examples/blinkOnPin0/blinkOnPin0.ino:26:23: error: &#39;P0&#39; was not declared in this scope
  pcf8575.digitalWrite(P0, HIGH);
                       ^~
/home/ec2-user/arduino-testlib/cli-datadir/user/libraries/PCF8575_library/examples/blinkOnPin0/blinkOnPin0.ino:26:23: note: suggested alternative: &#39;A0&#39;
  pcf8575.digitalWrite(P0, HIGH);
                       ^~
                       A0
/home/ec2-user/arduino-testlib/cli-datadir/user/libraries/PCF8575_library/examples/blinkOnPin0/blinkOnPin0.ino:28:10: error: &#39;class PCF8575&#39; has no member named &#39;digitalWrite&#39;
  pcf8575.digitalWrite(P0, LOW);
          ^~~~~~~~~~~~
Multiple libraries were found for &#34;PCF8575.h&#34;
  Used: /home/ec2-user/arduino-testlib/cli-datadir/user/libraries/PCF8575
  Not used: /home/ec2-user/arduino-testlib/cli-datadir/user/libraries/PCF8575_library
</pre>
					
					<h4>examples/interruptWemos</h4>
					<p>
						Result: <b>FAIL</b>
					</p>
					<pre class="pre-scrollable">/home/ec2-user/arduino-testlib/cli-datadir/user/libraries/PCF8575_library/examples/interruptWemos/interruptWemos.ino: In function &#39;void setup()&#39;:
/home/ec2-user/arduino-testlib/cli-datadir/user/libraries/PCF8575_library/examples/interruptWemos/interruptWemos.ino:49:13: error: &#39;class PCF8575&#39; has no member named &#39;pinMode&#39;
     pcf8575.pinMode(i, INPUT);
             ^~~~~~~
/home/ec2-user/arduino-testlib/cli-datadir/user/libraries/PCF8575_library/examples/interruptWemos/interruptWemos.ino: In function &#39;void loop()&#39;:
/home/ec2-user/arduino-testlib/cli-datadir/user/libraries/PCF8575_library/examples/interruptWemos/interruptWemos.ino:57:14: error: &#39;DigitalInput&#39; is not a member of &#39;PCF8575&#39;
     PCF8575::DigitalInput val = pcf8575.digitalReadAll();
              ^~~~~~~~~~~~
/home/ec2-user/arduino-testlib/cli-datadir/user/libraries/PCF8575_library/examples/interruptWemos/interruptWemos.ino:58:9: error: &#39;val&#39; was not declared in this scope
     if (val.p0==HIGH) Serial.println(&#34;KEY0 PRESSED&#34;);
         ^~~
/home/ec2-user/arduino-testlib/cli-datadir/user/libraries/PCF8575_library/examples/interruptWemos/interruptWemos.ino:59:9: error: &#39;val&#39; was not declared in this scope
     if (val.p1==HIGH) Serial.println(&#34;KEY1 PRESSED&#34;);
         ^~~
/home/ec2-user/arduino-testlib/cli-datadir/user/libraries/PCF8575_library/examples/interruptWemos/interruptWemos.ino:60:9: error: &#39;val&#39; was not declared in this scope
     if (val.p2==HIGH) Serial.println(&#34;KEY2 PRESSED&#34;);
         ^~~
/home/ec2-user/arduino-testlib/cli-datadir/user/libraries/PCF8575_library/examples/interruptWemos/interruptWemos.ino:61:9: error: &#39;val&#39; was not declared in this scope
     if (val.p3==HIGH) Serial.println(&#34;KEY3 PRESSED&#34;);
         ^~~
/home/ec2-user/arduino-testlib/cli-datadir/user/libraries/PCF8575_library/examples/interruptWemos/interruptWemos.ino:62:9: error: &#39;val&#39; was not declared in this scope
     if (val.p4==HIGH) Serial.println(&#34;KEY4 PRESSED&#34;);
         ^~~
/home/ec2-user/arduino-testlib/cli-datadir/user/libraries/PCF8575_library/examples/interruptWemos/interruptWemos.ino:63:9: error: &#39;val&#39; was not declared in this scope
     if (val.p5==HIGH) Serial.println(&#34;KEY5 PRESSED&#34;);
         ^~~
/home/ec2-user/arduino-testlib/cli-datadir/user/libraries/PCF8575_library/examples/interruptWemos/interruptWemos.ino:64:9: error: &#39;val&#39; was not declared in this scope
     if (val.p6==HIGH) Serial.println(&#34;KEY6 PRESSED&#34;);
         ^~~
/home/ec2-user/arduino-testlib/cli-datadir/user/libraries/PCF8575_library/examples/interruptWemos/interruptWemos.ino:65:9: error: &#39;val&#39; was not declared in this scope
     if (val.p7==HIGH) Serial.println(&#34;KEY7 PRESSED&#34;);
         ^~~
/home/ec2-user/arduino-testlib/cli-datadir/user/libraries/PCF8575_library/examples/interruptWemos/interruptWemos.ino:66:9: error: &#39;val&#39; was not declared in this scope
     if (val.p8==HIGH) Serial.println(&#34;KEY8 PRESSED&#34;);
         ^~~
/home/ec2-user/arduino-testlib/cli-datadir/user/libraries/PCF8575_library/examples/interruptWemos/interruptWemos.ino:67:9: error: &#39;val&#39; was not declared in this scope
     if (val.p9==HIGH) Serial.println(&#34;KEY9 PRESSED&#34;);
         ^~~
/home/ec2-user/arduino-testlib/cli-datadir/user/libraries/PCF8575_library/examples/interruptWemos/interruptWemos.ino:68:9: error: &#39;val&#39; was not declared in this scope
     if (val.p10==HIGH) Serial.println(&#34;KEY10 PRESSED&#34;);
         ^~~
/home/ec2-user/arduino-testlib/cli-datadir/user/libraries/PCF8575_library/examples/interruptWemos/interruptWemos.ino:69:9: error: &#39;val&#39; was not declared in this scope
     if (val.p11==HIGH) Serial.println(&#34;KEY11 PRESSED&#34;);
         ^~~
/home/ec2-user/arduino-testlib/cli-datadir/user/libraries/PCF8575_library/examples/interruptWemos/interruptWemos.ino:70:9: error: &#39;val&#39; was not declared in this scope
     if (val.p12==HIGH) Serial.println(&#34;KEY12 PRESSED&#34;);
         ^~~
/home/ec2-user/arduino-testlib/cli-datadir/user/libraries/PCF8575_library/examples/interruptWemos/interruptWemos.ino:71:9: error: &#39;val&#39; was not declared in this scope
     if (val.p13==HIGH) Serial.println(&#34;KEY13 PRESSED&#34;);
         ^~~
/home/ec2-user/arduino-testlib/cli-datadir/user/libraries/PCF8575_library/examples/interruptWemos/interruptWemos.ino:72:9: error: &#39;val&#39; was not declared in this scope
     if (val.p14==HIGH) Serial.println(&#34;KEY14 PRESSED&#34;);
         ^~~
/home/ec2-user/arduino-testlib/cli-datadir/user/libraries/PCF8575_library/examples/interruptWemos/interruptWemos.ino:73:9: error: &#39;val&#39; was not declared in this scope
     if (val.p15==HIGH) Serial.println(&#34;KEY15 PRESSED&#34;);
         ^~~
Multiple libraries were found for &#34;PCF8575.h&#34;
  Used: /home/ec2-user/arduino-testlib/cli-datadir/user/libraries/PCF8575
  Not used: /home/ec2-user/arduino-testlib/cli-datadir/user/libraries/PCF8575_library
</pre>
					
					<h4>examples/keyPressedPin1</h4>
					<p>
						Result: <b>FAIL</b>
					</p>
					<pre class="pre-scrollable">/home/ec2-user/arduino-testlib/cli-datadir/user/libraries/PCF8575_library/examples/keyPressedPin1/keyPressedPin1.ino: In function &#39;void setup()&#39;:
/home/ec2-user/arduino-testlib/cli-datadir/user/libraries/PCF8575_library/examples/keyPressedPin1/keyPressedPin1.ino:18:10: error: &#39;class PCF8575&#39; has no member named &#39;pinMode&#39;
  pcf8575.pinMode(P1, INPUT);
          ^~~~~~~
/home/ec2-user/arduino-testlib/cli-datadir/user/libraries/PCF8575_library/examples/keyPressedPin1/keyPressedPin1.ino:18:18: error: &#39;P1&#39; was not declared in this scope
  pcf8575.pinMode(P1, INPUT);
                  ^~
/home/ec2-user/arduino-testlib/cli-datadir/user/libraries/PCF8575_library/examples/keyPressedPin1/keyPressedPin1.ino:18:18: note: suggested alternative: &#39;A1&#39;
  pcf8575.pinMode(P1, INPUT);
                  ^~
                  A1
/home/ec2-user/arduino-testlib/cli-datadir/user/libraries/PCF8575_library/examples/keyPressedPin1/keyPressedPin1.ino: In function &#39;void loop()&#39;:
/home/ec2-user/arduino-testlib/cli-datadir/user/libraries/PCF8575_library/examples/keyPressedPin1/keyPressedPin1.ino:25:24: error: &#39;class PCF8575&#39; has no member named &#39;digitalRead&#39;
  uint8_t val = pcf8575.digitalRead(P1);
                        ^~~~~~~~~~~
/home/ec2-user/arduino-testlib/cli-datadir/user/libraries/PCF8575_library/examples/keyPressedPin1/keyPressedPin1.ino:25:36: error: &#39;P1&#39; was not declared in this scope
  uint8_t val = pcf8575.digitalRead(P1);
                                    ^~
/home/ec2-user/arduino-testlib/cli-datadir/user/libraries/PCF8575_library/examples/keyPressedPin1/keyPressedPin1.ino:25:36: note: suggested alternative: &#39;A1&#39;
  uint8_t val = pcf8575.digitalRead(P1);
                                    ^~
                                    A1
Multiple libraries were found for &#34;PCF8575.h&#34;
  Used: /home/ec2-user/arduino-testlib/cli-datadir/user/libraries/PCF8575
  Not used: /home/ec2-user/arduino-testlib/cli-datadir/user/libraries/PCF8575_library
</pre>
					
					<h4>examples/keyPressedPin1_storedOnBuffer_async</h4>
					<p>
						Result: <b>FAIL</b>
					</p>
					<pre class="pre-scrollable">/home/ec2-user/arduino-testlib/cli-datadir/user/libraries/PCF8575_library/examples/keyPressedPin1_storedOnBuffer_async/keyPressedPin1_storedOnBuffer_async.ino: In function &#39;void setup()&#39;:
/home/ec2-user/arduino-testlib/cli-datadir/user/libraries/PCF8575_library/examples/keyPressedPin1_storedOnBuffer_async/keyPressedPin1_storedOnBuffer_async.ino:18:10: error: &#39;class PCF8575&#39; has no member named &#39;pinMode&#39;
  pcf8575.pinMode(P1, INPUT);
          ^~~~~~~
/home/ec2-user/arduino-testlib/cli-datadir/user/libraries/PCF8575_library/examples/keyPressedPin1_storedOnBuffer_async/keyPressedPin1_storedOnBuffer_async.ino:18:18: error: &#39;P1&#39; was not declared in this scope
  pcf8575.pinMode(P1, INPUT);
                  ^~
/home/ec2-user/arduino-testlib/cli-datadir/user/libraries/PCF8575_library/examples/keyPressedPin1_storedOnBuffer_async/keyPressedPin1_storedOnBuffer_async.ino:18:18: note: suggested alternative: &#39;A1&#39;
  pcf8575.pinMode(P1, INPUT);
                  ^~
                  A1
/home/ec2-user/arduino-testlib/cli-datadir/user/libraries/PCF8575_library/examples/keyPressedPin1_storedOnBuffer_async/keyPressedPin1_storedOnBuffer_async.ino: In function &#39;void loop()&#39;:
/home/ec2-user/arduino-testlib/cli-datadir/user/libraries/PCF8575_library/examples/keyPressedPin1_storedOnBuffer_async/keyPressedPin1_storedOnBuffer_async.ino:28:10: error: &#39;class PCF8575&#39; has no member named &#39;readBuffer&#39;; did you mean &#39;readButton&#39;?
  pcf8575.readBuffer();
          ^~~~~~~~~~
          readButton
/home/ec2-user/arduino-testlib/cli-datadir/user/libraries/PCF8575_library/examples/keyPressedPin1_storedOnBuffer_async/keyPressedPin1_storedOnBuffer_async.ino:31:25: error: &#39;class PCF8575&#39; has no member named &#39;digitalRead&#39;
   uint8_t val = pcf8575.digitalRead(P1);
                         ^~~~~~~~~~~
/home/ec2-user/arduino-testlib/cli-datadir/user/libraries/PCF8575_library/examples/keyPressedPin1_storedOnBuffer_async/keyPressedPin1_storedOnBuffer_async.ino:31:37: error: &#39;P1&#39; was not declared in this scope
   uint8_t val = pcf8575.digitalRead(P1);
                                     ^~
/home/ec2-user/arduino-testlib/cli-datadir/user/libraries/PCF8575_library/examples/keyPressedPin1_storedOnBuffer_async/keyPressedPin1_storedOnBuffer_async.ino:31:37: note: suggested alternative: &#39;A1&#39;
   uint8_t val = pcf8575.digitalRead(P1);
                                     ^~
                                     A1
Multiple libraries were found for &#34;PCF8575.h&#34;
  Used: /home/ec2-user/arduino-testlib/cli-datadir/user/libraries/PCF8575
  Not used: /home/ec2-user/arduino-testlib/cli-datadir/user/libraries/PCF8575_library
</pre>
					
					<h4>examples/keyPressed_withInterrupt</h4>
					<p>
						Result: <b>FAIL</b>
					</p>
					<pre class="pre-scrollable">/home/ec2-user/arduino-testlib/cli-datadir/user/libraries/PCF8575_library/examples/keyPressed_withInterrupt/keyPressed_withInterrupt.ino:18:71: error: no matching function for call to &#39;PCF8575::PCF8575(int, int, void (&amp;)())&#39;
 PCF8575 pcf8575(0x39, ARDUINO_UNO_INTERRUPTED_PIN, keyPressedOnPCF8575);
                                                                       ^
In file included from /home/ec2-user/arduino-testlib/cli-datadir/user/libraries/PCF8575_library/examples/keyPressed_withInterrupt/keyPressed_withInterrupt.ino:9:0:
/home/ec2-user/arduino-testlib/cli-datadir/user/libraries/PCF8575/PCF8575.h:35:12: note: candidate: PCF8575::PCF8575(uint8_t, arduino::TwoWire*)
   explicit PCF8575(const uint8_t deviceAddress = 0x20, TwoWire *wire = &amp;Wire);
            ^~~~~~~
/home/ec2-user/arduino-testlib/cli-datadir/user/libraries/PCF8575/PCF8575.h:35:12: note:   candidate expects 2 arguments, 3 provided
/home/ec2-user/arduino-testlib/cli-datadir/user/libraries/PCF8575/PCF8575.h:31:7: note: candidate: constexpr PCF8575::PCF8575(const PCF8575&amp;)
 class PCF8575
       ^~~~~~~
/home/ec2-user/arduino-testlib/cli-datadir/user/libraries/PCF8575/PCF8575.h:31:7: note:   candidate expects 1 argument, 3 provided
/home/ec2-user/arduino-testlib/cli-datadir/user/libraries/PCF8575/PCF8575.h:31:7: note: candidate: constexpr PCF8575::PCF8575(PCF8575&amp;&amp;)
/home/ec2-user/arduino-testlib/cli-datadir/user/libraries/PCF8575/PCF8575.h:31:7: note:   candidate expects 1 argument, 3 provided
/home/ec2-user/arduino-testlib/cli-datadir/user/libraries/PCF8575_library/examples/keyPressed_withInterrupt/keyPressed_withInterrupt.ino: In function &#39;void setup()&#39;:
/home/ec2-user/arduino-testlib/cli-datadir/user/libraries/PCF8575_library/examples/keyPressed_withInterrupt/keyPressed_withInterrupt.ino:24:10: error: &#39;class PCF8575&#39; has no member named &#39;pinMode&#39;
  pcf8575.pinMode(P1, INPUT);
          ^~~~~~~
/home/ec2-user/arduino-testlib/cli-datadir/user/libraries/PCF8575_library/examples/keyPressed_withInterrupt/keyPressed_withInterrupt.ino:24:18: error: &#39;P1&#39; was not declared in this scope
  pcf8575.pinMode(P1, INPUT);
                  ^~
/home/ec2-user/arduino-testlib/cli-datadir/user/libraries/PCF8575_library/examples/keyPressed_withInterrupt/keyPressed_withInterrupt.ino:24:18: note: suggested alternative: &#39;A1&#39;
  pcf8575.pinMode(P1, INPUT);
                  ^~
                  A1
/home/ec2-user/arduino-testlib/cli-datadir/user/libraries/PCF8575_library/examples/keyPressed_withInterrupt/keyPressed_withInterrupt.ino: In function &#39;void loop()&#39;:
/home/ec2-user/arduino-testlib/cli-datadir/user/libraries/PCF8575_library/examples/keyPressed_withInterrupt/keyPressed_withInterrupt.ino:35:25: error: &#39;class PCF8575&#39; has no member named &#39;digitalRead&#39;
   uint8_t val = pcf8575.digitalRead(P1);
                         ^~~~~~~~~~~
/home/ec2-user/arduino-testlib/cli-datadir/user/libraries/PCF8575_library/examples/keyPressed_withInterrupt/keyPressed_withInterrupt.ino:35:37: error: &#39;P1&#39; was not declared in this scope
   uint8_t val = pcf8575.digitalRead(P1);
                                     ^~
/home/ec2-user/arduino-testlib/cli-datadir/user/libraries/PCF8575_library/examples/keyPressed_withInterrupt/keyPressed_withInterrupt.ino:35:37: note: suggested alternative: &#39;A1&#39;
   uint8_t val = pcf8575.digitalRead(P1);
                                     ^~
                                     A1
Multiple libraries were found for &#34;PCF8575.h&#34;
  Used: /home/ec2-user/arduino-testlib/cli-datadir/user/libraries/PCF8575
  Not used: /home/ec2-user/arduino-testlib/cli-datadir/user/libraries/PCF8575_library
</pre>
					
					<h4>examples/ledEsp32OnTheSecondI2C</h4>
					<p>
						Result: <b>FAIL</b>
					</p>
					<pre class="pre-scrollable">/home/ec2-user/arduino-testlib/cli-datadir/user/libraries/PCF8575_library/examples/ledEsp32OnTheSecondI2C/ledEsp32OnTheSecondI2C.ino:34:27: error: no matching function for call to &#39;arduino::TwoWire::TwoWire(int)&#39;
 TwoWire I2Cone = TwoWire(0);
                           ^
In file included from /home/ec2-user/arduino-testlib/cli-datadir/user/libraries/PCF8575/PCF8575.h:16:0,
                 from /home/ec2-user/arduino-testlib/cli-datadir/user/libraries/PCF8575_library/examples/ledEsp32OnTheSecondI2C/ledEsp32OnTheSecondI2C.ino:31:
/home/ec2-user/arduino-testlib/cli-datadir/data/packages/arduino/hardware/samd/1.8.12/libraries/Wire/Wire.h:35:5: note: candidate: arduino::TwoWire::TwoWire(SERCOM*, uint8_t, uint8_t)
     TwoWire(SERCOM *s, uint8_t pinSDA, uint8_t pinSCL);
     ^~~~~~~
/home/ec2-user/arduino-testlib/cli-datadir/data/packages/arduino/hardware/samd/1.8.12/libraries/Wire/Wire.h:35:5: note:   candidate expects 3 arguments, 1 provided
/home/ec2-user/arduino-testlib/cli-datadir/data/packages/arduino/hardware/samd/1.8.12/libraries/Wire/Wire.h:32:7: note: candidate: constexpr arduino::TwoWire::TwoWire(const arduino::TwoWire&amp;)
 class TwoWire : public HardwareI2C
       ^~~~~~~
/home/ec2-user/arduino-testlib/cli-datadir/data/packages/arduino/hardware/samd/1.8.12/libraries/Wire/Wire.h:32:7: note:   no known conversion for argument 1 from &#39;int&#39; to &#39;const arduino::TwoWire&amp;&#39;
/home/ec2-user/arduino-testlib/cli-datadir/data/packages/arduino/hardware/samd/1.8.12/libraries/Wire/Wire.h:32:7: note: candidate: constexpr arduino::TwoWire::TwoWire(arduino::TwoWire&amp;&amp;)
/home/ec2-user/arduino-testlib/cli-datadir/data/packages/arduino/hardware/samd/1.8.12/libraries/Wire/Wire.h:32:7: note:   no known conversion for argument 1 from &#39;int&#39; to &#39;arduino::TwoWire&amp;&amp;&#39;
/home/ec2-user/arduino-testlib/cli-datadir/user/libraries/PCF8575_library/examples/ledEsp32OnTheSecondI2C/ledEsp32OnTheSecondI2C.ino:36:27: error: no matching function for call to &#39;arduino::TwoWire::TwoWire(int)&#39;
 TwoWire I2Ctwo = TwoWire(1);
                           ^
In file included from /home/ec2-user/arduino-testlib/cli-datadir/user/libraries/PCF8575/PCF8575.h:16:0,
                 from /home/ec2-user/arduino-testlib/cli-datadir/user/libraries/PCF8575_library/examples/ledEsp32OnTheSecondI2C/ledEsp32OnTheSecondI2C.ino:31:
/home/ec2-user/arduino-testlib/cli-datadir/data/packages/arduino/hardware/samd/1.8.12/libraries/Wire/Wire.h:35:5: note: candidate: arduino::TwoWire::TwoWire(SERCOM*, uint8_t, uint8_t)
     TwoWire(SERCOM *s, uint8_t pinSDA, uint8_t pinSCL);
     ^~~~~~~
/home/ec2-user/arduino-testlib/cli-datadir/data/packages/arduino/hardware/samd/1.8.12/libraries/Wire/Wire.h:35:5: note:   candidate expects 3 arguments, 1 provided
/home/ec2-user/arduino-testlib/cli-datadir/data/packages/arduino/hardware/samd/1.8.12/libraries/Wire/Wire.h:32:7: note: candidate: constexpr arduino::TwoWire::TwoWire(const arduino::TwoWire&amp;)
 class TwoWire : public HardwareI2C
       ^~~~~~~
/home/ec2-user/arduino-testlib/cli-datadir/data/packages/arduino/hardware/samd/1.8.12/libraries/Wire/Wire.h:32:7: note:   no known conversion for argument 1 from &#39;int&#39; to &#39;const arduino::TwoWire&amp;&#39;
/home/ec2-user/arduino-testlib/cli-datadir/data/packages/arduino/hardware/samd/1.8.12/libraries/Wire/Wire.h:32:7: note: candidate: constexpr arduino::TwoWire::TwoWire(arduino::TwoWire&amp;&amp;)
/home/ec2-user/arduino-testlib/cli-datadir/data/packages/arduino/hardware/samd/1.8.12/libraries/Wire/Wire.h:32:7: note:   no known conversion for argument 1 from &#39;int&#39; to &#39;arduino::TwoWire&amp;&amp;&#39;
/home/ec2-user/arduino-testlib/cli-datadir/user/libraries/PCF8575_library/examples/ledEsp32OnTheSecondI2C/ledEsp32OnTheSecondI2C.ino:39:17: error: invalid conversion from &#39;arduino::TwoWire*&#39; to &#39;uint8_t {aka unsigned char}&#39; [-fpermissive]
 PCF8575 pcf8575(&amp;I2Ctwo, 0x20);
                 ^~~~~~~
In file included from /home/ec2-user/arduino-testlib/cli-datadir/user/libraries/PCF8575_library/examples/ledEsp32OnTheSecondI2C/ledEsp32OnTheSecondI2C.ino:31:0:
/home/ec2-user/arduino-testlib/cli-datadir/user/libraries/PCF8575/PCF8575.h:35:12: note:   initializing argument 1 of &#39;PCF8575::PCF8575(uint8_t, arduino::TwoWire*)&#39;
   explicit PCF8575(const uint8_t deviceAddress = 0x20, TwoWire *wire = &amp;Wire);
            ^~~~~~~
/home/ec2-user/arduino-testlib/cli-datadir/user/libraries/PCF8575_library/examples/ledEsp32OnTheSecondI2C/ledEsp32OnTheSecondI2C.ino:39:30: error: invalid conversion from &#39;int&#39; to &#39;arduino::TwoWire*&#39; [-fpermissive]
 PCF8575 pcf8575(&amp;I2Ctwo, 0x20);
                              ^
In file included from /home/ec2-user/arduino-testlib/cli-datadir/user/libraries/PCF8575_library/examples/ledEsp32OnTheSecondI2C/ledEsp32OnTheSecondI2C.ino:31:0:
/home/ec2-user/arduino-testlib/cli-datadir/user/libraries/PCF8575/PCF8575.h:35:12: note:   initializing argument 2 of &#39;PCF8575::PCF8575(uint8_t, arduino::TwoWire*)&#39;
   explicit PCF8575(const uint8_t deviceAddress = 0x20, TwoWire *wire = &amp;Wire);
            ^~~~~~~
/home/ec2-user/arduino-testlib/cli-datadir/user/libraries/PCF8575_library/examples/ledEsp32OnTheSecondI2C/ledEsp32OnTheSecondI2C.ino: In function &#39;void setup()&#39;:
/home/ec2-user/arduino-testlib/cli-datadir/user/libraries/PCF8575_library/examples/ledEsp32OnTheSecondI2C/ledEsp32OnTheSecondI2C.ino:48:28: error: no matching function for call to &#39;arduino::TwoWire::begin(int, int, int)&#39;
   I2Cone.begin(16,17,400000); // SDA pin 16, SCL pin 17, 400kHz frequency
                            ^
In file included from /home/ec2-user/arduino-testlib/cli-datadir/user/libraries/PCF8575/PCF8575.h:16:0,
                 from /home/ec2-user/arduino-testlib/cli-datadir/user/libraries/PCF8575_library/examples/ledEsp32OnTheSecondI2C/ledEsp32OnTheSecondI2C.ino:31:
/home/ec2-user/arduino-testlib/cli-datadir/data/packages/arduino/hardware/samd/1.8.12/libraries/Wire/Wire.h:36:10: note: candidate: virtual void arduino::TwoWire::begin()
     void begin();
          ^~~~~
/home/ec2-user/arduino-testlib/cli-datadir/data/packages/arduino/hardware/samd/1.8.12/libraries/Wire/Wire.h:36:10: note:   candidate expects 0 arguments, 3 provided
/home/ec2-user/arduino-testlib/cli-datadir/data/packages/arduino/hardware/samd/1.8.12/libraries/Wire/Wire.h:37:10: note: candidate: void arduino::TwoWire::begin(uint8_t, bool)
     void begin(uint8_t address, bool enableGeneralCall);
          ^~~~~
/home/ec2-user/arduino-testlib/cli-datadir/data/packages/arduino/hardware/samd/1.8.12/libraries/Wire/Wire.h:37:10: note:   candidate expects 2 arguments, 3 provided
/home/ec2-user/arduino-testlib/cli-datadir/data/packages/arduino/hardware/samd/1.8.12/libraries/Wire/Wire.h:38:10: note: candidate: virtual void arduino::TwoWire::begin(uint8_t)
     void begin(uint8_t address) {
          ^~~~~
/home/ec2-user/arduino-testlib/cli-datadir/data/packages/arduino/hardware/samd/1.8.12/libraries/Wire/Wire.h:38:10: note:   candidate expects 1 argument, 3 provided
/home/ec2-user/arduino-testlib/cli-datadir/user/libraries/PCF8575_library/examples/ledEsp32OnTheSecondI2C/ledEsp32OnTheSecondI2C.ino:52:13: error: &#39;class PCF8575&#39; has no member named &#39;pinMode&#39;
     pcf8575.pinMode(i, OUTPUT);
             ^~~~~~~
/home/ec2-user/arduino-testlib/cli-datadir/user/libraries/PCF8575_library/examples/ledEsp32OnTheSecondI2C/ledEsp32OnTheSecondI2C.ino: In function &#39;void loop()&#39;:
/home/ec2-user/arduino-testlib/cli-datadir/user/libraries/PCF8575_library/examples/ledEsp32OnTheSecondI2C/ledEsp32OnTheSecondI2C.ino:60:11: error: &#39;class PCF8575&#39; has no member named &#39;digitalWrite&#39;
   pcf8575.digitalWrite(pin, HIGH);
           ^~~~~~~~~~~~
/home/ec2-user/arduino-testlib/cli-datadir/user/libraries/PCF8575_library/examples/ledEsp32OnTheSecondI2C/ledEsp32OnTheSecondI2C.ino:62:11: error: &#39;class PCF8575&#39; has no member named &#39;digitalWrite&#39;
   pcf8575.digitalWrite(pin, LOW);
           ^~~~~~~~~~~~
Multiple libraries were found for &#34;PCF8575.h&#34;
  Used: /home/ec2-user/arduino-testlib/cli-datadir/user/libraries/PCF8575
  Not used: /home/ec2-user/arduino-testlib/cli-datadir/user/libraries/PCF8575_library
</pre>
					
					<h4>examples/ledWemos</h4>
					<p>
						Result: <b>FAIL</b>
					</p>
					<pre class="pre-scrollable">/home/ec2-user/arduino-testlib/cli-datadir/user/libraries/PCF8575_library/examples/ledWemos/ledWemos.ino: In function &#39;void setup()&#39;:
/home/ec2-user/arduino-testlib/cli-datadir/user/libraries/PCF8575_library/examples/ledWemos/ledWemos.ino:45:13: error: &#39;class PCF8575&#39; has no member named &#39;pinMode&#39;
     pcf8575.pinMode(i, OUTPUT);
             ^~~~~~~
/home/ec2-user/arduino-testlib/cli-datadir/user/libraries/PCF8575_library/examples/ledWemos/ledWemos.ino: In function &#39;void loop()&#39;:
/home/ec2-user/arduino-testlib/cli-datadir/user/libraries/PCF8575_library/examples/ledWemos/ledWemos.ino:53:11: error: &#39;class PCF8575&#39; has no member named &#39;digitalWrite&#39;
   pcf8575.digitalWrite(pin, HIGH);
           ^~~~~~~~~~~~
/home/ec2-user/arduino-testlib/cli-datadir/user/libraries/PCF8575_library/examples/ledWemos/ledWemos.ino:55:11: error: &#39;class PCF8575&#39; has no member named &#39;digitalWrite&#39;
   pcf8575.digitalWrite(pin, LOW);
           ^~~~~~~~~~~~
Multiple libraries were found for &#34;PCF8575.h&#34;
  Used: /home/ec2-user/arduino-testlib/cli-datadir/user/libraries/PCF8575
  Not used: /home/ec2-user/arduino-testlib/cli-datadir/user/libraries/PCF8575_library
</pre>
					
					<h4>examples/ledWemosInverted</h4>
					<p>
						Result: <b>FAIL</b>
					</p>
					<pre class="pre-scrollable">/home/ec2-user/arduino-testlib/cli-datadir/user/libraries/PCF8575_library/examples/ledWemosInverted/ledWemosInverted.ino: In function &#39;void setup()&#39;:
/home/ec2-user/arduino-testlib/cli-datadir/user/libraries/PCF8575_library/examples/ledWemosInverted/ledWemosInverted.ino:45:13: error: &#39;class PCF8575&#39; has no member named &#39;pinMode&#39;
     pcf8575.pinMode(i, OUTPUT);
             ^~~~~~~
/home/ec2-user/arduino-testlib/cli-datadir/user/libraries/PCF8575_library/examples/ledWemosInverted/ledWemosInverted.ino:48:12: error: &#39;class PCF8575&#39; has no member named &#39;digitalWrite&#39;
    pcf8575.digitalWrite(i, HIGH);
            ^~~~~~~~~~~~
/home/ec2-user/arduino-testlib/cli-datadir/user/libraries/PCF8575_library/examples/ledWemosInverted/ledWemosInverted.ino: In function &#39;void loop()&#39;:
/home/ec2-user/arduino-testlib/cli-datadir/user/libraries/PCF8575_library/examples/ledWemosInverted/ledWemosInverted.ino:57:11: error: &#39;class PCF8575&#39; has no member named &#39;digitalWrite&#39;
   pcf8575.digitalWrite(pin, LOW);
           ^~~~~~~~~~~~
/home/ec2-user/arduino-testlib/cli-datadir/user/libraries/PCF8575_library/examples/ledWemosInverted/ledWemosInverted.ino:59:11: error: &#39;class PCF8575&#39; has no member named &#39;digitalWrite&#39;
   pcf8575.digitalWrite(pin, HIGH);
           ^~~~~~~~~~~~
Multiple libraries were found for &#34;PCF8575.h&#34;
  Used: /home/ec2-user/arduino-testlib/cli-datadir/user/libraries/PCF8575
  Not used: /home/ec2-user/arduino-testlib/cli-datadir/user/libraries/PCF8575_library
</pre>
					
					<h4>examples/readAll_Interrupt</h4>
					<p>
						Result: <b>FAIL</b>
					</p>
					<pre class="pre-scrollable">/home/ec2-user/arduino-testlib/cli-datadir/user/libraries/PCF8575_library/examples/readAll_Interrupt/readAll_Interrupt.ino:18:71: error: no matching function for call to &#39;PCF8575::PCF8575(int, int, void (&amp;)())&#39;
 PCF8575 pcf8575(0x39, ARDUINO_UNO_INTERRUPTED_PIN, keyChangedOnPCF8575);
                                                                       ^
In file included from /home/ec2-user/arduino-testlib/cli-datadir/user/libraries/PCF8575_library/examples/readAll_Interrupt/readAll_Interrupt.ino:9:0:
/home/ec2-user/arduino-testlib/cli-datadir/user/libraries/PCF8575/PCF8575.h:35:12: note: candidate: PCF8575::PCF8575(uint8_t, arduino::TwoWire*)
   explicit PCF8575(const uint8_t deviceAddress = 0x20, TwoWire *wire = &amp;Wire);
            ^~~~~~~
/home/ec2-user/arduino-testlib/cli-datadir/user/libraries/PCF8575/PCF8575.h:35:12: note:   candidate expects 2 arguments, 3 provided
/home/ec2-user/arduino-testlib/cli-datadir/user/libraries/PCF8575/PCF8575.h:31:7: note: candidate: constexpr PCF8575::PCF8575(const PCF8575&amp;)
 class PCF8575
       ^~~~~~~
/home/ec2-user/arduino-testlib/cli-datadir/user/libraries/PCF8575/PCF8575.h:31:7: note:   candidate expects 1 argument, 3 provided
/home/ec2-user/arduino-testlib/cli-datadir/user/libraries/PCF8575/PCF8575.h:31:7: note: candidate: constexpr PCF8575::PCF8575(PCF8575&amp;&amp;)
/home/ec2-user/arduino-testlib/cli-datadir/user/libraries/PCF8575/PCF8575.h:31:7: note:   candidate expects 1 argument, 3 provided
/home/ec2-user/arduino-testlib/cli-datadir/user/libraries/PCF8575_library/examples/readAll_Interrupt/readAll_Interrupt.ino: In function &#39;void setup()&#39;:
/home/ec2-user/arduino-testlib/cli-datadir/user/libraries/PCF8575_library/examples/readAll_Interrupt/readAll_Interrupt.ino:24:10: error: &#39;class PCF8575&#39; has no member named &#39;pinMode&#39;
  pcf8575.pinMode(P0, INPUT);
          ^~~~~~~
/home/ec2-user/arduino-testlib/cli-datadir/user/libraries/PCF8575_library/examples/readAll_Interrupt/readAll_Interrupt.ino:24:18: error: &#39;P0&#39; was not declared in this scope
  pcf8575.pinMode(P0, INPUT);
                  ^~
/home/ec2-user/arduino-testlib/cli-datadir/user/libraries/PCF8575_library/examples/readAll_Interrupt/readAll_Interrupt.ino:24:18: note: suggested alternative: &#39;A0&#39;
  pcf8575.pinMode(P0, INPUT);
                  ^~
                  A0
/home/ec2-user/arduino-testlib/cli-datadir/user/libraries/PCF8575_library/examples/readAll_Interrupt/readAll_Interrupt.ino:25:10: error: &#39;class PCF8575&#39; has no member named &#39;pinMode&#39;
  pcf8575.pinMode(P1, INPUT);
          ^~~~~~~
/home/ec2-user/arduino-testlib/cli-datadir/user/libraries/PCF8575_library/examples/readAll_Interrupt/readAll_Interrupt.ino:25:18: error: &#39;P1&#39; was not declared in this scope
  pcf8575.pinMode(P1, INPUT);
                  ^~
/home/ec2-user/arduino-testlib/cli-datadir/user/libraries/PCF8575_library/examples/readAll_Interrupt/readAll_Interrupt.ino:25:18: note: suggested alternative: &#39;A1&#39;
  pcf8575.pinMode(P1, INPUT);
                  ^~
                  A1
/home/ec2-user/arduino-testlib/cli-datadir/user/libraries/PCF8575_library/examples/readAll_Interrupt/readAll_Interrupt.ino:26:10: error: &#39;class PCF8575&#39; has no member named &#39;pinMode&#39;
  pcf8575.pinMode(P2, INPUT);
          ^~~~~~~
/home/ec2-user/arduino-testlib/cli-datadir/user/libraries/PCF8575_library/examples/readAll_Interrupt/readAll_Interrupt.ino:26:18: error: &#39;P2&#39; was not declared in this scope
  pcf8575.pinMode(P2, INPUT);
                  ^~
/home/ec2-user/arduino-testlib/cli-datadir/user/libraries/PCF8575_library/examples/readAll_Interrupt/readAll_Interrupt.ino:26:18: note: suggested alternative: &#39;A2&#39;
  pcf8575.pinMode(P2, INPUT);
                  ^~
                  A2
/home/ec2-user/arduino-testlib/cli-datadir/user/libraries/PCF8575_library/examples/readAll_Interrupt/readAll_Interrupt.ino:27:10: error: &#39;class PCF8575&#39; has no member named &#39;pinMode&#39;
  pcf8575.pinMode(P3, INPUT);
          ^~~~~~~
/home/ec2-user/arduino-testlib/cli-datadir/user/libraries/PCF8575_library/examples/readAll_Interrupt/readAll_Interrupt.ino:27:18: error: &#39;P3&#39; was not declared in this scope
  pcf8575.pinMode(P3, INPUT);
                  ^~
/home/ec2-user/arduino-testlib/cli-datadir/user/libraries/PCF8575_library/examples/readAll_Interrupt/readAll_Interrupt.ino:27:18: note: suggested alternative: &#39;A3&#39;
  pcf8575.pinMode(P3, INPUT);
                  ^~
                  A3
/home/ec2-user/arduino-testlib/cli-datadir/user/libraries/PCF8575_library/examples/readAll_Interrupt/readAll_Interrupt.ino: In function &#39;void loop()&#39;:
/home/ec2-user/arduino-testlib/cli-datadir/user/libraries/PCF8575_library/examples/readAll_Interrupt/readAll_Interrupt.ino:39:12: error: &#39;DigitalInput&#39; is not a member of &#39;PCF8575&#39;
   PCF8575::DigitalInput di = pcf8575.digitalReadAll();
            ^~~~~~~~~~~~
/home/ec2-user/arduino-testlib/cli-datadir/user/libraries/PCF8575_library/examples/readAll_Interrupt/readAll_Interrupt.ino:41:16: error: &#39;di&#39; was not declared in this scope
   Serial.print(di.p0);
                ^~
/home/ec2-user/arduino-testlib/cli-datadir/user/libraries/PCF8575_library/examples/readAll_Interrupt/readAll_Interrupt.ino:41:16: note: suggested alternative: &#39;div&#39;
   Serial.print(di.p0);
                ^~
                div
Multiple libraries were found for &#34;PCF8575.h&#34;
  Used: /home/ec2-user/arduino-testlib/cli-datadir/user/libraries/PCF8575
  Not used: /home/ec2-user/arduino-testlib/cli-datadir/user/libraries/PCF8575_library
</pre>
					
					<h4>examples/readAll_Interrupt_lowMemory</h4>
					<p>
						Result: <b>FAIL</b>
					</p>
					<pre class="pre-scrollable">/home/ec2-user/arduino-testlib/cli-datadir/user/libraries/PCF8575_library/examples/readAll_Interrupt_lowMemory/readAll_Interrupt_lowMemory.ino:22:71: error: no matching function for call to &#39;PCF8575::PCF8575(int, int, void (&amp;)())&#39;
 PCF8575 pcf8575(0x20, ARDUINO_UNO_INTERRUPTED_PIN, keyChangedOnPCF8575);
                                                                       ^
In file included from /home/ec2-user/arduino-testlib/cli-datadir/user/libraries/PCF8575_library/examples/readAll_Interrupt_lowMemory/readAll_Interrupt_lowMemory.ino:9:0:
/home/ec2-user/arduino-testlib/cli-datadir/user/libraries/PCF8575/PCF8575.h:35:12: note: candidate: PCF8575::PCF8575(uint8_t, arduino::TwoWire*)
   explicit PCF8575(const uint8_t deviceAddress = 0x20, TwoWire *wire = &amp;Wire);
            ^~~~~~~
/home/ec2-user/arduino-testlib/cli-datadir/user/libraries/PCF8575/PCF8575.h:35:12: note:   candidate expects 2 arguments, 3 provided
/home/ec2-user/arduino-testlib/cli-datadir/user/libraries/PCF8575/PCF8575.h:31:7: note: candidate: constexpr PCF8575::PCF8575(const PCF8575&amp;)
 class PCF8575
       ^~~~~~~
/home/ec2-user/arduino-testlib/cli-datadir/user/libraries/PCF8575/PCF8575.h:31:7: note:   candidate expects 1 argument, 3 provided
/home/ec2-user/arduino-testlib/cli-datadir/user/libraries/PCF8575/PCF8575.h:31:7: note: candidate: constexpr PCF8575::PCF8575(PCF8575&amp;&amp;)
/home/ec2-user/arduino-testlib/cli-datadir/user/libraries/PCF8575/PCF8575.h:31:7: note:   candidate expects 1 argument, 3 provided
/home/ec2-user/arduino-testlib/cli-datadir/user/libraries/PCF8575_library/examples/readAll_Interrupt_lowMemory/readAll_Interrupt_lowMemory.ino: In function &#39;void setup()&#39;:
/home/ec2-user/arduino-testlib/cli-datadir/user/libraries/PCF8575_library/examples/readAll_Interrupt_lowMemory/readAll_Interrupt_lowMemory.ino:28:10: error: &#39;class PCF8575&#39; has no member named &#39;pinMode&#39;
  pcf8575.pinMode(P0, INPUT);
          ^~~~~~~
/home/ec2-user/arduino-testlib/cli-datadir/user/libraries/PCF8575_library/examples/readAll_Interrupt_lowMemory/readAll_Interrupt_lowMemory.ino:28:18: error: &#39;P0&#39; was not declared in this scope
  pcf8575.pinMode(P0, INPUT);
                  ^~
/home/ec2-user/arduino-testlib/cli-datadir/user/libraries/PCF8575_library/examples/readAll_Interrupt_lowMemory/readAll_Interrupt_lowMemory.ino:28:18: note: suggested alternative: &#39;A0&#39;
  pcf8575.pinMode(P0, INPUT);
                  ^~
                  A0
/home/ec2-user/arduino-testlib/cli-datadir/user/libraries/PCF8575_library/examples/readAll_Interrupt_lowMemory/readAll_Interrupt_lowMemory.ino:29:10: error: &#39;class PCF8575&#39; has no member named &#39;pinMode&#39;
  pcf8575.pinMode(P1, INPUT);
          ^~~~~~~
/home/ec2-user/arduino-testlib/cli-datadir/user/libraries/PCF8575_library/examples/readAll_Interrupt_lowMemory/readAll_Interrupt_lowMemory.ino:29:18: error: &#39;P1&#39; was not declared in this scope
  pcf8575.pinMode(P1, INPUT);
                  ^~
/home/ec2-user/arduino-testlib/cli-datadir/user/libraries/PCF8575_library/examples/readAll_Interrupt_lowMemory/readAll_Interrupt_lowMemory.ino:29:18: note: suggested alternative: &#39;A1&#39;
  pcf8575.pinMode(P1, INPUT);
                  ^~
                  A1
/home/ec2-user/arduino-testlib/cli-datadir/user/libraries/PCF8575_library/examples/readAll_Interrupt_lowMemory/readAll_Interrupt_lowMemory.ino:30:10: error: &#39;class PCF8575&#39; has no member named &#39;pinMode&#39;
  pcf8575.pinMode(P2, INPUT);
          ^~~~~~~
/home/ec2-user/arduino-testlib/cli-datadir/user/libraries/PCF8575_library/examples/readAll_Interrupt_lowMemory/readAll_Interrupt_lowMemory.ino:30:18: error: &#39;P2&#39; was not declared in this scope
  pcf8575.pinMode(P2, INPUT);
                  ^~
/home/ec2-user/arduino-testlib/cli-datadir/user/libraries/PCF8575_library/examples/readAll_Interrupt_lowMemory/readAll_Interrupt_lowMemory.ino:30:18: note: suggested alternative: &#39;A2&#39;
  pcf8575.pinMode(P2, INPUT);
                  ^~
                  A2
/home/ec2-user/arduino-testlib/cli-datadir/user/libraries/PCF8575_library/examples/readAll_Interrupt_lowMemory/readAll_Interrupt_lowMemory.ino:31:10: error: &#39;class PCF8575&#39; has no member named &#39;pinMode&#39;
  pcf8575.pinMode(P3, INPUT);
          ^~~~~~~
/home/ec2-user/arduino-testlib/cli-datadir/user/libraries/PCF8575_library/examples/readAll_Interrupt_lowMemory/readAll_Interrupt_lowMemory.ino:31:18: error: &#39;P3&#39; was not declared in this scope
  pcf8575.pinMode(P3, INPUT);
                  ^~
/home/ec2-user/arduino-testlib/cli-datadir/user/libraries/PCF8575_library/examples/readAll_Interrupt_lowMemory/readAll_Interrupt_lowMemory.ino:31:18: note: suggested alternative: &#39;A3&#39;
  pcf8575.pinMode(P3, INPUT);
                  ^~
                  A3
/home/ec2-user/arduino-testlib/cli-datadir/user/libraries/PCF8575_library/examples/readAll_Interrupt_lowMemory/readAll_Interrupt_lowMemory.ino: In function &#39;void loop()&#39;:
/home/ec2-user/arduino-testlib/cli-datadir/user/libraries/PCF8575_library/examples/readAll_Interrupt_lowMemory/readAll_Interrupt_lowMemory.ino:43:21: error: &#39;class PCF8575&#39; has no member named &#39;digitalReadAll&#39;
   byte di = pcf8575.digitalReadAll();
                     ^~~~~~~~~~~~~~
Multiple libraries were found for &#34;PCF8575.h&#34;
  Used: /home/ec2-user/arduino-testlib/cli-datadir/user/libraries/PCF8575
  Not used: /home/ec2-user/arduino-testlib/cli-datadir/user/libraries/PCF8575_library
</pre>
					
				
				<h3 id="esp32:esp32:d1_mini32">esp32:esp32:d1_mini32 @ 1.0.6</h3>
				<h4>Inclusion</h4>
				<p>
					Result: <b>PASS</b>
					
					<br />This library has no main header file so an empty one was created.
					
				</p>
				<pre class="pre-scrollable">Sketch uses 202802 bytes (15%) of program storage space. Maximum is 1310720 bytes.
Global variables use 13880 bytes (4%) of dynamic memory, leaving 313800 bytes for local variables. Maximum is 327680 bytes.
</pre>

					
					<h4>examples/blinkOnPin0</h4>
					<p>
						Result: <b>FAIL</b>
					</p>
					<pre class="pre-scrollable">/home/ec2-user/arduino-testlib/cli-datadir/user/libraries/PCF8575_library/examples/blinkOnPin0/blinkOnPin0.ino: In function &#39;void setup()&#39;:
/home/ec2-user/arduino-testlib/cli-datadir/user/libraries/PCF8575_library/examples/blinkOnPin0/blinkOnPin0.ino:19:10: error: &#39;class PCF8575&#39; has no member named &#39;pinMode&#39;
  pcf8575.pinMode(P0, OUTPUT);
          ^
/home/ec2-user/arduino-testlib/cli-datadir/user/libraries/PCF8575_library/examples/blinkOnPin0/blinkOnPin0.ino:19:18: error: &#39;P0&#39; was not declared in this scope
  pcf8575.pinMode(P0, OUTPUT);
                  ^
/home/ec2-user/arduino-testlib/cli-datadir/user/libraries/PCF8575_library/examples/blinkOnPin0/blinkOnPin0.ino: In function &#39;void loop()&#39;:
/home/ec2-user/arduino-testlib/cli-datadir/user/libraries/PCF8575_library/examples/blinkOnPin0/blinkOnPin0.ino:26:10: error: &#39;class PCF8575&#39; has no member named &#39;digitalWrite&#39;
  pcf8575.digitalWrite(P0, HIGH);
          ^
/home/ec2-user/arduino-testlib/cli-datadir/user/libraries/PCF8575_library/examples/blinkOnPin0/blinkOnPin0.ino:26:23: error: &#39;P0&#39; was not declared in this scope
  pcf8575.digitalWrite(P0, HIGH);
                       ^
/home/ec2-user/arduino-testlib/cli-datadir/user/libraries/PCF8575_library/examples/blinkOnPin0/blinkOnPin0.ino:28:10: error: &#39;class PCF8575&#39; has no member named &#39;digitalWrite&#39;
  pcf8575.digitalWrite(P0, LOW);
          ^
Multiple libraries were found for &#34;PCF8575.h&#34;
  Used: /home/ec2-user/arduino-testlib/cli-datadir/user/libraries/PCF8575
  Not used: /home/ec2-user/arduino-testlib/cli-datadir/user/libraries/PCF8575_library
</pre>
					
					<h4>examples/interruptWemos</h4>
					<p>
						Result: <b>FAIL</b>
					</p>
					<pre class="pre-scrollable">/home/ec2-user/arduino-testlib/cli-datadir/user/libraries/PCF8575_library/examples/interruptWemos/interruptWemos.ino: In function &#39;void setup()&#39;:
/home/ec2-user/arduino-testlib/cli-datadir/user/libraries/PCF8575_library/examples/interruptWemos/interruptWemos.ino:49:13: error: &#39;class PCF8575&#39; has no member named &#39;pinMode&#39;
     pcf8575.pinMode(i, INPUT);
             ^
/home/ec2-user/arduino-testlib/cli-datadir/user/libraries/PCF8575_library/examples/interruptWemos/interruptWemos.ino: In function &#39;void loop()&#39;:
/home/ec2-user/arduino-testlib/cli-datadir/user/libraries/PCF8575_library/examples/interruptWemos/interruptWemos.ino:57:5: error: &#39;DigitalInput&#39; is not a member of &#39;PCF8575&#39;
     PCF8575::DigitalInput val = pcf8575.digitalReadAll();
     ^
/home/ec2-user/arduino-testlib/cli-datadir/user/libraries/PCF8575_library/examples/interruptWemos/interruptWemos.ino:58:9: error: &#39;val&#39; was not declared in this scope
     if (val.p0==HIGH) Serial.println(&#34;KEY0 PRESSED&#34;);
         ^
/home/ec2-user/arduino-testlib/cli-datadir/user/libraries/PCF8575_library/examples/interruptWemos/interruptWemos.ino:59:9: error: &#39;val&#39; was not declared in this scope
     if (val.p1==HIGH) Serial.println(&#34;KEY1 PRESSED&#34;);
         ^
/home/ec2-user/arduino-testlib/cli-datadir/user/libraries/PCF8575_library/examples/interruptWemos/interruptWemos.ino:60:9: error: &#39;val&#39; was not declared in this scope
     if (val.p2==HIGH) Serial.println(&#34;KEY2 PRESSED&#34;);
         ^
/home/ec2-user/arduino-testlib/cli-datadir/user/libraries/PCF8575_library/examples/interruptWemos/interruptWemos.ino:61:9: error: &#39;val&#39; was not declared in this scope
     if (val.p3==HIGH) Serial.println(&#34;KEY3 PRESSED&#34;);
         ^
/home/ec2-user/arduino-testlib/cli-datadir/user/libraries/PCF8575_library/examples/interruptWemos/interruptWemos.ino:62:9: error: &#39;val&#39; was not declared in this scope
     if (val.p4==HIGH) Serial.println(&#34;KEY4 PRESSED&#34;);
         ^
/home/ec2-user/arduino-testlib/cli-datadir/user/libraries/PCF8575_library/examples/interruptWemos/interruptWemos.ino:63:9: error: &#39;val&#39; was not declared in this scope
     if (val.p5==HIGH) Serial.println(&#34;KEY5 PRESSED&#34;);
         ^
/home/ec2-user/arduino-testlib/cli-datadir/user/libraries/PCF8575_library/examples/interruptWemos/interruptWemos.ino:64:9: error: &#39;val&#39; was not declared in this scope
     if (val.p6==HIGH) Serial.println(&#34;KEY6 PRESSED&#34;);
         ^
/home/ec2-user/arduino-testlib/cli-datadir/user/libraries/PCF8575_library/examples/interruptWemos/interruptWemos.ino:65:9: error: &#39;val&#39; was not declared in this scope
     if (val.p7==HIGH) Serial.println(&#34;KEY7 PRESSED&#34;);
         ^
/home/ec2-user/arduino-testlib/cli-datadir/user/libraries/PCF8575_library/examples/interruptWemos/interruptWemos.ino:66:9: error: &#39;val&#39; was not declared in this scope
     if (val.p8==HIGH) Serial.println(&#34;KEY8 PRESSED&#34;);
         ^
/home/ec2-user/arduino-testlib/cli-datadir/user/libraries/PCF8575_library/examples/interruptWemos/interruptWemos.ino:67:9: error: &#39;val&#39; was not declared in this scope
     if (val.p9==HIGH) Serial.println(&#34;KEY9 PRESSED&#34;);
         ^
/home/ec2-user/arduino-testlib/cli-datadir/user/libraries/PCF8575_library/examples/interruptWemos/interruptWemos.ino:68:9: error: &#39;val&#39; was not declared in this scope
     if (val.p10==HIGH) Serial.println(&#34;KEY10 PRESSED&#34;);
         ^
/home/ec2-user/arduino-testlib/cli-datadir/user/libraries/PCF8575_library/examples/interruptWemos/interruptWemos.ino:69:9: error: &#39;val&#39; was not declared in this scope
     if (val.p11==HIGH) Serial.println(&#34;KEY11 PRESSED&#34;);
         ^
/home/ec2-user/arduino-testlib/cli-datadir/user/libraries/PCF8575_library/examples/interruptWemos/interruptWemos.ino:70:9: error: &#39;val&#39; was not declared in this scope
     if (val.p12==HIGH) Serial.println(&#34;KEY12 PRESSED&#34;);
         ^
/home/ec2-user/arduino-testlib/cli-datadir/user/libraries/PCF8575_library/examples/interruptWemos/interruptWemos.ino:71:9: error: &#39;val&#39; was not declared in this scope
     if (val.p13==HIGH) Serial.println(&#34;KEY13 PRESSED&#34;);
         ^
/home/ec2-user/arduino-testlib/cli-datadir/user/libraries/PCF8575_library/examples/interruptWemos/interruptWemos.ino:72:9: error: &#39;val&#39; was not declared in this scope
     if (val.p14==HIGH) Serial.println(&#34;KEY14 PRESSED&#34;);
         ^
/home/ec2-user/arduino-testlib/cli-datadir/user/libraries/PCF8575_library/examples/interruptWemos/interruptWemos.ino:73:9: error: &#39;val&#39; was not declared in this scope
     if (val.p15==HIGH) Serial.println(&#34;KEY15 PRESSED&#34;);
         ^
Multiple libraries were found for &#34;PCF8575.h&#34;
  Used: /home/ec2-user/arduino-testlib/cli-datadir/user/libraries/PCF8575
  Not used: /home/ec2-user/arduino-testlib/cli-datadir/user/libraries/PCF8575_library
</pre>
					
					<h4>examples/keyPressedPin1</h4>
					<p>
						Result: <b>FAIL</b>
					</p>
					<pre class="pre-scrollable">/home/ec2-user/arduino-testlib/cli-datadir/user/libraries/PCF8575_library/examples/keyPressedPin1/keyPressedPin1.ino: In function &#39;void setup()&#39;:
/home/ec2-user/arduino-testlib/cli-datadir/user/libraries/PCF8575_library/examples/keyPressedPin1/keyPressedPin1.ino:18:10: error: &#39;class PCF8575&#39; has no member named &#39;pinMode&#39;
  pcf8575.pinMode(P1, INPUT);
          ^
/home/ec2-user/arduino-testlib/cli-datadir/user/libraries/PCF8575_library/examples/keyPressedPin1/keyPressedPin1.ino:18:18: error: &#39;P1&#39; was not declared in this scope
  pcf8575.pinMode(P1, INPUT);
                  ^
/home/ec2-user/arduino-testlib/cli-datadir/user/libraries/PCF8575_library/examples/keyPressedPin1/keyPressedPin1.ino: In function &#39;void loop()&#39;:
/home/ec2-user/arduino-testlib/cli-datadir/user/libraries/PCF8575_library/examples/keyPressedPin1/keyPressedPin1.ino:25:24: error: &#39;class PCF8575&#39; has no member named &#39;digitalRead&#39;
  uint8_t val = pcf8575.digitalRead(P1);
                        ^
/home/ec2-user/arduino-testlib/cli-datadir/user/libraries/PCF8575_library/examples/keyPressedPin1/keyPressedPin1.ino:25:36: error: &#39;P1&#39; was not declared in this scope
  uint8_t val = pcf8575.digitalRead(P1);
                                    ^
Multiple libraries were found for &#34;PCF8575.h&#34;
  Used: /home/ec2-user/arduino-testlib/cli-datadir/user/libraries/PCF8575
  Not used: /home/ec2-user/arduino-testlib/cli-datadir/user/libraries/PCF8575_library
</pre>
					
					<h4>examples/keyPressedPin1_storedOnBuffer_async</h4>
					<p>
						Result: <b>FAIL</b>
					</p>
					<pre class="pre-scrollable">/home/ec2-user/arduino-testlib/cli-datadir/user/libraries/PCF8575_library/examples/keyPressedPin1_storedOnBuffer_async/keyPressedPin1_storedOnBuffer_async.ino: In function &#39;void setup()&#39;:
/home/ec2-user/arduino-testlib/cli-datadir/user/libraries/PCF8575_library/examples/keyPressedPin1_storedOnBuffer_async/keyPressedPin1_storedOnBuffer_async.ino:18:10: error: &#39;class PCF8575&#39; has no member named &#39;pinMode&#39;
  pcf8575.pinMode(P1, INPUT);
          ^
/home/ec2-user/arduino-testlib/cli-datadir/user/libraries/PCF8575_library/examples/keyPressedPin1_storedOnBuffer_async/keyPressedPin1_storedOnBuffer_async.ino:18:18: error: &#39;P1&#39; was not declared in this scope
  pcf8575.pinMode(P1, INPUT);
                  ^
/home/ec2-user/arduino-testlib/cli-datadir/user/libraries/PCF8575_library/examples/keyPressedPin1_storedOnBuffer_async/keyPressedPin1_storedOnBuffer_async.ino: In function &#39;void loop()&#39;:
/home/ec2-user/arduino-testlib/cli-datadir/user/libraries/PCF8575_library/examples/keyPressedPin1_storedOnBuffer_async/keyPressedPin1_storedOnBuffer_async.ino:28:10: error: &#39;class PCF8575&#39; has no member named &#39;readBuffer&#39;
  pcf8575.readBuffer();
          ^
/home/ec2-user/arduino-testlib/cli-datadir/user/libraries/PCF8575_library/examples/keyPressedPin1_storedOnBuffer_async/keyPressedPin1_storedOnBuffer_async.ino:31:25: error: &#39;class PCF8575&#39; has no member named &#39;digitalRead&#39;
   uint8_t val = pcf8575.digitalRead(P1);
                         ^
/home/ec2-user/arduino-testlib/cli-datadir/user/libraries/PCF8575_library/examples/keyPressedPin1_storedOnBuffer_async/keyPressedPin1_storedOnBuffer_async.ino:31:37: error: &#39;P1&#39; was not declared in this scope
   uint8_t val = pcf8575.digitalRead(P1);
                                     ^
Multiple libraries were found for &#34;PCF8575.h&#34;
  Used: /home/ec2-user/arduino-testlib/cli-datadir/user/libraries/PCF8575
  Not used: /home/ec2-user/arduino-testlib/cli-datadir/user/libraries/PCF8575_library
</pre>
					
					<h4>examples/keyPressed_withInterrupt</h4>
					<p>
						Result: <b>FAIL</b>
					</p>
					<pre class="pre-scrollable">/home/ec2-user/arduino-testlib/cli-datadir/user/libraries/PCF8575_library/examples/keyPressed_withInterrupt/keyPressed_withInterrupt.ino:18:71: error: no matching function for call to &#39;PCF8575::PCF8575(int, int, void (&amp;)())&#39;
 PCF8575 pcf8575(0x39, ARDUINO_UNO_INTERRUPTED_PIN, keyPressedOnPCF8575);
                                                                       ^
In file included from /home/ec2-user/arduino-testlib/cli-datadir/user/libraries/PCF8575_library/examples/keyPressed_withInterrupt/keyPressed_withInterrupt.ino:9:0:
/home/ec2-user/arduino-testlib/cli-datadir/user/libraries/PCF8575/PCF8575.h:35:12: note: candidate: PCF8575::PCF8575(uint8_t, TwoWire*)
   explicit PCF8575(const uint8_t deviceAddress = 0x20, TwoWire *wire = &amp;Wire);
            ^
/home/ec2-user/arduino-testlib/cli-datadir/user/libraries/PCF8575/PCF8575.h:35:12: note:   candidate expects 2 arguments, 3 provided
/home/ec2-user/arduino-testlib/cli-datadir/user/libraries/PCF8575/PCF8575.h:31:7: note: candidate: constexpr PCF8575::PCF8575(const PCF8575&amp;)
 class PCF8575
       ^
/home/ec2-user/arduino-testlib/cli-datadir/user/libraries/PCF8575/PCF8575.h:31:7: note:   candidate expects 1 argument, 3 provided
/home/ec2-user/arduino-testlib/cli-datadir/user/libraries/PCF8575/PCF8575.h:31:7: note: candidate: constexpr PCF8575::PCF8575(PCF8575&amp;&amp;)
/home/ec2-user/arduino-testlib/cli-datadir/user/libraries/PCF8575/PCF8575.h:31:7: note:   candidate expects 1 argument, 3 provided
/home/ec2-user/arduino-testlib/cli-datadir/user/libraries/PCF8575_library/examples/keyPressed_withInterrupt/keyPressed_withInterrupt.ino: In function &#39;void setup()&#39;:
/home/ec2-user/arduino-testlib/cli-datadir/user/libraries/PCF8575_library/examples/keyPressed_withInterrupt/keyPressed_withInterrupt.ino:24:10: error: &#39;class PCF8575&#39; has no member named &#39;pinMode&#39;
  pcf8575.pinMode(P1, INPUT);
          ^
/home/ec2-user/arduino-testlib/cli-datadir/user/libraries/PCF8575_library/examples/keyPressed_withInterrupt/keyPressed_withInterrupt.ino:24:18: error: &#39;P1&#39; was not declared in this scope
  pcf8575.pinMode(P1, INPUT);
                  ^
/home/ec2-user/arduino-testlib/cli-datadir/user/libraries/PCF8575_library/examples/keyPressed_withInterrupt/keyPressed_withInterrupt.ino: In function &#39;void loop()&#39;:
/home/ec2-user/arduino-testlib/cli-datadir/user/libraries/PCF8575_library/examples/keyPressed_withInterrupt/keyPressed_withInterrupt.ino:35:25: error: &#39;class PCF8575&#39; has no member named &#39;digitalRead&#39;
   uint8_t val = pcf8575.digitalRead(P1);
                         ^
/home/ec2-user/arduino-testlib/cli-datadir/user/libraries/PCF8575_library/examples/keyPressed_withInterrupt/keyPressed_withInterrupt.ino:35:37: error: &#39;P1&#39; was not declared in this scope
   uint8_t val = pcf8575.digitalRead(P1);
                                     ^
Multiple libraries were found for &#34;PCF8575.h&#34;
  Used: /home/ec2-user/arduino-testlib/cli-datadir/user/libraries/PCF8575
  Not used: /home/ec2-user/arduino-testlib/cli-datadir/user/libraries/PCF8575_library
</pre>
					
					<h4>examples/ledEsp32OnTheSecondI2C</h4>
					<p>
						Result: <b>FAIL</b>
					</p>
					<pre class="pre-scrollable">/home/ec2-user/arduino-testlib/cli-datadir/user/libraries/PCF8575_library/examples/ledEsp32OnTheSecondI2C/ledEsp32OnTheSecondI2C.ino:39:30: error: invalid conversion from &#39;TwoWire*&#39; to &#39;uint8_t {aka unsigned char}&#39; [-fpermissive]
 PCF8575 pcf8575(&amp;I2Ctwo, 0x20);
                              ^
In file included from /home/ec2-user/arduino-testlib/cli-datadir/user/libraries/PCF8575_library/examples/ledEsp32OnTheSecondI2C/ledEsp32OnTheSecondI2C.ino:31:0:
/home/ec2-user/arduino-testlib/cli-datadir/user/libraries/PCF8575/PCF8575.h:35:12: note:   initializing argument 1 of &#39;PCF8575::PCF8575(uint8_t, TwoWire*)&#39;
   explicit PCF8575(const uint8_t deviceAddress = 0x20, TwoWire *wire = &amp;Wire);
            ^
/home/ec2-user/arduino-testlib/cli-datadir/user/libraries/PCF8575_library/examples/ledEsp32OnTheSecondI2C/ledEsp32OnTheSecondI2C.ino:39:30: error: invalid conversion from &#39;int&#39; to &#39;TwoWire*&#39; [-fpermissive]
 PCF8575 pcf8575(&amp;I2Ctwo, 0x20);
                              ^
In file included from /home/ec2-user/arduino-testlib/cli-datadir/user/libraries/PCF8575_library/examples/ledEsp32OnTheSecondI2C/ledEsp32OnTheSecondI2C.ino:31:0:
/home/ec2-user/arduino-testlib/cli-datadir/user/libraries/PCF8575/PCF8575.h:35:12: note:   initializing argument 2 of &#39;PCF8575::PCF8575(uint8_t, TwoWire*)&#39;
   explicit PCF8575(const uint8_t deviceAddress = 0x20, TwoWire *wire = &amp;Wire);
            ^
/home/ec2-user/arduino-testlib/cli-datadir/user/libraries/PCF8575_library/examples/ledEsp32OnTheSecondI2C/ledEsp32OnTheSecondI2C.ino: In function &#39;void setup()&#39;:
/home/ec2-user/arduino-testlib/cli-datadir/user/libraries/PCF8575_library/examples/ledEsp32OnTheSecondI2C/ledEsp32OnTheSecondI2C.ino:52:13: error: &#39;class PCF8575&#39; has no member named &#39;pinMode&#39;
     pcf8575.pinMode(i, OUTPUT);
             ^
/home/ec2-user/arduino-testlib/cli-datadir/user/libraries/PCF8575_library/examples/ledEsp32OnTheSecondI2C/ledEsp32OnTheSecondI2C.ino: In function &#39;void loop()&#39;:
/home/ec2-user/arduino-testlib/cli-datadir/user/libraries/PCF8575_library/examples/ledEsp32OnTheSecondI2C/ledEsp32OnTheSecondI2C.ino:60:11: error: &#39;class PCF8575&#39; has no member named &#39;digitalWrite&#39;
   pcf8575.digitalWrite(pin, HIGH);
           ^
/home/ec2-user/arduino-testlib/cli-datadir/user/libraries/PCF8575_library/examples/ledEsp32OnTheSecondI2C/ledEsp32OnTheSecondI2C.ino:62:11: error: &#39;class PCF8575&#39; has no member named &#39;digitalWrite&#39;
   pcf8575.digitalWrite(pin, LOW);
           ^
Multiple libraries were found for &#34;PCF8575.h&#34;
  Used: /home/ec2-user/arduino-testlib/cli-datadir/user/libraries/PCF8575
  Not used: /home/ec2-user/arduino-testlib/cli-datadir/user/libraries/PCF8575_library
</pre>
					
					<h4>examples/ledWemos</h4>
					<p>
						Result: <b>FAIL</b>
					</p>
					<pre class="pre-scrollable">/home/ec2-user/arduino-testlib/cli-datadir/user/libraries/PCF8575_library/examples/ledWemos/ledWemos.ino: In function &#39;void setup()&#39;:
/home/ec2-user/arduino-testlib/cli-datadir/user/libraries/PCF8575_library/examples/ledWemos/ledWemos.ino:45:13: error: &#39;class PCF8575&#39; has no member named &#39;pinMode&#39;
     pcf8575.pinMode(i, OUTPUT);
             ^
/home/ec2-user/arduino-testlib/cli-datadir/user/libraries/PCF8575_library/examples/ledWemos/ledWemos.ino: In function &#39;void loop()&#39;:
/home/ec2-user/arduino-testlib/cli-datadir/user/libraries/PCF8575_library/examples/ledWemos/ledWemos.ino:53:11: error: &#39;class PCF8575&#39; has no member named &#39;digitalWrite&#39;
   pcf8575.digitalWrite(pin, HIGH);
           ^
/home/ec2-user/arduino-testlib/cli-datadir/user/libraries/PCF8575_library/examples/ledWemos/ledWemos.ino:55:11: error: &#39;class PCF8575&#39; has no member named &#39;digitalWrite&#39;
   pcf8575.digitalWrite(pin, LOW);
           ^
Multiple libraries were found for &#34;PCF8575.h&#34;
  Used: /home/ec2-user/arduino-testlib/cli-datadir/user/libraries/PCF8575
  Not used: /home/ec2-user/arduino-testlib/cli-datadir/user/libraries/PCF8575_library
</pre>
					
					<h4>examples/ledWemosInverted</h4>
					<p>
						Result: <b>FAIL</b>
					</p>
					<pre class="pre-scrollable">/home/ec2-user/arduino-testlib/cli-datadir/user/libraries/PCF8575_library/examples/ledWemosInverted/ledWemosInverted.ino: In function &#39;void setup()&#39;:
/home/ec2-user/arduino-testlib/cli-datadir/user/libraries/PCF8575_library/examples/ledWemosInverted/ledWemosInverted.ino:45:13: error: &#39;class PCF8575&#39; has no member named &#39;pinMode&#39;
     pcf8575.pinMode(i, OUTPUT);
             ^
/home/ec2-user/arduino-testlib/cli-datadir/user/libraries/PCF8575_library/examples/ledWemosInverted/ledWemosInverted.ino:48:12: error: &#39;class PCF8575&#39; has no member named &#39;digitalWrite&#39;
    pcf8575.digitalWrite(i, HIGH);
            ^
/home/ec2-user/arduino-testlib/cli-datadir/user/libraries/PCF8575_library/examples/ledWemosInverted/ledWemosInverted.ino: In function &#39;void loop()&#39;:
/home/ec2-user/arduino-testlib/cli-datadir/user/libraries/PCF8575_library/examples/ledWemosInverted/ledWemosInverted.ino:57:11: error: &#39;class PCF8575&#39; has no member named &#39;digitalWrite&#39;
   pcf8575.digitalWrite(pin, LOW);
           ^
/home/ec2-user/arduino-testlib/cli-datadir/user/libraries/PCF8575_library/examples/ledWemosInverted/ledWemosInverted.ino:59:11: error: &#39;class PCF8575&#39; has no member named &#39;digitalWrite&#39;
   pcf8575.digitalWrite(pin, HIGH);
           ^
Multiple libraries were found for &#34;PCF8575.h&#34;
  Used: /home/ec2-user/arduino-testlib/cli-datadir/user/libraries/PCF8575
  Not used: /home/ec2-user/arduino-testlib/cli-datadir/user/libraries/PCF8575_library
</pre>
					
					<h4>examples/readAll_Interrupt</h4>
					<p>
						Result: <b>FAIL</b>
					</p>
					<pre class="pre-scrollable">/home/ec2-user/arduino-testlib/cli-datadir/user/libraries/PCF8575_library/examples/readAll_Interrupt/readAll_Interrupt.ino:18:71: error: no matching function for call to &#39;PCF8575::PCF8575(int, int, void (&amp;)())&#39;
 PCF8575 pcf8575(0x39, ARDUINO_UNO_INTERRUPTED_PIN, keyChangedOnPCF8575);
                                                                       ^
In file included from /home/ec2-user/arduino-testlib/cli-datadir/user/libraries/PCF8575_library/examples/readAll_Interrupt/readAll_Interrupt.ino:9:0:
/home/ec2-user/arduino-testlib/cli-datadir/user/libraries/PCF8575/PCF8575.h:35:12: note: candidate: PCF8575::PCF8575(uint8_t, TwoWire*)
   explicit PCF8575(const uint8_t deviceAddress = 0x20, TwoWire *wire = &amp;Wire);
            ^
/home/ec2-user/arduino-testlib/cli-datadir/user/libraries/PCF8575/PCF8575.h:35:12: note:   candidate expects 2 arguments, 3 provided
/home/ec2-user/arduino-testlib/cli-datadir/user/libraries/PCF8575/PCF8575.h:31:7: note: candidate: constexpr PCF8575::PCF8575(const PCF8575&amp;)
 class PCF8575
       ^
/home/ec2-user/arduino-testlib/cli-datadir/user/libraries/PCF8575/PCF8575.h:31:7: note:   candidate expects 1 argument, 3 provided
/home/ec2-user/arduino-testlib/cli-datadir/user/libraries/PCF8575/PCF8575.h:31:7: note: candidate: constexpr PCF8575::PCF8575(PCF8575&amp;&amp;)
/home/ec2-user/arduino-testlib/cli-datadir/user/libraries/PCF8575/PCF8575.h:31:7: note:   candidate expects 1 argument, 3 provided
/home/ec2-user/arduino-testlib/cli-datadir/user/libraries/PCF8575_library/examples/readAll_Interrupt/readAll_Interrupt.ino: In function &#39;void setup()&#39;:
/home/ec2-user/arduino-testlib/cli-datadir/user/libraries/PCF8575_library/examples/readAll_Interrupt/readAll_Interrupt.ino:24:10: error: &#39;class PCF8575&#39; has no member named &#39;pinMode&#39;
  pcf8575.pinMode(P0, INPUT);
          ^
/home/ec2-user/arduino-testlib/cli-datadir/user/libraries/PCF8575_library/examples/readAll_Interrupt/readAll_Interrupt.ino:24:18: error: &#39;P0&#39; was not declared in this scope
  pcf8575.pinMode(P0, INPUT);
                  ^
/home/ec2-user/arduino-testlib/cli-datadir/user/libraries/PCF8575_library/examples/readAll_Interrupt/readAll_Interrupt.ino:25:10: error: &#39;class PCF8575&#39; has no member named &#39;pinMode&#39;
  pcf8575.pinMode(P1, INPUT);
          ^
/home/ec2-user/arduino-testlib/cli-datadir/user/libraries/PCF8575_library/examples/readAll_Interrupt/readAll_Interrupt.ino:25:18: error: &#39;P1&#39; was not declared in this scope
  pcf8575.pinMode(P1, INPUT);
                  ^
/home/ec2-user/arduino-testlib/cli-datadir/user/libraries/PCF8575_library/examples/readAll_Interrupt/readAll_Interrupt.ino:26:10: error: &#39;class PCF8575&#39; has no member named &#39;pinMode&#39;
  pcf8575.pinMode(P2, INPUT);
          ^
/home/ec2-user/arduino-testlib/cli-datadir/user/libraries/PCF8575_library/examples/readAll_Interrupt/readAll_Interrupt.ino:26:18: error: &#39;P2&#39; was not declared in this scope
  pcf8575.pinMode(P2, INPUT);
                  ^
/home/ec2-user/arduino-testlib/cli-datadir/user/libraries/PCF8575_library/examples/readAll_Interrupt/readAll_Interrupt.ino:27:10: error: &#39;class PCF8575&#39; has no member named &#39;pinMode&#39;
  pcf8575.pinMode(P3, INPUT);
          ^
/home/ec2-user/arduino-testlib/cli-datadir/user/libraries/PCF8575_library/examples/readAll_Interrupt/readAll_Interrupt.ino:27:18: error: &#39;P3&#39; was not declared in this scope
  pcf8575.pinMode(P3, INPUT);
                  ^
/home/ec2-user/arduino-testlib/cli-datadir/user/libraries/PCF8575_library/examples/readAll_Interrupt/readAll_Interrupt.ino: In function &#39;void loop()&#39;:
/home/ec2-user/arduino-testlib/cli-datadir/user/libraries/PCF8575_library/examples/readAll_Interrupt/readAll_Interrupt.ino:39:3: error: &#39;DigitalInput&#39; is not a member of &#39;PCF8575&#39;
   PCF8575::DigitalInput di = pcf8575.digitalReadAll();
   ^
/home/ec2-user/arduino-testlib/cli-datadir/user/libraries/PCF8575_library/examples/readAll_Interrupt/readAll_Interrupt.ino:41:16: error: &#39;di&#39; was not declared in this scope
   Serial.print(di.p0);
                ^
Multiple libraries were found for &#34;PCF8575.h&#34;
  Used: /home/ec2-user/arduino-testlib/cli-datadir/user/libraries/PCF8575
  Not used: /home/ec2-user/arduino-testlib/cli-datadir/user/libraries/PCF8575_library
</pre>
					
					<h4>examples/readAll_Interrupt_lowMemory</h4>
					<p>
						Result: <b>FAIL</b>
					</p>
					<pre class="pre-scrollable">/home/ec2-user/arduino-testlib/cli-datadir/user/libraries/PCF8575_library/examples/readAll_Interrupt_lowMemory/readAll_Interrupt_lowMemory.ino:22:71: error: no matching function for call to &#39;PCF8575::PCF8575(int, int, void (&amp;)())&#39;
 PCF8575 pcf8575(0x20, ARDUINO_UNO_INTERRUPTED_PIN, keyChangedOnPCF8575);
                                                                       ^
In file included from /home/ec2-user/arduino-testlib/cli-datadir/user/libraries/PCF8575_library/examples/readAll_Interrupt_lowMemory/readAll_Interrupt_lowMemory.ino:9:0:
/home/ec2-user/arduino-testlib/cli-datadir/user/libraries/PCF8575/PCF8575.h:35:12: note: candidate: PCF8575::PCF8575(uint8_t, TwoWire*)
   explicit PCF8575(const uint8_t deviceAddress = 0x20, TwoWire *wire = &amp;Wire);
            ^
/home/ec2-user/arduino-testlib/cli-datadir/user/libraries/PCF8575/PCF8575.h:35:12: note:   candidate expects 2 arguments, 3 provided
/home/ec2-user/arduino-testlib/cli-datadir/user/libraries/PCF8575/PCF8575.h:31:7: note: candidate: constexpr PCF8575::PCF8575(const PCF8575&amp;)
 class PCF8575
       ^
/home/ec2-user/arduino-testlib/cli-datadir/user/libraries/PCF8575/PCF8575.h:31:7: note:   candidate expects 1 argument, 3 provided
/home/ec2-user/arduino-testlib/cli-datadir/user/libraries/PCF8575/PCF8575.h:31:7: note: candidate: constexpr PCF8575::PCF8575(PCF8575&amp;&amp;)
/home/ec2-user/arduino-testlib/cli-datadir/user/libraries/PCF8575/PCF8575.h:31:7: note:   candidate expects 1 argument, 3 provided
/home/ec2-user/arduino-testlib/cli-datadir/user/libraries/PCF8575_library/examples/readAll_Interrupt_lowMemory/readAll_Interrupt_lowMemory.ino: In function &#39;void setup()&#39;:
/home/ec2-user/arduino-testlib/cli-datadir/user/libraries/PCF8575_library/examples/readAll_Interrupt_lowMemory/readAll_Interrupt_lowMemory.ino:28:10: error: &#39;class PCF8575&#39; has no member named &#39;pinMode&#39;
  pcf8575.pinMode(P0, INPUT);
          ^
/home/ec2-user/arduino-testlib/cli-datadir/user/libraries/PCF8575_library/examples/readAll_Interrupt_lowMemory/readAll_Interrupt_lowMemory.ino:28:18: error: &#39;P0&#39; was not declared in this scope
  pcf8575.pinMode(P0, INPUT);
                  ^
/home/ec2-user/arduino-testlib/cli-datadir/user/libraries/PCF8575_library/examples/readAll_Interrupt_lowMemory/readAll_Interrupt_lowMemory.ino:29:10: error: &#39;class PCF8575&#39; has no member named &#39;pinMode&#39;
  pcf8575.pinMode(P1, INPUT);
          ^
/home/ec2-user/arduino-testlib/cli-datadir/user/libraries/PCF8575_library/examples/readAll_Interrupt_lowMemory/readAll_Interrupt_lowMemory.ino:29:18: error: &#39;P1&#39; was not declared in this scope
  pcf8575.pinMode(P1, INPUT);
                  ^
/home/ec2-user/arduino-testlib/cli-datadir/user/libraries/PCF8575_library/examples/readAll_Interrupt_lowMemory/readAll_Interrupt_lowMemory.ino:30:10: error: &#39;class PCF8575&#39; has no member named &#39;pinMode&#39;
  pcf8575.pinMode(P2, INPUT);
          ^
/home/ec2-user/arduino-testlib/cli-datadir/user/libraries/PCF8575_library/examples/readAll_Interrupt_lowMemory/readAll_Interrupt_lowMemory.ino:30:18: error: &#39;P2&#39; was not declared in this scope
  pcf8575.pinMode(P2, INPUT);
                  ^
/home/ec2-user/arduino-testlib/cli-datadir/user/libraries/PCF8575_library/examples/readAll_Interrupt_lowMemory/readAll_Interrupt_lowMemory.ino:31:10: error: &#39;class PCF8575&#39; has no member named &#39;pinMode&#39;
  pcf8575.pinMode(P3, INPUT);
          ^
/home/ec2-user/arduino-testlib/cli-datadir/user/libraries/PCF8575_library/examples/readAll_Interrupt_lowMemory/readAll_Interrupt_lowMemory.ino:31:18: error: &#39;P3&#39; was not declared in this scope
  pcf8575.pinMode(P3, INPUT);
                  ^
/home/ec2-user/arduino-testlib/cli-datadir/user/libraries/PCF8575_library/examples/readAll_Interrupt_lowMemory/readAll_Interrupt_lowMemory.ino: In function &#39;void loop()&#39;:
/home/ec2-user/arduino-testlib/cli-datadir/user/libraries/PCF8575_library/examples/readAll_Interrupt_lowMemory/readAll_Interrupt_lowMemory.ino:43:21: error: &#39;class PCF8575&#39; has no member named &#39;digitalReadAll&#39;
   byte di = pcf8575.digitalReadAll();
                     ^
Multiple libraries were found for &#34;PCF8575.h&#34;
  Used: /home/ec2-user/arduino-testlib/cli-datadir/user/libraries/PCF8575
  Not used: /home/ec2-user/arduino-testlib/cli-datadir/user/libraries/PCF8575_library
</pre>
					
				
			</div>
		</div>
	</div>
  </body>
</html>
