
<!doctype html>
<html lang="en">
  <head>
    <meta charset="utf-8">
    <meta name="viewport" content="width=device-width, initial-scale=1">
    <link href="https://cdn.jsdelivr.net/npm/bootstrap@5.0.2/dist/css/bootstrap.min.css" rel="stylesheet" integrity="sha384-EVSTQN3/azprG1Anm3QDgpJLIm9Nao0Yz1ztcQTwFspd3yD65VohhpuuCOmLASjC" crossorigin="anonymous">
    <title>arduino-testlib report</title>
	<style>
	.pass { background-color: #00FF00 !important; }
	.fail { background-color: #FF0000 !important; }
	</style>
  </head>
  <body>
	<div class="container">
		<div class="row">
			<div class="col">
				<h1>PlayRtttl - compatibility matrix</h1>
				<p>
					<small>This report was generated on Wednesday, 23-Feb-22 22:48:15 CET using 
					<a href="https://github.com/alranel/arduino-testlib">arduino-testlib</a>.</small>
				</p>

				<h2>PlayRtttl</h2>
				<p>
					Version: <b>1.4.2</b>
					<br />
					<a href="https://www.arduino.cc/reference/en/libraries/playrtttl/">More details</a>
				</p>

				<h2>Compatibility matrix</h2>
				<table class="table table-bordered">
					<tr>
						<th>Board</th>
						<th>Claims compatibility</th>
						<th>Inclusion</th>
						
						<th><pre>ReactionTimeTestGame</pre></th>
						
						<th><pre>LightToTone</pre></th>
						
						<th><pre>OneMelody</pre></th>
						
						<th><pre>PlayChristmasMelodyUSDistance</pre></th>
						
						<th><pre>RandomMelody</pre></th>
						
					</tr>
					
					<tr>
						<td>
							<a href="#arduino%3aavr%3auno"><b>arduino:avr:uno</b></a>
							<br />
							<small>1.8.4</small>
						</td>

						
							<td>Yes</td>
							<td class="pass">PASS</td>
						
						
						
						

						
							
								
									
										
									
										
									
										
									
										
									
										
											<td class="pass">PASS</td>
											
										
									
								
							
								
							
								
							
								
							
								
							
						
							
								
									
										
											
											<td class="fail">FAIL</td>
										
									
										
									
										
									
										
									
										
									
								
							
								
							
								
							
								
							
								
							
						
							
								
									
										
									
										
											<td class="pass">PASS</td>
											
										
									
										
									
										
									
										
									
								
							
								
							
								
							
								
							
								
							
						
							
								
									
										
									
										
									
										
											
											<td class="fail">FAIL</td>
										
									
										
									
										
									
								
							
								
							
								
							
								
							
								
							
						
							
								
									
										
									
										
									
										
									
										
											<td class="pass">PASS</td>
											
										
									
										
									
								
							
								
							
								
							
								
							
								
							
						
					</tr>
					
					<tr>
						<td>
							<a href="#arduino%3ambed_nano%3ananorp2040connect"><b>arduino:mbed_nano:nanorp2040connect</b></a>
							<br />
							<small>2.7.2</small>
						</td>

						
							<td>Yes</td>
							<td class="pass">PASS</td>
						
						
						
						

						
							
								
							
								
									
										
									
										
									
										
									
										
									
										
											
											<td class="fail">FAIL</td>
										
									
								
							
								
							
								
							
								
							
						
							
								
							
								
									
										
											
											<td class="fail">FAIL</td>
										
									
										
									
										
									
										
									
										
									
								
							
								
							
								
							
								
							
						
							
								
							
								
									
										
									
										
											<td class="pass">PASS</td>
											
										
									
										
									
										
									
										
									
								
							
								
							
								
							
								
							
						
							
								
							
								
									
										
									
										
									
										
											
											<td class="fail">FAIL</td>
										
									
										
									
										
									
								
							
								
							
								
							
								
							
						
							
								
							
								
									
										
									
										
									
										
									
										
											<td class="pass">PASS</td>
											
										
									
										
									
								
							
								
							
								
							
								
							
						
					</tr>
					
					<tr>
						<td>
							<a href="#arduino%3amegaavr%3anona4809"><b>arduino:megaavr:nona4809</b></a>
							<br />
							<small>1.8.7</small>
						</td>

						
							<td>Yes</td>
							<td class="pass">PASS</td>
						
						
						
						

						
							
								
							
								
							
								
									
										
									
										
									
										
									
										
									
										
											
											<td class="fail">FAIL</td>
										
									
								
							
								
							
								
							
						
							
								
							
								
							
								
									
										
											
											<td class="fail">FAIL</td>
										
									
										
									
										
									
										
									
										
									
								
							
								
							
								
							
						
							
								
							
								
							
								
									
										
									
										
											<td class="pass">PASS</td>
											
										
									
										
									
										
									
										
									
								
							
								
							
								
							
						
							
								
							
								
							
								
									
										
									
										
									
										
											
											<td class="fail">FAIL</td>
										
									
										
									
										
									
								
							
								
							
								
							
						
							
								
							
								
							
								
									
										
									
										
									
										
									
										
											<td class="pass">PASS</td>
											
										
									
										
									
								
							
								
							
								
							
						
					</tr>
					
					<tr>
						<td>
							<a href="#arduino%3asamd%3amkrwifi1010"><b>arduino:samd:mkrwifi1010</b></a>
							<br />
							<small>1.8.12</small>
						</td>

						
							<td>Yes</td>
							<td class="pass">PASS</td>
						
						
						
						

						
							
								
							
								
							
								
							
								
									
										
									
										
									
										
									
										
									
										
											
											<td class="fail">FAIL</td>
										
									
								
							
								
							
						
							
								
							
								
							
								
							
								
									
										
											
											<td class="fail">FAIL</td>
										
									
										
									
										
									
										
									
										
									
								
							
								
							
						
							
								
							
								
							
								
							
								
									
										
									
										
											<td class="pass">PASS</td>
											
										
									
										
									
										
									
										
									
								
							
								
							
						
							
								
							
								
							
								
							
								
									
										
									
										
									
										
											
											<td class="fail">FAIL</td>
										
									
										
									
										
									
								
							
								
							
						
							
								
							
								
							
								
							
								
									
										
									
										
									
										
									
										
											<td class="pass">PASS</td>
											
										
									
										
									
								
							
								
							
						
					</tr>
					
					<tr>
						<td>
							<a href="#esp32%3aesp32%3ad1_mini32"><b>esp32:esp32:d1_mini32</b></a>
							<br />
							<small>1.0.6</small>
						</td>

						
							<td>Yes</td>
							<td class="pass">PASS</td>
						
						
						
						

						
							
								
							
								
							
								
							
								
							
								
									
										
									
										
									
										
									
										
									
										
											
											<td class="fail">FAIL</td>
										
									
								
							
						
							
								
							
								
							
								
							
								
							
								
									
										
											
											<td class="fail">FAIL</td>
										
									
										
									
										
									
										
									
										
									
								
							
						
							
								
							
								
							
								
							
								
							
								
									
										
									
										
											<td class="pass">PASS</td>
											
										
									
										
									
										
									
										
									
								
							
						
							
								
							
								
							
								
							
								
							
								
									
										
									
										
									
										
											
											<td class="fail">FAIL</td>
										
									
										
									
										
									
								
							
						
							
								
							
								
							
								
							
								
							
								
									
										
									
										
									
										
									
										
											<td class="pass">PASS</td>
											
										
									
										
									
								
							
						
					</tr>
					
				</table>

				<h2>Compilation logs</h2>
				
				<h3 id="arduino:avr:uno">arduino:avr:uno @ 1.8.4</h3>
				<h4>Inclusion</h4>
				<p>
					Result: <b>PASS</b>
					
				</p>
				<pre class="pre-scrollable">Sketch uses 926 bytes (2%) of program storage space. Maximum is 32256 bytes.
Global variables use 26 bytes (1%) of dynamic memory, leaving 2022 bytes for local variables. Maximum is 2048 bytes.
</pre>

					
					<h4>examples/LightToTone</h4>
					<p>
						Result: <b>FAIL</b>
					</p>
					<pre class="pre-scrollable">In file included from /home/ec2-user/arduino-testlib/cli-datadir/user/libraries/PlayRtttl/examples/LightToTone/LightToTone.ino:36:0:
/home/ec2-user/arduino-testlib/cli-datadir/user/libraries/EasyButtonAtInt01/src/EasyButtonAtInt01.cpp.h:38:2: error: #error ------For version &gt;= 3.3.0 you must change: #include &#34;EasyButtonAtInt01.cpp.h&#34; to: #include &#34;EasyButtonAtInt01.hpp&#34;------
 #error  ------For version &gt;= 3.3.0 you must change: #include &#34;EasyButtonAtInt01.cpp.h&#34; to: #include &#34;EasyButtonAtInt01.hpp&#34;------
  ^~~~~

</pre>
					
					<h4>examples/OneMelody</h4>
					<p>
						Result: <b>PASS</b>
					</p>
					<pre class="pre-scrollable">Sketch uses 6826 bytes (21%) of program storage space. Maximum is 32256 bytes.
Global variables use 347 bytes (16%) of dynamic memory, leaving 1701 bytes for local variables. Maximum is 2048 bytes.
</pre>
					
					<h4>examples/PlayChristmasMelodyUSDistance</h4>
					<p>
						Result: <b>FAIL</b>
					</p>
					<pre class="pre-scrollable">In file included from /home/ec2-user/arduino-testlib/cli-datadir/user/libraries/PlayRtttl/examples/PlayChristmasMelodyUSDistance/PlayChristmasMelodyUSDistance.ino:41:0:
/home/ec2-user/arduino-testlib/cli-datadir/user/libraries/EasyButtonAtInt01/src/EasyButtonAtInt01.cpp.h:38:2: error: #error ------For version &gt;= 3.3.0 you must change: #include &#34;EasyButtonAtInt01.cpp.h&#34; to: #include &#34;EasyButtonAtInt01.hpp&#34;------
 #error  ------For version &gt;= 3.3.0 you must change: #include &#34;EasyButtonAtInt01.cpp.h&#34; to: #include &#34;EasyButtonAtInt01.hpp&#34;------
  ^~~~~

</pre>
					
					<h4>examples/RandomMelody</h4>
					<p>
						Result: <b>PASS</b>
					</p>
					<pre class="pre-scrollable">Sketch uses 9620 bytes (29%) of program storage space. Maximum is 32256 bytes.
Global variables use 241 bytes (11%) of dynamic memory, leaving 1807 bytes for local variables. Maximum is 2048 bytes.
</pre>
					
					<h4>examples/ReactionTimeTestGame</h4>
					<p>
						Result: <b>PASS</b>
					</p>
					<pre class="pre-scrollable">Sketch uses 11230 bytes (34%) of program storage space. Maximum is 32256 bytes.
Global variables use 413 bytes (20%) of dynamic memory, leaving 1635 bytes for local variables. Maximum is 2048 bytes.
</pre>
					
				
				<h3 id="arduino:mbed_nano:nanorp2040connect">arduino:mbed_nano:nanorp2040connect @ 2.7.2</h3>
				<h4>Inclusion</h4>
				<p>
					Result: <b>PASS</b>
					
				</p>
				<pre class="pre-scrollable">Sketch uses 78756 bytes (0%) of program storage space. Maximum is 16777216 bytes.
Global variables use 43444 bytes (16%) of dynamic memory, leaving 226892 bytes for local variables. Maximum is 270336 bytes.
</pre>

					
					<h4>examples/LightToTone</h4>
					<p>
						Result: <b>FAIL</b>
					</p>
					<pre class="pre-scrollable">WARNING: library EasyButtonAtInt01 claims to run on avr architecture(s) and may be incompatible with your current board which runs on mbed_nano architecture(s).
/home/ec2-user/arduino-testlib/cli-datadir/user/libraries/PlayRtttl/examples/LightToTone/LightToTone.ino:38:1: error: &#39;EasyButton&#39; does not name a type
 EasyButton Button0AtPin2;
 ^~~~~~~~~~
/home/ec2-user/arduino-testlib/cli-datadir/user/libraries/PlayRtttl/examples/LightToTone/LightToTone.ino: In function &#39;void loop()&#39;:
/home/ec2-user/arduino-testlib/cli-datadir/user/libraries/PlayRtttl/examples/LightToTone/LightToTone.ino:119:10: error: &#39;Button0AtPin2&#39; was not declared in this scope
     if (!Button0AtPin2.ButtonToggleState) {
          ^~~~~~~~~~~~~

</pre>
					
					<h4>examples/OneMelody</h4>
					<p>
						Result: <b>PASS</b>
					</p>
					<pre class="pre-scrollable">Sketch uses 81572 bytes (0%) of program storage space. Maximum is 16777216 bytes.
Global variables use 43592 bytes (16%) of dynamic memory, leaving 226744 bytes for local variables. Maximum is 270336 bytes.
</pre>
					
					<h4>examples/PlayChristmasMelodyUSDistance</h4>
					<p>
						Result: <b>FAIL</b>
					</p>
					<pre class="pre-scrollable">WARNING: library Talkie claims to run on avr, megaavr, samd, esp32, stm32, STM32F1 architecture(s) and may be incompatible with your current board which runs on mbed_nano architecture(s).
WARNING: library EasyButtonAtInt01 claims to run on avr architecture(s) and may be incompatible with your current board which runs on mbed_nano architecture(s).

</pre>
					
					<h4>examples/RandomMelody</h4>
					<p>
						Result: <b>PASS</b>
					</p>
					<pre class="pre-scrollable">Sketch uses 82140 bytes (0%) of program storage space. Maximum is 16777216 bytes.
Global variables use 43556 bytes (16%) of dynamic memory, leaving 226780 bytes for local variables. Maximum is 270336 bytes.
</pre>
					
					<h4>examples/ReactionTimeTestGame</h4>
					<p>
						Result: <b>FAIL</b>
					</p>
					<pre class="pre-scrollable">
</pre>
					
				
				<h3 id="arduino:megaavr:nona4809">arduino:megaavr:nona4809 @ 1.8.7</h3>
				<h4>Inclusion</h4>
				<p>
					Result: <b>PASS</b>
					
				</p>
				<pre class="pre-scrollable">Sketch uses 972 bytes (1%) of program storage space. Maximum is 49152 bytes.
Global variables use 27 bytes (0%) of dynamic memory, leaving 6117 bytes for local variables. Maximum is 6144 bytes.
</pre>

					
					<h4>examples/LightToTone</h4>
					<p>
						Result: <b>FAIL</b>
					</p>
					<pre class="pre-scrollable">WARNING: library EasyButtonAtInt01 claims to run on avr architecture(s) and may be incompatible with your current board which runs on megaavr architecture(s).
In file included from /home/ec2-user/arduino-testlib/cli-datadir/user/libraries/PlayRtttl/examples/LightToTone/LightToTone.ino:36:0:
/home/ec2-user/arduino-testlib/cli-datadir/user/libraries/EasyButtonAtInt01/src/EasyButtonAtInt01.cpp.h:38:2: error: #error ------For version &gt;= 3.3.0 you must change: #include &#34;EasyButtonAtInt01.cpp.h&#34; to: #include &#34;EasyButtonAtInt01.hpp&#34;------
 #error  ------For version &gt;= 3.3.0 you must change: #include &#34;EasyButtonAtInt01.cpp.h&#34; to: #include &#34;EasyButtonAtInt01.hpp&#34;------
  ^~~~~

</pre>
					
					<h4>examples/OneMelody</h4>
					<p>
						Result: <b>PASS</b>
					</p>
					<pre class="pre-scrollable">Sketch uses 6713 bytes (13%) of program storage space. Maximum is 49152 bytes.
Global variables use 320 bytes (5%) of dynamic memory, leaving 5824 bytes for local variables. Maximum is 6144 bytes.
</pre>
					
					<h4>examples/PlayChristmasMelodyUSDistance</h4>
					<p>
						Result: <b>FAIL</b>
					</p>
					<pre class="pre-scrollable">WARNING: library EasyButtonAtInt01 claims to run on avr architecture(s) and may be incompatible with your current board which runs on megaavr architecture(s).
In file included from /home/ec2-user/arduino-testlib/cli-datadir/user/libraries/Talkie/src/TalkieUtils.h:32:0,
                 from /home/ec2-user/arduino-testlib/cli-datadir/user/libraries/PlayRtttl/examples/PlayChristmasMelodyUSDistance/PlayChristmasMelodyUSDistance.ino:36:
/home/ec2-user/arduino-testlib/cli-datadir/user/libraries/Talkie/src/Talkie.h:52:2: error: #error Sorry, when using an AVR chip, Talkie requires Timer2. This board does not have one.
 #error Sorry, when using an AVR chip, Talkie requires Timer2. This board does not have one.
  ^~~~~
In file included from /home/ec2-user/arduino-testlib/cli-datadir/user/libraries/PlayRtttl/examples/PlayChristmasMelodyUSDistance/PlayChristmasMelodyUSDistance.ino:41:0:
/home/ec2-user/arduino-testlib/cli-datadir/user/libraries/EasyButtonAtInt01/src/EasyButtonAtInt01.cpp.h:38:2: error: #error ------For version &gt;= 3.3.0 you must change: #include &#34;EasyButtonAtInt01.cpp.h&#34; to: #include &#34;EasyButtonAtInt01.hpp&#34;------
 #error  ------For version &gt;= 3.3.0 you must change: #include &#34;EasyButtonAtInt01.cpp.h&#34; to: #include &#34;EasyButtonAtInt01.hpp&#34;------
  ^~~~~

</pre>
					
					<h4>examples/RandomMelody</h4>
					<p>
						Result: <b>PASS</b>
					</p>
					<pre class="pre-scrollable">Sketch uses 9449 bytes (19%) of program storage space. Maximum is 49152 bytes.
Global variables use 214 bytes (3%) of dynamic memory, leaving 5930 bytes for local variables. Maximum is 6144 bytes.
</pre>
					
					<h4>examples/ReactionTimeTestGame</h4>
					<p>
						Result: <b>FAIL</b>
					</p>
					<pre class="pre-scrollable">In file included from /home/ec2-user/arduino-testlib/cli-datadir/user/libraries/PlayRtttl/examples/ReactionTimeTestGame/TimerOne.cpp:18:0:
/home/ec2-user/arduino-testlib/cli-datadir/user/libraries/PlayRtttl/examples/ReactionTimeTestGame/TimerOne.h: In member function &#39;void TimerOne::initialize(long unsigned int)&#39;:
/home/ec2-user/arduino-testlib/cli-datadir/user/libraries/PlayRtttl/examples/ReactionTimeTestGame/TimerOne.h:180:2: error: &#39;TCCR1B&#39; was not declared in this scope
  TCCR1B = _BV(WGM13);        // ibraries/PlayRtttl/examples/ReactionTimeTestGame/TimerOne.h:180:2: error: &#39;TCCR1B&#39; was not declared in this scope
  TCCR1B = _BV(WGM13);        // set mode as phase and frequency correct pwm, stop the timer
  ^~~~~~
/home/ec2-user/arduino-testlib/cli-datadir/user/libraries/PlayRtttl/examples/ReactionTimeTestGame/TimerOne.h:180:2: note: suggested alternative: &#39;TCB1&#39;
  TCCR1B = _BV(WGM13);        // set mode as phase and frequency correct pwm, stop the timer
  ^~~~~~
  TCB1
In file included from /home/ec2-user/arduino-testlib/cli-datadir/data/packages/arduino/tools/avr-gcc/7.3.0-atmel3.6.1-arduino5/avr/include/avr/io.h:99:0,
                 from /home/ec2-user/arduino-testlib/cli-datadir/data/packages/arduino/tools/avr-gcc/7.3.0-atmel3.6.1-arduino5/avr/include/avr/pgmspace.h:90,
                 from /home/ec2-user/arduino-testlib/cli-datadir/data/packages/arduino/hardware/megaavr/1.8.7/cores/arduino/api/String.h:31,
                 from /home/ec2-user/arduino-testlib/cli-datadir/data/packages/arduino/hardware/megaavr/1.8.7/cores/arduino/api/IPAddress.h:24,
                 from /home/ec2-user/arduino-testlib/cli-datadir/data/packages/arduino/hardware/megaavr/1.8.7/cores/arduino/api/ArduinoAPI.h:30,
                 from /home/ec2-user/arduino-testlib/cli-datadir/data/packages/arduino/hardware/megaavr/1.8.7/cores/arduino/Arduino.h:23,
                 from /home/ec2-user/arduino-testlib/cli-datadir/user/libraries/PlayRtttl/examples/ReactionTimeTestGame/TimerOne.h:21,
                 from /home/ec2-user/arduino-testlib/cli-datadir/user/libraries/PlayRtttl/examples/ReactionTimeTestGame/MultiFuncShield.h:1,
                 from /home/ec2-user/arduino-testlib/cli-datadir/user/libraries/PlayRtttl/examples/ReactionTimeTestGame/MultiFuncShield.cpp:1:
/home/ec2-user/arduino-testlib/cli-datadir/user/libraries/PlayRtttl/examples/ReactionTimeTestGame/TimerOne.h:180:15: error: &#39;WGM13&#39; was not declared in this scope
  TCCR1B = _BV(WGM13);        // set mode as phase and frequency correct pwm, stop the timer
               ^
s scope
  TCCR1A = 0;                 // clear control register A
  ^~~~~~
/home/ec2-user/arduino-testlib/cli-datadir/user/libraries/PlayRtttl/examples/ReactionTimeTestGame/TimerOne.h:181:2: note: suggested alternative: &#39;TCB1&#39;
  TCCR1A = 0;                 // clear control register A
  ^~~~~~
  TCB1
In file included from /home/ec2-user/arduino-testlib/cli-datadir/data/packages/arduino/tools/avr-gcc/7.3.0-atmel3.6.1-arduino5/avr/include/avr/io.h:99:0,
                 from /home/ec2-user/arduino-testlib/cli-data/home/ec2-user/arduino-testlib/cli-datadir/user/libraries/PlayRtttl/examples/ReactionTimeTestGame/TimerOne.h:181:2: note: suggested alternative: &#39;TCB1&#39;
  TCCR1A = 0;                 // clear control register A
  ^~~~~~
  TCB1
In file included from /home/ec2-user/arduino-testlib/cli-datadir/data/packages/arduino/tools/avr-gcc/7.3.0-atmel3.6.1-arduino5/avr/include/avr/io.h:99:0,
                 from /home/ec2-user/arduino-testlib/cli-datadir/data/packages/arduino/tools/avr-gcc/7.3.0-atmel3.6.1-arduino5/avr/include/avr/pgmspace.h:90,
                 from /home/ec2-user/arduino-testlib/cli-datadir/data/packages/arduino/hardware/megaavr/1.8.7/cores/arduino/api/String.h:31,
                 from /home/ec2-user/arduino-testlib/cli-datadir/data/packages/arduino/hardware/megaavr/1.8.7/cores/arduino/api/IPAddress.h:24,
                 from /home/ec2-user/arduino-testlib/cli-datadir/data/packages/arduino/hardware/megaavr/1.8.7/cores/arduino/api/ArduinoAPI.h:30,
                 from /home/ec2-user/arduino-testlib/cli-datadir/data/packages/arduino/hardware/megaavr/1.8.7/cores/arduino/Arduino.h:23,
                 from /home/ec2-user/arduino-testlib/cli-datadir/user/libraries/PlayRtttl/examples/ReactionTimeTestGame/TimerOne.h:21,
                 from /home/ec2-user/arduino-testlib/cli-datadir/user/libraries/PlayRtttl/examples/ReactionTimeTestGame/MultiFuncShield.h:1,
                 from /home/ec2-user/arduino-testlib/cli-datadir/user/libraries/PlayRtttl/examples/ReactionTimeTestGame/MultiFuncShield.cpp:1:
/home/ec2-user/arduino-testlib/cli-datadir/user/libraries/PlayRtttl/examples/ReactionTimeTestGame/TimerOne.h: In member function &#39;void TimerOne::setPeriod(long unsigned int)&#39;:
/home/ec2-user/arduino-testlib/cli-datadir/user/libraries/PlayRtttl/examples/ReactionTimeTestGame/TimerOne.h:187:25: error: &#39;CS10&#39; was not declared in this scope
   clockSelectBits = _BV(CS10);
                         ^
/home/ec2-user/arduino-testlib/cli-datadir/user/libraries/PlayRtttl/examples/ReactionTimeTestGame/TimerOne.h:187:25: note: suggested alternative: &#39;B110&#39;
/home/ec2-user/arduino-testlib/cli-datadir/user/libraries/PlayRtttl/examples/ReactionTimeTestGame/TimerOne.h:191:25: error: &#39;CS11&#39; was not declared in this scope
   clockSelectBits = _BV(CS11);
                         ^
/home/ec2-user/arduino-testlib/cli-datadir/user/libraries/PlayRtttl/examples/ReactionTimeTestGame/TimerOne.h:191:25: note: suggested alternative: &#39;B111&#39;
/home/ec2-user/arduino-testlib/cli-datadir/user/libraries/PlayRtttl/examples/ReactionTimeTestGame/TimerOne.h:195:25: error: &#39;CS11&#39; was not declared in this scope
   clockSelectBits = _BV(CS11) | _/home/ec2-user/arduino-testlib/cli-da/home/ec2-user/arduino-testlib/cli-datadir/user/libraries/PlayRtttl/examples/ReactionTimeTestGame/TimerOne.h:195:25: note: suggested alternative: &#39;B111&#39;
/home/ec2-user/arduino-testlib//home/ec2-user/arduino-testlib/cli-datadir/user/libraries/PlayRtttl/examples/ReactionTimeTestGame/TimerOne.h:203:25: error: &#39;CS12&#39; was not declared in this scope
   clockSelectBits = _BV(CS12) | _BV(CS10);
        /home/ec2-user/ardu/home/ec2-user/arduino-testlib/cli-datadir/user/libraries/PlayRtttl/examples/ReactionTimeTestGame/TimerOne.h:203:37: error: &#39;CS10&#39; was not declared in this scope
   clockSelectBits = _BV(CS12) | _BV(CS10);
                                     ^
/home/ec2-user/arduino-testlib/cli-datadir/user/libraries/PlayRtttl/examples/ReactionTimeTestGame/TimerOne.h:203:37: note: suggested alternative: &#39;B110&#39;
/home/ec2-user/arduino-testlib/cli-datadir/user/libraries/PlayRtttl/examples/ReactionTimeTestGame/TimerOne.h:206:25: error: &#39;CS12&#39; was not declared in this scope
   clockSelectBits = _BV(CS1/home/ec2-user/arduino-testlib/cli-datadir//home/ec2-user/arduino-testlib/cli-datadir/user/libraries/PlayRtttl/examples/ReactionTimeTestGame/TimerOne.h:206:37: error: &#39;CS10&#39; was not declared in this scope
   clockSelectBits = _BV(CS12) | _BV(CS1/home/ec2-user/arduino-testlib/cli-datadir/user/libraries/PlayRtttl/examples/ReactionTimeTestGame/TimerOne.h:203:37: note: suggested alternative: &#39;B110&#39;
/home/ec2-user/arduino-testlib/cli-datadir/In file included from /home/ec2-user/arduino-testlib/cli-datadir/user/libraries/PlayRtttl/examples/ReactionTimeTestGame/TimerOne.cpp:18:0:
/home/ec2-user/arduino-testlib/cli-datadir/user/lib/home/ec2-user/arduino-testlib/cli-datadir/user/libraries/PlayRtttl/examples/ReactionTimeTestGame/TimerOne.h:206:37: error: &#39;CS10&#39; was no/home/ec2-user/arduino-testlib/cli-datadir/user/libraries/PlayRtttl/examples/ReactionTimeTestGame/TimerOne.h/home/ec2-user/arduino-testlib/cli-datadir/user/libraries/PlayRtttl/examples/ReactionTimeTestGame/TimerOne.h:206:37: note: suggested alternative: &#39;B110&#39;
In file included from /home/ec2-user/arduino-testlib/cli-datadir/user/libraries/PlayRtttl/examples/ReactionTimeTestGame/MultiFuncShield.h:/home/ec2-user/arduino-testlib/cli-datadir/user/libraries/PlayRtttl/examples/ReactionTimeTestGame/TimerOne.h:210:2: note: suggested alternative: &#39;TCB1&#39;
  TCCR1B = _BV(WGM13) | clockSelectBits;
  ^~~~~~
  TCB1
In file included from /home/ec2-user/arduino-testlib/cli-datadir/data/packages/arduino/tools/avr-gcc/7.3.0-atmel3.6.1-arduino5/avr/include/avr/io.h:99:0,
                 from /home/ec2-user/arduino-testlib/cli-datadir/data/packages/arduino/tools/avr-gcc/7.3.0-atmel3.6.1-arduino5/avr/include/avr/pgmspace.h:90,
                 from /home/ec2-user/arduino-testlib/cli-datadir/data/packages/arduino/hardware/megaavr/1.8.7/cores/arduino/api/String.h:31,
                 from /home/ec2-user/arduino-testlib/cli-datadir/data/pac/home/ec2-user/arduino-testlib/cli-datadir/user/libraries/PlayRtttl/examples/ReactionTimeTestGame/TimerOne.h:210:2: note: suggested alternative: &#39;TCB1&#39;
  TCCR1B = _BV(WGM13) | clockSelectBits;
  ^~~~~~
  TCB1
In file included from /home/ec2-user/arduino-testlib/cli-datadir/data/packages/arduino/tools/avr-gcc/7.3.0-atmel3.6.1-arduino5/avr/include/avr/io.h:99:0,
                 from /home/ec2-user/arduino-testlib/cli-datadir/data/packages/arduino/tools/avr-gcc/7.3.0-atmel3.6.1-arduino5/avr/include/avr/pgmspace.h:90,
                 from /home/ec2-user/arduino-testlib/cli-datadir/data/packages/arduino/hardware/megaavr/1.8.7/cores/arduino/api/String.h:31,
                 from /home/ec2-user/arduino-testlib/cli-datadir/data/packages/arduino/hardware/megaavr/1.8.7/cores/arduino/api/IPAddress.h:24,
                 from /home/ec2-user/arduino-testlib/cli-datadir/data/packages/arduino/hardware/megaavr/1.8.7/cores/arduino/api/ArduinoAPI.h:30,
                 from /home/ec2-user/arduino-testlib/cli-datadir/data/packages/arduino/hardware/megaavr/1.8.7/cores/arduino/Arduino.h:23,
                 from /home/ec2-user/arduino-testlib/cli-datadir/user/libraries/PlayRtttl/examples/ReactionTimeTestGame/TimerOne.h:21,
                 from /home/ec2-user/arduino-testlib/cli-datadir/user/libraries/PlayRtttl/examples/Reac/home/e</pre>
					
				
				<h3 id="arduino:samd:mkrwifi1010">arduino:samd:mkrwifi1010 @ 1.8.12</h3>
				<h4>Inclusion</h4>
				<p>
					Result: <b>PASS</b>
					
				</p>
				<pre class="pre-scrollable">Sketch uses 12308 bytes (4%) of program storage space. Maximum is 262144 bytes.
Global variables use 3020 bytes (9%) of dynamic memory, leaving 29748 bytes for local variables. Maximum is 32768 bytes.
</pre>

					
					<h4>examples/LightToTone</h4>
					<p>
						Result: <b>FAIL</b>
					</p>
					<pre class="pre-scrollable">WARNING: library EasyButtonAtInt01 claims to run on avr architecture(s) and may be incompatible with your current board which runs on samd architecture(s).
/home/ec2-user/arduino-testlib/cli-datadir/user/libraries/PlayRtttl/examples/LightToTone/LightToTone.ino:38:1: error: &#39;EasyButton&#39; does not name a type
 EasyButton Button0AtPin2;
 ^~~~~~~~~~
/home/ec2-user/arduino-testlib/cli-datadir/user/libraries/PlayRtttl/examples/LightToTone/LightToTone.ino: In function &#39;void loop()&#39;:
/home/ec2-user/arduino-testlib/cli-datadir/user/libraries/PlayRtttl/examples/LightToTone/LightToTone.ino:119:10: error: &#39;Button0AtPin2&#39; was not declared in this scope
     if (!Button0AtPin2.ButtonToggleState) {
          ^~~~~~~~~~~~~

</pre>
					
					<h4>examples/OneMelody</h4>
					<p>
						Result: <b>PASS</b>
					</p>
					<pre class="pre-scrollable">Sketch uses 16912 bytes (6%) of program storage space. Maximum is 262144 bytes.
Global variables use 3188 bytes (9%) of dynamic memory, leaving 29580 bytes for local variables. Maximum is 32768 bytes.
</pre>
					
					<h4>examples/PlayChristmasMelodyUSDistance</h4>
					<p>
						Result: <b>FAIL</b>
					</p>
					<pre class="pre-scrollable">WARNING: library EasyButtonAtInt01 claims to run on avr architecture(s) and may be incompatible with your current board which runs on samd architecture(s).

</pre>
					
					<h4>examples/RandomMelody</h4>
					<p>
						Result: <b>PASS</b>
					</p>
					<pre class="pre-scrollable">Sketch uses 18760 bytes (7%) of program storage space. Maximum is 262144 bytes.
Global variables use 3076 bytes (9%) of dynamic memory, leaving 29692 bytes for local variables. Maximum is 32768 bytes.
</pre>
					
					<h4>examples/ReactionTimeTestGame</h4>
					<p>
						Result: <b>FAIL</b>
					</p>
					<pre class="pre-scrollable">
</pre>
					
				
				<h3 id="esp32:esp32:d1_mini32">esp32:esp32:d1_mini32 @ 1.0.6</h3>
				<h4>Inclusion</h4>
				<p>
					Result: <b>PASS</b>
					
				</p>
				<pre class="pre-scrollable">Sketch uses 198402 bytes (15%) of program storage space. Maximum is 1310720 bytes.
Global variables use 13096 bytes (3%) of dynamic memory, leaving 314584 bytes for local variables. Maximum is 327680 bytes.
</pre>

					
					<h4>examples/LightToTone</h4>
					<p>
						Result: <b>FAIL</b>
					</p>
					<pre class="pre-scrollable">WARNING: library EasyButtonAtInt01 claims to run on avr architecture(s) and may be incompatible with your current board which runs on esp32 architecture(s).
/home/ec2-user/arduino-testlib/cli-datadir/user/libraries/PlayRtttl/examples/LightToTone/LightToTone.ino:38:1: error: &#39;EasyButton&#39; does not name a type
 EasyButton Button0AtPin2;
 ^
/home/ec2-user/arduino-testlib/cli-datadir/user/libraries/PlayRtttl/examples/LightToTone/LightToTone.ino: In function &#39;void loop()&#39;:
/home/ec2-user/arduino-testlib/cli-datadir/user/libraries/PlayRtttl/examples/LightToTone/LightToTone.ino:119:10: error: &#39;Button0AtPin2&#39; was not declared in this scope
     if (!Button0AtPin2.ButtonToggleState) {
          ^
/home/ec2-user/arduino-testlib/cli-datadir/user/libraries/PlayRtttl/examples/LightToTone/LightToTone.ino:130:34: error: &#39;tone&#39; was not declared in this scope
         tone(TONE_PIN, tFrequency);
                                  ^
/home/ec2-user/arduino-testlib/cli-datadir/user/libraries/PlayRtttl/examples/LightToTone/LightToTone.ino:167:43: error: &#39;tone&#39; was not declared in this scope
             tone(TONE_PIN, tLightValue * 4);
                                           ^

</pre>
					
					<h4>examples/OneMelody</h4>
					<p>
						Result: <b>PASS</b>
					</p>
					<pre class="pre-scrollable">Sketch uses 209942 bytes (16%) of program storage space. Maximum is 1310720 bytes.
Global variables use 13576 bytes (4%) of dynamic memory, leaving 314104 bytes for local variables. Maximum is 327680 bytes.
</pre>
					
					<h4>examples/PlayChristmasMelodyUSDistance</h4>
					<p>
						Result: <b>FAIL</b>
					</p>
					<pre class="pre-scrollable">WARNING: library EasyButtonAtInt01 claims to run on avr architecture(s) and may be incompatible with your current board which runs on esp32 architecture(s).

</pre>
					
					<h4>examples/RandomMelody</h4>
					<p>
						Result: <b>PASS</b>
					</p>
					<pre class="pre-scrollable">Sketch uses 227118 bytes (17%) of program storage space. Maximum is 1310720 bytes.
Global variables use 13496 bytes (4%) of dynamic memory, leaving 314184 bytes for local variables. Maximum is 327680 bytes.
</pre>
					
					<h4>examples/ReactionTimeTestGame</h4>
					<p>
						Result: <b>FAIL</b>
					</p>
					<pre class="pre-scrollable">
</pre>
					
				
			</div>
		</div>
	</div>
  </body>
</html>
