
<!doctype html>
<html lang="en">
  <head>
    <meta charset="utf-8">
    <meta name="viewport" content="width=device-width, initial-scale=1">
    <link href="https://cdn.jsdelivr.net/npm/bootstrap@5.0.2/dist/css/bootstrap.min.css" rel="stylesheet" integrity="sha384-EVSTQN3/azprG1Anm3QDgpJLIm9Nao0Yz1ztcQTwFspd3yD65VohhpuuCOmLASjC" crossorigin="anonymous">
    <title>arduino-testlib report</title>
	<style>
	.pass { background-color: #00FF00 !important; }
	.fail { background-color: #FF0000 !important; }
	</style>
  </head>
  <body>
	<div class="container">
		<div class="row">
			<div class="col">
				<h1>Ponoor L6470 Library - compatibility matrix</h1>
				<p>
					<small>This report was generated on Wednesday, 23-Feb-22 22:48:15 CET using 
					<a href="https://github.com/alranel/arduino-testlib">arduino-testlib</a>.</small>
				</p>

				<h2>Ponoor L6470 Library</h2>
				<p>
					Version: <b>1.0.3</b>
					<br />
					<a href="https://www.arduino.cc/reference/en/libraries/ponoor-l6470-library/">More details</a>
				</p>

				<h2>Compatibility matrix</h2>
				<table class="table table-bordered">
					<tr>
						<th>Board</th>
						<th>Claims compatibility</th>
						<th>Inclusion</th>
						
						<th><pre>SparkFunGetSetParamTest</pre></th>
						
						<th><pre>SparkFunLibraryTest</pre></th>
						
						<th><pre>SparkFundSPINexample</pre></th>
						
						<th><pre>gantry</pre></th>
						
					</tr>
					
					<tr>
						<td>
							<a href="#arduino%3aavr%3auno"><b>arduino:avr:uno</b></a>
							<br />
							<small>1.8.4</small>
						</td>

						
							<td>Yes</td>
							<td class="pass">PASS</td>
						
						
						
						

						
							
								
									
										
											
											<td class="fail">FAIL</td>
										
									
										
									
										
									
										
									
								
							
								
							
								
							
								
							
								
							
						
							
								
									
										
									
										
											
											<td class="fail">FAIL</td>
										
									
										
									
										
									
								
							
								
							
								
							
								
							
								
							
						
							
								
									
										
									
										
									
										
											<td class="pass">PASS</td>
											
										
									
										
									
								
							
								
							
								
							
								
							
								
							
						
							
								
									
										
									
										
									
										
									
										
											
											<td class="fail">FAIL</td>
										
									
								
							
								
							
								
							
								
							
								
							
						
					</tr>
					
					<tr>
						<td>
							<a href="#arduino%3ambed_nano%3ananorp2040connect"><b>arduino:mbed_nano:nanorp2040connect</b></a>
							<br />
							<small>2.7.2</small>
						</td>

						
							<td>Yes</td>
							<td class="pass">PASS</td>
						
						
						
						

						
							
								
							
								
									
										
											
											<td class="fail">FAIL</td>
										
									
										
									
										
									
										
									
								
							
								
							
								
							
								
							
						
							
								
							
								
									
										
									
										
											
											<td class="fail">FAIL</td>
										
									
										
									
										
									
								
							
								
							
								
							
								
							
						
							
								
							
								
									
										
									
										
									
										
											
											<td class="fail">FAIL</td>
										
									
										
									
								
							
								
							
								
							
								
							
						
							
								
							
								
									
										
									
										
									
										
									
										
											
											<td class="fail">FAIL</td>
										
									
								
							
								
							
								
							
								
							
						
					</tr>
					
					<tr>
						<td>
							<a href="#arduino%3amegaavr%3anona4809"><b>arduino:megaavr:nona4809</b></a>
							<br />
							<small>1.8.7</small>
						</td>

						
							<td>Yes</td>
							<td class="pass">PASS</td>
						
						
						
						

						
							
								
							
								
							
								
									
										
											
											<td class="fail">FAIL</td>
										
									
										
									
										
									
										
									
								
							
								
							
								
							
						
							
								
							
								
							
								
									
										
									
										
											
											<td class="fail">FAIL</td>
										
									
										
									
										
									
								
							
								
							
								
							
						
							
								
							
								
							
								
									
										
									
										
									
										
											
											<td class="fail">FAIL</td>
										
									
										
									
								
							
								
							
								
							
						
							
								
							
								
							
								
									
										
									
										
									
										
									
										
											
											<td class="fail">FAIL</td>
										
									
								
							
								
							
								
							
						
					</tr>
					
					<tr>
						<td>
							<a href="#arduino%3asamd%3amkrwifi1010"><b>arduino:samd:mkrwifi1010</b></a>
							<br />
							<small>1.8.12</small>
						</td>

						
							<td>Yes</td>
							<td class="pass">PASS</td>
						
						
						
						

						
							
								
							
								
							
								
							
								
									
										
											
											<td class="fail">FAIL</td>
										
									
										
									
										
									
										
									
								
							
								
							
						
							
								
							
								
							
								
							
								
									
										
									
										
											
											<td class="fail">FAIL</td>
										
									
										
									
										
									
								
							
								
							
						
							
								
							
								
							
								
							
								
									
										
									
										
									
										
											
											<td class="fail">FAIL</td>
										
									
										
									
								
							
								
							
						
							
								
							
								
							
								
							
								
									
										
									
										
									
										
									
										
											
											<td class="fail">FAIL</td>
										
									
								
							
								
							
						
					</tr>
					
					<tr>
						<td>
							<a href="#esp32%3aesp32%3ad1_mini32"><b>esp32:esp32:d1_mini32</b></a>
							<br />
							<small>1.0.6</small>
						</td>

						
							<td>Yes</td>
							<td class="pass">PASS</td>
						
						
						
						

						
							
								
							
								
							
								
							
								
							
								
									
										
											
											<td class="fail">FAIL</td>
										
									
										
									
										
									
										
									
								
							
						
							
								
							
								
							
								
							
								
							
								
									
										
									
										
											
											<td class="fail">FAIL</td>
										
									
										
									
										
									
								
							
						
							
								
							
								
							
								
							
								
							
								
									
										
									
										
									
										
											
											<td class="fail">FAIL</td>
										
									
										
									
								
							
						
							
								
							
								
							
								
							
								
							
								
									
										
									
										
									
										
									
										
											
											<td class="fail">FAIL</td>
										
									
								
							
						
					</tr>
					
				</table>

				<h2>Compilation logs</h2>
				
				<h3 id="arduino:avr:uno">arduino:avr:uno @ 1.8.4</h3>
				<h4>Inclusion</h4>
				<p>
					Result: <b>PASS</b>
					
				</p>
				<pre class="pre-scrollable">Sketch uses 444 bytes (1%) of program storage space. Maximum is 32256 bytes.
Global variables use 9 bytes (0%) of dynamic memory, leaving 2039 bytes for local variables. Maximum is 2048 bytes.
</pre>

					
					<h4>examples/SparkFunGetSetParamTest</h4>
					<p>
						Result: <b>FAIL</b>
					</p>
					<pre class="pre-scrollable">/home/ec2-user/arduino-testlib/cli-datadir/user/libraries/Ponoor_L6470_Library/examples/SparkFunGetSetParamTest/SparkFunGetSetParamTest.ino:1:10: fatal error: SparkFunAutoDriver.h: No such file or directory
 #include &lt;SparkFunAutoDriver.h&gt;
          ^~~~~~~~~~~~~~~~~~~~~~
compilation terminated.

</pre>
					
					<h4>examples/SparkFunLibraryTest</h4>
					<p>
						Result: <b>FAIL</b>
					</p>
					<pre class="pre-scrollable">/home/ec2-user/arduino-testlib/cli-datadir/user/libraries/Ponoor_L6470_Library/examples/SparkFunLibraryTest/SparkFunLibraryTest.ino:1:10: fatal error: SparkFunAutoDriver.h: No such file or directory
 #include &lt;SparkFunAutoDriver.h&gt;
          ^~~~~~~~~~~~~~~~~~~~~~
compilation terminated.

</pre>
					
					<h4>examples/SparkFundSPINexample</h4>
					<p>
						Result: <b>PASS</b>
					</p>
					<pre class="pre-scrollable">Sketch uses 2886 bytes (8%) of program storage space. Maximum is 32256 bytes.
Global variables use 189 bytes (9%) of dynamic memory, leaving 1859 bytes for local variables. Maximum is 2048 bytes.
</pre>
					
					<h4>examples/gantry</h4>
					<p>
						Result: <b>FAIL</b>
					</p>
					<pre class="pre-scrollable">/home/ec2-user/arduino-testlib/cli-datadir/user/libraries/Ponoor_L6470_Library/examples/gantry/gantry.ino:19:10: fatal error: SparkFunAutoDriver.h: No such file or directory
 #include &lt;SparkFunAutoDriver.h&gt;
          ^~~~~~~~~~~~~~~~~~~~~~
compilation terminated.

</pre>
					
				
				<h3 id="arduino:mbed_nano:nanorp2040connect">arduino:mbed_nano:nanorp2040connect @ 2.7.2</h3>
				<h4>Inclusion</h4>
				<p>
					Result: <b>PASS</b>
					
				</p>
				<pre class="pre-scrollable">Sketch uses 80722 bytes (0%) of program storage space. Maximum is 16777216 bytes.
Global variables use 43616 bytes (16%) of dynamic memory, leaving 226720 bytes for local variables. Maximum is 270336 bytes.
</pre>

					
					<h4>examples/SparkFunGetSetParamTest</h4>
					<p>
						Result: <b>FAIL</b>
					</p>
					<pre class="pre-scrollable">/home/ec2-user/arduino-testlib/cli-datadir/user/libraries/Ponoor_L6470_Library/examples/SparkFunGetSetParamTest/SparkFunGetSetParamTest.ino:1:10: fatal error: SparkFunAutoDriver.h: No such file or directory
 #include &lt;SparkFunAutoDriver.h&gt;
          ^~~~~~~~~~~~~~~~~~~~~~
compilation terminated.

</pre>
					
					<h4>examples/SparkFunLibraryTest</h4>
					<p>
						Result: <b>FAIL</b>
					</p>
					<pre class="pre-scrollable">/home/ec2-user/arduino-testlib/cli-datadir/user/libraries/Ponoor_L6470_Library/examples/SparkFunLibraryTest/SparkFunLibraryTest.ino:1:10: fatal error: SparkFunAutoDriver.h: No such file or directory
 #include &lt;SparkFunAutoDriver.h&gt;
          ^~~~~~~~~~~~~~~~~~~~~~
compilation terminated.

</pre>
					
					<h4>examples/SparkFundSPINexample</h4>
					<p>
						Result: <b>FAIL</b>
					</p>
					<pre class="pre-scrollable">/home/ec2-user/arduino-testlib/cli-datadir/user/libraries/Ponoor_L6470_Library/examples/SparkFundSPINexample/SparkFundSPINexample.ino: In function &#39;void setup()&#39;:
/home/ec2-user/arduino-testlib/cli-datadir/user/libraries/Ponoor_L6470_Library/examples/SparkFundSPINexample/SparkFundSPINexample.ino:198:3: error: &#39;TCCR1A&#39; was not declared in this scope
   TCCR1A = 0;  // No waveform generation stuff.
   ^~~~~~
/home/ec2-user/arduino-testlib/cli-datadir/user/libraries/Ponoor_L6470_Library/examples/SparkFundSPINexample/SparkFundSPINexample.ino:199:3: error: &#39;TCCR1B&#39; was not declared in this scope
   TCCR1B = B00000110; // Clock on falling edge, T1 pin.
   ^~~~~~
/home/ec2-user/arduino-testlib/cli-datadir/user/libraries/Ponoor_L6470_Library/examples/SparkFundSPINexample/SparkFundSPINexample.ino:200:3: error: &#39;TCNT1&#39; was not declared in this scope
   TCNT1 = 0;   // Clear the count.
   ^~~~~
/home/ec2-user/arduino-testlib/cli-datadir/user/libraries/Ponoor_L6470_Library/examples/SparkFundSPINexample/SparkFundSPINexample.ino:200:3: note: suggested alternative: &#39;SCNd16&#39;
   TCNT1 = 0;   // Clear the count.
   ^~~~~
   SCNd16
/home/ec2-user/arduino-testlib/cli-datadir/user/libraries/Ponoor_L6470_Library/examples/SparkFundSPINexample/SparkFundSPINexample.ino: In function &#39;void loop()&#39;:
/home/ec2-user/arduino-testlib/cli-datadir/user/libraries/Ponoor_L6470_Library/examples/SparkFundSPINexample/SparkFundSPINexample.ino:213:18: error: &#39;TCNT1&#39; was not declared in this scope
   Serial.println(TCNT1, DEC);
                  ^~~~~
/home/ec2-user/arduino-testlib/cli-datadir/user/libraries/Ponoor_L6470_Library/examples/SparkFundSPINexample/SparkFundSPINexample.ino:213:18: note: suggested alternative: &#39;SCNd16&#39;
   Serial.println(TCNT1, DEC);
                  ^~~~~
                  SCNd16
/home/ec2-user/arduino-testlib/cli-datadir/user/libraries/Ponoor_L6470_Library/examples/SparkFundSPINexample/SparkFundSPINsupport.ino: In function &#39;void dSPIN_init()&#39;:
/home/ec2-user/arduino-testlib/cli-datadir/user/libraries/Ponoor_L6470_Library/examples/SparkFundSPINexample/SparkFundSPINsupport.ino:164:7: error: &#39;class arduino::MbedSPI&#39; has no member named &#39;setBitOrder&#39;
   SPI.setBitOrder(MSBFIRST);
       ^~~~~~~~~~~
/home/ec2-user/arduino-testlib/cli-datadir/user/libraries/Ponoor_L6470_Library/examples/SparkFundSPINexample/SparkFundSPINsupport.ino:165:7: error: &#39;class arduino::MbedSPI&#39; has no member named &#39;setClockDivider&#39;
   SPI.setClockDivider(SPI_CLOCK_DIV16); // or 2, 8, 16, 32, 64
       ^~~~~~~~~~~~~~~
/home/ec2-user/arduino-testlib/cli-datadir/user/libraries/Ponoor_L6470_Library/examples/SparkFundSPINexample/SparkFundSPINsupport.ino:165:23: error: &#39;SPI_CLOCK_DIV16&#39; was not declared in this scope
   SPI.setClockDivider(SPI_CLOCK_DIV16); // or 2, 8, 16, 32, 64
                       ^~~~~~~~~~~~~~~
/home/ec2-user/arduino-testlib/cli-datadir/user/libraries/Ponoor_L6470_Library/examples/SparkFundSPINexample/SparkFundSPINsupport.ino:165:23: note: suggested alternative: &#39;SPI_CPOL_1&#39;
   SPI.setClockDivider(SPI_CLOCK_DIV16); // or 2, 8, 16, 32, 64
                       ^~~~~~~~~~~~~~~
                       SPI_CPOL_1
/home/ec2-user/arduino-testlib/cli-datadir/user/libraries/Ponoor_L6470_Library/examples/SparkFundSPINexample/SparkFundSPINsupport.ino:166:7: error: &#39;class arduino::MbedSPI&#39; has no member named &#39;setDataMode&#39;
   SPI.setDataMode(SPI_MODE3);
       ^~~~~~~~~~~

</pre>
					
					<h4>examples/gantry</h4>
					<p>
						Result: <b>FAIL</b>
					</p>
					<pre class="pre-scrollable">/home/ec2-user/arduino-testlib/cli-datadir/user/libraries/Ponoor_L6470_Library/examples/gantry/gantry.ino:19:10: fatal error: SparkFunAutoDriver.h: No such file or directory
 #include &lt;SparkFunAutoDriver.h&gt;
          ^~~~~~~~~~~~~~~~~~~~~~
compilation terminated.

</pre>
					
				
				<h3 id="arduino:megaavr:nona4809">arduino:megaavr:nona4809 @ 1.8.7</h3>
				<h4>Inclusion</h4>
				<p>
					Result: <b>PASS</b>
					
				</p>
				<pre class="pre-scrollable">Sketch uses 3246 bytes (6%) of program storage space. Maximum is 49152 bytes.
Global variables use 40 bytes (0%) of dynamic memory, leaving 6104 bytes for local variables. Maximum is 6144 bytes.
</pre>

					
					<h4>examples/SparkFunGetSetParamTest</h4>
					<p>
						Result: <b>FAIL</b>
					</p>
					<pre class="pre-scrollable">/home/ec2-user/arduino-testlib/cli-datadir/user/libraries/Ponoor_L6470_Library/examples/SparkFunGetSetParamTest/SparkFunGetSetParamTest.ino:1:10: fatal error: SparkFunAutoDriver.h: No such file or directory
 #include &lt;SparkFunAutoDriver.h&gt;
          ^~~~~~~~~~~~~~~~~~~~~~
compilation terminated.

</pre>
					
					<h4>examples/SparkFunLibraryTest</h4>
					<p>
						Result: <b>FAIL</b>
					</p>
					<pre class="pre-scrollable">/home/ec2-user/arduino-testlib/cli-datadir/user/libraries/Ponoor_L6470_Library/examples/SparkFunLibraryTest/SparkFunLibraryTest.ino:1:10: fatal error: SparkFunAutoDriver.h: No such file or directory
 #include &lt;SparkFunAutoDriver.h&gt;
          ^~~~~~~~~~~~~~~~~~~~~~
compilation terminated.

</pre>
					
					<h4>examples/SparkFundSPINexample</h4>
					<p>
						Result: <b>FAIL</b>
					</p>
					<pre class="pre-scrollable">/home/ec2-user/arduino-testlib/cli-datadir/user/libraries/Ponoor_L6470_Library/examples/SparkFundSPINexample/SparkFundSPINexample.ino: In function &#39;void setup()&#39;:
/home/ec2-user/arduino-testlib/cli-datadir/user/libraries/Ponoor_L6470_Library/examples/SparkFundSPINexample/SparkFundSPINexample.ino:198:3: error: &#39;TCCR1A&#39; was not declared in this scope
   TCCR1A = 0;  // No waveform generation stuff.
   ^~~~~~
/home/ec2-user/arduino-testlib/cli-datadir/user/libraries/Ponoor_L6470_Library/examples/SparkFundSPINexample/SparkFundSPINexample.ino:198:3: note: suggested alternative: &#39;TCB1&#39;
   TCCR1A = 0;  // No waveform generation stuff.
   ^~~~~~
   TCB1
/home/ec2-user/arduino-testlib/cli-datadir/user/libraries/Ponoor_L6470_Library/examples/SparkFundSPINexample/SparkFundSPINexample.ino:199:3: error: &#39;TCCR1B&#39; was not declared in this scope
   TCCR1B = B00000110; // Clock on falling edge, T1 pin.
   ^~~~~~
/home/ec2-user/arduino-testlib/cli-datadir/user/libraries/Ponoor_L6470_Library/examples/SparkFundSPINexample/SparkFundSPINexample.ino:199:3: note: suggested alternative: &#39;TCB1&#39;
   TCCR1B = B00000110; // Clock on falling edge, T1 pin.
   ^~~~~~
   TCB1
/home/ec2-user/arduino-testlib/cli-datadir/user/libraries/Ponoor_L6470_Library/examples/SparkFundSPINexample/SparkFundSPINexample.ino:200:3: error: &#39;TCNT1&#39; was not declared in this scope
   TCNT1 = 0;   // Clear the count.
   ^~~~~
/home/ec2-user/arduino-testlib/cli-datadir/user/libraries/Ponoor_L6470_Library/examples/SparkFundSPINexample/SparkFundSPINexample.ino:200:3: note: suggested alternative: &#39;TCB1&#39;
   TCNT1 = 0;   // Clear the count.
   ^~~~~
   TCB1
/home/ec2-user/arduino-testlib/cli-datadir/user/libraries/Ponoor_L6470_Library/examples/SparkFundSPINexample/SparkFundSPINexample.ino: In function &#39;void loop()&#39;:
/home/ec2-user/arduino-testlib/cli-datadir/user/libraries/Ponoor_L6470_Library/examples/SparkFundSPINexample/SparkFundSPINexample.ino:213:18: error: &#39;TCNT1&#39; was not declared in this scope
   Serial.println(TCNT1, DEC);
                  ^~~~~
/home/ec2-user/arduino-testlib/cli-datadir/user/libraries/Ponoor_L6470_Library/examples/SparkFundSPINexample/SparkFundSPINexample.ino:213:18: note: suggested alternative: &#39;TCB1&#39;
   Serial.println(TCNT1, DEC);
                  ^~~~~
                  TCB1

</pre>
					
					<h4>examples/gantry</h4>
					<p>
						Result: <b>FAIL</b>
					</p>
					<pre class="pre-scrollable">/home/ec2-user/arduino-testlib/cli-datadir/user/libraries/Ponoor_L6470_Library/examples/gantry/gantry.ino:19:10: fatal error: SparkFunAutoDriver.h: No such file or directory
 #include &lt;SparkFunAutoDriver.h&gt;
          ^~~~~~~~~~~~~~~~~~~~~~
compilation terminated.

</pre>
					
				
				<h3 id="arduino:samd:mkrwifi1010">arduino:samd:mkrwifi1010 @ 1.8.12</h3>
				<h4>Inclusion</h4>
				<p>
					Result: <b>PASS</b>
					
				</p>
				<pre class="pre-scrollable">Sketch uses 13336 bytes (5%) of program storage space. Maximum is 262144 bytes.
Global variables use 3068 bytes (9%) of dynamic memory, leaving 29700 bytes for local variables. Maximum is 32768 bytes.
</pre>

					
					<h4>examples/SparkFunGetSetParamTest</h4>
					<p>
						Result: <b>FAIL</b>
					</p>
					<pre class="pre-scrollable">/home/ec2-user/arduino-testlib/cli-datadir/user/libraries/Ponoor_L6470_Library/examples/SparkFunGetSetParamTest/SparkFunGetSetParamTest.ino:1:10: fatal error: SparkFunAutoDriver.h: No such file or directory
 #include &lt;SparkFunAutoDriver.h&gt;
          ^~~~~~~~~~~~~~~~~~~~~~
compilation terminated.

</pre>
					
					<h4>examples/SparkFunLibraryTest</h4>
					<p>
						Result: <b>FAIL</b>
					</p>
					<pre class="pre-scrollable">/home/ec2-user/arduino-testlib/cli-datadir/user/libraries/Ponoor_L6470_Library/examples/SparkFunLibraryTest/SparkFunLibraryTest.ino:1:10: fatal error: SparkFunAutoDriver.h: No such file or directory
 #include &lt;SparkFunAutoDriver.h&gt;
          ^~~~~~~~~~~~~~~~~~~~~~
compilation terminated.

</pre>
					
					<h4>examples/SparkFundSPINexample</h4>
					<p>
						Result: <b>FAIL</b>
					</p>
					<pre class="pre-scrollable">/home/ec2-user/arduino-testlib/cli-datadir/user/libraries/Ponoor_L6470_Library/examples/SparkFundSPINexample/SparkFundSPINexample.ino: In function &#39;void setup()&#39;:
/home/ec2-user/arduino-testlib/cli-datadir/user/libraries/Ponoor_L6470_Library/examples/SparkFundSPINexample/SparkFundSPINexample.ino:198:3: error: &#39;TCCR1A&#39; was not declared in this scope
   TCCR1A = 0;  // No waveform generation stuff.
   ^~~~~~
/home/ec2-user/arduino-testlib/cli-datadir/user/libraries/Ponoor_L6470_Library/examples/SparkFundSPINexample/SparkFundSPINexample.ino:198:3: note: suggested alternative: &#39;TCC1&#39;
   TCCR1A = 0;  // No waveform generation stuff.
   ^~~~~~
   TCC1
/home/ec2-user/arduino-testlib/cli-datadir/user/libraries/Ponoor_L6470_Library/examples/SparkFundSPINexample/SparkFundSPINexample.ino:199:3: error: &#39;TCCR1B&#39; was not declared in this scope
   TCCR1B = B00000110; // Clock on falling edge, T1 pin.
   ^~~~~~
/home/ec2-user/arduino-testlib/cli-datadir/user/libraries/Ponoor_L6470_Library/examples/SparkFundSPINexample/SparkFundSPINexample.ino:199:3: note: suggested alternative: &#39;TCC1&#39;
   TCCR1B = B00000110; // Clock on falling edge, T1 pin.
   ^~~~~~
   TCC1
/home/ec2-user/arduino-testlib/cli-datadir/user/libraries/Ponoor_L6470_Library/examples/SparkFundSPINexample/SparkFundSPINexample.ino:200:3: error: &#39;TCNT1&#39; was not declared in this scope
   TCNT1 = 0;   // Clear the count.
   ^~~~~
/home/ec2-user/arduino-testlib/cli-datadir/user/libraries/Ponoor_L6470_Library/examples/SparkFundSPINexample/SparkFundSPINexample.ino:200:3: note: suggested alternative: &#39;TCC1&#39;
   TCNT1 = 0;   // Clear the count.
   ^~~~~
   TCC1
/home/ec2-user/arduino-testlib/cli-datadir/user/libraries/Ponoor_L6470_Library/examples/SparkFundSPINexample/SparkFundSPINexample.ino: In function &#39;void loop()&#39;:
/home/ec2-user/arduino-testlib/cli-datadir/user/libraries/Ponoor_L6470_Library/examples/SparkFundSPINexample/SparkFundSPINexample.ino:213:18: error: &#39;TCNT1&#39; was not declared in this scope
   Serial.println(TCNT1, DEC);
                  ^~~~~
/home/ec2-user/arduino-testlib/cli-datadir/user/libraries/Ponoor_L6470_Library/examples/SparkFundSPINexample/SparkFundSPINexample.ino:213:18: note: suggested alternative: &#39;TCC1&#39;
   Serial.println(TCNT1, DEC);
                  ^~~~~
                  TCC1

</pre>
					
					<h4>examples/gantry</h4>
					<p>
						Result: <b>FAIL</b>
					</p>
					<pre class="pre-scrollable">/home/ec2-user/arduino-testlib/cli-datadir/user/libraries/Ponoor_L6470_Library/examples/gantry/gantry.ino:19:10: fatal error: SparkFunAutoDriver.h: No such file or directory
 #include &lt;SparkFunAutoDriver.h&gt;
          ^~~~~~~~~~~~~~~~~~~~~~
compilation terminated.

</pre>
					
				
				<h3 id="esp32:esp32:d1_mini32">esp32:esp32:d1_mini32 @ 1.0.6</h3>
				<h4>Inclusion</h4>
				<p>
					Result: <b>PASS</b>
					
				</p>
				<pre class="pre-scrollable">Sketch uses 200628 bytes (15%) of program storage space. Maximum is 1310720 bytes.
Global variables use 13136 bytes (4%) of dynamic memory, leaving 314544 bytes for local variables. Maximum is 327680 bytes.
</pre>

					
					<h4>examples/SparkFunGetSetParamTest</h4>
					<p>
						Result: <b>FAIL</b>
					</p>
					<pre class="pre-scrollable">/home/ec2-user/arduino-testlib/cli-datadir/user/libraries/Ponoor_L6470_Library/examples/SparkFunGetSetParamTest/SparkFunGetSetParamTest.ino:1:32: fatal error: SparkFunAutoDriver.h: No such file or directory
compilation terminated.

</pre>
					
					<h4>examples/SparkFunLibraryTest</h4>
					<p>
						Result: <b>FAIL</b>
					</p>
					<pre class="pre-scrollable">/home/ec2-user/arduino-testlib/cli-datadir/user/libraries/Ponoor_L6470_Library/examples/SparkFunLibraryTest/SparkFunLibraryTest.ino:1:32: fatal error: SparkFunAutoDriver.h: No such file or directory
compilation terminated.

</pre>
					
					<h4>examples/SparkFundSPINexample</h4>
					<p>
						Result: <b>FAIL</b>
					</p>
					<pre class="pre-scrollable">/home/ec2-user/arduino-testlib/cli-datadir/user/libraries/Ponoor_L6470_Library/examples/SparkFundSPINexample/SparkFundSPINexample.ino: In function &#39;void setup()&#39;:
/home/ec2-user/arduino-testlib/cli-datadir/user/libraries/Ponoor_L6470_Library/examples/SparkFundSPINexample/SparkFundSPINexample.ino:198:3: error: &#39;TCCR1A&#39; was not declared in this scope
   TCCR1A = 0;  // No waveform generation stuff.
   ^
/home/ec2-user/arduino-testlib/cli-datadir/user/libraries/Ponoor_L6470_Library/examples/SparkFundSPINexample/SparkFundSPINexample.ino:199:3: error: &#39;TCCR1B&#39; was not declared in this scope
   TCCR1B = B00000110; // Clock on falling edge, T1 pin.
   ^
/home/ec2-user/arduino-testlib/cli-datadir/user/libraries/Ponoor_L6470_Library/examples/SparkFundSPINexample/SparkFundSPINexample.ino:200:3: error: &#39;TCNT1&#39; was not declared in this scope
   TCNT1 = 0;   // Clear the count.
   ^
/home/ec2-user/arduino-testlib/cli-datadir/user/libraries/Ponoor_L6470_Library/examples/SparkFundSPINexample/SparkFundSPINexample.ino: In function &#39;void loop()&#39;:
/home/ec2-user/arduino-testlib/cli-datadir/user/libraries/Ponoor_L6470_Library/examples/SparkFundSPINexample/SparkFundSPINexample.ino:213:18: error: &#39;TCNT1&#39; was not declared in this scope
   Serial.println(TCNT1, DEC);
                  ^

</pre>
					
					<h4>examples/gantry</h4>
					<p>
						Result: <b>FAIL</b>
					</p>
					<pre class="pre-scrollable">/home/ec2-user/arduino-testlib/cli-datadir/user/libraries/Ponoor_L6470_Library/examples/gantry/gantry.ino:19:32: fatal error: SparkFunAutoDriver.h: No such file or directory
compilation terminated.

</pre>
					
				
			</div>
		</div>
	</div>
  </body>
</html>
