
<!doctype html>
<html lang="en">
  <head>
    <meta charset="utf-8">
    <meta name="viewport" content="width=device-width, initial-scale=1">
    <link href="https://cdn.jsdelivr.net/npm/bootstrap@5.0.2/dist/css/bootstrap.min.css" rel="stylesheet" integrity="sha384-EVSTQN3/azprG1Anm3QDgpJLIm9Nao0Yz1ztcQTwFspd3yD65VohhpuuCOmLASjC" crossorigin="anonymous">
    <title>arduino-testlib report</title>
	<style>
	.pass { background-color: #00FF00 !important; }
	.fail { background-color: #FF0000 !important; }
	</style>
  </head>
  <body>
	<div class="container">
		<div class="row">
			<div class="col">
				<h1>Pozyx - compatibility matrix</h1>
				<p>
					<small>This report was generated on Wednesday, 23-Feb-22 22:48:15 CET using 
					<a href="https://github.com/alranel/arduino-testlib">arduino-testlib</a>.</small>
				</p>

				<h2>Pozyx</h2>
				<p>
					Version: <b>1.2.2</b>
					<br />
					<a href="https://www.arduino.cc/reference/en/libraries/pozyx/">More details</a>
				</p>

				<h2>Compatibility matrix</h2>
				<table class="table table-bordered">
					<tr>
						<th>Board</th>
						<th>Claims compatibility</th>
						<th>Inclusion</th>
						
						<th><pre>ready_to_localize</pre></th>
						
						<th><pre>ready_to_range</pre></th>
						
						<th><pre>useful</pre></th>
						
						<th><pre>chat_room</pre></th>
						
						<th><pre>multitag_positioning</pre></th>
						
						<th><pre>old</pre></th>
						
						<th><pre>orientation_3D</pre></th>
						
					</tr>
					
					<tr>
						<td>
							<a href="#arduino%3aavr%3auno"><b>arduino:avr:uno</b></a>
							<br />
							<small>1.8.4</small>
						</td>

						
							<td>Yes</td>
							<td class="pass">PASS</td>
						
						
						
						

						
							
								
									
										
									
										
									
										
									
										
									
										
											<td class="pass">PASS</td>
											
										
									
										
									
										
									
								
							
								
							
								
							
								
							
								
							
						
							
								
									
										
									
										
									
										
									
										
									
										
									
										
											<td class="pass">PASS</td>
											
										
									
										
									
								
							
								
							
								
							
								
							
								
							
						
							
								
									
										
									
										
									
										
									
										
									
										
									
										
									
										
											
											<td class="fail">FAIL</td>
										
									
								
							
								
							
								
							
								
							
								
							
						
							
								
									
										
											<td class="pass">PASS</td>
											
										
									
										
									
										
									
										
									
										
									
										
									
										
									
								
							
								
							
								
							
								
							
								
							
						
							
								
									
										
									
										
											<td class="pass">PASS</td>
											
										
									
										
									
										
									
										
									
										
									
										
									
								
							
								
							
								
							
								
							
								
							
						
							
								
									
										
									
										
									
										
											
											<td class="fail">FAIL</td>
										
									
										
									
										
									
										
									
										
									
								
							
								
							
								
							
								
							
								
							
						
							
								
									
										
									
										
									
										
									
										
											<td class="pass">PASS</td>
											
										
									
										
									
										
									
										
									
								
							
								
							
								
							
								
							
								
							
						
					</tr>
					
					<tr>
						<td>
							<a href="#arduino%3ambed_nano%3ananorp2040connect"><b>arduino:mbed_nano:nanorp2040connect</b></a>
							<br />
							<small>2.7.2</small>
						</td>

						
						
						
							<td>Yes ⚠️</td>
							<td class="fail">FAIL</td>
						
						

						
							
								
							
								
									
										
									
										
									
										
									
										
									
										
											
											<td class="fail">FAIL</td>
										
									
										
									
										
									
								
							
								
							
								
							
								
							
						
							
								
							
								
									
										
									
										
									
										
									
										
									
										
									
										
											
											<td class="fail">FAIL</td>
										
									
										
									
								
							
								
							
								
							
								
							
						
							
								
							
								
									
										
									
										
									
										
									
										
									
										
									
										
									
										
											
											<td class="fail">FAIL</td>
										
									
								
							
								
							
								
							
								
							
						
							
								
							
								
									
										
											
											<td class="fail">FAIL</td>
										
									
										
									
										
									
										
									
										
									
										
									
										
									
								
							
								
							
								
							
								
							
						
							
								
							
								
									
										
									
										
											
											<td class="fail">FAIL</td>
										
									
										
									
										
									
										
									
										
									
										
									
								
							
								
							
								
							
								
							
						
							
								
							
								
									
										
									
										
									
										
											
											<td class="fail">FAIL</td>
										
									
										
									
										
									
										
									
										
									
								
							
								
							
								
							
								
							
						
							
								
							
								
									
										
									
										
									
										
									
										
											
											<td class="fail">FAIL</td>
										
									
										
									
										
									
										
									
								
							
								
							
								
							
								
							
						
					</tr>
					
					<tr>
						<td>
							<a href="#arduino%3amegaavr%3anona4809"><b>arduino:megaavr:nona4809</b></a>
							<br />
							<small>1.8.7</small>
						</td>

						
							<td>Yes</td>
							<td class="pass">PASS</td>
						
						
						
						

						
							
								
							
								
							
								
									
										
									
										
									
										
									
										
									
										
											<td class="pass">PASS</td>
											
										
									
										
									
										
									
								
							
								
							
								
							
						
							
								
							
								
							
								
									
										
									
										
									
										
									
										
									
										
									
										
											<td class="pass">PASS</td>
											
										
									
										
									
								
							
								
							
								
							
						
							
								
							
								
							
								
									
										
									
										
									
										
									
										
									
										
									
										
									
										
											
											<td class="fail">FAIL</td>
										
									
								
							
								
							
								
							
						
							
								
							
								
							
								
									
										
											<td class="pass">PASS</td>
											
										
									
										
									
										
									
										
									
										
									
										
									
										
									
								
							
								
							
								
							
						
							
								
							
								
							
								
									
										
									
										
											<td class="pass">PASS</td>
											
										
									
										
									
										
									
										
									
										
									
										
									
								
							
								
							
								
							
						
							
								
							
								
							
								
									
										
									
										
									
										
											
											<td class="fail">FAIL</td>
										
									
										
									
										
									
										
									
										
									
								
							
								
							
								
							
						
							
								
							
								
							
								
									
										
									
										
									
										
									
										
											<td class="pass">PASS</td>
											
										
									
										
									
										
									
										
									
								
							
								
							
								
							
						
					</tr>
					
					<tr>
						<td>
							<a href="#arduino%3asamd%3amkrwifi1010"><b>arduino:samd:mkrwifi1010</b></a>
							<br />
							<small>1.8.12</small>
						</td>

						
						
						
							<td>Yes ⚠️</td>
							<td class="fail">FAIL</td>
						
						

						
							
								
							
								
							
								
							
								
									
										
									
										
									
										
									
										
									
										
											
											<td class="fail">FAIL</td>
										
									
										
									
										
									
								
							
								
							
						
							
								
							
								
							
								
							
								
									
										
									
										
									
										
									
										
									
										
									
										
											
											<td class="fail">FAIL</td>
										
									
										
									
								
							
								
							
						
							
								
							
								
							
								
							
								
									
										
									
										
									
										
									
										
									
										
									
										
									
										
											
											<td class="fail">FAIL</td>
										
									
								
							
								
							
						
							
								
							
								
							
								
							
								
									
										
											
											<td class="fail">FAIL</td>
										
									
										
									
										
									
										
									
										
									
										
									
										
									
								
							
								
							
						
							
								
							
								
							
								
							
								
									
										
									
										
											
											<td class="fail">FAIL</td>
										
									
										
									
										
									
										
									
										
									
										
									
								
							
								
							
						
							
								
							
								
							
								
							
								
									
										
									
										
									
										
											
											<td class="fail">FAIL</td>
										
									
										
									
										
									
										
									
										
									
								
							
								
							
						
							
								
							
								
							
								
							
								
									
										
									
										
									
										
									
										
											
											<td class="fail">FAIL</td>
										
									
										
									
										
									
										
									
								
							
								
							
						
					</tr>
					
					<tr>
						<td>
							<a href="#esp32%3aesp32%3ad1_mini32"><b>esp32:esp32:d1_mini32</b></a>
							<br />
							<small>1.0.6</small>
						</td>

						
						
						
							<td>Yes ⚠️</td>
							<td class="fail">FAIL</td>
						
						

						
							
								
							
								
							
								
							
								
							
								
									
										
									
										
									
										
									
										
									
										
											
											<td class="fail">FAIL</td>
										
									
										
									
										
									
								
							
						
							
								
							
								
							
								
							
								
							
								
									
										
									
										
									
										
									
										
									
										
									
										
											
											<td class="fail">FAIL</td>
										
									
										
									
								
							
						
							
								
							
								
							
								
							
								
							
								
									
										
									
										
									
										
									
										
									
										
									
										
									
										
											
											<td class="fail">FAIL</td>
										
									
								
							
						
							
								
							
								
							
								
							
								
							
								
									
										
											
											<td class="fail">FAIL</td>
										
									
										
									
										
									
										
									
										
									
										
									
										
									
								
							
						
							
								
							
								
							
								
							
								
							
								
									
										
									
										
											
											<td class="fail">FAIL</td>
										
									
										
									
										
									
										
									
										
									
										
									
								
							
						
							
								
							
								
							
								
							
								
							
								
									
										
									
										
									
										
											
											<td class="fail">FAIL</td>
										
									
										
									
										
									
										
									
										
									
								
							
						
							
								
							
								
							
								
							
								
							
								
									
										
									
										
									
										
									
										
											
											<td class="fail">FAIL</td>
										
									
										
									
										
									
										
									
								
							
						
					</tr>
					
				</table>

				<h2>Compilation logs</h2>
				
				<h3 id="arduino:avr:uno">arduino:avr:uno @ 1.8.4</h3>
				<h4>Inclusion</h4>
				<p>
					Result: <b>PASS</b>
					
				</p>
				<pre class="pre-scrollable">Sketch uses 2684 bytes (8%) of program storage space. Maximum is 32256 bytes.
Global variables use 301 bytes (14%) of dynamic memory, leaving 1747 bytes for local variables. Maximum is 2048 bytes.
</pre>

					
					<h4>examples/chat_room</h4>
					<p>
						Result: <b>PASS</b>
					</p>
					<pre class="pre-scrollable">Sketch uses 9192 bytes (28%) of program storage space. Maximum is 32256 bytes.
Global variables use 691 bytes (33%) of dynamic memory, leaving 1357 bytes for local variables. Maximum is 2048 bytes.
</pre>
					
					<h4>examples/multitag_positioning</h4>
					<p>
						Result: <b>PASS</b>
					</p>
					<pre class="pre-scrollable">Sketch uses 11566 bytes (35%) of program storage space. Maximum is 32256 bytes.
Global variables use 982 bytes (47%) of dynamic memory, leaving 1066 bytes for local variables. Maximum is 2048 bytes.
</pre>
					
					<h4>examples/old</h4>
					<p>
						Result: <b>FAIL</b>
					</p>
					<pre class="pre-scrollable"></pre>
					
					<h4>examples/orientation_3D</h4>
					<p>
						Result: <b>PASS</b>
					</p>
					<pre class="pre-scrollable">Sketch uses 8542 bytes (26%) of program storage space. Maximum is 32256 bytes.
Global variables use 650 bytes (31%) of dynamic memory, leaving 1398 bytes for local variables. Maximum is 2048 bytes.
</pre>
					
					<h4>examples/ready_to_localize</h4>
					<p>
						Result: <b>PASS</b>
					</p>
					<pre class="pre-scrollable">Sketch uses 12114 bytes (37%) of program storage space. Maximum is 32256 bytes.
Global variables use 1006 bytes (49%) of dynamic memory, leaving 1042 bytes for local variables. Maximum is 2048 bytes.
</pre>
					
					<h4>examples/ready_to_range</h4>
					<p>
						Result: <b>PASS</b>
					</p>
					<pre class="pre-scrollable">Sketch uses 9192 bytes (28%) of program storage space. Maximum is 32256 bytes.
Global variables use 1014 bytes (49%) of dynamic memory, leaving 1034 bytes for local variables. Maximum is 2048 bytes.
</pre>
					
					<h4>examples/useful</h4>
					<p>
						Result: <b>FAIL</b>
					</p>
					<pre class="pre-scrollable"></pre>
					
				
				<h3 id="arduino:mbed_nano:nanorp2040connect">arduino:mbed_nano:nanorp2040connect @ 2.7.2</h3>
				<h4>Inclusion</h4>
				<p>
					Result: <b>FAIL</b>
					
				</p>
				<pre class="pre-scrollable">/home/ec2-user/arduino-testlib/cli-datadir/user/libraries/Pozyx/Pozyx_core.cpp: In static member function &#39;static int PozyxClass::regRead(uint8_t, uint8_t*, int)&#39;:
/home/ec2-user/arduino-testlib/cli-datadir/user/libraries/Pozyx/Pozyx_core.cpp:198:35: error: &#39;BUFFER_LENGTH&#39; was not declared in this scope
   int n_runs = ceil((float)size / BUFFER_LENGTH);
                                   ^~~~~~~~~~~~~
/home/ec2-user/arduino-testlib/cli-datadir/user/libraries/Pozyx/Pozyx_core.cpp: In static member function &#39;no-testlib/cli-datadir/user/libraries/Pozyx/Pozyx.h:41:28: note: in definition of macro &#39;assert&#39;
     #define assert(e)    ((e) ? (void)0 : \
                            ^
not declared in this scope
   int n_runs = ceil((float)size / BUFFER_LENGTH);
                                   ^~~~~~~~~~~~~
In file included from /home/ec2-user/arduino-testlib/cli-datadir/user/libraries/Pozyx/Pozyx_core.cpp:8:0:
/home/ec2-user/arduino-testlib/cli-datadir/user/libraries/Pozyx/Pozyx_core.cpp: In static member function &#39;static int PozyxClass::regFunction(uint8_t, uint8_t*, int, uint8_t*, int)&#39;:
/home/ec2-user/arduino-testlib/cli-datadir/user/libraries/Pozyx/Pozyx_core.cpp:251:10: error: &#39;BUFFER_LENGTH&#39; was not declared in this scope
   assert(BUFFER_LENGTH &gt;= size&#43;1);           // Arduino-specific code for the i2c
          ^
/home/ec2-user/arduino-testlib/cli-datadir/user/libraries/Pozyx/Pozyx.h:41:28: note: in definition of macro &#39;assert&#39;
     #define assert(e)    ((e) ? (void)0 : \
                            ^
/home/ec2-user/arduino-testlib/cli-datadir/user/libraries/Pozyx/Pozyx_core.cpp: In static member function &#39;static int PozyxClass::writeTXBufferData(uint8_t*, int, int)&#39;:
/home/ec2-user/arduino-testlib/cli-datadir/user/libraries/Pozyx/Pozyx_core.cpp:476:19: error: &#39;BUFFER_LENGTH&#39; was not declared in this scope
   int max_bytes = BUFFER_LENGTH-2;
                   ^~~~~~~~~~~~~
/home/ec2-user/arduino-testlib/cli-datadir/user/libraries/Pozyx/Pozyx_core.cpp:483:5: error: &#39;params&#39; was not declared in this scope
     params[0] = offset &#43; i*max_bytes;      // the offset
     ^~~~~~
/home/ec2-user/arduino-testlib/cli-datadir/user/libraries/Pozyx/Pozyx_core.cpp:483:5: note: suggested alternative: &#39;port_s&#39;
     params[0] = offset &#43; i*max_bytes;      // the offset
     ^~~~~~
     port_s
/home/ec2-user/arduino-testlib/cli-datadir/user/libraries/Pozyx/Pozyx_core.cpp: In static member function &#39;static int PozyxClass::readRXBufferData(uint8_t*, int)&#39;:
/home/ec2-user/arduino-testlib/cli-datadir/user/libraries/Pozyx/Pozyx_core.cpp:505:19: error: &#39;BUFFER_LENGTH&#39; was not declared in this scope
   int max_bytes = BUFFER_LENGTH-1;
                   ^~~~~~~~~~~~~

</pre>

					
					<h4>examples/chat_room</h4>
					<p>
						Result: <b>FAIL</b>
					</p>
					<pre class="pre-scrollable">/home/ec2-user/arduino-testlib/cli-datadir/user/libraries/Pozyx/Pozyx_core.cpp: In static member function &#39;static int PozyxClass::regRead(uint8_t, uint8_t*, int)&#39;:
/home/ec2-user/arduino-testlib/cli-datadir/user/libraries/Pozyx/Pozyx_core.cpp:198:35: error: &#39;BUFFER_LENGTH&#39; was not declared in this scope
   int n_runs = ceil((float)size / BUFFER_LENGTH);
                                   ^~~~~~~~~~~~~
/home/ec2-user/arduino-testlib/cli-datadir/user/libraries/Pozyx/Pozyx_core.cpp: In static member function &#39;no-testlib/cli-datadir/user/libraries/Pozyx/Pozyx.h:41:28: note: in definition of macro &#39;assert&#39;
     #define assert(e)    ((e) ? (void)0 : \
                            ^
not declared in this scope
   int n_runs = ceil((float)size / BUFFER_LENGTH);
                                   ^~~~~~~~~~~~~
In file included from /home/ec2-user/arduino-testlib/cli-datadir/user/libraries/Pozyx/Pozyx_core.cpp:8:0:
/home/ec2-user/arduino-testlib/cli-datadir/user/libraries/Pozyx/Pozyx_core.cpp: In static member function &#39;static int PozyxClass::regFunction(uint8_t, uint8_t*, int, uint8_t*, int)&#39;:
/home/ec2-user/arduino-testlib/cli-datadir/user/libraries/Pozyx/Pozyx_core.cpp:251:10: error: &#39;BUFFER_LENGTH&#39; was not declared in this scope
   assert(BUFFER_LENGTH &gt;= size&#43;1);           // Arduino-specific code for the i2c
          ^
/home/ec2-user/arduino-testlib/cli-datadir/user/libraries/Pozyx/Pozyx.h:41:28: note: in definition of macro &#39;assert&#39;
     #define assert(e)    ((e) ? (void)0 : \
                            ^
/home/ec2-user/arduino-testlib/cli-datadir/user/libraries/Pozyx/Pozyx_core.cpp: In static member function &#39;static int PozyxClass::writeTXBufferData(uint8_t*, int, int)&#39;:
/home/ec2-user/arduino-testlib/cli-datadir/user/libraries/Pozyx/Pozyx_core.cpp:476:19: error: &#39;BUFFER_LENGTH&#39; was not declared in this scope
   int max_bytes = BUFFER_LENGTH-2;
                   ^~~~~~~~~~~~~
/home/ec2-user/arduino-testlib/cli-datadir/user/libraries/Pozyx/Pozyx_core.cpp:483:5: error: &#39;params&#39; was not declared in this scope
     params[0] = offset &#43; i*max_bytes;      // the offset
     ^~~~~~
/home/ec2-user/arduino-testlib/cli-datadir/user/libraries/Pozyx/Pozyx_core.cpp:483:5: note: suggested alternative: &#39;port_s&#39;
     params[0] = offset &#43; i*max_bytes;      // the offset
     ^~~~~~
     port_s
/home/ec2-user/arduino-testlib/cli-datadir/user/libraries/Pozyx/Pozyx_core.cpp: In static member function &#39;static int PozyxClass::readRXBufferData(uint8_t*, int)&#39;:
/home/ec2-user/arduino-testlib/cli-datadir/user/libraries/Pozyx/Pozyx_core.cpp:505:19: error: &#39;BUFFER_LENGTH&#39; was not declared in this scope
   int max_bytes = BUFFER_LENGTH-1;
                   ^~~~~~~~~~~~~

</pre>
					
					<h4>examples/multitag_positioning</h4>
					<p>
						Result: <b>FAIL</b>
					</p>
					<pre class="pre-scrollable">/home/ec2-user/arduino-testlib/cli-datadir/user/libraries/Pozyx/Pozyx_core.cpp: In static member function &#39;static int PozyxClass::regRead(uint8_t, uint8_t*, int)&#39;:
/home/ec2-user/arduino-testlib/cli-datadir/user/libraries/Pozyx/Pozyx_core.cpp:198:35: error: &#39;BUFFER_LENGTH&#39; was not declared in this scope
   int n_runs = ceil((float)size / BUFFER_LENGTH);
                                   ^~~~~~~~~~~~~
/home/ec2-user/arduino-testlib/cli-datadir/user/libraries/Pozyx/Pozyx_core.cpp: In static member function &#39;no-testlib/cli-datadir/user/libraries/Pozyx/Pozyx.h:41:28: note: in definition of macro &#39;assert&#39;
     #define assert(e)    ((e) ? (void)0 : \
                            ^
not declared in this scope
   int n_runs = ceil((float)size / BUFFER_LENGTH);
                                   ^~~~~~~~~~~~~
In file included from /home/ec2-user/arduino-testlib/cli-datadir/user/libraries/Pozyx/Pozyx_core.cpp:8:0:
/home/ec2-user/arduino-testlib/cli-datadir/user/libraries/Pozyx/Pozyx_core.cpp: In static member function &#39;static int PozyxClass::regFunction(uint8_t, uint8_t*, int, uint8_t*, int)&#39;:
/home/ec2-user/arduino-testlib/cli-datadir/user/libraries/Pozyx/Pozyx_core.cpp:251:10: error: &#39;BUFFER_LENGTH&#39; was not declared in this scope
   assert(BUFFER_LENGTH &gt;= size&#43;1);           // Arduino-specific code for the i2c
          ^
/home/ec2-user/arduino-testlib/cli-datadir/user/libraries/Pozyx/Pozyx.h:41:28: note: in definition of macro &#39;assert&#39;
     #define assert(e)    ((e) ? (void)0 : \
                            ^
/home/ec2-user/arduino-testlib/cli-datadir/user/libraries/Pozyx/Pozyx_core.cpp: In static member function &#39;static int PozyxClass::writeTXBufferData(uint8_t*, int, int)&#39;:
/home/ec2-user/arduino-testlib/cli-datadir/user/libraries/Pozyx/Pozyx_core.cpp:476:19: error: &#39;BUFFER_LENGTH&#39; was not declared in this scope
   int max_bytes = BUFFER_LENGTH-2;
                   ^~~~~~~~~~~~~
/home/ec2-user/arduino-testlib/cli-datadir/user/libraries/Pozyx/Pozyx_core.cpp:483:5: error: &#39;params&#39; was not declared in this scope
     params[0] = offset &#43; i*max_bytes;      // the offset
     ^~~~~~
/home/ec2-user/arduino-testlib/cli-datadir/user/libraries/Pozyx/Pozyx_core.cpp:483:5: note: suggested alternative: &#39;port_s&#39;
     params[0] = offset &#43; i*max_bytes;      // the offset
     ^~~~~~
     port_s
/home/ec2-user/arduino-testlib/cli-datadir/user/libraries/Pozyx/Pozyx_core.cpp: In static member function &#39;static int PozyxClass::readRXBufferData(uint8_t*, int)&#39;:
/home/ec2-user/arduino-testlib/cli-datadir/user/libraries/Pozyx/Pozyx_core.cpp:505:19: error: &#39;BUFFER_LENGTH&#39; was not declared in this scope
   int max_bytes = BUFFER_LENGTH-1;
                   ^~~~~~~~~~~~~

</pre>
					
					<h4>examples/old</h4>
					<p>
						Result: <b>FAIL</b>
					</p>
					<pre class="pre-scrollable"></pre>
					
					<h4>examples/orientation_3D</h4>
					<p>
						Result: <b>FAIL</b>
					</p>
					<pre class="pre-scrollable">/home/ec2-user/arduino-testlib/cli-datadir/user/libraries/Pozyx/Pozyx_core.cpp: In static member function &#39;static int PozyxClass::regRead(uint8_t, uint8_t*, int)&#39;:
/home/ec2-user/arduino-testlib/cli-datadir/user/libraries/Pozyx/Pozyx_core.cpp:198:35: error: &#39;BUFFER_LENGTH&#39; was not declared in this scope
   int n_runs = ceil((float)size / BUFFER_LENGTH);
                                   ^~~~~~~~~~~~~
/home/ec2-user/arduino-testlib/cli-datadir/user/libraries/Pozyx/Pozyx_core.cpp: In static member function &#39;no-testlib/cli-datadir/user/libraries/Pozyx/Pozyx.h:41:28: note: in definition of macro &#39;assert&#39;
     #define assert(e)    ((e) ? (void)0 : \
                            ^
not declared in this scope
   int n_runs = ceil((float)size / BUFFER_LENGTH);
                                   ^~~~~~~~~~~~~
In file included from /home/ec2-user/arduino-testlib/cli-datadir/user/libraries/Pozyx/Pozyx_core.cpp:8:0:
/home/ec2-user/arduino-testlib/cli-datadir/user/libraries/Pozyx/Pozyx_core.cpp: In static member function &#39;static int PozyxClass::regFunction(uint8_t, uint8_t*, int, uint8_t*, int)&#39;:
/home/ec2-user/arduino-testlib/cli-datadir/user/libraries/Pozyx/Pozyx_core.cpp:251:10: error: &#39;BUFFER_LENGTH&#39; was not declared in this scope
   assert(BUFFER_LENGTH &gt;= size&#43;1);           // Arduino-specific code for the i2c
          ^
/home/ec2-user/arduino-testlib/cli-datadir/user/libraries/Pozyx/Pozyx.h:41:28: note: in definition of macro &#39;assert&#39;
     #define assert(e)    ((e) ? (void)0 : \
                            ^
/home/ec2-user/arduino-testlib/cli-datadir/user/libraries/Pozyx/Pozyx_core.cpp: In static member function &#39;static int PozyxClass::writeTXBufferData(uint8_t*, int, int)&#39;:
/home/ec2-user/arduino-testlib/cli-datadir/user/libraries/Pozyx/Pozyx_core.cpp:476:19: error: &#39;BUFFER_LENGTH&#39; was not declared in this scope
   int max_bytes = BUFFER_LENGTH-2;
                   ^~~~~~~~~~~~~
/home/ec2-user/arduino-testlib/cli-datadir/user/libraries/Pozyx/Pozyx_core.cpp:483:5: error: &#39;params&#39; was not declared in this scope
     params[0] = offset &#43; i*max_bytes;      // the offset
     ^~~~~~
/home/ec2-user/arduino-testlib/cli-datadir/user/libraries/Pozyx/Pozyx_core.cpp:483:5: note: suggested alternative: &#39;port_s&#39;
     params[0] = offset &#43; i*max_bytes;      // the offset
     ^~~~~~
     port_s
/home/ec2-user/arduino-testlib/cli-datadir/user/libraries/Pozyx/Pozyx_core.cpp: In static member function &#39;static int PozyxClass::readRXBufferData(uint8_t*, int)&#39;:
/home/ec2-user/arduino-testlib/cli-datadir/user/libraries/Pozyx/Pozyx_core.cpp:505:19: error: &#39;BUFFER_LENGTH&#39; was not declared in this scope
   int max_bytes = BUFFER_LENGTH-1;
                   ^~~~~~~~~~~~~

</pre>
					
					<h4>examples/ready_to_localize</h4>
					<p>
						Result: <b>FAIL</b>
					</p>
					<pre class="pre-scrollable">/home/ec2-user/arduino-testlib/cli-datadir/user/libraries/Pozyx/Pozyx_core.cpp: In static member function &#39;static int PozyxClass::regRead(uint8_t, uint8_t*, int)&#39;:
/home/ec2-user/arduino-testlib/cli-datadir/user/libraries/Pozyx/Pozyx_core.cpp:198:35: error: &#39;BUFFER_LENGTH&#39; was not declared in this scope
   int n_runs = ceil((float)size / BUFFER_LENGTH);
                                   ^~~~~~~~~~~~~
/home/ec2-user/arduino-testlib/cli-datadir/user/libraries/Pozyx/Pozyx_core.cpp: In static member function &#39;no-testlib/cli-datadir/user/libraries/Pozyx/Pozyx.h:41:28: note: in definition of macro &#39;assert&#39;
     #define assert(e)    ((e) ? (void)0 : \
                            ^
not declared in this scope
   int n_runs = ceil((float)size / BUFFER_LENGTH);
                                   ^~~~~~~~~~~~~
In file included from /home/ec2-user/arduino-testlib/cli-datadir/user/libraries/Pozyx/Pozyx_core.cpp:8:0:
/home/ec2-user/arduino-testlib/cli-datadir/user/libraries/Pozyx/Pozyx_core.cpp: In static member function &#39;static int PozyxClass::regFunction(uint8_t, uint8_t*, int, uint8_t*, int)&#39;:
/home/ec2-user/arduino-testlib/cli-datadir/user/libraries/Pozyx/Pozyx_core.cpp:251:10: error: &#39;BUFFER_LENGTH&#39; was not declared in this scope
   assert(BUFFER_LENGTH &gt;= size&#43;1);           // Arduino-specific code for the i2c
          ^
/home/ec2-user/arduino-testlib/cli-datadir/user/libraries/Pozyx/Pozyx.h:41:28: note: in definition of macro &#39;assert&#39;
     #define assert(e)    ((e) ? (void)0 : \
                            ^
/home/ec2-user/arduino-testlib/cli-datadir/user/libraries/Pozyx/Pozyx_core.cpp: In static member function &#39;static int PozyxClass::writeTXBufferData(uint8_t*, int, int)&#39;:
/home/ec2-user/arduino-testlib/cli-datadir/user/libraries/Pozyx/Pozyx_core.cpp:476:19: error: &#39;BUFFER_LENGTH&#39; was not declared in this scope
   int max_bytes = BUFFER_LENGTH-2;
                   ^~~~~~~~~~~~~
/home/ec2-user/arduino-testlib/cli-datadir/user/libraries/Pozyx/Pozyx_core.cpp:483:5: error: &#39;params&#39; was not declared in this scope
     params[0] = offset &#43; i*max_bytes;      // the offset
     ^~~~~~
/home/ec2-user/arduino-testlib/cli-datadir/user/libraries/Pozyx/Pozyx_core.cpp:483:5: note: suggested alternative: &#39;port_s&#39;
     params[0] = offset &#43; i*max_bytes;      // the offset
     ^~~~~~
     port_s
/home/ec2-user/arduino-testlib/cli-datadir/user/libraries/Pozyx/Pozyx_core.cpp: In static member function &#39;static int PozyxClass::readRXBufferData(uint8_t*, int)&#39;:
/home/ec2-user/arduino-testlib/cli-datadir/user/libraries/Pozyx/Pozyx_core.cpp:505:19: error: &#39;BUFFER_LENGTH&#39; was not declared in this scope
   int max_bytes = BUFFER_LENGTH-1;
                   ^~~~~~~~~~~~~

</pre>
					
					<h4>examples/ready_to_range</h4>
					<p>
						Result: <b>FAIL</b>
					</p>
					<pre class="pre-scrollable">/home/ec2-user/arduino-testlib/cli-datadir/user/libraries/Pozyx/Pozyx_core.cpp: In static member function &#39;static int PozyxClass::regRead(uint8_t, uint8_t*, int)&#39;:
/home/ec2-user/arduino-testlib/cli-datadir/user/libraries/Pozyx/Pozyx_core.cpp:198:35: error: &#39;BUFFER_LENGTH&#39; was not declared in this scope
   int n_runs = ceil((float)size / BUFFER_LENGTH);
                                   ^~~~~~~~~~~~~
/home/ec2-user/arduino-testlib/cli-datadir/user/libraries/Pozyx/Pozyx_core.cpp: In static member function &#39;static int PozyxClass::regWrite(uint8_t, uint8_t*, int)&#39;:
/home/ec2-user/arduino-testlib/cli-datadir/user/libraries/Pozyx/Pozyx_core.cpp:229:35: error: &#39;BUFFER_LENGTH&#39; was not declared in this scope
   int n_runs = ceil((float)size / BUFFER_LENGTH);
                                   ^~~~~~~~~~~~~
In file included from /home/ec2-user/arduino-testlib/cli-datadir/user/libraries/Pozyx/Pozyx_core.cpp:8:0:
/home/ec2-user/arduino-testlib/cli-datadir/user/libraries/Pozyx/Pozyx_core.cpp: In static member function &#39;static int PozyxClass::regFunction(uint8_t, uint8_t*, int, uint8_t*, int)&#39;:
/home/ec2-user/arduino-testlib/cli-datadir/user/libraries/Pozyx/Pozyx_core.cpp:251:10: error: &#39;BUFFER_LENGTH&#39; was not declared in this scope
   assert(BUFFER_LENGTH &gt;= size&#43;1);           // Arduino-specific code for the i2c
          ^
/home/ec2-user/arduino-testlib/cli-datadir/user/libraries/Pozyx/Pozyx.h:41:28: note: in definition of macro &#39;assert&#39;
     #define assert(e)    ((e) ? (void)0 : \
                            ^
/home/ec2-user/arduino-testlib/cli-datadir/user/libraries/Pozyx/Pozyx_core.cpp: In static member function &#39;static int PozyxClass::writeTXBufferData(uint8_t*, int, int)&#39;:
/home/ec2-user/arduino-testlib/cli-datadir/user/libraries/Pozyx/Pozyx_core.cpp:476:19: error: &#39;BUFFER_LENGTH&#39; was not declared in this scope
   int max_bytes = BUFFER_LENGTH-2;
                   ^~~~~~~~~~~~~
/home/ec2-user/arduino-testlib/cli-datadir/user/libraries/Pozyx/Pozyx_core.cpp:483:5: error: &#39;params&#39; was not declared in this scope
     params[0] = offset &#43; i*max_bytes;      // the offset
     ^~~~~~
/home/ec2-user/arduino-testlib/cli-datadir/user/libraries/Pozyx/Pozyx_core.cpp:483:5: note: suggested alternative: &#39;port_s&#39;
     params[0] = offset &#43; i*max_bytes;      // the offset
     ^~~~~~
     port_s
/home/ec2-user/arduino-testlib/cli-datadir/user/libraries/Pozyx/Pozyx_core.cpp: In static member function &#39;static int PozyxClass::readRXBufferData(uint8_t*, int)&#39;:
/home/ec2-user/arduino-testlib/cli-datadir/user/libraries/Pozyx/Pozyx_core.cpp:505:19: error: &#39;BUFFER_LENGTH&#39; was not declared in this scope
   int max_bytes = BUFFER_LENGTH-1;
                   ^~~~~~~~~~~~~

</pre>
					
					<h4>examples/useful</h4>
					<p>
						Result: <b>FAIL</b>
					</p>
					<pre class="pre-scrollable"></pre>
					
				
				<h3 id="arduino:megaavr:nona4809">arduino:megaavr:nona4809 @ 1.8.7</h3>
				<h4>Inclusion</h4>
				<p>
					Result: <b>PASS</b>
					
				</p>
				<pre class="pre-scrollable">Sketch uses 5192 bytes (10%) of program storage space. Maximum is 49152 bytes.
Global variables use 568 bytes (9%) of dynamic memory, leaving 5576 bytes for local variables. Maximum is 6144 bytes.
</pre>

					
					<h4>examples/chat_room</h4>
					<p>
						Result: <b>PASS</b>
					</p>
					<pre class="pre-scrollable">Sketch uses 10433 bytes (21%) of program storage space. Maximum is 49152 bytes.
Global variables use 703 bytes (11%) of dynamic memory, leaving 5441 bytes for local variables. Maximum is 6144 bytes.
</pre>
					
					<h4>examples/multitag_positioning</h4>
					<p>
						Result: <b>PASS</b>
					</p>
					<pre class="pre-scrollable">Sketch uses 12775 bytes (25%) of program storage space. Maximum is 49152 bytes.
Global variables use 694 bytes (11%) of dynamic memory, leaving 5450 bytes for local variables. Maximum is 6144 bytes.
</pre>
					
					<h4>examples/old</h4>
					<p>
						Result: <b>FAIL</b>
					</p>
					<pre class="pre-scrollable"></pre>
					
					<h4>examples/orientation_3D</h4>
					<p>
						Result: <b>PASS</b>
					</p>
					<pre class="pre-scrollable">Sketch uses 9847 bytes (20%) of program storage space. Maximum is 49152 bytes.
Global variables use 690 bytes (11%) of dynamic memory, leaving 5454 bytes for local variables. Maximum is 6144 bytes.
</pre>
					
					<h4>examples/ready_to_localize</h4>
					<p>
						Result: <b>PASS</b>
					</p>
					<pre class="pre-scrollable">Sketch uses 13322 bytes (27%) of program storage space. Maximum is 49152 bytes.
Global variables use 696 bytes (11%) of dynamic memory, leaving 5448 bytes for local variables. Maximum is 6144 bytes.
</pre>
					
					<h4>examples/ready_to_range</h4>
					<p>
						Result: <b>PASS</b>
					</p>
					<pre class="pre-scrollable">Sketch uses 10453 bytes (21%) of program storage space. Maximum is 49152 bytes.
Global variables use 686 bytes (11%) of dynamic memory, leaving 5458 bytes for local variables. Maximum is 6144 bytes.
</pre>
					
					<h4>examples/useful</h4>
					<p>
						Result: <b>FAIL</b>
					</p>
					<pre class="pre-scrollable"></pre>
					
				
				<h3 id="arduino:samd:mkrwifi1010">arduino:samd:mkrwifi1010 @ 1.8.12</h3>
				<h4>Inclusion</h4>
				<p>
					Result: <b>FAIL</b>
					
				</p>
				<pre class="pre-scrollable">/Users/alranel/Documents/git/arduino/arduino-testlib/cli-datadir/user/libraries/Pozyx/Pozyx_core.cpp: In static member function &#39;static int PozyxClass::regRead(uint8_t, uint8_t*, int)&#39;:
/Users/alranel/Documents/git/arduino/arduino-testlib/cli-datadir/user/libraries/Pozyx/Pozyx_core.cpp:198:35: error: &#39;BUFFER_LENGTH&#39; was not declared in this scope
   int n_runs = ceil((float)size / BUFFER_LENGTH);
                                   ^~~~~~~~~~~~~
/Users/alranel/Documents/git/arduino/arduino-testlib/cli-datadi&amp;&amp; size &lt;= 20) || (size &lt;= 15));
           ^
/Users/alranel/Documents/git/arduino/arduino-testlib/cli-datadir/user/libraries/Pozyx/Pozyx.h:41:28: note: in definition of macro &#39;assert&#39;
     #define assert(e)    ((e) ? (void)0 : \
                            ^
uments/git/arduino/arduino-testlib/cli-datadir/user/libraries/Pozyx/Pozyx_core.cpp: In static member function &#39;static int PozyxClass::regWrite(uint8_t, uint8_t*, int)&#39;:
/Users/alranel/Documents/git/arduino/arduino-testlib/cli-datadir/user/libraries/Pozyx/Pozyx_core.cpp:229:35: error: &#39;BUFFER_LENGTH&#39; was not declared in this scope
   int n_runs = ceil((float)size / BUFFER_LENGTH);
                                   ^~~~~~~~~~~~~
/Users/alranel/Documents/git/arduino/arduino-testlib/cli-datadir/user/libraries/Pozyx/Pozyx_core.cpp:229:35: note: suggested alternative: &#39;REG_DSU_LENGTH&#39;
   int n_runs = ceil((float)size / BUFFER_LENGTH);
                                   ^~~~~~~~~~~~~
                                   REG_DSU_LENGTH
In file included from /Users/alranel/Documents/git/arduino/arduino-testlib/cli-datadir/user/libraries/Pozyx/Pozyx_core.cpp:8:0:
/Users/alranel/Documents/git/arduino/arduino-testlib/cli-datadir/user/libraries/Pozyx/Pozyx_core.cpp: In static member function &#39;static int PozyxClass::regFunction(uint8_t, uint8_t*, int, uint8_t*, int)&#39;:
/Users/alranel/Documents/git/arduino/arduino-testlib/cli-datadir/user/libraries/Pozyx/Pozyx_core.cpp:251:10: error: &#39;BUFFER_LENGTH&#39; was not declared in this scope
   assert(BUFFER_LENGTH &gt;= size&#43;1);           // Arduino-specific code for the i2c
          ^
/Users/alranel/Documents/git/arduino/arduino-testlib/cli-datadir/user/libraries/Pozyx/Pozyx.h:41:28: note: in definition of macro &#39;assert&#39;
     #define assert(e)    ((e) ? (void)0 : \
                            ^
/Users/alranel/Documents/git/arduino/arduino-testlib/cli-datadir/user/libraries/Pozyx/Pozyx_core.cpp:251:10: note: suggested alternative: &#39;REG_DSU_LENGTH&#39;
   assert(BUFFER_LENGTH &gt;= size&#43;1);           // Arduino-specific code for the i2c
          ^
/Users/alranel/Documents/git/arduino/arduino-testlib/cli-datadir/user/libraries/Pozyx/Pozyx.h:41:28: note: in definition of macro &#39;assert&#39;
     #define assert(e)    ((e) ? (void)0 : \
                            ^
/Users/alranel/Documents/git/arduino/arduino-testlib/cli-datadir/user/libraries/Pozyx/Pozyx_core.cpp: In static member function &#39;static int PozyxClass::writeTXBufferData(uint8_t*, int, int)&#39;:
/Users/alranel/Documents/git/arduino/arduino-testlib/cli-datadir/user/libraries/Pozyx/Pozyx_core.cpp:476:19: error: &#39;BUFFER_LENGTH&#39; was not declared in this scope
   int max_bytes = BUFFER_LENGTH-2;
                   ^~~~~~~~~~~~~
/Users/alranel/Documents/git/arduino/arduino-testlib/cli-datadir/user/libraries/Pozyx/Pozyx_core.cpp:476:19: note: suggested alternative: &#39;REG_DSU_LENGTH&#39;
   int max_bytes = BUFFER_LENGTH-2;
                   ^~~~~~~~~~~~~
                   REG_DSU_LENGTH
/Users/alranel/Documents/git/arduino/arduino-testlib/cli-datadir/user/libraries/Pozyx/Pozyx_core.cpp:483:5: error: &#39;params&#39; was not declared in this scope
     params[0] = offset &#43; i*max_bytes;      // the offset
     ^~~~~~
/Users/alranel/Documents/git/arduino/arduino-testlib/cli-datadir/user/libraries/Pozyx/Pozyx_core.cpp: In static member function &#39;static int PozyxClass::readRXBufferData(uint8_t*, int)&#39;:
/Users/alranel/Documents/git/arduino/arduino-testlib/cli-datadir/user/libraries/Pozyx/Pozyx_core.cpp:505:19: error: &#39;BUFFER_LENGTH&#39; was not declared in this scope
   int max_bytes = BUFFER_LENGTH-1;
                   ^~~~~~~~~~~~~
/Users/alranel/Documents/git/arduino/arduino-testlib/cli-datadir/user/libraries/Pozyx/Pozyx_core.cpp:505:19: note: suggested alternative: &#39;REG_DSU_LENGTH&#39;
   int max_bytes = BUFFER_LENGTH-1;
                   ^~~~~~~~~~~~~
                   REG_DSU_LENGTH

</pre>

					
					<h4>examples/chat_room</h4>
					<p>
						Result: <b>FAIL</b>
					</p>
					<pre class="pre-scrollable">/Users/alranel/Documents/git/arduino/arduino-testlib/cli-datadir/user/libraries/Pozyx/Pozyx_core.cpp: In static member function &#39;static int PozyxClass::regRead(uint8_t, uint8_t*, int)&#39;:
/Users/alranel/Documents/git/arduino/arduino-testlib/cli-datadir/user/libraries/Pozyx/Pozyx_core.cpp:198:35: error: &#39;BUFFER_LENGTH&#39; was not declared in this scope
   int n_runs = ceil((float)size / BUFFER_LENGTH);
                                   ^~~~~~~~~~~~~
/Users/alranel/Documents/git/arduino/arduino-testlib/cli-datadi&amp;&amp; size &lt;= 20) || (size &lt;= 15));
           ^
/Users/alranel/Documents/git/arduino/arduino-testlib/cli-datadir/user/libraries/Pozyx/Pozyx.h:41:28: note: in definition of macro &#39;assert&#39;
     #define assert(e)    ((e) ? (void)0 : \
                            ^
/Users/alranel/Documents/git/arduino/arduino-testlib/cli-datadir/user/libraries/Pozyx/Pozyx_lib.cpp:1050:11: note: suggested alternative: &#39;REG_DSU_LENGTH&#39;
   assert((BUFFER_LENGTH &gt; 32 &amp;&amp; size &lt;= 20) || (size &lt;= 15));
           ^
/Users/alranel/Documents/git/arduino/arduino-testlib/cli-datadir/user/libraries/Pozyx/Pozyx.h:41:28: note: in definition of macro &#39;assert&#39;
     #define assert(e)    ((e) ? (void)0 : \
                            ^
l/Documents/git/arduino/arduino-testlib/cli-datadir/user/libraries/Pozyx/Pozyx_core.cpp:229:35: note: suggested alternative: &#39;REG_DSU_LENGTH&#39;
   int n_runs = ceil((float)size / BUFFER_LENGTH);
                                   ^~~~~~~~~~~~~
                                   REG_DSU_LENGTH
In file included from /Users/alranel/Documents/git/arduino/arduino-testlib/cli-datadir/user/libraries/Pozyx/Pozyx_core.cpp:8:0:
/Users/alranel/Documents/git/arduino/arduino-testlib/cli-datadir/user/libraries/Pozyx/Pozyx_core.cpp: In static member function &#39;static int PozyxClass::regFunction(uint8_t, uint8_t*, int, uint8_t*, int)&#39;:
/Users/alranel/Documents/git/arduino/arduino-testlib/cli-datadir/user/libraries/Pozyx/Pozyx_core.cpp:251:10: error: &#39;BUFFER_LENGTH&#39; was not declared in this scope
   assert(BUFFER_LENGTH &gt;= size&#43;1);           // Arduino-specific code for the i2c
          ^
/Users/alranel/Documents/git/arduino/arduino-testlib/cli-datadir/user/libraries/Pozyx/Pozyx.h:41:28: note: in definition of macro &#39;assert&#39;
     #define assert(e)    ((e) ? (void)0 : \
                            ^
/Users/alranel/Documents/git/arduino/arduino-testlib/cli-datadir/user/libraries/Pozyx/Pozyx_core.cpp:251:10: note: suggested alternative: &#39;REG_DSU_LENGTH&#39;
   assert(BUFFER_LENGTH &gt;= size&#43;1);           // Arduino-specific code for the i2c
          ^
/Users/alranel/Documents/git/arduino/arduino-testlib/cli-datadir/user/libraries/Pozyx/Pozyx.h:41:28: note: in definition of macro &#39;assert&#39;
     #define assert(e)    ((e) ? (void)0 : \
                            ^
/Users/alranel/Documents/git/arduino/arduino-testlib/cli-datadir/user/libraries/Pozyx/Pozyx_core.cpp: In static member function &#39;static int PozyxClass::writeTXBufferData(uint8_t*, int, int)&#39;:
/Users/alranel/Documents/git/arduino/arduino-testlib/cli-datadir/user/libraries/Pozyx/Pozyx_core.cpp:476:19: error: &#39;BUFFER_LENGTH&#39; was not declared in this scope
   int max_bytes = BUFFER_LENGTH-2;
                   ^~~~~~~~~~~~~
/Users/alranel/Documents/git/arduino/arduino-testlib/cli-datadir/user/libraries/Pozyx/Pozyx_core.cpp:476:19: note: suggested alternative: &#39;REG_DSU_LENGTH&#39;
   int max_bytes = BUFFER_LENGTH-2;
                   ^~~~~~~~~~~~~
                   REG_DSU_LENGTH
/Users/alranel/Documents/git/arduino/arduino-testlib/cli-datadir/user/libraries/Pozyx/Pozyx_core.cpp:483:5: error: &#39;params&#39; was not declared in this scope
     params[0] = offset &#43; i*max_bytes;      // the offset
     ^~~~~~
/Users/alranel/Documents/git/arduino/arduino-testlib/cli-datadir/user/libraries/Pozyx/Pozyx_core.cpp: In static member function &#39;static int PozyxClass::readRXBufferData(uint8_t*, int)&#39;:
/Users/alranel/Documents/git/arduino/arduino-testlib/cli-datadir/user/libraries/Pozyx/Pozyx_core.cpp:505:19: error: &#39;BUFFER_LENGTH&#39; was not declared in this scope
   int max_bytes = BUFFER_LENGTH-1;
                   ^~~~~~~~~~~~~
/Users/alranel/Documents/git/arduino/arduino-testlib/cli-datadir/user/libraries/Pozyx/Pozyx_core.cpp:505:19: note: suggested alternative: &#39;REG_DSU_LENGTH&#39;
   int max_bytes = BUFFER_LENGTH-1;
                   ^~~~~~~~~~~~~
                   REG_DSU_LENGTH

</pre>
					
					<h4>examples/multitag_positioning</h4>
					<p>
						Result: <b>FAIL</b>
					</p>
					<pre class="pre-scrollable">/Users/alranel/Documents/git/arduino/arduino-testlib/cli-datadir/user/libraries/Pozyx/Pozyx_core.cpp: In static member function &#39;static int PozyxClass::regRead(uint8_t, uint8_t*, int)&#39;:
/Users/alranel/Documents/git/arduino/arduino-testlib/cli-datadir/user/libraries/Pozyx/Pozyx_core.cpp:198:35: error: &#39;BUFFER_LENGTH&#39; was not declared in this scope
   int n_runs = ceil((float)size / BUFFER_LENGTH);
                                   ^~~~~~~~~~~~~
/Users/alranel/Documents/git/arduino/arduino-testlib/cli-datadi&amp;&amp; size &lt;= 20) || (size &lt;= 15));
           ^
/Users/alranel/Documents/git/arduino/arduino-testlib/cli-datadir/user/libraries/Pozyx/Pozyx.h:41:28: note: in definition of macro &#39;assert&#39;
     #define assert(e)    ((e) ? (void)0 : \
                            ^
/Users/alranel/Documents/git/arduino/arduino-testlib/cli-datadir/user/libraries/Pozyx/Pozyx_lib.cpp:1050:11: note: suggested alternative: &#39;REG_DSU_LENGTH&#39;
   assert((BUFFER_LENGTH &gt; 32 &amp;&amp; size &lt;= 20) || (size &lt;= 15));
           ^
/Users/alranel/Documents/git/arduino/arduino-testlib/cli-datadir/user/libraries/Pozyx/Pozyx.h:41:28: note: in definition of macro &#39;assert&#39;
     #define assert(e)    ((e) ? (void)0 : \
                            ^
l/Documents/git/arduino/arduino-testlib/cli-datadir/user/libraries/Pozyx/Pozyx_core.cpp:229:35: note: suggested alternative: &#39;REG_DSU_LENGTH&#39;
   int n_runs = ceil((float)size / BUFFER_LENGTH);
                                   ^~~~~~~~~~~~~
                                   REG_DSU_LENGTH
In file included from /Users/alranel/Documents/git/arduino/arduino-testlib/cli-datadir/user/libraries/Pozyx/Pozyx_core.cpp:8:0:
/Users/alranel/Documents/git/arduino/arduino-testlib/cli-datadir/user/libraries/Pozyx/Pozyx_core.cpp: In static member function &#39;static int PozyxClass::regFunction(uint8_t, uint8_t*, int, uint8_t*, int)&#39;:
/Users/alranel/Documents/git/arduino/arduino-testlib/cli-datadir/user/libraries/Pozyx/Pozyx_core.cpp:251:10: error: &#39;BUFFER_LENGTH&#39; was not declared in this scope
   assert(BUFFER_LENGTH &gt;= size&#43;1);           // Arduino-specific code for the i2c
          ^
/Users/alranel/Documents/git/arduino/arduino-testlib/cli-datadir/user/libraries/Pozyx/Pozyx.h:41:28: note: in definition of macro &#39;assert&#39;
     #define assert(e)    ((e) ? (void)0 : \
                            ^
/Users/alranel/Documents/git/arduino/arduino-testlib/cli-datadir/user/libraries/Pozyx/Pozyx_core.cpp:251:10: note: suggested alternative: &#39;REG_DSU_LENGTH&#39;
   assert(BUFFER_LENGTH &gt;= size&#43;1);           // Arduino-specific code for the i2c
          ^
/Users/alranel/Documents/git/arduino/arduino-testlib/cli-datadir/user/libraries/Pozyx/Pozyx.h:41:28: note: in definition of macro &#39;assert&#39;
     #define assert(e)    ((e) ? (void)0 : \
                            ^
/Users/alranel/Documents/git/arduino/arduino-testlib/cli-datadir/user/libraries/Pozyx/Pozyx_core.cpp: In static member function &#39;static int PozyxClass::writeTXBufferData(uint8_t*, int, int)&#39;:
/Users/alranel/Documents/git/arduino/arduino-testlib/cli-datadir/user/libraries/Pozyx/Pozyx_core.cpp:476:19: error: &#39;BUFFER_LENGTH&#39; was not declared in this scope
   int max_bytes = BUFFER_LENGTH-2;
                   ^~~~~~~~~~~~~
/Users/alranel/Documents/git/arduino/arduino-testlib/cli-datadir/user/libraries/Pozyx/Pozyx_core.cpp:476:19: note: suggested alternative: &#39;REG_DSU_LENGTH&#39;
   int max_bytes = BUFFER_LENGTH-2;
                   ^~~~~~~~~~~~~
                   REG_DSU_LENGTH
/Users/alranel/Documents/git/arduino/arduino-testlib/cli-datadir/user/libraries/Pozyx/Pozyx_core.cpp:483:5: error: &#39;params&#39; was not declared in this scope
     params[0] = offset &#43; i*max_bytes;      // the offset
     ^~~~~~
/Users/alranel/Documents/git/arduino/arduino-testlib/cli-datadir/user/libraries/Pozyx/Pozyx_core.cpp: In static member function &#39;static int PozyxClass::readRXBufferData(uint8_t*, int)&#39;:
/Users/alranel/Documents/git/arduino/arduino-testlib/cli-datadir/user/libraries/Pozyx/Pozyx_core.cpp:505:19: error: &#39;BUFFER_LENGTH&#39; was not declared in this scope
   int max_bytes = BUFFER_LENGTH-1;
                   ^~~~~~~~~~~~~
/Users/alranel/Documents/git/arduino/arduino-testlib/cli-datadir/user/libraries/Pozyx/Pozyx_core.cpp:505:19: note: suggested alternative: &#39;REG_DSU_LENGTH&#39;
   int max_bytes = BUFFER_LENGTH-1;
                   ^~~~~~~~~~~~~
                   REG_DSU_LENGTH

</pre>
					
					<h4>examples/old</h4>
					<p>
						Result: <b>FAIL</b>
					</p>
					<pre class="pre-scrollable"></pre>
					
					<h4>examples/orientation_3D</h4>
					<p>
						Result: <b>FAIL</b>
					</p>
					<pre class="pre-scrollable">/Users/alranel/Documents/git/arduino/arduino-testlib/cli-datadir/user/libraries/Pozyx/Pozyx_core.cpp: In static member function &#39;static int PozyxClass::regRead(uint8_t, uint8_t*, int)&#39;:
/Users/alranel/Documents/git/arduino/arduino-testlib/cli-datadir/user/libraries/Pozyx/Pozyx_core.cpp:198:35: error: &#39;BUFFER_LENGTH&#39; was not declared in this scope
   int n_runs = ceil((float)size / BUFFER_LENGTH);
                                   ^~~~~~~~~~~~~
/Users/alranel/Documents/git/arduino/arduino-testlib/cli-datadir/user/libraries/Pozyx/Pozyx_core.cpp:198:35: note: suggested alternative: &#39;REG_DSU_LENGTH&#39;
   int n_runs = ceil((float)size / BUFFER_LENGTH);
                                   ^~~~~~~~~~~~~
                                   REG_DSU_LENGTH
/Users/alranel/Documents/git/arduino/arduino-testlib/cli-datadir/user/libraries/Pozyx/Pozyx_core.cpp: In static member function &#39;static int PozyxClass::regWrite(uint8_t, uint8_t*, int)&#39;:
/Users/alranel/Documents/git/arduino/arduino-testlib/cli-datadir/user/libraries/Pozyx/Pozyx_core.cpp:229:35: error: &#39;BUFFER_LENGTH&#39; was not declared in this scope
   int n_runs = ceil((float)size / BUFFER_LENGTH);
                                   ^~~~~~~~~~~~~
/Users/alranel/Documents/git/arduino/arduino-testlib/cli-datadir/user/libraries/Pozyx/Pozyx_core.cpp:229:35: note: suggested alternative: &#39;REG_DSU_LENGTH&#39;
   int n_runs = ceil((float)size / BUFFER_LENGTH);
                                   ^~~~~~~~~~~~~
                                   REG_DSU_LENGTH
In file included from /Users/alranel/Documents/git/arduino/arduino-testlib/cli-datadir/user/libraries/Pozyx/Pozyx_core.cpp:8:0:
/Users/alranel/Documents/git/arduino/arduino-testlib/cli-datadir/user/libraries/Pozyx/Pozyx_core.cpp: In static member function &#39;static int PozyxClass::regFunction(uint8_t, uint8_t*, int, uint8_t*, int)&#39;:
/Users/alranel/Documents/git/arduino/arduino-testlib/cli-datadir/user/libraries/Pozyx/Pozyx_core.cpp:251:10: error: &#39;BUFFER_LENGTH&#39; was not declared in this scope
   assert(BUFFER_LENGTH &gt;= size&#43;1);           // Arduino-specific code for the i2c
          ^
/Users/alranel/Documents/git/arduino/arduino-testlib/cli-datadir/user/libraries/Pozyx/Pozyx.h:41:28: note: in definition of macro &#39;assert&#39;
     #define assert(e)    ((e) ? (void)0 : \
                            ^
/Users/alranel/Documents/git/arduino/arduino-testlib/cli-datadir/user/libraries/Pozyx/Pozyx_core.cpp:251:10: note: suggested alternative: &#39;REG_DSU_LENGTH&#39;
   assert(BUFFER_LENGTH &gt;= size&#43;1);           // Arduino-specific code for the i2c
          ^
/Users/alranel/Documents/git/arduino/arduino-testlib/cli-datadir/user/libraries/Pozyx/Pozyx.h:41:28: note: in definition of macro &#39;assert&#39;
     #define assert(e)    ((e) ? (void)0 : \
                            ^
/Users/alranel/Documents/git/arduino/arduino-testlib/cli-datadir/user/libraries/Pozyx/Pozyx_core.cpp: In static member function &#39;static int PozyxClass::writeTXBufferData(uint8_t*, int, int)&#39;:
/Users/alranel/Documents/git/arduino/arduino-testlib/cli-datadir/user/libraries/Pozyx/Pozyx_core.cpp:476:19: error: &#39;BUFFER_LENGTH&#39; was not declared in this scope
   int max_bytes = BUFFER_LENGTH-2;
                   ^~~~~~~~~~~~~
/Users/alranel/Documents/git/arduino/arduino-testlib/cli-datadir/user/libraries/Pozyx/Pozyx_core.cpp:476:19: note: suggested alternative: &#39;REG_DSU_LENGTH&#39;
   int max_bytes = BUFFER_LENGTH-2;
                   ^~~~~~~~~~~~~
                   REG_DSU_LENGTH
/Users/alranel/Documents/git/arduino/arduino-testlib/cli-datadir/user/libraries/Pozyx/Pozyx_core.cpp:483:5: error: &#39;params&#39; was not declared in this scope
     params[0] = offset &#43; i*max_bytes;      // the offset
     ^~~~~~
/Users/alranel/Documents/git/arduino/arduino-testlib/cli-datadir/user/libraries/Pozyx/Pozyx_core.cpp: In static member function &#39;static int PozyxClass::readRXBufferData(uint8_t*, int)&#39;:
/Users/alranel/Documents/git/arduino/arduino-testlib/cli-datadir/user/libraries/Pozyx/Pozyx_core.cpp:505:19: error: &#39;BUFFER_LENGTH&#39; was not declared in this scope
   int max_bytes = BUFFER_LENGTH-1;
                   ^~~~~~~~~~~~~
/Users/alranel/Documents/git/arduino/arduino-testlib/cli-datadir/user/libraries/Pozyx/Pozyx_core.cpp:505:19: note: suggested alternative: &#39;REG_DSU_LENGTH&#39;
   int max_bytes = BUFFER_LENGTH-1;
                   ^~~~~~~~~~~~~
                   REG_DSU_LENGTH

</pre>
					
					<h4>examples/ready_to_localize</h4>
					<p>
						Result: <b>FAIL</b>
					</p>
					<pre class="pre-scrollable">/Users/alranel/Documents/git/arduino/arduino-testlib/cli-datadir/user/libraries/Pozyx/Pozyx_core.cpp: In static member function &#39;static int PozyxClass::regRead(uint8_t, uint8_t*, int)&#39;:
/Users/alranel/Documents/git/arduino/arduino-testlib/cli-datadir/user/libraries/Pozyx/Pozyx_core.cpp:198:35: error: &#39;BUFFER_LENGTH&#39; was not declared in this scope
   int n_runs = ceil((float)size / BUFFER_LENGTH);
                                   ^~~~~~~~~~~~~
/Users/alranel/Documents/git/arduino/arduino-testlib/cli-datadi&amp;&amp; size &lt;= 20) || (size &lt;= 15));
           ^
/Users/alranel/Documents/git/arduino/arduino-testlib/cli-datadir/user/libraries/Pozyx/Pozyx.h:41:28: note: in definition of macro &#39;assert&#39;
     #define assert(e)    ((e) ? (void)0 : \
                            ^
/Users/alranel/Documents/git/arduino/arduino-testlib/cli-datadir/user/libraries/Pozyx/Pozyx_lib.cpp:1050:11: note: suggested alternative: &#39;REG_DSU_LENGTH&#39;
   assert((BUFFER_LENGTH &gt; 32 &amp;&amp; size &lt;= 20) || (size &lt;= 15));
           ^
/Users/alranel/Documents/git/arduino/arduino-testlib/cli-datadir/user/libraries/Pozyx/Pozyx.h:41:28: note: in definition of macro &#39;assert&#39;
     #define assert(e)    ((e) ? (void)0 : \
                            ^
l/Documents/git/arduino/arduino-testlib/cli-datadir/user/libraries/Pozyx/Pozyx_core.cpp:229:35: note: suggested alternative: &#39;REG_DSU_LENGTH&#39;
   int n_runs = ceil((float)size / BUFFER_LENGTH);
                                   ^~~~~~~~~~~~~
                                   REG_DSU_LENGTH
In file included from /Users/alranel/Documents/git/arduino/arduino-testlib/cli-datadir/user/libraries/Pozyx/Pozyx_core.cpp:8:0:
/Users/alranel/Documents/git/arduino/arduino-testlib/cli-datadir/user/libraries/Pozyx/Pozyx_core.cpp: In static member function &#39;static int PozyxClass::regFunction(uint8_t, uint8_t*, int, uint8_t*, int)&#39;:
/Users/alranel/Documents/git/arduino/arduino-testlib/cli-datadir/user/libraries/Pozyx/Pozyx_core.cpp:251:10: error: &#39;BUFFER_LENGTH&#39; was not declared in this scope
   assert(BUFFER_LENGTH &gt;= size&#43;1);           // Arduino-specific code for the i2c
          ^
/Users/alranel/Documents/git/arduino/arduino-testlib/cli-datadir/user/libraries/Pozyx/Pozyx.h:41:28: note: in definition of macro &#39;assert&#39;
     #define assert(e)    ((e) ? (void)0 : \
                            ^
/Users/alranel/Documents/git/arduino/arduino-testlib/cli-datadir/user/libraries/Pozyx/Pozyx_core.cpp:251:10: note: suggested alternative: &#39;REG_DSU_LENGTH&#39;
   assert(BUFFER_LENGTH &gt;= size&#43;1);           // Arduino-specific code for the i2c
          ^
/Users/alranel/Documents/git/arduino/arduino-testlib/cli-datadir/user/libraries/Pozyx/Pozyx.h:41:28: note: in definition of macro &#39;assert&#39;
     #define assert(e)    ((e) ? (void)0 : \
                            ^
/Users/alranel/Documents/git/arduino/arduino-testlib/cli-datadir/user/libraries/Pozyx/Pozyx_core.cpp: In static member function &#39;static int PozyxClass::writeTXBufferData(uint8_t*, int, int)&#39;:
/Users/alranel/Documents/git/arduino/arduino-testlib/cli-datadir/user/libraries/Pozyx/Pozyx_core.cpp:476:19: error: &#39;BUFFER_LENGTH&#39; was not declared in this scope
   int max_bytes = BUFFER_LENGTH-2;
                   ^~~~~~~~~~~~~
/Users/alranel/Documents/git/arduino/arduino-testlib/cli-datadir/user/libraries/Pozyx/Pozyx_core.cpp:476:19: note: suggested alternative: &#39;REG_DSU_LENGTH&#39;
   int max_bytes = BUFFER_LENGTH-2;
                   ^~~~~~~~~~~~~
                   REG_DSU_LENGTH
/Users/alranel/Documents/git/arduino/arduino-testlib/cli-datadir/user/libraries/Pozyx/Pozyx_core.cpp:483:5: error: &#39;params&#39; was not declared in this scope
     params[0] = offset &#43; i*max_bytes;      // the offset
     ^~~~~~
/Users/alranel/Documents/git/arduino/arduino-testlib/cli-datadir/user/libraries/Pozyx/Pozyx_core.cpp: In static member function &#39;static int PozyxClass::readRXBufferData(uint8_t*, int)&#39;:
/Users/alranel/Documents/git/arduino/arduino-testlib/cli-datadir/user/libraries/Pozyx/Pozyx_core.cpp:505:19: error: &#39;BUFFER_LENGTH&#39; was not declared in this scope
   int max_bytes = BUFFER_LENGTH-1;
                   ^~~~~~~~~~~~~
/Users/alranel/Documents/git/arduino/arduino-testlib/cli-datadir/user/libraries/Pozyx/Pozyx_core.cpp:505:19: note: suggested alternative: &#39;REG_DSU_LENGTH&#39;
   int max_bytes = BUFFER_LENGTH-1;
                   ^~~~~~~~~~~~~
                   REG_DSU_LENGTH

</pre>
					
					<h4>examples/ready_to_range</h4>
					<p>
						Result: <b>FAIL</b>
					</p>
					<pre class="pre-scrollable">/Users/alranel/Documents/git/arduino/arduino-testlib/cli-datadir/user/libraries/Pozyx/Pozyx_core.cpp: In static member function &#39;static int PozyxClass::regRead(uint8_t, uint8_t*, int)&#39;:
/Users/alranel/Documents/git/arduino/arduino-testlib/cli-datadir/user/libraries/Pozyx/Pozyx_core.cpp:198:35: error: &#39;BUFFER_LENGTH&#39; was not declared in this scope
   int n_runs = ceil((float)size / BUFFER_LENGTH);
                                   ^~~~~~~~~~~~~
/Users/alranel/Documents/git/arduino/arduino-testlib/cli-datadi&amp;&amp; size &lt;= 20) || (size &lt;= 15));
           ^
/Users/alranel/Documents/git/arduino/arduino-testlib/cli-datadir/user/libraries/Pozyx/Pozyx.h:41:28: note: in definition of macro &#39;assert&#39;
     #define assert(e)    ((e) ? (void)0 : \
                            ^
/Users/alranel/Documents/git/arduino/arduino-testlib/cli-datadir/user/libraries/Pozyx/Pozyx_lib.cpp:1050:11: note: suggested alternative: &#39;REG_DSU_LENGTH&#39;
   assert((BUFFER_LENGTH &gt; 32 &amp;&amp; size &lt;= 20) || (size &lt;= 15));
           ^
/Users/alranel/Documents/git/arduino/arduino-testlib/cli-datadir/user/libraries/Pozyx/Pozyx.h:41:28: note: in definition of macro &#39;assert&#39;
     #define assert(e)    ((e) ? (void)0 : \
                            ^
l/Documents/git/arduino/arduino-testlib/cli-datadir/user/libraries/Pozyx/Pozyx_core.cpp:229:35: note: suggested alternative: &#39;REG_DSU_LENGTH&#39;
   int n_runs = ceil((float)size / BUFFER_LENGTH);
                                   ^~~~~~~~~~~~~
                                   REG_DSU_LENGTH
In file included from /Users/alranel/Documents/git/arduino/arduino-testlib/cli-datadir/user/libraries/Pozyx/Pozyx_core.cpp:8:0:
/Users/alranel/Documents/git/arduino/arduino-testlib/cli-datadir/user/libraries/Pozyx/Pozyx_core.cpp: In static member function &#39;static int PozyxClass::regFunction(uint8_t, uint8_t*, int, uint8_t*, int)&#39;:
/Users/alranel/Documents/git/arduino/arduino-testlib/cli-datadir/user/libraries/Pozyx/Pozyx_core.cpp:251:10: error: &#39;BUFFER_LENGTH&#39; was not declared in this scope
   assert(BUFFER_LENGTH &gt;= size&#43;1);           // Arduino-specific code for the i2c
          ^
/Users/alranel/Documents/git/arduino/arduino-testlib/cli-datadir/user/libraries/Pozyx/Pozyx.h:41:28: note: in definition of macro &#39;assert&#39;
     #define assert(e)    ((e) ? (void)0 : \
                            ^
/Users/alranel/Documents/git/arduino/arduino-testlib/cli-datadir/user/libraries/Pozyx/Pozyx_core.cpp:251:10: note: suggested alternative: &#39;REG_DSU_LENGTH&#39;
   assert(BUFFER_LENGTH &gt;= size&#43;1);           // Arduino-specific code for the i2c
          ^
/Users/alranel/Documents/git/arduino/arduino-testlib/cli-datadir/user/libraries/Pozyx/Pozyx.h:41:28: note: in definition of macro &#39;assert&#39;
     #define assert(e)    ((e) ? (void)0 : \
                            ^
/Users/alranel/Documents/git/arduino/arduino-testlib/cli-datadir/user/libraries/Pozyx/Pozyx_core.cpp: In static member function &#39;static int PozyxClass::writeTXBufferData(uint8_t*, int, int)&#39;:
/Users/alranel/Documents/git/arduino/arduino-testlib/cli-datadir/user/libraries/Pozyx/Pozyx_core.cpp:476:19: error: &#39;BUFFER_LENGTH&#39; was not declared in this scope
   int max_bytes = BUFFER_LENGTH-2;
                   ^~~~~~~~~~~~~
/Users/alranel/Documents/git/arduino/arduino-testlib/cli-datadir/user/libraries/Pozyx/Pozyx_core.cpp:476:19: note: suggested alternative: &#39;REG_DSU_LENGTH&#39;
   int max_bytes = BUFFER_LENGTH-2;
                   ^~~~~~~~~~~~~
                   REG_DSU_LENGTH
/Users/alranel/Documents/git/arduino/arduino-testlib/cli-datadir/user/libraries/Pozyx/Pozyx_core.cpp:483:5: error: &#39;params&#39; was not declared in this scope
     params[0] = offset &#43; i*max_bytes;      // the offset
     ^~~~~~
/Users/alranel/Documents/git/arduino/arduino-testlib/cli-datadir/user/libraries/Pozyx/Pozyx_core.cpp: In static member function &#39;static int PozyxClass::readRXBufferData(uint8_t*, int)&#39;:
/Users/alranel/Documents/git/arduino/arduino-testlib/cli-datadir/user/libraries/Pozyx/Pozyx_core.cpp:505:19: error: &#39;BUFFER_LENGTH&#39; was not declared in this scope
   int max_bytes = BUFFER_LENGTH-1;
                   ^~~~~~~~~~~~~
/Users/alranel/Documents/git/arduino/arduino-testlib/cli-datadir/user/libraries/Pozyx/Pozyx_core.cpp:505:19: note: suggested alternative: &#39;REG_DSU_LENGTH&#39;
   int max_bytes = BUFFER_LENGTH-1;
                   ^~~~~~~~~~~~~
                   REG_DSU_LENGTH

</pre>
					
					<h4>examples/useful</h4>
					<p>
						Result: <b>FAIL</b>
					</p>
					<pre class="pre-scrollable"></pre>
					
				
				<h3 id="esp32:esp32:d1_mini32">esp32:esp32:d1_mini32 @ 1.0.6</h3>
				<h4>Inclusion</h4>
				<p>
					Result: <b>FAIL</b>
					
				</p>
				<pre class="pre-scrollable">/home/ec2-user/arduino-testlib/cli-datadir/user/libraries/Pozyx/Pozyx_core.cpp: In static member function &#39;static int PozyxClass::regRead(uint8_t, uint8_t*, int)&#39;:
/home/ec2-user/arduino-testlib/cli-datadir/user/libraries/Pozyx/Pozyx_core.cpp:198:35: error: &#39;BUFFER_LENGTH&#39; was not declared in this scope
   int n_runs = ceil((float)size / BUFFER_LENGTH);
                                   ^
/home/ec2-user/arduino-testlib/cli-datadir/user/libraries/Pozyx/Pozyx_core.cpp: In static member function &#39;static int Pno-testlib/cli-datadir/user/libraries/Pozyx/Pozyx.h:41:28: note: in definition of macro &#39;assert&#39;
     #define assert(e)    ((e) ? (void)0 : \
                            ^

</pre>

					
					<h4>examples/chat_room</h4>
					<p>
						Result: <b>FAIL</b>
					</p>
					<pre class="pre-scrollable">/home/ec2-user/arduino-testlib/cli-datadir/user/libraries/Pozyx/Pozyx_core.cpp: In static member function &#39;static int PozyxClass::regRead(uint8_t, uint8_t*, int)&#39;:
/home/ec2-user/arduino-testlib/cli-datadir/user/libraries/Pozyx/Pozyx_core.cpp:198:35: error: &#39;BUFFER_LENGTH&#39; was not declared in this scope
   int n_runs = ceil((float)size / BUFFER_LENGTH);
                                   ^
/home/ec2-user/arduino-testlib/cli-datadir/user/libraries/Pozyx/Pozyx_core.cpp: In static member function &#39;static int Pno-testlib/cli-datadir/user/libraries/Pozyx/Pozyx.h:41:28: note: in definition of macro &#39;assert&#39;
     #define assert(e)    ((e) ? (void)0 : \
                            ^

</pre>
					
					<h4>examples/multitag_positioning</h4>
					<p>
						Result: <b>FAIL</b>
					</p>
					<pre class="pre-scrollable">/home/ec2-user/arduino-testlib/cli-datadir/user/libraries/Pozyx/Pozyx_core.cpp: In static member function &#39;static int PozyxClass::regRead(uint8_t, uint8_t*, int)&#39;:
/home/ec2-user/arduino-testlib/cli-datadir/user/libraries/Pozyx/Pozyx_core.cpp:198:35: error: &#39;BUFFER_LENGTH&#39; was not declared in this scope
   int n_runs = ceil((float)size / BUFFER_LENGTH);
                                   ^
/home/ec2-user/arduino-testlib/cli-datadir/user/libraries/Pozyx/Pozyx_core.cpp: In static member function &#39;static int Pno-testlib/cli-datadir/user/libraries/Pozyx/Pozyx.h:41:28: note: in definition of macro &#39;assert&#39;
     #define assert(e)    ((e) ? (void)0 : \
                            ^

</pre>
					
					<h4>examples/old</h4>
					<p>
						Result: <b>FAIL</b>
					</p>
					<pre class="pre-scrollable"></pre>
					
					<h4>examples/orientation_3D</h4>
					<p>
						Result: <b>FAIL</b>
					</p>
					<pre class="pre-scrollable">In file included from /home/ec2-user/arduino-testlib/cli-datadir/user/libraries/Pozyx/Pozyx_lib.cpp:8:0:
/home/ec2-user/arduino-testlib/cli-datadir/user/libraries/Pozyx/Pozyx_lib.cpp: In static member function &#39;static int PozyxClass::getDeviceIds(uint16_t*, int, uint16_t)&#39;:
/home/ec2-user/arduino-testlib/cli-datadir/user/libraries/Pozyx/Pozyx_lib.cpp:1050:11: error: &#39;BUFFER_LENGTH&#39; was not /home/ec2-user/arduino-testlib/cli-datadir/user/libraries/Pozyx/Pozyx_core.cpp: In static member function &#39;static int PozyxClass::regWrite(uint8_t, uint8_t*, int)&#39;:
/home/ec2-user/arduino-testlib/cli-datadir/user/libraries/Pozyx/Pozyx_core.cpp:229:35: error: &#39;BUFFER_LENGTH&#39; was not declared in this scope
   int n_runs = ceil((float)size / BUFFER_LENGTH);
                                   ^
In file included from /home/ec2-user/arduino-testlib/cli-datadir/user/libraries/Pozyx/Pozyx_core.cpp:8:0:
/home/ec2-user/arduino-testlib/cli-datadir/user/libraries/Pozyx/Pozyx_core.cpp: In static member function &#39;static int PozyxClass::regFunction(uint8_t, uint8_t*, int, uint8_t*, int)&#39;:
/home/ec2-user/arduino-testlib/cli-datadir/user/libraries/Pozyx/Pozyx_core.cpp:251:10: error: &#39;BUFFER_LENGTH&#39; was not declared in this scope
   assert(BUFFER_LENGTH &gt;= size&#43;1);           // Arduino-specific code for the i2c
          ^
/home/ec2-user/arduino-testlib/cli-datadir/user/libraries/Pozyx/Pozyx.h:41:28: note: in definition of macro &#39;assert&#39;
     #define assert(e)    ((e) ? (void)0 : \
                            ^
/home/ec2-user/arduino-testlib/cli-datadir/user/libraries/Pozyx/Pozyx_core.cpp: In static member function &#39;static int PozyxClass::writeTXBufferData(uint8_t*, int, int)&#39;:
/home/ec2-user/arduino-testlib/cli-datadir/user/libraries/Pozyx/Pozyx_core.cpp:476:19: error: &#39;BUFFER_LENGTH&#39; was not declared in this scope
   int max_bytes = BUFFER_LENGTH-2;
                   ^
/home/ec2-user/arduino-testlib/cli-datadir/user/libraries/Pozyx/Pozyx_core.cpp:483:5: error: &#39;params&#39; was not declared in this scope
     params[0] = offset &#43; i*max_bytes;      // the offset
     ^
/home/ec2-user/arduino-testlib/cli-datadir/user/libraries/Pozyx/Pozyx_core.cpp: In static member function &#39;static int PozyxClass::readRXBufferData(uint8_t*, int)&#39;:
/home/ec2-user/arduino-testlib/cli-datadir/user/libraries/Pozyx/Pozyx_core.cpp:505:19: error: &#39;BUFFER_LENGTH&#39; was not declared in this scope
   int max_bytes = BUFFER_LENGTH-1;
                   ^
In file included from /home/ec2-user/arduino-testlib/cli-datadir/user/libraries/Pozyx/Pozyx_core.cpp:9:0:
/home/ec2-user/arduino-testlib/cli-datadir/data/packages/esp32/hardware/esp32/1.0.6/libraries/Wire/src/Wire.h: In static member function &#39;static int PozyxClass::i2cWriteRead(uint8_t*, int, uint8_t*, int)&#39;:
/home/ec2-user/arduino-testlib/cli-datadir/data/packages/esp32/hardware/esp32/1.0.6/libraries/Wire/src/Wire.h:102:13: note: candidate 1: uint8_t TwoWire::requestFrom(int, int, int)
     uint8_t requestFrom(int address, int size, int sendStop);
             ^
/home/ec2-user/arduino-testlib/cli-datadir/data/packages/esp32/hardware/esp32/1.0.6/libraries/Wire/src/Wire.h:97:13: note: candidate 2: uint8_t TwoWire::requestFrom(uint16_t, uint8_t, bool)
     uint8_t requestFrom(uint16_t address, uint8_t size, bool sendStop);
             ^
/home/ec2-user/arduino-testlib/cli-datadir/data/packages/esp32/hardware/esp32/1.0.6/libraries/Wire/src/Wire.h:102:13: note: candidate 1: uint8_t TwoWire::requestFrom(int, int, int)
     uint8_t requestFrom(int address, int size, int sendStop);
             ^
/home/ec2-user/arduino-testlib/cli-datadir/data/packages/esp32/hardware/esp32/1.0.6/libraries/Wire/src/Wire.h:97:13: note: candidate 2: uint8_t TwoWire::requestFrom(uint16_t, uint8_t, bool)
     uint8_t requestFrom(uint16_t address, uint8_t size, bool sendStop);
             ^

</pre>
					
					<h4>examples/ready_to_localize</h4>
					<p>
						Result: <b>FAIL</b>
					</p>
					<pre class="pre-scrollable">/home/ec2-user/arduino-testlib/cli-datadir/user/libraries/Pozyx/Pozyx_core.cpp: In static member function &#39;static int PozyxClass::regRead(uint8_t, uint8_t*, int)&#39;:
/home/ec2-user/arduino-testlib/cli-datadir/user/libraries/Pozyx/Pozyx_core.cpp:198:35: error: &#39;BUFFER_LENGTH&#39; was not declared in this scope
   int n_runs = ceil((float)size / BUFFER_LENGTH);
                                   ^
/home/ec2-user/arduino-testlib/cli-datadir/user/libraries/Pozyx/Pozyx_core.cpp: In static member function &#39;static int Pno-testlib/cli-datadir/user/libraries/Pozyx/Pozyx.h:41:28: note: in definition of macro &#39;assert&#39;
     #define assert(e)    ((e) ? (void)0 : \
                            ^

</pre>
					
					<h4>examples/ready_to_range</h4>
					<p>
						Result: <b>FAIL</b>
					</p>
					<pre class="pre-scrollable">/home/ec2-user/arduino-testlib/cli-datadir/user/libraries/Pozyx/Pozyx_core.cpp: In static member function &#39;static int PozyxClass::regRead(uint8_t, uint8_t*, int)&#39;:
/home/ec2-user/arduino-testlib/cli-datadir/user/libraries/Pozyx/Pozyx_core.cpp:198:35: error: &#39;BUFFER_LENGTH&#39; was not declared in this scope
   int n_runs = ceil((float)size / BUFFER_LENGTH);
                                   ^
/home/ec2-user/arduino-testlib/cli-datadir/user/libraries/Pozyx/Pozyx_core.cpp: In static member function &#39;static int Pno-testlib/cli-datadir/user/libraries/Pozyx/Pozyx.h:41:28: note: in definition of macro &#39;assert&#39;
     #define assert(e)    ((e) ? (void)0 : \
                            ^

</pre>
					
					<h4>examples/useful</h4>
					<p>
						Result: <b>FAIL</b>
					</p>
					<pre class="pre-scrollable"></pre>
					
				
			</div>
		</div>
	</div>
  </body>
</html>
