
<!doctype html>
<html lang="en">
  <head>
    <meta charset="utf-8">
    <meta name="viewport" content="width=device-width, initial-scale=1">
    <link href="https://cdn.jsdelivr.net/npm/bootstrap@5.0.2/dist/css/bootstrap.min.css" rel="stylesheet" integrity="sha384-EVSTQN3/azprG1Anm3QDgpJLIm9Nao0Yz1ztcQTwFspd3yD65VohhpuuCOmLASjC" crossorigin="anonymous">
    <title>arduino-testlib report</title>
	<style>
	.pass { background-color: #00FF00 !important; }
	.fail { background-color: #FF0000 !important; }
	</style>
  </head>
  <body>
	<div class="container">
		<div class="row">
			<div class="col">
				<h1>PRDC_AD7797 - compatibility matrix</h1>
				<p>
					<small>This report was generated on Wednesday, 23-Feb-22 22:48:15 CET using 
					<a href="https://github.com/alranel/arduino-testlib">arduino-testlib</a>.</small>
				</p>

				<h2>PRDC_AD7797</h2>
				<p>
					Version: <b>1.0.1</b>
					<br />
					<a href="https://www.arduino.cc/reference/en/libraries/prdc_ad7797/">More details</a>
				</p>

				<h2>Compatibility matrix</h2>
				<table class="table table-bordered">
					<tr>
						<th>Board</th>
						<th>Claims compatibility</th>
						<th>Inclusion</th>
						
						<th><pre>LCADC-8_nolib</pre></th>
						
						<th><pre>LCADC-8_test</pre></th>
						
					</tr>
					
					<tr>
						<td>
							<a href="#arduino%3aavr%3auno"><b>arduino:avr:uno</b></a>
							<br />
							<small>1.8.4</small>
						</td>

						
							<td>Yes</td>
							<td class="pass">PASS</td>
						
						
						
						

						
							
								
									
										
											
											<td class="fail">FAIL</td>
										
									
										
									
								
							
								
							
								
							
								
							
								
							
						
							
								
									
										
									
										
											
											<td class="fail">FAIL</td>
										
									
								
							
								
							
								
							
								
							
								
							
						
					</tr>
					
					<tr>
						<td>
							<a href="#arduino%3ambed_nano%3ananorp2040connect"><b>arduino:mbed_nano:nanorp2040connect</b></a>
							<br />
							<small>2.7.2</small>
						</td>

						
							<td>Yes</td>
							<td class="pass">PASS</td>
						
						
						
						

						
							
								
							
								
									
										
											
											<td class="fail">FAIL</td>
										
									
										
									
								
							
								
							
								
							
								
							
						
							
								
							
								
									
										
									
										
											
											<td class="fail">FAIL</td>
										
									
								
							
								
							
								
							
								
							
						
					</tr>
					
					<tr>
						<td>
							<a href="#arduino%3amegaavr%3anona4809"><b>arduino:megaavr:nona4809</b></a>
							<br />
							<small>1.8.7</small>
						</td>

						
							<td>Yes</td>
							<td class="pass">PASS</td>
						
						
						
						

						
							
								
							
								
							
								
									
										
											
											<td class="fail">FAIL</td>
										
									
										
									
								
							
								
							
								
							
						
							
								
							
								
							
								
									
										
									
										
											
											<td class="fail">FAIL</td>
										
									
								
							
								
							
								
							
						
					</tr>
					
					<tr>
						<td>
							<a href="#arduino%3asamd%3amkrwifi1010"><b>arduino:samd:mkrwifi1010</b></a>
							<br />
							<small>1.8.12</small>
						</td>

						
							<td>Yes</td>
							<td class="pass">PASS</td>
						
						
						
						

						
							
								
							
								
							
								
							
								
									
										
											
											<td class="fail">FAIL</td>
										
									
										
									
								
							
								
							
						
							
								
							
								
							
								
							
								
									
										
									
										
											
											<td class="fail">FAIL</td>
										
									
								
							
								
							
						
					</tr>
					
					<tr>
						<td>
							<a href="#esp32%3aesp32%3ad1_mini32"><b>esp32:esp32:d1_mini32</b></a>
							<br />
							<small>1.0.6</small>
						</td>

						
							<td>Yes</td>
							<td class="pass">PASS</td>
						
						
						
						

						
							
								
							
								
							
								
							
								
							
								
									
										
											
											<td class="fail">FAIL</td>
										
									
										
									
								
							
						
							
								
							
								
							
								
							
								
							
								
									
										
									
										
											
											<td class="fail">FAIL</td>
										
									
								
							
						
					</tr>
					
				</table>

				<h2>Compilation logs</h2>
				
				<h3 id="arduino:avr:uno">arduino:avr:uno @ 1.8.4</h3>
				<h4>Inclusion</h4>
				<p>
					Result: <b>PASS</b>
					
				</p>
				<pre class="pre-scrollable">Sketch uses 1332 bytes (4%) of program storage space. Maximum is 32256 bytes.
Global variables use 184 bytes (8%) of dynamic memory, leaving 1864 bytes for local variables. Maximum is 2048 bytes.
</pre>

					
					<h4>examples/LCADC-8_nolib</h4>
					<p>
						Result: <b>FAIL</b>
					</p>
					<pre class="pre-scrollable">/home/ec2-user/arduino-testlib/cli-datadir/user/libraries/PRDC_AD7797/examples/LCADC-8_nolib/LCADC-8_nolib.ino:38:17: error: &#39;PB10&#39; was not declared in this scope
 #define ADC5_CS PB10
                 ^
/home/ec2-user/arduino-testlib/cli-datadir/user/libraries/PRDC_AD7797/examples/LCADC-8_nolib/LCADC-8_nolib.ino:46:59: note: in expansion of macro &#39;ADC5_CS&#39;
 const uint8_t adc_cs[] = {ADC1_CS,ADC2_CS,ADC3_CS,ADC4_CS,ADC5_CS,ADC6_CS,ADC7_CS,ADC8_CS};
                                                           ^~~~~~~
/home/ec2-user/arduino-testlib/cli-datadir/user/libraries/PRDC_AD7797/examples/LCADC-8_nolib/LCADC-8_nolib.ino:38:17: note: suggested alternative: &#39;B10&#39;
 #define ADC5_CS PB10
                 ^
/home/ec2-user/arduino-testlib/cli-datadir/user/libraries/PRDC_AD7797/examples/LCADC-8_nolib/LCADC-8_nolib.ino:46:59: note: in expansion of macro &#39;ADC5_CS&#39;
 const uint8_t adc_cs[] = {ADC1_CS,ADC2_CS,ADC3_CS,ADC4_CS,ADC5_CS,ADC6_CS,ADC7_CS,ADC8_CS};
                                                           ^~~~~~~
/home/ec2-user/arduino-testlib/cli-datadir/user/libraries/PRDC_AD7797/examples/LCADC-8_nolib/LCADC-8_nolib.ino:41:17: error: &#39;PA4&#39; was not declared in this scope
 #define ADC8_CS PA4
                 ^
/home/ec2-user/arduino-testlib/cli-datadir/user/libraries/PRDC_AD7797/examples/LCADC-8_nolib/LCADC-8_nolib.ino:46:83: note: in expansion of macro &#39;ADC8_CS&#39;
 const uint8_t adc_cs[] = {ADC1_CS,ADC2_CS,ADC3_CS,ADC4_CS,ADC5_CS,ADC6_CS,ADC7_CS,ADC8_CS};
                                                                                   ^~~~~~~
/home/ec2-user/arduino-testlib/cli-datadir/user/libraries/PRDC_AD7797/examples/LCADC-8_nolib/LCADC-8_nolib.ino:41:17: note: suggested alternative: &#39;A4&#39;
 #define ADC8_CS PA4
                 ^
/home/ec2-user/arduino-testlib/cli-datadir/user/libraries/PRDC_AD7797/examples/LCADC-8_nolib/LCADC-8_nolib.ino:46:83: note: in expansion of macro &#39;ADC8_CS&#39;
 const uint8_t adc_cs[] = {ADC1_CS,ADC2_CS,ADC3_CS,ADC4_CS,ADC5_CS,ADC6_CS,ADC7_CS,ADC8_CS};
                                                                                   ^~~~~~~

</pre>
					
					<h4>examples/LCADC-8_test</h4>
					<p>
						Result: <b>FAIL</b>
					</p>
					<pre class="pre-scrollable">/home/ec2-user/arduino-testlib/cli-datadir/user/libraries/PRDC_AD7797/examples/LCADC-8_test/LCADC-8_test.ino:40:17: error: &#39;PB10&#39; was not declared in this scope
 #define ADC5_CS PB10
                 ^
/home/ec2-user/arduino-testlib/cli-datadir/user/libraries/PRDC_AD7797/examples/LCADC-8_test/LCADC-8_test.ino:49:59: note: in expansion of macro &#39;ADC5_CS&#39;
 const uint8_t adc_cs[] = {ADC1_CS,ADC2_CS,ADC3_CS,ADC4_CS,ADC5_CS,ADC6_CS,ADC7_CS,ADC8_CS};
                                                           ^~~~~~~
/home/ec2-user/arduino-testlib/cli-datadir/user/libraries/PRDC_AD7797/examples/LCADC-8_test/LCADC-8_test.ino:40:17: note: suggested alternative: &#39;B10&#39;
 #define ADC5_CS PB10
                 ^
/home/ec2-user/arduino-testlib/cli-datadir/user/libraries/PRDC_AD7797/examples/LCADC-8_test/LCADC-8_test.ino:49:59: note: in expansion of macro &#39;ADC5_CS&#39;
 const uint8_t adc_cs[] = {ADC1_CS,ADC2_CS,ADC3_CS,ADC4_CS,ADC5_CS,ADC6_CS,ADC7_CS,ADC8_CS};
                                                           ^~~~~~~
/home/ec2-user/arduino-testlib/cli-datadir/user/libraries/PRDC_AD7797/examples/LCADC-8_test/LCADC-8_test.ino:43:17: error: &#39;PA4&#39; was not declared in this scope
 #define ADC8_CS PA4
                 ^
/home/ec2-user/arduino-testlib/cli-datadir/user/libraries/PRDC_AD7797/examples/LCADC-8_test/LCADC-8_test.ino:49:83: note: in expansion of macro &#39;ADC8_CS&#39;
 const uint8_t adc_cs[] = {ADC1_CS,ADC2_CS,ADC3_CS,ADC4_CS,ADC5_CS,ADC6_CS,ADC7_CS,ADC8_CS};
                                                                                   ^~~~~~~
/home/ec2-user/arduino-testlib/cli-datadir/user/libraries/PRDC_AD7797/examples/LCADC-8_test/LCADC-8_test.ino:43:17: note: suggested alternative: &#39;A4&#39;
 #define ADC8_CS PA4
                 ^
/home/ec2-user/arduino-testlib/cli-datadir/user/libraries/PRDC_AD7797/examples/LCADC-8_test/LCADC-8_test.ino:49:83: note: in expansion of macro &#39;ADC8_CS&#39;
 const uint8_t adc_cs[] = {ADC1_CS,ADC2_CS,ADC3_CS,ADC4_CS,ADC5_CS,ADC6_CS,ADC7_CS,ADC8_CS};
                                                                                   ^~~~~~~

</pre>
					
				
				<h3 id="arduino:mbed_nano:nanorp2040connect">arduino:mbed_nano:nanorp2040connect @ 2.7.2</h3>
				<h4>Inclusion</h4>
				<p>
					Result: <b>PASS</b>
					
				</p>
				<pre class="pre-scrollable">Sketch uses 80722 bytes (0%) of program storage space. Maximum is 16777216 bytes.
Global variables use 43616 bytes (16%) of dynamic memory, leaving 226720 bytes for local variables. Maximum is 270336 bytes.
</pre>

					
					<h4>examples/LCADC-8_nolib</h4>
					<p>
						Result: <b>FAIL</b>
					</p>
					<pre class="pre-scrollable">/home/ec2-user/arduino-testlib/cli-datadir/user/libraries/PRDC_AD7797/examples/LCADC-8_nolib/LCADC-8_nolib.ino:34:17: error: &#39;PB3&#39; was not declared in this scope
 #define ADC1_CS PB3
                 ^
/home/ec2-user/arduino-testlib/cli-datadir/user/libraries/PRDC_AD7797/examples/LCADC-8_nolib/LCADC-8_nolib.ino:46:27: note: in expansion of macro &#39;ADC1_CS&#39;
 const uint8_t adc_cs[] = {ADC1_CS,ADC2_CS,ADC3_CS,ADC4_CS,ADC5_CS,ADC6_CS,ADC7_CS,ADC8_CS};
                           ^~~~~~~
/home/ec2-user/arduino-testlib/cli-datadir/user/libraries/PRDC_AD7797/examples/LCADC-8_nolib/LCADC-8_nolib.ino:35:17: error: &#39;PB5&#39; was not declared in this scope
 #define ADC2_CS PB5
                 ^
/home/ec2-user/arduino-testlib/cli-datadir/user/libraries/PRDC_AD7797/examples/LCADC-8_nolib/LCADC-8_nolib.ino:46:35: note: in expansion of macro &#39;ADC2_CS&#39;
 const uint8_t adc_cs[] = {ADC1_CS,ADC2_CS,ADC3_CS,ADC4_CS,ADC5_CS,ADC6_CS,ADC7_CS,ADC8_CS};
                                   ^~~~~~~
/home/ec2-user/arduino-testlib/cli-datadir/user/libraries/PRDC_AD7797/examples/LCADC-8_nolib/LCADC-8_nolib.ino:36:17: error: &#39;PB6&#39; was not declared in this scope
 #define ADC3_CS PB6
                 ^
/home/ec2-user/arduino-testlib/cli-datadir/user/libraries/PRDC_AD7797/examples/LCADC-8_nolib/LCADC-8_nolib.ino:46:43: note: in expansion of macro &#39;ADC3_CS&#39;
 const uint8_t adc_cs[] = {ADC1_CS,ADC2_CS,ADC3_CS,ADC4_CS,ADC5_CS,ADC6_CS,ADC7_CS,ADC8_CS};
                                           ^~~~~~~
/home/ec2-user/arduino-testlib/cli-datadir/user/libraries/PRDC_AD7797/examples/LCADC-8_nolib/LCADC-8_nolib.ino:37:17: error: &#39;PB7&#39; was not declared in this scope
 #define ADC4_CS PB7
                 ^
/home/ec2-user/arduino-testlib/cli-datadir/user/libraries/PRDC_AD7797/examples/LCADC-8_nolib/LCADC-8_nolib.ino:46:51: note: in expansion of macro &#39;ADC4_CS&#39;
 const uint8_t adc_cs[] = {ADC1_CS,ADC2_CS,ADC3_CS,ADC4_CS,ADC5_CS,ADC6_CS,ADC7_CS,ADC8_CS};
                                                   ^~~~~~~
/home/ec2-user/arduino-testlib/cli-datadir/user/libraries/PRDC_AD7797/examples/LCADC-8_nolib/LCADC-8_nolib.ino:38:17: error: &#39;PB10&#39; was not declared in this scope
 #define ADC5_CS PB10
                 ^
/home/ec2-user/arduino-testlib/cli-datadir/user/libraries/PRDC_AD7797/examples/LCADC-8_nolib/LCADC-8_nolib.ino:46:59: note: in expansion of macro &#39;ADC5_CS&#39;
 const uint8_t adc_cs[] = {ADC1_CS,ADC2_CS,ADC3_CS,ADC4_CS,ADC5_CS,ADC6_CS,ADC7_CS,ADC8_CS};
                                                           ^~~~~~~
/home/ec2-user/arduino-testlib/cli-datadir/user/libraries/PRDC_AD7797/examples/LCADC-8_nolib/LCADC-8_nolib.ino:38:17: note: suggested alternative: &#39;B10&#39;
 #define ADC5_CS PB10
                 ^
/home/ec2-user/arduino-testlib/cli-datadir/user/libraries/PRDC_AD7797/examples/LCADC-8_nolib/LCADC-8_nolib.ino:46:59: note: in expansion of macro &#39;ADC5_CS&#39;
 const uint8_t adc_cs[] = {ADC1_CS,ADC2_CS,ADC3_CS,ADC4_CS,ADC5_CS,ADC6_CS,ADC7_CS,ADC8_CS};
                                                           ^~~~~~~
/home/ec2-user/arduino-testlib/cli-datadir/user/libraries/PRDC_AD7797/examples/LCADC-8_nolib/LCADC-8_nolib.ino:39:17: error: &#39;PB2&#39; was not declared in this scope
 #define ADC6_CS PB2
                 ^
/home/ec2-user/arduino-testlib/cli-datadir/user/libraries/PRDC_AD7797/examples/LCADC-8_nolib/LCADC-8_nolib.ino:46:67: note: in expansion of macro &#39;ADC6_CS&#39;
 const uint8_t adc_cs[] = {ADC1_CS,ADC2_CS,ADC3_CS,ADC4_CS,ADC5_CS,ADC6_CS,ADC7_CS,ADC8_CS};
                                                                   ^~~~~~~
/home/ec2-user/arduino-testlib/cli-datadir/user/libraries/PRDC_AD7797/examples/LCADC-8_nolib/LCADC-8_nolib.ino:40:17: error: &#39;PB1&#39; was not declared in this scope
 #define ADC7_CS PB1
                 ^
/home/ec2-user/arduino-testlib/cli-datadir/user/libraries/PRDC_AD7797/examples/LCADC-8_nolib/LCADC-8_nolib.ino:46:75: note: in expansion of macro &#39;ADC7_CS&#39;
 const uint8_t adc_cs[] = {ADC1_CS,ADC2_CS,ADC3_CS,ADC4_CS,ADC5_CS,ADC6_CS,ADC7_CS,ADC8_CS};
                                                                           ^~~~~~~
/home/ec2-user/arduino-testlib/cli-datadir/user/libraries/PRDC_AD7797/examples/LCADC-8_nolib/LCADC-8_nolib.ino:40:17: note: suggested alternative: &#39;B1&#39;
 #define ADC7_CS PB1
                 ^
/home/ec2-user/arduino-testlib/cli-datadir/user/libraries/PRDC_AD7797/examples/LCADC-8_nolib/LCADC-8_nolib.ino:46:75: note: in expansion of macro &#39;ADC7_CS&#39;
 const uint8_t adc_cs[] = {ADC1_CS,ADC2_CS,ADC3_CS,ADC4_CS,ADC5_CS,ADC6_CS,ADC7_CS,ADC8_CS};
                                                                           ^~~~~~~
/home/ec2-user/arduino-testlib/cli-datadir/user/libraries/PRDC_AD7797/examples/LCADC-8_nolib/LCADC-8_nolib.ino:41:17: error: &#39;PA4&#39; was not declared in this scope
 #define ADC8_CS PA4
                 ^
/home/ec2-user/arduino-testlib/cli-datadir/user/libraries/PRDC_AD7797/examples/LCADC-8_nolib/LCADC-8_nolib.ino:46:83: note: in expansion of macro &#39;ADC8_CS&#39;
 const uint8_t adc_cs[] = {ADC1_CS,ADC2_CS,ADC3_CS,ADC4_CS,ADC5_CS,ADC6_CS,ADC7_CS,ADC8_CS};
                                                                                   ^~~~~~~
/home/ec2-user/arduino-testlib/cli-datadir/user/libraries/PRDC_AD7797/examples/LCADC-8_nolib/LCADC-8_nolib.ino:41:17: note: suggested alternative: &#39;A4&#39;
 #define ADC8_CS PA4
                 ^
/home/ec2-user/arduino-testlib/cli-datadir/user/libraries/PRDC_AD7797/examples/LCADC-8_nolib/LCADC-8_nolib.ino:46:83: note: in expansion of macro &#39;ADC8_CS&#39;
 const uint8_t adc_cs[] = {ADC1_CS,ADC2_CS,ADC3_CS,ADC4_CS,ADC5_CS,ADC6_CS,ADC7_CS,ADC8_CS};
                                                                                   ^~~~~~~
/home/ec2-user/arduino-testlib/cli-datadir/user/libraries/PRDC_AD7797/examples/LCADC-8_nolib/LCADC-8_nolib.ino: In function &#39;void setup()&#39;:
/home/ec2-user/arduino-testlib/cli-datadir/user/libraries/PRDC_AD7797/examples/LCADC-8_nolib/LCADC-8_nolib.ino:48:15: error: &#39;PB0&#39; was not declared in this scope
 #define LED_1 PB0
               ^
/home/ec2-user/arduino-testlib/cli-datadir/user/libraries/PRDC_AD7797/examples/LCADC-8_nolib/LCADC-8_nolib.ino:59:11: note: in expansion of macro &#39;LED_1&#39;
   pinMode(LED_1,OUTPUT);
           ^~~~~
/home/ec2-user/arduino-testlib/cli-datadir/user/libraries/PRDC_AD7797/examples/LCADC-8_nolib/LCADC-8_nolib.ino:48:15: note: suggested alternative: &#39;B0&#39;
 #define LED_1 PB0
               ^
/home/ec2-user/arduino-testlib/cli-datadir/user/libraries/PRDC_AD7797/examples/LCADC-8_nolib/LCADC-8_nolib.ino:59:11: note: in expansion of macro &#39;LED_1&#39;
   pinMode(LED_1,OUTPUT);
           ^~~~~
/home/ec2-user/arduino-testlib/cli-datadir/user/libraries/PRDC_AD7797/examples/LCADC-8_nolib/LCADC-8_nolib.ino:49:15: error: &#39;PB4&#39; was not declared in this scope
 #define LED_2 PB4
               ^
/home/ec2-user/arduino-testlib/cli-datadir/user/libraries/PRDC_AD7797/examples/LCADC-8_nolib/LCADC-8_nolib.ino:60:11: note: in expansion of macro &#39;LED_2&#39;
   pinMode(LED_2,OUTPUT);
           ^~~~~
/home/ec2-user/arduino-testlib/cli-datadir/user/libraries/PRDC_AD7797/examples/LCADC-8_nolib/LCADC-8_nolib.ino: In function &#39;void loop()&#39;:
/home/ec2-user/arduino-testlib/cli-datadir/user/libraries/PRDC_AD7797/examples/LCADC-8_nolib/LCADC-8_nolib.ino:48:15: error: &#39;PB0&#39; was not declared in this scope
 #define LED_1 PB0
               ^
/home/ec2-user/arduino-testlib/cli-datadir/user/libraries/PRDC_AD7797/examples/LCADC-8_nolib/LCADC-8_nolib.ino:102:18: note: in expansion of macro &#39;LED_1&#39;
     digitalWrite(LED_1,HIGH);
                  ^~~~~
/home/ec2-user/arduino-testlib/cli-datadir/user/libraries/PRDC_AD7797/examples/LCADC-8_nolib/LCADC-8_nolib.ino:48:15: note: suggested alternative: &#39;B0&#39;
 #define LED_1 PB0
               ^
/home/ec2-user/arduino-testlib/cli-datadir/user/libraries/PRDC_AD7797/examples/LCADC-8_nolib/LCADC-8_nolib.ino:102:18: note: in expansion of macro &#39;LED_1&#39;
     digitalWrite(LED_1,HIGH);
                  ^~~~~
/home/ec2-user/arduino-testlib/cli-datadir/user/libraries/PRDC_AD7797/examples/LCADC-8_nolib/LCADC-8_nolib.ino:49:15: error: &#39;PB4&#39; was not declared in this scope
 #define LED_2 PB4
               ^
/home/ec2-user/arduino-testlib/cli-datadir/user/libraries/PRDC_AD7797/examples/LCADC-8_nolib/LCADC-8_nolib.ino:103:18: note: in expansion of macro &#39;LED_2&#39;
     digitalWrite(LED_2,LOW);
                  ^~~~~

</pre>
					
					<h4>examples/LCADC-8_test</h4>
					<p>
						Result: <b>FAIL</b>
					</p>
					<pre class="pre-scrollable">/home/ec2-user/arduino-testlib/cli-datadir/user/libraries/PRDC_AD7797/examples/LCADC-8_test/LCADC-8_test.ino:36:17: error: &#39;PB3&#39; was not declared in this scope
 #define ADC1_CS PB3
                 ^
/home/ec2-user/arduino-testlib/cli-datadir/user/libraries/PRDC_AD7797/examples/LCADC-8_test/LCADC-8_test.ino:49:27: note: in expansion of macro &#39;ADC1_CS&#39;
 const uint8_t adc_cs[] = {ADC1_CS,ADC2_CS,ADC3_CS,ADC4_CS,ADC5_CS,ADC6_CS,ADC7_CS,ADC8_CS};
                           ^~~~~~~
/home/ec2-user/arduino-testlib/cli-datadir/user/libraries/PRDC_AD7797/examples/LCADC-8_test/LCADC-8_test.ino:37:17: error: &#39;PB5&#39; was not declared in this scope
 #define ADC2_CS PB5
                 ^
/home/ec2-user/arduino-testlib/cli-datadir/user/libraries/PRDC_AD7797/examples/LCADC-8_test/LCADC-8_test.ino:49:35: note: in expansion of macro &#39;ADC2_CS&#39;
 const uint8_t adc_cs[] = {ADC1_CS,ADC2_CS,ADC3_CS,ADC4_CS,ADC5_CS,ADC6_CS,ADC7_CS,ADC8_CS};
                                   ^~~~~~~
/home/ec2-user/arduino-testlib/cli-datadir/user/libraries/PRDC_AD7797/examples/LCADC-8_test/LCADC-8_test.ino:38:17: error: &#39;PB6&#39; was not declared in this scope
 #define ADC3_CS PB6
                 ^
/home/ec2-user/arduino-testlib/cli-datadir/user/libraries/PRDC_AD7797/examples/LCADC-8_test/LCADC-8_test.ino:49:43: note: in expansion of macro &#39;ADC3_CS&#39;
 const uint8_t adc_cs[] = {ADC1_CS,ADC2_CS,ADC3_CS,ADC4_CS,ADC5_CS,ADC6_CS,ADC7_CS,ADC8_CS};
                                           ^~~~~~~
/home/ec2-user/arduino-testlib/cli-datadir/user/libraries/PRDC_AD7797/examples/LCADC-8_test/LCADC-8_test.ino:39:17: error: &#39;PB7&#39; was not declared in this scope
 #define ADC4_CS PB7
                 ^
/home/ec2-user/arduino-testlib/cli-datadir/user/libraries/PRDC_AD7797/examples/LCADC-8_test/LCADC-8_test.ino:49:51: note: in expansion of macro &#39;ADC4_CS&#39;
 const uint8_t adc_cs[] = {ADC1_CS,ADC2_CS,ADC3_CS,ADC4_CS,ADC5_CS,ADC6_CS,ADC7_CS,ADC8_CS};
                                                   ^~~~~~~
/home/ec2-user/arduino-testlib/cli-datadir/user/libraries/PRDC_AD7797/examples/LCADC-8_test/LCADC-8_test.ino:40:17: error: &#39;PB10&#39; was not declared in this scope
 #define ADC5_CS PB10
                 ^
/home/ec2-user/arduino-testlib/cli-datadir/user/libraries/PRDC_AD7797/examples/LCADC-8_test/LCADC-8_test.ino:49:59: note: in expansion of macro &#39;ADC5_CS&#39;
 const uint8_t adc_cs[] = {ADC1_CS,ADC2_CS,ADC3_CS,ADC4_CS,ADC5_CS,ADC6_CS,ADC7_CS,ADC8_CS};
                                                           ^~~~~~~
/home/ec2-user/arduino-testlib/cli-datadir/user/libraries/PRDC_AD7797/examples/LCADC-8_test/LCADC-8_test.ino:40:17: note: suggested alternative: &#39;B10&#39;
 #define ADC5_CS PB10
                 ^
/home/ec2-user/arduino-testlib/cli-datadir/user/libraries/PRDC_AD7797/examples/LCADC-8_test/LCADC-8_test.ino:49:59: note: in expansion of macro &#39;ADC5_CS&#39;
 const uint8_t adc_cs[] = {ADC1_CS,ADC2_CS,ADC3_CS,ADC4_CS,ADC5_CS,ADC6_CS,ADC7_CS,ADC8_CS};
                                                           ^~~~~~~
/home/ec2-user/arduino-testlib/cli-datadir/user/libraries/PRDC_AD7797/examples/LCADC-8_test/LCADC-8_test.ino:41:17: error: &#39;PB2&#39; was not declared in this scope
 #define ADC6_CS PB2
                 ^
/home/ec2-user/arduino-testlib/cli-datadir/user/libraries/PRDC_AD7797/examples/LCADC-8_test/LCADC-8_test.ino:49:67: note: in expansion of macro &#39;ADC6_CS&#39;
 const uint8_t adc_cs[] = {ADC1_CS,ADC2_CS,ADC3_CS,ADC4_CS,ADC5_CS,ADC6_CS,ADC7_CS,ADC8_CS};
                                                                   ^~~~~~~
/home/ec2-user/arduino-testlib/cli-datadir/user/libraries/PRDC_AD7797/examples/LCADC-8_test/LCADC-8_test.ino:42:17: error: &#39;PB1&#39; was not declared in this scope
 #define ADC7_CS PB1
                 ^
/home/ec2-user/arduino-testlib/cli-datadir/user/libraries/PRDC_AD7797/examples/LCADC-8_test/LCADC-8_test.ino:49:75: note: in expansion of macro &#39;ADC7_CS&#39;
 const uint8_t adc_cs[] = {ADC1_CS,ADC2_CS,ADC3_CS,ADC4_CS,ADC5_CS,ADC6_CS,ADC7_CS,ADC8_CS};
                                                                           ^~~~~~~
/home/ec2-user/arduino-testlib/cli-datadir/user/libraries/PRDC_AD7797/examples/LCADC-8_test/LCADC-8_test.ino:42:17: note: suggested alternative: &#39;B1&#39;
 #define ADC7_CS PB1
                 ^
/home/ec2-user/arduino-testlib/cli-datadir/user/libraries/PRDC_AD7797/examples/LCADC-8_test/LCADC-8_test.ino:49:75: note: in expansion of macro &#39;ADC7_CS&#39;
 const uint8_t adc_cs[] = {ADC1_CS,ADC2_CS,ADC3_CS,ADC4_CS,ADC5_CS,ADC6_CS,ADC7_CS,ADC8_CS};
                                                                           ^~~~~~~
/home/ec2-user/arduino-testlib/cli-datadir/user/libraries/PRDC_AD7797/examples/LCADC-8_test/LCADC-8_test.ino:43:17: error: &#39;PA4&#39; was not declared in this scope
 #define ADC8_CS PA4
                 ^
/home/ec2-user/arduino-testlib/cli-datadir/user/libraries/PRDC_AD7797/examples/LCADC-8_test/LCADC-8_test.ino:49:83: note: in expansion of macro &#39;ADC8_CS&#39;
 const uint8_t adc_cs[] = {ADC1_CS,ADC2_CS,ADC3_CS,ADC4_CS,ADC5_CS,ADC6_CS,ADC7_CS,ADC8_CS};
                                                                                   ^~~~~~~
/home/ec2-user/arduino-testlib/cli-datadir/user/libraries/PRDC_AD7797/examples/LCADC-8_test/LCADC-8_test.ino:43:17: note: suggested alternative: &#39;A4&#39;
 #define ADC8_CS PA4
                 ^
/home/ec2-user/arduino-testlib/cli-datadir/user/libraries/PRDC_AD7797/examples/LCADC-8_test/LCADC-8_test.ino:49:83: note: in expansion of macro &#39;ADC8_CS&#39;
 const uint8_t adc_cs[] = {ADC1_CS,ADC2_CS,ADC3_CS,ADC4_CS,ADC5_CS,ADC6_CS,ADC7_CS,ADC8_CS};
                                                                                   ^~~~~~~
/home/ec2-user/arduino-testlib/cli-datadir/user/libraries/PRDC_AD7797/examples/LCADC-8_test/LCADC-8_test.ino: In function &#39;void setup()&#39;:
/home/ec2-user/arduino-testlib/cli-datadir/user/libraries/PRDC_AD7797/examples/LCADC-8_test/LCADC-8_test.ino:44:15: error: &#39;PB0&#39; was not declared in this scope
 #define LED_1 PB0
               ^
/home/ec2-user/arduino-testlib/cli-datadir/user/libraries/PRDC_AD7797/examples/LCADC-8_test/LCADC-8_test.ino:61:11: note: in expansion of macro &#39;LED_1&#39;
   pinMode(LED_1,OUTPUT);
           ^~~~~
/home/ec2-user/arduino-testlib/cli-datadir/user/libraries/PRDC_AD7797/examples/LCADC-8_test/LCADC-8_test.ino:44:15: note: suggested alternative: &#39;B0&#39;
 #define LED_1 PB0
               ^
/home/ec2-user/arduino-testlib/cli-datadir/user/libraries/PRDC_AD7797/examples/LCADC-8_test/LCADC-8_test.ino:61:11: note: in expansion of macro &#39;LED_1&#39;
   pinMode(LED_1,OUTPUT);
           ^~~~~
/home/ec2-user/arduino-testlib/cli-datadir/user/libraries/PRDC_AD7797/examples/LCADC-8_test/LCADC-8_test.ino:45:15: error: &#39;PB4&#39; was not declared in this scope
 #define LED_2 PB4
               ^
/home/ec2-user/arduino-testlib/cli-datadir/user/libraries/PRDC_AD7797/examples/LCADC-8_test/LCADC-8_test.ino:62:11: note: in expansion of macro &#39;LED_2&#39;
   pinMode(LED_2,OUTPUT);
           ^~~~~
/home/ec2-user/arduino-testlib/cli-datadir/user/libraries/PRDC_AD7797/examples/LCADC-8_test/LCADC-8_test.ino: In function &#39;void blinkLED(uint16_t)&#39;:
/home/ec2-user/arduino-testlib/cli-datadir/user/libraries/PRDC_AD7797/examples/LCADC-8_test/LCADC-8_test.ino:44:15: error: &#39;PB0&#39; was not declared in this scope
 #define LED_1 PB0
               ^
/home/ec2-user/arduino-testlib/cli-datadir/user/libraries/PRDC_AD7797/examples/LCADC-8_test/LCADC-8_test.ino:111:18: note: in expansion of macro &#39;LED_1&#39;
     digitalWrite(LED_1,flag_LED);
                  ^~~~~
/home/ec2-user/arduino-testlib/cli-datadir/user/libraries/PRDC_AD7797/examples/LCADC-8_test/LCADC-8_test.ino:44:15: note: suggested alternative: &#39;B0&#39;
 #define LED_1 PB0
               ^
/home/ec2-user/arduino-testlib/cli-datadir/user/libraries/PRDC_AD7797/examples/LCADC-8_test/LCADC-8_test.ino:111:18: note: in expansion of macro &#39;LED_1&#39;
     digitalWrite(LED_1,flag_LED);
                  ^~~~~
/home/ec2-user/arduino-testlib/cli-datadir/user/libraries/PRDC_AD7797/examples/LCADC-8_test/LCADC-8_test.ino:45:15: error: &#39;PB4&#39; was not declared in this scope
 #define LED_2 PB4
               ^
/home/ec2-user/arduino-testlib/cli-datadir/user/libraries/PRDC_AD7797/examples/LCADC-8_test/LCADC-8_test.ino:112:18: note: in expansion of macro &#39;LED_2&#39;
     digitalWrite(LED_2,!flag_LED);
                  ^~~~~

</pre>
					
				
				<h3 id="arduino:megaavr:nona4809">arduino:megaavr:nona4809 @ 1.8.7</h3>
				<h4>Inclusion</h4>
				<p>
					Result: <b>PASS</b>
					
				</p>
				<pre class="pre-scrollable">Sketch uses 4942 bytes (10%) of program storage space. Maximum is 49152 bytes.
Global variables use 195 bytes (3%) of dynamic memory, leaving 5949 bytes for local variables. Maximum is 6144 bytes.
</pre>

					
					<h4>examples/LCADC-8_nolib</h4>
					<p>
						Result: <b>FAIL</b>
					</p>
					<pre class="pre-scrollable">/home/ec2-user/arduino-testlib/cli-datadir/user/libraries/PRDC_AD7797/examples/LCADC-8_nolib/LCADC-8_nolib.ino:34:17: error: &#39;PB3&#39; was not declared in this scope
 #define ADC1_CS PB3
                 ^
/home/ec2-user/arduino-testlib/cli-datadir/user/libraries/PRDC_AD7797/examples/LCADC-8_nolib/LCADC-8_nolib.ino:46:27: note: in expansion of macro &#39;ADC1_CS&#39;
 const uint8_t adc_cs[] = {ADC1_CS,ADC2_CS,ADC3_CS,ADC4_CS,ADC5_CS,ADC6_CS,ADC7_CS,ADC8_CS};
                           ^~~~~~~
/home/ec2-user/arduino-testlib/cli-datadir/user/libraries/PRDC_AD7797/examples/LCADC-8_nolib/LCADC-8_nolib.ino:34:17: note: suggested alternative: &#39;PB&#39;
 #define ADC1_CS PB3
                 ^
/home/ec2-user/arduino-testlib/cli-datadir/user/libraries/PRDC_AD7797/examples/LCADC-8_nolib/LCADC-8_nolib.ino:46:27: note: in expansion of macro &#39;ADC1_CS&#39;
 const uint8_t adc_cs[] = {ADC1_CS,ADC2_CS,ADC3_CS,ADC4_CS,ADC5_CS,ADC6_CS,ADC7_CS,ADC8_CS};
                           ^~~~~~~
/home/ec2-user/arduino-testlib/cli-datadir/user/libraries/PRDC_AD7797/examples/LCADC-8_nolib/LCADC-8_nolib.ino:35:17: error: &#39;PB5&#39; was not declared in this scope
 #define ADC2_CS PB5
                 ^
/home/ec2-user/arduino-testlib/cli-datadir/user/libraries/PRDC_AD7797/examples/LCADC-8_nolib/LCADC-8_nolib.ino:46:35: note: in expansion of macro &#39;ADC2_CS&#39;
 const uint8_t adc_cs[] = {ADC1_CS,ADC2_CS,ADC3_CS,ADC4_CS,ADC5_CS,ADC6_CS,ADC7_CS,ADC8_CS};
                                   ^~~~~~~
/home/ec2-user/arduino-testlib/cli-datadir/user/libraries/PRDC_AD7797/examples/LCADC-8_nolib/LCADC-8_nolib.ino:35:17: note: suggested alternative: &#39;PB&#39;
 #define ADC2_CS PB5
                 ^
/home/ec2-user/arduino-testlib/cli-datadir/user/libraries/PRDC_AD7797/examples/LCADC-8_nolib/LCADC-8_nolib.ino:46:35: note: in expansion of macro &#39;ADC2_CS&#39;
 const uint8_t adc_cs[] = {ADC1_CS,ADC2_CS,ADC3_CS,ADC4_CS,ADC5_CS,ADC6_CS,ADC7_CS,ADC8_CS};
                                   ^~~~~~~
/home/ec2-user/arduino-testlib/cli-datadir/user/libraries/PRDC_AD7797/examples/LCADC-8_nolib/LCADC-8_nolib.ino:36:17: error: &#39;PB6&#39; was not declared in this scope
 #define ADC3_CS PB6
                 ^
/home/ec2-user/arduino-testlib/cli-datadir/user/libraries/PRDC_AD7797/examples/LCADC-8_nolib/LCADC-8_nolib.ino:46:43: note: in expansion of macro &#39;ADC3_CS&#39;
 const uint8_t adc_cs[] = {ADC1_CS,ADC2_CS,ADC3_CS,ADC4_CS,ADC5_CS,ADC6_CS,ADC7_CS,ADC8_CS};
                                           ^~~~~~~
/home/ec2-user/arduino-testlib/cli-datadir/user/libraries/PRDC_AD7797/examples/LCADC-8_nolib/LCADC-8_nolib.ino:36:17: note: suggested alternative: &#39;PB&#39;
 #define ADC3_CS PB6
                 ^
/home/ec2-user/arduino-testlib/cli-datadir/user/libraries/PRDC_AD7797/examples/LCADC-8_nolib/LCADC-8_nolib.ino:46:43: note: in expansion of macro &#39;ADC3_CS&#39;
 const uint8_t adc_cs[] = {ADC1_CS,ADC2_CS,ADC3_CS,ADC4_CS,ADC5_CS,ADC6_CS,ADC7_CS,ADC8_CS};
                                           ^~~~~~~
/home/ec2-user/arduino-testlib/cli-datadir/user/libraries/PRDC_AD7797/examples/LCADC-8_nolib/LCADC-8_nolib.ino:37:17: error: &#39;PB7&#39; was not declared in this scope
 #define ADC4_CS PB7
                 ^
/home/ec2-user/arduino-testlib/cli-datadir/user/libraries/PRDC_AD7797/examples/LCADC-8_nolib/LCADC-8_nolib.ino:46:51: note: in expansion of macro &#39;ADC4_CS&#39;
 const uint8_t adc_cs[] = {ADC1_CS,ADC2_CS,ADC3_CS,ADC4_CS,ADC5_CS,ADC6_CS,ADC7_CS,ADC8_CS};
                                                   ^~~~~~~
/home/ec2-user/arduino-testlib/cli-datadir/user/libraries/PRDC_AD7797/examples/LCADC-8_nolib/LCADC-8_nolib.ino:37:17: note: suggested alternative: &#39;PB&#39;
 #define ADC4_CS PB7
                 ^
/home/ec2-user/arduino-testlib/cli-datadir/user/libraries/PRDC_AD7797/examples/LCADC-8_nolib/LCADC-8_nolib.ino:46:51: note: in expansion of macro &#39;ADC4_CS&#39;
 const uint8_t adc_cs[] = {ADC1_CS,ADC2_CS,ADC3_CS,ADC4_CS,ADC5_CS,ADC6_CS,ADC7_CS,ADC8_CS};
                                                   ^~~~~~~
/home/ec2-user/arduino-testlib/cli-datadir/user/libraries/PRDC_AD7797/examples/LCADC-8_nolib/LCADC-8_nolib.ino:38:17: error: &#39;PB10&#39; was not declared in this scope
 #define ADC5_CS PB10
                 ^
/home/ec2-user/arduino-testlib/cli-datadir/user/libraries/PRDC_AD7797/examples/LCADC-8_nolib/LCADC-8_nolib.ino:46:59: note: in expansion of macro &#39;ADC5_CS&#39;
 const uint8_t adc_cs[] = {ADC1_CS,ADC2_CS,ADC3_CS,ADC4_CS,ADC5_CS,ADC6_CS,ADC7_CS,ADC8_CS};
                                                           ^~~~~~~
/home/ec2-user/arduino-testlib/cli-datadir/user/libraries/PRDC_AD7797/examples/LCADC-8_nolib/LCADC-8_nolib.ino:38:17: note: suggested alternative: &#39;B10&#39;
 #define ADC5_CS PB10
                 ^
/home/ec2-user/arduino-testlib/cli-datadir/user/libraries/PRDC_AD7797/examples/LCADC-8_nolib/LCADC-8_nolib.ino:46:59: note: in expansion of macro &#39;ADC5_CS&#39;
 const uint8_t adc_cs[] = {ADC1_CS,ADC2_CS,ADC3_CS,ADC4_CS,ADC5_CS,ADC6_CS,ADC7_CS,ADC8_CS};
                                                           ^~~~~~~
/home/ec2-user/arduino-testlib/cli-datadir/user/libraries/PRDC_AD7797/examples/LCADC-8_nolib/LCADC-8_nolib.ino:39:17: error: &#39;PB2&#39; was not declared in this scope
 #define ADC6_CS PB2
                 ^
/home/ec2-user/arduino-testlib/cli-datadir/user/libraries/PRDC_AD7797/examples/LCADC-8_nolib/LCADC-8_nolib.ino:46:67: note: in expansion of macro &#39;ADC6_CS&#39;
 const uint8_t adc_cs[] = {ADC1_CS,ADC2_CS,ADC3_CS,ADC4_CS,ADC5_CS,ADC6_CS,ADC7_CS,ADC8_CS};
                                                                   ^~~~~~~
/home/ec2-user/arduino-testlib/cli-datadir/user/libraries/PRDC_AD7797/examples/LCADC-8_nolib/LCADC-8_nolib.ino:39:17: note: suggested alternative: &#39;PB&#39;
 #define ADC6_CS PB2
                 ^
/home/ec2-user/arduino-testlib/cli-datadir/user/libraries/PRDC_AD7797/examples/LCADC-8_nolib/LCADC-8_nolib.ino:46:67: note: in expansion of macro &#39;ADC6_CS&#39;
 const uint8_t adc_cs[] = {ADC1_CS,ADC2_CS,ADC3_CS,ADC4_CS,ADC5_CS,ADC6_CS,ADC7_CS,ADC8_CS};
                                                                   ^~~~~~~
/home/ec2-user/arduino-testlib/cli-datadir/user/libraries/PRDC_AD7797/examples/LCADC-8_nolib/LCADC-8_nolib.ino:40:17: error: &#39;PB1&#39; was not declared in this scope
 #define ADC7_CS PB1
                 ^
/home/ec2-user/arduino-testlib/cli-datadir/user/libraries/PRDC_AD7797/examples/LCADC-8_nolib/LCADC-8_nolib.ino:46:75: note: in expansion of macro &#39;ADC7_CS&#39;
 const uint8_t adc_cs[] = {ADC1_CS,ADC2_CS,ADC3_CS,ADC4_CS,ADC5_CS,ADC6_CS,ADC7_CS,ADC8_CS};
                                                                           ^~~~~~~
/home/ec2-user/arduino-testlib/cli-datadir/user/libraries/PRDC_AD7797/examples/LCADC-8_nolib/LCADC-8_nolib.ino:40:17: note: suggested alternative: &#39;B1&#39;
 #define ADC7_CS PB1
                 ^
/home/ec2-user/arduino-testlib/cli-datadir/user/libraries/PRDC_AD7797/examples/LCADC-8_nolib/LCADC-8_nolib.ino:46:75: note: in expansion of macro &#39;ADC7_CS&#39;
 const uint8_t adc_cs[] = {ADC1_CS,ADC2_CS,ADC3_CS,ADC4_CS,ADC5_CS,ADC6_CS,ADC7_CS,ADC8_CS};
                                                                           ^~~~~~~
/home/ec2-user/arduino-testlib/cli-datadir/user/libraries/PRDC_AD7797/examples/LCADC-8_nolib/LCADC-8_nolib.ino:41:17: error: &#39;PA4&#39; was not declared in this scope
 #define ADC8_CS PA4
                 ^
/home/ec2-user/arduino-testlib/cli-datadir/user/libraries/PRDC_AD7797/examples/LCADC-8_nolib/LCADC-8_nolib.ino:46:83: note: in expansion of macro &#39;ADC8_CS&#39;
 const uint8_t adc_cs[] = {ADC1_CS,ADC2_CS,ADC3_CS,ADC4_CS,ADC5_CS,ADC6_CS,ADC7_CS,ADC8_CS};
                                                                                   ^~~~~~~
/home/ec2-user/arduino-testlib/cli-datadir/user/libraries/PRDC_AD7797/examples/LCADC-8_nolib/LCADC-8_nolib.ino:41:17: note: suggested alternative: &#39;A4&#39;
 #define ADC8_CS PA4
                 ^
/home/ec2-user/arduino-testlib/cli-datadir/user/libraries/PRDC_AD7797/examples/LCADC-8_nolib/LCADC-8_nolib.ino:46:83: note: in expansion of macro &#39;ADC8_CS&#39;
 const uint8_t adc_cs[] = {ADC1_CS,ADC2_CS,ADC3_CS,ADC4_CS,ADC5_CS,ADC6_CS,ADC7_CS,ADC8_CS};
                                                                                   ^~~~~~~
/home/ec2-user/arduino-testlib/cli-datadir/user/libraries/PRDC_AD7797/examples/LCADC-8_nolib/LCADC-8_nolib.ino: In function &#39;void setup()&#39;:
/home/ec2-user/arduino-testlib/cli-datadir/user/libraries/PRDC_AD7797/examples/LCADC-8_nolib/LCADC-8_nolib.ino:48:15: error: &#39;PB0&#39; was not declared in this scope
 #define LED_1 PB0
               ^
/home/ec2-user/arduino-testlib/cli-datadir/user/libraries/PRDC_AD7797/examples/LCADC-8_nolib/LCADC-8_nolib.ino:59:11: note: in expansion of macro &#39;LED_1&#39;
   pinMode(LED_1,OUTPUT);
           ^~~~~
/home/ec2-user/arduino-testlib/cli-datadir/user/libraries/PRDC_AD7797/examples/LCADC-8_nolib/LCADC-8_nolib.ino:48:15: note: suggested alternative: &#39;B0&#39;
 #define LED_1 PB0
               ^
/home/ec2-user/arduino-testlib/cli-datadir/user/libraries/PRDC_AD7797/examples/LCADC-8_nolib/LCADC-8_nolib.ino:59:11: note: in expansion of macro &#39;LED_1&#39;
   pinMode(LED_1,OUTPUT);
           ^~~~~
/home/ec2-user/arduino-testlib/cli-datadir/user/libraries/PRDC_AD7797/examples/LCADC-8_nolib/LCADC-8_nolib.ino:49:15: error: &#39;PB4&#39; was not declared in this scope
 #define LED_2 PB4
               ^
/home/ec2-user/arduino-testlib/cli-datadir/user/libraries/PRDC_AD7797/examples/LCADC-8_nolib/LCADC-8_nolib.ino:60:11: note: in expansion of macro &#39;LED_2&#39;
   pinMode(LED_2,OUTPUT);
           ^~~~~
/home/ec2-user/arduino-testlib/cli-datadir/user/libraries/PRDC_AD7797/examples/LCADC-8_nolib/LCADC-8_nolib.ino:49:15: note: suggested alternative: &#39;PB&#39;
 #define LED_2 PB4
               ^
/home/ec2-user/arduino-testlib/cli-datadir/user/libraries/PRDC_AD7797/examples/LCADC-8_nolib/LCADC-8_nolib.ino:60:11: note: in expansion of macro &#39;LED_2&#39;
   pinMode(LED_2,OUTPUT);
           ^~~~~
/home/ec2-user/arduino-testlib/cli-datadir/user/libraries/PRDC_AD7797/examples/LCADC-8_nolib/LCADC-8_nolib.ino: In function &#39;void loop()&#39;:
/home/ec2-use</pre>
					
					<h4>examples/LCADC-8_test</h4>
					<p>
						Result: <b>FAIL</b>
					</p>
					<pre class="pre-scrollable">/home/ec2-user/arduino-testlib/cli-datadir/user/libraries/PRDC_AD7797/examples/LCADC-8_test/LCADC-8_test.ino:36:17: error: &#39;PB3&#39; was not declared in this scope
 #define ADC1_CS PB3
                 ^
/home/ec2-user/arduino-testlib/cli-datadir/user/libraries/PRDC_AD7797/examples/LCADC-8_test/LCADC-8_test.ino:49:27: note: in expansion of macro &#39;ADC1_CS&#39;
 const uint8_t adc_cs[] = {ADC1_CS,ADC2_CS,ADC3_CS,ADC4_CS,ADC5_CS,ADC6_CS,ADC7_CS,ADC8_CS};
                           ^~~~~~~
/home/ec2-user/arduino-testlib/cli-datadir/user/libraries/PRDC_AD7797/examples/LCADC-8_test/LCADC-8_test.ino:36:17: note: suggested alternative: &#39;PB&#39;
 #define ADC1_CS PB3
                 ^
/home/ec2-user/arduino-testlib/cli-datadir/user/libraries/PRDC_AD7797/examples/LCADC-8_test/LCADC-8_test.ino:49:27: note: in expansion of macro &#39;ADC1_CS&#39;
 const uint8_t adc_cs[] = {ADC1_CS,ADC2_CS,ADC3_CS,ADC4_CS,ADC5_CS,ADC6_CS,ADC7_CS,ADC8_CS};
                           ^~~~~~~
/home/ec2-user/arduino-testlib/cli-datadir/user/libraries/PRDC_AD7797/examples/LCADC-8_test/LCADC-8_test.ino:37:17: error: &#39;PB5&#39; was not declared in this scope
 #define ADC2_CS PB5
                 ^
/home/ec2-user/arduino-testlib/cli-datadir/user/libraries/PRDC_AD7797/examples/LCADC-8_test/LCADC-8_test.ino:49:35: note: in expansion of macro &#39;ADC2_CS&#39;
 const uint8_t adc_cs[] = {ADC1_CS,ADC2_CS,ADC3_CS,ADC4_CS,ADC5_CS,ADC6_CS,ADC7_CS,ADC8_CS};
                                   ^~~~~~~
/home/ec2-user/arduino-testlib/cli-datadir/user/libraries/PRDC_AD7797/examples/LCADC-8_test/LCADC-8_test.ino:37:17: note: suggested alternative: &#39;PB&#39;
 #define ADC2_CS PB5
                 ^
/home/ec2-user/arduino-testlib/cli-datadir/user/libraries/PRDC_AD7797/examples/LCADC-8_test/LCADC-8_test.ino:49:35: note: in expansion of macro &#39;ADC2_CS&#39;
 const uint8_t adc_cs[] = {ADC1_CS,ADC2_CS,ADC3_CS,ADC4_CS,ADC5_CS,ADC6_CS,ADC7_CS,ADC8_CS};
                                   ^~~~~~~
/home/ec2-user/arduino-testlib/cli-datadir/user/libraries/PRDC_AD7797/examples/LCADC-8_test/LCADC-8_test.ino:38:17: error: &#39;PB6&#39; was not declared in this scope
 #define ADC3_CS PB6
                 ^
/home/ec2-user/arduino-testlib/cli-datadir/user/libraries/PRDC_AD7797/examples/LCADC-8_test/LCADC-8_test.ino:49:43: note: in expansion of macro &#39;ADC3_CS&#39;
 const uint8_t adc_cs[] = {ADC1_CS,ADC2_CS,ADC3_CS,ADC4_CS,ADC5_CS,ADC6_CS,ADC7_CS,ADC8_CS};
                                           ^~~~~~~
/home/ec2-user/arduino-testlib/cli-datadir/user/libraries/PRDC_AD7797/examples/LCADC-8_test/LCADC-8_test.ino:38:17: note: suggested alternative: &#39;PB&#39;
 #define ADC3_CS PB6
                 ^
/home/ec2-user/arduino-testlib/cli-datadir/user/libraries/PRDC_AD7797/examples/LCADC-8_test/LCADC-8_test.ino:49:43: note: in expansion of macro &#39;ADC3_CS&#39;
 const uint8_t adc_cs[] = {ADC1_CS,ADC2_CS,ADC3_CS,ADC4_CS,ADC5_CS,ADC6_CS,ADC7_CS,ADC8_CS};
                                           ^~~~~~~
/home/ec2-user/arduino-testlib/cli-datadir/user/libraries/PRDC_AD7797/examples/LCADC-8_test/LCADC-8_test.ino:39:17: error: &#39;PB7&#39; was not declared in this scope
 #define ADC4_CS PB7
                 ^
/home/ec2-user/arduino-testlib/cli-datadir/user/libraries/PRDC_AD7797/examples/LCADC-8_test/LCADC-8_test.ino:49:51: note: in expansion of macro &#39;ADC4_CS&#39;
 const uint8_t adc_cs[] = {ADC1_CS,ADC2_CS,ADC3_CS,ADC4_CS,ADC5_CS,ADC6_CS,ADC7_CS,ADC8_CS};
                                                   ^~~~~~~
/home/ec2-user/arduino-testlib/cli-datadir/user/libraries/PRDC_AD7797/examples/LCADC-8_test/LCADC-8_test.ino:39:17: note: suggested alternative: &#39;PB&#39;
 #define ADC4_CS PB7
                 ^
/home/ec2-user/arduino-testlib/cli-datadir/user/libraries/PRDC_AD7797/examples/LCADC-8_test/LCADC-8_test.ino:49:51: note: in expansion of macro &#39;ADC4_CS&#39;
 const uint8_t adc_cs[] = {ADC1_CS,ADC2_CS,ADC3_CS,ADC4_CS,ADC5_CS,ADC6_CS,ADC7_CS,ADC8_CS};
                                                   ^~~~~~~
/home/ec2-user/arduino-testlib/cli-datadir/user/libraries/PRDC_AD7797/examples/LCADC-8_test/LCADC-8_test.ino:40:17: error: &#39;PB10&#39; was not declared in this scope
 #define ADC5_CS PB10
                 ^
/home/ec2-user/arduino-testlib/cli-datadir/user/libraries/PRDC_AD7797/examples/LCADC-8_test/LCADC-8_test.ino:49:59: note: in expansion of macro &#39;ADC5_CS&#39;
 const uint8_t adc_cs[] = {ADC1_CS,ADC2_CS,ADC3_CS,ADC4_CS,ADC5_CS,ADC6_CS,ADC7_CS,ADC8_CS};
                                                           ^~~~~~~
/home/ec2-user/arduino-testlib/cli-datadir/user/libraries/PRDC_AD7797/examples/LCADC-8_test/LCADC-8_test.ino:40:17: note: suggested alternative: &#39;B10&#39;
 #define ADC5_CS PB10
                 ^
/home/ec2-user/arduino-testlib/cli-datadir/user/libraries/PRDC_AD7797/examples/LCADC-8_test/LCADC-8_test.ino:49:59: note: in expansion of macro &#39;ADC5_CS&#39;
 const uint8_t adc_cs[] = {ADC1_CS,ADC2_CS,ADC3_CS,ADC4_CS,ADC5_CS,ADC6_CS,ADC7_CS,ADC8_CS};
                                                           ^~~~~~~
/home/ec2-user/arduino-testlib/cli-datadir/user/libraries/PRDC_AD7797/examples/LCADC-8_test/LCADC-8_test.ino:41:17: error: &#39;PB2&#39; was not declared in this scope
 #define ADC6_CS PB2
                 ^
/home/ec2-user/arduino-testlib/cli-datadir/user/libraries/PRDC_AD7797/examples/LCADC-8_test/LCADC-8_test.ino:49:67: note: in expansion of macro &#39;ADC6_CS&#39;
 const uint8_t adc_cs[] = {ADC1_CS,ADC2_CS,ADC3_CS,ADC4_CS,ADC5_CS,ADC6_CS,ADC7_CS,ADC8_CS};
                                                                   ^~~~~~~
/home/ec2-user/arduino-testlib/cli-datadir/user/libraries/PRDC_AD7797/examples/LCADC-8_test/LCADC-8_test.ino:41:17: note: suggested alternative: &#39;PB&#39;
 #define ADC6_CS PB2
                 ^
/home/ec2-user/arduino-testlib/cli-datadir/user/libraries/PRDC_AD7797/examples/LCADC-8_test/LCADC-8_test.ino:49:67: note: in expansion of macro &#39;ADC6_CS&#39;
 const uint8_t adc_cs[] = {ADC1_CS,ADC2_CS,ADC3_CS,ADC4_CS,ADC5_CS,ADC6_CS,ADC7_CS,ADC8_CS};
                                                                   ^~~~~~~
/home/ec2-user/arduino-testlib/cli-datadir/user/libraries/PRDC_AD7797/examples/LCADC-8_test/LCADC-8_test.ino:42:17: error: &#39;PB1&#39; was not declared in this scope
 #define ADC7_CS PB1
                 ^
/home/ec2-user/arduino-testlib/cli-datadir/user/libraries/PRDC_AD7797/examples/LCADC-8_test/LCADC-8_test.ino:49:75: note: in expansion of macro &#39;ADC7_CS&#39;
 const uint8_t adc_cs[] = {ADC1_CS,ADC2_CS,ADC3_CS,ADC4_CS,ADC5_CS,ADC6_CS,ADC7_CS,ADC8_CS};
                                                                           ^~~~~~~
/home/ec2-user/arduino-testlib/cli-datadir/user/libraries/PRDC_AD7797/examples/LCADC-8_test/LCADC-8_test.ino:42:17: note: suggested alternative: &#39;B1&#39;
 #define ADC7_CS PB1
                 ^
/home/ec2-user/arduino-testlib/cli-datadir/user/libraries/PRDC_AD7797/examples/LCADC-8_test/LCADC-8_test.ino:49:75: note: in expansion of macro &#39;ADC7_CS&#39;
 const uint8_t adc_cs[] = {ADC1_CS,ADC2_CS,ADC3_CS,ADC4_CS,ADC5_CS,ADC6_CS,ADC7_CS,ADC8_CS};
                                                                           ^~~~~~~
/home/ec2-user/arduino-testlib/cli-datadir/user/libraries/PRDC_AD7797/examples/LCADC-8_test/LCADC-8_test.ino:43:17: error: &#39;PA4&#39; was not declared in this scope
 #define ADC8_CS PA4
                 ^
/home/ec2-user/arduino-testlib/cli-datadir/user/libraries/PRDC_AD7797/examples/LCADC-8_test/LCADC-8_test.ino:49:83: note: in expansion of macro &#39;ADC8_CS&#39;
 const uint8_t adc_cs[] = {ADC1_CS,ADC2_CS,ADC3_CS,ADC4_CS,ADC5_CS,ADC6_CS,ADC7_CS,ADC8_CS};
                                                                                   ^~~~~~~
/home/ec2-user/arduino-testlib/cli-datadir/user/libraries/PRDC_AD7797/examples/LCADC-8_test/LCADC-8_test.ino:43:17: note: suggested alternative: &#39;A4&#39;
 #define ADC8_CS PA4
                 ^
/home/ec2-user/arduino-testlib/cli-datadir/user/libraries/PRDC_AD7797/examples/LCADC-8_test/LCADC-8_test.ino:49:83: note: in expansion of macro &#39;ADC8_CS&#39;
 const uint8_t adc_cs[] = {ADC1_CS,ADC2_CS,ADC3_CS,ADC4_CS,ADC5_CS,ADC6_CS,ADC7_CS,ADC8_CS};
                                                                                   ^~~~~~~
/home/ec2-user/arduino-testlib/cli-datadir/user/libraries/PRDC_AD7797/examples/LCADC-8_test/LCADC-8_test.ino: In function &#39;void setup()&#39;:
/home/ec2-user/arduino-testlib/cli-datadir/user/libraries/PRDC_AD7797/examples/LCADC-8_test/LCADC-8_test.ino:44:15: error: &#39;PB0&#39; was not declared in this scope
 #define LED_1 PB0
               ^
/home/ec2-user/arduino-testlib/cli-datadir/user/libraries/PRDC_AD7797/examples/LCADC-8_test/LCADC-8_test.ino:61:11: note: in expansion of macro &#39;LED_1&#39;
   pinMode(LED_1,OUTPUT);
           ^~~~~
/home/ec2-user/arduino-testlib/cli-datadir/user/libraries/PRDC_AD7797/examples/LCADC-8_test/LCADC-8_test.ino:44:15: note: suggested alternative: &#39;B0&#39;
 #define LED_1 PB0
               ^
/home/ec2-user/arduino-testlib/cli-datadir/user/libraries/PRDC_AD7797/examples/LCADC-8_test/LCADC-8_test.ino:61:11: note: in expansion of macro &#39;LED_1&#39;
   pinMode(LED_1,OUTPUT);
           ^~~~~
/home/ec2-user/arduino-testlib/cli-datadir/user/libraries/PRDC_AD7797/examples/LCADC-8_test/LCADC-8_test.ino:45:15: error: &#39;PB4&#39; was not declared in this scope
 #define LED_2 PB4
               ^
/home/ec2-user/arduino-testlib/cli-datadir/user/libraries/PRDC_AD7797/examples/LCADC-8_test/LCADC-8_test.ino:62:11: note: in expansion of macro &#39;LED_2&#39;
   pinMode(LED_2,OUTPUT);
           ^~~~~
/home/ec2-user/arduino-testlib/cli-datadir/user/libraries/PRDC_AD7797/examples/LCADC-8_test/LCADC-8_test.ino:45:15: note: suggested alternative: &#39;PB&#39;
 #define LED_2 PB4
               ^
/home/ec2-user/arduino-testlib/cli-datadir/user/libraries/PRDC_AD7797/examples/LCADC-8_test/LCADC-8_test.ino:62:11: note: in expansion of macro &#39;LED_2&#39;
   pinMode(LED_2,OUTPUT);
           ^~~~~
/home/ec2-user/arduino-testlib/cli-datadir/user/libraries/PRDC_AD7797/examples/LCADC-8_test/LCADC-8_test.ino: In function &#39;void blinkLED(uint16_t)&#39;:
/home/ec2-user/arduino-testlib/cli-datadir/user/libraries/PRDC_AD7797/examples/LCADC-</pre>
					
				
				<h3 id="arduino:samd:mkrwifi1010">arduino:samd:mkrwifi1010 @ 1.8.12</h3>
				<h4>Inclusion</h4>
				<p>
					Result: <b>PASS</b>
					
				</p>
				<pre class="pre-scrollable">Sketch uses 13332 bytes (5%) of program storage space. Maximum is 262144 bytes.
Global variables use 3068 bytes (9%) of dynamic memory, leaving 29700 bytes for local variables. Maximum is 32768 bytes.
</pre>

					
					<h4>examples/LCADC-8_nolib</h4>
					<p>
						Result: <b>FAIL</b>
					</p>
					<pre class="pre-scrollable">/home/ec2-user/arduino-testlib/cli-datadir/user/libraries/PRDC_AD7797/examples/LCADC-8_nolib/LCADC-8_nolib.ino:34:17: error: &#39;PB3&#39; was not declared in this scope
 #define ADC1_CS PB3
                 ^
/home/ec2-user/arduino-testlib/cli-datadir/user/libraries/PRDC_AD7797/examples/LCADC-8_nolib/LCADC-8_nolib.ino:46:27: note: in expansion of macro &#39;ADC1_CS&#39;
 const uint8_t adc_cs[] = {ADC1_CS,ADC2_CS,ADC3_CS,ADC4_CS,ADC5_CS,ADC6_CS,ADC7_CS,ADC8_CS};
                           ^~~~~~~
/home/ec2-user/arduino-testlib/cli-datadir/user/libraries/PRDC_AD7797/examples/LCADC-8_nolib/LCADC-8_nolib.ino:35:17: error: &#39;PB5&#39; was not declared in this scope
 #define ADC2_CS PB5
                 ^
/home/ec2-user/arduino-testlib/cli-datadir/user/libraries/PRDC_AD7797/examples/LCADC-8_nolib/LCADC-8_nolib.ino:46:35: note: in expansion of macro &#39;ADC2_CS&#39;
 const uint8_t adc_cs[] = {ADC1_CS,ADC2_CS,ADC3_CS,ADC4_CS,ADC5_CS,ADC6_CS,ADC7_CS,ADC8_CS};
                                   ^~~~~~~
/home/ec2-user/arduino-testlib/cli-datadir/user/libraries/PRDC_AD7797/examples/LCADC-8_nolib/LCADC-8_nolib.ino:36:17: error: &#39;PB6&#39; was not declared in this scope
 #define ADC3_CS PB6
                 ^
/home/ec2-user/arduino-testlib/cli-datadir/user/libraries/PRDC_AD7797/examples/LCADC-8_nolib/LCADC-8_nolib.ino:46:43: note: in expansion of macro &#39;ADC3_CS&#39;
 const uint8_t adc_cs[] = {ADC1_CS,ADC2_CS,ADC3_CS,ADC4_CS,ADC5_CS,ADC6_CS,ADC7_CS,ADC8_CS};
                                           ^~~~~~~
/home/ec2-user/arduino-testlib/cli-datadir/user/libraries/PRDC_AD7797/examples/LCADC-8_nolib/LCADC-8_nolib.ino:37:17: error: &#39;PB7&#39; was not declared in this scope
 #define ADC4_CS PB7
                 ^
/home/ec2-user/arduino-testlib/cli-datadir/user/libraries/PRDC_AD7797/examples/LCADC-8_nolib/LCADC-8_nolib.ino:46:51: note: in expansion of macro &#39;ADC4_CS&#39;
 const uint8_t adc_cs[] = {ADC1_CS,ADC2_CS,ADC3_CS,ADC4_CS,ADC5_CS,ADC6_CS,ADC7_CS,ADC8_CS};
                                                   ^~~~~~~
/home/ec2-user/arduino-testlib/cli-datadir/user/libraries/PRDC_AD7797/examples/LCADC-8_nolib/LCADC-8_nolib.ino:38:17: error: &#39;PB10&#39; was not declared in this scope
 #define ADC5_CS PB10
                 ^
/home/ec2-user/arduino-testlib/cli-datadir/user/libraries/PRDC_AD7797/examples/LCADC-8_nolib/LCADC-8_nolib.ino:46:59: note: in expansion of macro &#39;ADC5_CS&#39;
 const uint8_t adc_cs[] = {ADC1_CS,ADC2_CS,ADC3_CS,ADC4_CS,ADC5_CS,ADC6_CS,ADC7_CS,ADC8_CS};
                                                           ^~~~~~~
/home/ec2-user/arduino-testlib/cli-datadir/user/libraries/PRDC_AD7797/examples/LCADC-8_nolib/LCADC-8_nolib.ino:38:17: note: suggested alternative: &#39;B10&#39;
 #define ADC5_CS PB10
                 ^
/home/ec2-user/arduino-testlib/cli-datadir/user/libraries/PRDC_AD7797/examples/LCADC-8_nolib/LCADC-8_nolib.ino:46:59: note: in expansion of macro &#39;ADC5_CS&#39;
 const uint8_t adc_cs[] = {ADC1_CS,ADC2_CS,ADC3_CS,ADC4_CS,ADC5_CS,ADC6_CS,ADC7_CS,ADC8_CS};
                                                           ^~~~~~~
/home/ec2-user/arduino-testlib/cli-datadir/user/libraries/PRDC_AD7797/examples/LCADC-8_nolib/LCADC-8_nolib.ino:39:17: error: &#39;PB2&#39; was not declared in this scope
 #define ADC6_CS PB2
                 ^
/home/ec2-user/arduino-testlib/cli-datadir/user/libraries/PRDC_AD7797/examples/LCADC-8_nolib/LCADC-8_nolib.ino:46:67: note: in expansion of macro &#39;ADC6_CS&#39;
 const uint8_t adc_cs[] = {ADC1_CS,ADC2_CS,ADC3_CS,ADC4_CS,ADC5_CS,ADC6_CS,ADC7_CS,ADC8_CS};
                                                                   ^~~~~~~
/home/ec2-user/arduino-testlib/cli-datadir/user/libraries/PRDC_AD7797/examples/LCADC-8_nolib/LCADC-8_nolib.ino:40:17: error: &#39;PB1&#39; was not declared in this scope
 #define ADC7_CS PB1
                 ^
/home/ec2-user/arduino-testlib/cli-datadir/user/libraries/PRDC_AD7797/examples/LCADC-8_nolib/LCADC-8_nolib.ino:46:75: note: in expansion of macro &#39;ADC7_CS&#39;
 const uint8_t adc_cs[] = {ADC1_CS,ADC2_CS,ADC3_CS,ADC4_CS,ADC5_CS,ADC6_CS,ADC7_CS,ADC8_CS};
                                                                           ^~~~~~~
/home/ec2-user/arduino-testlib/cli-datadir/user/libraries/PRDC_AD7797/examples/LCADC-8_nolib/LCADC-8_nolib.ino:40:17: note: suggested alternative: &#39;B1&#39;
 #define ADC7_CS PB1
                 ^
/home/ec2-user/arduino-testlib/cli-datadir/user/libraries/PRDC_AD7797/examples/LCADC-8_nolib/LCADC-8_nolib.ino:46:75: note: in expansion of macro &#39;ADC7_CS&#39;
 const uint8_t adc_cs[] = {ADC1_CS,ADC2_CS,ADC3_CS,ADC4_CS,ADC5_CS,ADC6_CS,ADC7_CS,ADC8_CS};
                                                                           ^~~~~~~
/home/ec2-user/arduino-testlib/cli-datadir/user/libraries/PRDC_AD7797/examples/LCADC-8_nolib/LCADC-8_nolib.ino:41:17: error: &#39;PA4&#39; was not declared in this scope
 #define ADC8_CS PA4
                 ^
/home/ec2-user/arduino-testlib/cli-datadir/user/libraries/PRDC_AD7797/examples/LCADC-8_nolib/LCADC-8_nolib.ino:46:83: note: in expansion of macro &#39;ADC8_CS&#39;
 const uint8_t adc_cs[] = {ADC1_CS,ADC2_CS,ADC3_CS,ADC4_CS,ADC5_CS,ADC6_CS,ADC7_CS,ADC8_CS};
                                                                                   ^~~~~~~
/home/ec2-user/arduino-testlib/cli-datadir/user/libraries/PRDC_AD7797/examples/LCADC-8_nolib/LCADC-8_nolib.ino:41:17: note: suggested alternative: &#39;A4&#39;
 #define ADC8_CS PA4
                 ^
/home/ec2-user/arduino-testlib/cli-datadir/user/libraries/PRDC_AD7797/examples/LCADC-8_nolib/LCADC-8_nolib.ino:46:83: note: in expansion of macro &#39;ADC8_CS&#39;
 const uint8_t adc_cs[] = {ADC1_CS,ADC2_CS,ADC3_CS,ADC4_CS,ADC5_CS,ADC6_CS,ADC7_CS,ADC8_CS};
                                                                                   ^~~~~~~
/home/ec2-user/arduino-testlib/cli-datadir/user/libraries/PRDC_AD7797/examples/LCADC-8_nolib/LCADC-8_nolib.ino: In function &#39;void setup()&#39;:
/home/ec2-user/arduino-testlib/cli-datadir/user/libraries/PRDC_AD7797/examples/LCADC-8_nolib/LCADC-8_nolib.ino:48:15: error: &#39;PB0&#39; was not declared in this scope
 #define LED_1 PB0
               ^
/home/ec2-user/arduino-testlib/cli-datadir/user/libraries/PRDC_AD7797/examples/LCADC-8_nolib/LCADC-8_nolib.ino:59:11: note: in expansion of macro &#39;LED_1&#39;
   pinMode(LED_1,OUTPUT);
           ^~~~~
/home/ec2-user/arduino-testlib/cli-datadir/user/libraries/PRDC_AD7797/examples/LCADC-8_nolib/LCADC-8_nolib.ino:48:15: note: suggested alternative: &#39;B0&#39;
 #define LED_1 PB0
               ^
/home/ec2-user/arduino-testlib/cli-datadir/user/libraries/PRDC_AD7797/examples/LCADC-8_nolib/LCADC-8_nolib.ino:59:11: note: in expansion of macro &#39;LED_1&#39;
   pinMode(LED_1,OUTPUT);
           ^~~~~
/home/ec2-user/arduino-testlib/cli-datadir/user/libraries/PRDC_AD7797/examples/LCADC-8_nolib/LCADC-8_nolib.ino:49:15: error: &#39;PB4&#39; was not declared in this scope
 #define LED_2 PB4
               ^
/home/ec2-user/arduino-testlib/cli-datadir/user/libraries/PRDC_AD7797/examples/LCADC-8_nolib/LCADC-8_nolib.ino:60:11: note: in expansion of macro &#39;LED_2&#39;
   pinMode(LED_2,OUTPUT);
           ^~~~~
/home/ec2-user/arduino-testlib/cli-datadir/user/libraries/PRDC_AD7797/examples/LCADC-8_nolib/LCADC-8_nolib.ino: In function &#39;void loop()&#39;:
/home/ec2-user/arduino-testlib/cli-datadir/user/libraries/PRDC_AD7797/examples/LCADC-8_nolib/LCADC-8_nolib.ino:48:15: error: &#39;PB0&#39; was not declared in this scope
 #define LED_1 PB0
               ^
/home/ec2-user/arduino-testlib/cli-datadir/user/libraries/PRDC_AD7797/examples/LCADC-8_nolib/LCADC-8_nolib.ino:102:18: note: in expansion of macro &#39;LED_1&#39;
     digitalWrite(LED_1,HIGH);
                  ^~~~~
/home/ec2-user/arduino-testlib/cli-datadir/user/libraries/PRDC_AD7797/examples/LCADC-8_nolib/LCADC-8_nolib.ino:48:15: note: suggested alternative: &#39;B0&#39;
 #define LED_1 PB0
               ^
/home/ec2-user/arduino-testlib/cli-datadir/user/libraries/PRDC_AD7797/examples/LCADC-8_nolib/LCADC-8_nolib.ino:102:18: note: in expansion of macro &#39;LED_1&#39;
     digitalWrite(LED_1,HIGH);
                  ^~~~~
/home/ec2-user/arduino-testlib/cli-datadir/user/libraries/PRDC_AD7797/examples/LCADC-8_nolib/LCADC-8_nolib.ino:49:15: error: &#39;PB4&#39; was not declared in this scope
 #define LED_2 PB4
               ^
/home/ec2-user/arduino-testlib/cli-datadir/user/libraries/PRDC_AD7797/examples/LCADC-8_nolib/LCADC-8_nolib.ino:103:18: note: in expansion of macro &#39;LED_2&#39;
     digitalWrite(LED_2,LOW);
                  ^~~~~

</pre>
					
					<h4>examples/LCADC-8_test</h4>
					<p>
						Result: <b>FAIL</b>
					</p>
					<pre class="pre-scrollable">/home/ec2-user/arduino-testlib/cli-datadir/user/libraries/PRDC_AD7797/examples/LCADC-8_test/LCADC-8_test.ino:36:17: error: &#39;PB3&#39; was not declared in this scope
 #define ADC1_CS PB3
                 ^
/home/ec2-user/arduino-testlib/cli-datadir/user/libraries/PRDC_AD7797/examples/LCADC-8_test/LCADC-8_test.ino:49:27: note: in expansion of macro &#39;ADC1_CS&#39;
 const uint8_t adc_cs[] = {ADC1_CS,ADC2_CS,ADC3_CS,ADC4_CS,ADC5_CS,ADC6_CS,ADC7_CS,ADC8_CS};
                           ^~~~~~~
/home/ec2-user/arduino-testlib/cli-datadir/user/libraries/PRDC_AD7797/examples/LCADC-8_test/LCADC-8_test.ino:37:17: error: &#39;PB5&#39; was not declared in this scope
 #define ADC2_CS PB5
                 ^
/home/ec2-user/arduino-testlib/cli-datadir/user/libraries/PRDC_AD7797/examples/LCADC-8_test/LCADC-8_test.ino:49:35: note: in expansion of macro &#39;ADC2_CS&#39;
 const uint8_t adc_cs[] = {ADC1_CS,ADC2_CS,ADC3_CS,ADC4_CS,ADC5_CS,ADC6_CS,ADC7_CS,ADC8_CS};
                                   ^~~~~~~
/home/ec2-user/arduino-testlib/cli-datadir/user/libraries/PRDC_AD7797/examples/LCADC-8_test/LCADC-8_test.ino:38:17: error: &#39;PB6&#39; was not declared in this scope
 #define ADC3_CS PB6
                 ^
/home/ec2-user/arduino-testlib/cli-datadir/user/libraries/PRDC_AD7797/examples/LCADC-8_test/LCADC-8_test.ino:49:43: note: in expansion of macro &#39;ADC3_CS&#39;
 const uint8_t adc_cs[] = {ADC1_CS,ADC2_CS,ADC3_CS,ADC4_CS,ADC5_CS,ADC6_CS,ADC7_CS,ADC8_CS};
                                           ^~~~~~~
/home/ec2-user/arduino-testlib/cli-datadir/user/libraries/PRDC_AD7797/examples/LCADC-8_test/LCADC-8_test.ino:39:17: error: &#39;PB7&#39; was not declared in this scope
 #define ADC4_CS PB7
                 ^
/home/ec2-user/arduino-testlib/cli-datadir/user/libraries/PRDC_AD7797/examples/LCADC-8_test/LCADC-8_test.ino:49:51: note: in expansion of macro &#39;ADC4_CS&#39;
 const uint8_t adc_cs[] = {ADC1_CS,ADC2_CS,ADC3_CS,ADC4_CS,ADC5_CS,ADC6_CS,ADC7_CS,ADC8_CS};
                                                   ^~~~~~~
/home/ec2-user/arduino-testlib/cli-datadir/user/libraries/PRDC_AD7797/examples/LCADC-8_test/LCADC-8_test.ino:40:17: error: &#39;PB10&#39; was not declared in this scope
 #define ADC5_CS PB10
                 ^
/home/ec2-user/arduino-testlib/cli-datadir/user/libraries/PRDC_AD7797/examples/LCADC-8_test/LCADC-8_test.ino:49:59: note: in expansion of macro &#39;ADC5_CS&#39;
 const uint8_t adc_cs[] = {ADC1_CS,ADC2_CS,ADC3_CS,ADC4_CS,ADC5_CS,ADC6_CS,ADC7_CS,ADC8_CS};
                                                           ^~~~~~~
/home/ec2-user/arduino-testlib/cli-datadir/user/libraries/PRDC_AD7797/examples/LCADC-8_test/LCADC-8_test.ino:40:17: note: suggested alternative: &#39;B10&#39;
 #define ADC5_CS PB10
                 ^
/home/ec2-user/arduino-testlib/cli-datadir/user/libraries/PRDC_AD7797/examples/LCADC-8_test/LCADC-8_test.ino:49:59: note: in expansion of macro &#39;ADC5_CS&#39;
 const uint8_t adc_cs[] = {ADC1_CS,ADC2_CS,ADC3_CS,ADC4_CS,ADC5_CS,ADC6_CS,ADC7_CS,ADC8_CS};
                                                           ^~~~~~~
/home/ec2-user/arduino-testlib/cli-datadir/user/libraries/PRDC_AD7797/examples/LCADC-8_test/LCADC-8_test.ino:41:17: error: &#39;PB2&#39; was not declared in this scope
 #define ADC6_CS PB2
                 ^
/home/ec2-user/arduino-testlib/cli-datadir/user/libraries/PRDC_AD7797/examples/LCADC-8_test/LCADC-8_test.ino:49:67: note: in expansion of macro &#39;ADC6_CS&#39;
 const uint8_t adc_cs[] = {ADC1_CS,ADC2_CS,ADC3_CS,ADC4_CS,ADC5_CS,ADC6_CS,ADC7_CS,ADC8_CS};
                                                                   ^~~~~~~
/home/ec2-user/arduino-testlib/cli-datadir/user/libraries/PRDC_AD7797/examples/LCADC-8_test/LCADC-8_test.ino:42:17: error: &#39;PB1&#39; was not declared in this scope
 #define ADC7_CS PB1
                 ^
/home/ec2-user/arduino-testlib/cli-datadir/user/libraries/PRDC_AD7797/examples/LCADC-8_test/LCADC-8_test.ino:49:75: note: in expansion of macro &#39;ADC7_CS&#39;
 const uint8_t adc_cs[] = {ADC1_CS,ADC2_CS,ADC3_CS,ADC4_CS,ADC5_CS,ADC6_CS,ADC7_CS,ADC8_CS};
                                                                           ^~~~~~~
/home/ec2-user/arduino-testlib/cli-datadir/user/libraries/PRDC_AD7797/examples/LCADC-8_test/LCADC-8_test.ino:42:17: note: suggested alternative: &#39;B1&#39;
 #define ADC7_CS PB1
                 ^
/home/ec2-user/arduino-testlib/cli-datadir/user/libraries/PRDC_AD7797/examples/LCADC-8_test/LCADC-8_test.ino:49:75: note: in expansion of macro &#39;ADC7_CS&#39;
 const uint8_t adc_cs[] = {ADC1_CS,ADC2_CS,ADC3_CS,ADC4_CS,ADC5_CS,ADC6_CS,ADC7_CS,ADC8_CS};
                                                                           ^~~~~~~
/home/ec2-user/arduino-testlib/cli-datadir/user/libraries/PRDC_AD7797/examples/LCADC-8_test/LCADC-8_test.ino:43:17: error: &#39;PA4&#39; was not declared in this scope
 #define ADC8_CS PA4
                 ^
/home/ec2-user/arduino-testlib/cli-datadir/user/libraries/PRDC_AD7797/examples/LCADC-8_test/LCADC-8_test.ino:49:83: note: in expansion of macro &#39;ADC8_CS&#39;
 const uint8_t adc_cs[] = {ADC1_CS,ADC2_CS,ADC3_CS,ADC4_CS,ADC5_CS,ADC6_CS,ADC7_CS,ADC8_CS};
                                                                                   ^~~~~~~
/home/ec2-user/arduino-testlib/cli-datadir/user/libraries/PRDC_AD7797/examples/LCADC-8_test/LCADC-8_test.ino:43:17: note: suggested alternative: &#39;A4&#39;
 #define ADC8_CS PA4
                 ^
/home/ec2-user/arduino-testlib/cli-datadir/user/libraries/PRDC_AD7797/examples/LCADC-8_test/LCADC-8_test.ino:49:83: note: in expansion of macro &#39;ADC8_CS&#39;
 const uint8_t adc_cs[] = {ADC1_CS,ADC2_CS,ADC3_CS,ADC4_CS,ADC5_CS,ADC6_CS,ADC7_CS,ADC8_CS};
                                                                                   ^~~~~~~
/home/ec2-user/arduino-testlib/cli-datadir/user/libraries/PRDC_AD7797/examples/LCADC-8_test/LCADC-8_test.ino: In function &#39;void setup()&#39;:
/home/ec2-user/arduino-testlib/cli-datadir/user/libraries/PRDC_AD7797/examples/LCADC-8_test/LCADC-8_test.ino:44:15: error: &#39;PB0&#39; was not declared in this scope
 #define LED_1 PB0
               ^
/home/ec2-user/arduino-testlib/cli-datadir/user/libraries/PRDC_AD7797/examples/LCADC-8_test/LCADC-8_test.ino:61:11: note: in expansion of macro &#39;LED_1&#39;
   pinMode(LED_1,OUTPUT);
           ^~~~~
/home/ec2-user/arduino-testlib/cli-datadir/user/libraries/PRDC_AD7797/examples/LCADC-8_test/LCADC-8_test.ino:44:15: note: suggested alternative: &#39;B0&#39;
 #define LED_1 PB0
               ^
/home/ec2-user/arduino-testlib/cli-datadir/user/libraries/PRDC_AD7797/examples/LCADC-8_test/LCADC-8_test.ino:61:11: note: in expansion of macro &#39;LED_1&#39;
   pinMode(LED_1,OUTPUT);
           ^~~~~
/home/ec2-user/arduino-testlib/cli-datadir/user/libraries/PRDC_AD7797/examples/LCADC-8_test/LCADC-8_test.ino:45:15: error: &#39;PB4&#39; was not declared in this scope
 #define LED_2 PB4
               ^
/home/ec2-user/arduino-testlib/cli-datadir/user/libraries/PRDC_AD7797/examples/LCADC-8_test/LCADC-8_test.ino:62:11: note: in expansion of macro &#39;LED_2&#39;
   pinMode(LED_2,OUTPUT);
           ^~~~~
/home/ec2-user/arduino-testlib/cli-datadir/user/libraries/PRDC_AD7797/examples/LCADC-8_test/LCADC-8_test.ino: In function &#39;void blinkLED(uint16_t)&#39;:
/home/ec2-user/arduino-testlib/cli-datadir/user/libraries/PRDC_AD7797/examples/LCADC-8_test/LCADC-8_test.ino:44:15: error: &#39;PB0&#39; was not declared in this scope
 #define LED_1 PB0
               ^
/home/ec2-user/arduino-testlib/cli-datadir/user/libraries/PRDC_AD7797/examples/LCADC-8_test/LCADC-8_test.ino:111:18: note: in expansion of macro &#39;LED_1&#39;
     digitalWrite(LED_1,flag_LED);
                  ^~~~~
/home/ec2-user/arduino-testlib/cli-datadir/user/libraries/PRDC_AD7797/examples/LCADC-8_test/LCADC-8_test.ino:44:15: note: suggested alternative: &#39;B0&#39;
 #define LED_1 PB0
               ^
/home/ec2-user/arduino-testlib/cli-datadir/user/libraries/PRDC_AD7797/examples/LCADC-8_test/LCADC-8_test.ino:111:18: note: in expansion of macro &#39;LED_1&#39;
     digitalWrite(LED_1,flag_LED);
                  ^~~~~
/home/ec2-user/arduino-testlib/cli-datadir/user/libraries/PRDC_AD7797/examples/LCADC-8_test/LCADC-8_test.ino:45:15: error: &#39;PB4&#39; was not declared in this scope
 #define LED_2 PB4
               ^
/home/ec2-user/arduino-testlib/cli-datadir/user/libraries/PRDC_AD7797/examples/LCADC-8_test/LCADC-8_test.ino:112:18: note: in expansion of macro &#39;LED_2&#39;
     digitalWrite(LED_2,!flag_LED);
                  ^~~~~

</pre>
					
				
				<h3 id="esp32:esp32:d1_mini32">esp32:esp32:d1_mini32 @ 1.0.6</h3>
				<h4>Inclusion</h4>
				<p>
					Result: <b>PASS</b>
					
				</p>
				<pre class="pre-scrollable">Sketch uses 201454 bytes (15%) of program storage space. Maximum is 1310720 bytes.
Global variables use 13216 bytes (4%) of dynamic memory, leaving 314464 bytes for local variables. Maximum is 327680 bytes.
</pre>

					
					<h4>examples/LCADC-8_nolib</h4>
					<p>
						Result: <b>FAIL</b>
					</p>
					<pre class="pre-scrollable">/home/ec2-user/arduino-testlib/cli-datadir/user/libraries/PRDC_AD7797/examples/LCADC-8_nolib/LCADC-8_nolib.ino:34:17: error: &#39;PB3&#39; was not declared in this scope
 #define ADC1_CS PB3
                 ^
/home/ec2-user/arduino-testlib/cli-datadir/user/libraries/PRDC_AD7797/examples/LCADC-8_nolib/LCADC-8_nolib.ino:46:27: note: in expansion of macro &#39;ADC1_CS&#39;
 const uint8_t adc_cs[] = {ADC1_CS,ADC2_CS,ADC3_CS,ADC4_CS,ADC5_CS,ADC6_CS,ADC7_CS,ADC8_CS};
                           ^
/home/ec2-user/arduino-testlib/cli-datadir/user/libraries/PRDC_AD7797/examples/LCADC-8_nolib/LCADC-8_nolib.ino:35:17: error: &#39;PB5&#39; was not declared in this scope
 #define ADC2_CS PB5
                 ^
/home/ec2-user/arduino-testlib/cli-datadir/user/libraries/PRDC_AD7797/examples/LCADC-8_nolib/LCADC-8_nolib.ino:46:35: note: in expansion of macro &#39;ADC2_CS&#39;
 const uint8_t adc_cs[] = {ADC1_CS,ADC2_CS,ADC3_CS,ADC4_CS,ADC5_CS,ADC6_CS,ADC7_CS,ADC8_CS};
                                   ^
/home/ec2-user/arduino-testlib/cli-datadir/user/libraries/PRDC_AD7797/examples/LCADC-8_nolib/LCADC-8_nolib.ino:36:17: error: &#39;PB6&#39; was not declared in this scope
 #define ADC3_CS PB6
                 ^
/home/ec2-user/arduino-testlib/cli-datadir/user/libraries/PRDC_AD7797/examples/LCADC-8_nolib/LCADC-8_nolib.ino:46:43: note: in expansion of macro &#39;ADC3_CS&#39;
 const uint8_t adc_cs[] = {ADC1_CS,ADC2_CS,ADC3_CS,ADC4_CS,ADC5_CS,ADC6_CS,ADC7_CS,ADC8_CS};
                                           ^
/home/ec2-user/arduino-testlib/cli-datadir/user/libraries/PRDC_AD7797/examples/LCADC-8_nolib/LCADC-8_nolib.ino:37:17: error: &#39;PB7&#39; was not declared in this scope
 #define ADC4_CS PB7
                 ^
/home/ec2-user/arduino-testlib/cli-datadir/user/libraries/PRDC_AD7797/examples/LCADC-8_nolib/LCADC-8_nolib.ino:46:51: note: in expansion of macro &#39;ADC4_CS&#39;
 const uint8_t adc_cs[] = {ADC1_CS,ADC2_CS,ADC3_CS,ADC4_CS,ADC5_CS,ADC6_CS,ADC7_CS,ADC8_CS};
                                                   ^
/home/ec2-user/arduino-testlib/cli-datadir/user/libraries/PRDC_AD7797/examples/LCADC-8_nolib/LCADC-8_nolib.ino:38:17: error: &#39;PB10&#39; was not declared in this scope
 #define ADC5_CS PB10
                 ^
/home/ec2-user/arduino-testlib/cli-datadir/user/libraries/PRDC_AD7797/examples/LCADC-8_nolib/LCADC-8_nolib.ino:46:59: note: in expansion of macro &#39;ADC5_CS&#39;
 const uint8_t adc_cs[] = {ADC1_CS,ADC2_CS,ADC3_CS,ADC4_CS,ADC5_CS,ADC6_CS,ADC7_CS,ADC8_CS};
                                                           ^
/home/ec2-user/arduino-testlib/cli-datadir/user/libraries/PRDC_AD7797/examples/LCADC-8_nolib/LCADC-8_nolib.ino:39:17: error: &#39;PB2&#39; was not declared in this scope
 #define ADC6_CS PB2
                 ^
/home/ec2-user/arduino-testlib/cli-datadir/user/libraries/PRDC_AD7797/examples/LCADC-8_nolib/LCADC-8_nolib.ino:46:67: note: in expansion of macro &#39;ADC6_CS&#39;
 const uint8_t adc_cs[] = {ADC1_CS,ADC2_CS,ADC3_CS,ADC4_CS,ADC5_CS,ADC6_CS,ADC7_CS,ADC8_CS};
                                                                   ^
/home/ec2-user/arduino-testlib/cli-datadir/user/libraries/PRDC_AD7797/examples/LCADC-8_nolib/LCADC-8_nolib.ino:40:17: error: &#39;PB1&#39; was not declared in this scope
 #define ADC7_CS PB1
                 ^
/home/ec2-user/arduino-testlib/cli-datadir/user/libraries/PRDC_AD7797/examples/LCADC-8_nolib/LCADC-8_nolib.ino:46:75: note: in expansion of macro &#39;ADC7_CS&#39;
 const uint8_t adc_cs[] = {ADC1_CS,ADC2_CS,ADC3_CS,ADC4_CS,ADC5_CS,ADC6_CS,ADC7_CS,ADC8_CS};
                                                                           ^
/home/ec2-user/arduino-testlib/cli-datadir/user/libraries/PRDC_AD7797/examples/LCADC-8_nolib/LCADC-8_nolib.ino:41:17: error: &#39;PA4&#39; was not declared in this scope
 #define ADC8_CS PA4
                 ^
/home/ec2-user/arduino-testlib/cli-datadir/user/libraries/PRDC_AD7797/examples/LCADC-8_nolib/LCADC-8_nolib.ino:46:83: note: in expansion of macro &#39;ADC8_CS&#39;
 const uint8_t adc_cs[] = {ADC1_CS,ADC2_CS,ADC3_CS,ADC4_CS,ADC5_CS,ADC6_CS,ADC7_CS,ADC8_CS};
                                                                                   ^
/home/ec2-user/arduino-testlib/cli-datadir/user/libraries/PRDC_AD7797/examples/LCADC-8_nolib/LCADC-8_nolib.ino: In function &#39;void setup()&#39;:
/home/ec2-user/arduino-testlib/cli-datadir/user/libraries/PRDC_AD7797/examples/LCADC-8_nolib/LCADC-8_nolib.ino:48:15: error: &#39;PB0&#39; was not declared in this scope
 #define LED_1 PB0
               ^
/home/ec2-user/arduino-testlib/cli-datadir/user/libraries/PRDC_AD7797/examples/LCADC-8_nolib/LCADC-8_nolib.ino:59:11: note: in expansion of macro &#39;LED_1&#39;
   pinMode(LED_1,OUTPUT);
           ^
/home/ec2-user/arduino-testlib/cli-datadir/user/libraries/PRDC_AD7797/examples/LCADC-8_nolib/LCADC-8_nolib.ino:49:15: error: &#39;PB4&#39; was not declared in this scope
 #define LED_2 PB4
               ^
/home/ec2-user/arduino-testlib/cli-datadir/user/libraries/PRDC_AD7797/examples/LCADC-8_nolib/LCADC-8_nolib.ino:60:11: note: in expansion of macro &#39;LED_2&#39;
   pinMode(LED_2,OUTPUT);
           ^
/home/ec2-user/arduino-testlib/cli-datadir/user/libraries/PRDC_AD7797/examples/LCADC-8_nolib/LCADC-8_nolib.ino: In function &#39;void loop()&#39;:
/home/ec2-user/arduino-testlib/cli-datadir/user/libraries/PRDC_AD7797/examples/LCADC-8_nolib/LCADC-8_nolib.ino:48:15: error: &#39;PB0&#39; was not declared in this scope
 #define LED_1 PB0
               ^
/home/ec2-user/arduino-testlib/cli-datadir/user/libraries/PRDC_AD7797/examples/LCADC-8_nolib/LCADC-8_nolib.ino:102:18: note: in expansion of macro &#39;LED_1&#39;
     digitalWrite(LED_1,HIGH);
                  ^
/home/ec2-user/arduino-testlib/cli-datadir/user/libraries/PRDC_AD7797/examples/LCADC-8_nolib/LCADC-8_nolib.ino:49:15: error: &#39;PB4&#39; was not declared in this scope
 #define LED_2 PB4
               ^
/home/ec2-user/arduino-testlib/cli-datadir/user/libraries/PRDC_AD7797/examples/LCADC-8_nolib/LCADC-8_nolib.ino:103:18: note: in expansion of macro &#39;LED_2&#39;
     digitalWrite(LED_2,LOW);
                  ^

</pre>
					
					<h4>examples/LCADC-8_test</h4>
					<p>
						Result: <b>FAIL</b>
					</p>
					<pre class="pre-scrollable">/home/ec2-user/arduino-testlib/cli-datadir/user/libraries/PRDC_AD7797/examples/LCADC-8_test/LCADC-8_test.ino:36:17: error: &#39;PB3&#39; was not declared in this scope
 #define ADC1_CS PB3
                 ^
/home/ec2-user/arduino-testlib/cli-datadir/user/libraries/PRDC_AD7797/examples/LCADC-8_test/LCADC-8_test.ino:49:27: note: in expansion of macro &#39;ADC1_CS&#39;
 const uint8_t adc_cs[] = {ADC1_CS,ADC2_CS,ADC3_CS,ADC4_CS,ADC5_CS,ADC6_CS,ADC7_CS,ADC8_CS};
                           ^
/home/ec2-user/arduino-testlib/cli-datadir/user/libraries/PRDC_AD7797/examples/LCADC-8_test/LCADC-8_test.ino:37:17: error: &#39;PB5&#39; was not declared in this scope
 #define ADC2_CS PB5
                 ^
/home/ec2-user/arduino-testlib/cli-datadir/user/libraries/PRDC_AD7797/examples/LCADC-8_test/LCADC-8_test.ino:49:35: note: in expansion of macro &#39;ADC2_CS&#39;
 const uint8_t adc_cs[] = {ADC1_CS,ADC2_CS,ADC3_CS,ADC4_CS,ADC5_CS,ADC6_CS,ADC7_CS,ADC8_CS};
                                   ^
/home/ec2-user/arduino-testlib/cli-datadir/user/libraries/PRDC_AD7797/examples/LCADC-8_test/LCADC-8_test.ino:38:17: error: &#39;PB6&#39; was not declared in this scope
 #define ADC3_CS PB6
                 ^
/home/ec2-user/arduino-testlib/cli-datadir/user/libraries/PRDC_AD7797/examples/LCADC-8_test/LCADC-8_test.ino:49:43: note: in expansion of macro &#39;ADC3_CS&#39;
 const uint8_t adc_cs[] = {ADC1_CS,ADC2_CS,ADC3_CS,ADC4_CS,ADC5_CS,ADC6_CS,ADC7_CS,ADC8_CS};
                                           ^
/home/ec2-user/arduino-testlib/cli-datadir/user/libraries/PRDC_AD7797/examples/LCADC-8_test/LCADC-8_test.ino:39:17: error: &#39;PB7&#39; was not declared in this scope
 #define ADC4_CS PB7
                 ^
/home/ec2-user/arduino-testlib/cli-datadir/user/libraries/PRDC_AD7797/examples/LCADC-8_test/LCADC-8_test.ino:49:51: note: in expansion of macro &#39;ADC4_CS&#39;
 const uint8_t adc_cs[] = {ADC1_CS,ADC2_CS,ADC3_CS,ADC4_CS,ADC5_CS,ADC6_CS,ADC7_CS,ADC8_CS};
                                                   ^
/home/ec2-user/arduino-testlib/cli-datadir/user/libraries/PRDC_AD7797/examples/LCADC-8_test/LCADC-8_test.ino:40:17: error: &#39;PB10&#39; was not declared in this scope
 #define ADC5_CS PB10
                 ^
/home/ec2-user/arduino-testlib/cli-datadir/user/libraries/PRDC_AD7797/examples/LCADC-8_test/LCADC-8_test.ino:49:59: note: in expansion of macro &#39;ADC5_CS&#39;
 const uint8_t adc_cs[] = {ADC1_CS,ADC2_CS,ADC3_CS,ADC4_CS,ADC5_CS,ADC6_CS,ADC7_CS,ADC8_CS};
                                                           ^
/home/ec2-user/arduino-testlib/cli-datadir/user/libraries/PRDC_AD7797/examples/LCADC-8_test/LCADC-8_test.ino:41:17: error: &#39;PB2&#39; was not declared in this scope
 #define ADC6_CS PB2
                 ^
/home/ec2-user/arduino-testlib/cli-datadir/user/libraries/PRDC_AD7797/examples/LCADC-8_test/LCADC-8_test.ino:49:67: note: in expansion of macro &#39;ADC6_CS&#39;
 const uint8_t adc_cs[] = {ADC1_CS,ADC2_CS,ADC3_CS,ADC4_CS,ADC5_CS,ADC6_CS,ADC7_CS,ADC8_CS};
                                                                   ^
/home/ec2-user/arduino-testlib/cli-datadir/user/libraries/PRDC_AD7797/examples/LCADC-8_test/LCADC-8_test.ino:42:17: error: &#39;PB1&#39; was not declared in this scope
 #define ADC7_CS PB1
                 ^
/home/ec2-user/arduino-testlib/cli-datadir/user/libraries/PRDC_AD7797/examples/LCADC-8_test/LCADC-8_test.ino:49:75: note: in expansion of macro &#39;ADC7_CS&#39;
 const uint8_t adc_cs[] = {ADC1_CS,ADC2_CS,ADC3_CS,ADC4_CS,ADC5_CS,ADC6_CS,ADC7_CS,ADC8_CS};
                                                                           ^
/home/ec2-user/arduino-testlib/cli-datadir/user/libraries/PRDC_AD7797/examples/LCADC-8_test/LCADC-8_test.ino:43:17: error: &#39;PA4&#39; was not declared in this scope
 #define ADC8_CS PA4
                 ^
/home/ec2-user/arduino-testlib/cli-datadir/user/libraries/PRDC_AD7797/examples/LCADC-8_test/LCADC-8_test.ino:49:83: note: in expansion of macro &#39;ADC8_CS&#39;
 const uint8_t adc_cs[] = {ADC1_CS,ADC2_CS,ADC3_CS,ADC4_CS,ADC5_CS,ADC6_CS,ADC7_CS,ADC8_CS};
                                                                                   ^
/home/ec2-user/arduino-testlib/cli-datadir/user/libraries/PRDC_AD7797/examples/LCADC-8_test/LCADC-8_test.ino: In function &#39;void setup()&#39;:
/home/ec2-user/arduino-testlib/cli-datadir/user/libraries/PRDC_AD7797/examples/LCADC-8_test/LCADC-8_test.ino:44:15: error: &#39;PB0&#39; was not declared in this scope
 #define LED_1 PB0
               ^
/home/ec2-user/arduino-testlib/cli-datadir/user/libraries/PRDC_AD7797/examples/LCADC-8_test/LCADC-8_test.ino:61:11: note: in expansion of macro &#39;LED_1&#39;
   pinMode(LED_1,OUTPUT);
           ^
/home/ec2-user/arduino-testlib/cli-datadir/user/libraries/PRDC_AD7797/examples/LCADC-8_test/LCADC-8_test.ino:45:15: error: &#39;PB4&#39; was not declared in this scope
 #define LED_2 PB4
               ^
/home/ec2-user/arduino-testlib/cli-datadir/user/libraries/PRDC_AD7797/examples/LCADC-8_test/LCADC-8_test.ino:62:11: note: in expansion of macro &#39;LED_2&#39;
   pinMode(LED_2,OUTPUT);
           ^
/home/ec2-user/arduino-testlib/cli-datadir/user/libraries/PRDC_AD7797/examples/LCADC-8_test/LCADC-8_test.ino: In function &#39;void blinkLED(uint16_t)&#39;:
/home/ec2-user/arduino-testlib/cli-datadir/user/libraries/PRDC_AD7797/examples/LCADC-8_test/LCADC-8_test.ino:44:15: error: &#39;PB0&#39; was not declared in this scope
 #define LED_1 PB0
               ^
/home/ec2-user/arduino-testlib/cli-datadir/user/libraries/PRDC_AD7797/examples/LCADC-8_test/LCADC-8_test.ino:111:18: note: in expansion of macro &#39;LED_1&#39;
     digitalWrite(LED_1,flag_LED);
                  ^
/home/ec2-user/arduino-testlib/cli-datadir/user/libraries/PRDC_AD7797/examples/LCADC-8_test/LCADC-8_test.ino:45:15: error: &#39;PB4&#39; was not declared in this scope
 #define LED_2 PB4
               ^
/home/ec2-user/arduino-testlib/cli-datadir/user/libraries/PRDC_AD7797/examples/LCADC-8_test/LCADC-8_test.ino:112:18: note: in expansion of macro &#39;LED_2&#39;
     digitalWrite(LED_2,!flag_LED);
                  ^

</pre>
					
				
			</div>
		</div>
	</div>
  </body>
</html>
