
<!doctype html>
<html lang="en">
  <head>
    <meta charset="utf-8">
    <meta name="viewport" content="width=device-width, initial-scale=1">
    <link href="https://cdn.jsdelivr.net/npm/bootstrap@5.0.2/dist/css/bootstrap.min.css" rel="stylesheet" integrity="sha384-EVSTQN3/azprG1Anm3QDgpJLIm9Nao0Yz1ztcQTwFspd3yD65VohhpuuCOmLASjC" crossorigin="anonymous">
    <title>arduino-testlib report</title>
	<style>
	.pass { background-color: #00FF00 !important; }
	.fail { background-color: #FF0000 !important; }
	</style>
  </head>
  <body>
	<div class="container">
		<div class="row">
			<div class="col">
				<h1>Pubnub - compatibility matrix</h1>
				<p>
					<small>This report was generated on Wednesday, 23-Feb-22 22:48:15 CET using 
					<a href="https://github.com/alranel/arduino-testlib">arduino-testlib</a>.</small>
				</p>

				<h2>Pubnub</h2>
				<p>
					Version: <b>3.2.2</b>
					<br />
					<a href="https://www.arduino.cc/reference/en/libraries/pubnub/">More details</a>
				</p>

				<h2>Compatibility matrix</h2>
				<table class="table table-bordered">
					<tr>
						<th>Board</th>
						<th>Claims compatibility</th>
						<th>Inclusion</th>
						
						<th><pre>PubNubDemo</pre></th>
						
						<th><pre>PubNubPublisher</pre></th>
						
						<th><pre>PubNubSubscriber</pre></th>
						
						<th><pre>PubNubWifi101</pre></th>
						
						<th><pre>PubNubjsonWifi</pre></th>
						
						<th><pre>AdafruitFeatherM0WINC1500</pre></th>
						
					</tr>
					
					<tr>
						<td>
							<a href="#arduino%3aavr%3auno"><b>arduino:avr:uno</b></a>
							<br />
							<small>1.8.4</small>
						</td>

						
						
						
							<td>Yes ⚠️</td>
							<td class="fail">FAIL</td>
						
						

						
							
								
									
										
									
										
											<td class="pass">PASS</td>
											
										
									
										
									
										
									
										
									
										
									
								
							
								
							
								
							
								
							
								
							
						
							
								
									
										
									
										
									
										
											<td class="pass">PASS</td>
											
										
									
										
									
										
									
										
									
								
							
								
							
								
							
								
							
								
							
						
							
								
									
										
									
										
									
										
									
										
											<td class="pass">PASS</td>
											
										
									
										
									
										
									
								
							
								
							
								
							
								
							
								
							
						
							
								
									
										
									
										
									
										
									
										
									
										
											<td class="pass">PASS</td>
											
										
									
										
									
								
							
								
							
								
							
								
							
								
							
						
							
								
									
										
									
										
									
										
									
										
									
										
									
										
											
											<td class="fail">FAIL</td>
										
									
								
							
								
							
								
							
								
							
								
							
						
							
								
									
										
											<td class="pass">PASS</td>
											
										
									
										
									
										
									
										
									
										
									
										
									
								
							
								
							
								
							
								
							
								
							
						
					</tr>
					
					<tr>
						<td>
							<a href="#arduino%3ambed_nano%3ananorp2040connect"><b>arduino:mbed_nano:nanorp2040connect</b></a>
							<br />
							<small>2.7.2</small>
						</td>

						
						
						
							<td>Yes ⚠️</td>
							<td class="fail">FAIL</td>
						
						

						
							
								
							
								
									
										
									
										
											<td class="pass">PASS</td>
											
										
									
										
									
										
									
										
									
										
									
								
							
								
							
								
							
								
							
						
							
								
							
								
									
										
									
										
									
										
											<td class="pass">PASS</td>
											
										
									
										
									
										
									
										
									
								
							
								
							
								
							
								
							
						
							
								
							
								
									
										
									
										
									
										
									
										
											<td class="pass">PASS</td>
											
										
									
										
									
										
									
								
							
								
							
								
							
								
							
						
							
								
							
								
									
										
									
										
									
										
									
										
									
										
											
											<td class="fail">FAIL</td>
										
									
										
									
								
							
								
							
								
							
								
							
						
							
								
							
								
									
										
									
										
									
										
									
										
									
										
									
										
											
											<td class="fail">FAIL</td>
										
									
								
							
								
							
								
							
								
							
						
							
								
							
								
									
										
											
											<td class="fail">FAIL</td>
										
									
										
									
										
									
										
									
										
									
										
									
								
							
								
							
								
							
								
							
						
					</tr>
					
					<tr>
						<td>
							<a href="#arduino%3amegaavr%3anona4809"><b>arduino:megaavr:nona4809</b></a>
							<br />
							<small>1.8.7</small>
						</td>

						
						
						
							<td>Yes ⚠️</td>
							<td class="fail">FAIL</td>
						
						

						
							
								
							
								
							
								
									
										
									
										
											<td class="pass">PASS</td>
											
										
									
										
									
										
									
										
									
										
									
								
							
								
							
								
							
						
							
								
							
								
							
								
									
										
									
										
									
										
											<td class="pass">PASS</td>
											
										
									
										
									
										
									
										
									
								
							
								
							
								
							
						
							
								
							
								
							
								
									
										
									
										
									
										
									
										
											<td class="pass">PASS</td>
											
										
									
										
									
										
									
								
							
								
							
								
							
						
							
								
							
								
							
								
									
										
									
										
									
										
									
										
									
										
											<td class="pass">PASS</td>
											
										
									
										
									
								
							
								
							
								
							
						
							
								
							
								
							
								
									
										
									
										
									
										
									
										
									
										
									
										
											
											<td class="fail">FAIL</td>
										
									
								
							
								
							
								
							
						
							
								
							
								
							
								
									
										
											<td class="pass">PASS</td>
											
										
									
										
									
										
									
										
									
										
									
										
									
								
							
								
							
								
							
						
					</tr>
					
					<tr>
						<td>
							<a href="#arduino%3asamd%3amkrwifi1010"><b>arduino:samd:mkrwifi1010</b></a>
							<br />
							<small>1.8.12</small>
						</td>

						
						
						
							<td>Yes ⚠️</td>
							<td class="fail">FAIL</td>
						
						

						
							
								
							
								
							
								
							
								
									
										
									
										
											<td class="pass">PASS</td>
											
										
									
										
									
										
									
										
									
										
									
								
							
								
							
						
							
								
							
								
							
								
							
								
									
										
									
										
									
										
											<td class="pass">PASS</td>
											
										
									
										
									
										
									
										
									
								
							
								
							
						
							
								
							
								
							
								
							
								
									
										
									
										
									
										
									
										
											<td class="pass">PASS</td>
											
										
									
										
									
										
									
								
							
								
							
						
							
								
							
								
							
								
							
								
									
										
									
										
									
										
									
										
									
										
											<td class="pass">PASS</td>
											
										
									
										
									
								
							
								
							
						
							
								
							
								
							
								
							
								
									
										
									
										
									
										
									
										
									
										
									
										
											
											<td class="fail">FAIL</td>
										
									
								
							
								
							
						
							
								
							
								
							
								
							
								
									
										
											<td class="pass">PASS</td>
											
										
									
										
									
										
									
										
									
										
									
										
									
								
							
								
							
						
					</tr>
					
					<tr>
						<td>
							<a href="#esp32%3aesp32%3ad1_mini32"><b>esp32:esp32:d1_mini32</b></a>
							<br />
							<small>1.0.6</small>
						</td>

						
						
						
							<td>Yes ⚠️</td>
							<td class="fail">FAIL</td>
						
						

						
							
								
							
								
							
								
							
								
							
								
									
										
									
										
											<td class="pass">PASS</td>
											
										
									
										
									
										
									
										
									
										
									
								
							
						
							
								
							
								
							
								
							
								
							
								
									
										
									
										
									
										
											<td class="pass">PASS</td>
											
										
									
										
									
										
									
										
									
								
							
						
							
								
							
								
							
								
							
								
							
								
									
										
									
										
									
										
									
										
											<td class="pass">PASS</td>
											
										
									
										
									
										
									
								
							
						
							
								
							
								
							
								
							
								
							
								
									
										
									
										
									
										
									
										
									
										
											
											<td class="fail">FAIL</td>
										
									
										
									
								
							
						
							
								
							
								
							
								
							
								
							
								
									
										
									
										
									
										
									
										
									
										
									
										
											
											<td class="fail">FAIL</td>
										
									
								
							
						
							
								
							
								
							
								
							
								
							
								
									
										
											
											<td class="fail">FAIL</td>
										
									
										
									
										
									
										
									
										
									
										
									
								
							
						
					</tr>
					
				</table>

				<h2>Compilation logs</h2>
				
				<h3 id="arduino:avr:uno">arduino:avr:uno @ 1.8.4</h3>
				<h4>Inclusion</h4>
				<p>
					Result: <b>FAIL</b>
					
					<br />This library has no main header file so an empty one was created.
					
				</p>
				<pre class="pre-scrollable">In file included from /home/ec2-user/arduino-testlib/cli-datadir/user/libraries/Pubnub/PubNub.h:2:0,
                 from /tmp/arduino-testlib1701428467/test/test.ino:1:
/home/ec2-user/arduino-testlib/cli-datadir/user/libraries/Pubnub/PubNubDefs.h:67:51: error: expected class-name before &#39;{&#39; token
 class PubNonSubClient : public PubNub_BASE_CLIENT {
                                                   ^
/home/ec2-user/arduino-testlib/cli-datadir/user/libraries/Pubnub/PubNubDefs.h: In constructor &#39;PubNonSubClient::PubNonSubClient()&#39;:
/home/ec2-user/arduino-testlib/cli-datadir/user/libraries/Pubnub/PubNubDefs.h:12:28: error: class &#39;PubNonSubClient&#39; does not have any field named &#39;EthernetClient&#39;
 #define PubNub_BASE_CLIENT EthernetClient
                            ^
/home/ec2-user/arduino-testlib/cli-datadir/user/libraries/Pubnub/PubNubDefs.h:70:11: note: in expansion of macro &#39;PubNub_BASE_CLIENT&#39;
         : PubNub_BASE_CLIENT()
           ^~~~~~~~~~~~~~~~~~
/home/ec2-user/arduino-testlib/cli-datadir/user/libraries/Pubnub/PubNubDefs.h: In member function &#39;int PubNonSubClient::available()&#39;:
/home/ec2-user/arduino-testlib/cli-datadir/user/libraries/Pubnub/PubNubDefs.h:12:28: error: &#39;EthernetClient&#39; has not been declared
 #define PubNub_BASE_CLIENT EthernetClient
                            ^
/home/ec2-user/arduino-testlib/cli-datadir/user/libraries/Pubnub/PubNubDefs.h:78:23: note: in expansion of macro &#39;PubNub_BASE_CLIENT&#39;
             d_avail = PubNub_BASE_CLIENT::available();
                       ^~~~~~~~~~~~~~~~~~
/home/ec2-user/arduino-testlib/cli-datadir/user/libraries/Pubnub/PubNubDefs.h: In member function &#39;int PubNonSubClient::read()&#39;:
/home/ec2-user/arduino-testlib/cli-datadir/user/libraries/Pubnub/PubNubDefs.h:12:28: error: &#39;EthernetClient&#39; has not been declared
 #define PubNub_BASE_CLIENT EthernetClient
                            ^
/home/ec2-user/arduino-testlib/cli-datadir/user/libraries/Pubnub/PubNubDefs.h:87:16: note: in expansion of macro &#39;PubNub_BASE_CLIENT&#39;
         return PubNub_BASE_CLIENT::read();
                ^~~~~~~~~~~~~~~~~~
/home/ec2-user/arduino-testlib/cli-datadir/user/libraries/Pubnub/PubNubDefs.h: In member function &#39;int PubNonSubClient::read(uint8_t*, size_t)&#39;:
/home/ec2-user/arduino-testlib/cli-datadir/user/libraries/Pubnub/PubNubDefs.h:12:28: error: &#39;EthernetClient&#39; has not been declared
 #define PubNub_BASE_CLIENT EthernetClient
                            ^
/home/ec2-user/arduino-testlib/cli-datadir/user/libraries/Pubnub/PubNubDefs.h:91:19: note: in expansion of macro &#39;PubNub_BASE_CLIENT&#39;
         int len = PubNub_BASE_CLIENT::read(buf, size);
                   ^~~~~~~~~~~~~~~~~~
/home/ec2-user/arduino-testlib/cli-datadir/user/libraries/Pubnub/PubNubDefs.h: At global scope:
/home/ec2-user/arduino-testlib/cli-datadir/user/libraries/Pubnub/PubNubDefs.h:118:48: error: expected class-name before &#39;{&#39; token
 class PubSubClient : public PubNub_BASE_CLIENT {
                                                ^
/home/ec2-user/arduino-testlib/cli-datadir/user/libraries/Pubnub/PubNubDefs.h: In constructor &#39;PubSubClient::PubSubClient()&#39;:
/home/ec2-user/arduino-testlib/cli-datadir/user/libraries/Pubnub/PubNubDefs.h:12:28: error: class &#39;PubSubClient&#39; does not have any field named &#39;EthernetClient&#39;
 #define PubNub_BASE_CLIENT EthernetClient
                            ^
/home/ec2-user/arduino-testlib/cli-datadir/user/libraries/Pubnub/PubNubDefs.h:121:11: note: in expansion of macro &#39;PubNub_BASE_CLIENT&#39;
         : PubNub_BASE_CLIENT()
           ^~~~~~~~~~~~~~~~~~
/home/ec2-user/arduino-testlib/cli-datadir/user/libraries/Pubnub/PubNubDefs.h: In member function &#39;int PubSubClient::available()&#39;:
/home/ec2-user/arduino-testlib/cli-datadir/user/libraries/Pubnub/PubNubDefs.h:12:28: error: &#39;EthernetClient&#39; has not been declared
 #define PubNub_BASE_CLIENT EthernetClient
                            ^
/home/ec2-user/arduino-testlib/cli-datadir/user/libraries/Pubnub/PubNubDefs.h:131:23: note: in expansion of macro &#39;PubNub_BASE_CLIENT&#39;
             d_avail = PubNub_BASE_CLIENT::available();
                       ^~~~~~~~~~~~~~~~~~
/home/ec2-user/arduino-testlib/cli-datadir/user/libraries/Pubnub/PubNubDefs.h: In member function &#39;int PubSubClient::read()&#39;:
/home/ec2-user/arduino-testlib/cli-datadir/user/libraries/Pubnub/PubNubDefs.h:12:28: error: &#39;EthernetClient&#39; has not been declared
 #define PubNub_BASE_CLIENT EthernetClient
                            ^
/home/ec2-user/arduino-testlib/cli-datadir/user/libraries/Pubnub/PubNubDefs.h:141:17: note: in expansion of macro &#39;PubNub_BASE_CLIENT&#39;
         int c = PubNub_BASE_CLIENT::read();
                 ^~~~~~~~~~~~~~~~~~
/home/ec2-user/arduino-testlib/cli-datadir/user/libraries/Pubnub/PubNubDefs.h: In member function &#39;int PubSubClient::read(uint8_t*, size_t)&#39;:
/home/ec2-user/arduino-testlib/cli-datadir/user/libraries/Pubnub/PubNubDefs.h:12:28: error: &#39;EthernetClient&#39; has not been declared
 #define PubNub_BASE_CLIENT EthernetClient
                            ^
/home/ec2-user/arduino-testlib/cli-datadir/user/libraries/Pubnub/PubNubDefs.h:157:19: note: in expansion of macro &#39;PubNub_BASE_CLIENT&#39;
         int len = PubNub_BASE_CLIENT::read(buf, size);
                   ^~~~~~~~~~~~~~~~~~
/home/ec2-user/arduino-testlib/cli-datadir/user/libraries/Pubnub/PubNubDefs.h: In member function &#39;void PubSubClient::stop()&#39;:
/home/ec2-user/arduino-testlib/cli-datadir/user/libraries/Pubnub/PubNubDefs.h:178:31: error: &#39;connected&#39; was not declared in this scope
         if ((!available() &amp;&amp; !connected()) || !json_enabled) {
                               ^~~~~~~~~
/home/ec2-user/arduino-testlib/cli-datadir/user/libraries/Pubnub/PubNubDefs.h:12:28: error: &#39;EthernetClient&#39; has not been declared
 #define PubNub_BASE_CLIENT EthernetClient
                            ^
/home/ec2-user/arduino-testlib/cli-datadir/user/libraries/Pubnub/PubNubDefs.h:179:13: note: in expansion of macro &#39;PubNub_BASE_CLIENT&#39;
             PubNub_BASE_CLIENT::stop();
             ^~~~~~~~~~~~~~~~~~
/home/ec2-user/arduino-testlib/cli-datadir/user/libraries/Pubnub/PubNubDefs.h: In member function &#39;bool PubSubClient::wait_for_data(int)&#39;:
/home/ec2-user/arduino-testlib/cli-datadir/user/libraries/Pubnub/PubNubDefs.h:195:38: error: &#39;connected&#39; was not declared in this scope
         while ((0 == available()) &amp;&amp; connected()) {
                                      ^~~~~~~~~
/home/ec2-user/arduino-testlib/cli-datadir/user/libraries/Pubnub/PubNubDefs.h: At global scope:
/home/ec2-user/arduino-testlib/cli-datadir/user/libraries/Pubnub/PubNubDefs.h:12:28: error: &#39;EthernetClient&#39; has not been declared
 #define PubNub_BASE_CLIENT EthernetClient
                            ^
/home/ec2-user/arduino-testlib/cli-datadir/user/libraries/Pubnub/PubNubDefs.h:425:39: note: in expansion of macro &#39;PubNub_BASE_CLIENT&#39;
     inline enum PubNub_BH _request_bh(PubNub_BASE_CLIENT&amp; client,
                                       ^~~~~~~~~~~~~~~~~~
/home/ec2-user/arduino-testlib/cli-datadir/user/libraries/Pubnub/PubNubDefs.h: In member function &#39;void PubSubClient::_grab_timetoken(uint8_t*, size_t)&#39;:
/home/ec2-user/arduino-testlib/cli-datadir/user/libraries/Pubnub/PubNubDefs.h:547:22: error: &#39;connected&#39; was not declared in this scope
                 if (!connected()) {
                      ^~~~~~~~~
/home/ec2-user/arduino-testlib/cli-datadir/user/libraries/Pubnub/PubNubDefs.h:12:28: error: &#39;EthernetClient&#39; has not been declared
 #define PubNub_BASE_CLIENT EthernetClient
                            ^
/home/ec2-user/arduino-testlib/cli-datadir/user/libraries/Pubnub/PubNubDefs.h:568:23: note: in expansion of macro &#39;PubNub_BASE_CLIENT&#39;
             int len = PubNub_BASE_CLIENT::read(&amp;ch, 1);
                       ^~~~~~~~~~~~~~~~~~
/home/ec2-user/arduino-testlib/cli-datadir/user/libraries/Pubnub/PubNubDefs.h: At global scope:
/home/ec2-user/arduino-testlib/cli-datadir/user/libraries/Pubnub/PubNubDefs.h:12:28: error: &#39;EthernetClient&#39; was not declared in this scope
 #define PubNub_BASE_CLIENT EthernetClient
                            ^
/home/ec2-user/arduino-testlib/cli-datadir/user/libraries/Pubnub/PubNubDefs.h:611:30: note: in expansion of macro &#39;PubNub_BASE_CLIENT&#39;
 inline bool await_disconnect(PubNub_BASE_CLIENT&amp; client, unsigned long timeout) {
                              ^~~~~~~~~~~~~~~~~~
/home/ec2-user/arduino-testlib/cli-datadir/user/libraries/Pubnub/PubNubDefs.h:611:50: error: &#39;client&#39; was not declared in this scope
 inline bool await_disconnect(PubNub_BASE_CLIENT&amp; client, unsigned long timeout) {
                                                  ^~~~~~
/home/ec2-user/arduino-testlib/cli-datadir/user/libraries/Pubnub/PubNubDefs.h:611:50: note: suggested alternative: &#39;Print&#39;
 inline bool await_disconnect(PubNub_BASE_CLIENT&amp; client, unsigned long timeout) {
                                                  ^~~~~~
                                                  Print
/home/ec2-user/arduino-testlib/cli-datadir/user/libraries/Pubnub/PubNubDefs.h:611:58: error: expected primary-expression before &#39;unsigned&#39;
 inline bool await_disconnect(PubNub_BASE_CLIENT&amp; client, unsigned long timeout) {
                                                          ^~~~~~~~
/home/ec2-user/arduino-testlib/cli-datadir/user/libraries/Pubnub/PubNubDefs.h: In member function &#39;PubNonSubClient* PubNub::publish(const char*, const char*, int)&#39;:
/home/ec2-user/arduino-testlib/cli-datadir/user/libraries/Pubnub/PubNubDefs.h:633:23: error: &#39;class PubNonSubClient&#39; has no member named &#39;connect&#39;
     int rslt = client.connect(d_origin, d_port);
                       ^~~~~~~
/home/ec2-user/arduino-testlib/cli-datadir/user/libraries/Pubnub/PubNubDefs.h:637:16: error: &#39;class PubNonSubClient&#39; has no member named &#39;stop&#39;
         client.stop();
                ^~~~
/home/ec2-user/arduino-testlib/cli-datadir/user/libraries/Pubnub/PubNubDefs.h:642:12: error: &#39;class PubNonSubClient&#39; has no member named &#39;flush&#39;
     client.flush();
            ^~~~~
/home/ec2-user/arduino-testlib</pre>

					
					<h4>examples/AdafruitFeatherM0WINC1500</h4>
					<p>
						Result: <b>PASS</b>
					</p>
					<pre class="pre-scrollable">Sketch uses 26666 bytes (82%) of program storage space. Maximum is 32256 bytes.
Global variables use 1823 bytes (89%) of dynamic memory, leaving 225 bytes for local variables. Maximum is 2048 bytes.
Low memory available, stability problems may occur.
</pre>
					
					<h4>examples/PubNubDemo</h4>
					<p>
						Result: <b>PASS</b>
					</p>
					<pre class="pre-scrollable">Sketch uses 21610 bytes (66%) of program storage space. Maximum is 32256 bytes.
Global variables use 1495 bytes (72%) of dynamic memory, leaving 553 bytes for local variables. Maximum is 2048 bytes.
</pre>
					
					<h4>examples/PubNubPublisher</h4>
					<p>
						Result: <b>PASS</b>
					</p>
					<pre class="pre-scrollable">Sketch uses 19304 bytes (59%) of program storage space. Maximum is 32256 bytes.
Global variables use 1099 bytes (53%) of dynamic memory, leaving 949 bytes for local variables. Maximum is 2048 bytes.
</pre>
					
					<h4>examples/PubNubSubscriber</h4>
					<p>
						Result: <b>PASS</b>
					</p>
					<pre class="pre-scrollable">Sketch uses 20646 bytes (64%) of program storage space. Maximum is 32256 bytes.
Global variables use 1061 bytes (51%) of dynamic memory, leaving 987 bytes for local variables. Maximum is 2048 bytes.
</pre>
					
					<h4>examples/PubNubWifi101</h4>
					<p>
						Result: <b>PASS</b>
					</p>
					<pre class="pre-scrollable">Sketch uses 25652 bytes (79%) of program storage space. Maximum is 32256 bytes.
Global variables use 1787 bytes (87%) of dynamic memory, leaving 261 bytes for local variables. Maximum is 2048 bytes.
Low memory available, stability problems may occur.
</pre>
					
					<h4>examples/PubNubjsonWifi</h4>
					<p>
						Result: <b>FAIL</b>
					</p>
					<pre class="pre-scrollable">/home/ec2-user/arduino-testlib/cli-datadir/user/libraries/Pubnub/examples/PubNubjsonWifi/PubNubjsonWifi.ino: In function &#39;void loop()&#39;:
/home/ec2-user/arduino-testlib/cli-datadir/user/libraries/Pubnub/examples/PubNubjsonWifi/PubNubjsonWifi.ino:205:42: error: &#39;ArduinoJson6192_1::JsonDocument::JsonDocument(const ArduinoJson6192_1::JsonDocument&amp;)&#39; is private within this context
         serializeJson(createMessage(pubjd), output);
                                          ^
In file included from /home/ec2-user/arduino-testlib/cli-datadir/user/libraries/ArduinoJson/src/ArduinoJson/Document/BasicJsonDocument.hpp:7:0,
                 from /home/ec2-user/arduino-testlib/cli-datadir/user/libraries/ArduinoJson/src/ArduinoJson/Document/DynamicJsonDocument.hpp:7,
                 from /home/ec2-user/arduino-testlib/cli-datadir/user/libraries/ArduinoJson/src/ArduinoJson.hpp:28,
                 from /home/ec2-user/arduino-testlib/cli-datadir/user/libraries/ArduinoJson/src/ArduinoJson.h:9,
                 from /home/ec2-user/arduino-testlib/cli-datadir/user/libraries/Pubnub/examples/PubNubjsonWifi/PubNubjsonWifi.ino:37:
/home/ec2-user/arduino-testlib/cli-datadir/user/libraries/ArduinoJson/src/ArduinoJson/Document/JsonDocument.hpp:341:3: note: declared private here
   JsonDocument(const JsonDocument&amp;);
   ^~~~~~~~~~~~
/home/ec2-user/arduino-testlib/cli-datadir/user/libraries/Pubnub/examples/PubNubjsonWifi/PubNubjsonWifi.ino:93:12: note:   initializing argument 1 of &#39;ArduinoJson::JsonObject createMessage(ArduinoJson6192_1::JsonDocument)&#39;
 JsonObject createMessage(JsonDocument jd)
            ^~~~~~~~~~~~~
/home/ec2-user/arduino-testlib/cli-datadir/user/libraries/Pubnub/examples/PubNubjsonWifi/PubNubjsonWifi.ino:205:42: error: &#39;ArduinoJson6192_1::JsonDocument::~JsonDocument()&#39; is protected within this context
         serializeJson(createMessage(pubjd), output);
                                          ^
In file included from /home/ec2-user/arduino-testlib/cli-datadir/user/libraries/ArduinoJson/src/ArduinoJson/Document/BasicJsonDocument.hpp:7:0,
                 from /home/ec2-user/arduino-testlib/cli-datadir/user/libraries/ArduinoJson/src/ArduinoJson/Document/DynamicJsonDocument.hpp:7,
                 from /home/ec2-user/arduino-testlib/cli-datadir/user/libraries/ArduinoJson/src/ArduinoJson.hpp:28,
                 from /home/ec2-user/arduino-testlib/cli-datadir/user/libraries/ArduinoJson/src/ArduinoJson.h:9,
                 from /home/ec2-user/arduino-testlib/cli-datadir/user/libraries/Pubnub/examples/PubNubjsonWifi/PubNubjsonWifi.ino:37:
/home/ec2-user/arduino-testlib/cli-datadir/user/libraries/ArduinoJson/src/ArduinoJson/Document/JsonDocument.hpp:323:3: note: declared protected here
   ~JsonDocument() {}
   ^
Multiple libraries were found for &#34;ArduinoJson.h&#34;
  Used: /home/ec2-user/arduino-testlib/cli-datadir/user/libraries/ArduinoJson
  Not used: /home/ec2-user/arduino-testlib/cli-datadir/user/libraries/ThingsIoT
  Not used: /home/ec2-user/arduino-testlib/cli-datadir/user/libraries/CoogleIOT
  Not used: /home/ec2-user/arduino-testlib/cli-datadir/user/libraries/Antares_ESP8266_HTTP
  Not used: /home/ec2-user/arduino-testlib/cli-datadir/user/libraries/AllThingsTalk_LTE-M_SDK
  Not used: /home/ec2-user/arduino-testlib/cli-datadir/user/libraries/CMMC_MQTT_Connector
  Not used: /home/ec2-user/arduino-testlib/cli-datadir/user/libraries/Antares_ESP8266_MQTT
  Not used: /home/ec2-user/arduino-testlib/cli-datadir/user/libraries/BaleMessengerBot_Arduino
  Not used: /home/ec2-user/arduino-testlib/cli-datadir/user/libraries/ThingESP
Multiple libraries were found for &#34;WiFi.h&#34;
  Used: /home/ec2-user/arduino-testlib/cli-datadir/user/libraries/WiFi
  Not used: /home/ec2-user/arduino-testlib/cli-datadir/user/libraries/Seeed_Arduino_rpcWiFi
  Not used: /home/ec2-user/arduino-testlib/cli-datadir/user/libraries/WiFiNINA
  Not used: /home/ec2-user/arduino-testlib/cli-datadir/user/libraries/WiFiEspAT
</pre>
					
				
				<h3 id="arduino:mbed_nano:nanorp2040connect">arduino:mbed_nano:nanorp2040connect @ 2.7.2</h3>
				<h4>Inclusion</h4>
				<p>
					Result: <b>FAIL</b>
					
					<br />This library has no main header file so an empty one was created.
					
				</p>
				<pre class="pre-scrollable">In file included from /home/ec2-user/arduino-testlib/cli-datadir/user/libraries/Pubnub/PubNub.h:2:0,
                 from /tmp/arduino-testlib120818044/test/test.ino:1:
/home/ec2-user/arduino-testlib/cli-datadir/user/libraries/Pubnub/PubNubDefs.h:67:51: error: expected class-name before &#39;{&#39; token
 class PubNonSubClient : public PubNub_BASE_CLIENT {
                                                   ^
/home/ec2-user/arduino-testlib/cli-datadir/user/libraries/Pubnub/PubNubDefs.h: In constructor &#39;PubNonSubClient::PubNonSubClient()&#39;:
/home/ec2-user/arduino-testlib/cli-datadir/user/libraries/Pubnub/PubNubDefs.h:12:28: error: class &#39;PubNonSubClient&#39; does not have any field named &#39;EthernetClient&#39;
 #define PubNub_BASE_CLIENT EthernetClient
                            ^
/home/ec2-user/arduino-testlib/cli-datadir/user/libraries/Pubnub/PubNubDefs.h:70:11: note: in expansion of macro &#39;PubNub_BASE_CLIENT&#39;
         : PubNub_BASE_CLIENT()
           ^~~~~~~~~~~~~~~~~~
/home/ec2-user/arduino-testlib/cli-datadir/user/libraries/Pubnub/PubNubDefs.h: In member function &#39;int PubNonSubClient::available()&#39;:
/home/ec2-user/arduino-testlib/cli-datadir/user/libraries/Pubnub/PubNubDefs.h:12:28: error: &#39;EthernetClient&#39; has not been declared
 #define PubNub_BASE_CLIENT EthernetClient
                            ^
/home/ec2-user/arduino-testlib/cli-datadir/user/libraries/Pubnub/PubNubDefs.h:78:23: note: in expansion of macro &#39;PubNub_BASE_CLIENT&#39;
             d_avail = PubNub_BASE_CLIENT::available();
                       ^~~~~~~~~~~~~~~~~~
/home/ec2-user/arduino-testlib/cli-datadir/user/libraries/Pubnub/PubNubDefs.h: In member function &#39;int PubNonSubClient::read()&#39;:
/home/ec2-user/arduino-testlib/cli-datadir/user/libraries/Pubnub/PubNubDefs.h:12:28: error: &#39;EthernetClient&#39; has not been declared
 #define PubNub_BASE_CLIENT EthernetClient
                            ^
/home/ec2-user/arduino-testlib/cli-datadir/user/libraries/Pubnub/PubNubDefs.h:87:16: note: in expansion of macro &#39;PubNub_BASE_CLIENT&#39;
         return PubNub_BASE_CLIENT::read();
                ^~~~~~~~~~~~~~~~~~
/home/ec2-user/arduino-testlib/cli-datadir/user/libraries/Pubnub/PubNubDefs.h: In member function &#39;int PubNonSubClient::read(uint8_t*, size_t)&#39;:
/home/ec2-user/arduino-testlib/cli-datadir/user/libraries/Pubnub/PubNubDefs.h:12:28: error: &#39;EthernetClient&#39; has not been declared
 #define PubNub_BASE_CLIENT EthernetClient
                            ^
/home/ec2-user/arduino-testlib/cli-datadir/user/libraries/Pubnub/PubNubDefs.h:91:19: note: in expansion of macro &#39;PubNub_BASE_CLIENT&#39;
         int len = PubNub_BASE_CLIENT::read(buf, size);
                   ^~~~~~~~~~~~~~~~~~
/home/ec2-user/arduino-testlib/cli-datadir/user/libraries/Pubnub/PubNubDefs.h: At global scope:
/home/ec2-user/arduino-testlib/cli-datadir/user/libraries/Pubnub/PubNubDefs.h:118:48: error: expected class-name before &#39;{&#39; token
 class PubSubClient : public PubNub_BASE_CLIENT {
                                                ^
/home/ec2-user/arduino-testlib/cli-datadir/user/libraries/Pubnub/PubNubDefs.h: In constructor &#39;PubSubClient::PubSubClient()&#39;:
/home/ec2-user/arduino-testlib/cli-datadir/user/libraries/Pubnub/PubNubDefs.h:12:28: error: class &#39;PubSubClient&#39; does not have any field named &#39;EthernetClient&#39;
 #define PubNub_BASE_CLIENT EthernetClient
                            ^
/home/ec2-user/arduino-testlib/cli-datadir/user/libraries/Pubnub/PubNubDefs.h:121:11: note: in expansion of macro &#39;PubNub_BASE_CLIENT&#39;
         : PubNub_BASE_CLIENT()
           ^~~~~~~~~~~~~~~~~~
/home/ec2-user/arduino-testlib/cli-datadir/user/libraries/Pubnub/PubNubDefs.h: In member function &#39;int PubSubClient::available()&#39;:
/home/ec2-user/arduino-testlib/cli-datadir/user/libraries/Pubnub/PubNubDefs.h:12:28: error: &#39;EthernetClient&#39; has not been declared
 #define PubNub_BASE_CLIENT EthernetClient
                            ^
/home/ec2-user/arduino-testlib/cli-datadir/user/libraries/Pubnub/PubNubDefs.h:131:23: note: in expansion of macro &#39;PubNub_BASE_CLIENT&#39;
             d_avail = PubNub_BASE_CLIENT::available();
                       ^~~~~~~~~~~~~~~~~~
/home/ec2-user/arduino-testlib/cli-datadir/user/libraries/Pubnub/PubNubDefs.h: In member function &#39;int PubSubClient::read()&#39;:
/home/ec2-user/arduino-testlib/cli-datadir/user/libraries/Pubnub/PubNubDefs.h:12:28: error: &#39;EthernetClient&#39; has not been declared
 #define PubNub_BASE_CLIENT EthernetClient
                            ^
/home/ec2-user/arduino-testlib/cli-datadir/user/libraries/Pubnub/PubNubDefs.h:141:17: note: in expansion of macro &#39;PubNub_BASE_CLIENT&#39;
         int c = PubNub_BASE_CLIENT::read();
                 ^~~~~~~~~~~~~~~~~~
/home/ec2-user/arduino-testlib/cli-datadir/user/libraries/Pubnub/PubNubDefs.h: In member function &#39;int PubSubClient::read(uint8_t*, size_t)&#39;:
/home/ec2-user/arduino-testlib/cli-datadir/user/libraries/Pubnub/PubNubDefs.h:12:28: error: &#39;EthernetClient&#39; has not been declared
 #define PubNub_BASE_CLIENT EthernetClient
                            ^
/home/ec2-user/arduino-testlib/cli-datadir/user/libraries/Pubnub/PubNubDefs.h:157:19: note: in expansion of macro &#39;PubNub_BASE_CLIENT&#39;
         int len = PubNub_BASE_CLIENT::read(buf, size);
                   ^~~~~~~~~~~~~~~~~~
/home/ec2-user/arduino-testlib/cli-datadir/user/libraries/Pubnub/PubNubDefs.h: In member function &#39;void PubSubClient::stop()&#39;:
/home/ec2-user/arduino-testlib/cli-datadir/user/libraries/Pubnub/PubNubDefs.h:178:31: error: &#39;connected&#39; was not declared in this scope
         if ((!available() &amp;&amp; !connected()) || !json_enabled) {
                               ^~~~~~~~~
/home/ec2-user/arduino-testlib/cli-datadir/user/libraries/Pubnub/PubNubDefs.h:12:28: error: &#39;EthernetClient&#39; has not been declared
 #define PubNub_BASE_CLIENT EthernetClient
                            ^
/home/ec2-user/arduino-testlib/cli-datadir/user/libraries/Pubnub/PubNubDefs.h:179:13: note: in expansion of macro &#39;PubNub_BASE_CLIENT&#39;
             PubNub_BASE_CLIENT::stop();
             ^~~~~~~~~~~~~~~~~~
/home/ec2-user/arduino-testlib/cli-datadir/user/libraries/Pubnub/PubNubDefs.h: In member function &#39;bool PubSubClient::wait_for_data(int)&#39;:
/home/ec2-user/arduino-testlib/cli-datadir/user/libraries/Pubnub/PubNubDefs.h:195:38: error: &#39;connected&#39; was not declared in this scope
         while ((0 == available()) &amp;&amp; connected()) {
                                      ^~~~~~~~~
/home/ec2-user/arduino-testlib/cli-datadir/user/libraries/Pubnub/PubNubDefs.h: At global scope:
/home/ec2-user/arduino-testlib/cli-datadir/user/libraries/Pubnub/PubNubDefs.h:12:28: error: &#39;EthernetClient&#39; has not been declared
 #define PubNub_BASE_CLIENT EthernetClient
                            ^
/home/ec2-user/arduino-testlib/cli-datadir/user/libraries/Pubnub/PubNubDefs.h:425:39: note: in expansion of macro &#39;PubNub_BASE_CLIENT&#39;
     inline enum PubNub_BH _request_bh(PubNub_BASE_CLIENT&amp; client,
                                       ^~~~~~~~~~~~~~~~~~
/home/ec2-user/arduino-testlib/cli-datadir/user/libraries/Pubnub/PubNubDefs.h: In member function &#39;void PubSubClient::_grab_timetoken(uint8_t*, size_t)&#39;:
/home/ec2-user/arduino-testlib/cli-datadir/user/libraries/Pubnub/PubNubDefs.h:547:22: error: &#39;connected&#39; was not declared in this scope
                 if (!connected()) {
                      ^~~~~~~~~
/home/ec2-user/arduino-testlib/cli-datadir/user/libraries/Pubnub/PubNubDefs.h:12:28: error: &#39;EthernetClient&#39; has not been declared
 #define PubNub_BASE_CLIENT EthernetClient
                            ^
/home/ec2-user/arduino-testlib/cli-datadir/user/libraries/Pubnub/PubNubDefs.h:568:23: note: in expansion of macro &#39;PubNub_BASE_CLIENT&#39;
             int len = PubNub_BASE_CLIENT::read(&amp;ch, 1);
                       ^~~~~~~~~~~~~~~~~~
/home/ec2-user/arduino-testlib/cli-datadir/user/libraries/Pubnub/PubNubDefs.h: At global scope:
/home/ec2-user/arduino-testlib/cli-datadir/user/libraries/Pubnub/PubNubDefs.h:12:28: error: &#39;EthernetClient&#39; was not declared in this scope
 #define PubNub_BASE_CLIENT EthernetClient
                            ^
/home/ec2-user/arduino-testlib/cli-datadir/user/libraries/Pubnub/PubNubDefs.h:611:30: note: in expansion of macro &#39;PubNub_BASE_CLIENT&#39;
 inline bool await_disconnect(PubNub_BASE_CLIENT&amp; client, unsigned long timeout) {
                              ^~~~~~~~~~~~~~~~~~
/home/ec2-user/arduino-testlib/cli-datadir/user/libraries/Pubnub/PubNubDefs.h:12:28: note: suggested alternative: &#39;EthernetClass&#39;
 #define PubNub_BASE_CLIENT EthernetClient
                            ^
/home/ec2-user/arduino-testlib/cli-datadir/user/libraries/Pubnub/PubNubDefs.h:611:30: note: in expansion of macro &#39;PubNub_BASE_CLIENT&#39;
 inline bool await_disconnect(PubNub_BASE_CLIENT&amp; client, unsigned long timeout) {
                              ^~~~~~~~~~~~~~~~~~
/home/ec2-user/arduino-testlib/cli-datadir/user/libraries/Pubnub/PubNubDefs.h:611:50: error: &#39;client&#39; was not declared in this scope
 inline bool await_disconnect(PubNub_BASE_CLIENT&amp; client, unsigned long timeout) {
                                                  ^~~~~~
/home/ec2-user/arduino-testlib/cli-datadir/user/libraries/Pubnub/PubNubDefs.h:611:50: note: suggested alternative: &#39;dirent&#39;
 inline bool await_disconnect(PubNub_BASE_CLIENT&amp; client, unsigned long timeout) {
                                                  ^~~~~~
                                                  dirent
/home/ec2-user/arduino-testlib/cli-datadir/user/libraries/Pubnub/PubNubDefs.h:611:58: error: expected primary-expression before &#39;unsigned&#39;
 inline bool await_disconnect(PubNub_BASE_CLIENT&amp; client, unsigned long timeout) {
                                                          ^~~~~~~~
/home/ec2-user/arduino-testlib/cli-datadir/user/libraries/Pubnub/PubNubDefs.h:611:79: error: expression list treated as compound expression in initializer [-fpermissive]
 inline bool await_disconnect(PubNub_BASE_CLIENT&amp; client, unsigned long timeout) {
                                                                        </pre>

					
					<h4>examples/AdafruitFeatherM0WINC1500</h4>
					<p>
						Result: <b>FAIL</b>
					</p>
					<pre class="pre-scrollable">In file included from /home/ec2-user/arduino-testlib/cli-datadir/user/libraries/WiFi101/src/WiFiClient.h:28:0,
                 from /home/ec2-user/arduino-testlib/cli-datadir/user/libraries/WiFi101/src/WiFi101.h:35,
                 from /home/ec2-user/arduino-testlib/cli-datadir/user/libraries/Pubnub/examples/AdafruitFeatherM0WINC1500/AdafruitFeatherM0WINC1500.ino:7:
/home/ec2-user/arduino-testlib/cli-datadir/user/libraries/WiFi101/src/socket/include/socket.h:1839:15: error: conflicting declaration of C function &#39;sint8 close(SOCKET)&#39;
 NMI_API sint8 close(SOCKET sock);
               ^~~~~
In file included from /home/ec2-user/arduino-testlib/cli-datadir/data/packages/arduino/hardware/mbed_nano/2.7.2/cores/arduino/mbed/platform/include/platform/platform.h:26:0,
                 from /home/ec2-user/arduino-testlib/cli-datadir/data/packages/arduino/hardware/mbed_nano/2.7.2/cores/arduino/mbed/platform/include/platform/FileHandle.h:25,
                 from /home/ec2-user/arduino-testlib/cli-datadir/data/packages/arduino/hardware/mbed_nano/2.7.2/cores/arduino/macros.h:41,
                 from /home/ec2-user/arduino-testlib/cli-datadir/data/packages/arduino/hardware/mbed_nano/2.7.2/variants/NANO_RP2040_CONNECT/pins_arduino.h:2,
                 from /home/ec2-user/arduino-testlib/cli-datadir/data/packages/arduino/hardware/mbed_nano/2.7.2/cores/arduino/Arduino.h:76,
                 from /tmp/arduino-sketch-DA9493C5B1C77836968F3544658A821C/sketch/AdafruitFeatherM0WINC1500.ino.cpp:1:
/home/ec2-user/arduino-testlib/cli-datadir/data/packages/arduino/hardware/mbed_nano/2.7.2/cores/arduino/mbed/platform/include/platform/mbed_retarget.h:749:9: note: previous declaration &#39;int close(int)&#39;
     int close(int fildes);
         ^~~~~

</pre>
					
					<h4>examples/PubNubDemo</h4>
					<p>
						Result: <b>PASS</b>
					</p>
					<pre class="pre-scrollable">Sketch uses 93724 bytes (0%) of program storage space. Maximum is 16777216 bytes.
Global variables use 43992 bytes (16%) of dynamic memory, leaving 226344 bytes for local variables. Maximum is 270336 bytes.
</pre>
					
					<h4>examples/PubNubPublisher</h4>
					<p>
						Result: <b>PASS</b>
					</p>
					<pre class="pre-scrollable">Sketch uses 92632 bytes (0%) of program storage space. Maximum is 16777216 bytes.
Global variables use 44068 bytes (16%) of dynamic memory, leaving 226268 bytes for local variables. Maximum is 270336 bytes.
</pre>
					
					<h4>examples/PubNubSubscriber</h4>
					<p>
						Result: <b>PASS</b>
					</p>
					<pre class="pre-scrollable">Sketch uses 93240 bytes (0%) of program storage space. Maximum is 16777216 bytes.
Global variables use 44100 bytes (16%) of dynamic memory, leaving 226236 bytes for local variables. Maximum is 270336 bytes.
</pre>
					
					<h4>examples/PubNubWifi101</h4>
					<p>
						Result: <b>FAIL</b>
					</p>
					<pre class="pre-scrollable">In file included from /home/ec2-user/arduino-testlib/cli-datadir/user/libraries/WiFi101/src/WiFiClient.h:28:0,
                 from /home/ec2-user/arduino-testlib/cli-datadir/user/libraries/WiFi101/src/WiFi101.h:35,
                 from /home/ec2-user/arduino-testlib/cli-datadir/user/libraries/Pubnub/examples/PubNubWifi101/PubNubWifi101.ino:14:
/home/ec2-user/arduino-testlib/cli-datadir/user/libraries/WiFi101/src/socket/include/socket.h:1839:15: error: conflicting declaration of C function &#39;sint8 close(SOCKET)&#39;
 NMI_API sint8 close(SOCKET sock);
               ^~~~~
In file included from /home/ec2-user/arduino-testlib/cli-datadir/data/packages/arduino/hardware/mbed_nano/2.7.2/cores/arduino/mbed/platform/include/platform/platform.h:26:0,
                 from /home/ec2-user/arduino-testlib/cli-datadir/data/packages/arduino/hardware/mbed_nano/2.7.2/cores/arduino/mbed/platform/include/platform/FileHandle.h:25,
                 from /home/ec2-user/arduino-testlib/cli-datadir/data/packages/arduino/hardware/mbed_nano/2.7.2/cores/arduino/macros.h:41,
                 from /home/ec2-user/arduino-testlib/cli-datadir/data/packages/arduino/hardware/mbed_nano/2.7.2/variants/NANO_RP2040_CONNECT/pins_arduino.h:2,
                 from /home/ec2-user/arduino-testlib/cli-datadir/data/packages/arduino/hardware/mbed_nano/2.7.2/cores/arduino/Arduino.h:76,
                 from /tmp/arduino-sketch-EAFA82E648695C005847024770FEB4A7/sketch/PubNubWifi101.ino.cpp:1:
/home/ec2-user/arduino-testlib/cli-datadir/data/packages/arduino/hardware/mbed_nano/2.7.2/cores/arduino/mbed/platform/include/platform/mbed_retarget.h:749:9: note: previous declaration &#39;int close(int)&#39;
     int close(int fildes);
         ^~~~~

</pre>
					
					<h4>examples/PubNubjsonWifi</h4>
					<p>
						Result: <b>FAIL</b>
					</p>
					<pre class="pre-scrollable">/home/ec2-user/arduino-testlib/cli-datadir/user/libraries/Pubnub/examples/PubNubjsonWifi/PubNubjsonWifi.ino: In function &#39;void loop()&#39;:
/home/ec2-user/arduino-testlib/cli-datadir/user/libraries/Pubnub/examples/PubNubjsonWifi/PubNubjsonWifi.ino:205:42: error: &#39;ArduinoJson6192_F1::JsonDocument::JsonDocument(const ArduinoJson6192_F1::JsonDocument&amp;)&#39; is private within this context
         serializeJson(createMessage(pubjd), output);
                                          ^
In file included from /home/ec2-user/arduino-testlib/cli-datadir/user/libraries/ArduinoJson/src/ArduinoJson/Document/BasicJsonDocument.hpp:7:0,
                 from /home/ec2-user/arduino-testlib/cli-datadir/user/libraries/ArduinoJson/src/ArduinoJson/Document/DynamicJsonDocument.hpp:7,
                 from /home/ec2-user/arduino-testlib/cli-datadir/user/libraries/ArduinoJson/src/ArduinoJson.hpp:28,
                 from /home/ec2-user/arduino-testlib/cli-datadir/user/libraries/ArduinoJson/src/ArduinoJson.h:9,
                 from /home/ec2-user/arduino-testlib/cli-datadir/user/libraries/Pubnub/examples/PubNubjsonWifi/PubNubjsonWifi.ino:37:
/home/ec2-user/arduino-testlib/cli-datadir/user/libraries/ArduinoJson/src/ArduinoJson/Document/JsonDocument.hpp:341:3: note: declared private here
   JsonDocument(const JsonDocument&amp;);
   ^~~~~~~~~~~~
/home/ec2-user/arduino-testlib/cli-datadir/user/libraries/Pubnub/examples/PubNubjsonWifi/PubNubjsonWifi.ino:93:12: note:   initializing argument 1 of &#39;ArduinoJson::JsonObject createMessage(ArduinoJson6192_F1::JsonDocument)&#39;
 JsonObject createMessage(JsonDocument jd)
            ^~~~~~~~~~~~~
/home/ec2-user/arduino-testlib/cli-datadir/user/libraries/Pubnub/examples/PubNubjsonWifi/PubNubjsonWifi.ino:205:42: error: &#39;ArduinoJson6192_F1::JsonDocument::~JsonDocument()&#39; is protected within this context
         serializeJson(createMessage(pubjd), output);
                                          ^
In file included from /home/ec2-user/arduino-testlib/cli-datadir/user/libraries/ArduinoJson/src/ArduinoJson/Document/BasicJsonDocument.hpp:7:0,
                 from /home/ec2-user/arduino-testlib/cli-datadir/user/libraries/ArduinoJson/src/ArduinoJson/Document/DynamicJsonDocument.hpp:7,
                 from /home/ec2-user/arduino-testlib/cli-datadir/user/libraries/ArduinoJson/src/ArduinoJson.hpp:28,
                 from /home/ec2-user/arduino-testlib/cli-datadir/user/libraries/ArduinoJson/src/ArduinoJson.h:9,
                 from /home/ec2-user/arduino-testlib/cli-datadir/user/libraries/Pubnub/examples/PubNubjsonWifi/PubNubjsonWifi.ino:37:
/home/ec2-user/arduino-testlib/cli-datadir/user/libraries/ArduinoJson/src/ArduinoJson/Document/JsonDocument.hpp:323:3: note: declared protected here
   ~JsonDocument() {}
   ^
Multiple libraries were found for &#34;WiFi.h&#34;
  Used: /home/ec2-user/arduino-testlib/cli-datadir/user/libraries/WiFi
  Not used: /home/ec2-user/arduino-testlib/cli-datadir/user/libraries/WiFiNINA
  Not used: /home/ec2-user/arduino-testlib/cli-datadir/user/libraries/Seeed_Arduino_rpcWiFi
  Not used: /home/ec2-user/arduino-testlib/cli-datadir/user/libraries/WiFiEspAT
Multiple libraries were found for &#34;ArduinoJson.h&#34;
  Used: /home/ec2-user/arduino-testlib/cli-datadir/user/libraries/ArduinoJson
  Not used: /home/ec2-user/arduino-testlib/cli-datadir/user/libraries/Antares_ESP8266_MQTT
  Not used: /home/ec2-user/arduino-testlib/cli-datadir/user/libraries/CMMC_MQTT_Connector
  Not used: /home/ec2-user/arduino-testlib/cli-datadir/user/libraries/BaleMessengerBot_Arduino
  Not used: /home/ec2-user/arduino-testlib/cli-datadir/user/libraries/Antares_ESP8266_HTTP
  Not used: /home/ec2-user/arduino-testlib/cli-datadir/user/libraries/ThingESP
  Not used: /home/ec2-user/arduino-testlib/cli-datadir/user/libraries/AllThingsTalk_LTE-M_SDK
  Not used: /home/ec2-user/arduino-testlib/cli-datadir/user/libraries/CoogleIOT
  Not used: /home/ec2-user/arduino-testlib/cli-datadir/user/libraries/ThingsIoT
</pre>
					
				
				<h3 id="arduino:megaavr:nona4809">arduino:megaavr:nona4809 @ 1.8.7</h3>
				<h4>Inclusion</h4>
				<p>
					Result: <b>FAIL</b>
					
					<br />This library has no main header file so an empty one was created.
					
				</p>
				<pre class="pre-scrollable">In file included from /home/ec2-user/arduino-testlib/cli-datadir/user/libraries/Pubnub/PubNub.h:2:0,
                 from /tmp/arduino-testlib120818044/test/test.ino:1:
/home/ec2-user/arduino-testlib/cli-datadir/user/libraries/Pubnub/PubNubDefs.h:67:51: error: expected class-name before &#39;{&#39; token
 class PubNonSubClient : public PubNub_BASE_CLIENT {
                                                   ^
/home/ec2-user/arduino-testlib/cli-datadir/user/libraries/Pubnub/PubNubDefs.h: In constructor &#39;PubNonSubClient::PubNonSubClient()&#39;:
/home/ec2-user/arduino-testlib/cli-datadir/user/libraries/Pubnub/PubNubDefs.h:12:28: error: class &#39;PubNonSubClient&#39; does not have any field named &#39;EthernetClient&#39;
 #define PubNub_BASE_CLIENT EthernetClient
                            ^
/home/ec2-user/arduino-testlib/cli-datadir/user/libraries/Pubnub/PubNubDefs.h:70:11: note: in expansion of macro &#39;PubNub_BASE_CLIENT&#39;
         : PubNub_BASE_CLIENT()
           ^~~~~~~~~~~~~~~~~~
/home/ec2-user/arduino-testlib/cli-datadir/user/libraries/Pubnub/PubNubDefs.h: In member function &#39;int PubNonSubClient::available()&#39;:
/home/ec2-user/arduino-testlib/cli-datadir/user/libraries/Pubnub/PubNubDefs.h:12:28: error: &#39;EthernetClient&#39; has not been declared
 #define PubNub_BASE_CLIENT EthernetClient
                            ^
/home/ec2-user/arduino-testlib/cli-datadir/user/libraries/Pubnub/PubNubDefs.h:78:23: note: in expansion of macro &#39;PubNub_BASE_CLIENT&#39;
             d_avail = PubNub_BASE_CLIENT::available();
                       ^~~~~~~~~~~~~~~~~~
/home/ec2-user/arduino-testlib/cli-datadir/user/libraries/Pubnub/PubNubDefs.h: In member function &#39;int PubNonSubClient::read()&#39;:
/home/ec2-user/arduino-testlib/cli-datadir/user/libraries/Pubnub/PubNubDefs.h:12:28: error: &#39;EthernetClient&#39; has not been declared
 #define PubNub_BASE_CLIENT EthernetClient
                            ^
/home/ec2-user/arduino-testlib/cli-datadir/user/libraries/Pubnub/PubNubDefs.h:87:16: note: in expansion of macro &#39;PubNub_BASE_CLIENT&#39;
         return PubNub_BASE_CLIENT::read();
                ^~~~~~~~~~~~~~~~~~
/home/ec2-user/arduino-testlib/cli-datadir/user/libraries/Pubnub/PubNubDefs.h: In member function &#39;int PubNonSubClient::read(uint8_t*, size_t)&#39;:
/home/ec2-user/arduino-testlib/cli-datadir/user/libraries/Pubnub/PubNubDefs.h:12:28: error: &#39;EthernetClient&#39; has not been declared
 #define PubNub_BASE_CLIENT EthernetClient
                            ^
/home/ec2-user/arduino-testlib/cli-datadir/user/libraries/Pubnub/PubNubDefs.h:91:19: note: in expansion of macro &#39;PubNub_BASE_CLIENT&#39;
         int len = PubNub_BASE_CLIENT::read(buf, size);
                   ^~~~~~~~~~~~~~~~~~
/home/ec2-user/arduino-testlib/cli-datadir/user/libraries/Pubnub/PubNubDefs.h: At global scope:
/home/ec2-user/arduino-testlib/cli-datadir/user/libraries/Pubnub/PubNubDefs.h:118:48: error: expected class-name before &#39;{&#39; token
 class PubSubClient : public PubNub_BASE_CLIENT {
                                                ^
/home/ec2-user/arduino-testlib/cli-datadir/user/libraries/Pubnub/PubNubDefs.h: In constructor &#39;PubSubClient::PubSubClient()&#39;:
/home/ec2-user/arduino-testlib/cli-datadir/user/libraries/Pubnub/PubNubDefs.h:12:28: error: class &#39;PubSubClient&#39; does not have any field named &#39;EthernetClient&#39;
 #define PubNub_BASE_CLIENT EthernetClient
                            ^
/home/ec2-user/arduino-testlib/cli-datadir/user/libraries/Pubnub/PubNubDefs.h:121:11: note: in expansion of macro &#39;PubNub_BASE_CLIENT&#39;
         : PubNub_BASE_CLIENT()
           ^~~~~~~~~~~~~~~~~~
/home/ec2-user/arduino-testlib/cli-datadir/user/libraries/Pubnub/PubNubDefs.h: In member function &#39;int PubSubClient::available()&#39;:
/home/ec2-user/arduino-testlib/cli-datadir/user/libraries/Pubnub/PubNubDefs.h:12:28: error: &#39;EthernetClient&#39; has not been declared
 #define PubNub_BASE_CLIENT EthernetClient
                            ^
/home/ec2-user/arduino-testlib/cli-datadir/user/libraries/Pubnub/PubNubDefs.h:131:23: note: in expansion of macro &#39;PubNub_BASE_CLIENT&#39;
             d_avail = PubNub_BASE_CLIENT::available();
                       ^~~~~~~~~~~~~~~~~~
/home/ec2-user/arduino-testlib/cli-datadir/user/libraries/Pubnub/PubNubDefs.h: In member function &#39;int PubSubClient::read()&#39;:
/home/ec2-user/arduino-testlib/cli-datadir/user/libraries/Pubnub/PubNubDefs.h:12:28: error: &#39;EthernetClient&#39; has not been declared
 #define PubNub_BASE_CLIENT EthernetClient
                            ^
/home/ec2-user/arduino-testlib/cli-datadir/user/libraries/Pubnub/PubNubDefs.h:141:17: note: in expansion of macro &#39;PubNub_BASE_CLIENT&#39;
         int c = PubNub_BASE_CLIENT::read();
                 ^~~~~~~~~~~~~~~~~~
/home/ec2-user/arduino-testlib/cli-datadir/user/libraries/Pubnub/PubNubDefs.h: In member function &#39;int PubSubClient::read(uint8_t*, size_t)&#39;:
/home/ec2-user/arduino-testlib/cli-datadir/user/libraries/Pubnub/PubNubDefs.h:12:28: error: &#39;EthernetClient&#39; has not been declared
 #define PubNub_BASE_CLIENT EthernetClient
                            ^
/home/ec2-user/arduino-testlib/cli-datadir/user/libraries/Pubnub/PubNubDefs.h:157:19: note: in expansion of macro &#39;PubNub_BASE_CLIENT&#39;
         int len = PubNub_BASE_CLIENT::read(buf, size);
                   ^~~~~~~~~~~~~~~~~~
/home/ec2-user/arduino-testlib/cli-datadir/user/libraries/Pubnub/PubNubDefs.h: In member function &#39;void PubSubClient::stop()&#39;:
/home/ec2-user/arduino-testlib/cli-datadir/user/libraries/Pubnub/PubNubDefs.h:178:31: error: &#39;connected&#39; was not declared in this scope
         if ((!available() &amp;&amp; !connected()) || !json_enabled) {
                               ^~~~~~~~~
/home/ec2-user/arduino-testlib/cli-datadir/user/libraries/Pubnub/PubNubDefs.h:12:28: error: &#39;EthernetClient&#39; has not been declared
 #define PubNub_BASE_CLIENT EthernetClient
                            ^
/home/ec2-user/arduino-testlib/cli-datadir/user/libraries/Pubnub/PubNubDefs.h:179:13: note: in expansion of macro &#39;PubNub_BASE_CLIENT&#39;
             PubNub_BASE_CLIENT::stop();
             ^~~~~~~~~~~~~~~~~~
/home/ec2-user/arduino-testlib/cli-datadir/user/libraries/Pubnub/PubNubDefs.h: In member function &#39;bool PubSubClient::wait_for_data(int)&#39;:
/home/ec2-user/arduino-testlib/cli-datadir/user/libraries/Pubnub/PubNubDefs.h:195:38: error: &#39;connected&#39; was not declared in this scope
         while ((0 == available()) &amp;&amp; connected()) {
                                      ^~~~~~~~~
/home/ec2-user/arduino-testlib/cli-datadir/user/libraries/Pubnub/PubNubDefs.h: At global scope:
/home/ec2-user/arduino-testlib/cli-datadir/user/libraries/Pubnub/PubNubDefs.h:12:28: error: &#39;EthernetClient&#39; has not been declared
 #define PubNub_BASE_CLIENT EthernetClient
                            ^
/home/ec2-user/arduino-testlib/cli-datadir/user/libraries/Pubnub/PubNubDefs.h:425:39: note: in expansion of macro &#39;PubNub_BASE_CLIENT&#39;
     inline enum PubNub_BH _request_bh(PubNub_BASE_CLIENT&amp; client,
                                       ^~~~~~~~~~~~~~~~~~
/home/ec2-user/arduino-testlib/cli-datadir/user/libraries/Pubnub/PubNubDefs.h: In member function &#39;void PubSubClient::_grab_timetoken(uint8_t*, size_t)&#39;:
/home/ec2-user/arduino-testlib/cli-datadir/user/libraries/Pubnub/PubNubDefs.h:547:22: error: &#39;connected&#39; was not declared in this scope
                 if (!connected()) {
                      ^~~~~~~~~
/home/ec2-user/arduino-testlib/cli-datadir/user/libraries/Pubnub/PubNubDefs.h:12:28: error: &#39;EthernetClient&#39; has not been declared
 #define PubNub_BASE_CLIENT EthernetClient
                            ^
/home/ec2-user/arduino-testlib/cli-datadir/user/libraries/Pubnub/PubNubDefs.h:568:23: note: in expansion of macro &#39;PubNub_BASE_CLIENT&#39;
             int len = PubNub_BASE_CLIENT::read(&amp;ch, 1);
                       ^~~~~~~~~~~~~~~~~~
/home/ec2-user/arduino-testlib/cli-datadir/user/libraries/Pubnub/PubNubDefs.h: At global scope:
/home/ec2-user/arduino-testlib/cli-datadir/user/libraries/Pubnub/PubNubDefs.h:12:28: error: &#39;EthernetClient&#39; was not declared in this scope
 #define PubNub_BASE_CLIENT EthernetClient
                            ^
/home/ec2-user/arduino-testlib/cli-datadir/user/libraries/Pubnub/PubNubDefs.h:611:30: note: in expansion of macro &#39;PubNub_BASE_CLIENT&#39;
 inline bool await_disconnect(PubNub_BASE_CLIENT&amp; client, unsigned long timeout) {
                              ^~~~~~~~~~~~~~~~~~
/home/ec2-user/arduino-testlib/cli-datadir/user/libraries/Pubnub/PubNubDefs.h:12:28: note: suggested alternative: &#39;EthernetClass&#39;
 #define PubNub_BASE_CLIENT EthernetClient
                            ^
/home/ec2-user/arduino-testlib/cli-datadir/user/libraries/Pubnub/PubNubDefs.h:611:30: note: in expansion of macro &#39;PubNub_BASE_CLIENT&#39;
 inline bool await_disconnect(PubNub_BASE_CLIENT&amp; client, unsigned long timeout) {
                              ^~~~~~~~~~~~~~~~~~
/home/ec2-user/arduino-testlib/cli-datadir/user/libraries/Pubnub/PubNubDefs.h:611:50: error: &#39;client&#39; was not declared in this scope
 inline bool await_disconnect(PubNub_BASE_CLIENT&amp; client, unsigned long timeout) {
                                                  ^~~~~~
/home/ec2-user/arduino-testlib/cli-datadir/user/libraries/Pubnub/PubNubDefs.h:611:50: note: suggested alternative: &#39;lrint&#39;
 inline bool await_disconnect(PubNub_BASE_CLIENT&amp; client, unsigned long timeout) {
                                                  ^~~~~~
                                                  lrint
/home/ec2-user/arduino-testlib/cli-datadir/user/libraries/Pubnub/PubNubDefs.h:611:58: error: expected primary-expression before &#39;unsigned&#39;
 inline bool await_disconnect(PubNub_BASE_CLIENT&amp; client, unsigned long timeout) {
                                                          ^~~~~~~~
/home/ec2-user/arduino-testlib/cli-datadir/user/libraries/Pubnub/PubNubDefs.h: In member function &#39;PubNonSubClient* PubNub::publish(const char*, const char*, int)&#39;:
/home/ec2-user/arduino-testlib/cli-datadir/user/libraries/Pubnub/PubNubDefs.h:633:23: error: &#39;class PubNonSubClient&#39; has no member named &#39;connect&#39;
     int rslt =</pre>

					
					<h4>examples/AdafruitFeatherM0WINC1500</h4>
					<p>
						Result: <b>PASS</b>
					</p>
					<pre class="pre-scrollable">Sketch uses 28699 bytes (58%) of program storage space. Maximum is 49152 bytes.
Global variables use 1392 bytes (22%) of dynamic memory, leaving 4752 bytes for local variables. Maximum is 6144 bytes.
</pre>
					
					<h4>examples/PubNubDemo</h4>
					<p>
						Result: <b>PASS</b>
					</p>
					<pre class="pre-scrollable">Sketch uses 25329 bytes (51%) of program storage space. Maximum is 49152 bytes.
Global variables use 563 bytes (9%) of dynamic memory, leaving 5581 bytes for local variables. Maximum is 6144 bytes.
</pre>
					
					<h4>examples/PubNubPublisher</h4>
					<p>
						Result: <b>PASS</b>
					</p>
					<pre class="pre-scrollable">Sketch uses 23661 bytes (48%) of program storage space. Maximum is 49152 bytes.
Global variables use 563 bytes (9%) of dynamic memory, leaving 5581 bytes for local variables. Maximum is 6144 bytes.
</pre>
					
					<h4>examples/PubNubSubscriber</h4>
					<p>
						Result: <b>PASS</b>
					</p>
					<pre class="pre-scrollable">Sketch uses 24382 bytes (49%) of program storage space. Maximum is 49152 bytes.
Global variables use 601 bytes (9%) of dynamic memory, leaving 5543 bytes for local variables. Maximum is 6144 bytes.
</pre>
					
					<h4>examples/PubNubWifi101</h4>
					<p>
						Result: <b>PASS</b>
					</p>
					<pre class="pre-scrollable">Sketch uses 27882 bytes (56%) of program storage space. Maximum is 49152 bytes.
Global variables use 1398 bytes (22%) of dynamic memory, leaving 4746 bytes for local variables. Maximum is 6144 bytes.
</pre>
					
					<h4>examples/PubNubjsonWifi</h4>
					<p>
						Result: <b>FAIL</b>
					</p>
					<pre class="pre-scrollable">/home/ec2-user/arduino-testlib/cli-datadir/user/libraries/Pubnub/examples/PubNubjsonWifi/PubNubjsonWifi.ino: In function &#39;void loop()&#39;:
/home/ec2-user/arduino-testlib/cli-datadir/user/libraries/Pubnub/examples/PubNubjsonWifi/PubNubjsonWifi.ino:205:42: error: &#39;ArduinoJson6192_B1::JsonDocument::JsonDocument(const ArduinoJson6192_B1::JsonDocument&amp;)&#39; is private within this context
         serializeJson(createMessage(pubjd), output);
                                          ^
In file included from /home/ec2-user/arduino-testlib/cli-datadir/user/libraries/ArduinoJson/src/ArduinoJson/Document/BasicJsonDocument.hpp:7:0,
                 from /home/ec2-user/arduino-testlib/cli-datadir/user/libraries/ArduinoJson/src/ArduinoJson/Document/DynamicJsonDocument.hpp:7,
                 from /home/ec2-user/arduino-testlib/cli-datadir/user/libraries/ArduinoJson/src/ArduinoJson.hpp:28,
                 from /home/ec2-user/arduino-testlib/cli-datadir/user/libraries/ArduinoJson/src/ArduinoJson.h:9,
                 from /home/ec2-user/arduino-testlib/cli-datadir/user/libraries/Pubnub/examples/PubNubjsonWifi/PubNubjsonWifi.ino:37:
/home/ec2-user/arduino-testlib/cli-datadir/user/libraries/ArduinoJson/src/ArduinoJson/Document/JsonDocument.hpp:341:3: note: declared private here
   JsonDocument(const JsonDocument&amp;);
   ^~~~~~~~~~~~
/home/ec2-user/arduino-testlib/cli-datadir/user/libraries/Pubnub/examples/PubNubjsonWifi/PubNubjsonWifi.ino:93:12: note:   initializing argument 1 of &#39;ArduinoJson::JsonObject createMessage(ArduinoJson6192_B1::JsonDocument)&#39;
 JsonObject createMessage(JsonDocument jd)
            ^~~~~~~~~~~~~
/home/ec2-user/arduino-testlib/cli-datadir/user/libraries/Pubnub/examples/PubNubjsonWifi/PubNubjsonWifi.ino:205:42: error: &#39;ArduinoJson6192_B1::JsonDocument::~JsonDocument()&#39; is protected within this context
         serializeJson(createMessage(pubjd), output);
                                          ^
In file included from /home/ec2-user/arduino-testlib/cli-datadir/user/libraries/ArduinoJson/src/ArduinoJson/Document/BasicJsonDocument.hpp:7:0,
                 from /home/ec2-user/arduino-testlib/cli-datadir/user/libraries/ArduinoJson/src/ArduinoJson/Document/DynamicJsonDocument.hpp:7,
                 from /home/ec2-user/arduino-testlib/cli-datadir/user/libraries/ArduinoJson/src/ArduinoJson.hpp:28,
                 from /home/ec2-user/arduino-testlib/cli-datadir/user/libraries/ArduinoJson/src/ArduinoJson.h:9,
                 from /home/ec2-user/arduino-testlib/cli-datadir/user/libraries/Pubnub/examples/PubNubjsonWifi/PubNubjsonWifi.ino:37:
/home/ec2-user/arduino-testlib/cli-datadir/user/libraries/ArduinoJson/src/ArduinoJson/Document/JsonDocument.hpp:323:3: note: declared protected here
   ~JsonDocument() {}
   ^
Multiple libraries were found for &#34;WiFi.h&#34;
  Used: /home/ec2-user/arduino-testlib/cli-datadir/user/libraries/WiFi
  Not used: /home/ec2-user/arduino-testlib/cli-datadir/user/libraries/Seeed_Arduino_rpcWiFi
  Not used: /home/ec2-user/arduino-testlib/cli-datadir/user/libraries/WiFiNINA
  Not used: /home/ec2-user/arduino-testlib/cli-datadir/user/libraries/WiFiEspAT
Multiple libraries were found for &#34;ArduinoJson.h&#34;
  Used: /home/ec2-user/arduino-testlib/cli-datadir/user/libraries/ArduinoJson
  Not used: /home/ec2-user/arduino-testlib/cli-datadir/user/libraries/Antares_ESP8266_HTTP
  Not used: /home/ec2-user/arduino-testlib/cli-datadir/user/libraries/CoogleIOT
  Not used: /home/ec2-user/arduino-testlib/cli-datadir/user/libraries/ThingESP
  Not used: /home/ec2-user/arduino-testlib/cli-datadir/user/libraries/ThingsIoT
  Not used: /home/ec2-user/arduino-testlib/cli-datadir/user/libraries/CMMC_MQTT_Connector
  Not used: /home/ec2-user/arduino-testlib/cli-datadir/user/libraries/AllThingsTalk_LTE-M_SDK
  Not used: /home/ec2-user/arduino-testlib/cli-datadir/user/libraries/BaleMessengerBot_Arduino
  Not used: /home/ec2-user/arduino-testlib/cli-datadir/user/libraries/Antares_ESP8266_MQTT
</pre>
					
				
				<h3 id="arduino:samd:mkrwifi1010">arduino:samd:mkrwifi1010 @ 1.8.12</h3>
				<h4>Inclusion</h4>
				<p>
					Result: <b>FAIL</b>
					
					<br />This library has no main header file so an empty one was created.
					
				</p>
				<pre class="pre-scrollable">In file included from /home/ec2-user/arduino-testlib/cli-datadir/user/libraries/Pubnub/PubNub.h:2:0,
                 from /tmp/arduino-testlib1701428467/test/test.ino:1:
/home/ec2-user/arduino-testlib/cli-datadir/user/libraries/Pubnub/PubNubDefs.h:67:51: error: expected class-name before &#39;{&#39; token
 class PubNonSubClient : public PubNub_BASE_CLIENT {
                                                   ^
/home/ec2-user/arduino-testlib/cli-datadir/user/libraries/Pubnub/PubNubDefs.h: In constructor &#39;PubNonSubClient::PubNonSubClient()&#39;:
/home/ec2-user/arduino-testlib/cli-datadir/user/libraries/Pubnub/PubNubDefs.h:12:28: error: class &#39;PubNonSubClient&#39; does not have any field named &#39;EthernetClient&#39;
 #define PubNub_BASE_CLIENT EthernetClient
                            ^
/home/ec2-user/arduino-testlib/cli-datadir/user/libraries/Pubnub/PubNubDefs.h:70:11: note: in expansion of macro &#39;PubNub_BASE_CLIENT&#39;
         : PubNub_BASE_CLIENT()
           ^~~~~~~~~~~~~~~~~~
/home/ec2-user/arduino-testlib/cli-datadir/user/libraries/Pubnub/PubNubDefs.h: In member function &#39;int PubNonSubClient::available()&#39;:
/home/ec2-user/arduino-testlib/cli-datadir/user/libraries/Pubnub/PubNubDefs.h:12:28: error: &#39;EthernetClient&#39; has not been declared
 #define PubNub_BASE_CLIENT EthernetClient
                            ^
/home/ec2-user/arduino-testlib/cli-datadir/user/libraries/Pubnub/PubNubDefs.h:78:23: note: in expansion of macro &#39;PubNub_BASE_CLIENT&#39;
             d_avail = PubNub_BASE_CLIENT::available();
                       ^~~~~~~~~~~~~~~~~~
/home/ec2-user/arduino-testlib/cli-datadir/user/libraries/Pubnub/PubNubDefs.h: In member function &#39;int PubNonSubClient::read()&#39;:
/home/ec2-user/arduino-testlib/cli-datadir/user/libraries/Pubnub/PubNubDefs.h:12:28: error: &#39;EthernetClient&#39; has not been declared
 #define PubNub_BASE_CLIENT EthernetClient
                            ^
/home/ec2-user/arduino-testlib/cli-datadir/user/libraries/Pubnub/PubNubDefs.h:87:16: note: in expansion of macro &#39;PubNub_BASE_CLIENT&#39;
         return PubNub_BASE_CLIENT::read();
                ^~~~~~~~~~~~~~~~~~
/home/ec2-user/arduino-testlib/cli-datadir/user/libraries/Pubnub/PubNubDefs.h: In member function &#39;int PubNonSubClient::read(uint8_t*, size_t)&#39;:
/home/ec2-user/arduino-testlib/cli-datadir/user/libraries/Pubnub/PubNubDefs.h:12:28: error: &#39;EthernetClient&#39; has not been declared
 #define PubNub_BASE_CLIENT EthernetClient
                            ^
/home/ec2-user/arduino-testlib/cli-datadir/user/libraries/Pubnub/PubNubDefs.h:91:19: note: in expansion of macro &#39;PubNub_BASE_CLIENT&#39;
         int len = PubNub_BASE_CLIENT::read(buf, size);
                   ^~~~~~~~~~~~~~~~~~
/home/ec2-user/arduino-testlib/cli-datadir/user/libraries/Pubnub/PubNubDefs.h: At global scope:
/home/ec2-user/arduino-testlib/cli-datadir/user/libraries/Pubnub/PubNubDefs.h:118:48: error: expected class-name before &#39;{&#39; token
 class PubSubClient : public PubNub_BASE_CLIENT {
                                                ^
/home/ec2-user/arduino-testlib/cli-datadir/user/libraries/Pubnub/PubNubDefs.h: In constructor &#39;PubSubClient::PubSubClient()&#39;:
/home/ec2-user/arduino-testlib/cli-datadir/user/libraries/Pubnub/PubNubDefs.h:12:28: error: class &#39;PubSubClient&#39; does not have any field named &#39;EthernetClient&#39;
 #define PubNub_BASE_CLIENT EthernetClient
                            ^
/home/ec2-user/arduino-testlib/cli-datadir/user/libraries/Pubnub/PubNubDefs.h:121:11: note: in expansion of macro &#39;PubNub_BASE_CLIENT&#39;
         : PubNub_BASE_CLIENT()
           ^~~~~~~~~~~~~~~~~~
/home/ec2-user/arduino-testlib/cli-datadir/user/libraries/Pubnub/PubNubDefs.h: In member function &#39;int PubSubClient::available()&#39;:
/home/ec2-user/arduino-testlib/cli-datadir/user/libraries/Pubnub/PubNubDefs.h:12:28: error: &#39;EthernetClient&#39; has not been declared
 #define PubNub_BASE_CLIENT EthernetClient
                            ^
/home/ec2-user/arduino-testlib/cli-datadir/user/libraries/Pubnub/PubNubDefs.h:131:23: note: in expansion of macro &#39;PubNub_BASE_CLIENT&#39;
             d_avail = PubNub_BASE_CLIENT::available();
                       ^~~~~~~~~~~~~~~~~~
/home/ec2-user/arduino-testlib/cli-datadir/user/libraries/Pubnub/PubNubDefs.h: In member function &#39;int PubSubClient::read()&#39;:
/home/ec2-user/arduino-testlib/cli-datadir/user/libraries/Pubnub/PubNubDefs.h:12:28: error: &#39;EthernetClient&#39; has not been declared
 #define PubNub_BASE_CLIENT EthernetClient
                            ^
/home/ec2-user/arduino-testlib/cli-datadir/user/libraries/Pubnub/PubNubDefs.h:141:17: note: in expansion of macro &#39;PubNub_BASE_CLIENT&#39;
         int c = PubNub_BASE_CLIENT::read();
                 ^~~~~~~~~~~~~~~~~~
/home/ec2-user/arduino-testlib/cli-datadir/user/libraries/Pubnub/PubNubDefs.h: In member function &#39;int PubSubClient::read(uint8_t*, size_t)&#39;:
/home/ec2-user/arduino-testlib/cli-datadir/user/libraries/Pubnub/PubNubDefs.h:12:28: error: &#39;EthernetClient&#39; has not been declared
 #define PubNub_BASE_CLIENT EthernetClient
                            ^
/home/ec2-user/arduino-testlib/cli-datadir/user/libraries/Pubnub/PubNubDefs.h:157:19: note: in expansion of macro &#39;PubNub_BASE_CLIENT&#39;
         int len = PubNub_BASE_CLIENT::read(buf, size);
                   ^~~~~~~~~~~~~~~~~~
/home/ec2-user/arduino-testlib/cli-datadir/user/libraries/Pubnub/PubNubDefs.h: In member function &#39;void PubSubClient::stop()&#39;:
/home/ec2-user/arduino-testlib/cli-datadir/user/libraries/Pubnub/PubNubDefs.h:178:31: error: &#39;connected&#39; was not declared in this scope
         if ((!available() &amp;&amp; !connected()) || !json_enabled) {
                               ^~~~~~~~~
/home/ec2-user/arduino-testlib/cli-datadir/user/libraries/Pubnub/PubNubDefs.h:12:28: error: &#39;EthernetClient&#39; has not been declared
 #define PubNub_BASE_CLIENT EthernetClient
                            ^
/home/ec2-user/arduino-testlib/cli-datadir/user/libraries/Pubnub/PubNubDefs.h:179:13: note: in expansion of macro &#39;PubNub_BASE_CLIENT&#39;
             PubNub_BASE_CLIENT::stop();
             ^~~~~~~~~~~~~~~~~~
/home/ec2-user/arduino-testlib/cli-datadir/user/libraries/Pubnub/PubNubDefs.h: In member function &#39;bool PubSubClient::wait_for_data(int)&#39;:
/home/ec2-user/arduino-testlib/cli-datadir/user/libraries/Pubnub/PubNubDefs.h:195:38: error: &#39;connected&#39; was not declared in this scope
         while ((0 == available()) &amp;&amp; connected()) {
                                      ^~~~~~~~~
/home/ec2-user/arduino-testlib/cli-datadir/user/libraries/Pubnub/PubNubDefs.h: At global scope:
/home/ec2-user/arduino-testlib/cli-datadir/user/libraries/Pubnub/PubNubDefs.h:12:28: error: &#39;EthernetClient&#39; has not been declared
 #define PubNub_BASE_CLIENT EthernetClient
                            ^
/home/ec2-user/arduino-testlib/cli-datadir/user/libraries/Pubnub/PubNubDefs.h:425:39: note: in expansion of macro &#39;PubNub_BASE_CLIENT&#39;
     inline enum PubNub_BH _request_bh(PubNub_BASE_CLIENT&amp; client,
                                       ^~~~~~~~~~~~~~~~~~
/home/ec2-user/arduino-testlib/cli-datadir/user/libraries/Pubnub/PubNubDefs.h: In member function &#39;void PubSubClient::_grab_timetoken(uint8_t*, size_t)&#39;:
/home/ec2-user/arduino-testlib/cli-datadir/user/libraries/Pubnub/PubNubDefs.h:547:22: error: &#39;connected&#39; was not declared in this scope
                 if (!connected()) {
                      ^~~~~~~~~
/home/ec2-user/arduino-testlib/cli-datadir/user/libraries/Pubnub/PubNubDefs.h:12:28: error: &#39;EthernetClient&#39; has not been declared
 #define PubNub_BASE_CLIENT EthernetClient
                            ^
/home/ec2-user/arduino-testlib/cli-datadir/user/libraries/Pubnub/PubNubDefs.h:568:23: note: in expansion of macro &#39;PubNub_BASE_CLIENT&#39;
             int len = PubNub_BASE_CLIENT::read(&amp;ch, 1);
                       ^~~~~~~~~~~~~~~~~~
/home/ec2-user/arduino-testlib/cli-datadir/user/libraries/Pubnub/PubNubDefs.h: At global scope:
/home/ec2-user/arduino-testlib/cli-datadir/user/libraries/Pubnub/PubNubDefs.h:12:28: error: &#39;EthernetClient&#39; was not declared in this scope
 #define PubNub_BASE_CLIENT EthernetClient
                            ^
/home/ec2-user/arduino-testlib/cli-datadir/user/libraries/Pubnub/PubNubDefs.h:611:30: note: in expansion of macro &#39;PubNub_BASE_CLIENT&#39;
 inline bool await_disconnect(PubNub_BASE_CLIENT&amp; client, unsigned long timeout) {
                              ^~~~~~~~~~~~~~~~~~
/home/ec2-user/arduino-testlib/cli-datadir/user/libraries/Pubnub/PubNubDefs.h:12:28: note: suggested alternative: &#39;EthernetClass&#39;
 #define PubNub_BASE_CLIENT EthernetClient
                            ^
/home/ec2-user/arduino-testlib/cli-datadir/user/libraries/Pubnub/PubNubDefs.h:611:30: note: in expansion of macro &#39;PubNub_BASE_CLIENT&#39;
 inline bool await_disconnect(PubNub_BASE_CLIENT&amp; client, unsigned long timeout) {
                              ^~~~~~~~~~~~~~~~~~
/home/ec2-user/arduino-testlib/cli-datadir/user/libraries/Pubnub/PubNubDefs.h:611:50: error: &#39;client&#39; was not declared in this scope
 inline bool await_disconnect(PubNub_BASE_CLIENT&amp; client, unsigned long timeout) {
                                                  ^~~~~~
/home/ec2-user/arduino-testlib/cli-datadir/user/libraries/Pubnub/PubNubDefs.h:611:50: note: suggested alternative: &#39;uint&#39;
 inline bool await_disconnect(PubNub_BASE_CLIENT&amp; client, unsigned long timeout) {
                                                  ^~~~~~
                                                  uint
/home/ec2-user/arduino-testlib/cli-datadir/user/libraries/Pubnub/PubNubDefs.h:611:58: error: expected primary-expression before &#39;unsigned&#39;
 inline bool await_disconnect(PubNub_BASE_CLIENT&amp; client, unsigned long timeout) {
                                                          ^~~~~~~~
/home/ec2-user/arduino-testlib/cli-datadir/user/libraries/Pubnub/PubNubDefs.h:611:79: error: expression list treated as compound expression in initializer [-fpermissive]
 inline bool await_disconnect(PubNub_BASE_CLIENT&amp; client, unsigned long timeout) {
                                                                           </pre>

					
					<h4>examples/AdafruitFeatherM0WINC1500</h4>
					<p>
						Result: <b>PASS</b>
					</p>
					<pre class="pre-scrollable">Sketch uses 46460 bytes (17%) of program storage space. Maximum is 262144 bytes.
Global variables use 4796 bytes (14%) of dynamic memory, leaving 27972 bytes for local variables. Maximum is 32768 bytes.
</pre>
					
					<h4>examples/PubNubDemo</h4>
					<p>
						Result: <b>PASS</b>
					</p>
					<pre class="pre-scrollable">Sketch uses 28808 bytes (10%) of program storage space. Maximum is 262144 bytes.
Global variables use 3844 bytes (11%) of dynamic memory, leaving 28924 bytes for local variables. Maximum is 32768 bytes.
</pre>
					
					<h4>examples/PubNubPublisher</h4>
					<p>
						Result: <b>PASS</b>
					</p>
					<pre class="pre-scrollable">Sketch uses 28220 bytes (10%) of program storage space. Maximum is 262144 bytes.
Global variables use 3844 bytes (11%) of dynamic memory, leaving 28924 bytes for local variables. Maximum is 32768 bytes.
</pre>
					
					<h4>examples/PubNubSubscriber</h4>
					<p>
						Result: <b>PASS</b>
					</p>
					<pre class="pre-scrollable">Sketch uses 42676 bytes (16%) of program storage space. Maximum is 262144 bytes.
Global variables use 3876 bytes (11%) of dynamic memory, leaving 28892 bytes for local variables. Maximum is 32768 bytes.
</pre>
					
					<h4>examples/PubNubWifi101</h4>
					<p>
						Result: <b>PASS</b>
					</p>
					<pre class="pre-scrollable">Sketch uses 46036 bytes (17%) of program storage space. Maximum is 262144 bytes.
Global variables use 4796 bytes (14%) of dynamic memory, leaving 27972 bytes for local variables. Maximum is 32768 bytes.
</pre>
					
					<h4>examples/PubNubjsonWifi</h4>
					<p>
						Result: <b>FAIL</b>
					</p>
					<pre class="pre-scrollable">/home/ec2-user/arduino-testlib/cli-datadir/user/libraries/Pubnub/examples/PubNubjsonWifi/PubNubjsonWifi.ino: In function &#39;void loop()&#39;:
/home/ec2-user/arduino-testlib/cli-datadir/user/libraries/Pubnub/examples/PubNubjsonWifi/PubNubjsonWifi.ino:205:42: error: &#39;ArduinoJson6192_F1::JsonDocument::JsonDocument(const ArduinoJson6192_F1::JsonDocument&amp;)&#39; is private within this context
         serializeJson(createMessage(pubjd), output);
                                          ^
In file included from /home/ec2-user/arduino-testlib/cli-datadir/user/libraries/ArduinoJson/src/ArduinoJson/Document/BasicJsonDocument.hpp:7:0,
                 from /home/ec2-user/arduino-testlib/cli-datadir/user/libraries/ArduinoJson/src/ArduinoJson/Document/DynamicJsonDocument.hpp:7,
                 from /home/ec2-user/arduino-testlib/cli-datadir/user/libraries/ArduinoJson/src/ArduinoJson.hpp:28,
                 from /home/ec2-user/arduino-testlib/cli-datadir/user/libraries/ArduinoJson/src/ArduinoJson.h:9,
                 from /home/ec2-user/arduino-testlib/cli-datadir/user/libraries/Pubnub/examples/PubNubjsonWifi/PubNubjsonWifi.ino:37:
/home/ec2-user/arduino-testlib/cli-datadir/user/libraries/ArduinoJson/src/ArduinoJson/Document/JsonDocument.hpp:341:3: note: declared private here
   JsonDocument(const JsonDocument&amp;);
   ^~~~~~~~~~~~
/home/ec2-user/arduino-testlib/cli-datadir/user/libraries/Pubnub/examples/PubNubjsonWifi/PubNubjsonWifi.ino:93:12: note:   initializing argument 1 of &#39;ArduinoJson::JsonObject createMessage(ArduinoJson6192_F1::JsonDocument)&#39;
 JsonObject createMessage(JsonDocument jd)
            ^~~~~~~~~~~~~
/home/ec2-user/arduino-testlib/cli-datadir/user/libraries/Pubnub/examples/PubNubjsonWifi/PubNubjsonWifi.ino:205:42: error: &#39;ArduinoJson6192_F1::JsonDocument::~JsonDocument()&#39; is protected within this context
         serializeJson(createMessage(pubjd), output);
                                          ^
In file included from /home/ec2-user/arduino-testlib/cli-datadir/user/libraries/ArduinoJson/src/ArduinoJson/Document/BasicJsonDocument.hpp:7:0,
                 from /home/ec2-user/arduino-testlib/cli-datadir/user/libraries/ArduinoJson/src/ArduinoJson/Document/DynamicJsonDocument.hpp:7,
                 from /home/ec2-user/arduino-testlib/cli-datadir/user/libraries/ArduinoJson/src/ArduinoJson.hpp:28,
                 from /home/ec2-user/arduino-testlib/cli-datadir/user/libraries/ArduinoJson/src/ArduinoJson.h:9,
                 from /home/ec2-user/arduino-testlib/cli-datadir/user/libraries/Pubnub/examples/PubNubjsonWifi/PubNubjsonWifi.ino:37:
/home/ec2-user/arduino-testlib/cli-datadir/user/libraries/ArduinoJson/src/ArduinoJson/Document/JsonDocument.hpp:323:3: note: declared protected here
   ~JsonDocument() {}
   ^
Multiple libraries were found for &#34;WiFi.h&#34;
  Used: /home/ec2-user/arduino-testlib/cli-datadir/user/libraries/WiFi
  Not used: /home/ec2-user/arduino-testlib/cli-datadir/user/libraries/WiFiEspAT
  Not used: /home/ec2-user/arduino-testlib/cli-datadir/user/libraries/Seeed_Arduino_rpcWiFi
  Not used: /home/ec2-user/arduino-testlib/cli-datadir/user/libraries/WiFiNINA
Multiple libraries were found for &#34;ArduinoJson.h&#34;
  Used: /home/ec2-user/arduino-testlib/cli-datadir/user/libraries/ArduinoJson
  Not used: /home/ec2-user/arduino-testlib/cli-datadir/user/libraries/Antares_ESP8266_MQTT
  Not used: /home/ec2-user/arduino-testlib/cli-datadir/user/libraries/Antares_ESP8266_HTTP
  Not used: /home/ec2-user/arduino-testlib/cli-datadir/user/libraries/CoogleIOT
  Not used: /home/ec2-user/arduino-testlib/cli-datadir/user/libraries/ThingESP
  Not used: /home/ec2-user/arduino-testlib/cli-datadir/user/libraries/AllThingsTalk_LTE-M_SDK
  Not used: /home/ec2-user/arduino-testlib/cli-datadir/user/libraries/CMMC_MQTT_Connector
  Not used: /home/ec2-user/arduino-testlib/cli-datadir/user/libraries/ThingsIoT
  Not used: /home/ec2-user/arduino-testlib/cli-datadir/user/libraries/BaleMessengerBot_Arduino
</pre>
					
				
				<h3 id="esp32:esp32:d1_mini32">esp32:esp32:d1_mini32 @ 1.0.6</h3>
				<h4>Inclusion</h4>
				<p>
					Result: <b>FAIL</b>
					
					<br />This library has no main header file so an empty one was created.
					
				</p>
				<pre class="pre-scrollable">In file included from /home/ec2-user/arduino-testlib/cli-datadir/user/libraries/Pubnub/PubNub.h:2:0,
                 from /tmp/arduino-testlib4192905936/test/test.ino:1:
/home/ec2-user/arduino-testlib/cli-datadir/user/libraries/Pubnub/PubNubDefs.h:67:51: error: expected class-name before &#39;{&#39; token
 class PubNonSubClient : public PubNub_BASE_CLIENT {
                                                   ^
/home/ec2-user/arduino-testlib/cli-datadir/user/libraries/Pubnub/PubNubDefs.h: In constructor &#39;PubNonSubClient::PubNonSubClient()&#39;:
/home/ec2-user/arduino-testlib/cli-datadir/user/libraries/Pubnub/PubNubDefs.h:12:28: error: class &#39;PubNonSubClient&#39; does not have any field named &#39;EthernetClient&#39;
 #define PubNub_BASE_CLIENT EthernetClient
                            ^
/home/ec2-user/arduino-testlib/cli-datadir/user/libraries/Pubnub/PubNubDefs.h:70:11: note: in expansion of macro &#39;PubNub_BASE_CLIENT&#39;
         : PubNub_BASE_CLIENT()
           ^
/home/ec2-user/arduino-testlib/cli-datadir/user/libraries/Pubnub/PubNubDefs.h: In member function &#39;int PubNonSubClient::available()&#39;:
/home/ec2-user/arduino-testlib/cli-datadir/user/libraries/Pubnub/PubNubDefs.h:12:28: error: &#39;EthernetClient&#39; has not been declared
 #define PubNub_BASE_CLIENT EthernetClient
                            ^
/home/ec2-user/arduino-testlib/cli-datadir/user/libraries/Pubnub/PubNubDefs.h:78:23: note: in expansion of macro &#39;PubNub_BASE_CLIENT&#39;
             d_avail = PubNub_BASE_CLIENT::available();
                       ^
/home/ec2-user/arduino-testlib/cli-datadir/user/libraries/Pubnub/PubNubDefs.h: In member function &#39;int PubNonSubClient::read()&#39;:
/home/ec2-user/arduino-testlib/cli-datadir/user/libraries/Pubnub/PubNubDefs.h:12:28: error: &#39;EthernetClient&#39; has not been declared
 #define PubNub_BASE_CLIENT EthernetClient
                            ^
/home/ec2-user/arduino-testlib/cli-datadir/user/libraries/Pubnub/PubNubDefs.h:87:16: note: in expansion of macro &#39;PubNub_BASE_CLIENT&#39;
         return PubNub_BASE_CLIENT::read();
                ^
/home/ec2-user/arduino-testlib/cli-datadir/user/libraries/Pubnub/PubNubDefs.h: In member function &#39;int PubNonSubClient::read(uint8_t*, size_t)&#39;:
/home/ec2-user/arduino-testlib/cli-datadir/user/libraries/Pubnub/PubNubDefs.h:12:28: error: &#39;EthernetClient&#39; has not been declared
 #define PubNub_BASE_CLIENT EthernetClient
                            ^
/home/ec2-user/arduino-testlib/cli-datadir/user/libraries/Pubnub/PubNubDefs.h:91:19: note: in expansion of macro &#39;PubNub_BASE_CLIENT&#39;
         int len = PubNub_BASE_CLIENT::read(buf, size);
                   ^
/home/ec2-user/arduino-testlib/cli-datadir/user/libraries/Pubnub/PubNubDefs.h: At global scope:
/home/ec2-user/arduino-testlib/cli-datadir/user/libraries/Pubnub/PubNubDefs.h:118:48: error: expected class-name before &#39;{&#39; token
 class PubSubClient : public PubNub_BASE_CLIENT {
                                                ^
/home/ec2-user/arduino-testlib/cli-datadir/user/libraries/Pubnub/PubNubDefs.h: In constructor &#39;PubSubClient::PubSubClient()&#39;:
/home/ec2-user/arduino-testlib/cli-datadir/user/libraries/Pubnub/PubNubDefs.h:12:28: error: class &#39;PubSubClient&#39; does not have any field named &#39;EthernetClient&#39;
 #define PubNub_BASE_CLIENT EthernetClient
                            ^
/home/ec2-user/arduino-testlib/cli-datadir/user/libraries/Pubnub/PubNubDefs.h:121:11: note: in expansion of macro &#39;PubNub_BASE_CLIENT&#39;
         : PubNub_BASE_CLIENT()
           ^
/home/ec2-user/arduino-testlib/cli-datadir/user/libraries/Pubnub/PubNubDefs.h: In member function &#39;int PubSubClient::available()&#39;:
/home/ec2-user/arduino-testlib/cli-datadir/user/libraries/Pubnub/PubNubDefs.h:12:28: error: &#39;EthernetClient&#39; has not been declared
 #define PubNub_BASE_CLIENT EthernetClient
                            ^
/home/ec2-user/arduino-testlib/cli-datadir/user/libraries/Pubnub/PubNubDefs.h:131:23: note: in expansion of macro &#39;PubNub_BASE_CLIENT&#39;
             d_avail = PubNub_BASE_CLIENT::available();
                       ^
/home/ec2-user/arduino-testlib/cli-datadir/user/libraries/Pubnub/PubNubDefs.h: In member function &#39;int PubSubClient::read()&#39;:
/home/ec2-user/arduino-testlib/cli-datadir/user/libraries/Pubnub/PubNubDefs.h:12:28: error: &#39;EthernetClient&#39; has not been declared
 #define PubNub_BASE_CLIENT EthernetClient
                            ^
/home/ec2-user/arduino-testlib/cli-datadir/user/libraries/Pubnub/PubNubDefs.h:141:17: note: in expansion of macro &#39;PubNub_BASE_CLIENT&#39;
         int c = PubNub_BASE_CLIENT::read();
                 ^
/home/ec2-user/arduino-testlib/cli-datadir/user/libraries/Pubnub/PubNubDefs.h: In member function &#39;int PubSubClient::read(uint8_t*, size_t)&#39;:
/home/ec2-user/arduino-testlib/cli-datadir/user/libraries/Pubnub/PubNubDefs.h:12:28: error: &#39;EthernetClient&#39; has not been declared
 #define PubNub_BASE_CLIENT EthernetClient
                            ^
/home/ec2-user/arduino-testlib/cli-datadir/user/libraries/Pubnub/PubNubDefs.h:157:19: note: in expansion of macro &#39;PubNub_BASE_CLIENT&#39;
         int len = PubNub_BASE_CLIENT::read(buf, size);
                   ^
/home/ec2-user/arduino-testlib/cli-datadir/user/libraries/Pubnub/PubNubDefs.h: In member function &#39;void PubSubClient::stop()&#39;:
/home/ec2-user/arduino-testlib/cli-datadir/user/libraries/Pubnub/PubNubDefs.h:178:41: error: &#39;connected&#39; was not declared in this scope
         if ((!available() &amp;&amp; !connected()) || !json_enabled) {
                                         ^
/home/ec2-user/arduino-testlib/cli-datadir/user/libraries/Pubnub/PubNubDefs.h:12:28: error: &#39;EthernetClient&#39; has not been declared
 #define PubNub_BASE_CLIENT EthernetClient
                            ^
/home/ec2-user/arduino-testlib/cli-datadir/user/libraries/Pubnub/PubNubDefs.h:179:13: note: in expansion of macro &#39;PubNub_BASE_CLIENT&#39;
             PubNub_BASE_CLIENT::stop();
             ^
/home/ec2-user/arduino-testlib/cli-datadir/user/libraries/Pubnub/PubNubDefs.h: In member function &#39;bool PubSubClient::wait_for_data(int)&#39;:
/home/ec2-user/arduino-testlib/cli-datadir/user/libraries/Pubnub/PubNubDefs.h:195:48: error: &#39;connected&#39; was not declared in this scope
         while ((0 == available()) &amp;&amp; connected()) {
                                                ^
/home/ec2-user/arduino-testlib/cli-datadir/user/libraries/Pubnub/PubNubDefs.h: At global scope:
/home/ec2-user/arduino-testlib/cli-datadir/user/libraries/Pubnub/PubNubDefs.h:12:28: error: &#39;EthernetClient&#39; has not been declared
 #define PubNub_BASE_CLIENT EthernetClient
                            ^
/home/ec2-user/arduino-testlib/cli-datadir/user/libraries/Pubnub/PubNubDefs.h:425:39: note: in expansion of macro &#39;PubNub_BASE_CLIENT&#39;
     inline enum PubNub_BH _request_bh(PubNub_BASE_CLIENT&amp; client,
                                       ^
/home/ec2-user/arduino-testlib/cli-datadir/user/libraries/Pubnub/PubNubDefs.h: In member function &#39;void PubSubClient::_grab_timetoken(uint8_t*, size_t)&#39;:
/home/ec2-user/arduino-testlib/cli-datadir/user/libraries/Pubnub/PubNubDefs.h:547:32: error: &#39;connected&#39; was not declared in this scope
                 if (!connected()) {
                                ^
/home/ec2-user/arduino-testlib/cli-datadir/user/libraries/Pubnub/PubNubDefs.h:12:28: error: &#39;EthernetClient&#39; has not been declared
 #define PubNub_BASE_CLIENT EthernetClient
                            ^
/home/ec2-user/arduino-testlib/cli-datadir/user/libraries/Pubnub/PubNubDefs.h:568:23: note: in expansion of macro &#39;PubNub_BASE_CLIENT&#39;
             int len = PubNub_BASE_CLIENT::read(&amp;ch, 1);
                       ^
/home/ec2-user/arduino-testlib/cli-datadir/user/libraries/Pubnub/PubNubDefs.h: At global scope:
/home/ec2-user/arduino-testlib/cli-datadir/user/libraries/Pubnub/PubNubDefs.h:12:28: error: &#39;await_disconnect&#39; declared as an &#39;inline&#39; variable
 #define PubNub_BASE_CLIENT EthernetClient
                            ^
/home/ec2-user/arduino-testlib/cli-datadir/user/libraries/Pubnub/PubNubDefs.h:611:30: note: in expansion of macro &#39;PubNub_BASE_CLIENT&#39;
 inline bool await_disconnect(PubNub_BASE_CLIENT&amp; client, unsigned long timeout) {
                              ^
/home/ec2-user/arduino-testlib/cli-datadir/user/libraries/Pubnub/PubNubDefs.h:12:28: error: &#39;EthernetClient&#39; was not declared in this scope
 #define PubNub_BASE_CLIENT EthernetClient
                            ^
/home/ec2-user/arduino-testlib/cli-datadir/user/libraries/Pubnub/PubNubDefs.h:611:30: note: in expansion of macro &#39;PubNub_BASE_CLIENT&#39;
 inline bool await_disconnect(PubNub_BASE_CLIENT&amp; client, unsigned long timeout) {
                              ^
/home/ec2-user/arduino-testlib/cli-datadir/user/libraries/Pubnub/PubNubDefs.h:611:50: error: &#39;client&#39; was not declared in this scope
 inline bool await_disconnect(PubNub_BASE_CLIENT&amp; client, unsigned long timeout) {
                                                  ^
/home/ec2-user/arduino-testlib/cli-datadir/user/libraries/Pubnub/PubNubDefs.h:611:58: error: expected primary-expression before &#39;unsigned&#39;
 inline bool await_disconnect(PubNub_BASE_CLIENT&amp; client, unsigned long timeout) {
                                                          ^
/home/ec2-user/arduino-testlib/cli-datadir/user/libraries/Pubnub/PubNubDefs.h:611:79: error: expression list treated as compound expression in initializer [-fpermissive]
 inline bool await_disconnect(PubNub_BASE_CLIENT&amp; client, unsigned long timeout) {
                                                                               ^
/home/ec2-user/arduino-testlib/cli-datadir/user/libraries/Pubnub/PubNubDefs.h:611:81: error: expected &#39;,&#39; or &#39;;&#39; before &#39;{&#39; token
 inline bool await_disconnect(PubNub_BASE_CLIENT&amp; client, unsigned long timeout) {
                                                                                 ^

</pre>

					
					<h4>examples/AdafruitFeatherM0WINC1500</h4>
					<p>
						Result: <b>FAIL</b>
					</p>
					<pre class="pre-scrollable">In file included from /home/ec2-user/arduino-testlib/cli-datadir/user/libraries/WiFi101/src/WiFiClient.h:28:0,
                 from /home/ec2-user/arduino-testlib/cli-datadir/user/libraries/WiFi101/src/WiFi101.h:35,
                 from /home/ec2-user/arduino-testlib/cli-datadir/user/libraries/Pubnub/examples/AdafruitFeatherM0WINC1500/AdafruitFeatherM0WINC1500.ino:7:
/home/ec2-user/arduino-testlib/cli-datadir/user/libraries/WiFi101/src/socket/include/socket.h:1839:32: error: conflicting declaration of C function &#39;sint8 close(SOCKET)&#39;
 NMI_API sint8 close(SOCKET sock);
                                ^
In file included from /home/ec2-user/arduino-testlib/cli-datadir/data/packages/esp32/hardware/esp32/1.0.6/tools/sdk/include/newlib/stdio.h:29:0,
                 from /home/ec2-user/arduino-testlib/cli-datadir/data/packages/esp32/hardware/esp32/1.0.6/cores/esp32/Arduino.h:27,
                 from /tmp/arduino-sketch-DA9493C5B1C77836968F3544658A821C/sketch/AdafruitFeatherM0WINC1500.ino.cpp:1:
/home/ec2-user/arduino-testlib/cli-datadir/data/packages/esp32/hardware/esp32/1.0.6/tools/sdk/include/newlib/sys/unistd.h:30:9: note: previous declaration &#39;int close(int)&#39;
 int     _EXFUN(close, (int __fildes ));
         ^

</pre>
					
					<h4>examples/PubNubDemo</h4>
					<p>
						Result: <b>PASS</b>
					</p>
					<pre class="pre-scrollable">Sketch uses 228522 bytes (17%) of program storage space. Maximum is 1310720 bytes.
Global variables use 13952 bytes (4%) of dynamic memory, leaving 313728 bytes for local variables. Maximum is 327680 bytes.
</pre>
					
					<h4>examples/PubNubPublisher</h4>
					<p>
						Result: <b>PASS</b>
					</p>
					<pre class="pre-scrollable">Sketch uses 241658 bytes (18%) of program storage space. Maximum is 1310720 bytes.
Global variables use 13992 bytes (4%) of dynamic memory, leaving 313688 bytes for local variables. Maximum is 327680 bytes.
</pre>
					
					<h4>examples/PubNubSubscriber</h4>
					<p>
						Result: <b>PASS</b>
					</p>
					<pre class="pre-scrollable">Sketch uses 242046 bytes (18%) of program storage space. Maximum is 1310720 bytes.
Global variables use 14032 bytes (4%) of dynamic memory, leaving 313648 bytes for local variables. Maximum is 327680 bytes.
</pre>
					
					<h4>examples/PubNubWifi101</h4>
					<p>
						Result: <b>FAIL</b>
					</p>
					<pre class="pre-scrollable">In file included from /home/ec2-user/arduino-testlib/cli-datadir/user/libraries/WiFi101/src/WiFiClient.h:28:0,
                 from /home/ec2-user/arduino-testlib/cli-datadir/user/libraries/WiFi101/src/WiFi101.h:35,
                 from /home/ec2-user/arduino-testlib/cli-datadir/user/libraries/Pubnub/examples/PubNubWifi101/PubNubWifi101.ino:14:
/home/ec2-user/arduino-testlib/cli-datadir/user/libraries/WiFi101/src/socket/include/socket.h:1839:32: error: conflicting declaration of C function &#39;sint8 close(SOCKET)&#39;
 NMI_API sint8 close(SOCKET sock);
                                ^
In file included from /home/ec2-user/arduino-testlib/cli-datadir/data/packages/esp32/hardware/esp32/1.0.6/tools/sdk/include/newlib/stdio.h:29:0,
                 from /home/ec2-user/arduino-testlib/cli-datadir/data/packages/esp32/hardware/esp32/1.0.6/cores/esp32/Arduino.h:27,
                 from /tmp/arduino-sketch-EAFA82E648695C005847024770FEB4A7/sketch/PubNubWifi101.ino.cpp:1:
/home/ec2-user/arduino-testlib/cli-datadir/data/packages/esp32/hardware/esp32/1.0.6/tools/sdk/include/newlib/sys/unistd.h:30:9: note: previous declaration &#39;int close(int)&#39;
 int     _EXFUN(close, (int __fildes ));
         ^

</pre>
					
					<h4>examples/PubNubjsonWifi</h4>
					<p>
						Result: <b>FAIL</b>
					</p>
					<pre class="pre-scrollable">In file included from /home/ec2-user/arduino-testlib/cli-datadir/user/libraries/ArduinoJson/src/ArduinoJson/Document/BasicJsonDocument.hpp:7:0,
                 from /home/ec2-user/arduino-testlib/cli-datadir/user/libraries/ArduinoJson/src/ArduinoJson/Document/DynamicJsonDocument.hpp:7,
                 from /home/ec2-user/arduino-testlib/cli-datadir/user/libraries/ArduinoJson/src/ArduinoJson.hpp:28,
                 from /home/ec2-user/arduino-testlib/cli-datadir/user/libraries/ArduinoJson/src/ArduinoJson.h:9,
                 from /home/ec2-user/arduino-testlib/cli-datadir/user/libraries/Pubnub/examples/PubNubjsonWifi/PubNubjsonWifi.ino:37:
/home/ec2-user/arduino-testlib/cli-datadir/user/libraries/ArduinoJson/src/ArduinoJson/Document/JsonDocument.hpp: In function &#39;void loop()&#39;:
/home/ec2-user/arduino-testlib/cli-datadir/user/libraries/ArduinoJson/src/ArduinoJson/Document/JsonDocument.hpp:341:3: error: &#39;ArduinoJson6192_F1::JsonDocument::JsonDocument(const ArduinoJson6192_F1::JsonDocument&amp;)&#39; is private
   JsonDocument(const JsonDocument&amp;);
   ^
/home/ec2-user/arduino-testlib/cli-datadir/user/libraries/Pubnub/examples/PubNubjsonWifi/PubNubjsonWifi.ino:205:42: error: within this context
         serializeJson(createMessage(pubjd), output);
                                          ^
/home/ec2-user/arduino-testlib/cli-datadir/user/libraries/Pubnub/examples/PubNubjsonWifi/PubNubjsonWifi.ino:93:12: note:   initializing argument 1 of &#39;ArduinoJson::JsonObject createMessage(ArduinoJson6192_F1::JsonDocument)&#39;
 JsonObject createMessage(JsonDocument jd)
            ^
In file included from /home/ec2-user/arduino-testlib/cli-datadir/user/libraries/ArduinoJson/src/ArduinoJson/Document/BasicJsonDocument.hpp:7:0,
                 from /home/ec2-user/arduino-testlib/cli-datadir/user/libraries/ArduinoJson/src/ArduinoJson/Document/DynamicJsonDocument.hpp:7,
                 from /home/ec2-user/arduino-testlib/cli-datadir/user/libraries/ArduinoJson/src/ArduinoJson.hpp:28,
                 from /home/ec2-user/arduino-testlib/cli-datadir/user/libraries/ArduinoJson/src/ArduinoJson.h:9,
                 from /home/ec2-user/arduino-testlib/cli-datadir/user/libraries/Pubnub/examples/PubNubjsonWifi/PubNubjsonWifi.ino:37:
/home/ec2-user/arduino-testlib/cli-datadir/user/libraries/ArduinoJson/src/ArduinoJson/Document/JsonDocument.hpp:323:3: error: &#39;ArduinoJson6192_F1::JsonDocument::~JsonDocument()&#39; is protected
   ~JsonDocument() {}
   ^
/home/ec2-user/arduino-testlib/cli-datadir/user/libraries/Pubnub/examples/PubNubjsonWifi/PubNubjsonWifi.ino:205:42: error: within this context
         serializeJson(createMessage(pubjd), output);
                                          ^
Multiple libraries were found for &#34;WiFi.h&#34;
  Used: /home/ec2-user/arduino-testlib/cli-datadir/data/packages/esp32/hardware/esp32/1.0.6/libraries/WiFi
  Not used: /home/ec2-user/arduino-testlib/cli-datadir/user/libraries/WiFiEspAT
  Not used: /home/ec2-user/arduino-testlib/cli-datadir/user/libraries/WiFi
  Not used: /home/ec2-user/arduino-testlib/cli-datadir/user/libraries/WiFiNINA
  Not used: /home/ec2-user/arduino-testlib/cli-datadir/user/libraries/Seeed_Arduino_rpcWiFi
Multiple libraries were found for &#34;ArduinoJson.h&#34;
  Used: /home/ec2-user/arduino-testlib/cli-datadir/user/libraries/ArduinoJson
  Not used: /home/ec2-user/arduino-testlib/cli-datadir/user/libraries/CoogleIOT
  Not used: /home/ec2-user/arduino-testlib/cli-datadir/user/libraries/ThingESP
  Not used: /home/ec2-user/arduino-testlib/cli-datadir/user/libraries/AllThingsTalk_LTE-M_SDK
  Not used: /home/ec2-user/arduino-testlib/cli-datadir/user/libraries/ThingsIoT
  Not used: /home/ec2-user/arduino-testlib/cli-datadir/user/libraries/CMMC_MQTT_Connector
  Not used: /home/ec2-user/arduino-testlib/cli-datadir/user/libraries/Antares_ESP8266_MQTT
  Not used: /home/ec2-user/arduino-testlib/cli-datadir/user/libraries/Antares_ESP8266_HTTP
  Not used: /home/ec2-user/arduino-testlib/cli-datadir/user/libraries/BaleMessengerBot_Arduino
</pre>
					
				
			</div>
		</div>
	</div>
  </body>
</html>
