
<!doctype html>
<html lang="en">
  <head>
    <meta charset="utf-8">
    <meta name="viewport" content="width=device-width, initial-scale=1">
    <link href="https://cdn.jsdelivr.net/npm/bootstrap@5.0.2/dist/css/bootstrap.min.css" rel="stylesheet" integrity="sha384-EVSTQN3/azprG1Anm3QDgpJLIm9Nao0Yz1ztcQTwFspd3yD65VohhpuuCOmLASjC" crossorigin="anonymous">
    <title>arduino-testlib report</title>
	<style>
	.pass { background-color: #00FF00 !important; }
	.fail { background-color: #FF0000 !important; }
	</style>
  </head>
  <body>
	<div class="container">
		<div class="row">
			<div class="col">
				<h1>PubSubClientTools - compatibility matrix</h1>
				<p>
					<small>This report was generated on Wednesday, 23-Feb-22 22:48:15 CET using 
					<a href="https://github.com/alranel/arduino-testlib">arduino-testlib</a>.</small>
				</p>

				<h2>PubSubClientTools</h2>
				<p>
					Version: <b>0.6</b>
					<br />
					<a href="https://www.arduino.cc/reference/en/libraries/pubsubclienttools/">More details</a>
				</p>

				<h2>Compatibility matrix</h2>
				<table class="table table-bordered">
					<tr>
						<th>Board</th>
						<th>Claims compatibility</th>
						<th>Inclusion</th>
						
						<th><pre>mqtt_esp8266</pre></th>
						
						<th><pre>mqtt_esp32</pre></th>
						
					</tr>
					
					<tr>
						<td>
							<a href="#arduino%3aavr%3auno"><b>arduino:avr:uno</b></a>
							<br />
							<small>1.8.4</small>
						</td>

						
						
						
							<td>Yes ⚠️</td>
							<td class="fail">FAIL</td>
						
						

						
							
								
									
										
									
										
											
											<td class="fail">FAIL</td>
										
									
								
							
								
							
								
							
								
							
								
							
						
							
								
									
										
											
											<td class="fail">FAIL</td>
										
									
										
									
								
							
								
							
								
							
								
							
								
							
						
					</tr>
					
					<tr>
						<td>
							<a href="#arduino%3ambed_nano%3ananorp2040connect"><b>arduino:mbed_nano:nanorp2040connect</b></a>
							<br />
							<small>2.7.2</small>
						</td>

						
						
						
							<td>Yes ⚠️</td>
							<td class="fail">FAIL</td>
						
						

						
							
								
							
								
									
										
									
										
											
											<td class="fail">FAIL</td>
										
									
								
							
								
							
								
							
								
							
						
							
								
							
								
									
										
											
											<td class="fail">FAIL</td>
										
									
										
									
								
							
								
							
								
							
								
							
						
					</tr>
					
					<tr>
						<td>
							<a href="#arduino%3amegaavr%3anona4809"><b>arduino:megaavr:nona4809</b></a>
							<br />
							<small>1.8.7</small>
						</td>

						
						
						
							<td>Yes ⚠️</td>
							<td class="fail">FAIL</td>
						
						

						
							
								
							
								
							
								
									
										
									
										
											
											<td class="fail">FAIL</td>
										
									
								
							
								
							
								
							
						
							
								
							
								
							
								
									
										
											
											<td class="fail">FAIL</td>
										
									
										
									
								
							
								
							
								
							
						
					</tr>
					
					<tr>
						<td>
							<a href="#arduino%3asamd%3amkrwifi1010"><b>arduino:samd:mkrwifi1010</b></a>
							<br />
							<small>1.8.12</small>
						</td>

						
						
						
							<td>Yes ⚠️</td>
							<td class="fail">FAIL</td>
						
						

						
							
								
							
								
							
								
							
								
									
										
									
										
											
											<td class="fail">FAIL</td>
										
									
								
							
								
							
						
							
								
							
								
							
								
							
								
									
										
											
											<td class="fail">FAIL</td>
										
									
										
									
								
							
								
							
						
					</tr>
					
					<tr>
						<td>
							<a href="#esp32%3aesp32%3ad1_mini32"><b>esp32:esp32:d1_mini32</b></a>
							<br />
							<small>1.0.6</small>
						</td>

						
							<td>Yes</td>
							<td class="pass">PASS</td>
						
						
						
						

						
							
								
							
								
							
								
							
								
							
								
									
										
									
										
											
											<td class="fail">FAIL</td>
										
									
								
							
						
							
								
							
								
							
								
							
								
							
								
									
										
											<td class="pass">PASS</td>
											
										
									
										
									
								
							
						
					</tr>
					
				</table>

				<h2>Compilation logs</h2>
				
				<h3 id="arduino:avr:uno">arduino:avr:uno @ 1.8.4</h3>
				<h4>Inclusion</h4>
				<p>
					Result: <b>FAIL</b>
					
				</p>
				<pre class="pre-scrollable">In file included from /tmp/arduino-testlib2860744615/test/test.ino:1:0:
/home/ec2-user/arduino-testlib/cli-datadir/user/libraries/PubSubClientTools/PubSubClientTools.h:41:14: error: &#39;function&#39; in namespace &#39;std&#39; does not name a template type
         std::function&lt;void(PUBSUBCLIENT_CALLBACK_PARAMETERS)&gt; mqtt_callback = std::bind(&amp;PubSubClientTools::callback, this, std::placeholders::_1, std::placeholders::_2, std::placeholders::_3);
              ^~~~~~~~
Multiple libraries were found for &#34;PubSubClient.h&#34;
  Used: /home/ec2-user/arduino-testlib/cli-datadir/user/libraries/PubSubClient
  Not used: /home/ec2-user/arduino-testlib/cli-datadir/user/libraries/CMMC_MQTT_Connector
  Not used: /home/ec2-user/arduino-testlib/cli-datadir/user/libraries/Antares_ESP8266_MQTT
  Not used: /home/ec2-user/arduino-testlib/cli-datadir/user/libraries/AIS_4G_board
  Not used: /home/ec2-user/arduino-testlib/cli-datadir/user/libraries/ESP8266_Microgear
  Not used: /home/ec2-user/arduino-testlib/cli-datadir/user/libraries/ACS-M1128
  Not used: /home/ec2-user/arduino-testlib/cli-datadir/user/libraries/AllThingsTalk_WiFi_SDK
  Not used: /home/ec2-user/arduino-testlib/cli-datadir/user/libraries/AzureIoTHubMQTTClient
</pre>

					
					<h4>examples/mqtt_esp32</h4>
					<p>
						Result: <b>FAIL</b>
					</p>
					<pre class="pre-scrollable">In file included from /home/ec2-user/arduino-testlib/cli-datadir/user/libraries/PubSubClientTools/examples/mqtt_esp32/mqtt_esp32.ino:3:0:
/home/ec2-user/arduino-testlib/cli-datadir/user/libraries/PubSubClientTools/PubSubClientTools.h:41:14: error: &#39;function&#39; in namespace &#39;std&#39; does not name a template type
         std::function&lt;void(PUBSUBCLIENT_CALLBACK_PARAMETERS)&gt; mqtt_callback = std::bind(&amp;PubSubClientTools::callback, this, std::placeholders::_1, std::placeholders::_2, std::placeholders::_3);
              ^~~~~~~~
/home/ec2-user/arduino-testlib/cli-datadir/user/libraries/PubSubClientTools/examples/mqtt_esp32/mqtt_esp32.ino:17:8: error: conflicting declaration &#39;Thread thread&#39;
 Thread thread = Thread();
        ^~~~~~
In file included from /home/ec2-user/arduino-testlib/cli-datadir/user/libraries/PubSubClientTools/examples/mqtt_esp32/mqtt_esp32.ino:5:0:
/home/ec2-user/arduino-testlib/cli-datadir/user/libraries/Thread/Thread.h:17:18: note: previous declaration as &#39;void* thread&#39;
 extern void    * thread; // pointer to current thread state
                  ^~~~~~
/home/ec2-user/arduino-testlib/cli-datadir/user/libraries/PubSubClientTools/examples/mqtt_esp32/mqtt_esp32.ino: In function &#39;void setup()&#39;:
/home/ec2-user/arduino-testlib/cli-datadir/user/libraries/PubSubClientTools/examples/mqtt_esp32/mqtt_esp32.ino:48:10: error: request for member &#39;onRun&#39; in &#39;thread&#39;, which is of non-class type &#39;void*&#39;
   thread.onRun(publisher);
          ^~~~~
/home/ec2-user/arduino-testlib/cli-datadir/user/libraries/PubSubClientTools/examples/mqtt_esp32/mqtt_esp32.ino:49:10: error: request for member &#39;setInterval&#39; in &#39;thread&#39;, which is of non-class type &#39;void*&#39;
   thread.setInterval(2000);
          ^~~~~~~~~~~
/home/ec2-user/arduino-testlib/cli-datadir/user/libraries/PubSubClientTools/examples/mqtt_esp32/mqtt_esp32.ino:50:28: error: no matching function for call to &#39;ThreadController::add(void**)&#39;
   threadControl.add(&amp;thread);
                            ^
In file included from /home/ec2-user/arduino-testlib/cli-datadir/user/libraries/PubSubClientTools/examples/mqtt_esp32/mqtt_esp32.ino:6:0:
/home/ec2-user/arduino-testlib/cli-datadir/user/libraries/ArduinoThread/ThreadController.h:36:7: note: candidate: bool ThreadController::add(Thread*)
  bool add(Thread* _thread);
       ^~~
/home/ec2-user/arduino-testlib/cli-datadir/user/libraries/ArduinoThread/ThreadController.h:36:7: note:   no known conversion for argument 1 from &#39;void**&#39; to &#39;Thread*&#39;
Multiple libraries were found for &#34;PubSubClient.h&#34;
  Used: /home/ec2-user/arduino-testlib/cli-datadir/user/libraries/PubSubClient
  Not used: /home/ec2-user/arduino-testlib/cli-datadir/user/libraries/AzureIoTHubMQTTClient
  Not used: /home/ec2-user/arduino-testlib/cli-datadir/user/libraries/AllThingsTalk_WiFi_SDK
  Not used: /home/ec2-user/arduino-testlib/cli-datadir/user/libraries/ACS-M1128
  Not used: /home/ec2-user/arduino-testlib/cli-datadir/user/libraries/Antares_ESP8266_MQTT
  Not used: /home/ec2-user/arduino-testlib/cli-datadir/user/libraries/ESP8266_Microgear
  Not used: /home/ec2-user/arduino-testlib/cli-datadir/user/libraries/CMMC_MQTT_Connector
  Not used: /home/ec2-user/arduino-testlib/cli-datadir/user/libraries/AIS_4G_board
Multiple libraries were found for &#34;Thread.h&#34;
  Used: /home/ec2-user/arduino-testlib/cli-datadir/user/libraries/Thread
  Not used: /home/ec2-user/arduino-testlib/cli-datadir/user/libraries/ArduinoThread
Multiple libraries were found for &#34;WiFi.h&#34;
  Used: /home/ec2-user/arduino-testlib/cli-datadir/user/libraries/WiFi
  Not used: /home/ec2-user/arduino-testlib/cli-datadir/user/libraries/WiFiNINA
  Not used: /home/ec2-user/arduino-testlib/cli-datadir/user/libraries/Seeed_Arduino_rpcWiFi
  Not used: /home/ec2-user/arduino-testlib/cli-datadir/user/libraries/WiFiEspAT
</pre>
					
					<h4>examples/mqtt_esp8266</h4>
					<p>
						Result: <b>FAIL</b>
					</p>
					<pre class="pre-scrollable">/home/ec2-user/arduino-testlib/cli-datadir/user/libraries/PubSubClientTools/examples/mqtt_esp8266/mqtt_esp8266.ino:1:10: fatal error: ESP8266WiFi.h: No such file or directory
 #include &lt;ESP8266WiFi.h&gt;
          ^~~~~~~~~~~~~~~
compilation terminated.

</pre>
					
				
				<h3 id="arduino:mbed_nano:nanorp2040connect">arduino:mbed_nano:nanorp2040connect @ 2.7.2</h3>
				<h4>Inclusion</h4>
				<p>
					Result: <b>FAIL</b>
					
				</p>
				<pre class="pre-scrollable">Multiple libraries were found for &#34;PubSubClient.h&#34;
  Used: /home/ec2-user/arduino-testlib/cli-datadir/user/libraries/PubSubClient
  Not used: /home/ec2-user/arduino-testlib/cli-datadir/user/libraries/CMMC_MQTT_Connector
  Not used: /home/ec2-user/arduino-testlib/cli-datadir/user/libraries/AIS_4G_board
  Not used: /home/ec2-user/arduino-testlib/cli-datadir/user/libraries/ACS-M1128
  Not used: /home/ec2-user/arduino-testlib/cli-datadir/user/libraries/Antares_ESP8266_MQTT
  Not used: /home/ec2-user/arduino-testlib/cli-datadir/user/libraries/AzureIoTHubMQTTClient
  Not used: /home/ec2-user/arduino-testlib/cli-datadir/user/libraries/AllThingsTalk_WiFi_SDK
  Not used: /home/ec2-user/arduino-testlib/cli-datadir/user/libraries/ESP8266_Microgear
</pre>

					
					<h4>examples/mqtt_esp32</h4>
					<p>
						Result: <b>FAIL</b>
					</p>
					<pre class="pre-scrollable">Multiple libraries were found for &#34;WiFi.h&#34;
  Used: /home/ec2-user/arduino-testlib/cli-datadir/user/libraries/WiFi
  Not used: /home/ec2-user/arduino-testlib/cli-datadir/user/libraries/WiFiEspAT
  Not used: /home/ec2-user/arduino-testlib/cli-datadir/user/libraries/Seeed_Arduino_rpcWiFi
  Not used: /home/ec2-user/arduino-testlib/cli-datadir/user/libraries/WiFiNINA
Multiple libraries were found for &#34;PubSubClient.h&#34;
  Used: /home/ec2-user/arduino-testlib/cli-datadir/user/libraries/PubSubClient
  Not used: /home/ec2-user/arduino-testlib/cli-datadir/user/libraries/AIS_4G_board
  Not used: /home/ec2-user/arduino-testlib/cli-datadir/user/libraries/ESP8266_Microgear
  Not used: /home/ec2-user/arduino-testlib/cli-datadir/user/libraries/AzureIoTHubMQTTClient
  Not used: /home/ec2-user/arduino-testlib/cli-datadir/user/libraries/Antares_ESP8266_MQTT
  Not used: /home/ec2-user/arduino-testlib/cli-datadir/user/libraries/CMMC_MQTT_Connector
  Not used: /home/ec2-user/arduino-testlib/cli-datadir/user/libraries/ACS-M1128
  Not used: /home/ec2-user/arduino-testlib/cli-datadir/user/libraries/AllThingsTalk_WiFi_SDK
</pre>
					
					<h4>examples/mqtt_esp8266</h4>
					<p>
						Result: <b>FAIL</b>
					</p>
					<pre class="pre-scrollable">/home/ec2-user/arduino-testlib/cli-datadir/user/libraries/PubSubClientTools/examples/mqtt_esp8266/mqtt_esp8266.ino:1:10: fatal error: ESP8266WiFi.h: No such file or directory
 #include &lt;ESP8266WiFi.h&gt;
          ^~~~~~~~~~~~~~~
compilation terminated.

</pre>
					
				
				<h3 id="arduino:megaavr:nona4809">arduino:megaavr:nona4809 @ 1.8.7</h3>
				<h4>Inclusion</h4>
				<p>
					Result: <b>FAIL</b>
					
				</p>
				<pre class="pre-scrollable">In file included from /tmp/arduino-testlib2418489975/test/test.ino:1:0:
/home/ec2-user/arduino-testlib/cli-datadir/user/libraries/PubSubClientTools/PubSubClientTools.h:41:14: error: &#39;function&#39; in namespace &#39;std&#39; does not name a template type
         std::function&lt;void(PUBSUBCLIENT_CALLBACK_PARAMETERS)&gt; mqtt_callback = std::bind(&amp;PubSubClientTools::callback, this, std::placeholders::_1, std::placeholders::_2, std::placeholders::_3);
              ^~~~~~~~
Multiple libraries were found for &#34;PubSubClient.h&#34;
  Used: /home/ec2-user/arduino-testlib/cli-datadir/user/libraries/PubSubClient
  Not used: /home/ec2-user/arduino-testlib/cli-datadir/user/libraries/ESP8266_Microgear
  Not used: /home/ec2-user/arduino-testlib/cli-datadir/user/libraries/AIS_4G_board
  Not used: /home/ec2-user/arduino-testlib/cli-datadir/user/libraries/ACS-M1128
  Not used: /home/ec2-user/arduino-testlib/cli-datadir/user/libraries/Antares_ESP8266_MQTT
  Not used: /home/ec2-user/arduino-testlib/cli-datadir/user/libraries/AllThingsTalk_WiFi_SDK
  Not used: /home/ec2-user/arduino-testlib/cli-datadir/user/libraries/AzureIoTHubMQTTClient
  Not used: /home/ec2-user/arduino-testlib/cli-datadir/user/libraries/CMMC_MQTT_Connector
</pre>

					
					<h4>examples/mqtt_esp32</h4>
					<p>
						Result: <b>FAIL</b>
					</p>
					<pre class="pre-scrollable">In file included from /home/ec2-user/arduino-testlib/cli-datadir/user/libraries/PubSubClientTools/examples/mqtt_esp32/mqtt_esp32.ino:3:0:
/home/ec2-user/arduino-testlib/cli-datadir/user/libraries/PubSubClientTools/PubSubClientTools.h:41:14: error: &#39;function&#39; in namespace &#39;std&#39; does not name a template type
         std::function&lt;void(PUBSUBCLIENT_CALLBACK_PARAMETERS)&gt; mqtt_callback = std::bind(&amp;PubSubClientTools::callback, this, std::placeholders::_1, std::placeholders::_2, std::placeholders::_3);
              ^~~~~~~~
Multiple libraries were found for &#34;WiFi.h&#34;
  Used: /home/ec2-user/arduino-testlib/cli-datadir/user/libraries/WiFi
  Not used: /home/ec2-user/arduino-testlib/cli-datadir/user/libraries/Seeed_Arduino_rpcWiFi
  Not used: /home/ec2-user/arduino-testlib/cli-datadir/user/libraries/WiFiNINA
  Not used: /home/ec2-user/arduino-testlib/cli-datadir/user/libraries/WiFiEspAT
Multiple libraries were found for &#34;PubSubClient.h&#34;
  Used: /home/ec2-user/arduino-testlib/cli-datadir/user/libraries/PubSubClient
  Not used: /home/ec2-user/arduino-testlib/cli-datadir/user/libraries/AzureIoTHubMQTTClient
  Not used: /home/ec2-user/arduino-testlib/cli-datadir/user/libraries/AIS_4G_board
  Not used: /home/ec2-user/arduino-testlib/cli-datadir/user/libraries/AllThingsTalk_WiFi_SDK
  Not used: /home/ec2-user/arduino-testlib/cli-datadir/user/libraries/ESP8266_Microgear
  Not used: /home/ec2-user/arduino-testlib/cli-datadir/user/libraries/Antares_ESP8266_MQTT
  Not used: /home/ec2-user/arduino-testlib/cli-datadir/user/libraries/CMMC_MQTT_Connector
  Not used: /home/ec2-user/arduino-testlib/cli-datadir/user/libraries/ACS-M1128
Multiple libraries were found for &#34;Thread.h&#34;
  Used: /home/ec2-user/arduino-testlib/cli-datadir/user/libraries/ArduinoThread
  Not used: /home/ec2-user/arduino-testlib/cli-datadir/user/libraries/Thread
</pre>
					
					<h4>examples/mqtt_esp8266</h4>
					<p>
						Result: <b>FAIL</b>
					</p>
					<pre class="pre-scrollable">/home/ec2-user/arduino-testlib/cli-datadir/user/libraries/PubSubClientTools/examples/mqtt_esp8266/mqtt_esp8266.ino:1:10: fatal error: ESP8266WiFi.h: No such file or directory
 #include &lt;ESP8266WiFi.h&gt;
          ^~~~~~~~~~~~~~~
compilation terminated.

</pre>
					
				
				<h3 id="arduino:samd:mkrwifi1010">arduino:samd:mkrwifi1010 @ 1.8.12</h3>
				<h4>Inclusion</h4>
				<p>
					Result: <b>FAIL</b>
					
				</p>
				<pre class="pre-scrollable">In file included from /tmp/arduino-testlib2860744615/test/test.ino:1:0:
/home/ec2-user/arduino-testlib/cli-datadir/user/libraries/PubSubClientTools/PubSubClientTools.h:41:14: error: &#39;function&#39; in namespace &#39;std&#39; does not name a template type
         std::function&lt;void(PUBSUBCLIENT_CALLBACK_PARAMETERS)&gt; mqtt_callback = std::bind(&amp;PubSubClientTools::callback, this, std::placeholders::_1, std::placeholders::_2, std::placeholders::_3);
              ^~~~~~~~
Multiple libraries were found for &#34;PubSubClient.h&#34;
  Used: /home/ec2-user/arduino-testlib/cli-datadir/user/libraries/PubSubClient
  Not used: /home/ec2-user/arduino-testlib/cli-datadir/user/libraries/AIS_4G_board
  Not used: /home/ec2-user/arduino-testlib/cli-datadir/user/libraries/ESP8266_Microgear
  Not used: /home/ec2-user/arduino-testlib/cli-datadir/user/libraries/CMMC_MQTT_Connector
  Not used: /home/ec2-user/arduino-testlib/cli-datadir/user/libraries/ACS-M1128
  Not used: /home/ec2-user/arduino-testlib/cli-datadir/user/libraries/Antares_ESP8266_MQTT
  Not used: /home/ec2-user/arduino-testlib/cli-datadir/user/libraries/AzureIoTHubMQTTClient
  Not used: /home/ec2-user/arduino-testlib/cli-datadir/user/libraries/AllThingsTalk_WiFi_SDK
</pre>

					
					<h4>examples/mqtt_esp32</h4>
					<p>
						Result: <b>FAIL</b>
					</p>
					<pre class="pre-scrollable">In file included from /home/ec2-user/arduino-testlib/cli-datadir/user/libraries/PubSubClientTools/examples/mqtt_esp32/mqtt_esp32.ino:3:0:
/home/ec2-user/arduino-testlib/cli-datadir/user/libraries/PubSubClientTools/PubSubClientTools.h:41:14: error: &#39;function&#39; in namespace &#39;std&#39; does not name a template type
         std::function&lt;void(PUBSUBCLIENT_CALLBACK_PARAMETERS)&gt; mqtt_callback = std::bind(&amp;PubSubClientTools::callback, this, std::placeholders::_1, std::placeholders::_2, std::placeholders::_3);
              ^~~~~~~~
Multiple libraries were found for &#34;WiFi.h&#34;
  Used: /home/ec2-user/arduino-testlib/cli-datadir/user/libraries/WiFi
  Not used: /home/ec2-user/arduino-testlib/cli-datadir/user/libraries/WiFiNINA
  Not used: /home/ec2-user/arduino-testlib/cli-datadir/user/libraries/WiFiEspAT
  Not used: /home/ec2-user/arduino-testlib/cli-datadir/user/libraries/Seeed_Arduino_rpcWiFi
Multiple libraries were found for &#34;PubSubClient.h&#34;
  Used: /home/ec2-user/arduino-testlib/cli-datadir/user/libraries/PubSubClient
  Not used: /home/ec2-user/arduino-testlib/cli-datadir/user/libraries/ESP8266_Microgear
  Not used: /home/ec2-user/arduino-testlib/cli-datadir/user/libraries/Antares_ESP8266_MQTT
  Not used: /home/ec2-user/arduino-testlib/cli-datadir/user/libraries/AllThingsTalk_WiFi_SDK
  Not used: /home/ec2-user/arduino-testlib/cli-datadir/user/libraries/AzureIoTHubMQTTClient
  Not used: /home/ec2-user/arduino-testlib/cli-datadir/user/libraries/AIS_4G_board
  Not used: /home/ec2-user/arduino-testlib/cli-datadir/user/libraries/ACS-M1128
  Not used: /home/ec2-user/arduino-testlib/cli-datadir/user/libraries/CMMC_MQTT_Connector
Multiple libraries were found for &#34;Thread.h&#34;
  Used: /home/ec2-user/arduino-testlib/cli-datadir/user/libraries/ArduinoThread
  Not used: /home/ec2-user/arduino-testlib/cli-datadir/user/libraries/Thread
</pre>
					
					<h4>examples/mqtt_esp8266</h4>
					<p>
						Result: <b>FAIL</b>
					</p>
					<pre class="pre-scrollable">/home/ec2-user/arduino-testlib/cli-datadir/user/libraries/PubSubClientTools/examples/mqtt_esp8266/mqtt_esp8266.ino:1:10: fatal error: ESP8266WiFi.h: No such file or directory
 #include &lt;ESP8266WiFi.h&gt;
          ^~~~~~~~~~~~~~~
compilation terminated.

</pre>
					
				
				<h3 id="esp32:esp32:d1_mini32">esp32:esp32:d1_mini32 @ 1.0.6</h3>
				<h4>Inclusion</h4>
				<p>
					Result: <b>PASS</b>
					
				</p>
				<pre class="pre-scrollable">Sketch uses 250726 bytes (19%) of program storage space. Maximum is 1310720 bytes.
Global variables use 13432 bytes (4%) of dynamic memory, leaving 314248 bytes for local variables. Maximum is 327680 bytes.
</pre>

					
					<h4>examples/mqtt_esp32</h4>
					<p>
						Result: <b>PASS</b>
					</p>
					<pre class="pre-scrollable">Sketch uses 707174 bytes (53%) of program storage space. Maximum is 1310720 bytes.
Global variables use 39340 bytes (12%) of dynamic memory, leaving 288340 bytes for local variables. Maximum is 327680 bytes.
</pre>
					
					<h4>examples/mqtt_esp8266</h4>
					<p>
						Result: <b>FAIL</b>
					</p>
					<pre class="pre-scrollable">/home/ec2-user/arduino-testlib/cli-datadir/user/libraries/PubSubClientTools/examples/mqtt_esp8266/mqtt_esp8266.ino:1:25: fatal error: ESP8266WiFi.h: No such file or directory
compilation terminated.

</pre>
					
				
			</div>
		</div>
	</div>
  </body>
</html>
