
<!doctype html>
<html lang="en">
  <head>
    <meta charset="utf-8">
    <meta name="viewport" content="width=device-width, initial-scale=1">
    <link href="https://cdn.jsdelivr.net/npm/bootstrap@5.0.2/dist/css/bootstrap.min.css" rel="stylesheet" integrity="sha384-EVSTQN3/azprG1Anm3QDgpJLIm9Nao0Yz1ztcQTwFspd3yD65VohhpuuCOmLASjC" crossorigin="anonymous">
    <title>arduino-testlib report</title>
	<style>
	.pass { background-color: #00FF00 !important; }
	.fail { background-color: #FF0000 !important; }
	</style>
  </head>
  <body>
	<div class="container">
		<div class="row">
			<div class="col">
				<h1>PWFusion_MAX31856 - compatibility matrix</h1>
				<p>
					<small>This report was generated on Wednesday, 23-Feb-22 22:48:15 CET using 
					<a href="https://github.com/alranel/arduino-testlib">arduino-testlib</a>.</small>
				</p>

				<h2>PWFusion_MAX31856</h2>
				<p>
					Version: <b>1.0.0</b>
					<br />
					<a href="https://www.arduino.cc/reference/en/libraries/pwfusion_max31856/">More details</a>
				</p>

				<h2>Compatibility matrix</h2>
				<table class="table table-bordered">
					<tr>
						<th>Board</th>
						<th>Claims compatibility</th>
						<th>Inclusion</th>
						
						<th><pre>SEN30005_MAX31856_example</pre></th>
						
						<th><pre>SEN30006_MAX31856_example</pre></th>
						
						<th><pre>SEN30007_8_DodecaMAX31856_Logger_example</pre></th>
						
						<th><pre>SEN30007_8_DodecaMAX31856_example</pre></th>
						
						<th><pre>SEN30007_8_MAX31856_1shot_example</pre></th>
						
						<th><pre>SEN30007_8_QuadMAX31856_example</pre></th>
						
					</tr>
					
					<tr>
						<td>
							<a href="#arduino%3aavr%3auno"><b>arduino:avr:uno</b></a>
							<br />
							<small>1.8.4</small>
						</td>

						
							<td>Yes</td>
							<td class="pass">PASS</td>
						
						
						
						

						
							
								
									
										
											<td class="pass">PASS</td>
											
										
									
										
									
										
									
										
									
										
									
										
									
								
							
								
							
								
							
								
							
								
							
						
							
								
									
										
									
										
											<td class="pass">PASS</td>
											
										
									
										
									
										
									
										
									
										
									
								
							
								
							
								
							
								
							
								
							
						
							
								
									
										
									
										
									
										
											
											<td class="fail">FAIL</td>
										
									
										
									
										
									
										
									
								
							
								
							
								
							
								
							
								
							
						
							
								
									
										
									
										
									
										
									
										
											<td class="pass">PASS</td>
											
										
									
										
									
										
									
								
							
								
							
								
							
								
							
								
							
						
							
								
									
										
									
										
									
										
									
										
									
										
											<td class="pass">PASS</td>
											
										
									
										
									
								
							
								
							
								
							
								
							
								
							
						
							
								
									
										
									
										
									
										
									
										
									
										
									
										
											<td class="pass">PASS</td>
											
										
									
								
							
								
							
								
							
								
							
								
							
						
					</tr>
					
					<tr>
						<td>
							<a href="#arduino%3ambed_nano%3ananorp2040connect"><b>arduino:mbed_nano:nanorp2040connect</b></a>
							<br />
							<small>2.7.2</small>
						</td>

						
							<td>Yes</td>
							<td class="pass">PASS</td>
						
						
						
						

						
							
								
							
								
									
										
											<td class="pass">PASS</td>
											
										
									
										
									
										
									
										
									
										
									
										
									
								
							
								
							
								
							
								
							
						
							
								
							
								
									
										
									
										
											<td class="pass">PASS</td>
											
										
									
										
									
										
									
										
									
										
									
								
							
								
							
								
							
								
							
						
							
								
							
								
									
										
									
										
									
										
											
											<td class="fail">FAIL</td>
										
									
										
									
										
									
										
									
								
							
								
							
								
							
								
							
						
							
								
							
								
									
										
									
										
									
										
									
										
											
											<td class="fail">FAIL</td>
										
									
										
									
										
									
								
							
								
							
								
							
								
							
						
							
								
							
								
									
										
									
										
									
										
									
										
									
										
											<td class="pass">PASS</td>
											
										
									
										
									
								
							
								
							
								
							
								
							
						
							
								
							
								
									
										
									
										
									
										
									
										
									
										
									
										
											<td class="pass">PASS</td>
											
										
									
								
							
								
							
								
							
								
							
						
					</tr>
					
					<tr>
						<td>
							<a href="#arduino%3amegaavr%3anona4809"><b>arduino:megaavr:nona4809</b></a>
							<br />
							<small>1.8.7</small>
						</td>

						
							<td>Yes</td>
							<td class="pass">PASS</td>
						
						
						
						

						
							
								
							
								
							
								
									
										
											<td class="pass">PASS</td>
											
										
									
										
									
										
									
										
									
										
									
										
									
								
							
								
							
								
							
						
							
								
							
								
							
								
									
										
									
										
											<td class="pass">PASS</td>
											
										
									
										
									
										
									
										
									
										
									
								
							
								
							
								
							
						
							
								
							
								
							
								
									
										
									
										
									
										
											
											<td class="fail">FAIL</td>
										
									
										
									
										
									
										
									
								
							
								
							
								
							
						
							
								
							
								
							
								
									
										
									
										
									
										
									
										
											<td class="pass">PASS</td>
											
										
									
										
									
										
									
								
							
								
							
								
							
						
							
								
							
								
							
								
									
										
									
										
									
										
									
										
									
										
											<td class="pass">PASS</td>
											
										
									
										
									
								
							
								
							
								
							
						
							
								
							
								
							
								
									
										
									
										
									
										
									
										
									
										
									
										
											<td class="pass">PASS</td>
											
										
									
								
							
								
							
								
							
						
					</tr>
					
					<tr>
						<td>
							<a href="#arduino%3asamd%3amkrwifi1010"><b>arduino:samd:mkrwifi1010</b></a>
							<br />
							<small>1.8.12</small>
						</td>

						
							<td>Yes</td>
							<td class="pass">PASS</td>
						
						
						
						

						
							
								
							
								
							
								
							
								
									
										
											<td class="pass">PASS</td>
											
										
									
										
									
										
									
										
									
										
									
										
									
								
							
								
							
						
							
								
							
								
							
								
							
								
									
										
									
										
											<td class="pass">PASS</td>
											
										
									
										
									
										
									
										
									
										
									
								
							
								
							
						
							
								
							
								
							
								
							
								
									
										
									
										
									
										
											
											<td class="fail">FAIL</td>
										
									
										
									
										
									
										
									
								
							
								
							
						
							
								
							
								
							
								
							
								
									
										
									
										
									
										
									
										
											<td class="pass">PASS</td>
											
										
									
										
									
										
									
								
							
								
							
						
							
								
							
								
							
								
							
								
									
										
									
										
									
										
									
										
									
										
											<td class="pass">PASS</td>
											
										
									
										
									
								
							
								
							
						
							
								
							
								
							
								
							
								
									
										
									
										
									
										
									
										
									
										
									
										
											<td class="pass">PASS</td>
											
										
									
								
							
								
							
						
					</tr>
					
					<tr>
						<td>
							<a href="#esp32%3aesp32%3ad1_mini32"><b>esp32:esp32:d1_mini32</b></a>
							<br />
							<small>1.0.6</small>
						</td>

						
							<td>Yes</td>
							<td class="pass">PASS</td>
						
						
						
						

						
							
								
							
								
							
								
							
								
							
								
									
										
											<td class="pass">PASS</td>
											
										
									
										
									
										
									
										
									
										
									
										
									
								
							
						
							
								
							
								
							
								
							
								
							
								
									
										
									
										
											<td class="pass">PASS</td>
											
										
									
										
									
										
									
										
									
										
									
								
							
						
							
								
							
								
							
								
							
								
							
								
									
										
									
										
									
										
											
											<td class="fail">FAIL</td>
										
									
										
									
										
									
										
									
								
							
						
							
								
							
								
							
								
							
								
							
								
									
										
									
										
									
										
									
										
											
											<td class="fail">FAIL</td>
										
									
										
									
										
									
								
							
						
							
								
							
								
							
								
							
								
							
								
									
										
									
										
									
										
									
										
									
										
											<td class="pass">PASS</td>
											
										
									
										
									
								
							
						
							
								
							
								
							
								
							
								
							
								
									
										
									
										
									
										
									
										
									
										
									
										
											<td class="pass">PASS</td>
											
										
									
								
							
						
					</tr>
					
				</table>

				<h2>Compilation logs</h2>
				
				<h3 id="arduino:avr:uno">arduino:avr:uno @ 1.8.4</h3>
				<h4>Inclusion</h4>
				<p>
					Result: <b>PASS</b>
					
				</p>
				<pre class="pre-scrollable">Sketch uses 444 bytes (1%) of program storage space. Maximum is 32256 bytes.
Global variables use 9 bytes (0%) of dynamic memory, leaving 2039 bytes for local variables. Maximum is 2048 bytes.
</pre>

					
					<h4>examples/SEN30005_MAX31856_example</h4>
					<p>
						Result: <b>PASS</b>
					</p>
					<pre class="pre-scrollable">Sketch uses 4928 bytes (15%) of program storage space. Maximum is 32256 bytes.
Global variables use 229 bytes (11%) of dynamic memory, leaving 1819 bytes for local variables. Maximum is 2048 bytes.
</pre>
					
					<h4>examples/SEN30006_MAX31856_example</h4>
					<p>
						Result: <b>PASS</b>
					</p>
					<pre class="pre-scrollable">Sketch uses 5030 bytes (15%) of program storage space. Maximum is 32256 bytes.
Global variables use 243 bytes (11%) of dynamic memory, leaving 1805 bytes for local variables. Maximum is 2048 bytes.
</pre>
					
					<h4>examples/SEN30007_8_DodecaMAX31856_Logger_example</h4>
					<p>
						Result: <b>FAIL</b>
					</p>
					<pre class="pre-scrollable">/home/ec2-user/arduino-testlib/cli-datadir/user/libraries/PWFusion_MAX31856/examples/SEN30007_8_DodecaMAX31856_Logger_example/SEN30007_8_DodecaMAX31856_Logger_example.ino:94:1: error: &#39;RTC_MCP79410&#39; does not name a type
 RTC_MCP79410 rtc;
 ^~~~~~~~~~~~
/home/ec2-user/arduino-testlib/cli-datadir/user/libraries/PWFusion_MAX31856/examples/SEN30007_8_DodecaMAX31856_Logger_example/SEN30007_8_DodecaMAX31856_Logger_example.ino: In function &#39;void setup()&#39;:
/home/ec2-user/arduino-testlib/cli-datadir/user/libraries/PWFusion_MAX31856/examples/SEN30007_8_DodecaMAX31856_Logger_example/SEN30007_8_DodecaMAX31856_Logger_example.ino:119:9: error: &#39;rtc&#39; was not declared in this scope
   if (! rtc.begin()) {
         ^~~
/home/ec2-user/arduino-testlib/cli-datadir/user/libraries/PWFusion_MAX31856/examples/SEN30007_8_DodecaMAX31856_Logger_example/SEN30007_8_DodecaMAX31856_Logger_example.ino:119:9: note: suggested alternative: &#39;getc&#39;
   if (! rtc.begin()) {
         ^~~
         getc
/home/ec2-user/arduino-testlib/cli-datadir/user/libraries/PWFusion_MAX31856/examples/SEN30007_8_DodecaMAX31856_Logger_example/SEN30007_8_DodecaMAX31856_Logger_example.ino:127:9: error: &#39;rtc&#39; was not declared in this scope
   if (! rtc.isrunning()) {
         ^~~
/home/ec2-user/arduino-testlib/cli-datadir/user/libraries/PWFusion_MAX31856/examples/SEN30007_8_DodecaMAX31856_Logger_example/SEN30007_8_DodecaMAX31856_Logger_example.ino:127:9: note: suggested alternative: &#39;getc&#39;
   if (! rtc.isrunning()) {
         ^~~
         getc
/home/ec2-user/arduino-testlib/cli-datadir/user/libraries/PWFusion_MAX31856/examples/SEN30007_8_DodecaMAX31856_Logger_example/SEN30007_8_DodecaMAX31856_Logger_example.ino:131:52: error: &#39;MCP7941X_BATT_BKUP_EN&#39; was not declared in this scope
     rtc.adjust(DateTime(F(__DATE__), F(__TIME__)), MCP7941X_BATT_BKUP_EN);
                                                    ^~~~~~~~~~~~~~~~~~~~~
/home/ec2-user/arduino-testlib/cli-datadir/user/libraries/PWFusion_MAX31856/examples/SEN30007_8_DodecaMAX31856_Logger_example/SEN30007_8_DodecaMAX31856_Logger_example.ino: In function &#39;void loop()&#39;:
/home/ec2-user/arduino-testlib/cli-datadir/user/libraries/PWFusion_MAX31856/examples/SEN30007_8_DodecaMAX31856_Logger_example/SEN30007_8_DodecaMAX31856_Logger_example.ino:207:20: error: &#39;rtc&#39; was not declared in this scope
     DateTime now = rtc.now();
                    ^~~
/home/ec2-user/arduino-testlib/cli-datadir/user/libraries/PWFusion_MAX31856/examples/SEN30007_8_DodecaMAX31856_Logger_example/SEN30007_8_DodecaMAX31856_Logger_example.ino:207:20: note: suggested alternative: &#39;getc&#39;
     DateTime now = rtc.now();
                    ^~~
                    getc
Multiple libraries were found for &#34;RTClib.h&#34;
  Used: /home/ec2-user/arduino-testlib/cli-datadir/user/libraries/RTClib
  Not used: /home/ec2-user/arduino-testlib/cli-datadir/user/libraries/BasicsLibrary
  Not used: /home/ec2-user/arduino-testlib/cli-datadir/user/libraries/RTCLib_by_NeiroN
</pre>
					
					<h4>examples/SEN30007_8_DodecaMAX31856_example</h4>
					<p>
						Result: <b>PASS</b>
					</p>
					<pre class="pre-scrollable">Sketch uses 5124 bytes (15%) of program storage space. Maximum is 32256 bytes.
Global variables use 373 bytes (18%) of dynamic memory, leaving 1675 bytes for local variables. Maximum is 2048 bytes.
</pre>
					
					<h4>examples/SEN30007_8_MAX31856_1shot_example</h4>
					<p>
						Result: <b>PASS</b>
					</p>
					<pre class="pre-scrollable">Sketch uses 5122 bytes (15%) of program storage space. Maximum is 32256 bytes.
Global variables use 269 bytes (13%) of dynamic memory, leaving 1779 bytes for local variables. Maximum is 2048 bytes.
</pre>
					
					<h4>examples/SEN30007_8_QuadMAX31856_example</h4>
					<p>
						Result: <b>PASS</b>
					</p>
					<pre class="pre-scrollable">Sketch uses 5074 bytes (15%) of program storage space. Maximum is 32256 bytes.
Global variables use 269 bytes (13%) of dynamic memory, leaving 1779 bytes for local variables. Maximum is 2048 bytes.
</pre>
					
				
				<h3 id="arduino:mbed_nano:nanorp2040connect">arduino:mbed_nano:nanorp2040connect @ 2.7.2</h3>
				<h4>Inclusion</h4>
				<p>
					Result: <b>PASS</b>
					
				</p>
				<pre class="pre-scrollable">Sketch uses 80722 bytes (0%) of program storage space. Maximum is 16777216 bytes.
Global variables use 43616 bytes (16%) of dynamic memory, leaving 226720 bytes for local variables. Maximum is 270336 bytes.
</pre>

					
					<h4>examples/SEN30005_MAX31856_example</h4>
					<p>
						Result: <b>PASS</b>
					</p>
					<pre class="pre-scrollable">Sketch uses 83864 bytes (0%) of program storage space. Maximum is 16777216 bytes.
Global variables use 43644 bytes (16%) of dynamic memory, leaving 226692 bytes for local variables. Maximum is 270336 bytes.
</pre>
					
					<h4>examples/SEN30006_MAX31856_example</h4>
					<p>
						Result: <b>PASS</b>
					</p>
					<pre class="pre-scrollable">Sketch uses 84058 bytes (0%) of program storage space. Maximum is 16777216 bytes.
Global variables use 43668 bytes (16%) of dynamic memory, leaving 226668 bytes for local variables. Maximum is 270336 bytes.
</pre>
					
					<h4>examples/SEN30007_8_DodecaMAX31856_Logger_example</h4>
					<p>
						Result: <b>FAIL</b>
					</p>
					<pre class="pre-scrollable">/home/ec2-user/arduino-testlib/cli-datadir/user/libraries/PWFusion_MAX31856/examples/SEN30007_8_DodecaMAX31856_Logger_example/SEN30007_8_DodecaMAX31856_Logger_example.ino:94:1: error: &#39;RTC_MCP79410&#39; does not name a type
 RTC_MCP79410 rtc;
 ^~~~~~~~~~~~
/home/ec2-user/arduino-testlib/cli-datadir/user/libraries/PWFusion_MAX31856/examples/SEN30007_8_DodecaMAX31856_Logger_example/SEN30007_8_DodecaMAX31856_Logger_example.ino:335:5: error: expected constructor, destructor, or type conversion before &#39;(&#39; token
 ISR(TIMER2_COMPA_vect){
     ^
/home/ec2-user/arduino-testlib/cli-datadir/user/libraries/PWFusion_MAX31856/examples/SEN30007_8_DodecaMAX31856_Logger_example/SEN30007_8_DodecaMAX31856_Logger_example.ino: In function &#39;void setup()&#39;:
/home/ec2-user/arduino-testlib/cli-datadir/user/libraries/PWFusion_MAX31856/examples/SEN30007_8_DodecaMAX31856_Logger_example/SEN30007_8_DodecaMAX31856_Logger_example.ino:119:9: error: &#39;rtc&#39; was not declared in this scope
   if (! rtc.begin()) {
         ^~~
/home/ec2-user/arduino-testlib/cli-datadir/user/libraries/PWFusion_MAX31856/examples/SEN30007_8_DodecaMAX31856_Logger_example/SEN30007_8_DodecaMAX31856_Logger_example.ino:127:9: error: &#39;rtc&#39; was not declared in this scope
   if (! rtc.isrunning()) {
         ^~~
/home/ec2-user/arduino-testlib/cli-datadir/user/libraries/PWFusion_MAX31856/examples/SEN30007_8_DodecaMAX31856_Logger_example/SEN30007_8_DodecaMAX31856_Logger_example.ino:131:52: error: &#39;MCP7941X_BATT_BKUP_EN&#39; was not declared in this scope
     rtc.adjust(DateTime(F(__DATE__), F(__TIME__)), MCP7941X_BATT_BKUP_EN);
                                                    ^~~~~~~~~~~~~~~~~~~~~
/home/ec2-user/arduino-testlib/cli-datadir/user/libraries/PWFusion_MAX31856/examples/SEN30007_8_DodecaMAX31856_Logger_example/SEN30007_8_DodecaMAX31856_Logger_example.ino:140:7: error: &#39;class arduino::MbedSPI&#39; has no member named &#39;setDataMode&#39;
   SPI.setDataMode(SPI_MODE0);             // SD card is a Mode 0 device
       ^~~~~~~~~~~
/home/ec2-user/arduino-testlib/cli-datadir/user/libraries/PWFusion_MAX31856/examples/SEN30007_8_DodecaMAX31856_Logger_example/SEN30007_8_DodecaMAX31856_Logger_example.ino: In function &#39;void loop()&#39;:
/home/ec2-user/arduino-testlib/cli-datadir/user/libraries/PWFusion_MAX31856/examples/SEN30007_8_DodecaMAX31856_Logger_example/SEN30007_8_DodecaMAX31856_Logger_example.ino:204:9: error: &#39;class arduino::MbedSPI&#39; has no member named &#39;setDataMode&#39;
     SPI.setDataMode(SPI_MODE0);             // SD card is a Mode 0 device
         ^~~~~~~~~~~
/home/ec2-user/arduino-testlib/cli-datadir/user/libraries/PWFusion_MAX31856/examples/SEN30007_8_DodecaMAX31856_Logger_example/SEN30007_8_DodecaMAX31856_Logger_example.ino:207:20: error: &#39;rtc&#39; was not declared in this scope
     DateTime now = rtc.now();
                    ^~~
/home/ec2-user/arduino-testlib/cli-datadir/user/libraries/PWFusion_MAX31856/examples/SEN30007_8_DodecaMAX31856_Logger_example/SEN30007_8_DodecaMAX31856_Logger_example.ino: In function &#39;void timer_interval_config()&#39;:
/home/ec2-user/arduino-testlib/cli-datadir/user/libraries/PWFusion_MAX31856/examples/SEN30007_8_DodecaMAX31856_Logger_example/SEN30007_8_DodecaMAX31856_Logger_example.ino:318:3: error: &#39;cli&#39; was not declared in this scope
   cli();
   ^~~
/home/ec2-user/arduino-testlib/cli-datadir/user/libraries/PWFusion_MAX31856/examples/SEN30007_8_DodecaMAX31856_Logger_example/SEN30007_8_DodecaMAX31856_Logger_example.ino:320:3: error: &#39;TCCR2A&#39; was not declared in this scope
   TCCR2A = 0;// set entire TCCR2A register to 0
   ^~~~~~
/home/ec2-user/arduino-testlib/cli-datadir/user/libraries/PWFusion_MAX31856/examples/SEN30007_8_DodecaMAX31856_Logger_example/SEN30007_8_DodecaMAX31856_Logger_example.ino:321:3: error: &#39;TCCR2B&#39; was not declared in this scope
   TCCR2B = 0;// same for TCCR2B
   ^~~~~~
/home/ec2-user/arduino-testlib/cli-datadir/user/libraries/PWFusion_MAX31856/examples/SEN30007_8_DodecaMAX31856_Logger_example/SEN30007_8_DodecaMAX31856_Logger_example.ino:322:3: error: &#39;TCNT2&#39; was not declared in this scope
   TCNT2  = 0;//initialize counter value to 0
   ^~~~~
/home/ec2-user/arduino-testlib/cli-datadir/user/libraries/PWFusion_MAX31856/examples/SEN30007_8_DodecaMAX31856_Logger_example/SEN30007_8_DodecaMAX31856_Logger_example.ino:322:3: note: suggested alternative: &#39;SCNo32&#39;
   TCNT2  = 0;//initialize counter value to 0
   ^~~~~
   SCNo32
/home/ec2-user/arduino-testlib/cli-datadir/user/libraries/PWFusion_MAX31856/examples/SEN30007_8_DodecaMAX31856_Logger_example/SEN30007_8_DodecaMAX31856_Logger_example.ino:324:3: error: &#39;OCR2A&#39; was not declared in this scope
   OCR2A = 155;// = (16*10^6) / (100*1024) - 1 (must be &lt;256)
   ^~~~~
/home/ec2-user/arduino-testlib/cli-datadir/user/libraries/PWFusion_MAX31856/examples/SEN30007_8_DodecaMAX31856_Logger_example/SEN30007_8_DodecaMAX31856_Logger_example.ino:324:3: note: suggested alternative: &#39;O_CREAT&#39;
   OCR2A = 155;// = (16*10^6) / (100*1024) - 1 (must be &lt;256)
   ^~~~~
   O_CREAT
/home/ec2-user/arduino-testlib/cli-datadir/user/libraries/PWFusion_MAX31856/examples/SEN30007_8_DodecaMAX31856_Logger_example/SEN30007_8_DodecaMAX31856_Logger_example.ino:326:19: error: &#39;WGM01&#39; was not declared in this scope
   TCCR2A |= (1 &lt;&lt; WGM01);
                   ^~~~~
/home/ec2-user/arduino-testlib/cli-datadir/user/libraries/PWFusion_MAX31856/examples/SEN30007_8_DodecaMAX31856_Logger_example/SEN30007_8_DodecaMAX31856_Logger_example.ino:328:19: error: &#39;CS22&#39; was not declared in this scope
   TCCR2B |= (1 &lt;&lt; CS22) | (1 &lt;&lt; CS21) | (1 &lt;&lt; CS20);
                   ^~~~
/home/ec2-user/arduino-testlib/cli-datadir/user/libraries/PWFusion_MAX31856/examples/SEN30007_8_DodecaMAX31856_Logger_example/SEN30007_8_DodecaMAX31856_Logger_example.ino:328:19: note: suggested alternative: &#39;CSDV2&#39;
   TCCR2B |= (1 &lt;&lt; CS22) | (1 &lt;&lt; CS21) | (1 &lt;&lt; CS20);
                   ^~~~
                   CSDV2
/home/ec2-user/arduino-testlib/cli-datadir/user/libraries/PWFusion_MAX31856/examples/SEN30007_8_DodecaMAX31856_Logger_example/SEN30007_8_DodecaMAX31856_Logger_example.ino:328:33: error: &#39;CS21&#39; was not declared in this scope
   TCCR2B |= (1 &lt;&lt; CS22) | (1 &lt;&lt; CS21) | (1 &lt;&lt; CS20);
                                 ^~~~
/home/ec2-user/arduino-testlib/cli-datadir/user/libraries/PWFusion_MAX31856/examples/SEN30007_8_DodecaMAX31856_Logger_example/SEN30007_8_DodecaMAX31856_Logger_example.ino:328:33: note: suggested alternative: &#39;CSDV1&#39;
   TCCR2B |= (1 &lt;&lt; CS22) | (1 &lt;&lt; CS21) | (1 &lt;&lt; CS20);
                                 ^~~~
                                 CSDV1
/home/ec2-user/arduino-testlib/cli-datadir/user/libraries/PWFusion_MAX31856/examples/SEN30007_8_DodecaMAX31856_Logger_example/SEN30007_8_DodecaMAX31856_Logger_example.ino:328:47: error: &#39;CS20&#39; was not declared in this scope
   TCCR2B |= (1 &lt;&lt; CS22) | (1 &lt;&lt; CS21) | (1 &lt;&lt; CS20);
                                               ^~~~
/home/ec2-user/arduino-testlib/cli-datadir/user/libraries/PWFusion_MAX31856/examples/SEN30007_8_DodecaMAX31856_Logger_example/SEN30007_8_DodecaMAX31856_Logger_example.ino:328:47: note: suggested alternative: &#39;CMD0&#39;
   TCCR2B |= (1 &lt;&lt; CS22) | (1 &lt;&lt; CS21) | (1 &lt;&lt; CS20);
                                               ^~~~
                                               CMD0
/home/ec2-user/arduino-testlib/cli-datadir/user/libraries/PWFusion_MAX31856/examples/SEN30007_8_DodecaMAX31856_Logger_example/SEN30007_8_DodecaMAX31856_Logger_example.ino:330:3: error: &#39;TIMSK2&#39; was not declared in this scope
   TIMSK2 |= (1 &lt;&lt; OCIE2A);
   ^~~~~~
/home/ec2-user/arduino-testlib/cli-datadir/user/libraries/PWFusion_MAX31856/examples/SEN30007_8_DodecaMAX31856_Logger_example/SEN30007_8_DodecaMAX31856_Logger_example.ino:330:3: note: suggested alternative: &#39;TIMER&#39;
   TIMSK2 |= (1 &lt;&lt; OCIE2A);
   ^~~~~~
   TIMER
/home/ec2-user/arduino-testlib/cli-datadir/user/libraries/PWFusion_MAX31856/examples/SEN30007_8_DodecaMAX31856_Logger_example/SEN30007_8_DodecaMAX31856_Logger_example.ino:330:19: error: &#39;OCIE2A&#39; was not declared in this scope
   TIMSK2 |= (1 &lt;&lt; OCIE2A);
                   ^~~~~~
/home/ec2-user/arduino-testlib/cli-datadir/user/libraries/PWFusion_MAX31856/examples/SEN30007_8_DodecaMAX31856_Logger_example/SEN30007_8_DodecaMAX31856_Logger_example.ino:331:3: error: &#39;sei&#39; was not declared in this scope
   sei();//allow interrupts for timer to work
   ^~~
/home/ec2-user/arduino-testlib/cli-datadir/user/libraries/PWFusion_MAX31856/examples/SEN30007_8_DodecaMAX31856_Logger_example/SEN30007_8_DodecaMAX31856_Logger_example.ino: At global scope:
/home/ec2-user/arduino-testlib/cli-datadir/user/libraries/PWFusion_MAX31856/examples/SEN30007_8_DodecaMAX31856_Logger_example/SEN30007_8_DodecaMAX31856_Logger_example.ino:335:4: error: expected constructor, destructor, or type conversion before &#39;(&#39; token
 ISR(TIMER2_COMPA_vect){
    ^
Multiple libraries were found for &#34;RTClib.h&#34;
  Used: /home/ec2-user/arduino-testlib/cli-datadir/user/libraries/RTClib
  Not used: /home/ec2-user/arduino-testlib/cli-datadir/user/libraries/BasicsLibrary
  Not used: /home/ec2-user/arduino-testlib/cli-datadir/user/libraries/RTCLib_by_NeiroN
</pre>
					
					<h4>examples/SEN30007_8_DodecaMAX31856_example</h4>
					<p>
						Result: <b>FAIL</b>
					</p>
					<pre class="pre-scrollable">In function &#39;void __static_initialization_and_destruction_0(int, int)&#39;,
    inlined from &#39;(static initializers for /home/ec2-user/arduino-testlib/cli-datadir/user/libraries/PWFusion_MAX31856/examples/SEN30007_8_DodecaMAX31856_example/SEN30007_8_DodecaMAX31856_example.ino)&#39; at /home/ec2-user/arduino-testlib/cli-datadir/user/libraries/PWFusion_MAX31856/examples/SEN30007_8_DodecaMAX31856_example/SEN30007_8_DodecaMAX31856_example.ino:164:1:
/home/ec2-user/arduino-testlib/cli-datadir/user/libraries/PWFusion_MAX31856/examples/SEN30007_8_DodecaMAX31856_example/SEN30007_8_DodecaMAX31856_example.ino:75:69: error: call to &#39;NinaPin::operator int&#39; declared with attribute error: Change me to a #define
 uint8_t tcChipSelects[] = {10, 9, 8, 7, 4, 3, 18, A5, A0, A1, A2, A3};  // define chip select pins for each thermocouple
                                                                     ^

</pre>
					
					<h4>examples/SEN30007_8_MAX31856_1shot_example</h4>
					<p>
						Result: <b>PASS</b>
					</p>
					<pre class="pre-scrollable">Sketch uses 84100 bytes (0%) of program storage space. Maximum is 16777216 bytes.
Global variables use 43716 bytes (16%) of dynamic memory, leaving 226620 bytes for local variables. Maximum is 270336 bytes.
</pre>
					
					<h4>examples/SEN30007_8_QuadMAX31856_example</h4>
					<p>
						Result: <b>PASS</b>
					</p>
					<pre class="pre-scrollable">Sketch uses 84066 bytes (0%) of program storage space. Maximum is 16777216 bytes.
Global variables use 43716 bytes (16%) of dynamic memory, leaving 226620 bytes for local variables. Maximum is 270336 bytes.
</pre>
					
				
				<h3 id="arduino:megaavr:nona4809">arduino:megaavr:nona4809 @ 1.8.7</h3>
				<h4>Inclusion</h4>
				<p>
					Result: <b>PASS</b>
					
				</p>
				<pre class="pre-scrollable">Sketch uses 3246 bytes (6%) of program storage space. Maximum is 49152 bytes.
Global variables use 40 bytes (0%) of dynamic memory, leaving 6104 bytes for local variables. Maximum is 6144 bytes.
</pre>

					
					<h4>examples/SEN30005_MAX31856_example</h4>
					<p>
						Result: <b>PASS</b>
					</p>
					<pre class="pre-scrollable">Sketch uses 8079 bytes (16%) of program storage space. Maximum is 49152 bytes.
Global variables use 279 bytes (4%) of dynamic memory, leaving 5865 bytes for local variables. Maximum is 6144 bytes.
</pre>
					
					<h4>examples/SEN30006_MAX31856_example</h4>
					<p>
						Result: <b>PASS</b>
					</p>
					<pre class="pre-scrollable">Sketch uses 8135 bytes (16%) of program storage space. Maximum is 49152 bytes.
Global variables use 297 bytes (4%) of dynamic memory, leaving 5847 bytes for local variables. Maximum is 6144 bytes.
</pre>
					
					<h4>examples/SEN30007_8_DodecaMAX31856_Logger_example</h4>
					<p>
						Result: <b>FAIL</b>
					</p>
					<pre class="pre-scrollable">/home/ec2-user/arduino-testlib/cli-datadir/user/libraries/PWFusion_MAX31856/examples/SEN30007_8_DodecaMAX31856_Logger_example/SEN30007_8_DodecaMAX31856_Logger_example.ino:94:1: error: &#39;RTC_MCP79410&#39; does not name a type
 RTC_MCP79410 rtc;
 ^~~~~~~~~~~~
/home/ec2-user/arduino-testlib/cli-datadir/user/libraries/PWFusion_MAX31856/examples/SEN30007_8_DodecaMAX31856_Logger_example/SEN30007_8_DodecaMAX31856_Logger_example.ino: In function &#39;void setup()&#39;:
/home/ec2-user/arduino-testlib/cli-datadir/user/libraries/PWFusion_MAX31856/examples/SEN30007_8_DodecaMAX31856_Logger_example/SEN30007_8_DodecaMAX31856_Logger_example.ino:119:9: error: &#39;rtc&#39; was not declared in this scope
   if (! rtc.begin()) {
         ^~~
/home/ec2-user/arduino-testlib/cli-datadir/user/libraries/PWFusion_MAX31856/examples/SEN30007_8_DodecaMAX31856_Logger_example/SEN30007_8_DodecaMAX31856_Logger_example.ino:119:9: note: suggested alternative: &#39;getc&#39;
   if (! rtc.begin()) {
         ^~~
         getc
/home/ec2-user/arduino-testlib/cli-datadir/user/libraries/PWFusion_MAX31856/examples/SEN30007_8_DodecaMAX31856_Logger_example/SEN30007_8_DodecaMAX31856_Logger_example.ino:127:9: error: &#39;rtc&#39; was not declared in this scope
   if (! rtc.isrunning()) {
         ^~~
/home/ec2-user/arduino-testlib/cli-datadir/user/libraries/PWFusion_MAX31856/examples/SEN30007_8_DodecaMAX31856_Logger_example/SEN30007_8_DodecaMAX31856_Logger_example.ino:127:9: note: suggested alternative: &#39;getc&#39;
   if (! rtc.isrunning()) {
         ^~~
         getc
/home/ec2-user/arduino-testlib/cli-datadir/user/libraries/PWFusion_MAX31856/examples/SEN30007_8_DodecaMAX31856_Logger_example/SEN30007_8_DodecaMAX31856_Logger_example.ino:131:52: error: &#39;MCP7941X_BATT_BKUP_EN&#39; was not declared in this scope
     rtc.adjust(DateTime(F(__DATE__), F(__TIME__)), MCP7941X_BATT_BKUP_EN);
                                                    ^~~~~~~~~~~~~~~~~~~~~
/home/ec2-user/arduino-testlib/cli-datadir/user/libraries/PWFusion_MAX31856/examples/SEN30007_8_DodecaMAX31856_Logger_example/SEN30007_8_DodecaMAX31856_Logger_example.ino: In function &#39;void loop()&#39;:
/home/ec2-user/arduino-testlib/cli-datadir/user/libraries/PWFusion_MAX31856/examples/SEN30007_8_DodecaMAX31856_Logger_example/SEN30007_8_DodecaMAX31856_Logger_example.ino:207:20: error: &#39;rtc&#39; was not declared in this scope
     DateTime now = rtc.now();
                    ^~~
/home/ec2-user/arduino-testlib/cli-datadir/user/libraries/PWFusion_MAX31856/examples/SEN30007_8_DodecaMAX31856_Logger_example/SEN30007_8_DodecaMAX31856_Logger_example.ino:207:20: note: suggested alternative: &#39;getc&#39;
     DateTime now = rtc.now();
                    ^~~
                    getc
/home/ec2-user/arduino-testlib/cli-datadir/user/libraries/PWFusion_MAX31856/examples/SEN30007_8_DodecaMAX31856_Logger_example/SEN30007_8_DodecaMAX31856_Logger_example.ino: In function &#39;void timer_interval_config()&#39;:
/home/ec2-user/arduino-testlib/cli-datadir/user/libraries/PWFusion_MAX31856/examples/SEN30007_8_DodecaMAX31856_Logger_example/SEN30007_8_DodecaMAX31856_Logger_example.ino:320:3: error: &#39;TCCR2A&#39; was not declared in this scope
   TCCR2A = 0;// set entire TCCR2A register to 0
   ^~~~~~
/home/ec2-user/arduino-testlib/cli-datadir/user/libraries/PWFusion_MAX31856/examples/SEN30007_8_DodecaMAX31856_Logger_example/SEN30007_8_DodecaMAX31856_Logger_example.ino:320:3: note: suggested alternative: &#39;TCB2&#39;
   TCCR2A = 0;// set entire TCCR2A register to 0
   ^~~~~~
   TCB2
/home/ec2-user/arduino-testlib/cli-datadir/user/libraries/PWFusion_MAX31856/examples/SEN30007_8_DodecaMAX31856_Logger_example/SEN30007_8_DodecaMAX31856_Logger_example.ino:321:3: error: &#39;TCCR2B&#39; was not declared in this scope
   TCCR2B = 0;// same for TCCR2B
   ^~~~~~
/home/ec2-user/arduino-testlib/cli-datadir/user/libraries/PWFusion_MAX31856/examples/SEN30007_8_DodecaMAX31856_Logger_example/SEN30007_8_DodecaMAX31856_Logger_example.ino:321:3: note: suggested alternative: &#39;TCB2&#39;
   TCCR2B = 0;// same for TCCR2B
   ^~~~~~
   TCB2
/home/ec2-user/arduino-testlib/cli-datadir/user/libraries/PWFusion_MAX31856/examples/SEN30007_8_DodecaMAX31856_Logger_example/SEN30007_8_DodecaMAX31856_Logger_example.ino:322:3: error: &#39;TCNT2&#39; was not declared in this scope
   TCNT2  = 0;//initialize counter value to 0
   ^~~~~
/home/ec2-user/arduino-testlib/cli-datadir/user/libraries/PWFusion_MAX31856/examples/SEN30007_8_DodecaMAX31856_Logger_example/SEN30007_8_DodecaMAX31856_Logger_example.ino:322:3: note: suggested alternative: &#39;TCB2&#39;
   TCNT2  = 0;//initialize counter value to 0
   ^~~~~
   TCB2
/home/ec2-user/arduino-testlib/cli-datadir/user/libraries/PWFusion_MAX31856/examples/SEN30007_8_DodecaMAX31856_Logger_example/SEN30007_8_DodecaMAX31856_Logger_example.ino:324:3: error: &#39;OCR2A&#39; was not declared in this scope
   OCR2A = 155;// = (16*10^6) / (100*1024) - 1 (must be &lt;256)
   ^~~~~
/home/ec2-user/arduino-testlib/cli-datadir/user/libraries/PWFusion_MAX31856/examples/SEN30007_8_DodecaMAX31856_Logger_example/SEN30007_8_DodecaMAX31856_Logger_example.ino:324:3: note: suggested alternative: &#39;O_CREAT&#39;
   OCR2A = 155;// = (16*10^6) / (100*1024) - 1 (must be &lt;256)
   ^~~~~
   O_CREAT
/home/ec2-user/arduino-testlib/cli-datadir/user/libraries/PWFusion_MAX31856/examples/SEN30007_8_DodecaMAX31856_Logger_example/SEN30007_8_DodecaMAX31856_Logger_example.ino:326:19: error: &#39;WGM01&#39; was not declared in this scope
   TCCR2A |= (1 &lt;&lt; WGM01);
                   ^~~~~
/home/ec2-user/arduino-testlib/cli-datadir/user/libraries/PWFusion_MAX31856/examples/SEN30007_8_DodecaMAX31856_Logger_example/SEN30007_8_DodecaMAX31856_Logger_example.ino:328:19: error: &#39;CS22&#39; was not declared in this scope
   TCCR2B |= (1 &lt;&lt; CS22) | (1 &lt;&lt; CS21) | (1 &lt;&lt; CS20);
                   ^~~~
/home/ec2-user/arduino-testlib/cli-datadir/user/libraries/PWFusion_MAX31856/examples/SEN30007_8_DodecaMAX31856_Logger_example/SEN30007_8_DodecaMAX31856_Logger_example.ino:328:19: note: suggested alternative: &#39;CSDV2&#39;
   TCCR2B |= (1 &lt;&lt; CS22) | (1 &lt;&lt; CS21) | (1 &lt;&lt; CS20);
                   ^~~~
                   CSDV2
/home/ec2-user/arduino-testlib/cli-datadir/user/libraries/PWFusion_MAX31856/examples/SEN30007_8_DodecaMAX31856_Logger_example/SEN30007_8_DodecaMAX31856_Logger_example.ino:328:33: error: &#39;CS21&#39; was not declared in this scope
   TCCR2B |= (1 &lt;&lt; CS22) | (1 &lt;&lt; CS21) | (1 &lt;&lt; CS20);
                                 ^~~~
/home/ec2-user/arduino-testlib/cli-datadir/user/libraries/PWFusion_MAX31856/examples/SEN30007_8_DodecaMAX31856_Logger_example/SEN30007_8_DodecaMAX31856_Logger_example.ino:328:33: note: suggested alternative: &#39;CSDV1&#39;
   TCCR2B |= (1 &lt;&lt; CS22) | (1 &lt;&lt; CS21) | (1 &lt;&lt; CS20);
                                 ^~~~
                                 CSDV1
/home/ec2-user/arduino-testlib/cli-datadir/user/libraries/PWFusion_MAX31856/examples/SEN30007_8_DodecaMAX31856_Logger_example/SEN30007_8_DodecaMAX31856_Logger_example.ino:328:47: error: &#39;CS20&#39; was not declared in this scope
   TCCR2B |= (1 &lt;&lt; CS22) | (1 &lt;&lt; CS21) | (1 &lt;&lt; CS20);
                                               ^~~~
/home/ec2-user/arduino-testlib/cli-datadir/user/libraries/PWFusion_MAX31856/examples/SEN30007_8_DodecaMAX31856_Logger_example/SEN30007_8_DodecaMAX31856_Logger_example.ino:328:47: note: suggested alternative: &#39;CMD0&#39;
   TCCR2B |= (1 &lt;&lt; CS22) | (1 &lt;&lt; CS21) | (1 &lt;&lt; CS20);
                                               ^~~~
                                               CMD0
/home/ec2-user/arduino-testlib/cli-datadir/user/libraries/PWFusion_MAX31856/examples/SEN30007_8_DodecaMAX31856_Logger_example/SEN30007_8_DodecaMAX31856_Logger_example.ino:330:3: error: &#39;TIMSK2&#39; was not declared in this scope
   TIMSK2 |= (1 &lt;&lt; OCIE2A);
   ^~~~~~
/home/ec2-user/arduino-testlib/cli-datadir/user/libraries/PWFusion_MAX31856/examples/SEN30007_8_DodecaMAX31856_Logger_example/SEN30007_8_DodecaMAX31856_Logger_example.ino:330:3: note: suggested alternative: &#39;TIMERB2&#39;
   TIMSK2 |= (1 &lt;&lt; OCIE2A);
   ^~~~~~
   TIMERB2
/home/ec2-user/arduino-testlib/cli-datadir/user/libraries/PWFusion_MAX31856/examples/SEN30007_8_DodecaMAX31856_Logger_example/SEN30007_8_DodecaMAX31856_Logger_example.ino:330:19: error: &#39;OCIE2A&#39; was not declared in this scope
   TIMSK2 |= (1 &lt;&lt; OCIE2A);
                   ^~~~~~
Multiple libraries were found for &#34;RTClib.h&#34;
  Used: /home/ec2-user/arduino-testlib/cli-datadir/user/libraries/RTClib
  Not used: /home/ec2-user/arduino-testlib/cli-datadir/user/libraries/BasicsLibrary
  Not used: /home/ec2-user/arduino-testlib/cli-datadir/user/libraries/RTCLib_by_NeiroN
</pre>
					
					<h4>examples/SEN30007_8_DodecaMAX31856_example</h4>
					<p>
						Result: <b>PASS</b>
					</p>
					<pre class="pre-scrollable">Sketch uses 8193 bytes (16%) of program storage space. Maximum is 49152 bytes.
Global variables use 477 bytes (7%) of dynamic memory, leaving 5667 bytes for local variables. Maximum is 6144 bytes.
</pre>
					
					<h4>examples/SEN30007_8_MAX31856_1shot_example</h4>
					<p>
						Result: <b>PASS</b>
					</p>
					<pre class="pre-scrollable">Sketch uses 8211 bytes (16%) of program storage space. Maximum is 49152 bytes.
Global variables use 333 bytes (5%) of dynamic memory, leaving 5811 bytes for local variables. Maximum is 6144 bytes.
</pre>
					
					<h4>examples/SEN30007_8_QuadMAX31856_example</h4>
					<p>
						Result: <b>PASS</b>
					</p>
					<pre class="pre-scrollable">Sketch uses 8163 bytes (16%) of program storage space. Maximum is 49152 bytes.
Global variables use 333 bytes (5%) of dynamic memory, leaving 5811 bytes for local variables. Maximum is 6144 bytes.
</pre>
					
				
				<h3 id="arduino:samd:mkrwifi1010">arduino:samd:mkrwifi1010 @ 1.8.12</h3>
				<h4>Inclusion</h4>
				<p>
					Result: <b>PASS</b>
					
				</p>
				<pre class="pre-scrollable">Sketch uses 13336 bytes (5%) of program storage space. Maximum is 262144 bytes.
Global variables use 3068 bytes (9%) of dynamic memory, leaving 29700 bytes for local variables. Maximum is 32768 bytes.
</pre>

					
					<h4>examples/SEN30005_MAX31856_example</h4>
					<p>
						Result: <b>PASS</b>
					</p>
					<pre class="pre-scrollable">Sketch uses 23792 bytes (9%) of program storage space. Maximum is 262144 bytes.
Global variables use 3108 bytes (9%) of dynamic memory, leaving 29660 bytes for local variables. Maximum is 32768 bytes.
</pre>
					
					<h4>examples/SEN30006_MAX31856_example</h4>
					<p>
						Result: <b>PASS</b>
					</p>
					<pre class="pre-scrollable">Sketch uses 24012 bytes (9%) of program storage space. Maximum is 262144 bytes.
Global variables use 3132 bytes (9%) of dynamic memory, leaving 29636 bytes for local variables. Maximum is 32768 bytes.
</pre>
					
					<h4>examples/SEN30007_8_DodecaMAX31856_Logger_example</h4>
					<p>
						Result: <b>FAIL</b>
					</p>
					<pre class="pre-scrollable">/home/ec2-user/arduino-testlib/cli-datadir/user/libraries/PWFusion_MAX31856/examples/SEN30007_8_DodecaMAX31856_Logger_example/SEN30007_8_DodecaMAX31856_Logger_example.ino:94:1: error: &#39;RTC_MCP79410&#39; does not name a type
 RTC_MCP79410 rtc;
 ^~~~~~~~~~~~
/home/ec2-user/arduino-testlib/cli-datadir/user/libraries/PWFusion_MAX31856/examples/SEN30007_8_DodecaMAX31856_Logger_example/SEN30007_8_DodecaMAX31856_Logger_example.ino:335:5: error: expected constructor, destructor, or type conversion before &#39;(&#39; token
 ISR(TIMER2_COMPA_vect){
     ^
/home/ec2-user/arduino-testlib/cli-datadir/user/libraries/PWFusion_MAX31856/examples/SEN30007_8_DodecaMAX31856_Logger_example/SEN30007_8_DodecaMAX31856_Logger_example.ino: In function &#39;void setup()&#39;:
/home/ec2-user/arduino-testlib/cli-datadir/user/libraries/PWFusion_MAX31856/examples/SEN30007_8_DodecaMAX31856_Logger_example/SEN30007_8_DodecaMAX31856_Logger_example.ino:119:9: error: &#39;rtc&#39; was not declared in this scope
   if (! rtc.begin()) {
         ^~~
/home/ec2-user/arduino-testlib/cli-datadir/user/libraries/PWFusion_MAX31856/examples/SEN30007_8_DodecaMAX31856_Logger_example/SEN30007_8_DodecaMAX31856_Logger_example.ino:119:9: note: suggested alternative: &#39;Rtc&#39;
   if (! rtc.begin()) {
         ^~~
         Rtc
/home/ec2-user/arduino-testlib/cli-datadir/user/libraries/PWFusion_MAX31856/examples/SEN30007_8_DodecaMAX31856_Logger_example/SEN30007_8_DodecaMAX31856_Logger_example.ino:127:9: error: &#39;rtc&#39; was not declared in this scope
   if (! rtc.isrunning()) {
         ^~~
/home/ec2-user/arduino-testlib/cli-datadir/user/libraries/PWFusion_MAX31856/examples/SEN30007_8_DodecaMAX31856_Logger_example/SEN30007_8_DodecaMAX31856_Logger_example.ino:127:9: note: suggested alternative: &#39;Rtc&#39;
   if (! rtc.isrunning()) {
         ^~~
         Rtc
/home/ec2-user/arduino-testlib/cli-datadir/user/libraries/PWFusion_MAX31856/examples/SEN30007_8_DodecaMAX31856_Logger_example/SEN30007_8_DodecaMAX31856_Logger_example.ino:131:52: error: &#39;MCP7941X_BATT_BKUP_EN&#39; was not declared in this scope
     rtc.adjust(DateTime(F(__DATE__), F(__TIME__)), MCP7941X_BATT_BKUP_EN);
                                                    ^~~~~~~~~~~~~~~~~~~~~
/home/ec2-user/arduino-testlib/cli-datadir/user/libraries/PWFusion_MAX31856/examples/SEN30007_8_DodecaMAX31856_Logger_example/SEN30007_8_DodecaMAX31856_Logger_example.ino: In function &#39;void loop()&#39;:
/home/ec2-user/arduino-testlib/cli-datadir/user/libraries/PWFusion_MAX31856/examples/SEN30007_8_DodecaMAX31856_Logger_example/SEN30007_8_DodecaMAX31856_Logger_example.ino:207:20: error: &#39;rtc&#39; was not declared in this scope
     DateTime now = rtc.now();
                    ^~~
/home/ec2-user/arduino-testlib/cli-datadir/user/libraries/PWFusion_MAX31856/examples/SEN30007_8_DodecaMAX31856_Logger_example/SEN30007_8_DodecaMAX31856_Logger_example.ino:207:20: note: suggested alternative: &#39;Rtc&#39;
     DateTime now = rtc.now();
                    ^~~
                    Rtc
/home/ec2-user/arduino-testlib/cli-datadir/user/libraries/PWFusion_MAX31856/examples/SEN30007_8_DodecaMAX31856_Logger_example/SEN30007_8_DodecaMAX31856_Logger_example.ino: In function &#39;void timer_interval_config()&#39;:
/home/ec2-user/arduino-testlib/cli-datadir/user/libraries/PWFusion_MAX31856/examples/SEN30007_8_DodecaMAX31856_Logger_example/SEN30007_8_DodecaMAX31856_Logger_example.ino:318:3: error: &#39;cli&#39; was not declared in this scope
   cli();
   ^~~
/home/ec2-user/arduino-testlib/cli-datadir/user/libraries/PWFusion_MAX31856/examples/SEN30007_8_DodecaMAX31856_Logger_example/SEN30007_8_DodecaMAX31856_Logger_example.ino:318:3: note: suggested alternative: &#39;Gclk&#39;
   cli();
   ^~~
   Gclk
/home/ec2-user/arduino-testlib/cli-datadir/user/libraries/PWFusion_MAX31856/examples/SEN30007_8_DodecaMAX31856_Logger_example/SEN30007_8_DodecaMAX31856_Logger_example.ino:320:3: error: &#39;TCCR2A&#39; was not declared in this scope
   TCCR2A = 0;// set entire TCCR2A register to 0
   ^~~~~~
/home/ec2-user/arduino-testlib/cli-datadir/user/libraries/PWFusion_MAX31856/examples/SEN30007_8_DodecaMAX31856_Logger_example/SEN30007_8_DodecaMAX31856_Logger_example.ino:320:3: note: suggested alternative: &#39;TCC2&#39;
   TCCR2A = 0;// set entire TCCR2A register to 0
   ^~~~~~
   TCC2
/home/ec2-user/arduino-testlib/cli-datadir/user/libraries/PWFusion_MAX31856/examples/SEN30007_8_DodecaMAX31856_Logger_example/SEN30007_8_DodecaMAX31856_Logger_example.ino:321:3: error: &#39;TCCR2B&#39; was not declared in this scope
   TCCR2B = 0;// same for TCCR2B
   ^~~~~~
/home/ec2-user/arduino-testlib/cli-datadir/user/libraries/PWFusion_MAX31856/examples/SEN30007_8_DodecaMAX31856_Logger_example/SEN30007_8_DodecaMAX31856_Logger_example.ino:321:3: note: suggested alternative: &#39;TCC2&#39;
   TCCR2B = 0;// same for TCCR2B
   ^~~~~~
   TCC2
/home/ec2-user/arduino-testlib/cli-datadir/user/libraries/PWFusion_MAX31856/examples/SEN30007_8_DodecaMAX31856_Logger_example/SEN30007_8_DodecaMAX31856_Logger_example.ino:322:3: error: &#39;TCNT2&#39; was not declared in this scope
   TCNT2  = 0;//initialize counter value to 0
   ^~~~~
/home/ec2-user/arduino-testlib/cli-datadir/user/libraries/PWFusion_MAX31856/examples/SEN30007_8_DodecaMAX31856_Logger_example/SEN30007_8_DodecaMAX31856_Logger_example.ino:322:3: note: suggested alternative: &#39;TCC2&#39;
   TCNT2  = 0;//initialize counter value to 0
   ^~~~~
   TCC2
/home/ec2-user/arduino-testlib/cli-datadir/user/libraries/PWFusion_MAX31856/examples/SEN30007_8_DodecaMAX31856_Logger_example/SEN30007_8_DodecaMAX31856_Logger_example.ino:324:3: error: &#39;OCR2A&#39; was not declared in this scope
   OCR2A = 155;// = (16*10^6) / (100*1024) - 1 (must be &lt;256)
   ^~~~~
/home/ec2-user/arduino-testlib/cli-datadir/user/libraries/PWFusion_MAX31856/examples/SEN30007_8_DodecaMAX31856_Logger_example/SEN30007_8_DodecaMAX31856_Logger_example.ino:324:3: note: suggested alternative: &#39;O_CREAT&#39;
   OCR2A = 155;// = (16*10^6) / (100*1024) - 1 (must be &lt;256)
   ^~~~~
   O_CREAT
/home/ec2-user/arduino-testlib/cli-datadir/user/libraries/PWFusion_MAX31856/examples/SEN30007_8_DodecaMAX31856_Logger_example/SEN30007_8_DodecaMAX31856_Logger_example.ino:326:19: error: &#39;WGM01&#39; was not declared in this scope
   TCCR2A |= (1 &lt;&lt; WGM01);
                   ^~~~~
/home/ec2-user/arduino-testlib/cli-datadir/user/libraries/PWFusion_MAX31856/examples/SEN30007_8_DodecaMAX31856_Logger_example/SEN30007_8_DodecaMAX31856_Logger_example.ino:328:19: error: &#39;CS22&#39; was not declared in this scope
   TCCR2B |= (1 &lt;&lt; CS22) | (1 &lt;&lt; CS21) | (1 &lt;&lt; CS20);
                   ^~~~
/home/ec2-user/arduino-testlib/cli-datadir/user/libraries/PWFusion_MAX31856/examples/SEN30007_8_DodecaMAX31856_Logger_example/SEN30007_8_DodecaMAX31856_Logger_example.ino:328:19: note: suggested alternative: &#39;CSDV2&#39;
   TCCR2B |= (1 &lt;&lt; CS22) | (1 &lt;&lt; CS21) | (1 &lt;&lt; CS20);
                   ^~~~
                   CSDV2
/home/ec2-user/arduino-testlib/cli-datadir/user/libraries/PWFusion_MAX31856/examples/SEN30007_8_DodecaMAX31856_Logger_example/SEN30007_8_DodecaMAX31856_Logger_example.ino:328:33: error: &#39;CS21&#39; was not declared in this scope
   TCCR2B |= (1 &lt;&lt; CS22) | (1 &lt;&lt; CS21) | (1 &lt;&lt; CS20);
                                 ^~~~
/home/ec2-user/arduino-testlib/cli-datadir/user/libraries/PWFusion_MAX31856/examples/SEN30007_8_DodecaMAX31856_Logger_example/SEN30007_8_DodecaMAX31856_Logger_example.ino:328:33: note: suggested alternative: &#39;CSDV1&#39;
   TCCR2B |= (1 &lt;&lt; CS22) | (1 &lt;&lt; CS21) | (1 &lt;&lt; CS20);
                                 ^~~~
                                 CSDV1
/home/ec2-user/arduino-testlib/cli-datadir/user/libraries/PWFusion_MAX31856/examples/SEN30007_8_DodecaMAX31856_Logger_example/SEN30007_8_DodecaMAX31856_Logger_example.ino:328:47: error: &#39;CS20&#39; was not declared in this scope
   TCCR2B |= (1 &lt;&lt; CS22) | (1 &lt;&lt; CS21) | (1 &lt;&lt; CS20);
                                               ^~~~
/home/ec2-user/arduino-testlib/cli-datadir/user/libraries/PWFusion_MAX31856/examples/SEN30007_8_DodecaMAX31856_Logger_example/SEN30007_8_DodecaMAX31856_Logger_example.ino:328:47: note: suggested alternative: &#39;CMD0&#39;
   TCCR2B |= (1 &lt;&lt; CS22) | (1 &lt;&lt; CS21) | (1 &lt;&lt; CS20);
                                               ^~~~
                                               CMD0
/home/ec2-user/arduino-testlib/cli-datadir/user/libraries/PWFusion_MAX31856/examples/SEN30007_8_DodecaMAX31856_Logger_example/SEN30007_8_DodecaMAX31856_Logger_example.ino:330:3: error: &#39;TIMSK2&#39; was not declared in this scope
   TIMSK2 |= (1 &lt;&lt; OCIE2A);
   ^~~~~~
/home/ec2-user/arduino-testlib/cli-datadir/user/libraries/PWFusion_MAX31856/examples/SEN30007_8_DodecaMAX31856_Logger_example/SEN30007_8_DodecaMAX31856_Logger_example.ino:330:19: error: &#39;OCIE2A&#39; was not declared in this scope
   TIMSK2 |= (1 &lt;&lt; OCIE2A);
                   ^~~~~~
/home/ec2-user/arduino-testlib/cli-datadir/user/libraries/PWFusion_MAX31856/examples/SEN30007_8_DodecaMAX31856_Logger_example/SEN30007_8_DodecaMAX31856_Logger_example.ino:331:3: error: &#39;sei&#39; was not declared in this scope
   sei();//allow interrupts for timer to work
   ^~~
/home/ec2-user/arduino-testlib/cli-datadir/user/libraries/PWFusion_MAX31856/examples/SEN30007_8_DodecaMAX31856_Logger_example/SEN30007_8_DodecaMAX31856_Logger_example.ino: At global scope:
/home/ec2-user/arduino-testlib/cli-datadir/user/libraries/PWFusion_MAX31856/examples/SEN30007_8_DodecaMAX31856_Logger_example/SEN30007_8_DodecaMAX31856_Logger_example.ino:335:4: error: expected constructor, destructor, or type conversion before &#39;(&#39; token
 ISR(TIMER2_COMPA_vect){
    ^
Multiple libraries were found for &#34;RTClib.h&#34;
  Used: /home/ec2-user/arduino-testlib/cli-datadir/user/libraries/RTClib
  Not used: /home/ec2-user/arduino-testlib/cli-datadir/user/libraries/RTCLib_by_NeiroN
  Not used: /home/ec2-user/arduino-testlib/cli-datadir/user/libraries/BasicsLibrary
</pre>
					
					<h4>examples/SEN30007_8_DodecaMAX31856_example</h4>
					<p>
						Result: <b>PASS</b>
					</p>
					<pre class="pre-scrollable">Sketch uses 24032 bytes (9%) of program storage space. Maximum is 262144 bytes.
Global variables use 3372 bytes (10%) of dynamic memory, leaving 29396 bytes for local variables. Maximum is 32768 bytes.
</pre>
					
					<h4>examples/SEN30007_8_MAX31856_1shot_example</h4>
					<p>
						Result: <b>PASS</b>
					</p>
					<pre class="pre-scrollable">Sketch uses 24088 bytes (9%) of program storage space. Maximum is 262144 bytes.
Global variables use 3180 bytes (9%) of dynamic memory, leaving 29588 bytes for local variables. Maximum is 32768 bytes.
</pre>
					
					<h4>examples/SEN30007_8_QuadMAX31856_example</h4>
					<p>
						Result: <b>PASS</b>
					</p>
					<pre class="pre-scrollable">Sketch uses 24044 bytes (9%) of program storage space. Maximum is 262144 bytes.
Global variables use 3180 bytes (9%) of dynamic memory, leaving 29588 bytes for local variables. Maximum is 32768 bytes.
</pre>
					
				
				<h3 id="esp32:esp32:d1_mini32">esp32:esp32:d1_mini32 @ 1.0.6</h3>
				<h4>Inclusion</h4>
				<p>
					Result: <b>PASS</b>
					
				</p>
				<pre class="pre-scrollable">Sketch uses 198756 bytes (15%) of program storage space. Maximum is 1310720 bytes.
Global variables use 13112 bytes (4%) of dynamic memory, leaving 314568 bytes for local variables. Maximum is 327680 bytes.
</pre>

					
					<h4>examples/SEN30005_MAX31856_example</h4>
					<p>
						Result: <b>PASS</b>
					</p>
					<pre class="pre-scrollable">Sketch uses 209166 bytes (15%) of program storage space. Maximum is 1310720 bytes.
Global variables use 13520 bytes (4%) of dynamic memory, leaving 314160 bytes for local variables. Maximum is 327680 bytes.
</pre>
					
					<h4>examples/SEN30006_MAX31856_example</h4>
					<p>
						Result: <b>PASS</b>
					</p>
					<pre class="pre-scrollable">Sketch uses 209306 bytes (15%) of program storage space. Maximum is 1310720 bytes.
Global variables use 13544 bytes (4%) of dynamic memory, leaving 314136 bytes for local variables. Maximum is 327680 bytes.
</pre>
					
					<h4>examples/SEN30007_8_DodecaMAX31856_Logger_example</h4>
					<p>
						Result: <b>FAIL</b>
					</p>
					<pre class="pre-scrollable">In file included from /home/ec2-user/arduino-testlib/cli-datadir/user/libraries/SD/src/utility/Sd2Card.h:26:0,
                 from /home/ec2-user/arduino-testlib/cli-datadir/user/libraries/SD/src/utility/SdFat.h:29,
                 from /home/ec2-user/arduino-testlib/cli-datadir/user/libraries/SD/src/SD.h:20,
                 from /home/ec2-user/arduino-testlib/cli-datadir/user/libraries/PWFusion_MAX31856/examples/SEN30007_8_DodecaMAX31856_Logger_example/SEN30007_8_DodecaMAX31856_Logger_example.ino:75:
/home/ec2-user/arduino-testlib/cli-datadir/user/libraries/SD/src/utility/Sd2PinMap.h:524:2: error: #error Architecture or board not supported.
 #error Architecture or board not supported.
  ^
Multiple libraries were found for &#34;SD.h&#34;
  Used: /home/ec2-user/arduino-testlib/cli-datadir/user/libraries/SD
  Not used: /home/ec2-user/arduino-testlib/cli-datadir/data/packages/esp32/hardware/esp32/1.0.6/libraries/SD
Multiple libraries were found for &#34;RTClib.h&#34;
  Used: /home/ec2-user/arduino-testlib/cli-datadir/user/libraries/RTClib
  Not used: /home/ec2-user/arduino-testlib/cli-datadir/user/libraries/BasicsLibrary
  Not used: /home/ec2-user/arduino-testlib/cli-datadir/user/libraries/RTCLib_by_NeiroN
</pre>
					
					<h4>examples/SEN30007_8_DodecaMAX31856_example</h4>
					<p>
						Result: <b>FAIL</b>
					</p>
					<pre class="pre-scrollable">/home/ec2-user/arduino-testlib/cli-datadir/user/libraries/PWFusion_MAX31856/examples/SEN30007_8_DodecaMAX31856_example/SEN30007_8_DodecaMAX31856_example.ino:75:59: error: &#39;A1&#39; was not declared in this scope
 uint8_t tcChipSelects[] = {10, 9, 8, 7, 4, 3, 18, A5, A0, A1, A2, A3};  // define chip select pins for each thermocouple
                                                           ^
/home/ec2-user/arduino-testlib/cli-datadir/user/libraries/PWFusion_MAX31856/examples/SEN30007_8_DodecaMAX31856_example/SEN30007_8_DodecaMAX31856_example.ino:75:63: error: &#39;A2&#39; was not declared in this scope
 uint8_t tcChipSelects[] = {10, 9, 8, 7, 4, 3, 18, A5, A0, A1, A2, A3};  // define chip select pins for each thermocouple
                                                               ^

</pre>
					
					<h4>examples/SEN30007_8_MAX31856_1shot_example</h4>
					<p>
						Result: <b>PASS</b>
					</p>
					<pre class="pre-scrollable">Sketch uses 209418 bytes (15%) of program storage space. Maximum is 1310720 bytes.
Global variables use 13592 bytes (4%) of dynamic memory, leaving 314088 bytes for local variables. Maximum is 327680 bytes.
</pre>
					
					<h4>examples/SEN30007_8_QuadMAX31856_example</h4>
					<p>
						Result: <b>PASS</b>
					</p>
					<pre class="pre-scrollable">Sketch uses 209358 bytes (15%) of program storage space. Maximum is 1310720 bytes.
Global variables use 13592 bytes (4%) of dynamic memory, leaving 314088 bytes for local variables. Maximum is 327680 bytes.
</pre>
					
				
			</div>
		</div>
	</div>
  </body>
</html>
