
<!doctype html>
<html lang="en">
  <head>
    <meta charset="utf-8">
    <meta name="viewport" content="width=device-width, initial-scale=1">
    <link href="https://cdn.jsdelivr.net/npm/bootstrap@5.0.2/dist/css/bootstrap.min.css" rel="stylesheet" integrity="sha384-EVSTQN3/azprG1Anm3QDgpJLIm9Nao0Yz1ztcQTwFspd3yD65VohhpuuCOmLASjC" crossorigin="anonymous">
    <title>arduino-testlib report</title>
	<style>
	.pass { background-color: #00FF00 !important; }
	.fail { background-color: #FF0000 !important; }
	</style>
  </head>
  <body>
	<div class="container">
		<div class="row">
			<div class="col">
				<h1>radar-bgt60 - compatibility matrix</h1>
				<p>
					<small>This report was generated on Monday, 21-Feb-22 12:00:25 CET using 
					<a href="https://github.com/alranel/arduino-testlib">arduino-testlib</a>.</small>
				</p>

				<h2>radar-bgt60</h2>
				<p>
					Version: <b>1.1.2</b>
					<br />
					<a href="https://www.arduino.cc/reference/en/libraries/radar-bgt60/">More details</a>
				</p>

				<h2>Compatibility matrix</h2>
				<table class="table table-bordered">
					<tr>
						<th>Board</th>
						<th>Claims compatibility</th>
						<th>Inclusion</th>
						
						<th><pre>interruptMode</pre></th>
						
						<th><pre>motionDetection</pre></th>
						
						<th><pre>trackDirState</pre></th>
						
						<th><pre>trackMotionState</pre></th>
						
						<th><pre>directionDetection</pre></th>
						
					</tr>
					
					<tr>
						<td>
							<a href="#arduino%3aavr%3auno"><b>arduino:avr:uno</b></a>
							<br />
							<small>1.8.4</small>
						</td>

						
							<td>Yes</td>
							<td class="pass">PASS</td>
						
						
						
						

						
							
								
									
										
									
										
											<td class="pass">PASS</td>
											
										
									
										
									
										
									
										
									
								
							
								
							
								
							
								
							
								
							
						
							
								
									
										
									
										
									
										
											<td class="pass">PASS</td>
											
										
									
										
									
										
									
								
							
								
							
								
							
								
							
								
							
						
							
								
									
										
									
										
									
										
									
										
											<td class="pass">PASS</td>
											
										
									
										
									
								
							
								
							
								
							
								
							
								
							
						
							
								
									
										
									
										
									
										
									
										
									
										
											<td class="pass">PASS</td>
											
										
									
								
							
								
							
								
							
								
							
								
							
						
							
								
									
										
											<td class="pass">PASS</td>
											
										
									
										
									
										
									
										
									
										
									
								
							
								
							
								
							
								
							
								
							
						
					</tr>
					
					<tr>
						<td>
							<a href="#arduino%3ambed_nano%3ananorp2040connect"><b>arduino:mbed_nano:nanorp2040connect</b></a>
							<br />
							<small>2.7.2</small>
						</td>

						
							<td>Yes</td>
							<td class="pass">PASS</td>
						
						
						
						

						
							
								
							
								
									
										
									
										
											<td class="pass">PASS</td>
											
										
									
										
									
										
									
										
									
								
							
								
							
								
							
								
							
						
							
								
							
								
									
										
									
										
									
										
											<td class="pass">PASS</td>
											
										
									
										
									
										
									
								
							
								
							
								
							
								
							
						
							
								
							
								
									
										
									
										
									
										
									
										
											<td class="pass">PASS</td>
											
										
									
										
									
								
							
								
							
								
							
								
							
						
							
								
							
								
									
										
									
										
									
										
									
										
									
										
											<td class="pass">PASS</td>
											
										
									
								
							
								
							
								
							
								
							
						
							
								
							
								
									
										
											<td class="pass">PASS</td>
											
										
									
										
									
										
									
										
									
										
									
								
							
								
							
								
							
								
							
						
					</tr>
					
					<tr>
						<td>
							<a href="#arduino%3amegaavr%3anona4809"><b>arduino:megaavr:nona4809</b></a>
							<br />
							<small>1.8.7</small>
						</td>

						
							<td>Yes</td>
							<td class="pass">PASS</td>
						
						
						
						

						
							
								
							
								
							
								
									
										
									
										
											<td class="pass">PASS</td>
											
										
									
										
									
										
									
										
									
								
							
								
							
								
							
						
							
								
							
								
							
								
									
										
									
										
									
										
											<td class="pass">PASS</td>
											
										
									
										
									
										
									
								
							
								
							
								
							
						
							
								
							
								
							
								
									
										
									
										
									
										
									
										
											<td class="pass">PASS</td>
											
										
									
										
									
								
							
								
							
								
							
						
							
								
							
								
							
								
									
										
									
										
									
										
									
										
									
										
											<td class="pass">PASS</td>
											
										
									
								
							
								
							
								
							
						
							
								
							
								
							
								
									
										
											<td class="pass">PASS</td>
											
										
									
										
									
										
									
										
									
										
									
								
							
								
							
								
							
						
					</tr>
					
					<tr>
						<td>
							<a href="#arduino%3asamd%3amkrwifi1010"><b>arduino:samd:mkrwifi1010</b></a>
							<br />
							<small>1.8.12</small>
						</td>

						
							<td>Yes</td>
							<td class="pass">PASS</td>
						
						
						
						

						
							
								
							
								
							
								
							
								
									
										
									
										
											<td class="pass">PASS</td>
											
										
									
										
									
										
									
										
									
								
							
								
							
						
							
								
							
								
							
								
							
								
									
										
									
										
									
										
											<td class="pass">PASS</td>
											
										
									
										
									
										
									
								
							
								
							
						
							
								
							
								
							
								
							
								
									
										
									
										
									
										
									
										
											<td class="pass">PASS</td>
											
										
									
										
									
								
							
								
							
						
							
								
							
								
							
								
							
								
									
										
									
										
									
										
									
										
									
										
											<td class="pass">PASS</td>
											
										
									
								
							
								
							
						
							
								
							
								
							
								
							
								
									
										
											<td class="pass">PASS</td>
											
										
									
										
									
										
									
										
									
										
									
								
							
								
							
						
					</tr>
					
					<tr>
						<td>
							<a href="#esp32%3aesp32%3ad1_mini32"><b>esp32:esp32:d1_mini32</b></a>
							<br />
							<small>1.0.6</small>
						</td>

						
						
						
							<td>Yes ⚠️</td>
							<td class="fail">FAIL</td>
						
						

						
							
								
							
								
							
								
							
								
							
								
									
										
									
										
											
											<td class="fail">FAIL</td>
										
									
										
									
										
									
										
									
								
							
						
							
								
							
								
							
								
							
								
							
								
									
										
									
										
									
										
											
											<td class="fail">FAIL</td>
										
									
										
									
										
									
								
							
						
							
								
							
								
							
								
							
								
							
								
									
										
									
										
									
										
									
										
											
											<td class="fail">FAIL</td>
										
									
										
									
								
							
						
							
								
							
								
							
								
							
								
							
								
									
										
									
										
									
										
									
										
									
										
											
											<td class="fail">FAIL</td>
										
									
								
							
						
							
								
							
								
							
								
							
								
							
								
									
										
											
											<td class="fail">FAIL</td>
										
									
										
									
										
									
										
									
										
									
								
							
						
					</tr>
					
				</table>

				<h2>Compilation logs</h2>
				
				<h3 id="arduino:avr:uno">arduino:avr:uno @ 1.8.4</h3>
				<h4>Inclusion</h4>
				<p>
					Result: <b>PASS</b>
					
				</p>
				<pre class="pre-scrollable">Sketch uses 628 bytes (1%) of program storage space. Maximum is 32256 bytes.
Global variables use 13 bytes (0%) of dynamic memory, leaving 2035 bytes for local variables. Maximum is 2048 bytes.
</pre>

					
					<h4>examples/directionDetection</h4>
					<p>
						Result: <b>PASS</b>
					</p>
					<pre class="pre-scrollable">Sketch uses 3714 bytes (11%) of program storage space. Maximum is 32256 bytes.
Global variables use 386 bytes (18%) of dynamic memory, leaving 1662 bytes for local variables. Maximum is 2048 bytes.
</pre>
					
					<h4>examples/interruptMode</h4>
					<p>
						Result: <b>PASS</b>
					</p>
					<pre class="pre-scrollable">Sketch uses 4108 bytes (12%) of program storage space. Maximum is 32256 bytes.
Global variables use 549 bytes (26%) of dynamic memory, leaving 1499 bytes for local variables. Maximum is 2048 bytes.
</pre>
					
					<h4>examples/motionDetection</h4>
					<p>
						Result: <b>PASS</b>
					</p>
					<pre class="pre-scrollable">Sketch uses 3624 bytes (11%) of program storage space. Maximum is 32256 bytes.
Global variables use 338 bytes (16%) of dynamic memory, leaving 1710 bytes for local variables. Maximum is 2048 bytes.
</pre>
					
					<h4>examples/trackDirState</h4>
					<p>
						Result: <b>PASS</b>
					</p>
					<pre class="pre-scrollable">Sketch uses 5714 bytes (17%) of program storage space. Maximum is 32256 bytes.
Global variables use 432 bytes (21%) of dynamic memory, leaving 1616 bytes for local variables. Maximum is 2048 bytes.
</pre>
					
					<h4>examples/trackMotionState</h4>
					<p>
						Result: <b>PASS</b>
					</p>
					<pre class="pre-scrollable">Sketch uses 5632 bytes (17%) of program storage space. Maximum is 32256 bytes.
Global variables use 402 bytes (19%) of dynamic memory, leaving 1646 bytes for local variables. Maximum is 2048 bytes.
</pre>
					
				
				<h3 id="arduino:mbed_nano:nanorp2040connect">arduino:mbed_nano:nanorp2040connect @ 2.7.2</h3>
				<h4>Inclusion</h4>
				<p>
					Result: <b>PASS</b>
					
				</p>
				<pre class="pre-scrollable">Sketch uses 78756 bytes (0%) of program storage space. Maximum is 16777216 bytes.
Global variables use 43444 bytes (16%) of dynamic memory, leaving 226892 bytes for local variables. Maximum is 270336 bytes.
</pre>

					
					<h4>examples/directionDetection</h4>
					<p>
						Result: <b>PASS</b>
					</p>
					<pre class="pre-scrollable">Sketch uses 80886 bytes (0%) of program storage space. Maximum is 16777216 bytes.
Global variables use 43716 bytes (16%) of dynamic memory, leaving 226620 bytes for local variables. Maximum is 270336 bytes.
</pre>
					
					<h4>examples/interruptMode</h4>
					<p>
						Result: <b>PASS</b>
					</p>
					<pre class="pre-scrollable">Sketch uses 81024 bytes (0%) of program storage space. Maximum is 16777216 bytes.
Global variables use 43716 bytes (16%) of dynamic memory, leaving 226620 bytes for local variables. Maximum is 270336 bytes.
</pre>
					
					<h4>examples/motionDetection</h4>
					<p>
						Result: <b>PASS</b>
					</p>
					<pre class="pre-scrollable">Sketch uses 80814 bytes (0%) of program storage space. Maximum is 16777216 bytes.
Global variables use 43716 bytes (16%) of dynamic memory, leaving 226620 bytes for local variables. Maximum is 270336 bytes.
</pre>
					
					<h4>examples/trackDirState</h4>
					<p>
						Result: <b>PASS</b>
					</p>
					<pre class="pre-scrollable">Sketch uses 81988 bytes (0%) of program storage space. Maximum is 16777216 bytes.
Global variables use 43720 bytes (16%) of dynamic memory, leaving 226616 bytes for local variables. Maximum is 270336 bytes.
</pre>
					
					<h4>examples/trackMotionState</h4>
					<p>
						Result: <b>PASS</b>
					</p>
					<pre class="pre-scrollable">Sketch uses 81912 bytes (0%) of program storage space. Maximum is 16777216 bytes.
Global variables use 43720 bytes (16%) of dynamic memory, leaving 226616 bytes for local variables. Maximum is 270336 bytes.
</pre>
					
				
				<h3 id="arduino:megaavr:nona4809">arduino:megaavr:nona4809 @ 1.8.7</h3>
				<h4>Inclusion</h4>
				<p>
					Result: <b>PASS</b>
					
				</p>
				<pre class="pre-scrollable">Sketch uses 1354 bytes (2%) of program storage space. Maximum is 49152 bytes.
Global variables use 118 bytes (1%) of dynamic memory, leaving 6026 bytes for local variables. Maximum is 6144 bytes.
</pre>

					
					<h4>examples/directionDetection</h4>
					<p>
						Result: <b>PASS</b>
					</p>
					<pre class="pre-scrollable">Sketch uses 5080 bytes (10%) of program storage space. Maximum is 49152 bytes.
Global variables use 387 bytes (6%) of dynamic memory, leaving 5757 bytes for local variables. Maximum is 6144 bytes.
</pre>
					
					<h4>examples/interruptMode</h4>
					<p>
						Result: <b>PASS</b>
					</p>
					<pre class="pre-scrollable">Sketch uses 5473 bytes (11%) of program storage space. Maximum is 49152 bytes.
Global variables use 388 bytes (6%) of dynamic memory, leaving 5756 bytes for local variables. Maximum is 6144 bytes.
</pre>
					
					<h4>examples/motionDetection</h4>
					<p>
						Result: <b>PASS</b>
					</p>
					<pre class="pre-scrollable">Sketch uses 4990 bytes (10%) of program storage space. Maximum is 49152 bytes.
Global variables use 387 bytes (6%) of dynamic memory, leaving 5757 bytes for local variables. Maximum is 6144 bytes.
</pre>
					
					<h4>examples/trackDirState</h4>
					<p>
						Result: <b>PASS</b>
					</p>
					<pre class="pre-scrollable">Sketch uses 6984 bytes (14%) of program storage space. Maximum is 49152 bytes.
Global variables use 395 bytes (6%) of dynamic memory, leaving 5749 bytes for local variables. Maximum is 6144 bytes.
</pre>
					
					<h4>examples/trackMotionState</h4>
					<p>
						Result: <b>PASS</b>
					</p>
					<pre class="pre-scrollable">Sketch uses 6902 bytes (14%) of program storage space. Maximum is 49152 bytes.
Global variables use 395 bytes (6%) of dynamic memory, leaving 5749 bytes for local variables. Maximum is 6144 bytes.
</pre>
					
				
				<h3 id="arduino:samd:mkrwifi1010">arduino:samd:mkrwifi1010 @ 1.8.12</h3>
				<h4>Inclusion</h4>
				<p>
					Result: <b>PASS</b>
					
				</p>
				<pre class="pre-scrollable">Sketch uses 12216 bytes (4%) of program storage space. Maximum is 262144 bytes.
Global variables use 3136 bytes (9%) of dynamic memory, leaving 29632 bytes for local variables. Maximum is 32768 bytes.
</pre>

					
					<h4>examples/directionDetection</h4>
					<p>
						Result: <b>PASS</b>
					</p>
					<pre class="pre-scrollable">Sketch uses 13652 bytes (5%) of program storage space. Maximum is 262144 bytes.
Global variables use 3156 bytes (9%) of dynamic memory, leaving 29612 bytes for local variables. Maximum is 32768 bytes.
</pre>
					
					<h4>examples/interruptMode</h4>
					<p>
						Result: <b>PASS</b>
					</p>
					<pre class="pre-scrollable">Sketch uses 13932 bytes (5%) of program storage space. Maximum is 262144 bytes.
Global variables use 3160 bytes (9%) of dynamic memory, leaving 29608 bytes for local variables. Maximum is 32768 bytes.
</pre>
					
					<h4>examples/motionDetection</h4>
					<p>
						Result: <b>PASS</b>
					</p>
					<pre class="pre-scrollable">Sketch uses 13532 bytes (5%) of program storage space. Maximum is 262144 bytes.
Global variables use 3156 bytes (9%) of dynamic memory, leaving 29612 bytes for local variables. Maximum is 32768 bytes.
</pre>
					
					<h4>examples/trackDirState</h4>
					<p>
						Result: <b>PASS</b>
					</p>
					<pre class="pre-scrollable">Sketch uses 14896 bytes (5%) of program storage space. Maximum is 262144 bytes.
Global variables use 3164 bytes (9%) of dynamic memory, leaving 29604 bytes for local variables. Maximum is 32768 bytes.
</pre>
					
					<h4>examples/trackMotionState</h4>
					<p>
						Result: <b>PASS</b>
					</p>
					<pre class="pre-scrollable">Sketch uses 14804 bytes (5%) of program storage space. Maximum is 262144 bytes.
Global variables use 3176 bytes (9%) of dynamic memory, leaving 29592 bytes for local variables. Maximum is 32768 bytes.
</pre>
					
				
				<h3 id="esp32:esp32:d1_mini32">esp32:esp32:d1_mini32 @ 1.0.6</h3>
				<h4>Inclusion</h4>
				<p>
					Result: <b>FAIL</b>
					
				</p>
				<pre class="pre-scrollable">In file included from /home/ec2-user/arduino-testlib/cli-datadir/user/libraries/radar-bgt60/src/bgt60-ino.hpp:16:0,
                 from /tmp/arduino-testlib4229839099/test/test.ino:1:
/home/ec2-user/arduino-testlib/cli-datadir/user/libraries/radar-bgt60/src/bgt60.hpp:47:32: error: expected &#39;)&#39; before &#39;*&#39; token
                     Bgt60(GPIO *tDet, GPIO *pDet);
                                ^
/home/ec2-user/arduino-testlib/cli-datadir/user/libraries/radar-bgt60/src/bgt60.hpp:58:9: error: reference to &#39;GPIO&#39; is ambiguous
         GPIO       * tDet;
         ^
In file included from /home/ec2-user/arduino-testlib/cli-datadir/data/packages/esp32/hardware/esp32/1.0.6/tools/sdk/include/driver/driver/gpio.h:20:0,
                 from /home/ec2-user/arduino-testlib/cli-datadir/data/packages/esp32/hardware/esp32/1.0.6/tools/sdk/include/esp32/esp_sleep.h:19,
                 from /home/ec2-user/arduino-testlib/cli-datadir/data/packages/esp32/hardware/esp32/1.0.6/tools/sdk/include/esp32/esp_system.h:21,
                 from /home/ec2-user/arduino-testlib/cli-datadir/data/packages/esp32/hardware/esp32/1.0.6/tools/sdk/include/freertos/freertos/portable.h:128,
                 from /home/ec2-user/arduino-testlib/cli-datadir/data/packages/esp32/hardware/esp32/1.0.6/tools/sdk/include/freertos/freertos/FreeRTOS.h:105,
                 from /home/ec2-user/arduino-testlib/cli-datadir/data/packages/esp32/hardware/esp32/1.0.6/cores/esp32/Arduino.h:32,
                 from /tmp/arduino-sketch-2DA08F4ADC26A31B1511E75A2E059394/sketch/test.ino.cpp:1:
/home/ec2-user/arduino-testlib/cli-datadir/data/packages/esp32/hardware/esp32/1.0.6/tools/sdk/include/soc/soc/gpio_struct.h:210:19: note: candidates are: gpio_dev_t GPIO
 extern gpio_dev_t GPIO;
                   ^
In file included from /home/ec2-user/arduino-testlib/cli-datadir/user/libraries/radar-bgt60/src/bgt60.hpp:14:0,
                 from /home/ec2-user/arduino-testlib/cli-datadir/user/libraries/radar-bgt60/src/bgt60-ino.hpp:16,
                 from /tmp/arduino-testlib4229839099/test/test.ino:1:
/home/ec2-user/arduino-testlib/cli-datadir/user/libraries/radar-bgt60/src/bgt60-pal-gpio.hpp:23:7: note:                 class bgt60::GPIO
 class GPIO
       ^
In file included from /home/ec2-user/arduino-testlib/cli-datadir/user/libraries/radar-bgt60/src/bgt60-ino.hpp:16:0,
                 from /tmp/arduino-testlib4229839099/test/test.ino:1:
/home/ec2-user/arduino-testlib/cli-datadir/user/libraries/radar-bgt60/src/bgt60.hpp:59:9: error: reference to &#39;GPIO&#39; is ambiguous
         GPIO       * pDet;
         ^
In file included from /home/ec2-user/arduino-testlib/cli-datadir/data/packages/esp32/hardware/esp32/1.0.6/tools/sdk/include/driver/driver/gpio.h:20:0,
                 from /home/ec2-user/arduino-testlib/cli-datadir/data/packages/esp32/hardware/esp32/1.0.6/tools/sdk/include/esp32/esp_sleep.h:19,
                 from /home/ec2-user/arduino-testlib/cli-datadir/data/packages/esp32/hardware/esp32/1.0.6/tools/sdk/include/esp32/esp_system.h:21,
                 from /home/ec2-user/arduino-testlib/cli-datadir/data/packages/esp32/hardware/esp32/1.0.6/tools/sdk/include/freertos/freertos/portable.h:128,
                 from /home/ec2-user/arduino-testlib/cli-datadir/data/packages/esp32/hardware/esp32/1.0.6/tools/sdk/include/freertos/freertos/FreeRTOS.h:105,
                 from /home/ec2-user/arduino-testlib/cli-datadir/data/packages/esp32/hardware/esp32/1.0.6/cores/esp32/Arduino.h:32,
                 from /tmp/arduino-sketch-2DA08F4ADC26A31B1511E75A2E059394/sketch/test.ino.cpp:1:
/home/ec2-user/arduino-testlib/cli-datadir/data/packages/esp32/hardware/esp32/1.0.6/tools/sdk/include/soc/soc/gpio_struct.h:210:19: note: candidates are: gpio_dev_t GPIO
 extern gpio_dev_t GPIO;
                   ^
In file included from /home/ec2-user/arduino-testlib/cli-datadir/user/libraries/radar-bgt60/src/bgt60.hpp:14:0,
                 from /home/ec2-user/arduino-testlib/cli-datadir/user/libraries/radar-bgt60/src/bgt60-ino.hpp:16,
                 from /tmp/arduino-testlib4229839099/test/test.ino:1:
/home/ec2-user/arduino-testlib/cli-datadir/user/libraries/radar-bgt60/src/bgt60-pal-gpio.hpp:23:7: note:                 class bgt60::GPIO
 class GPIO
       ^

</pre>

					
					<h4>examples/directionDetection</h4>
					<p>
						Result: <b>FAIL</b>
					</p>
					<pre class="pre-scrollable">In file included from /home/ec2-user/arduino-testlib/cli-datadir/user/libraries/radar-bgt60/src/bgt60-ino.hpp:16:0,
                 from /home/ec2-user/arduino-testlib/cli-datadir/user/libraries/radar-bgt60/examples/directionDetection/directionDetection.ino:42:
/home/ec2-user/arduino-testlib/cli-datadir/user/libraries/radar-bgt60/src/bgt60.hpp:47:32: error: expected &#39;)&#39; before &#39;*&#39; token
                     Bgt60(GPIO *tDet, GPIO *pDet);
                                ^
/home/ec2-user/arduino-testlib/cli-datadir/user/libraries/radar-bgt60/src/bgt60.hpp:58:9: error: reference to &#39;GPIO&#39; is ambiguous
         GPIO       * tDet;
         ^
In file included from /home/ec2-user/arduino-testlib/cli-datadir/data/packages/esp32/hardware/esp32/1.0.6/tools/sdk/include/driver/driver/gpio.h:20:0,
                 from /home/ec2-user/arduino-testlib/cli-datadir/data/packages/esp32/hardware/esp32/1.0.6/tools/sdk/include/esp32/esp_sleep.h:19,
                 from /home/ec2-user/arduino-testlib/cli-datadir/data/packages/esp32/hardware/esp32/1.0.6/tools/sdk/include/esp32/esp_system.h:21,
                 from /home/ec2-user/arduino-testlib/cli-datadir/data/packages/esp32/hardware/esp32/1.0.6/tools/sdk/include/freertos/freertos/portable.h:128,
                 from /home/ec2-user/arduino-testlib/cli-datadir/data/packages/esp32/hardware/esp32/1.0.6/tools/sdk/include/freertos/freertos/FreeRTOS.h:105,
                 from /home/ec2-user/arduino-testlib/cli-datadir/data/packages/esp32/hardware/esp32/1.0.6/cores/esp32/Arduino.h:32,
                 from /home/ec2-user/arduino-testlib/cli-datadir/user/libraries/radar-bgt60/examples/directionDetection/directionDetection.ino:40:
/home/ec2-user/arduino-testlib/cli-datadir/data/packages/esp32/hardware/esp32/1.0.6/tools/sdk/include/soc/soc/gpio_struct.h:210:19: note: candidates are: gpio_dev_t GPIO
 extern gpio_dev_t GPIO;
                   ^
In file included from /home/ec2-user/arduino-testlib/cli-datadir/user/libraries/radar-bgt60/src/bgt60.hpp:14:0,
                 from /home/ec2-user/arduino-testlib/cli-datadir/user/libraries/radar-bgt60/src/bgt60-ino.hpp:16,
                 from /home/ec2-user/arduino-testlib/cli-datadir/user/libraries/radar-bgt60/examples/directionDetection/directionDetection.ino:42:
/home/ec2-user/arduino-testlib/cli-datadir/user/libraries/radar-bgt60/src/bgt60-pal-gpio.hpp:23:7: note:                 class bgt60::GPIO
 class GPIO
       ^
In file included from /home/ec2-user/arduino-testlib/cli-datadir/user/libraries/radar-bgt60/src/bgt60-ino.hpp:16:0,
                 from /home/ec2-user/arduino-testlib/cli-datadir/user/libraries/radar-bgt60/examples/directionDetection/directionDetection.ino:42:
/home/ec2-user/arduino-testlib/cli-datadir/user/libraries/radar-bgt60/src/bgt60.hpp:59:9: error: reference to &#39;GPIO&#39; is ambiguous
         GPIO       * pDet;
         ^
In file included from /home/ec2-user/arduino-testlib/cli-datadir/data/packages/esp32/hardware/esp32/1.0.6/tools/sdk/include/driver/driver/gpio.h:20:0,
                 from /home/ec2-user/arduino-testlib/cli-datadir/data/packages/esp32/hardware/esp32/1.0.6/tools/sdk/include/esp32/esp_sleep.h:19,
                 from /home/ec2-user/arduino-testlib/cli-datadir/data/packages/esp32/hardware/esp32/1.0.6/tools/sdk/include/esp32/esp_system.h:21,
                 from /home/ec2-user/arduino-testlib/cli-datadir/data/packages/esp32/hardware/esp32/1.0.6/tools/sdk/include/freertos/freertos/portable.h:128,
                 from /home/ec2-user/arduino-testlib/cli-datadir/data/packages/esp32/hardware/esp32/1.0.6/tools/sdk/include/freertos/freertos/FreeRTOS.h:105,
                 from /home/ec2-user/arduino-testlib/cli-datadir/data/packages/esp32/hardware/esp32/1.0.6/cores/esp32/Arduino.h:32,
                 from /home/ec2-user/arduino-testlib/cli-datadir/user/libraries/radar-bgt60/examples/directionDetection/directionDetection.ino:40:
/home/ec2-user/arduino-testlib/cli-datadir/data/packages/esp32/hardware/esp32/1.0.6/tools/sdk/include/soc/soc/gpio_struct.h:210:19: note: candidates are: gpio_dev_t GPIO
 extern gpio_dev_t GPIO;
                   ^
In file included from /home/ec2-user/arduino-testlib/cli-datadir/user/libraries/radar-bgt60/src/bgt60.hpp:14:0,
                 from /home/ec2-user/arduino-testlib/cli-datadir/user/libraries/radar-bgt60/src/bgt60-ino.hpp:16,
                 from /home/ec2-user/arduino-testlib/cli-datadir/user/libraries/radar-bgt60/examples/directionDetection/directionDetection.ino:42:
/home/ec2-user/arduino-testlib/cli-datadir/user/libraries/radar-bgt60/src/bgt60-pal-gpio.hpp:23:7: note:                 class bgt60::GPIO
 class GPIO
       ^
/home/ec2-user/arduino-testlib/cli-datadir/user/libraries/radar-bgt60/examples/directionDetection/directionDetection.ino: In function &#39;void setup()&#39;:
/home/ec2-user/arduino-testlib/cli-datadir/user/libraries/radar-bgt60/examples/directionDetection/directionDetection.ino:71:9: error: reference to &#39;OK&#39; is ambiguous
     if (OK != init_status) {
         ^
In file included from /home/ec2-user/arduino-testlib/cli-datadir/data/packages/esp32/hardware/esp32/1.0.6/tools/sdk/include/freertos/freertos/FreeRTOSConfig.h:120:0,
                 from /home/ec2-user/arduino-testlib/cli-datadir/data/packages/esp32/hardware/esp32/1.0.6/tools/sdk/include/freertos/freertos/FreeRTOS.h:99,
                 from /home/ec2-user/arduino-testlib/cli-datadir/data/packages/esp32/hardware/esp32/1.0.6/cores/esp32/Arduino.h:32,
                 from /home/ec2-user/arduino-testlib/cli-datadir/user/libraries/radar-bgt60/examples/directionDetection/directionDetection.ino:40:
/home/ec2-user/arduino-testlib/cli-datadir/data/packages/esp32/hardware/esp32/1.0.6/tools/sdk/include/esp32/rom/ets_sys.h:630:5: note: candidates are: STATUS OK
     OK = 0,
     ^
In file included from /home/ec2-user/arduino-testlib/cli-datadir/user/libraries/radar-bgt60/src/bgt60-pal-gpio.hpp:13:0,
                 from /home/ec2-user/arduino-testlib/cli-datadir/user/libraries/radar-bgt60/src/bgt60.hpp:14,
                 from /home/ec2-user/arduino-testlib/cli-datadir/user/libraries/radar-bgt60/src/bgt60-ino.hpp:16,
                 from /home/ec2-user/arduino-testlib/cli-datadir/user/libraries/radar-bgt60/examples/directionDetection/directionDetection.ino:42:
/home/ec2-user/arduino-testlib/cli-datadir/user/libraries/radar-bgt60/src/bgt60-types.hpp:27:9: note:                 bgt60::Error_t OK
         OK          =  0,    /**&lt; No error */
         ^
/home/ec2-user/arduino-testlib/cli-datadir/user/libraries/radar-bgt60/examples/directionDetection/directionDetection.ino: In function &#39;void loop()&#39;:
/home/ec2-user/arduino-testlib/cli-datadir/user/libraries/radar-bgt60/examples/directionDetection/directionDetection.ino:92:16: error: reference to &#39;OK&#39; is ambiguous
     if (err == OK)
                ^
In file included from /home/ec2-user/arduino-testlib/cli-datadir/data/packages/esp32/hardware/esp32/1.0.6/tools/sdk/include/freertos/freertos/FreeRTOSConfig.h:120:0,
                 from /home/ec2-user/arduino-testlib/cli-datadir/data/packages/esp32/hardware/esp32/1.0.6/tools/sdk/include/freertos/freertos/FreeRTOS.h:99,
                 from /home/ec2-user/arduino-testlib/cli-datadir/data/packages/esp32/hardware/esp32/1.0.6/cores/esp32/Arduino.h:32,
                 from /home/ec2-user/arduino-testlib/cli-datadir/user/libraries/radar-bgt60/examples/directionDetection/directionDetection.ino:40:
/home/ec2-user/arduino-testlib/cli-datadir/data/packages/esp32/hardware/esp32/1.0.6/tools/sdk/include/esp32/rom/ets_sys.h:630:5: note: candidates are: STATUS OK
     OK = 0,
     ^
In file included from /home/ec2-user/arduino-testlib/cli-datadir/user/libraries/radar-bgt60/src/bgt60-pal-gpio.hpp:13:0,
                 from /home/ec2-user/arduino-testlib/cli-datadir/user/libraries/radar-bgt60/src/bgt60.hpp:14,
                 from /home/ec2-user/arduino-testlib/cli-datadir/user/libraries/radar-bgt60/src/bgt60-ino.hpp:16,
                 from /home/ec2-user/arduino-testlib/cli-datadir/user/libraries/radar-bgt60/examples/directionDetection/directionDetection.ino:42:
/home/ec2-user/arduino-testlib/cli-datadir/user/libraries/radar-bgt60/src/bgt60-types.hpp:27:9: note:                 bgt60::Error_t OK
         OK          =  0,    /**&lt; No error */
         ^

</pre>
					
					<h4>examples/interruptMode</h4>
					<p>
						Result: <b>FAIL</b>
					</p>
					<pre class="pre-scrollable">In file included from /home/ec2-user/arduino-testlib/cli-datadir/user/libraries/radar-bgt60/src/bgt60-ino.hpp:16:0,
                 from /home/ec2-user/arduino-testlib/cli-datadir/user/libraries/radar-bgt60/examples/interruptMode/interruptMode.ino:43:
/home/ec2-user/arduino-testlib/cli-datadir/user/libraries/radar-bgt60/src/bgt60.hpp:47:32: error: expected &#39;)&#39; before &#39;*&#39; token
                     Bgt60(GPIO *tDet, GPIO *pDet);
                                ^
/home/ec2-user/arduino-testlib/cli-datadir/user/libraries/radar-bgt60/src/bgt60.hpp:58:9: error: reference to &#39;GPIO&#39; is ambiguous
         GPIO       * tDet;
         ^
In file included from /home/ec2-user/arduino-testlib/cli-datadir/data/packages/esp32/hardware/esp32/1.0.6/tools/sdk/include/driver/driver/gpio.h:20:0,
                 from /home/ec2-user/arduino-testlib/cli-datadir/data/packages/esp32/hardware/esp32/1.0.6/tools/sdk/include/esp32/esp_sleep.h:19,
                 from /home/ec2-user/arduino-testlib/cli-datadir/data/packages/esp32/hardware/esp32/1.0.6/tools/sdk/include/esp32/esp_system.h:21,
                 from /home/ec2-user/arduino-testlib/cli-datadir/data/packages/esp32/hardware/esp32/1.0.6/tools/sdk/include/freertos/freertos/portable.h:128,
                 from /home/ec2-user/arduino-testlib/cli-datadir/data/packages/esp32/hardware/esp32/1.0.6/tools/sdk/include/freertos/freertos/FreeRTOS.h:105,
                 from /home/ec2-user/arduino-testlib/cli-datadir/data/packages/esp32/hardware/esp32/1.0.6/cores/esp32/Arduino.h:32,
                 from /home/ec2-user/arduino-testlib/cli-datadir/user/libraries/radar-bgt60/examples/interruptMode/interruptMode.ino:41:
/home/ec2-user/arduino-testlib/cli-datadir/data/packages/esp32/hardware/esp32/1.0.6/tools/sdk/include/soc/soc/gpio_struct.h:210:19: note: candidates are: gpio_dev_t GPIO
 extern gpio_dev_t GPIO;
                   ^
In file included from /home/ec2-user/arduino-testlib/cli-datadir/user/libraries/radar-bgt60/src/bgt60.hpp:14:0,
                 from /home/ec2-user/arduino-testlib/cli-datadir/user/libraries/radar-bgt60/src/bgt60-ino.hpp:16,
                 from /home/ec2-user/arduino-testlib/cli-datadir/user/libraries/radar-bgt60/examples/interruptMode/interruptMode.ino:43:
/home/ec2-user/arduino-testlib/cli-datadir/user/libraries/radar-bgt60/src/bgt60-pal-gpio.hpp:23:7: note:                 class bgt60::GPIO
 class GPIO
       ^
In file included from /home/ec2-user/arduino-testlib/cli-datadir/user/libraries/radar-bgt60/src/bgt60-ino.hpp:16:0,
                 from /home/ec2-user/arduino-testlib/cli-datadir/user/libraries/radar-bgt60/examples/interruptMode/interruptMode.ino:43:
/home/ec2-user/arduino-testlib/cli-datadir/user/libraries/radar-bgt60/src/bgt60.hpp:59:9: error: reference to &#39;GPIO&#39; is ambiguous
         GPIO       * pDet;
         ^
In file included from /home/ec2-user/arduino-testlib/cli-datadir/data/packages/esp32/hardware/esp32/1.0.6/tools/sdk/include/driver/driver/gpio.h:20:0,
                 from /home/ec2-user/arduino-testlib/cli-datadir/data/packages/esp32/hardware/esp32/1.0.6/tools/sdk/include/esp32/esp_sleep.h:19,
                 from /home/ec2-user/arduino-testlib/cli-datadir/data/packages/esp32/hardware/esp32/1.0.6/tools/sdk/include/esp32/esp_system.h:21,
                 from /home/ec2-user/arduino-testlib/cli-datadir/data/packages/esp32/hardware/esp32/1.0.6/tools/sdk/include/freertos/freertos/portable.h:128,
                 from /home/ec2-user/arduino-testlib/cli-datadir/data/packages/esp32/hardware/esp32/1.0.6/tools/sdk/include/freertos/freertos/FreeRTOS.h:105,
                 from /home/ec2-user/arduino-testlib/cli-datadir/data/packages/esp32/hardware/esp32/1.0.6/cores/esp32/Arduino.h:32,
                 from /home/ec2-user/arduino-testlib/cli-datadir/user/libraries/radar-bgt60/examples/interruptMode/interruptMode.ino:41:
/home/ec2-user/arduino-testlib/cli-datadir/data/packages/esp32/hardware/esp32/1.0.6/tools/sdk/include/soc/soc/gpio_struct.h:210:19: note: candidates are: gpio_dev_t GPIO
 extern gpio_dev_t GPIO;
                   ^
In file included from /home/ec2-user/arduino-testlib/cli-datadir/user/libraries/radar-bgt60/src/bgt60.hpp:14:0,
                 from /home/ec2-user/arduino-testlib/cli-datadir/user/libraries/radar-bgt60/src/bgt60-ino.hpp:16,
                 from /home/ec2-user/arduino-testlib/cli-datadir/user/libraries/radar-bgt60/examples/interruptMode/interruptMode.ino:43:
/home/ec2-user/arduino-testlib/cli-datadir/user/libraries/radar-bgt60/src/bgt60-pal-gpio.hpp:23:7: note:                 class bgt60::GPIO
 class GPIO
       ^
/home/ec2-user/arduino-testlib/cli-datadir/user/libraries/radar-bgt60/examples/interruptMode/interruptMode.ino: In function &#39;void cBackFunct()&#39;:
/home/ec2-user/arduino-testlib/cli-datadir/user/libraries/radar-bgt60/examples/interruptMode/interruptMode.ino:84:12: error: reference to &#39;OK&#39; is ambiguous
         if(OK == err)
            ^
In file included from /home/ec2-user/arduino-testlib/cli-datadir/data/packages/esp32/hardware/esp32/1.0.6/tools/sdk/include/freertos/freertos/FreeRTOSConfig.h:120:0,
                 from /home/ec2-user/arduino-testlib/cli-datadir/data/packages/esp32/hardware/esp32/1.0.6/tools/sdk/include/freertos/freertos/FreeRTOS.h:99,
                 from /home/ec2-user/arduino-testlib/cli-datadir/data/packages/esp32/hardware/esp32/1.0.6/cores/esp32/Arduino.h:32,
                 from /home/ec2-user/arduino-testlib/cli-datadir/user/libraries/radar-bgt60/examples/interruptMode/interruptMode.ino:41:
/home/ec2-user/arduino-testlib/cli-datadir/data/packages/esp32/hardware/esp32/1.0.6/tools/sdk/include/esp32/rom/ets_sys.h:630:5: note: candidates are: STATUS OK
     OK = 0,
     ^
In file included from /home/ec2-user/arduino-testlib/cli-datadir/user/libraries/radar-bgt60/src/bgt60-pal-gpio.hpp:13:0,
                 from /home/ec2-user/arduino-testlib/cli-datadir/user/libraries/radar-bgt60/src/bgt60.hpp:14,
                 from /home/ec2-user/arduino-testlib/cli-datadir/user/libraries/radar-bgt60/src/bgt60-ino.hpp:16,
                 from /home/ec2-user/arduino-testlib/cli-datadir/user/libraries/radar-bgt60/examples/interruptMode/interruptMode.ino:43:
/home/ec2-user/arduino-testlib/cli-datadir/user/libraries/radar-bgt60/src/bgt60-types.hpp:27:9: note:                 bgt60::Error_t OK
         OK          =  0,    /**&lt; No error */
         ^
/home/ec2-user/arduino-testlib/cli-datadir/user/libraries/radar-bgt60/examples/interruptMode/interruptMode.ino:92:20: error: reference to &#39;OK&#39; is ambiguous
                 if(OK == err)
                    ^
In file included from /home/ec2-user/arduino-testlib/cli-datadir/data/packages/esp32/hardware/esp32/1.0.6/tools/sdk/include/freertos/freertos/FreeRTOSConfig.h:120:0,
                 from /home/ec2-user/arduino-testlib/cli-datadir/data/packages/esp32/hardware/esp32/1.0.6/tools/sdk/include/freertos/freertos/FreeRTOS.h:99,
                 from /home/ec2-user/arduino-testlib/cli-datadir/data/packages/esp32/hardware/esp32/1.0.6/cores/esp32/Arduino.h:32,
                 from /home/ec2-user/arduino-testlib/cli-datadir/user/libraries/radar-bgt60/examples/interruptMode/interruptMode.ino:41:
/home/ec2-user/arduino-testlib/cli-datadir/data/packages/esp32/hardware/esp32/1.0.6/tools/sdk/include/esp32/rom/ets_sys.h:630:5: note: candidates are: STATUS OK
     OK = 0,
     ^
In file included from /home/ec2-user/arduino-testlib/cli-datadir/user/libraries/radar-bgt60/src/bgt60-pal-gpio.hpp:13:0,
                 from /home/ec2-user/arduino-testlib/cli-datadir/user/libraries/radar-bgt60/src/bgt60.hpp:14,
                 from /home/ec2-user/arduino-testlib/cli-datadir/user/libraries/radar-bgt60/src/bgt60-ino.hpp:16,
                 from /home/ec2-user/arduino-testlib/cli-datadir/user/libraries/radar-bgt60/examples/interruptMode/interruptMode.ino:43:
/home/ec2-user/arduino-testlib/cli-datadir/user/libraries/radar-bgt60/src/bgt60-types.hpp:27:9: note:                 bgt60::Error_t OK
         OK          =  0,    /**&lt; No error */
         ^
/home/ec2-user/arduino-testlib/cli-datadir/user/libraries/radar-bgt60/examples/interruptMode/interruptMode.ino: In function &#39;void setup()&#39;:
/home/ec2-user/arduino-testlib/cli-datadir/user/libraries/radar-bgt60/examples/interruptMode/interruptMode.ino:135:9: error: reference to &#39;OK&#39; is ambiguous
     if (OK != init_status) {
         ^
In file included from /home/ec2-user/arduino-testlib/cli-datadir/data/packages/esp32/hardware/esp32/1.0.6/tools/sdk/include/freertos/freertos/FreeRTOSConfig.h:120:0,
                 from /home/ec2-user/arduino-testlib/cli-datadir/data/packages/esp32/hardware/esp32/1.0.6/tools/sdk/include/freertos/freertos/FreeRTOS.h:99,
                 from /home/ec2-user/arduino-testlib/cli-datadir/data/packages/esp32/hardware/esp32/1.0.6/cores/esp32/Arduino.h:32,
                 from /home/ec2-user/arduino-testlib/cli-datadir/user/libraries/radar-bgt60/examples/interruptMode/interruptMode.ino:41:
/home/ec2-user/arduino-testlib/cli-datadir/data/packages/esp32/hardware/esp32/1.0.6/tools/sdk/include/esp32/rom/ets_sys.h:630:5: note: candidates are: STATUS OK
     OK = 0,
     ^
In file included from /home/ec2-user/arduino-testlib/cli-datadir/user/libraries/radar-bgt60/src/bgt60-pal-gpio.hpp:13:0,
                 from /home/ec2-user/arduino-testlib/cli-datadir/user/libraries/radar-bgt60/src/bgt60.hpp:14,
                 from /home/ec2-user/arduino-testlib/cli-datadir/user/libraries/radar-bgt60/src/bgt60-ino.hpp:16,
                 from /home/ec2-user/arduino-testlib/cli-datadir/user/libraries/radar-bgt60/examples/interruptMode/interruptMode.ino:43:
/home/ec2-user/arduino-testlib/cli-datadir/user/libraries/radar-bgt60/src/bgt60-types.hpp:27:9: note:                 bgt60::Error_t OK
         OK          =  0,    /**&lt; No error */
         ^
/home/ec2-user/arduino-testlib/cli-datadir/user/libraries/radar-bgt60/examples/interruptMode/interruptMode.ino:146:9: error: reference to &#39;OK&#39; is ambiguous
     if (OK != init</pre>
					
					<h4>examples/motionDetection</h4>
					<p>
						Result: <b>FAIL</b>
					</p>
					<pre class="pre-scrollable">In file included from /home/ec2-user/arduino-testlib/cli-datadir/user/libraries/radar-bgt60/src/bgt60-ino.hpp:16:0,
                 from /home/ec2-user/arduino-testlib/cli-datadir/user/libraries/radar-bgt60/examples/motionDetection/motionDetection.ino:43:
/home/ec2-user/arduino-testlib/cli-datadir/user/libraries/radar-bgt60/src/bgt60.hpp:47:32: error: expected &#39;)&#39; before &#39;*&#39; token
                     Bgt60(GPIO *tDet, GPIO *pDet);
                                ^
/home/ec2-user/arduino-testlib/cli-datadir/user/libraries/radar-bgt60/src/bgt60.hpp:58:9: error: reference to &#39;GPIO&#39; is ambiguous
         GPIO       * tDet;
         ^
In file included from /home/ec2-user/arduino-testlib/cli-datadir/data/packages/esp32/hardware/esp32/1.0.6/tools/sdk/include/driver/driver/gpio.h:20:0,
                 from /home/ec2-user/arduino-testlib/cli-datadir/data/packages/esp32/hardware/esp32/1.0.6/tools/sdk/include/esp32/esp_sleep.h:19,
                 from /home/ec2-user/arduino-testlib/cli-datadir/data/packages/esp32/hardware/esp32/1.0.6/tools/sdk/include/esp32/esp_system.h:21,
                 from /home/ec2-user/arduino-testlib/cli-datadir/data/packages/esp32/hardware/esp32/1.0.6/tools/sdk/include/freertos/freertos/portable.h:128,
                 from /home/ec2-user/arduino-testlib/cli-datadir/data/packages/esp32/hardware/esp32/1.0.6/tools/sdk/include/freertos/freertos/FreeRTOS.h:105,
                 from /home/ec2-user/arduino-testlib/cli-datadir/data/packages/esp32/hardware/esp32/1.0.6/cores/esp32/Arduino.h:32,
                 from /home/ec2-user/arduino-testlib/cli-datadir/user/libraries/radar-bgt60/examples/motionDetection/motionDetection.ino:41:
/home/ec2-user/arduino-testlib/cli-datadir/data/packages/esp32/hardware/esp32/1.0.6/tools/sdk/include/soc/soc/gpio_struct.h:210:19: note: candidates are: gpio_dev_t GPIO
 extern gpio_dev_t GPIO;
                   ^
In file included from /home/ec2-user/arduino-testlib/cli-datadir/user/libraries/radar-bgt60/src/bgt60.hpp:14:0,
                 from /home/ec2-user/arduino-testlib/cli-datadir/user/libraries/radar-bgt60/src/bgt60-ino.hpp:16,
                 from /home/ec2-user/arduino-testlib/cli-datadir/user/libraries/radar-bgt60/examples/motionDetection/motionDetection.ino:43:
/home/ec2-user/arduino-testlib/cli-datadir/user/libraries/radar-bgt60/src/bgt60-pal-gpio.hpp:23:7: note:                 class bgt60::GPIO
 class GPIO
       ^
In file included from /home/ec2-user/arduino-testlib/cli-datadir/user/libraries/radar-bgt60/src/bgt60-ino.hpp:16:0,
                 from /home/ec2-user/arduino-testlib/cli-datadir/user/libraries/radar-bgt60/examples/motionDetection/motionDetection.ino:43:
/home/ec2-user/arduino-testlib/cli-datadir/user/libraries/radar-bgt60/src/bgt60.hpp:59:9: error: reference to &#39;GPIO&#39; is ambiguous
         GPIO       * pDet;
         ^
In file included from /home/ec2-user/arduino-testlib/cli-datadir/data/packages/esp32/hardware/esp32/1.0.6/tools/sdk/include/driver/driver/gpio.h:20:0,
                 from /home/ec2-user/arduino-testlib/cli-datadir/data/packages/esp32/hardware/esp32/1.0.6/tools/sdk/include/esp32/esp_sleep.h:19,
                 from /home/ec2-user/arduino-testlib/cli-datadir/data/packages/esp32/hardware/esp32/1.0.6/tools/sdk/include/esp32/esp_system.h:21,
                 from /home/ec2-user/arduino-testlib/cli-datadir/data/packages/esp32/hardware/esp32/1.0.6/tools/sdk/include/freertos/freertos/portable.h:128,
                 from /home/ec2-user/arduino-testlib/cli-datadir/data/packages/esp32/hardware/esp32/1.0.6/tools/sdk/include/freertos/freertos/FreeRTOS.h:105,
                 from /home/ec2-user/arduino-testlib/cli-datadir/data/packages/esp32/hardware/esp32/1.0.6/cores/esp32/Arduino.h:32,
                 from /home/ec2-user/arduino-testlib/cli-datadir/user/libraries/radar-bgt60/examples/motionDetection/motionDetection.ino:41:
/home/ec2-user/arduino-testlib/cli-datadir/data/packages/esp32/hardware/esp32/1.0.6/tools/sdk/include/soc/soc/gpio_struct.h:210:19: note: candidates are: gpio_dev_t GPIO
 extern gpio_dev_t GPIO;
                   ^
In file included from /home/ec2-user/arduino-testlib/cli-datadir/user/libraries/radar-bgt60/src/bgt60.hpp:14:0,
                 from /home/ec2-user/arduino-testlib/cli-datadir/user/libraries/radar-bgt60/src/bgt60-ino.hpp:16,
                 from /home/ec2-user/arduino-testlib/cli-datadir/user/libraries/radar-bgt60/examples/motionDetection/motionDetection.ino:43:
/home/ec2-user/arduino-testlib/cli-datadir/user/libraries/radar-bgt60/src/bgt60-pal-gpio.hpp:23:7: note:                 class bgt60::GPIO
 class GPIO
       ^
/home/ec2-user/arduino-testlib/cli-datadir/user/libraries/radar-bgt60/examples/motionDetection/motionDetection.ino: In function &#39;void setup()&#39;:
/home/ec2-user/arduino-testlib/cli-datadir/user/libraries/radar-bgt60/examples/motionDetection/motionDetection.ino:72:9: error: reference to &#39;OK&#39; is ambiguous
     if (OK != init_status) {
         ^
In file included from /home/ec2-user/arduino-testlib/cli-datadir/data/packages/esp32/hardware/esp32/1.0.6/tools/sdk/include/freertos/freertos/FreeRTOSConfig.h:120:0,
                 from /home/ec2-user/arduino-testlib/cli-datadir/data/packages/esp32/hardware/esp32/1.0.6/tools/sdk/include/freertos/freertos/FreeRTOS.h:99,
                 from /home/ec2-user/arduino-testlib/cli-datadir/data/packages/esp32/hardware/esp32/1.0.6/cores/esp32/Arduino.h:32,
                 from /home/ec2-user/arduino-testlib/cli-datadir/user/libraries/radar-bgt60/examples/motionDetection/motionDetection.ino:41:
/home/ec2-user/arduino-testlib/cli-datadir/data/packages/esp32/hardware/esp32/1.0.6/tools/sdk/include/esp32/rom/ets_sys.h:630:5: note: candidates are: STATUS OK
     OK = 0,
     ^
In file included from /home/ec2-user/arduino-testlib/cli-datadir/user/libraries/radar-bgt60/src/bgt60-pal-gpio.hpp:13:0,
                 from /home/ec2-user/arduino-testlib/cli-datadir/user/libraries/radar-bgt60/src/bgt60.hpp:14,
                 from /home/ec2-user/arduino-testlib/cli-datadir/user/libraries/radar-bgt60/src/bgt60-ino.hpp:16,
                 from /home/ec2-user/arduino-testlib/cli-datadir/user/libraries/radar-bgt60/examples/motionDetection/motionDetection.ino:43:
/home/ec2-user/arduino-testlib/cli-datadir/user/libraries/radar-bgt60/src/bgt60-types.hpp:27:9: note:                 bgt60::Error_t OK
         OK          =  0,    /**&lt; No error */
         ^
/home/ec2-user/arduino-testlib/cli-datadir/user/libraries/radar-bgt60/examples/motionDetection/motionDetection.ino: In function &#39;void loop()&#39;:
/home/ec2-user/arduino-testlib/cli-datadir/user/libraries/radar-bgt60/examples/motionDetection/motionDetection.ino:93:15: error: reference to &#39;OK&#39; is ambiguous
     if(err == OK)
               ^
In file included from /home/ec2-user/arduino-testlib/cli-datadir/data/packages/esp32/hardware/esp32/1.0.6/tools/sdk/include/freertos/freertos/FreeRTOSConfig.h:120:0,
                 from /home/ec2-user/arduino-testlib/cli-datadir/data/packages/esp32/hardware/esp32/1.0.6/tools/sdk/include/freertos/freertos/FreeRTOS.h:99,
                 from /home/ec2-user/arduino-testlib/cli-datadir/data/packages/esp32/hardware/esp32/1.0.6/cores/esp32/Arduino.h:32,
                 from /home/ec2-user/arduino-testlib/cli-datadir/user/libraries/radar-bgt60/examples/motionDetection/motionDetection.ino:41:
/home/ec2-user/arduino-testlib/cli-datadir/data/packages/esp32/hardware/esp32/1.0.6/tools/sdk/include/esp32/rom/ets_sys.h:630:5: note: candidates are: STATUS OK
     OK = 0,
     ^
In file included from /home/ec2-user/arduino-testlib/cli-datadir/user/libraries/radar-bgt60/src/bgt60-pal-gpio.hpp:13:0,
                 from /home/ec2-user/arduino-testlib/cli-datadir/user/libraries/radar-bgt60/src/bgt60.hpp:14,
                 from /home/ec2-user/arduino-testlib/cli-datadir/user/libraries/radar-bgt60/src/bgt60-ino.hpp:16,
                 from /home/ec2-user/arduino-testlib/cli-datadir/user/libraries/radar-bgt60/examples/motionDetection/motionDetection.ino:43:
/home/ec2-user/arduino-testlib/cli-datadir/user/libraries/radar-bgt60/src/bgt60-types.hpp:27:9: note:                 bgt60::Error_t OK
         OK          =  0,    /**&lt; No error */
         ^

</pre>
					
					<h4>examples/trackDirState</h4>
					<p>
						Result: <b>FAIL</b>
					</p>
					<pre class="pre-scrollable">In file included from /home/ec2-user/arduino-testlib/cli-datadir/user/libraries/radar-bgt60/src/bgt60-ino.hpp:16:0,
                 from /home/ec2-user/arduino-testlib/cli-datadir/user/libraries/radar-bgt60/examples/trackDirState/trackDirState.ino:43:
/home/ec2-user/arduino-testlib/cli-datadir/user/libraries/radar-bgt60/src/bgt60.hpp:47:32: error: expected &#39;)&#39; before &#39;*&#39; token
                     Bgt60(GPIO *tDet, GPIO *pDet);
                                ^
/home/ec2-user/arduino-testlib/cli-datadir/user/libraries/radar-bgt60/src/bgt60.hpp:58:9: error: reference to &#39;GPIO&#39; is ambiguous
         GPIO       * tDet;
         ^
In file included from /home/ec2-user/arduino-testlib/cli-datadir/data/packages/esp32/hardware/esp32/1.0.6/tools/sdk/include/driver/driver/gpio.h:20:0,
                 from /home/ec2-user/arduino-testlib/cli-datadir/data/packages/esp32/hardware/esp32/1.0.6/tools/sdk/include/esp32/esp_sleep.h:19,
                 from /home/ec2-user/arduino-testlib/cli-datadir/data/packages/esp32/hardware/esp32/1.0.6/tools/sdk/include/esp32/esp_system.h:21,
                 from /home/ec2-user/arduino-testlib/cli-datadir/data/packages/esp32/hardware/esp32/1.0.6/tools/sdk/include/freertos/freertos/portable.h:128,
                 from /home/ec2-user/arduino-testlib/cli-datadir/data/packages/esp32/hardware/esp32/1.0.6/tools/sdk/include/freertos/freertos/FreeRTOS.h:105,
                 from /home/ec2-user/arduino-testlib/cli-datadir/data/packages/esp32/hardware/esp32/1.0.6/cores/esp32/Arduino.h:32,
                 from /home/ec2-user/arduino-testlib/cli-datadir/user/libraries/radar-bgt60/examples/trackDirState/trackDirState.ino:41:
/home/ec2-user/arduino-testlib/cli-datadir/data/packages/esp32/hardware/esp32/1.0.6/tools/sdk/include/soc/soc/gpio_struct.h:210:19: note: candidates are: gpio_dev_t GPIO
 extern gpio_dev_t GPIO;
                   ^
In file included from /home/ec2-user/arduino-testlib/cli-datadir/user/libraries/radar-bgt60/src/bgt60.hpp:14:0,
                 from /home/ec2-user/arduino-testlib/cli-datadir/user/libraries/radar-bgt60/src/bgt60-ino.hpp:16,
                 from /home/ec2-user/arduino-testlib/cli-datadir/user/libraries/radar-bgt60/examples/trackDirState/trackDirState.ino:43:
/home/ec2-user/arduino-testlib/cli-datadir/user/libraries/radar-bgt60/src/bgt60-pal-gpio.hpp:23:7: note:                 class bgt60::GPIO
 class GPIO
       ^
In file included from /home/ec2-user/arduino-testlib/cli-datadir/user/libraries/radar-bgt60/src/bgt60-ino.hpp:16:0,
                 from /home/ec2-user/arduino-testlib/cli-datadir/user/libraries/radar-bgt60/examples/trackDirState/trackDirState.ino:43:
/home/ec2-user/arduino-testlib/cli-datadir/user/libraries/radar-bgt60/src/bgt60.hpp:59:9: error: reference to &#39;GPIO&#39; is ambiguous
         GPIO       * pDet;
         ^
In file included from /home/ec2-user/arduino-testlib/cli-datadir/data/packages/esp32/hardware/esp32/1.0.6/tools/sdk/include/driver/driver/gpio.h:20:0,
                 from /home/ec2-user/arduino-testlib/cli-datadir/data/packages/esp32/hardware/esp32/1.0.6/tools/sdk/include/esp32/esp_sleep.h:19,
                 from /home/ec2-user/arduino-testlib/cli-datadir/data/packages/esp32/hardware/esp32/1.0.6/tools/sdk/include/esp32/esp_system.h:21,
                 from /home/ec2-user/arduino-testlib/cli-datadir/data/packages/esp32/hardware/esp32/1.0.6/tools/sdk/include/freertos/freertos/portable.h:128,
                 from /home/ec2-user/arduino-testlib/cli-datadir/data/packages/esp32/hardware/esp32/1.0.6/tools/sdk/include/freertos/freertos/FreeRTOS.h:105,
                 from /home/ec2-user/arduino-testlib/cli-datadir/data/packages/esp32/hardware/esp32/1.0.6/cores/esp32/Arduino.h:32,
                 from /home/ec2-user/arduino-testlib/cli-datadir/user/libraries/radar-bgt60/examples/trackDirState/trackDirState.ino:41:
/home/ec2-user/arduino-testlib/cli-datadir/data/packages/esp32/hardware/esp32/1.0.6/tools/sdk/include/soc/soc/gpio_struct.h:210:19: note: candidates are: gpio_dev_t GPIO
 extern gpio_dev_t GPIO;
                   ^
In file included from /home/ec2-user/arduino-testlib/cli-datadir/user/libraries/radar-bgt60/src/bgt60.hpp:14:0,
                 from /home/ec2-user/arduino-testlib/cli-datadir/user/libraries/radar-bgt60/src/bgt60-ino.hpp:16,
                 from /home/ec2-user/arduino-testlib/cli-datadir/user/libraries/radar-bgt60/examples/trackDirState/trackDirState.ino:43:
/home/ec2-user/arduino-testlib/cli-datadir/user/libraries/radar-bgt60/src/bgt60-pal-gpio.hpp:23:7: note:                 class bgt60::GPIO
 class GPIO
       ^
/home/ec2-user/arduino-testlib/cli-datadir/user/libraries/radar-bgt60/examples/trackDirState/trackDirState.ino: In function &#39;void setup()&#39;:
/home/ec2-user/arduino-testlib/cli-datadir/user/libraries/radar-bgt60/examples/trackDirState/trackDirState.ino:89:9: error: reference to &#39;OK&#39; is ambiguous
     if (OK != init_status) {
         ^
In file included from /home/ec2-user/arduino-testlib/cli-datadir/data/packages/esp32/hardware/esp32/1.0.6/tools/sdk/include/freertos/freertos/FreeRTOSConfig.h:120:0,
                 from /home/ec2-user/arduino-testlib/cli-datadir/data/packages/esp32/hardware/esp32/1.0.6/tools/sdk/include/freertos/freertos/FreeRTOS.h:99,
                 from /home/ec2-user/arduino-testlib/cli-datadir/data/packages/esp32/hardware/esp32/1.0.6/cores/esp32/Arduino.h:32,
                 from /home/ec2-user/arduino-testlib/cli-datadir/user/libraries/radar-bgt60/examples/trackDirState/trackDirState.ino:41:
/home/ec2-user/arduino-testlib/cli-datadir/data/packages/esp32/hardware/esp32/1.0.6/tools/sdk/include/esp32/rom/ets_sys.h:630:5: note: candidates are: STATUS OK
     OK = 0,
     ^
In file included from /home/ec2-user/arduino-testlib/cli-datadir/user/libraries/radar-bgt60/src/bgt60-pal-gpio.hpp:13:0,
                 from /home/ec2-user/arduino-testlib/cli-datadir/user/libraries/radar-bgt60/src/bgt60.hpp:14,
                 from /home/ec2-user/arduino-testlib/cli-datadir/user/libraries/radar-bgt60/src/bgt60-ino.hpp:16,
                 from /home/ec2-user/arduino-testlib/cli-datadir/user/libraries/radar-bgt60/examples/trackDirState/trackDirState.ino:43:
/home/ec2-user/arduino-testlib/cli-datadir/user/libraries/radar-bgt60/src/bgt60-types.hpp:27:9: note:                 bgt60::Error_t OK
         OK          =  0,    /**&lt; No error */
         ^
/home/ec2-user/arduino-testlib/cli-datadir/user/libraries/radar-bgt60/examples/trackDirState/trackDirState.ino: In function &#39;void loop()&#39;:
/home/ec2-user/arduino-testlib/cli-datadir/user/libraries/radar-bgt60/examples/trackDirState/trackDirState.ino:109:15: error: reference to &#39;OK&#39; is ambiguous
     if(err == OK)
               ^
In file included from /home/ec2-user/arduino-testlib/cli-datadir/data/packages/esp32/hardware/esp32/1.0.6/tools/sdk/include/freertos/freertos/FreeRTOSConfig.h:120:0,
                 from /home/ec2-user/arduino-testlib/cli-datadir/data/packages/esp32/hardware/esp32/1.0.6/tools/sdk/include/freertos/freertos/FreeRTOS.h:99,
                 from /home/ec2-user/arduino-testlib/cli-datadir/data/packages/esp32/hardware/esp32/1.0.6/cores/esp32/Arduino.h:32,
                 from /home/ec2-user/arduino-testlib/cli-datadir/user/libraries/radar-bgt60/examples/trackDirState/trackDirState.ino:41:
/home/ec2-user/arduino-testlib/cli-datadir/data/packages/esp32/hardware/esp32/1.0.6/tools/sdk/include/esp32/rom/ets_sys.h:630:5: note: candidates are: STATUS OK
     OK = 0,
     ^
In file included from /home/ec2-user/arduino-testlib/cli-datadir/user/libraries/radar-bgt60/src/bgt60-pal-gpio.hpp:13:0,
                 from /home/ec2-user/arduino-testlib/cli-datadir/user/libraries/radar-bgt60/src/bgt60.hpp:14,
                 from /home/ec2-user/arduino-testlib/cli-datadir/user/libraries/radar-bgt60/src/bgt60-ino.hpp:16,
                 from /home/ec2-user/arduino-testlib/cli-datadir/user/libraries/radar-bgt60/examples/trackDirState/trackDirState.ino:43:
/home/ec2-user/arduino-testlib/cli-datadir/user/libraries/radar-bgt60/src/bgt60-types.hpp:27:9: note:                 bgt60::Error_t OK
         OK          =  0,    /**&lt; No error */
         ^

</pre>
					
					<h4>examples/trackMotionState</h4>
					<p>
						Result: <b>FAIL</b>
					</p>
					<pre class="pre-scrollable">In file included from /home/ec2-user/arduino-testlib/cli-datadir/user/libraries/radar-bgt60/src/bgt60-ino.hpp:16:0,
                 from /home/ec2-user/arduino-testlib/cli-datadir/user/libraries/radar-bgt60/examples/trackMotionState/trackMotionState.ino:43:
/home/ec2-user/arduino-testlib/cli-datadir/user/libraries/radar-bgt60/src/bgt60.hpp:47:32: error: expected &#39;)&#39; before &#39;*&#39; token
                     Bgt60(GPIO *tDet, GPIO *pDet);
                                ^
/home/ec2-user/arduino-testlib/cli-datadir/user/libraries/radar-bgt60/src/bgt60.hpp:58:9: error: reference to &#39;GPIO&#39; is ambiguous
         GPIO       * tDet;
         ^
In file included from /home/ec2-user/arduino-testlib/cli-datadir/data/packages/esp32/hardware/esp32/1.0.6/tools/sdk/include/driver/driver/gpio.h:20:0,
                 from /home/ec2-user/arduino-testlib/cli-datadir/data/packages/esp32/hardware/esp32/1.0.6/tools/sdk/include/esp32/esp_sleep.h:19,
                 from /home/ec2-user/arduino-testlib/cli-datadir/data/packages/esp32/hardware/esp32/1.0.6/tools/sdk/include/esp32/esp_system.h:21,
                 from /home/ec2-user/arduino-testlib/cli-datadir/data/packages/esp32/hardware/esp32/1.0.6/tools/sdk/include/freertos/freertos/portable.h:128,
                 from /home/ec2-user/arduino-testlib/cli-datadir/data/packages/esp32/hardware/esp32/1.0.6/tools/sdk/include/freertos/freertos/FreeRTOS.h:105,
                 from /home/ec2-user/arduino-testlib/cli-datadir/data/packages/esp32/hardware/esp32/1.0.6/cores/esp32/Arduino.h:32,
                 from /home/ec2-user/arduino-testlib/cli-datadir/user/libraries/radar-bgt60/examples/trackMotionState/trackMotionState.ino:41:
/home/ec2-user/arduino-testlib/cli-datadir/data/packages/esp32/hardware/esp32/1.0.6/tools/sdk/include/soc/soc/gpio_struct.h:210:19: note: candidates are: gpio_dev_t GPIO
 extern gpio_dev_t GPIO;
                   ^
In file included from /home/ec2-user/arduino-testlib/cli-datadir/user/libraries/radar-bgt60/src/bgt60.hpp:14:0,
                 from /home/ec2-user/arduino-testlib/cli-datadir/user/libraries/radar-bgt60/src/bgt60-ino.hpp:16,
                 from /home/ec2-user/arduino-testlib/cli-datadir/user/libraries/radar-bgt60/examples/trackMotionState/trackMotionState.ino:43:
/home/ec2-user/arduino-testlib/cli-datadir/user/libraries/radar-bgt60/src/bgt60-pal-gpio.hpp:23:7: note:                 class bgt60::GPIO
 class GPIO
       ^
In file included from /home/ec2-user/arduino-testlib/cli-datadir/user/libraries/radar-bgt60/src/bgt60-ino.hpp:16:0,
                 from /home/ec2-user/arduino-testlib/cli-datadir/user/libraries/radar-bgt60/examples/trackMotionState/trackMotionState.ino:43:
/home/ec2-user/arduino-testlib/cli-datadir/user/libraries/radar-bgt60/src/bgt60.hpp:59:9: error: reference to &#39;GPIO&#39; is ambiguous
         GPIO       * pDet;
         ^
In file included from /home/ec2-user/arduino-testlib/cli-datadir/data/packages/esp32/hardware/esp32/1.0.6/tools/sdk/include/driver/driver/gpio.h:20:0,
                 from /home/ec2-user/arduino-testlib/cli-datadir/data/packages/esp32/hardware/esp32/1.0.6/tools/sdk/include/esp32/esp_sleep.h:19,
                 from /home/ec2-user/arduino-testlib/cli-datadir/data/packages/esp32/hardware/esp32/1.0.6/tools/sdk/include/esp32/esp_system.h:21,
                 from /home/ec2-user/arduino-testlib/cli-datadir/data/packages/esp32/hardware/esp32/1.0.6/tools/sdk/include/freertos/freertos/portable.h:128,
                 from /home/ec2-user/arduino-testlib/cli-datadir/data/packages/esp32/hardware/esp32/1.0.6/tools/sdk/include/freertos/freertos/FreeRTOS.h:105,
                 from /home/ec2-user/arduino-testlib/cli-datadir/data/packages/esp32/hardware/esp32/1.0.6/cores/esp32/Arduino.h:32,
                 from /home/ec2-user/arduino-testlib/cli-datadir/user/libraries/radar-bgt60/examples/trackMotionState/trackMotionState.ino:41:
/home/ec2-user/arduino-testlib/cli-datadir/data/packages/esp32/hardware/esp32/1.0.6/tools/sdk/include/soc/soc/gpio_struct.h:210:19: note: candidates are: gpio_dev_t GPIO
 extern gpio_dev_t GPIO;
                   ^
In file included from /home/ec2-user/arduino-testlib/cli-datadir/user/libraries/radar-bgt60/src/bgt60.hpp:14:0,
                 from /home/ec2-user/arduino-testlib/cli-datadir/user/libraries/radar-bgt60/src/bgt60-ino.hpp:16,
                 from /home/ec2-user/arduino-testlib/cli-datadir/user/libraries/radar-bgt60/examples/trackMotionState/trackMotionState.ino:43:
/home/ec2-user/arduino-testlib/cli-datadir/user/libraries/radar-bgt60/src/bgt60-pal-gpio.hpp:23:7: note:                 class bgt60::GPIO
 class GPIO
       ^
/home/ec2-user/arduino-testlib/cli-datadir/user/libraries/radar-bgt60/examples/trackMotionState/trackMotionState.ino: In function &#39;void setup()&#39;:
/home/ec2-user/arduino-testlib/cli-datadir/user/libraries/radar-bgt60/examples/trackMotionState/trackMotionState.ino:88:9: error: reference to &#39;OK&#39; is ambiguous
     if (OK != init_status) {
         ^
In file included from /home/ec2-user/arduino-testlib/cli-datadir/data/packages/esp32/hardware/esp32/1.0.6/tools/sdk/include/freertos/freertos/FreeRTOSConfig.h:120:0,
                 from /home/ec2-user/arduino-testlib/cli-datadir/data/packages/esp32/hardware/esp32/1.0.6/tools/sdk/include/freertos/freertos/FreeRTOS.h:99,
                 from /home/ec2-user/arduino-testlib/cli-datadir/data/packages/esp32/hardware/esp32/1.0.6/cores/esp32/Arduino.h:32,
                 from /home/ec2-user/arduino-testlib/cli-datadir/user/libraries/radar-bgt60/examples/trackMotionState/trackMotionState.ino:41:
/home/ec2-user/arduino-testlib/cli-datadir/data/packages/esp32/hardware/esp32/1.0.6/tools/sdk/include/esp32/rom/ets_sys.h:630:5: note: candidates are: STATUS OK
     OK = 0,
     ^
In file included from /home/ec2-user/arduino-testlib/cli-datadir/user/libraries/radar-bgt60/src/bgt60-pal-gpio.hpp:13:0,
                 from /home/ec2-user/arduino-testlib/cli-datadir/user/libraries/radar-bgt60/src/bgt60.hpp:14,
                 from /home/ec2-user/arduino-testlib/cli-datadir/user/libraries/radar-bgt60/src/bgt60-ino.hpp:16,
                 from /home/ec2-user/arduino-testlib/cli-datadir/user/libraries/radar-bgt60/examples/trackMotionState/trackMotionState.ino:43:
/home/ec2-user/arduino-testlib/cli-datadir/user/libraries/radar-bgt60/src/bgt60-types.hpp:27:9: note:                 bgt60::Error_t OK
         OK          =  0,    /**&lt; No error */
         ^
/home/ec2-user/arduino-testlib/cli-datadir/user/libraries/radar-bgt60/examples/trackMotionState/trackMotionState.ino: In function &#39;void loop()&#39;:
/home/ec2-user/arduino-testlib/cli-datadir/user/libraries/radar-bgt60/examples/trackMotionState/trackMotionState.ino:107:15: error: reference to &#39;OK&#39; is ambiguous
     if(err == OK)
               ^
In file included from /home/ec2-user/arduino-testlib/cli-datadir/data/packages/esp32/hardware/esp32/1.0.6/tools/sdk/include/freertos/freertos/FreeRTOSConfig.h:120:0,
                 from /home/ec2-user/arduino-testlib/cli-datadir/data/packages/esp32/hardware/esp32/1.0.6/tools/sdk/include/freertos/freertos/FreeRTOS.h:99,
                 from /home/ec2-user/arduino-testlib/cli-datadir/data/packages/esp32/hardware/esp32/1.0.6/cores/esp32/Arduino.h:32,
                 from /home/ec2-user/arduino-testlib/cli-datadir/user/libraries/radar-bgt60/examples/trackMotionState/trackMotionState.ino:41:
/home/ec2-user/arduino-testlib/cli-datadir/data/packages/esp32/hardware/esp32/1.0.6/tools/sdk/include/esp32/rom/ets_sys.h:630:5: note: candidates are: STATUS OK
     OK = 0,
     ^
In file included from /home/ec2-user/arduino-testlib/cli-datadir/user/libraries/radar-bgt60/src/bgt60-pal-gpio.hpp:13:0,
                 from /home/ec2-user/arduino-testlib/cli-datadir/user/libraries/radar-bgt60/src/bgt60.hpp:14,
                 from /home/ec2-user/arduino-testlib/cli-datadir/user/libraries/radar-bgt60/src/bgt60-ino.hpp:16,
                 from /home/ec2-user/arduino-testlib/cli-datadir/user/libraries/radar-bgt60/examples/trackMotionState/trackMotionState.ino:43:
/home/ec2-user/arduino-testlib/cli-datadir/user/libraries/radar-bgt60/src/bgt60-types.hpp:27:9: note:                 bgt60::Error_t OK
         OK          =  0,    /**&lt; No error */
         ^

</pre>
					
				
			</div>
		</div>
	</div>
  </body>
</html>
