
<!doctype html>
<html lang="en">
  <head>
    <meta charset="utf-8">
    <meta name="viewport" content="width=device-width, initial-scale=1">
    <link href="https://cdn.jsdelivr.net/npm/bootstrap@5.0.2/dist/css/bootstrap.min.css" rel="stylesheet" integrity="sha384-EVSTQN3/azprG1Anm3QDgpJLIm9Nao0Yz1ztcQTwFspd3yD65VohhpuuCOmLASjC" crossorigin="anonymous">
    <title>arduino-testlib report</title>
	<style>
	.pass { background-color: #00FF00 !important; }
	.fail { background-color: #FF0000 !important; }
	</style>
  </head>
  <body>
	<div class="container">
		<div class="row">
			<div class="col">
				<h1>RadioengeLoraWAN - compatibility matrix</h1>
				<p>
					<small>This report was generated on Wednesday, 23-Feb-22 22:48:15 CET using 
					<a href="https://github.com/alranel/arduino-testlib">arduino-testlib</a>.</small>
				</p>

				<h2>RadioengeLoraWAN</h2>
				<p>
					Version: <b>0.0.1</b>
					<br />
					<a href="https://www.arduino.cc/reference/en/libraries/radioengelorawan/">More details</a>
				</p>

				<h2>Compatibility matrix</h2>
				<table class="table table-bordered">
					<tr>
						<th>Board</th>
						<th>Claims compatibility</th>
						<th>Inclusion</th>
						
					</tr>
					
					<tr>
						<td>
							<a href="#arduino%3aavr%3auno"><b>arduino:avr:uno</b></a>
							<br />
							<small>1.8.4</small>
						</td>

						
						
						
						
							<td>No</td>
							<td class="fail">FAIL</td>
						

						
					</tr>
					
					<tr>
						<td>
							<a href="#arduino%3ambed_nano%3ananorp2040connect"><b>arduino:mbed_nano:nanorp2040connect</b></a>
							<br />
							<small>2.7.2</small>
						</td>

						
						
							<td>No ⚠️</td>
							<td class="pass">PASS</td>
						
						
						

						
					</tr>
					
					<tr>
						<td>
							<a href="#arduino%3amegaavr%3anona4809"><b>arduino:megaavr:nona4809</b></a>
							<br />
							<small>1.8.7</small>
						</td>

						
						
						
						
							<td>No</td>
							<td class="fail">FAIL</td>
						

						
					</tr>
					
					<tr>
						<td>
							<a href="#arduino%3asamd%3amkrwifi1010"><b>arduino:samd:mkrwifi1010</b></a>
							<br />
							<small>1.8.12</small>
						</td>

						
						
						
						
							<td>No</td>
							<td class="fail">FAIL</td>
						

						
					</tr>
					
					<tr>
						<td>
							<a href="#esp32%3aesp32%3ad1_mini32"><b>esp32:esp32:d1_mini32</b></a>
							<br />
							<small>1.0.6</small>
						</td>

						
							<td>Yes</td>
							<td class="pass">PASS</td>
						
						
						
						

						
					</tr>
					
				</table>

				<h2>Compilation logs</h2>
				
				<h3 id="arduino:avr:uno">arduino:avr:uno @ 1.8.4</h3>
				<h4>Inclusion</h4>
				<p>
					Result: <b>FAIL</b>
					
				</p>
				<pre class="pre-scrollable">WARNING: library RadioengeLoraWAN claims to run on esp32 architecture(s) and may be incompatible with your current board which runs on avr architecture(s).
In file included from /Users/alranel/Documents/git/arduino/arduino-testlib/cli-datadir/data/packages/arduino/tools/avr-gcc/7.3.0-atmel3.6.1-arduino7/avr/include/avr/io.h:99:0,
                 from /Users/alranel/Documents/git/arduino/arduino-testlib/cli-datadir/data/packages/arduino/tools/avr-gcc/7.3.0-atmel3.6.1-arduino7/avr/include/avr/pgmspace.h:90,
                 from /Users/alranel/Documents/git/arduino/arduino-testlib/cli-datadir/data/packages/arduino/hardware/avr/1.8.4/cores/arduino/Arduino.h:28,
                 from /private/var/folders/47/_57rjy4111jc7dfpgjmcc93w0000gp/T/arduino-sketch-A27701286E62838488F5764A36734714/sketch/test.ino.cpp:1:
/Users/alranel/Documents/git/arduino/arduino-testlib/cli-datadir/user/libraries/RadioengeLoraWAN/src/RadioengeLoraWAN.h:52:5: error: expected identifier before &#39;(&#39; token
     ADC,
     ^
/Users/alranel/Documents/git/arduino/arduino-testlib/cli-datadir/user/libraries/RadioengeLoraWAN/src/RadioengeLoraWAN.h:52:5: error: expected &#39;}&#39; before &#39;(&#39; token
/Users/alranel/Documents/git/arduino/arduino-testlib/cli-datadir/user/libraries/RadioengeLoraWAN/src/RadioengeLoraWAN.h:52:5: error: expected unqualified-id before &#39;volatile&#39;
     ADC,
     ^
/Users/alranel/Documents/git/arduino/arduino-testlib/cli-datadir/user/libraries/RadioengeLoraWAN/src/RadioengeLoraWAN.h:52:5: error: expected &#39;)&#39; before &#39;volatile&#39;
/Users/alranel/Documents/git/arduino/arduino-testlib/cli-datadir/user/libraries/RadioengeLoraWAN/src/RadioengeLoraWAN.h:52:5: error: expected &#39;)&#39; before &#39;volatile&#39;
In file included from /private/tmp/arduino-testlib4112829293/test/test.ino:1:0:
/Users/alranel/Documents/git/arduino/arduino-testlib/cli-datadir/user/libraries/RadioengeLoraWAN/src/RadioengeLoraWAN.h:56:1: error: expected declaration before &#39;}&#39; token
 };
 ^

</pre>

					
				
				<h3 id="arduino:mbed_nano:nanorp2040connect">arduino:mbed_nano:nanorp2040connect @ 2.7.2</h3>
				<h4>Inclusion</h4>
				<p>
					Result: <b>PASS</b>
					
				</p>
				<pre class="pre-scrollable">WARNING: library RadioengeLoraWAN claims to run on esp32 architecture(s) and may be incompatible with your current board which runs on mbed_nano architecture(s).
Sketch uses 78756 bytes (0%) of program storage space. Maximum is 16777216 bytes.
Global variables use 43444 bytes (16%) of dynamic memory, leaving 226892 bytes for local variables. Maximum is 270336 bytes.
</pre>

					
				
				<h3 id="arduino:megaavr:nona4809">arduino:megaavr:nona4809 @ 1.8.7</h3>
				<h4>Inclusion</h4>
				<p>
					Result: <b>FAIL</b>
					
				</p>
				<pre class="pre-scrollable">WARNING: library RadioengeLoraWAN claims to run on esp32 architecture(s) and may be incompatible with your current board which runs on megaavr architecture(s).
In file included from /home/ec2-user/arduino-testlib/cli-datadir/user/libraries/RadioengeLoraWAN/src/RadioengeLoraWAN.cpp:1:0:
/home/ec2-user/arduino-testlib/cli-datadir/user/libraries/RadioengeLoraWAN/src/RadioengeLoraWAN.cpp: In member function &#39;arduino::String RadioengeLoraWAN::sendAtCommand(arduino::String)&#39;:
/home/ec2-user/arduino-testlib/cli-datadir/user/libraries/RadioengeLoraWAN/src/RadioengeLoraWAN.h:15:20: error: &#39;Serial2&#39; was not declared in this scope
 #define loraSerial Serial2
                    ^
/home/ec2-user/arduino-testlib/cli-datadir/user/libraries/RadioengeLoraWAN/src/RadioengeLoraWAN.cpp:51:5: note: in expansion of macro &#39;loraSerial&#39;
     loraSerial.println(command);
     ^~~~~~~~~~
/home/ec2-user/arduino-testlib/cli-datadir/user/libraries/RadioengeLoraWAN/src/RadioengeLoraWAN.h:15:20: note: suggested alternative: &#39;Serial1&#39;
 #define loraSerial Serial2
                    ^
/home/ec2-user/arduino-testlib/cli-datadir/user/libraries/RadioengeLoraWAN/src/RadioengeLoraWAN.cpp:51:5: note: in expansion of macro &#39;loraSerial&#39;
     loraSerial.println(command);
     ^~~~~~~~~~
/home/ec2-user/arduino-testlib/cli-datadir/user/libraries/RadioengeLoraWAN/src/RadioengeLoraWAN.cpp: In member function &#39;arduino::String RadioengeLoraWAN::sendAtCommand(arduino::String, long unsigned int)&#39;:
/home/ec2-user/arduino-testlib/cli-datadir/user/libraries/RadioengeLoraWAN/src/RadioengeLoraWAN.h:15:20: error: &#39;Serial2&#39; was not declared in this scope
 #define loraSerial Serial2
                    ^
/home/ec2-user/arduino-testlib/cli-datadir/user/libraries/RadioengeLoraWAN/src/RadioengeLoraWAN.cpp:64:5: note: in expansion of macro &#39;loraSerial&#39;
     loraSerial.println(command);
     ^~~~~~~~~~
/home/ec2-user/arduino-testlib/cli-datadir/user/libraries/RadioengeLoraWAN/src/RadioengeLoraWAN.h:15:20: note: suggested alternative: &#39;Serial1&#39;
 #define loraSerial Serial2
                    ^
/home/ec2-user/arduino-testlib/cli-datadir/user/libraries/RadioengeLoraWAN/src/RadioengeLoraWAN.cpp:64:5: note: in expansion of macro &#39;loraSerial&#39;
     loraSerial.println(command);
     ^~~~~~~~~~
/home/ec2-user/arduino-testlib/cli-datadir/user/libraries/RadioengeLoraWAN/src/RadioengeLoraWAN.cpp: In member function &#39;arduino::String RadioengeLoraWAN::sendAtCommandVerbose(arduino::String)&#39;:
/home/ec2-user/arduino-testlib/cli-datadir/user/libraries/RadioengeLoraWAN/src/RadioengeLoraWAN.h:15:20: error: &#39;Serial2&#39; was not declared in this scope
 #define loraSerial Serial2
                    ^
/home/ec2-user/arduino-testlib/cli-datadir/user/libraries/RadioengeLoraWAN/src/RadioengeLoraWAN.cpp:80:5: note: in expansion of macro &#39;loraSerial&#39;
     loraSerial.println(command);
     ^~~~~~~~~~
/home/ec2-user/arduino-testlib/cli-datadir/user/libraries/RadioengeLoraWAN/src/RadioengeLoraWAN.h:15:20: note: suggested alternative: &#39;Serial1&#39;
 #define loraSerial Serial2
                    ^
/home/ec2-user/arduino-testlib/cli-datadir/user/libraries/RadioengeLoraWAN/src/RadioengeLoraWAN.cpp:80:5: note: in expansion of macro &#39;loraSerial&#39;
     loraSerial.println(command);
     ^~~~~~~~~~

</pre>

					
				
				<h3 id="arduino:samd:mkrwifi1010">arduino:samd:mkrwifi1010 @ 1.8.12</h3>
				<h4>Inclusion</h4>
				<p>
					Result: <b>FAIL</b>
					
				</p>
				<pre class="pre-scrollable">WARNING: library RadioengeLoraWAN claims to run on esp32 architecture(s) and may be incompatible with your current board which runs on samd architecture(s).
In file included from /Users/alranel/Documents/git/arduino/arduino-testlib/cli-datadir/data/packages/arduino/tools/CMSIS-Atmel/1.2.0/CMSIS/Device/ATMEL/samd21/include/samd21.h:69:0,
                 from /Users/alranel/Documents/git/arduino/arduino-testlib/cli-datadir/data/packages/arduino/tools/CMSIS-Atmel/1.2.0/CMSIS/Device/ATMEL/samd.h:105,
                 from /Users/alranel/Documents/git/arduino/arduino-testlib/cli-datadir/data/packages/arduino/hardware/samd/1.8.12/cores/arduino/Arduino.h:38,
                 from /private/var/folders/47/_57rjy4111jc7dfpgjmcc93w0000gp/T/arduino-sketch-A27701286E62838488F5764A36734714/sketch/test.ino.cpp:1:
/Users/alranel/Documents/git/arduino/arduino-testlib/cli-datadir/data/packages/arduino/tools/CMSIS-Atmel/1.2.0/CMSIS/Device/ATMEL/samd21/include/samd21g18a.h:417:27: error: expected identifier before &#39;(&#39; token
 #define ADC               ((Adc      *)0x42004000UL) /**&lt; \brief (ADC) APB Base Address */
                           ^
/Users/alranel/Documents/git/arduino/arduino-testlib/cli-datadir/user/libraries/RadioengeLoraWAN/src/RadioengeLoraWAN.h:52:5: note: in expansion of macro &#39;ADC&#39;
     ADC,
     ^~~
/Users/alranel/Documents/git/arduino/arduino-testlib/cli-datadir/data/packages/arduino/tools/CMSIS-Atmel/1.2.0/CMSIS/Device/ATMEL/samd21/include/samd21g18a.h:417:27: error: expected &#39;}&#39; before &#39;(&#39; token
 #define ADC               ((Adc      *)0x42004000UL) /**&lt; \brief (ADC) APB Base Address */
                           ^
/Users/alranel/Documents/git/arduino/arduino-testlib/cli-datadir/user/libraries/RadioengeLoraWAN/src/RadioengeLoraWAN.h:52:5: note: in expansion of macro &#39;ADC&#39;
     ADC,
     ^~~
/Users/alranel/Documents/git/arduino/arduino-testlib/cli-datadir/data/packages/arduino/tools/CMSIS-Atmel/1.2.0/CMSIS/Device/ATMEL/samd21/include/samd21g18a.h:417:38: error: expected &#39;)&#39; before &#39;*&#39; token
 #define ADC               ((Adc      *)0x42004000UL) /**&lt; \brief (ADC) APB Base Address */
                                      ^
/Users/alranel/Documents/git/arduino/arduino-testlib/cli-datadir/user/libraries/RadioengeLoraWAN/src/RadioengeLoraWAN.h:52:5: note: in expansion of macro &#39;ADC&#39;
     ADC,
     ^~~
/Users/alranel/Documents/git/arduino/arduino-testlib/cli-datadir/data/packages/arduino/tools/CMSIS-Atmel/1.2.0/CMSIS/Device/ATMEL/samd21/include/samd21g18a.h:417:38: error: expected &#39;)&#39; before &#39;*&#39; token
 #define ADC               ((Adc      *)0x42004000UL) /**&lt; \brief (ADC) APB Base Address */
                                      ^
/Users/alranel/Documents/git/arduino/arduino-testlib/cli-datadir/user/libraries/RadioengeLoraWAN/src/RadioengeLoraWAN.h:52:5: note: in expansion of macro &#39;ADC&#39;
     ADC,
     ^~~
In file included from /private/tmp/arduino-testlib4112829293/test/test.ino:1:0:
/Users/alranel/Documents/git/arduino/arduino-testlib/cli-datadir/user/libraries/RadioengeLoraWAN/src/RadioengeLoraWAN.h:56:1: error: expected declaration before &#39;}&#39; token
 };
 ^

</pre>

					
				
				<h3 id="esp32:esp32:d1_mini32">esp32:esp32:d1_mini32 @ 1.0.6</h3>
				<h4>Inclusion</h4>
				<p>
					Result: <b>PASS</b>
					
				</p>
				<pre class="pre-scrollable">Sketch uses 200890 bytes (15%) of program storage space. Maximum is 1310720 bytes.
Global variables use 13192 bytes (4%) of dynamic memory, leaving 314488 bytes for local variables. Maximum is 327680 bytes.
</pre>

					
				
			</div>
		</div>
	</div>
  </body>
</html>
