
<!doctype html>
<html lang="en">
  <head>
    <meta charset="utf-8">
    <meta name="viewport" content="width=device-width, initial-scale=1">
    <link href="https://cdn.jsdelivr.net/npm/bootstrap@5.0.2/dist/css/bootstrap.min.css" rel="stylesheet" integrity="sha384-EVSTQN3/azprG1Anm3QDgpJLIm9Nao0Yz1ztcQTwFspd3yD65VohhpuuCOmLASjC" crossorigin="anonymous">
    <title>arduino-testlib report</title>
	<style>
	.pass { background-color: #00FF00 !important; }
	.fail { background-color: #FF0000 !important; }
	</style>
  </head>
  <body>
	<div class="container">
		<div class="row">
			<div class="col">
				<h1>RAKwireless ADS7830 library - compatibility matrix</h1>
				<p>
					<small>This report was generated on Wednesday, 23-Feb-22 22:48:15 CET using 
					<a href="https://github.com/alranel/arduino-testlib">arduino-testlib</a>.</small>
				</p>

				<h2>RAKwireless ADS7830 library</h2>
				<p>
					Version: <b>1.0.0</b>
					<br />
					<a href="https://www.arduino.cc/reference/en/libraries/rakwireless-ads7830-library/">More details</a>
				</p>

				<h2>Compatibility matrix</h2>
				<table class="table table-bordered">
					<tr>
						<th>Board</th>
						<th>Claims compatibility</th>
						<th>Inclusion</th>
						
						<th><pre>RAK16001_SingleEnded</pre></th>
						
						<th><pre>RAK16001_Differential</pre></th>
						
					</tr>
					
					<tr>
						<td>
							<a href="#arduino%3aavr%3auno"><b>arduino:avr:uno</b></a>
							<br />
							<small>1.8.4</small>
						</td>

						
							<td>Yes</td>
							<td class="pass">PASS</td>
						
						
						
						

						
							
								
									
										
									
										
											
											<td class="fail">FAIL</td>
										
									
								
							
								
							
								
							
								
							
								
							
						
							
								
									
										
											
											<td class="fail">FAIL</td>
										
									
										
									
								
							
								
							
								
							
								
							
								
							
						
					</tr>
					
					<tr>
						<td>
							<a href="#arduino%3ambed_nano%3ananorp2040connect"><b>arduino:mbed_nano:nanorp2040connect</b></a>
							<br />
							<small>2.7.2</small>
						</td>

						
							<td>Yes</td>
							<td class="pass">PASS</td>
						
						
						
						

						
							
								
							
								
									
										
									
										
											
											<td class="fail">FAIL</td>
										
									
								
							
								
							
								
							
								
							
						
							
								
							
								
									
										
											
											<td class="fail">FAIL</td>
										
									
										
									
								
							
								
							
								
							
								
							
						
					</tr>
					
					<tr>
						<td>
							<a href="#arduino%3amegaavr%3anona4809"><b>arduino:megaavr:nona4809</b></a>
							<br />
							<small>1.8.7</small>
						</td>

						
							<td>Yes</td>
							<td class="pass">PASS</td>
						
						
						
						

						
							
								
							
								
							
								
									
										
									
										
											
											<td class="fail">FAIL</td>
										
									
								
							
								
							
								
							
						
							
								
							
								
							
								
									
										
											
											<td class="fail">FAIL</td>
										
									
										
									
								
							
								
							
								
							
						
					</tr>
					
					<tr>
						<td>
							<a href="#arduino%3asamd%3amkrwifi1010"><b>arduino:samd:mkrwifi1010</b></a>
							<br />
							<small>1.8.12</small>
						</td>

						
							<td>Yes</td>
							<td class="pass">PASS</td>
						
						
						
						

						
							
								
							
								
							
								
							
								
									
										
									
										
											
											<td class="fail">FAIL</td>
										
									
								
							
								
							
						
							
								
							
								
							
								
							
								
									
										
											
											<td class="fail">FAIL</td>
										
									
										
									
								
							
								
							
						
					</tr>
					
					<tr>
						<td>
							<a href="#esp32%3aesp32%3ad1_mini32"><b>esp32:esp32:d1_mini32</b></a>
							<br />
							<small>1.0.6</small>
						</td>

						
							<td>Yes</td>
							<td class="pass">PASS</td>
						
						
						
						

						
							
								
							
								
							
								
							
								
							
								
									
										
									
										
											
											<td class="fail">FAIL</td>
										
									
								
							
						
							
								
							
								
							
								
							
								
							
								
									
										
											
											<td class="fail">FAIL</td>
										
									
										
									
								
							
						
					</tr>
					
				</table>

				<h2>Compilation logs</h2>
				
				<h3 id="arduino:avr:uno">arduino:avr:uno @ 1.8.4</h3>
				<h4>Inclusion</h4>
				<p>
					Result: <b>PASS</b>
					
					<br />This library has no main header file so an empty one was created.
					
				</p>
				<pre class="pre-scrollable">Sketch uses 1636 bytes (5%) of program storage space. Maximum is 32256 bytes.
Global variables use 122 bytes (5%) of dynamic memory, leaving 1926 bytes for local variables. Maximum is 2048 bytes.
</pre>

					
					<h4>examples/RAK16001_Differential</h4>
					<p>
						Result: <b>FAIL</b>
					</p>
					<pre class="pre-scrollable">/home/ec2-user/arduino-testlib/cli-datadir/user/libraries/RAKwireless_ADS7830_library/examples/RAK16001_Differential/RAK16001_Differential.ino: In function &#39;void setup()&#39;:
/home/ec2-user/arduino-testlib/cli-datadir/user/libraries/RAKwireless_ADS7830_library/examples/RAK16001_Differential/RAK16001_Differential.ino:20:3: error: &#39;time_t&#39; was not declared in this scope
   time_t timeout = millis();
   ^~~~~~
/home/ec2-user/arduino-testlib/cli-datadir/user/libraries/RAKwireless_ADS7830_library/examples/RAK16001_Differential/RAK16001_Differential.ino:20:3: note: suggested alternative: &#39;size_t&#39;
   time_t timeout = millis();
   ^~~~~~
   size_t
/home/ec2-user/arduino-testlib/cli-datadir/user/libraries/RAKwireless_ADS7830_library/examples/RAK16001_Differential/RAK16001_Differential.ino:21:11: error: &#39;WB_IO2&#39; was not declared in this scope
   pinMode(WB_IO2, OUTPUT);
           ^~~~~~
/home/ec2-user/arduino-testlib/cli-datadir/user/libraries/RAKwireless_ADS7830_library/examples/RAK16001_Differential/RAK16001_Differential.ino:26:21: error: &#39;timeout&#39; was not declared in this scope
     if ((millis() - timeout) &lt; 5000)
                     ^~~~~~~
/home/ec2-user/arduino-testlib/cli-datadir/user/libraries/RAKwireless_ADS7830_library/examples/RAK16001_Differential/RAK16001_Differential.ino: In function &#39;void loop()&#39;:
/home/ec2-user/arduino-testlib/cli-datadir/user/libraries/RAKwireless_ADS7830_library/examples/RAK16001_Differential/RAK16001_Differential.ino:77:12: error: &#39;class HardwareSerial&#39; has no member named &#39;printf&#39;; did you mean &#39;print&#39;?
     Serial.printf(&#34;Analog input voltage values between channels 0 and 1: %0.2fV\r\n&#34;, result01);
            ^~~~~~
            print
/home/ec2-user/arduino-testlib/cli-datadir/user/libraries/RAKwireless_ADS7830_library/examples/RAK16001_Differential/RAK16001_Differential.ino:79:12: error: &#39;class HardwareSerial&#39; has no member named &#39;printf&#39;; did you mean &#39;print&#39;?
     Serial.printf(&#34;Analog input voltage values between Channels 1 and 0: %0.2fV\r\n&#34;, result10);
            ^~~~~~
            print
/home/ec2-user/arduino-testlib/cli-datadir/user/libraries/RAKwireless_ADS7830_library/examples/RAK16001_Differential/RAK16001_Differential.ino:81:12: error: &#39;class HardwareSerial&#39; has no member named &#39;printf&#39;; did you mean &#39;print&#39;?
     Serial.printf(&#34;Analog input voltage values between Channels 2 and 3: %0.2fV\r\n&#34;, result23);
            ^~~~~~
            print
/home/ec2-user/arduino-testlib/cli-datadir/user/libraries/RAKwireless_ADS7830_library/examples/RAK16001_Differential/RAK16001_Differential.ino:83:12: error: &#39;class HardwareSerial&#39; has no member named &#39;printf&#39;; did you mean &#39;print&#39;?
     Serial.printf(&#34;Analog input voltage values between Channels 3 and 2: %0.2fV\r\n&#34;, result32);
            ^~~~~~
            print
/home/ec2-user/arduino-testlib/cli-datadir/user/libraries/RAKwireless_ADS7830_library/examples/RAK16001_Differential/RAK16001_Differential.ino:85:12: error: &#39;class HardwareSerial&#39; has no member named &#39;printf&#39;; did you mean &#39;print&#39;?
     Serial.printf(&#34;Analog input voltage values between Channels 4 and 5: %0.2fV\r\n&#34;, result45);
            ^~~~~~
            print
/home/ec2-user/arduino-testlib/cli-datadir/user/libraries/RAKwireless_ADS7830_library/examples/RAK16001_Differential/RAK16001_Differential.ino:87:12: error: &#39;class HardwareSerial&#39; has no member named &#39;printf&#39;; did you mean &#39;print&#39;?
     Serial.printf(&#34;Analog input voltage values between Channels 5 and 4: %0.2fV\r\n&#34;, result54);
            ^~~~~~
            print
/home/ec2-user/arduino-testlib/cli-datadir/user/libraries/RAKwireless_ADS7830_library/examples/RAK16001_Differential/RAK16001_Differential.ino:89:12: error: &#39;class HardwareSerial&#39; has no member named &#39;printf&#39;; did you mean &#39;print&#39;?
     Serial.printf(&#34;Analog input voltage values between Channels 6 and 7: %0.2fV\r\n&#34;, result67);
            ^~~~~~
            print
/home/ec2-user/arduino-testlib/cli-datadir/user/libraries/RAKwireless_ADS7830_library/examples/RAK16001_Differential/RAK16001_Differential.ino:91:12: error: &#39;class HardwareSerial&#39; has no member named &#39;printf&#39;; did you mean &#39;print&#39;?
     Serial.printf(&#34;Analog input voltage values between Channels 7 and 6: %0.2fV\r\n&#34;, result76);
            ^~~~~~
            print

</pre>
					
					<h4>examples/RAK16001_SingleEnded</h4>
					<p>
						Result: <b>FAIL</b>
					</p>
					<pre class="pre-scrollable">/home/ec2-user/arduino-testlib/cli-datadir/user/libraries/RAKwireless_ADS7830_library/examples/RAK16001_SingleEnded/RAK16001_SingleEnded.ino: In function &#39;void setup()&#39;:
/home/ec2-user/arduino-testlib/cli-datadir/user/libraries/RAKwireless_ADS7830_library/examples/RAK16001_SingleEnded/RAK16001_SingleEnded.ino:18:3: error: &#39;time_t&#39; was not declared in this scope
   time_t timeout = millis();
   ^~~~~~
/home/ec2-user/arduino-testlib/cli-datadir/user/libraries/RAKwireless_ADS7830_library/examples/RAK16001_SingleEnded/RAK16001_SingleEnded.ino:18:3: note: suggested alternative: &#39;size_t&#39;
   time_t timeout = millis();
   ^~~~~~
   size_t
/home/ec2-user/arduino-testlib/cli-datadir/user/libraries/RAKwireless_ADS7830_library/examples/RAK16001_SingleEnded/RAK16001_SingleEnded.ino:19:11: error: &#39;WB_IO2&#39; was not declared in this scope
   pinMode(WB_IO2, OUTPUT);
           ^~~~~~
/home/ec2-user/arduino-testlib/cli-datadir/user/libraries/RAKwireless_ADS7830_library/examples/RAK16001_SingleEnded/RAK16001_SingleEnded.ino:24:21: error: &#39;timeout&#39; was not declared in this scope
     if ((millis() - timeout) &lt; 5000)
                     ^~~~~~~
/home/ec2-user/arduino-testlib/cli-datadir/user/libraries/RAKwireless_ADS7830_library/examples/RAK16001_SingleEnded/RAK16001_SingleEnded.ino: In function &#39;void loop()&#39;:
/home/ec2-user/arduino-testlib/cli-datadir/user/libraries/RAKwireless_ADS7830_library/examples/RAK16001_SingleEnded/RAK16001_SingleEnded.ino:75:14: error: &#39;class HardwareSerial&#39; has no member named &#39;printf&#39;; did you mean &#39;print&#39;?
       Serial.printf(&#34;Analog input voltage values between Channel %d: %0.2f\r\n&#34;, channelcount, result[channelcount]);
              ^~~~~~
              print

</pre>
					
				
				<h3 id="arduino:mbed_nano:nanorp2040connect">arduino:mbed_nano:nanorp2040connect @ 2.7.2</h3>
				<h4>Inclusion</h4>
				<p>
					Result: <b>PASS</b>
					
				</p>
				<pre class="pre-scrollable">Sketch uses 81706 bytes (0%) of program storage space. Maximum is 16777216 bytes.
Global variables use 44220 bytes (16%) of dynamic memory, leaving 226116 bytes for local variables. Maximum is 270336 bytes.
</pre>

					
					<h4>examples/RAK16001_Differential</h4>
					<p>
						Result: <b>FAIL</b>
					</p>
					<pre class="pre-scrollable">/home/ec2-user/arduino-testlib/cli-datadir/user/libraries/RAKwireless_ADS7830_library/examples/RAK16001_Differential/RAK16001_Differential.ino: In function &#39;void setup()&#39;:
/home/ec2-user/arduino-testlib/cli-datadir/user/libraries/RAKwireless_ADS7830_library/examples/RAK16001_Differential/RAK16001_Differential.ino:21:11: error: &#39;WB_IO2&#39; was not declared in this scope
   pinMode(WB_IO2, OUTPUT);
           ^~~~~~
/home/ec2-user/arduino-testlib/cli-datadir/user/libraries/RAKwireless_ADS7830_library/examples/RAK16001_Differential/RAK16001_Differential.ino:21:11: note: suggested alternative: &#39;__IOM&#39;
   pinMode(WB_IO2, OUTPUT);
           ^~~~~~
           __IOM
/home/ec2-user/arduino-testlib/cli-datadir/user/libraries/RAKwireless_ADS7830_library/examples/RAK16001_Differential/RAK16001_Differential.ino: In function &#39;void loop()&#39;:
/home/ec2-user/arduino-testlib/cli-datadir/user/libraries/RAKwireless_ADS7830_library/examples/RAK16001_Differential/RAK16001_Differential.ino:77:12: error: &#39;class arduino::UART&#39; has no member named &#39;printf&#39;; did you mean &#39;print&#39;?
     Serial.printf(&#34;Analog input voltage values between channels 0 and 1: %0.2fV\r\n&#34;, result01);
            ^~~~~~
            print
/home/ec2-user/arduino-testlib/cli-datadir/user/libraries/RAKwireless_ADS7830_library/examples/RAK16001_Differential/RAK16001_Differential.ino:79:12: error: &#39;class arduino::UART&#39; has no member named &#39;printf&#39;; did you mean &#39;print&#39;?
     Serial.printf(&#34;Analog input voltage values between Channels 1 and 0: %0.2fV\r\n&#34;, result10);
            ^~~~~~
            print
/home/ec2-user/arduino-testlib/cli-datadir/user/libraries/RAKwireless_ADS7830_library/examples/RAK16001_Differential/RAK16001_Differential.ino:81:12: error: &#39;class arduino::UART&#39; has no member named &#39;printf&#39;; did you mean &#39;print&#39;?
     Serial.printf(&#34;Analog input voltage values between Channels 2 and 3: %0.2fV\r\n&#34;, result23);
            ^~~~~~
            print
/home/ec2-user/arduino-testlib/cli-datadir/user/libraries/RAKwireless_ADS7830_library/examples/RAK16001_Differential/RAK16001_Differential.ino:83:12: error: &#39;class arduino::UART&#39; has no member named &#39;printf&#39;; did you mean &#39;print&#39;?
     Serial.printf(&#34;Analog input voltage values between Channels 3 and 2: %0.2fV\r\n&#34;, result32);
            ^~~~~~
            print
/home/ec2-user/arduino-testlib/cli-datadir/user/libraries/RAKwireless_ADS7830_library/examples/RAK16001_Differential/RAK16001_Differential.ino:85:12: error: &#39;class arduino::UART&#39; has no member named &#39;printf&#39;; did you mean &#39;print&#39;?
     Serial.printf(&#34;Analog input voltage values between Channels 4 and 5: %0.2fV\r\n&#34;, result45);
            ^~~~~~
            print
/home/ec2-user/arduino-testlib/cli-datadir/user/libraries/RAKwireless_ADS7830_library/examples/RAK16001_Differential/RAK16001_Differential.ino:87:12: error: &#39;class arduino::UART&#39; has no member named &#39;printf&#39;; did you mean &#39;print&#39;?
     Serial.printf(&#34;Analog input voltage values between Channels 5 and 4: %0.2fV\r\n&#34;, result54);
            ^~~~~~
            print
/home/ec2-user/arduino-testlib/cli-datadir/user/libraries/RAKwireless_ADS7830_library/examples/RAK16001_Differential/RAK16001_Differential.ino:89:12: error: &#39;class arduino::UART&#39; has no member named &#39;printf&#39;; did you mean &#39;print&#39;?
     Serial.printf(&#34;Analog input voltage values between Channels 6 and 7: %0.2fV\r\n&#34;, result67);
            ^~~~~~
            print
/home/ec2-user/arduino-testlib/cli-datadir/user/libraries/RAKwireless_ADS7830_library/examples/RAK16001_Differential/RAK16001_Differential.ino:91:12: error: &#39;class arduino::UART&#39; has no member named &#39;printf&#39;; did you mean &#39;print&#39;?
     Serial.printf(&#34;Analog input voltage values between Channels 7 and 6: %0.2fV\r\n&#34;, result76);
            ^~~~~~
            print

</pre>
					
					<h4>examples/RAK16001_SingleEnded</h4>
					<p>
						Result: <b>FAIL</b>
					</p>
					<pre class="pre-scrollable">/home/ec2-user/arduino-testlib/cli-datadir/user/libraries/RAKwireless_ADS7830_library/examples/RAK16001_SingleEnded/RAK16001_SingleEnded.ino: In function &#39;void setup()&#39;:
/home/ec2-user/arduino-testlib/cli-datadir/user/libraries/RAKwireless_ADS7830_library/examples/RAK16001_SingleEnded/RAK16001_SingleEnded.ino:19:11: error: &#39;WB_IO2&#39; was not declared in this scope
   pinMode(WB_IO2, OUTPUT);
           ^~~~~~
/home/ec2-user/arduino-testlib/cli-datadir/user/libraries/RAKwireless_ADS7830_library/examples/RAK16001_SingleEnded/RAK16001_SingleEnded.ino:19:11: note: suggested alternative: &#39;__IOM&#39;
   pinMode(WB_IO2, OUTPUT);
           ^~~~~~
           __IOM
/home/ec2-user/arduino-testlib/cli-datadir/user/libraries/RAKwireless_ADS7830_library/examples/RAK16001_SingleEnded/RAK16001_SingleEnded.ino: In function &#39;void loop()&#39;:
/home/ec2-user/arduino-testlib/cli-datadir/user/libraries/RAKwireless_ADS7830_library/examples/RAK16001_SingleEnded/RAK16001_SingleEnded.ino:75:14: error: &#39;class arduino::UART&#39; has no member named &#39;printf&#39;; did you mean &#39;print&#39;?
       Serial.printf(&#34;Analog input voltage values between Channel %d: %0.2f\r\n&#34;, channelcount, result[channelcount]);
              ^~~~~~
              print

</pre>
					
				
				<h3 id="arduino:megaavr:nona4809">arduino:megaavr:nona4809 @ 1.8.7</h3>
				<h4>Inclusion</h4>
				<p>
					Result: <b>PASS</b>
					
				</p>
				<pre class="pre-scrollable">Sketch uses 3104 bytes (6%) of program storage space. Maximum is 49152 bytes.
Global variables use 317 bytes (5%) of dynamic memory, leaving 5827 bytes for local variables. Maximum is 6144 bytes.
In file included from /home/ec2-user/arduino-testlib/cli-datadir/user/libraries/RAKwireless_ADS7830_library/src/ADS7830.h:15:0,
                 from /home/ec2-user/arduino-testlib/cli-datadir/user/libraries/RAKwireless_ADS7830_library/src/ADS7830.cpp:12:
/home/ec2-user/arduino-testlib/cli-datadir/data/packages/arduino/hardware/megaavr/1.8.7/libraries/Wire/src/Wire.h: In function &#39;uint8_t readRegister(uint8_t)&#39;:
/home/ec2-user/arduino-testlib/cli-datadir/data/packages/arduino/hardware/megaavr/1.8.7/libraries/Wire/src/Wire.h:63:12: note: candidate 1: size_t TwoWire::requestFrom(int, int)
     size_t requestFrom(int, int);
            ^~~~~~~~~~~
/home/ec2-user/arduino-testlib/cli-datadir/data/packages/arduino/hardware/megaavr/1.8.7/libraries/Wire/src/Wire.h:61:12: note: candidate 2: virtual size_t TwoWire::requestFrom(uint8_t, size_t)
     size_t requestFrom(uint8_t, size_t);
            ^~~~~~~~~~~
</pre>

					
					<h4>examples/RAK16001_Differential</h4>
					<p>
						Result: <b>FAIL</b>
					</p>
					<pre class="pre-scrollable">/home/ec2-user/arduino-testlib/cli-datadir/user/libraries/RAKwireless_ADS7830_library/examples/RAK16001_Differential/RAK16001_Differential.ino: In function &#39;void setup()&#39;:
/home/ec2-user/arduino-testlib/cli-datadir/user/libraries/RAKwireless_ADS7830_library/examples/RAK16001_Differential/RAK16001_Differential.ino:20:3: error: &#39;time_t&#39; was not declared in this scope
   time_t timeout = millis();
   ^~~~~~
/home/ec2-user/arduino-testlib/cli-datadir/user/libraries/RAKwireless_ADS7830_library/examples/RAK16001_Differential/RAK16001_Differential.ino:20:3: note: suggested alternative: &#39;size_t&#39;
   time_t timeout = millis();
   ^~~~~~
   size_t
/home/ec2-user/arduino-testlib/cli-datadir/user/libraries/RAKwireless_ADS7830_library/examples/RAK16001_Differential/RAK16001_Differential.ino:21:11: error: &#39;WB_IO2&#39; was not declared in this scope
   pinMode(WB_IO2, OUTPUT);
           ^~~~~~
/home/ec2-user/arduino-testlib/cli-datadir/user/libraries/RAKwireless_ADS7830_library/examples/RAK16001_Differential/RAK16001_Differential.ino:21:11: note: suggested alternative: &#39;GPIO2&#39;
   pinMode(WB_IO2, OUTPUT);
           ^~~~~~
           GPIO2
/home/ec2-user/arduino-testlib/cli-datadir/user/libraries/RAKwireless_ADS7830_library/examples/RAK16001_Differential/RAK16001_Differential.ino:26:21: error: &#39;timeout&#39; was not declared in this scope
     if ((millis() - timeout) &lt; 5000)
                     ^~~~~~~
/home/ec2-user/arduino-testlib/cli-datadir/user/libraries/RAKwireless_ADS7830_library/examples/RAK16001_Differential/RAK16001_Differential.ino: In function &#39;void loop()&#39;:
/home/ec2-user/arduino-testlib/cli-datadir/user/libraries/RAKwireless_ADS7830_library/examples/RAK16001_Differential/RAK16001_Differential.ino:77:12: error: &#39;class UartClass&#39; has no member named &#39;printf&#39;; did you mean &#39;print&#39;?
     Serial.printf(&#34;Analog input voltage values between channels 0 and 1: %0.2fV\r\n&#34;, result01);
            ^~~~~~
            print
/home/ec2-user/arduino-testlib/cli-datadir/user/libraries/RAKwireless_ADS7830_library/examples/RAK16001_Differential/RAK16001_Differential.ino:79:12: error: &#39;class UartClass&#39; has no member named &#39;printf&#39;; did you mean &#39;print&#39;?
     Serial.printf(&#34;Analog input voltage values between Channels 1 and 0: %0.2fV\r\n&#34;, result10);
            ^~~~~~
            print
/home/ec2-user/arduino-testlib/cli-datadir/user/libraries/RAKwireless_ADS7830_library/examples/RAK16001_Differential/RAK16001_Differential.ino:81:12: error: &#39;class UartClass&#39; has no member named &#39;printf&#39;; did you mean &#39;print&#39;?
     Serial.printf(&#34;Analog input voltage values between Channels 2 and 3: %0.2fV\r\n&#34;, result23);
            ^~~~~~
            print
/home/ec2-user/arduino-testlib/cli-datadir/user/libraries/RAKwireless_ADS7830_library/examples/RAK16001_Differential/RAK16001_Differential.ino:83:12: error: &#39;class UartClass&#39; has no member named &#39;printf&#39;; did you mean &#39;print&#39;?
     Serial.printf(&#34;Analog input voltage values between Channels 3 and 2: %0.2fV\r\n&#34;, result32);
            ^~~~~~
            print
/home/ec2-user/arduino-testlib/cli-datadir/user/libraries/RAKwireless_ADS7830_library/examples/RAK16001_Differential/RAK16001_Differential.ino:85:12: error: &#39;class UartClass&#39; has no member named &#39;printf&#39;; did you mean &#39;print&#39;?
     Serial.printf(&#34;Analog input voltage values between Channels 4 and 5: %0.2fV\r\n&#34;, result45);
            ^~~~~~
            print
/home/ec2-user/arduino-testlib/cli-datadir/user/libraries/RAKwireless_ADS7830_library/examples/RAK16001_Differential/RAK16001_Differential.ino:87:12: error: &#39;class UartClass&#39; has no member named &#39;printf&#39;; did you mean &#39;print&#39;?
     Serial.printf(&#34;Analog input voltage values between Channels 5 and 4: %0.2fV\r\n&#34;, result54);
            ^~~~~~
            print
/home/ec2-user/arduino-testlib/cli-datadir/user/libraries/RAKwireless_ADS7830_library/examples/RAK16001_Differential/RAK16001_Differential.ino:89:12: error: &#39;class UartClass&#39; has no member named &#39;printf&#39;; did you mean &#39;print&#39;?
     Serial.printf(&#34;Analog input voltage values between Channels 6 and 7: %0.2fV\r\n&#34;, result67);
            ^~~~~~
            print
/home/ec2-user/arduino-testlib/cli-datadir/user/libraries/RAKwireless_ADS7830_library/examples/RAK16001_Differential/RAK16001_Differential.ino:91:12: error: &#39;class UartClass&#39; has no member named &#39;printf&#39;; did you mean &#39;print&#39;?
     Serial.printf(&#34;Analog input voltage values between Channels 7 and 6: %0.2fV\r\n&#34;, result76);
            ^~~~~~
            print

</pre>
					
					<h4>examples/RAK16001_SingleEnded</h4>
					<p>
						Result: <b>FAIL</b>
					</p>
					<pre class="pre-scrollable">/home/ec2-user/arduino-testlib/cli-datadir/user/libraries/RAKwireless_ADS7830_library/examples/RAK16001_SingleEnded/RAK16001_SingleEnded.ino: In function &#39;void setup()&#39;:
/home/ec2-user/arduino-testlib/cli-datadir/user/libraries/RAKwireless_ADS7830_library/examples/RAK16001_SingleEnded/RAK16001_SingleEnded.ino:18:3: error: &#39;time_t&#39; was not declared in this scope
   time_t timeout = millis();
   ^~~~~~
/home/ec2-user/arduino-testlib/cli-datadir/user/libraries/RAKwireless_ADS7830_library/examples/RAK16001_SingleEnded/RAK16001_SingleEnded.ino:18:3: note: suggested alternative: &#39;size_t&#39;
   time_t timeout = millis();
   ^~~~~~
   size_t
/home/ec2-user/arduino-testlib/cli-datadir/user/libraries/RAKwireless_ADS7830_library/examples/RAK16001_SingleEnded/RAK16001_SingleEnded.ino:19:11: error: &#39;WB_IO2&#39; was not declared in this scope
   pinMode(WB_IO2, OUTPUT);
           ^~~~~~
/home/ec2-user/arduino-testlib/cli-datadir/user/libraries/RAKwireless_ADS7830_library/examples/RAK16001_SingleEnded/RAK16001_SingleEnded.ino:19:11: note: suggested alternative: &#39;GPIO2&#39;
   pinMode(WB_IO2, OUTPUT);
           ^~~~~~
           GPIO2
/home/ec2-user/arduino-testlib/cli-datadir/user/libraries/RAKwireless_ADS7830_library/examples/RAK16001_SingleEnded/RAK16001_SingleEnded.ino:24:21: error: &#39;timeout&#39; was not declared in this scope
     if ((millis() - timeout) &lt; 5000)
                     ^~~~~~~
/home/ec2-user/arduino-testlib/cli-datadir/user/libraries/RAKwireless_ADS7830_library/examples/RAK16001_SingleEnded/RAK16001_SingleEnded.ino: In function &#39;void loop()&#39;:
/home/ec2-user/arduino-testlib/cli-datadir/user/libraries/RAKwireless_ADS7830_library/examples/RAK16001_SingleEnded/RAK16001_SingleEnded.ino:75:14: error: &#39;class UartClass&#39; has no member named &#39;printf&#39;; did you mean &#39;print&#39;?
       Serial.printf(&#34;Analog input voltage values between Channel %d: %0.2f\r\n&#34;, channelcount, result[channelcount]);
              ^~~~~~
              print

</pre>
					
				
				<h3 id="arduino:samd:mkrwifi1010">arduino:samd:mkrwifi1010 @ 1.8.12</h3>
				<h4>Inclusion</h4>
				<p>
					Result: <b>PASS</b>
					
					<br />This library has no main header file so an empty one was created.
					
				</p>
				<pre class="pre-scrollable">Sketch uses 13588 bytes (5%) of program storage space. Maximum is 262144 bytes.
Global variables use 3568 bytes (10%) of dynamic memory, leaving 29200 bytes for local variables. Maximum is 32768 bytes.
</pre>

					
					<h4>examples/RAK16001_Differential</h4>
					<p>
						Result: <b>FAIL</b>
					</p>
					<pre class="pre-scrollable">/home/ec2-user/arduino-testlib/cli-datadir/user/libraries/RAKwireless_ADS7830_library/examples/RAK16001_Differential/RAK16001_Differential.ino: In function &#39;void setup()&#39;:
/home/ec2-user/arduino-testlib/cli-datadir/user/libraries/RAKwireless_ADS7830_library/examples/RAK16001_Differential/RAK16001_Differential.ino:21:11: error: &#39;WB_IO2&#39; was not declared in this scope
   pinMode(WB_IO2, OUTPUT);
           ^~~~~~
/home/ec2-user/arduino-testlib/cli-datadir/user/libraries/RAKwireless_ADS7830_library/examples/RAK16001_Differential/RAK16001_Differential.ino:21:11: note: suggested alternative: &#39;__IOM&#39;
   pinMode(WB_IO2, OUTPUT);
           ^~~~~~
           __IOM
/home/ec2-user/arduino-testlib/cli-datadir/user/libraries/RAKwireless_ADS7830_library/examples/RAK16001_Differential/RAK16001_Differential.ino: In function &#39;void loop()&#39;:
/home/ec2-user/arduino-testlib/cli-datadir/user/libraries/RAKwireless_ADS7830_library/examples/RAK16001_Differential/RAK16001_Differential.ino:77:12: error: &#39;class Serial_&#39; has no member named &#39;printf&#39;; did you mean &#39;print&#39;?
     Serial.printf(&#34;Analog input voltage values between channels 0 and 1: %0.2fV\r\n&#34;, result01);
            ^~~~~~
            print
/home/ec2-user/arduino-testlib/cli-datadir/user/libraries/RAKwireless_ADS7830_library/examples/RAK16001_Differential/RAK16001_Differential.ino:79:12: error: &#39;class Serial_&#39; has no member named &#39;printf&#39;; did you mean &#39;print&#39;?
     Serial.printf(&#34;Analog input voltage values between Channels 1 and 0: %0.2fV\r\n&#34;, result10);
            ^~~~~~
            print
/home/ec2-user/arduino-testlib/cli-datadir/user/libraries/RAKwireless_ADS7830_library/examples/RAK16001_Differential/RAK16001_Differential.ino:81:12: error: &#39;class Serial_&#39; has no member named &#39;printf&#39;; did you mean &#39;print&#39;?
     Serial.printf(&#34;Analog input voltage values between Channels 2 and 3: %0.2fV\r\n&#34;, result23);
            ^~~~~~
            print
/home/ec2-user/arduino-testlib/cli-datadir/user/libraries/RAKwireless_ADS7830_library/examples/RAK16001_Differential/RAK16001_Differential.ino:83:12: error: &#39;class Serial_&#39; has no member named &#39;printf&#39;; did you mean &#39;print&#39;?
     Serial.printf(&#34;Analog input voltage values between Channels 3 and 2: %0.2fV\r\n&#34;, result32);
            ^~~~~~
            print
/home/ec2-user/arduino-testlib/cli-datadir/user/libraries/RAKwireless_ADS7830_library/examples/RAK16001_Differential/RAK16001_Differential.ino:85:12: error: &#39;class Serial_&#39; has no member named &#39;printf&#39;; did you mean &#39;print&#39;?
     Serial.printf(&#34;Analog input voltage values between Channels 4 and 5: %0.2fV\r\n&#34;, result45);
            ^~~~~~
            print
/home/ec2-user/arduino-testlib/cli-datadir/user/libraries/RAKwireless_ADS7830_library/examples/RAK16001_Differential/RAK16001_Differential.ino:87:12: error: &#39;class Serial_&#39; has no member named &#39;printf&#39;; did you mean &#39;print&#39;?
     Serial.printf(&#34;Analog input voltage values between Channels 5 and 4: %0.2fV\r\n&#34;, result54);
            ^~~~~~
            print
/home/ec2-user/arduino-testlib/cli-datadir/user/libraries/RAKwireless_ADS7830_library/examples/RAK16001_Differential/RAK16001_Differential.ino:89:12: error: &#39;class Serial_&#39; has no member named &#39;printf&#39;; did you mean &#39;print&#39;?
     Serial.printf(&#34;Analog input voltage values between Channels 6 and 7: %0.2fV\r\n&#34;, result67);
            ^~~~~~
            print
/home/ec2-user/arduino-testlib/cli-datadir/user/libraries/RAKwireless_ADS7830_library/examples/RAK16001_Differential/RAK16001_Differential.ino:91:12: error: &#39;class Serial_&#39; has no member named &#39;printf&#39;; did you mean &#39;print&#39;?
     Serial.printf(&#34;Analog input voltage values between Channels 7 and 6: %0.2fV\r\n&#34;, result76);
            ^~~~~~
            print

</pre>
					
					<h4>examples/RAK16001_SingleEnded</h4>
					<p>
						Result: <b>FAIL</b>
					</p>
					<pre class="pre-scrollable">/home/ec2-user/arduino-testlib/cli-datadir/user/libraries/RAKwireless_ADS7830_library/examples/RAK16001_SingleEnded/RAK16001_SingleEnded.ino: In function &#39;void setup()&#39;:
/home/ec2-user/arduino-testlib/cli-datadir/user/libraries/RAKwireless_ADS7830_library/examples/RAK16001_SingleEnded/RAK16001_SingleEnded.ino:19:11: error: &#39;WB_IO2&#39; was not declared in this scope
   pinMode(WB_IO2, OUTPUT);
           ^~~~~~
/home/ec2-user/arduino-testlib/cli-datadir/user/libraries/RAKwireless_ADS7830_library/examples/RAK16001_SingleEnded/RAK16001_SingleEnded.ino:19:11: note: suggested alternative: &#39;__IOM&#39;
   pinMode(WB_IO2, OUTPUT);
           ^~~~~~
           __IOM
/home/ec2-user/arduino-testlib/cli-datadir/user/libraries/RAKwireless_ADS7830_library/examples/RAK16001_SingleEnded/RAK16001_SingleEnded.ino: In function &#39;void loop()&#39;:
/home/ec2-user/arduino-testlib/cli-datadir/user/libraries/RAKwireless_ADS7830_library/examples/RAK16001_SingleEnded/RAK16001_SingleEnded.ino:75:14: error: &#39;class Serial_&#39; has no member named &#39;printf&#39;; did you mean &#39;print&#39;?
       Serial.printf(&#34;Analog input voltage values between Channel %d: %0.2f\r\n&#34;, channelcount, result[channelcount]);
              ^~~~~~
              print

</pre>
					
				
				<h3 id="esp32:esp32:d1_mini32">esp32:esp32:d1_mini32 @ 1.0.6</h3>
				<h4>Inclusion</h4>
				<p>
					Result: <b>PASS</b>
					
				</p>
				<pre class="pre-scrollable">Sketch uses 202490 bytes (15%) of program storage space. Maximum is 1310720 bytes.
Global variables use 13880 bytes (4%) of dynamic memory, leaving 313800 bytes for local variables. Maximum is 327680 bytes.
</pre>

					
					<h4>examples/RAK16001_Differential</h4>
					<p>
						Result: <b>FAIL</b>
					</p>
					<pre class="pre-scrollable">/home/ec2-user/arduino-testlib/cli-datadir/user/libraries/RAKwireless_ADS7830_library/examples/RAK16001_Differential/RAK16001_Differential.ino: In function &#39;void setup()&#39;:
/home/ec2-user/arduino-testlib/cli-datadir/user/libraries/RAKwireless_ADS7830_library/examples/RAK16001_Differential/RAK16001_Differential.ino:21:11: error: &#39;WB_IO2&#39; was not declared in this scope
   pinMode(WB_IO2, OUTPUT);
           ^

</pre>
					
					<h4>examples/RAK16001_SingleEnded</h4>
					<p>
						Result: <b>FAIL</b>
					</p>
					<pre class="pre-scrollable">/home/ec2-user/arduino-testlib/cli-datadir/user/libraries/RAKwireless_ADS7830_library/examples/RAK16001_SingleEnded/RAK16001_SingleEnded.ino: In function &#39;void setup()&#39;:
/home/ec2-user/arduino-testlib/cli-datadir/user/libraries/RAKwireless_ADS7830_library/examples/RAK16001_SingleEnded/RAK16001_SingleEnded.ino:19:11: error: &#39;WB_IO2&#39; was not declared in this scope
   pinMode(WB_IO2, OUTPUT);
           ^

</pre>
					
				
			</div>
		</div>
	</div>
  </body>
</html>
