
<!doctype html>
<html lang="en">
  <head>
    <meta charset="utf-8">
    <meta name="viewport" content="width=device-width, initial-scale=1">
    <link href="https://cdn.jsdelivr.net/npm/bootstrap@5.0.2/dist/css/bootstrap.min.css" rel="stylesheet" integrity="sha384-EVSTQN3/azprG1Anm3QDgpJLIm9Nao0Yz1ztcQTwFspd3yD65VohhpuuCOmLASjC" crossorigin="anonymous">
    <title>arduino-testlib report</title>
	<style>
	.pass { background-color: #00FF00 !important; }
	.fail { background-color: #FF0000 !important; }
	</style>
  </head>
  <body>
	<div class="container">
		<div class="row">
			<div class="col">
				<h1>RAKwireless CAP1293 Touch Pad library - compatibility matrix</h1>
				<p>
					<small>This report was generated on Wednesday, 23-Feb-22 22:48:15 CET using 
					<a href="https://github.com/alranel/arduino-testlib">arduino-testlib</a>.</small>
				</p>

				<h2>RAKwireless CAP1293 Touch Pad library</h2>
				<p>
					Version: <b>1.0.2</b>
					<br />
					<a href="https://www.arduino.cc/reference/en/libraries/rakwireless-cap1293-touch-pad-library/">More details</a>
				</p>

				<h2>Compatibility matrix</h2>
				<table class="table table-bordered">
					<tr>
						<th>Board</th>
						<th>Claims compatibility</th>
						<th>Inclusion</th>
						
						<th><pre>Example07_SetSensitivity</pre></th>
						
						<th><pre>Example08_setMultiTouchDisabled</pre></th>
						
						<th><pre>Example01_BasicReading</pre></th>
						
						<th><pre>Example03_DetectSwipe</pre></th>
						
						<th><pre>Example04_PowerButton</pre></th>
						
						<th><pre>Example05_SetRepeatRateEnabled</pre></th>
						
						<th><pre>Example06_DisableInterrupt</pre></th>
						
						<th><pre>Example02_DetectAnyTouch</pre></th>
						
						<th><pre>Example09_setReleaseInterruptEnabled</pre></th>
						
						<th><pre>Example10_setMTPEnabled</pre></th>
						
					</tr>
					
					<tr>
						<td>
							<a href="#arduino%3aavr%3auno"><b>arduino:avr:uno</b></a>
							<br />
							<small>1.8.4</small>
						</td>

						
							<td>Yes</td>
							<td class="pass">PASS</td>
						
						
						
						

						
							
								
									
										
									
										
									
										
									
										
									
										
									
										
									
										
											
											<td class="fail">FAIL</td>
										
									
										
									
										
									
										
									
								
							
								
							
								
							
								
							
								
							
						
							
								
									
										
									
										
									
										
									
										
									
										
									
										
									
										
									
										
											
											<td class="fail">FAIL</td>
										
									
										
									
										
									
								
							
								
							
								
							
								
							
								
							
						
							
								
									
										
											
											<td class="fail">FAIL</td>
										
									
										
									
										
									
										
									
										
									
										
									
										
									
										
									
										
									
										
									
								
							
								
							
								
							
								
							
								
							
						
							
								
									
										
									
										
									
										
											
											<td class="fail">FAIL</td>
										
									
										
									
										
									
										
									
										
									
										
									
										
									
										
									
								
							
								
							
								
							
								
							
								
							
						
							
								
									
										
									
										
									
										
									
										
											
											<td class="fail">FAIL</td>
										
									
										
									
										
									
										
									
										
									
										
									
										
									
								
							
								
							
								
							
								
							
								
							
						
							
								
									
										
									
										
									
										
									
										
									
										
											
											<td class="fail">FAIL</td>
										
									
										
									
										
									
										
									
										
									
										
									
								
							
								
							
								
							
								
							
								
							
						
							
								
									
										
									
										
									
										
									
										
									
										
									
										
											
											<td class="fail">FAIL</td>
										
									
										
									
										
									
										
									
										
									
								
							
								
							
								
							
								
							
								
							
						
							
								
									
										
									
										
											
											<td class="fail">FAIL</td>
										
									
										
									
										
									
										
									
										
									
										
									
										
									
										
									
										
									
								
							
								
							
								
							
								
							
								
							
						
							
								
									
										
									
										
									
										
									
										
									
										
									
										
									
										
									
										
									
										
											
											<td class="fail">FAIL</td>
										
									
										
									
								
							
								
							
								
							
								
							
								
							
						
							
								
									
										
									
										
									
										
									
										
									
										
									
										
									
										
									
										
									
										
									
										
											
											<td class="fail">FAIL</td>
										
									
								
							
								
							
								
							
								
							
								
							
						
					</tr>
					
					<tr>
						<td>
							<a href="#arduino%3ambed_nano%3ananorp2040connect"><b>arduino:mbed_nano:nanorp2040connect</b></a>
							<br />
							<small>2.7.2</small>
						</td>

						
							<td>Yes</td>
							<td class="pass">PASS</td>
						
						
						
						

						
							
								
							
								
									
										
									
										
									
										
									
										
									
										
									
										
									
										
											<td class="pass">PASS</td>
											
										
									
										
									
										
									
										
									
								
							
								
							
								
							
								
							
						
							
								
							
								
									
										
									
										
									
										
									
										
									
										
									
										
									
										
									
										
											
											<td class="fail">FAIL</td>
										
									
										
									
										
									
								
							
								
							
								
							
								
							
						
							
								
							
								
									
										
											<td class="pass">PASS</td>
											
										
									
										
									
										
									
										
									
										
									
										
									
										
									
										
									
										
									
										
									
								
							
								
							
								
							
								
							
						
							
								
							
								
									
										
									
										
									
										
											<td class="pass">PASS</td>
											
										
									
										
									
										
									
										
									
										
									
										
									
										
									
										
									
								
							
								
							
								
							
								
							
						
							
								
							
								
									
										
									
										
									
										
									
										
											
											<td class="fail">FAIL</td>
										
									
										
									
										
									
										
									
										
									
										
									
										
									
								
							
								
							
								
							
								
							
						
							
								
							
								
									
										
									
										
									
										
									
										
									
										
											
											<td class="fail">FAIL</td>
										
									
										
									
										
									
										
									
										
									
										
									
								
							
								
							
								
							
								
							
						
							
								
							
								
									
										
									
										
									
										
									
										
									
										
									
										
											
											<td class="fail">FAIL</td>
										
									
										
									
										
									
										
									
										
									
								
							
								
							
								
							
								
							
						
							
								
							
								
									
										
									
										
											<td class="pass">PASS</td>
											
										
									
										
									
										
									
										
									
										
									
										
									
										
									
										
									
										
									
								
							
								
							
								
							
								
							
						
							
								
							
								
									
										
									
										
									
										
									
										
									
										
									
										
									
										
									
										
									
										
											
											<td class="fail">FAIL</td>
										
									
										
									
								
							
								
							
								
							
								
							
						
							
								
							
								
									
										
									
										
									
										
									
										
									
										
									
										
									
										
									
										
									
										
									
										
											
											<td class="fail">FAIL</td>
										
									
								
							
								
							
								
							
								
							
						
					</tr>
					
					<tr>
						<td>
							<a href="#arduino%3amegaavr%3anona4809"><b>arduino:megaavr:nona4809</b></a>
							<br />
							<small>1.8.7</small>
						</td>

						
							<td>Yes</td>
							<td class="pass">PASS</td>
						
						
						
						

						
							
								
							
								
							
								
									
										
									
										
									
										
									
										
									
										
									
										
									
										
											
											<td class="fail">FAIL</td>
										
									
										
									
										
									
										
									
								
							
								
							
								
							
						
							
								
							
								
							
								
									
										
									
										
									
										
									
										
									
										
									
										
									
										
									
										
											
											<td class="fail">FAIL</td>
										
									
										
									
										
									
								
							
								
							
								
							
						
							
								
							
								
							
								
									
										
											
											<td class="fail">FAIL</td>
										
									
										
									
										
									
										
									
										
									
										
									
										
									
										
									
										
									
										
									
								
							
								
							
								
							
						
							
								
							
								
							
								
									
										
									
										
									
										
											
											<td class="fail">FAIL</td>
										
									
										
									
										
									
										
									
										
									
										
									
										
									
										
									
								
							
								
							
								
							
						
							
								
							
								
							
								
									
										
									
										
									
										
									
										
											
											<td class="fail">FAIL</td>
										
									
										
									
										
									
										
									
										
									
										
									
										
									
								
							
								
							
								
							
						
							
								
							
								
							
								
									
										
									
										
									
										
									
										
									
										
											
											<td class="fail">FAIL</td>
										
									
										
									
										
									
										
									
										
									
										
									
								
							
								
							
								
							
						
							
								
							
								
							
								
									
										
									
										
									
										
									
										
									
										
									
										
											
											<td class="fail">FAIL</td>
										
									
										
									
										
									
										
									
										
									
								
							
								
							
								
							
						
							
								
							
								
							
								
									
										
									
										
											
											<td class="fail">FAIL</td>
										
									
										
									
										
									
										
									
										
									
										
									
										
									
										
									
										
									
								
							
								
							
								
							
						
							
								
							
								
							
								
									
										
									
										
									
										
									
										
									
										
									
										
									
										
									
										
									
										
											
											<td class="fail">FAIL</td>
										
									
										
									
								
							
								
							
								
							
						
							
								
							
								
							
								
									
										
									
										
									
										
									
										
									
										
									
										
									
										
									
										
									
										
									
										
											
											<td class="fail">FAIL</td>
										
									
								
							
								
							
								
							
						
					</tr>
					
					<tr>
						<td>
							<a href="#arduino%3asamd%3amkrwifi1010"><b>arduino:samd:mkrwifi1010</b></a>
							<br />
							<small>1.8.12</small>
						</td>

						
							<td>Yes</td>
							<td class="pass">PASS</td>
						
						
						
						

						
							
								
							
								
							
								
							
								
									
										
									
										
									
										
									
										
									
										
									
										
									
										
											<td class="pass">PASS</td>
											
										
									
										
									
										
									
										
									
								
							
								
							
						
							
								
							
								
							
								
							
								
									
										
									
										
									
										
									
										
									
										
									
										
									
										
									
										
											
											<td class="fail">FAIL</td>
										
									
										
									
										
									
								
							
								
							
						
							
								
							
								
							
								
							
								
									
										
											<td class="pass">PASS</td>
											
										
									
										
									
										
									
										
									
										
									
										
									
										
									
										
									
										
									
										
									
								
							
								
							
						
							
								
							
								
							
								
							
								
									
										
									
										
									
										
											<td class="pass">PASS</td>
											
										
									
										
									
										
									
										
									
										
									
										
									
										
									
										
									
								
							
								
							
						
							
								
							
								
							
								
							
								
									
										
									
										
									
										
									
										
											
											<td class="fail">FAIL</td>
										
									
										
									
										
									
										
									
										
									
										
									
										
									
								
							
								
							
						
							
								
							
								
							
								
							
								
									
										
									
										
									
										
									
										
									
										
											
											<td class="fail">FAIL</td>
										
									
										
									
										
									
										
									
										
									
										
									
								
							
								
							
						
							
								
							
								
							
								
							
								
									
										
									
										
									
										
									
										
									
										
									
										
											
											<td class="fail">FAIL</td>
										
									
										
									
										
									
										
									
										
									
								
							
								
							
						
							
								
							
								
							
								
							
								
									
										
									
										
											<td class="pass">PASS</td>
											
										
									
										
									
										
									
										
									
										
									
										
									
										
									
										
									
										
									
								
							
								
							
						
							
								
							
								
							
								
							
								
									
										
									
										
									
										
									
										
									
										
									
										
									
										
									
										
									
										
											
											<td class="fail">FAIL</td>
										
									
										
									
								
							
								
							
						
							
								
							
								
							
								
							
								
									
										
									
										
									
										
									
										
									
										
									
										
									
										
									
										
									
										
									
										
											
											<td class="fail">FAIL</td>
										
									
								
							
								
							
						
					</tr>
					
					<tr>
						<td>
							<a href="#esp32%3aesp32%3ad1_mini32"><b>esp32:esp32:d1_mini32</b></a>
							<br />
							<small>1.0.6</small>
						</td>

						
							<td>Yes</td>
							<td class="pass">PASS</td>
						
						
						
						

						
							
								
							
								
							
								
							
								
							
								
									
										
									
										
									
										
									
										
									
										
									
										
									
										
											<td class="pass">PASS</td>
											
										
									
										
									
										
									
										
									
								
							
						
							
								
							
								
							
								
							
								
							
								
									
										
									
										
									
										
									
										
									
										
									
										
									
										
									
										
											
											<td class="fail">FAIL</td>
										
									
										
									
										
									
								
							
						
							
								
							
								
							
								
							
								
							
								
									
										
											<td class="pass">PASS</td>
											
										
									
										
									
										
									
										
									
										
									
										
									
										
									
										
									
										
									
										
									
								
							
						
							
								
							
								
							
								
							
								
							
								
									
										
									
										
									
										
											<td class="pass">PASS</td>
											
										
									
										
									
										
									
										
									
										
									
										
									
										
									
										
									
								
							
						
							
								
							
								
							
								
							
								
							
								
									
										
									
										
									
										
									
										
											
											<td class="fail">FAIL</td>
										
									
										
									
										
									
										
									
										
									
										
									
										
									
								
							
						
							
								
							
								
							
								
							
								
							
								
									
										
									
										
									
										
									
										
									
										
											
											<td class="fail">FAIL</td>
										
									
										
									
										
									
										
									
										
									
										
									
								
							
						
							
								
							
								
							
								
							
								
							
								
									
										
									
										
									
										
									
										
									
										
									
										
											
											<td class="fail">FAIL</td>
										
									
										
									
										
									
										
									
										
									
								
							
						
							
								
							
								
							
								
							
								
							
								
									
										
									
										
											<td class="pass">PASS</td>
											
										
									
										
									
										
									
										
									
										
									
										
									
										
									
										
									
										
									
								
							
						
							
								
							
								
							
								
							
								
							
								
									
										
									
										
									
										
									
										
									
										
									
										
									
										
									
										
									
										
											
											<td class="fail">FAIL</td>
										
									
										
									
								
							
						
							
								
							
								
							
								
							
								
							
								
									
										
									
										
									
										
									
										
									
										
									
										
									
										
									
										
									
										
									
										
											
											<td class="fail">FAIL</td>
										
									
								
							
						
					</tr>
					
				</table>

				<h2>Compilation logs</h2>
				
				<h3 id="arduino:avr:uno">arduino:avr:uno @ 1.8.4</h3>
				<h4>Inclusion</h4>
				<p>
					Result: <b>PASS</b>
					
				</p>
				<pre class="pre-scrollable">Sketch uses 1636 bytes (5%) of program storage space. Maximum is 32256 bytes.
Global variables use 122 bytes (5%) of dynamic memory, leaving 1926 bytes for local variables. Maximum is 2048 bytes.
</pre>

					
					<h4>examples/Example01_BasicReading</h4>
					<p>
						Result: <b>FAIL</b>
					</p>
					<pre class="pre-scrollable">/home/ec2-user/arduino-testlib/cli-datadir/user/libraries/RAKwireless_CAP1293_Touch_Pad_library/examples/Example01_BasicReading/Example01_BasicReading.ino: In function &#39;void setup()&#39;:
/home/ec2-user/arduino-testlib/cli-datadir/user/libraries/RAKwireless_CAP1293_Touch_Pad_library/examples/Example01_BasicReading/Example01_BasicReading.ino:21:3: error: &#39;time_t&#39; was not declared in this scope
   time_t timeout = millis();
   ^~~~~~
/home/ec2-user/arduino-testlib/cli-datadir/user/libraries/RAKwireless_CAP1293_Touch_Pad_library/examples/Example01_BasicReading/Example01_BasicReading.ino:21:3: note: suggested alternative: &#39;size_t&#39;
   time_t timeout = millis();
   ^~~~~~
   size_t
/home/ec2-user/arduino-testlib/cli-datadir/user/libraries/RAKwireless_CAP1293_Touch_Pad_library/examples/Example01_BasicReading/Example01_BasicReading.ino:24:21: error: &#39;timeout&#39; was not declared in this scope
     if ((millis() - timeout) &lt; 5000)
                     ^~~~~~~

</pre>
					
					<h4>examples/Example02_DetectAnyTouch</h4>
					<p>
						Result: <b>FAIL</b>
					</p>
					<pre class="pre-scrollable">/home/ec2-user/arduino-testlib/cli-datadir/user/libraries/RAKwireless_CAP1293_Touch_Pad_library/examples/Example02_DetectAnyTouch/Example02_DetectAnyTouch.ino: In function &#39;void setup()&#39;:
/home/ec2-user/arduino-testlib/cli-datadir/user/libraries/RAKwireless_CAP1293_Touch_Pad_library/examples/Example02_DetectAnyTouch/Example02_DetectAnyTouch.ino:20:3: error: &#39;time_t&#39; was not declared in this scope
   time_t timeout = millis();
   ^~~~~~
/home/ec2-user/arduino-testlib/cli-datadir/user/libraries/RAKwireless_CAP1293_Touch_Pad_library/examples/Example02_DetectAnyTouch/Example02_DetectAnyTouch.ino:20:3: note: suggested alternative: &#39;size_t&#39;
   time_t timeout = millis();
   ^~~~~~
   size_t
/home/ec2-user/arduino-testlib/cli-datadir/user/libraries/RAKwireless_CAP1293_Touch_Pad_library/examples/Example02_DetectAnyTouch/Example02_DetectAnyTouch.ino:23:21: error: &#39;timeout&#39; was not declared in this scope
     if ((millis() - timeout) &lt; 5000)
                     ^~~~~~~

</pre>
					
					<h4>examples/Example03_DetectSwipe</h4>
					<p>
						Result: <b>FAIL</b>
					</p>
					<pre class="pre-scrollable">/home/ec2-user/arduino-testlib/cli-datadir/user/libraries/RAKwireless_CAP1293_Touch_Pad_library/examples/Example03_DetectSwipe/Example03_DetectSwipe.ino: In function &#39;void setup()&#39;:
/home/ec2-user/arduino-testlib/cli-datadir/user/libraries/RAKwireless_CAP1293_Touch_Pad_library/examples/Example03_DetectSwipe/Example03_DetectSwipe.ino:20:3: error: &#39;time_t&#39; was not declared in this scope
   time_t timeout = millis();
   ^~~~~~
/home/ec2-user/arduino-testlib/cli-datadir/user/libraries/RAKwireless_CAP1293_Touch_Pad_library/examples/Example03_DetectSwipe/Example03_DetectSwipe.ino:20:3: note: suggested alternative: &#39;size_t&#39;
   time_t timeout = millis();
   ^~~~~~
   size_t
/home/ec2-user/arduino-testlib/cli-datadir/user/libraries/RAKwireless_CAP1293_Touch_Pad_library/examples/Example03_DetectSwipe/Example03_DetectSwipe.ino:23:21: error: &#39;timeout&#39; was not declared in this scope
     if ((millis() - timeout) &lt; 5000)
                     ^~~~~~~

</pre>
					
					<h4>examples/Example04_PowerButton</h4>
					<p>
						Result: <b>FAIL</b>
					</p>
					<pre class="pre-scrollable">/home/ec2-user/arduino-testlib/cli-datadir/user/libraries/RAKwireless_CAP1293_Touch_Pad_library/examples/Example04_PowerButton/Example04_PowerButton.ino:16:37: error: &#39;WB_IO6&#39; was not declared in this scope
 static const int8_t gInterruptPin = WB_IO6;   // interrupt pin
                                     ^~~~~~
/home/ec2-user/arduino-testlib/cli-datadir/user/libraries/RAKwireless_CAP1293_Touch_Pad_library/examples/Example04_PowerButton/Example04_PowerButton.ino: In function &#39;void setup()&#39;:
/home/ec2-user/arduino-testlib/cli-datadir/user/libraries/RAKwireless_CAP1293_Touch_Pad_library/examples/Example04_PowerButton/Example04_PowerButton.ino:29:3: error: &#39;time_t&#39; was not declared in this scope
   time_t timeout = millis();
   ^~~~~~
/home/ec2-user/arduino-testlib/cli-datadir/user/libraries/RAKwireless_CAP1293_Touch_Pad_library/examples/Example04_PowerButton/Example04_PowerButton.ino:29:3: note: suggested alternative: &#39;size_t&#39;
   time_t timeout = millis();
   ^~~~~~
   size_t
/home/ec2-user/arduino-testlib/cli-datadir/user/libraries/RAKwireless_CAP1293_Touch_Pad_library/examples/Example04_PowerButton/Example04_PowerButton.ino:32:21: error: &#39;timeout&#39; was not declared in this scope
     if ((millis() - timeout) &lt; 5000)
                     ^~~~~~~

</pre>
					
					<h4>examples/Example05_SetRepeatRateEnabled</h4>
					<p>
						Result: <b>FAIL</b>
					</p>
					<pre class="pre-scrollable">/home/ec2-user/arduino-testlib/cli-datadir/user/libraries/RAKwireless_CAP1293_Touch_Pad_library/examples/Example05_SetRepeatRateEnabled/Example05_SetRepeatRateEnabled.ino:16:37: error: &#39;WB_IO6&#39; was not declared in this scope
 static const int8_t gInterruptPin = WB_IO6;   // interrupt pin
                                     ^~~~~~
/home/ec2-user/arduino-testlib/cli-datadir/user/libraries/RAKwireless_CAP1293_Touch_Pad_library/examples/Example05_SetRepeatRateEnabled/Example05_SetRepeatRateEnabled.ino: In function &#39;void setup()&#39;:
/home/ec2-user/arduino-testlib/cli-datadir/user/libraries/RAKwireless_CAP1293_Touch_Pad_library/examples/Example05_SetRepeatRateEnabled/Example05_SetRepeatRateEnabled.ino:29:3: error: &#39;time_t&#39; was not declared in this scope
   time_t timeout = millis();
   ^~~~~~
/home/ec2-user/arduino-testlib/cli-datadir/user/libraries/RAKwireless_CAP1293_Touch_Pad_library/examples/Example05_SetRepeatRateEnabled/Example05_SetRepeatRateEnabled.ino:29:3: note: suggested alternative: &#39;size_t&#39;
   time_t timeout = millis();
   ^~~~~~
   size_t
/home/ec2-user/arduino-testlib/cli-datadir/user/libraries/RAKwireless_CAP1293_Touch_Pad_library/examples/Example05_SetRepeatRateEnabled/Example05_SetRepeatRateEnabled.ino:32:21: error: &#39;timeout&#39; was not declared in this scope
     if ((millis() - timeout) &lt; 5000)
                     ^~~~~~~

</pre>
					
					<h4>examples/Example06_DisableInterrupt</h4>
					<p>
						Result: <b>FAIL</b>
					</p>
					<pre class="pre-scrollable">/home/ec2-user/arduino-testlib/cli-datadir/user/libraries/RAKwireless_CAP1293_Touch_Pad_library/examples/Example06_DisableInterrupt/Example06_DisableInterrupt.ino:16:37: error: &#39;WB_IO6&#39; was not declared in this scope
 static const int8_t gInterruptPin = WB_IO6;   // interrupt pin
                                     ^~~~~~
/home/ec2-user/arduino-testlib/cli-datadir/user/libraries/RAKwireless_CAP1293_Touch_Pad_library/examples/Example06_DisableInterrupt/Example06_DisableInterrupt.ino: In function &#39;void setup()&#39;:
/home/ec2-user/arduino-testlib/cli-datadir/user/libraries/RAKwireless_CAP1293_Touch_Pad_library/examples/Example06_DisableInterrupt/Example06_DisableInterrupt.ino:29:3: error: &#39;time_t&#39; was not declared in this scope
   time_t timeout = millis();
   ^~~~~~
/home/ec2-user/arduino-testlib/cli-datadir/user/libraries/RAKwireless_CAP1293_Touch_Pad_library/examples/Example06_DisableInterrupt/Example06_DisableInterrupt.ino:29:3: note: suggested alternative: &#39;size_t&#39;
   time_t timeout = millis();
   ^~~~~~
   size_t
/home/ec2-user/arduino-testlib/cli-datadir/user/libraries/RAKwireless_CAP1293_Touch_Pad_library/examples/Example06_DisableInterrupt/Example06_DisableInterrupt.ino:32:21: error: &#39;timeout&#39; was not declared in this scope
     if ((millis() - timeout) &lt; 5000)
                     ^~~~~~~

</pre>
					
					<h4>examples/Example07_SetSensitivity</h4>
					<p>
						Result: <b>FAIL</b>
					</p>
					<pre class="pre-scrollable">/home/ec2-user/arduino-testlib/cli-datadir/user/libraries/RAKwireless_CAP1293_Touch_Pad_library/examples/Example07_SetSensitivity/Example07_SetSensitivity.ino: In function &#39;void setup()&#39;:
/home/ec2-user/arduino-testlib/cli-datadir/user/libraries/RAKwireless_CAP1293_Touch_Pad_library/examples/Example07_SetSensitivity/Example07_SetSensitivity.ino:20:3: error: &#39;time_t&#39; was not declared in this scope
   time_t timeout = millis();
   ^~~~~~
/home/ec2-user/arduino-testlib/cli-datadir/user/libraries/RAKwireless_CAP1293_Touch_Pad_library/examples/Example07_SetSensitivity/Example07_SetSensitivity.ino:20:3: note: suggested alternative: &#39;size_t&#39;
   time_t timeout = millis();
   ^~~~~~
   size_t
/home/ec2-user/arduino-testlib/cli-datadir/user/libraries/RAKwireless_CAP1293_Touch_Pad_library/examples/Example07_SetSensitivity/Example07_SetSensitivity.ino:23:21: error: &#39;timeout&#39; was not declared in this scope
     if ((millis() - timeout) &lt; 5000)
                     ^~~~~~~

</pre>
					
					<h4>examples/Example08_setMultiTouchDisabled</h4>
					<p>
						Result: <b>FAIL</b>
					</p>
					<pre class="pre-scrollable">/home/ec2-user/arduino-testlib/cli-datadir/user/libraries/RAKwireless_CAP1293_Touch_Pad_library/examples/Example08_setMultiTouchDisabled/Example08_setMultiTouchDisabled.ino:16:37: error: &#39;WB_IO6&#39; was not declared in this scope
 static const int8_t gInterruptPin = WB_IO6;   // interrupt pin
                                     ^~~~~~
/home/ec2-user/arduino-testlib/cli-datadir/user/libraries/RAKwireless_CAP1293_Touch_Pad_library/examples/Example08_setMultiTouchDisabled/Example08_setMultiTouchDisabled.ino: In function &#39;void setup()&#39;:
/home/ec2-user/arduino-testlib/cli-datadir/user/libraries/RAKwireless_CAP1293_Touch_Pad_library/examples/Example08_setMultiTouchDisabled/Example08_setMultiTouchDisabled.ino:29:3: error: &#39;time_t&#39; was not declared in this scope
   time_t timeout = millis();
   ^~~~~~
/home/ec2-user/arduino-testlib/cli-datadir/user/libraries/RAKwireless_CAP1293_Touch_Pad_library/examples/Example08_setMultiTouchDisabled/Example08_setMultiTouchDisabled.ino:29:3: note: suggested alternative: &#39;size_t&#39;
   time_t timeout = millis();
   ^~~~~~
   size_t
/home/ec2-user/arduino-testlib/cli-datadir/user/libraries/RAKwireless_CAP1293_Touch_Pad_library/examples/Example08_setMultiTouchDisabled/Example08_setMultiTouchDisabled.ino:32:21: error: &#39;timeout&#39; was not declared in this scope
     if ((millis() - timeout) &lt; 5000)
                     ^~~~~~~

</pre>
					
					<h4>examples/Example09_setReleaseInterruptEnabled</h4>
					<p>
						Result: <b>FAIL</b>
					</p>
					<pre class="pre-scrollable">/home/ec2-user/arduino-testlib/cli-datadir/user/libraries/RAKwireless_CAP1293_Touch_Pad_library/examples/Example09_setReleaseInterruptEnabled/Example09_setReleaseInterruptEnabled.ino:16:37: error: &#39;WB_IO6&#39; was not declared in this scope
 static const int8_t gInterruptPin = WB_IO6;   // interrupt pin
                                     ^~~~~~
/home/ec2-user/arduino-testlib/cli-datadir/user/libraries/RAKwireless_CAP1293_Touch_Pad_library/examples/Example09_setReleaseInterruptEnabled/Example09_setReleaseInterruptEnabled.ino: In function &#39;void setup()&#39;:
/home/ec2-user/arduino-testlib/cli-datadir/user/libraries/RAKwireless_CAP1293_Touch_Pad_library/examples/Example09_setReleaseInterruptEnabled/Example09_setReleaseInterruptEnabled.ino:29:3: error: &#39;time_t&#39; was not declared in this scope
   time_t timeout = millis();
   ^~~~~~
/home/ec2-user/arduino-testlib/cli-datadir/user/libraries/RAKwireless_CAP1293_Touch_Pad_library/examples/Example09_setReleaseInterruptEnabled/Example09_setReleaseInterruptEnabled.ino:29:3: note: suggested alternative: &#39;size_t&#39;
   time_t timeout = millis();
   ^~~~~~
   size_t
/home/ec2-user/arduino-testlib/cli-datadir/user/libraries/RAKwireless_CAP1293_Touch_Pad_library/examples/Example09_setReleaseInterruptEnabled/Example09_setReleaseInterruptEnabled.ino:32:21: error: &#39;timeout&#39; was not declared in this scope
     if ((millis() - timeout) &lt; 5000)
                     ^~~~~~~

</pre>
					
					<h4>examples/Example10_setMTPEnabled</h4>
					<p>
						Result: <b>FAIL</b>
					</p>
					<pre class="pre-scrollable">/home/ec2-user/arduino-testlib/cli-datadir/user/libraries/RAKwireless_CAP1293_Touch_Pad_library/examples/Example10_setMTPEnabled/Example10_setMTPEnabled.ino:16:37: error: &#39;WB_IO6&#39; was not declared in this scope
 static const int8_t gInterruptPin = WB_IO6;   // interrupt pin
                                     ^~~~~~
/home/ec2-user/arduino-testlib/cli-datadir/user/libraries/RAKwireless_CAP1293_Touch_Pad_library/examples/Example10_setMTPEnabled/Example10_setMTPEnabled.ino: In function &#39;void setup()&#39;:
/home/ec2-user/arduino-testlib/cli-datadir/user/libraries/RAKwireless_CAP1293_Touch_Pad_library/examples/Example10_setMTPEnabled/Example10_setMTPEnabled.ino:28:3: error: &#39;time_t&#39; was not declared in this scope
   time_t timeout = millis();
   ^~~~~~
/home/ec2-user/arduino-testlib/cli-datadir/user/libraries/RAKwireless_CAP1293_Touch_Pad_library/examples/Example10_setMTPEnabled/Example10_setMTPEnabled.ino:28:3: note: suggested alternative: &#39;size_t&#39;
   time_t timeout = millis();
   ^~~~~~
   size_t
/home/ec2-user/arduino-testlib/cli-datadir/user/libraries/RAKwireless_CAP1293_Touch_Pad_library/examples/Example10_setMTPEnabled/Example10_setMTPEnabled.ino:31:21: error: &#39;timeout&#39; was not declared in this scope
     if ((millis() - timeout) &lt; 5000)
                     ^~~~~~~

</pre>
					
				
				<h3 id="arduino:mbed_nano:nanorp2040connect">arduino:mbed_nano:nanorp2040connect @ 2.7.2</h3>
				<h4>Inclusion</h4>
				<p>
					Result: <b>PASS</b>
					
				</p>
				<pre class="pre-scrollable">Sketch uses 81706 bytes (0%) of program storage space. Maximum is 16777216 bytes.
Global variables use 44220 bytes (16%) of dynamic memory, leaving 226116 bytes for local variables. Maximum is 270336 bytes.
</pre>

					
					<h4>examples/Example01_BasicReading</h4>
					<p>
						Result: <b>PASS</b>
					</p>
					<pre class="pre-scrollable">Sketch uses 82634 bytes (0%) of program storage space. Maximum is 16777216 bytes.
Global variables use 44232 bytes (16%) of dynamic memory, leaving 226104 bytes for local variables. Maximum is 270336 bytes.
</pre>
					
					<h4>examples/Example02_DetectAnyTouch</h4>
					<p>
						Result: <b>PASS</b>
					</p>
					<pre class="pre-scrollable">Sketch uses 82488 bytes (0%) of program storage space. Maximum is 16777216 bytes.
Global variables use 44232 bytes (16%) of dynamic memory, leaving 226104 bytes for local variables. Maximum is 270336 bytes.
</pre>
					
					<h4>examples/Example03_DetectSwipe</h4>
					<p>
						Result: <b>PASS</b>
					</p>
					<pre class="pre-scrollable">Sketch uses 82834 bytes (0%) of program storage space. Maximum is 16777216 bytes.
Global variables use 44232 bytes (16%) of dynamic memory, leaving 226104 bytes for local variables. Maximum is 270336 bytes.
</pre>
					
					<h4>examples/Example04_PowerButton</h4>
					<p>
						Result: <b>FAIL</b>
					</p>
					<pre class="pre-scrollable">/home/ec2-user/arduino-testlib/cli-datadir/user/libraries/RAKwireless_CAP1293_Touch_Pad_library/examples/Example04_PowerButton/Example04_PowerButton.ino:16:37: error: &#39;WB_IO6&#39; was not declared in this scope
 static const int8_t gInterruptPin = WB_IO6;   // interrupt pin
                                     ^~~~~~
/home/ec2-user/arduino-testlib/cli-datadir/user/libraries/RAKwireless_CAP1293_Touch_Pad_library/examples/Example04_PowerButton/Example04_PowerButton.ino:16:37: note: suggested alternative: &#39;__IOM&#39;
 static const int8_t gInterruptPin = WB_IO6;   // interrupt pin
                                     ^~~~~~
                                     __IOM

</pre>
					
					<h4>examples/Example05_SetRepeatRateEnabled</h4>
					<p>
						Result: <b>FAIL</b>
					</p>
					<pre class="pre-scrollable">/home/ec2-user/arduino-testlib/cli-datadir/user/libraries/RAKwireless_CAP1293_Touch_Pad_library/examples/Example05_SetRepeatRateEnabled/Example05_SetRepeatRateEnabled.ino:16:37: error: &#39;WB_IO6&#39; was not declared in this scope
 static const int8_t gInterruptPin = WB_IO6;   // interrupt pin
                                     ^~~~~~
/home/ec2-user/arduino-testlib/cli-datadir/user/libraries/RAKwireless_CAP1293_Touch_Pad_library/examples/Example05_SetRepeatRateEnabled/Example05_SetRepeatRateEnabled.ino:16:37: note: suggested alternative: &#39;__IOM&#39;
 static const int8_t gInterruptPin = WB_IO6;   // interrupt pin
                                     ^~~~~~
                                     __IOM

</pre>
					
					<h4>examples/Example06_DisableInterrupt</h4>
					<p>
						Result: <b>FAIL</b>
					</p>
					<pre class="pre-scrollable">/home/ec2-user/arduino-testlib/cli-datadir/user/libraries/RAKwireless_CAP1293_Touch_Pad_library/examples/Example06_DisableInterrupt/Example06_DisableInterrupt.ino:16:37: error: &#39;WB_IO6&#39; was not declared in this scope
 static const int8_t gInterruptPin = WB_IO6;   // interrupt pin
                                     ^~~~~~
/home/ec2-user/arduino-testlib/cli-datadir/user/libraries/RAKwireless_CAP1293_Touch_Pad_library/examples/Example06_DisableInterrupt/Example06_DisableInterrupt.ino:16:37: note: suggested alternative: &#39;__IOM&#39;
 static const int8_t gInterruptPin = WB_IO6;   // interrupt pin
                                     ^~~~~~
                                     __IOM

</pre>
					
					<h4>examples/Example07_SetSensitivity</h4>
					<p>
						Result: <b>PASS</b>
					</p>
					<pre class="pre-scrollable">Sketch uses 82622 bytes (0%) of program storage space. Maximum is 16777216 bytes.
Global variables use 44232 bytes (16%) of dynamic memory, leaving 226104 bytes for local variables. Maximum is 270336 bytes.
</pre>
					
					<h4>examples/Example08_setMultiTouchDisabled</h4>
					<p>
						Result: <b>FAIL</b>
					</p>
					<pre class="pre-scrollable">/home/ec2-user/arduino-testlib/cli-datadir/user/libraries/RAKwireless_CAP1293_Touch_Pad_library/examples/Example08_setMultiTouchDisabled/Example08_setMultiTouchDisabled.ino:16:37: error: &#39;WB_IO6&#39; was not declared in this scope
 static const int8_t gInterruptPin = WB_IO6;   // interrupt pin
                                     ^~~~~~
/home/ec2-user/arduino-testlib/cli-datadir/user/libraries/RAKwireless_CAP1293_Touch_Pad_library/examples/Example08_setMultiTouchDisabled/Example08_setMultiTouchDisabled.ino:16:37: note: suggested alternative: &#39;__IOM&#39;
 static const int8_t gInterruptPin = WB_IO6;   // interrupt pin
                                     ^~~~~~
                                     __IOM

</pre>
					
					<h4>examples/Example09_setReleaseInterruptEnabled</h4>
					<p>
						Result: <b>FAIL</b>
					</p>
					<pre class="pre-scrollable">/home/ec2-user/arduino-testlib/cli-datadir/user/libraries/RAKwireless_CAP1293_Touch_Pad_library/examples/Example09_setReleaseInterruptEnabled/Example09_setReleaseInterruptEnabled.ino:16:37: error: &#39;WB_IO6&#39; was not declared in this scope
 static const int8_t gInterruptPin = WB_IO6;   // interrupt pin
                                     ^~~~~~
/home/ec2-user/arduino-testlib/cli-datadir/user/libraries/RAKwireless_CAP1293_Touch_Pad_library/examples/Example09_setReleaseInterruptEnabled/Example09_setReleaseInterruptEnabled.ino:16:37: note: suggested alternative: &#39;__IOM&#39;
 static const int8_t gInterruptPin = WB_IO6;   // interrupt pin
                                     ^~~~~~
                                     __IOM

</pre>
					
					<h4>examples/Example10_setMTPEnabled</h4>
					<p>
						Result: <b>FAIL</b>
					</p>
					<pre class="pre-scrollable">/home/ec2-user/arduino-testlib/cli-datadir/user/libraries/RAKwireless_CAP1293_Touch_Pad_library/examples/Example10_setMTPEnabled/Example10_setMTPEnabled.ino:16:37: error: &#39;WB_IO6&#39; was not declared in this scope
 static const int8_t gInterruptPin = WB_IO6;   // interrupt pin
                                     ^~~~~~
/home/ec2-user/arduino-testlib/cli-datadir/user/libraries/RAKwireless_CAP1293_Touch_Pad_library/examples/Example10_setMTPEnabled/Example10_setMTPEnabled.ino:16:37: note: suggested alternative: &#39;__IOM&#39;
 static const int8_t gInterruptPin = WB_IO6;   // interrupt pin
                                     ^~~~~~
                                     __IOM

</pre>
					
				
				<h3 id="arduino:megaavr:nona4809">arduino:megaavr:nona4809 @ 1.8.7</h3>
				<h4>Inclusion</h4>
				<p>
					Result: <b>PASS</b>
					
				</p>
				<pre class="pre-scrollable">Sketch uses 3104 bytes (6%) of program storage space. Maximum is 49152 bytes.
Global variables use 317 bytes (5%) of dynamic memory, leaving 5827 bytes for local variables. Maximum is 6144 bytes.
In file included from /home/ec2-user/arduino-testlib/cli-datadir/user/libraries/RAKwireless_CAP1293_Touch_Pad_library/src/CAP1293.cpp:12:0:
/home/ec2-user/arduino-testlib/cli-datadir/data/packages/arduino/hardware/megaavr/1.8.7/libraries/Wire/src/Wire.h: In member function &#39;byte CAP1293::readRegister(CAP1293_Register)&#39;:
/home/ec2-user/arduino-testlib/cli-datadir/data/packages/arduino/hardware/megaavr/1.8.7/libraries/Wire/src/Wire.h:63:12: note: candidate 1: size_t TwoWire::requestFrom(int, int)
     size_t requestFrom(int, int);
            ^~~~~~~~~~~
/home/ec2-user/arduino-testlib/cli-datadir/data/packages/arduino/hardware/megaavr/1.8.7/libraries/Wire/src/Wire.h:61:12: note: candidate 2: virtual size_t TwoWire::requestFrom(uint8_t, size_t)
     size_t requestFrom(uint8_t, size_t);
            ^~~~~~~~~~~
/home/ec2-user/arduino-testlib/cli-datadir/data/packages/arduino/hardware/megaavr/1.8.7/libraries/Wire/src/Wire.h: In member function &#39;void CAP1293::readRegisters(CAP1293_Register, byte*, byte)&#39;:
/home/ec2-user/arduino-testlib/cli-datadir/data/packages/arduino/hardware/megaavr/1.8.7/libraries/Wire/src/Wire.h:63:12: note: candidate 1: size_t TwoWire::requestFrom(int, int)
     size_t requestFrom(int, int);
            ^~~~~~~~~~~
/home/ec2-user/arduino-testlib/cli-datadir/data/packages/arduino/hardware/megaavr/1.8.7/libraries/Wire/src/Wire.h:61:12: note: candidate 2: virtual size_t TwoWire::requestFrom(uint8_t, size_t)
     size_t requestFrom(uint8_t, size_t);
            ^~~~~~~~~~~
</pre>

					
					<h4>examples/Example01_BasicReading</h4>
					<p>
						Result: <b>FAIL</b>
					</p>
					<pre class="pre-scrollable">/home/ec2-user/arduino-testlib/cli-datadir/user/libraries/RAKwireless_CAP1293_Touch_Pad_library/examples/Example01_BasicReading/Example01_BasicReading.ino: In function &#39;void setup()&#39;:
/home/ec2-user/arduino-testlib/cli-datadir/user/libraries/RAKwireless_CAP1293_Touch_Pad_library/examples/Example01_BasicReading/Example01_BasicReading.ino:21:3: error: &#39;time_t&#39; was not declared in this scope
   time_t timeout = millis();
   ^~~~~~
/home/ec2-user/arduino-testlib/cli-datadir/user/libraries/RAKwireless_CAP1293_Touch_Pad_library/examples/Example01_BasicReading/Example01_BasicReading.ino:21:3: note: suggested alternative: &#39;size_t&#39;
   time_t timeout = millis();
   ^~~~~~
   size_t
/home/ec2-user/arduino-testlib/cli-datadir/user/libraries/RAKwireless_CAP1293_Touch_Pad_library/examples/Example01_BasicReading/Example01_BasicReading.ino:24:21: error: &#39;timeout&#39; was not declared in this scope
     if ((millis() - timeout) &lt; 5000)
                     ^~~~~~~

</pre>
					
					<h4>examples/Example02_DetectAnyTouch</h4>
					<p>
						Result: <b>FAIL</b>
					</p>
					<pre class="pre-scrollable">/home/ec2-user/arduino-testlib/cli-datadir/user/libraries/RAKwireless_CAP1293_Touch_Pad_library/examples/Example02_DetectAnyTouch/Example02_DetectAnyTouch.ino: In function &#39;void setup()&#39;:
/home/ec2-user/arduino-testlib/cli-datadir/user/libraries/RAKwireless_CAP1293_Touch_Pad_library/examples/Example02_DetectAnyTouch/Example02_DetectAnyTouch.ino:20:3: error: &#39;time_t&#39; was not declared in this scope
   time_t timeout = millis();
   ^~~~~~
/home/ec2-user/arduino-testlib/cli-datadir/user/libraries/RAKwireless_CAP1293_Touch_Pad_library/examples/Example02_DetectAnyTouch/Example02_DetectAnyTouch.ino:20:3: note: suggested alternative: &#39;size_t&#39;
   time_t timeout = millis();
   ^~~~~~
   size_t
/home/ec2-user/arduino-testlib/cli-datadir/user/libraries/RAKwireless_CAP1293_Touch_Pad_library/examples/Example02_DetectAnyTouch/Example02_DetectAnyTouch.ino:23:21: error: &#39;timeout&#39; was not declared in this scope
     if ((millis() - timeout) &lt; 5000)
                     ^~~~~~~

</pre>
					
					<h4>examples/Example03_DetectSwipe</h4>
					<p>
						Result: <b>FAIL</b>
					</p>
					<pre class="pre-scrollable">/home/ec2-user/arduino-testlib/cli-datadir/user/libraries/RAKwireless_CAP1293_Touch_Pad_library/examples/Example03_DetectSwipe/Example03_DetectSwipe.ino: In function &#39;void setup()&#39;:
/home/ec2-user/arduino-testlib/cli-datadir/user/libraries/RAKwireless_CAP1293_Touch_Pad_library/examples/Example03_DetectSwipe/Example03_DetectSwipe.ino:20:3: error: &#39;time_t&#39; was not declared in this scope
   time_t timeout = millis();
   ^~~~~~
/home/ec2-user/arduino-testlib/cli-datadir/user/libraries/RAKwireless_CAP1293_Touch_Pad_library/examples/Example03_DetectSwipe/Example03_DetectSwipe.ino:20:3: note: suggested alternative: &#39;size_t&#39;
   time_t timeout = millis();
   ^~~~~~
   size_t
/home/ec2-user/arduino-testlib/cli-datadir/user/libraries/RAKwireless_CAP1293_Touch_Pad_library/examples/Example03_DetectSwipe/Example03_DetectSwipe.ino:23:21: error: &#39;timeout&#39; was not declared in this scope
     if ((millis() - timeout) &lt; 5000)
                     ^~~~~~~

</pre>
					
					<h4>examples/Example04_PowerButton</h4>
					<p>
						Result: <b>FAIL</b>
					</p>
					<pre class="pre-scrollable">/home/ec2-user/arduino-testlib/cli-datadir/user/libraries/RAKwireless_CAP1293_Touch_Pad_library/examples/Example04_PowerButton/Example04_PowerButton.ino:16:37: error: &#39;WB_IO6&#39; was not declared in this scope
 static const int8_t gInterruptPin = WB_IO6;   // interrupt pin
                                     ^~~~~~
/home/ec2-user/arduino-testlib/cli-datadir/user/libraries/RAKwireless_CAP1293_Touch_Pad_library/examples/Example04_PowerButton/Example04_PowerButton.ino: In function &#39;void setup()&#39;:
/home/ec2-user/arduino-testlib/cli-datadir/user/libraries/RAKwireless_CAP1293_Touch_Pad_library/examples/Example04_PowerButton/Example04_PowerButton.ino:29:3: error: &#39;time_t&#39; was not declared in this scope
   time_t timeout = millis();
   ^~~~~~
/home/ec2-user/arduino-testlib/cli-datadir/user/libraries/RAKwireless_CAP1293_Touch_Pad_library/examples/Example04_PowerButton/Example04_PowerButton.ino:29:3: note: suggested alternative: &#39;size_t&#39;
   time_t timeout = millis();
   ^~~~~~
   size_t
/home/ec2-user/arduino-testlib/cli-datadir/user/libraries/RAKwireless_CAP1293_Touch_Pad_library/examples/Example04_PowerButton/Example04_PowerButton.ino:32:21: error: &#39;timeout&#39; was not declared in this scope
     if ((millis() - timeout) &lt; 5000)
                     ^~~~~~~

</pre>
					
					<h4>examples/Example05_SetRepeatRateEnabled</h4>
					<p>
						Result: <b>FAIL</b>
					</p>
					<pre class="pre-scrollable">/home/ec2-user/arduino-testlib/cli-datadir/user/libraries/RAKwireless_CAP1293_Touch_Pad_library/examples/Example05_SetRepeatRateEnabled/Example05_SetRepeatRateEnabled.ino:16:37: error: &#39;WB_IO6&#39; was not declared in this scope
 static const int8_t gInterruptPin = WB_IO6;   // interrupt pin
                                     ^~~~~~
/home/ec2-user/arduino-testlib/cli-datadir/user/libraries/RAKwireless_CAP1293_Touch_Pad_library/examples/Example05_SetRepeatRateEnabled/Example05_SetRepeatRateEnabled.ino: In function &#39;void setup()&#39;:
/home/ec2-user/arduino-testlib/cli-datadir/user/libraries/RAKwireless_CAP1293_Touch_Pad_library/examples/Example05_SetRepeatRateEnabled/Example05_SetRepeatRateEnabled.ino:29:3: error: &#39;time_t&#39; was not declared in this scope
   time_t timeout = millis();
   ^~~~~~
/home/ec2-user/arduino-testlib/cli-datadir/user/libraries/RAKwireless_CAP1293_Touch_Pad_library/examples/Example05_SetRepeatRateEnabled/Example05_SetRepeatRateEnabled.ino:29:3: note: suggested alternative: &#39;size_t&#39;
   time_t timeout = millis();
   ^~~~~~
   size_t
/home/ec2-user/arduino-testlib/cli-datadir/user/libraries/RAKwireless_CAP1293_Touch_Pad_library/examples/Example05_SetRepeatRateEnabled/Example05_SetRepeatRateEnabled.ino:32:21: error: &#39;timeout&#39; was not declared in this scope
     if ((millis() - timeout) &lt; 5000)
                     ^~~~~~~

</pre>
					
					<h4>examples/Example06_DisableInterrupt</h4>
					<p>
						Result: <b>FAIL</b>
					</p>
					<pre class="pre-scrollable">/home/ec2-user/arduino-testlib/cli-datadir/user/libraries/RAKwireless_CAP1293_Touch_Pad_library/examples/Example06_DisableInterrupt/Example06_DisableInterrupt.ino:16:37: error: &#39;WB_IO6&#39; was not declared in this scope
 static const int8_t gInterruptPin = WB_IO6;   // interrupt pin
                                     ^~~~~~
/home/ec2-user/arduino-testlib/cli-datadir/user/libraries/RAKwireless_CAP1293_Touch_Pad_library/examples/Example06_DisableInterrupt/Example06_DisableInterrupt.ino: In function &#39;void setup()&#39;:
/home/ec2-user/arduino-testlib/cli-datadir/user/libraries/RAKwireless_CAP1293_Touch_Pad_library/examples/Example06_DisableInterrupt/Example06_DisableInterrupt.ino:29:3: error: &#39;time_t&#39; was not declared in this scope
   time_t timeout = millis();
   ^~~~~~
/home/ec2-user/arduino-testlib/cli-datadir/user/libraries/RAKwireless_CAP1293_Touch_Pad_library/examples/Example06_DisableInterrupt/Example06_DisableInterrupt.ino:29:3: note: suggested alternative: &#39;size_t&#39;
   time_t timeout = millis();
   ^~~~~~
   size_t
/home/ec2-user/arduino-testlib/cli-datadir/user/libraries/RAKwireless_CAP1293_Touch_Pad_library/examples/Example06_DisableInterrupt/Example06_DisableInterrupt.ino:32:21: error: &#39;timeout&#39; was not declared in this scope
     if ((millis() - timeout) &lt; 5000)
                     ^~~~~~~

</pre>
					
					<h4>examples/Example07_SetSensitivity</h4>
					<p>
						Result: <b>FAIL</b>
					</p>
					<pre class="pre-scrollable">/home/ec2-user/arduino-testlib/cli-datadir/user/libraries/RAKwireless_CAP1293_Touch_Pad_library/examples/Example07_SetSensitivity/Example07_SetSensitivity.ino: In function &#39;void setup()&#39;:
/home/ec2-user/arduino-testlib/cli-datadir/user/libraries/RAKwireless_CAP1293_Touch_Pad_library/examples/Example07_SetSensitivity/Example07_SetSensitivity.ino:20:3: error: &#39;time_t&#39; was not declared in this scope
   time_t timeout = millis();
   ^~~~~~
/home/ec2-user/arduino-testlib/cli-datadir/user/libraries/RAKwireless_CAP1293_Touch_Pad_library/examples/Example07_SetSensitivity/Example07_SetSensitivity.ino:20:3: note: suggested alternative: &#39;size_t&#39;
   time_t timeout = millis();
   ^~~~~~
   size_t
/home/ec2-user/arduino-testlib/cli-datadir/user/libraries/RAKwireless_CAP1293_Touch_Pad_library/examples/Example07_SetSensitivity/Example07_SetSensitivity.ino:23:21: error: &#39;timeout&#39; was not declared in this scope
     if ((millis() - timeout) &lt; 5000)
                     ^~~~~~~

</pre>
					
					<h4>examples/Example08_setMultiTouchDisabled</h4>
					<p>
						Result: <b>FAIL</b>
					</p>
					<pre class="pre-scrollable">/home/ec2-user/arduino-testlib/cli-datadir/user/libraries/RAKwireless_CAP1293_Touch_Pad_library/examples/Example08_setMultiTouchDisabled/Example08_setMultiTouchDisabled.ino:16:37: error: &#39;WB_IO6&#39; was not declared in this scope
 static const int8_t gInterruptPin = WB_IO6;   // interrupt pin
                                     ^~~~~~
/home/ec2-user/arduino-testlib/cli-datadir/user/libraries/RAKwireless_CAP1293_Touch_Pad_library/examples/Example08_setMultiTouchDisabled/Example08_setMultiTouchDisabled.ino: In function &#39;void setup()&#39;:
/home/ec2-user/arduino-testlib/cli-datadir/user/libraries/RAKwireless_CAP1293_Touch_Pad_library/examples/Example08_setMultiTouchDisabled/Example08_setMultiTouchDisabled.ino:29:3: error: &#39;time_t&#39; was not declared in this scope
   time_t timeout = millis();
   ^~~~~~
/home/ec2-user/arduino-testlib/cli-datadir/user/libraries/RAKwireless_CAP1293_Touch_Pad_library/examples/Example08_setMultiTouchDisabled/Example08_setMultiTouchDisabled.ino:29:3: note: suggested alternative: &#39;size_t&#39;
   time_t timeout = millis();
   ^~~~~~
   size_t
/home/ec2-user/arduino-testlib/cli-datadir/user/libraries/RAKwireless_CAP1293_Touch_Pad_library/examples/Example08_setMultiTouchDisabled/Example08_setMultiTouchDisabled.ino:32:21: error: &#39;timeout&#39; was not declared in this scope
     if ((millis() - timeout) &lt; 5000)
                     ^~~~~~~

</pre>
					
					<h4>examples/Example09_setReleaseInterruptEnabled</h4>
					<p>
						Result: <b>FAIL</b>
					</p>
					<pre class="pre-scrollable">/home/ec2-user/arduino-testlib/cli-datadir/user/libraries/RAKwireless_CAP1293_Touch_Pad_library/examples/Example09_setReleaseInterruptEnabled/Example09_setReleaseInterruptEnabled.ino:16:37: error: &#39;WB_IO6&#39; was not declared in this scope
 static const int8_t gInterruptPin = WB_IO6;   // interrupt pin
                                     ^~~~~~
/home/ec2-user/arduino-testlib/cli-datadir/user/libraries/RAKwireless_CAP1293_Touch_Pad_library/examples/Example09_setReleaseInterruptEnabled/Example09_setReleaseInterruptEnabled.ino: In function &#39;void setup()&#39;:
/home/ec2-user/arduino-testlib/cli-datadir/user/libraries/RAKwireless_CAP1293_Touch_Pad_library/examples/Example09_setReleaseInterruptEnabled/Example09_setReleaseInterruptEnabled.ino:29:3: error: &#39;time_t&#39; was not declared in this scope
   time_t timeout = millis();
   ^~~~~~
/home/ec2-user/arduino-testlib/cli-datadir/user/libraries/RAKwireless_CAP1293_Touch_Pad_library/examples/Example09_setReleaseInterruptEnabled/Example09_setReleaseInterruptEnabled.ino:29:3: note: suggested alternative: &#39;size_t&#39;
   time_t timeout = millis();
   ^~~~~~
   size_t
/home/ec2-user/arduino-testlib/cli-datadir/user/libraries/RAKwireless_CAP1293_Touch_Pad_library/examples/Example09_setReleaseInterruptEnabled/Example09_setReleaseInterruptEnabled.ino:32:21: error: &#39;timeout&#39; was not declared in this scope
     if ((millis() - timeout) &lt; 5000)
                     ^~~~~~~

</pre>
					
					<h4>examples/Example10_setMTPEnabled</h4>
					<p>
						Result: <b>FAIL</b>
					</p>
					<pre class="pre-scrollable">/home/ec2-user/arduino-testlib/cli-datadir/user/libraries/RAKwireless_CAP1293_Touch_Pad_library/examples/Example10_setMTPEnabled/Example10_setMTPEnabled.ino:16:37: error: &#39;WB_IO6&#39; was not declared in this scope
 static const int8_t gInterruptPin = WB_IO6;   // interrupt pin
                                     ^~~~~~
/home/ec2-user/arduino-testlib/cli-datadir/user/libraries/RAKwireless_CAP1293_Touch_Pad_library/examples/Example10_setMTPEnabled/Example10_setMTPEnabled.ino: In function &#39;void setup()&#39;:
/home/ec2-user/arduino-testlib/cli-datadir/user/libraries/RAKwireless_CAP1293_Touch_Pad_library/examples/Example10_setMTPEnabled/Example10_setMTPEnabled.ino:28:3: error: &#39;time_t&#39; was not declared in this scope
   time_t timeout = millis();
   ^~~~~~
/home/ec2-user/arduino-testlib/cli-datadir/user/libraries/RAKwireless_CAP1293_Touch_Pad_library/examples/Example10_setMTPEnabled/Example10_setMTPEnabled.ino:28:3: note: suggested alternative: &#39;size_t&#39;
   time_t timeout = millis();
   ^~~~~~
   size_t
/home/ec2-user/arduino-testlib/cli-datadir/user/libraries/RAKwireless_CAP1293_Touch_Pad_library/examples/Example10_setMTPEnabled/Example10_setMTPEnabled.ino:31:21: error: &#39;timeout&#39; was not declared in this scope
     if ((millis() - timeout) &lt; 5000)
                     ^~~~~~~

</pre>
					
				
				<h3 id="arduino:samd:mkrwifi1010">arduino:samd:mkrwifi1010 @ 1.8.12</h3>
				<h4>Inclusion</h4>
				<p>
					Result: <b>PASS</b>
					
				</p>
				<pre class="pre-scrollable">Sketch uses 13588 bytes (5%) of program storage space. Maximum is 262144 bytes.
Global variables use 3568 bytes (10%) of dynamic memory, leaving 29200 bytes for local variables. Maximum is 32768 bytes.
</pre>

					
					<h4>examples/Example01_BasicReading</h4>
					<p>
						Result: <b>PASS</b>
					</p>
					<pre class="pre-scrollable">Sketch uses 14712 bytes (5%) of program storage space. Maximum is 262144 bytes.
Global variables use 3576 bytes (10%) of dynamic memory, leaving 29192 bytes for local variables. Maximum is 32768 bytes.
</pre>
					
					<h4>examples/Example02_DetectAnyTouch</h4>
					<p>
						Result: <b>PASS</b>
					</p>
					<pre class="pre-scrollable">Sketch uses 14560 bytes (5%) of program storage space. Maximum is 262144 bytes.
Global variables use 3576 bytes (10%) of dynamic memory, leaving 29192 bytes for local variables. Maximum is 32768 bytes.
</pre>
					
					<h4>examples/Example03_DetectSwipe</h4>
					<p>
						Result: <b>PASS</b>
					</p>
					<pre class="pre-scrollable">Sketch uses 14920 bytes (5%) of program storage space. Maximum is 262144 bytes.
Global variables use 3576 bytes (10%) of dynamic memory, leaving 29192 bytes for local variables. Maximum is 32768 bytes.
</pre>
					
					<h4>examples/Example04_PowerButton</h4>
					<p>
						Result: <b>FAIL</b>
					</p>
					<pre class="pre-scrollable">/home/ec2-user/arduino-testlib/cli-datadir/user/libraries/RAKwireless_CAP1293_Touch_Pad_library/examples/Example04_PowerButton/Example04_PowerButton.ino:16:37: error: &#39;WB_IO6&#39; was not declared in this scope
 static const int8_t gInterruptPin = WB_IO6;   // interrupt pin
                                     ^~~~~~
/home/ec2-user/arduino-testlib/cli-datadir/user/libraries/RAKwireless_CAP1293_Touch_Pad_library/examples/Example04_PowerButton/Example04_PowerButton.ino:16:37: note: suggested alternative: &#39;__IOM&#39;
 static const int8_t gInterruptPin = WB_IO6;   // interrupt pin
                                     ^~~~~~
                                     __IOM

</pre>
					
					<h4>examples/Example05_SetRepeatRateEnabled</h4>
					<p>
						Result: <b>FAIL</b>
					</p>
					<pre class="pre-scrollable">/home/ec2-user/arduino-testlib/cli-datadir/user/libraries/RAKwireless_CAP1293_Touch_Pad_library/examples/Example05_SetRepeatRateEnabled/Example05_SetRepeatRateEnabled.ino:16:37: error: &#39;WB_IO6&#39; was not declared in this scope
 static const int8_t gInterruptPin = WB_IO6;   // interrupt pin
                                     ^~~~~~
/home/ec2-user/arduino-testlib/cli-datadir/user/libraries/RAKwireless_CAP1293_Touch_Pad_library/examples/Example05_SetRepeatRateEnabled/Example05_SetRepeatRateEnabled.ino:16:37: note: suggested alternative: &#39;__IOM&#39;
 static const int8_t gInterruptPin = WB_IO6;   // interrupt pin
                                     ^~~~~~
                                     __IOM

</pre>
					
					<h4>examples/Example06_DisableInterrupt</h4>
					<p>
						Result: <b>FAIL</b>
					</p>
					<pre class="pre-scrollable">/home/ec2-user/arduino-testlib/cli-datadir/user/libraries/RAKwireless_CAP1293_Touch_Pad_library/examples/Example06_DisableInterrupt/Example06_DisableInterrupt.ino:16:37: error: &#39;WB_IO6&#39; was not declared in this scope
 static const int8_t gInterruptPin = WB_IO6;   // interrupt pin
                                     ^~~~~~
/home/ec2-user/arduino-testlib/cli-datadir/user/libraries/RAKwireless_CAP1293_Touch_Pad_library/examples/Example06_DisableInterrupt/Example06_DisableInterrupt.ino:16:37: note: suggested alternative: &#39;__IOM&#39;
 static const int8_t gInterruptPin = WB_IO6;   // interrupt pin
                                     ^~~~~~
                                     __IOM

</pre>
					
					<h4>examples/Example07_SetSensitivity</h4>
					<p>
						Result: <b>PASS</b>
					</p>
					<pre class="pre-scrollable">Sketch uses 14824 bytes (5%) of program storage space. Maximum is 262144 bytes.
Global variables use 3576 bytes (10%) of dynamic memory, leaving 29192 bytes for local variables. Maximum is 32768 bytes.
</pre>
					
					<h4>examples/Example08_setMultiTouchDisabled</h4>
					<p>
						Result: <b>FAIL</b>
					</p>
					<pre class="pre-scrollable">/home/ec2-user/arduino-testlib/cli-datadir/user/libraries/RAKwireless_CAP1293_Touch_Pad_library/examples/Example08_setMultiTouchDisabled/Example08_setMultiTouchDisabled.ino:16:37: error: &#39;WB_IO6&#39; was not declared in this scope
 static const int8_t gInterruptPin = WB_IO6;   // interrupt pin
                                     ^~~~~~
/home/ec2-user/arduino-testlib/cli-datadir/user/libraries/RAKwireless_CAP1293_Touch_Pad_library/examples/Example08_setMultiTouchDisabled/Example08_setMultiTouchDisabled.ino:16:37: note: suggested alternative: &#39;__IOM&#39;
 static const int8_t gInterruptPin = WB_IO6;   // interrupt pin
                                     ^~~~~~
                                     __IOM

</pre>
					
					<h4>examples/Example09_setReleaseInterruptEnabled</h4>
					<p>
						Result: <b>FAIL</b>
					</p>
					<pre class="pre-scrollable">/home/ec2-user/arduino-testlib/cli-datadir/user/libraries/RAKwireless_CAP1293_Touch_Pad_library/examples/Example09_setReleaseInterruptEnabled/Example09_setReleaseInterruptEnabled.ino:16:37: error: &#39;WB_IO6&#39; was not declared in this scope
 static const int8_t gInterruptPin = WB_IO6;   // interrupt pin
                                     ^~~~~~
/home/ec2-user/arduino-testlib/cli-datadir/user/libraries/RAKwireless_CAP1293_Touch_Pad_library/examples/Example09_setReleaseInterruptEnabled/Example09_setReleaseInterruptEnabled.ino:16:37: note: suggested alternative: &#39;__IOM&#39;
 static const int8_t gInterruptPin = WB_IO6;   // interrupt pin
                                     ^~~~~~
                                     __IOM

</pre>
					
					<h4>examples/Example10_setMTPEnabled</h4>
					<p>
						Result: <b>FAIL</b>
					</p>
					<pre class="pre-scrollable">/home/ec2-user/arduino-testlib/cli-datadir/user/libraries/RAKwireless_CAP1293_Touch_Pad_library/examples/Example10_setMTPEnabled/Example10_setMTPEnabled.ino:16:37: error: &#39;WB_IO6&#39; was not declared in this scope
 static const int8_t gInterruptPin = WB_IO6;   // interrupt pin
                                     ^~~~~~
/home/ec2-user/arduino-testlib/cli-datadir/user/libraries/RAKwireless_CAP1293_Touch_Pad_library/examples/Example10_setMTPEnabled/Example10_setMTPEnabled.ino:16:37: note: suggested alternative: &#39;__IOM&#39;
 static const int8_t gInterruptPin = WB_IO6;   // interrupt pin
                                     ^~~~~~
                                     __IOM

</pre>
					
				
				<h3 id="esp32:esp32:d1_mini32">esp32:esp32:d1_mini32 @ 1.0.6</h3>
				<h4>Inclusion</h4>
				<p>
					Result: <b>PASS</b>
					
				</p>
				<pre class="pre-scrollable">Sketch uses 203450 bytes (15%) of program storage space. Maximum is 1310720 bytes.
Global variables use 13880 bytes (4%) of dynamic memory, leaving 313800 bytes for local variables. Maximum is 327680 bytes.
</pre>

					
					<h4>examples/Example01_BasicReading</h4>
					<p>
						Result: <b>PASS</b>
					</p>
					<pre class="pre-scrollable">Sketch uses 215086 bytes (16%) of program storage space. Maximum is 1310720 bytes.
Global variables use 14144 bytes (4%) of dynamic memory, leaving 313536 bytes for local variables. Maximum is 327680 bytes.
</pre>
					
					<h4>examples/Example02_DetectAnyTouch</h4>
					<p>
						Result: <b>PASS</b>
					</p>
					<pre class="pre-scrollable">Sketch uses 214922 bytes (16%) of program storage space. Maximum is 1310720 bytes.
Global variables use 14144 bytes (4%) of dynamic memory, leaving 313536 bytes for local variables. Maximum is 327680 bytes.
</pre>
					
					<h4>examples/Example03_DetectSwipe</h4>
					<p>
						Result: <b>PASS</b>
					</p>
					<pre class="pre-scrollable">Sketch uses 215350 bytes (16%) of program storage space. Maximum is 1310720 bytes.
Global variables use 14144 bytes (4%) of dynamic memory, leaving 313536 bytes for local variables. Maximum is 327680 bytes.
</pre>
					
					<h4>examples/Example04_PowerButton</h4>
					<p>
						Result: <b>FAIL</b>
					</p>
					<pre class="pre-scrollable">/home/ec2-user/arduino-testlib/cli-datadir/user/libraries/RAKwireless_CAP1293_Touch_Pad_library/examples/Example04_PowerButton/Example04_PowerButton.ino:16:37: error: &#39;WB_IO6&#39; was not declared in this scope
 static const int8_t gInterruptPin = WB_IO6;   // interrupt pin
                                     ^

</pre>
					
					<h4>examples/Example05_SetRepeatRateEnabled</h4>
					<p>
						Result: <b>FAIL</b>
					</p>
					<pre class="pre-scrollable">/home/ec2-user/arduino-testlib/cli-datadir/user/libraries/RAKwireless_CAP1293_Touch_Pad_library/examples/Example05_SetRepeatRateEnabled/Example05_SetRepeatRateEnabled.ino:16:37: error: &#39;WB_IO6&#39; was not declared in this scope
 static const int8_t gInterruptPin = WB_IO6;   // interrupt pin
                                     ^

</pre>
					
					<h4>examples/Example06_DisableInterrupt</h4>
					<p>
						Result: <b>FAIL</b>
					</p>
					<pre class="pre-scrollable">/home/ec2-user/arduino-testlib/cli-datadir/user/libraries/RAKwireless_CAP1293_Touch_Pad_library/examples/Example06_DisableInterrupt/Example06_DisableInterrupt.ino:16:37: error: &#39;WB_IO6&#39; was not declared in this scope
 static const int8_t gInterruptPin = WB_IO6;   // interrupt pin
                                     ^

</pre>
					
					<h4>examples/Example07_SetSensitivity</h4>
					<p>
						Result: <b>PASS</b>
					</p>
					<pre class="pre-scrollable">Sketch uses 215102 bytes (16%) of program storage space. Maximum is 1310720 bytes.
Global variables use 14144 bytes (4%) of dynamic memory, leaving 313536 bytes for local variables. Maximum is 327680 bytes.
</pre>
					
					<h4>examples/Example08_setMultiTouchDisabled</h4>
					<p>
						Result: <b>FAIL</b>
					</p>
					<pre class="pre-scrollable">/home/ec2-user/arduino-testlib/cli-datadir/user/libraries/RAKwireless_CAP1293_Touch_Pad_library/examples/Example08_setMultiTouchDisabled/Example08_setMultiTouchDisabled.ino:16:37: error: &#39;WB_IO6&#39; was not declared in this scope
 static const int8_t gInterruptPin = WB_IO6;   // interrupt pin
                                     ^

</pre>
					
					<h4>examples/Example09_setReleaseInterruptEnabled</h4>
					<p>
						Result: <b>FAIL</b>
					</p>
					<pre class="pre-scrollable">/home/ec2-user/arduino-testlib/cli-datadir/user/libraries/RAKwireless_CAP1293_Touch_Pad_library/examples/Example09_setReleaseInterruptEnabled/Example09_setReleaseInterruptEnabled.ino:16:37: error: &#39;WB_IO6&#39; was not declared in this scope
 static const int8_t gInterruptPin = WB_IO6;   // interrupt pin
                                     ^

</pre>
					
					<h4>examples/Example10_setMTPEnabled</h4>
					<p>
						Result: <b>FAIL</b>
					</p>
					<pre class="pre-scrollable">/home/ec2-user/arduino-testlib/cli-datadir/user/libraries/RAKwireless_CAP1293_Touch_Pad_library/examples/Example10_setMTPEnabled/Example10_setMTPEnabled.ino:16:37: error: &#39;WB_IO6&#39; was not declared in this scope
 static const int8_t gInterruptPin = WB_IO6;   // interrupt pin
                                     ^

</pre>
					
				
			</div>
		</div>
	</div>
  </body>
</html>
