
<!doctype html>
<html lang="en">
  <head>
    <meta charset="utf-8">
    <meta name="viewport" content="width=device-width, initial-scale=1">
    <link href="https://cdn.jsdelivr.net/npm/bootstrap@5.0.2/dist/css/bootstrap.min.css" rel="stylesheet" integrity="sha384-EVSTQN3/azprG1Anm3QDgpJLIm9Nao0Yz1ztcQTwFspd3yD65VohhpuuCOmLASjC" crossorigin="anonymous">
    <title>arduino-testlib report</title>
	<style>
	.pass { background-color: #00FF00 !important; }
	.fail { background-color: #FF0000 !important; }
	</style>
  </head>
  <body>
	<div class="container">
		<div class="row">
			<div class="col">
				<h1>ReactorProtocol - compatibility matrix</h1>
				<p>
					<small>This report was generated on Wednesday, 23-Feb-22 22:48:15 CET using 
					<a href="https://github.com/alranel/arduino-testlib">arduino-testlib</a>.</small>
				</p>

				<h2>ReactorProtocol</h2>
				<p>
					Version: <b>0.0.2</b>
					<br />
					<a href="https://www.arduino.cc/reference/en/libraries/reactorprotocol/">More details</a>
				</p>

				<h2>Compatibility matrix</h2>
				<table class="table table-bordered">
					<tr>
						<th>Board</th>
						<th>Claims compatibility</th>
						<th>Inclusion</th>
						
						<th><pre>bluetoothtest</pre></th>
						
						<th><pre>view_packets</pre></th>
						
						<th><pre>BluetoothProvisioning</pre></th>
						
						<th><pre>FreqCounterLib_example</pre></th>
						
						<th><pre>RBE2001_Field_Control_System</pre></th>
						
						<th><pre>StudentReactorControl</pre></th>
						
						<th><pre>bluetooth-master</pre></th>
						
					</tr>
					
					<tr>
						<td>
							<a href="#arduino%3aavr%3auno"><b>arduino:avr:uno</b></a>
							<br />
							<small>1.8.4</small>
						</td>

						
						
						
							<td>Yes ⚠️</td>
							<td class="fail">FAIL</td>
						
						

						
							
								
									
										
									
										
									
										
									
										
									
										
									
										
											
											<td class="fail">FAIL</td>
										
									
										
									
								
							
								
							
								
							
								
							
								
							
						
							
								
									
										
									
										
									
										
									
										
									
										
									
										
									
										
											
											<td class="fail">FAIL</td>
										
									
								
							
								
							
								
							
								
							
								
							
						
							
								
									
										
											
											<td class="fail">FAIL</td>
										
									
										
									
										
									
										
									
										
									
										
									
										
									
								
							
								
							
								
							
								
							
								
							
						
							
								
									
										
									
										
											
											<td class="fail">FAIL</td>
										
									
										
									
										
									
										
									
										
									
										
									
								
							
								
							
								
							
								
							
								
							
						
							
								
									
										
									
										
									
										
											
											<td class="fail">FAIL</td>
										
									
										
									
										
									
										
									
										
									
								
							
								
							
								
							
								
							
								
							
						
							
								
									
										
									
										
									
										
									
										
											
											<td class="fail">FAIL</td>
										
									
										
									
										
									
										
									
								
							
								
							
								
							
								
							
								
							
						
							
								
									
										
									
										
									
										
									
										
									
										
											
											<td class="fail">FAIL</td>
										
									
										
									
										
									
								
							
								
							
								
							
								
							
								
							
						
					</tr>
					
					<tr>
						<td>
							<a href="#arduino%3ambed_nano%3ananorp2040connect"><b>arduino:mbed_nano:nanorp2040connect</b></a>
							<br />
							<small>2.7.2</small>
						</td>

						
						
						
							<td>Yes ⚠️</td>
							<td class="fail">FAIL</td>
						
						

						
							
								
							
								
									
										
									
										
									
										
									
										
									
										
									
										
											
											<td class="fail">FAIL</td>
										
									
										
									
								
							
								
							
								
							
								
							
						
							
								
							
								
									
										
									
										
									
										
									
										
									
										
									
										
									
										
											<td class="pass">PASS</td>
											
										
									
								
							
								
							
								
							
								
							
						
							
								
							
								
									
										
											<td class="pass">PASS</td>
											
										
									
										
									
										
									
										
									
										
									
										
									
										
									
								
							
								
							
								
							
								
							
						
							
								
							
								
									
										
									
										
											
											<td class="fail">FAIL</td>
										
									
										
									
										
									
										
									
										
									
										
									
								
							
								
							
								
							
								
							
						
							
								
							
								
									
										
									
										
									
										
											
											<td class="fail">FAIL</td>
										
									
										
									
										
									
										
									
										
									
								
							
								
							
								
							
								
							
						
							
								
							
								
									
										
									
										
									
										
									
										
											<td class="pass">PASS</td>
											
										
									
										
									
										
									
										
									
								
							
								
							
								
							
								
							
						
							
								
							
								
									
										
									
										
									
										
									
										
									
										
											
											<td class="fail">FAIL</td>
										
									
										
									
										
									
								
							
								
							
								
							
								
							
						
					</tr>
					
					<tr>
						<td>
							<a href="#arduino%3amegaavr%3anona4809"><b>arduino:megaavr:nona4809</b></a>
							<br />
							<small>1.8.7</small>
						</td>

						
						
						
							<td>Yes ⚠️</td>
							<td class="fail">FAIL</td>
						
						

						
							
								
							
								
							
								
									
										
									
										
									
										
									
										
									
										
									
										
											
											<td class="fail">FAIL</td>
										
									
										
									
								
							
								
							
								
							
						
							
								
							
								
							
								
									
										
									
										
									
										
									
										
									
										
									
										
									
										
											<td class="pass">PASS</td>
											
										
									
								
							
								
							
								
							
						
							
								
							
								
							
								
									
										
											
											<td class="fail">FAIL</td>
										
									
										
									
										
									
										
									
										
									
										
									
										
									
								
							
								
							
								
							
						
							
								
							
								
							
								
									
										
									
										
											
											<td class="fail">FAIL</td>
										
									
										
									
										
									
										
									
										
									
										
									
								
							
								
							
								
							
						
							
								
							
								
							
								
									
										
									
										
									
										
											
											<td class="fail">FAIL</td>
										
									
										
									
										
									
										
									
										
									
								
							
								
							
								
							
						
							
								
							
								
							
								
									
										
									
										
									
										
									
										
											
											<td class="fail">FAIL</td>
										
									
										
									
										
									
										
									
								
							
								
							
								
							
						
							
								
							
								
							
								
									
										
									
										
									
										
									
										
									
										
											
											<td class="fail">FAIL</td>
										
									
										
									
										
									
								
							
								
							
								
							
						
					</tr>
					
					<tr>
						<td>
							<a href="#arduino%3asamd%3amkrwifi1010"><b>arduino:samd:mkrwifi1010</b></a>
							<br />
							<small>1.8.12</small>
						</td>

						
						
						
							<td>Yes ⚠️</td>
							<td class="fail">FAIL</td>
						
						

						
							
								
							
								
							
								
							
								
									
										
									
										
									
										
									
										
									
										
									
										
											
											<td class="fail">FAIL</td>
										
									
										
									
								
							
								
							
						
							
								
							
								
							
								
							
								
									
										
									
										
									
										
									
										
									
										
									
										
									
										
											<td class="pass">PASS</td>
											
										
									
								
							
								
							
						
							
								
							
								
							
								
							
								
									
										
											
											<td class="fail">FAIL</td>
										
									
										
									
										
									
										
									
										
									
										
									
										
									
								
							
								
							
						
							
								
							
								
							
								
							
								
									
										
									
										
											
											<td class="fail">FAIL</td>
										
									
										
									
										
									
										
									
										
									
										
									
								
							
								
							
						
							
								
							
								
							
								
							
								
									
										
									
										
									
										
											
											<td class="fail">FAIL</td>
										
									
										
									
										
									
										
									
										
									
								
							
								
							
						
							
								
							
								
							
								
							
								
									
										
									
										
									
										
									
										
											
											<td class="fail">FAIL</td>
										
									
										
									
										
									
										
									
								
							
								
							
						
							
								
							
								
							
								
							
								
									
										
									
										
									
										
									
										
									
										
											
											<td class="fail">FAIL</td>
										
									
										
									
										
									
								
							
								
							
						
					</tr>
					
					<tr>
						<td>
							<a href="#esp32%3aesp32%3ad1_mini32"><b>esp32:esp32:d1_mini32</b></a>
							<br />
							<small>1.0.6</small>
						</td>

						
						
						
							<td>Yes ⚠️</td>
							<td class="fail">FAIL</td>
						
						

						
							
								
							
								
							
								
							
								
							
								
									
										
									
										
									
										
									
										
									
										
									
										
											
											<td class="fail">FAIL</td>
										
									
										
									
								
							
						
							
								
							
								
							
								
							
								
							
								
									
										
									
										
									
										
									
										
									
										
									
										
									
										
											<td class="pass">PASS</td>
											
										
									
								
							
						
							
								
							
								
							
								
							
								
							
								
									
										
											
											<td class="fail">FAIL</td>
										
									
										
									
										
									
										
									
										
									
										
									
										
									
								
							
						
							
								
							
								
							
								
							
								
							
								
									
										
									
										
											
											<td class="fail">FAIL</td>
										
									
										
									
										
									
										
									
										
									
										
									
								
							
						
							
								
							
								
							
								
							
								
							
								
									
										
									
										
									
										
											
											<td class="fail">FAIL</td>
										
									
										
									
										
									
										
									
										
									
								
							
						
							
								
							
								
							
								
							
								
							
								
									
										
									
										
									
										
									
										
											
											<td class="fail">FAIL</td>
										
									
										
									
										
									
										
									
								
							
						
							
								
							
								
							
								
							
								
							
								
									
										
									
										
									
										
									
										
									
										
											
											<td class="fail">FAIL</td>
										
									
										
									
										
									
								
							
						
					</tr>
					
				</table>

				<h2>Compilation logs</h2>
				
				<h3 id="arduino:avr:uno">arduino:avr:uno @ 1.8.4</h3>
				<h4>Inclusion</h4>
				<p>
					Result: <b>FAIL</b>
					
				</p>
				<pre class="pre-scrollable">
</pre>

					
					<h4>examples/BluetoothProvisioning</h4>
					<p>
						Result: <b>FAIL</b>
					</p>
					<pre class="pre-scrollable">/Users/alranel/Documents/git/arduino/arduino-testlib/cli-datadir/user/libraries/ReactorProtocol/examples/BluetoothProvisioning/BluetoothProvisioning.ino: In function &#39;void setup()&#39;:
/Users/alranel/Documents/git/arduino/arduino-testlib/cli-datadir/user/libraries/ReactorProtocol/examples/BluetoothProvisioning/BluetoothProvisioning.ino:3:5: error: &#39;Serial3&#39; was not declared in this scope
     Serial3.begin(9600); // Serial output begin. Only needed for debug
     ^~~~~~~
/Users/alranel/Documents/git/arduino/arduino-testlib/cli-datadir/user/libraries/ReactorProtocol/examples/BluetoothProvisioning/BluetoothProvisioning.ino:3:5: note: suggested alternative: &#39;Serial&#39;
     Serial3.begin(9600); // Serial output begin. Only needed for debug
     ^~~~~~~
     Serial
/Users/alranel/Documents/git/arduino/arduino-testlib/cli-datadir/user/libraries/ReactorProtocol/examples/BluetoothProvisioning/BluetoothProvisioning.ino: In function &#39;void loop()&#39;:
/Users/alranel/Documents/git/arduino/arduino-testlib/cli-datadir/user/libraries/ReactorProtocol/examples/BluetoothProvisioning/BluetoothProvisioning.ino:11:3: error: &#39;Serial3&#39; was not declared in this scope
   Serial3.begin(9600);
   ^~~~~~~
/Users/alranel/Documents/git/arduino/arduino-testlib/cli-datadir/user/libraries/ReactorProtocol/examples/BluetoothProvisioning/BluetoothProvisioning.ino:11:3: note: suggested alternative: &#39;Serial&#39;
   Serial3.begin(9600);
   ^~~~~~~
   Serial

</pre>
					
					<h4>examples/FreqCounterLib_example</h4>
					<p>
						Result: <b>FAIL</b>
					</p>
					<pre class="pre-scrollable"></pre>
					
					<h4>examples/RBE2001_Field_Control_System</h4>
					<p>
						Result: <b>FAIL</b>
					</p>
					<pre class="pre-scrollable">/Users/alranel/Documents/git/arduino/arduino-testlib/cli-datadir/user/libraries/ReactorProtocol/examples/RBE2001_Field_Control_System/RBE2001_Field_Control_System.ino: In function &#39;void setup()&#39;:
/Users/alranel/Documents/git/arduino/arduino-testlib/cli-datadir/user/libraries/ReactorProtocol/examples/RBE2001_Field_Control_System/RBE2001_Field_Control_System.ino:250:3: error: &#39;Serial1&#39; was not declared in this scope
   Serial1.begin(115200);
   ^~~~~~~
/Users/alranel/Documents/git/arduino/arduino-testlib/cli-datadir/user/libraries/ReactorProtocol/examples/RBE2001_Field_Control_System/RBE2001_Field_Control_System.ino:250:3: note: suggested alternative: &#39;Serial&#39;
   Serial1.begin(115200);
   ^~~~~~~
   Serial
Multiple libraries were found for &#34;TimerOne.h&#34;
  Used: /Users/alranel/Documents/git/arduino/arduino-testlib/cli-datadir/user/libraries/TimerOne
  Not used: /Users/alranel/Documents/git/arduino/arduino-testlib/cli-datadir/user/libraries/Volume_3
  Not used: /Users/alranel/Documents/git/arduino/arduino-testlib/cli-datadir/user/libraries/AIStarter
  Not used: /Users/alranel/Documents/git/arduino/arduino-testlib/cli-datadir/user/libraries/MP3Player
</pre>
					
					<h4>examples/StudentReactorControl</h4>
					<p>
						Result: <b>FAIL</b>
					</p>
					<pre class="pre-scrollable">
</pre>
					
					<h4>examples/bluetooth-master</h4>
					<p>
						Result: <b>FAIL</b>
					</p>
					<pre class="pre-scrollable">
</pre>
					
					<h4>examples/bluetoothtest</h4>
					<p>
						Result: <b>FAIL</b>
					</p>
					<pre class="pre-scrollable">/Users/alranel/Documents/git/arduino/arduino-testlib/cli-datadir/user/libraries/ReactorProtocol/examples/bluetoothtest/bluetoothtest.ino: In function &#39;void setup()&#39;:
/Users/alranel/Documents/git/arduino/arduino-testlib/cli-datadir/user/libraries/ReactorProtocol/examples/bluetoothtest/bluetoothtest.ino:3:19: error: &#39;Serial3&#39; was not declared in this scope
 #define Bluetooth Serial3
                   ^
/Users/alranel/Documents/git/arduino/arduino-testlib/cli-datadir/user/libraries/ReactorProtocol/examples/bluetoothtest/bluetoothtest.ino:6:3: note: in expansion of macro &#39;Bluetooth&#39;
   Bluetooth.begin(115200);
   ^~~~~~~~~
/Users/alranel/Documents/git/arduino/arduino-testlib/cli-datadir/user/libraries/ReactorProtocol/examples/bluetoothtest/bluetoothtest.ino:3:19: note: suggested alternative: &#39;Serial&#39;
 #define Bluetooth Serial3
                   ^
/Users/alranel/Documents/git/arduino/arduino-testlib/cli-datadir/user/libraries/ReactorProtocol/examples/bluetoothtest/bluetoothtest.ino:6:3: note: in expansion of macro &#39;Bluetooth&#39;
   Bluetooth.begin(115200);
   ^~~~~~~~~
/Users/alranel/Documents/git/arduino/arduino-testlib/cli-datadir/user/libraries/ReactorProtocol/examples/bluetoothtest/bluetoothtest.ino: In function &#39;void loop()&#39;:
/Users/alranel/Documents/git/arduino/arduino-testlib/cli-datadir/user/libraries/ReactorProtocol/examples/bluetoothtest/bluetoothtest.ino:3:19: error: &#39;Serial3&#39; was not declared in this scope
 #define Bluetooth Serial3
                   ^
/Users/alranel/Documents/git/arduino/arduino-testlib/cli-datadir/user/libraries/ReactorProtocol/examples/bluetoothtest/bluetoothtest.ino:11:3: note: in expansion of macro &#39;Bluetooth&#39;
   Bluetooth.write(0xf5);
   ^~~~~~~~~
/Users/alranel/Documents/git/arduino/arduino-testlib/cli-datadir/user/libraries/ReactorProtocol/examples/bluetoothtest/bluetoothtest.ino:3:19: note: suggested alternative: &#39;Serial&#39;
 #define Bluetooth Serial3
                   ^
/Users/alranel/Documents/git/arduino/arduino-testlib/cli-datadir/user/libraries/ReactorProtocol/examples/bluetoothtest/bluetoothtest.ino:11:3: note: in expansion of macro &#39;Bluetooth&#39;
   Bluetooth.write(0xf5);
   ^~~~~~~~~

</pre>
					
					<h4>examples/view_packets</h4>
					<p>
						Result: <b>FAIL</b>
					</p>
					<pre class="pre-scrollable">/Users/alranel/Documents/git/arduino/arduino-testlib/cli-datadir/user/libraries/ReactorProtocol/examples/view_packets/view_packets.ino: In function &#39;void setup()&#39;:
/Users/alranel/Documents/git/arduino/arduino-testlib/cli-datadir/user/libraries/ReactorProtocol/examples/view_packets/view_packets.ino:9:2: error: &#39;Serial1&#39; was not declared in this scope
  Serial1.begin(115200);
  ^~~~~~~
/Users/alranel/Documents/git/arduino/arduino-testlib/cli-datadir/user/libraries/ReactorProtocol/examples/view_packets/view_packets.ino:9:2: note: suggested alternative: &#39;Serial&#39;
  Serial1.begin(115200);
  ^~~~~~~
  Serial
/Users/alranel/Documents/git/arduino/arduino-testlib/cli-datadir/user/libraries/ReactorProtocol/examples/view_packets/view_packets.ino: In function &#39;void loop()&#39;:
/Users/alranel/Documents/git/arduino/arduino-testlib/cli-datadir/user/libraries/ReactorProtocol/examples/view_packets/view_packets.ino:13:7: error: &#39;Serial1&#39; was not declared in this scope
   if (Serial1.available()) {
       ^~~~~~~
/Users/alranel/Documents/git/arduino/arduino-testlib/cli-datadir/user/libraries/ReactorProtocol/examples/view_packets/view_packets.ino:13:7: note: suggested alternative: &#39;Serial&#39;
   if (Serial1.available()) {
       ^~~~~~~
       Serial

</pre>
					
				
				<h3 id="arduino:mbed_nano:nanorp2040connect">arduino:mbed_nano:nanorp2040connect @ 2.7.2</h3>
				<h4>Inclusion</h4>
				<p>
					Result: <b>FAIL</b>
					
				</p>
				<pre class="pre-scrollable">
</pre>

					
					<h4>examples/BluetoothProvisioning</h4>
					<p>
						Result: <b>PASS</b>
					</p>
					<pre class="pre-scrollable">Sketch uses 79454 bytes (0%) of program storage space. Maximum is 16777216 bytes.
Global variables use 43444 bytes (16%) of dynamic memory, leaving 226892 bytes for local variables. Maximum is 270336 bytes.
</pre>
					
					<h4>examples/FreqCounterLib_example</h4>
					<p>
						Result: <b>FAIL</b>
					</p>
					<pre class="pre-scrollable"></pre>
					
					<h4>examples/RBE2001_Field_Control_System</h4>
					<p>
						Result: <b>FAIL</b>
					</p>
					<pre class="pre-scrollable">In file included from /home/ec2-user/arduino-testlib/cli-datadir/user/libraries/ReactorProtocol/examples/RBE2001_Field_Control_System/RBE2001_Field_Control_System.ino:84:0:
/home/ec2-user/arduino-testlib/cli-datadir/user/libraries/AIStarter/src/TimerOne.h:39:10: fatal error: avr/io.h: No such file or directory
 #include &lt;avr/io.h&gt;
          ^~~~~~~~~~
compilation terminated.
Multiple libraries were found for &#34;TimerOne.h&#34;
  Used: /home/ec2-user/arduino-testlib/cli-datadir/user/libraries/AIStarter
  Not used: /home/ec2-user/arduino-testlib/cli-datadir/user/libraries/TimerOne
  Not used: /home/ec2-user/arduino-testlib/cli-datadir/user/libraries/MP3Player
  Not used: /home/ec2-user/arduino-testlib/cli-datadir/user/libraries/Volume_3
</pre>
					
					<h4>examples/StudentReactorControl</h4>
					<p>
						Result: <b>PASS</b>
					</p>
					<pre class="pre-scrollable">Sketch uses 79420 bytes (0%) of program storage space. Maximum is 16777216 bytes.
Global variables use 43492 bytes (16%) of dynamic memory, leaving 226844 bytes for local variables. Maximum is 270336 bytes.
</pre>
					
					<h4>examples/bluetooth-master</h4>
					<p>
						Result: <b>FAIL</b>
					</p>
					<pre class="pre-scrollable">
</pre>
					
					<h4>examples/bluetoothtest</h4>
					<p>
						Result: <b>FAIL</b>
					</p>
					<pre class="pre-scrollable">/home/ec2-user/arduino-testlib/cli-datadir/user/libraries/ReactorProtocol/examples/bluetoothtest/bluetoothtest.ino: In function &#39;void loop()&#39;:
/home/ec2-user/arduino-testlib/cli-datadir/user/libraries/ReactorProtocol/examples/bluetoothtest/bluetoothtest.ino:15:20: error: call of overloaded &#39;write(int)&#39; is ambiguous
   Bluetooth.write(0);
                    ^
In file included from /home/ec2-user/arduino-testlib/cli-datadir/data/packages/arduino/hardware/mbed_nano/2.7.2/cores/arduino/Arduino.h:102:0,
                 from /home/ec2-user/arduino-testlib/cli-datadir/user/libraries/ReactorProtocol/examples/bluetoothtest/bluetoothtest.ino:1:
/home/ec2-user/arduino-testlib/cli-datadir/data/packages/arduino/hardware/mbed_nano/2.7.2/cores/arduino/Serial.h:53:10: note: candidate: virtual size_t arduino::UART::write(uint8_t)
   size_t write(uint8_t c);
          ^~~~~
In file included from /home/ec2-user/arduino-testlib/cli-datadir/data/packages/arduino/hardware/mbed_nano/2.7.2/cores/arduino/api/ArduinoAPI.h:31:0,
                 from /home/ec2-user/arduino-testlib/cli-datadir/data/packages/arduino/hardware/mbed_nano/2.7.2/cores/arduino/Arduino.h:27,
                 from /home/ec2-user/arduino-testlib/cli-datadir/user/libraries/ReactorProtocol/examples/bluetoothtest/bluetoothtest.ino:1:
/home/ec2-user/arduino-testlib/cli-datadir/data/packages/arduino/hardware/mbed_nano/2.7.2/cores/arduino/api/Print.h:50:12: note: candidate: size_t arduino::Print::write(const char*)
     size_t write(const char *str) {
            ^~~~~

</pre>
					
					<h4>examples/view_packets</h4>
					<p>
						Result: <b>PASS</b>
					</p>
					<pre class="pre-scrollable">Sketch uses 78922 bytes (0%) of program storage space. Maximum is 16777216 bytes.
Global variables use 43444 bytes (16%) of dynamic memory, leaving 226892 bytes for local variables. Maximum is 270336 bytes.
</pre>
					
				
				<h3 id="arduino:megaavr:nona4809">arduino:megaavr:nona4809 @ 1.8.7</h3>
				<h4>Inclusion</h4>
				<p>
					Result: <b>FAIL</b>
					
				</p>
				<pre class="pre-scrollable">
</pre>

					
					<h4>examples/BluetoothProvisioning</h4>
					<p>
						Result: <b>FAIL</b>
					</p>
					<pre class="pre-scrollable">/home/ec2-user/arduino-testlib/cli-datadir/user/libraries/ReactorProtocol/examples/BluetoothProvisioning/BluetoothProvisioning.ino: In function &#39;void setup()&#39;:
/home/ec2-user/arduino-testlib/cli-datadir/user/libraries/ReactorProtocol/examples/BluetoothProvisioning/BluetoothProvisioning.ino:3:5: error: &#39;Serial3&#39; was not declared in this scope
     Serial3.begin(9600); // Serial output begin. Only needed for debug
     ^~~~~~~
/home/ec2-user/arduino-testlib/cli-datadir/user/libraries/ReactorProtocol/examples/BluetoothProvisioning/BluetoothProvisioning.ino:3:5: note: suggested alternative: &#39;Serial1&#39;
     Serial3.begin(9600); // Serial output begin. Only needed for debug
     ^~~~~~~
     Serial1
/home/ec2-user/arduino-testlib/cli-datadir/user/libraries/ReactorProtocol/examples/BluetoothProvisioning/BluetoothProvisioning.ino: In function &#39;void loop()&#39;:
/home/ec2-user/arduino-testlib/cli-datadir/user/libraries/ReactorProtocol/examples/BluetoothProvisioning/BluetoothProvisioning.ino:11:3: error: &#39;Serial3&#39; was not declared in this scope
   Serial3.begin(9600);
   ^~~~~~~
/home/ec2-user/arduino-testlib/cli-datadir/user/libraries/ReactorProtocol/examples/BluetoothProvisioning/BluetoothProvisioning.ino:11:3: note: suggested alternative: &#39;Serial1&#39;
   Serial3.begin(9600);
   ^~~~~~~
   Serial1

</pre>
					
					<h4>examples/FreqCounterLib_example</h4>
					<p>
						Result: <b>FAIL</b>
					</p>
					<pre class="pre-scrollable"></pre>
					
					<h4>examples/RBE2001_Field_Control_System</h4>
					<p>
						Result: <b>FAIL</b>
					</p>
					<pre class="pre-scrollable">/home/ec2-user/arduino-testlib/cli-datadir/user/libraries/AIStarter/src/Beep.cpp:1:10: fatal error: arduino.h: No such file or directory
 #include &#34;arduino.h&#34;
          ^~~~~~~~~~~
compilation terminated.
Multiple libraries were found for &#34;TimerOne.h&#34;
  Used: /home/ec2-user/arduino-testlib/cli-datadir/user/libraries/AIStarter
  Not used: /home/ec2-user/arduino-testlib/cli-datadir/user/libraries/MP3Player
  Not used: /home/ec2-user/arduino-testlib/cli-datadir/user/libraries/TimerOne
  Not used: /home/ec2-user/arduino-testlib/cli-datadir/user/libraries/Volume_3
</pre>
					
					<h4>examples/StudentReactorControl</h4>
					<p>
						Result: <b>FAIL</b>
					</p>
					<pre class="pre-scrollable">
</pre>
					
					<h4>examples/bluetooth-master</h4>
					<p>
						Result: <b>FAIL</b>
					</p>
					<pre class="pre-scrollable">
</pre>
					
					<h4>examples/bluetoothtest</h4>
					<p>
						Result: <b>FAIL</b>
					</p>
					<pre class="pre-scrollable">/home/ec2-user/arduino-testlib/cli-datadir/user/libraries/ReactorProtocol/examples/bluetoothtest/bluetoothtest.ino: In function &#39;void setup()&#39;:
/home/ec2-user/arduino-testlib/cli-datadir/user/libraries/ReactorProtocol/examples/bluetoothtest/bluetoothtest.ino:3:19: error: &#39;Serial3&#39; was not declared in this scope
 #define Bluetooth Serial3
                   ^
/home/ec2-user/arduino-testlib/cli-datadir/user/libraries/ReactorProtocol/examples/bluetoothtest/bluetoothtest.ino:6:3: note: in expansion of macro &#39;Bluetooth&#39;
   Bluetooth.begin(115200);
   ^~~~~~~~~
/home/ec2-user/arduino-testlib/cli-datadir/user/libraries/ReactorProtocol/examples/bluetoothtest/bluetoothtest.ino:3:19: note: suggested alternative: &#39;Serial1&#39;
 #define Bluetooth Serial3
                   ^
/home/ec2-user/arduino-testlib/cli-datadir/user/libraries/ReactorProtocol/examples/bluetoothtest/bluetoothtest.ino:6:3: note: in expansion of macro &#39;Bluetooth&#39;
   Bluetooth.begin(115200);
   ^~~~~~~~~
/home/ec2-user/arduino-testlib/cli-datadir/user/libraries/ReactorProtocol/examples/bluetoothtest/bluetoothtest.ino: In function &#39;void loop()&#39;:
/home/ec2-user/arduino-testlib/cli-datadir/user/libraries/ReactorProtocol/examples/bluetoothtest/bluetoothtest.ino:3:19: error: &#39;Serial3&#39; was not declared in this scope
 #define Bluetooth Serial3
                   ^
/home/ec2-user/arduino-testlib/cli-datadir/user/libraries/ReactorProtocol/examples/bluetoothtest/bluetoothtest.ino:11:3: note: in expansion of macro &#39;Bluetooth&#39;
   Bluetooth.write(0xf5);
   ^~~~~~~~~
/home/ec2-user/arduino-testlib/cli-datadir/user/libraries/ReactorProtocol/examples/bluetoothtest/bluetoothtest.ino:3:19: note: suggested alternative: &#39;Serial1&#39;
 #define Bluetooth Serial3
                   ^
/home/ec2-user/arduino-testlib/cli-datadir/user/libraries/ReactorProtocol/examples/bluetoothtest/bluetoothtest.ino:11:3: note: in expansion of macro &#39;Bluetooth&#39;
   Bluetooth.write(0xf5);
   ^~~~~~~~~

</pre>
					
					<h4>examples/view_packets</h4>
					<p>
						Result: <b>PASS</b>
					</p>
					<pre class="pre-scrollable">Sketch uses 3011 bytes (6%) of program storage space. Maximum is 49152 bytes.
Global variables use 332 bytes (5%) of dynamic memory, leaving 5812 bytes for local variables. Maximum is 6144 bytes.
</pre>
					
				
				<h3 id="arduino:samd:mkrwifi1010">arduino:samd:mkrwifi1010 @ 1.8.12</h3>
				<h4>Inclusion</h4>
				<p>
					Result: <b>FAIL</b>
					
				</p>
				<pre class="pre-scrollable">
</pre>

					
					<h4>examples/BluetoothProvisioning</h4>
					<p>
						Result: <b>FAIL</b>
					</p>
					<pre class="pre-scrollable">/Users/alranel/Documents/git/arduino/arduino-testlib/cli-datadir/user/libraries/ReactorProtocol/examples/BluetoothProvisioning/BluetoothProvisioning.ino: In function &#39;void setup()&#39;:
/Users/alranel/Documents/git/arduino/arduino-testlib/cli-datadir/user/libraries/ReactorProtocol/examples/BluetoothProvisioning/BluetoothProvisioning.ino:3:5: error: &#39;Serial3&#39; was not declared in this scope
     Serial3.begin(9600); // Serial output begin. Only needed for debug
     ^~~~~~~
/Users/alranel/Documents/git/arduino/arduino-testlib/cli-datadir/user/libraries/ReactorProtocol/examples/BluetoothProvisioning/BluetoothProvisioning.ino:3:5: note: suggested alternative: &#39;Serial_&#39;
     Serial3.begin(9600); // Serial output begin. Only needed for debug
     ^~~~~~~
     Serial_
/Users/alranel/Documents/git/arduino/arduino-testlib/cli-datadir/user/libraries/ReactorProtocol/examples/BluetoothProvisioning/BluetoothProvisioning.ino: In function &#39;void loop()&#39;:
/Users/alranel/Documents/git/arduino/arduino-testlib/cli-datadir/user/libraries/ReactorProtocol/examples/BluetoothProvisioning/BluetoothProvisioning.ino:11:3: error: &#39;Serial3&#39; was not declared in this scope
   Serial3.begin(9600);
   ^~~~~~~
/Users/alranel/Documents/git/arduino/arduino-testlib/cli-datadir/user/libraries/ReactorProtocol/examples/BluetoothProvisioning/BluetoothProvisioning.ino:11:3: note: suggested alternative: &#39;Serial_&#39;
   Serial3.begin(9600);
   ^~~~~~~
   Serial_

</pre>
					
					<h4>examples/FreqCounterLib_example</h4>
					<p>
						Result: <b>FAIL</b>
					</p>
					<pre class="pre-scrollable"></pre>
					
					<h4>examples/RBE2001_Field_Control_System</h4>
					<p>
						Result: <b>FAIL</b>
					</p>
					<pre class="pre-scrollable">In file included from /Users/alranel/Documents/git/arduino/arduino-testlib/cli-datadir/user/libraries/ReactorProtocol/examples/RBE2001_Field_Control_System/RBE2001_Field_Control_System.ino:84:0:
/Users/alranel/Documents/git/arduino/arduino-testlib/cli-datadir/user/libraries/AIStarter/src/TimerOne.h:39:10: fatal error: avr/io.h: No such file or directory
 #include &lt;avr/io.h&gt;
          ^~~~~~~~~~
compilation terminated.
Multiple libraries were found for &#34;TimerOne.h&#34;
  Used: /Users/alranel/Documents/git/arduino/arduino-testlib/cli-datadir/user/libraries/AIStarter
  Not used: /Users/alranel/Documents/git/arduino/arduino-testlib/cli-datadir/user/libraries/Volume_3
  Not used: /Users/alranel/Documents/git/arduino/arduino-testlib/cli-datadir/user/libraries/MP3Player
  Not used: /Users/alranel/Documents/git/arduino/arduino-testlib/cli-datadir/user/libraries/TimerOne
</pre>
					
					<h4>examples/StudentReactorControl</h4>
					<p>
						Result: <b>FAIL</b>
					</p>
					<pre class="pre-scrollable">
</pre>
					
					<h4>examples/bluetooth-master</h4>
					<p>
						Result: <b>FAIL</b>
					</p>
					<pre class="pre-scrollable">
</pre>
					
					<h4>examples/bluetoothtest</h4>
					<p>
						Result: <b>FAIL</b>
					</p>
					<pre class="pre-scrollable">/Users/alranel/Documents/git/arduino/arduino-testlib/cli-datadir/user/libraries/ReactorProtocol/examples/bluetoothtest/bluetoothtest.ino: In function &#39;void setup()&#39;:
/Users/alranel/Documents/git/arduino/arduino-testlib/cli-datadir/user/libraries/ReactorProtocol/examples/bluetoothtest/bluetoothtest.ino:3:19: error: &#39;Serial3&#39; was not declared in this scope
 #define Bluetooth Serial3
                   ^
/Users/alranel/Documents/git/arduino/arduino-testlib/cli-datadir/user/libraries/ReactorProtocol/examples/bluetoothtest/bluetoothtest.ino:6:3: note: in expansion of macro &#39;Bluetooth&#39;
   Bluetooth.begin(115200);
   ^~~~~~~~~
/Users/alranel/Documents/git/arduino/arduino-testlib/cli-datadir/user/libraries/ReactorProtocol/examples/bluetoothtest/bluetoothtest.ino:3:19: note: suggested alternative: &#39;Serial_&#39;
 #define Bluetooth Serial3
                   ^
/Users/alranel/Documents/git/arduino/arduino-testlib/cli-datadir/user/libraries/ReactorProtocol/examples/bluetoothtest/bluetoothtest.ino:6:3: note: in expansion of macro &#39;Bluetooth&#39;
   Bluetooth.begin(115200);
   ^~~~~~~~~
/Users/alranel/Documents/git/arduino/arduino-testlib/cli-datadir/user/libraries/ReactorProtocol/examples/bluetoothtest/bluetoothtest.ino: In function &#39;void loop()&#39;:
/Users/alranel/Documents/git/arduino/arduino-testlib/cli-datadir/user/libraries/ReactorProtocol/examples/bluetoothtest/bluetoothtest.ino:3:19: error: &#39;Serial3&#39; was not declared in this scope
 #define Bluetooth Serial3
                   ^
/Users/alranel/Documents/git/arduino/arduino-testlib/cli-datadir/user/libraries/ReactorProtocol/examples/bluetoothtest/bluetoothtest.ino:11:3: note: in expansion of macro &#39;Bluetooth&#39;
   Bluetooth.write(0xf5);
   ^~~~~~~~~
/Users/alranel/Documents/git/arduino/arduino-testlib/cli-datadir/user/libraries/ReactorProtocol/examples/bluetoothtest/bluetoothtest.ino:3:19: note: suggested alternative: &#39;Serial_&#39;
 #define Bluetooth Serial3
                   ^
/Users/alranel/Documents/git/arduino/arduino-testlib/cli-datadir/user/libraries/ReactorProtocol/examples/bluetoothtest/bluetoothtest.ino:11:3: note: in expansion of macro &#39;Bluetooth&#39;
   Bluetooth.write(0xf5);
   ^~~~~~~~~

</pre>
					
					<h4>examples/view_packets</h4>
					<p>
						Result: <b>PASS</b>
					</p>
					<pre class="pre-scrollable">Sketch uses 12448 bytes (4%) of program storage space. Maximum is 262144 bytes.
Global variables use 2996 bytes (9%) of dynamic memory, leaving 29772 bytes for local variables. Maximum is 32768 bytes.
</pre>
					
				
				<h3 id="esp32:esp32:d1_mini32">esp32:esp32:d1_mini32 @ 1.0.6</h3>
				<h4>Inclusion</h4>
				<p>
					Result: <b>FAIL</b>
					
				</p>
				<pre class="pre-scrollable">In file included from /home/ec2-user/arduino-testlib/cli-datadir/user/libraries/ReactorProtocol/src/FreqCounter.cpp:38:0:
/home/ec2-user/arduino-testlib/cli-datadir/user/libraries/ReactorProtocol/src/FreqCounter.h:14:27: fatal error: avr/interrupt.h: No such file or directory
 #include &lt;avr/interrupt.h&gt;
                           ^
compilation terminated.

</pre>

					
					<h4>examples/BluetoothProvisioning</h4>
					<p>
						Result: <b>FAIL</b>
					</p>
					<pre class="pre-scrollable">/home/ec2-user/arduino-testlib/cli-datadir/user/libraries/ReactorProtocol/examples/BluetoothProvisioning/BluetoothProvisioning.ino: In function &#39;void setup()&#39;:
/home/ec2-user/arduino-testlib/cli-datadir/user/libraries/ReactorProtocol/examples/BluetoothProvisioning/BluetoothProvisioning.ino:3:5: error: &#39;Serial3&#39; was not declared in this scope
     Serial3.begin(9600); // Serial output begin. Only needed for debug
     ^
/home/ec2-user/arduino-testlib/cli-datadir/user/libraries/ReactorProtocol/examples/BluetoothProvisioning/BluetoothProvisioning.ino: In function &#39;void loop()&#39;:
/home/ec2-user/arduino-testlib/cli-datadir/user/libraries/ReactorProtocol/examples/BluetoothProvisioning/BluetoothProvisioning.ino:11:3: error: &#39;Serial3&#39; was not declared in this scope
   Serial3.begin(9600);
   ^

</pre>
					
					<h4>examples/FreqCounterLib_example</h4>
					<p>
						Result: <b>FAIL</b>
					</p>
					<pre class="pre-scrollable"></pre>
					
					<h4>examples/RBE2001_Field_Control_System</h4>
					<p>
						Result: <b>FAIL</b>
					</p>
					<pre class="pre-scrollable">In file included from /home/ec2-user/arduino-testlib/cli-datadir/user/libraries/ReactorProtocol/examples/RBE2001_Field_Control_System/RBE2001_Field_Control_System.ino:84:0:
/home/ec2-user/arduino-testlib/cli-datadir/user/libraries/AIStarter/src/TimerOne.h:39:20: fatal error: avr/io.h: No such file or directory
compilation terminated.
Multiple libraries were found for &#34;TimerOne.h&#34;
  Used: /home/ec2-user/arduino-testlib/cli-datadir/user/libraries/AIStarter
  Not used: /home/ec2-user/arduino-testlib/cli-datadir/user/libraries/TimerOne
  Not used: /home/ec2-user/arduino-testlib/cli-datadir/user/libraries/MP3Player
  Not used: /home/ec2-user/arduino-testlib/cli-datadir/user/libraries/Volume_3
</pre>
					
					<h4>examples/StudentReactorControl</h4>
					<p>
						Result: <b>FAIL</b>
					</p>
					<pre class="pre-scrollable">
</pre>
					
					<h4>examples/bluetooth-master</h4>
					<p>
						Result: <b>FAIL</b>
					</p>
					<pre class="pre-scrollable">In file included from /home/ec2-user/arduino-testlib/cli-datadir/user/libraries/ReactorProtocol/src/FreqCounter.cpp:38:0:
/home/ec2-user/arduino-testlib/cli-datadir/user/libraries/ReactorProtocol/src/FreqCounter.h:14:27: fatal error: avr/interrupt.h: No such file or directory
 #include &lt;avr/interrupt.h&gt;
                           ^
compilation terminated.

</pre>
					
					<h4>examples/bluetoothtest</h4>
					<p>
						Result: <b>FAIL</b>
					</p>
					<pre class="pre-scrollable">/home/ec2-user/arduino-testlib/cli-datadir/user/libraries/ReactorProtocol/examples/bluetoothtest/bluetoothtest.ino: In function &#39;void setup()&#39;:
/home/ec2-user/arduino-testlib/cli-datadir/user/libraries/ReactorProtocol/examples/bluetoothtest/bluetoothtest.ino:3:19: error: &#39;Serial3&#39; was not declared in this scope
 #define Bluetooth Serial3
                   ^
/home/ec2-user/arduino-testlib/cli-datadir/user/libraries/ReactorProtocol/examples/bluetoothtest/bluetoothtest.ino:6:3: note: in expansion of macro &#39;Bluetooth&#39;
   Bluetooth.begin(115200);
   ^
/home/ec2-user/arduino-testlib/cli-datadir/user/libraries/ReactorProtocol/examples/bluetoothtest/bluetoothtest.ino: In function &#39;void loop()&#39;:
/home/ec2-user/arduino-testlib/cli-datadir/user/libraries/ReactorProtocol/examples/bluetoothtest/bluetoothtest.ino:3:19: error: &#39;Serial3&#39; was not declared in this scope
 #define Bluetooth Serial3
                   ^
/home/ec2-user/arduino-testlib/cli-datadir/user/libraries/ReactorProtocol/examples/bluetoothtest/bluetoothtest.ino:11:3: note: in expansion of macro &#39;Bluetooth&#39;
   Bluetooth.write(0xf5);
   ^

</pre>
					
					<h4>examples/view_packets</h4>
					<p>
						Result: <b>PASS</b>
					</p>
					<pre class="pre-scrollable">Sketch uses 204542 bytes (15%) of program storage space. Maximum is 1310720 bytes.
Global variables use 13416 bytes (4%) of dynamic memory, leaving 314264 bytes for local variables. Maximum is 327680 bytes.
</pre>
					
				
			</div>
		</div>
	</div>
  </body>
</html>
