
<!doctype html>
<html lang="en">
  <head>
    <meta charset="utf-8">
    <meta name="viewport" content="width=device-width, initial-scale=1">
    <link href="https://cdn.jsdelivr.net/npm/bootstrap@5.0.2/dist/css/bootstrap.min.css" rel="stylesheet" integrity="sha384-EVSTQN3/azprG1Anm3QDgpJLIm9Nao0Yz1ztcQTwFspd3yD65VohhpuuCOmLASjC" crossorigin="anonymous">
    <title>arduino-testlib report</title>
	<style>
	.pass { background-color: #00FF00 !important; }
	.fail { background-color: #FF0000 !important; }
	</style>
  </head>
  <body>
	<div class="container">
		<div class="row">
			<div class="col">
				<h1>Redis for Arduino - compatibility matrix</h1>
				<p>
					<small>This report was generated on Wednesday, 23-Feb-22 22:48:15 CET using 
					<a href="https://github.com/alranel/arduino-testlib">arduino-testlib</a>.</small>
				</p>

				<h2>Redis for Arduino</h2>
				<p>
					Version: <b>2.4.3</b>
					<br />
					<a href="https://www.arduino.cc/reference/en/libraries/redis-for-arduino/">More details</a>
				</p>

				<h2>Compatibility matrix</h2>
				<table class="table table-bordered">
					<tr>
						<th>Board</th>
						<th>Claims compatibility</th>
						<th>Inclusion</th>
						
						<th><pre>JsonPub</pre></th>
						
						<th><pre>Pub_Sub</pre></th>
						
						<th><pre>Simple</pre></th>
						
						<th><pre>Subscribe</pre></th>
						
					</tr>
					
					<tr>
						<td>
							<a href="#arduino%3aavr%3auno"><b>arduino:avr:uno</b></a>
							<br />
							<small>1.8.4</small>
						</td>

						
						
						
						
							<td>No</td>
							<td class="fail">FAIL</td>
						

						
							
								
									
										
											
											<td class="fail">FAIL</td>
										
									
										
									
										
									
										
									
								
							
								
							
								
							
								
							
								
							
						
							
								
									
										
									
										
											
											<td class="fail">FAIL</td>
										
									
										
									
										
									
								
							
								
							
								
							
								
							
								
							
						
							
								
									
										
									
										
									
										
											
											<td class="fail">FAIL</td>
										
									
										
									
								
							
								
							
								
							
								
							
								
							
						
							
								
									
										
									
										
									
										
									
										
											
											<td class="fail">FAIL</td>
										
									
								
							
								
							
								
							
								
							
								
							
						
					</tr>
					
					<tr>
						<td>
							<a href="#arduino%3ambed_nano%3ananorp2040connect"><b>arduino:mbed_nano:nanorp2040connect</b></a>
							<br />
							<small>2.7.2</small>
						</td>

						
						
						
						
							<td>No</td>
							<td class="fail">FAIL</td>
						

						
							
								
							
								
									
										
											
											<td class="fail">FAIL</td>
										
									
										
									
										
									
										
									
								
							
								
							
								
							
								
							
						
							
								
							
								
									
										
									
										
											
											<td class="fail">FAIL</td>
										
									
										
									
										
									
								
							
								
							
								
							
								
							
						
							
								
							
								
									
										
									
										
									
										
											
											<td class="fail">FAIL</td>
										
									
										
									
								
							
								
							
								
							
								
							
						
							
								
							
								
									
										
									
										
									
										
									
										
											
											<td class="fail">FAIL</td>
										
									
								
							
								
							
								
							
								
							
						
					</tr>
					
					<tr>
						<td>
							<a href="#arduino%3amegaavr%3anona4809"><b>arduino:megaavr:nona4809</b></a>
							<br />
							<small>1.8.7</small>
						</td>

						
						
						
						
							<td>No</td>
							<td class="fail">FAIL</td>
						

						
							
								
							
								
							
								
									
										
											
											<td class="fail">FAIL</td>
										
									
										
									
										
									
										
									
								
							
								
							
								
							
						
							
								
							
								
							
								
									
										
									
										
											
											<td class="fail">FAIL</td>
										
									
										
									
										
									
								
							
								
							
								
							
						
							
								
							
								
							
								
									
										
									
										
									
										
											
											<td class="fail">FAIL</td>
										
									
										
									
								
							
								
							
								
							
						
							
								
							
								
							
								
									
										
									
										
									
										
									
										
											
											<td class="fail">FAIL</td>
										
									
								
							
								
							
								
							
						
					</tr>
					
					<tr>
						<td>
							<a href="#arduino%3asamd%3amkrwifi1010"><b>arduino:samd:mkrwifi1010</b></a>
							<br />
							<small>1.8.12</small>
						</td>

						
						
						
						
							<td>No</td>
							<td class="fail">FAIL</td>
						

						
							
								
							
								
							
								
							
								
									
										
											
											<td class="fail">FAIL</td>
										
									
										
									
										
									
										
									
								
							
								
							
						
							
								
							
								
							
								
							
								
									
										
									
										
											
											<td class="fail">FAIL</td>
										
									
										
									
										
									
								
							
								
							
						
							
								
							
								
							
								
							
								
									
										
									
										
									
										
											
											<td class="fail">FAIL</td>
										
									
										
									
								
							
								
							
						
							
								
							
								
							
								
							
								
									
										
									
										
									
										
									
										
											
											<td class="fail">FAIL</td>
										
									
								
							
								
							
						
					</tr>
					
					<tr>
						<td>
							<a href="#esp32%3aesp32%3ad1_mini32"><b>esp32:esp32:d1_mini32</b></a>
							<br />
							<small>1.0.6</small>
						</td>

						
						
						
							<td>Yes ⚠️</td>
							<td class="fail">FAIL</td>
						
						

						
							
								
							
								
							
								
							
								
							
								
									
										
											<td class="pass">PASS</td>
											
										
									
										
									
										
									
										
									
								
							
						
							
								
							
								
							
								
							
								
							
								
									
										
									
										
											<td class="pass">PASS</td>
											
										
									
										
									
										
									
								
							
						
							
								
							
								
							
								
							
								
							
								
									
										
									
										
									
										
											<td class="pass">PASS</td>
											
										
									
										
									
								
							
						
							
								
							
								
							
								
							
								
							
								
									
										
									
										
									
										
									
										
											<td class="pass">PASS</td>
											
										
									
								
							
						
					</tr>
					
				</table>

				<h2>Compilation logs</h2>
				
				<h3 id="arduino:avr:uno">arduino:avr:uno @ 1.8.4</h3>
				<h4>Inclusion</h4>
				<p>
					Result: <b>FAIL</b>
					
					<br />This library has no main header file so an empty one was created.
					
				</p>
				<pre class="pre-scrollable">/tmp/arduino-testlib3607114765/test/test.ino:1:10: fatal error: Redis_for_Arduino.h: No such file or directory
 #include &lt;Redis_for_Arduino.h&gt;
          ^~~~~~~~~~~~~~~~~~~~~
compilation terminated.

</pre>

					
					<h4>examples/JsonPub</h4>
					<p>
						Result: <b>FAIL</b>
					</p>
					<pre class="pre-scrollable">In file included from /home/ec2-user/arduino-testlib/cli-datadir/user/libraries/Redis_for_Arduino/examples/JsonPub/JsonPub.ino:1:0:
/home/ec2-user/arduino-testlib/cli-datadir/user/libraries/Redis_for_Arduino/Redis.h:27:10: fatal error: vector: No such file or directory
 #include &lt;vector&gt;
          ^~~~~~~~
compilation terminated.
Multiple libraries were found for &#34;Redis.h&#34;
  Used: /home/ec2-user/arduino-testlib/cli-datadir/user/libraries/Redis_for_Arduino
  Not used: /home/ec2-user/arduino-testlib/cli-datadir/user/libraries/Redis_for_ESP8266
</pre>
					
					<h4>examples/Pub_Sub</h4>
					<p>
						Result: <b>FAIL</b>
					</p>
					<pre class="pre-scrollable">In file included from /home/ec2-user/arduino-testlib/cli-datadir/user/libraries/Redis_for_Arduino/examples/Pub_Sub/Pub_Sub.ino:1:0:
/home/ec2-user/arduino-testlib/cli-datadir/user/libraries/Redis_for_ESP8266/Redis.h:4:10: fatal error: ESP8266WiFi.h: No such file or directory
 #include &lt;ESP8266WiFi.h&gt;
          ^~~~~~~~~~~~~~~
compilation terminated.
Multiple libraries were found for &#34;Redis.h&#34;
  Used: /home/ec2-user/arduino-testlib/cli-datadir/user/libraries/Redis_for_ESP8266
  Not used: /home/ec2-user/arduino-testlib/cli-datadir/user/libraries/Redis_for_Arduino
</pre>
					
					<h4>examples/Simple</h4>
					<p>
						Result: <b>FAIL</b>
					</p>
					<pre class="pre-scrollable">In file included from /home/ec2-user/arduino-testlib/cli-datadir/user/libraries/Redis_for_Arduino/examples/Simple/Simple.ino:1:0:
/home/ec2-user/arduino-testlib/cli-datadir/user/libraries/Redis_for_ESP8266/Redis.h:4:10: fatal error: ESP8266WiFi.h: No such file or directory
 #include &lt;ESP8266WiFi.h&gt;
          ^~~~~~~~~~~~~~~
compilation terminated.
Multiple libraries were found for &#34;Redis.h&#34;
  Used: /home/ec2-user/arduino-testlib/cli-datadir/user/libraries/Redis_for_ESP8266
  Not used: /home/ec2-user/arduino-testlib/cli-datadir/user/libraries/Redis_for_Arduino
</pre>
					
					<h4>examples/Subscribe</h4>
					<p>
						Result: <b>FAIL</b>
					</p>
					<pre class="pre-scrollable">In file included from /home/ec2-user/arduino-testlib/cli-datadir/user/libraries/Redis_for_Arduino/examples/Subscribe/Subscribe.ino:1:0:
/home/ec2-user/arduino-testlib/cli-datadir/user/libraries/Redis_for_ESP8266/Redis.h:4:10: fatal error: ESP8266WiFi.h: No such file or directory
 #include &lt;ESP8266WiFi.h&gt;
          ^~~~~~~~~~~~~~~
compilation terminated.
Multiple libraries were found for &#34;Redis.h&#34;
  Used: /home/ec2-user/arduino-testlib/cli-datadir/user/libraries/Redis_for_ESP8266
  Not used: /home/ec2-user/arduino-testlib/cli-datadir/user/libraries/Redis_for_Arduino
</pre>
					
				
				<h3 id="arduino:mbed_nano:nanorp2040connect">arduino:mbed_nano:nanorp2040connect @ 2.7.2</h3>
				<h4>Inclusion</h4>
				<p>
					Result: <b>FAIL</b>
					
					<br />This library has no main header file so an empty one was created.
					
				</p>
				<pre class="pre-scrollable">/tmp/arduino-testlib790524237/test/test.ino:1:10: fatal error: Redis_for_Arduino.h: No such file or directory
 #include &lt;Redis_for_Arduino.h&gt;
          ^~~~~~~~~~~~~~~~~~~~~
compilation terminated.

</pre>

					
					<h4>examples/JsonPub</h4>
					<p>
						Result: <b>FAIL</b>
					</p>
					<pre class="pre-scrollable">WARNING: library Redis_for_Arduino claims to run on esp8266, Arduino_ESP8266, esp32 architecture(s) and may be incompatible with your current board which runs on mbed_nano architecture(s).
/home/ec2-user/arduino-testlib/cli-datadir/user/libraries/Redis_for_Arduino/examples/JsonPub/JsonPub.ino:26:1: error: &#39;WiFiClient&#39; does not name a type; did you mean &#39;DNSClient&#39;?
 WiFiClient redisConn;
 ^~~~~~~~~~
 DNSClient
/home/ec2-user/arduino-testlib/cli-datadir/user/libraries/Redis_for_Arduino/examples/JsonPub/JsonPub.ino: In function &#39;void setup()&#39;:
/home/ec2-user/arduino-testlib/cli-datadir/user/libraries/Redis_for_Arduino/examples/JsonPub/JsonPub.ino:34:5: error: &#39;WiFi&#39; was not declared in this scope
     WiFi.mode(WIFI_STA);
     ^~~~
/home/ec2-user/arduino-testlib/cli-datadir/user/libraries/Redis_for_Arduino/examples/JsonPub/JsonPub.ino:34:15: error: &#39;WIFI_STA&#39; was not declared in this scope
     WiFi.mode(WIFI_STA);
               ^~~~~~~~
/home/ec2-user/arduino-testlib/cli-datadir/user/libraries/Redis_for_Arduino/examples/JsonPub/JsonPub.ino:34:15: note: suggested alternative: &#39;WIFI_SSID&#39;
     WiFi.mode(WIFI_STA);
               ^~~~~~~~
               WIFI_SSID
/home/ec2-user/arduino-testlib/cli-datadir/user/libraries/Redis_for_Arduino/examples/JsonPub/JsonPub.ino:37:29: error: &#39;WL_CONNECTED&#39; was not declared in this scope
     while (WiFi.status() != WL_CONNECTED)
                             ^~~~~~~~~~~~
/home/ec2-user/arduino-testlib/cli-datadir/user/libraries/Redis_for_Arduino/examples/JsonPub/JsonPub.ino:46:10: error: &#39;redisConn&#39; was not declared in this scope
     if (!redisConn.connect(REDIS_ADDR, REDIS_PORT))
          ^~~~~~~~~
/home/ec2-user/arduino-testlib/cli-datadir/user/libraries/Redis_for_Arduino/examples/JsonPub/JsonPub.ino:52:24: error: &#39;redisConn&#39; was not declared in this scope
     gRedis = new Redis(redisConn);
                        ^~~~~~~~~
/home/ec2-user/arduino-testlib/cli-datadir/user/libraries/Redis_for_Arduino/examples/JsonPub/JsonPub.ino:56:16: error: &#39;class arduino::UART&#39; has no member named &#39;printf&#39;; did you mean &#39;print&#39;?
         Serial.printf(&#34;Connected to the Redis server at %s!\n&#34;, REDIS_ADDR);
                ^~~~~~
                print
/home/ec2-user/arduino-testlib/cli-datadir/user/libraries/Redis_for_Arduino/examples/JsonPub/JsonPub.ino:60:16: error: &#39;class arduino::UART&#39; has no member named &#39;printf&#39;; did you mean &#39;print&#39;?
         Serial.printf(&#34;Failed to authenticate to the Redis server! Errno: %d\n&#34;, (int)connRet);
                ^~~~~~
                print
/home/ec2-user/arduino-testlib/cli-datadir/user/libraries/Redis_for_Arduino/examples/JsonPub/JsonPub.ino: In function &#39;void loop()&#39;:
/home/ec2-user/arduino-testlib/cli-datadir/user/libraries/Redis_for_Arduino/examples/JsonPub/JsonPub.ino:75:28: error: &#39;WiFi&#39; was not declared in this scope
         doc[&#34;wifi-rssi&#34;] = WiFi.RSSI();
                            ^~~~
/home/ec2-user/arduino-testlib/cli-datadir/user/libraries/Redis_for_Arduino/examples/JsonPub/JsonPub.ino:80:16: error: &#39;class arduino::UART&#39; has no member named &#39;printf&#39;; did you mean &#39;print&#39;?
         Serial.printf(&#34;Sending JSON payload:\n\t&#39;%s&#39;\n&#34;, jsonStr.c_str());
                ^~~~~~
                print
/home/ec2-user/arduino-testlib/cli-datadir/user/libraries/Redis_for_Arduino/examples/JsonPub/JsonPub.ino:83:16: error: &#39;class arduino::UART&#39; has no member named &#39;printf&#39;; did you mean &#39;print&#39;?
         Serial.printf(&#34;Published to %d listeners\n&#34;, listeners);
                ^~~~~~
                print
Multiple libraries were found for &#34;Redis.h&#34;
  Used: /home/ec2-user/arduino-testlib/cli-datadir/user/libraries/Redis_for_Arduino
  Not used: /home/ec2-user/arduino-testlib/cli-datadir/user/libraries/Redis_for_ESP8266
Multiple libraries were found for &#34;ArduinoJson.h&#34;
  Used: /home/ec2-user/arduino-testlib/cli-datadir/user/libraries/ArduinoJson
  Not used: /home/ec2-user/arduino-testlib/cli-datadir/user/libraries/Antares_ESP8266_HTTP
  Not used: /home/ec2-user/arduino-testlib/cli-datadir/user/libraries/BaleMessengerBot_Arduino
  Not used: /home/ec2-user/arduino-testlib/cli-datadir/user/libraries/ThingsIoT
  Not used: /home/ec2-user/arduino-testlib/cli-datadir/user/libraries/AllThingsTalk_LTE-M_SDK
  Not used: /home/ec2-user/arduino-testlib/cli-datadir/user/libraries/CMMC_MQTT_Connector
  Not used: /home/ec2-user/arduino-testlib/cli-datadir/user/libraries/Antares_ESP8266_MQTT
  Not used: /home/ec2-user/arduino-testlib/cli-datadir/user/libraries/ThingESP
  Not used: /home/ec2-user/arduino-testlib/cli-datadir/user/libraries/CoogleIOT
</pre>
					
					<h4>examples/Pub_Sub</h4>
					<p>
						Result: <b>FAIL</b>
					</p>
					<pre class="pre-scrollable">In file included from /home/ec2-user/arduino-testlib/cli-datadir/user/libraries/Redis_for_Arduino/examples/Pub_Sub/Pub_Sub.ino:1:0:
/home/ec2-user/arduino-testlib/cli-datadir/user/libraries/Redis_for_ESP8266/Redis.h:4:10: fatal error: ESP8266WiFi.h: No such file or directory
 #include &lt;ESP8266WiFi.h&gt;
          ^~~~~~~~~~~~~~~
compilation terminated.
Multiple libraries were found for &#34;Redis.h&#34;
  Used: /home/ec2-user/arduino-testlib/cli-datadir/user/libraries/Redis_for_ESP8266
  Not used: /home/ec2-user/arduino-testlib/cli-datadir/user/libraries/Redis_for_Arduino
</pre>
					
					<h4>examples/Simple</h4>
					<p>
						Result: <b>FAIL</b>
					</p>
					<pre class="pre-scrollable">In file included from /home/ec2-user/arduino-testlib/cli-datadir/user/libraries/Redis_for_Arduino/examples/Simple/Simple.ino:1:0:
/home/ec2-user/arduino-testlib/cli-datadir/user/libraries/Redis_for_ESP8266/Redis.h:4:10: fatal error: ESP8266WiFi.h: No such file or directory
 #include &lt;ESP8266WiFi.h&gt;
          ^~~~~~~~~~~~~~~
compilation terminated.
Multiple libraries were found for &#34;Redis.h&#34;
  Used: /home/ec2-user/arduino-testlib/cli-datadir/user/libraries/Redis_for_ESP8266
  Not used: /home/ec2-user/arduino-testlib/cli-datadir/user/libraries/Redis_for_Arduino
</pre>
					
					<h4>examples/Subscribe</h4>
					<p>
						Result: <b>FAIL</b>
					</p>
					<pre class="pre-scrollable">WARNING: library Redis_for_Arduino claims to run on esp8266, Arduino_ESP8266, esp32 architecture(s) and may be incompatible with your current board which runs on mbed_nano architecture(s).
/home/ec2-user/arduino-testlib/cli-datadir/user/libraries/Redis_for_Arduino/examples/Subscribe/Subscribe.ino: In function &#39;void setup()&#39;:
/home/ec2-user/arduino-testlib/cli-datadir/user/libraries/Redis_for_Arduino/examples/Subscribe/Subscribe.ino:27:5: error: &#39;WiFi&#39; was not declared in this scope
     WiFi.mode(WIFI_STA);
     ^~~~
/home/ec2-user/arduino-testlib/cli-datadir/user/libraries/Redis_for_Arduino/examples/Subscribe/Subscribe.ino:27:15: error: &#39;WIFI_STA&#39; was not declared in this scope
     WiFi.mode(WIFI_STA);
               ^~~~~~~~
/home/ec2-user/arduino-testlib/cli-datadir/user/libraries/Redis_for_Arduino/examples/Subscribe/Subscribe.ino:27:15: note: suggested alternative: &#39;WIFI_SSID&#39;
     WiFi.mode(WIFI_STA);
               ^~~~~~~~
               WIFI_SSID
/home/ec2-user/arduino-testlib/cli-datadir/user/libraries/Redis_for_Arduino/examples/Subscribe/Subscribe.ino:30:29: error: &#39;WL_CONNECTED&#39; was not declared in this scope
     while (WiFi.status() != WL_CONNECTED)
                             ^~~~~~~~~~~~
/home/ec2-user/arduino-testlib/cli-datadir/user/libraries/Redis_for_Arduino/examples/Subscribe/Subscribe.ino:52:16: error: &#39;class arduino::UART&#39; has no member named &#39;printf&#39;; did you mean &#39;print&#39;?
         Serial.printf(&#34;Waiting %lds to reconnect...\n&#34;, curDelay / 1000);
                ^~~~~~
                print
/home/ec2-user/arduino-testlib/cli-datadir/user/libraries/Redis_for_Arduino/examples/Subscribe/Subscribe.ino:56:12: error: &#39;class arduino::UART&#39; has no member named &#39;printf&#39;; did you mean &#39;print&#39;?
     Serial.printf(&#34;Done!\n&#34;);
            ^~~~~~
            print
/home/ec2-user/arduino-testlib/cli-datadir/user/libraries/Redis_for_Arduino/examples/Subscribe/Subscribe.ino: In function &#39;bool subscriberLoop(std::function&lt;void()&gt;)&#39;:
/home/ec2-user/arduino-testlib/cli-datadir/user/libraries/Redis_for_Arduino/examples/Subscribe/Subscribe.ino:62:5: error: &#39;WiFiClient&#39; was not declared in this scope
     WiFiClient redisConn;
     ^~~~~~~~~~
/home/ec2-user/arduino-testlib/cli-datadir/user/libraries/Redis_for_Arduino/examples/Subscribe/Subscribe.ino:62:5: note: suggested alternative: &#39;DNSClient&#39;
     WiFiClient redisConn;
     ^~~~~~~~~~
     DNSClient
/home/ec2-user/arduino-testlib/cli-datadir/user/libraries/Redis_for_Arduino/examples/Subscribe/Subscribe.ino:63:10: error: &#39;redisConn&#39; was not declared in this scope
     if (!redisConn.connect(REDIS_ADDR, REDIS_PORT))
          ^~~~~~~~~
/home/ec2-user/arduino-testlib/cli-datadir/user/libraries/Redis_for_Arduino/examples/Subscribe/Subscribe.ino:69:17: error: &#39;redisConn&#39; was not declared in this scope
     Redis redis(redisConn);
                 ^~~~~~~~~
/home/ec2-user/arduino-testlib/cli-datadir/user/libraries/Redis_for_Arduino/examples/Subscribe/Subscribe.ino:69:17: note: suggested alternative: &#39;redis&#39;
     Redis redis(redisConn);
                 ^~~~~~~~~
                 redis
/home/ec2-user/arduino-testlib/cli-datadir/user/libraries/Redis_for_Arduino/examples/Subscribe/Subscribe.ino:77:16: error: &#39;class arduino::UART&#39; has no member named &#39;printf&#39;; did you mean &#39;print&#39;?
         Serial.printf(&#34;Failed to authenticate to the Redis server! Errno: %d\n&#34;, (int)connRet);
                ^~~~~~
                print
/home/ec2-user/arduino-testlib/cli-datadir/user/libraries/Redis_for_Arduino/examples/Subscribe/Subscribe.ino: In lambda function:
/home/ec2-user/arduino-testlib/cli-datadir/user/libraries/Redis_for_Arduino/examples/Subscribe/Subscribe.ino:91:20: error: &#39;class arduino::UART&#39; has no member named &#39;printf&#39;; did you mean &#39;print&#39;?
             Serial.printf(&#34;Message on channel &#39;%s&#39;: \&#34;%s\&#34;\n&#34;, channel.c_str(), msg.c_str());
                    ^~~~~~
                    print
/home/ec2-user/arduino-testlib/cli-datadir/user/libraries/Redis_for_Arduino/examples/Subscribe/Subscribe.ino:100:24: error: &#39;class arduino::UART&#39; has no member named &#39;printf&#39;; did you mean &#39;print&#39;?
                 Serial.printf(&#34;Adding subscription to channel &#39;%s&#39;\n&#34;, msg.c_str());
                        ^~~~~~
                        print
/home/ec2-user/arduino-testlib/cli-datadir/user/libraries/Redis_for_Arduino/examples/Subscribe/Subscribe.ino:109:24: error: &#39;class arduino::UART&#39; has no member named &#39;printf&#39;; did you mean &#39;print&#39;?
                 Serial.printf(&#34;Removing subscription to channel &#39;%s&#39;\n&#34;, msg.c_str());
                        ^~~~~~
                        print
/home/ec2-user/arduino-testlib/cli-datadir/user/libraries/Redis_for_Arduino/examples/Subscribe/Subscribe.ino: In lambda function:
/home/ec2-user/arduino-testlib/cli-datadir/user/libraries/Redis_for_Arduino/examples/Subscribe/Subscribe.ino:118:20: error: &#39;class arduino::UART&#39; has no member named &#39;printf&#39;; did you mean &#39;print&#39;?
             Serial.printf(&#34;Subscription error! &#39;%d&#39;\n&#34;, err);
                    ^~~~~~
                    print
/home/ec2-user/arduino-testlib/cli-datadir/user/libraries/Redis_for_Arduino/examples/Subscribe/Subscribe.ino: In function &#39;bool subscriberLoop(std::function&lt;void()&gt;)&#39;:
/home/ec2-user/arduino-testlib/cli-datadir/user/libraries/Redis_for_Arduino/examples/Subscribe/Subscribe.ino:119:10: error: no matching function for call to &#39;Redis::startSubscribing(subscriberLoop(std::function&lt;void()&gt;)::&lt;lambda(Redis*, arduino::String, arduino::String)&gt;, subscriberLoop(std::function&lt;void()&gt;)::&lt;lambda(Redis*, RedisMessageError)&gt;)&#39;
         });
          ^
In file included from /home/ec2-user/arduino-testlib/cli-datadir/user/libraries/Redis_for_Arduino/examples/Subscribe/Subscribe.ino:1:0:
/home/ec2-user/arduino-testlib/cli-datadir/user/libraries/Redis_for_Arduino/Redis.h:372:24: note: candidate: RedisSubscribeResult Redis::startSubscribing(Redis::RedisMsgCallback, Redis::RedisMsgErrorCallback)
   RedisSubscribeResult startSubscribing(RedisMsgCallback messageCallback, RedisMsgErrorCallback errorCallback = nullptr);
                        ^~~~~~~~~~~~~~~~
/home/ec2-user/arduino-testlib/cli-datadir/user/libraries/Redis_for_Arduino/Redis.h:372:24: note:   no known conversion for argument 1 from &#39;subscriberLoop(std::function&lt;void()&gt;)::&lt;lambda(Redis*, arduino::String, arduino::String)&gt;&#39; to &#39;Redis::RedisMsgCallback {aka void (*)(Redis*, arduino::String, arduino::String)}&#39;
/home/ec2-user/arduino-testlib/cli-datadir/user/libraries/Redis_for_Arduino/examples/Subscribe/Subscribe.ino:122:12: error: &#39;class arduino::UART&#39; has no member named &#39;printf&#39;; did you mean &#39;print&#39;?
     Serial.printf(&#34;Connection closed! (%d)\n&#34;, subRv);
            ^~~~~~
            print
Multiple libraries were found for &#34;Redis.h&#34;
  Used: /home/ec2-user/arduino-testlib/cli-datadir/user/libraries/Redis_for_Arduino
  Not used: /home/ec2-user/arduino-testlib/cli-datadir/user/libraries/Redis_for_ESP8266
</pre>
					
				
				<h3 id="arduino:megaavr:nona4809">arduino:megaavr:nona4809 @ 1.8.7</h3>
				<h4>Inclusion</h4>
				<p>
					Result: <b>FAIL</b>
					
					<br />This library has no main header file so an empty one was created.
					
				</p>
				<pre class="pre-scrollable">/tmp/arduino-testlib790524237/test/test.ino:1:10: fatal error: Redis_for_Arduino.h: No such file or directory
 #include &lt;Redis_for_Arduino.h&gt;
          ^~~~~~~~~~~~~~~~~~~~~
compilation terminated.

</pre>

					
					<h4>examples/JsonPub</h4>
					<p>
						Result: <b>FAIL</b>
					</p>
					<pre class="pre-scrollable">In file included from /home/ec2-user/arduino-testlib/cli-datadir/user/libraries/Redis_for_Arduino/examples/JsonPub/JsonPub.ino:1:0:
/home/ec2-user/arduino-testlib/cli-datadir/user/libraries/Redis_for_ESP8266/Redis.h:4:10: fatal error: ESP8266WiFi.h: No such file or directory
 #include &lt;ESP8266WiFi.h&gt;
          ^~~~~~~~~~~~~~~
compilation terminated.
Multiple libraries were found for &#34;Redis.h&#34;
  Used: /home/ec2-user/arduino-testlib/cli-datadir/user/libraries/Redis_for_ESP8266
  Not used: /home/ec2-user/arduino-testlib/cli-datadir/user/libraries/Redis_for_Arduino
</pre>
					
					<h4>examples/Pub_Sub</h4>
					<p>
						Result: <b>FAIL</b>
					</p>
					<pre class="pre-scrollable">In file included from /home/ec2-user/arduino-testlib/cli-datadir/user/libraries/Redis_for_Arduino/examples/Pub_Sub/Pub_Sub.ino:1:0:
/home/ec2-user/arduino-testlib/cli-datadir/user/libraries/Redis_for_Arduino/Redis.h:27:10: fatal error: vector: No such file or directory
 #include &lt;vector&gt;
          ^~~~~~~~
compilation terminated.
Multiple libraries were found for &#34;Redis.h&#34;
  Used: /home/ec2-user/arduino-testlib/cli-datadir/user/libraries/Redis_for_Arduino
  Not used: /home/ec2-user/arduino-testlib/cli-datadir/user/libraries/Redis_for_ESP8266
</pre>
					
					<h4>examples/Simple</h4>
					<p>
						Result: <b>FAIL</b>
					</p>
					<pre class="pre-scrollable">In file included from /home/ec2-user/arduino-testlib/cli-datadir/user/libraries/Redis_for_Arduino/examples/Simple/Simple.ino:1:0:
/home/ec2-user/arduino-testlib/cli-datadir/user/libraries/Redis_for_Arduino/Redis.h:27:10: fatal error: vector: No such file or directory
 #include &lt;vector&gt;
          ^~~~~~~~
compilation terminated.
Multiple libraries were found for &#34;Redis.h&#34;
  Used: /home/ec2-user/arduino-testlib/cli-datadir/user/libraries/Redis_for_Arduino
  Not used: /home/ec2-user/arduino-testlib/cli-datadir/user/libraries/Redis_for_ESP8266
</pre>
					
					<h4>examples/Subscribe</h4>
					<p>
						Result: <b>FAIL</b>
					</p>
					<pre class="pre-scrollable">In file included from /home/ec2-user/arduino-testlib/cli-datadir/user/libraries/Redis_for_Arduino/examples/Subscribe/Subscribe.ino:1:0:
/home/ec2-user/arduino-testlib/cli-datadir/user/libraries/Redis_for_Arduino/Redis.h:27:10: fatal error: vector: No such file or directory
 #include &lt;vector&gt;
          ^~~~~~~~
compilation terminated.
Multiple libraries were found for &#34;Redis.h&#34;
  Used: /home/ec2-user/arduino-testlib/cli-datadir/user/libraries/Redis_for_Arduino
  Not used: /home/ec2-user/arduino-testlib/cli-datadir/user/libraries/Redis_for_ESP8266
</pre>
					
				
				<h3 id="arduino:samd:mkrwifi1010">arduino:samd:mkrwifi1010 @ 1.8.12</h3>
				<h4>Inclusion</h4>
				<p>
					Result: <b>FAIL</b>
					
					<br />This library has no main header file so an empty one was created.
					
				</p>
				<pre class="pre-scrollable">/tmp/arduino-testlib3607114765/test/test.ino:1:10: fatal error: Redis_for_Arduino.h: No such file or directory
 #include &lt;Redis_for_Arduino.h&gt;
          ^~~~~~~~~~~~~~~~~~~~~
compilation terminated.

</pre>

					
					<h4>examples/JsonPub</h4>
					<p>
						Result: <b>FAIL</b>
					</p>
					<pre class="pre-scrollable">WARNING: library Redis_for_Arduino claims to run on esp8266, Arduino_ESP8266, esp32 architecture(s) and may be incompatible with your current board which runs on samd architecture(s).
/home/ec2-user/arduino-testlib/cli-datadir/user/libraries/Redis_for_Arduino/examples/JsonPub/JsonPub.ino:26:1: error: &#39;WiFiClient&#39; does not name a type; did you mean &#39;DNSClient&#39;?
 WiFiClient redisConn;
 ^~~~~~~~~~
 DNSClient
/home/ec2-user/arduino-testlib/cli-datadir/user/libraries/Redis_for_Arduino/examples/JsonPub/JsonPub.ino: In function &#39;void setup()&#39;:
/home/ec2-user/arduino-testlib/cli-datadir/user/libraries/Redis_for_Arduino/examples/JsonPub/JsonPub.ino:34:5: error: &#39;WiFi&#39; was not declared in this scope
     WiFi.mode(WIFI_STA);
     ^~~~
/home/ec2-user/arduino-testlib/cli-datadir/user/libraries/Redis_for_Arduino/examples/JsonPub/JsonPub.ino:34:15: error: &#39;WIFI_STA&#39; was not declared in this scope
     WiFi.mode(WIFI_STA);
               ^~~~~~~~
/home/ec2-user/arduino-testlib/cli-datadir/user/libraries/Redis_for_Arduino/examples/JsonPub/JsonPub.ino:34:15: note: suggested alternative: &#39;WIFI_SSID&#39;
     WiFi.mode(WIFI_STA);
               ^~~~~~~~
               WIFI_SSID
/home/ec2-user/arduino-testlib/cli-datadir/user/libraries/Redis_for_Arduino/examples/JsonPub/JsonPub.ino:37:29: error: &#39;WL_CONNECTED&#39; was not declared in this scope
     while (WiFi.status() != WL_CONNECTED)
                             ^~~~~~~~~~~~
/home/ec2-user/arduino-testlib/cli-datadir/user/libraries/Redis_for_Arduino/examples/JsonPub/JsonPub.ino:37:29: note: suggested alternative: &#39;UHD_STATE_CONNECTED&#39;
     while (WiFi.status() != WL_CONNECTED)
                             ^~~~~~~~~~~~
                             UHD_STATE_CONNECTED
/home/ec2-user/arduino-testlib/cli-datadir/user/libraries/Redis_for_Arduino/examples/JsonPub/JsonPub.ino:46:10: error: &#39;redisConn&#39; was not declared in this scope
     if (!redisConn.connect(REDIS_ADDR, REDIS_PORT))
          ^~~~~~~~~
/home/ec2-user/arduino-testlib/cli-datadir/user/libraries/Redis_for_Arduino/examples/JsonPub/JsonPub.ino:52:24: error: &#39;redisConn&#39; was not declared in this scope
     gRedis = new Redis(redisConn);
                        ^~~~~~~~~
/home/ec2-user/arduino-testlib/cli-datadir/user/libraries/Redis_for_Arduino/examples/JsonPub/JsonPub.ino:56:16: error: &#39;class Serial_&#39; has no member named &#39;printf&#39;; did you mean &#39;print&#39;?
         Serial.printf(&#34;Connected to the Redis server at %s!\n&#34;, REDIS_ADDR);
                ^~~~~~
                print
/home/ec2-user/arduino-testlib/cli-datadir/user/libraries/Redis_for_Arduino/examples/JsonPub/JsonPub.ino:60:16: error: &#39;class Serial_&#39; has no member named &#39;printf&#39;; did you mean &#39;print&#39;?
         Serial.printf(&#34;Failed to authenticate to the Redis server! Errno: %d\n&#34;, (int)connRet);
                ^~~~~~
                print
/home/ec2-user/arduino-testlib/cli-datadir/user/libraries/Redis_for_Arduino/examples/JsonPub/JsonPub.ino: In function &#39;void loop()&#39;:
/home/ec2-user/arduino-testlib/cli-datadir/user/libraries/Redis_for_Arduino/examples/JsonPub/JsonPub.ino:75:28: error: &#39;WiFi&#39; was not declared in this scope
         doc[&#34;wifi-rssi&#34;] = WiFi.RSSI();
                            ^~~~
/home/ec2-user/arduino-testlib/cli-datadir/user/libraries/Redis_for_Arduino/examples/JsonPub/JsonPub.ino:80:16: error: &#39;class Serial_&#39; has no member named &#39;printf&#39;; did you mean &#39;print&#39;?
         Serial.printf(&#34;Sending JSON payload:\n\t&#39;%s&#39;\n&#34;, jsonStr.c_str());
                ^~~~~~
                print
/home/ec2-user/arduino-testlib/cli-datadir/user/libraries/Redis_for_Arduino/examples/JsonPub/JsonPub.ino:83:16: error: &#39;class Serial_&#39; has no member named &#39;printf&#39;; did you mean &#39;print&#39;?
         Serial.printf(&#34;Published to %d listeners\n&#34;, listeners);
                ^~~~~~
                print
Multiple libraries were found for &#34;Redis.h&#34;
  Used: /home/ec2-user/arduino-testlib/cli-datadir/user/libraries/Redis_for_Arduino
  Not used: /home/ec2-user/arduino-testlib/cli-datadir/user/libraries/Redis_for_ESP8266
Multiple libraries were found for &#34;ArduinoJson.h&#34;
  Used: /home/ec2-user/arduino-testlib/cli-datadir/user/libraries/ArduinoJson
  Not used: /home/ec2-user/arduino-testlib/cli-datadir/user/libraries/CMMC_MQTT_Connector
  Not used: /home/ec2-user/arduino-testlib/cli-datadir/user/libraries/BaleMessengerBot_Arduino
  Not used: /home/ec2-user/arduino-testlib/cli-datadir/user/libraries/CoogleIOT
  Not used: /home/ec2-user/arduino-testlib/cli-datadir/user/libraries/ThingsIoT
  Not used: /home/ec2-user/arduino-testlib/cli-datadir/user/libraries/Antares_ESP8266_MQTT
  Not used: /home/ec2-user/arduino-testlib/cli-datadir/user/libraries/AllThingsTalk_LTE-M_SDK
  Not used: /home/ec2-user/arduino-testlib/cli-datadir/user/libraries/Antares_ESP8266_HTTP
  Not used: /home/ec2-user/arduino-testlib/cli-datadir/user/libraries/ThingESP
</pre>
					
					<h4>examples/Pub_Sub</h4>
					<p>
						Result: <b>FAIL</b>
					</p>
					<pre class="pre-scrollable">In file included from /home/ec2-user/arduino-testlib/cli-datadir/user/libraries/Redis_for_Arduino/examples/Pub_Sub/Pub_Sub.ino:1:0:
/home/ec2-user/arduino-testlib/cli-datadir/user/libraries/Redis_for_ESP8266/Redis.h:4:10: fatal error: ESP8266WiFi.h: No such file or directory
 #include &lt;ESP8266WiFi.h&gt;
          ^~~~~~~~~~~~~~~
compilation terminated.
Multiple libraries were found for &#34;Redis.h&#34;
  Used: /home/ec2-user/arduino-testlib/cli-datadir/user/libraries/Redis_for_ESP8266
  Not used: /home/ec2-user/arduino-testlib/cli-datadir/user/libraries/Redis_for_Arduino
</pre>
					
					<h4>examples/Simple</h4>
					<p>
						Result: <b>FAIL</b>
					</p>
					<pre class="pre-scrollable">In file included from /home/ec2-user/arduino-testlib/cli-datadir/user/libraries/Redis_for_Arduino/examples/Simple/Simple.ino:1:0:
/home/ec2-user/arduino-testlib/cli-datadir/user/libraries/Redis_for_ESP8266/Redis.h:4:10: fatal error: ESP8266WiFi.h: No such file or directory
 #include &lt;ESP8266WiFi.h&gt;
          ^~~~~~~~~~~~~~~
compilation terminated.
Multiple libraries were found for &#34;Redis.h&#34;
  Used: /home/ec2-user/arduino-testlib/cli-datadir/user/libraries/Redis_for_ESP8266
  Not used: /home/ec2-user/arduino-testlib/cli-datadir/user/libraries/Redis_for_Arduino
</pre>
					
					<h4>examples/Subscribe</h4>
					<p>
						Result: <b>FAIL</b>
					</p>
					<pre class="pre-scrollable">In file included from /home/ec2-user/arduino-testlib/cli-datadir/user/libraries/Redis_for_Arduino/examples/Subscribe/Subscribe.ino:1:0:
/home/ec2-user/arduino-testlib/cli-datadir/user/libraries/Redis_for_ESP8266/Redis.h:4:10: fatal error: ESP8266WiFi.h: No such file or directory
 #include &lt;ESP8266WiFi.h&gt;
          ^~~~~~~~~~~~~~~
compilation terminated.
Multiple libraries were found for &#34;Redis.h&#34;
  Used: /home/ec2-user/arduino-testlib/cli-datadir/user/libraries/Redis_for_ESP8266
  Not used: /home/ec2-user/arduino-testlib/cli-datadir/user/libraries/Redis_for_Arduino
</pre>
					
				
				<h3 id="esp32:esp32:d1_mini32">esp32:esp32:d1_mini32 @ 1.0.6</h3>
				<h4>Inclusion</h4>
				<p>
					Result: <b>FAIL</b>
					
					<br />This library has no main header file so an empty one was created.
					
				</p>
				<pre class="pre-scrollable">/tmp/arduino-testlib226298135/test/test.ino:1:31: fatal error: Redis_for_Arduino.h: No such file or directory
compilation terminated.

</pre>

					
					<h4>examples/JsonPub</h4>
					<p>
						Result: <b>PASS</b>
					</p>
					<pre class="pre-scrollable">Sketch uses 725642 bytes (55%) of program storage space. Maximum is 1310720 bytes.
Global variables use 40420 bytes (12%) of dynamic memory, leaving 287260 bytes for local variables. Maximum is 327680 bytes.
</pre>
					
					<h4>examples/Pub_Sub</h4>
					<p>
						Result: <b>PASS</b>
					</p>
					<pre class="pre-scrollable">Sketch uses 709998 bytes (54%) of program storage space. Maximum is 1310720 bytes.
Global variables use 38268 bytes (11%) of dynamic memory, leaving 289412 bytes for local variables. Maximum is 327680 bytes.
</pre>
					
					<h4>examples/Simple</h4>
					<p>
						Result: <b>PASS</b>
					</p>
					<pre class="pre-scrollable">Sketch uses 710518 bytes (54%) of program storage space. Maximum is 1310720 bytes.
Global variables use 38268 bytes (11%) of dynamic memory, leaving 289412 bytes for local variables. Maximum is 327680 bytes.
</pre>
					
					<h4>examples/Subscribe</h4>
					<p>
						Result: <b>PASS</b>
					</p>
					<pre class="pre-scrollable">Sketch uses 718222 bytes (54%) of program storage space. Maximum is 1310720 bytes.
Global variables use 38268 bytes (11%) of dynamic memory, leaving 289412 bytes for local variables. Maximum is 327680 bytes.
</pre>
					
				
			</div>
		</div>
	</div>
  </body>
</html>
