
<!doctype html>
<html lang="en">
  <head>
    <meta charset="utf-8">
    <meta name="viewport" content="width=device-width, initial-scale=1">
    <link href="https://cdn.jsdelivr.net/npm/bootstrap@5.0.2/dist/css/bootstrap.min.css" rel="stylesheet" integrity="sha384-EVSTQN3/azprG1Anm3QDgpJLIm9Nao0Yz1ztcQTwFspd3yD65VohhpuuCOmLASjC" crossorigin="anonymous">
    <title>arduino-testlib report</title>
	<style>
	.pass { background-color: #00FF00 !important; }
	.fail { background-color: #FF0000 !important; }
	</style>
  </head>
  <body>
	<div class="container">
		<div class="row">
			<div class="col">
				<h1>RFCodes - compatibility matrix</h1>
				<p>
					<small>This report was generated on Wednesday, 23-Feb-22 22:48:15 CET using 
					<a href="https://github.com/alranel/arduino-testlib">arduino-testlib</a>.</small>
				</p>

				<h2>RFCodes</h2>
				<p>
					Version: <b>0.9.0</b>
					<br />
					<a href="https://www.arduino.cc/reference/en/libraries/rfcodes/">More details</a>
				</p>

				<h2>Compatibility matrix</h2>
				<table class="table table-bordered">
					<tr>
						<th>Board</th>
						<th>Claims compatibility</th>
						<th>Inclusion</th>
						
						<th><pre>intertechno</pre></th>
						
						<th><pre>necIR</pre></th>
						
						<th><pre>scanner</pre></th>
						
						<th><pre>testcodes</pre></th>
						
						<th><pre>TempSensor</pre></th>
						
					</tr>
					
					<tr>
						<td>
							<a href="#arduino%3aavr%3auno"><b>arduino:avr:uno</b></a>
							<br />
							<small>1.8.4</small>
						</td>

						
						
						
						
							<td>No</td>
							<td class="fail">FAIL</td>
						

						
							
								
									
										
									
										
											
											<td class="fail">FAIL</td>
										
									
										
									
										
									
										
									
								
							
								
							
								
							
								
							
								
							
						
							
								
									
										
									
										
									
										
											
											<td class="fail">FAIL</td>
										
									
										
									
										
									
								
							
								
							
								
							
								
							
								
							
						
							
								
									
										
									
										
									
										
									
										
											
											<td class="fail">FAIL</td>
										
									
										
									
								
							
								
							
								
							
								
							
								
							
						
							
								
									
										
									
										
									
										
									
										
									
										
											
											<td class="fail">FAIL</td>
										
									
								
							
								
							
								
							
								
							
								
							
						
							
								
									
										
											
											<td class="fail">FAIL</td>
										
									
										
									
										
									
										
									
										
									
								
							
								
							
								
							
								
							
								
							
						
					</tr>
					
					<tr>
						<td>
							<a href="#arduino%3ambed_nano%3ananorp2040connect"><b>arduino:mbed_nano:nanorp2040connect</b></a>
							<br />
							<small>2.7.2</small>
						</td>

						
						
						
						
							<td>No</td>
							<td class="fail">FAIL</td>
						

						
							
								
							
								
									
										
									
										
											
											<td class="fail">FAIL</td>
										
									
										
									
										
									
										
									
								
							
								
							
								
							
								
							
						
							
								
							
								
									
										
									
										
									
										
											
											<td class="fail">FAIL</td>
										
									
										
									
										
									
								
							
								
							
								
							
								
							
						
							
								
							
								
									
										
									
										
									
										
									
										
											
											<td class="fail">FAIL</td>
										
									
										
									
								
							
								
							
								
							
								
							
						
							
								
							
								
									
										
									
										
									
										
									
										
									
										
											
											<td class="fail">FAIL</td>
										
									
								
							
								
							
								
							
								
							
						
							
								
							
								
									
										
											
											<td class="fail">FAIL</td>
										
									
										
									
										
									
										
									
										
									
								
							
								
							
								
							
								
							
						
					</tr>
					
					<tr>
						<td>
							<a href="#arduino%3amegaavr%3anona4809"><b>arduino:megaavr:nona4809</b></a>
							<br />
							<small>1.8.7</small>
						</td>

						
						
						
						
							<td>No</td>
							<td class="fail">FAIL</td>
						

						
							
								
							
								
							
								
									
										
									
										
											
											<td class="fail">FAIL</td>
										
									
										
									
										
									
										
									
								
							
								
							
								
							
						
							
								
							
								
							
								
									
										
									
										
									
										
											
											<td class="fail">FAIL</td>
										
									
										
									
										
									
								
							
								
							
								
							
						
							
								
							
								
							
								
									
										
									
										
									
										
									
										
											
											<td class="fail">FAIL</td>
										
									
										
									
								
							
								
							
								
							
						
							
								
							
								
							
								
									
										
									
										
									
										
									
										
									
										
											
											<td class="fail">FAIL</td>
										
									
								
							
								
							
								
							
						
							
								
							
								
							
								
									
										
											
											<td class="fail">FAIL</td>
										
									
										
									
										
									
										
									
										
									
								
							
								
							
								
							
						
					</tr>
					
					<tr>
						<td>
							<a href="#arduino%3asamd%3amkrwifi1010"><b>arduino:samd:mkrwifi1010</b></a>
							<br />
							<small>1.8.12</small>
						</td>

						
						
						
						
							<td>No</td>
							<td class="fail">FAIL</td>
						

						
							
								
							
								
							
								
							
								
									
										
									
										
											
											<td class="fail">FAIL</td>
										
									
										
									
										
									
										
									
								
							
								
							
						
							
								
							
								
							
								
							
								
									
										
									
										
									
										
											
											<td class="fail">FAIL</td>
										
									
										
									
										
									
								
							
								
							
						
							
								
							
								
							
								
							
								
									
										
									
										
									
										
									
										
											
											<td class="fail">FAIL</td>
										
									
										
									
								
							
								
							
						
							
								
							
								
							
								
							
								
									
										
									
										
									
										
									
										
									
										
											
											<td class="fail">FAIL</td>
										
									
								
							
								
							
						
							
								
							
								
							
								
							
								
									
										
											
											<td class="fail">FAIL</td>
										
									
										
									
										
									
										
									
										
									
								
							
								
							
						
					</tr>
					
					<tr>
						<td>
							<a href="#esp32%3aesp32%3ad1_mini32"><b>esp32:esp32:d1_mini32</b></a>
							<br />
							<small>1.0.6</small>
						</td>

						
						
							<td>No ⚠️</td>
							<td class="pass">PASS</td>
						
						
						

						
							
								
							
								
							
								
							
								
							
								
									
										
									
										
											<td class="pass">PASS</td>
											
										
									
										
									
										
									
										
									
								
							
						
							
								
							
								
							
								
							
								
							
								
									
										
									
										
									
										
											<td class="pass">PASS</td>
											
										
									
										
									
										
									
								
							
						
							
								
							
								
							
								
							
								
							
								
									
										
									
										
									
										
									
										
											<td class="pass">PASS</td>
											
										
									
										
									
								
							
						
							
								
							
								
							
								
							
								
							
								
									
										
									
										
									
										
									
										
									
										
											<td class="pass">PASS</td>
											
										
									
								
							
						
							
								
							
								
							
								
							
								
							
								
									
										
											<td class="pass">PASS</td>
											
										
									
										
									
										
									
										
									
										
									
								
							
						
					</tr>
					
				</table>

				<h2>Compilation logs</h2>
				
				<h3 id="arduino:avr:uno">arduino:avr:uno @ 1.8.4</h3>
				<h4>Inclusion</h4>
				<p>
					Result: <b>FAIL</b>
					
				</p>
				<pre class="pre-scrollable">WARNING: library RFCodes claims to run on esp8266 architecture(s) and may be incompatible with your current board which runs on avr architecture(s).
In file included from /Users/alranel/Documents/git/arduino/arduino-testlib/cli-datadir/user/libraries/RFCodes/src/RFCodes.h:19:0,
                 from /private/tmp/arduino-testlib1314468230/test/test.ino:1:
/Users/alranel/Documents/git/arduino/arduino-testlib/cli-datadir/user/libraries/RFCodes/src/SignalCollector.h:104:15: error: variable or field &#39;IRAM_ATTR&#39; declared void
   static void IRAM_ATTR signal_change_handler();
               ^~~~~~~~~
/Users/alranel/Documents/git/arduino/arduino-testlib/cli-datadir/user/libraries/RFCodes/src/SignalCollector.h:104:15: error: expected &#39;;&#39; at end of member declaration

</pre>

					
					<h4>examples/TempSensor</h4>
					<p>
						Result: <b>FAIL</b>
					</p>
					<pre class="pre-scrollable">WARNING: library RFCodes claims to run on esp8266 architecture(s) and may be incompatible with your current board which runs on avr architecture(s).
In file included from /Users/alranel/Documents/git/arduino/arduino-testlib/cli-datadir/user/libraries/RFCodes/examples/TempSensor/TempSensor.ino:21:0:
/Users/alranel/Documents/git/arduino/arduino-testlib/cli-datadir/user/libraries/RFCodes/src/SignalCollector.h:104:15: error: variable or field &#39;IRAM_ATTR&#39; declared void
   static void IRAM_ATTR signal_change_handler();
               ^~~~~~~~~
/Users/alranel/Documents/git/arduino/arduino-testlib/cli-datadir/user/libraries/RFCodes/src/SignalCollector.h:104:15: error: expected &#39;;&#39; at end of member declaration
/Users/alranel/Documents/git/arduino/arduino-testlib/cli-datadir/user/libraries/RFCodes/examples/TempSensor/TempSensor.ino: In function &#39;void setup()&#39;:
/Users/alranel/Documents/git/arduino/arduino-testlib/cli-datadir/user/libraries/RFCodes/examples/TempSensor/TempSensor.ino:122:18: error: &#39;D5&#39; was not declared in this scope
   col.init(&amp;sig, D5, NO_PIN); // input at pin D5, no output
                  ^~
/Users/alranel/Documents/git/arduino/arduino-testlib/cli-datadir/user/libraries/RFCodes/examples/TempSensor/TempSensor.ino:122:18: note: suggested alternative: &#39;A5&#39;
   col.init(&amp;sig, D5, NO_PIN); // input at pin D5, no output
                  ^~
                  A5

</pre>
					
					<h4>examples/intertechno</h4>
					<p>
						Result: <b>FAIL</b>
					</p>
					<pre class="pre-scrollable">WARNING: library RFCodes claims to run on esp8266 architecture(s) and may be incompatible with your current board which runs on avr architecture(s).
In file included from /Users/alranel/Documents/git/arduino/arduino-testlib/cli-datadir/user/libraries/RFCodes/src/RFCodes.h:19:0,
                 from /Users/alranel/Documents/git/arduino/arduino-testlib/cli-datadir/user/libraries/RFCodes/examples/intertechno/intertechno.ino:25:
/Users/alranel/Documents/git/arduino/arduino-testlib/cli-datadir/user/libraries/RFCodes/src/SignalCollector.h:104:15: error: variable or field &#39;IRAM_ATTR&#39; declared void
   static void IRAM_ATTR signal_change_handler();
               ^~~~~~~~~
/Users/alranel/Documents/git/arduino/arduino-testlib/cli-datadir/user/libraries/RFCodes/src/SignalCollector.h:104:15: error: expected &#39;;&#39; at end of member declaration
/Users/alranel/Documents/git/arduino/arduino-testlib/cli-datadir/user/libraries/RFCodes/examples/intertechno/intertechno.ino: In function &#39;void cresta_decode(const char*)&#39;:
/Users/alranel/Documents/git/arduino/arduino-testlib/cli-datadir/user/libraries/RFCodes/examples/intertechno/intertechno.ino:74:12: error: &#39;class HardwareSerial&#39; has no member named &#39;printf&#39;; did you mean &#39;print&#39;?
     Serial.printf(&#34;%02x &#34;, cresta_data[i]);
            ^~~~~~
            print
/Users/alranel/Documents/git/arduino/arduino-testlib/cli-datadir/user/libraries/RFCodes/examples/intertechno/intertechno.ino:83:12: error: &#39;class HardwareSerial&#39; has no member named &#39;printf&#39;; did you mean &#39;print&#39;?
     Serial.printf(&#34;  temp: %d.%d °C\n&#34;, temp / 10, temp % 10);
            ^~~~~~
            print
/Users/alranel/Documents/git/arduino/arduino-testlib/cli-datadir/user/libraries/RFCodes/examples/intertechno/intertechno.ino:87:12: error: &#39;class HardwareSerial&#39; has no member named &#39;printf&#39;; did you mean &#39;print&#39;?
     Serial.printf(&#34;  hum : %d %%\n&#34;, hum);
            ^~~~~~
            print
/Users/alranel/Documents/git/arduino/arduino-testlib/cli-datadir/user/libraries/RFCodes/examples/intertechno/intertechno.ino: In function &#39;void receiveCode(const char*)&#39;:
/Users/alranel/Documents/git/arduino/arduino-testlib/cli-datadir/user/libraries/RFCodes/examples/intertechno/intertechno.ino:97:10: error: &#39;class HardwareSerial&#39; has no member named &#39;printf&#39;; did you mean &#39;print&#39;?
   Serial.printf(&#34;received [%s]\n&#34;, proto);
          ^~~~~~
          print
/Users/alranel/Documents/git/arduino/arduino-testlib/cli-datadir/user/libraries/RFCodes/examples/intertechno/intertechno.ino:108:16: error: &#39;class HardwareSerial&#39; has no member named &#39;printf&#39;; did you mean &#39;print&#39;?
         Serial.printf(&#34;%3d: %5u,&#34;, len, *p);
                ^~~~~~
                print
/Users/alranel/Documents/git/arduino/arduino-testlib/cli-datadir/user/libraries/RFCodes/examples/intertechno/intertechno.ino:110:16: error: &#39;class HardwareSerial&#39; has no member named &#39;printf&#39;; did you mean &#39;print&#39;?
         Serial.printf(&#34; %5u,\n&#34;, *p);
                ^~~~~~
                print
/Users/alranel/Documents/git/arduino/arduino-testlib/cli-datadir/user/libraries/RFCodes/examples/intertechno/intertechno.ino:112:16: error: &#39;class HardwareSerial&#39; has no member named &#39;printf&#39;; did you mean &#39;print&#39;?
         Serial.printf(&#34; %5u,&#34;, *p);
                ^~~~~~
                print
/Users/alranel/Documents/git/arduino/arduino-testlib/cli-datadir/user/libraries/RFCodes/examples/intertechno/intertechno.ino: In function &#39;void setup()&#39;:
/Users/alranel/Documents/git/arduino/arduino-testlib/cli-datadir/user/libraries/RFCodes/examples/intertechno/intertechno.ino:146:18: error: &#39;D5&#39; was not declared in this scope
   col.init(&amp;sig, D5, D6); // input at pin D5, output at pin D6
                  ^~
/Users/alranel/Documents/git/arduino/arduino-testlib/cli-datadir/user/libraries/RFCodes/examples/intertechno/intertechno.ino:146:18: note: suggested alternative: &#39;A5&#39;
   col.init(&amp;sig, D5, D6); // input at pin D5, output at pin D6
                  ^~
                  A5
/Users/alranel/Documents/git/arduino/arduino-testlib/cli-datadir/user/libraries/RFCodes/examples/intertechno/intertechno.ino:146:22: error: &#39;D6&#39; was not declared in this scope
   col.init(&amp;sig, D5, D6); // input at pin D5, output at pin D6
                      ^~
/Users/alranel/Documents/git/arduino/arduino-testlib/cli-datadir/user/libraries/RFCodes/examples/intertechno/intertechno.ino:146:22: note: suggested alternative: &#39;A6&#39;
   col.init(&amp;sig, D5, D6); // input at pin D5, output at pin D6
                      ^~
                      A6

</pre>
					
					<h4>examples/necIR</h4>
					<p>
						Result: <b>FAIL</b>
					</p>
					<pre class="pre-scrollable">WARNING: library RFCodes claims to run on esp8266 architecture(s) and may be incompatible with your current board which runs on avr architecture(s).
In file included from /Users/alranel/Documents/git/arduino/arduino-testlib/cli-datadir/user/libraries/RFCodes/examples/necIR/necIR.ino:17:0:
/Users/alranel/Documents/git/arduino/arduino-testlib/cli-datadir/user/libraries/RFCodes/src/SignalCollector.h:104:15: error: variable or field &#39;IRAM_ATTR&#39; declared void
   static void IRAM_ATTR signal_change_handler();
               ^~~~~~~~~
/Users/alranel/Documents/git/arduino/arduino-testlib/cli-datadir/user/libraries/RFCodes/src/SignalCollector.h:104:15: error: expected &#39;;&#39; at end of member declaration
/Users/alranel/Documents/git/arduino/arduino-testlib/cli-datadir/user/libraries/RFCodes/examples/necIR/necIR.ino: In function &#39;void receiveCode(const char*)&#39;:
/Users/alranel/Documents/git/arduino/arduino-testlib/cli-datadir/user/libraries/RFCodes/examples/necIR/necIR.ino:33:10: error: &#39;class HardwareSerial&#39; has no member named &#39;printf&#39;; did you mean &#39;print&#39;?
   Serial.printf(&#34;[%s]\n&#34;, proto);
          ^~~~~~
          print
/Users/alranel/Documents/git/arduino/arduino-testlib/cli-datadir/user/libraries/RFCodes/examples/necIR/necIR.ino:45:16: error: &#39;class HardwareSerial&#39; has no member named &#39;printf&#39;; did you mean &#39;print&#39;?
         Serial.printf(&#34;%3d: %5u,&#34;, len, *p);
                ^~~~~~
                print
/Users/alranel/Documents/git/arduino/arduino-testlib/cli-datadir/user/libraries/RFCodes/examples/necIR/necIR.ino:47:16: error: &#39;class HardwareSerial&#39; has no member named &#39;printf&#39;; did you mean &#39;print&#39;?
         Serial.printf(&#34; %5u,\n&#34;, *p);
                ^~~~~~
                print
/Users/alranel/Documents/git/arduino/arduino-testlib/cli-datadir/user/libraries/RFCodes/examples/necIR/necIR.ino:49:16: error: &#39;class HardwareSerial&#39; has no member named &#39;printf&#39;; did you mean &#39;print&#39;?
         Serial.printf(&#34; %5u,&#34;, *p);
                ^~~~~~
                print
/Users/alranel/Documents/git/arduino/arduino-testlib/cli-datadir/user/libraries/RFCodes/examples/necIR/necIR.ino: In function &#39;void setup()&#39;:
/Users/alranel/Documents/git/arduino/arduino-testlib/cli-datadir/user/libraries/RFCodes/examples/necIR/necIR.ino:66:20: error: &#39;D7&#39; was not declared in this scope
   tabRF.init(&amp;sig, D7, NO_PIN, 16); // input at pin D7, no output
                    ^~
/Users/alranel/Documents/git/arduino/arduino-testlib/cli-datadir/user/libraries/RFCodes/examples/necIR/necIR.ino:66:20: note: suggested alternative: &#39;A7&#39;
   tabRF.init(&amp;sig, D7, NO_PIN, 16); // input at pin D7, no output
                    ^~
                    A7

</pre>
					
					<h4>examples/scanner</h4>
					<p>
						Result: <b>FAIL</b>
					</p>
					<pre class="pre-scrollable">/Users/alranel/Documents/git/arduino/arduino-testlib/cli-datadir/user/libraries/RFCodes/examples/scanner/scanner.ino:8:23: error: &#39;D5&#39; was not declared in this scope
 static int startPin = D5;
                       ^~
/Users/alranel/Documents/git/arduino/arduino-testlib/cli-datadir/user/libraries/RFCodes/examples/scanner/scanner.ino:8:23: note: suggested alternative: &#39;A5&#39;
 static int startPin = D5;
                       ^~
                       A5
/Users/alranel/Documents/git/arduino/arduino-testlib/cli-datadir/user/libraries/RFCodes/examples/scanner/scanner.ino:9:26: error: &#39;D7&#39; was not declared in this scope
 static int receiverPin = D7;
                          ^~
/Users/alranel/Documents/git/arduino/arduino-testlib/cli-datadir/user/libraries/RFCodes/examples/scanner/scanner.ino:9:26: note: suggested alternative: &#39;A7&#39;
 static int receiverPin = D7;
                          ^~
                          A7
/Users/alranel/Documents/git/arduino/arduino-testlib/cli-datadir/user/libraries/RFCodes/examples/scanner/scanner.ino:10:21: error: &#39;D4&#39; was not declared in this scope
 static int ledPin = D4;
                     ^~
/Users/alranel/Documents/git/arduino/arduino-testlib/cli-datadir/user/libraries/RFCodes/examples/scanner/scanner.ino:10:21: note: suggested alternative: &#39;A4&#39;
 static int ledPin = D4;
                     ^~
                     A4
/Users/alranel/Documents/git/arduino/arduino-testlib/cli-datadir/user/libraries/RFCodes/examples/scanner/scanner.ino:43:16: error: expected initializer before &#39;handleInterrupt&#39;
 void IRAM_ATTR handleInterrupt()
                ^~~~~~~~~~~~~~~
/Users/alranel/Documents/git/arduino/arduino-testlib/cli-datadir/user/libraries/RFCodes/examples/scanner/scanner.ino:43:16: error: expected initializer before &#39;handleInterrupt&#39;
 void IRAM_ATTR handleInterrupt()
                ^~~~~~~~~~~~~~~
/Users/alranel/Documents/git/arduino/arduino-testlib/cli-datadir/user/libraries/RFCodes/examples/scanner/scanner.ino: In function &#39;void setup()&#39;:
/Users/alranel/Documents/git/arduino/arduino-testlib/cli-datadir/user/libraries/RFCodes/examples/scanner/scanner.ino:138:33: error: &#39;handleInterrupt&#39; was not declared in this scope
   attachInterrupt(interruptPin, handleInterrupt, CHANGE);
                                 ^~~~~~~~~~~~~~~
/Users/alranel/Documents/git/arduino/arduino-testlib/cli-datadir/user/libraries/RFCodes/examples/scanner/scanner.ino:138:33: note: suggested alternative: &#39;detachInterrupt&#39;
   attachInterrupt(interruptPin, handleInterrupt, CHANGE);
                                 ^~~~~~~~~~~~~~~
                                 detachInterrupt

</pre>
					
					<h4>examples/testcodes</h4>
					<p>
						Result: <b>FAIL</b>
					</p>
					<pre class="pre-scrollable">WARNING: library RFCodes claims to run on esp8266 architecture(s) and may be incompatible with your current board which runs on avr architecture(s).
In file included from /Users/alranel/Documents/git/arduino/arduino-testlib/cli-datadir/user/libraries/RFCodes/examples/testcodes/testcodes.ino:26:0:
/Users/alranel/Documents/git/arduino/arduino-testlib/cli-datadir/user/libraries/RFCodes/src/SignalCollector.h:104:15: error: variable or field &#39;IRAM_ATTR&#39; declared void
   static void IRAM_ATTR signal_change_handler();
               ^~~~~~~~~
/Users/alranel/Documents/git/arduino/arduino-testlib/cli-datadir/user/libraries/RFCodes/src/SignalCollector.h:104:15: error: expected &#39;;&#39; at end of member declaration
/Users/alranel/Documents/git/arduino/arduino-testlib/cli-datadir/user/libraries/RFCodes/examples/testcodes/testcodes.ino: In function &#39;void receiveCode(const char*)&#39;:
/Users/alranel/Documents/git/arduino/arduino-testlib/cli-datadir/user/libraries/RFCodes/examples/testcodes/testcodes.ino:118:12: error: &#39;class HardwareSerial&#39; has no member named &#39;printf&#39;; did you mean &#39;print&#39;?
     Serial.printf(&#34;\n ok : [%s]\n&#34;, proto);
            ^~~~~~
            print
/Users/alranel/Documents/git/arduino/arduino-testlib/cli-datadir/user/libraries/RFCodes/examples/testcodes/testcodes.ino:121:12: error: &#39;class HardwareSerial&#39; has no member named &#39;printf&#39;; did you mean &#39;print&#39;?
     Serial.printf(&#34;\n BAD: [%s]\n&#34;, proto);
            ^~~~~~
            print
/Users/alranel/Documents/git/arduino/arduino-testlib/cli-datadir/user/libraries/RFCodes/examples/testcodes/testcodes.ino:122:12: error: &#39;class HardwareSerial&#39; has no member named &#39;printf&#39;; did you mean &#39;print&#39;?
     Serial.printf(&#34; exp: [%s]\n&#34;, expect);
            ^~~~~~
            print

</pre>
					
				
				<h3 id="arduino:mbed_nano:nanorp2040connect">arduino:mbed_nano:nanorp2040connect @ 2.7.2</h3>
				<h4>Inclusion</h4>
				<p>
					Result: <b>FAIL</b>
					
				</p>
				<pre class="pre-scrollable">WARNING: library RFCodes claims to run on esp8266 architecture(s) and may be incompatible with your current board which runs on mbed_nano architecture(s).
In file included from /home/ec2-user/arduino-testlib/cli-datadir/user/libraries/RFCodes/src/RFCodes.h:19:0,
                 from /tmp/arduino-testlib3286975805/test/test.ino:1:
/home/ec2-user/arduino-testlib/cli-datadir/user/libraries/RFCodes/src/SignalCollector.h:104:15: error: variable or field &#39;IRAM_ATTR&#39; declared void
   static void IRAM_ATTR signal_change_handler();
               ^~~~~~~~~
/home/ec2-user/arduino-testlib/cli-datadir/user/libraries/RFCodes/src/SignalCollector.h:104:15: error: expected &#39;;&#39; at end of member declaration
/home/ec2-user/arduino-testlib/cli-datadir/user/libraries/RFCodes/src/SignalCollector.h:104:47: error: ISO C&#43;&#43; forbids declaration of &#39;signal_change_handler&#39; with no type [-fpermissive]
   static void IRAM_ATTR signal_change_handler();
                                               ^

</pre>

					
					<h4>examples/TempSensor</h4>
					<p>
						Result: <b>FAIL</b>
					</p>
					<pre class="pre-scrollable">WARNING: library RFCodes claims to run on esp8266 architecture(s) and may be incompatible with your current board which runs on mbed_nano architecture(s).
In file included from /home/ec2-user/arduino-testlib/cli-datadir/user/libraries/RFCodes/examples/TempSensor/TempSensor.ino:21:0:
/home/ec2-user/arduino-testlib/cli-datadir/user/libraries/RFCodes/src/SignalCollector.h:104:15: error: variable or field &#39;IRAM_ATTR&#39; declared void
   static void IRAM_ATTR signal_change_handler();
               ^~~~~~~~~
/home/ec2-user/arduino-testlib/cli-datadir/user/libraries/RFCodes/src/SignalCollector.h:104:15: error: expected &#39;;&#39; at end of member declaration
/home/ec2-user/arduino-testlib/cli-datadir/user/libraries/RFCodes/src/SignalCollector.h:104:47: error: ISO C&#43;&#43; forbids declaration of &#39;signal_change_handler&#39; with no type [-fpermissive]
   static void IRAM_ATTR signal_change_handler();
                                               ^
/home/ec2-user/arduino-testlib/cli-datadir/user/libraries/RFCodes/examples/TempSensor/TempSensor.ino: In function &#39;void setup()&#39;:
/home/ec2-user/arduino-testlib/cli-datadir/user/libraries/RFCodes/examples/TempSensor/TempSensor.ino:122:18: error: &#39;D5&#39; was not declared in this scope
   col.init(&amp;sig, D5, NO_PIN); // input at pin D5, no output
                  ^~
/home/ec2-user/arduino-testlib/cli-datadir/user/libraries/RFCodes/examples/TempSensor/TempSensor.ino:122:18: note: suggested alternative: &#39;A5&#39;
   col.init(&amp;sig, D5, NO_PIN); // input at pin D5, no output
                  ^~
                  A5

</pre>
					
					<h4>examples/intertechno</h4>
					<p>
						Result: <b>FAIL</b>
					</p>
					<pre class="pre-scrollable">WARNING: library RFCodes claims to run on esp8266 architecture(s) and may be incompatible with your current board which runs on mbed_nano architecture(s).
In file included from /home/ec2-user/arduino-testlib/cli-datadir/user/libraries/RFCodes/src/RFCodes.h:19:0,
                 from /home/ec2-user/arduino-testlib/cli-datadir/user/libraries/RFCodes/examples/intertechno/intertechno.ino:25:
/home/ec2-user/arduino-testlib/cli-datadir/user/libraries/RFCodes/src/SignalCollector.h:104:15: error: variable or field &#39;IRAM_ATTR&#39; declared void
   static void IRAM_ATTR signal_change_handler();
               ^~~~~~~~~
/home/ec2-user/arduino-testlib/cli-datadir/user/libraries/RFCodes/src/SignalCollector.h:104:15: error: expected &#39;;&#39; at end of member declaration
/home/ec2-user/arduino-testlib/cli-datadir/user/libraries/RFCodes/src/SignalCollector.h:104:47: error: ISO C&#43;&#43; forbids declaration of &#39;signal_change_handler&#39; with no type [-fpermissive]
   static void IRAM_ATTR signal_change_handler();
                                               ^
/home/ec2-user/arduino-testlib/cli-datadir/user/libraries/RFCodes/examples/intertechno/intertechno.ino: In function &#39;void cresta_decode(const char*)&#39;:
/home/ec2-user/arduino-testlib/cli-datadir/user/libraries/RFCodes/examples/intertechno/intertechno.ino:74:12: error: &#39;class arduino::UART&#39; has no member named &#39;printf&#39;; did you mean &#39;print&#39;?
     Serial.printf(&#34;%02x &#34;, cresta_data[i]);
            ^~~~~~
            print
/home/ec2-user/arduino-testlib/cli-datadir/user/libraries/RFCodes/examples/intertechno/intertechno.ino:83:12: error: &#39;class arduino::UART&#39; has no member named &#39;printf&#39;; did you mean &#39;print&#39;?
     Serial.printf(&#34;  temp: %d.%d °C\n&#34;, temp / 10, temp % 10);
            ^~~~~~
            print
/home/ec2-user/arduino-testlib/cli-datadir/user/libraries/RFCodes/examples/intertechno/intertechno.ino:87:12: error: &#39;class arduino::UART&#39; has no member named &#39;printf&#39;; did you mean &#39;print&#39;?
     Serial.printf(&#34;  hum : %d %%\n&#34;, hum);
            ^~~~~~
            print
/home/ec2-user/arduino-testlib/cli-datadir/user/libraries/RFCodes/examples/intertechno/intertechno.ino: In function &#39;void receiveCode(const char*)&#39;:
/home/ec2-user/arduino-testlib/cli-datadir/user/libraries/RFCodes/examples/intertechno/intertechno.ino:97:10: error: &#39;class arduino::UART&#39; has no member named &#39;printf&#39;; did you mean &#39;print&#39;?
   Serial.printf(&#34;received [%s]\n&#34;, proto);
          ^~~~~~
          print
/home/ec2-user/arduino-testlib/cli-datadir/user/libraries/RFCodes/examples/intertechno/intertechno.ino:108:16: error: &#39;class arduino::UART&#39; has no member named &#39;printf&#39;; did you mean &#39;print&#39;?
         Serial.printf(&#34;%3d: %5u,&#34;, len, *p);
                ^~~~~~
                print
/home/ec2-user/arduino-testlib/cli-datadir/user/libraries/RFCodes/examples/intertechno/intertechno.ino:110:16: error: &#39;class arduino::UART&#39; has no member named &#39;printf&#39;; did you mean &#39;print&#39;?
         Serial.printf(&#34; %5u,\n&#34;, *p);
                ^~~~~~
                print
/home/ec2-user/arduino-testlib/cli-datadir/user/libraries/RFCodes/examples/intertechno/intertechno.ino:112:16: error: &#39;class arduino::UART&#39; has no member named &#39;printf&#39;; did you mean &#39;print&#39;?
         Serial.printf(&#34; %5u,&#34;, *p);
                ^~~~~~
                print
/home/ec2-user/arduino-testlib/cli-datadir/user/libraries/RFCodes/examples/intertechno/intertechno.ino: In function &#39;void setup()&#39;:
/home/ec2-user/arduino-testlib/cli-datadir/user/libraries/RFCodes/examples/intertechno/intertechno.ino:146:18: error: &#39;D5&#39; was not declared in this scope
   col.init(&amp;sig, D5, D6); // input at pin D5, output at pin D6
                  ^~
/home/ec2-user/arduino-testlib/cli-datadir/user/libraries/RFCodes/examples/intertechno/intertechno.ino:146:18: note: suggested alternative: &#39;A5&#39;
   col.init(&amp;sig, D5, D6); // input at pin D5, output at pin D6
                  ^~
                  A5
/home/ec2-user/arduino-testlib/cli-datadir/user/libraries/RFCodes/examples/intertechno/intertechno.ino:146:22: error: &#39;D6&#39; was not declared in this scope
   col.init(&amp;sig, D5, D6); // input at pin D5, output at pin D6
                      ^~
/home/ec2-user/arduino-testlib/cli-datadir/user/libraries/RFCodes/examples/intertechno/intertechno.ino:146:22: note: suggested alternative: &#39;A6&#39;
   col.init(&amp;sig, D5, D6); // input at pin D5, output at pin D6
                      ^~
                      A6

</pre>
					
					<h4>examples/necIR</h4>
					<p>
						Result: <b>FAIL</b>
					</p>
					<pre class="pre-scrollable">WARNING: library RFCodes claims to run on esp8266 architecture(s) and may be incompatible with your current board which runs on mbed_nano architecture(s).
In file included from /home/ec2-user/arduino-testlib/cli-datadir/user/libraries/RFCodes/examples/necIR/necIR.ino:17:0:
/home/ec2-user/arduino-testlib/cli-datadir/user/libraries/RFCodes/src/SignalCollector.h:104:15: error: variable or field &#39;IRAM_ATTR&#39; declared void
   static void IRAM_ATTR signal_change_handler();
               ^~~~~~~~~
/home/ec2-user/arduino-testlib/cli-datadir/user/libraries/RFCodes/src/SignalCollector.h:104:15: error: expected &#39;;&#39; at end of member declaration
/home/ec2-user/arduino-testlib/cli-datadir/user/libraries/RFCodes/src/SignalCollector.h:104:47: error: ISO C&#43;&#43; forbids declaration of &#39;signal_change_handler&#39; with no type [-fpermissive]
   static void IRAM_ATTR signal_change_handler();
                                               ^
/home/ec2-user/arduino-testlib/cli-datadir/user/libraries/RFCodes/examples/necIR/necIR.ino: In function &#39;void receiveCode(const char*)&#39;:
/home/ec2-user/arduino-testlib/cli-datadir/user/libraries/RFCodes/examples/necIR/necIR.ino:33:10: error: &#39;class arduino::UART&#39; has no member named &#39;printf&#39;; did you mean &#39;print&#39;?
   Serial.printf(&#34;[%s]\n&#34;, proto);
          ^~~~~~
          print
/home/ec2-user/arduino-testlib/cli-datadir/user/libraries/RFCodes/examples/necIR/necIR.ino:45:16: error: &#39;class arduino::UART&#39; has no member named &#39;printf&#39;; did you mean &#39;print&#39;?
         Serial.printf(&#34;%3d: %5u,&#34;, len, *p);
                ^~~~~~
                print
/home/ec2-user/arduino-testlib/cli-datadir/user/libraries/RFCodes/examples/necIR/necIR.ino:47:16: error: &#39;class arduino::UART&#39; has no member named &#39;printf&#39;; did you mean &#39;print&#39;?
         Serial.printf(&#34; %5u,\n&#34;, *p);
                ^~~~~~
                print
/home/ec2-user/arduino-testlib/cli-datadir/user/libraries/RFCodes/examples/necIR/necIR.ino:49:16: error: &#39;class arduino::UART&#39; has no member named &#39;printf&#39;; did you mean &#39;print&#39;?
         Serial.printf(&#34; %5u,&#34;, *p);
                ^~~~~~
                print
/home/ec2-user/arduino-testlib/cli-datadir/user/libraries/RFCodes/examples/necIR/necIR.ino: In function &#39;void setup()&#39;:
/home/ec2-user/arduino-testlib/cli-datadir/user/libraries/RFCodes/examples/necIR/necIR.ino:66:20: error: &#39;D7&#39; was not declared in this scope
   tabRF.init(&amp;sig, D7, NO_PIN, 16); // input at pin D7, no output
                    ^~
/home/ec2-user/arduino-testlib/cli-datadir/user/libraries/RFCodes/examples/necIR/necIR.ino:66:20: note: suggested alternative: &#39;A7&#39;
   tabRF.init(&amp;sig, D7, NO_PIN, 16); // input at pin D7, no output
                    ^~
                    A7

</pre>
					
					<h4>examples/scanner</h4>
					<p>
						Result: <b>FAIL</b>
					</p>
					<pre class="pre-scrollable">/home/ec2-user/arduino-testlib/cli-datadir/user/libraries/RFCodes/examples/scanner/scanner.ino:8:23: error: &#39;D5&#39; was not declared in this scope
 static int startPin = D5;
                       ^~
/home/ec2-user/arduino-testlib/cli-datadir/user/libraries/RFCodes/examples/scanner/scanner.ino:8:23: note: suggested alternative: &#39;A5&#39;
 static int startPin = D5;
                       ^~
                       A5
/home/ec2-user/arduino-testlib/cli-datadir/user/libraries/RFCodes/examples/scanner/scanner.ino:9:26: error: &#39;D7&#39; was not declared in this scope
 static int receiverPin = D7;
                          ^~
/home/ec2-user/arduino-testlib/cli-datadir/user/libraries/RFCodes/examples/scanner/scanner.ino:9:26: note: suggested alternative: &#39;A7&#39;
 static int receiverPin = D7;
                          ^~
                          A7
/home/ec2-user/arduino-testlib/cli-datadir/user/libraries/RFCodes/examples/scanner/scanner.ino:10:21: error: &#39;D4&#39; was not declared in this scope
 static int ledPin = D4;
                     ^~
/home/ec2-user/arduino-testlib/cli-datadir/user/libraries/RFCodes/examples/scanner/scanner.ino:10:21: note: suggested alternative: &#39;A4&#39;
 static int ledPin = D4;
                     ^~
                     A4
/home/ec2-user/arduino-testlib/cli-datadir/user/libraries/RFCodes/examples/scanner/scanner.ino:43:16: error: expected initializer before &#39;handleInterrupt&#39;
 void IRAM_ATTR handleInterrupt()
                ^~~~~~~~~~~~~~~
/home/ec2-user/arduino-testlib/cli-datadir/user/libraries/RFCodes/examples/scanner/scanner.ino:43:16: error: expected initializer before &#39;handleInterrupt&#39;
 void IRAM_ATTR handleInterrupt()
                ^~~~~~~~~~~~~~~
/home/ec2-user/arduino-testlib/cli-datadir/user/libraries/RFCodes/examples/scanner/scanner.ino: In function &#39;void setup()&#39;:
/home/ec2-user/arduino-testlib/cli-datadir/user/libraries/RFCodes/examples/scanner/scanner.ino:138:33: error: &#39;handleInterrupt&#39; was not declared in this scope
   attachInterrupt(interruptPin, handleInterrupt, CHANGE);
                                 ^~~~~~~~~~~~~~~
/home/ec2-user/arduino-testlib/cli-datadir/user/libraries/RFCodes/examples/scanner/scanner.ino:138:33: note: suggested alternative: &#39;detachInterrupt&#39;
   attachInterrupt(interruptPin, handleInterrupt, CHANGE);
                                 ^~~~~~~~~~~~~~~
                                 detachInterrupt

</pre>
					
					<h4>examples/testcodes</h4>
					<p>
						Result: <b>FAIL</b>
					</p>
					<pre class="pre-scrollable">WARNING: library RFCodes claims to run on esp8266 architecture(s) and may be incompatible with your current board which runs on mbed_nano architecture(s).
In file included from /home/ec2-user/arduino-testlib/cli-datadir/user/libraries/RFCodes/examples/testcodes/testcodes.ino:26:0:
/home/ec2-user/arduino-testlib/cli-datadir/user/libraries/RFCodes/src/SignalCollector.h:104:15: error: variable or field &#39;IRAM_ATTR&#39; declared void
   static void IRAM_ATTR signal_change_handler();
               ^~~~~~~~~
/home/ec2-user/arduino-testlib/cli-datadir/user/libraries/RFCodes/src/SignalCollector.h:104:15: error: expected &#39;;&#39; at end of member declaration
/home/ec2-user/arduino-testlib/cli-datadir/user/libraries/RFCodes/src/SignalCollector.h:104:47: error: ISO C&#43;&#43; forbids declaration of &#39;signal_change_handler&#39; with no type [-fpermissive]
   static void IRAM_ATTR signal_change_handler();
                                               ^
/home/ec2-user/arduino-testlib/cli-datadir/user/libraries/RFCodes/examples/testcodes/testcodes.ino: In function &#39;void receiveCode(const char*)&#39;:
/home/ec2-user/arduino-testlib/cli-datadir/user/libraries/RFCodes/examples/testcodes/testcodes.ino:118:12: error: &#39;class arduino::UART&#39; has no member named &#39;printf&#39;; did you mean &#39;print&#39;?
     Serial.printf(&#34;\n ok : [%s]\n&#34;, proto);
            ^~~~~~
            print
/home/ec2-user/arduino-testlib/cli-datadir/user/libraries/RFCodes/examples/testcodes/testcodes.ino:121:12: error: &#39;class arduino::UART&#39; has no member named &#39;printf&#39;; did you mean &#39;print&#39;?
     Serial.printf(&#34;\n BAD: [%s]\n&#34;, proto);
            ^~~~~~
            print
/home/ec2-user/arduino-testlib/cli-datadir/user/libraries/RFCodes/examples/testcodes/testcodes.ino:122:12: error: &#39;class arduino::UART&#39; has no member named &#39;printf&#39;; did you mean &#39;print&#39;?
     Serial.printf(&#34; exp: [%s]\n&#34;, expect);
            ^~~~~~
            print

</pre>
					
				
				<h3 id="arduino:megaavr:nona4809">arduino:megaavr:nona4809 @ 1.8.7</h3>
				<h4>Inclusion</h4>
				<p>
					Result: <b>FAIL</b>
					
				</p>
				<pre class="pre-scrollable">WARNING: library RFCodes claims to run on esp8266 architecture(s) and may be incompatible with your current board which runs on megaavr architecture(s).
In file included from /home/ec2-user/arduino-testlib/cli-datadir/user/libraries/RFCodes/src/RFCodes.h:19:0,
                 from /tmp/arduino-testlib3286975805/test/test.ino:1:
/home/ec2-user/arduino-testlib/cli-datadir/user/libraries/RFCodes/src/SignalCollector.h:104:15: error: variable or field &#39;IRAM_ATTR&#39; declared void
   static void IRAM_ATTR signal_change_handler();
               ^~~~~~~~~
/home/ec2-user/arduino-testlib/cli-datadir/user/libraries/RFCodes/src/SignalCollector.h:104:15: error: expected &#39;;&#39; at end of member declaration

</pre>

					
					<h4>examples/TempSensor</h4>
					<p>
						Result: <b>FAIL</b>
					</p>
					<pre class="pre-scrollable">WARNING: library RFCodes claims to run on esp8266 architecture(s) and may be incompatible with your current board which runs on megaavr architecture(s).
In file included from /home/ec2-user/arduino-testlib/cli-datadir/user/libraries/RFCodes/examples/TempSensor/TempSensor.ino:21:0:
/home/ec2-user/arduino-testlib/cli-datadir/user/libraries/RFCodes/src/SignalCollector.h:104:15: error: variable or field &#39;IRAM_ATTR&#39; declared void
   static void IRAM_ATTR signal_change_handler();
               ^~~~~~~~~
/home/ec2-user/arduino-testlib/cli-datadir/user/libraries/RFCodes/src/SignalCollector.h:104:15: error: expected &#39;;&#39; at end of member declaration
/home/ec2-user/arduino-testlib/cli-datadir/user/libraries/RFCodes/examples/TempSensor/TempSensor.ino: In function &#39;void setup()&#39;:
/home/ec2-user/arduino-testlib/cli-datadir/user/libraries/RFCodes/examples/TempSensor/TempSensor.ino:122:18: error: &#39;D5&#39; was not declared in this scope
   col.init(&amp;sig, D5, NO_PIN); // input at pin D5, no output
                  ^~
/home/ec2-user/arduino-testlib/cli-datadir/user/libraries/RFCodes/examples/TempSensor/TempSensor.ino:122:18: note: suggested alternative: &#39;A5&#39;
   col.init(&amp;sig, D5, NO_PIN); // input at pin D5, no output
                  ^~
                  A5

</pre>
					
					<h4>examples/intertechno</h4>
					<p>
						Result: <b>FAIL</b>
					</p>
					<pre class="pre-scrollable">WARNING: library RFCodes claims to run on esp8266 architecture(s) and may be incompatible with your current board which runs on megaavr architecture(s).
In file included from /home/ec2-user/arduino-testlib/cli-datadir/user/libraries/RFCodes/src/RFCodes.h:19:0,
                 from /home/ec2-user/arduino-testlib/cli-datadir/user/libraries/RFCodes/examples/intertechno/intertechno.ino:25:
/home/ec2-user/arduino-testlib/cli-datadir/user/libraries/RFCodes/src/SignalCollector.h:104:15: error: variable or field &#39;IRAM_ATTR&#39; declared void
   static void IRAM_ATTR signal_change_handler();
               ^~~~~~~~~
/home/ec2-user/arduino-testlib/cli-datadir/user/libraries/RFCodes/src/SignalCollector.h:104:15: error: expected &#39;;&#39; at end of member declaration
/home/ec2-user/arduino-testlib/cli-datadir/user/libraries/RFCodes/examples/intertechno/intertechno.ino: In function &#39;void cresta_decode(const char*)&#39;:
/home/ec2-user/arduino-testlib/cli-datadir/user/libraries/RFCodes/examples/intertechno/intertechno.ino:74:12: error: &#39;class UartClass&#39; has no member named &#39;printf&#39;; did you mean &#39;print&#39;?
     Serial.printf(&#34;%02x &#34;, cresta_data[i]);
            ^~~~~~
            print
/home/ec2-user/arduino-testlib/cli-datadir/user/libraries/RFCodes/examples/intertechno/intertechno.ino:83:12: error: &#39;class UartClass&#39; has no member named &#39;printf&#39;; did you mean &#39;print&#39;?
     Serial.printf(&#34;  temp: %d.%d °C\n&#34;, temp / 10, temp % 10);
            ^~~~~~
            print
/home/ec2-user/arduino-testlib/cli-datadir/user/libraries/RFCodes/examples/intertechno/intertechno.ino:87:12: error: &#39;class UartClass&#39; has no member named &#39;printf&#39;; did you mean &#39;print&#39;?
     Serial.printf(&#34;  hum : %d %%\n&#34;, hum);
            ^~~~~~
            print
/home/ec2-user/arduino-testlib/cli-datadir/user/libraries/RFCodes/examples/intertechno/intertechno.ino: In function &#39;void receiveCode(const char*)&#39;:
/home/ec2-user/arduino-testlib/cli-datadir/user/libraries/RFCodes/examples/intertechno/intertechno.ino:97:10: error: &#39;class UartClass&#39; has no member named &#39;printf&#39;; did you mean &#39;print&#39;?
   Serial.printf(&#34;received [%s]\n&#34;, proto);
          ^~~~~~
          print
/home/ec2-user/arduino-testlib/cli-datadir/user/libraries/RFCodes/examples/intertechno/intertechno.ino:108:16: error: &#39;class UartClass&#39; has no member named &#39;printf&#39;; did you mean &#39;print&#39;?
         Serial.printf(&#34;%3d: %5u,&#34;, len, *p);
                ^~~~~~
                print
/home/ec2-user/arduino-testlib/cli-datadir/user/libraries/RFCodes/examples/intertechno/intertechno.ino:110:16: error: &#39;class UartClass&#39; has no member named &#39;printf&#39;; did you mean &#39;print&#39;?
         Serial.printf(&#34; %5u,\n&#34;, *p);
                ^~~~~~
                print
/home/ec2-user/arduino-testlib/cli-datadir/user/libraries/RFCodes/examples/intertechno/intertechno.ino:112:16: error: &#39;class UartClass&#39; has no member named &#39;printf&#39;; did you mean &#39;print&#39;?
         Serial.printf(&#34; %5u,&#34;, *p);
                ^~~~~~
                print
/home/ec2-user/arduino-testlib/cli-datadir/user/libraries/RFCodes/examples/intertechno/intertechno.ino: In function &#39;void setup()&#39;:
/home/ec2-user/arduino-testlib/cli-datadir/user/libraries/RFCodes/examples/intertechno/intertechno.ino:146:18: error: &#39;D5&#39; was not declared in this scope
   col.init(&amp;sig, D5, D6); // input at pin D5, output at pin D6
                  ^~
/home/ec2-user/arduino-testlib/cli-datadir/user/libraries/RFCodes/examples/intertechno/intertechno.ino:146:18: note: suggested alternative: &#39;A5&#39;
   col.init(&amp;sig, D5, D6); // input at pin D5, output at pin D6
                  ^~
                  A5
/home/ec2-user/arduino-testlib/cli-datadir/user/libraries/RFCodes/examples/intertechno/intertechno.ino:146:22: error: &#39;D6&#39; was not declared in this scope
   col.init(&amp;sig, D5, D6); // input at pin D5, output at pin D6
                      ^~
/home/ec2-user/arduino-testlib/cli-datadir/user/libraries/RFCodes/examples/intertechno/intertechno.ino:146:22: note: suggested alternative: &#39;A6&#39;
   col.init(&amp;sig, D5, D6); // input at pin D5, output at pin D6
                      ^~
                      A6

</pre>
					
					<h4>examples/necIR</h4>
					<p>
						Result: <b>FAIL</b>
					</p>
					<pre class="pre-scrollable">WARNING: library RFCodes claims to run on esp8266 architecture(s) and may be incompatible with your current board which runs on megaavr architecture(s).
In file included from /home/ec2-user/arduino-testlib/cli-datadir/user/libraries/RFCodes/examples/necIR/necIR.ino:17:0:
/home/ec2-user/arduino-testlib/cli-datadir/user/libraries/RFCodes/src/SignalCollector.h:104:15: error: variable or field &#39;IRAM_ATTR&#39; declared void
   static void IRAM_ATTR signal_change_handler();
               ^~~~~~~~~
/home/ec2-user/arduino-testlib/cli-datadir/user/libraries/RFCodes/src/SignalCollector.h:104:15: error: expected &#39;;&#39; at end of member declaration
/home/ec2-user/arduino-testlib/cli-datadir/user/libraries/RFCodes/examples/necIR/necIR.ino: In function &#39;void receiveCode(const char*)&#39;:
/home/ec2-user/arduino-testlib/cli-datadir/user/libraries/RFCodes/examples/necIR/necIR.ino:33:10: error: &#39;class UartClass&#39; has no member named &#39;printf&#39;; did you mean &#39;print&#39;?
   Serial.printf(&#34;[%s]\n&#34;, proto);
          ^~~~~~
          print
/home/ec2-user/arduino-testlib/cli-datadir/user/libraries/RFCodes/examples/necIR/necIR.ino:45:16: error: &#39;class UartClass&#39; has no member named &#39;printf&#39;; did you mean &#39;print&#39;?
         Serial.printf(&#34;%3d: %5u,&#34;, len, *p);
                ^~~~~~
                print
/home/ec2-user/arduino-testlib/cli-datadir/user/libraries/RFCodes/examples/necIR/necIR.ino:47:16: error: &#39;class UartClass&#39; has no member named &#39;printf&#39;; did you mean &#39;print&#39;?
         Serial.printf(&#34; %5u,\n&#34;, *p);
                ^~~~~~
                print
/home/ec2-user/arduino-testlib/cli-datadir/user/libraries/RFCodes/examples/necIR/necIR.ino:49:16: error: &#39;class UartClass&#39; has no member named &#39;printf&#39;; did you mean &#39;print&#39;?
         Serial.printf(&#34; %5u,&#34;, *p);
                ^~~~~~
                print
/home/ec2-user/arduino-testlib/cli-datadir/user/libraries/RFCodes/examples/necIR/necIR.ino: In function &#39;void setup()&#39;:
/home/ec2-user/arduino-testlib/cli-datadir/user/libraries/RFCodes/examples/necIR/necIR.ino:66:20: error: &#39;D7&#39; was not declared in this scope
   tabRF.init(&amp;sig, D7, NO_PIN, 16); // input at pin D7, no output
                    ^~
/home/ec2-user/arduino-testlib/cli-datadir/user/libraries/RFCodes/examples/necIR/necIR.ino:66:20: note: suggested alternative: &#39;A7&#39;
   tabRF.init(&amp;sig, D7, NO_PIN, 16); // input at pin D7, no output
                    ^~
                    A7

</pre>
					
					<h4>examples/scanner</h4>
					<p>
						Result: <b>FAIL</b>
					</p>
					<pre class="pre-scrollable">/home/ec2-user/arduino-testlib/cli-datadir/user/libraries/RFCodes/examples/scanner/scanner.ino:8:23: error: &#39;D5&#39; was not declared in this scope
 static int startPin = D5;
                       ^~
/home/ec2-user/arduino-testlib/cli-datadir/user/libraries/RFCodes/examples/scanner/scanner.ino:8:23: note: suggested alternative: &#39;A5&#39;
 static int startPin = D5;
                       ^~
                       A5
/home/ec2-user/arduino-testlib/cli-datadir/user/libraries/RFCodes/examples/scanner/scanner.ino:9:26: error: &#39;D7&#39; was not declared in this scope
 static int receiverPin = D7;
                          ^~
/home/ec2-user/arduino-testlib/cli-datadir/user/libraries/RFCodes/examples/scanner/scanner.ino:9:26: note: suggested alternative: &#39;A7&#39;
 static int receiverPin = D7;
                          ^~
                          A7
/home/ec2-user/arduino-testlib/cli-datadir/user/libraries/RFCodes/examples/scanner/scanner.ino:10:21: error: &#39;D4&#39; was not declared in this scope
 static int ledPin = D4;
                     ^~
/home/ec2-user/arduino-testlib/cli-datadir/user/libraries/RFCodes/examples/scanner/scanner.ino:10:21: note: suggested alternative: &#39;A4&#39;
 static int ledPin = D4;
                     ^~
                     A4
/home/ec2-user/arduino-testlib/cli-datadir/user/libraries/RFCodes/examples/scanner/scanner.ino:43:16: error: expected initializer before &#39;handleInterrupt&#39;
 void IRAM_ATTR handleInterrupt()
                ^~~~~~~~~~~~~~~
/home/ec2-user/arduino-testlib/cli-datadir/user/libraries/RFCodes/examples/scanner/scanner.ino:43:16: error: expected initializer before &#39;handleInterrupt&#39;
 void IRAM_ATTR handleInterrupt()
                ^~~~~~~~~~~~~~~
/home/ec2-user/arduino-testlib/cli-datadir/user/libraries/RFCodes/examples/scanner/scanner.ino: In function &#39;void setup()&#39;:
/home/ec2-user/arduino-testlib/cli-datadir/user/libraries/RFCodes/examples/scanner/scanner.ino:138:33: error: &#39;handleInterrupt&#39; was not declared in this scope
   attachInterrupt(interruptPin, handleInterrupt, CHANGE);
                                 ^~~~~~~~~~~~~~~
/home/ec2-user/arduino-testlib/cli-datadir/user/libraries/RFCodes/examples/scanner/scanner.ino:138:33: note: suggested alternative: &#39;detachInterrupt&#39;
   attachInterrupt(interruptPin, handleInterrupt, CHANGE);
                                 ^~~~~~~~~~~~~~~
                                 detachInterrupt

</pre>
					
					<h4>examples/testcodes</h4>
					<p>
						Result: <b>FAIL</b>
					</p>
					<pre class="pre-scrollable">WARNING: library RFCodes claims to run on esp8266 architecture(s) and may be incompatible with your current board which runs on megaavr architecture(s).
In file included from /home/ec2-user/arduino-testlib/cli-datadir/user/libraries/RFCodes/examples/testcodes/testcodes.ino:26:0:
/home/ec2-user/arduino-testlib/cli-datadir/user/libraries/RFCodes/src/SignalCollector.h:104:15: error: variable or field &#39;IRAM_ATTR&#39; declared void
   static void IRAM_ATTR signal_change_handler();
               ^~~~~~~~~
/home/ec2-user/arduino-testlib/cli-datadir/user/libraries/RFCodes/src/SignalCollector.h:104:15: error: expected &#39;;&#39; at end of member declaration
/home/ec2-user/arduino-testlib/cli-datadir/user/libraries/RFCodes/examples/testcodes/testcodes.ino: In function &#39;void receiveCode(const char*)&#39;:
/home/ec2-user/arduino-testlib/cli-datadir/user/libraries/RFCodes/examples/testcodes/testcodes.ino:118:12: error: &#39;class UartClass&#39; has no member named &#39;printf&#39;; did you mean &#39;print&#39;?
     Serial.printf(&#34;\n ok : [%s]\n&#34;, proto);
            ^~~~~~
            print
/home/ec2-user/arduino-testlib/cli-datadir/user/libraries/RFCodes/examples/testcodes/testcodes.ino:121:12: error: &#39;class UartClass&#39; has no member named &#39;printf&#39;; did you mean &#39;print&#39;?
     Serial.printf(&#34;\n BAD: [%s]\n&#34;, proto);
            ^~~~~~
            print
/home/ec2-user/arduino-testlib/cli-datadir/user/libraries/RFCodes/examples/testcodes/testcodes.ino:122:12: error: &#39;class UartClass&#39; has no member named &#39;printf&#39;; did you mean &#39;print&#39;?
     Serial.printf(&#34; exp: [%s]\n&#34;, expect);
            ^~~~~~
            print

</pre>
					
				
				<h3 id="arduino:samd:mkrwifi1010">arduino:samd:mkrwifi1010 @ 1.8.12</h3>
				<h4>Inclusion</h4>
				<p>
					Result: <b>FAIL</b>
					
				</p>
				<pre class="pre-scrollable">WARNING: library RFCodes claims to run on esp8266 architecture(s) and may be incompatible with your current board which runs on samd architecture(s).
In file included from /Users/alranel/Documents/git/arduino/arduino-testlib/cli-datadir/user/libraries/RFCodes/src/RFCodes.h:19:0,
                 from /private/tmp/arduino-testlib1314468230/test/test.ino:1:
/Users/alranel/Documents/git/arduino/arduino-testlib/cli-datadir/user/libraries/RFCodes/src/SignalCollector.h:104:15: error: variable or field &#39;IRAM_ATTR&#39; declared void
   static void IRAM_ATTR signal_change_handler();
               ^~~~~~~~~
/Users/alranel/Documents/git/arduino/arduino-testlib/cli-datadir/user/libraries/RFCodes/src/SignalCollector.h:104:15: error: expected &#39;;&#39; at end of member declaration
/Users/alranel/Documents/git/arduino/arduino-testlib/cli-datadir/user/libraries/RFCodes/src/SignalCollector.h:104:47: error: ISO C&#43;&#43; forbids declaration of &#39;signal_change_handler&#39; with no type [-fpermissive]
   static void IRAM_ATTR signal_change_handler();
                                               ^

</pre>

					
					<h4>examples/TempSensor</h4>
					<p>
						Result: <b>FAIL</b>
					</p>
					<pre class="pre-scrollable">WARNING: library RFCodes claims to run on esp8266 architecture(s) and may be incompatible with your current board which runs on samd architecture(s).
In file included from /Users/alranel/Documents/git/arduino/arduino-testlib/cli-datadir/user/libraries/RFCodes/examples/TempSensor/TempSensor.ino:21:0:
/Users/alranel/Documents/git/arduino/arduino-testlib/cli-datadir/user/libraries/RFCodes/src/SignalCollector.h:104:15: error: variable or field &#39;IRAM_ATTR&#39; declared void
   static void IRAM_ATTR signal_change_handler();
               ^~~~~~~~~
/Users/alranel/Documents/git/arduino/arduino-testlib/cli-datadir/user/libraries/RFCodes/src/SignalCollector.h:104:15: error: expected &#39;;&#39; at end of member declaration
/Users/alranel/Documents/git/arduino/arduino-testlib/cli-datadir/user/libraries/RFCodes/src/SignalCollector.h:104:47: error: ISO C&#43;&#43; forbids declaration of &#39;signal_change_handler&#39; with no type [-fpermissive]
   static void IRAM_ATTR signal_change_handler();
                                               ^
/Users/alranel/Documents/git/arduino/arduino-testlib/cli-datadir/user/libraries/RFCodes/examples/TempSensor/TempSensor.ino: In function &#39;void setup()&#39;:
/Users/alranel/Documents/git/arduino/arduino-testlib/cli-datadir/user/libraries/RFCodes/examples/TempSensor/TempSensor.ino:122:18: error: &#39;D5&#39; was not declared in this scope
   col.init(&amp;sig, D5, NO_PIN); // input at pin D5, no output
                  ^~
/Users/alranel/Documents/git/arduino/arduino-testlib/cli-datadir/user/libraries/RFCodes/examples/TempSensor/TempSensor.ino:122:18: note: suggested alternative: &#39;A5&#39;
   col.init(&amp;sig, D5, NO_PIN); // input at pin D5, no output
                  ^~
                  A5

</pre>
					
					<h4>examples/intertechno</h4>
					<p>
						Result: <b>FAIL</b>
					</p>
					<pre class="pre-scrollable">WARNING: library RFCodes claims to run on esp8266 architecture(s) and may be incompatible with your current board which runs on samd architecture(s).
In file included from /Users/alranel/Documents/git/arduino/arduino-testlib/cli-datadir/user/libraries/RFCodes/src/RFCodes.h:19:0,
                 from /Users/alranel/Documents/git/arduino/arduino-testlib/cli-datadir/user/libraries/RFCodes/examples/intertechno/intertechno.ino:25:
/Users/alranel/Documents/git/arduino/arduino-testlib/cli-datadir/user/libraries/RFCodes/src/SignalCollector.h:104:15: error: variable or field &#39;IRAM_ATTR&#39; declared void
   static void IRAM_ATTR signal_change_handler();
               ^~~~~~~~~
/Users/alranel/Documents/git/arduino/arduino-testlib/cli-datadir/user/libraries/RFCodes/src/SignalCollector.h:104:15: error: expected &#39;;&#39; at end of member declaration
/Users/alranel/Documents/git/arduino/arduino-testlib/cli-datadir/user/libraries/RFCodes/src/SignalCollector.h:104:47: error: ISO C&#43;&#43; forbids declaration of &#39;signal_change_handler&#39; with no type [-fpermissive]
   static void IRAM_ATTR signal_change_handler();
                                               ^
/Users/alranel/Documents/git/arduino/arduino-testlib/cli-datadir/user/libraries/RFCodes/examples/intertechno/intertechno.ino: In function &#39;void cresta_decode(const char*)&#39;:
/Users/alranel/Documents/git/arduino/arduino-testlib/cli-datadir/user/libraries/RFCodes/examples/intertechno/intertechno.ino:74:12: error: &#39;class Serial_&#39; has no member named &#39;printf&#39;; did you mean &#39;print&#39;?
     Serial.printf(&#34;%02x &#34;, cresta_data[i]);
            ^~~~~~
            print
/Users/alranel/Documents/git/arduino/arduino-testlib/cli-datadir/user/libraries/RFCodes/examples/intertechno/intertechno.ino:83:12: error: &#39;class Serial_&#39; has no member named &#39;printf&#39;; did you mean &#39;print&#39;?
     Serial.printf(&#34;  temp: %d.%d °C\n&#34;, temp / 10, temp % 10);
            ^~~~~~
            print
/Users/alranel/Documents/git/arduino/arduino-testlib/cli-datadir/user/libraries/RFCodes/examples/intertechno/intertechno.ino:87:12: error: &#39;class Serial_&#39; has no member named &#39;printf&#39;; did you mean &#39;print&#39;?
     Serial.printf(&#34;  hum : %d %%\n&#34;, hum);
            ^~~~~~
            print
/Users/alranel/Documents/git/arduino/arduino-testlib/cli-datadir/user/libraries/RFCodes/examples/intertechno/intertechno.ino: In function &#39;void receiveCode(const char*)&#39;:
/Users/alranel/Documents/git/arduino/arduino-testlib/cli-datadir/user/libraries/RFCodes/examples/intertechno/intertechno.ino:97:10: error: &#39;class Serial_&#39; has no member named &#39;printf&#39;; did you mean &#39;print&#39;?
   Serial.printf(&#34;received [%s]\n&#34;, proto);
          ^~~~~~
          print
/Users/alranel/Documents/git/arduino/arduino-testlib/cli-datadir/user/libraries/RFCodes/examples/intertechno/intertechno.ino:108:16: error: &#39;class Serial_&#39; has no member named &#39;printf&#39;; did you mean &#39;print&#39;?
         Serial.printf(&#34;%3d: %5u,&#34;, len, *p);
                ^~~~~~
                print
/Users/alranel/Documents/git/arduino/arduino-testlib/cli-datadir/user/libraries/RFCodes/examples/intertechno/intertechno.ino:110:16: error: &#39;class Serial_&#39; has no member named &#39;printf&#39;; did you mean &#39;print&#39;?
         Serial.printf(&#34; %5u,\n&#34;, *p);
                ^~~~~~
                print
/Users/alranel/Documents/git/arduino/arduino-testlib/cli-datadir/user/libraries/RFCodes/examples/intertechno/intertechno.ino:112:16: error: &#39;class Serial_&#39; has no member named &#39;printf&#39;; did you mean &#39;print&#39;?
         Serial.printf(&#34; %5u,&#34;, *p);
                ^~~~~~
                print
/Users/alranel/Documents/git/arduino/arduino-testlib/cli-datadir/user/libraries/RFCodes/examples/intertechno/intertechno.ino: In function &#39;void setup()&#39;:
/Users/alranel/Documents/git/arduino/arduino-testlib/cli-datadir/user/libraries/RFCodes/examples/intertechno/intertechno.ino:146:18: error: &#39;D5&#39; was not declared in this scope
   col.init(&amp;sig, D5, D6); // input at pin D5, output at pin D6
                  ^~
/Users/alranel/Documents/git/arduino/arduino-testlib/cli-datadir/user/libraries/RFCodes/examples/intertechno/intertechno.ino:146:18: note: suggested alternative: &#39;A5&#39;
   col.init(&amp;sig, D5, D6); // input at pin D5, output at pin D6
                  ^~
                  A5
/Users/alranel/Documents/git/arduino/arduino-testlib/cli-datadir/user/libraries/RFCodes/examples/intertechno/intertechno.ino:146:22: error: &#39;D6&#39; was not declared in this scope
   col.init(&amp;sig, D5, D6); // input at pin D5, output at pin D6
                      ^~
/Users/alranel/Documents/git/arduino/arduino-testlib/cli-datadir/user/libraries/RFCodes/examples/intertechno/intertechno.ino:146:22: note: suggested alternative: &#39;A6&#39;
   col.init(&amp;sig, D5, D6); // input at pin D5, output at pin D6
                      ^~
                      A6

</pre>
					
					<h4>examples/necIR</h4>
					<p>
						Result: <b>FAIL</b>
					</p>
					<pre class="pre-scrollable">WARNING: library RFCodes claims to run on esp8266 architecture(s) and may be incompatible with your current board which runs on samd architecture(s).
In file included from /Users/alranel/Documents/git/arduino/arduino-testlib/cli-datadir/user/libraries/RFCodes/examples/necIR/necIR.ino:17:0:
/Users/alranel/Documents/git/arduino/arduino-testlib/cli-datadir/user/libraries/RFCodes/src/SignalCollector.h:104:15: error: variable or field &#39;IRAM_ATTR&#39; declared void
   static void IRAM_ATTR signal_change_handler();
               ^~~~~~~~~
/Users/alranel/Documents/git/arduino/arduino-testlib/cli-datadir/user/libraries/RFCodes/src/SignalCollector.h:104:15: error: expected &#39;;&#39; at end of member declaration
/Users/alranel/Documents/git/arduino/arduino-testlib/cli-datadir/user/libraries/RFCodes/src/SignalCollector.h:104:47: error: ISO C&#43;&#43; forbids declaration of &#39;signal_change_handler&#39; with no type [-fpermissive]
   static void IRAM_ATTR signal_change_handler();
                                               ^
/Users/alranel/Documents/git/arduino/arduino-testlib/cli-datadir/user/libraries/RFCodes/examples/necIR/necIR.ino: In function &#39;void receiveCode(const char*)&#39;:
/Users/alranel/Documents/git/arduino/arduino-testlib/cli-datadir/user/libraries/RFCodes/examples/necIR/necIR.ino:33:10: error: &#39;class Serial_&#39; has no member named &#39;printf&#39;; did you mean &#39;print&#39;?
   Serial.printf(&#34;[%s]\n&#34;, proto);
          ^~~~~~
          print
/Users/alranel/Documents/git/arduino/arduino-testlib/cli-datadir/user/libraries/RFCodes/examples/necIR/necIR.ino:45:16: error: &#39;class Serial_&#39; has no member named &#39;printf&#39;; did you mean &#39;print&#39;?
         Serial.printf(&#34;%3d: %5u,&#34;, len, *p);
                ^~~~~~
                print
/Users/alranel/Documents/git/arduino/arduino-testlib/cli-datadir/user/libraries/RFCodes/examples/necIR/necIR.ino:47:16: error: &#39;class Serial_&#39; has no member named &#39;printf&#39;; did you mean &#39;print&#39;?
         Serial.printf(&#34; %5u,\n&#34;, *p);
                ^~~~~~
                print
/Users/alranel/Documents/git/arduino/arduino-testlib/cli-datadir/user/libraries/RFCodes/examples/necIR/necIR.ino:49:16: error: &#39;class Serial_&#39; has no member named &#39;printf&#39;; did you mean &#39;print&#39;?
         Serial.printf(&#34; %5u,&#34;, *p);
                ^~~~~~
                print
/Users/alranel/Documents/git/arduino/arduino-testlib/cli-datadir/user/libraries/RFCodes/examples/necIR/necIR.ino: In function &#39;void setup()&#39;:
/Users/alranel/Documents/git/arduino/arduino-testlib/cli-datadir/user/libraries/RFCodes/examples/necIR/necIR.ino:66:20: error: &#39;D7&#39; was not declared in this scope
   tabRF.init(&amp;sig, D7, NO_PIN, 16); // input at pin D7, no output
                    ^~

</pre>
					
					<h4>examples/scanner</h4>
					<p>
						Result: <b>FAIL</b>
					</p>
					<pre class="pre-scrollable">/Users/alranel/Documents/git/arduino/arduino-testlib/cli-datadir/user/libraries/RFCodes/examples/scanner/scanner.ino:8:23: error: &#39;D5&#39; was not declared in this scope
 static int startPin = D5;
                       ^~
/Users/alranel/Documents/git/arduino/arduino-testlib/cli-datadir/user/libraries/RFCodes/examples/scanner/scanner.ino:8:23: note: suggested alternative: &#39;A5&#39;
 static int startPin = D5;
                       ^~
                       A5
/Users/alranel/Documents/git/arduino/arduino-testlib/cli-datadir/user/libraries/RFCodes/examples/scanner/scanner.ino:9:26: error: &#39;D7&#39; was not declared in this scope
 static int receiverPin = D7;
                          ^~
/Users/alranel/Documents/git/arduino/arduino-testlib/cli-datadir/user/libraries/RFCodes/examples/scanner/scanner.ino:10:21: error: &#39;D4&#39; was not declared in this scope
 static int ledPin = D4;
                     ^~
/Users/alranel/Documents/git/arduino/arduino-testlib/cli-datadir/user/libraries/RFCodes/examples/scanner/scanner.ino:10:21: note: suggested alternative: &#39;A4&#39;
 static int ledPin = D4;
                     ^~
                     A4
/Users/alranel/Documents/git/arduino/arduino-testlib/cli-datadir/user/libraries/RFCodes/examples/scanner/scanner.ino:43:16: error: expected initializer before &#39;handleInterrupt&#39;
 void IRAM_ATTR handleInterrupt()
                ^~~~~~~~~~~~~~~
/Users/alranel/Documents/git/arduino/arduino-testlib/cli-datadir/user/libraries/RFCodes/examples/scanner/scanner.ino:43:16: error: expected initializer before &#39;handleInterrupt&#39;
 void IRAM_ATTR handleInterrupt()
                ^~~~~~~~~~~~~~~
/Users/alranel/Documents/git/arduino/arduino-testlib/cli-datadir/user/libraries/RFCodes/examples/scanner/scanner.ino: In function &#39;void setup()&#39;:
/Users/alranel/Documents/git/arduino/arduino-testlib/cli-datadir/user/libraries/RFCodes/examples/scanner/scanner.ino:138:33: error: &#39;handleInterrupt&#39; was not declared in this scope
   attachInterrupt(interruptPin, handleInterrupt, CHANGE);
                                 ^~~~~~~~~~~~~~~
/Users/alranel/Documents/git/arduino/arduino-testlib/cli-datadir/user/libraries/RFCodes/examples/scanner/scanner.ino:138:33: note: suggested alternative: &#39;detachInterrupt&#39;
   attachInterrupt(interruptPin, handleInterrupt, CHANGE);
                                 ^~~~~~~~~~~~~~~
                                 detachInterrupt

</pre>
					
					<h4>examples/testcodes</h4>
					<p>
						Result: <b>FAIL</b>
					</p>
					<pre class="pre-scrollable">WARNING: library RFCodes claims to run on esp8266 architecture(s) and may be incompatible with your current board which runs on samd architecture(s).
In file included from /Users/alranel/Documents/git/arduino/arduino-testlib/cli-datadir/user/libraries/RFCodes/examples/testcodes/testcodes.ino:26:0:
/Users/alranel/Documents/git/arduino/arduino-testlib/cli-datadir/user/libraries/RFCodes/src/SignalCollector.h:104:15: error: variable or field &#39;IRAM_ATTR&#39; declared void
   static void IRAM_ATTR signal_change_handler();
               ^~~~~~~~~
/Users/alranel/Documents/git/arduino/arduino-testlib/cli-datadir/user/libraries/RFCodes/src/SignalCollector.h:104:15: error: expected &#39;;&#39; at end of member declaration
/Users/alranel/Documents/git/arduino/arduino-testlib/cli-datadir/user/libraries/RFCodes/src/SignalCollector.h:104:47: error: ISO C&#43;&#43; forbids declaration of &#39;signal_change_handler&#39; with no type [-fpermissive]
   static void IRAM_ATTR signal_change_handler();
                                               ^
/Users/alranel/Documents/git/arduino/arduino-testlib/cli-datadir/user/libraries/RFCodes/examples/testcodes/testcodes.ino: In function &#39;void receiveCode(const char*)&#39;:
/Users/alranel/Documents/git/arduino/arduino-testlib/cli-datadir/user/libraries/RFCodes/examples/testcodes/testcodes.ino:118:12: error: &#39;class Serial_&#39; has no member named &#39;printf&#39;; did you mean &#39;print&#39;?
     Serial.printf(&#34;\n ok : [%s]\n&#34;, proto);
            ^~~~~~
            print
/Users/alranel/Documents/git/arduino/arduino-testlib/cli-datadir/user/libraries/RFCodes/examples/testcodes/testcodes.ino:121:12: error: &#39;class Serial_&#39; has no member named &#39;printf&#39;; did you mean &#39;print&#39;?
     Serial.printf(&#34;\n BAD: [%s]\n&#34;, proto);
            ^~~~~~
            print
/Users/alranel/Documents/git/arduino/arduino-testlib/cli-datadir/user/libraries/RFCodes/examples/testcodes/testcodes.ino:122:12: error: &#39;class Serial_&#39; has no member named &#39;printf&#39;; did you mean &#39;print&#39;?
     Serial.printf(&#34; exp: [%s]\n&#34;, expect);
            ^~~~~~
            print

</pre>
					
				
				<h3 id="esp32:esp32:d1_mini32">esp32:esp32:d1_mini32 @ 1.0.6</h3>
				<h4>Inclusion</h4>
				<p>
					Result: <b>PASS</b>
					
				</p>
				<pre class="pre-scrollable">WARNING: library RFCodes claims to run on esp8266 architecture(s) and may be incompatible with your current board which runs on esp32 architecture(s).
Sketch uses 198266 bytes (15%) of program storage space. Maximum is 1310720 bytes.
Global variables use 13120 bytes (4%) of dynamic memory, leaving 314560 bytes for local variables. Maximum is 327680 bytes.
</pre>

					
					<h4>examples/TempSensor</h4>
					<p>
						Result: <b>PASS</b>
					</p>
					<pre class="pre-scrollable">WARNING: library RFCodes claims to run on esp8266 architecture(s) and may be incompatible with your current board which runs on esp32 architecture(s).
Sketch uses 208118 bytes (15%) of program storage space. Maximum is 1310720 bytes.
Global variables use 15056 bytes (4%) of dynamic memory, leaving 312624 bytes for local variables. Maximum is 327680 bytes.
</pre>
					
					<h4>examples/intertechno</h4>
					<p>
						Result: <b>PASS</b>
					</p>
					<pre class="pre-scrollable">WARNING: library RFCodes claims to run on esp8266 architecture(s) and may be incompatible with your current board which runs on esp32 architecture(s).
Sketch uses 213794 bytes (16%) of program storage space. Maximum is 1310720 bytes.
Global variables use 18376 bytes (5%) of dynamic memory, leaving 309304 bytes for local variables. Maximum is 327680 bytes.
</pre>
					
					<h4>examples/necIR</h4>
					<p>
						Result: <b>PASS</b>
					</p>
					<pre class="pre-scrollable">WARNING: library RFCodes claims to run on esp8266 architecture(s) and may be incompatible with your current board which runs on esp32 architecture(s).
Sketch uses 209326 bytes (15%) of program storage space. Maximum is 1310720 bytes.
Global variables use 15112 bytes (4%) of dynamic memory, leaving 312568 bytes for local variables. Maximum is 327680 bytes.
</pre>
					
					<h4>examples/scanner</h4>
					<p>
						Result: <b>PASS</b>
					</p>
					<pre class="pre-scrollable">Sketch uses 206126 bytes (15%) of program storage space. Maximum is 1310720 bytes.
Global variables use 13936 bytes (4%) of dynamic memory, leaving 313744 bytes for local variables. Maximum is 327680 bytes.
</pre>
					
					<h4>examples/testcodes</h4>
					<p>
						Result: <b>PASS</b>
					</p>
					<pre class="pre-scrollable">WARNING: library RFCodes claims to run on esp8266 architecture(s) and may be incompatible with your current board which runs on esp32 architecture(s).
Sketch uses 215782 bytes (16%) of program storage space. Maximum is 1310720 bytes.
Global variables use 21536 bytes (6%) of dynamic memory, leaving 306144 bytes for local variables. Maximum is 327680 bytes.
</pre>
					
				
			</div>
		</div>
	</div>
  </body>
</html>
