
<!doctype html>
<html lang="en">
  <head>
    <meta charset="utf-8">
    <meta name="viewport" content="width=device-width, initial-scale=1">
    <link href="https://cdn.jsdelivr.net/npm/bootstrap@5.0.2/dist/css/bootstrap.min.css" rel="stylesheet" integrity="sha384-EVSTQN3/azprG1Anm3QDgpJLIm9Nao0Yz1ztcQTwFspd3yD65VohhpuuCOmLASjC" crossorigin="anonymous">
    <title>arduino-testlib report</title>
	<style>
	.pass { background-color: #00FF00 !important; }
	.fail { background-color: #FF0000 !important; }
	</style>
  </head>
  <body>
	<div class="container">
		<div class="row">
			<div class="col">
				<h1>ros2arduino - compatibility matrix</h1>
				<p>
					<small>This report was generated on Wednesday, 23-Feb-22 22:48:15 CET using 
					<a href="https://github.com/alranel/arduino-testlib">arduino-testlib</a>.</small>
				</p>

				<h2>ros2arduino</h2>
				<p>
					Version: <b>0.2.1</b>
					<br />
					<a href="https://www.arduino.cc/reference/en/libraries/ros2arduino/">More details</a>
				</p>

				<h2>Compatibility matrix</h2>
				<table class="table table-bordered">
					<tr>
						<th>Board</th>
						<th>Claims compatibility</th>
						<th>Inclusion</th>
						
						<th><pre>publisher</pre></th>
						
						<th><pre>publisher_ethernet_tcp</pre></th>
						
						<th><pre>publisher_ethernet_udp</pre></th>
						
						<th><pre>publisher_wifi_tcp</pre></th>
						
						<th><pre>publisher_wifi_udp</pre></th>
						
						<th><pre>subscriber</pre></th>
						
					</tr>
					
					<tr>
						<td>
							<a href="#arduino%3aavr%3auno"><b>arduino:avr:uno</b></a>
							<br />
							<small>1.8.4</small>
						</td>

						
						
						
							<td>Yes ⚠️</td>
							<td class="fail">FAIL</td>
						
						

						
							
								
									
										
											
											<td class="fail">FAIL</td>
										
									
										
									
										
									
										
									
										
									
										
									
								
							
								
							
								
							
								
							
								
							
						
							
								
									
										
									
										
											
											<td class="fail">FAIL</td>
										
									
										
									
										
									
										
									
										
									
								
							
								
							
								
							
								
							
								
							
						
							
								
									
										
									
										
									
										
											
											<td class="fail">FAIL</td>
										
									
										
									
										
									
										
									
								
							
								
							
								
							
								
							
								
							
						
							
								
									
										
									
										
									
										
									
										
											
											<td class="fail">FAIL</td>
										
									
										
									
										
									
								
							
								
							
								
							
								
							
								
							
						
							
								
									
										
									
										
									
										
									
										
									
										
											
											<td class="fail">FAIL</td>
										
									
										
									
								
							
								
							
								
							
								
							
								
							
						
							
								
									
										
									
										
									
										
									
										
									
										
									
										
											
											<td class="fail">FAIL</td>
										
									
								
							
								
							
								
							
								
							
								
							
						
					</tr>
					
					<tr>
						<td>
							<a href="#arduino%3ambed_nano%3ananorp2040connect"><b>arduino:mbed_nano:nanorp2040connect</b></a>
							<br />
							<small>2.7.2</small>
						</td>

						
							<td>Yes</td>
							<td class="pass">PASS</td>
						
						
						
						

						
							
								
							
								
									
										
											<td class="pass">PASS</td>
											
										
									
										
									
										
									
										
									
										
									
										
									
								
							
								
							
								
							
								
							
						
							
								
							
								
									
										
									
										
											<td class="pass">PASS</td>
											
										
									
										
									
										
									
										
									
										
									
								
							
								
							
								
							
								
							
						
							
								
							
								
									
										
									
										
									
										
											<td class="pass">PASS</td>
											
										
									
										
									
										
									
										
									
								
							
								
							
								
							
								
							
						
							
								
							
								
									
										
									
										
									
										
									
										
											
											<td class="fail">FAIL</td>
										
									
										
									
										
									
								
							
								
							
								
							
								
							
						
							
								
							
								
									
										
									
										
									
										
									
										
									
										
											
											<td class="fail">FAIL</td>
										
									
										
									
								
							
								
							
								
							
								
							
						
							
								
							
								
									
										
									
										
									
										
									
										
									
										
									
										
											<td class="pass">PASS</td>
											
										
									
								
							
								
							
								
							
								
							
						
					</tr>
					
					<tr>
						<td>
							<a href="#arduino%3amegaavr%3anona4809"><b>arduino:megaavr:nona4809</b></a>
							<br />
							<small>1.8.7</small>
						</td>

						
						
						
							<td>Yes ⚠️</td>
							<td class="fail">FAIL</td>
						
						

						
							
								
							
								
							
								
									
										
											
											<td class="fail">FAIL</td>
										
									
										
									
										
									
										
									
										
									
										
									
								
							
								
							
								
							
						
							
								
							
								
							
								
									
										
									
										
											
											<td class="fail">FAIL</td>
										
									
										
									
										
									
										
									
										
									
								
							
								
							
								
							
						
							
								
							
								
							
								
									
										
									
										
									
										
											
											<td class="fail">FAIL</td>
										
									
										
									
										
									
										
									
								
							
								
							
								
							
						
							
								
							
								
							
								
									
										
									
										
									
										
									
										
											
											<td class="fail">FAIL</td>
										
									
										
									
										
									
								
							
								
							
								
							
						
							
								
							
								
							
								
									
										
									
										
									
										
									
										
									
										
											
											<td class="fail">FAIL</td>
										
									
										
									
								
							
								
							
								
							
						
							
								
							
								
							
								
									
										
									
										
									
										
									
										
									
										
									
										
											
											<td class="fail">FAIL</td>
										
									
								
							
								
							
								
							
						
					</tr>
					
					<tr>
						<td>
							<a href="#arduino%3asamd%3amkrwifi1010"><b>arduino:samd:mkrwifi1010</b></a>
							<br />
							<small>1.8.12</small>
						</td>

						
						
						
							<td>Yes ⚠️</td>
							<td class="fail">FAIL</td>
						
						

						
							
								
							
								
							
								
							
								
									
										
											
											<td class="fail">FAIL</td>
										
									
										
									
										
									
										
									
										
									
										
									
								
							
								
							
						
							
								
							
								
							
								
							
								
									
										
									
										
											
											<td class="fail">FAIL</td>
										
									
										
									
										
									
										
									
										
									
								
							
								
							
						
							
								
							
								
							
								
							
								
									
										
									
										
									
										
											
											<td class="fail">FAIL</td>
										
									
										
									
										
									
										
									
								
							
								
							
						
							
								
							
								
							
								
							
								
									
										
									
										
									
										
									
										
											
											<td class="fail">FAIL</td>
										
									
										
									
										
									
								
							
								
							
						
							
								
							
								
							
								
							
								
									
										
									
										
									
										
									
										
									
										
											
											<td class="fail">FAIL</td>
										
									
										
									
								
							
								
							
						
							
								
							
								
							
								
							
								
									
										
									
										
									
										
									
										
									
										
									
										
											
											<td class="fail">FAIL</td>
										
									
								
							
								
							
						
					</tr>
					
					<tr>
						<td>
							<a href="#esp32%3aesp32%3ad1_mini32"><b>esp32:esp32:d1_mini32</b></a>
							<br />
							<small>1.0.6</small>
						</td>

						
							<td>Yes</td>
							<td class="pass">PASS</td>
						
						
						
						

						
							
								
							
								
							
								
							
								
							
								
									
										
											<td class="pass">PASS</td>
											
										
									
										
									
										
									
										
									
										
									
										
									
								
							
						
							
								
							
								
							
								
							
								
							
								
									
										
									
										
											<td class="pass">PASS</td>
											
										
									
										
									
										
									
										
									
										
									
								
							
						
							
								
							
								
							
								
							
								
							
								
									
										
									
										
									
										
											<td class="pass">PASS</td>
											
										
									
										
									
										
									
										
									
								
							
						
							
								
							
								
							
								
							
								
							
								
									
										
									
										
									
										
									
										
											<td class="pass">PASS</td>
											
										
									
										
									
										
									
								
							
						
							
								
							
								
							
								
							
								
							
								
									
										
									
										
									
										
									
										
									
										
											<td class="pass">PASS</td>
											
										
									
										
									
								
							
						
							
								
							
								
							
								
							
								
							
								
									
										
									
										
									
										
									
										
									
										
									
										
											<td class="pass">PASS</td>
											
										
									
								
							
						
					</tr>
					
				</table>

				<h2>Compilation logs</h2>
				
				<h3 id="arduino:avr:uno">arduino:avr:uno @ 1.8.4</h3>
				<h4>Inclusion</h4>
				<p>
					Result: <b>FAIL</b>
					
				</p>
				<pre class="pre-scrollable">In file included from /home/ec2-user/arduino-testlib/cli-datadir/user/libraries/ros2arduino/src/uxr/client/core/type/xrce_types.h:1:0,
                 from /home/ec2-user/arduino-testlib/cli-datadir/user/libraries/ros2arduino/src/ros2/xrcedds/micro_xrce_dds/lib/include/uxr/client/core/session/session.h:25,
                 from /home/ec2-user/arduino-testlib/cli-datadir/user/libraries/ros2arduino/src/uxr/client/core/session/session.h:1,
                 from /home/ec2-user/arduino-testlib/cli-datadir/user/libraries/ros2arduino/src/ros2/xrcedds/micro_xrce_dds/lib/include/uxr/client/client.h:24,
                 from /home/ec2-user/arduino-testlib/cli-datadir/user/libraries/ros2arduino/src/uxr/client/client.h:1,
                 from /home/ec2-user/arduino-testlib/cli-datadir/user/libraries/ros2arduino/src/ros2/xrcedds/micro_xrce_dds/micro_xrce_dds.h:18,
                 from /home/ec2-user/arduino-testlib/cli-datadir/user/libraries/ros2arduino/src/ros2/xrcedds/xrcedds.hpp:12,
                 from /home/ec2-user/arduino-testlib/cli-datadir/user/libraries/ros2arduino/src/ros2/publisher.hpp:12,
                 from /home/ec2-user/arduino-testlib/cli-datadir/user/libraries/ros2arduino/src/ros2/ros2.hpp:12,
                 from /home/ec2-user/arduino-testlib/cli-datadir/user/libraries/ros2arduino/src/ros2arduino.h:15,
                 from /tmp/arduino-testlib1969559060/test/test.ino:1:
/home/ec2-user/arduino-testlib/cli-datadir/user/libraries/ros2arduino/src/ros2/xrcedds/micro_xrce_dds/lib/include/uxr/client/core/type/xrce_types.h:819:55: error: size of array &#39;data&#39; is too large
     PackedSamples data[UXR_PACKED_SAMPLES_SEQUENCE_MAX];
                                                       ^

</pre>

					
					<h4>examples/publisher</h4>
					<p>
						Result: <b>FAIL</b>
					</p>
					<pre class="pre-scrollable">In file included from /home/ec2-user/arduino-testlib/cli-datadir/user/libraries/ros2arduino/src/uxr/client/core/type/xrce_types.h:1:0,
                 from /home/ec2-user/arduino-testlib/cli-datadir/user/libraries/ros2arduino/src/ros2/xrcedds/micro_xrce_dds/lib/include/uxr/client/core/session/session.h:25,
                 from /home/ec2-user/arduino-testlib/cli-datadir/user/libraries/ros2arduino/src/uxr/client/core/session/session.h:1,
                 from /home/ec2-user/arduino-testlib/cli-datadir/user/libraries/ros2arduino/src/ros2/xrcedds/micro_xrce_dds/lib/include/uxr/client/client.h:24,
                 from /home/ec2-user/arduino-testlib/cli-datadir/user/libraries/ros2arduino/src/uxr/client/client.h:1,
                 from /home/ec2-user/arduino-testlib/cli-datadir/user/libraries/ros2arduino/src/ros2/xrcedds/micro_xrce_dds/micro_xrce_dds.h:18,
                 from /home/ec2-user/arduino-testlib/cli-datadir/user/libraries/ros2arduino/src/ros2/xrcedds/xrcedds.hpp:12,
                 from /home/ec2-user/arduino-testlib/cli-datadir/user/libraries/ros2arduino/src/ros2/publisher.hpp:12,
                 from /home/ec2-user/arduino-testlib/cli-datadir/user/libraries/ros2arduino/src/ros2/ros2.hpp:12,
                 from /home/ec2-user/arduino-testlib/cli-datadir/user/libraries/ros2arduino/src/ros2arduino.h:15,
                 from /home/ec2-user/arduino-testlib/cli-datadir/user/libraries/ros2arduino/examples/publisher/publisher.ino:2:
/home/ec2-user/arduino-testlib/cli-datadir/user/libraries/ros2arduino/src/ros2/xrcedds/micro_xrce_dds/lib/include/uxr/client/core/type/xrce_types.h:819:55: error: size of array &#39;data&#39; is too large
     PackedSamples data[UXR_PACKED_SAMPLES_SEQUENCE_MAX];
                                                       ^

</pre>
					
					<h4>examples/publisher_ethernet_tcp</h4>
					<p>
						Result: <b>FAIL</b>
					</p>
					<pre class="pre-scrollable">In file included from /home/ec2-user/arduino-testlib/cli-datadir/user/libraries/ros2arduino/src/uxr/client/core/type/xrce_types.h:1:0,
                 from /home/ec2-user/arduino-testlib/cli-datadir/user/libraries/ros2arduino/src/ros2/xrcedds/micro_xrce_dds/lib/include/uxr/client/core/session/session.h:25,
                 from /home/ec2-user/arduino-testlib/cli-datadir/user/libraries/ros2arduino/src/uxr/client/core/session/session.h:1,
                 from /home/ec2-user/arduino-testlib/cli-datadir/user/libraries/ros2arduino/src/ros2/xrcedds/micro_xrce_dds/lib/include/uxr/client/client.h:24,
                 from /home/ec2-user/arduino-testlib/cli-datadir/user/libraries/ros2arduino/src/uxr/client/client.h:1,
                 from /home/ec2-user/arduino-testlib/cli-datadir/user/libraries/ros2arduino/src/ros2/xrcedds/micro_xrce_dds/micro_xrce_dds.h:18,
                 from /home/ec2-user/arduino-testlib/cli-datadir/user/libraries/ros2arduino/src/ros2/xrcedds/xrcedds.hpp:12,
                 from /home/ec2-user/arduino-testlib/cli-datadir/user/libraries/ros2arduino/src/ros2/publisher.hpp:12,
                 from /home/ec2-user/arduino-testlib/cli-datadir/user/libraries/ros2arduino/src/ros2/ros2.hpp:12,
                 from /home/ec2-user/arduino-testlib/cli-datadir/user/libraries/ros2arduino/src/ros2arduino.h:15,
                 from /home/ec2-user/arduino-testlib/cli-datadir/user/libraries/ros2arduino/examples/publisher_ethernet_tcp/publisher_ethernet_tcp.ino:1:
/home/ec2-user/arduino-testlib/cli-datadir/user/libraries/ros2arduino/src/ros2/xrcedds/micro_xrce_dds/lib/include/uxr/client/core/type/xrce_types.h:819:55: error: size of array &#39;data&#39; is too large
     PackedSamples data[UXR_PACKED_SAMPLES_SEQUENCE_MAX];
                                                       ^
Multiple libraries were found for &#34;Ethernet.h&#34;
  Used: /home/ec2-user/arduino-testlib/cli-datadir/user/libraries/Ethernet
  Not used: /home/ec2-user/arduino-testlib/cli-datadir/user/libraries/EthernetENC
  Not used: /home/ec2-user/arduino-testlib/cli-datadir/user/libraries/UIPEthernet
</pre>
					
					<h4>examples/publisher_ethernet_udp</h4>
					<p>
						Result: <b>FAIL</b>
					</p>
					<pre class="pre-scrollable">In file included from /home/ec2-user/arduino-testlib/cli-datadir/user/libraries/ros2arduino/src/uxr/client/core/type/xrce_types.h:1:0,
                 from /home/ec2-user/arduino-testlib/cli-datadir/user/libraries/ros2arduino/src/ros2/xrcedds/micro_xrce_dds/lib/include/uxr/client/core/session/session.h:25,
                 from /home/ec2-user/arduino-testlib/cli-datadir/user/libraries/ros2arduino/src/uxr/client/core/session/session.h:1,
                 from /home/ec2-user/arduino-testlib/cli-datadir/user/libraries/ros2arduino/src/ros2/xrcedds/micro_xrce_dds/lib/include/uxr/client/client.h:24,
                 from /home/ec2-user/arduino-testlib/cli-datadir/user/libraries/ros2arduino/src/uxr/client/client.h:1,
                 from /home/ec2-user/arduino-testlib/cli-datadir/user/libraries/ros2arduino/src/ros2/xrcedds/micro_xrce_dds/micro_xrce_dds.h:18,
                 from /home/ec2-user/arduino-testlib/cli-datadir/user/libraries/ros2arduino/src/ros2/xrcedds/xrcedds.hpp:12,
                 from /home/ec2-user/arduino-testlib/cli-datadir/user/libraries/ros2arduino/src/ros2/publisher.hpp:12,
                 from /home/ec2-user/arduino-testlib/cli-datadir/user/libraries/ros2arduino/src/ros2/ros2.hpp:12,
                 from /home/ec2-user/arduino-testlib/cli-datadir/user/libraries/ros2arduino/src/ros2arduino.h:15,
                 from /home/ec2-user/arduino-testlib/cli-datadir/user/libraries/ros2arduino/examples/publisher_ethernet_udp/publisher_ethernet_udp.ino:1:
/home/ec2-user/arduino-testlib/cli-datadir/user/libraries/ros2arduino/src/ros2/xrcedds/micro_xrce_dds/lib/include/uxr/client/core/type/xrce_types.h:819:55: error: size of array &#39;data&#39; is too large
     PackedSamples data[UXR_PACKED_SAMPLES_SEQUENCE_MAX];
                                                       ^
Multiple libraries were found for &#34;Ethernet.h&#34;
  Used: /home/ec2-user/arduino-testlib/cli-datadir/user/libraries/Ethernet
  Not used: /home/ec2-user/arduino-testlib/cli-datadir/user/libraries/EthernetENC
  Not used: /home/ec2-user/arduino-testlib/cli-datadir/user/libraries/UIPEthernet
</pre>
					
					<h4>examples/publisher_wifi_tcp</h4>
					<p>
						Result: <b>FAIL</b>
					</p>
					<pre class="pre-scrollable">In file included from /home/ec2-user/arduino-testlib/cli-datadir/user/libraries/ros2arduino/src/uxr/client/core/type/xrce_types.h:1:0,
                 from /home/ec2-user/arduino-testlib/cli-datadir/user/libraries/ros2arduino/src/ros2/xrcedds/micro_xrce_dds/lib/include/uxr/client/core/session/session.h:25,
                 from /home/ec2-user/arduino-testlib/cli-datadir/user/libraries/ros2arduino/src/uxr/client/core/session/session.h:1,
                 from /home/ec2-user/arduino-testlib/cli-datadir/user/libraries/ros2arduino/src/ros2/xrcedds/micro_xrce_dds/lib/include/uxr/client/client.h:24,
                 from /home/ec2-user/arduino-testlib/cli-datadir/user/libraries/ros2arduino/src/uxr/client/client.h:1,
                 from /home/ec2-user/arduino-testlib/cli-datadir/user/libraries/ros2arduino/src/ros2/xrcedds/micro_xrce_dds/micro_xrce_dds.h:18,
                 from /home/ec2-user/arduino-testlib/cli-datadir/user/libraries/ros2arduino/src/ros2/xrcedds/xrcedds.hpp:12,
                 from /home/ec2-user/arduino-testlib/cli-datadir/user/libraries/ros2arduino/src/ros2/publisher.hpp:12,
                 from /home/ec2-user/arduino-testlib/cli-datadir/user/libraries/ros2arduino/src/ros2/ros2.hpp:12,
                 from /home/ec2-user/arduino-testlib/cli-datadir/user/libraries/ros2arduino/src/ros2arduino.h:15,
                 from /home/ec2-user/arduino-testlib/cli-datadir/user/libraries/ros2arduino/examples/publisher_wifi_tcp/publisher_wifi_tcp.ino:1:
/home/ec2-user/arduino-testlib/cli-datadir/user/libraries/ros2arduino/src/ros2/xrcedds/micro_xrce_dds/lib/include/uxr/client/core/type/xrce_types.h:819:55: error: size of array &#39;data&#39; is too large
     PackedSamples data[UXR_PACKED_SAMPLES_SEQUENCE_MAX];
                                                       ^
Multiple libraries were found for &#34;WiFi.h&#34;
  Used: /home/ec2-user/arduino-testlib/cli-datadir/user/libraries/WiFi
  Not used: /home/ec2-user/arduino-testlib/cli-datadir/user/libraries/WiFiEspAT
  Not used: /home/ec2-user/arduino-testlib/cli-datadir/user/libraries/Seeed_Arduino_rpcWiFi
  Not used: /home/ec2-user/arduino-testlib/cli-datadir/user/libraries/WiFiNINA
</pre>
					
					<h4>examples/publisher_wifi_udp</h4>
					<p>
						Result: <b>FAIL</b>
					</p>
					<pre class="pre-scrollable">In file included from /home/ec2-user/arduino-testlib/cli-datadir/user/libraries/ros2arduino/src/uxr/client/core/type/xrce_types.h:1:0,
                 from /home/ec2-user/arduino-testlib/cli-datadir/user/libraries/ros2arduino/src/ros2/xrcedds/micro_xrce_dds/lib/include/uxr/client/core/session/session.h:25,
                 from /home/ec2-user/arduino-testlib/cli-datadir/user/libraries/ros2arduino/src/uxr/client/core/session/session.h:1,
                 from /home/ec2-user/arduino-testlib/cli-datadir/user/libraries/ros2arduino/src/ros2/xrcedds/micro_xrce_dds/lib/include/uxr/client/client.h:24,
                 from /home/ec2-user/arduino-testlib/cli-datadir/user/libraries/ros2arduino/src/uxr/client/client.h:1,
                 from /home/ec2-user/arduino-testlib/cli-datadir/user/libraries/ros2arduino/src/ros2/xrcedds/micro_xrce_dds/micro_xrce_dds.h:18,
                 from /home/ec2-user/arduino-testlib/cli-datadir/user/libraries/ros2arduino/src/ros2/xrcedds/xrcedds.hpp:12,
                 from /home/ec2-user/arduino-testlib/cli-datadir/user/libraries/ros2arduino/src/ros2/publisher.hpp:12,
                 from /home/ec2-user/arduino-testlib/cli-datadir/user/libraries/ros2arduino/src/ros2/ros2.hpp:12,
                 from /home/ec2-user/arduino-testlib/cli-datadir/user/libraries/ros2arduino/src/ros2arduino.h:15,
                 from /home/ec2-user/arduino-testlib/cli-datadir/user/libraries/ros2arduino/examples/publisher_wifi_udp/publisher_wifi_udp.ino:1:
/home/ec2-user/arduino-testlib/cli-datadir/user/libraries/ros2arduino/src/ros2/xrcedds/micro_xrce_dds/lib/include/uxr/client/core/type/xrce_types.h:819:55: error: size of array &#39;data&#39; is too large
     PackedSamples data[UXR_PACKED_SAMPLES_SEQUENCE_MAX];
                                                       ^
Multiple libraries were found for &#34;WiFi.h&#34;
  Used: /home/ec2-user/arduino-testlib/cli-datadir/user/libraries/WiFi
  Not used: /home/ec2-user/arduino-testlib/cli-datadir/user/libraries/WiFiNINA
  Not used: /home/ec2-user/arduino-testlib/cli-datadir/user/libraries/Seeed_Arduino_rpcWiFi
  Not used: /home/ec2-user/arduino-testlib/cli-datadir/user/libraries/WiFiEspAT
</pre>
					
					<h4>examples/subscriber</h4>
					<p>
						Result: <b>FAIL</b>
					</p>
					<pre class="pre-scrollable">In file included from /home/ec2-user/arduino-testlib/cli-datadir/user/libraries/ros2arduino/src/uxr/client/core/type/xrce_types.h:1:0,
                 from /home/ec2-user/arduino-testlib/cli-datadir/user/libraries/ros2arduino/src/ros2/xrcedds/micro_xrce_dds/lib/include/uxr/client/core/session/session.h:25,
                 from /home/ec2-user/arduino-testlib/cli-datadir/user/libraries/ros2arduino/src/uxr/client/core/session/session.h:1,
                 from /home/ec2-user/arduino-testlib/cli-datadir/user/libraries/ros2arduino/src/ros2/xrcedds/micro_xrce_dds/lib/include/uxr/client/client.h:24,
                 from /home/ec2-user/arduino-testlib/cli-datadir/user/libraries/ros2arduino/src/uxr/client/client.h:1,
                 from /home/ec2-user/arduino-testlib/cli-datadir/user/libraries/ros2arduino/src/ros2/xrcedds/micro_xrce_dds/micro_xrce_dds.h:18,
                 from /home/ec2-user/arduino-testlib/cli-datadir/user/libraries/ros2arduino/src/ros2/xrcedds/xrcedds.hpp:12,
                 from /home/ec2-user/arduino-testlib/cli-datadir/user/libraries/ros2arduino/src/ros2/publisher.hpp:12,
                 from /home/ec2-user/arduino-testlib/cli-datadir/user/libraries/ros2arduino/src/ros2/ros2.hpp:12,
                 from /home/ec2-user/arduino-testlib/cli-datadir/user/libraries/ros2arduino/src/ros2arduino.h:15,
                 from /home/ec2-user/arduino-testlib/cli-datadir/user/libraries/ros2arduino/examples/subscriber/subscriber.ino:1:
/home/ec2-user/arduino-testlib/cli-datadir/user/libraries/ros2arduino/src/ros2/xrcedds/micro_xrce_dds/lib/include/uxr/client/core/type/xrce_types.h:819:55: error: size of array &#39;data&#39; is too large
     PackedSamples data[UXR_PACKED_SAMPLES_SEQUENCE_MAX];
                                                       ^

</pre>
					
				
				<h3 id="arduino:mbed_nano:nanorp2040connect">arduino:mbed_nano:nanorp2040connect @ 2.7.2</h3>
				<h4>Inclusion</h4>
				<p>
					Result: <b>PASS</b>
					
				</p>
				<pre class="pre-scrollable">Sketch uses 79426 bytes (0%) of program storage space. Maximum is 16777216 bytes.
Global variables use 43472 bytes (16%) of dynamic memory, leaving 226864 bytes for local variables. Maximum is 270336 bytes.
</pre>

					
					<h4>examples/publisher</h4>
					<p>
						Result: <b>PASS</b>
					</p>
					<pre class="pre-scrollable">Sketch uses 94992 bytes (0%) of program storage space. Maximum is 16777216 bytes.
Global variables use 66604 bytes (24%) of dynamic memory, leaving 203732 bytes for local variables. Maximum is 270336 bytes.
</pre>
					
					<h4>examples/publisher_ethernet_tcp</h4>
					<p>
						Result: <b>PASS</b>
					</p>
					<pre class="pre-scrollable">Sketch uses 105708 bytes (0%) of program storage space. Maximum is 16777216 bytes.
Global variables use 67024 bytes (24%) of dynamic memory, leaving 203312 bytes for local variables. Maximum is 270336 bytes.
</pre>
					
					<h4>examples/publisher_ethernet_udp</h4>
					<p>
						Result: <b>PASS</b>
					</p>
					<pre class="pre-scrollable">Sketch uses 104304 bytes (0%) of program storage space. Maximum is 16777216 bytes.
Global variables use 67040 bytes (24%) of dynamic memory, leaving 203296 bytes for local variables. Maximum is 270336 bytes.
</pre>
					
					<h4>examples/publisher_wifi_tcp</h4>
					<p>
						Result: <b>FAIL</b>
					</p>
					<pre class="pre-scrollable">Multiple libraries were found for &#34;WiFi.h&#34;
  Used: /home/ec2-user/arduino-testlib/cli-datadir/user/libraries/WiFi
  Not used: /home/ec2-user/arduino-testlib/cli-datadir/user/libraries/WiFiNINA
  Not used: /home/ec2-user/arduino-testlib/cli-datadir/user/libraries/Seeed_Arduino_rpcWiFi
  Not used: /home/ec2-user/arduino-testlib/cli-datadir/user/libraries/WiFiEspAT
</pre>
					
					<h4>examples/publisher_wifi_udp</h4>
					<p>
						Result: <b>FAIL</b>
					</p>
					<pre class="pre-scrollable">Multiple libraries were found for &#34;WiFi.h&#34;
  Used: /home/ec2-user/arduino-testlib/cli-datadir/user/libraries/WiFi
  Not used: /home/ec2-user/arduino-testlib/cli-datadir/user/libraries/Seeed_Arduino_rpcWiFi
  Not used: /home/ec2-user/arduino-testlib/cli-datadir/user/libraries/WiFiEspAT
  Not used: /home/ec2-user/arduino-testlib/cli-datadir/user/libraries/WiFiNINA
</pre>
					
					<h4>examples/subscriber</h4>
					<p>
						Result: <b>PASS</b>
					</p>
					<pre class="pre-scrollable">Sketch uses 95276 bytes (0%) of program storage space. Maximum is 16777216 bytes.
Global variables use 66600 bytes (24%) of dynamic memory, leaving 203736 bytes for local variables. Maximum is 270336 bytes.
</pre>
					
				
				<h3 id="arduino:megaavr:nona4809">arduino:megaavr:nona4809 @ 1.8.7</h3>
				<h4>Inclusion</h4>
				<p>
					Result: <b>FAIL</b>
					
				</p>
				<pre class="pre-scrollable">In file included from /home/ec2-user/arduino-testlib/cli-datadir/user/libraries/ros2arduino/src/uxr/client/core/type/xrce_types.h:1:0,
                 from /home/ec2-user/arduino-testlib/cli-datadir/user/libraries/ros2arduino/src/ros2/xrcedds/micro_xrce_dds/lib/include/uxr/client/core/session/session.h:25,
                 from /home/ec2-user/arduino-testlib/cli-datadir/user/libraries/ros2arduino/src/uxr/client/core/session/session.h:1,
                 from /home/ec2-user/arduino-testlib/cli-datadir/user/libraries/ros2arduino/src/ros2/xrcedds/micro_xrce_dds/lib/include/uxr/client/client.h:24,
                 from /home/ec2-user/arduino-testlib/cli-datadir/user/libraries/ros2arduino/src/uxr/client/client.h:1,
                 from /home/ec2-user/arduino-testlib/cli-datadir/user/libraries/ros2arduino/src/ros2/xrcedds/micro_xrce_dds/micro_xrce_dds.h:18,
                 from /home/ec2-user/arduino-testlib/cli-datadir/user/libraries/ros2arduino/src/ros2/xrcedds/xrcedds.hpp:12,
                 from /home/ec2-user/arduino-testlib/cli-datadir/user/libraries/ros2arduino/src/ros2/publisher.hpp:12,
                 from /home/ec2-user/arduino-testlib/cli-datadir/user/libraries/ros2arduino/src/ros2/ros2.hpp:12,
                 from /home/ec2-user/arduino-testlib/cli-datadir/user/libraries/ros2arduino/src/ros2arduino.h:15,
                 from /tmp/arduino-testlib1969559060/test/test.ino:1:
/home/ec2-user/arduino-testlib/cli-datadir/user/libraries/ros2arduino/src/ros2/xrcedds/micro_xrce_dds/lib/include/uxr/client/core/type/xrce_types.h:819:55: error: size of array &#39;data&#39; is too large
     PackedSamples data[UXR_PACKED_SAMPLES_SEQUENCE_MAX];
                                                       ^

</pre>

					
					<h4>examples/publisher</h4>
					<p>
						Result: <b>FAIL</b>
					</p>
					<pre class="pre-scrollable">In file included from /home/ec2-user/arduino-testlib/cli-datadir/user/libraries/ros2arduino/src/uxr/client/core/type/xrce_types.h:1:0,
                 from /home/ec2-user/arduino-testlib/cli-datadir/user/libraries/ros2arduino/src/ros2/xrcedds/micro_xrce_dds/lib/include/uxr/client/core/session/session.h:25,
                 from /home/ec2-user/arduino-testlib/cli-datadir/user/libraries/ros2arduino/src/uxr/client/core/session/session.h:1,
                 from /home/ec2-user/arduino-testlib/cli-datadir/user/libraries/ros2arduino/src/ros2/xrcedds/micro_xrce_dds/lib/include/uxr/client/client.h:24,
                 from /home/ec2-user/arduino-testlib/cli-datadir/user/libraries/ros2arduino/src/uxr/client/client.h:1,
                 from /home/ec2-user/arduino-testlib/cli-datadir/user/libraries/ros2arduino/src/ros2/xrcedds/micro_xrce_dds/micro_xrce_dds.h:18,
                 from /home/ec2-user/arduino-testlib/cli-datadir/user/libraries/ros2arduino/src/ros2/xrcedds/xrcedds.hpp:12,
                 from /home/ec2-user/arduino-testlib/cli-datadir/user/libraries/ros2arduino/src/ros2/publisher.hpp:12,
                 from /home/ec2-user/arduino-testlib/cli-datadir/user/libraries/ros2arduino/src/ros2/ros2.hpp:12,
                 from /home/ec2-user/arduino-testlib/cli-datadir/user/libraries/ros2arduino/src/ros2arduino.h:15,
                 from /home/ec2-user/arduino-testlib/cli-datadir/user/libraries/ros2arduino/examples/publisher/publisher.ino:2:
/home/ec2-user/arduino-testlib/cli-datadir/user/libraries/ros2arduino/src/ros2/xrcedds/micro_xrce_dds/lib/include/uxr/client/core/type/xrce_types.h:819:55: error: size of array &#39;data&#39; is too large
     PackedSamples data[UXR_PACKED_SAMPLES_SEQUENCE_MAX];
                                                       ^

</pre>
					
					<h4>examples/publisher_ethernet_tcp</h4>
					<p>
						Result: <b>FAIL</b>
					</p>
					<pre class="pre-scrollable">In file included from /home/ec2-user/arduino-testlib/cli-datadir/user/libraries/ros2arduino/src/uxr/client/core/type/xrce_types.h:1:0,
                 from /home/ec2-user/arduino-testlib/cli-datadir/user/libraries/ros2arduino/src/ros2/xrcedds/micro_xrce_dds/lib/include/uxr/client/core/session/session.h:25,
                 from /home/ec2-user/arduino-testlib/cli-datadir/user/libraries/ros2arduino/src/uxr/client/core/session/session.h:1,
                 from /home/ec2-user/arduino-testlib/cli-datadir/user/libraries/ros2arduino/src/ros2/xrcedds/micro_xrce_dds/lib/include/uxr/client/client.h:24,
                 from /home/ec2-user/arduino-testlib/cli-datadir/user/libraries/ros2arduino/src/uxr/client/client.h:1,
                 from /home/ec2-user/arduino-testlib/cli-datadir/user/libraries/ros2arduino/src/ros2/xrcedds/micro_xrce_dds/micro_xrce_dds.h:18,
                 from /home/ec2-user/arduino-testlib/cli-datadir/user/libraries/ros2arduino/src/ros2/xrcedds/xrcedds.hpp:12,
                 from /home/ec2-user/arduino-testlib/cli-datadir/user/libraries/ros2arduino/src/ros2/publisher.hpp:12,
                 from /home/ec2-user/arduino-testlib/cli-datadir/user/libraries/ros2arduino/src/ros2/ros2.hpp:12,
                 from /home/ec2-user/arduino-testlib/cli-datadir/user/libraries/ros2arduino/src/ros2arduino.h:15,
                 from /home/ec2-user/arduino-testlib/cli-datadir/user/libraries/ros2arduino/examples/publisher_ethernet_tcp/publisher_ethernet_tcp.ino:1:
/home/ec2-user/arduino-testlib/cli-datadir/user/libraries/ros2arduino/src/ros2/xrcedds/micro_xrce_dds/lib/include/uxr/client/core/type/xrce_types.h:819:55: error: size of array &#39;data&#39; is too large
     PackedSamples data[UXR_PACKED_SAMPLES_SEQUENCE_MAX];
                                                       ^
Multiple libraries were found for &#34;Ethernet.h&#34;
  Used: /home/ec2-user/arduino-testlib/cli-datadir/user/libraries/Ethernet
  Not used: /home/ec2-user/arduino-testlib/cli-datadir/user/libraries/EthernetENC
  Not used: /home/ec2-user/arduino-testlib/cli-datadir/user/libraries/UIPEthernet
</pre>
					
					<h4>examples/publisher_ethernet_udp</h4>
					<p>
						Result: <b>FAIL</b>
					</p>
					<pre class="pre-scrollable">In file included from /home/ec2-user/arduino-testlib/cli-datadir/user/libraries/ros2arduino/src/uxr/client/core/type/xrce_types.h:1:0,
                 from /home/ec2-user/arduino-testlib/cli-datadir/user/libraries/ros2arduino/src/ros2/xrcedds/micro_xrce_dds/lib/include/uxr/client/core/session/session.h:25,
                 from /home/ec2-user/arduino-testlib/cli-datadir/user/libraries/ros2arduino/src/uxr/client/core/session/session.h:1,
                 from /home/ec2-user/arduino-testlib/cli-datadir/user/libraries/ros2arduino/src/ros2/xrcedds/micro_xrce_dds/lib/include/uxr/client/client.h:24,
                 from /home/ec2-user/arduino-testlib/cli-datadir/user/libraries/ros2arduino/src/uxr/client/client.h:1,
                 from /home/ec2-user/arduino-testlib/cli-datadir/user/libraries/ros2arduino/src/ros2/xrcedds/micro_xrce_dds/micro_xrce_dds.h:18,
                 from /home/ec2-user/arduino-testlib/cli-datadir/user/libraries/ros2arduino/src/ros2/xrcedds/xrcedds.hpp:12,
                 from /home/ec2-user/arduino-testlib/cli-datadir/user/libraries/ros2arduino/src/ros2/publisher.hpp:12,
                 from /home/ec2-user/arduino-testlib/cli-datadir/user/libraries/ros2arduino/src/ros2/ros2.hpp:12,
                 from /home/ec2-user/arduino-testlib/cli-datadir/user/libraries/ros2arduino/src/ros2arduino.h:15,
                 from /home/ec2-user/arduino-testlib/cli-datadir/user/libraries/ros2arduino/examples/publisher_ethernet_udp/publisher_ethernet_udp.ino:1:
/home/ec2-user/arduino-testlib/cli-datadir/user/libraries/ros2arduino/src/ros2/xrcedds/micro_xrce_dds/lib/include/uxr/client/core/type/xrce_types.h:819:55: error: size of array &#39;data&#39; is too large
     PackedSamples data[UXR_PACKED_SAMPLES_SEQUENCE_MAX];
                                                       ^
Multiple libraries were found for &#34;Ethernet.h&#34;
  Used: /home/ec2-user/arduino-testlib/cli-datadir/user/libraries/Ethernet
  Not used: /home/ec2-user/arduino-testlib/cli-datadir/user/libraries/UIPEthernet
  Not used: /home/ec2-user/arduino-testlib/cli-datadir/user/libraries/EthernetENC
</pre>
					
					<h4>examples/publisher_wifi_tcp</h4>
					<p>
						Result: <b>FAIL</b>
					</p>
					<pre class="pre-scrollable">In file included from /home/ec2-user/arduino-testlib/cli-datadir/user/libraries/ros2arduino/src/uxr/client/core/type/xrce_types.h:1:0,
                 from /home/ec2-user/arduino-testlib/cli-datadir/user/libraries/ros2arduino/src/ros2/xrcedds/micro_xrce_dds/lib/include/uxr/client/core/session/session.h:25,
                 from /home/ec2-user/arduino-testlib/cli-datadir/user/libraries/ros2arduino/src/uxr/client/core/session/session.h:1,
                 from /home/ec2-user/arduino-testlib/cli-datadir/user/libraries/ros2arduino/src/ros2/xrcedds/micro_xrce_dds/lib/include/uxr/client/client.h:24,
                 from /home/ec2-user/arduino-testlib/cli-datadir/user/libraries/ros2arduino/src/uxr/client/client.h:1,
                 from /home/ec2-user/arduino-testlib/cli-datadir/user/libraries/ros2arduino/src/ros2/xrcedds/micro_xrce_dds/micro_xrce_dds.h:18,
                 from /home/ec2-user/arduino-testlib/cli-datadir/user/libraries/ros2arduino/src/ros2/xrcedds/xrcedds.hpp:12,
                 from /home/ec2-user/arduino-testlib/cli-datadir/user/libraries/ros2arduino/src/ros2/publisher.hpp:12,
                 from /home/ec2-user/arduino-testlib/cli-datadir/user/libraries/ros2arduino/src/ros2/ros2.hpp:12,
                 from /home/ec2-user/arduino-testlib/cli-datadir/user/libraries/ros2arduino/src/ros2arduino.h:15,
                 from /home/ec2-user/arduino-testlib/cli-datadir/user/libraries/ros2arduino/examples/publisher_wifi_tcp/publisher_wifi_tcp.ino:1:
/home/ec2-user/arduino-testlib/cli-datadir/user/libraries/ros2arduino/src/ros2/xrcedds/micro_xrce_dds/lib/include/uxr/client/core/type/xrce_types.h:819:55: error: size of array &#39;data&#39; is too large
     PackedSamples data[UXR_PACKED_SAMPLES_SEQUENCE_MAX];
                                                       ^
Multiple libraries were found for &#34;WiFi.h&#34;
  Used: /home/ec2-user/arduino-testlib/cli-datadir/user/libraries/WiFi
  Not used: /home/ec2-user/arduino-testlib/cli-datadir/user/libraries/WiFiNINA
  Not used: /home/ec2-user/arduino-testlib/cli-datadir/user/libraries/Seeed_Arduino_rpcWiFi
  Not used: /home/ec2-user/arduino-testlib/cli-datadir/user/libraries/WiFiEspAT
</pre>
					
					<h4>examples/publisher_wifi_udp</h4>
					<p>
						Result: <b>FAIL</b>
					</p>
					<pre class="pre-scrollable">In file included from /home/ec2-user/arduino-testlib/cli-datadir/user/libraries/ros2arduino/src/uxr/client/core/type/xrce_types.h:1:0,
                 from /home/ec2-user/arduino-testlib/cli-datadir/user/libraries/ros2arduino/src/ros2/xrcedds/micro_xrce_dds/lib/include/uxr/client/core/session/session.h:25,
                 from /home/ec2-user/arduino-testlib/cli-datadir/user/libraries/ros2arduino/src/uxr/client/core/session/session.h:1,
                 from /home/ec2-user/arduino-testlib/cli-datadir/user/libraries/ros2arduino/src/ros2/xrcedds/micro_xrce_dds/lib/include/uxr/client/client.h:24,
                 from /home/ec2-user/arduino-testlib/cli-datadir/user/libraries/ros2arduino/src/uxr/client/client.h:1,
                 from /home/ec2-user/arduino-testlib/cli-datadir/user/libraries/ros2arduino/src/ros2/xrcedds/micro_xrce_dds/micro_xrce_dds.h:18,
                 from /home/ec2-user/arduino-testlib/cli-datadir/user/libraries/ros2arduino/src/ros2/xrcedds/xrcedds.hpp:12,
                 from /home/ec2-user/arduino-testlib/cli-datadir/user/libraries/ros2arduino/src/ros2/publisher.hpp:12,
                 from /home/ec2-user/arduino-testlib/cli-datadir/user/libraries/ros2arduino/src/ros2/ros2.hpp:12,
                 from /home/ec2-user/arduino-testlib/cli-datadir/user/libraries/ros2arduino/src/ros2arduino.h:15,
                 from /home/ec2-user/arduino-testlib/cli-datadir/user/libraries/ros2arduino/examples/publisher_wifi_udp/publisher_wifi_udp.ino:1:
/home/ec2-user/arduino-testlib/cli-datadir/user/libraries/ros2arduino/src/ros2/xrcedds/micro_xrce_dds/lib/include/uxr/client/core/type/xrce_types.h:819:55: error: size of array &#39;data&#39; is too large
     PackedSamples data[UXR_PACKED_SAMPLES_SEQUENCE_MAX];
                                                       ^
Multiple libraries were found for &#34;WiFi.h&#34;
  Used: /home/ec2-user/arduino-testlib/cli-datadir/user/libraries/WiFi
  Not used: /home/ec2-user/arduino-testlib/cli-datadir/user/libraries/WiFiNINA
  Not used: /home/ec2-user/arduino-testlib/cli-datadir/user/libraries/WiFiEspAT
  Not used: /home/ec2-user/arduino-testlib/cli-datadir/user/libraries/Seeed_Arduino_rpcWiFi
</pre>
					
					<h4>examples/subscriber</h4>
					<p>
						Result: <b>FAIL</b>
					</p>
					<pre class="pre-scrollable">In file included from /home/ec2-user/arduino-testlib/cli-datadir/user/libraries/ros2arduino/src/uxr/client/core/type/xrce_types.h:1:0,
                 from /home/ec2-user/arduino-testlib/cli-datadir/user/libraries/ros2arduino/src/ros2/xrcedds/micro_xrce_dds/lib/include/uxr/client/core/session/session.h:25,
                 from /home/ec2-user/arduino-testlib/cli-datadir/user/libraries/ros2arduino/src/uxr/client/core/session/session.h:1,
                 from /home/ec2-user/arduino-testlib/cli-datadir/user/libraries/ros2arduino/src/ros2/xrcedds/micro_xrce_dds/lib/include/uxr/client/client.h:24,
                 from /home/ec2-user/arduino-testlib/cli-datadir/user/libraries/ros2arduino/src/uxr/client/client.h:1,
                 from /home/ec2-user/arduino-testlib/cli-datadir/user/libraries/ros2arduino/src/ros2/xrcedds/micro_xrce_dds/micro_xrce_dds.h:18,
                 from /home/ec2-user/arduino-testlib/cli-datadir/user/libraries/ros2arduino/src/ros2/xrcedds/xrcedds.hpp:12,
                 from /home/ec2-user/arduino-testlib/cli-datadir/user/libraries/ros2arduino/src/ros2/publisher.hpp:12,
                 from /home/ec2-user/arduino-testlib/cli-datadir/user/libraries/ros2arduino/src/ros2/ros2.hpp:12,
                 from /home/ec2-user/arduino-testlib/cli-datadir/user/libraries/ros2arduino/src/ros2arduino.h:15,
                 from /home/ec2-user/arduino-testlib/cli-datadir/user/libraries/ros2arduino/examples/subscriber/subscriber.ino:1:
/home/ec2-user/arduino-testlib/cli-datadir/user/libraries/ros2arduino/src/ros2/xrcedds/micro_xrce_dds/lib/include/uxr/client/core/type/xrce_types.h:819:55: error: size of array &#39;data&#39; is too large
     PackedSamples data[UXR_PACKED_SAMPLES_SEQUENCE_MAX];
                                                       ^

</pre>
					
				
				<h3 id="arduino:samd:mkrwifi1010">arduino:samd:mkrwifi1010 @ 1.8.12</h3>
				<h4>Inclusion</h4>
				<p>
					Result: <b>FAIL</b>
					
				</p>
				<pre class="pre-scrollable">In file included from /home/ec2-user/arduino-testlib/cli-datadir/data/packages/arduino/hardware/samd/1.8.12/cores/arduino/SafeRingBuffer.h:25:0,
                 from /home/ec2-user/arduino-testlib/cli-datadir/data/packages/arduino/hardware/samd/1.8.12/cores/arduino/Uart.h:23,
                 from /home/ec2-user/arduino-testlib/cli-datadir/data/packages/arduino/hardware/samd/1.8.12/variants/mkrwifi1010/variant.h:165,
                 from /home/ec2-user/arduino-testlib/cli-datadir/data/packages/arduino/hardware/samd/1.8.12/cores/arduino/Arduino.h:51,
                 from /tmp/arduino-sketch-1D0A4020248FA40B820CC32D85AA0B04/sketch/test.ino.cpp:1:
/home/ec2-user/arduino-testlib/cli-datadir/data/packages/arduino/hardware/samd/1.8.12/cores/arduino/sync.h:28:22: error: expected unqualified-id before &#39;for&#39;
 #define synchronized for (__Guard __guard; __guard.enter(); )
                      ^
/home/ec2-user/arduino-testlib/cli-datadir/user/libraries/ros2arduino/src/ros2/xrcedds/micro_xrce_dds/lib/include/uxr/client/core/session/session.h:97:10: note: in expansion of macro &#39;synchronized&#39;
     bool synchronized;
          ^~~~~~~~~~~~
/home/ec2-user/arduino-testlib/cli-datadir/data/packages/arduino/hardware/samd/1.8.12/cores/arduino/sync.h:28:44: error: &#39;__guard&#39; does not name a type; did you mean &#39;__Guard&#39;?
 #define synchronized for (__Guard __guard; __guard.enter(); )
                                            ^
/home/ec2-user/arduino-testlib/cli-datadir/user/libraries/ros2arduino/src/ros2/xrcedds/micro_xrce_dds/lib/include/uxr/client/core/session/session.h:97:10: note: in expansion of macro &#39;synchronized&#39;
     bool synchronized;
          ^~~~~~~~~~~~
/home/ec2-user/arduino-testlib/cli-datadir/data/packages/arduino/hardware/samd/1.8.12/cores/arduino/sync.h:28:61: error: expected unqualified-id before &#39;)&#39; token
 #define synchronized for (__Guard __guard; __guard.enter(); )
                                                             ^
/home/ec2-user/arduino-testlib/cli-datadir/user/libraries/ros2arduino/src/ros2/xrcedds/micro_xrce_dds/lib/include/uxr/client/core/session/session.h:97:10: note: in expansion of macro &#39;synchronized&#39;
     bool synchronized;
          ^~~~~~~~~~~~

</pre>

					
					<h4>examples/publisher</h4>
					<p>
						Result: <b>FAIL</b>
					</p>
					<pre class="pre-scrollable">In file included from /home/ec2-user/arduino-testlib/cli-datadir/data/packages/arduino/hardware/samd/1.8.12/cores/arduino/SafeRingBuffer.h:25:0,
                 from /home/ec2-user/arduino-testlib/cli-datadir/data/packages/arduino/hardware/samd/1.8.12/cores/arduino/Uart.h:23,
                 from /home/ec2-user/arduino-testlib/cli-datadir/data/packages/arduino/hardware/samd/1.8.12/variants/mkrwifi1010/variant.h:165,
                 from /home/ec2-user/arduino-testlib/cli-datadir/data/packages/arduino/hardware/samd/1.8.12/cores/arduino/Arduino.h:51,
                 from /tmp/arduino-sketch-9B015AF6256BE0EFA8068F61EB10084F/sketch/publisher.ino.cpp:1:
/home/ec2-user/arduino-testlib/cli-datadir/data/packages/arduino/hardware/samd/1.8.12/cores/arduino/sync.h:28:22: error: expected unqualified-id before &#39;for&#39;
 #define synchronized for (__Guard __guard; __guard.enter(); )
                      ^
/home/ec2-user/arduino-testlib/cli-datadir/user/libraries/ros2arduino/src/ros2/xrcedds/micro_xrce_dds/lib/include/uxr/client/core/session/session.h:97:10: note: in expansion of macro &#39;synchronized&#39;
     bool synchronized;
          ^~~~~~~~~~~~
/home/ec2-user/arduino-testlib/cli-datadir/data/packages/arduino/hardware/samd/1.8.12/cores/arduino/sync.h:28:44: error: &#39;__guard&#39; does not name a type; did you mean &#39;__Guard&#39;?
 #define synchronized for (__Guard __guard; __guard.enter(); )
                                            ^
/home/ec2-user/arduino-testlib/cli-datadir/user/libraries/ros2arduino/src/ros2/xrcedds/micro_xrce_dds/lib/include/uxr/client/core/session/session.h:97:10: note: in expansion of macro &#39;synchronized&#39;
     bool synchronized;
          ^~~~~~~~~~~~
/home/ec2-user/arduino-testlib/cli-datadir/data/packages/arduino/hardware/samd/1.8.12/cores/arduino/sync.h:28:61: error: expected unqualified-id before &#39;)&#39; token
 #define synchronized for (__Guard __guard; __guard.enter(); )
                                                             ^
/home/ec2-user/arduino-testlib/cli-datadir/user/libraries/ros2arduino/src/ros2/xrcedds/micro_xrce_dds/lib/include/uxr/client/core/session/session.h:97:10: note: in expansion of macro &#39;synchronized&#39;
     bool synchronized;
          ^~~~~~~~~~~~

</pre>
					
					<h4>examples/publisher_ethernet_tcp</h4>
					<p>
						Result: <b>FAIL</b>
					</p>
					<pre class="pre-scrollable">In file included from /home/ec2-user/arduino-testlib/cli-datadir/data/packages/arduino/hardware/samd/1.8.12/cores/arduino/SafeRingBuffer.h:25:0,
                 from /home/ec2-user/arduino-testlib/cli-datadir/data/packages/arduino/hardware/samd/1.8.12/cores/arduino/Uart.h:23,
                 from /home/ec2-user/arduino-testlib/cli-datadir/data/packages/arduino/hardware/samd/1.8.12/variants/mkrwifi1010/variant.h:165,
                 from /home/ec2-user/arduino-testlib/cli-datadir/data/packages/arduino/hardware/samd/1.8.12/cores/arduino/Arduino.h:51,
                 from /tmp/arduino-sketch-DD5576446727ED988D7CAA4FDA3FDC25/sketch/publisher_ethernet_tcp.ino.cpp:1:
/home/ec2-user/arduino-testlib/cli-datadir/data/packages/arduino/hardware/samd/1.8.12/cores/arduino/sync.h:28:22: error: expected unqualified-id before &#39;for&#39;
 #define synchronized for (__Guard __guard; __guard.enter(); )
                      ^
/home/ec2-user/arduino-testlib/cli-datadir/user/libraries/ros2arduino/src/ros2/xrcedds/micro_xrce_dds/lib/include/uxr/client/core/session/session.h:97:10: note: in expansion of macro &#39;synchronized&#39;
     bool synchronized;
          ^~~~~~~~~~~~
/home/ec2-user/arduino-testlib/cli-datadir/data/packages/arduino/hardware/samd/1.8.12/cores/arduino/sync.h:28:44: error: &#39;__guard&#39; does not name a type; did you mean &#39;__Guard&#39;?
 #define synchronized for (__Guard __guard; __guard.enter(); )
                                            ^
/home/ec2-user/arduino-testlib/cli-datadir/user/libraries/ros2arduino/src/ros2/xrcedds/micro_xrce_dds/lib/include/uxr/client/core/session/session.h:97:10: note: in expansion of macro &#39;synchronized&#39;
     bool synchronized;
          ^~~~~~~~~~~~
/home/ec2-user/arduino-testlib/cli-datadir/data/packages/arduino/hardware/samd/1.8.12/cores/arduino/sync.h:28:61: error: expected unqualified-id before &#39;)&#39; token
 #define synchronized for (__Guard __guard; __guard.enter(); )
                                                             ^
/home/ec2-user/arduino-testlib/cli-datadir/user/libraries/ros2arduino/src/ros2/xrcedds/micro_xrce_dds/lib/include/uxr/client/core/session/session.h:97:10: note: in expansion of macro &#39;synchronized&#39;
     bool synchronized;
          ^~~~~~~~~~~~
Multiple libraries were found for &#34;Ethernet.h&#34;
  Used: /home/ec2-user/arduino-testlib/cli-datadir/user/libraries/Ethernet
  Not used: /home/ec2-user/arduino-testlib/cli-datadir/user/libraries/EthernetENC
  Not used: /home/ec2-user/arduino-testlib/cli-datadir/user/libraries/UIPEthernet
</pre>
					
					<h4>examples/publisher_ethernet_udp</h4>
					<p>
						Result: <b>FAIL</b>
					</p>
					<pre class="pre-scrollable">In file included from /home/ec2-user/arduino-testlib/cli-datadir/data/packages/arduino/hardware/samd/1.8.12/cores/arduino/SafeRingBuffer.h:25:0,
                 from /home/ec2-user/arduino-testlib/cli-datadir/data/packages/arduino/hardware/samd/1.8.12/cores/arduino/Uart.h:23,
                 from /home/ec2-user/arduino-testlib/cli-datadir/data/packages/arduino/hardware/samd/1.8.12/variants/mkrwifi1010/variant.h:165,
                 from /home/ec2-user/arduino-testlib/cli-datadir/data/packages/arduino/hardware/samd/1.8.12/cores/arduino/Arduino.h:51,
                 from /tmp/arduino-sketch-8C2CEC036ADF9495AF68BDB1CABF8B78/sketch/publisher_ethernet_udp.ino.cpp:1:
/home/ec2-user/arduino-testlib/cli-datadir/data/packages/arduino/hardware/samd/1.8.12/cores/arduino/sync.h:28:22: error: expected unqualified-id before &#39;for&#39;
 #define synchronized for (__Guard __guard; __guard.enter(); )
                      ^
/home/ec2-user/arduino-testlib/cli-datadir/user/libraries/ros2arduino/src/ros2/xrcedds/micro_xrce_dds/lib/include/uxr/client/core/session/session.h:97:10: note: in expansion of macro &#39;synchronized&#39;
     bool synchronized;
          ^~~~~~~~~~~~
/home/ec2-user/arduino-testlib/cli-datadir/data/packages/arduino/hardware/samd/1.8.12/cores/arduino/sync.h:28:44: error: &#39;__guard&#39; does not name a type; did you mean &#39;__Guard&#39;?
 #define synchronized for (__Guard __guard; __guard.enter(); )
                                            ^
/home/ec2-user/arduino-testlib/cli-datadir/user/libraries/ros2arduino/src/ros2/xrcedds/micro_xrce_dds/lib/include/uxr/client/core/session/session.h:97:10: note: in expansion of macro &#39;synchronized&#39;
     bool synchronized;
          ^~~~~~~~~~~~
/home/ec2-user/arduino-testlib/cli-datadir/data/packages/arduino/hardware/samd/1.8.12/cores/arduino/sync.h:28:61: error: expected unqualified-id before &#39;)&#39; token
 #define synchronized for (__Guard __guard; __guard.enter(); )
                                                             ^
/home/ec2-user/arduino-testlib/cli-datadir/user/libraries/ros2arduino/src/ros2/xrcedds/micro_xrce_dds/lib/include/uxr/client/core/session/session.h:97:10: note: in expansion of macro &#39;synchronized&#39;
     bool synchronized;
          ^~~~~~~~~~~~
Multiple libraries were found for &#34;Ethernet.h&#34;
  Used: /home/ec2-user/arduino-testlib/cli-datadir/user/libraries/Ethernet
  Not used: /home/ec2-user/arduino-testlib/cli-datadir/user/libraries/UIPEthernet
  Not used: /home/ec2-user/arduino-testlib/cli-datadir/user/libraries/EthernetENC
</pre>
					
					<h4>examples/publisher_wifi_tcp</h4>
					<p>
						Result: <b>FAIL</b>
					</p>
					<pre class="pre-scrollable">In file included from /home/ec2-user/arduino-testlib/cli-datadir/data/packages/arduino/hardware/samd/1.8.12/cores/arduino/SafeRingBuffer.h:25:0,
                 from /home/ec2-user/arduino-testlib/cli-datadir/data/packages/arduino/hardware/samd/1.8.12/cores/arduino/Uart.h:23,
                 from /home/ec2-user/arduino-testlib/cli-datadir/data/packages/arduino/hardware/samd/1.8.12/variants/mkrwifi1010/variant.h:165,
                 from /home/ec2-user/arduino-testlib/cli-datadir/data/packages/arduino/hardware/samd/1.8.12/cores/arduino/Arduino.h:51,
                 from /tmp/arduino-sketch-2C4CA8AAB2024CB05E2A4D8B9D99750C/sketch/publisher_wifi_tcp.ino.cpp:1:
/home/ec2-user/arduino-testlib/cli-datadir/data/packages/arduino/hardware/samd/1.8.12/cores/arduino/sync.h:28:22: error: expected unqualified-id before &#39;for&#39;
 #define synchronized for (__Guard __guard; __guard.enter(); )
                      ^
/home/ec2-user/arduino-testlib/cli-datadir/user/libraries/ros2arduino/src/ros2/xrcedds/micro_xrce_dds/lib/include/uxr/client/core/session/session.h:97:10: note: in expansion of macro &#39;synchronized&#39;
     bool synchronized;
          ^~~~~~~~~~~~
/home/ec2-user/arduino-testlib/cli-datadir/data/packages/arduino/hardware/samd/1.8.12/cores/arduino/sync.h:28:44: error: &#39;__guard&#39; does not name a type; did you mean &#39;__Guard&#39;?
 #define synchronized for (__Guard __guard; __guard.enter(); )
                                            ^
/home/ec2-user/arduino-testlib/cli-datadir/user/libraries/ros2arduino/src/ros2/xrcedds/micro_xrce_dds/lib/include/uxr/client/core/session/session.h:97:10: note: in expansion of macro &#39;synchronized&#39;
     bool synchronized;
          ^~~~~~~~~~~~
/home/ec2-user/arduino-testlib/cli-datadir/data/packages/arduino/hardware/samd/1.8.12/cores/arduino/sync.h:28:61: error: expected unqualified-id before &#39;)&#39; token
 #define synchronized for (__Guard __guard; __guard.enter(); )
                                                             ^
/home/ec2-user/arduino-testlib/cli-datadir/user/libraries/ros2arduino/src/ros2/xrcedds/micro_xrce_dds/lib/include/uxr/client/core/session/session.h:97:10: note: in expansion of macro &#39;synchronized&#39;
     bool synchronized;
          ^~~~~~~~~~~~
Multiple libraries were found for &#34;WiFi.h&#34;
  Used: /home/ec2-user/arduino-testlib/cli-datadir/user/libraries/WiFi
  Not used: /home/ec2-user/arduino-testlib/cli-datadir/user/libraries/WiFiNINA
  Not used: /home/ec2-user/arduino-testlib/cli-datadir/user/libraries/Seeed_Arduino_rpcWiFi
  Not used: /home/ec2-user/arduino-testlib/cli-datadir/user/libraries/WiFiEspAT
</pre>
					
					<h4>examples/publisher_wifi_udp</h4>
					<p>
						Result: <b>FAIL</b>
					</p>
					<pre class="pre-scrollable">In file included from /home/ec2-user/arduino-testlib/cli-datadir/data/packages/arduino/hardware/samd/1.8.12/cores/arduino/SafeRingBuffer.h:25:0,
                 from /home/ec2-user/arduino-testlib/cli-datadir/data/packages/arduino/hardware/samd/1.8.12/cores/arduino/Uart.h:23,
                 from /home/ec2-user/arduino-testlib/cli-datadir/data/packages/arduino/hardware/samd/1.8.12/variants/mkrwifi1010/variant.h:165,
                 from /home/ec2-user/arduino-testlib/cli-datadir/data/packages/arduino/hardware/samd/1.8.12/cores/arduino/Arduino.h:51,
                 from /tmp/arduino-sketch-F4B9793D7C049F3F53850C16BD6AE506/sketch/publisher_wifi_udp.ino.cpp:1:
/home/ec2-user/arduino-testlib/cli-datadir/data/packages/arduino/hardware/samd/1.8.12/cores/arduino/sync.h:28:22: error: expected unqualified-id before &#39;for&#39;
 #define synchronized for (__Guard __guard; __guard.enter(); )
                      ^
/home/ec2-user/arduino-testlib/cli-datadir/user/libraries/ros2arduino/src/ros2/xrcedds/micro_xrce_dds/lib/include/uxr/client/core/session/session.h:97:10: note: in expansion of macro &#39;synchronized&#39;
     bool synchronized;
          ^~~~~~~~~~~~
/home/ec2-user/arduino-testlib/cli-datadir/data/packages/arduino/hardware/samd/1.8.12/cores/arduino/sync.h:28:44: error: &#39;__guard&#39; does not name a type; did you mean &#39;__Guard&#39;?
 #define synchronized for (__Guard __guard; __guard.enter(); )
                                            ^
/home/ec2-user/arduino-testlib/cli-datadir/user/libraries/ros2arduino/src/ros2/xrcedds/micro_xrce_dds/lib/include/uxr/client/core/session/session.h:97:10: note: in expansion of macro &#39;synchronized&#39;
     bool synchronized;
          ^~~~~~~~~~~~
/home/ec2-user/arduino-testlib/cli-datadir/data/packages/arduino/hardware/samd/1.8.12/cores/arduino/sync.h:28:61: error: expected unqualified-id before &#39;)&#39; token
 #define synchronized for (__Guard __guard; __guard.enter(); )
                                                             ^
/home/ec2-user/arduino-testlib/cli-datadir/user/libraries/ros2arduino/src/ros2/xrcedds/micro_xrce_dds/lib/include/uxr/client/core/session/session.h:97:10: note: in expansion of macro &#39;synchronized&#39;
     bool synchronized;
          ^~~~~~~~~~~~
Multiple libraries were found for &#34;WiFi.h&#34;
  Used: /home/ec2-user/arduino-testlib/cli-datadir/user/libraries/WiFi
  Not used: /home/ec2-user/arduino-testlib/cli-datadir/user/libraries/WiFiEspAT
  Not used: /home/ec2-user/arduino-testlib/cli-datadir/user/libraries/WiFiNINA
  Not used: /home/ec2-user/arduino-testlib/cli-datadir/user/libraries/Seeed_Arduino_rpcWiFi
</pre>
					
					<h4>examples/subscriber</h4>
					<p>
						Result: <b>FAIL</b>
					</p>
					<pre class="pre-scrollable">In file included from /home/ec2-user/arduino-testlib/cli-datadir/data/packages/arduino/hardware/samd/1.8.12/cores/arduino/SafeRingBuffer.h:25:0,
                 from /home/ec2-user/arduino-testlib/cli-datadir/data/packages/arduino/hardware/samd/1.8.12/cores/arduino/Uart.h:23,
                 from /home/ec2-user/arduino-testlib/cli-datadir/data/packages/arduino/hardware/samd/1.8.12/variants/mkrwifi1010/variant.h:165,
                 from /home/ec2-user/arduino-testlib/cli-datadir/data/packages/arduino/hardware/samd/1.8.12/cores/arduino/Arduino.h:51,
                 from /tmp/arduino-sketch-628F63FBE87944E7979F9603814BC9CA/sketch/subscriber.ino.cpp:1:
/home/ec2-user/arduino-testlib/cli-datadir/data/packages/arduino/hardware/samd/1.8.12/cores/arduino/sync.h:28:22: error: expected unqualified-id before &#39;for&#39;
 #define synchronized for (__Guard __guard; __guard.enter(); )
                      ^
/home/ec2-user/arduino-testlib/cli-datadir/user/libraries/ros2arduino/src/ros2/xrcedds/micro_xrce_dds/lib/include/uxr/client/core/session/session.h:97:10: note: in expansion of macro &#39;synchronized&#39;
     bool synchronized;
          ^~~~~~~~~~~~
/home/ec2-user/arduino-testlib/cli-datadir/data/packages/arduino/hardware/samd/1.8.12/cores/arduino/sync.h:28:44: error: &#39;__guard&#39; does not name a type; did you mean &#39;__Guard&#39;?
 #define synchronized for (__Guard __guard; __guard.enter(); )
                                            ^
/home/ec2-user/arduino-testlib/cli-datadir/user/libraries/ros2arduino/src/ros2/xrcedds/micro_xrce_dds/lib/include/uxr/client/core/session/session.h:97:10: note: in expansion of macro &#39;synchronized&#39;
     bool synchronized;
          ^~~~~~~~~~~~
/home/ec2-user/arduino-testlib/cli-datadir/data/packages/arduino/hardware/samd/1.8.12/cores/arduino/sync.h:28:61: error: expected unqualified-id before &#39;)&#39; token
 #define synchronized for (__Guard __guard; __guard.enter(); )
                                                             ^
/home/ec2-user/arduino-testlib/cli-datadir/user/libraries/ros2arduino/src/ros2/xrcedds/micro_xrce_dds/lib/include/uxr/client/core/session/session.h:97:10: note: in expansion of macro &#39;synchronized&#39;
     bool synchronized;
          ^~~~~~~~~~~~

</pre>
					
				
				<h3 id="esp32:esp32:d1_mini32">esp32:esp32:d1_mini32 @ 1.0.6</h3>
				<h4>Inclusion</h4>
				<p>
					Result: <b>PASS</b>
					
				</p>
				<pre class="pre-scrollable">Sketch uses 206370 bytes (15%) of program storage space. Maximum is 1310720 bytes.
Global variables use 13328 bytes (4%) of dynamic memory, leaving 314352 bytes for local variables. Maximum is 327680 bytes.
</pre>

					
					<h4>examples/publisher</h4>
					<p>
						Result: <b>PASS</b>
					</p>
					<pre class="pre-scrollable">Sketch uses 305850 bytes (23%) of program storage space. Maximum is 1310720 bytes.
Global variables use 39792 bytes (12%) of dynamic memory, leaving 287888 bytes for local variables. Maximum is 327680 bytes.
</pre>
					
					<h4>examples/publisher_ethernet_tcp</h4>
					<p>
						Result: <b>PASS</b>
					</p>
					<pre class="pre-scrollable">Sketch uses 318030 bytes (24%) of program storage space. Maximum is 1310720 bytes.
Global variables use 40024 bytes (12%) of dynamic memory, leaving 287656 bytes for local variables. Maximum is 327680 bytes.
</pre>
					
					<h4>examples/publisher_ethernet_udp</h4>
					<p>
						Result: <b>PASS</b>
					</p>
					<pre class="pre-scrollable">Sketch uses 316346 bytes (24%) of program storage space. Maximum is 1310720 bytes.
Global variables use 40040 bytes (12%) of dynamic memory, leaving 287640 bytes for local variables. Maximum is 327680 bytes.
</pre>
					
					<h4>examples/publisher_wifi_tcp</h4>
					<p>
						Result: <b>PASS</b>
					</p>
					<pre class="pre-scrollable">Sketch uses 662746 bytes (50%) of program storage space. Maximum is 1310720 bytes.
Global variables use 60876 bytes (18%) of dynamic memory, leaving 266804 bytes for local variables. Maximum is 327680 bytes.
</pre>
					
					<h4>examples/publisher_wifi_udp</h4>
					<p>
						Result: <b>PASS</b>
					</p>
					<pre class="pre-scrollable">Sketch uses 658278 bytes (50%) of program storage space. Maximum is 1310720 bytes.
Global variables use 61196 bytes (18%) of dynamic memory, leaving 266484 bytes for local variables. Maximum is 327680 bytes.
</pre>
					
					<h4>examples/subscriber</h4>
					<p>
						Result: <b>PASS</b>
					</p>
					<pre class="pre-scrollable">Sketch uses 305890 bytes (23%) of program storage space. Maximum is 1310720 bytes.
Global variables use 39784 bytes (12%) of dynamic memory, leaving 287896 bytes for local variables. Maximum is 327680 bytes.
</pre>
					
				
			</div>
		</div>
	</div>
  </body>
</html>
