
<!doctype html>
<html lang="en">
  <head>
    <meta charset="utf-8">
    <meta name="viewport" content="width=device-width, initial-scale=1">
    <link href="https://cdn.jsdelivr.net/npm/bootstrap@5.0.2/dist/css/bootstrap.min.css" rel="stylesheet" integrity="sha384-EVSTQN3/azprG1Anm3QDgpJLIm9Nao0Yz1ztcQTwFspd3yD65VohhpuuCOmLASjC" crossorigin="anonymous">
    <title>arduino-testlib report</title>
	<style>
	.pass { background-color: #00FF00 !important; }
	.fail { background-color: #FF0000 !important; }
	</style>
  </head>
  <body>
	<div class="container">
		<div class="row">
			<div class="col">
				<h1>RotaryEncoder_Zanduino - compatibility matrix</h1>
				<p>
					<small>This report was generated on Wednesday, 23-Feb-22 22:48:15 CET using 
					<a href="https://github.com/alranel/arduino-testlib">arduino-testlib</a>.</small>
				</p>

				<h2>RotaryEncoder_Zanduino</h2>
				<p>
					Version: <b>1.0.6</b>
					<br />
					<a href="https://www.arduino.cc/reference/en/libraries/rotaryencoder_zanduino/">More details</a>
				</p>

				<h2>Compatibility matrix</h2>
				<table class="table table-bordered">
					<tr>
						<th>Board</th>
						<th>Claims compatibility</th>
						<th>Inclusion</th>
						
						<th><pre>StandardColors</pre></th>
						
					</tr>
					
					<tr>
						<td>
							<a href="#arduino%3aavr%3auno"><b>arduino:avr:uno</b></a>
							<br />
							<small>1.8.4</small>
						</td>

						
							<td>Yes</td>
							<td class="pass">PASS</td>
						
						
						
						

						
							
								
									
										
											
											<td class="fail">FAIL</td>
										
									
								
							
								
							
								
							
								
							
								
							
						
					</tr>
					
					<tr>
						<td>
							<a href="#arduino%3ambed_nano%3ananorp2040connect"><b>arduino:mbed_nano:nanorp2040connect</b></a>
							<br />
							<small>2.7.2</small>
						</td>

						
						
						
							<td>Yes ⚠️</td>
							<td class="fail">FAIL</td>
						
						

						
							
								
							
								
									
										
											
											<td class="fail">FAIL</td>
										
									
								
							
								
							
								
							
								
							
						
					</tr>
					
					<tr>
						<td>
							<a href="#arduino%3amegaavr%3anona4809"><b>arduino:megaavr:nona4809</b></a>
							<br />
							<small>1.8.7</small>
						</td>

						
						
						
							<td>Yes ⚠️</td>
							<td class="fail">FAIL</td>
						
						

						
							
								
							
								
							
								
									
										
											
											<td class="fail">FAIL</td>
										
									
								
							
								
							
								
							
						
					</tr>
					
					<tr>
						<td>
							<a href="#arduino%3asamd%3amkrwifi1010"><b>arduino:samd:mkrwifi1010</b></a>
							<br />
							<small>1.8.12</small>
						</td>

						
						
						
							<td>Yes ⚠️</td>
							<td class="fail">FAIL</td>
						
						

						
							
								
							
								
							
								
							
								
									
										
											
											<td class="fail">FAIL</td>
										
									
								
							
								
							
						
					</tr>
					
					<tr>
						<td>
							<a href="#esp32%3aesp32%3ad1_mini32"><b>esp32:esp32:d1_mini32</b></a>
							<br />
							<small>1.0.6</small>
						</td>

						
						
						
							<td>Yes ⚠️</td>
							<td class="fail">FAIL</td>
						
						

						
							
								
							
								
							
								
							
								
							
								
									
										
											
											<td class="fail">FAIL</td>
										
									
								
							
						
					</tr>
					
				</table>

				<h2>Compilation logs</h2>
				
				<h3 id="arduino:avr:uno">arduino:avr:uno @ 1.8.4</h3>
				<h4>Inclusion</h4>
				<p>
					Result: <b>PASS</b>
					
					<br />This library has no main header file so an empty one was created.
					
				</p>
				<pre class="pre-scrollable">Sketch uses 1634 bytes (5%) of program storage space. Maximum is 32256 bytes.
Global variables use 13 bytes (0%) of dynamic memory, leaving 2035 bytes for local variables. Maximum is 2048 bytes.
</pre>

					
					<h4>examples/StandardColors</h4>
					<p>
						Result: <b>FAIL</b>
					</p>
					<pre class="pre-scrollable">/home/ec2-user/arduino-testlib/cli-datadir/user/libraries/RotaryEncoder_Zanduino/examples/StandardColors/StandardColors.ino:62:1: error: &#39;EncoderClass&#39; does not name a type; did you mean &#39;toLowerCase&#39;?
 EncoderClass Encoder(
 ^~~~~~~~~~~~
 toLowerCase
/home/ec2-user/arduino-testlib/cli-datadir/user/libraries/RotaryEncoder_Zanduino/examples/StandardColors/StandardColors.ino: In function &#39;void setup()&#39;:
/home/ec2-user/arduino-testlib/cli-datadir/user/libraries/RotaryEncoder_Zanduino/examples/StandardColors/StandardColors.ino:75:3: error: &#39;Encoder&#39; was not declared in this scope
   Encoder.SetFadeRate(0);      // Turn off fading
   ^~~~~~~
/home/ec2-user/arduino-testlib/cli-datadir/user/libraries/RotaryEncoder_Zanduino/examples/StandardColors/StandardColors.ino: In function &#39;void loop()&#39;:
/home/ec2-user/arduino-testlib/cli-datadir/user/libraries/RotaryEncoder_Zanduino/examples/StandardColors/StandardColors.ino:95:24: error: &#39;Encoder&#39; was not declared in this scope
   static int last    = Encoder.GetEncoderValue();  // Store previous Encoder value
                        ^~~~~~~
Multiple libraries were found for &#34;RotaryEncoder.h&#34;
  Used: /home/ec2-user/arduino-testlib/cli-datadir/user/libraries/RotaryEncoder
  Not used: /home/ec2-user/arduino-testlib/cli-datadir/user/libraries/NanoPlayBoard
  Not used: /home/ec2-user/arduino-testlib/cli-datadir/user/libraries/RotaryEncoder_Zanduino
</pre>
					
				
				<h3 id="arduino:mbed_nano:nanorp2040connect">arduino:mbed_nano:nanorp2040connect @ 2.7.2</h3>
				<h4>Inclusion</h4>
				<p>
					Result: <b>FAIL</b>
					
				</p>
				<pre class="pre-scrollable">/home/ec2-user/arduino-testlib/cli-datadir/user/libraries/RotaryEncoder_Zanduino/src/RotaryEncoder.cpp:52:4: error: expected constructor, destructor, or type conversion before &#39;(&#39; token
 ISR(TIMER0_COMPA_vect) {
    ^
/home/ec2-user/arduino-testlib/cli-datadir/user/libraries/RotaryEncoder_Zanduino/src/RotaryEncoder.cpp:59:4: error: expected constructor, destructor, or type conversion before &#39;(&#39; token
 ISR(TIMER0_COMPB_vect) {
    ^
/home/ec2-user/arduino-testlib/cli-datadir/user/libraries/RotaryEncoder_Zanduino/src/RotaryEncoder.cpp:66:41: error: cannot declare member function &#39;static void EncoderClass::PushButtonISR()&#39; to have static linkage [-fpermissive]
 static void EncoderClass::PushButtonISR() {
                                         ^
/home/ec2-user/arduino-testlib/cli-datadir/user/libraries/RotaryEncoder_Zanduino/src/RotaryEncoder.cpp:73:37: error: cannot declare member function &#39;static void EncoderClass::RotateISR()&#39; to have static linkage [-fpermissive]
 static void EncoderClass::RotateISR() {
                                     ^
/home/ec2-user/arduino-testlib/cli-datadir/user/libraries/RotaryEncoder_Zanduino/src/RotaryEncoder.cpp:80:36: error: cannot declare member function &#39;static void EncoderClass::TimerISR()&#39; to have static linkage [-fpermissive]
 static void EncoderClass::TimerISR() {
                                    ^
/home/ec2-user/arduino-testlib/cli-datadir/user/libraries/RotaryEncoder_Zanduino/src/RotaryEncoder.cpp: In member function &#39;void EncoderClass::SetFadeRate(uint8_t)&#39;:
/home/ec2-user/arduino-testlib/cli-datadir/user/libraries/RotaryEncoder_Zanduino/src/RotaryEncoder.cpp:312:5: error: &#39;cli&#39; was not declared in this scope
     cli();                   // Disable interrupts
     ^~~
/home/ec2-user/arduino-testlib/cli-datadir/user/libraries/RotaryEncoder_Zanduino/src/RotaryEncoder.cpp:313:5: error: &#39;OCR0A&#39; was not declared in this scope
     OCR0A = 0x40;            // Comparison register A to 64
     ^~~~~
/home/ec2-user/arduino-testlib/cli-datadir/user/libraries/RotaryEncoder_Zanduino/src/RotaryEncoder.cpp:314:5: error: &#39;OCR0B&#39; was not declared in this scope
     OCR0B = 0xC0;            // Comparison register B to 192
     ^~~~~
/home/ec2-user/arduino-testlib/cli-datadir/user/libraries/RotaryEncoder_Zanduino/src/RotaryEncoder.cpp:315:5: error: &#39;TIMSK0&#39; was not declared in this scope
     TIMSK0 |= _BV(OCIE0A);   // TIMER0_COMPA trigger on 0x01
     ^~~~~~
/home/ec2-user/arduino-testlib/cli-datadir/user/libraries/RotaryEncoder_Zanduino/src/RotaryEncoder.cpp:315:5: note: suggested alternative: &#39;TIMER&#39;
     TIMSK0 |= _BV(OCIE0A);   // TIMER0_COMPA trigger on 0x01
     ^~~~~~
     TIMER
/home/ec2-user/arduino-testlib/cli-datadir/user/libraries/RotaryEncoder_Zanduino/src/RotaryEncoder.cpp:315:19: error: &#39;OCIE0A&#39; was not declared in this scope
     TIMSK0 |= _BV(OCIE0A);   // TIMER0_COMPA trigger on 0x01
                   ^~~~~~
/home/ec2-user/arduino-testlib/cli-datadir/user/libraries/RotaryEncoder_Zanduino/src/RotaryEncoder.cpp:315:15: error: &#39;_BV&#39; was not declared in this scope
     TIMSK0 |= _BV(OCIE0A);   // TIMER0_COMPA trigger on 0x01
               ^~~
/home/ec2-user/arduino-testlib/cli-datadir/user/libraries/RotaryEncoder_Zanduino/src/RotaryEncoder.cpp:315:15: note: suggested alternative: &#39;_B&#39;
     TIMSK0 |= _BV(OCIE0A);   // TIMER0_COMPA trigger on 0x01
               ^~~
               _B
/home/ec2-user/arduino-testlib/cli-datadir/user/libraries/RotaryEncoder_Zanduino/src/RotaryEncoder.cpp:316:19: error: &#39;OCIE0B&#39; was not declared in this scope
     TIMSK0 |= _BV(OCIE0B);   // TIMER0_COMPB trigger on 0x80
                   ^~~~~~
/home/ec2-user/arduino-testlib/cli-datadir/user/libraries/RotaryEncoder_Zanduino/src/RotaryEncoder.cpp:317:5: error: &#39;sei&#39; was not declared in this scope
     sei();                   // Enable interrupts
     ^~~
/home/ec2-user/arduino-testlib/cli-datadir/user/libraries/RotaryEncoder_Zanduino/src/RotaryEncoder.cpp:319:5: error: &#39;cli&#39; was not declared in this scope
     cli();                   // Disable interrupts
     ^~~
/home/ec2-user/arduino-testlib/cli-datadir/user/libraries/RotaryEncoder_Zanduino/src/RotaryEncoder.cpp:320:5: error: &#39;TIMSK0&#39; was not declared in this scope
     TIMSK0 &amp;= ~_BV(OCIE0A);  // TIMER0_COMPA trigger off
     ^~~~~~
/home/ec2-user/arduino-testlib/cli-datadir/user/libraries/RotaryEncoder_Zanduino/src/RotaryEncoder.cpp:320:5: note: suggested alternative: &#39;TIMER&#39;
     TIMSK0 &amp;= ~_BV(OCIE0A);  // TIMER0_COMPA trigger off
     ^~~~~~
     TIMER
/home/ec2-user/arduino-testlib/cli-datadir/user/libraries/RotaryEncoder_Zanduino/src/RotaryEncoder.cpp:320:20: error: &#39;OCIE0A&#39; was not declared in this scope
     TIMSK0 &amp;= ~_BV(OCIE0A);  // TIMER0_COMPA trigger off
                    ^~~~~~
/home/ec2-user/arduino-testlib/cli-datadir/user/libraries/RotaryEncoder_Zanduino/src/RotaryEncoder.cpp:320:16: error: &#39;_BV&#39; was not declared in this scope
     TIMSK0 &amp;= ~_BV(OCIE0A);  // TIMER0_COMPA trigger off
                ^~~
/home/ec2-user/arduino-testlib/cli-datadir/user/libraries/RotaryEncoder_Zanduino/src/RotaryEncoder.cpp:320:16: note: suggested alternative: &#39;_B&#39;
     TIMSK0 &amp;= ~_BV(OCIE0A);  // TIMER0_COMPA trigger off
                ^~~
                _B
/home/ec2-user/arduino-testlib/cli-datadir/user/libraries/RotaryEncoder_Zanduino/src/RotaryEncoder.cpp:321:20: error: &#39;OCIE0B&#39; was not declared in this scope
     TIMSK0 &amp;= ~_BV(OCIE0B);  // TIMER0_COMPB trigger off
                    ^~~~~~
/home/ec2-user/arduino-testlib/cli-datadir/user/libraries/RotaryEncoder_Zanduino/src/RotaryEncoder.cpp:322:5: error: &#39;sei&#39; was not declared in this scope
     sei();                   // Enable interrupts
     ^~~

</pre>

					
					<h4>examples/StandardColors</h4>
					<p>
						Result: <b>FAIL</b>
					</p>
					<pre class="pre-scrollable">/home/ec2-user/arduino-testlib/cli-datadir/user/libraries/RotaryEncoder_Zanduino/examples/StandardColors/StandardColors.ino:62:1: error: &#39;EncoderClass&#39; does not name a type; did you mean &#39;DhcpClass&#39;?
 EncoderClass Encoder(
 ^~~~~~~~~~~~
 DhcpClass
/home/ec2-user/arduino-testlib/cli-datadir/user/libraries/RotaryEncoder_Zanduino/examples/StandardColors/StandardColors.ino: In function &#39;void setup()&#39;:
/home/ec2-user/arduino-testlib/cli-datadir/user/libraries/RotaryEncoder_Zanduino/examples/StandardColors/StandardColors.ino:75:3: error: &#39;Encoder&#39; was not declared in this scope
   Encoder.SetFadeRate(0);      // Turn off fading
   ^~~~~~~
/home/ec2-user/arduino-testlib/cli-datadir/user/libraries/RotaryEncoder_Zanduino/examples/StandardColors/StandardColors.ino: In function &#39;void loop()&#39;:
/home/ec2-user/arduino-testlib/cli-datadir/user/libraries/RotaryEncoder_Zanduino/examples/StandardColors/StandardColors.ino:95:24: error: &#39;Encoder&#39; was not declared in this scope
   static int last    = Encoder.GetEncoderValue();  // Store previous Encoder value
                        ^~~~~~~
Multiple libraries were found for &#34;RotaryEncoder.h&#34;
  Used: /home/ec2-user/arduino-testlib/cli-datadir/user/libraries/RotaryEncoder
  Not used: /home/ec2-user/arduino-testlib/cli-datadir/user/libraries/RotaryEncoder_Zanduino
  Not used: /home/ec2-user/arduino-testlib/cli-datadir/user/libraries/NanoPlayBoard
</pre>
					
				
				<h3 id="arduino:megaavr:nona4809">arduino:megaavr:nona4809 @ 1.8.7</h3>
				<h4>Inclusion</h4>
				<p>
					Result: <b>FAIL</b>
					
				</p>
				<pre class="pre-scrollable">/home/ec2-user/arduino-testlib/cli-datadir/user/libraries/RotaryEncoder_Zanduino/src/RotaryEncoder.cpp: In member function &#39;void EncoderClass::SetFadeRate(uint8_t)&#39;:
/home/ec2-user/arduino-testlib/cli-datadir/user/libraries/RotaryEncoder_Zanduino/src/RotaryEncoder.cpp:313:5: error: &#39;OCR0A&#39; was not declared in this scope
     OCR0A = 0x40;            // Comparison register A to 64
     ^~~~~
/home/ec2-user/arduino-testlib/cli-datadir/user/libraries/RotaryEncoder_Zanduino/src/RotaryEncoder.cpp:314:5: error: &#39;OCR0B&#39; was not declared in this scope
     OCR0B = 0xC0;            // Comparison register B to 192
     ^~~~~
/home/ec2-user/arduino-testlib/cli-datadir/user/libraries/RotaryEncoder_Zanduino/src/RotaryEncoder.cpp:315:5: error: &#39;TIMSK0&#39; was not declared in this scope
     TIMSK0 |= _BV(OCIE0A);   // TIMER0_COMPA trigger on 0x01
     ^~~~~~
/home/ec2-user/arduino-testlib/cli-datadir/user/libraries/RotaryEncoder_Zanduino/src/RotaryEncoder.cpp:315:5: note: suggested alternative: &#39;TIMERA0&#39;
     TIMSK0 |= _BV(OCIE0A);   // TIMER0_COMPA trigger on 0x01
     ^~~~~~
     TIMERA0
In file included from /home/ec2-user/arduino-testlib/cli-datadir/data/packages/arduino/tools/avr-gcc/7.3.0-atmel3.6.1-arduino5/avr/include/avr/io.h:99:0,
                 from /home/ec2-user/arduino-testlib/cli-datadir/data/packages/arduino/tools/avr-gcc/7.3.0-atmel3.6.1-arduino5/avr/include/avr/pgmspace.h:90,
                 from /home/ec2-user/arduino-testlib/cli-datadir/data/packages/arduino/hardware/megaavr/1.8.7/cores/arduino/api/String.h:31,
                 from /home/ec2-user/arduino-testlib/cli-datadir/data/packages/arduino/hardware/megaavr/1.8.7/cores/arduino/api/IPAddress.h:24,
                 from /home/ec2-user/arduino-testlib/cli-datadir/data/packages/arduino/hardware/megaavr/1.8.7/cores/arduino/api/ArduinoAPI.h:30,
                 from /home/ec2-user/arduino-testlib/cli-datadir/data/packages/arduino/hardware/megaavr/1.8.7/cores/arduino/Arduino.h:23,
                 from /home/ec2-user/arduino-testlib/cli-datadir/user/libraries/RotaryEncoder_Zanduino/src/RotaryEncoder.h:77,
                 from /home/ec2-user/arduino-testlib/cli-datadir/user/libraries/RotaryEncoder_Zanduino/src/RotaryEncoder.cpp:7:
/home/ec2-user/arduino-testlib/cli-datadir/user/libraries/RotaryEncoder_Zanduino/src/RotaryEncoder.cpp:315:19: error: &#39;OCIE0A&#39; was not declared in this scope
     TIMSK0 |= _BV(OCIE0A);   // TIMER0_COMPA trigger on 0x01
                   ^
/home/ec2-user/arduino-testlib/cli-datadir/user/libraries/RotaryEncoder_Zanduino/src/RotaryEncoder.cpp:316:19: error: &#39;OCIE0B&#39; was not declared in this scope
     TIMSK0 |= _BV(OCIE0B);   // TIMER0_COMPB trigger on 0x80
                   ^
/home/ec2-user/arduino-testlib/cli-datadir/user/libraries/RotaryEncoder_Zanduino/src/RotaryEncoder.cpp:320:5: error: &#39;TIMSK0&#39; was not declared in this scope
     TIMSK0 &amp;= ~_BV(OCIE0A);  // TIMER0_COMPA trigger off
     ^~~~~~
/home/ec2-user/arduino-testlib/cli-datadir/user/libraries/RotaryEncoder_Zanduino/src/RotaryEncoder.cpp:320:5: note: suggested alternative: &#39;TIMERA0&#39;
     TIMSK0 &amp;= ~_BV(OCIE0A);  // TIMER0_COMPA trigger off
     ^~~~~~
     TIMERA0
In file included from /home/ec2-user/arduino-testlib/cli-datadir/data/packages/arduino/tools/avr-gcc/7.3.0-atmel3.6.1-arduino5/avr/include/avr/io.h:99:0,
                 from /home/ec2-user/arduino-testlib/cli-datadir/data/packages/arduino/tools/avr-gcc/7.3.0-atmel3.6.1-arduino5/avr/include/avr/pgmspace.h:90,
                 from /home/ec2-user/arduino-testlib/cli-datadir/data/packages/arduino/hardware/megaavr/1.8.7/cores/arduino/api/String.h:31,
                 from /home/ec2-user/arduino-testlib/cli-datadir/data/packages/arduino/hardware/megaavr/1.8.7/cores/arduino/api/IPAddress.h:24,
                 from /home/ec2-user/arduino-testlib/cli-datadir/data/packages/arduino/hardware/megaavr/1.8.7/cores/arduino/api/ArduinoAPI.h:30,
                 from /home/ec2-user/arduino-testlib/cli-datadir/data/packages/arduino/hardware/megaavr/1.8.7/cores/arduino/Arduino.h:23,
                 from /home/ec2-user/arduino-testlib/cli-datadir/user/libraries/RotaryEncoder_Zanduino/src/RotaryEncoder.h:77,
                 from /home/ec2-user/arduino-testlib/cli-datadir/user/libraries/RotaryEncoder_Zanduino/src/RotaryEncoder.cpp:7:
/home/ec2-user/arduino-testlib/cli-datadir/user/libraries/RotaryEncoder_Zanduino/src/RotaryEncoder.cpp:320:20: error: &#39;OCIE0A&#39; was not declared in this scope
     TIMSK0 &amp;= ~_BV(OCIE0A);  // TIMER0_COMPA trigger off
                    ^
/home/ec2-user/arduino-testlib/cli-datadir/user/libraries/RotaryEncoder_Zanduino/src/RotaryEncoder.cpp:321:20: error: &#39;OCIE0B&#39; was not declared in this scope
     TIMSK0 &amp;= ~_BV(OCIE0B);  // TIMER0_COMPB trigger off
                    ^

</pre>

					
					<h4>examples/StandardColors</h4>
					<p>
						Result: <b>FAIL</b>
					</p>
					<pre class="pre-scrollable">/home/ec2-user/arduino-testlib/cli-datadir/user/libraries/RotaryEncoder_Zanduino/examples/StandardColors/StandardColors.ino:62:1: error: &#39;EncoderClass&#39; does not name a type; did you mean &#39;DhcpClass&#39;?
 EncoderClass Encoder(
 ^~~~~~~~~~~~
 DhcpClass
/home/ec2-user/arduino-testlib/cli-datadir/user/libraries/RotaryEncoder_Zanduino/examples/StandardColors/StandardColors.ino: In function &#39;void setup()&#39;:
/home/ec2-user/arduino-testlib/cli-datadir/user/libraries/RotaryEncoder_Zanduino/examples/StandardColors/StandardColors.ino:75:3: error: &#39;Encoder&#39; was not declared in this scope
   Encoder.SetFadeRate(0);      // Turn off fading
   ^~~~~~~
/home/ec2-user/arduino-testlib/cli-datadir/user/libraries/RotaryEncoder_Zanduino/examples/StandardColors/StandardColors.ino: In function &#39;void loop()&#39;:
/home/ec2-user/arduino-testlib/cli-datadir/user/libraries/RotaryEncoder_Zanduino/examples/StandardColors/StandardColors.ino:95:24: error: &#39;Encoder&#39; was not declared in this scope
   static int last    = Encoder.GetEncoderValue();  // Store previous Encoder value
                        ^~~~~~~
Multiple libraries were found for &#34;RotaryEncoder.h&#34;
  Used: /home/ec2-user/arduino-testlib/cli-datadir/user/libraries/RotaryEncoder
  Not used: /home/ec2-user/arduino-testlib/cli-datadir/user/libraries/RotaryEncoder_Zanduino
  Not used: /home/ec2-user/arduino-testlib/cli-datadir/user/libraries/NanoPlayBoard
</pre>
					
				
				<h3 id="arduino:samd:mkrwifi1010">arduino:samd:mkrwifi1010 @ 1.8.12</h3>
				<h4>Inclusion</h4>
				<p>
					Result: <b>FAIL</b>
					
					<br />This library has no main header file so an empty one was created.
					
				</p>
				<pre class="pre-scrollable">/home/ec2-user/arduino-testlib/cli-datadir/user/libraries/RotaryEncoder_Zanduino/src/RotaryEncoder.cpp:52:4: error: expected constructor, destructor, or type conversion before &#39;(&#39; token
 ISR(TIMER0_COMPA_vect) {
    ^
/home/ec2-user/arduino-testlib/cli-datadir/user/libraries/RotaryEncoder_Zanduino/src/RotaryEncoder.cpp:59:4: error: expected constructor, destructor, or type conversion before &#39;(&#39; token
 ISR(TIMER0_COMPB_vect) {
    ^
/home/ec2-user/arduino-testlib/cli-datadir/user/libraries/RotaryEncoder_Zanduino/src/RotaryEncoder.cpp:66:41: error: cannot declare member function &#39;static void EncoderClass::PushButtonISR()&#39; to have static linkage [-fpermissive]
 static void EncoderClass::PushButtonISR() {
                                         ^
/home/ec2-user/arduino-testlib/cli-datadir/user/libraries/RotaryEncoder_Zanduino/src/RotaryEncoder.cpp:73:37: error: cannot declare member function &#39;static void EncoderClass::RotateISR()&#39; to have static linkage [-fpermissive]
 static void EncoderClass::RotateISR() {
                                     ^
/home/ec2-user/arduino-testlib/cli-datadir/user/libraries/RotaryEncoder_Zanduino/src/RotaryEncoder.cpp:80:36: error: cannot declare member function &#39;static void EncoderClass::TimerISR()&#39; to have static linkage [-fpermissive]
 static void EncoderClass::TimerISR() {
                                    ^
/home/ec2-user/arduino-testlib/cli-datadir/user/libraries/RotaryEncoder_Zanduino/src/RotaryEncoder.cpp: In member function &#39;void EncoderClass::SetFadeRate(uint8_t)&#39;:
/home/ec2-user/arduino-testlib/cli-datadir/user/libraries/RotaryEncoder_Zanduino/src/RotaryEncoder.cpp:312:5: error: &#39;cli&#39; was not declared in this scope
     cli();                   // Disable interrupts
     ^~~
/home/ec2-user/arduino-testlib/cli-datadir/user/libraries/RotaryEncoder_Zanduino/src/RotaryEncoder.cpp:312:5: note: suggested alternative: &#39;Gclk&#39;
     cli();                   // Disable interrupts
     ^~~
     Gclk
/home/ec2-user/arduino-testlib/cli-datadir/user/libraries/RotaryEncoder_Zanduino/src/RotaryEncoder.cpp:313:5: error: &#39;OCR0A&#39; was not declared in this scope
     OCR0A = 0x40;            // Comparison register A to 64
     ^~~~~
/home/ec2-user/arduino-testlib/cli-datadir/user/libraries/RotaryEncoder_Zanduino/src/RotaryEncoder.cpp:314:5: error: &#39;OCR0B&#39; was not declared in this scope
     OCR0B = 0xC0;            // Comparison register B to 192
     ^~~~~
/home/ec2-user/arduino-testlib/cli-datadir/user/libraries/RotaryEncoder_Zanduino/src/RotaryEncoder.cpp:315:5: error: &#39;TIMSK0&#39; was not declared in this scope
     TIMSK0 |= _BV(OCIE0A);   // TIMER0_COMPA trigger on 0x01
     ^~~~~~
/home/ec2-user/arduino-testlib/cli-datadir/user/libraries/RotaryEncoder_Zanduino/src/RotaryEncoder.cpp:315:19: error: &#39;OCIE0A&#39; was not declared in this scope
     TIMSK0 |= _BV(OCIE0A);   // TIMER0_COMPA trigger on 0x01
                   ^~~~~~
/home/ec2-user/arduino-testlib/cli-datadir/user/libraries/RotaryEncoder_Zanduino/src/RotaryEncoder.cpp:315:15: error: &#39;_BV&#39; was not declared in this scope
     TIMSK0 |= _BV(OCIE0A);   // TIMER0_COMPA trigger on 0x01
               ^~~
/home/ec2-user/arduino-testlib/cli-datadir/user/libraries/RotaryEncoder_Zanduino/src/RotaryEncoder.cpp:315:15: note: suggested alternative: &#39;_B&#39;
     TIMSK0 |= _BV(OCIE0A);   // TIMER0_COMPA trigger on 0x01
               ^~~
               _B
/home/ec2-user/arduino-testlib/cli-datadir/user/libraries/RotaryEncoder_Zanduino/src/RotaryEncoder.cpp:316:19: error: &#39;OCIE0B&#39; was not declared in this scope
     TIMSK0 |= _BV(OCIE0B);   // TIMER0_COMPB trigger on 0x80
                   ^~~~~~
/home/ec2-user/arduino-testlib/cli-datadir/user/libraries/RotaryEncoder_Zanduino/src/RotaryEncoder.cpp:317:5: error: &#39;sei&#39; was not declared in this scope
     sei();                   // Enable interrupts
     ^~~
/home/ec2-user/arduino-testlib/cli-datadir/user/libraries/RotaryEncoder_Zanduino/src/RotaryEncoder.cpp:319:5: error: &#39;cli&#39; was not declared in this scope
     cli();                   // Disable interrupts
     ^~~
/home/ec2-user/arduino-testlib/cli-datadir/user/libraries/RotaryEncoder_Zanduino/src/RotaryEncoder.cpp:319:5: note: suggested alternative: &#39;Gclk&#39;
     cli();                   // Disable interrupts
     ^~~
     Gclk
/home/ec2-user/arduino-testlib/cli-datadir/user/libraries/RotaryEncoder_Zanduino/src/RotaryEncoder.cpp:320:5: error: &#39;TIMSK0&#39; was not declared in this scope
     TIMSK0 &amp;= ~_BV(OCIE0A);  // TIMER0_COMPA trigger off
     ^~~~~~
/home/ec2-user/arduino-testlib/cli-datadir/user/libraries/RotaryEncoder_Zanduino/src/RotaryEncoder.cpp:320:20: error: &#39;OCIE0A&#39; was not declared in this scope
     TIMSK0 &amp;= ~_BV(OCIE0A);  // TIMER0_COMPA trigger off
                    ^~~~~~
/home/ec2-user/arduino-testlib/cli-datadir/user/libraries/RotaryEncoder_Zanduino/src/RotaryEncoder.cpp:320:16: error: &#39;_BV&#39; was not declared in this scope
     TIMSK0 &amp;= ~_BV(OCIE0A);  // TIMER0_COMPA trigger off
                ^~~
/home/ec2-user/arduino-testlib/cli-datadir/user/libraries/RotaryEncoder_Zanduino/src/RotaryEncoder.cpp:320:16: note: suggested alternative: &#39;_B&#39;
     TIMSK0 &amp;= ~_BV(OCIE0A);  // TIMER0_COMPA trigger off
                ^~~
                _B
/home/ec2-user/arduino-testlib/cli-datadir/user/libraries/RotaryEncoder_Zanduino/src/RotaryEncoder.cpp:321:20: error: &#39;OCIE0B&#39; was not declared in this scope
     TIMSK0 &amp;= ~_BV(OCIE0B);  // TIMER0_COMPB trigger off
                    ^~~~~~
/home/ec2-user/arduino-testlib/cli-datadir/user/libraries/RotaryEncoder_Zanduino/src/RotaryEncoder.cpp:322:5: error: &#39;sei&#39; was not declared in this scope
     sei();                   // Enable interrupts
     ^~~

</pre>

					
					<h4>examples/StandardColors</h4>
					<p>
						Result: <b>FAIL</b>
					</p>
					<pre class="pre-scrollable">/home/ec2-user/arduino-testlib/cli-datadir/user/libraries/RotaryEncoder_Zanduino/examples/StandardColors/StandardColors.ino:62:1: error: &#39;EncoderClass&#39; does not name a type; did you mean &#39;DhcpClass&#39;?
 EncoderClass Encoder(
 ^~~~~~~~~~~~
 DhcpClass
/home/ec2-user/arduino-testlib/cli-datadir/user/libraries/RotaryEncoder_Zanduino/examples/StandardColors/StandardColors.ino: In function &#39;void setup()&#39;:
/home/ec2-user/arduino-testlib/cli-datadir/user/libraries/RotaryEncoder_Zanduino/examples/StandardColors/StandardColors.ino:75:3: error: &#39;Encoder&#39; was not declared in this scope
   Encoder.SetFadeRate(0);      // Turn off fading
   ^~~~~~~
/home/ec2-user/arduino-testlib/cli-datadir/user/libraries/RotaryEncoder_Zanduino/examples/StandardColors/StandardColors.ino:75:3: note: suggested alternative: &#39;RtcMode2&#39;
   Encoder.SetFadeRate(0);      // Turn off fading
   ^~~~~~~
   RtcMode2
/home/ec2-user/arduino-testlib/cli-datadir/user/libraries/RotaryEncoder_Zanduino/examples/StandardColors/StandardColors.ino: In function &#39;void loop()&#39;:
/home/ec2-user/arduino-testlib/cli-datadir/user/libraries/RotaryEncoder_Zanduino/examples/StandardColors/StandardColors.ino:95:24: error: &#39;Encoder&#39; was not declared in this scope
   static int last    = Encoder.GetEncoderValue();  // Store previous Encoder value
                        ^~~~~~~
/home/ec2-user/arduino-testlib/cli-datadir/user/libraries/RotaryEncoder_Zanduino/examples/StandardColors/StandardColors.ino:95:24: note: suggested alternative: &#39;RtcMode2&#39;
   static int last    = Encoder.GetEncoderValue();  // Store previous Encoder value
                        ^~~~~~~
                        RtcMode2
Multiple libraries were found for &#34;RotaryEncoder.h&#34;
  Used: /home/ec2-user/arduino-testlib/cli-datadir/user/libraries/RotaryEncoder
  Not used: /home/ec2-user/arduino-testlib/cli-datadir/user/libraries/RotaryEncoder_Zanduino
  Not used: /home/ec2-user/arduino-testlib/cli-datadir/user/libraries/NanoPlayBoard
</pre>
					
				
				<h3 id="esp32:esp32:d1_mini32">esp32:esp32:d1_mini32 @ 1.0.6</h3>
				<h4>Inclusion</h4>
				<p>
					Result: <b>FAIL</b>
					
				</p>
				<pre class="pre-scrollable">/home/ec2-user/arduino-testlib/cli-datadir/user/libraries/RotaryEncoder_Zanduino/src/RotaryEncoder.cpp: In constructor &#39;EncoderClass::EncoderClass(uint8_t, uint8_t, uint8_t, uint8_t, uint8_t, uint8_t, bool)&#39;:
/home/ec2-user/arduino-testlib/cli-datadir/user/libraries/RotaryEncoder_Zanduino/src/RotaryEncoder.cpp:29:45: error: &#39;analogWrite&#39; was not declared in this scope
   if (RedPin != 255) analogWrite(RedPin, 255);      // If the LED pins are defined,
                                             ^
/home/ec2-user/arduino-testlib/cli-datadir/user/libraries/RotaryEncoder_Zanduino/src/RotaryEncoder.cpp:30:49: error: &#39;analogWrite&#39; was not declared in this scope
   if (GreenPin != 255) analogWrite(GreenPin, 255);  // then turn them off at the start
                                                 ^
/home/ec2-user/arduino-testlib/cli-datadir/user/libraries/RotaryEncoder_Zanduino/src/RotaryEncoder.cpp:31:47: error: &#39;analogWrite&#39; was not declared in this scope
   if (BluePin != 255) analogWrite(BluePin, 255);
                                               ^
/home/ec2-user/arduino-testlib/cli-datadir/user/libraries/RotaryEncoder_Zanduino/src/RotaryEncoder.cpp: At global scope:
/home/ec2-user/arduino-testlib/cli-datadir/user/libraries/RotaryEncoder_Zanduino/src/RotaryEncoder.cpp:52:4: error: expected constructor, destructor, or type conversion before &#39;(&#39; token
 ISR(TIMER0_COMPA_vect) {
    ^
/home/ec2-user/arduino-testlib/cli-datadir/user/libraries/RotaryEncoder_Zanduino/src/RotaryEncoder.cpp:59:4: error: expected constructor, destructor, or type conversion before &#39;(&#39; token
 ISR(TIMER0_COMPB_vect) {
    ^
/home/ec2-user/arduino-testlib/cli-datadir/user/libraries/RotaryEncoder_Zanduino/src/RotaryEncoder.cpp:66:41: error: cannot declare member function &#39;static void EncoderClass::PushButtonISR()&#39; to have static linkage [-fpermissive]
 static void EncoderClass::PushButtonISR() {
                                         ^
/home/ec2-user/arduino-testlib/cli-datadir/user/libraries/RotaryEncoder_Zanduino/src/RotaryEncoder.cpp:73:37: error: cannot declare member function &#39;static void EncoderClass::RotateISR()&#39; to have static linkage [-fpermissive]
 static void EncoderClass::RotateISR() {
                                     ^
/home/ec2-user/arduino-testlib/cli-datadir/user/libraries/RotaryEncoder_Zanduino/src/RotaryEncoder.cpp:80:36: error: cannot declare member function &#39;static void EncoderClass::TimerISR()&#39; to have static linkage [-fpermissive]
 static void EncoderClass::TimerISR() {
                                    ^
/home/ec2-user/arduino-testlib/cli-datadir/user/libraries/RotaryEncoder_Zanduino/src/RotaryEncoder.cpp: In member function &#39;void EncoderClass::TimerHandler()&#39;:
/home/ec2-user/arduino-testlib/cli-datadir/user/libraries/RotaryEncoder_Zanduino/src/RotaryEncoder.cpp:124:38: error: &#39;analogWrite&#39; was not declared in this scope
       analogWrite(_RedPin, _RedActual);      // show the Red,
                                      ^
/home/ec2-user/arduino-testlib/cli-datadir/user/libraries/RotaryEncoder_Zanduino/src/RotaryEncoder.cpp: In member function &#39;void EncoderClass::PushButtonHandler()&#39;:
/home/ec2-user/arduino-testlib/cli-datadir/user/libraries/RotaryEncoder_Zanduino/src/RotaryEncoder.cpp:148:38: error: &#39;analogWrite&#39; was not declared in this scope
       analogWrite(_RedPin, _RedTarget);      // show the Red,
                                      ^
/home/ec2-user/arduino-testlib/cli-datadir/user/libraries/RotaryEncoder_Zanduino/src/RotaryEncoder.cpp: In member function &#39;void EncoderClass::RotateHandler()&#39;:
/home/ec2-user/arduino-testlib/cli-datadir/user/libraries/RotaryEncoder_Zanduino/src/RotaryEncoder.cpp:187:36: error: &#39;analogWrite&#39; was not declared in this scope
     analogWrite(_RedPin, _RedTarget);      // show the Red,
                                    ^
/home/ec2-user/arduino-testlib/cli-datadir/user/libraries/RotaryEncoder_Zanduino/src/RotaryEncoder.cpp: In member function &#39;void EncoderClass::SetColor(uint8_t, uint8_t, uint8_t)&#39;:
/home/ec2-user/arduino-testlib/cli-datadir/user/libraries/RotaryEncoder_Zanduino/src/RotaryEncoder.cpp:219:36: error: &#39;analogWrite&#39; was not declared in this scope
     analogWrite(_RedPin, _RedTarget);      // show the Red,
                                    ^
/home/ec2-user/arduino-testlib/cli-datadir/user/libraries/RotaryEncoder_Zanduino/src/RotaryEncoder.cpp: In member function &#39;void EncoderClass::SetLEDState(bool)&#39;:
/home/ec2-user/arduino-testlib/cli-datadir/user/libraries/RotaryEncoder_Zanduino/src/RotaryEncoder.cpp:270:29: error: &#39;analogWrite&#39; was not declared in this scope
     analogWrite(_RedPin, 255);  // ensure everything is turned off
                             ^
/home/ec2-user/arduino-testlib/cli-datadir/user/libraries/RotaryEncoder_Zanduino/src/RotaryEncoder.cpp: In member function &#39;void EncoderClass::SetFadeRate(uint8_t)&#39;:
/home/ec2-user/arduino-testlib/cli-datadir/user/libraries/RotaryEncoder_Zanduino/src/RotaryEncoder.cpp:313:5: error: &#39;OCR0A&#39; was not declared in this scope
     OCR0A = 0x40;            // Comparison register A to 64
     ^
/home/ec2-user/arduino-testlib/cli-datadir/user/libraries/RotaryEncoder_Zanduino/src/RotaryEncoder.cpp:314:5: error: &#39;OCR0B&#39; was not declared in this scope
     OCR0B = 0xC0;            // Comparison register B to 192
     ^
/home/ec2-user/arduino-testlib/cli-datadir/user/libraries/RotaryEncoder_Zanduino/src/RotaryEncoder.cpp:315:5: error: &#39;TIMSK0&#39; was not declared in this scope
     TIMSK0 |= _BV(OCIE0A);   // TIMER0_COMPA trigger on 0x01
     ^
In file included from /home/ec2-user/arduino-testlib/cli-datadir/user/libraries/RotaryEncoder_Zanduino/src/RotaryEncoder.h:77:0,
                 from /home/ec2-user/arduino-testlib/cli-datadir/user/libraries/RotaryEncoder_Zanduino/src/RotaryEncoder.cpp:7:
/home/ec2-user/arduino-testlib/cli-datadir/user/libraries/RotaryEncoder_Zanduino/src/RotaryEncoder.cpp:315:19: error: &#39;OCIE0A&#39; was not declared in this scope
     TIMSK0 |= _BV(OCIE0A);   // TIMER0_COMPA trigger on 0x01
                   ^
/home/ec2-user/arduino-testlib/cli-datadir/data/packages/esp32/hardware/esp32/1.0.6/cores/esp32/Arduino.h:99:25: note: in definition of macro &#39;_BV&#39;
 #define _BV(b) (1UL &lt;&lt; (b))
                         ^
/home/ec2-user/arduino-testlib/cli-datadir/user/libraries/RotaryEncoder_Zanduino/src/RotaryEncoder.cpp:316:19: error: &#39;OCIE0B&#39; was not declared in this scope
     TIMSK0 |= _BV(OCIE0B);   // TIMER0_COMPB trigger on 0x80
                   ^
/home/ec2-user/arduino-testlib/cli-datadir/data/packages/esp32/hardware/esp32/1.0.6/cores/esp32/Arduino.h:99:25: note: in definition of macro &#39;_BV&#39;
 #define _BV(b) (1UL &lt;&lt; (b))
                         ^
/home/ec2-user/arduino-testlib/cli-datadir/user/libraries/RotaryEncoder_Zanduino/src/RotaryEncoder.cpp:320:5: error: &#39;TIMSK0&#39; was not declared in this scope
     TIMSK0 &amp;= ~_BV(OCIE0A);  // TIMER0_COMPA trigger off
     ^
In file included from /home/ec2-user/arduino-testlib/cli-datadir/user/libraries/RotaryEncoder_Zanduino/src/RotaryEncoder.h:77:0,
                 from /home/ec2-user/arduino-testlib/cli-datadir/user/libraries/RotaryEncoder_Zanduino/src/RotaryEncoder.cpp:7:
/home/ec2-user/arduino-testlib/cli-datadir/user/libraries/RotaryEncoder_Zanduino/src/RotaryEncoder.cpp:320:20: error: &#39;OCIE0A&#39; was not declared in this scope
     TIMSK0 &amp;= ~_BV(OCIE0A);  // TIMER0_COMPA trigger off
                    ^
/home/ec2-user/arduino-testlib/cli-datadir/data/packages/esp32/hardware/esp32/1.0.6/cores/esp32/Arduino.h:99:25: note: in definition of macro &#39;_BV&#39;
 #define _BV(b) (1UL &lt;&lt; (b))
                         ^
/home/ec2-user/arduino-testlib/cli-datadir/user/libraries/RotaryEncoder_Zanduino/src/RotaryEncoder.cpp:321:20: error: &#39;OCIE0B&#39; was not declared in this scope
     TIMSK0 &amp;= ~_BV(OCIE0B);  // TIMER0_COMPB trigger off
                    ^
/home/ec2-user/arduino-testlib/cli-datadir/data/packages/esp32/hardware/esp32/1.0.6/cores/esp32/Arduino.h:99:25: note: in definition of macro &#39;_BV&#39;
 #define _BV(b) (1UL &lt;&lt; (b))
                         ^

</pre>

					
					<h4>examples/StandardColors</h4>
					<p>
						Result: <b>FAIL</b>
					</p>
					<pre class="pre-scrollable">/home/ec2-user/arduino-testlib/cli-datadir/user/libraries/RotaryEncoder_Zanduino/examples/StandardColors/StandardColors.ino:62:1: error: &#39;EncoderClass&#39; does not name a type
 EncoderClass Encoder(
 ^
/home/ec2-user/arduino-testlib/cli-datadir/user/libraries/RotaryEncoder_Zanduino/examples/StandardColors/StandardColors.ino: In function &#39;void setup()&#39;:
/home/ec2-user/arduino-testlib/cli-datadir/user/libraries/RotaryEncoder_Zanduino/examples/StandardColors/StandardColors.ino:75:3: error: &#39;Encoder&#39; was not declared in this scope
   Encoder.SetFadeRate(0);      // Turn off fading
   ^
/home/ec2-user/arduino-testlib/cli-datadir/user/libraries/RotaryEncoder_Zanduino/examples/StandardColors/StandardColors.ino: In function &#39;void loop()&#39;:
/home/ec2-user/arduino-testlib/cli-datadir/user/libraries/RotaryEncoder_Zanduino/examples/StandardColors/StandardColors.ino:95:24: error: &#39;Encoder&#39; was not declared in this scope
   static int last    = Encoder.GetEncoderValue();  // Store previous Encoder value
                        ^
Multiple libraries were found for &#34;RotaryEncoder.h&#34;
  Used: /home/ec2-user/arduino-testlib/cli-datadir/user/libraries/RotaryEncoder
  Not used: /home/ec2-user/arduino-testlib/cli-datadir/user/libraries/RotaryEncoder_Zanduino
  Not used: /home/ec2-user/arduino-testlib/cli-datadir/user/libraries/NanoPlayBoard
</pre>
					
				
			</div>
		</div>
	</div>
  </body>
</html>
