
<!doctype html>
<html lang="en">
  <head>
    <meta charset="utf-8">
    <meta name="viewport" content="width=device-width, initial-scale=1">
    <link href="https://cdn.jsdelivr.net/npm/bootstrap@5.0.2/dist/css/bootstrap.min.css" rel="stylesheet" integrity="sha384-EVSTQN3/azprG1Anm3QDgpJLIm9Nao0Yz1ztcQTwFspd3yD65VohhpuuCOmLASjC" crossorigin="anonymous">
    <title>arduino-testlib report</title>
	<style>
	.pass { background-color: #00FF00 !important; }
	.fail { background-color: #FF0000 !important; }
	</style>
  </head>
  <body>
	<div class="container">
		<div class="row">
			<div class="col">
				<h1>RTC RV-3028-C7 Arduino Library - compatibility matrix</h1>
				<p>
					<small>This report was generated on Wednesday, 23-Feb-22 22:48:15 CET using 
					<a href="https://github.com/alranel/arduino-testlib">arduino-testlib</a>.</small>
				</p>

				<h2>RTC RV-3028-C7 Arduino Library</h2>
				<p>
					Version: <b>2.1.0</b>
					<br />
					<a href="https://www.arduino.cc/reference/en/libraries/rtc-rv-3028-c7-arduino-library/">More details</a>
				</p>

				<h2>Compatibility matrix</h2>
				<table class="table table-bordered">
					<tr>
						<th>Board</th>
						<th>Claims compatibility</th>
						<th>Inclusion</th>
						
						<th><pre>Example1-SetPrint_Time</pre></th>
						
						<th><pre>Example2-SetPrint_UNIXTime</pre></th>
						
						<th><pre>Example3-Trickle_Charging</pre></th>
						
						<th><pre>Example4-Alarm_Interrupt</pre></th>
						
						<th><pre>Example5-BackupSwitchoverMode</pre></th>
						
					</tr>
					
					<tr>
						<td>
							<a href="#arduino%3aavr%3auno"><b>arduino:avr:uno</b></a>
							<br />
							<small>1.8.4</small>
						</td>

						
							<td>Yes</td>
							<td class="pass">PASS</td>
						
						
						
						

						
							
								
									
										
											<td class="pass">PASS</td>
											
										
									
										
									
										
									
										
									
										
									
								
							
								
							
								
							
								
							
								
							
						
							
								
									
										
									
										
											<td class="pass">PASS</td>
											
										
									
										
									
										
									
										
									
								
							
								
							
								
							
								
							
								
							
						
							
								
									
										
									
										
									
										
											<td class="pass">PASS</td>
											
										
									
										
									
										
									
								
							
								
							
								
							
								
							
								
							
						
							
								
									
										
									
										
									
										
									
										
											<td class="pass">PASS</td>
											
										
									
										
									
								
							
								
							
								
							
								
							
								
							
						
							
								
									
										
									
										
									
										
									
										
									
										
											<td class="pass">PASS</td>
											
										
									
								
							
								
							
								
							
								
							
								
							
						
					</tr>
					
					<tr>
						<td>
							<a href="#arduino%3ambed_nano%3ananorp2040connect"><b>arduino:mbed_nano:nanorp2040connect</b></a>
							<br />
							<small>2.7.2</small>
						</td>

						
							<td>Yes</td>
							<td class="pass">PASS</td>
						
						
						
						

						
							
								
							
								
									
										
											
											<td class="fail">FAIL</td>
										
									
										
									
										
									
										
									
										
									
								
							
								
							
								
							
								
							
						
							
								
							
								
									
										
									
										
											
											<td class="fail">FAIL</td>
										
									
										
									
										
									
										
									
								
							
								
							
								
							
								
							
						
							
								
							
								
									
										
									
										
									
										
											
											<td class="fail">FAIL</td>
										
									
										
									
										
									
								
							
								
							
								
							
								
							
						
							
								
							
								
									
										
									
										
									
										
									
										
											
											<td class="fail">FAIL</td>
										
									
										
									
								
							
								
							
								
							
								
							
						
							
								
							
								
									
										
									
										
									
										
									
										
									
										
											
											<td class="fail">FAIL</td>
										
									
								
							
								
							
								
							
								
							
						
					</tr>
					
					<tr>
						<td>
							<a href="#arduino%3amegaavr%3anona4809"><b>arduino:megaavr:nona4809</b></a>
							<br />
							<small>1.8.7</small>
						</td>

						
							<td>Yes</td>
							<td class="pass">PASS</td>
						
						
						
						

						
							
								
							
								
							
								
									
										
											
											<td class="fail">FAIL</td>
										
									
										
									
										
									
										
									
										
									
								
							
								
							
								
							
						
							
								
							
								
							
								
									
										
									
										
											
											<td class="fail">FAIL</td>
										
									
										
									
										
									
										
									
								
							
								
							
								
							
						
							
								
							
								
							
								
									
										
									
										
									
										
											
											<td class="fail">FAIL</td>
										
									
										
									
										
									
								
							
								
							
								
							
						
							
								
							
								
							
								
									
										
									
										
									
										
									
										
											
											<td class="fail">FAIL</td>
										
									
										
									
								
							
								
							
								
							
						
							
								
							
								
							
								
									
										
									
										
									
										
									
										
									
										
											
											<td class="fail">FAIL</td>
										
									
								
							
								
							
								
							
						
					</tr>
					
					<tr>
						<td>
							<a href="#arduino%3asamd%3amkrwifi1010"><b>arduino:samd:mkrwifi1010</b></a>
							<br />
							<small>1.8.12</small>
						</td>

						
							<td>Yes</td>
							<td class="pass">PASS</td>
						
						
						
						

						
							
								
							
								
							
								
							
								
									
										
											<td class="pass">PASS</td>
											
										
									
										
									
										
									
										
									
										
									
								
							
								
							
						
							
								
							
								
							
								
							
								
									
										
									
										
											<td class="pass">PASS</td>
											
										
									
										
									
										
									
										
									
								
							
								
							
						
							
								
							
								
							
								
							
								
									
										
									
										
									
										
											<td class="pass">PASS</td>
											
										
									
										
									
										
									
								
							
								
							
						
							
								
							
								
							
								
							
								
									
										
									
										
									
										
									
										
											<td class="pass">PASS</td>
											
										
									
										
									
								
							
								
							
						
							
								
							
								
							
								
							
								
									
										
									
										
									
										
									
										
									
										
											<td class="pass">PASS</td>
											
										
									
								
							
								
							
						
					</tr>
					
					<tr>
						<td>
							<a href="#esp32%3aesp32%3ad1_mini32"><b>esp32:esp32:d1_mini32</b></a>
							<br />
							<small>1.0.6</small>
						</td>

						
							<td>Yes</td>
							<td class="pass">PASS</td>
						
						
						
						

						
							
								
							
								
							
								
							
								
							
								
									
										
											
											<td class="fail">FAIL</td>
										
									
										
									
										
									
										
									
										
									
								
							
						
							
								
							
								
							
								
							
								
							
								
									
										
									
										
											
											<td class="fail">FAIL</td>
										
									
										
									
										
									
										
									
								
							
						
							
								
							
								
							
								
							
								
							
								
									
										
									
										
									
										
											
											<td class="fail">FAIL</td>
										
									
										
									
										
									
								
							
						
							
								
							
								
							
								
							
								
							
								
									
										
									
										
									
										
									
										
											
											<td class="fail">FAIL</td>
										
									
										
									
								
							
						
							
								
							
								
							
								
							
								
							
								
									
										
									
										
									
										
									
										
									
										
											
											<td class="fail">FAIL</td>
										
									
								
							
						
					</tr>
					
				</table>

				<h2>Compilation logs</h2>
				
				<h3 id="arduino:avr:uno">arduino:avr:uno @ 1.8.4</h3>
				<h4>Inclusion</h4>
				<p>
					Result: <b>PASS</b>
					
					<br />This library has no main header file so an empty one was created.
					
				</p>
				<pre class="pre-scrollable">Sketch uses 1636 bytes (5%) of program storage space. Maximum is 32256 bytes.
Global variables use 122 bytes (5%) of dynamic memory, leaving 1926 bytes for local variables. Maximum is 2048 bytes.
</pre>

					
					<h4>examples/Example1-SetPrint_Time</h4>
					<p>
						Result: <b>PASS</b>
					</p>
					<pre class="pre-scrollable">Sketch uses 8848 bytes (27%) of program storage space. Maximum is 32256 bytes.
Global variables use 748 bytes (36%) of dynamic memory, leaving 1300 bytes for local variables. Maximum is 2048 bytes.
</pre>
					
					<h4>examples/Example2-SetPrint_UNIXTime</h4>
					<p>
						Result: <b>PASS</b>
					</p>
					<pre class="pre-scrollable">Sketch uses 8888 bytes (27%) of program storage space. Maximum is 32256 bytes.
Global variables use 748 bytes (36%) of dynamic memory, leaving 1300 bytes for local variables. Maximum is 2048 bytes.
</pre>
					
					<h4>examples/Example3-Trickle_Charging</h4>
					<p>
						Result: <b>PASS</b>
					</p>
					<pre class="pre-scrollable">Sketch uses 5146 bytes (15%) of program storage space. Maximum is 32256 bytes.
Global variables use 545 bytes (26%) of dynamic memory, leaving 1503 bytes for local variables. Maximum is 2048 bytes.
</pre>
					
					<h4>examples/Example4-Alarm_Interrupt</h4>
					<p>
						Result: <b>PASS</b>
					</p>
					<pre class="pre-scrollable">Sketch uses 9018 bytes (27%) of program storage space. Maximum is 32256 bytes.
Global variables use 706 bytes (34%) of dynamic memory, leaving 1342 bytes for local variables. Maximum is 2048 bytes.
</pre>
					
					<h4>examples/Example5-BackupSwitchoverMode</h4>
					<p>
						Result: <b>PASS</b>
					</p>
					<pre class="pre-scrollable">Sketch uses 5184 bytes (16%) of program storage space. Maximum is 32256 bytes.
Global variables use 551 bytes (26%) of dynamic memory, leaving 1497 bytes for local variables. Maximum is 2048 bytes.
</pre>
					
				
				<h3 id="arduino:mbed_nano:nanorp2040connect">arduino:mbed_nano:nanorp2040connect @ 2.7.2</h3>
				<h4>Inclusion</h4>
				<p>
					Result: <b>PASS</b>
					
				</p>
				<pre class="pre-scrollable">Sketch uses 81706 bytes (0%) of program storage space. Maximum is 16777216 bytes.
Global variables use 44220 bytes (16%) of dynamic memory, leaving 226116 bytes for local variables. Maximum is 270336 bytes.
</pre>

					
					<h4>examples/Example1-SetPrint_Time</h4>
					<p>
						Result: <b>FAIL</b>
					</p>
					<pre class="pre-scrollable">/home/ec2-user/arduino-testlib/cli-datadir/user/libraries/RTC_RV-3028-C7_Arduino_Library/examples/Example1-SetPrint_Time/Example1-SetPrint_Time.ino:16:1: error: &#39;RV3028&#39; does not name a type
 RV3028 rtc;
 ^~~~~~
/home/ec2-user/arduino-testlib/cli-datadir/user/libraries/RTC_RV-3028-C7_Arduino_Library/examples/Example1-SetPrint_Time/Example1-SetPrint_Time.ino: In function &#39;void setup()&#39;:
/home/ec2-user/arduino-testlib/cli-datadir/user/libraries/RTC_RV-3028-C7_Arduino_Library/examples/Example1-SetPrint_Time/Example1-SetPrint_Time.ino:33:3: error: &#39;Wire&#39; was not declared in this scope
   Wire.begin();
   ^~~~
/home/ec2-user/arduino-testlib/cli-datadir/user/libraries/RTC_RV-3028-C7_Arduino_Library/examples/Example1-SetPrint_Time/Example1-SetPrint_Time.ino:33:3: note: suggested alternative: &#39;time&#39;
   Wire.begin();
   ^~~~
   time
/home/ec2-user/arduino-testlib/cli-datadir/user/libraries/RTC_RV-3028-C7_Arduino_Library/examples/Example1-SetPrint_Time/Example1-SetPrint_Time.ino:34:7: error: &#39;rtc&#39; was not declared in this scope
   if (rtc.begin() == false) {
       ^~~
/home/ec2-user/arduino-testlib/cli-datadir/user/libraries/RTC_RV-3028-C7_Arduino_Library/examples/Example1-SetPrint_Time/Example1-SetPrint_Time.ino: In function &#39;void loop()&#39;:
/home/ec2-user/arduino-testlib/cli-datadir/user/libraries/RTC_RV-3028-C7_Arduino_Library/examples/Example1-SetPrint_Time/Example1-SetPrint_Time.ino:46:7: error: &#39;rtc&#39; was not declared in this scope
   if (rtc.updateTime() == false) //Updates the time variables from RTC
       ^~~
/home/ec2-user/arduino-testlib/cli-datadir/user/libraries/RTC_RV-3028-C7_Arduino_Library/examples/Example1-SetPrint_Time/Example1-SetPrint_Time.ino:59:13: error: &#39;rtc&#39; was not declared in this scope
         if (rtc.setToCompilerTime() == false) {
             ^~~
/home/ec2-user/arduino-testlib/cli-datadir/user/libraries/RTC_RV-3028-C7_Arduino_Library/examples/Example1-SetPrint_Time/Example1-SetPrint_Time.ino:68:9: error: &#39;rtc&#39; was not declared in this scope
         rtc.set12Hour();
         ^~~
Multiple libraries were found for &#34;RV-3028-C7.h&#34;
  Used: /home/ec2-user/arduino-testlib/cli-datadir/user/libraries/RV-3028-C7
  Not used: /home/ec2-user/arduino-testlib/cli-datadir/user/libraries/RTC_RV-3028-C7_Arduino_Library
</pre>
					
					<h4>examples/Example2-SetPrint_UNIXTime</h4>
					<p>
						Result: <b>FAIL</b>
					</p>
					<pre class="pre-scrollable">/home/ec2-user/arduino-testlib/cli-datadir/user/libraries/RTC_RV-3028-C7_Arduino_Library/examples/Example2-SetPrint_UNIXTime/Example2-SetPrint_UNIXTime.ino:17:1: error: &#39;RV3028&#39; does not name a type
 RV3028 rtc;
 ^~~~~~
/home/ec2-user/arduino-testlib/cli-datadir/user/libraries/RTC_RV-3028-C7_Arduino_Library/examples/Example2-SetPrint_UNIXTime/Example2-SetPrint_UNIXTime.ino: In function &#39;void setup()&#39;:
/home/ec2-user/arduino-testlib/cli-datadir/user/libraries/RTC_RV-3028-C7_Arduino_Library/examples/Example2-SetPrint_UNIXTime/Example2-SetPrint_UNIXTime.ino:28:3: error: &#39;Wire&#39; was not declared in this scope
   Wire.begin();
   ^~~~
/home/ec2-user/arduino-testlib/cli-datadir/user/libraries/RTC_RV-3028-C7_Arduino_Library/examples/Example2-SetPrint_UNIXTime/Example2-SetPrint_UNIXTime.ino:28:3: note: suggested alternative: &#39;time&#39;
   Wire.begin();
   ^~~~
   time
/home/ec2-user/arduino-testlib/cli-datadir/user/libraries/RTC_RV-3028-C7_Arduino_Library/examples/Example2-SetPrint_UNIXTime/Example2-SetPrint_UNIXTime.ino:29:7: error: &#39;rtc&#39; was not declared in this scope
   if (rtc.begin() == false) {
       ^~~
/home/ec2-user/arduino-testlib/cli-datadir/user/libraries/RTC_RV-3028-C7_Arduino_Library/examples/Example2-SetPrint_UNIXTime/Example2-SetPrint_UNIXTime.ino: In function &#39;void loop()&#39;:
/home/ec2-user/arduino-testlib/cli-datadir/user/libraries/RTC_RV-3028-C7_Arduino_Library/examples/Example2-SetPrint_UNIXTime/Example2-SetPrint_UNIXTime.ino:40:7: error: &#39;rtc&#39; was not declared in this scope
   if (rtc.updateTime() == false) //Updates the time variables from RTC
       ^~~
/home/ec2-user/arduino-testlib/cli-datadir/user/libraries/RTC_RV-3028-C7_Arduino_Library/examples/Example2-SetPrint_UNIXTime/Example2-SetPrint_UNIXTime.ino:55:13: error: &#39;rtc&#39; was not declared in this scope
         if (rtc.setUNIX(UNIX) == false) {
             ^~~
Multiple libraries were found for &#34;RV-3028-C7.h&#34;
  Used: /home/ec2-user/arduino-testlib/cli-datadir/user/libraries/RV-3028-C7
  Not used: /home/ec2-user/arduino-testlib/cli-datadir/user/libraries/RTC_RV-3028-C7_Arduino_Library
</pre>
					
					<h4>examples/Example3-Trickle_Charging</h4>
					<p>
						Result: <b>FAIL</b>
					</p>
					<pre class="pre-scrollable">/home/ec2-user/arduino-testlib/cli-datadir/user/libraries/RTC_RV-3028-C7_Arduino_Library/examples/Example3-Trickle_Charging/Example3-Trickle_Charging.ino:16:1: error: &#39;RV3028&#39; does not name a type
 RV3028 rtc;
 ^~~~~~
/home/ec2-user/arduino-testlib/cli-datadir/user/libraries/RTC_RV-3028-C7_Arduino_Library/examples/Example3-Trickle_Charging/Example3-Trickle_Charging.ino: In function &#39;void setup()&#39;:
/home/ec2-user/arduino-testlib/cli-datadir/user/libraries/RTC_RV-3028-C7_Arduino_Library/examples/Example3-Trickle_Charging/Example3-Trickle_Charging.ino:24:3: error: &#39;Wire&#39; was not declared in this scope
   Wire.begin();
   ^~~~
/home/ec2-user/arduino-testlib/cli-datadir/user/libraries/RTC_RV-3028-C7_Arduino_Library/examples/Example3-Trickle_Charging/Example3-Trickle_Charging.ino:24:3: note: suggested alternative: &#39;time&#39;
   Wire.begin();
   ^~~~
   time
/home/ec2-user/arduino-testlib/cli-datadir/user/libraries/RTC_RV-3028-C7_Arduino_Library/examples/Example3-Trickle_Charging/Example3-Trickle_Charging.ino:25:7: error: &#39;rtc&#39; was not declared in this scope
   if (rtc.begin() == false) {
       ^~~
/home/ec2-user/arduino-testlib/cli-datadir/user/libraries/RTC_RV-3028-C7_Arduino_Library/examples/Example3-Trickle_Charging/Example3-Trickle_Charging.ino:35:18: error: &#39;rtc&#39; was not declared in this scope
   Serial.println(rtc.readConfigEEPROM_RAMmirror(0x37));
                  ^~~
/home/ec2-user/arduino-testlib/cli-datadir/user/libraries/RTC_RV-3028-C7_Arduino_Library/examples/Example3-Trickle_Charging/Example3-Trickle_Charging.ino:37:27: error: &#39;TCR_3K&#39; was not declared in this scope
   rtc.enableTrickleCharge(TCR_3K);   //series resistor 3kOhm
                           ^~~~~~
Multiple libraries were found for &#34;RV-3028-C7.h&#34;
  Used: /home/ec2-user/arduino-testlib/cli-datadir/user/libraries/RV-3028-C7
  Not used: /home/ec2-user/arduino-testlib/cli-datadir/user/libraries/RTC_RV-3028-C7_Arduino_Library
</pre>
					
					<h4>examples/Example4-Alarm_Interrupt</h4>
					<p>
						Result: <b>FAIL</b>
					</p>
					<pre class="pre-scrollable">/home/ec2-user/arduino-testlib/cli-datadir/user/libraries/RTC_RV-3028-C7_Arduino_Library/examples/Example4-Alarm_Interrupt/Example4-Alarm_Interrupt.ino:16:1: error: &#39;RV3028&#39; does not name a type
 RV3028 rtc;
 ^~~~~~
/home/ec2-user/arduino-testlib/cli-datadir/user/libraries/RTC_RV-3028-C7_Arduino_Library/examples/Example4-Alarm_Interrupt/Example4-Alarm_Interrupt.ino: In function &#39;void setup()&#39;:
/home/ec2-user/arduino-testlib/cli-datadir/user/libraries/RTC_RV-3028-C7_Arduino_Library/examples/Example4-Alarm_Interrupt/Example4-Alarm_Interrupt.ino:51:3: error: &#39;Wire&#39; was not declared in this scope
   Wire.begin();
   ^~~~
/home/ec2-user/arduino-testlib/cli-datadir/user/libraries/RTC_RV-3028-C7_Arduino_Library/examples/Example4-Alarm_Interrupt/Example4-Alarm_Interrupt.ino:51:3: note: suggested alternative: &#39;time&#39;
   Wire.begin();
   ^~~~
   time
/home/ec2-user/arduino-testlib/cli-datadir/user/libraries/RTC_RV-3028-C7_Arduino_Library/examples/Example4-Alarm_Interrupt/Example4-Alarm_Interrupt.ino:52:7: error: &#39;rtc&#39; was not declared in this scope
   if (rtc.begin() == false) {
       ^~~
/home/ec2-user/arduino-testlib/cli-datadir/user/libraries/RTC_RV-3028-C7_Arduino_Library/examples/Example4-Alarm_Interrupt/Example4-Alarm_Interrupt.ino:61:3: error: &#39;rtc&#39; was not declared in this scope
   rtc.enableAlarmInterrupt(alm_minute, alm_hour, alm_date_or_weekday, alm_isweekday, alm_mode);
   ^~~
/home/ec2-user/arduino-testlib/cli-datadir/user/libraries/RTC_RV-3028-C7_Arduino_Library/examples/Example4-Alarm_Interrupt/Example4-Alarm_Interrupt.ino: In function &#39;void loop()&#39;:
/home/ec2-user/arduino-testlib/cli-datadir/user/libraries/RTC_RV-3028-C7_Arduino_Library/examples/Example4-Alarm_Interrupt/Example4-Alarm_Interrupt.ino:68:7: error: &#39;rtc&#39; was not declared in this scope
   if (rtc.updateTime() == false) //Updates the time variables from RTC
       ^~~
/home/ec2-user/arduino-testlib/cli-datadir/user/libraries/RTC_RV-3028-C7_Arduino_Library/examples/Example4-Alarm_Interrupt/Example4-Alarm_Interrupt.ino:77:7: error: &#39;rtc&#39; was not declared in this scope
   if (rtc.readAlarmInterruptFlag()) {
       ^~~
/home/ec2-user/arduino-testlib/cli-datadir/user/libraries/RTC_RV-3028-C7_Arduino_Library/examples/Example4-Alarm_Interrupt/Example4-Alarm_Interrupt.ino:92:13: error: &#39;rtc&#39; was not declared in this scope
         if (rtc.setTime(sec, minute, hour, day, date, month, year) == false) {
             ^~~
Multiple libraries were found for &#34;RV-3028-C7.h&#34;
  Used: /home/ec2-user/arduino-testlib/cli-datadir/user/libraries/RV-3028-C7
  Not used: /home/ec2-user/arduino-testlib/cli-datadir/user/libraries/RTC_RV-3028-C7_Arduino_Library
</pre>
					
					<h4>examples/Example5-BackupSwitchoverMode</h4>
					<p>
						Result: <b>FAIL</b>
					</p>
					<pre class="pre-scrollable">/home/ec2-user/arduino-testlib/cli-datadir/user/libraries/RTC_RV-3028-C7_Arduino_Library/examples/Example5-BackupSwitchoverMode/Example5-BackupSwitchoverMode.ino:16:1: error: &#39;RV3028&#39; does not name a type
 RV3028 rtc;
 ^~~~~~
/home/ec2-user/arduino-testlib/cli-datadir/user/libraries/RTC_RV-3028-C7_Arduino_Library/examples/Example5-BackupSwitchoverMode/Example5-BackupSwitchoverMode.ino: In function &#39;void setup()&#39;:
/home/ec2-user/arduino-testlib/cli-datadir/user/libraries/RTC_RV-3028-C7_Arduino_Library/examples/Example5-BackupSwitchoverMode/Example5-BackupSwitchoverMode.ino:24:3: error: &#39;Wire&#39; was not declared in this scope
   Wire.begin();
   ^~~~
/home/ec2-user/arduino-testlib/cli-datadir/user/libraries/RTC_RV-3028-C7_Arduino_Library/examples/Example5-BackupSwitchoverMode/Example5-BackupSwitchoverMode.ino:24:3: note: suggested alternative: &#39;time&#39;
   Wire.begin();
   ^~~~
   time
/home/ec2-user/arduino-testlib/cli-datadir/user/libraries/RTC_RV-3028-C7_Arduino_Library/examples/Example5-BackupSwitchoverMode/Example5-BackupSwitchoverMode.ino:25:7: error: &#39;rtc&#39; was not declared in this scope
   if (rtc.begin() == false) {
       ^~~
/home/ec2-user/arduino-testlib/cli-datadir/user/libraries/RTC_RV-3028-C7_Arduino_Library/examples/Example5-BackupSwitchoverMode/Example5-BackupSwitchoverMode.ino:35:18: error: &#39;rtc&#39; was not declared in this scope
   Serial.println(rtc.readConfigEEPROM_RAMmirror(0x37));
                  ^~~
Multiple libraries were found for &#34;RV-3028-C7.h&#34;
  Used: /home/ec2-user/arduino-testlib/cli-datadir/user/libraries/RV-3028-C7
  Not used: /home/ec2-user/arduino-testlib/cli-datadir/user/libraries/RTC_RV-3028-C7_Arduino_Library
</pre>
					
				
				<h3 id="arduino:megaavr:nona4809">arduino:megaavr:nona4809 @ 1.8.7</h3>
				<h4>Inclusion</h4>
				<p>
					Result: <b>PASS</b>
					
				</p>
				<pre class="pre-scrollable">Sketch uses 3104 bytes (6%) of program storage space. Maximum is 49152 bytes.
Global variables use 317 bytes (5%) of dynamic memory, leaving 5827 bytes for local variables. Maximum is 6144 bytes.
In file included from /home/ec2-user/arduino-testlib/cli-datadir/user/libraries/RTC_RV-3028-C7_Arduino_Library/src/RV-3028-C7.h:28:0,
                 from /home/ec2-user/arduino-testlib/cli-datadir/user/libraries/RTC_RV-3028-C7_Arduino_Library/src/RV-3028-C7.cpp:17:
/home/ec2-user/arduino-testlib/cli-datadir/data/packages/arduino/hardware/megaavr/1.8.7/libraries/Wire/src/Wire.h: In member function &#39;uint8_t RV3028::readRegister(uint8_t)&#39;:
/home/ec2-user/arduino-testlib/cli-datadir/data/packages/arduino/hardware/megaavr/1.8.7/libraries/Wire/src/Wire.h:63:12: note: candidate 1: size_t TwoWire::requestFrom(int, int)
     size_t requestFrom(int, int);
            ^~~~~~~~~~~
/home/ec2-user/arduino-testlib/cli-datadir/data/packages/arduino/hardware/megaavr/1.8.7/libraries/Wire/src/Wire.h:61:12: note: candidate 2: virtual size_t TwoWire::requestFrom(uint8_t, size_t)
     size_t requestFrom(uint8_t, size_t);
            ^~~~~~~~~~~
/home/ec2-user/arduino-testlib/cli-datadir/data/packages/arduino/hardware/megaavr/1.8.7/libraries/Wire/src/Wire.h: In member function &#39;bool RV3028::readMultipleRegisters(uint8_t, uint8_t*, uint8_t)&#39;:
/home/ec2-user/arduino-testlib/cli-datadir/data/packages/arduino/hardware/megaavr/1.8.7/libraries/Wire/src/Wire.h:63:12: note: candidate 1: size_t TwoWire::requestFrom(int, int)
     size_t requestFrom(int, int);
            ^~~~~~~~~~~
/home/ec2-user/arduino-testlib/cli-datadir/data/packages/arduino/hardware/megaavr/1.8.7/libraries/Wire/src/Wire.h:61:12: note: candidate 2: virtual size_t TwoWire::requestFrom(uint8_t, size_t)
     size_t requestFrom(uint8_t, size_t);
            ^~~~~~~~~~~
</pre>

					
					<h4>examples/Example1-SetPrint_Time</h4>
					<p>
						Result: <b>FAIL</b>
					</p>
					<pre class="pre-scrollable">/home/ec2-user/arduino-testlib/cli-datadir/user/libraries/RTC_RV-3028-C7_Arduino_Library/examples/Example1-SetPrint_Time/Example1-SetPrint_Time.ino:16:1: error: &#39;RV3028&#39; does not name a type
 RV3028 rtc;
 ^~~~~~
/home/ec2-user/arduino-testlib/cli-datadir/user/libraries/RTC_RV-3028-C7_Arduino_Library/examples/Example1-SetPrint_Time/Example1-SetPrint_Time.ino: In function &#39;void setup()&#39;:
/home/ec2-user/arduino-testlib/cli-datadir/user/libraries/RTC_RV-3028-C7_Arduino_Library/examples/Example1-SetPrint_Time/Example1-SetPrint_Time.ino:33:3: error: &#39;Wire&#39; was not declared in this scope
   Wire.begin();
   ^~~~
/home/ec2-user/arduino-testlib/cli-datadir/user/libraries/RTC_RV-3028-C7_Arduino_Library/examples/Example1-SetPrint_Time/Example1-SetPrint_Time.ino:34:7: error: &#39;rtc&#39; was not declared in this scope
   if (rtc.begin() == false) {
       ^~~
/home/ec2-user/arduino-testlib/cli-datadir/user/libraries/RTC_RV-3028-C7_Arduino_Library/examples/Example1-SetPrint_Time/Example1-SetPrint_Time.ino: In function &#39;void loop()&#39;:
/home/ec2-user/arduino-testlib/cli-datadir/user/libraries/RTC_RV-3028-C7_Arduino_Library/examples/Example1-SetPrint_Time/Example1-SetPrint_Time.ino:46:7: error: &#39;rtc&#39; was not declared in this scope
   if (rtc.updateTime() == false) //Updates the time variables from RTC
       ^~~
/home/ec2-user/arduino-testlib/cli-datadir/user/libraries/RTC_RV-3028-C7_Arduino_Library/examples/Example1-SetPrint_Time/Example1-SetPrint_Time.ino:59:13: error: &#39;rtc&#39; was not declared in this scope
         if (rtc.setToCompilerTime() == false) {
             ^~~
/home/ec2-user/arduino-testlib/cli-datadir/user/libraries/RTC_RV-3028-C7_Arduino_Library/examples/Example1-SetPrint_Time/Example1-SetPrint_Time.ino:68:9: error: &#39;rtc&#39; was not declared in this scope
         rtc.set12Hour();
         ^~~
Multiple libraries were found for &#34;RV-3028-C7.h&#34;
  Used: /home/ec2-user/arduino-testlib/cli-datadir/user/libraries/RV-3028-C7
  Not used: /home/ec2-user/arduino-testlib/cli-datadir/user/libraries/RTC_RV-3028-C7_Arduino_Library
</pre>
					
					<h4>examples/Example2-SetPrint_UNIXTime</h4>
					<p>
						Result: <b>FAIL</b>
					</p>
					<pre class="pre-scrollable">/home/ec2-user/arduino-testlib/cli-datadir/user/libraries/RTC_RV-3028-C7_Arduino_Library/examples/Example2-SetPrint_UNIXTime/Example2-SetPrint_UNIXTime.ino:17:1: error: &#39;RV3028&#39; does not name a type
 RV3028 rtc;
 ^~~~~~
/home/ec2-user/arduino-testlib/cli-datadir/user/libraries/RTC_RV-3028-C7_Arduino_Library/examples/Example2-SetPrint_UNIXTime/Example2-SetPrint_UNIXTime.ino: In function &#39;void setup()&#39;:
/home/ec2-user/arduino-testlib/cli-datadir/user/libraries/RTC_RV-3028-C7_Arduino_Library/examples/Example2-SetPrint_UNIXTime/Example2-SetPrint_UNIXTime.ino:28:3: error: &#39;Wire&#39; was not declared in this scope
   Wire.begin();
   ^~~~
/home/ec2-user/arduino-testlib/cli-datadir/user/libraries/RTC_RV-3028-C7_Arduino_Library/examples/Example2-SetPrint_UNIXTime/Example2-SetPrint_UNIXTime.ino:29:7: error: &#39;rtc&#39; was not declared in this scope
   if (rtc.begin() == false) {
       ^~~
/home/ec2-user/arduino-testlib/cli-datadir/user/libraries/RTC_RV-3028-C7_Arduino_Library/examples/Example2-SetPrint_UNIXTime/Example2-SetPrint_UNIXTime.ino:29:7: note: suggested alternative: &#39;getc&#39;
   if (rtc.begin() == false) {
       ^~~
       getc
/home/ec2-user/arduino-testlib/cli-datadir/user/libraries/RTC_RV-3028-C7_Arduino_Library/examples/Example2-SetPrint_UNIXTime/Example2-SetPrint_UNIXTime.ino: In function &#39;void loop()&#39;:
/home/ec2-user/arduino-testlib/cli-datadir/user/libraries/RTC_RV-3028-C7_Arduino_Library/examples/Example2-SetPrint_UNIXTime/Example2-SetPrint_UNIXTime.ino:40:7: error: &#39;rtc&#39; was not declared in this scope
   if (rtc.updateTime() == false) //Updates the time variables from RTC
       ^~~
/home/ec2-user/arduino-testlib/cli-datadir/user/libraries/RTC_RV-3028-C7_Arduino_Library/examples/Example2-SetPrint_UNIXTime/Example2-SetPrint_UNIXTime.ino:40:7: note: suggested alternative: &#39;getc&#39;
   if (rtc.updateTime() == false) //Updates the time variables from RTC
       ^~~
       getc
/home/ec2-user/arduino-testlib/cli-datadir/user/libraries/RTC_RV-3028-C7_Arduino_Library/examples/Example2-SetPrint_UNIXTime/Example2-SetPrint_UNIXTime.ino:55:13: error: &#39;rtc&#39; was not declared in this scope
         if (rtc.setUNIX(UNIX) == false) {
             ^~~
/home/ec2-user/arduino-testlib/cli-datadir/user/libraries/RTC_RV-3028-C7_Arduino_Library/examples/Example2-SetPrint_UNIXTime/Example2-SetPrint_UNIXTime.ino:55:13: note: suggested alternative: &#39;getc&#39;
         if (rtc.setUNIX(UNIX) == false) {
             ^~~
             getc
Multiple libraries were found for &#34;RV-3028-C7.h&#34;
  Used: /home/ec2-user/arduino-testlib/cli-datadir/user/libraries/RV-3028-C7
  Not used: /home/ec2-user/arduino-testlib/cli-datadir/user/libraries/RTC_RV-3028-C7_Arduino_Library
</pre>
					
					<h4>examples/Example3-Trickle_Charging</h4>
					<p>
						Result: <b>FAIL</b>
					</p>
					<pre class="pre-scrollable">/home/ec2-user/arduino-testlib/cli-datadir/user/libraries/RTC_RV-3028-C7_Arduino_Library/examples/Example3-Trickle_Charging/Example3-Trickle_Charging.ino:16:1: error: &#39;RV3028&#39; does not name a type
 RV3028 rtc;
 ^~~~~~
/home/ec2-user/arduino-testlib/cli-datadir/user/libraries/RTC_RV-3028-C7_Arduino_Library/examples/Example3-Trickle_Charging/Example3-Trickle_Charging.ino: In function &#39;void setup()&#39;:
/home/ec2-user/arduino-testlib/cli-datadir/user/libraries/RTC_RV-3028-C7_Arduino_Library/examples/Example3-Trickle_Charging/Example3-Trickle_Charging.ino:24:3: error: &#39;Wire&#39; was not declared in this scope
   Wire.begin();
   ^~~~
/home/ec2-user/arduino-testlib/cli-datadir/user/libraries/RTC_RV-3028-C7_Arduino_Library/examples/Example3-Trickle_Charging/Example3-Trickle_Charging.ino:25:7: error: &#39;rtc&#39; was not declared in this scope
   if (rtc.begin() == false) {
       ^~~
/home/ec2-user/arduino-testlib/cli-datadir/user/libraries/RTC_RV-3028-C7_Arduino_Library/examples/Example3-Trickle_Charging/Example3-Trickle_Charging.ino:25:7: note: suggested alternative: &#39;getc&#39;
   if (rtc.begin() == false) {
       ^~~
       getc
/home/ec2-user/arduino-testlib/cli-datadir/user/libraries/RTC_RV-3028-C7_Arduino_Library/examples/Example3-Trickle_Charging/Example3-Trickle_Charging.ino:35:18: error: &#39;rtc&#39; was not declared in this scope
   Serial.println(rtc.readConfigEEPROM_RAMmirror(0x37));
                  ^~~
/home/ec2-user/arduino-testlib/cli-datadir/user/libraries/RTC_RV-3028-C7_Arduino_Library/examples/Example3-Trickle_Charging/Example3-Trickle_Charging.ino:35:18: note: suggested alternative: &#39;getc&#39;
   Serial.println(rtc.readConfigEEPROM_RAMmirror(0x37));
                  ^~~
                  getc
/home/ec2-user/arduino-testlib/cli-datadir/user/libraries/RTC_RV-3028-C7_Arduino_Library/examples/Example3-Trickle_Charging/Example3-Trickle_Charging.ino:37:27: error: &#39;TCR_3K&#39; was not declared in this scope
   rtc.enableTrickleCharge(TCR_3K);   //series resistor 3kOhm
                           ^~~~~~
/home/ec2-user/arduino-testlib/cli-datadir/user/libraries/RTC_RV-3028-C7_Arduino_Library/examples/Example3-Trickle_Charging/Example3-Trickle_Charging.ino:37:27: note: suggested alternative: &#39;TCB_t&#39;
   rtc.enableTrickleCharge(TCR_3K);   //series resistor 3kOhm
                           ^~~~~~
                           TCB_t
Multiple libraries were found for &#34;RV-3028-C7.h&#34;
  Used: /home/ec2-user/arduino-testlib/cli-datadir/user/libraries/RV-3028-C7
  Not used: /home/ec2-user/arduino-testlib/cli-datadir/user/libraries/RTC_RV-3028-C7_Arduino_Library
</pre>
					
					<h4>examples/Example4-Alarm_Interrupt</h4>
					<p>
						Result: <b>FAIL</b>
					</p>
					<pre class="pre-scrollable">/home/ec2-user/arduino-testlib/cli-datadir/user/libraries/RTC_RV-3028-C7_Arduino_Library/examples/Example4-Alarm_Interrupt/Example4-Alarm_Interrupt.ino:16:1: error: &#39;RV3028&#39; does not name a type
 RV3028 rtc;
 ^~~~~~
/home/ec2-user/arduino-testlib/cli-datadir/user/libraries/RTC_RV-3028-C7_Arduino_Library/examples/Example4-Alarm_Interrupt/Example4-Alarm_Interrupt.ino: In function &#39;void setup()&#39;:
/home/ec2-user/arduino-testlib/cli-datadir/user/libraries/RTC_RV-3028-C7_Arduino_Library/examples/Example4-Alarm_Interrupt/Example4-Alarm_Interrupt.ino:51:3: error: &#39;Wire&#39; was not declared in this scope
   Wire.begin();
   ^~~~
/home/ec2-user/arduino-testlib/cli-datadir/user/libraries/RTC_RV-3028-C7_Arduino_Library/examples/Example4-Alarm_Interrupt/Example4-Alarm_Interrupt.ino:52:7: error: &#39;rtc&#39; was not declared in this scope
   if (rtc.begin() == false) {
       ^~~
/home/ec2-user/arduino-testlib/cli-datadir/user/libraries/RTC_RV-3028-C7_Arduino_Library/examples/Example4-Alarm_Interrupt/Example4-Alarm_Interrupt.ino:61:3: error: &#39;rtc&#39; was not declared in this scope
   rtc.enableAlarmInterrupt(alm_minute, alm_hour, alm_date_or_weekday, alm_isweekday, alm_mode);
   ^~~
/home/ec2-user/arduino-testlib/cli-datadir/user/libraries/RTC_RV-3028-C7_Arduino_Library/examples/Example4-Alarm_Interrupt/Example4-Alarm_Interrupt.ino: In function &#39;void loop()&#39;:
/home/ec2-user/arduino-testlib/cli-datadir/user/libraries/RTC_RV-3028-C7_Arduino_Library/examples/Example4-Alarm_Interrupt/Example4-Alarm_Interrupt.ino:68:7: error: &#39;rtc&#39; was not declared in this scope
   if (rtc.updateTime() == false) //Updates the time variables from RTC
       ^~~
/home/ec2-user/arduino-testlib/cli-datadir/user/libraries/RTC_RV-3028-C7_Arduino_Library/examples/Example4-Alarm_Interrupt/Example4-Alarm_Interrupt.ino:77:7: error: &#39;rtc&#39; was not declared in this scope
   if (rtc.readAlarmInterruptFlag()) {
       ^~~
/home/ec2-user/arduino-testlib/cli-datadir/user/libraries/RTC_RV-3028-C7_Arduino_Library/examples/Example4-Alarm_Interrupt/Example4-Alarm_Interrupt.ino:92:13: error: &#39;rtc&#39; was not declared in this scope
         if (rtc.setTime(sec, minute, hour, day, date, month, year) == false) {
             ^~~
Multiple libraries were found for &#34;RV-3028-C7.h&#34;
  Used: /home/ec2-user/arduino-testlib/cli-datadir/user/libraries/RV-3028-C7
  Not used: /home/ec2-user/arduino-testlib/cli-datadir/user/libraries/RTC_RV-3028-C7_Arduino_Library
</pre>
					
					<h4>examples/Example5-BackupSwitchoverMode</h4>
					<p>
						Result: <b>FAIL</b>
					</p>
					<pre class="pre-scrollable">/home/ec2-user/arduino-testlib/cli-datadir/user/libraries/RTC_RV-3028-C7_Arduino_Library/examples/Example5-BackupSwitchoverMode/Example5-BackupSwitchoverMode.ino:16:1: error: &#39;RV3028&#39; does not name a type
 RV3028 rtc;
 ^~~~~~
/home/ec2-user/arduino-testlib/cli-datadir/user/libraries/RTC_RV-3028-C7_Arduino_Library/examples/Example5-BackupSwitchoverMode/Example5-BackupSwitchoverMode.ino: In function &#39;void setup()&#39;:
/home/ec2-user/arduino-testlib/cli-datadir/user/libraries/RTC_RV-3028-C7_Arduino_Library/examples/Example5-BackupSwitchoverMode/Example5-BackupSwitchoverMode.ino:24:3: error: &#39;Wire&#39; was not declared in this scope
   Wire.begin();
   ^~~~
/home/ec2-user/arduino-testlib/cli-datadir/user/libraries/RTC_RV-3028-C7_Arduino_Library/examples/Example5-BackupSwitchoverMode/Example5-BackupSwitchoverMode.ino:25:7: error: &#39;rtc&#39; was not declared in this scope
   if (rtc.begin() == false) {
       ^~~
/home/ec2-user/arduino-testlib/cli-datadir/user/libraries/RTC_RV-3028-C7_Arduino_Library/examples/Example5-BackupSwitchoverMode/Example5-BackupSwitchoverMode.ino:25:7: note: suggested alternative: &#39;getc&#39;
   if (rtc.begin() == false) {
       ^~~
       getc
/home/ec2-user/arduino-testlib/cli-datadir/user/libraries/RTC_RV-3028-C7_Arduino_Library/examples/Example5-BackupSwitchoverMode/Example5-BackupSwitchoverMode.ino:35:18: error: &#39;rtc&#39; was not declared in this scope
   Serial.println(rtc.readConfigEEPROM_RAMmirror(0x37));
                  ^~~
/home/ec2-user/arduino-testlib/cli-datadir/user/libraries/RTC_RV-3028-C7_Arduino_Library/examples/Example5-BackupSwitchoverMode/Example5-BackupSwitchoverMode.ino:35:18: note: suggested alternative: &#39;getc&#39;
   Serial.println(rtc.readConfigEEPROM_RAMmirror(0x37));
                  ^~~
                  getc
Multiple libraries were found for &#34;RV-3028-C7.h&#34;
  Used: /home/ec2-user/arduino-testlib/cli-datadir/user/libraries/RV-3028-C7
  Not used: /home/ec2-user/arduino-testlib/cli-datadir/user/libraries/RTC_RV-3028-C7_Arduino_Library
</pre>
					
				
				<h3 id="arduino:samd:mkrwifi1010">arduino:samd:mkrwifi1010 @ 1.8.12</h3>
				<h4>Inclusion</h4>
				<p>
					Result: <b>PASS</b>
					
					<br />This library has no main header file so an empty one was created.
					
				</p>
				<pre class="pre-scrollable">Sketch uses 13588 bytes (5%) of program storage space. Maximum is 262144 bytes.
Global variables use 3568 bytes (10%) of dynamic memory, leaving 29200 bytes for local variables. Maximum is 32768 bytes.
</pre>

					
					<h4>examples/Example1-SetPrint_Time</h4>
					<p>
						Result: <b>PASS</b>
					</p>
					<pre class="pre-scrollable">Sketch uses 32932 bytes (12%) of program storage space. Maximum is 262144 bytes.
Global variables use 3976 bytes (12%) of dynamic memory, leaving 28792 bytes for local variables. Maximum is 32768 bytes.
</pre>
					
					<h4>examples/Example2-SetPrint_UNIXTime</h4>
					<p>
						Result: <b>PASS</b>
					</p>
					<pre class="pre-scrollable">Sketch uses 32916 bytes (12%) of program storage space. Maximum is 262144 bytes.
Global variables use 3976 bytes (12%) of dynamic memory, leaving 28792 bytes for local variables. Maximum is 32768 bytes.
</pre>
					
					<h4>examples/Example3-Trickle_Charging</h4>
					<p>
						Result: <b>PASS</b>
					</p>
					<pre class="pre-scrollable">Sketch uses 14972 bytes (5%) of program storage space. Maximum is 262144 bytes.
Global variables use 3580 bytes (10%) of dynamic memory, leaving 29188 bytes for local variables. Maximum is 32768 bytes.
</pre>
					
					<h4>examples/Example4-Alarm_Interrupt</h4>
					<p>
						Result: <b>PASS</b>
					</p>
					<pre class="pre-scrollable">Sketch uses 33636 bytes (12%) of program storage space. Maximum is 262144 bytes.
Global variables use 4020 bytes (12%) of dynamic memory, leaving 28748 bytes for local variables. Maximum is 32768 bytes.
</pre>
					
					<h4>examples/Example5-BackupSwitchoverMode</h4>
					<p>
						Result: <b>PASS</b>
					</p>
					<pre class="pre-scrollable">Sketch uses 14956 bytes (5%) of program storage space. Maximum is 262144 bytes.
Global variables use 3580 bytes (10%) of dynamic memory, leaving 29188 bytes for local variables. Maximum is 32768 bytes.
</pre>
					
				
				<h3 id="esp32:esp32:d1_mini32">esp32:esp32:d1_mini32 @ 1.0.6</h3>
				<h4>Inclusion</h4>
				<p>
					Result: <b>PASS</b>
					
				</p>
				<pre class="pre-scrollable">Sketch uses 203786 bytes (15%) of program storage space. Maximum is 1310720 bytes.
Global variables use 13880 bytes (4%) of dynamic memory, leaving 313800 bytes for local variables. Maximum is 327680 bytes.
</pre>

					
					<h4>examples/Example1-SetPrint_Time</h4>
					<p>
						Result: <b>FAIL</b>
					</p>
					<pre class="pre-scrollable">/home/ec2-user/arduino-testlib/cli-datadir/user/libraries/RTC_RV-3028-C7_Arduino_Library/examples/Example1-SetPrint_Time/Example1-SetPrint_Time.ino:16:1: error: &#39;RV3028&#39; does not name a type
 RV3028 rtc;
 ^
/home/ec2-user/arduino-testlib/cli-datadir/user/libraries/RTC_RV-3028-C7_Arduino_Library/examples/Example1-SetPrint_Time/Example1-SetPrint_Time.ino: In function &#39;void setup()&#39;:
/home/ec2-user/arduino-testlib/cli-datadir/user/libraries/RTC_RV-3028-C7_Arduino_Library/examples/Example1-SetPrint_Time/Example1-SetPrint_Time.ino:33:3: error: &#39;Wire&#39; was not declared in this scope
   Wire.begin();
   ^
/home/ec2-user/arduino-testlib/cli-datadir/user/libraries/RTC_RV-3028-C7_Arduino_Library/examples/Example1-SetPrint_Time/Example1-SetPrint_Time.ino:34:7: error: &#39;rtc&#39; was not declared in this scope
   if (rtc.begin() == false) {
       ^
/home/ec2-user/arduino-testlib/cli-datadir/user/libraries/RTC_RV-3028-C7_Arduino_Library/examples/Example1-SetPrint_Time/Example1-SetPrint_Time.ino: In function &#39;void loop()&#39;:
/home/ec2-user/arduino-testlib/cli-datadir/user/libraries/RTC_RV-3028-C7_Arduino_Library/examples/Example1-SetPrint_Time/Example1-SetPrint_Time.ino:46:7: error: &#39;rtc&#39; was not declared in this scope
   if (rtc.updateTime() == false) //Updates the time variables from RTC
       ^
/home/ec2-user/arduino-testlib/cli-datadir/user/libraries/RTC_RV-3028-C7_Arduino_Library/examples/Example1-SetPrint_Time/Example1-SetPrint_Time.ino:59:13: error: &#39;rtc&#39; was not declared in this scope
         if (rtc.setToCompilerTime() == false) {
             ^
/home/ec2-user/arduino-testlib/cli-datadir/user/libraries/RTC_RV-3028-C7_Arduino_Library/examples/Example1-SetPrint_Time/Example1-SetPrint_Time.ino:68:9: error: &#39;rtc&#39; was not declared in this scope
         rtc.set12Hour();
         ^
Multiple libraries were found for &#34;RV-3028-C7.h&#34;
  Used: /home/ec2-user/arduino-testlib/cli-datadir/user/libraries/RV-3028-C7
  Not used: /home/ec2-user/arduino-testlib/cli-datadir/user/libraries/RTC_RV-3028-C7_Arduino_Library
</pre>
					
					<h4>examples/Example2-SetPrint_UNIXTime</h4>
					<p>
						Result: <b>FAIL</b>
					</p>
					<pre class="pre-scrollable">/home/ec2-user/arduino-testlib/cli-datadir/user/libraries/RTC_RV-3028-C7_Arduino_Library/examples/Example2-SetPrint_UNIXTime/Example2-SetPrint_UNIXTime.ino:17:1: error: &#39;RV3028&#39; does not name a type
 RV3028 rtc;
 ^
/home/ec2-user/arduino-testlib/cli-datadir/user/libraries/RTC_RV-3028-C7_Arduino_Library/examples/Example2-SetPrint_UNIXTime/Example2-SetPrint_UNIXTime.ino: In function &#39;void setup()&#39;:
/home/ec2-user/arduino-testlib/cli-datadir/user/libraries/RTC_RV-3028-C7_Arduino_Library/examples/Example2-SetPrint_UNIXTime/Example2-SetPrint_UNIXTime.ino:28:3: error: &#39;Wire&#39; was not declared in this scope
   Wire.begin();
   ^
/home/ec2-user/arduino-testlib/cli-datadir/user/libraries/RTC_RV-3028-C7_Arduino_Library/examples/Example2-SetPrint_UNIXTime/Example2-SetPrint_UNIXTime.ino:29:7: error: &#39;rtc&#39; was not declared in this scope
   if (rtc.begin() == false) {
       ^
/home/ec2-user/arduino-testlib/cli-datadir/user/libraries/RTC_RV-3028-C7_Arduino_Library/examples/Example2-SetPrint_UNIXTime/Example2-SetPrint_UNIXTime.ino: In function &#39;void loop()&#39;:
/home/ec2-user/arduino-testlib/cli-datadir/user/libraries/RTC_RV-3028-C7_Arduino_Library/examples/Example2-SetPrint_UNIXTime/Example2-SetPrint_UNIXTime.ino:40:7: error: &#39;rtc&#39; was not declared in this scope
   if (rtc.updateTime() == false) //Updates the time variables from RTC
       ^
/home/ec2-user/arduino-testlib/cli-datadir/user/libraries/RTC_RV-3028-C7_Arduino_Library/examples/Example2-SetPrint_UNIXTime/Example2-SetPrint_UNIXTime.ino:55:13: error: &#39;rtc&#39; was not declared in this scope
         if (rtc.setUNIX(UNIX) == false) {
             ^
Multiple libraries were found for &#34;RV-3028-C7.h&#34;
  Used: /home/ec2-user/arduino-testlib/cli-datadir/user/libraries/RV-3028-C7
  Not used: /home/ec2-user/arduino-testlib/cli-datadir/user/libraries/RTC_RV-3028-C7_Arduino_Library
</pre>
					
					<h4>examples/Example3-Trickle_Charging</h4>
					<p>
						Result: <b>FAIL</b>
					</p>
					<pre class="pre-scrollable">/home/ec2-user/arduino-testlib/cli-datadir/user/libraries/RTC_RV-3028-C7_Arduino_Library/examples/Example3-Trickle_Charging/Example3-Trickle_Charging.ino:16:1: error: &#39;RV3028&#39; does not name a type
 RV3028 rtc;
 ^
/home/ec2-user/arduino-testlib/cli-datadir/user/libraries/RTC_RV-3028-C7_Arduino_Library/examples/Example3-Trickle_Charging/Example3-Trickle_Charging.ino: In function &#39;void setup()&#39;:
/home/ec2-user/arduino-testlib/cli-datadir/user/libraries/RTC_RV-3028-C7_Arduino_Library/examples/Example3-Trickle_Charging/Example3-Trickle_Charging.ino:24:3: error: &#39;Wire&#39; was not declared in this scope
   Wire.begin();
   ^
/home/ec2-user/arduino-testlib/cli-datadir/user/libraries/RTC_RV-3028-C7_Arduino_Library/examples/Example3-Trickle_Charging/Example3-Trickle_Charging.ino:25:7: error: &#39;rtc&#39; was not declared in this scope
   if (rtc.begin() == false) {
       ^
/home/ec2-user/arduino-testlib/cli-datadir/user/libraries/RTC_RV-3028-C7_Arduino_Library/examples/Example3-Trickle_Charging/Example3-Trickle_Charging.ino:35:18: error: &#39;rtc&#39; was not declared in this scope
   Serial.println(rtc.readConfigEEPROM_RAMmirror(0x37));
                  ^
/home/ec2-user/arduino-testlib/cli-datadir/user/libraries/RTC_RV-3028-C7_Arduino_Library/examples/Example3-Trickle_Charging/Example3-Trickle_Charging.ino:37:27: error: &#39;TCR_3K&#39; was not declared in this scope
   rtc.enableTrickleCharge(TCR_3K);   //series resistor 3kOhm
                           ^
Multiple libraries were found for &#34;RV-3028-C7.h&#34;
  Used: /home/ec2-user/arduino-testlib/cli-datadir/user/libraries/RV-3028-C7
  Not used: /home/ec2-user/arduino-testlib/cli-datadir/user/libraries/RTC_RV-3028-C7_Arduino_Library
</pre>
					
					<h4>examples/Example4-Alarm_Interrupt</h4>
					<p>
						Result: <b>FAIL</b>
					</p>
					<pre class="pre-scrollable">/home/ec2-user/arduino-testlib/cli-datadir/user/libraries/RTC_RV-3028-C7_Arduino_Library/examples/Example4-Alarm_Interrupt/Example4-Alarm_Interrupt.ino:16:1: error: &#39;RV3028&#39; does not name a type
 RV3028 rtc;
 ^
/home/ec2-user/arduino-testlib/cli-datadir/user/libraries/RTC_RV-3028-C7_Arduino_Library/examples/Example4-Alarm_Interrupt/Example4-Alarm_Interrupt.ino: In function &#39;void setup()&#39;:
/home/ec2-user/arduino-testlib/cli-datadir/user/libraries/RTC_RV-3028-C7_Arduino_Library/examples/Example4-Alarm_Interrupt/Example4-Alarm_Interrupt.ino:51:3: error: &#39;Wire&#39; was not declared in this scope
   Wire.begin();
   ^
/home/ec2-user/arduino-testlib/cli-datadir/user/libraries/RTC_RV-3028-C7_Arduino_Library/examples/Example4-Alarm_Interrupt/Example4-Alarm_Interrupt.ino:52:7: error: &#39;rtc&#39; was not declared in this scope
   if (rtc.begin() == false) {
       ^
/home/ec2-user/arduino-testlib/cli-datadir/user/libraries/RTC_RV-3028-C7_Arduino_Library/examples/Example4-Alarm_Interrupt/Example4-Alarm_Interrupt.ino:61:3: error: &#39;rtc&#39; was not declared in this scope
   rtc.enableAlarmInterrupt(alm_minute, alm_hour, alm_date_or_weekday, alm_isweekday, alm_mode);
   ^
/home/ec2-user/arduino-testlib/cli-datadir/user/libraries/RTC_RV-3028-C7_Arduino_Library/examples/Example4-Alarm_Interrupt/Example4-Alarm_Interrupt.ino: In function &#39;void loop()&#39;:
/home/ec2-user/arduino-testlib/cli-datadir/user/libraries/RTC_RV-3028-C7_Arduino_Library/examples/Example4-Alarm_Interrupt/Example4-Alarm_Interrupt.ino:68:7: error: &#39;rtc&#39; was not declared in this scope
   if (rtc.updateTime() == false) //Updates the time variables from RTC
       ^
/home/ec2-user/arduino-testlib/cli-datadir/user/libraries/RTC_RV-3028-C7_Arduino_Library/examples/Example4-Alarm_Interrupt/Example4-Alarm_Interrupt.ino:77:7: error: &#39;rtc&#39; was not declared in this scope
   if (rtc.readAlarmInterruptFlag()) {
       ^
/home/ec2-user/arduino-testlib/cli-datadir/user/libraries/RTC_RV-3028-C7_Arduino_Library/examples/Example4-Alarm_Interrupt/Example4-Alarm_Interrupt.ino:92:13: error: &#39;rtc&#39; was not declared in this scope
         if (rtc.setTime(sec, minute, hour, day, date, month, year) == false) {
             ^
Multiple libraries were found for &#34;RV-3028-C7.h&#34;
  Used: /home/ec2-user/arduino-testlib/cli-datadir/user/libraries/RV-3028-C7
  Not used: /home/ec2-user/arduino-testlib/cli-datadir/user/libraries/RTC_RV-3028-C7_Arduino_Library
</pre>
					
					<h4>examples/Example5-BackupSwitchoverMode</h4>
					<p>
						Result: <b>FAIL</b>
					</p>
					<pre class="pre-scrollable">/home/ec2-user/arduino-testlib/cli-datadir/user/libraries/RTC_RV-3028-C7_Arduino_Library/examples/Example5-BackupSwitchoverMode/Example5-BackupSwitchoverMode.ino:16:1: error: &#39;RV3028&#39; does not name a type
 RV3028 rtc;
 ^
/home/ec2-user/arduino-testlib/cli-datadir/user/libraries/RTC_RV-3028-C7_Arduino_Library/examples/Example5-BackupSwitchoverMode/Example5-BackupSwitchoverMode.ino: In function &#39;void setup()&#39;:
/home/ec2-user/arduino-testlib/cli-datadir/user/libraries/RTC_RV-3028-C7_Arduino_Library/examples/Example5-BackupSwitchoverMode/Example5-BackupSwitchoverMode.ino:24:3: error: &#39;Wire&#39; was not declared in this scope
   Wire.begin();
   ^
/home/ec2-user/arduino-testlib/cli-datadir/user/libraries/RTC_RV-3028-C7_Arduino_Library/examples/Example5-BackupSwitchoverMode/Example5-BackupSwitchoverMode.ino:25:7: error: &#39;rtc&#39; was not declared in this scope
   if (rtc.begin() == false) {
       ^
/home/ec2-user/arduino-testlib/cli-datadir/user/libraries/RTC_RV-3028-C7_Arduino_Library/examples/Example5-BackupSwitchoverMode/Example5-BackupSwitchoverMode.ino:35:18: error: &#39;rtc&#39; was not declared in this scope
   Serial.println(rtc.readConfigEEPROM_RAMmirror(0x37));
                  ^
Multiple libraries were found for &#34;RV-3028-C7.h&#34;
  Used: /home/ec2-user/arduino-testlib/cli-datadir/user/libraries/RV-3028-C7
  Not used: /home/ec2-user/arduino-testlib/cli-datadir/user/libraries/RTC_RV-3028-C7_Arduino_Library
</pre>
					
				
			</div>
		</div>
	</div>
  </body>
</html>
