
<!doctype html>
<html lang="en">
  <head>
    <meta charset="utf-8">
    <meta name="viewport" content="width=device-width, initial-scale=1">
    <link href="https://cdn.jsdelivr.net/npm/bootstrap@5.0.2/dist/css/bootstrap.min.css" rel="stylesheet" integrity="sha384-EVSTQN3/azprG1Anm3QDgpJLIm9Nao0Yz1ztcQTwFspd3yD65VohhpuuCOmLASjC" crossorigin="anonymous">
    <title>arduino-testlib report</title>
	<style>
	.pass { background-color: #00FF00 !important; }
	.fail { background-color: #FF0000 !important; }
	</style>
  </head>
  <body>
	<div class="container">
		<div class="row">
			<div class="col">
				<h1>Rtc_Pcf8563 - compatibility matrix</h1>
				<p>
					<small>This report was generated on Monday, 21-Feb-22 12:00:25 CET using 
					<a href="https://github.com/alranel/arduino-testlib">arduino-testlib</a>.</small>
				</p>

				<h2>Rtc_Pcf8563</h2>
				<p>
					Version: <b>1.0.3</b>
					<br />
					<a href="https://www.arduino.cc/reference/en/libraries/rtc_pcf8563/">More details</a>
				</p>

				<h2>Compatibility matrix</h2>
				<table class="table table-bordered">
					<tr>
						<th>Board</th>
						<th>Claims compatibility</th>
						<th>Inclusion</th>
						
						<th><pre>function_test</pre></th>
						
						<th><pre>lcd_clock</pre></th>
						
						<th><pre>set_alarm</pre></th>
						
						<th><pre>set_clock</pre></th>
						
					</tr>
					
					<tr>
						<td>
							<a href="#arduino%3aavr%3auno"><b>arduino:avr:uno</b></a>
							<br />
							<small>1.8.4</small>
						</td>

						
						
						
							<td>Yes ⚠️</td>
							<td class="fail">FAIL</td>
						
						

						
							
								
									
										
											<td class="pass">PASS</td>
											
										
									
										
									
										
									
										
									
								
							
								
							
								
							
								
							
								
							
						
							
								
									
										
									
										
											<td class="pass">PASS</td>
											
										
									
										
									
										
									
								
							
								
							
								
							
								
							
								
							
						
							
								
									
										
									
										
									
										
											<td class="pass">PASS</td>
											
										
									
										
									
								
							
								
							
								
							
								
							
								
							
						
							
								
									
										
									
										
									
										
									
										
											<td class="pass">PASS</td>
											
										
									
								
							
								
							
								
							
								
							
								
							
						
					</tr>
					
					<tr>
						<td>
							<a href="#arduino%3ambed_nano%3ananorp2040connect"><b>arduino:mbed_nano:nanorp2040connect</b></a>
							<br />
							<small>2.7.2</small>
						</td>

						
						
						
						
							<td>No</td>
							<td class="fail">FAIL</td>
						

						
							
								
							
								
									
										
											
											<td class="fail">FAIL</td>
										
									
										
									
										
									
										
									
								
							
								
							
								
							
								
							
						
							
								
							
								
									
										
									
										
											
											<td class="fail">FAIL</td>
										
									
										
									
										
									
								
							
								
							
								
							
								
							
						
							
								
							
								
									
										
									
										
									
										
											
											<td class="fail">FAIL</td>
										
									
										
									
								
							
								
							
								
							
								
							
						
							
								
							
								
									
										
									
										
									
										
									
										
											
											<td class="fail">FAIL</td>
										
									
								
							
								
							
								
							
								
							
						
					</tr>
					
					<tr>
						<td>
							<a href="#arduino%3amegaavr%3anona4809"><b>arduino:megaavr:nona4809</b></a>
							<br />
							<small>1.8.7</small>
						</td>

						
						
						
						
							<td>No</td>
							<td class="fail">FAIL</td>
						

						
							
								
							
								
							
								
									
										
											
											<td class="fail">FAIL</td>
										
									
										
									
										
									
										
									
								
							
								
							
								
							
						
							
								
							
								
							
								
									
										
									
										
											
											<td class="fail">FAIL</td>
										
									
										
									
										
									
								
							
								
							
								
							
						
							
								
							
								
							
								
									
										
									
										
									
										
											
											<td class="fail">FAIL</td>
										
									
										
									
								
							
								
							
								
							
						
							
								
							
								
							
								
									
										
									
										
									
										
									
										
											
											<td class="fail">FAIL</td>
										
									
								
							
								
							
								
							
						
					</tr>
					
					<tr>
						<td>
							<a href="#arduino%3asamd%3amkrwifi1010"><b>arduino:samd:mkrwifi1010</b></a>
							<br />
							<small>1.8.12</small>
						</td>

						
						
						
						
							<td>No</td>
							<td class="fail">FAIL</td>
						

						
							
								
							
								
							
								
							
								
									
										
											
											<td class="fail">FAIL</td>
										
									
										
									
										
									
										
									
								
							
								
							
						
							
								
							
								
							
								
							
								
									
										
									
										
											
											<td class="fail">FAIL</td>
										
									
										
									
										
									
								
							
								
							
						
							
								
							
								
							
								
							
								
									
										
									
										
									
										
											
											<td class="fail">FAIL</td>
										
									
										
									
								
							
								
							
						
							
								
							
								
							
								
							
								
									
										
									
										
									
										
									
										
											
											<td class="fail">FAIL</td>
										
									
								
							
								
							
						
					</tr>
					
					<tr>
						<td>
							<a href="#esp32%3aesp32%3ad1_mini32"><b>esp32:esp32:d1_mini32</b></a>
							<br />
							<small>1.0.6</small>
						</td>

						
						
						
						
							<td>No</td>
							<td class="fail">FAIL</td>
						

						
							
								
							
								
							
								
							
								
							
								
									
										
											
											<td class="fail">FAIL</td>
										
									
										
									
										
									
										
									
								
							
						
							
								
							
								
							
								
							
								
							
								
									
										
									
										
											
											<td class="fail">FAIL</td>
										
									
										
									
										
									
								
							
						
							
								
							
								
							
								
							
								
							
								
									
										
									
										
									
										
											
											<td class="fail">FAIL</td>
										
									
										
									
								
							
						
							
								
							
								
							
								
							
								
							
								
									
										
									
										
									
										
									
										
											
											<td class="fail">FAIL</td>
										
									
								
							
						
					</tr>
					
				</table>

				<h2>Compilation logs</h2>
				
				<h3 id="arduino:avr:uno">arduino:avr:uno @ 1.8.4</h3>
				<h4>Inclusion</h4>
				<p>
					Result: <b>FAIL</b>
					
				</p>
				<pre class="pre-scrollable">/tmp/arduino-testlib3708840084/test/test.ino:1:10: fatal error: Rtc_Pcf8563: No such file or directory
 #include &lt;Rtc_Pcf8563&gt;
          ^~~~~~~~~~~~~
compilation terminated.

</pre>

					
					<h4>examples/function_test</h4>
					<p>
						Result: <b>PASS</b>
					</p>
					<pre class="pre-scrollable">Sketch uses 5148 bytes (15%) of program storage space. Maximum is 32256 bytes.
Global variables use 614 bytes (29%) of dynamic memory, leaving 1434 bytes for local variables. Maximum is 2048 bytes.
</pre>
					
					<h4>examples/lcd_clock</h4>
					<p>
						Result: <b>PASS</b>
					</p>
					<pre class="pre-scrollable">Sketch uses 4892 bytes (15%) of program storage space. Maximum is 32256 bytes.
Global variables use 297 bytes (14%) of dynamic memory, leaving 1751 bytes for local variables. Maximum is 2048 bytes.
</pre>
					
					<h4>examples/set_alarm</h4>
					<p>
						Result: <b>PASS</b>
					</p>
					<pre class="pre-scrollable">Sketch uses 5558 bytes (17%) of program storage space. Maximum is 32256 bytes.
Global variables use 460 bytes (22%) of dynamic memory, leaving 1588 bytes for local variables. Maximum is 2048 bytes.
</pre>
					
					<h4>examples/set_clock</h4>
					<p>
						Result: <b>PASS</b>
					</p>
					<pre class="pre-scrollable">Sketch uses 4790 bytes (14%) of program storage space. Maximum is 32256 bytes.
Global variables use 440 bytes (21%) of dynamic memory, leaving 1608 bytes for local variables. Maximum is 2048 bytes.
</pre>
					
				
				<h3 id="arduino:mbed_nano:nanorp2040connect">arduino:mbed_nano:nanorp2040connect @ 2.7.2</h3>
				<h4>Inclusion</h4>
				<p>
					Result: <b>FAIL</b>
					
				</p>
				<pre class="pre-scrollable">/tmp/arduino-testlib1934173524/test/test.ino:1:10: fatal error: Rtc_Pcf8563: No such file or directory
 #include &lt;Rtc_Pcf8563&gt;
          ^~~~~~~~~~~~~
compilation terminated.

</pre>

					
					<h4>examples/function_test</h4>
					<p>
						Result: <b>FAIL</b>
					</p>
					<pre class="pre-scrollable">In file included from /home/ec2-user/arduino-testlib/cli-datadir/user/libraries/evive/src/Action.h:3:0,
                 from /home/ec2-user/arduino-testlib/cli-datadir/user/libraries/evive/src/Action.cpp:47:
/home/ec2-user/arduino-testlib/cli-datadir/user/libraries/evive/src/evive.h:61:10: fatal error: util/delay.h: No such file or directory
 #include &lt;util/delay.h&gt;
          ^~~~~~~~~~~~~~
compilation terminated.
Multiple libraries were found for &#34;Rtc_Pcf8563.h&#34;
  Used: /home/ec2-user/arduino-testlib/cli-datadir/user/libraries/evive
  Not used: /home/ec2-user/arduino-testlib/cli-datadir/user/libraries/Rtc_Pcf8563
</pre>
					
					<h4>examples/lcd_clock</h4>
					<p>
						Result: <b>FAIL</b>
					</p>
					<pre class="pre-scrollable">In file included from /home/ec2-user/arduino-testlib/cli-datadir/user/libraries/evive/src/Action.h:3:0,
                 from /home/ec2-user/arduino-testlib/cli-datadir/user/libraries/evive/src/Action.cpp:47:
/home/ec2-user/arduino-testlib/cli-datadir/user/libraries/evive/src/evive.h:61:10: fatal error: util/delay.h: No such file or directory
 #include &lt;util/delay.h&gt;
          ^~~~~~~~~~~~~~
compilation terminated.
Multiple libraries were found for &#34;Rtc_Pcf8563.h&#34;
  Used: /home/ec2-user/arduino-testlib/cli-datadir/user/libraries/evive
  Not used: /home/ec2-user/arduino-testlib/cli-datadir/user/libraries/Rtc_Pcf8563
</pre>
					
					<h4>examples/set_alarm</h4>
					<p>
						Result: <b>FAIL</b>
					</p>
					<pre class="pre-scrollable">In file included from /home/ec2-user/arduino-testlib/cli-datadir/user/libraries/evive/src/Action.h:3:0,
                 from /home/ec2-user/arduino-testlib/cli-datadir/user/libraries/evive/src/Action.cpp:47:
/home/ec2-user/arduino-testlib/cli-datadir/user/libraries/evive/src/evive.h:61:10: fatal error: util/delay.h: No such file or directory
 #include &lt;util/delay.h&gt;
          ^~~~~~~~~~~~~~
compilation terminated.
Multiple libraries were found for &#34;Rtc_Pcf8563.h&#34;
  Used: /home/ec2-user/arduino-testlib/cli-datadir/user/libraries/evive
  Not used: /home/ec2-user/arduino-testlib/cli-datadir/user/libraries/Rtc_Pcf8563
</pre>
					
					<h4>examples/set_clock</h4>
					<p>
						Result: <b>FAIL</b>
					</p>
					<pre class="pre-scrollable">In file included from /home/ec2-user/arduino-testlib/cli-datadir/user/libraries/evive/src/Action.h:3:0,
                 from /home/ec2-user/arduino-testlib/cli-datadir/user/libraries/evive/src/Action.cpp:47:
/home/ec2-user/arduino-testlib/cli-datadir/user/libraries/evive/src/evive.h:61:10: fatal error: util/delay.h: No such file or directory
 #include &lt;util/delay.h&gt;
          ^~~~~~~~~~~~~~
compilation terminated.
Multiple libraries were found for &#34;Rtc_Pcf8563.h&#34;
  Used: /home/ec2-user/arduino-testlib/cli-datadir/user/libraries/evive
  Not used: /home/ec2-user/arduino-testlib/cli-datadir/user/libraries/Rtc_Pcf8563
</pre>
					
				
				<h3 id="arduino:megaavr:nona4809">arduino:megaavr:nona4809 @ 1.8.7</h3>
				<h4>Inclusion</h4>
				<p>
					Result: <b>FAIL</b>
					
				</p>
				<pre class="pre-scrollable">/tmp/arduino-testlib1934173524/test/test.ino:1:10: fatal error: Rtc_Pcf8563: No such file or directory
 #include &lt;Rtc_Pcf8563&gt;
          ^~~~~~~~~~~~~
compilation terminated.

</pre>

					
					<h4>examples/function_test</h4>
					<p>
						Result: <b>FAIL</b>
					</p>
					<pre class="pre-scrollable">In file included from /home/ec2-user/arduino-testlib/cli-datadir/user/libraries/evive/src/evive.h:66:0,
                 from /home/ec2-user/arduino-testlib/cli-datadir/user/libraries/evive/src/AddUserDefinedFunctions.h:43,
                 from /home/ec2-user/arduino-testlib/cli-datadir/user/libraries/evive/src/AddU/home/ec2-user/arduino-testlib/cli-datadir/user/libraries/evive/src/TFT_ST7735.cpp:104:15: note: suggested alternative: &#39;mySPCR&#39;
   savedSPCR = SPCR;
               ^~~~
               mySPCR
/home/ec2-user/arduino-testlib/cli-datadir/user/libraries/evive/src/TFT_ST7735.cpp:106:3: error: &#39;SPDR&#39; was not declared in this scope
   SPDR = c;
   ^~~~
/home/ec2-user/arduino-testlib/cli-datadir/user/libraries/evive/src/TFT_ST7735.cpp:106:3: note: suggested alternative: &#39;SPI&#39;
   SPDR = c;
   ^~~~
   SPI
/home/ec2-user/arduino-testlib/cli-datadir/user/libraries/evive/src/TFT_ST7735.cpp:108:12: error: &#39;SPSR&#39; was not declared in this scope
   while (!(SPSR &amp; _BV(SPIF)));
            ^~~~
/home/ec2-user/arduino-testlib/cli-datadir/user/libraries/evive/src/TFT_ST7735.cpp:108:12: note: suggested alternative: &#39;SPI&#39;
   while (!(SPSR &amp; _BV(SPIF)));
            ^~~~
            SPI
In file included from /home/ec2-user/arduino-testlib/cli-datadir/data/packages/arduino/tools/avr-gcc/7.3.0-atmel3.6.1-arduino5/avr/include/avr/io.h:99:0,
                 from /home/ec2-user/arduino-testlib/cli-datadir/user/libraries/evive/src/TFT_FastPin.h:33,
                 from /home/ec2-user/arduino-testlib/cli-datadir/user/libraries/evive/src/TFT_ST7735.h:28,
                 from /home/ec2-user/arduino-testlib/cli-datadir/user/libraries/evive/src/TFT_ST7735.cpp:18:
/home/ec2-user/arduino-testlib/cli-datadir/user/libraries/evive/src/TFT_ST7735.cpp:108:23: error: &#39;SPIF&#39; was not declared in this scope
   while (!(SPSR &amp; _BV(SPIF)));
                       ^
/home/ec2-user/arduino-testlib/cli-datadir/user/libraries/evive/src/TFT_ST7735.cpp:108:23: note: suggested alternative: &#39;SPI&#39;
/home/ec2-user/arduino-testlib/cli-datadir/user/libraries/evive/src/TFT_ST7735.cpp: In member function &#39;void TFT_ST7735::backupSPCR()&#39;:
/home/ec2-user/arduino-testlib/cli-datadir/user/libraries/evive/src/TFT_ST7735.cpp:149:15: error: &#39;SPCR&#39; was not declared in this scope
   savedSPCR = SPCR;
               ^~~~
/home/ec2-user/arduino-testlib/cli-datadir/user/libraries/evive/src/TFT_ST7735.cpp:149:15: note: suggested alternative: &#39;mySPCR&#39;
   savedSPCR = SPCR;
               ^~~~
               mySPCR
/home/ec2-user/arduino-testlib/cli-datadir/user/libraries/evive/src/TFT_ST7735.cpp: In member function &#39;void TFT_ST7735::restoreSPCR()&#39;:
/home/ec2-user/arduino-testlib/cli-datadir/user/libraries/evive/src/TFT_ST7735.cpp:158:2: error: &#39;SPCR&#39; was not declared in this scope
  SPCR = savedSPCR;
  ^~~~
/home/ec2-user/arduino-testlib/cli-datadir/user/libraries/evive/src/TFT_ST7735.cpp:158:2: note: suggested alternative: &#39;mySPCR&#39;
  SPCR = savedSPCR;
  ^~~~
  mySPCR
/home/ec2-user/arduino-testlib/cli-datadir/user/libraries/evive/src/TFT_ST7735.cpp: In member function &#39;void TFT_ST7735::init(uint8_t)&#39;:
/home/ec2-user/arduino-testlib/cli-datadir/user/libraries/evive/src/TFT_ST7735.cpp:214:15: error: &#39;SPCR&#39; was not declared in this scope
   savedSPCR = SPCR;
               ^~~~
/home/ec2-user/arduino-testlib/cli-datadir/user/libraries/evive/src/TFT_ST7735.cpp:214:15: note: suggested alternative: &#39;mySPCR&#39;
   savedSPCR = SPCR;
               ^~~~
               mySPCR
                          ^~~~~
                                                              In file i/home/ec2-user/arduino-testlib/cl/home/ec2-user/arduino-testlib/cli-datadir/user/libraries/evive/src/SerialMonitor.cpp: In member function &#39;void SerialMonitor::Initalise(long int, uint8_t)&#39;:
/home/ec2-user/arduino-testlib/cli-datadir/user/libraries/evive/src/SerialMonitor.cpp:49:4: error: &#39;Se/home/ec2-user/arduino-testlib/cli-datadir/user/libraries/evive/src/TFT_ST7735.cpp:1036:20: note: suggested alternative: &#39;SPI&#39;
           while (!(SPSR &amp; _BV(SPIF)));
                    ^~~~
                    SPI
In file included from /home/ec2-user/arduino-testlib/cli-datadir/data/packages/arduino/tools/avr-gcc/7.3.0-atmel3.6.1-arduino5/avr/include/avr/io.h:99:0,
                 from /home/ec2-user/arduino-testlib/cli-datadir/user/libraries/evive/src/TFT_FastPin.h:33,
                 from /home/ec2-user/arduino-testlib/cli-datadir/user/libraries/evive/src/TFT_ST7735.h:28,
                 from /home/ec2-user/arduino-testlib/cli-datadir/user/libraries/evive/src/TFT_ST7735.cpp:18:
/home/ec2-user/arduino-testlib/cli-datadir/user/libraries/evive/src/TFT_ST7735.cpp:1036:31: error: &#39;SPIF&#39; was not declared in this scope
           while (!(SPSR &amp; _BV(SPIF)));
                               ^
/home/ec2-user/arduino-testlib/cli-datadir/user/libraries/evive/src/TFT_ST7735.cpp:1036:31: note: suggested alternative: &#39;SPI&#39;
/home/ec2-user/arduino-testlib/cli-datadir/user/libraries/evive/src/TFT_ST7735.cpp:1037:11: error: &#39;SPDR&#39; was not declared in this scope
           SPDR = color &gt;&gt; 8; asm volatile( &#34;nop\n\t&#34; ::); // Sync to SPIF bit
           ^~~~
/home/ec2-user/arduino-testlib/cli-datadir/user/libraries/evive/src/TFT_ST7735.cpp:1037:11: note: suggested alternative: &#39;SPI&#39;
           SPDR = color &gt;&gt; 8; asm volatile( &#34;nop\n\t&#34; ::); // Sync to SPIF bit
           ^~~~
           SPI
/home/ec2-user/arduino-testlib/cli-datadir/user/libraries/evive/src/TFT_ST7735.cpp:1038:20: error: &#39;SPSR&#39; was not declared in this scope
           while (!(SPSR &amp; _BV(SPIF)));
                    ^~~~
/home/ec2-user/arduino-testlib/cli-datadir/user/libraries/evive/src/TFT_ST7735.cpp:1038:20: note: suggested alternative: &#39;SPI&#39;
           while (!(SPSR &amp; _BV(SPIF)));
                    ^~~~
                    SPI
In file included from /home/ec2-user/arduino-testlib/cli-datadir/data/packages/arduino/tools/avr-gcc/7.3.0-atmel3.6.1-arduino5/avr/include/avr/io.h:99:0,
                 from /home/ec2-user/arduino-testlib/cli-datadir/user/libraries/evive/src/TFT_FastPin.h:33,
                 from /home/ec2-user/arduino-testlib/cli-datadir/user/libraries/evive/src/TFT_ST7735.h:28,
                 from /home/ec2-user/arduino-testlib/cli-datadir/user/libraries/evive/src/TFT_ST7735.cpp:18:
/home/ec2-user/arduino-testlib/cli-datadir/user/libraries/evive/src/TFT_ST7735.cpp:1038:31: error: &#39;SPIF&#39; was not declared in this scope
           while (!(SPSR &amp; _BV(SPIF)));
                               ^
/home/ec2-user/arduino-testlib/cli-datadir/user/libraries/evive/src/TFT_ST7735.cpp:1038:31: note: suggested alternative: &#39;SPI&#39;
/home/ec2-user/arduino-testlib/cli-datadir/user/librarieIn file included from /home/ec2-user/arduino-testlib/cli-datadir/user/libraries/evive/src/Screen.cpp:30:0:
/home/ec2-user/arduino-testlib/cli-datadir/user/libraries/evive/src/ScreenImplementation.h: In function &#39;void tft_implementation_serial_monitor()&#39;:
/home/ec2-user/arduino-testlib/cli-datadir/user/libraries/evive/src/ScreenImplementation.h:1122:13: error: &#39;Serial2&#39; was not declared in this scope
  } else if (Serial2.available()) {
             ^~~~~~~
/home/ec2-user/arduino-testlib/cli-datadir/user/libraries/evive/src/ScreenImplementation.h:1122:13: note: suggested alternative: &#39;Serial1&#39;
  } else if (Serial2.available()) {
             ^~~~~~~
             Serial1
/home/ec2-user/arduino-testlib/cli-datadir/user/libraries/evive/src/ScreenImplementation.h:1125:4: error: &#39;Serial3&#39; was not declared in this scope
   (Serial3.available());
    ^~~~~~~
/home/ec2-user/arduino-testlib/cli-datadir/user/libraries/evive/src/ScreenImplementation.h:1125:4: note: suggested alternative: &#39;Serial1&#39;
   (Serial3.available());
    ^~~~~~~
    Serial1
/home/ec2-user/arduino-testlib/cli-datadir/user/libraries/evive/src/TFT_ST7735.cpp:1042:31: note: suggested alternative: &#39;SPI&#39;
/home/ec2-user/arduino-testlib/cli-datadir/user/libraries/evive/src/TFT_ST7735.cpp:1043:11: error: &#39;SPDR&#39; was not declared in this scope
           SPDR = bg &gt;&gt; 8; asm volatile( &#34;nop\n\t&#34; ::);
           ^~/home/ec2-user/arduino-testlib/cli-datadir/user/libraries/evive/src/Screen.cpp:545:3: note: suggested alternative: &#39;ADC_t&#39;
   ADCSRA &amp;= ~PS_128;  // remove bits set by Arduino library
   ^~~~~~
   ADC_t
          SPI
/home/ec2-user/arduino-testlib/cli-datadir/user/libraries/evive/src/TFT_ST7735.cpp:1044:20: error: &#39;SPSR&#39; was not declared in this scope
           while (!(SPSR &amp; _BV(SPIF)));
                    ^~~~
/home/ec2-user/arduino-testlib/cli-datadir/user/libraries/evive/src/TFT_ST7735.cpp:1044:20: note: suggested alternative: &#39;SPI&#39;
           while (!(SPSR &amp; _BV(SPIF)));
                    ^~~~
                    SPI
In file included from /home/ec2-user/arduino-testlib/cli-datadir/data/packages/arduino/tools/avr-gcc/7.3.0-atmel3.6.1-arduino5/avr/include/avr/io.h:99:0,
                 from /home/ec2-user/arduino-testlib/cli-datadir/user/libraries/evive/src/TFT_FastPin.h:33,
                 from /home/ec2-user/arduino-testlib/cli-datadir/user/libraries/evive/src/TFT_ST7735.h:28,
                 from /home/ec2-user/arduino-testlib/cli-datadir/user/libraries/evive/src/TFT_ST7735.cpp:18:
/home/ec2-user/arduino-testlib/cli-datadir/user/libraries/evive/src/TFT_ST7735.cpp:1044:31: error: &#39;SPIF&#39; was not declared in this scope
           while (!(SPSR &amp; _BV(SPIF)));
                               ^
/home/ec2-user/arduino-testlib/cli-datadir/user/libraries/evive/src/TFT_ST7735.cpp:1044:31: note: suggested alternative: &#39;SPI&#39;
/home/ec2-user/arduino-testlib/cli-datadir/user/libraries/evive/src/TFT_ST7735.cpp:1050:16: error: &#39;SPSR&#39; was not declared in this scope
       while (!(SPSR &amp; _BV(SPIF)));
                ^~~~
/home/ec2-user/arduino-testlib/cli-datadir/user/libraries/evive/src/TFT_ST7735.cpp:1050:16: note: suggested alternative: &#39;SPI&#39;
       while (!(SPSR &amp; _BV(SPIF)));
                ^~~~
                SPI
In file included from /home/ec2-user/arduino-testlib/cli-datadir/data/packages/arduino/tools/avr-gcc/7.3.0-atmel3.6.1-</pre>
					
					<h4>examples/lcd_clock</h4>
					<p>
						Result: <b>FAIL</b>
					</p>
					<pre class="pre-scrollable">In file included from /home/ec2-user/arduino-testlib/cli-datadir/user/libraries/evive/src/evive.h:66:0,
                 from /home/ec2-user/arduino-testlib/cli-datadir/user/libraries/evive/src/Ade7912_Adc.h:32,
                 from /home/ec2-user/arduino-testlib/cli-datadir/user/libraries/evive/src/Ade7912_Adc.cpp:29:
/home/ec2-user/arduino-testlib/cli-datadir/user/libraries/evive/src/Fastio.h:4019:4: error: #error pins for this chip not defined in arduino.h! If you write an appropriate pin definition a/home/ec2-user/arduino-testlib/cli-datadir/user/libraries/evive/src/TFT_ST7735.cpp:106:3: error: &#39;SPDR&#39; was not declared in this scope
   SPDR = c;
   ^~~~
/home/ec2-user/arduino-testlib/cli-datadir/user/libraries/evive/src/TFT_ST7735.cpp:106:3: note: suggested alternative: &#39;SPI&#39;
   SPDR = c;
   ^~~~
   SPI
/home/ec2-user/arduino-testlib/cli-datadir/user/libraries/evive/src/TFT_ST7735.cpp:108:12: error: &#39;SPSR&#39; was not declared in this scope
   while (!(SPSR &amp; _BV(SPIF)));
            ^~~~
/home/ec2-user/arduino-testlib/cli-datadir/user/libraries/evive/src/TFT_ST7735.cpp:108:12: note: suggested alternative: &#39;SPI&#39;
   while (!(SPSR &amp; _BV(SPIF)));
            ^~~~
            SPI
In file included from /home/ec2-user/arduino-testlib/cli-datadir/data/packages/arduino/tools/avr-gcc/7.3.0-atmel3.6.1-arduino5/avr/include/avr/io.h:99:0,
                 from /home/ec2-user/arduino-testlib/cli-datadir/user/libraries/evive/src/TFT_FastPin.h:33,
                 from /home/ec2-user/arduino-testlib/cli-datadir/user/libraries/evive/src/TFT_ST7735.h:28,
                 from /home/ec2-user/arduino-testlib/cli-datadir/user/libraries/evive/src/TFT_ST7735.cpp:18:
/home/ec2-user/arduino-testlib/cli-datadir/user/libraries/evive/src/TFT_ST7735.cpp:108:23: error: &#39;SPIF&#39; was not declared in this scope
   while (!(SPSR &amp; _BV(SPIF)));
                       ^
/home/ec2-user/arduino-testlib/cli-datadir/user/libraries/evive/src/TFT_ST7735.cpp:108:23: note: suggested alternative: &#39;SPI&#39;
/home/ec2-user/arduino-testlib/cli-datadir/user/libraries/evive/src/TFT_ST7735.cpp: In member function &#39;void TFT_ST7735::backupSPCR()&#39;:
/home/ec2-user/arduino-testlib/cli-datadir/user/libraries/evive/src/TFT_ST7735.cpp:149:15: error: &#39;SPCR&#39; was not declared in this scope
   savedSPCR = SPCR;
               ^~~~
/home/ec2-user/arduino-testlib/cli-datadir/user/libraries/evive/src/TFT_ST7735.cpp:149:15: note: suggested alternative: &#39;mySPCR&#39;
   savedSPCR = SPCR;
               ^~~~
               mySPCR
/home/ec2-user/arduino-testlib/cli-datadir/user/libraries/evive/src/TFT_ST7735.cpp: In member function &#39;void TFT_ST7735::restoreSPCR()&#39;:
/home/ec2-user/arduino-testlib/cli-datadir/user/libraries/evive/src/TFT_ST7735.cpp:158:2: error: &#39;SPCR&#39; was not declared in this scope
  SPCR = savedSPCR;
  ^~~~
/home/ec2-user/arduino-testlib/cli-datadir/user/libraries/evive/src/TFT_ST7735.cpp:158:2: note: suggested alternative: &#39;mySPCR&#39;
  SPCR = savedSPCR;
  ^~~~
  mySPCR
/home/ec2-user/arduino-testlib/cli-datadir/user/libraries/evive/src/TFT_ST7735.cpp: In member function &#39;void TFT_ST7735::init(uint8_t)&#39;:
/home/ec2-user/arduino-testlib/cli-datadir/user/libraries/evive/src/TFT_ST7735.cpp:214:15: error: &#39;SPCR&#39; was not declared in this scope
   savedSPCR = SPCR;
               ^~~~
/home/ec2-user/arduino-testlib/cli-datadir/user/libraries/evive/src/TFT_ST7735.cpp:214:15: note: suggested alternative: &#39;mySPCR&#39;
   savedSPCR = SPCR;
               ^~~~
               mySPCR
/home/ec2-user/arduino-testlib/cli-datadir/user/libraries/evive/src/TFT_ST7735.cpp: In member function &#39;void TFT_ST7735::drawChar(int16_t, int16_t, unsigned char, uint16_t, uint16_t, uint8_t)&#39;:
/home/ec2-user/arduino-testlib/cli-datadir/user/libraries/evive/src/TFT_ST7735.cpp:1036:20: error: &#39;SPSR&#39; was not declared in this scope
           while (!(SPSR &amp; _BV(SPIF)));
                    ^~~~
/home/ec2-user/arduino-testlib/cli-datadir/user/libraries/evive/src/TFT_ST7735.cpp:1036:20: note: suggested alternative: &#39;SPI&#39;
           while (!(SPSR &amp; _BV(SPIF)));
                    ^~~~
                    SPI
In file included from /home/ec2-user/arduino-testlib/cli-datadir/data/packages/arduino/tools/avr-gcc/7.3.0-atmel3.6.1-arduino5/avr/include/avr/io.h:99:0,
                 from /home/ec2-user/arduino-testlib/cli-datadir/user/libraries/evive/src/TFT_FastPin.h:33,
                 from /home/ec2-user/arduino-testlib/cli-datadir/user/libraries/evive/src/TFT_ST7735.h:28,
                 from /home/ec2-user/arduino-testlib/cli-datadir/user/libraries/evive/src/TFT_ST7735.cpp:18:
/home/ec2-user/arduino-testlib/cli-datadir/user/libraries/evive/src/TFT_ST7735.cpp:1036:31: error: &#39;SPIF&#39; was not declared in this scope
           while (!(SPSR &amp; _BV(SPIF)));
                               ^
/home/ec2-user/arduino-testlib/cli-datadir/user/libraries/evive/src/TFT_ST7735.cpp:1036:31: note: suggested alternative: &#39;SPI&#39;
/home/ec2-user/arduino-testlib/cli-datadir/user/libraries/evive/src/TFT_ST7735.cpp:1037:11: error: &#39;SPDR&#39; was not declared in this scope
           SPDR = color &gt;&gt; 8; asm volatile( &#34;nop\n\t&#34; ::); // Sync to SPIF bit
           ^~~~
/home/ec2-user/arduino-testlib/cli-datadir/user/libraries/evive/src/TFT_ST7735.cpp:1037:11: note: suggested alternative: &#39;SPI&#39;
           SPDR = color &gt;&gt; 8; asm volatile( &#34;nop\n\t&#34; ::); // Sync to SPIF bit
           ^~~~
           SPI
/home/ec2-user/arduino-testlib/cli-datadir/user/libraries/evive/src/TFT_ST7735.cpp:1038:20: error: &#39;SPSR&#39; was not declared in this scope
           while (!(SPSR &amp; _BV(SPIF)));
                    ^~~~
/home/ec2-user/arduino-testlib/cli-datadir/user/libraries/evive/src/TFT_ST7735.cpp:1038:20: note: suggested alternative: &#39;SPI&#39;
           while (!(SPSR &amp; _BV(SPIF)));
                    ^~~~
                    SPI
In file included from /home/ec2-user/arduino-testlib/cli-datadir/data/packages/arduino/tools/avr-gcc/7.3.0-atmel3.6.1-arduino5/avr/include/avr/io.h:99:0,
                 from /home/ec2-user/arduino-testlib/cli-datadir/user/libraries/evive/src/TFT_FastPin.h:33,
                 from /home/ec2-user/arduino-testlib/cli-datadir/user/libraries/evive/src/TFT_ST7735.h:28,
                 from /home/ec2-user/arduino-testlib/cli-datadir/user/libraries/evive/src/TFT_ST7735.cpp:18:
/home/ec2-user/arduino-testlib/cli-datadir/user/libraries/evive/src/TFT_ST7735.cpp:1038:31: error: &#39;SPIF&#39; was not declared in this scope
           while (!(SPSR &amp; _BV(SPIF)));
                               ^
/home/ec2-user/arduino-testlib/cli-datadir/user/libraries/evive/src/TFT_ST7735.cpp:1038:31: note: suggested alternative: &#39;SPI&#39;
/home/ec2-user/arduino-testlib/cli-datadir/user/librarieIn file included from /home/ec2-user/arduino-testlib/cli-datadir/user/libraries/evive/src/Screen.cpp:30:0:
/home/ec2-user/arduino-testlib/cli-datadir/user/libraries/evive/src/ScreenImplementation.h: In function &#39;void tft_implementation_serial_monitor()&#39;:
/home/ec2-user/arduino-testlib/cli-datadir/user/libraries/evive/src/ScreenImplementation.h:1122:13: error: &#39;Serial2&#39; was not declared in this scope
  } else if (Serial2.available()) {
             ^~~~~~~
/home/ec2-user/arduino-testlib/cli-datadir/user/libraries/evive/src/ScreenImplementation.h:1122:13: note: suggested alternative: &#39;Serial1&#39;
  } else if (Serial2.available()) {
             ^~~~~~~
             Serial1
/home/ec2-user/arduino-testlib/cli-datadir/user/libraries/evive/src/ScreenImplementation.h:1125:4: error: &#39;Serial3&#39; was not declared in this scope
   (Serial3.available());
    ^~~~~~~
/home/ec2-user/arduino-testlib/cli-datadir/user/libraries/evive/src/ScreenImplementation.h:1125:4: note: suggested alternative: &#39;Serial1&#39;
   (Serial3.available());
    ^~~~~~~
    Serial1
/home/ec2-user/arduino-testlib/cli-datadir/user/libraries/evive/src/TFT_ST7735.cpp:1042:31: note: suggested alternative: &#39;SPI&#39;
/home/ec2-user/arduino-testlib/cli-datadir/user/libraries/evive/src/TFT_ST7735.cpp:1043:11: error: &#39;SPDR&#39; was not declared in this scope
           SPDR = bg &gt;&gt; 8; asm volatile( &#34;nop\n\t&#34; ::);
           ^~/home/ec2-user/arduino-testlib/cli-datadir/user/libraries/evive/src/Screen.cpp:545:3: note: suggested alternative: &#39;ADC_t&#39;
   ADCSRA &amp;= ~PS_128;  // remove bits set by Arduino library
   ^~~~~~
   ADC_t
          SPI
/home/ec2-user/arduino-testlib/cli-datadir/user/libraries/evive/src/TFT_ST7735.cpp:1044:20: error: &#39;SPSR&#39; was not declared in this scope
           while (!(SPSR &amp; _BV(SPIF)));
                    ^~~~
/home/ec2-user/arduino-testlib/cli-datadir/user/libraries/evive/src/TFT_ST7735.cpp:1044:20: note: suggested alternative: &#39;SPI&#39;
           while (!(SPSR &amp; _BV(SPIF)));
                    ^~~~
                    SPI
In file included from /home/ec2-user/arduino-testlib/cli-datadir/data/packages/arduino/tools/avr-gcc/7.3.0-atmel3.6.1-arduino5/avr/include/avr/io.h:99:0,
                 from /home/ec2-user/arduino-testlib/cli-datadir/user/libraries/evive/src/TFT_FastPin.h:33,
                 from /home/ec2-user/arduino-testlib/cli-datadir/user/libraries/evive/src/TFT_ST7735.h:28,
                 from /home/ec2-user/arduino-testlib/cli-datadir/user/libraries/evive/src/TFT_ST7735.cpp:18:
/home/ec2-user/arduino-testlib/cli-datadir/user/libraries/evive/src/TFT_ST7735.cpp:1044:31: error: &#39;SPIF&#39; was not declared in this scope
           while (!(SPSR &amp; _BV(SPIF)));
                               ^
/home/ec2-user/arduino-testlib/cli-datadir/user/libraries/evive/src/TFT_ST7735.cpp:1044:31: note: suggested alternative: &#39;SPI&#39;
/home/ec2-user/arduino-testlib/cli-datadir/user/libraries/evive/src/TFT_ST7735.cpp:1050:16: error: &#39;SPSR&#39; was not declared in this scope
       while (!(SPSR &amp; _BV(SPIF)));
                ^~~~
/home/ec2-user/arduino-testlib/cli-datadir/user/libraries/evive/src/TFT_ST7735.cpp:1050:16: note: suggested alternative: &#39;SPI&#39;
       while (!(SPSR &amp; _BV(SPIF)));
                ^~~~
                SPI
In file included from /home/ec2-user/arduino-testlib/cli-datadir/data/packages/arduino/tools/avr-gcc/7.3.0-atmel3.6.1-</pre>
					
					<h4>examples/set_alarm</h4>
					<p>
						Result: <b>FAIL</b>
					</p>
					<pre class="pre-scrollable">In file included from /home/ec2-user/arduino-testlib/cli-datadir/user/libraries/evive/src/evive.h:66:0,
                 from /home/ec2-user/arduino-testlib/cli-datadir/user/libraries/evive/src/AddUserDefinedFunctions.h:43,
                 from /home/ec2-user/arduino-testlib/cli-datadir/user/libraries/evive/src/AddU/home/ec2-user/arduino-testlib/cli-datadir/user/libraries/evive/src/TFT_ST7735.cpp:104:15: note: suggested alternative: &#39;mySPCR&#39;
   savedSPCR = SPCR;
               ^~~~
               mySPCR
/home/ec2-user/arduino-testlib/cli-datadir/user/libraries/evive/src/TFT_ST7735.cpp:106:3: error: &#39;SPDR&#39; was not declared in this scope
   SPDR = c;
   ^~~~
/home/ec2-user/arduino-testlib/cli-datadir/user/libraries/evive/src/TFT_ST7735.cpp:106:3: note: suggested alternative: &#39;SPI&#39;
   SPDR = c;
   ^~~~
   SPI
/home/ec2-user/arduino-testlib/cli-datadir/user/libraries/evive/src/TFT_ST7735.cpp:108:12: error: &#39;SPSR&#39; was not declared in this scope
   while (!(SPSR &amp; _BV(SPIF)));
            ^~~~
/home/ec2-user/arduino-testlib/cli-datadir/user/libraries/evive/src/TFT_ST7735.cpp:108:12: note: suggested alternative: &#39;SPI&#39;
   while (!(SPSR &amp; _BV(SPIF)));
            ^~~~
            SPI
In file included from /home/ec2-user/arduino-testlib/cli-datadir/data/packages/arduino/tools/avr-gcc/7.3.0-atmel3.6.1-arduino5/avr/include/avr/io.h:99:0,
                 from /home/ec2-user/arduino-testlib/cli-datadir/user/libraries/evive/src/TFT_FastPin.h:33,
                 from /home/ec2-user/arduino-testlib/cli-datadir/user/libraries/evive/src/TFT_ST7735.h:28,
                 from /home/ec2-user/arduino-testlib/cli-datadir/user/libraries/evive/src/TFT_ST7735.cpp:18:
/home/ec2-user/arduino-testlib/cli-datadir/user/libraries/evive/src/TFT_ST7735.cpp:108:23: error: &#39;SPIF&#39; was not declared in this scope
   while (!(SPSR &amp; _BV(SPIF)));
                       ^/home/ec2-user/arduino-testlib/cli-datadir/user/libraries/evive/src/Configuration.h:56:50: error: &#39;ADPS0&#39; was not declared in this scope
 const unsigned char PS_32 = (1 &lt;&lt; ADPS2) | (1 &lt;&lt; ADPS0);
                                                  ^~~~~
/home/ec2-user/arduino-testlib/cli-datadir/user/libraries/evive/src/Configuration.h:56:50: note: suggested alternative: &#39;ADC0&#39;
 const unsigned char PS_32 = (1 &lt;&lt; ADPS2) | (1 &lt;&lt; ADPS0);
                                                  ^~~~~
                                                  ADC0
/home/ec2-user/arduino-testlib/cli-datadir/user/libraries/evive/src/Configuration.h:58:36: error: &#39;ADPS2&#39; was not declared in this scope
 const unsigned char PS_128 = (1 &lt;&lt; ADPS2) | (1 &lt;&lt; ADPS1) | (1 &lt;&lt; ADPS0);
                                    ^~~~~
/home/ec2-user/arduino-testlib/cli-datadir/user/libraries/evive/src/Configuration.h:58:51: error: &#39;ADPS1&#39; was not declared in this scope
 const unsigned char PS_128 = (1 &lt;&lt; ADPS2) | (1 &lt;&lt; ADPS1) | (1 &lt;&lt; ADPS0);
                                                   ^~~~~
/home/ec2-user/arduino-testlib/cli-datadir/user/libraries/evive/src/Configuration.h:58:66: error: &#39;ADPS0&#39; was not declared in this scope
 const unsigned char PS_128 = (1 &lt;&lt; ADPS2) | (1 &lt;&lt; ADPS1) | (1 &lt;&lt; ADPS0);
                                                                  ^~~~~
/home/ec2-user/arduino-testlib/cli-datadir/user/libraries/evive/src/Configuration.h:58:66: note: suggested alternative: &#39;ADC0&#39;
 const unsigned char PS_128 = (1 &lt;&lt; ADPS2) | (1 &lt;&lt; ADPS1) | (1 &lt;&lt; ADPS0);
                                                 /home/ec2-user/arduino-testlib/cli-datadir/user/libraries/evive/src/TFT_ST7735.cpp: In member function &#39;void TFT_ST7735::drawChar(int16_t, int16_t, unsigned char, uint16_t, uint16_t, uint8_t)&#39;:
/home/ec2-user/arduino-testlib/cli-datadir/user/libraries/evive/src/TFT_ST7735.cpp:1036:20: error: &#39;SPSR&#39; was not declared in this scope
           while (!(SPSR &amp; _BV(SPIF)));
                    ^~~~
/home/ec2-user/arduino-testlib/cli-datadir/user/libraries/evive/src/TFT_ST7735.cpp:1036:20: note: suggested alternative: &#39;SPI&#39;
           while (!(SPSR &amp; _BV(SPIF)));
                    ^~~~
                    SPI
In file included from /home/ec2-user/arduino-testlib/cli-datadir/data/packages/arduino/tools/avr-gcc/7.3.0-atmel3.6.1-arduino5/avr/include/avr/io.h:99:0,
                 from /home/ec2-user/arduino-testlib/cli-datadir/user/libraries/evive/src/TFT_FastPin.h:33,
                 from /home/ec2-user/arduino-testlib/cli-datadir/user/libraries/evive/src/TFT_ST7735.h:28,
                 from /home/ec2-user/arduino-testlib/cli-datadir/user/libraries/evive/src/TFT_ST7735.cpp:18:
/home/ec2-user/arduino-testlib/cli-datadir/user/libraries/evive/src/TFT_ST7735.cpp:1036:31: error: &#39;SPIF&#39; was not declared in this scope
           while (!(SPSR &amp; _BV(SPIF)));
                               ^
/home/ec2-user/arduino-testlib/cli-datadir/userIn file included from /home/ec2-user/arduino-testlib/cli-datadir/data/packages/arduino/tools/avr-gcc/7.3.0-atmel3.6.1-arduino5/avr/include/avr/io.h:677:0,
                 from /home/ec2-user/arduino-testlib/cli-datadir/data/packages/arduino/tools/avr-gcc/7.3.0-atmel3.6.1-arduino5/avr/include/avr/pgmspace.h:90,
                 from /home/ec2-user/arduino-testlib/cli-datadir/data/packages/arduino/hardware/megaavr/1.8.7/cores/arduino/api/String.h:31,
                 from /home/ec2-user/arduino-testlib/cli-datadir/data/packages/arduino/hardware/megaavr/1.8.7/cores/arduino/api/IPAddress.h:24,
                 from /home/ec2-user/arduino-testlib/cli-datadir/data/packages/arduino/hardware/megaavr/1.8.7/cores/arduino/api/ArduinoAPI.h:30,
                 from /home/ec2-user/arduino-testlib/cli-datadir/data/packages/arduino/hardware/megaavr/1.8.7/cores/arduino/Arduino.h:23,
                 from /home/ec2-user/arduino-testlib/cli-datadir/user/libraries/evive/src/main.h:22,
                 from /home/ec2-user/arduino-testlib/cli-datadir/user/libraries/evive/src/evive.h:54,
                 from /home/ec2-user/arduino-testlib/cli-datadir/user/libraries/evive/src/Screen.h:26,
                 from /home/ec2-user/arduino-testlib/cli-datadir/user/libraries/evive/src/Screen.cpp:23:
/home/ec2-user/arduino-testlib/cli-datadir/user/libraries/evive/src/ScreenImplementation.h: At global scope:
/home/ec2-user/arduino-testlib/cli-datadir/user/libraries/evive/src/ScreenImplementation.h:425:21: error: expected &#39;)&#39; before &#39;*&#39; token
 const unsigned long VREF[] = { 10, 20, 50, 100, 200, 500, 1000, 2000, 5000 }; // reference voltage 5.0V -&gt;  100 :   1/home/ec2-user/arduino-testlib/cli-datadir/user/libraries/evive/src/TFT_ST7735.cpp:1038:31: note: suggested alternative: &#39;SPI&#39;
/home/ec2-user/arduino-testlib/cli-datadir/user/librarieIn file included from /home/ec2-user/arduino-testlib/cli-datadir/user/libraries/evive/src/Screen.cpp:30:0:
/home/ec2-user/arduino-testlib/cli-datadir/user/libraries/evive/src/ScreenImplementation.h: In function &#39;void tft_implementation_serial_monitor()&#39;:
/home/ec2-user/arduino-testlib/cli-datadir/user/libraries/evive/src/ScreenImplementation.h:1122:13: error: &#39;Serial2&#39; was not declared in this scope
  } else if (Serial2.available()) {
             ^~~~~~~
/home/ec2-user/arduino-testlib/cli-datadir/user/libraries/evive/src/ScreenImplementation.h:1122:13: note: suggested alternative: &#39;Serial1&#39;
  } else if (Serial2.available()) {
             ^~~~~~~
             Serial1
/home/ec2-user/arduino-testlib/cli-datadir/user/libraries/evive/src/ScreenImplementation.h:1125:4: error: &#39;Serial3&#39; was not declared in this scope
   (Serial3.available());
    ^~~~~~~
/home/ec2-user/arduino-testlib/cli-datadir/user/libraries/evive/src/ScreenImplementation.h:1125:4: note: suggested alternative: &#39;Serial1&#39;
   (Serial3.available());
    ^~~~~~~
    Serial1
/home/ec2-user/arduino-testlib/cli-datadir/user/libraries/evive/src/TFT_ST7735.cpp:1042:31: note: suggested alternative: &#39;SPI&#39;
/home/ec2-user/arduino-testlib/cli-datadir/user/libraries/evive/src/TFT_ST7735.cpp:1043:11: error: &#39;SPDR&#39; was not declared in this scope
           SPDR = bg &gt;&gt; 8; asm volatile( &#34;nop\n\t&#34; ::);
           ^~/home/ec2-user/arduino-testlib/cli-datadir/user/libraries/evive/src/Screen.cpp:545:3: note: suggested alternative: &#39;ADC_t&#39;
   ADCSRA &amp;= ~PS_128;  // remove bits set by Arduino library
   ^~~~~~
   ADC_t
          SPI
/home/ec2-user/arduino-testlib/cli-datadir/user/libraries/evive/src/TFT_ST7735.cpp:1044:20: error: &#39;SPSR&#39; was not declared in this scope
           while (!(SPSR &amp; _BV(SPIF)));
                    ^~~~
/home/ec2-user/arduino-testlib/cli-datadir/user/libraries/evive/src/TFT_ST7735.cpp:1044:20: note: suggested alternative: &#39;SPI&#39;
           while (!(SPSR &amp; _BV(SPIF)));
                    ^~~~
                    SPI
In file included from /home/ec2-user/arduino-testlib/cli-datadir/data/packages/arduino/tools/avr-gcc/7.3.0-atmel3.6.1-arduino5/avr/include/avr/io.h:99:0,
                 from /home/ec2-user/arduino-testlib/cli-datadir/user/libraries/evive/src/TFT_FastPin.h:33,
                 from /home/ec2-user/arduino-testlib/cli-datadir/user/libraries/evive/src/TFT_ST7735.h:28,
                 from /home/ec2-user/arduino-testlib/cli-datadir/user/libraries/evive/src/TFT_ST7735.cpp:18:
/home/ec2-user/arduino-testlib/cli-datadir/user/libraries/evive/src/TFT_ST7735.cpp:1044:31: error: &#39;SPIF&#39; was not declared in this scope
           while (!(SPSR &amp; _BV(SPIF)));
                               ^
/home/ec2-user/arduino-testlib/cli-datadir/user/libraries/evive/src/TFT_ST7735.cpp:1044:31: note: suggested alternative: &#39;SPI&#39;
/home/ec2-user/arduino-testlib/cli-datadir/user/libraries/evive/src/TFT_ST7735.cpp:1050:16: error: &#39;SPSR&#39; was not declared in this scope
       while (!(SPSR &amp; _BV(SPIF)));
                ^~~~
/home/ec2-user/arduino-testlib/cli-datadir/user/libraries/evive/src/TFT_ST7735.cpp:1050:16: note: suggested alternative: &#39;SPI&#39;
       while (!(SPSR &amp; _BV(SPIF)));
                ^~~~
                SPI
In file included from /home/ec2-user/arduino-testlib/cli-datadir/data/packages/arduino/tools/avr-gcc/7.3.0-atmel3.6.1-</pre>
					
					<h4>examples/set_clock</h4>
					<p>
						Result: <b>FAIL</b>
					</p>
					<pre class="pre-scrollable">In file included from /home/ec2-user/arduino-testlib/cli-datadir/user/libraries/evive/src/evive.h:66:0,
                 from /home/ec2-user/arduino-testlib/cli-datadir/user/libraries/evive/src/Stepper.h:81,
                 from /home/ec2-user/arduino-testlib/cli-datadir/user/libraries/evive/src/Stepper.cpp:79:
/home/ec2-user/arduino-testlib/cli-datadir/user/libraries/evive/src/Fastio.h:4019:4: error: #error pins for this chip not defined in arduino.h! If you write an appropriate pin definition and have /home/ec2-user/arduino-testlib/cli-datadir/user/libraries/evive/src/TFT_ST7735.cpp:106:3: error: &#39;SPDR&#39; was not declared in this scope
   SPDR = c;
   ^~~~
/home/ec2-user/arduino-testlib/cli-datadir/user/libraries/evive/src/TFT_ST7735.cpp:106:3: note: suggested alternative: &#39;SPI&#39;
   SPDR = c;
   ^~~~
   SPI
/home/ec2-user/arduino-testlib/cli-datadir/user/libraries/evive/src/TFT_ST7735.cpp:108:12: error: &#39;SPSR&#39; was not declared in this scope
   while (!(SPSR &amp; _BV(SPIF)));
            ^~~~
/home/ec2-user/arduino-testlib/cli-datadir/user/libraries/evive/src/TFT_ST7735.cpp:108:12: note: suggested alternative: &#39;SPI&#39;
   while (!(SPSR &amp; _BV(SPIF)));
            ^~~~
            SPI
In file included from /home/ec2-user/arduino-testlib/cli-datadir/data/packages/arduino/tools/avr-gcc/7.3.0-atmel3.6.1-arduino5/avr/include/avr/io.h:99:0,
                 from /home/ec2-user/arduino-testlib/cli-datadir/user/libraries/evive/src/TFT_FastPin.h:33,
                 from /home/ec2-user/arduino-testlib/cli-datadir/user/libraries/evive/src/TFT/home/ec2-user/arduino-testlib/cli-datadir/user/libraries/evive/src/Configuration.h:56:50: error: &#39;ADPS0&#39; was not declared in this scope
 const unsigned char PS_32 = (1 &lt;&lt; ADPS2) | (1 &lt;&lt; ADPS0);
                                                  ^~~~~
/home/ec2-user/arduino-testlib/cli-datadir/user/libr/home/ec2-user/arduino-testlib/cli-datadir/user/libraries/evive/src/Configuration.h:56:50: error: &#39;ADPS0&#39; was not declared in this scope
 const unsigned char PS_32 = (1 &lt;&lt; ADPS2) | (1 &lt;&lt; ADPS0);
                                                  ^~~~~
/home/ec2-user/arduino-testlib/cli-datadir/user/libraries/evive/src/Configuration.h:56:50: note: suggested alternative: &#39;ADC0&#39;
 const unsigned char PS_32 = (1 &lt;&lt; ADPS2) | (1 &lt;&lt; ADPS0);
                                                  ^~~~~
                                                  ADC0
/home/ec2-user/arduino-testlib/cli-datadir/user/libraries/evive/src/Configuration.h:58:36: error: &#39;ADPS2&#39; was not declared in this scope
 const unsigned char PS_128 = (1 &lt;&lt; ADPS2) | (1 &lt;&lt; ADPS1) | (1 &lt;&lt; ADPS0);
                                    ^~~~~
/home/ec2-user/arduino-testlib/cli-datadir/user/libraries/evive/src/Configuration.h:58:51: error: &#39;ADPS1&#39; was not declared in this scope
 const unsigned char PS_128 = (1 &lt;&lt; ADPS2) | (1 &lt;&lt; ADPS1) | (1 &lt;&lt; ADPS0);
                                                   ^~~~~
/home/ec2-user/arduino-testlib/cli-datadir/user/libraries/evive/src/Configuration.h:58:66: error: &#39;ADPS0&#39; was not declared in this scope
 const unsigned char PS_128 = (1 &lt;&lt; ADPS2) | (1 &lt;&lt; ADPS1) | (1 &lt;&lt; ADPS0);
                                                                  ^~~~~
/home/ec2-user/arduino-testlib/cli-datadir/user/libraries/evive/src/Configuration.h:58:66: note: suggested alternative: &#39;ADC0&#39;
 const unsigned char PS_128 = (1 &lt;&lt; ADPS2) | (1 &lt;&lt; ADPS1) | (1 &lt;&lt; ADPS0);
                                                             /home/ec2-user/arduino-testlib/cli-datadir/user/libraries/evive/src/TFT_ST7735.cpp: In member function &#39;void TFT_ST7735::drawChar(int16_/home/ec2-user/arduino-testlib/cli-datadir/user/libraries/evive/src/SerialMonitor.cpp: In member function &#39;void SerialMonitor::Initalise(long int, uint8_t)&#39;:
/home/ec2-user/arduino-testlib/cli-datadir/user/libraries/evive/src/SerialMonitor.cpp:49:4: error: &#39;Se/home/ec2-user/arduino-testlib/cli-datadir/user/libraries/evive/src/TFT_ST7735.cpp:10/home/ec2-user/arduino-testlib/cli-datadir/user/libraries/evive/src/SerialMonitor.cpp:49:4: note: suggested alternative: &#39;Serial1&#39;
    Serial2.begin(baudRateSelect);
    ^~~~~~~
    Serial1
/home/ec2-user/arduino-testlib/cli-datadir/user/libraries/evive/src/SerialMonitor.cpp:53:4: error: &#39;Serial3&#39; was not declared in this scope
    Serial3.begin(baudRateSelect);
    ^~~~~~~
/home/ec2-user/arduino-testlib/cli-datadir/user/libraries/evive/src/SerialMonitor.cpp:5/hom/home/ec2-user/arduino-testlib/cli-datadir/user/libraries/evive/src/EvivePins.h:42:20: note: suggested alternative: &#39;A7&#39;
 #define POT1       A9
                    ^
/home/ec2-user/arduino-testlib/cli-datadir/user/libraries/evive/src/Dac_MCP4725.cpp:227:27: note: in expansion of macro &#39;POT1&#39;
   increment = (analogRead(POT1)&gt;&gt;4)&#43;1;
                           ^~~~
/home/ec2-user/arduino-testlib/clIn file included from /home/ec2-user/arduino-testlib/cli-datadir/data/packages/arduino/tools/avr-gcc/7.3.0-atmel3.6.1-arduino5/avr/include/avr/io.h:677:0,
                 from /home/ec2-user/arduino-testlib/cli-datadir/data/packages/arduino/tools/avr-gcc/7.3.0-atmel3.6.1-arduino5/avr/include/avr/pgmspace.h:90,
                 from /home/ec2-user/arduino-testlib/cli-datadir/data/packages/arduino/hardware/megaavr/1.8.7/cores/arduino/api/String.h:31,
                 from /home/ec2-user/arduino-testlib/cli-datadir/data/packages/arduino/hardware/megaavr/1.8.7/cores/arduino/api/IPAddress.h:24,
                 from /home/ec2-user/arduino-testlib/cli-datadir/data/packages/arduino/hardware/megaavr/1.8.7/cores/arduino/api/ArduinoAPI.h:30,
                 from /home/ec2-user/arduino-testlib/cli-datadir/data/packages/arduino/hardware/megaavr/1.8.7/cores/arduino/Arduino.h:23,
                 from /home/ec2-user/arduino-testlib/cli-datadir/user/libraries/evive/src/main.h:22,
                 from /home/ec2-user/arduino-testlib/cli-datadir/user/libraries/evive/src/evive.h:54,
                 from /home/ec2-user/arduino-testlib/cli-datadir/user/libraries/evive/src/Screen.h:26,
                 from /home/ec2-user/arduino-testlib/cli-datadir/user/libraries/evive/src/Screen.cpp:23:
/home/ec2-user/arduino-testlib/cli-datadir/user/libraries/evive/src/ScreenImplementation.h: At global scope:
/home/ec2-user/arduino-testlib/cli-datadir/user/libraries/evive/src/ScreenImplementation.h:425:21: error: expected &#39;)&#39; before &#39;*&#39; token
 const unsigned long VREF[] = { 10, 20, 50, 100, 200, 500, 1000, 2000, 5000 }; // reference voltage 5.0V -&gt;  100 :   1V/div range (100mV/dot)
                     ^
/home/ec2-user/arduino-testlib/cli-datadir/user/libraries/evive/src/ScreenImplementation.h:425:21: error: expected &#39;)&#39; before &#39;*&#39; token
stlib/cli-datadir/user/libraries/evive/src/Examples.cpp: In function &#39;void setup_example_5()&#39;:
/home/ec2-user/arduino-testlib/cli-datadir/user/libraries/evive/src/Examples.cpp:398:2: error: &#39;Serial3&#39; was not declared in this scope
  Serial3.begin(115200);
  ^~~~~~~
/home/ec2-user/arduino-testlib/cli-datadir/user/libraries/evive/src/Examples.cpp:398:2: note: suggested alternative: &#39;Serial1&#39;
  Serial3.begin(115200);
  ^~~~~~~
  Serial1
/arduino/tools/avr-g/home/ec2-user/arduino-testlib/cli-datadir/user/libraries/evive/src/ScreenImplementation.h:1122:13: note: suggested alternative: &#39;Serial1&#39;
  } else if (Serial2.available()) {
             ^~~~~~~
             Serial1
/home/ec2-user/arduino-testlib/cli-datadir/user/libraries/evive/src/ScreenImplementation.h:1125:4: error: &#39;Serial3&#39; was not declared in this scope
   (Serial3.available());
    ^~~~~~~
/home/ec2-user/arduino-testlib/cli-datadir/user/libraries/evive/src/ScreenImplementation.h:1125:4: note: suggested alternative: &#39;Serial1&#39;
   (Serial3.available());
    ^~~~~~~
    Serial1
/home/ec2-user/arduino-testlib/cli-datadir/user/libraries/evive/src/Screen.cpp: In function &#39;void tft_dac_function_generator()&#39;:
/home/ec2-user/arduino-testlib/cli-datadir/user/libraries/evive/src/Screen.cpp:545:3: error: &#39;ADCSRA&#39; was not declared in this scope
   ADCSRA &amp;= ~PS_128;  // remove bits set by Arduino library
   ^~~~~~
~~
/home/ec2-user/arduino-testlib/cli-datadir/user/libraries/evive/src/TFT_ST7735.cpp:1043:11: note: suggested alternative: &#39;SPI&#39;
           SPDR = bg &gt;&gt; 8; asm volatile( &#34;nop\n\t&#34; ::);
           ^~~~
           SPI
/home/ec2-user/arduino-testlib/cli-datadir/user/libraries/evive/src/TFT_ST7735.cpp:1044:20: error: &#39;SPSR&#39; was not declared in this scope
           while (!(SPSR &amp; _BV(SPIF)));
                    ^~~~
/home/ec2-user/arduino-testlib/cli-datadir/user/libraries/evive/src/TFT_ST7735.cpp:1044:20: note: suggested alternative: &#39;SPI&#39;
           while (!(SPSR &amp; _BV(SPIF)));
                    ^~~~
                    SPI
In file included from /home/ec2-user/arduino-testlib/cli-datadir/data/packages/arduino/tools/avr-gcc/7.3.0-atmel3.6.1-arduino5/avr/include/avr/io.h:99:0,
                 from /home/ec2-user/arduino-testlib/cli-datadir/user/libraries/evive/src/TFT_FastPin.h:33,
                 from /home/ec2-user/arduino-testlib/cli-datadir/user/libraries/evive/src/TFT_ST7735.h:28,
                 from /home/ec2-user/arduino-testlib/cli-datadir/user/libraries/evive/src/TFT_ST7735.cpp:18:
/home/ec2-user/arduino-testlib/cli-datadir/user/libraries/evive/src/TFT_ST7735.cpp:1044:31: error: &#39;SPIF&#39; was not declared in this scope
           while (!(SPSR &amp; _BV(SPIF)));
                               ^
/home/ec2-user/arduino-testlib/cli-datadir/user/libraries/evive/src/TFT_ST7735.cpp:1044:31: note: suggested alternative: &#39;SPI&#39;
/home/ec2-user/arduino-testlib/cli-datadir/user/libraries/evive/src/TFT_ST7735.cpp:1050:16: error: &#39;SPSR&#39; was not declared in this scope
       while (!(SPSR &amp; _BV(SPIF)));
                ^~~~
/home/ec2-user/arduino-testlib/cli-datadir/user/libraries/evive/src/TFT_ST7735.cpp:1050:16: note: suggested alternative: &#39;SPI&#39;
       while (!(SPSR &amp; _BV(SPIF)));
                ^~~~
                SPI
In file included from /home/ec2-user/arduino-testlib/cli-datadir/data/packages/arduino/tools/avr-gcc/7.3.0-atmel3.6.1-</pre>
					
				
				<h3 id="arduino:samd:mkrwifi1010">arduino:samd:mkrwifi1010 @ 1.8.12</h3>
				<h4>Inclusion</h4>
				<p>
					Result: <b>FAIL</b>
					
				</p>
				<pre class="pre-scrollable">/tmp/arduino-testlib3708840084/test/test.ino:1:10: fatal error: Rtc_Pcf8563: No such file or directory
 #include &lt;Rtc_Pcf8563&gt;
          ^~~~~~~~~~~~~
compilation terminated.

</pre>

					
					<h4>examples/function_test</h4>
					<p>
						Result: <b>FAIL</b>
					</p>
					<pre class="pre-scrollable">In file included from /home/ec2-user/arduino-testlib/cli-datadir/user/libraries/evive/src/Action.h:3:0,
                 from /home/ec2-user/arduino-testlib/cli-datadir/user/libraries/evive/src/Action.cpp:47:
/home/ec2-user/arduino-testlib/cli-datadir/user/libraries/evive/src/evive.h:61:10: fatal error: util/delay.h: No such file or directory
 #include &lt;util/delay.h&gt;
          ^~~~~~~~~~~~~~
compilation terminated.
Multiple libraries were found for &#34;Rtc_Pcf8563.h&#34;
  Used: /home/ec2-user/arduino-testlib/cli-datadir/user/libraries/evive
  Not used: /home/ec2-user/arduino-testlib/cli-datadir/user/libraries/Rtc_Pcf8563
</pre>
					
					<h4>examples/lcd_clock</h4>
					<p>
						Result: <b>FAIL</b>
					</p>
					<pre class="pre-scrollable">In file included from /home/ec2-user/arduino-testlib/cli-datadir/user/libraries/evive/src/Action.h:3:0,
                 from /home/ec2-user/arduino-testlib/cli-datadir/user/libraries/evive/src/Action.cpp:47:
/home/ec2-user/arduino-testlib/cli-datadir/user/libraries/evive/src/evive.h:61:10: fatal error: util/delay.h: No such file or directory
 #include &lt;util/delay.h&gt;
          ^~~~~~~~~~~~~~
compilation terminated.
Multiple libraries were found for &#34;Rtc_Pcf8563.h&#34;
  Used: /home/ec2-user/arduino-testlib/cli-datadir/user/libraries/evive
  Not used: /home/ec2-user/arduino-testlib/cli-datadir/user/libraries/Rtc_Pcf8563
</pre>
					
					<h4>examples/set_alarm</h4>
					<p>
						Result: <b>FAIL</b>
					</p>
					<pre class="pre-scrollable">In file included from /home/ec2-user/arduino-testlib/cli-datadir/user/libraries/evive/src/Action.h:3:0,
                 from /home/ec2-user/arduino-testlib/cli-datadir/user/libraries/evive/src/Action.cpp:47:
/home/ec2-user/arduino-testlib/cli-datadir/user/libraries/evive/src/evive.h:61:10: fatal error: util/delay.h: No such file or directory
 #include &lt;util/delay.h&gt;
          ^~~~~~~~~~~~~~
compilation terminated.
Multiple libraries were found for &#34;Rtc_Pcf8563.h&#34;
  Used: /home/ec2-user/arduino-testlib/cli-datadir/user/libraries/evive
  Not used: /home/ec2-user/arduino-testlib/cli-datadir/user/libraries/Rtc_Pcf8563
</pre>
					
					<h4>examples/set_clock</h4>
					<p>
						Result: <b>FAIL</b>
					</p>
					<pre class="pre-scrollable">In file included from /home/ec2-user/arduino-testlib/cli-datadir/user/libraries/evive/src/Action.h:3:0,
                 from /home/ec2-user/arduino-testlib/cli-datadir/user/libraries/evive/src/Action.cpp:47:
/home/ec2-user/arduino-testlib/cli-datadir/user/libraries/evive/src/evive.h:61:10: fatal error: util/delay.h: No such file or directory
 #include &lt;util/delay.h&gt;
          ^~~~~~~~~~~~~~
compilation terminated.
Multiple libraries were found for &#34;Rtc_Pcf8563.h&#34;
  Used: /home/ec2-user/arduino-testlib/cli-datadir/user/libraries/evive
  Not used: /home/ec2-user/arduino-testlib/cli-datadir/user/libraries/Rtc_Pcf8563
</pre>
					
				
				<h3 id="esp32:esp32:d1_mini32">esp32:esp32:d1_mini32 @ 1.0.6</h3>
				<h4>Inclusion</h4>
				<p>
					Result: <b>FAIL</b>
					
				</p>
				<pre class="pre-scrollable">/tmp/arduino-testlib2551929916/test/test.ino:1:23: fatal error: Rtc_Pcf8563: No such file or directory
compilation terminated.

</pre>

					
					<h4>examples/function_test</h4>
					<p>
						Result: <b>FAIL</b>
					</p>
					<pre class="pre-scrollable">In file included from /home/ec2-user/arduino-testlib/cli-datadir/user/libraries/evive/src/Action.h:3:0,
                 from /home/ec2-user/arduino-testlib/cli-datadir/user/libraries/evive/src/Action.cpp:47:
/home/ec2-user/arduino-testlib/cli-datadir/user/libraries/evive/src/evive.h:61:24: fatal error: util/delay.h: No such file or directory
compilation terminated.
Multiple libraries were found for &#34;Rtc_Pcf8563.h&#34;
  Used: /home/ec2-user/arduino-testlib/cli-datadir/user/libraries/evive
  Not used: /home/ec2-user/arduino-testlib/cli-datadir/user/libraries/Rtc_Pcf8563
</pre>
					
					<h4>examples/lcd_clock</h4>
					<p>
						Result: <b>FAIL</b>
					</p>
					<pre class="pre-scrollable">In file included from /home/ec2-user/arduino-testlib/cli-datadir/user/libraries/evive/src/Action.h:3:0,
                 from /home/ec2-user/arduino-testlib/cli-datadir/user/libraries/evive/src/Action.cpp:47:
/home/ec2-user/arduino-testlib/cli-datadir/user/libraries/evive/src/evive.h:61:24: fatal error: util/delay.h: No such file or directory
compilation terminated.
Multiple libraries were found for &#34;Rtc_Pcf8563.h&#34;
  Used: /home/ec2-user/arduino-testlib/cli-datadir/user/libraries/evive
  Not used: /home/ec2-user/arduino-testlib/cli-datadir/user/libraries/Rtc_Pcf8563
</pre>
					
					<h4>examples/set_alarm</h4>
					<p>
						Result: <b>FAIL</b>
					</p>
					<pre class="pre-scrollable">In file included from /home/ec2-user/arduino-testlib/cli-datadir/user/libraries/evive/src/Action.h:3:0,
                 from /home/ec2-user/arduino-testlib/cli-datadir/user/libraries/evive/src/Action.cpp:47:
/home/ec2-user/arduino-testlib/cli-datadir/user/libraries/evive/src/evive.h:61:24: fatal error: util/delay.h: No such file or directory
compilation terminated.
Multiple libraries were found for &#34;Rtc_Pcf8563.h&#34;
  Used: /home/ec2-user/arduino-testlib/cli-datadir/user/libraries/evive
  Not used: /home/ec2-user/arduino-testlib/cli-datadir/user/libraries/Rtc_Pcf8563
</pre>
					
					<h4>examples/set_clock</h4>
					<p>
						Result: <b>FAIL</b>
					</p>
					<pre class="pre-scrollable">In file included from /home/ec2-user/arduino-testlib/cli-datadir/user/libraries/evive/src/Action.h:3:0,
                 from /home/ec2-user/arduino-testlib/cli-datadir/user/libraries/evive/src/Action.cpp:47:
/home/ec2-user/arduino-testlib/cli-datadir/user/libraries/evive/src/evive.h:61:24: fatal error: util/delay.h: No such file or directory
compilation terminated.
Multiple libraries were found for &#34;Rtc_Pcf8563.h&#34;
  Used: /home/ec2-user/arduino-testlib/cli-datadir/user/libraries/evive
  Not used: /home/ec2-user/arduino-testlib/cli-datadir/user/libraries/Rtc_Pcf8563
</pre>
					
				
			</div>
		</div>
	</div>
  </body>
</html>
