
<!doctype html>
<html lang="en">
  <head>
    <meta charset="utf-8">
    <meta name="viewport" content="width=device-width, initial-scale=1">
    <link href="https://cdn.jsdelivr.net/npm/bootstrap@5.0.2/dist/css/bootstrap.min.css" rel="stylesheet" integrity="sha384-EVSTQN3/azprG1Anm3QDgpJLIm9Nao0Yz1ztcQTwFspd3yD65VohhpuuCOmLASjC" crossorigin="anonymous">
    <title>arduino-testlib report</title>
	<style>
	.pass { background-color: #00FF00 !important; }
	.fail { background-color: #FF0000 !important; }
	</style>
  </head>
  <body>
	<div class="container">
		<div class="row">
			<div class="col">
				<h1>RTCCounter - compatibility matrix</h1>
				<p>
					<small>This report was generated on Monday, 21-Feb-22 12:00:25 CET using 
					<a href="https://github.com/alranel/arduino-testlib">arduino-testlib</a>.</small>
				</p>

				<h2>RTCCounter</h2>
				<p>
					Version: <b>1.0.1</b>
					<br />
					<a href="https://www.arduino.cc/reference/en/libraries/rtccounter/">More details</a>
				</p>

				<h2>Compatibility matrix</h2>
				<table class="table table-bordered">
					<tr>
						<th>Board</th>
						<th>Claims compatibility</th>
						<th>Inclusion</th>
						
						<th><pre>DateTime</pre></th>
						
						<th><pre>RTCBlink</pre></th>
						
						<th><pre>SleepRTCBlink</pre></th>
						
					</tr>
					
					<tr>
						<td>
							<a href="#arduino%3aavr%3auno"><b>arduino:avr:uno</b></a>
							<br />
							<small>1.8.4</small>
						</td>

						
						
						
						
							<td>No</td>
							<td class="fail">FAIL</td>
						

						
							
								
									
										
											
											<td class="fail">FAIL</td>
										
									
										
									
										
									
								
							
								
							
								
							
								
							
								
							
						
							
								
									
										
									
										
											
											<td class="fail">FAIL</td>
										
									
										
									
								
							
								
							
								
							
								
							
								
							
						
							
								
									
										
									
										
									
										
											
											<td class="fail">FAIL</td>
										
									
								
							
								
							
								
							
								
							
								
							
						
					</tr>
					
					<tr>
						<td>
							<a href="#arduino%3ambed_nano%3ananorp2040connect"><b>arduino:mbed_nano:nanorp2040connect</b></a>
							<br />
							<small>2.7.2</small>
						</td>

						
						
						
						
							<td>No</td>
							<td class="fail">FAIL</td>
						

						
							
								
							
								
									
										
											
											<td class="fail">FAIL</td>
										
									
										
									
										
									
								
							
								
							
								
							
								
							
						
							
								
							
								
									
										
									
										
											
											<td class="fail">FAIL</td>
										
									
										
									
								
							
								
							
								
							
								
							
						
							
								
							
								
									
										
									
										
									
										
											
											<td class="fail">FAIL</td>
										
									
								
							
								
							
								
							
								
							
						
					</tr>
					
					<tr>
						<td>
							<a href="#arduino%3amegaavr%3anona4809"><b>arduino:megaavr:nona4809</b></a>
							<br />
							<small>1.8.7</small>
						</td>

						
						
						
						
							<td>No</td>
							<td class="fail">FAIL</td>
						

						
							
								
							
								
							
								
									
										
											
											<td class="fail">FAIL</td>
										
									
										
									
										
									
								
							
								
							
								
							
						
							
								
							
								
							
								
									
										
									
										
											
											<td class="fail">FAIL</td>
										
									
										
									
								
							
								
							
								
							
						
							
								
							
								
							
								
									
										
									
										
									
										
											
											<td class="fail">FAIL</td>
										
									
								
							
								
							
								
							
						
					</tr>
					
					<tr>
						<td>
							<a href="#arduino%3asamd%3amkrwifi1010"><b>arduino:samd:mkrwifi1010</b></a>
							<br />
							<small>1.8.12</small>
						</td>

						
							<td>Yes</td>
							<td class="pass">PASS</td>
						
						
						
						

						
							
								
							
								
							
								
							
								
									
										
											<td class="pass">PASS</td>
											
										
									
										
									
										
									
								
							
								
							
						
							
								
							
								
							
								
							
								
									
										
									
										
											<td class="pass">PASS</td>
											
										
									
										
									
								
							
								
							
						
							
								
							
								
							
								
							
								
									
										
									
										
									
										
											<td class="pass">PASS</td>
											
										
									
								
							
								
							
						
					</tr>
					
					<tr>
						<td>
							<a href="#esp32%3aesp32%3ad1_mini32"><b>esp32:esp32:d1_mini32</b></a>
							<br />
							<small>1.0.6</small>
						</td>

						
						
						
						
							<td>No</td>
							<td class="fail">FAIL</td>
						

						
							
								
							
								
							
								
							
								
							
								
									
										
											
											<td class="fail">FAIL</td>
										
									
										
									
										
									
								
							
						
							
								
							
								
							
								
							
								
							
								
									
										
									
										
											
											<td class="fail">FAIL</td>
										
									
										
									
								
							
						
							
								
							
								
							
								
							
								
							
								
									
										
									
										
									
										
											
											<td class="fail">FAIL</td>
										
									
								
							
						
					</tr>
					
				</table>

				<h2>Compilation logs</h2>
				
				<h3 id="arduino:avr:uno">arduino:avr:uno @ 1.8.4</h3>
				<h4>Inclusion</h4>
				<p>
					Result: <b>FAIL</b>
					
				</p>
				<pre class="pre-scrollable">WARNING: library RTCCounter claims to run on samd architecture(s) and may be incompatible with your current board which runs on avr architecture(s).
/home/ec2-user/arduino-testlib/cli-datadir/user/libraries/RTCCounter/src/RTCCounter.cpp: In member function &#39;void RTCCounter::begin(bool)&#39;:
/home/ec2-user/arduino-testlib/cli-datadir/user/libraries/RTCCounter/src/RTCCounter.cpp:41:3: error: &#39;PM&#39; was not declared in this scope
   PM-&gt;APBAMASK.reg |= PM_APBAMASK_RTC; // turn on digital interface clock
   ^~
/home/ec2-user/arduino-testlib/cli-datadir/user/libraries/RTCCounter/src/RTCCounter.cpp:41:3: note: suggested alternative: &#39;PI&#39;
   PM-&gt;APBAMASK.reg |= PM_APBAMASK_RTC; // turn on digital interface clock
   ^~
   PI
/home/ec2-user/arduino-testlib/cli-datadir/user/libraries/RTCCounter/src/RTCCounter.cpp:41:23: error: &#39;PM_APBAMASK_RTC&#39; was not declared in this scope
   PM-&gt;APBAMASK.reg |= PM_APBAMASK_RTC; // turn on digital interface clock
                       ^~~~~~~~~~~~~~~
/home/ec2-user/arduino-testlib/cli-datadir/user/libraries/RTCCounter/src/RTCCounter.cpp:50:42: error: &#39;PM_RCAUSE_SYST&#39; was not declared in this scope
   if ((!resetTime) &amp;&amp; (PM-&gt;RCAUSE.reg &amp; (PM_RCAUSE_SYST | PM_RCAUSE_WDT | PM_RCAUSE_EXT))) {
                                          ^~~~~~~~~~~~~~
/home/ec2-user/arduino-testlib/cli-datadir/user/libraries/RTCCounter/src/RTCCounter.cpp:50:59: error: &#39;PM_RCAUSE_WDT&#39; was not declared in this scope
   if ((!resetTime) &amp;&amp; (PM-&gt;RCAUSE.reg &amp; (PM_RCAUSE_SYST | PM_RCAUSE_WDT | PM_RCAUSE_EXT))) {
                                                           ^~~~~~~~~~~~~
/home/ec2-user/arduino-testlib/cli-datadir/user/libraries/RTCCounter/src/RTCCounter.cpp:50:75: error: &#39;PM_RCAUSE_EXT&#39; was not declared in this scope
   if ((!resetTime) &amp;&amp; (PM-&gt;RCAUSE.reg &amp; (PM_RCAUSE_SYST | PM_RCAUSE_WDT | PM_RCAUSE_EXT))) {
                                                                           ^~~~~~~~~~~~~
/home/ec2-user/arduino-testlib/cli-datadir/user/libraries/RTCCounter/src/RTCCounter.cpp:51:9: error: &#39;RTC&#39; was not declared in this scope
     if (RTC-&gt;MODE0.CTRL.reg &amp; RTC_MODE0_CTRL_MODE_COUNT32) {
         ^~~
/home/ec2-user/arduino-testlib/cli-datadir/user/libraries/RTCCounter/src/RTCCounter.cpp:51:31: error: &#39;RTC_MODE0_CTRL_MODE_COUNT32&#39; was not declared in this scope
     if (RTC-&gt;MODE0.CTRL.reg &amp; RTC_MODE0_CTRL_MODE_COUNT32) {
                               ^~~~~~~~~~~~~~~~~~~~~~~~~~~
/home/ec2-user/arduino-testlib/cli-datadir/user/libraries/RTCCounter/src/RTCCounter.cpp:64:14: error: &#39;RTC_MODE0_CTRL_MODE_COUNT32&#39; was not declared in this scope
   tmp_reg |= RTC_MODE0_CTRL_MODE_COUNT32; // set clock operating mode
              ^~~~~~~~~~~~~~~~~~~~~~~~~~~
/home/ec2-user/arduino-testlib/cli-datadir/user/libraries/RTCCounter/src/RTCCounter.cpp:65:14: error: &#39;RTC_MODE0_CTRL_PRESCALER_DIV1024&#39; was not declared in this scope
   tmp_reg |= RTC_MODE0_CTRL_PRESCALER_DIV1024; // set prescaler to 1024 for MODE2
              ^~~~~~~~~~~~~~~~~~~~~~~~~~~~~~~~
/home/ec2-user/arduino-testlib/cli-datadir/user/libraries/RTCCounter/src/RTCCounter.cpp:66:15: error: &#39;RTC_MODE0_CTRL_MATCHCLR&#39; was not declared in this scope
   tmp_reg &amp;= ~RTC_MODE0_CTRL_MATCHCLR; // disable clear on match
               ^~~~~~~~~~~~~~~~~~~~~~~
/home/ec2-user/arduino-testlib/cli-datadir/user/libraries/RTCCounter/src/RTCCounter.cpp:68:3: error: &#39;RTC&#39; was not declared in this scope
   RTC-&gt;MODE0.READREQ.reg &amp;= ~RTC_READREQ_RCONT; // disable continuously mode
   ^~~
/home/ec2-user/arduino-testlib/cli-datadir/user/libraries/RTCCounter/src/RTCCounter.cpp:68:30: error: &#39;RTC_READREQ_RCONT&#39; was not declared in this scope
   RTC-&gt;MODE0.READREQ.reg &amp;= ~RTC_READREQ_RCONT; // disable continuously mode
                              ^~~~~~~~~~~~~~~~~
/home/ec2-user/arduino-testlib/cli-datadir/user/libraries/RTCCounter/src/RTCCounter.cpp:73:18: error: &#39;RTC_IRQn&#39; was not declared in this scope
   NVIC_EnableIRQ(RTC_IRQn); // enable RTC interrupt
                  ^~~~~~~~
/home/ec2-user/arduino-testlib/cli-datadir/user/libraries/RTCCounter/src/RTCCounter.cpp:73:3: error: &#39;NVIC_EnableIRQ&#39; was not declared in this scope
   NVIC_EnableIRQ(RTC_IRQn); // enable RTC interrupt
   ^~~~~~~~~~~~~~
/home/ec2-user/arduino-testlib/cli-datadir/user/libraries/RTCCounter/src/RTCCounter.cpp:74:3: error: &#39;NVIC_SetPriority&#39; was not declared in this scope
   NVIC_SetPriority(RTC_IRQn, 0x03);
   ^~~~~~~~~~~~~~~~
/home/ec2-user/arduino-testlib/cli-datadir/user/libraries/RTCCounter/src/RTCCounter.cpp: In member function &#39;void RTCCounter::setAlarmY2kEpoch(uint32_t)&#39;:
/home/ec2-user/arduino-testlib/cli-datadir/user/libraries/RTCCounter/src/RTCCounter.cpp:131:5: error: &#39;RTC&#39; was not declared in this scope
     RTC-&gt;MODE0.COMP[0].reg = y2kEpoch;
     ^~~
/home/ec2-user/arduino-testlib/cli-datadir/user/libraries/RTCCounter/src/RTCCounter.cpp: In member function &#39;uint32_t RTCCounter::getAlarmY2kEpoch()&#39;:
/home/ec2-user/arduino-testlib/cli-datadir/user/libraries/RTCCounter/src/RTCCounter.cpp:165:13: error: &#39;RTC&#39; was not declared in this scope
     alarm = RTC-&gt;MODE0.COMP[0].reg;
             ^~~
/home/ec2-user/arduino-testlib/cli-datadir/user/libraries/RTCCounter/src/RTCCounter.cpp: In member function &#39;void RTCCounter::disableAlarm()&#39;:
/home/ec2-user/arduino-testlib/cli-datadir/user/libraries/RTCCounter/src/RTCCounter.cpp:183:5: error: &#39;RTC&#39; was not declared in this scope
     RTC-&gt;MODE0.INTENCLR.bit.CMP0 = 1;
     ^~~
/home/ec2-user/arduino-testlib/cli-datadir/user/libraries/RTCCounter/src/RTCCounter.cpp: In member function &#39;uint32_t RTCCounter::getY2kEpoch()&#39;:
/home/ec2-user/arduino-testlib/cli-datadir/user/libraries/RTCCounter/src/RTCCounter.cpp:212:20: error: &#39;RTC&#39; was not declared in this scope
     y2kEpochTime = RTC-&gt;MODE0.COUNT.reg;
                    ^~~
/home/ec2-user/arduino-testlib/cli-datadir/user/libraries/RTCCounter/src/RTCCounter.cpp: In member function &#39;void RTCCounter::setY2kEpoch(uint32_t)&#39;:
/home/ec2-user/arduino-testlib/cli-datadir/user/libraries/RTCCounter/src/RTCCounter.cpp:237:5: error: &#39;RTC&#39; was not declared in this scope
     RTC-&gt;MODE0.COUNT.reg = y2kEpoch;
     ^~~
/home/ec2-user/arduino-testlib/cli-datadir/user/libraries/RTCCounter/src/RTCCounter.cpp: In member function &#39;void RTCCounter::configureClock()&#39;:
/home/ec2-user/arduino-testlib/cli-datadir/user/libraries/RTCCounter/src/RTCCounter.cpp:247:3: error: &#39;GCLK&#39; was not declared in this scope
   GCLK-&gt;GENDIV.reg = GCLK_GENDIV_ID(2)|GCLK_GENDIV_DIV(4);
   ^~~~
/home/ec2-user/arduino-testlib/cli-datadir/user/libraries/RTCCounter/src/RTCCounter.cpp:247:3: note: suggested alternative: &#39;SCL&#39;
   GCLK-&gt;GENDIV.reg = GCLK_GENDIV_ID(2)|GCLK_GENDIV_DIV(4);
   ^~~~
   SCL
/home/ec2-user/arduino-testlib/cli-datadir/user/libraries/RTCCounter/src/RTCCounter.cpp:247:22: error: &#39;GCLK_GENDIV_ID&#39; was not declared in this scope
   GCLK-&gt;GENDIV.reg = GCLK_GENDIV_ID(2)|GCLK_GENDIV_DIV(4);
                      ^~~~~~~~~~~~~~
/home/ec2-user/arduino-testlib/cli-datadir/user/libraries/RTCCounter/src/RTCCounter.cpp:247:40: error: &#39;GCLK_GENDIV_DIV&#39; was not declared in this scope
   GCLK-&gt;GENDIV.reg = GCLK_GENDIV_ID(2)|GCLK_GENDIV_DIV(4);
                                        ^~~~~~~~~~~~~~~
/home/ec2-user/arduino-testlib/cli-datadir/user/libraries/RTCCounter/src/RTCCounter.cpp:248:29: error: &#39;GCLK_STATUS_SYNCBUSY&#39; was not declared in this scope
   while (GCLK-&gt;STATUS.reg &amp; GCLK_STATUS_SYNCBUSY);
                             ^~~~~~~~~~~~~~~~~~~~
/home/ec2-user/arduino-testlib/cli-datadir/user/libraries/RTCCounter/src/RTCCounter.cpp:250:24: error: &#39;GCLK_GENCTRL_GENEN&#39; was not declared in this scope
   GCLK-&gt;GENCTRL.reg = (GCLK_GENCTRL_GENEN | GCLK_GENCTRL_SRC_XOSC32K | GCLK_GENCTRL_ID(2) | GCLK_GENCTRL_DIVSEL );
                        ^~~~~~~~~~~~~~~~~~
/home/ec2-user/arduino-testlib/cli-datadir/user/libraries/RTCCounter/src/RTCCounter.cpp:250:45: error: &#39;GCLK_GENCTRL_SRC_XOSC32K&#39; was not declared in this scope
   GCLK-&gt;GENCTRL.reg = (GCLK_GENCTRL_GENEN | GCLK_GENCTRL_SRC_XOSC32K | GCLK_GENCTRL_ID(2) | GCLK_GENCTRL_DIVSEL );
                                             ^~~~~~~~~~~~~~~~~~~~~~~~
/home/ec2-user/arduino-testlib/cli-datadir/user/libraries/RTCCounter/src/RTCCounter.cpp:250:72: error: &#39;GCLK_GENCTRL_ID&#39; was not declared in this scope
   GCLK-&gt;GENCTRL.reg = (GCLK_GENCTRL_GENEN | GCLK_GENCTRL_SRC_XOSC32K | GCLK_GENCTRL_ID(2) | GCLK_GENCTRL_DIVSEL );
                                                                        ^~~~~~~~~~~~~~~
/home/ec2-user/arduino-testlib/cli-datadir/user/libraries/RTCCounter/src/RTCCounter.cpp:250:93: error: &#39;GCLK_GENCTRL_DIVSEL&#39; was not declared in this scope
   GCLK-&gt;GENCTRL.reg = (GCLK_GENCTRL_GENEN | GCLK_GENCTRL_SRC_XOSC32K | GCLK_GENCTRL_ID(2) | GCLK_GENCTRL_DIVSEL );
                                                                                             ^~~~~~~~~~~~~~~~~~~
/home/ec2-user/arduino-testlib/cli-datadir/user/libraries/RTCCounter/src/RTCCounter.cpp:251:29: error: &#39;GCLK_STATUS_SYNCBUSY&#39; was not declared in this scope
   while (GCLK-&gt;STATUS.reg &amp; GCLK_STATUS_SYNCBUSY);
                             ^~~~~~~~~~~~~~~~~~~~
/home/ec2-user/arduino-testlib/cli-datadir/user/libraries/RTCCounter/src/RTCCounter.cpp:253:35: error: &#39;GCLK_CLKCTRL_CLKEN&#39; was not declared in this scope
   GCLK-&gt;CLKCTRL.reg = (uint32_t)((GCLK_CLKCTRL_CLKEN | GCLK_CLKCTRL_GEN_GCLK2 | (RTC_GCLK_ID &lt;&lt; GCLK_CLKCTRL_ID_Pos)));
                                   ^~~~~~~~~~~~~~~~~~
/home/ec2-user/arduino-testlib/cli-datadir/user/libraries/RTCCounter/src/RTCCounter.cpp:253:56: error: &#39;GCLK_CLKCTRL_GEN_GCLK2&#39; was not declared in this scope
   GCLK-&gt;CLKCTRL.reg = (uint32_t)((GCLK_CLKCTRL_CLKEN | GCLK_CLKCTRL_GEN_GCLK2 | (RTC_GCLK_ID &lt;&lt; GCLK_CLKCTRL_ID_Pos)));
                                                        ^~~~~~~~~~~~~~~~~~~~~~
/home/ec2-user/arduino-testlib/cli-datadir/user/libraries/RTCCounter/src/RTCCounter.cpp:253:82: error: &#39;RTC_GCLK_ID&#39; was not declared in this scope
   GCLK-&gt;CLKCTRL.reg = (uint32_t)((GCL</pre>

					
					<h4>examples/DateTime</h4>
					<p>
						Result: <b>FAIL</b>
					</p>
					<pre class="pre-scrollable">WARNING: library RTCCounter claims to run on samd architecture(s) and may be incompatible with your current board which runs on avr architecture(s).
/home/ec2-user/arduino-testlib/cli-datadir/user/libraries/RTCCounter/examples/DateTime/DateTime.ino: In function &#39;void printDateTime()&#39;:
/home/ec2-user/arduino-testlib/cli-datadir/user/libraries/RTCCounter/examples/DateTime/DateTime.ino:73:3: error: &#39;SerialUSB&#39; was not declared in this scope
   SerialUSB.println(buffer);
   ^~~~~~~~~
/home/ec2-user/arduino-testlib/cli-datadir/user/libraries/RTCCounter/examples/DateTime/DateTime.ino:73:3: note: suggested alternative: &#39;Serial&#39;
   SerialUSB.println(buffer);
   ^~~~~~~~~
   Serial

</pre>
					
					<h4>examples/RTCBlink</h4>
					<p>
						Result: <b>FAIL</b>
					</p>
					<pre class="pre-scrollable">WARNING: library RTCCounter claims to run on samd architecture(s) and may be incompatible with your current board which runs on avr architecture(s).
/home/ec2-user/arduino-testlib/cli-datadir/user/libraries/RTCCounter/src/RTCCounter.cpp: In member function &#39;void RTCCounter::begin(bool)&#39;:
/home/ec2-user/arduino-testlib/cli-datadir/user/libraries/RTCCounter/src/RTCCounter.cpp:41:3: error: &#39;PM&#39; was not declared in this scope
   PM-&gt;APBAMASK.reg |= PM_APBAMASK_RTC; // turn on digital interface clock
   ^~
/home/ec2-user/arduino-testlib/cli-datadir/user/libraries/RTCCounter/src/RTCCounter.cpp:41:3: note: suggested alternative: &#39;PI&#39;
   PM-&gt;APBAMASK.reg |= PM_APBAMASK_RTC; // turn on digital interface clock
   ^~
   PI
/home/ec2-user/arduino-testlib/cli-datadir/user/libraries/RTCCounter/src/RTCCounter.cpp:41:23: error: &#39;PM_APBAMASK_RTC&#39; was not declared in this scope
   PM-&gt;APBAMASK.reg |= PM_APBAMASK_RTC; // turn on digital interface clock
                       ^~~~~~~~~~~~~~~
/home/ec2-user/arduino-testlib/cli-datadir/user/libraries/RTCCounter/src/RTCCounter.cpp:50:42: error: &#39;PM_RCAUSE_SYST&#39; was not declared in this scope
   if ((!resetTime) &amp;&amp; (PM-&gt;RCAUSE.reg &amp; (PM_RCAUSE_SYST | PM_RCAUSE_WDT | PM_RCAUSE_EXT))) {
                                          ^~~~~~~~~~~~~~
/home/ec2-user/arduino-testlib/cli-datadir/user/libraries/RTCCounter/src/RTCCounter.cpp:50:59: error: &#39;PM_RCAUSE_WDT&#39; was not declared in this scope
   if ((!resetTime) &amp;&amp; (PM-&gt;RCAUSE.reg &amp; (PM_RCAUSE_SYST | PM_RCAUSE_WDT | PM_RCAUSE_EXT))) {
                                                           ^~~~~~~~~~~~~
/home/ec2-user/arduino-testlib/cli-datadir/user/libraries/RTCCounter/src/RTCCounter.cpp:50:75: error: &#39;PM_RCAUSE_EXT&#39; was not declared in this scope
   if ((!resetTime) &amp;&amp; (PM-&gt;RCAUSE.reg &amp; (PM_RCAUSE_SYST | PM_RCAUSE_WDT | PM_RCAUSE_EXT))) {
                                                                           ^~~~~~~~~~~~~
/home/ec2-user/arduino-testlib/cli-datadir/user/libraries/RTCCounter/src/RTCCounter.cpp:51:9: error: &#39;RTC&#39; was not declared in this scope
     if (RTC-&gt;MODE0.CTRL.reg &amp; RTC_MODE0_CTRL_MODE_COUNT32) {
         ^~~
/home/ec2-user/arduino-testlib/cli-datadir/user/libraries/RTCCounter/src/RTCCounter.cpp:51:31: error: &#39;RTC_MODE0_CTRL_MODE_COUNT32&#39; was not declared in this scope
     if (RTC-&gt;MODE0.CTRL.reg &amp; RTC_MODE0_CTRL_MODE_COUNT32) {
                               ^~~~~~~~~~~~~~~~~~~~~~~~~~~
/home/ec2-user/arduino-testlib/cli-datadir/user/libraries/RTCCounter/src/RTCCounter.cpp:64:14: error: &#39;RTC_MODE0_CTRL_MODE_COUNT32&#39; was not declared in this scope
   tmp_reg |= RTC_MODE0_CTRL_MODE_COUNT32; // set clock operating mode
              ^~~~~~~~~~~~~~~~~~~~~~~~~~~
/home/ec2-user/arduino-testlib/cli-datadir/user/libraries/RTCCounter/src/RTCCounter.cpp:65:14: error: &#39;RTC_MODE0_CTRL_PRESCALER_DIV1024&#39; was not declared in this scope
   tmp_reg |= RTC_MODE0_CTRL_PRESCALER_DIV1024; // set prescaler to 1024 for MODE2
              ^~~~~~~~~~~~~~~~~~~~~~~~~~~~~~~~
/home/ec2-user/arduino-testlib/cli-datadir/user/libraries/RTCCounter/src/RTCCounter.cpp:66:15: error: &#39;RTC_MODE0_CTRL_MATCHCLR&#39; was not declared in this scope
   tmp_reg &amp;= ~RTC_MODE0_CTRL_MATCHCLR; // disable clear on match
               ^~~~~~~~~~~~~~~~~~~~~~~
/home/ec2-user/arduino-testlib/cli-datadir/user/libraries/RTCCounter/src/RTCCounter.cpp:68:3: error: &#39;RTC&#39; was not declared in this scope
   RTC-&gt;MODE0.READREQ.reg &amp;= ~RTC_READREQ_RCONT; // disable continuously mode
   ^~~
/home/ec2-user/arduino-testlib/cli-datadir/user/libraries/RTCCounter/src/RTCCounter.cpp:68:30: error: &#39;RTC_READREQ_RCONT&#39; was not declared in this scope
   RTC-&gt;MODE0.READREQ.reg &amp;= ~RTC_READREQ_RCONT; // disable continuously mode
                              ^~~~~~~~~~~~~~~~~
/home/ec2-user/arduino-testlib/cli-datadir/user/libraries/RTCCounter/src/RTCCounter.cpp:73:18: error: &#39;RTC_IRQn&#39; was not declared in this scope
   NVIC_EnableIRQ(RTC_IRQn); // enable RTC interrupt
                  ^~~~~~~~
/home/ec2-user/arduino-testlib/cli-datadir/user/libraries/RTCCounter/src/RTCCounter.cpp:73:3: error: &#39;NVIC_EnableIRQ&#39; was not declared in this scope
   NVIC_EnableIRQ(RTC_IRQn); // enable RTC interrupt
   ^~~~~~~~~~~~~~
/home/ec2-user/arduino-testlib/cli-datadir/user/libraries/RTCCounter/src/RTCCounter.cpp:74:3: error: &#39;NVIC_SetPriority&#39; was not declared in this scope
   NVIC_SetPriority(RTC_IRQn, 0x03);
   ^~~~~~~~~~~~~~~~
/home/ec2-user/arduino-testlib/cli-datadir/user/libraries/RTCCounter/src/RTCCounter.cpp: In member function &#39;void RTCCounter::setAlarmY2kEpoch(uint32_t)&#39;:
/home/ec2-user/arduino-testlib/cli-datadir/user/libraries/RTCCounter/src/RTCCounter.cpp:131:5: error: &#39;RTC&#39; was not declared in this scope
     RTC-&gt;MODE0.COMP[0].reg = y2kEpoch;
     ^~~
/home/ec2-user/arduino-testlib/cli-datadir/user/libraries/RTCCounter/src/RTCCounter.cpp: In member function &#39;uint32_t RTCCounter::getAlarmY2kEpoch()&#39;:
/home/ec2-user/arduino-testlib/cli-datadir/user/libraries/RTCCounter/src/RTCCounter.cpp:165:13: error: &#39;RTC&#39; was not declared in this scope
     alarm = RTC-&gt;MODE0.COMP[0].reg;
             ^~~
/home/ec2-user/arduino-testlib/cli-datadir/user/libraries/RTCCounter/src/RTCCounter.cpp: In member function &#39;void RTCCounter::disableAlarm()&#39;:
/home/ec2-user/arduino-testlib/cli-datadir/user/libraries/RTCCounter/src/RTCCounter.cpp:183:5: error: &#39;RTC&#39; was not declared in this scope
     RTC-&gt;MODE0.INTENCLR.bit.CMP0 = 1;
     ^~~
/home/ec2-user/arduino-testlib/cli-datadir/user/libraries/RTCCounter/src/RTCCounter.cpp: In member function &#39;uint32_t RTCCounter::getY2kEpoch()&#39;:
/home/ec2-user/arduino-testlib/cli-datadir/user/libraries/RTCCounter/src/RTCCounter.cpp:212:20: error: &#39;RTC&#39; was not declared in this scope
     y2kEpochTime = RTC-&gt;MODE0.COUNT.reg;
                    ^~~
/home/ec2-user/arduino-testlib/cli-datadir/user/libraries/RTCCounter/src/RTCCounter.cpp: In member function &#39;void RTCCounter::setY2kEpoch(uint32_t)&#39;:
/home/ec2-user/arduino-testlib/cli-datadir/user/libraries/RTCCounter/src/RTCCounter.cpp:237:5: error: &#39;RTC&#39; was not declared in this scope
     RTC-&gt;MODE0.COUNT.reg = y2kEpoch;
     ^~~
/home/ec2-user/arduino-testlib/cli-datadir/user/libraries/RTCCounter/src/RTCCounter.cpp: In member function &#39;void RTCCounter::configureClock()&#39;:
/home/ec2-user/arduino-testlib/cli-datadir/user/libraries/RTCCounter/src/RTCCounter.cpp:247:3: error: &#39;GCLK&#39; was not declared in this scope
   GCLK-&gt;GENDIV.reg = GCLK_GENDIV_ID(2)|GCLK_GENDIV_DIV(4);
   ^~~~
/home/ec2-user/arduino-testlib/cli-datadir/user/libraries/RTCCounter/src/RTCCounter.cpp:247:3: note: suggested alternative: &#39;SCL&#39;
   GCLK-&gt;GENDIV.reg = GCLK_GENDIV_ID(2)|GCLK_GENDIV_DIV(4);
   ^~~~
   SCL
/home/ec2-user/arduino-testlib/cli-datadir/user/libraries/RTCCounter/src/RTCCounter.cpp:247:22: error: &#39;GCLK_GENDIV_ID&#39; was not declared in this scope
   GCLK-&gt;GENDIV.reg = GCLK_GENDIV_ID(2)|GCLK_GENDIV_DIV(4);
                      ^~~~~~~~~~~~~~
/home/ec2-user/arduino-testlib/cli-datadir/user/libraries/RTCCounter/src/RTCCounter.cpp:247:40: error: &#39;GCLK_GENDIV_DIV&#39; was not declared in this scope
   GCLK-&gt;GENDIV.reg = GCLK_GENDIV_ID(2)|GCLK_GENDIV_DIV(4);
                                        ^~~~~~~~~~~~~~~
/home/ec2-user/arduino-testlib/cli-datadir/user/libraries/RTCCounter/src/RTCCounter.cpp:248:29: error: &#39;GCLK_STATUS_SYNCBUSY&#39; was not declared in this scope
   while (GCLK-&gt;STATUS.reg &amp; GCLK_STATUS_SYNCBUSY);
                             ^~~~~~~~~~~~~~~~~~~~
/home/ec2-user/arduino-testlib/cli-datadir/user/libraries/RTCCounter/src/RTCCounter.cpp:250:24: error: &#39;GCLK_GENCTRL_GENEN&#39; was not declared in this scope
   GCLK-&gt;GENCTRL.reg = (GCLK_GENCTRL_GENEN | GCLK_GENCTRL_SRC_XOSC32K | GCLK_GENCTRL_ID(2) | GCLK_GENCTRL_DIVSEL );
                        ^~~~~~~~~~~~~~~~~~
/home/ec2-user/arduino-testlib/cli-datadir/user/libraries/RTCCounter/src/RTCCounter.cpp:250:45: error: &#39;GCLK_GENCTRL_SRC_XOSC32K&#39; was not declared in this scope
   GCLK-&gt;GENCTRL.reg = (GCLK_GENCTRL_GENEN | GCLK_GENCTRL_SRC_XOSC32K | GCLK_GENCTRL_ID(2) | GCLK_GENCTRL_DIVSEL );
                                             ^~~~~~~~~~~~~~~~~~~~~~~~
/home/ec2-user/arduino-testlib/cli-datadir/user/libraries/RTCCounter/src/RTCCounter.cpp:250:72: error: &#39;GCLK_GENCTRL_ID&#39; was not declared in this scope
   GCLK-&gt;GENCTRL.reg = (GCLK_GENCTRL_GENEN | GCLK_GENCTRL_SRC_XOSC32K | GCLK_GENCTRL_ID(2) | GCLK_GENCTRL_DIVSEL );
                                                                        ^~~~~~~~~~~~~~~
/home/ec2-user/arduino-testlib/cli-datadir/user/libraries/RTCCounter/src/RTCCounter.cpp:250:93: error: &#39;GCLK_GENCTRL_DIVSEL&#39; was not declared in this scope
   GCLK-&gt;GENCTRL.reg = (GCLK_GENCTRL_GENEN | GCLK_GENCTRL_SRC_XOSC32K | GCLK_GENCTRL_ID(2) | GCLK_GENCTRL_DIVSEL );
                                                                                             ^~~~~~~~~~~~~~~~~~~
/home/ec2-user/arduino-testlib/cli-datadir/user/libraries/RTCCounter/src/RTCCounter.cpp:251:29: error: &#39;GCLK_STATUS_SYNCBUSY&#39; was not declared in this scope
   while (GCLK-&gt;STATUS.reg &amp; GCLK_STATUS_SYNCBUSY);
                             ^~~~~~~~~~~~~~~~~~~~
/home/ec2-user/arduino-testlib/cli-datadir/user/libraries/RTCCounter/src/RTCCounter.cpp:253:35: error: &#39;GCLK_CLKCTRL_CLKEN&#39; was not declared in this scope
   GCLK-&gt;CLKCTRL.reg = (uint32_t)((GCLK_CLKCTRL_CLKEN | GCLK_CLKCTRL_GEN_GCLK2 | (RTC_GCLK_ID &lt;&lt; GCLK_CLKCTRL_ID_Pos)));
                                   ^~~~~~~~~~~~~~~~~~
/home/ec2-user/arduino-testlib/cli-datadir/user/libraries/RTCCounter/src/RTCCounter.cpp:253:56: error: &#39;GCLK_CLKCTRL_GEN_GCLK2&#39; was not declared in this scope
   GCLK-&gt;CLKCTRL.reg = (uint32_t)((GCLK_CLKCTRL_CLKEN | GCLK_CLKCTRL_GEN_GCLK2 | (RTC_GCLK_ID &lt;&lt; GCLK_CLKCTRL_ID_Pos)));
                                                        ^~~~~~~~~~~~~~~~~~~~~~
/home/ec2-user/arduino-testlib/cli-datadir/user/libraries/RTCCounter/src/RTCCounter.cpp:253:82: error: &#39;RTC_GCLK_ID&#39; was not declared in this scope
   GCLK-&gt;CLKCTRL.reg = (uint32_t)((GCL</pre>
					
					<h4>examples/SleepRTCBlink</h4>
					<p>
						Result: <b>FAIL</b>
					</p>
					<pre class="pre-scrollable">WARNING: library RTCCounter claims to run on samd architecture(s) and may be incompatible with your current board which runs on avr architecture(s).
/home/ec2-user/arduino-testlib/cli-datadir/user/libraries/RTCCounter/examples/SleepRTCBlink/SleepRTCBlink.ino: In function &#39;void setup()&#39;:
/home/ec2-user/arduino-testlib/cli-datadir/user/libraries/RTCCounter/examples/SleepRTCBlink/SleepRTCBlink.ino:33:3: error: &#39;SCB&#39; was not declared in this scope
   SCB-&gt;SCR |= SCB_SCR_SLEEPDEEP_Msk;
   ^~~
/home/ec2-user/arduino-testlib/cli-datadir/user/libraries/RTCCounter/examples/SleepRTCBlink/SleepRTCBlink.ino:33:3: note: suggested alternative: &#39;SCL&#39;
   SCB-&gt;SCR |= SCB_SCR_SLEEPDEEP_Msk;
   ^~~
   SCL
/home/ec2-user/arduino-testlib/cli-datadir/user/libraries/RTCCounter/examples/SleepRTCBlink/SleepRTCBlink.ino:33:15: error: &#39;SCB_SCR_SLEEPDEEP_Msk&#39; was not declared in this scope
   SCB-&gt;SCR |= SCB_SCR_SLEEPDEEP_Msk;
               ^~~~~~~~~~~~~~~~~~~~~
/home/ec2-user/arduino-testlib/cli-datadir/user/libraries/RTCCounter/examples/SleepRTCBlink/SleepRTCBlink.ino: In function &#39;void systemSleep()&#39;:
/home/ec2-user/arduino-testlib/cli-datadir/user/libraries/RTCCounter/examples/SleepRTCBlink/SleepRTCBlink.ino:60:5: error: &#39;__WFI&#39; was not declared in this scope
     __WFI();
     ^~~~~

</pre>
					
				
				<h3 id="arduino:mbed_nano:nanorp2040connect">arduino:mbed_nano:nanorp2040connect @ 2.7.2</h3>
				<h4>Inclusion</h4>
				<p>
					Result: <b>FAIL</b>
					
				</p>
				<pre class="pre-scrollable">WARNING: library RTCCounter claims to run on samd architecture(s) and may be incompatible with your current board which runs on mbed_nano architecture(s).
/home/ec2-user/arduino-testlib/cli-datadir/user/libraries/RTCCounter/src/RTCCounter.cpp: In member function &#39;void RTCCounter::begin(bool)&#39;:
/home/ec2-user/arduino-testlib/cli-datadir/user/libraries/RTCCounter/src/RTCCounter.cpp:41:3: error: &#39;PM&#39; was not declared in this scope
   PM-&gt;APBAMASK.reg |= PM_APBAMASK_RTC; // turn on digital interface clock
   ^~
/home/ec2-user/arduino-testlib/cli-datadir/user/libraries/RTCCounter/src/RTCCounter.cpp:41:3: note: suggested alternative: &#39;PI&#39;
   PM-&gt;APBAMASK.reg |= PM_APBAMASK_RTC; // turn on digital interface clock
   ^~
   PI
/home/ec2-user/arduino-testlib/cli-datadir/user/libraries/RTCCounter/src/RTCCounter.cpp:41:23: error: &#39;PM_APBAMASK_RTC&#39; was not declared in this scope
   PM-&gt;APBAMASK.reg |= PM_APBAMASK_RTC; // turn on digital interface clock
                       ^~~~~~~~~~~~~~~
/home/ec2-user/arduino-testlib/cli-datadir/user/libraries/RTCCounter/src/RTCCounter.cpp:50:42: error: &#39;PM_RCAUSE_SYST&#39; was not declared in this scope
   if ((!resetTime) &amp;&amp; (PM-&gt;RCAUSE.reg &amp; (PM_RCAUSE_SYST | PM_RCAUSE_WDT | PM_RCAUSE_EXT))) {
                                          ^~~~~~~~~~~~~~
/home/ec2-user/arduino-testlib/cli-datadir/user/libraries/RTCCounter/src/RTCCounter.cpp:50:59: error: &#39;PM_RCAUSE_WDT&#39; was not declared in this scope
   if ((!resetTime) &amp;&amp; (PM-&gt;RCAUSE.reg &amp; (PM_RCAUSE_SYST | PM_RCAUSE_WDT | PM_RCAUSE_EXT))) {
                                                           ^~~~~~~~~~~~~
/home/ec2-user/arduino-testlib/cli-datadir/user/libraries/RTCCounter/src/RTCCounter.cpp:50:75: error: &#39;PM_RCAUSE_EXT&#39; was not declared in this scope
   if ((!resetTime) &amp;&amp; (PM-&gt;RCAUSE.reg &amp; (PM_RCAUSE_SYST | PM_RCAUSE_WDT | PM_RCAUSE_EXT))) {
                                                                           ^~~~~~~~~~~~~
/home/ec2-user/arduino-testlib/cli-datadir/user/libraries/RTCCounter/src/RTCCounter.cpp:51:9: error: &#39;RTC&#39; was not declared in this scope
     if (RTC-&gt;MODE0.CTRL.reg &amp; RTC_MODE0_CTRL_MODE_COUNT32) {
         ^~~
/home/ec2-user/arduino-testlib/cli-datadir/user/libraries/RTCCounter/src/RTCCounter.cpp:51:31: error: &#39;RTC_MODE0_CTRL_MODE_COUNT32&#39; was not declared in this scope
     if (RTC-&gt;MODE0.CTRL.reg &amp; RTC_MODE0_CTRL_MODE_COUNT32) {
                               ^~~~~~~~~~~~~~~~~~~~~~~~~~~
/home/ec2-user/arduino-testlib/cli-datadir/user/libraries/RTCCounter/src/RTCCounter.cpp:64:14: error: &#39;RTC_MODE0_CTRL_MODE_COUNT32&#39; was not declared in this scope
   tmp_reg |= RTC_MODE0_CTRL_MODE_COUNT32; // set clock operating mode
              ^~~~~~~~~~~~~~~~~~~~~~~~~~~
/home/ec2-user/arduino-testlib/cli-datadir/user/libraries/RTCCounter/src/RTCCounter.cpp:65:14: error: &#39;RTC_MODE0_CTRL_PRESCALER_DIV1024&#39; was not declared in this scope
   tmp_reg |= RTC_MODE0_CTRL_PRESCALER_DIV1024; // set prescaler to 1024 for MODE2
              ^~~~~~~~~~~~~~~~~~~~~~~~~~~~~~~~
/home/ec2-user/arduino-testlib/cli-datadir/user/libraries/RTCCounter/src/RTCCounter.cpp:66:15: error: &#39;RTC_MODE0_CTRL_MATCHCLR&#39; was not declared in this scope
   tmp_reg &amp;= ~RTC_MODE0_CTRL_MATCHCLR; // disable clear on match
               ^~~~~~~~~~~~~~~~~~~~~~~
/home/ec2-user/arduino-testlib/cli-datadir/user/libraries/RTCCounter/src/RTCCounter.cpp:68:3: error: &#39;RTC&#39; was not declared in this scope
   RTC-&gt;MODE0.READREQ.reg &amp;= ~RTC_READREQ_RCONT; // disable continuously mode
   ^~~
/home/ec2-user/arduino-testlib/cli-datadir/user/libraries/RTCCounter/src/RTCCounter.cpp:68:30: error: &#39;RTC_READREQ_RCONT&#39; was not declared in this scope
   RTC-&gt;MODE0.READREQ.reg &amp;= ~RTC_READREQ_RCONT; // disable continuously mode
                              ^~~~~~~~~~~~~~~~~
/home/ec2-user/arduino-testlib/cli-datadir/user/libraries/RTCCounter/src/RTCCounter.cpp: In member function &#39;void RTCCounter::setAlarmY2kEpoch(uint32_t)&#39;:
/home/ec2-user/arduino-testlib/cli-datadir/user/libraries/RTCCounter/src/RTCCounter.cpp:131:5: error: &#39;RTC&#39; was not declared in this scope
     RTC-&gt;MODE0.COMP[0].reg = y2kEpoch;
     ^~~
/home/ec2-user/arduino-testlib/cli-datadir/user/libraries/RTCCounter/src/RTCCounter.cpp: In member function &#39;uint32_t RTCCounter::getAlarmY2kEpoch()&#39;:
/home/ec2-user/arduino-testlib/cli-datadir/user/libraries/RTCCounter/src/RTCCounter.cpp:165:13: error: &#39;RTC&#39; was not declared in this scope
     alarm = RTC-&gt;MODE0.COMP[0].reg;
             ^~~
/home/ec2-user/arduino-testlib/cli-datadir/user/libraries/RTCCounter/src/RTCCounter.cpp: In member function &#39;void RTCCounter::disableAlarm()&#39;:
/home/ec2-user/arduino-testlib/cli-datadir/user/libraries/RTCCounter/src/RTCCounter.cpp:183:5: error: &#39;RTC&#39; was not declared in this scope
     RTC-&gt;MODE0.INTENCLR.bit.CMP0 = 1;
     ^~~
/home/ec2-user/arduino-testlib/cli-datadir/user/libraries/RTCCounter/src/RTCCounter.cpp: In member function &#39;uint32_t RTCCounter::getY2kEpoch()&#39;:
/home/ec2-user/arduino-testlib/cli-datadir/user/libraries/RTCCounter/src/RTCCounter.cpp:212:20: error: &#39;RTC&#39; was not declared in this scope
     y2kEpochTime = RTC-&gt;MODE0.COUNT.reg;
                    ^~~
/home/ec2-user/arduino-testlib/cli-datadir/user/libraries/RTCCounter/src/RTCCounter.cpp: In member function &#39;void RTCCounter::setY2kEpoch(uint32_t)&#39;:
/home/ec2-user/arduino-testlib/cli-datadir/user/libraries/RTCCounter/src/RTCCounter.cpp:237:5: error: &#39;RTC&#39; was not declared in this scope
     RTC-&gt;MODE0.COUNT.reg = y2kEpoch;
     ^~~
/home/ec2-user/arduino-testlib/cli-datadir/user/libraries/RTCCounter/src/RTCCounter.cpp: In member function &#39;void RTCCounter::configureClock()&#39;:
/home/ec2-user/arduino-testlib/cli-datadir/user/libraries/RTCCounter/src/RTCCounter.cpp:247:3: error: &#39;GCLK&#39; was not declared in this scope
   GCLK-&gt;GENDIV.reg = GCLK_GENDIV_ID(2)|GCLK_GENDIV_DIV(4);
   ^~~~
/home/ec2-user/arduino-testlib/cli-datadir/user/libraries/RTCCounter/src/RTCCounter.cpp:247:3: note: suggested alternative: &#39;SCK&#39;
   GCLK-&gt;GENDIV.reg = GCLK_GENDIV_ID(2)|GCLK_GENDIV_DIV(4);
   ^~~~
   SCK
/home/ec2-user/arduino-testlib/cli-datadir/user/libraries/RTCCounter/src/RTCCounter.cpp:247:22: error: &#39;GCLK_GENDIV_ID&#39; was not declared in this scope
   GCLK-&gt;GENDIV.reg = GCLK_GENDIV_ID(2)|GCLK_GENDIV_DIV(4);
                      ^~~~~~~~~~~~~~
/home/ec2-user/arduino-testlib/cli-datadir/user/libraries/RTCCounter/src/RTCCounter.cpp:247:40: error: &#39;GCLK_GENDIV_DIV&#39; was not declared in this scope
   GCLK-&gt;GENDIV.reg = GCLK_GENDIV_ID(2)|GCLK_GENDIV_DIV(4);
                                        ^~~~~~~~~~~~~~~
/home/ec2-user/arduino-testlib/cli-datadir/user/libraries/RTCCounter/src/RTCCounter.cpp:248:29: error: &#39;GCLK_STATUS_SYNCBUSY&#39; was not declared in this scope
   while (GCLK-&gt;STATUS.reg &amp; GCLK_STATUS_SYNCBUSY);
                             ^~~~~~~~~~~~~~~~~~~~
/home/ec2-user/arduino-testlib/cli-datadir/user/libraries/RTCCounter/src/RTCCounter.cpp:248:29: note: suggested alternative: &#39;I2C_IC_STATUS_TFNF_MSB&#39;
   while (GCLK-&gt;STATUS.reg &amp; GCLK_STATUS_SYNCBUSY);
                             ^~~~~~~~~~~~~~~~~~~~
                             I2C_IC_STATUS_TFNF_MSB
/home/ec2-user/arduino-testlib/cli-datadir/user/libraries/RTCCounter/src/RTCCounter.cpp:250:24: error: &#39;GCLK_GENCTRL_GENEN&#39; was not declared in this scope
   GCLK-&gt;GENCTRL.reg = (GCLK_GENCTRL_GENEN | GCLK_GENCTRL_SRC_XOSC32K | GCLK_GENCTRL_ID(2) | GCLK_GENCTRL_DIVSEL );
                        ^~~~~~~~~~~~~~~~~~
/home/ec2-user/arduino-testlib/cli-datadir/user/libraries/RTCCounter/src/RTCCounter.cpp:250:45: error: &#39;GCLK_GENCTRL_SRC_XOSC32K&#39; was not declared in this scope
   GCLK-&gt;GENCTRL.reg = (GCLK_GENCTRL_GENEN | GCLK_GENCTRL_SRC_XOSC32K | GCLK_GENCTRL_ID(2) | GCLK_GENCTRL_DIVSEL );
                                             ^~~~~~~~~~~~~~~~~~~~~~~~
/home/ec2-user/arduino-testlib/cli-datadir/user/libraries/RTCCounter/src/RTCCounter.cpp:250:72: error: &#39;GCLK_GENCTRL_ID&#39; was not declared in this scope
   GCLK-&gt;GENCTRL.reg = (GCLK_GENCTRL_GENEN | GCLK_GENCTRL_SRC_XOSC32K | GCLK_GENCTRL_ID(2) | GCLK_GENCTRL_DIVSEL );
                                                                        ^~~~~~~~~~~~~~~
/home/ec2-user/arduino-testlib/cli-datadir/user/libraries/RTCCounter/src/RTCCounter.cpp:250:93: error: &#39;GCLK_GENCTRL_DIVSEL&#39; was not declared in this scope
   GCLK-&gt;GENCTRL.reg = (GCLK_GENCTRL_GENEN | GCLK_GENCTRL_SRC_XOSC32K | GCLK_GENCTRL_ID(2) | GCLK_GENCTRL_DIVSEL );
                                                                                             ^~~~~~~~~~~~~~~~~~~
/home/ec2-user/arduino-testlib/cli-datadir/user/libraries/RTCCounter/src/RTCCounter.cpp:251:29: error: &#39;GCLK_STATUS_SYNCBUSY&#39; was not declared in this scope
   while (GCLK-&gt;STATUS.reg &amp; GCLK_STATUS_SYNCBUSY);
                             ^~~~~~~~~~~~~~~~~~~~
/home/ec2-user/arduino-testlib/cli-datadir/user/libraries/RTCCounter/src/RTCCounter.cpp:251:29: note: suggested alternative: &#39;I2C_IC_STATUS_TFNF_MSB&#39;
   while (GCLK-&gt;STATUS.reg &amp; GCLK_STATUS_SYNCBUSY);
                             ^~~~~~~~~~~~~~~~~~~~
                             I2C_IC_STATUS_TFNF_MSB
/home/ec2-user/arduino-testlib/cli-datadir/user/libraries/RTCCounter/src/RTCCounter.cpp:253:35: error: &#39;GCLK_CLKCTRL_CLKEN&#39; was not declared in this scope
   GCLK-&gt;CLKCTRL.reg = (uint32_t)((GCLK_CLKCTRL_CLKEN | GCLK_CLKCTRL_GEN_GCLK2 | (RTC_GCLK_ID &lt;&lt; GCLK_CLKCTRL_ID_Pos)));
                                   ^~~~~~~~~~~~~~~~~~
/home/ec2-user/arduino-testlib/cli-datadir/user/libraries/RTCCounter/src/RTCCounter.cpp:253:56: error: &#39;GCLK_CLKCTRL_GEN_GCLK2&#39; was not declared in this scope
   GCLK-&gt;CLKCTRL.reg = (uint32_t)((GCLK_CLKCTRL_CLKEN | GCLK_CLKCTRL_GEN_GCLK2 | (RTC_GCLK_ID &lt;&lt; GCLK_CLKCTRL_ID_Pos)));
                                                        ^~~~~~~~~~~~~~~~~~~~~~
/home/ec2-user/arduino-testlib/cli-datadir/user/libraries/RTCCounter/src/RTCCounter.cpp:253:82: error: &#39;RTC_GCLK_ID&#39; was not declared in this scope
   GCLK-&gt;CLKCTRL.reg = (uint32_t)((GCLK_CLKCTRL_CLKEN | GCLK_CLKCTRL_GEN_GCL</pre>

					
					<h4>examples/DateTime</h4>
					<p>
						Result: <b>FAIL</b>
					</p>
					<pre class="pre-scrollable">WARNING: library RTCCounter claims to run on samd architecture(s) and may be incompatible with your current board which runs on mbed_nano architecture(s).
/home/ec2-user/arduino-testlib/cli-datadir/user/libraries/RTCCounter/src/RTCCounter.cpp: In member function &#39;void RTCCounter::begin(bool)&#39;:
/home/ec2-user/arduino-testlib/cli-datadir/user/libraries/RTCCounter/src/RTCCounter.cpp:41:3: error: &#39;PM&#39; was not declared in this scope
   PM-&gt;APBAMASK.reg |= PM_APBAMASK_RTC; // turn on digital interface clock
   ^~
/home/ec2-user/arduino-testlib/cli-datadir/user/libraries/RTCCounter/src/RTCCounter.cpp:41:3: note: suggested alternative: &#39;PI&#39;
   PM-&gt;APBAMASK.reg |= PM_APBAMASK_RTC; // turn on digital interface clock
   ^~
   PI
/home/ec2-user/arduino-testlib/cli-datadir/user/libraries/RTCCounter/src/RTCCounter.cpp:41:23: error: &#39;PM_APBAMASK_RTC&#39; was not declared in this scope
   PM-&gt;APBAMASK.reg |= PM_APBAMASK_RTC; // turn on digital interface clock
                       ^~~~~~~~~~~~~~~
/home/ec2-user/arduino-testlib/cli-datadir/user/libraries/RTCCounter/src/RTCCounter.cpp:50:42: error: &#39;PM_RCAUSE_SYST&#39; was not declared in this scope
   if ((!resetTime) &amp;&amp; (PM-&gt;RCAUSE.reg &amp; (PM_RCAUSE_SYST | PM_RCAUSE_WDT | PM_RCAUSE_EXT))) {
                                          ^~~~~~~~~~~~~~
/home/ec2-user/arduino-testlib/cli-datadir/user/libraries/RTCCounter/src/RTCCounter.cpp:50:59: error: &#39;PM_RCAUSE_WDT&#39; was not declared in this scope
   if ((!resetTime) &amp;&amp; (PM-&gt;RCAUSE.reg &amp; (PM_RCAUSE_SYST | PM_RCAUSE_WDT | PM_RCAUSE_EXT))) {
                                                           ^~~~~~~~~~~~~
/home/ec2-user/arduino-testlib/cli-datadir/user/libraries/RTCCounter/src/RTCCounter.cpp:50:75: error: &#39;PM_RCAUSE_EXT&#39; was not declared in this scope
   if ((!resetTime) &amp;&amp; (PM-&gt;RCAUSE.reg &amp; (PM_RCAUSE_SYST | PM_RCAUSE_WDT | PM_RCAUSE_EXT))) {
                                                                           ^~~~~~~~~~~~~
/home/ec2-user/arduino-testlib/cli-datadir/user/libraries/RTCCounter/src/RTCCounter.cpp:51:9: error: &#39;RTC&#39; was not declared in this scope
     if (RTC-&gt;MODE0.CTRL.reg &amp; RTC_MODE0_CTRL_MODE_COUNT32) {
         ^~~
/home/ec2-user/arduino-testlib/cli-datadir/user/libraries/RTCCounter/src/RTCCounter.cpp:51:31: error: &#39;RTC_MODE0_CTRL_MODE_COUNT32&#39; was not declared in this scope
     if (RTC-&gt;MODE0.CTRL.reg &amp; RTC_MODE0_CTRL_MODE_COUNT32) {
                               ^~~~~~~~~~~~~~~~~~~~~~~~~~~
/home/ec2-user/arduino-testlib/cli-datadir/user/libraries/RTCCounter/src/RTCCounter.cpp:64:14: error: &#39;RTC_MODE0_CTRL_MODE_COUNT32&#39; was not declared in this scope
   tmp_reg |= RTC_MODE0_CTRL_MODE_COUNT32; // set clock operating mode
              ^~~~~~~~~~~~~~~~~~~~~~~~~~~
/home/ec2-user/arduino-testlib/cli-datadir/user/libraries/RTCCounter/src/RTCCounter.cpp:65:14: error: &#39;RTC_MODE0_CTRL_PRESCALER_DIV1024&#39; was not declared in this scope
   tmp_reg |= RTC_MODE0_CTRL_PRESCALER_DIV1024; // set prescaler to 1024 for MODE2
              ^~~~~~~~~~~~~~~~~~~~~~~~~~~~~~~~
/home/ec2-user/arduino-testlib/cli-datadir/user/libraries/RTCCounter/src/RTCCounter.cpp:66:15: error: &#39;RTC_MODE0_CTRL_MATCHCLR&#39; was not declared in this scope
   tmp_reg &amp;= ~RTC_MODE0_CTRL_MATCHCLR; // disable clear on match
               ^~~~~~~~~~~~~~~~~~~~~~~
/home/ec2-user/arduino-testlib/cli-datadir/user/libraries/RTCCounter/src/RTCCounter.cpp:68:3: error: &#39;RTC&#39; was not declared in this scope
   RTC-&gt;MODE0.READREQ.reg &amp;= ~RTC_READREQ_RCONT; // disable continuously mode
   ^~~
/home/ec2-user/arduino-testlib/cli-datadir/user/libraries/RTCCounter/src/RTCCounter.cpp:68:30: error: &#39;RTC_READREQ_RCONT&#39; was not declared in this scope
   RTC-&gt;MODE0.READREQ.reg &amp;= ~RTC_READREQ_RCONT; // disable continuously mode
                              ^~~~~~~~~~~~~~~~~
/home/ec2-user/arduino-testlib/cli-datadir/user/libraries/RTCCounter/src/RTCCounter.cpp: In member function &#39;void RTCCounter::setAlarmY2kEpoch(uint32_t)&#39;:
/home/ec2-user/arduino-testlib/cli-datadir/user/libraries/RTCCounter/src/RTCCounter.cpp:131:5: error: &#39;RTC&#39; was not declared in this scope
     RTC-&gt;MODE0.COMP[0].reg = y2kEpoch;
     ^~~
/home/ec2-user/arduino-testlib/cli-datadir/user/libraries/RTCCounter/src/RTCCounter.cpp: In member function &#39;uint32_t RTCCounter::getAlarmY2kEpoch()&#39;:
/home/ec2-user/arduino-testlib/cli-datadir/user/libraries/RTCCounter/src/RTCCounter.cpp:165:13: error: &#39;RTC&#39; was not declared in this scope
     alarm = RTC-&gt;MODE0.COMP[0].reg;
             ^~~
/home/ec2-user/arduino-testlib/cli-datadir/user/libraries/RTCCounter/src/RTCCounter.cpp: In member function &#39;void RTCCounter::disableAlarm()&#39;:
/home/ec2-user/arduino-testlib/cli-datadir/user/libraries/RTCCounter/src/RTCCounter.cpp:183:5: error: &#39;RTC&#39; was not declared in this scope
     RTC-&gt;MODE0.INTENCLR.bit.CMP0 = 1;
     ^~~
/home/ec2-user/arduino-testlib/cli-datadir/user/libraries/RTCCounter/src/RTCCounter.cpp: In member function &#39;uint32_t RTCCounter::getY2kEpoch()&#39;:
/home/ec2-user/arduino-testlib/cli-datadir/user/libraries/RTCCounter/src/RTCCounter.cpp:212:20: error: &#39;RTC&#39; was not declared in this scope
     y2kEpochTime = RTC-&gt;MODE0.COUNT.reg;
                    ^~~
/home/ec2-user/arduino-testlib/cli-datadir/user/libraries/RTCCounter/src/RTCCounter.cpp: In member function &#39;void RTCCounter::setY2kEpoch(uint32_t)&#39;:
/home/ec2-user/arduino-testlib/cli-datadir/user/libraries/RTCCounter/src/RTCCounter.cpp:237:5: error: &#39;RTC&#39; was not declared in this scope
     RTC-&gt;MODE0.COUNT.reg = y2kEpoch;
     ^~~
/home/ec2-user/arduino-testlib/cli-datadir/user/libraries/RTCCounter/src/RTCCounter.cpp: In member function &#39;void RTCCounter::configureClock()&#39;:
/home/ec2-user/arduino-testlib/cli-datadir/user/libraries/RTCCounter/src/RTCCounter.cpp:247:3: error: &#39;GCLK&#39; was not declared in this scope
   GCLK-&gt;GENDIV.reg = GCLK_GENDIV_ID(2)|GCLK_GENDIV_DIV(4);
   ^~~~
/home/ec2-user/arduino-testlib/cli-datadir/user/libraries/RTCCounter/src/RTCCounter.cpp:247:3: note: suggested alternative: &#39;SCK&#39;
   GCLK-&gt;GENDIV.reg = GCLK_GENDIV_ID(2)|GCLK_GENDIV_DIV(4);
   ^~~~
   SCK
/home/ec2-user/arduino-testlib/cli-datadir/user/libraries/RTCCounter/src/RTCCounter.cpp:247:22: error: &#39;GCLK_GENDIV_ID&#39; was not declared in this scope
   GCLK-&gt;GENDIV.reg = GCLK_GENDIV_ID(2)|GCLK_GENDIV_DIV(4);
                      ^~~~~~~~~~~~~~
/home/ec2-user/arduino-testlib/cli-datadir/user/libraries/RTCCounter/src/RTCCounter.cpp:247:40: error: &#39;GCLK_GENDIV_DIV&#39; was not declared in this scope
   GCLK-&gt;GENDIV.reg = GCLK_GENDIV_ID(2)|GCLK_GENDIV_DIV(4);
                                        ^~~~~~~~~~~~~~~
/home/ec2-user/arduino-testlib/cli-datadir/user/libraries/RTCCounter/src/RTCCounter.cpp:248:29: error: &#39;GCLK_STATUS_SYNCBUSY&#39; was not declared in this scope
   while (GCLK-&gt;STATUS.reg &amp; GCLK_STATUS_SYNCBUSY);
                             ^~~~~~~~~~~~~~~~~~~~
/home/ec2-user/arduino-testlib/cli-datadir/user/libraries/RTCCounter/src/RTCCounter.cpp:248:29: note: suggested alternative: &#39;I2C_IC_STATUS_TFNF_MSB&#39;
   while (GCLK-&gt;STATUS.reg &amp; GCLK_STATUS_SYNCBUSY);
                             ^~~~~~~~~~~~~~~~~~~~
                             I2C_IC_STATUS_TFNF_MSB
/home/ec2-user/arduino-testlib/cli-datadir/user/libraries/RTCCounter/src/RTCCounter.cpp:250:24: error: &#39;GCLK_GENCTRL_GENEN&#39; was not declared in this scope
   GCLK-&gt;GENCTRL.reg = (GCLK_GENCTRL_GENEN | GCLK_GENCTRL_SRC_XOSC32K | GCLK_GENCTRL_ID(2) | GCLK_GENCTRL_DIVSEL );
                        ^~~~~~~~~~~~~~~~~~
/home/ec2-user/arduino-testlib/cli-datadir/user/libraries/RTCCounter/src/RTCCounter.cpp:250:45: error: &#39;GCLK_GENCTRL_SRC_XOSC32K&#39; was not declared in this scope
   GCLK-&gt;GENCTRL.reg = (GCLK_GENCTRL_GENEN | GCLK_GENCTRL_SRC_XOSC32K | GCLK_GENCTRL_ID(2) | GCLK_GENCTRL_DIVSEL );
                                             ^~~~~~~~~~~~~~~~~~~~~~~~
/home/ec2-user/arduino-testlib/cli-datadir/user/libraries/RTCCounter/src/RTCCounter.cpp:250:72: error: &#39;GCLK_GENCTRL_ID&#39; was not declared in this scope
   GCLK-&gt;GENCTRL.reg = (GCLK_GENCTRL_GENEN | GCLK_GENCTRL_SRC_XOSC32K | GCLK_GENCTRL_ID(2) | GCLK_GENCTRL_DIVSEL );
                                                                        ^~~~~~~~~~~~~~~
/home/ec2-user/arduino-testlib/cli-datadir/user/libraries/RTCCounter/src/RTCCounter.cpp:250:93: error: &#39;GCLK_GENCTRL_DIVSEL&#39; was not declared in this scope
   GCLK-&gt;GENCTRL.reg = (GCLK_GENCTRL_GENEN | GCLK_GENCTRL_SRC_XOSC32K | GCLK_GENCTRL_ID(2) | GCLK_GENCTRL_DIVSEL );
                                                                                             ^~~~~~~~~~~~~~~~~~~
/home/ec2-user/arduino-testlib/cli-datadir/user/libraries/RTCCounter/src/RTCCounter.cpp:251:29: error: &#39;GCLK_STATUS_SYNCBUSY&#39; was not declared in this scope
   while (GCLK-&gt;STATUS.reg &amp; GCLK_STATUS_SYNCBUSY);
                             ^~~~~~~~~~~~~~~~~~~~
/home/ec2-user/arduino-testlib/cli-datadir/user/libraries/RTCCounter/src/RTCCounter.cpp:251:29: note: suggested alternative: &#39;I2C_IC_STATUS_TFNF_MSB&#39;
   while (GCLK-&gt;STATUS.reg &amp; GCLK_STATUS_SYNCBUSY);
                             ^~~~~~~~~~~~~~~~~~~~
                             I2C_IC_STATUS_TFNF_MSB
/home/ec2-user/arduino-testlib/cli-datadir/user/libraries/RTCCounter/src/RTCCounter.cpp:253:35: error: &#39;GCLK_CLKCTRL_CLKEN&#39; was not declared in this scope
   GCLK-&gt;CLKCTRL.reg = (uint32_t)((GCLK_CLKCTRL_CLKEN | GCLK_CLKCTRL_GEN_GCLK2 | (RTC_GCLK_ID &lt;&lt; GCLK_CLKCTRL_ID_Pos)));
                                   ^~~~~~~~~~~~~~~~~~
/home/ec2-user/arduino-testlib/cli-datadir/user/libraries/RTCCounter/src/RTCCounter.cpp:253:56: error: &#39;GCLK_CLKCTRL_GEN_GCLK2&#39; was not declared in this scope
   GCLK-&gt;CLKCTRL.reg = (uint32_t)((GCLK_CLKCTRL_CLKEN | GCLK_CLKCTRL_GEN_GCLK2 | (RTC_GCLK_ID &lt;&lt; GCLK_CLKCTRL_ID_Pos)));
                                                        ^~~~~~~~~~~~~~~~~~~~~~
/home/ec2-user/arduino-testlib/cli-datadir/user/libraries/RTCCounter/src/RTCCounter.cpp:253:82: error: &#39;RTC_GCLK_ID&#39; was not declared in this scope
   GCLK-&gt;CLKCTRL.reg = (uint32_t)((GCLK_CLKCTRL_CLKEN | GCLK_CLKCTRL_GEN_GCL</pre>
					
					<h4>examples/RTCBlink</h4>
					<p>
						Result: <b>FAIL</b>
					</p>
					<pre class="pre-scrollable">WARNING: library RTCCounter claims to run on samd architecture(s) and may be incompatible with your current board which runs on mbed_nano architecture(s).
/home/ec2-user/arduino-testlib/cli-datadir/user/libraries/RTCCounter/src/RTCCounter.cpp: In member function &#39;void RTCCounter::begin(bool)&#39;:
/home/ec2-user/arduino-testlib/cli-datadir/user/libraries/RTCCounter/src/RTCCounter.cpp:41:3: error: &#39;PM&#39; was not declared in this scope
   PM-&gt;APBAMASK.reg |= PM_APBAMASK_RTC; // turn on digital interface clock
   ^~
/home/ec2-user/arduino-testlib/cli-datadir/user/libraries/RTCCounter/src/RTCCounter.cpp:41:3: note: suggested alternative: &#39;PI&#39;
   PM-&gt;APBAMASK.reg |= PM_APBAMASK_RTC; // turn on digital interface clock
   ^~
   PI
/home/ec2-user/arduino-testlib/cli-datadir/user/libraries/RTCCounter/src/RTCCounter.cpp:41:23: error: &#39;PM_APBAMASK_RTC&#39; was not declared in this scope
   PM-&gt;APBAMASK.reg |= PM_APBAMASK_RTC; // turn on digital interface clock
                       ^~~~~~~~~~~~~~~
/home/ec2-user/arduino-testlib/cli-datadir/user/libraries/RTCCounter/src/RTCCounter.cpp:50:42: error: &#39;PM_RCAUSE_SYST&#39; was not declared in this scope
   if ((!resetTime) &amp;&amp; (PM-&gt;RCAUSE.reg &amp; (PM_RCAUSE_SYST | PM_RCAUSE_WDT | PM_RCAUSE_EXT))) {
                                          ^~~~~~~~~~~~~~
/home/ec2-user/arduino-testlib/cli-datadir/user/libraries/RTCCounter/src/RTCCounter.cpp:50:59: error: &#39;PM_RCAUSE_WDT&#39; was not declared in this scope
   if ((!resetTime) &amp;&amp; (PM-&gt;RCAUSE.reg &amp; (PM_RCAUSE_SYST | PM_RCAUSE_WDT | PM_RCAUSE_EXT))) {
                                                           ^~~~~~~~~~~~~
/home/ec2-user/arduino-testlib/cli-datadir/user/libraries/RTCCounter/src/RTCCounter.cpp:50:75: error: &#39;PM_RCAUSE_EXT&#39; was not declared in this scope
   if ((!resetTime) &amp;&amp; (PM-&gt;RCAUSE.reg &amp; (PM_RCAUSE_SYST | PM_RCAUSE_WDT | PM_RCAUSE_EXT))) {
                                                                           ^~~~~~~~~~~~~
/home/ec2-user/arduino-testlib/cli-datadir/user/libraries/RTCCounter/src/RTCCounter.cpp:51:9: error: &#39;RTC&#39; was not declared in this scope
     if (RTC-&gt;MODE0.CTRL.reg &amp; RTC_MODE0_CTRL_MODE_COUNT32) {
         ^~~
/home/ec2-user/arduino-testlib/cli-datadir/user/libraries/RTCCounter/src/RTCCounter.cpp:51:31: error: &#39;RTC_MODE0_CTRL_MODE_COUNT32&#39; was not declared in this scope
     if (RTC-&gt;MODE0.CTRL.reg &amp; RTC_MODE0_CTRL_MODE_COUNT32) {
                               ^~~~~~~~~~~~~~~~~~~~~~~~~~~
/home/ec2-user/arduino-testlib/cli-datadir/user/libraries/RTCCounter/src/RTCCounter.cpp:64:14: error: &#39;RTC_MODE0_CTRL_MODE_COUNT32&#39; was not declared in this scope
   tmp_reg |= RTC_MODE0_CTRL_MODE_COUNT32; // set clock operating mode
              ^~~~~~~~~~~~~~~~~~~~~~~~~~~
/home/ec2-user/arduino-testlib/cli-datadir/user/libraries/RTCCounter/src/RTCCounter.cpp:65:14: error: &#39;RTC_MODE0_CTRL_PRESCALER_DIV1024&#39; was not declared in this scope
   tmp_reg |= RTC_MODE0_CTRL_PRESCALER_DIV1024; // set prescaler to 1024 for MODE2
              ^~~~~~~~~~~~~~~~~~~~~~~~~~~~~~~~
/home/ec2-user/arduino-testlib/cli-datadir/user/libraries/RTCCounter/src/RTCCounter.cpp:66:15: error: &#39;RTC_MODE0_CTRL_MATCHCLR&#39; was not declared in this scope
   tmp_reg &amp;= ~RTC_MODE0_CTRL_MATCHCLR; // disable clear on match
               ^~~~~~~~~~~~~~~~~~~~~~~
/home/ec2-user/arduino-testlib/cli-datadir/user/libraries/RTCCounter/src/RTCCounter.cpp:68:3: error: &#39;RTC&#39; was not declared in this scope
   RTC-&gt;MODE0.READREQ.reg &amp;= ~RTC_READREQ_RCONT; // disable continuously mode
   ^~~
/home/ec2-user/arduino-testlib/cli-datadir/user/libraries/RTCCounter/src/RTCCounter.cpp:68:30: error: &#39;RTC_READREQ_RCONT&#39; was not declared in this scope
   RTC-&gt;MODE0.READREQ.reg &amp;= ~RTC_READREQ_RCONT; // disable continuously mode
                              ^~~~~~~~~~~~~~~~~
/home/ec2-user/arduino-testlib/cli-datadir/user/libraries/RTCCounter/src/RTCCounter.cpp: In member function &#39;void RTCCounter::setAlarmY2kEpoch(uint32_t)&#39;:
/home/ec2-user/arduino-testlib/cli-datadir/user/libraries/RTCCounter/src/RTCCounter.cpp:131:5: error: &#39;RTC&#39; was not declared in this scope
     RTC-&gt;MODE0.COMP[0].reg = y2kEpoch;
     ^~~
/home/ec2-user/arduino-testlib/cli-datadir/user/libraries/RTCCounter/src/RTCCounter.cpp: In member function &#39;uint32_t RTCCounter::getAlarmY2kEpoch()&#39;:
/home/ec2-user/arduino-testlib/cli-datadir/user/libraries/RTCCounter/src/RTCCounter.cpp:165:13: error: &#39;RTC&#39; was not declared in this scope
     alarm = RTC-&gt;MODE0.COMP[0].reg;
             ^~~
/home/ec2-user/arduino-testlib/cli-datadir/user/libraries/RTCCounter/src/RTCCounter.cpp: In member function &#39;void RTCCounter::disableAlarm()&#39;:
/home/ec2-user/arduino-testlib/cli-datadir/user/libraries/RTCCounter/src/RTCCounter.cpp:183:5: error: &#39;RTC&#39; was not declared in this scope
     RTC-&gt;MODE0.INTENCLR.bit.CMP0 = 1;
     ^~~
/home/ec2-user/arduino-testlib/cli-datadir/user/libraries/RTCCounter/src/RTCCounter.cpp: In member function &#39;uint32_t RTCCounter::getY2kEpoch()&#39;:
/home/ec2-user/arduino-testlib/cli-datadir/user/libraries/RTCCounter/src/RTCCounter.cpp:212:20: error: &#39;RTC&#39; was not declared in this scope
     y2kEpochTime = RTC-&gt;MODE0.COUNT.reg;
                    ^~~
/home/ec2-user/arduino-testlib/cli-datadir/user/libraries/RTCCounter/src/RTCCounter.cpp: In member function &#39;void RTCCounter::setY2kEpoch(uint32_t)&#39;:
/home/ec2-user/arduino-testlib/cli-datadir/user/libraries/RTCCounter/src/RTCCounter.cpp:237:5: error: &#39;RTC&#39; was not declared in this scope
     RTC-&gt;MODE0.COUNT.reg = y2kEpoch;
     ^~~
/home/ec2-user/arduino-testlib/cli-datadir/user/libraries/RTCCounter/src/RTCCounter.cpp: In member function &#39;void RTCCounter::configureClock()&#39;:
/home/ec2-user/arduino-testlib/cli-datadir/user/libraries/RTCCounter/src/RTCCounter.cpp:247:3: error: &#39;GCLK&#39; was not declared in this scope
   GCLK-&gt;GENDIV.reg = GCLK_GENDIV_ID(2)|GCLK_GENDIV_DIV(4);
   ^~~~
/home/ec2-user/arduino-testlib/cli-datadir/user/libraries/RTCCounter/src/RTCCounter.cpp:247:3: note: suggested alternative: &#39;SCK&#39;
   GCLK-&gt;GENDIV.reg = GCLK_GENDIV_ID(2)|GCLK_GENDIV_DIV(4);
   ^~~~
   SCK
/home/ec2-user/arduino-testlib/cli-datadir/user/libraries/RTCCounter/src/RTCCounter.cpp:247:22: error: &#39;GCLK_GENDIV_ID&#39; was not declared in this scope
   GCLK-&gt;GENDIV.reg = GCLK_GENDIV_ID(2)|GCLK_GENDIV_DIV(4);
                      ^~~~~~~~~~~~~~
/home/ec2-user/arduino-testlib/cli-datadir/user/libraries/RTCCounter/src/RTCCounter.cpp:247:40: error: &#39;GCLK_GENDIV_DIV&#39; was not declared in this scope
   GCLK-&gt;GENDIV.reg = GCLK_GENDIV_ID(2)|GCLK_GENDIV_DIV(4);
                                        ^~~~~~~~~~~~~~~
/home/ec2-user/arduino-testlib/cli-datadir/user/libraries/RTCCounter/src/RTCCounter.cpp:248:29: error: &#39;GCLK_STATUS_SYNCBUSY&#39; was not declared in this scope
   while (GCLK-&gt;STATUS.reg &amp; GCLK_STATUS_SYNCBUSY);
                             ^~~~~~~~~~~~~~~~~~~~
/home/ec2-user/arduino-testlib/cli-datadir/user/libraries/RTCCounter/src/RTCCounter.cpp:248:29: note: suggested alternative: &#39;I2C_IC_STATUS_TFNF_MSB&#39;
   while (GCLK-&gt;STATUS.reg &amp; GCLK_STATUS_SYNCBUSY);
                             ^~~~~~~~~~~~~~~~~~~~
                             I2C_IC_STATUS_TFNF_MSB
/home/ec2-user/arduino-testlib/cli-datadir/user/libraries/RTCCounter/src/RTCCounter.cpp:250:24: error: &#39;GCLK_GENCTRL_GENEN&#39; was not declared in this scope
   GCLK-&gt;GENCTRL.reg = (GCLK_GENCTRL_GENEN | GCLK_GENCTRL_SRC_XOSC32K | GCLK_GENCTRL_ID(2) | GCLK_GENCTRL_DIVSEL );
                        ^~~~~~~~~~~~~~~~~~
/home/ec2-user/arduino-testlib/cli-datadir/user/libraries/RTCCounter/src/RTCCounter.cpp:250:45: error: &#39;GCLK_GENCTRL_SRC_XOSC32K&#39; was not declared in this scope
   GCLK-&gt;GENCTRL.reg = (GCLK_GENCTRL_GENEN | GCLK_GENCTRL_SRC_XOSC32K | GCLK_GENCTRL_ID(2) | GCLK_GENCTRL_DIVSEL );
                                             ^~~~~~~~~~~~~~~~~~~~~~~~
/home/ec2-user/arduino-testlib/cli-datadir/user/libraries/RTCCounter/src/RTCCounter.cpp:250:72: error: &#39;GCLK_GENCTRL_ID&#39; was not declared in this scope
   GCLK-&gt;GENCTRL.reg = (GCLK_GENCTRL_GENEN | GCLK_GENCTRL_SRC_XOSC32K | GCLK_GENCTRL_ID(2) | GCLK_GENCTRL_DIVSEL );
                                                                        ^~~~~~~~~~~~~~~
/home/ec2-user/arduino-testlib/cli-datadir/user/libraries/RTCCounter/src/RTCCounter.cpp:250:93: error: &#39;GCLK_GENCTRL_DIVSEL&#39; was not declared in this scope
   GCLK-&gt;GENCTRL.reg = (GCLK_GENCTRL_GENEN | GCLK_GENCTRL_SRC_XOSC32K | GCLK_GENCTRL_ID(2) | GCLK_GENCTRL_DIVSEL );
                                                                                             ^~~~~~~~~~~~~~~~~~~
/home/ec2-user/arduino-testlib/cli-datadir/user/libraries/RTCCounter/src/RTCCounter.cpp:251:29: error: &#39;GCLK_STATUS_SYNCBUSY&#39; was not declared in this scope
   while (GCLK-&gt;STATUS.reg &amp; GCLK_STATUS_SYNCBUSY);
                             ^~~~~~~~~~~~~~~~~~~~
/home/ec2-user/arduino-testlib/cli-datadir/user/libraries/RTCCounter/src/RTCCounter.cpp:251:29: note: suggested alternative: &#39;I2C_IC_STATUS_TFNF_MSB&#39;
   while (GCLK-&gt;STATUS.reg &amp; GCLK_STATUS_SYNCBUSY);
                             ^~~~~~~~~~~~~~~~~~~~
                             I2C_IC_STATUS_TFNF_MSB
/home/ec2-user/arduino-testlib/cli-datadir/user/libraries/RTCCounter/src/RTCCounter.cpp:253:35: error: &#39;GCLK_CLKCTRL_CLKEN&#39; was not declared in this scope
   GCLK-&gt;CLKCTRL.reg = (uint32_t)((GCLK_CLKCTRL_CLKEN | GCLK_CLKCTRL_GEN_GCLK2 | (RTC_GCLK_ID &lt;&lt; GCLK_CLKCTRL_ID_Pos)));
                                   ^~~~~~~~~~~~~~~~~~
/home/ec2-user/arduino-testlib/cli-datadir/user/libraries/RTCCounter/src/RTCCounter.cpp:253:56: error: &#39;GCLK_CLKCTRL_GEN_GCLK2&#39; was not declared in this scope
   GCLK-&gt;CLKCTRL.reg = (uint32_t)((GCLK_CLKCTRL_CLKEN | GCLK_CLKCTRL_GEN_GCLK2 | (RTC_GCLK_ID &lt;&lt; GCLK_CLKCTRL_ID_Pos)));
                                                        ^~~~~~~~~~~~~~~~~~~~~~
/home/ec2-user/arduino-testlib/cli-datadir/user/libraries/RTCCounter/src/RTCCounter.cpp:253:82: error: &#39;RTC_GCLK_ID&#39; was not declared in this scope
   GCLK-&gt;CLKCTRL.reg = (uint32_t)((GCLK_CLKCTRL_CLKEN | GCLK_CLKCTRL_GEN_GCL</pre>
					
					<h4>examples/SleepRTCBlink</h4>
					<p>
						Result: <b>FAIL</b>
					</p>
					<pre class="pre-scrollable">WARNING: library RTCCounter claims to run on samd architecture(s) and may be incompatible with your current board which runs on mbed_nano architecture(s).
/home/ec2-user/arduino-testlib/cli-datadir/user/libraries/RTCCounter/src/RTCCounter.cpp: In member function &#39;void RTCCounter::begin(bool)&#39;:
/home/ec2-user/arduino-testlib/cli-datadir/user/libraries/RTCCounter/src/RTCCounter.cpp:41:3: error: &#39;PM&#39; was not declared in this scope
   PM-&gt;APBAMASK.reg |= PM_APBAMASK_RTC; // turn on digital interface clock
   ^~
/home/ec2-user/arduino-testlib/cli-datadir/user/libraries/RTCCounter/src/RTCCounter.cpp:41:3: note: suggested alternative: &#39;PI&#39;
   PM-&gt;APBAMASK.reg |= PM_APBAMASK_RTC; // turn on digital interface clock
   ^~
   PI
/home/ec2-user/arduino-testlib/cli-datadir/user/libraries/RTCCounter/src/RTCCounter.cpp:41:23: error: &#39;PM_APBAMASK_RTC&#39; was not declared in this scope
   PM-&gt;APBAMASK.reg |= PM_APBAMASK_RTC; // turn on digital interface clock
                       ^~~~~~~~~~~~~~~
/home/ec2-user/arduino-testlib/cli-datadir/user/libraries/RTCCounter/src/RTCCounter.cpp:50:42: error: &#39;PM_RCAUSE_SYST&#39; was not declared in this scope
   if ((!resetTime) &amp;&amp; (PM-&gt;RCAUSE.reg &amp; (PM_RCAUSE_SYST | PM_RCAUSE_WDT | PM_RCAUSE_EXT))) {
                                          ^~~~~~~~~~~~~~
/home/ec2-user/arduino-testlib/cli-datadir/user/libraries/RTCCounter/src/RTCCounter.cpp:50:59: error: &#39;PM_RCAUSE_WDT&#39; was not declared in this scope
   if ((!resetTime) &amp;&amp; (PM-&gt;RCAUSE.reg &amp; (PM_RCAUSE_SYST | PM_RCAUSE_WDT | PM_RCAUSE_EXT))) {
                                                           ^~~~~~~~~~~~~
/home/ec2-user/arduino-testlib/cli-datadir/user/libraries/RTCCounter/src/RTCCounter.cpp:50:75: error: &#39;PM_RCAUSE_EXT&#39; was not declared in this scope
   if ((!resetTime) &amp;&amp; (PM-&gt;RCAUSE.reg &amp; (PM_RCAUSE_SYST | PM_RCAUSE_WDT | PM_RCAUSE_EXT))) {
                                                                           ^~~~~~~~~~~~~
/home/ec2-user/arduino-testlib/cli-datadir/user/libraries/RTCCounter/src/RTCCounter.cpp:51:9: error: &#39;RTC&#39; was not declared in this scope
     if (RTC-&gt;MODE0.CTRL.reg &amp; RTC_MODE0_CTRL_MODE_COUNT32) {
         ^~~
/home/ec2-user/arduino-testlib/cli-datadir/user/libraries/RTCCounter/src/RTCCounter.cpp:51:31: error: &#39;RTC_MODE0_CTRL_MODE_COUNT32&#39; was not declared in this scope
     if (RTC-&gt;MODE0.CTRL.reg &amp; RTC_MODE0_CTRL_MODE_COUNT32) {
                               ^~~~~~~~~~~~~~~~~~~~~~~~~~~
/home/ec2-user/arduino-testlib/cli-datadir/user/libraries/RTCCounter/src/RTCCounter.cpp:64:14: error: &#39;RTC_MODE0_CTRL_MODE_COUNT32&#39; was not declared in this scope
   tmp_reg |= RTC_MODE0_CTRL_MODE_COUNT32; // set clock operating mode
              ^~~~~~~~~~~~~~~~~~~~~~~~~~~
/home/ec2-user/arduino-testlib/cli-datadir/user/libraries/RTCCounter/src/RTCCounter.cpp:65:14: error: &#39;RTC_MODE0_CTRL_PRESCALER_DIV1024&#39; was not declared in this scope
   tmp_reg |= RTC_MODE0_CTRL_PRESCALER_DIV1024; // set prescaler to 1024 for MODE2
              ^~~~~~~~~~~~~~~~~~~~~~~~~~~~~~~~
/home/ec2-user/arduino-testlib/cli-datadir/user/libraries/RTCCounter/src/RTCCounter.cpp:66:15: error: &#39;RTC_MODE0_CTRL_MATCHCLR&#39; was not declared in this scope
   tmp_reg &amp;= ~RTC_MODE0_CTRL_MATCHCLR; // disable clear on match
               ^~~~~~~~~~~~~~~~~~~~~~~
/home/ec2-user/arduino-testlib/cli-datadir/user/libraries/RTCCounter/src/RTCCounter.cpp:68:3: error: &#39;RTC&#39; was not declared in this scope
   RTC-&gt;MODE0.READREQ.reg &amp;= ~RTC_READREQ_RCONT; // disable continuously mode
   ^~~
/home/ec2-user/arduino-testlib/cli-datadir/user/libraries/RTCCounter/src/RTCCounter.cpp:68:30: error: &#39;RTC_READREQ_RCONT&#39; was not declared in this scope
   RTC-&gt;MODE0.READREQ.reg &amp;= ~RTC_READREQ_RCONT; // disable continuously mode
                              ^~~~~~~~~~~~~~~~~
/home/ec2-user/arduino-testlib/cli-datadir/user/libraries/RTCCounter/src/RTCCounter.cpp: In member function &#39;void RTCCounter::setAlarmY2kEpoch(uint32_t)&#39;:
/home/ec2-user/arduino-testlib/cli-datadir/user/libraries/RTCCounter/src/RTCCounter.cpp:131:5: error: &#39;RTC&#39; was not declared in this scope
     RTC-&gt;MODE0.COMP[0].reg = y2kEpoch;
     ^~~
/home/ec2-user/arduino-testlib/cli-datadir/user/libraries/RTCCounter/src/RTCCounter.cpp: In member function &#39;uint32_t RTCCounter::getAlarmY2kEpoch()&#39;:
/home/ec2-user/arduino-testlib/cli-datadir/user/libraries/RTCCounter/src/RTCCounter.cpp:165:13: error: &#39;RTC&#39; was not declared in this scope
     alarm = RTC-&gt;MODE0.COMP[0].reg;
             ^~~
/home/ec2-user/arduino-testlib/cli-datadir/user/libraries/RTCCounter/src/RTCCounter.cpp: In member function &#39;void RTCCounter::disableAlarm()&#39;:
/home/ec2-user/arduino-testlib/cli-datadir/user/libraries/RTCCounter/src/RTCCounter.cpp:183:5: error: &#39;RTC&#39; was not declared in this scope
     RTC-&gt;MODE0.INTENCLR.bit.CMP0 = 1;
     ^~~
/home/ec2-user/arduino-testlib/cli-datadir/user/libraries/RTCCounter/src/RTCCounter.cpp: In member function &#39;uint32_t RTCCounter::getY2kEpoch()&#39;:
/home/ec2-user/arduino-testlib/cli-datadir/user/libraries/RTCCounter/src/RTCCounter.cpp:212:20: error: &#39;RTC&#39; was not declared in this scope
     y2kEpochTime = RTC-&gt;MODE0.COUNT.reg;
                    ^~~
/home/ec2-user/arduino-testlib/cli-datadir/user/libraries/RTCCounter/src/RTCCounter.cpp: In member function &#39;void RTCCounter::setY2kEpoch(uint32_t)&#39;:
/home/ec2-user/arduino-testlib/cli-datadir/user/libraries/RTCCounter/src/RTCCounter.cpp:237:5: error: &#39;RTC&#39; was not declared in this scope
     RTC-&gt;MODE0.COUNT.reg = y2kEpoch;
     ^~~
/home/ec2-user/arduino-testlib/cli-datadir/user/libraries/RTCCounter/src/RTCCounter.cpp: In member function &#39;void RTCCounter::configureClock()&#39;:
/home/ec2-user/arduino-testlib/cli-datadir/user/libraries/RTCCounter/src/RTCCounter.cpp:247:3: error: &#39;GCLK&#39; was not declared in this scope
   GCLK-&gt;GENDIV.reg = GCLK_GENDIV_ID(2)|GCLK_GENDIV_DIV(4);
   ^~~~
/home/ec2-user/arduino-testlib/cli-datadir/user/libraries/RTCCounter/src/RTCCounter.cpp:247:3: note: suggested alternative: &#39;SCK&#39;
   GCLK-&gt;GENDIV.reg = GCLK_GENDIV_ID(2)|GCLK_GENDIV_DIV(4);
   ^~~~
   SCK
/home/ec2-user/arduino-testlib/cli-datadir/user/libraries/RTCCounter/src/RTCCounter.cpp:247:22: error: &#39;GCLK_GENDIV_ID&#39; was not declared in this scope
   GCLK-&gt;GENDIV.reg = GCLK_GENDIV_ID(2)|GCLK_GENDIV_DIV(4);
                      ^~~~~~~~~~~~~~
/home/ec2-user/arduino-testlib/cli-datadir/user/libraries/RTCCounter/src/RTCCounter.cpp:247:40: error: &#39;GCLK_GENDIV_DIV&#39; was not declared in this scope
   GCLK-&gt;GENDIV.reg = GCLK_GENDIV_ID(2)|GCLK_GENDIV_DIV(4);
                                        ^~~~~~~~~~~~~~~
/home/ec2-user/arduino-testlib/cli-datadir/user/libraries/RTCCounter/src/RTCCounter.cpp:248:29: error: &#39;GCLK_STATUS_SYNCBUSY&#39; was not declared in this scope
   while (GCLK-&gt;STATUS.reg &amp; GCLK_STATUS_SYNCBUSY);
                             ^~~~~~~~~~~~~~~~~~~~
/home/ec2-user/arduino-testlib/cli-datadir/user/libraries/RTCCounter/src/RTCCounter.cpp:248:29: note: suggested alternative: &#39;I2C_IC_STATUS_TFNF_MSB&#39;
   while (GCLK-&gt;STATUS.reg &amp; GCLK_STATUS_SYNCBUSY);
                             ^~~~~~~~~~~~~~~~~~~~
                             I2C_IC_STATUS_TFNF_MSB
/home/ec2-user/arduino-testlib/cli-datadir/user/libraries/RTCCounter/src/RTCCounter.cpp:250:24: error: &#39;GCLK_GENCTRL_GENEN&#39; was not declared in this scope
   GCLK-&gt;GENCTRL.reg = (GCLK_GENCTRL_GENEN | GCLK_GENCTRL_SRC_XOSC32K | GCLK_GENCTRL_ID(2) | GCLK_GENCTRL_DIVSEL );
                        ^~~~~~~~~~~~~~~~~~
/home/ec2-user/arduino-testlib/cli-datadir/user/libraries/RTCCounter/src/RTCCounter.cpp:250:45: error: &#39;GCLK_GENCTRL_SRC_XOSC32K&#39; was not declared in this scope
   GCLK-&gt;GENCTRL.reg = (GCLK_GENCTRL_GENEN | GCLK_GENCTRL_SRC_XOSC32K | GCLK_GENCTRL_ID(2) | GCLK_GENCTRL_DIVSEL );
                                             ^~~~~~~~~~~~~~~~~~~~~~~~
/home/ec2-user/arduino-testlib/cli-datadir/user/libraries/RTCCounter/src/RTCCounter.cpp:250:72: error: &#39;GCLK_GENCTRL_ID&#39; was not declared in this scope
   GCLK-&gt;GENCTRL.reg = (GCLK_GENCTRL_GENEN | GCLK_GENCTRL_SRC_XOSC32K | GCLK_GENCTRL_ID(2) | GCLK_GENCTRL_DIVSEL );
                                                                        ^~~~~~~~~~~~~~~
/home/ec2-user/arduino-testlib/cli-datadir/user/libraries/RTCCounter/src/RTCCounter.cpp:250:93: error: &#39;GCLK_GENCTRL_DIVSEL&#39; was not declared in this scope
   GCLK-&gt;GENCTRL.reg = (GCLK_GENCTRL_GENEN | GCLK_GENCTRL_SRC_XOSC32K | GCLK_GENCTRL_ID(2) | GCLK_GENCTRL_DIVSEL );
                                                                                             ^~~~~~~~~~~~~~~~~~~
/home/ec2-user/arduino-testlib/cli-datadir/user/libraries/RTCCounter/src/RTCCounter.cpp:251:29: error: &#39;GCLK_STATUS_SYNCBUSY&#39; was not declared in this scope
   while (GCLK-&gt;STATUS.reg &amp; GCLK_STATUS_SYNCBUSY);
                             ^~~~~~~~~~~~~~~~~~~~
/home/ec2-user/arduino-testlib/cli-datadir/user/libraries/RTCCounter/src/RTCCounter.cpp:251:29: note: suggested alternative: &#39;I2C_IC_STATUS_TFNF_MSB&#39;
   while (GCLK-&gt;STATUS.reg &amp; GCLK_STATUS_SYNCBUSY);
                             ^~~~~~~~~~~~~~~~~~~~
                             I2C_IC_STATUS_TFNF_MSB
/home/ec2-user/arduino-testlib/cli-datadir/user/libraries/RTCCounter/src/RTCCounter.cpp:253:35: error: &#39;GCLK_CLKCTRL_CLKEN&#39; was not declared in this scope
   GCLK-&gt;CLKCTRL.reg = (uint32_t)((GCLK_CLKCTRL_CLKEN | GCLK_CLKCTRL_GEN_GCLK2 | (RTC_GCLK_ID &lt;&lt; GCLK_CLKCTRL_ID_Pos)));
                                   ^~~~~~~~~~~~~~~~~~
/home/ec2-user/arduino-testlib/cli-datadir/user/libraries/RTCCounter/src/RTCCounter.cpp:253:56: error: &#39;GCLK_CLKCTRL_GEN_GCLK2&#39; was not declared in this scope
   GCLK-&gt;CLKCTRL.reg = (uint32_t)((GCLK_CLKCTRL_CLKEN | GCLK_CLKCTRL_GEN_GCLK2 | (RTC_GCLK_ID &lt;&lt; GCLK_CLKCTRL_ID_Pos)));
                                                        ^~~~~~~~~~~~~~~~~~~~~~
/home/ec2-user/arduino-testlib/cli-datadir/user/libraries/RTCCounter/src/RTCCounter.cpp:253:82: error: &#39;RTC_GCLK_ID&#39; was not declared in this scope
   GCLK-&gt;CLKCTRL.reg = (uint32_t)((GCLK_CLKCTRL_CLKEN | GCLK_CLKCTRL_GEN_GCL</pre>
					
				
				<h3 id="arduino:megaavr:nona4809">arduino:megaavr:nona4809 @ 1.8.7</h3>
				<h4>Inclusion</h4>
				<p>
					Result: <b>FAIL</b>
					
				</p>
				<pre class="pre-scrollable">WARNING: library RTCCounter claims to run on samd architecture(s) and may be incompatible with your current board which runs on megaavr architecture(s).
/home/ec2-user/arduino-testlib/cli-datadir/user/libraries/RTCCounter/src/RTCCounter.cpp: In member function &#39;void RTCCounter::begin(bool)&#39;:
/home/ec2-user/arduino-testlib/cli-datadir/user/libraries/RTCCounter/src/RTCCounter.cpp:41:3: error: &#39;PM&#39; was not declared in this scope
   PM-&gt;APBAMASK.reg |= PM_APBAMASK_RTC; // turn on digital interface clock
   ^~
/home/ec2-user/arduino-testlib/cli-datadir/user/libraries/RTCCounter/src/RTCCounter.cpp:41:3: note: suggested alternative: &#39;PE&#39;
   PM-&gt;APBAMASK.reg |= PM_APBAMASK_RTC; // turn on digital interface clock
   ^~
   PE
/home/ec2-user/arduino-testlib/cli-datadir/user/libraries/RTCCounter/src/RTCCounter.cpp:41:23: error: &#39;PM_APBAMASK_RTC&#39; was not declared in this scope
   PM-&gt;APBAMASK.reg |= PM_APBAMASK_RTC; // turn on digital interface clock
                       ^~~~~~~~~~~~~~~
/home/ec2-user/arduino-testlib/cli-datadir/user/libraries/RTCCounter/src/RTCCounter.cpp:50:42: error: &#39;PM_RCAUSE_SYST&#39; was not declared in this scope
   if ((!resetTime) &amp;&amp; (PM-&gt;RCAUSE.reg &amp; (PM_RCAUSE_SYST | PM_RCAUSE_WDT | PM_RCAUSE_EXT))) {
                                          ^~~~~~~~~~~~~~
/home/ec2-user/arduino-testlib/cli-datadir/user/libraries/RTCCounter/src/RTCCounter.cpp:50:59: error: &#39;PM_RCAUSE_WDT&#39; was not declared in this scope
   if ((!resetTime) &amp;&amp; (PM-&gt;RCAUSE.reg &amp; (PM_RCAUSE_SYST | PM_RCAUSE_WDT | PM_RCAUSE_EXT))) {
                                                           ^~~~~~~~~~~~~
/home/ec2-user/arduino-testlib/cli-datadir/user/libraries/RTCCounter/src/RTCCounter.cpp:50:75: error: &#39;PM_RCAUSE_EXT&#39; was not declared in this scope
   if ((!resetTime) &amp;&amp; (PM-&gt;RCAUSE.reg &amp; (PM_RCAUSE_SYST | PM_RCAUSE_WDT | PM_RCAUSE_EXT))) {
                                                                           ^~~~~~~~~~~~~
/home/ec2-user/arduino-testlib/cli-datadir/user/libraries/RTCCounter/src/RTCCounter.cpp:51:12: error: base operand of &#39;-&gt;&#39; has non-pointer type &#39;RTC_t {aka RTC_struct}&#39;
     if (RTC-&gt;MODE0.CTRL.reg &amp; RTC_MODE0_CTRL_MODE_COUNT32) {
            ^~
/home/ec2-user/arduino-testlib/cli-datadir/user/libraries/RTCCounter/src/RTCCounter.cpp:51:31: error: &#39;RTC_MODE0_CTRL_MODE_COUNT32&#39; was not declared in this scope
     if (RTC-&gt;MODE0.CTRL.reg &amp; RTC_MODE0_CTRL_MODE_COUNT32) {
                               ^~~~~~~~~~~~~~~~~~~~~~~~~~~
/home/ec2-user/arduino-testlib/cli-datadir/user/libraries/RTCCounter/src/RTCCounter.cpp:53:20: error: base operand of &#39;-&gt;&#39; has non-pointer type &#39;RTC_t {aka RTC_struct}&#39;
       oldTime = RTC-&gt;MODE0.COUNT.reg;
                    ^~
/home/ec2-user/arduino-testlib/cli-datadir/user/libraries/RTCCounter/src/RTCCounter.cpp:64:14: error: &#39;RTC_MODE0_CTRL_MODE_COUNT32&#39; was not declared in this scope
   tmp_reg |= RTC_MODE0_CTRL_MODE_COUNT32; // set clock operating mode
              ^~~~~~~~~~~~~~~~~~~~~~~~~~~
/home/ec2-user/arduino-testlib/cli-datadir/user/libraries/RTCCounter/src/RTCCounter.cpp:65:14: error: &#39;RTC_MODE0_CTRL_PRESCALER_DIV1024&#39; was not declared in this scope
   tmp_reg |= RTC_MODE0_CTRL_PRESCALER_DIV1024; // set prescaler to 1024 for MODE2
              ^~~~~~~~~~~~~~~~~~~~~~~~~~~~~~~~
/home/ec2-user/arduino-testlib/cli-datadir/user/libraries/RTCCounter/src/RTCCounter.cpp:65:14: note: suggested alternative: &#39;RTC_PRESCALER_DIV1024_gc&#39;
   tmp_reg |= RTC_MODE0_CTRL_PRESCALER_DIV1024; // set prescaler to 1024 for MODE2
              ^~~~~~~~~~~~~~~~~~~~~~~~~~~~~~~~
              RTC_PRESCALER_DIV1024_gc
/home/ec2-user/arduino-testlib/cli-datadir/user/libraries/RTCCounter/src/RTCCounter.cpp:66:15: error: &#39;RTC_MODE0_CTRL_MATCHCLR&#39; was not declared in this scope
   tmp_reg &amp;= ~RTC_MODE0_CTRL_MATCHCLR; // disable clear on match
               ^~~~~~~~~~~~~~~~~~~~~~~
/home/ec2-user/arduino-testlib/cli-datadir/user/libraries/RTCCounter/src/RTCCounter.cpp:68:6: error: base operand of &#39;-&gt;&#39; has non-pointer type &#39;RTC_t {aka RTC_struct}&#39;
   RTC-&gt;MODE0.READREQ.reg &amp;= ~RTC_READREQ_RCONT; // disable continuously mode
      ^~
/home/ec2-user/arduino-testlib/cli-datadir/user/libraries/RTCCounter/src/RTCCounter.cpp:68:30: error: &#39;RTC_READREQ_RCONT&#39; was not declared in this scope
   RTC-&gt;MODE0.READREQ.reg &amp;= ~RTC_READREQ_RCONT; // disable continuously mode
                              ^~~~~~~~~~~~~~~~~
/home/ec2-user/arduino-testlib/cli-datadir/user/libraries/RTCCounter/src/RTCCounter.cpp:71:6: error: base operand of &#39;-&gt;&#39; has non-pointer type &#39;RTC_t {aka RTC_struct}&#39;
   RTC-&gt;MODE0.CTRL.reg = tmp_reg;
      ^~
/home/ec2-user/arduino-testlib/cli-datadir/user/libraries/RTCCounter/src/RTCCounter.cpp:73:18: error: &#39;RTC_IRQn&#39; was not declared in this scope
   NVIC_EnableIRQ(RTC_IRQn); // enable RTC interrupt
                  ^~~~~~~~
/home/ec2-user/arduino-testlib/cli-datadir/user/libraries/RTCCounter/src/RTCCounter.cpp:73:18: note: suggested alternative: &#39;RTC_t&#39;
   NVIC_EnableIRQ(RTC_IRQn); // enable RTC interrupt
                  ^~~~~~~~
                  RTC_t
/home/ec2-user/arduino-testlib/cli-datadir/user/libraries/RTCCounter/src/RTCCounter.cpp:73:3: error: &#39;NVIC_EnableIRQ&#39; was not declared in this scope
   NVIC_EnableIRQ(RTC_IRQn); // enable RTC interrupt
   ^~~~~~~~~~~~~~
/home/ec2-user/arduino-testlib/cli-datadir/user/libraries/RTCCounter/src/RTCCounter.cpp:74:3: error: &#39;NVIC_SetPriority&#39; was not declared in this scope
   NVIC_SetPriority(RTC_IRQn, 0x03);
   ^~~~~~~~~~~~~~~~
/home/ec2-user/arduino-testlib/cli-datadir/user/libraries/RTCCounter/src/RTCCounter.cpp:81:8: error: base operand of &#39;-&gt;&#39; has non-pointer type &#39;RTC_t {aka RTC_struct}&#39;
     RTC-&gt;MODE0.COUNT.reg = oldTime;
        ^~
/home/ec2-user/arduino-testlib/cli-datadir/user/libraries/RTCCounter/src/RTCCounter.cpp: In member function &#39;void RTCCounter::setAlarmY2kEpoch(uint32_t)&#39;:
/home/ec2-user/arduino-testlib/cli-datadir/user/libraries/RTCCounter/src/RTCCounter.cpp:131:8: error: base operand of &#39;-&gt;&#39; has non-pointer type &#39;RTC_t {aka RTC_struct}&#39;
     RTC-&gt;MODE0.COMP[0].reg = y2kEpoch;
        ^~
/home/ec2-user/arduino-testlib/cli-datadir/user/libraries/RTCCounter/src/RTCCounter.cpp:133:8: error: base operand of &#39;-&gt;&#39; has non-pointer type &#39;RTC_t {aka RTC_struct}&#39;
     RTC-&gt;MODE0.INTENSET.bit.CMP0 = 1;
        ^~
/home/ec2-user/arduino-testlib/cli-datadir/user/libraries/RTCCounter/src/RTCCounter.cpp: In member function &#39;uint32_t RTCCounter::getAlarmY2kEpoch()&#39;:
/home/ec2-user/arduino-testlib/cli-datadir/user/libraries/RTCCounter/src/RTCCounter.cpp:165:16: error: base operand of &#39;-&gt;&#39; has non-pointer type &#39;RTC_t {aka RTC_struct}&#39;
     alarm = RTC-&gt;MODE0.COMP[0].reg;
                ^~
/home/ec2-user/arduino-testlib/cli-datadir/user/libraries/RTCCounter/src/RTCCounter.cpp: In member function &#39;void RTCCounter::disableAlarm()&#39;:
/home/ec2-user/arduino-testlib/cli-datadir/user/libraries/RTCCounter/src/RTCCounter.cpp:183:8: error: base operand of &#39;-&gt;&#39; has non-pointer type &#39;RTC_t {aka RTC_struct}&#39;
     RTC-&gt;MODE0.INTENCLR.bit.CMP0 = 1;
        ^~
/home/ec2-user/arduino-testlib/cli-datadir/user/libraries/RTCCounter/src/RTCCounter.cpp: In member function &#39;uint32_t RTCCounter::getY2kEpoch()&#39;:
/home/ec2-user/arduino-testlib/cli-datadir/user/libraries/RTCCounter/src/RTCCounter.cpp:212:23: error: base operand of &#39;-&gt;&#39; has non-pointer type &#39;RTC_t {aka RTC_struct}&#39;
     y2kEpochTime = RTC-&gt;MODE0.COUNT.reg;
                       ^~
/home/ec2-user/arduino-testlib/cli-datadir/user/libraries/RTCCounter/src/RTCCounter.cpp: In member function &#39;void RTCCounter::setY2kEpoch(uint32_t)&#39;:
/home/ec2-user/arduino-testlib/cli-datadir/user/libraries/RTCCounter/src/RTCCounter.cpp:237:8: error: base operand of &#39;-&gt;&#39; has non-pointer type &#39;RTC_t {aka RTC_struct}&#39;
     RTC-&gt;MODE0.COUNT.reg = y2kEpoch;
        ^~
/home/ec2-user/arduino-testlib/cli-datadir/user/libraries/RTCCounter/src/RTCCounter.cpp: In member function &#39;void RTCCounter::configureClock()&#39;:
/home/ec2-user/arduino-testlib/cli-datadir/user/libraries/RTCCounter/src/RTCCounter.cpp:247:3: error: &#39;GCLK&#39; was not declared in this scope
   GCLK-&gt;GENDIV.reg = GCLK_GENDIV_ID(2)|GCLK_GENDIV_DIV(4);
   ^~~~
/home/ec2-user/arduino-testlib/cli-datadir/user/libraries/RTCCounter/src/RTCCounter.cpp:247:3: note: suggested alternative: &#39;SCL&#39;
   GCLK-&gt;GENDIV.reg = GCLK_GENDIV_ID(2)|GCLK_GENDIV_DIV(4);
   ^~~~
   SCL
/home/ec2-user/arduino-testlib/cli-datadir/user/libraries/RTCCounter/src/RTCCounter.cpp:247:22: error: &#39;GCLK_GENDIV_ID&#39; was not declared in this scope
   GCLK-&gt;GENDIV.reg = GCLK_GENDIV_ID(2)|GCLK_GENDIV_DIV(4);
                      ^~~~~~~~~~~~~~
/home/ec2-user/arduino-testlib/cli-datadir/user/libraries/RTCCounter/src/RTCCounter.cpp:247:40: error: &#39;GCLK_GENDIV_DIV&#39; was not declared in this scope
   GCLK-&gt;GENDIV.reg = GCLK_GENDIV_ID(2)|GCLK_GENDIV_DIV(4);
                                        ^~~~~~~~~~~~~~~
/home/ec2-user/arduino-testlib/cli-datadir/user/libraries/RTCCounter/src/RTCCounter.cpp:248:29: error: &#39;GCLK_STATUS_SYNCBUSY&#39; was not declared in this scope
   while (GCLK-&gt;STATUS.reg &amp; GCLK_STATUS_SYNCBUSY);
                             ^~~~~~~~~~~~~~~~~~~~
/home/ec2-user/arduino-testlib/cli-datadir/user/libraries/RTCCounter/src/RTCCounter.cpp:250:24: error: &#39;GCLK_GENCTRL_GENEN&#39; was not declared in this scope
   GCLK-&gt;GENCTRL.reg = (GCLK_GENCTRL_GENEN | GCLK_GENCTRL_SRC_XOSC32K | GCLK_GENCTRL_ID(2) | GCLK_GENCTRL_DIVSEL );
                        ^~~~~~~~~~~~~~~~~~
/home/ec2-user/arduino-testlib/cli-datadir/user/libraries/RTCCounter/src/RTCCounter.cpp:250:24: note: suggested alternative: &#39;CLKCTRL_PEN_bp&#39;
   GCLK-&gt;GENCTRL.reg = (GCLK_GENCTRL_GENEN | GCLK_GENCTRL_SRC_XOSC32K | GCLK_GENCTRL_ID(2) | GCLK_GENCTRL_DIVSEL );
                        ^~~~~~~~~~~~~~~~~~
                        CLKCTRL_PEN_bp
/home/ec2-user/arduino-testlib/cli-datadir/user/libraries/RTCCounter/src/RTCCounter.cpp:250:45: error: &#39;GCLK_GENCTRL_SRC_XOSC32K&#39; was not declared in this scope
   GCLK-&gt;GENCTRL.reg = (GCLK_GENCTRL_GENEN | GCLK_GENCTRL_S</pre>

					
					<h4>examples/DateTime</h4>
					<p>
						Result: <b>FAIL</b>
					</p>
					<pre class="pre-scrollable">WARNING: library RTCCounter claims to run on samd architecture(s) and may be incompatible with your current board which runs on megaavr architecture(s).
/home/ec2-user/arduino-testlib/cli-datadir/user/libraries/RTCCounter/examples/DateTime/DateTime.ino: In function &#39;void printDateTime()&#39;:
/home/ec2-user/arduino-testlib/cli-datadir/user/libraries/RTCCounter/examples/DateTime/DateTime.ino:73:3: error: &#39;SerialUSB&#39; was not declared in this scope
   SerialUSB.println(buffer);
   ^~~~~~~~~
/home/ec2-user/arduino-testlib/cli-datadir/user/libraries/RTCCounter/examples/DateTime/DateTime.ino:73:3: note: suggested alternative: &#39;Serial1&#39;
   SerialUSB.println(buffer);
   ^~~~~~~~~
   Serial1

</pre>
					
					<h4>examples/RTCBlink</h4>
					<p>
						Result: <b>FAIL</b>
					</p>
					<pre class="pre-scrollable">WARNING: library RTCCounter claims to run on samd architecture(s) and may be incompatible with your current board which runs on megaavr architecture(s).
/home/ec2-user/arduino-testlib/cli-datadir/user/libraries/RTCCounter/src/RTCCounter.cpp: In member function &#39;void RTCCounter::begin(bool)&#39;:
/home/ec2-user/arduino-testlib/cli-datadir/user/libraries/RTCCounter/src/RTCCounter.cpp:41:3: error: &#39;PM&#39; was not declared in this scope
   PM-&gt;APBAMASK.reg |= PM_APBAMASK_RTC; // turn on digital interface clock
   ^~
/home/ec2-user/arduino-testlib/cli-datadir/user/libraries/RTCCounter/src/RTCCounter.cpp:41:3: note: suggested alternative: &#39;PE&#39;
   PM-&gt;APBAMASK.reg |= PM_APBAMASK_RTC; // turn on digital interface clock
   ^~
   PE
/home/ec2-user/arduino-testlib/cli-datadir/user/libraries/RTCCounter/src/RTCCounter.cpp:41:23: error: &#39;PM_APBAMASK_RTC&#39; was not declared in this scope
   PM-&gt;APBAMASK.reg |= PM_APBAMASK_RTC; // turn on digital interface clock
                       ^~~~~~~~~~~~~~~
/home/ec2-user/arduino-testlib/cli-datadir/user/libraries/RTCCounter/src/RTCCounter.cpp:50:42: error: &#39;PM_RCAUSE_SYST&#39; was not declared in this scope
   if ((!resetTime) &amp;&amp; (PM-&gt;RCAUSE.reg &amp; (PM_RCAUSE_SYST | PM_RCAUSE_WDT | PM_RCAUSE_EXT))) {
                                          ^~~~~~~~~~~~~~
/home/ec2-user/arduino-testlib/cli-datadir/user/libraries/RTCCounter/src/RTCCounter.cpp:50:59: error: &#39;PM_RCAUSE_WDT&#39; was not declared in this scope
   if ((!resetTime) &amp;&amp; (PM-&gt;RCAUSE.reg &amp; (PM_RCAUSE_SYST | PM_RCAUSE_WDT | PM_RCAUSE_EXT))) {
                                                           ^~~~~~~~~~~~~
/home/ec2-user/arduino-testlib/cli-datadir/user/libraries/RTCCounter/src/RTCCounter.cpp:50:75: error: &#39;PM_RCAUSE_EXT&#39; was not declared in this scope
   if ((!resetTime) &amp;&amp; (PM-&gt;RCAUSE.reg &amp; (PM_RCAUSE_SYST | PM_RCAUSE_WDT | PM_RCAUSE_EXT))) {
                                                                           ^~~~~~~~~~~~~
/home/ec2-user/arduino-testlib/cli-datadir/user/libraries/RTCCounter/src/RTCCounter.cpp:51:12: error: base operand of &#39;-&gt;&#39; has non-pointer type &#39;RTC_t {aka RTC_struct}&#39;
     if (RTC-&gt;MODE0.CTRL.reg &amp; RTC_MODE0_CTRL_MODE_COUNT32) {
            ^~
/home/ec2-user/arduino-testlib/cli-datadir/user/libraries/RTCCounter/src/RTCCounter.cpp:51:31: error: &#39;RTC_MODE0_CTRL_MODE_COUNT32&#39; was not declared in this scope
     if (RTC-&gt;MODE0.CTRL.reg &amp; RTC_MODE0_CTRL_MODE_COUNT32) {
                               ^~~~~~~~~~~~~~~~~~~~~~~~~~~
/home/ec2-user/arduino-testlib/cli-datadir/user/libraries/RTCCounter/src/RTCCounter.cpp:53:20: error: base operand of &#39;-&gt;&#39; has non-pointer type &#39;RTC_t {aka RTC_struct}&#39;
       oldTime = RTC-&gt;MODE0.COUNT.reg;
                    ^~
/home/ec2-user/arduino-testlib/cli-datadir/user/libraries/RTCCounter/src/RTCCounter.cpp:64:14: error: &#39;RTC_MODE0_CTRL_MODE_COUNT32&#39; was not declared in this scope
   tmp_reg |= RTC_MODE0_CTRL_MODE_COUNT32; // set clock operating mode
              ^~~~~~~~~~~~~~~~~~~~~~~~~~~
/home/ec2-user/arduino-testlib/cli-datadir/user/libraries/RTCCounter/src/RTCCounter.cpp:65:14: error: &#39;RTC_MODE0_CTRL_PRESCALER_DIV1024&#39; was not declared in this scope
   tmp_reg |= RTC_MODE0_CTRL_PRESCALER_DIV1024; // set prescaler to 1024 for MODE2
              ^~~~~~~~~~~~~~~~~~~~~~~~~~~~~~~~
/home/ec2-user/arduino-testlib/cli-datadir/user/libraries/RTCCounter/src/RTCCounter.cpp:65:14: note: suggested alternative: &#39;RTC_PRESCALER_DIV1024_gc&#39;
   tmp_reg |= RTC_MODE0_CTRL_PRESCALER_DIV1024; // set prescaler to 1024 for MODE2
              ^~~~~~~~~~~~~~~~~~~~~~~~~~~~~~~~
              RTC_PRESCALER_DIV1024_gc
/home/ec2-user/arduino-testlib/cli-datadir/user/libraries/RTCCounter/src/RTCCounter.cpp:66:15: error: &#39;RTC_MODE0_CTRL_MATCHCLR&#39; was not declared in this scope
   tmp_reg &amp;= ~RTC_MODE0_CTRL_MATCHCLR; // disable clear on match
               ^~~~~~~~~~~~~~~~~~~~~~~
/home/ec2-user/arduino-testlib/cli-datadir/user/libraries/RTCCounter/src/RTCCounter.cpp:68:6: error: base operand of &#39;-&gt;&#39; has non-pointer type &#39;RTC_t {aka RTC_struct}&#39;
   RTC-&gt;MODE0.READREQ.reg &amp;= ~RTC_READREQ_RCONT; // disable continuously mode
      ^~
/home/ec2-user/arduino-testlib/cli-datadir/user/libraries/RTCCounter/src/RTCCounter.cpp:68:30: error: &#39;RTC_READREQ_RCONT&#39; was not declared in this scope
   RTC-&gt;MODE0.READREQ.reg &amp;= ~RTC_READREQ_RCONT; // disable continuously mode
                              ^~~~~~~~~~~~~~~~~
/home/ec2-user/arduino-testlib/cli-datadir/user/libraries/RTCCounter/src/RTCCounter.cpp:71:6: error: base operand of &#39;-&gt;&#39; has non-pointer type &#39;RTC_t {aka RTC_struct}&#39;
   RTC-&gt;MODE0.CTRL.reg = tmp_reg;
      ^~
/home/ec2-user/arduino-testlib/cli-datadir/user/libraries/RTCCounter/src/RTCCounter.cpp:73:18: error: &#39;RTC_IRQn&#39; was not declared in this scope
   NVIC_EnableIRQ(RTC_IRQn); // enable RTC interrupt
                  ^~~~~~~~
/home/ec2-user/arduino-testlib/cli-datadir/user/libraries/RTCCounter/src/RTCCounter.cpp:73:18: note: suggested alternative: &#39;RTC_t&#39;
   NVIC_EnableIRQ(RTC_IRQn); // enable RTC interrupt
                  ^~~~~~~~
                  RTC_t
/home/ec2-user/arduino-testlib/cli-datadir/user/libraries/RTCCounter/src/RTCCounter.cpp:73:3: error: &#39;NVIC_EnableIRQ&#39; was not declared in this scope
   NVIC_EnableIRQ(RTC_IRQn); // enable RTC interrupt
   ^~~~~~~~~~~~~~
/home/ec2-user/arduino-testlib/cli-datadir/user/libraries/RTCCounter/src/RTCCounter.cpp:74:3: error: &#39;NVIC_SetPriority&#39; was not declared in this scope
   NVIC_SetPriority(RTC_IRQn, 0x03);
   ^~~~~~~~~~~~~~~~
/home/ec2-user/arduino-testlib/cli-datadir/user/libraries/RTCCounter/src/RTCCounter.cpp:81:8: error: base operand of &#39;-&gt;&#39; has non-pointer type &#39;RTC_t {aka RTC_struct}&#39;
     RTC-&gt;MODE0.COUNT.reg = oldTime;
        ^~
/home/ec2-user/arduino-testlib/cli-datadir/user/libraries/RTCCounter/src/RTCCounter.cpp: In member function &#39;void RTCCounter::setAlarmY2kEpoch(uint32_t)&#39;:
/home/ec2-user/arduino-testlib/cli-datadir/user/libraries/RTCCounter/src/RTCCounter.cpp:131:8: error: base operand of &#39;-&gt;&#39; has non-pointer type &#39;RTC_t {aka RTC_struct}&#39;
     RTC-&gt;MODE0.COMP[0].reg = y2kEpoch;
        ^~
/home/ec2-user/arduino-testlib/cli-datadir/user/libraries/RTCCounter/src/RTCCounter.cpp:133:8: error: base operand of &#39;-&gt;&#39; has non-pointer type &#39;RTC_t {aka RTC_struct}&#39;
     RTC-&gt;MODE0.INTENSET.bit.CMP0 = 1;
        ^~
/home/ec2-user/arduino-testlib/cli-datadir/user/libraries/RTCCounter/src/RTCCounter.cpp: In member function &#39;uint32_t RTCCounter::getAlarmY2kEpoch()&#39;:
/home/ec2-user/arduino-testlib/cli-datadir/user/libraries/RTCCounter/src/RTCCounter.cpp:165:16: error: base operand of &#39;-&gt;&#39; has non-pointer type &#39;RTC_t {aka RTC_struct}&#39;
     alarm = RTC-&gt;MODE0.COMP[0].reg;
                ^~
/home/ec2-user/arduino-testlib/cli-datadir/user/libraries/RTCCounter/src/RTCCounter.cpp: In member function &#39;void RTCCounter::disableAlarm()&#39;:
/home/ec2-user/arduino-testlib/cli-datadir/user/libraries/RTCCounter/src/RTCCounter.cpp:183:8: error: base operand of &#39;-&gt;&#39; has non-pointer type &#39;RTC_t {aka RTC_struct}&#39;
     RTC-&gt;MODE0.INTENCLR.bit.CMP0 = 1;
        ^~
/home/ec2-user/arduino-testlib/cli-datadir/user/libraries/RTCCounter/src/RTCCounter.cpp: In member function &#39;uint32_t RTCCounter::getY2kEpoch()&#39;:
/home/ec2-user/arduino-testlib/cli-datadir/user/libraries/RTCCounter/src/RTCCounter.cpp:212:23: error: base operand of &#39;-&gt;&#39; has non-pointer type &#39;RTC_t {aka RTC_struct}&#39;
     y2kEpochTime = RTC-&gt;MODE0.COUNT.reg;
                       ^~
/home/ec2-user/arduino-testlib/cli-datadir/user/libraries/RTCCounter/src/RTCCounter.cpp: In member function &#39;void RTCCounter::setY2kEpoch(uint32_t)&#39;:
/home/ec2-user/arduino-testlib/cli-datadir/user/libraries/RTCCounter/src/RTCCounter.cpp:237:8: error: base operand of &#39;-&gt;&#39; has non-pointer type &#39;RTC_t {aka RTC_struct}&#39;
     RTC-&gt;MODE0.COUNT.reg = y2kEpoch;
        ^~
/home/ec2-user/arduino-testlib/cli-datadir/user/libraries/RTCCounter/src/RTCCounter.cpp: In member function &#39;void RTCCounter::configureClock()&#39;:
/home/ec2-user/arduino-testlib/cli-datadir/user/libraries/RTCCounter/src/RTCCounter.cpp:247:3: error: &#39;GCLK&#39; was not declared in this scope
   GCLK-&gt;GENDIV.reg = GCLK_GENDIV_ID(2)|GCLK_GENDIV_DIV(4);
   ^~~~
/home/ec2-user/arduino-testlib/cli-datadir/user/libraries/RTCCounter/src/RTCCounter.cpp:247:3: note: suggested alternative: &#39;SCL&#39;
   GCLK-&gt;GENDIV.reg = GCLK_GENDIV_ID(2)|GCLK_GENDIV_DIV(4);
   ^~~~
   SCL
/home/ec2-user/arduino-testlib/cli-datadir/user/libraries/RTCCounter/src/RTCCounter.cpp:247:22: error: &#39;GCLK_GENDIV_ID&#39; was not declared in this scope
   GCLK-&gt;GENDIV.reg = GCLK_GENDIV_ID(2)|GCLK_GENDIV_DIV(4);
                      ^~~~~~~~~~~~~~
/home/ec2-user/arduino-testlib/cli-datadir/user/libraries/RTCCounter/src/RTCCounter.cpp:247:40: error: &#39;GCLK_GENDIV_DIV&#39; was not declared in this scope
   GCLK-&gt;GENDIV.reg = GCLK_GENDIV_ID(2)|GCLK_GENDIV_DIV(4);
                                        ^~~~~~~~~~~~~~~
/home/ec2-user/arduino-testlib/cli-datadir/user/libraries/RTCCounter/src/RTCCounter.cpp:248:29: error: &#39;GCLK_STATUS_SYNCBUSY&#39; was not declared in this scope
   while (GCLK-&gt;STATUS.reg &amp; GCLK_STATUS_SYNCBUSY);
                             ^~~~~~~~~~~~~~~~~~~~
/home/ec2-user/arduino-testlib/cli-datadir/user/libraries/RTCCounter/src/RTCCounter.cpp:250:24: error: &#39;GCLK_GENCTRL_GENEN&#39; was not declared in this scope
   GCLK-&gt;GENCTRL.reg = (GCLK_GENCTRL_GENEN | GCLK_GENCTRL_SRC_XOSC32K | GCLK_GENCTRL_ID(2) | GCLK_GENCTRL_DIVSEL );
                        ^~~~~~~~~~~~~~~~~~
/home/ec2-user/arduino-testlib/cli-datadir/user/libraries/RTCCounter/src/RTCCounter.cpp:250:24: note: suggested alternative: &#39;CLKCTRL_PEN_bp&#39;
   GCLK-&gt;GENCTRL.reg = (GCLK_GENCTRL_GENEN | GCLK_GENCTRL_SRC_XOSC32K | GCLK_GENCTRL_ID(2) | GCLK_GENCTRL_DIVSEL );
                        ^~~~~~~~~~~~~~~~~~
                        CLKCTRL_PEN_bp
/home/ec2-user/arduino-testlib/cli-datadir/user/libraries/RTCCounter/src/RTCCounter.cpp:250:45: error: &#39;GCLK_GENCTRL_SRC_XOSC32K&#39; was not declared in this scope
   GCLK-&gt;GENCTRL.reg = (GCLK_GENCTRL_GENEN | GCLK_GENCTRL_S</pre>
					
					<h4>examples/SleepRTCBlink</h4>
					<p>
						Result: <b>FAIL</b>
					</p>
					<pre class="pre-scrollable">WARNING: library RTCCounter claims to run on samd architecture(s) and may be incompatible with your current board which runs on megaavr architecture(s).
/home/ec2-user/arduino-testlib/cli-datadir/user/libraries/RTCCounter/examples/SleepRTCBlink/SleepRTCBlink.ino: In function &#39;void setup()&#39;:
/home/ec2-user/arduino-testlib/cli-datadir/user/libraries/RTCCounter/examples/SleepRTCBlink/SleepRTCBlink.ino:33:3: error: &#39;SCB&#39; was not declared in this scope
   SCB-&gt;SCR |= SCB_SCR_SLEEPDEEP_Msk;
   ^~~
/home/ec2-user/arduino-testlib/cli-datadir/user/libraries/RTCCounter/examples/SleepRTCBlink/SleepRTCBlink.ino:33:3: note: suggested alternative: &#39;SCL&#39;
   SCB-&gt;SCR |= SCB_SCR_SLEEPDEEP_Msk;
   ^~~
   SCL
/home/ec2-user/arduino-testlib/cli-datadir/user/libraries/RTCCounter/examples/SleepRTCBlink/SleepRTCBlink.ino:33:15: error: &#39;SCB_SCR_SLEEPDEEP_Msk&#39; was not declared in this scope
   SCB-&gt;SCR |= SCB_SCR_SLEEPDEEP_Msk;
               ^~~~~~~~~~~~~~~~~~~~~
/home/ec2-user/arduino-testlib/cli-datadir/user/libraries/RTCCounter/examples/SleepRTCBlink/SleepRTCBlink.ino: In function &#39;void systemSleep()&#39;:
/home/ec2-user/arduino-testlib/cli-datadir/user/libraries/RTCCounter/examples/SleepRTCBlink/SleepRTCBlink.ino:60:5: error: &#39;__WFI&#39; was not declared in this scope
     __WFI();
     ^~~~~

</pre>
					
				
				<h3 id="arduino:samd:mkrwifi1010">arduino:samd:mkrwifi1010 @ 1.8.12</h3>
				<h4>Inclusion</h4>
				<p>
					Result: <b>PASS</b>
					
				</p>
				<pre class="pre-scrollable">Sketch uses 12256 bytes (4%) of program storage space. Maximum is 262144 bytes.
Global variables use 3008 bytes (9%) of dynamic memory, leaving 29760 bytes for local variables. Maximum is 32768 bytes.
</pre>

					
					<h4>examples/DateTime</h4>
					<p>
						Result: <b>PASS</b>
					</p>
					<pre class="pre-scrollable">Sketch uses 22992 bytes (8%) of program storage space. Maximum is 262144 bytes.
Global variables use 3512 bytes (10%) of dynamic memory, leaving 29256 bytes for local variables. Maximum is 32768 bytes.
</pre>
					
					<h4>examples/RTCBlink</h4>
					<p>
						Result: <b>PASS</b>
					</p>
					<pre class="pre-scrollable">Sketch uses 12724 bytes (4%) of program storage space. Maximum is 262144 bytes.
Global variables use 3008 bytes (9%) of dynamic memory, leaving 29760 bytes for local variables. Maximum is 32768 bytes.
</pre>
					
					<h4>examples/SleepRTCBlink</h4>
					<p>
						Result: <b>PASS</b>
					</p>
					<pre class="pre-scrollable">Sketch uses 12772 bytes (4%) of program storage space. Maximum is 262144 bytes.
Global variables use 3008 bytes (9%) of dynamic memory, leaving 29760 bytes for local variables. Maximum is 32768 bytes.
</pre>
					
				
				<h3 id="esp32:esp32:d1_mini32">esp32:esp32:d1_mini32 @ 1.0.6</h3>
				<h4>Inclusion</h4>
				<p>
					Result: <b>FAIL</b>
					
				</p>
				<pre class="pre-scrollable">WARNING: library RTCCounter claims to run on samd architecture(s) and may be incompatible with your current board which runs on esp32 architecture(s).
/home/ec2-user/arduino-testlib/cli-datadir/user/libraries/RTCCounter/src/RTCCounter.cpp: In member function &#39;void RTCCounter::begin(bool)&#39;:
/home/ec2-user/arduino-testlib/cli-datadir/user/libraries/RTCCounter/src/RTCCounter.cpp:41:3: error: &#39;PM&#39; was not declared in this scope
   PM-&gt;APBAMASK.reg |= PM_APBAMASK_RTC; // turn on digital interface clock
   ^
/home/ec2-user/arduino-testlib/cli-datadir/user/libraries/RTCCounter/src/RTCCounter.cpp:41:23: error: &#39;PM_APBAMASK_RTC&#39; was not declared in this scope
   PM-&gt;APBAMASK.reg |= PM_APBAMASK_RTC; // turn on digital interface clock
                       ^
/home/ec2-user/arduino-testlib/cli-datadir/user/libraries/RTCCounter/src/RTCCounter.cpp:50:42: error: &#39;PM_RCAUSE_SYST&#39; was not declared in this scope
   if ((!resetTime) &amp;&amp; (PM-&gt;RCAUSE.reg &amp; (PM_RCAUSE_SYST | PM_RCAUSE_WDT | PM_RCAUSE_EXT))) {
                                          ^
/home/ec2-user/arduino-testlib/cli-datadir/user/libraries/RTCCounter/src/RTCCounter.cpp:50:59: error: &#39;PM_RCAUSE_WDT&#39; was not declared in this scope
   if ((!resetTime) &amp;&amp; (PM-&gt;RCAUSE.reg &amp; (PM_RCAUSE_SYST | PM_RCAUSE_WDT | PM_RCAUSE_EXT))) {
                                                           ^
/home/ec2-user/arduino-testlib/cli-datadir/user/libraries/RTCCounter/src/RTCCounter.cpp:50:75: error: &#39;PM_RCAUSE_EXT&#39; was not declared in this scope
   if ((!resetTime) &amp;&amp; (PM-&gt;RCAUSE.reg &amp; (PM_RCAUSE_SYST | PM_RCAUSE_WDT | PM_RCAUSE_EXT))) {
                                                                           ^
/home/ec2-user/arduino-testlib/cli-datadir/user/libraries/RTCCounter/src/RTCCounter.cpp:51:9: error: &#39;RTC&#39; was not declared in this scope
     if (RTC-&gt;MODE0.CTRL.reg &amp; RTC_MODE0_CTRL_MODE_COUNT32) {
         ^
/home/ec2-user/arduino-testlib/cli-datadir/user/libraries/RTCCounter/src/RTCCounter.cpp:51:31: error: &#39;RTC_MODE0_CTRL_MODE_COUNT32&#39; was not declared in this scope
     if (RTC-&gt;MODE0.CTRL.reg &amp; RTC_MODE0_CTRL_MODE_COUNT32) {
                               ^
/home/ec2-user/arduino-testlib/cli-datadir/user/libraries/RTCCounter/src/RTCCounter.cpp:64:14: error: &#39;RTC_MODE0_CTRL_MODE_COUNT32&#39; was not declared in this scope
   tmp_reg |= RTC_MODE0_CTRL_MODE_COUNT32; // set clock operating mode
              ^
/home/ec2-user/arduino-testlib/cli-datadir/user/libraries/RTCCounter/src/RTCCounter.cpp:65:14: error: &#39;RTC_MODE0_CTRL_PRESCALER_DIV1024&#39; was not declared in this scope
   tmp_reg |= RTC_MODE0_CTRL_PRESCALER_DIV1024; // set prescaler to 1024 for MODE2
              ^
/home/ec2-user/arduino-testlib/cli-datadir/user/libraries/RTCCounter/src/RTCCounter.cpp:66:15: error: &#39;RTC_MODE0_CTRL_MATCHCLR&#39; was not declared in this scope
   tmp_reg &amp;= ~RTC_MODE0_CTRL_MATCHCLR; // disable clear on match
               ^
/home/ec2-user/arduino-testlib/cli-datadir/user/libraries/RTCCounter/src/RTCCounter.cpp:68:3: error: &#39;RTC&#39; was not declared in this scope
   RTC-&gt;MODE0.READREQ.reg &amp;= ~RTC_READREQ_RCONT; // disable continuously mode
   ^
/home/ec2-user/arduino-testlib/cli-datadir/user/libraries/RTCCounter/src/RTCCounter.cpp:68:30: error: &#39;RTC_READREQ_RCONT&#39; was not declared in this scope
   RTC-&gt;MODE0.READREQ.reg &amp;= ~RTC_READREQ_RCONT; // disable continuously mode
                              ^
/home/ec2-user/arduino-testlib/cli-datadir/user/libraries/RTCCounter/src/RTCCounter.cpp:73:18: error: &#39;RTC_IRQn&#39; was not declared in this scope
   NVIC_EnableIRQ(RTC_IRQn); // enable RTC interrupt 
                  ^
/home/ec2-user/arduino-testlib/cli-datadir/user/libraries/RTCCounter/src/RTCCounter.cpp:73:26: error: &#39;NVIC_EnableIRQ&#39; was not declared in this scope
   NVIC_EnableIRQ(RTC_IRQn); // enable RTC interrupt 
                          ^
/home/ec2-user/arduino-testlib/cli-datadir/user/libraries/RTCCounter/src/RTCCounter.cpp:74:34: error: &#39;NVIC_SetPriority&#39; was not declared in this scope
   NVIC_SetPriority(RTC_IRQn, 0x03);
                                  ^
/home/ec2-user/arduino-testlib/cli-datadir/user/libraries/RTCCounter/src/RTCCounter.cpp: In member function &#39;void RTCCounter::setAlarmY2kEpoch(uint32_t)&#39;:
/home/ec2-user/arduino-testlib/cli-datadir/user/libraries/RTCCounter/src/RTCCounter.cpp:131:5: error: &#39;RTC&#39; was not declared in this scope
     RTC-&gt;MODE0.COMP[0].reg = y2kEpoch;
     ^
/home/ec2-user/arduino-testlib/cli-datadir/user/libraries/RTCCounter/src/RTCCounter.cpp: In member function &#39;uint32_t RTCCounter::getAlarmY2kEpoch()&#39;:
/home/ec2-user/arduino-testlib/cli-datadir/user/libraries/RTCCounter/src/RTCCounter.cpp:165:13: error: &#39;RTC&#39; was not declared in this scope
     alarm = RTC-&gt;MODE0.COMP[0].reg;
             ^
/home/ec2-user/arduino-testlib/cli-datadir/user/libraries/RTCCounter/src/RTCCounter.cpp: In member function &#39;void RTCCounter::disableAlarm()&#39;:
/home/ec2-user/arduino-testlib/cli-datadir/user/libraries/RTCCounter/src/RTCCounter.cpp:183:5: error: &#39;RTC&#39; was not declared in this scope
     RTC-&gt;MODE0.INTENCLR.bit.CMP0 = 1;
     ^
/home/ec2-user/arduino-testlib/cli-datadir/user/libraries/RTCCounter/src/RTCCounter.cpp: In member function &#39;uint32_t RTCCounter::getY2kEpoch()&#39;:
/home/ec2-user/arduino-testlib/cli-datadir/user/libraries/RTCCounter/src/RTCCounter.cpp:212:20: error: &#39;RTC&#39; was not declared in this scope
     y2kEpochTime = RTC-&gt;MODE0.COUNT.reg;
                    ^
/home/ec2-user/arduino-testlib/cli-datadir/user/libraries/RTCCounter/src/RTCCounter.cpp: In member function &#39;void RTCCounter::setY2kEpoch(uint32_t)&#39;:
/home/ec2-user/arduino-testlib/cli-datadir/user/libraries/RTCCounter/src/RTCCounter.cpp:237:5: error: &#39;RTC&#39; was not declared in this scope
     RTC-&gt;MODE0.COUNT.reg = y2kEpoch;
     ^
/home/ec2-user/arduino-testlib/cli-datadir/user/libraries/RTCCounter/src/RTCCounter.cpp: In member function &#39;void RTCCounter::configureClock()&#39;:
/home/ec2-user/arduino-testlib/cli-datadir/user/libraries/RTCCounter/src/RTCCounter.cpp:247:3: error: &#39;GCLK&#39; was not declared in this scope
   GCLK-&gt;GENDIV.reg = GCLK_GENDIV_ID(2)|GCLK_GENDIV_DIV(4);
   ^
/home/ec2-user/arduino-testlib/cli-datadir/user/libraries/RTCCounter/src/RTCCounter.cpp:247:38: error: &#39;GCLK_GENDIV_ID&#39; was not declared in this scope
   GCLK-&gt;GENDIV.reg = GCLK_GENDIV_ID(2)|GCLK_GENDIV_DIV(4);
                                      ^
/home/ec2-user/arduino-testlib/cli-datadir/user/libraries/RTCCounter/src/RTCCounter.cpp:247:57: error: &#39;GCLK_GENDIV_DIV&#39; was not declared in this scope
   GCLK-&gt;GENDIV.reg = GCLK_GENDIV_ID(2)|GCLK_GENDIV_DIV(4);
                                                         ^
/home/ec2-user/arduino-testlib/cli-datadir/user/libraries/RTCCounter/src/RTCCounter.cpp:248:29: error: &#39;GCLK_STATUS_SYNCBUSY&#39; was not declared in this scope
   while (GCLK-&gt;STATUS.reg &amp; GCLK_STATUS_SYNCBUSY);
                             ^
/home/ec2-user/arduino-testlib/cli-datadir/user/libraries/RTCCounter/src/RTCCounter.cpp:250:24: error: &#39;GCLK_GENCTRL_GENEN&#39; was not declared in this scope
   GCLK-&gt;GENCTRL.reg = (GCLK_GENCTRL_GENEN | GCLK_GENCTRL_SRC_XOSC32K | GCLK_GENCTRL_ID(2) | GCLK_GENCTRL_DIVSEL );
                        ^
/home/ec2-user/arduino-testlib/cli-datadir/user/libraries/RTCCounter/src/RTCCounter.cpp:250:45: error: &#39;GCLK_GENCTRL_SRC_XOSC32K&#39; was not declared in this scope
   GCLK-&gt;GENCTRL.reg = (GCLK_GENCTRL_GENEN | GCLK_GENCTRL_SRC_XOSC32K | GCLK_GENCTRL_ID(2) | GCLK_GENCTRL_DIVSEL );
                                             ^
/home/ec2-user/arduino-testlib/cli-datadir/user/libraries/RTCCounter/src/RTCCounter.cpp:250:89: error: &#39;GCLK_GENCTRL_ID&#39; was not declared in this scope
   GCLK-&gt;GENCTRL.reg = (GCLK_GENCTRL_GENEN | GCLK_GENCTRL_SRC_XOSC32K | GCLK_GENCTRL_ID(2) | GCLK_GENCTRL_DIVSEL );
                                                                                         ^
/home/ec2-user/arduino-testlib/cli-datadir/user/libraries/RTCCounter/src/RTCCounter.cpp:250:93: error: &#39;GCLK_GENCTRL_DIVSEL&#39; was not declared in this scope
   GCLK-&gt;GENCTRL.reg = (GCLK_GENCTRL_GENEN | GCLK_GENCTRL_SRC_XOSC32K | GCLK_GENCTRL_ID(2) | GCLK_GENCTRL_DIVSEL );
                                                                                             ^
/home/ec2-user/arduino-testlib/cli-datadir/user/libraries/RTCCounter/src/RTCCounter.cpp:251:29: error: &#39;GCLK_STATUS_SYNCBUSY&#39; was not declared in this scope
   while (GCLK-&gt;STATUS.reg &amp; GCLK_STATUS_SYNCBUSY);
                             ^
/home/ec2-user/arduino-testlib/cli-datadir/user/libraries/RTCCounter/src/RTCCounter.cpp:253:35: error: &#39;GCLK_CLKCTRL_CLKEN&#39; was not declared in this scope
   GCLK-&gt;CLKCTRL.reg = (uint32_t)((GCLK_CLKCTRL_CLKEN | GCLK_CLKCTRL_GEN_GCLK2 | (RTC_GCLK_ID &lt;&lt; GCLK_CLKCTRL_ID_Pos)));
                                   ^
/home/ec2-user/arduino-testlib/cli-datadir/user/libraries/RTCCounter/src/RTCCounter.cpp:253:56: error: &#39;GCLK_CLKCTRL_GEN_GCLK2&#39; was not declared in this scope
   GCLK-&gt;CLKCTRL.reg = (uint32_t)((GCLK_CLKCTRL_CLKEN | GCLK_CLKCTRL_GEN_GCLK2 | (RTC_GCLK_ID &lt;&lt; GCLK_CLKCTRL_ID_Pos)));
                                                        ^
/home/ec2-user/arduino-testlib/cli-datadir/user/libraries/RTCCounter/src/RTCCounter.cpp:253:82: error: &#39;RTC_GCLK_ID&#39; was not declared in this scope
   GCLK-&gt;CLKCTRL.reg = (uint32_t)((GCLK_CLKCTRL_CLKEN | GCLK_CLKCTRL_GEN_GCLK2 | (RTC_GCLK_ID &lt;&lt; GCLK_CLKCTRL_ID_Pos)));
                                                                                  ^
/home/ec2-user/arduino-testlib/cli-datadir/user/libraries/RTCCounter/src/RTCCounter.cpp:253:97: error: &#39;GCLK_CLKCTRL_ID_Pos&#39; was not declared in this scope
   GCLK-&gt;CLKCTRL.reg = (uint32_t)((GCLK_CLKCTRL_CLKEN | GCLK_CLKCTRL_GEN_GCLK2 | (RTC_GCLK_ID &lt;&lt; GCLK_CLKCTRL_ID_Pos)));
                                                                                                 ^
/home/ec2-user/arduino-testlib/cli-datadir/user/libraries/RTCCounter/src/RTCCounter.cpp: In member function &#39;void RTCCounter::config32kOSC()&#39;:
/home/ec2-user/arduino-t</pre>

					
					<h4>examples/DateTime</h4>
					<p>
						Result: <b>FAIL</b>
					</p>
					<pre class="pre-scrollable">WARNING: library RTCCounter claims to run on samd architecture(s) and may be incompatible with your current board which runs on esp32 architecture(s).
/home/ec2-user/arduino-testlib/cli-datadir/user/libraries/RTCCounter/examples/DateTime/DateTime.ino: In function &#39;void printDateTime()&#39;:
/home/ec2-user/arduino-testlib/cli-datadir/user/libraries/RTCCounter/examples/DateTime/DateTime.ino:73:3: error: &#39;SerialUSB&#39; was not declared in this scope
   SerialUSB.println(buffer);
   ^

</pre>
					
					<h4>examples/RTCBlink</h4>
					<p>
						Result: <b>FAIL</b>
					</p>
					<pre class="pre-scrollable">WARNING: library RTCCounter claims to run on samd architecture(s) and may be incompatible with your current board which runs on esp32 architecture(s).
/home/ec2-user/arduino-testlib/cli-datadir/user/libraries/RTCCounter/src/RTCCounter.cpp: In member function &#39;void RTCCounter::begin(bool)&#39;:
/home/ec2-user/arduino-testlib/cli-datadir/user/libraries/RTCCounter/src/RTCCounter.cpp:41:3: error: &#39;PM&#39; was not declared in this scope
   PM-&gt;APBAMASK.reg |= PM_APBAMASK_RTC; // turn on digital interface clock
   ^
/home/ec2-user/arduino-testlib/cli-datadir/user/libraries/RTCCounter/src/RTCCounter.cpp:41:23: error: &#39;PM_APBAMASK_RTC&#39; was not declared in this scope
   PM-&gt;APBAMASK.reg |= PM_APBAMASK_RTC; // turn on digital interface clock
                       ^
/home/ec2-user/arduino-testlib/cli-datadir/user/libraries/RTCCounter/src/RTCCounter.cpp:50:42: error: &#39;PM_RCAUSE_SYST&#39; was not declared in this scope
   if ((!resetTime) &amp;&amp; (PM-&gt;RCAUSE.reg &amp; (PM_RCAUSE_SYST | PM_RCAUSE_WDT | PM_RCAUSE_EXT))) {
                                          ^
/home/ec2-user/arduino-testlib/cli-datadir/user/libraries/RTCCounter/src/RTCCounter.cpp:50:59: error: &#39;PM_RCAUSE_WDT&#39; was not declared in this scope
   if ((!resetTime) &amp;&amp; (PM-&gt;RCAUSE.reg &amp; (PM_RCAUSE_SYST | PM_RCAUSE_WDT | PM_RCAUSE_EXT))) {
                                                           ^
/home/ec2-user/arduino-testlib/cli-datadir/user/libraries/RTCCounter/src/RTCCounter.cpp:50:75: error: &#39;PM_RCAUSE_EXT&#39; was not declared in this scope
   if ((!resetTime) &amp;&amp; (PM-&gt;RCAUSE.reg &amp; (PM_RCAUSE_SYST | PM_RCAUSE_WDT | PM_RCAUSE_EXT))) {
                                                                           ^
/home/ec2-user/arduino-testlib/cli-datadir/user/libraries/RTCCounter/src/RTCCounter.cpp:51:9: error: &#39;RTC&#39; was not declared in this scope
     if (RTC-&gt;MODE0.CTRL.reg &amp; RTC_MODE0_CTRL_MODE_COUNT32) {
         ^
/home/ec2-user/arduino-testlib/cli-datadir/user/libraries/RTCCounter/src/RTCCounter.cpp:51:31: error: &#39;RTC_MODE0_CTRL_MODE_COUNT32&#39; was not declared in this scope
     if (RTC-&gt;MODE0.CTRL.reg &amp; RTC_MODE0_CTRL_MODE_COUNT32) {
                               ^
/home/ec2-user/arduino-testlib/cli-datadir/user/libraries/RTCCounter/src/RTCCounter.cpp:64:14: error: &#39;RTC_MODE0_CTRL_MODE_COUNT32&#39; was not declared in this scope
   tmp_reg |= RTC_MODE0_CTRL_MODE_COUNT32; // set clock operating mode
              ^
/home/ec2-user/arduino-testlib/cli-datadir/user/libraries/RTCCounter/src/RTCCounter.cpp:65:14: error: &#39;RTC_MODE0_CTRL_PRESCALER_DIV1024&#39; was not declared in this scope
   tmp_reg |= RTC_MODE0_CTRL_PRESCALER_DIV1024; // set prescaler to 1024 for MODE2
              ^
/home/ec2-user/arduino-testlib/cli-datadir/user/libraries/RTCCounter/src/RTCCounter.cpp:66:15: error: &#39;RTC_MODE0_CTRL_MATCHCLR&#39; was not declared in this scope
   tmp_reg &amp;= ~RTC_MODE0_CTRL_MATCHCLR; // disable clear on match
               ^
/home/ec2-user/arduino-testlib/cli-datadir/user/libraries/RTCCounter/src/RTCCounter.cpp:68:3: error: &#39;RTC&#39; was not declared in this scope
   RTC-&gt;MODE0.READREQ.reg &amp;= ~RTC_READREQ_RCONT; // disable continuously mode
   ^
/home/ec2-user/arduino-testlib/cli-datadir/user/libraries/RTCCounter/src/RTCCounter.cpp:68:30: error: &#39;RTC_READREQ_RCONT&#39; was not declared in this scope
   RTC-&gt;MODE0.READREQ.reg &amp;= ~RTC_READREQ_RCONT; // disable continuously mode
                              ^
/home/ec2-user/arduino-testlib/cli-datadir/user/libraries/RTCCounter/src/RTCCounter.cpp:73:18: error: &#39;RTC_IRQn&#39; was not declared in this scope
   NVIC_EnableIRQ(RTC_IRQn); // enable RTC interrupt 
                  ^
/home/ec2-user/arduino-testlib/cli-datadir/user/libraries/RTCCounter/src/RTCCounter.cpp:73:26: error: &#39;NVIC_EnableIRQ&#39; was not declared in this scope
   NVIC_EnableIRQ(RTC_IRQn); // enable RTC interrupt 
                          ^
/home/ec2-user/arduino-testlib/cli-datadir/user/libraries/RTCCounter/src/RTCCounter.cpp:74:34: error: &#39;NVIC_SetPriority&#39; was not declared in this scope
   NVIC_SetPriority(RTC_IRQn, 0x03);
                                  ^
/home/ec2-user/arduino-testlib/cli-datadir/user/libraries/RTCCounter/src/RTCCounter.cpp: In member function &#39;void RTCCounter::setAlarmY2kEpoch(uint32_t)&#39;:
/home/ec2-user/arduino-testlib/cli-datadir/user/libraries/RTCCounter/src/RTCCounter.cpp:131:5: error: &#39;RTC&#39; was not declared in this scope
     RTC-&gt;MODE0.COMP[0].reg = y2kEpoch;
     ^
/home/ec2-user/arduino-testlib/cli-datadir/user/libraries/RTCCounter/src/RTCCounter.cpp: In member function &#39;uint32_t RTCCounter::getAlarmY2kEpoch()&#39;:
/home/ec2-user/arduino-testlib/cli-datadir/user/libraries/RTCCounter/src/RTCCounter.cpp:165:13: error: &#39;RTC&#39; was not declared in this scope
     alarm = RTC-&gt;MODE0.COMP[0].reg;
             ^
/home/ec2-user/arduino-testlib/cli-datadir/user/libraries/RTCCounter/src/RTCCounter.cpp: In member function &#39;void RTCCounter::disableAlarm()&#39;:
/home/ec2-user/arduino-testlib/cli-datadir/user/libraries/RTCCounter/src/RTCCounter.cpp:183:5: error: &#39;RTC&#39; was not declared in this scope
     RTC-&gt;MODE0.INTENCLR.bit.CMP0 = 1;
     ^
/home/ec2-user/arduino-testlib/cli-datadir/user/libraries/RTCCounter/src/RTCCounter.cpp: In member function &#39;uint32_t RTCCounter::getY2kEpoch()&#39;:
/home/ec2-user/arduino-testlib/cli-datadir/user/libraries/RTCCounter/src/RTCCounter.cpp:212:20: error: &#39;RTC&#39; was not declared in this scope
     y2kEpochTime = RTC-&gt;MODE0.COUNT.reg;
                    ^
/home/ec2-user/arduino-testlib/cli-datadir/user/libraries/RTCCounter/src/RTCCounter.cpp: In member function &#39;void RTCCounter::setY2kEpoch(uint32_t)&#39;:
/home/ec2-user/arduino-testlib/cli-datadir/user/libraries/RTCCounter/src/RTCCounter.cpp:237:5: error: &#39;RTC&#39; was not declared in this scope
     RTC-&gt;MODE0.COUNT.reg = y2kEpoch;
     ^
/home/ec2-user/arduino-testlib/cli-datadir/user/libraries/RTCCounter/src/RTCCounter.cpp: In member function &#39;void RTCCounter::configureClock()&#39;:
/home/ec2-user/arduino-testlib/cli-datadir/user/libraries/RTCCounter/src/RTCCounter.cpp:247:3: error: &#39;GCLK&#39; was not declared in this scope
   GCLK-&gt;GENDIV.reg = GCLK_GENDIV_ID(2)|GCLK_GENDIV_DIV(4);
   ^
/home/ec2-user/arduino-testlib/cli-datadir/user/libraries/RTCCounter/src/RTCCounter.cpp:247:38: error: &#39;GCLK_GENDIV_ID&#39; was not declared in this scope
   GCLK-&gt;GENDIV.reg = GCLK_GENDIV_ID(2)|GCLK_GENDIV_DIV(4);
                                      ^
/home/ec2-user/arduino-testlib/cli-datadir/user/libraries/RTCCounter/src/RTCCounter.cpp:247:57: error: &#39;GCLK_GENDIV_DIV&#39; was not declared in this scope
   GCLK-&gt;GENDIV.reg = GCLK_GENDIV_ID(2)|GCLK_GENDIV_DIV(4);
                                                         ^
/home/ec2-user/arduino-testlib/cli-datadir/user/libraries/RTCCounter/src/RTCCounter.cpp:248:29: error: &#39;GCLK_STATUS_SYNCBUSY&#39; was not declared in this scope
   while (GCLK-&gt;STATUS.reg &amp; GCLK_STATUS_SYNCBUSY);
                             ^
/home/ec2-user/arduino-testlib/cli-datadir/user/libraries/RTCCounter/src/RTCCounter.cpp:250:24: error: &#39;GCLK_GENCTRL_GENEN&#39; was not declared in this scope
   GCLK-&gt;GENCTRL.reg = (GCLK_GENCTRL_GENEN | GCLK_GENCTRL_SRC_XOSC32K | GCLK_GENCTRL_ID(2) | GCLK_GENCTRL_DIVSEL );
                        ^
/home/ec2-user/arduino-testlib/cli-datadir/user/libraries/RTCCounter/src/RTCCounter.cpp:250:45: error: &#39;GCLK_GENCTRL_SRC_XOSC32K&#39; was not declared in this scope
   GCLK-&gt;GENCTRL.reg = (GCLK_GENCTRL_GENEN | GCLK_GENCTRL_SRC_XOSC32K | GCLK_GENCTRL_ID(2) | GCLK_GENCTRL_DIVSEL );
                                             ^
/home/ec2-user/arduino-testlib/cli-datadir/user/libraries/RTCCounter/src/RTCCounter.cpp:250:89: error: &#39;GCLK_GENCTRL_ID&#39; was not declared in this scope
   GCLK-&gt;GENCTRL.reg = (GCLK_GENCTRL_GENEN | GCLK_GENCTRL_SRC_XOSC32K | GCLK_GENCTRL_ID(2) | GCLK_GENCTRL_DIVSEL );
                                                                                         ^
/home/ec2-user/arduino-testlib/cli-datadir/user/libraries/RTCCounter/src/RTCCounter.cpp:250:93: error: &#39;GCLK_GENCTRL_DIVSEL&#39; was not declared in this scope
   GCLK-&gt;GENCTRL.reg = (GCLK_GENCTRL_GENEN | GCLK_GENCTRL_SRC_XOSC32K | GCLK_GENCTRL_ID(2) | GCLK_GENCTRL_DIVSEL );
                                                                                             ^
/home/ec2-user/arduino-testlib/cli-datadir/user/libraries/RTCCounter/src/RTCCounter.cpp:251:29: error: &#39;GCLK_STATUS_SYNCBUSY&#39; was not declared in this scope
   while (GCLK-&gt;STATUS.reg &amp; GCLK_STATUS_SYNCBUSY);
                             ^
/home/ec2-user/arduino-testlib/cli-datadir/user/libraries/RTCCounter/src/RTCCounter.cpp:253:35: error: &#39;GCLK_CLKCTRL_CLKEN&#39; was not declared in this scope
   GCLK-&gt;CLKCTRL.reg = (uint32_t)((GCLK_CLKCTRL_CLKEN | GCLK_CLKCTRL_GEN_GCLK2 | (RTC_GCLK_ID &lt;&lt; GCLK_CLKCTRL_ID_Pos)));
                                   ^
/home/ec2-user/arduino-testlib/cli-datadir/user/libraries/RTCCounter/src/RTCCounter.cpp:253:56: error: &#39;GCLK_CLKCTRL_GEN_GCLK2&#39; was not declared in this scope
   GCLK-&gt;CLKCTRL.reg = (uint32_t)((GCLK_CLKCTRL_CLKEN | GCLK_CLKCTRL_GEN_GCLK2 | (RTC_GCLK_ID &lt;&lt; GCLK_CLKCTRL_ID_Pos)));
                                                        ^
/home/ec2-user/arduino-testlib/cli-datadir/user/libraries/RTCCounter/src/RTCCounter.cpp:253:82: error: &#39;RTC_GCLK_ID&#39; was not declared in this scope
   GCLK-&gt;CLKCTRL.reg = (uint32_t)((GCLK_CLKCTRL_CLKEN | GCLK_CLKCTRL_GEN_GCLK2 | (RTC_GCLK_ID &lt;&lt; GCLK_CLKCTRL_ID_Pos)));
                                                                                  ^
/home/ec2-user/arduino-testlib/cli-datadir/user/libraries/RTCCounter/src/RTCCounter.cpp:253:97: error: &#39;GCLK_CLKCTRL_ID_Pos&#39; was not declared in this scope
   GCLK-&gt;CLKCTRL.reg = (uint32_t)((GCLK_CLKCTRL_CLKEN | GCLK_CLKCTRL_GEN_GCLK2 | (RTC_GCLK_ID &lt;&lt; GCLK_CLKCTRL_ID_Pos)));
                                                                                                 ^
/home/ec2-user/arduino-testlib/cli-datadir/user/libraries/RTCCounter/src/RTCCounter.cpp: In member function &#39;void RTCCounter::config32kOSC()&#39;:
/home/ec2-user/arduino-t</pre>
					
					<h4>examples/SleepRTCBlink</h4>
					<p>
						Result: <b>FAIL</b>
					</p>
					<pre class="pre-scrollable">WARNING: library RTCCounter claims to run on samd architecture(s) and may be incompatible with your current board which runs on esp32 architecture(s).
/home/ec2-user/arduino-testlib/cli-datadir/user/libraries/RTCCounter/examples/SleepRTCBlink/SleepRTCBlink.ino: In function &#39;void setup()&#39;:
/home/ec2-user/arduino-testlib/cli-datadir/user/libraries/RTCCounter/examples/SleepRTCBlink/SleepRTCBlink.ino:33:3: error: &#39;SCB&#39; was not declared in this scope
   SCB-&gt;SCR |= SCB_SCR_SLEEPDEEP_Msk;
   ^
/home/ec2-user/arduino-testlib/cli-datadir/user/libraries/RTCCounter/examples/SleepRTCBlink/SleepRTCBlink.ino:33:15: error: &#39;SCB_SCR_SLEEPDEEP_Msk&#39; was not declared in this scope
   SCB-&gt;SCR |= SCB_SCR_SLEEPDEEP_Msk;
               ^
/home/ec2-user/arduino-testlib/cli-datadir/user/libraries/RTCCounter/examples/SleepRTCBlink/SleepRTCBlink.ino: In function &#39;void systemSleep()&#39;:
/home/ec2-user/arduino-testlib/cli-datadir/user/libraries/RTCCounter/examples/SleepRTCBlink/SleepRTCBlink.ino:60:11: error: &#39;__WFI&#39; was not declared in this scope
     __WFI();
           ^

</pre>
					
				
			</div>
		</div>
	</div>
  </body>
</html>
