
<!doctype html>
<html lang="en">
  <head>
    <meta charset="utf-8">
    <meta name="viewport" content="width=device-width, initial-scale=1">
    <link href="https://cdn.jsdelivr.net/npm/bootstrap@5.0.2/dist/css/bootstrap.min.css" rel="stylesheet" integrity="sha384-EVSTQN3/azprG1Anm3QDgpJLIm9Nao0Yz1ztcQTwFspd3yD65VohhpuuCOmLASjC" crossorigin="anonymous">
    <title>arduino-testlib report</title>
	<style>
	.pass { background-color: #00FF00 !important; }
	.fail { background-color: #FF0000 !important; }
	</style>
  </head>
  <body>
	<div class="container">
		<div class="row">
			<div class="col">
				<h1>runningAngle - compatibility matrix</h1>
				<p>
					<small>This report was generated on Wednesday, 23-Feb-22 22:48:15 CET using 
					<a href="https://github.com/alranel/arduino-testlib">arduino-testlib</a>.</small>
				</p>

				<h2>runningAngle</h2>
				<p>
					Version: <b>0.1.3</b>
					<br />
					<a href="https://www.arduino.cc/reference/en/libraries/runningangle/">More details</a>
				</p>

				<h2>Compatibility matrix</h2>
				<table class="table table-bordered">
					<tr>
						<th>Board</th>
						<th>Claims compatibility</th>
						<th>Inclusion</th>
						
						<th><pre>runningAngle</pre></th>
						
						<th><pre>time-add</pre></th>
						
					</tr>
					
					<tr>
						<td>
							<a href="#arduino%3aavr%3auno"><b>arduino:avr:uno</b></a>
							<br />
							<small>1.8.4</small>
						</td>

						
							<td>Yes</td>
							<td class="pass">PASS</td>
						
						
						
						

						
							
								
									
										
											<td class="pass">PASS</td>
											
										
									
										
									
								
							
								
							
								
							
								
							
								
							
						
							
								
									
										
									
										
											<td class="pass">PASS</td>
											
										
									
								
							
								
							
								
							
								
							
								
							
						
					</tr>
					
					<tr>
						<td>
							<a href="#arduino%3ambed_nano%3ananorp2040connect"><b>arduino:mbed_nano:nanorp2040connect</b></a>
							<br />
							<small>2.7.2</small>
						</td>

						
							<td>Yes</td>
							<td class="pass">PASS</td>
						
						
						
						

						
							
								
							
								
									
										
											<td class="pass">PASS</td>
											
										
									
										
									
								
							
								
							
								
							
								
							
						
							
								
							
								
									
										
									
										
											
											<td class="fail">FAIL</td>
										
									
								
							
								
							
								
							
								
							
						
					</tr>
					
					<tr>
						<td>
							<a href="#arduino%3amegaavr%3anona4809"><b>arduino:megaavr:nona4809</b></a>
							<br />
							<small>1.8.7</small>
						</td>

						
							<td>Yes</td>
							<td class="pass">PASS</td>
						
						
						
						

						
							
								
							
								
							
								
									
										
											<td class="pass">PASS</td>
											
										
									
										
									
								
							
								
							
								
							
						
							
								
							
								
							
								
									
										
									
										
											
											<td class="fail">FAIL</td>
										
									
								
							
								
							
								
							
						
					</tr>
					
					<tr>
						<td>
							<a href="#arduino%3asamd%3amkrwifi1010"><b>arduino:samd:mkrwifi1010</b></a>
							<br />
							<small>1.8.12</small>
						</td>

						
							<td>Yes</td>
							<td class="pass">PASS</td>
						
						
						
						

						
							
								
							
								
							
								
							
								
									
										
											<td class="pass">PASS</td>
											
										
									
										
									
								
							
								
							
						
							
								
							
								
							
								
							
								
									
										
									
										
											
											<td class="fail">FAIL</td>
										
									
								
							
								
							
						
					</tr>
					
					<tr>
						<td>
							<a href="#esp32%3aesp32%3ad1_mini32"><b>esp32:esp32:d1_mini32</b></a>
							<br />
							<small>1.0.6</small>
						</td>

						
							<td>Yes</td>
							<td class="pass">PASS</td>
						
						
						
						

						
							
								
							
								
							
								
							
								
							
								
									
										
											<td class="pass">PASS</td>
											
										
									
										
									
								
							
						
							
								
							
								
							
								
							
								
							
								
									
										
									
										
											
											<td class="fail">FAIL</td>
										
									
								
							
						
					</tr>
					
				</table>

				<h2>Compilation logs</h2>
				
				<h3 id="arduino:avr:uno">arduino:avr:uno @ 1.8.4</h3>
				<h4>Inclusion</h4>
				<p>
					Result: <b>PASS</b>
					
				</p>
				<pre class="pre-scrollable">Sketch uses 444 bytes (1%) of program storage space. Maximum is 32256 bytes.
Global variables use 9 bytes (0%) of dynamic memory, leaving 2039 bytes for local variables. Maximum is 2048 bytes.
</pre>

					
					<h4>examples/runningAngle</h4>
					<p>
						Result: <b>PASS</b>
					</p>
					<pre class="pre-scrollable">Sketch uses 5678 bytes (17%) of program storage space. Maximum is 32256 bytes.
Global variables use 438 bytes (21%) of dynamic memory, leaving 1610 bytes for local variables. Maximum is 2048 bytes.
</pre>
					
					<h4>examples/time-add</h4>
					<p>
						Result: <b>PASS</b>
					</p>
					<pre class="pre-scrollable">Sketch uses 4426 bytes (13%) of program storage space. Maximum is 32256 bytes.
Global variables use 263 bytes (12%) of dynamic memory, leaving 1785 bytes for local variables. Maximum is 2048 bytes.
</pre>
					
				
				<h3 id="arduino:mbed_nano:nanorp2040connect">arduino:mbed_nano:nanorp2040connect @ 2.7.2</h3>
				<h4>Inclusion</h4>
				<p>
					Result: <b>PASS</b>
					
				</p>
				<pre class="pre-scrollable">Sketch uses 78756 bytes (0%) of program storage space. Maximum is 16777216 bytes.
Global variables use 43444 bytes (16%) of dynamic memory, leaving 226892 bytes for local variables. Maximum is 270336 bytes.
</pre>

					
					<h4>examples/runningAngle</h4>
					<p>
						Result: <b>PASS</b>
					</p>
					<pre class="pre-scrollable">Sketch uses 83940 bytes (0%) of program storage space. Maximum is 16777216 bytes.
Global variables use 43452 bytes (16%) of dynamic memory, leaving 226884 bytes for local variables. Maximum is 270336 bytes.
</pre>
					
					<h4>examples/time-add</h4>
					<p>
						Result: <b>FAIL</b>
					</p>
					<pre class="pre-scrollable">/home/ec2-user/arduino-testlib/cli-datadir/user/libraries/runningAngle/examples/time-add/time-add.ino: In function &#39;void setup()&#39;:
/home/ec2-user/arduino-testlib/cli-datadir/user/libraries/runningAngle/examples/time-add/time-add.ino:63:5: error: &#39;TCCR1A&#39; was not declared in this scope
     TCCR1A = 0;
     ^~~~~~
/home/ec2-user/arduino-testlib/cli-datadir/user/libraries/runningAngle/examples/time-add/time-add.ino:64:5: error: &#39;TCCR1B&#39; was not declared in this scope
     TCCR1B = _BV(CS10);
     ^~~~~~
/home/ec2-user/arduino-testlib/cli-datadir/user/libraries/runningAngle/examples/time-add/time-add.ino:64:18: error: &#39;CS10&#39; was not declared in this scope
     TCCR1B = _BV(CS10);
                  ^~~~
/home/ec2-user/arduino-testlib/cli-datadir/user/libraries/runningAngle/examples/time-add/time-add.ino:64:18: note: suggested alternative: &#39;B110&#39;
     TCCR1B = _BV(CS10);
                  ^~~~
                  B110
/home/ec2-user/arduino-testlib/cli-datadir/user/libraries/runningAngle/examples/time-add/time-add.ino:64:14: error: &#39;_BV&#39; was not declared in this scope
     TCCR1B = _BV(CS10);
              ^~~
/home/ec2-user/arduino-testlib/cli-datadir/user/libraries/runningAngle/examples/time-add/time-add.ino:64:14: note: suggested alternative: &#39;_B&#39;
     TCCR1B = _BV(CS10);
              ^~~
              _B
/home/ec2-user/arduino-testlib/cli-datadir/user/libraries/runningAngle/examples/time-add/time-add.ino:72:31: error: &#39;TCNT1&#39; was not declared in this scope
         uint16_t start_time = TCNT1;
                               ^~~~~
/home/ec2-user/arduino-testlib/cli-datadir/user/libraries/runningAngle/examples/time-add/time-add.ino:72:31: note: suggested alternative: &#39;SCNd16&#39;
         uint16_t start_time = TCNT1;
                               ^~~~~
                               SCNd16
/home/ec2-user/arduino-testlib/cli-datadir/user/libraries/runningAngle/examples/time-add/time-add.ino:102:5: error: &#39;cli&#39; was not declared in this scope
     cli();
     ^~~

</pre>
					
				
				<h3 id="arduino:megaavr:nona4809">arduino:megaavr:nona4809 @ 1.8.7</h3>
				<h4>Inclusion</h4>
				<p>
					Result: <b>PASS</b>
					
				</p>
				<pre class="pre-scrollable">Sketch uses 802 bytes (1%) of program storage space. Maximum is 49152 bytes.
Global variables use 22 bytes (0%) of dynamic memory, leaving 6122 bytes for local variables. Maximum is 6144 bytes.
</pre>

					
					<h4>examples/runningAngle</h4>
					<p>
						Result: <b>PASS</b>
					</p>
					<pre class="pre-scrollable">Sketch uses 6382 bytes (12%) of program storage space. Maximum is 49152 bytes.
Global variables use 185 bytes (3%) of dynamic memory, leaving 5959 bytes for local variables. Maximum is 6144 bytes.
</pre>
					
					<h4>examples/time-add</h4>
					<p>
						Result: <b>FAIL</b>
					</p>
					<pre class="pre-scrollable">/home/ec2-user/arduino-testlib/cli-datadir/user/libraries/runningAngle/examples/time-add/time-add.ino: In function &#39;void setup()&#39;:
/home/ec2-user/arduino-testlib/cli-datadir/user/libraries/runningAngle/examples/time-add/time-add.ino:63:5: error: &#39;TCCR1A&#39; was not declared in this scope
     TCCR1A = 0;
     ^~~~~~
/home/ec2-user/arduino-testlib/cli-datadir/user/libraries/runningAngle/examples/time-add/time-add.ino:63:5: note: suggested alternative: &#39;TCB1&#39;
     TCCR1A = 0;
     ^~~~~~
     TCB1
/home/ec2-user/arduino-testlib/cli-datadir/user/libraries/runningAngle/examples/time-add/time-add.ino:64:5: error: &#39;TCCR1B&#39; was not declared in this scope
     TCCR1B = _BV(CS10);
     ^~~~~~
/home/ec2-user/arduino-testlib/cli-datadir/user/libraries/runningAngle/examples/time-add/time-add.ino:64:5: note: suggested alternative: &#39;TCB1&#39;
     TCCR1B = _BV(CS10);
     ^~~~~~
     TCB1
In file included from /home/ec2-user/arduino-testlib/cli-datadir/data/packages/arduino/tools/avr-gcc/7.3.0-atmel3.6.1-arduino5/avr/include/avr/io.h:99:0,
                 from /home/ec2-user/arduino-testlib/cli-datadir/data/packages/arduino/tools/avr-gcc/7.3.0-atmel3.6.1-arduino5/avr/include/avr/pgmspace.h:90,
                 from /home/ec2-user/arduino-testlib/cli-datadir/data/packages/arduino/hardware/megaavr/1.8.7/cores/arduino/api/String.h:31,
                 from /home/ec2-user/arduino-testlib/cli-datadir/data/packages/arduino/hardware/megaavr/1.8.7/cores/arduino/api/IPAddress.h:24,
                 from /home/ec2-user/arduino-testlib/cli-datadir/data/packages/arduino/hardware/megaavr/1.8.7/cores/arduino/api/ArduinoAPI.h:30,
                 from /home/ec2-user/arduino-testlib/cli-datadir/data/packages/arduino/hardware/megaavr/1.8.7/cores/arduino/Arduino.h:23,
                 from /tmp/arduino-sketch-639C13545551CAEC9C51E5413C3AEA6F/sketch/time-add.ino.cpp:1:
/home/ec2-user/arduino-testlib/cli-datadir/user/libraries/runningAngle/examples/time-add/time-add.ino:64:18: error: &#39;CS10&#39; was not declared in this scope
     TCCR1B = _BV(CS10);
                  ^
/home/ec2-user/arduino-testlib/cli-datadir/user/libraries/runningAngle/examples/time-add/time-add.ino:64:18: note: suggested alternative: &#39;B110&#39;
/home/ec2-user/arduino-testlib/cli-datadir/user/libraries/runningAngle/examples/time-add/time-add.ino:72:31: error: &#39;TCNT1&#39; was not declared in this scope
         uint16_t start_time = TCNT1;
                               ^~~~~
/home/ec2-user/arduino-testlib/cli-datadir/user/libraries/runningAngle/examples/time-add/time-add.ino:72:31: note: suggested alternative: &#39;TCB1&#39;
         uint16_t start_time = TCNT1;
                               ^~~~~
                               TCB1

</pre>
					
				
				<h3 id="arduino:samd:mkrwifi1010">arduino:samd:mkrwifi1010 @ 1.8.12</h3>
				<h4>Inclusion</h4>
				<p>
					Result: <b>PASS</b>
					
				</p>
				<pre class="pre-scrollable">Sketch uses 12156 bytes (4%) of program storage space. Maximum is 262144 bytes.
Global variables use 2996 bytes (9%) of dynamic memory, leaving 29772 bytes for local variables. Maximum is 32768 bytes.
</pre>

					
					<h4>examples/runningAngle</h4>
					<p>
						Result: <b>PASS</b>
					</p>
					<pre class="pre-scrollable">Sketch uses 25668 bytes (9%) of program storage space. Maximum is 262144 bytes.
Global variables use 3004 bytes (9%) of dynamic memory, leaving 29764 bytes for local variables. Maximum is 32768 bytes.
</pre>
					
					<h4>examples/time-add</h4>
					<p>
						Result: <b>FAIL</b>
					</p>
					<pre class="pre-scrollable">/home/ec2-user/arduino-testlib/cli-datadir/user/libraries/runningAngle/examples/time-add/time-add.ino: In function &#39;void setup()&#39;:
/home/ec2-user/arduino-testlib/cli-datadir/user/libraries/runningAngle/examples/time-add/time-add.ino:63:5: error: &#39;TCCR1A&#39; was not declared in this scope
     TCCR1A = 0;
     ^~~~~~
/home/ec2-user/arduino-testlib/cli-datadir/user/libraries/runningAngle/examples/time-add/time-add.ino:63:5: note: suggested alternative: &#39;TCC1&#39;
     TCCR1A = 0;
     ^~~~~~
     TCC1
/home/ec2-user/arduino-testlib/cli-datadir/user/libraries/runningAngle/examples/time-add/time-add.ino:64:5: error: &#39;TCCR1B&#39; was not declared in this scope
     TCCR1B = _BV(CS10);
     ^~~~~~
/home/ec2-user/arduino-testlib/cli-datadir/user/libraries/runningAngle/examples/time-add/time-add.ino:64:5: note: suggested alternative: &#39;TCC1&#39;
     TCCR1B = _BV(CS10);
     ^~~~~~
     TCC1
/home/ec2-user/arduino-testlib/cli-datadir/user/libraries/runningAngle/examples/time-add/time-add.ino:64:18: error: &#39;CS10&#39; was not declared in this scope
     TCCR1B = _BV(CS10);
                  ^~~~
/home/ec2-user/arduino-testlib/cli-datadir/user/libraries/runningAngle/examples/time-add/time-add.ino:64:18: note: suggested alternative: &#39;SS1&#39;
     TCCR1B = _BV(CS10);
                  ^~~~
                  SS1
/home/ec2-user/arduino-testlib/cli-datadir/user/libraries/runningAngle/examples/time-add/time-add.ino:64:14: error: &#39;_BV&#39; was not declared in this scope
     TCCR1B = _BV(CS10);
              ^~~
/home/ec2-user/arduino-testlib/cli-datadir/user/libraries/runningAngle/examples/time-add/time-add.ino:64:14: note: suggested alternative: &#39;_B&#39;
     TCCR1B = _BV(CS10);
              ^~~
              _B
/home/ec2-user/arduino-testlib/cli-datadir/user/libraries/runningAngle/examples/time-add/time-add.ino:72:31: error: &#39;TCNT1&#39; was not declared in this scope
         uint16_t start_time = TCNT1;
                               ^~~~~
/home/ec2-user/arduino-testlib/cli-datadir/user/libraries/runningAngle/examples/time-add/time-add.ino:72:31: note: suggested alternative: &#39;TCC1&#39;
         uint16_t start_time = TCNT1;
                               ^~~~~
                               TCC1
/home/ec2-user/arduino-testlib/cli-datadir/user/libraries/runningAngle/examples/time-add/time-add.ino:102:5: error: &#39;cli&#39; was not declared in this scope
     cli();
     ^~~
/home/ec2-user/arduino-testlib/cli-datadir/user/libraries/runningAngle/examples/time-add/time-add.ino:102:5: note: suggested alternative: &#39;Gclk&#39;
     cli();
     ^~~
     Gclk

</pre>
					
				
				<h3 id="esp32:esp32:d1_mini32">esp32:esp32:d1_mini32 @ 1.0.6</h3>
				<h4>Inclusion</h4>
				<p>
					Result: <b>PASS</b>
					
				</p>
				<pre class="pre-scrollable">Sketch uses 197768 bytes (15%) of program storage space. Maximum is 1310720 bytes.
Global variables use 13092 bytes (3%) of dynamic memory, leaving 314588 bytes for local variables. Maximum is 327680 bytes.
</pre>

					
					<h4>examples/runningAngle</h4>
					<p>
						Result: <b>PASS</b>
					</p>
					<pre class="pre-scrollable">Sketch uses 206574 bytes (15%) of program storage space. Maximum is 1310720 bytes.
Global variables use 13432 bytes (4%) of dynamic memory, leaving 314248 bytes for local variables. Maximum is 327680 bytes.
</pre>
					
					<h4>examples/time-add</h4>
					<p>
						Result: <b>FAIL</b>
					</p>
					<pre class="pre-scrollable">/home/ec2-user/arduino-testlib/cli-datadir/user/libraries/runningAngle/examples/time-add/time-add.ino: In function &#39;void setup()&#39;:
/home/ec2-user/arduino-testlib/cli-datadir/user/libraries/runningAngle/examples/time-add/time-add.ino:63:5: error: &#39;TCCR1A&#39; was not declared in this scope
     TCCR1A = 0;
     ^
/home/ec2-user/arduino-testlib/cli-datadir/user/libraries/runningAngle/examples/time-add/time-add.ino:64:5: error: &#39;TCCR1B&#39; was not declared in this scope
     TCCR1B = _BV(CS10);
     ^
In file included from /tmp/arduino-sketch-639C13545551CAEC9C51E5413C3AEA6F/sketch/time-add.ino.cpp:1:0:
/home/ec2-user/arduino-testlib/cli-datadir/user/libraries/runningAngle/examples/time-add/time-add.ino:64:18: error: &#39;CS10&#39; was not declared in this scope
     TCCR1B = _BV(CS10);
                  ^
/home/ec2-user/arduino-testlib/cli-datadir/data/packages/esp32/hardware/esp32/1.0.6/cores/esp32/Arduino.h:99:25: note: in definition of macro &#39;_BV&#39;
 #define _BV(b) (1UL &lt;&lt; (b))
                         ^
/home/ec2-user/arduino-testlib/cli-datadir/user/libraries/runningAngle/examples/time-add/time-add.ino:72:31: error: &#39;TCNT1&#39; was not declared in this scope
         uint16_t start_time = TCNT1;
                               ^

</pre>
					
				
			</div>
		</div>
	</div>
  </body>
</html>
