
<!doctype html>
<html lang="en">
  <head>
    <meta charset="utf-8">
    <meta name="viewport" content="width=device-width, initial-scale=1">
    <link href="https://cdn.jsdelivr.net/npm/bootstrap@5.0.2/dist/css/bootstrap.min.css" rel="stylesheet" integrity="sha384-EVSTQN3/azprG1Anm3QDgpJLIm9Nao0Yz1ztcQTwFspd3yD65VohhpuuCOmLASjC" crossorigin="anonymous">
    <title>arduino-testlib report</title>
	<style>
	.pass { background-color: #00FF00 !important; }
	.fail { background-color: #FF0000 !important; }
	</style>
  </head>
  <body>
	<div class="container">
		<div class="row">
			<div class="col">
				<h1>RX8010SJ - compatibility matrix</h1>
				<p>
					<small>This report was generated on Wednesday, 23-Feb-22 22:48:15 CET using 
					<a href="https://github.com/alranel/arduino-testlib">arduino-testlib</a>.</small>
				</p>

				<h2>RX8010SJ</h2>
				<p>
					Version: <b>1.0.1</b>
					<br />
					<a href="https://www.arduino.cc/reference/en/libraries/rx8010sj/">More details</a>
				</p>

				<h2>Compatibility matrix</h2>
				<table class="table table-bordered">
					<tr>
						<th>Board</th>
						<th>Claims compatibility</th>
						<th>Inclusion</th>
						
						<th><pre>FixedCycleTimer</pre></th>
						
						<th><pre>FrequencyOutput</pre></th>
						
						<th><pre>InitAndRead</pre></th>
						
						<th><pre>TimeUpdateInterrupt</pre></th>
						
						<th><pre>Alarm</pre></th>
						
					</tr>
					
					<tr>
						<td>
							<a href="#arduino%3aavr%3auno"><b>arduino:avr:uno</b></a>
							<br />
							<small>1.8.4</small>
						</td>

						
						
						
							<td>Yes ⚠️</td>
							<td class="fail">FAIL</td>
						
						

						
							
								
									
										
									
										
											
											<td class="fail">FAIL</td>
										
									
										
									
										
									
										
									
								
							
								
							
								
							
								
							
								
							
						
							
								
									
										
									
										
									
										
											
											<td class="fail">FAIL</td>
										
									
										
									
										
									
								
							
								
							
								
							
								
							
								
							
						
							
								
									
										
									
										
									
										
									
										
											
											<td class="fail">FAIL</td>
										
									
										
									
								
							
								
							
								
							
								
							
								
							
						
							
								
									
										
									
										
									
										
									
										
									
										
											
											<td class="fail">FAIL</td>
										
									
								
							
								
							
								
							
								
							
								
							
						
							
								
									
										
											
											<td class="fail">FAIL</td>
										
									
										
									
										
									
										
									
										
									
								
							
								
							
								
							
								
							
								
							
						
					</tr>
					
					<tr>
						<td>
							<a href="#arduino%3ambed_nano%3ananorp2040connect"><b>arduino:mbed_nano:nanorp2040connect</b></a>
							<br />
							<small>2.7.2</small>
						</td>

						
						
						
							<td>Yes ⚠️</td>
							<td class="fail">FAIL</td>
						
						

						
							
								
							
								
									
										
									
										
											
											<td class="fail">FAIL</td>
										
									
										
									
										
									
										
									
								
							
								
							
								
							
								
							
						
							
								
							
								
									
										
									
										
									
										
											
											<td class="fail">FAIL</td>
										
									
										
									
										
									
								
							
								
							
								
							
								
							
						
							
								
							
								
									
										
									
										
									
										
									
										
											
											<td class="fail">FAIL</td>
										
									
										
									
								
							
								
							
								
							
								
							
						
							
								
							
								
									
										
									
										
									
										
									
										
									
										
											
											<td class="fail">FAIL</td>
										
									
								
							
								
							
								
							
								
							
						
							
								
							
								
									
										
											
											<td class="fail">FAIL</td>
										
									
										
									
										
									
										
									
										
									
								
							
								
							
								
							
								
							
						
					</tr>
					
					<tr>
						<td>
							<a href="#arduino%3amegaavr%3anona4809"><b>arduino:megaavr:nona4809</b></a>
							<br />
							<small>1.8.7</small>
						</td>

						
						
						
							<td>Yes ⚠️</td>
							<td class="fail">FAIL</td>
						
						

						
							
								
							
								
							
								
									
										
									
										
											
											<td class="fail">FAIL</td>
										
									
										
									
										
									
										
									
								
							
								
							
								
							
						
							
								
							
								
							
								
									
										
									
										
									
										
											
											<td class="fail">FAIL</td>
										
									
										
									
										
									
								
							
								
							
								
							
						
							
								
							
								
							
								
									
										
									
										
									
										
									
										
											
											<td class="fail">FAIL</td>
										
									
										
									
								
							
								
							
								
							
						
							
								
							
								
							
								
									
										
									
										
									
										
									
										
									
										
											
											<td class="fail">FAIL</td>
										
									
								
							
								
							
								
							
						
							
								
							
								
							
								
									
										
											
											<td class="fail">FAIL</td>
										
									
										
									
										
									
										
									
										
									
								
							
								
							
								
							
						
					</tr>
					
					<tr>
						<td>
							<a href="#arduino%3asamd%3amkrwifi1010"><b>arduino:samd:mkrwifi1010</b></a>
							<br />
							<small>1.8.12</small>
						</td>

						
						
						
							<td>Yes ⚠️</td>
							<td class="fail">FAIL</td>
						
						

						
							
								
							
								
							
								
							
								
									
										
									
										
											
											<td class="fail">FAIL</td>
										
									
										
									
										
									
										
									
								
							
								
							
						
							
								
							
								
							
								
							
								
									
										
									
										
									
										
											
											<td class="fail">FAIL</td>
										
									
										
									
										
									
								
							
								
							
						
							
								
							
								
							
								
							
								
									
										
									
										
									
										
									
										
											
											<td class="fail">FAIL</td>
										
									
										
									
								
							
								
							
						
							
								
							
								
							
								
							
								
									
										
									
										
									
										
									
										
									
										
											
											<td class="fail">FAIL</td>
										
									
								
							
								
							
						
							
								
							
								
							
								
							
								
									
										
											
											<td class="fail">FAIL</td>
										
									
										
									
										
									
										
									
										
									
								
							
								
							
						
					</tr>
					
					<tr>
						<td>
							<a href="#esp32%3aesp32%3ad1_mini32"><b>esp32:esp32:d1_mini32</b></a>
							<br />
							<small>1.0.6</small>
						</td>

						
						
						
							<td>Yes ⚠️</td>
							<td class="fail">FAIL</td>
						
						

						
							
								
							
								
							
								
							
								
							
								
									
										
									
										
											
											<td class="fail">FAIL</td>
										
									
										
									
										
									
										
									
								
							
						
							
								
							
								
							
								
							
								
							
								
									
										
									
										
									
										
											
											<td class="fail">FAIL</td>
										
									
										
									
										
									
								
							
						
							
								
							
								
							
								
							
								
							
								
									
										
									
										
									
										
									
										
											
											<td class="fail">FAIL</td>
										
									
										
									
								
							
						
							
								
							
								
							
								
							
								
							
								
									
										
									
										
									
										
									
										
									
										
											
											<td class="fail">FAIL</td>
										
									
								
							
						
							
								
							
								
							
								
							
								
							
								
									
										
											
											<td class="fail">FAIL</td>
										
									
										
									
										
									
										
									
										
									
								
							
						
					</tr>
					
				</table>

				<h2>Compilation logs</h2>
				
				<h3 id="arduino:avr:uno">arduino:avr:uno @ 1.8.4</h3>
				<h4>Inclusion</h4>
				<p>
					Result: <b>FAIL</b>
					
				</p>
				<pre class="pre-scrollable">In file included from /home/ec2-user/arduino-testlib/cli-datadir/user/libraries/RX8010SJ/src/RX8010SJ.h:5:0,
                 from /home/ec2-user/arduino-testlib/cli-datadir/user/libraries/RX8010SJ/src/RX8010SJ.cpp:1:
/home/ec2-user/arduino-testlib/cli-datadir/data/packages/arduino/hardware/avr/1.8.4/libraries/Wire/src/Wire.h: In member function &#39;byte RX8010SJ::Adapter::readFromModule(byte)&#39;:
/home/ec2-user/arduino-testlib/cli-datadir/data/packages/arduino/hardware/avr/1.8.4/libraries/Wire/src/Wire.h:68:13: note: candidate 1: uint8_t TwoWire::requestFrom(int, int)
     uint8_t requestFrom(int, int);
             ^~~~~~~~~~~
/home/ec2-user/arduino-testlib/cli-datadir/data/packages/arduino/hardware/avr/1.8.4/libraries/Wire/src/Wire.h:65:13: note: candidate 2: uint8_t TwoWire::requestFrom(uint8_t, uint8_t)
     uint8_t requestFrom(uint8_t, uint8_t);
             ^~~~~~~~~~~
/tmp/arduino-sketch-DC4DA188FFFAC969E1BD82E3EFA5127B/libraries/RX8010SJ/main.cpp.o (symbol from plugin): In function `setup&#39;:
(.text&#43;0x0): multiple definition of `setup&#39;
/tmp/arduino-sketch-DC4DA188FFFAC969E1BD82E3EFA5127B/sketch/test.ino.cpp.o (symbol from plugin):(.text&#43;0x0): first defined here
/tmp/arduino-sketch-DC4DA188FFFAC969E1BD82E3EFA5127B/libraries/RX8010SJ/main.cpp.o (symbol from plugin): In function `setup&#39;:
(.text&#43;0x0): multiple definition of `loop&#39;
/tmp/arduino-sketch-DC4DA188FFFAC969E1BD82E3EFA5127B/sketch/test.ino.cpp.o (symbol from plugin):(.text&#43;0x0): first defined here
collect2: error: ld returned 1 exit status

</pre>

					
					<h4>examples/Alarm</h4>
					<p>
						Result: <b>FAIL</b>
					</p>
					<pre class="pre-scrollable">In file included from /home/ec2-user/arduino-testlib/cli-datadir/user/libraries/RX8010SJ/src/RX8010SJ.h:5:0,
                 from /home/ec2-user/arduino-testlib/cli-datadir/user/libraries/RX8010SJ/src/RX8010SJ.cpp:1:
/home/ec2-user/arduino-testlib/cli-datadir/data/packages/arduino/hardware/avr/1.8.4/libraries/Wire/src/Wire.h: In member function &#39;byte RX8010SJ::Adapter::readFromModule(byte)&#39;:
/home/ec2-user/arduino-testlib/cli-datadir/data/packages/arduino/hardware/avr/1.8.4/libraries/Wire/src/Wire.h:68:13: note: candidate 1: uint8_t TwoWire::requestFrom(int, int)
     uint8_t requestFrom(int, int);
             ^~~~~~~~~~~
/home/ec2-user/arduino-testlib/cli-datadir/data/packages/arduino/hardware/avr/1.8.4/libraries/Wire/src/Wire.h:65:13: note: candidate 2: uint8_t TwoWire::requestFrom(uint8_t, uint8_t)
     uint8_t requestFrom(uint8_t, uint8_t);
             ^~~~~~~~~~~
/tmp/arduino-sketch-BD60496F863301846DD1A5658EB37209/libraries/RX8010SJ/main.cpp.o (symbol from plugin): In function `setup&#39;:
(.text&#43;0x0): multiple definition of `setup&#39;
/tmp/arduino-sketch-BD60496F863301846DD1A5658EB37209/sketch/Alarm.ino.cpp.o (symbol from plugin):(.text&#43;0x0): first defined here
/tmp/arduino-sketch-BD60496F863301846DD1A5658EB37209/libraries/RX8010SJ/main.cpp.o (symbol from plugin): In function `setup&#39;:
(.text&#43;0x0): multiple definition of `defaultDateTime&#39;
/tmp/arduino-sketch-BD60496F863301846DD1A5658EB37209/sketch/Alarm.ino.cpp.o (symbol from plugin):(.text&#43;0x0): first defined here
/tmp/arduino-sketch-BD60496F863301846DD1A5658EB37209/libraries/RX8010SJ/main.cpp.o (symbol from plugin): In function `setup&#39;:
(.text&#43;0x0): multiple definition of `adapter&#39;
/tmp/arduino-sketch-BD60496F863301846DD1A5658EB37209/sketch/Alarm.ino.cpp.o (symbol from plugin):(.text&#43;0x0): first defined here
/tmp/arduino-sketch-BD60496F863301846DD1A5658EB37209/libraries/RX8010SJ/main.cpp.o (symbol from plugin): In function `setup&#39;:
(.text&#43;0x0): multiple definition of `loop&#39;
/tmp/arduino-sketch-BD60496F863301846DD1A5658EB37209/sketch/Alarm.ino.cpp.o (symbol from plugin):(.text&#43;0x0): first defined here
collect2: error: ld returned 1 exit status

</pre>
					
					<h4>examples/FixedCycleTimer</h4>
					<p>
						Result: <b>FAIL</b>
					</p>
					<pre class="pre-scrollable">In file included from /home/ec2-user/arduino-testlib/cli-datadir/user/libraries/RX8010SJ/src/RX8010SJ.h:5:0,
                 from /home/ec2-user/arduino-testlib/cli-datadir/user/libraries/RX8010SJ/src/RX8010SJ.cpp:1:
/home/ec2-user/arduino-testlib/cli-datadir/data/packages/arduino/hardware/avr/1.8.4/libraries/Wire/src/Wire.h: In member function &#39;byte RX8010SJ::Adapter::readFromModule(byte)&#39;:
/home/ec2-user/arduino-testlib/cli-datadir/data/packages/arduino/hardware/avr/1.8.4/libraries/Wire/src/Wire.h:68:13: note: candidate 1: uint8_t TwoWire::requestFrom(int, int)
     uint8_t requestFrom(int, int);
             ^~~~~~~~~~~
/home/ec2-user/arduino-testlib/cli-datadir/data/packages/arduino/hardware/avr/1.8.4/libraries/Wire/src/Wire.h:65:13: note: candidate 2: uint8_t TwoWire::requestFrom(uint8_t, uint8_t)
     uint8_t requestFrom(uint8_t, uint8_t);
             ^~~~~~~~~~~
/tmp/arduino-sketch-17F4714C02AFE75A465A3197A10ACC4C/libraries/RX8010SJ/main.cpp.o (symbol from plugin): In function `setup&#39;:
(.text&#43;0x0): multiple definition of `setup&#39;
/tmp/arduino-sketch-17F4714C02AFE75A465A3197A10ACC4C/sketch/FixedCycleTimer.ino.cpp.o (symbol from plugin):(.text&#43;0x0): first defined here
/tmp/arduino-sketch-17F4714C02AFE75A465A3197A10ACC4C/libraries/RX8010SJ/main.cpp.o (symbol from plugin): In function `setup&#39;:
(.text&#43;0x0): multiple definition of `defaultDateTime&#39;
/tmp/arduino-sketch-17F4714C02AFE75A465A3197A10ACC4C/sketch/FixedCycleTimer.ino.cpp.o (symbol from plugin):(.text&#43;0x0): first defined here
/tmp/arduino-sketch-17F4714C02AFE75A465A3197A10ACC4C/libraries/RX8010SJ/main.cpp.o (symbol from plugin): In function `setup&#39;:
(.text&#43;0x0): multiple definition of `adapter&#39;
/tmp/arduino-sketch-17F4714C02AFE75A465A3197A10ACC4C/sketch/FixedCycleTimer.ino.cpp.o (symbol from plugin):(.text&#43;0x0): first defined here
/tmp/arduino-sketch-17F4714C02AFE75A465A3197A10ACC4C/libraries/RX8010SJ/main.cpp.o (symbol from plugin): In function `setup&#39;:
(.text&#43;0x0): multiple definition of `loop&#39;
/tmp/arduino-sketch-17F4714C02AFE75A465A3197A10ACC4C/sketch/FixedCycleTimer.ino.cpp.o (symbol from plugin):(.text&#43;0x0): first defined here
collect2: error: ld returned 1 exit status

</pre>
					
					<h4>examples/FrequencyOutput</h4>
					<p>
						Result: <b>FAIL</b>
					</p>
					<pre class="pre-scrollable">In file included from /home/ec2-user/arduino-testlib/cli-datadir/user/libraries/RX8010SJ/src/RX8010SJ.h:5:0,
                 from /home/ec2-user/arduino-testlib/cli-datadir/user/libraries/RX8010SJ/src/RX8010SJ.cpp:1:
/home/ec2-user/arduino-testlib/cli-datadir/data/packages/arduino/hardware/avr/1.8.4/libraries/Wire/src/Wire.h: In member function &#39;byte RX8010SJ::Adapter::readFromModule(byte)&#39;:
/home/ec2-user/arduino-testlib/cli-datadir/data/packages/arduino/hardware/avr/1.8.4/libraries/Wire/src/Wire.h:68:13: note: candidate 1: uint8_t TwoWire::requestFrom(int, int)
     uint8_t requestFrom(int, int);
             ^~~~~~~~~~~
/home/ec2-user/arduino-testlib/cli-datadir/data/packages/arduino/hardware/avr/1.8.4/libraries/Wire/src/Wire.h:65:13: note: candidate 2: uint8_t TwoWire::requestFrom(uint8_t, uint8_t)
     uint8_t requestFrom(uint8_t, uint8_t);
             ^~~~~~~~~~~
/tmp/arduino-sketch-17B144C9E82A9A7A81C7341F7FEE822B/libraries/RX8010SJ/main.cpp.o (symbol from plugin): In function `setup&#39;:
(.text&#43;0x0): multiple definition of `setup&#39;
/tmp/arduino-sketch-17B144C9E82A9A7A81C7341F7FEE822B/sketch/FrequencyOutput.ino.cpp.o (symbol from plugin):(.text&#43;0x0): first defined here
/tmp/arduino-sketch-17B144C9E82A9A7A81C7341F7FEE822B/libraries/RX8010SJ/main.cpp.o (symbol from plugin): In function `setup&#39;:
(.text&#43;0x0): multiple definition of `defaultDateTime&#39;
/tmp/arduino-sketch-17B144C9E82A9A7A81C7341F7FEE822B/sketch/FrequencyOutput.ino.cpp.o (symbol from plugin):(.text&#43;0x0): first defined here
/tmp/arduino-sketch-17B144C9E82A9A7A81C7341F7FEE822B/libraries/RX8010SJ/main.cpp.o (symbol from plugin): In function `setup&#39;:
(.text&#43;0x0): multiple definition of `adapter&#39;
/tmp/arduino-sketch-17B144C9E82A9A7A81C7341F7FEE822B/sketch/FrequencyOutput.ino.cpp.o (symbol from plugin):(.text&#43;0x0): first defined here
/tmp/arduino-sketch-17B144C9E82A9A7A81C7341F7FEE822B/libraries/RX8010SJ/main.cpp.o (symbol from plugin): In function `setup&#39;:
(.text&#43;0x0): multiple definition of `loop&#39;
/tmp/arduino-sketch-17B144C9E82A9A7A81C7341F7FEE822B/sketch/FrequencyOutput.ino.cpp.o (symbol from plugin):(.text&#43;0x0): first defined here
collect2: error: ld returned 1 exit status

</pre>
					
					<h4>examples/InitAndRead</h4>
					<p>
						Result: <b>FAIL</b>
					</p>
					<pre class="pre-scrollable">In file included from /home/ec2-user/arduino-testlib/cli-datadir/user/libraries/RX8010SJ/src/RX8010SJ.h:5:0,
                 from /home/ec2-user/arduino-testlib/cli-datadir/user/libraries/RX8010SJ/src/RX8010SJ.cpp:1:
/home/ec2-user/arduino-testlib/cli-datadir/data/packages/arduino/hardware/avr/1.8.4/libraries/Wire/src/Wire.h: In member function &#39;byte RX8010SJ::Adapter::readFromModule(byte)&#39;:
/home/ec2-user/arduino-testlib/cli-datadir/data/packages/arduino/hardware/avr/1.8.4/libraries/Wire/src/Wire.h:68:13: note: candidate 1: uint8_t TwoWire::requestFrom(int, int)
     uint8_t requestFrom(int, int);
             ^~~~~~~~~~~
/home/ec2-user/arduino-testlib/cli-datadir/data/packages/arduino/hardware/avr/1.8.4/libraries/Wire/src/Wire.h:65:13: note: candidate 2: uint8_t TwoWire::requestFrom(uint8_t, uint8_t)
     uint8_t requestFrom(uint8_t, uint8_t);
             ^~~~~~~~~~~
/tmp/arduino-sketch-0A3BAE5A95B32D633B331F484DAEF840/libraries/RX8010SJ/main.cpp.o (symbol from plugin): In function `setup&#39;:
(.text&#43;0x0): multiple definition of `setup&#39;
/tmp/arduino-sketch-0A3BAE5A95B32D633B331F484DAEF840/sketch/InitAndRead.ino.cpp.o (symbol from plugin):(.text&#43;0x0): first defined here
/tmp/arduino-sketch-0A3BAE5A95B32D633B331F484DAEF840/libraries/RX8010SJ/main.cpp.o (symbol from plugin): In function `setup&#39;:
(.text&#43;0x0): multiple definition of `defaultDateTime&#39;
/tmp/arduino-sketch-0A3BAE5A95B32D633B331F484DAEF840/sketch/InitAndRead.ino.cpp.o (symbol from plugin):(.text&#43;0x0): first defined here
/tmp/arduino-sketch-0A3BAE5A95B32D633B331F484DAEF840/libraries/RX8010SJ/main.cpp.o (symbol from plugin): In function `setup&#39;:
(.text&#43;0x0): multiple definition of `adapter&#39;
/tmp/arduino-sketch-0A3BAE5A95B32D633B331F484DAEF840/sketch/InitAndRead.ino.cpp.o (symbol from plugin):(.text&#43;0x0): first defined here
/tmp/arduino-sketch-0A3BAE5A95B32D633B331F484DAEF840/libraries/RX8010SJ/main.cpp.o (symbol from plugin): In function `setup&#39;:
(.text&#43;0x0): multiple definition of `loop&#39;
/tmp/arduino-sketch-0A3BAE5A95B32D633B331F484DAEF840/sketch/InitAndRead.ino.cpp.o (symbol from plugin):(.text&#43;0x0): first defined here
collect2: error: ld returned 1 exit status

</pre>
					
					<h4>examples/TimeUpdateInterrupt</h4>
					<p>
						Result: <b>FAIL</b>
					</p>
					<pre class="pre-scrollable">In file included from /home/ec2-user/arduino-testlib/cli-datadir/user/libraries/RX8010SJ/src/RX8010SJ.h:5:0,
                 from /home/ec2-user/arduino-testlib/cli-datadir/user/libraries/RX8010SJ/src/RX8010SJ.cpp:1:
/home/ec2-user/arduino-testlib/cli-datadir/data/packages/arduino/hardware/avr/1.8.4/libraries/Wire/src/Wire.h: In member function &#39;byte RX8010SJ::Adapter::readFromModule(byte)&#39;:
/home/ec2-user/arduino-testlib/cli-datadir/data/packages/arduino/hardware/avr/1.8.4/libraries/Wire/src/Wire.h:68:13: note: candidate 1: uint8_t TwoWire::requestFrom(int, int)
     uint8_t requestFrom(int, int);
             ^~~~~~~~~~~
/home/ec2-user/arduino-testlib/cli-datadir/data/packages/arduino/hardware/avr/1.8.4/libraries/Wire/src/Wire.h:65:13: note: candidate 2: uint8_t TwoWire::requestFrom(uint8_t, uint8_t)
     uint8_t requestFrom(uint8_t, uint8_t);
             ^~~~~~~~~~~
/tmp/arduino-sketch-A8E853AC89A91D08A82CB593A8CCF6CE/libraries/RX8010SJ/main.cpp.o (symbol from plugin): In function `setup&#39;:
(.text&#43;0x0): multiple definition of `setup&#39;
/tmp/arduino-sketch-A8E853AC89A91D08A82CB593A8CCF6CE/sketch/TimeUpdateInterrupt.ino.cpp.o (symbol from plugin):(.text&#43;0x0): first defined here
/tmp/arduino-sketch-A8E853AC89A91D08A82CB593A8CCF6CE/libraries/RX8010SJ/main.cpp.o (symbol from plugin): In function `setup&#39;:
(.text&#43;0x0): multiple definition of `defaultDateTime&#39;
/tmp/arduino-sketch-A8E853AC89A91D08A82CB593A8CCF6CE/sketch/TimeUpdateInterrupt.ino.cpp.o (symbol from plugin):(.text&#43;0x0): first defined here
/tmp/arduino-sketch-A8E853AC89A91D08A82CB593A8CCF6CE/libraries/RX8010SJ/main.cpp.o (symbol from plugin): In function `setup&#39;:
(.text&#43;0x0): multiple definition of `adapter&#39;
/tmp/arduino-sketch-A8E853AC89A91D08A82CB593A8CCF6CE/sketch/TimeUpdateInterrupt.ino.cpp.o (symbol from plugin):(.text&#43;0x0): first defined here
/tmp/arduino-sketch-A8E853AC89A91D08A82CB593A8CCF6CE/libraries/RX8010SJ/main.cpp.o (symbol from plugin): In function `setup&#39;:
(.text&#43;0x0): multiple definition of `loop&#39;
/tmp/arduino-sketch-A8E853AC89A91D08A82CB593A8CCF6CE/sketch/TimeUpdateInterrupt.ino.cpp.o (symbol from plugin):(.text&#43;0x0): first defined here
collect2: error: ld returned 1 exit status

</pre>
					
				
				<h3 id="arduino:mbed_nano:nanorp2040connect">arduino:mbed_nano:nanorp2040connect @ 2.7.2</h3>
				<h4>Inclusion</h4>
				<p>
					Result: <b>FAIL</b>
					
				</p>
				<pre class="pre-scrollable">/tmp/arduino-sketch-F3F2D17F0CC77FDEA861E6F6B965F0A9/libraries/RX8010SJ/main.cpp.o: In function `loop&#39;:
/home/ec2-user/arduino-testlib/cli-datadir/user/libraries/RX8010SJ/src/main.cpp:31: multiple definition of `loop&#39;
/tmp/arduino-sketch-F3F2D17F0CC77FDEA861E6F6B965F0A9/sketch/test.ino.cpp.o:test.ino.cpp:(.text.loop&#43;0x0): first defined here
/tmp/arduino-sketch-F3F2D17F0CC77FDEA861E6F6B965F0A9/libraries/RX8010SJ/main.cpp.o: In function `setup&#39;:
/home/ec2-user/arduino-testlib/cli-datadir/user/libraries/RX8010SJ/src/main.cpp:9: multiple definition of `setup&#39;
/tmp/arduino-sketch-F3F2D17F0CC77FDEA861E6F6B965F0A9/sketch/test.ino.cpp.o:/tmp/arduino-testlib4206384274/test/test.ino:2: first defined here
collect2: error: ld returned 1 exit status

</pre>

					
					<h4>examples/Alarm</h4>
					<p>
						Result: <b>FAIL</b>
					</p>
					<pre class="pre-scrollable">/tmp/arduino-sketch-BD60496F863301846DD1A5658EB37209/libraries/RX8010SJ/main.cpp.o: In function `loop&#39;:
/home/ec2-user/arduino-testlib/cli-datadir/user/libraries/RX8010SJ/src/main.cpp:31: multiple definition of `loop&#39;
/tmp/arduino-sketch-BD60496F863301846DD1A5658EB37209/sketch/Alarm.ino.cpp.o:/home/ec2-user/arduino-testlib/cli-datadir/user/libraries/RX8010SJ/examples/Alarm/Alarm.ino:63: first defined here
/tmp/arduino-sketch-BD60496F863301846DD1A5658EB37209/libraries/RX8010SJ/main.cpp.o: In function `setup&#39;:
/home/ec2-user/arduino-testlib/cli-datadir/user/libraries/RX8010SJ/src/main.cpp:9: multiple definition of `setup&#39;
/tmp/arduino-sketch-BD60496F863301846DD1A5658EB37209/sketch/Alarm.ino.cpp.o:/home/ec2-user/arduino-testlib/cli-datadir/user/libraries/RX8010SJ/examples/Alarm/Alarm.ino:34: first defined here
/tmp/arduino-sketch-BD60496F863301846DD1A5658EB37209/libraries/RX8010SJ/main.cpp.o:/home/ec2-user/arduino-testlib/cli-datadir/user/libraries/RX8010SJ/src/main.cpp:6: multiple definition of `defaultDateTime&#39;
/tmp/arduino-sketch-BD60496F863301846DD1A5658EB37209/sketch/Alarm.ino.cpp.o:/home/ec2-user/arduino-testlib/cli-datadir/user/libraries/RX8010SJ/examples/Alarm/Alarm.ino:10: first defined here
/tmp/arduino-sketch-BD60496F863301846DD1A5658EB37209/libraries/RX8010SJ/main.cpp.o:/home/ec2-user/arduino-testlib/cli-datadir/user/libraries/RX8010SJ/src/main.cpp:5: multiple definition of `adapter&#39;
/tmp/arduino-sketch-BD60496F863301846DD1A5658EB37209/sketch/Alarm.ino.cpp.o:/home/ec2-user/arduino-testlib/cli-datadir/user/libraries/RX8010SJ/examples/Alarm/Alarm.ino:9: first defined here
collect2: error: ld returned 1 exit status

</pre>
					
					<h4>examples/FixedCycleTimer</h4>
					<p>
						Result: <b>FAIL</b>
					</p>
					<pre class="pre-scrollable">/tmp/arduino-sketch-17F4714C02AFE75A465A3197A10ACC4C/libraries/RX8010SJ/main.cpp.o: In function `loop&#39;:
/home/ec2-user/arduino-testlib/cli-datadir/user/libraries/RX8010SJ/src/main.cpp:31: multiple definition of `loop&#39;
/tmp/arduino-sketch-17F4714C02AFE75A465A3197A10ACC4C/sketch/FixedCycleTimer.ino.cpp.o:/home/ec2-user/arduino-testlib/cli-datadir/user/libraries/RX8010SJ/examples/FixedCycleTimer/FixedCycleTimer.ino:59: first defined here
/tmp/arduino-sketch-17F4714C02AFE75A465A3197A10ACC4C/libraries/RX8010SJ/main.cpp.o: In function `setup&#39;:
/home/ec2-user/arduino-testlib/cli-datadir/user/libraries/RX8010SJ/src/main.cpp:9: multiple definition of `setup&#39;
/tmp/arduino-sketch-17F4714C02AFE75A465A3197A10ACC4C/sketch/FixedCycleTimer.ino.cpp.o:/home/ec2-user/arduino-testlib/cli-datadir/user/libraries/RX8010SJ/examples/FixedCycleTimer/FixedCycleTimer.ino:34: first defined here
/tmp/arduino-sketch-17F4714C02AFE75A465A3197A10ACC4C/libraries/RX8010SJ/main.cpp.o:/home/ec2-user/arduino-testlib/cli-datadir/user/libraries/RX8010SJ/src/main.cpp:6: multiple definition of `defaultDateTime&#39;
/tmp/arduino-sketch-17F4714C02AFE75A465A3197A10ACC4C/sketch/FixedCycleTimer.ino.cpp.o:/home/ec2-user/arduino-testlib/cli-datadir/user/libraries/RX8010SJ/examples/FixedCycleTimer/FixedCycleTimer.ino:10: first defined here
/tmp/arduino-sketch-17F4714C02AFE75A465A3197A10ACC4C/libraries/RX8010SJ/main.cpp.o:/home/ec2-user/arduino-testlib/cli-datadir/user/libraries/RX8010SJ/src/main.cpp:5: multiple definition of `adapter&#39;
/tmp/arduino-sketch-17F4714C02AFE75A465A3197A10ACC4C/sketch/FixedCycleTimer.ino.cpp.o:/home/ec2-user/arduino-testlib/cli-datadir/user/libraries/RX8010SJ/examples/FixedCycleTimer/FixedCycleTimer.ino:9: first defined here
collect2: error: ld returned 1 exit status

</pre>
					
					<h4>examples/FrequencyOutput</h4>
					<p>
						Result: <b>FAIL</b>
					</p>
					<pre class="pre-scrollable">/tmp/arduino-sketch-17B144C9E82A9A7A81C7341F7FEE822B/libraries/RX8010SJ/main.cpp.o: In function `loop&#39;:
/home/ec2-user/arduino-testlib/cli-datadir/user/libraries/RX8010SJ/src/main.cpp:31: multiple definition of `loop&#39;
/tmp/arduino-sketch-17B144C9E82A9A7A81C7341F7FEE822B/sketch/FrequencyOutput.ino.cpp.o:/home/ec2-user/arduino-testlib/cli-datadir/user/libraries/RX8010SJ/examples/FrequencyOutput/FrequencyOutput.ino:30: first defined here
/tmp/arduino-sketch-17B144C9E82A9A7A81C7341F7FEE822B/libraries/RX8010SJ/main.cpp.o: In function `setup&#39;:
/home/ec2-user/arduino-testlib/cli-datadir/user/libraries/RX8010SJ/src/main.cpp:9: multiple definition of `setup&#39;
/tmp/arduino-sketch-17B144C9E82A9A7A81C7341F7FEE822B/sketch/FrequencyOutput.ino.cpp.o:/home/ec2-user/arduino-testlib/cli-datadir/user/libraries/RX8010SJ/examples/FrequencyOutput/FrequencyOutput.ino:9: first defined here
/tmp/arduino-sketch-17B144C9E82A9A7A81C7341F7FEE822B/libraries/RX8010SJ/main.cpp.o:/home/ec2-user/arduino-testlib/cli-datadir/user/libraries/RX8010SJ/src/main.cpp:6: multiple definition of `defaultDateTime&#39;
/tmp/arduino-sketch-17B144C9E82A9A7A81C7341F7FEE822B/sketch/FrequencyOutput.ino.cpp.o:/home/ec2-user/arduino-testlib/cli-datadir/user/libraries/RX8010SJ/examples/FrequencyOutput/FrequencyOutput.ino:6: first defined here
/tmp/arduino-sketch-17B144C9E82A9A7A81C7341F7FEE822B/libraries/RX8010SJ/main.cpp.o:/home/ec2-user/arduino-testlib/cli-datadir/user/libraries/RX8010SJ/src/main.cpp:5: multiple definition of `adapter&#39;
/tmp/arduino-sketch-17B144C9E82A9A7A81C7341F7FEE822B/sketch/FrequencyOutput.ino.cpp.o:/home/ec2-user/arduino-testlib/cli-datadir/user/libraries/RX8010SJ/examples/FrequencyOutput/FrequencyOutput.ino:5: first defined here
collect2: error: ld returned 1 exit status

</pre>
					
					<h4>examples/InitAndRead</h4>
					<p>
						Result: <b>FAIL</b>
					</p>
					<pre class="pre-scrollable">/tmp/arduino-sketch-0A3BAE5A95B32D633B331F484DAEF840/libraries/RX8010SJ/main.cpp.o: In function `loop&#39;:
/home/ec2-user/arduino-testlib/cli-datadir/user/libraries/RX8010SJ/src/main.cpp:31: multiple definition of `loop&#39;
/tmp/arduino-sketch-0A3BAE5A95B32D633B331F484DAEF840/sketch/InitAndRead.ino.cpp.o:/home/ec2-user/arduino-testlib/cli-datadir/user/libraries/RX8010SJ/examples/InitAndRead/InitAndRead.ino:32: first defined here
/tmp/arduino-sketch-0A3BAE5A95B32D633B331F484DAEF840/libraries/RX8010SJ/main.cpp.o: In function `setup&#39;:
/home/ec2-user/arduino-testlib/cli-datadir/user/libraries/RX8010SJ/src/main.cpp:9: multiple definition of `setup&#39;
/tmp/arduino-sketch-0A3BAE5A95B32D633B331F484DAEF840/sketch/InitAndRead.ino.cpp.o:/home/ec2-user/arduino-testlib/cli-datadir/user/libraries/RX8010SJ/examples/InitAndRead/InitAndRead.ino:13: first defined here
/tmp/arduino-sketch-0A3BAE5A95B32D633B331F484DAEF840/libraries/RX8010SJ/main.cpp.o:/home/ec2-user/arduino-testlib/cli-datadir/user/libraries/RX8010SJ/src/main.cpp:6: multiple definition of `defaultDateTime&#39;
/tmp/arduino-sketch-0A3BAE5A95B32D633B331F484DAEF840/sketch/InitAndRead.ino.cpp.o:/home/ec2-user/arduino-testlib/cli-datadir/user/libraries/RX8010SJ/examples/InitAndRead/InitAndRead.ino:10: first defined here
/tmp/arduino-sketch-0A3BAE5A95B32D633B331F484DAEF840/libraries/RX8010SJ/main.cpp.o:/home/ec2-user/arduino-testlib/cli-datadir/user/libraries/RX8010SJ/src/main.cpp:5: multiple definition of `adapter&#39;
/tmp/arduino-sketch-0A3BAE5A95B32D633B331F484DAEF840/sketch/InitAndRead.ino.cpp.o:/home/ec2-user/arduino-testlib/cli-datadir/user/libraries/RX8010SJ/examples/InitAndRead/InitAndRead.ino:9: first defined here
collect2: error: ld returned 1 exit status

</pre>
					
					<h4>examples/TimeUpdateInterrupt</h4>
					<p>
						Result: <b>FAIL</b>
					</p>
					<pre class="pre-scrollable">/tmp/arduino-sketch-A8E853AC89A91D08A82CB593A8CCF6CE/libraries/RX8010SJ/main.cpp.o: In function `loop&#39;:
/home/ec2-user/arduino-testlib/cli-datadir/user/libraries/RX8010SJ/src/main.cpp:31: multiple definition of `loop&#39;
/tmp/arduino-sketch-A8E853AC89A91D08A82CB593A8CCF6CE/sketch/TimeUpdateInterrupt.ino.cpp.o:/home/ec2-user/arduino-testlib/cli-datadir/user/libraries/RX8010SJ/examples/TimeUpdateInterrupt/TimeUpdateInterrupt.ino:56: first defined here
/tmp/arduino-sketch-A8E853AC89A91D08A82CB593A8CCF6CE/libraries/RX8010SJ/main.cpp.o: In function `setup&#39;:
/home/ec2-user/arduino-testlib/cli-datadir/user/libraries/RX8010SJ/src/main.cpp:9: multiple definition of `setup&#39;
/tmp/arduino-sketch-A8E853AC89A91D08A82CB593A8CCF6CE/sketch/TimeUpdateInterrupt.ino.cpp.o:/home/ec2-user/arduino-testlib/cli-datadir/user/libraries/RX8010SJ/examples/TimeUpdateInterrupt/TimeUpdateInterrupt.ino:34: first defined here
/tmp/arduino-sketch-A8E853AC89A91D08A82CB593A8CCF6CE/libraries/RX8010SJ/main.cpp.o:/home/ec2-user/arduino-testlib/cli-datadir/user/libraries/RX8010SJ/src/main.cpp:6: multiple definition of `defaultDateTime&#39;
/tmp/arduino-sketch-A8E853AC89A91D08A82CB593A8CCF6CE/sketch/TimeUpdateInterrupt.ino.cpp.o:/home/ec2-user/arduino-testlib/cli-datadir/user/libraries/RX8010SJ/examples/TimeUpdateInterrupt/TimeUpdateInterrupt.ino:10: first defined here
/tmp/arduino-sketch-A8E853AC89A91D08A82CB593A8CCF6CE/libraries/RX8010SJ/main.cpp.o:/home/ec2-user/arduino-testlib/cli-datadir/user/libraries/RX8010SJ/src/main.cpp:5: multiple definition of `adapter&#39;
/tmp/arduino-sketch-A8E853AC89A91D08A82CB593A8CCF6CE/sketch/TimeUpdateInterrupt.ino.cpp.o:/home/ec2-user/arduino-testlib/cli-datadir/user/libraries/RX8010SJ/examples/TimeUpdateInterrupt/TimeUpdateInterrupt.ino:9: first defined here
collect2: error: ld returned 1 exit status

</pre>
					
				
				<h3 id="arduino:megaavr:nona4809">arduino:megaavr:nona4809 @ 1.8.7</h3>
				<h4>Inclusion</h4>
				<p>
					Result: <b>FAIL</b>
					
				</p>
				<pre class="pre-scrollable">In file included from /home/ec2-user/arduino-testlib/cli-datadir/user/libraries/RX8010SJ/src/RX8010SJ.h:5:0,
                 from /home/ec2-user/arduino-testlib/cli-datadir/user/libraries/RX8010SJ/src/RX8010SJ.cpp:1:
/home/ec2-user/arduino-testlib/cli-datadir/data/packages/arduino/hardware/megaavr/1.8.7/libraries/Wire/src/Wire.h: In member function &#39;byte RX8010SJ::Adapter::readFromModule(byte)&#39;:
/home/ec2-user/arduino-testlib/cli-datadir/data/packages/arduino/hardware/megaavr/1.8.7/libraries/Wire/src/Wire.h:63:12: note: candidate 1: size_t TwoWire::requestFrom(int, int)
     size_t requestFrom(int, int);
            ^~~~~~~~~~~
/home/ec2-user/arduino-testlib/cli-datadir/data/packages/arduino/hardware/megaavr/1.8.7/libraries/Wire/src/Wire.h:61:12: note: candidate 2: virtual size_t TwoWire::requestFrom(uint8_t, size_t)
     size_t requestFrom(uint8_t, size_t);
            ^~~~~~~~~~~
/tmp/arduino-sketch-F3F2D17F0CC77FDEA861E6F6B965F0A9/libraries/RX8010SJ/main.cpp.o (symbol from plugin): In function `setup&#39;:
(.text&#43;0x0): multiple definition of `setup&#39;
/tmp/arduino-sketch-F3F2D17F0CC77FDEA861E6F6B965F0A9/sketch/test.ino.cpp.o (symbol from plugin):(.text&#43;0x0): first defined here
/tmp/arduino-sketch-F3F2D17F0CC77FDEA861E6F6B965F0A9/libraries/RX8010SJ/main.cpp.o (symbol from plugin): In function `setup&#39;:
(.text&#43;0x0): multiple definition of `loop&#39;
/tmp/arduino-sketch-F3F2D17F0CC77FDEA861E6F6B965F0A9/sketch/test.ino.cpp.o (symbol from plugin):(.text&#43;0x0): first defined here
collect2: error: ld returned 1 exit status

</pre>

					
					<h4>examples/Alarm</h4>
					<p>
						Result: <b>FAIL</b>
					</p>
					<pre class="pre-scrollable">In file included from /home/ec2-user/arduino-testlib/cli-datadir/user/libraries/RX8010SJ/src/RX8010SJ.h:5:0,
                 from /home/ec2-user/arduino-testlib/cli-datadir/user/libraries/RX8010SJ/src/RX8010SJ.cpp:1:
/home/ec2-user/arduino-testlib/cli-datadir/data/packages/arduino/hardware/megaavr/1.8.7/libraries/Wire/src/Wire.h: In member function &#39;byte RX8010SJ::Adapter::readFromModule(byte)&#39;:
/home/ec2-user/arduino-testlib/cli-datadir/data/packages/arduino/hardware/megaavr/1.8.7/libraries/Wire/src/Wire.h:63:12: note: candidate 1: size_t TwoWire::requestFrom(int, int)
     size_t requestFrom(int, int);
            ^~~~~~~~~~~
/home/ec2-user/arduino-testlib/cli-datadir/data/packages/arduino/hardware/megaavr/1.8.7/libraries/Wire/src/Wire.h:61:12: note: candidate 2: virtual size_t TwoWire::requestFrom(uint8_t, size_t)
     size_t requestFrom(uint8_t, size_t);
            ^~~~~~~~~~~
/tmp/arduino-sketch-BD60496F863301846DD1A5658EB37209/libraries/RX8010SJ/main.cpp.o (symbol from plugin): In function `setup&#39;:
(.text&#43;0x0): multiple definition of `setup&#39;
/tmp/arduino-sketch-BD60496F863301846DD1A5658EB37209/sketch/Alarm.ino.cpp.o (symbol from plugin):(.text&#43;0x0): first defined here
/tmp/arduino-sketch-BD60496F863301846DD1A5658EB37209/libraries/RX8010SJ/main.cpp.o (symbol from plugin): In function `setup&#39;:
(.text&#43;0x0): multiple definition of `defaultDateTime&#39;
/tmp/arduino-sketch-BD60496F863301846DD1A5658EB37209/sketch/Alarm.ino.cpp.o (symbol from plugin):(.text&#43;0x0): first defined here
/tmp/arduino-sketch-BD60496F863301846DD1A5658EB37209/libraries/RX8010SJ/main.cpp.o (symbol from plugin): In function `setup&#39;:
(.text&#43;0x0): multiple definition of `adapter&#39;
/tmp/arduino-sketch-BD60496F863301846DD1A5658EB37209/sketch/Alarm.ino.cpp.o (symbol from plugin):(.text&#43;0x0): first defined here
/tmp/arduino-sketch-BD60496F863301846DD1A5658EB37209/libraries/RX8010SJ/main.cpp.o (symbol from plugin): In function `setup&#39;:
(.text&#43;0x0): multiple definition of `loop&#39;
/tmp/arduino-sketch-BD60496F863301846DD1A5658EB37209/sketch/Alarm.ino.cpp.o (symbol from plugin):(.text&#43;0x0): first defined here
collect2: error: ld returned 1 exit status

</pre>
					
					<h4>examples/FixedCycleTimer</h4>
					<p>
						Result: <b>FAIL</b>
					</p>
					<pre class="pre-scrollable">In file included from /home/ec2-user/arduino-testlib/cli-datadir/user/libraries/RX8010SJ/src/RX8010SJ.h:5:0,
                 from /home/ec2-user/arduino-testlib/cli-datadir/user/libraries/RX8010SJ/src/RX8010SJ.cpp:1:
/home/ec2-user/arduino-testlib/cli-datadir/data/packages/arduino/hardware/megaavr/1.8.7/libraries/Wire/src/Wire.h: In member function &#39;byte RX8010SJ::Adapter::readFromModule(byte)&#39;:
/home/ec2-user/arduino-testlib/cli-datadir/data/packages/arduino/hardware/megaavr/1.8.7/libraries/Wire/src/Wire.h:63:12: note: candidate 1: size_t TwoWire::requestFrom(int, int)
     size_t requestFrom(int, int);
            ^~~~~~~~~~~
/home/ec2-user/arduino-testlib/cli-datadir/data/packages/arduino/hardware/megaavr/1.8.7/libraries/Wire/src/Wire.h:61:12: note: candidate 2: virtual size_t TwoWire::requestFrom(uint8_t, size_t)
     size_t requestFrom(uint8_t, size_t);
            ^~~~~~~~~~~
/tmp/arduino-sketch-17F4714C02AFE75A465A3197A10ACC4C/libraries/RX8010SJ/main.cpp.o (symbol from plugin): In function `setup&#39;:
(.text&#43;0x0): multiple definition of `setup&#39;
/tmp/arduino-sketch-17F4714C02AFE75A465A3197A10ACC4C/sketch/FixedCycleTimer.ino.cpp.o (symbol from plugin):(.text&#43;0x0): first defined here
/tmp/arduino-sketch-17F4714C02AFE75A465A3197A10ACC4C/libraries/RX8010SJ/main.cpp.o (symbol from plugin): In function `setup&#39;:
(.text&#43;0x0): multiple definition of `defaultDateTime&#39;
/tmp/arduino-sketch-17F4714C02AFE75A465A3197A10ACC4C/sketch/FixedCycleTimer.ino.cpp.o (symbol from plugin):(.text&#43;0x0): first defined here
/tmp/arduino-sketch-17F4714C02AFE75A465A3197A10ACC4C/libraries/RX8010SJ/main.cpp.o (symbol from plugin): In function `setup&#39;:
(.text&#43;0x0): multiple definition of `adapter&#39;
/tmp/arduino-sketch-17F4714C02AFE75A465A3197A10ACC4C/sketch/FixedCycleTimer.ino.cpp.o (symbol from plugin):(.text&#43;0x0): first defined here
/tmp/arduino-sketch-17F4714C02AFE75A465A3197A10ACC4C/libraries/RX8010SJ/main.cpp.o (symbol from plugin): In function `setup&#39;:
(.text&#43;0x0): multiple definition of `loop&#39;
/tmp/arduino-sketch-17F4714C02AFE75A465A3197A10ACC4C/sketch/FixedCycleTimer.ino.cpp.o (symbol from plugin):(.text&#43;0x0): first defined here
collect2: error: ld returned 1 exit status

</pre>
					
					<h4>examples/FrequencyOutput</h4>
					<p>
						Result: <b>FAIL</b>
					</p>
					<pre class="pre-scrollable">In file included from /home/ec2-user/arduino-testlib/cli-datadir/user/libraries/RX8010SJ/src/RX8010SJ.h:5:0,
                 from /home/ec2-user/arduino-testlib/cli-datadir/user/libraries/RX8010SJ/src/RX8010SJ.cpp:1:
/home/ec2-user/arduino-testlib/cli-datadir/data/packages/arduino/hardware/megaavr/1.8.7/libraries/Wire/src/Wire.h: In member function &#39;byte RX8010SJ::Adapter::readFromModule(byte)&#39;:
/home/ec2-user/arduino-testlib/cli-datadir/data/packages/arduino/hardware/megaavr/1.8.7/libraries/Wire/src/Wire.h:63:12: note: candidate 1: size_t TwoWire::requestFrom(int, int)
     size_t requestFrom(int, int);
            ^~~~~~~~~~~
/home/ec2-user/arduino-testlib/cli-datadir/data/packages/arduino/hardware/megaavr/1.8.7/libraries/Wire/src/Wire.h:61:12: note: candidate 2: virtual size_t TwoWire::requestFrom(uint8_t, size_t)
     size_t requestFrom(uint8_t, size_t);
            ^~~~~~~~~~~
/tmp/arduino-sketch-17B144C9E82A9A7A81C7341F7FEE822B/libraries/RX8010SJ/main.cpp.o (symbol from plugin): In function `setup&#39;:
(.text&#43;0x0): multiple definition of `setup&#39;
/tmp/arduino-sketch-17B144C9E82A9A7A81C7341F7FEE822B/sketch/FrequencyOutput.ino.cpp.o (symbol from plugin):(.text&#43;0x0): first defined here
/tmp/arduino-sketch-17B144C9E82A9A7A81C7341F7FEE822B/libraries/RX8010SJ/main.cpp.o (symbol from plugin): In function `setup&#39;:
(.text&#43;0x0): multiple definition of `defaultDateTime&#39;
/tmp/arduino-sketch-17B144C9E82A9A7A81C7341F7FEE822B/sketch/FrequencyOutput.ino.cpp.o (symbol from plugin):(.text&#43;0x0): first defined here
/tmp/arduino-sketch-17B144C9E82A9A7A81C7341F7FEE822B/libraries/RX8010SJ/main.cpp.o (symbol from plugin): In function `setup&#39;:
(.text&#43;0x0): multiple definition of `adapter&#39;
/tmp/arduino-sketch-17B144C9E82A9A7A81C7341F7FEE822B/sketch/FrequencyOutput.ino.cpp.o (symbol from plugin):(.text&#43;0x0): first defined here
/tmp/arduino-sketch-17B144C9E82A9A7A81C7341F7FEE822B/libraries/RX8010SJ/main.cpp.o (symbol from plugin): In function `setup&#39;:
(.text&#43;0x0): multiple definition of `loop&#39;
/tmp/arduino-sketch-17B144C9E82A9A7A81C7341F7FEE822B/sketch/FrequencyOutput.ino.cpp.o (symbol from plugin):(.text&#43;0x0): first defined here
collect2: error: ld returned 1 exit status

</pre>
					
					<h4>examples/InitAndRead</h4>
					<p>
						Result: <b>FAIL</b>
					</p>
					<pre class="pre-scrollable">In file included from /home/ec2-user/arduino-testlib/cli-datadir/user/libraries/RX8010SJ/src/RX8010SJ.h:5:0,
                 from /home/ec2-user/arduino-testlib/cli-datadir/user/libraries/RX8010SJ/src/RX8010SJ.cpp:1:
/home/ec2-user/arduino-testlib/cli-datadir/data/packages/arduino/hardware/megaavr/1.8.7/libraries/Wire/src/Wire.h: In member function &#39;byte RX8010SJ::Adapter::readFromModule(byte)&#39;:
/home/ec2-user/arduino-testlib/cli-datadir/data/packages/arduino/hardware/megaavr/1.8.7/libraries/Wire/src/Wire.h:63:12: note: candidate 1: size_t TwoWire::requestFrom(int, int)
     size_t requestFrom(int, int);
            ^~~~~~~~~~~
/home/ec2-user/arduino-testlib/cli-datadir/data/packages/arduino/hardware/megaavr/1.8.7/libraries/Wire/src/Wire.h:61:12: note: candidate 2: virtual size_t TwoWire::requestFrom(uint8_t, size_t)
     size_t requestFrom(uint8_t, size_t);
            ^~~~~~~~~~~
/tmp/arduino-sketch-0A3BAE5A95B32D633B331F484DAEF840/libraries/RX8010SJ/main.cpp.o (symbol from plugin): In function `setup&#39;:
(.text&#43;0x0): multiple definition of `setup&#39;
/tmp/arduino-sketch-0A3BAE5A95B32D633B331F484DAEF840/sketch/InitAndRead.ino.cpp.o (symbol from plugin):(.text&#43;0x0): first defined here
/tmp/arduino-sketch-0A3BAE5A95B32D633B331F484DAEF840/libraries/RX8010SJ/main.cpp.o (symbol from plugin): In function `setup&#39;:
(.text&#43;0x0): multiple definition of `defaultDateTime&#39;
/tmp/arduino-sketch-0A3BAE5A95B32D633B331F484DAEF840/sketch/InitAndRead.ino.cpp.o (symbol from plugin):(.text&#43;0x0): first defined here
/tmp/arduino-sketch-0A3BAE5A95B32D633B331F484DAEF840/libraries/RX8010SJ/main.cpp.o (symbol from plugin): In function `setup&#39;:
(.text&#43;0x0): multiple definition of `adapter&#39;
/tmp/arduino-sketch-0A3BAE5A95B32D633B331F484DAEF840/sketch/InitAndRead.ino.cpp.o (symbol from plugin):(.text&#43;0x0): first defined here
/tmp/arduino-sketch-0A3BAE5A95B32D633B331F484DAEF840/libraries/RX8010SJ/main.cpp.o (symbol from plugin): In function `setup&#39;:
(.text&#43;0x0): multiple definition of `loop&#39;
/tmp/arduino-sketch-0A3BAE5A95B32D633B331F484DAEF840/sketch/InitAndRead.ino.cpp.o (symbol from plugin):(.text&#43;0x0): first defined here
collect2: error: ld returned 1 exit status

</pre>
					
					<h4>examples/TimeUpdateInterrupt</h4>
					<p>
						Result: <b>FAIL</b>
					</p>
					<pre class="pre-scrollable">In file included from /home/ec2-user/arduino-testlib/cli-datadir/user/libraries/RX8010SJ/src/RX8010SJ.h:5:0,
                 from /home/ec2-user/arduino-testlib/cli-datadir/user/libraries/RX8010SJ/src/RX8010SJ.cpp:1:
/home/ec2-user/arduino-testlib/cli-datadir/data/packages/arduino/hardware/megaavr/1.8.7/libraries/Wire/src/Wire.h: In member function &#39;byte RX8010SJ::Adapter::readFromModule(byte)&#39;:
/home/ec2-user/arduino-testlib/cli-datadir/data/packages/arduino/hardware/megaavr/1.8.7/libraries/Wire/src/Wire.h:63:12: note: candidate 1: size_t TwoWire::requestFrom(int, int)
     size_t requestFrom(int, int);
            ^~~~~~~~~~~
/home/ec2-user/arduino-testlib/cli-datadir/data/packages/arduino/hardware/megaavr/1.8.7/libraries/Wire/src/Wire.h:61:12: note: candidate 2: virtual size_t TwoWire::requestFrom(uint8_t, size_t)
     size_t requestFrom(uint8_t, size_t);
            ^~~~~~~~~~~
/tmp/arduino-sketch-A8E853AC89A91D08A82CB593A8CCF6CE/libraries/RX8010SJ/main.cpp.o (symbol from plugin): In function `setup&#39;:
(.text&#43;0x0): multiple definition of `setup&#39;
/tmp/arduino-sketch-A8E853AC89A91D08A82CB593A8CCF6CE/sketch/TimeUpdateInterrupt.ino.cpp.o (symbol from plugin):(.text&#43;0x0): first defined here
/tmp/arduino-sketch-A8E853AC89A91D08A82CB593A8CCF6CE/libraries/RX8010SJ/main.cpp.o (symbol from plugin): In function `setup&#39;:
(.text&#43;0x0): multiple definition of `defaultDateTime&#39;
/tmp/arduino-sketch-A8E853AC89A91D08A82CB593A8CCF6CE/sketch/TimeUpdateInterrupt.ino.cpp.o (symbol from plugin):(.text&#43;0x0): first defined here
/tmp/arduino-sketch-A8E853AC89A91D08A82CB593A8CCF6CE/libraries/RX8010SJ/main.cpp.o (symbol from plugin): In function `setup&#39;:
(.text&#43;0x0): multiple definition of `adapter&#39;
/tmp/arduino-sketch-A8E853AC89A91D08A82CB593A8CCF6CE/sketch/TimeUpdateInterrupt.ino.cpp.o (symbol from plugin):(.text&#43;0x0): first defined here
/tmp/arduino-sketch-A8E853AC89A91D08A82CB593A8CCF6CE/libraries/RX8010SJ/main.cpp.o (symbol from plugin): In function `setup&#39;:
(.text&#43;0x0): multiple definition of `loop&#39;
/tmp/arduino-sketch-A8E853AC89A91D08A82CB593A8CCF6CE/sketch/TimeUpdateInterrupt.ino.cpp.o (symbol from plugin):(.text&#43;0x0): first defined here
collect2: error: ld returned 1 exit status

</pre>
					
				
				<h3 id="arduino:samd:mkrwifi1010">arduino:samd:mkrwifi1010 @ 1.8.12</h3>
				<h4>Inclusion</h4>
				<p>
					Result: <b>FAIL</b>
					
				</p>
				<pre class="pre-scrollable">/tmp/arduino-sketch-DC4DA188FFFAC969E1BD82E3EFA5127B/libraries/RX8010SJ/main.cpp.o: In function `setup&#39;:
/home/ec2-user/arduino-testlib/cli-datadir/user/libraries/RX8010SJ/src/main.cpp:9: multiple definition of `setup&#39;
/tmp/arduino-sketch-DC4DA188FFFAC969E1BD82E3EFA5127B/sketch/test.ino.cpp.o:/tmp/arduino-testlib2811184184/test/test.ino:2: first defined here
/tmp/arduino-sketch-DC4DA188FFFAC969E1BD82E3EFA5127B/libraries/RX8010SJ/main.cpp.o: In function `loop&#39;:
/home/ec2-user/arduino-testlib/cli-datadir/user/libraries/RX8010SJ/src/main.cpp:31: multiple definition of `loop&#39;
/tmp/arduino-sketch-DC4DA188FFFAC969E1BD82E3EFA5127B/sketch/test.ino.cpp.o:test.ino.cpp:(.text.loop&#43;0x0): first defined here
collect2: error: ld returned 1 exit status

</pre>

					
					<h4>examples/Alarm</h4>
					<p>
						Result: <b>FAIL</b>
					</p>
					<pre class="pre-scrollable">/tmp/arduino-sketch-BD60496F863301846DD1A5658EB37209/libraries/RX8010SJ/main.cpp.o: In function `setup&#39;:
/home/ec2-user/arduino-testlib/cli-datadir/user/libraries/RX8010SJ/src/main.cpp:9: multiple definition of `setup&#39;
/tmp/arduino-sketch-BD60496F863301846DD1A5658EB37209/sketch/Alarm.ino.cpp.o:/home/ec2-user/arduino-testlib/cli-datadir/user/libraries/RX8010SJ/examples/Alarm/Alarm.ino:34: first defined here
/tmp/arduino-sketch-BD60496F863301846DD1A5658EB37209/libraries/RX8010SJ/main.cpp.o: In function `loop&#39;:
/home/ec2-user/arduino-testlib/cli-datadir/user/libraries/RX8010SJ/src/main.cpp:31: multiple definition of `loop&#39;
/tmp/arduino-sketch-BD60496F863301846DD1A5658EB37209/sketch/Alarm.ino.cpp.o:/home/ec2-user/arduino-testlib/cli-datadir/user/libraries/RX8010SJ/examples/Alarm/Alarm.ino:63: first defined here
/tmp/arduino-sketch-BD60496F863301846DD1A5658EB37209/libraries/RX8010SJ/main.cpp.o:/home/ec2-user/arduino-testlib/cli-datadir/user/libraries/RX8010SJ/src/main.cpp:6: multiple definition of `defaultDateTime&#39;
/tmp/arduino-sketch-BD60496F863301846DD1A5658EB37209/sketch/Alarm.ino.cpp.o:/home/ec2-user/arduino-testlib/cli-datadir/user/libraries/RX8010SJ/examples/Alarm/Alarm.ino:10: first defined here
/tmp/arduino-sketch-BD60496F863301846DD1A5658EB37209/libraries/RX8010SJ/main.cpp.o:/home/ec2-user/arduino-testlib/cli-datadir/user/libraries/RX8010SJ/src/main.cpp:5: multiple definition of `adapter&#39;
/tmp/arduino-sketch-BD60496F863301846DD1A5658EB37209/sketch/Alarm.ino.cpp.o:/home/ec2-user/arduino-testlib/cli-datadir/user/libraries/RX8010SJ/examples/Alarm/Alarm.ino:9: first defined here
collect2: error: ld returned 1 exit status

</pre>
					
					<h4>examples/FixedCycleTimer</h4>
					<p>
						Result: <b>FAIL</b>
					</p>
					<pre class="pre-scrollable">/tmp/arduino-sketch-17F4714C02AFE75A465A3197A10ACC4C/libraries/RX8010SJ/main.cpp.o: In function `setup&#39;:
/home/ec2-user/arduino-testlib/cli-datadir/user/libraries/RX8010SJ/src/main.cpp:9: multiple definition of `setup&#39;
/tmp/arduino-sketch-17F4714C02AFE75A465A3197A10ACC4C/sketch/FixedCycleTimer.ino.cpp.o:/home/ec2-user/arduino-testlib/cli-datadir/user/libraries/RX8010SJ/examples/FixedCycleTimer/FixedCycleTimer.ino:34: first defined here
/tmp/arduino-sketch-17F4714C02AFE75A465A3197A10ACC4C/libraries/RX8010SJ/main.cpp.o: In function `loop&#39;:
/home/ec2-user/arduino-testlib/cli-datadir/user/libraries/RX8010SJ/src/main.cpp:31: multiple definition of `loop&#39;
/tmp/arduino-sketch-17F4714C02AFE75A465A3197A10ACC4C/sketch/FixedCycleTimer.ino.cpp.o:/home/ec2-user/arduino-testlib/cli-datadir/user/libraries/RX8010SJ/examples/FixedCycleTimer/FixedCycleTimer.ino:59: first defined here
/tmp/arduino-sketch-17F4714C02AFE75A465A3197A10ACC4C/libraries/RX8010SJ/main.cpp.o:/home/ec2-user/arduino-testlib/cli-datadir/user/libraries/RX8010SJ/src/main.cpp:6: multiple definition of `defaultDateTime&#39;
/tmp/arduino-sketch-17F4714C02AFE75A465A3197A10ACC4C/sketch/FixedCycleTimer.ino.cpp.o:/home/ec2-user/arduino-testlib/cli-datadir/user/libraries/RX8010SJ/examples/FixedCycleTimer/FixedCycleTimer.ino:10: first defined here
/tmp/arduino-sketch-17F4714C02AFE75A465A3197A10ACC4C/libraries/RX8010SJ/main.cpp.o:/home/ec2-user/arduino-testlib/cli-datadir/user/libraries/RX8010SJ/src/main.cpp:5: multiple definition of `adapter&#39;
/tmp/arduino-sketch-17F4714C02AFE75A465A3197A10ACC4C/sketch/FixedCycleTimer.ino.cpp.o:/home/ec2-user/arduino-testlib/cli-datadir/user/libraries/RX8010SJ/examples/FixedCycleTimer/FixedCycleTimer.ino:9: first defined here
collect2: error: ld returned 1 exit status

</pre>
					
					<h4>examples/FrequencyOutput</h4>
					<p>
						Result: <b>FAIL</b>
					</p>
					<pre class="pre-scrollable">/tmp/arduino-sketch-17B144C9E82A9A7A81C7341F7FEE822B/libraries/RX8010SJ/main.cpp.o: In function `setup&#39;:
/home/ec2-user/arduino-testlib/cli-datadir/user/libraries/RX8010SJ/src/main.cpp:9: multiple definition of `setup&#39;
/tmp/arduino-sketch-17B144C9E82A9A7A81C7341F7FEE822B/sketch/FrequencyOutput.ino.cpp.o:/home/ec2-user/arduino-testlib/cli-datadir/user/libraries/RX8010SJ/examples/FrequencyOutput/FrequencyOutput.ino:9: first defined here
/tmp/arduino-sketch-17B144C9E82A9A7A81C7341F7FEE822B/libraries/RX8010SJ/main.cpp.o: In function `loop&#39;:
/home/ec2-user/arduino-testlib/cli-datadir/user/libraries/RX8010SJ/src/main.cpp:31: multiple definition of `loop&#39;
/tmp/arduino-sketch-17B144C9E82A9A7A81C7341F7FEE822B/sketch/FrequencyOutput.ino.cpp.o:/home/ec2-user/arduino-testlib/cli-datadir/user/libraries/RX8010SJ/examples/FrequencyOutput/FrequencyOutput.ino:30: first defined here
/tmp/arduino-sketch-17B144C9E82A9A7A81C7341F7FEE822B/libraries/RX8010SJ/main.cpp.o:/home/ec2-user/arduino-testlib/cli-datadir/user/libraries/RX8010SJ/src/main.cpp:6: multiple definition of `defaultDateTime&#39;
/tmp/arduino-sketch-17B144C9E82A9A7A81C7341F7FEE822B/sketch/FrequencyOutput.ino.cpp.o:/home/ec2-user/arduino-testlib/cli-datadir/user/libraries/RX8010SJ/examples/FrequencyOutput/FrequencyOutput.ino:6: first defined here
/tmp/arduino-sketch-17B144C9E82A9A7A81C7341F7FEE822B/libraries/RX8010SJ/main.cpp.o:/home/ec2-user/arduino-testlib/cli-datadir/user/libraries/RX8010SJ/src/main.cpp:5: multiple definition of `adapter&#39;
/tmp/arduino-sketch-17B144C9E82A9A7A81C7341F7FEE822B/sketch/FrequencyOutput.ino.cpp.o:/home/ec2-user/arduino-testlib/cli-datadir/user/libraries/RX8010SJ/examples/FrequencyOutput/FrequencyOutput.ino:5: first defined here
collect2: error: ld returned 1 exit status

</pre>
					
					<h4>examples/InitAndRead</h4>
					<p>
						Result: <b>FAIL</b>
					</p>
					<pre class="pre-scrollable">/tmp/arduino-sketch-0A3BAE5A95B32D633B331F484DAEF840/libraries/RX8010SJ/main.cpp.o: In function `setup&#39;:
/home/ec2-user/arduino-testlib/cli-datadir/user/libraries/RX8010SJ/src/main.cpp:9: multiple definition of `setup&#39;
/tmp/arduino-sketch-0A3BAE5A95B32D633B331F484DAEF840/sketch/InitAndRead.ino.cpp.o:/home/ec2-user/arduino-testlib/cli-datadir/user/libraries/RX8010SJ/examples/InitAndRead/InitAndRead.ino:13: first defined here
/tmp/arduino-sketch-0A3BAE5A95B32D633B331F484DAEF840/libraries/RX8010SJ/main.cpp.o: In function `loop&#39;:
/home/ec2-user/arduino-testlib/cli-datadir/user/libraries/RX8010SJ/src/main.cpp:31: multiple definition of `loop&#39;
/tmp/arduino-sketch-0A3BAE5A95B32D633B331F484DAEF840/sketch/InitAndRead.ino.cpp.o:/home/ec2-user/arduino-testlib/cli-datadir/user/libraries/RX8010SJ/examples/InitAndRead/InitAndRead.ino:32: first defined here
/tmp/arduino-sketch-0A3BAE5A95B32D633B331F484DAEF840/libraries/RX8010SJ/main.cpp.o:/home/ec2-user/arduino-testlib/cli-datadir/user/libraries/RX8010SJ/src/main.cpp:6: multiple definition of `defaultDateTime&#39;
/tmp/arduino-sketch-0A3BAE5A95B32D633B331F484DAEF840/sketch/InitAndRead.ino.cpp.o:/home/ec2-user/arduino-testlib/cli-datadir/user/libraries/RX8010SJ/examples/InitAndRead/InitAndRead.ino:10: first defined here
/tmp/arduino-sketch-0A3BAE5A95B32D633B331F484DAEF840/libraries/RX8010SJ/main.cpp.o:/home/ec2-user/arduino-testlib/cli-datadir/user/libraries/RX8010SJ/src/main.cpp:5: multiple definition of `adapter&#39;
/tmp/arduino-sketch-0A3BAE5A95B32D633B331F484DAEF840/sketch/InitAndRead.ino.cpp.o:/home/ec2-user/arduino-testlib/cli-datadir/user/libraries/RX8010SJ/examples/InitAndRead/InitAndRead.ino:9: first defined here
collect2: error: ld returned 1 exit status

</pre>
					
					<h4>examples/TimeUpdateInterrupt</h4>
					<p>
						Result: <b>FAIL</b>
					</p>
					<pre class="pre-scrollable">/tmp/arduino-sketch-A8E853AC89A91D08A82CB593A8CCF6CE/libraries/RX8010SJ/main.cpp.o: In function `setup&#39;:
/home/ec2-user/arduino-testlib/cli-datadir/user/libraries/RX8010SJ/src/main.cpp:9: multiple definition of `setup&#39;
/tmp/arduino-sketch-A8E853AC89A91D08A82CB593A8CCF6CE/sketch/TimeUpdateInterrupt.ino.cpp.o:/home/ec2-user/arduino-testlib/cli-datadir/user/libraries/RX8010SJ/examples/TimeUpdateInterrupt/TimeUpdateInterrupt.ino:34: first defined here
/tmp/arduino-sketch-A8E853AC89A91D08A82CB593A8CCF6CE/libraries/RX8010SJ/main.cpp.o: In function `loop&#39;:
/home/ec2-user/arduino-testlib/cli-datadir/user/libraries/RX8010SJ/src/main.cpp:31: multiple definition of `loop&#39;
/tmp/arduino-sketch-A8E853AC89A91D08A82CB593A8CCF6CE/sketch/TimeUpdateInterrupt.ino.cpp.o:/home/ec2-user/arduino-testlib/cli-datadir/user/libraries/RX8010SJ/examples/TimeUpdateInterrupt/TimeUpdateInterrupt.ino:56: first defined here
/tmp/arduino-sketch-A8E853AC89A91D08A82CB593A8CCF6CE/libraries/RX8010SJ/main.cpp.o:/home/ec2-user/arduino-testlib/cli-datadir/user/libraries/RX8010SJ/src/main.cpp:6: multiple definition of `defaultDateTime&#39;
/tmp/arduino-sketch-A8E853AC89A91D08A82CB593A8CCF6CE/sketch/TimeUpdateInterrupt.ino.cpp.o:/home/ec2-user/arduino-testlib/cli-datadir/user/libraries/RX8010SJ/examples/TimeUpdateInterrupt/TimeUpdateInterrupt.ino:10: first defined here
/tmp/arduino-sketch-A8E853AC89A91D08A82CB593A8CCF6CE/libraries/RX8010SJ/main.cpp.o:/home/ec2-user/arduino-testlib/cli-datadir/user/libraries/RX8010SJ/src/main.cpp:5: multiple definition of `adapter&#39;
/tmp/arduino-sketch-A8E853AC89A91D08A82CB593A8CCF6CE/sketch/TimeUpdateInterrupt.ino.cpp.o:/home/ec2-user/arduino-testlib/cli-datadir/user/libraries/RX8010SJ/examples/TimeUpdateInterrupt/TimeUpdateInterrupt.ino:9: first defined here
collect2: error: ld returned 1 exit status

</pre>
					
				
				<h3 id="esp32:esp32:d1_mini32">esp32:esp32:d1_mini32 @ 1.0.6</h3>
				<h4>Inclusion</h4>
				<p>
					Result: <b>FAIL</b>
					
				</p>
				<pre class="pre-scrollable">In file included from /home/ec2-user/arduino-testlib/cli-datadir/user/libraries/RX8010SJ/src/RX8010SJ.h:5:0,
                 from /home/ec2-user/arduino-testlib/cli-datadir/user/libraries/RX8010SJ/src/RX8010SJ.cpp:1:
/home/ec2-user/arduino-testlib/cli-datadir/data/packages/esp32/hardware/esp32/1.0.6/libraries/Wire/src/Wire.h: In member function &#39;byte RX8010SJ::Adapter::readFromModule(byte)&#39;:
/home/ec2-user/arduino-testlib/cli-datadir/data/packages/esp32/hardware/esp32/1.0.6/libraries/Wire/src/Wire.h:103:13: note: candidate 1: uint8_t TwoWire::requestFrom(int, int)
     uint8_t requestFrom(int address, int size);
             ^
/home/ec2-user/arduino-testlib/cli-datadir/data/packages/esp32/hardware/esp32/1.0.6/libraries/Wire/src/Wire.h:101:13: note: candidate 2: uint8_t TwoWire::requestFrom(uint8_t, uint8_t)
     uint8_t requestFrom(uint8_t address, uint8_t size);
             ^
/tmp/arduino-sketch-75B8A79E9163DA8125773CDC53A3D3EB/libraries/RX8010SJ/main.cpp.o: In function `setup()&#39;:
/home/ec2-user/arduino-testlib/cli-datadir/user/libraries/RX8010SJ/src/main.cpp:8: multiple definition of `setup()&#39;
/tmp/arduino-sketch-75B8A79E9163DA8125773CDC53A3D3EB/sketch/test.ino.cpp.o:test.ino.cpp:(.text._Z5setupv&#43;0x0): first defined here
/tmp/arduino-sketch-75B8A79E9163DA8125773CDC53A3D3EB/libraries/RX8010SJ/main.cpp.o: In function `loop()&#39;:
main.cpp:(.text._Z4loopv&#43;0x0): multiple definition of `loop()&#39;
/tmp/arduino-sketch-75B8A79E9163DA8125773CDC53A3D3EB/sketch/test.ino.cpp.o:test.ino.cpp:(.text._Z4loopv&#43;0x0): first defined here
collect2: error: ld returned 1 exit status

</pre>

					
					<h4>examples/Alarm</h4>
					<p>
						Result: <b>FAIL</b>
					</p>
					<pre class="pre-scrollable">In file included from /home/ec2-user/arduino-testlib/cli-datadir/user/libraries/RX8010SJ/src/RX8010SJ.h:5:0,
                 from /home/ec2-user/arduino-testlib/cli-datadir/user/libraries/RX8010SJ/src/RX8010SJ.cpp:1:
/home/ec2-user/arduino-testlib/cli-datadir/data/packages/esp32/hardware/esp32/1.0.6/libraries/Wire/src/Wire.h: In member function &#39;byte RX8010SJ::Adapter::readFromModule(byte)&#39;:
/home/ec2-user/arduino-testlib/cli-datadir/data/packages/esp32/hardware/esp32/1.0.6/libraries/Wire/src/Wire.h:103:13: note: candidate 1: uint8_t TwoWire::requestFrom(int, int)
     uint8_t requestFrom(int address, int size);
             ^
/home/ec2-user/arduino-testlib/cli-datadir/data/packages/esp32/hardware/esp32/1.0.6/libraries/Wire/src/Wire.h:101:13: note: candidate 2: uint8_t TwoWire::requestFrom(uint8_t, uint8_t)
     uint8_t requestFrom(uint8_t address, uint8_t size);
             ^
/tmp/arduino-sketch-BD60496F863301846DD1A5658EB37209/libraries/RX8010SJ/main.cpp.o:(.bss.defaultDateTime&#43;0x0): multiple definition of `defaultDateTime&#39;
/tmp/arduino-sketch-BD60496F863301846DD1A5658EB37209/sketch/Alarm.ino.cpp.o:(.bss.defaultDateTime&#43;0x0): first defined here
/tmp/arduino-sketch-BD60496F863301846DD1A5658EB37209/libraries/RX8010SJ/main.cpp.o:(.bss.adapter&#43;0x0): multiple definition of `adapter&#39;
/tmp/arduino-sketch-BD60496F863301846DD1A5658EB37209/sketch/Alarm.ino.cpp.o:(.bss.adapter&#43;0x0): first defined here
/tmp/arduino-sketch-BD60496F863301846DD1A5658EB37209/libraries/RX8010SJ/main.cpp.o: In function `setup()&#39;:
main.cpp:(.text._Z5setupv&#43;0x0): multiple definition of `setup()&#39;
/tmp/arduino-sketch-BD60496F863301846DD1A5658EB37209/sketch/Alarm.ino.cpp.o:Alarm.ino.cpp:(.text._Z5setupv&#43;0x0): first defined here
/tmp/arduino-sketch-BD60496F863301846DD1A5658EB37209/libraries/RX8010SJ/main.cpp.o: In function `loop()&#39;:
main.cpp:(.text._Z4loopv&#43;0x0): multiple definition of `loop()&#39;
/tmp/arduino-sketch-BD60496F863301846DD1A5658EB37209/sketch/Alarm.ino.cpp.o:Alarm.ino.cpp:(.text._Z4loopv&#43;0x0): first defined here
collect2: error: ld returned 1 exit status

</pre>
					
					<h4>examples/FixedCycleTimer</h4>
					<p>
						Result: <b>FAIL</b>
					</p>
					<pre class="pre-scrollable">In file included from /home/ec2-user/arduino-testlib/cli-datadir/user/libraries/RX8010SJ/src/RX8010SJ.h:5:0,
                 from /home/ec2-user/arduino-testlib/cli-datadir/user/libraries/RX8010SJ/src/RX8010SJ.cpp:1:
/home/ec2-user/arduino-testlib/cli-datadir/data/packages/esp32/hardware/esp32/1.0.6/libraries/Wire/src/Wire.h: In member function &#39;byte RX8010SJ::Adapter::readFromModule(byte)&#39;:
/home/ec2-user/arduino-testlib/cli-datadir/data/packages/esp32/hardware/esp32/1.0.6/libraries/Wire/src/Wire.h:103:13: note: candidate 1: uint8_t TwoWire::requestFrom(int, int)
     uint8_t requestFrom(int address, int size);
             ^
/home/ec2-user/arduino-testlib/cli-datadir/data/packages/esp32/hardware/esp32/1.0.6/libraries/Wire/src/Wire.h:101:13: note: candidate 2: uint8_t TwoWire::requestFrom(uint8_t, uint8_t)
     uint8_t requestFrom(uint8_t address, uint8_t size);
             ^
/tmp/arduino-sketch-17F4714C02AFE75A465A3197A10ACC4C/libraries/RX8010SJ/main.cpp.o:(.bss.defaultDateTime&#43;0x0): multiple definition of `defaultDateTime&#39;
/tmp/arduino-sketch-17F4714C02AFE75A465A3197A10ACC4C/sketch/FixedCycleTimer.ino.cpp.o:(.bss.defaultDateTime&#43;0x0): first defined here
/tmp/arduino-sketch-17F4714C02AFE75A465A3197A10ACC4C/libraries/RX8010SJ/main.cpp.o:(.bss.adapter&#43;0x0): multiple definition of `adapter&#39;
/tmp/arduino-sketch-17F4714C02AFE75A465A3197A10ACC4C/sketch/FixedCycleTimer.ino.cpp.o:(.bss.adapter&#43;0x0): first defined here
/tmp/arduino-sketch-17F4714C02AFE75A465A3197A10ACC4C/libraries/RX8010SJ/main.cpp.o: In function `setup()&#39;:
main.cpp:(.text._Z5setupv&#43;0x0): multiple definition of `setup()&#39;
/tmp/arduino-sketch-17F4714C02AFE75A465A3197A10ACC4C/sketch/FixedCycleTimer.ino.cpp.o:FixedCycleTimer.ino.cpp:(.text._Z5setupv&#43;0x0): first defined here
/tmp/arduino-sketch-17F4714C02AFE75A465A3197A10ACC4C/libraries/RX8010SJ/main.cpp.o: In function `loop()&#39;:
main.cpp:(.text._Z4loopv&#43;0x0): multiple definition of `loop()&#39;
/tmp/arduino-sketch-17F4714C02AFE75A465A3197A10ACC4C/sketch/FixedCycleTimer.ino.cpp.o:FixedCycleTimer.ino.cpp:(.text._Z4loopv&#43;0x0): first defined here
collect2: error: ld returned 1 exit status

</pre>
					
					<h4>examples/FrequencyOutput</h4>
					<p>
						Result: <b>FAIL</b>
					</p>
					<pre class="pre-scrollable">In file included from /home/ec2-user/arduino-testlib/cli-datadir/user/libraries/RX8010SJ/src/RX8010SJ.h:5:0,
                 from /home/ec2-user/arduino-testlib/cli-datadir/user/libraries/RX8010SJ/src/RX8010SJ.cpp:1:
/home/ec2-user/arduino-testlib/cli-datadir/data/packages/esp32/hardware/esp32/1.0.6/libraries/Wire/src/Wire.h: In member function &#39;byte RX8010SJ::Adapter::readFromModule(byte)&#39;:
/home/ec2-user/arduino-testlib/cli-datadir/data/packages/esp32/hardware/esp32/1.0.6/libraries/Wire/src/Wire.h:103:13: note: candidate 1: uint8_t TwoWire::requestFrom(int, int)
     uint8_t requestFrom(int address, int size);
             ^
/home/ec2-user/arduino-testlib/cli-datadir/data/packages/esp32/hardware/esp32/1.0.6/libraries/Wire/src/Wire.h:101:13: note: candidate 2: uint8_t TwoWire::requestFrom(uint8_t, uint8_t)
     uint8_t requestFrom(uint8_t address, uint8_t size);
             ^
/tmp/arduino-sketch-17B144C9E82A9A7A81C7341F7FEE822B/libraries/RX8010SJ/main.cpp.o:(.bss.defaultDateTime&#43;0x0): multiple definition of `defaultDateTime&#39;
/tmp/arduino-sketch-17B144C9E82A9A7A81C7341F7FEE822B/sketch/FrequencyOutput.ino.cpp.o:(.bss.defaultDateTime&#43;0x0): first defined here
/tmp/arduino-sketch-17B144C9E82A9A7A81C7341F7FEE822B/libraries/RX8010SJ/main.cpp.o:(.bss.adapter&#43;0x0): multiple definition of `adapter&#39;
/tmp/arduino-sketch-17B144C9E82A9A7A81C7341F7FEE822B/sketch/FrequencyOutput.ino.cpp.o:(.bss.adapter&#43;0x0): first defined here
/tmp/arduino-sketch-17B144C9E82A9A7A81C7341F7FEE822B/libraries/RX8010SJ/main.cpp.o: In function `setup()&#39;:
main.cpp:(.text._Z5setupv&#43;0x0): multiple definition of `setup()&#39;
/tmp/arduino-sketch-17B144C9E82A9A7A81C7341F7FEE822B/sketch/FrequencyOutput.ino.cpp.o:FrequencyOutput.ino.cpp:(.text._Z5setupv&#43;0x0): first defined here
/tmp/arduino-sketch-17B144C9E82A9A7A81C7341F7FEE822B/libraries/RX8010SJ/main.cpp.o: In function `loop()&#39;:
main.cpp:(.text._Z4loopv&#43;0x0): multiple definition of `loop()&#39;
/tmp/arduino-sketch-17B144C9E82A9A7A81C7341F7FEE822B/sketch/FrequencyOutput.ino.cpp.o:FrequencyOutput.ino.cpp:(.text._Z4loopv&#43;0x0): first defined here
collect2: error: ld returned 1 exit status

</pre>
					
					<h4>examples/InitAndRead</h4>
					<p>
						Result: <b>FAIL</b>
					</p>
					<pre class="pre-scrollable">In file included from /home/ec2-user/arduino-testlib/cli-datadir/user/libraries/RX8010SJ/src/RX8010SJ.h:5:0,
                 from /home/ec2-user/arduino-testlib/cli-datadir/user/libraries/RX8010SJ/src/RX8010SJ.cpp:1:
/home/ec2-user/arduino-testlib/cli-datadir/data/packages/esp32/hardware/esp32/1.0.6/libraries/Wire/src/Wire.h: In member function &#39;byte RX8010SJ::Adapter::readFromModule(byte)&#39;:
/home/ec2-user/arduino-testlib/cli-datadir/data/packages/esp32/hardware/esp32/1.0.6/libraries/Wire/src/Wire.h:103:13: note: candidate 1: uint8_t TwoWire::requestFrom(int, int)
     uint8_t requestFrom(int address, int size);
             ^
/home/ec2-user/arduino-testlib/cli-datadir/data/packages/esp32/hardware/esp32/1.0.6/libraries/Wire/src/Wire.h:101:13: note: candidate 2: uint8_t TwoWire::requestFrom(uint8_t, uint8_t)
     uint8_t requestFrom(uint8_t address, uint8_t size);
             ^
/tmp/arduino-sketch-0A3BAE5A95B32D633B331F484DAEF840/libraries/RX8010SJ/main.cpp.o:(.bss.defaultDateTime&#43;0x0): multiple definition of `defaultDateTime&#39;
/tmp/arduino-sketch-0A3BAE5A95B32D633B331F484DAEF840/sketch/InitAndRead.ino.cpp.o:(.bss.defaultDateTime&#43;0x0): first defined here
/tmp/arduino-sketch-0A3BAE5A95B32D633B331F484DAEF840/libraries/RX8010SJ/main.cpp.o:(.bss.adapter&#43;0x0): multiple definition of `adapter&#39;
/tmp/arduino-sketch-0A3BAE5A95B32D633B331F484DAEF840/sketch/InitAndRead.ino.cpp.o:(.bss.adapter&#43;0x0): first defined here
/tmp/arduino-sketch-0A3BAE5A95B32D633B331F484DAEF840/libraries/RX8010SJ/main.cpp.o: In function `setup()&#39;:
main.cpp:(.text._Z5setupv&#43;0x0): multiple definition of `setup()&#39;
/tmp/arduino-sketch-0A3BAE5A95B32D633B331F484DAEF840/sketch/InitAndRead.ino.cpp.o:InitAndRead.ino.cpp:(.text._Z5setupv&#43;0x0): first defined here
/tmp/arduino-sketch-0A3BAE5A95B32D633B331F484DAEF840/libraries/RX8010SJ/main.cpp.o: In function `loop()&#39;:
main.cpp:(.text._Z4loopv&#43;0x0): multiple definition of `loop()&#39;
/tmp/arduino-sketch-0A3BAE5A95B32D633B331F484DAEF840/sketch/InitAndRead.ino.cpp.o:InitAndRead.ino.cpp:(.text._Z4loopv&#43;0x0): first defined here
collect2: error: ld returned 1 exit status

</pre>
					
					<h4>examples/TimeUpdateInterrupt</h4>
					<p>
						Result: <b>FAIL</b>
					</p>
					<pre class="pre-scrollable">In file included from /home/ec2-user/arduino-testlib/cli-datadir/user/libraries/RX8010SJ/src/RX8010SJ.h:5:0,
                 from /home/ec2-user/arduino-testlib/cli-datadir/user/libraries/RX8010SJ/src/RX8010SJ.cpp:1:
/home/ec2-user/arduino-testlib/cli-datadir/data/packages/esp32/hardware/esp32/1.0.6/libraries/Wire/src/Wire.h: In member function &#39;byte RX8010SJ::Adapter::readFromModule(byte)&#39;:
/home/ec2-user/arduino-testlib/cli-datadir/data/packages/esp32/hardware/esp32/1.0.6/libraries/Wire/src/Wire.h:103:13: note: candidate 1: uint8_t TwoWire::requestFrom(int, int)
     uint8_t requestFrom(int address, int size);
             ^
/home/ec2-user/arduino-testlib/cli-datadir/data/packages/esp32/hardware/esp32/1.0.6/libraries/Wire/src/Wire.h:101:13: note: candidate 2: uint8_t TwoWire::requestFrom(uint8_t, uint8_t)
     uint8_t requestFrom(uint8_t address, uint8_t size);
             ^
/tmp/arduino-sketch-A8E853AC89A91D08A82CB593A8CCF6CE/libraries/RX8010SJ/main.cpp.o:(.bss.defaultDateTime&#43;0x0): multiple definition of `defaultDateTime&#39;
/tmp/arduino-sketch-A8E853AC89A91D08A82CB593A8CCF6CE/sketch/TimeUpdateInterrupt.ino.cpp.o:(.bss.defaultDateTime&#43;0x0): first defined here
/tmp/arduino-sketch-A8E853AC89A91D08A82CB593A8CCF6CE/libraries/RX8010SJ/main.cpp.o:(.bss.adapter&#43;0x0): multiple definition of `adapter&#39;
/tmp/arduino-sketch-A8E853AC89A91D08A82CB593A8CCF6CE/sketch/TimeUpdateInterrupt.ino.cpp.o:(.bss.adapter&#43;0x0): first defined here
/tmp/arduino-sketch-A8E853AC89A91D08A82CB593A8CCF6CE/libraries/RX8010SJ/main.cpp.o: In function `setup()&#39;:
main.cpp:(.text._Z5setupv&#43;0x0): multiple definition of `setup()&#39;
/tmp/arduino-sketch-A8E853AC89A91D08A82CB593A8CCF6CE/sketch/TimeUpdateInterrupt.ino.cpp.o:TimeUpdateInterrupt.ino.cpp:(.text._Z5setupv&#43;0x0): first defined here
/tmp/arduino-sketch-A8E853AC89A91D08A82CB593A8CCF6CE/libraries/RX8010SJ/main.cpp.o: In function `loop()&#39;:
main.cpp:(.text._Z4loopv&#43;0x0): multiple definition of `loop()&#39;
/tmp/arduino-sketch-A8E853AC89A91D08A82CB593A8CCF6CE/sketch/TimeUpdateInterrupt.ino.cpp.o:TimeUpdateInterrupt.ino.cpp:(.text._Z4loopv&#43;0x0): first defined here
collect2: error: ld returned 1 exit status

</pre>
					
				
			</div>
		</div>
	</div>
  </body>
</html>
