
<!doctype html>
<html lang="en">
  <head>
    <meta charset="utf-8">
    <meta name="viewport" content="width=device-width, initial-scale=1">
    <link href="https://cdn.jsdelivr.net/npm/bootstrap@5.0.2/dist/css/bootstrap.min.css" rel="stylesheet" integrity="sha384-EVSTQN3/azprG1Anm3QDgpJLIm9Nao0Yz1ztcQTwFspd3yD65VohhpuuCOmLASjC" crossorigin="anonymous">
    <title>arduino-testlib report</title>
	<style>
	.pass { background-color: #00FF00 !important; }
	.fail { background-color: #FF0000 !important; }
	</style>
  </head>
  <body>
	<div class="container">
		<div class="row">
			<div class="col">
				<h1>SDU_CAR - compatibility matrix</h1>
				<p>
					<small>This report was generated on Wednesday, 23-Feb-22 22:48:15 CET using 
					<a href="https://github.com/alranel/arduino-testlib">arduino-testlib</a>.</small>
				</p>

				<h2>SDU_CAR</h2>
				<p>
					Version: <b>1.3.1</b>
					<br />
					<a href="https://www.arduino.cc/reference/en/libraries/sdu_car/">More details</a>
				</p>

				<h2>Compatibility matrix</h2>
				<table class="table table-bordered">
					<tr>
						<th>Board</th>
						<th>Claims compatibility</th>
						<th>Inclusion</th>
						
						<th><pre>SDU_Car_Base</pre></th>
						
						<th><pre>SDU_Car_Prototype</pre></th>
						
						<th><pre>SDU_Car_Tester</pre></th>
						
						<th><pre>SDU_Car_Accelerometer</pre></th>
						
					</tr>
					
					<tr>
						<td>
							<a href="#arduino%3aavr%3auno"><b>arduino:avr:uno</b></a>
							<br />
							<small>1.8.4</small>
						</td>

						
							<td>Yes</td>
							<td class="pass">PASS</td>
						
						
						
						

						
							
								
									
										
									
										
											<td class="pass">PASS</td>
											
										
									
										
									
										
									
								
							
								
							
								
							
								
							
								
							
						
							
								
									
										
									
										
									
										
											<td class="pass">PASS</td>
											
										
									
										
									
								
							
								
							
								
							
								
							
								
							
						
							
								
									
										
									
										
									
										
									
										
											<td class="pass">PASS</td>
											
										
									
								
							
								
							
								
							
								
							
								
							
						
							
								
									
										
											<td class="pass">PASS</td>
											
										
									
										
									
										
									
										
									
								
							
								
							
								
							
								
							
								
							
						
					</tr>
					
					<tr>
						<td>
							<a href="#arduino%3ambed_nano%3ananorp2040connect"><b>arduino:mbed_nano:nanorp2040connect</b></a>
							<br />
							<small>2.7.2</small>
						</td>

						
						
						
							<td>Yes ⚠️</td>
							<td class="fail">FAIL</td>
						
						

						
							
								
							
								
									
										
									
										
											
											<td class="fail">FAIL</td>
										
									
										
									
										
									
								
							
								
							
								
							
								
							
						
							
								
							
								
									
										
									
										
									
										
											
											<td class="fail">FAIL</td>
										
									
										
									
								
							
								
							
								
							
								
							
						
							
								
							
								
									
										
									
										
									
										
									
										
											
											<td class="fail">FAIL</td>
										
									
								
							
								
							
								
							
								
							
						
							
								
							
								
									
										
											
											<td class="fail">FAIL</td>
										
									
										
									
										
									
										
									
								
							
								
							
								
							
								
							
						
					</tr>
					
					<tr>
						<td>
							<a href="#arduino%3amegaavr%3anona4809"><b>arduino:megaavr:nona4809</b></a>
							<br />
							<small>1.8.7</small>
						</td>

						
							<td>Yes</td>
							<td class="pass">PASS</td>
						
						
						
						

						
							
								
							
								
							
								
									
										
									
										
											<td class="pass">PASS</td>
											
										
									
										
									
										
									
								
							
								
							
								
							
						
							
								
							
								
							
								
									
										
									
										
									
										
											<td class="pass">PASS</td>
											
										
									
										
									
								
							
								
							
								
							
						
							
								
							
								
							
								
									
										
									
										
									
										
									
										
											<td class="pass">PASS</td>
											
										
									
								
							
								
							
								
							
						
							
								
							
								
							
								
									
										
											<td class="pass">PASS</td>
											
										
									
										
									
										
									
										
									
								
							
								
							
								
							
						
					</tr>
					
					<tr>
						<td>
							<a href="#arduino%3asamd%3amkrwifi1010"><b>arduino:samd:mkrwifi1010</b></a>
							<br />
							<small>1.8.12</small>
						</td>

						
						
						
							<td>Yes ⚠️</td>
							<td class="fail">FAIL</td>
						
						

						
							
								
							
								
							
								
							
								
									
										
									
										
											
											<td class="fail">FAIL</td>
										
									
										
									
										
									
								
							
								
							
						
							
								
							
								
							
								
							
								
									
										
									
										
									
										
											
											<td class="fail">FAIL</td>
										
									
										
									
								
							
								
							
						
							
								
							
								
							
								
							
								
									
										
									
										
									
										
									
										
											
											<td class="fail">FAIL</td>
										
									
								
							
								
							
						
							
								
							
								
							
								
							
								
									
										
											
											<td class="fail">FAIL</td>
										
									
										
									
										
									
										
									
								
							
								
							
						
					</tr>
					
					<tr>
						<td>
							<a href="#esp32%3aesp32%3ad1_mini32"><b>esp32:esp32:d1_mini32</b></a>
							<br />
							<small>1.0.6</small>
						</td>

						
						
						
							<td>Yes ⚠️</td>
							<td class="fail">FAIL</td>
						
						

						
							
								
							
								
							
								
							
								
							
								
									
										
									
										
											
											<td class="fail">FAIL</td>
										
									
										
									
										
									
								
							
						
							
								
							
								
							
								
							
								
							
								
									
										
									
										
									
										
											
											<td class="fail">FAIL</td>
										
									
										
									
								
							
						
							
								
							
								
							
								
							
								
							
								
									
										
									
										
									
										
									
										
											
											<td class="fail">FAIL</td>
										
									
								
							
						
							
								
							
								
							
								
							
								
							
								
									
										
											
											<td class="fail">FAIL</td>
										
									
										
									
										
									
										
									
								
							
						
					</tr>
					
				</table>

				<h2>Compilation logs</h2>
				
				<h3 id="arduino:avr:uno">arduino:avr:uno @ 1.8.4</h3>
				<h4>Inclusion</h4>
				<p>
					Result: <b>PASS</b>
					
				</p>
				<pre class="pre-scrollable">Sketch uses 6362 bytes (19%) of program storage space. Maximum is 32256 bytes.
Global variables use 914 bytes (44%) of dynamic memory, leaving 1134 bytes for local variables. Maximum is 2048 bytes.
</pre>

					
					<h4>examples/SDU_Car_Accelerometer</h4>
					<p>
						Result: <b>PASS</b>
					</p>
					<pre class="pre-scrollable">Sketch uses 20972 bytes (65%) of program storage space. Maximum is 32256 bytes.
Global variables use 1243 bytes (60%) of dynamic memory, leaving 805 bytes for local variables. Maximum is 2048 bytes.
</pre>
					
					<h4>examples/SDU_Car_Base</h4>
					<p>
						Result: <b>PASS</b>
					</p>
					<pre class="pre-scrollable">Sketch uses 17244 bytes (53%) of program storage space. Maximum is 32256 bytes.
Global variables use 1229 bytes (60%) of dynamic memory, leaving 819 bytes for local variables. Maximum is 2048 bytes.
</pre>
					
					<h4>examples/SDU_Car_Prototype</h4>
					<p>
						Result: <b>PASS</b>
					</p>
					<pre class="pre-scrollable">Sketch uses 18230 bytes (56%) of program storage space. Maximum is 32256 bytes.
Global variables use 1239 bytes (60%) of dynamic memory, leaving 809 bytes for local variables. Maximum is 2048 bytes.
</pre>
					
					<h4>examples/SDU_Car_Tester</h4>
					<p>
						Result: <b>PASS</b>
					</p>
					<pre class="pre-scrollable">Sketch uses 21752 bytes (67%) of program storage space. Maximum is 32256 bytes.
Global variables use 1515 bytes (73%) of dynamic memory, leaving 533 bytes for local variables. Maximum is 2048 bytes.
</pre>
					
				
				<h3 id="arduino:mbed_nano:nanorp2040connect">arduino:mbed_nano:nanorp2040connect @ 2.7.2</h3>
				<h4>Inclusion</h4>
				<p>
					Result: <b>FAIL</b>
					
				</p>
				<pre class="pre-scrollable">In file included from /tmp/arduino-testlib2669436375/test/test.ino:1:0:
/home/ec2-user/arduino-testlib/cli-datadir/user/libraries/SDU_CAR/SDU_CAR.h:156:21: error: extra qualification &#39;LOG::&#39; on member &#39;getFileCount&#39; [-fpermissive]
             uint8_t LOG::getFileCount(void);
                     ^~~

</pre>

					
					<h4>examples/SDU_Car_Accelerometer</h4>
					<p>
						Result: <b>FAIL</b>
					</p>
					<pre class="pre-scrollable">In file included from /home/ec2-user/arduino-testlib/cli-datadir/user/libraries/SDU_CAR/examples/SDU_Car_Accelerometer/SDU_Car_Accelerometer.ino:10:0:
/home/ec2-user/arduino-testlib/cli-datadir/user/libraries/SDU_CAR/SDU_CAR.h:156:21: error: extra qualification &#39;LOG::&#39; on member &#39;getFileCount&#39; [-fpermissive]
             uint8_t LOG::getFileCount(void);
                     ^~~

</pre>
					
					<h4>examples/SDU_Car_Base</h4>
					<p>
						Result: <b>FAIL</b>
					</p>
					<pre class="pre-scrollable">In file included from /home/ec2-user/arduino-testlib/cli-datadir/user/libraries/SDU_CAR/examples/SDU_Car_Base/SDU_Car_Base.ino:10:0:
/home/ec2-user/arduino-testlib/cli-datadir/user/libraries/SDU_CAR/SDU_CAR.h:156:21: error: extra qualification &#39;LOG::&#39; on member &#39;getFileCount&#39; [-fpermissive]
             uint8_t LOG::getFileCount(void);
                     ^~~

</pre>
					
					<h4>examples/SDU_Car_Prototype</h4>
					<p>
						Result: <b>FAIL</b>
					</p>
					<pre class="pre-scrollable">In file included from /home/ec2-user/arduino-testlib/cli-datadir/user/libraries/SDU_CAR/examples/SDU_Car_Prototype/SDU_Car_Prototype.ino:10:0:
/home/ec2-user/arduino-testlib/cli-datadir/user/libraries/SDU_CAR/SDU_CAR.h:156:21: error: extra qualification &#39;LOG::&#39; on member &#39;getFileCount&#39; [-fpermissive]
             uint8_t LOG::getFileCount(void);
                     ^~~

</pre>
					
					<h4>examples/SDU_Car_Tester</h4>
					<p>
						Result: <b>FAIL</b>
					</p>
					<pre class="pre-scrollable">In file included from /home/ec2-user/arduino-testlib/cli-datadir/user/libraries/SDU_CAR/examples/SDU_Car_Tester/SDU_Car_Tester.ino:9:0:
/home/ec2-user/arduino-testlib/cli-datadir/user/libraries/SDU_CAR/SDU_CAR.h:156:21: error: extra qualification &#39;LOG::&#39; on member &#39;getFileCount&#39; [-fpermissive]
             uint8_t LOG::getFileCount(void);
                     ^~~

</pre>
					
				
				<h3 id="arduino:megaavr:nona4809">arduino:megaavr:nona4809 @ 1.8.7</h3>
				<h4>Inclusion</h4>
				<p>
					Result: <b>PASS</b>
					
				</p>
				<pre class="pre-scrollable">Sketch uses 11314 bytes (23%) of program storage space. Maximum is 49152 bytes.
Global variables use 1259 bytes (20%) of dynamic memory, leaving 4885 bytes for local variables. Maximum is 6144 bytes.
</pre>

					
					<h4>examples/SDU_Car_Accelerometer</h4>
					<p>
						Result: <b>PASS</b>
					</p>
					<pre class="pre-scrollable">Sketch uses 23971 bytes (48%) of program storage space. Maximum is 49152 bytes.
Global variables use 1539 bytes (25%) of dynamic memory, leaving 4605 bytes for local variables. Maximum is 6144 bytes.
</pre>
					
					<h4>examples/SDU_Car_Base</h4>
					<p>
						Result: <b>PASS</b>
					</p>
					<pre class="pre-scrollable">Sketch uses 20292 bytes (41%) of program storage space. Maximum is 49152 bytes.
Global variables use 1537 bytes (25%) of dynamic memory, leaving 4607 bytes for local variables. Maximum is 6144 bytes.
</pre>
					
					<h4>examples/SDU_Car_Prototype</h4>
					<p>
						Result: <b>PASS</b>
					</p>
					<pre class="pre-scrollable">Sketch uses 21301 bytes (43%) of program storage space. Maximum is 49152 bytes.
Global variables use 1537 bytes (25%) of dynamic memory, leaving 4607 bytes for local variables. Maximum is 6144 bytes.
</pre>
					
					<h4>examples/SDU_Car_Tester</h4>
					<p>
						Result: <b>PASS</b>
					</p>
					<pre class="pre-scrollable">Sketch uses 24680 bytes (50%) of program storage space. Maximum is 49152 bytes.
Global variables use 1537 bytes (25%) of dynamic memory, leaving 4607 bytes for local variables. Maximum is 6144 bytes.
</pre>
					
				
				<h3 id="arduino:samd:mkrwifi1010">arduino:samd:mkrwifi1010 @ 1.8.12</h3>
				<h4>Inclusion</h4>
				<p>
					Result: <b>FAIL</b>
					
				</p>
				<pre class="pre-scrollable">In file included from /tmp/arduino-testlib2415339810/test/test.ino:1:0:
/home/ec2-user/arduino-testlib/cli-datadir/user/libraries/SDU_CAR/SDU_CAR.h:156:21: error: extra qualification &#39;LOG::&#39; on member &#39;getFileCount&#39; [-fpermissive]
             uint8_t LOG::getFileCount(void);
                     ^~~

</pre>

					
					<h4>examples/SDU_Car_Accelerometer</h4>
					<p>
						Result: <b>FAIL</b>
					</p>
					<pre class="pre-scrollable">In file included from /home/ec2-user/arduino-testlib/cli-datadir/user/libraries/SDU_CAR/examples/SDU_Car_Accelerometer/SDU_Car_Accelerometer.ino:10:0:
/home/ec2-user/arduino-testlib/cli-datadir/user/libraries/SDU_CAR/SDU_CAR.h:156:21: error: extra qualification &#39;LOG::&#39; on member &#39;getFileCount&#39; [-fpermissive]
             uint8_t LOG::getFileCount(void);
                     ^~~

</pre>
					
					<h4>examples/SDU_Car_Base</h4>
					<p>
						Result: <b>FAIL</b>
					</p>
					<pre class="pre-scrollable">In file included from /home/ec2-user/arduino-testlib/cli-datadir/user/libraries/SDU_CAR/examples/SDU_Car_Base/SDU_Car_Base.ino:10:0:
/home/ec2-user/arduino-testlib/cli-datadir/user/libraries/SDU_CAR/SDU_CAR.h:156:21: error: extra qualification &#39;LOG::&#39; on member &#39;getFileCount&#39; [-fpermissive]
             uint8_t LOG::getFileCount(void);
                     ^~~

</pre>
					
					<h4>examples/SDU_Car_Prototype</h4>
					<p>
						Result: <b>FAIL</b>
					</p>
					<pre class="pre-scrollable">In file included from /home/ec2-user/arduino-testlib/cli-datadir/user/libraries/SDU_CAR/examples/SDU_Car_Prototype/SDU_Car_Prototype.ino:10:0:
/home/ec2-user/arduino-testlib/cli-datadir/user/libraries/SDU_CAR/SDU_CAR.h:156:21: error: extra qualification &#39;LOG::&#39; on member &#39;getFileCount&#39; [-fpermissive]
             uint8_t LOG::getFileCount(void);
                     ^~~

</pre>
					
					<h4>examples/SDU_Car_Tester</h4>
					<p>
						Result: <b>FAIL</b>
					</p>
					<pre class="pre-scrollable">In file included from /home/ec2-user/arduino-testlib/cli-datadir/user/libraries/SDU_CAR/examples/SDU_Car_Tester/SDU_Car_Tester.ino:9:0:
/home/ec2-user/arduino-testlib/cli-datadir/user/libraries/SDU_CAR/SDU_CAR.h:156:21: error: extra qualification &#39;LOG::&#39; on member &#39;getFileCount&#39; [-fpermissive]
             uint8_t LOG::getFileCount(void);
                     ^~~

</pre>
					
				
				<h3 id="esp32:esp32:d1_mini32">esp32:esp32:d1_mini32 @ 1.0.6</h3>
				<h4>Inclusion</h4>
				<p>
					Result: <b>FAIL</b>
					
				</p>
				<pre class="pre-scrollable">In file included from /home/ec2-user/arduino-testlib/cli-datadir/user/libraries/SD/src/utility/Sd2Card.h:26:0,
                 from /home/ec2-user/arduino-testlib/cli-datadir/user/libraries/SD/src/utility/SdFat.h:29,
                 from /home/ec2-user/arduino-testlib/cli-datadir/user/libraries/SD/src/SD.h:20,
                 from /home/ec2-user/arduino-testlib/cli-datadir/user/libraries/SDU_CAR/SDU_CAR.h:11,
                 from /tmp/arduino-testlib690860218/test/test.ino:1:
/home/ec2-user/arduino-testlib/cli-datadir/user/libraries/SD/src/utility/Sd2PinMap.h:524:2: error: #error Architecture or board not supported.
 #error Architecture or board not supported.
  ^
Multiple libraries were found for &#34;SD.h&#34;
  Used: /home/ec2-user/arduino-testlib/cli-datadir/user/libraries/SD
  Not used: /home/ec2-user/arduino-testlib/cli-datadir/data/packages/esp32/hardware/esp32/1.0.6/libraries/SD
</pre>

					
					<h4>examples/SDU_Car_Accelerometer</h4>
					<p>
						Result: <b>FAIL</b>
					</p>
					<pre class="pre-scrollable">In file included from /home/ec2-user/arduino-testlib/cli-datadir/user/libraries/SD/src/utility/Sd2Card.h:26:0,
                 from /home/ec2-user/arduino-testlib/cli-datadir/user/libraries/SD/src/utility/SdFat.h:29,
                 from /home/ec2-user/arduino-testlib/cli-datadir/user/libraries/SD/src/SD.h:20,
                 from /home/ec2-user/arduino-testlib/cli-datadir/user/libraries/SDU_CAR/SDU_CAR.h:11,
                 from /home/ec2-user/arduino-testlib/cli-datadir/user/libraries/SDU_CAR/examples/SDU_Car_Accelerometer/SDU_Car_Accelerometer.ino:10:
/home/ec2-user/arduino-testlib/cli-datadir/user/libraries/SD/src/utility/Sd2PinMap.h:524:2: error: #error Architecture or board not supported.
 #error Architecture or board not supported.
  ^
Multiple libraries were found for &#34;SD.h&#34;
  Used: /home/ec2-user/arduino-testlib/cli-datadir/user/libraries/SD
  Not used: /home/ec2-user/arduino-testlib/cli-datadir/data/packages/esp32/hardware/esp32/1.0.6/libraries/SD
</pre>
					
					<h4>examples/SDU_Car_Base</h4>
					<p>
						Result: <b>FAIL</b>
					</p>
					<pre class="pre-scrollable">In file included from /home/ec2-user/arduino-testlib/cli-datadir/user/libraries/SD/src/utility/Sd2Card.h:26:0,
                 from /home/ec2-user/arduino-testlib/cli-datadir/user/libraries/SD/src/utility/SdFat.h:29,
                 from /home/ec2-user/arduino-testlib/cli-datadir/user/libraries/SD/src/SD.h:20,
                 from /home/ec2-user/arduino-testlib/cli-datadir/user/libraries/SDU_CAR/SDU_CAR.h:11,
                 from /home/ec2-user/arduino-testlib/cli-datadir/user/libraries/SDU_CAR/examples/SDU_Car_Base/SDU_Car_Base.ino:10:
/home/ec2-user/arduino-testlib/cli-datadir/user/libraries/SD/src/utility/Sd2PinMap.h:524:2: error: #error Architecture or board not supported.
 #error Architecture or board not supported.
  ^
Multiple libraries were found for &#34;SD.h&#34;
  Used: /home/ec2-user/arduino-testlib/cli-datadir/user/libraries/SD
  Not used: /home/ec2-user/arduino-testlib/cli-datadir/data/packages/esp32/hardware/esp32/1.0.6/libraries/SD
</pre>
					
					<h4>examples/SDU_Car_Prototype</h4>
					<p>
						Result: <b>FAIL</b>
					</p>
					<pre class="pre-scrollable">In file included from /home/ec2-user/arduino-testlib/cli-datadir/user/libraries/SD/src/utility/Sd2Card.h:26:0,
                 from /home/ec2-user/arduino-testlib/cli-datadir/user/libraries/SD/src/utility/SdFat.h:29,
                 from /home/ec2-user/arduino-testlib/cli-datadir/user/libraries/SD/src/SD.h:20,
                 from /home/ec2-user/arduino-testlib/cli-datadir/user/libraries/SDU_CAR/SDU_CAR.h:11,
                 from /home/ec2-user/arduino-testlib/cli-datadir/user/libraries/SDU_CAR/examples/SDU_Car_Prototype/SDU_Car_Prototype.ino:10:
/home/ec2-user/arduino-testlib/cli-datadir/user/libraries/SD/src/utility/Sd2PinMap.h:524:2: error: #error Architecture or board not supported.
 #error Architecture or board not supported.
  ^
Multiple libraries were found for &#34;SD.h&#34;
  Used: /home/ec2-user/arduino-testlib/cli-datadir/user/libraries/SD
  Not used: /home/ec2-user/arduino-testlib/cli-datadir/data/packages/esp32/hardware/esp32/1.0.6/libraries/SD
</pre>
					
					<h4>examples/SDU_Car_Tester</h4>
					<p>
						Result: <b>FAIL</b>
					</p>
					<pre class="pre-scrollable">In file included from /home/ec2-user/arduino-testlib/cli-datadir/user/libraries/SD/src/utility/Sd2Card.h:26:0,
                 from /home/ec2-user/arduino-testlib/cli-datadir/user/libraries/SD/src/utility/SdFat.h:29,
                 from /home/ec2-user/arduino-testlib/cli-datadir/user/libraries/SD/src/SD.h:20,
                 from /home/ec2-user/arduino-testlib/cli-datadir/user/libraries/SDU_CAR/SDU_CAR.h:11,
                 from /home/ec2-user/arduino-testlib/cli-datadir/user/libraries/SDU_CAR/examples/SDU_Car_Tester/SDU_Car_Tester.ino:9:
/home/ec2-user/arduino-testlib/cli-datadir/user/libraries/SD/src/utility/Sd2PinMap.h:524:2: error: #error Architecture or board not supported.
 #error Architecture or board not supported.
  ^
Multiple libraries were found for &#34;SD.h&#34;
  Used: /home/ec2-user/arduino-testlib/cli-datadir/user/libraries/SD
  Not used: /home/ec2-user/arduino-testlib/cli-datadir/data/packages/esp32/hardware/esp32/1.0.6/libraries/SD
</pre>
					
				
			</div>
		</div>
	</div>
  </body>
</html>
