
<!doctype html>
<html lang="en">
  <head>
    <meta charset="utf-8">
    <meta name="viewport" content="width=device-width, initial-scale=1">
    <link href="https://cdn.jsdelivr.net/npm/bootstrap@5.0.2/dist/css/bootstrap.min.css" rel="stylesheet" integrity="sha384-EVSTQN3/azprG1Anm3QDgpJLIm9Nao0Yz1ztcQTwFspd3yD65VohhpuuCOmLASjC" crossorigin="anonymous">
    <title>arduino-testlib report</title>
	<style>
	.pass { background-color: #00FF00 !important; }
	.fail { background-color: #FF0000 !important; }
	</style>
  </head>
  <body>
	<div class="container">
		<div class="row">
			<div class="col">
				<h1>Seeed Arduino LSM6DS3 - compatibility matrix</h1>
				<p>
					<small>This report was generated on Wednesday, 23-Feb-22 22:48:15 CET using 
					<a href="https://github.com/alranel/arduino-testlib">arduino-testlib</a>.</small>
				</p>

				<h2>Seeed Arduino LSM6DS3</h2>
				<p>
					Version: <b>2.0.1</b>
					<br />
					<a href="https://www.arduino.cc/reference/en/libraries/seeed-arduino-lsm6ds3/">More details</a>
				</p>

				<h2>Compatibility matrix</h2>
				<table class="table table-bordered">
					<tr>
						<th>Board</th>
						<th>Claims compatibility</th>
						<th>Inclusion</th>
						
						<th><pre>FreeFallDetect</pre></th>
						
						<th><pre>HighLevelExample</pre></th>
						
						<th><pre>LowLevelExample</pre></th>
						
						<th><pre>Pedometer</pre></th>
						
					</tr>
					
					<tr>
						<td>
							<a href="#arduino%3aavr%3auno"><b>arduino:avr:uno</b></a>
							<br />
							<small>1.8.4</small>
						</td>

						
							<td>Yes</td>
							<td class="pass">PASS</td>
						
						
						
						

						
							
								
									
										
											
											<td class="fail">FAIL</td>
										
									
										
									
										
									
										
									
								
							
								
							
								
							
								
							
								
							
						
							
								
									
										
									
										
											
											<td class="fail">FAIL</td>
										
									
										
									
										
									
								
							
								
							
								
							
								
							
								
							
						
							
								
									
										
									
										
									
										
											
											<td class="fail">FAIL</td>
										
									
										
									
								
							
								
							
								
							
								
							
								
							
						
							
								
									
										
									
										
									
										
									
										
											
											<td class="fail">FAIL</td>
										
									
								
							
								
							
								
							
								
							
								
							
						
					</tr>
					
					<tr>
						<td>
							<a href="#arduino%3ambed_nano%3ananorp2040connect"><b>arduino:mbed_nano:nanorp2040connect</b></a>
							<br />
							<small>2.7.2</small>
						</td>

						
							<td>Yes</td>
							<td class="pass">PASS</td>
						
						
						
						

						
							
								
							
								
									
										
											
											<td class="fail">FAIL</td>
										
									
										
									
										
									
										
									
								
							
								
							
								
							
								
							
						
							
								
							
								
									
										
									
										
											
											<td class="fail">FAIL</td>
										
									
										
									
										
									
								
							
								
							
								
							
								
							
						
							
								
							
								
									
										
									
										
									
										
											
											<td class="fail">FAIL</td>
										
									
										
									
								
							
								
							
								
							
								
							
						
							
								
							
								
									
										
									
										
									
										
									
										
											
											<td class="fail">FAIL</td>
										
									
								
							
								
							
								
							
								
							
						
					</tr>
					
					<tr>
						<td>
							<a href="#arduino%3amegaavr%3anona4809"><b>arduino:megaavr:nona4809</b></a>
							<br />
							<small>1.8.7</small>
						</td>

						
							<td>Yes</td>
							<td class="pass">PASS</td>
						
						
						
						

						
							
								
							
								
							
								
									
										
											
											<td class="fail">FAIL</td>
										
									
										
									
										
									
										
									
								
							
								
							
								
							
						
							
								
							
								
							
								
									
										
									
										
											
											<td class="fail">FAIL</td>
										
									
										
									
										
									
								
							
								
							
								
							
						
							
								
							
								
							
								
									
										
									
										
									
										
											
											<td class="fail">FAIL</td>
										
									
										
									
								
							
								
							
								
							
						
							
								
							
								
							
								
									
										
									
										
									
										
									
										
											
											<td class="fail">FAIL</td>
										
									
								
							
								
							
								
							
						
					</tr>
					
					<tr>
						<td>
							<a href="#arduino%3asamd%3amkrwifi1010"><b>arduino:samd:mkrwifi1010</b></a>
							<br />
							<small>1.8.12</small>
						</td>

						
							<td>Yes</td>
							<td class="pass">PASS</td>
						
						
						
						

						
							
								
							
								
							
								
							
								
									
										
											
											<td class="fail">FAIL</td>
										
									
										
									
										
									
										
									
								
							
								
							
						
							
								
							
								
							
								
							
								
									
										
									
										
											
											<td class="fail">FAIL</td>
										
									
										
									
										
									
								
							
								
							
						
							
								
							
								
							
								
							
								
									
										
									
										
									
										
											
											<td class="fail">FAIL</td>
										
									
										
									
								
							
								
							
						
							
								
							
								
							
								
							
								
									
										
									
										
									
										
									
										
											
											<td class="fail">FAIL</td>
										
									
								
							
								
							
						
					</tr>
					
					<tr>
						<td>
							<a href="#esp32%3aesp32%3ad1_mini32"><b>esp32:esp32:d1_mini32</b></a>
							<br />
							<small>1.0.6</small>
						</td>

						
						
						
							<td>Yes ⚠️</td>
							<td class="fail">FAIL</td>
						
						

						
							
								
							
								
							
								
							
								
							
								
									
										
											
											<td class="fail">FAIL</td>
										
									
										
									
										
									
										
									
								
							
						
							
								
							
								
							
								
							
								
							
								
									
										
									
										
											
											<td class="fail">FAIL</td>
										
									
										
									
										
									
								
							
						
							
								
							
								
							
								
							
								
							
								
									
										
									
										
									
										
											
											<td class="fail">FAIL</td>
										
									
										
									
								
							
						
							
								
							
								
							
								
							
								
							
								
									
										
									
										
									
										
									
										
											
											<td class="fail">FAIL</td>
										
									
								
							
						
					</tr>
					
				</table>

				<h2>Compilation logs</h2>
				
				<h3 id="arduino:avr:uno">arduino:avr:uno @ 1.8.4</h3>
				<h4>Inclusion</h4>
				<p>
					Result: <b>PASS</b>
					
					<br />This library has no main header file so an empty one was created.
					
				</p>
				<pre class="pre-scrollable">Sketch uses 4858 bytes (15%) of program storage space. Maximum is 32256 bytes.
Global variables use 231 bytes (11%) of dynamic memory, leaving 1817 bytes for local variables. Maximum is 2048 bytes.
</pre>

					
					<h4>examples/FreeFallDetect</h4>
					<p>
						Result: <b>FAIL</b>
					</p>
					<pre class="pre-scrollable">/home/ec2-user/arduino-testlib/cli-datadir/user/libraries/Seeed_Arduino_LSM6DS3/examples/FreeFallDetect/FreeFallDetect.ino:38:1: error: &#39;LSM6DS3&#39; does not name a type; did you mean &#39;LSM6DS3Class&#39;?
 LSM6DS3 lsm6ds3(I2C_MODE, 0x6A);    //I2C device address 0x6A
 ^~~~~~~
 LSM6DS3Class
/home/ec2-user/arduino-testlib/cli-datadir/user/libraries/Seeed_Arduino_LSM6DS3/examples/FreeFallDetect/FreeFallDetect.ino: In function &#39;void setup()&#39;:
/home/ec2-user/arduino-testlib/cli-datadir/user/libraries/Seeed_Arduino_LSM6DS3/examples/FreeFallDetect/FreeFallDetect.ino:44:9: error: &#39;lsm6ds3&#39; was not declared in this scope
     if (lsm6ds3.begin() != 0) {
         ^~~~~~~
/home/ec2-user/arduino-testlib/cli-datadir/user/libraries/Seeed_Arduino_LSM6DS3/examples/FreeFallDetect/FreeFallDetect.ino: In function &#39;void loop()&#39;:
/home/ec2-user/arduino-testlib/cli-datadir/user/libraries/Seeed_Arduino_LSM6DS3/examples/FreeFallDetect/FreeFallDetect.ino:60:5: error: &#39;lsm6ds3&#39; was not declared in this scope
     lsm6ds3.readRegister(&amp;readDataByte, LSM6DS3_ACC_GYRO_WAKE_UP_SRC);
     ^~~~~~~
/home/ec2-user/arduino-testlib/cli-datadir/user/libraries/Seeed_Arduino_LSM6DS3/examples/FreeFallDetect/FreeFallDetect.ino:60:41: error: &#39;LSM6DS3_ACC_GYRO_WAKE_UP_SRC&#39; was not declared in this scope
     lsm6ds3.readRegister(&amp;readDataByte, LSM6DS3_ACC_GYRO_WAKE_UP_SRC);
                                         ^~~~~~~~~~~~~~~~~~~~~~~~~~~~
/home/ec2-user/arduino-testlib/cli-datadir/user/libraries/Seeed_Arduino_LSM6DS3/examples/FreeFallDetect/FreeFallDetect.ino: In function &#39;int config_free_fall_detect()&#39;:
/home/ec2-user/arduino-testlib/cli-datadir/user/libraries/Seeed_Arduino_LSM6DS3/examples/FreeFallDetect/FreeFallDetect.ino:75:20: error: &#39;LSM6DS3_ACC_GYRO_BW_XL_200Hz&#39; was not declared in this scope
     dataToWrite |= LSM6DS3_ACC_GYRO_BW_XL_200Hz;
                    ^~~~~~~~~~~~~~~~~~~~~~~~~~~~
/home/ec2-user/arduino-testlib/cli-datadir/user/libraries/Seeed_Arduino_LSM6DS3/examples/FreeFallDetect/FreeFallDetect.ino:76:20: error: &#39;LSM6DS3_ACC_GYRO_FS_XL_2g&#39; was not declared in this scope
     dataToWrite |= LSM6DS3_ACC_GYRO_FS_XL_2g;
                    ^~~~~~~~~~~~~~~~~~~~~~~~~
/home/ec2-user/arduino-testlib/cli-datadir/user/libraries/Seeed_Arduino_LSM6DS3/examples/FreeFallDetect/FreeFallDetect.ino:77:20: error: &#39;LSM6DS3_ACC_GYRO_ODR_XL_416Hz&#39; was not declared in this scope
     dataToWrite |= LSM6DS3_ACC_GYRO_ODR_XL_416Hz;
                    ^~~~~~~~~~~~~~~~~~~~~~~~~~~~~
/home/ec2-user/arduino-testlib/cli-datadir/user/libraries/Seeed_Arduino_LSM6DS3/examples/FreeFallDetect/FreeFallDetect.ino:79:14: error: &#39;lsm6ds3&#39; was not declared in this scope
     error &#43;= lsm6ds3.writeRegister(LSM6DS3_ACC_GYRO_CTRL1_XL, dataToWrite);
              ^~~~~~~
/home/ec2-user/arduino-testlib/cli-datadir/user/libraries/Seeed_Arduino_LSM6DS3/examples/FreeFallDetect/FreeFallDetect.ino:79:36: error: &#39;LSM6DS3_ACC_GYRO_CTRL1_XL&#39; was not declared in this scope
     error &#43;= lsm6ds3.writeRegister(LSM6DS3_ACC_GYRO_CTRL1_XL, dataToWrite);
                                    ^~~~~~~~~~~~~~~~~~~~~~~~~
/home/ec2-user/arduino-testlib/cli-datadir/user/libraries/Seeed_Arduino_LSM6DS3/examples/FreeFallDetect/FreeFallDetect.ino:80:36: error: &#39;LSM6DS3_ACC_GYRO_WAKE_UP_DUR&#39; was not declared in this scope
     error &#43;= lsm6ds3.writeRegister(LSM6DS3_ACC_GYRO_WAKE_UP_DUR, 0x00);
                                    ^~~~~~~~~~~~~~~~~~~~~~~~~~~~
/home/ec2-user/arduino-testlib/cli-datadir/user/libraries/Seeed_Arduino_LSM6DS3/examples/FreeFallDetect/FreeFallDetect.ino:81:36: error: &#39;LSM6DS3_ACC_GYRO_FREE_FALL&#39; was not declared in this scope
     error &#43;= lsm6ds3.writeRegister(LSM6DS3_ACC_GYRO_FREE_FALL, 0x33);
                                    ^~~~~~~~~~~~~~~~~~~~~~~~~~
/home/ec2-user/arduino-testlib/cli-datadir/user/libraries/Seeed_Arduino_LSM6DS3/examples/FreeFallDetect/FreeFallDetect.ino:82:36: error: &#39;LSM6DS3_ACC_GYRO_MD1_CFG&#39; was not declared in this scope
     error &#43;= lsm6ds3.writeRegister(LSM6DS3_ACC_GYRO_MD1_CFG, 0x10);
                                    ^~~~~~~~~~~~~~~~~~~~~~~~
/home/ec2-user/arduino-testlib/cli-datadir/user/libraries/Seeed_Arduino_LSM6DS3/examples/FreeFallDetect/FreeFallDetect.ino:83:36: error: &#39;LSM6DS3_ACC_GYRO_MD2_CFG&#39; was not declared in this scope
     error &#43;= lsm6ds3.writeRegister(LSM6DS3_ACC_GYRO_MD2_CFG, 0x10);
                                    ^~~~~~~~~~~~~~~~~~~~~~~~
/home/ec2-user/arduino-testlib/cli-datadir/user/libraries/Seeed_Arduino_LSM6DS3/examples/FreeFallDetect/FreeFallDetect.ino:84:36: error: &#39;LSM6DS3_ACC_GYRO_TAP_CFG1&#39; was not declared in this scope
     error &#43;= lsm6ds3.writeRegister(LSM6DS3_ACC_GYRO_TAP_CFG1, 0x01);
                                    ^~~~~~~~~~~~~~~~~~~~~~~~~
Multiple libraries were found for &#34;LSM6DS3.h&#34;
  Used: /home/ec2-user/arduino-testlib/cli-datadir/user/libraries/Arduino_LSM6DS3
  Not used: /home/ec2-user/arduino-testlib/cli-datadir/user/libraries/Seeed_Arduino_LSM6DS3
  Not used: /home/ec2-user/arduino-testlib/cli-datadir/user/libraries/SmartEverything_LSM6DS3
</pre>
					
					<h4>examples/HighLevelExample</h4>
					<p>
						Result: <b>FAIL</b>
					</p>
					<pre class="pre-scrollable">/home/ec2-user/arduino-testlib/cli-datadir/user/libraries/Seeed_Arduino_LSM6DS3/examples/HighLevelExample/HighLevelExample.ino:35:1: error: &#39;LSM6DS3&#39; does not name a type; did you mean &#39;LSM6DS3Class&#39;?
 LSM6DS3 myIMU(I2C_MODE, 0x6A);    //I2C device address 0x6A
 ^~~~~~~
 LSM6DS3Class
/home/ec2-user/arduino-testlib/cli-datadir/user/libraries/Seeed_Arduino_LSM6DS3/examples/HighLevelExample/HighLevelExample.ino: In function &#39;void setup()&#39;:
/home/ec2-user/arduino-testlib/cli-datadir/user/libraries/Seeed_Arduino_LSM6DS3/examples/HighLevelExample/HighLevelExample.ino:42:9: error: &#39;myIMU&#39; was not declared in this scope
     if (myIMU.begin() != 0) {
         ^~~~~
/home/ec2-user/arduino-testlib/cli-datadir/user/libraries/Seeed_Arduino_LSM6DS3/examples/HighLevelExample/HighLevelExample.ino:42:9: note: suggested alternative: &#39;IMU&#39;
     if (myIMU.begin() != 0) {
         ^~~~~
         IMU
/home/ec2-user/arduino-testlib/cli-datadir/user/libraries/Seeed_Arduino_LSM6DS3/examples/HighLevelExample/HighLevelExample.ino: In function &#39;void loop()&#39;:
/home/ec2-user/arduino-testlib/cli-datadir/user/libraries/Seeed_Arduino_LSM6DS3/examples/HighLevelExample/HighLevelExample.ino:53:20: error: &#39;myIMU&#39; was not declared in this scope
     Serial.println(myIMU.readFloatAccelX(), 4);
                    ^~~~~
/home/ec2-user/arduino-testlib/cli-datadir/user/libraries/Seeed_Arduino_LSM6DS3/examples/HighLevelExample/HighLevelExample.ino:53:20: note: suggested alternative: &#39;IMU&#39;
     Serial.println(myIMU.readFloatAccelX(), 4);
                    ^~~~~
                    IMU
Multiple libraries were found for &#34;LSM6DS3.h&#34;
  Used: /home/ec2-user/arduino-testlib/cli-datadir/user/libraries/Arduino_LSM6DS3
  Not used: /home/ec2-user/arduino-testlib/cli-datadir/user/libraries/SmartEverything_LSM6DS3
  Not used: /home/ec2-user/arduino-testlib/cli-datadir/user/libraries/Seeed_Arduino_LSM6DS3
</pre>
					
					<h4>examples/LowLevelExample</h4>
					<p>
						Result: <b>FAIL</b>
					</p>
					<pre class="pre-scrollable">/home/ec2-user/arduino-testlib/cli-datadir/user/libraries/Seeed_Arduino_LSM6DS3/examples/LowLevelExample/LowLevelExample.ino:38:1: error: &#39;LSM6DS3Core&#39; does not name a type; did you mean &#39;LSM6DS3Class&#39;?
 LSM6DS3Core myIMU(I2C_MODE, 0x6A);    //I2C device address 0x6A
 ^~~~~~~~~~~
 LSM6DS3Class
/home/ec2-user/arduino-testlib/cli-datadir/user/libraries/Seeed_Arduino_LSM6DS3/examples/LowLevelExample/LowLevelExample.ino: In function &#39;void setup()&#39;:
/home/ec2-user/arduino-testlib/cli-datadir/user/libraries/Seeed_Arduino_LSM6DS3/examples/LowLevelExample/LowLevelExample.ino:46:9: error: &#39;myIMU&#39; was not declared in this scope
     if (myIMU.beginCore() != 0) {
         ^~~~~
/home/ec2-user/arduino-testlib/cli-datadir/user/libraries/Seeed_Arduino_LSM6DS3/examples/LowLevelExample/LowLevelExample.ino:46:9: note: suggested alternative: &#39;IMU&#39;
     if (myIMU.beginCore() != 0) {
         ^~~~~
         IMU
/home/ec2-user/arduino-testlib/cli-datadir/user/libraries/Seeed_Arduino_LSM6DS3/examples/LowLevelExample/LowLevelExample.ino:56:20: error: &#39;LSM6DS3_ACC_GYRO_BW_XL_100Hz&#39; was not declared in this scope
     dataToWrite |= LSM6DS3_ACC_GYRO_BW_XL_100Hz;
                    ^~~~~~~~~~~~~~~~~~~~~~~~~~~~
/home/ec2-user/arduino-testlib/cli-datadir/user/libraries/Seeed_Arduino_LSM6DS3/examples/LowLevelExample/LowLevelExample.ino:57:20: error: &#39;LSM6DS3_ACC_GYRO_FS_XL_8g&#39; was not declared in this scope
     dataToWrite |= LSM6DS3_ACC_GYRO_FS_XL_8g;
                    ^~~~~~~~~~~~~~~~~~~~~~~~~
/home/ec2-user/arduino-testlib/cli-datadir/user/libraries/Seeed_Arduino_LSM6DS3/examples/LowLevelExample/LowLevelExample.ino:58:20: error: &#39;LSM6DS3_ACC_GYRO_ODR_XL_104Hz&#39; was not declared in this scope
     dataToWrite |= LSM6DS3_ACC_GYRO_ODR_XL_104Hz;
                    ^~~~~~~~~~~~~~~~~~~~~~~~~~~~~
/home/ec2-user/arduino-testlib/cli-datadir/user/libraries/Seeed_Arduino_LSM6DS3/examples/LowLevelExample/LowLevelExample.ino:61:26: error: &#39;myIMU&#39; was not declared in this scope
     errorsAndWarnings &#43;= myIMU.writeRegister(LSM6DS3_ACC_GYRO_CTRL1_XL, dataToWrite);
                          ^~~~~
/home/ec2-user/arduino-testlib/cli-datadir/user/libraries/Seeed_Arduino_LSM6DS3/examples/LowLevelExample/LowLevelExample.ino:61:26: note: suggested alternative: &#39;IMU&#39;
     errorsAndWarnings &#43;= myIMU.writeRegister(LSM6DS3_ACC_GYRO_CTRL1_XL, dataToWrite);
                          ^~~~~
                          IMU
/home/ec2-user/arduino-testlib/cli-datadir/user/libraries/Seeed_Arduino_LSM6DS3/examples/LowLevelExample/LowLevelExample.ino:61:46: error: &#39;LSM6DS3_ACC_GYRO_CTRL1_XL&#39; was not declared in this scope
     errorsAndWarnings &#43;= myIMU.writeRegister(LSM6DS3_ACC_GYRO_CTRL1_XL, dataToWrite);
                                              ^~~~~~~~~~~~~~~~~~~~~~~~~
/home/ec2-user/arduino-testlib/cli-datadir/user/libraries/Seeed_Arduino_LSM6DS3/examples/LowLevelExample/LowLevelExample.ino:64:59: error: &#39;LSM6DS3_ACC_GYRO_CTRL4_C&#39; was not declared in this scope
     errorsAndWarnings &#43;= myIMU.readRegister(&amp;dataToWrite, LSM6DS3_ACC_GYRO_CTRL4_C);
                                                           ^~~~~~~~~~~~~~~~~~~~~~~~
/home/ec2-user/arduino-testlib/cli-datadir/user/libraries/Seeed_Arduino_LSM6DS3/examples/LowLevelExample/LowLevelExample.ino:65:31: error: &#39;LSM6DS3_ACC_GYRO_BW_SCAL_ODR_ENABLED&#39; was not declared in this scope
     dataToWrite &amp;= ~((uint8_t)LSM6DS3_ACC_GYRO_BW_SCAL_ODR_ENABLED);
                               ^~~~~~~~~~~~~~~~~~~~~~~~~~~~~~~~~~~~
/home/ec2-user/arduino-testlib/cli-datadir/user/libraries/Seeed_Arduino_LSM6DS3/examples/LowLevelExample/LowLevelExample.ino: In function &#39;void loop()&#39;:
/home/ec2-user/arduino-testlib/cli-datadir/user/libraries/Seeed_Arduino_LSM6DS3/examples/LowLevelExample/LowLevelExample.ino:75:9: error: &#39;myIMU&#39; was not declared in this scope
     if (myIMU.readRegisterInt16(&amp;temp, LSM6DS3_ACC_GYRO_OUTX_L_XL) != 0) {
         ^~~~~
/home/ec2-user/arduino-testlib/cli-datadir/user/libraries/Seeed_Arduino_LSM6DS3/examples/LowLevelExample/LowLevelExample.ino:75:9: note: suggested alternative: &#39;IMU&#39;
     if (myIMU.readRegisterInt16(&amp;temp, LSM6DS3_ACC_GYRO_OUTX_L_XL) != 0) {
         ^~~~~
         IMU
/home/ec2-user/arduino-testlib/cli-datadir/user/libraries/Seeed_Arduino_LSM6DS3/examples/LowLevelExample/LowLevelExample.ino:75:40: error: &#39;LSM6DS3_ACC_GYRO_OUTX_L_XL&#39; was not declared in this scope
     if (myIMU.readRegisterInt16(&amp;temp, LSM6DS3_ACC_GYRO_OUTX_L_XL) != 0) {
                                        ^~~~~~~~~~~~~~~~~~~~~~~~~~
/home/ec2-user/arduino-testlib/cli-datadir/user/libraries/Seeed_Arduino_LSM6DS3/examples/LowLevelExample/LowLevelExample.ino:82:9: error: &#39;myIMU&#39; was not declared in this scope
     if (myIMU.readRegisterInt16(&amp;temp, LSM6DS3_ACC_GYRO_OUTY_L_XL) != 0) {
         ^~~~~
/home/ec2-user/arduino-testlib/cli-datadir/user/libraries/Seeed_Arduino_LSM6DS3/examples/LowLevelExample/LowLevelExample.ino:82:9: note: suggested alternative: &#39;IMU&#39;
     if (myIMU.readRegisterInt16(&amp;temp, LSM6DS3_ACC_GYRO_OUTY_L_XL) != 0) {
         ^~~~~
         IMU
/home/ec2-user/arduino-testlib/cli-datadir/user/libraries/Seeed_Arduino_LSM6DS3/examples/LowLevelExample/LowLevelExample.ino:82:40: error: &#39;LSM6DS3_ACC_GYRO_OUTY_L_XL&#39; was not declared in this scope
     if (myIMU.readRegisterInt16(&amp;temp, LSM6DS3_ACC_GYRO_OUTY_L_XL) != 0) {
                                        ^~~~~~~~~~~~~~~~~~~~~~~~~~
/home/ec2-user/arduino-testlib/cli-datadir/user/libraries/Seeed_Arduino_LSM6DS3/examples/LowLevelExample/LowLevelExample.ino:89:9: error: &#39;myIMU&#39; was not declared in this scope
     if (myIMU.readRegisterInt16(&amp;temp, LSM6DS3_ACC_GYRO_OUTZ_L_XL) != 0) {
         ^~~~~
/home/ec2-user/arduino-testlib/cli-datadir/user/libraries/Seeed_Arduino_LSM6DS3/examples/LowLevelExample/LowLevelExample.ino:89:9: note: suggested alternative: &#39;IMU&#39;
     if (myIMU.readRegisterInt16(&amp;temp, LSM6DS3_ACC_GYRO_OUTZ_L_XL) != 0) {
         ^~~~~
         IMU
/home/ec2-user/arduino-testlib/cli-datadir/user/libraries/Seeed_Arduino_LSM6DS3/examples/LowLevelExample/LowLevelExample.ino:89:40: error: &#39;LSM6DS3_ACC_GYRO_OUTZ_L_XL&#39; was not declared in this scope
     if (myIMU.readRegisterInt16(&amp;temp, LSM6DS3_ACC_GYRO_OUTZ_L_XL) != 0) {
                                        ^~~~~~~~~~~~~~~~~~~~~~~~~~
Multiple libraries were found for &#34;LSM6DS3.h&#34;
  Used: /home/ec2-user/arduino-testlib/cli-datadir/user/libraries/Arduino_LSM6DS3
  Not used: /home/ec2-user/arduino-testlib/cli-datadir/user/libraries/Seeed_Arduino_LSM6DS3
  Not used: /home/ec2-user/arduino-testlib/cli-datadir/user/libraries/SmartEverything_LSM6DS3
</pre>
					
					<h4>examples/Pedometer</h4>
					<p>
						Result: <b>FAIL</b>
					</p>
					<pre class="pre-scrollable">/home/ec2-user/arduino-testlib/cli-datadir/user/libraries/Seeed_Arduino_LSM6DS3/examples/Pedometer/Pedometer.ino:38:1: error: &#39;LSM6DS3&#39; does not name a type; did you mean &#39;LSM6DS3Class&#39;?
 LSM6DS3 pedometer(I2C_MODE, 0x6A);    //I2C device address 0x6A
 ^~~~~~~
 LSM6DS3Class
/home/ec2-user/arduino-testlib/cli-datadir/user/libraries/Seeed_Arduino_LSM6DS3/examples/Pedometer/Pedometer.ino: In function &#39;void setup()&#39;:
/home/ec2-user/arduino-testlib/cli-datadir/user/libraries/Seeed_Arduino_LSM6DS3/examples/Pedometer/Pedometer.ino:43:9: error: &#39;pedometer&#39; was not declared in this scope
     if (pedometer.begin() != 0) {
         ^~~~~~~~~
/home/ec2-user/arduino-testlib/cli-datadir/user/libraries/Seeed_Arduino_LSM6DS3/examples/Pedometer/Pedometer.ino: In function &#39;void loop()&#39;:
/home/ec2-user/arduino-testlib/cli-datadir/user/libraries/Seeed_Arduino_LSM6DS3/examples/Pedometer/Pedometer.ino:60:5: error: &#39;pedometer&#39; was not declared in this scope
     pedometer.readRegister(&amp;dataByte, LSM6DS3_ACC_GYRO_STEP_COUNTER_H);
     ^~~~~~~~~
/home/ec2-user/arduino-testlib/cli-datadir/user/libraries/Seeed_Arduino_LSM6DS3/examples/Pedometer/Pedometer.ino:60:39: error: &#39;LSM6DS3_ACC_GYRO_STEP_COUNTER_H&#39; was not declared in this scope
     pedometer.readRegister(&amp;dataByte, LSM6DS3_ACC_GYRO_STEP_COUNTER_H);
                                       ^~~~~~~~~~~~~~~~~~~~~~~~~~~~~~~
/home/ec2-user/arduino-testlib/cli-datadir/user/libraries/Seeed_Arduino_LSM6DS3/examples/Pedometer/Pedometer.ino:63:39: error: &#39;LSM6DS3_ACC_GYRO_STEP_COUNTER_L&#39; was not declared in this scope
     pedometer.readRegister(&amp;dataByte, LSM6DS3_ACC_GYRO_STEP_COUNTER_L);
                                       ^~~~~~~~~~~~~~~~~~~~~~~~~~~~~~~
/home/ec2-user/arduino-testlib/cli-datadir/user/libraries/Seeed_Arduino_LSM6DS3/examples/Pedometer/Pedometer.ino: In function &#39;int config_pedometer(bool)&#39;:
/home/ec2-user/arduino-testlib/cli-datadir/user/libraries/Seeed_Arduino_LSM6DS3/examples/Pedometer/Pedometer.ino:81:20: error: &#39;LSM6DS3_ACC_GYRO_FS_XL_2g&#39; was not declared in this scope
     dataToWrite |= LSM6DS3_ACC_GYRO_FS_XL_2g;
                    ^~~~~~~~~~~~~~~~~~~~~~~~~
/home/ec2-user/arduino-testlib/cli-datadir/user/libraries/Seeed_Arduino_LSM6DS3/examples/Pedometer/Pedometer.ino:82:20: error: &#39;LSM6DS3_ACC_GYRO_ODR_XL_26Hz&#39; was not declared in this scope
     dataToWrite |= LSM6DS3_ACC_GYRO_ODR_XL_26Hz;
                    ^~~~~~~~~~~~~~~~~~~~~~~~~~~~
/home/ec2-user/arduino-testlib/cli-datadir/user/libraries/Seeed_Arduino_LSM6DS3/examples/Pedometer/Pedometer.ino:86:25: error: &#39;pedometer&#39; was not declared in this scope
     errorAccumulator &#43;= pedometer.writeRegister(LSM6DS3_ACC_GYRO_CTRL1_XL, dataToWrite);
                         ^~~~~~~~~
/home/ec2-user/arduino-testlib/cli-datadir/user/libraries/Seeed_Arduino_LSM6DS3/examples/Pedometer/Pedometer.ino:86:49: error: &#39;LSM6DS3_ACC_GYRO_CTRL1_XL&#39; was not declared in this scope
     errorAccumulator &#43;= pedometer.writeRegister(LSM6DS3_ACC_GYRO_CTRL1_XL, dataToWrite);
                                                 ^~~~~~~~~~~~~~~~~~~~~~~~~
/home/ec2-user/arduino-testlib/cli-datadir/user/libraries/Seeed_Arduino_LSM6DS3/examples/Pedometer/Pedometer.ino:90:53: error: &#39;LSM6DS3_ACC_GYRO_CTRL10_C&#39; was not declared in this scope
         errorAccumulator &#43;= pedometer.writeRegister(LSM6DS3_ACC_GYRO_CTRL10_C, 0x3E);
                                                     ^~~~~~~~~~~~~~~~~~~~~~~~~
/home/ec2-user/arduino-testlib/cli-datadir/user/libraries/Seeed_Arduino_LSM6DS3/examples/Pedometer/Pedometer.ino:92:53: error: &#39;LSM6DS3_ACC_GYRO_CTRL10_C&#39; was not declared in this scope
         errorAccumulator &#43;= pedometer.writeRegister(LSM6DS3_ACC_GYRO_CTRL10_C, 0x3C);
                                                     ^~~~~~~~~~~~~~~~~~~~~~~~~
/home/ec2-user/arduino-testlib/cli-datadir/user/libraries/Seeed_Arduino_LSM6DS3/examples/Pedometer/Pedometer.ino:96:49: error: &#39;LSM6DS3_ACC_GYRO_TAP_CFG1&#39; was not declared in this scope
     errorAccumulator &#43;= pedometer.writeRegister(LSM6DS3_ACC_GYRO_TAP_CFG1, 0x40);
                                                 ^~~~~~~~~~~~~~~~~~~~~~~~~
/home/ec2-user/arduino-testlib/cli-datadir/user/libraries/Seeed_Arduino_LSM6DS3/examples/Pedometer/Pedometer.ino:99:49: error: &#39;LSM6DS3_ACC_GYRO_INT1_CTRL&#39; was not declared in this scope
     errorAccumulator &#43;= pedometer.writeRegister(LSM6DS3_ACC_GYRO_INT1_CTRL, 0x10);
                                                 ^~~~~~~~~~~~~~~~~~~~~~~~~~
Multiple libraries were found for &#34;LSM6DS3.h&#34;
  Used: /home/ec2-user/arduino-testlib/cli-datadir/user/libraries/Arduino_LSM6DS3
  Not used: /home/ec2-user/arduino-testlib/cli-datadir/user/libraries/Seeed_Arduino_LSM6DS3
  Not used: /home/ec2-user/arduino-testlib/cli-datadir/user/libraries/SmartEverything_LSM6DS3
</pre>
					
				
				<h3 id="arduino:mbed_nano:nanorp2040connect">arduino:mbed_nano:nanorp2040connect @ 2.7.2</h3>
				<h4>Inclusion</h4>
				<p>
					Result: <b>PASS</b>
					
					<br />This library has no main header file so an empty one was created.
					
				</p>
				<pre class="pre-scrollable">Sketch uses 84578 bytes (0%) of program storage space. Maximum is 16777216 bytes.
Global variables use 44428 bytes (16%) of dynamic memory, leaving 225908 bytes for local variables. Maximum is 270336 bytes.
</pre>

					
					<h4>examples/FreeFallDetect</h4>
					<p>
						Result: <b>FAIL</b>
					</p>
					<pre class="pre-scrollable">/home/ec2-user/arduino-testlib/cli-datadir/user/libraries/Seeed_Arduino_LSM6DS3/examples/FreeFallDetect/FreeFallDetect.ino:38:1: error: &#39;LSM6DS3&#39; does not name a type
 LSM6DS3 lsm6ds3(I2C_MODE, 0x6A);    //I2C device address 0x6A
 ^~~~~~~
/home/ec2-user/arduino-testlib/cli-datadir/user/libraries/Seeed_Arduino_LSM6DS3/examples/FreeFallDetect/FreeFallDetect.ino: In function &#39;void setup()&#39;:
/home/ec2-user/arduino-testlib/cli-datadir/user/libraries/Seeed_Arduino_LSM6DS3/examples/FreeFallDetect/FreeFallDetect.ino:44:9: error: &#39;lsm6ds3&#39; was not declared in this scope
     if (lsm6ds3.begin() != 0) {
         ^~~~~~~
/home/ec2-user/arduino-testlib/cli-datadir/user/libraries/Seeed_Arduino_LSM6DS3/examples/FreeFallDetect/FreeFallDetect.ino: In function &#39;void loop()&#39;:
/home/ec2-user/arduino-testlib/cli-datadir/user/libraries/Seeed_Arduino_LSM6DS3/examples/FreeFallDetect/FreeFallDetect.ino:60:5: error: &#39;lsm6ds3&#39; was not declared in this scope
     lsm6ds3.readRegister(&amp;readDataByte, LSM6DS3_ACC_GYRO_WAKE_UP_SRC);
     ^~~~~~~
/home/ec2-user/arduino-testlib/cli-datadir/user/libraries/Seeed_Arduino_LSM6DS3/examples/FreeFallDetect/FreeFallDetect.ino:60:41: error: &#39;LSM6DS3_ACC_GYRO_WAKE_UP_SRC&#39; was not declared in this scope
     lsm6ds3.readRegister(&amp;readDataByte, LSM6DS3_ACC_GYRO_WAKE_UP_SRC);
                                         ^~~~~~~~~~~~~~~~~~~~~~~~~~~~
/home/ec2-user/arduino-testlib/cli-datadir/user/libraries/Seeed_Arduino_LSM6DS3/examples/FreeFallDetect/FreeFallDetect.ino: In function &#39;int config_free_fall_detect()&#39;:
/home/ec2-user/arduino-testlib/cli-datadir/user/libraries/Seeed_Arduino_LSM6DS3/examples/FreeFallDetect/FreeFallDetect.ino:75:20: error: &#39;LSM6DS3_ACC_GYRO_BW_XL_200Hz&#39; was not declared in this scope
     dataToWrite |= LSM6DS3_ACC_GYRO_BW_XL_200Hz;
                    ^~~~~~~~~~~~~~~~~~~~~~~~~~~~
/home/ec2-user/arduino-testlib/cli-datadir/user/libraries/Seeed_Arduino_LSM6DS3/examples/FreeFallDetect/FreeFallDetect.ino:76:20: error: &#39;LSM6DS3_ACC_GYRO_FS_XL_2g&#39; was not declared in this scope
     dataToWrite |= LSM6DS3_ACC_GYRO_FS_XL_2g;
                    ^~~~~~~~~~~~~~~~~~~~~~~~~
/home/ec2-user/arduino-testlib/cli-datadir/user/libraries/Seeed_Arduino_LSM6DS3/examples/FreeFallDetect/FreeFallDetect.ino:77:20: error: &#39;LSM6DS3_ACC_GYRO_ODR_XL_416Hz&#39; was not declared in this scope
     dataToWrite |= LSM6DS3_ACC_GYRO_ODR_XL_416Hz;
                    ^~~~~~~~~~~~~~~~~~~~~~~~~~~~~
/home/ec2-user/arduino-testlib/cli-datadir/user/libraries/Seeed_Arduino_LSM6DS3/examples/FreeFallDetect/FreeFallDetect.ino:79:14: error: &#39;lsm6ds3&#39; was not declared in this scope
     error &#43;= lsm6ds3.writeRegister(LSM6DS3_ACC_GYRO_CTRL1_XL, dataToWrite);
              ^~~~~~~
/home/ec2-user/arduino-testlib/cli-datadir/user/libraries/Seeed_Arduino_LSM6DS3/examples/FreeFallDetect/FreeFallDetect.ino:79:36: error: &#39;LSM6DS3_ACC_GYRO_CTRL1_XL&#39; was not declared in this scope
     error &#43;= lsm6ds3.writeRegister(LSM6DS3_ACC_GYRO_CTRL1_XL, dataToWrite);
                                    ^~~~~~~~~~~~~~~~~~~~~~~~~
/home/ec2-user/arduino-testlib/cli-datadir/user/libraries/Seeed_Arduino_LSM6DS3/examples/FreeFallDetect/FreeFallDetect.ino:80:36: error: &#39;LSM6DS3_ACC_GYRO_WAKE_UP_DUR&#39; was not declared in this scope
     error &#43;= lsm6ds3.writeRegister(LSM6DS3_ACC_GYRO_WAKE_UP_DUR, 0x00);
                                    ^~~~~~~~~~~~~~~~~~~~~~~~~~~~
/home/ec2-user/arduino-testlib/cli-datadir/user/libraries/Seeed_Arduino_LSM6DS3/examples/FreeFallDetect/FreeFallDetect.ino:81:36: error: &#39;LSM6DS3_ACC_GYRO_FREE_FALL&#39; was not declared in this scope
     error &#43;= lsm6ds3.writeRegister(LSM6DS3_ACC_GYRO_FREE_FALL, 0x33);
                                    ^~~~~~~~~~~~~~~~~~~~~~~~~~
/home/ec2-user/arduino-testlib/cli-datadir/user/libraries/Seeed_Arduino_LSM6DS3/examples/FreeFallDetect/FreeFallDetect.ino:82:36: error: &#39;LSM6DS3_ACC_GYRO_MD1_CFG&#39; was not declared in this scope
     error &#43;= lsm6ds3.writeRegister(LSM6DS3_ACC_GYRO_MD1_CFG, 0x10);
                                    ^~~~~~~~~~~~~~~~~~~~~~~~
/home/ec2-user/arduino-testlib/cli-datadir/user/libraries/Seeed_Arduino_LSM6DS3/examples/FreeFallDetect/FreeFallDetect.ino:83:36: error: &#39;LSM6DS3_ACC_GYRO_MD2_CFG&#39; was not declared in this scope
     error &#43;= lsm6ds3.writeRegister(LSM6DS3_ACC_GYRO_MD2_CFG, 0x10);
                                    ^~~~~~~~~~~~~~~~~~~~~~~~
/home/ec2-user/arduino-testlib/cli-datadir/user/libraries/Seeed_Arduino_LSM6DS3/examples/FreeFallDetect/FreeFallDetect.ino:84:36: error: &#39;LSM6DS3_ACC_GYRO_TAP_CFG1&#39; was not declared in this scope
     error &#43;= lsm6ds3.writeRegister(LSM6DS3_ACC_GYRO_TAP_CFG1, 0x01);
                                    ^~~~~~~~~~~~~~~~~~~~~~~~~
Multiple libraries were found for &#34;LSM6DS3.h&#34;
  Used: /home/ec2-user/arduino-testlib/cli-datadir/user/libraries/Arduino_LSM6DS3
  Not used: /home/ec2-user/arduino-testlib/cli-datadir/user/libraries/SmartEverything_LSM6DS3
  Not used: /home/ec2-user/arduino-testlib/cli-datadir/user/libraries/Seeed_Arduino_LSM6DS3
</pre>
					
					<h4>examples/HighLevelExample</h4>
					<p>
						Result: <b>FAIL</b>
					</p>
					<pre class="pre-scrollable">/home/ec2-user/arduino-testlib/cli-datadir/user/libraries/Seeed_Arduino_LSM6DS3/examples/HighLevelExample/HighLevelExample.ino:35:1: error: &#39;LSM6DS3&#39; does not name a type
 LSM6DS3 myIMU(I2C_MODE, 0x6A);    //I2C device address 0x6A
 ^~~~~~~
/home/ec2-user/arduino-testlib/cli-datadir/user/libraries/Seeed_Arduino_LSM6DS3/examples/HighLevelExample/HighLevelExample.ino: In function &#39;void setup()&#39;:
/home/ec2-user/arduino-testlib/cli-datadir/user/libraries/Seeed_Arduino_LSM6DS3/examples/HighLevelExample/HighLevelExample.ino:42:9: error: &#39;myIMU&#39; was not declared in this scope
     if (myIMU.begin() != 0) {
         ^~~~~
/home/ec2-user/arduino-testlib/cli-datadir/user/libraries/Seeed_Arduino_LSM6DS3/examples/HighLevelExample/HighLevelExample.ino:42:9: note: suggested alternative: &#39;IMU&#39;
     if (myIMU.begin() != 0) {
         ^~~~~
         IMU
/home/ec2-user/arduino-testlib/cli-datadir/user/libraries/Seeed_Arduino_LSM6DS3/examples/HighLevelExample/HighLevelExample.ino: In function &#39;void loop()&#39;:
/home/ec2-user/arduino-testlib/cli-datadir/user/libraries/Seeed_Arduino_LSM6DS3/examples/HighLevelExample/HighLevelExample.ino:53:20: error: &#39;myIMU&#39; was not declared in this scope
     Serial.println(myIMU.readFloatAccelX(), 4);
                    ^~~~~
/home/ec2-user/arduino-testlib/cli-datadir/user/libraries/Seeed_Arduino_LSM6DS3/examples/HighLevelExample/HighLevelExample.ino:53:20: note: suggested alternative: &#39;IMU&#39;
     Serial.println(myIMU.readFloatAccelX(), 4);
                    ^~~~~
                    IMU
Multiple libraries were found for &#34;LSM6DS3.h&#34;
  Used: /home/ec2-user/arduino-testlib/cli-datadir/user/libraries/Arduino_LSM6DS3
  Not used: /home/ec2-user/arduino-testlib/cli-datadir/user/libraries/Seeed_Arduino_LSM6DS3
  Not used: /home/ec2-user/arduino-testlib/cli-datadir/user/libraries/SmartEverything_LSM6DS3
</pre>
					
					<h4>examples/LowLevelExample</h4>
					<p>
						Result: <b>FAIL</b>
					</p>
					<pre class="pre-scrollable">/home/ec2-user/arduino-testlib/cli-datadir/user/libraries/Seeed_Arduino_LSM6DS3/examples/LowLevelExample/LowLevelExample.ino:38:1: error: &#39;LSM6DS3Core&#39; does not name a type; did you mean &#39;LSM6DS3Class&#39;?
 LSM6DS3Core myIMU(I2C_MODE, 0x6A);    //I2C device address 0x6A
 ^~~~~~~~~~~
 LSM6DS3Class
/home/ec2-user/arduino-testlib/cli-datadir/user/libraries/Seeed_Arduino_LSM6DS3/examples/LowLevelExample/LowLevelExample.ino: In function &#39;void setup()&#39;:
/home/ec2-user/arduino-testlib/cli-datadir/user/libraries/Seeed_Arduino_LSM6DS3/examples/LowLevelExample/LowLevelExample.ino:46:9: error: &#39;myIMU&#39; was not declared in this scope
     if (myIMU.beginCore() != 0) {
         ^~~~~
/home/ec2-user/arduino-testlib/cli-datadir/user/libraries/Seeed_Arduino_LSM6DS3/examples/LowLevelExample/LowLevelExample.ino:46:9: note: suggested alternative: &#39;IMU&#39;
     if (myIMU.beginCore() != 0) {
         ^~~~~
         IMU
/home/ec2-user/arduino-testlib/cli-datadir/user/libraries/Seeed_Arduino_LSM6DS3/examples/LowLevelExample/LowLevelExample.ino:56:20: error: &#39;LSM6DS3_ACC_GYRO_BW_XL_100Hz&#39; was not declared in this scope
     dataToWrite |= LSM6DS3_ACC_GYRO_BW_XL_100Hz;
                    ^~~~~~~~~~~~~~~~~~~~~~~~~~~~
/home/ec2-user/arduino-testlib/cli-datadir/user/libraries/Seeed_Arduino_LSM6DS3/examples/LowLevelExample/LowLevelExample.ino:57:20: error: &#39;LSM6DS3_ACC_GYRO_FS_XL_8g&#39; was not declared in this scope
     dataToWrite |= LSM6DS3_ACC_GYRO_FS_XL_8g;
                    ^~~~~~~~~~~~~~~~~~~~~~~~~
/home/ec2-user/arduino-testlib/cli-datadir/user/libraries/Seeed_Arduino_LSM6DS3/examples/LowLevelExample/LowLevelExample.ino:58:20: error: &#39;LSM6DS3_ACC_GYRO_ODR_XL_104Hz&#39; was not declared in this scope
     dataToWrite |= LSM6DS3_ACC_GYRO_ODR_XL_104Hz;
                    ^~~~~~~~~~~~~~~~~~~~~~~~~~~~~
/home/ec2-user/arduino-testlib/cli-datadir/user/libraries/Seeed_Arduino_LSM6DS3/examples/LowLevelExample/LowLevelExample.ino:61:26: error: &#39;myIMU&#39; was not declared in this scope
     errorsAndWarnings &#43;= myIMU.writeRegister(LSM6DS3_ACC_GYRO_CTRL1_XL, dataToWrite);
                          ^~~~~
/home/ec2-user/arduino-testlib/cli-datadir/user/libraries/Seeed_Arduino_LSM6DS3/examples/LowLevelExample/LowLevelExample.ino:61:26: note: suggested alternative: &#39;IMU&#39;
     errorsAndWarnings &#43;= myIMU.writeRegister(LSM6DS3_ACC_GYRO_CTRL1_XL, dataToWrite);
                          ^~~~~
                          IMU
/home/ec2-user/arduino-testlib/cli-datadir/user/libraries/Seeed_Arduino_LSM6DS3/examples/LowLevelExample/LowLevelExample.ino:61:46: error: &#39;LSM6DS3_ACC_GYRO_CTRL1_XL&#39; was not declared in this scope
     errorsAndWarnings &#43;= myIMU.writeRegister(LSM6DS3_ACC_GYRO_CTRL1_XL, dataToWrite);
                                              ^~~~~~~~~~~~~~~~~~~~~~~~~
/home/ec2-user/arduino-testlib/cli-datadir/user/libraries/Seeed_Arduino_LSM6DS3/examples/LowLevelExample/LowLevelExample.ino:64:59: error: &#39;LSM6DS3_ACC_GYRO_CTRL4_C&#39; was not declared in this scope
     errorsAndWarnings &#43;= myIMU.readRegister(&amp;dataToWrite, LSM6DS3_ACC_GYRO_CTRL4_C);
                                                           ^~~~~~~~~~~~~~~~~~~~~~~~
/home/ec2-user/arduino-testlib/cli-datadir/user/libraries/Seeed_Arduino_LSM6DS3/examples/LowLevelExample/LowLevelExample.ino:65:31: error: &#39;LSM6DS3_ACC_GYRO_BW_SCAL_ODR_ENABLED&#39; was not declared in this scope
     dataToWrite &amp;= ~((uint8_t)LSM6DS3_ACC_GYRO_BW_SCAL_ODR_ENABLED);
                               ^~~~~~~~~~~~~~~~~~~~~~~~~~~~~~~~~~~~
/home/ec2-user/arduino-testlib/cli-datadir/user/libraries/Seeed_Arduino_LSM6DS3/examples/LowLevelExample/LowLevelExample.ino: In function &#39;void loop()&#39;:
/home/ec2-user/arduino-testlib/cli-datadir/user/libraries/Seeed_Arduino_LSM6DS3/examples/LowLevelExample/LowLevelExample.ino:75:9: error: &#39;myIMU&#39; was not declared in this scope
     if (myIMU.readRegisterInt16(&amp;temp, LSM6DS3_ACC_GYRO_OUTX_L_XL) != 0) {
         ^~~~~
/home/ec2-user/arduino-testlib/cli-datadir/user/libraries/Seeed_Arduino_LSM6DS3/examples/LowLevelExample/LowLevelExample.ino:75:9: note: suggested alternative: &#39;IMU&#39;
     if (myIMU.readRegisterInt16(&amp;temp, LSM6DS3_ACC_GYRO_OUTX_L_XL) != 0) {
         ^~~~~
         IMU
/home/ec2-user/arduino-testlib/cli-datadir/user/libraries/Seeed_Arduino_LSM6DS3/examples/LowLevelExample/LowLevelExample.ino:75:40: error: &#39;LSM6DS3_ACC_GYRO_OUTX_L_XL&#39; was not declared in this scope
     if (myIMU.readRegisterInt16(&amp;temp, LSM6DS3_ACC_GYRO_OUTX_L_XL) != 0) {
                                        ^~~~~~~~~~~~~~~~~~~~~~~~~~
/home/ec2-user/arduino-testlib/cli-datadir/user/libraries/Seeed_Arduino_LSM6DS3/examples/LowLevelExample/LowLevelExample.ino:82:9: error: &#39;myIMU&#39; was not declared in this scope
     if (myIMU.readRegisterInt16(&amp;temp, LSM6DS3_ACC_GYRO_OUTY_L_XL) != 0) {
         ^~~~~
/home/ec2-user/arduino-testlib/cli-datadir/user/libraries/Seeed_Arduino_LSM6DS3/examples/LowLevelExample/LowLevelExample.ino:82:9: note: suggested alternative: &#39;IMU&#39;
     if (myIMU.readRegisterInt16(&amp;temp, LSM6DS3_ACC_GYRO_OUTY_L_XL) != 0) {
         ^~~~~
         IMU
/home/ec2-user/arduino-testlib/cli-datadir/user/libraries/Seeed_Arduino_LSM6DS3/examples/LowLevelExample/LowLevelExample.ino:82:40: error: &#39;LSM6DS3_ACC_GYRO_OUTY_L_XL&#39; was not declared in this scope
     if (myIMU.readRegisterInt16(&amp;temp, LSM6DS3_ACC_GYRO_OUTY_L_XL) != 0) {
                                        ^~~~~~~~~~~~~~~~~~~~~~~~~~
/home/ec2-user/arduino-testlib/cli-datadir/user/libraries/Seeed_Arduino_LSM6DS3/examples/LowLevelExample/LowLevelExample.ino:89:9: error: &#39;myIMU&#39; was not declared in this scope
     if (myIMU.readRegisterInt16(&amp;temp, LSM6DS3_ACC_GYRO_OUTZ_L_XL) != 0) {
         ^~~~~
/home/ec2-user/arduino-testlib/cli-datadir/user/libraries/Seeed_Arduino_LSM6DS3/examples/LowLevelExample/LowLevelExample.ino:89:9: note: suggested alternative: &#39;IMU&#39;
     if (myIMU.readRegisterInt16(&amp;temp, LSM6DS3_ACC_GYRO_OUTZ_L_XL) != 0) {
         ^~~~~
         IMU
/home/ec2-user/arduino-testlib/cli-datadir/user/libraries/Seeed_Arduino_LSM6DS3/examples/LowLevelExample/LowLevelExample.ino:89:40: error: &#39;LSM6DS3_ACC_GYRO_OUTZ_L_XL&#39; was not declared in this scope
     if (myIMU.readRegisterInt16(&amp;temp, LSM6DS3_ACC_GYRO_OUTZ_L_XL) != 0) {
                                        ^~~~~~~~~~~~~~~~~~~~~~~~~~
Multiple libraries were found for &#34;LSM6DS3.h&#34;
  Used: /home/ec2-user/arduino-testlib/cli-datadir/user/libraries/Arduino_LSM6DS3
  Not used: /home/ec2-user/arduino-testlib/cli-datadir/user/libraries/Seeed_Arduino_LSM6DS3
  Not used: /home/ec2-user/arduino-testlib/cli-datadir/user/libraries/SmartEverything_LSM6DS3
</pre>
					
					<h4>examples/Pedometer</h4>
					<p>
						Result: <b>FAIL</b>
					</p>
					<pre class="pre-scrollable">/home/ec2-user/arduino-testlib/cli-datadir/user/libraries/Seeed_Arduino_LSM6DS3/examples/Pedometer/Pedometer.ino:38:1: error: &#39;LSM6DS3&#39; does not name a type
 LSM6DS3 pedometer(I2C_MODE, 0x6A);    //I2C device address 0x6A
 ^~~~~~~
/home/ec2-user/arduino-testlib/cli-datadir/user/libraries/Seeed_Arduino_LSM6DS3/examples/Pedometer/Pedometer.ino: In function &#39;void setup()&#39;:
/home/ec2-user/arduino-testlib/cli-datadir/user/libraries/Seeed_Arduino_LSM6DS3/examples/Pedometer/Pedometer.ino:43:9: error: &#39;pedometer&#39; was not declared in this scope
     if (pedometer.begin() != 0) {
         ^~~~~~~~~
/home/ec2-user/arduino-testlib/cli-datadir/user/libraries/Seeed_Arduino_LSM6DS3/examples/Pedometer/Pedometer.ino: In function &#39;void loop()&#39;:
/home/ec2-user/arduino-testlib/cli-datadir/user/libraries/Seeed_Arduino_LSM6DS3/examples/Pedometer/Pedometer.ino:60:5: error: &#39;pedometer&#39; was not declared in this scope
     pedometer.readRegister(&amp;dataByte, LSM6DS3_ACC_GYRO_STEP_COUNTER_H);
     ^~~~~~~~~
/home/ec2-user/arduino-testlib/cli-datadir/user/libraries/Seeed_Arduino_LSM6DS3/examples/Pedometer/Pedometer.ino:60:39: error: &#39;LSM6DS3_ACC_GYRO_STEP_COUNTER_H&#39; was not declared in this scope
     pedometer.readRegister(&amp;dataByte, LSM6DS3_ACC_GYRO_STEP_COUNTER_H);
                                       ^~~~~~~~~~~~~~~~~~~~~~~~~~~~~~~
/home/ec2-user/arduino-testlib/cli-datadir/user/libraries/Seeed_Arduino_LSM6DS3/examples/Pedometer/Pedometer.ino:63:39: error: &#39;LSM6DS3_ACC_GYRO_STEP_COUNTER_L&#39; was not declared in this scope
     pedometer.readRegister(&amp;dataByte, LSM6DS3_ACC_GYRO_STEP_COUNTER_L);
                                       ^~~~~~~~~~~~~~~~~~~~~~~~~~~~~~~
/home/ec2-user/arduino-testlib/cli-datadir/user/libraries/Seeed_Arduino_LSM6DS3/examples/Pedometer/Pedometer.ino: In function &#39;int config_pedometer(bool)&#39;:
/home/ec2-user/arduino-testlib/cli-datadir/user/libraries/Seeed_Arduino_LSM6DS3/examples/Pedometer/Pedometer.ino:81:20: error: &#39;LSM6DS3_ACC_GYRO_FS_XL_2g&#39; was not declared in this scope
     dataToWrite |= LSM6DS3_ACC_GYRO_FS_XL_2g;
                    ^~~~~~~~~~~~~~~~~~~~~~~~~
/home/ec2-user/arduino-testlib/cli-datadir/user/libraries/Seeed_Arduino_LSM6DS3/examples/Pedometer/Pedometer.ino:82:20: error: &#39;LSM6DS3_ACC_GYRO_ODR_XL_26Hz&#39; was not declared in this scope
     dataToWrite |= LSM6DS3_ACC_GYRO_ODR_XL_26Hz;
                    ^~~~~~~~~~~~~~~~~~~~~~~~~~~~
/home/ec2-user/arduino-testlib/cli-datadir/user/libraries/Seeed_Arduino_LSM6DS3/examples/Pedometer/Pedometer.ino:86:25: error: &#39;pedometer&#39; was not declared in this scope
     errorAccumulator &#43;= pedometer.writeRegister(LSM6DS3_ACC_GYRO_CTRL1_XL, dataToWrite);
                         ^~~~~~~~~
/home/ec2-user/arduino-testlib/cli-datadir/user/libraries/Seeed_Arduino_LSM6DS3/examples/Pedometer/Pedometer.ino:86:49: error: &#39;LSM6DS3_ACC_GYRO_CTRL1_XL&#39; was not declared in this scope
     errorAccumulator &#43;= pedometer.writeRegister(LSM6DS3_ACC_GYRO_CTRL1_XL, dataToWrite);
                                                 ^~~~~~~~~~~~~~~~~~~~~~~~~
/home/ec2-user/arduino-testlib/cli-datadir/user/libraries/Seeed_Arduino_LSM6DS3/examples/Pedometer/Pedometer.ino:90:53: error: &#39;LSM6DS3_ACC_GYRO_CTRL10_C&#39; was not declared in this scope
         errorAccumulator &#43;= pedometer.writeRegister(LSM6DS3_ACC_GYRO_CTRL10_C, 0x3E);
                                                     ^~~~~~~~~~~~~~~~~~~~~~~~~
/home/ec2-user/arduino-testlib/cli-datadir/user/libraries/Seeed_Arduino_LSM6DS3/examples/Pedometer/Pedometer.ino:92:53: error: &#39;LSM6DS3_ACC_GYRO_CTRL10_C&#39; was not declared in this scope
         errorAccumulator &#43;= pedometer.writeRegister(LSM6DS3_ACC_GYRO_CTRL10_C, 0x3C);
                                                     ^~~~~~~~~~~~~~~~~~~~~~~~~
/home/ec2-user/arduino-testlib/cli-datadir/user/libraries/Seeed_Arduino_LSM6DS3/examples/Pedometer/Pedometer.ino:96:49: error: &#39;LSM6DS3_ACC_GYRO_TAP_CFG1&#39; was not declared in this scope
     errorAccumulator &#43;= pedometer.writeRegister(LSM6DS3_ACC_GYRO_TAP_CFG1, 0x40);
                                                 ^~~~~~~~~~~~~~~~~~~~~~~~~
/home/ec2-user/arduino-testlib/cli-datadir/user/libraries/Seeed_Arduino_LSM6DS3/examples/Pedometer/Pedometer.ino:99:49: error: &#39;LSM6DS3_ACC_GYRO_INT1_CTRL&#39; was not declared in this scope
     errorAccumulator &#43;= pedometer.writeRegister(LSM6DS3_ACC_GYRO_INT1_CTRL, 0x10);
                                                 ^~~~~~~~~~~~~~~~~~~~~~~~~~
Multiple libraries were found for &#34;LSM6DS3.h&#34;
  Used: /home/ec2-user/arduino-testlib/cli-datadir/user/libraries/Arduino_LSM6DS3
  Not used: /home/ec2-user/arduino-testlib/cli-datadir/user/libraries/Seeed_Arduino_LSM6DS3
  Not used: /home/ec2-user/arduino-testlib/cli-datadir/user/libraries/SmartEverything_LSM6DS3
</pre>
					
				
				<h3 id="arduino:megaavr:nona4809">arduino:megaavr:nona4809 @ 1.8.7</h3>
				<h4>Inclusion</h4>
				<p>
					Result: <b>PASS</b>
					
					<br />This library has no main header file so an empty one was created.
					
				</p>
				<pre class="pre-scrollable">Sketch uses 7256 bytes (14%) of program storage space. Maximum is 49152 bytes.
Global variables use 347 bytes (5%) of dynamic memory, leaving 5797 bytes for local variables. Maximum is 6144 bytes.
</pre>

					
					<h4>examples/FreeFallDetect</h4>
					<p>
						Result: <b>FAIL</b>
					</p>
					<pre class="pre-scrollable">/home/ec2-user/arduino-testlib/cli-datadir/user/libraries/Seeed_Arduino_LSM6DS3/examples/FreeFallDetect/FreeFallDetect.ino:38:1: error: &#39;LSM6DS3&#39; does not name a type; did you mean &#39;LSM6DS3Class&#39;?
 LSM6DS3 lsm6ds3(I2C_MODE, 0x6A);    //I2C device address 0x6A
 ^~~~~~~
 LSM6DS3Class
/home/ec2-user/arduino-testlib/cli-datadir/user/libraries/Seeed_Arduino_LSM6DS3/examples/FreeFallDetect/FreeFallDetect.ino: In function &#39;void setup()&#39;:
/home/ec2-user/arduino-testlib/cli-datadir/user/libraries/Seeed_Arduino_LSM6DS3/examples/FreeFallDetect/FreeFallDetect.ino:44:9: error: &#39;lsm6ds3&#39; was not declared in this scope
     if (lsm6ds3.begin() != 0) {
         ^~~~~~~
/home/ec2-user/arduino-testlib/cli-datadir/user/libraries/Seeed_Arduino_LSM6DS3/examples/FreeFallDetect/FreeFallDetect.ino: In function &#39;void loop()&#39;:
/home/ec2-user/arduino-testlib/cli-datadir/user/libraries/Seeed_Arduino_LSM6DS3/examples/FreeFallDetect/FreeFallDetect.ino:60:5: error: &#39;lsm6ds3&#39; was not declared in this scope
     lsm6ds3.readRegister(&amp;readDataByte, LSM6DS3_ACC_GYRO_WAKE_UP_SRC);
     ^~~~~~~
/home/ec2-user/arduino-testlib/cli-datadir/user/libraries/Seeed_Arduino_LSM6DS3/examples/FreeFallDetect/FreeFallDetect.ino:60:41: error: &#39;LSM6DS3_ACC_GYRO_WAKE_UP_SRC&#39; was not declared in this scope
     lsm6ds3.readRegister(&amp;readDataByte, LSM6DS3_ACC_GYRO_WAKE_UP_SRC);
                                         ^~~~~~~~~~~~~~~~~~~~~~~~~~~~
/home/ec2-user/arduino-testlib/cli-datadir/user/libraries/Seeed_Arduino_LSM6DS3/examples/FreeFallDetect/FreeFallDetect.ino: In function &#39;int config_free_fall_detect()&#39;:
/home/ec2-user/arduino-testlib/cli-datadir/user/libraries/Seeed_Arduino_LSM6DS3/examples/FreeFallDetect/FreeFallDetect.ino:75:20: error: &#39;LSM6DS3_ACC_GYRO_BW_XL_200Hz&#39; was not declared in this scope
     dataToWrite |= LSM6DS3_ACC_GYRO_BW_XL_200Hz;
                    ^~~~~~~~~~~~~~~~~~~~~~~~~~~~
/home/ec2-user/arduino-testlib/cli-datadir/user/libraries/Seeed_Arduino_LSM6DS3/examples/FreeFallDetect/FreeFallDetect.ino:76:20: error: &#39;LSM6DS3_ACC_GYRO_FS_XL_2g&#39; was not declared in this scope
     dataToWrite |= LSM6DS3_ACC_GYRO_FS_XL_2g;
                    ^~~~~~~~~~~~~~~~~~~~~~~~~
/home/ec2-user/arduino-testlib/cli-datadir/user/libraries/Seeed_Arduino_LSM6DS3/examples/FreeFallDetect/FreeFallDetect.ino:77:20: error: &#39;LSM6DS3_ACC_GYRO_ODR_XL_416Hz&#39; was not declared in this scope
     dataToWrite |= LSM6DS3_ACC_GYRO_ODR_XL_416Hz;
                    ^~~~~~~~~~~~~~~~~~~~~~~~~~~~~
/home/ec2-user/arduino-testlib/cli-datadir/user/libraries/Seeed_Arduino_LSM6DS3/examples/FreeFallDetect/FreeFallDetect.ino:79:14: error: &#39;lsm6ds3&#39; was not declared in this scope
     error &#43;= lsm6ds3.writeRegister(LSM6DS3_ACC_GYRO_CTRL1_XL, dataToWrite);
              ^~~~~~~
/home/ec2-user/arduino-testlib/cli-datadir/user/libraries/Seeed_Arduino_LSM6DS3/examples/FreeFallDetect/FreeFallDetect.ino:79:36: error: &#39;LSM6DS3_ACC_GYRO_CTRL1_XL&#39; was not declared in this scope
     error &#43;= lsm6ds3.writeRegister(LSM6DS3_ACC_GYRO_CTRL1_XL, dataToWrite);
                                    ^~~~~~~~~~~~~~~~~~~~~~~~~
/home/ec2-user/arduino-testlib/cli-datadir/user/libraries/Seeed_Arduino_LSM6DS3/examples/FreeFallDetect/FreeFallDetect.ino:80:36: error: &#39;LSM6DS3_ACC_GYRO_WAKE_UP_DUR&#39; was not declared in this scope
     error &#43;= lsm6ds3.writeRegister(LSM6DS3_ACC_GYRO_WAKE_UP_DUR, 0x00);
                                    ^~~~~~~~~~~~~~~~~~~~~~~~~~~~
/home/ec2-user/arduino-testlib/cli-datadir/user/libraries/Seeed_Arduino_LSM6DS3/examples/FreeFallDetect/FreeFallDetect.ino:81:36: error: &#39;LSM6DS3_ACC_GYRO_FREE_FALL&#39; was not declared in this scope
     error &#43;= lsm6ds3.writeRegister(LSM6DS3_ACC_GYRO_FREE_FALL, 0x33);
                                    ^~~~~~~~~~~~~~~~~~~~~~~~~~
/home/ec2-user/arduino-testlib/cli-datadir/user/libraries/Seeed_Arduino_LSM6DS3/examples/FreeFallDetect/FreeFallDetect.ino:82:36: error: &#39;LSM6DS3_ACC_GYRO_MD1_CFG&#39; was not declared in this scope
     error &#43;= lsm6ds3.writeRegister(LSM6DS3_ACC_GYRO_MD1_CFG, 0x10);
                                    ^~~~~~~~~~~~~~~~~~~~~~~~
/home/ec2-user/arduino-testlib/cli-datadir/user/libraries/Seeed_Arduino_LSM6DS3/examples/FreeFallDetect/FreeFallDetect.ino:83:36: error: &#39;LSM6DS3_ACC_GYRO_MD2_CFG&#39; was not declared in this scope
     error &#43;= lsm6ds3.writeRegister(LSM6DS3_ACC_GYRO_MD2_CFG, 0x10);
                                    ^~~~~~~~~~~~~~~~~~~~~~~~
/home/ec2-user/arduino-testlib/cli-datadir/user/libraries/Seeed_Arduino_LSM6DS3/examples/FreeFallDetect/FreeFallDetect.ino:84:36: error: &#39;LSM6DS3_ACC_GYRO_TAP_CFG1&#39; was not declared in this scope
     error &#43;= lsm6ds3.writeRegister(LSM6DS3_ACC_GYRO_TAP_CFG1, 0x01);
                                    ^~~~~~~~~~~~~~~~~~~~~~~~~
Multiple libraries were found for &#34;LSM6DS3.h&#34;
  Used: /home/ec2-user/arduino-testlib/cli-datadir/user/libraries/Arduino_LSM6DS3
  Not used: /home/ec2-user/arduino-testlib/cli-datadir/user/libraries/Seeed_Arduino_LSM6DS3
  Not used: /home/ec2-user/arduino-testlib/cli-datadir/user/libraries/SmartEverything_LSM6DS3
</pre>
					
					<h4>examples/HighLevelExample</h4>
					<p>
						Result: <b>FAIL</b>
					</p>
					<pre class="pre-scrollable">/home/ec2-user/arduino-testlib/cli-datadir/user/libraries/Seeed_Arduino_LSM6DS3/examples/HighLevelExample/HighLevelExample.ino:35:1: error: &#39;LSM6DS3&#39; does not name a type; did you mean &#39;LSM6DS3Class&#39;?
 LSM6DS3 myIMU(I2C_MODE, 0x6A);    //I2C device address 0x6A
 ^~~~~~~
 LSM6DS3Class
/home/ec2-user/arduino-testlib/cli-datadir/user/libraries/Seeed_Arduino_LSM6DS3/examples/HighLevelExample/HighLevelExample.ino: In function &#39;void setup()&#39;:
/home/ec2-user/arduino-testlib/cli-datadir/user/libraries/Seeed_Arduino_LSM6DS3/examples/HighLevelExample/HighLevelExample.ino:42:9: error: &#39;myIMU&#39; was not declared in this scope
     if (myIMU.begin() != 0) {
         ^~~~~
/home/ec2-user/arduino-testlib/cli-datadir/user/libraries/Seeed_Arduino_LSM6DS3/examples/HighLevelExample/HighLevelExample.ino:42:9: note: suggested alternative: &#39;IMU&#39;
     if (myIMU.begin() != 0) {
         ^~~~~
         IMU
/home/ec2-user/arduino-testlib/cli-datadir/user/libraries/Seeed_Arduino_LSM6DS3/examples/HighLevelExample/HighLevelExample.ino: In function &#39;void loop()&#39;:
/home/ec2-user/arduino-testlib/cli-datadir/user/libraries/Seeed_Arduino_LSM6DS3/examples/HighLevelExample/HighLevelExample.ino:53:20: error: &#39;myIMU&#39; was not declared in this scope
     Serial.println(myIMU.readFloatAccelX(), 4);
                    ^~~~~
/home/ec2-user/arduino-testlib/cli-datadir/user/libraries/Seeed_Arduino_LSM6DS3/examples/HighLevelExample/HighLevelExample.ino:53:20: note: suggested alternative: &#39;IMU&#39;
     Serial.println(myIMU.readFloatAccelX(), 4);
                    ^~~~~
                    IMU
Multiple libraries were found for &#34;LSM6DS3.h&#34;
  Used: /home/ec2-user/arduino-testlib/cli-datadir/user/libraries/Arduino_LSM6DS3
  Not used: /home/ec2-user/arduino-testlib/cli-datadir/user/libraries/SmartEverything_LSM6DS3
  Not used: /home/ec2-user/arduino-testlib/cli-datadir/user/libraries/Seeed_Arduino_LSM6DS3
</pre>
					
					<h4>examples/LowLevelExample</h4>
					<p>
						Result: <b>FAIL</b>
					</p>
					<pre class="pre-scrollable">/home/ec2-user/arduino-testlib/cli-datadir/user/libraries/Seeed_Arduino_LSM6DS3/examples/LowLevelExample/LowLevelExample.ino:38:1: error: &#39;LSM6DS3Core&#39; does not name a type; did you mean &#39;LSM6DS3Class&#39;?
 LSM6DS3Core myIMU(I2C_MODE, 0x6A);    //I2C device address 0x6A
 ^~~~~~~~~~~
 LSM6DS3Class
/home/ec2-user/arduino-testlib/cli-datadir/user/libraries/Seeed_Arduino_LSM6DS3/examples/LowLevelExample/LowLevelExample.ino: In function &#39;void setup()&#39;:
/home/ec2-user/arduino-testlib/cli-datadir/user/libraries/Seeed_Arduino_LSM6DS3/examples/LowLevelExample/LowLevelExample.ino:46:9: error: &#39;myIMU&#39; was not declared in this scope
     if (myIMU.beginCore() != 0) {
         ^~~~~
/home/ec2-user/arduino-testlib/cli-datadir/user/libraries/Seeed_Arduino_LSM6DS3/examples/LowLevelExample/LowLevelExample.ino:46:9: note: suggested alternative: &#39;IMU&#39;
     if (myIMU.beginCore() != 0) {
         ^~~~~
         IMU
/home/ec2-user/arduino-testlib/cli-datadir/user/libraries/Seeed_Arduino_LSM6DS3/examples/LowLevelExample/LowLevelExample.ino:56:20: error: &#39;LSM6DS3_ACC_GYRO_BW_XL_100Hz&#39; was not declared in this scope
     dataToWrite |= LSM6DS3_ACC_GYRO_BW_XL_100Hz;
                    ^~~~~~~~~~~~~~~~~~~~~~~~~~~~
/home/ec2-user/arduino-testlib/cli-datadir/user/libraries/Seeed_Arduino_LSM6DS3/examples/LowLevelExample/LowLevelExample.ino:57:20: error: &#39;LSM6DS3_ACC_GYRO_FS_XL_8g&#39; was not declared in this scope
     dataToWrite |= LSM6DS3_ACC_GYRO_FS_XL_8g;
                    ^~~~~~~~~~~~~~~~~~~~~~~~~
/home/ec2-user/arduino-testlib/cli-datadir/user/libraries/Seeed_Arduino_LSM6DS3/examples/LowLevelExample/LowLevelExample.ino:58:20: error: &#39;LSM6DS3_ACC_GYRO_ODR_XL_104Hz&#39; was not declared in this scope
     dataToWrite |= LSM6DS3_ACC_GYRO_ODR_XL_104Hz;
                    ^~~~~~~~~~~~~~~~~~~~~~~~~~~~~
/home/ec2-user/arduino-testlib/cli-datadir/user/libraries/Seeed_Arduino_LSM6DS3/examples/LowLevelExample/LowLevelExample.ino:61:26: error: &#39;myIMU&#39; was not declared in this scope
     errorsAndWarnings &#43;= myIMU.writeRegister(LSM6DS3_ACC_GYRO_CTRL1_XL, dataToWrite);
                          ^~~~~
/home/ec2-user/arduino-testlib/cli-datadir/user/libraries/Seeed_Arduino_LSM6DS3/examples/LowLevelExample/LowLevelExample.ino:61:26: note: suggested alternative: &#39;IMU&#39;
     errorsAndWarnings &#43;= myIMU.writeRegister(LSM6DS3_ACC_GYRO_CTRL1_XL, dataToWrite);
                          ^~~~~
                          IMU
/home/ec2-user/arduino-testlib/cli-datadir/user/libraries/Seeed_Arduino_LSM6DS3/examples/LowLevelExample/LowLevelExample.ino:61:46: error: &#39;LSM6DS3_ACC_GYRO_CTRL1_XL&#39; was not declared in this scope
     errorsAndWarnings &#43;= myIMU.writeRegister(LSM6DS3_ACC_GYRO_CTRL1_XL, dataToWrite);
                                              ^~~~~~~~~~~~~~~~~~~~~~~~~
/home/ec2-user/arduino-testlib/cli-datadir/user/libraries/Seeed_Arduino_LSM6DS3/examples/LowLevelExample/LowLevelExample.ino:64:59: error: &#39;LSM6DS3_ACC_GYRO_CTRL4_C&#39; was not declared in this scope
     errorsAndWarnings &#43;= myIMU.readRegister(&amp;dataToWrite, LSM6DS3_ACC_GYRO_CTRL4_C);
                                                           ^~~~~~~~~~~~~~~~~~~~~~~~
/home/ec2-user/arduino-testlib/cli-datadir/user/libraries/Seeed_Arduino_LSM6DS3/examples/LowLevelExample/LowLevelExample.ino:65:31: error: &#39;LSM6DS3_ACC_GYRO_BW_SCAL_ODR_ENABLED&#39; was not declared in this scope
     dataToWrite &amp;= ~((uint8_t)LSM6DS3_ACC_GYRO_BW_SCAL_ODR_ENABLED);
                               ^~~~~~~~~~~~~~~~~~~~~~~~~~~~~~~~~~~~
/home/ec2-user/arduino-testlib/cli-datadir/user/libraries/Seeed_Arduino_LSM6DS3/examples/LowLevelExample/LowLevelExample.ino: In function &#39;void loop()&#39;:
/home/ec2-user/arduino-testlib/cli-datadir/user/libraries/Seeed_Arduino_LSM6DS3/examples/LowLevelExample/LowLevelExample.ino:75:9: error: &#39;myIMU&#39; was not declared in this scope
     if (myIMU.readRegisterInt16(&amp;temp, LSM6DS3_ACC_GYRO_OUTX_L_XL) != 0) {
         ^~~~~
/home/ec2-user/arduino-testlib/cli-datadir/user/libraries/Seeed_Arduino_LSM6DS3/examples/LowLevelExample/LowLevelExample.ino:75:9: note: suggested alternative: &#39;IMU&#39;
     if (myIMU.readRegisterInt16(&amp;temp, LSM6DS3_ACC_GYRO_OUTX_L_XL) != 0) {
         ^~~~~
         IMU
/home/ec2-user/arduino-testlib/cli-datadir/user/libraries/Seeed_Arduino_LSM6DS3/examples/LowLevelExample/LowLevelExample.ino:75:40: error: &#39;LSM6DS3_ACC_GYRO_OUTX_L_XL&#39; was not declared in this scope
     if (myIMU.readRegisterInt16(&amp;temp, LSM6DS3_ACC_GYRO_OUTX_L_XL) != 0) {
                                        ^~~~~~~~~~~~~~~~~~~~~~~~~~
/home/ec2-user/arduino-testlib/cli-datadir/user/libraries/Seeed_Arduino_LSM6DS3/examples/LowLevelExample/LowLevelExample.ino:82:9: error: &#39;myIMU&#39; was not declared in this scope
     if (myIMU.readRegisterInt16(&amp;temp, LSM6DS3_ACC_GYRO_OUTY_L_XL) != 0) {
         ^~~~~
/home/ec2-user/arduino-testlib/cli-datadir/user/libraries/Seeed_Arduino_LSM6DS3/examples/LowLevelExample/LowLevelExample.ino:82:9: note: suggested alternative: &#39;IMU&#39;
     if (myIMU.readRegisterInt16(&amp;temp, LSM6DS3_ACC_GYRO_OUTY_L_XL) != 0) {
         ^~~~~
         IMU
/home/ec2-user/arduino-testlib/cli-datadir/user/libraries/Seeed_Arduino_LSM6DS3/examples/LowLevelExample/LowLevelExample.ino:82:40: error: &#39;LSM6DS3_ACC_GYRO_OUTY_L_XL&#39; was not declared in this scope
     if (myIMU.readRegisterInt16(&amp;temp, LSM6DS3_ACC_GYRO_OUTY_L_XL) != 0) {
                                        ^~~~~~~~~~~~~~~~~~~~~~~~~~
/home/ec2-user/arduino-testlib/cli-datadir/user/libraries/Seeed_Arduino_LSM6DS3/examples/LowLevelExample/LowLevelExample.ino:89:9: error: &#39;myIMU&#39; was not declared in this scope
     if (myIMU.readRegisterInt16(&amp;temp, LSM6DS3_ACC_GYRO_OUTZ_L_XL) != 0) {
         ^~~~~
/home/ec2-user/arduino-testlib/cli-datadir/user/libraries/Seeed_Arduino_LSM6DS3/examples/LowLevelExample/LowLevelExample.ino:89:9: note: suggested alternative: &#39;IMU&#39;
     if (myIMU.readRegisterInt16(&amp;temp, LSM6DS3_ACC_GYRO_OUTZ_L_XL) != 0) {
         ^~~~~
         IMU
/home/ec2-user/arduino-testlib/cli-datadir/user/libraries/Seeed_Arduino_LSM6DS3/examples/LowLevelExample/LowLevelExample.ino:89:40: error: &#39;LSM6DS3_ACC_GYRO_OUTZ_L_XL&#39; was not declared in this scope
     if (myIMU.readRegisterInt16(&amp;temp, LSM6DS3_ACC_GYRO_OUTZ_L_XL) != 0) {
                                        ^~~~~~~~~~~~~~~~~~~~~~~~~~
Multiple libraries were found for &#34;LSM6DS3.h&#34;
  Used: /home/ec2-user/arduino-testlib/cli-datadir/user/libraries/Arduino_LSM6DS3
  Not used: /home/ec2-user/arduino-testlib/cli-datadir/user/libraries/Seeed_Arduino_LSM6DS3
  Not used: /home/ec2-user/arduino-testlib/cli-datadir/user/libraries/SmartEverything_LSM6DS3
</pre>
					
					<h4>examples/Pedometer</h4>
					<p>
						Result: <b>FAIL</b>
					</p>
					<pre class="pre-scrollable">/home/ec2-user/arduino-testlib/cli-datadir/user/libraries/Seeed_Arduino_LSM6DS3/examples/Pedometer/Pedometer.ino:38:1: error: &#39;LSM6DS3&#39; does not name a type; did you mean &#39;LSM6DS3Class&#39;?
 LSM6DS3 pedometer(I2C_MODE, 0x6A);    //I2C device address 0x6A
 ^~~~~~~
 LSM6DS3Class
/home/ec2-user/arduino-testlib/cli-datadir/user/libraries/Seeed_Arduino_LSM6DS3/examples/Pedometer/Pedometer.ino: In function &#39;void setup()&#39;:
/home/ec2-user/arduino-testlib/cli-datadir/user/libraries/Seeed_Arduino_LSM6DS3/examples/Pedometer/Pedometer.ino:43:9: error: &#39;pedometer&#39; was not declared in this scope
     if (pedometer.begin() != 0) {
         ^~~~~~~~~
/home/ec2-user/arduino-testlib/cli-datadir/user/libraries/Seeed_Arduino_LSM6DS3/examples/Pedometer/Pedometer.ino: In function &#39;void loop()&#39;:
/home/ec2-user/arduino-testlib/cli-datadir/user/libraries/Seeed_Arduino_LSM6DS3/examples/Pedometer/Pedometer.ino:60:5: error: &#39;pedometer&#39; was not declared in this scope
     pedometer.readRegister(&amp;dataByte, LSM6DS3_ACC_GYRO_STEP_COUNTER_H);
     ^~~~~~~~~
/home/ec2-user/arduino-testlib/cli-datadir/user/libraries/Seeed_Arduino_LSM6DS3/examples/Pedometer/Pedometer.ino:60:39: error: &#39;LSM6DS3_ACC_GYRO_STEP_COUNTER_H&#39; was not declared in this scope
     pedometer.readRegister(&amp;dataByte, LSM6DS3_ACC_GYRO_STEP_COUNTER_H);
                                       ^~~~~~~~~~~~~~~~~~~~~~~~~~~~~~~
/home/ec2-user/arduino-testlib/cli-datadir/user/libraries/Seeed_Arduino_LSM6DS3/examples/Pedometer/Pedometer.ino:63:39: error: &#39;LSM6DS3_ACC_GYRO_STEP_COUNTER_L&#39; was not declared in this scope
     pedometer.readRegister(&amp;dataByte, LSM6DS3_ACC_GYRO_STEP_COUNTER_L);
                                       ^~~~~~~~~~~~~~~~~~~~~~~~~~~~~~~
/home/ec2-user/arduino-testlib/cli-datadir/user/libraries/Seeed_Arduino_LSM6DS3/examples/Pedometer/Pedometer.ino: In function &#39;int config_pedometer(bool)&#39;:
/home/ec2-user/arduino-testlib/cli-datadir/user/libraries/Seeed_Arduino_LSM6DS3/examples/Pedometer/Pedometer.ino:81:20: error: &#39;LSM6DS3_ACC_GYRO_FS_XL_2g&#39; was not declared in this scope
     dataToWrite |= LSM6DS3_ACC_GYRO_FS_XL_2g;
                    ^~~~~~~~~~~~~~~~~~~~~~~~~
/home/ec2-user/arduino-testlib/cli-datadir/user/libraries/Seeed_Arduino_LSM6DS3/examples/Pedometer/Pedometer.ino:82:20: error: &#39;LSM6DS3_ACC_GYRO_ODR_XL_26Hz&#39; was not declared in this scope
     dataToWrite |= LSM6DS3_ACC_GYRO_ODR_XL_26Hz;
                    ^~~~~~~~~~~~~~~~~~~~~~~~~~~~
/home/ec2-user/arduino-testlib/cli-datadir/user/libraries/Seeed_Arduino_LSM6DS3/examples/Pedometer/Pedometer.ino:86:25: error: &#39;pedometer&#39; was not declared in this scope
     errorAccumulator &#43;= pedometer.writeRegister(LSM6DS3_ACC_GYRO_CTRL1_XL, dataToWrite);
                         ^~~~~~~~~
/home/ec2-user/arduino-testlib/cli-datadir/user/libraries/Seeed_Arduino_LSM6DS3/examples/Pedometer/Pedometer.ino:86:49: error: &#39;LSM6DS3_ACC_GYRO_CTRL1_XL&#39; was not declared in this scope
     errorAccumulator &#43;= pedometer.writeRegister(LSM6DS3_ACC_GYRO_CTRL1_XL, dataToWrite);
                                                 ^~~~~~~~~~~~~~~~~~~~~~~~~
/home/ec2-user/arduino-testlib/cli-datadir/user/libraries/Seeed_Arduino_LSM6DS3/examples/Pedometer/Pedometer.ino:90:53: error: &#39;LSM6DS3_ACC_GYRO_CTRL10_C&#39; was not declared in this scope
         errorAccumulator &#43;= pedometer.writeRegister(LSM6DS3_ACC_GYRO_CTRL10_C, 0x3E);
                                                     ^~~~~~~~~~~~~~~~~~~~~~~~~
/home/ec2-user/arduino-testlib/cli-datadir/user/libraries/Seeed_Arduino_LSM6DS3/examples/Pedometer/Pedometer.ino:92:53: error: &#39;LSM6DS3_ACC_GYRO_CTRL10_C&#39; was not declared in this scope
         errorAccumulator &#43;= pedometer.writeRegister(LSM6DS3_ACC_GYRO_CTRL10_C, 0x3C);
                                                     ^~~~~~~~~~~~~~~~~~~~~~~~~
/home/ec2-user/arduino-testlib/cli-datadir/user/libraries/Seeed_Arduino_LSM6DS3/examples/Pedometer/Pedometer.ino:96:49: error: &#39;LSM6DS3_ACC_GYRO_TAP_CFG1&#39; was not declared in this scope
     errorAccumulator &#43;= pedometer.writeRegister(LSM6DS3_ACC_GYRO_TAP_CFG1, 0x40);
                                                 ^~~~~~~~~~~~~~~~~~~~~~~~~
/home/ec2-user/arduino-testlib/cli-datadir/user/libraries/Seeed_Arduino_LSM6DS3/examples/Pedometer/Pedometer.ino:99:49: error: &#39;LSM6DS3_ACC_GYRO_INT1_CTRL&#39; was not declared in this scope
     errorAccumulator &#43;= pedometer.writeRegister(LSM6DS3_ACC_GYRO_INT1_CTRL, 0x10);
                                                 ^~~~~~~~~~~~~~~~~~~~~~~~~~
Multiple libraries were found for &#34;LSM6DS3.h&#34;
  Used: /home/ec2-user/arduino-testlib/cli-datadir/user/libraries/Arduino_LSM6DS3
  Not used: /home/ec2-user/arduino-testlib/cli-datadir/user/libraries/Seeed_Arduino_LSM6DS3
  Not used: /home/ec2-user/arduino-testlib/cli-datadir/user/libraries/SmartEverything_LSM6DS3
</pre>
					
				
				<h3 id="arduino:samd:mkrwifi1010">arduino:samd:mkrwifi1010 @ 1.8.12</h3>
				<h4>Inclusion</h4>
				<p>
					Result: <b>PASS</b>
					
					<br />This library has no main header file so an empty one was created.
					
				</p>
				<pre class="pre-scrollable">Sketch uses 17188 bytes (6%) of program storage space. Maximum is 262144 bytes.
Global variables use 3688 bytes (11%) of dynamic memory, leaving 29080 bytes for local variables. Maximum is 32768 bytes.
</pre>

					
					<h4>examples/FreeFallDetect</h4>
					<p>
						Result: <b>FAIL</b>
					</p>
					<pre class="pre-scrollable">/home/ec2-user/arduino-testlib/cli-datadir/user/libraries/Seeed_Arduino_LSM6DS3/examples/FreeFallDetect/FreeFallDetect.ino:38:1: error: &#39;LSM6DS3&#39; does not name a type; did you mean &#39;LSM6DS3Class&#39;?
 LSM6DS3 lsm6ds3(I2C_MODE, 0x6A);    //I2C device address 0x6A
 ^~~~~~~
 LSM6DS3Class
/home/ec2-user/arduino-testlib/cli-datadir/user/libraries/Seeed_Arduino_LSM6DS3/examples/FreeFallDetect/FreeFallDetect.ino: In function &#39;void setup()&#39;:
/home/ec2-user/arduino-testlib/cli-datadir/user/libraries/Seeed_Arduino_LSM6DS3/examples/FreeFallDetect/FreeFallDetect.ino:44:9: error: &#39;lsm6ds3&#39; was not declared in this scope
     if (lsm6ds3.begin() != 0) {
         ^~~~~~~
/home/ec2-user/arduino-testlib/cli-datadir/user/libraries/Seeed_Arduino_LSM6DS3/examples/FreeFallDetect/FreeFallDetect.ino: In function &#39;void loop()&#39;:
/home/ec2-user/arduino-testlib/cli-datadir/user/libraries/Seeed_Arduino_LSM6DS3/examples/FreeFallDetect/FreeFallDetect.ino:60:5: error: &#39;lsm6ds3&#39; was not declared in this scope
     lsm6ds3.readRegister(&amp;readDataByte, LSM6DS3_ACC_GYRO_WAKE_UP_SRC);
     ^~~~~~~
/home/ec2-user/arduino-testlib/cli-datadir/user/libraries/Seeed_Arduino_LSM6DS3/examples/FreeFallDetect/FreeFallDetect.ino:60:41: error: &#39;LSM6DS3_ACC_GYRO_WAKE_UP_SRC&#39; was not declared in this scope
     lsm6ds3.readRegister(&amp;readDataByte, LSM6DS3_ACC_GYRO_WAKE_UP_SRC);
                                         ^~~~~~~~~~~~~~~~~~~~~~~~~~~~
/home/ec2-user/arduino-testlib/cli-datadir/user/libraries/Seeed_Arduino_LSM6DS3/examples/FreeFallDetect/FreeFallDetect.ino: In function &#39;int config_free_fall_detect()&#39;:
/home/ec2-user/arduino-testlib/cli-datadir/user/libraries/Seeed_Arduino_LSM6DS3/examples/FreeFallDetect/FreeFallDetect.ino:75:20: error: &#39;LSM6DS3_ACC_GYRO_BW_XL_200Hz&#39; was not declared in this scope
     dataToWrite |= LSM6DS3_ACC_GYRO_BW_XL_200Hz;
                    ^~~~~~~~~~~~~~~~~~~~~~~~~~~~
/home/ec2-user/arduino-testlib/cli-datadir/user/libraries/Seeed_Arduino_LSM6DS3/examples/FreeFallDetect/FreeFallDetect.ino:76:20: error: &#39;LSM6DS3_ACC_GYRO_FS_XL_2g&#39; was not declared in this scope
     dataToWrite |= LSM6DS3_ACC_GYRO_FS_XL_2g;
                    ^~~~~~~~~~~~~~~~~~~~~~~~~
/home/ec2-user/arduino-testlib/cli-datadir/user/libraries/Seeed_Arduino_LSM6DS3/examples/FreeFallDetect/FreeFallDetect.ino:77:20: error: &#39;LSM6DS3_ACC_GYRO_ODR_XL_416Hz&#39; was not declared in this scope
     dataToWrite |= LSM6DS3_ACC_GYRO_ODR_XL_416Hz;
                    ^~~~~~~~~~~~~~~~~~~~~~~~~~~~~
/home/ec2-user/arduino-testlib/cli-datadir/user/libraries/Seeed_Arduino_LSM6DS3/examples/FreeFallDetect/FreeFallDetect.ino:79:14: error: &#39;lsm6ds3&#39; was not declared in this scope
     error &#43;= lsm6ds3.writeRegister(LSM6DS3_ACC_GYRO_CTRL1_XL, dataToWrite);
              ^~~~~~~
/home/ec2-user/arduino-testlib/cli-datadir/user/libraries/Seeed_Arduino_LSM6DS3/examples/FreeFallDetect/FreeFallDetect.ino:79:36: error: &#39;LSM6DS3_ACC_GYRO_CTRL1_XL&#39; was not declared in this scope
     error &#43;= lsm6ds3.writeRegister(LSM6DS3_ACC_GYRO_CTRL1_XL, dataToWrite);
                                    ^~~~~~~~~~~~~~~~~~~~~~~~~
/home/ec2-user/arduino-testlib/cli-datadir/user/libraries/Seeed_Arduino_LSM6DS3/examples/FreeFallDetect/FreeFallDetect.ino:80:36: error: &#39;LSM6DS3_ACC_GYRO_WAKE_UP_DUR&#39; was not declared in this scope
     error &#43;= lsm6ds3.writeRegister(LSM6DS3_ACC_GYRO_WAKE_UP_DUR, 0x00);
                                    ^~~~~~~~~~~~~~~~~~~~~~~~~~~~
/home/ec2-user/arduino-testlib/cli-datadir/user/libraries/Seeed_Arduino_LSM6DS3/examples/FreeFallDetect/FreeFallDetect.ino:81:36: error: &#39;LSM6DS3_ACC_GYRO_FREE_FALL&#39; was not declared in this scope
     error &#43;= lsm6ds3.writeRegister(LSM6DS3_ACC_GYRO_FREE_FALL, 0x33);
                                    ^~~~~~~~~~~~~~~~~~~~~~~~~~
/home/ec2-user/arduino-testlib/cli-datadir/user/libraries/Seeed_Arduino_LSM6DS3/examples/FreeFallDetect/FreeFallDetect.ino:82:36: error: &#39;LSM6DS3_ACC_GYRO_MD1_CFG&#39; was not declared in this scope
     error &#43;= lsm6ds3.writeRegister(LSM6DS3_ACC_GYRO_MD1_CFG, 0x10);
                                    ^~~~~~~~~~~~~~~~~~~~~~~~
/home/ec2-user/arduino-testlib/cli-datadir/user/libraries/Seeed_Arduino_LSM6DS3/examples/FreeFallDetect/FreeFallDetect.ino:83:36: error: &#39;LSM6DS3_ACC_GYRO_MD2_CFG&#39; was not declared in this scope
     error &#43;= lsm6ds3.writeRegister(LSM6DS3_ACC_GYRO_MD2_CFG, 0x10);
                                    ^~~~~~~~~~~~~~~~~~~~~~~~
/home/ec2-user/arduino-testlib/cli-datadir/user/libraries/Seeed_Arduino_LSM6DS3/examples/FreeFallDetect/FreeFallDetect.ino:84:36: error: &#39;LSM6DS3_ACC_GYRO_TAP_CFG1&#39; was not declared in this scope
     error &#43;= lsm6ds3.writeRegister(LSM6DS3_ACC_GYRO_TAP_CFG1, 0x01);
                                    ^~~~~~~~~~~~~~~~~~~~~~~~~
Multiple libraries were found for &#34;LSM6DS3.h&#34;
  Used: /home/ec2-user/arduino-testlib/cli-datadir/user/libraries/Arduino_LSM6DS3
  Not used: /home/ec2-user/arduino-testlib/cli-datadir/user/libraries/Seeed_Arduino_LSM6DS3
  Not used: /home/ec2-user/arduino-testlib/cli-datadir/user/libraries/SmartEverything_LSM6DS3
</pre>
					
					<h4>examples/HighLevelExample</h4>
					<p>
						Result: <b>FAIL</b>
					</p>
					<pre class="pre-scrollable">/home/ec2-user/arduino-testlib/cli-datadir/user/libraries/Seeed_Arduino_LSM6DS3/examples/HighLevelExample/HighLevelExample.ino:35:1: error: &#39;LSM6DS3&#39; does not name a type; did you mean &#39;LSM6DS3Class&#39;?
 LSM6DS3 myIMU(I2C_MODE, 0x6A);    //I2C device address 0x6A
 ^~~~~~~
 LSM6DS3Class
/home/ec2-user/arduino-testlib/cli-datadir/user/libraries/Seeed_Arduino_LSM6DS3/examples/HighLevelExample/HighLevelExample.ino: In function &#39;void setup()&#39;:
/home/ec2-user/arduino-testlib/cli-datadir/user/libraries/Seeed_Arduino_LSM6DS3/examples/HighLevelExample/HighLevelExample.ino:42:9: error: &#39;myIMU&#39; was not declared in this scope
     if (myIMU.begin() != 0) {
         ^~~~~
/home/ec2-user/arduino-testlib/cli-datadir/user/libraries/Seeed_Arduino_LSM6DS3/examples/HighLevelExample/HighLevelExample.ino:42:9: note: suggested alternative: &#39;IMU&#39;
     if (myIMU.begin() != 0) {
         ^~~~~
         IMU
/home/ec2-user/arduino-testlib/cli-datadir/user/libraries/Seeed_Arduino_LSM6DS3/examples/HighLevelExample/HighLevelExample.ino: In function &#39;void loop()&#39;:
/home/ec2-user/arduino-testlib/cli-datadir/user/libraries/Seeed_Arduino_LSM6DS3/examples/HighLevelExample/HighLevelExample.ino:53:20: error: &#39;myIMU&#39; was not declared in this scope
     Serial.println(myIMU.readFloatAccelX(), 4);
                    ^~~~~
/home/ec2-user/arduino-testlib/cli-datadir/user/libraries/Seeed_Arduino_LSM6DS3/examples/HighLevelExample/HighLevelExample.ino:53:20: note: suggested alternative: &#39;IMU&#39;
     Serial.println(myIMU.readFloatAccelX(), 4);
                    ^~~~~
                    IMU
Multiple libraries were found for &#34;LSM6DS3.h&#34;
  Used: /home/ec2-user/arduino-testlib/cli-datadir/user/libraries/Arduino_LSM6DS3
  Not used: /home/ec2-user/arduino-testlib/cli-datadir/user/libraries/Seeed_Arduino_LSM6DS3
  Not used: /home/ec2-user/arduino-testlib/cli-datadir/user/libraries/SmartEverything_LSM6DS3
</pre>
					
					<h4>examples/LowLevelExample</h4>
					<p>
						Result: <b>FAIL</b>
					</p>
					<pre class="pre-scrollable">/home/ec2-user/arduino-testlib/cli-datadir/user/libraries/Seeed_Arduino_LSM6DS3/examples/LowLevelExample/LowLevelExample.ino:38:1: error: &#39;LSM6DS3Core&#39; does not name a type; did you mean &#39;LSM6DS3Class&#39;?
 LSM6DS3Core myIMU(I2C_MODE, 0x6A);    //I2C device address 0x6A
 ^~~~~~~~~~~
 LSM6DS3Class
/home/ec2-user/arduino-testlib/cli-datadir/user/libraries/Seeed_Arduino_LSM6DS3/examples/LowLevelExample/LowLevelExample.ino: In function &#39;void setup()&#39;:
/home/ec2-user/arduino-testlib/cli-datadir/user/libraries/Seeed_Arduino_LSM6DS3/examples/LowLevelExample/LowLevelExample.ino:46:9: error: &#39;myIMU&#39; was not declared in this scope
     if (myIMU.beginCore() != 0) {
         ^~~~~
/home/ec2-user/arduino-testlib/cli-datadir/user/libraries/Seeed_Arduino_LSM6DS3/examples/LowLevelExample/LowLevelExample.ino:46:9: note: suggested alternative: &#39;IMU&#39;
     if (myIMU.beginCore() != 0) {
         ^~~~~
         IMU
/home/ec2-user/arduino-testlib/cli-datadir/user/libraries/Seeed_Arduino_LSM6DS3/examples/LowLevelExample/LowLevelExample.ino:56:20: error: &#39;LSM6DS3_ACC_GYRO_BW_XL_100Hz&#39; was not declared in this scope
     dataToWrite |= LSM6DS3_ACC_GYRO_BW_XL_100Hz;
                    ^~~~~~~~~~~~~~~~~~~~~~~~~~~~
/home/ec2-user/arduino-testlib/cli-datadir/user/libraries/Seeed_Arduino_LSM6DS3/examples/LowLevelExample/LowLevelExample.ino:57:20: error: &#39;LSM6DS3_ACC_GYRO_FS_XL_8g&#39; was not declared in this scope
     dataToWrite |= LSM6DS3_ACC_GYRO_FS_XL_8g;
                    ^~~~~~~~~~~~~~~~~~~~~~~~~
/home/ec2-user/arduino-testlib/cli-datadir/user/libraries/Seeed_Arduino_LSM6DS3/examples/LowLevelExample/LowLevelExample.ino:58:20: error: &#39;LSM6DS3_ACC_GYRO_ODR_XL_104Hz&#39; was not declared in this scope
     dataToWrite |= LSM6DS3_ACC_GYRO_ODR_XL_104Hz;
                    ^~~~~~~~~~~~~~~~~~~~~~~~~~~~~
/home/ec2-user/arduino-testlib/cli-datadir/user/libraries/Seeed_Arduino_LSM6DS3/examples/LowLevelExample/LowLevelExample.ino:61:26: error: &#39;myIMU&#39; was not declared in this scope
     errorsAndWarnings &#43;= myIMU.writeRegister(LSM6DS3_ACC_GYRO_CTRL1_XL, dataToWrite);
                          ^~~~~
/home/ec2-user/arduino-testlib/cli-datadir/user/libraries/Seeed_Arduino_LSM6DS3/examples/LowLevelExample/LowLevelExample.ino:61:26: note: suggested alternative: &#39;IMU&#39;
     errorsAndWarnings &#43;= myIMU.writeRegister(LSM6DS3_ACC_GYRO_CTRL1_XL, dataToWrite);
                          ^~~~~
                          IMU
/home/ec2-user/arduino-testlib/cli-datadir/user/libraries/Seeed_Arduino_LSM6DS3/examples/LowLevelExample/LowLevelExample.ino:61:46: error: &#39;LSM6DS3_ACC_GYRO_CTRL1_XL&#39; was not declared in this scope
     errorsAndWarnings &#43;= myIMU.writeRegister(LSM6DS3_ACC_GYRO_CTRL1_XL, dataToWrite);
                                              ^~~~~~~~~~~~~~~~~~~~~~~~~
/home/ec2-user/arduino-testlib/cli-datadir/user/libraries/Seeed_Arduino_LSM6DS3/examples/LowLevelExample/LowLevelExample.ino:64:59: error: &#39;LSM6DS3_ACC_GYRO_CTRL4_C&#39; was not declared in this scope
     errorsAndWarnings &#43;= myIMU.readRegister(&amp;dataToWrite, LSM6DS3_ACC_GYRO_CTRL4_C);
                                                           ^~~~~~~~~~~~~~~~~~~~~~~~
/home/ec2-user/arduino-testlib/cli-datadir/user/libraries/Seeed_Arduino_LSM6DS3/examples/LowLevelExample/LowLevelExample.ino:65:31: error: &#39;LSM6DS3_ACC_GYRO_BW_SCAL_ODR_ENABLED&#39; was not declared in this scope
     dataToWrite &amp;= ~((uint8_t)LSM6DS3_ACC_GYRO_BW_SCAL_ODR_ENABLED);
                               ^~~~~~~~~~~~~~~~~~~~~~~~~~~~~~~~~~~~
/home/ec2-user/arduino-testlib/cli-datadir/user/libraries/Seeed_Arduino_LSM6DS3/examples/LowLevelExample/LowLevelExample.ino: In function &#39;void loop()&#39;:
/home/ec2-user/arduino-testlib/cli-datadir/user/libraries/Seeed_Arduino_LSM6DS3/examples/LowLevelExample/LowLevelExample.ino:75:9: error: &#39;myIMU&#39; was not declared in this scope
     if (myIMU.readRegisterInt16(&amp;temp, LSM6DS3_ACC_GYRO_OUTX_L_XL) != 0) {
         ^~~~~
/home/ec2-user/arduino-testlib/cli-datadir/user/libraries/Seeed_Arduino_LSM6DS3/examples/LowLevelExample/LowLevelExample.ino:75:9: note: suggested alternative: &#39;IMU&#39;
     if (myIMU.readRegisterInt16(&amp;temp, LSM6DS3_ACC_GYRO_OUTX_L_XL) != 0) {
         ^~~~~
         IMU
/home/ec2-user/arduino-testlib/cli-datadir/user/libraries/Seeed_Arduino_LSM6DS3/examples/LowLevelExample/LowLevelExample.ino:75:40: error: &#39;LSM6DS3_ACC_GYRO_OUTX_L_XL&#39; was not declared in this scope
     if (myIMU.readRegisterInt16(&amp;temp, LSM6DS3_ACC_GYRO_OUTX_L_XL) != 0) {
                                        ^~~~~~~~~~~~~~~~~~~~~~~~~~
/home/ec2-user/arduino-testlib/cli-datadir/user/libraries/Seeed_Arduino_LSM6DS3/examples/LowLevelExample/LowLevelExample.ino:82:9: error: &#39;myIMU&#39; was not declared in this scope
     if (myIMU.readRegisterInt16(&amp;temp, LSM6DS3_ACC_GYRO_OUTY_L_XL) != 0) {
         ^~~~~
/home/ec2-user/arduino-testlib/cli-datadir/user/libraries/Seeed_Arduino_LSM6DS3/examples/LowLevelExample/LowLevelExample.ino:82:9: note: suggested alternative: &#39;IMU&#39;
     if (myIMU.readRegisterInt16(&amp;temp, LSM6DS3_ACC_GYRO_OUTY_L_XL) != 0) {
         ^~~~~
         IMU
/home/ec2-user/arduino-testlib/cli-datadir/user/libraries/Seeed_Arduino_LSM6DS3/examples/LowLevelExample/LowLevelExample.ino:82:40: error: &#39;LSM6DS3_ACC_GYRO_OUTY_L_XL&#39; was not declared in this scope
     if (myIMU.readRegisterInt16(&amp;temp, LSM6DS3_ACC_GYRO_OUTY_L_XL) != 0) {
                                        ^~~~~~~~~~~~~~~~~~~~~~~~~~
/home/ec2-user/arduino-testlib/cli-datadir/user/libraries/Seeed_Arduino_LSM6DS3/examples/LowLevelExample/LowLevelExample.ino:89:9: error: &#39;myIMU&#39; was not declared in this scope
     if (myIMU.readRegisterInt16(&amp;temp, LSM6DS3_ACC_GYRO_OUTZ_L_XL) != 0) {
         ^~~~~
/home/ec2-user/arduino-testlib/cli-datadir/user/libraries/Seeed_Arduino_LSM6DS3/examples/LowLevelExample/LowLevelExample.ino:89:9: note: suggested alternative: &#39;IMU&#39;
     if (myIMU.readRegisterInt16(&amp;temp, LSM6DS3_ACC_GYRO_OUTZ_L_XL) != 0) {
         ^~~~~
         IMU
/home/ec2-user/arduino-testlib/cli-datadir/user/libraries/Seeed_Arduino_LSM6DS3/examples/LowLevelExample/LowLevelExample.ino:89:40: error: &#39;LSM6DS3_ACC_GYRO_OUTZ_L_XL&#39; was not declared in this scope
     if (myIMU.readRegisterInt16(&amp;temp, LSM6DS3_ACC_GYRO_OUTZ_L_XL) != 0) {
                                        ^~~~~~~~~~~~~~~~~~~~~~~~~~
Multiple libraries were found for &#34;LSM6DS3.h&#34;
  Used: /home/ec2-user/arduino-testlib/cli-datadir/user/libraries/Arduino_LSM6DS3
  Not used: /home/ec2-user/arduino-testlib/cli-datadir/user/libraries/Seeed_Arduino_LSM6DS3
  Not used: /home/ec2-user/arduino-testlib/cli-datadir/user/libraries/SmartEverything_LSM6DS3
</pre>
					
					<h4>examples/Pedometer</h4>
					<p>
						Result: <b>FAIL</b>
					</p>
					<pre class="pre-scrollable">/home/ec2-user/arduino-testlib/cli-datadir/user/libraries/Seeed_Arduino_LSM6DS3/examples/Pedometer/Pedometer.ino:38:1: error: &#39;LSM6DS3&#39; does not name a type; did you mean &#39;LSM6DS3Class&#39;?
 LSM6DS3 pedometer(I2C_MODE, 0x6A);    //I2C device address 0x6A
 ^~~~~~~
 LSM6DS3Class
/home/ec2-user/arduino-testlib/cli-datadir/user/libraries/Seeed_Arduino_LSM6DS3/examples/Pedometer/Pedometer.ino: In function &#39;void setup()&#39;:
/home/ec2-user/arduino-testlib/cli-datadir/user/libraries/Seeed_Arduino_LSM6DS3/examples/Pedometer/Pedometer.ino:43:9: error: &#39;pedometer&#39; was not declared in this scope
     if (pedometer.begin() != 0) {
         ^~~~~~~~~
/home/ec2-user/arduino-testlib/cli-datadir/user/libraries/Seeed_Arduino_LSM6DS3/examples/Pedometer/Pedometer.ino: In function &#39;void loop()&#39;:
/home/ec2-user/arduino-testlib/cli-datadir/user/libraries/Seeed_Arduino_LSM6DS3/examples/Pedometer/Pedometer.ino:60:5: error: &#39;pedometer&#39; was not declared in this scope
     pedometer.readRegister(&amp;dataByte, LSM6DS3_ACC_GYRO_STEP_COUNTER_H);
     ^~~~~~~~~
/home/ec2-user/arduino-testlib/cli-datadir/user/libraries/Seeed_Arduino_LSM6DS3/examples/Pedometer/Pedometer.ino:60:39: error: &#39;LSM6DS3_ACC_GYRO_STEP_COUNTER_H&#39; was not declared in this scope
     pedometer.readRegister(&amp;dataByte, LSM6DS3_ACC_GYRO_STEP_COUNTER_H);
                                       ^~~~~~~~~~~~~~~~~~~~~~~~~~~~~~~
/home/ec2-user/arduino-testlib/cli-datadir/user/libraries/Seeed_Arduino_LSM6DS3/examples/Pedometer/Pedometer.ino:63:39: error: &#39;LSM6DS3_ACC_GYRO_STEP_COUNTER_L&#39; was not declared in this scope
     pedometer.readRegister(&amp;dataByte, LSM6DS3_ACC_GYRO_STEP_COUNTER_L);
                                       ^~~~~~~~~~~~~~~~~~~~~~~~~~~~~~~
/home/ec2-user/arduino-testlib/cli-datadir/user/libraries/Seeed_Arduino_LSM6DS3/examples/Pedometer/Pedometer.ino: In function &#39;int config_pedometer(bool)&#39;:
/home/ec2-user/arduino-testlib/cli-datadir/user/libraries/Seeed_Arduino_LSM6DS3/examples/Pedometer/Pedometer.ino:81:20: error: &#39;LSM6DS3_ACC_GYRO_FS_XL_2g&#39; was not declared in this scope
     dataToWrite |= LSM6DS3_ACC_GYRO_FS_XL_2g;
                    ^~~~~~~~~~~~~~~~~~~~~~~~~
/home/ec2-user/arduino-testlib/cli-datadir/user/libraries/Seeed_Arduino_LSM6DS3/examples/Pedometer/Pedometer.ino:82:20: error: &#39;LSM6DS3_ACC_GYRO_ODR_XL_26Hz&#39; was not declared in this scope
     dataToWrite |= LSM6DS3_ACC_GYRO_ODR_XL_26Hz;
                    ^~~~~~~~~~~~~~~~~~~~~~~~~~~~
/home/ec2-user/arduino-testlib/cli-datadir/user/libraries/Seeed_Arduino_LSM6DS3/examples/Pedometer/Pedometer.ino:86:25: error: &#39;pedometer&#39; was not declared in this scope
     errorAccumulator &#43;= pedometer.writeRegister(LSM6DS3_ACC_GYRO_CTRL1_XL, dataToWrite);
                         ^~~~~~~~~
/home/ec2-user/arduino-testlib/cli-datadir/user/libraries/Seeed_Arduino_LSM6DS3/examples/Pedometer/Pedometer.ino:86:49: error: &#39;LSM6DS3_ACC_GYRO_CTRL1_XL&#39; was not declared in this scope
     errorAccumulator &#43;= pedometer.writeRegister(LSM6DS3_ACC_GYRO_CTRL1_XL, dataToWrite);
                                                 ^~~~~~~~~~~~~~~~~~~~~~~~~
/home/ec2-user/arduino-testlib/cli-datadir/user/libraries/Seeed_Arduino_LSM6DS3/examples/Pedometer/Pedometer.ino:90:53: error: &#39;LSM6DS3_ACC_GYRO_CTRL10_C&#39; was not declared in this scope
         errorAccumulator &#43;= pedometer.writeRegister(LSM6DS3_ACC_GYRO_CTRL10_C, 0x3E);
                                                     ^~~~~~~~~~~~~~~~~~~~~~~~~
/home/ec2-user/arduino-testlib/cli-datadir/user/libraries/Seeed_Arduino_LSM6DS3/examples/Pedometer/Pedometer.ino:92:53: error: &#39;LSM6DS3_ACC_GYRO_CTRL10_C&#39; was not declared in this scope
         errorAccumulator &#43;= pedometer.writeRegister(LSM6DS3_ACC_GYRO_CTRL10_C, 0x3C);
                                                     ^~~~~~~~~~~~~~~~~~~~~~~~~
/home/ec2-user/arduino-testlib/cli-datadir/user/libraries/Seeed_Arduino_LSM6DS3/examples/Pedometer/Pedometer.ino:96:49: error: &#39;LSM6DS3_ACC_GYRO_TAP_CFG1&#39; was not declared in this scope
     errorAccumulator &#43;= pedometer.writeRegister(LSM6DS3_ACC_GYRO_TAP_CFG1, 0x40);
                                                 ^~~~~~~~~~~~~~~~~~~~~~~~~
/home/ec2-user/arduino-testlib/cli-datadir/user/libraries/Seeed_Arduino_LSM6DS3/examples/Pedometer/Pedometer.ino:99:49: error: &#39;LSM6DS3_ACC_GYRO_INT1_CTRL&#39; was not declared in this scope
     errorAccumulator &#43;= pedometer.writeRegister(LSM6DS3_ACC_GYRO_INT1_CTRL, 0x10);
                                                 ^~~~~~~~~~~~~~~~~~~~~~~~~~
Multiple libraries were found for &#34;LSM6DS3.h&#34;
  Used: /home/ec2-user/arduino-testlib/cli-datadir/user/libraries/Arduino_LSM6DS3
  Not used: /home/ec2-user/arduino-testlib/cli-datadir/user/libraries/SmartEverything_LSM6DS3
  Not used: /home/ec2-user/arduino-testlib/cli-datadir/user/libraries/Seeed_Arduino_LSM6DS3
</pre>
					
				
				<h3 id="esp32:esp32:d1_mini32">esp32:esp32:d1_mini32 @ 1.0.6</h3>
				<h4>Inclusion</h4>
				<p>
					Result: <b>FAIL</b>
					
					<br />This library has no main header file so an empty one was created.
					
				</p>
				<pre class="pre-scrollable">/home/ec2-user/arduino-testlib/cli-datadir/user/libraries/Arduino_LSM6DS3/src/LSM6DS3.cpp: In member function &#39;void LSM6DS3Class::end()&#39;:
/home/ec2-user/arduino-testlib/cli-datadir/user/libraries/Arduino_LSM6DS3/src/LSM6DS3.cpp:109:12: error: &#39;class TwoWire&#39; has no member named &#39;end&#39;
     _wire-&gt;end();
            ^
Multiple libraries were found for &#34;LSM6DS3.h&#34;
  Used: /home/ec2-user/arduino-testlib/cli-datadir/user/libraries/Arduino_LSM6DS3
  Not used: /home/ec2-user/arduino-testlib/cli-datadir/user/libraries/SmartEverything_LSM6DS3
  Not used: /home/ec2-user/arduino-testlib/cli-datadir/user/libraries/Seeed_Arduino_LSM6DS3
</pre>

					
					<h4>examples/FreeFallDetect</h4>
					<p>
						Result: <b>FAIL</b>
					</p>
					<pre class="pre-scrollable">/home/ec2-user/arduino-testlib/cli-datadir/user/libraries/Seeed_Arduino_LSM6DS3/examples/FreeFallDetect/FreeFallDetect.ino:38:1: error: &#39;LSM6DS3&#39; does not name a type
 LSM6DS3 lsm6ds3(I2C_MODE, 0x6A);    //I2C device address 0x6A
 ^
/home/ec2-user/arduino-testlib/cli-datadir/user/libraries/Seeed_Arduino_LSM6DS3/examples/FreeFallDetect/FreeFallDetect.ino: In function &#39;void setup()&#39;:
/home/ec2-user/arduino-testlib/cli-datadir/user/libraries/Seeed_Arduino_LSM6DS3/examples/FreeFallDetect/FreeFallDetect.ino:44:9: error: &#39;lsm6ds3&#39; was not declared in this scope
     if (lsm6ds3.begin() != 0) {
         ^
/home/ec2-user/arduino-testlib/cli-datadir/user/libraries/Seeed_Arduino_LSM6DS3/examples/FreeFallDetect/FreeFallDetect.ino: In function &#39;void loop()&#39;:
/home/ec2-user/arduino-testlib/cli-datadir/user/libraries/Seeed_Arduino_LSM6DS3/examples/FreeFallDetect/FreeFallDetect.ino:60:5: error: &#39;lsm6ds3&#39; was not declared in this scope
     lsm6ds3.readRegister(&amp;readDataByte, LSM6DS3_ACC_GYRO_WAKE_UP_SRC);
     ^
/home/ec2-user/arduino-testlib/cli-datadir/user/libraries/Seeed_Arduino_LSM6DS3/examples/FreeFallDetect/FreeFallDetect.ino:60:41: error: &#39;LSM6DS3_ACC_GYRO_WAKE_UP_SRC&#39; was not declared in this scope
     lsm6ds3.readRegister(&amp;readDataByte, LSM6DS3_ACC_GYRO_WAKE_UP_SRC);
                                         ^
/home/ec2-user/arduino-testlib/cli-datadir/user/libraries/Seeed_Arduino_LSM6DS3/examples/FreeFallDetect/FreeFallDetect.ino: In function &#39;int config_free_fall_detect()&#39;:
/home/ec2-user/arduino-testlib/cli-datadir/user/libraries/Seeed_Arduino_LSM6DS3/examples/FreeFallDetect/FreeFallDetect.ino:75:20: error: &#39;LSM6DS3_ACC_GYRO_BW_XL_200Hz&#39; was not declared in this scope
     dataToWrite |= LSM6DS3_ACC_GYRO_BW_XL_200Hz;
                    ^
/home/ec2-user/arduino-testlib/cli-datadir/user/libraries/Seeed_Arduino_LSM6DS3/examples/FreeFallDetect/FreeFallDetect.ino:76:20: error: &#39;LSM6DS3_ACC_GYRO_FS_XL_2g&#39; was not declared in this scope
     dataToWrite |= LSM6DS3_ACC_GYRO_FS_XL_2g;
                    ^
/home/ec2-user/arduino-testlib/cli-datadir/user/libraries/Seeed_Arduino_LSM6DS3/examples/FreeFallDetect/FreeFallDetect.ino:77:20: error: &#39;LSM6DS3_ACC_GYRO_ODR_XL_416Hz&#39; was not declared in this scope
     dataToWrite |= LSM6DS3_ACC_GYRO_ODR_XL_416Hz;
                    ^
/home/ec2-user/arduino-testlib/cli-datadir/user/libraries/Seeed_Arduino_LSM6DS3/examples/FreeFallDetect/FreeFallDetect.ino:79:14: error: &#39;lsm6ds3&#39; was not declared in this scope
     error &#43;= lsm6ds3.writeRegister(LSM6DS3_ACC_GYRO_CTRL1_XL, dataToWrite);
              ^
/home/ec2-user/arduino-testlib/cli-datadir/user/libraries/Seeed_Arduino_LSM6DS3/examples/FreeFallDetect/FreeFallDetect.ino:79:36: error: &#39;LSM6DS3_ACC_GYRO_CTRL1_XL&#39; was not declared in this scope
     error &#43;= lsm6ds3.writeRegister(LSM6DS3_ACC_GYRO_CTRL1_XL, dataToWrite);
                                    ^
/home/ec2-user/arduino-testlib/cli-datadir/user/libraries/Seeed_Arduino_LSM6DS3/examples/FreeFallDetect/FreeFallDetect.ino:80:36: error: &#39;LSM6DS3_ACC_GYRO_WAKE_UP_DUR&#39; was not declared in this scope
     error &#43;= lsm6ds3.writeRegister(LSM6DS3_ACC_GYRO_WAKE_UP_DUR, 0x00);
                                    ^
/home/ec2-user/arduino-testlib/cli-datadir/user/libraries/Seeed_Arduino_LSM6DS3/examples/FreeFallDetect/FreeFallDetect.ino:81:36: error: &#39;LSM6DS3_ACC_GYRO_FREE_FALL&#39; was not declared in this scope
     error &#43;= lsm6ds3.writeRegister(LSM6DS3_ACC_GYRO_FREE_FALL, 0x33);
                                    ^
/home/ec2-user/arduino-testlib/cli-datadir/user/libraries/Seeed_Arduino_LSM6DS3/examples/FreeFallDetect/FreeFallDetect.ino:82:36: error: &#39;LSM6DS3_ACC_GYRO_MD1_CFG&#39; was not declared in this scope
     error &#43;= lsm6ds3.writeRegister(LSM6DS3_ACC_GYRO_MD1_CFG, 0x10);
                                    ^
/home/ec2-user/arduino-testlib/cli-datadir/user/libraries/Seeed_Arduino_LSM6DS3/examples/FreeFallDetect/FreeFallDetect.ino:83:36: error: &#39;LSM6DS3_ACC_GYRO_MD2_CFG&#39; was not declared in this scope
     error &#43;= lsm6ds3.writeRegister(LSM6DS3_ACC_GYRO_MD2_CFG, 0x10);
                                    ^
/home/ec2-user/arduino-testlib/cli-datadir/user/libraries/Seeed_Arduino_LSM6DS3/examples/FreeFallDetect/FreeFallDetect.ino:84:36: error: &#39;LSM6DS3_ACC_GYRO_TAP_CFG1&#39; was not declared in this scope
     error &#43;= lsm6ds3.writeRegister(LSM6DS3_ACC_GYRO_TAP_CFG1, 0x01);
                                    ^
Multiple libraries were found for &#34;LSM6DS3.h&#34;
  Used: /home/ec2-user/arduino-testlib/cli-datadir/user/libraries/Arduino_LSM6DS3
  Not used: /home/ec2-user/arduino-testlib/cli-datadir/user/libraries/Seeed_Arduino_LSM6DS3
  Not used: /home/ec2-user/arduino-testlib/cli-datadir/user/libraries/SmartEverything_LSM6DS3
</pre>
					
					<h4>examples/HighLevelExample</h4>
					<p>
						Result: <b>FAIL</b>
					</p>
					<pre class="pre-scrollable">/home/ec2-user/arduino-testlib/cli-datadir/user/libraries/Seeed_Arduino_LSM6DS3/examples/HighLevelExample/HighLevelExample.ino:35:1: error: &#39;LSM6DS3&#39; does not name a type
 LSM6DS3 myIMU(I2C_MODE, 0x6A);    //I2C device address 0x6A
 ^
/home/ec2-user/arduino-testlib/cli-datadir/user/libraries/Seeed_Arduino_LSM6DS3/examples/HighLevelExample/HighLevelExample.ino: In function &#39;void setup()&#39;:
/home/ec2-user/arduino-testlib/cli-datadir/user/libraries/Seeed_Arduino_LSM6DS3/examples/HighLevelExample/HighLevelExample.ino:42:9: error: &#39;myIMU&#39; was not declared in this scope
     if (myIMU.begin() != 0) {
         ^
/home/ec2-user/arduino-testlib/cli-datadir/user/libraries/Seeed_Arduino_LSM6DS3/examples/HighLevelExample/HighLevelExample.ino: In function &#39;void loop()&#39;:
/home/ec2-user/arduino-testlib/cli-datadir/user/libraries/Seeed_Arduino_LSM6DS3/examples/HighLevelExample/HighLevelExample.ino:53:20: error: &#39;myIMU&#39; was not declared in this scope
     Serial.println(myIMU.readFloatAccelX(), 4);
                    ^
Multiple libraries were found for &#34;LSM6DS3.h&#34;
  Used: /home/ec2-user/arduino-testlib/cli-datadir/user/libraries/Arduino_LSM6DS3
  Not used: /home/ec2-user/arduino-testlib/cli-datadir/user/libraries/SmartEverything_LSM6DS3
  Not used: /home/ec2-user/arduino-testlib/cli-datadir/user/libraries/Seeed_Arduino_LSM6DS3
</pre>
					
					<h4>examples/LowLevelExample</h4>
					<p>
						Result: <b>FAIL</b>
					</p>
					<pre class="pre-scrollable">/home/ec2-user/arduino-testlib/cli-datadir/user/libraries/Seeed_Arduino_LSM6DS3/examples/LowLevelExample/LowLevelExample.ino:38:1: error: &#39;LSM6DS3Core&#39; does not name a type
 LSM6DS3Core myIMU(I2C_MODE, 0x6A);    //I2C device address 0x6A
 ^
/home/ec2-user/arduino-testlib/cli-datadir/user/libraries/Seeed_Arduino_LSM6DS3/examples/LowLevelExample/LowLevelExample.ino: In function &#39;void setup()&#39;:
/home/ec2-user/arduino-testlib/cli-datadir/user/libraries/Seeed_Arduino_LSM6DS3/examples/LowLevelExample/LowLevelExample.ino:46:9: error: &#39;myIMU&#39; was not declared in this scope
     if (myIMU.beginCore() != 0) {
         ^
/home/ec2-user/arduino-testlib/cli-datadir/user/libraries/Seeed_Arduino_LSM6DS3/examples/LowLevelExample/LowLevelExample.ino:56:20: error: &#39;LSM6DS3_ACC_GYRO_BW_XL_100Hz&#39; was not declared in this scope
     dataToWrite |= LSM6DS3_ACC_GYRO_BW_XL_100Hz;
                    ^
/home/ec2-user/arduino-testlib/cli-datadir/user/libraries/Seeed_Arduino_LSM6DS3/examples/LowLevelExample/LowLevelExample.ino:57:20: error: &#39;LSM6DS3_ACC_GYRO_FS_XL_8g&#39; was not declared in this scope
     dataToWrite |= LSM6DS3_ACC_GYRO_FS_XL_8g;
                    ^
/home/ec2-user/arduino-testlib/cli-datadir/user/libraries/Seeed_Arduino_LSM6DS3/examples/LowLevelExample/LowLevelExample.ino:58:20: error: &#39;LSM6DS3_ACC_GYRO_ODR_XL_104Hz&#39; was not declared in this scope
     dataToWrite |= LSM6DS3_ACC_GYRO_ODR_XL_104Hz;
                    ^
/home/ec2-user/arduino-testlib/cli-datadir/user/libraries/Seeed_Arduino_LSM6DS3/examples/LowLevelExample/LowLevelExample.ino:61:26: error: &#39;myIMU&#39; was not declared in this scope
     errorsAndWarnings &#43;= myIMU.writeRegister(LSM6DS3_ACC_GYRO_CTRL1_XL, dataToWrite);
                          ^
/home/ec2-user/arduino-testlib/cli-datadir/user/libraries/Seeed_Arduino_LSM6DS3/examples/LowLevelExample/LowLevelExample.ino:61:46: error: &#39;LSM6DS3_ACC_GYRO_CTRL1_XL&#39; was not declared in this scope
     errorsAndWarnings &#43;= myIMU.writeRegister(LSM6DS3_ACC_GYRO_CTRL1_XL, dataToWrite);
                                              ^
/home/ec2-user/arduino-testlib/cli-datadir/user/libraries/Seeed_Arduino_LSM6DS3/examples/LowLevelExample/LowLevelExample.ino:64:59: error: &#39;LSM6DS3_ACC_GYRO_CTRL4_C&#39; was not declared in this scope
     errorsAndWarnings &#43;= myIMU.readRegister(&amp;dataToWrite, LSM6DS3_ACC_GYRO_CTRL4_C);
                                                           ^
/home/ec2-user/arduino-testlib/cli-datadir/user/libraries/Seeed_Arduino_LSM6DS3/examples/LowLevelExample/LowLevelExample.ino:65:31: error: &#39;LSM6DS3_ACC_GYRO_BW_SCAL_ODR_ENABLED&#39; was not declared in this scope
     dataToWrite &amp;= ~((uint8_t)LSM6DS3_ACC_GYRO_BW_SCAL_ODR_ENABLED);
                               ^
/home/ec2-user/arduino-testlib/cli-datadir/user/libraries/Seeed_Arduino_LSM6DS3/examples/LowLevelExample/LowLevelExample.ino: In function &#39;void loop()&#39;:
/home/ec2-user/arduino-testlib/cli-datadir/user/libraries/Seeed_Arduino_LSM6DS3/examples/LowLevelExample/LowLevelExample.ino:75:9: error: &#39;myIMU&#39; was not declared in this scope
     if (myIMU.readRegisterInt16(&amp;temp, LSM6DS3_ACC_GYRO_OUTX_L_XL) != 0) {
         ^
/home/ec2-user/arduino-testlib/cli-datadir/user/libraries/Seeed_Arduino_LSM6DS3/examples/LowLevelExample/LowLevelExample.ino:75:40: error: &#39;LSM6DS3_ACC_GYRO_OUTX_L_XL&#39; was not declared in this scope
     if (myIMU.readRegisterInt16(&amp;temp, LSM6DS3_ACC_GYRO_OUTX_L_XL) != 0) {
                                        ^
/home/ec2-user/arduino-testlib/cli-datadir/user/libraries/Seeed_Arduino_LSM6DS3/examples/LowLevelExample/LowLevelExample.ino:82:9: error: &#39;myIMU&#39; was not declared in this scope
     if (myIMU.readRegisterInt16(&amp;temp, LSM6DS3_ACC_GYRO_OUTY_L_XL) != 0) {
         ^
/home/ec2-user/arduino-testlib/cli-datadir/user/libraries/Seeed_Arduino_LSM6DS3/examples/LowLevelExample/LowLevelExample.ino:82:40: error: &#39;LSM6DS3_ACC_GYRO_OUTY_L_XL&#39; was not declared in this scope
     if (myIMU.readRegisterInt16(&amp;temp, LSM6DS3_ACC_GYRO_OUTY_L_XL) != 0) {
                                        ^
/home/ec2-user/arduino-testlib/cli-datadir/user/libraries/Seeed_Arduino_LSM6DS3/examples/LowLevelExample/LowLevelExample.ino:89:9: error: &#39;myIMU&#39; was not declared in this scope
     if (myIMU.readRegisterInt16(&amp;temp, LSM6DS3_ACC_GYRO_OUTZ_L_XL) != 0) {
         ^
/home/ec2-user/arduino-testlib/cli-datadir/user/libraries/Seeed_Arduino_LSM6DS3/examples/LowLevelExample/LowLevelExample.ino:89:40: error: &#39;LSM6DS3_ACC_GYRO_OUTZ_L_XL&#39; was not declared in this scope
     if (myIMU.readRegisterInt16(&amp;temp, LSM6DS3_ACC_GYRO_OUTZ_L_XL) != 0) {
                                        ^
Multiple libraries were found for &#34;LSM6DS3.h&#34;
  Used: /home/ec2-user/arduino-testlib/cli-datadir/user/libraries/Arduino_LSM6DS3
  Not used: /home/ec2-user/arduino-testlib/cli-datadir/user/libraries/Seeed_Arduino_LSM6DS3
  Not used: /home/ec2-user/arduino-testlib/cli-datadir/user/libraries/SmartEverything_LSM6DS3
</pre>
					
					<h4>examples/Pedometer</h4>
					<p>
						Result: <b>FAIL</b>
					</p>
					<pre class="pre-scrollable">/home/ec2-user/arduino-testlib/cli-datadir/user/libraries/Seeed_Arduino_LSM6DS3/examples/Pedometer/Pedometer.ino:38:1: error: &#39;LSM6DS3&#39; does not name a type
 LSM6DS3 pedometer(I2C_MODE, 0x6A);    //I2C device address 0x6A
 ^
/home/ec2-user/arduino-testlib/cli-datadir/user/libraries/Seeed_Arduino_LSM6DS3/examples/Pedometer/Pedometer.ino: In function &#39;void setup()&#39;:
/home/ec2-user/arduino-testlib/cli-datadir/user/libraries/Seeed_Arduino_LSM6DS3/examples/Pedometer/Pedometer.ino:43:9: error: &#39;pedometer&#39; was not declared in this scope
     if (pedometer.begin() != 0) {
         ^
/home/ec2-user/arduino-testlib/cli-datadir/user/libraries/Seeed_Arduino_LSM6DS3/examples/Pedometer/Pedometer.ino: In function &#39;void loop()&#39;:
/home/ec2-user/arduino-testlib/cli-datadir/user/libraries/Seeed_Arduino_LSM6DS3/examples/Pedometer/Pedometer.ino:60:5: error: &#39;pedometer&#39; was not declared in this scope
     pedometer.readRegister(&amp;dataByte, LSM6DS3_ACC_GYRO_STEP_COUNTER_H);
     ^
/home/ec2-user/arduino-testlib/cli-datadir/user/libraries/Seeed_Arduino_LSM6DS3/examples/Pedometer/Pedometer.ino:60:39: error: &#39;LSM6DS3_ACC_GYRO_STEP_COUNTER_H&#39; was not declared in this scope
     pedometer.readRegister(&amp;dataByte, LSM6DS3_ACC_GYRO_STEP_COUNTER_H);
                                       ^
/home/ec2-user/arduino-testlib/cli-datadir/user/libraries/Seeed_Arduino_LSM6DS3/examples/Pedometer/Pedometer.ino:63:39: error: &#39;LSM6DS3_ACC_GYRO_STEP_COUNTER_L&#39; was not declared in this scope
     pedometer.readRegister(&amp;dataByte, LSM6DS3_ACC_GYRO_STEP_COUNTER_L);
                                       ^
/home/ec2-user/arduino-testlib/cli-datadir/user/libraries/Seeed_Arduino_LSM6DS3/examples/Pedometer/Pedometer.ino: In function &#39;int config_pedometer(bool)&#39;:
/home/ec2-user/arduino-testlib/cli-datadir/user/libraries/Seeed_Arduino_LSM6DS3/examples/Pedometer/Pedometer.ino:81:20: error: &#39;LSM6DS3_ACC_GYRO_FS_XL_2g&#39; was not declared in this scope
     dataToWrite |= LSM6DS3_ACC_GYRO_FS_XL_2g;
                    ^
/home/ec2-user/arduino-testlib/cli-datadir/user/libraries/Seeed_Arduino_LSM6DS3/examples/Pedometer/Pedometer.ino:82:20: error: &#39;LSM6DS3_ACC_GYRO_ODR_XL_26Hz&#39; was not declared in this scope
     dataToWrite |= LSM6DS3_ACC_GYRO_ODR_XL_26Hz;
                    ^
/home/ec2-user/arduino-testlib/cli-datadir/user/libraries/Seeed_Arduino_LSM6DS3/examples/Pedometer/Pedometer.ino:86:25: error: &#39;pedometer&#39; was not declared in this scope
     errorAccumulator &#43;= pedometer.writeRegister(LSM6DS3_ACC_GYRO_CTRL1_XL, dataToWrite);
                         ^
/home/ec2-user/arduino-testlib/cli-datadir/user/libraries/Seeed_Arduino_LSM6DS3/examples/Pedometer/Pedometer.ino:86:49: error: &#39;LSM6DS3_ACC_GYRO_CTRL1_XL&#39; was not declared in this scope
     errorAccumulator &#43;= pedometer.writeRegister(LSM6DS3_ACC_GYRO_CTRL1_XL, dataToWrite);
                                                 ^
/home/ec2-user/arduino-testlib/cli-datadir/user/libraries/Seeed_Arduino_LSM6DS3/examples/Pedometer/Pedometer.ino:90:53: error: &#39;LSM6DS3_ACC_GYRO_CTRL10_C&#39; was not declared in this scope
         errorAccumulator &#43;= pedometer.writeRegister(LSM6DS3_ACC_GYRO_CTRL10_C, 0x3E);
                                                     ^
/home/ec2-user/arduino-testlib/cli-datadir/user/libraries/Seeed_Arduino_LSM6DS3/examples/Pedometer/Pedometer.ino:92:53: error: &#39;LSM6DS3_ACC_GYRO_CTRL10_C&#39; was not declared in this scope
         errorAccumulator &#43;= pedometer.writeRegister(LSM6DS3_ACC_GYRO_CTRL10_C, 0x3C);
                                                     ^
/home/ec2-user/arduino-testlib/cli-datadir/user/libraries/Seeed_Arduino_LSM6DS3/examples/Pedometer/Pedometer.ino:96:49: error: &#39;LSM6DS3_ACC_GYRO_TAP_CFG1&#39; was not declared in this scope
     errorAccumulator &#43;= pedometer.writeRegister(LSM6DS3_ACC_GYRO_TAP_CFG1, 0x40);
                                                 ^
/home/ec2-user/arduino-testlib/cli-datadir/user/libraries/Seeed_Arduino_LSM6DS3/examples/Pedometer/Pedometer.ino:99:49: error: &#39;LSM6DS3_ACC_GYRO_INT1_CTRL&#39; was not declared in this scope
     errorAccumulator &#43;= pedometer.writeRegister(LSM6DS3_ACC_GYRO_INT1_CTRL, 0x10);
                                                 ^
Multiple libraries were found for &#34;LSM6DS3.h&#34;
  Used: /home/ec2-user/arduino-testlib/cli-datadir/user/libraries/Arduino_LSM6DS3
  Not used: /home/ec2-user/arduino-testlib/cli-datadir/user/libraries/Seeed_Arduino_LSM6DS3
  Not used: /home/ec2-user/arduino-testlib/cli-datadir/user/libraries/SmartEverything_LSM6DS3
</pre>
					
				
			</div>
		</div>
	</div>
  </body>
</html>
