
<!doctype html>
<html lang="en">
  <head>
    <meta charset="utf-8">
    <meta name="viewport" content="width=device-width, initial-scale=1">
    <link href="https://cdn.jsdelivr.net/npm/bootstrap@5.0.2/dist/css/bootstrap.min.css" rel="stylesheet" integrity="sha384-EVSTQN3/azprG1Anm3QDgpJLIm9Nao0Yz1ztcQTwFspd3yD65VohhpuuCOmLASjC" crossorigin="anonymous">
    <title>arduino-testlib report</title>
	<style>
	.pass { background-color: #00FF00 !important; }
	.fail { background-color: #FF0000 !important; }
	</style>
  </head>
  <body>
	<div class="container">
		<div class="row">
			<div class="col">
				<h1>Sensor Communication Library - compatibility matrix</h1>
				<p>
					<small>This report was generated on Wednesday, 23-Feb-22 22:48:15 CET using 
					<a href="https://github.com/alranel/arduino-testlib">arduino-testlib</a>.</small>
				</p>

				<h2>Sensor Communication Library</h2>
				<p>
					Version: <b>0.4.0</b>
					<br />
					<a href="https://www.arduino.cc/reference/en/libraries/sensor-communication-library/">More details</a>
				</p>

				<h2>Compatibility matrix</h2>
				<table class="table table-bordered">
					<tr>
						<th>Board</th>
						<th>Claims compatibility</th>
						<th>Inclusion</th>
						
						<th><pre>TestSensorCommunicationLib</pre></th>
						
						<th><pre>TestSensorCommunicationLibDHT</pre></th>
						
					</tr>
					
					<tr>
						<td>
							<a href="#arduino%3aavr%3auno"><b>arduino:avr:uno</b></a>
							<br />
							<small>1.8.4</small>
						</td>

						
						
						
							<td>Yes ⚠️</td>
							<td class="fail">FAIL</td>
						
						

						
							
								
									
										
											
											<td class="fail">FAIL</td>
										
									
										
									
								
							
								
							
								
							
								
							
								
							
						
							
								
									
										
									
										
											
											<td class="fail">FAIL</td>
										
									
								
							
								
							
								
							
								
							
								
							
						
					</tr>
					
					<tr>
						<td>
							<a href="#arduino%3ambed_nano%3ananorp2040connect"><b>arduino:mbed_nano:nanorp2040connect</b></a>
							<br />
							<small>2.7.2</small>
						</td>

						
						
						
							<td>Yes ⚠️</td>
							<td class="fail">FAIL</td>
						
						

						
							
								
							
								
									
										
											
											<td class="fail">FAIL</td>
										
									
										
									
								
							
								
							
								
							
								
							
						
							
								
							
								
									
										
									
										
											
											<td class="fail">FAIL</td>
										
									
								
							
								
							
								
							
								
							
						
					</tr>
					
					<tr>
						<td>
							<a href="#arduino%3amegaavr%3anona4809"><b>arduino:megaavr:nona4809</b></a>
							<br />
							<small>1.8.7</small>
						</td>

						
						
						
							<td>Yes ⚠️</td>
							<td class="fail">FAIL</td>
						
						

						
							
								
							
								
							
								
									
										
											
											<td class="fail">FAIL</td>
										
									
										
									
								
							
								
							
								
							
						
							
								
							
								
							
								
									
										
									
										
											
											<td class="fail">FAIL</td>
										
									
								
							
								
							
								
							
						
					</tr>
					
					<tr>
						<td>
							<a href="#arduino%3asamd%3amkrwifi1010"><b>arduino:samd:mkrwifi1010</b></a>
							<br />
							<small>1.8.12</small>
						</td>

						
						
						
							<td>Yes ⚠️</td>
							<td class="fail">FAIL</td>
						
						

						
							
								
							
								
							
								
							
								
									
										
											
											<td class="fail">FAIL</td>
										
									
										
									
								
							
								
							
						
							
								
							
								
							
								
							
								
									
										
									
										
											
											<td class="fail">FAIL</td>
										
									
								
							
								
							
						
					</tr>
					
					<tr>
						<td>
							<a href="#esp32%3aesp32%3ad1_mini32"><b>esp32:esp32:d1_mini32</b></a>
							<br />
							<small>1.0.6</small>
						</td>

						
							<td>Yes</td>
							<td class="pass">PASS</td>
						
						
						
						

						
							
								
							
								
							
								
							
								
							
								
									
										
											<td class="pass">PASS</td>
											
										
									
										
									
								
							
						
							
								
							
								
							
								
							
								
							
								
									
										
									
										
											<td class="pass">PASS</td>
											
										
									
								
							
						
					</tr>
					
				</table>

				<h2>Compilation logs</h2>
				
				<h3 id="arduino:avr:uno">arduino:avr:uno @ 1.8.4</h3>
				<h4>Inclusion</h4>
				<p>
					Result: <b>FAIL</b>
					
				</p>
				<pre class="pre-scrollable">
</pre>

					
					<h4>examples/TestSensorCommunicationLib</h4>
					<p>
						Result: <b>FAIL</b>
					</p>
					<pre class="pre-scrollable">/home/ec2-user/arduino-testlib/cli-datadir/user/libraries/Sensor_Communication_Library/src/SensorCommunicationLib.cpp: In member function &#39;void SensorCommunicationLib::Send()&#39;:
/home/ec2-user/arduino-testlib/cli-datadir/user/libraries/Sensor_Communication_Library/src/SensorCommunicationLib.cpp:49:14: error: &#39;class HardwareSerial&#39; has no member named &#39;printf&#39;; did you mean &#39;print&#39;?
       Serial.printf(&#34;%.2f&#34;, avgSensors[i].get());
              ^~~~~~
              print
/home/ec2-user/arduino-testlib/cli-datadir/user/libraries/Sensor_Communication_Library/src/SensorCommunicationLib.cpp:52:10: error: &#39;class HardwareSerial&#39; has no member named &#39;printf&#39;; did you mean &#39;print&#39;?
   Serial.printf(&#34;%.2f&#34;, avgSensors[i].get());
          ^~~~~~
          print

</pre>
					
					<h4>examples/TestSensorCommunicationLibDHT</h4>
					<p>
						Result: <b>FAIL</b>
					</p>
					<pre class="pre-scrollable">/home/ec2-user/arduino-testlib/cli-datadir/user/libraries/Sensor_Communication_Library/src/SensorCommunicationLib.cpp: In member function &#39;void SensorCommunicationLib::Send()&#39;:
/home/ec2-user/arduino-testlib/cli-datadir/user/libraries/Sensor_Communication_Library/src/SensorCommunicationLib.cpp:49:14: error: &#39;class HardwareSerial&#39; has no member named &#39;printf&#39;; did you mean &#39;print&#39;?
       Serial.printf(&#34;%.2f&#34;, avgSensors[i].get());
              ^~~~~~
              print
/home/ec2-user/arduino-testlib/cli-datadir/user/libraries/Sensor_Communication_Library/src/SensorCommunicationLib.cpp:52:10: error: &#39;class HardwareSerial&#39; has no member named &#39;printf&#39;; did you mean &#39;print&#39;?
   Serial.printf(&#34;%.2f&#34;, avgSensors[i].get());
          ^~~~~~
          print
Multiple libraries were found for &#34;Adafruit_Sensor.h&#34;
  Used: /home/ec2-user/arduino-testlib/cli-datadir/user/libraries/Adafruit_Unified_Sensor
  Not used: /home/ec2-user/arduino-testlib/cli-datadir/user/libraries/ClimaStick
  Not used: /home/ec2-user/arduino-testlib/cli-datadir/user/libraries/ArdUAV
Multiple libraries were found for &#34;DHT.h&#34;
  Used: /home/ec2-user/arduino-testlib/cli-datadir/user/libraries/DHT_sensor_library
  Not used: /home/ec2-user/arduino-testlib/cli-datadir/user/libraries/Grove_Temperature_And_Humidity_Sensor
  Not used: /home/ec2-user/arduino-testlib/cli-datadir/user/libraries/uKit_Explore
  Not used: /home/ec2-user/arduino-testlib/cli-datadir/user/libraries/NanoPlayBoard
</pre>
					
				
				<h3 id="arduino:mbed_nano:nanorp2040connect">arduino:mbed_nano:nanorp2040connect @ 2.7.2</h3>
				<h4>Inclusion</h4>
				<p>
					Result: <b>FAIL</b>
					
				</p>
				<pre class="pre-scrollable">/home/ec2-user/arduino-testlib/cli-datadir/user/libraries/Sensor_Communication_Library/src/SensorCommunicationLib.cpp: In member function &#39;void SensorCommunicationLib::Send()&#39;:
/home/ec2-user/arduino-testlib/cli-datadir/user/libraries/Sensor_Communication_Library/src/SensorCommunicationLib.cpp:49:14: error: &#39;class arduino::UART&#39; has no member named &#39;printf&#39;; did you mean &#39;print&#39;?
       Serial.printf(&#34;%.2f&#34;, avgSensors[i].get());
              ^~~~~~
              print
/home/ec2-user/arduino-testlib/cli-datadir/user/libraries/Sensor_Communication_Library/src/SensorCommunicationLib.cpp:52:10: error: &#39;class arduino::UART&#39; has no member named &#39;printf&#39;; did you mean &#39;print&#39;?
   Serial.printf(&#34;%.2f&#34;, avgSensors[i].get());
          ^~~~~~
          print

</pre>

					
					<h4>examples/TestSensorCommunicationLib</h4>
					<p>
						Result: <b>FAIL</b>
					</p>
					<pre class="pre-scrollable">/home/ec2-user/arduino-testlib/cli-datadir/user/libraries/Sensor_Communication_Library/src/SensorCommunicationLib.cpp: In member function &#39;void SensorCommunicationLib::Send()&#39;:
/home/ec2-user/arduino-testlib/cli-datadir/user/libraries/Sensor_Communication_Library/src/SensorCommunicationLib.cpp:49:14: error: &#39;class arduino::UART&#39; has no member named &#39;printf&#39;; did you mean &#39;print&#39;?
       Serial.printf(&#34;%.2f&#34;, avgSensors[i].get());
              ^~~~~~
              print
/home/ec2-user/arduino-testlib/cli-datadir/user/libraries/Sensor_Communication_Library/src/SensorCommunicationLib.cpp:52:10: error: &#39;class arduino::UART&#39; has no member named &#39;printf&#39;; did you mean &#39;print&#39;?
   Serial.printf(&#34;%.2f&#34;, avgSensors[i].get());
          ^~~~~~
          print

</pre>
					
					<h4>examples/TestSensorCommunicationLibDHT</h4>
					<p>
						Result: <b>FAIL</b>
					</p>
					<pre class="pre-scrollable">/home/ec2-user/arduino-testlib/cli-datadir/user/libraries/Sensor_Communication_Library/src/SensorCommunicationLib.cpp: In member function &#39;void SensorCommunicationLib::Send()&#39;:
/home/ec2-user/arduino-testlib/cli-datadir/user/libraries/Sensor_Communication_Library/src/SensorCommunicationLib.cpp:49:14: error: &#39;class arduino::UART&#39; has no member named &#39;printf&#39;; did you mean &#39;print&#39;?
       Serial.printf(&#34;%.2f&#34;, avgSensors[i].get());
              ^~~~~~
              print
/home/ec2-user/arduino-testlib/cli-datadir/user/libraries/Sensor_Communication_Library/src/SensorCommunicationLib.cpp:52:10: error: &#39;class arduino::UART&#39; has no member named &#39;printf&#39;; did you mean &#39;print&#39;?
   Serial.printf(&#34;%.2f&#34;, avgSensors[i].get());
          ^~~~~~
          print
Multiple libraries were found for &#34;DHT.h&#34;
  Used: /home/ec2-user/arduino-testlib/cli-datadir/user/libraries/DHT_sensor_library
  Not used: /home/ec2-user/arduino-testlib/cli-datadir/user/libraries/uKit_Explore
  Not used: /home/ec2-user/arduino-testlib/cli-datadir/user/libraries/Grove_Temperature_And_Humidity_Sensor
  Not used: /home/ec2-user/arduino-testlib/cli-datadir/user/libraries/NanoPlayBoard
Multiple libraries were found for &#34;Adafruit_Sensor.h&#34;
  Used: /home/ec2-user/arduino-testlib/cli-datadir/user/libraries/Adafruit_Unified_Sensor
  Not used: /home/ec2-user/arduino-testlib/cli-datadir/user/libraries/ClimaStick
  Not used: /home/ec2-user/arduino-testlib/cli-datadir/user/libraries/ArdUAV
</pre>
					
				
				<h3 id="arduino:megaavr:nona4809">arduino:megaavr:nona4809 @ 1.8.7</h3>
				<h4>Inclusion</h4>
				<p>
					Result: <b>FAIL</b>
					
				</p>
				<pre class="pre-scrollable">/home/ec2-user/arduino-testlib/cli-datadir/user/libraries/Sensor_Communication_Library/src/SensorCommunicationLib.cpp: In member function &#39;void SensorCommunicationLib::Send()&#39;:
/home/ec2-user/arduino-testlib/cli-datadir/user/libraries/Sensor_Communication_Library/src/SensorCommunicationLib.cpp:49:14: error: &#39;class UartClass&#39; has no member named &#39;printf&#39;; did you mean &#39;print&#39;?
       Serial.printf(&#34;%.2f&#34;, avgSensors[i].get());
              ^~~~~~
              print
/home/ec2-user/arduino-testlib/cli-datadir/user/libraries/Sensor_Communication_Library/src/SensorCommunicationLib.cpp:52:10: error: &#39;class UartClass&#39; has no member named &#39;printf&#39;; did you mean &#39;print&#39;?
   Serial.printf(&#34;%.2f&#34;, avgSensors[i].get());
          ^~~~~~
          print

</pre>

					
					<h4>examples/TestSensorCommunicationLib</h4>
					<p>
						Result: <b>FAIL</b>
					</p>
					<pre class="pre-scrollable">/home/ec2-user/arduino-testlib/cli-datadir/user/libraries/Sensor_Communication_Library/src/SensorCommunicationLib.cpp: In member function &#39;void SensorCommunicationLib::Send()&#39;:
/home/ec2-user/arduino-testlib/cli-datadir/user/libraries/Sensor_Communication_Library/src/SensorCommunicationLib.cpp:49:14: error: &#39;class UartClass&#39; has no member named &#39;printf&#39;; did you mean &#39;print&#39;?
       Serial.printf(&#34;%.2f&#34;, avgSensors[i].get());
              ^~~~~~
              print
/home/ec2-user/arduino-testlib/cli-datadir/user/libraries/Sensor_Communication_Library/src/SensorCommunicationLib.cpp:52:10: error: &#39;class UartClass&#39; has no member named &#39;printf&#39;; did you mean &#39;print&#39;?
   Serial.printf(&#34;%.2f&#34;, avgSensors[i].get());
          ^~~~~~
          print

</pre>
					
					<h4>examples/TestSensorCommunicationLibDHT</h4>
					<p>
						Result: <b>FAIL</b>
					</p>
					<pre class="pre-scrollable">/home/ec2-user/arduino-testlib/cli-datadir/user/libraries/Sensor_Communication_Library/src/SensorCommunicationLib.cpp: In member function &#39;void SensorCommunicationLib::Send()&#39;:
/home/ec2-user/arduino-testlib/cli-datadir/user/libraries/Sensor_Communication_Library/src/SensorCommunicationLib.cpp:49:14: error: &#39;class UartClass&#39; has no member named &#39;printf&#39;; did you mean &#39;print&#39;?
       Serial.printf(&#34;%.2f&#34;, avgSensors[i].get());
              ^~~~~~
              print
/home/ec2-user/arduino-testlib/cli-datadir/user/libraries/Sensor_Communication_Library/src/SensorCommunicationLib.cpp:52:10: error: &#39;class UartClass&#39; has no member named &#39;printf&#39;; did you mean &#39;print&#39;?
   Serial.printf(&#34;%.2f&#34;, avgSensors[i].get());
          ^~~~~~
          print
Multiple libraries were found for &#34;Adafruit_Sensor.h&#34;
  Used: /home/ec2-user/arduino-testlib/cli-datadir/user/libraries/Adafruit_Unified_Sensor
  Not used: /home/ec2-user/arduino-testlib/cli-datadir/user/libraries/ArdUAV
  Not used: /home/ec2-user/arduino-testlib/cli-datadir/user/libraries/ClimaStick
Multiple libraries were found for &#34;DHT.h&#34;
  Used: /home/ec2-user/arduino-testlib/cli-datadir/user/libraries/DHT_sensor_library
  Not used: /home/ec2-user/arduino-testlib/cli-datadir/user/libraries/uKit_Explore
  Not used: /home/ec2-user/arduino-testlib/cli-datadir/user/libraries/Grove_Temperature_And_Humidity_Sensor
  Not used: /home/ec2-user/arduino-testlib/cli-datadir/user/libraries/NanoPlayBoard
</pre>
					
				
				<h3 id="arduino:samd:mkrwifi1010">arduino:samd:mkrwifi1010 @ 1.8.12</h3>
				<h4>Inclusion</h4>
				<p>
					Result: <b>FAIL</b>
					
				</p>
				<pre class="pre-scrollable">/home/ec2-user/arduino-testlib/cli-datadir/user/libraries/Sensor_Communication_Library/src/SensorCommunicationLib.cpp: In member function &#39;void SensorCommunicationLib::Send()&#39;:
/home/ec2-user/arduino-testlib/cli-datadir/user/libraries/Sensor_Communication_Library/src/SensorCommunicationLib.cpp:49:14: error: &#39;class Serial_&#39; has no member named &#39;printf&#39;; did you mean &#39;print&#39;?
       Serial.printf(&#34;%.2f&#34;, avgSensors[i].get());
              ^~~~~~
              print
/home/ec2-user/arduino-testlib/cli-datadir/user/libraries/Sensor_Communication_Library/src/SensorCommunicationLib.cpp:52:10: error: &#39;class Serial_&#39; has no member named &#39;printf&#39;; did you mean &#39;print&#39;?
   Serial.printf(&#34;%.2f&#34;, avgSensors[i].get());
          ^~~~~~
          print

</pre>

					
					<h4>examples/TestSensorCommunicationLib</h4>
					<p>
						Result: <b>FAIL</b>
					</p>
					<pre class="pre-scrollable">/home/ec2-user/arduino-testlib/cli-datadir/user/libraries/Sensor_Communication_Library/src/SensorCommunicationLib.cpp: In member function &#39;void SensorCommunicationLib::Send()&#39;:
/home/ec2-user/arduino-testlib/cli-datadir/user/libraries/Sensor_Communication_Library/src/SensorCommunicationLib.cpp:49:14: error: &#39;class Serial_&#39; has no member named &#39;printf&#39;; did you mean &#39;print&#39;?
       Serial.printf(&#34;%.2f&#34;, avgSensors[i].get());
              ^~~~~~
              print
/home/ec2-user/arduino-testlib/cli-datadir/user/libraries/Sensor_Communication_Library/src/SensorCommunicationLib.cpp:52:10: error: &#39;class Serial_&#39; has no member named &#39;printf&#39;; did you mean &#39;print&#39;?
   Serial.printf(&#34;%.2f&#34;, avgSensors[i].get());
          ^~~~~~
          print

</pre>
					
					<h4>examples/TestSensorCommunicationLibDHT</h4>
					<p>
						Result: <b>FAIL</b>
					</p>
					<pre class="pre-scrollable">/home/ec2-user/arduino-testlib/cli-datadir/user/libraries/Sensor_Communication_Library/src/SensorCommunicationLib.cpp: In member function &#39;void SensorCommunicationLib::Send()&#39;:
/home/ec2-user/arduino-testlib/cli-datadir/user/libraries/Sensor_Communication_Library/src/SensorCommunicationLib.cpp:49:14: error: &#39;class Serial_&#39; has no member named &#39;printf&#39;; did you mean &#39;print&#39;?
       Serial.printf(&#34;%.2f&#34;, avgSensors[i].get());
              ^~~~~~
              print
/home/ec2-user/arduino-testlib/cli-datadir/user/libraries/Sensor_Communication_Library/src/SensorCommunicationLib.cpp:52:10: error: &#39;class Serial_&#39; has no member named &#39;printf&#39;; did you mean &#39;print&#39;?
   Serial.printf(&#34;%.2f&#34;, avgSensors[i].get());
          ^~~~~~
          print
Multiple libraries were found for &#34;Adafruit_Sensor.h&#34;
  Used: /home/ec2-user/arduino-testlib/cli-datadir/user/libraries/Adafruit_Unified_Sensor
  Not used: /home/ec2-user/arduino-testlib/cli-datadir/user/libraries/ArdUAV
  Not used: /home/ec2-user/arduino-testlib/cli-datadir/user/libraries/ClimaStick
Multiple libraries were found for &#34;DHT.h&#34;
  Used: /home/ec2-user/arduino-testlib/cli-datadir/user/libraries/DHT_sensor_library
  Not used: /home/ec2-user/arduino-testlib/cli-datadir/user/libraries/Grove_Temperature_And_Humidity_Sensor
  Not used: /home/ec2-user/arduino-testlib/cli-datadir/user/libraries/uKit_Explore
  Not used: /home/ec2-user/arduino-testlib/cli-datadir/user/libraries/NanoPlayBoard
</pre>
					
				
				<h3 id="esp32:esp32:d1_mini32">esp32:esp32:d1_mini32 @ 1.0.6</h3>
				<h4>Inclusion</h4>
				<p>
					Result: <b>PASS</b>
					
				</p>
				<pre class="pre-scrollable">Sketch uses 200534 bytes (15%) of program storage space. Maximum is 1310720 bytes.
Global variables use 13432 bytes (4%) of dynamic memory, leaving 314248 bytes for local variables. Maximum is 327680 bytes.
</pre>

					
					<h4>examples/TestSensorCommunicationLib</h4>
					<p>
						Result: <b>PASS</b>
					</p>
					<pre class="pre-scrollable">Sketch uses 206790 bytes (15%) of program storage space. Maximum is 1310720 bytes.
Global variables use 13800 bytes (4%) of dynamic memory, leaving 313880 bytes for local variables. Maximum is 327680 bytes.
</pre>
					
					<h4>examples/TestSensorCommunicationLibDHT</h4>
					<p>
						Result: <b>PASS</b>
					</p>
					<pre class="pre-scrollable">Sketch uses 209366 bytes (15%) of program storage space. Maximum is 1310720 bytes.
Global variables use 13872 bytes (4%) of dynamic memory, leaving 313808 bytes for local variables. Maximum is 327680 bytes.
</pre>
					
				
			</div>
		</div>
	</div>
  </body>
</html>
