
<!doctype html>
<html lang="en">
  <head>
    <meta charset="utf-8">
    <meta name="viewport" content="width=device-width, initial-scale=1">
    <link href="https://cdn.jsdelivr.net/npm/bootstrap@5.0.2/dist/css/bootstrap.min.css" rel="stylesheet" integrity="sha384-EVSTQN3/azprG1Anm3QDgpJLIm9Nao0Yz1ztcQTwFspd3yD65VohhpuuCOmLASjC" crossorigin="anonymous">
    <title>arduino-testlib report</title>
	<style>
	.pass { background-color: #00FF00 !important; }
	.fail { background-color: #FF0000 !important; }
	</style>
  </head>
  <body>
	<div class="container">
		<div class="row">
			<div class="col">
				<h1>SercomSPISlave - compatibility matrix</h1>
				<p>
					<small>This report was generated on Monday, 21-Feb-22 12:00:25 CET using 
					<a href="https://github.com/alranel/arduino-testlib">arduino-testlib</a>.</small>
				</p>

				<h2>SercomSPISlave</h2>
				<p>
					Version: <b>0.1.0</b>
					<br />
					<a href="https://www.arduino.cc/reference/en/libraries/sercomspislave/">More details</a>
				</p>

				<h2>Compatibility matrix</h2>
				<table class="table table-bordered">
					<tr>
						<th>Board</th>
						<th>Claims compatibility</th>
						<th>Inclusion</th>
						
						<th><pre>Sercom0SPISlave</pre></th>
						
						<th><pre>Sercom1SPISlave</pre></th>
						
						<th><pre>Sercom4SPISlave</pre></th>
						
					</tr>
					
					<tr>
						<td>
							<a href="#arduino%3aavr%3auno"><b>arduino:avr:uno</b></a>
							<br />
							<small>1.8.4</small>
						</td>

						
						
						
						
							<td>No</td>
							<td class="fail">FAIL</td>
						

						
							
								
									
										
											
											<td class="fail">FAIL</td>
										
									
										
									
										
									
								
							
								
							
								
							
								
							
								
							
						
							
								
									
										
									
										
											
											<td class="fail">FAIL</td>
										
									
										
									
								
							
								
							
								
							
								
							
								
							
						
							
								
									
										
									
										
									
										
											
											<td class="fail">FAIL</td>
										
									
								
							
								
							
								
							
								
							
								
							
						
					</tr>
					
					<tr>
						<td>
							<a href="#arduino%3ambed_nano%3ananorp2040connect"><b>arduino:mbed_nano:nanorp2040connect</b></a>
							<br />
							<small>2.7.2</small>
						</td>

						
						
						
						
							<td>No</td>
							<td class="fail">FAIL</td>
						

						
							
								
							
								
									
										
											
											<td class="fail">FAIL</td>
										
									
										
									
										
									
								
							
								
							
								
							
								
							
						
							
								
							
								
									
										
									
										
											
											<td class="fail">FAIL</td>
										
									
										
									
								
							
								
							
								
							
								
							
						
							
								
							
								
									
										
									
										
									
										
											
											<td class="fail">FAIL</td>
										
									
								
							
								
							
								
							
								
							
						
					</tr>
					
					<tr>
						<td>
							<a href="#arduino%3amegaavr%3anona4809"><b>arduino:megaavr:nona4809</b></a>
							<br />
							<small>1.8.7</small>
						</td>

						
						
						
						
							<td>No</td>
							<td class="fail">FAIL</td>
						

						
							
								
							
								
							
								
									
										
											
											<td class="fail">FAIL</td>
										
									
										
									
										
									
								
							
								
							
								
							
						
							
								
							
								
							
								
									
										
									
										
											
											<td class="fail">FAIL</td>
										
									
										
									
								
							
								
							
								
							
						
							
								
							
								
							
								
									
										
									
										
									
										
											
											<td class="fail">FAIL</td>
										
									
								
							
								
							
								
							
						
					</tr>
					
					<tr>
						<td>
							<a href="#arduino%3asamd%3amkrwifi1010"><b>arduino:samd:mkrwifi1010</b></a>
							<br />
							<small>1.8.12</small>
						</td>

						
							<td>Yes</td>
							<td class="pass">PASS</td>
						
						
						
						

						
							
								
							
								
							
								
							
								
									
										
											<td class="pass">PASS</td>
											
										
									
										
									
										
									
								
							
								
							
						
							
								
							
								
							
								
							
								
									
										
									
										
											<td class="pass">PASS</td>
											
										
									
										
									
								
							
								
							
						
							
								
							
								
							
								
							
								
									
										
									
										
									
										
											
											<td class="fail">FAIL</td>
										
									
								
							
								
							
						
					</tr>
					
					<tr>
						<td>
							<a href="#esp32%3aesp32%3ad1_mini32"><b>esp32:esp32:d1_mini32</b></a>
							<br />
							<small>1.0.6</small>
						</td>

						
						
						
						
							<td>No</td>
							<td class="fail">FAIL</td>
						

						
							
								
							
								
							
								
							
								
							
								
									
										
											
											<td class="fail">FAIL</td>
										
									
										
									
										
									
								
							
						
							
								
							
								
							
								
							
								
							
								
									
										
									
										
											
											<td class="fail">FAIL</td>
										
									
										
									
								
							
						
							
								
							
								
							
								
							
								
							
								
									
										
									
										
									
										
											
											<td class="fail">FAIL</td>
										
									
								
							
						
					</tr>
					
				</table>

				<h2>Compilation logs</h2>
				
				<h3 id="arduino:avr:uno">arduino:avr:uno @ 1.8.4</h3>
				<h4>Inclusion</h4>
				<p>
					Result: <b>FAIL</b>
					
				</p>
				<pre class="pre-scrollable">WARNING: library SercomSPISlave claims to run on samd architecture(s) and may be incompatible with your current board which runs on avr architecture(s).
/home/ec2-user/arduino-testlib/cli-datadir/user/libraries/SercomSPISlave/src/SercomSPISlave.cpp: In member function &#39;void SercomSPISlave::Sercom0init()&#39;:
/home/ec2-user/arduino-testlib/cli-datadir/user/libraries/SercomSPISlave/src/SercomSPISlave.cpp:38:5: error: &#39;PORT&#39; was not declared in this scope
     PORT-&gt;Group[PORTA].PINCFG[8].bit.PMUXEN = 0x1; //Enable Peripheral Multiplexing for SERCOM0 SPI PA08
     ^~~~
/home/ec2-user/arduino-testlib/cli-datadir/user/libraries/SercomSPISlave/src/SercomSPISlave.cpp:38:5: note: suggested alternative: &#39;PORT0&#39;
     PORT-&gt;Group[PORTA].PINCFG[8].bit.PMUXEN = 0x1; //Enable Peripheral Multiplexing for SERCOM0 SPI PA08
     ^~~~
     PORT0
/home/ec2-user/arduino-testlib/cli-datadir/user/libraries/SercomSPISlave/src/SercomSPISlave.cpp:38:17: error: &#39;PORTA&#39; was not declared in this scope
     PORT-&gt;Group[PORTA].PINCFG[8].bit.PMUXEN = 0x1; //Enable Peripheral Multiplexing for SERCOM0 SPI PA08
                 ^~~~~
/home/ec2-user/arduino-testlib/cli-datadir/user/libraries/SercomSPISlave/src/SercomSPISlave.cpp:38:17: note: suggested alternative: &#39;PORT0&#39;
     PORT-&gt;Group[PORTA].PINCFG[8].bit.PMUXEN = 0x1; //Enable Peripheral Multiplexing for SERCOM0 SPI PA08
                 ^~~~~
                 PORT0
/home/ec2-user/arduino-testlib/cli-datadir/user/libraries/SercomSPISlave/src/SercomSPISlave.cpp:63:3: error: &#39;SERCOM0&#39; was not declared in this scope
   SERCOM0-&gt;SPI.CTRLA.bit.ENABLE =0;
   ^~~~~~~
/home/ec2-user/arduino-testlib/cli-datadir/user/libraries/SercomSPISlave/src/SercomSPISlave.cpp:71:18: error: &#39;SERCOM0_IRQn&#39; was not declared in this scope
   NVIC_EnableIRQ(SERCOM0_IRQn);
                  ^~~~~~~~~~~~
/home/ec2-user/arduino-testlib/cli-datadir/user/libraries/SercomSPISlave/src/SercomSPISlave.cpp:71:3: error: &#39;NVIC_EnableIRQ&#39; was not declared in this scope
   NVIC_EnableIRQ(SERCOM0_IRQn);
   ^~~~~~~~~~~~~~
/home/ec2-user/arduino-testlib/cli-datadir/user/libraries/SercomSPISlave/src/SercomSPISlave.cpp:72:3: error: &#39;NVIC_SetPriority&#39; was not declared in this scope
   NVIC_SetPriority(SERCOM0_IRQn,2);
   ^~~~~~~~~~~~~~~~
/home/ec2-user/arduino-testlib/cli-datadir/user/libraries/SercomSPISlave/src/SercomSPISlave.cpp:75:3: error: &#39;GCLK&#39; was not declared in this scope
   GCLK-&gt;CLKCTRL.reg = GCLK_CLKCTRL_ID(GCM_SERCOM0_CORE) | //Generic Clock 0
   ^~~~
/home/ec2-user/arduino-testlib/cli-datadir/user/libraries/SercomSPISlave/src/SercomSPISlave.cpp:75:3: note: suggested alternative: &#39;SCL&#39;
   GCLK-&gt;CLKCTRL.reg = GCLK_CLKCTRL_ID(GCM_SERCOM0_CORE) | //Generic Clock 0
   ^~~~
   SCL
/home/ec2-user/arduino-testlib/cli-datadir/user/libraries/SercomSPISlave/src/SercomSPISlave.cpp:75:39: error: &#39;GCM_SERCOM0_CORE&#39; was not declared in this scope
   GCLK-&gt;CLKCTRL.reg = GCLK_CLKCTRL_ID(GCM_SERCOM0_CORE) | //Generic Clock 0
                                       ^~~~~~~~~~~~~~~~
/home/ec2-user/arduino-testlib/cli-datadir/user/libraries/SercomSPISlave/src/SercomSPISlave.cpp:75:23: error: &#39;GCLK_CLKCTRL_ID&#39; was not declared in this scope
   GCLK-&gt;CLKCTRL.reg = GCLK_CLKCTRL_ID(GCM_SERCOM0_CORE) | //Generic Clock 0
                       ^~~~~~~~~~~~~~~
/home/ec2-user/arduino-testlib/cli-datadir/user/libraries/SercomSPISlave/src/SercomSPISlave.cpp:76:13: error: &#39;GCLK_CLKCTRL_GEN_GCLK0&#39; was not declared in this scope
             GCLK_CLKCTRL_GEN_GCLK0 | // Generic Clock Generator 0 is the source
             ^~~~~~~~~~~~~~~~~~~~~~
/home/ec2-user/arduino-testlib/cli-datadir/user/libraries/SercomSPISlave/src/SercomSPISlave.cpp:77:13: error: &#39;GCLK_CLKCTRL_CLKEN&#39; was not declared in this scope
             GCLK_CLKCTRL_CLKEN; // Enable Generic Clock Generator
             ^~~~~~~~~~~~~~~~~~
/home/ec2-user/arduino-testlib/cli-datadir/user/libraries/SercomSPISlave/src/SercomSPISlave.cpp:79:28: error: &#39;GCLK_STATUS_SYNCBUSY&#39; was not declared in this scope
   while(GCLK-&gt;STATUS.reg &amp; GCLK_STATUS_SYNCBUSY); //Wait for synchronisation
                            ^~~~~~~~~~~~~~~~~~~~
In file included from /home/ec2-user/arduino-testlib/cli-datadir/data/packages/arduino/tools/avr-gcc/7.3.0-atmel3.6.1-arduino7/avr/include/avr/io.h:272:0,
                 from /home/ec2-user/arduino-testlib/cli-datadir/data/packages/arduino/tools/avr-gcc/7.3.0-atmel3.6.1-arduino7/avr/include/avr/pgmspace.h:90,
                 from /home/ec2-user/arduino-testlib/cli-datadir/data/packages/arduino/hardware/avr/1.8.4/cores/arduino/Arduino.h:28,
                 from /home/ec2-user/arduino-testlib/cli-datadir/user/libraries/SercomSPISlave/src/SercomSPISlave.h:25,
                 from /home/ec2-user/arduino-testlib/cli-datadir/user/libraries/SercomSPISlave/src/SercomSPISlave.cpp:22:
/home/ec2-user/arduino-testlib/cli-datadir/user/libraries/SercomSPISlave/src/SercomSPISlave.cpp:82:26: error: expected unqualified-id before numeric constant
   SERCOM0-&gt;SPI.CTRLA.bit.DORD = 0; //MSB first
                          ^
/home/ec2-user/arduino-testlib/cli-datadir/user/libraries/SercomSPISlave/src/SercomSPISlave.cpp:83:26: error: expected unqualified-id before numeric constant
   SERCOM0-&gt;SPI.CTRLA.bit.CPOL = 0; //SCK is low when idle, leading edge is rising edge
                          ^
/home/ec2-user/arduino-testlib/cli-datadir/user/libraries/SercomSPISlave/src/SercomSPISlave.cpp:84:26: error: expected unqualified-id before numeric constant
   SERCOM0-&gt;SPI.CTRLA.bit.CPHA = 0; //data sampled on leading sck edge and changed on a trailing sck edge
                          ^
/home/ec2-user/arduino-testlib/cli-datadir/user/libraries/SercomSPISlave/src/SercomSPISlave.cpp: In member function &#39;void SercomSPISlave::Sercom1init()&#39;:
/home/ec2-user/arduino-testlib/cli-datadir/user/libraries/SercomSPISlave/src/SercomSPISlave.cpp:119:5: error: &#39;PORT&#39; was not declared in this scope
     PORT-&gt;Group[PORTA].PINCFG[16].bit.PMUXEN = 0x1; //Enable Peripheral Multiplexing for SERCOM1 SPI PA16 Arduino PIN11
     ^~~~
/home/ec2-user/arduino-testlib/cli-datadir/user/libraries/SercomSPISlave/src/SercomSPISlave.cpp:119:5: note: suggested alternative: &#39;PORT0&#39;
     PORT-&gt;Group[PORTA].PINCFG[16].bit.PMUXEN = 0x1; //Enable Peripheral Multiplexing for SERCOM1 SPI PA16 Arduino PIN11
     ^~~~
     PORT0
/home/ec2-user/arduino-testlib/cli-datadir/user/libraries/SercomSPISlave/src/SercomSPISlave.cpp:119:17: error: &#39;PORTA&#39; was not declared in this scope
     PORT-&gt;Group[PORTA].PINCFG[16].bit.PMUXEN = 0x1; //Enable Peripheral Multiplexing for SERCOM1 SPI PA16 Arduino PIN11
                 ^~~~~
/home/ec2-user/arduino-testlib/cli-datadir/user/libraries/SercomSPISlave/src/SercomSPISlave.cpp:119:17: note: suggested alternative: &#39;PORT0&#39;
     PORT-&gt;Group[PORTA].PINCFG[16].bit.PMUXEN = 0x1; //Enable Peripheral Multiplexing for SERCOM1 SPI PA16 Arduino PIN11
                 ^~~~~
                 PORT0
/home/ec2-user/arduino-testlib/cli-datadir/user/libraries/SercomSPISlave/src/SercomSPISlave.cpp:144:3: error: &#39;SERCOM1&#39; was not declared in this scope
   SERCOM1-&gt;SPI.CTRLA.bit.ENABLE =0;
   ^~~~~~~
/home/ec2-user/arduino-testlib/cli-datadir/user/libraries/SercomSPISlave/src/SercomSPISlave.cpp:152:18: error: &#39;SERCOM1_IRQn&#39; was not declared in this scope
   NVIC_EnableIRQ(SERCOM1_IRQn);
                  ^~~~~~~~~~~~
/home/ec2-user/arduino-testlib/cli-datadir/user/libraries/SercomSPISlave/src/SercomSPISlave.cpp:152:3: error: &#39;NVIC_EnableIRQ&#39; was not declared in this scope
   NVIC_EnableIRQ(SERCOM1_IRQn);
   ^~~~~~~~~~~~~~
/home/ec2-user/arduino-testlib/cli-datadir/user/libraries/SercomSPISlave/src/SercomSPISlave.cpp:153:3: error: &#39;NVIC_SetPriority&#39; was not declared in this scope
   NVIC_SetPriority(SERCOM1_IRQn,2);
   ^~~~~~~~~~~~~~~~
/home/ec2-user/arduino-testlib/cli-datadir/user/libraries/SercomSPISlave/src/SercomSPISlave.cpp:156:3: error: &#39;GCLK&#39; was not declared in this scope
   GCLK-&gt;CLKCTRL.reg = GCLK_CLKCTRL_ID(GCM_SERCOM1_CORE) | //Generic Clock 0
   ^~~~
/home/ec2-user/arduino-testlib/cli-datadir/user/libraries/SercomSPISlave/src/SercomSPISlave.cpp:156:3: note: suggested alternative: &#39;SCL&#39;
   GCLK-&gt;CLKCTRL.reg = GCLK_CLKCTRL_ID(GCM_SERCOM1_CORE) | //Generic Clock 0
   ^~~~
   SCL
/home/ec2-user/arduino-testlib/cli-datadir/user/libraries/SercomSPISlave/src/SercomSPISlave.cpp:156:39: error: &#39;GCM_SERCOM1_CORE&#39; was not declared in this scope
   GCLK-&gt;CLKCTRL.reg = GCLK_CLKCTRL_ID(GCM_SERCOM1_CORE) | //Generic Clock 0
                                       ^~~~~~~~~~~~~~~~
/home/ec2-user/arduino-testlib/cli-datadir/user/libraries/SercomSPISlave/src/SercomSPISlave.cpp:156:23: error: &#39;GCLK_CLKCTRL_ID&#39; was not declared in this scope
   GCLK-&gt;CLKCTRL.reg = GCLK_CLKCTRL_ID(GCM_SERCOM1_CORE) | //Generic Clock 0
                       ^~~~~~~~~~~~~~~
/home/ec2-user/arduino-testlib/cli-datadir/user/libraries/SercomSPISlave/src/SercomSPISlave.cpp:157:13: error: &#39;GCLK_CLKCTRL_GEN_GCLK0&#39; was not declared in this scope
             GCLK_CLKCTRL_GEN_GCLK0 | // Generic Clock Generator 0 is the source
             ^~~~~~~~~~~~~~~~~~~~~~
/home/ec2-user/arduino-testlib/cli-datadir/user/libraries/SercomSPISlave/src/SercomSPISlave.cpp:158:13: error: &#39;GCLK_CLKCTRL_CLKEN&#39; was not declared in this scope
             GCLK_CLKCTRL_CLKEN; // Enable Generic Clock Generator
             ^~~~~~~~~~~~~~~~~~
/home/ec2-user/arduino-testlib/cli-datadir/user/libraries/SercomSPISlave/src/SercomSPISlave.cpp:160:28: error: &#39;GCLK_STATUS_SYNCBUSY&#39; was not declared in this scope
   while(GCLK-&gt;STATUS.reg &amp; GCLK_STATUS_SYNCBUSY); //Wait for synchronisation
                            ^~~~~~~~~~~~~~~~~~~~
In file included from /home/ec2-user/arduino-testlib/cli-datadir/data/packages/arduino/tools/avr-gcc/7.3.0-atmel3.6.1-arduino7/avr/include/avr/io.h:272:0,
                 from /home/ec2-user/arduino-testlib/cli-datadir/data/packages/arduino/tools/avr-gcc/7.3.0-atmel3.6.1-arduino7/avr/include/avr/pgmspace.h:90,
                 from /home/ec2-user/arduino-testlib</pre>

					
					<h4>examples/Sercom0SPISlave</h4>
					<p>
						Result: <b>FAIL</b>
					</p>
					<pre class="pre-scrollable">WARNING: library SercomSPISlave claims to run on samd architecture(s) and may be incompatible with your current board which runs on avr architecture(s).
/home/ec2-user/arduino-testlib/cli-datadir/user/libraries/SercomSPISlave/examples/Sercom0SPISlave/Sercom0SPISlave.ino: In function &#39;void SERCOM0_Handler()&#39;:
/home/ec2-user/arduino-testlib/cli-datadir/user/libraries/SercomSPISlave/examples/Sercom0SPISlave/Sercom0SPISlave.ino:58:19: error: &#39;SERCOM0&#39; was not declared in this scope
   data = (uint8_t)SERCOM0-&gt;SPI.DATA.reg;
                   ^~~~~~~

</pre>
					
					<h4>examples/Sercom1SPISlave</h4>
					<p>
						Result: <b>FAIL</b>
					</p>
					<pre class="pre-scrollable">WARNING: library SercomSPISlave claims to run on samd architecture(s) and may be incompatible with your current board which runs on avr architecture(s).
/home/ec2-user/arduino-testlib/cli-datadir/user/libraries/SercomSPISlave/examples/Sercom1SPISlave/Sercom1SPISlave.ino: In function &#39;void SERCOM1_Handler()&#39;:
/home/ec2-user/arduino-testlib/cli-datadir/user/libraries/SercomSPISlave/examples/Sercom1SPISlave/Sercom1SPISlave.ino:60:24: error: &#39;SERCOM1&#39; was not declared in this scope
   uint8_t interrupts = SERCOM1-&gt;SPI.INTFLAG.reg; //Read SPI interrupt register
                        ^~~~~~~

</pre>
					
					<h4>examples/Sercom4SPISlave</h4>
					<p>
						Result: <b>FAIL</b>
					</p>
					<pre class="pre-scrollable">WARNING: library SercomSPISlave claims to run on samd architecture(s) and may be incompatible with your current board which runs on avr architecture(s).
/home/ec2-user/arduino-testlib/cli-datadir/user/libraries/SercomSPISlave/examples/Sercom4SPISlave/Sercom4SPISlave.ino: In function &#39;void SERCOM4_Handler()&#39;:
/home/ec2-user/arduino-testlib/cli-datadir/user/libraries/SercomSPISlave/examples/Sercom4SPISlave/Sercom4SPISlave.ino:60:24: error: &#39;SERCOM4&#39; was not declared in this scope
   uint8_t interrupts = SERCOM4-&gt;SPI.INTFLAG.reg; //Read SPI interrupt register
                        ^~~~~~~

</pre>
					
				
				<h3 id="arduino:mbed_nano:nanorp2040connect">arduino:mbed_nano:nanorp2040connect @ 2.7.2</h3>
				<h4>Inclusion</h4>
				<p>
					Result: <b>FAIL</b>
					
				</p>
				<pre class="pre-scrollable">WARNING: library SercomSPISlave claims to run on samd architecture(s) and may be incompatible with your current board which runs on mbed_nano architecture(s).
/home/ec2-user/arduino-testlib/cli-datadir/user/libraries/SercomSPISlave/src/SercomSPISlave.cpp: In member function &#39;void SercomSPISlave::Sercom0init()&#39;:
/home/ec2-user/arduino-testlib/cli-datadir/user/libraries/SercomSPISlave/src/SercomSPISlave.cpp:38:5: error: &#39;PORT&#39; was not declared in this scope
     PORT-&gt;Group[PORTA].PINCFG[8].bit.PMUXEN = 0x1; //Enable Peripheral Multiplexing for SERCOM0 SPI PA08
     ^~~~
/home/ec2-user/arduino-testlib/cli-datadir/user/libraries/SercomSPISlave/src/SercomSPISlave.cpp:38:5: note: suggested alternative: &#39;OCT&#39;
     PORT-&gt;Group[PORTA].PINCFG[8].bit.PMUXEN = 0x1; //Enable Peripheral Multiplexing for SERCOM0 SPI PA08
     ^~~~
     OCT
/home/ec2-user/arduino-testlib/cli-datadir/user/libraries/SercomSPISlave/src/SercomSPISlave.cpp:38:17: error: &#39;PORTA&#39; was not declared in this scope
     PORT-&gt;Group[PORTA].PINCFG[8].bit.PMUXEN = 0x1; //Enable Peripheral Multiplexing for SERCOM0 SPI PA08
                 ^~~~~
/home/ec2-user/arduino-testlib/cli-datadir/user/libraries/SercomSPISlave/src/SercomSPISlave.cpp:63:3: error: &#39;SERCOM0&#39; was not declared in this scope
   SERCOM0-&gt;SPI.CTRLA.bit.ENABLE =0;
   ^~~~~~~
/home/ec2-user/arduino-testlib/cli-datadir/user/libraries/SercomSPISlave/src/SercomSPISlave.cpp:63:3: note: suggested alternative: &#39;ECOMM&#39;
   SERCOM0-&gt;SPI.CTRLA.bit.ENABLE =0;
   ^~~~~~~
   ECOMM
/home/ec2-user/arduino-testlib/cli-datadir/user/libraries/SercomSPISlave/src/SercomSPISlave.cpp:71:18: error: &#39;SERCOM0_IRQn&#39; was not declared in this scope
   NVIC_EnableIRQ(SERCOM0_IRQn);
                  ^~~~~~~~~~~~
/home/ec2-user/arduino-testlib/cli-datadir/user/libraries/SercomSPISlave/src/SercomSPISlave.cpp:71:18: note: suggested alternative: &#39;I2C0_IRQn&#39;
   NVIC_EnableIRQ(SERCOM0_IRQn);
                  ^~~~~~~~~~~~
                  I2C0_IRQn
/home/ec2-user/arduino-testlib/cli-datadir/user/libraries/SercomSPISlave/src/SercomSPISlave.cpp:75:3: error: &#39;GCLK&#39; was not declared in this scope
   GCLK-&gt;CLKCTRL.reg = GCLK_CLKCTRL_ID(GCM_SERCOM0_CORE) | //Generic Clock 0
   ^~~~
/home/ec2-user/arduino-testlib/cli-datadir/user/libraries/SercomSPISlave/src/SercomSPISlave.cpp:75:3: note: suggested alternative: &#39;SCK&#39;
   GCLK-&gt;CLKCTRL.reg = GCLK_CLKCTRL_ID(GCM_SERCOM0_CORE) | //Generic Clock 0
   ^~~~
   SCK
/home/ec2-user/arduino-testlib/cli-datadir/user/libraries/SercomSPISlave/src/SercomSPISlave.cpp:75:39: error: &#39;GCM_SERCOM0_CORE&#39; was not declared in this scope
   GCLK-&gt;CLKCTRL.reg = GCLK_CLKCTRL_ID(GCM_SERCOM0_CORE) | //Generic Clock 0
                                       ^~~~~~~~~~~~~~~~
/home/ec2-user/arduino-testlib/cli-datadir/user/libraries/SercomSPISlave/src/SercomSPISlave.cpp:75:23: error: &#39;GCLK_CLKCTRL_ID&#39; was not declared in this scope
   GCLK-&gt;CLKCTRL.reg = GCLK_CLKCTRL_ID(GCM_SERCOM0_CORE) | //Generic Clock 0
                       ^~~~~~~~~~~~~~~
/home/ec2-user/arduino-testlib/cli-datadir/user/libraries/SercomSPISlave/src/SercomSPISlave.cpp:76:13: error: &#39;GCLK_CLKCTRL_GEN_GCLK0&#39; was not declared in this scope
             GCLK_CLKCTRL_GEN_GCLK0 | // Generic Clock Generator 0 is the source
             ^~~~~~~~~~~~~~~~~~~~~~
/home/ec2-user/arduino-testlib/cli-datadir/user/libraries/SercomSPISlave/src/SercomSPISlave.cpp:77:13: error: &#39;GCLK_CLKCTRL_CLKEN&#39; was not declared in this scope
             GCLK_CLKCTRL_CLKEN; // Enable Generic Clock Generator
             ^~~~~~~~~~~~~~~~~~
/home/ec2-user/arduino-testlib/cli-datadir/user/libraries/SercomSPISlave/src/SercomSPISlave.cpp:79:28: error: &#39;GCLK_STATUS_SYNCBUSY&#39; was not declared in this scope
   while(GCLK-&gt;STATUS.reg &amp; GCLK_STATUS_SYNCBUSY); //Wait for synchronisation
                            ^~~~~~~~~~~~~~~~~~~~
/home/ec2-user/arduino-testlib/cli-datadir/user/libraries/SercomSPISlave/src/SercomSPISlave.cpp:79:28: note: suggested alternative: &#39;I2C_IC_STATUS_TFNF_MSB&#39;
   while(GCLK-&gt;STATUS.reg &amp; GCLK_STATUS_SYNCBUSY); //Wait for synchronisation
                            ^~~~~~~~~~~~~~~~~~~~
                            I2C_IC_STATUS_TFNF_MSB
/home/ec2-user/arduino-testlib/cli-datadir/user/libraries/SercomSPISlave/src/SercomSPISlave.cpp: In member function &#39;void SercomSPISlave::Sercom1init()&#39;:
/home/ec2-user/arduino-testlib/cli-datadir/user/libraries/SercomSPISlave/src/SercomSPISlave.cpp:119:5: error: &#39;PORT&#39; was not declared in this scope
     PORT-&gt;Group[PORTA].PINCFG[16].bit.PMUXEN = 0x1; //Enable Peripheral Multiplexing for SERCOM1 SPI PA16 Arduino PIN11
     ^~~~
/home/ec2-user/arduino-testlib/cli-datadir/user/libraries/SercomSPISlave/src/SercomSPISlave.cpp:119:5: note: suggested alternative: &#39;OCT&#39;
     PORT-&gt;Group[PORTA].PINCFG[16].bit.PMUXEN = 0x1; //Enable Peripheral Multiplexing for SERCOM1 SPI PA16 Arduino PIN11
     ^~~~
     OCT
/home/ec2-user/arduino-testlib/cli-datadir/user/libraries/SercomSPISlave/src/SercomSPISlave.cpp:119:17: error: &#39;PORTA&#39; was not declared in this scope
     PORT-&gt;Group[PORTA].PINCFG[16].bit.PMUXEN = 0x1; //Enable Peripheral Multiplexing for SERCOM1 SPI PA16 Arduino PIN11
                 ^~~~~
/home/ec2-user/arduino-testlib/cli-datadir/user/libraries/SercomSPISlave/src/SercomSPISlave.cpp:144:3: error: &#39;SERCOM1&#39; was not declared in this scope
   SERCOM1-&gt;SPI.CTRLA.bit.ENABLE =0;
   ^~~~~~~
/home/ec2-user/arduino-testlib/cli-datadir/user/libraries/SercomSPISlave/src/SercomSPISlave.cpp:144:3: note: suggested alternative: &#39;ECOMM&#39;
   SERCOM1-&gt;SPI.CTRLA.bit.ENABLE =0;
   ^~~~~~~
   ECOMM
/home/ec2-user/arduino-testlib/cli-datadir/user/libraries/SercomSPISlave/src/SercomSPISlave.cpp:152:18: error: &#39;SERCOM1_IRQn&#39; was not declared in this scope
   NVIC_EnableIRQ(SERCOM1_IRQn);
                  ^~~~~~~~~~~~
/home/ec2-user/arduino-testlib/cli-datadir/user/libraries/SercomSPISlave/src/SercomSPISlave.cpp:152:18: note: suggested alternative: &#39;I2C1_IRQn&#39;
   NVIC_EnableIRQ(SERCOM1_IRQn);
                  ^~~~~~~~~~~~
                  I2C1_IRQn
/home/ec2-user/arduino-testlib/cli-datadir/user/libraries/SercomSPISlave/src/SercomSPISlave.cpp:156:3: error: &#39;GCLK&#39; was not declared in this scope
   GCLK-&gt;CLKCTRL.reg = GCLK_CLKCTRL_ID(GCM_SERCOM1_CORE) | //Generic Clock 0
   ^~~~
/home/ec2-user/arduino-testlib/cli-datadir/user/libraries/SercomSPISlave/src/SercomSPISlave.cpp:156:3: note: suggested alternative: &#39;SCK&#39;
   GCLK-&gt;CLKCTRL.reg = GCLK_CLKCTRL_ID(GCM_SERCOM1_CORE) | //Generic Clock 0
   ^~~~
   SCK
/home/ec2-user/arduino-testlib/cli-datadir/user/libraries/SercomSPISlave/src/SercomSPISlave.cpp:156:39: error: &#39;GCM_SERCOM1_CORE&#39; was not declared in this scope
   GCLK-&gt;CLKCTRL.reg = GCLK_CLKCTRL_ID(GCM_SERCOM1_CORE) | //Generic Clock 0
                                       ^~~~~~~~~~~~~~~~
/home/ec2-user/arduino-testlib/cli-datadir/user/libraries/SercomSPISlave/src/SercomSPISlave.cpp:156:23: error: &#39;GCLK_CLKCTRL_ID&#39; was not declared in this scope
   GCLK-&gt;CLKCTRL.reg = GCLK_CLKCTRL_ID(GCM_SERCOM1_CORE) | //Generic Clock 0
                       ^~~~~~~~~~~~~~~
/home/ec2-user/arduino-testlib/cli-datadir/user/libraries/SercomSPISlave/src/SercomSPISlave.cpp:157:13: error: &#39;GCLK_CLKCTRL_GEN_GCLK0&#39; was not declared in this scope
             GCLK_CLKCTRL_GEN_GCLK0 | // Generic Clock Generator 0 is the source
             ^~~~~~~~~~~~~~~~~~~~~~
/home/ec2-user/arduino-testlib/cli-datadir/user/libraries/SercomSPISlave/src/SercomSPISlave.cpp:158:13: error: &#39;GCLK_CLKCTRL_CLKEN&#39; was not declared in this scope
             GCLK_CLKCTRL_CLKEN; // Enable Generic Clock Generator
             ^~~~~~~~~~~~~~~~~~
/home/ec2-user/arduino-testlib/cli-datadir/user/libraries/SercomSPISlave/src/SercomSPISlave.cpp:160:28: error: &#39;GCLK_STATUS_SYNCBUSY&#39; was not declared in this scope
   while(GCLK-&gt;STATUS.reg &amp; GCLK_STATUS_SYNCBUSY); //Wait for synchronisation
                            ^~~~~~~~~~~~~~~~~~~~
/home/ec2-user/arduino-testlib/cli-datadir/user/libraries/SercomSPISlave/src/SercomSPISlave.cpp:160:28: note: suggested alternative: &#39;I2C_IC_STATUS_TFNF_MSB&#39;
   while(GCLK-&gt;STATUS.reg &amp; GCLK_STATUS_SYNCBUSY); //Wait for synchronisation
                            ^~~~~~~~~~~~~~~~~~~~
                            I2C_IC_STATUS_TFNF_MSB
/home/ec2-user/arduino-testlib/cli-datadir/user/libraries/SercomSPISlave/src/SercomSPISlave.cpp: In member function &#39;void SercomSPISlave::Sercom4init()&#39;:
/home/ec2-user/arduino-testlib/cli-datadir/user/libraries/SercomSPISlave/src/SercomSPISlave.cpp:203:3: error: &#39;PORT&#39; was not declared in this scope
   PORT-&gt;Group[PORTA].PINCFG[12].bit.PMUXEN = 0x1; //Enable Peripheral Multiplexing for SERCOM4 SPI PA12 Arduino PIN22
   ^~~~
/home/ec2-user/arduino-testlib/cli-datadir/user/libraries/SercomSPISlave/src/SercomSPISlave.cpp:203:3: note: suggested alternative: &#39;OCT&#39;
   PORT-&gt;Group[PORTA].PINCFG[12].bit.PMUXEN = 0x1; //Enable Peripheral Multiplexing for SERCOM4 SPI PA12 Arduino PIN22
   ^~~~
   OCT
/home/ec2-user/arduino-testlib/cli-datadir/user/libraries/SercomSPISlave/src/SercomSPISlave.cpp:203:15: error: &#39;PORTA&#39; was not declared in this scope
   PORT-&gt;Group[PORTA].PINCFG[12].bit.PMUXEN = 0x1; //Enable Peripheral Multiplexing for SERCOM4 SPI PA12 Arduino PIN22
               ^~~~~
/home/ec2-user/arduino-testlib/cli-datadir/user/libraries/SercomSPISlave/src/SercomSPISlave.cpp:205:15: error: &#39;PORTB&#39; was not declared in this scope
   PORT-&gt;Group[PORTB].PINCFG[9].bit.PMUXEN = 0x1; //Enable Peripheral Multiplexing for SERCOM4 SPI PB09 Arduino PIN16
               ^~~~~
/home/ec2-user/arduino-testlib/cli-datadir/user/libraries/SercomSPISlave/src/SercomSPISlave.cpp:228:3: error: &#39;SERCOM4&#39; was not declared in this scope
   SERCOM4-&gt;SPI.CTRLA.bit.ENABLE =0;
   ^~~~~~~
/home/ec2-user/arduino-testlib/cli-datadir/user/libraries/SercomSPISlave/src/SercomSPISlave.cpp:228:3: note: suggested alternative: &#39;ECOMM&#39;
   SERCOM4-&gt;SPI.CTRLA.bit.ENABLE =0;
   ^~~~~~~
   ECOMM
/home/ec2-user/arduino-testlib/cli-datadir/user/libraries/SercomSPISlave/src/SercomSPISlave.c</pre>

					
					<h4>examples/Sercom0SPISlave</h4>
					<p>
						Result: <b>FAIL</b>
					</p>
					<pre class="pre-scrollable">WARNING: library SercomSPISlave claims to run on samd architecture(s) and may be incompatible with your current board which runs on mbed_nano architecture(s).
/home/ec2-user/arduino-testlib/cli-datadir/user/libraries/SercomSPISlave/examples/Sercom0SPISlave/Sercom0SPISlave.ino: In function &#39;void SERCOM0_Handler()&#39;:
/home/ec2-user/arduino-testlib/cli-datadir/user/libraries/SercomSPISlave/examples/Sercom0SPISlave/Sercom0SPISlave.ino:58:19: error: &#39;SERCOM0&#39; was not declared in this scope
   data = (uint8_t)SERCOM0-&gt;SPI.DATA.reg;
                   ^~~~~~~
/home/ec2-user/arduino-testlib/cli-datadir/user/libraries/SercomSPISlave/examples/Sercom0SPISlave/Sercom0SPISlave.ino:58:19: note: suggested alternative: &#39;ECOMM&#39;
   data = (uint8_t)SERCOM0-&gt;SPI.DATA.reg;
                   ^~~~~~~
                   ECOMM

</pre>
					
					<h4>examples/Sercom1SPISlave</h4>
					<p>
						Result: <b>FAIL</b>
					</p>
					<pre class="pre-scrollable">WARNING: library SercomSPISlave claims to run on samd architecture(s) and may be incompatible with your current board which runs on mbed_nano architecture(s).
/home/ec2-user/arduino-testlib/cli-datadir/user/libraries/SercomSPISlave/examples/Sercom1SPISlave/Sercom1SPISlave.ino: In function &#39;void SERCOM1_Handler()&#39;:
/home/ec2-user/arduino-testlib/cli-datadir/user/libraries/SercomSPISlave/examples/Sercom1SPISlave/Sercom1SPISlave.ino:60:24: error: &#39;SERCOM1&#39; was not declared in this scope
   uint8_t interrupts = SERCOM1-&gt;SPI.INTFLAG.reg; //Read SPI interrupt register
                        ^~~~~~~
/home/ec2-user/arduino-testlib/cli-datadir/user/libraries/SercomSPISlave/examples/Sercom1SPISlave/Sercom1SPISlave.ino:60:24: note: suggested alternative: &#39;ECOMM&#39;
   uint8_t interrupts = SERCOM1-&gt;SPI.INTFLAG.reg; //Read SPI interrupt register
                        ^~~~~~~
                        ECOMM

</pre>
					
					<h4>examples/Sercom4SPISlave</h4>
					<p>
						Result: <b>FAIL</b>
					</p>
					<pre class="pre-scrollable">WARNING: library SercomSPISlave claims to run on samd architecture(s) and may be incompatible with your current board which runs on mbed_nano architecture(s).
/home/ec2-user/arduino-testlib/cli-datadir/user/libraries/SercomSPISlave/examples/Sercom4SPISlave/Sercom4SPISlave.ino: In function &#39;void SERCOM4_Handler()&#39;:
/home/ec2-user/arduino-testlib/cli-datadir/user/libraries/SercomSPISlave/examples/Sercom4SPISlave/Sercom4SPISlave.ino:60:24: error: &#39;SERCOM4&#39; was not declared in this scope
   uint8_t interrupts = SERCOM4-&gt;SPI.INTFLAG.reg; //Read SPI interrupt register
                        ^~~~~~~
/home/ec2-user/arduino-testlib/cli-datadir/user/libraries/SercomSPISlave/examples/Sercom4SPISlave/Sercom4SPISlave.ino:60:24: note: suggested alternative: &#39;ECOMM&#39;
   uint8_t interrupts = SERCOM4-&gt;SPI.INTFLAG.reg; //Read SPI interrupt register
                        ^~~~~~~
                        ECOMM

</pre>
					
				
				<h3 id="arduino:megaavr:nona4809">arduino:megaavr:nona4809 @ 1.8.7</h3>
				<h4>Inclusion</h4>
				<p>
					Result: <b>FAIL</b>
					
				</p>
				<pre class="pre-scrollable">WARNING: library SercomSPISlave claims to run on samd architecture(s) and may be incompatible with your current board which runs on megaavr architecture(s).
/home/ec2-user/arduino-testlib/cli-datadir/user/libraries/SercomSPISlave/src/SercomSPISlave.cpp: In member function &#39;void SercomSPISlave::Sercom0init()&#39;:
/home/ec2-user/arduino-testlib/cli-datadir/user/libraries/SercomSPISlave/src/SercomSPISlave.cpp:38:5: error: &#39;PORT&#39; was not declared in this scope
     PORT-&gt;Group[PORTA].PINCFG[8].bit.PMUXEN = 0x1; //Enable Peripheral Multiplexing for SERCOM0 SPI PA08
     ^~~~
/home/ec2-user/arduino-testlib/cli-datadir/user/libraries/SercomSPISlave/src/SercomSPISlave.cpp:38:5: note: suggested alternative: &#39;PORTD&#39;
     PORT-&gt;Group[PORTA].PINCFG[8].bit.PMUXEN = 0x1; //Enable Peripheral Multiplexing for SERCOM0 SPI PA08
     ^~~~
     PORTD
/home/ec2-user/arduino-testlib/cli-datadir/user/libraries/SercomSPISlave/src/SercomSPISlave.cpp:63:3: error: &#39;SERCOM0&#39; was not declared in this scope
   SERCOM0-&gt;SPI.CTRLA.bit.ENABLE =0;
   ^~~~~~~
/home/ec2-user/arduino-testlib/cli-datadir/user/libraries/SercomSPISlave/src/SercomSPISlave.cpp:71:18: error: &#39;SERCOM0_IRQn&#39; was not declared in this scope
   NVIC_EnableIRQ(SERCOM0_IRQn);
                  ^~~~~~~~~~~~
/home/ec2-user/arduino-testlib/cli-datadir/user/libraries/SercomSPISlave/src/SercomSPISlave.cpp:71:3: error: &#39;NVIC_EnableIRQ&#39; was not declared in this scope
   NVIC_EnableIRQ(SERCOM0_IRQn);
   ^~~~~~~~~~~~~~
/home/ec2-user/arduino-testlib/cli-datadir/user/libraries/SercomSPISlave/src/SercomSPISlave.cpp:72:3: error: &#39;NVIC_SetPriority&#39; was not declared in this scope
   NVIC_SetPriority(SERCOM0_IRQn,2);
   ^~~~~~~~~~~~~~~~
/home/ec2-user/arduino-testlib/cli-datadir/user/libraries/SercomSPISlave/src/SercomSPISlave.cpp:75:3: error: &#39;GCLK&#39; was not declared in this scope
   GCLK-&gt;CLKCTRL.reg = GCLK_CLKCTRL_ID(GCM_SERCOM0_CORE) | //Generic Clock 0
   ^~~~
/home/ec2-user/arduino-testlib/cli-datadir/user/libraries/SercomSPISlave/src/SercomSPISlave.cpp:75:3: note: suggested alternative: &#39;SCL&#39;
   GCLK-&gt;CLKCTRL.reg = GCLK_CLKCTRL_ID(GCM_SERCOM0_CORE) | //Generic Clock 0
   ^~~~
   SCL
In file included from /home/ec2-user/arduino-testlib/cli-datadir/data/packages/arduino/tools/avr-gcc/7.3.0-atmel3.6.1-arduino5/avr/include/avr/io.h:677:0,
                 from /home/ec2-user/arduino-testlib/cli-datadir/data/packages/arduino/tools/avr-gcc/7.3.0-atmel3.6.1-arduino5/avr/include/avr/pgmspace.h:90,
                 from /home/ec2-user/arduino-testlib/cli-datadir/data/packages/arduino/hardware/megaavr/1.8.7/cores/arduino/api/String.h:31,
                 from /home/ec2-user/arduino-testlib/cli-datadir/data/packages/arduino/hardware/megaavr/1.8.7/cores/arduino/api/IPAddress.h:24,
                 from /home/ec2-user/arduino-testlib/cli-datadir/data/packages/arduino/hardware/megaavr/1.8.7/cores/arduino/api/ArduinoAPI.h:30,
                 from /home/ec2-user/arduino-testlib/cli-datadir/data/packages/arduino/hardware/megaavr/1.8.7/cores/arduino/Arduino.h:23,
                 from /home/ec2-user/arduino-testlib/cli-datadir/user/libraries/SercomSPISlave/src/SercomSPISlave.h:25,
                 from /home/ec2-user/arduino-testlib/cli-datadir/user/libraries/SercomSPISlave/src/SercomSPISlave.cpp:22:
/home/ec2-user/arduino-testlib/cli-datadir/user/libraries/SercomSPISlave/src/SercomSPISlave.cpp:75:9: error: expected unqualified-id before &#39;(&#39; token
   GCLK-&gt;CLKCTRL.reg = GCLK_CLKCTRL_ID(GCM_SERCOM0_CORE) | //Generic Clock 0
         ^
/home/ec2-user/arduino-testlib/cli-datadir/user/libraries/SercomSPISlave/src/SercomSPISlave.cpp:75:39: error: &#39;GCM_SERCOM0_CORE&#39; was not declared in this scope
   GCLK-&gt;CLKCTRL.reg = GCLK_CLKCTRL_ID(GCM_SERCOM0_CORE) | //Generic Clock 0
                                       ^~~~~~~~~~~~~~~~
/home/ec2-user/arduino-testlib/cli-datadir/user/libraries/SercomSPISlave/src/SercomSPISlave.cpp:75:23: error: &#39;GCLK_CLKCTRL_ID&#39; was not declared in this scope
   GCLK-&gt;CLKCTRL.reg = GCLK_CLKCTRL_ID(GCM_SERCOM0_CORE) | //Generic Clock 0
                       ^~~~~~~~~~~~~~~
/home/ec2-user/arduino-testlib/cli-datadir/user/libraries/SercomSPISlave/src/SercomSPISlave.cpp:75:23: note: suggested alternative: &#39;CLKCTRL_t&#39;
   GCLK-&gt;CLKCTRL.reg = GCLK_CLKCTRL_ID(GCM_SERCOM0_CORE) | //Generic Clock 0
                       ^~~~~~~~~~~~~~~
                       CLKCTRL_t
/home/ec2-user/arduino-testlib/cli-datadir/user/libraries/SercomSPISlave/src/SercomSPISlave.cpp:76:13: error: &#39;GCLK_CLKCTRL_GEN_GCLK0&#39; was not declared in this scope
             GCLK_CLKCTRL_GEN_GCLK0 | // Generic Clock Generator 0 is the source
             ^~~~~~~~~~~~~~~~~~~~~~
/home/ec2-user/arduino-testlib/cli-datadir/user/libraries/SercomSPISlave/src/SercomSPISlave.cpp:76:13: note: suggested alternative: &#39;CLKCTRL_PEN_bp&#39;
             GCLK_CLKCTRL_GEN_GCLK0 | // Generic Clock Generator 0 is the source
             ^~~~~~~~~~~~~~~~~~~~~~
             CLKCTRL_PEN_bp
/home/ec2-user/arduino-testlib/cli-datadir/user/libraries/SercomSPISlave/src/SercomSPISlave.cpp:77:13: error: &#39;GCLK_CLKCTRL_CLKEN&#39; was not declared in this scope
             GCLK_CLKCTRL_CLKEN; // Enable Generic Clock Generator
             ^~~~~~~~~~~~~~~~~~
/home/ec2-user/arduino-testlib/cli-datadir/user/libraries/SercomSPISlave/src/SercomSPISlave.cpp:77:13: note: suggested alternative: &#39;CLKCTRL_CLKSEL_t&#39;
             GCLK_CLKCTRL_CLKEN; // Enable Generic Clock Generator
             ^~~~~~~~~~~~~~~~~~
             CLKCTRL_CLKSEL_t
/home/ec2-user/arduino-testlib/cli-datadir/user/libraries/SercomSPISlave/src/SercomSPISlave.cpp:79:28: error: &#39;GCLK_STATUS_SYNCBUSY&#39; was not declared in this scope
   while(GCLK-&gt;STATUS.reg &amp; GCLK_STATUS_SYNCBUSY); //Wait for synchronisation
                            ^~~~~~~~~~~~~~~~~~~~
/home/ec2-user/arduino-testlib/cli-datadir/user/libraries/SercomSPISlave/src/SercomSPISlave.cpp: In member function &#39;void SercomSPISlave::Sercom1init()&#39;:
/home/ec2-user/arduino-testlib/cli-datadir/user/libraries/SercomSPISlave/src/SercomSPISlave.cpp:119:5: error: &#39;PORT&#39; was not declared in this scope
     PORT-&gt;Group[PORTA].PINCFG[16].bit.PMUXEN = 0x1; //Enable Peripheral Multiplexing for SERCOM1 SPI PA16 Arduino PIN11
     ^~~~
/home/ec2-user/arduino-testlib/cli-datadir/user/libraries/SercomSPISlave/src/SercomSPISlave.cpp:119:5: note: suggested alternative: &#39;PORTD&#39;
     PORT-&gt;Group[PORTA].PINCFG[16].bit.PMUXEN = 0x1; //Enable Peripheral Multiplexing for SERCOM1 SPI PA16 Arduino PIN11
     ^~~~
     PORTD
/home/ec2-user/arduino-testlib/cli-datadir/user/libraries/SercomSPISlave/src/SercomSPISlave.cpp:144:3: error: &#39;SERCOM1&#39; was not declared in this scope
   SERCOM1-&gt;SPI.CTRLA.bit.ENABLE =0;
   ^~~~~~~
/home/ec2-user/arduino-testlib/cli-datadir/user/libraries/SercomSPISlave/src/SercomSPISlave.cpp:152:18: error: &#39;SERCOM1_IRQn&#39; was not declared in this scope
   NVIC_EnableIRQ(SERCOM1_IRQn);
                  ^~~~~~~~~~~~
/home/ec2-user/arduino-testlib/cli-datadir/user/libraries/SercomSPISlave/src/SercomSPISlave.cpp:152:3: error: &#39;NVIC_EnableIRQ&#39; was not declared in this scope
   NVIC_EnableIRQ(SERCOM1_IRQn);
   ^~~~~~~~~~~~~~
/home/ec2-user/arduino-testlib/cli-datadir/user/libraries/SercomSPISlave/src/SercomSPISlave.cpp:153:3: error: &#39;NVIC_SetPriority&#39; was not declared in this scope
   NVIC_SetPriority(SERCOM1_IRQn,2);
   ^~~~~~~~~~~~~~~~
/home/ec2-user/arduino-testlib/cli-datadir/user/libraries/SercomSPISlave/src/SercomSPISlave.cpp:156:3: error: &#39;GCLK&#39; was not declared in this scope
   GCLK-&gt;CLKCTRL.reg = GCLK_CLKCTRL_ID(GCM_SERCOM1_CORE) | //Generic Clock 0
   ^~~~
/home/ec2-user/arduino-testlib/cli-datadir/user/libraries/SercomSPISlave/src/SercomSPISlave.cpp:156:3: note: suggested alternative: &#39;SCL&#39;
   GCLK-&gt;CLKCTRL.reg = GCLK_CLKCTRL_ID(GCM_SERCOM1_CORE) | //Generic Clock 0
   ^~~~
   SCL
In file included from /home/ec2-user/arduino-testlib/cli-datadir/data/packages/arduino/tools/avr-gcc/7.3.0-atmel3.6.1-arduino5/avr/include/avr/io.h:677:0,
                 from /home/ec2-user/arduino-testlib/cli-datadir/data/packages/arduino/tools/avr-gcc/7.3.0-atmel3.6.1-arduino5/avr/include/avr/pgmspace.h:90,
                 from /home/ec2-user/arduino-testlib/cli-datadir/data/packages/arduino/hardware/megaavr/1.8.7/cores/arduino/api/String.h:31,
                 from /home/ec2-user/arduino-testlib/cli-datadir/data/packages/arduino/hardware/megaavr/1.8.7/cores/arduino/api/IPAddress.h:24,
                 from /home/ec2-user/arduino-testlib/cli-datadir/data/packages/arduino/hardware/megaavr/1.8.7/cores/arduino/api/ArduinoAPI.h:30,
                 from /home/ec2-user/arduino-testlib/cli-datadir/data/packages/arduino/hardware/megaavr/1.8.7/cores/arduino/Arduino.h:23,
                 from /home/ec2-user/arduino-testlib/cli-datadir/user/libraries/SercomSPISlave/src/SercomSPISlave.h:25,
                 from /home/ec2-user/arduino-testlib/cli-datadir/user/libraries/SercomSPISlave/src/SercomSPISlave.cpp:22:
/home/ec2-user/arduino-testlib/cli-datadir/user/libraries/SercomSPISlave/src/SercomSPISlave.cpp:156:9: error: expected unqualified-id before &#39;(&#39; token
   GCLK-&gt;CLKCTRL.reg = GCLK_CLKCTRL_ID(GCM_SERCOM1_CORE) | //Generic Clock 0
         ^
/home/ec2-user/arduino-testlib/cli-datadir/user/libraries/SercomSPISlave/src/SercomSPISlave.cpp:156:39: error: &#39;GCM_SERCOM1_CORE&#39; was not declared in this scope
   GCLK-&gt;CLKCTRL.reg = GCLK_CLKCTRL_ID(GCM_SERCOM1_CORE) | //Generic Clock 0
                                       ^~~~~~~~~~~~~~~~
/home/ec2-user/arduino-testlib/cli-datadir/user/libraries/SercomSPISlave/src/SercomSPISlave.cpp:156:23: error: &#39;GCLK_CLKCTRL_ID&#39; was not declared in this scope
   GCLK-&gt;CLKCTRL.reg = GCLK_CLKCTRL_ID(GCM_SERCOM1_CORE) | //Generic Clock 0
                       ^~~~~~~~~~~~~~~
/home/ec2-user/arduino-testlib/cli-datadir/user/libraries/SercomSPISlave/src/SercomSPISlave.cpp:156:23: note: suggested alternative: &#39;CLKCTRL_t&#39;
   GCLK-&gt;CLKCTRL.reg = GCLK_CLKCTRL_ID(GCM_SERCOM1_CORE) | //Generic Clock 0
                       ^~~~~~~~~~~~~~~
         </pre>

					
					<h4>examples/Sercom0SPISlave</h4>
					<p>
						Result: <b>FAIL</b>
					</p>
					<pre class="pre-scrollable">WARNING: library SercomSPISlave claims to run on samd architecture(s) and may be incompatible with your current board which runs on megaavr architecture(s).
/home/ec2-user/arduino-testlib/cli-datadir/user/libraries/SercomSPISlave/examples/Sercom0SPISlave/Sercom0SPISlave.ino: In function &#39;void SERCOM0_Handler()&#39;:
/home/ec2-user/arduino-testlib/cli-datadir/user/libraries/SercomSPISlave/examples/Sercom0SPISlave/Sercom0SPISlave.ino:58:19: error: &#39;SERCOM0&#39; was not declared in this scope
   data = (uint8_t)SERCOM0-&gt;SPI.DATA.reg;
                   ^~~~~~~

</pre>
					
					<h4>examples/Sercom1SPISlave</h4>
					<p>
						Result: <b>FAIL</b>
					</p>
					<pre class="pre-scrollable">WARNING: library SercomSPISlave claims to run on samd architecture(s) and may be incompatible with your current board which runs on megaavr architecture(s).
/home/ec2-user/arduino-testlib/cli-datadir/user/libraries/SercomSPISlave/examples/Sercom1SPISlave/Sercom1SPISlave.ino: In function &#39;void SERCOM1_Handler()&#39;:
/home/ec2-user/arduino-testlib/cli-datadir/user/libraries/SercomSPISlave/examples/Sercom1SPISlave/Sercom1SPISlave.ino:60:24: error: &#39;SERCOM1&#39; was not declared in this scope
   uint8_t interrupts = SERCOM1-&gt;SPI.INTFLAG.reg; //Read SPI interrupt register
                        ^~~~~~~

</pre>
					
					<h4>examples/Sercom4SPISlave</h4>
					<p>
						Result: <b>FAIL</b>
					</p>
					<pre class="pre-scrollable">WARNING: library SercomSPISlave claims to run on samd architecture(s) and may be incompatible with your current board which runs on megaavr architecture(s).
/home/ec2-user/arduino-testlib/cli-datadir/user/libraries/SercomSPISlave/examples/Sercom4SPISlave/Sercom4SPISlave.ino: In function &#39;void SERCOM4_Handler()&#39;:
/home/ec2-user/arduino-testlib/cli-datadir/user/libraries/SercomSPISlave/examples/Sercom4SPISlave/Sercom4SPISlave.ino:60:24: error: &#39;SERCOM4&#39; was not declared in this scope
   uint8_t interrupts = SERCOM4-&gt;SPI.INTFLAG.reg; //Read SPI interrupt register
                        ^~~~~~~

</pre>
					
				
				<h3 id="arduino:samd:mkrwifi1010">arduino:samd:mkrwifi1010 @ 1.8.12</h3>
				<h4>Inclusion</h4>
				<p>
					Result: <b>PASS</b>
					
				</p>
				<pre class="pre-scrollable">Sketch uses 12156 bytes (4%) of program storage space. Maximum is 262144 bytes.
Global variables use 2996 bytes (9%) of dynamic memory, leaving 29772 bytes for local variables. Maximum is 32768 bytes.
</pre>

					
					<h4>examples/Sercom0SPISlave</h4>
					<p>
						Result: <b>PASS</b>
					</p>
					<pre class="pre-scrollable">Sketch uses 13252 bytes (5%) of program storage space. Maximum is 262144 bytes.
Global variables use 3000 bytes (9%) of dynamic memory, leaving 29768 bytes for local variables. Maximum is 32768 bytes.
</pre>
					
					<h4>examples/Sercom1SPISlave</h4>
					<p>
						Result: <b>PASS</b>
					</p>
					<pre class="pre-scrollable">Sketch uses 13280 bytes (5%) of program storage space. Maximum is 262144 bytes.
Global variables use 3000 bytes (9%) of dynamic memory, leaving 29768 bytes for local variables. Maximum is 32768 bytes.
</pre>
					
					<h4>examples/Sercom4SPISlave</h4>
					<p>
						Result: <b>FAIL</b>
					</p>
					<pre class="pre-scrollable">/tmp/arduino-sketch-4380CAF8CD0FC0566309BC0A2E05823F/core/variant.cpp.o: In function `SERCOM4_Handler&#39;:
/home/ec2-user/arduino-testlib/cli-datadir/data/packages/arduino/hardware/samd/1.8.12/variants/mkrwifi1010/variant.cpp:256: multiple definition of `SERCOM4_Handler&#39;
/tmp/arduino-sketch-4380CAF8CD0FC0566309BC0A2E05823F/sketch/Sercom4SPISlave.ino.cpp.o:/home/ec2-user/arduino-testlib/cli-datadir/user/libraries/SercomSPISlave/examples/Sercom4SPISlave/Sercom4SPISlave.ino:55: first defined here
collect2: error: ld returned 1 exit status

</pre>
					
				
				<h3 id="esp32:esp32:d1_mini32">esp32:esp32:d1_mini32 @ 1.0.6</h3>
				<h4>Inclusion</h4>
				<p>
					Result: <b>FAIL</b>
					
				</p>
				<pre class="pre-scrollable">WARNING: library SercomSPISlave claims to run on samd architecture(s) and may be incompatible with your current board which runs on esp32 architecture(s).
/home/ec2-user/arduino-testlib/cli-datadir/user/libraries/SercomSPISlave/src/SercomSPISlave.cpp: In member function &#39;void SercomSPISlave::Sercom0init()&#39;:
/home/ec2-user/arduino-testlib/cli-datadir/user/libraries/SercomSPISlave/src/SercomSPISlave.cpp:38:5: error: &#39;PORT&#39; was not declared in this scope
     PORT-&gt;Group[PORTA].PINCFG[8].bit.PMUXEN = 0x1; //Enable Peripheral Multiplexing for SERCOM0 SPI PA08
     ^
/home/ec2-user/arduino-testlib/cli-datadir/user/libraries/SercomSPISlave/src/SercomSPISlave.cpp:38:17: error: &#39;PORTA&#39; was not declared in this scope
     PORT-&gt;Group[PORTA].PINCFG[8].bit.PMUXEN = 0x1; //Enable Peripheral Multiplexing for SERCOM0 SPI PA08
                 ^
/home/ec2-user/arduino-testlib/cli-datadir/user/libraries/SercomSPISlave/src/SercomSPISlave.cpp:63:3: error: &#39;SERCOM0&#39; was not declared in this scope
   SERCOM0-&gt;SPI.CTRLA.bit.ENABLE =0;
   ^
/home/ec2-user/arduino-testlib/cli-datadir/user/libraries/SercomSPISlave/src/SercomSPISlave.cpp:71:18: error: &#39;SERCOM0_IRQn&#39; was not declared in this scope
   NVIC_EnableIRQ(SERCOM0_IRQn);
                  ^
/home/ec2-user/arduino-testlib/cli-datadir/user/libraries/SercomSPISlave/src/SercomSPISlave.cpp:71:30: error: &#39;NVIC_EnableIRQ&#39; was not declared in this scope
   NVIC_EnableIRQ(SERCOM0_IRQn);
                              ^
/home/ec2-user/arduino-testlib/cli-datadir/user/libraries/SercomSPISlave/src/SercomSPISlave.cpp:72:34: error: &#39;NVIC_SetPriority&#39; was not declared in this scope
   NVIC_SetPriority(SERCOM0_IRQn,2);
                                  ^
/home/ec2-user/arduino-testlib/cli-datadir/user/libraries/SercomSPISlave/src/SercomSPISlave.cpp:75:3: error: &#39;GCLK&#39; was not declared in this scope
   GCLK-&gt;CLKCTRL.reg = GCLK_CLKCTRL_ID(GCM_SERCOM0_CORE) | //Generic Clock 0
   ^
/home/ec2-user/arduino-testlib/cli-datadir/user/libraries/SercomSPISlave/src/SercomSPISlave.cpp:75:39: error: &#39;GCM_SERCOM0_CORE&#39; was not declared in this scope
   GCLK-&gt;CLKCTRL.reg = GCLK_CLKCTRL_ID(GCM_SERCOM0_CORE) | //Generic Clock 0
                                       ^
/home/ec2-user/arduino-testlib/cli-datadir/user/libraries/SercomSPISlave/src/SercomSPISlave.cpp:75:55: error: &#39;GCLK_CLKCTRL_ID&#39; was not declared in this scope
   GCLK-&gt;CLKCTRL.reg = GCLK_CLKCTRL_ID(GCM_SERCOM0_CORE) | //Generic Clock 0
                                                       ^
/home/ec2-user/arduino-testlib/cli-datadir/user/libraries/SercomSPISlave/src/SercomSPISlave.cpp:76:13: error: &#39;GCLK_CLKCTRL_GEN_GCLK0&#39; was not declared in this scope
             GCLK_CLKCTRL_GEN_GCLK0 | // Generic Clock Generator 0 is the source
             ^
/home/ec2-user/arduino-testlib/cli-datadir/user/libraries/SercomSPISlave/src/SercomSPISlave.cpp:77:13: error: &#39;GCLK_CLKCTRL_CLKEN&#39; was not declared in this scope
             GCLK_CLKCTRL_CLKEN; // Enable Generic Clock Generator
             ^
/home/ec2-user/arduino-testlib/cli-datadir/user/libraries/SercomSPISlave/src/SercomSPISlave.cpp:79:28: error: &#39;GCLK_STATUS_SYNCBUSY&#39; was not declared in this scope
   while(GCLK-&gt;STATUS.reg &amp; GCLK_STATUS_SYNCBUSY); //Wait for synchronisation
                            ^
/home/ec2-user/arduino-testlib/cli-datadir/user/libraries/SercomSPISlave/src/SercomSPISlave.cpp: In member function &#39;void SercomSPISlave::Sercom1init()&#39;:
/home/ec2-user/arduino-testlib/cli-datadir/user/libraries/SercomSPISlave/src/SercomSPISlave.cpp:119:5: error: &#39;PORT&#39; was not declared in this scope
     PORT-&gt;Group[PORTA].PINCFG[16].bit.PMUXEN = 0x1; //Enable Peripheral Multiplexing for SERCOM1 SPI PA16 Arduino PIN11
     ^
/home/ec2-user/arduino-testlib/cli-datadir/user/libraries/SercomSPISlave/src/SercomSPISlave.cpp:119:17: error: &#39;PORTA&#39; was not declared in this scope
     PORT-&gt;Group[PORTA].PINCFG[16].bit.PMUXEN = 0x1; //Enable Peripheral Multiplexing for SERCOM1 SPI PA16 Arduino PIN11
                 ^
/home/ec2-user/arduino-testlib/cli-datadir/user/libraries/SercomSPISlave/src/SercomSPISlave.cpp:144:3: error: &#39;SERCOM1&#39; was not declared in this scope
   SERCOM1-&gt;SPI.CTRLA.bit.ENABLE =0;
   ^
/home/ec2-user/arduino-testlib/cli-datadir/user/libraries/SercomSPISlave/src/SercomSPISlave.cpp:152:18: error: &#39;SERCOM1_IRQn&#39; was not declared in this scope
   NVIC_EnableIRQ(SERCOM1_IRQn);
                  ^
/home/ec2-user/arduino-testlib/cli-datadir/user/libraries/SercomSPISlave/src/SercomSPISlave.cpp:152:30: error: &#39;NVIC_EnableIRQ&#39; was not declared in this scope
   NVIC_EnableIRQ(SERCOM1_IRQn);
                              ^
/home/ec2-user/arduino-testlib/cli-datadir/user/libraries/SercomSPISlave/src/SercomSPISlave.cpp:153:34: error: &#39;NVIC_SetPriority&#39; was not declared in this scope
   NVIC_SetPriority(SERCOM1_IRQn,2);
                                  ^
/home/ec2-user/arduino-testlib/cli-datadir/user/libraries/SercomSPISlave/src/SercomSPISlave.cpp:156:3: error: &#39;GCLK&#39; was not declared in this scope
   GCLK-&gt;CLKCTRL.reg = GCLK_CLKCTRL_ID(GCM_SERCOM1_CORE) | //Generic Clock 0
   ^
/home/ec2-user/arduino-testlib/cli-datadir/user/libraries/SercomSPISlave/src/SercomSPISlave.cpp:156:39: error: &#39;GCM_SERCOM1_CORE&#39; was not declared in this scope
   GCLK-&gt;CLKCTRL.reg = GCLK_CLKCTRL_ID(GCM_SERCOM1_CORE) | //Generic Clock 0
                                       ^
/home/ec2-user/arduino-testlib/cli-datadir/user/libraries/SercomSPISlave/src/SercomSPISlave.cpp:156:55: error: &#39;GCLK_CLKCTRL_ID&#39; was not declared in this scope
   GCLK-&gt;CLKCTRL.reg = GCLK_CLKCTRL_ID(GCM_SERCOM1_CORE) | //Generic Clock 0
                                                       ^
/home/ec2-user/arduino-testlib/cli-datadir/user/libraries/SercomSPISlave/src/SercomSPISlave.cpp:157:13: error: &#39;GCLK_CLKCTRL_GEN_GCLK0&#39; was not declared in this scope
             GCLK_CLKCTRL_GEN_GCLK0 | // Generic Clock Generator 0 is the source
             ^
/home/ec2-user/arduino-testlib/cli-datadir/user/libraries/SercomSPISlave/src/SercomSPISlave.cpp:158:13: error: &#39;GCLK_CLKCTRL_CLKEN&#39; was not declared in this scope
             GCLK_CLKCTRL_CLKEN; // Enable Generic Clock Generator
             ^
/home/ec2-user/arduino-testlib/cli-datadir/user/libraries/SercomSPISlave/src/SercomSPISlave.cpp:160:28: error: &#39;GCLK_STATUS_SYNCBUSY&#39; was not declared in this scope
   while(GCLK-&gt;STATUS.reg &amp; GCLK_STATUS_SYNCBUSY); //Wait for synchronisation
                            ^
/home/ec2-user/arduino-testlib/cli-datadir/user/libraries/SercomSPISlave/src/SercomSPISlave.cpp: In member function &#39;void SercomSPISlave::Sercom4init()&#39;:
/home/ec2-user/arduino-testlib/cli-datadir/user/libraries/SercomSPISlave/src/SercomSPISlave.cpp:203:3: error: &#39;PORT&#39; was not declared in this scope
   PORT-&gt;Group[PORTA].PINCFG[12].bit.PMUXEN = 0x1; //Enable Peripheral Multiplexing for SERCOM4 SPI PA12 Arduino PIN22
   ^
/home/ec2-user/arduino-testlib/cli-datadir/user/libraries/SercomSPISlave/src/SercomSPISlave.cpp:203:15: error: &#39;PORTA&#39; was not declared in this scope
   PORT-&gt;Group[PORTA].PINCFG[12].bit.PMUXEN = 0x1; //Enable Peripheral Multiplexing for SERCOM4 SPI PA12 Arduino PIN22
               ^
/home/ec2-user/arduino-testlib/cli-datadir/user/libraries/SercomSPISlave/src/SercomSPISlave.cpp:205:15: error: &#39;PORTB&#39; was not declared in this scope
   PORT-&gt;Group[PORTB].PINCFG[9].bit.PMUXEN = 0x1; //Enable Peripheral Multiplexing for SERCOM4 SPI PB09 Arduino PIN16
               ^
/home/ec2-user/arduino-testlib/cli-datadir/user/libraries/SercomSPISlave/src/SercomSPISlave.cpp:228:3: error: &#39;SERCOM4&#39; was not declared in this scope
   SERCOM4-&gt;SPI.CTRLA.bit.ENABLE =0;
   ^
/home/ec2-user/arduino-testlib/cli-datadir/user/libraries/SercomSPISlave/src/SercomSPISlave.cpp:236:18: error: &#39;SERCOM4_IRQn&#39; was not declared in this scope
   NVIC_EnableIRQ(SERCOM4_IRQn);
                  ^
/home/ec2-user/arduino-testlib/cli-datadir/user/libraries/SercomSPISlave/src/SercomSPISlave.cpp:236:30: error: &#39;NVIC_EnableIRQ&#39; was not declared in this scope
   NVIC_EnableIRQ(SERCOM4_IRQn);
                              ^
/home/ec2-user/arduino-testlib/cli-datadir/user/libraries/SercomSPISlave/src/SercomSPISlave.cpp:237:34: error: &#39;NVIC_SetPriority&#39; was not declared in this scope
   NVIC_SetPriority(SERCOM4_IRQn,2);
                                  ^
/home/ec2-user/arduino-testlib/cli-datadir/user/libraries/SercomSPISlave/src/SercomSPISlave.cpp:240:3: error: &#39;GCLK&#39; was not declared in this scope
   GCLK-&gt;CLKCTRL.reg = GCLK_CLKCTRL_ID(GCM_SERCOM4_CORE) | //Generic Clock 0
   ^
/home/ec2-user/arduino-testlib/cli-datadir/user/libraries/SercomSPISlave/src/SercomSPISlave.cpp:240:39: error: &#39;GCM_SERCOM4_CORE&#39; was not declared in this scope
   GCLK-&gt;CLKCTRL.reg = GCLK_CLKCTRL_ID(GCM_SERCOM4_CORE) | //Generic Clock 0
                                       ^
/home/ec2-user/arduino-testlib/cli-datadir/user/libraries/SercomSPISlave/src/SercomSPISlave.cpp:240:55: error: &#39;GCLK_CLKCTRL_ID&#39; was not declared in this scope
   GCLK-&gt;CLKCTRL.reg = GCLK_CLKCTRL_ID(GCM_SERCOM4_CORE) | //Generic Clock 0
                                                       ^
/home/ec2-user/arduino-testlib/cli-datadir/user/libraries/SercomSPISlave/src/SercomSPISlave.cpp:241:13: error: &#39;GCLK_CLKCTRL_GEN_GCLK0&#39; was not declared in this scope
             GCLK_CLKCTRL_GEN_GCLK0 | // Generic Clock Generator 0 is the source
             ^
/home/ec2-user/arduino-testlib/cli-datadir/user/libraries/SercomSPISlave/src/SercomSPISlave.cpp:242:13: error: &#39;GCLK_CLKCTRL_CLKEN&#39; was not declared in this scope
             GCLK_CLKCTRL_CLKEN; // Enable Generic Clock Generator
             ^
/home/ec2-user/arduino-testlib/cli-datadir/user/libraries/SercomSPISlave/src/SercomSPISlave.cpp:244:28: error: &#39;GCLK_STATUS_SYNCBUSY&#39; was not declared in this scope
   while(GCLK-&gt;STATUS.reg &amp; GCLK_STATUS_SYNCBUSY); //Wait for synchronisation
                            ^

</pre>

					
					<h4>examples/Sercom0SPISlave</h4>
					<p>
						Result: <b>FAIL</b>
					</p>
					<pre class="pre-scrollable">WARNING: library SercomSPISlave claims to run on samd architecture(s) and may be incompatible with your current board which runs on esp32 architecture(s).
/home/ec2-user/arduino-testlib/cli-datadir/user/libraries/SercomSPISlave/examples/Sercom0SPISlave/Sercom0SPISlave.ino: In function &#39;void SERCOM0_Handler()&#39;:
/home/ec2-user/arduino-testlib/cli-datadir/user/libraries/SercomSPISlave/examples/Sercom0SPISlave/Sercom0SPISlave.ino:58:19: error: &#39;SERCOM0&#39; was not declared in this scope
   data = (uint8_t)SERCOM0-&gt;SPI.DATA.reg;
                   ^

</pre>
					
					<h4>examples/Sercom1SPISlave</h4>
					<p>
						Result: <b>FAIL</b>
					</p>
					<pre class="pre-scrollable">WARNING: library SercomSPISlave claims to run on samd architecture(s) and may be incompatible with your current board which runs on esp32 architecture(s).
/home/ec2-user/arduino-testlib/cli-datadir/user/libraries/SercomSPISlave/examples/Sercom1SPISlave/Sercom1SPISlave.ino: In function &#39;void SERCOM1_Handler()&#39;:
/home/ec2-user/arduino-testlib/cli-datadir/user/libraries/SercomSPISlave/examples/Sercom1SPISlave/Sercom1SPISlave.ino:60:24: error: &#39;SERCOM1&#39; was not declared in this scope
   uint8_t interrupts = SERCOM1-&gt;SPI.INTFLAG.reg; //Read SPI interrupt register
                        ^

</pre>
					
					<h4>examples/Sercom4SPISlave</h4>
					<p>
						Result: <b>FAIL</b>
					</p>
					<pre class="pre-scrollable">WARNING: library SercomSPISlave claims to run on samd architecture(s) and may be incompatible with your current board which runs on esp32 architecture(s).
/home/ec2-user/arduino-testlib/cli-datadir/user/libraries/SercomSPISlave/examples/Sercom4SPISlave/Sercom4SPISlave.ino: In function &#39;void SERCOM4_Handler()&#39;:
/home/ec2-user/arduino-testlib/cli-datadir/user/libraries/SercomSPISlave/examples/Sercom4SPISlave/Sercom4SPISlave.ino:60:24: error: &#39;SERCOM4&#39; was not declared in this scope
   uint8_t interrupts = SERCOM4-&gt;SPI.INTFLAG.reg; //Read SPI interrupt register
                        ^

</pre>
					
				
			</div>
		</div>
	</div>
  </body>
</html>
