
<!doctype html>
<html lang="en">
  <head>
    <meta charset="utf-8">
    <meta name="viewport" content="width=device-width, initial-scale=1">
    <link href="https://cdn.jsdelivr.net/npm/bootstrap@5.0.2/dist/css/bootstrap.min.css" rel="stylesheet" integrity="sha384-EVSTQN3/azprG1Anm3QDgpJLIm9Nao0Yz1ztcQTwFspd3yD65VohhpuuCOmLASjC" crossorigin="anonymous">
    <title>arduino-testlib report</title>
	<style>
	.pass { background-color: #00FF00 !important; }
	.fail { background-color: #FF0000 !important; }
	</style>
  </head>
  <body>
	<div class="container">
		<div class="row">
			<div class="col">
				<h1>SerialDebugger - compatibility matrix</h1>
				<p>
					<small>This report was generated on Wednesday, 23-Feb-22 22:48:15 CET using 
					<a href="https://github.com/alranel/arduino-testlib">arduino-testlib</a>.</small>
				</p>

				<h2>SerialDebugger</h2>
				<p>
					Version: <b>1.0.0</b>
					<br />
					<a href="https://www.arduino.cc/reference/en/libraries/serialdebugger/">More details</a>
				</p>

				<h2>Compatibility matrix</h2>
				<table class="table table-bordered">
					<tr>
						<th>Board</th>
						<th>Claims compatibility</th>
						<th>Inclusion</th>
						
						<th><pre>baseUse</pre></th>
						
					</tr>
					
					<tr>
						<td>
							<a href="#arduino%3aavr%3auno"><b>arduino:avr:uno</b></a>
							<br />
							<small>1.8.4</small>
						</td>

						
							<td>Yes</td>
							<td class="pass">PASS</td>
						
						
						
						

						
							
								
									
										
											
											<td class="fail">FAIL</td>
										
									
								
							
								
							
								
							
								
							
								
							
						
					</tr>
					
					<tr>
						<td>
							<a href="#arduino%3ambed_nano%3ananorp2040connect"><b>arduino:mbed_nano:nanorp2040connect</b></a>
							<br />
							<small>2.7.2</small>
						</td>

						
							<td>Yes</td>
							<td class="pass">PASS</td>
						
						
						
						

						
							
								
							
								
									
										
											
											<td class="fail">FAIL</td>
										
									
								
							
								
							
								
							
								
							
						
					</tr>
					
					<tr>
						<td>
							<a href="#arduino%3amegaavr%3anona4809"><b>arduino:megaavr:nona4809</b></a>
							<br />
							<small>1.8.7</small>
						</td>

						
							<td>Yes</td>
							<td class="pass">PASS</td>
						
						
						
						

						
							
								
							
								
							
								
									
										
											
											<td class="fail">FAIL</td>
										
									
								
							
								
							
								
							
						
					</tr>
					
					<tr>
						<td>
							<a href="#arduino%3asamd%3amkrwifi1010"><b>arduino:samd:mkrwifi1010</b></a>
							<br />
							<small>1.8.12</small>
						</td>

						
							<td>Yes</td>
							<td class="pass">PASS</td>
						
						
						
						

						
							
								
							
								
							
								
							
								
									
										
											
											<td class="fail">FAIL</td>
										
									
								
							
								
							
						
					</tr>
					
					<tr>
						<td>
							<a href="#esp32%3aesp32%3ad1_mini32"><b>esp32:esp32:d1_mini32</b></a>
							<br />
							<small>1.0.6</small>
						</td>

						
							<td>Yes</td>
							<td class="pass">PASS</td>
						
						
						
						

						
							
								
							
								
							
								
							
								
							
								
									
										
											
											<td class="fail">FAIL</td>
										
									
								
							
						
					</tr>
					
				</table>

				<h2>Compilation logs</h2>
				
				<h3 id="arduino:avr:uno">arduino:avr:uno @ 1.8.4</h3>
				<h4>Inclusion</h4>
				<p>
					Result: <b>PASS</b>
					
					<br />This library has no main header file so an empty one was created.
					
				</p>
				<pre class="pre-scrollable">Sketch uses 2072 bytes (6%) of program storage space. Maximum is 32256 bytes.
Global variables use 123 bytes (6%) of dynamic memory, leaving 1925 bytes for local variables. Maximum is 2048 bytes.
</pre>

					
					<h4>examples/baseUse</h4>
					<p>
						Result: <b>FAIL</b>
					</p>
					<pre class="pre-scrollable">/Users/alranel/Documents/git/arduino/arduino-testlib/cli-datadir/user/libraries/SerialDebugger/examples/baseUse/baseUse.ino: In function &#39;void doDebugValue(char*)&#39;:
/Users/alranel/Documents/git/arduino/arduino-testlib/cli-datadir/user/libraries/SerialDebugger/examples/baseUse/baseUse.ino:7:13: error: &#39;class Commander&#39; has no member named &#39;scalar&#39;
     command.scalar(&amp;debugValue, cmd);
             ^~~~~~
/Users/alranel/Documents/git/arduino/arduino-testlib/cli-datadir/user/libraries/SerialDebugger/examples/baseUse/baseUse.ino: In function &#39;void setup()&#39;:
/Users/alranel/Documents/git/arduino/arduino-testlib/cli-datadir/user/libraries/SerialDebugger/examples/baseUse/baseUse.ino:15:47: error: no matching function for call to &#39;Commander::add(char, void (&amp;)(char*), const char [12])&#39;
   command.add(&#39;T&#39;, doDebugValue, &#34;debug value&#34;);
                                               ^
In file included from /Users/alranel/Documents/git/arduino/arduino-testlib/cli-datadir/user/libraries/SerialDebugger/examples/baseUse/baseUse.ino:1:0:
/Users/alranel/Documents/git/arduino/arduino-testlib/cli-datadir/user/libraries/Commander/src/Commander.h:191:15: note: candidate: Commander&amp; Commander::add(uint8_t)
  Commander&amp;   add(uint8_t character)         {bufferString &#43;= character; return *this;}
               ^~~
/Users/alranel/Documents/git/arduino/arduino-testlib/cli-datadir/user/libraries/Commander/src/Commander.h:191:15: note:   candidate expects 1 argument, 3 provided
/Users/alranel/Documents/git/arduino/arduino-testlib/cli-datadir/user/libraries/SerialDebugger/examples/baseUse/baseUse.ino: In function &#39;void loop()&#39;:
/Users/alranel/Documents/git/arduino/arduino-testlib/cli-datadir/user/libraries/SerialDebugger/examples/baseUse/baseUse.ino:22:11: error: &#39;class Commander&#39; has no member named &#39;run&#39;
   command.run();
           ^~~
Multiple libraries were found for &#34;Commander.h&#34;
  Used: /Users/alranel/Documents/git/arduino/arduino-testlib/cli-datadir/user/libraries/Commander
  Not used: /Users/alranel/Documents/git/arduino/arduino-testlib/cli-datadir/user/libraries/SerialDebugger
</pre>
					
				
				<h3 id="arduino:mbed_nano:nanorp2040connect">arduino:mbed_nano:nanorp2040connect @ 2.7.2</h3>
				<h4>Inclusion</h4>
				<p>
					Result: <b>PASS</b>
					
				</p>
				<pre class="pre-scrollable">Sketch uses 79352 bytes (0%) of program storage space. Maximum is 16777216 bytes.
Global variables use 43596 bytes (16%) of dynamic memory, leaving 226740 bytes for local variables. Maximum is 270336 bytes.
</pre>

					
					<h4>examples/baseUse</h4>
					<p>
						Result: <b>FAIL</b>
					</p>
					<pre class="pre-scrollable">/home/ec2-user/arduino-testlib/cli-datadir/user/libraries/SerialDebugger/examples/baseUse/baseUse.ino: In function &#39;void doDebugValue(char*)&#39;:
/home/ec2-user/arduino-testlib/cli-datadir/user/libraries/SerialDebugger/examples/baseUse/baseUse.ino:7:13: error: &#39;class Commander&#39; has no member named &#39;scalar&#39;
     command.scalar(&amp;debugValue, cmd);
             ^~~~~~
/home/ec2-user/arduino-testlib/cli-datadir/user/libraries/SerialDebugger/examples/baseUse/baseUse.ino: In function &#39;void setup()&#39;:
/home/ec2-user/arduino-testlib/cli-datadir/user/libraries/SerialDebugger/examples/baseUse/baseUse.ino:15:47: error: no matching function for call to &#39;Commander::add(char, void (&amp;)(char*), const char [12])&#39;
   command.add(&#39;T&#39;, doDebugValue, &#34;debug value&#34;);
                                               ^
In file included from /home/ec2-user/arduino-testlib/cli-datadir/user/libraries/SerialDebugger/examples/baseUse/baseUse.ino:1:0:
/home/ec2-user/arduino-testlib/cli-datadir/user/libraries/Commander/src/Commander.h:191:15: note: candidate: Commander&amp; Commander::add(uint8_t)
  Commander&amp;   add(uint8_t character)         {bufferString &#43;= character; return *this;}
               ^~~
/home/ec2-user/arduino-testlib/cli-datadir/user/libraries/Commander/src/Commander.h:191:15: note:   candidate expects 1 argument, 3 provided
/home/ec2-user/arduino-testlib/cli-datadir/user/libraries/SerialDebugger/examples/baseUse/baseUse.ino: In function &#39;void loop()&#39;:
/home/ec2-user/arduino-testlib/cli-datadir/user/libraries/SerialDebugger/examples/baseUse/baseUse.ino:22:11: error: &#39;class Commander&#39; has no member named &#39;run&#39;
   command.run();
           ^~~
Multiple libraries were found for &#34;Commander.h&#34;
  Used: /home/ec2-user/arduino-testlib/cli-datadir/user/libraries/Commander
  Not used: /home/ec2-user/arduino-testlib/cli-datadir/user/libraries/SerialDebugger
</pre>
					
				
				<h3 id="arduino:megaavr:nona4809">arduino:megaavr:nona4809 @ 1.8.7</h3>
				<h4>Inclusion</h4>
				<p>
					Result: <b>PASS</b>
					
				</p>
				<pre class="pre-scrollable">Sketch uses 2395 bytes (4%) of program storage space. Maximum is 49152 bytes.
Global variables use 104 bytes (1%) of dynamic memory, leaving 6040 bytes for local variables. Maximum is 6144 bytes.
</pre>

					
					<h4>examples/baseUse</h4>
					<p>
						Result: <b>FAIL</b>
					</p>
					<pre class="pre-scrollable">/home/ec2-user/arduino-testlib/cli-datadir/user/libraries/SerialDebugger/examples/baseUse/baseUse.ino:4:37: error: no matching function for call to &#39;Commander::Commander(UartClass&amp;)&#39;
 Commander command = Commander(Serial);
                                     ^
In file included from /home/ec2-user/arduino-testlib/cli-datadir/user/libraries/SerialDebugger/examples/baseUse/baseUse.ino:1:0:
/home/ec2-user/arduino-testlib/cli-datadir/user/libraries/Commander/src/Commander.h:168:2: note: candidate: Commander::Commander(uint16_t)
  Commander(uint16_t reservedBuffer);
  ^~~~~~~~~
/home/ec2-user/arduino-testlib/cli-datadir/user/libraries/Commander/src/Commander.h:168:2: note:   no known conversion for argument 1 from &#39;UartClass&#39; to &#39;uint16_t {aka unsigned int}&#39;
/home/ec2-user/arduino-testlib/cli-datadir/user/libraries/Commander/src/Commander.h:167:2: note: candidate: Commander::Commander()
  Commander();
  ^~~~~~~~~
/home/ec2-user/arduino-testlib/cli-datadir/user/libraries/Commander/src/Commander.h:167:2: note:   candidate expects 0 arguments, 1 provided
/home/ec2-user/arduino-testlib/cli-datadir/user/libraries/Commander/src/Commander.h:165:7: note: candidate: Commander::Commander(const Commander&amp;)
 class Commander : public Stream {
       ^~~~~~~~~
/home/ec2-user/arduino-testlib/cli-datadir/user/libraries/Commander/src/Commander.h:165:7: note:   no known conversion for argument 1 from &#39;UartClass&#39; to &#39;const Commander&amp;&#39;
/home/ec2-user/arduino-testlib/cli-datadir/user/libraries/Commander/src/Commander.h:165:7: note: candidate: Commander::Commander(Commander&amp;&amp;)
/home/ec2-user/arduino-testlib/cli-datadir/user/libraries/Commander/src/Commander.h:165:7: note:   no known conversion for argument 1 from &#39;UartClass&#39; to &#39;Commander&amp;&amp;&#39;
/home/ec2-user/arduino-testlib/cli-datadir/user/libraries/SerialDebugger/examples/baseUse/baseUse.ino: In function &#39;void doDebugValue(char*)&#39;:
/home/ec2-user/arduino-testlib/cli-datadir/user/libraries/SerialDebugger/examples/baseUse/baseUse.ino:7:13: error: &#39;class Commander&#39; has no member named &#39;scalar&#39;
     command.scalar(&amp;debugValue, cmd);
             ^~~~~~
/home/ec2-user/arduino-testlib/cli-datadir/user/libraries/SerialDebugger/examples/baseUse/baseUse.ino: In function &#39;void setup()&#39;:
/home/ec2-user/arduino-testlib/cli-datadir/user/libraries/SerialDebugger/examples/baseUse/baseUse.ino:15:47: error: no matching function for call to &#39;Commander::add(char, void (&amp;)(char*), const char [12])&#39;
   command.add(&#39;T&#39;, doDebugValue, &#34;debug value&#34;);
                                               ^
In file included from /home/ec2-user/arduino-testlib/cli-datadir/user/libraries/SerialDebugger/examples/baseUse/baseUse.ino:1:0:
/home/ec2-user/arduino-testlib/cli-datadir/user/libraries/Commander/src/Commander.h:191:15: note: candidate: Commander&amp; Commander::add(uint8_t)
  Commander&amp;   add(uint8_t character)         {bufferString &#43;= character; return *this;}
               ^~~
/home/ec2-user/arduino-testlib/cli-datadir/user/libraries/Commander/src/Commander.h:191:15: note:   candidate expects 1 argument, 3 provided
/home/ec2-user/arduino-testlib/cli-datadir/user/libraries/SerialDebugger/examples/baseUse/baseUse.ino: In function &#39;void loop()&#39;:
/home/ec2-user/arduino-testlib/cli-datadir/user/libraries/SerialDebugger/examples/baseUse/baseUse.ino:22:11: error: &#39;class Commander&#39; has no member named &#39;run&#39;
   command.run();
           ^~~
Multiple libraries were found for &#34;Commander.h&#34;
  Used: /home/ec2-user/arduino-testlib/cli-datadir/user/libraries/Commander
  Not used: /home/ec2-user/arduino-testlib/cli-datadir/user/libraries/SerialDebugger
</pre>
					
				
				<h3 id="arduino:samd:mkrwifi1010">arduino:samd:mkrwifi1010 @ 1.8.12</h3>
				<h4>Inclusion</h4>
				<p>
					Result: <b>PASS</b>
					
					<br />This library has no main header file so an empty one was created.
					
				</p>
				<pre class="pre-scrollable">Sketch uses 13160 bytes (5%) of program storage space. Maximum is 262144 bytes.
Global variables use 3156 bytes (9%) of dynamic memory, leaving 29612 bytes for local variables. Maximum is 32768 bytes.
</pre>

					
					<h4>examples/baseUse</h4>
					<p>
						Result: <b>FAIL</b>
					</p>
					<pre class="pre-scrollable">/Users/alranel/Documents/git/arduino/arduino-testlib/cli-datadir/user/libraries/SerialDebugger/examples/baseUse/baseUse.ino: In function &#39;void doDebugValue(char*)&#39;:
/Users/alranel/Documents/git/arduino/arduino-testlib/cli-datadir/user/libraries/SerialDebugger/examples/baseUse/baseUse.ino:7:13: error: &#39;class Commander&#39; has no member named &#39;scalar&#39;
     command.scalar(&amp;debugValue, cmd);
             ^~~~~~
/Users/alranel/Documents/git/arduino/arduino-testlib/cli-datadir/user/libraries/SerialDebugger/examples/baseUse/baseUse.ino: In function &#39;void setup()&#39;:
/Users/alranel/Documents/git/arduino/arduino-testlib/cli-datadir/user/libraries/SerialDebugger/examples/baseUse/baseUse.ino:15:47: error: no matching function for call to &#39;Commander::add(char, void (&amp;)(char*), const char [12])&#39;
   command.add(&#39;T&#39;, doDebugValue, &#34;debug value&#34;);
                                               ^
In file included from /Users/alranel/Documents/git/arduino/arduino-testlib/cli-datadir/user/libraries/SerialDebugger/examples/baseUse/baseUse.ino:1:0:
/Users/alranel/Documents/git/arduino/arduino-testlib/cli-datadir/user/libraries/Commander/src/Commander.h:191:15: note: candidate: Commander&amp; Commander::add(uint8_t)
  Commander&amp;   add(uint8_t character)         {bufferString &#43;= character; return *this;}
               ^~~
/Users/alranel/Documents/git/arduino/arduino-testlib/cli-datadir/user/libraries/Commander/src/Commander.h:191:15: note:   candidate expects 1 argument, 3 provided
/Users/alranel/Documents/git/arduino/arduino-testlib/cli-datadir/user/libraries/SerialDebugger/examples/baseUse/baseUse.ino: In function &#39;void loop()&#39;:
/Users/alranel/Documents/git/arduino/arduino-testlib/cli-datadir/user/libraries/SerialDebugger/examples/baseUse/baseUse.ino:22:11: error: &#39;class Commander&#39; has no member named &#39;run&#39;
   command.run();
           ^~~
Multiple libraries were found for &#34;Commander.h&#34;
  Used: /Users/alranel/Documents/git/arduino/arduino-testlib/cli-datadir/user/libraries/Commander
  Not used: /Users/alranel/Documents/git/arduino/arduino-testlib/cli-datadir/user/libraries/SerialDebugger
</pre>
					
				
				<h3 id="esp32:esp32:d1_mini32">esp32:esp32:d1_mini32 @ 1.0.6</h3>
				<h4>Inclusion</h4>
				<p>
					Result: <b>PASS</b>
					
				</p>
				<pre class="pre-scrollable">Sketch uses 201814 bytes (15%) of program storage space. Maximum is 1310720 bytes.
Global variables use 13248 bytes (4%) of dynamic memory, leaving 314432 bytes for local variables. Maximum is 327680 bytes.
</pre>

					
					<h4>examples/baseUse</h4>
					<p>
						Result: <b>FAIL</b>
					</p>
					<pre class="pre-scrollable">/home/ec2-user/arduino-testlib/cli-datadir/user/libraries/SerialDebugger/examples/baseUse/baseUse.ino: In function &#39;void doDebugValue(char*)&#39;:
/home/ec2-user/arduino-testlib/cli-datadir/user/libraries/SerialDebugger/examples/baseUse/baseUse.ino:7:13: error: &#39;class Commander&#39; has no member named &#39;scalar&#39;
     command.scalar(&amp;debugValue, cmd);
             ^
/home/ec2-user/arduino-testlib/cli-datadir/user/libraries/SerialDebugger/examples/baseUse/baseUse.ino: In function &#39;void setup()&#39;:
/home/ec2-user/arduino-testlib/cli-datadir/user/libraries/SerialDebugger/examples/baseUse/baseUse.ino:15:47: error: no matching function for call to &#39;Commander::add(char, void (&amp;)(char*), const char [12])&#39;
   command.add(&#39;T&#39;, doDebugValue, &#34;debug value&#34;);
                                               ^
In file included from /home/ec2-user/arduino-testlib/cli-datadir/user/libraries/SerialDebugger/examples/baseUse/baseUse.ino:1:0:
/home/ec2-user/arduino-testlib/cli-datadir/user/libraries/Commander/src/Commander.h:191:15: note: candidate: Commander&amp; Commander::add(uint8_t)
  Commander&amp;   add(uint8_t character)         {bufferString &#43;= character; return *this;}
               ^
/home/ec2-user/arduino-testlib/cli-datadir/user/libraries/Commander/src/Commander.h:191:15: note:   candidate expects 1 argument, 3 provided
/home/ec2-user/arduino-testlib/cli-datadir/user/libraries/SerialDebugger/examples/baseUse/baseUse.ino: In function &#39;void loop()&#39;:
/home/ec2-user/arduino-testlib/cli-datadir/user/libraries/SerialDebugger/examples/baseUse/baseUse.ino:22:11: error: &#39;class Commander&#39; has no member named &#39;run&#39;
   command.run();
           ^
Multiple libraries were found for &#34;Commander.h&#34;
  Used: /home/ec2-user/arduino-testlib/cli-datadir/user/libraries/Commander
  Not used: /home/ec2-user/arduino-testlib/cli-datadir/user/libraries/SerialDebugger
</pre>
					
				
			</div>
		</div>
	</div>
  </body>
</html>
