
<!doctype html>
<html lang="en">
  <head>
    <meta charset="utf-8">
    <meta name="viewport" content="width=device-width, initial-scale=1">
    <link href="https://cdn.jsdelivr.net/npm/bootstrap@5.0.2/dist/css/bootstrap.min.css" rel="stylesheet" integrity="sha384-EVSTQN3/azprG1Anm3QDgpJLIm9Nao0Yz1ztcQTwFspd3yD65VohhpuuCOmLASjC" crossorigin="anonymous">
    <title>arduino-testlib report</title>
	<style>
	.pass { background-color: #00FF00 !important; }
	.fail { background-color: #FF0000 !important; }
	</style>
  </head>
  <body>
	<div class="container">
		<div class="row">
			<div class="col">
				<h1>SevenSegInt - compatibility matrix</h1>
				<p>
					<small>This report was generated on Wednesday, 23-Feb-22 22:48:15 CET using 
					<a href="https://github.com/alranel/arduino-testlib">arduino-testlib</a>.</small>
				</p>

				<h2>SevenSegInt</h2>
				<p>
					Version: <b>1.0.0</b>
					<br />
					<a href="https://www.arduino.cc/reference/en/libraries/sevensegint/">More details</a>
				</p>

				<h2>Compatibility matrix</h2>
				<table class="table table-bordered">
					<tr>
						<th>Board</th>
						<th>Claims compatibility</th>
						<th>Inclusion</th>
						
						<th><pre>7segtest</pre></th>
						
					</tr>
					
					<tr>
						<td>
							<a href="#arduino%3aavr%3auno"><b>arduino:avr:uno</b></a>
							<br />
							<small>1.8.4</small>
						</td>

						
						
						
							<td>Yes ⚠️</td>
							<td class="fail">FAIL</td>
						
						

						
							
								
									
										
											
											<td class="fail">FAIL</td>
										
									
								
							
								
							
								
							
								
							
								
							
						
					</tr>
					
					<tr>
						<td>
							<a href="#arduino%3ambed_nano%3ananorp2040connect"><b>arduino:mbed_nano:nanorp2040connect</b></a>
							<br />
							<small>2.7.2</small>
						</td>

						
						
						
							<td>Yes ⚠️</td>
							<td class="fail">FAIL</td>
						
						

						
							
								
							
								
									
										
											
											<td class="fail">FAIL</td>
										
									
								
							
								
							
								
							
								
							
						
					</tr>
					
					<tr>
						<td>
							<a href="#arduino%3amegaavr%3anona4809"><b>arduino:megaavr:nona4809</b></a>
							<br />
							<small>1.8.7</small>
						</td>

						
						
						
							<td>Yes ⚠️</td>
							<td class="fail">FAIL</td>
						
						

						
							
								
							
								
							
								
									
										
											
											<td class="fail">FAIL</td>
										
									
								
							
								
							
								
							
						
					</tr>
					
					<tr>
						<td>
							<a href="#arduino%3asamd%3amkrwifi1010"><b>arduino:samd:mkrwifi1010</b></a>
							<br />
							<small>1.8.12</small>
						</td>

						
						
						
							<td>Yes ⚠️</td>
							<td class="fail">FAIL</td>
						
						

						
							
								
							
								
							
								
							
								
									
										
											
											<td class="fail">FAIL</td>
										
									
								
							
								
							
						
					</tr>
					
					<tr>
						<td>
							<a href="#esp32%3aesp32%3ad1_mini32"><b>esp32:esp32:d1_mini32</b></a>
							<br />
							<small>1.0.6</small>
						</td>

						
						
						
							<td>Yes ⚠️</td>
							<td class="fail">FAIL</td>
						
						

						
							
								
							
								
							
								
							
								
							
								
									
										
											
											<td class="fail">FAIL</td>
										
									
								
							
						
					</tr>
					
				</table>

				<h2>Compilation logs</h2>
				
				<h3 id="arduino:avr:uno">arduino:avr:uno @ 1.8.4</h3>
				<h4>Inclusion</h4>
				<p>
					Result: <b>FAIL</b>
					
				</p>
				<pre class="pre-scrollable">In file included from /Users/alranel/Documents/git/arduino/arduino-testlib/cli-datadir/user/libraries/SevenSegInt/src/SevenSegInt.cpp:5:0:
/Users/alranel/Documents/git/arduino/arduino-testlib/cli-datadir/user/libraries/TimerThree/TimerThree.h: In member function &#39;void TimerThree::initialize(long unsigned int)&#39;:
/Users/alranel/Documents/git/arduino/arduino-testlib/cli-datadir/user/libraries/TimerThree/TimerThree.h:47:2: error: &#39;TCCR3B&#39; was not declared in this scope
  TCCR3B = _BV(WGM33);        // set mode as phase and frequency correct pwm, stop the timer
  ^~~~~~
/Users/alranel/Documents/git/arduino/arduino-testlib/cli-datadir/user/libraries/TimerThree/TimerThree.h:47:2: note: suggested alternative: &#39;TCCR0B&#39;
  TCCR3B = _BV(WGM33);        // set mode as phase and frequency correct pwm, stop the timer
  ^~~~~~
  TCCR0B
In file included from /Users/alranel/Documents/git/arduino/arduino-testlib/cli-datadir/data/packages/arduino/tools/avr-gcc/7.3.0-atmel3.6.1-arduino7/avr/include/avr/io.h:99:0,
                 from /Users/alranel/Documents/git/arduino/arduino-testlib/cli-datadir/data/packages/arduino/tools/avr-gcc/7.3.0-atmel3.6.1-arduino7/avr/include/avr/pgmspace.h:90,
                 from /Users/alranel/Documents/git/arduino/arduino-testlib/cli-datadir/data/packages/arduino/hardware/avr/1.8.4/cores/arduino/Arduino.h:28,
                 from /Users/alranel/Documents/git/arduino/arduino-testlib/cli-datadir/user/libraries/TimerOne/TimerOne.h:21,
                 from /Users/alranel/Documents/git/arduino/arduino-testlib/cli-datadir/user/libraries/SevenSegInt/src/SevenSegInt.cpp:1:
/Users/alranel/Documents/git/arduino/arduino-testlib/cli-datadir/user/libraries/TimerThree/TimerThree.h:47:15: error: &#39;WGM33&#39; was not declared in this scope
  TCCR3B = _BV(WGM33);        // set mode as phase and frequency correct pwm, stop the timer
               ^
/Users/alranel/Documents/git/arduino/arduino-testlib/cli-datadir/user/libraries/TimerThree/TimerThree.h:47:15: note: suggested alternative: &#39;WGM13&#39;
In file included from /Users/alranel/Documents/git/arduino/arduino-testlib/cli-datadir/user/libraries/SevenSegInt/src/SevenSegInt.cpp:5:0:
/Users/alranel/Documents/git/arduino/arduino-testlib/cli-datadir/user/libraries/TimerThree/TimerThree.h:48:2: error: &#39;TCCR3A&#39; was not declared in this scope
  TCCR3A = 0;                 // clear control register A
  ^~~~~~
/Users/alranel/Documents/git/arduino/arduino-testlib/cli-datadir/user/libraries/TimerThree/TimerThree.h:48:2: note: suggested alternative: &#39;TCCR0A&#39;
  TCCR3A = 0;                 // clear control register A
  ^~~~~~
  TCCR0A
In file included from /Users/alranel/Documents/git/arduino/arduino-testlib/cli-datadir/data/packages/arduino/tools/avr-gcc/7.3.0-atmel3.6.1-arduino7/avr/include/avr/io.h:99:0,
                 from /Users/alranel/Documents/git/arduino/arduino-testlib/cli-datadir/data/packages/arduino/tools/avr-gcc/7.3.0-atmel3.6.1-arduino7/avr/include/avr/pgmspace.h:90,
                 from /Users/alranel/Documents/git/arduino/arduino-testlib/cli-datadir/data/packages/arduino/hardware/avr/1.8.4/cores/arduino/Arduino.h:28,
                 from /Users/alranel/Documents/git/arduino/arduino-testlib/cli-datadir/user/libraries/TimerOne/TimerOne.h:21,
                 from /Users/alranel/Documents/git/arduino/arduino-testlib/cli-datadir/user/libraries/SevenSegInt/src/SevenSegInt.cpp:1:
/Users/alranel/Documents/git/arduino/arduino-testlib/cli-datadir/user/libraries/TimerThree/TimerThree.h: In member function &#39;void TimerThree::setPeriod(long unsigned int)&#39;:
/Users/alranel/Documents/git/arduino/arduino-testlib/cli-datadir/user/libraries/TimerThree/TimerThree.h:54:25: error: &#39;CS30&#39; was not declared in this scope
   clockSelectBits = _BV(CS30);
                         ^
/Users/alranel/Documents/git/arduino/arduino-testlib/cli-datadir/user/libraries/TimerThree/TimerThree.h:54:25: note: suggested alternative: &#39;CS00&#39;
/Users/alranel/Documents/git/arduino/arduino-testlib/cli-datadir/user/libraries/TimerThree/TimerThree.h:58:25: error: &#39;CS31&#39; was not declared in this scope
   clockSelectBits = _BV(CS31);
                         ^
/Users/alranel/Documents/git/arduino/arduino-testlib/cli-datadir/user/libraries/TimerThree/TimerThree.h:58:25: note: suggested alternative: &#39;CS01&#39;
/Users/alranel/Documents/git/arduino/arduino-testlib/cli-datadir/user/libraries/TimerThree/TimerThree.h:62:25: error: &#39;CS31&#39; was not declared in this scope
   clockSelectBits = _BV(CS31) | _BV(CS30);
                         ^
/Users/alranel/Documents/git/arduino/arduino-testlib/cli-datadir/user/libraries/TimerThree/TimerThree.h:62:25: note: suggested alternative: &#39;CS01&#39;
/Users/alranel/Documents/git/arduino/arduino-testlib/cli-datadir/user/libraries/TimerThree/TimerThree.h:62:37: error: &#39;CS30&#39; was not declared in this scope
   clockSelectBits = _BV(CS31) | _BV(CS30);
                                     ^
/Users/alranel/Documents/git/arduino/arduino-testlib/cli-datadir/user/libraries/TimerThree/TimerThree.h:62:37: note: suggested alternative: &#39;CS00&#39;
/Users/alranel/Documents/git/arduino/arduino-testlib/cli-datadir/user/libraries/TimerThree/TimerThree.h:66:25: error: &#39;CS32&#39; was not declared in this scope
   clockSelectBits = _BV(CS32);
                         ^
/Users/alranel/Documents/git/arduino/arduino-testlib/cli-datadir/user/libraries/TimerThree/TimerThree.h:66:25: note: suggested alternative: &#39;CS12&#39;
/Users/alranel/Documents/git/arduino/arduino-testlib/cli-datadir/user/libraries/TimerThree/TimerThree.h:70:25: error: &#39;CS32&#39; was not declared in this scope
   clockSelectBits = _BV(CS32) | _BV(CS30);
                         ^
/Users/alranel/Documents/git/arduino/arduino-testlib/cli-datadir/user/libraries/TimerThree/TimerThree.h:70:25: note: suggested alternative: &#39;CS12&#39;
/Users/alranel/Documents/git/arduino/arduino-testlib/cli-datadir/user/libraries/TimerThree/TimerThree.h:70:37: error: &#39;CS30&#39; was not declared in this scope
   clockSelectBits = _BV(CS32) | _BV(CS30);
                                     ^
/Users/alranel/Documents/git/arduino/arduino-testlib/cli-datadir/user/libraries/TimerThree/TimerThree.h:70:37: note: suggested alternative: &#39;CS00&#39;
/Users/alranel/Documents/git/arduino/arduino-testlib/cli-datadir/user/libraries/TimerThree/TimerThree.h:73:25: error: &#39;CS32&#39; was not declared in this scope
   clockSelectBits = _BV(CS32) | _BV(CS30);
                         ^
/Users/alranel/Documents/git/arduino/arduino-testlib/cli-datadir/user/libraries/TimerThree/TimerThree.h:73:25: note: suggested alternative: &#39;CS12&#39;
/Users/alranel/Documents/git/arduino/arduino-testlib/cli-datadir/user/libraries/TimerThree/TimerThree.h:73:37: error: &#39;CS30&#39; was not declared in this scope
   clockSelectBits = _BV(CS32) | _BV(CS30);
                                     ^
/Users/alranel/Documents/git/arduino/arduino-testlib/cli-datadir/user/libraries/TimerThree/TimerThree.h:73:37: note: suggested alternative: &#39;CS00&#39;
In file included from /Users/alranel/Documents/git/arduino/arduino-testlib/cli-datadir/user/libraries/SevenSegInt/src/SevenSegInt.cpp:5:0:
/Users/alranel/Documents/git/arduino/arduino-testlib/cli-datadir/user/libraries/TimerThree/TimerThree.h:76:2: error: &#39;ICR3&#39; was not declared in this scope
  ICR3 = pwmPeriod;
  ^~~~
/Users/alranel/Documents/git/arduino/arduino-testlib/cli-datadir/user/libraries/TimerThree/TimerThree.h:76:2: note: suggested alternative: &#39;ICR1&#39;
  ICR3 = pwmPeriod;
  ^~~~
  ICR1
/Users/alranel/Documents/git/arduino/arduino-testlib/cli-datadir/user/libraries/TimerThree/TimerThree.h:77:2: error: &#39;TCCR3B&#39; was not declared in this scope
  TCCR3B = _BV(WGM33) | clockSelectBits;
  ^~~~~~
/Users/alranel/Documents/git/arduino/arduino-testlib/cli-datadir/user/libraries/TimerThree/TimerThree.h:77:2: note: suggested alternative: &#39;TCCR0B&#39;
  TCCR3B = _BV(WGM33) | clockSelectBits;
  ^~~~~~
  TCCR0B
In file included from /Users/alranel/Documents/git/arduino/arduino-testlib/cli-datadir/data/packages/arduino/tools/avr-gcc/7.3.0-atmel3.6.1-arduino7/avr/include/avr/io.h:99:0,
                 from /Users/alranel/Documents/git/arduino/arduino-testlib/cli-datadir/data/packages/arduino/tools/avr-gcc/7.3.0-atmel3.6.1-arduino7/avr/include/avr/pgmspace.h:90,
                 from /Users/alranel/Documents/git/arduino/arduino-testlib/cli-datadir/data/packages/arduino/hardware/avr/1.8.4/cores/arduino/Arduino.h:28,
                 from /Users/alranel/Documents/git/arduino/arduino-testlib/cli-datadir/user/libraries/TimerOne/TimerOne.h:21,
                 from /Users/alranel/Documents/git/arduino/arduino-testlib/cli-datadir/user/libraries/SevenSegInt/src/SevenSegInt.cpp:1:
/Users/alranel/Documents/git/arduino/arduino-testlib/cli-datadir/user/libraries/TimerThree/TimerThree.h:77:15: error: &#39;WGM33&#39; was not declared in this scope
  TCCR3B = _BV(WGM33) | clockSelectBits;
               ^
/Users/alranel/Documents/git/arduino/arduino-testlib/cli-datadir/user/libraries/TimerThree/TimerThree.h:77:15: note: suggested alternative: &#39;WGM13&#39;
In file included from /Users/alranel/Documents/git/arduino/arduino-testlib/cli-datadir/user/libraries/SevenSegInt/src/SevenSegInt.cpp:5:0:
/Users/alranel/Documents/git/arduino/arduino-testlib/cli-datadir/user/libraries/TimerThree/TimerThree.h: In member function &#39;void TimerThree::start()&#39;:
/Users/alranel/Documents/git/arduino/arduino-testlib/cli-datadir/user/libraries/TimerThree/TimerThree.h:84:2: error: &#39;TCCR3B&#39; was not declared in this scope
  TCCR3B = 0;
  ^~~~~~
/Users/alranel/Documents/git/arduino/arduino-testlib/cli-datadir/user/libraries/TimerThree/TimerThree.h:84:2: note: suggested alternative: &#39;TCCR0B&#39;
  TCCR3B = 0;
  ^~~~~~
  TCCR0B
/Users/alranel/Documents/git/arduino/arduino-testlib/cli-datadir/user/libraries/TimerThree/TimerThree.h:85:2: error: &#39;TCNT3&#39; was not declared in this scope
  TCNT3 = 0;  // TODO: does this cause an undesired interrupt?
  ^~~~~
/Users/alranel/Documents/git/arduino/arduino-testlib/cli-datadir/user/libraries/TimerThree/TimerThree.h:85:2: note: suggested alternative: &#39;TCNT0&#39;
</pre>

					
					<h4>examples/7segtest</h4>
					<p>
						Result: <b>FAIL</b>
					</p>
					<pre class="pre-scrollable">In file included from /Users/alranel/Documents/git/arduino/arduino-testlib/cli-datadir/user/libraries/SevenSegInt/src/SevenSegInt.cpp:5:0:
/Users/alranel/Documents/git/arduino/arduino-testlib/cli-datadir/user/libraries/TimerThree/TimerThree.h: In member function &#39;void TimerThree::initialize(long unsigned int)&#39;:
/Users/alranel/Documents/git/arduino/arduino-testlib/cli-datadir/user/libraries/TimerThree/TimerThree.h:47:2: error: &#39;TCCR3B&#39; was not declared in this scope
  TCCR3B = _BV(WGM33);        // set mode as phase and frequency correct pwm, stop the timer
  ^~~~~~
/Users/alranel/Documents/git/arduino/arduino-testlib/cli-datadir/user/libraries/TimerThree/TimerThree.h:47:2: note: suggested alternative: &#39;TCCR0B&#39;
  TCCR3B = _BV(WGM33);        // set mode as phase and frequency correct pwm, stop the timer
  ^~~~~~
  TCCR0B
In file included from /Users/alranel/Documents/git/arduino/arduino-testlib/cli-datadir/data/packages/arduino/tools/avr-gcc/7.3.0-atmel3.6.1-arduino7/avr/include/avr/io.h:99:0,
                 from /Users/alranel/Documents/git/arduino/arduino-testlib/cli-datadir/data/packages/arduino/tools/avr-gcc/7.3.0-atmel3.6.1-arduino7/avr/include/avr/pgmspace.h:90,
                 from /Users/alranel/Documents/git/arduino/arduino-testlib/cli-datadir/data/packages/arduino/hardware/avr/1.8.4/cores/arduino/Arduino.h:28,
                 from /Users/alranel/Documents/git/arduino/arduino-testlib/cli-datadir/user/libraries/TimerOne/TimerOne.h:21,
                 from /Users/alranel/Documents/git/arduino/arduino-testlib/cli-datadir/user/libraries/SevenSegInt/src/SevenSegInt.cpp:1:
/Users/alranel/Documents/git/arduino/arduino-testlib/cli-datadir/user/libraries/TimerThree/TimerThree.h:47:15: error: &#39;WGM33&#39; was not declared in this scope
  TCCR3B = _BV(WGM33);        // set mode as phase and frequency correct pwm, stop the timer
               ^
/Users/alranel/Documents/git/arduino/arduino-testlib/cli-datadir/user/libraries/TimerThree/TimerThree.h:47:15: note: suggested alternative: &#39;WGM13&#39;
In file included from /Users/alranel/Documents/git/arduino/arduino-testlib/cli-datadir/user/libraries/SevenSegInt/src/SevenSegInt.cpp:5:0:
/Users/alranel/Documents/git/arduino/arduino-testlib/cli-datadir/user/libraries/TimerThree/TimerThree.h:48:2: error: &#39;TCCR3A&#39; was not declared in this scope
  TCCR3A = 0;                 // clear control register A
  ^~~~~~
/Users/alranel/Documents/git/arduino/arduino-testlib/cli-datadir/user/libraries/TimerThree/TimerThree.h:48:2: note: suggested alternative: &#39;TCCR0A&#39;
  TCCR3A = 0;                 // clear control register A
  ^~~~~~
  TCCR0A
In file included from /Users/alranel/Documents/git/arduino/arduino-testlib/cli-datadir/data/packages/arduino/tools/avr-gcc/7.3.0-atmel3.6.1-arduino7/avr/include/avr/io.h:99:0,
                 from /Users/alranel/Documents/git/arduino/arduino-testlib/cli-datadir/data/packages/arduino/tools/avr-gcc/7.3.0-atmel3.6.1-arduino7/avr/include/avr/pgmspace.h:90,
                 from /Users/alranel/Documents/git/arduino/arduino-testlib/cli-datadir/data/packages/arduino/hardware/avr/1.8.4/cores/arduino/Arduino.h:28,
                 from /Users/alranel/Documents/git/arduino/arduino-testlib/cli-datadir/user/libraries/TimerOne/TimerOne.h:21,
                 from /Users/alranel/Documents/git/arduino/arduino-testlib/cli-datadir/user/libraries/SevenSegInt/src/SevenSegInt.cpp:1:
/Users/alranel/Documents/git/arduino/arduino-testlib/cli-datadir/user/libraries/TimerThree/TimerThree.h: In member function &#39;void TimerThree::setPeriod(long unsigned int)&#39;:
/Users/alranel/Documents/git/arduino/arduino-testlib/cli-datadir/user/libraries/TimerThree/TimerThree.h:54:25: error: &#39;CS30&#39; was not declared in this scope
   clockSelectBits = _BV(CS30);
                         ^
/Users/alranel/Documents/git/arduino/arduino-testlib/cli-datadir/user/libraries/TimerThree/TimerThree.h:54:25: note: suggested alternative: &#39;CS00&#39;
/Users/alranel/Documents/git/arduino/arduino-testlib/cli-datadir/user/libraries/TimerThree/TimerThree.h:58:25: error: &#39;CS31&#39; was not declared in this scope
   clockSelectBits = _BV(CS31);
                         ^
/Users/alranel/Documents/git/arduino/arduino-testlib/cli-datadir/user/libraries/TimerThree/TimerThree.h:58:25: note: suggested alternative: &#39;CS01&#39;
/Users/alranel/Documents/git/arduino/arduino-testlib/cli-datadir/user/libraries/TimerThree/TimerThree.h:62:25: error: &#39;CS31&#39; was not declared in this scope
   clockSelectBits = _BV(CS31) | _BV(CS30);
                         ^
/Users/alranel/Documents/git/arduino/arduino-testlib/cli-datadir/user/libraries/TimerThree/TimerThree.h:62:25: note: suggested alternative: &#39;CS01&#39;
/Users/alranel/Documents/git/arduino/arduino-testlib/cli-datadir/user/libraries/TimerThree/TimerThree.h:62:37: error: &#39;CS30&#39; was not declared in this scope
   clockSelectBits = _BV(CS31) | _BV(CS30);
                                     ^
/Users/alranel/Documents/git/arduino/arduino-testlib/cli-datadir/user/libraries/TimerThree/TimerThree.h:62:37: note: suggested alternative: &#39;CS00&#39;
/Users/alranel/Documents/git/arduino/arduino-testlib/cli-datadir/user/libraries/TimerThree/TimerThree.h:66:25: error: &#39;CS32&#39; was not declared in this scope
   clockSelectBits = _BV(CS32);
                         ^
/Users/alranel/Documents/git/arduino/arduino-testlib/cli-datadir/user/libraries/TimerThree/TimerThree.h:66:25: note: suggested alternative: &#39;CS12&#39;
/Users/alranel/Documents/git/arduino/arduino-testlib/cli-datadir/user/libraries/TimerThree/TimerThree.h:70:25: error: &#39;CS32&#39; was not declared in this scope
   clockSelectBits = _BV(CS32) | _BV(CS30);
                         ^
/Users/alranel/Documents/git/arduino/arduino-testlib/cli-datadir/user/libraries/TimerThree/TimerThree.h:70:25: note: suggested alternative: &#39;CS12&#39;
/Users/alranel/Documents/git/arduino/arduino-testlib/cli-datadir/user/libraries/TimerThree/TimerThree.h:70:37: error: &#39;CS30&#39; was not declared in this scope
   clockSelectBits = _BV(CS32) | _BV(CS30);
                                     ^
/Users/alranel/Documents/git/arduino/arduino-testlib/cli-datadir/user/libraries/TimerThree/TimerThree.h:70:37: note: suggested alternative: &#39;CS00&#39;
/Users/alranel/Documents/git/arduino/arduino-testlib/cli-datadir/user/libraries/TimerThree/TimerThree.h:73:25: error: &#39;CS32&#39; was not declared in this scope
   clockSelectBits = _BV(CS32) | _BV(CS30);
                         ^
/Users/alranel/Documents/git/arduino/arduino-testlib/cli-datadir/user/libraries/TimerThree/TimerThree.h:73:25: note: suggested alternative: &#39;CS12&#39;
/Users/alranel/Documents/git/arduino/arduino-testlib/cli-datadir/user/libraries/TimerThree/TimerThree.h:73:37: error: &#39;CS30&#39; was not declared in this scope
   clockSelectBits = _BV(CS32) | _BV(CS30);
                                     ^
/Users/alranel/Documents/git/arduino/arduino-testlib/cli-datadir/user/libraries/TimerThree/TimerThree.h:73:37: note: suggested alternative: &#39;CS00&#39;
In file included from /Users/alranel/Documents/git/arduino/arduino-testlib/cli-datadir/user/libraries/SevenSegInt/src/SevenSegInt.cpp:5:0:
/Users/alranel/Documents/git/arduino/arduino-testlib/cli-datadir/user/libraries/TimerThree/TimerThree.h:76:2: error: &#39;ICR3&#39; was not declared in this scope
  ICR3 = pwmPeriod;
  ^~~~
/Users/alranel/Documents/git/arduino/arduino-testlib/cli-datadir/user/libraries/TimerThree/TimerThree.h:76:2: note: suggested alternative: &#39;ICR1&#39;
  ICR3 = pwmPeriod;
  ^~~~
  ICR1
/Users/alranel/Documents/git/arduino/arduino-testlib/cli-datadir/user/libraries/TimerThree/TimerThree.h:77:2: error: &#39;TCCR3B&#39; was not declared in this scope
  TCCR3B = _BV(WGM33) | clockSelectBits;
  ^~~~~~
/Users/alranel/Documents/git/arduino/arduino-testlib/cli-datadir/user/libraries/TimerThree/TimerThree.h:77:2: note: suggested alternative: &#39;TCCR0B&#39;
  TCCR3B = _BV(WGM33) | clockSelectBits;
  ^~~~~~
  TCCR0B
In file included from /Users/alranel/Documents/git/arduino/arduino-testlib/cli-datadir/data/packages/arduino/tools/avr-gcc/7.3.0-atmel3.6.1-arduino7/avr/include/avr/io.h:99:0,
                 from /Users/alranel/Documents/git/arduino/arduino-testlib/cli-datadir/data/packages/arduino/tools/avr-gcc/7.3.0-atmel3.6.1-arduino7/avr/include/avr/pgmspace.h:90,
                 from /Users/alranel/Documents/git/arduino/arduino-testlib/cli-datadir/data/packages/arduino/hardware/avr/1.8.4/cores/arduino/Arduino.h:28,
                 from /Users/alranel/Documents/git/arduino/arduino-testlib/cli-datadir/user/libraries/TimerOne/TimerOne.h:21,
                 from /Users/alranel/Documents/git/arduino/arduino-testlib/cli-datadir/user/libraries/SevenSegInt/src/SevenSegInt.cpp:1:
/Users/alranel/Documents/git/arduino/arduino-testlib/cli-datadir/user/libraries/TimerThree/TimerThree.h:77:15: error: &#39;WGM33&#39; was not declared in this scope
  TCCR3B = _BV(WGM33) | clockSelectBits;
               ^
/Users/alranel/Documents/git/arduino/arduino-testlib/cli-datadir/user/libraries/TimerThree/TimerThree.h:77:15: note: suggested alternative: &#39;WGM13&#39;
In file included from /Users/alranel/Documents/git/arduino/arduino-testlib/cli-datadir/user/libraries/SevenSegInt/src/SevenSegInt.cpp:5:0:
/Users/alranel/Documents/git/arduino/arduino-testlib/cli-datadir/user/libraries/TimerThree/TimerThree.h: In member function &#39;void TimerThree::start()&#39;:
/Users/alranel/Documents/git/arduino/arduino-testlib/cli-datadir/user/libraries/TimerThree/TimerThree.h:84:2: error: &#39;TCCR3B&#39; was not declared in this scope
  TCCR3B = 0;
  ^~~~~~
/Users/alranel/Documents/git/arduino/arduino-testlib/cli-datadir/user/libraries/TimerThree/TimerThree.h:84:2: note: suggested alternative: &#39;TCCR0B&#39;
  TCCR3B = 0;
  ^~~~~~
  TCCR0B
/Users/alranel/Documents/git/arduino/arduino-testlib/cli-datadir/user/libraries/TimerThree/TimerThree.h:85:2: error: &#39;TCNT3&#39; was not declared in this scope
  TCNT3 = 0;  // TODO: does this cause an undesired interrupt?
  ^~~~~
/Users/alranel/Documents/git/arduino/arduino-testlib/cli-datadir/user/libraries/TimerThree/TimerThree.h:85:2: note: suggested alternative: &#39;TCNT0&#39;
</pre>
					
				
				<h3 id="arduino:mbed_nano:nanorp2040connect">arduino:mbed_nano:nanorp2040connect @ 2.7.2</h3>
				<h4>Inclusion</h4>
				<p>
					Result: <b>FAIL</b>
					
				</p>
				<pre class="pre-scrollable">In file included from /home/ec2-user/arduino-testlib/cli-datadir/user/libraries/SevenSegInt/src/SevenSegInt.cpp:1:0:
/home/ec2-user/arduino-testlib/cli-datadir/user/libraries/AIStarter/src/TimerOne.h:39:10: fatal error: avr/io.h: No such file or directory
 #include &lt;avr/io.h&gt;
          ^~~~~~~~~~
compilation terminated.
Multiple libraries were found for &#34;TimerOne.h&#34;
  Used: /home/ec2-user/arduino-testlib/cli-datadir/user/libraries/AIStarter
  Not used: /home/ec2-user/arduino-testlib/cli-datadir/user/libraries/MP3Player
  Not used: /home/ec2-user/arduino-testlib/cli-datadir/user/libraries/TimerOne
  Not used: /home/ec2-user/arduino-testlib/cli-datadir/user/libraries/Volume_3
</pre>

					
					<h4>examples/7segtest</h4>
					<p>
						Result: <b>FAIL</b>
					</p>
					<pre class="pre-scrollable">In file included from /home/ec2-user/arduino-testlib/cli-datadir/user/libraries/SevenSegInt/src/SevenSegInt.cpp:1:0:
/home/ec2-user/arduino-testlib/cli-datadir/user/libraries/AIStarter/src/TimerOne.h:39:10: fatal error: avr/io.h: No such file or directory
 #include &lt;avr/io.h&gt;
          ^~~~~~~~~~
compilation terminated.
Multiple libraries were found for &#34;TimerOne.h&#34;
  Used: /home/ec2-user/arduino-testlib/cli-datadir/user/libraries/AIStarter
  Not used: /home/ec2-user/arduino-testlib/cli-datadir/user/libraries/TimerOne
  Not used: /home/ec2-user/arduino-testlib/cli-datadir/user/libraries/Volume_3
  Not used: /home/ec2-user/arduino-testlib/cli-datadir/user/libraries/MP3Player
</pre>
					
				
				<h3 id="arduino:megaavr:nona4809">arduino:megaavr:nona4809 @ 1.8.7</h3>
				<h4>Inclusion</h4>
				<p>
					Result: <b>FAIL</b>
					
				</p>
				<pre class="pre-scrollable">/home/ec2-user/arduino-testlib/cli-datadir/user/libraries/AIStarter/src/Beep.cpp:1:10: fatal error: arduino.h: No such file or directory
 #include &#34;arduino.h&#34;
          ^~~~~~~~~~~
compilation terminated.
Multiple libraries were found for &#34;TimerOne.h&#34;
  Used: /home/ec2-user/arduino-testlib/cli-datadir/user/libraries/AIStarter
  Not used: /home/ec2-user/arduino-testlib/cli-datadir/user/libraries/Volume_3
  Not used: /home/ec2-user/arduino-testlib/cli-datadir/user/libraries/TimerOne
  Not used: /home/ec2-user/arduino-testlib/cli-datadir/user/libraries/MP3Player
</pre>

					
					<h4>examples/7segtest</h4>
					<p>
						Result: <b>FAIL</b>
					</p>
					<pre class="pre-scrollable">/home/ec2-user/arduino-testlib/cli-datadir/user/libraries/AIStarter/src/Beep.cpp:1:10: fatal error: arduino.h: No such file or directory
 #include &#34;arduino.h&#34;
          ^~~~~~~~~~~
compilation terminated.
Multiple libraries were found for &#34;TimerOne.h&#34;
  Used: /home/ec2-user/arduino-testlib/cli-datadir/user/libraries/AIStarter
  Not used: /home/ec2-user/arduino-testlib/cli-datadir/user/libraries/MP3Player
  Not used: /home/ec2-user/arduino-testlib/cli-datadir/user/libraries/Volume_3
  Not used: /home/ec2-user/arduino-testlib/cli-datadir/user/libraries/TimerOne
</pre>
					
				
				<h3 id="arduino:samd:mkrwifi1010">arduino:samd:mkrwifi1010 @ 1.8.12</h3>
				<h4>Inclusion</h4>
				<p>
					Result: <b>FAIL</b>
					
				</p>
				<pre class="pre-scrollable">In file included from /Users/alranel/Documents/git/arduino/arduino-testlib/cli-datadir/user/libraries/SevenSegInt/src/SevenSegInt.cpp:1:0:
/Users/alranel/Documents/git/arduino/arduino-testlib/cli-datadir/user/libraries/AIStarter/src/TimerOne.h:39:10: fatal error: avr/io.h: No such file or directory
 #include &lt;avr/io.h&gt;
          ^~~~~~~~~~
compilation terminated.
Multiple libraries were found for &#34;TimerOne.h&#34;
  Used: /Users/alranel/Documents/git/arduino/arduino-testlib/cli-datadir/user/libraries/AIStarter
  Not used: /Users/alranel/Documents/git/arduino/arduino-testlib/cli-datadir/user/libraries/MP3Player
  Not used: /Users/alranel/Documents/git/arduino/arduino-testlib/cli-datadir/user/libraries/TimerOne
  Not used: /Users/alranel/Documents/git/arduino/arduino-testlib/cli-datadir/user/libraries/Volume_3
</pre>

					
					<h4>examples/7segtest</h4>
					<p>
						Result: <b>FAIL</b>
					</p>
					<pre class="pre-scrollable">In file included from /Users/alranel/Documents/git/arduino/arduino-testlib/cli-datadir/user/libraries/SevenSegInt/src/SevenSegInt.cpp:1:0:
/Users/alranel/Documents/git/arduino/arduino-testlib/cli-datadir/user/libraries/AIStarter/src/TimerOne.h:39:10: fatal error: avr/io.h: No such file or directory
 #include &lt;avr/io.h&gt;
          ^~~~~~~~~~
compilation terminated.
Multiple libraries were found for &#34;TimerOne.h&#34;
  Used: /Users/alranel/Documents/git/arduino/arduino-testlib/cli-datadir/user/libraries/AIStarter
  Not used: /Users/alranel/Documents/git/arduino/arduino-testlib/cli-datadir/user/libraries/TimerOne
  Not used: /Users/alranel/Documents/git/arduino/arduino-testlib/cli-datadir/user/libraries/Volume_3
  Not used: /Users/alranel/Documents/git/arduino/arduino-testlib/cli-datadir/user/libraries/MP3Player
</pre>
					
				
				<h3 id="esp32:esp32:d1_mini32">esp32:esp32:d1_mini32 @ 1.0.6</h3>
				<h4>Inclusion</h4>
				<p>
					Result: <b>FAIL</b>
					
				</p>
				<pre class="pre-scrollable">In file included from /home/ec2-user/arduino-testlib/cli-datadir/user/libraries/SevenSegInt/src/SevenSegInt.cpp:1:0:
/home/ec2-user/arduino-testlib/cli-datadir/user/libraries/AIStarter/src/TimerOne.h:39:20: fatal error: avr/io.h: No such file or directory
compilation terminated.
Multiple libraries were found for &#34;TimerOne.h&#34;
  Used: /home/ec2-user/arduino-testlib/cli-datadir/user/libraries/AIStarter
  Not used: /home/ec2-user/arduino-testlib/cli-datadir/user/libraries/TimerOne
  Not used: /home/ec2-user/arduino-testlib/cli-datadir/user/libraries/MP3Player
  Not used: /home/ec2-user/arduino-testlib/cli-datadir/user/libraries/Volume_3
</pre>

					
					<h4>examples/7segtest</h4>
					<p>
						Result: <b>FAIL</b>
					</p>
					<pre class="pre-scrollable">In file included from /home/ec2-user/arduino-testlib/cli-datadir/user/libraries/SevenSegInt/src/SevenSegInt.cpp:1:0:
/home/ec2-user/arduino-testlib/cli-datadir/user/libraries/AIStarter/src/TimerOne.h:39:20: fatal error: avr/io.h: No such file or directory
compilation terminated.
Multiple libraries were found for &#34;TimerOne.h&#34;
  Used: /home/ec2-user/arduino-testlib/cli-datadir/user/libraries/AIStarter
  Not used: /home/ec2-user/arduino-testlib/cli-datadir/user/libraries/MP3Player
  Not used: /home/ec2-user/arduino-testlib/cli-datadir/user/libraries/TimerOne
  Not used: /home/ec2-user/arduino-testlib/cli-datadir/user/libraries/Volume_3
</pre>
					
				
			</div>
		</div>
	</div>
  </body>
</html>
