
<!doctype html>
<html lang="en">
  <head>
    <meta charset="utf-8">
    <meta name="viewport" content="width=device-width, initial-scale=1">
    <link href="https://cdn.jsdelivr.net/npm/bootstrap@5.0.2/dist/css/bootstrap.min.css" rel="stylesheet" integrity="sha384-EVSTQN3/azprG1Anm3QDgpJLIm9Nao0Yz1ztcQTwFspd3yD65VohhpuuCOmLASjC" crossorigin="anonymous">
    <title>arduino-testlib report</title>
	<style>
	.pass { background-color: #00FF00 !important; }
	.fail { background-color: #FF0000 !important; }
	</style>
  </head>
  <body>
	<div class="container">
		<div class="row">
			<div class="col">
				<h1>Sixfab_CellularIoT - compatibility matrix</h1>
				<p>
					<small>This report was generated on Wednesday, 23-Feb-22 22:48:15 CET using 
					<a href="https://github.com/alranel/arduino-testlib">arduino-testlib</a>.</small>
				</p>

				<h2>Sixfab_CellularIoT</h2>
				<p>
					Version: <b>1.3.1</b>
					<br />
					<a href="https://www.arduino.cc/reference/en/libraries/sixfab_cellulariot/">More details</a>
				</p>

				<h2>Compatibility matrix</h2>
				<table class="table table-bordered">
					<tr>
						<th>Board</th>
						<th>Claims compatibility</th>
						<th>Inclusion</th>
						
						<th><pre>Thingspeak</pre></th>
						
						<th><pre>basicTCP</pre></th>
						
						<th><pre>basicUDP</pre></th>
						
						<th><pre>sendSensorData</pre></th>
						
						<th><pre>sensorTest</pre></th>
						
						<th><pre>IFTTT</pre></th>
						
						<th><pre>SixfabConnect</pre></th>
						
					</tr>
					
					<tr>
						<td>
							<a href="#arduino%3aavr%3auno"><b>arduino:avr:uno</b></a>
							<br />
							<small>1.8.4</small>
						</td>

						
							<td>Yes</td>
							<td class="pass">PASS</td>
						
						
						
						

						
							
								
									
										
									
										
									
										
											<td class="pass">PASS</td>
											
										
									
										
									
										
									
										
									
										
									
								
							
								
							
								
							
								
							
								
							
						
							
								
									
										
									
										
									
										
									
										
											<td class="pass">PASS</td>
											
										
									
										
									
										
									
										
									
								
							
								
							
								
							
								
							
								
							
						
							
								
									
										
									
										
									
										
									
										
									
										
											<td class="pass">PASS</td>
											
										
									
										
									
										
									
								
							
								
							
								
							
								
							
								
							
						
							
								
									
										
									
										
									
										
									
										
									
										
									
										
											<td class="pass">PASS</td>
											
										
									
										
									
								
							
								
							
								
							
								
							
								
							
						
							
								
									
										
									
										
									
										
									
										
									
										
									
										
									
										
											<td class="pass">PASS</td>
											
										
									
								
							
								
							
								
							
								
							
								
							
						
							
								
									
										
											<td class="pass">PASS</td>
											
										
									
										
									
										
									
										
									
										
									
										
									
										
									
								
							
								
							
								
							
								
							
								
							
						
							
								
									
										
									
										
											<td class="pass">PASS</td>
											
										
									
										
									
										
									
										
									
										
									
										
									
								
							
								
							
								
							
								
							
								
							
						
					</tr>
					
					<tr>
						<td>
							<a href="#arduino%3ambed_nano%3ananorp2040connect"><b>arduino:mbed_nano:nanorp2040connect</b></a>
							<br />
							<small>2.7.2</small>
						</td>

						
						
						
							<td>Yes ⚠️</td>
							<td class="fail">FAIL</td>
						
						

						
							
								
							
								
									
										
									
										
									
										
											
											<td class="fail">FAIL</td>
										
									
										
									
										
									
										
									
										
									
								
							
								
							
								
							
								
							
						
							
								
							
								
									
										
									
										
									
										
									
										
											
											<td class="fail">FAIL</td>
										
									
										
									
										
									
										
									
								
							
								
							
								
							
								
							
						
							
								
							
								
									
										
									
										
									
										
									
										
									
										
											
											<td class="fail">FAIL</td>
										
									
										
									
										
									
								
							
								
							
								
							
								
							
						
							
								
							
								
									
										
									
										
									
										
									
										
									
										
									
										
											
											<td class="fail">FAIL</td>
										
									
										
									
								
							
								
							
								
							
								
							
						
							
								
							
								
									
										
									
										
									
										
									
										
									
										
									
										
									
										
											
											<td class="fail">FAIL</td>
										
									
								
							
								
							
								
							
								
							
						
							
								
							
								
									
										
											
											<td class="fail">FAIL</td>
										
									
										
									
										
									
										
									
										
									
										
									
										
									
								
							
								
							
								
							
								
							
						
							
								
							
								
									
										
									
										
											
											<td class="fail">FAIL</td>
										
									
										
									
										
									
										
									
										
									
										
									
								
							
								
							
								
							
								
							
						
					</tr>
					
					<tr>
						<td>
							<a href="#arduino%3amegaavr%3anona4809"><b>arduino:megaavr:nona4809</b></a>
							<br />
							<small>1.8.7</small>
						</td>

						
						
						
							<td>Yes ⚠️</td>
							<td class="fail">FAIL</td>
						
						

						
							
								
							
								
							
								
									
										
									
										
									
										
											
											<td class="fail">FAIL</td>
										
									
										
									
										
									
										
									
										
									
								
							
								
							
								
							
						
							
								
							
								
							
								
									
										
									
										
									
										
									
										
											
											<td class="fail">FAIL</td>
										
									
										
									
										
									
										
									
								
							
								
							
								
							
						
							
								
							
								
							
								
									
										
									
										
									
										
									
										
									
										
											
											<td class="fail">FAIL</td>
										
									
										
									
										
									
								
							
								
							
								
							
						
							
								
							
								
							
								
									
										
									
										
									
										
									
										
									
										
									
										
											
											<td class="fail">FAIL</td>
										
									
										
									
								
							
								
							
								
							
						
							
								
							
								
							
								
									
										
									
										
									
										
									
										
									
										
									
										
									
										
											
											<td class="fail">FAIL</td>
										
									
								
							
								
							
								
							
						
							
								
							
								
							
								
									
										
											
											<td class="fail">FAIL</td>
										
									
										
									
										
									
										
									
										
									
										
									
										
									
								
							
								
							
								
							
						
							
								
							
								
							
								
									
										
									
										
											
											<td class="fail">FAIL</td>
										
									
										
									
										
									
										
									
										
									
										
									
								
							
								
							
								
							
						
					</tr>
					
					<tr>
						<td>
							<a href="#arduino%3asamd%3amkrwifi1010"><b>arduino:samd:mkrwifi1010</b></a>
							<br />
							<small>1.8.12</small>
						</td>

						
						
						
							<td>Yes ⚠️</td>
							<td class="fail">FAIL</td>
						
						

						
							
								
							
								
							
								
							
								
									
										
									
										
									
										
											
											<td class="fail">FAIL</td>
										
									
										
									
										
									
										
									
										
									
								
							
								
							
						
							
								
							
								
							
								
							
								
									
										
									
										
									
										
									
										
											
											<td class="fail">FAIL</td>
										
									
										
									
										
									
										
									
								
							
								
							
						
							
								
							
								
							
								
							
								
									
										
									
										
									
										
									
										
									
										
											
											<td class="fail">FAIL</td>
										
									
										
									
										
									
								
							
								
							
						
							
								
							
								
							
								
							
								
									
										
									
										
									
										
									
										
									
										
									
										
											
											<td class="fail">FAIL</td>
										
									
										
									
								
							
								
							
						
							
								
							
								
							
								
							
								
									
										
									
										
									
										
									
										
									
										
									
										
									
										
											
											<td class="fail">FAIL</td>
										
									
								
							
								
							
						
							
								
							
								
							
								
							
								
									
										
											
											<td class="fail">FAIL</td>
										
									
										
									
										
									
										
									
										
									
										
									
										
									
								
							
								
							
						
							
								
							
								
							
								
							
								
									
										
									
										
											
											<td class="fail">FAIL</td>
										
									
										
									
										
									
										
									
										
									
										
									
								
							
								
							
						
					</tr>
					
					<tr>
						<td>
							<a href="#esp32%3aesp32%3ad1_mini32"><b>esp32:esp32:d1_mini32</b></a>
							<br />
							<small>1.0.6</small>
						</td>

						
						
						
							<td>Yes ⚠️</td>
							<td class="fail">FAIL</td>
						
						

						
							
								
							
								
							
								
							
								
							
								
									
										
									
										
									
										
											
											<td class="fail">FAIL</td>
										
									
										
									
										
									
										
									
										
									
								
							
						
							
								
							
								
							
								
							
								
							
								
									
										
									
										
									
										
									
										
											
											<td class="fail">FAIL</td>
										
									
										
									
										
									
										
									
								
							
						
							
								
							
								
							
								
							
								
							
								
									
										
									
										
									
										
									
										
									
										
											
											<td class="fail">FAIL</td>
										
									
										
									
										
									
								
							
						
							
								
							
								
							
								
							
								
							
								
									
										
									
										
									
										
									
										
									
										
									
										
											
											<td class="fail">FAIL</td>
										
									
										
									
								
							
						
							
								
							
								
							
								
							
								
							
								
									
										
									
										
									
										
									
										
									
										
									
										
									
										
											
											<td class="fail">FAIL</td>
										
									
								
							
						
							
								
							
								
							
								
							
								
							
								
									
										
											
											<td class="fail">FAIL</td>
										
									
										
									
										
									
										
									
										
									
										
									
										
									
								
							
						
							
								
							
								
							
								
							
								
							
								
									
										
									
										
											
											<td class="fail">FAIL</td>
										
									
										
									
										
									
										
									
										
									
										
									
								
							
						
					</tr>
					
				</table>

				<h2>Compilation logs</h2>
				
				<h3 id="arduino:avr:uno">arduino:avr:uno @ 1.8.4</h3>
				<h4>Inclusion</h4>
				<p>
					Result: <b>PASS</b>
					
				</p>
				<pre class="pre-scrollable">Sketch uses 3604 bytes (11%) of program storage space. Maximum is 32256 bytes.
Global variables use 435 bytes (21%) of dynamic memory, leaving 1613 bytes for local variables. Maximum is 2048 bytes.
</pre>

					
					<h4>examples/IFTTT</h4>
					<p>
						Result: <b>PASS</b>
					</p>
					<pre class="pre-scrollable">Sketch uses 8608 bytes (26%) of program storage space. Maximum is 32256 bytes.
Global variables use 1409 bytes (68%) of dynamic memory, leaving 639 bytes for local variables. Maximum is 2048 bytes.
</pre>
					
					<h4>examples/SixfabConnect</h4>
					<p>
						Result: <b>PASS</b>
					</p>
					<pre class="pre-scrollable">Sketch uses 8556 bytes (26%) of program storage space. Maximum is 32256 bytes.
Global variables use 1457 bytes (71%) of dynamic memory, leaving 591 bytes for local variables. Maximum is 2048 bytes.
</pre>
					
					<h4>examples/Thingspeak</h4>
					<p>
						Result: <b>PASS</b>
					</p>
					<pre class="pre-scrollable">Sketch uses 7846 bytes (24%) of program storage space. Maximum is 32256 bytes.
Global variables use 1293 bytes (63%) of dynamic memory, leaving 755 bytes for local variables. Maximum is 2048 bytes.
</pre>
					
					<h4>examples/basicTCP</h4>
					<p>
						Result: <b>PASS</b>
					</p>
					<pre class="pre-scrollable">Sketch uses 7582 bytes (23%) of program storage space. Maximum is 32256 bytes.
Global variables use 1125 bytes (54%) of dynamic memory, leaving 923 bytes for local variables. Maximum is 2048 bytes.
</pre>
					
					<h4>examples/basicUDP</h4>
					<p>
						Result: <b>PASS</b>
					</p>
					<pre class="pre-scrollable">Sketch uses 7628 bytes (23%) of program storage space. Maximum is 32256 bytes.
Global variables use 1139 bytes (55%) of dynamic memory, leaving 909 bytes for local variables. Maximum is 2048 bytes.
</pre>
					
					<h4>examples/sendSensorData</h4>
					<p>
						Result: <b>PASS</b>
					</p>
					<pre class="pre-scrollable">Sketch uses 10628 bytes (32%) of program storage space. Maximum is 32256 bytes.
Global variables use 1497 bytes (73%) of dynamic memory, leaving 551 bytes for local variables. Maximum is 2048 bytes.
</pre>
					
					<h4>examples/sensorTest</h4>
					<p>
						Result: <b>PASS</b>
					</p>
					<pre class="pre-scrollable">Sketch uses 9378 bytes (29%) of program storage space. Maximum is 32256 bytes.
Global variables use 905 bytes (44%) of dynamic memory, leaving 1143 bytes for local variables. Maximum is 2048 bytes.
</pre>
					
				
				<h3 id="arduino:mbed_nano:nanorp2040connect">arduino:mbed_nano:nanorp2040connect @ 2.7.2</h3>
				<h4>Inclusion</h4>
				<p>
					Result: <b>FAIL</b>
					
				</p>
				<pre class="pre-scrollable">/home/ec2-user/arduino-testlib/cli-datadir/user/libraries/Dabble/src/SoftwareSerial.cpp:45:10: fatal error: util/delay_basic.h: No such file or directory
 #include &lt;util/delay_basic.h&gt;
          ^~~~~~~~~~~~~~~~~~~~
compilation terminated.
Multiple libraries were found for &#34;SoftwareSerial.h&#34;
  Used: /home/ec2-user/arduino-testlib/cli-datadir/user/libraries/Dabble
  Not used: /home/ec2-user/arduino-testlib/cli-datadir/user/libraries/EspSoftwareSerial
  Not used: /home/ec2-user/arduino-testlib/cli-datadir/user/libraries/Printoo_Library
</pre>

					
					<h4>examples/IFTTT</h4>
					<p>
						Result: <b>FAIL</b>
					</p>
					<pre class="pre-scrollable">/home/ec2-user/arduino-testlib/cli-datadir/user/libraries/Dabble/src/SoftwareSerial.cpp:45:10: fatal error: util/delay_basic.h: No such file or directory
 #include &lt;util/delay_basic.h&gt;
          ^~~~~~~~~~~~~~~~~~~~
compilation terminated.
Multiple libraries were found for &#34;SoftwareSerial.h&#34;
  Used: /home/ec2-user/arduino-testlib/cli-datadir/user/libraries/Dabble
  Not used: /home/ec2-user/arduino-testlib/cli-datadir/user/libraries/Printoo_Library
  Not used: /home/ec2-user/arduino-testlib/cli-datadir/user/libraries/EspSoftwareSerial
</pre>
					
					<h4>examples/SixfabConnect</h4>
					<p>
						Result: <b>FAIL</b>
					</p>
					<pre class="pre-scrollable">/home/ec2-user/arduino-testlib/cli-datadir/user/libraries/Dabble/src/SoftwareSerial.cpp:45:10: fatal error: util/delay_basic.h: No such file or directory
 #include &lt;util/delay_basic.h&gt;
          ^~~~~~~~~~~~~~~~~~~~
compilation terminated.
Multiple libraries were found for &#34;SoftwareSerial.h&#34;
  Used: /home/ec2-user/arduino-testlib/cli-datadir/user/libraries/Dabble
  Not used: /home/ec2-user/arduino-testlib/cli-datadir/user/libraries/Printoo_Library
  Not used: /home/ec2-user/arduino-testlib/cli-datadir/user/libraries/EspSoftwareSerial
</pre>
					
					<h4>examples/Thingspeak</h4>
					<p>
						Result: <b>FAIL</b>
					</p>
					<pre class="pre-scrollable">/home/ec2-user/arduino-testlib/cli-datadir/user/libraries/Dabble/src/SoftwareSerial.cpp:45:10: fatal error: util/delay_basic.h: No such file or directory
 #include &lt;util/delay_basic.h&gt;
          ^~~~~~~~~~~~~~~~~~~~
compilation terminated.
Multiple libraries were found for &#34;SoftwareSerial.h&#34;
  Used: /home/ec2-user/arduino-testlib/cli-datadir/user/libraries/Dabble
  Not used: /home/ec2-user/arduino-testlib/cli-datadir/user/libraries/Printoo_Library
  Not used: /home/ec2-user/arduino-testlib/cli-datadir/user/libraries/EspSoftwareSerial
</pre>
					
					<h4>examples/basicTCP</h4>
					<p>
						Result: <b>FAIL</b>
					</p>
					<pre class="pre-scrollable">/home/ec2-user/arduino-testlib/cli-datadir/user/libraries/Dabble/src/SoftwareSerial.cpp:45:10: fatal error: util/delay_basic.h: No such file or directory
 #include &lt;util/delay_basic.h&gt;
          ^~~~~~~~~~~~~~~~~~~~
compilation terminated.
Multiple libraries were found for &#34;SoftwareSerial.h&#34;
  Used: /home/ec2-user/arduino-testlib/cli-datadir/user/libraries/Dabble
  Not used: /home/ec2-user/arduino-testlib/cli-datadir/user/libraries/EspSoftwareSerial
  Not used: /home/ec2-user/arduino-testlib/cli-datadir/user/libraries/Printoo_Library
</pre>
					
					<h4>examples/basicUDP</h4>
					<p>
						Result: <b>FAIL</b>
					</p>
					<pre class="pre-scrollable">/home/ec2-user/arduino-testlib/cli-datadir/user/libraries/Dabble/src/SoftwareSerial.cpp:45:10: fatal error: util/delay_basic.h: No such file or directory
 #include &lt;util/delay_basic.h&gt;
          ^~~~~~~~~~~~~~~~~~~~
compilation terminated.
Multiple libraries were found for &#34;SoftwareSerial.h&#34;
  Used: /home/ec2-user/arduino-testlib/cli-datadir/user/libraries/Dabble
  Not used: /home/ec2-user/arduino-testlib/cli-datadir/user/libraries/Printoo_Library
  Not used: /home/ec2-user/arduino-testlib/cli-datadir/user/libraries/EspSoftwareSerial
</pre>
					
					<h4>examples/sendSensorData</h4>
					<p>
						Result: <b>FAIL</b>
					</p>
					<pre class="pre-scrollable">/home/ec2-user/arduino-testlib/cli-datadir/user/libraries/Dabble/src/SoftwareSerial.cpp:45:10: fatal error: util/delay_basic.h: No such file or directory
 #include &lt;util/delay_basic.h&gt;
          ^~~~~~~~~~~~~~~~~~~~
compilation terminated.
Multiple libraries were found for &#34;SoftwareSerial.h&#34;
  Used: /home/ec2-user/arduino-testlib/cli-datadir/user/libraries/Dabble
  Not used: /home/ec2-user/arduino-testlib/cli-datadir/user/libraries/EspSoftwareSerial
  Not used: /home/ec2-user/arduino-testlib/cli-datadir/user/libraries/Printoo_Library
</pre>
					
					<h4>examples/sensorTest</h4>
					<p>
						Result: <b>FAIL</b>
					</p>
					<pre class="pre-scrollable">/home/ec2-user/arduino-testlib/cli-datadir/user/libraries/Dabble/src/SoftwareSerial.cpp:45:10: fatal error: util/delay_basic.h: No such file or directory
 #include &lt;util/delay_basic.h&gt;
          ^~~~~~~~~~~~~~~~~~~~
compilation terminated.
Multiple libraries were found for &#34;SoftwareSerial.h&#34;
  Used: /home/ec2-user/arduino-testlib/cli-datadir/user/libraries/Dabble
  Not used: /home/ec2-user/arduino-testlib/cli-datadir/user/libraries/Printoo_Library
  Not used: /home/ec2-user/arduino-testlib/cli-datadir/user/libraries/EspSoftwareSerial
</pre>
					
				
				<h3 id="arduino:megaavr:nona4809">arduino:megaavr:nona4809 @ 1.8.7</h3>
				<h4>Inclusion</h4>
				<p>
					Result: <b>FAIL</b>
					
				</p>
				<pre class="pre-scrollable">In file included from /home/ec2-user/arduino-testlib/cli-datadir/user/libraries/Sixfab_CellularIoT/Sixfab_HDC1080.cpp:2:0:
/home/ec2-user/arduino-testlib/cli-datadir/data/packages/arduino/hardware/megaavr/1.8.7/libraries/Wire/src/Wire.h: In member function &#39;void Sixfab_HDC1080::heatUp(uint8_t)&#39;:
/home/ec2-user/arduino-testlib/cli-datadir/home/ec2-user/arduino-testlib/cli-datadir/user/libraries/Sixfab_CellularIoT/Sixfab_CellularIoT.cpp:44:3: error: &#39;GNSS&#39; was not declared in this scope
   GNSS.begin(115200);
   ^~~~
/home/ec2-user/arduino-testlib/cli-datadir/user/libraries/Sixfab_CellularIoT/Sixfab_CellularIoT.cpp:44:3: note: suggested alternative: &#39;SS&#39;
   GNSS.begin(115200);
   ^~~~
   SS
/home/ec2-user/arduino-testlib/cli-datadir/user/libraries/Sixfab_CellularIoT/Sixfab_CellularIoT.cpp: In member function &#39;void SixfabCellularIoTApp::init()&#39;:
/home/ec2-user/arduino-testlib/cli-datadir/user/libraries/Sixfab_CellularIoT/Sixfab_CellularIoT.cpp:73:3: error: &#39;DEBUG&#39; was not declared in this scope
   DEBUG.begin(115200);
   ^~~~~
/home/ec2-user/arduino-testlib/cli-datadir/user/libraries/Sixfab_CellularIoT/Sixfab_CellularIoT.cpp:74:3: error: &#39;GNSS&#39; was not declared in this scope
   GNSS.begin(115200);
   ^~~~
/home/ec2-user/arduino-testlib/cli-datadir/user/libraries/Sixfab_CellularIoT/Sixfab_CellularIoT.cpp:74:3: note: suggested alternative: &#39;SS&#39;
   GNSS.begin(115200);
   ^~~~
   SS
/home/ec2-user/arduino-testlib/cli-datadir/user/libraries/Sixfab_CellularIoT/Sixfab_CellularIoT.cpp: In member function &#39;const char* SixfabCellularIoT::sendATComm(const char*, const char*)&#39;:
/home/ec2-user/arduino-testlib/cli-datadir/user/libraries/Sixfab_CellularIoT/Sixfab_CellularIoT.cpp:159:7: error: &#39;DEBUG&#39; was not declared in this scope
       DEBUG.write(c);
       ^~~~~
/home/ec2-user/arduino-testlib/cli-datadir/user/libraries/Sixfab_CellularIoT/Sixfab_CellularIoT.cpp: In member function &#39;const char* SixfabCellularIoT::sendDataComm(const char*, const char*)&#39;:
/home/ec2-user/arduino-testlib/cli-datadir/user/libraries/Sixfab_CellularIoT/Sixfab_CellularIoT.cpp:193:7: error: &#39;DEBUG&#39; was not declared in this scope
       DEBUG.write(c);
       ^~~~~
/home/ec2-user/arduino-testlib/cli-datadir/user/libraries/Sixfab_CellularIoT/Sixfab_CellularIoT.cpp: In member function &#39;void SixfabCellularIoT::setMode(uint8_t)&#39;:
/home/ec2-user/arduino-testlib/cli-datadir/user/libraries/Sixfab_CellularIoT/Sixfab_CellularIoT.cpp:309:5: error: &#39;DEBUG&#39; was not declared in this scope
     DEBUG.println(&#34;Modem configuration : AUTO_MODE&#34;);
     ^~~~~
/home/ec2-user/arduino-testlib/cli-datadir/user/libraries/Sixfab_CellularIoT/Sixfab_CellularIoT.cpp:315:5: error: &#39;DEBUG&#39; was not declared in this scope
     DEBUG.println(&#34;Modem configuration : GSM_MODE&#34;);
     ^~~~~
/home/ec2-user/arduino-testlib/cli-datadir/user/libraries/Sixfab_CellularIoT/Sixfab_CellularIoT.cpp:320:5: error: &#39;DEBUG&#39; was not declared in this scope
     DEBUG.println(&#34;Modem configuration : CATM1_MODE&#34;);
     ^~~~~
/home/ec2-user/arduino-testlib/cli-datadir/user/libraries/Sixfab_CellularIoT/Sixfab_CellularIoT.cpp:325:5: error: &#39;DEBUG&#39; was not declared in this scope
     DEBUG.println(&#34;Modem configuration : CATNB1_MODE ( NB-IoT )&#34;);
     ^~~~~
/home/ec2-user/arduino-testlib/cli-datadir/user/libraries/Sixfab_CellularIoT/Sixfab_CellularIoT.cpp: In member function &#39;void SixfabCellularIoT::connectToOperator()&#39;:
/home/ec2-user/arduino-testlib/cli-datadir/user/libraries/Sixfab_CellularIoT/Sixfab_CellularIoT.cpp:397:3: error: &#39;DEBUG&#39; was not declared in this scope
   DEBUG.println(&#34;Trying to connect base station of operator...&#34;);
   ^~~~~
Multiple libraries were found for &#34;SoftwareSerial.h&#34;
  Used: /home/ec2-user/arduino-testlib/cli-datadir/data/packages/arduino/hardware/megaavr/1.8.7/libraries/SoftwareSerial
  Not used: /home/ec2-user/arduino-testlib/cli-datadir/user/libraries/Printoo_Library
  Not used: /home/ec2-user/arduino-testlib/cli-datadir/user/libraries/EspSoftwareSerial
  Not used: /home/ec2-user/arduino-testlib/cli-datadir/user/libraries/Dabble
</pre>

					
					<h4>examples/IFTTT</h4>
					<p>
						Result: <b>FAIL</b>
					</p>
					<pre class="pre-scrollable">In file included from /home/ec2-user/arduino-testlib/cli-datadir/user/libraries/Sixfab_CellularIoT/Sixfab_HDC1080.cpp:2:0:
/home/ec2-user/arduino-testlib/cli-datadir/data/packages/arduino/hardware/megaavr/1.8.7/libraries/Wire/src/Wire.h: In member function &#39;void Sixfab_HDC1080::heatUp(uint8_t)&#39;:
/home/ec2-user/arduino-testlib/cli-datadir/home/ec2-user/arduino-testlib/cli-datadir/user/libraries/Sixfab_CellularIoT/Sixfab_CellularIoT.cpp:44:3: error: &#39;GNSS&#39; was not declared in this scope
   GNSS.begin(115200);t, int);
            ^~~~~~~~~~~
/home/ec2-user/arduino-testlib/cli-datadir/data/packages/arduino/hardware/megaavr/1.8.7/libraries/Wire/src/Wire.h:61:12: note: candidate 2: virtual size_t TwoWire::requestFrom(uint8_t, size_t)
     size_t requestFrom(uint8_t, size_t);
            ^~~~~~~~~~~
/home/ec2-user/arduino-testlib/cli-datadir/data/packages/arduino/hardware/megaavr/1.8.7/libraries/Wire/src/Wire.h: In member function &#39;void MMA8452Q::readRegisters(MMA8452Q_Register, byte*, byte)&#39;:
/home/ec2-user/arduino-testlib/cli-datadir/data/packages/arduino/hardware/megaavr/1.8.7/libraries/Wire/src/Wire.h:63:12: note: candidate 1: size_t TwoWire::requestFrom(int, int)
     size_t requestFrom(int, int);
            ^~~~~~~~~~~
/home/ec2-user/arduino-testlib/cli-datadir/data/packages/arduino/hardware/megaavr/1.8.7/libraries/Wire/src/Wire.h:61:12: note: candidate 2: virtual size_t TwoWire::requestFrom(uint8_t, size_t)
     size_t requestFrom(uint8_t, size_t);
            ^~~~~~~~~~~
Multiple libraries were found for &#34;SoftwareSerial.h&#34;
  Used: /home/ec2-user/arduino-testlib/cli-datadir/data/packages/arduino/hardware/megaavr/1.8.7/libraries/SoftwareSerial
  Not used: /home/ec2-user/arduino-testlib/cli-datadir/user/libraries/EspSoftwareSerial
  Not used: /home/ec2-user/arduino-testlib/cli-datadir/user/libraries/Dabble
  Not used: /home/ec2-user/arduino-testlib/cli-datadir/user/libraries/Printoo_Library
</pre>
					
					<h4>examples/SixfabConnect</h4>
					<p>
						Result: <b>FAIL</b>
					</p>
					<pre class="pre-scrollable">In file included from /home/ec2-user/arduino-testlib/cli-datadir/user/libraries/Sixfab_CellularIoT/Sixfab_HDC1080.cpp:2:0:
/home/ec2-user/arduino-testlib/cli-datadir/data/packages/arduino/hardware/megaavr/1.8.7/libraries/Wire/src/Wire.h: In member function &#39;void Sixfab_HDC1080::heatUp(uint8_t)&#39;:
/home/ec2-user/arduino-testlib/cli-datadir/home/ec2-user/arduino-testlib/cli-datadir/user/libraries/Sixfab_CellularIoT/Sixfab_CellularIoT.cpp:44:3: error: &#39;GNSS&#39; was not declared in this scope
   GNSS.begin(115200);
   ^~~~
/home/ec2-user/arduino-testlib/cli-datadir/user/libraries/Sixfab_CellularIoT/Sixfab_CellularIoT.cpp:44:3: note: suggested alternative: &#39;SS&#39;
   GNSS.begin(115200);
   ^~~~
   SS
/home/ec2-user/arduino-testlib/cli-datadir/user/libraries/Sixfab_CellularIoT/Sixfab_CellularIoT.cpp: In member function &#39;void SixfabCellularIoTApp::init()&#39;:
/home/ec2-user/arduino-testlib/cli-datadir/user/libraries/Sixfab_CellularIoT/Sixfab_CellularIoT.cpp:73:3: error: &#39;DEBUG&#39; was not declared in this scope
   DEBUG.begin(115200);
   ^~~~~
/home/ec2-user/arduino-testlib/cli-datadir/user/libraries/Sixfab_CellularIoT/Sixfab_CellularIoT.cpp:74:3: error: &#39;GNSS&#39; was not declared in this scope
   GNSS.begin(115200);
   ^~~~
/home/ec2-user/arduino-testlib/cli-datadir/user/libraries/Sixfab_CellularIoT/Sixfab_CellularIoT.cpp:74:3: note: suggested alternative: &#39;SS&#39;
   GNSS.begin(115200);
   ^~~~
   SS
/home/ec2-user/arduino-testlib/cli-datadir/user/libraries/Sixfab_CellularIoT/Sixfab_CellularIoT.cpp: In member function &#39;const char* SixfabCellularIoT::sendATComm(const char*, const char*)&#39;:
/home/ec2-user/arduino-testlib/cli-datadir/user/libraries/Sixfab_CellularIoT/Sixfab_CellularIoT.cpp:159:7: error: &#39;DEBUG&#39; was not declared in this scope
       DEBUG.write(c);
       ^~~~~
/home/ec2-user/arduino-testlib/cli-datadir/user/libraries/Sixfab_CellularIoT/Sixfab_CellularIoT.cpp: In member function &#39;const char* SixfabCellularIoT::sendDataComm(const char*, const char*)&#39;:
/home/ec2-user/arduino-testlib/cli-datadir/user/libraries/Sixfab_CellularIoT/Sixfab_CellularIoT.cpp:193:7: error: &#39;DEBUG&#39; was not declared in this scope
       DEBUG.write(c);
       ^~~~~
/home/ec2-user/arduino-testlib/cli-datadir/user/libraries/Sixfab_CellularIoT/Sixfab_CellularIoT.cpp: In member function &#39;void SixfabCellularIoT::setMode(uint8_t)&#39;:
/home/ec2-user/arduino-testlib/cli-datadir/user/libraries/Sixfab_CellularIoT/Sixfab_CellularIoT.cpp:309:5: error: &#39;DEBUG&#39; was not declared in this scope
     DEBUG.println(&#34;Modem configuration : AUTO_MODE&#34;);
     ^~~~~
/home/ec2-user/arduino-testlib/cli-datadir/user/libraries/Sixfab_CellularIoT/Sixfab_CellularIoT.cpp:315:5: error: &#39;DEBUG&#39; was not declared in this scope
     DEBUG.println(&#34;Modem configuration : GSM_MODE&#34;);
     ^~~~~
/home/ec2-user/arduino-testlib/cli-datadir/user/libraries/Sixfab_CellularIoT/Sixfab_CellularIoT.cpp:320:5: error: &#39;DEBUG&#39; was not declared in this scope
     DEBUG.println(&#34;Modem configuration : CATM1_MODE&#34;);
     ^~~~~
/home/ec2-user/arduino-testlib/cli-datadir/user/libraries/Sixfab_CellularIoT/Sixfab_CellularIoT.cpp:325:5: error: &#39;DEBUG&#39; was not declared in this scope
     DEBUG.println(&#34;Modem configuration : CATNB1_MODE ( NB-IoT )&#34;);
     ^~~~~
/home/ec2-user/arduino-testlib/cli-datadir/user/libraries/Sixfab_CellularIoT/Sixfab_CellularIoT.cpp: In member function &#39;void SixfabCellularIoT::connectToOperator()&#39;:
/home/ec2-user/arduino-testlib/cli-datadir/user/libraries/Sixfab_CellularIoT/Sixfab_CellularIoT.cpp:397:3: error: &#39;DEBUG&#39; was not declared in this scope
   DEBUG.println(&#34;Trying to connect base station of operator...&#34;);
   ^~~~~
Multiple libraries were found for &#34;SoftwareSerial.h&#34;
  Used: /home/ec2-user/arduino-testlib/cli-datadir/data/packages/arduino/hardware/megaavr/1.8.7/libraries/SoftwareSerial
  Not used: /home/ec2-user/arduino-testlib/cli-datadir/user/libraries/Dabble
  Not used: /home/ec2-user/arduino-testlib/cli-datadir/user/libraries/Printoo_Library
  Not used: /home/ec2-user/arduino-testlib/cli-datadir/user/libraries/EspSoftwareSerial
</pre>
					
					<h4>examples/Thingspeak</h4>
					<p>
						Result: <b>FAIL</b>
					</p>
					<pre class="pre-scrollable">In file included from /home/ec2-user/arduino-testlib/cli-datadir/user/libraries/Sixfab_CellularIoT/Sixfab_HDC1080.cpp:2:0:
/home/ec2-user/arduino-testlib/cli-datadir/data/packages/arduino/hardware/megaavr/1.8.7/libraries/Wire/src/Wire.h: In member function &#39;void Sixfab_HDC1080::heatUp(uint8_t)&#39;:
/home/ec2-user/arduino-testlib/cli-datadir/home/ec2-user/arduino-testlib/cli-datadir/user/libraries/Sixfab_CellularIoT/Sixfab_CellularIoT.cpp:44:3: error: &#39;GNSS&#39; was not declared in this scope
   GNSS.begin(115200);
   ^~~~
/home/ec2-user/arduino-testlib/cli-datadir/user/libraries/Sixfab_CellularIoT/Sixfab_CellularIoT.cpp:44:3: note: suggested alternative: &#39;SS&#39;
   GNSS.begin(115200);
   ^~~~
   SS
/home/ec2-user/arduino-testlib/cli-datadir/user/libraries/Sixfab_CellularIoT/Sixfab_CellularIoT.cpp: In member function &#39;void SixfabCellularIoTApp::init()&#39;:
/home/ec2-user/arduino-testlib/cli-datadir/user/libraries/Sixfab_CellularIoT/Sixfab_CellularIoT.cpp:73:3: error: &#39;DEBUG&#39; was not declared in this scope
   DEBUG.begin(115200);
   ^~~~~
/home/ec2-user/arduino-testlib/cli-datadir/user/libraries/Sixfab_CellularIoT/Sixfab_CellularIoT.cpp:74:3: error: &#39;GNSS&#39; was not declared in this scope
   GNSS.begin(115200);
   ^~~~
/home/ec2-user/arduino-testlib/cli-datadir/user/libraries/Sixfab_CellularIoT/Sixfab_CellularIoT.cpp:74:3: note: suggested alternative: &#39;SS&#39;
   GNSS.begin(115200);
   ^~~~
   SS
/home/ec2-user/arduino-testlib/cli-datadir/user/libraries/Sixfab_CellularIoT/Sixfab_CellularIoT.cpp: In member function &#39;const char* SixfabCellularIoT::sendATComm(const char*, const char*)&#39;:
/home/ec2-user/arduino-testlib/cli-datadir/user/libraries/Sixfab_CellularIoT/Sixfab_CellularIoT.cpp:159:7: error: &#39;DEBUG&#39; was not declared in this scope
       DEBUG.write(c);
       ^~~~~
/home/ec2-user/arduino-testlib/cli-datadir/user/libraries/Sixfab_CellularIoT/Sixfab_CellularIoT.cpp: In member function &#39;const char* SixfabCellularIoT::sendDataComm(const char*, const char*)&#39;:
/home/ec2-user/arduino-testlib/cli-datadir/user/libraries/Sixfab_CellularIoT/Sixfab_CellularIoT.cpp:193:7: error: &#39;DEBUG&#39; was not declared in this scope
       DEBUG.write(c);
       ^~~~~
/home/ec2-user/arduino-testlib/cli-datadir/user/libraries/Sixfab_CellularIoT/Sixfab_CellularIoT.cpp: In member function &#39;void SixfabCellularIoT::setMode(uint8_t)&#39;:
/home/ec2-user/arduino-testlib/cli-datadir/user/libraries/Sixfab_CellularIoT/Sixfab_CellularIoT.cpp:309:5: error: &#39;DEBUG&#39; was not declared in this scope
     DEBUG.println(&#34;Modem configuration : AUTO_MODE&#34;);
     ^~~~~
/home/ec2-user/arduino-testlib/cli-datadir/user/libraries/Sixfab_CellularIoT/Sixfab_CellularIoT.cpp:315:5: error: &#39;DEBUG&#39; was not declared in this scope
     DEBUG.println(&#34;Modem configuration : GSM_MODE&#34;);
     ^~~~~
/home/ec2-user/arduino-testlib/cli-datadir/user/libraries/Sixfab_CellularIoT/Sixfab_CellularIoT.cpp:320:5: error: &#39;DEBUG&#39; was not declared in this scope
     DEBUG.println(&#34;Modem configuration : CATM1_MODE&#34;);
     ^~~~~
/home/ec2-user/arduino-testlib/cli-datadir/user/libraries/Sixfab_CellularIoT/Sixfab_CellularIoT.cpp:325:5: error: &#39;DEBUG&#39; was not declared in this scope
     DEBUG.println(&#34;Modem configuration : CATNB1_MODE ( NB-IoT )&#34;);
     ^~~~~
/home/ec2-user/arduino-testlib/cli-datadir/user/libraries/Sixfab_CellularIoT/Sixfab_CellularIoT.cpp: In member function &#39;void SixfabCellularIoT::connectToOperator()&#39;:
/home/ec2-user/arduino-testlib/cli-datadir/user/libraries/Sixfab_CellularIoT/Sixfab_CellularIoT.cpp:397:3: error: &#39;DEBUG&#39; was not declared in this scope
   DEBUG.println(&#34;Trying to connect base station of operator...&#34;);
   ^~~~~
Multiple libraries were found for &#34;SoftwareSerial.h&#34;
  Used: /home/ec2-user/arduino-testlib/cli-datadir/data/packages/arduino/hardware/megaavr/1.8.7/libraries/SoftwareSerial
  Not used: /home/ec2-user/arduino-testlib/cli-datadir/user/libraries/Printoo_Library
  Not used: /home/ec2-user/arduino-testlib/cli-datadir/user/libraries/EspSoftwareSerial
  Not used: /home/ec2-user/arduino-testlib/cli-datadir/user/libraries/Dabble
</pre>
					
					<h4>examples/basicTCP</h4>
					<p>
						Result: <b>FAIL</b>
					</p>
					<pre class="pre-scrollable">In file included from /home/ec2-user/arduino-testlib/cli-datadir/user/libraries/Sixfab_CellularIoT/Sixfab_HDC1080.cpp:2:0:
/home/ec2-user/arduino-testlib/cli-datadir/data/packages/arduino/hardware/megaavr/1.8.7/libraries/Wire/src/Wire.h: In member function &#39;void Sixfab_HDC1080::heatUp(uint8_t)&#39;:
/home/ec2-user/arduino-testlib/cli-datadir/home/ec2-user/arduino-testlib/cli-datadir/user/libraries/Sixfab_CellularIoT/Sixfab_CellularIoT.cpp:44:3: error: &#39;GNSS&#39; was not declared in this scope
   GNSS.begin(115200);
   ^~~~
/home/ec2-user/arduino-testlib/cli-datadir/user/libraries/Sixfab_CellularIoT/Sixfab_CellularIoT.cpp:44:3: note: suggested alternative: &#39;SS&#39;
   GNSS.begin(115200);
   ^~~~
   SS
/home/ec2-user/arduino-testlib/cli-datadir/user/libraries/Sixfab_CellularIoT/Sixfab_CellularIoT.cpp: In member function &#39;void SixfabCellularIoTApp::init()&#39;:
/home/ec2-user/arduino-testlib/cli-datadir/user/libraries/Sixfab_CellularIoT/Sixfab_CellularIoT.cpp:73:3: error: &#39;DEBUG&#39; was not declared in this scope
   DEBUG.begin(115200);
   ^~~~~
/home/ec2-user/arduino-testlib/cli-datadir/user/libraries/Sixfab_CellularIoT/Sixfab_CellularIoT.cpp:74:3: error: &#39;GNSS&#39; was not declared in this scope
   GNSS.begin(115200);
   ^~~~
/home/ec2-user/arduino-testlib/cli-datadir/user/libraries/Sixfab_CellularIoT/Sixfab_CellularIoT.cpp:74:3: note: suggested alternative: &#39;SS&#39;
   GNSS.begin(115200);
   ^~~~
   SS
/home/ec2-user/arduino-testlib/cli-datadir/user/libraries/Sixfab_CellularIoT/Sixfab_CellularIoT.cpp: In member function &#39;const char* SixfabCellularIoT::sendATComm(const char*, const char*)&#39;:
/home/ec2-user/arduino-testlib/cli-datadir/user/libraries/Sixfab_CellularIoT/Sixfab_CellularIoT.cpp:159:7: error: &#39;DEBUG&#39; was not declared in this scope
       DEBUG.write(c);
       ^~~~~
/home/ec2-user/arduino-testlib/cli-datadir/user/libraries/Sixfab_CellularIoT/Sixfab_CellularIoT.cpp: In member function &#39;const char* SixfabCellularIoT::sendDataComm(const char*, const char*)&#39;:
/home/ec2-user/arduino-testlib/cli-datadir/user/libraries/Sixfab_CellularIoT/Sixfab_CellularIoT.cpp:193:7: error: &#39;DEBUG&#39; was not declared in this scope
       DEBUG.write(c);
       ^~~~~
/home/ec2-user/arduino-testlib/cli-datadir/user/libraries/Sixfab_CellularIoT/Sixfab_CellularIoT.cpp: In member function &#39;void SixfabCellularIoT::setMode(uint8_t)&#39;:
/home/ec2-user/arduino-testlib/cli-datadir/user/libraries/Sixfab_CellularIoT/Sixfab_CellularIoT.cpp:309:5: error: &#39;DEBUG&#39; was not declared in this scope
     DEBUG.println(&#34;Modem configuration : AUTO_MODE&#34;);
     ^~~~~
/home/ec2-user/arduino-testlib/cli-datadir/user/libraries/Sixfab_CellularIoT/Sixfab_CellularIoT.cpp:315:5: error: &#39;DEBUG&#39; was not declared in this scope
     DEBUG.println(&#34;Modem configuration : GSM_MODE&#34;);
     ^~~~~
/home/ec2-user/arduino-testlib/cli-datadir/user/libraries/Sixfab_CellularIoT/Sixfab_CellularIoT.cpp:320:5: error: &#39;DEBUG&#39; was not declared in this scope
     DEBUG.println(&#34;Modem configuration : CATM1_MODE&#34;);
     ^~~~~
/home/ec2-user/arduino-testlib/cli-datadir/user/libraries/Sixfab_CellularIoT/Sixfab_CellularIoT.cpp:325:5: error: &#39;DEBUG&#39; was not declared in this scope
     DEBUG.println(&#34;Modem configuration : CATNB1_MODE ( NB-IoT )&#34;);
     ^~~~~
/home/ec2-user/arduino-testlib/cli-datadir/user/libraries/Sixfab_CellularIoT/Sixfab_CellularIoT.cpp: In member function &#39;void SixfabCellularIoT::connectToOperator()&#39;:
/home/ec2-user/arduino-testlib/cli-datadir/user/libraries/Sixfab_CellularIoT/Sixfab_CellularIoT.cpp:397:3: error: &#39;DEBUG&#39; was not declared in this scope
   DEBUG.println(&#34;Trying to connect base station of operator...&#34;);
   ^~~~~
Multiple libraries were found for &#34;SoftwareSerial.h&#34;
  Used: /home/ec2-user/arduino-testlib/cli-datadir/data/packages/arduino/hardware/megaavr/1.8.7/libraries/SoftwareSerial
  Not used: /home/ec2-user/arduino-testlib/cli-datadir/user/libraries/Dabble
  Not used: /home/ec2-user/arduino-testlib/cli-datadir/user/libraries/EspSoftwareSerial
  Not used: /home/ec2-user/arduino-testlib/cli-datadir/user/libraries/Printoo_Library
</pre>
					
					<h4>examples/basicUDP</h4>
					<p>
						Result: <b>FAIL</b>
					</p>
					<pre class="pre-scrollable">/home/ec2-user/arduino-testlib/cli-datadir/user/libraries/Sixfab_CellularIoT/Sixfab_CellularIoT.cpp: In member function &#39;void SixfabCellularIoT::init()&#39;:
/home/ec2-user/arduino-testlib/cli-datadir/user/libraries/Sixfab_CellularIoT/Sixfab_CellularIoT.cpp:43:3: error: &#39;DEBUG&#39; was not declared in this scope
   DEBUG.begin(115200);
   ^~~~~
/home/ec2-user/arduino-testlib/cli-datadir/user/libraries/Sixfab_CellularIoT/Sixfab_CellularIoT.cpp:44:3: error: &#39;GNSS&#39; was not declared in this scope
   GNSS.begin(115200);t, int);
            ^~~~~~~~~~~
/home/ec2-user/arduino-testlib/cli-datadir/data/packages/arduino/hardware/megaavr/1.8.7/libraries/Wire/src/Wire.h:61:12: note: candidate 2: virtual size_t TwoWire::requestFrom(uint8_t, size_t)
     size_t requestFrom(uint8_t, size_t);
            ^~~~~~~~~~~
/home/ec2-user/arduino-testlib/cli-datadir/data/packages/arduino/hardware/megaavr/1.8.7/libraries/Wire/src/Wire.h: In member function &#39;void MMA8452Q::readRegisters(MMA8452Q_Register, byte*, byte)&#39;:
/home/ec2-user/arduino-testlib/cli-datadir/data/packages/arduino/hardware/megaavr/1.8.7/libraries/Wire/src/Wire.h:63:12: note: candidate 1: size_t TwoWire::requestFrom(int, int)
     size_t requestFrom(int, int);
            ^~~~~~~~~~~
/home/ec2-user/arduino-testlib/cli-datadir/data/packages/arduino/hardware/megaavr/1.8.7/libraries/Wire/src/Wire.h:61:12: note: candidate 2: virtual size_t TwoWire::requestFrom(uint8_t, size_t)
     size_t requestFrom(uint8_t, size_t);
            ^~~~~~~~~~~
Multiple libraries were found for &#34;SoftwareSerial.h&#34;
  Used: /home/ec2-user/arduino-testlib/cli-datadir/data/packages/arduino/hardware/megaavr/1.8.7/libraries/SoftwareSerial
  Not used: /home/ec2-user/arduino-testlib/cli-datadir/user/libraries/Dabble
  Not used: /home/ec2-user/arduino-testlib/cli-datadir/user/libraries/EspSoftwareSerial
  Not used: /home/ec2-user/arduino-testlib/cli-datadir/user/libraries/Printoo_Library
</pre>
					
					<h4>examples/sendSensorData</h4>
					<p>
						Result: <b>FAIL</b>
					</p>
					<pre class="pre-scrollable">/home/ec2-user/arduino-testlib/cli-datadir/user/libraries/Sixfab_CellularIoT/examples/sendSensorData/sendSensorData.ino: In function &#39;void loop()&#39;:
/home/ec2-user/arduino-testlib/cli-datadir/user/libraries/Sixfab_CellularIoT/examples/sendSensorData/sendSensorData.ino:63:3: error: &#39;DEBUG&#39; was not declared in this scope
   DEBUG.print(data_str);
   ^~~~~
Multiple libraries were found for &#34;SoftwareSerial.h&#34;
  Used: /home/ec2-user/arduino-testlib/cli-datadir/data/packages/arduino/hardware/megaavr/1.8.7/libraries/SoftwareSerial
  Not used: /home/ec2-user/arduino-testlib/cli-datadir/user/libraries/Dabble
  Not used: /home/ec2-user/arduino-testlib/cli-datadir/user/libraries/EspSoftwareSerial
  Not used: /home/ec2-user/arduino-testlib/cli-datadir/user/libraries/Printoo_Library
</pre>
					
					<h4>examples/sensorTest</h4>
					<p>
						Result: <b>FAIL</b>
					</p>
					<pre class="pre-scrollable">/home/ec2-user/arduino-testlib/cli-datadir/user/libraries/Sixfab_CellularIoT/examples/sensorTest/sensorTest.ino: In function &#39;void setup()&#39;:
/home/ec2-user/arduino-testlib/cli-datadir/user/libraries/Sixfab_CellularIoT/examples/sensorTest/sensorTest.ino:29:3: error: &#39;DEBUG&#39; was not declared in this scope
   DEBUG.print(&#34;ax: &#34;); DEBUG.println(ax);
   ^~~~~
Multiple libraries were found for &#34;SoftwareSerial.h&#34;
  Used: /home/ec2-user/arduino-testlib/cli-datadir/data/packages/arduino/hardware/megaavr/1.8.7/libraries/SoftwareSerial
  Not used: /home/ec2-user/arduino-testlib/cli-datadir/user/libraries/Dabble
  Not used: /home/ec2-user/arduino-testlib/cli-datadir/user/libraries/Printoo_Library
  Not used: /home/ec2-user/arduino-testlib/cli-datadir/user/libraries/EspSoftwareSerial
</pre>
					
				
				<h3 id="arduino:samd:mkrwifi1010">arduino:samd:mkrwifi1010 @ 1.8.12</h3>
				<h4>Inclusion</h4>
				<p>
					Result: <b>FAIL</b>
					
				</p>
				<pre class="pre-scrollable">/home/ec2-user/arduino-testlib/cli-datadir/user/libraries/Dabble/src/SoftwareSerial.cpp:45:10: fatal error: util/delay_basic.h: No such file or directory
 #include &lt;util/delay_basic.h&gt;
          ^~~~~~~~~~~~~~~~~~~~
compilation terminated.
Multiple libraries were found for &#34;SoftwareSerial.h&#34;
  Used: /home/ec2-user/arduino-testlib/cli-datadir/user/libraries/Dabble
  Not used: /home/ec2-user/arduino-testlib/cli-datadir/user/libraries/Printoo_Library
  Not used: /home/ec2-user/arduino-testlib/cli-datadir/user/libraries/EspSoftwareSerial
</pre>

					
					<h4>examples/IFTTT</h4>
					<p>
						Result: <b>FAIL</b>
					</p>
					<pre class="pre-scrollable">/home/ec2-user/arduino-testlib/cli-datadir/user/libraries/Dabble/src/SoftwareSerial.cpp:45:10: fatal error: util/delay_basic.h: No such file or directory
 #include &lt;util/delay_basic.h&gt;
          ^~~~~~~~~~~~~~~~~~~~
compilation terminated.
Multiple libraries were found for &#34;SoftwareSerial.h&#34;
  Used: /home/ec2-user/arduino-testlib/cli-datadir/user/libraries/Dabble
  Not used: /home/ec2-user/arduino-testlib/cli-datadir/user/libraries/Printoo_Library
  Not used: /home/ec2-user/arduino-testlib/cli-datadir/user/libraries/EspSoftwareSerial
</pre>
					
					<h4>examples/SixfabConnect</h4>
					<p>
						Result: <b>FAIL</b>
					</p>
					<pre class="pre-scrollable">/home/ec2-user/arduino-testlib/cli-datadir/user/libraries/Dabble/src/SoftwareSerial.cpp:45:10: fatal error: util/delay_basic.h: No such file or directory
 #include &lt;util/delay_basic.h&gt;
          ^~~~~~~~~~~~~~~~~~~~
compilation terminated.
Multiple libraries were found for &#34;SoftwareSerial.h&#34;
  Used: /home/ec2-user/arduino-testlib/cli-datadir/user/libraries/Dabble
  Not used: /home/ec2-user/arduino-testlib/cli-datadir/user/libraries/Printoo_Library
  Not used: /home/ec2-user/arduino-testlib/cli-datadir/user/libraries/EspSoftwareSerial
</pre>
					
					<h4>examples/Thingspeak</h4>
					<p>
						Result: <b>FAIL</b>
					</p>
					<pre class="pre-scrollable">/home/ec2-user/arduino-testlib/cli-datadir/user/libraries/Dabble/src/SoftwareSerial.cpp:45:10: fatal error: util/delay_basic.h: No such file or directory
 #include &lt;util/delay_basic.h&gt;
          ^~~~~~~~~~~~~~~~~~~~
compilation terminated.
Multiple libraries were found for &#34;SoftwareSerial.h&#34;
  Used: /home/ec2-user/arduino-testlib/cli-datadir/user/libraries/Dabble
  Not used: /home/ec2-user/arduino-testlib/cli-datadir/user/libraries/Printoo_Library
  Not used: /home/ec2-user/arduino-testlib/cli-datadir/user/libraries/EspSoftwareSerial
</pre>
					
					<h4>examples/basicTCP</h4>
					<p>
						Result: <b>FAIL</b>
					</p>
					<pre class="pre-scrollable">/home/ec2-user/arduino-testlib/cli-datadir/user/libraries/Dabble/src/SoftwareSerial.cpp:45:10: fatal error: util/delay_basic.h: No such file or directory
 #include &lt;util/delay_basic.h&gt;
          ^~~~~~~~~~~~~~~~~~~~
compilation terminated.
Multiple libraries were found for &#34;SoftwareSerial.h&#34;
  Used: /home/ec2-user/arduino-testlib/cli-datadir/user/libraries/Dabble
  Not used: /home/ec2-user/arduino-testlib/cli-datadir/user/libraries/Printoo_Library
  Not used: /home/ec2-user/arduino-testlib/cli-datadir/user/libraries/EspSoftwareSerial
</pre>
					
					<h4>examples/basicUDP</h4>
					<p>
						Result: <b>FAIL</b>
					</p>
					<pre class="pre-scrollable">/home/ec2-user/arduino-testlib/cli-datadir/user/libraries/Dabble/src/SoftwareSerial.cpp:45:10: fatal error: util/delay_basic.h: No such file or directory
 #include &lt;util/delay_basic.h&gt;
          ^~~~~~~~~~~~~~~~~~~~
compilation terminated.
Multiple libraries were found for &#34;SoftwareSerial.h&#34;
  Used: /home/ec2-user/arduino-testlib/cli-datadir/user/libraries/Dabble
  Not used: /home/ec2-user/arduino-testlib/cli-datadir/user/libraries/Printoo_Library
  Not used: /home/ec2-user/arduino-testlib/cli-datadir/user/libraries/EspSoftwareSerial
</pre>
					
					<h4>examples/sendSensorData</h4>
					<p>
						Result: <b>FAIL</b>
					</p>
					<pre class="pre-scrollable">/home/ec2-user/arduino-testlib/cli-datadir/user/libraries/Dabble/src/SoftwareSerial.cpp:45:10: fatal error: util/delay_basic.h: No such file or directory
 #include &lt;util/delay_basic.h&gt;
          ^~~~~~~~~~~~~~~~~~~~
compilation terminated.
Multiple libraries were found for &#34;SoftwareSerial.h&#34;
  Used: /home/ec2-user/arduino-testlib/cli-datadir/user/libraries/Dabble
  Not used: /home/ec2-user/arduino-testlib/cli-datadir/user/libraries/Printoo_Library
  Not used: /home/ec2-user/arduino-testlib/cli-datadir/user/libraries/EspSoftwareSerial
</pre>
					
					<h4>examples/sensorTest</h4>
					<p>
						Result: <b>FAIL</b>
					</p>
					<pre class="pre-scrollable">/home/ec2-user/arduino-testlib/cli-datadir/user/libraries/Dabble/src/SoftwareSerial.cpp:45:10: fatal error: util/delay_basic.h: No such file or directory
 #include &lt;util/delay_basic.h&gt;
          ^~~~~~~~~~~~~~~~~~~~
compilation terminated.
Multiple libraries were found for &#34;SoftwareSerial.h&#34;
  Used: /home/ec2-user/arduino-testlib/cli-datadir/user/libraries/Dabble
  Not used: /home/ec2-user/arduino-testlib/cli-datadir/user/libraries/Printoo_Library
  Not used: /home/ec2-user/arduino-testlib/cli-datadir/user/libraries/EspSoftwareSerial
</pre>
					
				
				<h3 id="esp32:esp32:d1_mini32">esp32:esp32:d1_mini32 @ 1.0.6</h3>
				<h4>Inclusion</h4>
				<p>
					Result: <b>FAIL</b>
					
				</p>
				<pre class="pre-scrollable">In file included from /home/ec2-user/arduino-testlib/cli-datadir/user/libraries/Sixfab_CellularIoT/Sixfab_CellularIoT.h:25:0,
                 from /tmp/arduino-testlib1341230378/test/test.ino:1:
/home/ec2-user/arduino-testlib/cli-datadir/user/libraries/Sixfab_CellularIoT/Sixfab_MMA8452Q.h:7:11: error: &#39;STATUS&#39; redeclared as different kind of symbol
  STATUS = 0x00,
           ^
In file included from /home/ec2-user/arduino-testlib/cli-datadir/data/packages/esp32/hardware/esp32/1.0.6/tools/sdk/include/freertos/freertos/FreeRTOSConfig.h:120:0,
                 from /home/ec2-user/arduino-testlib/cli-datadir/data/packages/esp32/hardware/esp32/1.0.6/tools/sdk/include/freertos/freertos/FreeRTOS.h:99,
                 from /home/ec2-user/arduino-testlib/cli-datadir/data/packages/esp32/hardware/esp32/1.0.6/cores/esp32/Arduino.h:32,
                 from /tmp/arduino-sketch-A53D485AA15D589DC684E7EEB415099F/sketch/test.ino.cpp:1:
/home/ec2-user/arduino-testlib/cli-datadir/data/packages/esp32/hardware/esp32/1.0.6/tools/sdk/include/esp32/rom/ets_sys.h:635:3: note: previous declaration &#39;typedef enum STATUS STATUS&#39;
 } STATUS;
   ^
Multiple libraries were found for &#34;SoftwareSerial.h&#34;
  Used: /home/ec2-user/arduino-testlib/cli-datadir/user/libraries/EspSoftwareSerial
  Not used: /home/ec2-user/arduino-testlib/cli-datadir/user/libraries/Dabble
  Not used: /home/ec2-user/arduino-testlib/cli-datadir/user/libraries/Printoo_Library
</pre>

					
					<h4>examples/IFTTT</h4>
					<p>
						Result: <b>FAIL</b>
					</p>
					<pre class="pre-scrollable">In file included from /home/ec2-user/arduino-testlib/cli-datadir/user/libraries/Sixfab_CellularIoT/Sixfab_CellularIoT.h:25:0,
                 from /home/ec2-user/arduino-testlib/cli-datadir/user/libraries/Sixfab_CellularIoT/examples/IFTTT/IFTTT.ino:6:
/home/ec2-user/arduino-testlib/cli-datadir/user/libraries/Sixfab_CellularIoT/Sixfab_MMA8452Q.h:7:11: error: &#39;STATUS&#39; redeclared as different kind of symbol
  STATUS = 0x00,
           ^
In file included from /home/ec2-user/arduino-testlib/cli-datadir/data/packages/esp32/hardware/esp32/1.0.6/tools/sdk/include/freertos/freertos/FreeRTOSConfig.h:120:0,
                 from /home/ec2-user/arduino-testlib/cli-datadir/data/packages/esp32/hardware/esp32/1.0.6/tools/sdk/include/freertos/freertos/FreeRTOS.h:99,
                 from /home/ec2-user/arduino-testlib/cli-datadir/data/packages/esp32/hardware/esp32/1.0.6/cores/esp32/Arduino.h:32,
                 from /tmp/arduino-sketch-7D279D76153C296800AADA8C51D60965/sketch/IFTTT.ino.cpp:1:
/home/ec2-user/arduino-testlib/cli-datadir/data/packages/esp32/hardware/esp32/1.0.6/tools/sdk/include/esp32/rom/ets_sys.h:635:3: note: previous declaration &#39;typedef enum STATUS STATUS&#39;
 } STATUS;
   ^
Multiple libraries were found for &#34;SoftwareSerial.h&#34;
  Used: /home/ec2-user/arduino-testlib/cli-datadir/user/libraries/EspSoftwareSerial
  Not used: /home/ec2-user/arduino-testlib/cli-datadir/user/libraries/Printoo_Library
  Not used: /home/ec2-user/arduino-testlib/cli-datadir/user/libraries/Dabble
</pre>
					
					<h4>examples/SixfabConnect</h4>
					<p>
						Result: <b>FAIL</b>
					</p>
					<pre class="pre-scrollable">In file included from /home/ec2-user/arduino-testlib/cli-datadir/user/libraries/Sixfab_CellularIoT/Sixfab_CellularIoT.h:25:0,
                 from /home/ec2-user/arduino-testlib/cli-datadir/user/libraries/Sixfab_CellularIoT/examples/SixfabConnect/SixfabConnect.ino:6:
/home/ec2-user/arduino-testlib/cli-datadir/user/libraries/Sixfab_CellularIoT/Sixfab_MMA8452Q.h:7:11: error: &#39;STATUS&#39; redeclared as different kind of symbol
  STATUS = 0x00,
           ^
In file included from /home/ec2-user/arduino-testlib/cli-datadir/data/packages/esp32/hardware/esp32/1.0.6/tools/sdk/include/freertos/freertos/FreeRTOSConfig.h:120:0,
                 from /home/ec2-user/arduino-testlib/cli-datadir/data/packages/esp32/hardware/esp32/1.0.6/tools/sdk/include/freertos/freertos/FreeRTOS.h:99,
                 from /home/ec2-user/arduino-testlib/cli-datadir/data/packages/esp32/hardware/esp32/1.0.6/cores/esp32/Arduino.h:32,
                 from /tmp/arduino-sketch-1E56CC6390D6B19EADCA383428973E0B/sketch/SixfabConnect.ino.cpp:1:
/home/ec2-user/arduino-testlib/cli-datadir/data/packages/esp32/hardware/esp32/1.0.6/tools/sdk/include/esp32/rom/ets_sys.h:635:3: note: previous declaration &#39;typedef enum STATUS STATUS&#39;
 } STATUS;
   ^
Multiple libraries were found for &#34;SoftwareSerial.h&#34;
  Used: /home/ec2-user/arduino-testlib/cli-datadir/user/libraries/EspSoftwareSerial
  Not used: /home/ec2-user/arduino-testlib/cli-datadir/user/libraries/Dabble
  Not used: /home/ec2-user/arduino-testlib/cli-datadir/user/libraries/Printoo_Library
</pre>
					
					<h4>examples/Thingspeak</h4>
					<p>
						Result: <b>FAIL</b>
					</p>
					<pre class="pre-scrollable">In file included from /home/ec2-user/arduino-testlib/cli-datadir/user/libraries/Sixfab_CellularIoT/Sixfab_CellularIoT.h:25:0,
                 from /home/ec2-user/arduino-testlib/cli-datadir/user/libraries/Sixfab_CellularIoT/examples/Thingspeak/Thingspeak.ino:6:
/home/ec2-user/arduino-testlib/cli-datadir/user/libraries/Sixfab_CellularIoT/Sixfab_MMA8452Q.h:7:11: error: &#39;STATUS&#39; redeclared as different kind of symbol
  STATUS = 0x00,
           ^
In file included from /home/ec2-user/arduino-testlib/cli-datadir/data/packages/esp32/hardware/esp32/1.0.6/tools/sdk/include/freertos/freertos/FreeRTOSConfig.h:120:0,
                 from /home/ec2-user/arduino-testlib/cli-datadir/data/packages/esp32/hardware/esp32/1.0.6/tools/sdk/include/freertos/freertos/FreeRTOS.h:99,
                 from /home/ec2-user/arduino-testlib/cli-datadir/data/packages/esp32/hardware/esp32/1.0.6/cores/esp32/Arduino.h:32,
                 from /tmp/arduino-sketch-1DA1BED7C7025E26669AE35A02314A17/sketch/Thingspeak.ino.cpp:1:
/home/ec2-user/arduino-testlib/cli-datadir/data/packages/esp32/hardware/esp32/1.0.6/tools/sdk/include/esp32/rom/ets_sys.h:635:3: note: previous declaration &#39;typedef enum STATUS STATUS&#39;
 } STATUS;
   ^
Multiple libraries were found for &#34;SoftwareSerial.h&#34;
  Used: /home/ec2-user/arduino-testlib/cli-datadir/user/libraries/EspSoftwareSerial
  Not used: /home/ec2-user/arduino-testlib/cli-datadir/user/libraries/Dabble
  Not used: /home/ec2-user/arduino-testlib/cli-datadir/user/libraries/Printoo_Library
</pre>
					
					<h4>examples/basicTCP</h4>
					<p>
						Result: <b>FAIL</b>
					</p>
					<pre class="pre-scrollable">In file included from /home/ec2-user/arduino-testlib/cli-datadir/user/libraries/Sixfab_CellularIoT/Sixfab_CellularIoT.h:25:0,
                 from /home/ec2-user/arduino-testlib/cli-datadir/user/libraries/Sixfab_CellularIoT/examples/basicTCP/basicTCP.ino:6:
/home/ec2-user/arduino-testlib/cli-datadir/user/libraries/Sixfab_CellularIoT/Sixfab_MMA8452Q.h:7:11: error: &#39;STATUS&#39; redeclared as different kind of symbol
  STATUS = 0x00,
           ^
In file included from /home/ec2-user/arduino-testlib/cli-datadir/data/packages/esp32/hardware/esp32/1.0.6/tools/sdk/include/freertos/freertos/FreeRTOSConfig.h:120:0,
                 from /home/ec2-user/arduino-testlib/cli-datadir/data/packages/esp32/hardware/esp32/1.0.6/tools/sdk/include/freertos/freertos/FreeRTOS.h:99,
                 from /home/ec2-user/arduino-testlib/cli-datadir/data/packages/esp32/hardware/esp32/1.0.6/cores/esp32/Arduino.h:32,
                 from /tmp/arduino-sketch-17944E88E735A6F13115A51D50471D4D/sketch/basicTCP.ino.cpp:1:
/home/ec2-user/arduino-testlib/cli-datadir/data/packages/esp32/hardware/esp32/1.0.6/tools/sdk/include/esp32/rom/ets_sys.h:635:3: note: previous declaration &#39;typedef enum STATUS STATUS&#39;
 } STATUS;
   ^
Multiple libraries were found for &#34;SoftwareSerial.h&#34;
  Used: /home/ec2-user/arduino-testlib/cli-datadir/user/libraries/EspSoftwareSerial
  Not used: /home/ec2-user/arduino-testlib/cli-datadir/user/libraries/Dabble
  Not used: /home/ec2-user/arduino-testlib/cli-datadir/user/libraries/Printoo_Library
</pre>
					
					<h4>examples/basicUDP</h4>
					<p>
						Result: <b>FAIL</b>
					</p>
					<pre class="pre-scrollable">In file included from /home/ec2-user/arduino-testlib/cli-datadir/user/libraries/Sixfab_CellularIoT/Sixfab_CellularIoT.h:25:0,
                 from /home/ec2-user/arduino-testlib/cli-datadir/user/libraries/Sixfab_CellularIoT/examples/basicUDP/basicUDP.ino:6:
/home/ec2-user/arduino-testlib/cli-datadir/user/libraries/Sixfab_CellularIoT/Sixfab_MMA8452Q.h:7:11: error: &#39;STATUS&#39; redeclared as different kind of symbol
  STATUS = 0x00,
           ^
In file included from /home/ec2-user/arduino-testlib/cli-datadir/data/packages/esp32/hardware/esp32/1.0.6/tools/sdk/include/freertos/freertos/FreeRTOSConfig.h:120:0,
                 from /home/ec2-user/arduino-testlib/cli-datadir/data/packages/esp32/hardware/esp32/1.0.6/tools/sdk/include/freertos/freertos/FreeRTOS.h:99,
                 from /home/ec2-user/arduino-testlib/cli-datadir/data/packages/esp32/hardware/esp32/1.0.6/cores/esp32/Arduino.h:32,
                 from /tmp/arduino-sketch-2AAB5288A5BB63B06CBBD98504C05158/sketch/basicUDP.ino.cpp:1:
/home/ec2-user/arduino-testlib/cli-datadir/data/packages/esp32/hardware/esp32/1.0.6/tools/sdk/include/esp32/rom/ets_sys.h:635:3: note: previous declaration &#39;typedef enum STATUS STATUS&#39;
 } STATUS;
   ^
Multiple libraries were found for &#34;SoftwareSerial.h&#34;
  Used: /home/ec2-user/arduino-testlib/cli-datadir/user/libraries/EspSoftwareSerial
  Not used: /home/ec2-user/arduino-testlib/cli-datadir/user/libraries/Printoo_Library
  Not used: /home/ec2-user/arduino-testlib/cli-datadir/user/libraries/Dabble
</pre>
					
					<h4>examples/sendSensorData</h4>
					<p>
						Result: <b>FAIL</b>
					</p>
					<pre class="pre-scrollable">In file included from /home/ec2-user/arduino-testlib/cli-datadir/user/libraries/Sixfab_CellularIoT/Sixfab_CellularIoT.h:25:0,
                 from /home/ec2-user/arduino-testlib/cli-datadir/user/libraries/Sixfab_CellularIoT/examples/sendSensorData/sendSensorData.ino:10:
/home/ec2-user/arduino-testlib/cli-datadir/user/libraries/Sixfab_CellularIoT/Sixfab_MMA8452Q.h:7:11: error: &#39;STATUS&#39; redeclared as different kind of symbol
  STATUS = 0x00,
           ^
In file included from /home/ec2-user/arduino-testlib/cli-datadir/data/packages/esp32/hardware/esp32/1.0.6/tools/sdk/include/freertos/freertos/FreeRTOSConfig.h:120:0,
                 from /home/ec2-user/arduino-testlib/cli-datadir/data/packages/esp32/hardware/esp32/1.0.6/tools/sdk/include/freertos/freertos/FreeRTOS.h:99,
                 from /home/ec2-user/arduino-testlib/cli-datadir/data/packages/esp32/hardware/esp32/1.0.6/cores/esp32/Arduino.h:32,
                 from /tmp/arduino-sketch-E2CECF2ECF11F08BD7F484BDD298BC86/sketch/sendSensorData.ino.cpp:1:
/home/ec2-user/arduino-testlib/cli-datadir/data/packages/esp32/hardware/esp32/1.0.6/tools/sdk/include/esp32/rom/ets_sys.h:635:3: note: previous declaration &#39;typedef enum STATUS STATUS&#39;
 } STATUS;
   ^
/home/ec2-user/arduino-testlib/cli-datadir/user/libraries/Sixfab_CellularIoT/examples/sendSensorData/sendSensorData.ino: In function &#39;void loop()&#39;:
/home/ec2-user/arduino-testlib/cli-datadir/user/libraries/Sixfab_CellularIoT/examples/sendSensorData/sendSensorData.ino:63:3: error: &#39;DEBUG&#39; was not declared in this scope
   DEBUG.print(data_str);
   ^
Multiple libraries were found for &#34;SoftwareSerial.h&#34;
  Used: /home/ec2-user/arduino-testlib/cli-datadir/user/libraries/EspSoftwareSerial
  Not used: /home/ec2-user/arduino-testlib/cli-datadir/user/libraries/Dabble
  Not used: /home/ec2-user/arduino-testlib/cli-datadir/user/libraries/Printoo_Library
</pre>
					
					<h4>examples/sensorTest</h4>
					<p>
						Result: <b>FAIL</b>
					</p>
					<pre class="pre-scrollable">In file included from /home/ec2-user/arduino-testlib/cli-datadir/user/libraries/Sixfab_CellularIoT/Sixfab_CellularIoT.h:25:0,
                 from /home/ec2-user/arduino-testlib/cli-datadir/user/libraries/Sixfab_CellularIoT/examples/sensorTest/sensorTest.ino:8:
/home/ec2-user/arduino-testlib/cli-datadir/user/libraries/Sixfab_CellularIoT/Sixfab_MMA8452Q.h:7:11: error: &#39;STATUS&#39; redeclared as different kind of symbol
  STATUS = 0x00,
           ^
In file included from /home/ec2-user/arduino-testlib/cli-datadir/data/packages/esp32/hardware/esp32/1.0.6/tools/sdk/include/freertos/freertos/FreeRTOSConfig.h:120:0,
                 from /home/ec2-user/arduino-testlib/cli-datadir/data/packages/esp32/hardware/esp32/1.0.6/tools/sdk/include/freertos/freertos/FreeRTOS.h:99,
                 from /home/ec2-user/arduino-testlib/cli-datadir/data/packages/esp32/hardware/esp32/1.0.6/cores/esp32/Arduino.h:32,
                 from /tmp/arduino-sketch-08F72A607EB7AE5BC5400FF598F8E860/sketch/sensorTest.ino.cpp:1:
/home/ec2-user/arduino-testlib/cli-datadir/data/packages/esp32/hardware/esp32/1.0.6/tools/sdk/include/esp32/rom/ets_sys.h:635:3: note: previous declaration &#39;typedef enum STATUS STATUS&#39;
 } STATUS;
   ^
/home/ec2-user/arduino-testlib/cli-datadir/user/libraries/Sixfab_CellularIoT/examples/sensorTest/sensorTest.ino: In function &#39;void setup()&#39;:
/home/ec2-user/arduino-testlib/cli-datadir/user/libraries/Sixfab_CellularIoT/examples/sensorTest/sensorTest.ino:29:3: error: &#39;DEBUG&#39; was not declared in this scope
   DEBUG.print(&#34;ax: &#34;); DEBUG.println(ax);
   ^
Multiple libraries were found for &#34;SoftwareSerial.h&#34;
  Used: /home/ec2-user/arduino-testlib/cli-datadir/user/libraries/EspSoftwareSerial
  Not used: /home/ec2-user/arduino-testlib/cli-datadir/user/libraries/Printoo_Library
  Not used: /home/ec2-user/arduino-testlib/cli-datadir/user/libraries/Dabble
</pre>
					
				
			</div>
		</div>
	</div>
  </body>
</html>
