
<!doctype html>
<html lang="en">
  <head>
    <meta charset="utf-8">
    <meta name="viewport" content="width=device-width, initial-scale=1">
    <link href="https://cdn.jsdelivr.net/npm/bootstrap@5.0.2/dist/css/bootstrap.min.css" rel="stylesheet" integrity="sha384-EVSTQN3/azprG1Anm3QDgpJLIm9Nao0Yz1ztcQTwFspd3yD65VohhpuuCOmLASjC" crossorigin="anonymous">
    <title>arduino-testlib report</title>
	<style>
	.pass { background-color: #00FF00 !important; }
	.fail { background-color: #FF0000 !important; }
	</style>
  </head>
  <body>
	<div class="container">
		<div class="row">
			<div class="col">
				<h1>Smartcar shield - compatibility matrix</h1>
				<p>
					<small>This report was generated on Wednesday, 23-Feb-22 22:48:15 CET using 
					<a href="https://github.com/alranel/arduino-testlib">arduino-testlib</a>.</small>
				</p>

				<h2>Smartcar shield</h2>
				<p>
					Version: <b>7.0.1</b>
					<br />
					<a href="https://www.arduino.cc/reference/en/libraries/smartcar-shield/">More details</a>
				</p>

				<h2>Compatibility matrix</h2>
				<table class="table table-bordered">
					<tr>
						<th>Board</th>
						<th>Claims compatibility</th>
						<th>Inclusion</th>
						
						<th><pre>BareMinimum</pre></th>
						
						<th><pre>Car</pre></th>
						
						<th><pre>sensors</pre></th>
						
					</tr>
					
					<tr>
						<td>
							<a href="#arduino%3aavr%3auno"><b>arduino:avr:uno</b></a>
							<br />
							<small>1.8.4</small>
						</td>

						
							<td>Yes</td>
							<td class="pass">PASS</td>
						
						
						
						

						
							
								
									
										
											<td class="pass">PASS</td>
											
										
									
										
									
										
									
								
							
								
							
								
							
								
							
								
							
						
							
								
									
										
									
										
											
											<td class="fail">FAIL</td>
										
									
										
									
								
							
								
							
								
							
								
							
								
							
						
							
								
									
										
									
										
									
										
											
											<td class="fail">FAIL</td>
										
									
								
							
								
							
								
							
								
							
								
							
						
					</tr>
					
					<tr>
						<td>
							<a href="#arduino%3ambed_nano%3ananorp2040connect"><b>arduino:mbed_nano:nanorp2040connect</b></a>
							<br />
							<small>2.7.2</small>
						</td>

						
						
						
							<td>Yes ⚠️</td>
							<td class="fail">FAIL</td>
						
						

						
							
								
							
								
									
										
											
											<td class="fail">FAIL</td>
										
									
										
									
										
									
								
							
								
							
								
							
								
							
						
							
								
							
								
									
										
									
										
											
											<td class="fail">FAIL</td>
										
									
										
									
								
							
								
							
								
							
								
							
						
							
								
							
								
									
										
									
										
									
										
											
											<td class="fail">FAIL</td>
										
									
								
							
								
							
								
							
								
							
						
					</tr>
					
					<tr>
						<td>
							<a href="#arduino%3amegaavr%3anona4809"><b>arduino:megaavr:nona4809</b></a>
							<br />
							<small>1.8.7</small>
						</td>

						
						
						
							<td>Yes ⚠️</td>
							<td class="fail">FAIL</td>
						
						

						
							
								
							
								
							
								
									
										
											
											<td class="fail">FAIL</td>
										
									
										
									
										
									
								
							
								
							
								
							
						
							
								
							
								
							
								
									
										
									
										
											
											<td class="fail">FAIL</td>
										
									
										
									
								
							
								
							
								
							
						
							
								
							
								
							
								
									
										
									
										
									
										
											
											<td class="fail">FAIL</td>
										
									
								
							
								
							
								
							
						
					</tr>
					
					<tr>
						<td>
							<a href="#arduino%3asamd%3amkrwifi1010"><b>arduino:samd:mkrwifi1010</b></a>
							<br />
							<small>1.8.12</small>
						</td>

						
						
						
							<td>Yes ⚠️</td>
							<td class="fail">FAIL</td>
						
						

						
							
								
							
								
							
								
							
								
									
										
											
											<td class="fail">FAIL</td>
										
									
										
									
										
									
								
							
								
							
						
							
								
							
								
							
								
							
								
									
										
									
										
											
											<td class="fail">FAIL</td>
										
									
										
									
								
							
								
							
						
							
								
							
								
							
								
							
								
									
										
									
										
									
										
											
											<td class="fail">FAIL</td>
										
									
								
							
								
							
						
					</tr>
					
					<tr>
						<td>
							<a href="#esp32%3aesp32%3ad1_mini32"><b>esp32:esp32:d1_mini32</b></a>
							<br />
							<small>1.0.6</small>
						</td>

						
							<td>Yes</td>
							<td class="pass">PASS</td>
						
						
						
						

						
							
								
							
								
							
								
							
								
							
								
									
										
											<td class="pass">PASS</td>
											
										
									
										
									
										
									
								
							
						
							
								
							
								
							
								
							
								
							
								
									
										
									
										
											
											<td class="fail">FAIL</td>
										
									
										
									
								
							
						
							
								
							
								
							
								
							
								
							
								
									
										
									
										
									
										
											
											<td class="fail">FAIL</td>
										
									
								
							
						
					</tr>
					
				</table>

				<h2>Compilation logs</h2>
				
				<h3 id="arduino:avr:uno">arduino:avr:uno @ 1.8.4</h3>
				<h4>Inclusion</h4>
				<p>
					Result: <b>PASS</b>
					
					<br />This library has no main header file so an empty one was created.
					
				</p>
				<pre class="pre-scrollable">Sketch uses 2020 bytes (6%) of program storage space. Maximum is 32256 bytes.
Global variables use 163 bytes (7%) of dynamic memory, leaving 1885 bytes for local variables. Maximum is 2048 bytes.
</pre>

					
					<h4>examples/BareMinimum</h4>
					<p>
						Result: <b>PASS</b>
					</p>
					<pre class="pre-scrollable">Sketch uses 2020 bytes (6%) of program storage space. Maximum is 32256 bytes.
Global variables use 163 bytes (7%) of dynamic memory, leaving 1885 bytes for local variables. Maximum is 2048 bytes.
</pre>
					
					<h4>examples/Car</h4>
					<p>
						Result: <b>FAIL</b>
					</p>
					<pre class="pre-scrollable"></pre>
					
					<h4>examples/sensors</h4>
					<p>
						Result: <b>FAIL</b>
					</p>
					<pre class="pre-scrollable"></pre>
					
				
				<h3 id="arduino:mbed_nano:nanorp2040connect">arduino:mbed_nano:nanorp2040connect @ 2.7.2</h3>
				<h4>Inclusion</h4>
				<p>
					Result: <b>FAIL</b>
					
					<br />This library has no main header file so an empty one was created.
					
				</p>
				<pre class="pre-scrollable">/home/ec2-user/arduino-testlib/cli-datadir/user/libraries/Smartcar_shield/src/runtime/arduino_runtime/ArduinoRuntime.cpp: In member function &#39;virtual void ArduinoRuntime::setInterrupt(uint8_t, InterruptCallback, int)&#39;:
/home/ec2-user/arduino-testlib/cli-datadir/user/libraries/Smartcar_shield/src/runtime/arduino_runtime/ArduinoRuntime.cpp:110:40: error: no matching function for call to &#39;attachInterrupt(uint8_t&amp;, void (*&amp;)(), int&amp;)&#39;
     attachInterrupt(pin, callback, mode);
                                        ^
In file included from /home/ec2-user/arduino-testlib/cli-datadir/data/packages/arduino/hardware/mbed_nano/2.7.2/variants/NANO_RP2040_CONNECT/pinmode_arduino.h:30:0,
                 from /home/ec2-user/arduino-testlib/cli-datadir/data/packages/arduino/hardware/mbed_nano/2.7.2/cores/arduino/Arduino.h:26,
                 from /home/ec2-user/arduino-testlib/cli-datadir/user/libraries/Smartcar_shield/src/runtime/arduino_runtime/ArduinoRuntime.cpp:2:
/home/ec2-user/arduino-testlib/cli-datadir/data/packages/arduino/hardware/mbed_nano/2.7.2/cores/arduino/api/Common.h:112:6: note: candidate: void attachInterrupt(pin_size_t, voidFuncPtr, PinStatus) &lt;near match&gt;
 void attachInterrupt(pin_size_t interruptNumber, voidFuncPtr callback, PinStatus mode);
      ^~~~~~~~~~~~~~~
/home/ec2-user/arduino-testlib/cli-datadir/data/packages/arduino/hardware/mbed_nano/2.7.2/cores/arduino/api/Common.h:112:6: note:   conversion of argument 3 would be ill-formed:
/home/ec2-user/arduino-testlib/cli-datadir/user/libraries/Smartcar_shield/src/runtime/arduino_runtime/ArduinoRuntime.cpp:110:40: error: invalid conversion from &#39;int&#39; to &#39;PinStatus&#39; [-fpermissive]
     attachInterrupt(pin, callback, mode);
                                        ^
In file included from /home/ec2-user/arduino-testlib/cli-datadir/data/packages/arduino/hardware/mbed_nano/2.7.2/cores/arduino/Arduino.h:115:0,
                 from /home/ec2-user/arduino-testlib/cli-datadir/user/libraries/Smartcar_shield/src/runtime/arduino_runtime/ArduinoRuntime.cpp:2:
/home/ec2-user/arduino-testlib/cli-datadir/data/packages/arduino/hardware/mbed_nano/2.7.2/cores/arduino/overloads.h:35:6: note: candidate: void attachInterrupt(PinName, voidFuncPtr, PinStatus) &lt;near match&gt;
 void attachInterrupt(PinName interruptNumber, voidFuncPtr callback, PinStatus mode);
      ^~~~~~~~~~~~~~~
/home/ec2-user/arduino-testlib/cli-datadir/data/packages/arduino/hardware/mbed_nano/2.7.2/cores/arduino/overloads.h:35:6: note:   conversion of argument 3 would be ill-formed:
/home/ec2-user/arduino-testlib/cli-datadir/user/libraries/Smartcar_shield/src/runtime/arduino_runtime/ArduinoRuntime.cpp:110:40: error: invalid conversion from &#39;int&#39; to &#39;PinStatus&#39; [-fpermissive]
     attachInterrupt(pin, callback, mode);
                                        ^
In file included from /home/ec2-user/arduino-testlib/cli-datadir/data/packages/arduino/hardware/mbed_nano/2.7.2/cores/arduino/api/ArduinoAPI.h:29:0,
                 from /home/ec2-user/arduino-testlib/cli-datadir/data/packages/arduino/hardware/mbed_nano/2.7.2/cores/arduino/Arduino.h:27,
                 from /home/ec2-user/arduino-testlib/cli-datadir/user/libraries/Smartcar_shield/src/runtime/arduino_runtime/ArduinoRuntime.cpp:2:
/home/ec2-user/arduino-testlib/cli-datadir/data/packages/arduino/hardware/mbed_nano/2.7.2/cores/arduino/api/Interrupts.h:38:27: note: candidate: template&lt;class T&gt; void arduino::attachInterrupt(pin_size_t, arduino::voidTemplateFuncPtrParam&lt;T*&gt;, PinStatus, T*)
 template&lt;typename T&gt; void attachInterrupt(pin_size_t interruptNum, voidTemplateFuncPtrParam&lt;T*&gt; userFunc, PinStatus mode, T* param) {
                           ^~~~~~~~~~~~~~~
/home/ec2-user/arduino-testlib/cli-datadir/data/packages/arduino/hardware/mbed_nano/2.7.2/cores/arduino/api/Interrupts.h:38:27: note:   template argument deduction/substitution failed:
/home/ec2-user/arduino-testlib/cli-datadir/user/libraries/Smartcar_shield/src/runtime/arduino_runtime/ArduinoRuntime.cpp:110:40: note:   candidate expects 1 argument, 0 provided
     attachInterrupt(pin, callback, mode);
                                        ^
In file included from /home/ec2-user/arduino-testlib/cli-datadir/data/packages/arduino/hardware/mbed_nano/2.7.2/cores/arduino/api/ArduinoAPI.h:29:0,
                 from /home/ec2-user/arduino-testlib/cli-datadir/data/packages/arduino/hardware/mbed_nano/2.7.2/cores/arduino/Arduino.h:27,
                 from /home/ec2-user/arduino-testlib/cli-datadir/user/libraries/Smartcar_shield/src/runtime/arduino_runtime/ArduinoRuntime.cpp:2:
/home/ec2-user/arduino-testlib/cli-datadir/data/packages/arduino/hardware/mbed_nano/2.7.2/cores/arduino/api/Interrupts.h:21:27: note: candidate: template&lt;class T&gt; void arduino::attachInterrupt(pin_size_t, arduino::voidTemplateFuncPtrParam&lt;T&gt;, PinStatus, T&amp;)
 template&lt;typename T&gt; void attachInterrupt(pin_size_t interruptNum, voidTemplateFuncPtrParam&lt;T&gt; userFunc, PinStatus mode, T&amp; param) {
                           ^~~~~~~~~~~~~~~
/home/ec2-user/arduino-testlib/cli-datadir/data/packages/arduino/hardware/mbed_nano/2.7.2/cores/arduino/api/Interrupts.h:21:27: note:   template argument deduction/substitution failed:
/home/ec2-user/arduino-testlib/cli-datadir/user/libraries/Smartcar_shield/src/runtime/arduino_runtime/ArduinoRuntime.cpp:110:40: note:   candidate expects 1 argument, 0 provided
     attachInterrupt(pin, callback, mode);
                                        ^
Multiple libraries were found for &#34;Servo.h&#34;
  Used: /home/ec2-user/arduino-testlib/cli-datadir/user/libraries/Servo
  Not used: /home/ec2-user/arduino-testlib/cli-datadir/user/libraries/evive
  Not used: /home/ec2-user/arduino-testlib/cli-datadir/user/libraries/Printoo_Library
  Not used: /home/ec2-user/arduino-testlib/cli-datadir/user/libraries/ServoESP32
  Not used: /home/ec2-user/arduino-testlib/cli-datadir/user/libraries/RokitSmart
  Not used: /home/ec2-user/arduino-testlib/cli-datadir/user/libraries/XMC_Servo
</pre>

					
					<h4>examples/BareMinimum</h4>
					<p>
						Result: <b>FAIL</b>
					</p>
					<pre class="pre-scrollable">/home/ec2-user/arduino-testlib/cli-datadir/user/libraries/Smartcar_shield/src/runtime/arduino_runtime/ArduinoRuntime.cpp: In member function &#39;virtual void ArduinoRuntime::setInterrupt(uint8_t, InterruptCallback, int)&#39;:
/home/ec2-user/arduino-testlib/cli-datadir/user/libraries/Smartcar_shield/src/runtime/arduino_runtime/ArduinoRuntime.cpp:110:40: error: no matching function for call to &#39;attachInterrupt(uint8_t&amp;, void (*&amp;)(), int&amp;)&#39;
     attachInterrupt(pin, callback, mode);
                                        ^
In file included from /home/ec2-user/arduino-testlib/cli-datadir/data/packages/arduino/hardware/mbed_nano/2.7.2/variants/NANO_RP2040_CONNECT/pinmode_arduino.h:30:0,
                 from /home/ec2-user/arduino-testlib/cli-datadir/data/packages/arduino/hardware/mbed_nano/2.7.2/cores/arduino/Arduino.h:26,
                 from /home/ec2-user/arduino-testlib/cli-datadir/user/libraries/Smartcar_shield/src/runtime/arduino_runtime/ArduinoRuntime.cpp:2:
/home/ec2-user/arduino-testlib/cli-datadir/data/packages/arduino/hardware/mbed_nano/2.7.2/cores/arduino/api/Common.h:112:6: note: candidate: void attachInterrupt(pin_size_t, voidFuncPtr, PinStatus) &lt;near match&gt;
 void attachInterrupt(pin_size_t interruptNumber, voidFuncPtr callback, PinStatus mode);
      ^~~~~~~~~~~~~~~
/home/ec2-user/arduino-testlib/cli-datadir/data/packages/arduino/hardware/mbed_nano/2.7.2/cores/arduino/api/Common.h:112:6: note:   conversion of argument 3 would be ill-formed:
/home/ec2-user/arduino-testlib/cli-datadir/user/libraries/Smartcar_shield/src/runtime/arduino_runtime/ArduinoRuntime.cpp:110:40: error: invalid conversion from &#39;int&#39; to &#39;PinStatus&#39; [-fpermissive]
     attachInterrupt(pin, callback, mode);
                                        ^
In file included from /home/ec2-user/arduino-testlib/cli-datadir/data/packages/arduino/hardware/mbed_nano/2.7.2/cores/arduino/Arduino.h:115:0,
                 from /home/ec2-user/arduino-testlib/cli-datadir/user/libraries/Smartcar_shield/src/runtime/arduino_runtime/ArduinoRuntime.cpp:2:
/home/ec2-user/arduino-testlib/cli-datadir/data/packages/arduino/hardware/mbed_nano/2.7.2/cores/arduino/overloads.h:35:6: note: candidate: void attachInterrupt(PinName, voidFuncPtr, PinStatus) &lt;near match&gt;
 void attachInterrupt(PinName interruptNumber, voidFuncPtr callback, PinStatus mode);
      ^~~~~~~~~~~~~~~
/home/ec2-user/arduino-testlib/cli-datadir/data/packages/arduino/hardware/mbed_nano/2.7.2/cores/arduino/overloads.h:35:6: note:   conversion of argument 3 would be ill-formed:
/home/ec2-user/arduino-testlib/cli-datadir/user/libraries/Smartcar_shield/src/runtime/arduino_runtime/ArduinoRuntime.cpp:110:40: error: invalid conversion from &#39;int&#39; to &#39;PinStatus&#39; [-fpermissive]
     attachInterrupt(pin, callback, mode);
                                        ^
In file included from /home/ec2-user/arduino-testlib/cli-datadir/data/packages/arduino/hardware/mbed_nano/2.7.2/cores/arduino/api/ArduinoAPI.h:29:0,
                 from /home/ec2-user/arduino-testlib/cli-datadir/data/packages/arduino/hardware/mbed_nano/2.7.2/cores/arduino/Arduino.h:27,
                 from /home/ec2-user/arduino-testlib/cli-datadir/user/libraries/Smartcar_shield/src/runtime/arduino_runtime/ArduinoRuntime.cpp:2:
/home/ec2-user/arduino-testlib/cli-datadir/data/packages/arduino/hardware/mbed_nano/2.7.2/cores/arduino/api/Interrupts.h:38:27: note: candidate: template&lt;class T&gt; void arduino::attachInterrupt(pin_size_t, arduino::voidTemplateFuncPtrParam&lt;T*&gt;, PinStatus, T*)
 template&lt;typename T&gt; void attachInterrupt(pin_size_t interruptNum, voidTemplateFuncPtrParam&lt;T*&gt; userFunc, PinStatus mode, T* param) {
                           ^~~~~~~~~~~~~~~
/home/ec2-user/arduino-testlib/cli-datadir/data/packages/arduino/hardware/mbed_nano/2.7.2/cores/arduino/api/Interrupts.h:38:27: note:   template argument deduction/substitution failed:
/home/ec2-user/arduino-testlib/cli-datadir/user/libraries/Smartcar_shield/src/runtime/arduino_runtime/ArduinoRuntime.cpp:110:40: note:   candidate expects 1 argument, 0 provided
     attachInterrupt(pin, callback, mode);
                                        ^
In file included from /home/ec2-user/arduino-testlib/cli-datadir/data/packages/arduino/hardware/mbed_nano/2.7.2/cores/arduino/api/ArduinoAPI.h:29:0,
                 from /home/ec2-user/arduino-testlib/cli-datadir/data/packages/arduino/hardware/mbed_nano/2.7.2/cores/arduino/Arduino.h:27,
                 from /home/ec2-user/arduino-testlib/cli-datadir/user/libraries/Smartcar_shield/src/runtime/arduino_runtime/ArduinoRuntime.cpp:2:
/home/ec2-user/arduino-testlib/cli-datadir/data/packages/arduino/hardware/mbed_nano/2.7.2/cores/arduino/api/Interrupts.h:21:27: note: candidate: template&lt;class T&gt; void arduino::attachInterrupt(pin_size_t, arduino::voidTemplateFuncPtrParam&lt;T&gt;, PinStatus, T&amp;)
 template&lt;typename T&gt; void attachInterrupt(pin_size_t interruptNum, voidTemplateFuncPtrParam&lt;T&gt; userFunc, PinStatus mode, T&amp; param) {
                           ^~~~~~~~~~~~~~~
/home/ec2-user/arduino-testlib/cli-datadir/data/packages/arduino/hardware/mbed_nano/2.7.2/cores/arduino/api/Interrupts.h:21:27: note:   template argument deduction/substitution failed:
/home/ec2-user/arduino-testlib/cli-datadir/user/libraries/Smartcar_shield/src/runtime/arduino_runtime/ArduinoRuntime.cpp:110:40: note:   candidate expects 1 argument, 0 provided
     attachInterrupt(pin, callback, mode);
                                        ^
Multiple libraries were found for &#34;Servo.h&#34;
  Used: /home/ec2-user/arduino-testlib/cli-datadir/user/libraries/Servo
  Not used: /home/ec2-user/arduino-testlib/cli-datadir/user/libraries/RokitSmart
  Not used: /home/ec2-user/arduino-testlib/cli-datadir/user/libraries/XMC_Servo
  Not used: /home/ec2-user/arduino-testlib/cli-datadir/user/libraries/ServoESP32
  Not used: /home/ec2-user/arduino-testlib/cli-datadir/user/libraries/Printoo_Library
  Not used: /home/ec2-user/arduino-testlib/cli-datadir/user/libraries/evive
</pre>
					
					<h4>examples/Car</h4>
					<p>
						Result: <b>FAIL</b>
					</p>
					<pre class="pre-scrollable"></pre>
					
					<h4>examples/sensors</h4>
					<p>
						Result: <b>FAIL</b>
					</p>
					<pre class="pre-scrollable"></pre>
					
				
				<h3 id="arduino:megaavr:nona4809">arduino:megaavr:nona4809 @ 1.8.7</h3>
				<h4>Inclusion</h4>
				<p>
					Result: <b>FAIL</b>
					
					<br />This library has no main header file so an empty one was created.
					
				</p>
				<pre class="pre-scrollable">In file included from /home/ec2-user/arduino-testlib/cli-datadir/user/libraries/Smartcar_shield/src/runtime/arduino_runtime/ArduinoRuntime.cpp:3:0:
/home/ec2-user/arduino-testlib/cli-datadir/data/packages/arduino/hardware/megaavr/1.8.7/libraries/Wire/src/Wire.h: In member function &#39;virtual uint8_t ArduinoRuntime::i2cRequestFrom(uint8_t, uint8_t)&#39;:
/home/ec2-user/arduino-testlib/cli-datadir/data/packages/arduino/hardware/megaavr/1.8.7/libraries/Wire/src/Wire.h:63:12: note: candidate 1: size_t TwoWire::requestFrom(int, int)
     size_t requestFrom(int, int);
            ^~~~~~~~~~~
/home/ec2-user/arduino-testlib/cli-datadir/data/packages/arduino/hardware/megaavr/1.8.7/libraries/Wire/src/Wire.h:61:12: note: candidate 2: virtual size_t TwoWire::requestFrom(uint8_t, size_t)
     size_t requestFrom(uint8_t, size_t);
            ^~~~~~~~~~~
/home/ec2-user/arduino-testlib/cli-datadir/user/libraries/Smartcar_shield/src/runtime/arduino_runtime/ArduinoRuntime.cpp: In member function &#39;virtual void ArduinoRuntime::setInterrupt(uint8_t, InterruptCallback, int)&#39;:
/home/ec2-user/arduino-testlib/cli-datadir/user/libraries/Smartcar_shield/src/runtime/arduino_runtime/ArduinoRuntime.cpp:110:40: error: no matching function for call to &#39;attachInterrupt(uint8_t&amp;, void (*&amp;)(), int&amp;)&#39;
     attachInterrupt(pin, callback, mode);
                                        ^
In file included from /home/ec2-user/arduino-testlib/cli-datadir/data/packages/arduino/hardware/megaavr/1.8.7/cores/arduino/api/Interrupts.h:8:0,
                 from /home/ec2-user/arduino-testlib/cli-datadir/data/packages/arduino/hardware/megaavr/1.8.7/cores/arduino/api/ArduinoAPI.h:29,
                 from /home/ec2-user/arduino-testlib/cli-datadir/data/packages/arduino/hardware/megaavr/1.8.7/cores/arduino/Arduino.h:23,
                 from /home/ec2-user/arduino-testlib/cli-datadir/user/libraries/Smartcar_shield/src/runtime/arduino_runtime/ArduinoRuntime.cpp:2:
/home/ec2-user/arduino-testlib/cli-datadir/data/packages/arduino/hardware/megaavr/1.8.7/cores/arduino/api/Common.h:111:6: note: candidate: void attachInterrupt(pin_size_t, voidFuncPtr, PinStatus) &lt;near match&gt;
 void attachInterrupt(pin_size_t interruptNumber, voidFuncPtr callback, PinStatus mode);
      ^~~~~~~~~~~~~~~
/home/ec2-user/arduino-testlib/cli-datadir/data/packages/arduino/hardware/megaavr/1.8.7/cores/arduino/api/Common.h:111:6: note:   conversion of argument 3 would be ill-formed:
In file included from /home/ec2-user/arduino-testlib/cli-datadir/data/packages/arduino/hardware/megaavr/1.8.7/cores/arduino/api/ArduinoAPI.h:29:0,
                 from /home/ec2-user/arduino-testlib/cli-datadir/data/packages/arduino/hardware/megaavr/1.8.7/cores/arduino/Arduino.h:23,
                 from /home/ec2-user/arduino-testlib/cli-datadir/user/libraries/Smartcar_shield/src/runtime/arduino_runtime/ArduinoRuntime.cpp:2:
/home/ec2-user/arduino-testlib/cli-datadir/data/packages/arduino/hardware/megaavr/1.8.7/cores/arduino/api/Interrupts.h:38:27: note: candidate: template&lt;class T&gt; void arduino::attachInterrupt(pin_size_t, arduino::voidTemplateFuncPtrParam&lt;T*&gt;, PinStatus, T*)
 template&lt;typename T&gt; void attachInterrupt(pin_size_t interruptNum, voidTemplateFuncPtrParam&lt;T*&gt; userFunc, PinStatus mode, T* param) {
                           ^~~~~~~~~~~~~~~
/home/ec2-user/arduino-testlib/cli-datadir/data/packages/arduino/hardware/megaavr/1.8.7/cores/arduino/api/Interrupts.h:38:27: note:   template argument deduction/substitution failed:
/home/ec2-user/arduino-testlib/cli-datadir/user/libraries/Smartcar_shield/src/runtime/arduino_runtime/ArduinoRuntime.cpp:110:40: note:   candidate expects 1 argument, 0 provided
     attachInterrupt(pin, callback, mode);
                                        ^
In file included from /home/ec2-user/arduino-testlib/cli-datadir/data/packages/arduino/hardware/megaavr/1.8.7/cores/arduino/api/ArduinoAPI.h:29:0,
                 from /home/ec2-user/arduino-testlib/cli-datadir/data/packages/arduino/hardware/megaavr/1.8.7/cores/arduino/Arduino.h:23,
                 from /home/ec2-user/arduino-testlib/cli-datadir/user/libraries/Smartcar_shield/src/runtime/arduino_runtime/ArduinoRuntime.cpp:2:
/home/ec2-user/arduino-testlib/cli-datadir/data/packages/arduino/hardware/megaavr/1.8.7/cores/arduino/api/Interrupts.h:21:27: note: candidate: template&lt;class T&gt; void arduino::attachInterrupt(pin_size_t, arduino::voidTemplateFuncPtrParam&lt;T&gt;, PinStatus, T&amp;)
 template&lt;typename T&gt; void attachInterrupt(pin_size_t interruptNum, voidTemplateFuncPtrParam&lt;T&gt; userFunc, PinStatus mode, T&amp; param) {
                           ^~~~~~~~~~~~~~~
/home/ec2-user/arduino-testlib/cli-datadir/data/packages/arduino/hardware/megaavr/1.8.7/cores/arduino/api/Interrupts.h:21:27: note:   template argument deduction/substitution failed:
/home/ec2-user/arduino-testlib/cli-datadir/user/libraries/Smartcar_shield/src/runtime/arduino_runtime/ArduinoRuntime.cpp:110:40: note:   candidate expects 1 argument, 0 provided
     attachInterrupt(pin, callback, mode);
                                        ^
Multiple libraries were found for &#34;Servo.h&#34;
  Used: /home/ec2-user/arduino-testlib/cli-datadir/user/libraries/Servo
  Not used: /home/ec2-user/arduino-testlib/cli-datadir/user/libraries/XMC_Servo
  Not used: /home/ec2-user/arduino-testlib/cli-datadir/user/libraries/evive
  Not used: /home/ec2-user/arduino-testlib/cli-datadir/user/libraries/RokitSmart
  Not used: /home/ec2-user/arduino-testlib/cli-datadir/user/libraries/Printoo_Library
  Not used: /home/ec2-user/arduino-testlib/cli-datadir/user/libraries/ServoESP32
</pre>

					
					<h4>examples/BareMinimum</h4>
					<p>
						Result: <b>FAIL</b>
					</p>
					<pre class="pre-scrollable">In file included from /home/ec2-user/arduino-testlib/cli-datadir/user/libraries/Smartcar_shield/src/runtime/arduino_runtime/ArduinoRuntime.cpp:3:0:
/home/ec2-user/arduino-testlib/cli-datadir/data/packages/arduino/hardware/megaavr/1.8.7/libraries/Wire/src/Wire.h: In member function &#39;virtual uint8_t ArduinoRuntime::i2cRequestFrom(uint8_t, uint8_t)&#39;:
/home/ec2-user/arduino-testlib/cli-datadir/data/packages/arduino/hardware/megaavr/1.8.7/libraries/Wire/src/Wire.h:63:12: note: candidate 1: size_t TwoWire::requestFrom(int, int)
     size_t requestFrom(int, int);
            ^~~~~~~~~~~
/home/ec2-user/arduino-testlib/cli-datadir/data/packages/arduino/hardware/megaavr/1.8.7/libraries/Wire/src/Wire.h:61:12: note: candidate 2: virtual size_t TwoWire::requestFrom(uint8_t, size_t)
     size_t requestFrom(uint8_t, size_t);
            ^~~~~~~~~~~
/home/ec2-user/arduino-testlib/cli-datadir/user/libraries/Smartcar_shield/src/runtime/arduino_runtime/ArduinoRuntime.cpp: In member function &#39;virtual void ArduinoRuntime::setInterrupt(uint8_t, InterruptCallback, int)&#39;:
/home/ec2-user/arduino-testlib/cli-datadir/user/libraries/Smartcar_shield/src/runtime/arduino_runtime/ArduinoRuntime.cpp:110:40: error: no matching function for call to &#39;attachInterrupt(uint8_t&amp;, void (*&amp;)(), int&amp;)&#39;
     attachInterrupt(pin, callback, mode);
                                        ^
In file included from /home/ec2-user/arduino-testlib/cli-datadir/data/packages/arduino/hardware/megaavr/1.8.7/cores/arduino/api/Interrupts.h:8:0,
                 from /home/ec2-user/arduino-testlib/cli-datadir/data/packages/arduino/hardware/megaavr/1.8.7/cores/arduino/api/ArduinoAPI.h:29,
                 from /home/ec2-user/arduino-testlib/cli-datadir/data/packages/arduino/hardware/megaavr/1.8.7/cores/arduino/Arduino.h:23,
                 from /home/ec2-user/arduino-testlib/cli-datadir/user/libraries/Smartcar_shield/src/runtime/arduino_runtime/ArduinoRuntime.cpp:2:
/home/ec2-user/arduino-testlib/cli-datadir/data/packages/arduino/hardware/megaavr/1.8.7/cores/arduino/api/Common.h:111:6: note: candidate: void attachInterrupt(pin_size_t, voidFuncPtr, PinStatus) &lt;near match&gt;
 void attachInterrupt(pin_size_t interruptNumber, voidFuncPtr callback, PinStatus mode);
      ^~~~~~~~~~~~~~~
/home/ec2-user/arduino-testlib/cli-datadir/data/packages/arduino/hardware/megaavr/1.8.7/cores/arduino/api/Common.h:111:6: note:   conversion of argument 3 would be ill-formed:
In file included from /home/ec2-user/arduino-testlib/cli-datadir/data/packages/arduino/hardware/megaavr/1.8.7/cores/arduino/api/ArduinoAPI.h:29:0,
                 from /home/ec2-user/arduino-testlib/cli-datadir/data/packages/arduino/hardware/megaavr/1.8.7/cores/arduino/Arduino.h:23,
                 from /home/ec2-user/arduino-testlib/cli-datadir/user/libraries/Smartcar_shield/src/runtime/arduino_runtime/ArduinoRuntime.cpp:2:
/home/ec2-user/arduino-testlib/cli-datadir/data/packages/arduino/hardware/megaavr/1.8.7/cores/arduino/api/Interrupts.h:38:27: note: candidate: template&lt;class T&gt; void arduino::attachInterrupt(pin_size_t, arduino::voidTemplateFuncPtrParam&lt;T*&gt;, PinStatus, T*)
 template&lt;typename T&gt; void attachInterrupt(pin_size_t interruptNum, voidTemplateFuncPtrParam&lt;T*&gt; userFunc, PinStatus mode, T* param) {
                           ^~~~~~~~~~~~~~~
/home/ec2-user/arduino-testlib/cli-datadir/data/packages/arduino/hardware/megaavr/1.8.7/cores/arduino/api/Interrupts.h:38:27: note:   template argument deduction/substitution failed:
/home/ec2-user/arduino-testlib/cli-datadir/user/libraries/Smartcar_shield/src/runtime/arduino_runtime/ArduinoRuntime.cpp:110:40: note:   candidate expects 1 argument, 0 provided
     attachInterrupt(pin, callback, mode);
                                        ^
In file included from /home/ec2-user/arduino-testlib/cli-datadir/data/packages/arduino/hardware/megaavr/1.8.7/cores/arduino/api/ArduinoAPI.h:29:0,
                 from /home/ec2-user/arduino-testlib/cli-datadir/data/packages/arduino/hardware/megaavr/1.8.7/cores/arduino/Arduino.h:23,
                 from /home/ec2-user/arduino-testlib/cli-datadir/user/libraries/Smartcar_shield/src/runtime/arduino_runtime/ArduinoRuntime.cpp:2:
/home/ec2-user/arduino-testlib/cli-datadir/data/packages/arduino/hardware/megaavr/1.8.7/cores/arduino/api/Interrupts.h:21:27: note: candidate: template&lt;class T&gt; void arduino::attachInterrupt(pin_size_t, arduino::voidTemplateFuncPtrParam&lt;T&gt;, PinStatus, T&amp;)
 template&lt;typename T&gt; void attachInterrupt(pin_size_t interruptNum, voidTemplateFuncPtrParam&lt;T&gt; userFunc, PinStatus mode, T&amp; param) {
                           ^~~~~~~~~~~~~~~
/home/ec2-user/arduino-testlib/cli-datadir/data/packages/arduino/hardware/megaavr/1.8.7/cores/arduino/api/Interrupts.h:21:27: note:   template argument deduction/substitution failed:
/home/ec2-user/arduino-testlib/cli-datadir/user/libraries/Smartcar_shield/src/runtime/arduino_runtime/ArduinoRuntime.cpp:110:40: note:   candidate expects 1 argument, 0 provided
     attachInterrupt(pin, callback, mode);
                                        ^
Multiple libraries were found for &#34;Servo.h&#34;
  Used: /home/ec2-user/arduino-testlib/cli-datadir/user/libraries/Servo
  Not used: /home/ec2-user/arduino-testlib/cli-datadir/user/libraries/ServoESP32
  Not used: /home/ec2-user/arduino-testlib/cli-datadir/user/libraries/RokitSmart
  Not used: /home/ec2-user/arduino-testlib/cli-datadir/user/libraries/evive
  Not used: /home/ec2-user/arduino-testlib/cli-datadir/user/libraries/XMC_Servo
  Not used: /home/ec2-user/arduino-testlib/cli-datadir/user/libraries/Printoo_Library
</pre>
					
					<h4>examples/Car</h4>
					<p>
						Result: <b>FAIL</b>
					</p>
					<pre class="pre-scrollable"></pre>
					
					<h4>examples/sensors</h4>
					<p>
						Result: <b>FAIL</b>
					</p>
					<pre class="pre-scrollable"></pre>
					
				
				<h3 id="arduino:samd:mkrwifi1010">arduino:samd:mkrwifi1010 @ 1.8.12</h3>
				<h4>Inclusion</h4>
				<p>
					Result: <b>FAIL</b>
					
					<br />This library has no main header file so an empty one was created.
					
				</p>
				<pre class="pre-scrollable">/home/ec2-user/arduino-testlib/cli-datadir/user/libraries/Smartcar_shield/src/runtime/arduino_runtime/ArduinoRuntime.cpp: In member function &#39;virtual void ArduinoRuntime::setInterrupt(uint8_t, InterruptCallback, int)&#39;:
/home/ec2-user/arduino-testlib/cli-datadir/user/libraries/Smartcar_shield/src/runtime/arduino_runtime/ArduinoRuntime.cpp:110:40: error: no matching function for call to &#39;attachInterrupt(uint8_t&amp;, void (*&amp;)(), int&amp;)&#39;
     attachInterrupt(pin, callback, mode);
                                        ^
In file included from /home/ec2-user/arduino-testlib/cli-datadir/data/packages/arduino/hardware/samd/1.8.12/cores/arduino/api/Interrupts.h:8:0,
                 from /home/ec2-user/arduino-testlib/cli-datadir/data/packages/arduino/hardware/samd/1.8.12/cores/arduino/api/ArduinoAPI.h:29,
                 from /home/ec2-user/arduino-testlib/cli-datadir/data/packages/arduino/hardware/samd/1.8.12/cores/arduino/Arduino.h:23,
                 from /home/ec2-user/arduino-testlib/cli-datadir/user/libraries/Smartcar_shield/src/runtime/arduino_runtime/ArduinoRuntime.cpp:2:
/home/ec2-user/arduino-testlib/cli-datadir/data/packages/arduino/hardware/samd/1.8.12/cores/arduino/api/Common.h:111:6: note: candidate: void attachInterrupt(pin_size_t, voidFuncPtr, PinStatus) &lt;near match&gt;
 void attachInterrupt(pin_size_t interruptNumber, voidFuncPtr callback, PinStatus mode);
      ^~~~~~~~~~~~~~~
/home/ec2-user/arduino-testlib/cli-datadir/data/packages/arduino/hardware/samd/1.8.12/cores/arduino/api/Common.h:111:6: note:   conversion of argument 3 would be ill-formed:
/home/ec2-user/arduino-testlib/cli-datadir/user/libraries/Smartcar_shield/src/runtime/arduino_runtime/ArduinoRuntime.cpp:110:40: error: invalid conversion from &#39;int&#39; to &#39;PinStatus&#39; [-fpermissive]
     attachInterrupt(pin, callback, mode);
                                        ^
In file included from /home/ec2-user/arduino-testlib/cli-datadir/data/packages/arduino/hardware/samd/1.8.12/cores/arduino/api/ArduinoAPI.h:29:0,
                 from /home/ec2-user/arduino-testlib/cli-datadir/data/packages/arduino/hardware/samd/1.8.12/cores/arduino/Arduino.h:23,
                 from /home/ec2-user/arduino-testlib/cli-datadir/user/libraries/Smartcar_shield/src/runtime/arduino_runtime/ArduinoRuntime.cpp:2:
/home/ec2-user/arduino-testlib/cli-datadir/data/packages/arduino/hardware/samd/1.8.12/cores/arduino/api/Interrupts.h:38:27: note: candidate: template&lt;class T&gt; void arduino::attachInterrupt(pin_size_t, arduino::voidTemplateFuncPtrParam&lt;T*&gt;, PinStatus, T*)
 template&lt;typename T&gt; void attachInterrupt(pin_size_t interruptNum, voidTemplateFuncPtrParam&lt;T*&gt; userFunc, PinStatus mode, T* param) {
                           ^~~~~~~~~~~~~~~
/home/ec2-user/arduino-testlib/cli-datadir/data/packages/arduino/hardware/samd/1.8.12/cores/arduino/api/Interrupts.h:38:27: note:   template argument deduction/substitution failed:
/home/ec2-user/arduino-testlib/cli-datadir/user/libraries/Smartcar_shield/src/runtime/arduino_runtime/ArduinoRuntime.cpp:110:40: note:   candidate expects 1 argument, 0 provided
     attachInterrupt(pin, callback, mode);
                                        ^
In file included from /home/ec2-user/arduino-testlib/cli-datadir/data/packages/arduino/hardware/samd/1.8.12/cores/arduino/api/ArduinoAPI.h:29:0,
                 from /home/ec2-user/arduino-testlib/cli-datadir/data/packages/arduino/hardware/samd/1.8.12/cores/arduino/Arduino.h:23,
                 from /home/ec2-user/arduino-testlib/cli-datadir/user/libraries/Smartcar_shield/src/runtime/arduino_runtime/ArduinoRuntime.cpp:2:
/home/ec2-user/arduino-testlib/cli-datadir/data/packages/arduino/hardware/samd/1.8.12/cores/arduino/api/Interrupts.h:21:27: note: candidate: template&lt;class T&gt; void arduino::attachInterrupt(pin_size_t, arduino::voidTemplateFuncPtrParam&lt;T&gt;, PinStatus, T&amp;)
 template&lt;typename T&gt; void attachInterrupt(pin_size_t interruptNum, voidTemplateFuncPtrParam&lt;T&gt; userFunc, PinStatus mode, T&amp; param) {
                           ^~~~~~~~~~~~~~~
/home/ec2-user/arduino-testlib/cli-datadir/data/packages/arduino/hardware/samd/1.8.12/cores/arduino/api/Interrupts.h:21:27: note:   template argument deduction/substitution failed:
/home/ec2-user/arduino-testlib/cli-datadir/user/libraries/Smartcar_shield/src/runtime/arduino_runtime/ArduinoRuntime.cpp:110:40: note:   candidate expects 1 argument, 0 provided
     attachInterrupt(pin, callback, mode);
                                        ^
Multiple libraries were found for &#34;Servo.h&#34;
  Used: /home/ec2-user/arduino-testlib/cli-datadir/user/libraries/Servo
  Not used: /home/ec2-user/arduino-testlib/cli-datadir/user/libraries/XMC_Servo
  Not used: /home/ec2-user/arduino-testlib/cli-datadir/user/libraries/Printoo_Library
  Not used: /home/ec2-user/arduino-testlib/cli-datadir/user/libraries/ServoESP32
  Not used: /home/ec2-user/arduino-testlib/cli-datadir/user/libraries/evive
  Not used: /home/ec2-user/arduino-testlib/cli-datadir/user/libraries/RokitSmart
</pre>

					
					<h4>examples/BareMinimum</h4>
					<p>
						Result: <b>FAIL</b>
					</p>
					<pre class="pre-scrollable">Multiple libraries were found for &#34;Servo.h&#34;
  Used: /home/ec2-user/arduino-testlib/cli-datadir/user/libraries/Servo
  Not used: /home/ec2-user/arduino-testlib/cli-datadir/user/libraries/Printoo_Library
  Not used: /home/ec2-user/arduino-testlib/cli-datadir/user/libraries/ServoESP32
  Not used: /home/ec2-user/arduino-testlib/cli-datadir/user/libraries/XMC_Servo
  Not used: /home/ec2-user/arduino-testlib/cli-datadir/user/libraries/RokitSmart
  Not used: /home/ec2-user/arduino-testlib/cli-datadir/user/libraries/evive
</pre>
					
					<h4>examples/Car</h4>
					<p>
						Result: <b>FAIL</b>
					</p>
					<pre class="pre-scrollable"></pre>
					
					<h4>examples/sensors</h4>
					<p>
						Result: <b>FAIL</b>
					</p>
					<pre class="pre-scrollable"></pre>
					
				
				<h3 id="esp32:esp32:d1_mini32">esp32:esp32:d1_mini32 @ 1.0.6</h3>
				<h4>Inclusion</h4>
				<p>
					Result: <b>PASS</b>
					
					<br />This library has no main header file so an empty one was created.
					
				</p>
				<pre class="pre-scrollable">Sketch uses 206914 bytes (15%) of program storage space. Maximum is 1310720 bytes.
Global variables use 13992 bytes (4%) of dynamic memory, leaving 313688 bytes for local variables. Maximum is 327680 bytes.
</pre>

					
					<h4>examples/BareMinimum</h4>
					<p>
						Result: <b>PASS</b>
					</p>
					<pre class="pre-scrollable">Sketch uses 206914 bytes (15%) of program storage space. Maximum is 1310720 bytes.
Global variables use 13992 bytes (4%) of dynamic memory, leaving 313688 bytes for local variables. Maximum is 327680 bytes.
</pre>
					
					<h4>examples/Car</h4>
					<p>
						Result: <b>FAIL</b>
					</p>
					<pre class="pre-scrollable"></pre>
					
					<h4>examples/sensors</h4>
					<p>
						Result: <b>FAIL</b>
					</p>
					<pre class="pre-scrollable"></pre>
					
				
			</div>
		</div>
	</div>
  </body>
</html>
