
<!doctype html>
<html lang="en">
  <head>
    <meta charset="utf-8">
    <meta name="viewport" content="width=device-width, initial-scale=1">
    <link href="https://cdn.jsdelivr.net/npm/bootstrap@5.0.2/dist/css/bootstrap.min.css" rel="stylesheet" integrity="sha384-EVSTQN3/azprG1Anm3QDgpJLIm9Nao0Yz1ztcQTwFspd3yD65VohhpuuCOmLASjC" crossorigin="anonymous">
    <title>arduino-testlib report</title>
	<style>
	.pass { background-color: #00FF00 !important; }
	.fail { background-color: #FF0000 !important; }
	</style>
  </head>
  <body>
	<div class="container">
		<div class="row">
			<div class="col">
				<h1>Sodaq_UBlox_GPS - compatibility matrix</h1>
				<p>
					<small>This report was generated on Monday, 21-Feb-22 12:00:25 CET using 
					<a href="https://github.com/alranel/arduino-testlib">arduino-testlib</a>.</small>
				</p>

				<h2>Sodaq_UBlox_GPS</h2>
				<p>
					Version: <b>0.9.6</b>
					<br />
					<a href="https://www.arduino.cc/reference/en/libraries/sodaq_ublox_gps/">More details</a>
				</p>

				<h2>Compatibility matrix</h2>
				<table class="table table-bordered">
					<tr>
						<th>Board</th>
						<th>Claims compatibility</th>
						<th>Inclusion</th>
						
						<th><pre>test_ublox_gps</pre></th>
						
					</tr>
					
					<tr>
						<td>
							<a href="#arduino%3aavr%3auno"><b>arduino:avr:uno</b></a>
							<br />
							<small>1.8.4</small>
						</td>

						
						
							<td>No ⚠️</td>
							<td class="pass">PASS</td>
						
						
						

						
							
								
									
										
											
											<td class="fail">FAIL</td>
										
									
								
							
								
							
								
							
								
							
								
							
						
					</tr>
					
					<tr>
						<td>
							<a href="#arduino%3ambed_nano%3ananorp2040connect"><b>arduino:mbed_nano:nanorp2040connect</b></a>
							<br />
							<small>2.7.2</small>
						</td>

						
						
						
						
							<td>No</td>
							<td class="fail">FAIL</td>
						

						
							
								
							
								
									
										
											
											<td class="fail">FAIL</td>
										
									
								
							
								
							
								
							
								
							
						
					</tr>
					
					<tr>
						<td>
							<a href="#arduino%3amegaavr%3anona4809"><b>arduino:megaavr:nona4809</b></a>
							<br />
							<small>1.8.7</small>
						</td>

						
						
							<td>No ⚠️</td>
							<td class="pass">PASS</td>
						
						
						

						
							
								
							
								
							
								
									
										
											
											<td class="fail">FAIL</td>
										
									
								
							
								
							
								
							
						
					</tr>
					
					<tr>
						<td>
							<a href="#arduino%3asamd%3amkrwifi1010"><b>arduino:samd:mkrwifi1010</b></a>
							<br />
							<small>1.8.12</small>
						</td>

						
							<td>Yes</td>
							<td class="pass">PASS</td>
						
						
						
						

						
							
								
							
								
							
								
							
								
									
										
											
											<td class="fail">FAIL</td>
										
									
								
							
								
							
						
					</tr>
					
					<tr>
						<td>
							<a href="#esp32%3aesp32%3ad1_mini32"><b>esp32:esp32:d1_mini32</b></a>
							<br />
							<small>1.0.6</small>
						</td>

						
						
							<td>No ⚠️</td>
							<td class="pass">PASS</td>
						
						
						

						
							
								
							
								
							
								
							
								
							
								
									
										
											
											<td class="fail">FAIL</td>
										
									
								
							
						
					</tr>
					
				</table>

				<h2>Compilation logs</h2>
				
				<h3 id="arduino:avr:uno">arduino:avr:uno @ 1.8.4</h3>
				<h4>Inclusion</h4>
				<p>
					Result: <b>PASS</b>
					
				</p>
				<pre class="pre-scrollable">WARNING: library Sodaq_UBlox_GPS claims to run on samd architecture(s) and may be incompatible with your current board which runs on avr architecture(s).
Sketch uses 2376 bytes (7%) of program storage space. Maximum is 32256 bytes.
Global variables use 175 bytes (8%) of dynamic memory, leaving 1873 bytes for local variables. Maximum is 2048 bytes.
In file included from /home/ec2-user/arduino-testlib/cli-datadir/user/libraries/Sodaq_UBlox_GPS/src/Sodaq_UBlox_GPS.cpp:21:0:
/home/ec2-user/arduino-testlib/cli-datadir/data/packages/arduino/hardware/avr/1.8.4/libraries/Wire/src/Wire.h: In member function &#39;uint8_t Sodaq_UBlox_GPS::read()&#39;:
/home/ec2-user/arduino-testlib/cli-datadir/data/packages/arduino/hardware/avr/1.8.4/libraries/Wire/src/Wire.h:69:13: note: candidate 1: uint8_t TwoWire::requestFrom(int, int, int)
     uint8_t requestFrom(int, int, int);
             ^~~~~~~~~~~
/home/ec2-user/arduino-testlib/cli-datadir/data/packages/arduino/hardware/avr/1.8.4/libraries/Wire/src/Wire.h:66:13: note: candidate 2: uint8_t TwoWire::requestFrom(uint8_t, uint8_t, uint8_t)
     uint8_t requestFrom(uint8_t, uint8_t, uint8_t);
             ^~~~~~~~~~~
</pre>

					
					<h4>examples/test_ublox_gps</h4>
					<p>
						Result: <b>FAIL</b>
					</p>
					<pre class="pre-scrollable">WARNING: library Sodaq_UBlox_GPS claims to run on samd architecture(s) and may be incompatible with your current board which runs on avr architecture(s).
/home/ec2-user/arduino-testlib/cli-datadir/user/libraries/Sodaq_UBlox_GPS/examples/test_ublox_gps/test_ublox_gps.ino: In function &#39;void setup()&#39;:
/home/ec2-user/arduino-testlib/cli-datadir/user/libraries/Sodaq_UBlox_GPS/examples/test_ublox_gps/test_ublox_gps.ino:39:13: error: &#39;SerialUSB&#39; was not declared in this scope
     while (!SerialUSB) {
             ^~~~~~~~~
/home/ec2-user/arduino-testlib/cli-datadir/user/libraries/Sodaq_UBlox_GPS/examples/test_ublox_gps/test_ublox_gps.ino:39:13: note: suggested alternative: &#39;Serial&#39;
     while (!SerialUSB) {
             ^~~~~~~~~
             Serial
/home/ec2-user/arduino-testlib/cli-datadir/user/libraries/Sodaq_UBlox_GPS/examples/test_ublox_gps/test_ublox_gps.ino:45:18: error: &#39;LED_RED&#39; was not declared in this scope
     digitalWrite(LED_RED, HIGH);
                  ^~~~~~~
/home/ec2-user/arduino-testlib/cli-datadir/user/libraries/Sodaq_UBlox_GPS/examples/test_ublox_gps/test_ublox_gps.ino:47:18: error: &#39;LED_GREEN&#39; was not declared in this scope
     digitalWrite(LED_GREEN, HIGH);
                  ^~~~~~~~~
/home/ec2-user/arduino-testlib/cli-datadir/user/libraries/Sodaq_UBlox_GPS/examples/test_ublox_gps/test_ublox_gps.ino:49:18: error: &#39;LED_BLUE&#39; was not declared in this scope
     digitalWrite(LED_BLUE, HIGH);
                  ^~~~~~~~
/home/ec2-user/arduino-testlib/cli-datadir/user/libraries/Sodaq_UBlox_GPS/examples/test_ublox_gps/test_ublox_gps.ino:49:18: note: suggested alternative: &#39;LED_BUILTIN&#39;
     digitalWrite(LED_BLUE, HIGH);
                  ^~~~~~~~
                  LED_BUILTIN
/home/ec2-user/arduino-testlib/cli-datadir/user/libraries/Sodaq_UBlox_GPS/examples/test_ublox_gps/test_ublox_gps.ino:58:20: error: &#39;GPS_ENABLE&#39; was not declared in this scope
     sodaq_gps.init(GPS_ENABLE);
                    ^~~~~~~~~~

</pre>
					
				
				<h3 id="arduino:mbed_nano:nanorp2040connect">arduino:mbed_nano:nanorp2040connect @ 2.7.2</h3>
				<h4>Inclusion</h4>
				<p>
					Result: <b>FAIL</b>
					
				</p>
				<pre class="pre-scrollable">WARNING: library Sodaq_UBlox_GPS claims to run on samd architecture(s) and may be incompatible with your current board which runs on mbed_nano architecture(s).
/home/ec2-user/arduino-testlib/cli-datadir/user/libraries/Sodaq_UBlox_GPS/src/Sodaq_UBlox_GPS.cpp: In member function &#39;arduino::String Sodaq_UBlox_GPS::num2String(int, size_t)&#39;:
/home/ec2-user/arduino-testlib/cli-datadir/user/libraries/Sodaq_UBlox_GPS/src/Sodaq_UBlox_GPS.cpp:463:11: error: ambiguous overload for &#39;operator=&#39; (operand types are &#39;arduino::String&#39; and &#39;int&#39;)
     out = num;
           ^~~
In file included from /home/ec2-user/arduino-testlib/cli-datadir/data/packages/arduino/hardware/mbed_nano/2.7.2/cores/arduino/api/IPAddress.h:24:0,
                 from /home/ec2-user/arduino-testlib/cli-datadir/data/packages/arduino/hardware/mbed_nano/2.7.2/cores/arduino/api/ArduinoAPI.h:30,
                 from /home/ec2-user/arduino-testlib/cli-datadir/data/packages/arduino/hardware/mbed_nano/2.7.2/cores/arduino/Arduino.h:27,
                 from /home/ec2-user/arduino-testlib/cli-datadir/user/libraries/Sodaq_UBlox_GPS/src/Sodaq_UBlox_GPS.cpp:20:
/home/ec2-user/arduino-testlib/cli-datadir/data/packages/arduino/hardware/mbed_nano/2.7.2/cores/arduino/api/String.h:98:11: note: candidate: arduino::String&amp; arduino::String::operator=(const arduino::String&amp;) &lt;near match&gt;
  String &amp; operator = (const String &amp;rhs);
           ^~~~~~~~
/home/ec2-user/arduino-testlib/cli-datadir/data/packages/arduino/hardware/mbed_nano/2.7.2/cores/arduino/api/String.h:98:11: note:   conversion of argument 1 would be ill-formed:
/home/ec2-user/arduino-testlib/cli-datadir/user/libraries/Sodaq_UBlox_GPS/src/Sodaq_UBlox_GPS.cpp:463:11: error: conversion from &#39;int&#39; to &#39;const arduino::String&#39; is ambiguous
     out = num;
           ^~~
In file included from /home/ec2-user/arduino-testlib/cli-datadir/data/packages/arduino/hardware/mbed_nano/2.7.2/cores/arduino/api/IPAddress.h:24:0,
                 from /home/ec2-user/arduino-testlib/cli-datadir/data/packages/arduino/hardware/mbed_nano/2.7.2/cores/arduino/api/ArduinoAPI.h:30,
                 from /home/ec2-user/arduino-testlib/cli-datadir/data/packages/arduino/hardware/mbed_nano/2.7.2/cores/arduino/Arduino.h:27,
                 from /home/ec2-user/arduino-testlib/cli-datadir/user/libraries/Sodaq_UBlox_GPS/src/Sodaq_UBlox_GPS.cpp:20:
/home/ec2-user/arduino-testlib/cli-datadir/data/packages/arduino/hardware/mbed_nano/2.7.2/cores/arduino/api/String.h:74:2: note: candidate: arduino::String::String(const arduino::__FlashStringHelper*) &lt;near match&gt;
  String(const __FlashStringHelper *str);
  ^~~~~~
/home/ec2-user/arduino-testlib/cli-datadir/data/packages/arduino/hardware/mbed_nano/2.7.2/cores/arduino/api/String.h:74:2: note:   conversion of argument 1 would be ill-formed:
/home/ec2-user/arduino-testlib/cli-datadir/user/libraries/Sodaq_UBlox_GPS/src/Sodaq_UBlox_GPS.cpp:463:11: error: invalid conversion from &#39;int&#39; to &#39;const arduino::__FlashStringHelper*&#39; [-fpermissive]
     out = num;
           ^~~
In file included from /home/ec2-user/arduino-testlib/cli-datadir/data/packages/arduino/hardware/mbed_nano/2.7.2/cores/arduino/api/IPAddress.h:24:0,
                 from /home/ec2-user/arduino-testlib/cli-datadir/data/packages/arduino/hardware/mbed_nano/2.7.2/cores/arduino/api/ArduinoAPI.h:30,
                 from /home/ec2-user/arduino-testlib/cli-datadir/data/packages/arduino/hardware/mbed_nano/2.7.2/cores/arduino/Arduino.h:27,
                 from /home/ec2-user/arduino-testlib/cli-datadir/user/libraries/Sodaq_UBlox_GPS/src/Sodaq_UBlox_GPS.cpp:20:
/home/ec2-user/arduino-testlib/cli-datadir/data/packages/arduino/hardware/mbed_nano/2.7.2/cores/arduino/api/String.h:70:2: note: candidate: arduino::String::String(const char*) &lt;near match&gt;
  String(const char *cstr = &#34;&#34;);
  ^~~~~~
/home/ec2-user/arduino-testlib/cli-datadir/data/packages/arduino/hardware/mbed_nano/2.7.2/cores/arduino/api/String.h:70:2: note:   conversion of argument 1 would be ill-formed:
/home/ec2-user/arduino-testlib/cli-datadir/user/libraries/Sodaq_UBlox_GPS/src/Sodaq_UBlox_GPS.cpp:463:11: error: invalid conversion from &#39;int&#39; to &#39;const char*&#39; [-fpermissive]
     out = num;
           ^~~
In file included from /home/ec2-user/arduino-testlib/cli-datadir/data/packages/arduino/hardware/mbed_nano/2.7.2/cores/arduino/api/IPAddress.h:24:0,
                 from /home/ec2-user/arduino-testlib/cli-datadir/data/packages/arduino/hardware/mbed_nano/2.7.2/cores/arduino/api/ArduinoAPI.h:30,
                 from /home/ec2-user/arduino-testlib/cli-datadir/data/packages/arduino/hardware/mbed_nano/2.7.2/cores/arduino/Arduino.h:27,
                 from /home/ec2-user/arduino-testlib/cli-datadir/user/libraries/Sodaq_UBlox_GPS/src/Sodaq_UBlox_GPS.cpp:20:
/home/ec2-user/arduino-testlib/cli-datadir/data/packages/arduino/hardware/mbed_nano/2.7.2/cores/arduino/api/String.h:99:11: note: candidate: arduino::String&amp; arduino::String::operator=(const char*) &lt;near match&gt;
  String &amp; operator = (const char *cstr);
           ^~~~~~~~
/home/ec2-user/arduino-testlib/cli-datadir/data/packages/arduino/hardware/mbed_nano/2.7.2/cores/arduino/api/String.h:99:11: note:   conversion of argument 1 would be ill-formed:
/home/ec2-user/arduino-testlib/cli-datadir/user/libraries/Sodaq_UBlox_GPS/src/Sodaq_UBlox_GPS.cpp:463:11: error: invalid conversion from &#39;int&#39; to &#39;const char*&#39; [-fpermissive]
     out = num;
           ^~~
In file included from /home/ec2-user/arduino-testlib/cli-datadir/data/packages/arduino/hardware/mbed_nano/2.7.2/cores/arduino/api/IPAddress.h:24:0,
                 from /home/ec2-user/arduino-testlib/cli-datadir/data/packages/arduino/hardware/mbed_nano/2.7.2/cores/arduino/api/ArduinoAPI.h:30,
                 from /home/ec2-user/arduino-testlib/cli-datadir/data/packages/arduino/hardware/mbed_nano/2.7.2/cores/arduino/Arduino.h:27,
                 from /home/ec2-user/arduino-testlib/cli-datadir/user/libraries/Sodaq_UBlox_GPS/src/Sodaq_UBlox_GPS.cpp:20:
/home/ec2-user/arduino-testlib/cli-datadir/data/packages/arduino/hardware/mbed_nano/2.7.2/cores/arduino/api/String.h:100:11: note: candidate: arduino::String&amp; arduino::String::operator=(const arduino::__FlashStringHelper*) &lt;near match&gt;
  String &amp; operator = (const __FlashStringHelper *str);
           ^~~~~~~~
/home/ec2-user/arduino-testlib/cli-datadir/data/packages/arduino/hardware/mbed_nano/2.7.2/cores/arduino/api/String.h:100:11: note:   conversion of argument 1 would be ill-formed:
/home/ec2-user/arduino-testlib/cli-datadir/user/libraries/Sodaq_UBlox_GPS/src/Sodaq_UBlox_GPS.cpp:463:11: error: invalid conversion from &#39;int&#39; to &#39;const arduino::__FlashStringHelper*&#39; [-fpermissive]
     out = num;
           ^~~
In file included from /home/ec2-user/arduino-testlib/cli-datadir/data/packages/arduino/hardware/mbed_nano/2.7.2/cores/arduino/api/IPAddress.h:24:0,
                 from /home/ec2-user/arduino-testlib/cli-datadir/data/packages/arduino/hardware/mbed_nano/2.7.2/cores/arduino/api/ArduinoAPI.h:30,
                 from /home/ec2-user/arduino-testlib/cli-datadir/data/packages/arduino/hardware/mbed_nano/2.7.2/cores/arduino/Arduino.h:27,
                 from /home/ec2-user/arduino-testlib/cli-datadir/user/libraries/Sodaq_UBlox_GPS/src/Sodaq_UBlox_GPS.cpp:20:
/home/ec2-user/arduino-testlib/cli-datadir/data/packages/arduino/hardware/mbed_nano/2.7.2/cores/arduino/api/String.h:102:11: note: candidate: arduino::String&amp; arduino::String::operator=(arduino::String&amp;&amp;) &lt;near match&gt;
  String &amp; operator = (String &amp;&amp;rval);
           ^~~~~~~~
/home/ec2-user/arduino-testlib/cli-datadir/data/packages/arduino/hardware/mbed_nano/2.7.2/cores/arduino/api/String.h:102:11: note:   conversion of argument 1 would be ill-formed:
/home/ec2-user/arduino-testlib/cli-datadir/user/libraries/Sodaq_UBlox_GPS/src/Sodaq_UBlox_GPS.cpp:463:11: error: conversion from &#39;int&#39; to &#39;arduino::String&#39; is ambiguous
     out = num;
           ^~~
In file included from /home/ec2-user/arduino-testlib/cli-datadir/data/packages/arduino/hardware/mbed_nano/2.7.2/cores/arduino/api/IPAddress.h:24:0,
                 from /home/ec2-user/arduino-testlib/cli-datadir/data/packages/arduino/hardware/mbed_nano/2.7.2/cores/arduino/api/ArduinoAPI.h:30,
                 from /home/ec2-user/arduino-testlib/cli-datadir/data/packages/arduino/hardware/mbed_nano/2.7.2/cores/arduino/Arduino.h:27,
                 from /home/ec2-user/arduino-testlib/cli-datadir/user/libraries/Sodaq_UBlox_GPS/src/Sodaq_UBlox_GPS.cpp:20:
/home/ec2-user/arduino-testlib/cli-datadir/data/packages/arduino/hardware/mbed_nano/2.7.2/cores/arduino/api/String.h:74:2: note: candidate: arduino::String::String(const arduino::__FlashStringHelper*) &lt;near match&gt;
  String(const __FlashStringHelper *str);
  ^~~~~~
/home/ec2-user/arduino-testlib/cli-datadir/data/packages/arduino/hardware/mbed_nano/2.7.2/cores/arduino/api/String.h:74:2: note:   conversion of argument 1 would be ill-formed:
/home/ec2-user/arduino-testlib/cli-datadir/user/libraries/Sodaq_UBlox_GPS/src/Sodaq_UBlox_GPS.cpp:463:11: error: invalid conversion from &#39;int&#39; to &#39;const arduino::__FlashStringHelper*&#39; [-fpermissive]
     out = num;
           ^~~
In file included from /home/ec2-user/arduino-testlib/cli-datadir/data/packages/arduino/hardware/mbed_nano/2.7.2/cores/arduino/api/IPAddress.h:24:0,
                 from /home/ec2-user/arduino-testlib/cli-datadir/data/packages/arduino/hardware/mbed_nano/2.7.2/cores/arduino/api/ArduinoAPI.h:30,
                 from /home/ec2-user/arduino-testlib/cli-datadir/data/packages/arduino/hardware/mbed_nano/2.7.2/cores/arduino/Arduino.h:27,
                 from /home/ec2-user/arduino-testlib/cli-datadir/user/libraries/Sodaq_UBlox_GPS/src/Sodaq_UBlox_GPS.cpp:20:
/home/ec2-user/arduino-testlib/cli-datadir/data/packages/arduino/hardware/mbed_nano/2.7.2/cores/arduino/api/String.h:70:2: note: candidate: arduino::String::String(const char*) &lt;near match&gt;
  String(const char *cstr = &#34;&#34;);
  ^~~~~~
/home/ec2-user/arduino-testlib/cli-datadir/data/packages/arduino/hard</pre>

					
					<h4>examples/test_ublox_gps</h4>
					<p>
						Result: <b>FAIL</b>
					</p>
					<pre class="pre-scrollable">WARNING: library Sodaq_UBlox_GPS claims to run on samd architecture(s) and may be incompatible with your current board which runs on mbed_nano architecture(s).
/home/ec2-user/arduino-testlib/cli-datadir/user/libraries/Sodaq_UBlox_GPS/examples/test_ublox_gps/test_ublox_gps.ino: In function &#39;void setup()&#39;:
/home/ec2-user/arduino-testlib/cli-datadir/user/libraries/Sodaq_UBlox_GPS/examples/test_ublox_gps/test_ublox_gps.ino:45:18: error: &#39;LED_RED&#39; was not declared in this scope
     digitalWrite(LED_RED, HIGH);
                  ^~~~~~~
/home/ec2-user/arduino-testlib/cli-datadir/user/libraries/Sodaq_UBlox_GPS/examples/test_ublox_gps/test_ublox_gps.ino:45:18: note: suggested alternative: &#39;LEDR&#39;
     digitalWrite(LED_RED, HIGH);
                  ^~~~~~~
                  LEDR
/home/ec2-user/arduino-testlib/cli-datadir/user/libraries/Sodaq_UBlox_GPS/examples/test_ublox_gps/test_ublox_gps.ino:47:18: error: &#39;LED_GREEN&#39; was not declared in this scope
     digitalWrite(LED_GREEN, HIGH);
                  ^~~~~~~~~
/home/ec2-user/arduino-testlib/cli-datadir/user/libraries/Sodaq_UBlox_GPS/examples/test_ublox_gps/test_ublox_gps.ino:47:18: note: suggested alternative: &#39;MEM_FREE&#39;
     digitalWrite(LED_GREEN, HIGH);
                  ^~~~~~~~~
                  MEM_FREE
/home/ec2-user/arduino-testlib/cli-datadir/user/libraries/Sodaq_UBlox_GPS/examples/test_ublox_gps/test_ublox_gps.ino:49:18: error: &#39;LED_BLUE&#39; was not declared in this scope
     digitalWrite(LED_BLUE, HIGH);
                  ^~~~~~~~
/home/ec2-user/arduino-testlib/cli-datadir/user/libraries/Sodaq_UBlox_GPS/examples/test_ublox_gps/test_ublox_gps.ino:49:18: note: suggested alternative: &#39;LEDB&#39;
     digitalWrite(LED_BLUE, HIGH);
                  ^~~~~~~~
                  LEDB
/home/ec2-user/arduino-testlib/cli-datadir/user/libraries/Sodaq_UBlox_GPS/examples/test_ublox_gps/test_ublox_gps.ino:58:20: error: &#39;GPS_ENABLE&#39; was not declared in this scope
     sodaq_gps.init(GPS_ENABLE);
                    ^~~~~~~~~~

</pre>
					
				
				<h3 id="arduino:megaavr:nona4809">arduino:megaavr:nona4809 @ 1.8.7</h3>
				<h4>Inclusion</h4>
				<p>
					Result: <b>PASS</b>
					
				</p>
				<pre class="pre-scrollable">WARNING: library Sodaq_UBlox_GPS claims to run on samd architecture(s) and may be incompatible with your current board which runs on megaavr architecture(s).
Sketch uses 3822 bytes (7%) of program storage space. Maximum is 49152 bytes.
Global variables use 370 bytes (6%) of dynamic memory, leaving 5774 bytes for local variables. Maximum is 6144 bytes.
In file included from /home/ec2-user/arduino-testlib/cli-datadir/user/libraries/Sodaq_UBlox_GPS/src/Sodaq_UBlox_GPS.cpp:21:0:
/home/ec2-user/arduino-testlib/cli-datadir/data/packages/arduino/hardware/megaavr/1.8.7/libraries/Wire/src/Wire.h: In member function &#39;uint8_t Sodaq_UBlox_GPS::read()&#39;:
/home/ec2-user/arduino-testlib/cli-datadir/data/packages/arduino/hardware/megaavr/1.8.7/libraries/Wire/src/Wire.h:64:12: note: candidate 1: size_t TwoWire::requestFrom(int, int, int)
     size_t requestFrom(int, int, int);
            ^~~~~~~~~~~
/home/ec2-user/arduino-testlib/cli-datadir/data/packages/arduino/hardware/megaavr/1.8.7/libraries/Wire/src/Wire.h:62:12: note: candidate 2: virtual size_t TwoWire::requestFrom(uint8_t, size_t, bool)
     size_t requestFrom(uint8_t, size_t, bool);
            ^~~~~~~~~~~
</pre>

					
					<h4>examples/test_ublox_gps</h4>
					<p>
						Result: <b>FAIL</b>
					</p>
					<pre class="pre-scrollable">WARNING: library Sodaq_UBlox_GPS claims to run on samd architecture(s) and may be incompatible with your current board which runs on megaavr architecture(s).
/home/ec2-user/arduino-testlib/cli-datadir/user/libraries/Sodaq_UBlox_GPS/examples/test_ublox_gps/test_ublox_gps.ino: In function &#39;void setup()&#39;:
/home/ec2-user/arduino-testlib/cli-datadir/user/libraries/Sodaq_UBlox_GPS/examples/test_ublox_gps/test_ublox_gps.ino:39:13: error: &#39;SerialUSB&#39; was not declared in this scope
     while (!SerialUSB) {
             ^~~~~~~~~
/home/ec2-user/arduino-testlib/cli-datadir/user/libraries/Sodaq_UBlox_GPS/examples/test_ublox_gps/test_ublox_gps.ino:39:13: note: suggested alternative: &#39;Serial1&#39;
     while (!SerialUSB) {
             ^~~~~~~~~
             Serial1
/home/ec2-user/arduino-testlib/cli-datadir/user/libraries/Sodaq_UBlox_GPS/examples/test_ublox_gps/test_ublox_gps.ino:45:18: error: &#39;LED_RED&#39; was not declared in this scope
     digitalWrite(LED_RED, HIGH);
                  ^~~~~~~
/home/ec2-user/arduino-testlib/cli-datadir/user/libraries/Sodaq_UBlox_GPS/examples/test_ublox_gps/test_ublox_gps.ino:47:18: error: &#39;LED_GREEN&#39; was not declared in this scope
     digitalWrite(LED_GREEN, HIGH);
                  ^~~~~~~~~
/home/ec2-user/arduino-testlib/cli-datadir/user/libraries/Sodaq_UBlox_GPS/examples/test_ublox_gps/test_ublox_gps.ino:49:18: error: &#39;LED_BLUE&#39; was not declared in this scope
     digitalWrite(LED_BLUE, HIGH);
                  ^~~~~~~~
/home/ec2-user/arduino-testlib/cli-datadir/user/libraries/Sodaq_UBlox_GPS/examples/test_ublox_gps/test_ublox_gps.ino:49:18: note: suggested alternative: &#39;LED_BUILTIN&#39;
     digitalWrite(LED_BLUE, HIGH);
                  ^~~~~~~~
                  LED_BUILTIN
/home/ec2-user/arduino-testlib/cli-datadir/user/libraries/Sodaq_UBlox_GPS/examples/test_ublox_gps/test_ublox_gps.ino:58:20: error: &#39;GPS_ENABLE&#39; was not declared in this scope
     sodaq_gps.init(GPS_ENABLE);
                    ^~~~~~~~~~
/home/ec2-user/arduino-testlib/cli-datadir/user/libraries/Sodaq_UBlox_GPS/examples/test_ublox_gps/test_ublox_gps.ino:58:20: note: suggested alternative: &#39;SPI_ENABLE_bm&#39;
     sodaq_gps.init(GPS_ENABLE);
                    ^~~~~~~~~~
                    SPI_ENABLE_bm

</pre>
					
				
				<h3 id="arduino:samd:mkrwifi1010">arduino:samd:mkrwifi1010 @ 1.8.12</h3>
				<h4>Inclusion</h4>
				<p>
					Result: <b>PASS</b>
					
				</p>
				<pre class="pre-scrollable">Sketch uses 13696 bytes (5%) of program storage space. Maximum is 262144 bytes.
Global variables use 3652 bytes (11%) of dynamic memory, leaving 29116 bytes for local variables. Maximum is 32768 bytes.
</pre>

					
					<h4>examples/test_ublox_gps</h4>
					<p>
						Result: <b>FAIL</b>
					</p>
					<pre class="pre-scrollable">/home/ec2-user/arduino-testlib/cli-datadir/user/libraries/Sodaq_UBlox_GPS/examples/test_ublox_gps/test_ublox_gps.ino: In function &#39;void setup()&#39;:
/home/ec2-user/arduino-testlib/cli-datadir/user/libraries/Sodaq_UBlox_GPS/examples/test_ublox_gps/test_ublox_gps.ino:45:18: error: &#39;LED_RED&#39; was not declared in this scope
     digitalWrite(LED_RED, HIGH);
                  ^~~~~~~
/home/ec2-user/arduino-testlib/cli-datadir/user/libraries/Sodaq_UBlox_GPS/examples/test_ublox_gps/test_ublox_gps.ino:47:18: error: &#39;LED_GREEN&#39; was not declared in this scope
     digitalWrite(LED_GREEN, HIGH);
                  ^~~~~~~~~
/home/ec2-user/arduino-testlib/cli-datadir/user/libraries/Sodaq_UBlox_GPS/examples/test_ublox_gps/test_ublox_gps.ino:49:18: error: &#39;LED_BLUE&#39; was not declared in this scope
     digitalWrite(LED_BLUE, HIGH);
                  ^~~~~~~~
/home/ec2-user/arduino-testlib/cli-datadir/user/libraries/Sodaq_UBlox_GPS/examples/test_ublox_gps/test_ublox_gps.ino:58:20: error: &#39;GPS_ENABLE&#39; was not declared in this scope
     sodaq_gps.init(GPS_ENABLE);
                    ^~~~~~~~~~
/home/ec2-user/arduino-testlib/cli-datadir/user/libraries/Sodaq_UBlox_GPS/examples/test_ublox_gps/test_ublox_gps.ino:58:20: note: suggested alternative: &#39;CDC_ENABLED&#39;
     sodaq_gps.init(GPS_ENABLE);
                    ^~~~~~~~~~
                    CDC_ENABLED

</pre>
					
				
				<h3 id="esp32:esp32:d1_mini32">esp32:esp32:d1_mini32 @ 1.0.6</h3>
				<h4>Inclusion</h4>
				<p>
					Result: <b>PASS</b>
					
				</p>
				<pre class="pre-scrollable">WARNING: library Sodaq_UBlox_GPS claims to run on samd architecture(s) and may be incompatible with your current board which runs on esp32 architecture(s).
Sketch uses 203142 bytes (15%) of program storage space. Maximum is 1310720 bytes.
Global variables use 13960 bytes (4%) of dynamic memory, leaving 313720 bytes for local variables. Maximum is 327680 bytes.
In file included from /home/ec2-user/arduino-testlib/cli-datadir/user/libraries/Sodaq_UBlox_GPS/src/Sodaq_UBlox_GPS.cpp:21:0:
/home/ec2-user/arduino-testlib/cli-datadir/data/packages/esp32/hardware/esp32/1.0.6/libraries/Wire/src/Wire.h: In member function &#39;uint8_t Sodaq_UBlox_GPS::read()&#39;:
/home/ec2-user/arduino-testlib/cli-datadir/data/packages/esp32/hardware/esp32/1.0.6/libraries/Wire/src/Wire.h:102:13: note: candidate 1: uint8_t TwoWire::requestFrom(int, int, int)
     uint8_t requestFrom(int address, int size, int sendStop);
             ^
/home/ec2-user/arduino-testlib/cli-datadir/data/packages/esp32/hardware/esp32/1.0.6/libraries/Wire/src/Wire.h:100:13: note: candidate 2: uint8_t TwoWire::requestFrom(uint8_t, uint8_t, uint8_t)
     uint8_t requestFrom(uint8_t address, uint8_t size, uint8_t sendStop);
             ^
/home/ec2-user/arduino-testlib/cli-datadir/data/packages/esp32/hardware/esp32/1.0.6/libraries/Wire/src/Wire.h:102:13: note: candidate 1: uint8_t TwoWire::requestFrom(int, int, int)
     uint8_t requestFrom(int address, int size, int sendStop);
             ^
/home/ec2-user/arduino-testlib/cli-datadir/data/packages/esp32/hardware/esp32/1.0.6/libraries/Wire/src/Wire.h:97:13: note: candidate 2: uint8_t TwoWire::requestFrom(uint16_t, uint8_t, bool)
     uint8_t requestFrom(uint16_t address, uint8_t size, bool sendStop);
             ^
</pre>

					
					<h4>examples/test_ublox_gps</h4>
					<p>
						Result: <b>FAIL</b>
					</p>
					<pre class="pre-scrollable">WARNING: library Sodaq_UBlox_GPS claims to run on samd architecture(s) and may be incompatible with your current board which runs on esp32 architecture(s).
/home/ec2-user/arduino-testlib/cli-datadir/user/libraries/Sodaq_UBlox_GPS/examples/test_ublox_gps/test_ublox_gps.ino: In function &#39;void setup()&#39;:
/home/ec2-user/arduino-testlib/cli-datadir/user/libraries/Sodaq_UBlox_GPS/examples/test_ublox_gps/test_ublox_gps.ino:39:13: error: &#39;SerialUSB&#39; was not declared in this scope
     while (!SerialUSB) {
             ^
/home/ec2-user/arduino-testlib/cli-datadir/user/libraries/Sodaq_UBlox_GPS/examples/test_ublox_gps/test_ublox_gps.ino:5:25: error: &#39;SERIAL_PORT_MONITOR&#39; was not declared in this scope
 #define MySerial        SERIAL_PORT_MONITOR
                         ^
/home/ec2-user/arduino-testlib/cli-datadir/user/libraries/Sodaq_UBlox_GPS/examples/test_ublox_gps/test_ublox_gps.ino:43:5: note: in expansion of macro &#39;MySerial&#39;
     MySerial.begin(57600);
     ^
/home/ec2-user/arduino-testlib/cli-datadir/user/libraries/Sodaq_UBlox_GPS/examples/test_ublox_gps/test_ublox_gps.ino:45:18: error: &#39;LED_RED&#39; was not declared in this scope
     digitalWrite(LED_RED, HIGH);
                  ^
/home/ec2-user/arduino-testlib/cli-datadir/user/libraries/Sodaq_UBlox_GPS/examples/test_ublox_gps/test_ublox_gps.ino:47:18: error: &#39;LED_GREEN&#39; was not declared in this scope
     digitalWrite(LED_GREEN, HIGH);
                  ^
/home/ec2-user/arduino-testlib/cli-datadir/user/libraries/Sodaq_UBlox_GPS/examples/test_ublox_gps/test_ublox_gps.ino:49:18: error: &#39;LED_BLUE&#39; was not declared in this scope
     digitalWrite(LED_BLUE, HIGH);
                  ^
/home/ec2-user/arduino-testlib/cli-datadir/user/libraries/Sodaq_UBlox_GPS/examples/test_ublox_gps/test_ublox_gps.ino:58:20: error: &#39;GPS_ENABLE&#39; was not declared in this scope
     sodaq_gps.init(GPS_ENABLE);
                    ^
/home/ec2-user/arduino-testlib/cli-datadir/user/libraries/Sodaq_UBlox_GPS/examples/test_ublox_gps/test_ublox_gps.ino: In function &#39;void find_fix(uint32_t)&#39;:
/home/ec2-user/arduino-testlib/cli-datadir/user/libraries/Sodaq_UBlox_GPS/examples/test_ublox_gps/test_ublox_gps.ino:5:25: error: &#39;SERIAL_PORT_MONITOR&#39; was not declared in this scope
 #define MySerial        SERIAL_PORT_MONITOR
                         ^
/home/ec2-user/arduino-testlib/cli-datadir/user/libraries/Sodaq_UBlox_GPS/examples/test_ublox_gps/test_ublox_gps.ino:85:5: note: in expansion of macro &#39;MySerial&#39;
     MySerial.println(String(&#34;delay ... &#34;) &#43; delay_until &#43; String(&#34;ms&#34;));
     ^

</pre>
					
				
			</div>
		</div>
	</div>
  </body>
</html>
