
<!doctype html>
<html lang="en">
  <head>
    <meta charset="utf-8">
    <meta name="viewport" content="width=device-width, initial-scale=1">
    <link href="https://cdn.jsdelivr.net/npm/bootstrap@5.0.2/dist/css/bootstrap.min.css" rel="stylesheet" integrity="sha384-EVSTQN3/azprG1Anm3QDgpJLIm9Nao0Yz1ztcQTwFspd3yD65VohhpuuCOmLASjC" crossorigin="anonymous">
    <title>arduino-testlib report</title>
	<style>
	.pass { background-color: #00FF00 !important; }
	.fail { background-color: #FF0000 !important; }
	</style>
  </head>
  <body>
	<div class="container">
		<div class="row">
			<div class="col">
				<h1>SoftModem - compatibility matrix</h1>
				<p>
					<small>This report was generated on Wednesday, 23-Feb-22 22:48:15 CET using 
					<a href="https://github.com/alranel/arduino-testlib">arduino-testlib</a>.</small>
				</p>

				<h2>SoftModem</h2>
				<p>
					Version: <b>1.0</b>
					<br />
					<a href="https://www.arduino.cc/reference/en/libraries/softmodem/">More details</a>
				</p>

				<h2>Compatibility matrix</h2>
				<table class="table table-bordered">
					<tr>
						<th>Board</th>
						<th>Claims compatibility</th>
						<th>Inclusion</th>
						
					</tr>
					
					<tr>
						<td>
							<a href="#arduino%3aavr%3auno"><b>arduino:avr:uno</b></a>
							<br />
							<small>1.8.4</small>
						</td>

						
							<td>Yes</td>
							<td class="pass">PASS</td>
						
						
						
						

						
					</tr>
					
					<tr>
						<td>
							<a href="#arduino%3ambed_nano%3ananorp2040connect"><b>arduino:mbed_nano:nanorp2040connect</b></a>
							<br />
							<small>2.7.2</small>
						</td>

						
						
						
						
							<td>No</td>
							<td class="fail">FAIL</td>
						

						
					</tr>
					
					<tr>
						<td>
							<a href="#arduino%3amegaavr%3anona4809"><b>arduino:megaavr:nona4809</b></a>
							<br />
							<small>1.8.7</small>
						</td>

						
						
						
						
							<td>No</td>
							<td class="fail">FAIL</td>
						

						
					</tr>
					
					<tr>
						<td>
							<a href="#arduino%3asamd%3amkrwifi1010"><b>arduino:samd:mkrwifi1010</b></a>
							<br />
							<small>1.8.12</small>
						</td>

						
						
						
						
							<td>No</td>
							<td class="fail">FAIL</td>
						

						
					</tr>
					
					<tr>
						<td>
							<a href="#esp32%3aesp32%3ad1_mini32"><b>esp32:esp32:d1_mini32</b></a>
							<br />
							<small>1.0.6</small>
						</td>

						
						
						
						
							<td>No</td>
							<td class="fail">FAIL</td>
						

						
					</tr>
					
				</table>

				<h2>Compilation logs</h2>
				
				<h3 id="arduino:avr:uno">arduino:avr:uno @ 1.8.4</h3>
				<h4>Inclusion</h4>
				<p>
					Result: <b>PASS</b>
					
				</p>
				<pre class="pre-scrollable">Sketch uses 746 bytes (2%) of program storage space. Maximum is 32256 bytes.
Global variables use 9 bytes (0%) of dynamic memory, leaving 2039 bytes for local variables. Maximum is 2048 bytes.
</pre>

					
				
				<h3 id="arduino:mbed_nano:nanorp2040connect">arduino:mbed_nano:nanorp2040connect @ 2.7.2</h3>
				<h4>Inclusion</h4>
				<p>
					Result: <b>FAIL</b>
					
				</p>
				<pre class="pre-scrollable">WARNING: library SoftModem claims to run on avr architecture(s) and may be incompatible with your current board which runs on mbed_nano architecture(s).
/home/ec2-user/arduino-testlib/cli-datadir/user/libraries/SoftModem/SoftModem.cpp: In member function &#39;void SoftModem::begin()&#39;:
/home/ec2-user/arduino-testlib/cli-datadir/user/libraries/SoftModem/SoftModem.cpp:85:15: error: &#39;portOutputRegister&#39; was not declared in this scope
  _txPortReg = portOutputRegister(digitalPinToPort(TX_PIN));
               ^~~~~~~~~~~~~~~~~~
/home/ec2-user/arduino-testlib/cli-datadir/user/libraries/SoftModem/SoftModem.cpp:86:16: error: &#39;digitalPinToBitMask&#39; was not declared in this scope
  _txPortMask = digitalPinToBitMask(TX_PIN);
                ^~~~~~~~~~~~~~~~~~~
/home/ec2-user/arduino-testlib/cli-datadir/user/libraries/SoftModem/SoftModem.cpp:86:16: note: suggested alternative: &#39;digitalPinToPinName&#39;
  _txPortMask = digitalPinToBitMask(TX_PIN);
                ^~~~~~~~~~~~~~~~~~~
                digitalPinToPinName
/home/ec2-user/arduino-testlib/cli-datadir/user/libraries/SoftModem/SoftModem.cpp:99:14: error: &#39;TCNT2&#39; was not declared in this scope
  _lastTCNT = TCNT2;
              ^~~~~
/home/ec2-user/arduino-testlib/cli-datadir/user/libraries/SoftModem/SoftModem.cpp:102:2: error: &#39;TCCR2A&#39; was not declared in this scope
  TCCR2A = 0;
  ^~~~~~
/home/ec2-user/arduino-testlib/cli-datadir/user/libraries/SoftModem/SoftModem.cpp:103:2: error: &#39;TCCR2B&#39; was not declared in this scope
  TCCR2B = TIMER_CLOCK_SELECT;
  ^~~~~~
/home/ec2-user/arduino-testlib/cli-datadir/user/libraries/SoftModem/SoftModem.cpp:104:2: error: &#39;ACSR&#39; was not declared in this scope
  ACSR   = _BV(ACIE) | _BV(ACIS1);
  ^~~~
/home/ec2-user/arduino-testlib/cli-datadir/user/libraries/SoftModem/SoftModem.cpp:104:15: error: &#39;ACIE&#39; was not declared in this scope
  ACSR   = _BV(ACIE) | _BV(ACIS1);
               ^~~~
/home/ec2-user/arduino-testlib/cli-datadir/user/libraries/SoftModem/SoftModem.cpp:104:11: error: &#39;_BV&#39; was not declared in this scope
  ACSR   = _BV(ACIE) | _BV(ACIS1);
           ^~~
/home/ec2-user/arduino-testlib/cli-datadir/user/libraries/SoftModem/SoftModem.cpp:104:11: note: suggested alternative: &#39;_B&#39;
  ACSR   = _BV(ACIE) | _BV(ACIS1);
           ^~~
           _B
/home/ec2-user/arduino-testlib/cli-datadir/user/libraries/SoftModem/SoftModem.cpp:104:27: error: &#39;ACIS1&#39; was not declared in this scope
  ACSR   = _BV(ACIE) | _BV(ACIS1);
                           ^~~~~
/home/ec2-user/arduino-testlib/cli-datadir/user/libraries/SoftModem/SoftModem.cpp:105:2: error: &#39;DIDR1&#39; was not declared in this scope
  DIDR1  = _BV(AIN1D) | _BV(AIN0D);
  ^~~~~
/home/ec2-user/arduino-testlib/cli-datadir/user/libraries/SoftModem/SoftModem.cpp:105:2: note: suggested alternative: &#39;DIR&#39;
  DIDR1  = _BV(AIN1D) | _BV(AIN0D);
  ^~~~~
  DIR
/home/ec2-user/arduino-testlib/cli-datadir/user/libraries/SoftModem/SoftModem.cpp:105:15: error: &#39;AIN1D&#39; was not declared in this scope
  DIDR1  = _BV(AIN1D) | _BV(AIN0D);
               ^~~~~
/home/ec2-user/arduino-testlib/cli-datadir/user/libraries/SoftModem/SoftModem.cpp:105:28: error: &#39;AIN0D&#39; was not declared in this scope
  DIDR1  = _BV(AIN1D) | _BV(AIN0D);
                            ^~~~~
/home/ec2-user/arduino-testlib/cli-datadir/user/libraries/SoftModem/SoftModem.cpp: In member function &#39;void SoftModem::end()&#39;:
/home/ec2-user/arduino-testlib/cli-datadir/user/libraries/SoftModem/SoftModem.cpp:110:2: error: &#39;ACSR&#39; was not declared in this scope
  ACSR   &amp;= ~(_BV(ACIE));
  ^~~~
/home/ec2-user/arduino-testlib/cli-datadir/user/libraries/SoftModem/SoftModem.cpp:110:18: error: &#39;ACIE&#39; was not declared in this scope
  ACSR   &amp;= ~(_BV(ACIE));
                  ^~~~
/home/ec2-user/arduino-testlib/cli-datadir/user/libraries/SoftModem/SoftModem.cpp:110:14: error: &#39;_BV&#39; was not declared in this scope
  ACSR   &amp;= ~(_BV(ACIE));
              ^~~
/home/ec2-user/arduino-testlib/cli-datadir/user/libraries/SoftModem/SoftModem.cpp:110:14: note: suggested alternative: &#39;_B&#39;
  ACSR   &amp;= ~(_BV(ACIE));
              ^~~
              _B
/home/ec2-user/arduino-testlib/cli-datadir/user/libraries/SoftModem/SoftModem.cpp:111:2: error: &#39;TIMSK2&#39; was not declared in this scope
  TIMSK2 &amp;= ~(_BV(OCIE2A));
  ^~~~~~
/home/ec2-user/arduino-testlib/cli-datadir/user/libraries/SoftModem/SoftModem.cpp:111:2: note: suggested alternative: &#39;TIMER&#39;
  TIMSK2 &amp;= ~(_BV(OCIE2A));
  ^~~~~~
  TIMER
/home/ec2-user/arduino-testlib/cli-datadir/user/libraries/SoftModem/SoftModem.cpp:111:18: error: &#39;OCIE2A&#39; was not declared in this scope
  TIMSK2 &amp;= ~(_BV(OCIE2A));
                  ^~~~~~
/home/ec2-user/arduino-testlib/cli-datadir/user/libraries/SoftModem/SoftModem.cpp:112:2: error: &#39;DIDR1&#39; was not declared in this scope
  DIDR1  &amp;= ~(_BV(AIN1D) | _BV(AIN0D));
  ^~~~~
/home/ec2-user/arduino-testlib/cli-datadir/user/libraries/SoftModem/SoftModem.cpp:112:2: note: suggested alternative: &#39;DIR&#39;
  DIDR1  &amp;= ~(_BV(AIN1D) | _BV(AIN0D));
  ^~~~~
  DIR
/home/ec2-user/arduino-testlib/cli-datadir/user/libraries/SoftModem/SoftModem.cpp:112:18: error: &#39;AIN1D&#39; was not declared in this scope
  DIDR1  &amp;= ~(_BV(AIN1D) | _BV(AIN0D));
                  ^~~~~
/home/ec2-user/arduino-testlib/cli-datadir/user/libraries/SoftModem/SoftModem.cpp:112:31: error: &#39;AIN0D&#39; was not declared in this scope
  DIDR1  &amp;= ~(_BV(AIN1D) | _BV(AIN0D));
                               ^~~~~
/home/ec2-user/arduino-testlib/cli-datadir/user/libraries/SoftModem/SoftModem.cpp: In member function &#39;void SoftModem::demodulate()&#39;:
/home/ec2-user/arduino-testlib/cli-datadir/user/libraries/SoftModem/SoftModem.cpp:118:14: error: &#39;TCNT2&#39; was not declared in this scope
  uint8_t t = TCNT2;
              ^~~~~
/home/ec2-user/arduino-testlib/cli-datadir/user/libraries/SoftModem/SoftModem.cpp:45:35: error: &#39;clockCyclesToMicroseconds&#39; was not declared in this scope
 #define MICROS_PER_TIMER_COUNT   (clockCyclesToMicroseconds(32))
                                   ^
/home/ec2-user/arduino-testlib/cli-datadir/user/libraries/SoftModem/SoftModem.cpp:60:43: note: in expansion of macro &#39;MICROS_PER_TIMER_COUNT&#39;
 #define TCNT_LOW_FREQ    (LOW_FREQ_MICROS/MICROS_PER_TIMER_COUNT)
                                           ^~~~~~~~~~~~~~~~~~~~~~
/home/ec2-user/arduino-testlib/cli-datadir/user/libraries/SoftModem/SoftModem.cpp:65:27: note: in expansion of macro &#39;TCNT_LOW_FREQ&#39;
 #define TCNT_LOW_TH_H    (TCNT_LOW_FREQ * 1.10)
                           ^~~~~~~~~~~~~
/home/ec2-user/arduino-testlib/cli-datadir/user/libraries/SoftModem/SoftModem.cpp:128:22: note: in expansion of macro &#39;TCNT_LOW_TH_H&#39;
  if(diff &gt; (uint8_t)(TCNT_LOW_TH_H))
                      ^~~~~~~~~~~~~
/home/ec2-user/arduino-testlib/cli-datadir/user/libraries/SoftModem/SoftModem.cpp:45:35: note: suggested alternative: &#39;delayMicroseconds&#39;
 #define MICROS_PER_TIMER_COUNT   (clockCyclesToMicroseconds(32))
                                   ^
/home/ec2-user/arduino-testlib/cli-datadir/user/libraries/SoftModem/SoftModem.cpp:60:43: note: in expansion of macro &#39;MICROS_PER_TIMER_COUNT&#39;
 #define TCNT_LOW_FREQ    (LOW_FREQ_MICROS/MICROS_PER_TIMER_COUNT)
                                           ^~~~~~~~~~~~~~~~~~~~~~
/home/ec2-user/arduino-testlib/cli-datadir/user/libraries/SoftModem/SoftModem.cpp:65:27: note: in expansion of macro &#39;TCNT_LOW_FREQ&#39;
 #define TCNT_LOW_TH_H    (TCNT_LOW_FREQ * 1.10)
                           ^~~~~~~~~~~~~
/home/ec2-user/arduino-testlib/cli-datadir/user/libraries/SoftModem/SoftModem.cpp:128:22: note: in expansion of macro &#39;TCNT_LOW_TH_H&#39;
  if(diff &gt; (uint8_t)(TCNT_LOW_TH_H))
                      ^~~~~~~~~~~~~
/home/ec2-user/arduino-testlib/cli-datadir/user/libraries/SoftModem/SoftModem.cpp:45:35: error: &#39;clockCyclesToMicroseconds&#39; was not declared in this scope
 #define MICROS_PER_TIMER_COUNT   (clockCyclesToMicroseconds(32))
                                   ^
/home/ec2-user/arduino-testlib/cli-datadir/user/libraries/SoftModem/SoftModem.cpp:60:43: note: in expansion of macro &#39;MICROS_PER_TIMER_COUNT&#39;
 #define TCNT_LOW_FREQ    (LOW_FREQ_MICROS/MICROS_PER_TIMER_COUNT)
                                           ^~~~~~~~~~~~~~~~~~~~~~
/home/ec2-user/arduino-testlib/cli-datadir/user/libraries/SoftModem/SoftModem.cpp:64:27: note: in expansion of macro &#39;TCNT_LOW_FREQ&#39;
 #define TCNT_LOW_TH_L    (TCNT_LOW_FREQ * 0.85)
                           ^~~~~~~~~~~~~
/home/ec2-user/arduino-testlib/cli-datadir/user/libraries/SoftModem/SoftModem.cpp:138:28: note: in expansion of macro &#39;TCNT_LOW_TH_L&#39;
  if(_lastDiff &gt;= (uint8_t)(TCNT_LOW_TH_L)){
                            ^~~~~~~~~~~~~
/home/ec2-user/arduino-testlib/cli-datadir/user/libraries/SoftModem/SoftModem.cpp:45:35: note: suggested alternative: &#39;delayMicroseconds&#39;
 #define MICROS_PER_TIMER_COUNT   (clockCyclesToMicroseconds(32))
                                   ^
/home/ec2-user/arduino-testlib/cli-datadir/user/libraries/SoftModem/SoftModem.cpp:60:43: note: in expansion of macro &#39;MICROS_PER_TIMER_COUNT&#39;
 #define TCNT_LOW_FREQ    (LOW_FREQ_MICROS/MICROS_PER_TIMER_COUNT)
                                           ^~~~~~~~~~~~~~~~~~~~~~
/home/ec2-user/arduino-testlib/cli-datadir/user/libraries/SoftModem/SoftModem.cpp:64:27: note: in expansion of macro &#39;TCNT_LOW_FREQ&#39;
 #define TCNT_LOW_TH_L    (TCNT_LOW_FREQ * 0.85)
                           ^~~~~~~~~~~~~
/home/ec2-user/arduino-testlib/cli-datadir/user/libraries/SoftModem/SoftModem.cpp:138:28: note: in expansion of macro &#39;TCNT_LOW_TH_L&#39;
  if(_lastDiff &gt;= (uint8_t)(TCNT_LOW_TH_L)){
                            ^~~~~~~~~~~~~
/home/ec2-user/arduino-testlib/cli-datadir/user/libraries/SoftModem/SoftModem.cpp:146:5: error: &#39;OCR2A&#39; was not declared in this scope
     OCR2A = t &#43; (uint8_t)(TCNT_BIT_PERIOD) - _lowCount;
     ^~~~~
/home/ec2-user/arduino-testlib/cli-datadir/user/libraries/SoftModem/SoftModem.cpp:147:5: error: &#39;TIFR2&#39; was not declared in this scope
     TIFR2 |= _BV(OCF2A);
     ^~~~~
/home/ec2-user/arduino-testlib/cli-datadir/user/librari</pre>

					
				
				<h3 id="arduino:megaavr:nona4809">arduino:megaavr:nona4809 @ 1.8.7</h3>
				<h4>Inclusion</h4>
				<p>
					Result: <b>FAIL</b>
					
				</p>
				<pre class="pre-scrollable">WARNING: library SoftModem claims to run on avr architecture(s) and may be incompatible with your current board which runs on megaavr architecture(s).
/home/ec2-user/arduino-testlib/cli-datadir/user/libraries/SoftModem/SoftModem.cpp: In member function &#39;void SoftModem::begin()&#39;:
/home/ec2-user/arduino-testlib/cli-datadir/user/libraries/SoftModem/SoftModem.cpp:99:14: error: &#39;TCNT2&#39; was not declared in this scope
  _lastTCNT = TCNT2;
              ^~~~~
/home/ec2-user/arduino-testlib/cli-datadir/user/libraries/SoftModem/SoftModem.cpp:99:14: note: suggested alternative: &#39;TCB2&#39;
  _lastTCNT = TCNT2;
              ^~~~~
              TCB2
/home/ec2-user/arduino-testlib/cli-datadir/user/libraries/SoftModem/SoftModem.cpp:102:2: error: &#39;TCCR2A&#39; was not declared in this scope
  TCCR2A = 0;
  ^~~~~~
/home/ec2-user/arduino-testlib/cli-datadir/user/libraries/SoftModem/SoftModem.cpp:102:2: note: suggested alternative: &#39;TCB2&#39;
  TCCR2A = 0;
  ^~~~~~
  TCB2
/home/ec2-user/arduino-testlib/cli-datadir/user/libraries/SoftModem/SoftModem.cpp:103:2: error: &#39;TCCR2B&#39; was not declared in this scope
  TCCR2B = TIMER_CLOCK_SELECT;
  ^~~~~~
/home/ec2-user/arduino-testlib/cli-datadir/user/libraries/SoftModem/SoftModem.cpp:103:2: note: suggested alternative: &#39;TCB2&#39;
  TCCR2B = TIMER_CLOCK_SELECT;
  ^~~~~~
  TCB2
/home/ec2-user/arduino-testlib/cli-datadir/user/libraries/SoftModem/SoftModem.cpp:104:2: error: &#39;ACSR&#39; was not declared in this scope
  ACSR   = _BV(ACIE) | _BV(ACIS1);
  ^~~~
/home/ec2-user/arduino-testlib/cli-datadir/user/libraries/SoftModem/SoftModem.cpp:104:2: note: suggested alternative: &#39;AC_t&#39;
  ACSR   = _BV(ACIE) | _BV(ACIS1);
  ^~~~
  AC_t
In file included from /home/ec2-user/arduino-testlib/cli-datadir/data/packages/arduino/tools/avr-gcc/7.3.0-atmel3.6.1-arduino5/avr/include/avr/io.h:99:0,
                 from /home/ec2-user/arduino-testlib/cli-datadir/data/packages/arduino/tools/avr-gcc/7.3.0-atmel3.6.1-arduino5/avr/include/avr/pgmspace.h:90,
                 from /home/ec2-user/arduino-testlib/cli-datadir/data/packages/arduino/hardware/megaavr/1.8.7/cores/arduino/api/String.h:31,
                 from /home/ec2-user/arduino-testlib/cli-datadir/data/packages/arduino/hardware/megaavr/1.8.7/cores/arduino/api/IPAddress.h:24,
                 from /home/ec2-user/arduino-testlib/cli-datadir/data/packages/arduino/hardware/megaavr/1.8.7/cores/arduino/api/ArduinoAPI.h:30,
                 from /home/ec2-user/arduino-testlib/cli-datadir/data/packages/arduino/hardware/megaavr/1.8.7/cores/arduino/Arduino.h:23,
                 from /home/ec2-user/arduino-testlib/cli-datadir/user/libraries/SoftModem/SoftModem.h:4,
                 from /home/ec2-user/arduino-testlib/cli-datadir/user/libraries/SoftModem/SoftModem.cpp:1:
/home/ec2-user/arduino-testlib/cli-datadir/user/libraries/SoftModem/SoftModem.cpp:104:15: error: &#39;ACIE&#39; was not declared in this scope
  ACSR   = _BV(ACIE) | _BV(ACIS1);
               ^
/home/ec2-user/arduino-testlib/cli-datadir/user/libraries/SoftModem/SoftModem.cpp:104:15: note: suggested alternative: &#39;AC_t&#39;
/home/ec2-user/arduino-testlib/cli-datadir/user/libraries/SoftModem/SoftModem.cpp:104:27: error: &#39;ACIS1&#39; was not declared in this scope
  ACSR   = _BV(ACIE) | _BV(ACIS1);
                           ^
/home/ec2-user/arduino-testlib/cli-datadir/user/libraries/SoftModem/SoftModem.cpp:105:2: error: &#39;DIDR1&#39; was not declared in this scope
  DIDR1  = _BV(AIN1D) | _BV(AIN0D);
  ^~~~~
/home/ec2-user/arduino-testlib/cli-datadir/user/libraries/SoftModem/SoftModem.cpp:105:2: note: suggested alternative: &#39;DDRD&#39;
  DIDR1  = _BV(AIN1D) | _BV(AIN0D);
  ^~~~~
  DDRD
In file included from /home/ec2-user/arduino-testlib/cli-datadir/data/packages/arduino/tools/avr-gcc/7.3.0-atmel3.6.1-arduino5/avr/include/avr/io.h:99:0,
                 from /home/ec2-user/arduino-testlib/cli-datadir/data/packages/arduino/tools/avr-gcc/7.3.0-atmel3.6.1-arduino5/avr/include/avr/pgmspace.h:90,
                 from /home/ec2-user/arduino-testlib/cli-datadir/data/packages/arduino/hardware/megaavr/1.8.7/cores/arduino/api/String.h:31,
                 from /home/ec2-user/arduino-testlib/cli-datadir/data/packages/arduino/hardware/megaavr/1.8.7/cores/arduino/api/IPAddress.h:24,
                 from /home/ec2-user/arduino-testlib/cli-datadir/data/packages/arduino/hardware/megaavr/1.8.7/cores/arduino/api/ArduinoAPI.h:30,
                 from /home/ec2-user/arduino-testlib/cli-datadir/data/packages/arduino/hardware/megaavr/1.8.7/cores/arduino/Arduino.h:23,
                 from /home/ec2-user/arduino-testlib/cli-datadir/user/libraries/SoftModem/SoftModem.h:4,
                 from /home/ec2-user/arduino-testlib/cli-datadir/user/libraries/SoftModem/SoftModem.cpp:1:
/home/ec2-user/arduino-testlib/cli-datadir/user/libraries/SoftModem/SoftModem.cpp:105:15: error: &#39;AIN1D&#39; was not declared in this scope
  DIDR1  = _BV(AIN1D) | _BV(AIN0D);
               ^
/home/ec2-user/arduino-testlib/cli-datadir/user/libraries/SoftModem/SoftModem.cpp:105:15: note: suggested alternative: &#39;PIN1&#39;
/home/ec2-user/arduino-testlib/cli-datadir/user/libraries/SoftModem/SoftModem.cpp:105:28: error: &#39;AIN0D&#39; was not declared in this scope
  DIDR1  = _BV(AIN1D) | _BV(AIN0D);
                            ^
/home/ec2-user/arduino-testlib/cli-datadir/user/libraries/SoftModem/SoftModem.cpp:105:28: note: suggested alternative: &#39;PIN0&#39;
/home/ec2-user/arduino-testlib/cli-datadir/user/libraries/SoftModem/SoftModem.cpp: In member function &#39;void SoftModem::end()&#39;:
/home/ec2-user/arduino-testlib/cli-datadir/user/libraries/SoftModem/SoftModem.cpp:110:2: error: &#39;ACSR&#39; was not declared in this scope
  ACSR   &amp;= ~(_BV(ACIE));
  ^~~~
/home/ec2-user/arduino-testlib/cli-datadir/user/libraries/SoftModem/SoftModem.cpp:110:2: note: suggested alternative: &#39;AC_t&#39;
  ACSR   &amp;= ~(_BV(ACIE));
  ^~~~
  AC_t
In file included from /home/ec2-user/arduino-testlib/cli-datadir/data/packages/arduino/tools/avr-gcc/7.3.0-atmel3.6.1-arduino5/avr/include/avr/io.h:99:0,
                 from /home/ec2-user/arduino-testlib/cli-datadir/data/packages/arduino/tools/avr-gcc/7.3.0-atmel3.6.1-arduino5/avr/include/avr/pgmspace.h:90,
                 from /home/ec2-user/arduino-testlib/cli-datadir/data/packages/arduino/hardware/megaavr/1.8.7/cores/arduino/api/String.h:31,
                 from /home/ec2-user/arduino-testlib/cli-datadir/data/packages/arduino/hardware/megaavr/1.8.7/cores/arduino/api/IPAddress.h:24,
                 from /home/ec2-user/arduino-testlib/cli-datadir/data/packages/arduino/hardware/megaavr/1.8.7/cores/arduino/api/ArduinoAPI.h:30,
                 from /home/ec2-user/arduino-testlib/cli-datadir/data/packages/arduino/hardware/megaavr/1.8.7/cores/arduino/Arduino.h:23,
                 from /home/ec2-user/arduino-testlib/cli-datadir/user/libraries/SoftModem/SoftModem.h:4,
                 from /home/ec2-user/arduino-testlib/cli-datadir/user/libraries/SoftModem/SoftModem.cpp:1:
/home/ec2-user/arduino-testlib/cli-datadir/user/libraries/SoftModem/SoftModem.cpp:110:18: error: &#39;ACIE&#39; was not declared in this scope
  ACSR   &amp;= ~(_BV(ACIE));
                  ^
/home/ec2-user/arduino-testlib/cli-datadir/user/libraries/SoftModem/SoftModem.cpp:110:18: note: suggested alternative: &#39;AC_t&#39;
/home/ec2-user/arduino-testlib/cli-datadir/user/libraries/SoftModem/SoftModem.cpp:111:2: error: &#39;TIMSK2&#39; was not declared in this scope
  TIMSK2 &amp;= ~(_BV(OCIE2A));
  ^~~~~~
/home/ec2-user/arduino-testlib/cli-datadir/user/libraries/SoftModem/SoftModem.cpp:111:2: note: suggested alternative: &#39;TIMERB2&#39;
  TIMSK2 &amp;= ~(_BV(OCIE2A));
  ^~~~~~
  TIMERB2
In file included from /home/ec2-user/arduino-testlib/cli-datadir/data/packages/arduino/tools/avr-gcc/7.3.0-atmel3.6.1-arduino5/avr/include/avr/io.h:99:0,
                 from /home/ec2-user/arduino-testlib/cli-datadir/data/packages/arduino/tools/avr-gcc/7.3.0-atmel3.6.1-arduino5/avr/include/avr/pgmspace.h:90,
                 from /home/ec2-user/arduino-testlib/cli-datadir/data/packages/arduino/hardware/megaavr/1.8.7/cores/arduino/api/String.h:31,
                 from /home/ec2-user/arduino-testlib/cli-datadir/data/packages/arduino/hardware/megaavr/1.8.7/cores/arduino/api/IPAddress.h:24,
                 from /home/ec2-user/arduino-testlib/cli-datadir/data/packages/arduino/hardware/megaavr/1.8.7/cores/arduino/api/ArduinoAPI.h:30,
                 from /home/ec2-user/arduino-testlib/cli-datadir/data/packages/arduino/hardware/megaavr/1.8.7/cores/arduino/Arduino.h:23,
                 from /home/ec2-user/arduino-testlib/cli-datadir/user/libraries/SoftModem/SoftModem.h:4,
                 from /home/ec2-user/arduino-testlib/cli-datadir/user/libraries/SoftModem/SoftModem.cpp:1:
/home/ec2-user/arduino-testlib/cli-datadir/user/libraries/SoftModem/SoftModem.cpp:111:18: error: &#39;OCIE2A&#39; was not declared in this scope
  TIMSK2 &amp;= ~(_BV(OCIE2A));
                  ^
/home/ec2-user/arduino-testlib/cli-datadir/user/libraries/SoftModem/SoftModem.cpp:112:2: error: &#39;DIDR1&#39; was not declared in this scope
  DIDR1  &amp;= ~(_BV(AIN1D) | _BV(AIN0D));
  ^~~~~
/home/ec2-user/arduino-testlib/cli-datadir/user/libraries/SoftModem/SoftModem.cpp:112:2: note: suggested alternative: &#39;DDRD&#39;
  DIDR1  &amp;= ~(_BV(AIN1D) | _BV(AIN0D));
  ^~~~~
  DDRD
In file included from /home/ec2-user/arduino-testlib/cli-datadir/data/packages/arduino/tools/avr-gcc/7.3.0-atmel3.6.1-arduino5/avr/include/avr/io.h:99:0,
                 from /home/ec2-user/arduino-testlib/cli-datadir/data/packages/arduino/tools/avr-gcc/7.3.0-atmel3.6.1-arduino5/avr/include/avr/pgmspace.h:90,
                 from /home/ec2-user/arduino-testlib/cli-datadir/data/packages/arduino/hardware/megaavr/1.8.7/cores/arduino/api/String.h:31,
                 from /home/ec2-user/arduino-testlib/cli-datadir/data/packages/arduino/hardware/megaavr/1.8.7/cores/arduino/api/IPAddress.h:24,
                 from /home/ec2-user/arduino-testlib/cli-datadir/data/packages/arduino/hardware/megaavr/1.8.7/cores/arduino/api/ArduinoAPI.h:30,
                 from /home/ec2-user/ardui</pre>

					
				
				<h3 id="arduino:samd:mkrwifi1010">arduino:samd:mkrwifi1010 @ 1.8.12</h3>
				<h4>Inclusion</h4>
				<p>
					Result: <b>FAIL</b>
					
				</p>
				<pre class="pre-scrollable">WARNING: library SoftModem claims to run on avr architecture(s) and may be incompatible with your current board which runs on samd architecture(s).
In file included from /home/ec2-user/arduino-testlib/cli-datadir/data/packages/arduino/hardware/samd/1.8.12/cores/arduino/Arduino.h:51:0,
                 from /home/ec2-user/arduino-testlib/cli-datadir/user/libraries/SoftModem/SoftModem.h:4,
                 from /home/ec2-user/arduino-testlib/cli-datadir/user/libraries/SoftModem/SoftModem.cpp:1:
/home/ec2-user/arduino-testlib/cli-datadir/user/libraries/SoftModem/SoftModem.cpp: In member function &#39;void SoftModem::begin()&#39;:
/home/ec2-user/arduino-testlib/cli-datadir/data/packages/arduino/hardware/samd/1.8.12/variants/mkrwifi1010/variant.h:52:51: error: cannot convert &#39;volatile uint32_t* {aka volatile long unsigned int*}&#39; to &#39;volatile uint8_t* {aka volatile unsigned char*}&#39; in assignment
 #define portOutputRegister(port) (&amp;(port-&gt;OUT.reg))
                                                   ^
/home/ec2-user/arduino-testlib/cli-datadir/user/libraries/SoftModem/SoftModem.cpp:85:15: note: in expansion of macro &#39;portOutputRegister&#39;
  _txPortReg = portOutputRegister(digitalPinToPort(TX_PIN));
               ^~~~~~~~~~~~~~~~~~
/home/ec2-user/arduino-testlib/cli-datadir/user/libraries/SoftModem/SoftModem.cpp:99:14: error: &#39;TCNT2&#39; was not declared in this scope
  _lastTCNT = TCNT2;
              ^~~~~
/home/ec2-user/arduino-testlib/cli-datadir/user/libraries/SoftModem/SoftModem.cpp:99:14: note: suggested alternative: &#39;TCC2&#39;
  _lastTCNT = TCNT2;
              ^~~~~
              TCC2
/home/ec2-user/arduino-testlib/cli-datadir/user/libraries/SoftModem/SoftModem.cpp:102:2: error: &#39;TCCR2A&#39; was not declared in this scope
  TCCR2A = 0;
  ^~~~~~
/home/ec2-user/arduino-testlib/cli-datadir/user/libraries/SoftModem/SoftModem.cpp:102:2: note: suggested alternative: &#39;TCC2&#39;
  TCCR2A = 0;
  ^~~~~~
  TCC2
/home/ec2-user/arduino-testlib/cli-datadir/user/libraries/SoftModem/SoftModem.cpp:103:2: error: &#39;TCCR2B&#39; was not declared in this scope
  TCCR2B = TIMER_CLOCK_SELECT;
  ^~~~~~
/home/ec2-user/arduino-testlib/cli-datadir/user/libraries/SoftModem/SoftModem.cpp:103:2: note: suggested alternative: &#39;TCC2&#39;
  TCCR2B = TIMER_CLOCK_SELECT;
  ^~~~~~
  TCC2
/home/ec2-user/arduino-testlib/cli-datadir/user/libraries/SoftModem/SoftModem.cpp:104:2: error: &#39;ACSR&#39; was not declared in this scope
  ACSR   = _BV(ACIE) | _BV(ACIS1);
  ^~~~
/home/ec2-user/arduino-testlib/cli-datadir/user/libraries/SoftModem/SoftModem.cpp:104:2: note: suggested alternative: &#39;AC&#39;
  ACSR   = _BV(ACIE) | _BV(ACIS1);
  ^~~~
  AC
/home/ec2-user/arduino-testlib/cli-datadir/user/libraries/SoftModem/SoftModem.cpp:104:15: error: &#39;ACIE&#39; was not declared in this scope
  ACSR   = _BV(ACIE) | _BV(ACIS1);
               ^~~~
/home/ec2-user/arduino-testlib/cli-datadir/user/libraries/SoftModem/SoftModem.cpp:104:15: note: suggested alternative: &#39;AC&#39;
  ACSR   = _BV(ACIE) | _BV(ACIS1);
               ^~~~
               AC
/home/ec2-user/arduino-testlib/cli-datadir/user/libraries/SoftModem/SoftModem.cpp:104:11: error: &#39;_BV&#39; was not declared in this scope
  ACSR   = _BV(ACIE) | _BV(ACIS1);
           ^~~
/home/ec2-user/arduino-testlib/cli-datadir/user/libraries/SoftModem/SoftModem.cpp:104:11: note: suggested alternative: &#39;_B&#39;
  ACSR   = _BV(ACIE) | _BV(ACIS1);
           ^~~
           _B
/home/ec2-user/arduino-testlib/cli-datadir/user/libraries/SoftModem/SoftModem.cpp:104:27: error: &#39;ACIS1&#39; was not declared in this scope
  ACSR   = _BV(ACIE) | _BV(ACIS1);
                           ^~~~~
/home/ec2-user/arduino-testlib/cli-datadir/user/libraries/SoftModem/SoftModem.cpp:105:2: error: &#39;DIDR1&#39; was not declared in this scope
  DIDR1  = _BV(AIN1D) | _BV(AIN0D);
  ^~~~~
/home/ec2-user/arduino-testlib/cli-datadir/user/libraries/SoftModem/SoftModem.cpp:105:15: error: &#39;AIN1D&#39; was not declared in this scope
  DIDR1  = _BV(AIN1D) | _BV(AIN0D);
               ^~~~~
/home/ec2-user/arduino-testlib/cli-datadir/user/libraries/SoftModem/SoftModem.cpp:105:28: error: &#39;AIN0D&#39; was not declared in this scope
  DIDR1  = _BV(AIN1D) | _BV(AIN0D);
                            ^~~~~
/home/ec2-user/arduino-testlib/cli-datadir/user/libraries/SoftModem/SoftModem.cpp: In member function &#39;void SoftModem::end()&#39;:
/home/ec2-user/arduino-testlib/cli-datadir/user/libraries/SoftModem/SoftModem.cpp:110:2: error: &#39;ACSR&#39; was not declared in this scope
  ACSR   &amp;= ~(_BV(ACIE));
  ^~~~
/home/ec2-user/arduino-testlib/cli-datadir/user/libraries/SoftModem/SoftModem.cpp:110:2: note: suggested alternative: &#39;AC&#39;
  ACSR   &amp;= ~(_BV(ACIE));
  ^~~~
  AC
/home/ec2-user/arduino-testlib/cli-datadir/user/libraries/SoftModem/SoftModem.cpp:110:18: error: &#39;ACIE&#39; was not declared in this scope
  ACSR   &amp;= ~(_BV(ACIE));
                  ^~~~
/home/ec2-user/arduino-testlib/cli-datadir/user/libraries/SoftModem/SoftModem.cpp:110:18: note: suggested alternative: &#39;AC&#39;
  ACSR   &amp;= ~(_BV(ACIE));
                  ^~~~
                  AC
/home/ec2-user/arduino-testlib/cli-datadir/user/libraries/SoftModem/SoftModem.cpp:110:14: error: &#39;_BV&#39; was not declared in this scope
  ACSR   &amp;= ~(_BV(ACIE));
              ^~~
/home/ec2-user/arduino-testlib/cli-datadir/user/libraries/SoftModem/SoftModem.cpp:110:14: note: suggested alternative: &#39;_B&#39;
  ACSR   &amp;= ~(_BV(ACIE));
              ^~~
              _B
/home/ec2-user/arduino-testlib/cli-datadir/user/libraries/SoftModem/SoftModem.cpp:111:2: error: &#39;TIMSK2&#39; was not declared in this scope
  TIMSK2 &amp;= ~(_BV(OCIE2A));
  ^~~~~~
/home/ec2-user/arduino-testlib/cli-datadir/user/libraries/SoftModem/SoftModem.cpp:111:18: error: &#39;OCIE2A&#39; was not declared in this scope
  TIMSK2 &amp;= ~(_BV(OCIE2A));
                  ^~~~~~
/home/ec2-user/arduino-testlib/cli-datadir/user/libraries/SoftModem/SoftModem.cpp:112:2: error: &#39;DIDR1&#39; was not declared in this scope
  DIDR1  &amp;= ~(_BV(AIN1D) | _BV(AIN0D));
  ^~~~~
/home/ec2-user/arduino-testlib/cli-datadir/user/libraries/SoftModem/SoftModem.cpp:112:18: error: &#39;AIN1D&#39; was not declared in this scope
  DIDR1  &amp;= ~(_BV(AIN1D) | _BV(AIN0D));
                  ^~~~~
/home/ec2-user/arduino-testlib/cli-datadir/user/libraries/SoftModem/SoftModem.cpp:112:31: error: &#39;AIN0D&#39; was not declared in this scope
  DIDR1  &amp;= ~(_BV(AIN1D) | _BV(AIN0D));
                               ^~~~~
/home/ec2-user/arduino-testlib/cli-datadir/user/libraries/SoftModem/SoftModem.cpp: In member function &#39;void SoftModem::demodulate()&#39;:
/home/ec2-user/arduino-testlib/cli-datadir/user/libraries/SoftModem/SoftModem.cpp:118:14: error: &#39;TCNT2&#39; was not declared in this scope
  uint8_t t = TCNT2;
              ^~~~~
/home/ec2-user/arduino-testlib/cli-datadir/user/libraries/SoftModem/SoftModem.cpp:118:14: note: suggested alternative: &#39;TCC2&#39;
  uint8_t t = TCNT2;
              ^~~~~
              TCC2
/home/ec2-user/arduino-testlib/cli-datadir/user/libraries/SoftModem/SoftModem.cpp:146:5: error: &#39;OCR2A&#39; was not declared in this scope
     OCR2A = t &#43; (uint8_t)(TCNT_BIT_PERIOD) - _lowCount;
     ^~~~~
/home/ec2-user/arduino-testlib/cli-datadir/user/libraries/SoftModem/SoftModem.cpp:147:5: error: &#39;TIFR2&#39; was not declared in this scope
     TIFR2 |= _BV(OCF2A);
     ^~~~~
/home/ec2-user/arduino-testlib/cli-datadir/user/libraries/SoftModem/SoftModem.cpp:147:18: error: &#39;OCF2A&#39; was not declared in this scope
     TIFR2 |= _BV(OCF2A);
                  ^~~~~
/home/ec2-user/arduino-testlib/cli-datadir/user/libraries/SoftModem/SoftModem.cpp:147:14: error: &#39;_BV&#39; was not declared in this scope
     TIFR2 |= _BV(OCF2A);
              ^~~
/home/ec2-user/arduino-testlib/cli-datadir/user/libraries/SoftModem/SoftModem.cpp:147:14: note: suggested alternative: &#39;_B&#39;
     TIFR2 |= _BV(OCF2A);
              ^~~
              _B
/home/ec2-user/arduino-testlib/cli-datadir/user/libraries/SoftModem/SoftModem.cpp:148:5: error: &#39;TIMSK2&#39; was not declared in this scope
     TIMSK2 |= _BV(OCIE2A);
     ^~~~~~
/home/ec2-user/arduino-testlib/cli-datadir/user/libraries/SoftModem/SoftModem.cpp:148:19: error: &#39;OCIE2A&#39; was not declared in this scope
     TIMSK2 |= _BV(OCIE2A);
                   ^~~~~~
/home/ec2-user/arduino-testlib/cli-datadir/user/libraries/SoftModem/SoftModem.cpp: At global scope:
/home/ec2-user/arduino-testlib/cli-datadir/user/libraries/SoftModem/SoftModem.cpp:164:4: error: expected constructor, destructor, or type conversion before &#39;(&#39; token
 ISR(ANALOG_COMP_vect)
    ^
/home/ec2-user/arduino-testlib/cli-datadir/user/libraries/SoftModem/SoftModem.cpp: In member function &#39;void SoftModem::recv()&#39;:
/home/ec2-user/arduino-testlib/cli-datadir/user/libraries/SoftModem/SoftModem.cpp:219:3: error: &#39;TIMSK2&#39; was not declared in this scope
   TIMSK2 &amp;= ~_BV(OCIE2A);
   ^~~~~~
/home/ec2-user/arduino-testlib/cli-datadir/user/libraries/SoftModem/SoftModem.cpp:219:18: error: &#39;OCIE2A&#39; was not declared in this scope
   TIMSK2 &amp;= ~_BV(OCIE2A);
                  ^~~~~~
/home/ec2-user/arduino-testlib/cli-datadir/user/libraries/SoftModem/SoftModem.cpp:219:14: error: &#39;_BV&#39; was not declared in this scope
   TIMSK2 &amp;= ~_BV(OCIE2A);
              ^~~
/home/ec2-user/arduino-testlib/cli-datadir/user/libraries/SoftModem/SoftModem.cpp:219:14: note: suggested alternative: &#39;_B&#39;
   TIMSK2 &amp;= ~_BV(OCIE2A);
              ^~~
              _B
/home/ec2-user/arduino-testlib/cli-datadir/user/libraries/SoftModem/SoftModem.cpp: At global scope:
/home/ec2-user/arduino-testlib/cli-datadir/user/libraries/SoftModem/SoftModem.cpp:224:4: error: expected constructor, destructor, or type conversion before &#39;(&#39; token
 ISR(TIMER2_COMPA_vect)
    ^
/home/ec2-user/arduino-testlib/cli-datadir/user/libraries/SoftModem/SoftModem.cpp: In member function &#39;void SoftModem::modulate(uint8_t)&#39;:
/home/ec2-user/arduino-testlib/cli-datadir/user/libraries/SoftModem/SoftModem.cpp:273:4: error: &#39;OCR2B&#39; was not declared in this scope
    OCR2B &#43;= tcnt;
    ^~~~~
/home/ec2-user/arduino-testlib/cli-datadir/user/libraries/SoftModem/SoftModem.cpp:274:4: error: &#39;TIFR2&#39; was not declared</pre>

					
				
				<h3 id="esp32:esp32:d1_mini32">esp32:esp32:d1_mini32 @ 1.0.6</h3>
				<h4>Inclusion</h4>
				<p>
					Result: <b>FAIL</b>
					
				</p>
				<pre class="pre-scrollable">WARNING: library SoftModem claims to run on avr architecture(s) and may be incompatible with your current board which runs on esp32 architecture(s).
/home/ec2-user/arduino-testlib/cli-datadir/user/libraries/SoftModem/SoftModem.cpp: In member function &#39;void SoftModem::begin()&#39;:
/home/ec2-user/arduino-testlib/cli-datadir/user/libraries/SoftModem/SoftModem.cpp:85:13: error: cannot convert &#39;volatile uint32_t* {aka volatile unsigned int*}&#39; to &#39;volatile uint8_t* {aka volatile unsigned char*}&#39; in assignment
  _txPortReg = portOutputRegister(digitalPinToPort(TX_PIN));
             ^
/home/ec2-user/arduino-testlib/cli-datadir/user/libraries/SoftModem/SoftModem.cpp:99:14: error: &#39;TCNT2&#39; was not declared in this scope
  _lastTCNT = TCNT2;
              ^
/home/ec2-user/arduino-testlib/cli-datadir/user/libraries/SoftModem/SoftModem.cpp:102:2: error: &#39;TCCR2A&#39; was not declared in this scope
  TCCR2A = 0;
  ^
/home/ec2-user/arduino-testlib/cli-datadir/user/libraries/SoftModem/SoftModem.cpp:103:2: error: &#39;TCCR2B&#39; was not declared in this scope
  TCCR2B = TIMER_CLOCK_SELECT;
  ^
/home/ec2-user/arduino-testlib/cli-datadir/user/libraries/SoftModem/SoftModem.cpp:104:2: error: &#39;ACSR&#39; was not declared in this scope
  ACSR   = _BV(ACIE) | _BV(ACIS1);
  ^
In file included from /home/ec2-user/arduino-testlib/cli-datadir/user/libraries/SoftModem/SoftModem.h:4:0,
                 from /home/ec2-user/arduino-testlib/cli-datadir/user/libraries/SoftModem/SoftModem.cpp:1:
/home/ec2-user/arduino-testlib/cli-datadir/user/libraries/SoftModem/SoftModem.cpp:104:15: error: &#39;ACIE&#39; was not declared in this scope
  ACSR   = _BV(ACIE) | _BV(ACIS1);
               ^
/home/ec2-user/arduino-testlib/cli-datadir/data/packages/esp32/hardware/esp32/1.0.6/cores/esp32/Arduino.h:99:25: note: in definition of macro &#39;_BV&#39;
 #define _BV(b) (1UL &lt;&lt; (b))
                         ^
/home/ec2-user/arduino-testlib/cli-datadir/user/libraries/SoftModem/SoftModem.cpp:104:27: error: &#39;ACIS1&#39; was not declared in this scope
  ACSR   = _BV(ACIE) | _BV(ACIS1);
                           ^
/home/ec2-user/arduino-testlib/cli-datadir/data/packages/esp32/hardware/esp32/1.0.6/cores/esp32/Arduino.h:99:25: note: in definition of macro &#39;_BV&#39;
 #define _BV(b) (1UL &lt;&lt; (b))
                         ^
/home/ec2-user/arduino-testlib/cli-datadir/user/libraries/SoftModem/SoftModem.cpp:105:2: error: &#39;DIDR1&#39; was not declared in this scope
  DIDR1  = _BV(AIN1D) | _BV(AIN0D);
  ^
In file included from /home/ec2-user/arduino-testlib/cli-datadir/user/libraries/SoftModem/SoftModem.h:4:0,
                 from /home/ec2-user/arduino-testlib/cli-datadir/user/libraries/SoftModem/SoftModem.cpp:1:
/home/ec2-user/arduino-testlib/cli-datadir/user/libraries/SoftModem/SoftModem.cpp:105:15: error: &#39;AIN1D&#39; was not declared in this scope
  DIDR1  = _BV(AIN1D) | _BV(AIN0D);
               ^
/home/ec2-user/arduino-testlib/cli-datadir/data/packages/esp32/hardware/esp32/1.0.6/cores/esp32/Arduino.h:99:25: note: in definition of macro &#39;_BV&#39;
 #define _BV(b) (1UL &lt;&lt; (b))
                         ^
/home/ec2-user/arduino-testlib/cli-datadir/user/libraries/SoftModem/SoftModem.cpp:105:28: error: &#39;AIN0D&#39; was not declared in this scope
  DIDR1  = _BV(AIN1D) | _BV(AIN0D);
                            ^
/home/ec2-user/arduino-testlib/cli-datadir/data/packages/esp32/hardware/esp32/1.0.6/cores/esp32/Arduino.h:99:25: note: in definition of macro &#39;_BV&#39;
 #define _BV(b) (1UL &lt;&lt; (b))
                         ^
/home/ec2-user/arduino-testlib/cli-datadir/user/libraries/SoftModem/SoftModem.cpp: In member function &#39;void SoftModem::end()&#39;:
/home/ec2-user/arduino-testlib/cli-datadir/user/libraries/SoftModem/SoftModem.cpp:110:2: error: &#39;ACSR&#39; was not declared in this scope
  ACSR   &amp;= ~(_BV(ACIE));
  ^
In file included from /home/ec2-user/arduino-testlib/cli-datadir/user/libraries/SoftModem/SoftModem.h:4:0,
                 from /home/ec2-user/arduino-testlib/cli-datadir/user/libraries/SoftModem/SoftModem.cpp:1:
/home/ec2-user/arduino-testlib/cli-datadir/user/libraries/SoftModem/SoftModem.cpp:110:18: error: &#39;ACIE&#39; was not declared in this scope
  ACSR   &amp;= ~(_BV(ACIE));
                  ^
/home/ec2-user/arduino-testlib/cli-datadir/data/packages/esp32/hardware/esp32/1.0.6/cores/esp32/Arduino.h:99:25: note: in definition of macro &#39;_BV&#39;
 #define _BV(b) (1UL &lt;&lt; (b))
                         ^
/home/ec2-user/arduino-testlib/cli-datadir/user/libraries/SoftModem/SoftModem.cpp:111:2: error: &#39;TIMSK2&#39; was not declared in this scope
  TIMSK2 &amp;= ~(_BV(OCIE2A));
  ^
In file included from /home/ec2-user/arduino-testlib/cli-datadir/user/libraries/SoftModem/SoftModem.h:4:0,
                 from /home/ec2-user/arduino-testlib/cli-datadir/user/libraries/SoftModem/SoftModem.cpp:1:
/home/ec2-user/arduino-testlib/cli-datadir/user/libraries/SoftModem/SoftModem.cpp:111:18: error: &#39;OCIE2A&#39; was not declared in this scope
  TIMSK2 &amp;= ~(_BV(OCIE2A));
                  ^
/home/ec2-user/arduino-testlib/cli-datadir/data/packages/esp32/hardware/esp32/1.0.6/cores/esp32/Arduino.h:99:25: note: in definition of macro &#39;_BV&#39;
 #define _BV(b) (1UL &lt;&lt; (b))
                         ^
/home/ec2-user/arduino-testlib/cli-datadir/user/libraries/SoftModem/SoftModem.cpp:112:2: error: &#39;DIDR1&#39; was not declared in this scope
  DIDR1  &amp;= ~(_BV(AIN1D) | _BV(AIN0D));
  ^
In file included from /home/ec2-user/arduino-testlib/cli-datadir/user/libraries/SoftModem/SoftModem.h:4:0,
                 from /home/ec2-user/arduino-testlib/cli-datadir/user/libraries/SoftModem/SoftModem.cpp:1:
/home/ec2-user/arduino-testlib/cli-datadir/user/libraries/SoftModem/SoftModem.cpp:112:18: error: &#39;AIN1D&#39; was not declared in this scope
  DIDR1  &amp;= ~(_BV(AIN1D) | _BV(AIN0D));
                  ^
/home/ec2-user/arduino-testlib/cli-datadir/data/packages/esp32/hardware/esp32/1.0.6/cores/esp32/Arduino.h:99:25: note: in definition of macro &#39;_BV&#39;
 #define _BV(b) (1UL &lt;&lt; (b))
                         ^
/home/ec2-user/arduino-testlib/cli-datadir/user/libraries/SoftModem/SoftModem.cpp:112:31: error: &#39;AIN0D&#39; was not declared in this scope
  DIDR1  &amp;= ~(_BV(AIN1D) | _BV(AIN0D));
                               ^
/home/ec2-user/arduino-testlib/cli-datadir/data/packages/esp32/hardware/esp32/1.0.6/cores/esp32/Arduino.h:99:25: note: in definition of macro &#39;_BV&#39;
 #define _BV(b) (1UL &lt;&lt; (b))
                         ^
/home/ec2-user/arduino-testlib/cli-datadir/user/libraries/SoftModem/SoftModem.cpp: In member function &#39;void SoftModem::demodulate()&#39;:
/home/ec2-user/arduino-testlib/cli-datadir/user/libraries/SoftModem/SoftModem.cpp:118:14: error: &#39;TCNT2&#39; was not declared in this scope
  uint8_t t = TCNT2;
              ^
/home/ec2-user/arduino-testlib/cli-datadir/user/libraries/SoftModem/SoftModem.cpp:146:5: error: &#39;OCR2A&#39; was not declared in this scope
     OCR2A = t &#43; (uint8_t)(TCNT_BIT_PERIOD) - _lowCount;
     ^
/home/ec2-user/arduino-testlib/cli-datadir/user/libraries/SoftModem/SoftModem.cpp:147:5: error: &#39;TIFR2&#39; was not declared in this scope
     TIFR2 |= _BV(OCF2A);
     ^
In file included from /home/ec2-user/arduino-testlib/cli-datadir/user/libraries/SoftModem/SoftModem.h:4:0,
                 from /home/ec2-user/arduino-testlib/cli-datadir/user/libraries/SoftModem/SoftModem.cpp:1:
/home/ec2-user/arduino-testlib/cli-datadir/user/libraries/SoftModem/SoftModem.cpp:147:18: error: &#39;OCF2A&#39; was not declared in this scope
     TIFR2 |= _BV(OCF2A);
                  ^
/home/ec2-user/arduino-testlib/cli-datadir/data/packages/esp32/hardware/esp32/1.0.6/cores/esp32/Arduino.h:99:25: note: in definition of macro &#39;_BV&#39;
 #define _BV(b) (1UL &lt;&lt; (b))
                         ^
/home/ec2-user/arduino-testlib/cli-datadir/user/libraries/SoftModem/SoftModem.cpp:148:5: error: &#39;TIMSK2&#39; was not declared in this scope
     TIMSK2 |= _BV(OCIE2A);
     ^
In file included from /home/ec2-user/arduino-testlib/cli-datadir/user/libraries/SoftModem/SoftModem.h:4:0,
                 from /home/ec2-user/arduino-testlib/cli-datadir/user/libraries/SoftModem/SoftModem.cpp:1:
/home/ec2-user/arduino-testlib/cli-datadir/user/libraries/SoftModem/SoftModem.cpp:148:19: error: &#39;OCIE2A&#39; was not declared in this scope
     TIMSK2 |= _BV(OCIE2A);
                   ^
/home/ec2-user/arduino-testlib/cli-datadir/data/packages/esp32/hardware/esp32/1.0.6/cores/esp32/Arduino.h:99:25: note: in definition of macro &#39;_BV&#39;
 #define _BV(b) (1UL &lt;&lt; (b))
                         ^
/home/ec2-user/arduino-testlib/cli-datadir/user/libraries/SoftModem/SoftModem.cpp: At global scope:
/home/ec2-user/arduino-testlib/cli-datadir/user/libraries/SoftModem/SoftModem.cpp:164:4: error: expected constructor, destructor, or type conversion before &#39;(&#39; token
 ISR(ANALOG_COMP_vect)
    ^
/home/ec2-user/arduino-testlib/cli-datadir/user/libraries/SoftModem/SoftModem.cpp: In member function &#39;void SoftModem::recv()&#39;:
/home/ec2-user/arduino-testlib/cli-datadir/user/libraries/SoftModem/SoftModem.cpp:219:3: error: &#39;TIMSK2&#39; was not declared in this scope
   TIMSK2 &amp;= ~_BV(OCIE2A);
   ^
In file included from /home/ec2-user/arduino-testlib/cli-datadir/user/libraries/SoftModem/SoftModem.h:4:0,
                 from /home/ec2-user/arduino-testlib/cli-datadir/user/libraries/SoftModem/SoftModem.cpp:1:
/home/ec2-user/arduino-testlib/cli-datadir/user/libraries/SoftModem/SoftModem.cpp:219:18: error: &#39;OCIE2A&#39; was not declared in this scope
   TIMSK2 &amp;= ~_BV(OCIE2A);
                  ^
/home/ec2-user/arduino-testlib/cli-datadir/data/packages/esp32/hardware/esp32/1.0.6/cores/esp32/Arduino.h:99:25: note: in definition of macro &#39;_BV&#39;
 #define _BV(b) (1UL &lt;&lt; (b))
                         ^
/home/ec2-user/arduino-testlib/cli-datadir/user/libraries/SoftModem/SoftModem.cpp: At global scope:
/home/ec2-user/arduino-testlib/cli-datadir/user/libraries/SoftModem/SoftModem.cpp:224:4: error: expected constructor, destructor, or type conversion before &#39;(&#39; token
 ISR(TIMER2_COMPA_vect)
    ^
/home/ec2-user/arduino-testlib/cli-datadir/user/libraries/SoftModem/SoftModem.cpp: In member function &#39;void SoftModem::</pre>

					
				
			</div>
		</div>
	</div>
  </body>
</html>
