
<!doctype html>
<html lang="en">
  <head>
    <meta charset="utf-8">
    <meta name="viewport" content="width=device-width, initial-scale=1">
    <link href="https://cdn.jsdelivr.net/npm/bootstrap@5.0.2/dist/css/bootstrap.min.css" rel="stylesheet" integrity="sha384-EVSTQN3/azprG1Anm3QDgpJLIm9Nao0Yz1ztcQTwFspd3yD65VohhpuuCOmLASjC" crossorigin="anonymous">
    <title>arduino-testlib report</title>
	<style>
	.pass { background-color: #00FF00 !important; }
	.fail { background-color: #FF0000 !important; }
	</style>
  </head>
  <body>
	<div class="container">
		<div class="row">
			<div class="col">
				<h1>Spacecat - compatibility matrix</h1>
				<p>
					<small>This report was generated on Wednesday, 23-Feb-22 22:48:15 CET using 
					<a href="https://github.com/alranel/arduino-testlib">arduino-testlib</a>.</small>
				</p>

				<h2>Spacecat</h2>
				<p>
					Version: <b>1.4.0</b>
					<br />
					<a href="https://www.arduino.cc/reference/en/libraries/spacecat/">More details</a>
				</p>

				<h2>Compatibility matrix</h2>
				<table class="table table-bordered">
					<tr>
						<th>Board</th>
						<th>Claims compatibility</th>
						<th>Inclusion</th>
						
						<th><pre>Simple</pre></th>
						
						<th><pre>UserConfirmationParameters</pre></th>
						
						<th><pre>AuthWithPassword</pre></th>
						
						<th><pre>ReadCard</pre></th>
						
						<th><pre>RegisterIDCard</pre></th>
						
					</tr>
					
					<tr>
						<td>
							<a href="#arduino%3aavr%3auno"><b>arduino:avr:uno</b></a>
							<br />
							<small>1.8.4</small>
						</td>

						
						
						
						
							<td>No</td>
							<td class="fail">FAIL</td>
						

						
							
								
									
										
									
										
									
										
									
										
											
											<td class="fail">FAIL</td>
										
									
										
									
								
							
								
							
								
							
								
							
								
							
						
							
								
									
										
									
										
									
										
									
										
									
										
											
											<td class="fail">FAIL</td>
										
									
								
							
								
							
								
							
								
							
								
							
						
							
								
									
										
											
											<td class="fail">FAIL</td>
										
									
										
									
										
									
										
									
										
									
								
							
								
							
								
							
								
							
								
							
						
							
								
									
										
									
										
											
											<td class="fail">FAIL</td>
										
									
										
									
										
									
										
									
								
							
								
							
								
							
								
							
								
							
						
							
								
									
										
									
										
									
										
											
											<td class="fail">FAIL</td>
										
									
										
									
										
									
								
							
								
							
								
							
								
							
								
							
						
					</tr>
					
					<tr>
						<td>
							<a href="#arduino%3ambed_nano%3ananorp2040connect"><b>arduino:mbed_nano:nanorp2040connect</b></a>
							<br />
							<small>2.7.2</small>
						</td>

						
						
						
						
							<td>No</td>
							<td class="fail">FAIL</td>
						

						
							
								
							
								
									
										
									
										
									
										
									
										
											
											<td class="fail">FAIL</td>
										
									
										
									
								
							
								
							
								
							
								
							
						
							
								
							
								
									
										
									
										
									
										
									
										
									
										
											
											<td class="fail">FAIL</td>
										
									
								
							
								
							
								
							
								
							
						
							
								
							
								
									
										
											
											<td class="fail">FAIL</td>
										
									
										
									
										
									
										
									
										
									
								
							
								
							
								
							
								
							
						
							
								
							
								
									
										
									
										
											
											<td class="fail">FAIL</td>
										
									
										
									
										
									
										
									
								
							
								
							
								
							
								
							
						
							
								
							
								
									
										
									
										
									
										
											
											<td class="fail">FAIL</td>
										
									
										
									
										
									
								
							
								
							
								
							
								
							
						
					</tr>
					
					<tr>
						<td>
							<a href="#arduino%3amegaavr%3anona4809"><b>arduino:megaavr:nona4809</b></a>
							<br />
							<small>1.8.7</small>
						</td>

						
						
						
						
							<td>No</td>
							<td class="fail">FAIL</td>
						

						
							
								
							
								
							
								
									
										
									
										
									
										
									
										
											
											<td class="fail">FAIL</td>
										
									
										
									
								
							
								
							
								
							
						
							
								
							
								
							
								
									
										
									
										
									
										
									
										
									
										
											
											<td class="fail">FAIL</td>
										
									
								
							
								
							
								
							
						
							
								
							
								
							
								
									
										
											
											<td class="fail">FAIL</td>
										
									
										
									
										
									
										
									
										
									
								
							
								
							
								
							
						
							
								
							
								
							
								
									
										
									
										
											
											<td class="fail">FAIL</td>
										
									
										
									
										
									
										
									
								
							
								
							
								
							
						
							
								
							
								
							
								
									
										
									
										
									
										
											
											<td class="fail">FAIL</td>
										
									
										
									
										
									
								
							
								
							
								
							
						
					</tr>
					
					<tr>
						<td>
							<a href="#arduino%3asamd%3amkrwifi1010"><b>arduino:samd:mkrwifi1010</b></a>
							<br />
							<small>1.8.12</small>
						</td>

						
						
						
						
							<td>No</td>
							<td class="fail">FAIL</td>
						

						
							
								
							
								
							
								
							
								
									
										
									
										
									
										
									
										
											
											<td class="fail">FAIL</td>
										
									
										
									
								
							
								
							
						
							
								
							
								
							
								
							
								
									
										
									
										
									
										
									
										
									
										
											
											<td class="fail">FAIL</td>
										
									
								
							
								
							
						
							
								
							
								
							
								
							
								
									
										
											
											<td class="fail">FAIL</td>
										
									
										
									
										
									
										
									
										
									
								
							
								
							
						
							
								
							
								
							
								
							
								
									
										
									
										
											
											<td class="fail">FAIL</td>
										
									
										
									
										
									
										
									
								
							
								
							
						
							
								
							
								
							
								
							
								
									
										
									
										
									
										
											
											<td class="fail">FAIL</td>
										
									
										
									
										
									
								
							
								
							
						
					</tr>
					
					<tr>
						<td>
							<a href="#esp32%3aesp32%3ad1_mini32"><b>esp32:esp32:d1_mini32</b></a>
							<br />
							<small>1.0.6</small>
						</td>

						
							<td>Yes</td>
							<td class="pass">PASS</td>
						
						
						
						

						
							
								
							
								
							
								
							
								
							
								
									
										
									
										
									
										
									
										
											<td class="pass">PASS</td>
											
										
									
										
									
								
							
						
							
								
							
								
							
								
							
								
							
								
									
										
									
										
									
										
									
										
									
										
											<td class="pass">PASS</td>
											
										
									
								
							
						
							
								
							
								
							
								
							
								
							
								
									
										
											<td class="pass">PASS</td>
											
										
									
										
									
										
									
										
									
										
									
								
							
						
							
								
							
								
							
								
							
								
							
								
									
										
									
										
											<td class="pass">PASS</td>
											
										
									
										
									
										
									
										
									
								
							
						
							
								
							
								
							
								
							
								
							
								
									
										
									
										
									
										
											<td class="pass">PASS</td>
											
										
									
										
									
										
									
								
							
						
					</tr>
					
				</table>

				<h2>Compilation logs</h2>
				
				<h3 id="arduino:avr:uno">arduino:avr:uno @ 1.8.4</h3>
				<h4>Inclusion</h4>
				<p>
					Result: <b>FAIL</b>
					
				</p>
				<pre class="pre-scrollable">In file included from /tmp/arduino-testlib3674830407/test/test.ino:1:0:
/home/ec2-user/arduino-testlib/cli-datadir/user/libraries/Spacecat/src/Spacecat.h:39:10: fatal error: memory: No such file or directory
 #include &lt;memory&gt;
          ^~~~~~~~
compilation terminated.
Multiple libraries were found for &#34;MFRC522.h&#34;
  Used: /home/ec2-user/arduino-testlib/cli-datadir/user/libraries/MFRC522
  Not used: /home/ec2-user/arduino-testlib/cli-datadir/user/libraries/MFRC522-spi-i2c-uart-async
Multiple libraries were found for &#34;ArduinoJson.h&#34;
  Used: /home/ec2-user/arduino-testlib/cli-datadir/user/libraries/ArduinoJson
  Not used: /home/ec2-user/arduino-testlib/cli-datadir/user/libraries/ThingESP
  Not used: /home/ec2-user/arduino-testlib/cli-datadir/user/libraries/CMMC_MQTT_Connector
  Not used: /home/ec2-user/arduino-testlib/cli-datadir/user/libraries/ThingsIoT
  Not used: /home/ec2-user/arduino-testlib/cli-datadir/user/libraries/CoogleIOT
  Not used: /home/ec2-user/arduino-testlib/cli-datadir/user/libraries/AllThingsTalk_LTE-M_SDK
  Not used: /home/ec2-user/arduino-testlib/cli-datadir/user/libraries/Antares_ESP8266_HTTP
  Not used: /home/ec2-user/arduino-testlib/cli-datadir/user/libraries/BaleMessengerBot_Arduino
  Not used: /home/ec2-user/arduino-testlib/cli-datadir/user/libraries/Antares_ESP8266_MQTT
</pre>

					
					<h4>examples/AuthWithPassword</h4>
					<p>
						Result: <b>FAIL</b>
					</p>
					<pre class="pre-scrollable">In file included from /home/ec2-user/arduino-testlib/cli-datadir/user/libraries/Spacecat/examples/AuthWithPassword/AuthWithPassword.ino:19:0:
/home/ec2-user/arduino-testlib/cli-datadir/user/libraries/Spacecat/src/Spacecat.h:39:10: fatal error: memory: No such file or directory
 #include &lt;memory&gt;
          ^~~~~~~~
compilation terminated.
Multiple libraries were found for &#34;ArduinoJson.h&#34;
  Used: /home/ec2-user/arduino-testlib/cli-datadir/user/libraries/ArduinoJson
  Not used: /home/ec2-user/arduino-testlib/cli-datadir/user/libraries/CoogleIOT
  Not used: /home/ec2-user/arduino-testlib/cli-datadir/user/libraries/BaleMessengerBot_Arduino
  Not used: /home/ec2-user/arduino-testlib/cli-datadir/user/libraries/CMMC_MQTT_Connector
  Not used: /home/ec2-user/arduino-testlib/cli-datadir/user/libraries/ThingESP
  Not used: /home/ec2-user/arduino-testlib/cli-datadir/user/libraries/ThingsIoT
  Not used: /home/ec2-user/arduino-testlib/cli-datadir/user/libraries/Antares_ESP8266_HTTP
  Not used: /home/ec2-user/arduino-testlib/cli-datadir/user/libraries/AllThingsTalk_LTE-M_SDK
  Not used: /home/ec2-user/arduino-testlib/cli-datadir/user/libraries/Antares_ESP8266_MQTT
Multiple libraries were found for &#34;MFRC522.h&#34;
  Used: /home/ec2-user/arduino-testlib/cli-datadir/user/libraries/MFRC522
  Not used: /home/ec2-user/arduino-testlib/cli-datadir/user/libraries/MFRC522-spi-i2c-uart-async
</pre>
					
					<h4>examples/ReadCard</h4>
					<p>
						Result: <b>FAIL</b>
					</p>
					<pre class="pre-scrollable">In file included from /home/ec2-user/arduino-testlib/cli-datadir/user/libraries/Spacecat/examples/ReadCard/ReadCard.ino:14:0:
/home/ec2-user/arduino-testlib/cli-datadir/user/libraries/Spacecat/src/Spacecat.h:39:10: fatal error: memory: No such file or directory
 #include &lt;memory&gt;
          ^~~~~~~~
compilation terminated.
Multiple libraries were found for &#34;ArduinoJson.h&#34;
  Used: /home/ec2-user/arduino-testlib/cli-datadir/user/libraries/ArduinoJson
  Not used: /home/ec2-user/arduino-testlib/cli-datadir/user/libraries/CMMC_MQTT_Connector
  Not used: /home/ec2-user/arduino-testlib/cli-datadir/user/libraries/BaleMessengerBot_Arduino
  Not used: /home/ec2-user/arduino-testlib/cli-datadir/user/libraries/CoogleIOT
  Not used: /home/ec2-user/arduino-testlib/cli-datadir/user/libraries/ThingESP
  Not used: /home/ec2-user/arduino-testlib/cli-datadir/user/libraries/Antares_ESP8266_HTTP
  Not used: /home/ec2-user/arduino-testlib/cli-datadir/user/libraries/ThingsIoT
  Not used: /home/ec2-user/arduino-testlib/cli-datadir/user/libraries/Antares_ESP8266_MQTT
  Not used: /home/ec2-user/arduino-testlib/cli-datadir/user/libraries/AllThingsTalk_LTE-M_SDK
Multiple libraries were found for &#34;MFRC522.h&#34;
  Used: /home/ec2-user/arduino-testlib/cli-datadir/user/libraries/MFRC522
  Not used: /home/ec2-user/arduino-testlib/cli-datadir/user/libraries/MFRC522-spi-i2c-uart-async
</pre>
					
					<h4>examples/RegisterIDCard</h4>
					<p>
						Result: <b>FAIL</b>
					</p>
					<pre class="pre-scrollable">In file included from /home/ec2-user/arduino-testlib/cli-datadir/user/libraries/Spacecat/examples/RegisterIDCard/RegisterIDCard.ino:19:0:
/home/ec2-user/arduino-testlib/cli-datadir/user/libraries/Spacecat/src/Spacecat.h:39:10: fatal error: memory: No such file or directory
 #include &lt;memory&gt;
          ^~~~~~~~
compilation terminated.
Multiple libraries were found for &#34;ArduinoJson.h&#34;
  Used: /home/ec2-user/arduino-testlib/cli-datadir/user/libraries/ArduinoJson
  Not used: /home/ec2-user/arduino-testlib/cli-datadir/user/libraries/CoogleIOT
  Not used: /home/ec2-user/arduino-testlib/cli-datadir/user/libraries/Antares_ESP8266_HTTP
  Not used: /home/ec2-user/arduino-testlib/cli-datadir/user/libraries/BaleMessengerBot_Arduino
  Not used: /home/ec2-user/arduino-testlib/cli-datadir/user/libraries/Antares_ESP8266_MQTT
  Not used: /home/ec2-user/arduino-testlib/cli-datadir/user/libraries/ThingESP
  Not used: /home/ec2-user/arduino-testlib/cli-datadir/user/libraries/CMMC_MQTT_Connector
  Not used: /home/ec2-user/arduino-testlib/cli-datadir/user/libraries/ThingsIoT
  Not used: /home/ec2-user/arduino-testlib/cli-datadir/user/libraries/AllThingsTalk_LTE-M_SDK
Multiple libraries were found for &#34;MFRC522.h&#34;
  Used: /home/ec2-user/arduino-testlib/cli-datadir/user/libraries/MFRC522
  Not used: /home/ec2-user/arduino-testlib/cli-datadir/user/libraries/MFRC522-spi-i2c-uart-async
</pre>
					
					<h4>examples/Simple</h4>
					<p>
						Result: <b>FAIL</b>
					</p>
					<pre class="pre-scrollable">In file included from /home/ec2-user/arduino-testlib/cli-datadir/user/libraries/Spacecat/examples/Simple/Simple.ino:20:0:
/home/ec2-user/arduino-testlib/cli-datadir/user/libraries/Spacecat/src/Spacecat.h:39:10: fatal error: memory: No such file or directory
 #include &lt;memory&gt;
          ^~~~~~~~
compilation terminated.
Multiple libraries were found for &#34;ArduinoJson.h&#34;
  Used: /home/ec2-user/arduino-testlib/cli-datadir/user/libraries/ArduinoJson
  Not used: /home/ec2-user/arduino-testlib/cli-datadir/user/libraries/Antares_ESP8266_MQTT
  Not used: /home/ec2-user/arduino-testlib/cli-datadir/user/libraries/Antares_ESP8266_HTTP
  Not used: /home/ec2-user/arduino-testlib/cli-datadir/user/libraries/ThingESP
  Not used: /home/ec2-user/arduino-testlib/cli-datadir/user/libraries/AllThingsTalk_LTE-M_SDK
  Not used: /home/ec2-user/arduino-testlib/cli-datadir/user/libraries/CMMC_MQTT_Connector
  Not used: /home/ec2-user/arduino-testlib/cli-datadir/user/libraries/ThingsIoT
  Not used: /home/ec2-user/arduino-testlib/cli-datadir/user/libraries/BaleMessengerBot_Arduino
  Not used: /home/ec2-user/arduino-testlib/cli-datadir/user/libraries/CoogleIOT
Multiple libraries were found for &#34;MFRC522.h&#34;
  Used: /home/ec2-user/arduino-testlib/cli-datadir/user/libraries/MFRC522
  Not used: /home/ec2-user/arduino-testlib/cli-datadir/user/libraries/MFRC522-spi-i2c-uart-async
</pre>
					
					<h4>examples/UserConfirmationParameters</h4>
					<p>
						Result: <b>FAIL</b>
					</p>
					<pre class="pre-scrollable">In file included from /home/ec2-user/arduino-testlib/cli-datadir/user/libraries/Spacecat/examples/UserConfirmationParameters/UserConfirmationParameters.ino:31:0:
/home/ec2-user/arduino-testlib/cli-datadir/user/libraries/Spacecat/src/Spacecat.h:39:10: fatal error: memory: No such file or directory
 #include &lt;memory&gt;
          ^~~~~~~~
compilation terminated.
Multiple libraries were found for &#34;ArduinoJson.h&#34;
  Used: /home/ec2-user/arduino-testlib/cli-datadir/user/libraries/ArduinoJson
  Not used: /home/ec2-user/arduino-testlib/cli-datadir/user/libraries/CoogleIOT
  Not used: /home/ec2-user/arduino-testlib/cli-datadir/user/libraries/AllThingsTalk_LTE-M_SDK
  Not used: /home/ec2-user/arduino-testlib/cli-datadir/user/libraries/BaleMessengerBot_Arduino
  Not used: /home/ec2-user/arduino-testlib/cli-datadir/user/libraries/ThingsIoT
  Not used: /home/ec2-user/arduino-testlib/cli-datadir/user/libraries/ThingESP
  Not used: /home/ec2-user/arduino-testlib/cli-datadir/user/libraries/CMMC_MQTT_Connector
  Not used: /home/ec2-user/arduino-testlib/cli-datadir/user/libraries/Antares_ESP8266_MQTT
  Not used: /home/ec2-user/arduino-testlib/cli-datadir/user/libraries/Antares_ESP8266_HTTP
Multiple libraries were found for &#34;MFRC522.h&#34;
  Used: /home/ec2-user/arduino-testlib/cli-datadir/user/libraries/MFRC522
  Not used: /home/ec2-user/arduino-testlib/cli-datadir/user/libraries/MFRC522-spi-i2c-uart-async
</pre>
					
				
				<h3 id="arduino:mbed_nano:nanorp2040connect">arduino:mbed_nano:nanorp2040connect @ 2.7.2</h3>
				<h4>Inclusion</h4>
				<p>
					Result: <b>FAIL</b>
					
				</p>
				<pre class="pre-scrollable">WARNING: library Spacecat claims to run on esp8266, esp32 architecture(s) and may be incompatible with your current board which runs on mbed_nano architecture(s).
WARNING: library MFRC522 claims to run on avr, megaavr, STM32F1, teensy, esp8266, esp32, samd, atmelsam architecture(s) and may be incompatible with your current board which runs on mbed_nano architecture(s).
In file included from /tmp/arduino-testlib2201373471/test/test.ino:1:0:
/home/ec2-user/arduino-testlib/cli-datadir/user/libraries/Spacecat/src/Spacecat.h:183:5: error: &#39;HTTPClient&#39; does not name a type; did you mean &#39;DNSClient&#39;?
     HTTPClient _http;
     ^~~~~~~~~~
     DNSClient
/home/ec2-user/arduino-testlib/cli-datadir/user/libraries/Spacecat/src/Spacecat.h:184:5: error: &#39;WiFiClientSecure&#39; does not name a type
     WiFiClientSecure client;
     ^~~~~~~~~~~~~~~~
Multiple libraries were found for &#34;MFRC522.h&#34;
  Used: /home/ec2-user/arduino-testlib/cli-datadir/user/libraries/MFRC522
  Not used: /home/ec2-user/arduino-testlib/cli-datadir/user/libraries/MFRC522-spi-i2c-uart-async
Multiple libraries were found for &#34;ArduinoJson.h&#34;
  Used: /home/ec2-user/arduino-testlib/cli-datadir/user/libraries/ArduinoJson
  Not used: /home/ec2-user/arduino-testlib/cli-datadir/user/libraries/CoogleIOT
  Not used: /home/ec2-user/arduino-testlib/cli-datadir/user/libraries/BaleMessengerBot_Arduino
  Not used: /home/ec2-user/arduino-testlib/cli-datadir/user/libraries/ThingsIoT
  Not used: /home/ec2-user/arduino-testlib/cli-datadir/user/libraries/CMMC_MQTT_Connector
  Not used: /home/ec2-user/arduino-testlib/cli-datadir/user/libraries/ThingESP
  Not used: /home/ec2-user/arduino-testlib/cli-datadir/user/libraries/Antares_ESP8266_HTTP
  Not used: /home/ec2-user/arduino-testlib/cli-datadir/user/libraries/Antares_ESP8266_MQTT
  Not used: /home/ec2-user/arduino-testlib/cli-datadir/user/libraries/AllThingsTalk_LTE-M_SDK
</pre>

					
					<h4>examples/AuthWithPassword</h4>
					<p>
						Result: <b>FAIL</b>
					</p>
					<pre class="pre-scrollable">WARNING: library Spacecat claims to run on esp8266, esp32 architecture(s) and may be incompatible with your current board which runs on mbed_nano architecture(s).
WARNING: library MFRC522 claims to run on avr, megaavr, STM32F1, teensy, esp8266, esp32, samd, atmelsam architecture(s) and may be incompatible with your current board which runs on mbed_nano architecture(s).
In file included from /home/ec2-user/arduino-testlib/cli-datadir/user/libraries/Spacecat/examples/AuthWithPassword/AuthWithPassword.ino:19:0:
/home/ec2-user/arduino-testlib/cli-datadir/user/libraries/Spacecat/src/Spacecat.h:183:5: error: &#39;HTTPClient&#39; does not name a type; did you mean &#39;DNSClient&#39;?
     HTTPClient _http;
     ^~~~~~~~~~
     DNSClient
/home/ec2-user/arduino-testlib/cli-datadir/user/libraries/Spacecat/src/Spacecat.h:184:5: error: &#39;WiFiClientSecure&#39; does not name a type
     WiFiClientSecure client;
     ^~~~~~~~~~~~~~~~
/home/ec2-user/arduino-testlib/cli-datadir/user/libraries/Spacecat/examples/AuthWithPassword/AuthWithPassword.ino: In function &#39;void setup()&#39;:
/home/ec2-user/arduino-testlib/cli-datadir/user/libraries/Spacecat/examples/AuthWithPassword/AuthWithPassword.ino:63:3: error: &#39;WiFi&#39; was not declared in this scope
   WiFi.begin(WIFI_SSID, WIFI_PASSWORD);
   ^~~~
/home/ec2-user/arduino-testlib/cli-datadir/user/libraries/Spacecat/examples/AuthWithPassword/AuthWithPassword.ino:65:27: error: &#39;WL_CONNECTED&#39; was not declared in this scope
   while (WiFi.status() != WL_CONNECTED) {
                           ^~~~~~~~~~~~
/home/ec2-user/arduino-testlib/cli-datadir/user/libraries/Spacecat/examples/AuthWithPassword/AuthWithPassword.ino: In function &#39;void loop()&#39;:
/home/ec2-user/arduino-testlib/cli-datadir/user/libraries/Spacecat/examples/AuthWithPassword/AuthWithPassword.ino:82:6: error: &#39;WiFi&#39; was not declared in this scope
   if(WiFi.status() == WL_CONNECTED){
      ^~~~
/home/ec2-user/arduino-testlib/cli-datadir/user/libraries/Spacecat/examples/AuthWithPassword/AuthWithPassword.ino:82:23: error: &#39;WL_CONNECTED&#39; was not declared in this scope
   if(WiFi.status() == WL_CONNECTED){
                       ^~~~~~~~~~~~
Multiple libraries were found for &#34;ArduinoJson.h&#34;
  Used: /home/ec2-user/arduino-testlib/cli-datadir/user/libraries/ArduinoJson
  Not used: /home/ec2-user/arduino-testlib/cli-datadir/user/libraries/Antares_ESP8266_MQTT
  Not used: /home/ec2-user/arduino-testlib/cli-datadir/user/libraries/ThingsIoT
  Not used: /home/ec2-user/arduino-testlib/cli-datadir/user/libraries/Antares_ESP8266_HTTP
  Not used: /home/ec2-user/arduino-testlib/cli-datadir/user/libraries/ThingESP
  Not used: /home/ec2-user/arduino-testlib/cli-datadir/user/libraries/AllThingsTalk_LTE-M_SDK
  Not used: /home/ec2-user/arduino-testlib/cli-datadir/user/libraries/BaleMessengerBot_Arduino
  Not used: /home/ec2-user/arduino-testlib/cli-datadir/user/libraries/CoogleIOT
  Not used: /home/ec2-user/arduino-testlib/cli-datadir/user/libraries/CMMC_MQTT_Connector
Multiple libraries were found for &#34;MFRC522.h&#34;
  Used: /home/ec2-user/arduino-testlib/cli-datadir/user/libraries/MFRC522
  Not used: /home/ec2-user/arduino-testlib/cli-datadir/user/libraries/MFRC522-spi-i2c-uart-async
</pre>
					
					<h4>examples/ReadCard</h4>
					<p>
						Result: <b>FAIL</b>
					</p>
					<pre class="pre-scrollable">WARNING: library Spacecat claims to run on esp8266, esp32 architecture(s) and may be incompatible with your current board which runs on mbed_nano architecture(s).
WARNING: library MFRC522 claims to run on avr, megaavr, STM32F1, teensy, esp8266, esp32, samd, atmelsam architecture(s) and may be incompatible with your current board which runs on mbed_nano architecture(s).
In file included from /home/ec2-user/arduino-testlib/cli-datadir/user/libraries/Spacecat/examples/ReadCard/ReadCard.ino:14:0:
/home/ec2-user/arduino-testlib/cli-datadir/user/libraries/Spacecat/src/Spacecat.h:183:5: error: &#39;HTTPClient&#39; does not name a type; did you mean &#39;DNSClient&#39;?
     HTTPClient _http;
     ^~~~~~~~~~
     DNSClient
/home/ec2-user/arduino-testlib/cli-datadir/user/libraries/Spacecat/src/Spacecat.h:184:5: error: &#39;WiFiClientSecure&#39; does not name a type
     WiFiClientSecure client;
     ^~~~~~~~~~~~~~~~
Multiple libraries were found for &#34;ArduinoJson.h&#34;
  Used: /home/ec2-user/arduino-testlib/cli-datadir/user/libraries/ArduinoJson
  Not used: /home/ec2-user/arduino-testlib/cli-datadir/user/libraries/CMMC_MQTT_Connector
  Not used: /home/ec2-user/arduino-testlib/cli-datadir/user/libraries/ThingsIoT
  Not used: /home/ec2-user/arduino-testlib/cli-datadir/user/libraries/BaleMessengerBot_Arduino
  Not used: /home/ec2-user/arduino-testlib/cli-datadir/user/libraries/CoogleIOT
  Not used: /home/ec2-user/arduino-testlib/cli-datadir/user/libraries/ThingESP
  Not used: /home/ec2-user/arduino-testlib/cli-datadir/user/libraries/AllThingsTalk_LTE-M_SDK
  Not used: /home/ec2-user/arduino-testlib/cli-datadir/user/libraries/Antares_ESP8266_HTTP
  Not used: /home/ec2-user/arduino-testlib/cli-datadir/user/libraries/Antares_ESP8266_MQTT
Multiple libraries were found for &#34;MFRC522.h&#34;
  Used: /home/ec2-user/arduino-testlib/cli-datadir/user/libraries/MFRC522
  Not used: /home/ec2-user/arduino-testlib/cli-datadir/user/libraries/MFRC522-spi-i2c-uart-async
</pre>
					
					<h4>examples/RegisterIDCard</h4>
					<p>
						Result: <b>FAIL</b>
					</p>
					<pre class="pre-scrollable">WARNING: library Spacecat claims to run on esp8266, esp32 architecture(s) and may be incompatible with your current board which runs on mbed_nano architecture(s).
WARNING: library MFRC522 claims to run on avr, megaavr, STM32F1, teensy, esp8266, esp32, samd, atmelsam architecture(s) and may be incompatible with your current board which runs on mbed_nano architecture(s).
In file included from /home/ec2-user/arduino-testlib/cli-datadir/user/libraries/Spacecat/examples/RegisterIDCard/RegisterIDCard.ino:19:0:
/home/ec2-user/arduino-testlib/cli-datadir/user/libraries/Spacecat/src/Spacecat.h:183:5: error: &#39;HTTPClient&#39; does not name a type; did you mean &#39;DNSClient&#39;?
     HTTPClient _http;
     ^~~~~~~~~~
     DNSClient
/home/ec2-user/arduino-testlib/cli-datadir/user/libraries/Spacecat/src/Spacecat.h:184:5: error: &#39;WiFiClientSecure&#39; does not name a type
     WiFiClientSecure client;
     ^~~~~~~~~~~~~~~~
/home/ec2-user/arduino-testlib/cli-datadir/user/libraries/Spacecat/examples/RegisterIDCard/RegisterIDCard.ino: In function &#39;void setup()&#39;:
/home/ec2-user/arduino-testlib/cli-datadir/user/libraries/Spacecat/examples/RegisterIDCard/RegisterIDCard.ino:40:3: error: &#39;WiFi&#39; was not declared in this scope
   WiFi.begin(WIFI_SSID, WIFI_PASSWORD);
   ^~~~
/home/ec2-user/arduino-testlib/cli-datadir/user/libraries/Spacecat/examples/RegisterIDCard/RegisterIDCard.ino:42:27: error: &#39;WL_CONNECTED&#39; was not declared in this scope
   while (WiFi.status() != WL_CONNECTED) {
                           ^~~~~~~~~~~~
/home/ec2-user/arduino-testlib/cli-datadir/user/libraries/Spacecat/examples/RegisterIDCard/RegisterIDCard.ino: In function &#39;void loop()&#39;:
/home/ec2-user/arduino-testlib/cli-datadir/user/libraries/Spacecat/examples/RegisterIDCard/RegisterIDCard.ino:58:6: error: &#39;WiFi&#39; was not declared in this scope
   if(WiFi.status() == WL_CONNECTED){
      ^~~~
/home/ec2-user/arduino-testlib/cli-datadir/user/libraries/Spacecat/examples/RegisterIDCard/RegisterIDCard.ino:58:23: error: &#39;WL_CONNECTED&#39; was not declared in this scope
   if(WiFi.status() == WL_CONNECTED){
                       ^~~~~~~~~~~~
Multiple libraries were found for &#34;ArduinoJson.h&#34;
  Used: /home/ec2-user/arduino-testlib/cli-datadir/user/libraries/ArduinoJson
  Not used: /home/ec2-user/arduino-testlib/cli-datadir/user/libraries/CMMC_MQTT_Connector
  Not used: /home/ec2-user/arduino-testlib/cli-datadir/user/libraries/ThingESP
  Not used: /home/ec2-user/arduino-testlib/cli-datadir/user/libraries/AllThingsTalk_LTE-M_SDK
  Not used: /home/ec2-user/arduino-testlib/cli-datadir/user/libraries/ThingsIoT
  Not used: /home/ec2-user/arduino-testlib/cli-datadir/user/libraries/Antares_ESP8266_MQTT
  Not used: /home/ec2-user/arduino-testlib/cli-datadir/user/libraries/Antares_ESP8266_HTTP
  Not used: /home/ec2-user/arduino-testlib/cli-datadir/user/libraries/CoogleIOT
  Not used: /home/ec2-user/arduino-testlib/cli-datadir/user/libraries/BaleMessengerBot_Arduino
Multiple libraries were found for &#34;MFRC522.h&#34;
  Used: /home/ec2-user/arduino-testlib/cli-datadir/user/libraries/MFRC522
  Not used: /home/ec2-user/arduino-testlib/cli-datadir/user/libraries/MFRC522-spi-i2c-uart-async
</pre>
					
					<h4>examples/Simple</h4>
					<p>
						Result: <b>FAIL</b>
					</p>
					<pre class="pre-scrollable">WARNING: library Spacecat claims to run on esp8266, esp32 architecture(s) and may be incompatible with your current board which runs on mbed_nano architecture(s).
WARNING: library MFRC522 claims to run on avr, megaavr, STM32F1, teensy, esp8266, esp32, samd, atmelsam architecture(s) and may be incompatible with your current board which runs on mbed_nano architecture(s).
In file included from /home/ec2-user/arduino-testlib/cli-datadir/user/libraries/Spacecat/examples/Simple/Simple.ino:20:0:
/home/ec2-user/arduino-testlib/cli-datadir/user/libraries/Spacecat/src/Spacecat.h:183:5: error: &#39;HTTPClient&#39; does not name a type; did you mean &#39;DNSClient&#39;?
     HTTPClient _http;
     ^~~~~~~~~~
     DNSClient
/home/ec2-user/arduino-testlib/cli-datadir/user/libraries/Spacecat/src/Spacecat.h:184:5: error: &#39;WiFiClientSecure&#39; does not name a type
     WiFiClientSecure client;
     ^~~~~~~~~~~~~~~~
/home/ec2-user/arduino-testlib/cli-datadir/user/libraries/Spacecat/examples/Simple/Simple.ino: In function &#39;void setup()&#39;:
/home/ec2-user/arduino-testlib/cli-datadir/user/libraries/Spacecat/examples/Simple/Simple.ino:56:3: error: &#39;WiFi&#39; was not declared in this scope
   WiFi.mode(WIFI_STA);
   ^~~~
/home/ec2-user/arduino-testlib/cli-datadir/user/libraries/Spacecat/examples/Simple/Simple.ino:56:13: error: &#39;WIFI_STA&#39; was not declared in this scope
   WiFi.mode(WIFI_STA);
             ^~~~~~~~
/home/ec2-user/arduino-testlib/cli-datadir/user/libraries/Spacecat/examples/Simple/Simple.ino:56:13: note: suggested alternative: &#39;WIFI_SSID&#39;
   WiFi.mode(WIFI_STA);
             ^~~~~~~~
             WIFI_SSID
/home/ec2-user/arduino-testlib/cli-datadir/user/libraries/Spacecat/examples/Simple/Simple.ino:59:27: error: &#39;WL_CONNECTED&#39; was not declared in this scope
   while (WiFi.status() != WL_CONNECTED) {
                           ^~~~~~~~~~~~
/home/ec2-user/arduino-testlib/cli-datadir/user/libraries/Spacecat/examples/Simple/Simple.ino: In function &#39;void loop()&#39;:
/home/ec2-user/arduino-testlib/cli-datadir/user/libraries/Spacecat/examples/Simple/Simple.ino:76:6: error: &#39;WiFi&#39; was not declared in this scope
   if(WiFi.status() == WL_CONNECTED){
      ^~~~
/home/ec2-user/arduino-testlib/cli-datadir/user/libraries/Spacecat/examples/Simple/Simple.ino:76:23: error: &#39;WL_CONNECTED&#39; was not declared in this scope
   if(WiFi.status() == WL_CONNECTED){
                       ^~~~~~~~~~~~
Multiple libraries were found for &#34;ArduinoJson.h&#34;
  Used: /home/ec2-user/arduino-testlib/cli-datadir/user/libraries/ArduinoJson
  Not used: /home/ec2-user/arduino-testlib/cli-datadir/user/libraries/ThingsIoT
  Not used: /home/ec2-user/arduino-testlib/cli-datadir/user/libraries/ThingESP
  Not used: /home/ec2-user/arduino-testlib/cli-datadir/user/libraries/BaleMessengerBot_Arduino
  Not used: /home/ec2-user/arduino-testlib/cli-datadir/user/libraries/CoogleIOT
  Not used: /home/ec2-user/arduino-testlib/cli-datadir/user/libraries/Antares_ESP8266_MQTT
  Not used: /home/ec2-user/arduino-testlib/cli-datadir/user/libraries/Antares_ESP8266_HTTP
  Not used: /home/ec2-user/arduino-testlib/cli-datadir/user/libraries/AllThingsTalk_LTE-M_SDK
  Not used: /home/ec2-user/arduino-testlib/cli-datadir/user/libraries/CMMC_MQTT_Connector
Multiple libraries were found for &#34;MFRC522.h&#34;
  Used: /home/ec2-user/arduino-testlib/cli-datadir/user/libraries/MFRC522
  Not used: /home/ec2-user/arduino-testlib/cli-datadir/user/libraries/MFRC522-spi-i2c-uart-async
</pre>
					
					<h4>examples/UserConfirmationParameters</h4>
					<p>
						Result: <b>FAIL</b>
					</p>
					<pre class="pre-scrollable">WARNING: library Spacecat claims to run on esp8266, esp32 architecture(s) and may be incompatible with your current board which runs on mbed_nano architecture(s).
WARNING: library MFRC522 claims to run on avr, megaavr, STM32F1, teensy, esp8266, esp32, samd, atmelsam architecture(s) and may be incompatible with your current board which runs on mbed_nano architecture(s).
In file included from /home/ec2-user/arduino-testlib/cli-datadir/user/libraries/Spacecat/examples/UserConfirmationParameters/UserConfirmationParameters.ino:31:0:
/home/ec2-user/arduino-testlib/cli-datadir/user/libraries/Spacecat/src/Spacecat.h:183:5: error: &#39;HTTPClient&#39; does not name a type; did you mean &#39;DNSClient&#39;?
     HTTPClient _http;
     ^~~~~~~~~~
     DNSClient
/home/ec2-user/arduino-testlib/cli-datadir/user/libraries/Spacecat/src/Spacecat.h:184:5: error: &#39;WiFiClientSecure&#39; does not name a type
     WiFiClientSecure client;
     ^~~~~~~~~~~~~~~~
/home/ec2-user/arduino-testlib/cli-datadir/user/libraries/Spacecat/examples/UserConfirmationParameters/UserConfirmationParameters.ino: In function &#39;void setup()&#39;:
/home/ec2-user/arduino-testlib/cli-datadir/user/libraries/Spacecat/examples/UserConfirmationParameters/UserConfirmationParameters.ino:71:3: error: &#39;WiFi&#39; was not declared in this scope
   WiFi.begin(WIFI_SSID, WIFI_PASSWORD);
   ^~~~
/home/ec2-user/arduino-testlib/cli-datadir/user/libraries/Spacecat/examples/UserConfirmationParameters/UserConfirmationParameters.ino:73:27: error: &#39;WL_CONNECTED&#39; was not declared in this scope
   while (WiFi.status() != WL_CONNECTED) {
                           ^~~~~~~~~~~~
/home/ec2-user/arduino-testlib/cli-datadir/user/libraries/Spacecat/examples/UserConfirmationParameters/UserConfirmationParameters.ino: In function &#39;void loop()&#39;:
/home/ec2-user/arduino-testlib/cli-datadir/user/libraries/Spacecat/examples/UserConfirmationParameters/UserConfirmationParameters.ino:92:6: error: &#39;WiFi&#39; was not declared in this scope
   if(WiFi.status() == WL_CONNECTED){
      ^~~~
/home/ec2-user/arduino-testlib/cli-datadir/user/libraries/Spacecat/examples/UserConfirmationParameters/UserConfirmationParameters.ino:92:23: error: &#39;WL_CONNECTED&#39; was not declared in this scope
   if(WiFi.status() == WL_CONNECTED){
                       ^~~~~~~~~~~~
Multiple libraries were found for &#34;ArduinoJson.h&#34;
  Used: /home/ec2-user/arduino-testlib/cli-datadir/user/libraries/ArduinoJson
  Not used: /home/ec2-user/arduino-testlib/cli-datadir/user/libraries/ThingESP
  Not used: /home/ec2-user/arduino-testlib/cli-datadir/user/libraries/AllThingsTalk_LTE-M_SDK
  Not used: /home/ec2-user/arduino-testlib/cli-datadir/user/libraries/ThingsIoT
  Not used: /home/ec2-user/arduino-testlib/cli-datadir/user/libraries/Antares_ESP8266_MQTT
  Not used: /home/ec2-user/arduino-testlib/cli-datadir/user/libraries/BaleMessengerBot_Arduino
  Not used: /home/ec2-user/arduino-testlib/cli-datadir/user/libraries/CoogleIOT
  Not used: /home/ec2-user/arduino-testlib/cli-datadir/user/libraries/CMMC_MQTT_Connector
  Not used: /home/ec2-user/arduino-testlib/cli-datadir/user/libraries/Antares_ESP8266_HTTP
Multiple libraries were found for &#34;MFRC522.h&#34;
  Used: /home/ec2-user/arduino-testlib/cli-datadir/user/libraries/MFRC522
  Not used: /home/ec2-user/arduino-testlib/cli-datadir/user/libraries/MFRC522-spi-i2c-uart-async
</pre>
					
				
				<h3 id="arduino:megaavr:nona4809">arduino:megaavr:nona4809 @ 1.8.7</h3>
				<h4>Inclusion</h4>
				<p>
					Result: <b>FAIL</b>
					
				</p>
				<pre class="pre-scrollable">In file included from /tmp/arduino-testlib2201373471/test/test.ino:1:0:
/home/ec2-user/arduino-testlib/cli-datadir/user/libraries/Spacecat/src/Spacecat.h:39:10: fatal error: memory: No such file or directory
 #include &lt;memory&gt;
          ^~~~~~~~
compilation terminated.
Multiple libraries were found for &#34;ArduinoJson.h&#34;
  Used: /home/ec2-user/arduino-testlib/cli-datadir/user/libraries/ArduinoJson
  Not used: /home/ec2-user/arduino-testlib/cli-datadir/user/libraries/ThingsIoT
  Not used: /home/ec2-user/arduino-testlib/cli-datadir/user/libraries/Antares_ESP8266_HTTP
  Not used: /home/ec2-user/arduino-testlib/cli-datadir/user/libraries/AllThingsTalk_LTE-M_SDK
  Not used: /home/ec2-user/arduino-testlib/cli-datadir/user/libraries/BaleMessengerBot_Arduino
  Not used: /home/ec2-user/arduino-testlib/cli-datadir/user/libraries/CMMC_MQTT_Connector
  Not used: /home/ec2-user/arduino-testlib/cli-datadir/user/libraries/CoogleIOT
  Not used: /home/ec2-user/arduino-testlib/cli-datadir/user/libraries/Antares_ESP8266_MQTT
  Not used: /home/ec2-user/arduino-testlib/cli-datadir/user/libraries/ThingESP
Multiple libraries were found for &#34;MFRC522.h&#34;
  Used: /home/ec2-user/arduino-testlib/cli-datadir/user/libraries/MFRC522
  Not used: /home/ec2-user/arduino-testlib/cli-datadir/user/libraries/MFRC522-spi-i2c-uart-async
</pre>

					
					<h4>examples/AuthWithPassword</h4>
					<p>
						Result: <b>FAIL</b>
					</p>
					<pre class="pre-scrollable">In file included from /home/ec2-user/arduino-testlib/cli-datadir/user/libraries/Spacecat/examples/AuthWithPassword/AuthWithPassword.ino:19:0:
/home/ec2-user/arduino-testlib/cli-datadir/user/libraries/Spacecat/src/Spacecat.h:39:10: fatal error: memory: No such file or directory
 #include &lt;memory&gt;
          ^~~~~~~~
compilation terminated.
Multiple libraries were found for &#34;ArduinoJson.h&#34;
  Used: /home/ec2-user/arduino-testlib/cli-datadir/user/libraries/ArduinoJson
  Not used: /home/ec2-user/arduino-testlib/cli-datadir/user/libraries/ThingESP
  Not used: /home/ec2-user/arduino-testlib/cli-datadir/user/libraries/AllThingsTalk_LTE-M_SDK
  Not used: /home/ec2-user/arduino-testlib/cli-datadir/user/libraries/Antares_ESP8266_HTTP
  Not used: /home/ec2-user/arduino-testlib/cli-datadir/user/libraries/CMMC_MQTT_Connector
  Not used: /home/ec2-user/arduino-testlib/cli-datadir/user/libraries/ThingsIoT
  Not used: /home/ec2-user/arduino-testlib/cli-datadir/user/libraries/Antares_ESP8266_MQTT
  Not used: /home/ec2-user/arduino-testlib/cli-datadir/user/libraries/BaleMessengerBot_Arduino
  Not used: /home/ec2-user/arduino-testlib/cli-datadir/user/libraries/CoogleIOT
Multiple libraries were found for &#34;MFRC522.h&#34;
  Used: /home/ec2-user/arduino-testlib/cli-datadir/user/libraries/MFRC522
  Not used: /home/ec2-user/arduino-testlib/cli-datadir/user/libraries/MFRC522-spi-i2c-uart-async
</pre>
					
					<h4>examples/ReadCard</h4>
					<p>
						Result: <b>FAIL</b>
					</p>
					<pre class="pre-scrollable">In file included from /home/ec2-user/arduino-testlib/cli-datadir/user/libraries/Spacecat/examples/ReadCard/ReadCard.ino:14:0:
/home/ec2-user/arduino-testlib/cli-datadir/user/libraries/Spacecat/src/Spacecat.h:39:10: fatal error: memory: No such file or directory
 #include &lt;memory&gt;
          ^~~~~~~~
compilation terminated.
Multiple libraries were found for &#34;ArduinoJson.h&#34;
  Used: /home/ec2-user/arduino-testlib/cli-datadir/user/libraries/ArduinoJson
  Not used: /home/ec2-user/arduino-testlib/cli-datadir/user/libraries/BaleMessengerBot_Arduino
  Not used: /home/ec2-user/arduino-testlib/cli-datadir/user/libraries/Antares_ESP8266_MQTT
  Not used: /home/ec2-user/arduino-testlib/cli-datadir/user/libraries/AllThingsTalk_LTE-M_SDK
  Not used: /home/ec2-user/arduino-testlib/cli-datadir/user/libraries/Antares_ESP8266_HTTP
  Not used: /home/ec2-user/arduino-testlib/cli-datadir/user/libraries/CoogleIOT
  Not used: /home/ec2-user/arduino-testlib/cli-datadir/user/libraries/ThingESP
  Not used: /home/ec2-user/arduino-testlib/cli-datadir/user/libraries/CMMC_MQTT_Connector
  Not used: /home/ec2-user/arduino-testlib/cli-datadir/user/libraries/ThingsIoT
Multiple libraries were found for &#34;MFRC522.h&#34;
  Used: /home/ec2-user/arduino-testlib/cli-datadir/user/libraries/MFRC522
  Not used: /home/ec2-user/arduino-testlib/cli-datadir/user/libraries/MFRC522-spi-i2c-uart-async
</pre>
					
					<h4>examples/RegisterIDCard</h4>
					<p>
						Result: <b>FAIL</b>
					</p>
					<pre class="pre-scrollable">In file included from /home/ec2-user/arduino-testlib/cli-datadir/user/libraries/Spacecat/examples/RegisterIDCard/RegisterIDCard.ino:19:0:
/home/ec2-user/arduino-testlib/cli-datadir/user/libraries/Spacecat/src/Spacecat.h:39:10: fatal error: memory: No such file or directory
 #include &lt;memory&gt;
          ^~~~~~~~
compilation terminated.
Multiple libraries were found for &#34;ArduinoJson.h&#34;
  Used: /home/ec2-user/arduino-testlib/cli-datadir/user/libraries/ArduinoJson
  Not used: /home/ec2-user/arduino-testlib/cli-datadir/user/libraries/Antares_ESP8266_MQTT
  Not used: /home/ec2-user/arduino-testlib/cli-datadir/user/libraries/BaleMessengerBot_Arduino
  Not used: /home/ec2-user/arduino-testlib/cli-datadir/user/libraries/ThingESP
  Not used: /home/ec2-user/arduino-testlib/cli-datadir/user/libraries/CoogleIOT
  Not used: /home/ec2-user/arduino-testlib/cli-datadir/user/libraries/AllThingsTalk_LTE-M_SDK
  Not used: /home/ec2-user/arduino-testlib/cli-datadir/user/libraries/CMMC_MQTT_Connector
  Not used: /home/ec2-user/arduino-testlib/cli-datadir/user/libraries/ThingsIoT
  Not used: /home/ec2-user/arduino-testlib/cli-datadir/user/libraries/Antares_ESP8266_HTTP
Multiple libraries were found for &#34;MFRC522.h&#34;
  Used: /home/ec2-user/arduino-testlib/cli-datadir/user/libraries/MFRC522
  Not used: /home/ec2-user/arduino-testlib/cli-datadir/user/libraries/MFRC522-spi-i2c-uart-async
</pre>
					
					<h4>examples/Simple</h4>
					<p>
						Result: <b>FAIL</b>
					</p>
					<pre class="pre-scrollable">In file included from /home/ec2-user/arduino-testlib/cli-datadir/user/libraries/Spacecat/examples/Simple/Simple.ino:20:0:
/home/ec2-user/arduino-testlib/cli-datadir/user/libraries/Spacecat/src/Spacecat.h:39:10: fatal error: memory: No such file or directory
 #include &lt;memory&gt;
          ^~~~~~~~
compilation terminated.
Multiple libraries were found for &#34;ArduinoJson.h&#34;
  Used: /home/ec2-user/arduino-testlib/cli-datadir/user/libraries/ArduinoJson
  Not used: /home/ec2-user/arduino-testlib/cli-datadir/user/libraries/BaleMessengerBot_Arduino
  Not used: /home/ec2-user/arduino-testlib/cli-datadir/user/libraries/ThingESP
  Not used: /home/ec2-user/arduino-testlib/cli-datadir/user/libraries/Antares_ESP8266_HTTP
  Not used: /home/ec2-user/arduino-testlib/cli-datadir/user/libraries/Antares_ESP8266_MQTT
  Not used: /home/ec2-user/arduino-testlib/cli-datadir/user/libraries/CoogleIOT
  Not used: /home/ec2-user/arduino-testlib/cli-datadir/user/libraries/AllThingsTalk_LTE-M_SDK
  Not used: /home/ec2-user/arduino-testlib/cli-datadir/user/libraries/ThingsIoT
  Not used: /home/ec2-user/arduino-testlib/cli-datadir/user/libraries/CMMC_MQTT_Connector
Multiple libraries were found for &#34;MFRC522.h&#34;
  Used: /home/ec2-user/arduino-testlib/cli-datadir/user/libraries/MFRC522
  Not used: /home/ec2-user/arduino-testlib/cli-datadir/user/libraries/MFRC522-spi-i2c-uart-async
</pre>
					
					<h4>examples/UserConfirmationParameters</h4>
					<p>
						Result: <b>FAIL</b>
					</p>
					<pre class="pre-scrollable">In file included from /home/ec2-user/arduino-testlib/cli-datadir/user/libraries/Spacecat/examples/UserConfirmationParameters/UserConfirmationParameters.ino:31:0:
/home/ec2-user/arduino-testlib/cli-datadir/user/libraries/Spacecat/src/Spacecat.h:39:10: fatal error: memory: No such file or directory
 #include &lt;memory&gt;
          ^~~~~~~~
compilation terminated.
Multiple libraries were found for &#34;ArduinoJson.h&#34;
  Used: /home/ec2-user/arduino-testlib/cli-datadir/user/libraries/ArduinoJson
  Not used: /home/ec2-user/arduino-testlib/cli-datadir/user/libraries/AllThingsTalk_LTE-M_SDK
  Not used: /home/ec2-user/arduino-testlib/cli-datadir/user/libraries/Antares_ESP8266_HTTP
  Not used: /home/ec2-user/arduino-testlib/cli-datadir/user/libraries/CMMC_MQTT_Connector
  Not used: /home/ec2-user/arduino-testlib/cli-datadir/user/libraries/BaleMessengerBot_Arduino
  Not used: /home/ec2-user/arduino-testlib/cli-datadir/user/libraries/ThingESP
  Not used: /home/ec2-user/arduino-testlib/cli-datadir/user/libraries/Antares_ESP8266_MQTT
  Not used: /home/ec2-user/arduino-testlib/cli-datadir/user/libraries/ThingsIoT
  Not used: /home/ec2-user/arduino-testlib/cli-datadir/user/libraries/CoogleIOT
Multiple libraries were found for &#34;MFRC522.h&#34;
  Used: /home/ec2-user/arduino-testlib/cli-datadir/user/libraries/MFRC522
  Not used: /home/ec2-user/arduino-testlib/cli-datadir/user/libraries/MFRC522-spi-i2c-uart-async
</pre>
					
				
				<h3 id="arduino:samd:mkrwifi1010">arduino:samd:mkrwifi1010 @ 1.8.12</h3>
				<h4>Inclusion</h4>
				<p>
					Result: <b>FAIL</b>
					
				</p>
				<pre class="pre-scrollable">WARNING: library Spacecat claims to run on esp8266, esp32 architecture(s) and may be incompatible with your current board which runs on samd architecture(s).
In file included from /tmp/arduino-testlib3674830407/test/test.ino:1:0:
/home/ec2-user/arduino-testlib/cli-datadir/user/libraries/Spacecat/src/Spacecat.h:183:5: error: &#39;HTTPClient&#39; does not name a type; did you mean &#39;DNSClient&#39;?
     HTTPClient _http;
     ^~~~~~~~~~
     DNSClient
/home/ec2-user/arduino-testlib/cli-datadir/user/libraries/Spacecat/src/Spacecat.h:184:5: error: &#39;WiFiClientSecure&#39; does not name a type
     WiFiClientSecure client;
     ^~~~~~~~~~~~~~~~
Multiple libraries were found for &#34;ArduinoJson.h&#34;
  Used: /home/ec2-user/arduino-testlib/cli-datadir/user/libraries/ArduinoJson
  Not used: /home/ec2-user/arduino-testlib/cli-datadir/user/libraries/CoogleIOT
  Not used: /home/ec2-user/arduino-testlib/cli-datadir/user/libraries/ThingsIoT
  Not used: /home/ec2-user/arduino-testlib/cli-datadir/user/libraries/AllThingsTalk_LTE-M_SDK
  Not used: /home/ec2-user/arduino-testlib/cli-datadir/user/libraries/Antares_ESP8266_HTTP
  Not used: /home/ec2-user/arduino-testlib/cli-datadir/user/libraries/CMMC_MQTT_Connector
  Not used: /home/ec2-user/arduino-testlib/cli-datadir/user/libraries/ThingESP
  Not used: /home/ec2-user/arduino-testlib/cli-datadir/user/libraries/Antares_ESP8266_MQTT
  Not used: /home/ec2-user/arduino-testlib/cli-datadir/user/libraries/BaleMessengerBot_Arduino
Multiple libraries were found for &#34;MFRC522.h&#34;
  Used: /home/ec2-user/arduino-testlib/cli-datadir/user/libraries/MFRC522
  Not used: /home/ec2-user/arduino-testlib/cli-datadir/user/libraries/MFRC522-spi-i2c-uart-async
</pre>

					
					<h4>examples/AuthWithPassword</h4>
					<p>
						Result: <b>FAIL</b>
					</p>
					<pre class="pre-scrollable">WARNING: library Spacecat claims to run on esp8266, esp32 architecture(s) and may be incompatible with your current board which runs on samd architecture(s).
In file included from /home/ec2-user/arduino-testlib/cli-datadir/user/libraries/Spacecat/examples/AuthWithPassword/AuthWithPassword.ino:19:0:
/home/ec2-user/arduino-testlib/cli-datadir/user/libraries/Spacecat/src/Spacecat.h:183:5: error: &#39;HTTPClient&#39; does not name a type; did you mean &#39;DNSClient&#39;?
     HTTPClient _http;
     ^~~~~~~~~~
     DNSClient
/home/ec2-user/arduino-testlib/cli-datadir/user/libraries/Spacecat/src/Spacecat.h:184:5: error: &#39;WiFiClientSecure&#39; does not name a type
     WiFiClientSecure client;
     ^~~~~~~~~~~~~~~~
/home/ec2-user/arduino-testlib/cli-datadir/user/libraries/Spacecat/examples/AuthWithPassword/AuthWithPassword.ino: In function &#39;void setup()&#39;:
/home/ec2-user/arduino-testlib/cli-datadir/user/libraries/Spacecat/examples/AuthWithPassword/AuthWithPassword.ino:63:3: error: &#39;WiFi&#39; was not declared in this scope
   WiFi.begin(WIFI_SSID, WIFI_PASSWORD);
   ^~~~
/home/ec2-user/arduino-testlib/cli-datadir/user/libraries/Spacecat/examples/AuthWithPassword/AuthWithPassword.ino:65:27: error: &#39;WL_CONNECTED&#39; was not declared in this scope
   while (WiFi.status() != WL_CONNECTED) {
                           ^~~~~~~~~~~~
/home/ec2-user/arduino-testlib/cli-datadir/user/libraries/Spacecat/examples/AuthWithPassword/AuthWithPassword.ino:65:27: note: suggested alternative: &#39;UHD_STATE_CONNECTED&#39;
   while (WiFi.status() != WL_CONNECTED) {
                           ^~~~~~~~~~~~
                           UHD_STATE_CONNECTED
/home/ec2-user/arduino-testlib/cli-datadir/user/libraries/Spacecat/examples/AuthWithPassword/AuthWithPassword.ino: In function &#39;void loop()&#39;:
/home/ec2-user/arduino-testlib/cli-datadir/user/libraries/Spacecat/examples/AuthWithPassword/AuthWithPassword.ino:82:6: error: &#39;WiFi&#39; was not declared in this scope
   if(WiFi.status() == WL_CONNECTED){
      ^~~~
/home/ec2-user/arduino-testlib/cli-datadir/user/libraries/Spacecat/examples/AuthWithPassword/AuthWithPassword.ino:82:23: error: &#39;WL_CONNECTED&#39; was not declared in this scope
   if(WiFi.status() == WL_CONNECTED){
                       ^~~~~~~~~~~~
/home/ec2-user/arduino-testlib/cli-datadir/user/libraries/Spacecat/examples/AuthWithPassword/AuthWithPassword.ino:82:23: note: suggested alternative: &#39;UHD_STATE_CONNECTED&#39;
   if(WiFi.status() == WL_CONNECTED){
                       ^~~~~~~~~~~~
                       UHD_STATE_CONNECTED
Multiple libraries were found for &#34;ArduinoJson.h&#34;
  Used: /home/ec2-user/arduino-testlib/cli-datadir/user/libraries/ArduinoJson
  Not used: /home/ec2-user/arduino-testlib/cli-datadir/user/libraries/Antares_ESP8266_HTTP
  Not used: /home/ec2-user/arduino-testlib/cli-datadir/user/libraries/AllThingsTalk_LTE-M_SDK
  Not used: /home/ec2-user/arduino-testlib/cli-datadir/user/libraries/ThingESP
  Not used: /home/ec2-user/arduino-testlib/cli-datadir/user/libraries/BaleMessengerBot_Arduino
  Not used: /home/ec2-user/arduino-testlib/cli-datadir/user/libraries/ThingsIoT
  Not used: /home/ec2-user/arduino-testlib/cli-datadir/user/libraries/Antares_ESP8266_MQTT
  Not used: /home/ec2-user/arduino-testlib/cli-datadir/user/libraries/CoogleIOT
  Not used: /home/ec2-user/arduino-testlib/cli-datadir/user/libraries/CMMC_MQTT_Connector
Multiple libraries were found for &#34;MFRC522.h&#34;
  Used: /home/ec2-user/arduino-testlib/cli-datadir/user/libraries/MFRC522
  Not used: /home/ec2-user/arduino-testlib/cli-datadir/user/libraries/MFRC522-spi-i2c-uart-async
</pre>
					
					<h4>examples/ReadCard</h4>
					<p>
						Result: <b>FAIL</b>
					</p>
					<pre class="pre-scrollable">WARNING: library Spacecat claims to run on esp8266, esp32 architecture(s) and may be incompatible with your current board which runs on samd architecture(s).
In file included from /home/ec2-user/arduino-testlib/cli-datadir/user/libraries/Spacecat/examples/ReadCard/ReadCard.ino:14:0:
/home/ec2-user/arduino-testlib/cli-datadir/user/libraries/Spacecat/src/Spacecat.h:183:5: error: &#39;HTTPClient&#39; does not name a type; did you mean &#39;DNSClient&#39;?
     HTTPClient _http;
     ^~~~~~~~~~
     DNSClient
/home/ec2-user/arduino-testlib/cli-datadir/user/libraries/Spacecat/src/Spacecat.h:184:5: error: &#39;WiFiClientSecure&#39; does not name a type
     WiFiClientSecure client;
     ^~~~~~~~~~~~~~~~
Multiple libraries were found for &#34;ArduinoJson.h&#34;
  Used: /home/ec2-user/arduino-testlib/cli-datadir/user/libraries/ArduinoJson
  Not used: /home/ec2-user/arduino-testlib/cli-datadir/user/libraries/AllThingsTalk_LTE-M_SDK
  Not used: /home/ec2-user/arduino-testlib/cli-datadir/user/libraries/Antares_ESP8266_MQTT
  Not used: /home/ec2-user/arduino-testlib/cli-datadir/user/libraries/BaleMessengerBot_Arduino
  Not used: /home/ec2-user/arduino-testlib/cli-datadir/user/libraries/ThingESP
  Not used: /home/ec2-user/arduino-testlib/cli-datadir/user/libraries/CMMC_MQTT_Connector
  Not used: /home/ec2-user/arduino-testlib/cli-datadir/user/libraries/CoogleIOT
  Not used: /home/ec2-user/arduino-testlib/cli-datadir/user/libraries/Antares_ESP8266_HTTP
  Not used: /home/ec2-user/arduino-testlib/cli-datadir/user/libraries/ThingsIoT
Multiple libraries were found for &#34;MFRC522.h&#34;
  Used: /home/ec2-user/arduino-testlib/cli-datadir/user/libraries/MFRC522
  Not used: /home/ec2-user/arduino-testlib/cli-datadir/user/libraries/MFRC522-spi-i2c-uart-async
</pre>
					
					<h4>examples/RegisterIDCard</h4>
					<p>
						Result: <b>FAIL</b>
					</p>
					<pre class="pre-scrollable">WARNING: library Spacecat claims to run on esp8266, esp32 architecture(s) and may be incompatible with your current board which runs on samd architecture(s).
In file included from /home/ec2-user/arduino-testlib/cli-datadir/user/libraries/Spacecat/examples/RegisterIDCard/RegisterIDCard.ino:19:0:
/home/ec2-user/arduino-testlib/cli-datadir/user/libraries/Spacecat/src/Spacecat.h:183:5: error: &#39;HTTPClient&#39; does not name a type; did you mean &#39;DNSClient&#39;?
     HTTPClient _http;
     ^~~~~~~~~~
     DNSClient
/home/ec2-user/arduino-testlib/cli-datadir/user/libraries/Spacecat/src/Spacecat.h:184:5: error: &#39;WiFiClientSecure&#39; does not name a type
     WiFiClientSecure client;
     ^~~~~~~~~~~~~~~~
/home/ec2-user/arduino-testlib/cli-datadir/user/libraries/Spacecat/examples/RegisterIDCard/RegisterIDCard.ino: In function &#39;void setup()&#39;:
/home/ec2-user/arduino-testlib/cli-datadir/user/libraries/Spacecat/examples/RegisterIDCard/RegisterIDCard.ino:40:3: error: &#39;WiFi&#39; was not declared in this scope
   WiFi.begin(WIFI_SSID, WIFI_PASSWORD);
   ^~~~
/home/ec2-user/arduino-testlib/cli-datadir/user/libraries/Spacecat/examples/RegisterIDCard/RegisterIDCard.ino:42:27: error: &#39;WL_CONNECTED&#39; was not declared in this scope
   while (WiFi.status() != WL_CONNECTED) {
                           ^~~~~~~~~~~~
/home/ec2-user/arduino-testlib/cli-datadir/user/libraries/Spacecat/examples/RegisterIDCard/RegisterIDCard.ino:42:27: note: suggested alternative: &#39;UHD_STATE_CONNECTED&#39;
   while (WiFi.status() != WL_CONNECTED) {
                           ^~~~~~~~~~~~
                           UHD_STATE_CONNECTED
/home/ec2-user/arduino-testlib/cli-datadir/user/libraries/Spacecat/examples/RegisterIDCard/RegisterIDCard.ino: In function &#39;void loop()&#39;:
/home/ec2-user/arduino-testlib/cli-datadir/user/libraries/Spacecat/examples/RegisterIDCard/RegisterIDCard.ino:58:6: error: &#39;WiFi&#39; was not declared in this scope
   if(WiFi.status() == WL_CONNECTED){
      ^~~~
/home/ec2-user/arduino-testlib/cli-datadir/user/libraries/Spacecat/examples/RegisterIDCard/RegisterIDCard.ino:58:23: error: &#39;WL_CONNECTED&#39; was not declared in this scope
   if(WiFi.status() == WL_CONNECTED){
                       ^~~~~~~~~~~~
/home/ec2-user/arduino-testlib/cli-datadir/user/libraries/Spacecat/examples/RegisterIDCard/RegisterIDCard.ino:58:23: note: suggested alternative: &#39;UHD_STATE_CONNECTED&#39;
   if(WiFi.status() == WL_CONNECTED){
                       ^~~~~~~~~~~~
                       UHD_STATE_CONNECTED
Multiple libraries were found for &#34;ArduinoJson.h&#34;
  Used: /home/ec2-user/arduino-testlib/cli-datadir/user/libraries/ArduinoJson
  Not used: /home/ec2-user/arduino-testlib/cli-datadir/user/libraries/CoogleIOT
  Not used: /home/ec2-user/arduino-testlib/cli-datadir/user/libraries/ThingESP
  Not used: /home/ec2-user/arduino-testlib/cli-datadir/user/libraries/ThingsIoT
  Not used: /home/ec2-user/arduino-testlib/cli-datadir/user/libraries/AllThingsTalk_LTE-M_SDK
  Not used: /home/ec2-user/arduino-testlib/cli-datadir/user/libraries/Antares_ESP8266_HTTP
  Not used: /home/ec2-user/arduino-testlib/cli-datadir/user/libraries/CMMC_MQTT_Connector
  Not used: /home/ec2-user/arduino-testlib/cli-datadir/user/libraries/Antares_ESP8266_MQTT
  Not used: /home/ec2-user/arduino-testlib/cli-datadir/user/libraries/BaleMessengerBot_Arduino
Multiple libraries were found for &#34;MFRC522.h&#34;
  Used: /home/ec2-user/arduino-testlib/cli-datadir/user/libraries/MFRC522
  Not used: /home/ec2-user/arduino-testlib/cli-datadir/user/libraries/MFRC522-spi-i2c-uart-async
</pre>
					
					<h4>examples/Simple</h4>
					<p>
						Result: <b>FAIL</b>
					</p>
					<pre class="pre-scrollable">WARNING: library Spacecat claims to run on esp8266, esp32 architecture(s) and may be incompatible with your current board which runs on samd architecture(s).
In file included from /home/ec2-user/arduino-testlib/cli-datadir/user/libraries/Spacecat/examples/Simple/Simple.ino:20:0:
/home/ec2-user/arduino-testlib/cli-datadir/user/libraries/Spacecat/src/Spacecat.h:183:5: error: &#39;HTTPClient&#39; does not name a type; did you mean &#39;DNSClient&#39;?
     HTTPClient _http;
     ^~~~~~~~~~
     DNSClient
/home/ec2-user/arduino-testlib/cli-datadir/user/libraries/Spacecat/src/Spacecat.h:184:5: error: &#39;WiFiClientSecure&#39; does not name a type
     WiFiClientSecure client;
     ^~~~~~~~~~~~~~~~
/home/ec2-user/arduino-testlib/cli-datadir/user/libraries/Spacecat/examples/Simple/Simple.ino: In function &#39;void setup()&#39;:
/home/ec2-user/arduino-testlib/cli-datadir/user/libraries/Spacecat/examples/Simple/Simple.ino:56:3: error: &#39;WiFi&#39; was not declared in this scope
   WiFi.mode(WIFI_STA);
   ^~~~
/home/ec2-user/arduino-testlib/cli-datadir/user/libraries/Spacecat/examples/Simple/Simple.ino:56:13: error: &#39;WIFI_STA&#39; was not declared in this scope
   WiFi.mode(WIFI_STA);
             ^~~~~~~~
/home/ec2-user/arduino-testlib/cli-datadir/user/libraries/Spacecat/examples/Simple/Simple.ino:56:13: note: suggested alternative: &#39;WIFI_SSID&#39;
   WiFi.mode(WIFI_STA);
             ^~~~~~~~
             WIFI_SSID
/home/ec2-user/arduino-testlib/cli-datadir/user/libraries/Spacecat/examples/Simple/Simple.ino:59:27: error: &#39;WL_CONNECTED&#39; was not declared in this scope
   while (WiFi.status() != WL_CONNECTED) {
                           ^~~~~~~~~~~~
/home/ec2-user/arduino-testlib/cli-datadir/user/libraries/Spacecat/examples/Simple/Simple.ino:59:27: note: suggested alternative: &#39;UHD_STATE_CONNECTED&#39;
   while (WiFi.status() != WL_CONNECTED) {
                           ^~~~~~~~~~~~
                           UHD_STATE_CONNECTED
/home/ec2-user/arduino-testlib/cli-datadir/user/libraries/Spacecat/examples/Simple/Simple.ino: In function &#39;void loop()&#39;:
/home/ec2-user/arduino-testlib/cli-datadir/user/libraries/Spacecat/examples/Simple/Simple.ino:76:6: error: &#39;WiFi&#39; was not declared in this scope
   if(WiFi.status() == WL_CONNECTED){
      ^~~~
/home/ec2-user/arduino-testlib/cli-datadir/user/libraries/Spacecat/examples/Simple/Simple.ino:76:23: error: &#39;WL_CONNECTED&#39; was not declared in this scope
   if(WiFi.status() == WL_CONNECTED){
                       ^~~~~~~~~~~~
/home/ec2-user/arduino-testlib/cli-datadir/user/libraries/Spacecat/examples/Simple/Simple.ino:76:23: note: suggested alternative: &#39;UHD_STATE_CONNECTED&#39;
   if(WiFi.status() == WL_CONNECTED){
                       ^~~~~~~~~~~~
                       UHD_STATE_CONNECTED
Multiple libraries were found for &#34;ArduinoJson.h&#34;
  Used: /home/ec2-user/arduino-testlib/cli-datadir/user/libraries/ArduinoJson
  Not used: /home/ec2-user/arduino-testlib/cli-datadir/user/libraries/CMMC_MQTT_Connector
  Not used: /home/ec2-user/arduino-testlib/cli-datadir/user/libraries/Antares_ESP8266_HTTP
  Not used: /home/ec2-user/arduino-testlib/cli-datadir/user/libraries/ThingsIoT
  Not used: /home/ec2-user/arduino-testlib/cli-datadir/user/libraries/ThingESP
  Not used: /home/ec2-user/arduino-testlib/cli-datadir/user/libraries/AllThingsTalk_LTE-M_SDK
  Not used: /home/ec2-user/arduino-testlib/cli-datadir/user/libraries/Antares_ESP8266_MQTT
  Not used: /home/ec2-user/arduino-testlib/cli-datadir/user/libraries/CoogleIOT
  Not used: /home/ec2-user/arduino-testlib/cli-datadir/user/libraries/BaleMessengerBot_Arduino
Multiple libraries were found for &#34;MFRC522.h&#34;
  Used: /home/ec2-user/arduino-testlib/cli-datadir/user/libraries/MFRC522
  Not used: /home/ec2-user/arduino-testlib/cli-datadir/user/libraries/MFRC522-spi-i2c-uart-async
</pre>
					
					<h4>examples/UserConfirmationParameters</h4>
					<p>
						Result: <b>FAIL</b>
					</p>
					<pre class="pre-scrollable">WARNING: library Spacecat claims to run on esp8266, esp32 architecture(s) and may be incompatible with your current board which runs on samd architecture(s).
In file included from /home/ec2-user/arduino-testlib/cli-datadir/user/libraries/Spacecat/examples/UserConfirmationParameters/UserConfirmationParameters.ino:31:0:
/home/ec2-user/arduino-testlib/cli-datadir/user/libraries/Spacecat/src/Spacecat.h:183:5: error: &#39;HTTPClient&#39; does not name a type; did you mean &#39;DNSClient&#39;?
     HTTPClient _http;
     ^~~~~~~~~~
     DNSClient
/home/ec2-user/arduino-testlib/cli-datadir/user/libraries/Spacecat/src/Spacecat.h:184:5: error: &#39;WiFiClientSecure&#39; does not name a type
     WiFiClientSecure client;
     ^~~~~~~~~~~~~~~~
/home/ec2-user/arduino-testlib/cli-datadir/user/libraries/Spacecat/examples/UserConfirmationParameters/UserConfirmationParameters.ino: In function &#39;void setup()&#39;:
/home/ec2-user/arduino-testlib/cli-datadir/user/libraries/Spacecat/examples/UserConfirmationParameters/UserConfirmationParameters.ino:71:3: error: &#39;WiFi&#39; was not declared in this scope
   WiFi.begin(WIFI_SSID, WIFI_PASSWORD);
   ^~~~
/home/ec2-user/arduino-testlib/cli-datadir/user/libraries/Spacecat/examples/UserConfirmationParameters/UserConfirmationParameters.ino:73:27: error: &#39;WL_CONNECTED&#39; was not declared in this scope
   while (WiFi.status() != WL_CONNECTED) {
                           ^~~~~~~~~~~~
/home/ec2-user/arduino-testlib/cli-datadir/user/libraries/Spacecat/examples/UserConfirmationParameters/UserConfirmationParameters.ino:73:27: note: suggested alternative: &#39;UHD_STATE_CONNECTED&#39;
   while (WiFi.status() != WL_CONNECTED) {
                           ^~~~~~~~~~~~
                           UHD_STATE_CONNECTED
/home/ec2-user/arduino-testlib/cli-datadir/user/libraries/Spacecat/examples/UserConfirmationParameters/UserConfirmationParameters.ino: In function &#39;void loop()&#39;:
/home/ec2-user/arduino-testlib/cli-datadir/user/libraries/Spacecat/examples/UserConfirmationParameters/UserConfirmationParameters.ino:92:6: error: &#39;WiFi&#39; was not declared in this scope
   if(WiFi.status() == WL_CONNECTED){
      ^~~~
/home/ec2-user/arduino-testlib/cli-datadir/user/libraries/Spacecat/examples/UserConfirmationParameters/UserConfirmationParameters.ino:92:23: error: &#39;WL_CONNECTED&#39; was not declared in this scope
   if(WiFi.status() == WL_CONNECTED){
                       ^~~~~~~~~~~~
/home/ec2-user/arduino-testlib/cli-datadir/user/libraries/Spacecat/examples/UserConfirmationParameters/UserConfirmationParameters.ino:92:23: note: suggested alternative: &#39;UHD_STATE_CONNECTED&#39;
   if(WiFi.status() == WL_CONNECTED){
                       ^~~~~~~~~~~~
                       UHD_STATE_CONNECTED
Multiple libraries were found for &#34;ArduinoJson.h&#34;
  Used: /home/ec2-user/arduino-testlib/cli-datadir/user/libraries/ArduinoJson
  Not used: /home/ec2-user/arduino-testlib/cli-datadir/user/libraries/ThingESP
  Not used: /home/ec2-user/arduino-testlib/cli-datadir/user/libraries/Antares_ESP8266_HTTP
  Not used: /home/ec2-user/arduino-testlib/cli-datadir/user/libraries/BaleMessengerBot_Arduino
  Not used: /home/ec2-user/arduino-testlib/cli-datadir/user/libraries/CoogleIOT
  Not used: /home/ec2-user/arduino-testlib/cli-datadir/user/libraries/AllThingsTalk_LTE-M_SDK
  Not used: /home/ec2-user/arduino-testlib/cli-datadir/user/libraries/CMMC_MQTT_Connector
  Not used: /home/ec2-user/arduino-testlib/cli-datadir/user/libraries/ThingsIoT
  Not used: /home/ec2-user/arduino-testlib/cli-datadir/user/libraries/Antares_ESP8266_MQTT
Multiple libraries were found for &#34;MFRC522.h&#34;
  Used: /home/ec2-user/arduino-testlib/cli-datadir/user/libraries/MFRC522
  Not used: /home/ec2-user/arduino-testlib/cli-datadir/user/libraries/MFRC522-spi-i2c-uart-async
</pre>
					
				
				<h3 id="esp32:esp32:d1_mini32">esp32:esp32:d1_mini32 @ 1.0.6</h3>
				<h4>Inclusion</h4>
				<p>
					Result: <b>PASS</b>
					
				</p>
				<pre class="pre-scrollable">Sketch uses 264314 bytes (20%) of program storage space. Maximum is 1310720 bytes.
Global variables use 13792 bytes (4%) of dynamic memory, leaving 313888 bytes for local variables. Maximum is 327680 bytes.
</pre>

					
					<h4>examples/AuthWithPassword</h4>
					<p>
						Result: <b>PASS</b>
					</p>
					<pre class="pre-scrollable">Sketch uses 898094 bytes (68%) of program storage space. Maximum is 1310720 bytes.
Global variables use 39920 bytes (12%) of dynamic memory, leaving 287760 bytes for local variables. Maximum is 327680 bytes.
</pre>
					
					<h4>examples/ReadCard</h4>
					<p>
						Result: <b>PASS</b>
					</p>
					<pre class="pre-scrollable">Sketch uses 754098 bytes (57%) of program storage space. Maximum is 1310720 bytes.
Global variables use 35684 bytes (10%) of dynamic memory, leaving 291996 bytes for local variables. Maximum is 327680 bytes.
</pre>
					
					<h4>examples/RegisterIDCard</h4>
					<p>
						Result: <b>PASS</b>
					</p>
					<pre class="pre-scrollable">Sketch uses 896258 bytes (68%) of program storage space. Maximum is 1310720 bytes.
Global variables use 39920 bytes (12%) of dynamic memory, leaving 287760 bytes for local variables. Maximum is 327680 bytes.
</pre>
					
					<h4>examples/Simple</h4>
					<p>
						Result: <b>PASS</b>
					</p>
					<pre class="pre-scrollable">Sketch uses 896514 bytes (68%) of program storage space. Maximum is 1310720 bytes.
Global variables use 39920 bytes (12%) of dynamic memory, leaving 287760 bytes for local variables. Maximum is 327680 bytes.
</pre>
					
					<h4>examples/UserConfirmationParameters</h4>
					<p>
						Result: <b>PASS</b>
					</p>
					<pre class="pre-scrollable">Sketch uses 897422 bytes (68%) of program storage space. Maximum is 1310720 bytes.
Global variables use 39920 bytes (12%) of dynamic memory, leaving 287760 bytes for local variables. Maximum is 327680 bytes.
</pre>
					
				
			</div>
		</div>
	</div>
  </body>
</html>
