
<!doctype html>
<html lang="en">
  <head>
    <meta charset="utf-8">
    <meta name="viewport" content="width=device-width, initial-scale=1">
    <link href="https://cdn.jsdelivr.net/npm/bootstrap@5.0.2/dist/css/bootstrap.min.css" rel="stylesheet" integrity="sha384-EVSTQN3/azprG1Anm3QDgpJLIm9Nao0Yz1ztcQTwFspd3yD65VohhpuuCOmLASjC" crossorigin="anonymous">
    <title>arduino-testlib report</title>
	<style>
	.pass { background-color: #00FF00 !important; }
	.fail { background-color: #FF0000 !important; }
	</style>
  </head>
  <body>
	<div class="container">
		<div class="row">
			<div class="col">
				<h1>SparkFun TLC5940 - compatibility matrix</h1>
				<p>
					<small>This report was generated on Wednesday, 23-Feb-22 22:48:15 CET using 
					<a href="https://github.com/alranel/arduino-testlib">arduino-testlib</a>.</small>
				</p>

				<h2>SparkFun TLC5940</h2>
				<p>
					Version: <b>1.1.1</b>
					<br />
					<a href="https://www.arduino.cc/reference/en/libraries/sparkfun-tlc5940/">More details</a>
				</p>

				<h2>Compatibility matrix</h2>
				<table class="table table-bordered">
					<tr>
						<th>Board</th>
						<th>Claims compatibility</th>
						<th>Inclusion</th>
						
						<th><pre>Fades</pre></th>
						
						<th><pre>Servos</pre></th>
						
						<th><pre>UsingProgmem</pre></th>
						
						<th><pre>BasicAnimations</pre></th>
						
						<th><pre>BasicUse</pre></th>
						
						<th><pre>CircularLightBuffer</pre></th>
						
						<th><pre>FadeScope</pre></th>
						
					</tr>
					
					<tr>
						<td>
							<a href="#arduino%3aavr%3auno"><b>arduino:avr:uno</b></a>
							<br />
							<small>1.8.4</small>
						</td>

						
							<td>Yes</td>
							<td class="pass">PASS</td>
						
						
						
						

						
							
								
									
										
									
										
									
										
									
										
									
										
											<td class="pass">PASS</td>
											
										
									
										
									
										
									
								
							
								
							
								
							
								
							
								
							
						
							
								
									
										
									
										
									
										
									
										
									
										
									
										
											<td class="pass">PASS</td>
											
										
									
										
									
								
							
								
							
								
							
								
							
								
							
						
							
								
									
										
									
										
									
										
									
										
									
										
									
										
									
										
											
											<td class="fail">FAIL</td>
										
									
								
							
								
							
								
							
								
							
								
							
						
							
								
									
										
											
											<td class="fail">FAIL</td>
										
									
										
									
										
									
										
									
										
									
										
									
										
									
								
							
								
							
								
							
								
							
								
							
						
							
								
									
										
									
										
											<td class="pass">PASS</td>
											
										
									
										
									
										
									
										
									
										
									
										
									
								
							
								
							
								
							
								
							
								
							
						
							
								
									
										
									
										
									
										
											<td class="pass">PASS</td>
											
										
									
										
									
										
									
										
									
										
									
								
							
								
							
								
							
								
							
								
							
						
							
								
									
										
									
										
									
										
									
										
											<td class="pass">PASS</td>
											
										
									
										
									
										
									
										
									
								
							
								
							
								
							
								
							
								
							
						
					</tr>
					
					<tr>
						<td>
							<a href="#arduino%3ambed_nano%3ananorp2040connect"><b>arduino:mbed_nano:nanorp2040connect</b></a>
							<br />
							<small>2.7.2</small>
						</td>

						
						
						
						
							<td>No</td>
							<td class="fail">FAIL</td>
						

						
							
								
							
								
									
										
									
										
									
										
									
										
									
										
											
											<td class="fail">FAIL</td>
										
									
										
									
										
									
								
							
								
							
								
							
								
							
						
							
								
							
								
									
										
									
										
									
										
									
										
									
										
									
										
											
											<td class="fail">FAIL</td>
										
									
										
									
								
							
								
							
								
							
								
							
						
							
								
							
								
									
										
									
										
									
										
									
										
									
										
									
										
									
										
											
											<td class="fail">FAIL</td>
										
									
								
							
								
							
								
							
								
							
						
							
								
							
								
									
										
											
											<td class="fail">FAIL</td>
										
									
										
									
										
									
										
									
										
									
										
									
										
									
								
							
								
							
								
							
								
							
						
							
								
							
								
									
										
									
										
											
											<td class="fail">FAIL</td>
										
									
										
									
										
									
										
									
										
									
										
									
								
							
								
							
								
							
								
							
						
							
								
							
								
									
										
									
										
									
										
											
											<td class="fail">FAIL</td>
										
									
										
									
										
									
										
									
										
									
								
							
								
							
								
							
								
							
						
							
								
							
								
									
										
									
										
									
										
									
										
											
											<td class="fail">FAIL</td>
										
									
										
									
										
									
										
									
								
							
								
							
								
							
								
							
						
					</tr>
					
					<tr>
						<td>
							<a href="#arduino%3amegaavr%3anona4809"><b>arduino:megaavr:nona4809</b></a>
							<br />
							<small>1.8.7</small>
						</td>

						
						
						
						
							<td>No</td>
							<td class="fail">FAIL</td>
						

						
							
								
							
								
							
								
									
										
									
										
									
										
									
										
									
										
											
											<td class="fail">FAIL</td>
										
									
										
									
										
									
								
							
								
							
								
							
						
							
								
							
								
							
								
									
										
									
										
									
										
									
										
									
										
									
										
											
											<td class="fail">FAIL</td>
										
									
										
									
								
							
								
							
								
							
						
							
								
							
								
							
								
									
										
									
										
									
										
									
										
									
										
									
										
									
										
											
											<td class="fail">FAIL</td>
										
									
								
							
								
							
								
							
						
							
								
							
								
							
								
									
										
											
											<td class="fail">FAIL</td>
										
									
										
									
										
									
										
									
										
									
										
									
										
									
								
							
								
							
								
							
						
							
								
							
								
							
								
									
										
									
										
											
											<td class="fail">FAIL</td>
										
									
										
									
										
									
										
									
										
									
										
									
								
							
								
							
								
							
						
							
								
							
								
							
								
									
										
									
										
									
										
											
											<td class="fail">FAIL</td>
										
									
										
									
										
									
										
									
										
									
								
							
								
							
								
							
						
							
								
							
								
							
								
									
										
									
										
									
										
									
										
											
											<td class="fail">FAIL</td>
										
									
										
									
										
									
										
									
								
							
								
							
								
							
						
					</tr>
					
					<tr>
						<td>
							<a href="#arduino%3asamd%3amkrwifi1010"><b>arduino:samd:mkrwifi1010</b></a>
							<br />
							<small>1.8.12</small>
						</td>

						
						
						
						
							<td>No</td>
							<td class="fail">FAIL</td>
						

						
							
								
							
								
							
								
							
								
									
										
									
										
									
										
									
										
									
										
											
											<td class="fail">FAIL</td>
										
									
										
									
										
									
								
							
								
							
						
							
								
							
								
							
								
							
								
									
										
									
										
									
										
									
										
									
										
									
										
											
											<td class="fail">FAIL</td>
										
									
										
									
								
							
								
							
						
							
								
							
								
							
								
							
								
									
										
									
										
									
										
									
										
									
										
									
										
									
										
											
											<td class="fail">FAIL</td>
										
									
								
							
								
							
						
							
								
							
								
							
								
							
								
									
										
											
											<td class="fail">FAIL</td>
										
									
										
									
										
									
										
									
										
									
										
									
										
									
								
							
								
							
						
							
								
							
								
							
								
							
								
									
										
									
										
											
											<td class="fail">FAIL</td>
										
									
										
									
										
									
										
									
										
									
										
									
								
							
								
							
						
							
								
							
								
							
								
							
								
									
										
									
										
									
										
											
											<td class="fail">FAIL</td>
										
									
										
									
										
									
										
									
										
									
								
							
								
							
						
							
								
							
								
							
								
							
								
									
										
									
										
									
										
									
										
											
											<td class="fail">FAIL</td>
										
									
										
									
										
									
										
									
								
							
								
							
						
					</tr>
					
					<tr>
						<td>
							<a href="#esp32%3aesp32%3ad1_mini32"><b>esp32:esp32:d1_mini32</b></a>
							<br />
							<small>1.0.6</small>
						</td>

						
						
						
						
							<td>No</td>
							<td class="fail">FAIL</td>
						

						
							
								
							
								
							
								
							
								
							
								
									
										
									
										
									
										
									
										
									
										
											
											<td class="fail">FAIL</td>
										
									
										
									
										
									
								
							
						
							
								
							
								
							
								
							
								
							
								
									
										
									
										
									
										
									
										
									
										
									
										
											
											<td class="fail">FAIL</td>
										
									
										
									
								
							
						
							
								
							
								
							
								
							
								
							
								
									
										
									
										
									
										
									
										
									
										
									
										
									
										
											
											<td class="fail">FAIL</td>
										
									
								
							
						
							
								
							
								
							
								
							
								
							
								
									
										
											
											<td class="fail">FAIL</td>
										
									
										
									
										
									
										
									
										
									
										
									
										
									
								
							
						
							
								
							
								
							
								
							
								
							
								
									
										
									
										
											
											<td class="fail">FAIL</td>
										
									
										
									
										
									
										
									
										
									
										
									
								
							
						
							
								
							
								
							
								
							
								
							
								
									
										
									
										
									
										
											
											<td class="fail">FAIL</td>
										
									
										
									
										
									
										
									
										
									
								
							
						
							
								
							
								
							
								
							
								
							
								
									
										
									
										
									
										
									
										
											
											<td class="fail">FAIL</td>
										
									
										
									
										
									
										
									
								
							
						
					</tr>
					
				</table>

				<h2>Compilation logs</h2>
				
				<h3 id="arduino:avr:uno">arduino:avr:uno @ 1.8.4</h3>
				<h4>Inclusion</h4>
				<p>
					Result: <b>PASS</b>
					
					<br />This library has no main header file so an empty one was created.
					
				</p>
				<pre class="pre-scrollable">Sketch uses 482 bytes (1%) of program storage space. Maximum is 32256 bytes.
Global variables use 10 bytes (0%) of dynamic memory, leaving 2038 bytes for local variables. Maximum is 2048 bytes.
</pre>

					
					<h4>examples/BasicAnimations</h4>
					<p>
						Result: <b>FAIL</b>
					</p>
					<pre class="pre-scrollable">In file included from /home/ec2-user/arduino-testlib/cli-datadir/user/libraries/SparkFun_TLC5940/src/tlc_animations.h:30:0,
                 from /home/ec2-user/arduino-testlib/cli-datadir/user/libraries/SparkFun_TLC5940/examples/BasicAnimations/BasicAnimations.pde:19:
/home/ec2-user/arduino-testlib/cli-datadir/user/libraries/SparkFun_TLC5940/src/tlc_progmem_utils.h:32:27: error: variable or field &#39;tlc_setGSfromProgmem&#39; declared void
 void tlc_setGSfromProgmem(prog_uint8_t *gsArray);
                           ^~~~~~~~~~~~
/home/ec2-user/arduino-testlib/cli-datadir/user/libraries/SparkFun_TLC5940/src/tlc_progmem_utils.h:32:27: error: &#39;prog_uint8_t&#39; was not declared in this scope
/home/ec2-user/arduino-testlib/cli-datadir/user/libraries/SparkFun_TLC5940/src/tlc_progmem_utils.h:32:27: note: suggested alternative: &#39;uint8_t&#39;
 void tlc_setGSfromProgmem(prog_uint8_t *gsArray);
                           ^~~~~~~~~~~~
                           uint8_t
/home/ec2-user/arduino-testlib/cli-datadir/user/libraries/SparkFun_TLC5940/src/tlc_progmem_utils.h:32:41: error: &#39;gsArray&#39; was not declared in this scope
 void tlc_setGSfromProgmem(prog_uint8_t *gsArray);
                                         ^~~~~~~
/home/ec2-user/arduino-testlib/cli-datadir/user/libraries/SparkFun_TLC5940/src/tlc_progmem_utils.h:68:27: error: variable or field &#39;tlc_setGSfromProgmem&#39; declared void
 void tlc_setGSfromProgmem(prog_uint8_t *gsArray)
                           ^~~~~~~~~~~~
/home/ec2-user/arduino-testlib/cli-datadir/user/libraries/SparkFun_TLC5940/src/tlc_progmem_utils.h:68:27: error: &#39;prog_uint8_t&#39; was not declared in this scope
/home/ec2-user/arduino-testlib/cli-datadir/user/libraries/SparkFun_TLC5940/src/tlc_progmem_utils.h:68:27: note: suggested alternative: &#39;uint8_t&#39;
 void tlc_setGSfromProgmem(prog_uint8_t *gsArray)
                           ^~~~~~~~~~~~
                           uint8_t
/home/ec2-user/arduino-testlib/cli-datadir/user/libraries/SparkFun_TLC5940/src/tlc_progmem_utils.h:68:41: error: &#39;gsArray&#39; was not declared in this scope
 void tlc_setGSfromProgmem(prog_uint8_t *gsArray)
                                         ^~~~~~~
In file included from /home/ec2-user/arduino-testlib/cli-datadir/user/libraries/SparkFun_TLC5940/examples/BasicAnimations/BasicAnimations.pde:19:0:
/home/ec2-user/arduino-testlib/cli-datadir/user/libraries/SparkFun_TLC5940/src/tlc_animations.h:33:1: error: &#39;prog_uint8_t&#39; does not name a type; did you mean &#39;uint8_t&#39;?
 prog_uint8_t *tlc_currentAnimation;
 ^~~~~~~~~~~~
 uint8_t
/home/ec2-user/arduino-testlib/cli-datadir/user/libraries/SparkFun_TLC5940/src/tlc_animations.h:42:24: error: variable or field &#39;tlc_playAnimation&#39; declared void
 void tlc_playAnimation(prog_uint8_t *animation, uint16_t frames, uint16_t periodsPerFrame);
                        ^~~~~~~~~~~~
/home/ec2-user/arduino-testlib/cli-datadir/user/libraries/SparkFun_TLC5940/src/tlc_animations.h:42:24: error: &#39;prog_uint8_t&#39; was not declared in this scope
/home/ec2-user/arduino-testlib/cli-datadir/user/libraries/SparkFun_TLC5940/src/tlc_animations.h:42:24: note: suggested alternative: &#39;uint8_t&#39;
 void tlc_playAnimation(prog_uint8_t *animation, uint16_t frames, uint16_t periodsPerFrame);
                        ^~~~~~~~~~~~
                        uint8_t
/home/ec2-user/arduino-testlib/cli-datadir/user/libraries/SparkFun_TLC5940/src/tlc_animations.h:42:38: error: &#39;animation&#39; was not declared in this scope
 void tlc_playAnimation(prog_uint8_t *animation, uint16_t frames, uint16_t periodsPerFrame);
                                      ^~~~~~~~~
/home/ec2-user/arduino-testlib/cli-datadir/user/libraries/SparkFun_TLC5940/src/tlc_animations.h:42:58: error: expected primary-expression before &#39;frames&#39;
 void tlc_playAnimation(prog_uint8_t *animation, uint16_t frames, uint16_t periodsPerFrame);
                                                          ^~~~~~
/home/ec2-user/arduino-testlib/cli-datadir/user/libraries/SparkFun_TLC5940/src/tlc_animations.h:42:75: error: expected primary-expression before &#39;periodsPerFrame&#39;
 void tlc_playAnimation(prog_uint8_t *animation, uint16_t frames, uint16_t periodsPerFrame);
                                                                           ^~~~~~~~~~~~~~~
/home/ec2-user/arduino-testlib/cli-datadir/user/libraries/SparkFun_TLC5940/src/tlc_animations.h:58:24: error: variable or field &#39;tlc_playAnimation&#39; declared void
 void tlc_playAnimation(prog_uint8_t *animation, uint16_t frames, uint16_t periodsPerFrame)
                        ^~~~~~~~~~~~
/home/ec2-user/arduino-testlib/cli-datadir/user/libraries/SparkFun_TLC5940/src/tlc_animations.h:58:24: error: &#39;prog_uint8_t&#39; was not declared in this scope
/home/ec2-user/arduino-testlib/cli-datadir/user/libraries/SparkFun_TLC5940/src/tlc_animations.h:58:24: note: suggested alternative: &#39;uint8_t&#39;
 void tlc_playAnimation(prog_uint8_t *animation, uint16_t frames, uint16_t periodsPerFrame)
                        ^~~~~~~~~~~~
                        uint8_t
/home/ec2-user/arduino-testlib/cli-datadir/user/libraries/SparkFun_TLC5940/src/tlc_animations.h:58:38: error: &#39;animation&#39; was not declared in this scope
 void tlc_playAnimation(prog_uint8_t *animation, uint16_t frames, uint16_t periodsPerFrame)
                                      ^~~~~~~~~
/home/ec2-user/arduino-testlib/cli-datadir/user/libraries/SparkFun_TLC5940/src/tlc_animations.h:58:58: error: expected primary-expression before &#39;frames&#39;
 void tlc_playAnimation(prog_uint8_t *animation, uint16_t frames, uint16_t periodsPerFrame)
                                                          ^~~~~~
/home/ec2-user/arduino-testlib/cli-datadir/user/libraries/SparkFun_TLC5940/src/tlc_animations.h:58:75: error: expected primary-expression before &#39;periodsPerFrame&#39;
 void tlc_playAnimation(prog_uint8_t *animation, uint16_t frames, uint16_t periodsPerFrame)
                                                                           ^~~~~~~~~~~~~~~
/home/ec2-user/arduino-testlib/cli-datadir/user/libraries/SparkFun_TLC5940/src/tlc_animations.h: In function &#39;volatile void tlc_animationXLATCallback()&#39;:
/home/ec2-user/arduino-testlib/cli-datadir/user/libraries/SparkFun_TLC5940/src/tlc_animations.h:76:34: error: &#39;tlc_currentAnimation&#39; was not declared in this scope
             tlc_setGSfromProgmem(tlc_currentAnimation &#43;
                                  ^~~~~~~~~~~~~~~~~~~~
/home/ec2-user/arduino-testlib/cli-datadir/user/libraries/SparkFun_TLC5940/src/tlc_animations.h:76:13: error: &#39;tlc_setGSfromProgmem&#39; was not declared in this scope
             tlc_setGSfromProgmem(tlc_currentAnimation &#43;
             ^~~~~~~~~~~~~~~~~~~~
In file included from /home/ec2-user/arduino-testlib/cli-datadir/data/packages/arduino/hardware/avr/1.8.4/cores/arduino/Arduino.h:28:0,
                 from /tmp/arduino-sketch-7755C8D97E5B9F72BF82CF2C5C2B6550/sketch/BasicAnimations.pde.cpp:1:
/home/ec2-user/arduino-testlib/cli-datadir/user/libraries/SparkFun_TLC5940/examples/BasicAnimations/ani_arduino.h: At global scope:
/home/ec2-user/arduino-testlib/cli-datadir/user/libraries/SparkFun_TLC5940/examples/BasicAnimations/ani_arduino.h:2:57: error: variable &#39;ani_arduino&#39; must be const in order to be put into read-only section by means of &#39;__attribute__((progmem))&#39;
 uint8_t ani_arduino[NUM_TLCS * 24 * ANI_ARDUINO_FRAMES] PROGMEM = {
                                                         ^
/home/ec2-user/arduino-testlib/cli-datadir/user/libraries/SparkFun_TLC5940/examples/BasicAnimations/BasicAnimations.pde: In function &#39;void loop()&#39;:
/home/ec2-user/arduino-testlib/cli-datadir/user/libraries/SparkFun_TLC5940/examples/BasicAnimations/BasicAnimations.pde:43:5: error: &#39;tlc_playAnimation&#39; was not declared in this scope
     tlc_playAnimation(ani_arduino, ANI_ARDUINO_FRAMES, 3);
     ^~~~~~~~~~~~~~~~~

</pre>
					
					<h4>examples/BasicUse</h4>
					<p>
						Result: <b>PASS</b>
					</p>
					<pre class="pre-scrollable">Sketch uses 1072 bytes (3%) of program storage space. Maximum is 32256 bytes.
Global variables use 35 bytes (1%) of dynamic memory, leaving 2013 bytes for local variables. Maximum is 2048 bytes.
</pre>
					
					<h4>examples/CircularLightBuffer</h4>
					<p>
						Result: <b>PASS</b>
					</p>
					<pre class="pre-scrollable">Sketch uses 1434 bytes (4%) of program storage space. Maximum is 32256 bytes.
Global variables use 35 bytes (1%) of dynamic memory, leaving 2013 bytes for local variables. Maximum is 2048 bytes.
</pre>
					
					<h4>examples/FadeScope</h4>
					<p>
						Result: <b>PASS</b>
					</p>
					<pre class="pre-scrollable">Sketch uses 1556 bytes (4%) of program storage space. Maximum is 32256 bytes.
Global variables use 349 bytes (17%) of dynamic memory, leaving 1699 bytes for local variables. Maximum is 2048 bytes.
</pre>
					
					<h4>examples/Fades</h4>
					<p>
						Result: <b>PASS</b>
					</p>
					<pre class="pre-scrollable">Sketch uses 1572 bytes (4%) of program storage space. Maximum is 32256 bytes.
Global variables use 349 bytes (17%) of dynamic memory, leaving 1699 bytes for local variables. Maximum is 2048 bytes.
</pre>
					
					<h4>examples/Servos</h4>
					<p>
						Result: <b>PASS</b>
					</p>
					<pre class="pre-scrollable">Sketch uses 1146 bytes (3%) of program storage space. Maximum is 32256 bytes.
Global variables use 35 bytes (1%) of dynamic memory, leaving 2013 bytes for local variables. Maximum is 2048 bytes.
</pre>
					
					<h4>examples/UsingProgmem</h4>
					<p>
						Result: <b>FAIL</b>
					</p>
					<pre class="pre-scrollable">In file included from /home/ec2-user/arduino-testlib/cli-datadir/user/libraries/SparkFun_TLC5940/examples/UsingProgmem/UsingProgmem.pde:12:0:
/home/ec2-user/arduino-testlib/cli-datadir/user/libraries/SparkFun_TLC5940/src/tlc_progmem_utils.h:32:27: error: variable or field &#39;tlc_setGSfromProgmem&#39; declared void
 void tlc_setGSfromProgmem(prog_uint8_t *gsArray);
                           ^~~~~~~~~~~~
/home/ec2-user/arduino-testlib/cli-datadir/user/libraries/SparkFun_TLC5940/src/tlc_progmem_utils.h:32:27: error: &#39;prog_uint8_t&#39; was not declared in this scope
/home/ec2-user/arduino-testlib/cli-datadir/user/libraries/SparkFun_TLC5940/src/tlc_progmem_utils.h:32:27: note: suggested alternative: &#39;uint8_t&#39;
 void tlc_setGSfromProgmem(prog_uint8_t *gsArray);
                           ^~~~~~~~~~~~
                           uint8_t
/home/ec2-user/arduino-testlib/cli-datadir/user/libraries/SparkFun_TLC5940/src/tlc_progmem_utils.h:32:41: error: &#39;gsArray&#39; was not declared in this scope
 void tlc_setGSfromProgmem(prog_uint8_t *gsArray);
                                         ^~~~~~~
/home/ec2-user/arduino-testlib/cli-datadir/user/libraries/SparkFun_TLC5940/src/tlc_progmem_utils.h:68:27: error: variable or field &#39;tlc_setGSfromProgmem&#39; declared void
 void tlc_setGSfromProgmem(prog_uint8_t *gsArray)
                           ^~~~~~~~~~~~
/home/ec2-user/arduino-testlib/cli-datadir/user/libraries/SparkFun_TLC5940/src/tlc_progmem_utils.h:68:27: error: &#39;prog_uint8_t&#39; was not declared in this scope
/home/ec2-user/arduino-testlib/cli-datadir/user/libraries/SparkFun_TLC5940/src/tlc_progmem_utils.h:68:27: note: suggested alternative: &#39;uint8_t&#39;
 void tlc_setGSfromProgmem(prog_uint8_t *gsArray)
                           ^~~~~~~~~~~~
                           uint8_t
/home/ec2-user/arduino-testlib/cli-datadir/user/libraries/SparkFun_TLC5940/src/tlc_progmem_utils.h:68:41: error: &#39;gsArray&#39; was not declared in this scope
 void tlc_setGSfromProgmem(prog_uint8_t *gsArray)
                                         ^~~~~~~
In file included from /home/ec2-user/arduino-testlib/cli-datadir/data/packages/arduino/hardware/avr/1.8.4/cores/arduino/Arduino.h:28:0,
                 from /tmp/arduino-sketch-EA249DD268A7E681614D5ECEA8F3B90E/sketch/UsingProgmem.pde.cpp:1:
/home/ec2-user/arduino-testlib/cli-datadir/user/libraries/SparkFun_TLC5940/examples/UsingProgmem/UsingProgmem.pde:27:33: error: variable &#39;gsArray1&#39; must be const in order to be put into read-only section by means of &#39;__attribute__((progmem))&#39;
 uint8_t gsArray1[NUM_TLCS * 24] PROGMEM = {
                                 ^
/home/ec2-user/arduino-testlib/cli-datadir/user/libraries/SparkFun_TLC5940/examples/UsingProgmem/UsingProgmem.pde: In function &#39;void loop()&#39;:
/home/ec2-user/arduino-testlib/cli-datadir/user/libraries/SparkFun_TLC5940/examples/UsingProgmem/UsingProgmem.pde:42:3: error: &#39;tlc_setGSfromProgmem&#39; was not declared in this scope
   tlc_setGSfromProgmem(gsArray1);
   ^~~~~~~~~~~~~~~~~~~~

</pre>
					
				
				<h3 id="arduino:mbed_nano:nanorp2040connect">arduino:mbed_nano:nanorp2040connect @ 2.7.2</h3>
				<h4>Inclusion</h4>
				<p>
					Result: <b>FAIL</b>
					
				</p>
				<pre class="pre-scrollable">/home/ec2-user/arduino-testlib/cli-datadir/user/libraries/SparkFun_TLC5940/src/SparkFun_Tlc5940.cpp:22:10: fatal error: avr/io.h: No such file or directory
 #include &lt;avr/io.h&gt;
          ^~~~~~~~~~
compilation terminated.

</pre>

					
					<h4>examples/BasicAnimations</h4>
					<p>
						Result: <b>FAIL</b>
					</p>
					<pre class="pre-scrollable">In file included from /home/ec2-user/arduino-testlib/cli-datadir/user/libraries/SparkFun_TLC5940/src/tlc_config.h:65:0,
                 from /home/ec2-user/arduino-testlib/cli-datadir/user/libraries/SparkFun_TLC5940/src/SparkFun_Tlc5940.h:26,
                 from /home/ec2-user/arduino-testlib/cli-datadir/user/libraries/SparkFun_TLC5940/examples/BasicAnimations/BasicAnimations.pde:18:
/home/ec2-user/arduino-testlib/cli-datadir/user/libraries/SparkFun_TLC5940/src/pinouts/chip_includes.h:25:10: fatal error: avr/io.h: No such file or directory
 #include &lt;avr/io.h&gt;
          ^~~~~~~~~~
compilation terminated.

</pre>
					
					<h4>examples/BasicUse</h4>
					<p>
						Result: <b>FAIL</b>
					</p>
					<pre class="pre-scrollable">In file included from /home/ec2-user/arduino-testlib/cli-datadir/user/libraries/SparkFun_TLC5940/src/tlc_config.h:65:0,
                 from /home/ec2-user/arduino-testlib/cli-datadir/user/libraries/SparkFun_TLC5940/src/SparkFun_Tlc5940.h:26,
                 from /home/ec2-user/arduino-testlib/cli-datadir/user/libraries/SparkFun_TLC5940/examples/BasicUse/BasicUse.pde:50:
/home/ec2-user/arduino-testlib/cli-datadir/user/libraries/SparkFun_TLC5940/src/pinouts/chip_includes.h:25:10: fatal error: avr/io.h: No such file or directory
 #include &lt;avr/io.h&gt;
          ^~~~~~~~~~
compilation terminated.

</pre>
					
					<h4>examples/CircularLightBuffer</h4>
					<p>
						Result: <b>FAIL</b>
					</p>
					<pre class="pre-scrollable">In file included from /home/ec2-user/arduino-testlib/cli-datadir/user/libraries/SparkFun_TLC5940/src/tlc_config.h:65:0,
                 from /home/ec2-user/arduino-testlib/cli-datadir/user/libraries/SparkFun_TLC5940/src/SparkFun_Tlc5940.h:26,
                 from /home/ec2-user/arduino-testlib/cli-datadir/user/libraries/SparkFun_TLC5940/examples/CircularLightBuffer/CircularLightBuffer.pde:18:
/home/ec2-user/arduino-testlib/cli-datadir/user/libraries/SparkFun_TLC5940/src/pinouts/chip_includes.h:25:10: fatal error: avr/io.h: No such file or directory
 #include &lt;avr/io.h&gt;
          ^~~~~~~~~~
compilation terminated.

</pre>
					
					<h4>examples/FadeScope</h4>
					<p>
						Result: <b>FAIL</b>
					</p>
					<pre class="pre-scrollable">In file included from /home/ec2-user/arduino-testlib/cli-datadir/user/libraries/SparkFun_TLC5940/src/tlc_config.h:65:0,
                 from /home/ec2-user/arduino-testlib/cli-datadir/user/libraries/SparkFun_TLC5940/src/SparkFun_Tlc5940.h:26,
                 from /home/ec2-user/arduino-testlib/cli-datadir/user/libraries/SparkFun_TLC5940/examples/FadeScope/FadeScope.pde:10:
/home/ec2-user/arduino-testlib/cli-datadir/user/libraries/SparkFun_TLC5940/src/pinouts/chip_includes.h:25:10: fatal error: avr/io.h: No such file or directory
 #include &lt;avr/io.h&gt;
          ^~~~~~~~~~
compilation terminated.

</pre>
					
					<h4>examples/Fades</h4>
					<p>
						Result: <b>FAIL</b>
					</p>
					<pre class="pre-scrollable">In file included from /home/ec2-user/arduino-testlib/cli-datadir/user/libraries/SparkFun_TLC5940/src/tlc_config.h:65:0,
                 from /home/ec2-user/arduino-testlib/cli-datadir/user/libraries/SparkFun_TLC5940/src/SparkFun_Tlc5940.h:26,
                 from /home/ec2-user/arduino-testlib/cli-datadir/user/libraries/SparkFun_TLC5940/examples/Fades/Fades.pde:11:
/home/ec2-user/arduino-testlib/cli-datadir/user/libraries/SparkFun_TLC5940/src/pinouts/chip_includes.h:25:10: fatal error: avr/io.h: No such file or directory
 #include &lt;avr/io.h&gt;
          ^~~~~~~~~~
compilation terminated.

</pre>
					
					<h4>examples/Servos</h4>
					<p>
						Result: <b>FAIL</b>
					</p>
					<pre class="pre-scrollable">In file included from /home/ec2-user/arduino-testlib/cli-datadir/user/libraries/SparkFun_TLC5940/src/tlc_config.h:65:0,
                 from /home/ec2-user/arduino-testlib/cli-datadir/user/libraries/SparkFun_TLC5940/src/SparkFun_Tlc5940.h:26,
                 from /home/ec2-user/arduino-testlib/cli-datadir/user/libraries/SparkFun_TLC5940/examples/Servos/Servos.pde:16:
/home/ec2-user/arduino-testlib/cli-datadir/user/libraries/SparkFun_TLC5940/src/pinouts/chip_includes.h:25:10: fatal error: avr/io.h: No such file or directory
 #include &lt;avr/io.h&gt;
          ^~~~~~~~~~
compilation terminated.

</pre>
					
					<h4>examples/UsingProgmem</h4>
					<p>
						Result: <b>FAIL</b>
					</p>
					<pre class="pre-scrollable">In file included from /home/ec2-user/arduino-testlib/cli-datadir/user/libraries/SparkFun_TLC5940/src/tlc_config.h:65:0,
                 from /home/ec2-user/arduino-testlib/cli-datadir/user/libraries/SparkFun_TLC5940/src/SparkFun_Tlc5940.h:26,
                 from /home/ec2-user/arduino-testlib/cli-datadir/user/libraries/SparkFun_TLC5940/examples/UsingProgmem/UsingProgmem.pde:9:
/home/ec2-user/arduino-testlib/cli-datadir/user/libraries/SparkFun_TLC5940/src/pinouts/chip_includes.h:25:10: fatal error: avr/io.h: No such file or directory
 #include &lt;avr/io.h&gt;
          ^~~~~~~~~~
compilation terminated.

</pre>
					
				
				<h3 id="arduino:megaavr:nona4809">arduino:megaavr:nona4809 @ 1.8.7</h3>
				<h4>Inclusion</h4>
				<p>
					Result: <b>FAIL</b>
					
				</p>
				<pre class="pre-scrollable">WARNING: library SparkFun_TLC5940 claims to run on avr architecture(s) and may be incompatible with your current board which runs on megaavr architecture(s).
In file included from /home/ec2-user/arduino-testlib/cli-datadir/user/libraries/SparkFun_TLC5940/src/tlc_config.h:65:0,
                 from /home/ec2-user/arduino-testlib/cli-datadir/user/libraries/SparkFun_TLC5940/src/SparkFun_Tlc5940.cpp:25:
/home/ec2-user/arduino-testlib/cli-datadir/user/libraries/SparkFun_TLC5940/src/pinouts/chip_includes.h:114:2: error: #error &#34;Unknown Chip!&#34;
 #error &#34;Unknown Chip!&#34;
  ^~~~~
In file included from /home/ec2-user/arduino-testlib/cli-datadir/user/libraries/SparkFun_TLC5940/src/SparkFun_Tlc5940.cpp:26:0:
/home/ec2-user/arduino-testlib/cli-datadir/user/libraries/SparkFun_TLC5940/src/SparkFun_Tlc5940.cpp: In function &#39;void TIMER1_OVF_vect()&#39;:
/home/ec2-user/arduino-testlib/cli-datadir/user/libraries/SparkFun_TLC5940/src/SparkFun_Tlc5940.h:49:33: error: &#39;TCCR1A&#39; was not declared in this scope
 #define disable_XLAT_pulses()   TCCR1A = _BV(COM1B1)
                                 ^
/home/ec2-user/arduino-testlib/cli-datadir/user/libraries/SparkFun_TLC5940/src/SparkFun_Tlc5940.cpp:63:5: note: in expansion of macro &#39;disable_XLAT_pulses&#39;
     disable_XLAT_pulses();
     ^~~~~~~~~~~~~~~~~~~
/home/ec2-user/arduino-testlib/cli-datadir/user/libraries/SparkFun_TLC5940/src/SparkFun_Tlc5940.h:49:33: note: suggested alternative: &#39;TCB1&#39;
 #define disable_XLAT_pulses()   TCCR1A = _BV(COM1B1)
                                 ^
/home/ec2-user/arduino-testlib/cli-datadir/user/libraries/SparkFun_TLC5940/src/SparkFun_Tlc5940.cpp:63:5: note: in expansion of macro &#39;disable_XLAT_pulses&#39;
     disable_XLAT_pulses();
     ^~~~~~~~~~~~~~~~~~~
In file included from /home/ec2-user/arduino-testlib/cli-datadir/data/packages/arduino/tools/avr-gcc/7.3.0-atmel3.6.1-arduino5/avr/include/avr/io.h:99:0,
                 from /home/ec2-user/arduino-testlib/cli-datadir/user/libraries/SparkFun_TLC5940/src/SparkFun_Tlc5940.cpp:22:
/home/ec2-user/arduino-testlib/cli-datadir/user/libraries/SparkFun_TLC5940/src/SparkFun_Tlc5940.h:49:46: error: &#39;COM1B1&#39; was not declared in this scope
 #define disable_XLAT_pulses()   TCCR1A = _BV(COM1B1)
                                              ^
/home/ec2-user/arduino-testlib/cli-datadir/user/libraries/SparkFun_TLC5940/src/SparkFun_Tlc5940.cpp:63:5: note: in expansion of macro &#39;disable_XLAT_pulses&#39;
     disable_XLAT_pulses();
     ^~~~~~~~~~~~~~~~~~~
In file included from /home/ec2-user/arduino-testlib/cli-datadir/user/libraries/SparkFun_TLC5940/src/SparkFun_Tlc5940.cpp:26:0:
/home/ec2-user/arduino-testlib/cli-datadir/user/libraries/SparkFun_TLC5940/src/SparkFun_Tlc5940.h:42:33: error: &#39;TIMSK1&#39; was not declared in this scope
 #define clear_XLAT_interrupt()  TIMSK1 = 0
                                 ^
/home/ec2-user/arduino-testlib/cli-datadir/user/libraries/SparkFun_TLC5940/src/SparkFun_Tlc5940.cpp:64:5: note: in expansion of macro &#39;clear_XLAT_interrupt&#39;
     clear_XLAT_interrupt();
     ^~~~~~~~~~~~~~~~~~~~
/home/ec2-user/arduino-testlib/cli-datadir/user/libraries/SparkFun_TLC5940/src/SparkFun_Tlc5940.cpp: In member function &#39;void Tlc5940::init(uint16_t)&#39;:
/home/ec2-user/arduino-testlib/cli-datadir/user/libraries/SparkFun_TLC5940/src/SparkFun_Tlc5940.cpp:95:5: error: &#39;XLAT_DDR&#39; was not declared in this scope
     XLAT_DDR |= _BV(XLAT_PIN);
     ^~~~~~~~
/home/ec2-user/arduino-testlib/cli-datadir/user/libraries/SparkFun_TLC5940/src/SparkFun_Tlc5940.cpp:95:5: note: suggested alternative: &#39;SCLK_DDR&#39;
     XLAT_DDR |= _BV(XLAT_PIN);
     ^~~~~~~~
     SCLK_DDR
In file included from /home/ec2-user/arduino-testlib/cli-datadir/data/packages/arduino/tools/avr-gcc/7.3.0-atmel3.6.1-arduino5/avr/include/avr/io.h:99:0,
                 from /home/ec2-user/arduino-testlib/cli-datadir/user/libraries/SparkFun_TLC5940/src/SparkFun_Tlc5940.cpp:22:
/home/ec2-user/arduino-testlib/cli-datadir/user/libraries/SparkFun_TLC5940/src/SparkFun_Tlc5940.cpp:95:21: error: &#39;XLAT_PIN&#39; was not declared in this scope
     XLAT_DDR |= _BV(XLAT_PIN);
                     ^
/home/ec2-user/arduino-testlib/cli-datadir/user/libraries/SparkFun_TLC5940/src/SparkFun_Tlc5940.cpp:95:21: note: suggested alternative: &#39;SIN_PIN&#39;
/home/ec2-user/arduino-testlib/cli-datadir/user/libraries/SparkFun_TLC5940/src/SparkFun_Tlc5940.cpp:96:5: error: &#39;BLANK_DDR&#39; was not declared in this scope
     BLANK_DDR |= _BV(BLANK_PIN);
     ^~~~~~~~~
/home/ec2-user/arduino-testlib/cli-datadir/user/libraries/SparkFun_TLC5940/src/SparkFun_Tlc5940.cpp:96:5: note: suggested alternative: &#39;SCLK_DDR&#39;
     BLANK_DDR |= _BV(BLANK_PIN);
     ^~~~~~~~~
     SCLK_DDR
In file included from /home/ec2-user/arduino-testlib/cli-datadir/data/packages/arduino/tools/avr-gcc/7.3.0-atmel3.6.1-arduino5/avr/include/avr/io.h:99:0,
                 from /home/ec2-user/arduino-testlib/cli-datadir/user/libraries/SparkFun_TLC5940/src/SparkFun_Tlc5940.cpp:22:
/home/ec2-user/arduino-testlib/cli-datadir/user/libraries/SparkFun_TLC5940/src/SparkFun_Tlc5940.cpp:96:22: error: &#39;BLANK_PIN&#39; was not declared in this scope
     BLANK_DDR |= _BV(BLANK_PIN);
                      ^
/home/ec2-user/arduino-testlib/cli-datadir/user/libraries/SparkFun_TLC5940/src/SparkFun_Tlc5940.cpp:96:22: note: suggested alternative: &#39;SIN_PIN&#39;
/home/ec2-user/arduino-testlib/cli-datadir/user/libraries/SparkFun_TLC5940/src/SparkFun_Tlc5940.cpp:97:5: error: &#39;GSCLK_DDR&#39; was not declared in this scope
     GSCLK_DDR |= _BV(GSCLK_PIN);
     ^~~~~~~~~
/home/ec2-user/arduino-testlib/cli-datadir/user/libraries/SparkFun_TLC5940/src/SparkFun_Tlc5940.cpp:97:5: note: suggested alternative: &#39;SCLK_DDR&#39;
     GSCLK_DDR |= _BV(GSCLK_PIN);
     ^~~~~~~~~
     SCLK_DDR
In file included from /home/ec2-user/arduino-testlib/cli-datadir/data/packages/arduino/tools/avr-gcc/7.3.0-atmel3.6.1-arduino5/avr/include/avr/io.h:99:0,
                 from /home/ec2-user/arduino-testlib/cli-datadir/user/libraries/SparkFun_TLC5940/src/SparkFun_Tlc5940.cpp:22:
/home/ec2-user/arduino-testlib/cli-datadir/user/libraries/SparkFun_TLC5940/src/SparkFun_Tlc5940.cpp:97:22: error: &#39;GSCLK_PIN&#39; was not declared in this scope
     GSCLK_DDR |= _BV(GSCLK_PIN);
                      ^
/home/ec2-user/arduino-testlib/cli-datadir/user/libraries/SparkFun_TLC5940/src/SparkFun_Tlc5940.cpp:97:22: note: suggested alternative: &#39;SCLK_PIN&#39;
/home/ec2-user/arduino-testlib/cli-datadir/user/libraries/SparkFun_TLC5940/src/SparkFun_Tlc5940.cpp:106:5: error: &#39;BLANK_PORT&#39; was not declared in this scope
     BLANK_PORT |= _BV(BLANK_PIN); // leave blank high (until the timers start)
     ^~~~~~~~~~
/home/ec2-user/arduino-testlib/cli-datadir/user/libraries/SparkFun_TLC5940/src/SparkFun_Tlc5940.cpp:106:5: note: suggested alternative: &#39;SCLK_PORT&#39;
     BLANK_PORT |= _BV(BLANK_PIN); // leave blank high (until the timers start)
     ^~~~~~~~~~
     SCLK_PORT
In file included from /home/ec2-user/arduino-testlib/cli-datadir/user/libraries/SparkFun_TLC5940/src/SparkFun_Tlc5940.cpp:26:0:
/home/ec2-user/arduino-testlib/cli-datadir/user/libraries/SparkFun_TLC5940/src/SparkFun_Tlc5940.h:49:33: error: &#39;TCCR1A&#39; was not declared in this scope
 #define disable_XLAT_pulses()   TCCR1A = _BV(COM1B1)
                                 ^
/home/ec2-user/arduino-testlib/cli-datadir/user/libraries/SparkFun_TLC5940/src/SparkFun_Tlc5940.cpp:112:5: note: in expansion of macro &#39;disable_XLAT_pulses&#39;
     disable_XLAT_pulses();
     ^~~~~~~~~~~~~~~~~~~
/home/ec2-user/arduino-testlib/cli-datadir/user/libraries/SparkFun_TLC5940/src/SparkFun_Tlc5940.h:49:33: note: suggested alternative: &#39;TCB1&#39;
 #define disable_XLAT_pulses()   TCCR1A = _BV(COM1B1)
                                 ^
/home/ec2-user/arduino-testlib/cli-datadir/user/libraries/SparkFun_TLC5940/src/SparkFun_Tlc5940.cpp:112:5: note: in expansion of macro &#39;disable_XLAT_pulses&#39;
     disable_XLAT_pulses();
     ^~~~~~~~~~~~~~~~~~~
In file included from /home/ec2-user/arduino-testlib/cli-datadir/data/packages/arduino/tools/avr-gcc/7.3.0-atmel3.6.1-arduino5/avr/include/avr/io.h:99:0,
                 from /home/ec2-user/arduino-testlib/cli-datadir/user/libraries/SparkFun_TLC5940/src/SparkFun_Tlc5940.cpp:22:
/home/ec2-user/arduino-testlib/cli-datadir/user/libraries/SparkFun_TLC5940/src/SparkFun_Tlc5940.h:49:46: error: &#39;COM1B1&#39; was not declared in this scope
 #define disable_XLAT_pulses()   TCCR1A = _BV(COM1B1)
                                              ^
/home/ec2-user/arduino-testlib/cli-datadir/user/libraries/SparkFun_TLC5940/src/SparkFun_Tlc5940.cpp:112:5: note: in expansion of macro &#39;disable_XLAT_pulses&#39;
     disable_XLAT_pulses();
     ^~~~~~~~~~~~~~~~~~~
In file included from /home/ec2-user/arduino-testlib/cli-datadir/user/libraries/SparkFun_TLC5940/src/SparkFun_Tlc5940.cpp:26:0:
/home/ec2-user/arduino-testlib/cli-datadir/user/libraries/SparkFun_TLC5940/src/SparkFun_Tlc5940.h:42:33: error: &#39;TIMSK1&#39; was not declared in this scope
 #define clear_XLAT_interrupt()  TIMSK1 = 0
                                 ^
/home/ec2-user/arduino-testlib/cli-datadir/user/libraries/SparkFun_TLC5940/src/SparkFun_Tlc5940.cpp:113:5: note: in expansion of macro &#39;clear_XLAT_interrupt&#39;
     clear_XLAT_interrupt();
     ^~~~~~~~~~~~~~~~~~~~
/home/ec2-user/arduino-testlib/cli-datadir/user/libraries/SparkFun_TLC5940/src/SparkFun_Tlc5940.cpp:115:15: error: &#39;XLAT_PORT&#39; was not declared in this scope
     pulse_pin(XLAT_PORT, XLAT_PIN);
               ^
/home/ec2-user/arduino-testlib/cli-datadir/user/libraries/SparkFun_TLC5940/src/SparkFun_Tlc5940.cpp:29:32: note: in definition of macro &#39;pulse_pin&#39;
 #define pulse_pin(port, pin)   port |= _BV(pin); port &amp;= ~_BV(pin)
                                ^~~~
/home/ec2-user/arduino-testlib/cli-datadir/user/libraries/SparkFun_TLC5940/src/SparkFun_Tlc5940.cpp:115:15: note: suggested alternative: &#39;SCLK_PORT&#39;
     pulse_pin(XLAT_PORT, XLAT_PIN);
               ^
/home/ec2-user/arduino-testlib/cli-datadir/user/libraries/SparkFun_TLC5940/src/SparkFun_Tlc5940.cpp:29:32: note: in definition of m</pre>

					
					<h4>examples/BasicAnimations</h4>
					<p>
						Result: <b>FAIL</b>
					</p>
					<pre class="pre-scrollable">WARNING: library SparkFun_TLC5940 claims to run on avr architecture(s) and may be incompatible with your current board which runs on megaavr architecture(s).
In file included from /home/ec2-user/arduino-testlib/cli-datadir/user/libraries/SparkFun_TLC5940/src/tlc_config.h:65:0,
                 from /home/ec2-user/arduino-testlib/cli-datadir/user/libraries/SparkFun_TLC5940/src/SparkFun_Tlc5940.h:26,
                 from /home/ec2-user/arduino-testlib/cli-datadir/user/libraries/SparkFun_TLC5940/examples/BasicAnimations/BasicAnimations.pde:18:
/home/ec2-user/arduino-testlib/cli-datadir/user/libraries/SparkFun_TLC5940/src/pinouts/chip_includes.h:114:2: error: #error &#34;Unknown Chip!&#34;
 #error &#34;Unknown Chip!&#34;
  ^~~~~

</pre>
					
					<h4>examples/BasicUse</h4>
					<p>
						Result: <b>FAIL</b>
					</p>
					<pre class="pre-scrollable">WARNING: library SparkFun_TLC5940 claims to run on avr architecture(s) and may be incompatible with your current board which runs on megaavr architecture(s).
In file included from /home/ec2-user/arduino-testlib/cli-datadir/user/libraries/SparkFun_TLC5940/src/tlc_config.h:65:0,
                 from /home/ec2-user/arduino-testlib/cli-datadir/user/libraries/SparkFun_TLC5940/src/SparkFun_Tlc5940.h:26,
                 from /home/ec2-user/arduino-testlib/cli-datadir/user/libraries/SparkFun_TLC5940/examples/BasicUse/BasicUse.pde:50:
/home/ec2-user/arduino-testlib/cli-datadir/user/libraries/SparkFun_TLC5940/src/pinouts/chip_includes.h:114:2: error: #error &#34;Unknown Chip!&#34;
 #error &#34;Unknown Chip!&#34;
  ^~~~~

</pre>
					
					<h4>examples/CircularLightBuffer</h4>
					<p>
						Result: <b>FAIL</b>
					</p>
					<pre class="pre-scrollable">WARNING: library SparkFun_TLC5940 claims to run on avr architecture(s) and may be incompatible with your current board which runs on megaavr architecture(s).
In file included from /home/ec2-user/arduino-testlib/cli-datadir/user/libraries/SparkFun_TLC5940/src/tlc_config.h:65:0,
                 from /home/ec2-user/arduino-testlib/cli-datadir/user/libraries/SparkFun_TLC5940/src/SparkFun_Tlc5940.h:26,
                 from /home/ec2-user/arduino-testlib/cli-datadir/user/libraries/SparkFun_TLC5940/examples/CircularLightBuffer/CircularLightBuffer.pde:18:
/home/ec2-user/arduino-testlib/cli-datadir/user/libraries/SparkFun_TLC5940/src/pinouts/chip_includes.h:114:2: error: #error &#34;Unknown Chip!&#34;
 #error &#34;Unknown Chip!&#34;
  ^~~~~

</pre>
					
					<h4>examples/FadeScope</h4>
					<p>
						Result: <b>FAIL</b>
					</p>
					<pre class="pre-scrollable">WARNING: library SparkFun_TLC5940 claims to run on avr architecture(s) and may be incompatible with your current board which runs on megaavr architecture(s).
In file included from /home/ec2-user/arduino-testlib/cli-datadir/user/libraries/SparkFun_TLC5940/src/tlc_config.h:65:0,
                 from /home/ec2-user/arduino-testlib/cli-datadir/user/libraries/SparkFun_TLC5940/src/SparkFun_Tlc5940.h:26,
                 from /home/ec2-user/arduino-testlib/cli-datadir/user/libraries/SparkFun_TLC5940/examples/FadeScope/FadeScope.pde:10:
/home/ec2-user/arduino-testlib/cli-datadir/user/libraries/SparkFun_TLC5940/src/pinouts/chip_includes.h:114:2: error: #error &#34;Unknown Chip!&#34;
 #error &#34;Unknown Chip!&#34;
  ^~~~~

</pre>
					
					<h4>examples/Fades</h4>
					<p>
						Result: <b>FAIL</b>
					</p>
					<pre class="pre-scrollable">WARNING: library SparkFun_TLC5940 claims to run on avr architecture(s) and may be incompatible with your current board which runs on megaavr architecture(s).
In file included from /home/ec2-user/arduino-testlib/cli-datadir/user/libraries/SparkFun_TLC5940/src/tlc_config.h:65:0,
                 from /home/ec2-user/arduino-testlib/cli-datadir/user/libraries/SparkFun_TLC5940/src/SparkFun_Tlc5940.h:26,
                 from /home/ec2-user/arduino-testlib/cli-datadir/user/libraries/SparkFun_TLC5940/examples/Fades/Fades.pde:11:
/home/ec2-user/arduino-testlib/cli-datadir/user/libraries/SparkFun_TLC5940/src/pinouts/chip_includes.h:114:2: error: #error &#34;Unknown Chip!&#34;
 #error &#34;Unknown Chip!&#34;
  ^~~~~

</pre>
					
					<h4>examples/Servos</h4>
					<p>
						Result: <b>FAIL</b>
					</p>
					<pre class="pre-scrollable">WARNING: library SparkFun_TLC5940 claims to run on avr architecture(s) and may be incompatible with your current board which runs on megaavr architecture(s).
In file included from /home/ec2-user/arduino-testlib/cli-datadir/user/libraries/SparkFun_TLC5940/src/tlc_config.h:65:0,
                 from /home/ec2-user/arduino-testlib/cli-datadir/user/libraries/SparkFun_TLC5940/src/SparkFun_Tlc5940.h:26,
                 from /home/ec2-user/arduino-testlib/cli-datadir/user/libraries/SparkFun_TLC5940/examples/Servos/Servos.pde:16:
/home/ec2-user/arduino-testlib/cli-datadir/user/libraries/SparkFun_TLC5940/src/pinouts/chip_includes.h:114:2: error: #error &#34;Unknown Chip!&#34;
 #error &#34;Unknown Chip!&#34;
  ^~~~~

</pre>
					
					<h4>examples/UsingProgmem</h4>
					<p>
						Result: <b>FAIL</b>
					</p>
					<pre class="pre-scrollable">WARNING: library SparkFun_TLC5940 claims to run on avr architecture(s) and may be incompatible with your current board which runs on megaavr architecture(s).
In file included from /home/ec2-user/arduino-testlib/cli-datadir/user/libraries/SparkFun_TLC5940/src/tlc_config.h:65:0,
                 from /home/ec2-user/arduino-testlib/cli-datadir/user/libraries/SparkFun_TLC5940/src/SparkFun_Tlc5940.h:26,
                 from /home/ec2-user/arduino-testlib/cli-datadir/user/libraries/SparkFun_TLC5940/examples/UsingProgmem/UsingProgmem.pde:9:
/home/ec2-user/arduino-testlib/cli-datadir/user/libraries/SparkFun_TLC5940/src/pinouts/chip_includes.h:114:2: error: #error &#34;Unknown Chip!&#34;
 #error &#34;Unknown Chip!&#34;
  ^~~~~

</pre>
					
				
				<h3 id="arduino:samd:mkrwifi1010">arduino:samd:mkrwifi1010 @ 1.8.12</h3>
				<h4>Inclusion</h4>
				<p>
					Result: <b>FAIL</b>
					
					<br />This library has no main header file so an empty one was created.
					
				</p>
				<pre class="pre-scrollable">/home/ec2-user/arduino-testlib/cli-datadir/user/libraries/SparkFun_TLC5940/src/SparkFun_Tlc5940.cpp:22:10: fatal error: avr/io.h: No such file or directory
 #include &lt;avr/io.h&gt;
          ^~~~~~~~~~
compilation terminated.

</pre>

					
					<h4>examples/BasicAnimations</h4>
					<p>
						Result: <b>FAIL</b>
					</p>
					<pre class="pre-scrollable">In file included from /home/ec2-user/arduino-testlib/cli-datadir/user/libraries/SparkFun_TLC5940/src/tlc_config.h:65:0,
                 from /home/ec2-user/arduino-testlib/cli-datadir/user/libraries/SparkFun_TLC5940/src/SparkFun_Tlc5940.h:26,
                 from /home/ec2-user/arduino-testlib/cli-datadir/user/libraries/SparkFun_TLC5940/examples/BasicAnimations/BasicAnimations.pde:18:
/home/ec2-user/arduino-testlib/cli-datadir/user/libraries/SparkFun_TLC5940/src/pinouts/chip_includes.h:25:10: fatal error: avr/io.h: No such file or directory
 #include &lt;avr/io.h&gt;
          ^~~~~~~~~~
compilation terminated.

</pre>
					
					<h4>examples/BasicUse</h4>
					<p>
						Result: <b>FAIL</b>
					</p>
					<pre class="pre-scrollable">In file included from /home/ec2-user/arduino-testlib/cli-datadir/user/libraries/SparkFun_TLC5940/src/tlc_config.h:65:0,
                 from /home/ec2-user/arduino-testlib/cli-datadir/user/libraries/SparkFun_TLC5940/src/SparkFun_Tlc5940.h:26,
                 from /home/ec2-user/arduino-testlib/cli-datadir/user/libraries/SparkFun_TLC5940/examples/BasicUse/BasicUse.pde:50:
/home/ec2-user/arduino-testlib/cli-datadir/user/libraries/SparkFun_TLC5940/src/pinouts/chip_includes.h:25:10: fatal error: avr/io.h: No such file or directory
 #include &lt;avr/io.h&gt;
          ^~~~~~~~~~
compilation terminated.

</pre>
					
					<h4>examples/CircularLightBuffer</h4>
					<p>
						Result: <b>FAIL</b>
					</p>
					<pre class="pre-scrollable">In file included from /home/ec2-user/arduino-testlib/cli-datadir/user/libraries/SparkFun_TLC5940/src/tlc_config.h:65:0,
                 from /home/ec2-user/arduino-testlib/cli-datadir/user/libraries/SparkFun_TLC5940/src/SparkFun_Tlc5940.h:26,
                 from /home/ec2-user/arduino-testlib/cli-datadir/user/libraries/SparkFun_TLC5940/examples/CircularLightBuffer/CircularLightBuffer.pde:18:
/home/ec2-user/arduino-testlib/cli-datadir/user/libraries/SparkFun_TLC5940/src/pinouts/chip_includes.h:25:10: fatal error: avr/io.h: No such file or directory
 #include &lt;avr/io.h&gt;
          ^~~~~~~~~~
compilation terminated.

</pre>
					
					<h4>examples/FadeScope</h4>
					<p>
						Result: <b>FAIL</b>
					</p>
					<pre class="pre-scrollable">In file included from /home/ec2-user/arduino-testlib/cli-datadir/user/libraries/SparkFun_TLC5940/src/tlc_config.h:65:0,
                 from /home/ec2-user/arduino-testlib/cli-datadir/user/libraries/SparkFun_TLC5940/src/SparkFun_Tlc5940.h:26,
                 from /home/ec2-user/arduino-testlib/cli-datadir/user/libraries/SparkFun_TLC5940/examples/FadeScope/FadeScope.pde:10:
/home/ec2-user/arduino-testlib/cli-datadir/user/libraries/SparkFun_TLC5940/src/pinouts/chip_includes.h:25:10: fatal error: avr/io.h: No such file or directory
 #include &lt;avr/io.h&gt;
          ^~~~~~~~~~
compilation terminated.

</pre>
					
					<h4>examples/Fades</h4>
					<p>
						Result: <b>FAIL</b>
					</p>
					<pre class="pre-scrollable">In file included from /home/ec2-user/arduino-testlib/cli-datadir/user/libraries/SparkFun_TLC5940/src/tlc_config.h:65:0,
                 from /home/ec2-user/arduino-testlib/cli-datadir/user/libraries/SparkFun_TLC5940/src/SparkFun_Tlc5940.h:26,
                 from /home/ec2-user/arduino-testlib/cli-datadir/user/libraries/SparkFun_TLC5940/examples/Fades/Fades.pde:11:
/home/ec2-user/arduino-testlib/cli-datadir/user/libraries/SparkFun_TLC5940/src/pinouts/chip_includes.h:25:10: fatal error: avr/io.h: No such file or directory
 #include &lt;avr/io.h&gt;
          ^~~~~~~~~~
compilation terminated.

</pre>
					
					<h4>examples/Servos</h4>
					<p>
						Result: <b>FAIL</b>
					</p>
					<pre class="pre-scrollable">In file included from /home/ec2-user/arduino-testlib/cli-datadir/user/libraries/SparkFun_TLC5940/src/tlc_config.h:65:0,
                 from /home/ec2-user/arduino-testlib/cli-datadir/user/libraries/SparkFun_TLC5940/src/SparkFun_Tlc5940.h:26,
                 from /home/ec2-user/arduino-testlib/cli-datadir/user/libraries/SparkFun_TLC5940/examples/Servos/Servos.pde:16:
/home/ec2-user/arduino-testlib/cli-datadir/user/libraries/SparkFun_TLC5940/src/pinouts/chip_includes.h:25:10: fatal error: avr/io.h: No such file or directory
 #include &lt;avr/io.h&gt;
          ^~~~~~~~~~
compilation terminated.

</pre>
					
					<h4>examples/UsingProgmem</h4>
					<p>
						Result: <b>FAIL</b>
					</p>
					<pre class="pre-scrollable">In file included from /home/ec2-user/arduino-testlib/cli-datadir/user/libraries/SparkFun_TLC5940/src/tlc_config.h:65:0,
                 from /home/ec2-user/arduino-testlib/cli-datadir/user/libraries/SparkFun_TLC5940/src/SparkFun_Tlc5940.h:26,
                 from /home/ec2-user/arduino-testlib/cli-datadir/user/libraries/SparkFun_TLC5940/examples/UsingProgmem/UsingProgmem.pde:9:
/home/ec2-user/arduino-testlib/cli-datadir/user/libraries/SparkFun_TLC5940/src/pinouts/chip_includes.h:25:10: fatal error: avr/io.h: No such file or directory
 #include &lt;avr/io.h&gt;
          ^~~~~~~~~~
compilation terminated.

</pre>
					
				
				<h3 id="esp32:esp32:d1_mini32">esp32:esp32:d1_mini32 @ 1.0.6</h3>
				<h4>Inclusion</h4>
				<p>
					Result: <b>FAIL</b>
					
				</p>
				<pre class="pre-scrollable">/home/ec2-user/arduino-testlib/cli-datadir/user/libraries/SparkFun_TLC5940/src/SparkFun_Tlc5940.cpp:22:20: fatal error: avr/io.h: No such file or directory
compilation terminated.

</pre>

					
					<h4>examples/BasicAnimations</h4>
					<p>
						Result: <b>FAIL</b>
					</p>
					<pre class="pre-scrollable">In file included from /home/ec2-user/arduino-testlib/cli-datadir/user/libraries/SparkFun_TLC5940/src/tlc_config.h:65:0,
                 from /home/ec2-user/arduino-testlib/cli-datadir/user/libraries/SparkFun_TLC5940/src/SparkFun_Tlc5940.h:26,
                 from /home/ec2-user/arduino-testlib/cli-datadir/user/libraries/SparkFun_TLC5940/examples/BasicAnimations/BasicAnimations.pde:18:
/home/ec2-user/arduino-testlib/cli-datadir/user/libraries/SparkFun_TLC5940/src/pinouts/chip_includes.h:25:20: fatal error: avr/io.h: No such file or directory
compilation terminated.

</pre>
					
					<h4>examples/BasicUse</h4>
					<p>
						Result: <b>FAIL</b>
					</p>
					<pre class="pre-scrollable">In file included from /home/ec2-user/arduino-testlib/cli-datadir/user/libraries/SparkFun_TLC5940/src/tlc_config.h:65:0,
                 from /home/ec2-user/arduino-testlib/cli-datadir/user/libraries/SparkFun_TLC5940/src/SparkFun_Tlc5940.h:26,
                 from /home/ec2-user/arduino-testlib/cli-datadir/user/libraries/SparkFun_TLC5940/examples/BasicUse/BasicUse.pde:50:
/home/ec2-user/arduino-testlib/cli-datadir/user/libraries/SparkFun_TLC5940/src/pinouts/chip_includes.h:25:20: fatal error: avr/io.h: No such file or directory
compilation terminated.

</pre>
					
					<h4>examples/CircularLightBuffer</h4>
					<p>
						Result: <b>FAIL</b>
					</p>
					<pre class="pre-scrollable">In file included from /home/ec2-user/arduino-testlib/cli-datadir/user/libraries/SparkFun_TLC5940/src/tlc_config.h:65:0,
                 from /home/ec2-user/arduino-testlib/cli-datadir/user/libraries/SparkFun_TLC5940/src/SparkFun_Tlc5940.h:26,
                 from /home/ec2-user/arduino-testlib/cli-datadir/user/libraries/SparkFun_TLC5940/examples/CircularLightBuffer/CircularLightBuffer.pde:18:
/home/ec2-user/arduino-testlib/cli-datadir/user/libraries/SparkFun_TLC5940/src/pinouts/chip_includes.h:25:20: fatal error: avr/io.h: No such file or directory
compilation terminated.

</pre>
					
					<h4>examples/FadeScope</h4>
					<p>
						Result: <b>FAIL</b>
					</p>
					<pre class="pre-scrollable">In file included from /home/ec2-user/arduino-testlib/cli-datadir/user/libraries/SparkFun_TLC5940/src/tlc_config.h:65:0,
                 from /home/ec2-user/arduino-testlib/cli-datadir/user/libraries/SparkFun_TLC5940/src/SparkFun_Tlc5940.h:26,
                 from /home/ec2-user/arduino-testlib/cli-datadir/user/libraries/SparkFun_TLC5940/examples/FadeScope/FadeScope.pde:10:
/home/ec2-user/arduino-testlib/cli-datadir/user/libraries/SparkFun_TLC5940/src/pinouts/chip_includes.h:25:20: fatal error: avr/io.h: No such file or directory
compilation terminated.

</pre>
					
					<h4>examples/Fades</h4>
					<p>
						Result: <b>FAIL</b>
					</p>
					<pre class="pre-scrollable">In file included from /home/ec2-user/arduino-testlib/cli-datadir/user/libraries/SparkFun_TLC5940/src/tlc_config.h:65:0,
                 from /home/ec2-user/arduino-testlib/cli-datadir/user/libraries/SparkFun_TLC5940/src/SparkFun_Tlc5940.h:26,
                 from /home/ec2-user/arduino-testlib/cli-datadir/user/libraries/SparkFun_TLC5940/examples/Fades/Fades.pde:11:
/home/ec2-user/arduino-testlib/cli-datadir/user/libraries/SparkFun_TLC5940/src/pinouts/chip_includes.h:25:20: fatal error: avr/io.h: No such file or directory
compilation terminated.

</pre>
					
					<h4>examples/Servos</h4>
					<p>
						Result: <b>FAIL</b>
					</p>
					<pre class="pre-scrollable">In file included from /home/ec2-user/arduino-testlib/cli-datadir/user/libraries/SparkFun_TLC5940/src/tlc_config.h:65:0,
                 from /home/ec2-user/arduino-testlib/cli-datadir/user/libraries/SparkFun_TLC5940/src/SparkFun_Tlc5940.h:26,
                 from /home/ec2-user/arduino-testlib/cli-datadir/user/libraries/SparkFun_TLC5940/examples/Servos/Servos.pde:16:
/home/ec2-user/arduino-testlib/cli-datadir/user/libraries/SparkFun_TLC5940/src/pinouts/chip_includes.h:25:20: fatal error: avr/io.h: No such file or directory
compilation terminated.

</pre>
					
					<h4>examples/UsingProgmem</h4>
					<p>
						Result: <b>FAIL</b>
					</p>
					<pre class="pre-scrollable">In file included from /home/ec2-user/arduino-testlib/cli-datadir/user/libraries/SparkFun_TLC5940/src/tlc_config.h:65:0,
                 from /home/ec2-user/arduino-testlib/cli-datadir/user/libraries/SparkFun_TLC5940/src/SparkFun_Tlc5940.h:26,
                 from /home/ec2-user/arduino-testlib/cli-datadir/user/libraries/SparkFun_TLC5940/examples/UsingProgmem/UsingProgmem.pde:9:
/home/ec2-user/arduino-testlib/cli-datadir/user/libraries/SparkFun_TLC5940/src/pinouts/chip_includes.h:25:20: fatal error: avr/io.h: No such file or directory
compilation terminated.

</pre>
					
				
			</div>
		</div>
	</div>
  </body>
</html>
