
<!doctype html>
<html lang="en">
  <head>
    <meta charset="utf-8">
    <meta name="viewport" content="width=device-width, initial-scale=1">
    <link href="https://cdn.jsdelivr.net/npm/bootstrap@5.0.2/dist/css/bootstrap.min.css" rel="stylesheet" integrity="sha384-EVSTQN3/azprG1Anm3QDgpJLIm9Nao0Yz1ztcQTwFspd3yD65VohhpuuCOmLASjC" crossorigin="anonymous">
    <title>arduino-testlib report</title>
	<style>
	.pass { background-color: #00FF00 !important; }
	.fail { background-color: #FF0000 !important; }
	</style>
  </head>
  <body>
	<div class="container">
		<div class="row">
			<div class="col">
				<h1>SRAM - compatibility matrix</h1>
				<p>
					<small>This report was generated on Wednesday, 23-Feb-22 22:48:15 CET using 
					<a href="https://github.com/alranel/arduino-testlib">arduino-testlib</a>.</small>
				</p>

				<h2>SRAM</h2>
				<p>
					Version: <b>1.0.1</b>
					<br />
					<a href="https://www.arduino.cc/reference/en/libraries/sram/">More details</a>
				</p>

				<h2>Compatibility matrix</h2>
				<table class="table table-bordered">
					<tr>
						<th>Board</th>
						<th>Claims compatibility</th>
						<th>Inclusion</th>
						
						<th><pre>test_sram</pre></th>
						
					</tr>
					
					<tr>
						<td>
							<a href="#arduino%3aavr%3auno"><b>arduino:avr:uno</b></a>
							<br />
							<small>1.8.4</small>
						</td>

						
						
						
							<td>Yes ⚠️</td>
							<td class="fail">FAIL</td>
						
						

						
							
								
									
										
											<td class="pass">PASS</td>
											
										
									
								
							
								
							
								
							
								
							
								
							
						
					</tr>
					
					<tr>
						<td>
							<a href="#arduino%3ambed_nano%3ananorp2040connect"><b>arduino:mbed_nano:nanorp2040connect</b></a>
							<br />
							<small>2.7.2</small>
						</td>

						
						
						
							<td>Yes ⚠️</td>
							<td class="fail">FAIL</td>
						
						

						
							
								
							
								
									
										
											
											<td class="fail">FAIL</td>
										
									
								
							
								
							
								
							
								
							
						
					</tr>
					
					<tr>
						<td>
							<a href="#arduino%3amegaavr%3anona4809"><b>arduino:megaavr:nona4809</b></a>
							<br />
							<small>1.8.7</small>
						</td>

						
						
						
							<td>Yes ⚠️</td>
							<td class="fail">FAIL</td>
						
						

						
							
								
							
								
							
								
									
										
											
											<td class="fail">FAIL</td>
										
									
								
							
								
							
								
							
						
					</tr>
					
					<tr>
						<td>
							<a href="#arduino%3asamd%3amkrwifi1010"><b>arduino:samd:mkrwifi1010</b></a>
							<br />
							<small>1.8.12</small>
						</td>

						
						
						
							<td>Yes ⚠️</td>
							<td class="fail">FAIL</td>
						
						

						
							
								
							
								
							
								
							
								
									
										
											
											<td class="fail">FAIL</td>
										
									
								
							
								
							
						
					</tr>
					
					<tr>
						<td>
							<a href="#esp32%3aesp32%3ad1_mini32"><b>esp32:esp32:d1_mini32</b></a>
							<br />
							<small>1.0.6</small>
						</td>

						
						
						
							<td>Yes ⚠️</td>
							<td class="fail">FAIL</td>
						
						

						
							
								
							
								
							
								
							
								
							
								
									
										
											
											<td class="fail">FAIL</td>
										
									
								
							
						
					</tr>
					
				</table>

				<h2>Compilation logs</h2>
				
				<h3 id="arduino:avr:uno">arduino:avr:uno @ 1.8.4</h3>
				<h4>Inclusion</h4>
				<p>
					Result: <b>FAIL</b>
					
					<br />This library has no main header file so an empty one was created.
					
				</p>
				<pre class="pre-scrollable">/tmp/arduino-testlib3598386038/test/test.ino:1:10: fatal error: SRAM.h: No such file or directory
 #include &lt;SRAM.h&gt;
          ^~~~~~~~
compilation terminated.

</pre>

					
					<h4>examples/test_sram</h4>
					<p>
						Result: <b>PASS</b>
					</p>
					<pre class="pre-scrollable">Sketch uses 2354 bytes (7%) of program storage space. Maximum is 32256 bytes.
Global variables use 194 bytes (9%) of dynamic memory, leaving 1854 bytes for local variables. Maximum is 2048 bytes.
</pre>
					
				
				<h3 id="arduino:mbed_nano:nanorp2040connect">arduino:mbed_nano:nanorp2040connect @ 2.7.2</h3>
				<h4>Inclusion</h4>
				<p>
					Result: <b>FAIL</b>
					
					<br />This library has no main header file so an empty one was created.
					
				</p>
				<pre class="pre-scrollable">/tmp/arduino-testlib2132484365/test/test.ino:1:10: fatal error: SRAM.h: No such file or directory
 #include &lt;SRAM.h&gt;
          ^~~~~~~~
compilation terminated.

</pre>

					
					<h4>examples/test_sram</h4>
					<p>
						Result: <b>FAIL</b>
					</p>
					<pre class="pre-scrollable">In file included from /home/ec2-user/arduino-testlib/cli-datadir/user/libraries/SRAM/examples/test_sram/test_sram.ino:28:0:
/home/ec2-user/arduino-testlib/cli-datadir/user/libraries/SRAM/sram.h:85:14: error: cannot declare field &#39;SRAM::spi&#39; to be of abstract type &#39;arduino::HardwareSPI&#39;
     SPIClass spi;
              ^~~
In file included from /home/ec2-user/arduino-testlib/cli-datadir/data/packages/arduino/hardware/mbed_nano/2.7.2/libraries/SPI/SPI.h:22:0,
                 from /home/ec2-user/arduino-testlib/cli-datadir/user/libraries/SRAM/examples/test_sram/test_sram.ino:27:
/home/ec2-user/arduino-testlib/cli-datadir/data/packages/arduino/hardware/mbed_nano/2.7.2/cores/arduino/api/HardwareSPI.h:104:7: note:   because the following virtual functions are pure within &#39;arduino::HardwareSPI&#39;:
 class HardwareSPI
       ^~~~~~~~~~~
/home/ec2-user/arduino-testlib/cli-datadir/data/packages/arduino/hardware/mbed_nano/2.7.2/cores/arduino/api/HardwareSPI.h:109:21: note: 	virtual uint8_t arduino::HardwareSPI::transfer(uint8_t)
     virtual uint8_t transfer(uint8_t data) = 0;
                     ^~~~~~~~
/home/ec2-user/arduino-testlib/cli-datadir/data/packages/arduino/hardware/mbed_nano/2.7.2/cores/arduino/api/HardwareSPI.h:110:22: note: 	virtual uint16_t arduino::HardwareSPI::transfer16(uint16_t)
     virtual uint16_t transfer16(uint16_t data) = 0;
                      ^~~~~~~~~~
/home/ec2-user/arduino-testlib/cli-datadir/data/packages/arduino/hardware/mbed_nano/2.7.2/cores/arduino/api/HardwareSPI.h:111:18: note: 	virtual void arduino::HardwareSPI::transfer(void*, size_t)
     virtual void transfer(void *buf, size_t count) = 0;
                  ^~~~~~~~
/home/ec2-user/arduino-testlib/cli-datadir/data/packages/arduino/hardware/mbed_nano/2.7.2/cores/arduino/api/HardwareSPI.h:114:18: note: 	virtual void arduino::HardwareSPI::usingInterrupt(int)
     virtual void usingInterrupt(int interruptNumber) = 0;
                  ^~~~~~~~~~~~~~
/home/ec2-user/arduino-testlib/cli-datadir/data/packages/arduino/hardware/mbed_nano/2.7.2/cores/arduino/api/HardwareSPI.h:115:18: note: 	virtual void arduino::HardwareSPI::notUsingInterrupt(int)
     virtual void notUsingInterrupt(int interruptNumber) = 0;
                  ^~~~~~~~~~~~~~~~~
/home/ec2-user/arduino-testlib/cli-datadir/data/packages/arduino/hardware/mbed_nano/2.7.2/cores/arduino/api/HardwareSPI.h:116:18: note: 	virtual void arduino::HardwareSPI::beginTransaction(arduino::SPISettings)
     virtual void beginTransaction(SPISettings settings) = 0;
                  ^~~~~~~~~~~~~~~~
/home/ec2-user/arduino-testlib/cli-datadir/data/packages/arduino/hardware/mbed_nano/2.7.2/cores/arduino/api/HardwareSPI.h:117:18: note: 	virtual void arduino::HardwareSPI::endTransaction()
     virtual void endTransaction(void) = 0;
                  ^~~~~~~~~~~~~~
/home/ec2-user/arduino-testlib/cli-datadir/data/packages/arduino/hardware/mbed_nano/2.7.2/cores/arduino/api/HardwareSPI.h:120:18: note: 	virtual void arduino::HardwareSPI::attachInterrupt()
     virtual void attachInterrupt() = 0;
                  ^~~~~~~~~~~~~~~
/home/ec2-user/arduino-testlib/cli-datadir/data/packages/arduino/hardware/mbed_nano/2.7.2/cores/arduino/api/HardwareSPI.h:121:18: note: 	virtual void arduino::HardwareSPI::detachInterrupt()
     virtual void detachInterrupt() = 0;
                  ^~~~~~~~~~~~~~~
/home/ec2-user/arduino-testlib/cli-datadir/data/packages/arduino/hardware/mbed_nano/2.7.2/cores/arduino/api/HardwareSPI.h:123:18: note: 	virtual void arduino::HardwareSPI::begin()
     virtual void begin() = 0;
                  ^~~~~
/home/ec2-user/arduino-testlib/cli-datadir/data/packages/arduino/hardware/mbed_nano/2.7.2/cores/arduino/api/HardwareSPI.h:124:18: note: 	virtual void arduino::HardwareSPI::end()
     virtual void end() = 0;
                  ^~~

</pre>
					
				
				<h3 id="arduino:megaavr:nona4809">arduino:megaavr:nona4809 @ 1.8.7</h3>
				<h4>Inclusion</h4>
				<p>
					Result: <b>FAIL</b>
					
					<br />This library has no main header file so an empty one was created.
					
				</p>
				<pre class="pre-scrollable">/tmp/arduino-testlib2132484365/test/test.ino:1:10: fatal error: SRAM.h: No such file or directory
 #include &lt;SRAM.h&gt;
          ^~~~~~~~
compilation terminated.

</pre>

					
					<h4>examples/test_sram</h4>
					<p>
						Result: <b>FAIL</b>
					</p>
					<pre class="pre-scrollable">In file included from /home/ec2-user/arduino-testlib/cli-datadir/user/libraries/SRAM/examples/test_sram/test_sram.ino:28:0:
/home/ec2-user/arduino-testlib/cli-datadir/user/libraries/SRAM/sram.h: In constructor &#39;SRAM::SRAM(uint8_t)&#39;:
/home/ec2-user/arduino-testlib/cli-datadir/user/libraries/SRAM/sram.h:120:5: error: no matching function for call to &#39;SPIClassMegaAVR::SPIClassMegaAVR()&#39;
     {
     ^
In file included from /home/ec2-user/arduino-testlib/cli-datadir/user/libraries/SRAM/examples/test_sram/test_sram.ino:27:0:
/home/ec2-user/arduino-testlib/cli-datadir/data/packages/arduino/hardware/megaavr/1.8.7/libraries/SPI/src/SPI.h:153:3: note: candidate: SPIClassMegaAVR::SPIClassMegaAVR(uint8_t, uint8_t, uint8_t, uint8_t, uint8_t)
   SPIClassMegaAVR(uint8_t uc_pinMISO, uint8_t uc_pinSCK, uint8_t uc_pinMOSI, uint8_t uc_pinSS, uint8_t uc_mux);
   ^~~~~~~~~~~~~~~
/home/ec2-user/arduino-testlib/cli-datadir/data/packages/arduino/hardware/megaavr/1.8.7/libraries/SPI/src/SPI.h:153:3: note:   candidate expects 5 arguments, 0 provided
/home/ec2-user/arduino-testlib/cli-datadir/data/packages/arduino/hardware/megaavr/1.8.7/libraries/SPI/src/SPI.h:151:7: note: candidate: constexpr SPIClassMegaAVR::SPIClassMegaAVR(const SPIClassMegaAVR&amp;)
 class SPIClassMegaAVR : public arduino::HardwareSPI {
       ^~~~~~~~~~~~~~~
/home/ec2-user/arduino-testlib/cli-datadir/data/packages/arduino/hardware/megaavr/1.8.7/libraries/SPI/src/SPI.h:151:7: note:   candidate expects 1 argument, 0 provided
/home/ec2-user/arduino-testlib/cli-datadir/data/packages/arduino/hardware/megaavr/1.8.7/libraries/SPI/src/SPI.h:151:7: note: candidate: constexpr SPIClassMegaAVR::SPIClassMegaAVR(SPIClassMegaAVR&amp;&amp;)
/home/ec2-user/arduino-testlib/cli-datadir/data/packages/arduino/hardware/megaavr/1.8.7/libraries/SPI/src/SPI.h:151:7: note:   candidate expects 1 argument, 0 provided

</pre>
					
				
				<h3 id="arduino:samd:mkrwifi1010">arduino:samd:mkrwifi1010 @ 1.8.12</h3>
				<h4>Inclusion</h4>
				<p>
					Result: <b>FAIL</b>
					
					<br />This library has no main header file so an empty one was created.
					
				</p>
				<pre class="pre-scrollable">/tmp/arduino-testlib3598386038/test/test.ino:1:10: fatal error: SRAM.h: No such file or directory
 #include &lt;SRAM.h&gt;
          ^~~~~~~~
compilation terminated.

</pre>

					
					<h4>examples/test_sram</h4>
					<p>
						Result: <b>FAIL</b>
					</p>
					<pre class="pre-scrollable">In file included from /home/ec2-user/arduino-testlib/cli-datadir/user/libraries/SRAM/examples/test_sram/test_sram.ino:28:0:
/home/ec2-user/arduino-testlib/cli-datadir/user/libraries/SRAM/sram.h:85:14: error: cannot declare field &#39;SRAM::spi&#39; to be of abstract type &#39;arduino::HardwareSPI&#39;
     SPIClass spi;
              ^~~
In file included from /home/ec2-user/arduino-testlib/cli-datadir/data/packages/arduino/hardware/samd/1.8.12/libraries/SPI/SPI.h:24:0,
                 from /home/ec2-user/arduino-testlib/cli-datadir/user/libraries/SRAM/examples/test_sram/test_sram.ino:27:
/home/ec2-user/arduino-testlib/cli-datadir/data/packages/arduino/hardware/samd/1.8.12/cores/arduino/api/HardwareSPI.h:104:7: note:   because the following virtual functions are pure within &#39;arduino::HardwareSPI&#39;:
 class HardwareSPI
       ^~~~~~~~~~~
/home/ec2-user/arduino-testlib/cli-datadir/data/packages/arduino/hardware/samd/1.8.12/cores/arduino/api/HardwareSPI.h:109:21: note: 	virtual uint8_t arduino::HardwareSPI::transfer(uint8_t)
     virtual uint8_t transfer(uint8_t data) = 0;
                     ^~~~~~~~
/home/ec2-user/arduino-testlib/cli-datadir/data/packages/arduino/hardware/samd/1.8.12/cores/arduino/api/HardwareSPI.h:110:22: note: 	virtual uint16_t arduino::HardwareSPI::transfer16(uint16_t)
     virtual uint16_t transfer16(uint16_t data) = 0;
                      ^~~~~~~~~~
/home/ec2-user/arduino-testlib/cli-datadir/data/packages/arduino/hardware/samd/1.8.12/cores/arduino/api/HardwareSPI.h:111:18: note: 	virtual void arduino::HardwareSPI::transfer(void*, size_t)
     virtual void transfer(void *buf, size_t count) = 0;
                  ^~~~~~~~
/home/ec2-user/arduino-testlib/cli-datadir/data/packages/arduino/hardware/samd/1.8.12/cores/arduino/api/HardwareSPI.h:114:18: note: 	virtual void arduino::HardwareSPI::usingInterrupt(int)
     virtual void usingInterrupt(int interruptNumber) = 0;
                  ^~~~~~~~~~~~~~
/home/ec2-user/arduino-testlib/cli-datadir/data/packages/arduino/hardware/samd/1.8.12/cores/arduino/api/HardwareSPI.h:115:18: note: 	virtual void arduino::HardwareSPI::notUsingInterrupt(int)
     virtual void notUsingInterrupt(int interruptNumber) = 0;
                  ^~~~~~~~~~~~~~~~~
/home/ec2-user/arduino-testlib/cli-datadir/data/packages/arduino/hardware/samd/1.8.12/cores/arduino/api/HardwareSPI.h:116:18: note: 	virtual void arduino::HardwareSPI::beginTransaction(arduino::SPISettings)
     virtual void beginTransaction(SPISettings settings) = 0;
                  ^~~~~~~~~~~~~~~~
/home/ec2-user/arduino-testlib/cli-datadir/data/packages/arduino/hardware/samd/1.8.12/cores/arduino/api/HardwareSPI.h:117:18: note: 	virtual void arduino::HardwareSPI::endTransaction()
     virtual void endTransaction(void) = 0;
                  ^~~~~~~~~~~~~~
/home/ec2-user/arduino-testlib/cli-datadir/data/packages/arduino/hardware/samd/1.8.12/cores/arduino/api/HardwareSPI.h:120:18: note: 	virtual void arduino::HardwareSPI::attachInterrupt()
     virtual void attachInterrupt() = 0;
                  ^~~~~~~~~~~~~~~
/home/ec2-user/arduino-testlib/cli-datadir/data/packages/arduino/hardware/samd/1.8.12/cores/arduino/api/HardwareSPI.h:121:18: note: 	virtual void arduino::HardwareSPI::detachInterrupt()
     virtual void detachInterrupt() = 0;
                  ^~~~~~~~~~~~~~~
/home/ec2-user/arduino-testlib/cli-datadir/data/packages/arduino/hardware/samd/1.8.12/cores/arduino/api/HardwareSPI.h:123:18: note: 	virtual void arduino::HardwareSPI::begin()
     virtual void begin() = 0;
                  ^~~~~
/home/ec2-user/arduino-testlib/cli-datadir/data/packages/arduino/hardware/samd/1.8.12/cores/arduino/api/HardwareSPI.h:124:18: note: 	virtual void arduino::HardwareSPI::end()
     virtual void end() = 0;
                  ^~~

</pre>
					
				
				<h3 id="esp32:esp32:d1_mini32">esp32:esp32:d1_mini32 @ 1.0.6</h3>
				<h4>Inclusion</h4>
				<p>
					Result: <b>FAIL</b>
					
					<br />This library has no main header file so an empty one was created.
					
				</p>
				<pre class="pre-scrollable">/tmp/arduino-testlib700114507/test/test.ino:1:18: fatal error: SRAM.h: No such file or directory
compilation terminated.

</pre>

					
					<h4>examples/test_sram</h4>
					<p>
						Result: <b>FAIL</b>
					</p>
					<pre class="pre-scrollable">In file included from /home/ec2-user/arduino-testlib/cli-datadir/user/libraries/SRAM/sram.cpp:25:0:
/home/ec2-user/arduino-testlib/cli-datadir/user/libraries/SRAM/sram.h: In member function &#39;void SRAM::chipSelect(bool)&#39;:
/home/ec2-user/arduino-testlib/cli-datadir/user/libraries/SRAM/sram.h:101:34: error: &#39;digitalWrite&#39; was not declared in this scope
        digitalWrite(csPin, !state);
                                  ^
/home/ec2-user/arduino-testlib/cli-datadir/user/libraries/SRAM/sram.h: In member function &#39;void SRAM::begin()&#39;:
/home/ec2-user/arduino-testlib/cli-datadir/user/libraries/SRAM/sram.h:132:22: error: &#39;OUTPUT&#39; was not declared in this scope
       pinMode(csPin, OUTPUT);
                      ^
/home/ec2-user/arduino-testlib/cli-datadir/user/libraries/SRAM/sram.h:132:28: error: &#39;pinMode&#39; was not declared in this scope
       pinMode(csPin, OUTPUT);
                            ^

</pre>
					
				
			</div>
		</div>
	</div>
  </body>
</html>
