
<!doctype html>
<html lang="en">
  <head>
    <meta charset="utf-8">
    <meta name="viewport" content="width=device-width, initial-scale=1">
    <link href="https://cdn.jsdelivr.net/npm/bootstrap@5.0.2/dist/css/bootstrap.min.css" rel="stylesheet" integrity="sha384-EVSTQN3/azprG1Anm3QDgpJLIm9Nao0Yz1ztcQTwFspd3yD65VohhpuuCOmLASjC" crossorigin="anonymous">
    <title>arduino-testlib report</title>
	<style>
	.pass { background-color: #00FF00 !important; }
	.fail { background-color: #FF0000 !important; }
	</style>
  </head>
  <body>
	<div class="container">
		<div class="row">
			<div class="col">
				<h1>ssd1306xled - compatibility matrix</h1>
				<p>
					<small>This report was generated on Wednesday, 23-Feb-22 22:48:15 CET using 
					<a href="https://github.com/alranel/arduino-testlib">arduino-testlib</a>.</small>
				</p>

				<h2>ssd1306xled</h2>
				<p>
					Version: <b>0.0.1</b>
					<br />
					<a href="https://www.arduino.cc/reference/en/libraries/ssd1306xled/">More details</a>
				</p>

				<h2>Compatibility matrix</h2>
				<table class="table table-bordered">
					<tr>
						<th>Board</th>
						<th>Claims compatibility</th>
						<th>Inclusion</th>
						
						<th><pre>OLED_demo</pre></th>
						
					</tr>
					
					<tr>
						<td>
							<a href="#arduino%3aavr%3auno"><b>arduino:avr:uno</b></a>
							<br />
							<small>1.8.4</small>
						</td>

						
						
						
							<td>Yes ⚠️</td>
							<td class="fail">FAIL</td>
						
						

						
							
								
									
										
											
											<td class="fail">FAIL</td>
										
									
								
							
								
							
								
							
								
							
								
							
						
					</tr>
					
					<tr>
						<td>
							<a href="#arduino%3ambed_nano%3ananorp2040connect"><b>arduino:mbed_nano:nanorp2040connect</b></a>
							<br />
							<small>2.7.2</small>
						</td>

						
						
						
							<td>Yes ⚠️</td>
							<td class="fail">FAIL</td>
						
						

						
							
								
							
								
									
										
											
											<td class="fail">FAIL</td>
										
									
								
							
								
							
								
							
								
							
						
					</tr>
					
					<tr>
						<td>
							<a href="#arduino%3amegaavr%3anona4809"><b>arduino:megaavr:nona4809</b></a>
							<br />
							<small>1.8.7</small>
						</td>

						
						
						
							<td>Yes ⚠️</td>
							<td class="fail">FAIL</td>
						
						

						
							
								
							
								
							
								
									
										
											
											<td class="fail">FAIL</td>
										
									
								
							
								
							
								
							
						
					</tr>
					
					<tr>
						<td>
							<a href="#arduino%3asamd%3amkrwifi1010"><b>arduino:samd:mkrwifi1010</b></a>
							<br />
							<small>1.8.12</small>
						</td>

						
						
						
							<td>Yes ⚠️</td>
							<td class="fail">FAIL</td>
						
						

						
							
								
							
								
							
								
							
								
									
										
											
											<td class="fail">FAIL</td>
										
									
								
							
								
							
						
					</tr>
					
					<tr>
						<td>
							<a href="#esp32%3aesp32%3ad1_mini32"><b>esp32:esp32:d1_mini32</b></a>
							<br />
							<small>1.0.6</small>
						</td>

						
						
						
							<td>Yes ⚠️</td>
							<td class="fail">FAIL</td>
						
						

						
							
								
							
								
							
								
							
								
							
								
									
										
											
											<td class="fail">FAIL</td>
										
									
								
							
						
					</tr>
					
				</table>

				<h2>Compilation logs</h2>
				
				<h3 id="arduino:avr:uno">arduino:avr:uno @ 1.8.4</h3>
				<h4>Inclusion</h4>
				<p>
					Result: <b>FAIL</b>
					
				</p>
				<pre class="pre-scrollable">In file included from /tmp/arduino-testlib48219557/test/test.ino:1:0:
/home/ec2-user/arduino-testlib/cli-datadir/user/libraries/ssd1306xled/ssd1306xled.h:62:37: error: &#39;USISIF&#39; was not declared in this scope
 const unsigned char USISR_8bit = 1&lt;&lt;USISIF | 1&lt;&lt;USIOIF | 1&lt;&lt;USIPF | 1&lt;&lt;USIDC | 0x0&lt;&lt;USICNT0;
                                     ^~~~~~
/home/ec2-user/arduino-testlib/cli-datadir/user/libraries/ssd1306xled/ssd1306xled.h:62:37: note: suggested alternative: &#39;SPIF&#39;
 const unsigned char USISR_8bit = 1&lt;&lt;USISIF | 1&lt;&lt;USIOIF | 1&lt;&lt;USIPF | 1&lt;&lt;USIDC | 0x0&lt;&lt;USICNT0;
                                     ^~~~~~
                                     SPIF
/home/ec2-user/arduino-testlib/cli-datadir/user/libraries/ssd1306xled/ssd1306xled.h:62:49: error: &#39;USIOIF&#39; was not declared in this scope
 const unsigned char USISR_8bit = 1&lt;&lt;USISIF | 1&lt;&lt;USIOIF | 1&lt;&lt;USIPF | 1&lt;&lt;USIDC | 0x0&lt;&lt;USICNT0;
                                                 ^~~~~~
/home/ec2-user/arduino-testlib/cli-datadir/user/libraries/ssd1306xled/ssd1306xled.h:62:49: note: suggested alternative: &#39;SPIF&#39;
 const unsigned char USISR_8bit = 1&lt;&lt;USISIF | 1&lt;&lt;USIOIF | 1&lt;&lt;USIPF | 1&lt;&lt;USIDC | 0x0&lt;&lt;USICNT0;
                                                 ^~~~~~
                                                 SPIF
/home/ec2-user/arduino-testlib/cli-datadir/user/libraries/ssd1306xled/ssd1306xled.h:62:61: error: &#39;USIPF&#39; was not declared in this scope
 const unsigned char USISR_8bit = 1&lt;&lt;USISIF | 1&lt;&lt;USIOIF | 1&lt;&lt;USIPF | 1&lt;&lt;USIDC | 0x0&lt;&lt;USICNT0;
                                                             ^~~~~
/home/ec2-user/arduino-testlib/cli-datadir/user/libraries/ssd1306xled/ssd1306xled.h:62:72: error: &#39;USIDC&#39; was not declared in this scope
 const unsigned char USISR_8bit = 1&lt;&lt;USISIF | 1&lt;&lt;USIOIF | 1&lt;&lt;USIPF | 1&lt;&lt;USIDC | 0x0&lt;&lt;USICNT0;
                                                                        ^~~~~
/home/ec2-user/arduino-testlib/cli-datadir/user/libraries/ssd1306xled/ssd1306xled.h:62:85: error: &#39;USICNT0&#39; was not declared in this scope
 const unsigned char USISR_8bit = 1&lt;&lt;USISIF | 1&lt;&lt;USIOIF | 1&lt;&lt;USIPF | 1&lt;&lt;USIDC | 0x0&lt;&lt;USICNT0;
                                                                                     ^~~~~~~
/home/ec2-user/arduino-testlib/cli-datadir/user/libraries/ssd1306xled/ssd1306xled.h:62:85: note: suggested alternative: &#39;INT0&#39;
 const unsigned char USISR_8bit = 1&lt;&lt;USISIF | 1&lt;&lt;USIOIF | 1&lt;&lt;USIPF | 1&lt;&lt;USIDC | 0x0&lt;&lt;USICNT0;
                                                                                     ^~~~~~~
                                                                                     INT0
/home/ec2-user/arduino-testlib/cli-datadir/user/libraries/ssd1306xled/ssd1306xled.h:64:37: error: &#39;USISIF&#39; was not declared in this scope
 const unsigned char USISR_1bit = 1&lt;&lt;USISIF | 1&lt;&lt;USIOIF | 1&lt;&lt;USIPF | 1&lt;&lt;USIDC | 0xE&lt;&lt;USICNT0;
                                     ^~~~~~
/home/ec2-user/arduino-testlib/cli-datadir/user/libraries/ssd1306xled/ssd1306xled.h:64:37: note: suggested alternative: &#39;SPIF&#39;
 const unsigned char USISR_1bit = 1&lt;&lt;USISIF | 1&lt;&lt;USIOIF | 1&lt;&lt;USIPF | 1&lt;&lt;USIDC | 0xE&lt;&lt;USICNT0;
                                     ^~~~~~
                                     SPIF
/home/ec2-user/arduino-testlib/cli-datadir/user/libraries/ssd1306xled/ssd1306xled.h:64:49: error: &#39;USIOIF&#39; was not declared in this scope
 const unsigned char USISR_1bit = 1&lt;&lt;USISIF | 1&lt;&lt;USIOIF | 1&lt;&lt;USIPF | 1&lt;&lt;USIDC | 0xE&lt;&lt;USICNT0;
                                                 ^~~~~~
/home/ec2-user/arduino-testlib/cli-datadir/user/libraries/ssd1306xled/ssd1306xled.h:64:49: note: suggested alternative: &#39;SPIF&#39;
 const unsigned char USISR_1bit = 1&lt;&lt;USISIF | 1&lt;&lt;USIOIF | 1&lt;&lt;USIPF | 1&lt;&lt;USIDC | 0xE&lt;&lt;USICNT0;
                                                 ^~~~~~
                                                 SPIF
/home/ec2-user/arduino-testlib/cli-datadir/user/libraries/ssd1306xled/ssd1306xled.h:64:61: error: &#39;USIPF&#39; was not declared in this scope
 const unsigned char USISR_1bit = 1&lt;&lt;USISIF | 1&lt;&lt;USIOIF | 1&lt;&lt;USIPF | 1&lt;&lt;USIDC | 0xE&lt;&lt;USICNT0;
                                                             ^~~~~
/home/ec2-user/arduino-testlib/cli-datadir/user/libraries/ssd1306xled/ssd1306xled.h:64:72: error: &#39;USIDC&#39; was not declared in this scope
 const unsigned char USISR_1bit = 1&lt;&lt;USISIF | 1&lt;&lt;USIOIF | 1&lt;&lt;USIPF | 1&lt;&lt;USIDC | 0xE&lt;&lt;USICNT0;
                                                                        ^~~~~
/home/ec2-user/arduino-testlib/cli-datadir/user/libraries/ssd1306xled/ssd1306xled.h:64:85: error: &#39;USICNT0&#39; was not declared in this scope
 const unsigned char USISR_1bit = 1&lt;&lt;USISIF | 1&lt;&lt;USIOIF | 1&lt;&lt;USIPF | 1&lt;&lt;USIDC | 0xE&lt;&lt;USICNT0;
                                                                                     ^~~~~~~
/home/ec2-user/arduino-testlib/cli-datadir/user/libraries/ssd1306xled/ssd1306xled.h:64:85: note: suggested alternative: &#39;INT0&#39;
 const unsigned char USISR_1bit = 1&lt;&lt;USISIF | 1&lt;&lt;USIOIF | 1&lt;&lt;USIPF | 1&lt;&lt;USIDC | 0xE&lt;&lt;USICNT0;
                                                                                     ^~~~~~~
                                                                                     INT0

</pre>

					
					<h4>examples/OLED_demo</h4>
					<p>
						Result: <b>FAIL</b>
					</p>
					<pre class="pre-scrollable">In file included from /home/ec2-user/arduino-testlib/cli-datadir/user/libraries/ssd1306xled/examples/OLED_demo/OLED_demo.ino:4:0:
/home/ec2-user/arduino-testlib/cli-datadir/user/libraries/ssd1306xled/ssd1306xled.h:62:37: error: &#39;USISIF&#39; was not declared in this scope
 const unsigned char USISR_8bit = 1&lt;&lt;USISIF | 1&lt;&lt;USIOIF | 1&lt;&lt;USIPF | 1&lt;&lt;USIDC | 0x0&lt;&lt;USICNT0;
                                     ^~~~~~
/home/ec2-user/arduino-testlib/cli-datadir/user/libraries/ssd1306xled/ssd1306xled.h:62:37: note: suggested alternative: &#39;SPIF&#39;
 const unsigned char USISR_8bit = 1&lt;&lt;USISIF | 1&lt;&lt;USIOIF | 1&lt;&lt;USIPF | 1&lt;&lt;USIDC | 0x0&lt;&lt;USICNT0;
                                     ^~~~~~
                                     SPIF
/home/ec2-user/arduino-testlib/cli-datadir/user/libraries/ssd1306xled/ssd1306xled.h:62:49: error: &#39;USIOIF&#39; was not declared in this scope
 const unsigned char USISR_8bit = 1&lt;&lt;USISIF | 1&lt;&lt;USIOIF | 1&lt;&lt;USIPF | 1&lt;&lt;USIDC | 0x0&lt;&lt;USICNT0;
                                                 ^~~~~~
/home/ec2-user/arduino-testlib/cli-datadir/user/libraries/ssd1306xled/ssd1306xled.h:62:49: note: suggested alternative: &#39;SPIF&#39;
 const unsigned char USISR_8bit = 1&lt;&lt;USISIF | 1&lt;&lt;USIOIF | 1&lt;&lt;USIPF | 1&lt;&lt;USIDC | 0x0&lt;&lt;USICNT0;
                                                 ^~~~~~
                                                 SPIF
/home/ec2-user/arduino-testlib/cli-datadir/user/libraries/ssd1306xled/ssd1306xled.h:62:61: error: &#39;USIPF&#39; was not declared in this scope
 const unsigned char USISR_8bit = 1&lt;&lt;USISIF | 1&lt;&lt;USIOIF | 1&lt;&lt;USIPF | 1&lt;&lt;USIDC | 0x0&lt;&lt;USICNT0;
                                                             ^~~~~
/home/ec2-user/arduino-testlib/cli-datadir/user/libraries/ssd1306xled/ssd1306xled.h:62:72: error: &#39;USIDC&#39; was not declared in this scope
 const unsigned char USISR_8bit = 1&lt;&lt;USISIF | 1&lt;&lt;USIOIF | 1&lt;&lt;USIPF | 1&lt;&lt;USIDC | 0x0&lt;&lt;USICNT0;
                                                                        ^~~~~
/home/ec2-user/arduino-testlib/cli-datadir/user/libraries/ssd1306xled/ssd1306xled.h:62:85: error: &#39;USICNT0&#39; was not declared in this scope
 const unsigned char USISR_8bit = 1&lt;&lt;USISIF | 1&lt;&lt;USIOIF | 1&lt;&lt;USIPF | 1&lt;&lt;USIDC | 0x0&lt;&lt;USICNT0;
                                                                                     ^~~~~~~
/home/ec2-user/arduino-testlib/cli-datadir/user/libraries/ssd1306xled/ssd1306xled.h:62:85: note: suggested alternative: &#39;INT0&#39;
 const unsigned char USISR_8bit = 1&lt;&lt;USISIF | 1&lt;&lt;USIOIF | 1&lt;&lt;USIPF | 1&lt;&lt;USIDC | 0x0&lt;&lt;USICNT0;
                                                                                     ^~~~~~~
                                                                                     INT0
/home/ec2-user/arduino-testlib/cli-datadir/user/libraries/ssd1306xled/ssd1306xled.h:64:37: error: &#39;USISIF&#39; was not declared in this scope
 const unsigned char USISR_1bit = 1&lt;&lt;USISIF | 1&lt;&lt;USIOIF | 1&lt;&lt;USIPF | 1&lt;&lt;USIDC | 0xE&lt;&lt;USICNT0;
                                     ^~~~~~
/home/ec2-user/arduino-testlib/cli-datadir/user/libraries/ssd1306xled/ssd1306xled.h:64:37: note: suggested alternative: &#39;SPIF&#39;
 const unsigned char USISR_1bit = 1&lt;&lt;USISIF | 1&lt;&lt;USIOIF | 1&lt;&lt;USIPF | 1&lt;&lt;USIDC | 0xE&lt;&lt;USICNT0;
                                     ^~~~~~
                                     SPIF
/home/ec2-user/arduino-testlib/cli-datadir/user/libraries/ssd1306xled/ssd1306xled.h:64:49: error: &#39;USIOIF&#39; was not declared in this scope
 const unsigned char USISR_1bit = 1&lt;&lt;USISIF | 1&lt;&lt;USIOIF | 1&lt;&lt;USIPF | 1&lt;&lt;USIDC | 0xE&lt;&lt;USICNT0;
                                                 ^~~~~~
/home/ec2-user/arduino-testlib/cli-datadir/user/libraries/ssd1306xled/ssd1306xled.h:64:49: note: suggested alternative: &#39;SPIF&#39;
 const unsigned char USISR_1bit = 1&lt;&lt;USISIF | 1&lt;&lt;USIOIF | 1&lt;&lt;USIPF | 1&lt;&lt;USIDC | 0xE&lt;&lt;USICNT0;
                                                 ^~~~~~
                                                 SPIF
/home/ec2-user/arduino-testlib/cli-datadir/user/libraries/ssd1306xled/ssd1306xled.h:64:61: error: &#39;USIPF&#39; was not declared in this scope
 const unsigned char USISR_1bit = 1&lt;&lt;USISIF | 1&lt;&lt;USIOIF | 1&lt;&lt;USIPF | 1&lt;&lt;USIDC | 0xE&lt;&lt;USICNT0;
                                                             ^~~~~
/home/ec2-user/arduino-testlib/cli-datadir/user/libraries/ssd1306xled/ssd1306xled.h:64:72: error: &#39;USIDC&#39; was not declared in this scope
 const unsigned char USISR_1bit = 1&lt;&lt;USISIF | 1&lt;&lt;USIOIF | 1&lt;&lt;USIPF | 1&lt;&lt;USIDC | 0xE&lt;&lt;USICNT0;
                                                                        ^~~~~
/home/ec2-user/arduino-testlib/cli-datadir/user/libraries/ssd1306xled/ssd1306xled.h:64:85: error: &#39;USICNT0&#39; was not declared in this scope
 const unsigned char USISR_1bit = 1&lt;&lt;USISIF | 1&lt;&lt;USIOIF | 1&lt;&lt;USIPF | 1&lt;&lt;USIDC | 0xE&lt;&lt;USICNT0;
                                                                                     ^~~~~~~
/home/ec2-user/arduino-testlib/cli-datadir/user/libraries/ssd1306xled/ssd1306xled.h:64:85: note: suggested alternative: &#39;INT0&#39;
 const unsigned char USISR_1bit = 1&lt;&lt;USISIF | 1&lt;&lt;USIOIF | 1&lt;&lt;USIPF | 1&lt;&lt;USIDC | 0xE&lt;&lt;USICNT0;
                                                                                     ^~~~~~~
                                                                                     INT0
Multiple libraries were found for &#34;font6x8.h&#34;
  Used: /home/ec2-user/arduino-testlib/cli-datadir/user/libraries/ssd1306xled
  Not used: /home/ec2-user/arduino-testlib/cli-datadir/user/libraries/Tiny4kOLED
  Not used: /home/ec2-user/arduino-testlib/cli-datadir/user/libraries/ssd1306
</pre>
					
				
				<h3 id="arduino:mbed_nano:nanorp2040connect">arduino:mbed_nano:nanorp2040connect @ 2.7.2</h3>
				<h4>Inclusion</h4>
				<p>
					Result: <b>FAIL</b>
					
				</p>
				<pre class="pre-scrollable">In file included from /tmp/arduino-testlib48219557/test/test.ino:1:0:
/home/ec2-user/arduino-testlib/cli-datadir/user/libraries/ssd1306xled/ssd1306xled.h:17:10: fatal error: util/delay.h: No such file or directory
 #include &lt;util/delay.h&gt;
          ^~~~~~~~~~~~~~
compilation terminated.

</pre>

					
					<h4>examples/OLED_demo</h4>
					<p>
						Result: <b>FAIL</b>
					</p>
					<pre class="pre-scrollable">In file included from /home/ec2-user/arduino-testlib/cli-datadir/user/libraries/ssd1306xled/examples/OLED_demo/OLED_demo.ino:4:0:
/home/ec2-user/arduino-testlib/cli-datadir/user/libraries/ssd1306xled/ssd1306xled.h:17:10: fatal error: util/delay.h: No such file or directory
 #include &lt;util/delay.h&gt;
          ^~~~~~~~~~~~~~
compilation terminated.
Multiple libraries were found for &#34;font6x8.h&#34;
  Used: /home/ec2-user/arduino-testlib/cli-datadir/user/libraries/ssd1306xled
  Not used: /home/ec2-user/arduino-testlib/cli-datadir/user/libraries/ssd1306
  Not used: /home/ec2-user/arduino-testlib/cli-datadir/user/libraries/Tiny4kOLED
</pre>
					
				
				<h3 id="arduino:megaavr:nona4809">arduino:megaavr:nona4809 @ 1.8.7</h3>
				<h4>Inclusion</h4>
				<p>
					Result: <b>FAIL</b>
					
				</p>
				<pre class="pre-scrollable">In file included from /tmp/arduino-testlib48219557/test/test.ino:1:0:
/home/ec2-user/arduino-testlib/cli-datadir/user/libraries/ssd1306xled/ssd1306xled.h:62:37: error: &#39;USISIF&#39; was not declared in this scope
 const unsigned char USISR_8bit = 1&lt;&lt;USISIF | 1&lt;&lt;USIOIF | 1&lt;&lt;USIPF | 1&lt;&lt;USIDC | 0x0&lt;&lt;USICNT0;
                                     ^~~~~~
/home/ec2-user/arduino-testlib/cli-datadir/user/libraries/ssd1306xled/ssd1306xled.h:62:49: error: &#39;USIOIF&#39; was not declared in this scope
 const unsigned char USISR_8bit = 1&lt;&lt;USISIF | 1&lt;&lt;USIOIF | 1&lt;&lt;USIPF | 1&lt;&lt;USIDC | 0x0&lt;&lt;USICNT0;
                                                 ^~~~~~
/home/ec2-user/arduino-testlib/cli-datadir/user/libraries/ssd1306xled/ssd1306xled.h:62:61: error: &#39;USIPF&#39; was not declared in this scope
 const unsigned char USISR_8bit = 1&lt;&lt;USISIF | 1&lt;&lt;USIOIF | 1&lt;&lt;USIPF | 1&lt;&lt;USIDC | 0x0&lt;&lt;USICNT0;
                                                             ^~~~~
/home/ec2-user/arduino-testlib/cli-datadir/user/libraries/ssd1306xled/ssd1306xled.h:62:72: error: &#39;USIDC&#39; was not declared in this scope
 const unsigned char USISR_8bit = 1&lt;&lt;USISIF | 1&lt;&lt;USIOIF | 1&lt;&lt;USIPF | 1&lt;&lt;USIDC | 0x0&lt;&lt;USICNT0;
                                                                        ^~~~~
/home/ec2-user/arduino-testlib/cli-datadir/user/libraries/ssd1306xled/ssd1306xled.h:62:85: error: &#39;USICNT0&#39; was not declared in this scope
 const unsigned char USISR_8bit = 1&lt;&lt;USISIF | 1&lt;&lt;USIOIF | 1&lt;&lt;USIPF | 1&lt;&lt;USIDC | 0x0&lt;&lt;USICNT0;
                                                                                     ^~~~~~~
/home/ec2-user/arduino-testlib/cli-datadir/user/libraries/ssd1306xled/ssd1306xled.h:62:85: note: suggested alternative: &#39;USART0&#39;
 const unsigned char USISR_8bit = 1&lt;&lt;USISIF | 1&lt;&lt;USIOIF | 1&lt;&lt;USIPF | 1&lt;&lt;USIDC | 0x0&lt;&lt;USICNT0;
                                                                                     ^~~~~~~
                                                                                     USART0
/home/ec2-user/arduino-testlib/cli-datadir/user/libraries/ssd1306xled/ssd1306xled.h:64:37: error: &#39;USISIF&#39; was not declared in this scope
 const unsigned char USISR_1bit = 1&lt;&lt;USISIF | 1&lt;&lt;USIOIF | 1&lt;&lt;USIPF | 1&lt;&lt;USIDC | 0xE&lt;&lt;USICNT0;
                                     ^~~~~~
/home/ec2-user/arduino-testlib/cli-datadir/user/libraries/ssd1306xled/ssd1306xled.h:64:49: error: &#39;USIOIF&#39; was not declared in this scope
 const unsigned char USISR_1bit = 1&lt;&lt;USISIF | 1&lt;&lt;USIOIF | 1&lt;&lt;USIPF | 1&lt;&lt;USIDC | 0xE&lt;&lt;USICNT0;
                                                 ^~~~~~
/home/ec2-user/arduino-testlib/cli-datadir/user/libraries/ssd1306xled/ssd1306xled.h:64:61: error: &#39;USIPF&#39; was not declared in this scope
 const unsigned char USISR_1bit = 1&lt;&lt;USISIF | 1&lt;&lt;USIOIF | 1&lt;&lt;USIPF | 1&lt;&lt;USIDC | 0xE&lt;&lt;USICNT0;
                                                             ^~~~~
/home/ec2-user/arduino-testlib/cli-datadir/user/libraries/ssd1306xled/ssd1306xled.h:64:72: error: &#39;USIDC&#39; was not declared in this scope
 const unsigned char USISR_1bit = 1&lt;&lt;USISIF | 1&lt;&lt;USIOIF | 1&lt;&lt;USIPF | 1&lt;&lt;USIDC | 0xE&lt;&lt;USICNT0;
                                                                        ^~~~~
/home/ec2-user/arduino-testlib/cli-datadir/user/libraries/ssd1306xled/ssd1306xled.h:64:85: error: &#39;USICNT0&#39; was not declared in this scope
 const unsigned char USISR_1bit = 1&lt;&lt;USISIF | 1&lt;&lt;USIOIF | 1&lt;&lt;USIPF | 1&lt;&lt;USIDC | 0xE&lt;&lt;USICNT0;
                                                                                     ^~~~~~~
/home/ec2-user/arduino-testlib/cli-datadir/user/libraries/ssd1306xled/ssd1306xled.h:64:85: note: suggested alternative: &#39;USART0&#39;
 const unsigned char USISR_1bit = 1&lt;&lt;USISIF | 1&lt;&lt;USIOIF | 1&lt;&lt;USIPF | 1&lt;&lt;USIDC | 0xE&lt;&lt;USICNT0;
                                                                                     ^~~~~~~
                                                                                     USART0

</pre>

					
					<h4>examples/OLED_demo</h4>
					<p>
						Result: <b>FAIL</b>
					</p>
					<pre class="pre-scrollable">In file included from /home/ec2-user/arduino-testlib/cli-datadir/user/libraries/ssd1306xled/examples/OLED_demo/OLED_demo.ino:4:0:
/home/ec2-user/arduino-testlib/cli-datadir/user/libraries/ssd1306xled/ssd1306xled.h:62:37: error: &#39;USISIF&#39; was not declared in this scope
 const unsigned char USISR_8bit = 1&lt;&lt;USISIF | 1&lt;&lt;USIOIF | 1&lt;&lt;USIPF | 1&lt;&lt;USIDC | 0x0&lt;&lt;USICNT0;
                                     ^~~~~~
/home/ec2-user/arduino-testlib/cli-datadir/user/libraries/ssd1306xled/ssd1306xled.h:62:49: error: &#39;USIOIF&#39; was not declared in this scope
 const unsigned char USISR_8bit = 1&lt;&lt;USISIF | 1&lt;&lt;USIOIF | 1&lt;&lt;USIPF | 1&lt;&lt;USIDC | 0x0&lt;&lt;USICNT0;
                                                 ^~~~~~
/home/ec2-user/arduino-testlib/cli-datadir/user/libraries/ssd1306xled/ssd1306xled.h:62:61: error: &#39;USIPF&#39; was not declared in this scope
 const unsigned char USISR_8bit = 1&lt;&lt;USISIF | 1&lt;&lt;USIOIF | 1&lt;&lt;USIPF | 1&lt;&lt;USIDC | 0x0&lt;&lt;USICNT0;
                                                             ^~~~~
/home/ec2-user/arduino-testlib/cli-datadir/user/libraries/ssd1306xled/ssd1306xled.h:62:72: error: &#39;USIDC&#39; was not declared in this scope
 const unsigned char USISR_8bit = 1&lt;&lt;USISIF | 1&lt;&lt;USIOIF | 1&lt;&lt;USIPF | 1&lt;&lt;USIDC | 0x0&lt;&lt;USICNT0;
                                                                        ^~~~~
/home/ec2-user/arduino-testlib/cli-datadir/user/libraries/ssd1306xled/ssd1306xled.h:62:85: error: &#39;USICNT0&#39; was not declared in this scope
 const unsigned char USISR_8bit = 1&lt;&lt;USISIF | 1&lt;&lt;USIOIF | 1&lt;&lt;USIPF | 1&lt;&lt;USIDC | 0x0&lt;&lt;USICNT0;
                                                                                     ^~~~~~~
/home/ec2-user/arduino-testlib/cli-datadir/user/libraries/ssd1306xled/ssd1306xled.h:62:85: note: suggested alternative: &#39;USART0&#39;
 const unsigned char USISR_8bit = 1&lt;&lt;USISIF | 1&lt;&lt;USIOIF | 1&lt;&lt;USIPF | 1&lt;&lt;USIDC | 0x0&lt;&lt;USICNT0;
                                                                                     ^~~~~~~
                                                                                     USART0
/home/ec2-user/arduino-testlib/cli-datadir/user/libraries/ssd1306xled/ssd1306xled.h:64:37: error: &#39;USISIF&#39; was not declared in this scope
 const unsigned char USISR_1bit = 1&lt;&lt;USISIF | 1&lt;&lt;USIOIF | 1&lt;&lt;USIPF | 1&lt;&lt;USIDC | 0xE&lt;&lt;USICNT0;
                                     ^~~~~~
/home/ec2-user/arduino-testlib/cli-datadir/user/libraries/ssd1306xled/ssd1306xled.h:64:49: error: &#39;USIOIF&#39; was not declared in this scope
 const unsigned char USISR_1bit = 1&lt;&lt;USISIF | 1&lt;&lt;USIOIF | 1&lt;&lt;USIPF | 1&lt;&lt;USIDC | 0xE&lt;&lt;USICNT0;
                                                 ^~~~~~
/home/ec2-user/arduino-testlib/cli-datadir/user/libraries/ssd1306xled/ssd1306xled.h:64:61: error: &#39;USIPF&#39; was not declared in this scope
 const unsigned char USISR_1bit = 1&lt;&lt;USISIF | 1&lt;&lt;USIOIF | 1&lt;&lt;USIPF | 1&lt;&lt;USIDC | 0xE&lt;&lt;USICNT0;
                                                             ^~~~~
/home/ec2-user/arduino-testlib/cli-datadir/user/libraries/ssd1306xled/ssd1306xled.h:64:72: error: &#39;USIDC&#39; was not declared in this scope
 const unsigned char USISR_1bit = 1&lt;&lt;USISIF | 1&lt;&lt;USIOIF | 1&lt;&lt;USIPF | 1&lt;&lt;USIDC | 0xE&lt;&lt;USICNT0;
                                                                        ^~~~~
/home/ec2-user/arduino-testlib/cli-datadir/user/libraries/ssd1306xled/ssd1306xled.h:64:85: error: &#39;USICNT0&#39; was not declared in this scope
 const unsigned char USISR_1bit = 1&lt;&lt;USISIF | 1&lt;&lt;USIOIF | 1&lt;&lt;USIPF | 1&lt;&lt;USIDC | 0xE&lt;&lt;USICNT0;
                                                                                     ^~~~~~~
/home/ec2-user/arduino-testlib/cli-datadir/user/libraries/ssd1306xled/ssd1306xled.h:64:85: note: suggested alternative: &#39;USART0&#39;
 const unsigned char USISR_1bit = 1&lt;&lt;USISIF | 1&lt;&lt;USIOIF | 1&lt;&lt;USIPF | 1&lt;&lt;USIDC | 0xE&lt;&lt;USICNT0;
                                                                                     ^~~~~~~
                                                                                     USART0
Multiple libraries were found for &#34;font6x8.h&#34;
  Used: /home/ec2-user/arduino-testlib/cli-datadir/user/libraries/ssd1306xled
  Not used: /home/ec2-user/arduino-testlib/cli-datadir/user/libraries/ssd1306
  Not used: /home/ec2-user/arduino-testlib/cli-datadir/user/libraries/Tiny4kOLED
</pre>
					
				
				<h3 id="arduino:samd:mkrwifi1010">arduino:samd:mkrwifi1010 @ 1.8.12</h3>
				<h4>Inclusion</h4>
				<p>
					Result: <b>FAIL</b>
					
				</p>
				<pre class="pre-scrollable">In file included from /tmp/arduino-testlib48219557/test/test.ino:1:0:
/home/ec2-user/arduino-testlib/cli-datadir/user/libraries/ssd1306xled/ssd1306xled.h:17:10: fatal error: util/delay.h: No such file or directory
 #include &lt;util/delay.h&gt;
          ^~~~~~~~~~~~~~
compilation terminated.

</pre>

					
					<h4>examples/OLED_demo</h4>
					<p>
						Result: <b>FAIL</b>
					</p>
					<pre class="pre-scrollable">In file included from /home/ec2-user/arduino-testlib/cli-datadir/user/libraries/ssd1306xled/examples/OLED_demo/OLED_demo.ino:4:0:
/home/ec2-user/arduino-testlib/cli-datadir/user/libraries/ssd1306xled/ssd1306xled.h:17:10: fatal error: util/delay.h: No such file or directory
 #include &lt;util/delay.h&gt;
          ^~~~~~~~~~~~~~
compilation terminated.
Multiple libraries were found for &#34;font6x8.h&#34;
  Used: /home/ec2-user/arduino-testlib/cli-datadir/user/libraries/ssd1306xled
  Not used: /home/ec2-user/arduino-testlib/cli-datadir/user/libraries/Tiny4kOLED
  Not used: /home/ec2-user/arduino-testlib/cli-datadir/user/libraries/ssd1306
</pre>
					
				
				<h3 id="esp32:esp32:d1_mini32">esp32:esp32:d1_mini32 @ 1.0.6</h3>
				<h4>Inclusion</h4>
				<p>
					Result: <b>FAIL</b>
					
				</p>
				<pre class="pre-scrollable">In file included from /tmp/arduino-testlib48219557/test/test.ino:1:0:
/home/ec2-user/arduino-testlib/cli-datadir/user/libraries/ssd1306xled/ssd1306xled.h:17:24: fatal error: util/delay.h: No such file or directory
compilation terminated.

</pre>

					
					<h4>examples/OLED_demo</h4>
					<p>
						Result: <b>FAIL</b>
					</p>
					<pre class="pre-scrollable">In file included from /home/ec2-user/arduino-testlib/cli-datadir/user/libraries/ssd1306xled/examples/OLED_demo/OLED_demo.ino:2:0:
/home/ec2-user/arduino-testlib/cli-datadir/user/libraries/ssd1306xled/font6x8.h:13:26: fatal error: avr/pgmspace.h: No such file or directory
compilation terminated.
Multiple libraries were found for &#34;font6x8.h&#34;
  Used: /home/ec2-user/arduino-testlib/cli-datadir/user/libraries/ssd1306xled
  Not used: /home/ec2-user/arduino-testlib/cli-datadir/user/libraries/ssd1306
  Not used: /home/ec2-user/arduino-testlib/cli-datadir/user/libraries/Tiny4kOLED
</pre>
					
				
			</div>
		</div>
	</div>
  </body>
</html>
