
<!doctype html>
<html lang="en">
  <head>
    <meta charset="utf-8">
    <meta name="viewport" content="width=device-width, initial-scale=1">
    <link href="https://cdn.jsdelivr.net/npm/bootstrap@5.0.2/dist/css/bootstrap.min.css" rel="stylesheet" integrity="sha384-EVSTQN3/azprG1Anm3QDgpJLIm9Nao0Yz1ztcQTwFspd3yD65VohhpuuCOmLASjC" crossorigin="anonymous">
    <title>arduino-testlib report</title>
	<style>
	.pass { background-color: #00FF00 !important; }
	.fail { background-color: #FF0000 !important; }
	</style>
  </head>
  <body>
	<div class="container">
		<div class="row">
			<div class="col">
				<h1>Stator - compatibility matrix</h1>
				<p>
					<small>This report was generated on Monday, 21-Feb-22 12:00:25 CET using 
					<a href="https://github.com/alranel/arduino-testlib">arduino-testlib</a>.</small>
				</p>

				<h2>Stator</h2>
				<p>
					Version: <b>0.6.0</b>
					<br />
					<a href="https://www.arduino.cc/reference/en/libraries/stator/">More details</a>
				</p>

				<h2>Compatibility matrix</h2>
				<table class="table table-bordered">
					<tr>
						<th>Board</th>
						<th>Claims compatibility</th>
						<th>Inclusion</th>
						
						<th><pre>DebounceAnalogSensor</pre></th>
						
						<th><pre>MultipleStates</pre></th>
						
						<th><pre>SingleState</pre></th>
						
						<th><pre>WaitForChange</pre></th>
						
					</tr>
					
					<tr>
						<td>
							<a href="#arduino%3aavr%3auno"><b>arduino:avr:uno</b></a>
							<br />
							<small>1.8.4</small>
						</td>

						
						
						
							<td>Yes ⚠️</td>
							<td class="fail">FAIL</td>
						
						

						
							
								
									
										
											
											<td class="fail">FAIL</td>
										
									
										
									
										
									
										
									
								
							
								
							
								
							
								
							
								
							
						
							
								
									
										
									
										
											
											<td class="fail">FAIL</td>
										
									
										
									
										
									
								
							
								
							
								
							
								
							
								
							
						
							
								
									
										
									
										
									
										
											
											<td class="fail">FAIL</td>
										
									
										
									
								
							
								
							
								
							
								
							
								
							
						
							
								
									
										
									
										
									
										
									
										
											
											<td class="fail">FAIL</td>
										
									
								
							
								
							
								
							
								
							
								
							
						
					</tr>
					
					<tr>
						<td>
							<a href="#arduino%3ambed_nano%3ananorp2040connect"><b>arduino:mbed_nano:nanorp2040connect</b></a>
							<br />
							<small>2.7.2</small>
						</td>

						
							<td>Yes</td>
							<td class="pass">PASS</td>
						
						
						
						

						
							
								
							
								
									
										
											<td class="pass">PASS</td>
											
										
									
										
									
										
									
										
									
								
							
								
							
								
							
								
							
						
							
								
							
								
									
										
									
										
											
											<td class="fail">FAIL</td>
										
									
										
									
										
									
								
							
								
							
								
							
								
							
						
							
								
							
								
									
										
									
										
									
										
											
											<td class="fail">FAIL</td>
										
									
										
									
								
							
								
							
								
							
								
							
						
							
								
							
								
									
										
									
										
									
										
									
										
											<td class="pass">PASS</td>
											
										
									
								
							
								
							
								
							
								
							
						
					</tr>
					
					<tr>
						<td>
							<a href="#arduino%3amegaavr%3anona4809"><b>arduino:megaavr:nona4809</b></a>
							<br />
							<small>1.8.7</small>
						</td>

						
						
						
							<td>Yes ⚠️</td>
							<td class="fail">FAIL</td>
						
						

						
							
								
							
								
							
								
									
										
											
											<td class="fail">FAIL</td>
										
									
										
									
										
									
										
									
								
							
								
							
								
							
						
							
								
							
								
							
								
									
										
									
										
											
											<td class="fail">FAIL</td>
										
									
										
									
										
									
								
							
								
							
								
							
						
							
								
							
								
							
								
									
										
									
										
									
										
											
											<td class="fail">FAIL</td>
										
									
										
									
								
							
								
							
								
							
						
							
								
							
								
							
								
									
										
									
										
									
										
									
										
											
											<td class="fail">FAIL</td>
										
									
								
							
								
							
								
							
						
					</tr>
					
					<tr>
						<td>
							<a href="#arduino%3asamd%3amkrwifi1010"><b>arduino:samd:mkrwifi1010</b></a>
							<br />
							<small>1.8.12</small>
						</td>

						
							<td>Yes</td>
							<td class="pass">PASS</td>
						
						
						
						

						
							
								
							
								
							
								
							
								
									
										
											<td class="pass">PASS</td>
											
										
									
										
									
										
									
										
									
								
							
								
							
						
							
								
							
								
							
								
							
								
									
										
									
										
											
											<td class="fail">FAIL</td>
										
									
										
									
										
									
								
							
								
							
						
							
								
							
								
							
								
							
								
									
										
									
										
									
										
											
											<td class="fail">FAIL</td>
										
									
										
									
								
							
								
							
						
							
								
							
								
							
								
							
								
									
										
									
										
									
										
									
										
											<td class="pass">PASS</td>
											
										
									
								
							
								
							
						
					</tr>
					
					<tr>
						<td>
							<a href="#esp32%3aesp32%3ad1_mini32"><b>esp32:esp32:d1_mini32</b></a>
							<br />
							<small>1.0.6</small>
						</td>

						
							<td>Yes</td>
							<td class="pass">PASS</td>
						
						
						
						

						
							
								
							
								
							
								
							
								
							
								
									
										
											<td class="pass">PASS</td>
											
										
									
										
									
										
									
										
									
								
							
						
							
								
							
								
							
								
							
								
							
								
									
										
									
										
											
											<td class="fail">FAIL</td>
										
									
										
									
										
									
								
							
						
							
								
							
								
							
								
							
								
							
								
									
										
									
										
									
										
											
											<td class="fail">FAIL</td>
										
									
										
									
								
							
						
							
								
							
								
							
								
							
								
							
								
									
										
									
										
									
										
									
										
											<td class="pass">PASS</td>
											
										
									
								
							
						
					</tr>
					
				</table>

				<h2>Compilation logs</h2>
				
				<h3 id="arduino:avr:uno">arduino:avr:uno @ 1.8.4</h3>
				<h4>Inclusion</h4>
				<p>
					Result: <b>FAIL</b>
					
				</p>
				<pre class="pre-scrollable">In file included from /tmp/arduino-testlib3070487101/test/test.ino:1:0:
/home/ec2-user/arduino-testlib/cli-datadir/user/libraries/Stator/src/Stator.h:4:10: fatal error: type_traits: No such file or directory
 #include &lt;type_traits&gt;
          ^~~~~~~~~~~~~
compilation terminated.

</pre>

					
					<h4>examples/DebounceAnalogSensor</h4>
					<p>
						Result: <b>FAIL</b>
					</p>
					<pre class="pre-scrollable">In file included from /home/ec2-user/arduino-testlib/cli-datadir/user/libraries/Stator/examples/DebounceAnalogSensor/DebounceAnalogSensor.ino:1:0:
/home/ec2-user/arduino-testlib/cli-datadir/user/libraries/Stator/src/Stator.h:4:10: fatal error: type_traits: No such file or directory
 #include &lt;type_traits&gt;
          ^~~~~~~~~~~~~
compilation terminated.

</pre>
					
					<h4>examples/MultipleStates</h4>
					<p>
						Result: <b>FAIL</b>
					</p>
					<pre class="pre-scrollable">In file included from /home/ec2-user/arduino-testlib/cli-datadir/user/libraries/Stator/examples/MultipleStates/MultipleStates.ino:1:0:
/home/ec2-user/arduino-testlib/cli-datadir/user/libraries/Stator/src/Stator.h:4:10: fatal error: type_traits: No such file or directory
 #include &lt;type_traits&gt;
          ^~~~~~~~~~~~~
compilation terminated.

</pre>
					
					<h4>examples/SingleState</h4>
					<p>
						Result: <b>FAIL</b>
					</p>
					<pre class="pre-scrollable">In file included from /home/ec2-user/arduino-testlib/cli-datadir/user/libraries/Stator/examples/SingleState/SingleState.ino:1:0:
/home/ec2-user/arduino-testlib/cli-datadir/user/libraries/Stator/src/Stator.h:4:10: fatal error: type_traits: No such file or directory
 #include &lt;type_traits&gt;
          ^~~~~~~~~~~~~
compilation terminated.

</pre>
					
					<h4>examples/WaitForChange</h4>
					<p>
						Result: <b>FAIL</b>
					</p>
					<pre class="pre-scrollable">In file included from /home/ec2-user/arduino-testlib/cli-datadir/user/libraries/Stator/examples/WaitForChange/WaitForChange.ino:1:0:
/home/ec2-user/arduino-testlib/cli-datadir/user/libraries/Stator/src/Stator.h:4:10: fatal error: type_traits: No such file or directory
 #include &lt;type_traits&gt;
          ^~~~~~~~~~~~~
compilation terminated.

</pre>
					
				
				<h3 id="arduino:mbed_nano:nanorp2040connect">arduino:mbed_nano:nanorp2040connect @ 2.7.2</h3>
				<h4>Inclusion</h4>
				<p>
					Result: <b>PASS</b>
					
				</p>
				<pre class="pre-scrollable">Sketch uses 78756 bytes (0%) of program storage space. Maximum is 16777216 bytes.
Global variables use 43444 bytes (16%) of dynamic memory, leaving 226892 bytes for local variables. Maximum is 270336 bytes.
</pre>

					
					<h4>examples/DebounceAnalogSensor</h4>
					<p>
						Result: <b>PASS</b>
					</p>
					<pre class="pre-scrollable">Sketch uses 79612 bytes (0%) of program storage space. Maximum is 16777216 bytes.
Global variables use 43540 bytes (16%) of dynamic memory, leaving 226796 bytes for local variables. Maximum is 270336 bytes.
</pre>
					
					<h4>examples/MultipleStates</h4>
					<p>
						Result: <b>FAIL</b>
					</p>
					<pre class="pre-scrollable">/home/ec2-user/arduino-testlib/cli-datadir/user/libraries/Stator/examples/MultipleStates/MultipleStates.ino: In function &#39;void setup()&#39;:
/home/ec2-user/arduino-testlib/cli-datadir/user/libraries/Stator/examples/MultipleStates/MultipleStates.ino:10:9: error: &#39;class Stator&lt;int&gt;&#39; has no member named &#39;set&#39;
  apples.set(18);
         ^~~
/home/ec2-user/arduino-testlib/cli-datadir/user/libraries/Stator/examples/MultipleStates/MultipleStates.ino:11:10: error: &#39;class Stator&lt;int&gt;&#39; has no member named &#39;set&#39;
  bananas.set(12);
          ^~~
/home/ec2-user/arduino-testlib/cli-datadir/user/libraries/Stator/examples/MultipleStates/MultipleStates.ino: In function &#39;void loop()&#39;:
/home/ec2-user/arduino-testlib/cli-datadir/user/libraries/Stator/examples/MultipleStates/MultipleStates.ino:15:9: error: &#39;class Stator&lt;int&gt;&#39; has no member named &#39;set&#39;
  apples.set(32);
         ^~~
/home/ec2-user/arduino-testlib/cli-datadir/user/libraries/Stator/examples/MultipleStates/MultipleStates.ino:16:10: error: &#39;class Stator&lt;int&gt;&#39; has no member named &#39;set&#39;
  bananas.set(32);
          ^~~
/home/ec2-user/arduino-testlib/cli-datadir/user/libraries/Stator/examples/MultipleStates/MultipleStates.ino:24:9: error: &#39;class Stator&lt;int&gt;&#39; has no member named &#39;set&#39;
  apples.set(18);
         ^~~
/home/ec2-user/arduino-testlib/cli-datadir/user/libraries/Stator/examples/MultipleStates/MultipleStates.ino:25:10: error: &#39;class Stator&lt;int&gt;&#39; has no member named &#39;set&#39;
  bananas.set(12);
          ^~~

</pre>
					
					<h4>examples/SingleState</h4>
					<p>
						Result: <b>FAIL</b>
					</p>
					<pre class="pre-scrollable">/home/ec2-user/arduino-testlib/cli-datadir/user/libraries/Stator/examples/SingleState/SingleState.ino: In function &#39;void loop()&#39;:
/home/ec2-user/arduino-testlib/cli-datadir/user/libraries/Stator/examples/SingleState/SingleState.ino:23:26: error: &#39;class Stator&lt;int&gt;&#39; has no member named &#39;get&#39;
   Serial.println(myState.get());
                          ^~~

</pre>
					
					<h4>examples/WaitForChange</h4>
					<p>
						Result: <b>PASS</b>
					</p>
					<pre class="pre-scrollable">Sketch uses 79596 bytes (0%) of program storage space. Maximum is 16777216 bytes.
Global variables use 43540 bytes (16%) of dynamic memory, leaving 226796 bytes for local variables. Maximum is 270336 bytes.
</pre>
					
				
				<h3 id="arduino:megaavr:nona4809">arduino:megaavr:nona4809 @ 1.8.7</h3>
				<h4>Inclusion</h4>
				<p>
					Result: <b>FAIL</b>
					
				</p>
				<pre class="pre-scrollable">In file included from /tmp/arduino-testlib2376812125/test/test.ino:1:0:
/home/ec2-user/arduino-testlib/cli-datadir/user/libraries/Stator/src/Stator.h:4:10: fatal error: type_traits: No such file or directory
 #include &lt;type_traits&gt;
          ^~~~~~~~~~~~~
compilation terminated.

</pre>

					
					<h4>examples/DebounceAnalogSensor</h4>
					<p>
						Result: <b>FAIL</b>
					</p>
					<pre class="pre-scrollable">In file included from /home/ec2-user/arduino-testlib/cli-datadir/user/libraries/Stator/examples/DebounceAnalogSensor/DebounceAnalogSensor.ino:1:0:
/home/ec2-user/arduino-testlib/cli-datadir/user/libraries/Stator/src/Stator.h:4:10: fatal error: type_traits: No such file or directory
 #include &lt;type_traits&gt;
          ^~~~~~~~~~~~~
compilation terminated.

</pre>
					
					<h4>examples/MultipleStates</h4>
					<p>
						Result: <b>FAIL</b>
					</p>
					<pre class="pre-scrollable">In file included from /home/ec2-user/arduino-testlib/cli-datadir/user/libraries/Stator/examples/MultipleStates/MultipleStates.ino:1:0:
/home/ec2-user/arduino-testlib/cli-datadir/user/libraries/Stator/src/Stator.h:4:10: fatal error: type_traits: No such file or directory
 #include &lt;type_traits&gt;
          ^~~~~~~~~~~~~
compilation terminated.

</pre>
					
					<h4>examples/SingleState</h4>
					<p>
						Result: <b>FAIL</b>
					</p>
					<pre class="pre-scrollable">In file included from /home/ec2-user/arduino-testlib/cli-datadir/user/libraries/Stator/examples/SingleState/SingleState.ino:1:0:
/home/ec2-user/arduino-testlib/cli-datadir/user/libraries/Stator/src/Stator.h:4:10: fatal error: type_traits: No such file or directory
 #include &lt;type_traits&gt;
          ^~~~~~~~~~~~~
compilation terminated.

</pre>
					
					<h4>examples/WaitForChange</h4>
					<p>
						Result: <b>FAIL</b>
					</p>
					<pre class="pre-scrollable">In file included from /home/ec2-user/arduino-testlib/cli-datadir/user/libraries/Stator/examples/WaitForChange/WaitForChange.ino:1:0:
/home/ec2-user/arduino-testlib/cli-datadir/user/libraries/Stator/src/Stator.h:4:10: fatal error: type_traits: No such file or directory
 #include &lt;type_traits&gt;
          ^~~~~~~~~~~~~
compilation terminated.

</pre>
					
				
				<h3 id="arduino:samd:mkrwifi1010">arduino:samd:mkrwifi1010 @ 1.8.12</h3>
				<h4>Inclusion</h4>
				<p>
					Result: <b>PASS</b>
					
				</p>
				<pre class="pre-scrollable">Sketch uses 12156 bytes (4%) of program storage space. Maximum is 262144 bytes.
Global variables use 2996 bytes (9%) of dynamic memory, leaving 29772 bytes for local variables. Maximum is 32768 bytes.
</pre>

					
					<h4>examples/DebounceAnalogSensor</h4>
					<p>
						Result: <b>PASS</b>
					</p>
					<pre class="pre-scrollable">Sketch uses 12644 bytes (4%) of program storage space. Maximum is 262144 bytes.
Global variables use 3016 bytes (9%) of dynamic memory, leaving 29752 bytes for local variables. Maximum is 32768 bytes.
</pre>
					
					<h4>examples/MultipleStates</h4>
					<p>
						Result: <b>FAIL</b>
					</p>
					<pre class="pre-scrollable">/home/ec2-user/arduino-testlib/cli-datadir/user/libraries/Stator/examples/MultipleStates/MultipleStates.ino: In function &#39;void setup()&#39;:
/home/ec2-user/arduino-testlib/cli-datadir/user/libraries/Stator/examples/MultipleStates/MultipleStates.ino:10:9: error: &#39;class Stator&lt;int&gt;&#39; has no member named &#39;set&#39;
  apples.set(18);
         ^~~
/home/ec2-user/arduino-testlib/cli-datadir/user/libraries/Stator/examples/MultipleStates/MultipleStates.ino:11:10: error: &#39;class Stator&lt;int&gt;&#39; has no member named &#39;set&#39;
  bananas.set(12);
          ^~~
/home/ec2-user/arduino-testlib/cli-datadir/user/libraries/Stator/examples/MultipleStates/MultipleStates.ino: In function &#39;void loop()&#39;:
/home/ec2-user/arduino-testlib/cli-datadir/user/libraries/Stator/examples/MultipleStates/MultipleStates.ino:15:9: error: &#39;class Stator&lt;int&gt;&#39; has no member named &#39;set&#39;
  apples.set(32);
         ^~~
/home/ec2-user/arduino-testlib/cli-datadir/user/libraries/Stator/examples/MultipleStates/MultipleStates.ino:16:10: error: &#39;class Stator&lt;int&gt;&#39; has no member named &#39;set&#39;
  bananas.set(32);
          ^~~
/home/ec2-user/arduino-testlib/cli-datadir/user/libraries/Stator/examples/MultipleStates/MultipleStates.ino:24:9: error: &#39;class Stator&lt;int&gt;&#39; has no member named &#39;set&#39;
  apples.set(18);
         ^~~
/home/ec2-user/arduino-testlib/cli-datadir/user/libraries/Stator/examples/MultipleStates/MultipleStates.ino:25:10: error: &#39;class Stator&lt;int&gt;&#39; has no member named &#39;set&#39;
  bananas.set(12);
          ^~~

</pre>
					
					<h4>examples/SingleState</h4>
					<p>
						Result: <b>FAIL</b>
					</p>
					<pre class="pre-scrollable">/home/ec2-user/arduino-testlib/cli-datadir/user/libraries/Stator/examples/SingleState/SingleState.ino: In function &#39;void loop()&#39;:
/home/ec2-user/arduino-testlib/cli-datadir/user/libraries/Stator/examples/SingleState/SingleState.ino:23:26: error: &#39;class Stator&lt;int&gt;&#39; has no member named &#39;get&#39;
   Serial.println(myState.get());
                          ^~~

</pre>
					
					<h4>examples/WaitForChange</h4>
					<p>
						Result: <b>PASS</b>
					</p>
					<pre class="pre-scrollable">Sketch uses 12600 bytes (4%) of program storage space. Maximum is 262144 bytes.
Global variables use 3016 bytes (9%) of dynamic memory, leaving 29752 bytes for local variables. Maximum is 32768 bytes.
</pre>
					
				
				<h3 id="esp32:esp32:d1_mini32">esp32:esp32:d1_mini32 @ 1.0.6</h3>
				<h4>Inclusion</h4>
				<p>
					Result: <b>PASS</b>
					
				</p>
				<pre class="pre-scrollable">Sketch uses 197736 bytes (15%) of program storage space. Maximum is 1310720 bytes.
Global variables use 13084 bytes (3%) of dynamic memory, leaving 314596 bytes for local variables. Maximum is 327680 bytes.
</pre>

					
					<h4>examples/DebounceAnalogSensor</h4>
					<p>
						Result: <b>PASS</b>
					</p>
					<pre class="pre-scrollable">Sketch uses 220262 bytes (16%) of program storage space. Maximum is 1310720 bytes.
Global variables use 13456 bytes (4%) of dynamic memory, leaving 314224 bytes for local variables. Maximum is 327680 bytes.
</pre>
					
					<h4>examples/MultipleStates</h4>
					<p>
						Result: <b>FAIL</b>
					</p>
					<pre class="pre-scrollable">/home/ec2-user/arduino-testlib/cli-datadir/user/libraries/Stator/examples/MultipleStates/MultipleStates.ino: In function &#39;void setup()&#39;:
/home/ec2-user/arduino-testlib/cli-datadir/user/libraries/Stator/examples/MultipleStates/MultipleStates.ino:10:9: error: &#39;class Stator&lt;int&gt;&#39; has no member named &#39;set&#39;
  apples.set(18);
         ^
/home/ec2-user/arduino-testlib/cli-datadir/user/libraries/Stator/examples/MultipleStates/MultipleStates.ino:11:10: error: &#39;class Stator&lt;int&gt;&#39; has no member named &#39;set&#39;
  bananas.set(12);
          ^
/home/ec2-user/arduino-testlib/cli-datadir/user/libraries/Stator/examples/MultipleStates/MultipleStates.ino: In function &#39;void loop()&#39;:
/home/ec2-user/arduino-testlib/cli-datadir/user/libraries/Stator/examples/MultipleStates/MultipleStates.ino:15:9: error: &#39;class Stator&lt;int&gt;&#39; has no member named &#39;set&#39;
  apples.set(32);
         ^
/home/ec2-user/arduino-testlib/cli-datadir/user/libraries/Stator/examples/MultipleStates/MultipleStates.ino:16:10: error: &#39;class Stator&lt;int&gt;&#39; has no member named &#39;set&#39;
  bananas.set(32);
          ^
/home/ec2-user/arduino-testlib/cli-datadir/user/libraries/Stator/examples/MultipleStates/MultipleStates.ino:24:9: error: &#39;class Stator&lt;int&gt;&#39; has no member named &#39;set&#39;
  apples.set(18);
         ^
/home/ec2-user/arduino-testlib/cli-datadir/user/libraries/Stator/examples/MultipleStates/MultipleStates.ino:25:10: error: &#39;class Stator&lt;int&gt;&#39; has no member named &#39;set&#39;
  bananas.set(12);
          ^

</pre>
					
					<h4>examples/SingleState</h4>
					<p>
						Result: <b>FAIL</b>
					</p>
					<pre class="pre-scrollable">/home/ec2-user/arduino-testlib/cli-datadir/user/libraries/Stator/examples/SingleState/SingleState.ino: In function &#39;void loop()&#39;:
/home/ec2-user/arduino-testlib/cli-datadir/user/libraries/Stator/examples/SingleState/SingleState.ino:23:26: error: &#39;class Stator&lt;int&gt;&#39; has no member named &#39;get&#39;
   Serial.println(myState.get());
                          ^

</pre>
					
					<h4>examples/WaitForChange</h4>
					<p>
						Result: <b>PASS</b>
					</p>
					<pre class="pre-scrollable">Sketch uses 220214 bytes (16%) of program storage space. Maximum is 1310720 bytes.
Global variables use 13456 bytes (4%) of dynamic memory, leaving 314224 bytes for local variables. Maximum is 327680 bytes.
</pre>
					
				
			</div>
		</div>
	</div>
  </body>
</html>
