
<!doctype html>
<html lang="en">
  <head>
    <meta charset="utf-8">
    <meta name="viewport" content="width=device-width, initial-scale=1">
    <link href="https://cdn.jsdelivr.net/npm/bootstrap@5.0.2/dist/css/bootstrap.min.css" rel="stylesheet" integrity="sha384-EVSTQN3/azprG1Anm3QDgpJLIm9Nao0Yz1ztcQTwFspd3yD65VohhpuuCOmLASjC" crossorigin="anonymous">
    <title>arduino-testlib report</title>
	<style>
	.pass { background-color: #00FF00 !important; }
	.fail { background-color: #FF0000 !important; }
	</style>
  </head>
  <body>
	<div class="container">
		<div class="row">
			<div class="col">
				<h1>StateMachine - compatibility matrix</h1>
				<p>
					<small>This report was generated on Monday, 21-Feb-22 12:00:25 CET using 
					<a href="https://github.com/alranel/arduino-testlib">arduino-testlib</a>.</small>
				</p>

				<h2>StateMachine</h2>
				<p>
					Version: <b>1.0.13</b>
					<br />
					<a href="https://www.arduino.cc/reference/en/libraries/statemachine/">More details</a>
				</p>

				<h2>Compatibility matrix</h2>
				<table class="table table-bordered">
					<tr>
						<th>Board</th>
						<th>Claims compatibility</th>
						<th>Inclusion</th>
						
						<th><pre>arduino_state_machine</pre></th>
						
						<th><pre>states_timers</pre></th>
						
					</tr>
					
					<tr>
						<td>
							<a href="#arduino%3aavr%3auno"><b>arduino:avr:uno</b></a>
							<br />
							<small>1.8.4</small>
						</td>

						
						
						
							<td>Yes ⚠️</td>
							<td class="fail">FAIL</td>
						
						

						
							
								
									
										
											
											<td class="fail">FAIL</td>
										
									
										
									
								
							
								
							
								
							
								
							
								
							
						
							
								
									
										
									
										
											
											<td class="fail">FAIL</td>
										
									
								
							
								
							
								
							
								
							
								
							
						
					</tr>
					
					<tr>
						<td>
							<a href="#arduino%3ambed_nano%3ananorp2040connect"><b>arduino:mbed_nano:nanorp2040connect</b></a>
							<br />
							<small>2.7.2</small>
						</td>

						
						
						
							<td>Yes ⚠️</td>
							<td class="fail">FAIL</td>
						
						

						
							
								
							
								
									
										
											
											<td class="fail">FAIL</td>
										
									
										
									
								
							
								
							
								
							
								
							
						
							
								
							
								
									
										
									
										
											
											<td class="fail">FAIL</td>
										
									
								
							
								
							
								
							
								
							
						
					</tr>
					
					<tr>
						<td>
							<a href="#arduino%3amegaavr%3anona4809"><b>arduino:megaavr:nona4809</b></a>
							<br />
							<small>1.8.7</small>
						</td>

						
						
						
							<td>Yes ⚠️</td>
							<td class="fail">FAIL</td>
						
						

						
							
								
							
								
							
								
									
										
											
											<td class="fail">FAIL</td>
										
									
										
									
								
							
								
							
								
							
						
							
								
							
								
							
								
									
										
									
										
											
											<td class="fail">FAIL</td>
										
									
								
							
								
							
								
							
						
					</tr>
					
					<tr>
						<td>
							<a href="#arduino%3asamd%3amkrwifi1010"><b>arduino:samd:mkrwifi1010</b></a>
							<br />
							<small>1.8.12</small>
						</td>

						
							<td>Yes</td>
							<td class="pass">PASS</td>
						
						
						
						

						
							
								
							
								
							
								
							
								
									
										
											<td class="pass">PASS</td>
											
										
									
										
									
								
							
								
							
						
							
								
							
								
							
								
							
								
									
										
									
										
											<td class="pass">PASS</td>
											
										
									
								
							
								
							
						
					</tr>
					
					<tr>
						<td>
							<a href="#esp32%3aesp32%3ad1_mini32"><b>esp32:esp32:d1_mini32</b></a>
							<br />
							<small>1.0.6</small>
						</td>

						
							<td>Yes</td>
							<td class="pass">PASS</td>
						
						
						
						

						
							
								
							
								
							
								
							
								
							
								
									
										
											<td class="pass">PASS</td>
											
										
									
										
									
								
							
						
							
								
							
								
							
								
							
								
							
								
									
										
									
										
											<td class="pass">PASS</td>
											
										
									
								
							
						
					</tr>
					
				</table>

				<h2>Compilation logs</h2>
				
				<h3 id="arduino:avr:uno">arduino:avr:uno @ 1.8.4</h3>
				<h4>Inclusion</h4>
				<p>
					Result: <b>FAIL</b>
					
				</p>
				<pre class="pre-scrollable">/home/ec2-user/arduino-testlib/cli-datadir/user/libraries/LinkedList/tests.cpp:5:10: fatal error: iostream: No such file or directory
 #include &lt;iostream&gt;
          ^~~~~~~~~~
compilation terminated.
Multiple libraries were found for &#34;StateMachine.h&#34;
  Used: /home/ec2-user/arduino-testlib/cli-datadir/user/libraries/StateMachine
  Not used: /home/ec2-user/arduino-testlib/cli-datadir/user/libraries/AskSinPP
  Not used: /home/ec2-user/arduino-testlib/cli-datadir/user/libraries/Finite-State-Machine-Arduino
Multiple libraries were found for &#34;LinkedList.h&#34;
  Used: /home/ec2-user/arduino-testlib/cli-datadir/user/libraries/LinkedList
  Not used: /home/ec2-user/arduino-testlib/cli-datadir/user/libraries/SoftFilters
  Not used: /home/ec2-user/arduino-testlib/cli-datadir/user/libraries/Constellation
  Not used: /home/ec2-user/arduino-testlib/cli-datadir/user/libraries/DisplayMenu
  Not used: /home/ec2-user/arduino-testlib/cli-datadir/user/libraries/SimpleTaskManager
</pre>

					
					<h4>examples/arduino_state_machine</h4>
					<p>
						Result: <b>FAIL</b>
					</p>
					<pre class="pre-scrollable">/home/ec2-user/arduino-testlib/cli-datadir/user/libraries/LinkedList/tests.cpp:5:10: fatal error: iostream: No such file or directory
 #include &lt;iostream&gt;
          ^~~~~~~~~~
compilation terminated.
Multiple libraries were found for &#34;StateMachine.h&#34;
  Used: /home/ec2-user/arduino-testlib/cli-datadir/user/libraries/StateMachine
  Not used: /home/ec2-user/arduino-testlib/cli-datadir/user/libraries/Finite-State-Machine-Arduino
  Not used: /home/ec2-user/arduino-testlib/cli-datadir/user/libraries/AskSinPP
Multiple libraries were found for &#34;LinkedList.h&#34;
  Used: /home/ec2-user/arduino-testlib/cli-datadir/user/libraries/LinkedList
  Not used: /home/ec2-user/arduino-testlib/cli-datadir/user/libraries/SimpleTaskManager
  Not used: /home/ec2-user/arduino-testlib/cli-datadir/user/libraries/Constellation
  Not used: /home/ec2-user/arduino-testlib/cli-datadir/user/libraries/SoftFilters
  Not used: /home/ec2-user/arduino-testlib/cli-datadir/user/libraries/DisplayMenu
</pre>
					
					<h4>examples/states_timers</h4>
					<p>
						Result: <b>FAIL</b>
					</p>
					<pre class="pre-scrollable">/home/ec2-user/arduino-testlib/cli-datadir/user/libraries/LinkedList/tests.cpp:5:10: fatal error: iostream: No such file or directory
 #include &lt;iostream&gt;
          ^~~~~~~~~~
compilation terminated.
Multiple libraries were found for &#34;StateMachine.h&#34;
  Used: /home/ec2-user/arduino-testlib/cli-datadir/user/libraries/StateMachine
  Not used: /home/ec2-user/arduino-testlib/cli-datadir/user/libraries/AskSinPP
  Not used: /home/ec2-user/arduino-testlib/cli-datadir/user/libraries/Finite-State-Machine-Arduino
Multiple libraries were found for &#34;LinkedList.h&#34;
  Used: /home/ec2-user/arduino-testlib/cli-datadir/user/libraries/LinkedList
  Not used: /home/ec2-user/arduino-testlib/cli-datadir/user/libraries/SimpleTaskManager
  Not used: /home/ec2-user/arduino-testlib/cli-datadir/user/libraries/DisplayMenu
  Not used: /home/ec2-user/arduino-testlib/cli-datadir/user/libraries/Constellation
  Not used: /home/ec2-user/arduino-testlib/cli-datadir/user/libraries/SoftFilters
</pre>
					
				
				<h3 id="arduino:mbed_nano:nanorp2040connect">arduino:mbed_nano:nanorp2040connect @ 2.7.2</h3>
				<h4>Inclusion</h4>
				<p>
					Result: <b>FAIL</b>
					
				</p>
				<pre class="pre-scrollable">/home/ec2-user/arduino-testlib/cli-datadir/user/libraries/StateMachine/src/State.cpp: In member function &#39;void State::addTransition(bool (*)(), State*)&#39;:
/home/ec2-user/arduino-testlib/cli-datadir/user/libraries/StateMachine/src/State.cpp:19:16: error: &#39;class LinkedList&lt;Transition*&gt;&#39; has no member named &#39;add&#39;
   transitions-&gt;add(t);
                ^~~
/home/home/ec2-user/arduino-testlib/cli-datadir/user/libraries/StateMachine/src/StateMachine.cpp:31:25: error: &#39;class LinkedList&lt;State*&gt;&#39; has no member named &#39;get&#39;
   int next = stateList-&gt;get(currentState)-&gt;execute();
                         ^~~
/home/ec2-user/arduino-testlib/cli-datadir/user/libraries/StateMachine/src/StateMachine.cpp: In member function &#39;State* StateMachine::addState(void (*)())&#39;:
/home/ec2-user/arduino-testlib/cli-datadir/user/libraries/StateMachine/src/StateMachine.cpp:45:14: error: &#39;class LinkedList&lt;State*&gt;&#39; has no member named &#39;add&#39;
   stateList-&gt;add(s);
              ^~~
/home/ec2-user/arduino-testlib/cli-datadir/user/libraries/StateMachine/src/StateMachine.cpp:46:25: error: &#39;class LinkedList&lt;State*&gt;&#39; has no member named &#39;size&#39;
   s-&gt;index = stateList-&gt;size()-1;
                         ^~~~
/home/ec2-user/arduino-testlib/cli-datadir/user/libraries/StateMachine/src/StateMachine.cpp: In member function &#39;int StateMachine::transitionTo(int)&#39;:
/home/ec2-user/arduino-testlib/cli-datadir/user/libraries/StateMachine/src/StateMachine.cpp:65:21: error: &#39;class LinkedList&lt;State*&gt;&#39; has no member named &#39;size&#39;
   if(i &lt; stateList-&gt;size()){
                     ^~~~
Multiple libraries were found for &#34;StateMachine.h&#34;
  Used: /home/ec2-user/arduino-testlib/cli-datadir/user/libraries/StateMachine
  Not used: /home/ec2-user/arduino-testlib/cli-datadir/user/libraries/Finite-State-Machine-Arduino
  Not used: /home/ec2-user/arduino-testlib/cli-datadir/user/libraries/AskSinPP
</pre>

					
					<h4>examples/arduino_state_machine</h4>
					<p>
						Result: <b>FAIL</b>
					</p>
					<pre class="pre-scrollable">/home/ec2-user/arduino-testlib/cli-datadir/user/libraries/StateMachine/src/State.cpp: In member function &#39;void State::addTransition(bool (*)(), State*)&#39;:
/home/ec2-user/arduino-testlib/cli-datadir/user/libraries/StateMachine/src/State.cpp:19:16: error: &#39;class LinkedList&lt;Transition*&gt;&#39; has no member named &#39;add&#39;
   transitions-&gt;add(t);
                ^~~
/home/ec2-user/arduino-testlib/cli-datadir/user/libraries/StateMachine/src/State.cpp: In member function &#39;void State::addTransition(bool (*)(), int)&#39;:
/home/ec2-user/arduino-testlib/cli-datadir/user/libraries/StateMachine/src/State.cpp:32:16: error: &#39;class LinkedList&lt;Transition*&gt;&#39; has no member named &#39;add&#39;
   transitions-&gt;add(t);
                ^~~
/home/ec2-user/arduino-testlib/cli-datadir/user/libraries/StateMachine/src/State.cpp: In member function &#39;int State::evalTransitions()&#39;:
/home/ec2-user/arduino-testlib/cli-datadir/user/libraries/StateMachine/src/State.cpp:42:19: error: &#39;class LinkedLis/home/ec2-user/arduino-testlib/cli-datadir/user/libraries/StateMachine/src/StateMachine.cpp:46:25: error: &#39;class LinkedList&lt;State*&gt;&#39; has no member named &#39;size&#39;
   s-&gt;index = stateList-&gt;size()-1;
                         ^~~~
/home/ec2-user/arduino-testlib/cli-datadir/user/libraries/StateMachine/src/StateMachine.cpp: In member function &#39;int StateMachine::transitionTo(int)&#39;:
/home/ec2-user/arduino-testlib/cli-datadir/user/libraries/StateMachine/src/StateMachine.cpp:65:21: error: &#39;class LinkedList&lt;State*&gt;&#39; has no member named &#39;size&#39;
   if(i &lt; stateList-&gt;size()){
                     ^~~~
Multiple libraries were found for &#34;StateMachine.h&#34;
  Used: /home/ec2-user/arduino-testlib/cli-datadir/user/libraries/StateMachine
  Not used: /home/ec2-user/arduino-testlib/cli-datadir/user/libraries/Finite-State-Machine-Arduino
  Not used: /home/ec2-user/arduino-testlib/cli-datadir/user/libraries/AskSinPP
</pre>
					
					<h4>examples/states_timers</h4>
					<p>
						Result: <b>FAIL</b>
					</p>
					<pre class="pre-scrollable">/home/ec2-user/arduino-testlib/cli-datadir/user/libraries/StateMachine/src/State.cpp: In member function &#39;void State::addTransition(bool (*)(), State*)&#39;:
/home/ec2-user/arduino-testlib/cli-datadir/user/libraries/StateMachine/src/State.cpp:19:16: error: &#39;class LinkedList&lt;Transition*&gt;&#39; has no member named &#39;add&#39;
   transitions-&gt;add(t);
                ^~~
/home/ec2-user/arduino-testlib/cli-datadir/user/libraries/StateMachine/src/State.cpp: In member function &#39;void State::addTransition(bool (*)(), int)&#39;:
/home/ec2-user/arduino-testlib/cli-datadir/user/libraries/StateMachine/src/State.cpp:32:16: error: &#39;class LinkedList&lt;Transition*&gt;&#39; has no member named &#39;add&#39;
   transitions-&gt;add(t);
                ^~~
/home/ec2-user/arduino-testlib/cli-datadir/user/libraries/StateMachine/src/State.cpp: In member function &#39;int State::evalTransitions()&#39;:
/home/ec2-user/arduino-testlib/cli-datadir/user/libraries/StateMachine/src/State.cpp:42:19: error: &#39;class LinkedLis/home/ec2-user/arduino-testlib/cli-datadir/user/libraries/StateMachine/src/StateMachine.cpp:46:25: error: &#39;class LinkedList&lt;State*&gt;&#39; has no member named &#39;size&#39;
   s-&gt;index = stateList-&gt;size()-1;
                         ^~~~
/home/ec2-user/arduino-testlib/cli-datadir/user/libraries/StateMachine/src/StateMachine.cpp: In member function &#39;int StateMachine::transitionTo(int)&#39;:
/home/ec2-user/arduino-testlib/cli-datadir/user/libraries/StateMachine/src/StateMachine.cpp:65:21: error: &#39;class LinkedList&lt;State*&gt;&#39; has no member named &#39;size&#39;
   if(i &lt; stateList-&gt;size()){
                     ^~~~

/home/ec2-user/arduino-testlib/cli-datadir/user/libraries/StateMachine/src/State.cpp:48:27: error: &#39;class LinkedList&lt;Transition*&gt;&#39; has no member named &#39;get&#39;
       return transitions-&gt;get(i)-&gt;stateNumber;
                           ^~~
/home/ec2-user/arduino-testlib/cli-datadir/user/libraries/StateMachine/src/State.cpp: In member function &#39;int State::setTransition(int, int)&#39;:
/home/ec2-user/arduino-testlib/cli-datadir/user/libraries/StateMachine/src/State.cpp:68:18: error: &#39;class LinkedList&lt;Transition*&gt;&#39; has no member named &#39;size&#39;
  if(transitions-&gt;size() == 0) return -1;
                  ^~~~
/home/ec2-user/arduino-testlib/cli-datadir/user/libraries/StateMachine/src/State.cpp:69:15: error: &#39;class LinkedList&lt;Transition*&gt;&#39; has no member named &#39;get&#39;
  transitions-&gt;get(index)-&gt;stateNumber = stateNo;
               ^~~
Multiple libraries were found for &#34;StateMachine.h&#34;
  Used: /home/ec2-user/arduino-testlib/cli-datadir/user/libraries/StateMachine
  Not used: /home/ec2-user/arduino-testlib/cli-datadir/user/libraries/AskSinPP
  Not used: /home/ec2-user/arduino-testlib/cli-datadir/user/libraries/Finite-State-Machine-Arduino
</pre>
					
				
				<h3 id="arduino:megaavr:nona4809">arduino:megaavr:nona4809 @ 1.8.7</h3>
				<h4>Inclusion</h4>
				<p>
					Result: <b>FAIL</b>
					
				</p>
				<pre class="pre-scrollable">/home/ec2-user/arduino-testlib/cli-datadir/user/libraries/LinkedList/tests.cpp:5:10: fatal error: iostream: No such file or directory
 #include &lt;iostream&gt;
          ^~~~~~~~~~
compilation terminated.
Multiple libraries were found for &#34;LinkedList.h&#34;
  Used: /home/ec2-user/arduino-testlib/cli-datadir/user/libraries/LinkedList
  Not used: /home/ec2-user/arduino-testlib/cli-datadir/user/libraries/DisplayMenu
  Not used: /home/ec2-user/arduino-testlib/cli-datadir/user/libraries/Constellation
  Not used: /home/ec2-user/arduino-testlib/cli-datadir/user/libraries/SoftFilters
  Not used: /home/ec2-user/arduino-testlib/cli-datadir/user/libraries/SimpleTaskManager
Multiple libraries were found for &#34;StateMachine.h&#34;
  Used: /home/ec2-user/arduino-testlib/cli-datadir/user/libraries/StateMachine
  Not used: /home/ec2-user/arduino-testlib/cli-datadir/user/libraries/Finite-State-Machine-Arduino
  Not used: /home/ec2-user/arduino-testlib/cli-datadir/user/libraries/AskSinPP
</pre>

					
					<h4>examples/arduino_state_machine</h4>
					<p>
						Result: <b>FAIL</b>
					</p>
					<pre class="pre-scrollable">/home/ec2-user/arduino-testlib/cli-datadir/user/libraries/LinkedList/tests.cpp:5:10: fatal error: iostream: No such file or directory
 #include &lt;iostream&gt;
          ^~~~~~~~~~
compilation terminated.
Multiple libraries were found for &#34;StateMachine.h&#34;
  Used: /home/ec2-user/arduino-testlib/cli-datadir/user/libraries/StateMachine
  Not used: /home/ec2-user/arduino-testlib/cli-datadir/user/libraries/AskSinPP
  Not used: /home/ec2-user/arduino-testlib/cli-datadir/user/libraries/Finite-State-Machine-Arduino
Multiple libraries were found for &#34;LinkedList.h&#34;
  Used: /home/ec2-user/arduino-testlib/cli-datadir/user/libraries/LinkedList
  Not used: /home/ec2-user/arduino-testlib/cli-datadir/user/libraries/SoftFilters
  Not used: /home/ec2-user/arduino-testlib/cli-datadir/user/libraries/DisplayMenu
  Not used: /home/ec2-user/arduino-testlib/cli-datadir/user/libraries/Constellation
  Not used: /home/ec2-user/arduino-testlib/cli-datadir/user/libraries/SimpleTaskManager
</pre>
					
					<h4>examples/states_timers</h4>
					<p>
						Result: <b>FAIL</b>
					</p>
					<pre class="pre-scrollable">/home/ec2-user/arduino-testlib/cli-datadir/user/libraries/LinkedList/tests.cpp:5:10: fatal error: iostream: No such file or directory
 #include &lt;iostream&gt;
          ^~~~~~~~~~
compilation terminated.
Multiple libraries were found for &#34;StateMachine.h&#34;
  Used: /home/ec2-user/arduino-testlib/cli-datadir/user/libraries/StateMachine
  Not used: /home/ec2-user/arduino-testlib/cli-datadir/user/libraries/AskSinPP
  Not used: /home/ec2-user/arduino-testlib/cli-datadir/user/libraries/Finite-State-Machine-Arduino
Multiple libraries were found for &#34;LinkedList.h&#34;
  Used: /home/ec2-user/arduino-testlib/cli-datadir/user/libraries/LinkedList
  Not used: /home/ec2-user/arduino-testlib/cli-datadir/user/libraries/SimpleTaskManager
  Not used: /home/ec2-user/arduino-testlib/cli-datadir/user/libraries/SoftFilters
  Not used: /home/ec2-user/arduino-testlib/cli-datadir/user/libraries/Constellation
  Not used: /home/ec2-user/arduino-testlib/cli-datadir/user/libraries/DisplayMenu
</pre>
					
				
				<h3 id="arduino:samd:mkrwifi1010">arduino:samd:mkrwifi1010 @ 1.8.12</h3>
				<h4>Inclusion</h4>
				<p>
					Result: <b>PASS</b>
					
				</p>
				<pre class="pre-scrollable">Sketch uses 172288 bytes (65%) of program storage space. Maximum is 262144 bytes.
Global variables use 7704 bytes (23%) of dynamic memory, leaving 25064 bytes for local variables. Maximum is 32768 bytes.
</pre>

					
					<h4>examples/arduino_state_machine</h4>
					<p>
						Result: <b>PASS</b>
					</p>
					<pre class="pre-scrollable">Sketch uses 176776 bytes (67%) of program storage space. Maximum is 262144 bytes.
Global variables use 9324 bytes (28%) of dynamic memory, leaving 23444 bytes for local variables. Maximum is 32768 bytes.
</pre>
					
					<h4>examples/states_timers</h4>
					<p>
						Result: <b>PASS</b>
					</p>
					<pre class="pre-scrollable">Sketch uses 175352 bytes (66%) of program storage space. Maximum is 262144 bytes.
Global variables use 9800 bytes (29%) of dynamic memory, leaving 22968 bytes for local variables. Maximum is 32768 bytes.
</pre>
					
				
				<h3 id="esp32:esp32:d1_mini32">esp32:esp32:d1_mini32 @ 1.0.6</h3>
				<h4>Inclusion</h4>
				<p>
					Result: <b>PASS</b>
					
				</p>
				<pre class="pre-scrollable">Sketch uses 424196 bytes (32%) of program storage space. Maximum is 1310720 bytes.
Global variables use 18880 bytes (5%) of dynamic memory, leaving 308800 bytes for local variables. Maximum is 327680 bytes.
</pre>

					
					<h4>examples/arduino_state_machine</h4>
					<p>
						Result: <b>PASS</b>
					</p>
					<pre class="pre-scrollable">Sketch uses 434142 bytes (33%) of program storage space. Maximum is 1310720 bytes.
Global variables use 19248 bytes (5%) of dynamic memory, leaving 308432 bytes for local variables. Maximum is 327680 bytes.
</pre>
					
					<h4>examples/states_timers</h4>
					<p>
						Result: <b>PASS</b>
					</p>
					<pre class="pre-scrollable">Sketch uses 449482 bytes (34%) of program storage space. Maximum is 1310720 bytes.
Global variables use 19864 bytes (6%) of dynamic memory, leaving 307816 bytes for local variables. Maximum is 327680 bytes.
</pre>
					
				
			</div>
		</div>
	</div>
  </body>
</html>
