
<!doctype html>
<html lang="en">
  <head>
    <meta charset="utf-8">
    <meta name="viewport" content="width=device-width, initial-scale=1">
    <link href="https://cdn.jsdelivr.net/npm/bootstrap@5.0.2/dist/css/bootstrap.min.css" rel="stylesheet" integrity="sha384-EVSTQN3/azprG1Anm3QDgpJLIm9Nao0Yz1ztcQTwFspd3yD65VohhpuuCOmLASjC" crossorigin="anonymous">
    <title>arduino-testlib report</title>
	<style>
	.pass { background-color: #00FF00 !important; }
	.fail { background-color: #FF0000 !important; }
	</style>
  </head>
  <body>
	<div class="container">
		<div class="row">
			<div class="col">
				<h1>Statistical - compatibility matrix</h1>
				<p>
					<small>This report was generated on Wednesday, 23-Feb-22 22:48:15 CET using 
					<a href="https://github.com/alranel/arduino-testlib">arduino-testlib</a>.</small>
				</p>

				<h2>Statistical</h2>
				<p>
					Version: <b>1.3.0</b>
					<br />
					<a href="https://www.arduino.cc/reference/en/libraries/statistical/">More details</a>
				</p>

				<h2>Compatibility matrix</h2>
				<table class="table table-bordered">
					<tr>
						<th>Board</th>
						<th>Claims compatibility</th>
						<th>Inclusion</th>
						
						<th><pre>Array</pre></th>
						
						<th><pre>Regression</pre></th>
						
						<th><pre>Stream</pre></th>
						
					</tr>
					
					<tr>
						<td>
							<a href="#arduino%3aavr%3auno"><b>arduino:avr:uno</b></a>
							<br />
							<small>1.8.4</small>
						</td>

						
							<td>Yes</td>
							<td class="pass">PASS</td>
						
						
						
						

						
							
								
									
										
											<td class="pass">PASS</td>
											
										
									
										
									
										
									
								
							
								
							
								
							
								
							
								
							
						
							
								
									
										
									
										
											<td class="pass">PASS</td>
											
										
									
										
									
								
							
								
							
								
							
								
							
								
							
						
							
								
									
										
									
										
									
										
											<td class="pass">PASS</td>
											
										
									
								
							
								
							
								
							
								
							
								
							
						
					</tr>
					
					<tr>
						<td>
							<a href="#arduino%3ambed_nano%3ananorp2040connect"><b>arduino:mbed_nano:nanorp2040connect</b></a>
							<br />
							<small>2.7.2</small>
						</td>

						
						
						
							<td>Yes ⚠️</td>
							<td class="fail">FAIL</td>
						
						

						
							
								
							
								
									
										
											
											<td class="fail">FAIL</td>
										
									
										
									
										
									
								
							
								
							
								
							
								
							
						
							
								
							
								
									
										
									
										
											
											<td class="fail">FAIL</td>
										
									
										
									
								
							
								
							
								
							
								
							
						
							
								
							
								
									
										
									
										
									
										
											
											<td class="fail">FAIL</td>
										
									
								
							
								
							
								
							
								
							
						
					</tr>
					
					<tr>
						<td>
							<a href="#arduino%3amegaavr%3anona4809"><b>arduino:megaavr:nona4809</b></a>
							<br />
							<small>1.8.7</small>
						</td>

						
							<td>Yes</td>
							<td class="pass">PASS</td>
						
						
						
						

						
							
								
							
								
							
								
									
										
											<td class="pass">PASS</td>
											
										
									
										
									
										
									
								
							
								
							
								
							
						
							
								
							
								
							
								
									
										
									
										
											<td class="pass">PASS</td>
											
										
									
										
									
								
							
								
							
								
							
						
							
								
							
								
							
								
									
										
									
										
									
										
											<td class="pass">PASS</td>
											
										
									
								
							
								
							
								
							
						
					</tr>
					
					<tr>
						<td>
							<a href="#arduino%3asamd%3amkrwifi1010"><b>arduino:samd:mkrwifi1010</b></a>
							<br />
							<small>1.8.12</small>
						</td>

						
						
						
							<td>Yes ⚠️</td>
							<td class="fail">FAIL</td>
						
						

						
							
								
							
								
							
								
							
								
									
										
											
											<td class="fail">FAIL</td>
										
									
										
									
										
									
								
							
								
							
						
							
								
							
								
							
								
							
								
									
										
									
										
											
											<td class="fail">FAIL</td>
										
									
										
									
								
							
								
							
						
							
								
							
								
							
								
							
								
									
										
									
										
									
										
											
											<td class="fail">FAIL</td>
										
									
								
							
								
							
						
					</tr>
					
					<tr>
						<td>
							<a href="#esp32%3aesp32%3ad1_mini32"><b>esp32:esp32:d1_mini32</b></a>
							<br />
							<small>1.0.6</small>
						</td>

						
						
						
							<td>Yes ⚠️</td>
							<td class="fail">FAIL</td>
						
						

						
							
								
							
								
							
								
							
								
							
								
									
										
											
											<td class="fail">FAIL</td>
										
									
										
									
										
									
								
							
						
							
								
							
								
							
								
							
								
							
								
									
										
									
										
											
											<td class="fail">FAIL</td>
										
									
										
									
								
							
						
							
								
							
								
							
								
							
								
							
								
									
										
									
										
									
										
											
											<td class="fail">FAIL</td>
										
									
								
							
						
					</tr>
					
				</table>

				<h2>Compilation logs</h2>
				
				<h3 id="arduino:avr:uno">arduino:avr:uno @ 1.8.4</h3>
				<h4>Inclusion</h4>
				<p>
					Result: <b>PASS</b>
					
				</p>
				<pre class="pre-scrollable">Sketch uses 444 bytes (1%) of program storage space. Maximum is 32256 bytes.
Global variables use 9 bytes (0%) of dynamic memory, leaving 2039 bytes for local variables. Maximum is 2048 bytes.
</pre>

					
					<h4>examples/Array</h4>
					<p>
						Result: <b>PASS</b>
					</p>
					<pre class="pre-scrollable">Sketch uses 6396 bytes (19%) of program storage space. Maximum is 32256 bytes.
Global variables use 756 bytes (36%) of dynamic memory, leaving 1292 bytes for local variables. Maximum is 2048 bytes.
</pre>
					
					<h4>examples/Regression</h4>
					<p>
						Result: <b>PASS</b>
					</p>
					<pre class="pre-scrollable">Sketch uses 4600 bytes (14%) of program storage space. Maximum is 32256 bytes.
Global variables use 314 bytes (15%) of dynamic memory, leaving 1734 bytes for local variables. Maximum is 2048 bytes.
</pre>
					
					<h4>examples/Stream</h4>
					<p>
						Result: <b>PASS</b>
					</p>
					<pre class="pre-scrollable">Sketch uses 4296 bytes (13%) of program storage space. Maximum is 32256 bytes.
Global variables use 372 bytes (18%) of dynamic memory, leaving 1676 bytes for local variables. Maximum is 2048 bytes.
</pre>
					
				
				<h3 id="arduino:mbed_nano:nanorp2040connect">arduino:mbed_nano:nanorp2040connect @ 2.7.2</h3>
				<h4>Inclusion</h4>
				<p>
					Result: <b>FAIL</b>
					
				</p>
				<pre class="pre-scrollable">In file included from /home/ec2-user/arduino-testlib/cli-datadir/data/packages/arduino/hardware/mbed_nano/2.7.2/cores/arduino/api/String.h:29:0,
                 from /home/ec2-user/arduino-testlib/cli-datadir/data/packages/arduino/hardware/mbed_nano/2.7.2/cores/arduino/api/IPAddress.h:24,
                 from /home/ec2-user/arduino-testlib/cli-datadir/data/packages/arduino/hardware/mbed_nano/2.7.2/cores/arduino/api/ArduinoAPI.h:30,
                 from /home/ec2-user/arduino-testlib/cli-datadir/data/packages/arduino/hardware/mbed_nano/2.7.2/cores/arduino/Arduino.h:27,
                 from /tmp/arduino-sketch-3A14366F89CB423992D45005507E6E4C/sketch/test.ino.cpp:1:
/home/ec2-user/arduino-testlib/cli-datadir/user/libraries/Statistical/src/Statistical.h:49:30: error: expected &#39;,&#39; or &#39;...&#39; before numeric constant
  void LinearRegression(float _X, float _Y);
                              ^

</pre>

					
					<h4>examples/Array</h4>
					<p>
						Result: <b>FAIL</b>
					</p>
					<pre class="pre-scrollable">In file included from /home/ec2-user/arduino-testlib/cli-datadir/data/packages/arduino/hardware/mbed_nano/2.7.2/cores/arduino/api/String.h:29:0,
                 from /home/ec2-user/arduino-testlib/cli-datadir/data/packages/arduino/hardware/mbed_nano/2.7.2/cores/arduino/api/IPAddress.h:24,
                 from /home/ec2-user/arduino-testlib/cli-datadir/data/packages/arduino/hardware/mbed_nano/2.7.2/cores/arduino/api/ArduinoAPI.h:30,
                 from /home/ec2-user/arduino-testlib/cli-datadir/data/packages/arduino/hardware/mbed_nano/2.7.2/cores/arduino/Arduino.h:27,
                 from /tmp/arduino-sketch-518648F77224D044F5B38447C2E459FF/sketch/Array.ino.cpp:1:
/home/ec2-user/arduino-testlib/cli-datadir/user/libraries/Statistical/src/Statistical.h:49:30: error: expected &#39;,&#39; or &#39;...&#39; before numeric constant
  void LinearRegression(float _X, float _Y);
                              ^

</pre>
					
					<h4>examples/Regression</h4>
					<p>
						Result: <b>FAIL</b>
					</p>
					<pre class="pre-scrollable">In file included from /home/ec2-user/arduino-testlib/cli-datadir/data/packages/arduino/hardware/mbed_nano/2.7.2/cores/arduino/api/String.h:29:0,
                 from /home/ec2-user/arduino-testlib/cli-datadir/data/packages/arduino/hardware/mbed_nano/2.7.2/cores/arduino/api/IPAddress.h:24,
                 from /home/ec2-user/arduino-testlib/cli-datadir/data/packages/arduino/hardware/mbed_nano/2.7.2/cores/arduino/api/ArduinoAPI.h:30,
                 from /home/ec2-user/arduino-testlib/cli-datadir/data/packages/arduino/hardware/mbed_nano/2.7.2/cores/arduino/Arduino.h:27,
                 from /tmp/arduino-sketch-BF8E17543CB43EF960F9A741B1B78D58/sketch/Regression.ino.cpp:1:
/home/ec2-user/arduino-testlib/cli-datadir/user/libraries/Statistical/src/Statistical.h:49:30: error: expected &#39;,&#39; or &#39;...&#39; before numeric constant
  void LinearRegression(float _X, float _Y);
                              ^
/home/ec2-user/arduino-testlib/cli-datadir/user/libraries/Statistical/examples/Regression/Regression.ino: In function &#39;void loop()&#39;:
/home/ec2-user/arduino-testlib/cli-datadir/user/libraries/Statistical/examples/Regression/Regression.ino:18:38: error: no matching function for call to &#39;Statistical::LinearRegression(int, double)&#39;
     DataSet.LinearRegression(1,220.14);
                                      ^
In file included from /home/ec2-user/arduino-testlib/cli-datadir/user/libraries/Statistical/examples/Regression/Regression.ino:1:0:
/home/ec2-user/arduino-testlib/cli-datadir/user/libraries/Statistical/src/Statistical.h:49:7: note: candidate: void Statistical::LinearRegression(float)
  void LinearRegression(float _X, float _Y);
       ^~~~~~~~~~~~~~~~
/home/ec2-user/arduino-testlib/cli-datadir/user/libraries/Statistical/src/Statistical.h:49:7: note:   candidate expects 1 argument, 2 provided
/home/ec2-user/arduino-testlib/cli-datadir/user/libraries/Statistical/examples/Regression/Regression.ino:19:38: error: no matching function for call to &#39;Statistical::LinearRegression(int, double)&#39;
     DataSet.LinearRegression(2,221.36);
                                      ^
In file included from /home/ec2-user/arduino-testlib/cli-datadir/user/libraries/Statistical/examples/Regression/Regression.ino:1:0:
/home/ec2-user/arduino-testlib/cli-datadir/user/libraries/Statistical/src/Statistical.h:49:7: note: candidate: void Statistical::LinearRegression(float)
  void LinearRegression(float _X, float _Y);
       ^~~~~~~~~~~~~~~~
/home/ec2-user/arduino-testlib/cli-datadir/user/libraries/Statistical/src/Statistical.h:49:7: note:   candidate expects 1 argument, 2 provided
/home/ec2-user/arduino-testlib/cli-datadir/user/libraries/Statistical/examples/Regression/Regression.ino:20:38: error: no matching function for call to &#39;Statistical::LinearRegression(int, double)&#39;
     DataSet.LinearRegression(3,218.21);
                                      ^
In file included from /home/ec2-user/arduino-testlib/cli-datadir/user/libraries/Statistical/examples/Regression/Regression.ino:1:0:
/home/ec2-user/arduino-testlib/cli-datadir/user/libraries/Statistical/src/Statistical.h:49:7: note: candidate: void Statistical::LinearRegression(float)
  void LinearRegression(float _X, float _Y);
       ^~~~~~~~~~~~~~~~
/home/ec2-user/arduino-testlib/cli-datadir/user/libraries/Statistical/src/Statistical.h:49:7: note:   candidate expects 1 argument, 2 provided
/home/ec2-user/arduino-testlib/cli-datadir/user/libraries/Statistical/examples/Regression/Regression.ino:21:38: error: no matching function for call to &#39;Statistical::LinearRegression(int, double)&#39;
     DataSet.LinearRegression(4,217.06);
                                      ^
In file included from /home/ec2-user/arduino-testlib/cli-datadir/user/libraries/Statistical/examples/Regression/Regression.ino:1:0:
/home/ec2-user/arduino-testlib/cli-datadir/user/libraries/Statistical/src/Statistical.h:49:7: note: candidate: void Statistical::LinearRegression(float)
  void LinearRegression(float _X, float _Y);
       ^~~~~~~~~~~~~~~~
/home/ec2-user/arduino-testlib/cli-datadir/user/libraries/Statistical/src/Statistical.h:49:7: note:   candidate expects 1 argument, 2 provided
/home/ec2-user/arduino-testlib/cli-datadir/user/libraries/Statistical/examples/Regression/Regression.ino:22:38: error: no matching function for call to &#39;Statistical::LinearRegression(int, double)&#39;
     DataSet.LinearRegression(5,220.14);
                                      ^
In file included from /home/ec2-user/arduino-testlib/cli-datadir/user/libraries/Statistical/examples/Regression/Regression.ino:1:0:
/home/ec2-user/arduino-testlib/cli-datadir/user/libraries/Statistical/src/Statistical.h:49:7: note: candidate: void Statistical::LinearRegression(float)
  void LinearRegression(float _X, float _Y);
       ^~~~~~~~~~~~~~~~
/home/ec2-user/arduino-testlib/cli-datadir/user/libraries/Statistical/src/Statistical.h:49:7: note:   candidate expects 1 argument, 2 provided

</pre>
					
					<h4>examples/Stream</h4>
					<p>
						Result: <b>FAIL</b>
					</p>
					<pre class="pre-scrollable">In file included from /home/ec2-user/arduino-testlib/cli-datadir/data/packages/arduino/hardware/mbed_nano/2.7.2/cores/arduino/api/String.h:29:0,
                 from /home/ec2-user/arduino-testlib/cli-datadir/data/packages/arduino/hardware/mbed_nano/2.7.2/cores/arduino/api/IPAddress.h:24,
                 from /home/ec2-user/arduino-testlib/cli-datadir/data/packages/arduino/hardware/mbed_nano/2.7.2/cores/arduino/api/ArduinoAPI.h:30,
                 from /home/ec2-user/arduino-testlib/cli-datadir/data/packages/arduino/hardware/mbed_nano/2.7.2/cores/arduino/Arduino.h:27,
                 from /tmp/arduino-sketch-085AEA4DD26A02786512C99BF4354392/sketch/Stream.ino.cpp:1:
/home/ec2-user/arduino-testlib/cli-datadir/user/libraries/Statistical/src/Statistical.h:49:30: error: expected &#39;,&#39; or &#39;...&#39; before numeric constant
  void LinearRegression(float _X, float _Y);
                              ^

</pre>
					
				
				<h3 id="arduino:megaavr:nona4809">arduino:megaavr:nona4809 @ 1.8.7</h3>
				<h4>Inclusion</h4>
				<p>
					Result: <b>PASS</b>
					
				</p>
				<pre class="pre-scrollable">Sketch uses 802 bytes (1%) of program storage space. Maximum is 49152 bytes.
Global variables use 22 bytes (0%) of dynamic memory, leaving 6122 bytes for local variables. Maximum is 6144 bytes.
</pre>

					
					<h4>examples/Array</h4>
					<p>
						Result: <b>PASS</b>
					</p>
					<pre class="pre-scrollable">Sketch uses 7476 bytes (15%) of program storage space. Maximum is 49152 bytes.
Global variables use 177 bytes (2%) of dynamic memory, leaving 5967 bytes for local variables. Maximum is 6144 bytes.
</pre>
					
					<h4>examples/Regression</h4>
					<p>
						Result: <b>PASS</b>
					</p>
					<pre class="pre-scrollable">Sketch uses 5676 bytes (11%) of program storage space. Maximum is 49152 bytes.
Global variables use 231 bytes (3%) of dynamic memory, leaving 5913 bytes for local variables. Maximum is 6144 bytes.
</pre>
					
					<h4>examples/Stream</h4>
					<p>
						Result: <b>PASS</b>
					</p>
					<pre class="pre-scrollable">Sketch uses 5415 bytes (11%) of program storage space. Maximum is 49152 bytes.
Global variables use 231 bytes (3%) of dynamic memory, leaving 5913 bytes for local variables. Maximum is 6144 bytes.
</pre>
					
				
				<h3 id="arduino:samd:mkrwifi1010">arduino:samd:mkrwifi1010 @ 1.8.12</h3>
				<h4>Inclusion</h4>
				<p>
					Result: <b>FAIL</b>
					
				</p>
				<pre class="pre-scrollable">In file included from /Users/alranel/Documents/git/arduino/arduino-testlib/cli-datadir/data/packages/arduino/hardware/samd/1.8.12/cores/arduino/api/String.h:29:0,
                 from /Users/alranel/Documents/git/arduino/arduino-testlib/cli-datadir/data/packages/arduino/hardware/samd/1.8.12/cores/arduino/api/IPAddress.h:24,
                 from /Users/alranel/Documents/git/arduino/arduino-testlib/cli-datadir/data/packages/arduino/hardware/samd/1.8.12/cores/arduino/api/ArduinoAPI.h:30,
                 from /Users/alranel/Documents/git/arduino/arduino-testlib/cli-datadir/data/packages/arduino/hardware/samd/1.8.12/cores/arduino/Arduino.h:23,
                 from /private/var/folders/47/_57rjy4111jc7dfpgjmcc93w0000gp/T/arduino-sketch-0717D50B1601982EED6694F0805BAB39/sketch/test.ino.cpp:1:
/Users/alranel/Documents/git/arduino/arduino-testlib/cli-datadir/user/libraries/Statistical/src/Statistical.h:49:30: error: expected &#39;,&#39; or &#39;...&#39; before numeric constant
  void LinearRegression(float _X, float _Y);
                              ^

</pre>

					
					<h4>examples/Array</h4>
					<p>
						Result: <b>FAIL</b>
					</p>
					<pre class="pre-scrollable">In file included from /Users/alranel/Documents/git/arduino/arduino-testlib/cli-datadir/data/packages/arduino/hardware/samd/1.8.12/cores/arduino/api/String.h:29:0,
                 from /Users/alranel/Documents/git/arduino/arduino-testlib/cli-datadir/data/packages/arduino/hardware/samd/1.8.12/cores/arduino/api/IPAddress.h:24,
                 from /Users/alranel/Documents/git/arduino/arduino-testlib/cli-datadir/data/packages/arduino/hardware/samd/1.8.12/cores/arduino/api/ArduinoAPI.h:30,
                 from /Users/alranel/Documents/git/arduino/arduino-testlib/cli-datadir/data/packages/arduino/hardware/samd/1.8.12/cores/arduino/Arduino.h:23,
                 from /private/var/folders/47/_57rjy4111jc7dfpgjmcc93w0000gp/T/arduino-sketch-0864B524401866C0F1962073AFE2A78E/sketch/Array.ino.cpp:1:
/Users/alranel/Documents/git/arduino/arduino-testlib/cli-datadir/user/libraries/Statistical/src/Statistical.h:49:30: error: expected &#39;,&#39; or &#39;...&#39; before numeric constant
  void LinearRegression(float _X, float _Y);
                              ^

</pre>
					
					<h4>examples/Regression</h4>
					<p>
						Result: <b>FAIL</b>
					</p>
					<pre class="pre-scrollable">In file included from /Users/alranel/Documents/git/arduino/arduino-testlib/cli-datadir/data/packages/arduino/hardware/samd/1.8.12/cores/arduino/api/String.h:29:0,
                 from /Users/alranel/Documents/git/arduino/arduino-testlib/cli-datadir/data/packages/arduino/hardware/samd/1.8.12/cores/arduino/api/IPAddress.h:24,
                 from /Users/alranel/Documents/git/arduino/arduino-testlib/cli-datadir/data/packages/arduino/hardware/samd/1.8.12/cores/arduino/api/ArduinoAPI.h:30,
                 from /Users/alranel/Documents/git/arduino/arduino-testlib/cli-datadir/data/packages/arduino/hardware/samd/1.8.12/cores/arduino/Arduino.h:23,
                 from /private/var/folders/47/_57rjy4111jc7dfpgjmcc93w0000gp/T/arduino-sketch-6251D4B6ACCB0AEDFEA5768B2118728B/sketch/Regression.ino.cpp:1:
/Users/alranel/Documents/git/arduino/arduino-testlib/cli-datadir/user/libraries/Statistical/src/Statistical.h:49:30: error: expected &#39;,&#39; or &#39;...&#39; before numeric constant
  void LinearRegression(float _X, float _Y);
                              ^
/Users/alranel/Documents/git/arduino/arduino-testlib/cli-datadir/user/libraries/Statistical/examples/Regression/Regression.ino: In function &#39;void loop()&#39;:
/Users/alranel/Documents/git/arduino/arduino-testlib/cli-datadir/user/libraries/Statistical/examples/Regression/Regression.ino:18:38: error: no matching function for call to &#39;Statistical::LinearRegression(int, double)&#39;
     DataSet.LinearRegression(1,220.14);
                                      ^
In file included from /Users/alranel/Documents/git/arduino/arduino-testlib/cli-datadir/user/libraries/Statistical/examples/Regression/Regression.ino:1:0:
/Users/alranel/Documents/git/arduino/arduino-testlib/cli-datadir/user/libraries/Statistical/src/Statistical.h:49:7: note: candidate: void Statistical::LinearRegression(float)
  void LinearRegression(float _X, float _Y);
       ^~~~~~~~~~~~~~~~
/Users/alranel/Documents/git/arduino/arduino-testlib/cli-datadir/user/libraries/Statistical/src/Statistical.h:49:7: note:   candidate expects 1 argument, 2 provided
/Users/alranel/Documents/git/arduino/arduino-testlib/cli-datadir/user/libraries/Statistical/examples/Regression/Regression.ino:19:38: error: no matching function for call to &#39;Statistical::LinearRegression(int, double)&#39;
     DataSet.LinearRegression(2,221.36);
                                      ^
In file included from /Users/alranel/Documents/git/arduino/arduino-testlib/cli-datadir/user/libraries/Statistical/examples/Regression/Regression.ino:1:0:
/Users/alranel/Documents/git/arduino/arduino-testlib/cli-datadir/user/libraries/Statistical/src/Statistical.h:49:7: note: candidate: void Statistical::LinearRegression(float)
  void LinearRegression(float _X, float _Y);
       ^~~~~~~~~~~~~~~~
/Users/alranel/Documents/git/arduino/arduino-testlib/cli-datadir/user/libraries/Statistical/src/Statistical.h:49:7: note:   candidate expects 1 argument, 2 provided
/Users/alranel/Documents/git/arduino/arduino-testlib/cli-datadir/user/libraries/Statistical/examples/Regression/Regression.ino:20:38: error: no matching function for call to &#39;Statistical::LinearRegression(int, double)&#39;
     DataSet.LinearRegression(3,218.21);
                                      ^
In file included from /Users/alranel/Documents/git/arduino/arduino-testlib/cli-datadir/user/libraries/Statistical/examples/Regression/Regression.ino:1:0:
/Users/alranel/Documents/git/arduino/arduino-testlib/cli-datadir/user/libraries/Statistical/src/Statistical.h:49:7: note: candidate: void Statistical::LinearRegression(float)
  void LinearRegression(float _X, float _Y);
       ^~~~~~~~~~~~~~~~
/Users/alranel/Documents/git/arduino/arduino-testlib/cli-datadir/user/libraries/Statistical/src/Statistical.h:49:7: note:   candidate expects 1 argument, 2 provided
/Users/alranel/Documents/git/arduino/arduino-testlib/cli-datadir/user/libraries/Statistical/examples/Regression/Regression.ino:21:38: error: no matching function for call to &#39;Statistical::LinearRegression(int, double)&#39;
     DataSet.LinearRegression(4,217.06);
                                      ^
In file included from /Users/alranel/Documents/git/arduino/arduino-testlib/cli-datadir/user/libraries/Statistical/examples/Regression/Regression.ino:1:0:
/Users/alranel/Documents/git/arduino/arduino-testlib/cli-datadir/user/libraries/Statistical/src/Statistical.h:49:7: note: candidate: void Statistical::LinearRegression(float)
  void LinearRegression(float _X, float _Y);
       ^~~~~~~~~~~~~~~~
/Users/alranel/Documents/git/arduino/arduino-testlib/cli-datadir/user/libraries/Statistical/src/Statistical.h:49:7: note:   candidate expects 1 argument, 2 provided
/Users/alranel/Documents/git/arduino/arduino-testlib/cli-datadir/user/libraries/Statistical/examples/Regression/Regression.ino:22:38: error: no matching function for call to &#39;Statistical::LinearRegression(int, double)&#39;
     DataSet.LinearRegression(5,220.14);
                                      ^
In file included from /Users/alranel/Documents/git/arduino/arduino-testlib/cli-datadir/user/libraries/Statistical/examples/Regression/Regression.ino:1:0:
/Users/alranel/Documents/git/arduino/arduino-testlib/cli-datadir/user/libraries/Statistical/src/Statistical.h:49:7: note: candidate: void Statistical::LinearRegression(float)
  void LinearRegression(float _X, float _Y);
       ^~~~~~~~~~~~~~~~
/Users/alranel/Documents/git/arduino/arduino-testlib/cli-datadir/user/libraries/Statistical/src/Statistical.h:49:7: note:   candidate expects 1 argument, 2 provided

</pre>
					
					<h4>examples/Stream</h4>
					<p>
						Result: <b>FAIL</b>
					</p>
					<pre class="pre-scrollable">In file included from /Users/alranel/Documents/git/arduino/arduino-testlib/cli-datadir/data/packages/arduino/hardware/samd/1.8.12/cores/arduino/api/String.h:29:0,
                 from /Users/alranel/Documents/git/arduino/arduino-testlib/cli-datadir/data/packages/arduino/hardware/samd/1.8.12/cores/arduino/api/IPAddress.h:24,
                 from /Users/alranel/Documents/git/arduino/arduino-testlib/cli-datadir/data/packages/arduino/hardware/samd/1.8.12/cores/arduino/api/ArduinoAPI.h:30,
                 from /Users/alranel/Documents/git/arduino/arduino-testlib/cli-datadir/data/packages/arduino/hardware/samd/1.8.12/cores/arduino/Arduino.h:23,
                 from /private/var/folders/47/_57rjy4111jc7dfpgjmcc93w0000gp/T/arduino-sketch-B0C5B29D7A3702F6E276DB382C7D947D/sketch/Stream.ino.cpp:1:
/Users/alranel/Documents/git/arduino/arduino-testlib/cli-datadir/user/libraries/Statistical/src/Statistical.h:49:30: error: expected &#39;,&#39; or &#39;...&#39; before numeric constant
  void LinearRegression(float _X, float _Y);
                              ^

</pre>
					
				
				<h3 id="esp32:esp32:d1_mini32">esp32:esp32:d1_mini32 @ 1.0.6</h3>
				<h4>Inclusion</h4>
				<p>
					Result: <b>FAIL</b>
					
				</p>
				<pre class="pre-scrollable">In file included from /home/ec2-user/arduino-testlib/cli-datadir/data/packages/esp32/tools/xtensa-esp32-elf-gcc/1.22.0-97-gc752ad5-5.2.0/xtensa-esp32-elf/include/c&#43;&#43;/5.2.0/cctype:42:0,
                 from /home/ec2-user/arduino-testlib/cli-datadir/data/packages/esp32/tools/xtensa-esp32-elf-gcc/1.22.0-97-gc752ad5-5.2.0/xtensa-esp32-elf/include/c&#43;&#43;/5.2.0/bits/localefwd.h:42,
                 from /home/ec2-user/arduino-testlib/cli-datadir/data/packages/esp32/tools/xtensa-esp32-elf-gcc/1.22.0-97-gc752ad5-5.2.0/xtensa-esp32-elf/include/c&#43;&#43;/5.2.0/string:43,
                 from /home/ec2-user/arduino-testlib/cli-datadir/data/packages/esp32/tools/xtensa-esp32-elf-gcc/1.22.0-97-gc752ad5-5.2.0/xtensa-esp32-elf/include/c&#43;&#43;/5.2.0/random:40,
                 from /home/ec2-user/arduino-testlib/cli-datadir/data/packages/esp32/tools/xtensa-esp32-elf-gcc/1.22.0-97-gc752ad5-5.2.0/xtensa-esp32-elf/include/c&#43;&#43;/5.2.0/bits/stl_algo.h:66,
                 from /home/ec2-user/arduino-testlib/cli-datadir/data/packages/esp32/tools/xtensa-esp32-elf-gcc/1.22.0-97-gc752ad5-5.2.0/xtensa-esp32-elf/include/c&#43;&#43;/5.2.0/algorithm:62,
                 from /home/ec2-user/arduino-testlib/cli-datadir/data/packages/esp32/hardware/esp32/1.0.6/cores/esp32/Arduino.h:142,
                 from /tmp/arduino-sketch-3A14366F89CB423992D45005507E6E4C/sketch/test.ino.cpp:1:
/home/ec2-user/arduino-testlib/cli-datadir/user/libraries/Statistical/src/Statistical.h:49:30: error: expected &#39;,&#39; or &#39;...&#39; before numeric constant
  void LinearRegression(float _X, float _Y);
                              ^

</pre>

					
					<h4>examples/Array</h4>
					<p>
						Result: <b>FAIL</b>
					</p>
					<pre class="pre-scrollable">In file included from /home/ec2-user/arduino-testlib/cli-datadir/data/packages/esp32/tools/xtensa-esp32-elf-gcc/1.22.0-97-gc752ad5-5.2.0/xtensa-esp32-elf/include/c&#43;&#43;/5.2.0/cctype:42:0,
                 from /home/ec2-user/arduino-testlib/cli-datadir/data/packages/esp32/tools/xtensa-esp32-elf-gcc/1.22.0-97-gc752ad5-5.2.0/xtensa-esp32-elf/include/c&#43;&#43;/5.2.0/bits/localefwd.h:42,
                 from /home/ec2-user/arduino-testlib/cli-datadir/data/packages/esp32/tools/xtensa-esp32-elf-gcc/1.22.0-97-gc752ad5-5.2.0/xtensa-esp32-elf/include/c&#43;&#43;/5.2.0/string:43,
                 from /home/ec2-user/arduino-testlib/cli-datadir/data/packages/esp32/tools/xtensa-esp32-elf-gcc/1.22.0-97-gc752ad5-5.2.0/xtensa-esp32-elf/include/c&#43;&#43;/5.2.0/random:40,
                 from /home/ec2-user/arduino-testlib/cli-datadir/data/packages/esp32/tools/xtensa-esp32-elf-gcc/1.22.0-97-gc752ad5-5.2.0/xtensa-esp32-elf/include/c&#43;&#43;/5.2.0/bits/stl_algo.h:66,
                 from /home/ec2-user/arduino-testlib/cli-datadir/data/packages/esp32/tools/xtensa-esp32-elf-gcc/1.22.0-97-gc752ad5-5.2.0/xtensa-esp32-elf/include/c&#43;&#43;/5.2.0/algorithm:62,
                 from /home/ec2-user/arduino-testlib/cli-datadir/data/packages/esp32/hardware/esp32/1.0.6/cores/esp32/Arduino.h:142,
                 from /tmp/arduino-sketch-518648F77224D044F5B38447C2E459FF/sketch/Array.ino.cpp:1:
/home/ec2-user/arduino-testlib/cli-datadir/user/libraries/Statistical/src/Statistical.h:49:30: error: expected &#39;,&#39; or &#39;...&#39; before numeric constant
  void LinearRegression(float _X, float _Y);
                              ^

</pre>
					
					<h4>examples/Regression</h4>
					<p>
						Result: <b>FAIL</b>
					</p>
					<pre class="pre-scrollable">In file included from /home/ec2-user/arduino-testlib/cli-datadir/data/packages/esp32/tools/xtensa-esp32-elf-gcc/1.22.0-97-gc752ad5-5.2.0/xtensa-esp32-elf/include/c&#43;&#43;/5.2.0/cctype:42:0,
                 from /home/ec2-user/arduino-testlib/cli-datadir/data/packages/esp32/tools/xtensa-esp32-elf-gcc/1.22.0-97-gc752ad5-5.2.0/xtensa-esp32-elf/include/c&#43;&#43;/5.2.0/bits/localefwd.h:42,
                 from /home/ec2-user/arduino-testlib/cli-datadir/data/packages/esp32/tools/xtensa-esp32-elf-gcc/1.22.0-97-gc752ad5-5.2.0/xtensa-esp32-elf/include/c&#43;&#43;/5.2.0/string:43,
                 from /home/ec2-user/arduino-testlib/cli-datadir/data/packages/esp32/tools/xtensa-esp32-elf-gcc/1.22.0-97-gc752ad5-5.2.0/xtensa-esp32-elf/include/c&#43;&#43;/5.2.0/random:40,
                 from /home/ec2-user/arduino-testlib/cli-datadir/data/packages/esp32/tools/xtensa-esp32-elf-gcc/1.22.0-97-gc752ad5-5.2.0/xtensa-esp32-elf/include/c&#43;&#43;/5.2.0/bits/stl_algo.h:66,
                 from /home/ec2-user/arduino-testlib/cli-datadir/data/packages/esp32/tools/xtensa-esp32-elf-gcc/1.22.0-97-gc752ad5-5.2.0/xtensa-esp32-elf/include/c&#43;&#43;/5.2.0/algorithm:62,
                 from /home/ec2-user/arduino-testlib/cli-datadir/data/packages/esp32/hardware/esp32/1.0.6/cores/esp32/Arduino.h:142,
                 from /tmp/arduino-sketch-BF8E17543CB43EF960F9A741B1B78D58/sketch/Regression.ino.cpp:1:
/home/ec2-user/arduino-testlib/cli-datadir/user/libraries/Statistical/src/Statistical.h:49:30: error: expected &#39;,&#39; or &#39;...&#39; before numeric constant
  void LinearRegression(float _X, float _Y);
                              ^
/home/ec2-user/arduino-testlib/cli-datadir/user/libraries/Statistical/examples/Regression/Regression.ino: In function &#39;void loop()&#39;:
/home/ec2-user/arduino-testlib/cli-datadir/user/libraries/Statistical/examples/Regression/Regression.ino:18:38: error: no matching function for call to &#39;Statistical::LinearRegression(int, double)&#39;
     DataSet.LinearRegression(1,220.14);
                                      ^
In file included from /home/ec2-user/arduino-testlib/cli-datadir/user/libraries/Statistical/examples/Regression/Regression.ino:1:0:
/home/ec2-user/arduino-testlib/cli-datadir/user/libraries/Statistical/src/Statistical.h:49:7: note: candidate: void Statistical::LinearRegression(float)
  void LinearRegression(float _X, float _Y);
       ^
/home/ec2-user/arduino-testlib/cli-datadir/user/libraries/Statistical/src/Statistical.h:49:7: note:   candidate expects 1 argument, 2 provided
/home/ec2-user/arduino-testlib/cli-datadir/user/libraries/Statistical/examples/Regression/Regression.ino:19:38: error: no matching function for call to &#39;Statistical::LinearRegression(int, double)&#39;
     DataSet.LinearRegression(2,221.36);
                                      ^
In file included from /home/ec2-user/arduino-testlib/cli-datadir/user/libraries/Statistical/examples/Regression/Regression.ino:1:0:
/home/ec2-user/arduino-testlib/cli-datadir/user/libraries/Statistical/src/Statistical.h:49:7: note: candidate: void Statistical::LinearRegression(float)
  void LinearRegression(float _X, float _Y);
       ^
/home/ec2-user/arduino-testlib/cli-datadir/user/libraries/Statistical/src/Statistical.h:49:7: note:   candidate expects 1 argument, 2 provided
/home/ec2-user/arduino-testlib/cli-datadir/user/libraries/Statistical/examples/Regression/Regression.ino:20:38: error: no matching function for call to &#39;Statistical::LinearRegression(int, double)&#39;
     DataSet.LinearRegression(3,218.21);
                                      ^
In file included from /home/ec2-user/arduino-testlib/cli-datadir/user/libraries/Statistical/examples/Regression/Regression.ino:1:0:
/home/ec2-user/arduino-testlib/cli-datadir/user/libraries/Statistical/src/Statistical.h:49:7: note: candidate: void Statistical::LinearRegression(float)
  void LinearRegression(float _X, float _Y);
       ^
/home/ec2-user/arduino-testlib/cli-datadir/user/libraries/Statistical/src/Statistical.h:49:7: note:   candidate expects 1 argument, 2 provided
/home/ec2-user/arduino-testlib/cli-datadir/user/libraries/Statistical/examples/Regression/Regression.ino:21:38: error: no matching function for call to &#39;Statistical::LinearRegression(int, double)&#39;
     DataSet.LinearRegression(4,217.06);
                                      ^
In file included from /home/ec2-user/arduino-testlib/cli-datadir/user/libraries/Statistical/examples/Regression/Regression.ino:1:0:
/home/ec2-user/arduino-testlib/cli-datadir/user/libraries/Statistical/src/Statistical.h:49:7: note: candidate: void Statistical::LinearRegression(float)
  void LinearRegression(float _X, float _Y);
       ^
/home/ec2-user/arduino-testlib/cli-datadir/user/libraries/Statistical/src/Statistical.h:49:7: note:   candidate expects 1 argument, 2 provided
/home/ec2-user/arduino-testlib/cli-datadir/user/libraries/Statistical/examples/Regression/Regression.ino:22:38: error: no matching function for call to &#39;Statistical::LinearRegression(int, double)&#39;
     DataSet.LinearRegression(5,220.14);
                                      ^
In file included from /home/ec2-user/arduino-testlib/cli-datadir/user/libraries/Statistical/examples/Regression/Regression.ino:1:0:
/home/ec2-user/arduino-testlib/cli-datadir/user/libraries/Statistical/src/Statistical.h:49:7: note: candidate: void Statistical::LinearRegression(float)
  void LinearRegression(float _X, float _Y);
       ^
/home/ec2-user/arduino-testlib/cli-datadir/user/libraries/Statistical/src/Statistical.h:49:7: note:   candidate expects 1 argument, 2 provided

</pre>
					
					<h4>examples/Stream</h4>
					<p>
						Result: <b>FAIL</b>
					</p>
					<pre class="pre-scrollable">In file included from /home/ec2-user/arduino-testlib/cli-datadir/data/packages/esp32/tools/xtensa-esp32-elf-gcc/1.22.0-97-gc752ad5-5.2.0/xtensa-esp32-elf/include/c&#43;&#43;/5.2.0/cctype:42:0,
                 from /home/ec2-user/arduino-testlib/cli-datadir/data/packages/esp32/tools/xtensa-esp32-elf-gcc/1.22.0-97-gc752ad5-5.2.0/xtensa-esp32-elf/include/c&#43;&#43;/5.2.0/bits/localefwd.h:42,
                 from /home/ec2-user/arduino-testlib/cli-datadir/data/packages/esp32/tools/xtensa-esp32-elf-gcc/1.22.0-97-gc752ad5-5.2.0/xtensa-esp32-elf/include/c&#43;&#43;/5.2.0/string:43,
                 from /home/ec2-user/arduino-testlib/cli-datadir/data/packages/esp32/tools/xtensa-esp32-elf-gcc/1.22.0-97-gc752ad5-5.2.0/xtensa-esp32-elf/include/c&#43;&#43;/5.2.0/random:40,
                 from /home/ec2-user/arduino-testlib/cli-datadir/data/packages/esp32/tools/xtensa-esp32-elf-gcc/1.22.0-97-gc752ad5-5.2.0/xtensa-esp32-elf/include/c&#43;&#43;/5.2.0/bits/stl_algo.h:66,
                 from /home/ec2-user/arduino-testlib/cli-datadir/data/packages/esp32/tools/xtensa-esp32-elf-gcc/1.22.0-97-gc752ad5-5.2.0/xtensa-esp32-elf/include/c&#43;&#43;/5.2.0/algorithm:62,
                 from /home/ec2-user/arduino-testlib/cli-datadir/data/packages/esp32/hardware/esp32/1.0.6/cores/esp32/Arduino.h:142,
                 from /tmp/arduino-sketch-085AEA4DD26A02786512C99BF4354392/sketch/Stream.ino.cpp:1:
/home/ec2-user/arduino-testlib/cli-datadir/user/libraries/Statistical/src/Statistical.h:49:30: error: expected &#39;,&#39; or &#39;...&#39; before numeric constant
  void LinearRegression(float _X, float _Y);
                              ^

</pre>
					
				
			</div>
		</div>
	</div>
  </body>
</html>
