
<!doctype html>
<html lang="en">
  <head>
    <meta charset="utf-8">
    <meta name="viewport" content="width=device-width, initial-scale=1">
    <link href="https://cdn.jsdelivr.net/npm/bootstrap@5.0.2/dist/css/bootstrap.min.css" rel="stylesheet" integrity="sha384-EVSTQN3/azprG1Anm3QDgpJLIm9Nao0Yz1ztcQTwFspd3yD65VohhpuuCOmLASjC" crossorigin="anonymous">
    <title>arduino-testlib report</title>
	<style>
	.pass { background-color: #00FF00 !important; }
	.fail { background-color: #FF0000 !important; }
	</style>
  </head>
  <body>
	<div class="container">
		<div class="row">
			<div class="col">
				<h1>Step_CYC10_Seven_Seg_Display - compatibility matrix</h1>
				<p>
					<small>This report was generated on Wednesday, 23-Feb-22 22:48:15 CET using 
					<a href="https://github.com/alranel/arduino-testlib">arduino-testlib</a>.</small>
				</p>

				<h2>Step_CYC10_Seven_Seg_Display</h2>
				<p>
					Version: <b>1.0.5</b>
					<br />
					<a href="https://www.arduino.cc/reference/en/libraries/step_cyc10_seven_seg_display/">More details</a>
				</p>

				<h2>Compatibility matrix</h2>
				<table class="table table-bordered">
					<tr>
						<th>Board</th>
						<th>Claims compatibility</th>
						<th>Inclusion</th>
						
					</tr>
					
					<tr>
						<td>
							<a href="#arduino%3aavr%3auno"><b>arduino:avr:uno</b></a>
							<br />
							<small>1.8.4</small>
						</td>

						
						
						
						
							<td>No</td>
							<td class="fail">FAIL</td>
						

						
					</tr>
					
					<tr>
						<td>
							<a href="#arduino%3ambed_nano%3ananorp2040connect"><b>arduino:mbed_nano:nanorp2040connect</b></a>
							<br />
							<small>2.7.2</small>
						</td>

						
						
						
						
							<td>No</td>
							<td class="fail">FAIL</td>
						

						
					</tr>
					
					<tr>
						<td>
							<a href="#arduino%3amegaavr%3anona4809"><b>arduino:megaavr:nona4809</b></a>
							<br />
							<small>1.8.7</small>
						</td>

						
						
						
						
							<td>No</td>
							<td class="fail">FAIL</td>
						

						
					</tr>
					
					<tr>
						<td>
							<a href="#arduino%3asamd%3amkrwifi1010"><b>arduino:samd:mkrwifi1010</b></a>
							<br />
							<small>1.8.12</small>
						</td>

						
						
						
						
							<td>No</td>
							<td class="fail">FAIL</td>
						

						
					</tr>
					
					<tr>
						<td>
							<a href="#esp32%3aesp32%3ad1_mini32"><b>esp32:esp32:d1_mini32</b></a>
							<br />
							<small>1.0.6</small>
						</td>

						
						
						
						
							<td>No</td>
							<td class="fail">FAIL</td>
						

						
					</tr>
					
				</table>

				<h2>Compilation logs</h2>
				
				<h3 id="arduino:avr:uno">arduino:avr:uno @ 1.8.4</h3>
				<h4>Inclusion</h4>
				<p>
					Result: <b>FAIL</b>
					
				</p>
				<pre class="pre-scrollable">WARNING: library Step_CYC10_Seven_Seg_Display claims to run on Reindeer architecture(s) and may be incompatible with your current board which runs on avr architecture(s).
In file included from /tmp/arduino-testlib2271686779/test/test.ino:1:0:
/home/ec2-user/arduino-testlib/cli-datadir/user/libraries/Step_CYC10_Seven_Seg_Display/src/Step_CYC10_Seven_Seg_Display.h: In member function &#39;void Step_CYC10_Seven_Seg_Display::reset(uint16_t, uint32_t, uint8_t)&#39;:
/home/ec2-user/arduino-testlib/cli-datadir/user/libraries/Step_CYC10_Seven_Seg_Display/src/Step_CYC10_Seven_Seg_Display.h:60:30: error: &#39;TIMER_RESOLUTION&#39; was not declared in this scope
             refresh_count_ = TIMER_RESOLUTION / refresh_rate_in_Hz;
                              ^~~~~~~~~~~~~~~~
/home/ec2-user/arduino-testlib/cli-datadir/user/libraries/Step_CYC10_Seven_Seg_Display/src/Step_CYC10_Seven_Seg_Display.h: In member function &#39;void Step_CYC10_Seven_Seg_Display::start_refresh()&#39;:
/home/ec2-user/arduino-testlib/cli-datadir/user/libraries/Step_CYC10_Seven_Seg_Display/src/Step_CYC10_Seven_Seg_Display.h:130:30: error: &#39;INT_TIMER_INDEX&#39; was not declared in this scope
             attachInterrupt (INT_TIMER_INDEX, seven_segment_display_timer_isr_, RISING);
                              ^~~~~~~~~~~~~~~
/home/ec2-user/arduino-testlib/cli-datadir/user/libraries/Step_CYC10_Seven_Seg_Display/src/Step_CYC10_Seven_Seg_Display.h: In member function &#39;void Step_CYC10_Seven_Seg_Display::stop_refresh()&#39;:
/home/ec2-user/arduino-testlib/cli-datadir/user/libraries/Step_CYC10_Seven_Seg_Display/src/Step_CYC10_Seven_Seg_Display.h:148:30: error: &#39;INT_TIMER_INDEX&#39; was not declared in this scope
             detachInterrupt (INT_TIMER_INDEX);
                              ^~~~~~~~~~~~~~~
/home/ec2-user/arduino-testlib/cli-datadir/user/libraries/Step_CYC10_Seven_Seg_Display/src/Step_CYC10_Seven_Seg_Display.h: In static member function &#39;static void Step_CYC10_Seven_Seg_Display::timer_advance_(uint32_t)&#39;:
/home/ec2-user/arduino-testlib/cli-datadir/user/libraries/Step_CYC10_Seven_Seg_Display/src/Step_CYC10_Seven_Seg_Display.h:189:63: error: &#39;mstatus&#39; was not declared in this scope
             interrupt_saved_mstatus_timer_advance = read_csr (mstatus);
                                                               ^~~~~~~
/home/ec2-user/arduino-testlib/cli-datadir/user/libraries/Step_CYC10_Seven_Seg_Display/src/Step_CYC10_Seven_Seg_Display.h:189:63: note: suggested alternative: &#39;static&#39;
             interrupt_saved_mstatus_timer_advance = read_csr (mstatus);
                                                               ^~~~~~~
                                                               static
/home/ec2-user/arduino-testlib/cli-datadir/user/libraries/Step_CYC10_Seven_Seg_Display/src/Step_CYC10_Seven_Seg_Display.h:189:53: error: &#39;read_csr&#39; was not declared in this scope
             interrupt_saved_mstatus_timer_advance = read_csr (mstatus);
                                                     ^~~~~~~~
/home/ec2-user/arduino-testlib/cli-datadir/user/libraries/Step_CYC10_Seven_Seg_Display/src/Step_CYC10_Seven_Seg_Display.h:189:53: note: suggested alternative: &#39;rand_r&#39;
             interrupt_saved_mstatus_timer_advance = read_csr (mstatus);
                                                     ^~~~~~~~
                                                     rand_r
/home/ec2-user/arduino-testlib/cli-datadir/user/libraries/Step_CYC10_Seven_Seg_Display/src/Step_CYC10_Seven_Seg_Display.h:191:13: error: &#39;write_csr&#39; was not declared in this scope
             write_csr (mstatus, 0);
             ^~~~~~~~~
/home/ec2-user/arduino-testlib/cli-datadir/user/libraries/Step_CYC10_Seven_Seg_Display/src/Step_CYC10_Seven_Seg_Display.h:192:26: error: &#39;REG_MTIME_LOW&#39; was not declared in this scope
                 low  = (*REG_MTIME_LOW);
                          ^~~~~~~~~~~~~
/home/ec2-user/arduino-testlib/cli-datadir/user/libraries/Step_CYC10_Seven_Seg_Display/src/Step_CYC10_Seven_Seg_Display.h:193:26: error: &#39;REG_MTIME_HIGH&#39; was not declared in this scope
                 high = (*REG_MTIME_HIGH);
                          ^~~~~~~~~~~~~~
/home/ec2-user/arduino-testlib/cli-datadir/user/libraries/Step_CYC10_Seven_Seg_Display/src/Step_CYC10_Seven_Seg_Display.h:199:15: error: &#39;REG_MTIMECMP_LOW&#39; was not declared in this scope
             (*REG_MTIMECMP_LOW) = 0xFFFFFFFF;
               ^~~~~~~~~~~~~~~~
/home/ec2-user/arduino-testlib/cli-datadir/user/libraries/Step_CYC10_Seven_Seg_Display/src/Step_CYC10_Seven_Seg_Display.h:200:15: error: &#39;REG_MTIMECMP_HIGH&#39; was not declared in this scope
             (*REG_MTIMECMP_HIGH) = high;
               ^~~~~~~~~~~~~~~~~
/home/ec2-user/arduino-testlib/cli-datadir/user/libraries/Step_CYC10_Seven_Seg_Display/src/Step_CYC10_Seven_Seg_Display.h: In static member function &#39;static void Step_CYC10_Seven_Seg_Display::_refresh()&#39;:
/home/ec2-user/arduino-testlib/cli-datadir/user/libraries/Step_CYC10_Seven_Seg_Display/src/Step_CYC10_Seven_Seg_Display.h:222:13: error: &#39;GPIO_P1&#39; was not declared in this scope
             GPIO_P1 = 1 &lt;&lt; index_;
             ^~~~~~~
/home/ec2-user/arduino-testlib/cli-datadir/user/libraries/Step_CYC10_Seven_Seg_Display/src/Step_CYC10_Seven_Seg_Display.h:222:13: note: suggested alternative: &#39;GPIOR01&#39;
             GPIO_P1 = 1 &lt;&lt; index_;
             ^~~~~~~
             GPIOR01
/home/ec2-user/arduino-testlib/cli-datadir/user/libraries/Step_CYC10_Seven_Seg_Display/src/Step_CYC10_Seven_Seg_Display.h:225:13: error: &#39;GPIO_P0&#39; was not declared in this scope
             GPIO_P0 = seven_seg_display_encoding_[t] | ((active_dp_mask_ &gt;&gt; index_) &amp; 1) &lt;&lt; 7;
             ^~~~~~~
/home/ec2-user/arduino-testlib/cli-datadir/user/libraries/Step_CYC10_Seven_Seg_Display/src/Step_CYC10_Seven_Seg_Display.h:225:13: note: suggested alternative: &#39;GPIOR00&#39;
             GPIO_P0 = seven_seg_display_encoding_[t] | ((active_dp_mask_ &gt;&gt; index_) &amp; 1) &lt;&lt; 7;
             ^~~~~~~
             GPIOR00

</pre>

					
				
				<h3 id="arduino:mbed_nano:nanorp2040connect">arduino:mbed_nano:nanorp2040connect @ 2.7.2</h3>
				<h4>Inclusion</h4>
				<p>
					Result: <b>FAIL</b>
					
				</p>
				<pre class="pre-scrollable">WARNING: library Step_CYC10_Seven_Seg_Display claims to run on Reindeer architecture(s) and may be incompatible with your current board which runs on mbed_nano architecture(s).
In file included from /tmp/arduino-testlib2271686779/test/test.ino:1:0:
/home/ec2-user/arduino-testlib/cli-datadir/user/libraries/Step_CYC10_Seven_Seg_Display/src/Step_CYC10_Seven_Seg_Display.h: In member function &#39;void Step_CYC10_Seven_Seg_Display::reset(uint16_t, uint32_t, uint8_t)&#39;:
/home/ec2-user/arduino-testlib/cli-datadir/user/libraries/Step_CYC10_Seven_Seg_Display/src/Step_CYC10_Seven_Seg_Display.h:60:30: error: &#39;TIMER_RESOLUTION&#39; was not declared in this scope
             refresh_count_ = TIMER_RESOLUTION / refresh_rate_in_Hz;
                              ^~~~~~~~~~~~~~~~
/home/ec2-user/arduino-testlib/cli-datadir/user/libraries/Step_CYC10_Seven_Seg_Display/src/Step_CYC10_Seven_Seg_Display.h:60:30: note: suggested alternative: &#39;ADC_RESOLUTION&#39;
             refresh_count_ = TIMER_RESOLUTION / refresh_rate_in_Hz;
                              ^~~~~~~~~~~~~~~~
                              ADC_RESOLUTION
/home/ec2-user/arduino-testlib/cli-datadir/user/libraries/Step_CYC10_Seven_Seg_Display/src/Step_CYC10_Seven_Seg_Display.h: In member function &#39;void Step_CYC10_Seven_Seg_Display::start_refresh()&#39;:
/home/ec2-user/arduino-testlib/cli-datadir/user/libraries/Step_CYC10_Seven_Seg_Display/src/Step_CYC10_Seven_Seg_Display.h:130:30: error: &#39;INT_TIMER_INDEX&#39; was not declared in this scope
             attachInterrupt (INT_TIMER_INDEX, seven_segment_display_timer_isr_, RISING);
                              ^~~~~~~~~~~~~~~
/home/ec2-user/arduino-testlib/cli-datadir/user/libraries/Step_CYC10_Seven_Seg_Display/src/Step_CYC10_Seven_Seg_Display.h: In member function &#39;void Step_CYC10_Seven_Seg_Display::stop_refresh()&#39;:
/home/ec2-user/arduino-testlib/cli-datadir/user/libraries/Step_CYC10_Seven_Seg_Display/src/Step_CYC10_Seven_Seg_Display.h:148:30: error: &#39;INT_TIMER_INDEX&#39; was not declared in this scope
             detachInterrupt (INT_TIMER_INDEX);
                              ^~~~~~~~~~~~~~~
/home/ec2-user/arduino-testlib/cli-datadir/user/libraries/Step_CYC10_Seven_Seg_Display/src/Step_CYC10_Seven_Seg_Display.h: In static member function &#39;static void Step_CYC10_Seven_Seg_Display::timer_advance_(uint32_t)&#39;:
/home/ec2-user/arduino-testlib/cli-datadir/user/libraries/Step_CYC10_Seven_Seg_Display/src/Step_CYC10_Seven_Seg_Display.h:189:63: error: &#39;mstatus&#39; was not declared in this scope
             interrupt_saved_mstatus_timer_advance = read_csr (mstatus);
                                                               ^~~~~~~
/home/ec2-user/arduino-testlib/cli-datadir/user/libraries/Step_CYC10_Seven_Seg_Display/src/Step_CYC10_Seven_Seg_Display.h:189:63: note: suggested alternative: &#39;statvfs&#39;
             interrupt_saved_mstatus_timer_advance = read_csr (mstatus);
                                                               ^~~~~~~
                                                               statvfs
/home/ec2-user/arduino-testlib/cli-datadir/user/libraries/Step_CYC10_Seven_Seg_Display/src/Step_CYC10_Seven_Seg_Display.h:189:53: error: &#39;read_csr&#39; was not declared in this scope
             interrupt_saved_mstatus_timer_advance = read_csr (mstatus);
                                                     ^~~~~~~~
/home/ec2-user/arduino-testlib/cli-datadir/user/libraries/Step_CYC10_Seven_Seg_Display/src/Step_CYC10_Seven_Seg_Display.h:189:53: note: suggested alternative: &#39;readdir&#39;
             interrupt_saved_mstatus_timer_advance = read_csr (mstatus);
                                                     ^~~~~~~~
                                                     readdir
/home/ec2-user/arduino-testlib/cli-datadir/user/libraries/Step_CYC10_Seven_Seg_Display/src/Step_CYC10_Seven_Seg_Display.h:191:13: error: &#39;write_csr&#39; was not declared in this scope
             write_csr (mstatus, 0);
             ^~~~~~~~~
/home/ec2-user/arduino-testlib/cli-datadir/user/libraries/Step_CYC10_Seven_Seg_Display/src/Step_CYC10_Seven_Seg_Display.h:191:13: note: suggested alternative: &#39;write&#39;
             write_csr (mstatus, 0);
             ^~~~~~~~~
             write
/home/ec2-user/arduino-testlib/cli-datadir/user/libraries/Step_CYC10_Seven_Seg_Display/src/Step_CYC10_Seven_Seg_Display.h:192:26: error: &#39;REG_MTIME_LOW&#39; was not declared in this scope
                 low  = (*REG_MTIME_LOW);
                          ^~~~~~~~~~~~~
/home/ec2-user/arduino-testlib/cli-datadir/user/libraries/Step_CYC10_Seven_Seg_Display/src/Step_CYC10_Seven_Seg_Display.h:193:26: error: &#39;REG_MTIME_HIGH&#39; was not declared in this scope
                 high = (*REG_MTIME_HIGH);
                          ^~~~~~~~~~~~~~
/home/ec2-user/arduino-testlib/cli-datadir/user/libraries/Step_CYC10_Seven_Seg_Display/src/Step_CYC10_Seven_Seg_Display.h:193:26: note: suggested alternative: &#39;_TIME_H_&#39;
                 high = (*REG_MTIME_HIGH);
                          ^~~~~~~~~~~~~~
                          _TIME_H_
/home/ec2-user/arduino-testlib/cli-datadir/user/libraries/Step_CYC10_Seven_Seg_Display/src/Step_CYC10_Seven_Seg_Display.h:199:15: error: &#39;REG_MTIMECMP_LOW&#39; was not declared in this scope
             (*REG_MTIMECMP_LOW) = 0xFFFFFFFF;
               ^~~~~~~~~~~~~~~~
/home/ec2-user/arduino-testlib/cli-datadir/user/libraries/Step_CYC10_Seven_Seg_Display/src/Step_CYC10_Seven_Seg_Display.h:200:15: error: &#39;REG_MTIMECMP_HIGH&#39; was not declared in this scope
             (*REG_MTIMECMP_HIGH) = high;
               ^~~~~~~~~~~~~~~~~
/home/ec2-user/arduino-testlib/cli-datadir/user/libraries/Step_CYC10_Seven_Seg_Display/src/Step_CYC10_Seven_Seg_Display.h: In static member function &#39;static void Step_CYC10_Seven_Seg_Display::_refresh()&#39;:
/home/ec2-user/arduino-testlib/cli-datadir/user/libraries/Step_CYC10_Seven_Seg_Display/src/Step_CYC10_Seven_Seg_Display.h:222:13: error: &#39;GPIO_P1&#39; was not declared in this scope
             GPIO_P1 = 1 &lt;&lt; index_;
             ^~~~~~~
/home/ec2-user/arduino-testlib/cli-datadir/user/libraries/Step_CYC10_Seven_Seg_Display/src/Step_CYC10_Seven_Seg_Display.h:222:13: note: suggested alternative: &#39;GPIO_IN&#39;
             GPIO_P1 = 1 &lt;&lt; index_;
             ^~~~~~~
             GPIO_IN
/home/ec2-user/arduino-testlib/cli-datadir/user/libraries/Step_CYC10_Seven_Seg_Display/src/Step_CYC10_Seven_Seg_Display.h:225:13: error: &#39;GPIO_P0&#39; was not declared in this scope
             GPIO_P0 = seven_seg_display_encoding_[t] | ((active_dp_mask_ &gt;&gt; index_) &amp; 1) &lt;&lt; 7;
             ^~~~~~~
/home/ec2-user/arduino-testlib/cli-datadir/user/libraries/Step_CYC10_Seven_Seg_Display/src/Step_CYC10_Seven_Seg_Display.h:225:13: note: suggested alternative: &#39;GPIO_IN&#39;
             GPIO_P0 = seven_seg_display_encoding_[t] | ((active_dp_mask_ &gt;&gt; index_) &amp; 1) &lt;&lt; 7;
             ^~~~~~~
             GPIO_IN

</pre>

					
				
				<h3 id="arduino:megaavr:nona4809">arduino:megaavr:nona4809 @ 1.8.7</h3>
				<h4>Inclusion</h4>
				<p>
					Result: <b>FAIL</b>
					
				</p>
				<pre class="pre-scrollable">WARNING: library Step_CYC10_Seven_Seg_Display claims to run on Reindeer architecture(s) and may be incompatible with your current board which runs on megaavr architecture(s).
In file included from /tmp/arduino-testlib2271686779/test/test.ino:1:0:
/home/ec2-user/arduino-testlib/cli-datadir/user/libraries/Step_CYC10_Seven_Seg_Display/src/Step_CYC10_Seven_Seg_Display.h: In member function &#39;void Step_CYC10_Seven_Seg_Display::reset(uint16_t, uint32_t, uint8_t)&#39;:
/home/ec2-user/arduino-testlib/cli-datadir/user/libraries/Step_CYC10_Seven_Seg_Display/src/Step_CYC10_Seven_Seg_Display.h:60:30: error: &#39;TIMER_RESOLUTION&#39; was not declared in this scope
             refresh_count_ = TIMER_RESOLUTION / refresh_rate_in_Hz;
                              ^~~~~~~~~~~~~~~~
/home/ec2-user/arduino-testlib/cli-datadir/user/libraries/Step_CYC10_Seven_Seg_Display/src/Step_CYC10_Seven_Seg_Display.h: In member function &#39;void Step_CYC10_Seven_Seg_Display::start_refresh()&#39;:
/home/ec2-user/arduino-testlib/cli-datadir/user/libraries/Step_CYC10_Seven_Seg_Display/src/Step_CYC10_Seven_Seg_Display.h:130:30: error: &#39;INT_TIMER_INDEX&#39; was not declared in this scope
             attachInterrupt (INT_TIMER_INDEX, seven_segment_display_timer_isr_, RISING);
                              ^~~~~~~~~~~~~~~
/home/ec2-user/arduino-testlib/cli-datadir/user/libraries/Step_CYC10_Seven_Seg_Display/src/Step_CYC10_Seven_Seg_Display.h: In member function &#39;void Step_CYC10_Seven_Seg_Display::stop_refresh()&#39;:
/home/ec2-user/arduino-testlib/cli-datadir/user/libraries/Step_CYC10_Seven_Seg_Display/src/Step_CYC10_Seven_Seg_Display.h:148:30: error: &#39;INT_TIMER_INDEX&#39; was not declared in this scope
             detachInterrupt (INT_TIMER_INDEX);
                              ^~~~~~~~~~~~~~~
/home/ec2-user/arduino-testlib/cli-datadir/user/libraries/Step_CYC10_Seven_Seg_Display/src/Step_CYC10_Seven_Seg_Display.h: In static member function &#39;static void Step_CYC10_Seven_Seg_Display::timer_advance_(uint32_t)&#39;:
/home/ec2-user/arduino-testlib/cli-datadir/user/libraries/Step_CYC10_Seven_Seg_Display/src/Step_CYC10_Seven_Seg_Display.h:189:63: error: &#39;mstatus&#39; was not declared in this scope
             interrupt_saved_mstatus_timer_advance = read_csr (mstatus);
                                                               ^~~~~~~
/home/ec2-user/arduino-testlib/cli-datadir/user/libraries/Step_CYC10_Seven_Seg_Display/src/Step_CYC10_Seven_Seg_Display.h:189:63: note: suggested alternative: &#39;static&#39;
             interrupt_saved_mstatus_timer_advance = read_csr (mstatus);
                                                               ^~~~~~~
                                                               static
/home/ec2-user/arduino-testlib/cli-datadir/user/libraries/Step_CYC10_Seven_Seg_Display/src/Step_CYC10_Seven_Seg_Display.h:189:53: error: &#39;read_csr&#39; was not declared in this scope
             interrupt_saved_mstatus_timer_advance = read_csr (mstatus);
                                                     ^~~~~~~~
/home/ec2-user/arduino-testlib/cli-datadir/user/libraries/Step_CYC10_Seven_Seg_Display/src/Step_CYC10_Seven_Seg_Display.h:189:53: note: suggested alternative: &#39;rand_r&#39;
             interrupt_saved_mstatus_timer_advance = read_csr (mstatus);
                                                     ^~~~~~~~
                                                     rand_r
/home/ec2-user/arduino-testlib/cli-datadir/user/libraries/Step_CYC10_Seven_Seg_Display/src/Step_CYC10_Seven_Seg_Display.h:191:13: error: &#39;write_csr&#39; was not declared in this scope
             write_csr (mstatus, 0);
             ^~~~~~~~~
/home/ec2-user/arduino-testlib/cli-datadir/user/libraries/Step_CYC10_Seven_Seg_Display/src/Step_CYC10_Seven_Seg_Display.h:192:26: error: &#39;REG_MTIME_LOW&#39; was not declared in this scope
                 low  = (*REG_MTIME_LOW);
                          ^~~~~~~~~~~~~
/home/ec2-user/arduino-testlib/cli-datadir/user/libraries/Step_CYC10_Seven_Seg_Display/src/Step_CYC10_Seven_Seg_Display.h:193:26: error: &#39;REG_MTIME_HIGH&#39; was not declared in this scope
                 high = (*REG_MTIME_HIGH);
                          ^~~~~~~~~~~~~~
/home/ec2-user/arduino-testlib/cli-datadir/user/libraries/Step_CYC10_Seven_Seg_Display/src/Step_CYC10_Seven_Seg_Display.h:199:15: error: &#39;REG_MTIMECMP_LOW&#39; was not declared in this scope
             (*REG_MTIMECMP_LOW) = 0xFFFFFFFF;
               ^~~~~~~~~~~~~~~~
/home/ec2-user/arduino-testlib/cli-datadir/user/libraries/Step_CYC10_Seven_Seg_Display/src/Step_CYC10_Seven_Seg_Display.h:200:15: error: &#39;REG_MTIMECMP_HIGH&#39; was not declared in this scope
             (*REG_MTIMECMP_HIGH) = high;
               ^~~~~~~~~~~~~~~~~
/home/ec2-user/arduino-testlib/cli-datadir/user/libraries/Step_CYC10_Seven_Seg_Display/src/Step_CYC10_Seven_Seg_Display.h: In static member function &#39;static void Step_CYC10_Seven_Seg_Display::_refresh()&#39;:
/home/ec2-user/arduino-testlib/cli-datadir/user/libraries/Step_CYC10_Seven_Seg_Display/src/Step_CYC10_Seven_Seg_Display.h:222:13: error: &#39;GPIO_P1&#39; was not declared in this scope
             GPIO_P1 = 1 &lt;&lt; index_;
             ^~~~~~~
/home/ec2-user/arduino-testlib/cli-datadir/user/libraries/Step_CYC10_Seven_Seg_Display/src/Step_CYC10_Seven_Seg_Display.h:222:13: note: suggested alternative: &#39;GPIO1&#39;
             GPIO_P1 = 1 &lt;&lt; index_;
             ^~~~~~~
             GPIO1
/home/ec2-user/arduino-testlib/cli-datadir/user/libraries/Step_CYC10_Seven_Seg_Display/src/Step_CYC10_Seven_Seg_Display.h:225:13: error: &#39;GPIO_P0&#39; was not declared in this scope
             GPIO_P0 = seven_seg_display_encoding_[t] | ((active_dp_mask_ &gt;&gt; index_) &amp; 1) &lt;&lt; 7;
             ^~~~~~~
/home/ec2-user/arduino-testlib/cli-datadir/user/libraries/Step_CYC10_Seven_Seg_Display/src/Step_CYC10_Seven_Seg_Display.h:225:13: note: suggested alternative: &#39;GPIO0&#39;
             GPIO_P0 = seven_seg_display_encoding_[t] | ((active_dp_mask_ &gt;&gt; index_) &amp; 1) &lt;&lt; 7;
             ^~~~~~~
             GPIO0

</pre>

					
				
				<h3 id="arduino:samd:mkrwifi1010">arduino:samd:mkrwifi1010 @ 1.8.12</h3>
				<h4>Inclusion</h4>
				<p>
					Result: <b>FAIL</b>
					
				</p>
				<pre class="pre-scrollable">WARNING: library Step_CYC10_Seven_Seg_Display claims to run on Reindeer architecture(s) and may be incompatible with your current board which runs on samd architecture(s).
In file included from /tmp/arduino-testlib2271686779/test/test.ino:1:0:
/home/ec2-user/arduino-testlib/cli-datadir/user/libraries/Step_CYC10_Seven_Seg_Display/src/Step_CYC10_Seven_Seg_Display.h: In member function &#39;void Step_CYC10_Seven_Seg_Display::reset(uint16_t, uint32_t, uint8_t)&#39;:
/home/ec2-user/arduino-testlib/cli-datadir/user/libraries/Step_CYC10_Seven_Seg_Display/src/Step_CYC10_Seven_Seg_Display.h:60:30: error: &#39;TIMER_RESOLUTION&#39; was not declared in this scope
             refresh_count_ = TIMER_RESOLUTION / refresh_rate_in_Hz;
                              ^~~~~~~~~~~~~~~~
/home/ec2-user/arduino-testlib/cli-datadir/user/libraries/Step_CYC10_Seven_Seg_Display/src/Step_CYC10_Seven_Seg_Display.h:60:30: note: suggested alternative: &#39;ADC_RESOLUTION&#39;
             refresh_count_ = TIMER_RESOLUTION / refresh_rate_in_Hz;
                              ^~~~~~~~~~~~~~~~
                              ADC_RESOLUTION
/home/ec2-user/arduino-testlib/cli-datadir/user/libraries/Step_CYC10_Seven_Seg_Display/src/Step_CYC10_Seven_Seg_Display.h: In member function &#39;void Step_CYC10_Seven_Seg_Display::start_refresh()&#39;:
/home/ec2-user/arduino-testlib/cli-datadir/user/libraries/Step_CYC10_Seven_Seg_Display/src/Step_CYC10_Seven_Seg_Display.h:130:30: error: &#39;INT_TIMER_INDEX&#39; was not declared in this scope
             attachInterrupt (INT_TIMER_INDEX, seven_segment_display_timer_isr_, RISING);
                              ^~~~~~~~~~~~~~~
/home/ec2-user/arduino-testlib/cli-datadir/user/libraries/Step_CYC10_Seven_Seg_Display/src/Step_CYC10_Seven_Seg_Display.h: In member function &#39;void Step_CYC10_Seven_Seg_Display::stop_refresh()&#39;:
/home/ec2-user/arduino-testlib/cli-datadir/user/libraries/Step_CYC10_Seven_Seg_Display/src/Step_CYC10_Seven_Seg_Display.h:148:30: error: &#39;INT_TIMER_INDEX&#39; was not declared in this scope
             detachInterrupt (INT_TIMER_INDEX);
                              ^~~~~~~~~~~~~~~
/home/ec2-user/arduino-testlib/cli-datadir/user/libraries/Step_CYC10_Seven_Seg_Display/src/Step_CYC10_Seven_Seg_Display.h: In static member function &#39;static void Step_CYC10_Seven_Seg_Display::timer_advance_(uint32_t)&#39;:
/home/ec2-user/arduino-testlib/cli-datadir/user/libraries/Step_CYC10_Seven_Seg_Display/src/Step_CYC10_Seven_Seg_Display.h:189:63: error: &#39;mstatus&#39; was not declared in this scope
             interrupt_saved_mstatus_timer_advance = read_csr (mstatus);
                                                               ^~~~~~~
/home/ec2-user/arduino-testlib/cli-datadir/user/libraries/Step_CYC10_Seven_Seg_Display/src/Step_CYC10_Seven_Seg_Display.h:189:63: note: suggested alternative: &#39;static&#39;
             interrupt_saved_mstatus_timer_advance = read_csr (mstatus);
                                                               ^~~~~~~
                                                               static
/home/ec2-user/arduino-testlib/cli-datadir/user/libraries/Step_CYC10_Seven_Seg_Display/src/Step_CYC10_Seven_Seg_Display.h:189:53: error: &#39;read_csr&#39; was not declared in this scope
             interrupt_saved_mstatus_timer_advance = read_csr (mstatus);
                                                     ^~~~~~~~
/home/ec2-user/arduino-testlib/cli-datadir/user/libraries/Step_CYC10_Seven_Seg_Display/src/Step_CYC10_Seven_Seg_Display.h:189:53: note: suggested alternative: &#39;_fread_r&#39;
             interrupt_saved_mstatus_timer_advance = read_csr (mstatus);
                                                     ^~~~~~~~
                                                     _fread_r
/home/ec2-user/arduino-testlib/cli-datadir/user/libraries/Step_CYC10_Seven_Seg_Display/src/Step_CYC10_Seven_Seg_Display.h:191:13: error: &#39;write_csr&#39; was not declared in this scope
             write_csr (mstatus, 0);
             ^~~~~~~~~
/home/ec2-user/arduino-testlib/cli-datadir/user/libraries/Step_CYC10_Seven_Seg_Display/src/Step_CYC10_Seven_Seg_Display.h:191:13: note: suggested alternative: &#39;_fwrite_r&#39;
             write_csr (mstatus, 0);
             ^~~~~~~~~
             _fwrite_r
/home/ec2-user/arduino-testlib/cli-datadir/user/libraries/Step_CYC10_Seven_Seg_Display/src/Step_CYC10_Seven_Seg_Display.h:192:26: error: &#39;REG_MTIME_LOW&#39; was not declared in this scope
                 low  = (*REG_MTIME_LOW);
                          ^~~~~~~~~~~~~
/home/ec2-user/arduino-testlib/cli-datadir/user/libraries/Step_CYC10_Seven_Seg_Display/src/Step_CYC10_Seven_Seg_Display.h:192:26: note: suggested alternative: &#39;REG_MTB_FLOW&#39;
                 low  = (*REG_MTIME_LOW);
                          ^~~~~~~~~~~~~
                          REG_MTB_FLOW
/home/ec2-user/arduino-testlib/cli-datadir/user/libraries/Step_CYC10_Seven_Seg_Display/src/Step_CYC10_Seven_Seg_Display.h:193:26: error: &#39;REG_MTIME_HIGH&#39; was not declared in this scope
                 high = (*REG_MTIME_HIGH);
                          ^~~~~~~~~~~~~~
/home/ec2-user/arduino-testlib/cli-datadir/user/libraries/Step_CYC10_Seven_Seg_Display/src/Step_CYC10_Seven_Seg_Display.h:193:26: note: suggested alternative: &#39;REG_MTB_PID6&#39;
                 high = (*REG_MTIME_HIGH);
                          ^~~~~~~~~~~~~~
                          REG_MTB_PID6
/home/ec2-user/arduino-testlib/cli-datadir/user/libraries/Step_CYC10_Seven_Seg_Display/src/Step_CYC10_Seven_Seg_Display.h:199:15: error: &#39;REG_MTIMECMP_LOW&#39; was not declared in this scope
             (*REG_MTIMECMP_LOW) = 0xFFFFFFFF;
               ^~~~~~~~~~~~~~~~
/home/ec2-user/arduino-testlib/cli-datadir/user/libraries/Step_CYC10_Seven_Seg_Display/src/Step_CYC10_Seven_Seg_Display.h:199:15: note: suggested alternative: &#39;REG_MTB_FLOW&#39;
             (*REG_MTIMECMP_LOW) = 0xFFFFFFFF;
               ^~~~~~~~~~~~~~~~
               REG_MTB_FLOW
/home/ec2-user/arduino-testlib/cli-datadir/user/libraries/Step_CYC10_Seven_Seg_Display/src/Step_CYC10_Seven_Seg_Display.h:200:15: error: &#39;REG_MTIMECMP_HIGH&#39; was not declared in this scope
             (*REG_MTIMECMP_HIGH) = high;
               ^~~~~~~~~~~~~~~~~
/home/ec2-user/arduino-testlib/cli-datadir/user/libraries/Step_CYC10_Seven_Seg_Display/src/Step_CYC10_Seven_Seg_Display.h: In static member function &#39;static void Step_CYC10_Seven_Seg_Display::_refresh()&#39;:
/home/ec2-user/arduino-testlib/cli-datadir/user/libraries/Step_CYC10_Seven_Seg_Display/src/Step_CYC10_Seven_Seg_Display.h:222:13: error: &#39;GPIO_P1&#39; was not declared in this scope
             GPIO_P1 = 1 &lt;&lt; index_;
             ^~~~~~~
/home/ec2-user/arduino-testlib/cli-datadir/user/libraries/Step_CYC10_Seven_Seg_Display/src/Step_CYC10_Seven_Seg_Display.h:222:13: note: suggested alternative: &#39;PIO_PWM&#39;
             GPIO_P1 = 1 &lt;&lt; index_;
             ^~~~~~~
             PIO_PWM
/home/ec2-user/arduino-testlib/cli-datadir/user/libraries/Step_CYC10_Seven_Seg_Display/src/Step_CYC10_Seven_Seg_Display.h:225:13: error: &#39;GPIO_P0&#39; was not declared in this scope
             GPIO_P0 = seven_seg_display_encoding_[t] | ((active_dp_mask_ &gt;&gt; index_) &amp; 1) &lt;&lt; 7;
             ^~~~~~~
/home/ec2-user/arduino-testlib/cli-datadir/user/libraries/Step_CYC10_Seven_Seg_Display/src/Step_CYC10_Seven_Seg_Display.h:225:13: note: suggested alternative: &#39;PIO_PWM&#39;
             GPIO_P0 = seven_seg_display_encoding_[t] | ((active_dp_mask_ &gt;&gt; index_) &amp; 1) &lt;&lt; 7;
             ^~~~~~~
             PIO_PWM

</pre>

					
				
				<h3 id="esp32:esp32:d1_mini32">esp32:esp32:d1_mini32 @ 1.0.6</h3>
				<h4>Inclusion</h4>
				<p>
					Result: <b>FAIL</b>
					
				</p>
				<pre class="pre-scrollable">WARNING: library Step_CYC10_Seven_Seg_Display claims to run on Reindeer architecture(s) and may be incompatible with your current board which runs on esp32 architecture(s).
In file included from /tmp/arduino-testlib2271686779/test/test.ino:1:0:
/home/ec2-user/arduino-testlib/cli-datadir/user/libraries/Step_CYC10_Seven_Seg_Display/src/Step_CYC10_Seven_Seg_Display.h: In member function &#39;void Step_CYC10_Seven_Seg_Display::reset(uint16_t, uint32_t, uint8_t)&#39;:
/home/ec2-user/arduino-testlib/cli-datadir/user/libraries/Step_CYC10_Seven_Seg_Display/src/Step_CYC10_Seven_Seg_Display.h:60:30: error: &#39;TIMER_RESOLUTION&#39; was not declared in this scope
             refresh_count_ = TIMER_RESOLUTION / refresh_rate_in_Hz;
                              ^
/home/ec2-user/arduino-testlib/cli-datadir/user/libraries/Step_CYC10_Seven_Seg_Display/src/Step_CYC10_Seven_Seg_Display.h: In member function &#39;void Step_CYC10_Seven_Seg_Display::start_refresh()&#39;:
/home/ec2-user/arduino-testlib/cli-datadir/user/libraries/Step_CYC10_Seven_Seg_Display/src/Step_CYC10_Seven_Seg_Display.h:130:30: error: &#39;INT_TIMER_INDEX&#39; was not declared in this scope
             attachInterrupt (INT_TIMER_INDEX, seven_segment_display_timer_isr_, RISING);
                              ^
/home/ec2-user/arduino-testlib/cli-datadir/user/libraries/Step_CYC10_Seven_Seg_Display/src/Step_CYC10_Seven_Seg_Display.h: In member function &#39;void Step_CYC10_Seven_Seg_Display::stop_refresh()&#39;:
/home/ec2-user/arduino-testlib/cli-datadir/user/libraries/Step_CYC10_Seven_Seg_Display/src/Step_CYC10_Seven_Seg_Display.h:148:30: error: &#39;INT_TIMER_INDEX&#39; was not declared in this scope
             detachInterrupt (INT_TIMER_INDEX);      
                              ^
/home/ec2-user/arduino-testlib/cli-datadir/user/libraries/Step_CYC10_Seven_Seg_Display/src/Step_CYC10_Seven_Seg_Display.h: In static member function &#39;static void Step_CYC10_Seven_Seg_Display::timer_advance_(uint32_t)&#39;:
/home/ec2-user/arduino-testlib/cli-datadir/user/libraries/Step_CYC10_Seven_Seg_Display/src/Step_CYC10_Seven_Seg_Display.h:189:63: error: &#39;mstatus&#39; was not declared in this scope
             interrupt_saved_mstatus_timer_advance = read_csr (mstatus);
                                                               ^
/home/ec2-user/arduino-testlib/cli-datadir/user/libraries/Step_CYC10_Seven_Seg_Display/src/Step_CYC10_Seven_Seg_Display.h:189:70: error: &#39;read_csr&#39; was not declared in this scope
             interrupt_saved_mstatus_timer_advance = read_csr (mstatus);
                                                                      ^
/home/ec2-user/arduino-testlib/cli-datadir/user/libraries/Step_CYC10_Seven_Seg_Display/src/Step_CYC10_Seven_Seg_Display.h:191:34: error: &#39;write_csr&#39; was not declared in this scope
             write_csr (mstatus, 0);
                                  ^
/home/ec2-user/arduino-testlib/cli-datadir/user/libraries/Step_CYC10_Seven_Seg_Display/src/Step_CYC10_Seven_Seg_Display.h:192:26: error: &#39;REG_MTIME_LOW&#39; was not declared in this scope
                 low  = (*REG_MTIME_LOW);
                          ^
/home/ec2-user/arduino-testlib/cli-datadir/user/libraries/Step_CYC10_Seven_Seg_Display/src/Step_CYC10_Seven_Seg_Display.h:193:26: error: &#39;REG_MTIME_HIGH&#39; was not declared in this scope
                 high = (*REG_MTIME_HIGH);
                          ^
/home/ec2-user/arduino-testlib/cli-datadir/user/libraries/Step_CYC10_Seven_Seg_Display/src/Step_CYC10_Seven_Seg_Display.h:199:15: error: &#39;REG_MTIMECMP_LOW&#39; was not declared in this scope
             (*REG_MTIMECMP_LOW) = 0xFFFFFFFF;
               ^
/home/ec2-user/arduino-testlib/cli-datadir/user/libraries/Step_CYC10_Seven_Seg_Display/src/Step_CYC10_Seven_Seg_Display.h:200:15: error: &#39;REG_MTIMECMP_HIGH&#39; was not declared in this scope
             (*REG_MTIMECMP_HIGH) = high;
               ^
/home/ec2-user/arduino-testlib/cli-datadir/user/libraries/Step_CYC10_Seven_Seg_Display/src/Step_CYC10_Seven_Seg_Display.h: In static member function &#39;static void Step_CYC10_Seven_Seg_Display::_refresh()&#39;:
/home/ec2-user/arduino-testlib/cli-datadir/user/libraries/Step_CYC10_Seven_Seg_Display/src/Step_CYC10_Seven_Seg_Display.h:222:13: error: &#39;GPIO_P1&#39; was not declared in this scope
             GPIO_P1 = 1 &lt;&lt; index_;
             ^
/home/ec2-user/arduino-testlib/cli-datadir/user/libraries/Step_CYC10_Seven_Seg_Display/src/Step_CYC10_Seven_Seg_Display.h:225:13: error: &#39;GPIO_P0&#39; was not declared in this scope
             GPIO_P0 = seven_seg_display_encoding_[t] | ((active_dp_mask_ &gt;&gt; index_) &amp; 1) &lt;&lt; 7;
             ^

</pre>

					
				
			</div>
		</div>
	</div>
  </body>
</html>
