
<!doctype html>
<html lang="en">
  <head>
    <meta charset="utf-8">
    <meta name="viewport" content="width=device-width, initial-scale=1">
    <link href="https://cdn.jsdelivr.net/npm/bootstrap@5.0.2/dist/css/bootstrap.min.css" rel="stylesheet" integrity="sha384-EVSTQN3/azprG1Anm3QDgpJLIm9Nao0Yz1ztcQTwFspd3yD65VohhpuuCOmLASjC" crossorigin="anonymous">
    <title>arduino-testlib report</title>
	<style>
	.pass { background-color: #00FF00 !important; }
	.fail { background-color: #FF0000 !important; }
	</style>
  </head>
  <body>
	<div class="container">
		<div class="row">
			<div class="col">
				<h1>STM32duino X-NUCLEO-S2868A1 - compatibility matrix</h1>
				<p>
					<small>This report was generated on Monday, 21-Feb-22 12:00:25 CET using 
					<a href="https://github.com/alranel/arduino-testlib">arduino-testlib</a>.</small>
				</p>

				<h2>STM32duino X-NUCLEO-S2868A1</h2>
				<p>
					Version: <b>1.0.1</b>
					<br />
					<a href="https://www.arduino.cc/reference/en/libraries/stm32duino-x-nucleo-s2868a1/">More details</a>
				</p>

				<h2>Compatibility matrix</h2>
				<table class="table table-bordered">
					<tr>
						<th>Board</th>
						<th>Claims compatibility</th>
						<th>Inclusion</th>
						
						<th><pre>X_NUCLEO_S2868A1_HelloWorld</pre></th>
						
					</tr>
					
					<tr>
						<td>
							<a href="#arduino%3aavr%3auno"><b>arduino:avr:uno</b></a>
							<br />
							<small>1.8.4</small>
						</td>

						
						
							<td>No ⚠️</td>
							<td class="pass">PASS</td>
						
						
						

						
							
								
									
										
											
											<td class="fail">FAIL</td>
										
									
								
							
								
							
								
							
								
							
								
							
						
					</tr>
					
					<tr>
						<td>
							<a href="#arduino%3ambed_nano%3ananorp2040connect"><b>arduino:mbed_nano:nanorp2040connect</b></a>
							<br />
							<small>2.7.2</small>
						</td>

						
						
							<td>No ⚠️</td>
							<td class="pass">PASS</td>
						
						
						

						
							
								
							
								
									
										
											
											<td class="fail">FAIL</td>
										
									
								
							
								
							
								
							
								
							
						
					</tr>
					
					<tr>
						<td>
							<a href="#arduino%3amegaavr%3anona4809"><b>arduino:megaavr:nona4809</b></a>
							<br />
							<small>1.8.7</small>
						</td>

						
						
							<td>No ⚠️</td>
							<td class="pass">PASS</td>
						
						
						

						
							
								
							
								
							
								
									
										
											
											<td class="fail">FAIL</td>
										
									
								
							
								
							
								
							
						
					</tr>
					
					<tr>
						<td>
							<a href="#arduino%3asamd%3amkrwifi1010"><b>arduino:samd:mkrwifi1010</b></a>
							<br />
							<small>1.8.12</small>
						</td>

						
						
							<td>No ⚠️</td>
							<td class="pass">PASS</td>
						
						
						

						
							
								
							
								
							
								
							
								
									
										
											
											<td class="fail">FAIL</td>
										
									
								
							
								
							
						
					</tr>
					
					<tr>
						<td>
							<a href="#esp32%3aesp32%3ad1_mini32"><b>esp32:esp32:d1_mini32</b></a>
							<br />
							<small>1.0.6</small>
						</td>

						
						
							<td>No ⚠️</td>
							<td class="pass">PASS</td>
						
						
						

						
							
								
							
								
							
								
							
								
							
								
									
										
											
											<td class="fail">FAIL</td>
										
									
								
							
						
					</tr>
					
				</table>

				<h2>Compilation logs</h2>
				
				<h3 id="arduino:avr:uno">arduino:avr:uno @ 1.8.4</h3>
				<h4>Inclusion</h4>
				<p>
					Result: <b>PASS</b>
					
				</p>
				<pre class="pre-scrollable">WARNING: library STM32duino_X-NUCLEO-S2868A1 claims to run on stm32, sam architecture(s) and may be incompatible with your current board which runs on avr architecture(s).
Sketch uses 444 bytes (1%) of program storage space. Maximum is 32256 bytes.
Global variables use 9 bytes (0%) of dynamic memory, leaving 2039 bytes for local variables. Maximum is 2048 bytes.
</pre>

					
					<h4>examples/X_NUCLEO_S2868A1_HelloWorld</h4>
					<p>
						Result: <b>FAIL</b>
					</p>
					<pre class="pre-scrollable">In file included from /home/ec2-user/arduino-testlib/cli-datadir/user/libraries/STM32duino_X-NUCLEO-S2868A1/examples/X_NUCLEO_S2868A1_HelloWorld/X_NUCLEO_S2868A1_HelloWorld.ino:43:0:
/home/ec2-user/arduino-testlib/cli-datadir/user/libraries/STM32duino_S2-LP/src/S2LP.h:63:10: fatal error: functional: No such file or directory
 #include &lt;functional&gt;
          ^~~~~~~~~~~~
compilation terminated.

</pre>
					
				
				<h3 id="arduino:mbed_nano:nanorp2040connect">arduino:mbed_nano:nanorp2040connect @ 2.7.2</h3>
				<h4>Inclusion</h4>
				<p>
					Result: <b>PASS</b>
					
				</p>
				<pre class="pre-scrollable">WARNING: library STM32duino_X-NUCLEO-S2868A1 claims to run on stm32, sam architecture(s) and may be incompatible with your current board which runs on mbed_nano architecture(s).
Sketch uses 78756 bytes (0%) of program storage space. Maximum is 16777216 bytes.
Global variables use 43444 bytes (16%) of dynamic memory, leaving 226892 bytes for local variables. Maximum is 270336 bytes.
</pre>

					
					<h4>examples/X_NUCLEO_S2868A1_HelloWorld</h4>
					<p>
						Result: <b>FAIL</b>
					</p>
					<pre class="pre-scrollable">WARNING: library STM32duino_M95640-R claims to run on stm32, sam architecture(s) and may be incompatible with your current board which runs on mbed_nano architecture(s).
WARNING: library STM32duino_S2-LP claims to run on stm32, sam architecture(s) and may be incompatible with your current board which runs on mbed_nano architecture(s).
In file included from /home/ec2-user/arduino-testlib/cli-datadir/user/libraries/STM32duino_X-NUCLEO-S2868A1/examples/X_NUCLEO_S2868A1_HelloWorld/X_NUCLEO_S2868A1_HelloWorld.ino:43:0:
/home/ec2-user/arduino-testlib/cli-datadir/user/libraries/STM32duino_S2-LP/src/S2LP.h:373:14: error: &#39;FlagStatus&#39; does not name a type; did you mean &#39;SFlagStatus&#39;?
     volatile FlagStatus xTxDoneFlag;
              ^~~~~~~~~~
              SFlagStatus
/home/ec2-user/arduino-testlib/cli-datadir/user/libraries/STM32duino_X-NUCLEO-S2868A1/examples/X_NUCLEO_S2868A1_HelloWorld/X_NUCLEO_S2868A1_HelloWorld.ino:51:23: error: &#39;PC13&#39; was not declared in this scope
 const int buttonPin = PC13; // set buttonPin to digital pin PC13 */
                       ^~~~
/home/ec2-user/arduino-testlib/cli-datadir/user/libraries/STM32duino_X-NUCLEO-S2868A1/examples/X_NUCLEO_S2868A1_HelloWorld/X_NUCLEO_S2868A1_HelloWorld.ino:51:23: note: suggested alternative: &#39;p13&#39;
 const int buttonPin = PC13; // set buttonPin to digital pin PC13 */
                       ^~~~
                       p13
/home/ec2-user/arduino-testlib/cli-datadir/user/libraries/STM32duino_X-NUCLEO-S2868A1/examples/X_NUCLEO_S2868A1_HelloWorld/X_NUCLEO_S2868A1_HelloWorld.ino: In function &#39;void setup()&#39;:
/home/ec2-user/arduino-testlib/cli-datadir/user/libraries/STM32duino_X-NUCLEO-S2868A1/examples/X_NUCLEO_S2868A1_HelloWorld/X_NUCLEO_S2868A1_HelloWorld.ino:85:11: error: &#39;D7&#39; was not declared in this scope
   pinMode(D7, OUTPUT);
           ^~
/home/ec2-user/arduino-testlib/cli-datadir/user/libraries/STM32duino_X-NUCLEO-S2868A1/examples/X_NUCLEO_S2868A1_HelloWorld/X_NUCLEO_S2868A1_HelloWorld.ino:85:11: note: suggested alternative: &#39;A7&#39;
   pinMode(D7, OUTPUT);
           ^~
           A7
/home/ec2-user/arduino-testlib/cli-datadir/user/libraries/STM32duino_X-NUCLEO-S2868A1/examples/X_NUCLEO_S2868A1_HelloWorld/X_NUCLEO_S2868A1_HelloWorld.ino:89:25: error: &#39;D11&#39; was not declared in this scope
   devSPI = new SPIClass(D11, D12, D3);
                         ^~~
/home/ec2-user/arduino-testlib/cli-datadir/user/libraries/STM32duino_X-NUCLEO-S2868A1/examples/X_NUCLEO_S2868A1_HelloWorld/X_NUCLEO_S2868A1_HelloWorld.ino:89:25: note: suggested alternative: &#39;B11&#39;
   devSPI = new SPIClass(D11, D12, D3);
                         ^~~
                         B11
/home/ec2-user/arduino-testlib/cli-datadir/user/libraries/STM32duino_X-NUCLEO-S2868A1/examples/X_NUCLEO_S2868A1_HelloWorld/X_NUCLEO_S2868A1_HelloWorld.ino:89:30: error: &#39;D12&#39; was not declared in this scope
   devSPI = new SPIClass(D11, D12, D3);
                              ^~~
/home/ec2-user/arduino-testlib/cli-datadir/user/libraries/STM32duino_X-NUCLEO-S2868A1/examples/X_NUCLEO_S2868A1_HelloWorld/X_NUCLEO_S2868A1_HelloWorld.ino:89:30: note: suggested alternative: &#39;p12&#39;
   devSPI = new SPIClass(D11, D12, D3);
                              ^~~
                              p12
/home/ec2-user/arduino-testlib/cli-datadir/user/libraries/STM32duino_X-NUCLEO-S2868A1/examples/X_NUCLEO_S2868A1_HelloWorld/X_NUCLEO_S2868A1_HelloWorld.ino:89:35: error: &#39;D3&#39; was not declared in this scope
   devSPI = new SPIClass(D11, D12, D3);
                                   ^~
/home/ec2-user/arduino-testlib/cli-datadir/user/libraries/STM32duino_X-NUCLEO-S2868A1/examples/X_NUCLEO_S2868A1_HelloWorld/X_NUCLEO_S2868A1_HelloWorld.ino:89:35: note: suggested alternative: &#39;A3&#39;
   devSPI = new SPIClass(D11, D12, D3);
                                   ^~
                                   A3
/home/ec2-user/arduino-testlib/cli-datadir/user/libraries/STM32duino_X-NUCLEO-S2868A1/examples/X_NUCLEO_S2868A1_HelloWorld/X_NUCLEO_S2868A1_HelloWorld.ino:89:37: error: invalid new-expression of abstract class type &#39;arduino::HardwareSPI&#39;
   devSPI = new SPIClass(D11, D12, D3);
                                     ^
In file included from /home/ec2-user/arduino-testlib/cli-datadir/data/packages/arduino/hardware/mbed_nano/2.7.2/libraries/SPI/SPI.h:22:0,
                 from /home/ec2-user/arduino-testlib/cli-datadir/user/libraries/STM32duino_X-NUCLEO-S2868A1/examples/X_NUCLEO_S2868A1_HelloWorld/X_NUCLEO_S2868A1_HelloWorld.ino:41:
/home/ec2-user/arduino-testlib/cli-datadir/data/packages/arduino/hardware/mbed_nano/2.7.2/cores/arduino/api/HardwareSPI.h:104:7: note:   because the following virtual functions are pure within &#39;arduino::HardwareSPI&#39;:
 class HardwareSPI
       ^~~~~~~~~~~
/home/ec2-user/arduino-testlib/cli-datadir/data/packages/arduino/hardware/mbed_nano/2.7.2/cores/arduino/api/HardwareSPI.h:109:21: note: 	virtual uint8_t arduino::HardwareSPI::transfer(uint8_t)
     virtual uint8_t transfer(uint8_t data) = 0;
                     ^~~~~~~~
/home/ec2-user/arduino-testlib/cli-datadir/data/packages/arduino/hardware/mbed_nano/2.7.2/cores/arduino/api/HardwareSPI.h:110:22: note: 	virtual uint16_t arduino::HardwareSPI::transfer16(uint16_t)
     virtual uint16_t transfer16(uint16_t data) = 0;
                      ^~~~~~~~~~
/home/ec2-user/arduino-testlib/cli-datadir/data/packages/arduino/hardware/mbed_nano/2.7.2/cores/arduino/api/HardwareSPI.h:111:18: note: 	virtual void arduino::HardwareSPI::transfer(void*, size_t)
     virtual void transfer(void *buf, size_t count) = 0;
                  ^~~~~~~~
/home/ec2-user/arduino-testlib/cli-datadir/data/packages/arduino/hardware/mbed_nano/2.7.2/cores/arduino/api/HardwareSPI.h:114:18: note: 	virtual void arduino::HardwareSPI::usingInterrupt(int)
     virtual void usingInterrupt(int interruptNumber) = 0;
                  ^~~~~~~~~~~~~~
/home/ec2-user/arduino-testlib/cli-datadir/data/packages/arduino/hardware/mbed_nano/2.7.2/cores/arduino/api/HardwareSPI.h:115:18: note: 	virtual void arduino::HardwareSPI::notUsingInterrupt(int)
     virtual void notUsingInterrupt(int interruptNumber) = 0;
                  ^~~~~~~~~~~~~~~~~
/home/ec2-user/arduino-testlib/cli-datadir/data/packages/arduino/hardware/mbed_nano/2.7.2/cores/arduino/api/HardwareSPI.h:116:18: note: 	virtual void arduino::HardwareSPI::beginTransaction(arduino::SPISettings)
     virtual void beginTransaction(SPISettings settings) = 0;
                  ^~~~~~~~~~~~~~~~
/home/ec2-user/arduino-testlib/cli-datadir/data/packages/arduino/hardware/mbed_nano/2.7.2/cores/arduino/api/HardwareSPI.h:117:18: note: 	virtual void arduino::HardwareSPI::endTransaction()
     virtual void endTransaction(void) = 0;
                  ^~~~~~~~~~~~~~
/home/ec2-user/arduino-testlib/cli-datadir/data/packages/arduino/hardware/mbed_nano/2.7.2/cores/arduino/api/HardwareSPI.h:120:18: note: 	virtual void arduino::HardwareSPI::attachInterrupt()
     virtual void attachInterrupt() = 0;
                  ^~~~~~~~~~~~~~~
/home/ec2-user/arduino-testlib/cli-datadir/data/packages/arduino/hardware/mbed_nano/2.7.2/cores/arduino/api/HardwareSPI.h:121:18: note: 	virtual void arduino::HardwareSPI::detachInterrupt()
     virtual void detachInterrupt() = 0;
                  ^~~~~~~~~~~~~~~
/home/ec2-user/arduino-testlib/cli-datadir/data/packages/arduino/hardware/mbed_nano/2.7.2/cores/arduino/api/HardwareSPI.h:123:18: note: 	virtual void arduino::HardwareSPI::begin()
     virtual void begin() = 0;
                  ^~~~~
/home/ec2-user/arduino-testlib/cli-datadir/data/packages/arduino/hardware/mbed_nano/2.7.2/cores/arduino/api/HardwareSPI.h:124:18: note: 	virtual void arduino::HardwareSPI::end()
     virtual void end() = 0;
                  ^~~
/home/ec2-user/arduino-testlib/cli-datadir/user/libraries/STM32duino_X-NUCLEO-S2868A1/examples/X_NUCLEO_S2868A1_HelloWorld/X_NUCLEO_S2868A1_HelloWorld.ino:93:35: error: &#39;D5&#39; was not declared in this scope
   myM95640R = new M95640R(devSPI, D5);
                                   ^~
/home/ec2-user/arduino-testlib/cli-datadir/user/libraries/STM32duino_X-NUCLEO-S2868A1/examples/X_NUCLEO_S2868A1_HelloWorld/X_NUCLEO_S2868A1_HelloWorld.ino:93:35: note: suggested alternative: &#39;A5&#39;
   myM95640R = new M95640R(devSPI, D5);
                                   ^~
                                   A5

</pre>
					
				
				<h3 id="arduino:megaavr:nona4809">arduino:megaavr:nona4809 @ 1.8.7</h3>
				<h4>Inclusion</h4>
				<p>
					Result: <b>PASS</b>
					
				</p>
				<pre class="pre-scrollable">WARNING: library STM32duino_X-NUCLEO-S2868A1 claims to run on stm32, sam architecture(s) and may be incompatible with your current board which runs on megaavr architecture(s).
Sketch uses 802 bytes (1%) of program storage space. Maximum is 49152 bytes.
Global variables use 22 bytes (0%) of dynamic memory, leaving 6122 bytes for local variables. Maximum is 6144 bytes.
</pre>

					
					<h4>examples/X_NUCLEO_S2868A1_HelloWorld</h4>
					<p>
						Result: <b>FAIL</b>
					</p>
					<pre class="pre-scrollable">In file included from /home/ec2-user/arduino-testlib/cli-datadir/user/libraries/STM32duino_X-NUCLEO-S2868A1/examples/X_NUCLEO_S2868A1_HelloWorld/X_NUCLEO_S2868A1_HelloWorld.ino:43:0:
/home/ec2-user/arduino-testlib/cli-datadir/user/libraries/STM32duino_S2-LP/src/S2LP.h:63:10: fatal error: functional: No such file or directory
 #include &lt;functional&gt;
          ^~~~~~~~~~~~
compilation terminated.

</pre>
					
				
				<h3 id="arduino:samd:mkrwifi1010">arduino:samd:mkrwifi1010 @ 1.8.12</h3>
				<h4>Inclusion</h4>
				<p>
					Result: <b>PASS</b>
					
				</p>
				<pre class="pre-scrollable">WARNING: library STM32duino_X-NUCLEO-S2868A1 claims to run on stm32, sam architecture(s) and may be incompatible with your current board which runs on samd architecture(s).
Sketch uses 12156 bytes (4%) of program storage space. Maximum is 262144 bytes.
Global variables use 2996 bytes (9%) of dynamic memory, leaving 29772 bytes for local variables. Maximum is 32768 bytes.
</pre>

					
					<h4>examples/X_NUCLEO_S2868A1_HelloWorld</h4>
					<p>
						Result: <b>FAIL</b>
					</p>
					<pre class="pre-scrollable">WARNING: library STM32duino_M95640-R claims to run on stm32, sam architecture(s) and may be incompatible with your current board which runs on samd architecture(s).
WARNING: library STM32duino_S2-LP claims to run on stm32, sam architecture(s) and may be incompatible with your current board which runs on samd architecture(s).
In file included from /home/ec2-user/arduino-testlib/cli-datadir/user/libraries/STM32duino_X-NUCLEO-S2868A1/examples/X_NUCLEO_S2868A1_HelloWorld/X_NUCLEO_S2868A1_HelloWorld.ino:43:0:
/home/ec2-user/arduino-testlib/cli-datadir/user/libraries/STM32duino_S2-LP/src/S2LP.h:373:14: error: &#39;FlagStatus&#39; does not name a type; did you mean &#39;SFlagStatus&#39;?
     volatile FlagStatus xTxDoneFlag;
              ^~~~~~~~~~
              SFlagStatus
/home/ec2-user/arduino-testlib/cli-datadir/user/libraries/STM32duino_X-NUCLEO-S2868A1/examples/X_NUCLEO_S2868A1_HelloWorld/X_NUCLEO_S2868A1_HelloWorld.ino:51:23: error: &#39;PC13&#39; was not declared in this scope
 const int buttonPin = PC13; // set buttonPin to digital pin PC13 */
                       ^~~~
/home/ec2-user/arduino-testlib/cli-datadir/user/libraries/STM32duino_X-NUCLEO-S2868A1/examples/X_NUCLEO_S2868A1_HelloWorld/X_NUCLEO_S2868A1_HelloWorld.ino:51:23: note: suggested alternative: &#39;._13&#39;
 const int buttonPin = PC13; // set buttonPin to digital pin PC13 */
                       ^~~~
                       ._13
/home/ec2-user/arduino-testlib/cli-datadir/user/libraries/STM32duino_X-NUCLEO-S2868A1/examples/X_NUCLEO_S2868A1_HelloWorld/X_NUCLEO_S2868A1_HelloWorld.ino: In function &#39;void setup()&#39;:
/home/ec2-user/arduino-testlib/cli-datadir/user/libraries/STM32duino_X-NUCLEO-S2868A1/examples/X_NUCLEO_S2868A1_HelloWorld/X_NUCLEO_S2868A1_HelloWorld.ino:85:11: error: &#39;D7&#39; was not declared in this scope
   pinMode(D7, OUTPUT);
           ^~
/home/ec2-user/arduino-testlib/cli-datadir/user/libraries/STM32duino_X-NUCLEO-S2868A1/examples/X_NUCLEO_S2868A1_HelloWorld/X_NUCLEO_S2868A1_HelloWorld.ino:89:25: error: &#39;D11&#39; was not declared in this scope
   devSPI = new SPIClass(D11, D12, D3);
                         ^~~
/home/ec2-user/arduino-testlib/cli-datadir/user/libraries/STM32duino_X-NUCLEO-S2868A1/examples/X_NUCLEO_S2868A1_HelloWorld/X_NUCLEO_S2868A1_HelloWorld.ino:89:25: note: suggested alternative: &#39;B11&#39;
   devSPI = new SPIClass(D11, D12, D3);
                         ^~~
                         B11
/home/ec2-user/arduino-testlib/cli-datadir/user/libraries/STM32duino_X-NUCLEO-S2868A1/examples/X_NUCLEO_S2868A1_HelloWorld/X_NUCLEO_S2868A1_HelloWorld.ino:89:30: error: &#39;D12&#39; was not declared in this scope
   devSPI = new SPIClass(D11, D12, D3);
                              ^~~
/home/ec2-user/arduino-testlib/cli-datadir/user/libraries/STM32duino_X-NUCLEO-S2868A1/examples/X_NUCLEO_S2868A1_HelloWorld/X_NUCLEO_S2868A1_HelloWorld.ino:89:35: error: &#39;D3&#39; was not declared in this scope
   devSPI = new SPIClass(D11, D12, D3);
                                   ^~
/home/ec2-user/arduino-testlib/cli-datadir/user/libraries/STM32duino_X-NUCLEO-S2868A1/examples/X_NUCLEO_S2868A1_HelloWorld/X_NUCLEO_S2868A1_HelloWorld.ino:89:35: note: suggested alternative: &#39;A3&#39;
   devSPI = new SPIClass(D11, D12, D3);
                                   ^~
                                   A3
/home/ec2-user/arduino-testlib/cli-datadir/user/libraries/STM32duino_X-NUCLEO-S2868A1/examples/X_NUCLEO_S2868A1_HelloWorld/X_NUCLEO_S2868A1_HelloWorld.ino:89:37: error: invalid new-expression of abstract class type &#39;arduino::HardwareSPI&#39;
   devSPI = new SPIClass(D11, D12, D3);
                                     ^
In file included from /home/ec2-user/arduino-testlib/cli-datadir/data/packages/arduino/hardware/samd/1.8.12/libraries/SPI/SPI.h:24:0,
                 from /home/ec2-user/arduino-testlib/cli-datadir/user/libraries/STM32duino_X-NUCLEO-S2868A1/examples/X_NUCLEO_S2868A1_HelloWorld/X_NUCLEO_S2868A1_HelloWorld.ino:41:
/home/ec2-user/arduino-testlib/cli-datadir/data/packages/arduino/hardware/samd/1.8.12/cores/arduino/api/HardwareSPI.h:104:7: note:   because the following virtual functions are pure within &#39;arduino::HardwareSPI&#39;:
 class HardwareSPI
       ^~~~~~~~~~~
/home/ec2-user/arduino-testlib/cli-datadir/data/packages/arduino/hardware/samd/1.8.12/cores/arduino/api/HardwareSPI.h:109:21: note: 	virtual uint8_t arduino::HardwareSPI::transfer(uint8_t)
     virtual uint8_t transfer(uint8_t data) = 0;
                     ^~~~~~~~
/home/ec2-user/arduino-testlib/cli-datadir/data/packages/arduino/hardware/samd/1.8.12/cores/arduino/api/HardwareSPI.h:110:22: note: 	virtual uint16_t arduino::HardwareSPI::transfer16(uint16_t)
     virtual uint16_t transfer16(uint16_t data) = 0;
                      ^~~~~~~~~~
/home/ec2-user/arduino-testlib/cli-datadir/data/packages/arduino/hardware/samd/1.8.12/cores/arduino/api/HardwareSPI.h:111:18: note: 	virtual void arduino::HardwareSPI::transfer(void*, size_t)
     virtual void transfer(void *buf, size_t count) = 0;
                  ^~~~~~~~
/home/ec2-user/arduino-testlib/cli-datadir/data/packages/arduino/hardware/samd/1.8.12/cores/arduino/api/HardwareSPI.h:114:18: note: 	virtual void arduino::HardwareSPI::usingInterrupt(int)
     virtual void usingInterrupt(int interruptNumber) = 0;
                  ^~~~~~~~~~~~~~
/home/ec2-user/arduino-testlib/cli-datadir/data/packages/arduino/hardware/samd/1.8.12/cores/arduino/api/HardwareSPI.h:115:18: note: 	virtual void arduino::HardwareSPI::notUsingInterrupt(int)
     virtual void notUsingInterrupt(int interruptNumber) = 0;
                  ^~~~~~~~~~~~~~~~~
/home/ec2-user/arduino-testlib/cli-datadir/data/packages/arduino/hardware/samd/1.8.12/cores/arduino/api/HardwareSPI.h:116:18: note: 	virtual void arduino::HardwareSPI::beginTransaction(arduino::SPISettings)
     virtual void beginTransaction(SPISettings settings) = 0;
                  ^~~~~~~~~~~~~~~~
/home/ec2-user/arduino-testlib/cli-datadir/data/packages/arduino/hardware/samd/1.8.12/cores/arduino/api/HardwareSPI.h:117:18: note: 	virtual void arduino::HardwareSPI::endTransaction()
     virtual void endTransaction(void) = 0;
                  ^~~~~~~~~~~~~~
/home/ec2-user/arduino-testlib/cli-datadir/data/packages/arduino/hardware/samd/1.8.12/cores/arduino/api/HardwareSPI.h:120:18: note: 	virtual void arduino::HardwareSPI::attachInterrupt()
     virtual void attachInterrupt() = 0;
                  ^~~~~~~~~~~~~~~
/home/ec2-user/arduino-testlib/cli-datadir/data/packages/arduino/hardware/samd/1.8.12/cores/arduino/api/HardwareSPI.h:121:18: note: 	virtual void arduino::HardwareSPI::detachInterrupt()
     virtual void detachInterrupt() = 0;
                  ^~~~~~~~~~~~~~~
/home/ec2-user/arduino-testlib/cli-datadir/data/packages/arduino/hardware/samd/1.8.12/cores/arduino/api/HardwareSPI.h:123:18: note: 	virtual void arduino::HardwareSPI::begin()
     virtual void begin() = 0;
                  ^~~~~
/home/ec2-user/arduino-testlib/cli-datadir/data/packages/arduino/hardware/samd/1.8.12/cores/arduino/api/HardwareSPI.h:124:18: note: 	virtual void arduino::HardwareSPI::end()
     virtual void end() = 0;
                  ^~~
/home/ec2-user/arduino-testlib/cli-datadir/user/libraries/STM32duino_X-NUCLEO-S2868A1/examples/X_NUCLEO_S2868A1_HelloWorld/X_NUCLEO_S2868A1_HelloWorld.ino:93:35: error: &#39;D5&#39; was not declared in this scope
   myM95640R = new M95640R(devSPI, D5);
                                   ^~
/home/ec2-user/arduino-testlib/cli-datadir/user/libraries/STM32duino_X-NUCLEO-S2868A1/examples/X_NUCLEO_S2868A1_HelloWorld/X_NUCLEO_S2868A1_HelloWorld.ino:93:35: note: suggested alternative: &#39;A5&#39;
   myM95640R = new M95640R(devSPI, D5);
                                   ^~
                                   A5

</pre>
					
				
				<h3 id="esp32:esp32:d1_mini32">esp32:esp32:d1_mini32 @ 1.0.6</h3>
				<h4>Inclusion</h4>
				<p>
					Result: <b>PASS</b>
					
				</p>
				<pre class="pre-scrollable">WARNING: library STM32duino_X-NUCLEO-S2868A1 claims to run on stm32, sam architecture(s) and may be incompatible with your current board which runs on esp32 architecture(s).
Sketch uses 197736 bytes (15%) of program storage space. Maximum is 1310720 bytes.
Global variables use 13084 bytes (3%) of dynamic memory, leaving 314596 bytes for local variables. Maximum is 327680 bytes.
</pre>

					
					<h4>examples/X_NUCLEO_S2868A1_HelloWorld</h4>
					<p>
						Result: <b>FAIL</b>
					</p>
					<pre class="pre-scrollable">WARNING: library STM32duino_M95640-R claims to run on stm32, sam architecture(s) and may be incompatible with your current board which runs on esp32 architecture(s).
WARNING: library STM32duino_S2-LP claims to run on stm32, sam architecture(s) and may be incompatible with your current board which runs on esp32 architecture(s).
In file included from /home/ec2-user/arduino-testlib/cli-datadir/user/libraries/STM32duino_X-NUCLEO-S2868A1/examples/X_NUCLEO_S2868A1_HelloWorld/X_NUCLEO_S2868A1_HelloWorld.ino:43:0:
/home/ec2-user/arduino-testlib/cli-datadir/user/libraries/STM32duino_S2-LP/src/S2LP.h:373:14: error: &#39;FlagStatus&#39; does not name a type
     volatile FlagStatus xTxDoneFlag;
              ^
In file included from /home/ec2-user/arduino-testlib/cli-datadir/user/libraries/STM32duino_X-NUCLEO-S2868A1/examples/X_NUCLEO_S2868A1_HelloWorld/X_NUCLEO_S2868A1_HelloWorld.ino:43:0:
/home/ec2-user/arduino-testlib/cli-datadir/user/libraries/STM32duino_S2-LP/src/S2LP.h:105:493: error: &#39;A2&#39; was not declared in this scope
     S2LP(SPIClass *spi, int csn, int sdn, int irqn, uint32_t frequency=868000000, uint32_t xtalFrequency=50000000, PAInfo_t paInfo={.paRfRangeExtender=RANGE_EXT_NONE, .paSignalCSD_S2LP={S2LP_GPIO_0, S2LP_GPIO_MODE_DIGITAL_OUTPUT_LP, S2LP_GPIO_DIG_OUT_TX_RX_MODE}, .paSignalCPS_S2LP={S2LP_GPIO_1, S2LP_GPIO_MODE_DIGITAL_OUTPUT_LP, S2LP_GPIO_DIG_OUT_RX_STATE}, .paSignalCTX_S2LP={S2LP_GPIO_2, S2LP_GPIO_MODE_DIGITAL_OUTPUT_LP, S2LP_GPIO_DIG_OUT_TX_STATE}, .paSignalCSD_MCU=A0, .paSignalCPS_MCU=A2, .paSignalCTX_MCU=A3, .paLevelValue=0x25}, S2LPGpioPin irq_gpio=S2LP_GPIO_3, uint8_t my_addr=0x44, uint8_t multicast_addr=0xEE, uint8_t broadcast_addr=0xFF);
                                                                                                                                                                                                                                                                                                                                                                                                                                                                                                             ^
/home/ec2-user/arduino-testlib/cli-datadir/user/libraries/STM32duino_S2-LP/src/S2LP.h:105:536: error: could not convert &#39;{RANGE_EXT_NONE, {S2LP_GPIO_0, S2LP_GPIO_MODE_DIGITAL_OUTPUT_LP, S2LP_GPIO_DIG_OUT_TX_RX_MODE}, {S2LP_GPIO_1, S2LP_GPIO_MODE_DIGITAL_OUTPUT_LP, S2LP_GPIO_DIG_OUT_RX_STATE}, {S2LP_GPIO_2, S2LP_GPIO_MODE_DIGITAL_OUTPUT_LP, S2LP_GPIO_DIG_OUT_TX_STATE}, A0, &lt;expression error&gt;, A3, 37}&#39; from &#39;&lt;brace-enclosed initializer list&gt;&#39; to &#39;PAInfo_t {aka PAInfo_s}&#39;
     S2LP(SPIClass *spi, int csn, int sdn, int irqn, uint32_t frequency=868000000, uint32_t xtalFrequency=50000000, PAInfo_t paInfo={.paRfRangeExtender=RANGE_EXT_NONE, .paSignalCSD_S2LP={S2LP_GPIO_0, S2LP_GPIO_MODE_DIGITAL_OUTPUT_LP, S2LP_GPIO_DIG_OUT_TX_RX_MODE}, .paSignalCPS_S2LP={S2LP_GPIO_1, S2LP_GPIO_MODE_DIGITAL_OUTPUT_LP, S2LP_GPIO_DIG_OUT_RX_STATE}, .paSignalCTX_S2LP={S2LP_GPIO_2, S2LP_GPIO_MODE_DIGITAL_OUTPUT_LP, S2LP_GPIO_DIG_OUT_TX_STATE}, .paSignalCSD_MCU=A0, .paSignalCPS_MCU=A2, .paSignalCTX_MCU=A3, .paLevelValue=0x25}, S2LPGpioPin irq_gpio=S2LP_GPIO_3, uint8_t my_addr=0x44, uint8_t multicast_addr=0xEE, uint8_t broadcast_addr=0xFF);
                                                                                                                                                                                                                                                                                                                                                                                                                                                                                                                                                        ^
/home/ec2-user/arduino-testlib/cli-datadir/user/libraries/STM32duino_X-NUCLEO-S2868A1/examples/X_NUCLEO_S2868A1_HelloWorld/X_NUCLEO_S2868A1_HelloWorld.ino:51:23: error: &#39;PC13&#39; was not declared in this scope
 const int buttonPin = PC13; // set buttonPin to digital pin PC13 */
                       ^
/home/ec2-user/arduino-testlib/cli-datadir/user/libraries/STM32duino_X-NUCLEO-S2868A1/examples/X_NUCLEO_S2868A1_HelloWorld/X_NUCLEO_S2868A1_HelloWorld.ino: In function &#39;void setup()&#39;:
/home/ec2-user/arduino-testlib/cli-datadir/user/libraries/STM32duino_X-NUCLEO-S2868A1/examples/X_NUCLEO_S2868A1_HelloWorld/X_NUCLEO_S2868A1_HelloWorld.ino:89:25: error: &#39;D11&#39; was not declared in this scope
   devSPI = new SPIClass(D11, D12, D3);
                         ^
/home/ec2-user/arduino-testlib/cli-datadir/user/libraries/STM32duino_X-NUCLEO-S2868A1/examples/X_NUCLEO_S2868A1_HelloWorld/X_NUCLEO_S2868A1_HelloWorld.ino:89:30: error: &#39;D12&#39; was not declared in this scope
   devSPI = new SPIClass(D11, D12, D3);
                              ^
/home/ec2-user/arduino-testlib/cli-datadir/user/libraries/STM32duino_X-NUCLEO-S2868A1/examples/X_NUCLEO_S2868A1_HelloWorld/X_NUCLEO_S2868A1_HelloWorld.ino:107:29: error: &#39;A1&#39; was not declared in this scope
   myS2LP = new S2LP(devSPI, A1, D7, A5, s_frequency, s_RfXtalFrequency, paInfo);
                             ^

</pre>
					
				
			</div>
		</div>
	</div>
  </body>
</html>
