
<!doctype html>
<html lang="en">
  <head>
    <meta charset="utf-8">
    <meta name="viewport" content="width=device-width, initial-scale=1">
    <link href="https://cdn.jsdelivr.net/npm/bootstrap@5.0.2/dist/css/bootstrap.min.css" rel="stylesheet" integrity="sha384-EVSTQN3/azprG1Anm3QDgpJLIm9Nao0Yz1ztcQTwFspd3yD65VohhpuuCOmLASjC" crossorigin="anonymous">
    <title>arduino-testlib report</title>
	<style>
	.pass { background-color: #00FF00 !important; }
	.fail { background-color: #FF0000 !important; }
	</style>
  </head>
  <body>
	<div class="container">
		<div class="row">
			<div class="col">
				<h1>STM32duino ASM330LHH - compatibility matrix</h1>
				<p>
					<small>This report was generated on Monday, 21-Feb-22 12:00:25 CET using 
					<a href="https://github.com/alranel/arduino-testlib">arduino-testlib</a>.</small>
				</p>

				<h2>STM32duino ASM330LHH</h2>
				<p>
					Version: <b>2.0.0</b>
					<br />
					<a href="https://www.arduino.cc/reference/en/libraries/stm32duino-asm330lhh/">More details</a>
				</p>

				<h2>Compatibility matrix</h2>
				<table class="table table-bordered">
					<tr>
						<th>Board</th>
						<th>Claims compatibility</th>
						<th>Inclusion</th>
						
						<th><pre>ASM330LHH_I2C_HelloWorld</pre></th>
						
						<th><pre>ASM330LHH_SPI_HelloWorld</pre></th>
						
					</tr>
					
					<tr>
						<td>
							<a href="#arduino%3aavr%3auno"><b>arduino:avr:uno</b></a>
							<br />
							<small>1.8.4</small>
						</td>

						
						
						
						
							<td>No</td>
							<td class="fail">FAIL</td>
						

						
							
								
									
										
											
											<td class="fail">FAIL</td>
										
									
										
									
								
							
								
							
								
							
								
							
								
							
						
							
								
									
										
									
										
											
											<td class="fail">FAIL</td>
										
									
								
							
								
							
								
							
								
							
								
							
						
					</tr>
					
					<tr>
						<td>
							<a href="#arduino%3ambed_nano%3ananorp2040connect"><b>arduino:mbed_nano:nanorp2040connect</b></a>
							<br />
							<small>2.7.2</small>
						</td>

						
						
							<td>No ⚠️</td>
							<td class="pass">PASS</td>
						
						
						

						
							
								
							
								
									
										
											
											<td class="fail">FAIL</td>
										
									
										
									
								
							
								
							
								
							
								
							
						
							
								
							
								
									
										
									
										
											
											<td class="fail">FAIL</td>
										
									
								
							
								
							
								
							
								
							
						
					</tr>
					
					<tr>
						<td>
							<a href="#arduino%3amegaavr%3anona4809"><b>arduino:megaavr:nona4809</b></a>
							<br />
							<small>1.8.7</small>
						</td>

						
						
						
						
							<td>No</td>
							<td class="fail">FAIL</td>
						

						
							
								
							
								
							
								
									
										
											
											<td class="fail">FAIL</td>
										
									
										
									
								
							
								
							
								
							
						
							
								
							
								
							
								
									
										
									
										
											
											<td class="fail">FAIL</td>
										
									
								
							
								
							
								
							
						
					</tr>
					
					<tr>
						<td>
							<a href="#arduino%3asamd%3amkrwifi1010"><b>arduino:samd:mkrwifi1010</b></a>
							<br />
							<small>1.8.12</small>
						</td>

						
						
							<td>No ⚠️</td>
							<td class="pass">PASS</td>
						
						
						

						
							
								
							
								
							
								
							
								
									
										
											<td class="pass">PASS</td>
											
										
									
										
									
								
							
								
							
						
							
								
							
								
							
								
							
								
									
										
									
										
											
											<td class="fail">FAIL</td>
										
									
								
							
								
							
						
					</tr>
					
					<tr>
						<td>
							<a href="#esp32%3aesp32%3ad1_mini32"><b>esp32:esp32:d1_mini32</b></a>
							<br />
							<small>1.0.6</small>
						</td>

						
						
						
						
							<td>No</td>
							<td class="fail">FAIL</td>
						

						
							
								
							
								
							
								
							
								
							
								
									
										
											
											<td class="fail">FAIL</td>
										
									
										
									
								
							
						
							
								
							
								
							
								
							
								
							
								
									
										
									
										
											
											<td class="fail">FAIL</td>
										
									
								
							
						
					</tr>
					
				</table>

				<h2>Compilation logs</h2>
				
				<h3 id="arduino:avr:uno">arduino:avr:uno @ 1.8.4</h3>
				<h4>Inclusion</h4>
				<p>
					Result: <b>FAIL</b>
					
				</p>
				<pre class="pre-scrollable">In file included from /home/ec2-user/arduino-testlib/cli-datadir/user/libraries/STM32duino_ASM330LHH/src/asm330lhh_reg.c:20:0:
/home/ec2-user/arduino-testlib/cli-datadir/user/libraries/STM32duino_ASM330LHH/src/asm330lhh_reg.h:587:8: error: unknown type name &#39;float_t&#39;
 extern float_t asm330lhh_from_fs2g_to_mg(int16_t lsb);
        ^~~~~~~
/home/ec2-user/arduino-testlib/cli-datadir/user/libraries/STM32duino_ASM330LHH/src/asm330lhh_reg.h:588:8: error: unknown type name &#39;float_t&#39;
 extern float_t asm330lhh_from/home/ec2-user/arduino-testlib/cli-datadir/user/libraries/STM32duino_ASM330LHH/src/asm330lhh_reg.h:588:8: error: &#39;float_t&#39; does not name a type; did you mean &#39;float&#39;?
 extern float_t asm330lhh_from_fs4g_to_mg(int16_t lsb);
        ^~~~~~~
        float
/home/ec2-user/arduino-testlib/cli-datadir/user/libraries/STM32duino_ASM330LHH/src/asm330lhh_reg.h:589:8: error: &#39;float_t&#39; does not name a type; did you mean &#39;float&#39;?
 extern float_t asm330lhh_from_fs8g_to_mg(int16_t lsb);
        ^~~~~~~
        float
/home/ec2-user/arduino-testlib/cli-datadir/user/libraries/STM32duino_ASM330LHH/src/asm330lhh_reg.h:590:8: error: &#39;float_t&#39; does not name a type; did you mean &#39;float&#39;?
 extern float_t asm330lhh_from_fs16g_to_mg(int16_t lsb);
        ^~~~~~~
        float
/home/ec2-user/arduino-testlib/cli-datadir/user/libraries/STM32duino_ASM330LHH/src/asm330lhh_reg.h:591:8: error: &#39;float_t&#39; does not name a type; did you mean &#39;float&#39;?
 extern float_t asm330lhh_from_fs125dps_to_mdps(int16_t lsb);
        ^~~~~~~
        float
/home/ec2-user/arduino-testlib/cli-datadir/user/libraries/STM32duino_ASM330LHH/src/asm330lhh_reg.h:592:8: error: &#39;float_t&#39; does not name a type; did you mean &#39;float&#39;?
 extern float_t asm330lhh_from_fs250dps_to_mdps(int16_t lsb);
        ^~~~~~~
        float
/home/ec2-user/arduino-testlib/cli-datadir/user/libraries/STM32duino_ASM330LHH/src/asm330lhh_reg.h:593:8: error: &#39;float_t&#39; does not name a type; did you mean &#39;float&#39;?
 extern float_t asm330lhh_from_fs500dps_to_mdps(int16_t lsb);
        ^~~~~~~
        float
/home/ec2-user/arduino-testlib/cli-datadir/user/libraries/STM32duino_ASM330LHH/src/asm330lhh_reg.h:594:8: error: &#39;float_t&#39; does not name a type; did you mean &#39;float&#39;?
 extern float_t asm330lhh_from_fs1000dps_to_mdps(int16_t lsb);
        ^~~~~~~
        float
/home/ec2-user/arduino-testlib/cli-datadir/user/libraries/STM32duino_ASM330LHH/src/asm330lhh_reg.h:595:8: error: &#39;float_t&#39; does not name a type; did you mean &#39;float&#39;?
 extern float_t asm330lhh_from_fs2000dps_to_mdps(int16_t lsb);
        ^~~~~~~
        float
/home/ec2-user/arduino-testlib/cli-datadir/user/libraries/STM32duino_ASM330LHH/src/asm330lhh_reg.h:596:8: error: &#39;float_t&#39; does not name a type; did you mean &#39;float&#39;?
 extern float_t asm330lhh_from_fs4000dps_to_mdps(int16_t lsb);
        ^~~~~~~
        float
/home/ec2-user/arduino-testlib/cli-datadir/user/libraries/STM32duino_ASM330LHH/src/asm330lhh_reg.h:597:8: error: &#39;float_t&#39; does not name a type; did you mean &#39;float&#39;?
 extern float_t asm330lhh_from_lsb_to_celsius(int16_t lsb);
        ^~~~~~~
        float
/home/ec2-user/arduino-testlib/cli-datadir/user/libraries/STM32duino_ASM330LHH/src/asm330lhh_reg.h:598:8: error: &#39;float_t&#39; does not name a type; did you mean &#39;float&#39;?
 extern float_t asm330lhh_from_lsb_to_nsec(int32_t lsb);
        ^~~~~~~
        float

</pre>

					
					<h4>examples/ASM330LHH_I2C_HelloWorld</h4>
					<p>
						Result: <b>FAIL</b>
					</p>
					<pre class="pre-scrollable">In file included from /home/ec2-user/arduino-testlib/cli-datadir/user/libraries/STM32duino_ASM330LHH/src/ASM330LHHSensor.h:50:0,
                 from /home/ec2-user/arduino-testlib/cli-datadir/user/libraries/STM32duino_ASM330LHH/examples/ASM330LHH_I2C_HelloWorld/ASM330LHH_I2C_HelloWorld.ino:43:
/home/ec2-user/arduino-testlib/cli-datadir/user/libraries/STM32duino_ASM330LHH/src/asm330lhh_reg.h:587:8: error: &#39;float_t&#39; does not name a type; did you mean &#39;float&#39;?
 extern float_t asm330lhh_from_fs2g_to_mg(int16_t lsb);
        ^~~~~~~
        float
/home/ec2-user/arduino-testlib/cli-datadir/user/libraries/STM32duino_ASM330LHH/src/asm330lhh_reg.h:588:8: error: &#39;float_t&#39; does not name a type; did you mean &#39;float&#39;?
 extern float_t asm330lhh_from_fs4g_to_mg(int16_t lsb);
        ^~~~~~~
        float
/home/ec2-user/arduino-testlib/cli-datadir/user/libraries/STM32duino_ASM330LHH/src/asm330lhh_reg.h:589:8: error: &#39;float_t&#39; does not name a type; did you mean &#39;float&#39;?
 extern float_t asm330lhh_from_fs8g_to_mg(int16_t lsb);
        ^~~~~~~
        float
/home/ec2-user/arduino-testlib/cli-datadir/user/libraries/STM32duino_ASM330LHH/src/asm330lhh_reg.h:590:8: error: &#39;float_t&#39; does not name a type; did you mean &#39;float&#39;?
 extern float_t asm330lhh_from_fs16g_to_mg(int16_t lsb);
        ^~~~~~~
        float
/home/ec2-user/arduino-testlib/cli-datadir/user/libraries/STM32duino_ASM330LHH/src/asm330lhh_reg.h:591:8: error: &#39;float_t&#39; does not name a type; did you mean &#39;float&#39;?
 extern float_t asm330lhh_from_fs125dps_to_mdps(int16_t lsb);
        ^~~~~~~
        float
/home/ec2-user/arduino-testlib/cli-datadir/user/libraries/STM32duino_ASM330LHH/src/asm330lhh_reg.h:592:8: error: &#39;float_t&#39; does not name a type; did you mean &#39;float&#39;?
 extern float_t asm330lhh_from_fs250dps_to_mdps(int16_t lsb);
        ^~~~~~~
        float
/home/ec2-user/arduino-testlib/cli-datadir/user/libraries/STM32duino_ASM330LHH/src/asm330lhh_reg.h:593:8: error: &#39;float_t&#39; does not name a type; did you mean &#39;float&#39;?
 extern float_t asm330lhh_from_fs500dps_to_mdps(int16_t lsb);
        ^~~~~~~
        float
/home/ec2-user/arduino-testlib/cli-datadir/user/libraries/STM32duino_ASM330LHH/src/asm330lhh_reg.h:594:8: error: &#39;float_t&#39; does not name a type; did you mean &#39;float&#39;?
 extern float_t asm330lhh_from_fs1000dps_to_mdps(int16_t lsb);
        ^~~~~~~
        float
/home/ec2-user/arduino-testlib/cli-datadir/user/libraries/STM32duino_ASM330LHH/src/asm330lhh_reg.h:595:8: error: &#39;float_t&#39; does not name a type; did you mean &#39;float&#39;?
 extern float_t asm330lhh_from_fs2000dps_to_mdps(int16_t lsb);
        ^~~~~~~
        float
/home/ec2-user/arduino-testlib/cli-datadir/user/libraries/STM32duino_ASM330LHH/src/asm330lhh_reg.h:596:8: error: &#39;float_t&#39; does not name a type; did you mean &#39;float&#39;?
 extern float_t asm330lhh_from_fs4000dps_to_mdps(int16_t lsb);
        ^~~~~~~
        float
/home/ec2-user/arduino-testlib/cli-datadir/user/libraries/STM32duino_ASM330LHH/src/asm330lhh_reg.h:597:8: error: &#39;float_t&#39; does not name a type; did you mean &#39;float&#39;?
 extern float_t asm330lhh_from_lsb_to_celsius(int16_t lsb);
        ^~~~~~~
        float
/home/ec2-user/arduino-testlib/cli-datadir/user/libraries/STM32duino_ASM330LHH/src/asm330lhh_reg.h:598:8: error: &#39;float_t&#39; does not name a type; did you mean &#39;float&#39;?
 extern float_t asm330lhh_from_lsb_to_nsec(int32_t lsb);
        ^~~~~~~
        float

</pre>
					
					<h4>examples/ASM330LHH_SPI_HelloWorld</h4>
					<p>
						Result: <b>FAIL</b>
					</p>
					<pre class="pre-scrollable">In file included from /home/ec2-user/arduino-testlib/cli-datadir/user/libraries/STM32duino_ASM330LHH/src/ASM330LHHSensor.h:50:0,
                 from /home/ec2-user/arduino-testlib/cli-datadir/user/libraries/STM32duino_ASM330LHH/examples/ASM330LHH_SPI_HelloWorld/ASM330LHH_SPI_HelloWorld.ino:44:
/home/ec2-user/arduino-testlib/cli-datadir/user/libraries/STM32duino_ASM330LHH/src/asm330lhh_reg.h:587:8: error: &#39;float_t&#39; does not name a type; did you mean &#39;float&#39;?
 extern float_t asm330lhh_from_fs2g_to_mg(int16_t lsb);
        ^~~~~~~
        float
/home/ec2-user/arduino-testlib/cli-datadir/user/libraries/STM32duino_ASM330LHH/src/asm330lhh_reg.h:588:8: error: &#39;float_t&#39; does not name a type; did you mean &#39;float&#39;?
 extern float_t asm330lhh_from_fs4g_to_mg(int16_t lsb);
        ^~~~~~~
        float
/home/ec2-user/arduino-testlib/cli-datadir/user/libraries/STM32duino_ASM330LHH/src/asm330lhh_reg.h:589:8: error: &#39;float_t&#39; does not name a type; did you mean &#39;float&#39;?
 extern float_t asm330lhh_from_fs8g_to_mg(int16_t lsb);
        ^~~~~~~
        float
/home/ec2-user/arduino-testlib/cli-datadir/user/libraries/STM32duino_ASM330LHH/src/asm330lhh_reg.h:590:8: error: &#39;float_t&#39; does not name a type; did you mean &#39;float&#39;?
 extern float_t asm330lhh_from_fs16g_to_mg(int16_t lsb);
        ^~~~~~~
        float
/home/ec2-user/arduino-testlib/cli-datadir/user/libraries/STM32duino_ASM330LHH/src/asm330lhh_reg.h:591:8: error: &#39;float_t&#39; does not name a type; did you mean &#39;float&#39;?
 extern float_t asm330lhh_from_fs125dps_to_mdps(int16_t lsb);
        ^~~~~~~
        float
/home/ec2-user/arduino-testlib/cli-datadir/user/libraries/STM32duino_ASM330LHH/src/asm330lhh_reg.h:592:8: error: &#39;float_t&#39; does not name a type; did you mean &#39;float&#39;?
 extern float_t asm330lhh_from_fs250dps_to_mdps(int16_t lsb);
        ^~~~~~~
        float
/home/ec2-user/arduino-testlib/cli-datadir/user/libraries/STM32duino_ASM330LHH/src/asm330lhh_reg.h:593:8: error: &#39;float_t&#39; does not name a type; did you mean &#39;float&#39;?
 extern float_t asm330lhh_from_fs500dps_to_mdps(int16_t lsb);
        ^~~~~~~
        float
/home/ec2-user/arduino-testlib/cli-datadir/user/libraries/STM32duino_ASM330LHH/src/asm330lhh_reg.h:594:8: error: &#39;float_t&#39; does not name a type; did you mean &#39;float&#39;?
 extern float_t asm330lhh_from_fs1000dps_to_mdps(int16_t lsb);
        ^~~~~~~
        float
/home/ec2-user/arduino-testlib/cli-datadir/user/libraries/STM32duino_ASM330LHH/src/asm330lhh_reg.h:595:8: error: &#39;float_t&#39; does not name a type; did you mean &#39;float&#39;?
 extern float_t asm330lhh_from_fs2000dps_to_mdps(int16_t lsb);
        ^~~~~~~
        float
/home/ec2-user/arduino-testlib/cli-datadir/user/libraries/STM32duino_ASM330LHH/src/asm330lhh_reg.h:596:8: error: &#39;float_t&#39; does not name a type; did you mean &#39;float&#39;?
 extern float_t asm330lhh_from_fs4000dps_to_mdps(int16_t lsb);
        ^~~~~~~
        float
/home/ec2-user/arduino-testlib/cli-datadir/user/libraries/STM32duino_ASM330LHH/src/asm330lhh_reg.h:597:8: error: &#39;float_t&#39; does not name a type; did you mean &#39;float&#39;?
 extern float_t asm330lhh_from_lsb_to_celsius(int16_t lsb);
        ^~~~~~~
        float
/home/ec2-user/arduino-testlib/cli-datadir/user/libraries/STM32duino_ASM330LHH/src/asm330lhh_reg.h:598:8: error: &#39;float_t&#39; does not name a type; did you mean &#39;float&#39;?
 extern float_t asm330lhh_from_lsb_to_nsec(int32_t lsb);
        ^~~~~~~
        float
/home/ec2-user/arduino-testlib/cli-datadir/user/libraries/STM32duino_ASM330LHH/examples/ASM330LHH_SPI_HelloWorld/ASM330LHH_SPI_HelloWorld.ino:49:18: error: &#39;D11&#39; was not declared in this scope
 SPIClass dev_spi(D11, D12, D3);
                  ^~~
/home/ec2-user/arduino-testlib/cli-datadir/user/libraries/STM32duino_ASM330LHH/examples/ASM330LHH_SPI_HelloWorld/ASM330LHH_SPI_HelloWorld.ino:49:18: note: suggested alternative: &#39;B11&#39;
 SPIClass dev_spi(D11, D12, D3);
                  ^~~
                  B11
/home/ec2-user/arduino-testlib/cli-datadir/user/libraries/STM32duino_ASM330LHH/examples/ASM330LHH_SPI_HelloWorld/ASM330LHH_SPI_HelloWorld.ino:49:23: error: &#39;D12&#39; was not declared in this scope
 SPIClass dev_spi(D11, D12, D3);
                       ^~~
/home/ec2-user/arduino-testlib/cli-datadir/user/libraries/STM32duino_ASM330LHH/examples/ASM330LHH_SPI_HelloWorld/ASM330LHH_SPI_HelloWorld.ino:49:23: note: suggested alternative: &#39;DD2&#39;
 SPIClass dev_spi(D11, D12, D3);
                       ^~~
                       DD2
/home/ec2-user/arduino-testlib/cli-datadir/user/libraries/STM32duino_ASM330LHH/examples/ASM330LHH_SPI_HelloWorld/ASM330LHH_SPI_HelloWorld.ino:49:28: error: &#39;D3&#39; was not declared in this scope
 SPIClass dev_spi(D11, D12, D3);
                            ^~
/home/ec2-user/arduino-testlib/cli-datadir/user/libraries/STM32duino_ASM330LHH/examples/ASM330LHH_SPI_HelloWorld/ASM330LHH_SPI_HelloWorld.ino:49:28: note: suggested alternative: &#39;A3&#39;
 SPIClass dev_spi(D11, D12, D3);
                            ^~
                            A3
/home/ec2-user/arduino-testlib/cli-datadir/user/libraries/STM32duino_ASM330LHH/examples/ASM330LHH_SPI_HelloWorld/ASM330LHH_SPI_HelloWorld.ino:52:34: error: &#39;D10&#39; was not declared in this scope
 ASM330LHHSensor AccGyr(&amp;dev_spi, D10);
                                  ^~~
/home/ec2-user/arduino-testlib/cli-datadir/user/libraries/STM32duino_ASM330LHH/examples/ASM330LHH_SPI_HelloWorld/ASM330LHH_SPI_HelloWorld.ino:52:34: note: suggested alternative: &#39;B10&#39;
 ASM330LHHSensor AccGyr(&amp;dev_spi, D10);
                                  ^~~
                                  B10

</pre>
					
				
				<h3 id="arduino:mbed_nano:nanorp2040connect">arduino:mbed_nano:nanorp2040connect @ 2.7.2</h3>
				<h4>Inclusion</h4>
				<p>
					Result: <b>PASS</b>
					
				</p>
				<pre class="pre-scrollable">WARNING: library STM32duino_ASM330LHH claims to run on stm32, avr, sam architecture(s) and may be incompatible with your current board which runs on mbed_nano architecture(s).
Sketch uses 83608 bytes (0%) of program storage space. Maximum is 16777216 bytes.
Global variables use 44392 bytes (16%) of dynamic memory, leaving 225944 bytes for local variables. Maximum is 270336 bytes.
</pre>

					
					<h4>examples/ASM330LHH_I2C_HelloWorld</h4>
					<p>
						Result: <b>FAIL</b>
					</p>
					<pre class="pre-scrollable">WARNING: library STM32duino_ASM330LHH claims to run on stm32, avr, sam architecture(s) and may be incompatible with your current board which runs on mbed_nano architecture(s).
/home/ec2-user/arduino-testlib/cli-datadir/user/libraries/STM32duino_ASM330LHH/examples/ASM330LHH_I2C_HelloWorld/ASM330LHH_I2C_HelloWorld.ino: In function &#39;void setup()&#39;:
/home/ec2-user/arduino-testlib/cli-datadir/user/libraries/STM32duino_ASM330LHH/examples/ASM330LHH_I2C_HelloWorld/ASM330LHH_I2C_HelloWorld.ino:66:10: error: call to &#39;pinMode&#39; declared with attribute error: Please include WiFiNINA.h to use this pin
   pinMode(INT_1, OUTPUT);
   ~~~~~~~^~~~~~~~~~~~~~~
/home/ec2-user/arduino-testlib/cli-datadir/user/libraries/STM32duino_ASM330LHH/examples/ASM330LHH_I2C_HelloWorld/ASM330LHH_I2C_HelloWorld.ino:68:15: error: call to &#39;digitalWrite&#39; declared with attribute error: Please include WiFiNINA.h to use this pin
   digitalWrite(INT_1, LOW);
   ~~~~~~~~~~~~^~~~~~~~~~~~

</pre>
					
					<h4>examples/ASM330LHH_SPI_HelloWorld</h4>
					<p>
						Result: <b>FAIL</b>
					</p>
					<pre class="pre-scrollable">WARNING: library STM32duino_ASM330LHH claims to run on stm32, avr, sam architecture(s) and may be incompatible with your current board which runs on mbed_nano architecture(s).
/home/ec2-user/arduino-testlib/cli-datadir/user/libraries/STM32duino_ASM330LHH/examples/ASM330LHH_SPI_HelloWorld/ASM330LHH_SPI_HelloWorld.ino:49:18: error: &#39;D11&#39; was not declared in this scope
 SPIClass dev_spi(D11, D12, D3);
                  ^~~
/home/ec2-user/arduino-testlib/cli-datadir/user/libraries/STM32duino_ASM330LHH/examples/ASM330LHH_SPI_HelloWorld/ASM330LHH_SPI_HelloWorld.ino:49:18: note: suggested alternative: &#39;B11&#39;
 SPIClass dev_spi(D11, D12, D3);
                  ^~~
                  B11
/home/ec2-user/arduino-testlib/cli-datadir/user/libraries/STM32duino_ASM330LHH/examples/ASM330LHH_SPI_HelloWorld/ASM330LHH_SPI_HelloWorld.ino:49:23: error: &#39;D12&#39; was not declared in this scope
 SPIClass dev_spi(D11, D12, D3);
                       ^~~
/home/ec2-user/arduino-testlib/cli-datadir/user/libraries/STM32duino_ASM330LHH/examples/ASM330LHH_SPI_HelloWorld/ASM330LHH_SPI_HelloWorld.ino:49:23: note: suggested alternative: &#39;p12&#39;
 SPIClass dev_spi(D11, D12, D3);
                       ^~~
                       p12
/home/ec2-user/arduino-testlib/cli-datadir/user/libraries/STM32duino_ASM330LHH/examples/ASM330LHH_SPI_HelloWorld/ASM330LHH_SPI_HelloWorld.ino:49:28: error: &#39;D3&#39; was not declared in this scope
 SPIClass dev_spi(D11, D12, D3);
                            ^~
/home/ec2-user/arduino-testlib/cli-datadir/user/libraries/STM32duino_ASM330LHH/examples/ASM330LHH_SPI_HelloWorld/ASM330LHH_SPI_HelloWorld.ino:49:28: note: suggested alternative: &#39;A3&#39;
 SPIClass dev_spi(D11, D12, D3);
                            ^~
                            A3
/home/ec2-user/arduino-testlib/cli-datadir/user/libraries/STM32duino_ASM330LHH/examples/ASM330LHH_SPI_HelloWorld/ASM330LHH_SPI_HelloWorld.ino:49:10: error: cannot declare variable &#39;dev_spi&#39; to be of abstract type &#39;arduino::HardwareSPI&#39;
 SPIClass dev_spi(D11, D12, D3);
          ^~~~~~~
In file included from /home/ec2-user/arduino-testlib/cli-datadir/data/packages/arduino/hardware/mbed_nano/2.7.2/libraries/SPI/SPI.h:22:0,
                 from /home/ec2-user/arduino-testlib/cli-datadir/user/libraries/STM32duino_ASM330LHH/src/ASM330LHHSensor.h:49,
                 from /home/ec2-user/arduino-testlib/cli-datadir/user/libraries/STM32duino_ASM330LHH/examples/ASM330LHH_SPI_HelloWorld/ASM330LHH_SPI_HelloWorld.ino:44:
/home/ec2-user/arduino-testlib/cli-datadir/data/packages/arduino/hardware/mbed_nano/2.7.2/cores/arduino/api/HardwareSPI.h:104:7: note:   because the following virtual functions are pure within &#39;arduino::HardwareSPI&#39;:
 class HardwareSPI
       ^~~~~~~~~~~
/home/ec2-user/arduino-testlib/cli-datadir/data/packages/arduino/hardware/mbed_nano/2.7.2/cores/arduino/api/HardwareSPI.h:109:21: note: 	virtual uint8_t arduino::HardwareSPI::transfer(uint8_t)
     virtual uint8_t transfer(uint8_t data) = 0;
                     ^~~~~~~~
/home/ec2-user/arduino-testlib/cli-datadir/data/packages/arduino/hardware/mbed_nano/2.7.2/cores/arduino/api/HardwareSPI.h:110:22: note: 	virtual uint16_t arduino::HardwareSPI::transfer16(uint16_t)
     virtual uint16_t transfer16(uint16_t data) = 0;
                      ^~~~~~~~~~
/home/ec2-user/arduino-testlib/cli-datadir/data/packages/arduino/hardware/mbed_nano/2.7.2/cores/arduino/api/HardwareSPI.h:111:18: note: 	virtual void arduino::HardwareSPI::transfer(void*, size_t)
     virtual void transfer(void *buf, size_t count) = 0;
                  ^~~~~~~~
/home/ec2-user/arduino-testlib/cli-datadir/data/packages/arduino/hardware/mbed_nano/2.7.2/cores/arduino/api/HardwareSPI.h:114:18: note: 	virtual void arduino::HardwareSPI::usingInterrupt(int)
     virtual void usingInterrupt(int interruptNumber) = 0;
                  ^~~~~~~~~~~~~~
/home/ec2-user/arduino-testlib/cli-datadir/data/packages/arduino/hardware/mbed_nano/2.7.2/cores/arduino/api/HardwareSPI.h:115:18: note: 	virtual void arduino::HardwareSPI::notUsingInterrupt(int)
     virtual void notUsingInterrupt(int interruptNumber) = 0;
                  ^~~~~~~~~~~~~~~~~
/home/ec2-user/arduino-testlib/cli-datadir/data/packages/arduino/hardware/mbed_nano/2.7.2/cores/arduino/api/HardwareSPI.h:116:18: note: 	virtual void arduino::HardwareSPI::beginTransaction(arduino::SPISettings)
     virtual void beginTransaction(SPISettings settings) = 0;
                  ^~~~~~~~~~~~~~~~
/home/ec2-user/arduino-testlib/cli-datadir/data/packages/arduino/hardware/mbed_nano/2.7.2/cores/arduino/api/HardwareSPI.h:117:18: note: 	virtual void arduino::HardwareSPI::endTransaction()
     virtual void endTransaction(void) = 0;
                  ^~~~~~~~~~~~~~
/home/ec2-user/arduino-testlib/cli-datadir/data/packages/arduino/hardware/mbed_nano/2.7.2/cores/arduino/api/HardwareSPI.h:120:18: note: 	virtual void arduino::HardwareSPI::attachInterrupt()
     virtual void attachInterrupt() = 0;
                  ^~~~~~~~~~~~~~~
/home/ec2-user/arduino-testlib/cli-datadir/data/packages/arduino/hardware/mbed_nano/2.7.2/cores/arduino/api/HardwareSPI.h:121:18: note: 	virtual void arduino::HardwareSPI::detachInterrupt()
     virtual void detachInterrupt() = 0;
                  ^~~~~~~~~~~~~~~
/home/ec2-user/arduino-testlib/cli-datadir/data/packages/arduino/hardware/mbed_nano/2.7.2/cores/arduino/api/HardwareSPI.h:123:18: note: 	virtual void arduino::HardwareSPI::begin()
     virtual void begin() = 0;
                  ^~~~~
/home/ec2-user/arduino-testlib/cli-datadir/data/packages/arduino/hardware/mbed_nano/2.7.2/cores/arduino/api/HardwareSPI.h:124:18: note: 	virtual void arduino::HardwareSPI::end()
     virtual void end() = 0;
                  ^~~
/home/ec2-user/arduino-testlib/cli-datadir/user/libraries/STM32duino_ASM330LHH/examples/ASM330LHH_SPI_HelloWorld/ASM330LHH_SPI_HelloWorld.ino:52:34: error: &#39;D10&#39; was not declared in this scope
 ASM330LHHSensor AccGyr(&amp;dev_spi, D10);
                                  ^~~
/home/ec2-user/arduino-testlib/cli-datadir/user/libraries/STM32duino_ASM330LHH/examples/ASM330LHH_SPI_HelloWorld/ASM330LHH_SPI_HelloWorld.ino:52:34: note: suggested alternative: &#39;B10&#39;
 ASM330LHHSensor AccGyr(&amp;dev_spi, D10);
                                  ^~~
                                  B10

</pre>
					
				
				<h3 id="arduino:megaavr:nona4809">arduino:megaavr:nona4809 @ 1.8.7</h3>
				<h4>Inclusion</h4>
				<p>
					Result: <b>FAIL</b>
					
				</p>
				<pre class="pre-scrollable">WARNING: library STM32duino_ASM330LHH claims to run on stm32, avr, sam architecture(s) and may be incompatible with your current board which runs on megaavr architecture(s).
In file included from /home/ec2-user/arduino-testlib/cli-datadir/user/libraries/STM32duino_ASM330LHH/src/asm330lhh_reg.c:20:0:
/home/ec2-user/arduino-testlib/cli-datadir/user/libraries/STM32duino_ASM330LHH/src/asm330lhh_reg.h:587:8: error: unknown type name &#39;float_t&#39;
 extern float_t asm330lhh_from_fs2g_to_mg(int16_t lsb);
        ^~~~~~~
/home/ec2-user/arduino-testlib/cli-datadir/user/libraries/STM32duino_ASM330LHH/src/asm330lhh_reg.h:588:8: error: unknown type name &#39;float_t&#39;
 extern float_t asm330lhh_from/home/ec2-user/arduino-testlib/cli-datadir/user/libraries/STM32duino_ASM330LHH/src/asm330lhh_reg.h:588:8: error: &#39;float_t&#39; does not name a type; did you mean &#39;float&#39;?
 extern float_t asm330lhh_from_fs4g_to_mg(int16_t lsb);
        ^~~~~~~
        float
/home/ec2-user/arduino-testlib/cli-datadir/user/libraries/STM32duino_ASM330LHH/src/asm330lhh_reg.h:589:8: error: &#39;float_t&#39; does not name a type; did you mean &#39;float&#39;?
 extern float_t asm330lhh_from_fs8g_to_mg(int16_t lsb);
        ^~~~~~~
        float
/home/ec2-user/arduino-testlib/cli-datadir/user/libraries/STM32duino_ASM330LHH/src/asm330lhh_reg.h:590:8: error: &#39;float_t&#39; does not name a type; did you mean &#39;float&#39;?
 extern float_t asm330lhh_from_fs16g_to_mg(int16_t lsb);
        ^~~~~~~
        float
/home/ec2-user/arduino-testlib/cli-datadir/user/libraries/STM32duino_ASM330LHH/src/asm330lhh_reg.h:591:8: error: &#39;float_t&#39; does not name a type; did you mean &#39;float&#39;?
 extern float_t asm330lhh_from_fs125dps_to_mdps(int16_t lsb);
        ^~~~~~~
        float
/home/ec2-user/arduino-testlib/cli-datadir/user/libraries/STM32duino_ASM330LHH/src/asm330lhh_reg.h:592:8: error: &#39;float_t&#39; does not name a type; did you mean &#39;float&#39;?
 extern float_t asm330lhh_from_fs250dps_to_mdps(int16_t lsb);
        ^~~~~~~
        float
/home/ec2-user/arduino-testlib/cli-datadir/user/libraries/STM32duino_ASM330LHH/src/asm330lhh_reg.h:593:8: error: &#39;float_t&#39; does not name a type; did you mean &#39;float&#39;?
 extern float_t asm330lhh_from_fs500dps_to_mdps(int16_t lsb);
        ^~~~~~~
        float
/home/ec2-user/arduino-testlib/cli-datadir/user/libraries/STM32duino_ASM330LHH/src/asm330lhh_reg.h:594:8: error: &#39;float_t&#39; does not name a type; did you mean &#39;float&#39;?
 extern float_t asm330lhh_from_fs1000dps_to_mdps(int16_t lsb);
        ^~~~~~~
        float
/home/ec2-user/arduino-testlib/cli-datadir/user/libraries/STM32duino_ASM330LHH/src/asm330lhh_reg.h:595:8: error: &#39;float_t&#39; does not name a type; did you mean &#39;float&#39;?
 extern float_t asm330lhh_from_fs2000dps_to_mdps(int16_t lsb);
        ^~~~~~~
        float
/home/ec2-user/arduino-testlib/cli-datadir/user/libraries/STM32duino_ASM330LHH/src/asm330lhh_reg.h:596:8: error: &#39;float_t&#39; does not name a type; did you mean &#39;float&#39;?
 extern float_t asm330lhh_from_fs4000dps_to_mdps(int16_t lsb);
        ^~~~~~~
        float
/home/ec2-user/arduino-testlib/cli-datadir/user/libraries/STM32duino_ASM330LHH/src/asm330lhh_reg.h:597:8: error: &#39;float_t&#39; does not name a type; did you mean &#39;float&#39;?
 extern float_t asm330lhh_from_lsb_to_celsius(int16_t lsb);
        ^~~~~~~
        float
/home/ec2-user/arduino-testlib/cli-datadir/user/libraries/STM32duino_ASM330LHH/src/asm330lhh_reg.h:598:8: error: &#39;float_t&#39; does not name a type; did you mean &#39;float&#39;?
 extern float_t asm330lhh_from_lsb_to_nsec(int32_t lsb);
        ^~~~~~~
        float
In file included from /home/ec2-user/arduino-testlib/cli-datadir/user/libraries/STM32duino_ASM330LHH/src/ASM330LHHSensor.h:48:0,
                 from /home/ec2-user/arduino-testlib/cli-datadir/user/libraries/STM32duino_ASM330LHH/src/ASM330LHHSensor.cpp:42:
/home/ec2-user/arduino-testlib/cli-datadir/data/packages/arduino/hardware/megaavr/1.8.7/libraries/Wire/src/Wire.h: In member function &#39;uint8_t ASM330LHHSensor::IO_Read(uint8_t*, uint8_t, uint16_t)&#39;:
/home/ec2-user/arduino-testlib/cli-datadir/data/packages/arduino/hardware/megaavr/1.8.7/libraries/Wire/src/Wire.h:63:12: note: candidate 1: size_t TwoWire::requestFrom(int, int)
     size_t requestFrom(int, int);
            ^~~~~~~~~~~
/home/ec2-user/arduino-testlib/cli-datadir/data/packages/arduino/hardware/megaavr/1.8.7/libraries/Wire/src/Wire.h:61:12: note: candidate 2: virtual size_t TwoWire::requestFrom(uint8_t, size_t)
     size_t requestFrom(uint8_t, size_t);
            ^~~~~~~~~~~

</pre>

					
					<h4>examples/ASM330LHH_I2C_HelloWorld</h4>
					<p>
						Result: <b>FAIL</b>
					</p>
					<pre class="pre-scrollable">WARNING: library STM32duino_ASM330LHH claims to run on stm32, avr, sam architecture(s) and may be incompatible with your current board which runs on megaavr architecture(s).
In file included from /home/ec2-user/arduino-testlib/cli-datadir/user/libraries/STM32duino_ASM330LHH/src/ASM330LHHSensor.h:50:0,
                 from /home/ec2-user/arduino-testlib/cli-datadir/user/libraries/STM32duino_ASM330LHH/examples/ASM330LHH_I2C_HelloWorld/ASM330LHH_I2C_HelloWorld.ino:43:
/home/ec2-user/arduino-testlib/cli-datadir/user/libraries/STM32duino_ASM330LHH/src/asm330lhh_reg.h:587:8: error: &#39;float_t&#39; does not name a type; did you mean &#39;float&#39;?
 extern float_t asm330lhh_from_fs2g_to_mg(int16_t lsb);
        ^~~~~~~
        float
/home/ec2-user/arduino-testlib/cli-datadir/user/libraries/STM32duino_ASM330LHH/src/asm330lhh_reg.h:588:8: error: &#39;float_t&#39; does not name a type; did you mean &#39;float&#39;?
 extern float_t asm330lhh_from_fs4g_to_mg(int16_t lsb);
        ^~~~~~~
        float
/home/ec2-user/arduino-testlib/cli-datadir/user/libraries/STM32duino_ASM330LHH/src/asm330lhh_reg.h:589:8: error: &#39;float_t&#39; does not name a type; did you mean &#39;float&#39;?
 extern float_t asm330lhh_from_fs8g_to_mg(int16_t lsb);
        ^~~~~~~
        float
/home/ec2-user/arduino-testlib/cli-datadir/user/libraries/STM32duino_ASM330LHH/src/asm330lhh_reg.h:590:8: error: &#39;float_t&#39; does not name a type; did you mean &#39;float&#39;?
 extern float_t asm330lhh_from_fs16g_to_mg(int16_t lsb);
        ^~~~~~~
        float
/home/ec2-user/arduino-testlib/cli-datadir/user/libraries/STM32duino_ASM330LHH/src/asm330lhh_reg.h:591:8: error: &#39;float_t&#39; does not name a type; did you mean &#39;float&#39;?
 extern float_t asm330lhh_from_fs125dps_to_mdps(int16_t lsb);
        ^~~~~~~
        float
/home/ec2-user/arduino-testlib/cli-datadir/user/libraries/STM32duino_ASM330LHH/src/asm330lhh_reg.h:592:8: error: &#39;float_t&#39; does not name a type; did you mean &#39;float&#39;?
 extern float_t asm330lhh_from_fs250dps_to_mdps(int16_t lsb);
        ^~~~~~~
        float
/home/ec2-user/arduino-testlib/cli-datadir/user/libraries/STM32duino_ASM330LHH/src/asm330lhh_reg.h:593:8: error: &#39;float_t&#39; does not name a type; did you mean &#39;float&#39;?
 extern float_t asm330lhh_from_fs500dps_to_mdps(int16_t lsb);
        ^~~~~~~
        float
/home/ec2-user/arduino-testlib/cli-datadir/user/libraries/STM32duino_ASM330LHH/src/asm330lhh_reg.h:594:8: error: &#39;float_t&#39; does not name a type; did you mean &#39;float&#39;?
 extern float_t asm330lhh_from_fs1000dps_to_mdps(int16_t lsb);
        ^~~~~~~
        float
/home/ec2-user/arduino-testlib/cli-datadir/user/libraries/STM32duino_ASM330LHH/src/asm330lhh_reg.h:595:8: error: &#39;float_t&#39; does not name a type; did you mean &#39;float&#39;?
 extern float_t asm330lhh_from_fs2000dps_to_mdps(int16_t lsb);
        ^~~~~~~
        float
/home/ec2-user/arduino-testlib/cli-datadir/user/libraries/STM32duino_ASM330LHH/src/asm330lhh_reg.h:596:8: error: &#39;float_t&#39; does not name a type; did you mean &#39;float&#39;?
 extern float_t asm330lhh_from_fs4000dps_to_mdps(int16_t lsb);
        ^~~~~~~
        float
/home/ec2-user/arduino-testlib/cli-datadir/user/libraries/STM32duino_ASM330LHH/src/asm330lhh_reg.h:597:8: error: &#39;float_t&#39; does not name a type; did you mean &#39;float&#39;?
 extern float_t asm330lhh_from_lsb_to_celsius(int16_t lsb);
        ^~~~~~~
        float
/home/ec2-user/arduino-testlib/cli-datadir/user/libraries/STM32duino_ASM330LHH/src/asm330lhh_reg.h:598:8: error: &#39;float_t&#39; does not name a type; did you mean &#39;float&#39;?
 extern float_t asm330lhh_from_lsb_to_nsec(int32_t lsb);
        ^~~~~~~
        float
In file included from /home/ec2-user/arduino-testlib/cli-datadir/user/libraries/STM32duino_ASM330LHH/src/ASM330LHHSensor.h:48:0,
                 from /home/ec2-user/arduino-testlib/cli-datadir/user/libraries/STM32duino_ASM330LHH/examples/ASM330LHH_I2C_HelloWorld/ASM330LHH_I2C_HelloWorld.ino:43:
/home/ec2-user/arduino-testlib/cli-datadir/data/packages/arduino/hardware/megaavr/1.8.7/libraries/Wire/src/Wire.h: In member function &#39;uint8_t ASM330LHHSensor::IO_Read(uint8_t*, uint8_t, uint16_t)&#39;:
/home/ec2-user/arduino-testlib/cli-datadir/data/packages/arduino/hardware/megaavr/1.8.7/libraries/Wire/src/Wire.h:63:12: note: candidate 1: size_t TwoWire::requestFrom(int, int)
     size_t requestFrom(int, int);
            ^~~~~~~~~~~
/home/ec2-user/arduino-testlib/cli-datadir/data/packages/arduino/hardware/megaavr/1.8.7/libraries/Wire/src/Wire.h:61:12: note: candidate 2: virtual size_t TwoWire::requestFrom(uint8_t, size_t)
     size_t requestFrom(uint8_t, size_t);
            ^~~~~~~~~~~

</pre>
					
					<h4>examples/ASM330LHH_SPI_HelloWorld</h4>
					<p>
						Result: <b>FAIL</b>
					</p>
					<pre class="pre-scrollable">WARNING: library STM32duino_ASM330LHH claims to run on stm32, avr, sam architecture(s) and may be incompatible with your current board which runs on megaavr architecture(s).
In file included from /home/ec2-user/arduino-testlib/cli-datadir/user/libraries/STM32duino_ASM330LHH/src/ASM330LHHSensor.h:50:0,
                 from /home/ec2-user/arduino-testlib/cli-datadir/user/libraries/STM32duino_ASM330LHH/examples/ASM330LHH_SPI_HelloWorld/ASM330LHH_SPI_HelloWorld.ino:44:
/home/ec2-user/arduino-testlib/cli-datadir/user/libraries/STM32duino_ASM330LHH/src/asm330lhh_reg.h:587:8: error: &#39;float_t&#39; does not name a type; did you mean &#39;float&#39;?
 extern float_t asm330lhh_from_fs2g_to_mg(int16_t lsb);
        ^~~~~~~
        float
/home/ec2-user/arduino-testlib/cli-datadir/user/libraries/STM32duino_ASM330LHH/src/asm330lhh_reg.h:588:8: error: &#39;float_t&#39; does not name a type; did you mean &#39;float&#39;?
 extern float_t asm330lhh_from_fs4g_to_mg(int16_t lsb);
        ^~~~~~~
        float
/home/ec2-user/arduino-testlib/cli-datadir/user/libraries/STM32duino_ASM330LHH/src/asm330lhh_reg.h:589:8: error: &#39;float_t&#39; does not name a type; did you mean &#39;float&#39;?
 extern float_t asm330lhh_from_fs8g_to_mg(int16_t lsb);
        ^~~~~~~
        float
/home/ec2-user/arduino-testlib/cli-datadir/user/libraries/STM32duino_ASM330LHH/src/asm330lhh_reg.h:590:8: error: &#39;float_t&#39; does not name a type; did you mean &#39;float&#39;?
 extern float_t asm330lhh_from_fs16g_to_mg(int16_t lsb);
        ^~~~~~~
        float
/home/ec2-user/arduino-testlib/cli-datadir/user/libraries/STM32duino_ASM330LHH/src/asm330lhh_reg.h:591:8: error: &#39;float_t&#39; does not name a type; did you mean &#39;float&#39;?
 extern float_t asm330lhh_from_fs125dps_to_mdps(int16_t lsb);
        ^~~~~~~
        float
/home/ec2-user/arduino-testlib/cli-datadir/user/libraries/STM32duino_ASM330LHH/src/asm330lhh_reg.h:592:8: error: &#39;float_t&#39; does not name a type; did you mean &#39;float&#39;?
 extern float_t asm330lhh_from_fs250dps_to_mdps(int16_t lsb);
        ^~~~~~~
        float
/home/ec2-user/arduino-testlib/cli-datadir/user/libraries/STM32duino_ASM330LHH/src/asm330lhh_reg.h:593:8: error: &#39;float_t&#39; does not name a type; did you mean &#39;float&#39;?
 extern float_t asm330lhh_from_fs500dps_to_mdps(int16_t lsb);
        ^~~~~~~
        float
/home/ec2-user/arduino-testlib/cli-datadir/user/libraries/STM32duino_ASM330LHH/src/asm330lhh_reg.h:594:8: error: &#39;float_t&#39; does not name a type; did you mean &#39;float&#39;?
 extern float_t asm330lhh_from_fs1000dps_to_mdps(int16_t lsb);
        ^~~~~~~
        float
/home/ec2-user/arduino-testlib/cli-datadir/user/libraries/STM32duino_ASM330LHH/src/asm330lhh_reg.h:595:8: error: &#39;float_t&#39; does not name a type; did you mean &#39;float&#39;?
 extern float_t asm330lhh_from_fs2000dps_to_mdps(int16_t lsb);
        ^~~~~~~
        float
/home/ec2-user/arduino-testlib/cli-datadir/user/libraries/STM32duino_ASM330LHH/src/asm330lhh_reg.h:596:8: error: &#39;float_t&#39; does not name a type; did you mean &#39;float&#39;?
 extern float_t asm330lhh_from_fs4000dps_to_mdps(int16_t lsb);
        ^~~~~~~
        float
/home/ec2-user/arduino-testlib/cli-datadir/user/libraries/STM32duino_ASM330LHH/src/asm330lhh_reg.h:597:8: error: &#39;float_t&#39; does not name a type; did you mean &#39;float&#39;?
 extern float_t asm330lhh_from_lsb_to_celsius(int16_t lsb);
        ^~~~~~~
        float
/home/ec2-user/arduino-testlib/cli-datadir/user/libraries/STM32duino_ASM330LHH/src/asm330lhh_reg.h:598:8: error: &#39;float_t&#39; does not name a type; did you mean &#39;float&#39;?
 extern float_t asm330lhh_from_lsb_to_nsec(int32_t lsb);
        ^~~~~~~
        float
In file included from /home/ec2-user/arduino-testlib/cli-datadir/user/libraries/STM32duino_ASM330LHH/src/ASM330LHHSensor.h:48:0,
                 from /home/ec2-user/arduino-testlib/cli-datadir/user/libraries/STM32duino_ASM330LHH/examples/ASM330LHH_SPI_HelloWorld/ASM330LHH_SPI_HelloWorld.ino:44:
/home/ec2-user/arduino-testlib/cli-datadir/data/packages/arduino/hardware/megaavr/1.8.7/libraries/Wire/src/Wire.h: In member function &#39;uint8_t ASM330LHHSensor::IO_Read(uint8_t*, uint8_t, uint16_t)&#39;:
/home/ec2-user/arduino-testlib/cli-datadir/data/packages/arduino/hardware/megaavr/1.8.7/libraries/Wire/src/Wire.h:63:12: note: candidate 1: size_t TwoWire::requestFrom(int, int)
     size_t requestFrom(int, int);
            ^~~~~~~~~~~
/home/ec2-user/arduino-testlib/cli-datadir/data/packages/arduino/hardware/megaavr/1.8.7/libraries/Wire/src/Wire.h:61:12: note: candidate 2: virtual size_t TwoWire::requestFrom(uint8_t, size_t)
     size_t requestFrom(uint8_t, size_t);
            ^~~~~~~~~~~
/home/ec2-user/arduino-testlib/cli-datadir/user/libraries/STM32duino_ASM330LHH/examples/ASM330LHH_SPI_HelloWorld/ASM330LHH_SPI_HelloWorld.ino: At global scope:
/home/ec2-user/arduino-testlib/cli-datadir/user/libraries/STM32duino_ASM330LHH/examples/ASM330LHH_SPI_HelloWorld/ASM330LHH_SPI_HelloWorld.ino:49:18: error: &#39;D11&#39; was not declared in this scope
 SPIClass dev_spi(D11, D12, D3);
                  ^~~
/home/ec2-user/arduino-testlib/cli-datadir/user/libraries/STM32duino_ASM330LHH/examples/ASM330LHH_SPI_HelloWorld/ASM330LHH_SPI_HelloWorld.ino:49:18: note: suggested alternative: &#39;B11&#39;
 SPIClass dev_spi(D11, D12, D3);
                  ^~~
                  B11
/home/ec2-user/arduino-testlib/cli-datadir/user/libraries/STM32duino_ASM330LHH/examples/ASM330LHH_SPI_HelloWorld/ASM330LHH_SPI_HelloWorld.ino:49:23: error: &#39;D12&#39; was not declared in this scope
 SPIClass dev_spi(D11, D12, D3);
                       ^~~
/home/ec2-user/arduino-testlib/cli-datadir/user/libraries/STM32duino_ASM330LHH/examples/ASM330LHH_SPI_HelloWorld/ASM330LHH_SPI_HelloWorld.ino:49:23: note: suggested alternative: &#39;DD2&#39;
 SPIClass dev_spi(D11, D12, D3);
                       ^~~
                       DD2
/home/ec2-user/arduino-testlib/cli-datadir/user/libraries/STM32duino_ASM330LHH/examples/ASM330LHH_SPI_HelloWorld/ASM330LHH_SPI_HelloWorld.ino:49:28: error: &#39;D3&#39; was not declared in this scope
 SPIClass dev_spi(D11, D12, D3);
                            ^~
/home/ec2-user/arduino-testlib/cli-datadir/user/libraries/STM32duino_ASM330LHH/examples/ASM330LHH_SPI_HelloWorld/ASM330LHH_SPI_HelloWorld.ino:49:28: note: suggested alternative: &#39;A3&#39;
 SPIClass dev_spi(D11, D12, D3);
                            ^~
                            A3
/home/ec2-user/arduino-testlib/cli-datadir/user/libraries/STM32duino_ASM330LHH/examples/ASM330LHH_SPI_HelloWorld/ASM330LHH_SPI_HelloWorld.ino:52:34: error: &#39;D10&#39; was not declared in this scope
 ASM330LHHSensor AccGyr(&amp;dev_spi, D10);
                                  ^~~
/home/ec2-user/arduino-testlib/cli-datadir/user/libraries/STM32duino_ASM330LHH/examples/ASM330LHH_SPI_HelloWorld/ASM330LHH_SPI_HelloWorld.ino:52:34: note: suggested alternative: &#39;B10&#39;
 ASM330LHHSensor AccGyr(&amp;dev_spi, D10);
                                  ^~~
                                  B10

</pre>
					
				
				<h3 id="arduino:samd:mkrwifi1010">arduino:samd:mkrwifi1010 @ 1.8.12</h3>
				<h4>Inclusion</h4>
				<p>
					Result: <b>PASS</b>
					
				</p>
				<pre class="pre-scrollable">WARNING: library STM32duino_ASM330LHH claims to run on stm32, avr, sam architecture(s) and may be incompatible with your current board which runs on samd architecture(s).
Sketch uses 14780 bytes (5%) of program storage space. Maximum is 262144 bytes.
Global variables use 3656 bytes (11%) of dynamic memory, leaving 29112 bytes for local variables. Maximum is 32768 bytes.
</pre>

					
					<h4>examples/ASM330LHH_I2C_HelloWorld</h4>
					<p>
						Result: <b>PASS</b>
					</p>
					<pre class="pre-scrollable">WARNING: library STM32duino_ASM330LHH claims to run on stm32, avr, sam architecture(s) and may be incompatible with your current board which runs on samd architecture(s).
Sketch uses 17892 bytes (6%) of program storage space. Maximum is 262144 bytes.
Global variables use 3692 bytes (11%) of dynamic memory, leaving 29076 bytes for local variables. Maximum is 32768 bytes.
</pre>
					
					<h4>examples/ASM330LHH_SPI_HelloWorld</h4>
					<p>
						Result: <b>FAIL</b>
					</p>
					<pre class="pre-scrollable">WARNING: library STM32duino_ASM330LHH claims to run on stm32, avr, sam architecture(s) and may be incompatible with your current board which runs on samd architecture(s).
/home/ec2-user/arduino-testlib/cli-datadir/user/libraries/STM32duino_ASM330LHH/examples/ASM330LHH_SPI_HelloWorld/ASM330LHH_SPI_HelloWorld.ino:49:18: error: &#39;D11&#39; was not declared in this scope
 SPIClass dev_spi(D11, D12, D3);
                  ^~~
/home/ec2-user/arduino-testlib/cli-datadir/user/libraries/STM32duino_ASM330LHH/examples/ASM330LHH_SPI_HelloWorld/ASM330LHH_SPI_HelloWorld.ino:49:18: note: suggested alternative: &#39;B11&#39;
 SPIClass dev_spi(D11, D12, D3);
                  ^~~
                  B11
/home/ec2-user/arduino-testlib/cli-datadir/user/libraries/STM32duino_ASM330LHH/examples/ASM330LHH_SPI_HelloWorld/ASM330LHH_SPI_HelloWorld.ino:49:23: error: &#39;D12&#39; was not declared in this scope
 SPIClass dev_spi(D11, D12, D3);
                       ^~~
/home/ec2-user/arduino-testlib/cli-datadir/user/libraries/STM32duino_ASM330LHH/examples/ASM330LHH_SPI_HelloWorld/ASM330LHH_SPI_HelloWorld.ino:49:28: error: &#39;D3&#39; was not declared in this scope
 SPIClass dev_spi(D11, D12, D3);
                            ^~
/home/ec2-user/arduino-testlib/cli-datadir/user/libraries/STM32duino_ASM330LHH/examples/ASM330LHH_SPI_HelloWorld/ASM330LHH_SPI_HelloWorld.ino:49:28: note: suggested alternative: &#39;A3&#39;
 SPIClass dev_spi(D11, D12, D3);
                            ^~
                            A3
/home/ec2-user/arduino-testlib/cli-datadir/user/libraries/STM32duino_ASM330LHH/examples/ASM330LHH_SPI_HelloWorld/ASM330LHH_SPI_HelloWorld.ino:49:10: error: cannot declare variable &#39;dev_spi&#39; to be of abstract type &#39;arduino::HardwareSPI&#39;
 SPIClass dev_spi(D11, D12, D3);
          ^~~~~~~
In file included from /home/ec2-user/arduino-testlib/cli-datadir/data/packages/arduino/hardware/samd/1.8.12/libraries/SPI/SPI.h:24:0,
                 from /home/ec2-user/arduino-testlib/cli-datadir/user/libraries/STM32duino_ASM330LHH/src/ASM330LHHSensor.h:49,
                 from /home/ec2-user/arduino-testlib/cli-datadir/user/libraries/STM32duino_ASM330LHH/examples/ASM330LHH_SPI_HelloWorld/ASM330LHH_SPI_HelloWorld.ino:44:
/home/ec2-user/arduino-testlib/cli-datadir/data/packages/arduino/hardware/samd/1.8.12/cores/arduino/api/HardwareSPI.h:104:7: note:   because the following virtual functions are pure within &#39;arduino::HardwareSPI&#39;:
 class HardwareSPI
       ^~~~~~~~~~~
/home/ec2-user/arduino-testlib/cli-datadir/data/packages/arduino/hardware/samd/1.8.12/cores/arduino/api/HardwareSPI.h:109:21: note: 	virtual uint8_t arduino::HardwareSPI::transfer(uint8_t)
     virtual uint8_t transfer(uint8_t data) = 0;
                     ^~~~~~~~
/home/ec2-user/arduino-testlib/cli-datadir/data/packages/arduino/hardware/samd/1.8.12/cores/arduino/api/HardwareSPI.h:110:22: note: 	virtual uint16_t arduino::HardwareSPI::transfer16(uint16_t)
     virtual uint16_t transfer16(uint16_t data) = 0;
                      ^~~~~~~~~~
/home/ec2-user/arduino-testlib/cli-datadir/data/packages/arduino/hardware/samd/1.8.12/cores/arduino/api/HardwareSPI.h:111:18: note: 	virtual void arduino::HardwareSPI::transfer(void*, size_t)
     virtual void transfer(void *buf, size_t count) = 0;
                  ^~~~~~~~
/home/ec2-user/arduino-testlib/cli-datadir/data/packages/arduino/hardware/samd/1.8.12/cores/arduino/api/HardwareSPI.h:114:18: note: 	virtual void arduino::HardwareSPI::usingInterrupt(int)
     virtual void usingInterrupt(int interruptNumber) = 0;
                  ^~~~~~~~~~~~~~
/home/ec2-user/arduino-testlib/cli-datadir/data/packages/arduino/hardware/samd/1.8.12/cores/arduino/api/HardwareSPI.h:115:18: note: 	virtual void arduino::HardwareSPI::notUsingInterrupt(int)
     virtual void notUsingInterrupt(int interruptNumber) = 0;
                  ^~~~~~~~~~~~~~~~~
/home/ec2-user/arduino-testlib/cli-datadir/data/packages/arduino/hardware/samd/1.8.12/cores/arduino/api/HardwareSPI.h:116:18: note: 	virtual void arduino::HardwareSPI::beginTransaction(arduino::SPISettings)
     virtual void beginTransaction(SPISettings settings) = 0;
                  ^~~~~~~~~~~~~~~~
/home/ec2-user/arduino-testlib/cli-datadir/data/packages/arduino/hardware/samd/1.8.12/cores/arduino/api/HardwareSPI.h:117:18: note: 	virtual void arduino::HardwareSPI::endTransaction()
     virtual void endTransaction(void) = 0;
                  ^~~~~~~~~~~~~~
/home/ec2-user/arduino-testlib/cli-datadir/data/packages/arduino/hardware/samd/1.8.12/cores/arduino/api/HardwareSPI.h:120:18: note: 	virtual void arduino::HardwareSPI::attachInterrupt()
     virtual void attachInterrupt() = 0;
                  ^~~~~~~~~~~~~~~
/home/ec2-user/arduino-testlib/cli-datadir/data/packages/arduino/hardware/samd/1.8.12/cores/arduino/api/HardwareSPI.h:121:18: note: 	virtual void arduino::HardwareSPI::detachInterrupt()
     virtual void detachInterrupt() = 0;
                  ^~~~~~~~~~~~~~~
/home/ec2-user/arduino-testlib/cli-datadir/data/packages/arduino/hardware/samd/1.8.12/cores/arduino/api/HardwareSPI.h:123:18: note: 	virtual void arduino::HardwareSPI::begin()
     virtual void begin() = 0;
                  ^~~~~
/home/ec2-user/arduino-testlib/cli-datadir/data/packages/arduino/hardware/samd/1.8.12/cores/arduino/api/HardwareSPI.h:124:18: note: 	virtual void arduino::HardwareSPI::end()
     virtual void end() = 0;
                  ^~~
/home/ec2-user/arduino-testlib/cli-datadir/user/libraries/STM32duino_ASM330LHH/examples/ASM330LHH_SPI_HelloWorld/ASM330LHH_SPI_HelloWorld.ino:52:34: error: &#39;D10&#39; was not declared in this scope
 ASM330LHHSensor AccGyr(&amp;dev_spi, D10);
                                  ^~~
/home/ec2-user/arduino-testlib/cli-datadir/user/libraries/STM32duino_ASM330LHH/examples/ASM330LHH_SPI_HelloWorld/ASM330LHH_SPI_HelloWorld.ino:52:34: note: suggested alternative: &#39;B10&#39;
 ASM330LHHSensor AccGyr(&amp;dev_spi, D10);
                                  ^~~
                                  B10

</pre>
					
				
				<h3 id="esp32:esp32:d1_mini32">esp32:esp32:d1_mini32 @ 1.0.6</h3>
				<h4>Inclusion</h4>
				<p>
					Result: <b>FAIL</b>
					
				</p>
				<pre class="pre-scrollable">WARNING: library STM32duino_ASM330LHH claims to run on stm32, avr, sam architecture(s) and may be incompatible with your current board which runs on esp32 architecture(s).

</pre>

					
					<h4>examples/ASM330LHH_I2C_HelloWorld</h4>
					<p>
						Result: <b>FAIL</b>
					</p>
					<pre class="pre-scrollable">WARNING: library STM32duino_ASM330LHH claims to run on stm32, avr, sam architecture(s) and may be incompatible with your current board which runs on esp32 architecture(s).

</pre>
					
					<h4>examples/ASM330LHH_SPI_HelloWorld</h4>
					<p>
						Result: <b>FAIL</b>
					</p>
					<pre class="pre-scrollable">WARNING: library STM32duino_ASM330LHH claims to run on stm32, avr, sam architecture(s) and may be incompatible with your current board which runs on esp32 architecture(s).
/home/ec2-user/arduino-testlib/cli-datadir/user/libraries/STM32duino_ASM330LHH/examples/ASM330LHH_SPI_HelloWorld/ASM330LHH_SPI_HelloWorld.ino:49:18: error: &#39;D11&#39; was not declared in this scope
 SPIClass dev_spi(D11, D12, D3);
                  ^
/home/ec2-user/arduino-testlib/cli-datadir/user/libraries/STM32duino_ASM330LHH/examples/ASM330LHH_SPI_HelloWorld/ASM330LHH_SPI_HelloWorld.ino:49:23: error: &#39;D12&#39; was not declared in this scope
 SPIClass dev_spi(D11, D12, D3);
                       ^
/home/ec2-user/arduino-testlib/cli-datadir/user/libraries/STM32duino_ASM330LHH/examples/ASM330LHH_SPI_HelloWorld/ASM330LHH_SPI_HelloWorld.ino:52:34: error: &#39;D10&#39; was not declared in this scope
 ASM330LHHSensor AccGyr(&amp;dev_spi, D10);
                                  ^

</pre>
					
				
			</div>
		</div>
	</div>
  </body>
</html>
