
<!doctype html>
<html lang="en">
  <head>
    <meta charset="utf-8">
    <meta name="viewport" content="width=device-width, initial-scale=1">
    <link href="https://cdn.jsdelivr.net/npm/bootstrap@5.0.2/dist/css/bootstrap.min.css" rel="stylesheet" integrity="sha384-EVSTQN3/azprG1Anm3QDgpJLIm9Nao0Yz1ztcQTwFspd3yD65VohhpuuCOmLASjC" crossorigin="anonymous">
    <title>arduino-testlib report</title>
	<style>
	.pass { background-color: #00FF00 !important; }
	.fail { background-color: #FF0000 !important; }
	</style>
  </head>
  <body>
	<div class="container">
		<div class="row">
			<div class="col">
				<h1>STM32duino VL53L4CD - compatibility matrix</h1>
				<p>
					<small>This report was generated on Monday, 21-Feb-22 12:00:25 CET using 
					<a href="https://github.com/alranel/arduino-testlib">arduino-testlib</a>.</small>
				</p>

				<h2>STM32duino VL53L4CD</h2>
				<p>
					Version: <b>1.0.0</b>
					<br />
					<a href="https://www.arduino.cc/reference/en/libraries/stm32duino-vl53l4cd/">More details</a>
				</p>

				<h2>Compatibility matrix</h2>
				<table class="table table-bordered">
					<tr>
						<th>Board</th>
						<th>Claims compatibility</th>
						<th>Inclusion</th>
						
						<th><pre>VL53L4CD_Sat_HelloWorld</pre></th>
						
						<th><pre>VL53L4CD_Sat_HelloWorld_Interrupt</pre></th>
						
					</tr>
					
					<tr>
						<td>
							<a href="#arduino%3aavr%3auno"><b>arduino:avr:uno</b></a>
							<br />
							<small>1.8.4</small>
						</td>

						
						
						
						
							<td>No</td>
							<td class="fail">FAIL</td>
						

						
							
								
									
										
											
											<td class="fail">FAIL</td>
										
									
										
									
								
							
								
							
								
							
								
							
								
							
						
							
								
									
										
									
										
											
											<td class="fail">FAIL</td>
										
									
								
							
								
							
								
							
								
							
								
							
						
					</tr>
					
					<tr>
						<td>
							<a href="#arduino%3ambed_nano%3ananorp2040connect"><b>arduino:mbed_nano:nanorp2040connect</b></a>
							<br />
							<small>2.7.2</small>
						</td>

						
						
							<td>No ⚠️</td>
							<td class="pass">PASS</td>
						
						
						

						
							
								
							
								
									
										
											<td class="pass">PASS</td>
											
										
									
										
									
								
							
								
							
								
							
								
							
						
							
								
							
								
									
										
									
										
											<td class="pass">PASS</td>
											
										
									
								
							
								
							
								
							
								
							
						
					</tr>
					
					<tr>
						<td>
							<a href="#arduino%3amegaavr%3anona4809"><b>arduino:megaavr:nona4809</b></a>
							<br />
							<small>1.8.7</small>
						</td>

						
						
						
						
							<td>No</td>
							<td class="fail">FAIL</td>
						

						
							
								
							
								
							
								
									
										
											
											<td class="fail">FAIL</td>
										
									
										
									
								
							
								
							
								
							
						
							
								
							
								
							
								
									
										
									
										
											
											<td class="fail">FAIL</td>
										
									
								
							
								
							
								
							
						
					</tr>
					
					<tr>
						<td>
							<a href="#arduino%3asamd%3amkrwifi1010"><b>arduino:samd:mkrwifi1010</b></a>
							<br />
							<small>1.8.12</small>
						</td>

						
						
							<td>No ⚠️</td>
							<td class="pass">PASS</td>
						
						
						

						
							
								
							
								
							
								
							
								
									
										
											<td class="pass">PASS</td>
											
										
									
										
									
								
							
								
							
						
							
								
							
								
							
								
							
								
									
										
									
										
											<td class="pass">PASS</td>
											
										
									
								
							
								
							
						
					</tr>
					
					<tr>
						<td>
							<a href="#esp32%3aesp32%3ad1_mini32"><b>esp32:esp32:d1_mini32</b></a>
							<br />
							<small>1.0.6</small>
						</td>

						
						
							<td>No ⚠️</td>
							<td class="pass">PASS</td>
						
						
						

						
							
								
							
								
							
								
							
								
							
								
									
										
											
											<td class="fail">FAIL</td>
										
									
										
									
								
							
						
							
								
							
								
							
								
							
								
							
								
									
										
									
										
											
											<td class="fail">FAIL</td>
										
									
								
							
						
					</tr>
					
				</table>

				<h2>Compilation logs</h2>
				
				<h3 id="arduino:avr:uno">arduino:avr:uno @ 1.8.4</h3>
				<h4>Inclusion</h4>
				<p>
					Result: <b>FAIL</b>
					
					<br />This library has no main header file so an empty one was created.
					
				</p>
				<pre class="pre-scrollable">WARNING: library STM32duino_VL53L4CD claims to run on stm32 architecture(s) and may be incompatible with your current board which runs on avr architecture(s).

</pre>

					
					<h4>examples/VL53L4CD_Sat_HelloWorld</h4>
					<p>
						Result: <b>FAIL</b>
					</p>
					<pre class="pre-scrollable">WARNING: library STM32duino_VL53L4CD claims to run on stm32 architecture(s) and may be incompatible with your current board which runs on avr architecture(s).

</pre>
					
					<h4>examples/VL53L4CD_Sat_HelloWorld_Interrupt</h4>
					<p>
						Result: <b>FAIL</b>
					</p>
					<pre class="pre-scrollable">WARNING: library STM32duino_VL53L4CD claims to run on stm32 architecture(s) and may be incompatible with your current board which runs on avr architecture(s).
/Users/alranel/Documents/git/arduino/arduino-testlib/cli-datadir/user/libraries/STM32duino_VL53L4CD/src/vl53l4cd_api.cpp: In member function &#39;VL53L4CD_ERROR VL53L4CD::VL53L4CD_SetRangeTiming(uint32_t, uint32_t)&#39;:
/Users/alranel/Documents/git/arduino/arduino-testlib/cli-datadir/user/libraries/STM32duino_VL53L4CD/src/vl53l4cd_api.cpp:328:3: error: &#39;float_t&#39; was not declared in this scope
   float_t inter_measurement_factor = (float_t)1.055;
   ^~~~~~~
/Users/alran/Users/alranel/Documents/git/arduino/arduino-testlib/cli-datadir/user/libraries/STM32duino_VL53L4CD/src/vl53l4cd_calibration.cpp:124:3: note: suggested alternative: &#39;float&#39;
   float_t AverageSignal = (float_t)0.0;
   ^~~~~~~
   float
/Users/alranel/Documents/git/arduino/arduino-testlib/cli-datadir/user/libraries/STM32duino_VL53L4CD/src/vl53l4cd_calibration.cpp:125:11: error: expected &#39;;&#39; before &#39;AvgDistance&#39;
   float_t AvgDistance = (float_t)0.0;
           ^~~~~~~~~~~
/Users/alranel/Documents/git/arduino/arduino-testlib/cli-datadir/user/libraries/STM32duino_VL53L4CD/src/vl53l4cd_calibration.cpp:126:11: error: expected &#39;;&#39; before &#39;AverageSpadNb&#39;
   float_t AverageSpadNb = (float_t)0.0;
           ^~~~~~~~~~~~~
/Users/alranel/Documents/git/arduino/arduino-testlib/cli-datadir/user/libraries//Users/alranel/Documents/git/arduino/arduino-testlib/cli-datadir/user/libraries/STM32duino_VL53L4CD/src/vl53l4cd_api.cpp: In member function &#39;VL53L4CD_ERROR VL53L4CD::VL53L4CD_GetRangeTiming(uint32_t*, uint32_t*)&#39;:
/Users/alranel/Documents/git/arduino/arduino-testlib/cli-datadir/user/libraries/STM32duino_VL53L4CD/src/vl53l4cd_api.cpp:408:3: error: &#39;float_t&#39; was not declared in this scope
   floa/Users/alranel/Documents/git/arduino/arduino-testlib/cli-datadir/user/libraries/STM32duino_VL53L4CD/src/vl53l4cd_calibration.cpp:182:7: error: &#39;AverageSpadNb&#39; was not declared in this scope
       AverageSpadNb &#43;= (float_t)results.number_of_spad;
       ^~~~~~~~~~~~~
/Users/alranel/Documents/git/arduino/arduino-testlib/cli-datadir/user/libraries/STM32duino_VL53L4CD/src/vl53l4cd_calibration.cpp:183:7: error: &#39;AverageSignal&#39; was not declared in this scope
       AverageSignal &#43;= (float_t)results.signal_rate_kcps;
       ^~~~~~~~~~~~~
/Users/alranel/Documents/git/arduino/arduino-testlib/cli-datadir/user/libraries/STM32duino_VL53L4CD/src/vl53l4cd_calibration.cpp:186:5: error: &#39;AvgDistance&#39; was not declared in this scope
     AvgDistance = AvgDistance / (float_t)nb_samples;
     ^~~~~~~~~~~
/Users/alranel/Documents/git/arduino/arduino-testlib/cli-datadir/user/libraries/STM32duino_VL53L4CD/src/vl53l4cd_calibration.cpp:187:5: error: &#39;AverageSpadNb&#39; was not declared in this scope
     AverageSpadNb = AverageSpadNb / (float_t)nb_samples;
     ^~~~~~~~~~~~~
/Users/alranel/Documents/git/arduino/arduino-testlib/cli-datadir/user/libraries/STM32duino_VL53L4CD/src/vl53l4cd_calibration.cpp:188:5: error: &#39;AverageSignal&#39; was not declared in this scope
     AverageSignal = AverageSignal / (float_t)nb_samples;
     ^~~~~~~~~~~~~
/Users/alranel/Documents/git/arduino/arduino-testlib/cli-datadir/user/libraries/STM32duino_VL53L4CD/src/vl53l4cd_calibration.cpp:190:5: error: &#39;tmp_xtalk&#39; was not declared in this scope
     tmp_xtalk = (float_t)512.0 * (AverageSignal *
     ^~~~~~~~~

</pre>
					
				
				<h3 id="arduino:mbed_nano:nanorp2040connect">arduino:mbed_nano:nanorp2040connect @ 2.7.2</h3>
				<h4>Inclusion</h4>
				<p>
					Result: <b>PASS</b>
					
				</p>
				<pre class="pre-scrollable">WARNING: library STM32duino_VL53L4CD claims to run on stm32 architecture(s) and may be incompatible with your current board which runs on mbed_nano architecture(s).
Sketch uses 81706 bytes (0%) of program storage space. Maximum is 16777216 bytes.
Global variables use 44220 bytes (16%) of dynamic memory, leaving 226116 bytes for local variables. Maximum is 270336 bytes.
</pre>

					
					<h4>examples/VL53L4CD_Sat_HelloWorld</h4>
					<p>
						Result: <b>PASS</b>
					</p>
					<pre class="pre-scrollable">WARNING: library STM32duino_VL53L4CD claims to run on stm32 architecture(s) and may be incompatible with your current board which runs on mbed_nano architecture(s).
Sketch uses 86378 bytes (0%) of program storage space. Maximum is 16777216 bytes.
Global variables use 44240 bytes (16%) of dynamic memory, leaving 226096 bytes for local variables. Maximum is 270336 bytes.
</pre>
					
					<h4>examples/VL53L4CD_Sat_HelloWorld_Interrupt</h4>
					<p>
						Result: <b>PASS</b>
					</p>
					<pre class="pre-scrollable">WARNING: library STM32duino_VL53L4CD claims to run on stm32 architecture(s) and may be incompatible with your current board which runs on mbed_nano architecture(s).
Sketch uses 87486 bytes (0%) of program storage space. Maximum is 16777216 bytes.
Global variables use 44496 bytes (16%) of dynamic memory, leaving 225840 bytes for local variables. Maximum is 270336 bytes.
</pre>
					
				
				<h3 id="arduino:megaavr:nona4809">arduino:megaavr:nona4809 @ 1.8.7</h3>
				<h4>Inclusion</h4>
				<p>
					Result: <b>FAIL</b>
					
				</p>
				<pre class="pre-scrollable">WARNING: library STM32duino_VL53L4CD claims to run on stm32 architecture(s) and may be incompatible with your current board which runs on megaavr architecture(s).
/home/ec2-user/arduino-testlib/cli-datadir/user/libraries/STM32duino_VL53L4CD/src/vl53l4cd_calibration.cpp: In member function &#39;VL53L4CD_ERROR VL53L4CD::VL53L4CD_CalibrateXtalk(int16_t, uint16_t*, int16_t)&#39;:
/home/ec2-user/arduino-testlib/cli-datadir/user/libraries/STM32duino_VL53L4CD/src/vl53l4cd_calibration.cpp:124:3: error: &#39;float_t&#39; was not declared in this scope
   float_t AverageSignal = (float_t)0.0;
   ^~~~~~~
/home/ec2-user/arduino-testlib/cli-datadir/user/libraries/STM32duino_VL53L4CD/src/vl53l4cd_calibration.cpp:124:3: note: suggested alternative: &#39;float&#39;
   float_t AverageSignal = (float_t)0.0;
   ^~~~~~~
  /home/ec2-user/arduino-testlib/cli-datadir/user/libraries/STM32duino_VL53L4CD/src/vl53l4cd_api.cpp:354:5: error: &#39;inter_measurement_factor&#39; was not declared in this scope
     inter_measurement_factor = inter_measurement_factor
     ^~~~~~~~~~~~~~~~~~~~~~~~
/home/ec2-user/arduino-testlib/cli-datadir/user/libraries/STM32duino_VL53L4CD/src/vl53l4cd_api.cpp:354:5: note: suggested alternative: &#39;inter_measurement_ms&#39;
     inter_measurement_factor = inter_measurement_factor
     ^~~~~~~~~~~~~~~~~~~~~~~~
     inter_measurement_ms
/home/ec2-user/arduino-testlib/cli-datadir/user/libraries/STM32duino_VL53L4CD/src/vl53l4cd_api.cpp: In member function &#39;VL53L4CD_ERROR VL53L4CD::VL53L4CD_GetRangeTiming(uint32_t*, uint32_t*)&#39;:
/home/ec2-user/arduino-testlib/cli-datadir/user/libraries/STM32duino_VL53L4CD/src/vl53l4cd_api.cpp:408:3: error: &#39;float_t&#39; was not declared in this scope
   float_t clock_pll_factor = (float_t)1.065;
   ^~~~~~~
/home/ec2-user/arduino-testlib/cli-datadir/user/libraries/STM32duino_VL53L4CD/src/vl53l4cd_api.cpp:408:3: note: suggested alternative: &#39;float&#39;
   float_t clock_pll_factor = (float_t)1.065;
   ^~~~/home/ec2-user/arduino-testlib/cli-datadir/user/libraries/STM32duino_VL53L4CD/src/vl53l4cd_calibration.cpp:183:7: error: &#39;AverageSignal&#39; was not declared in this scope
       AverageSignal &#43;= (float_t)results.signal_rate_kcps;
       ^~~~~~~~~~~~~
/home/ec2/home/ec2-user/arduino-testlib/cli-datadir/user/libraries/STM32duino_VL53L4CD/src/vl53l4cd_api.cpp:415:3: note: suggested alternative: &#39;clock_pll&#39;
   clock_pll_factor = clock_pll_factor * (float_t)clock_pll;
   ^~~~~~~~~~~~~~~~
/home/ec2-user/arduino-testlib/cli-datadir/user/libraries/STM32duino_VL53L4CD/src/vl53l4cd_calibration.cpp:187:5: error: &#39;AverageSpadNb&#39; was not declared in this scope
     AverageSpadNb = AverageSpadNb / (float_t)nb_samples;
     ^~~~~~~~~~~~~
/home/ec2-user/arduino-testlib/cli-datadir/user/libraries/STM32duino_VL53L4CD/src/vl53l4cd_calibration.cpp:188:5: error: &#39;AverageSignal&#39; was not declared in this scope
     AverageSignal = AverageSignal / (float_t)nb_samples;
     ^~~~~~~~~~~~~
/home/ec2-user/arduino-testlib/cli-datadir/user/libraries/STM32duino_VL53L4CD/src/vl53l4cd_calibration.cpp:190:5: error: &#39;tmp_xtalk&#39; was not declared in this scope
     tmp_xtalk = (float_t)512.0 * (AverageSignal *
     ^~~~~~~~~

</pre>

					
					<h4>examples/VL53L4CD_Sat_HelloWorld</h4>
					<p>
						Result: <b>FAIL</b>
					</p>
					<pre class="pre-scrollable">WARNING: library STM32duino_VL53L4CD claims to run on stm32 architecture(s) and may be incompatible with your current board which runs on megaavr architecture(s).
In file included from /home/ec2-user/arduino-testlib/cli-datadir/user/libraries/STM32duino_VL53L4CD/src/vl53l4cd_class.h:43:0,
                 from /home/ec2-user/arduino-testlib/cli-datadir/user/libraries/STM32duino_VL53L4CD/src/platform.cpp:38:
/home/ec2-user/arduino-testlib/cli-datadir/data/packages/arduino/hardware/megaavr/1.8.7/libraries/Wire/src/Wire.h: In member function &#39;uint8_t VL53L4CD::VL53L4CD_I2CRead(uint/home/ec2-user/arduino-testlib/cli-datadir/user/libraries/STM32duino_VL53L4CD/src/vl53l4cd_calibration.cpp:124:3: note: suggested alternative: &#39;float&#39;
   float_t AverageSignal = (float_t)0.0;
   ^~~~~~~
  /home/ec2-user/arduino-testlib/cli-datadir/user/libraries/STM32duino_VL53L4CD/src/vl53l4cd_api.cpp:354:5: error: &#39;inter_measurement_factor&#39; was not declared in this scope
     inter_measurement_factor = inter_measurement_factor
     ^~~~~~~~~~~~~~~~~~~~~~~~
/home/ec2-user/arduino-testlib/cli-datadir/user/libraries/STM32duino_VL53L4CD/src/vl53l4cd_api.cpp:354:5: note: suggested alternative: &#39;inter_measurement_ms&#39;
     inter_measurement_factor = inter_measurement_factor
     ^~~~~~~~~~~~~~~~~~~~~~~~
     inter_measurement_ms
/home/ec2-user/arduino-testlib/cli-datadir/user/libraries/STM32duino_VL53L4CD/src/vl53l4cd_api.cpp: In member function &#39;VL53L4CD_ERROR VL53L4CD::VL53L4CD_GetRangeTiming(uint32_t*, uint32_t*)&#39;:
/home/ec2-user/arduino-testlib/cli-datadir/user/libraries/STM32duino_VL53L4CD/src/vl53l4cd_api.cpp:408:3: error: &#39;float_t&#39; was not declared in this scope
   float_t clock_pll_factor = (float_t)1.065;
   ^~~~~~~
/home/ec2-user/arduino-testlib/cli-datadir/user/libraries/STM32duino_VL53L4CD/src/vl53l4cd_api.cpp:408:3: note: suggested alternative: &#39;float&#39;
   float_t clock_pll_factor = (float_t)1.065;
   ^~~~/home/ec2-user/arduino-testlib/cli-datadir/user/libraries/STM32duino_VL53L4CD/src/vl53l4cd_calibration.cpp:183:7: error: &#39;AverageSignal&#39; was not declared in this scope
       AverageSignal &#43;= (float_t)results.signal_rate_kcps;
       ^~~~~~~~~~~~~
/home/ec2/home/ec2-user/arduino-testlib/cli-datadir/user/libraries/STM32duino_VL53L4CD/src/vl53l4cd_api.cpp:415:3: note: suggested alternative: &#39;clock_pll&#39;
   clock_pll_factor = clock_pll_factor * (float_t)clock_pll;
   ^~~~~~~~~~~~~~~~
/home/ec2-user/arduino-testlib/cli-datadir/user/libraries/STM32duino_VL53L4CD/src/vl53l4cd_calibration.cpp:187:5: error: &#39;AverageSpadNb&#39; was not declared in this scope
     AverageSpadNb = AverageSpadNb / (float_t)nb_samples;
     ^~~~~~~~~~~~~
/home/ec2-user/arduino-testlib/cli-datadir/user/libraries/STM32duino_VL53L4CD/src/vl53l4cd_calibration.cpp:188:5: error: &#39;AverageSignal&#39; was not declared in this scope
     AverageSignal = AverageSignal / (float_t)nb_samples;
     ^~~~~~~~~~~~~
/home/ec2-user/arduino-testlib/cli-datadir/user/libraries/STM32duino_VL53L4CD/src/vl53l4cd_calibration.cpp:190:5: error: &#39;tmp_xtalk&#39; was not declared in this scope
     tmp_xtalk = (float_t)512.0 * (AverageSignal *
     ^~~~~~~~~

</pre>
					
					<h4>examples/VL53L4CD_Sat_HelloWorld_Interrupt</h4>
					<p>
						Result: <b>FAIL</b>
					</p>
					<pre class="pre-scrollable">WARNING: library STM32duino_VL53L4CD claims to run on stm32 architecture(s) and may be incompatible with your current board which runs on megaavr architecture(s).
In file included from /home/ec2-user/arduino-testlib/cli-datadir/user/libraries/STM32duino_VL53L4CD/src/vl53l4cd_class.h:43:0,
                 from /home/ec2-user/arduino-testlib/cli-datadir/user/libraries/STM32duino_VL53L4CD/src/platform.cpp:38:
/home/ec2-user/arduino-testlib/cli-datadir/data/packages/arduino/hardware/megaavr/1.8.7/libraries/Wire/src/Wire.h: In member function &#39;uint8_t VL53L4CD::VL53L4CD_/home/ec2-user/arduino-testlib/cli-datadir/user/libraries/STM32duino_VL53L4CD/src/vl53l4cd_api.cpp:328:3: note: suggested alternative: &#39;float&#39;
   float_t inter_measurement_factor = (float_t)1.055;
   ^~~~~~~
   float
/home/ec2-user/arduino-testlib/cli-datadir/user/libraries/STM32duino_VL53L4CD/src/vl53l4cd_api.cpp:354:5: error: &#39;inter_measurement_factor&#39; was not declared in this scope
     inter_measurement_factor = inter_measurement_factor
     ^~~~~~~~~~~~~~~~~~~~~~~~
/home/ec2-user/arduino-testlib/cli-datadir/user/libraries/STM32duino_VL53L4CD/src/vl53l4cd_api.cpp:354:5: note: suggested alternative: &#39;inter_measurement_ms&#39;
     inter_measurement_factor = inter_measurement_factor
     ^~~~~~~~~~~~~~~~~~~~~~~~
     inter_measurement_ms
/home/ec2-user/arduino-testlib/cli-datadir/user/libraries/STM32duino_VL53L4CD/src/vl53l4cd_api.cpp: In member function &#39;VL53L4CD_ERROR VL53L4CD::VL53L4CD_GetRangeTiming(uint32_t*, uint32_t*)&#39;:
/home/ec2-user/arduino-testlib/cli-datadir/user/libraries/STM32duino_VL53L4CD/src/vl53l4cd_api.cpp:408:3: error: &#39;float_t&#39; was not declared in this scope
   float_t clock_pll_factor = (float_t)1.065;
   ^~~~~~~
/home/ec2-user/arduino-testlib/cli-datadir/user/libraries/STM32duino_VL53L4CD/src/vl53l4cd_api.cpp:408:3: note: suggested alternative: &#39;float&#39;
   float_t clock_pll_factor = (float_t)1.065;
   ^~~~~~~
   float
/home/ec2-user/arduino-testlib/cli-datadir/user/libraries/STM32duino_VL53L4CD/src/vl53l4cd_api.cpp:415:3: error: &#39;clock_pll_factor&#39; was not declared in this scope
   clock_pll_factor = clock_pll_factor * (float_t)clock_pll;
   ^~~~~~~~~~~~~~~~
/home/ec2-user/arduino-testlib/cli-datadir/user/libraries/STM32duino_VL53L4CD/src/vl53l4cd_api.cpp:415:3: note: suggested alternative: &#39;clock_pll&#39;
   clock_pll_factor = clock_pll_factor * (float_t)clock_pll;
   ^~~~~~~~~~~~~~~~
   clock_pll

</pre>
					
				
				<h3 id="arduino:samd:mkrwifi1010">arduino:samd:mkrwifi1010 @ 1.8.12</h3>
				<h4>Inclusion</h4>
				<p>
					Result: <b>PASS</b>
					
					<br />This library has no main header file so an empty one was created.
					
				</p>
				<pre class="pre-scrollable">WARNING: library STM32duino_VL53L4CD claims to run on stm32 architecture(s) and may be incompatible with your current board which runs on samd architecture(s).
Sketch uses 13588 bytes (5%) of program storage space. Maximum is 262144 bytes.
Global variables use 3568 bytes (10%) of dynamic memory, leaving 29200 bytes for local variables. Maximum is 32768 bytes.
</pre>

					
					<h4>examples/VL53L4CD_Sat_HelloWorld</h4>
					<p>
						Result: <b>PASS</b>
					</p>
					<pre class="pre-scrollable">WARNING: library STM32duino_VL53L4CD claims to run on stm32 architecture(s) and may be incompatible with your current board which runs on samd architecture(s).
Sketch uses 20104 bytes (7%) of program storage space. Maximum is 262144 bytes.
Global variables use 3600 bytes (10%) of dynamic memory, leaving 29168 bytes for local variables. Maximum is 32768 bytes.
</pre>
					
					<h4>examples/VL53L4CD_Sat_HelloWorld_Interrupt</h4>
					<p>
						Result: <b>PASS</b>
					</p>
					<pre class="pre-scrollable">WARNING: library STM32duino_VL53L4CD claims to run on stm32 architecture(s) and may be incompatible with your current board which runs on samd architecture(s).
Sketch uses 20512 bytes (7%) of program storage space. Maximum is 262144 bytes.
Global variables use 3748 bytes (11%) of dynamic memory, leaving 29020 bytes for local variables. Maximum is 32768 bytes.
</pre>
					
				
				<h3 id="esp32:esp32:d1_mini32">esp32:esp32:d1_mini32 @ 1.0.6</h3>
				<h4>Inclusion</h4>
				<p>
					Result: <b>PASS</b>
					
				</p>
				<pre class="pre-scrollable">WARNING: library STM32duino_VL53L4CD claims to run on stm32 architecture(s) and may be incompatible with your current board which runs on esp32 architecture(s).
Sketch uses 203234 bytes (15%) of program storage space. Maximum is 1310720 bytes.
Global variables use 13896 bytes (4%) of dynamic memory, leaving 313784 bytes for local variables. Maximum is 327680 bytes.
</pre>

					
					<h4>examples/VL53L4CD_Sat_HelloWorld</h4>
					<p>
						Result: <b>FAIL</b>
					</p>
					<pre class="pre-scrollable">WARNING: library STM32duino_VL53L4CD claims to run on stm32 architecture(s) and may be incompatible with your current board which runs on esp32 architecture(s).
/home/ec2-user/arduino-testlib/cli-datadir/user/libraries/STM32duino_VL53L4CD/examples/VL53L4CD_Sat_HelloWorld/VL53L4CD_Sat_HelloWorld.ino:70:40: error: &#39;A1&#39; was not declared in this scope
 VL53L4CD sensor_vl53l4cd_sat(&amp;DEV_I2C, A1);
                                        ^

</pre>
					
					<h4>examples/VL53L4CD_Sat_HelloWorld_Interrupt</h4>
					<p>
						Result: <b>FAIL</b>
					</p>
					<pre class="pre-scrollable">WARNING: library STM32duino_VL53L4CD claims to run on stm32 architecture(s) and may be incompatible with your current board which runs on esp32 architecture(s).
/home/ec2-user/arduino-testlib/cli-datadir/user/libraries/STM32duino_VL53L4CD/examples/VL53L4CD_Sat_HelloWorld_Interrupt/VL53L4CD_Sat_HelloWorld_Interrupt.ino:75:40: error: &#39;A1&#39; was not declared in this scope
 VL53L4CD sensor_vl53l4cd_sat(&amp;DEV_I2C, A1);
                                        ^
/home/ec2-user/arduino-testlib/cli-datadir/user/libraries/STM32duino_VL53L4CD/examples/VL53L4CD_Sat_HelloWorld_Interrupt/VL53L4CD_Sat_HelloWorld_Interrupt.ino: In function &#39;void setup()&#39;:
/home/ec2-user/arduino-testlib/cli-datadir/user/libraries/STM32duino_VL53L4CD/examples/VL53L4CD_Sat_HelloWorld_Interrupt/VL53L4CD_Sat_HelloWorld_Interrupt.ino:72:22: error: &#39;A2&#39; was not declared in this scope
 #define interruptPin A2
                      ^
/home/ec2-user/arduino-testlib/cli-datadir/user/libraries/STM32duino_VL53L4CD/examples/VL53L4CD_Sat_HelloWorld_Interrupt/VL53L4CD_Sat_HelloWorld_Interrupt.ino:92:11: note: in expansion of macro &#39;interruptPin&#39;
   pinMode(interruptPin, INPUT_PULLUP);
           ^

</pre>
					
				
			</div>
		</div>
	</div>
  </body>
</html>
