
<!doctype html>
<html lang="en">
  <head>
    <meta charset="utf-8">
    <meta name="viewport" content="width=device-width, initial-scale=1">
    <link href="https://cdn.jsdelivr.net/npm/bootstrap@5.0.2/dist/css/bootstrap.min.css" rel="stylesheet" integrity="sha384-EVSTQN3/azprG1Anm3QDgpJLIm9Nao0Yz1ztcQTwFspd3yD65VohhpuuCOmLASjC" crossorigin="anonymous">
    <title>arduino-testlib report</title>
	<style>
	.pass { background-color: #00FF00 !important; }
	.fail { background-color: #FF0000 !important; }
	</style>
  </head>
  <body>
	<div class="container">
		<div class="row">
			<div class="col">
				<h1>STM32duino LSM6DSOX - compatibility matrix</h1>
				<p>
					<small>This report was generated on Monday, 21-Feb-22 12:00:25 CET using 
					<a href="https://github.com/alranel/arduino-testlib">arduino-testlib</a>.</small>
				</p>

				<h2>STM32duino LSM6DSOX</h2>
				<p>
					Version: <b>2.1.1</b>
					<br />
					<a href="https://www.arduino.cc/reference/en/libraries/stm32duino-lsm6dsox/">More details</a>
				</p>

				<h2>Compatibility matrix</h2>
				<table class="table table-bordered">
					<tr>
						<th>Board</th>
						<th>Claims compatibility</th>
						<th>Inclusion</th>
						
						<th><pre>LSM6DSOX_FIFO_Interrupt</pre></th>
						
						<th><pre>LSM6DSOX_FIFO_Polling</pre></th>
						
						<th><pre>LSM6DSOX_HelloWorld</pre></th>
						
					</tr>
					
					<tr>
						<td>
							<a href="#arduino%3aavr%3auno"><b>arduino:avr:uno</b></a>
							<br />
							<small>1.8.4</small>
						</td>

						
						
						
						
							<td>No</td>
							<td class="fail">FAIL</td>
						

						
							
								
									
										
											
											<td class="fail">FAIL</td>
										
									
										
									
										
									
								
							
								
							
								
							
								
							
								
							
						
							
								
									
										
									
										
											
											<td class="fail">FAIL</td>
										
									
										
									
								
							
								
							
								
							
								
							
								
							
						
							
								
									
										
									
										
									
										
											
											<td class="fail">FAIL</td>
										
									
								
							
								
							
								
							
								
							
								
							
						
					</tr>
					
					<tr>
						<td>
							<a href="#arduino%3ambed_nano%3ananorp2040connect"><b>arduino:mbed_nano:nanorp2040connect</b></a>
							<br />
							<small>2.7.2</small>
						</td>

						
						
							<td>No ⚠️</td>
							<td class="pass">PASS</td>
						
						
						

						
							
								
							
								
									
										
											<td class="pass">PASS</td>
											
										
									
										
									
										
									
								
							
								
							
								
							
								
							
						
							
								
							
								
									
										
									
										
											<td class="pass">PASS</td>
											
										
									
										
									
								
							
								
							
								
							
								
							
						
							
								
							
								
									
										
									
										
									
										
											<td class="pass">PASS</td>
											
										
									
								
							
								
							
								
							
								
							
						
					</tr>
					
					<tr>
						<td>
							<a href="#arduino%3amegaavr%3anona4809"><b>arduino:megaavr:nona4809</b></a>
							<br />
							<small>1.8.7</small>
						</td>

						
						
						
						
							<td>No</td>
							<td class="fail">FAIL</td>
						

						
							
								
							
								
							
								
									
										
											
											<td class="fail">FAIL</td>
										
									
										
									
										
									
								
							
								
							
								
							
						
							
								
							
								
							
								
									
										
									
										
											
											<td class="fail">FAIL</td>
										
									
										
									
								
							
								
							
								
							
						
							
								
							
								
							
								
									
										
									
										
									
										
											
											<td class="fail">FAIL</td>
										
									
								
							
								
							
								
							
						
					</tr>
					
					<tr>
						<td>
							<a href="#arduino%3asamd%3amkrwifi1010"><b>arduino:samd:mkrwifi1010</b></a>
							<br />
							<small>1.8.12</small>
						</td>

						
						
							<td>No ⚠️</td>
							<td class="pass">PASS</td>
						
						
						

						
							
								
							
								
							
								
							
								
									
										
											<td class="pass">PASS</td>
											
										
									
										
									
										
									
								
							
								
							
						
							
								
							
								
							
								
							
								
									
										
									
										
											<td class="pass">PASS</td>
											
										
									
										
									
								
							
								
							
						
							
								
							
								
							
								
							
								
									
										
									
										
									
										
											<td class="pass">PASS</td>
											
										
									
								
							
								
							
						
					</tr>
					
					<tr>
						<td>
							<a href="#esp32%3aesp32%3ad1_mini32"><b>esp32:esp32:d1_mini32</b></a>
							<br />
							<small>1.0.6</small>
						</td>

						
						
						
						
							<td>No</td>
							<td class="fail">FAIL</td>
						

						
							
								
							
								
							
								
							
								
							
								
									
										
											
											<td class="fail">FAIL</td>
										
									
										
									
										
									
								
							
						
							
								
							
								
							
								
							
								
							
								
									
										
									
										
											
											<td class="fail">FAIL</td>
										
									
										
									
								
							
						
							
								
							
								
							
								
							
								
							
								
									
										
									
										
									
										
											
											<td class="fail">FAIL</td>
										
									
								
							
						
					</tr>
					
				</table>

				<h2>Compilation logs</h2>
				
				<h3 id="arduino:avr:uno">arduino:avr:uno @ 1.8.4</h3>
				<h4>Inclusion</h4>
				<p>
					Result: <b>FAIL</b>
					
				</p>
				<pre class="pre-scrollable">In file included from /home/ec2-user/arduino-testlib/cli-datadir/user/libraries/STM32duino_LSM6DSOX/src/LSM6DSOXSensor.h:50:0,
                 from /home/ec2-user/arduino-testlib/cli-datadir/user/libraries/STM32duino_LSM6DSOX/src/LSM6DSOXSensor.cpp:42:
/home/ec2-user/arduino-testlib/cli-datadir/user/libraries/STM32duino_LSM6DSOX/src/lsm6dsox_reg.h:1748:8: error: &#39;float_t&#39; does not name a type; did you mean &#39;float&#39;?
 extern float_t lsm6dsox_from_fs2_to_mg(int16_t lsb);
        ^~~~~~~
        float
/home/ec2-user/arduino-testlib/cli-datadir/user/libraries/STM32duino_LSM6DSOX/src/lsm6dsox_reg.h:1749:8: error: &#39;float_t&#39; does not name a type; did you mean &#39;float&#39;?
 extern float_t lsm6dsox_from_fs4_to_mg(int16_t lsb);
        ^~~~~~~
        float
/home/ec2-user/arduino-testlib/cli-datadir/user/libraries/STM32duino_LSM6DSOX/src/lsm6dsox_reg.h:1750:8: error: &#39;float_t&#39; does not name a type; did you mean &#39;float&#39;?
 extern float_t lsm6dsox_from_fs8_to_mg(int16_t lsb);
        ^~~~~~~
        float
/home/ec2-user/arduino-testlib/cli-datadir/user/libraries/STM32duino_LSM6DSOX/src/lsm6dsox_reg.h:1751:8: error: &#39;float_t&#39; does not name a type; did you mean &#39;float&#39;?
 extern float_t lsm6dsox_from_fs16_to_mg(int16_t lsb);
        ^~~~~~~
        float
/home/ec2-user/arduino-testlib/cli-datadir/user/libraries/STM32duino_LSM6DSOX/src/lsm6dsox_reg.h:1752:8: error: &#39;float_t&#39; does not name a type; did you mean &#39;float&#39;?
 extern float_t lsm6dsox_from_fs125_to_mdps(int16_t lsb);
        ^~~~~~~
        float
/home/ec2-user/arduino-testno_LSM6DSOX/src/lsm6dsox_reg.h:1752:8: error: unknown type name &#39;float_t&#39;
 extern float_t lsm6dsox_from_fs125_to_mdps(int16_t lsb);
        ^~~~~~~
/home/ec2-user/arduino-testlib/cli-datadir/user/libraries/STM32duino_LSM6DSOX/src/lsm6dsox_reg.h:1753:8: error: unknown type name &#39;float_t&#39;
 extern float_t lsm6dsox_from_fs500_to_mdps(int16_t lsb);
        ^~~~~~~
/home/ec2-user/arduino-testlib/cli-datadir/user/libraries/STM32duino_LSM6DSOX/src/lsm6dsox_reg.h:1754:8: error: unknown type name &#39;float_t&#39;
 extern float_t lsm6dsox_from_fs250_to_mdps(int16_t lsb);
        ^~~~~~~
/home/ec2-user/arduino-testlib/cli-datadir/user/libraries/STM32duino_LSM6DSOX/src/lsm6dsox_reg.h:1755:8: error: unknown type name &#39;float_t&#39;
 extern float_t lsm6dsox_from_fs1000_to_mdps(int16_t lsb);
        ^~~~~~~
/home/ec2-user/arduino-testlib/cli-datadir/user/libraries/STM32duino_LSM6DSOX/src/lsm6dsox_reg.h:1756:8: error: unknown type name &#39;float_t&#39;
 extern float_t lsm6dsox_from_fs2000_to_mdps(int16_t lsb);
        ^~~~~~~
/home/ec2-user/arduino-testlib/cli-datadir/user/libraries/STM32duino_LSM6DSOX/src/lsm6dsox_reg.h:1757:8: error: unknown type name &#39;float_t&#39;
 extern float_t lsm6dsox_from_lsb_to_celsius(int16_t lsb);
        ^~~~~~~
/home/ec2-user/arduino-testlib/cli-datadir/user/libraries/STM32duino_LSM6DSOX/src/lsm6dsox_reg.h:1758:8: error: unknown type name &#39;float_t&#39;
 extern float_t lsm6dsox_from_lsb_to_nsec(int16_t lsb);
        ^~~~~~~
/home/ec2-user/arduino-testlib/cli-datadir/user/libraries/STM32du
</pre>

					
					<h4>examples/LSM6DSOX_FIFO_Interrupt</h4>
					<p>
						Result: <b>FAIL</b>
					</p>
					<pre class="pre-scrollable">In file included from /home/ec2-user/arduino-testlib/cli-datadir/user/libraries/STM32duino_LSM6DSOX/src/LSM6DSOXSensor.h:50:0,
                 from /home/ec2-user/arduino-testlib/cli-datadir/user/libraries/STM32duino_LSM6DSOX/examples/LSM6DSOX_FIFO_Interrupt/LSM6DSOX_FIFO_Interrupt.ino:46:
/home/ec2-user/arduino-testlib/cli-datadir/user/libraries/STM32duino_LSM6DSOX/src/lsm6dsox_reg.h:1748:8: error: &#39;float_t&#39; does not name a type; did you mean &#39;float&#39;?
 extern float_t lsm6dsox_from_fs2_to_mg(int16_t lsb);
        ^~~~~~~
        float
/home/ec2-user/arduino-testlib/cli-datadir/user/libraries/STM32duino_LSM6DSOX/src/lsm6dsox_reg.h:1749:8: error: &#39;float_t&#39; does not name a type; did you mean &#39;float&#39;?
 extern float_t lsm6dsox_from_fs4_to_mg(int16_t lsb);
        ^~~~~~~
        float
/home/ec2-user/arduino-testlib/cli-datadir/user/libraries/STM32duino_LSM6DSOX/src/lsm6dsox_reg.h:1750:8: error: &#39;float_t&#39; does not name a type; did you mean &#39;float&#39;?
 extern float_t lsm6dsox_from_fs8_to_mg(int16_t lsb);
        ^~~~~~~
        float
/home/ec2-user/arduino-testlib/cli-datadir/user/libraries/STM32duino_LSM6DSOX/src/lsm6dsox_reg.h:1751:8: error: &#39;float_t&#39; does not name a type; did you mean &#39;float&#39;?
 extern float_t lsm6dsox_from_fs16_to_mg(int16_t lsb);
        ^~~~~~~
        float
/home/ec2-user/arduino-testlib/cli-datadir/user/libraries/STM32duino_LSM6DSOX/src/lsm6dsox_reg.h:1752:8: error: &#39;float_t&#39; does not name a type; did you mean &#39;float&#39;?
 extern float_t lsm6dsox_from_fs125_to_mdps(int16_t lsb);
        ^~~~~~~
        float
/home/ec2-user/arduino-testlib/cli-datadir/user/libraries/STM32duino_LSM6DSOX/src/lsm6dsox_reg.h:1753:8: error: &#39;float_t&#39; does not name a type; did you mean &#39;float&#39;?
 extern float_t lsm6dsox_from_fs500_to_mdps(int16_t lsb);
        ^~~~~~~
        float
/home/ec2-user/arduino-testlib/cli-datadir/user/libraries/STM32duino_LSM6DSOX/src/lsm6dsox_reg.h:1754:8: error: &#39;float_t&#39; does not name a type; did you mean &#39;float&#39;?
 extern float_t lsm6dsox_from_fs250_to_mdps(int16_t lsb);
        ^~~~~~~
        float
/home/ec2-user/arduino-testlib/cli-datadir/user/libraries/STM32duino_LSM6DSOX/src/lsm6dsox_reg.h:1755:8: error: &#39;float_t&#39; does not name a type; did you mean &#39;float&#39;?
 extern float_t lsm6dsox_from_fs1000_to_mdps(int16_t lsb);
        ^~~~~~~
        float
/home/ec2-user/arduino-testlib/cli-datadir/user/libraries/STM32duino_LSM6DSOX/src/lsm6dsox_reg.h:1756:8: error: &#39;float_t&#39; does not name a type; did you mean &#39;float&#39;?
 extern float_t lsm6dsox_from_fs2000_to_mdps(int16_t lsb);
        ^~~~~~~
        float
/home/ec2-user/arduino-testlib/cli-datadir/user/libraries/STM32duino_LSM6DSOX/src/lsm6dsox_reg.h:1757:8: error: &#39;float_t&#39; does not name a type; did you mean &#39;float&#39;?
 extern float_t lsm6dsox_from_lsb_to_celsius(int16_t lsb);
        ^~~~~~~
        float
/home/ec2-user/arduino-testlib/cli-datadir/user/libraries/STM32duino_LSM6DSOX/src/lsm6dsox_reg.h:1758:8: error: &#39;float_t&#39; does not name a type; did you mean &#39;float&#39;?
 extern float_t lsm6dsox_from_lsb_to_nsec(int16_t lsb);
        ^~~~~~~
        float

</pre>
					
					<h4>examples/LSM6DSOX_FIFO_Polling</h4>
					<p>
						Result: <b>FAIL</b>
					</p>
					<pre class="pre-scrollable">In file included from /home/ec2-user/arduino-testlib/cli-datadir/user/libraries/STM32duino_LSM6DSOX/src/LSM6DSOXSensor.h:50:0,
                 from /home/ec2-user/arduino-testlib/cli-datadir/user/libraries/STM32duino_LSM6DSOX/examples/LSM6DSOX_FIFO_Polling/LSM6DSOX_FIFO_Polling.ino:45:
/home/ec2-user/arduino-testlib/cli-datadir/user/libraries/STM32duino_LSM6DSOX/src/lsm6dsox_reg.h:1748:8: error: &#39;float_t&#39; does not name a type; did you mean &#39;float&#39;?
 extern float_t lsm6dsox_from_fs2_to_mg(int16_t lsb);
        ^~~~~~~
        float
/home/ec2-user/arduino-testlib/cli-datadir/user/libraries/STM32duino_LSM6DSOX/src/lsm6dsox_reg.h:1749:8: error: &#39;float_t&#39; does not name a type; did you mean &#39;float&#39;?
 extern float_t lsm6dsox_from_fs4_to_mg(int16_t lsb);
        ^~~~~~~
        float
/home/ec2-user/arduino-testlib/cli-datadir/user/libraries/STM32duino_LSM6DSOX/src/lsm6dsox_reg.h:1750:8: error: &#39;float_t&#39; does not name a type; did you mean &#39;float&#39;?
 extern float_t lsm6dsox_from_fs8_to_mg(int16_t lsb);
        ^~~~~~~
        float
/home/ec2-user/arduino-testlib/cli-datadir/user/libraries/STM32duino_LSM6DSOX/src/lsm6dsox_reg.h:1751:8: error: &#39;float_t&#39; does not name a type; did you mean &#39;float&#39;?
 extern float_t lsm6dsox_from_fs16_to_mg(int16_t lsb);
        ^~~~~~~
        float
/home/ec2-user/arduino-testlib/cli-datadir/user/libraries/STM32duino_LSM6DSOX/src/lsm6dsox_reg.h:1752:8: error: &#39;float_t&#39; does not name a type; did you mean &#39;float&#39;?
 extern float_t lsm6dsox_from_fs125_to_mdps(int16_t lsb);
        ^~~~~~~
        float
/home/ec2-user/arduino-testlib/cli-datadir/user/libraries/STM32duino_LSM6DSOX/src/lsm6dsox_reg.h:1753:8: error: &#39;float_t&#39; does not name a type; did you mean &#39;float&#39;?
 extern float_t lsm6dsox_from_fs500_to_mdps(int16_t lsb);
        ^~~~~~~
        float
/home/ec2-user/arduino-testlib/cli-datadir/user/libraries/STM32duino_LSM6DSOX/src/lsm6dsox_reg.h:1754:8: error: &#39;float_t&#39; does not name a type; did you mean &#39;float&#39;?
 extern float_t lsm6dsox_from_fs250_to_mdps(int16_t lsb);
        ^~~~~~~
        float
/home/ec2-user/arduino-testlib/cli-datadir/user/libraries/STM32duino_LSM6DSOX/src/lsm6dsox_reg.h:1755:8: error: &#39;float_t&#39; does not name a type; did you mean &#39;float&#39;?
 extern float_t lsm6dsox_from_fs1000_to_mdps(int16_t lsb);
        ^~~~~~~
        float
/home/ec2-user/arduino-testlib/cli-datadir/user/libraries/STM32duino_LSM6DSOX/src/lsm6dsox_reg.h:1756:8: error: &#39;float_t&#39; does not name a type; did you mean &#39;float&#39;?
 extern float_t lsm6dsox_from_fs2000_to_mdps(int16_t lsb);
        ^~~~~~~
        float
/home/ec2-user/arduino-testlib/cli-datadir/user/libraries/STM32duino_LSM6DSOX/src/lsm6dsox_reg.h:1757:8: error: &#39;float_t&#39; does not name a type; did you mean &#39;float&#39;?
 extern float_t lsm6dsox_from_lsb_to_celsius(int16_t lsb);
        ^~~~~~~
        float
/home/ec2-user/arduino-testlib/cli-datadir/user/libraries/STM32duino_LSM6DSOX/src/lsm6dsox_reg.h:1758:8: error: &#39;float_t&#39; does not name a type; did you mean &#39;float&#39;?
 extern float_t lsm6dsox_from_lsb_to_nsec(int16_t lsb);
        ^~~~~~~
        float

</pre>
					
					<h4>examples/LSM6DSOX_HelloWorld</h4>
					<p>
						Result: <b>FAIL</b>
					</p>
					<pre class="pre-scrollable">In file included from /home/ec2-user/arduino-testlib/cli-datadir/user/libraries/STM32duino_LSM6DSOX/src/LSM6DSOXSensor.h:50:0,
                 from /home/ec2-user/arduino-testlib/cli-datadir/user/libraries/STM32duino_LSM6DSOX/examples/LSM6DSOX_HelloWorld/LSM6DSOX_HelloWorld.ino:41:
/home/ec2-user/arduino-testlib/cli-datadir/user/libraries/STM32duino_LSM6DSOX/src/lsm6dsox_reg.h:1748:8: error: &#39;float_t&#39; does not name a type; did you mean &#39;float&#39;?
 extern float_t lsm6dsox_from_fs2_to_mg(int16_t lsb);
        ^~~~~~~
        float
/home/ec2-user/arduino-testlib/cli-datadir/user/libraries/STM32duino_LSM6DSOX/src/lsm6dsox_reg.h:1749:8: error: &#39;float_t&#39; does not name a type; did you mean &#39;float&#39;?
 extern float_t lsm6dsox_from_fs4_to_mg(int16_t lsb);
        ^~~~~~~
        float
/home/ec2-user/arduino-testlib/cli-datadir/user/libraries/STM32duino_LSM6DSOX/src/lsm6dsox_reg.h:1750:8: error: &#39;float_t&#39; does not name a type; did you mean &#39;float&#39;?
 extern float_t lsm6dsox_from_fs8_to_mg(int16_t lsb);
        ^~~~~~~
        float
/home/ec2-user/arduino-testlib/cli-datadir/user/libraries/STM32duino_LSM6DSOX/src/lsm6dsox_reg.h:1751:8: error: &#39;float_t&#39; does not name a type; did you mean &#39;float&#39;?
 extern float_t lsm6dsox_from_fs16_to_mg(int16_t lsb);
        ^~~~~~~
        float
/home/ec2-user/arduino-testlib/cli-datadir/user/libraries/STM32duino_LSM6DSOX/src/lsm6dsox_reg.h:1752:8: error: &#39;float_t&#39; does not name a type; did you mean &#39;float&#39;?
 extern float_t lsm6dsox_from_fs125_to_mdps(int16_t lsb);
        ^~~~~~~
        float
/home/ec2-user/arduino-testlib/cli-datadir/user/libraries/STM32duino_LSM6DSOX/src/lsm6dsox_reg.h:1753:8: error: &#39;float_t&#39; does not name a type; did you mean &#39;float&#39;?
 extern float_t lsm6dsox_from_fs500_to_mdps(int16_t lsb);
        ^~~~~~~
        float
/home/ec2-user/arduino-testlib/cli-datadir/user/libraries/STM32duino_LSM6DSOX/src/lsm6dsox_reg.h:1754:8: error: &#39;float_t&#39; does not name a type; did you mean &#39;float&#39;?
 extern float_t lsm6dsox_from_fs250_to_mdps(int16_t lsb);
        ^~~~~~~
        float
/home/ec2-user/arduino-testlib/cli-datadir/user/libraries/STM32duino_LSM6DSOX/src/lsm6dsox_reg.h:1755:8: error: &#39;float_t&#39; does not name a type; did you mean &#39;float&#39;?
 extern float_t lsm6dsox_from_fs1000_to_mdps(int16_t lsb);
        ^~~~~~~
        float
/home/ec2-user/arduino-testlib/cli-datadir/user/libraries/STM32duino_LSM6DSOX/src/lsm6dsox_reg.h:1756:8: error: &#39;float_t&#39; does not name a type; did you mean &#39;float&#39;?
 extern float_t lsm6dsox_from_fs2000_to_mdps(int16_t lsb);
        ^~~~~~~
        float
/home/ec2-user/arduino-testlib/cli-datadir/user/libraries/STM32duino_LSM6DSOX/src/lsm6dsox_reg.h:1757:8: error: &#39;float_t&#39; does not name a type; did you mean &#39;float&#39;?
 extern float_t lsm6dsox_from_lsb_to_celsius(int16_t lsb);
        ^~~~~~~
        float
/home/ec2-user/arduino-testlib/cli-datadir/user/libraries/STM32duino_LSM6DSOX/src/lsm6dsox_reg.h:1758:8: error: &#39;float_t&#39; does not name a type; did you mean &#39;float&#39;?
 extern float_t lsm6dsox_from_lsb_to_nsec(int16_t lsb);
        ^~~~~~~
        float

</pre>
					
				
				<h3 id="arduino:mbed_nano:nanorp2040connect">arduino:mbed_nano:nanorp2040connect @ 2.7.2</h3>
				<h4>Inclusion</h4>
				<p>
					Result: <b>PASS</b>
					
				</p>
				<pre class="pre-scrollable">WARNING: library STM32duino_LSM6DSOX claims to run on stm32, avr, sam architecture(s) and may be incompatible with your current board which runs on mbed_nano architecture(s).
Sketch uses 83608 bytes (0%) of program storage space. Maximum is 16777216 bytes.
Global variables use 44392 bytes (16%) of dynamic memory, leaving 225944 bytes for local variables. Maximum is 270336 bytes.
</pre>

					
					<h4>examples/LSM6DSOX_FIFO_Interrupt</h4>
					<p>
						Result: <b>PASS</b>
					</p>
					<pre class="pre-scrollable">WARNING: library STM32duino_LSM6DSOX claims to run on stm32, avr, sam architecture(s) and may be incompatible with your current board which runs on mbed_nano architecture(s).
Sketch uses 92448 bytes (0%) of program storage space. Maximum is 16777216 bytes.
Global variables use 44684 bytes (16%) of dynamic memory, leaving 225652 bytes for local variables. Maximum is 270336 bytes.
</pre>
					
					<h4>examples/LSM6DSOX_FIFO_Polling</h4>
					<p>
						Result: <b>PASS</b>
					</p>
					<pre class="pre-scrollable">WARNING: library STM32duino_LSM6DSOX claims to run on stm32, avr, sam architecture(s) and may be incompatible with your current board which runs on mbed_nano architecture(s).
Sketch uses 91006 bytes (0%) of program storage space. Maximum is 16777216 bytes.
Global variables use 44432 bytes (16%) of dynamic memory, leaving 225904 bytes for local variables. Maximum is 270336 bytes.
</pre>
					
					<h4>examples/LSM6DSOX_HelloWorld</h4>
					<p>
						Result: <b>PASS</b>
					</p>
					<pre class="pre-scrollable">WARNING: library STM32duino_LSM6DSOX claims to run on stm32, avr, sam architecture(s) and may be incompatible with your current board which runs on mbed_nano architecture(s).
Sketch uses 89726 bytes (0%) of program storage space. Maximum is 16777216 bytes.
Global variables use 44432 bytes (16%) of dynamic memory, leaving 225904 bytes for local variables. Maximum is 270336 bytes.
</pre>
					
				
				<h3 id="arduino:megaavr:nona4809">arduino:megaavr:nona4809 @ 1.8.7</h3>
				<h4>Inclusion</h4>
				<p>
					Result: <b>FAIL</b>
					
				</p>
				<pre class="pre-scrollable">WARNING: library STM32duino_LSM6DSOX claims to run on stm32, avr, sam architecture(s) and may be incompatible with your current board which runs on megaavr architecture(s).
In file included from /home/ec2-user/arduino-testlib/cli-datadir/user/libraries/STM32duino_LSM6DSOX/src/lsm6dsox_reg.c:20:0:
/home/ec2-user/arduino-testlib/cli-datadir/user/libraries/STM32duino_LSM6DSOX/src/lsm6dsox_reg.h:1748:8: error: unknown type name &#39;float_t&#39;
 extern float_t lsm6dsox_from_fs2_to_mg(int16_t lsb);
        ^~~~~~~
/home/ec2-user/arduino-testlib/cli-datadir/user/libraries/STM32duino_LSM6DSOX/src/lsm6dsox_reg.h:1749:8: error: unknown type name &#39;float_t&#39;
 extern float_t lsm6dsox_from/home/ec2-user/arduino-testlib/cli-datadir/user/libraries/STM32duino_LSM6DSOX/src/lsm6dsox_reg.h:1749:8: error: &#39;float_t&#39; does not name a type; did you mean &#39;float&#39;?
 extern float_t lsm6dsox_from_fs4_to_mg(int16_t lsb);
        ^~~~~~~
        float
/home/ec2-user/arduino-testlib/cli-datadir/user/libraries/STM32duino_LSM6DSOX/src/lsm6dsox_reg.h:1750:8: error: &#39;float_t&#39; does not name a type; did you mean &#39;float&#39;?
 extern float_t lsm6dsox_from_fs8_to_mg(int16_t lsb);
        ^~~~~~~
        float
/home/ec2-user/arduino-testlib/cli-datadir/user/libraries/STM32duino_LSM6DSOX/src/lsm6dsox_reg.h:1751:8: error: &#39;float_t&#39; does not name a type; did you mean &#39;float&#39;?
 extern float_t lsm6dsox_from_fs16_to_mg(int16_t lsb);
        ^~~~~~~
        float
/home/ec2-user/arduino-testlib/cli-datadir/user/libraries/STM32duino_LSM6DSOX/src/lsm6dsox_reg.h:1752:8: error: &#39;float_t&#39; does not name a type; did you mean &#39;float&#39;?
 extern float_t lsm6dsox_from_fs125_to_mdps(int16_t lsb);
        ^~~~~~~
        float
/home/ec2-user/arduino-testlib/cli-datadir/user/libraries/STM32duino_LSM6DSOX/src/lsm6dsox_reg.h:1753:8: error: &#39;float_t&#39; does not name a type; did you mean &#39;float&#39;?
 extern float_t lsm6dsox_from_fs500_to_mdps(int16_t lsb);
        ^~~~~~~
        float
/home/ec2-user/arduino-testlib/cli-datadir/user/libraries/STM32duino_LSM6DSOX/src/lsm6dsox_reg.h:1754:8: error: &#39;float_t&#39; does not name a type; did you mean &#39;float&#39;?
 extern float_t lsm6dsox_from_fs250_to_mdps(int16_t lsb);
        ^~~~~~~
        float
/home/ec2-user/arduino-testlib/cli-datadir/user/libraries/STM32duino_LSM6DSOX/src/lsm6dsox_reg.h:1755:8: error: &#39;float_t&#39; does not name a type; did you mean &#39;float&#39;?
 extern float_t lsm6dsox_from_fs1000_to_mdps(int16_t lsb);
        ^~~~~~~
        float
/home/ec2-user/arduino-testlib/cli-datadir/user/libraries/STM32duino_LSM6DSOX/src/lsm6dsox_reg.h:1756:8: error: &#39;float_t&#39; does not name a type; did you mean &#39;float&#39;?
 extern float_t lsm6dsox_from_fs2000_to_mdps(int16_t lsb);
        ^~~~~~~
        float
/home/ec2-user/arduino-testlib/cli-datadir/user/libraries/STM32duino_LSM6DSOX/src/lsm6dsox_reg.h:1757:8: error: &#39;float_t&#39; does not name a type; did you mean &#39;float&#39;?
 extern float_t lsm6dsox_from_lsb_to_celsius(int16_t lsb);
        ^~~~~~~
        float
/home/ec2-user/arduino-testlib/cli-datadir/user/libraries/STM32duino_LSM6DSOX/src/lsm6dsox_reg.h:1758:8: error: &#39;float_t&#39; does not name a type; did you mean &#39;float&#39;?
 extern float_t lsm6dsox_from_lsb_to_nsec(int16_t lsb);
        ^~~~~~~
        float
In file included from /home/ec2-user/arduino-testlib/cli-datadir/user/libraries/STM32duino_LSM6DSOX/src/LSM6DSOXSensor.h:48:0,
                 from /home/ec2-user/arduino-testlib/cli-datadir/user/libraries/STM32duino_LSM6DSOX/src/LSM6DSOXSensor.cpp:42:
/home/ec2-user/arduino-testlib/cli-datadir/data/packages/arduino/hardware/megaavr/1.8.7/libraries/Wire/src/Wire.h: In member function &#39;uint8_t LSM6DSOXSensor::IO_Read(uint8_t*, uint8_t, uint16_t)&#39;:
/home/ec2-user/arduino-testlib/cli-datadir/data/packages/arduino/hardware/megaavr/1.8.7/libraries/Wire/src/Wire.h:63:12: note: candidate 1: size_t TwoWire::requestFrom(int, int)
     size_t requestFrom(int, int);
            ^~~~~~~~~~~
/home/ec2-user/arduino-testlib/cli-datadir/data/packages/arduino/hardware/megaavr/1.8.7/libraries/Wire/src/Wire.h:61:12: note: candidate 2: virtual size_t TwoWire::requestFrom(uint8_t, size_t)
     size_t requestFrom(uint8_t, size_t);
            ^~~~~~~~~~~

</pre>

					
					<h4>examples/LSM6DSOX_FIFO_Interrupt</h4>
					<p>
						Result: <b>FAIL</b>
					</p>
					<pre class="pre-scrollable">WARNING: library STM32duino_LSM6DSOX claims to run on stm32, avr, sam architecture(s) and may be incompatible with your current board which runs on megaavr architecture(s).
In file included from /home/ec2-user/arduino-testlib/cli-datadir/user/libraries/STM32duino_LSM6DSOX/src/LSM6DSOXSensor.h:50:0,
                 from /home/ec2-user/arduino-testlib/cli-datadir/user/libraries/STM32duino_LSM6DSOX/examples/LSM6DSOX_FIFO_Interrupt/LSM6DSOX_FIFO_Interrupt.ino:46:
/home/ec2-user/arduino-testlib/cli-datadir/user/libraries/STM32duino_LSM6DSOX/src/lsm6dsox_reg.h:1748:8: error: &#39;float_t&#39; does not name a type; did you mean &#39;float&#39;?
 extern float_t lsm6dsox_from_fs2_to_mg(int16_t lsb);
        ^~~~~~~
        float
/home/ec2-user/arduino-testlib/cli-datadir/user/libraries/STM32duino_LSM6DSOX/src/lsm6dsox_reg.h:1749:8: error: &#39;float_t&#39; does not name a type; did you mean &#39;float&#39;?
 extern float_t lsm6dsox_from_fs4_to_mg(int16_t lsb);
        ^~~~~~~
        float
/home/ec2-user/arduino-testlib/cli-datadir/user/libraries/STM32duino_LSM6DSOX/src/lsm6dsox_reg.h:1750:8: error: &#39;float_t&#39; does not name a type; did you mean &#39;float&#39;?
 extern float_t lsm6dsox_from_fs8_to_mg(int16_t lsb);
        ^~~~~~~
        float
/home/ec2-user/arduino-testlib/cli-datadir/user/libraries/STM32duino_LSM6DSOX/src/lsm6dsox_reg.h:1751:8: error: &#39;float_t&#39; does not name a type; did you mean &#39;float&#39;?
 extern float_t lsm6dsox_from_fs16_to_mg(int16_t lsb);
        ^~~~~~~
        float
/home/ec2-user/arduino-testlib/cli-datadir/user/libraries/STM32duino_LSM6DSOX/src/lsm6dsox_reg.h:1752:8: error: &#39;float_t&#39; does not name a type; did you mean &#39;float&#39;?
 extern float_t lsm6dsox_from_fs125_to_mdps(int16_t lsb);
        ^~~~~~~
        float
/home/ec2-user/arduino-testlib/cli-datadir/user/libraries/STM32duino_LSM6DSOX/src/lsm6dsox_reg.h:1753:8: error: &#39;float_t&#39; does not name a type; did you mean &#39;float&#39;?
 extern float_t lsm6dsox_from_fs500_to_mdps(int16_t lsb);
        ^~~~~~~
        float
/home/ec2-user/arduino-testlib/cli-datadir/user/libraries/STM32duino_LSM6DSOX/src/lsm6dsox_reg.h:1754:8: error: &#39;float_t&#39; does not name a type; did you mean &#39;float&#39;?
 extern float_t lsm6dsox_from_fs250_to_mdps(int16_t lsb);
        ^~~~~~~
        float
/home/ec2-user/arduino-testlib/cli-datadir/user/libraries/STM32duino_LSM6DSOX/src/lsm6dsox_reg.h:1755:8: error: &#39;float_t&#39; does not name a type; did you mean &#39;float&#39;?
 extern float_t lsm6dsox_from_fs1000_to_mdps(int16_t lsb);
        ^~~~~~~
        float
/home/ec2-user/arduino-testlib/cli-datadir/user/libraries/STM32duino_LSM6DSOX/src/lsm6dsox_reg.h:1756:8: error: &#39;float_t&#39; does not name a type; did you mean &#39;float&#39;?
 extern float_t lsm6dsox_from_fs2000_to_mdps(int16_t lsb);
        ^~~~~~~
        float
/home/ec2-user/arduino-testlib/cli-datadir/user/libraries/STM32duino_LSM6DSOX/src/lsm6dsox_reg.h:1757:8: error: &#39;float_t&#39; does not name a type; did you mean &#39;float&#39;?
 extern float_t lsm6dsox_from_lsb_to_celsius(int16_t lsb);
        ^~~~~~~
        float
/home/ec2-user/arduino-testlib/cli-datadir/user/libraries/STM32duino_LSM6DSOX/src/lsm6dsox_reg.h:1758:8: error: &#39;float_t&#39; does not name a type; did you mean &#39;float&#39;?
 extern float_t lsm6dsox_from_lsb_to_nsec(int16_t lsb);
        ^~~~~~~
        float
In file included from /home/ec2-user/arduino-testlib/cli-datadir/user/libraries/STM32duino_LSM6DSOX/src/LSM6DSOXSensor.h:48:0,
                 from /home/ec2-user/arduino-testlib/cli-datadir/user/libraries/STM32duino_LSM6DSOX/examples/LSM6DSOX_FIFO_Interrupt/LSM6DSOX_FIFO_Interrupt.ino:46:
/home/ec2-user/arduino-testlib/cli-datadir/data/packages/arduino/hardware/megaavr/1.8.7/libraries/Wire/src/Wire.h: In member function &#39;uint8_t LSM6DSOXSensor::IO_Read(uint8_t*, uint8_t, uint16_t)&#39;:
/home/ec2-user/arduino-testlib/cli-datadir/data/packages/arduino/hardware/megaavr/1.8.7/libraries/Wire/src/Wire.h:63:12: note: candidate 1: size_t TwoWire::requestFrom(int, int)
     size_t requestFrom(int, int);
            ^~~~~~~~~~~
/home/ec2-user/arduino-testlib/cli-datadir/data/packages/arduino/hardware/megaavr/1.8.7/libraries/Wire/src/Wire.h:61:12: note: candidate 2: virtual size_t TwoWire::requestFrom(uint8_t, size_t)
     size_t requestFrom(uint8_t, size_t);
            ^~~~~~~~~~~

</pre>
					
					<h4>examples/LSM6DSOX_FIFO_Polling</h4>
					<p>
						Result: <b>FAIL</b>
					</p>
					<pre class="pre-scrollable">WARNING: library STM32duino_LSM6DSOX claims to run on stm32, avr, sam architecture(s) and may be incompatible with your current board which runs on megaavr architecture(s).
In file included from /home/ec2-user/arduino-testlib/cli-datadir/user/libraries/STM32duino_LSM6DSOX/src/LSM6DSOXSensor.h:50:0,
                 from /home/ec2-user/arduino-testlib/cli-datadir/user/libraries/STM32duino_LSM6DSOX/examples/LSM6DSOX_FIFO_Polling/LSM6DSOX_FIFO_Polling.ino:45:
/home/ec2-user/arduino-testlib/cli-datadir/user/libraries/STM32duino_LSM6DSOX/src/lsm6dsox_reg.h:1748:8: error: &#39;float_t&#39; does not name a type; did you mean &#39;float&#39;?
 extern float_t lsm6dsox_from_fs2_to_mg(int16_t lsb);
        ^~~~~~~
        float
/home/ec2-user/arduino-testlib/cli-datadir/user/libraries/STM32duino_LSM6DSOX/src/lsm6dsox_reg.h:1749:8: error: &#39;float_t&#39; does not name a type; did you mean &#39;float&#39;?
 extern float_t lsm6dsox_from_fs4_to_mg(int16_t lsb);
        ^~~~~~~
        float
/home/ec2-user/arduino-testlib/cli-datadir/user/libraries/STM32duino_LSM6DSOX/src/lsm6dsox_reg.h:1750:8: error: &#39;float_t&#39; does not name a type; did you mean &#39;float&#39;?
 extern float_t lsm6dsox_from_fs8_to_mg(int16_t lsb);
        ^~~~~~~
        float
/home/ec2-user/arduino-testlib/cli-datadir/user/libraries/STM32duino_LSM6DSOX/src/lsm6dsox_reg.h:1751:8: error: &#39;float_t&#39; does not name a type; did you mean &#39;float&#39;?
 extern float_t lsm6dsox_from_fs16_to_mg(int16_t lsb);
        ^~~~~~~
        float
/home/ec2-user/arduino-testlib/cli-datadir/user/libraries/STM32duino_LSM6DSOX/src/lsm6dsox_reg.h:1752:8: error: &#39;float_t&#39; does not name a type; did you mean &#39;float&#39;?
 extern float_t lsm6dsox_from_fs125_to_mdps(int16_t lsb);
        ^~~~~~~
        float
/home/ec2-user/arduino-testlib/cli-datadir/user/libraries/STM32duino_LSM6DSOX/src/lsm6dsox_reg.h:1753:8: error: &#39;float_t&#39; does not name a type; did you mean &#39;float&#39;?
 extern float_t lsm6dsox_from_fs500_to_mdps(int16_t lsb);
        ^~~~~~~
        float
/home/ec2-user/arduino-testlib/cli-datadir/user/libraries/STM32duino_LSM6DSOX/src/lsm6dsox_reg.h:1754:8: error: &#39;float_t&#39; does not name a type; did you mean &#39;float&#39;?
 extern float_t lsm6dsox_from_fs250_to_mdps(int16_t lsb);
        ^~~~~~~
        float
/home/ec2-user/arduino-testlib/cli-datadir/user/libraries/STM32duino_LSM6DSOX/src/lsm6dsox_reg.h:1755:8: error: &#39;float_t&#39; does not name a type; did you mean &#39;float&#39;?
 extern float_t lsm6dsox_from_fs1000_to_mdps(int16_t lsb);
        ^~~~~~~
        float
/home/ec2-user/arduino-testlib/cli-datadir/user/libraries/STM32duino_LSM6DSOX/src/lsm6dsox_reg.h:1756:8: error: &#39;float_t&#39; does not name a type; did you mean &#39;float&#39;?
 extern float_t lsm6dsox_from_fs2000_to_mdps(int16_t lsb);
        ^~~~~~~
        float
/home/ec2-user/arduino-testlib/cli-datadir/user/libraries/STM32duino_LSM6DSOX/src/lsm6dsox_reg.h:1757:8: error: &#39;float_t&#39; does not name a type; did you mean &#39;float&#39;?
 extern float_t lsm6dsox_from_lsb_to_celsius(int16_t lsb);
        ^~~~~~~
        float
/home/ec2-user/arduino-testlib/cli-datadir/user/libraries/STM32duino_LSM6DSOX/src/lsm6dsox_reg.h:1758:8: error: &#39;float_t&#39; does not name a type; did you mean &#39;float&#39;?
 extern float_t lsm6dsox_from_lsb_to_nsec(int16_t lsb);
        ^~~~~~~
        float
In file included from /home/ec2-user/arduino-testlib/cli-datadir/user/libraries/STM32duino_LSM6DSOX/src/LSM6DSOXSensor.h:48:0,
                 from /home/ec2-user/arduino-testlib/cli-datadir/user/libraries/STM32duino_LSM6DSOX/examples/LSM6DSOX_FIFO_Polling/LSM6DSOX_FIFO_Polling.ino:45:
/home/ec2-user/arduino-testlib/cli-datadir/data/packages/arduino/hardware/megaavr/1.8.7/libraries/Wire/src/Wire.h: In member function &#39;uint8_t LSM6DSOXSensor::IO_Read(uint8_t*, uint8_t, uint16_t)&#39;:
/home/ec2-user/arduino-testlib/cli-datadir/data/packages/arduino/hardware/megaavr/1.8.7/libraries/Wire/src/Wire.h:63:12: note: candidate 1: size_t TwoWire::requestFrom(int, int)
     size_t requestFrom(int, int);
            ^~~~~~~~~~~
/home/ec2-user/arduino-testlib/cli-datadir/data/packages/arduino/hardware/megaavr/1.8.7/libraries/Wire/src/Wire.h:61:12: note: candidate 2: virtual size_t TwoWire::requestFrom(uint8_t, size_t)
     size_t requestFrom(uint8_t, size_t);
            ^~~~~~~~~~~

</pre>
					
					<h4>examples/LSM6DSOX_HelloWorld</h4>
					<p>
						Result: <b>FAIL</b>
					</p>
					<pre class="pre-scrollable">WARNING: library STM32duino_LSM6DSOX claims to run on stm32, avr, sam architecture(s) and may be incompatible with your current board which runs on megaavr architecture(s).
In file included from /home/ec2-user/arduino-testlib/cli-datadir/user/libraries/STM32duino_LSM6DSOX/src/LSM6DSOXSensor.h:50:0,
                 from /home/ec2-user/arduino-testlib/cli-datadir/user/libraries/STM32duino_LSM6DSOX/examples/LSM6DSOX_HelloWorld/LSM6DSOX_HelloWorld.ino:41:
/home/ec2-user/arduino-testlib/cli-datadir/user/libraries/STM32duino_LSM6DSOX/src/lsm6dsox_reg.h:1748:8: error: &#39;float_t&#39; does not name a type; did you mean &#39;float&#39;?
 extern float_t lsm6dsox_from_fs2_to_mg(int16_t lsb);
        ^~~~~~~
        float
/home/ec2-user/arduino-testlib/cli-datadir/user/libraries/STM32duino_LSM6DSOX/src/lsm6dsox_reg.h:1749:8: error: &#39;float_t&#39; does not name a type; did you mean &#39;float&#39;?
 extern float_t lsm6dsox_from_fs4_to_mg(int16_t lsb);
        ^~~~~~~
        float
/home/ec2-user/arduino-testlib/cli-datadir/user/libraries/STM32duino_LSM6DSOX/src/lsm6dsox_reg.h:1750:8: error: &#39;float_t&#39; does not name a type; did you mean &#39;float&#39;?
 extern float_t lsm6dsox_from_fs8_to_mg(int16_t lsb);
        ^~~~~~~
        float
/home/ec2-user/arduino-testlib/cli-datadir/user/libraries/STM32duino_LSM6DSOX/src/lsm6dsox_reg.h:1751:8: error: &#39;float_t&#39; does not name a type; did you mean &#39;float&#39;?
 extern float_t lsm6dsox_from_fs16_to_mg(int16_t lsb);
        ^~~~~~~
        float
/home/ec2-user/arduino-testlib/cli-datadir/user/libraries/STM32duino_LSM6DSOX/src/lsm6dsox_reg.h:1752:8: error: &#39;float_t&#39; does not name a type; did you mean &#39;float&#39;?
 extern float_t lsm6dsox_from_fs125_to_mdps(int16_t lsb);
        ^~~~~~~
        float
/home/ec2-user/arduino-testlib/cli-datadir/user/libraries/STM32duino_LSM6DSOX/src/lsm6dsox_reg.h:1753:8: error: &#39;float_t&#39; does not name a type; did you mean &#39;float&#39;?
 extern float_t lsm6dsox_from_fs500_to_mdps(int16_t lsb);
        ^~~~~~~
        float
/home/ec2-user/arduino-testlib/cli-datadir/user/libraries/STM32duino_LSM6DSOX/src/lsm6dsox_reg.h:1754:8: error: &#39;float_t&#39; does not name a type; did you mean &#39;float&#39;?
 extern float_t lsm6dsox_from_fs250_to_mdps(int16_t lsb);
        ^~~~~~~
        float
/home/ec2-user/arduino-testlib/cli-datadir/user/libraries/STM32duino_LSM6DSOX/src/lsm6dsox_reg.h:1755:8: error: &#39;float_t&#39; does not name a type; did you mean &#39;float&#39;?
 extern float_t lsm6dsox_from_fs1000_to_mdps(int16_t lsb);
        ^~~~~~~
        float
/home/ec2-user/arduino-testlib/cli-datadir/user/libraries/STM32duino_LSM6DSOX/src/lsm6dsox_reg.h:1756:8: error: &#39;float_t&#39; does not name a type; did you mean &#39;float&#39;?
 extern float_t lsm6dsox_from_fs2000_to_mdps(int16_t lsb);
        ^~~~~~~
        float
/home/ec2-user/arduino-testlib/cli-datadir/user/libraries/STM32duino_LSM6DSOX/src/lsm6dsox_reg.h:1757:8: error: &#39;float_t&#39; does not name a type; did you mean &#39;float&#39;?
 extern float_t lsm6dsox_from_lsb_to_celsius(int16_t lsb);
        ^~~~~~~
        float
/home/ec2-user/arduino-testlib/cli-datadir/user/libraries/STM32duino_LSM6DSOX/src/lsm6dsox_reg.h:1758:8: error: &#39;float_t&#39; does not name a type; did you mean &#39;float&#39;?
 extern float_t lsm6dsox_from_lsb_to_nsec(int16_t lsb);
        ^~~~~~~
        float
In file included from /home/ec2-user/arduino-testlib/cli-datadir/user/libraries/STM32duino_LSM6DSOX/src/LSM6DSOXSensor.h:48:0,
                 from /home/ec2-user/arduino-testlib/cli-datadir/user/libraries/STM32duino_LSM6DSOX/examples/LSM6DSOX_HelloWorld/LSM6DSOX_HelloWorld.ino:41:
/home/ec2-user/arduino-testlib/cli-datadir/data/packages/arduino/hardware/megaavr/1.8.7/libraries/Wire/src/Wire.h: In member function &#39;uint8_t LSM6DSOXSensor::IO_Read(uint8_t*, uint8_t, uint16_t)&#39;:
/home/ec2-user/arduino-testlib/cli-datadir/data/packages/arduino/hardware/megaavr/1.8.7/libraries/Wire/src/Wire.h:63:12: note: candidate 1: size_t TwoWire::requestFrom(int, int)
     size_t requestFrom(int, int);
            ^~~~~~~~~~~
/home/ec2-user/arduino-testlib/cli-datadir/data/packages/arduino/hardware/megaavr/1.8.7/libraries/Wire/src/Wire.h:61:12: note: candidate 2: virtual size_t TwoWire::requestFrom(uint8_t, size_t)
     size_t requestFrom(uint8_t, size_t);
            ^~~~~~~~~~~

</pre>
					
				
				<h3 id="arduino:samd:mkrwifi1010">arduino:samd:mkrwifi1010 @ 1.8.12</h3>
				<h4>Inclusion</h4>
				<p>
					Result: <b>PASS</b>
					
				</p>
				<pre class="pre-scrollable">WARNING: library STM32duino_LSM6DSOX claims to run on stm32, avr, sam architecture(s) and may be incompatible with your current board which runs on samd architecture(s).
Sketch uses 14780 bytes (5%) of program storage space. Maximum is 262144 bytes.
Global variables use 3656 bytes (11%) of dynamic memory, leaving 29112 bytes for local variables. Maximum is 32768 bytes.
</pre>

					
					<h4>examples/LSM6DSOX_FIFO_Interrupt</h4>
					<p>
						Result: <b>PASS</b>
					</p>
					<pre class="pre-scrollable">WARNING: library STM32duino_LSM6DSOX claims to run on stm32, avr, sam architecture(s) and may be incompatible with your current board which runs on samd architecture(s).
Sketch uses 23520 bytes (8%) of program storage space. Maximum is 262144 bytes.
Global variables use 3840 bytes (11%) of dynamic memory, leaving 28928 bytes for local variables. Maximum is 32768 bytes.
</pre>
					
					<h4>examples/LSM6DSOX_FIFO_Polling</h4>
					<p>
						Result: <b>PASS</b>
					</p>
					<pre class="pre-scrollable">WARNING: library STM32duino_LSM6DSOX claims to run on stm32, avr, sam architecture(s) and may be incompatible with your current board which runs on samd architecture(s).
Sketch uses 22800 bytes (8%) of program storage space. Maximum is 262144 bytes.
Global variables use 3696 bytes (11%) of dynamic memory, leaving 29072 bytes for local variables. Maximum is 32768 bytes.
</pre>
					
					<h4>examples/LSM6DSOX_HelloWorld</h4>
					<p>
						Result: <b>PASS</b>
					</p>
					<pre class="pre-scrollable">WARNING: library STM32duino_LSM6DSOX claims to run on stm32, avr, sam architecture(s) and may be incompatible with your current board which runs on samd architecture(s).
Sketch uses 21196 bytes (8%) of program storage space. Maximum is 262144 bytes.
Global variables use 3692 bytes (11%) of dynamic memory, leaving 29076 bytes for local variables. Maximum is 32768 bytes.
</pre>
					
				
				<h3 id="esp32:esp32:d1_mini32">esp32:esp32:d1_mini32 @ 1.0.6</h3>
				<h4>Inclusion</h4>
				<p>
					Result: <b>FAIL</b>
					
				</p>
				<pre class="pre-scrollable">WARNING: library STM32duino_LSM6DSOX claims to run on stm32, avr, sam architecture(s) and may be incompatible with your current board which runs on esp32 architecture(s).

</pre>

					
					<h4>examples/LSM6DSOX_FIFO_Interrupt</h4>
					<p>
						Result: <b>FAIL</b>
					</p>
					<pre class="pre-scrollable">WARNING: library STM32duino_LSM6DSOX claims to run on stm32, avr, sam architecture(s) and may be incompatible with your current board which runs on esp32 architecture(s).

</pre>
					
					<h4>examples/LSM6DSOX_FIFO_Polling</h4>
					<p>
						Result: <b>FAIL</b>
					</p>
					<pre class="pre-scrollable">WARNING: library STM32duino_LSM6DSOX claims to run on stm32, avr, sam architecture(s) and may be incompatible with your current board which runs on esp32 architecture(s).

</pre>
					
					<h4>examples/LSM6DSOX_HelloWorld</h4>
					<p>
						Result: <b>FAIL</b>
					</p>
					<pre class="pre-scrollable">WARNING: library STM32duino_LSM6DSOX claims to run on stm32, avr, sam architecture(s) and may be incompatible with your current board which runs on esp32 architecture(s).

</pre>
					
				
			</div>
		</div>
	</div>
  </body>
</html>
