
<!doctype html>
<html lang="en">
  <head>
    <meta charset="utf-8">
    <meta name="viewport" content="width=device-width, initial-scale=1">
    <link href="https://cdn.jsdelivr.net/npm/bootstrap@5.0.2/dist/css/bootstrap.min.css" rel="stylesheet" integrity="sha384-EVSTQN3/azprG1Anm3QDgpJLIm9Nao0Yz1ztcQTwFspd3yD65VohhpuuCOmLASjC" crossorigin="anonymous">
    <title>arduino-testlib report</title>
	<style>
	.pass { background-color: #00FF00 !important; }
	.fail { background-color: #FF0000 !important; }
	</style>
  </head>
  <body>
	<div class="container">
		<div class="row">
			<div class="col">
				<h1>STools - compatibility matrix</h1>
				<p>
					<small>This report was generated on Wednesday, 23-Feb-22 22:48:15 CET using 
					<a href="https://github.com/alranel/arduino-testlib">arduino-testlib</a>.</small>
				</p>

				<h2>STools</h2>
				<p>
					Version: <b>0.4.5</b>
					<br />
					<a href="https://www.arduino.cc/reference/en/libraries/stools/">More details</a>
				</p>

				<h2>Compatibility matrix</h2>
				<table class="table table-bordered">
					<tr>
						<th>Board</th>
						<th>Claims compatibility</th>
						<th>Inclusion</th>
						
						<th><pre>printLink</pre></th>
						
						<th><pre>readVcc</pre></th>
						
						<th><pre>Button</pre></th>
						
						<th><pre>EasyEEPROM</pre></th>
						
						<th><pre>Encoder</pre></th>
						
						<th><pre>SensorCalibration</pre></th>
						
						<th><pre>Thermistor</pre></th>
						
					</tr>
					
					<tr>
						<td>
							<a href="#arduino%3aavr%3auno"><b>arduino:avr:uno</b></a>
							<br />
							<small>1.8.4</small>
						</td>

						
							<td>Yes</td>
							<td class="pass">PASS</td>
						
						
						
						

						
							
								
									
										
									
										
									
										
									
										
									
										
									
										
											<td class="pass">PASS</td>
											
										
									
										
									
								
							
								
							
								
							
								
							
								
							
						
							
								
									
										
									
										
									
										
									
										
									
										
									
										
									
										
											<td class="pass">PASS</td>
											
										
									
								
							
								
							
								
							
								
							
								
							
						
							
								
									
										
											<td class="pass">PASS</td>
											
										
									
										
									
										
									
										
									
										
									
										
									
										
									
								
							
								
							
								
							
								
							
								
							
						
							
								
									
										
									
										
											<td class="pass">PASS</td>
											
										
									
										
									
										
									
										
									
										
									
										
									
								
							
								
							
								
							
								
							
								
							
						
							
								
									
										
									
										
									
										
											<td class="pass">PASS</td>
											
										
									
										
									
										
									
										
									
										
									
								
							
								
							
								
							
								
							
								
							
						
							
								
									
										
									
										
									
										
									
										
											<td class="pass">PASS</td>
											
										
									
										
									
										
									
										
									
								
							
								
							
								
							
								
							
								
							
						
							
								
									
										
									
										
									
										
									
										
									
										
											<td class="pass">PASS</td>
											
										
									
										
									
										
									
								
							
								
							
								
							
								
							
								
							
						
					</tr>
					
					<tr>
						<td>
							<a href="#arduino%3ambed_nano%3ananorp2040connect"><b>arduino:mbed_nano:nanorp2040connect</b></a>
							<br />
							<small>2.7.2</small>
						</td>

						
						
						
							<td>Yes ⚠️</td>
							<td class="fail">FAIL</td>
						
						

						
							
								
							
								
									
										
									
										
									
										
									
										
									
										
									
										
											
											<td class="fail">FAIL</td>
										
									
										
									
								
							
								
							
								
							
								
							
						
							
								
							
								
									
										
									
										
									
										
									
										
									
										
									
										
									
										
											
											<td class="fail">FAIL</td>
										
									
								
							
								
							
								
							
								
							
						
							
								
							
								
									
										
											
											<td class="fail">FAIL</td>
										
									
										
									
										
									
										
									
										
									
										
									
										
									
								
							
								
							
								
							
								
							
						
							
								
							
								
									
										
									
										
											
											<td class="fail">FAIL</td>
										
									
										
									
										
									
										
									
										
									
										
									
								
							
								
							
								
							
								
							
						
							
								
							
								
									
										
									
										
									
										
											
											<td class="fail">FAIL</td>
										
									
										
									
										
									
										
									
										
									
								
							
								
							
								
							
								
							
						
							
								
							
								
									
										
									
										
									
										
									
										
											
											<td class="fail">FAIL</td>
										
									
										
									
										
									
										
									
								
							
								
							
								
							
								
							
						
							
								
							
								
									
										
									
										
									
										
									
										
									
										
											
											<td class="fail">FAIL</td>
										
									
										
									
										
									
								
							
								
							
								
							
								
							
						
					</tr>
					
					<tr>
						<td>
							<a href="#arduino%3amegaavr%3anona4809"><b>arduino:megaavr:nona4809</b></a>
							<br />
							<small>1.8.7</small>
						</td>

						
						
						
							<td>Yes ⚠️</td>
							<td class="fail">FAIL</td>
						
						

						
							
								
							
								
							
								
									
										
									
										
									
										
									
										
									
										
									
										
											
											<td class="fail">FAIL</td>
										
									
										
									
								
							
								
							
								
							
						
							
								
							
								
							
								
									
										
									
										
									
										
									
										
									
										
									
										
									
										
											
											<td class="fail">FAIL</td>
										
									
								
							
								
							
								
							
						
							
								
							
								
							
								
									
										
											
											<td class="fail">FAIL</td>
										
									
										
									
										
									
										
									
										
									
										
									
										
									
								
							
								
							
								
							
						
							
								
							
								
							
								
									
										
									
										
											
											<td class="fail">FAIL</td>
										
									
										
									
										
									
										
									
										
									
										
									
								
							
								
							
								
							
						
							
								
							
								
							
								
									
										
									
										
									
										
											
											<td class="fail">FAIL</td>
										
									
										
									
										
									
										
									
										
									
								
							
								
							
								
							
						
							
								
							
								
							
								
									
										
									
										
									
										
									
										
											
											<td class="fail">FAIL</td>
										
									
										
									
										
									
										
									
								
							
								
							
								
							
						
							
								
							
								
							
								
									
										
									
										
									
										
									
										
									
										
											
											<td class="fail">FAIL</td>
										
									
										
									
										
									
								
							
								
							
								
							
						
					</tr>
					
					<tr>
						<td>
							<a href="#arduino%3asamd%3amkrwifi1010"><b>arduino:samd:mkrwifi1010</b></a>
							<br />
							<small>1.8.12</small>
						</td>

						
						
						
							<td>Yes ⚠️</td>
							<td class="fail">FAIL</td>
						
						

						
							
								
							
								
							
								
							
								
									
										
									
										
									
										
									
										
									
										
									
										
											
											<td class="fail">FAIL</td>
										
									
										
									
								
							
								
							
						
							
								
							
								
							
								
							
								
									
										
									
										
									
										
									
										
									
										
									
										
									
										
											
											<td class="fail">FAIL</td>
										
									
								
							
								
							
						
							
								
							
								
							
								
							
								
									
										
											
											<td class="fail">FAIL</td>
										
									
										
									
										
									
										
									
										
									
										
									
										
									
								
							
								
							
						
							
								
							
								
							
								
							
								
									
										
									
										
											
											<td class="fail">FAIL</td>
										
									
										
									
										
									
										
									
										
									
										
									
								
							
								
							
						
							
								
							
								
							
								
							
								
									
										
									
										
									
										
											
											<td class="fail">FAIL</td>
										
									
										
									
										
									
										
									
										
									
								
							
								
							
						
							
								
							
								
							
								
							
								
									
										
									
										
									
										
									
										
											
											<td class="fail">FAIL</td>
										
									
										
									
										
									
										
									
								
							
								
							
						
							
								
							
								
							
								
							
								
									
										
									
										
									
										
									
										
									
										
											
											<td class="fail">FAIL</td>
										
									
										
									
										
									
								
							
								
							
						
					</tr>
					
					<tr>
						<td>
							<a href="#esp32%3aesp32%3ad1_mini32"><b>esp32:esp32:d1_mini32</b></a>
							<br />
							<small>1.0.6</small>
						</td>

						
						
						
							<td>Yes ⚠️</td>
							<td class="fail">FAIL</td>
						
						

						
							
								
							
								
							
								
							
								
							
								
									
										
									
										
									
										
									
										
									
										
									
										
											
											<td class="fail">FAIL</td>
										
									
										
									
								
							
						
							
								
							
								
							
								
							
								
							
								
									
										
									
										
									
										
									
										
									
										
									
										
									
										
											
											<td class="fail">FAIL</td>
										
									
								
							
						
							
								
							
								
							
								
							
								
							
								
									
										
											
											<td class="fail">FAIL</td>
										
									
										
									
										
									
										
									
										
									
										
									
										
									
								
							
						
							
								
							
								
							
								
							
								
							
								
									
										
									
										
											
											<td class="fail">FAIL</td>
										
									
										
									
										
									
										
									
										
									
										
									
								
							
						
							
								
							
								
							
								
							
								
							
								
									
										
									
										
									
										
											
											<td class="fail">FAIL</td>
										
									
										
									
										
									
										
									
										
									
								
							
						
							
								
							
								
							
								
							
								
							
								
									
										
									
										
									
										
									
										
											
											<td class="fail">FAIL</td>
										
									
										
									
										
									
										
									
								
							
						
							
								
							
								
							
								
							
								
							
								
									
										
									
										
									
										
									
										
									
										
											
											<td class="fail">FAIL</td>
										
									
										
									
										
									
								
							
						
					</tr>
					
				</table>

				<h2>Compilation logs</h2>
				
				<h3 id="arduino:avr:uno">arduino:avr:uno @ 1.8.4</h3>
				<h4>Inclusion</h4>
				<p>
					Result: <b>PASS</b>
					
				</p>
				<pre class="pre-scrollable">Sketch uses 1332 bytes (4%) of program storage space. Maximum is 32256 bytes.
Global variables use 184 bytes (8%) of dynamic memory, leaving 1864 bytes for local variables. Maximum is 2048 bytes.
</pre>

					
					<h4>examples/Button</h4>
					<p>
						Result: <b>PASS</b>
					</p>
					<pre class="pre-scrollable">Sketch uses 3530 bytes (10%) of program storage space. Maximum is 32256 bytes.
Global variables use 272 bytes (13%) of dynamic memory, leaving 1776 bytes for local variables. Maximum is 2048 bytes.
</pre>
					
					<h4>examples/EasyEEPROM</h4>
					<p>
						Result: <b>PASS</b>
					</p>
					<pre class="pre-scrollable">Sketch uses 4598 bytes (14%) of program storage space. Maximum is 32256 bytes.
Global variables use 284 bytes (13%) of dynamic memory, leaving 1764 bytes for local variables. Maximum is 2048 bytes.
</pre>
					
					<h4>examples/Encoder</h4>
					<p>
						Result: <b>PASS</b>
					</p>
					<pre class="pre-scrollable">Sketch uses 3800 bytes (11%) of program storage space. Maximum is 32256 bytes.
Global variables use 272 bytes (13%) of dynamic memory, leaving 1776 bytes for local variables. Maximum is 2048 bytes.
</pre>
					
					<h4>examples/SensorCalibration</h4>
					<p>
						Result: <b>PASS</b>
					</p>
					<pre class="pre-scrollable">Sketch uses 3714 bytes (11%) of program storage space. Maximum is 32256 bytes.
Global variables use 258 bytes (12%) of dynamic memory, leaving 1790 bytes for local variables. Maximum is 2048 bytes.
</pre>
					
					<h4>examples/Thermistor</h4>
					<p>
						Result: <b>PASS</b>
					</p>
					<pre class="pre-scrollable">Sketch uses 5842 bytes (18%) of program storage space. Maximum is 32256 bytes.
Global variables use 326 bytes (15%) of dynamic memory, leaving 1722 bytes for local variables. Maximum is 2048 bytes.
</pre>
					
					<h4>examples/printLink</h4>
					<p>
						Result: <b>PASS</b>
					</p>
					<pre class="pre-scrollable">Sketch uses 3866 bytes (11%) of program storage space. Maximum is 32256 bytes.
Global variables use 290 bytes (14%) of dynamic memory, leaving 1758 bytes for local variables. Maximum is 2048 bytes.
</pre>
					
					<h4>examples/readVcc</h4>
					<p>
						Result: <b>PASS</b>
					</p>
					<pre class="pre-scrollable">Sketch uses 5206 bytes (16%) of program storage space. Maximum is 32256 bytes.
Global variables use 312 bytes (15%) of dynamic memory, leaving 1736 bytes for local variables. Maximum is 2048 bytes.
</pre>
					
				
				<h3 id="arduino:mbed_nano:nanorp2040connect">arduino:mbed_nano:nanorp2040connect @ 2.7.2</h3>
				<h4>Inclusion</h4>
				<p>
					Result: <b>FAIL</b>
					
				</p>
				<pre class="pre-scrollable">In file included from /home/ec2-user/arduino-testlib/cli-datadir/user/libraries/STools/src/STools.cpp:3:0:
/home/ec2-user/arduino-testlib/cli-datadir/user/libraries/Hello_Drum/src/EEPROM.h:25:10: fatal error: avr/eeprom.h: No such file or directory
 #include &lt;avr/eeprom.h&gt;
          ^~~~~~~~~~~~~~
compilation terminated.
Multiple libraries were found for &#34;EEPROM.h&#34;
  Used: /home/ec2-user/arduino-testlib/cli-datadir/user/libraries/Hello_Drum
  Not used: /home/ec2-user/arduino-testlib/cli-datadir/user/libraries/arduino-NVM
</pre>

					
					<h4>examples/Button</h4>
					<p>
						Result: <b>FAIL</b>
					</p>
					<pre class="pre-scrollable">In file included from /home/ec2-user/arduino-testlib/cli-datadir/user/libraries/STools/src/STools.cpp:3:0:
/home/ec2-user/arduino-testlib/cli-datadir/user/libraries/Hello_Drum/src/EEPROM.h:25:10: fatal error: avr/eeprom.h: No such file or directory
 #include &lt;avr/eeprom.h&gt;
          ^~~~~~~~~~~~~~
compilation terminated.
Multiple libraries were found for &#34;EEPROM.h&#34;
  Used: /home/ec2-user/arduino-testlib/cli-datadir/user/libraries/Hello_Drum
  Not used: /home/ec2-user/arduino-testlib/cli-datadir/user/libraries/arduino-NVM
</pre>
					
					<h4>examples/EasyEEPROM</h4>
					<p>
						Result: <b>FAIL</b>
					</p>
					<pre class="pre-scrollable">In file included from /home/ec2-user/arduino-testlib/cli-datadir/user/libraries/STools/src/STools.cpp:3:0:
/home/ec2-user/arduino-testlib/cli-datadir/user/libraries/Hello_Drum/src/EEPROM.h:25:10: fatal error: avr/eeprom.h: No such file or directory
 #include &lt;avr/eeprom.h&gt;
          ^~~~~~~~~~~~~~
compilation terminated.
Multiple libraries were found for &#34;EEPROM.h&#34;
  Used: /home/ec2-user/arduino-testlib/cli-datadir/user/libraries/Hello_Drum
  Not used: /home/ec2-user/arduino-testlib/cli-datadir/user/libraries/arduino-NVM
</pre>
					
					<h4>examples/Encoder</h4>
					<p>
						Result: <b>FAIL</b>
					</p>
					<pre class="pre-scrollable">In file included from /home/ec2-user/arduino-testlib/cli-datadir/user/libraries/STools/src/STools.cpp:3:0:
/home/ec2-user/arduino-testlib/cli-datadir/user/libraries/Hello_Drum/src/EEPROM.h:25:10: fatal error: avr/eeprom.h: No such file or directory
 #include &lt;avr/eeprom.h&gt;
          ^~~~~~~~~~~~~~
compilation terminated.
Multiple libraries were found for &#34;EEPROM.h&#34;
  Used: /home/ec2-user/arduino-testlib/cli-datadir/user/libraries/Hello_Drum
  Not used: /home/ec2-user/arduino-testlib/cli-datadir/user/libraries/arduino-NVM
</pre>
					
					<h4>examples/SensorCalibration</h4>
					<p>
						Result: <b>FAIL</b>
					</p>
					<pre class="pre-scrollable">In file included from /home/ec2-user/arduino-testlib/cli-datadir/user/libraries/STools/src/STools.cpp:3:0:
/home/ec2-user/arduino-testlib/cli-datadir/user/libraries/Hello_Drum/src/EEPROM.h:25:10: fatal error: avr/eeprom.h: No such file or directory
 #include &lt;avr/eeprom.h&gt;
          ^~~~~~~~~~~~~~
compilation terminated.
Multiple libraries were found for &#34;EEPROM.h&#34;
  Used: /home/ec2-user/arduino-testlib/cli-datadir/user/libraries/Hello_Drum
  Not used: /home/ec2-user/arduino-testlib/cli-datadir/user/libraries/arduino-NVM
</pre>
					
					<h4>examples/Thermistor</h4>
					<p>
						Result: <b>FAIL</b>
					</p>
					<pre class="pre-scrollable">In file included from /home/ec2-user/arduino-testlib/cli-datadir/user/libraries/STools/src/STools.cpp:3:0:
/home/ec2-user/arduino-testlib/cli-datadir/user/libraries/Hello_Drum/src/EEPROM.h:25:10: fatal error: avr/eeprom.h: No such file or directory
 #include &lt;avr/eeprom.h&gt;
          ^~~~~~~~~~~~~~
compilation terminated.
Multiple libraries were found for &#34;EEPROM.h&#34;
  Used: /home/ec2-user/arduino-testlib/cli-datadir/user/libraries/Hello_Drum
  Not used: /home/ec2-user/arduino-testlib/cli-datadir/user/libraries/arduino-NVM
</pre>
					
					<h4>examples/printLink</h4>
					<p>
						Result: <b>FAIL</b>
					</p>
					<pre class="pre-scrollable">In file included from /home/ec2-user/arduino-testlib/cli-datadir/user/libraries/STools/src/STools.cpp:3:0:
/home/ec2-user/arduino-testlib/cli-datadir/user/libraries/Hello_Drum/src/EEPROM.h:25:10: fatal error: avr/eeprom.h: No such file or directory
 #include &lt;avr/eeprom.h&gt;
          ^~~~~~~~~~~~~~
compilation terminated.
Multiple libraries were found for &#34;EEPROM.h&#34;
  Used: /home/ec2-user/arduino-testlib/cli-datadir/user/libraries/Hello_Drum
  Not used: /home/ec2-user/arduino-testlib/cli-datadir/user/libraries/arduino-NVM
</pre>
					
					<h4>examples/readVcc</h4>
					<p>
						Result: <b>FAIL</b>
					</p>
					<pre class="pre-scrollable">In file included from /home/ec2-user/arduino-testlib/cli-datadir/user/libraries/STools/src/STools.cpp:3:0:
/home/ec2-user/arduino-testlib/cli-datadir/user/libraries/Hello_Drum/src/EEPROM.h:25:10: fatal error: avr/eeprom.h: No such file or directory
 #include &lt;avr/eeprom.h&gt;
          ^~~~~~~~~~~~~~
compilation terminated.
Multiple libraries were found for &#34;EEPROM.h&#34;
  Used: /home/ec2-user/arduino-testlib/cli-datadir/user/libraries/Hello_Drum
  Not used: /home/ec2-user/arduino-testlib/cli-datadir/user/libraries/arduino-NVM
</pre>
					
				
				<h3 id="arduino:megaavr:nona4809">arduino:megaavr:nona4809 @ 1.8.7</h3>
				<h4>Inclusion</h4>
				<p>
					Result: <b>FAIL</b>
					
				</p>
				<pre class="pre-scrollable">/home/ec2-user/arduino-testlib/cli-datadir/user/libraries/STools/src/STools.cpp: In member function &#39;float STools::readVcc()&#39;:
/home/ec2-user/arduino-testlib/cli-datadir/user/libraries/STools/src/STools.cpp:103:5: error: &#39;ADMUX&#39; was not declared in this scope
     ADMUX = _BV(REFS0) | _BV(MUX3) | _BV(MUX2) | _BV(MUX1);
     ^~~~~
In file included from /home/ec2-user/arduino-testlib/cli-datadir/data/packages/arduino/tools/avr-gcc/7.3.0-atmel3.6.1-arduino5/avr/include/avr/io.h:99:0,
                 from /home/ec2-user/arduino-testlib/cli-datadir/data/packages/arduino/tools/avr-gcc/7.3.0-atmel3.6.1-arduino5/avr/include/avr/pgmspace.h:90,
                 from /home/ec2-user/arduino-testlib/cli-datadir/data/packages/arduino/hardware/megaavr/1.8.7/cores/arduino/api/String.h:31,
                 from /home/ec2-user/arduino-testlib/cli-datadir/data/packages/arduino/hardware/megaavr/1.8.7/cores/arduino/api/IPAddress.h:24,
                 from /home/ec2-user/arduino-testlib/cli-datadir/data/packages/arduino/hardware/megaavr/1.8.7/cores/arduino/api/ArduinoAPI.h:30,
                 from /home/ec2-user/arduino-testlib/cli-datadir/data/packages/arduino/hardware/megaavr/1.8.7/cores/arduino/Arduino.h:23,
                 from /home/ec2-user/arduino-testlib/cli-datadir/user/libraries/STools/src/STools.h:3,
                 from /home/ec2-user/arduino-testlib/cli-datadir/user/libraries/STools/src/STools.cpp:1:
/home/ec2-user/arduino-testlib/cli-datadir/user/libraries/STools/src/STools.cpp:103:17: error: &#39;REFS0&#39; was not declared in this scope
     ADMUX = _BV(REFS0) | _BV(MUX3) | _BV(MUX2) | _BV(MUX1);
                 ^
/home/ec2-user/arduino-testlib/cli-datadir/user/libraries/STools/src/STools.cpp:103:17: note: suggested alternative: &#39;VREF_t&#39;
/home/ec2-user/arduino-testlib/cli-datadir/user/libraries/STools/src/STools.cpp:103:30: error: &#39;MUX3&#39; was not declared in this scope
     ADMUX = _BV(REFS0) | _BV(MUX3) | _BV(MUX2) | _BV(MUX1);
                              ^
/home/ec2-user/arduino-testlib/cli-datadir/user/libraries/STools/src/STools.cpp:103:42: error: &#39;MUX2&#39; was not declared in this scope
     ADMUX = _BV(REFS0) | _BV(MUX3) | _BV(MUX2) | _BV(MUX1);
                                          ^
/home/ec2-user/arduino-testlib/cli-datadir/user/libraries/STools/src/STools.cpp:103:54: error: &#39;MUX1&#39; was not declared in this scope
     ADMUX = _BV(REFS0) | _BV(MUX3) | _BV(MUX2) | _BV(MUX1);
                                                      ^
/home/ec2-user/arduino-testlib/cli-datadir/user/libraries/STools/src/STools.cpp:107:3: error: &#39;ADCSRA&#39; was not declared in this scope
   ADCSRA |= _BV(ADSC);
   ^~~~~~
/home/ec2-user/arduino-testlib/cli-datadir/user/libraries/STools/src/STools.cpp:107:3: note: suggested alternative: &#39;ADC_t&#39;
   ADCSRA |= _BV(ADSC);
   ^~~~~~
   ADC_t
In file included from /home/ec2-user/arduino-testlib/cli-datadir/data/packages/arduino/tools/avr-gcc/7.3.0-atmel3.6.1-arduino5/avr/include/avr/io.h:99:0,
                 from /home/ec2-user/arduino-testlib/cli-datadir/data/packages/arduino/tools/avr-gcc/7.3.0-atmel3.6.1-arduino5/avr/include/avr/pgmspace.h:90,
                 from /home/ec2-user/arduino-testlib/cli-datadir/data/packages/arduino/hardware/megaavr/1.8.7/cores/arduino/api/String.h:31,
                 from /home/ec2-user/arduino-testlib/cli-datadir/data/packages/arduino/hardware/megaavr/1.8.7/cores/arduino/api/IPAddress.h:24,
                 from /home/ec2-user/arduino-testlib/cli-datadir/data/packages/arduino/hardware/megaavr/1.8.7/cores/arduino/api/ArduinoAPI.h:30,
                 from /home/ec2-user/arduino-testlib/cli-datadir/data/packages/arduino/hardware/megaavr/1.8.7/cores/arduino/Arduino.h:23,
                 from /home/ec2-user/arduino-testlib/cli-datadir/user/libraries/STools/src/STools.h:3,
                 from /home/ec2-user/arduino-testlib/cli-datadir/user/libraries/STools/src/STools.cpp:1:
/home/ec2-user/arduino-testlib/cli-datadir/user/libraries/STools/src/STools.cpp:107:17: error: &#39;ADSC&#39; was not declared in this scope
   ADCSRA |= _BV(ADSC);
                 ^
/home/ec2-user/arduino-testlib/cli-datadir/user/libraries/STools/src/STools.cpp:107:17: note: suggested alternative: &#39;DDRC&#39;
/home/ec2-user/arduino-testlib/cli-datadir/user/libraries/STools/src/STools.cpp:110:13: error: &#39;ADCL&#39; was not declared in this scope
   lowVcc  = ADCL;
             ^~~~
/home/ec2-user/arduino-testlib/cli-datadir/user/libraries/STools/src/STools.cpp:110:13: note: suggested alternative: &#39;ADC0&#39;
   lowVcc  = ADCL;
             ^~~~
             ADC0
/home/ec2-user/arduino-testlib/cli-datadir/user/libraries/STools/src/STools.cpp:111:13: error: &#39;ADCH&#39; was not declared in this scope
   highVcc = ADCH;
             ^~~~
/home/ec2-user/arduino-testlib/cli-datadir/user/libraries/STools/src/STools.cpp:111:13: note: suggested alternative: &#39;ADC0&#39;
   highVcc = ADCH;
             ^~~~
             ADC0
Multiple libraries were found for &#34;EEPROM.h&#34;
  Used: /home/ec2-user/arduino-testlib/cli-datadir/data/packages/arduino/hardware/megaavr/1.8.7/libraries/EEPROM
  Not used: /home/ec2-user/arduino-testlib/cli-datadir/user/libraries/arduino-NVM
  Not used: /home/ec2-user/arduino-testlib/cli-datadir/user/libraries/Hello_Drum
</pre>

					
					<h4>examples/Button</h4>
					<p>
						Result: <b>FAIL</b>
					</p>
					<pre class="pre-scrollable">/home/ec2-user/arduino-testlib/cli-datadir/user/libraries/STools/src/STools.cpp: In member function &#39;float STools::readVcc()&#39;:
/home/ec2-user/arduino-testlib/cli-datadir/user/libraries/STools/src/STools.cpp:103:5: error: &#39;ADMUX&#39; was not declared in this scope
     ADMUX = _BV(REFS0) | _BV(MUX3) | _BV(MUX2) | _BV(MUX1);
     ^~~~~
In file included from /home/ec2-user/arduino-testlib/cli-datadir/data/packages/arduino/tools/avr-gcc/7.3.0-atmel3.6.1-arduino5/avr/include/avr/io.h:99:0,
                 from /home/ec2-user/arduino-testlib/cli-datadir/data/packages/arduino/tools/avr-gcc/7.3.0-atmel3.6.1-arduino5/avr/include/avr/pgmspace.h:90,
                 from /home/ec2-user/arduino-testlib/cli-datadir/data/packages/arduino/hardware/megaavr/1.8.7/cores/arduino/api/String.h:31,
                 from /home/ec2-user/arduino-testlib/cli-datadir/data/packages/arduino/hardware/megaavr/1.8.7/cores/arduino/api/IPAddress.h:24,
                 from /home/ec2-user/arduino-testlib/cli-datadir/data/packages/arduino/hardware/megaavr/1.8.7/cores/arduino/api/ArduinoAPI.h:30,
                 from /home/ec2-user/arduino-testlib/cli-datadir/data/packages/arduino/hardware/megaavr/1.8.7/cores/arduino/Arduino.h:23,
                 from /home/ec2-user/arduino-testlib/cli-datadir/user/libraries/STools/src/STools.h:3,
                 from /home/ec2-user/arduino-testlib/cli-datadir/user/libraries/STools/src/STools.cpp:1:
/home/ec2-user/arduino-testlib/cli-datadir/user/libraries/STools/src/STools.cpp:103:17: error: &#39;REFS0&#39; was not declared in this scope
     ADMUX = _BV(REFS0) | _BV(MUX3) | _BV(MUX2) | _BV(MUX1);
                 ^
/home/ec2-user/arduino-testlib/cli-datadir/user/libraries/STools/src/STools.cpp:103:17: note: suggested alternative: &#39;VREF_t&#39;
/home/ec2-user/arduino-testlib/cli-datadir/user/libraries/STools/src/STools.cpp:103:30: error: &#39;MUX3&#39; was not declared in this scope
     ADMUX = _BV(REFS0) | _BV(MUX3) | _BV(MUX2) | _BV(MUX1);
                              ^
/home/ec2-user/arduino-testlib/cli-datadir/user/libraries/STools/src/STools.cpp:103:42: error: &#39;MUX2&#39; was not declared in this scope
     ADMUX = _BV(REFS0) | _BV(MUX3) | _BV(MUX2) | _BV(MUX1);
                                          ^
/home/ec2-user/arduino-testlib/cli-datadir/user/libraries/STools/src/STools.cpp:103:54: error: &#39;MUX1&#39; was not declared in this scope
     ADMUX = _BV(REFS0) | _BV(MUX3) | _BV(MUX2) | _BV(MUX1);
                                                      ^
/home/ec2-user/arduino-testlib/cli-datadir/user/libraries/STools/src/STools.cpp:107:3: error: &#39;ADCSRA&#39; was not declared in this scope
   ADCSRA |= _BV(ADSC);
   ^~~~~~
/home/ec2-user/arduino-testlib/cli-datadir/user/libraries/STools/src/STools.cpp:107:3: note: suggested alternative: &#39;ADC_t&#39;
   ADCSRA |= _BV(ADSC);
   ^~~~~~
   ADC_t
In file included from /home/ec2-user/arduino-testlib/cli-datadir/data/packages/arduino/tools/avr-gcc/7.3.0-atmel3.6.1-arduino5/avr/include/avr/io.h:99:0,
                 from /home/ec2-user/arduino-testlib/cli-datadir/data/packages/arduino/tools/avr-gcc/7.3.0-atmel3.6.1-arduino5/avr/include/avr/pgmspace.h:90,
                 from /home/ec2-user/arduino-testlib/cli-datadir/data/packages/arduino/hardware/megaavr/1.8.7/cores/arduino/api/String.h:31,
                 from /home/ec2-user/arduino-testlib/cli-datadir/data/packages/arduino/hardware/megaavr/1.8.7/cores/arduino/api/IPAddress.h:24,
                 from /home/ec2-user/arduino-testlib/cli-datadir/data/packages/arduino/hardware/megaavr/1.8.7/cores/arduino/api/ArduinoAPI.h:30,
                 from /home/ec2-user/arduino-testlib/cli-datadir/data/packages/arduino/hardware/megaavr/1.8.7/cores/arduino/Arduino.h:23,
                 from /home/ec2-user/arduino-testlib/cli-datadir/user/libraries/STools/src/STools.h:3,
                 from /home/ec2-user/arduino-testlib/cli-datadir/user/libraries/STools/src/STools.cpp:1:
/home/ec2-user/arduino-testlib/cli-datadir/user/libraries/STools/src/STools.cpp:107:17: error: &#39;ADSC&#39; was not declared in this scope
   ADCSRA |= _BV(ADSC);
                 ^
/home/ec2-user/arduino-testlib/cli-datadir/user/libraries/STools/src/STools.cpp:107:17: note: suggested alternative: &#39;DDRC&#39;
/home/ec2-user/arduino-testlib/cli-datadir/user/libraries/STools/src/STools.cpp:110:13: error: &#39;ADCL&#39; was not declared in this scope
   lowVcc  = ADCL;
             ^~~~
/home/ec2-user/arduino-testlib/cli-datadir/user/libraries/STools/src/STools.cpp:110:13: note: suggested alternative: &#39;ADC0&#39;
   lowVcc  = ADCL;
             ^~~~
             ADC0
/home/ec2-user/arduino-testlib/cli-datadir/user/libraries/STools/src/STools.cpp:111:13: error: &#39;ADCH&#39; was not declared in this scope
   highVcc = ADCH;
             ^~~~
/home/ec2-user/arduino-testlib/cli-datadir/user/libraries/STools/src/STools.cpp:111:13: note: suggested alternative: &#39;ADC0&#39;
   highVcc = ADCH;
             ^~~~
             ADC0
Multiple libraries were found for &#34;EEPROM.h&#34;
  Used: /home/ec2-user/arduino-testlib/cli-datadir/data/packages/arduino/hardware/megaavr/1.8.7/libraries/EEPROM
  Not used: /home/ec2-user/arduino-testlib/cli-datadir/user/libraries/Hello_Drum
  Not used: /home/ec2-user/arduino-testlib/cli-datadir/user/libraries/arduino-NVM
</pre>
					
					<h4>examples/EasyEEPROM</h4>
					<p>
						Result: <b>FAIL</b>
					</p>
					<pre class="pre-scrollable">/home/ec2-user/arduino-testlib/cli-datadir/user/libraries/STools/src/STools.cpp: In member function &#39;float STools::readVcc()&#39;:
/home/ec2-user/arduino-testlib/cli-datadir/user/libraries/STools/src/STools.cpp:103:5: error: &#39;ADMUX&#39; was not declared in this scope
     ADMUX = _BV(REFS0) | _BV(MUX3) | _BV(MUX2) | _BV(MUX1);
     ^~~~~
In file included from /home/ec2-user/arduino-testlib/cli-datadir/data/packages/arduino/tools/avr-gcc/7.3.0-atmel3.6.1-arduino5/avr/include/avr/io.h:99:0,
                 from /home/ec2-user/arduino-testlib/cli-datadir/data/packages/arduino/tools/avr-gcc/7.3.0-atmel3.6.1-arduino5/avr/include/avr/pgmspace.h:90,
                 from /home/ec2-user/arduino-testlib/cli-datadir/data/packages/arduino/hardware/megaavr/1.8.7/cores/arduino/api/String.h:31,
                 from /home/ec2-user/arduino-testlib/cli-datadir/data/packages/arduino/hardware/megaavr/1.8.7/cores/arduino/api/IPAddress.h:24,
                 from /home/ec2-user/arduino-testlib/cli-datadir/data/packages/arduino/hardware/megaavr/1.8.7/cores/arduino/api/ArduinoAPI.h:30,
                 from /home/ec2-user/arduino-testlib/cli-datadir/data/packages/arduino/hardware/megaavr/1.8.7/cores/arduino/Arduino.h:23,
                 from /home/ec2-user/arduino-testlib/cli-datadir/user/libraries/STools/src/STools.h:3,
                 from /home/ec2-user/arduino-testlib/cli-datadir/user/libraries/STools/src/STools.cpp:1:
/home/ec2-user/arduino-testlib/cli-datadir/user/libraries/STools/src/STools.cpp:103:17: error: &#39;REFS0&#39; was not declared in this scope
     ADMUX = _BV(REFS0) | _BV(MUX3) | _BV(MUX2) | _BV(MUX1);
                 ^
/home/ec2-user/arduino-testlib/cli-datadir/user/libraries/STools/src/STools.cpp:103:17: note: suggested alternative: &#39;VREF_t&#39;
/home/ec2-user/arduino-testlib/cli-datadir/user/libraries/STools/src/STools.cpp:103:30: error: &#39;MUX3&#39; was not declared in this scope
     ADMUX = _BV(REFS0) | _BV(MUX3) | _BV(MUX2) | _BV(MUX1);
                              ^
/home/ec2-user/arduino-testlib/cli-datadir/user/libraries/STools/src/STools.cpp:103:42: error: &#39;MUX2&#39; was not declared in this scope
     ADMUX = _BV(REFS0) | _BV(MUX3) | _BV(MUX2) | _BV(MUX1);
                                          ^
/home/ec2-user/arduino-testlib/cli-datadir/user/libraries/STools/src/STools.cpp:103:54: error: &#39;MUX1&#39; was not declared in this scope
     ADMUX = _BV(REFS0) | _BV(MUX3) | _BV(MUX2) | _BV(MUX1);
                                                      ^
/home/ec2-user/arduino-testlib/cli-datadir/user/libraries/STools/src/STools.cpp:107:3: error: &#39;ADCSRA&#39; was not declared in this scope
   ADCSRA |= _BV(ADSC);
   ^~~~~~
/home/ec2-user/arduino-testlib/cli-datadir/user/libraries/STools/src/STools.cpp:107:3: note: suggested alternative: &#39;ADC_t&#39;
   ADCSRA |= _BV(ADSC);
   ^~~~~~
   ADC_t
In file included from /home/ec2-user/arduino-testlib/cli-datadir/data/packages/arduino/tools/avr-gcc/7.3.0-atmel3.6.1-arduino5/avr/include/avr/io.h:99:0,
                 from /home/ec2-user/arduino-testlib/cli-datadir/data/packages/arduino/tools/avr-gcc/7.3.0-atmel3.6.1-arduino5/avr/include/avr/pgmspace.h:90,
                 from /home/ec2-user/arduino-testlib/cli-datadir/data/packages/arduino/hardware/megaavr/1.8.7/cores/arduino/api/String.h:31,
                 from /home/ec2-user/arduino-testlib/cli-datadir/data/packages/arduino/hardware/megaavr/1.8.7/cores/arduino/api/IPAddress.h:24,
                 from /home/ec2-user/arduino-testlib/cli-datadir/data/packages/arduino/hardware/megaavr/1.8.7/cores/arduino/api/ArduinoAPI.h:30,
                 from /home/ec2-user/arduino-testlib/cli-datadir/data/packages/arduino/hardware/megaavr/1.8.7/cores/arduino/Arduino.h:23,
                 from /home/ec2-user/arduino-testlib/cli-datadir/user/libraries/STools/src/STools.h:3,
                 from /home/ec2-user/arduino-testlib/cli-datadir/user/libraries/STools/src/STools.cpp:1:
/home/ec2-user/arduino-testlib/cli-datadir/user/libraries/STools/src/STools.cpp:107:17: error: &#39;ADSC&#39; was not declared in this scope
   ADCSRA |= _BV(ADSC);
                 ^
/home/ec2-user/arduino-testlib/cli-datadir/user/libraries/STools/src/STools.cpp:107:17: note: suggested alternative: &#39;DDRC&#39;
/home/ec2-user/arduino-testlib/cli-datadir/user/libraries/STools/src/STools.cpp:110:13: error: &#39;ADCL&#39; was not declared in this scope
   lowVcc  = ADCL;
             ^~~~
/home/ec2-user/arduino-testlib/cli-datadir/user/libraries/STools/src/STools.cpp:110:13: note: suggested alternative: &#39;ADC0&#39;
   lowVcc  = ADCL;
             ^~~~
             ADC0
/home/ec2-user/arduino-testlib/cli-datadir/user/libraries/STools/src/STools.cpp:111:13: error: &#39;ADCH&#39; was not declared in this scope
   highVcc = ADCH;
             ^~~~
/home/ec2-user/arduino-testlib/cli-datadir/user/libraries/STools/src/STools.cpp:111:13: note: suggested alternative: &#39;ADC0&#39;
   highVcc = ADCH;
             ^~~~
             ADC0
Multiple libraries were found for &#34;EEPROM.h&#34;
  Used: /home/ec2-user/arduino-testlib/cli-datadir/data/packages/arduino/hardware/megaavr/1.8.7/libraries/EEPROM
  Not used: /home/ec2-user/arduino-testlib/cli-datadir/user/libraries/arduino-NVM
  Not used: /home/ec2-user/arduino-testlib/cli-datadir/user/libraries/Hello_Drum
</pre>
					
					<h4>examples/Encoder</h4>
					<p>
						Result: <b>FAIL</b>
					</p>
					<pre class="pre-scrollable">/home/ec2-user/arduino-testlib/cli-datadir/user/libraries/STools/src/STools.cpp: In member function &#39;float STools::readVcc()&#39;:
/home/ec2-user/arduino-testlib/cli-datadir/user/libraries/STools/src/STools.cpp:103:5: error: &#39;ADMUX&#39; was not declared in this scope
     ADMUX = _BV(REFS0) | _BV(MUX3) | _BV(MUX2) | _BV(MUX1);
     ^~~~~
In file included from /home/ec2-user/arduino-testlib/cli-datadir/data/packages/arduino/tools/avr-gcc/7.3.0-atmel3.6.1-arduino5/avr/include/avr/io.h:99:0,
                 from /home/ec2-user/arduino-testlib/cli-datadir/data/packages/arduino/tools/avr-gcc/7.3.0-atmel3.6.1-arduino5/avr/include/avr/pgmspace.h:90,
                 from /home/ec2-user/arduino-testlib/cli-datadir/data/packages/arduino/hardware/megaavr/1.8.7/cores/arduino/api/String.h:31,
                 from /home/ec2-user/arduino-testlib/cli-datadir/data/packages/arduino/hardware/megaavr/1.8.7/cores/arduino/api/IPAddress.h:24,
                 from /home/ec2-user/arduino-testlib/cli-datadir/data/packages/arduino/hardware/megaavr/1.8.7/cores/arduino/api/ArduinoAPI.h:30,
                 from /home/ec2-user/arduino-testlib/cli-datadir/data/packages/arduino/hardware/megaavr/1.8.7/cores/arduino/Arduino.h:23,
                 from /home/ec2-user/arduino-testlib/cli-datadir/user/libraries/STools/src/STools.h:3,
                 from /home/ec2-user/arduino-testlib/cli-datadir/user/libraries/STools/src/STools.cpp:1:
/home/ec2-user/arduino-testlib/cli-datadir/user/libraries/STools/src/STools.cpp:103:17: error: &#39;REFS0&#39; was not declared in this scope
     ADMUX = _BV(REFS0) | _BV(MUX3) | _BV(MUX2) | _BV(MUX1);
                 ^
/home/ec2-user/arduino-testlib/cli-datadir/user/libraries/STools/src/STools.cpp:103:17: note: suggested alternative: &#39;VREF_t&#39;
/home/ec2-user/arduino-testlib/cli-datadir/user/libraries/STools/src/STools.cpp:103:30: error: &#39;MUX3&#39; was not declared in this scope
     ADMUX = _BV(REFS0) | _BV(MUX3) | _BV(MUX2) | _BV(MUX1);
                              ^
/home/ec2-user/arduino-testlib/cli-datadir/user/libraries/STools/src/STools.cpp:103:42: error: &#39;MUX2&#39; was not declared in this scope
     ADMUX = _BV(REFS0) | _BV(MUX3) | _BV(MUX2) | _BV(MUX1);
                                          ^
/home/ec2-user/arduino-testlib/cli-datadir/user/libraries/STools/src/STools.cpp:103:54: error: &#39;MUX1&#39; was not declared in this scope
     ADMUX = _BV(REFS0) | _BV(MUX3) | _BV(MUX2) | _BV(MUX1);
                                                      ^
/home/ec2-user/arduino-testlib/cli-datadir/user/libraries/STools/src/STools.cpp:107:3: error: &#39;ADCSRA&#39; was not declared in this scope
   ADCSRA |= _BV(ADSC);
   ^~~~~~
/home/ec2-user/arduino-testlib/cli-datadir/user/libraries/STools/src/STools.cpp:107:3: note: suggested alternative: &#39;ADC_t&#39;
   ADCSRA |= _BV(ADSC);
   ^~~~~~
   ADC_t
In file included from /home/ec2-user/arduino-testlib/cli-datadir/data/packages/arduino/tools/avr-gcc/7.3.0-atmel3.6.1-arduino5/avr/include/avr/io.h:99:0,
                 from /home/ec2-user/arduino-testlib/cli-datadir/data/packages/arduino/tools/avr-gcc/7.3.0-atmel3.6.1-arduino5/avr/include/avr/pgmspace.h:90,
                 from /home/ec2-user/arduino-testlib/cli-datadir/data/packages/arduino/hardware/megaavr/1.8.7/cores/arduino/api/String.h:31,
                 from /home/ec2-user/arduino-testlib/cli-datadir/data/packages/arduino/hardware/megaavr/1.8.7/cores/arduino/api/IPAddress.h:24,
                 from /home/ec2-user/arduino-testlib/cli-datadir/data/packages/arduino/hardware/megaavr/1.8.7/cores/arduino/api/ArduinoAPI.h:30,
                 from /home/ec2-user/arduino-testlib/cli-datadir/data/packages/arduino/hardware/megaavr/1.8.7/cores/arduino/Arduino.h:23,
                 from /home/ec2-user/arduino-testlib/cli-datadir/user/libraries/STools/src/STools.h:3,
                 from /home/ec2-user/arduino-testlib/cli-datadir/user/libraries/STools/src/STools.cpp:1:
/home/ec2-user/arduino-testlib/cli-datadir/user/libraries/STools/src/STools.cpp:107:17: error: &#39;ADSC&#39; was not declared in this scope
   ADCSRA |= _BV(ADSC);
                 ^
/home/ec2-user/arduino-testlib/cli-datadir/user/libraries/STools/src/STools.cpp:107:17: note: suggested alternative: &#39;DDRC&#39;
/home/ec2-user/arduino-testlib/cli-datadir/user/libraries/STools/src/STools.cpp:110:13: error: &#39;ADCL&#39; was not declared in this scope
   lowVcc  = ADCL;
             ^~~~
/home/ec2-user/arduino-testlib/cli-datadir/user/libraries/STools/src/STools.cpp:110:13: note: suggested alternative: &#39;ADC0&#39;
   lowVcc  = ADCL;
             ^~~~
             ADC0
/home/ec2-user/arduino-testlib/cli-datadir/user/libraries/STools/src/STools.cpp:111:13: error: &#39;ADCH&#39; was not declared in this scope
   highVcc = ADCH;
             ^~~~
/home/ec2-user/arduino-testlib/cli-datadir/user/libraries/STools/src/STools.cpp:111:13: note: suggested alternative: &#39;ADC0&#39;
   highVcc = ADCH;
             ^~~~
             ADC0
Multiple libraries were found for &#34;EEPROM.h&#34;
  Used: /home/ec2-user/arduino-testlib/cli-datadir/data/packages/arduino/hardware/megaavr/1.8.7/libraries/EEPROM
  Not used: /home/ec2-user/arduino-testlib/cli-datadir/user/libraries/Hello_Drum
  Not used: /home/ec2-user/arduino-testlib/cli-datadir/user/libraries/arduino-NVM
</pre>
					
					<h4>examples/SensorCalibration</h4>
					<p>
						Result: <b>FAIL</b>
					</p>
					<pre class="pre-scrollable">/home/ec2-user/arduino-testlib/cli-datadir/user/libraries/STools/src/STools.cpp: In member function &#39;float STools::readVcc()&#39;:
/home/ec2-user/arduino-testlib/cli-datadir/user/libraries/STools/src/STools.cpp:103:5: error: &#39;ADMUX&#39; was not declared in this scope
     ADMUX = _BV(REFS0) | _BV(MUX3) | _BV(MUX2) | _BV(MUX1);
     ^~~~~
In file included from /home/ec2-user/arduino-testlib/cli-datadir/data/packages/arduino/tools/avr-gcc/7.3.0-atmel3.6.1-arduino5/avr/include/avr/io.h:99:0,
                 from /home/ec2-user/arduino-testlib/cli-datadir/data/packages/arduino/tools/avr-gcc/7.3.0-atmel3.6.1-arduino5/avr/include/avr/pgmspace.h:90,
                 from /home/ec2-user/arduino-testlib/cli-datadir/data/packages/arduino/hardware/megaavr/1.8.7/cores/arduino/api/String.h:31,
                 from /home/ec2-user/arduino-testlib/cli-datadir/data/packages/arduino/hardware/megaavr/1.8.7/cores/arduino/api/IPAddress.h:24,
                 from /home/ec2-user/arduino-testlib/cli-datadir/data/packages/arduino/hardware/megaavr/1.8.7/cores/arduino/api/ArduinoAPI.h:30,
                 from /home/ec2-user/arduino-testlib/cli-datadir/data/packages/arduino/hardware/megaavr/1.8.7/cores/arduino/Arduino.h:23,
                 from /home/ec2-user/arduino-testlib/cli-datadir/user/libraries/STools/src/STools.h:3,
                 from /home/ec2-user/arduino-testlib/cli-datadir/user/libraries/STools/src/STools.cpp:1:
/home/ec2-user/arduino-testlib/cli-datadir/user/libraries/STools/src/STools.cpp:103:17: error: &#39;REFS0&#39; was not declared in this scope
     ADMUX = _BV(REFS0) | _BV(MUX3) | _BV(MUX2) | _BV(MUX1);
                 ^
/home/ec2-user/arduino-testlib/cli-datadir/user/libraries/STools/src/STools.cpp:103:17: note: suggested alternative: &#39;VREF_t&#39;
/home/ec2-user/arduino-testlib/cli-datadir/user/libraries/STools/src/STools.cpp:103:30: error: &#39;MUX3&#39; was not declared in this scope
     ADMUX = _BV(REFS0) | _BV(MUX3) | _BV(MUX2) | _BV(MUX1);
                              ^
/home/ec2-user/arduino-testlib/cli-datadir/user/libraries/STools/src/STools.cpp:103:42: error: &#39;MUX2&#39; was not declared in this scope
     ADMUX = _BV(REFS0) | _BV(MUX3) | _BV(MUX2) | _BV(MUX1);
                                          ^
/home/ec2-user/arduino-testlib/cli-datadir/user/libraries/STools/src/STools.cpp:103:54: error: &#39;MUX1&#39; was not declared in this scope
     ADMUX = _BV(REFS0) | _BV(MUX3) | _BV(MUX2) | _BV(MUX1);
                                                      ^
/home/ec2-user/arduino-testlib/cli-datadir/user/libraries/STools/src/STools.cpp:107:3: error: &#39;ADCSRA&#39; was not declared in this scope
   ADCSRA |= _BV(ADSC);
   ^~~~~~
/home/ec2-user/arduino-testlib/cli-datadir/user/libraries/STools/src/STools.cpp:107:3: note: suggested alternative: &#39;ADC_t&#39;
   ADCSRA |= _BV(ADSC);
   ^~~~~~
   ADC_t
In file included from /home/ec2-user/arduino-testlib/cli-datadir/data/packages/arduino/tools/avr-gcc/7.3.0-atmel3.6.1-arduino5/avr/include/avr/io.h:99:0,
                 from /home/ec2-user/arduino-testlib/cli-datadir/data/packages/arduino/tools/avr-gcc/7.3.0-atmel3.6.1-arduino5/avr/include/avr/pgmspace.h:90,
                 from /home/ec2-user/arduino-testlib/cli-datadir/data/packages/arduino/hardware/megaavr/1.8.7/cores/arduino/api/String.h:31,
                 from /home/ec2-user/arduino-testlib/cli-datadir/data/packages/arduino/hardware/megaavr/1.8.7/cores/arduino/api/IPAddress.h:24,
                 from /home/ec2-user/arduino-testlib/cli-datadir/data/packages/arduino/hardware/megaavr/1.8.7/cores/arduino/api/ArduinoAPI.h:30,
                 from /home/ec2-user/arduino-testlib/cli-datadir/data/packages/arduino/hardware/megaavr/1.8.7/cores/arduino/Arduino.h:23,
                 from /home/ec2-user/arduino-testlib/cli-datadir/user/libraries/STools/src/STools.h:3,
                 from /home/ec2-user/arduino-testlib/cli-datadir/user/libraries/STools/src/STools.cpp:1:
/home/ec2-user/arduino-testlib/cli-datadir/user/libraries/STools/src/STools.cpp:107:17: error: &#39;ADSC&#39; was not declared in this scope
   ADCSRA |= _BV(ADSC);
                 ^
/home/ec2-user/arduino-testlib/cli-datadir/user/libraries/STools/src/STools.cpp:107:17: note: suggested alternative: &#39;DDRC&#39;
/home/ec2-user/arduino-testlib/cli-datadir/user/libraries/STools/src/STools.cpp:110:13: error: &#39;ADCL&#39; was not declared in this scope
   lowVcc  = ADCL;
             ^~~~
/home/ec2-user/arduino-testlib/cli-datadir/user/libraries/STools/src/STools.cpp:110:13: note: suggested alternative: &#39;ADC0&#39;
   lowVcc  = ADCL;
             ^~~~
             ADC0
/home/ec2-user/arduino-testlib/cli-datadir/user/libraries/STools/src/STools.cpp:111:13: error: &#39;ADCH&#39; was not declared in this scope
   highVcc = ADCH;
             ^~~~
/home/ec2-user/arduino-testlib/cli-datadir/user/libraries/STools/src/STools.cpp:111:13: note: suggested alternative: &#39;ADC0&#39;
   highVcc = ADCH;
             ^~~~
             ADC0
Multiple libraries were found for &#34;EEPROM.h&#34;
  Used: /home/ec2-user/arduino-testlib/cli-datadir/data/packages/arduino/hardware/megaavr/1.8.7/libraries/EEPROM
  Not used: /home/ec2-user/arduino-testlib/cli-datadir/user/libraries/Hello_Drum
  Not used: /home/ec2-user/arduino-testlib/cli-datadir/user/libraries/arduino-NVM
</pre>
					
					<h4>examples/Thermistor</h4>
					<p>
						Result: <b>FAIL</b>
					</p>
					<pre class="pre-scrollable">/home/ec2-user/arduino-testlib/cli-datadir/user/libraries/STools/src/STools.cpp: In member function &#39;float STools::readVcc()&#39;:
/home/ec2-user/arduino-testlib/cli-datadir/user/libraries/STools/src/STools.cpp:103:5: error: &#39;ADMUX&#39; was not declared in this scope
     ADMUX = _BV(REFS0) | _BV(MUX3) | _BV(MUX2) | _BV(MUX1);
     ^~~~~
In file included from /home/ec2-user/arduino-testlib/cli-datadir/data/packages/arduino/tools/avr-gcc/7.3.0-atmel3.6.1-arduino5/avr/include/avr/io.h:99:0,
                 from /home/ec2-user/arduino-testlib/cli-datadir/data/packages/arduino/tools/avr-gcc/7.3.0-atmel3.6.1-arduino5/avr/include/avr/pgmspace.h:90,
                 from /home/ec2-user/arduino-testlib/cli-datadir/data/packages/arduino/hardware/megaavr/1.8.7/cores/arduino/api/String.h:31,
                 from /home/ec2-user/arduino-testlib/cli-datadir/data/packages/arduino/hardware/megaavr/1.8.7/cores/arduino/api/IPAddress.h:24,
                 from /home/ec2-user/arduino-testlib/cli-datadir/data/packages/arduino/hardware/megaavr/1.8.7/cores/arduino/api/ArduinoAPI.h:30,
                 from /home/ec2-user/arduino-testlib/cli-datadir/data/packages/arduino/hardware/megaavr/1.8.7/cores/arduino/Arduino.h:23,
                 from /home/ec2-user/arduino-testlib/cli-datadir/user/libraries/STools/src/STools.h:3,
                 from /home/ec2-user/arduino-testlib/cli-datadir/user/libraries/STools/src/STools.cpp:1:
/home/ec2-user/arduino-testlib/cli-datadir/user/libraries/STools/src/STools.cpp:103:17: error: &#39;REFS0&#39; was not declared in this scope
     ADMUX = _BV(REFS0) | _BV(MUX3) | _BV(MUX2) | _BV(MUX1);
                 ^
/home/ec2-user/arduino-testlib/cli-datadir/user/libraries/STools/src/STools.cpp:103:17: note: suggested alternative: &#39;VREF_t&#39;
/home/ec2-user/arduino-testlib/cli-datadir/user/libraries/STools/src/STools.cpp:103:30: error: &#39;MUX3&#39; was not declared in this scope
     ADMUX = _BV(REFS0) | _BV(MUX3) | _BV(MUX2) | _BV(MUX1);
                              ^
/home/ec2-user/arduino-testlib/cli-datadir/user/libraries/STools/src/STools.cpp:103:42: error: &#39;MUX2&#39; was not declared in this scope
     ADMUX = _BV(REFS0) | _BV(MUX3) | _BV(MUX2) | _BV(MUX1);
                                          ^
/home/ec2-user/arduino-testlib/cli-datadir/user/libraries/STools/src/STools.cpp:103:54: error: &#39;MUX1&#39; was not declared in this scope
     ADMUX = _BV(REFS0) | _BV(MUX3) | _BV(MUX2) | _BV(MUX1);
                                                      ^
/home/ec2-user/arduino-testlib/cli-datadir/user/libraries/STools/src/STools.cpp:107:3: error: &#39;ADCSRA&#39; was not declared in this scope
   ADCSRA |= _BV(ADSC);
   ^~~~~~
/home/ec2-user/arduino-testlib/cli-datadir/user/libraries/STools/src/STools.cpp:107:3: note: suggested alternative: &#39;ADC_t&#39;
   ADCSRA |= _BV(ADSC);
   ^~~~~~
   ADC_t
In file included from /home/ec2-user/arduino-testlib/cli-datadir/data/packages/arduino/tools/avr-gcc/7.3.0-atmel3.6.1-arduino5/avr/include/avr/io.h:99:0,
                 from /home/ec2-user/arduino-testlib/cli-datadir/data/packages/arduino/tools/avr-gcc/7.3.0-atmel3.6.1-arduino5/avr/include/avr/pgmspace.h:90,
                 from /home/ec2-user/arduino-testlib/cli-datadir/data/packages/arduino/hardware/megaavr/1.8.7/cores/arduino/api/String.h:31,
                 from /home/ec2-user/arduino-testlib/cli-datadir/data/packages/arduino/hardware/megaavr/1.8.7/cores/arduino/api/IPAddress.h:24,
                 from /home/ec2-user/arduino-testlib/cli-datadir/data/packages/arduino/hardware/megaavr/1.8.7/cores/arduino/api/ArduinoAPI.h:30,
                 from /home/ec2-user/arduino-testlib/cli-datadir/data/packages/arduino/hardware/megaavr/1.8.7/cores/arduino/Arduino.h:23,
                 from /home/ec2-user/arduino-testlib/cli-datadir/user/libraries/STools/src/STools.h:3,
                 from /home/ec2-user/arduino-testlib/cli-datadir/user/libraries/STools/src/STools.cpp:1:
/home/ec2-user/arduino-testlib/cli-datadir/user/libraries/STools/src/STools.cpp:107:17: error: &#39;ADSC&#39; was not declared in this scope
   ADCSRA |= _BV(ADSC);
                 ^
/home/ec2-user/arduino-testlib/cli-datadir/user/libraries/STools/src/STools.cpp:107:17: note: suggested alternative: &#39;DDRC&#39;
/home/ec2-user/arduino-testlib/cli-datadir/user/libraries/STools/src/STools.cpp:110:13: error: &#39;ADCL&#39; was not declared in this scope
   lowVcc  = ADCL;
             ^~~~
/home/ec2-user/arduino-testlib/cli-datadir/user/libraries/STools/src/STools.cpp:110:13: note: suggested alternative: &#39;ADC0&#39;
   lowVcc  = ADCL;
             ^~~~
             ADC0
/home/ec2-user/arduino-testlib/cli-datadir/user/libraries/STools/src/STools.cpp:111:13: error: &#39;ADCH&#39; was not declared in this scope
   highVcc = ADCH;
             ^~~~
/home/ec2-user/arduino-testlib/cli-datadir/user/libraries/STools/src/STools.cpp:111:13: note: suggested alternative: &#39;ADC0&#39;
   highVcc = ADCH;
             ^~~~
             ADC0
Multiple libraries were found for &#34;EEPROM.h&#34;
  Used: /home/ec2-user/arduino-testlib/cli-datadir/data/packages/arduino/hardware/megaavr/1.8.7/libraries/EEPROM
  Not used: /home/ec2-user/arduino-testlib/cli-datadir/user/libraries/arduino-NVM
  Not used: /home/ec2-user/arduino-testlib/cli-datadir/user/libraries/Hello_Drum
</pre>
					
					<h4>examples/printLink</h4>
					<p>
						Result: <b>FAIL</b>
					</p>
					<pre class="pre-scrollable">/home/ec2-user/arduino-testlib/cli-datadir/user/libraries/STools/src/STools.cpp: In member function &#39;float STools::readVcc()&#39;:
/home/ec2-user/arduino-testlib/cli-datadir/user/libraries/STools/src/STools.cpp:103:5: error: &#39;ADMUX&#39; was not declared in this scope
     ADMUX = _BV(REFS0) | _BV(MUX3) | _BV(MUX2) | _BV(MUX1);
     ^~~~~
In file included from /home/ec2-user/arduino-testlib/cli-datadir/data/packages/arduino/tools/avr-gcc/7.3.0-atmel3.6.1-arduino5/avr/include/avr/io.h:99:0,
                 from /home/ec2-user/arduino-testlib/cli-datadir/data/packages/arduino/tools/avr-gcc/7.3.0-atmel3.6.1-arduino5/avr/include/avr/pgmspace.h:90,
                 from /home/ec2-user/arduino-testlib/cli-datadir/data/packages/arduino/hardware/megaavr/1.8.7/cores/arduino/api/String.h:31,
                 from /home/ec2-user/arduino-testlib/cli-datadir/data/packages/arduino/hardware/megaavr/1.8.7/cores/arduino/api/IPAddress.h:24,
                 from /home/ec2-user/arduino-testlib/cli-datadir/data/packages/arduino/hardware/megaavr/1.8.7/cores/arduino/api/ArduinoAPI.h:30,
                 from /home/ec2-user/arduino-testlib/cli-datadir/data/packages/arduino/hardware/megaavr/1.8.7/cores/arduino/Arduino.h:23,
                 from /home/ec2-user/arduino-testlib/cli-datadir/user/libraries/STools/src/STools.h:3,
                 from /home/ec2-user/arduino-testlib/cli-datadir/user/libraries/STools/src/STools.cpp:1:
/home/ec2-user/arduino-testlib/cli-datadir/user/libraries/STools/src/STools.cpp:103:17: error: &#39;REFS0&#39; was not declared in this scope
     ADMUX = _BV(REFS0) | _BV(MUX3) | _BV(MUX2) | _BV(MUX1);
                 ^
/home/ec2-user/arduino-testlib/cli-datadir/user/libraries/STools/src/STools.cpp:103:17: note: suggested alternative: &#39;VREF_t&#39;
/home/ec2-user/arduino-testlib/cli-datadir/user/libraries/STools/src/STools.cpp:103:30: error: &#39;MUX3&#39; was not declared in this scope
     ADMUX = _BV(REFS0) | _BV(MUX3) | _BV(MUX2) | _BV(MUX1);
                              ^
/home/ec2-user/arduino-testlib/cli-datadir/user/libraries/STools/src/STools.cpp:103:42: error: &#39;MUX2&#39; was not declared in this scope
     ADMUX = _BV(REFS0) | _BV(MUX3) | _BV(MUX2) | _BV(MUX1);
                                          ^
/home/ec2-user/arduino-testlib/cli-datadir/user/libraries/STools/src/STools.cpp:103:54: error: &#39;MUX1&#39; was not declared in this scope
     ADMUX = _BV(REFS0) | _BV(MUX3) | _BV(MUX2) | _BV(MUX1);
                                                      ^
/home/ec2-user/arduino-testlib/cli-datadir/user/libraries/STools/src/STools.cpp:107:3: error: &#39;ADCSRA&#39; was not declared in this scope
   ADCSRA |= _BV(ADSC);
   ^~~~~~
/home/ec2-user/arduino-testlib/cli-datadir/user/libraries/STools/src/STools.cpp:107:3: note: suggested alternative: &#39;ADC_t&#39;
   ADCSRA |= _BV(ADSC);
   ^~~~~~
   ADC_t
In file included from /home/ec2-user/arduino-testlib/cli-datadir/data/packages/arduino/tools/avr-gcc/7.3.0-atmel3.6.1-arduino5/avr/include/avr/io.h:99:0,
                 from /home/ec2-user/arduino-testlib/cli-datadir/data/packages/arduino/tools/avr-gcc/7.3.0-atmel3.6.1-arduino5/avr/include/avr/pgmspace.h:90,
                 from /home/ec2-user/arduino-testlib/cli-datadir/data/packages/arduino/hardware/megaavr/1.8.7/cores/arduino/api/String.h:31,
                 from /home/ec2-user/arduino-testlib/cli-datadir/data/packages/arduino/hardware/megaavr/1.8.7/cores/arduino/api/IPAddress.h:24,
                 from /home/ec2-user/arduino-testlib/cli-datadir/data/packages/arduino/hardware/megaavr/1.8.7/cores/arduino/api/ArduinoAPI.h:30,
                 from /home/ec2-user/arduino-testlib/cli-datadir/data/packages/arduino/hardware/megaavr/1.8.7/cores/arduino/Arduino.h:23,
                 from /home/ec2-user/arduino-testlib/cli-datadir/user/libraries/STools/src/STools.h:3,
                 from /home/ec2-user/arduino-testlib/cli-datadir/user/libraries/STools/src/STools.cpp:1:
/home/ec2-user/arduino-testlib/cli-datadir/user/libraries/STools/src/STools.cpp:107:17: error: &#39;ADSC&#39; was not declared in this scope
   ADCSRA |= _BV(ADSC);
                 ^
/home/ec2-user/arduino-testlib/cli-datadir/user/libraries/STools/src/STools.cpp:107:17: note: suggested alternative: &#39;DDRC&#39;
/home/ec2-user/arduino-testlib/cli-datadir/user/libraries/STools/src/STools.cpp:110:13: error: &#39;ADCL&#39; was not declared in this scope
   lowVcc  = ADCL;
             ^~~~
/home/ec2-user/arduino-testlib/cli-datadir/user/libraries/STools/src/STools.cpp:110:13: note: suggested alternative: &#39;ADC0&#39;
   lowVcc  = ADCL;
             ^~~~
             ADC0
/home/ec2-user/arduino-testlib/cli-datadir/user/libraries/STools/src/STools.cpp:111:13: error: &#39;ADCH&#39; was not declared in this scope
   highVcc = ADCH;
             ^~~~
/home/ec2-user/arduino-testlib/cli-datadir/user/libraries/STools/src/STools.cpp:111:13: note: suggested alternative: &#39;ADC0&#39;
   highVcc = ADCH;
             ^~~~
             ADC0
Multiple libraries were found for &#34;EEPROM.h&#34;
  Used: /home/ec2-user/arduino-testlib/cli-datadir/data/packages/arduino/hardware/megaavr/1.8.7/libraries/EEPROM
  Not used: /home/ec2-user/arduino-testlib/cli-datadir/user/libraries/Hello_Drum
  Not used: /home/ec2-user/arduino-testlib/cli-datadir/user/libraries/arduino-NVM
</pre>
					
					<h4>examples/readVcc</h4>
					<p>
						Result: <b>FAIL</b>
					</p>
					<pre class="pre-scrollable">/home/ec2-user/arduino-testlib/cli-datadir/user/libraries/STools/src/STools.cpp: In member function &#39;float STools::readVcc()&#39;:
/home/ec2-user/arduino-testlib/cli-datadir/user/libraries/STools/src/STools.cpp:103:5: error: &#39;ADMUX&#39; was not declared in this scope
     ADMUX = _BV(REFS0) | _BV(MUX3) | _BV(MUX2) | _BV(MUX1);
     ^~~~~
In file included from /home/ec2-user/arduino-testlib/cli-datadir/data/packages/arduino/tools/avr-gcc/7.3.0-atmel3.6.1-arduino5/avr/include/avr/io.h:99:0,
                 from /home/ec2-user/arduino-testlib/cli-datadir/data/packages/arduino/tools/avr-gcc/7.3.0-atmel3.6.1-arduino5/avr/include/avr/pgmspace.h:90,
                 from /home/ec2-user/arduino-testlib/cli-datadir/data/packages/arduino/hardware/megaavr/1.8.7/cores/arduino/api/String.h:31,
                 from /home/ec2-user/arduino-testlib/cli-datadir/data/packages/arduino/hardware/megaavr/1.8.7/cores/arduino/api/IPAddress.h:24,
                 from /home/ec2-user/arduino-testlib/cli-datadir/data/packages/arduino/hardware/megaavr/1.8.7/cores/arduino/api/ArduinoAPI.h:30,
                 from /home/ec2-user/arduino-testlib/cli-datadir/data/packages/arduino/hardware/megaavr/1.8.7/cores/arduino/Arduino.h:23,
                 from /home/ec2-user/arduino-testlib/cli-datadir/user/libraries/STools/src/STools.h:3,
                 from /home/ec2-user/arduino-testlib/cli-datadir/user/libraries/STools/src/STools.cpp:1:
/home/ec2-user/arduino-testlib/cli-datadir/user/libraries/STools/src/STools.cpp:103:17: error: &#39;REFS0&#39; was not declared in this scope
     ADMUX = _BV(REFS0) | _BV(MUX3) | _BV(MUX2) | _BV(MUX1);
                 ^
/home/ec2-user/arduino-testlib/cli-datadir/user/libraries/STools/src/STools.cpp:103:17: note: suggested alternative: &#39;VREF_t&#39;
/home/ec2-user/arduino-testlib/cli-datadir/user/libraries/STools/src/STools.cpp:103:30: error: &#39;MUX3&#39; was not declared in this scope
     ADMUX = _BV(REFS0) | _BV(MUX3) | _BV(MUX2) | _BV(MUX1);
                              ^
/home/ec2-user/arduino-testlib/cli-datadir/user/libraries/STools/src/STools.cpp:103:42: error: &#39;MUX2&#39; was not declared in this scope
     ADMUX = _BV(REFS0) | _BV(MUX3) | _BV(MUX2) | _BV(MUX1);
                                          ^
/home/ec2-user/arduino-testlib/cli-datadir/user/libraries/STools/src/STools.cpp:103:54: error: &#39;MUX1&#39; was not declared in this scope
     ADMUX = _BV(REFS0) | _BV(MUX3) | _BV(MUX2) | _BV(MUX1);
                                                      ^
/home/ec2-user/arduino-testlib/cli-datadir/user/libraries/STools/src/STools.cpp:107:3: error: &#39;ADCSRA&#39; was not declared in this scope
   ADCSRA |= _BV(ADSC);
   ^~~~~~
/home/ec2-user/arduino-testlib/cli-datadir/user/libraries/STools/src/STools.cpp:107:3: note: suggested alternative: &#39;ADC_t&#39;
   ADCSRA |= _BV(ADSC);
   ^~~~~~
   ADC_t
In file included from /home/ec2-user/arduino-testlib/cli-datadir/data/packages/arduino/tools/avr-gcc/7.3.0-atmel3.6.1-arduino5/avr/include/avr/io.h:99:0,
                 from /home/ec2-user/arduino-testlib/cli-datadir/data/packages/arduino/tools/avr-gcc/7.3.0-atmel3.6.1-arduino5/avr/include/avr/pgmspace.h:90,
                 from /home/ec2-user/arduino-testlib/cli-datadir/data/packages/arduino/hardware/megaavr/1.8.7/cores/arduino/api/String.h:31,
                 from /home/ec2-user/arduino-testlib/cli-datadir/data/packages/arduino/hardware/megaavr/1.8.7/cores/arduino/api/IPAddress.h:24,
                 from /home/ec2-user/arduino-testlib/cli-datadir/data/packages/arduino/hardware/megaavr/1.8.7/cores/arduino/api/ArduinoAPI.h:30,
                 from /home/ec2-user/arduino-testlib/cli-datadir/data/packages/arduino/hardware/megaavr/1.8.7/cores/arduino/Arduino.h:23,
                 from /home/ec2-user/arduino-testlib/cli-datadir/user/libraries/STools/src/STools.h:3,
                 from /home/ec2-user/arduino-testlib/cli-datadir/user/libraries/STools/src/STools.cpp:1:
/home/ec2-user/arduino-testlib/cli-datadir/user/libraries/STools/src/STools.cpp:107:17: error: &#39;ADSC&#39; was not declared in this scope
   ADCSRA |= _BV(ADSC);
                 ^
/home/ec2-user/arduino-testlib/cli-datadir/user/libraries/STools/src/STools.cpp:107:17: note: suggested alternative: &#39;DDRC&#39;
/home/ec2-user/arduino-testlib/cli-datadir/user/libraries/STools/src/STools.cpp:110:13: error: &#39;ADCL&#39; was not declared in this scope
   lowVcc  = ADCL;
             ^~~~
/home/ec2-user/arduino-testlib/cli-datadir/user/libraries/STools/src/STools.cpp:110:13: note: suggested alternative: &#39;ADC0&#39;
   lowVcc  = ADCL;
             ^~~~
             ADC0
/home/ec2-user/arduino-testlib/cli-datadir/user/libraries/STools/src/STools.cpp:111:13: error: &#39;ADCH&#39; was not declared in this scope
   highVcc = ADCH;
             ^~~~
/home/ec2-user/arduino-testlib/cli-datadir/user/libraries/STools/src/STools.cpp:111:13: note: suggested alternative: &#39;ADC0&#39;
   highVcc = ADCH;
             ^~~~
             ADC0
Multiple libraries were found for &#34;EEPROM.h&#34;
  Used: /home/ec2-user/arduino-testlib/cli-datadir/data/packages/arduino/hardware/megaavr/1.8.7/libraries/EEPROM
  Not used: /home/ec2-user/arduino-testlib/cli-datadir/user/libraries/arduino-NVM
  Not used: /home/ec2-user/arduino-testlib/cli-datadir/user/libraries/Hello_Drum
</pre>
					
				
				<h3 id="arduino:samd:mkrwifi1010">arduino:samd:mkrwifi1010 @ 1.8.12</h3>
				<h4>Inclusion</h4>
				<p>
					Result: <b>FAIL</b>
					
				</p>
				<pre class="pre-scrollable">In file included from /home/ec2-user/arduino-testlib/cli-datadir/user/libraries/STools/src/STools.cpp:3:0:
/home/ec2-user/arduino-testlib/cli-datadir/user/libraries/Hello_Drum/src/EEPROM.h:25:10: fatal error: avr/eeprom.h: No such file or directory
 #include &lt;avr/eeprom.h&gt;
          ^~~~~~~~~~~~~~
compilation terminated.
Multiple libraries were found for &#34;EEPROM.h&#34;
  Used: /home/ec2-user/arduino-testlib/cli-datadir/user/libraries/Hello_Drum
  Not used: /home/ec2-user/arduino-testlib/cli-datadir/user/libraries/arduino-NVM
</pre>

					
					<h4>examples/Button</h4>
					<p>
						Result: <b>FAIL</b>
					</p>
					<pre class="pre-scrollable">In file included from /home/ec2-user/arduino-testlib/cli-datadir/user/libraries/STools/src/STools.cpp:3:0:
/home/ec2-user/arduino-testlib/cli-datadir/user/libraries/Hello_Drum/src/EEPROM.h:25:10: fatal error: avr/eeprom.h: No such file or directory
 #include &lt;avr/eeprom.h&gt;
          ^~~~~~~~~~~~~~
compilation terminated.
Multiple libraries were found for &#34;EEPROM.h&#34;
  Used: /home/ec2-user/arduino-testlib/cli-datadir/user/libraries/Hello_Drum
  Not used: /home/ec2-user/arduino-testlib/cli-datadir/user/libraries/arduino-NVM
</pre>
					
					<h4>examples/EasyEEPROM</h4>
					<p>
						Result: <b>FAIL</b>
					</p>
					<pre class="pre-scrollable">In file included from /home/ec2-user/arduino-testlib/cli-datadir/user/libraries/STools/src/STools.cpp:3:0:
/home/ec2-user/arduino-testlib/cli-datadir/user/libraries/Hello_Drum/src/EEPROM.h:25:10: fatal error: avr/eeprom.h: No such file or directory
 #include &lt;avr/eeprom.h&gt;
          ^~~~~~~~~~~~~~
compilation terminated.
Multiple libraries were found for &#34;EEPROM.h&#34;
  Used: /home/ec2-user/arduino-testlib/cli-datadir/user/libraries/Hello_Drum
  Not used: /home/ec2-user/arduino-testlib/cli-datadir/user/libraries/arduino-NVM
</pre>
					
					<h4>examples/Encoder</h4>
					<p>
						Result: <b>FAIL</b>
					</p>
					<pre class="pre-scrollable">In file included from /home/ec2-user/arduino-testlib/cli-datadir/user/libraries/STools/src/STools.cpp:3:0:
/home/ec2-user/arduino-testlib/cli-datadir/user/libraries/Hello_Drum/src/EEPROM.h:25:10: fatal error: avr/eeprom.h: No such file or directory
 #include &lt;avr/eeprom.h&gt;
          ^~~~~~~~~~~~~~
compilation terminated.
Multiple libraries were found for &#34;EEPROM.h&#34;
  Used: /home/ec2-user/arduino-testlib/cli-datadir/user/libraries/Hello_Drum
  Not used: /home/ec2-user/arduino-testlib/cli-datadir/user/libraries/arduino-NVM
</pre>
					
					<h4>examples/SensorCalibration</h4>
					<p>
						Result: <b>FAIL</b>
					</p>
					<pre class="pre-scrollable">In file included from /home/ec2-user/arduino-testlib/cli-datadir/user/libraries/STools/src/STools.cpp:3:0:
/home/ec2-user/arduino-testlib/cli-datadir/user/libraries/Hello_Drum/src/EEPROM.h:25:10: fatal error: avr/eeprom.h: No such file or directory
 #include &lt;avr/eeprom.h&gt;
          ^~~~~~~~~~~~~~
compilation terminated.
Multiple libraries were found for &#34;EEPROM.h&#34;
  Used: /home/ec2-user/arduino-testlib/cli-datadir/user/libraries/Hello_Drum
  Not used: /home/ec2-user/arduino-testlib/cli-datadir/user/libraries/arduino-NVM
</pre>
					
					<h4>examples/Thermistor</h4>
					<p>
						Result: <b>FAIL</b>
					</p>
					<pre class="pre-scrollable">In file included from /home/ec2-user/arduino-testlib/cli-datadir/user/libraries/STools/src/STools.cpp:3:0:
/home/ec2-user/arduino-testlib/cli-datadir/user/libraries/Hello_Drum/src/EEPROM.h:25:10: fatal error: avr/eeprom.h: No such file or directory
 #include &lt;avr/eeprom.h&gt;
          ^~~~~~~~~~~~~~
compilation terminated.
Multiple libraries were found for &#34;EEPROM.h&#34;
  Used: /home/ec2-user/arduino-testlib/cli-datadir/user/libraries/Hello_Drum
  Not used: /home/ec2-user/arduino-testlib/cli-datadir/user/libraries/arduino-NVM
</pre>
					
					<h4>examples/printLink</h4>
					<p>
						Result: <b>FAIL</b>
					</p>
					<pre class="pre-scrollable">In file included from /home/ec2-user/arduino-testlib/cli-datadir/user/libraries/STools/src/STools.cpp:3:0:
/home/ec2-user/arduino-testlib/cli-datadir/user/libraries/Hello_Drum/src/EEPROM.h:25:10: fatal error: avr/eeprom.h: No such file or directory
 #include &lt;avr/eeprom.h&gt;
          ^~~~~~~~~~~~~~
compilation terminated.
Multiple libraries were found for &#34;EEPROM.h&#34;
  Used: /home/ec2-user/arduino-testlib/cli-datadir/user/libraries/Hello_Drum
  Not used: /home/ec2-user/arduino-testlib/cli-datadir/user/libraries/arduino-NVM
</pre>
					
					<h4>examples/readVcc</h4>
					<p>
						Result: <b>FAIL</b>
					</p>
					<pre class="pre-scrollable">In file included from /home/ec2-user/arduino-testlib/cli-datadir/user/libraries/STools/src/STools.cpp:3:0:
/home/ec2-user/arduino-testlib/cli-datadir/user/libraries/Hello_Drum/src/EEPROM.h:25:10: fatal error: avr/eeprom.h: No such file or directory
 #include &lt;avr/eeprom.h&gt;
          ^~~~~~~~~~~~~~
compilation terminated.
Multiple libraries were found for &#34;EEPROM.h&#34;
  Used: /home/ec2-user/arduino-testlib/cli-datadir/user/libraries/Hello_Drum
  Not used: /home/ec2-user/arduino-testlib/cli-datadir/user/libraries/arduino-NVM
</pre>
					
				
				<h3 id="esp32:esp32:d1_mini32">esp32:esp32:d1_mini32 @ 1.0.6</h3>
				<h4>Inclusion</h4>
				<p>
					Result: <b>FAIL</b>
					
				</p>
				<pre class="pre-scrollable">/home/ec2-user/arduino-testlib/cli-datadir/user/libraries/STools/src/STools.cpp: In member function &#39;float STools::readVcc()&#39;:
/home/ec2-user/arduino-testlib/cli-datadir/user/libraries/STools/src/STools.cpp:103:5: error: &#39;ADMUX&#39; was not declared in this scope
     ADMUX = _BV(REFS0) | _BV(MUX3) | _BV(MUX2) | _BV(MUX1);
     ^
In file included from /home/ec2-user/arduino-testlib/cli-datadir/user/libraries/STools/src/STools.h:3:0,
                 from /home/ec2-user/arduino-testlib/cli-datadir/user/libraries/STools/src/STools.cpp:1:
/home/ec2-user/arduino-testlib/cli-datadir/user/libraries/STools/src/STools.cpp:103:17: error: &#39;REFS0&#39; was not declared in this scope
     ADMUX = _BV(REFS0) | _BV(MUX3) | _BV(MUX2) | _BV(MUX1);
                 ^
/home/ec2-user/arduino-testlib/cli-datadir/data/packages/esp32/hardware/esp32/1.0.6/cores/esp32/Arduino.h:99:25: note: in definition of macro &#39;_BV&#39;
 #define _BV(b) (1UL &lt;&lt; (b))
                         ^
/home/ec2-user/arduino-testlib/cli-datadir/user/libraries/STools/src/STools.cpp:103:30: error: &#39;MUX3&#39; was not declared in this scope
     ADMUX = _BV(REFS0) | _BV(MUX3) | _BV(MUX2) | _BV(MUX1);
                              ^
/home/ec2-user/arduino-testlib/cli-datadir/data/packages/esp32/hardware/esp32/1.0.6/cores/esp32/Arduino.h:99:25: note: in definition of macro &#39;_BV&#39;
 #define _BV(b) (1UL &lt;&lt; (b))
                         ^
/home/ec2-user/arduino-testlib/cli-datadir/user/libraries/STools/src/STools.cpp:103:42: error: &#39;MUX2&#39; was not declared in this scope
     ADMUX = _BV(REFS0) | _BV(MUX3) | _BV(MUX2) | _BV(MUX1);
                                          ^
/home/ec2-user/arduino-testlib/cli-datadir/data/packages/esp32/hardware/esp32/1.0.6/cores/esp32/Arduino.h:99:25: note: in definition of macro &#39;_BV&#39;
 #define _BV(b) (1UL &lt;&lt; (b))
                         ^
/home/ec2-user/arduino-testlib/cli-datadir/user/libraries/STools/src/STools.cpp:103:54: error: &#39;MUX1&#39; was not declared in this scope
     ADMUX = _BV(REFS0) | _BV(MUX3) | _BV(MUX2) | _BV(MUX1);
                                                      ^
/home/ec2-user/arduino-testlib/cli-datadir/data/packages/esp32/hardware/esp32/1.0.6/cores/esp32/Arduino.h:99:25: note: in definition of macro &#39;_BV&#39;
 #define _BV(b) (1UL &lt;&lt; (b))
                         ^
/home/ec2-user/arduino-testlib/cli-datadir/user/libraries/STools/src/STools.cpp:107:3: error: &#39;ADCSRA&#39; was not declared in this scope
   ADCSRA |= _BV(ADSC);
   ^
In file included from /home/ec2-user/arduino-testlib/cli-datadir/user/libraries/STools/src/STools.h:3:0,
                 from /home/ec2-user/arduino-testlib/cli-datadir/user/libraries/STools/src/STools.cpp:1:
/home/ec2-user/arduino-testlib/cli-datadir/user/libraries/STools/src/STools.cpp:107:17: error: &#39;ADSC&#39; was not declared in this scope
   ADCSRA |= _BV(ADSC);
                 ^
/home/ec2-user/arduino-testlib/cli-datadir/data/packages/esp32/hardware/esp32/1.0.6/cores/esp32/Arduino.h:99:25: note: in definition of macro &#39;_BV&#39;
 #define _BV(b) (1UL &lt;&lt; (b))
                         ^
/home/ec2-user/arduino-testlib/cli-datadir/user/libraries/STools/src/STools.cpp:108:32: error: &#39;bit_is_set&#39; was not declared in this scope
   while (bit_is_set(ADCSRA,ADSC));
                                ^
/home/ec2-user/arduino-testlib/cli-datadir/user/libraries/STools/src/STools.cpp:110:13: error: &#39;ADCL&#39; was not declared in this scope
   lowVcc  = ADCL;  
             ^
/home/ec2-user/arduino-testlib/cli-datadir/user/libraries/STools/src/STools.cpp:111:13: error: &#39;ADCH&#39; was not declared in this scope
   highVcc = ADCH;
             ^
Multiple libraries were found for &#34;EEPROM.h&#34;
  Used: /home/ec2-user/arduino-testlib/cli-datadir/data/packages/esp32/hardware/esp32/1.0.6/libraries/EEPROM
  Not used: /home/ec2-user/arduino-testlib/cli-datadir/user/libraries/arduino-NVM
  Not used: /home/ec2-user/arduino-testlib/cli-datadir/user/libraries/Hello_Drum
</pre>

					
					<h4>examples/Button</h4>
					<p>
						Result: <b>FAIL</b>
					</p>
					<pre class="pre-scrollable">/home/ec2-user/arduino-testlib/cli-datadir/user/libraries/STools/src/STools.cpp: In member function &#39;float STools::readVcc()&#39;:
/home/ec2-user/arduino-testlib/cli-datadir/user/libraries/STools/src/STools.cpp:103:5: error: &#39;ADMUX&#39; was not declared in this scope
     ADMUX = _BV(REFS0) | _BV(MUX3) | _BV(MUX2) | _BV(MUX1);
     ^
In file included from /home/ec2-user/arduino-testlib/cli-datadir/user/libraries/STools/src/STools.h:3:0,
                 from /home/ec2-user/arduino-testlib/cli-datadir/user/libraries/STools/src/STools.cpp:1:
/home/ec2-user/arduino-testlib/cli-datadir/user/libraries/STools/src/STools.cpp:103:17: error: &#39;REFS0&#39; was not declared in this scope
     ADMUX = _BV(REFS0) | _BV(MUX3) | _BV(MUX2) | _BV(MUX1);
                 ^
/home/ec2-user/arduino-testlib/cli-datadir/data/packages/esp32/hardware/esp32/1.0.6/cores/esp32/Arduino.h:99:25: note: in definition of macro &#39;_BV&#39;
 #define _BV(b) (1UL &lt;&lt; (b))
                         ^
/home/ec2-user/arduino-testlib/cli-datadir/user/libraries/STools/src/STools.cpp:103:30: error: &#39;MUX3&#39; was not declared in this scope
     ADMUX = _BV(REFS0) | _BV(MUX3) | _BV(MUX2) | _BV(MUX1);
                              ^
/home/ec2-user/arduino-testlib/cli-datadir/data/packages/esp32/hardware/esp32/1.0.6/cores/esp32/Arduino.h:99:25: note: in definition of macro &#39;_BV&#39;
 #define _BV(b) (1UL &lt;&lt; (b))
                         ^
/home/ec2-user/arduino-testlib/cli-datadir/user/libraries/STools/src/STools.cpp:103:42: error: &#39;MUX2&#39; was not declared in this scope
     ADMUX = _BV(REFS0) | _BV(MUX3) | _BV(MUX2) | _BV(MUX1);
                                          ^
/home/ec2-user/arduino-testlib/cli-datadir/data/packages/esp32/hardware/esp32/1.0.6/cores/esp32/Arduino.h:99:25: note: in definition of macro &#39;_BV&#39;
 #define _BV(b) (1UL &lt;&lt; (b))
                         ^
/home/ec2-user/arduino-testlib/cli-datadir/user/libraries/STools/src/STools.cpp:103:54: error: &#39;MUX1&#39; was not declared in this scope
     ADMUX = _BV(REFS0) | _BV(MUX3) | _BV(MUX2) | _BV(MUX1);
                                                      ^
/home/ec2-user/arduino-testlib/cli-datadir/data/packages/esp32/hardware/esp32/1.0.6/cores/esp32/Arduino.h:99:25: note: in definition of macro &#39;_BV&#39;
 #define _BV(b) (1UL &lt;&lt; (b))
                         ^
/home/ec2-user/arduino-testlib/cli-datadir/user/libraries/STools/src/STools.cpp:107:3: error: &#39;ADCSRA&#39; was not declared in this scope
   ADCSRA |= _BV(ADSC);
   ^
In file included from /home/ec2-user/arduino-testlib/cli-datadir/user/libraries/STools/src/STools.h:3:0,
                 from /home/ec2-user/arduino-testlib/cli-datadir/user/libraries/STools/src/STools.cpp:1:
/home/ec2-user/arduino-testlib/cli-datadir/user/libraries/STools/src/STools.cpp:107:17: error: &#39;ADSC&#39; was not declared in this scope
   ADCSRA |= _BV(ADSC);
                 ^
/home/ec2-user/arduino-testlib/cli-datadir/data/packages/esp32/hardware/esp32/1.0.6/cores/esp32/Arduino.h:99:25: note: in definition of macro &#39;_BV&#39;
 #define _BV(b) (1UL &lt;&lt; (b))
                         ^
/home/ec2-user/arduino-testlib/cli-datadir/user/libraries/STools/src/STools.cpp:108:32: error: &#39;bit_is_set&#39; was not declared in this scope
   while (bit_is_set(ADCSRA,ADSC));
                                ^
/home/ec2-user/arduino-testlib/cli-datadir/user/libraries/STools/src/STools.cpp:110:13: error: &#39;ADCL&#39; was not declared in this scope
   lowVcc  = ADCL;  
             ^
/home/ec2-user/arduino-testlib/cli-datadir/user/libraries/STools/src/STools.cpp:111:13: error: &#39;ADCH&#39; was not declared in this scope
   highVcc = ADCH;
             ^
Multiple libraries were found for &#34;EEPROM.h&#34;
  Used: /home/ec2-user/arduino-testlib/cli-datadir/data/packages/esp32/hardware/esp32/1.0.6/libraries/EEPROM
  Not used: /home/ec2-user/arduino-testlib/cli-datadir/user/libraries/arduino-NVM
  Not used: /home/ec2-user/arduino-testlib/cli-datadir/user/libraries/Hello_Drum
</pre>
					
					<h4>examples/EasyEEPROM</h4>
					<p>
						Result: <b>FAIL</b>
					</p>
					<pre class="pre-scrollable">/home/ec2-user/arduino-testlib/cli-datadir/user/libraries/STools/src/STools.cpp: In member function &#39;float STools::readVcc()&#39;:
/home/ec2-user/arduino-testlib/cli-datadir/user/libraries/STools/src/STools.cpp:103:5: error: &#39;ADMUX&#39; was not declared in this scope
     ADMUX = _BV(REFS0) | _BV(MUX3) | _BV(MUX2) | _BV(MUX1);
     ^
In file included from /home/ec2-user/arduino-testlib/cli-datadir/user/libraries/STools/src/STools.h:3:0,
                 from /home/ec2-user/arduino-testlib/cli-datadir/user/libraries/STools/src/STools.cpp:1:
/home/ec2-user/arduino-testlib/cli-datadir/user/libraries/STools/src/STools.cpp:103:17: error: &#39;REFS0&#39; was not declared in this scope
     ADMUX = _BV(REFS0) | _BV(MUX3) | _BV(MUX2) | _BV(MUX1);
                 ^
/home/ec2-user/arduino-testlib/cli-datadir/data/packages/esp32/hardware/esp32/1.0.6/cores/esp32/Arduino.h:99:25: note: in definition of macro &#39;_BV&#39;
 #define _BV(b) (1UL &lt;&lt; (b))
                         ^
/home/ec2-user/arduino-testlib/cli-datadir/user/libraries/STools/src/STools.cpp:103:30: error: &#39;MUX3&#39; was not declared in this scope
     ADMUX = _BV(REFS0) | _BV(MUX3) | _BV(MUX2) | _BV(MUX1);
                              ^
/home/ec2-user/arduino-testlib/cli-datadir/data/packages/esp32/hardware/esp32/1.0.6/cores/esp32/Arduino.h:99:25: note: in definition of macro &#39;_BV&#39;
 #define _BV(b) (1UL &lt;&lt; (b))
                         ^
/home/ec2-user/arduino-testlib/cli-datadir/user/libraries/STools/src/STools.cpp:103:42: error: &#39;MUX2&#39; was not declared in this scope
     ADMUX = _BV(REFS0) | _BV(MUX3) | _BV(MUX2) | _BV(MUX1);
                                          ^
/home/ec2-user/arduino-testlib/cli-datadir/data/packages/esp32/hardware/esp32/1.0.6/cores/esp32/Arduino.h:99:25: note: in definition of macro &#39;_BV&#39;
 #define _BV(b) (1UL &lt;&lt; (b))
                         ^
/home/ec2-user/arduino-testlib/cli-datadir/user/libraries/STools/src/STools.cpp:103:54: error: &#39;MUX1&#39; was not declared in this scope
     ADMUX = _BV(REFS0) | _BV(MUX3) | _BV(MUX2) | _BV(MUX1);
                                                      ^
/home/ec2-user/arduino-testlib/cli-datadir/data/packages/esp32/hardware/esp32/1.0.6/cores/esp32/Arduino.h:99:25: note: in definition of macro &#39;_BV&#39;
 #define _BV(b) (1UL &lt;&lt; (b))
                         ^
/home/ec2-user/arduino-testlib/cli-datadir/user/libraries/STools/src/STools.cpp:107:3: error: &#39;ADCSRA&#39; was not declared in this scope
   ADCSRA |= _BV(ADSC);
   ^
In file included from /home/ec2-user/arduino-testlib/cli-datadir/user/libraries/STools/src/STools.h:3:0,
                 from /home/ec2-user/arduino-testlib/cli-datadir/user/libraries/STools/src/STools.cpp:1:
/home/ec2-user/arduino-testlib/cli-datadir/user/libraries/STools/src/STools.cpp:107:17: error: &#39;ADSC&#39; was not declared in this scope
   ADCSRA |= _BV(ADSC);
                 ^
/home/ec2-user/arduino-testlib/cli-datadir/data/packages/esp32/hardware/esp32/1.0.6/cores/esp32/Arduino.h:99:25: note: in definition of macro &#39;_BV&#39;
 #define _BV(b) (1UL &lt;&lt; (b))
                         ^
/home/ec2-user/arduino-testlib/cli-datadir/user/libraries/STools/src/STools.cpp:108:32: error: &#39;bit_is_set&#39; was not declared in this scope
   while (bit_is_set(ADCSRA,ADSC));
                                ^
/home/ec2-user/arduino-testlib/cli-datadir/user/libraries/STools/src/STools.cpp:110:13: error: &#39;ADCL&#39; was not declared in this scope
   lowVcc  = ADCL;  
             ^
/home/ec2-user/arduino-testlib/cli-datadir/user/libraries/STools/src/STools.cpp:111:13: error: &#39;ADCH&#39; was not declared in this scope
   highVcc = ADCH;
             ^
Multiple libraries were found for &#34;EEPROM.h&#34;
  Used: /home/ec2-user/arduino-testlib/cli-datadir/data/packages/esp32/hardware/esp32/1.0.6/libraries/EEPROM
  Not used: /home/ec2-user/arduino-testlib/cli-datadir/user/libraries/Hello_Drum
  Not used: /home/ec2-user/arduino-testlib/cli-datadir/user/libraries/arduino-NVM
</pre>
					
					<h4>examples/Encoder</h4>
					<p>
						Result: <b>FAIL</b>
					</p>
					<pre class="pre-scrollable">/home/ec2-user/arduino-testlib/cli-datadir/user/libraries/STools/src/STools.cpp: In member function &#39;float STools::readVcc()&#39;:
/home/ec2-user/arduino-testlib/cli-datadir/user/libraries/STools/src/STools.cpp:103:5: error: &#39;ADMUX&#39; was not declared in this scope
     ADMUX = _BV(REFS0) | _BV(MUX3) | _BV(MUX2) | _BV(MUX1);
     ^
In file included from /home/ec2-user/arduino-testlib/cli-datadir/user/libraries/STools/src/STools.h:3:0,
                 from /home/ec2-user/arduino-testlib/cli-datadir/user/libraries/STools/src/STools.cpp:1:
/home/ec2-user/arduino-testlib/cli-datadir/user/libraries/STools/src/STools.cpp:103:17: error: &#39;REFS0&#39; was not declared in this scope
     ADMUX = _BV(REFS0) | _BV(MUX3) | _BV(MUX2) | _BV(MUX1);
                 ^
/home/ec2-user/arduino-testlib/cli-datadir/data/packages/esp32/hardware/esp32/1.0.6/cores/esp32/Arduino.h:99:25: note: in definition of macro &#39;_BV&#39;
 #define _BV(b) (1UL &lt;&lt; (b))
                         ^
/home/ec2-user/arduino-testlib/cli-datadir/user/libraries/STools/src/STools.cpp:103:30: error: &#39;MUX3&#39; was not declared in this scope
     ADMUX = _BV(REFS0) | _BV(MUX3) | _BV(MUX2) | _BV(MUX1);
                              ^
/home/ec2-user/arduino-testlib/cli-datadir/data/packages/esp32/hardware/esp32/1.0.6/cores/esp32/Arduino.h:99:25: note: in definition of macro &#39;_BV&#39;
 #define _BV(b) (1UL &lt;&lt; (b))
                         ^
/home/ec2-user/arduino-testlib/cli-datadir/user/libraries/STools/src/STools.cpp:103:42: error: &#39;MUX2&#39; was not declared in this scope
     ADMUX = _BV(REFS0) | _BV(MUX3) | _BV(MUX2) | _BV(MUX1);
                                          ^
/home/ec2-user/arduino-testlib/cli-datadir/data/packages/esp32/hardware/esp32/1.0.6/cores/esp32/Arduino.h:99:25: note: in definition of macro &#39;_BV&#39;
 #define _BV(b) (1UL &lt;&lt; (b))
                         ^
/home/ec2-user/arduino-testlib/cli-datadir/user/libraries/STools/src/STools.cpp:103:54: error: &#39;MUX1&#39; was not declared in this scope
     ADMUX = _BV(REFS0) | _BV(MUX3) | _BV(MUX2) | _BV(MUX1);
                                                      ^
/home/ec2-user/arduino-testlib/cli-datadir/data/packages/esp32/hardware/esp32/1.0.6/cores/esp32/Arduino.h:99:25: note: in definition of macro &#39;_BV&#39;
 #define _BV(b) (1UL &lt;&lt; (b))
                         ^
/home/ec2-user/arduino-testlib/cli-datadir/user/libraries/STools/src/STools.cpp:107:3: error: &#39;ADCSRA&#39; was not declared in this scope
   ADCSRA |= _BV(ADSC);
   ^
In file included from /home/ec2-user/arduino-testlib/cli-datadir/user/libraries/STools/src/STools.h:3:0,
                 from /home/ec2-user/arduino-testlib/cli-datadir/user/libraries/STools/src/STools.cpp:1:
/home/ec2-user/arduino-testlib/cli-datadir/user/libraries/STools/src/STools.cpp:107:17: error: &#39;ADSC&#39; was not declared in this scope
   ADCSRA |= _BV(ADSC);
                 ^
/home/ec2-user/arduino-testlib/cli-datadir/data/packages/esp32/hardware/esp32/1.0.6/cores/esp32/Arduino.h:99:25: note: in definition of macro &#39;_BV&#39;
 #define _BV(b) (1UL &lt;&lt; (b))
                         ^
/home/ec2-user/arduino-testlib/cli-datadir/user/libraries/STools/src/STools.cpp:108:32: error: &#39;bit_is_set&#39; was not declared in this scope
   while (bit_is_set(ADCSRA,ADSC));
                                ^
/home/ec2-user/arduino-testlib/cli-datadir/user/libraries/STools/src/STools.cpp:110:13: error: &#39;ADCL&#39; was not declared in this scope
   lowVcc  = ADCL;  
             ^
/home/ec2-user/arduino-testlib/cli-datadir/user/libraries/STools/src/STools.cpp:111:13: error: &#39;ADCH&#39; was not declared in this scope
   highVcc = ADCH;
             ^
Multiple libraries were found for &#34;EEPROM.h&#34;
  Used: /home/ec2-user/arduino-testlib/cli-datadir/data/packages/esp32/hardware/esp32/1.0.6/libraries/EEPROM
  Not used: /home/ec2-user/arduino-testlib/cli-datadir/user/libraries/arduino-NVM
  Not used: /home/ec2-user/arduino-testlib/cli-datadir/user/libraries/Hello_Drum
</pre>
					
					<h4>examples/SensorCalibration</h4>
					<p>
						Result: <b>FAIL</b>
					</p>
					<pre class="pre-scrollable">/home/ec2-user/arduino-testlib/cli-datadir/user/libraries/STools/src/STools.cpp: In member function &#39;float STools::readVcc()&#39;:
/home/ec2-user/arduino-testlib/cli-datadir/user/libraries/STools/src/STools.cpp:103:5: error: &#39;ADMUX&#39; was not declared in this scope
     ADMUX = _BV(REFS0) | _BV(MUX3) | _BV(MUX2) | _BV(MUX1);
     ^
In file included from /home/ec2-user/arduino-testlib/cli-datadir/user/libraries/STools/src/STools.h:3:0,
                 from /home/ec2-user/arduino-testlib/cli-datadir/user/libraries/STools/src/STools.cpp:1:
/home/ec2-user/arduino-testlib/cli-datadir/user/libraries/STools/src/STools.cpp:103:17: error: &#39;REFS0&#39; was not declared in this scope
     ADMUX = _BV(REFS0) | _BV(MUX3) | _BV(MUX2) | _BV(MUX1);
                 ^
/home/ec2-user/arduino-testlib/cli-datadir/data/packages/esp32/hardware/esp32/1.0.6/cores/esp32/Arduino.h:99:25: note: in definition of macro &#39;_BV&#39;
 #define _BV(b) (1UL &lt;&lt; (b))
                         ^
/home/ec2-user/arduino-testlib/cli-datadir/user/libraries/STools/src/STools.cpp:103:30: error: &#39;MUX3&#39; was not declared in this scope
     ADMUX = _BV(REFS0) | _BV(MUX3) | _BV(MUX2) | _BV(MUX1);
                              ^
/home/ec2-user/arduino-testlib/cli-datadir/data/packages/esp32/hardware/esp32/1.0.6/cores/esp32/Arduino.h:99:25: note: in definition of macro &#39;_BV&#39;
 #define _BV(b) (1UL &lt;&lt; (b))
                         ^
/home/ec2-user/arduino-testlib/cli-datadir/user/libraries/STools/src/STools.cpp:103:42: error: &#39;MUX2&#39; was not declared in this scope
     ADMUX = _BV(REFS0) | _BV(MUX3) | _BV(MUX2) | _BV(MUX1);
                                          ^
/home/ec2-user/arduino-testlib/cli-datadir/data/packages/esp32/hardware/esp32/1.0.6/cores/esp32/Arduino.h:99:25: note: in definition of macro &#39;_BV&#39;
 #define _BV(b) (1UL &lt;&lt; (b))
                         ^
/home/ec2-user/arduino-testlib/cli-datadir/user/libraries/STools/src/STools.cpp:103:54: error: &#39;MUX1&#39; was not declared in this scope
     ADMUX = _BV(REFS0) | _BV(MUX3) | _BV(MUX2) | _BV(MUX1);
                                                      ^
/home/ec2-user/arduino-testlib/cli-datadir/data/packages/esp32/hardware/esp32/1.0.6/cores/esp32/Arduino.h:99:25: note: in definition of macro &#39;_BV&#39;
 #define _BV(b) (1UL &lt;&lt; (b))
                         ^
/home/ec2-user/arduino-testlib/cli-datadir/user/libraries/STools/src/STools.cpp:107:3: error: &#39;ADCSRA&#39; was not declared in this scope
   ADCSRA |= _BV(ADSC);
   ^
In file included from /home/ec2-user/arduino-testlib/cli-datadir/user/libraries/STools/src/STools.h:3:0,
                 from /home/ec2-user/arduino-testlib/cli-datadir/user/libraries/STools/src/STools.cpp:1:
/home/ec2-user/arduino-testlib/cli-datadir/user/libraries/STools/src/STools.cpp:107:17: error: &#39;ADSC&#39; was not declared in this scope
   ADCSRA |= _BV(ADSC);
                 ^
/home/ec2-user/arduino-testlib/cli-datadir/data/packages/esp32/hardware/esp32/1.0.6/cores/esp32/Arduino.h:99:25: note: in definition of macro &#39;_BV&#39;
 #define _BV(b) (1UL &lt;&lt; (b))
                         ^
/home/ec2-user/arduino-testlib/cli-datadir/user/libraries/STools/src/STools.cpp:108:32: error: &#39;bit_is_set&#39; was not declared in this scope
   while (bit_is_set(ADCSRA,ADSC));
                                ^
/home/ec2-user/arduino-testlib/cli-datadir/user/libraries/STools/src/STools.cpp:110:13: error: &#39;ADCL&#39; was not declared in this scope
   lowVcc  = ADCL;  
             ^
/home/ec2-user/arduino-testlib/cli-datadir/user/libraries/STools/src/STools.cpp:111:13: error: &#39;ADCH&#39; was not declared in this scope
   highVcc = ADCH;
             ^
Multiple libraries were found for &#34;EEPROM.h&#34;
  Used: /home/ec2-user/arduino-testlib/cli-datadir/data/packages/esp32/hardware/esp32/1.0.6/libraries/EEPROM
  Not used: /home/ec2-user/arduino-testlib/cli-datadir/user/libraries/arduino-NVM
  Not used: /home/ec2-user/arduino-testlib/cli-datadir/user/libraries/Hello_Drum
</pre>
					
					<h4>examples/Thermistor</h4>
					<p>
						Result: <b>FAIL</b>
					</p>
					<pre class="pre-scrollable">/home/ec2-user/arduino-testlib/cli-datadir/user/libraries/STools/src/STools.cpp: In member function &#39;float STools::readVcc()&#39;:
/home/ec2-user/arduino-testlib/cli-datadir/user/libraries/STools/src/STools.cpp:103:5: error: &#39;ADMUX&#39; was not declared in this scope
     ADMUX = _BV(REFS0) | _BV(MUX3) | _BV(MUX2) | _BV(MUX1);
     ^
In file included from /home/ec2-user/arduino-testlib/cli-datadir/user/libraries/STools/src/STools.h:3:0,
                 from /home/ec2-user/arduino-testlib/cli-datadir/user/libraries/STools/src/STools.cpp:1:
/home/ec2-user/arduino-testlib/cli-datadir/user/libraries/STools/src/STools.cpp:103:17: error: &#39;REFS0&#39; was not declared in this scope
     ADMUX = _BV(REFS0) | _BV(MUX3) | _BV(MUX2) | _BV(MUX1);
                 ^
/home/ec2-user/arduino-testlib/cli-datadir/data/packages/esp32/hardware/esp32/1.0.6/cores/esp32/Arduino.h:99:25: note: in definition of macro &#39;_BV&#39;
 #define _BV(b) (1UL &lt;&lt; (b))
                         ^
/home/ec2-user/arduino-testlib/cli-datadir/user/libraries/STools/src/STools.cpp:103:30: error: &#39;MUX3&#39; was not declared in this scope
     ADMUX = _BV(REFS0) | _BV(MUX3) | _BV(MUX2) | _BV(MUX1);
                              ^
/home/ec2-user/arduino-testlib/cli-datadir/data/packages/esp32/hardware/esp32/1.0.6/cores/esp32/Arduino.h:99:25: note: in definition of macro &#39;_BV&#39;
 #define _BV(b) (1UL &lt;&lt; (b))
                         ^
/home/ec2-user/arduino-testlib/cli-datadir/user/libraries/STools/src/STools.cpp:103:42: error: &#39;MUX2&#39; was not declared in this scope
     ADMUX = _BV(REFS0) | _BV(MUX3) | _BV(MUX2) | _BV(MUX1);
                                          ^
/home/ec2-user/arduino-testlib/cli-datadir/data/packages/esp32/hardware/esp32/1.0.6/cores/esp32/Arduino.h:99:25: note: in definition of macro &#39;_BV&#39;
 #define _BV(b) (1UL &lt;&lt; (b))
                         ^
/home/ec2-user/arduino-testlib/cli-datadir/user/libraries/STools/src/STools.cpp:103:54: error: &#39;MUX1&#39; was not declared in this scope
     ADMUX = _BV(REFS0) | _BV(MUX3) | _BV(MUX2) | _BV(MUX1);
                                                      ^
/home/ec2-user/arduino-testlib/cli-datadir/data/packages/esp32/hardware/esp32/1.0.6/cores/esp32/Arduino.h:99:25: note: in definition of macro &#39;_BV&#39;
 #define _BV(b) (1UL &lt;&lt; (b))
                         ^
/home/ec2-user/arduino-testlib/cli-datadir/user/libraries/STools/src/STools.cpp:107:3: error: &#39;ADCSRA&#39; was not declared in this scope
   ADCSRA |= _BV(ADSC);
   ^
In file included from /home/ec2-user/arduino-testlib/cli-datadir/user/libraries/STools/src/STools.h:3:0,
                 from /home/ec2-user/arduino-testlib/cli-datadir/user/libraries/STools/src/STools.cpp:1:
/home/ec2-user/arduino-testlib/cli-datadir/user/libraries/STools/src/STools.cpp:107:17: error: &#39;ADSC&#39; was not declared in this scope
   ADCSRA |= _BV(ADSC);
                 ^
/home/ec2-user/arduino-testlib/cli-datadir/data/packages/esp32/hardware/esp32/1.0.6/cores/esp32/Arduino.h:99:25: note: in definition of macro &#39;_BV&#39;
 #define _BV(b) (1UL &lt;&lt; (b))
                         ^
/home/ec2-user/arduino-testlib/cli-datadir/user/libraries/STools/src/STools.cpp:108:32: error: &#39;bit_is_set&#39; was not declared in this scope
   while (bit_is_set(ADCSRA,ADSC));
                                ^
/home/ec2-user/arduino-testlib/cli-datadir/user/libraries/STools/src/STools.cpp:110:13: error: &#39;ADCL&#39; was not declared in this scope
   lowVcc  = ADCL;  
             ^
/home/ec2-user/arduino-testlib/cli-datadir/user/libraries/STools/src/STools.cpp:111:13: error: &#39;ADCH&#39; was not declared in this scope
   highVcc = ADCH;
             ^
Multiple libraries were found for &#34;EEPROM.h&#34;
  Used: /home/ec2-user/arduino-testlib/cli-datadir/data/packages/esp32/hardware/esp32/1.0.6/libraries/EEPROM
  Not used: /home/ec2-user/arduino-testlib/cli-datadir/user/libraries/arduino-NVM
  Not used: /home/ec2-user/arduino-testlib/cli-datadir/user/libraries/Hello_Drum
</pre>
					
					<h4>examples/printLink</h4>
					<p>
						Result: <b>FAIL</b>
					</p>
					<pre class="pre-scrollable">/home/ec2-user/arduino-testlib/cli-datadir/user/libraries/STools/src/STools.cpp: In member function &#39;float STools::readVcc()&#39;:
/home/ec2-user/arduino-testlib/cli-datadir/user/libraries/STools/src/STools.cpp:103:5: error: &#39;ADMUX&#39; was not declared in this scope
     ADMUX = _BV(REFS0) | _BV(MUX3) | _BV(MUX2) | _BV(MUX1);
     ^
In file included from /home/ec2-user/arduino-testlib/cli-datadir/user/libraries/STools/src/STools.h:3:0,
                 from /home/ec2-user/arduino-testlib/cli-datadir/user/libraries/STools/src/STools.cpp:1:
/home/ec2-user/arduino-testlib/cli-datadir/user/libraries/STools/src/STools.cpp:103:17: error: &#39;REFS0&#39; was not declared in this scope
     ADMUX = _BV(REFS0) | _BV(MUX3) | _BV(MUX2) | _BV(MUX1);
                 ^
/home/ec2-user/arduino-testlib/cli-datadir/data/packages/esp32/hardware/esp32/1.0.6/cores/esp32/Arduino.h:99:25: note: in definition of macro &#39;_BV&#39;
 #define _BV(b) (1UL &lt;&lt; (b))
                         ^
/home/ec2-user/arduino-testlib/cli-datadir/user/libraries/STools/src/STools.cpp:103:30: error: &#39;MUX3&#39; was not declared in this scope
     ADMUX = _BV(REFS0) | _BV(MUX3) | _BV(MUX2) | _BV(MUX1);
                              ^
/home/ec2-user/arduino-testlib/cli-datadir/data/packages/esp32/hardware/esp32/1.0.6/cores/esp32/Arduino.h:99:25: note: in definition of macro &#39;_BV&#39;
 #define _BV(b) (1UL &lt;&lt; (b))
                         ^
/home/ec2-user/arduino-testlib/cli-datadir/user/libraries/STools/src/STools.cpp:103:42: error: &#39;MUX2&#39; was not declared in this scope
     ADMUX = _BV(REFS0) | _BV(MUX3) | _BV(MUX2) | _BV(MUX1);
                                          ^
/home/ec2-user/arduino-testlib/cli-datadir/data/packages/esp32/hardware/esp32/1.0.6/cores/esp32/Arduino.h:99:25: note: in definition of macro &#39;_BV&#39;
 #define _BV(b) (1UL &lt;&lt; (b))
                         ^
/home/ec2-user/arduino-testlib/cli-datadir/user/libraries/STools/src/STools.cpp:103:54: error: &#39;MUX1&#39; was not declared in this scope
     ADMUX = _BV(REFS0) | _BV(MUX3) | _BV(MUX2) | _BV(MUX1);
                                                      ^
/home/ec2-user/arduino-testlib/cli-datadir/data/packages/esp32/hardware/esp32/1.0.6/cores/esp32/Arduino.h:99:25: note: in definition of macro &#39;_BV&#39;
 #define _BV(b) (1UL &lt;&lt; (b))
                         ^
/home/ec2-user/arduino-testlib/cli-datadir/user/libraries/STools/src/STools.cpp:107:3: error: &#39;ADCSRA&#39; was not declared in this scope
   ADCSRA |= _BV(ADSC);
   ^
In file included from /home/ec2-user/arduino-testlib/cli-datadir/user/libraries/STools/src/STools.h:3:0,
                 from /home/ec2-user/arduino-testlib/cli-datadir/user/libraries/STools/src/STools.cpp:1:
/home/ec2-user/arduino-testlib/cli-datadir/user/libraries/STools/src/STools.cpp:107:17: error: &#39;ADSC&#39; was not declared in this scope
   ADCSRA |= _BV(ADSC);
                 ^
/home/ec2-user/arduino-testlib/cli-datadir/data/packages/esp32/hardware/esp32/1.0.6/cores/esp32/Arduino.h:99:25: note: in definition of macro &#39;_BV&#39;
 #define _BV(b) (1UL &lt;&lt; (b))
                         ^
/home/ec2-user/arduino-testlib/cli-datadir/user/libraries/STools/src/STools.cpp:108:32: error: &#39;bit_is_set&#39; was not declared in this scope
   while (bit_is_set(ADCSRA,ADSC));
                                ^
/home/ec2-user/arduino-testlib/cli-datadir/user/libraries/STools/src/STools.cpp:110:13: error: &#39;ADCL&#39; was not declared in this scope
   lowVcc  = ADCL;  
             ^
/home/ec2-user/arduino-testlib/cli-datadir/user/libraries/STools/src/STools.cpp:111:13: error: &#39;ADCH&#39; was not declared in this scope
   highVcc = ADCH;
             ^
Multiple libraries were found for &#34;EEPROM.h&#34;
  Used: /home/ec2-user/arduino-testlib/cli-datadir/data/packages/esp32/hardware/esp32/1.0.6/libraries/EEPROM
  Not used: /home/ec2-user/arduino-testlib/cli-datadir/user/libraries/arduino-NVM
  Not used: /home/ec2-user/arduino-testlib/cli-datadir/user/libraries/Hello_Drum
</pre>
					
					<h4>examples/readVcc</h4>
					<p>
						Result: <b>FAIL</b>
					</p>
					<pre class="pre-scrollable">/home/ec2-user/arduino-testlib/cli-datadir/user/libraries/STools/src/STools.cpp: In member function &#39;float STools::readVcc()&#39;:
/home/ec2-user/arduino-testlib/cli-datadir/user/libraries/STools/src/STools.cpp:103:5: error: &#39;ADMUX&#39; was not declared in this scope
     ADMUX = _BV(REFS0) | _BV(MUX3) | _BV(MUX2) | _BV(MUX1);
     ^
In file included from /home/ec2-user/arduino-testlib/cli-datadir/user/libraries/STools/src/STools.h:3:0,
                 from /home/ec2-user/arduino-testlib/cli-datadir/user/libraries/STools/src/STools.cpp:1:
/home/ec2-user/arduino-testlib/cli-datadir/user/libraries/STools/src/STools.cpp:103:17: error: &#39;REFS0&#39; was not declared in this scope
     ADMUX = _BV(REFS0) | _BV(MUX3) | _BV(MUX2) | _BV(MUX1);
                 ^
/home/ec2-user/arduino-testlib/cli-datadir/data/packages/esp32/hardware/esp32/1.0.6/cores/esp32/Arduino.h:99:25: note: in definition of macro &#39;_BV&#39;
 #define _BV(b) (1UL &lt;&lt; (b))
                         ^
/home/ec2-user/arduino-testlib/cli-datadir/user/libraries/STools/src/STools.cpp:103:30: error: &#39;MUX3&#39; was not declared in this scope
     ADMUX = _BV(REFS0) | _BV(MUX3) | _BV(MUX2) | _BV(MUX1);
                              ^
/home/ec2-user/arduino-testlib/cli-datadir/data/packages/esp32/hardware/esp32/1.0.6/cores/esp32/Arduino.h:99:25: note: in definition of macro &#39;_BV&#39;
 #define _BV(b) (1UL &lt;&lt; (b))
                         ^
/home/ec2-user/arduino-testlib/cli-datadir/user/libraries/STools/src/STools.cpp:103:42: error: &#39;MUX2&#39; was not declared in this scope
     ADMUX = _BV(REFS0) | _BV(MUX3) | _BV(MUX2) | _BV(MUX1);
                                          ^
/home/ec2-user/arduino-testlib/cli-datadir/data/packages/esp32/hardware/esp32/1.0.6/cores/esp32/Arduino.h:99:25: note: in definition of macro &#39;_BV&#39;
 #define _BV(b) (1UL &lt;&lt; (b))
                         ^
/home/ec2-user/arduino-testlib/cli-datadir/user/libraries/STools/src/STools.cpp:103:54: error: &#39;MUX1&#39; was not declared in this scope
     ADMUX = _BV(REFS0) | _BV(MUX3) | _BV(MUX2) | _BV(MUX1);
                                                      ^
/home/ec2-user/arduino-testlib/cli-datadir/data/packages/esp32/hardware/esp32/1.0.6/cores/esp32/Arduino.h:99:25: note: in definition of macro &#39;_BV&#39;
 #define _BV(b) (1UL &lt;&lt; (b))
                         ^
/home/ec2-user/arduino-testlib/cli-datadir/user/libraries/STools/src/STools.cpp:107:3: error: &#39;ADCSRA&#39; was not declared in this scope
   ADCSRA |= _BV(ADSC);
   ^
In file included from /home/ec2-user/arduino-testlib/cli-datadir/user/libraries/STools/src/STools.h:3:0,
                 from /home/ec2-user/arduino-testlib/cli-datadir/user/libraries/STools/src/STools.cpp:1:
/home/ec2-user/arduino-testlib/cli-datadir/user/libraries/STools/src/STools.cpp:107:17: error: &#39;ADSC&#39; was not declared in this scope
   ADCSRA |= _BV(ADSC);
                 ^
/home/ec2-user/arduino-testlib/cli-datadir/data/packages/esp32/hardware/esp32/1.0.6/cores/esp32/Arduino.h:99:25: note: in definition of macro &#39;_BV&#39;
 #define _BV(b) (1UL &lt;&lt; (b))
                         ^
/home/ec2-user/arduino-testlib/cli-datadir/user/libraries/STools/src/STools.cpp:108:32: error: &#39;bit_is_set&#39; was not declared in this scope
   while (bit_is_set(ADCSRA,ADSC));
                                ^
/home/ec2-user/arduino-testlib/cli-datadir/user/libraries/STools/src/STools.cpp:110:13: error: &#39;ADCL&#39; was not declared in this scope
   lowVcc  = ADCL;  
             ^
/home/ec2-user/arduino-testlib/cli-datadir/user/libraries/STools/src/STools.cpp:111:13: error: &#39;ADCH&#39; was not declared in this scope
   highVcc = ADCH;
             ^
Multiple libraries were found for &#34;EEPROM.h&#34;
  Used: /home/ec2-user/arduino-testlib/cli-datadir/data/packages/esp32/hardware/esp32/1.0.6/libraries/EEPROM
  Not used: /home/ec2-user/arduino-testlib/cli-datadir/user/libraries/Hello_Drum
  Not used: /home/ec2-user/arduino-testlib/cli-datadir/user/libraries/arduino-NVM
</pre>
					
				
			</div>
		</div>
	</div>
  </body>
</html>
