
<!doctype html>
<html lang="en">
  <head>
    <meta charset="utf-8">
    <meta name="viewport" content="width=device-width, initial-scale=1">
    <link href="https://cdn.jsdelivr.net/npm/bootstrap@5.0.2/dist/css/bootstrap.min.css" rel="stylesheet" integrity="sha384-EVSTQN3/azprG1Anm3QDgpJLIm9Nao0Yz1ztcQTwFspd3yD65VohhpuuCOmLASjC" crossorigin="anonymous">
    <title>arduino-testlib report</title>
	<style>
	.pass { background-color: #00FF00 !important; }
	.fail { background-color: #FF0000 !important; }
	</style>
  </head>
  <body>
	<div class="container">
		<div class="row">
			<div class="col">
				<h1>Task Scheduler - compatibility matrix</h1>
				<p>
					<small>This report was generated on Monday, 21-Feb-22 12:00:25 CET using 
					<a href="https://github.com/alranel/arduino-testlib">arduino-testlib</a>.</small>
				</p>

				<h2>Task Scheduler</h2>
				<p>
					Version: <b>1.4</b>
					<br />
					<a href="https://www.arduino.cc/reference/en/libraries/task-scheduler/">More details</a>
				</p>

				<h2>Compatibility matrix</h2>
				<table class="table table-bordered">
					<tr>
						<th>Board</th>
						<th>Claims compatibility</th>
						<th>Inclusion</th>
						
						<th><pre>Blink</pre></th>
						
						<th><pre>Blink_2</pre></th>
						
						<th><pre>Class_methods</pre></th>
						
						<th><pre>Class_methods_2</pre></th>
						
						<th><pre>Scheduling_1</pre></th>
						
						<th><pre>Scheduling_2</pre></th>
						
					</tr>
					
					<tr>
						<td>
							<a href="#arduino%3aavr%3auno"><b>arduino:avr:uno</b></a>
							<br />
							<small>1.8.4</small>
						</td>

						
							<td>Yes</td>
							<td class="pass">PASS</td>
						
						
						
						

						
							
								
									
										
											
											<td class="fail">FAIL</td>
										
									
										
									
										
									
										
									
										
									
										
									
								
							
								
							
								
							
								
							
								
							
						
							
								
									
										
									
										
											
											<td class="fail">FAIL</td>
										
									
										
									
										
									
										
									
										
									
								
							
								
							
								
							
								
							
								
							
						
							
								
									
										
									
										
									
										
											
											<td class="fail">FAIL</td>
										
									
										
									
										
									
										
									
								
							
								
							
								
							
								
							
								
							
						
							
								
									
										
									
										
									
										
									
										
											
											<td class="fail">FAIL</td>
										
									
										
									
										
									
								
							
								
							
								
							
								
							
								
							
						
							
								
									
										
									
										
									
										
									
										
									
										
											
											<td class="fail">FAIL</td>
										
									
										
									
								
							
								
							
								
							
								
							
								
							
						
							
								
									
										
									
										
									
										
									
										
									
										
									
										
											
											<td class="fail">FAIL</td>
										
									
								
							
								
							
								
							
								
							
								
							
						
					</tr>
					
					<tr>
						<td>
							<a href="#arduino%3ambed_nano%3ananorp2040connect"><b>arduino:mbed_nano:nanorp2040connect</b></a>
							<br />
							<small>2.7.2</small>
						</td>

						
						
						
							<td>Yes ⚠️</td>
							<td class="fail">FAIL</td>
						
						

						
							
								
							
								
									
										
											
											<td class="fail">FAIL</td>
										
									
										
									
										
									
										
									
										
									
										
									
								
							
								
							
								
							
								
							
						
							
								
							
								
									
										
									
										
											
											<td class="fail">FAIL</td>
										
									
										
									
										
									
										
									
										
									
								
							
								
							
								
							
								
							
						
							
								
							
								
									
										
									
										
									
										
											
											<td class="fail">FAIL</td>
										
									
										
									
										
									
										
									
								
							
								
							
								
							
								
							
						
							
								
							
								
									
										
									
										
									
										
									
										
											
											<td class="fail">FAIL</td>
										
									
										
									
										
									
								
							
								
							
								
							
								
							
						
							
								
							
								
									
										
									
										
									
										
									
										
									
										
											
											<td class="fail">FAIL</td>
										
									
										
									
								
							
								
							
								
							
								
							
						
							
								
							
								
									
										
									
										
									
										
									
										
									
										
									
										
											
											<td class="fail">FAIL</td>
										
									
								
							
								
							
								
							
								
							
						
					</tr>
					
					<tr>
						<td>
							<a href="#arduino%3amegaavr%3anona4809"><b>arduino:megaavr:nona4809</b></a>
							<br />
							<small>1.8.7</small>
						</td>

						
						
						
							<td>Yes ⚠️</td>
							<td class="fail">FAIL</td>
						
						

						
							
								
							
								
							
								
									
										
											
											<td class="fail">FAIL</td>
										
									
										
									
										
									
										
									
										
									
										
									
								
							
								
							
								
							
						
							
								
							
								
							
								
									
										
									
										
											
											<td class="fail">FAIL</td>
										
									
										
									
										
									
										
									
										
									
								
							
								
							
								
							
						
							
								
							
								
							
								
									
										
									
										
									
										
											
											<td class="fail">FAIL</td>
										
									
										
									
										
									
										
									
								
							
								
							
								
							
						
							
								
							
								
							
								
									
										
									
										
									
										
									
										
											
											<td class="fail">FAIL</td>
										
									
										
									
										
									
								
							
								
							
								
							
						
							
								
							
								
							
								
									
										
									
										
									
										
									
										
									
										
											
											<td class="fail">FAIL</td>
										
									
										
									
								
							
								
							
								
							
						
							
								
							
								
							
								
									
										
									
										
									
										
									
										
									
										
									
										
											
											<td class="fail">FAIL</td>
										
									
								
							
								
							
								
							
						
					</tr>
					
					<tr>
						<td>
							<a href="#arduino%3asamd%3amkrwifi1010"><b>arduino:samd:mkrwifi1010</b></a>
							<br />
							<small>1.8.12</small>
						</td>

						
						
						
							<td>Yes ⚠️</td>
							<td class="fail">FAIL</td>
						
						

						
							
								
							
								
							
								
							
								
									
										
											
											<td class="fail">FAIL</td>
										
									
										
									
										
									
										
									
										
									
										
									
								
							
								
							
						
							
								
							
								
							
								
							
								
									
										
									
										
											
											<td class="fail">FAIL</td>
										
									
										
									
										
									
										
									
										
									
								
							
								
							
						
							
								
							
								
							
								
							
								
									
										
									
										
									
										
											
											<td class="fail">FAIL</td>
										
									
										
									
										
									
										
									
								
							
								
							
						
							
								
							
								
							
								
							
								
									
										
									
										
									
										
									
										
											
											<td class="fail">FAIL</td>
										
									
										
									
										
									
								
							
								
							
						
							
								
							
								
							
								
							
								
									
										
									
										
									
										
									
										
									
										
											
											<td class="fail">FAIL</td>
										
									
										
									
								
							
								
							
						
							
								
							
								
							
								
							
								
									
										
									
										
									
										
									
										
									
										
									
										
											
											<td class="fail">FAIL</td>
										
									
								
							
								
							
						
					</tr>
					
					<tr>
						<td>
							<a href="#esp32%3aesp32%3ad1_mini32"><b>esp32:esp32:d1_mini32</b></a>
							<br />
							<small>1.0.6</small>
						</td>

						
						
						
							<td>Yes ⚠️</td>
							<td class="fail">FAIL</td>
						
						

						
							
								
							
								
							
								
							
								
							
								
									
										
											
											<td class="fail">FAIL</td>
										
									
										
									
										
									
										
									
										
									
										
									
								
							
						
							
								
							
								
							
								
							
								
							
								
									
										
									
										
											
											<td class="fail">FAIL</td>
										
									
										
									
										
									
										
									
										
									
								
							
						
							
								
							
								
							
								
							
								
							
								
									
										
									
										
									
										
											
											<td class="fail">FAIL</td>
										
									
										
									
										
									
										
									
								
							
						
							
								
							
								
							
								
							
								
							
								
									
										
									
										
									
										
									
										
											
											<td class="fail">FAIL</td>
										
									
										
									
										
									
								
							
						
							
								
							
								
							
								
							
								
							
								
									
										
									
										
									
										
									
										
									
										
											
											<td class="fail">FAIL</td>
										
									
										
									
								
							
						
							
								
							
								
							
								
							
								
							
								
									
										
									
										
									
										
									
										
									
										
									
										
											
											<td class="fail">FAIL</td>
										
									
								
							
						
					</tr>
					
				</table>

				<h2>Compilation logs</h2>
				
				<h3 id="arduino:avr:uno">arduino:avr:uno @ 1.8.4</h3>
				<h4>Inclusion</h4>
				<p>
					Result: <b>PASS</b>
					
					<br />This library has no main header file so an empty one was created.
					
				</p>
				<pre class="pre-scrollable">Sketch uses 464 bytes (1%) of program storage space. Maximum is 32256 bytes.
Global variables use 9 bytes (0%) of dynamic memory, leaving 2039 bytes for local variables. Maximum is 2048 bytes.
</pre>

					
					<h4>examples/Blink</h4>
					<p>
						Result: <b>FAIL</b>
					</p>
					<pre class="pre-scrollable">/home/ec2-user/arduino-testlib/cli-datadir/user/libraries/Task_Scheduler/examples/Blink/Blink.ino: In function &#39;void setup()&#39;:
/home/ec2-user/arduino-testlib/cli-datadir/user/libraries/Task_Scheduler/examples/Blink/Blink.ino:29:3: error: &#39;Tasks_Init&#39; was not declared in this scope
   Tasks_Init();
   ^~~~~~~~~~
/home/ec2-user/arduino-testlib/cli-datadir/user/libraries/Task_Scheduler/examples/Blink/Blink.ino:30:20: error: invalid cast to abstract class type &#39;Task&#39;
   Tasks_Add((Task) blink, 500, 0);
                    ^~~~~
In file included from /home/ec2-user/arduino-testlib/cli-datadir/user/libraries/Task_Scheduler/examples/Blink/Blink.ino:14:0:
/home/ec2-user/arduino-testlib/cli-datadir/user/libraries/Tasks/src/Tasks.h:45:7: note:   because the following virtual functions are pure within &#39;Task&#39;:
 class Task {
       ^~~~
/home/ec2-user/arduino-testlib/cli-datadir/user/libraries/Tasks/src/Tasks.h:51:18: note: 	virtual void Task::update()
     virtual void update() = 0;
                  ^~~~~~
/home/ec2-user/arduino-testlib/cli-datadir/user/libraries/Task_Scheduler/examples/Blink/Blink.ino:30:3: error: &#39;Tasks_Add&#39; was not declared in this scope
   Tasks_Add((Task) blink, 500, 0);
   ^~~~~~~~~
/home/ec2-user/arduino-testlib/cli-datadir/user/libraries/Task_Scheduler/examples/Blink/Blink.ino:31:3: error: &#39;Tasks_Start&#39; was not declared in this scope
   Tasks_Start();
   ^~~~~~~~~~~
/home/ec2-user/arduino-testlib/cli-datadir/user/libraries/Task_Scheduler/examples/Blink/Blink.ino:31:3: note: suggested alternative: &#39;va_start&#39;
   Tasks_Start();
   ^~~~~~~~~~~
   va_start
Multiple libraries were found for &#34;Tasks.h&#34;
  Used: /home/ec2-user/arduino-testlib/cli-datadir/user/libraries/Tasks
  Not used: /home/ec2-user/arduino-testlib/cli-datadir/user/libraries/Task_Scheduler
</pre>
					
					<h4>examples/Blink_2</h4>
					<p>
						Result: <b>FAIL</b>
					</p>
					<pre class="pre-scrollable">/home/ec2-user/arduino-testlib/cli-datadir/user/libraries/Task_Scheduler/examples/Blink_2/Blink_2.ino: In function &#39;void setup()&#39;:
/home/ec2-user/arduino-testlib/cli-datadir/user/libraries/Task_Scheduler/examples/Blink_2/Blink_2.ino:42:3: error: &#39;Tasks_Init&#39; was not declared in this scope
   Tasks_Init();
   ^~~~~~~~~~
/home/ec2-user/arduino-testlib/cli-datadir/user/libraries/Task_Scheduler/examples/Blink_2/Blink_2.ino:43:20: error: invalid cast to abstract class type &#39;Task&#39;
   Tasks_Add((Task) toggle_1, 10, 0);
                    ^~~~~~~~
In file included from /home/ec2-user/arduino-testlib/cli-datadir/user/libraries/Task_Scheduler/examples/Blink_2/Blink_2.ino:15:0:
/home/ec2-user/arduino-testlib/cli-datadir/user/libraries/Tasks/src/Tasks.h:45:7: note:   because the following virtual functions are pure within &#39;Task&#39;:
 class Task {
       ^~~~
/home/ec2-user/arduino-testlib/cli-datadir/user/libraries/Tasks/src/Tasks.h:51:18: note: 	virtual void Task::update()
     virtual void update() = 0;
                  ^~~~~~
/home/ec2-user/arduino-testlib/cli-datadir/user/libraries/Task_Scheduler/examples/Blink_2/Blink_2.ino:43:3: error: &#39;Tasks_Add&#39; was not declared in this scope
   Tasks_Add((Task) toggle_1, 10, 0);
   ^~~~~~~~~
/home/ec2-user/arduino-testlib/cli-datadir/user/libraries/Task_Scheduler/examples/Blink_2/Blink_2.ino:44:20: error: invalid cast to abstract class type &#39;Task&#39;
   Tasks_Add((Task) toggle_2, 1, 0);
                    ^~~~~~~~
/home/ec2-user/arduino-testlib/cli-datadir/user/libraries/Task_Scheduler/examples/Blink_2/Blink_2.ino:45:3: error: &#39;Tasks_Start&#39; was not declared in this scope
   Tasks_Start();
   ^~~~~~~~~~~
/home/ec2-user/arduino-testlib/cli-datadir/user/libraries/Task_Scheduler/examples/Blink_2/Blink_2.ino:45:3: note: suggested alternative: &#39;va_start&#39;
   Tasks_Start();
   ^~~~~~~~~~~
   va_start
Multiple libraries were found for &#34;Tasks.h&#34;
  Used: /home/ec2-user/arduino-testlib/cli-datadir/user/libraries/Tasks
  Not used: /home/ec2-user/arduino-testlib/cli-datadir/user/libraries/Task_Scheduler
</pre>
					
					<h4>examples/Class_methods</h4>
					<p>
						Result: <b>FAIL</b>
					</p>
					<pre class="pre-scrollable">/home/ec2-user/arduino-testlib/cli-datadir/user/libraries/Task_Scheduler/examples/Class_methods/Class_methods.ino: In function &#39;void setup()&#39;:
/home/ec2-user/arduino-testlib/cli-datadir/user/libraries/Task_Scheduler/examples/Class_methods/Class_methods.ino:39:3: error: &#39;Tasks_Init&#39; was not declared in this scope
   Tasks_Init();
   ^~~~~~~~~~
/home/ec2-user/arduino-testlib/cli-datadir/user/libraries/Task_Scheduler/examples/Class_methods/Class_methods.ino:40:20: error: invalid cast to abstract class type &#39;Task&#39;
   Tasks_Add((Task) item1_print, 1000, 0);      // Use handlers for non-static member functions!
                    ^~~~~~~~~~~
In file included from /home/ec2-user/arduino-testlib/cli-datadir/user/libraries/Task_Scheduler/examples/Class_methods/Class_methods.ino:17:0:
/home/ec2-user/arduino-testlib/cli-datadir/user/libraries/Tasks/src/Tasks.h:45:7: note:   because the following virtual functions are pure within &#39;Task&#39;:
 class Task {
       ^~~~
/home/ec2-user/arduino-testlib/cli-datadir/user/libraries/Tasks/src/Tasks.h:51:18: note: 	virtual void Task::update()
     virtual void update() = 0;
                  ^~~~~~
/home/ec2-user/arduino-testlib/cli-datadir/user/libraries/Task_Scheduler/examples/Class_methods/Class_methods.ino:40:3: error: &#39;Tasks_Add&#39; was not declared in this scope
   Tasks_Add((Task) item1_print, 1000, 0);      // Use handlers for non-static member functions!
   ^~~~~~~~~
/home/ec2-user/arduino-testlib/cli-datadir/user/libraries/Task_Scheduler/examples/Class_methods/Class_methods.ino:41:20: error: invalid cast to abstract class type &#39;Task&#39;
   Tasks_Add((Task) item2_print, 1000, 500);
                    ^~~~~~~~~~~
/home/ec2-user/arduino-testlib/cli-datadir/user/libraries/Task_Scheduler/examples/Class_methods/Class_methods.ino:42:3: error: &#39;Tasks_Start&#39; was not declared in this scope
   Tasks_Start();
   ^~~~~~~~~~~
/home/ec2-user/arduino-testlib/cli-datadir/user/libraries/Task_Scheduler/examples/Class_methods/Class_methods.ino:42:3: note: suggested alternative: &#39;va_start&#39;
   Tasks_Start();
   ^~~~~~~~~~~
   va_start
/home/ec2-user/arduino-testlib/cli-datadir/user/libraries/Task_Scheduler/examples/Class_methods/Class_methods.ino: In function &#39;void _loop()&#39;:
/home/ec2-user/arduino-testlib/cli-datadir/user/libraries/Task_Scheduler/examples/Class_methods/Class_methods.ino:51:24: error: invalid cast to abstract class type &#39;Task&#39;
     Tasks_Delay((Task) item1_print, 2000);
                        ^~~~~~~~~~~
/home/ec2-user/arduino-testlib/cli-datadir/user/libraries/Task_Scheduler/examples/Class_methods/Class_methods.ino:51:5: error: &#39;Tasks_Delay&#39; was not declared in this scope
     Tasks_Delay((Task) item1_print, 2000);
     ^~~~~~~~~~~
/home/ec2-user/arduino-testlib/cli-datadir/user/libraries/Task_Scheduler/examples/Class_methods/Class_methods.ino:52:29: error: invalid cast to abstract class type &#39;Task&#39;
     Tasks_Pause_Task((Task) item2_print);
                             ^~~~~~~~~~~
/home/ec2-user/arduino-testlib/cli-datadir/user/libraries/Task_Scheduler/examples/Class_methods/Class_methods.ino:52:5: error: &#39;Tasks_Pause_Task&#39; was not declared in this scope
     Tasks_Pause_Task((Task) item2_print);
     ^~~~~~~~~~~~~~~~
Multiple libraries were found for &#34;Tasks.h&#34;
  Used: /home/ec2-user/arduino-testlib/cli-datadir/user/libraries/Tasks
  Not used: /home/ec2-user/arduino-testlib/cli-datadir/user/libraries/Task_Scheduler
</pre>
					
					<h4>examples/Class_methods_2</h4>
					<p>
						Result: <b>FAIL</b>
					</p>
					<pre class="pre-scrollable">/home/ec2-user/arduino-testlib/cli-datadir/user/libraries/Task_Scheduler/examples/Class_methods_2/Class_methods_2.ino: In function &#39;void setup()&#39;:
/home/ec2-user/arduino-testlib/cli-datadir/user/libraries/Task_Scheduler/examples/Class_methods_2/Class_methods_2.ino:38:3: error: &#39;Tasks_Init&#39; was not declared in this scope
   Tasks_Init();
   ^~~~~~~~~~
�����������������������������������������������������������������������������������������In file included from /home/ec2-user/arduino-testlib/cli-datadir/user/libraries/Task_Scheduler/examples/Class_methods_2/Test_Class.cpp:9:0:
/home/ec2-user/arduino-testlib/cli-datadir/user/libraries/Tasks/src/Tasks.hIn file included from /home/ec2-user/arduino-testlib/cli-datadir/user/libraries/Task_Scheduler/examples/Class_methods_2/Class_methods_2.ino:16:0:
/home/ec2-user/arduino-testlib/cli-datadir/user/libraries/Tasks/src/Tasks.h:45:7: note:   because the following virtual functions are pure within &#39;Task&#39;:
 class Task {
       ^~~~
/home/ec2-user/arduino-testlib/cli-datadir/user/libraries/Tasks/src/Tasks.h:51:18: note: 	virtual void Task::update()
     virtual void update() = 0;
                  ^~~~~~
/home/ec2-user/arduino-testlib/cli-datadir/user/libraries/Task_Scheduler/examples/Class_methods_2/Class_methods_2.ino:39:3: error: &#39;Tasks_Add&#39; was not declared in this scope
   Tasks_Add((Task) item1_print, 1000, 0);      // Use handlers for non-static member functions!
   ^~~~~~~~~
/home/ec2-user/arduino-testlib/cli-datadir/user/libraries/Task_Scheduler/examples/Class_methods_2/Class_methods_2.ino:40:20: error: invalid cast to abstract class type &#39;Task&#39;
   Tasks_Add((Task) item2_print, 1000, 500);
                    ^~~~~~~~~~~
/home/ec2-user/arduino-testlib/cli-datadir/user/libraries/Task_Scheduler/examples/Class_methods_2/Class_methods_2.ino:41:3: error: &#39;Tasks_Start&#39; was not declared in this scope
   Tasks_Start();
   ^~~~~~~~~~~
/home/ec2-user/arduino-testlib/cli-datadir/user/libraries/Task_Scheduler/examples/Class_methods_2/Class_methods_2.ino:41:3: note: suggested alternative: &#39;va_start&#39;
   Tasks_Start();
   ^~~~~~~~~~~
   va_start
/home/ec2-user/arduino-testlib/cli-datadir/user/libraries/Task_Scheduler/examples/Class_methods_2/Class_methods_2.ino: In function &#39;void _loop()&#39;:
/home/ec2-user/arduino-testlib/cli-datadir/user/libraries/Task_Scheduler/examples/Class_methods_2/Class_methods_2.ino:50:24: error: invalid cast to abstract class type &#39;Task&#39;
     Tasks_Delay((Task) item1_print, 2000);
                        ^~~~~~~~~~~
/home/ec2-user/arduino-testlib/cli-datadir/user/libraries/Task_Scheduler/examples/Class_methods_2/Class_methods_2.ino:50:5: error: &#39;Tasks_Delay&#39; was not declared in this scope
     Tasks_Delay((Task) item1_print, 2000);
     ^~~~~~~~~~~
/home/ec2-user/arduino-testlib/cli-datadir/user/libraries/Task_Scheduler/examples/Class_methods_2/Class_methods_2.ino:51:29: error: invalid cast to abstract class type &#39;Task&#39;
     Tasks_Pause_Task((Task) item2_print);
                             ^~~~~~~~~~~
/home/ec2-user/arduino-testlib/cli-datadir/user/libraries/Task_Scheduler/examples/Class_methods_2/Class_methods_2.ino:51:5: error: &#39;Tasks_Pause_Task&#39; was not declared in this scope
     Tasks_Pause_Task((Task) item2_print);
     ^~~~~~~~~~~~~~~~
Multiple libraries were found for &#34;Tasks.h&#34;
  Used: /home/ec2-user/arduino-testlib/cli-datadir/user/libraries/Tasks
  Not used: /home/ec2-user/arduino-testlib/cli-datadir/user/libraries/Task_Scheduler
</pre>
					
					<h4>examples/Scheduling_1</h4>
					<p>
						Result: <b>FAIL</b>
					</p>
					<pre class="pre-scrollable">/home/ec2-user/arduino-testlib/cli-datadir/user/libraries/Task_Scheduler/examples/Scheduling_1/Scheduling_1.ino: In function &#39;void setup()&#39;:
/home/ec2-user/arduino-testlib/cli-datadir/user/libraries/Task_Scheduler/examples/Scheduling_1/Scheduling_1.ino:38:3: error: &#39;Tasks_Init&#39; was not declared in this scope
   Tasks_Init();
   ^~~~~~~~~~
/home/ec2-user/arduino-testlib/cli-datadir/user/libraries/Task_Scheduler/examples/Scheduling_1/Scheduling_1.ino:41:20: error: invalid cast to abstract class type &#39;Task&#39;
   Tasks_Add((Task) task_1, 1000, 0);
                    ^~~~~~
In file included from /home/ec2-user/arduino-testlib/cli-datadir/user/libraries/Task_Scheduler/examples/Scheduling_1/Scheduling_1.ino:13:0:
/home/ec2-user/arduino-testlib/cli-datadir/user/libraries/Tasks/src/Tasks.h:45:7: note:   because the following virtual functions are pure within &#39;Task&#39;:
 class Task {
       ^~~~
/home/ec2-user/arduino-testlib/cli-datadir/user/libraries/Tasks/src/Tasks.h:51:18: note: 	virtual void Task::update()
     virtual void update() = 0;
                  ^~~~~~
/home/ec2-user/arduino-testlib/cli-datadir/user/libraries/Task_Scheduler/examples/Scheduling_1/Scheduling_1.ino:41:3: error: &#39;Tasks_Add&#39; was not declared in this scope
   Tasks_Add((Task) task_1, 1000, 0);
   ^~~~~~~~~
/home/ec2-user/arduino-testlib/cli-datadir/user/libraries/Task_Scheduler/examples/Scheduling_1/Scheduling_1.ino:42:20: error: invalid cast to abstract class type &#39;Task&#39;
   Tasks_Add((Task) task_2, 1000, 100);
                    ^~~~~~
/home/ec2-user/arduino-testlib/cli-datadir/user/libraries/Task_Scheduler/examples/Scheduling_1/Scheduling_1.ino:43:20: error: invalid cast to abstract class type &#39;Task&#39;
   Tasks_Add((Task) task_3, 1000, 200);
                    ^~~~~~
/home/ec2-user/arduino-testlib/cli-datadir/user/libraries/Task_Scheduler/examples/Scheduling_1/Scheduling_1.ino:44:20: error: invalid cast to abstract class type &#39;Task&#39;
   Tasks_Add((Task) task_4, 1000, 300);
                    ^~~~~~
/home/ec2-user/arduino-testlib/cli-datadir/user/libraries/Task_Scheduler/examples/Scheduling_1/Scheduling_1.ino:45:20: error: invalid cast to abstract class type &#39;Task&#39;
   Tasks_Add((Task) task_5, 1000, 400);
                    ^~~~~~
/home/ec2-user/arduino-testlib/cli-datadir/user/libraries/Task_Scheduler/examples/Scheduling_1/Scheduling_1.ino:48:3: error: &#39;Tasks_Start&#39; was not declared in this scope
   Tasks_Start();
   ^~~~~~~~~~~
/home/ec2-user/arduino-testlib/cli-datadir/user/libraries/Task_Scheduler/examples/Scheduling_1/Scheduling_1.ino:48:3: note: suggested alternative: &#39;va_start&#39;
   Tasks_Start();
   ^~~~~~~~~~~
   va_start
Multiple libraries were found for &#34;Tasks.h&#34;
  Used: /home/ec2-user/arduino-testlib/cli-datadir/user/libraries/Tasks
  Not used: /home/ec2-user/arduino-testlib/cli-datadir/user/libraries/Task_Scheduler
</pre>
					
					<h4>examples/Scheduling_2</h4>
					<p>
						Result: <b>FAIL</b>
					</p>
					<pre class="pre-scrollable">/home/ec2-user/arduino-testlib/cli-datadir/user/libraries/Task_Scheduler/examples/Scheduling_2/Scheduling_2.ino: In function &#39;void setup()&#39;:
/home/ec2-user/arduino-testlib/cli-datadir/user/libraries/Task_Scheduler/examples/Scheduling_2/Scheduling_2.ino:52:3: error: &#39;Tasks_Init&#39; was not declared in this scope
   Tasks_Init();
   ^~~~~~~~~~
/home/ec2-user/arduino-testlib/cli-datadir/user/libraries/Task_Scheduler/examples/Scheduling_2/Scheduling_2.ino:55:20: error: invalid cast to abstract class type &#39;Task&#39;
   Tasks_Add((Task) print_pause, PERIOD_PRINT, 500);
                    ^~~~~~~~~~~
In file included from /home/ec2-user/arduino-testlib/cli-datadir/user/libraries/Task_Scheduler/examples/Scheduling_2/Scheduling_2.ino:13:0:
/home/ec2-user/arduino-testlib/cli-datadir/user/libraries/Tasks/src/Tasks.h:45:7: note:   because the following virtual functions are pure within &#39;Task&#39;:
 class Task {
       ^~~~
/home/ec2-user/arduino-testlib/cli-datadir/user/libraries/Tasks/src/Tasks.h:51:18: note: 	virtual void Task::update()
     virtual void update() = 0;
                  ^~~~~~
/home/ec2-user/arduino-testlib/cli-datadir/user/libraries/Task_Scheduler/examples/Scheduling_2/Scheduling_2.ino:55:3: error: &#39;Tasks_Add&#39; was not declared in this scope
   Tasks_Add((Task) print_pause, PERIOD_PRINT, 500);
   ^~~~~~~~~
/home/ec2-user/arduino-testlib/cli-datadir/user/libraries/Task_Scheduler/examples/Scheduling_2/Scheduling_2.ino:56:20: error: invalid cast to abstract class type &#39;Task&#39;
   Tasks_Add((Task) toggle_LED, PERIOD_LED, 500);
                    ^~~~~~~~~~
/home/ec2-user/arduino-testlib/cli-datadir/user/libraries/Task_Scheduler/examples/Scheduling_2/Scheduling_2.ino:59:3: error: &#39;Tasks_Start&#39; was not declared in this scope
   Tasks_Start();
   ^~~~~~~~~~~
/home/ec2-user/arduino-testlib/cli-datadir/user/libraries/Task_Scheduler/examples/Scheduling_2/Scheduling_2.ino:59:3: note: suggested alternative: &#39;va_start&#39;
   Tasks_Start();
   ^~~~~~~~~~~
   va_start
/home/ec2-user/arduino-testlib/cli-datadir/user/libraries/Task_Scheduler/examples/Scheduling_2/Scheduling_2.ino: In function &#39;void _loop()&#39;:
/home/ec2-user/arduino-testlib/cli-datadir/user/libraries/Task_Scheduler/examples/Scheduling_2/Scheduling_2.ino:78:28: error: invalid cast to abstract class type &#39;Task&#39;
         Tasks_Delay((Task) print_pause, 1); // force next execution
                            ^~~~~~~~~~~
/home/ec2-user/arduino-testlib/cli-datadir/user/libraries/Task_Scheduler/examples/Scheduling_2/Scheduling_2.ino:78:9: error: &#39;Tasks_Delay&#39; was not declared in this scope
         Tasks_Delay((Task) print_pause, 1); // force next execution
         ^~~~~~~~~~~
/home/ec2-user/arduino-testlib/cli-datadir/user/libraries/Task_Scheduler/examples/Scheduling_2/Scheduling_2.ino:84:28: error: invalid cast to abstract class type &#39;Task&#39;
         Tasks_Delay((Task) print_pause, 1); // force next execution
                            ^~~~~~~~~~~
/home/ec2-user/arduino-testlib/cli-datadir/user/libraries/Task_Scheduler/examples/Scheduling_2/Scheduling_2.ino:89:33: error: invalid cast to abstract class type &#39;Task&#39;
         Tasks_Pause_Task((Task) print_pause);
                                 ^~~~~~~~~~~
/home/ec2-user/arduino-testlib/cli-datadir/user/libraries/Task_Scheduler/examples/Scheduling_2/Scheduling_2.ino:89:9: error: &#39;Tasks_Pause_Task&#39; was not declared in this scope
         Tasks_Pause_Task((Task) print_pause);
         ^~~~~~~~~~~~~~~~
/home/ec2-user/arduino-testlib/cli-datadir/user/libraries/Task_Scheduler/examples/Scheduling_2/Scheduling_2.ino:94:33: error: invalid cast to abstract class type &#39;Task&#39;
         Tasks_Start_Task((Task) print_pause);
                                 ^~~~~~~~~~~
/home/ec2-user/arduino-testlib/cli-datadir/user/libraries/Task_Scheduler/examples/Scheduling_2/Scheduling_2.ino:94:9: error: &#39;Tasks_Start_Task&#39; was not declared in this scope
         Tasks_Start_Task((Task) print_pause);
         ^~~~~~~~~~~~~~~~
/home/ec2-user/arduino-testlib/cli-datadir/user/libraries/Task_Scheduler/examples/Scheduling_2/Scheduling_2.ino:99:9: error: &#39;Tasks_Pause&#39; was not declared in this scope
         Tasks_Pause();
         ^~~~~~~~~~~
/home/ec2-user/arduino-testlib/cli-datadir/user/libraries/Task_Scheduler/examples/Scheduling_2/Scheduling_2.ino:104:9: error: &#39;Tasks_Start&#39; was not declared in this scope
         Tasks_Start();
         ^~~~~~~~~~~
/home/ec2-user/arduino-testlib/cli-datadir/user/libraries/Task_Scheduler/examples/Scheduling_2/Scheduling_2.ino:104:9: note: suggested alternative: &#39;va_start&#39;
         Tasks_Start();
         ^~~~~~~~~~~
         va_start
/home/ec2-user/arduino-testlib/cli-datadir/user/libraries/Task_Scheduler/examples/Scheduling_2/Scheduling_2.ino: In function &#39;void print_pause()&#39;:
/home/ec2-user/arduino-testlib/cli-datadir/user/libraries/Task_Scheduler/examples/Scheduling_2/Scheduling_2.ino:119:24: error: invalid cast to abstract class type &#39;Task&#39;
     Tasks_Delay((Task) print_pause, g_period);
                        ^~~~~~~~~~~
/home/ec2-user/arduino-testlib/cli-datadir/user/libraries/Task_Scheduler/examples/Scheduling_2/Scheduling_2.ino:119:5: error: &#39;Tasks_Delay&#39; was not declared in this scope
     Tasks_Delay((Task) print_pause, g_period);
     ^~~~~~~~~~~
Multiple libraries were found for &#34;Tasks.h&#34;
  Used: /home/ec2-user/arduino-testlib/cli-datadir/user/libraries/Tasks
  Not used: /home/ec2-user/arduino-testlib/cli-datadir/user/libraries/Task_Scheduler
</pre>
					
				
				<h3 id="arduino:mbed_nano:nanorp2040connect">arduino:mbed_nano:nanorp2040connect @ 2.7.2</h3>
				<h4>Inclusion</h4>
				<p>
					Result: <b>FAIL</b>
					
				</p>
				<pre class="pre-scrollable">/home/ec2-user/arduino-testlib/cli-datadir/user/libraries/Task_Scheduler/src/Tasks.cpp:12:6: error: #error board not supported, error
     #error board not supported, error
      ^~~~~
/home/ec2-user/arduino-testlib/cli-datadir/user/libraries/Task_Scheduler/src/Tasks.cpp: In function &#39;void Scheduler_update_nexttime()&#39;:
/home/ec2-user/arduino-testlib/cli-datadir/user/libraries/Task_Scheduler/src/Tasks.cpp:95:5: error: &#39;PAUSE_INTERRUPTS&#39; was not declared in this scope
     PAUSE_INTERRUPTS;
     ^~~~~~~~~~~~~~~~
/home/ec2-user/arduino-testlib/cli-datadir/user/libraries/Task_Scheduler/src/Tasks.cpp:95:5: note: suggested alternative: &#39;DEVICE_INTERRUPTIN&#39;
     PAUSE_INTERRUPTS;
     ^~~~~~~~~~~~~~~~
     DEVICE_INTERRUPTIN
/home/ec2-user/arduino-testlib/cli-datadir/user/libraries/Task_Scheduler/src/Tasks.cpp:119:5: error: &#39;RESUME_INTERRUPTS&#39; was not declared in this scope
     RESUME_INTERRUPTS;
     ^~~~~~~~~~~~~~~~~
/home/ec2-user/arduino-testlib/cli-datadir/user/libraries/Task_Scheduler/src/Tasks.cpp:119:5: note: suggested alternative: &#39;DEVICE_INTERRUPTIN&#39;
     RESUME_INTERRUPTS;
     ^~~~~~~~~~~~~~~~~
     DEVICE_INTERRUPTIN
/home/ec2-user/arduino-testlib/cli-datadir/user/libraries/Task_Scheduler/src/Tasks.cpp: In function &#39;void Tasks_Clear()&#39;:
/home/ec2-user/arduino-testlib/cli-datadir/user/libraries/Task_Scheduler/src/Tasks.cpp:149:5: error: &#39;PAUSE_INTERRUPTS&#39; was not declared in this scope
     PAUSE_INTERRUPTS;
     ^~~~~~~~~~~~~~~~
/home/ec2-user/arduino-testlib/cli-datadir/user/libraries/Task_Scheduler/src/Tasks.cpp:149:5: note: suggested alternative: &#39;DEVICE_INTERRUPTIN&#39;
     PAUSE_INTERRUPTS;
     ^~~~~~~~~~~~~~~~
     DEVICE_INTERRUPTIN
/home/ec2-user/arduino-testlib/cli-datadir/user/libraries/Task_Scheduler/src/Tasks.cpp:167:5: error: &#39;RESUME_INTERRUPTS&#39; was not declared in this scope
     RESUME_INTERRUPTS;
     ^~~~~~~~~~~~~~~~~
/home/ec2-user/arduino-testlib/cli-datadir/user/libraries/Task_Scheduler/src/Tasks.cpp:167:5: note: suggested alternative: &#39;DEVICE_INTERRUPTIN&#39;
     RESUME_INTERRUPTS;
     ^~~~~~~~~~~~~~~~~
     DEVICE_INTERRUPTIN
/home/ec2-user/arduino-testlib/cli-datadir/user/libraries/Task_Scheduler/src/Tasks.cpp: In function &#39;bool Tasks_Add(Task, int16_t, int16_t)&#39;:
/home/ec2-user/arduino-testlib/cli-datadir/user/libraries/Task_Scheduler/src/Tasks.cpp:189:9: error: &#39;PAUSE_INTERRUPTS&#39; was not declared in this scope
         PAUSE_INTERRUPTS;
         ^~~~~~~~~~~~~~~~
/home/ec2-user/arduino-testlib/cli-datadir/user/libraries/Task_Scheduler/src/Tasks.cpp:189:9: note: suggested alternative: &#39;DEVICE_INTERRUPTIN&#39;
         PAUSE_INTERRUPTS;
         ^~~~~~~~~~~~~~~~
         DEVICE_INTERRUPTIN
/home/ec2-user/arduino-testlib/cli-datadir/user/libraries/Task_Scheduler/src/Tasks.cpp:200:13: error: &#39;RESUME_INTERRUPTS&#39; was not declared in this scope
             RESUME_INTERRUPTS;
             ^~~~~~~~~~~~~~~~~
/home/ec2-user/arduino-testlib/cli-datadir/user/libraries/Task_Scheduler/src/Tasks.cpp:200:13: note: suggested alternative: &#39;DEVICE_INTERRUPTIN&#39;
             RESUME_INTERRUPTS;
             ^~~~~~~~~~~~~~~~~
             DEVICE_INTERRUPTIN
/home/ec2-user/arduino-testlib/cli-datadir/user/libraries/Task_Scheduler/src/Tasks.cpp:210:9: error: &#39;RESUME_INTERRUPTS&#39; was not declared in this scope
         RESUME_INTERRUPTS;
         ^~~~~~~~~~~~~~~~~
/home/ec2-user/arduino-testlib/cli-datadir/user/libraries/Task_Scheduler/src/Tasks.cpp:210:9: note: suggested alternative: &#39;DEVICE_INTERRUPTIN&#39;
         RESUME_INTERRUPTS;
         ^~~~~~~~~~~~~~~~~
         DEVICE_INTERRUPTIN
/home/ec2-user/arduino-testlib/cli-datadir/user/libraries/Task_Scheduler/src/Tasks.cpp:218:9: error: &#39;PAUSE_INTERRUPTS&#39; was not declared in this scope
         PAUSE_INTERRUPTS;
         ^~~~~~~~~~~~~~~~
/home/ec2-user/arduino-testlib/cli-datadir/user/libraries/Task_Scheduler/src/Tasks.cpp:218:9: note: suggested alternative: &#39;DEVICE_INTERRUPTIN&#39;
         PAUSE_INTERRUPTS;
         ^~~~~~~~~~~~~~~~
         DEVICE_INTERRUPTIN
/home/ec2-user/arduino-testlib/cli-datadir/user/libraries/Task_Scheduler/src/Tasks.cpp:235:13: error: &#39;RESUME_INTERRUPTS&#39; was not declared in this scope
             RESUME_INTERRUPTS;
             ^~~~~~~~~~~~~~~~~
/home/ec2-user/arduino-testlib/cli-datadir/user/libraries/Task_Scheduler/src/Tasks.cpp:235:13: note: suggested alternative: &#39;DEVICE_INTERRUPTIN&#39;
             RESUME_INTERRUPTS;
             ^~~~~~~~~~~~~~~~~
             DEVICE_INTERRUPTIN
/home/ec2-user/arduino-testlib/cli-datadir/user/libraries/Task_Scheduler/src/Tasks.cpp:246:9: error: &#39;RESUME_INTERRUPTS&#39; was not declared in this scope
         RESUME_INTERRUPTS;
         ^~~~~~~~~~~~~~~~~
/home/ec2-user/arduino-testlib/cli-datadir/user/libraries/Task_Scheduler/src/Tasks.cpp:246:9: note: suggested alternative: &#39;DEVICE_INTERRUPTIN&#39;
         RESUME_INTERRUPTS;
         ^~~~~~~~~~~~~~~~~
         DEVICE_INTERRUPTIN
/home/ec2-user/arduino-testlib/cli-datadir/user/libraries/Task_Scheduler/src/Tasks.cpp: In function &#39;bool Tasks_Remove(Task)&#39;:
/home/ec2-user/arduino-testlib/cli-datadir/user/libraries/Task_Scheduler/src/Tasks.cpp:264:9: error: &#39;PAUSE_INTERRUPTS&#39; was not declared in this scope
         PAUSE_INTERRUPTS;
         ^~~~~~~~~~~~~~~~
/home/ec2-user/arduino-testlib/cli-datadir/user/libraries/Task_Scheduler/src/Tasks.cpp:264:9: note: suggested alternative: &#39;DEVICE_INTERRUPTIN&#39;
         PAUSE_INTERRUPTS;
         ^~~~~~~~~~~~~~~~
         DEVICE_INTERRUPTIN
/home/ec2-user/arduino-testlib/cli-datadir/user/libraries/Task_Scheduler/src/Tasks.cpp:291:13: error: &#39;RESUME_INTERRUPTS&#39; was not declared in this scope
             RESUME_INTERRUPTS;
             ^~~~~~~~~~~~~~~~~
/home/ec2-user/arduino-testlib/cli-datadir/user/libraries/Task_Scheduler/src/Tasks.cpp:291:13: note: suggested alternative: &#39;DEVICE_INTERRUPTIN&#39;
             RESUME_INTERRUPTS;
             ^~~~~~~~~~~~~~~~~
             DEVICE_INTERRUPTIN
/home/ec2-user/arduino-testlib/cli-datadir/user/libraries/Task_Scheduler/src/Tasks.cpp:302:9: error: &#39;RESUME_INTERRUPTS&#39; was not declared in this scope
         RESUME_INTERRUPTS;
         ^~~~~~~~~~~~~~~~~
/home/ec2-user/arduino-testlib/cli-datadir/user/libraries/Task_Scheduler/src/Tasks.cpp:302:9: note: suggested alternative: &#39;DEVICE_INTERRUPTIN&#39;
         RESUME_INTERRUPTS;
         ^~~~~~~~~~~~~~~~~
         DEVICE_INTERRUPTIN
/home/ec2-user/arduino-testlib/cli-datadir/user/libraries/Task_Scheduler/src/Tasks.cpp: In function &#39;bool Tasks_Delay(Task, int16_t)&#39;:
/home/ec2-user/arduino-testlib/cli-datadir/user/libraries/Task_Scheduler/src/Tasks.cpp:329:9: error: &#39;PAUSE_INTERRUPTS&#39; was not declared in this scope
         PAUSE_INTERRUPTS;
         ^~~~~~~~~~~~~~~~
/home/ec2-user/arduino-testlib/cli-datadir/user/libraries/Task_Scheduler/src/Tasks.cpp:329:9: note: suggested alternative: &#39;DEVICE_INTERRUPTIN&#39;
         PAUSE_INTERRUPTS;
         ^~~~~~~~~~~~~~~~
         DEVICE_INTERRUPTIN
/home/ec2-user/arduino-testlib/cli-datadir/user/libraries/Task_Scheduler/src/Tasks.cpp:342:13: error: &#39;RESUME_INTERRUPTS&#39; was not declared in this scope
             RESUME_INTERRUPTS;
             ^~~~~~~~~~~~~~~~~
/home/ec2-user/arduino-testlib/cli-datadir/user/libraries/Task_Scheduler/src/Tasks.cpp:342:13: note: suggested alternative: &#39;DEVICE_INTERRUPTIN&#39;
             RESUME_INTERRUPTS;
             ^~~~~~~~~~~~~~~~~
             DEVICE_INTERRUPTIN
/home/ec2-user/arduino-testlib/cli-datadir/user/libraries/Task_Scheduler/src/Tasks.cpp:353:9: error: &#39;RESUME_INTERRUPTS&#39; was not declared in this scope
         RESUME_INTERRUPTS;
         ^~~~~~~~~~~~~~~~~
/home/ec2-user/arduino-testlib/cli-datadir/user/libraries/Task_Scheduler/src/Tasks.cpp:353:9: note: suggested alternative: &#39;DEVICE_INTERRUPTIN&#39;
         RESUME_INTERRUPTS;
         ^~~~~~~~~~~~~~~~~
         DEVICE_INTERRUPTIN
/home/ec2-user/arduino-testlib/cli-datadir/user/libraries/Task_Scheduler/src/Tasks.cpp: In function &#39;bool Tasks_SetState(Task, bool)&#39;:
/home/ec2-user/arduino-testlib/cli-datadir/user/libraries/Task_Scheduler/src/Tasks.cpp:371:9: error: &#39;PAUSE_INTERRUPTS&#39; was not declared in this scope
         PAUSE_INTERRUPTS;
         ^~~~~~~~~~~~~~~~
/home/ec2-user/arduino-testlib/cli-datadir/user/libraries/Task_Scheduler/src/Tasks.cpp:371:9: note: suggested alternative: &#39;DEVICE_INTERRUPTIN&#39;
         PAUSE_INTERRUPTS;
         ^~~~~~~~~~~~~~~~
         DEVICE_INTERRUPTIN
/home/ec2-user/arduino-testlib/cli-datadir/user/libraries/Task_Scheduler/src/Tasks.cpp:381:13: error: &#39;RESUME_INTERRUPTS&#39; was not declared in this scope
             RESUME_INTERRUPTS;
             ^~~~~~~~~~~~~~~~~
/home/ec2-user/arduino-testlib/cli-datadir/user/libraries/Task_Scheduler/src/Tasks.cpp:381:13: note: suggested alternative: &#39;DEVICE_INTERRUPTIN&#39;
             RESUME_INTERRUPTS;
             ^~~~~~~~~~~~~~~~~
             DEVICE_INTERRUPTIN
/home/ec2-user/arduino-testlib/cli-datadir/user/libraries/Task_Scheduler/src/Tasks.cpp:392:9: error: &#39;RESUME_INTERRUPTS&#39; was not declared in this scope
         RESUME_INTERRUPTS;
         ^~~~~~~~~~~~~~~~~
/home/ec2-user/arduino-testlib/cli-datadir/user/libraries/Task_Scheduler/src/Tasks.cpp:392:9: note: suggested alternative: &#39;DEVICE_INTERRUPTIN&#39;
         RESUME_INTERRUPTS;
         ^~~~~~~~~~~~~~~~~
         DEVICE_INTERRUPTIN

</pre>

					
					<h4>examples/Blink</h4>
					<p>
						Result: <b>FAIL</b>
					</p>
					<pre class="pre-scrollable">/home/ec2-user/arduino-testlib/cli-datadir/user/libraries/Task_Scheduler/examples/Blink/Blink.ino: In function &#39;void setup()&#39;:
/home/ec2-user/arduino-testlib/cli-datadir/user/libraries/Task_Scheduler/examples/Blink/Blink.ino:29:3: error: &#39;Tasks_Init&#39; was not declared in this scope
   Tasks_Init();
   ^~~~~~~~~~
/home/ec2-user/arduino-testlib/cli-datadir/user/libraries/Task_Scheduler/examples/Blink/Blink.ino:29:3: note: suggested alternative: &#39;_spi_init&#39;
   Tasks_Init();
   ^~~~~~~~~~
   _spi_init
/home/ec2-user/arduino-testlib/cli-datadir/user/libraries/Task_Scheduler/examples/Blink/Blink.ino:30:20: error: invalid cast to abstract class type &#39;Task&#39;
   Tasks_Add((Task) blink, 500, 0);
                    ^~~~~
In file included from /home/ec2-user/arduino-testlib/cli-datadir/user/libraries/Task_Scheduler/examples/Blink/Blink.ino:14:0:
/home/ec2-user/arduino-testlib/cli-datadir/user/libraries/Tasks/src/Tasks.h:45:7: note:   because the following virtual functions are pure within &#39;Task&#39;:
 class Task {
       ^~~~
/home/ec2-user/arduino-testlib/cli-datadir/user/libraries/Tasks/src/Tasks.h:51:18: note: 	virtual void Task::update()
     virtual void update() = 0;
                  ^~~~~~
/home/ec2-user/arduino-testlib/cli-datadir/user/libraries/Task_Scheduler/examples/Blink/Blink.ino:30:3: error: &#39;Tasks_Add&#39; was not declared in this scope
   Tasks_Add((Task) blink, 500, 0);
   ^~~~~~~~~
/home/ec2-user/arduino-testlib/cli-datadir/user/libraries/Task_Scheduler/examples/Blink/Blink.ino:31:3: error: &#39;Tasks_Start&#39; was not declared in this scope
   Tasks_Start();
   ^~~~~~~~~~~
/home/ec2-user/arduino-testlib/cli-datadir/user/libraries/Task_Scheduler/examples/Blink/Blink.ino:31:3: note: suggested alternative: &#39;__cmsis_start&#39;
   Tasks_Start();
   ^~~~~~~~~~~
   __cmsis_start
Multiple libraries were found for &#34;Tasks.h&#34;
  Used: /home/ec2-user/arduino-testlib/cli-datadir/user/libraries/Tasks
  Not used: /home/ec2-user/arduino-testlib/cli-datadir/user/libraries/Task_Scheduler
</pre>
					
					<h4>examples/Blink_2</h4>
					<p>
						Result: <b>FAIL</b>
					</p>
					<pre class="pre-scrollable">/home/ec2-user/arduino-testlib/cli-datadir/user/libraries/Task_Scheduler/examples/Blink_2/Blink_2.ino: In function &#39;void setup()&#39;:
/home/ec2-user/arduino-testlib/cli-datadir/user/libraries/Task_Scheduler/examples/Blink_2/Blink_2.ino:42:3: error: &#39;Tasks_Init&#39; was not declared in this scope
   Tasks_Init();
   ^~~~~~~~~~
/home/ec2-user/arduino-testlib/cli-datadir/user/libraries/Task_Scheduler/examples/Blink_2/Blink_2.ino:42:3: note: suggested alternative: &#39;_spi_init&#39;
   Tasks_Init();
   ^~~~~~~~~~
   _spi_init
/home/ec2-user/arduino-testlib/cli-datadir/user/libraries/Task_Scheduler/examples/Blink_2/Blink_2.ino:43:20: error: invalid cast to abstract class type &#39;Task&#39;
   Tasks_Add((Task) toggle_1, 10, 0);
                    ^~~~~~~~
In file included from /home/ec2-user/arduino-testlib/cli-datadir/user/libraries/Task_Scheduler/examples/Blink_2/Blink_2.ino:15:0:
/home/ec2-user/arduino-testlib/cli-datadir/user/libraries/Tasks/src/Tasks.h:45:7: note:   because the following virtual functions are pure within &#39;Task&#39;:
 class Task {
       ^~~~
/home/ec2-user/arduino-testlib/cli-datadir/user/libraries/Tasks/src/Tasks.h:51:18: note: 	virtual void Task::update()
     virtual void update() = 0;
                  ^~~~~~
/home/ec2-user/arduino-testlib/cli-datadir/user/libraries/Task_Scheduler/examples/Blink_2/Blink_2.ino:43:3: error: &#39;Tasks_Add&#39; was not declared in this scope
   Tasks_Add((Task) toggle_1, 10, 0);
   ^~~~~~~~~
/home/ec2-user/arduino-testlib/cli-datadir/user/libraries/Task_Scheduler/examples/Blink_2/Blink_2.ino:44:20: error: invalid cast to abstract class type &#39;Task&#39;
   Tasks_Add((Task) toggle_2, 1, 0);
                    ^~~~~~~~
/home/ec2-user/arduino-testlib/cli-datadir/user/libraries/Task_Scheduler/examples/Blink_2/Blink_2.ino:45:3: error: &#39;Tasks_Start&#39; was not declared in this scope
   Tasks_Start();
   ^~~~~~~~~~~
/home/ec2-user/arduino-testlib/cli-datadir/user/libraries/Task_Scheduler/examples/Blink_2/Blink_2.ino:45:3: note: suggested alternative: &#39;__cmsis_start&#39;
   Tasks_Start();
   ^~~~~~~~~~~
   __cmsis_start
Multiple libraries were found for &#34;Tasks.h&#34;
  Used: /home/ec2-user/arduino-testlib/cli-datadir/user/libraries/Tasks
  Not used: /home/ec2-user/arduino-testlib/cli-datadir/user/libraries/Task_Scheduler
</pre>
					
					<h4>examples/Class_methods</h4>
					<p>
						Result: <b>FAIL</b>
					</p>
					<pre class="pre-scrollable">Multiple libraries were found for &#34;Tasks.h&#34;
  Used: /home/ec2-user/arduino-testlib/cli-datadir/user/libraries/Tasks
  Not used: /home/ec2-user/arduino-testlib/cli-datadir/user/libraries/Task_Scheduler
</pre>
					
					<h4>examples/Class_methods_2</h4>
					<p>
						Result: <b>FAIL</b>
					</p>
					<pre class="pre-scrollable">/home/ec2-user/arduino-testlib/cli-datadir/user/libraries/Task_Scheduler/examples/Class_methods_2/Class_methods_2.ino: In function &#39;void setup()&#39;:
/home/ec2-user/arduino-testlib/cli-datadir/user/libraries/Task_Scheduler/examples/Class_methods_2/Class_methods_2.ino:38:3: error: &#39;Tasks_Init&#39; was not declared in this scope
   Tasks_Init();
   ^~~~~~~~~~
�����������������������������������������������������������������������������������������In file included from /home/ec2-user/arduino-testlib/cli-datadir/user/libraries/Task_Scheduler/examples/Class_methods_2//home/ec2-user/arduino-testlib/cli-datadir/user/libraries/Task_Scheduler/examples/Class_methods_2/Class_methods_2.ino:39:20: error: invalid cast to abstract class type &#39;Task&#39;
   Tasks_Add((Task) item1_print, 1000, 0);      // Use handlers for non-static member functions!
                    ^~~~~~~~~~~
In file included from /home/ec2-user/arduino-testlib/cli-datadir/user/libraries/Task_Scheduler/examples/Class_methods_2/Class_methods_2.ino:16:0:
/home/ec2-user/arduino-testlib/cli-datadir/user/libraries/Tasks/src/Tasks.h:45:7: note:   because the following virtual functions are pure within &#39;Task&#39;:
 class Task {
  /home/ec2-user/arduino-testlib/cli-datadir/user/libraries/Task_Scheduler/examples/Class_methods_2/Test_Class.cpp:43:49: error: invalid cast to abstract class type &#39;Task&#39;
     Tasks_Add((Task) (TestClass::print_delayed_2), 0, 250);
                                                 ^
/home/ec2-user/arduino-testlib/cli-datadir/user/libraries/Task_Scheduler/examples/Class_methods_2/Test_Class.cpp:43:5: error: &#39;Tasks_Add&#39; was not declared in this scope
     Tasks_Add((Ta/home/ec2-user/arduino-testlib/cli-datadir/user/libraries/Task_Scheduler/examples/Class_methods_2/Class_methods_2.ino:40:20: error: invalid cast to abstract class type &#39;Task&#39;
   Tasks_Add((Task) item2_print, 1000, 500);
                    ^~~~~~~~~~~
/home/ec2-user/arduino-testlib/cli-datadir/user/libraries/Task_Scheduler/examples/Class_methods_2/Class_methods_2.ino:41:3: error: &#39;Tasks_Start&#39; was not declared in this scope
   Tasks_Start();
   ^~~~~~~~~~~
/home/ec2-user/arduino-testlib/cli-datadir/user/libraries/Task_Scheduler/examples/Class_methods_2/Class_methods_2.ino:41:3: note: suggested alternative: &#39;__cmsis_start&#39;
   Tasks_Start();
   ^~~~~~~~~~~
   __cmsis_start
/home/ec2-user/arduino-testlib/cli-datadir/user/libraries/Task_Scheduler/examples/Class_methods_2/Class_methods_2.ino: In function &#39;void _loop()&#39;:
/home/ec2-user/arduino-testlib/cli-datadir/user/libraries/Task_Scheduler/examples/Class_methods_2/Class_methods_2.ino:50:24: error: invalid cast to abstract class type &#39;Task&#39;
     Tasks_Delay((Task) item1_print, 2000);
                        ^~~~~~~~~~~
/home/ec2-user/arduino-testlib/cli-datadir/user/libraries/Task_Scheduler/examples/Class_methods_2/Class_methods_2.ino:50:5: error: &#39;Tasks_Delay&#39; was not declared in this scope
     Tasks_Delay((Task) item1_print, 2000);
     ^~~~~~~~~~~
/home/ec2-user/arduino-testlib/cli-datadir/user/libraries/Task_Scheduler/examples/Class_methods_2/Class_methods_2.ino:51:29: error: invalid cast to abstract class type &#39;Task&#39;
     Tasks_Pause_Task((Task) item2_print);
                             ^~~~~~~~~~~
/home/ec2-user/arduino-testlib/cli-datadir/user/libraries/Task_Scheduler/examples/Class_methods_2/Class_methods_2.ino:51:5: error: &#39;Tasks_Pause_Task&#39; was not declared in this scope
     Tasks_Pause_Task((Task) item2_print);
     ^~~~~~~~~~~~~~~~
Multiple libraries were found for &#34;Tasks.h&#34;
  Used: /home/ec2-user/arduino-testlib/cli-datadir/user/libraries/Tasks
  Not used: /home/ec2-user/arduino-testlib/cli-datadir/user/libraries/Task_Scheduler
</pre>
					
					<h4>examples/Scheduling_1</h4>
					<p>
						Result: <b>FAIL</b>
					</p>
					<pre class="pre-scrollable">/home/ec2-user/arduino-testlib/cli-datadir/user/libraries/Task_Scheduler/examples/Scheduling_1/Scheduling_1.ino: In function &#39;void setup()&#39;:
/home/ec2-user/arduino-testlib/cli-datadir/user/libraries/Task_Scheduler/examples/Scheduling_1/Scheduling_1.ino:38:3: error: &#39;Tasks_Init&#39; was not declared in this scope
   Tasks_Init();
   ^~~~~~~~~~
/home/ec2-user/arduino-testlib/cli-datadir/user/libraries/Task_Scheduler/examples/Scheduling_1/Scheduling_1.ino:38:3: note: suggested alternative: &#39;_spi_init&#39;
   Tasks_Init();
   ^~~~~~~~~~
   _spi_init
/home/ec2-user/arduino-testlib/cli-datadir/user/libraries/Task_Scheduler/examples/Scheduling_1/Scheduling_1.ino:41:20: error: invalid cast to abstract class type &#39;Task&#39;
   Tasks_Add((Task) task_1, 1000, 0);
                    ^~~~~~
In file included from /home/ec2-user/arduino-testlib/cli-datadir/user/libraries/Task_Scheduler/examples/Scheduling_1/Scheduling_1.ino:13:0:
/home/ec2-user/arduino-testlib/cli-datadir/user/libraries/Tasks/src/Tasks.h:45:7: note:   because the following virtual functions are pure within &#39;Task&#39;:
 class Task {
       ^~~~
/home/ec2-user/arduino-testlib/cli-datadir/user/libraries/Tasks/src/Tasks.h:51:18: note: 	virtual void Task::update()
     virtual void update() = 0;
                  ^~~~~~
/home/ec2-user/arduino-testlib/cli-datadir/user/libraries/Task_Scheduler/examples/Scheduling_1/Scheduling_1.ino:41:3: error: &#39;Tasks_Add&#39; was not declared in this scope
   Tasks_Add((Task) task_1, 1000, 0);
   ^~~~~~~~~
/home/ec2-user/arduino-testlib/cli-datadir/user/libraries/Task_Scheduler/examples/Scheduling_1/Scheduling_1.ino:42:20: error: invalid cast to abstract class type &#39;Task&#39;
   Tasks_Add((Task) task_2, 1000, 100);
                    ^~~~~~
/home/ec2-user/arduino-testlib/cli-datadir/user/libraries/Task_Scheduler/examples/Scheduling_1/Scheduling_1.ino:43:20: error: invalid cast to abstract class type &#39;Task&#39;
   Tasks_Add((Task) task_3, 1000, 200);
                    ^~~~~~
/home/ec2-user/arduino-testlib/cli-datadir/user/libraries/Task_Scheduler/examples/Scheduling_1/Scheduling_1.ino:44:20: error: invalid cast to abstract class type &#39;Task&#39;
   Tasks_Add((Task) task_4, 1000, 300);
                    ^~~~~~
/home/ec2-user/arduino-testlib/cli-datadir/user/libraries/Task_Scheduler/examples/Scheduling_1/Scheduling_1.ino:45:20: error: invalid cast to abstract class type &#39;Task&#39;
   Tasks_Add((Task) task_5, 1000, 400);
                    ^~~~~~
/home/ec2-user/arduino-testlib/cli-datadir/user/libraries/Task_Scheduler/examples/Scheduling_1/Scheduling_1.ino:48:3: error: &#39;Tasks_Start&#39; was not declared in this scope
   Tasks_Start();
   ^~~~~~~~~~~
/home/ec2-user/arduino-testlib/cli-datadir/user/libraries/Task_Scheduler/examples/Scheduling_1/Scheduling_1.ino:48:3: note: suggested alternative: &#39;__cmsis_start&#39;
   Tasks_Start();
   ^~~~~~~~~~~
   __cmsis_start
Multiple libraries were found for &#34;Tasks.h&#34;
  Used: /home/ec2-user/arduino-testlib/cli-datadir/user/libraries/Tasks
  Not used: /home/ec2-user/arduino-testlib/cli-datadir/user/libraries/Task_Scheduler
</pre>
					
					<h4>examples/Scheduling_2</h4>
					<p>
						Result: <b>FAIL</b>
					</p>
					<pre class="pre-scrollable">/home/ec2-user/arduino-testlib/cli-datadir/user/libraries/Task_Scheduler/examples/Scheduling_2/Scheduling_2.ino: In function &#39;void setup()&#39;:
/home/ec2-user/arduino-testlib/cli-datadir/user/libraries/Task_Scheduler/examples/Scheduling_2/Scheduling_2.ino:52:3: error: &#39;Tasks_Init&#39; was not declared in this scope
   Tasks_Init();
   ^~~~~~~~~~
/home/ec2-user/arduino-testlib/cli-datadir/user/libraries/Task_Scheduler/examples/Scheduling_2/Scheduling_2.ino:52:3: note: suggested alternative: &#39;_spi_init&#39;
   Tasks_Init();
   ^~~~~~~~~~
   _spi_init
/home/ec2-user/arduino-testlib/cli-datadir/user/libraries/Task_Scheduler/examples/Scheduling_2/Scheduling_2.ino:55:20: error: invalid cast to abstract class type &#39;Task&#39;
   Tasks_Add((Task) print_pause, PERIOD_PRINT, 500);
                    ^~~~~~~~~~~
In file included from /home/ec2-user/arduino-testlib/cli-datadir/user/libraries/Task_Scheduler/examples/Scheduling_2/Scheduling_2.ino:13:0:
/home/ec2-user/arduino-testlib/cli-datadir/user/libraries/Tasks/src/Tasks.h:45:7: note:   because the following virtual functions are pure within &#39;Task&#39;:
 class Task {
       ^~~~
/home/ec2-user/arduino-testlib/cli-datadir/user/libraries/Tasks/src/Tasks.h:51:18: note: 	virtual void Task::update()
     virtual void update() = 0;
                  ^~~~~~
/home/ec2-user/arduino-testlib/cli-datadir/user/libraries/Task_Scheduler/examples/Scheduling_2/Scheduling_2.ino:55:3: error: &#39;Tasks_Add&#39; was not declared in this scope
   Tasks_Add((Task) print_pause, PERIOD_PRINT, 500);
   ^~~~~~~~~
/home/ec2-user/arduino-testlib/cli-datadir/user/libraries/Task_Scheduler/examples/Scheduling_2/Scheduling_2.ino:56:20: error: invalid cast to abstract class type &#39;Task&#39;
   Tasks_Add((Task) toggle_LED, PERIOD_LED, 500);
                    ^~~~~~~~~~
/home/ec2-user/arduino-testlib/cli-datadir/user/libraries/Task_Scheduler/examples/Scheduling_2/Scheduling_2.ino:59:3: error: &#39;Tasks_Start&#39; was not declared in this scope
   Tasks_Start();
   ^~~~~~~~~~~
/home/ec2-user/arduino-testlib/cli-datadir/user/libraries/Task_Scheduler/examples/Scheduling_2/Scheduling_2.ino:59:3: note: suggested alternative: &#39;__cmsis_start&#39;
   Tasks_Start();
   ^~~~~~~~~~~
   __cmsis_start
/home/ec2-user/arduino-testlib/cli-datadir/user/libraries/Task_Scheduler/examples/Scheduling_2/Scheduling_2.ino: In function &#39;void _loop()&#39;:
/home/ec2-user/arduino-testlib/cli-datadir/user/libraries/Task_Scheduler/examples/Scheduling_2/Scheduling_2.ino:78:28: error: invalid cast to abstract class type &#39;Task&#39;
         Tasks_Delay((Task) print_pause, 1); // force next execution
                            ^~~~~~~~~~~
/home/ec2-user/arduino-testlib/cli-datadir/user/libraries/Task_Scheduler/examples/Scheduling_2/Scheduling_2.ino:78:9: error: &#39;Tasks_Delay&#39; was not declared in this scope
         Tasks_Delay((Task) print_pause, 1); // force next execution
         ^~~~~~~~~~~
/home/ec2-user/arduino-testlib/cli-datadir/user/libraries/Task_Scheduler/examples/Scheduling_2/Scheduling_2.ino:84:28: error: invalid cast to abstract class type &#39;Task&#39;
         Tasks_Delay((Task) print_pause, 1); // force next execution
                            ^~~~~~~~~~~
/home/ec2-user/arduino-testlib/cli-datadir/user/libraries/Task_Scheduler/examples/Scheduling_2/Scheduling_2.ino:89:33: error: invalid cast to abstract class type &#39;Task&#39;
         Tasks_Pause_Task((Task) print_pause);
                                 ^~~~~~~~~~~
/home/ec2-user/arduino-testlib/cli-datadir/user/libraries/Task_Scheduler/examples/Scheduling_2/Scheduling_2.ino:89:9: error: &#39;Tasks_Pause_Task&#39; was not declared in this scope
         Tasks_Pause_Task((Task) print_pause);
         ^~~~~~~~~~~~~~~~
/home/ec2-user/arduino-testlib/cli-datadir/user/libraries/Task_Scheduler/examples/Scheduling_2/Scheduling_2.ino:94:33: error: invalid cast to abstract class type &#39;Task&#39;
         Tasks_Start_Task((Task) print_pause);
                                 ^~~~~~~~~~~
/home/ec2-user/arduino-testlib/cli-datadir/user/libraries/Task_Scheduler/examples/Scheduling_2/Scheduling_2.ino:94:9: error: &#39;Tasks_Start_Task&#39; was not declared in this scope
         Tasks_Start_Task((Task) print_pause);
         ^~~~~~~~~~~~~~~~
/home/ec2-user/arduino-testlib/cli-datadir/user/libraries/Task_Scheduler/examples/Scheduling_2/Scheduling_2.ino:99:9: error: &#39;Tasks_Pause&#39; was not declared in this scope
         Tasks_Pause();
         ^~~~~~~~~~~
/home/ec2-user/arduino-testlib/cli-datadir/user/libraries/Task_Scheduler/examples/Scheduling_2/Scheduling_2.ino:104:9: error: &#39;Tasks_Start&#39; was not declared in this scope
         Tasks_Start();
         ^~~~~~~~~~~
/home/ec2-user/arduino-testlib/cli-datadir/user/libraries/Task_Scheduler/examples/Scheduling_2/Scheduling_2.ino:104:9: note: suggested alternative: &#39;__cmsis_start&#39;
         Tasks_Start();
         ^~~~~~~~~~~
         __cmsis_start
/home/ec2-user/arduino-testlib/cli-datadir/user/libraries/Task_Scheduler/examples/Scheduling_2/Scheduling_2.ino: In function &#39;void print_pause()&#39;:
/home/ec2-user/arduino-testlib/cli-datadir/user/libraries/Task_Scheduler/examples/Scheduling_2/Scheduling_2.ino:119:24: error: invalid cast to abstract class type &#39;Task&#39;
     Tasks_Delay((Task) print_pause, g_period);
                        ^~~~~~~~~~~
/home/ec2-user/arduino-testlib/cli-datadir/user/libraries/Task_Scheduler/examples/Scheduling_2/Scheduling_2.ino:119:5: error: &#39;Tasks_Delay&#39; was not declared in this scope
     Tasks_Delay((Task) print_pause, g_period);
     ^~~~~~~~~~~
Multiple libraries were found for &#34;Tasks.h&#34;
  Used: /home/ec2-user/arduino-testlib/cli-datadir/user/libraries/Tasks
  Not used: /home/ec2-user/arduino-testlib/cli-datadir/user/libraries/Task_Scheduler
</pre>
					
				
				<h3 id="arduino:megaavr:nona4809">arduino:megaavr:nona4809 @ 1.8.7</h3>
				<h4>Inclusion</h4>
				<p>
					Result: <b>FAIL</b>
					
				</p>
				<pre class="pre-scrollable">/home/ec2-user/arduino-testlib/cli-datadir/user/libraries/Task_Scheduler/src/Tasks.cpp: In function &#39;void Tasks_Start()&#39;:
/home/ec2-user/arduino-testlib/cli-datadir/user/libraries/Task_Scheduler/src/Tasks.cpp:418:9: error: &#39;TIMSK0&#39; was not declared in this scope
         TIMSK0 |= (1&lt;&lt;OCIE0A);                      // Enable OC0A Interrupt
         ^~~~~~
/home/ec2-user/arduino-testlib/cli-datadir/user/libraries/Task_Scheduler/src/Tasks.cpp:418:9: note: suggested alternative: &#39;TIMERA0&#39;
         TIMSK0 |= (1&lt;&lt;OCIE0A);                      // Enable OC0A Interrupt
         ^~~~~~
         TIMERA0
/home/ec2-user/arduino-testlib/cli-datadir/user/libraries/Task_Scheduler/src/Tasks.cpp:418:23: error: &#39;OCIE0A&#39; was not declared in this scope
         TIMSK0 |= (1&lt;&lt;OCIE0A);                      // Enable OC0A Interrupt
                       ^~~~~~
/home/ec2-user/arduino-testlib/cli-datadir/user/libraries/Task_Scheduler/src/Tasks.cpp: In function &#39;void Tasks_Pause()&#39;:
/home/ec2-user/arduino-testlib/cli-datadir/user/libraries/Task_Scheduler/src/Tasks.cpp:438:9: error: &#39;TIMSK0&#39; was not declared in this scope
         TIMSK0 &amp;= ~(1&lt;&lt;OCIE0A); //Disable OC0A Interrupt
         ^~~~~~
/home/ec2-user/arduino-testlib/cli-datadir/user/libraries/Task_Scheduler/src/Tasks.cpp:438:9: note: suggested alternative: &#39;TIMERA0&#39;
         TIMSK0 &amp;= ~(1&lt;&lt;OCIE0A); //Disable OC0A Interrupt
         ^~~~~~
         TIMERA0
/home/ec2-user/arduino-testlib/cli-datadir/user/libraries/Task_Scheduler/src/Tasks.cpp:438:24: error: &#39;OCIE0A&#39; was not declared in this scope
         TIMSK0 &amp;= ~(1&lt;&lt;OCIE0A); //Disable OC0A Interrupt
                        ^~~~~~

</pre>

					
					<h4>examples/Blink</h4>
					<p>
						Result: <b>FAIL</b>
					</p>
					<pre class="pre-scrollable">/home/ec2-user/arduino-testlib/cli-datadir/user/libraries/Task_Scheduler/examples/Blink/Blink.ino: In function &#39;void setup()&#39;:
/home/ec2-user/arduino-testlib/cli-datadir/user/libraries/Task_Scheduler/examples/Blink/Blink.ino:29:3: error: &#39;Tasks_Init&#39; was not declared in this scope
   Tasks_Init();
   ^~~~~~~~~~
/home/ec2-user/arduino-testlib/cli-datadir/user/libraries/Task_Scheduler/examples/Blink/Blink.ino:30:20: error: invalid cast to abstract class type &#39;Task&#39;
   Tasks_Add((Task) blink, 500, 0);
                    ^~~~~
In file included from /home/ec2-user/arduino-testlib/cli-datadir/user/libraries/Task_Scheduler/examples/Blink/Blink.ino:14:0:
/home/ec2-user/arduino-testlib/cli-datadir/user/libraries/Tasks/src/Tasks.h:45:7: note:   because the following virtual functions are pure within &#39;Task&#39;:
 class Task {
       ^~~~
/home/ec2-user/arduino-testlib/cli-datadir/user/libraries/Tasks/src/Tasks.h:51:18: note: 	virtual void Task::update()
     virtual void update() = 0;
                  ^~~~~~
/home/ec2-user/arduino-testlib/cli-datadir/user/libraries/Task_Scheduler/examples/Blink/Blink.ino:30:3: error: &#39;Tasks_Add&#39; was not declared in this scope
   Tasks_Add((Task) blink, 500, 0);
   ^~~~~~~~~
/home/ec2-user/arduino-testlib/cli-datadir/user/libraries/Task_Scheduler/examples/Blink/Blink.ino:31:3: error: &#39;Tasks_Start&#39; was not declared in this scope
   Tasks_Start();
   ^~~~~~~~~~~
/home/ec2-user/arduino-testlib/cli-datadir/user/libraries/Task_Scheduler/examples/Blink/Blink.ino:31:3: note: suggested alternative: &#39;va_start&#39;
   Tasks_Start();
   ^~~~~~~~~~~
   va_start
Multiple libraries were found for &#34;Tasks.h&#34;
  Used: /home/ec2-user/arduino-testlib/cli-datadir/user/libraries/Tasks
  Not used: /home/ec2-user/arduino-testlib/cli-datadir/user/libraries/Task_Scheduler
</pre>
					
					<h4>examples/Blink_2</h4>
					<p>
						Result: <b>FAIL</b>
					</p>
					<pre class="pre-scrollable">/home/ec2-user/arduino-testlib/cli-datadir/user/libraries/Task_Scheduler/examples/Blink_2/Blink_2.ino: In function &#39;void setup()&#39;:
/home/ec2-user/arduino-testlib/cli-datadir/user/libraries/Task_Scheduler/examples/Blink_2/Blink_2.ino:42:3: error: &#39;Tasks_Init&#39; was not declared in this scope
   Tasks_Init();
   ^~~~~~~~~~
/home/ec2-user/arduino-testlib/cli-datadir/user/libraries/Task_Scheduler/examples/Blink_2/Blink_2.ino:43:20: error: invalid cast to abstract class type &#39;Task&#39;
   Tasks_Add((Task) toggle_1, 10, 0);
                    ^~~~~~~~
In file included from /home/ec2-user/arduino-testlib/cli-datadir/user/libraries/Task_Scheduler/examples/Blink_2/Blink_2.ino:15:0:
/home/ec2-user/arduino-testlib/cli-datadir/user/libraries/Tasks/src/Tasks.h:45:7: note:   because the following virtual functions are pure within &#39;Task&#39;:
 class Task {
       ^~~~
/home/ec2-user/arduino-testlib/cli-datadir/user/libraries/Tasks/src/Tasks.h:51:18: note: 	virtual void Task::update()
     virtual void update() = 0;
                  ^~~~~~
/home/ec2-user/arduino-testlib/cli-datadir/user/libraries/Task_Scheduler/examples/Blink_2/Blink_2.ino:43:3: error: &#39;Tasks_Add&#39; was not declared in this scope
   Tasks_Add((Task) toggle_1, 10, 0);
   ^~~~~~~~~
/home/ec2-user/arduino-testlib/cli-datadir/user/libraries/Task_Scheduler/examples/Blink_2/Blink_2.ino:44:20: error: invalid cast to abstract class type &#39;Task&#39;
   Tasks_Add((Task) toggle_2, 1, 0);
                    ^~~~~~~~
/home/ec2-user/arduino-testlib/cli-datadir/user/libraries/Task_Scheduler/examples/Blink_2/Blink_2.ino:45:3: error: &#39;Tasks_Start&#39; was not declared in this scope
   Tasks_Start();
   ^~~~~~~~~~~
/home/ec2-user/arduino-testlib/cli-datadir/user/libraries/Task_Scheduler/examples/Blink_2/Blink_2.ino:45:3: note: suggested alternative: &#39;va_start&#39;
   Tasks_Start();
   ^~~~~~~~~~~
   va_start
Multiple libraries were found for &#34;Tasks.h&#34;
  Used: /home/ec2-user/arduino-testlib/cli-datadir/user/libraries/Tasks
  Not used: /home/ec2-user/arduino-testlib/cli-datadir/user/libraries/Task_Scheduler
</pre>
					
					<h4>examples/Class_methods</h4>
					<p>
						Result: <b>FAIL</b>
					</p>
					<pre class="pre-scrollable">/home/ec2-user/arduino-testlib/cli-datadir/user/libraries/Task_Scheduler/examples/Class_methods/Class_methods.ino: In function &#39;void setup()&#39;:
/home/ec2-user/arduino-testlib/cli-datadir/user/libraries/Task_Scheduler/examples/Class_methods/Class_methods.ino:39:3: error: &#39;Tasks_Init&#39; was not declared in this scope
   Tasks_Init();
   ^~~~~~~~~~
/home/ec2-user/arduino-testlib/cli-datadir/user/libraries/Task_Scheduler/examples/Class_methods/Class_methods.ino:40:20: error: invalid cast to abstract class type &#39;Task&#39;
   Tasks_Add((Task) item1_print, 1000, 0);      // Use handlers for non-static member functions!
                    ^~~~~~~~~~~
In file included from /home/ec2-user/arduino-testlib/cli-datadir/user/libraries/Task_Scheduler/examples/Class_methods/Class_methods.ino:17:0:
/home/ec2-user/arduino-testlib/cli-datadir/user/libraries/Tasks/src/Tasks.h:45:7: note:   because the following virtual functions are pure within &#39;Task&#39;:
 class Task {
       ^~~~
/home/ec2-user/arduino-testlib/cli-datadir/user/libraries/Tasks/src/Tasks.h:51:18: note: 	virtual void Task::update()
     virtual void update() = 0;
                  ^~~~~~
/home/ec2-user/arduino-testlib/cli-datadir/user/libraries/Task_Scheduler/examples/Class_methods/Class_methods.ino:40:3: error: &#39;Tasks_Add&#39; was not declared in this scope
   Tasks_Add((Task) item1_print, 1000, 0);      // Use handlers for non-static member functions!
   ^~~~~~~~~
/home/ec2-user/arduino-testlib/cli-datadir/user/libraries/Task_Scheduler/examples/Class_methods/Class_methods.ino:41:20: error: invalid cast to abstract class type &#39;Task&#39;
   Tasks_Add((Task) item2_print, 1000, 500);
                    ^~~~~~~~~~~
/home/ec2-user/arduino-testlib/cli-datadir/user/libraries/Task_Scheduler/examples/Class_methods/Class_methods.ino:42:3: error: &#39;Tasks_Start&#39; was not declared in this scope
   Tasks_Start();
   ^~~~~~~~~~~
/home/ec2-user/arduino-testlib/cli-datadir/user/libraries/Task_Scheduler/examples/Class_methods/Class_methods.ino:42:3: note: suggested alternative: &#39;va_start&#39;
   Tasks_Start();
   ^~~~~~~~~~~
   va_start
/home/ec2-user/arduino-testlib/cli-datadir/user/libraries/Task_Scheduler/examples/Class_methods/Class_methods.ino: In function &#39;void _loop()&#39;:
/home/ec2-user/arduino-testlib/cli-datadir/user/libraries/Task_Scheduler/examples/Class_methods/Class_methods.ino:51:24: error: invalid cast to abstract class type &#39;Task&#39;
     Tasks_Delay((Task) item1_print, 2000);
                        ^~~~~~~~~~~
/home/ec2-user/arduino-testlib/cli-datadir/user/libraries/Task_Scheduler/examples/Class_methods/Class_methods.ino:51:5: error: &#39;Tasks_Delay&#39; was not declared in this scope
     Tasks_Delay((Task) item1_print, 2000);
     ^~~~~~~~~~~
/home/ec2-user/arduino-testlib/cli-datadir/user/libraries/Task_Scheduler/examples/Class_methods/Class_methods.ino:52:29: error: invalid cast to abstract class type &#39;Task&#39;
     Tasks_Pause_Task((Task) item2_print);
                             ^~~~~~~~~~~
/home/ec2-user/arduino-testlib/cli-datadir/user/libraries/Task_Scheduler/examples/Class_methods/Class_methods.ino:52:5: error: &#39;Tasks_Pause_Task&#39; was not declared in this scope
     Tasks_Pause_Task((Task) item2_print);
     ^~~~~~~~~~~~~~~~
Multiple libraries were found for &#34;Tasks.h&#34;
  Used: /home/ec2-user/arduino-testlib/cli-datadir/user/libraries/Tasks
  Not used: /home/ec2-user/arduino-testlib/cli-datadir/user/libraries/Task_Scheduler
</pre>
					
					<h4>examples/Class_methods_2</h4>
					<p>
						Result: <b>FAIL</b>
					</p>
					<pre class="pre-scrollable">/home/ec2-user/arduino-testlib/cli-datadir/user/libraries/Task_Scheduler/examples/Class_methods_2/Class_methods_2.ino: In function &#39;void setup()&#39;:
/home/ec2-user/arduino-testlib/cli-datadir/user/libraries/Task_Scheduler/examples/Class_methods_2/Class_methods_2.ino:38:3: error: &#39;Tasks_Init&#39; was not declared in this scope
   Tasks_Init();
   ^~~~~~~~~~
�����������������������������������������������������������������������������������������In file included from /home/ec2-user/arduino-testlib/cli-datadir/user/libraries/Task_Scheduler/examples/Class_methods_2/Test_Class.cpp:9:0:
/home/ec2-user/arduino-testlib/cli-datadir/user/libraries/Tasks/src/Tasks.hIn file included from /home/ec2-user/arduino-testlib/cli-datadir/user/libraries/Task_Scheduler/examples/Class_methods_2/Class_methods_2.ino:16:0:
/home/ec2-user/arduino-testlib/cli-datadir/user/libraries/Tasks/src/Tasks.h:45:7: note:   because the following virtual functions are pure within &#39;Task&#39;:
 class Task {
       ^~~~
/home/ec2-user/arduino-testlib/cli-datadir/user/libraries/Tasks/src/Tasks.h:51:18: note: 	virtual void Task::update()
     virtual void update() = 0;
                  ^~~~~~
/home/ec2-user/arduino-testlib/cli-datadir/user/libraries/Task_Scheduler/examples/Class_methods_2/Class_methods_2.ino:39:3: error: &#39;Tasks_Add&#39; was not declared in this scope
   Tasks_Add((Task) item1_print, 1000, 0);      // Use handlers for non-static member functions!
   ^~~~~~~~~
/home/ec2-user/arduino-testlib/cli-datadir/user/libraries/Task_Scheduler/examples/Class_methods_2/Class_methods_2.ino:40:20: error: invalid cast to abstract class type &#39;Task&#39;
   Tasks_Add((Task) item2_print, 1000, 500);
                    ^~~~~~~~~~~
/home/ec2-user/arduino-testlib/cli-datadir/user/libraries/Task_Scheduler/examples/Class_methods_2/Class_methods_2.ino:41:3: error: &#39;Tasks_Start&#39; was not declared in this scope
   Tasks_Start();
   ^~~~~~~~~~~
/home/ec2-user/arduino-testlib/cli-datadir/user/libraries/Task_Scheduler/examples/Class_methods_2/Class_methods_2.ino:41:3: note: suggested alternative: &#39;va_start&#39;
   Tasks_Start();
   ^~~~~~~~~~~
   va_start
/home/ec2-user/arduino-testlib/cli-datadir/user/libraries/Task_Scheduler/examples/Class_methods_2/Class_methods_2.ino: In function &#39;void _loop()&#39;:
/home/ec2-user/arduino-testlib/cli-datadir/user/libraries/Task_Scheduler/examples/Class_methods_2/Class_methods_2.ino:50:24: error: invalid cast to abstract class type &#39;Task&#39;
     Tasks_Delay((Task) item1_print, 2000);
                        ^~~~~~~~~~~
/home/ec2-user/arduino-testlib/cli-datadir/user/libraries/Task_Scheduler/examples/Class_methods_2/Class_methods_2.ino:50:5: error: &#39;Tasks_Delay&#39; was not declared in this scope
     Tasks_Delay((Task) item1_print, 2000);
     ^~~~~~~~~~~
/home/ec2-user/arduino-testlib/cli-datadir/user/libraries/Task_Scheduler/examples/Class_methods_2/Class_methods_2.ino:51:29: error: invalid cast to abstract class type &#39;Task&#39;
     Tasks_Pause_Task((Task) item2_print);
                             ^~~~~~~~~~~
/home/ec2-user/arduino-testlib/cli-datadir/user/libraries/Task_Scheduler/examples/Class_methods_2/Class_methods_2.ino:51:5: error: &#39;Tasks_Pause_Task&#39; was not declared in this scope
     Tasks_Pause_Task((Task) item2_print);
     ^~~~~~~~~~~~~~~~
Multiple libraries were found for &#34;Tasks.h&#34;
  Used: /home/ec2-user/arduino-testlib/cli-datadir/user/libraries/Tasks
  Not used: /home/ec2-user/arduino-testlib/cli-datadir/user/libraries/Task_Scheduler
</pre>
					
					<h4>examples/Scheduling_1</h4>
					<p>
						Result: <b>FAIL</b>
					</p>
					<pre class="pre-scrollable">/home/ec2-user/arduino-testlib/cli-datadir/user/libraries/Task_Scheduler/examples/Scheduling_1/Scheduling_1.ino: In function &#39;void setup()&#39;:
/home/ec2-user/arduino-testlib/cli-datadir/user/libraries/Task_Scheduler/examples/Scheduling_1/Scheduling_1.ino:38:3: error: &#39;Tasks_Init&#39; was not declared in this scope
   Tasks_Init();
   ^~~~~~~~~~
/home/ec2-user/arduino-testlib/cli-datadir/user/libraries/Task_Scheduler/examples/Scheduling_1/Scheduling_1.ino:41:20: error: invalid cast to abstract class type &#39;Task&#39;
   Tasks_Add((Task) task_1, 1000, 0);
                    ^~~~~~
In file included from /home/ec2-user/arduino-testlib/cli-datadir/user/libraries/Task_Scheduler/examples/Scheduling_1/Scheduling_1.ino:13:0:
/home/ec2-user/arduino-testlib/cli-datadir/user/libraries/Tasks/src/Tasks.h:45:7: note:   because the following virtual functions are pure within &#39;Task&#39;:
 class Task {
       ^~~~
/home/ec2-user/arduino-testlib/cli-datadir/user/libraries/Tasks/src/Tasks.h:51:18: note: 	virtual void Task::update()
     virtual void update() = 0;
                  ^~~~~~
/home/ec2-user/arduino-testlib/cli-datadir/user/libraries/Task_Scheduler/examples/Scheduling_1/Scheduling_1.ino:41:3: error: &#39;Tasks_Add&#39; was not declared in this scope
   Tasks_Add((Task) task_1, 1000, 0);
   ^~~~~~~~~
/home/ec2-user/arduino-testlib/cli-datadir/user/libraries/Task_Scheduler/examples/Scheduling_1/Scheduling_1.ino:42:20: error: invalid cast to abstract class type &#39;Task&#39;
   Tasks_Add((Task) task_2, 1000, 100);
                    ^~~~~~
/home/ec2-user/arduino-testlib/cli-datadir/user/libraries/Task_Scheduler/examples/Scheduling_1/Scheduling_1.ino:43:20: error: invalid cast to abstract class type &#39;Task&#39;
   Tasks_Add((Task) task_3, 1000, 200);
                    ^~~~~~
/home/ec2-user/arduino-testlib/cli-datadir/user/libraries/Task_Scheduler/examples/Scheduling_1/Scheduling_1.ino:44:20: error: invalid cast to abstract class type &#39;Task&#39;
   Tasks_Add((Task) task_4, 1000, 300);
                    ^~~~~~
/home/ec2-user/arduino-testlib/cli-datadir/user/libraries/Task_Scheduler/examples/Scheduling_1/Scheduling_1.ino:45:20: error: invalid cast to abstract class type &#39;Task&#39;
   Tasks_Add((Task) task_5, 1000, 400);
                    ^~~~~~
/home/ec2-user/arduino-testlib/cli-datadir/user/libraries/Task_Scheduler/examples/Scheduling_1/Scheduling_1.ino:48:3: error: &#39;Tasks_Start&#39; was not declared in this scope
   Tasks_Start();
   ^~~~~~~~~~~
/home/ec2-user/arduino-testlib/cli-datadir/user/libraries/Task_Scheduler/examples/Scheduling_1/Scheduling_1.ino:48:3: note: suggested alternative: &#39;va_start&#39;
   Tasks_Start();
   ^~~~~~~~~~~
   va_start
Multiple libraries were found for &#34;Tasks.h&#34;
  Used: /home/ec2-user/arduino-testlib/cli-datadir/user/libraries/Tasks
  Not used: /home/ec2-user/arduino-testlib/cli-datadir/user/libraries/Task_Scheduler
</pre>
					
					<h4>examples/Scheduling_2</h4>
					<p>
						Result: <b>FAIL</b>
					</p>
					<pre class="pre-scrollable">/home/ec2-user/arduino-testlib/cli-datadir/user/libraries/Task_Scheduler/examples/Scheduling_2/Scheduling_2.ino: In function &#39;void setup()&#39;:
/home/ec2-user/arduino-testlib/cli-datadir/user/libraries/Task_Scheduler/examples/Scheduling_2/Scheduling_2.ino:52:3: error: &#39;Tasks_Init&#39; was not declared in this scope
   Tasks_Init();
   ^~~~~~~~~~
/home/ec2-user/arduino-testlib/cli-datadir/user/libraries/Task_Scheduler/examples/Scheduling_2/Scheduling_2.ino:55:20: error: invalid cast to abstract class type &#39;Task&#39;
   Tasks_Add((Task) print_pause, PERIOD_PRINT, 500);
                    ^~~~~~~~~~~
In file included from /home/ec2-user/arduino-testlib/cli-datadir/user/libraries/Task_Scheduler/examples/Scheduling_2/Scheduling_2.ino:13:0:
/home/ec2-user/arduino-testlib/cli-datadir/user/libraries/Tasks/src/Tasks.h:45:7: note:   because the following virtual functions are pure within &#39;Task&#39;:
 class Task {
       ^~~~
/home/ec2-user/arduino-testlib/cli-datadir/user/libraries/Tasks/src/Tasks.h:51:18: note: 	virtual void Task::update()
     virtual void update() = 0;
                  ^~~~~~
/home/ec2-user/arduino-testlib/cli-datadir/user/libraries/Task_Scheduler/examples/Scheduling_2/Scheduling_2.ino:55:3: error: &#39;Tasks_Add&#39; was not declared in this scope
   Tasks_Add((Task) print_pause, PERIOD_PRINT, 500);
   ^~~~~~~~~
/home/ec2-user/arduino-testlib/cli-datadir/user/libraries/Task_Scheduler/examples/Scheduling_2/Scheduling_2.ino:56:20: error: invalid cast to abstract class type &#39;Task&#39;
   Tasks_Add((Task) toggle_LED, PERIOD_LED, 500);
                    ^~~~~~~~~~
/home/ec2-user/arduino-testlib/cli-datadir/user/libraries/Task_Scheduler/examples/Scheduling_2/Scheduling_2.ino:59:3: error: &#39;Tasks_Start&#39; was not declared in this scope
   Tasks_Start();
   ^~~~~~~~~~~
/home/ec2-user/arduino-testlib/cli-datadir/user/libraries/Task_Scheduler/examples/Scheduling_2/Scheduling_2.ino:59:3: note: suggested alternative: &#39;va_start&#39;
   Tasks_Start();
   ^~~~~~~~~~~
   va_start
/home/ec2-user/arduino-testlib/cli-datadir/user/libraries/Task_Scheduler/examples/Scheduling_2/Scheduling_2.ino: In function &#39;void _loop()&#39;:
/home/ec2-user/arduino-testlib/cli-datadir/user/libraries/Task_Scheduler/examples/Scheduling_2/Scheduling_2.ino:78:28: error: invalid cast to abstract class type &#39;Task&#39;
         Tasks_Delay((Task) print_pause, 1); // force next execution
                            ^~~~~~~~~~~
/home/ec2-user/arduino-testlib/cli-datadir/user/libraries/Task_Scheduler/examples/Scheduling_2/Scheduling_2.ino:78:9: error: &#39;Tasks_Delay&#39; was not declared in this scope
         Tasks_Delay((Task) print_pause, 1); // force next execution
         ^~~~~~~~~~~
/home/ec2-user/arduino-testlib/cli-datadir/user/libraries/Task_Scheduler/examples/Scheduling_2/Scheduling_2.ino:84:28: error: invalid cast to abstract class type &#39;Task&#39;
         Tasks_Delay((Task) print_pause, 1); // force next execution
                            ^~~~~~~~~~~
/home/ec2-user/arduino-testlib/cli-datadir/user/libraries/Task_Scheduler/examples/Scheduling_2/Scheduling_2.ino:89:33: error: invalid cast to abstract class type &#39;Task&#39;
         Tasks_Pause_Task((Task) print_pause);
                                 ^~~~~~~~~~~
/home/ec2-user/arduino-testlib/cli-datadir/user/libraries/Task_Scheduler/examples/Scheduling_2/Scheduling_2.ino:89:9: error: &#39;Tasks_Pause_Task&#39; was not declared in this scope
         Tasks_Pause_Task((Task) print_pause);
         ^~~~~~~~~~~~~~~~
/home/ec2-user/arduino-testlib/cli-datadir/user/libraries/Task_Scheduler/examples/Scheduling_2/Scheduling_2.ino:94:33: error: invalid cast to abstract class type &#39;Task&#39;
         Tasks_Start_Task((Task) print_pause);
                                 ^~~~~~~~~~~
/home/ec2-user/arduino-testlib/cli-datadir/user/libraries/Task_Scheduler/examples/Scheduling_2/Scheduling_2.ino:94:9: error: &#39;Tasks_Start_Task&#39; was not declared in this scope
         Tasks_Start_Task((Task) print_pause);
         ^~~~~~~~~~~~~~~~
/home/ec2-user/arduino-testlib/cli-datadir/user/libraries/Task_Scheduler/examples/Scheduling_2/Scheduling_2.ino:99:9: error: &#39;Tasks_Pause&#39; was not declared in this scope
         Tasks_Pause();
         ^~~~~~~~~~~
/home/ec2-user/arduino-testlib/cli-datadir/user/libraries/Task_Scheduler/examples/Scheduling_2/Scheduling_2.ino:104:9: error: &#39;Tasks_Start&#39; was not declared in this scope
         Tasks_Start();
         ^~~~~~~~~~~
/home/ec2-user/arduino-testlib/cli-datadir/user/libraries/Task_Scheduler/examples/Scheduling_2/Scheduling_2.ino:104:9: note: suggested alternative: &#39;va_start&#39;
         Tasks_Start();
         ^~~~~~~~~~~
         va_start
/home/ec2-user/arduino-testlib/cli-datadir/user/libraries/Task_Scheduler/examples/Scheduling_2/Scheduling_2.ino: In function &#39;void print_pause()&#39;:
/home/ec2-user/arduino-testlib/cli-datadir/user/libraries/Task_Scheduler/examples/Scheduling_2/Scheduling_2.ino:119:24: error: invalid cast to abstract class type &#39;Task&#39;
     Tasks_Delay((Task) print_pause, g_period);
                        ^~~~~~~~~~~
/home/ec2-user/arduino-testlib/cli-datadir/user/libraries/Task_Scheduler/examples/Scheduling_2/Scheduling_2.ino:119:5: error: &#39;Tasks_Delay&#39; was not declared in this scope
     Tasks_Delay((Task) print_pause, g_period);
     ^~~~~~~~~~~
Multiple libraries were found for &#34;Tasks.h&#34;
  Used: /home/ec2-user/arduino-testlib/cli-datadir/user/libraries/Tasks
  Not used: /home/ec2-user/arduino-testlib/cli-datadir/user/libraries/Task_Scheduler
</pre>
					
				
				<h3 id="arduino:samd:mkrwifi1010">arduino:samd:mkrwifi1010 @ 1.8.12</h3>
				<h4>Inclusion</h4>
				<p>
					Result: <b>FAIL</b>
					
					<br />This library has no main header file so an empty one was created.
					
				</p>
				<pre class="pre-scrollable">/home/ec2-user/arduino-testlib/cli-datadir/user/libraries/Task_Scheduler/src/Tasks.cpp:12:6: error: #error board not supported, error
     #error board not supported, error
      ^~~~~
/home/ec2-user/arduino-testlib/cli-datadir/user/libraries/Task_Scheduler/src/Tasks.cpp: In function &#39;void Scheduler_update_nexttime()&#39;:
/home/ec2-user/arduino-testlib/cli-datadir/user/libraries/Task_Scheduler/src/Tasks.cpp:95:5: error: &#39;PAUSE_INTERRUPTS&#39; was not declared in this scope
     PAUSE_INTERRUPTS;
     ^~~~~~~~~~~~~~~~
/home/ec2-user/arduino-testlib/cli-datadir/user/libraries/Task_Scheduler/src/Tasks.cpp:95:5: note: suggested alternative: &#39;NOT_AN_INTERRUPT&#39;
     PAUSE_INTERRUPTS;
     ^~~~~~~~~~~~~~~~
     NOT_AN_INTERRUPT
/home/ec2-user/arduino-testlib/cli-datadir/user/libraries/Task_Scheduler/src/Tasks.cpp:119:5: error: &#39;RESUME_INTERRUPTS&#39; was not declared in this scope
     RESUME_INTERRUPTS;
     ^~~~~~~~~~~~~~~~~
/home/ec2-user/arduino-testlib/cli-datadir/user/libraries/Task_Scheduler/src/Tasks.cpp:119:5: note: suggested alternative: &#39;NOT_AN_INTERRUPT&#39;
     RESUME_INTERRUPTS;
     ^~~~~~~~~~~~~~~~~
     NOT_AN_INTERRUPT
/home/ec2-user/arduino-testlib/cli-datadir/user/libraries/Task_Scheduler/src/Tasks.cpp: In function &#39;void Tasks_Clear()&#39;:
/home/ec2-user/arduino-testlib/cli-datadir/user/libraries/Task_Scheduler/src/Tasks.cpp:149:5: error: &#39;PAUSE_INTERRUPTS&#39; was not declared in this scope
     PAUSE_INTERRUPTS;
     ^~~~~~~~~~~~~~~~
/home/ec2-user/arduino-testlib/cli-datadir/user/libraries/Task_Scheduler/src/Tasks.cpp:149:5: note: suggested alternative: &#39;NOT_AN_INTERRUPT&#39;
     PAUSE_INTERRUPTS;
     ^~~~~~~~~~~~~~~~
     NOT_AN_INTERRUPT
/home/ec2-user/arduino-testlib/cli-datadir/user/libraries/Task_Scheduler/src/Tasks.cpp:167:5: error: &#39;RESUME_INTERRUPTS&#39; was not declared in this scope
     RESUME_INTERRUPTS;
     ^~~~~~~~~~~~~~~~~
/home/ec2-user/arduino-testlib/cli-datadir/user/libraries/Task_Scheduler/src/Tasks.cpp:167:5: note: suggested alternative: &#39;NOT_AN_INTERRUPT&#39;
     RESUME_INTERRUPTS;
     ^~~~~~~~~~~~~~~~~
     NOT_AN_INTERRUPT
/home/ec2-user/arduino-testlib/cli-datadir/user/libraries/Task_Scheduler/src/Tasks.cpp: In function &#39;bool Tasks_Add(Task, int16_t, int16_t)&#39;:
/home/ec2-user/arduino-testlib/cli-datadir/user/libraries/Task_Scheduler/src/Tasks.cpp:189:9: error: &#39;PAUSE_INTERRUPTS&#39; was not declared in this scope
         PAUSE_INTERRUPTS;
         ^~~~~~~~~~~~~~~~
/home/ec2-user/arduino-testlib/cli-datadir/user/libraries/Task_Scheduler/src/Tasks.cpp:189:9: note: suggested alternative: &#39;NOT_AN_INTERRUPT&#39;
         PAUSE_INTERRUPTS;
         ^~~~~~~~~~~~~~~~
         NOT_AN_INTERRUPT
/home/ec2-user/arduino-testlib/cli-datadir/user/libraries/Task_Scheduler/src/Tasks.cpp:200:13: error: &#39;RESUME_INTERRUPTS&#39; was not declared in this scope
             RESUME_INTERRUPTS;
             ^~~~~~~~~~~~~~~~~
/home/ec2-user/arduino-testlib/cli-datadir/user/libraries/Task_Scheduler/src/Tasks.cpp:200:13: note: suggested alternative: &#39;NOT_AN_INTERRUPT&#39;
             RESUME_INTERRUPTS;
             ^~~~~~~~~~~~~~~~~
             NOT_AN_INTERRUPT
/home/ec2-user/arduino-testlib/cli-datadir/user/libraries/Task_Scheduler/src/Tasks.cpp:210:9: error: &#39;RESUME_INTERRUPTS&#39; was not declared in this scope
         RESUME_INTERRUPTS;
         ^~~~~~~~~~~~~~~~~
/home/ec2-user/arduino-testlib/cli-datadir/user/libraries/Task_Scheduler/src/Tasks.cpp:210:9: note: suggested alternative: &#39;NOT_AN_INTERRUPT&#39;
         RESUME_INTERRUPTS;
         ^~~~~~~~~~~~~~~~~
         NOT_AN_INTERRUPT
/home/ec2-user/arduino-testlib/cli-datadir/user/libraries/Task_Scheduler/src/Tasks.cpp:218:9: error: &#39;PAUSE_INTERRUPTS&#39; was not declared in this scope
         PAUSE_INTERRUPTS;
         ^~~~~~~~~~~~~~~~
/home/ec2-user/arduino-testlib/cli-datadir/user/libraries/Task_Scheduler/src/Tasks.cpp:218:9: note: suggested alternative: &#39;NOT_AN_INTERRUPT&#39;
         PAUSE_INTERRUPTS;
         ^~~~~~~~~~~~~~~~
         NOT_AN_INTERRUPT
/home/ec2-user/arduino-testlib/cli-datadir/user/libraries/Task_Scheduler/src/Tasks.cpp:235:13: error: &#39;RESUME_INTERRUPTS&#39; was not declared in this scope
             RESUME_INTERRUPTS;
             ^~~~~~~~~~~~~~~~~
/home/ec2-user/arduino-testlib/cli-datadir/user/libraries/Task_Scheduler/src/Tasks.cpp:235:13: note: suggested alternative: &#39;NOT_AN_INTERRUPT&#39;
             RESUME_INTERRUPTS;
             ^~~~~~~~~~~~~~~~~
             NOT_AN_INTERRUPT
/home/ec2-user/arduino-testlib/cli-datadir/user/libraries/Task_Scheduler/src/Tasks.cpp:246:9: error: &#39;RESUME_INTERRUPTS&#39; was not declared in this scope
         RESUME_INTERRUPTS;
         ^~~~~~~~~~~~~~~~~
/home/ec2-user/arduino-testlib/cli-datadir/user/libraries/Task_Scheduler/src/Tasks.cpp:246:9: note: suggested alternative: &#39;NOT_AN_INTERRUPT&#39;
         RESUME_INTERRUPTS;
         ^~~~~~~~~~~~~~~~~
         NOT_AN_INTERRUPT
/home/ec2-user/arduino-testlib/cli-datadir/user/libraries/Task_Scheduler/src/Tasks.cpp: In function &#39;bool Tasks_Remove(Task)&#39;:
/home/ec2-user/arduino-testlib/cli-datadir/user/libraries/Task_Scheduler/src/Tasks.cpp:264:9: error: &#39;PAUSE_INTERRUPTS&#39; was not declared in this scope
         PAUSE_INTERRUPTS;
         ^~~~~~~~~~~~~~~~
/home/ec2-user/arduino-testlib/cli-datadir/user/libraries/Task_Scheduler/src/Tasks.cpp:264:9: note: suggested alternative: &#39;NOT_AN_INTERRUPT&#39;
         PAUSE_INTERRUPTS;
         ^~~~~~~~~~~~~~~~
         NOT_AN_INTERRUPT
/home/ec2-user/arduino-testlib/cli-datadir/user/libraries/Task_Scheduler/src/Tasks.cpp:291:13: error: &#39;RESUME_INTERRUPTS&#39; was not declared in this scope
             RESUME_INTERRUPTS;
             ^~~~~~~~~~~~~~~~~
/home/ec2-user/arduino-testlib/cli-datadir/user/libraries/Task_Scheduler/src/Tasks.cpp:291:13: note: suggested alternative: &#39;NOT_AN_INTERRUPT&#39;
             RESUME_INTERRUPTS;
             ^~~~~~~~~~~~~~~~~
             NOT_AN_INTERRUPT
/home/ec2-user/arduino-testlib/cli-datadir/user/libraries/Task_Scheduler/src/Tasks.cpp:302:9: error: &#39;RESUME_INTERRUPTS&#39; was not declared in this scope
         RESUME_INTERRUPTS;
         ^~~~~~~~~~~~~~~~~
/home/ec2-user/arduino-testlib/cli-datadir/user/libraries/Task_Scheduler/src/Tasks.cpp:302:9: note: suggested alternative: &#39;NOT_AN_INTERRUPT&#39;
         RESUME_INTERRUPTS;
         ^~~~~~~~~~~~~~~~~
         NOT_AN_INTERRUPT
/home/ec2-user/arduino-testlib/cli-datadir/user/libraries/Task_Scheduler/src/Tasks.cpp: In function &#39;bool Tasks_Delay(Task, int16_t)&#39;:
/home/ec2-user/arduino-testlib/cli-datadir/user/libraries/Task_Scheduler/src/Tasks.cpp:329:9: error: &#39;PAUSE_INTERRUPTS&#39; was not declared in this scope
         PAUSE_INTERRUPTS;
         ^~~~~~~~~~~~~~~~
/home/ec2-user/arduino-testlib/cli-datadir/user/libraries/Task_Scheduler/src/Tasks.cpp:329:9: note: suggested alternative: &#39;NOT_AN_INTERRUPT&#39;
         PAUSE_INTERRUPTS;
         ^~~~~~~~~~~~~~~~
         NOT_AN_INTERRUPT
/home/ec2-user/arduino-testlib/cli-datadir/user/libraries/Task_Scheduler/src/Tasks.cpp:342:13: error: &#39;RESUME_INTERRUPTS&#39; was not declared in this scope
             RESUME_INTERRUPTS;
             ^~~~~~~~~~~~~~~~~
/home/ec2-user/arduino-testlib/cli-datadir/user/libraries/Task_Scheduler/src/Tasks.cpp:342:13: note: suggested alternative: &#39;NOT_AN_INTERRUPT&#39;
             RESUME_INTERRUPTS;
             ^~~~~~~~~~~~~~~~~
             NOT_AN_INTERRUPT
/home/ec2-user/arduino-testlib/cli-datadir/user/libraries/Task_Scheduler/src/Tasks.cpp:353:9: error: &#39;RESUME_INTERRUPTS&#39; was not declared in this scope
         RESUME_INTERRUPTS;
         ^~~~~~~~~~~~~~~~~
/home/ec2-user/arduino-testlib/cli-datadir/user/libraries/Task_Scheduler/src/Tasks.cpp:353:9: note: suggested alternative: &#39;NOT_AN_INTERRUPT&#39;
         RESUME_INTERRUPTS;
         ^~~~~~~~~~~~~~~~~
         NOT_AN_INTERRUPT
/home/ec2-user/arduino-testlib/cli-datadir/user/libraries/Task_Scheduler/src/Tasks.cpp: In function &#39;bool Tasks_SetState(Task, bool)&#39;:
/home/ec2-user/arduino-testlib/cli-datadir/user/libraries/Task_Scheduler/src/Tasks.cpp:371:9: error: &#39;PAUSE_INTERRUPTS&#39; was not declared in this scope
         PAUSE_INTERRUPTS;
         ^~~~~~~~~~~~~~~~
/home/ec2-user/arduino-testlib/cli-datadir/user/libraries/Task_Scheduler/src/Tasks.cpp:371:9: note: suggested alternative: &#39;NOT_AN_INTERRUPT&#39;
         PAUSE_INTERRUPTS;
         ^~~~~~~~~~~~~~~~
         NOT_AN_INTERRUPT
/home/ec2-user/arduino-testlib/cli-datadir/user/libraries/Task_Scheduler/src/Tasks.cpp:381:13: error: &#39;RESUME_INTERRUPTS&#39; was not declared in this scope
             RESUME_INTERRUPTS;
             ^~~~~~~~~~~~~~~~~
/home/ec2-user/arduino-testlib/cli-datadir/user/libraries/Task_Scheduler/src/Tasks.cpp:381:13: note: suggested alternative: &#39;NOT_AN_INTERRUPT&#39;
             RESUME_INTERRUPTS;
             ^~~~~~~~~~~~~~~~~
             NOT_AN_INTERRUPT
/home/ec2-user/arduino-testlib/cli-datadir/user/libraries/Task_Scheduler/src/Tasks.cpp:392:9: error: &#39;RESUME_INTERRUPTS&#39; was not declared in this scope
         RESUME_INTERRUPTS;
         ^~~~~~~~~~~~~~~~~
/home/ec2-user/arduino-testlib/cli-datadir/user/libraries/Task_Scheduler/src/Tasks.cpp:392:9: note: suggested alternative: &#39;NOT_AN_INTERRUPT&#39;
         RESUME_INTERRUPTS;
         ^~~~~~~~~~~~~~~~~
         NOT_AN_INTERRUPT

</pre>

					
					<h4>examples/Blink</h4>
					<p>
						Result: <b>FAIL</b>
					</p>
					<pre class="pre-scrollable">/home/ec2-user/arduino-testlib/cli-datadir/user/libraries/Task_Scheduler/examples/Blink/Blink.ino: In function &#39;void setup()&#39;:
/home/ec2-user/arduino-testlib/cli-datadir/user/libraries/Task_Scheduler/examples/Blink/Blink.ino:29:3: error: &#39;Tasks_Init&#39; was not declared in this scope
   Tasks_Init();
   ^~~~~~~~~~
/home/ec2-user/arduino-testlib/cli-datadir/user/libraries/Task_Scheduler/examples/Blink/Blink.ino:29:3: note: suggested alternative: &#39;UHD_Init&#39;
   Tasks_Init();
   ^~~~~~~~~~
   UHD_Init
/home/ec2-user/arduino-testlib/cli-datadir/user/libraries/Task_Scheduler/examples/Blink/Blink.ino:30:20: error: invalid cast to abstract class type &#39;Task&#39;
   Tasks_Add((Task) blink, 500, 0);
                    ^~~~~
In file included from /home/ec2-user/arduino-testlib/cli-datadir/user/libraries/Task_Scheduler/examples/Blink/Blink.ino:14:0:
/home/ec2-user/arduino-testlib/cli-datadir/user/libraries/Tasks/src/Tasks.h:45:7: note:   because the following virtual functions are pure within &#39;Task&#39;:
 class Task {
       ^~~~
/home/ec2-user/arduino-testlib/cli-datadir/user/libraries/Tasks/src/Tasks.h:51:18: note: 	virtual void Task::update()
     virtual void update() = 0;
                  ^~~~~~
/home/ec2-user/arduino-testlib/cli-datadir/user/libraries/Task_Scheduler/examples/Blink/Blink.ino:30:3: error: &#39;Tasks_Add&#39; was not declared in this scope
   Tasks_Add((Task) blink, 500, 0);
   ^~~~~~~~~
/home/ec2-user/arduino-testlib/cli-datadir/user/libraries/Task_Scheduler/examples/Blink/Blink.ino:31:3: error: &#39;Tasks_Start&#39; was not declared in this scope
   Tasks_Start();
   ^~~~~~~~~~~
Multiple libraries were found for &#34;Tasks.h&#34;
  Used: /home/ec2-user/arduino-testlib/cli-datadir/user/libraries/Tasks
  Not used: /home/ec2-user/arduino-testlib/cli-datadir/user/libraries/Task_Scheduler
</pre>
					
					<h4>examples/Blink_2</h4>
					<p>
						Result: <b>FAIL</b>
					</p>
					<pre class="pre-scrollable">/home/ec2-user/arduino-testlib/cli-datadir/user/libraries/Task_Scheduler/examples/Blink_2/Blink_2.ino: In function &#39;void setup()&#39;:
/home/ec2-user/arduino-testlib/cli-datadir/user/libraries/Task_Scheduler/examples/Blink_2/Blink_2.ino:42:3: error: &#39;Tasks_Init&#39; was not declared in this scope
   Tasks_Init();
   ^~~~~~~~~~
/home/ec2-user/arduino-testlib/cli-datadir/user/libraries/Task_Scheduler/examples/Blink_2/Blink_2.ino:42:3: note: suggested alternative: &#39;UHD_Init&#39;
   Tasks_Init();
   ^~~~~~~~~~
   UHD_Init
/home/ec2-user/arduino-testlib/cli-datadir/user/libraries/Task_Scheduler/examples/Blink_2/Blink_2.ino:43:20: error: invalid cast to abstract class type &#39;Task&#39;
   Tasks_Add((Task) toggle_1, 10, 0);
                    ^~~~~~~~
In file included from /home/ec2-user/arduino-testlib/cli-datadir/user/libraries/Task_Scheduler/examples/Blink_2/Blink_2.ino:15:0:
/home/ec2-user/arduino-testlib/cli-datadir/user/libraries/Tasks/src/Tasks.h:45:7: note:   because the following virtual functions are pure within &#39;Task&#39;:
 class Task {
       ^~~~
/home/ec2-user/arduino-testlib/cli-datadir/user/libraries/Tasks/src/Tasks.h:51:18: note: 	virtual void Task::update()
     virtual void update() = 0;
                  ^~~~~~
/home/ec2-user/arduino-testlib/cli-datadir/user/libraries/Task_Scheduler/examples/Blink_2/Blink_2.ino:43:3: error: &#39;Tasks_Add&#39; was not declared in this scope
   Tasks_Add((Task) toggle_1, 10, 0);
   ^~~~~~~~~
/home/ec2-user/arduino-testlib/cli-datadir/user/libraries/Task_Scheduler/examples/Blink_2/Blink_2.ino:44:20: error: invalid cast to abstract class type &#39;Task&#39;
   Tasks_Add((Task) toggle_2, 1, 0);
                    ^~~~~~~~
/home/ec2-user/arduino-testlib/cli-datadir/user/libraries/Task_Scheduler/examples/Blink_2/Blink_2.ino:45:3: error: &#39;Tasks_Start&#39; was not declared in this scope
   Tasks_Start();
   ^~~~~~~~~~~
Multiple libraries were found for &#34;Tasks.h&#34;
  Used: /home/ec2-user/arduino-testlib/cli-datadir/user/libraries/Tasks
  Not used: /home/ec2-user/arduino-testlib/cli-datadir/user/libraries/Task_Scheduler
</pre>
					
					<h4>examples/Class_methods</h4>
					<p>
						Result: <b>FAIL</b>
					</p>
					<pre class="pre-scrollable">/home/ec2-user/arduino-testlib/cli-datadir/user/libraries/Task_Scheduler/examples/Class_methods/Class_methods.ino: In function &#39;void setup()&#39;:
/home/ec2-user/arduino-testlib/cli-datadir/user/libraries/Task_Scheduler/examples/Class_methods/Class_methods.ino:39:3: error: &#39;Tasks_Init&#39; was not declared in this scope
   Tasks_Init();
   ^~~~~~~~~~
/home/ec2-user/arduino-testlib/cli-datadir/user/libraries/Task_Scheduler/examples/Class_methods/Class_methods.ino:39:3: note: suggested alternative: &#39;UHD_Init&#39;
   Tasks_Init();
   ^~~~~~~~~~
   UHD_Init
/home/ec2-user/arduino-testlib/cli-datadir/user/libraries/Task_Scheduler/examples/Class_methods/Class_methods.ino:40:20: error: invalid cast to abstract class type &#39;Task&#39;
   Tasks_Add((Task) item1_print, 1000, 0);      // Use handlers for non-static member functions!
                    ^~~~~~~~~~~
In file included from /home/ec2-user/arduino-testlib/cli-datadir/user/libraries/Task_Scheduler/examples/Class_methods/Class_methods.ino:17:0:
/home/ec2-user/arduino-testlib/cli-datadir/user/libraries/Tasks/src/Tasks.h:45:7: note:   because the following virtual functions are pure within &#39;Task&#39;:
 class Task {
       ^~~~
/home/ec2-user/arduino-testlib/cli-datadir/user/libraries/Tasks/src/Tasks.h:51:18: note: 	virtual void Task::update()
     virtual void update() = 0;
                  ^~~~~~
/home/ec2-user/arduino-testlib/cli-datadir/user/libraries/Task_Scheduler/examples/Class_methods/Class_methods.ino:40:3: error: &#39;Tasks_Add&#39; was not declared in this scope
   Tasks_Add((Task) item1_print, 1000, 0);      // Use handlers for non-static member functions!
   ^~~~~~~~~
/home/ec2-user/arduino-testlib/cli-datadir/user/libraries/Task_Scheduler/examples/Class_methods/Class_methods.ino:41:20: error: invalid cast to abstract class type &#39;Task&#39;
   Tasks_Add((Task) item2_print, 1000, 500);
                    ^~~~~~~~~~~
/home/ec2-user/arduino-testlib/cli-datadir/user/libraries/Task_Scheduler/examples/Class_methods/Class_methods.ino:42:3: error: &#39;Tasks_Start&#39; was not declared in this scope
   Tasks_Start();
   ^~~~~~~~~~~
/home/ec2-user/arduino-testlib/cli-datadir/user/libraries/Task_Scheduler/examples/Class_methods/Class_methods.ino: In function &#39;void _loop()&#39;:
/home/ec2-user/arduino-testlib/cli-datadir/user/libraries/Task_Scheduler/examples/Class_methods/Class_methods.ino:51:24: error: invalid cast to abstract class type &#39;Task&#39;
     Tasks_Delay((Task) item1_print, 2000);
                        ^~~~~~~~~~~
/home/ec2-user/arduino-testlib/cli-datadir/user/libraries/Task_Scheduler/examples/Class_methods/Class_methods.ino:51:5: error: &#39;Tasks_Delay&#39; was not declared in this scope
     Tasks_Delay((Task) item1_print, 2000);
     ^~~~~~~~~~~
/home/ec2-user/arduino-testlib/cli-datadir/user/libraries/Task_Scheduler/examples/Class_methods/Class_methods.ino:52:29: error: invalid cast to abstract class type &#39;Task&#39;
     Tasks_Pause_Task((Task) item2_print);
                             ^~~~~~~~~~~
/home/ec2-user/arduino-testlib/cli-datadir/user/libraries/Task_Scheduler/examples/Class_methods/Class_methods.ino:52:5: error: &#39;Tasks_Pause_Task&#39; was not declared in this scope
     Tasks_Pause_Task((Task) item2_print);
     ^~~~~~~~~~~~~~~~
Multiple libraries were found for &#34;Tasks.h&#34;
  Used: /home/ec2-user/arduino-testlib/cli-datadir/user/libraries/Tasks
  Not used: /home/ec2-user/arduino-testlib/cli-datadir/user/libraries/Task_Scheduler
</pre>
					
					<h4>examples/Class_methods_2</h4>
					<p>
						Result: <b>FAIL</b>
					</p>
					<pre class="pre-scrollable">/home/ec2-user/arduino-testlib/cli-datadir/user/libraries/Task_Scheduler/examples/Class_methods_2/Class_methods_2.ino: In function &#39;void setup()&#39;:
/home/ec2-user/arduino-testlib/cli-datadir/user/libraries/Task_Scheduler/examples/Class_methods_2/Class_methods_2.ino:38:3: error: &#39;Tasks_Init&#39; was not declared in this scope
   Tasks_Init();
   ^~~~~~~~~~
�����������������������������������������������������������������������������������������In file included from /home/ec2-user/arduino-testlib/cli-datadir/user/libraries/Task_Scheduler/examples/Class_methods_/home/ec2-user/arduino-testlib/cli-datadir/user/libraries/Task_Scheduler/examples/Class_methods_2/Class_methods_2.ino:39:20: error: invalid cast to abstract class type &#39;Task&#39;
   Tasks_Add((Task) item1_print, 1000, 0);      // Use handlers for non-static member functions!
                    ^~~~~~~~~~~
In file included from /home/ec2-user/arduino-testlib/cli-datadir/user/libraries/Task_Scheduler/examples/Class_methods_2/Class_methods_2.ino:16:0:
/home/ec2-user/arduino-testlib/cli-datadir/user/libraries/Tasks/src/Tasks.h:45:7: note:   because the following virtual functions are pure within &#39;Task&#39;:
 class Task {
    /home/ec2-user/arduino-testlib/cli-datadir/user/libraries/Task_Scheduler/examples/Class_methods_2/Test_Class.cpp:43:49: error: invalid cast to abstract class type &#39;Task&#39;
     Tasks_Add((Task) (TestClass::print_delayed_2), 0, 250);
                                                 ^
/home/ec2-user/arduino-testlib/cli-datadir/user/libraries/Task_Scheduler/examples/Class_methods_2/Test_Class.cpp:43:5: error: &#39;Tasks_Add&#39; was not declared in this scope
     Tasks_Add((/home/ec2-user/arduino-testlib/cli-datadir/user/libraries/Task_Scheduler/examples/Class_methods_2/Class_methods_2.ino:40:20: error: invalid cast to abstract class type &#39;Task&#39;
   Tasks_Add((Task) item2_print, 1000, 500);
                    ^~~~~~~~~~~
/home/ec2-user/arduino-testlib/cli-datadir/user/libraries/Task_Scheduler/examples/Class_methods_2/Class_methods_2.ino:41:3: error: &#39;Tasks_Start&#39; was not declared in this scope
   Tasks_Start();
   ^~~~~~~~~~~
/home/ec2-user/arduino-testlib/cli-datadir/user/libraries/Task_Scheduler/examples/Class_methods_2/Class_methods_2.ino: In function &#39;void _loop()&#39;:
/home/ec2-user/arduino-testlib/cli-datadir/user/libraries/Task_Scheduler/examples/Class_methods_2/Class_methods_2.ino:50:24: error: invalid cast to abstract class type &#39;Task&#39;
     Tasks_Delay((Task) item1_print, 2000);
                        ^~~~~~~~~~~
/home/ec2-user/arduino-testlib/cli-datadir/user/libraries/Task_Scheduler/examples/Class_methods_2/Class_methods_2.ino:50:5: error: &#39;Tasks_Delay&#39; was not declared in this scope
     Tasks_Delay((Task) item1_print, 2000);
     ^~~~~~~~~~~
/home/ec2-user/arduino-testlib/cli-datadir/user/libraries/Task_Scheduler/examples/Class_methods_2/Class_methods_2.ino:51:29: error: invalid cast to abstract class type &#39;Task&#39;
     Tasks_Pause_Task((Task) item2_print);
                             ^~~~~~~~~~~
/home/ec2-user/arduino-testlib/cli-datadir/user/libraries/Task_Scheduler/examples/Class_methods_2/Class_methods_2.ino:51:5: error: &#39;Tasks_Pause_Task&#39; was not declared in this scope
     Tasks_Pause_Task((Task) item2_print);
     ^~~~~~~~~~~~~~~~
Multiple libraries were found for &#34;Tasks.h&#34;
  Used: /home/ec2-user/arduino-testlib/cli-datadir/user/libraries/Tasks
  Not used: /home/ec2-user/arduino-testlib/cli-datadir/user/libraries/Task_Scheduler
</pre>
					
					<h4>examples/Scheduling_1</h4>
					<p>
						Result: <b>FAIL</b>
					</p>
					<pre class="pre-scrollable">/home/ec2-user/arduino-testlib/cli-datadir/user/libraries/Task_Scheduler/examples/Scheduling_1/Scheduling_1.ino: In function &#39;void setup()&#39;:
/home/ec2-user/arduino-testlib/cli-datadir/user/libraries/Task_Scheduler/examples/Scheduling_1/Scheduling_1.ino:38:3: error: &#39;Tasks_Init&#39; was not declared in this scope
   Tasks_Init();
   ^~~~~~~~~~
/home/ec2-user/arduino-testlib/cli-datadir/user/libraries/Task_Scheduler/examples/Scheduling_1/Scheduling_1.ino:38:3: note: suggested alternative: &#39;UHD_Init&#39;
   Tasks_Init();
   ^~~~~~~~~~
   UHD_Init
/home/ec2-user/arduino-testlib/cli-datadir/user/libraries/Task_Scheduler/examples/Scheduling_1/Scheduling_1.ino:41:20: error: invalid cast to abstract class type &#39;Task&#39;
   Tasks_Add((Task) task_1, 1000, 0);
                    ^~~~~~
In file included from /home/ec2-user/arduino-testlib/cli-datadir/user/libraries/Task_Scheduler/examples/Scheduling_1/Scheduling_1.ino:13:0:
/home/ec2-user/arduino-testlib/cli-datadir/user/libraries/Tasks/src/Tasks.h:45:7: note:   because the following virtual functions are pure within &#39;Task&#39;:
 class Task {
       ^~~~
/home/ec2-user/arduino-testlib/cli-datadir/user/libraries/Tasks/src/Tasks.h:51:18: note: 	virtual void Task::update()
     virtual void update() = 0;
                  ^~~~~~
/home/ec2-user/arduino-testlib/cli-datadir/user/libraries/Task_Scheduler/examples/Scheduling_1/Scheduling_1.ino:41:3: error: &#39;Tasks_Add&#39; was not declared in this scope
   Tasks_Add((Task) task_1, 1000, 0);
   ^~~~~~~~~
/home/ec2-user/arduino-testlib/cli-datadir/user/libraries/Task_Scheduler/examples/Scheduling_1/Scheduling_1.ino:42:20: error: invalid cast to abstract class type &#39;Task&#39;
   Tasks_Add((Task) task_2, 1000, 100);
                    ^~~~~~
/home/ec2-user/arduino-testlib/cli-datadir/user/libraries/Task_Scheduler/examples/Scheduling_1/Scheduling_1.ino:43:20: error: invalid cast to abstract class type &#39;Task&#39;
   Tasks_Add((Task) task_3, 1000, 200);
                    ^~~~~~
/home/ec2-user/arduino-testlib/cli-datadir/user/libraries/Task_Scheduler/examples/Scheduling_1/Scheduling_1.ino:44:20: error: invalid cast to abstract class type &#39;Task&#39;
   Tasks_Add((Task) task_4, 1000, 300);
                    ^~~~~~
/home/ec2-user/arduino-testlib/cli-datadir/user/libraries/Task_Scheduler/examples/Scheduling_1/Scheduling_1.ino:45:20: error: invalid cast to abstract class type &#39;Task&#39;
   Tasks_Add((Task) task_5, 1000, 400);
                    ^~~~~~
/home/ec2-user/arduino-testlib/cli-datadir/user/libraries/Task_Scheduler/examples/Scheduling_1/Scheduling_1.ino:48:3: error: &#39;Tasks_Start&#39; was not declared in this scope
   Tasks_Start();
   ^~~~~~~~~~~
Multiple libraries were found for &#34;Tasks.h&#34;
  Used: /home/ec2-user/arduino-testlib/cli-datadir/user/libraries/Tasks
  Not used: /home/ec2-user/arduino-testlib/cli-datadir/user/libraries/Task_Scheduler
</pre>
					
					<h4>examples/Scheduling_2</h4>
					<p>
						Result: <b>FAIL</b>
					</p>
					<pre class="pre-scrollable">/home/ec2-user/arduino-testlib/cli-datadir/user/libraries/Task_Scheduler/examples/Scheduling_2/Scheduling_2.ino: In function &#39;void setup()&#39;:
/home/ec2-user/arduino-testlib/cli-datadir/user/libraries/Task_Scheduler/examples/Scheduling_2/Scheduling_2.ino:52:3: error: &#39;Tasks_Init&#39; was not declared in this scope
   Tasks_Init();
   ^~~~~~~~~~
/home/ec2-user/arduino-testlib/cli-datadir/user/libraries/Task_Scheduler/examples/Scheduling_2/Scheduling_2.ino:52:3: note: suggested alternative: &#39;UHD_Init&#39;
   Tasks_Init();
   ^~~~~~~~~~
   UHD_Init
/home/ec2-user/arduino-testlib/cli-datadir/user/libraries/Task_Scheduler/examples/Scheduling_2/Scheduling_2.ino:55:20: error: invalid cast to abstract class type &#39;Task&#39;
   Tasks_Add((Task) print_pause, PERIOD_PRINT, 500);
                    ^~~~~~~~~~~
In file included from /home/ec2-user/arduino-testlib/cli-datadir/user/libraries/Task_Scheduler/examples/Scheduling_2/Scheduling_2.ino:13:0:
/home/ec2-user/arduino-testlib/cli-datadir/user/libraries/Tasks/src/Tasks.h:45:7: note:   because the following virtual functions are pure within &#39;Task&#39;:
 class Task {
       ^~~~
/home/ec2-user/arduino-testlib/cli-datadir/user/libraries/Tasks/src/Tasks.h:51:18: note: 	virtual void Task::update()
     virtual void update() = 0;
                  ^~~~~~
/home/ec2-user/arduino-testlib/cli-datadir/user/libraries/Task_Scheduler/examples/Scheduling_2/Scheduling_2.ino:55:3: error: &#39;Tasks_Add&#39; was not declared in this scope
   Tasks_Add((Task) print_pause, PERIOD_PRINT, 500);
   ^~~~~~~~~
/home/ec2-user/arduino-testlib/cli-datadir/user/libraries/Task_Scheduler/examples/Scheduling_2/Scheduling_2.ino:56:20: error: invalid cast to abstract class type &#39;Task&#39;
   Tasks_Add((Task) toggle_LED, PERIOD_LED, 500);
                    ^~~~~~~~~~
/home/ec2-user/arduino-testlib/cli-datadir/user/libraries/Task_Scheduler/examples/Scheduling_2/Scheduling_2.ino:59:3: error: &#39;Tasks_Start&#39; was not declared in this scope
   Tasks_Start();
   ^~~~~~~~~~~
/home/ec2-user/arduino-testlib/cli-datadir/user/libraries/Task_Scheduler/examples/Scheduling_2/Scheduling_2.ino: In function &#39;void _loop()&#39;:
/home/ec2-user/arduino-testlib/cli-datadir/user/libraries/Task_Scheduler/examples/Scheduling_2/Scheduling_2.ino:78:28: error: invalid cast to abstract class type &#39;Task&#39;
         Tasks_Delay((Task) print_pause, 1); // force next execution
                            ^~~~~~~~~~~
/home/ec2-user/arduino-testlib/cli-datadir/user/libraries/Task_Scheduler/examples/Scheduling_2/Scheduling_2.ino:78:9: error: &#39;Tasks_Delay&#39; was not declared in this scope
         Tasks_Delay((Task) print_pause, 1); // force next execution
         ^~~~~~~~~~~
/home/ec2-user/arduino-testlib/cli-datadir/user/libraries/Task_Scheduler/examples/Scheduling_2/Scheduling_2.ino:84:28: error: invalid cast to abstract class type &#39;Task&#39;
         Tasks_Delay((Task) print_pause, 1); // force next execution
                            ^~~~~~~~~~~
/home/ec2-user/arduino-testlib/cli-datadir/user/libraries/Task_Scheduler/examples/Scheduling_2/Scheduling_2.ino:89:33: error: invalid cast to abstract class type &#39;Task&#39;
         Tasks_Pause_Task((Task) print_pause);
                                 ^~~~~~~~~~~
/home/ec2-user/arduino-testlib/cli-datadir/user/libraries/Task_Scheduler/examples/Scheduling_2/Scheduling_2.ino:89:9: error: &#39;Tasks_Pause_Task&#39; was not declared in this scope
         Tasks_Pause_Task((Task) print_pause);
         ^~~~~~~~~~~~~~~~
/home/ec2-user/arduino-testlib/cli-datadir/user/libraries/Task_Scheduler/examples/Scheduling_2/Scheduling_2.ino:94:33: error: invalid cast to abstract class type &#39;Task&#39;
         Tasks_Start_Task((Task) print_pause);
                                 ^~~~~~~~~~~
/home/ec2-user/arduino-testlib/cli-datadir/user/libraries/Task_Scheduler/examples/Scheduling_2/Scheduling_2.ino:94:9: error: &#39;Tasks_Start_Task&#39; was not declared in this scope
         Tasks_Start_Task((Task) print_pause);
         ^~~~~~~~~~~~~~~~
/home/ec2-user/arduino-testlib/cli-datadir/user/libraries/Task_Scheduler/examples/Scheduling_2/Scheduling_2.ino:99:9: error: &#39;Tasks_Pause&#39; was not declared in this scope
         Tasks_Pause();
         ^~~~~~~~~~~
/home/ec2-user/arduino-testlib/cli-datadir/user/libraries/Task_Scheduler/examples/Scheduling_2/Scheduling_2.ino:104:9: error: &#39;Tasks_Start&#39; was not declared in this scope
         Tasks_Start();
         ^~~~~~~~~~~
/home/ec2-user/arduino-testlib/cli-datadir/user/libraries/Task_Scheduler/examples/Scheduling_2/Scheduling_2.ino: In function &#39;void print_pause()&#39;:
/home/ec2-user/arduino-testlib/cli-datadir/user/libraries/Task_Scheduler/examples/Scheduling_2/Scheduling_2.ino:119:24: error: invalid cast to abstract class type &#39;Task&#39;
     Tasks_Delay((Task) print_pause, g_period);
                        ^~~~~~~~~~~
/home/ec2-user/arduino-testlib/cli-datadir/user/libraries/Task_Scheduler/examples/Scheduling_2/Scheduling_2.ino:119:5: error: &#39;Tasks_Delay&#39; was not declared in this scope
     Tasks_Delay((Task) print_pause, g_period);
     ^~~~~~~~~~~
Multiple libraries were found for &#34;Tasks.h&#34;
  Used: /home/ec2-user/arduino-testlib/cli-datadir/user/libraries/Tasks
  Not used: /home/ec2-user/arduino-testlib/cli-datadir/user/libraries/Task_Scheduler
</pre>
					
				
				<h3 id="esp32:esp32:d1_mini32">esp32:esp32:d1_mini32 @ 1.0.6</h3>
				<h4>Inclusion</h4>
				<p>
					Result: <b>FAIL</b>
					
				</p>
				<pre class="pre-scrollable">/home/ec2-user/arduino-testlib/cli-datadir/user/libraries/Task_Scheduler/src/Tasks.cpp:12:6: error: #error board not supported, error
     #error board not supported, error
      ^
/home/ec2-user/arduino-testlib/cli-datadir/user/libraries/Task_Scheduler/src/Tasks.cpp: In function &#39;void Scheduler_update_nexttime()&#39;:
/home/ec2-user/arduino-testlib/cli-datadir/user/libraries/Task_Scheduler/src/Tasks.cpp:95:5: error: &#39;PAUSE_INTERRUPTS&#39; was not declared in this scope
     PAUSE_INTERRUPTS;
     ^
/home/ec2-user/arduino-testlib/cli-datadir/user/libraries/Task_Scheduler/src/Tasks.cpp:119:5: error: &#39;RESUME_INTERRUPTS&#39; was not declared in this scope
     RESUME_INTERRUPTS;
     ^
/home/ec2-user/arduino-testlib/cli-datadir/user/libraries/Task_Scheduler/src/Tasks.cpp: In function &#39;void Tasks_Clear()&#39;:
/home/ec2-user/arduino-testlib/cli-datadir/user/libraries/Task_Scheduler/src/Tasks.cpp:149:5: error: &#39;PAUSE_INTERRUPTS&#39; was not declared in this scope
     PAUSE_INTERRUPTS;
     ^
/home/ec2-user/arduino-testlib/cli-datadir/user/libraries/Task_Scheduler/src/Tasks.cpp:167:5: error: &#39;RESUME_INTERRUPTS&#39; was not declared in this scope
     RESUME_INTERRUPTS;
     ^
/home/ec2-user/arduino-testlib/cli-datadir/user/libraries/Task_Scheduler/src/Tasks.cpp: In function &#39;bool Tasks_Add(Task, int16_t, int16_t)&#39;:
/home/ec2-user/arduino-testlib/cli-datadir/user/libraries/Task_Scheduler/src/Tasks.cpp:189:9: error: &#39;PAUSE_INTERRUPTS&#39; was not declared in this scope
         PAUSE_INTERRUPTS;
         ^
/home/ec2-user/arduino-testlib/cli-datadir/user/libraries/Task_Scheduler/src/Tasks.cpp:200:13: error: &#39;RESUME_INTERRUPTS&#39; was not declared in this scope
             RESUME_INTERRUPTS;
             ^
/home/ec2-user/arduino-testlib/cli-datadir/user/libraries/Task_Scheduler/src/Tasks.cpp:210:9: error: &#39;RESUME_INTERRUPTS&#39; was not declared in this scope
         RESUME_INTERRUPTS;
         ^
/home/ec2-user/arduino-testlib/cli-datadir/user/libraries/Task_Scheduler/src/Tasks.cpp:218:9: error: &#39;PAUSE_INTERRUPTS&#39; was not declared in this scope
         PAUSE_INTERRUPTS;
         ^
/home/ec2-user/arduino-testlib/cli-datadir/user/libraries/Task_Scheduler/src/Tasks.cpp:235:13: error: &#39;RESUME_INTERRUPTS&#39; was not declared in this scope
             RESUME_INTERRUPTS;
             ^
/home/ec2-user/arduino-testlib/cli-datadir/user/libraries/Task_Scheduler/src/Tasks.cpp:246:9: error: &#39;RESUME_INTERRUPTS&#39; was not declared in this scope
         RESUME_INTERRUPTS;
         ^
/home/ec2-user/arduino-testlib/cli-datadir/user/libraries/Task_Scheduler/src/Tasks.cpp: In function &#39;bool Tasks_Remove(Task)&#39;:
/home/ec2-user/arduino-testlib/cli-datadir/user/libraries/Task_Scheduler/src/Tasks.cpp:264:9: error: &#39;PAUSE_INTERRUPTS&#39; was not declared in this scope
         PAUSE_INTERRUPTS;
         ^
/home/ec2-user/arduino-testlib/cli-datadir/user/libraries/Task_Scheduler/src/Tasks.cpp:291:13: error: &#39;RESUME_INTERRUPTS&#39; was not declared in this scope
             RESUME_INTERRUPTS;
             ^
/home/ec2-user/arduino-testlib/cli-datadir/user/libraries/Task_Scheduler/src/Tasks.cpp:302:9: error: &#39;RESUME_INTERRUPTS&#39; was not declared in this scope
         RESUME_INTERRUPTS;
         ^
/home/ec2-user/arduino-testlib/cli-datadir/user/libraries/Task_Scheduler/src/Tasks.cpp: In function &#39;bool Tasks_Delay(Task, int16_t)&#39;:
/home/ec2-user/arduino-testlib/cli-datadir/user/libraries/Task_Scheduler/src/Tasks.cpp:329:9: error: &#39;PAUSE_INTERRUPTS&#39; was not declared in this scope
         PAUSE_INTERRUPTS;
         ^
/home/ec2-user/arduino-testlib/cli-datadir/user/libraries/Task_Scheduler/src/Tasks.cpp:342:13: error: &#39;RESUME_INTERRUPTS&#39; was not declared in this scope
             RESUME_INTERRUPTS;
             ^
/home/ec2-user/arduino-testlib/cli-datadir/user/libraries/Task_Scheduler/src/Tasks.cpp:353:9: error: &#39;RESUME_INTERRUPTS&#39; was not declared in this scope
         RESUME_INTERRUPTS;
         ^
/home/ec2-user/arduino-testlib/cli-datadir/user/libraries/Task_Scheduler/src/Tasks.cpp: In function &#39;bool Tasks_SetState(Task, bool)&#39;:
/home/ec2-user/arduino-testlib/cli-datadir/user/libraries/Task_Scheduler/src/Tasks.cpp:371:9: error: &#39;PAUSE_INTERRUPTS&#39; was not declared in this scope
         PAUSE_INTERRUPTS;
         ^
/home/ec2-user/arduino-testlib/cli-datadir/user/libraries/Task_Scheduler/src/Tasks.cpp:381:13: error: &#39;RESUME_INTERRUPTS&#39; was not declared in this scope
             RESUME_INTERRUPTS;
             ^
/home/ec2-user/arduino-testlib/cli-datadir/user/libraries/Task_Scheduler/src/Tasks.cpp:392:9: error: &#39;RESUME_INTERRUPTS&#39; was not declared in this scope
         RESUME_INTERRUPTS;
         ^

</pre>

					
					<h4>examples/Blink</h4>
					<p>
						Result: <b>FAIL</b>
					</p>
					<pre class="pre-scrollable">/home/ec2-user/arduino-testlib/cli-datadir/user/libraries/Task_Scheduler/examples/Blink/Blink.ino: In function &#39;void setup()&#39;:
/home/ec2-user/arduino-testlib/cli-datadir/user/libraries/Task_Scheduler/examples/Blink/Blink.ino:29:14: error: &#39;Tasks_Init&#39; was not declared in this scope
   Tasks_Init();
              ^
/home/ec2-user/arduino-testlib/cli-datadir/user/libraries/Task_Scheduler/examples/Blink/Blink.ino:30:20: error: invalid cast to abstract class type &#39;Task&#39;
   Tasks_Add((Task) blink, 500, 0);
                    ^
In file included from /home/ec2-user/arduino-testlib/cli-datadir/user/libraries/Task_Scheduler/examples/Blink/Blink.ino:14:0:
/home/ec2-user/arduino-testlib/cli-datadir/user/libraries/Tasks/src/Tasks.h:45:7: note:   because the following virtual functions are pure within &#39;Task&#39;:
 class Task {
       ^
/home/ec2-user/arduino-testlib/cli-datadir/user/libraries/Tasks/src/Tasks.h:51:18: note: 	virtual void Task::update()
     virtual void update() = 0;
                  ^
/home/ec2-user/arduino-testlib/cli-datadir/user/libraries/Task_Scheduler/examples/Blink/Blink.ino:30:33: error: &#39;Tasks_Add&#39; was not declared in this scope
   Tasks_Add((Task) blink, 500, 0);
                                 ^
/home/ec2-user/arduino-testlib/cli-datadir/user/libraries/Task_Scheduler/examples/Blink/Blink.ino:31:15: error: &#39;Tasks_Start&#39; was not declared in this scope
   Tasks_Start();
               ^
Multiple libraries were found for &#34;Tasks.h&#34;
  Used: /home/ec2-user/arduino-testlib/cli-datadir/user/libraries/Tasks
  Not used: /home/ec2-user/arduino-testlib/cli-datadir/user/libraries/Task_Scheduler
</pre>
					
					<h4>examples/Blink_2</h4>
					<p>
						Result: <b>FAIL</b>
					</p>
					<pre class="pre-scrollable">/home/ec2-user/arduino-testlib/cli-datadir/user/libraries/Task_Scheduler/examples/Blink_2/Blink_2.ino: In function &#39;void setup()&#39;:
/home/ec2-user/arduino-testlib/cli-datadir/user/libraries/Task_Scheduler/examples/Blink_2/Blink_2.ino:42:14: error: &#39;Tasks_Init&#39; was not declared in this scope
   Tasks_Init();
              ^
/home/ec2-user/arduino-testlib/cli-datadir/user/libraries/Task_Scheduler/examples/Blink_2/Blink_2.ino:43:20: error: invalid cast to abstract class type &#39;Task&#39;
   Tasks_Add((Task) toggle_1, 10, 0);
                    ^
In file included from /home/ec2-user/arduino-testlib/cli-datadir/user/libraries/Task_Scheduler/examples/Blink_2/Blink_2.ino:15:0:
/home/ec2-user/arduino-testlib/cli-datadir/user/libraries/Tasks/src/Tasks.h:45:7: note:   because the following virtual functions are pure within &#39;Task&#39;:
 class Task {
       ^
/home/ec2-user/arduino-testlib/cli-datadir/user/libraries/Tasks/src/Tasks.h:51:18: note: 	virtual void Task::update()
     virtual void update() = 0;
                  ^
/home/ec2-user/arduino-testlib/cli-datadir/user/libraries/Task_Scheduler/examples/Blink_2/Blink_2.ino:43:35: error: &#39;Tasks_Add&#39; was not declared in this scope
   Tasks_Add((Task) toggle_1, 10, 0);
                                   ^
/home/ec2-user/arduino-testlib/cli-datadir/user/libraries/Task_Scheduler/examples/Blink_2/Blink_2.ino:44:20: error: invalid cast to abstract class type &#39;Task&#39;
   Tasks_Add((Task) toggle_2, 1, 0);
                    ^
/home/ec2-user/arduino-testlib/cli-datadir/user/libraries/Task_Scheduler/examples/Blink_2/Blink_2.ino:45:15: error: &#39;Tasks_Start&#39; was not declared in this scope
   Tasks_Start();
               ^
Multiple libraries were found for &#34;Tasks.h&#34;
  Used: /home/ec2-user/arduino-testlib/cli-datadir/user/libraries/Tasks
  Not used: /home/ec2-user/arduino-testlib/cli-datadir/user/libraries/Task_Scheduler
</pre>
					
					<h4>examples/Class_methods</h4>
					<p>
						Result: <b>FAIL</b>
					</p>
					<pre class="pre-scrollable">Multiple libraries were found for &#34;Tasks.h&#34;
  Used: /home/ec2-user/arduino-testlib/cli-datadir/user/libraries/Tasks
  Not used: /home/ec2-user/arduino-testlib/cli-datadir/user/libraries/Task_Scheduler
</pre>
					
					<h4>examples/Class_methods_2</h4>
					<p>
						Result: <b>FAIL</b>
					</p>
					<pre class="pre-scrollable">/home/ec2-user/arduino-testlib/cli-datadir/user/libraries/Task_Scheduler/examples/Class_methods_2/Test_Class.cpp: In member function &#39;void TestClass::print()&#39;:
/home/ec2-user/arduino-testlib/cli-datadir/user/libraries/Task_Scheduler/examples/Class_methods_2/Test_Class.cpp:41:49: error: invalid cast to abstract class type &#39;Task&#39;
     Tasks_Add((Task) (TestClass::print_delayed_1), 0, 250);
                                                 ^
In file included from /home/ec2-user/arduino-testlib/cli-datadir/user/ class type &#39;Task&#39;
   Tasks_Add((Task) item1_print, 1000, 0);      // Use handlers for non-static member functions!
                    ^
In file included from /home/ec2-user/arduino-testlib/cli-datadir/user/libraries/Task_Scheduler/examples/Class_methods_2/Class_methods_2.ino:16:0:
/home/ec2-user/arduino-testlib/cli-datadir/user/libraries/Tasks/src/Tasks.h:45:7: note:   because the following virtual functions are pure within &#39;Task&#39;:
 class Task {
       ^
/home/ec2-user/arduino-testlib/cli-datadir/user/libraries/Tasks/src/Tasks.h:51:18: note: 	virtual void Task::update()
     virtual void update() = 0;
                  ^
/home/ec2-user/arduino-testlib/cli-datadir/user/libraries/Task_Scheduler/examples/Class_methods_2/Class_methods_2.ino:39:40: error: &#39;Tasks_Add&#39; was not declared in this scope
   Tasks_Add((Task) item1_print, 1000, 0);      // Use handlers for non-static member functions!
                                        ^
/home/ec2-user/arduino-testlib/cli-datadir/user/libraries/Task_Scheduler/examples/Class_methods_2/Class_methods_2.ino:40:20: error: invalid cast to abstract class type &#39;Task&#39;
   Tasks_Add((Task) item2_print, 1000, 500);
                    ^
/home/ec2-user/arduino-testlib/cli-datadir/user/libraries/Task_Scheduler/examples/Class_methods_2/Class_methods_2.ino:41:15: error: &#39;Tasks_Start&#39; was not declared in this scope
   Tasks_Start();
               ^
/home/ec2-user/arduino-testlib/cli-datadir/user/libraries/Task_Scheduler/examples/Class_methods_2/Class_methods_2.ino: In function &#39;void _loop()&#39;:
/home/ec2-user/arduino-testlib/cli-datadir/user/libraries/Task_Scheduler/examples/Class_methods_2/Class_methods_2.ino:50:24: error: invalid cast to abstract class type &#39;Task&#39;
     Tasks_Delay((Task) item1_print, 2000);
                        ^
/home/ec2-user/arduino-testlib/cli-datadir/user/libraries/Task_Scheduler/examples/Class_methods_2/Class_methods_2.ino:50:41: error: &#39;Tasks_Delay&#39; was not declared in this scope
     Tasks_Delay((Task) item1_print, 2000);
                                         ^
/home/ec2-user/arduino-testlib/cli-datadir/user/libraries/Task_Scheduler/examples/Class_methods_2/Class_methods_2.ino:51:29: error: invalid cast to abstract class type &#39;Task&#39;
     Tasks_Pause_Task((Task) item2_print);
                             ^
/home/ec2-user/arduino-testlib/cli-datadir/user/libraries/Task_Scheduler/examples/Class_methods_2/Class_methods_2.ino:51:40: error: &#39;Tasks_Pause_Task&#39; was not declared in this scope
     Tasks_Pause_Task((Task) item2_print);
                                        ^
Multiple libraries were found for &#34;Tasks.h&#34;
  Used: /home/ec2-user/arduino-testlib/cli-datadir/user/libraries/Tasks
  Not used: /home/ec2-user/arduino-testlib/cli-datadir/user/libraries/Task_Scheduler
</pre>
					
					<h4>examples/Scheduling_1</h4>
					<p>
						Result: <b>FAIL</b>
					</p>
					<pre class="pre-scrollable">/home/ec2-user/arduino-testlib/cli-datadir/user/libraries/Task_Scheduler/examples/Scheduling_1/Scheduling_1.ino: In function &#39;void setup()&#39;:
/home/ec2-user/arduino-testlib/cli-datadir/user/libraries/Task_Scheduler/examples/Scheduling_1/Scheduling_1.ino:38:14: error: &#39;Tasks_Init&#39; was not declared in this scope
   Tasks_Init();
              ^
/home/ec2-user/arduino-testlib/cli-datadir/user/libraries/Task_Scheduler/examples/Scheduling_1/Scheduling_1.ino:41:20: error: invalid cast to abstract class type &#39;Task&#39;
   Tasks_Add((Task) task_1, 1000, 0);
                    ^
In file included from /home/ec2-user/arduino-testlib/cli-datadir/user/libraries/Task_Scheduler/examples/Scheduling_1/Scheduling_1.ino:13:0:
/home/ec2-user/arduino-testlib/cli-datadir/user/libraries/Tasks/src/Tasks.h:45:7: note:   because the following virtual functions are pure within &#39;Task&#39;:
 class Task {
       ^
/home/ec2-user/arduino-testlib/cli-datadir/user/libraries/Tasks/src/Tasks.h:51:18: note: 	virtual void Task::update()
     virtual void update() = 0;
                  ^
/home/ec2-user/arduino-testlib/cli-datadir/user/libraries/Task_Scheduler/examples/Scheduling_1/Scheduling_1.ino:41:35: error: &#39;Tasks_Add&#39; was not declared in this scope
   Tasks_Add((Task) task_1, 1000, 0);
                                   ^
/home/ec2-user/arduino-testlib/cli-datadir/user/libraries/Task_Scheduler/examples/Scheduling_1/Scheduling_1.ino:42:20: error: invalid cast to abstract class type &#39;Task&#39;
   Tasks_Add((Task) task_2, 1000, 100);
                    ^
/home/ec2-user/arduino-testlib/cli-datadir/user/libraries/Task_Scheduler/examples/Scheduling_1/Scheduling_1.ino:43:20: error: invalid cast to abstract class type &#39;Task&#39;
   Tasks_Add((Task) task_3, 1000, 200);
                    ^
/home/ec2-user/arduino-testlib/cli-datadir/user/libraries/Task_Scheduler/examples/Scheduling_1/Scheduling_1.ino:44:20: error: invalid cast to abstract class type &#39;Task&#39;
   Tasks_Add((Task) task_4, 1000, 300);
                    ^
/home/ec2-user/arduino-testlib/cli-datadir/user/libraries/Task_Scheduler/examples/Scheduling_1/Scheduling_1.ino:45:20: error: invalid cast to abstract class type &#39;Task&#39;
   Tasks_Add((Task) task_5, 1000, 400);
                    ^
/home/ec2-user/arduino-testlib/cli-datadir/user/libraries/Task_Scheduler/examples/Scheduling_1/Scheduling_1.ino:48:15: error: &#39;Tasks_Start&#39; was not declared in this scope
   Tasks_Start();
               ^
Multiple libraries were found for &#34;Tasks.h&#34;
  Used: /home/ec2-user/arduino-testlib/cli-datadir/user/libraries/Tasks
  Not used: /home/ec2-user/arduino-testlib/cli-datadir/user/libraries/Task_Scheduler
</pre>
					
					<h4>examples/Scheduling_2</h4>
					<p>
						Result: <b>FAIL</b>
					</p>
					<pre class="pre-scrollable">/home/ec2-user/arduino-testlib/cli-datadir/user/libraries/Task_Scheduler/examples/Scheduling_2/Scheduling_2.ino: In function &#39;void setup()&#39;:
/home/ec2-user/arduino-testlib/cli-datadir/user/libraries/Task_Scheduler/examples/Scheduling_2/Scheduling_2.ino:52:14: error: &#39;Tasks_Init&#39; was not declared in this scope
   Tasks_Init();
              ^
/home/ec2-user/arduino-testlib/cli-datadir/user/libraries/Task_Scheduler/examples/Scheduling_2/Scheduling_2.ino:55:20: error: invalid cast to abstract class type &#39;Task&#39;
   Tasks_Add((Task) print_pause, PERIOD_PRINT, 500);
                    ^
In file included from /home/ec2-user/arduino-testlib/cli-datadir/user/libraries/Task_Scheduler/examples/Scheduling_2/Scheduling_2.ino:13:0:
/home/ec2-user/arduino-testlib/cli-datadir/user/libraries/Tasks/src/Tasks.h:45:7: note:   because the following virtual functions are pure within &#39;Task&#39;:
 class Task {
       ^
/home/ec2-user/arduino-testlib/cli-datadir/user/libraries/Tasks/src/Tasks.h:51:18: note: 	virtual void Task::update()
     virtual void update() = 0;
                  ^
/home/ec2-user/arduino-testlib/cli-datadir/user/libraries/Task_Scheduler/examples/Scheduling_2/Scheduling_2.ino:55:50: error: &#39;Tasks_Add&#39; was not declared in this scope
   Tasks_Add((Task) print_pause, PERIOD_PRINT, 500);
                                                  ^
/home/ec2-user/arduino-testlib/cli-datadir/user/libraries/Task_Scheduler/examples/Scheduling_2/Scheduling_2.ino:56:20: error: invalid cast to abstract class type &#39;Task&#39;
   Tasks_Add((Task) toggle_LED, PERIOD_LED, 500);
                    ^
/home/ec2-user/arduino-testlib/cli-datadir/user/libraries/Task_Scheduler/examples/Scheduling_2/Scheduling_2.ino:59:15: error: &#39;Tasks_Start&#39; was not declared in this scope
   Tasks_Start();
               ^
/home/ec2-user/arduino-testlib/cli-datadir/user/libraries/Task_Scheduler/examples/Scheduling_2/Scheduling_2.ino: In function &#39;void _loop()&#39;:
/home/ec2-user/arduino-testlib/cli-datadir/user/libraries/Task_Scheduler/examples/Scheduling_2/Scheduling_2.ino:78:28: error: invalid cast to abstract class type &#39;Task&#39;
         Tasks_Delay((Task) print_pause, 1); // force next execution
                            ^
/home/ec2-user/arduino-testlib/cli-datadir/user/libraries/Task_Scheduler/examples/Scheduling_2/Scheduling_2.ino:78:42: error: &#39;Tasks_Delay&#39; was not declared in this scope
         Tasks_Delay((Task) print_pause, 1); // force next execution
                                          ^
/home/ec2-user/arduino-testlib/cli-datadir/user/libraries/Task_Scheduler/examples/Scheduling_2/Scheduling_2.ino:84:28: error: invalid cast to abstract class type &#39;Task&#39;
         Tasks_Delay((Task) print_pause, 1); // force next execution
                            ^
/home/ec2-user/arduino-testlib/cli-datadir/user/libraries/Task_Scheduler/examples/Scheduling_2/Scheduling_2.ino:89:33: error: invalid cast to abstract class type &#39;Task&#39;
         Tasks_Pause_Task((Task) print_pause);
                                 ^
/home/ec2-user/arduino-testlib/cli-datadir/user/libraries/Task_Scheduler/examples/Scheduling_2/Scheduling_2.ino:89:44: error: &#39;Tasks_Pause_Task&#39; was not declared in this scope
         Tasks_Pause_Task((Task) print_pause);
                                            ^
/home/ec2-user/arduino-testlib/cli-datadir/user/libraries/Task_Scheduler/examples/Scheduling_2/Scheduling_2.ino:94:33: error: invalid cast to abstract class type &#39;Task&#39;
         Tasks_Start_Task((Task) print_pause);
                                 ^
/home/ec2-user/arduino-testlib/cli-datadir/user/libraries/Task_Scheduler/examples/Scheduling_2/Scheduling_2.ino:94:44: error: &#39;Tasks_Start_Task&#39; was not declared in this scope
         Tasks_Start_Task((Task) print_pause);
                                            ^
/home/ec2-user/arduino-testlib/cli-datadir/user/libraries/Task_Scheduler/examples/Scheduling_2/Scheduling_2.ino:99:21: error: &#39;Tasks_Pause&#39; was not declared in this scope
         Tasks_Pause();
                     ^
/home/ec2-user/arduino-testlib/cli-datadir/user/libraries/Task_Scheduler/examples/Scheduling_2/Scheduling_2.ino:104:21: error: &#39;Tasks_Start&#39; was not declared in this scope
         Tasks_Start();
                     ^
/home/ec2-user/arduino-testlib/cli-datadir/user/libraries/Task_Scheduler/examples/Scheduling_2/Scheduling_2.ino: In function &#39;void print_pause()&#39;:
/home/ec2-user/arduino-testlib/cli-datadir/user/libraries/Task_Scheduler/examples/Scheduling_2/Scheduling_2.ino:119:24: error: invalid cast to abstract class type &#39;Task&#39;
     Tasks_Delay((Task) print_pause, g_period);
                        ^
/home/ec2-user/arduino-testlib/cli-datadir/user/libraries/Task_Scheduler/examples/Scheduling_2/Scheduling_2.ino:119:45: error: &#39;Tasks_Delay&#39; was not declared in this scope
     Tasks_Delay((Task) print_pause, g_period);
                                             ^
Multiple libraries were found for &#34;Tasks.h&#34;
  Used: /home/ec2-user/arduino-testlib/cli-datadir/user/libraries/Tasks
  Not used: /home/ec2-user/arduino-testlib/cli-datadir/user/libraries/Task_Scheduler
</pre>
					
				
			</div>
		</div>
	</div>
  </body>
</html>
