
<!doctype html>
<html lang="en">
  <head>
    <meta charset="utf-8">
    <meta name="viewport" content="width=device-width, initial-scale=1">
    <link href="https://cdn.jsdelivr.net/npm/bootstrap@5.0.2/dist/css/bootstrap.min.css" rel="stylesheet" integrity="sha384-EVSTQN3/azprG1Anm3QDgpJLIm9Nao0Yz1ztcQTwFspd3yD65VohhpuuCOmLASjC" crossorigin="anonymous">
    <title>arduino-testlib report</title>
	<style>
	.pass { background-color: #00FF00 !important; }
	.fail { background-color: #FF0000 !important; }
	</style>
  </head>
  <body>
	<div class="container">
		<div class="row">
			<div class="col">
				<h1>TCA6416A - compatibility matrix</h1>
				<p>
					<small>This report was generated on Monday, 21-Feb-22 12:00:25 CET using 
					<a href="https://github.com/alranel/arduino-testlib">arduino-testlib</a>.</small>
				</p>

				<h2>TCA6416A</h2>
				<p>
					Version: <b>1.0.3</b>
					<br />
					<a href="https://www.arduino.cc/reference/en/libraries/tca6416a/">More details</a>
				</p>

				<h2>Compatibility matrix</h2>
				<table class="table table-bordered">
					<tr>
						<th>Board</th>
						<th>Claims compatibility</th>
						<th>Inclusion</th>
						
						<th><pre>TCA6416A_test</pre></th>
						
					</tr>
					
					<tr>
						<td>
							<a href="#arduino%3aavr%3auno"><b>arduino:avr:uno</b></a>
							<br />
							<small>1.8.4</small>
						</td>

						
							<td>Yes</td>
							<td class="pass">PASS</td>
						
						
						
						

						
							
								
									
										
											<td class="pass">PASS</td>
											
										
									
								
							
								
							
								
							
								
							
								
							
						
					</tr>
					
					<tr>
						<td>
							<a href="#arduino%3ambed_nano%3ananorp2040connect"><b>arduino:mbed_nano:nanorp2040connect</b></a>
							<br />
							<small>2.7.2</small>
						</td>

						
						
							<td>No ⚠️</td>
							<td class="pass">PASS</td>
						
						
						

						
							
								
							
								
									
										
											
											<td class="fail">FAIL</td>
										
									
								
							
								
							
								
							
								
							
						
					</tr>
					
					<tr>
						<td>
							<a href="#arduino%3amegaavr%3anona4809"><b>arduino:megaavr:nona4809</b></a>
							<br />
							<small>1.8.7</small>
						</td>

						
						
							<td>No ⚠️</td>
							<td class="pass">PASS</td>
						
						
						

						
							
								
							
								
							
								
									
										
											<td class="pass">PASS</td>
											
										
									
								
							
								
							
								
							
						
					</tr>
					
					<tr>
						<td>
							<a href="#arduino%3asamd%3amkrwifi1010"><b>arduino:samd:mkrwifi1010</b></a>
							<br />
							<small>1.8.12</small>
						</td>

						
						
							<td>No ⚠️</td>
							<td class="pass">PASS</td>
						
						
						

						
							
								
							
								
							
								
							
								
									
										
											
											<td class="fail">FAIL</td>
										
									
								
							
								
							
						
					</tr>
					
					<tr>
						<td>
							<a href="#esp32%3aesp32%3ad1_mini32"><b>esp32:esp32:d1_mini32</b></a>
							<br />
							<small>1.0.6</small>
						</td>

						
						
							<td>No ⚠️</td>
							<td class="pass">PASS</td>
						
						
						

						
							
								
							
								
							
								
							
								
							
								
									
										
											
											<td class="fail">FAIL</td>
										
									
								
							
						
					</tr>
					
				</table>

				<h2>Compilation logs</h2>
				
				<h3 id="arduino:avr:uno">arduino:avr:uno @ 1.8.4</h3>
				<h4>Inclusion</h4>
				<p>
					Result: <b>PASS</b>
					
				</p>
				<pre class="pre-scrollable">Sketch uses 1636 bytes (5%) of program storage space. Maximum is 32256 bytes.
Global variables use 122 bytes (5%) of dynamic memory, leaving 1926 bytes for local variables. Maximum is 2048 bytes.
</pre>

					
					<h4>examples/TCA6416A_test</h4>
					<p>
						Result: <b>PASS</b>
					</p>
					<pre class="pre-scrollable">Sketch uses 3574 bytes (11%) of program storage space. Maximum is 32256 bytes.
Global variables use 231 bytes (11%) of dynamic memory, leaving 1817 bytes for local variables. Maximum is 2048 bytes.
</pre>
					
				
				<h3 id="arduino:mbed_nano:nanorp2040connect">arduino:mbed_nano:nanorp2040connect @ 2.7.2</h3>
				<h4>Inclusion</h4>
				<p>
					Result: <b>PASS</b>
					
				</p>
				<pre class="pre-scrollable">WARNING: library TCA6416A claims to run on avr architecture(s) and may be incompatible with your current board which runs on mbed_nano architecture(s).
Sketch uses 81706 bytes (0%) of program storage space. Maximum is 16777216 bytes.
Global variables use 44220 bytes (16%) of dynamic memory, leaving 226116 bytes for local variables. Maximum is 270336 bytes.
</pre>

					
					<h4>examples/TCA6416A_test</h4>
					<p>
						Result: <b>FAIL</b>
					</p>
					<pre class="pre-scrollable">WARNING: library TCA6416A claims to run on avr architecture(s) and may be incompatible with your current board which runs on mbed_nano architecture(s).
/home/ec2-user/arduino-testlib/cli-datadir/user/libraries/TCA6416A/examples/TCA6416A_test/TCA6416A_test.ino:3:10: error: use of deleted function &#39;TCA6416A::TCA6416A()&#39;
 TCA6416A pins;
          ^~~~
In file included from /home/ec2-user/arduino-testlib/cli-datadir/user/libraries/TCA6416A/examples/TCA6416A_test/TCA6416A_test.ino:1:0:
/home/ec2-user/arduino-testlib/cli-datadir/user/libraries/TCA6416A/src/TCA6416A.h:24:7: note: &#39;TCA6416A::TCA6416A()&#39; is implicitly deleted because the default definition would be ill-formed:
 class TCA6416A {
       ^~~~~~~~
/home/ec2-user/arduino-testlib/cli-datadir/user/libraries/TCA6416A/src/TCA6416A.h:24:7: error: no matching function for call to &#39;arduino::MbedI2C::MbedI2C()&#39;
In file included from /home/ec2-user/arduino-testlib/cli-datadir/user/libraries/TCA6416A/src/TCA6416A.h:6:0,
                 from /home/ec2-user/arduino-testlib/cli-datadir/user/libraries/TCA6416A/examples/TCA6416A_test/TCA6416A_test.ino:1:
/home/ec2-user/arduino-testlib/cli-datadir/data/packages/arduino/hardware/mbed_nano/2.7.2/libraries/Wire/Wire.h:38:5: note: candidate: arduino::MbedI2C::MbedI2C(PinName, PinName)
     MbedI2C(PinName sda, PinName scl);
     ^~~~~~~
/home/ec2-user/arduino-testlib/cli-datadir/data/packages/arduino/hardware/mbed_nano/2.7.2/libraries/Wire/Wire.h:38:5: note:   candidate expects 2 arguments, 0 provided
/home/ec2-user/arduino-testlib/cli-datadir/data/packages/arduino/hardware/mbed_nano/2.7.2/libraries/Wire/Wire.h:37:5: note: candidate: arduino::MbedI2C::MbedI2C(int, int)
     MbedI2C(int sda, int scl);
     ^~~~~~~
/home/ec2-user/arduino-testlib/cli-datadir/data/packages/arduino/hardware/mbed_nano/2.7.2/libraries/Wire/Wire.h:37:5: note:   candidate expects 2 arguments, 0 provided

</pre>
					
				
				<h3 id="arduino:megaavr:nona4809">arduino:megaavr:nona4809 @ 1.8.7</h3>
				<h4>Inclusion</h4>
				<p>
					Result: <b>PASS</b>
					
				</p>
				<pre class="pre-scrollable">WARNING: library TCA6416A claims to run on avr architecture(s) and may be incompatible with your current board which runs on megaavr architecture(s).
Sketch uses 3104 bytes (6%) of program storage space. Maximum is 49152 bytes.
Global variables use 317 bytes (5%) of dynamic memory, leaving 5827 bytes for local variables. Maximum is 6144 bytes.
</pre>

					
					<h4>examples/TCA6416A_test</h4>
					<p>
						Result: <b>PASS</b>
					</p>
					<pre class="pre-scrollable">WARNING: library TCA6416A claims to run on avr architecture(s) and may be incompatible with your current board which runs on megaavr architecture(s).
Sketch uses 3868 bytes (7%) of program storage space. Maximum is 49152 bytes.
Global variables use 335 bytes (5%) of dynamic memory, leaving 5809 bytes for local variables. Maximum is 6144 bytes.
</pre>
					
				
				<h3 id="arduino:samd:mkrwifi1010">arduino:samd:mkrwifi1010 @ 1.8.12</h3>
				<h4>Inclusion</h4>
				<p>
					Result: <b>PASS</b>
					
				</p>
				<pre class="pre-scrollable">WARNING: library TCA6416A claims to run on avr architecture(s) and may be incompatible with your current board which runs on samd architecture(s).
Sketch uses 13588 bytes (5%) of program storage space. Maximum is 262144 bytes.
Global variables use 3568 bytes (10%) of dynamic memory, leaving 29200 bytes for local variables. Maximum is 32768 bytes.
</pre>

					
					<h4>examples/TCA6416A_test</h4>
					<p>
						Result: <b>FAIL</b>
					</p>
					<pre class="pre-scrollable">WARNING: library TCA6416A claims to run on avr architecture(s) and may be incompatible with your current board which runs on samd architecture(s).
/home/ec2-user/arduino-testlib/cli-datadir/user/libraries/TCA6416A/examples/TCA6416A_test/TCA6416A_test.ino:3:10: error: use of deleted function &#39;TCA6416A::TCA6416A()&#39;
 TCA6416A pins;
          ^~~~
In file included from /home/ec2-user/arduino-testlib/cli-datadir/user/libraries/TCA6416A/examples/TCA6416A_test/TCA6416A_test.ino:1:0:
/home/ec2-user/arduino-testlib/cli-datadir/user/libraries/TCA6416A/src/TCA6416A.h:24:7: note: &#39;TCA6416A::TCA6416A()&#39; is implicitly deleted because the default definition would be ill-formed:
 class TCA6416A {
       ^~~~~~~~
/home/ec2-user/arduino-testlib/cli-datadir/user/libraries/TCA6416A/src/TCA6416A.h:24:7: error: no matching function for call to &#39;arduino::TwoWire::TwoWire()&#39;
In file included from /home/ec2-user/arduino-testlib/cli-datadir/user/libraries/TCA6416A/src/TCA6416A.h:6:0,
                 from /home/ec2-user/arduino-testlib/cli-datadir/user/libraries/TCA6416A/examples/TCA6416A_test/TCA6416A_test.ino:1:
/home/ec2-user/arduino-testlib/cli-datadir/data/packages/arduino/hardware/samd/1.8.12/libraries/Wire/Wire.h:35:5: note: candidate: arduino::TwoWire::TwoWire(SERCOM*, uint8_t, uint8_t)
     TwoWire(SERCOM *s, uint8_t pinSDA, uint8_t pinSCL);
     ^~~~~~~
/home/ec2-user/arduino-testlib/cli-datadir/data/packages/arduino/hardware/samd/1.8.12/libraries/Wire/Wire.h:35:5: note:   candidate expects 3 arguments, 0 provided
/home/ec2-user/arduino-testlib/cli-datadir/data/packages/arduino/hardware/samd/1.8.12/libraries/Wire/Wire.h:32:7: note: candidate: constexpr arduino::TwoWire::TwoWire(const arduino::TwoWire&amp;)
 class TwoWire : public HardwareI2C
       ^~~~~~~
/home/ec2-user/arduino-testlib/cli-datadir/data/packages/arduino/hardware/samd/1.8.12/libraries/Wire/Wire.h:32:7: note:   candidate expects 1 argument, 0 provided
/home/ec2-user/arduino-testlib/cli-datadir/data/packages/arduino/hardware/samd/1.8.12/libraries/Wire/Wire.h:32:7: note: candidate: constexpr arduino::TwoWire::TwoWire(arduino::TwoWire&amp;&amp;)
/home/ec2-user/arduino-testlib/cli-datadir/data/packages/arduino/hardware/samd/1.8.12/libraries/Wire/Wire.h:32:7: note:   candidate expects 1 argument, 0 provided

</pre>
					
				
				<h3 id="esp32:esp32:d1_mini32">esp32:esp32:d1_mini32 @ 1.0.6</h3>
				<h4>Inclusion</h4>
				<p>
					Result: <b>PASS</b>
					
				</p>
				<pre class="pre-scrollable">WARNING: library TCA6416A claims to run on avr architecture(s) and may be incompatible with your current board which runs on esp32 architecture(s).
Sketch uses 202586 bytes (15%) of program storage space. Maximum is 1310720 bytes.
Global variables use 13880 bytes (4%) of dynamic memory, leaving 313800 bytes for local variables. Maximum is 327680 bytes.
</pre>

					
					<h4>examples/TCA6416A_test</h4>
					<p>
						Result: <b>FAIL</b>
					</p>
					<pre class="pre-scrollable">WARNING: library TCA6416A claims to run on avr architecture(s) and may be incompatible with your current board which runs on esp32 architecture(s).
/home/ec2-user/arduino-testlib/cli-datadir/user/libraries/TCA6416A/examples/TCA6416A_test/TCA6416A_test.ino:3:10: error: use of deleted function &#39;TCA6416A::TCA6416A()&#39;
 TCA6416A pins;
          ^
In file included from /home/ec2-user/arduino-testlib/cli-datadir/user/libraries/TCA6416A/examples/TCA6416A_test/TCA6416A_test.ino:1:0:
/home/ec2-user/arduino-testlib/cli-datadir/user/libraries/TCA6416A/src/TCA6416A.h:24:7: note: &#39;TCA6416A::TCA6416A()&#39; is implicitly deleted because the default definition would be ill-formed:
 class TCA6416A {
       ^
/home/ec2-user/arduino-testlib/cli-datadir/user/libraries/TCA6416A/src/TCA6416A.h:24:7: error: no matching function for call to &#39;TwoWire::TwoWire()&#39;
In file included from /home/ec2-user/arduino-testlib/cli-datadir/user/libraries/TCA6416A/src/TCA6416A.h:6:0,
                 from /home/ec2-user/arduino-testlib/cli-datadir/user/libraries/TCA6416A/examples/TCA6416A_test/TCA6416A_test.ino:1:
/home/ec2-user/arduino-testlib/cli-datadir/data/packages/esp32/hardware/esp32/1.0.6/libraries/Wire/src/Wire.h:68:5: note: candidate: TwoWire::TwoWire(uint8_t)
     TwoWire(uint8_t bus_num);
     ^
/home/ec2-user/arduino-testlib/cli-datadir/data/packages/esp32/hardware/esp32/1.0.6/libraries/Wire/src/Wire.h:68:5: note:   candidate expects 1 argument, 0 provided
/home/ec2-user/arduino-testlib/cli-datadir/data/packages/esp32/hardware/esp32/1.0.6/libraries/Wire/src/Wire.h:38:7: note: candidate: constexpr TwoWire::TwoWire(const TwoWire&amp;)
 class TwoWire: public Stream
       ^
/home/ec2-user/arduino-testlib/cli-datadir/data/packages/esp32/hardware/esp32/1.0.6/libraries/Wire/src/Wire.h:38:7: note:   candidate expects 1 argument, 0 provided

</pre>
					
				
			</div>
		</div>
	</div>
  </body>
</html>
