
<!doctype html>
<html lang="en">
  <head>
    <meta charset="utf-8">
    <meta name="viewport" content="width=device-width, initial-scale=1">
    <link href="https://cdn.jsdelivr.net/npm/bootstrap@5.0.2/dist/css/bootstrap.min.css" rel="stylesheet" integrity="sha384-EVSTQN3/azprG1Anm3QDgpJLIm9Nao0Yz1ztcQTwFspd3yD65VohhpuuCOmLASjC" crossorigin="anonymous">
    <title>arduino-testlib report</title>
	<style>
	.pass { background-color: #00FF00 !important; }
	.fail { background-color: #FF0000 !important; }
	</style>
  </head>
  <body>
	<div class="container">
		<div class="row">
			<div class="col">
				<h1>TeensyStep - compatibility matrix</h1>
				<p>
					<small>This report was generated on Wednesday, 23-Feb-22 22:48:15 CET using 
					<a href="https://github.com/alranel/arduino-testlib">arduino-testlib</a>.</small>
				</p>

				<h2>TeensyStep</h2>
				<p>
					Version: <b>2.3.1</b>
					<br />
					<a href="https://www.arduino.cc/reference/en/libraries/teensystep/">More details</a>
				</p>

				<h2>Compatibility matrix</h2>
				<table class="table table-bordered">
					<tr>
						<th>Board</th>
						<th>Claims compatibility</th>
						<th>Inclusion</th>
						
						<th><pre>Applications</pre></th>
						
						<th><pre>HelloStepper</pre></th>
						
						<th><pre>Interfacing</pre></th>
						
						<th><pre>MultipleSteppers</pre></th>
						
						<th><pre>Path_Following</pre></th>
						
						<th><pre>StepperArray</pre></th>
						
					</tr>
					
					<tr>
						<td>
							<a href="#arduino%3aavr%3auno"><b>arduino:avr:uno</b></a>
							<br />
							<small>1.8.4</small>
						</td>

						
						
						
							<td>Yes ⚠️</td>
							<td class="fail">FAIL</td>
						
						

						
							
								
									
										
											
											<td class="fail">FAIL</td>
										
									
										
									
										
									
										
									
										
									
										
									
								
							
								
							
								
							
								
							
								
							
						
							
								
									
										
									
										
											
											<td class="fail">FAIL</td>
										
									
										
									
										
									
										
									
										
									
								
							
								
							
								
							
								
							
								
							
						
							
								
									
										
									
										
									
										
											
											<td class="fail">FAIL</td>
										
									
										
									
										
									
										
									
								
							
								
							
								
							
								
							
								
							
						
							
								
									
										
									
										
									
										
									
										
											
											<td class="fail">FAIL</td>
										
									
										
									
										
									
								
							
								
							
								
							
								
							
								
							
						
							
								
									
										
									
										
									
										
									
										
									
										
											
											<td class="fail">FAIL</td>
										
									
										
									
								
							
								
							
								
							
								
							
								
							
						
							
								
									
										
									
										
									
										
									
										
									
										
									
										
											
											<td class="fail">FAIL</td>
										
									
								
							
								
							
								
							
								
							
								
							
						
					</tr>
					
					<tr>
						<td>
							<a href="#arduino%3ambed_nano%3ananorp2040connect"><b>arduino:mbed_nano:nanorp2040connect</b></a>
							<br />
							<small>2.7.2</small>
						</td>

						
						
						
							<td>Yes ⚠️</td>
							<td class="fail">FAIL</td>
						
						

						
							
								
							
								
									
										
											
											<td class="fail">FAIL</td>
										
									
										
									
										
									
										
									
										
									
										
									
								
							
								
							
								
							
								
							
						
							
								
							
								
									
										
									
										
											
											<td class="fail">FAIL</td>
										
									
										
									
										
									
										
									
										
									
								
							
								
							
								
							
								
							
						
							
								
							
								
									
										
									
										
									
										
											
											<td class="fail">FAIL</td>
										
									
										
									
										
									
										
									
								
							
								
							
								
							
								
							
						
							
								
							
								
									
										
									
										
									
										
									
										
											
											<td class="fail">FAIL</td>
										
									
										
									
										
									
								
							
								
							
								
							
								
							
						
							
								
							
								
									
										
									
										
									
										
									
										
									
										
											
											<td class="fail">FAIL</td>
										
									
										
									
								
							
								
							
								
							
								
							
						
							
								
							
								
									
										
									
										
									
										
									
										
									
										
									
										
											
											<td class="fail">FAIL</td>
										
									
								
							
								
							
								
							
								
							
						
					</tr>
					
					<tr>
						<td>
							<a href="#arduino%3amegaavr%3anona4809"><b>arduino:megaavr:nona4809</b></a>
							<br />
							<small>1.8.7</small>
						</td>

						
						
						
							<td>Yes ⚠️</td>
							<td class="fail">FAIL</td>
						
						

						
							
								
							
								
							
								
									
										
											
											<td class="fail">FAIL</td>
										
									
										
									
										
									
										
									
										
									
										
									
								
							
								
							
								
							
						
							
								
							
								
							
								
									
										
									
										
											
											<td class="fail">FAIL</td>
										
									
										
									
										
									
										
									
										
									
								
							
								
							
								
							
						
							
								
							
								
							
								
									
										
									
										
									
										
											
											<td class="fail">FAIL</td>
										
									
										
									
										
									
										
									
								
							
								
							
								
							
						
							
								
							
								
							
								
									
										
									
										
									
										
									
										
											
											<td class="fail">FAIL</td>
										
									
										
									
										
									
								
							
								
							
								
							
						
							
								
							
								
							
								
									
										
									
										
									
										
									
										
									
										
											
											<td class="fail">FAIL</td>
										
									
										
									
								
							
								
							
								
							
						
							
								
							
								
							
								
									
										
									
										
									
										
									
										
									
										
									
										
											
											<td class="fail">FAIL</td>
										
									
								
							
								
							
								
							
						
					</tr>
					
					<tr>
						<td>
							<a href="#arduino%3asamd%3amkrwifi1010"><b>arduino:samd:mkrwifi1010</b></a>
							<br />
							<small>1.8.12</small>
						</td>

						
						
						
							<td>Yes ⚠️</td>
							<td class="fail">FAIL</td>
						
						

						
							
								
							
								
							
								
							
								
									
										
											
											<td class="fail">FAIL</td>
										
									
										
									
										
									
										
									
										
									
										
									
								
							
								
							
						
							
								
							
								
							
								
							
								
									
										
									
										
											
											<td class="fail">FAIL</td>
										
									
										
									
										
									
										
									
										
									
								
							
								
							
						
							
								
							
								
							
								
							
								
									
										
									
										
									
										
											
											<td class="fail">FAIL</td>
										
									
										
									
										
									
										
									
								
							
								
							
						
							
								
							
								
							
								
							
								
									
										
									
										
									
										
									
										
											
											<td class="fail">FAIL</td>
										
									
										
									
										
									
								
							
								
							
						
							
								
							
								
							
								
							
								
									
										
									
										
									
										
									
										
									
										
											
											<td class="fail">FAIL</td>
										
									
										
									
								
							
								
							
						
							
								
							
								
							
								
							
								
									
										
									
										
									
										
									
										
									
										
									
										
											
											<td class="fail">FAIL</td>
										
									
								
							
								
							
						
					</tr>
					
					<tr>
						<td>
							<a href="#esp32%3aesp32%3ad1_mini32"><b>esp32:esp32:d1_mini32</b></a>
							<br />
							<small>1.0.6</small>
						</td>

						
						
						
							<td>Yes ⚠️</td>
							<td class="fail">FAIL</td>
						
						

						
							
								
							
								
							
								
							
								
							
								
									
										
											
											<td class="fail">FAIL</td>
										
									
										
									
										
									
										
									
										
									
										
									
								
							
						
							
								
							
								
							
								
							
								
							
								
									
										
									
										
											
											<td class="fail">FAIL</td>
										
									
										
									
										
									
										
									
										
									
								
							
						
							
								
							
								
							
								
							
								
							
								
									
										
									
										
									
										
											
											<td class="fail">FAIL</td>
										
									
										
									
										
									
										
									
								
							
						
							
								
							
								
							
								
							
								
							
								
									
										
									
										
									
										
									
										
											
											<td class="fail">FAIL</td>
										
									
										
									
										
									
								
							
						
							
								
							
								
							
								
							
								
							
								
									
										
									
										
									
										
									
										
									
										
											
											<td class="fail">FAIL</td>
										
									
										
									
								
							
						
							
								
							
								
							
								
							
								
							
								
									
										
									
										
									
										
									
										
									
										
									
										
											
											<td class="fail">FAIL</td>
										
									
								
							
						
					</tr>
					
				</table>

				<h2>Compilation logs</h2>
				
				<h3 id="arduino:avr:uno">arduino:avr:uno @ 1.8.4</h3>
				<h4>Inclusion</h4>
				<p>
					Result: <b>FAIL</b>
					
				</p>
				<pre class="pre-scrollable">In file included from /Users/alranel/Documents/git/arduino/arduino-testlib/cli-datadir/user/libraries/TeensyStep/src/TeensyStep.h:3:0,
                 from /private/tmp/arduino-testlib3297248559/test/test.ino:1:
/Users/alranel/Documents/git/arduino/arduino-testlib/cli-datadir/user/libraries/TeensyStep/src/RotateControlBase.h:3:10: fatal error: algorithm: No such file or directory
 #include &lt;algorithm&gt;
          ^~~~~~~~~~~
compilation terminated.

</pre>

					
					<h4>examples/Applications</h4>
					<p>
						Result: <b>FAIL</b>
					</p>
					<pre class="pre-scrollable"></pre>
					
					<h4>examples/HelloStepper</h4>
					<p>
						Result: <b>FAIL</b>
					</p>
					<pre class="pre-scrollable">In file included from /Users/alranel/Documents/git/arduino/arduino-testlib/cli-datadir/user/libraries/TeensyStep/src/TeensyStep.h:3:0,
                 from /Users/alranel/Documents/git/arduino/arduino-testlib/cli-datadir/user/libraries/TeensyStep/examples/HelloStepper/HelloStepper.ino:19:
/Users/alranel/Documents/git/arduino/arduino-testlib/cli-datadir/user/libraries/TeensyStep/src/RotateControlBase.h:3:10: fatal error: algorithm: No such file or directory
 #include &lt;algorithm&gt;
          ^~~~~~~~~~~
compilation terminated.

</pre>
					
					<h4>examples/Interfacing</h4>
					<p>
						Result: <b>FAIL</b>
					</p>
					<pre class="pre-scrollable">In file included from /Users/alranel/Documents/git/arduino/arduino-testlib/cli-datadir/user/libraries/TeensyStep/src/TeensyStep.h:3:0,
                 from /Users/alranel/Documents/git/arduino/arduino-testlib/cli-datadir/user/libraries/TeensyStep/examples/Interfacing/Interfacing.ino:15:
/Users/alranel/Documents/git/arduino/arduino-testlib/cli-datadir/user/libraries/TeensyStep/src/RotateControlBase.h:3:10: fatal error: algorithm: No such file or directory
 #include &lt;algorithm&gt;
          ^~~~~~~~~~~
compilation terminated.

</pre>
					
					<h4>examples/MultipleSteppers</h4>
					<p>
						Result: <b>FAIL</b>
					</p>
					<pre class="pre-scrollable">In file included from /Users/alranel/Documents/git/arduino/arduino-testlib/cli-datadir/user/libraries/TeensyStep/src/TeensyStep.h:3:0,
                 from /Users/alranel/Documents/git/arduino/arduino-testlib/cli-datadir/user/libraries/TeensyStep/examples/MultipleSteppers/MultipleSteppers.ino:16:
/Users/alranel/Documents/git/arduino/arduino-testlib/cli-datadir/user/libraries/TeensyStep/src/RotateControlBase.h:3:10: fatal error: algorithm: No such file or directory
 #include &lt;algorithm&gt;
          ^~~~~~~~~~~
compilation terminated.

</pre>
					
					<h4>examples/Path_Following</h4>
					<p>
						Result: <b>FAIL</b>
					</p>
					<pre class="pre-scrollable"></pre>
					
					<h4>examples/StepperArray</h4>
					<p>
						Result: <b>FAIL</b>
					</p>
					<pre class="pre-scrollable">In file included from /Users/alranel/Documents/git/arduino/arduino-testlib/cli-datadir/user/libraries/TeensyStep/src/TeensyStep.h:3:0,
                 from /Users/alranel/Documents/git/arduino/arduino-testlib/cli-datadir/user/libraries/TeensyStep/examples/StepperArray/StepperArray.ino:1:
/Users/alranel/Documents/git/arduino/arduino-testlib/cli-datadir/user/libraries/TeensyStep/src/RotateControlBase.h:3:10: fatal error: algorithm: No such file or directory
 #include &lt;algorithm&gt;
          ^~~~~~~~~~~
compilation terminated.

</pre>
					
				
				<h3 id="arduino:mbed_nano:nanorp2040connect">arduino:mbed_nano:nanorp2040connect @ 2.7.2</h3>
				<h4>Inclusion</h4>
				<p>
					Result: <b>FAIL</b>
					
				</p>
				<pre class="pre-scrollable">In file included from /tmp/arduino-sketch-B8C1B852F6A3A59D0D45DB100C170247/sketch/test.ino.cpp:1:0:
/home/ec2-user/arduino-testlib/cli-datadir/user/libraries/TeensyStep/src/Stepper.h: In static member function &#39;static bool TeensyStep::Stepper::cmpVmin(const TeensyStep::Stepper*, const TeensyStep::Stepper*)&#39;:
/home/ec2-user/arduino-testlib/cli-datadir/data/packages/arduino/hardware/mbed_nano/2.7.2/cores/arduino/Arduino.h:63:16: error: expected unqualified-id before &#39;(&#39; token
 #define abs(x) ((x)&gt;0?(x):-(x))
                ^
/home/ec2-user/arduino-testlib/cli-datadir/user/libraries/TeensyStep/src/Stepper.h:54:79: note: in expansion of macro &#39;abs&#39;
         static bool cmpVmin(const Stepper* a, const Stepper* b) { return std::abs(a-&gt;vMax) &lt; std::abs(b-&gt;vMax); }
                                                                               ^~~
/home/ec2-user/arduino-testlib/cli-datadir/data/packages/arduino/hardware/mbed_nano/2.7.2/cores/arduino/Arduino.h:63:16: error: expected unqualified-id before &#39;(&#39; token
 #define abs(x) ((x)&gt;0?(x):-(x))
                ^
/home/ec2-user/arduino-testlib/cli-datadir/user/libraries/TeensyStep/src/Stepper.h:54:99: note: in expansion of macro &#39;abs&#39;
         static bool cmpVmin(const Stepper* a, const Stepper* b) { return std::abs(a-&gt;vMax) &lt; std::abs(b-&gt;vMax); }
                                                                                                   ^~~
/home/ec2-user/arduino-testlib/cli-datadir/user/libraries/TeensyStep/src/Stepper.h: In static member function &#39;static bool TeensyStep::Stepper::cmpVmax(const TeensyStep::Stepper*, const TeensyStep::Stepper*)&#39;:
/home/ec2-user/arduino-testlib/cli-datadir/data/packages/arduino/hardware/mbed_nano/2.7.2/cores/arduino/Arduino.h:63:16: error: expected unqualified-id before &#39;(&#39; token
 #define abs(x) ((x)&gt;0?(x):-(x))
                ^
/home/ec2-user/arduino-testlib/cli-datadir/user/libraries/TeensyStep/src/Stepper.h:55:79: note: in expansion of macro &#39;abs&#39;
         static bool cmpVmax(const Stepper* a, const Stepper* b) { return std::abs(a-&gt;vMax) &gt; std::abs(b-&gt;vMax); }
                                                                               ^~~
/home/ec2-user/arduino-testlib/cli-datadir/data/packages/arduino/hardware/mbed_nano/2.7.2/cores/arduino/Arduino.h:63:16: error: expected unqualified-id before &#39;(&#39; token
 #define abs(x) ((x)&gt;0?(x):-(x))
                ^
/home/ec2-user/arduino-testlib/cli-datadir/user/libraries/TeensyStep/src/Stepper.h:55:99: note: in expansion of macro &#39;abs&#39;
         static bool cmpVmax(const Stepper* a, const Stepper* b) { return std::abs(a-&gt;vMax) &gt; std::abs(b-&gt;vMax); }
                                                                                                   ^~~
/home/ec2-user/arduino-testlib/cli-datadir/user/libraries/TeensyStep/src/RotateControlBase.h: In member function &#39;void TeensyStep::RotateControlBase&lt;a, t&gt;::doRotate(int, float)&#39;:
/home/ec2-user/arduino-testlib/cli-datadir/data/packages/arduino/hardware/mbed_nano/2.7.2/cores/arduino/Arduino.h:63:16: error: expected unqualified-id before &#39;(&#39; token
 #define abs(x) ((x)&gt;0?(x):-(x))
                ^
/home/ec2-user/arduino-testlib/cli-datadir/user/libraries/TeensyStep/src/RotateControlBase.h:69:35: note: in expansion of macro &#39;abs&#39;
         this-&gt;leadMotor-&gt;A = std::abs(this-&gt;leadMotor-&gt;vMax);
                                   ^~~
/home/ec2-user/arduino-testlib/cli-datadir/data/packages/arduino/hardware/mbed_nano/2.7.2/cores/arduino/Arduino.h:63:16: error: expected unqualified-id before &#39;(&#39; token
 #define abs(x) ((x)&gt;0?(x):-(x))
                ^
/home/ec2-user/arduino-testlib/cli-datadir/user/libraries/TeensyStep/src/RotateControlBase.h:72:42: note: in expansion of macro &#39;abs&#39;
             this-&gt;motorList[i]-&gt;A = std::abs(this-&gt;motorList[i]-&gt;vMax);
                                          ^~~
/home/ec2-user/arduino-testlib/cli-datadir/user/libraries/TeensyStep/src/RotateControlBase.h: In member function &#39;void TeensyStep::RotateControlBase&lt;a, t&gt;::accTimerISR()&#39;:
/home/ec2-user/arduino-testlib/cli-datadir/data/packages/arduino/hardware/mbed_nano/2.7.2/cores/arduino/Arduino.h:63:16: error: expected unqualified-id before &#39;(&#39; token
 #define abs(x) ((x)&gt;0?(x):-(x))
                ^
/home/ec2-user/arduino-testlib/cli-datadir/user/libraries/TeensyStep/src/RotateControlBase.h:115:48: note: in expansion of macro &#39;abs&#39;
         this-&gt;timerField.setStepFrequency(std::abs(newSpeed)); // speed changed, update timer
                                                ^~~
/home/ec2-user/arduino-testlib/cli-datadir/user/libraries/TeensyStep/src/StepControlBase.h: In member function &#39;void TeensyStep::StepControlBase&lt;a, t&gt;::doMove(int, float)&#39;:
/home/ec2-user/arduino-testlib/cli-datadir/data/packages/arduino/hardware/mbed_nano/2.7.2/cores/arduino/Arduino.h:63:16: error: expected unqualified-id before &#39;(&#39; token
 #define abs(x) ((x)&gt;0?(x):-(x))
                ^
/home/ec2-user/arduino-testlib/cli-datadir/user/libraries/TeensyStep/src/StepControlBase.h:99:37: note: in expansion of macro &#39;abs&#39;
         uint32_t targetSpeed = std::abs((*std::min_element(this-&gt;motorList, this-&gt;motorList &#43; N, Stepper::cmpVmin))-&gt;vMax) * speedOverride; // use the lowest max frequency for the move, scale by relSpeed
                                     ^~~
/home/ec2-user/arduino-testlib/cli-datadir/data/packages/arduino/hardware/mbed_nano/2.7.2/cores/arduino/Arduino.h:63:16: error: expected unqualified-id before &#39;(&#39; token
 #define abs(x) ((x)&gt;0?(x):-(x))
                ^
/home/ec2-user/arduino-testlib/cli-datadir/user/libraries/TeensyStep/src/StepControlBase.h:105:32: note: in expansion of macro &#39;abs&#39;
         float leadSpeed = std::abs(this-&gt;leadMotor-&gt;vMax);
                                ^~~
/home/ec2-user/arduino-testlib/cli-datadir/data/packages/arduino/hardware/mbed_nano/2.7.2/cores/arduino/Arduino.h:63:16: error: expected unqualified-id before &#39;(&#39; token
 #define abs(x) ((x)&gt;0?(x):-(x))
                ^
/home/ec2-user/arduino-testlib/cli-datadir/user/libraries/TeensyStep/src/StepControlBase.h:108:98: note: in expansion of macro &#39;abs&#39;
             float relDist = this-&gt;motorList[i]-&gt;A / (float)this-&gt;leadMotor-&gt;A * leadSpeed / std::abs(this-&gt;motorList[i]-&gt;vMax);
                                                                                                  ^~~
/home/ec2-user/arduino-testlib/cli-datadir/user/libraries/TeensyStep/src/accelerators/LinStepAccelerator.h: In member function &#39;int32_t LinStepAccelerator::prepareMovement(int32_t, int32_t, uint32_t, uint32_t, uint32_t, uint32_t)&#39;:
/home/ec2-user/arduino-testlib/cli-datadir/data/packages/arduino/hardware/mbed_nano/2.7.2/cores/arduino/Arduino.h:63:16: error: expected unqualified-id before &#39;(&#39; token
 #define abs(x) ((x)&gt;0?(x):-(x))
                ^
/home/ec2-user/arduino-testlib/cli-datadir/user/libraries/TeensyStep/src/accelerators/LinStepAccelerator.h:38:16: note: in expansion of macro &#39;abs&#39;
     ds  = std::abs(targetPos - currentPos);
                ^~~
In file included from /home/ec2-user/arduino-testlib/cli-datadir/user/libraries/TeensyStep/src/TeensyStep.h:7:0,
                 from /tmp/arduino-testlib2647661120/test/test.ino:1:
/home/ec2-user/arduino-testlib/cli-datadir/user/libraries/TeensyStep/src/accelerators/LinStepAccelerator.h:71:13: error: &#39;digitalToggle&#39; was not declared in this scope
             digitalToggle(LED_BUILTIN);
             ^~~~~~~~~~~~~
/home/ec2-user/arduino-testlib/cli-datadir/user/libraries/TeensyStep/src/accelerators/LinStepAccelerator.h:71:13: note: suggested alternative: &#39;digitalWrite&#39;
             digitalToggle(LED_BUILTIN);
             ^~~~~~~~~~~~~
             digitalWrite
In file included from /tmp/arduino-sketch-B8C1B852F6A3A59D0D45DB100C170247/sketch/test.ino.cpp:1:0:
/home/ec2-user/arduino-testlib/cli-datadir/user/libraries/TeensyStep/src/accelerators/LinStepAccelerator.h: In member function &#39;int32_t LinStepAccelerator::updateSpeed(int32_t)&#39;:
/home/ec2-user/arduino-testlib/cli-datadir/data/packages/arduino/hardware/mbed_nano/2.7.2/cores/arduino/Arduino.h:63:16: error: expected unqualified-id before &#39;(&#39; token
 #define abs(x) ((x)&gt;0?(x):-(x))
                ^
/home/ec2-user/arduino-testlib/cli-datadir/user/libraries/TeensyStep/src/accelerators/LinStepAccelerator.h:81:22: note: in expansion of macro &#39;abs&#39;
     int32_t s = std::abs(s_0 - curPos);
                      ^~~
/home/ec2-user/arduino-testlib/cli-datadir/user/libraries/TeensyStep/src/accelerators/LinStepAccelerator.h: In member function &#39;uint32_t LinStepAccelerator::initiateStopping(int32_t)&#39;:
/home/ec2-user/arduino-testlib/cli-datadir/data/packages/arduino/hardware/mbed_nano/2.7.2/cores/arduino/Arduino.h:63:16: error: expected unqualified-id before &#39;(&#39; token
 #define abs(x) ((x)&gt;0?(x):-(x))
                ^
/home/ec2-user/arduino-testlib/cli-datadir/user/libraries/TeensyStep/src/accelerators/LinStepAccelerator.h:111:30: note: in expansion of macro &#39;abs&#39;
     int32_t stepsDone = std::abs(s_0 - curPos);
                              ^~~
In file included from /home/ec2-user/arduino-testlib/cli-datadir/user/libraries/TeensyStep/src/timer/generic/TimerField.h:6:0,
                 from /home/ec2-user/arduino-testlib/cli-datadir/user/libraries/TeensyStep/src/TeensyStep.h:11,
                 from /tmp/arduino-testlib2647661120/test/test.ino:1:
/home/ec2-user/arduino-testlib/cli-datadir/user/libraries/TeensyStep/src/timer/generic/TickTimer.h: In static member function &#39;static uint32_t TimerBase::get_cycles()&#39;:
/home/ec2-user/arduino-testlib/cli-datadir/user/libraries/TeensyStep/src/timer/generic/TickTimer.h:28:20: error: &#39;dwt_getCycles&#39; was not declared in this scope
             return dwt_getCycles();
                    ^~~~~~~~~~~~~
/home/ec2-user/arduino-testlib/cli-datadir/user/libraries/TeensyStep/src/timer/generic/TickTimer.h:28:20: note: suggested alternative: &#39;get_cycles&#39;
             return dwt_getCycles();
                    ^~~~~~~~~~~~~
                    get_cycles
/home/ec2-user/arduino-testlib/cli-datad</pre>

					
					<h4>examples/Applications</h4>
					<p>
						Result: <b>FAIL</b>
					</p>
					<pre class="pre-scrollable"></pre>
					
					<h4>examples/HelloStepper</h4>
					<p>
						Result: <b>FAIL</b>
					</p>
					<pre class="pre-scrollable">In file included from /tmp/arduino-sketch-7A99BF743E443E84006846506F27273F/sketch/HelloStepper.ino.cpp:1:0:
/home/ec2-user/arduino-testlib/cli-datadir/user/libraries/TeensyStep/src/Stepper.h: In static member function &#39;static bool TeensyStep::Stepper::cmpVmin(const TeensyStep::Stepper*, const TeensyStep::Stepper*)&#39;:
/home/ec2-user/arduino-testlib/cli-datadir/data/packages/arduino/hardware/mbed_nano/2.7.2/cores/arduino/Arduino.h:63:16: error: expected unqualified-id before &#39;(&#39; token
 #define abs(x) ((x)&gt;0?(x):-(x))
                ^
/home/ec2-user/arduino-testlib/cli-datadir/user/libraries/TeensyStep/src/Stepper.h:54:79: note: in expansion of macro &#39;abs&#39;
         static bool cmpVmin(const Stepper* a, const Stepper* b) { return std::abs(a-&gt;vMax) &lt; std::abs(b-&gt;vMax); }
                                                                               ^~~
/home/ec2-user/arduino-testlib/cli-datadir/data/packages/arduino/hardware/mbed_nano/2.7.2/cores/arduino/Arduino.h:63:16: error: expected unqualified-id before &#39;(&#39; token
 #define abs(x) ((x)&gt;0?(x):-(x))
                ^
/home/ec2-user/arduino-testlib/cli-datadir/user/libraries/TeensyStep/src/Stepper.h:54:99: note: in expansion of macro &#39;abs&#39;
         static bool cmpVmin(const Stepper* a, const Stepper* b) { return std::abs(a-&gt;vMax) &lt; std::abs(b-&gt;vMax); }
                                                                                                   ^~~
/home/ec2-user/arduino-testlib/cli-datadir/user/libraries/TeensyStep/src/Stepper.h: In static member function &#39;static bool TeensyStep::Stepper::cmpVmax(const TeensyStep::Stepper*, const TeensyStep::Stepper*)&#39;:
/home/ec2-user/arduino-testlib/cli-datadir/data/packages/arduino/hardware/mbed_nano/2.7.2/cores/arduino/Arduino.h:63:16: error: expected unqualified-id before &#39;(&#39; token
 #define abs(x) ((x)&gt;0?(x):-(x))
                ^
/home/ec2-user/arduino-testlib/cli-datadir/user/libraries/TeensyStep/src/Stepper.h:55:79: note: in expansion of macro &#39;abs&#39;
         static bool cmpVmax(const Stepper* a, const Stepper* b) { return std::abs(a-&gt;vMax) &gt; std::abs(b-&gt;vMax); }
                                                                               ^~~
/home/ec2-user/arduino-testlib/cli-datadir/data/packages/arduino/hardware/mbed_nano/2.7.2/cores/arduino/Arduino.h:63:16: error: expected unqualified-id before &#39;(&#39; token
 #define abs(x) ((x)&gt;0?(x):-(x))
                ^
/home/ec2-user/arduino-testlib/cli-datadir/user/libraries/TeensyStep/src/Stepper.h:55:99: note: in expansion of macro &#39;abs&#39;
         static bool cmpVmax(const Stepper* a, const Stepper* b) { return std::abs(a-&gt;vMax) &gt; std::abs(b-&gt;vMax); }
                                                                                                   ^~~
/home/ec2-user/arduino-testlib/cli-datadir/user/libraries/TeensyStep/src/RotateControlBase.h: In member function &#39;void TeensyStep::RotateControlBase&lt;a, t&gt;::doRotate(int, float)&#39;:
/home/ec2-user/arduino-testlib/cli-datadir/data/packages/arduino/hardware/mbed_nano/2.7.2/cores/arduino/Arduino.h:63:16: error: expected unqualified-id before &#39;(&#39; token
 #define abs(x) ((x)&gt;0?(x):-(x))
                ^
/home/ec2-user/arduino-testlib/cli-datadir/user/libraries/TeensyStep/src/RotateControlBase.h:69:35: note: in expansion of macro &#39;abs&#39;
         this-&gt;leadMotor-&gt;A = std::abs(this-&gt;leadMotor-&gt;vMax);
                                   ^~~
/home/ec2-user/arduino-testlib/cli-datadir/data/packages/arduino/hardware/mbed_nano/2.7.2/cores/arduino/Arduino.h:63:16: error: expected unqualified-id before &#39;(&#39; token
 #define abs(x) ((x)&gt;0?(x):-(x))
                ^
/home/ec2-user/arduino-testlib/cli-datadir/user/libraries/TeensyStep/src/RotateControlBase.h:72:42: note: in expansion of macro &#39;abs&#39;
             this-&gt;motorList[i]-&gt;A = std::abs(this-&gt;motorList[i]-&gt;vMax);
                                          ^~~
/home/ec2-user/arduino-testlib/cli-datadir/user/libraries/TeensyStep/src/RotateControlBase.h: In member function &#39;void TeensyStep::RotateControlBase&lt;a, t&gt;::accTimerISR()&#39;:
/home/ec2-user/arduino-testlib/cli-datadir/data/packages/arduino/hardware/mbed_nano/2.7.2/cores/arduino/Arduino.h:63:16: error: expected unqualified-id before &#39;(&#39; token
 #define abs(x) ((x)&gt;0?(x):-(x))
                ^
/home/ec2-user/arduino-testlib/cli-datadir/user/libraries/TeensyStep/src/RotateControlBase.h:115:48: note: in expansion of macro &#39;abs&#39;
         this-&gt;timerField.setStepFrequency(std::abs(newSpeed)); // speed changed, update timer
                                                ^~~
/home/ec2-user/arduino-testlib/cli-datadir/user/libraries/TeensyStep/src/StepControlBase.h: In member function &#39;void TeensyStep::StepControlBase&lt;a, t&gt;::doMove(int, float)&#39;:
/home/ec2-user/arduino-testlib/cli-datadir/data/packages/arduino/hardware/mbed_nano/2.7.2/cores/arduino/Arduino.h:63:16: error: expected unqualified-id before &#39;(&#39; token
 #define abs(x) ((x)&gt;0?(x):-(x))
                ^
/home/ec2-user/arduino-testlib/cli-datadir/user/libraries/TeensyStep/src/StepControlBase.h:99:37: note: in expansion of macro &#39;abs&#39;
         uint32_t targetSpeed = std::abs((*std::min_element(this-&gt;motorList, this-&gt;motorList &#43; N, Stepper::cmpVmin))-&gt;vMax) * speedOverride; // use the lowest max frequency for the move, scale by relSpeed
                                     ^~~
/home/ec2-user/arduino-testlib/cli-datadir/data/packages/arduino/hardware/mbed_nano/2.7.2/cores/arduino/Arduino.h:63:16: error: expected unqualified-id before &#39;(&#39; token
 #define abs(x) ((x)&gt;0?(x):-(x))
                ^
/home/ec2-user/arduino-testlib/cli-datadir/user/libraries/TeensyStep/src/StepControlBase.h:105:32: note: in expansion of macro &#39;abs&#39;
         float leadSpeed = std::abs(this-&gt;leadMotor-&gt;vMax);
                                ^~~
/home/ec2-user/arduino-testlib/cli-datadir/data/packages/arduino/hardware/mbed_nano/2.7.2/cores/arduino/Arduino.h:63:16: error: expected unqualified-id before &#39;(&#39; token
 #define abs(x) ((x)&gt;0?(x):-(x))
                ^
/home/ec2-user/arduino-testlib/cli-datadir/user/libraries/TeensyStep/src/StepControlBase.h:108:98: note: in expansion of macro &#39;abs&#39;
             float relDist = this-&gt;motorList[i]-&gt;A / (float)this-&gt;leadMotor-&gt;A * leadSpeed / std::abs(this-&gt;motorList[i]-&gt;vMax);
                                                                                                  ^~~
/home/ec2-user/arduino-testlib/cli-datadir/user/libraries/TeensyStep/src/accelerators/LinStepAccelerator.h: In member function &#39;int32_t LinStepAccelerator::prepareMovement(int32_t, int32_t, uint32_t, uint32_t, uint32_t, uint32_t)&#39;:
/home/ec2-user/arduino-testlib/cli-datadir/data/packages/arduino/hardware/mbed_nano/2.7.2/cores/arduino/Arduino.h:63:16: error: expected unqualified-id before &#39;(&#39; token
 #define abs(x) ((x)&gt;0?(x):-(x))
                ^
/home/ec2-user/arduino-testlib/cli-datadir/user/libraries/TeensyStep/src/accelerators/LinStepAccelerator.h:38:16: note: in expansion of macro &#39;abs&#39;
     ds  = std::abs(targetPos - currentPos);
                ^~~
In file included from /home/ec2-user/arduino-testlib/cli-datadir/user/libraries/TeensyStep/src/TeensyStep.h:7:0,
                 from /home/ec2-user/arduino-testlib/cli-datadir/user/libraries/TeensyStep/examples/HelloStepper/HelloStepper.ino:19:
/home/ec2-user/arduino-testlib/cli-datadir/user/libraries/TeensyStep/src/accelerators/LinStepAccelerator.h:71:13: error: &#39;digitalToggle&#39; was not declared in this scope
             digitalToggle(LED_BUILTIN);
             ^~~~~~~~~~~~~
/home/ec2-user/arduino-testlib/cli-datadir/user/libraries/TeensyStep/src/accelerators/LinStepAccelerator.h:71:13: note: suggested alternative: &#39;digitalWrite&#39;
             digitalToggle(LED_BUILTIN);
             ^~~~~~~~~~~~~
             digitalWrite
In file included from /tmp/arduino-sketch-7A99BF743E443E84006846506F27273F/sketch/HelloStepper.ino.cpp:1:0:
/home/ec2-user/arduino-testlib/cli-datadir/user/libraries/TeensyStep/src/accelerators/LinStepAccelerator.h: In member function &#39;int32_t LinStepAccelerator::updateSpeed(int32_t)&#39;:
/home/ec2-user/arduino-testlib/cli-datadir/data/packages/arduino/hardware/mbed_nano/2.7.2/cores/arduino/Arduino.h:63:16: error: expected unqualified-id before &#39;(&#39; token
 #define abs(x) ((x)&gt;0?(x):-(x))
                ^
/home/ec2-user/arduino-testlib/cli-datadir/user/libraries/TeensyStep/src/accelerators/LinStepAccelerator.h:81:22: note: in expansion of macro &#39;abs&#39;
     int32_t s = std::abs(s_0 - curPos);
                      ^~~
/home/ec2-user/arduino-testlib/cli-datadir/user/libraries/TeensyStep/src/accelerators/LinStepAccelerator.h: In member function &#39;uint32_t LinStepAccelerator::initiateStopping(int32_t)&#39;:
/home/ec2-user/arduino-testlib/cli-datadir/data/packages/arduino/hardware/mbed_nano/2.7.2/cores/arduino/Arduino.h:63:16: error: expected unqualified-id before &#39;(&#39; token
 #define abs(x) ((x)&gt;0?(x):-(x))
                ^
/home/ec2-user/arduino-testlib/cli-datadir/user/libraries/TeensyStep/src/accelerators/LinStepAccelerator.h:111:30: note: in expansion of macro &#39;abs&#39;
     int32_t stepsDone = std::abs(s_0 - curPos);
                              ^~~
In file included from /home/ec2-user/arduino-testlib/cli-datadir/user/libraries/TeensyStep/src/timer/generic/TimerField.h:6:0,
                 from /home/ec2-user/arduino-testlib/cli-datadir/user/libraries/TeensyStep/src/TeensyStep.h:11,
                 from /home/ec2-user/arduino-testlib/cli-datadir/user/libraries/TeensyStep/examples/HelloStepper/HelloStepper.ino:19:
/home/ec2-user/arduino-testlib/cli-datadir/user/libraries/TeensyStep/src/timer/generic/TickTimer.h: In static member function &#39;static uint32_t TimerBase::get_cycles()&#39;:
/home/ec2-user/arduino-testlib/cli-datadir/user/libraries/TeensyStep/src/timer/generic/TickTimer.h:28:20: error: &#39;dwt_getCycles&#39; was not declared in this scope
             return dwt_getCycles();
                    ^~~~~~~~~~~~~
/home/ec2-user/arduino-testlib/cli-datadir/user/libraries/TeensyStep/src/timer/generic/TickTimer.h:28:20: note: suggested alternative: &#39;get_cycles</pre>
					
					<h4>examples/Interfacing</h4>
					<p>
						Result: <b>FAIL</b>
					</p>
					<pre class="pre-scrollable">In file included from /tmp/arduino-sketch-38CAFF60563E58D0A90AFECED7217A8B/sketch/Interfacing.ino.cpp:1:0:
/home/ec2-user/arduino-testlib/cli-datadir/user/libraries/TeensyStep/src/Stepper.h: In static member function &#39;static bool TeensyStep::Stepper::cmpVmin(const TeensyStep::Stepper*, const TeensyStep::Stepper*)&#39;:
/home/ec2-user/arduino-testlib/cli-datadir/data/packages/arduino/hardware/mbed_nano/2.7.2/cores/arduino/Arduino.h:63:16: error: expected unqualified-id before &#39;(&#39; token
 #define abs(x) ((x)&gt;0?(x):-(x))
                ^
/home/ec2-user/arduino-testlib/cli-datadir/user/libraries/TeensyStep/src/Stepper.h:54:79: note: in expansion of macro &#39;abs&#39;
         static bool cmpVmin(const Stepper* a, const Stepper* b) { return std::abs(a-&gt;vMax) &lt; std::abs(b-&gt;vMax); }
                                                                               ^~~
/home/ec2-user/arduino-testlib/cli-datadir/data/packages/arduino/hardware/mbed_nano/2.7.2/cores/arduino/Arduino.h:63:16: error: expected unqualified-id before &#39;(&#39; token
 #define abs(x) ((x)&gt;0?(x):-(x))
                ^
/home/ec2-user/arduino-testlib/cli-datadir/user/libraries/TeensyStep/src/Stepper.h:54:99: note: in expansion of macro &#39;abs&#39;
         static bool cmpVmin(const Stepper* a, const Stepper* b) { return std::abs(a-&gt;vMax) &lt; std::abs(b-&gt;vMax); }
                                                                                                   ^~~
/home/ec2-user/arduino-testlib/cli-datadir/user/libraries/TeensyStep/src/Stepper.h: In static member function &#39;static bool TeensyStep::Stepper::cmpVmax(const TeensyStep::Stepper*, const TeensyStep::Stepper*)&#39;:
/home/ec2-user/arduino-testlib/cli-datadir/data/packages/arduino/hardware/mbed_nano/2.7.2/cores/arduino/Arduino.h:63:16: error: expected unqualified-id before &#39;(&#39; token
 #define abs(x) ((x)&gt;0?(x):-(x))
                ^
/home/ec2-user/arduino-testlib/cli-datadir/user/libraries/TeensyStep/src/Stepper.h:55:79: note: in expansion of macro &#39;abs&#39;
         static bool cmpVmax(const Stepper* a, const Stepper* b) { return std::abs(a-&gt;vMax) &gt; std::abs(b-&gt;vMax); }
                                                                               ^~~
/home/ec2-user/arduino-testlib/cli-datadir/data/packages/arduino/hardware/mbed_nano/2.7.2/cores/arduino/Arduino.h:63:16: error: expected unqualified-id before &#39;(&#39; token
 #define abs(x) ((x)&gt;0?(x):-(x))
                ^
/home/ec2-user/arduino-testlib/cli-datadir/user/libraries/TeensyStep/src/Stepper.h:55:99: note: in expansion of macro &#39;abs&#39;
         static bool cmpVmax(const Stepper* a, const Stepper* b) { return std::abs(a-&gt;vMax) &gt; std::abs(b-&gt;vMax); }
                                                                                                   ^~~
/home/ec2-user/arduino-testlib/cli-datadir/user/libraries/TeensyStep/src/RotateControlBase.h: In member function &#39;void TeensyStep::RotateControlBase&lt;a, t&gt;::doRotate(int, float)&#39;:
/home/ec2-user/arduino-testlib/cli-datadir/data/packages/arduino/hardware/mbed_nano/2.7.2/cores/arduino/Arduino.h:63:16: error: expected unqualified-id before &#39;(&#39; token
 #define abs(x) ((x)&gt;0?(x):-(x))
                ^
/home/ec2-user/arduino-testlib/cli-datadir/user/libraries/TeensyStep/src/RotateControlBase.h:69:35: note: in expansion of macro &#39;abs&#39;
         this-&gt;leadMotor-&gt;A = std::abs(this-&gt;leadMotor-&gt;vMax);
                                   ^~~
/home/ec2-user/arduino-testlib/cli-datadir/data/packages/arduino/hardware/mbed_nano/2.7.2/cores/arduino/Arduino.h:63:16: error: expected unqualified-id before &#39;(&#39; token
 #define abs(x) ((x)&gt;0?(x):-(x))
                ^
/home/ec2-user/arduino-testlib/cli-datadir/user/libraries/TeensyStep/src/RotateControlBase.h:72:42: note: in expansion of macro &#39;abs&#39;
             this-&gt;motorList[i]-&gt;A = std::abs(this-&gt;motorList[i]-&gt;vMax);
                                          ^~~
/home/ec2-user/arduino-testlib/cli-datadir/user/libraries/TeensyStep/src/RotateControlBase.h: In member function &#39;void TeensyStep::RotateControlBase&lt;a, t&gt;::accTimerISR()&#39;:
/home/ec2-user/arduino-testlib/cli-datadir/data/packages/arduino/hardware/mbed_nano/2.7.2/cores/arduino/Arduino.h:63:16: error: expected unqualified-id before &#39;(&#39; token
 #define abs(x) ((x)&gt;0?(x):-(x))
                ^
/home/ec2-user/arduino-testlib/cli-datadir/user/libraries/TeensyStep/src/RotateControlBase.h:115:48: note: in expansion of macro &#39;abs&#39;
         this-&gt;timerField.setStepFrequency(std::abs(newSpeed)); // speed changed, update timer
                                                ^~~
/home/ec2-user/arduino-testlib/cli-datadir/user/libraries/TeensyStep/src/StepControlBase.h: In member function &#39;void TeensyStep::StepControlBase&lt;a, t&gt;::doMove(int, float)&#39;:
/home/ec2-user/arduino-testlib/cli-datadir/data/packages/arduino/hardware/mbed_nano/2.7.2/cores/arduino/Arduino.h:63:16: error: expected unqualified-id before &#39;(&#39; token
 #define abs(x) ((x)&gt;0?(x):-(x))
                ^
/home/ec2-user/arduino-testlib/cli-datadir/user/libraries/TeensyStep/src/StepControlBase.h:99:37: note: in expansion of macro &#39;abs&#39;
         uint32_t targetSpeed = std::abs((*std::min_element(this-&gt;motorList, this-&gt;motorList &#43; N, Stepper::cmpVmin))-&gt;vMax) * speedOverride; // use the lowest max frequency for the move, scale by relSpeed
                                     ^~~
/home/ec2-user/arduino-testlib/cli-datadir/data/packages/arduino/hardware/mbed_nano/2.7.2/cores/arduino/Arduino.h:63:16: error: expected unqualified-id before &#39;(&#39; token
 #define abs(x) ((x)&gt;0?(x):-(x))
                ^
/home/ec2-user/arduino-testlib/cli-datadir/user/libraries/TeensyStep/src/StepControlBase.h:105:32: note: in expansion of macro &#39;abs&#39;
         float leadSpeed = std::abs(this-&gt;leadMotor-&gt;vMax);
                                ^~~
/home/ec2-user/arduino-testlib/cli-datadir/data/packages/arduino/hardware/mbed_nano/2.7.2/cores/arduino/Arduino.h:63:16: error: expected unqualified-id before &#39;(&#39; token
 #define abs(x) ((x)&gt;0?(x):-(x))
                ^
/home/ec2-user/arduino-testlib/cli-datadir/user/libraries/TeensyStep/src/StepControlBase.h:108:98: note: in expansion of macro &#39;abs&#39;
             float relDist = this-&gt;motorList[i]-&gt;A / (float)this-&gt;leadMotor-&gt;A * leadSpeed / std::abs(this-&gt;motorList[i]-&gt;vMax);
                                                                                                  ^~~
/home/ec2-user/arduino-testlib/cli-datadir/user/libraries/TeensyStep/src/accelerators/LinStepAccelerator.h: In member function &#39;int32_t LinStepAccelerator::prepareMovement(int32_t, int32_t, uint32_t, uint32_t, uint32_t, uint32_t)&#39;:
/home/ec2-user/arduino-testlib/cli-datadir/data/packages/arduino/hardware/mbed_nano/2.7.2/cores/arduino/Arduino.h:63:16: error: expected unqualified-id before &#39;(&#39; token
 #define abs(x) ((x)&gt;0?(x):-(x))
                ^
/home/ec2-user/arduino-testlib/cli-datadir/user/libraries/TeensyStep/src/accelerators/LinStepAccelerator.h:38:16: note: in expansion of macro &#39;abs&#39;
     ds  = std::abs(targetPos - currentPos);
                ^~~
In file included from /home/ec2-user/arduino-testlib/cli-datadir/user/libraries/TeensyStep/src/TeensyStep.h:7:0,
                 from /home/ec2-user/arduino-testlib/cli-datadir/user/libraries/TeensyStep/examples/Interfacing/Interfacing.ino:15:
/home/ec2-user/arduino-testlib/cli-datadir/user/libraries/TeensyStep/src/accelerators/LinStepAccelerator.h:71:13: error: &#39;digitalToggle&#39; was not declared in this scope
             digitalToggle(LED_BUILTIN);
             ^~~~~~~~~~~~~
/home/ec2-user/arduino-testlib/cli-datadir/user/libraries/TeensyStep/src/accelerators/LinStepAccelerator.h:71:13: note: suggested alternative: &#39;digitalWrite&#39;
             digitalToggle(LED_BUILTIN);
             ^~~~~~~~~~~~~
             digitalWrite
In file included from /tmp/arduino-sketch-38CAFF60563E58D0A90AFECED7217A8B/sketch/Interfacing.ino.cpp:1:0:
/home/ec2-user/arduino-testlib/cli-datadir/user/libraries/TeensyStep/src/accelerators/LinStepAccelerator.h: In member function &#39;int32_t LinStepAccelerator::updateSpeed(int32_t)&#39;:
/home/ec2-user/arduino-testlib/cli-datadir/data/packages/arduino/hardware/mbed_nano/2.7.2/cores/arduino/Arduino.h:63:16: error: expected unqualified-id before &#39;(&#39; token
 #define abs(x) ((x)&gt;0?(x):-(x))
                ^
/home/ec2-user/arduino-testlib/cli-datadir/user/libraries/TeensyStep/src/accelerators/LinStepAccelerator.h:81:22: note: in expansion of macro &#39;abs&#39;
     int32_t s = std::abs(s_0 - curPos);
                      ^~~
/home/ec2-user/arduino-testlib/cli-datadir/user/libraries/TeensyStep/src/accelerators/LinStepAccelerator.h: In member function &#39;uint32_t LinStepAccelerator::initiateStopping(int32_t)&#39;:
/home/ec2-user/arduino-testlib/cli-datadir/data/packages/arduino/hardware/mbed_nano/2.7.2/cores/arduino/Arduino.h:63:16: error: expected unqualified-id before &#39;(&#39; token
 #define abs(x) ((x)&gt;0?(x):-(x))
                ^
/home/ec2-user/arduino-testlib/cli-datadir/user/libraries/TeensyStep/src/accelerators/LinStepAccelerator.h:111:30: note: in expansion of macro &#39;abs&#39;
     int32_t stepsDone = std::abs(s_0 - curPos);
                              ^~~
In file included from /home/ec2-user/arduino-testlib/cli-datadir/user/libraries/TeensyStep/src/timer/generic/TimerField.h:6:0,
                 from /home/ec2-user/arduino-testlib/cli-datadir/user/libraries/TeensyStep/src/TeensyStep.h:11,
                 from /home/ec2-user/arduino-testlib/cli-datadir/user/libraries/TeensyStep/examples/Interfacing/Interfacing.ino:15:
/home/ec2-user/arduino-testlib/cli-datadir/user/libraries/TeensyStep/src/timer/generic/TickTimer.h: In static member function &#39;static uint32_t TimerBase::get_cycles()&#39;:
/home/ec2-user/arduino-testlib/cli-datadir/user/libraries/TeensyStep/src/timer/generic/TickTimer.h:28:20: error: &#39;dwt_getCycles&#39; was not declared in this scope
             return dwt_getCycles();
                    ^~~~~~~~~~~~~
/home/ec2-user/arduino-testlib/cli-datadir/user/libraries/TeensyStep/src/timer/generic/TickTimer.h:28:20: note: suggested alternative: &#39;get_cycles&#39;
    </pre>
					
					<h4>examples/MultipleSteppers</h4>
					<p>
						Result: <b>FAIL</b>
					</p>
					<pre class="pre-scrollable">In file included from /tmp/arduino-sketch-7D7FBFBB9815B80418337363B6CD0B88/sketch/MultipleSteppers.ino.cpp:1:0:
/home/ec2-user/arduino-testlib/cli-datadir/user/libraries/TeensyStep/src/Stepper.h: In static member function &#39;static bool TeensyStep::Stepper::cmpVmin(const TeensyStep::Stepper*, const TeensyStep::Stepper*)&#39;:
/home/ec2-user/arduino-testlib/cli-datadir/data/packages/arduino/hardware/mbed_nano/2.7.2/cores/arduino/Arduino.h:63:16: error: expected unqualified-id before &#39;(&#39; token
 #define abs(x) ((x)&gt;0?(x):-(x))
                ^
/home/ec2-user/arduino-testlib/cli-datadir/user/libraries/TeensyStep/src/Stepper.h:54:79: note: in expansion of macro &#39;abs&#39;
         static bool cmpVmin(const Stepper* a, const Stepper* b) { return std::abs(a-&gt;vMax) &lt; std::abs(b-&gt;vMax); }
                                                                               ^~~
/home/ec2-user/arduino-testlib/cli-datadir/data/packages/arduino/hardware/mbed_nano/2.7.2/cores/arduino/Arduino.h:63:16: error: expected unqualified-id before &#39;(&#39; token
 #define abs(x) ((x)&gt;0?(x):-(x))
                ^
/home/ec2-user/arduino-testlib/cli-datadir/user/libraries/TeensyStep/src/Stepper.h:54:99: note: in expansion of macro &#39;abs&#39;
         static bool cmpVmin(const Stepper* a, const Stepper* b) { return std::abs(a-&gt;vMax) &lt; std::abs(b-&gt;vMax); }
                                                                                                   ^~~
/home/ec2-user/arduino-testlib/cli-datadir/user/libraries/TeensyStep/src/Stepper.h: In static member function &#39;static bool TeensyStep::Stepper::cmpVmax(const TeensyStep::Stepper*, const TeensyStep::Stepper*)&#39;:
/home/ec2-user/arduino-testlib/cli-datadir/data/packages/arduino/hardware/mbed_nano/2.7.2/cores/arduino/Arduino.h:63:16: error: expected unqualified-id before &#39;(&#39; token
 #define abs(x) ((x)&gt;0?(x):-(x))
                ^
/home/ec2-user/arduino-testlib/cli-datadir/user/libraries/TeensyStep/src/Stepper.h:55:79: note: in expansion of macro &#39;abs&#39;
         static bool cmpVmax(const Stepper* a, const Stepper* b) { return std::abs(a-&gt;vMax) &gt; std::abs(b-&gt;vMax); }
                                                                               ^~~
/home/ec2-user/arduino-testlib/cli-datadir/data/packages/arduino/hardware/mbed_nano/2.7.2/cores/arduino/Arduino.h:63:16: error: expected unqualified-id before &#39;(&#39; token
 #define abs(x) ((x)&gt;0?(x):-(x))
                ^
/home/ec2-user/arduino-testlib/cli-datadir/user/libraries/TeensyStep/src/Stepper.h:55:99: note: in expansion of macro &#39;abs&#39;
         static bool cmpVmax(const Stepper* a, const Stepper* b) { return std::abs(a-&gt;vMax) &gt; std::abs(b-&gt;vMax); }
                                                                                                   ^~~
/home/ec2-user/arduino-testlib/cli-datadir/user/libraries/TeensyStep/src/RotateControlBase.h: In member function &#39;void TeensyStep::RotateControlBase&lt;a, t&gt;::doRotate(int, float)&#39;:
/home/ec2-user/arduino-testlib/cli-datadir/data/packages/arduino/hardware/mbed_nano/2.7.2/cores/arduino/Arduino.h:63:16: error: expected unqualified-id before &#39;(&#39; token
 #define abs(x) ((x)&gt;0?(x):-(x))
                ^
/home/ec2-user/arduino-testlib/cli-datadir/user/libraries/TeensyStep/src/RotateControlBase.h:69:35: note: in expansion of macro &#39;abs&#39;
         this-&gt;leadMotor-&gt;A = std::abs(this-&gt;leadMotor-&gt;vMax);
                                   ^~~
/home/ec2-user/arduino-testlib/cli-datadir/data/packages/arduino/hardware/mbed_nano/2.7.2/cores/arduino/Arduino.h:63:16: error: expected unqualified-id before &#39;(&#39; token
 #define abs(x) ((x)&gt;0?(x):-(x))
                ^
/home/ec2-user/arduino-testlib/cli-datadir/user/libraries/TeensyStep/src/RotateControlBase.h:72:42: note: in expansion of macro &#39;abs&#39;
             this-&gt;motorList[i]-&gt;A = std::abs(this-&gt;motorList[i]-&gt;vMax);
                                          ^~~
/home/ec2-user/arduino-testlib/cli-datadir/user/libraries/TeensyStep/src/RotateControlBase.h: In member function &#39;void TeensyStep::RotateControlBase&lt;a, t&gt;::accTimerISR()&#39;:
/home/ec2-user/arduino-testlib/cli-datadir/data/packages/arduino/hardware/mbed_nano/2.7.2/cores/arduino/Arduino.h:63:16: error: expected unqualified-id before &#39;(&#39; token
 #define abs(x) ((x)&gt;0?(x):-(x))
                ^
/home/ec2-user/arduino-testlib/cli-datadir/user/libraries/TeensyStep/src/RotateControlBase.h:115:48: note: in expansion of macro &#39;abs&#39;
         this-&gt;timerField.setStepFrequency(std::abs(newSpeed)); // speed changed, update timer
                                                ^~~
/home/ec2-user/arduino-testlib/cli-datadir/user/libraries/TeensyStep/src/StepControlBase.h: In member function &#39;void TeensyStep::StepControlBase&lt;a, t&gt;::doMove(int, float)&#39;:
/home/ec2-user/arduino-testlib/cli-datadir/data/packages/arduino/hardware/mbed_nano/2.7.2/cores/arduino/Arduino.h:63:16: error: expected unqualified-id before &#39;(&#39; token
 #define abs(x) ((x)&gt;0?(x):-(x))
                ^
/home/ec2-user/arduino-testlib/cli-datadir/user/libraries/TeensyStep/src/StepControlBase.h:99:37: note: in expansion of macro &#39;abs&#39;
         uint32_t targetSpeed = std::abs((*std::min_element(this-&gt;motorList, this-&gt;motorList &#43; N, Stepper::cmpVmin))-&gt;vMax) * speedOverride; // use the lowest max frequency for the move, scale by relSpeed
                                     ^~~
/home/ec2-user/arduino-testlib/cli-datadir/data/packages/arduino/hardware/mbed_nano/2.7.2/cores/arduino/Arduino.h:63:16: error: expected unqualified-id before &#39;(&#39; token
 #define abs(x) ((x)&gt;0?(x):-(x))
                ^
/home/ec2-user/arduino-testlib/cli-datadir/user/libraries/TeensyStep/src/StepControlBase.h:105:32: note: in expansion of macro &#39;abs&#39;
         float leadSpeed = std::abs(this-&gt;leadMotor-&gt;vMax);
                                ^~~
/home/ec2-user/arduino-testlib/cli-datadir/data/packages/arduino/hardware/mbed_nano/2.7.2/cores/arduino/Arduino.h:63:16: error: expected unqualified-id before &#39;(&#39; token
 #define abs(x) ((x)&gt;0?(x):-(x))
                ^
/home/ec2-user/arduino-testlib/cli-datadir/user/libraries/TeensyStep/src/StepControlBase.h:108:98: note: in expansion of macro &#39;abs&#39;
             float relDist = this-&gt;motorList[i]-&gt;A / (float)this-&gt;leadMotor-&gt;A * leadSpeed / std::abs(this-&gt;motorList[i]-&gt;vMax);
                                                                                                  ^~~
/home/ec2-user/arduino-testlib/cli-datadir/user/libraries/TeensyStep/src/accelerators/LinStepAccelerator.h: In member function &#39;int32_t LinStepAccelerator::prepareMovement(int32_t, int32_t, uint32_t, uint32_t, uint32_t, uint32_t)&#39;:
/home/ec2-user/arduino-testlib/cli-datadir/data/packages/arduino/hardware/mbed_nano/2.7.2/cores/arduino/Arduino.h:63:16: error: expected unqualified-id before &#39;(&#39; token
 #define abs(x) ((x)&gt;0?(x):-(x))
                ^
/home/ec2-user/arduino-testlib/cli-datadir/user/libraries/TeensyStep/src/accelerators/LinStepAccelerator.h:38:16: note: in expansion of macro &#39;abs&#39;
     ds  = std::abs(targetPos - currentPos);
                ^~~
In file included from /home/ec2-user/arduino-testlib/cli-datadir/user/libraries/TeensyStep/src/TeensyStep.h:7:0,
                 from /home/ec2-user/arduino-testlib/cli-datadir/user/libraries/TeensyStep/examples/MultipleSteppers/MultipleSteppers.ino:16:
/home/ec2-user/arduino-testlib/cli-datadir/user/libraries/TeensyStep/src/accelerators/LinStepAccelerator.h:71:13: error: &#39;digitalToggle&#39; was not declared in this scope
             digitalToggle(LED_BUILTIN);
             ^~~~~~~~~~~~~
/home/ec2-user/arduino-testlib/cli-datadir/user/libraries/TeensyStep/src/accelerators/LinStepAccelerator.h:71:13: note: suggested alternative: &#39;digitalWrite&#39;
             digitalToggle(LED_BUILTIN);
             ^~~~~~~~~~~~~
             digitalWrite
In file included from /tmp/arduino-sketch-7D7FBFBB9815B80418337363B6CD0B88/sketch/MultipleSteppers.ino.cpp:1:0:
/home/ec2-user/arduino-testlib/cli-datadir/user/libraries/TeensyStep/src/accelerators/LinStepAccelerator.h: In member function &#39;int32_t LinStepAccelerator::updateSpeed(int32_t)&#39;:
/home/ec2-user/arduino-testlib/cli-datadir/data/packages/arduino/hardware/mbed_nano/2.7.2/cores/arduino/Arduino.h:63:16: error: expected unqualified-id before &#39;(&#39; token
 #define abs(x) ((x)&gt;0?(x):-(x))
                ^
/home/ec2-user/arduino-testlib/cli-datadir/user/libraries/TeensyStep/src/accelerators/LinStepAccelerator.h:81:22: note: in expansion of macro &#39;abs&#39;
     int32_t s = std::abs(s_0 - curPos);
                      ^~~
/home/ec2-user/arduino-testlib/cli-datadir/user/libraries/TeensyStep/src/accelerators/LinStepAccelerator.h: In member function &#39;uint32_t LinStepAccelerator::initiateStopping(int32_t)&#39;:
/home/ec2-user/arduino-testlib/cli-datadir/data/packages/arduino/hardware/mbed_nano/2.7.2/cores/arduino/Arduino.h:63:16: error: expected unqualified-id before &#39;(&#39; token
 #define abs(x) ((x)&gt;0?(x):-(x))
                ^
/home/ec2-user/arduino-testlib/cli-datadir/user/libraries/TeensyStep/src/accelerators/LinStepAccelerator.h:111:30: note: in expansion of macro &#39;abs&#39;
     int32_t stepsDone = std::abs(s_0 - curPos);
                              ^~~
In file included from /home/ec2-user/arduino-testlib/cli-datadir/user/libraries/TeensyStep/src/timer/generic/TimerField.h:6:0,
                 from /home/ec2-user/arduino-testlib/cli-datadir/user/libraries/TeensyStep/src/TeensyStep.h:11,
                 from /home/ec2-user/arduino-testlib/cli-datadir/user/libraries/TeensyStep/examples/MultipleSteppers/MultipleSteppers.ino:16:
/home/ec2-user/arduino-testlib/cli-datadir/user/libraries/TeensyStep/src/timer/generic/TickTimer.h: In static member function &#39;static uint32_t TimerBase::get_cycles()&#39;:
/home/ec2-user/arduino-testlib/cli-datadir/user/libraries/TeensyStep/src/timer/generic/TickTimer.h:28:20: error: &#39;dwt_getCycles&#39; was not declared in this scope
             return dwt_getCycles();
                    ^~~~~~~~~~~~~
/home/ec2-user/arduino-testlib/cli-datadir/user/libraries/TeensyStep/src/timer/generic/TickTimer.h:28:20: note: suggested </pre>
					
					<h4>examples/Path_Following</h4>
					<p>
						Result: <b>FAIL</b>
					</p>
					<pre class="pre-scrollable"></pre>
					
					<h4>examples/StepperArray</h4>
					<p>
						Result: <b>FAIL</b>
					</p>
					<pre class="pre-scrollable">In file included from /tmp/arduino-sketch-67F0A07CFB60F757975DC9866279EB5B/sketch/StepperArray.ino.cpp:1:0:
/home/ec2-user/arduino-testlib/cli-datadir/user/libraries/TeensyStep/src/Stepper.h: In static member function &#39;static bool TeensyStep::Stepper::cmpVmin(const TeensyStep::Stepper*, const TeensyStep::Stepper*)&#39;:
/home/ec2-user/arduino-testlib/cli-datadir/data/packages/arduino/hardware/mbed_nano/2.7.2/cores/arduino/Arduino.h:63:16: error: expected unqualified-id before &#39;(&#39; token
 #define abs(x) ((x)&gt;0?(x):-(x))
                ^
/home/ec2-user/arduino-testlib/cli-datadir/user/libraries/TeensyStep/src/Stepper.h:54:79: note: in expansion of macro &#39;abs&#39;
         static bool cmpVmin(const Stepper* a, const Stepper* b) { return std::abs(a-&gt;vMax) &lt; std::abs(b-&gt;vMax); }
                                                                               ^~~
/home/ec2-user/arduino-testlib/cli-datadir/data/packages/arduino/hardware/mbed_nano/2.7.2/cores/arduino/Arduino.h:63:16: error: expected unqualified-id before &#39;(&#39; token
 #define abs(x) ((x)&gt;0?(x):-(x))
                ^
/home/ec2-user/arduino-testlib/cli-datadir/user/libraries/TeensyStep/src/Stepper.h:54:99: note: in expansion of macro &#39;abs&#39;
         static bool cmpVmin(const Stepper* a, const Stepper* b) { return std::abs(a-&gt;vMax) &lt; std::abs(b-&gt;vMax); }
                                                                                                   ^~~
/home/ec2-user/arduino-testlib/cli-datadir/user/libraries/TeensyStep/src/Stepper.h: In static member function &#39;static bool TeensyStep::Stepper::cmpVmax(const TeensyStep::Stepper*, const TeensyStep::Stepper*)&#39;:
/home/ec2-user/arduino-testlib/cli-datadir/data/packages/arduino/hardware/mbed_nano/2.7.2/cores/arduino/Arduino.h:63:16: error: expected unqualified-id before &#39;(&#39; token
 #define abs(x) ((x)&gt;0?(x):-(x))
                ^
/home/ec2-user/arduino-testlib/cli-datadir/user/libraries/TeensyStep/src/Stepper.h:55:79: note: in expansion of macro &#39;abs&#39;
         static bool cmpVmax(const Stepper* a, const Stepper* b) { return std::abs(a-&gt;vMax) &gt; std::abs(b-&gt;vMax); }
                                                                               ^~~
/home/ec2-user/arduino-testlib/cli-datadir/data/packages/arduino/hardware/mbed_nano/2.7.2/cores/arduino/Arduino.h:63:16: error: expected unqualified-id before &#39;(&#39; token
 #define abs(x) ((x)&gt;0?(x):-(x))
                ^
/home/ec2-user/arduino-testlib/cli-datadir/user/libraries/TeensyStep/src/Stepper.h:55:99: note: in expansion of macro &#39;abs&#39;
         static bool cmpVmax(const Stepper* a, const Stepper* b) { return std::abs(a-&gt;vMax) &gt; std::abs(b-&gt;vMax); }
                                                                                                   ^~~
/home/ec2-user/arduino-testlib/cli-datadir/user/libraries/TeensyStep/src/RotateControlBase.h: In member function &#39;void TeensyStep::RotateControlBase&lt;a, t&gt;::doRotate(int, float)&#39;:
/home/ec2-user/arduino-testlib/cli-datadir/data/packages/arduino/hardware/mbed_nano/2.7.2/cores/arduino/Arduino.h:63:16: error: expected unqualified-id before &#39;(&#39; token
 #define abs(x) ((x)&gt;0?(x):-(x))
                ^
/home/ec2-user/arduino-testlib/cli-datadir/user/libraries/TeensyStep/src/RotateControlBase.h:69:35: note: in expansion of macro &#39;abs&#39;
         this-&gt;leadMotor-&gt;A = std::abs(this-&gt;leadMotor-&gt;vMax);
                                   ^~~
/home/ec2-user/arduino-testlib/cli-datadir/data/packages/arduino/hardware/mbed_nano/2.7.2/cores/arduino/Arduino.h:63:16: error: expected unqualified-id before &#39;(&#39; token
 #define abs(x) ((x)&gt;0?(x):-(x))
                ^
/home/ec2-user/arduino-testlib/cli-datadir/user/libraries/TeensyStep/src/RotateControlBase.h:72:42: note: in expansion of macro &#39;abs&#39;
             this-&gt;motorList[i]-&gt;A = std::abs(this-&gt;motorList[i]-&gt;vMax);
                                          ^~~
/home/ec2-user/arduino-testlib/cli-datadir/user/libraries/TeensyStep/src/RotateControlBase.h: In member function &#39;void TeensyStep::RotateControlBase&lt;a, t&gt;::accTimerISR()&#39;:
/home/ec2-user/arduino-testlib/cli-datadir/data/packages/arduino/hardware/mbed_nano/2.7.2/cores/arduino/Arduino.h:63:16: error: expected unqualified-id before &#39;(&#39; token
 #define abs(x) ((x)&gt;0?(x):-(x))
                ^
/home/ec2-user/arduino-testlib/cli-datadir/user/libraries/TeensyStep/src/RotateControlBase.h:115:48: note: in expansion of macro &#39;abs&#39;
         this-&gt;timerField.setStepFrequency(std::abs(newSpeed)); // speed changed, update timer
                                                ^~~
/home/ec2-user/arduino-testlib/cli-datadir/user/libraries/TeensyStep/src/StepControlBase.h: In member function &#39;void TeensyStep::StepControlBase&lt;a, t&gt;::doMove(int, float)&#39;:
/home/ec2-user/arduino-testlib/cli-datadir/data/packages/arduino/hardware/mbed_nano/2.7.2/cores/arduino/Arduino.h:63:16: error: expected unqualified-id before &#39;(&#39; token
 #define abs(x) ((x)&gt;0?(x):-(x))
                ^
/home/ec2-user/arduino-testlib/cli-datadir/user/libraries/TeensyStep/src/StepControlBase.h:99:37: note: in expansion of macro &#39;abs&#39;
         uint32_t targetSpeed = std::abs((*std::min_element(this-&gt;motorList, this-&gt;motorList &#43; N, Stepper::cmpVmin))-&gt;vMax) * speedOverride; // use the lowest max frequency for the move, scale by relSpeed
                                     ^~~
/home/ec2-user/arduino-testlib/cli-datadir/data/packages/arduino/hardware/mbed_nano/2.7.2/cores/arduino/Arduino.h:63:16: error: expected unqualified-id before &#39;(&#39; token
 #define abs(x) ((x)&gt;0?(x):-(x))
                ^
/home/ec2-user/arduino-testlib/cli-datadir/user/libraries/TeensyStep/src/StepControlBase.h:105:32: note: in expansion of macro &#39;abs&#39;
         float leadSpeed = std::abs(this-&gt;leadMotor-&gt;vMax);
                                ^~~
/home/ec2-user/arduino-testlib/cli-datadir/data/packages/arduino/hardware/mbed_nano/2.7.2/cores/arduino/Arduino.h:63:16: error: expected unqualified-id before &#39;(&#39; token
 #define abs(x) ((x)&gt;0?(x):-(x))
                ^
/home/ec2-user/arduino-testlib/cli-datadir/user/libraries/TeensyStep/src/StepControlBase.h:108:98: note: in expansion of macro &#39;abs&#39;
             float relDist = this-&gt;motorList[i]-&gt;A / (float)this-&gt;leadMotor-&gt;A * leadSpeed / std::abs(this-&gt;motorList[i]-&gt;vMax);
                                                                                                  ^~~
/home/ec2-user/arduino-testlib/cli-datadir/user/libraries/TeensyStep/src/accelerators/LinStepAccelerator.h: In member function &#39;int32_t LinStepAccelerator::prepareMovement(int32_t, int32_t, uint32_t, uint32_t, uint32_t, uint32_t)&#39;:
/home/ec2-user/arduino-testlib/cli-datadir/data/packages/arduino/hardware/mbed_nano/2.7.2/cores/arduino/Arduino.h:63:16: error: expected unqualified-id before &#39;(&#39; token
 #define abs(x) ((x)&gt;0?(x):-(x))
                ^
/home/ec2-user/arduino-testlib/cli-datadir/user/libraries/TeensyStep/src/accelerators/LinStepAccelerator.h:38:16: note: in expansion of macro &#39;abs&#39;
     ds  = std::abs(targetPos - currentPos);
                ^~~
In file included from /home/ec2-user/arduino-testlib/cli-datadir/user/libraries/TeensyStep/src/TeensyStep.h:7:0,
                 from /home/ec2-user/arduino-testlib/cli-datadir/user/libraries/TeensyStep/examples/StepperArray/StepperArray.ino:1:
/home/ec2-user/arduino-testlib/cli-datadir/user/libraries/TeensyStep/src/accelerators/LinStepAccelerator.h:71:13: error: &#39;digitalToggle&#39; was not declared in this scope
             digitalToggle(LED_BUILTIN);
             ^~~~~~~~~~~~~
/home/ec2-user/arduino-testlib/cli-datadir/user/libraries/TeensyStep/src/accelerators/LinStepAccelerator.h:71:13: note: suggested alternative: &#39;digitalWrite&#39;
             digitalToggle(LED_BUILTIN);
             ^~~~~~~~~~~~~
             digitalWrite
In file included from /tmp/arduino-sketch-67F0A07CFB60F757975DC9866279EB5B/sketch/StepperArray.ino.cpp:1:0:
/home/ec2-user/arduino-testlib/cli-datadir/user/libraries/TeensyStep/src/accelerators/LinStepAccelerator.h: In member function &#39;int32_t LinStepAccelerator::updateSpeed(int32_t)&#39;:
/home/ec2-user/arduino-testlib/cli-datadir/data/packages/arduino/hardware/mbed_nano/2.7.2/cores/arduino/Arduino.h:63:16: error: expected unqualified-id before &#39;(&#39; token
 #define abs(x) ((x)&gt;0?(x):-(x))
                ^
/home/ec2-user/arduino-testlib/cli-datadir/user/libraries/TeensyStep/src/accelerators/LinStepAccelerator.h:81:22: note: in expansion of macro &#39;abs&#39;
     int32_t s = std::abs(s_0 - curPos);
                      ^~~
/home/ec2-user/arduino-testlib/cli-datadir/user/libraries/TeensyStep/src/accelerators/LinStepAccelerator.h: In member function &#39;uint32_t LinStepAccelerator::initiateStopping(int32_t)&#39;:
/home/ec2-user/arduino-testlib/cli-datadir/data/packages/arduino/hardware/mbed_nano/2.7.2/cores/arduino/Arduino.h:63:16: error: expected unqualified-id before &#39;(&#39; token
 #define abs(x) ((x)&gt;0?(x):-(x))
                ^
/home/ec2-user/arduino-testlib/cli-datadir/user/libraries/TeensyStep/src/accelerators/LinStepAccelerator.h:111:30: note: in expansion of macro &#39;abs&#39;
     int32_t stepsDone = std::abs(s_0 - curPos);
                              ^~~
In file included from /home/ec2-user/arduino-testlib/cli-datadir/user/libraries/TeensyStep/src/timer/generic/TimerField.h:6:0,
                 from /home/ec2-user/arduino-testlib/cli-datadir/user/libraries/TeensyStep/src/TeensyStep.h:11,
                 from /home/ec2-user/arduino-testlib/cli-datadir/user/libraries/TeensyStep/examples/StepperArray/StepperArray.ino:1:
/home/ec2-user/arduino-testlib/cli-datadir/user/libraries/TeensyStep/src/timer/generic/TickTimer.h: In static member function &#39;static uint32_t TimerBase::get_cycles()&#39;:
/home/ec2-user/arduino-testlib/cli-datadir/user/libraries/TeensyStep/src/timer/generic/TickTimer.h:28:20: error: &#39;dwt_getCycles&#39; was not declared in this scope
             return dwt_getCycles();
                    ^~~~~~~~~~~~~
/home/ec2-user/arduino-testlib/cli-datadir/user/libraries/TeensyStep/src/timer/generic/TickTimer.h:28:20: note: suggested alternative: &#39;get_cycles&#39;
</pre>
					
				
				<h3 id="arduino:megaavr:nona4809">arduino:megaavr:nona4809 @ 1.8.7</h3>
				<h4>Inclusion</h4>
				<p>
					Result: <b>FAIL</b>
					
				</p>
				<pre class="pre-scrollable">In file included from /home/ec2-user/arduino-testlib/cli-datadir/user/libraries/TeensyStep/src/TeensyStep.h:3:0,
                 from /tmp/arduino-testlib2647661120/test/test.ino:1:
/home/ec2-user/arduino-testlib/cli-datadir/user/libraries/TeensyStep/src/RotateControlBase.h:3:10: fatal error: algorithm: No such file or directory
 #include &lt;algorithm&gt;
          ^~~~~~~~~~~
compilation terminated.

</pre>

					
					<h4>examples/Applications</h4>
					<p>
						Result: <b>FAIL</b>
					</p>
					<pre class="pre-scrollable"></pre>
					
					<h4>examples/HelloStepper</h4>
					<p>
						Result: <b>FAIL</b>
					</p>
					<pre class="pre-scrollable">In file included from /home/ec2-user/arduino-testlib/cli-datadir/user/libraries/TeensyStep/src/TeensyStep.h:3:0,
                 from /home/ec2-user/arduino-testlib/cli-datadir/user/libraries/TeensyStep/examples/HelloStepper/HelloStepper.ino:19:
/home/ec2-user/arduino-testlib/cli-datadir/user/libraries/TeensyStep/src/RotateControlBase.h:3:10: fatal error: algorithm: No such file or directory
 #include &lt;algorithm&gt;
          ^~~~~~~~~~~
compilation terminated.

</pre>
					
					<h4>examples/Interfacing</h4>
					<p>
						Result: <b>FAIL</b>
					</p>
					<pre class="pre-scrollable">In file included from /home/ec2-user/arduino-testlib/cli-datadir/user/libraries/TeensyStep/src/TeensyStep.h:3:0,
                 from /home/ec2-user/arduino-testlib/cli-datadir/user/libraries/TeensyStep/examples/Interfacing/Interfacing.ino:15:
/home/ec2-user/arduino-testlib/cli-datadir/user/libraries/TeensyStep/src/RotateControlBase.h:3:10: fatal error: algorithm: No such file or directory
 #include &lt;algorithm&gt;
          ^~~~~~~~~~~
compilation terminated.

</pre>
					
					<h4>examples/MultipleSteppers</h4>
					<p>
						Result: <b>FAIL</b>
					</p>
					<pre class="pre-scrollable">In file included from /home/ec2-user/arduino-testlib/cli-datadir/user/libraries/TeensyStep/src/TeensyStep.h:3:0,
                 from /home/ec2-user/arduino-testlib/cli-datadir/user/libraries/TeensyStep/examples/MultipleSteppers/MultipleSteppers.ino:16:
/home/ec2-user/arduino-testlib/cli-datadir/user/libraries/TeensyStep/src/RotateControlBase.h:3:10: fatal error: algorithm: No such file or directory
 #include &lt;algorithm&gt;
          ^~~~~~~~~~~
compilation terminated.

</pre>
					
					<h4>examples/Path_Following</h4>
					<p>
						Result: <b>FAIL</b>
					</p>
					<pre class="pre-scrollable"></pre>
					
					<h4>examples/StepperArray</h4>
					<p>
						Result: <b>FAIL</b>
					</p>
					<pre class="pre-scrollable">In file included from /home/ec2-user/arduino-testlib/cli-datadir/user/libraries/TeensyStep/src/TeensyStep.h:3:0,
                 from /home/ec2-user/arduino-testlib/cli-datadir/user/libraries/TeensyStep/examples/StepperArray/StepperArray.ino:1:
/home/ec2-user/arduino-testlib/cli-datadir/user/libraries/TeensyStep/src/RotateControlBase.h:3:10: fatal error: algorithm: No such file or directory
 #include &lt;algorithm&gt;
          ^~~~~~~~~~~
compilation terminated.

</pre>
					
				
				<h3 id="arduino:samd:mkrwifi1010">arduino:samd:mkrwifi1010 @ 1.8.12</h3>
				<h4>Inclusion</h4>
				<p>
					Result: <b>FAIL</b>
					
				</p>
				<pre class="pre-scrollable">In file included from /private/var/folders/47/_57rjy4111jc7dfpgjmcc93w0000gp/T/arduino-sketch-A5060FCCBDA250568A3E70F6217D7A3D/sketch/test.ino.cpp:1:0:
/Users/alranel/Documents/git/arduino/arduino-testlib/cli-datadir/user/libraries/TeensyStep/src/Stepper.h: In static member function &#39;static bool TeensyStep::Stepper::cmpVmin(const TeensyStep::Stepper*, const TeensyStep::Stepper*)&#39;:
/Users/alranel/Documents/git/arduino/arduino-testlib/cli-datadir/data/packages/arduino/hardware/samd/1.8.12/cores/arduino/Arduino.h:66:16: error: expected unqualified-id before &#39;(&#39; token
 #define abs(x) ((x)&gt;0?(x):-(x))
                ^
/Users/alranel/Documents/git/arduino/arduino-testlib/cli-datadir/user/libraries/TeensyStep/src/Stepper.h:54:79: note: in expansion of macro &#39;abs&#39;
         static bool cmpVmin(const Stepper* a, const Stepper* b) { return std::abs(a-&gt;vMax) &lt; std::abs(b-&gt;vMax); }
                                                                               ^~~
/Users/alranel/Documents/git/arduino/arduino-testlib/cli-datadir/data/packages/arduino/hardware/samd/1.8.12/cores/arduino/Arduino.h:66:16: error: expected unqualified-id before &#39;(&#39; token
 #define abs(x) ((x)&gt;0?(x):-(x))
                ^
/Users/alranel/Documents/git/arduino/arduino-testlib/cli-datadir/user/libraries/TeensyStep/src/Stepper.h:54:99: note: in expansion of macro &#39;abs&#39;
         static bool cmpVmin(const Stepper* a, const Stepper* b) { return std::abs(a-&gt;vMax) &lt; std::abs(b-&gt;vMax); }
                                                                                                   ^~~
/Users/alranel/Documents/git/arduino/arduino-testlib/cli-datadir/user/libraries/TeensyStep/src/Stepper.h: In static member function &#39;static bool TeensyStep::Stepper::cmpVmax(const TeensyStep::Stepper*, const TeensyStep::Stepper*)&#39;:
/Users/alranel/Documents/git/arduino/arduino-testlib/cli-datadir/data/packages/arduino/hardware/samd/1.8.12/cores/arduino/Arduino.h:66:16: error: expected unqualified-id before &#39;(&#39; token
 #define abs(x) ((x)&gt;0?(x):-(x))
                ^
/Users/alranel/Documents/git/arduino/arduino-testlib/cli-datadir/user/libraries/TeensyStep/src/Stepper.h:55:79: note: in expansion of macro &#39;abs&#39;
         static bool cmpVmax(const Stepper* a, const Stepper* b) { return std::abs(a-&gt;vMax) &gt; std::abs(b-&gt;vMax); }
                                                                               ^~~
/Users/alranel/Documents/git/arduino/arduino-testlib/cli-datadir/data/packages/arduino/hardware/samd/1.8.12/cores/arduino/Arduino.h:66:16: error: expected unqualified-id before &#39;(&#39; token
 #define abs(x) ((x)&gt;0?(x):-(x))
                ^
/Users/alranel/Documents/git/arduino/arduino-testlib/cli-datadir/user/libraries/TeensyStep/src/Stepper.h:55:99: note: in expansion of macro &#39;abs&#39;
         static bool cmpVmax(const Stepper* a, const Stepper* b) { return std::abs(a-&gt;vMax) &gt; std::abs(b-&gt;vMax); }
                                                                                                   ^~~
/Users/alranel/Documents/git/arduino/arduino-testlib/cli-datadir/user/libraries/TeensyStep/src/RotateControlBase.h: In member function &#39;void TeensyStep::RotateControlBase&lt;a, t&gt;::doRotate(int, float)&#39;:
/Users/alranel/Documents/git/arduino/arduino-testlib/cli-datadir/data/packages/arduino/hardware/samd/1.8.12/cores/arduino/Arduino.h:66:16: error: expected unqualified-id before &#39;(&#39; token
 #define abs(x) ((x)&gt;0?(x):-(x))
                ^
/Users/alranel/Documents/git/arduino/arduino-testlib/cli-datadir/user/libraries/TeensyStep/src/RotateControlBase.h:69:35: note: in expansion of macro &#39;abs&#39;
         this-&gt;leadMotor-&gt;A = std::abs(this-&gt;leadMotor-&gt;vMax);
                                   ^~~
/Users/alranel/Documents/git/arduino/arduino-testlib/cli-datadir/data/packages/arduino/hardware/samd/1.8.12/cores/arduino/Arduino.h:66:16: error: expected unqualified-id before &#39;(&#39; token
 #define abs(x) ((x)&gt;0?(x):-(x))
                ^
/Users/alranel/Documents/git/arduino/arduino-testlib/cli-datadir/user/libraries/TeensyStep/src/RotateControlBase.h:72:42: note: in expansion of macro &#39;abs&#39;
             this-&gt;motorList[i]-&gt;A = std::abs(this-&gt;motorList[i]-&gt;vMax);
                                          ^~~
/Users/alranel/Documents/git/arduino/arduino-testlib/cli-datadir/user/libraries/TeensyStep/src/RotateControlBase.h: In member function &#39;void TeensyStep::RotateControlBase&lt;a, t&gt;::accTimerISR()&#39;:
/Users/alranel/Documents/git/arduino/arduino-testlib/cli-datadir/data/packages/arduino/hardware/samd/1.8.12/cores/arduino/Arduino.h:66:16: error: expected unqualified-id before &#39;(&#39; token
 #define abs(x) ((x)&gt;0?(x):-(x))
                ^
/Users/alranel/Documents/git/arduino/arduino-testlib/cli-datadir/user/libraries/TeensyStep/src/RotateControlBase.h:115:48: note: in expansion of macro &#39;abs&#39;
         this-&gt;timerField.setStepFrequency(std::abs(newSpeed)); // speed changed, update timer
                                                ^~~
/Users/alranel/Documents/git/arduino/arduino-testlib/cli-datadir/user/libraries/TeensyStep/src/StepControlBase.h: In member function &#39;void TeensyStep::StepControlBase&lt;a, t&gt;::doMove(int, float)&#39;:
/Users/alranel/Documents/git/arduino/arduino-testlib/cli-datadir/data/packages/arduino/hardware/samd/1.8.12/cores/arduino/Arduino.h:66:16: error: expected unqualified-id before &#39;(&#39; token
 #define abs(x) ((x)&gt;0?(x):-(x))
                ^
/Users/alranel/Documents/git/arduino/arduino-testlib/cli-datadir/user/libraries/TeensyStep/src/StepControlBase.h:99:37: note: in expansion of macro &#39;abs&#39;
         uint32_t targetSpeed = std::abs((*std::min_element(this-&gt;motorList, this-&gt;motorList &#43; N, Stepper::cmpVmin))-&gt;vMax) * speedOverride; // use the lowest max frequency for the move, scale by relSpeed
                                     ^~~
/Users/alranel/Documents/git/arduino/arduino-testlib/cli-datadir/data/packages/arduino/hardware/samd/1.8.12/cores/arduino/Arduino.h:66:16: error: expected unqualified-id before &#39;(&#39; token
 #define abs(x) ((x)&gt;0?(x):-(x))
                ^
/Users/alranel/Documents/git/arduino/arduino-testlib/cli-datadir/user/libraries/TeensyStep/src/StepControlBase.h:105:32: note: in expansion of macro &#39;abs&#39;
         float leadSpeed = std::abs(this-&gt;leadMotor-&gt;vMax);
                                ^~~
/Users/alranel/Documents/git/arduino/arduino-testlib/cli-datadir/data/packages/arduino/hardware/samd/1.8.12/cores/arduino/Arduino.h:66:16: error: expected unqualified-id before &#39;(&#39; token
 #define abs(x) ((x)&gt;0?(x):-(x))
                ^
/Users/alranel/Documents/git/arduino/arduino-testlib/cli-datadir/user/libraries/TeensyStep/src/StepControlBase.h:108:98: note: in expansion of macro &#39;abs&#39;
             float relDist = this-&gt;motorList[i]-&gt;A / (float)this-&gt;leadMotor-&gt;A * leadSpeed / std::abs(this-&gt;motorList[i]-&gt;vMax);
                                                                                                  ^~~
/Users/alranel/Documents/git/arduino/arduino-testlib/cli-datadir/user/libraries/TeensyStep/src/accelerators/LinStepAccelerator.h: In member function &#39;int32_t LinStepAccelerator::prepareMovement(int32_t, int32_t, uint32_t, uint32_t, uint32_t, uint32_t)&#39;:
/Users/alranel/Documents/git/arduino/arduino-testlib/cli-datadir/data/packages/arduino/hardware/samd/1.8.12/cores/arduino/Arduino.h:66:16: error: expected unqualified-id before &#39;(&#39; token
 #define abs(x) ((x)&gt;0?(x):-(x))
                ^
/Users/alranel/Documents/git/arduino/arduino-testlib/cli-datadir/user/libraries/TeensyStep/src/accelerators/LinStepAccelerator.h:38:16: note: in expansion of macro &#39;abs&#39;
     ds  = std::abs(targetPos - currentPos);
                ^~~
In file included from /Users/alranel/Documents/git/arduino/arduino-testlib/cli-datadir/user/libraries/TeensyStep/src/TeensyStep.h:7:0,
                 from /private/tmp/arduino-testlib3297248559/test/test.ino:1:
/Users/alranel/Documents/git/arduino/arduino-testlib/cli-datadir/user/libraries/TeensyStep/src/accelerators/LinStepAccelerator.h:71:13: error: &#39;digitalToggle&#39; was not declared in this scope
             digitalToggle(LED_BUILTIN);
             ^~~~~~~~~~~~~
/Users/alranel/Documents/git/arduino/arduino-testlib/cli-datadir/user/libraries/TeensyStep/src/accelerators/LinStepAccelerator.h:71:13: note: suggested alternative: &#39;digitalWrite&#39;
             digitalToggle(LED_BUILTIN);
             ^~~~~~~~~~~~~
             digitalWrite
In file included from /private/var/folders/47/_57rjy4111jc7dfpgjmcc93w0000gp/T/arduino-sketch-A5060FCCBDA250568A3E70F6217D7A3D/sketch/test.ino.cpp:1:0:
/Users/alranel/Documents/git/arduino/arduino-testlib/cli-datadir/user/libraries/TeensyStep/src/accelerators/LinStepAccelerator.h: In member function &#39;int32_t LinStepAccelerator::updateSpeed(int32_t)&#39;:
/Users/alranel/Documents/git/arduino/arduino-testlib/cli-datadir/data/packages/arduino/hardware/samd/1.8.12/cores/arduino/Arduino.h:66:16: error: expected unqualified-id before &#39;(&#39; token
 #define abs(x) ((x)&gt;0?(x):-(x))
                ^
/Users/alranel/Documents/git/arduino/arduino-testlib/cli-datadir/user/libraries/TeensyStep/src/accelerators/LinStepAccelerator.h:81:22: note: in expansion of macro &#39;abs&#39;
     int32_t s = std::abs(s_0 - curPos);
                      ^~~
/Users/alranel/Documents/git/arduino/arduino-testlib/cli-datadir/user/libraries/TeensyStep/src/accelerators/LinStepAccelerator.h: In member function &#39;uint32_t LinStepAccelerator::initiateStopping(int32_t)&#39;:
/Users/alranel/Documents/git/arduino/arduino-testlib/cli-datadir/data/packages/arduino/hardware/samd/1.8.12/cores/arduino/Arduino.h:66:16: error: expected unqualified-id before &#39;(&#39; token
 #define abs(x) ((x)&gt;0?(x):-(x))
                ^
/Users/alranel/Documents/git/arduino/arduino-testlib/cli-datadir/user/libraries/TeensyStep/src/accelerators/LinStepAccelerator.h:111:30: note: in expansion of macro &#39;abs&#39;
     int32_t stepsDone = std::abs(s_0 - curPos);
                              ^~~
In file included from /Users/alranel/Documents/git/arduino/arduino-testlib/cli-datadir/user/libraries/TeensyStep/src/timer/ge</pre>

					
					<h4>examples/Applications</h4>
					<p>
						Result: <b>FAIL</b>
					</p>
					<pre class="pre-scrollable"></pre>
					
					<h4>examples/HelloStepper</h4>
					<p>
						Result: <b>FAIL</b>
					</p>
					<pre class="pre-scrollable">In file included from /private/var/folders/47/_57rjy4111jc7dfpgjmcc93w0000gp/T/arduino-sketch-F1323ECB9AD1BC155AE91F0CF2BD5FB9/sketch/HelloStepper.ino.cpp:1:0:
/Users/alranel/Documents/git/arduino/arduino-testlib/cli-datadir/user/libraries/TeensyStep/src/Stepper.h: In static member function &#39;static bool TeensyStep::Stepper::cmpVmin(const TeensyStep::Stepper*, const TeensyStep::Stepper*)&#39;:
/Users/alranel/Documents/git/arduino/arduino-testlib/cli-datadir/data/packages/arduino/hardware/samd/1.8.12/cores/arduino/Arduino.h:66:16: error: expected unqualified-id before &#39;(&#39; token
 #define abs(x) ((x)&gt;0?(x):-(x))
                ^
/Users/alranel/Documents/git/arduino/arduino-testlib/cli-datadir/user/libraries/TeensyStep/src/Stepper.h:54:79: note: in expansion of macro &#39;abs&#39;
         static bool cmpVmin(const Stepper* a, const Stepper* b) { return std::abs(a-&gt;vMax) &lt; std::abs(b-&gt;vMax); }
                                                                               ^~~
/Users/alranel/Documents/git/arduino/arduino-testlib/cli-datadir/data/packages/arduino/hardware/samd/1.8.12/cores/arduino/Arduino.h:66:16: error: expected unqualified-id before &#39;(&#39; token
 #define abs(x) ((x)&gt;0?(x):-(x))
                ^
/Users/alranel/Documents/git/arduino/arduino-testlib/cli-datadir/user/libraries/TeensyStep/src/Stepper.h:54:99: note: in expansion of macro &#39;abs&#39;
         static bool cmpVmin(const Stepper* a, const Stepper* b) { return std::abs(a-&gt;vMax) &lt; std::abs(b-&gt;vMax); }
                                                                                                   ^~~
/Users/alranel/Documents/git/arduino/arduino-testlib/cli-datadir/user/libraries/TeensyStep/src/Stepper.h: In static member function &#39;static bool TeensyStep::Stepper::cmpVmax(const TeensyStep::Stepper*, const TeensyStep::Stepper*)&#39;:
/Users/alranel/Documents/git/arduino/arduino-testlib/cli-datadir/data/packages/arduino/hardware/samd/1.8.12/cores/arduino/Arduino.h:66:16: error: expected unqualified-id before &#39;(&#39; token
 #define abs(x) ((x)&gt;0?(x):-(x))
                ^
/Users/alranel/Documents/git/arduino/arduino-testlib/cli-datadir/user/libraries/TeensyStep/src/Stepper.h:55:79: note: in expansion of macro &#39;abs&#39;
         static bool cmpVmax(const Stepper* a, const Stepper* b) { return std::abs(a-&gt;vMax) &gt; std::abs(b-&gt;vMax); }
                                                                               ^~~
/Users/alranel/Documents/git/arduino/arduino-testlib/cli-datadir/data/packages/arduino/hardware/samd/1.8.12/cores/arduino/Arduino.h:66:16: error: expected unqualified-id before &#39;(&#39; token
 #define abs(x) ((x)&gt;0?(x):-(x))
                ^
/Users/alranel/Documents/git/arduino/arduino-testlib/cli-datadir/user/libraries/TeensyStep/src/Stepper.h:55:99: note: in expansion of macro &#39;abs&#39;
         static bool cmpVmax(const Stepper* a, const Stepper* b) { return std::abs(a-&gt;vMax) &gt; std::abs(b-&gt;vMax); }
                                                                                                   ^~~
/Users/alranel/Documents/git/arduino/arduino-testlib/cli-datadir/user/libraries/TeensyStep/src/RotateControlBase.h: In member function &#39;void TeensyStep::RotateControlBase&lt;a, t&gt;::doRotate(int, float)&#39;:
/Users/alranel/Documents/git/arduino/arduino-testlib/cli-datadir/data/packages/arduino/hardware/samd/1.8.12/cores/arduino/Arduino.h:66:16: error: expected unqualified-id before &#39;(&#39; token
 #define abs(x) ((x)&gt;0?(x):-(x))
                ^
/Users/alranel/Documents/git/arduino/arduino-testlib/cli-datadir/user/libraries/TeensyStep/src/RotateControlBase.h:69:35: note: in expansion of macro &#39;abs&#39;
         this-&gt;leadMotor-&gt;A = std::abs(this-&gt;leadMotor-&gt;vMax);
                                   ^~~
/Users/alranel/Documents/git/arduino/arduino-testlib/cli-datadir/data/packages/arduino/hardware/samd/1.8.12/cores/arduino/Arduino.h:66:16: error: expected unqualified-id before &#39;(&#39; token
 #define abs(x) ((x)&gt;0?(x):-(x))
                ^
/Users/alranel/Documents/git/arduino/arduino-testlib/cli-datadir/user/libraries/TeensyStep/src/RotateControlBase.h:72:42: note: in expansion of macro &#39;abs&#39;
             this-&gt;motorList[i]-&gt;A = std::abs(this-&gt;motorList[i]-&gt;vMax);
                                          ^~~
/Users/alranel/Documents/git/arduino/arduino-testlib/cli-datadir/user/libraries/TeensyStep/src/RotateControlBase.h: In member function &#39;void TeensyStep::RotateControlBase&lt;a, t&gt;::accTimerISR()&#39;:
/Users/alranel/Documents/git/arduino/arduino-testlib/cli-datadir/data/packages/arduino/hardware/samd/1.8.12/cores/arduino/Arduino.h:66:16: error: expected unqualified-id before &#39;(&#39; token
 #define abs(x) ((x)&gt;0?(x):-(x))
                ^
/Users/alranel/Documents/git/arduino/arduino-testlib/cli-datadir/user/libraries/TeensyStep/src/RotateControlBase.h:115:48: note: in expansion of macro &#39;abs&#39;
         this-&gt;timerField.setStepFrequency(std::abs(newSpeed)); // speed changed, update timer
                                                ^~~
/Users/alranel/Documents/git/arduino/arduino-testlib/cli-datadir/user/libraries/TeensyStep/src/StepControlBase.h: In member function &#39;void TeensyStep::StepControlBase&lt;a, t&gt;::doMove(int, float)&#39;:
/Users/alranel/Documents/git/arduino/arduino-testlib/cli-datadir/data/packages/arduino/hardware/samd/1.8.12/cores/arduino/Arduino.h:66:16: error: expected unqualified-id before &#39;(&#39; token
 #define abs(x) ((x)&gt;0?(x):-(x))
                ^
/Users/alranel/Documents/git/arduino/arduino-testlib/cli-datadir/user/libraries/TeensyStep/src/StepControlBase.h:99:37: note: in expansion of macro &#39;abs&#39;
         uint32_t targetSpeed = std::abs((*std::min_element(this-&gt;motorList, this-&gt;motorList &#43; N, Stepper::cmpVmin))-&gt;vMax) * speedOverride; // use the lowest max frequency for the move, scale by relSpeed
                                     ^~~
/Users/alranel/Documents/git/arduino/arduino-testlib/cli-datadir/data/packages/arduino/hardware/samd/1.8.12/cores/arduino/Arduino.h:66:16: error: expected unqualified-id before &#39;(&#39; token
 #define abs(x) ((x)&gt;0?(x):-(x))
                ^
/Users/alranel/Documents/git/arduino/arduino-testlib/cli-datadir/user/libraries/TeensyStep/src/StepControlBase.h:105:32: note: in expansion of macro &#39;abs&#39;
         float leadSpeed = std::abs(this-&gt;leadMotor-&gt;vMax);
                                ^~~
/Users/alranel/Documents/git/arduino/arduino-testlib/cli-datadir/data/packages/arduino/hardware/samd/1.8.12/cores/arduino/Arduino.h:66:16: error: expected unqualified-id before &#39;(&#39; token
 #define abs(x) ((x)&gt;0?(x):-(x))
                ^
/Users/alranel/Documents/git/arduino/arduino-testlib/cli-datadir/user/libraries/TeensyStep/src/StepControlBase.h:108:98: note: in expansion of macro &#39;abs&#39;
             float relDist = this-&gt;motorList[i]-&gt;A / (float)this-&gt;leadMotor-&gt;A * leadSpeed / std::abs(this-&gt;motorList[i]-&gt;vMax);
                                                                                                  ^~~
/Users/alranel/Documents/git/arduino/arduino-testlib/cli-datadir/user/libraries/TeensyStep/src/accelerators/LinStepAccelerator.h: In member function &#39;int32_t LinStepAccelerator::prepareMovement(int32_t, int32_t, uint32_t, uint32_t, uint32_t, uint32_t)&#39;:
/Users/alranel/Documents/git/arduino/arduino-testlib/cli-datadir/data/packages/arduino/hardware/samd/1.8.12/cores/arduino/Arduino.h:66:16: error: expected unqualified-id before &#39;(&#39; token
 #define abs(x) ((x)&gt;0?(x):-(x))
                ^
/Users/alranel/Documents/git/arduino/arduino-testlib/cli-datadir/user/libraries/TeensyStep/src/accelerators/LinStepAccelerator.h:38:16: note: in expansion of macro &#39;abs&#39;
     ds  = std::abs(targetPos - currentPos);
                ^~~
In file included from /Users/alranel/Documents/git/arduino/arduino-testlib/cli-datadir/user/libraries/TeensyStep/src/TeensyStep.h:7:0,
                 from /Users/alranel/Documents/git/arduino/arduino-testlib/cli-datadir/user/libraries/TeensyStep/examples/HelloStepper/HelloStepper.ino:19:
/Users/alranel/Documents/git/arduino/arduino-testlib/cli-datadir/user/libraries/TeensyStep/src/accelerators/LinStepAccelerator.h:71:13: error: &#39;digitalToggle&#39; was not declared in this scope
             digitalToggle(LED_BUILTIN);
             ^~~~~~~~~~~~~
/Users/alranel/Documents/git/arduino/arduino-testlib/cli-datadir/user/libraries/TeensyStep/src/accelerators/LinStepAccelerator.h:71:13: note: suggested alternative: &#39;digitalWrite&#39;
             digitalToggle(LED_BUILTIN);
             ^~~~~~~~~~~~~
             digitalWrite
In file included from /private/var/folders/47/_57rjy4111jc7dfpgjmcc93w0000gp/T/arduino-sketch-F1323ECB9AD1BC155AE91F0CF2BD5FB9/sketch/HelloStepper.ino.cpp:1:0:
/Users/alranel/Documents/git/arduino/arduino-testlib/cli-datadir/user/libraries/TeensyStep/src/accelerators/LinStepAccelerator.h: In member function &#39;int32_t LinStepAccelerator::updateSpeed(int32_t)&#39;:
/Users/alranel/Documents/git/arduino/arduino-testlib/cli-datadir/data/packages/arduino/hardware/samd/1.8.12/cores/arduino/Arduino.h:66:16: error: expected unqualified-id before &#39;(&#39; token
 #define abs(x) ((x)&gt;0?(x):-(x))
                ^
/Users/alranel/Documents/git/arduino/arduino-testlib/cli-datadir/user/libraries/TeensyStep/src/accelerators/LinStepAccelerator.h:81:22: note: in expansion of macro &#39;abs&#39;
     int32_t s = std::abs(s_0 - curPos);
                      ^~~
/Users/alranel/Documents/git/arduino/arduino-testlib/cli-datadir/user/libraries/TeensyStep/src/accelerators/LinStepAccelerator.h: In member function &#39;uint32_t LinStepAccelerator::initiateStopping(int32_t)&#39;:
/Users/alranel/Documents/git/arduino/arduino-testlib/cli-datadir/data/packages/arduino/hardware/samd/1.8.12/cores/arduino/Arduino.h:66:16: error: expected unqualified-id before &#39;(&#39; token
 #define abs(x) ((x)&gt;0?(x):-(x))
                ^
/Users/alranel/Documents/git/arduino/arduino-testlib/cli-datadir/user/libraries/TeensyStep/src/accelerators/LinStepAccelerator.h:111:30: note: in expansion of macro &#39;abs&#39;
     int32_t stepsDone = std::abs(s_0 - curPos);
                              ^~~
In file included from /Users/al</pre>
					
					<h4>examples/Interfacing</h4>
					<p>
						Result: <b>FAIL</b>
					</p>
					<pre class="pre-scrollable">In file included from /private/var/folders/47/_57rjy4111jc7dfpgjmcc93w0000gp/T/arduino-sketch-278827397A52FA905543476874BE1894/sketch/Interfacing.ino.cpp:1:0:
/Users/alranel/Documents/git/arduino/arduino-testlib/cli-datadir/user/libraries/TeensyStep/src/Stepper.h: In static member function &#39;static bool TeensyStep::Stepper::cmpVmin(const TeensyStep::Stepper*, const TeensyStep::Stepper*)&#39;:
/Users/alranel/Documents/git/arduino/arduino-testlib/cli-datadir/data/packages/arduino/hardware/samd/1.8.12/cores/arduino/Arduino.h:66:16: error: expected unqualified-id before &#39;(&#39; token
 #define abs(x) ((x)&gt;0?(x):-(x))
                ^
/Users/alranel/Documents/git/arduino/arduino-testlib/cli-datadir/user/libraries/TeensyStep/src/Stepper.h:54:79: note: in expansion of macro &#39;abs&#39;
         static bool cmpVmin(const Stepper* a, const Stepper* b) { return std::abs(a-&gt;vMax) &lt; std::abs(b-&gt;vMax); }
                                                                               ^~~
/Users/alranel/Documents/git/arduino/arduino-testlib/cli-datadir/data/packages/arduino/hardware/samd/1.8.12/cores/arduino/Arduino.h:66:16: error: expected unqualified-id before &#39;(&#39; token
 #define abs(x) ((x)&gt;0?(x):-(x))
                ^
/Users/alranel/Documents/git/arduino/arduino-testlib/cli-datadir/user/libraries/TeensyStep/src/Stepper.h:54:99: note: in expansion of macro &#39;abs&#39;
         static bool cmpVmin(const Stepper* a, const Stepper* b) { return std::abs(a-&gt;vMax) &lt; std::abs(b-&gt;vMax); }
                                                                                                   ^~~
/Users/alranel/Documents/git/arduino/arduino-testlib/cli-datadir/user/libraries/TeensyStep/src/Stepper.h: In static member function &#39;static bool TeensyStep::Stepper::cmpVmax(const TeensyStep::Stepper*, const TeensyStep::Stepper*)&#39;:
/Users/alranel/Documents/git/arduino/arduino-testlib/cli-datadir/data/packages/arduino/hardware/samd/1.8.12/cores/arduino/Arduino.h:66:16: error: expected unqualified-id before &#39;(&#39; token
 #define abs(x) ((x)&gt;0?(x):-(x))
                ^
/Users/alranel/Documents/git/arduino/arduino-testlib/cli-datadir/user/libraries/TeensyStep/src/Stepper.h:55:79: note: in expansion of macro &#39;abs&#39;
         static bool cmpVmax(const Stepper* a, const Stepper* b) { return std::abs(a-&gt;vMax) &gt; std::abs(b-&gt;vMax); }
                                                                               ^~~
/Users/alranel/Documents/git/arduino/arduino-testlib/cli-datadir/data/packages/arduino/hardware/samd/1.8.12/cores/arduino/Arduino.h:66:16: error: expected unqualified-id before &#39;(&#39; token
 #define abs(x) ((x)&gt;0?(x):-(x))
                ^
/Users/alranel/Documents/git/arduino/arduino-testlib/cli-datadir/user/libraries/TeensyStep/src/Stepper.h:55:99: note: in expansion of macro &#39;abs&#39;
         static bool cmpVmax(const Stepper* a, const Stepper* b) { return std::abs(a-&gt;vMax) &gt; std::abs(b-&gt;vMax); }
                                                                                                   ^~~
/Users/alranel/Documents/git/arduino/arduino-testlib/cli-datadir/user/libraries/TeensyStep/src/RotateControlBase.h: In member function &#39;void TeensyStep::RotateControlBase&lt;a, t&gt;::doRotate(int, float)&#39;:
/Users/alranel/Documents/git/arduino/arduino-testlib/cli-datadir/data/packages/arduino/hardware/samd/1.8.12/cores/arduino/Arduino.h:66:16: error: expected unqualified-id before &#39;(&#39; token
 #define abs(x) ((x)&gt;0?(x):-(x))
                ^
/Users/alranel/Documents/git/arduino/arduino-testlib/cli-datadir/user/libraries/TeensyStep/src/RotateControlBase.h:69:35: note: in expansion of macro &#39;abs&#39;
         this-&gt;leadMotor-&gt;A = std::abs(this-&gt;leadMotor-&gt;vMax);
                                   ^~~
/Users/alranel/Documents/git/arduino/arduino-testlib/cli-datadir/data/packages/arduino/hardware/samd/1.8.12/cores/arduino/Arduino.h:66:16: error: expected unqualified-id before &#39;(&#39; token
 #define abs(x) ((x)&gt;0?(x):-(x))
                ^
/Users/alranel/Documents/git/arduino/arduino-testlib/cli-datadir/user/libraries/TeensyStep/src/RotateControlBase.h:72:42: note: in expansion of macro &#39;abs&#39;
             this-&gt;motorList[i]-&gt;A = std::abs(this-&gt;motorList[i]-&gt;vMax);
                                          ^~~
/Users/alranel/Documents/git/arduino/arduino-testlib/cli-datadir/user/libraries/TeensyStep/src/RotateControlBase.h: In member function &#39;void TeensyStep::RotateControlBase&lt;a, t&gt;::accTimerISR()&#39;:
/Users/alranel/Documents/git/arduino/arduino-testlib/cli-datadir/data/packages/arduino/hardware/samd/1.8.12/cores/arduino/Arduino.h:66:16: error: expected unqualified-id before &#39;(&#39; token
 #define abs(x) ((x)&gt;0?(x):-(x))
                ^
/Users/alranel/Documents/git/arduino/arduino-testlib/cli-datadir/user/libraries/TeensyStep/src/RotateControlBase.h:115:48: note: in expansion of macro &#39;abs&#39;
         this-&gt;timerField.setStepFrequency(std::abs(newSpeed)); // speed changed, update timer
                                                ^~~
/Users/alranel/Documents/git/arduino/arduino-testlib/cli-datadir/user/libraries/TeensyStep/src/StepControlBase.h: In member function &#39;void TeensyStep::StepControlBase&lt;a, t&gt;::doMove(int, float)&#39;:
/Users/alranel/Documents/git/arduino/arduino-testlib/cli-datadir/data/packages/arduino/hardware/samd/1.8.12/cores/arduino/Arduino.h:66:16: error: expected unqualified-id before &#39;(&#39; token
 #define abs(x) ((x)&gt;0?(x):-(x))
                ^
/Users/alranel/Documents/git/arduino/arduino-testlib/cli-datadir/user/libraries/TeensyStep/src/StepControlBase.h:99:37: note: in expansion of macro &#39;abs&#39;
         uint32_t targetSpeed = std::abs((*std::min_element(this-&gt;motorList, this-&gt;motorList &#43; N, Stepper::cmpVmin))-&gt;vMax) * speedOverride; // use the lowest max frequency for the move, scale by relSpeed
                                     ^~~
/Users/alranel/Documents/git/arduino/arduino-testlib/cli-datadir/data/packages/arduino/hardware/samd/1.8.12/cores/arduino/Arduino.h:66:16: error: expected unqualified-id before &#39;(&#39; token
 #define abs(x) ((x)&gt;0?(x):-(x))
                ^
/Users/alranel/Documents/git/arduino/arduino-testlib/cli-datadir/user/libraries/TeensyStep/src/StepControlBase.h:105:32: note: in expansion of macro &#39;abs&#39;
         float leadSpeed = std::abs(this-&gt;leadMotor-&gt;vMax);
                                ^~~
/Users/alranel/Documents/git/arduino/arduino-testlib/cli-datadir/data/packages/arduino/hardware/samd/1.8.12/cores/arduino/Arduino.h:66:16: error: expected unqualified-id before &#39;(&#39; token
 #define abs(x) ((x)&gt;0?(x):-(x))
                ^
/Users/alranel/Documents/git/arduino/arduino-testlib/cli-datadir/user/libraries/TeensyStep/src/StepControlBase.h:108:98: note: in expansion of macro &#39;abs&#39;
             float relDist = this-&gt;motorList[i]-&gt;A / (float)this-&gt;leadMotor-&gt;A * leadSpeed / std::abs(this-&gt;motorList[i]-&gt;vMax);
                                                                                                  ^~~
/Users/alranel/Documents/git/arduino/arduino-testlib/cli-datadir/user/libraries/TeensyStep/src/accelerators/LinStepAccelerator.h: In member function &#39;int32_t LinStepAccelerator::prepareMovement(int32_t, int32_t, uint32_t, uint32_t, uint32_t, uint32_t)&#39;:
/Users/alranel/Documents/git/arduino/arduino-testlib/cli-datadir/data/packages/arduino/hardware/samd/1.8.12/cores/arduino/Arduino.h:66:16: error: expected unqualified-id before &#39;(&#39; token
 #define abs(x) ((x)&gt;0?(x):-(x))
                ^
/Users/alranel/Documents/git/arduino/arduino-testlib/cli-datadir/user/libraries/TeensyStep/src/accelerators/LinStepAccelerator.h:38:16: note: in expansion of macro &#39;abs&#39;
     ds  = std::abs(targetPos - currentPos);
                ^~~
In file included from /Users/alranel/Documents/git/arduino/arduino-testlib/cli-datadir/user/libraries/TeensyStep/src/TeensyStep.h:7:0,
                 from /Users/alranel/Documents/git/arduino/arduino-testlib/cli-datadir/user/libraries/TeensyStep/examples/Interfacing/Interfacing.ino:15:
/Users/alranel/Documents/git/arduino/arduino-testlib/cli-datadir/user/libraries/TeensyStep/src/accelerators/LinStepAccelerator.h:71:13: error: &#39;digitalToggle&#39; was not declared in this scope
             digitalToggle(LED_BUILTIN);
             ^~~~~~~~~~~~~
/Users/alranel/Documents/git/arduino/arduino-testlib/cli-datadir/user/libraries/TeensyStep/src/accelerators/LinStepAccelerator.h:71:13: note: suggested alternative: &#39;digitalWrite&#39;
             digitalToggle(LED_BUILTIN);
             ^~~~~~~~~~~~~
             digitalWrite
In file included from /private/var/folders/47/_57rjy4111jc7dfpgjmcc93w0000gp/T/arduino-sketch-278827397A52FA905543476874BE1894/sketch/Interfacing.ino.cpp:1:0:
/Users/alranel/Documents/git/arduino/arduino-testlib/cli-datadir/user/libraries/TeensyStep/src/accelerators/LinStepAccelerator.h: In member function &#39;int32_t LinStepAccelerator::updateSpeed(int32_t)&#39;:
/Users/alranel/Documents/git/arduino/arduino-testlib/cli-datadir/data/packages/arduino/hardware/samd/1.8.12/cores/arduino/Arduino.h:66:16: error: expected unqualified-id before &#39;(&#39; token
 #define abs(x) ((x)&gt;0?(x):-(x))
                ^
/Users/alranel/Documents/git/arduino/arduino-testlib/cli-datadir/user/libraries/TeensyStep/src/accelerators/LinStepAccelerator.h:81:22: note: in expansion of macro &#39;abs&#39;
     int32_t s = std::abs(s_0 - curPos);
                      ^~~
/Users/alranel/Documents/git/arduino/arduino-testlib/cli-datadir/user/libraries/TeensyStep/src/accelerators/LinStepAccelerator.h: In member function &#39;uint32_t LinStepAccelerator::initiateStopping(int32_t)&#39;:
/Users/alranel/Documents/git/arduino/arduino-testlib/cli-datadir/data/packages/arduino/hardware/samd/1.8.12/cores/arduino/Arduino.h:66:16: error: expected unqualified-id before &#39;(&#39; token
 #define abs(x) ((x)&gt;0?(x):-(x))
                ^
/Users/alranel/Documents/git/arduino/arduino-testlib/cli-datadir/user/libraries/TeensyStep/src/accelerators/LinStepAccelerator.h:111:30: note: in expansion of macro &#39;abs&#39;
     int32_t stepsDone = std::abs(s_0 - curPos);
                              ^~~
In file included from /Users/alrane</pre>
					
					<h4>examples/MultipleSteppers</h4>
					<p>
						Result: <b>FAIL</b>
					</p>
					<pre class="pre-scrollable">In file included from /private/var/folders/47/_57rjy4111jc7dfpgjmcc93w0000gp/T/arduino-sketch-571A3487FBA0CFB7D553499ED16752B3/sketch/MultipleSteppers.ino.cpp:1:0:
/Users/alranel/Documents/git/arduino/arduino-testlib/cli-datadir/user/libraries/TeensyStep/src/Stepper.h: In static member function &#39;static bool TeensyStep::Stepper::cmpVmin(const TeensyStep::Stepper*, const TeensyStep::Stepper*)&#39;:
/Users/alranel/Documents/git/arduino/arduino-testlib/cli-datadir/data/packages/arduino/hardware/samd/1.8.12/cores/arduino/Arduino.h:66:16: error: expected unqualified-id before &#39;(&#39; token
 #define abs(x) ((x)&gt;0?(x):-(x))
                ^
/Users/alranel/Documents/git/arduino/arduino-testlib/cli-datadir/user/libraries/TeensyStep/src/Stepper.h:54:79: note: in expansion of macro &#39;abs&#39;
         static bool cmpVmin(const Stepper* a, const Stepper* b) { return std::abs(a-&gt;vMax) &lt; std::abs(b-&gt;vMax); }
                                                                               ^~~
/Users/alranel/Documents/git/arduino/arduino-testlib/cli-datadir/data/packages/arduino/hardware/samd/1.8.12/cores/arduino/Arduino.h:66:16: error: expected unqualified-id before &#39;(&#39; token
 #define abs(x) ((x)&gt;0?(x):-(x))
                ^
/Users/alranel/Documents/git/arduino/arduino-testlib/cli-datadir/user/libraries/TeensyStep/src/Stepper.h:54:99: note: in expansion of macro &#39;abs&#39;
         static bool cmpVmin(const Stepper* a, const Stepper* b) { return std::abs(a-&gt;vMax) &lt; std::abs(b-&gt;vMax); }
                                                                                                   ^~~
/Users/alranel/Documents/git/arduino/arduino-testlib/cli-datadir/user/libraries/TeensyStep/src/Stepper.h: In static member function &#39;static bool TeensyStep::Stepper::cmpVmax(const TeensyStep::Stepper*, const TeensyStep::Stepper*)&#39;:
/Users/alranel/Documents/git/arduino/arduino-testlib/cli-datadir/data/packages/arduino/hardware/samd/1.8.12/cores/arduino/Arduino.h:66:16: error: expected unqualified-id before &#39;(&#39; token
 #define abs(x) ((x)&gt;0?(x):-(x))
                ^
/Users/alranel/Documents/git/arduino/arduino-testlib/cli-datadir/user/libraries/TeensyStep/src/Stepper.h:55:79: note: in expansion of macro &#39;abs&#39;
         static bool cmpVmax(const Stepper* a, const Stepper* b) { return std::abs(a-&gt;vMax) &gt; std::abs(b-&gt;vMax); }
                                                                               ^~~
/Users/alranel/Documents/git/arduino/arduino-testlib/cli-datadir/data/packages/arduino/hardware/samd/1.8.12/cores/arduino/Arduino.h:66:16: error: expected unqualified-id before &#39;(&#39; token
 #define abs(x) ((x)&gt;0?(x):-(x))
                ^
/Users/alranel/Documents/git/arduino/arduino-testlib/cli-datadir/user/libraries/TeensyStep/src/Stepper.h:55:99: note: in expansion of macro &#39;abs&#39;
         static bool cmpVmax(const Stepper* a, const Stepper* b) { return std::abs(a-&gt;vMax) &gt; std::abs(b-&gt;vMax); }
                                                                                                   ^~~
/Users/alranel/Documents/git/arduino/arduino-testlib/cli-datadir/user/libraries/TeensyStep/src/RotateControlBase.h: In member function &#39;void TeensyStep::RotateControlBase&lt;a, t&gt;::doRotate(int, float)&#39;:
/Users/alranel/Documents/git/arduino/arduino-testlib/cli-datadir/data/packages/arduino/hardware/samd/1.8.12/cores/arduino/Arduino.h:66:16: error: expected unqualified-id before &#39;(&#39; token
 #define abs(x) ((x)&gt;0?(x):-(x))
                ^
/Users/alranel/Documents/git/arduino/arduino-testlib/cli-datadir/user/libraries/TeensyStep/src/RotateControlBase.h:69:35: note: in expansion of macro &#39;abs&#39;
         this-&gt;leadMotor-&gt;A = std::abs(this-&gt;leadMotor-&gt;vMax);
                                   ^~~
/Users/alranel/Documents/git/arduino/arduino-testlib/cli-datadir/data/packages/arduino/hardware/samd/1.8.12/cores/arduino/Arduino.h:66:16: error: expected unqualified-id before &#39;(&#39; token
 #define abs(x) ((x)&gt;0?(x):-(x))
                ^
/Users/alranel/Documents/git/arduino/arduino-testlib/cli-datadir/user/libraries/TeensyStep/src/RotateControlBase.h:72:42: note: in expansion of macro &#39;abs&#39;
             this-&gt;motorList[i]-&gt;A = std::abs(this-&gt;motorList[i]-&gt;vMax);
                                          ^~~
/Users/alranel/Documents/git/arduino/arduino-testlib/cli-datadir/user/libraries/TeensyStep/src/RotateControlBase.h: In member function &#39;void TeensyStep::RotateControlBase&lt;a, t&gt;::accTimerISR()&#39;:
/Users/alranel/Documents/git/arduino/arduino-testlib/cli-datadir/data/packages/arduino/hardware/samd/1.8.12/cores/arduino/Arduino.h:66:16: error: expected unqualified-id before &#39;(&#39; token
 #define abs(x) ((x)&gt;0?(x):-(x))
                ^
/Users/alranel/Documents/git/arduino/arduino-testlib/cli-datadir/user/libraries/TeensyStep/src/RotateControlBase.h:115:48: note: in expansion of macro &#39;abs&#39;
         this-&gt;timerField.setStepFrequency(std::abs(newSpeed)); // speed changed, update timer
                                                ^~~
/Users/alranel/Documents/git/arduino/arduino-testlib/cli-datadir/user/libraries/TeensyStep/src/StepControlBase.h: In member function &#39;void TeensyStep::StepControlBase&lt;a, t&gt;::doMove(int, float)&#39;:
/Users/alranel/Documents/git/arduino/arduino-testlib/cli-datadir/data/packages/arduino/hardware/samd/1.8.12/cores/arduino/Arduino.h:66:16: error: expected unqualified-id before &#39;(&#39; token
 #define abs(x) ((x)&gt;0?(x):-(x))
                ^
/Users/alranel/Documents/git/arduino/arduino-testlib/cli-datadir/user/libraries/TeensyStep/src/StepControlBase.h:99:37: note: in expansion of macro &#39;abs&#39;
         uint32_t targetSpeed = std::abs((*std::min_element(this-&gt;motorList, this-&gt;motorList &#43; N, Stepper::cmpVmin))-&gt;vMax) * speedOverride; // use the lowest max frequency for the move, scale by relSpeed
                                     ^~~
/Users/alranel/Documents/git/arduino/arduino-testlib/cli-datadir/data/packages/arduino/hardware/samd/1.8.12/cores/arduino/Arduino.h:66:16: error: expected unqualified-id before &#39;(&#39; token
 #define abs(x) ((x)&gt;0?(x):-(x))
                ^
/Users/alranel/Documents/git/arduino/arduino-testlib/cli-datadir/user/libraries/TeensyStep/src/StepControlBase.h:105:32: note: in expansion of macro &#39;abs&#39;
         float leadSpeed = std::abs(this-&gt;leadMotor-&gt;vMax);
                                ^~~
/Users/alranel/Documents/git/arduino/arduino-testlib/cli-datadir/data/packages/arduino/hardware/samd/1.8.12/cores/arduino/Arduino.h:66:16: error: expected unqualified-id before &#39;(&#39; token
 #define abs(x) ((x)&gt;0?(x):-(x))
                ^
/Users/alranel/Documents/git/arduino/arduino-testlib/cli-datadir/user/libraries/TeensyStep/src/StepControlBase.h:108:98: note: in expansion of macro &#39;abs&#39;
             float relDist = this-&gt;motorList[i]-&gt;A / (float)this-&gt;leadMotor-&gt;A * leadSpeed / std::abs(this-&gt;motorList[i]-&gt;vMax);
                                                                                                  ^~~
/Users/alranel/Documents/git/arduino/arduino-testlib/cli-datadir/user/libraries/TeensyStep/src/accelerators/LinStepAccelerator.h: In member function &#39;int32_t LinStepAccelerator::prepareMovement(int32_t, int32_t, uint32_t, uint32_t, uint32_t, uint32_t)&#39;:
/Users/alranel/Documents/git/arduino/arduino-testlib/cli-datadir/data/packages/arduino/hardware/samd/1.8.12/cores/arduino/Arduino.h:66:16: error: expected unqualified-id before &#39;(&#39; token
 #define abs(x) ((x)&gt;0?(x):-(x))
                ^
/Users/alranel/Documents/git/arduino/arduino-testlib/cli-datadir/user/libraries/TeensyStep/src/accelerators/LinStepAccelerator.h:38:16: note: in expansion of macro &#39;abs&#39;
     ds  = std::abs(targetPos - currentPos);
                ^~~
In file included from /Users/alranel/Documents/git/arduino/arduino-testlib/cli-datadir/user/libraries/TeensyStep/src/TeensyStep.h:7:0,
                 from /Users/alranel/Documents/git/arduino/arduino-testlib/cli-datadir/user/libraries/TeensyStep/examples/MultipleSteppers/MultipleSteppers.ino:16:
/Users/alranel/Documents/git/arduino/arduino-testlib/cli-datadir/user/libraries/TeensyStep/src/accelerators/LinStepAccelerator.h:71:13: error: &#39;digitalToggle&#39; was not declared in this scope
             digitalToggle(LED_BUILTIN);
             ^~~~~~~~~~~~~
/Users/alranel/Documents/git/arduino/arduino-testlib/cli-datadir/user/libraries/TeensyStep/src/accelerators/LinStepAccelerator.h:71:13: note: suggested alternative: &#39;digitalWrite&#39;
             digitalToggle(LED_BUILTIN);
             ^~~~~~~~~~~~~
             digitalWrite
In file included from /private/var/folders/47/_57rjy4111jc7dfpgjmcc93w0000gp/T/arduino-sketch-571A3487FBA0CFB7D553499ED16752B3/sketch/MultipleSteppers.ino.cpp:1:0:
/Users/alranel/Documents/git/arduino/arduino-testlib/cli-datadir/user/libraries/TeensyStep/src/accelerators/LinStepAccelerator.h: In member function &#39;int32_t LinStepAccelerator::updateSpeed(int32_t)&#39;:
/Users/alranel/Documents/git/arduino/arduino-testlib/cli-datadir/data/packages/arduino/hardware/samd/1.8.12/cores/arduino/Arduino.h:66:16: error: expected unqualified-id before &#39;(&#39; token
 #define abs(x) ((x)&gt;0?(x):-(x))
                ^
/Users/alranel/Documents/git/arduino/arduino-testlib/cli-datadir/user/libraries/TeensyStep/src/accelerators/LinStepAccelerator.h:81:22: note: in expansion of macro &#39;abs&#39;
     int32_t s = std::abs(s_0 - curPos);
                      ^~~
/Users/alranel/Documents/git/arduino/arduino-testlib/cli-datadir/user/libraries/TeensyStep/src/accelerators/LinStepAccelerator.h: In member function &#39;uint32_t LinStepAccelerator::initiateStopping(int32_t)&#39;:
/Users/alranel/Documents/git/arduino/arduino-testlib/cli-datadir/data/packages/arduino/hardware/samd/1.8.12/cores/arduino/Arduino.h:66:16: error: expected unqualified-id before &#39;(&#39; token
 #define abs(x) ((x)&gt;0?(x):-(x))
                ^
/Users/alranel/Documents/git/arduino/arduino-testlib/cli-datadir/user/libraries/TeensyStep/src/accelerators/LinStepAccelerator.h:111:30: note: in expansion of macro &#39;abs&#39;
     int32_t stepsDone = std::abs(s_0 - curPos);
                              ^~~
In file include</pre>
					
					<h4>examples/Path_Following</h4>
					<p>
						Result: <b>FAIL</b>
					</p>
					<pre class="pre-scrollable"></pre>
					
					<h4>examples/StepperArray</h4>
					<p>
						Result: <b>FAIL</b>
					</p>
					<pre class="pre-scrollable">In file included from /private/var/folders/47/_57rjy4111jc7dfpgjmcc93w0000gp/T/arduino-sketch-EDF65BA23094070004FA23EA0FEBE1BF/sketch/StepperArray.ino.cpp:1:0:
/Users/alranel/Documents/git/arduino/arduino-testlib/cli-datadir/user/libraries/TeensyStep/src/Stepper.h: In static member function &#39;static bool TeensyStep::Stepper::cmpVmin(const TeensyStep::Stepper*, const TeensyStep::Stepper*)&#39;:
/Users/alranel/Documents/git/arduino/arduino-testlib/cli-datadir/data/packages/arduino/hardware/samd/1.8.12/cores/arduino/Arduino.h:66:16: error: expected unqualified-id before &#39;(&#39; token
 #define abs(x) ((x)&gt;0?(x):-(x))
                ^
/Users/alranel/Documents/git/arduino/arduino-testlib/cli-datadir/user/libraries/TeensyStep/src/Stepper.h:54:79: note: in expansion of macro &#39;abs&#39;
         static bool cmpVmin(const Stepper* a, const Stepper* b) { return std::abs(a-&gt;vMax) &lt; std::abs(b-&gt;vMax); }
                                                                               ^~~
/Users/alranel/Documents/git/arduino/arduino-testlib/cli-datadir/data/packages/arduino/hardware/samd/1.8.12/cores/arduino/Arduino.h:66:16: error: expected unqualified-id before &#39;(&#39; token
 #define abs(x) ((x)&gt;0?(x):-(x))
                ^
/Users/alranel/Documents/git/arduino/arduino-testlib/cli-datadir/user/libraries/TeensyStep/src/Stepper.h:54:99: note: in expansion of macro &#39;abs&#39;
         static bool cmpVmin(const Stepper* a, const Stepper* b) { return std::abs(a-&gt;vMax) &lt; std::abs(b-&gt;vMax); }
                                                                                                   ^~~
/Users/alranel/Documents/git/arduino/arduino-testlib/cli-datadir/user/libraries/TeensyStep/src/Stepper.h: In static member function &#39;static bool TeensyStep::Stepper::cmpVmax(const TeensyStep::Stepper*, const TeensyStep::Stepper*)&#39;:
/Users/alranel/Documents/git/arduino/arduino-testlib/cli-datadir/data/packages/arduino/hardware/samd/1.8.12/cores/arduino/Arduino.h:66:16: error: expected unqualified-id before &#39;(&#39; token
 #define abs(x) ((x)&gt;0?(x):-(x))
                ^
/Users/alranel/Documents/git/arduino/arduino-testlib/cli-datadir/user/libraries/TeensyStep/src/Stepper.h:55:79: note: in expansion of macro &#39;abs&#39;
         static bool cmpVmax(const Stepper* a, const Stepper* b) { return std::abs(a-&gt;vMax) &gt; std::abs(b-&gt;vMax); }
                                                                               ^~~
/Users/alranel/Documents/git/arduino/arduino-testlib/cli-datadir/data/packages/arduino/hardware/samd/1.8.12/cores/arduino/Arduino.h:66:16: error: expected unqualified-id before &#39;(&#39; token
 #define abs(x) ((x)&gt;0?(x):-(x))
                ^
/Users/alranel/Documents/git/arduino/arduino-testlib/cli-datadir/user/libraries/TeensyStep/src/Stepper.h:55:99: note: in expansion of macro &#39;abs&#39;
         static bool cmpVmax(const Stepper* a, const Stepper* b) { return std::abs(a-&gt;vMax) &gt; std::abs(b-&gt;vMax); }
                                                                                                   ^~~
/Users/alranel/Documents/git/arduino/arduino-testlib/cli-datadir/user/libraries/TeensyStep/src/RotateControlBase.h: In member function &#39;void TeensyStep::RotateControlBase&lt;a, t&gt;::doRotate(int, float)&#39;:
/Users/alranel/Documents/git/arduino/arduino-testlib/cli-datadir/data/packages/arduino/hardware/samd/1.8.12/cores/arduino/Arduino.h:66:16: error: expected unqualified-id before &#39;(&#39; token
 #define abs(x) ((x)&gt;0?(x):-(x))
                ^
/Users/alranel/Documents/git/arduino/arduino-testlib/cli-datadir/user/libraries/TeensyStep/src/RotateControlBase.h:69:35: note: in expansion of macro &#39;abs&#39;
         this-&gt;leadMotor-&gt;A = std::abs(this-&gt;leadMotor-&gt;vMax);
                                   ^~~
/Users/alranel/Documents/git/arduino/arduino-testlib/cli-datadir/data/packages/arduino/hardware/samd/1.8.12/cores/arduino/Arduino.h:66:16: error: expected unqualified-id before &#39;(&#39; token
 #define abs(x) ((x)&gt;0?(x):-(x))
                ^
/Users/alranel/Documents/git/arduino/arduino-testlib/cli-datadir/user/libraries/TeensyStep/src/RotateControlBase.h:72:42: note: in expansion of macro &#39;abs&#39;
             this-&gt;motorList[i]-&gt;A = std::abs(this-&gt;motorList[i]-&gt;vMax);
                                          ^~~
/Users/alranel/Documents/git/arduino/arduino-testlib/cli-datadir/user/libraries/TeensyStep/src/RotateControlBase.h: In member function &#39;void TeensyStep::RotateControlBase&lt;a, t&gt;::accTimerISR()&#39;:
/Users/alranel/Documents/git/arduino/arduino-testlib/cli-datadir/data/packages/arduino/hardware/samd/1.8.12/cores/arduino/Arduino.h:66:16: error: expected unqualified-id before &#39;(&#39; token
 #define abs(x) ((x)&gt;0?(x):-(x))
                ^
/Users/alranel/Documents/git/arduino/arduino-testlib/cli-datadir/user/libraries/TeensyStep/src/RotateControlBase.h:115:48: note: in expansion of macro &#39;abs&#39;
         this-&gt;timerField.setStepFrequency(std::abs(newSpeed)); // speed changed, update timer
                                                ^~~
/Users/alranel/Documents/git/arduino/arduino-testlib/cli-datadir/user/libraries/TeensyStep/src/StepControlBase.h: In member function &#39;void TeensyStep::StepControlBase&lt;a, t&gt;::doMove(int, float)&#39;:
/Users/alranel/Documents/git/arduino/arduino-testlib/cli-datadir/data/packages/arduino/hardware/samd/1.8.12/cores/arduino/Arduino.h:66:16: error: expected unqualified-id before &#39;(&#39; token
 #define abs(x) ((x)&gt;0?(x):-(x))
                ^
/Users/alranel/Documents/git/arduino/arduino-testlib/cli-datadir/user/libraries/TeensyStep/src/StepControlBase.h:99:37: note: in expansion of macro &#39;abs&#39;
         uint32_t targetSpeed = std::abs((*std::min_element(this-&gt;motorList, this-&gt;motorList &#43; N, Stepper::cmpVmin))-&gt;vMax) * speedOverride; // use the lowest max frequency for the move, scale by relSpeed
                                     ^~~
/Users/alranel/Documents/git/arduino/arduino-testlib/cli-datadir/data/packages/arduino/hardware/samd/1.8.12/cores/arduino/Arduino.h:66:16: error: expected unqualified-id before &#39;(&#39; token
 #define abs(x) ((x)&gt;0?(x):-(x))
                ^
/Users/alranel/Documents/git/arduino/arduino-testlib/cli-datadir/user/libraries/TeensyStep/src/StepControlBase.h:105:32: note: in expansion of macro &#39;abs&#39;
         float leadSpeed = std::abs(this-&gt;leadMotor-&gt;vMax);
                                ^~~
/Users/alranel/Documents/git/arduino/arduino-testlib/cli-datadir/data/packages/arduino/hardware/samd/1.8.12/cores/arduino/Arduino.h:66:16: error: expected unqualified-id before &#39;(&#39; token
 #define abs(x) ((x)&gt;0?(x):-(x))
                ^
/Users/alranel/Documents/git/arduino/arduino-testlib/cli-datadir/user/libraries/TeensyStep/src/StepControlBase.h:108:98: note: in expansion of macro &#39;abs&#39;
             float relDist = this-&gt;motorList[i]-&gt;A / (float)this-&gt;leadMotor-&gt;A * leadSpeed / std::abs(this-&gt;motorList[i]-&gt;vMax);
                                                                                                  ^~~
/Users/alranel/Documents/git/arduino/arduino-testlib/cli-datadir/user/libraries/TeensyStep/src/accelerators/LinStepAccelerator.h: In member function &#39;int32_t LinStepAccelerator::prepareMovement(int32_t, int32_t, uint32_t, uint32_t, uint32_t, uint32_t)&#39;:
/Users/alranel/Documents/git/arduino/arduino-testlib/cli-datadir/data/packages/arduino/hardware/samd/1.8.12/cores/arduino/Arduino.h:66:16: error: expected unqualified-id before &#39;(&#39; token
 #define abs(x) ((x)&gt;0?(x):-(x))
                ^
/Users/alranel/Documents/git/arduino/arduino-testlib/cli-datadir/user/libraries/TeensyStep/src/accelerators/LinStepAccelerator.h:38:16: note: in expansion of macro &#39;abs&#39;
     ds  = std::abs(targetPos - currentPos);
                ^~~
In file included from /Users/alranel/Documents/git/arduino/arduino-testlib/cli-datadir/user/libraries/TeensyStep/src/TeensyStep.h:7:0,
                 from /Users/alranel/Documents/git/arduino/arduino-testlib/cli-datadir/user/libraries/TeensyStep/examples/StepperArray/StepperArray.ino:1:
/Users/alranel/Documents/git/arduino/arduino-testlib/cli-datadir/user/libraries/TeensyStep/src/accelerators/LinStepAccelerator.h:71:13: error: &#39;digitalToggle&#39; was not declared in this scope
             digitalToggle(LED_BUILTIN);
             ^~~~~~~~~~~~~
/Users/alranel/Documents/git/arduino/arduino-testlib/cli-datadir/user/libraries/TeensyStep/src/accelerators/LinStepAccelerator.h:71:13: note: suggested alternative: &#39;digitalWrite&#39;
             digitalToggle(LED_BUILTIN);
             ^~~~~~~~~~~~~
             digitalWrite
In file included from /private/var/folders/47/_57rjy4111jc7dfpgjmcc93w0000gp/T/arduino-sketch-EDF65BA23094070004FA23EA0FEBE1BF/sketch/StepperArray.ino.cpp:1:0:
/Users/alranel/Documents/git/arduino/arduino-testlib/cli-datadir/user/libraries/TeensyStep/src/accelerators/LinStepAccelerator.h: In member function &#39;int32_t LinStepAccelerator::updateSpeed(int32_t)&#39;:
/Users/alranel/Documents/git/arduino/arduino-testlib/cli-datadir/data/packages/arduino/hardware/samd/1.8.12/cores/arduino/Arduino.h:66:16: error: expected unqualified-id before &#39;(&#39; token
 #define abs(x) ((x)&gt;0?(x):-(x))
                ^
/Users/alranel/Documents/git/arduino/arduino-testlib/cli-datadir/user/libraries/TeensyStep/src/accelerators/LinStepAccelerator.h:81:22: note: in expansion of macro &#39;abs&#39;
     int32_t s = std::abs(s_0 - curPos);
                      ^~~
/Users/alranel/Documents/git/arduino/arduino-testlib/cli-datadir/user/libraries/TeensyStep/src/accelerators/LinStepAccelerator.h: In member function &#39;uint32_t LinStepAccelerator::initiateStopping(int32_t)&#39;:
/Users/alranel/Documents/git/arduino/arduino-testlib/cli-datadir/data/packages/arduino/hardware/samd/1.8.12/cores/arduino/Arduino.h:66:16: error: expected unqualified-id before &#39;(&#39; token
 #define abs(x) ((x)&gt;0?(x):-(x))
                ^
/Users/alranel/Documents/git/arduino/arduino-testlib/cli-datadir/user/libraries/TeensyStep/src/accelerators/LinStepAccelerator.h:111:30: note: in expansion of macro &#39;abs&#39;
     int32_t stepsDone = std::abs(s_0 - curPos);
                              ^~~
In file included from /Users/alr</pre>
					
				
				<h3 id="esp32:esp32:d1_mini32">esp32:esp32:d1_mini32 @ 1.0.6</h3>
				<h4>Inclusion</h4>
				<p>
					Result: <b>FAIL</b>
					
				</p>
				<pre class="pre-scrollable">In file included from /home/ec2-user/arduino-testlib/cli-datadir/user/libraries/TeensyStep/src/TeensyStep.h:7:0,
                 from /tmp/arduino-testlib2955807459/test/test.ino:1:
/home/ec2-user/arduino-testlib/cli-datadir/user/libraries/TeensyStep/src/accelerators/LinStepAccelerator.h: In member function &#39;int32_t LinStepAccelerator::prepareMovement(int32_t, int32_t, uint32_t, uint32_t, uint32_t, uint32_t)&#39;:
/home/ec2-user/arduino-testlib/cli-datadir/user/libraries/TeensyStep/src/accelerators/LinStepAccelerator.h:71:38: error: &#39;digitalToggle&#39; was not declared in this scope
             digitalToggle(LED_BUILTIN);
                                      ^
In file included from /home/ec2-user/arduino-testlib/cli-datadir/user/libraries/TeensyStep/src/timer/generic/TimerField.h:6:0,
                 from /home/ec2-user/arduino-testlib/cli-datadir/user/libraries/TeensyStep/src/TeensyStep.h:11,
                 from /tmp/arduino-testlib2955807459/test/test.ino:1:
/home/ec2-user/arduino-testlib/cli-datadir/user/libraries/TeensyStep/src/timer/generic/TickTimer.h: In static member function &#39;static uint32_t TimerBase::get_cycles()&#39;:
/home/ec2-user/arduino-testlib/cli-datadir/user/libraries/TeensyStep/src/timer/generic/TickTimer.h:28:34: error: &#39;dwt_getCycles&#39; was not declared in this scope
             return dwt_getCycles();
                                  ^
/home/ec2-user/arduino-testlib/cli-datadir/user/libraries/TeensyStep/src/timer/generic/TickTimer.h: In member function &#39;void PeriodicTimer::setPeriod(uint32_t)&#39;:
/home/ec2-user/arduino-testlib/cli-datadir/user/libraries/TeensyStep/src/timer/generic/TickTimer.h:64:29: error: expected &#39;;&#39; before &#39;\x303030&#39;
         deltaCnt = F_CPU / 1&#39;000&#39;000 * microSeconds;
                             ^
/home/ec2-user/arduino-testlib/cli-datadir/user/libraries/TeensyStep/src/timer/generic/TickTimer.h: In member function &#39;void OneShotTimer::setDelay(unsigned int)&#39;:
/home/ec2-user/arduino-testlib/cli-datadir/user/libraries/TeensyStep/src/timer/generic/TickTimer.h:80:29: error: expected &#39;;&#39; before &#39;\x303030&#39;
         deltaCnt = F_CPU / 1&#39;000&#39;000 * microSeconds;
                             ^
In file included from /tmp/arduino-testlib2955807459/test/test.ino:1:0:
/home/ec2-user/arduino-testlib/cli-datadir/user/libraries/TeensyStep/src/TeensyStep.h: At global scope:
/home/ec2-user/arduino-testlib/cli-datadir/user/libraries/TeensyStep/src/TeensyStep.h:38:72: error: &#39;TimerField&#39; was not declared in this scope
 using RotateControl = TeensyStep::RotateControlBase&lt;LinRotAccelerator, TimerField&gt;;
                                                                        ^
/home/ec2-user/arduino-testlib/cli-datadir/user/libraries/TeensyStep/src/TeensyStep.h:38:82: error: template argument 2 is invalid
 using RotateControl = TeensyStep::RotateControlBase&lt;LinRotAccelerator, TimerField&gt;;
                                                                                  ^
/home/ec2-user/arduino-testlib/cli-datadir/user/libraries/TeensyStep/src/TeensyStep.h:39:69: error: &#39;TimerField&#39; was not declared in this scope
 using StepControl = TeensyStep::StepControlBase&lt;LinStepAccelerator, TimerField&gt;;
                                                                     ^
/home/ec2-user/arduino-testlib/cli-datadir/user/libraries/TeensyStep/src/TeensyStep.h:39:79: error: template argument 2 is invalid
 using StepControl = TeensyStep::StepControlBase&lt;LinStepAccelerator, TimerField&gt;;
                                                                               ^

</pre>

					
					<h4>examples/Applications</h4>
					<p>
						Result: <b>FAIL</b>
					</p>
					<pre class="pre-scrollable"></pre>
					
					<h4>examples/HelloStepper</h4>
					<p>
						Result: <b>FAIL</b>
					</p>
					<pre class="pre-scrollable">In file included from /home/ec2-user/arduino-testlib/cli-datadir/user/libraries/TeensyStep/src/TeensyStep.h:7:0,
                 from /home/ec2-user/arduino-testlib/cli-datadir/user/libraries/TeensyStep/examples/HelloStepper/HelloStepper.ino:19:
/home/ec2-user/arduino-testlib/cli-datadir/user/libraries/TeensyStep/src/accelerators/LinStepAccelerator.h: In member function &#39;int32_t LinStepAccelerator::prepareMovement(int32_t, int32_t, uint32_t, uint32_t, uint32_t, uint32_t)&#39;:
/home/ec2-user/arduino-testlib/cli-datadir/user/libraries/TeensyStep/src/accelerators/LinStepAccelerator.h:71:38: error: &#39;digitalToggle&#39; was not declared in this scope
             digitalToggle(LED_BUILTIN);
                                      ^
In file included from /home/ec2-user/arduino-testlib/cli-datadir/user/libraries/TeensyStep/src/timer/generic/TimerField.h:6:0,
                 from /home/ec2-user/arduino-testlib/cli-datadir/user/libraries/TeensyStep/src/TeensyStep.h:11,
                 from /home/ec2-user/arduino-testlib/cli-datadir/user/libraries/TeensyStep/examples/HelloStepper/HelloStepper.ino:19:
/home/ec2-user/arduino-testlib/cli-datadir/user/libraries/TeensyStep/src/timer/generic/TickTimer.h: In static member function &#39;static uint32_t TimerBase::get_cycles()&#39;:
/home/ec2-user/arduino-testlib/cli-datadir/user/libraries/TeensyStep/src/timer/generic/TickTimer.h:28:34: error: &#39;dwt_getCycles&#39; was not declared in this scope
             return dwt_getCycles();
                                  ^
/home/ec2-user/arduino-testlib/cli-datadir/user/libraries/TeensyStep/src/timer/generic/TickTimer.h: In member function &#39;void PeriodicTimer::setPeriod(uint32_t)&#39;:
/home/ec2-user/arduino-testlib/cli-datadir/user/libraries/TeensyStep/src/timer/generic/TickTimer.h:64:29: error: expected &#39;;&#39; before &#39;\x303030&#39;
         deltaCnt = F_CPU / 1&#39;000&#39;000 * microSeconds;
                             ^
/home/ec2-user/arduino-testlib/cli-datadir/user/libraries/TeensyStep/src/timer/generic/TickTimer.h: In member function &#39;void OneShotTimer::setDelay(unsigned int)&#39;:
/home/ec2-user/arduino-testlib/cli-datadir/user/libraries/TeensyStep/src/timer/generic/TickTimer.h:80:29: error: expected &#39;;&#39; before &#39;\x303030&#39;
         deltaCnt = F_CPU / 1&#39;000&#39;000 * microSeconds;
                             ^
In file included from /home/ec2-user/arduino-testlib/cli-datadir/user/libraries/TeensyStep/examples/HelloStepper/HelloStepper.ino:19:0:
/home/ec2-user/arduino-testlib/cli-datadir/user/libraries/TeensyStep/src/TeensyStep.h: At global scope:
/home/ec2-user/arduino-testlib/cli-datadir/user/libraries/TeensyStep/src/TeensyStep.h:38:72: error: &#39;TimerField&#39; was not declared in this scope
 using RotateControl = TeensyStep::RotateControlBase&lt;LinRotAccelerator, TimerField&gt;;
                                                                        ^
/home/ec2-user/arduino-testlib/cli-datadir/user/libraries/TeensyStep/src/TeensyStep.h:38:82: error: template argument 2 is invalid
 using RotateControl = TeensyStep::RotateControlBase&lt;LinRotAccelerator, TimerField&gt;;
                                                                                  ^
/home/ec2-user/arduino-testlib/cli-datadir/user/libraries/TeensyStep/src/TeensyStep.h:39:69: error: &#39;TimerField&#39; was not declared in this scope
 using StepControl = TeensyStep::StepControlBase&lt;LinStepAccelerator, TimerField&gt;;
                                                                     ^
/home/ec2-user/arduino-testlib/cli-datadir/user/libraries/TeensyStep/src/TeensyStep.h:39:79: error: template argument 2 is invalid
 using StepControl = TeensyStep::StepControlBase&lt;LinStepAccelerator, TimerField&gt;;
                                                                               ^
/home/ec2-user/arduino-testlib/cli-datadir/user/libraries/TeensyStep/examples/HelloStepper/HelloStepper.ino:22:1: error: &#39;StepControl&#39; does not name a type
 StepControl controller;    // Use default settings 
 ^
/home/ec2-user/arduino-testlib/cli-datadir/user/libraries/TeensyStep/examples/HelloStepper/HelloStepper.ino: In function &#39;void loop()&#39;:
/home/ec2-user/arduino-testlib/cli-datadir/user/libraries/TeensyStep/examples/HelloStepper/HelloStepper.ino:31:3: error: &#39;controller&#39; was not declared in this scope
   controller.move(motor);    // Do the move
   ^

</pre>
					
					<h4>examples/Interfacing</h4>
					<p>
						Result: <b>FAIL</b>
					</p>
					<pre class="pre-scrollable">In file included from /home/ec2-user/arduino-testlib/cli-datadir/user/libraries/TeensyStep/src/TeensyStep.h:7:0,
                 from /home/ec2-user/arduino-testlib/cli-datadir/user/libraries/TeensyStep/examples/Interfacing/Interfacing.ino:15:
/home/ec2-user/arduino-testlib/cli-datadir/user/libraries/TeensyStep/src/accelerators/LinStepAccelerator.h: In member function &#39;int32_t LinStepAccelerator::prepareMovement(int32_t, int32_t, uint32_t, uint32_t, uint32_t, uint32_t)&#39;:
/home/ec2-user/arduino-testlib/cli-datadir/user/libraries/TeensyStep/src/accelerators/LinStepAccelerator.h:71:38: error: &#39;digitalToggle&#39; was not declared in this scope
             digitalToggle(LED_BUILTIN);
                                      ^
In file included from /home/ec2-user/arduino-testlib/cli-datadir/user/libraries/TeensyStep/src/timer/generic/TimerField.h:6:0,
                 from /home/ec2-user/arduino-testlib/cli-datadir/user/libraries/TeensyStep/src/TeensyStep.h:11,
                 from /home/ec2-user/arduino-testlib/cli-datadir/user/libraries/TeensyStep/examples/Interfacing/Interfacing.ino:15:
/home/ec2-user/arduino-testlib/cli-datadir/user/libraries/TeensyStep/src/timer/generic/TickTimer.h: In static member function &#39;static uint32_t TimerBase::get_cycles()&#39;:
/home/ec2-user/arduino-testlib/cli-datadir/user/libraries/TeensyStep/src/timer/generic/TickTimer.h:28:34: error: &#39;dwt_getCycles&#39; was not declared in this scope
             return dwt_getCycles();
                                  ^
/home/ec2-user/arduino-testlib/cli-datadir/user/libraries/TeensyStep/src/timer/generic/TickTimer.h: In member function &#39;void PeriodicTimer::setPeriod(uint32_t)&#39;:
/home/ec2-user/arduino-testlib/cli-datadir/user/libraries/TeensyStep/src/timer/generic/TickTimer.h:64:29: error: expected &#39;;&#39; before &#39;\x303030&#39;
         deltaCnt = F_CPU / 1&#39;000&#39;000 * microSeconds;
                             ^
/home/ec2-user/arduino-testlib/cli-datadir/user/libraries/TeensyStep/src/timer/generic/TickTimer.h: In member function &#39;void OneShotTimer::setDelay(unsigned int)&#39;:
/home/ec2-user/arduino-testlib/cli-datadir/user/libraries/TeensyStep/src/timer/generic/TickTimer.h:80:29: error: expected &#39;;&#39; before &#39;\x303030&#39;
         deltaCnt = F_CPU / 1&#39;000&#39;000 * microSeconds;
                             ^
In file included from /home/ec2-user/arduino-testlib/cli-datadir/user/libraries/TeensyStep/examples/Interfacing/Interfacing.ino:15:0:
/home/ec2-user/arduino-testlib/cli-datadir/user/libraries/TeensyStep/src/TeensyStep.h: At global scope:
/home/ec2-user/arduino-testlib/cli-datadir/user/libraries/TeensyStep/src/TeensyStep.h:38:72: error: &#39;TimerField&#39; was not declared in this scope
 using RotateControl = TeensyStep::RotateControlBase&lt;LinRotAccelerator, TimerField&gt;;
                                                                        ^
/home/ec2-user/arduino-testlib/cli-datadir/user/libraries/TeensyStep/src/TeensyStep.h:38:82: error: template argument 2 is invalid
 using RotateControl = TeensyStep::RotateControlBase&lt;LinRotAccelerator, TimerField&gt;;
                                                                                  ^
/home/ec2-user/arduino-testlib/cli-datadir/user/libraries/TeensyStep/src/TeensyStep.h:39:69: error: &#39;TimerField&#39; was not declared in this scope
 using StepControl = TeensyStep::StepControlBase&lt;LinStepAccelerator, TimerField&gt;;
                                                                     ^
/home/ec2-user/arduino-testlib/cli-datadir/user/libraries/TeensyStep/src/TeensyStep.h:39:79: error: template argument 2 is invalid
 using StepControl = TeensyStep::StepControlBase&lt;LinStepAccelerator, TimerField&gt;;
                                                                               ^
/home/ec2-user/arduino-testlib/cli-datadir/user/libraries/TeensyStep/examples/Interfacing/Interfacing.ino:20:1: error: &#39;StepControl&#39; does not name a type
 StepControl controller;
 ^
/home/ec2-user/arduino-testlib/cli-datadir/user/libraries/TeensyStep/examples/Interfacing/Interfacing.ino:26:1: error: &#39;elapsedMillis&#39; does not name a type
 elapsedMillis displayStopwatch = 0;  // timing the display of the current position
 ^
/home/ec2-user/arduino-testlib/cli-datadir/user/libraries/TeensyStep/examples/Interfacing/Interfacing.ino:27:1: error: &#39;elapsedMillis&#39; does not name a type
 elapsedMillis blinkStopwatch = 0;    // timing the heartbeat LED
 ^
/home/ec2-user/arduino-testlib/cli-datadir/user/libraries/TeensyStep/examples/Interfacing/Interfacing.ino:28:1: error: &#39;elapsedMillis&#39; does not name a type
 elapsedMillis debounceTimer = 0;     // debouncing input pins
 ^
/home/ec2-user/arduino-testlib/cli-datadir/user/libraries/TeensyStep/examples/Interfacing/Interfacing.ino: In function &#39;void loop()&#39;:
/home/ec2-user/arduino-testlib/cli-datadir/user/libraries/TeensyStep/examples/Interfacing/Interfacing.ino:59:9: error: &#39;displayStopwatch&#39; was not declared in this scope
     if (displayStopwatch &gt; 20)
         ^
/home/ec2-user/arduino-testlib/cli-datadir/user/libraries/TeensyStep/examples/Interfacing/Interfacing.ino:72:9: error: &#39;blinkStopwatch&#39; was not declared in this scope
     if (blinkStopwatch &gt; 250)
         ^
/home/ec2-user/arduino-testlib/cli-datadir/user/libraries/TeensyStep/examples/Interfacing/Interfacing.ino:75:67: error: &#39;digitalReadFast&#39; was not declared in this scope
         digitalWriteFast(LED_BUILTIN, !digitalReadFast(LED_BUILTIN)); // toggle LED
                                                                   ^
/home/ec2-user/arduino-testlib/cli-datadir/user/libraries/TeensyStep/examples/Interfacing/Interfacing.ino:75:68: error: &#39;digitalWriteFast&#39; was not declared in this scope
         digitalWriteFast(LED_BUILTIN, !digitalReadFast(LED_BUILTIN)); // toggle LED
                                                                    ^
/home/ec2-user/arduino-testlib/cli-datadir/user/libraries/TeensyStep/examples/Interfacing/Interfacing.ino: In function &#39;void handleCommands()&#39;:
/home/ec2-user/arduino-testlib/cli-datadir/user/libraries/TeensyStep/examples/Interfacing/Interfacing.ino:94:18: error: &#39;controller&#39; was not declared in this scope
             if (!controller.isRunning())        // skip move command if motor is running already
                  ^
/home/ec2-user/arduino-testlib/cli-datadir/user/libraries/TeensyStep/examples/Interfacing/Interfacing.ino:107:13: error: &#39;controller&#39; was not declared in this scope
             controller.stopAsync();             // initiate stopping procedure
             ^
/home/ec2-user/arduino-testlib/cli-datadir/user/libraries/TeensyStep/examples/Interfacing/Interfacing.ino: In function &#39;void handlePins()&#39;:
/home/ec2-user/arduino-testlib/cli-datadir/user/libraries/TeensyStep/examples/Interfacing/Interfacing.ino:141:9: error: &#39;controller&#39; was not declared in this scope
     if (controller.isRunning() &amp;&amp; !digitalReadFast(stopPin) &amp;&amp; debounceTimer &gt; 200)
         ^
/home/ec2-user/arduino-testlib/cli-datadir/user/libraries/TeensyStep/examples/Interfacing/Interfacing.ino:141:59: error: &#39;digitalReadFast&#39; was not declared in this scope
     if (controller.isRunning() &amp;&amp; !digitalReadFast(stopPin) &amp;&amp; debounceTimer &gt; 200)
                                                           ^
/home/ec2-user/arduino-testlib/cli-datadir/user/libraries/TeensyStep/examples/Interfacing/Interfacing.ino:141:64: error: &#39;debounceTimer&#39; was not declared in this scope
     if (controller.isRunning() &amp;&amp; !digitalReadFast(stopPin) &amp;&amp; debounceTimer &gt; 200)
                                                                ^

</pre>
					
					<h4>examples/MultipleSteppers</h4>
					<p>
						Result: <b>FAIL</b>
					</p>
					<pre class="pre-scrollable">In file included from /home/ec2-user/arduino-testlib/cli-datadir/user/libraries/TeensyStep/src/TeensyStep.h:7:0,
                 from /home/ec2-user/arduino-testlib/cli-datadir/user/libraries/TeensyStep/examples/MultipleSteppers/MultipleSteppers.ino:16:
/home/ec2-user/arduino-testlib/cli-datadir/user/libraries/TeensyStep/src/accelerators/LinStepAccelerator.h: In member function &#39;int32_t LinStepAccelerator::prepareMovement(int32_t, int32_t, uint32_t, uint32_t, uint32_t, uint32_t)&#39;:
/home/ec2-user/arduino-testlib/cli-datadir/user/libraries/TeensyStep/src/accelerators/LinStepAccelerator.h:71:38: error: &#39;digitalToggle&#39; was not declared in this scope
             digitalToggle(LED_BUILTIN);
                                      ^
In file included from /home/ec2-user/arduino-testlib/cli-datadir/user/libraries/TeensyStep/src/timer/generic/TimerField.h:6:0,
                 from /home/ec2-user/arduino-testlib/cli-datadir/user/libraries/TeensyStep/src/TeensyStep.h:11,
                 from /home/ec2-user/arduino-testlib/cli-datadir/user/libraries/TeensyStep/examples/MultipleSteppers/MultipleSteppers.ino:16:
/home/ec2-user/arduino-testlib/cli-datadir/user/libraries/TeensyStep/src/timer/generic/TickTimer.h: In static member function &#39;static uint32_t TimerBase::get_cycles()&#39;:
/home/ec2-user/arduino-testlib/cli-datadir/user/libraries/TeensyStep/src/timer/generic/TickTimer.h:28:34: error: &#39;dwt_getCycles&#39; was not declared in this scope
             return dwt_getCycles();
                                  ^
/home/ec2-user/arduino-testlib/cli-datadir/user/libraries/TeensyStep/src/timer/generic/TickTimer.h: In member function &#39;void PeriodicTimer::setPeriod(uint32_t)&#39;:
/home/ec2-user/arduino-testlib/cli-datadir/user/libraries/TeensyStep/src/timer/generic/TickTimer.h:64:29: error: expected &#39;;&#39; before &#39;\x303030&#39;
         deltaCnt = F_CPU / 1&#39;000&#39;000 * microSeconds;
                             ^
/home/ec2-user/arduino-testlib/cli-datadir/user/libraries/TeensyStep/src/timer/generic/TickTimer.h: In member function &#39;void OneShotTimer::setDelay(unsigned int)&#39;:
/home/ec2-user/arduino-testlib/cli-datadir/user/libraries/TeensyStep/src/timer/generic/TickTimer.h:80:29: error: expected &#39;;&#39; before &#39;\x303030&#39;
         deltaCnt = F_CPU / 1&#39;000&#39;000 * microSeconds;
                             ^
In file included from /home/ec2-user/arduino-testlib/cli-datadir/user/libraries/TeensyStep/examples/MultipleSteppers/MultipleSteppers.ino:16:0:
/home/ec2-user/arduino-testlib/cli-datadir/user/libraries/TeensyStep/src/TeensyStep.h: At global scope:
/home/ec2-user/arduino-testlib/cli-datadir/user/libraries/TeensyStep/src/TeensyStep.h:38:72: error: &#39;TimerField&#39; was not declared in this scope
 using RotateControl = TeensyStep::RotateControlBase&lt;LinRotAccelerator, TimerField&gt;;
                                                                        ^
/home/ec2-user/arduino-testlib/cli-datadir/user/libraries/TeensyStep/src/TeensyStep.h:38:82: error: template argument 2 is invalid
 using RotateControl = TeensyStep::RotateControlBase&lt;LinRotAccelerator, TimerField&gt;;
                                                                                  ^
/home/ec2-user/arduino-testlib/cli-datadir/user/libraries/TeensyStep/src/TeensyStep.h:39:69: error: &#39;TimerField&#39; was not declared in this scope
 using StepControl = TeensyStep::StepControlBase&lt;LinStepAccelerator, TimerField&gt;;
                                                                     ^
/home/ec2-user/arduino-testlib/cli-datadir/user/libraries/TeensyStep/src/TeensyStep.h:39:79: error: template argument 2 is invalid
 using StepControl = TeensyStep::StepControlBase&lt;LinStepAccelerator, TimerField&gt;;
                                                                               ^
/home/ec2-user/arduino-testlib/cli-datadir/user/libraries/TeensyStep/examples/MultipleSteppers/MultipleSteppers.ino:22:1: error: &#39;StepControl&#39; does not name a type
 StepControl controller;
 ^
/home/ec2-user/arduino-testlib/cli-datadir/user/libraries/TeensyStep/examples/MultipleSteppers/MultipleSteppers.ino: In function &#39;void loop()&#39;:
/home/ec2-user/arduino-testlib/cli-datadir/user/libraries/TeensyStep/examples/MultipleSteppers/MultipleSteppers.ino:49:5: error: &#39;controller&#39; was not declared in this scope
     controller.move(motor_1);  
     ^
/home/ec2-user/arduino-testlib/cli-datadir/user/libraries/TeensyStep/examples/MultipleSteppers/MultipleSteppers.ino:61:3: error: &#39;controller&#39; was not declared in this scope
   controller.move(motor_1, motor_2);
   ^

</pre>
					
					<h4>examples/Path_Following</h4>
					<p>
						Result: <b>FAIL</b>
					</p>
					<pre class="pre-scrollable"></pre>
					
					<h4>examples/StepperArray</h4>
					<p>
						Result: <b>FAIL</b>
					</p>
					<pre class="pre-scrollable">In file included from /home/ec2-user/arduino-testlib/cli-datadir/user/libraries/TeensyStep/src/TeensyStep.h:7:0,
                 from /home/ec2-user/arduino-testlib/cli-datadir/user/libraries/TeensyStep/examples/StepperArray/StepperArray.ino:1:
/home/ec2-user/arduino-testlib/cli-datadir/user/libraries/TeensyStep/src/accelerators/LinStepAccelerator.h: In member function &#39;int32_t LinStepAccelerator::prepareMovement(int32_t, int32_t, uint32_t, uint32_t, uint32_t, uint32_t)&#39;:
/home/ec2-user/arduino-testlib/cli-datadir/user/libraries/TeensyStep/src/accelerators/LinStepAccelerator.h:71:38: error: &#39;digitalToggle&#39; was not declared in this scope
             digitalToggle(LED_BUILTIN);
                                      ^
In file included from /home/ec2-user/arduino-testlib/cli-datadir/user/libraries/TeensyStep/src/timer/generic/TimerField.h:6:0,
                 from /home/ec2-user/arduino-testlib/cli-datadir/user/libraries/TeensyStep/src/TeensyStep.h:11,
                 from /home/ec2-user/arduino-testlib/cli-datadir/user/libraries/TeensyStep/examples/StepperArray/StepperArray.ino:1:
/home/ec2-user/arduino-testlib/cli-datadir/user/libraries/TeensyStep/src/timer/generic/TickTimer.h: In static member function &#39;static uint32_t TimerBase::get_cycles()&#39;:
/home/ec2-user/arduino-testlib/cli-datadir/user/libraries/TeensyStep/src/timer/generic/TickTimer.h:28:34: error: &#39;dwt_getCycles&#39; was not declared in this scope
             return dwt_getCycles();
                                  ^
/home/ec2-user/arduino-testlib/cli-datadir/user/libraries/TeensyStep/src/timer/generic/TickTimer.h: In member function &#39;void PeriodicTimer::setPeriod(uint32_t)&#39;:
/home/ec2-user/arduino-testlib/cli-datadir/user/libraries/TeensyStep/src/timer/generic/TickTimer.h:64:29: error: expected &#39;;&#39; before &#39;\x303030&#39;
         deltaCnt = F_CPU / 1&#39;000&#39;000 * microSeconds;
                             ^
/home/ec2-user/arduino-testlib/cli-datadir/user/libraries/TeensyStep/src/timer/generic/TickTimer.h: In member function &#39;void OneShotTimer::setDelay(unsigned int)&#39;:
/home/ec2-user/arduino-testlib/cli-datadir/user/libraries/TeensyStep/src/timer/generic/TickTimer.h:80:29: error: expected &#39;;&#39; before &#39;\x303030&#39;
         deltaCnt = F_CPU / 1&#39;000&#39;000 * microSeconds;
                             ^
In file included from /home/ec2-user/arduino-testlib/cli-datadir/user/libraries/TeensyStep/examples/StepperArray/StepperArray.ino:1:0:
/home/ec2-user/arduino-testlib/cli-datadir/user/libraries/TeensyStep/src/TeensyStep.h: At global scope:
/home/ec2-user/arduino-testlib/cli-datadir/user/libraries/TeensyStep/src/TeensyStep.h:38:72: error: &#39;TimerField&#39; was not declared in this scope
 using RotateControl = TeensyStep::RotateControlBase&lt;LinRotAccelerator, TimerField&gt;;
                                                                        ^
/home/ec2-user/arduino-testlib/cli-datadir/user/libraries/TeensyStep/src/TeensyStep.h:38:82: error: template argument 2 is invalid
 using RotateControl = TeensyStep::RotateControlBase&lt;LinRotAccelerator, TimerField&gt;;
                                                                                  ^
/home/ec2-user/arduino-testlib/cli-datadir/user/libraries/TeensyStep/src/TeensyStep.h:39:69: error: &#39;TimerField&#39; was not declared in this scope
 using StepControl = TeensyStep::StepControlBase&lt;LinStepAccelerator, TimerField&gt;;
                                                                     ^
/home/ec2-user/arduino-testlib/cli-datadir/user/libraries/TeensyStep/src/TeensyStep.h:39:79: error: template argument 2 is invalid
 using StepControl = TeensyStep::StepControlBase&lt;LinStepAccelerator, TimerField&gt;;
                                                                               ^
/home/ec2-user/arduino-testlib/cli-datadir/user/libraries/TeensyStep/examples/StepperArray/StepperArray.ino:4:1: error: &#39;StepControl&#39; does not name a type
 StepControl controller;
 ^
/home/ec2-user/arduino-testlib/cli-datadir/user/libraries/TeensyStep/examples/StepperArray/StepperArray.ino: In function &#39;void setup()&#39;:
/home/ec2-user/arduino-testlib/cli-datadir/user/libraries/TeensyStep/examples/StepperArray/StepperArray.ino:16:3: error: &#39;controller&#39; was not declared in this scope
   controller.move(motorSet_A);                     // move all motors in the array to their targets
   ^
/home/ec2-user/arduino-testlib/cli-datadir/user/libraries/TeensyStep/examples/StepperArray/StepperArray.ino: In function &#39;void loop()&#39;:
/home/ec2-user/arduino-testlib/cli-datadir/user/libraries/TeensyStep/examples/StepperArray/StepperArray.ino:35:60: error: &#39;digitalReadFast&#39; was not declared in this scope
   digitalWriteFast(LED_BUILTIN,!digitalReadFast(LED_BUILTIN));
                                                            ^
/home/ec2-user/arduino-testlib/cli-datadir/user/libraries/TeensyStep/examples/StepperArray/StepperArray.ino:35:61: error: &#39;digitalWriteFast&#39; was not declared in this scope
   digitalWriteFast(LED_BUILTIN,!digitalReadFast(LED_BUILTIN));
                                                             ^

</pre>
					
				
			</div>
		</div>
	</div>
  </body>
</html>
