
<!doctype html>
<html lang="en">
  <head>
    <meta charset="utf-8">
    <meta name="viewport" content="width=device-width, initial-scale=1">
    <link href="https://cdn.jsdelivr.net/npm/bootstrap@5.0.2/dist/css/bootstrap.min.css" rel="stylesheet" integrity="sha384-EVSTQN3/azprG1Anm3QDgpJLIm9Nao0Yz1ztcQTwFspd3yD65VohhpuuCOmLASjC" crossorigin="anonymous">
    <title>arduino-testlib report</title>
	<style>
	.pass { background-color: #00FF00 !important; }
	.fail { background-color: #FF0000 !important; }
	</style>
  </head>
  <body>
	<div class="container">
		<div class="row">
			<div class="col">
				<h1>TelnetStream - compatibility matrix</h1>
				<p>
					<small>This report was generated on Wednesday, 23-Feb-22 22:48:15 CET using 
					<a href="https://github.com/alranel/arduino-testlib">arduino-testlib</a>.</small>
				</p>

				<h2>TelnetStream</h2>
				<p>
					Version: <b>1.2.2</b>
					<br />
					<a href="https://www.arduino.cc/reference/en/libraries/telnetstream/">More details</a>
				</p>

				<h2>Compatibility matrix</h2>
				<table class="table table-bordered">
					<tr>
						<th>Board</th>
						<th>Claims compatibility</th>
						<th>Inclusion</th>
						
						<th><pre>TelnetStreamEthTest</pre></th>
						
						<th><pre>TelnetStreamSPIWiFiTest</pre></th>
						
						<th><pre>TelnetStreamSerialWiFiTest</pre></th>
						
						<th><pre>TelnetPrintEthTest</pre></th>
						
						<th><pre>TelnetStreamEsp32Test</pre></th>
						
						<th><pre>TelnetStreamEsp8266Test</pre></th>
						
					</tr>
					
					<tr>
						<td>
							<a href="#arduino%3aavr%3auno"><b>arduino:avr:uno</b></a>
							<br />
							<small>1.8.4</small>
						</td>

						
						
						
							<td>Yes ⚠️</td>
							<td class="fail">FAIL</td>
						
						

						
							
								
									
										
									
										
									
										
									
										
											<td class="pass">PASS</td>
											
										
									
										
									
										
									
								
							
								
							
								
							
								
							
								
							
						
							
								
									
										
									
										
									
										
									
										
									
										
											
											<td class="fail">FAIL</td>
										
									
										
									
								
							
								
							
								
							
								
							
								
							
						
							
								
									
										
									
										
									
										
									
										
									
										
									
										
											
											<td class="fail">FAIL</td>
										
									
								
							
								
							
								
							
								
							
								
							
						
							
								
									
										
											<td class="pass">PASS</td>
											
										
									
										
									
										
									
										
									
										
									
										
									
								
							
								
							
								
							
								
							
								
							
						
							
								
									
										
									
										
											
											<td class="fail">FAIL</td>
										
									
										
									
										
									
										
									
										
									
								
							
								
							
								
							
								
							
								
							
						
							
								
									
										
									
										
									
										
											
											<td class="fail">FAIL</td>
										
									
										
									
										
									
										
									
								
							
								
							
								
							
								
							
								
							
						
					</tr>
					
					<tr>
						<td>
							<a href="#arduino%3ambed_nano%3ananorp2040connect"><b>arduino:mbed_nano:nanorp2040connect</b></a>
							<br />
							<small>2.7.2</small>
						</td>

						
						
						
							<td>Yes ⚠️</td>
							<td class="fail">FAIL</td>
						
						

						
							
								
							
								
									
										
									
										
									
										
									
										
											
											<td class="fail">FAIL</td>
										
									
										
									
										
									
								
							
								
							
								
							
								
							
						
							
								
							
								
									
										
									
										
									
										
									
										
									
										
											<td class="pass">PASS</td>
											
										
									
										
									
								
							
								
							
								
							
								
							
						
							
								
							
								
									
										
									
										
									
										
									
										
									
										
									
										
											
											<td class="fail">FAIL</td>
										
									
								
							
								
							
								
							
								
							
						
							
								
							
								
									
										
											<td class="pass">PASS</td>
											
										
									
										
									
										
									
										
									
										
									
										
									
								
							
								
							
								
							
								
							
						
							
								
							
								
									
										
									
										
											
											<td class="fail">FAIL</td>
										
									
										
									
										
									
										
									
										
									
								
							
								
							
								
							
								
							
						
							
								
							
								
									
										
									
										
									
										
											
											<td class="fail">FAIL</td>
										
									
										
									
										
									
										
									
								
							
								
							
								
							
								
							
						
					</tr>
					
					<tr>
						<td>
							<a href="#arduino%3amegaavr%3anona4809"><b>arduino:megaavr:nona4809</b></a>
							<br />
							<small>1.8.7</small>
						</td>

						
						
						
							<td>Yes ⚠️</td>
							<td class="fail">FAIL</td>
						
						

						
							
								
							
								
							
								
									
										
									
										
									
										
									
										
											
											<td class="fail">FAIL</td>
										
									
										
									
										
									
								
							
								
							
								
							
						
							
								
							
								
							
								
									
										
									
										
									
										
									
										
									
										
											
											<td class="fail">FAIL</td>
										
									
										
									
								
							
								
							
								
							
						
							
								
							
								
							
								
									
										
									
										
									
										
									
										
									
										
									
										
											<td class="pass">PASS</td>
											
										
									
								
							
								
							
								
							
						
							
								
							
								
							
								
									
										
											<td class="pass">PASS</td>
											
										
									
										
									
										
									
										
									
										
									
										
									
								
							
								
							
								
							
						
							
								
							
								
							
								
									
										
									
										
											
											<td class="fail">FAIL</td>
										
									
										
									
										
									
										
									
										
									
								
							
								
							
								
							
						
							
								
							
								
							
								
									
										
									
										
									
										
											
											<td class="fail">FAIL</td>
										
									
										
									
										
									
										
									
								
							
								
							
								
							
						
					</tr>
					
					<tr>
						<td>
							<a href="#arduino%3asamd%3amkrwifi1010"><b>arduino:samd:mkrwifi1010</b></a>
							<br />
							<small>1.8.12</small>
						</td>

						
						
						
							<td>Yes ⚠️</td>
							<td class="fail">FAIL</td>
						
						

						
							
								
							
								
							
								
							
								
									
										
									
										
									
										
									
										
											
											<td class="fail">FAIL</td>
										
									
										
									
										
									
								
							
								
							
						
							
								
							
								
							
								
							
								
									
										
									
										
									
										
									
										
									
										
											<td class="pass">PASS</td>
											
										
									
										
									
								
							
								
							
						
							
								
							
								
							
								
							
								
									
										
									
										
									
										
									
										
									
										
									
										
											
											<td class="fail">FAIL</td>
										
									
								
							
								
							
						
							
								
							
								
							
								
							
								
									
										
											<td class="pass">PASS</td>
											
										
									
										
									
										
									
										
									
										
									
										
									
								
							
								
							
						
							
								
							
								
							
								
							
								
									
										
									
										
											
											<td class="fail">FAIL</td>
										
									
										
									
										
									
										
									
										
									
								
							
								
							
						
							
								
							
								
							
								
							
								
									
										
									
										
									
										
											
											<td class="fail">FAIL</td>
										
									
										
									
										
									
										
									
								
							
								
							
						
					</tr>
					
					<tr>
						<td>
							<a href="#esp32%3aesp32%3ad1_mini32"><b>esp32:esp32:d1_mini32</b></a>
							<br />
							<small>1.0.6</small>
						</td>

						
							<td>Yes</td>
							<td class="pass">PASS</td>
						
						
						
						

						
							
								
							
								
							
								
							
								
							
								
									
										
									
										
									
										
									
										
											<td class="pass">PASS</td>
											
										
									
										
									
										
									
								
							
						
							
								
							
								
							
								
							
								
							
								
									
										
									
										
									
										
									
										
									
										
											
											<td class="fail">FAIL</td>
										
									
										
									
								
							
						
							
								
							
								
							
								
							
								
							
								
									
										
									
										
									
										
									
										
									
										
									
										
											
											<td class="fail">FAIL</td>
										
									
								
							
						
							
								
							
								
							
								
							
								
							
								
									
										
											<td class="pass">PASS</td>
											
										
									
										
									
										
									
										
									
										
									
										
									
								
							
						
							
								
							
								
							
								
							
								
							
								
									
										
									
										
											<td class="pass">PASS</td>
											
										
									
										
									
										
									
										
									
										
									
								
							
						
							
								
							
								
							
								
							
								
							
								
									
										
									
										
									
										
											
											<td class="fail">FAIL</td>
										
									
										
									
										
									
										
									
								
							
						
					</tr>
					
				</table>

				<h2>Compilation logs</h2>
				
				<h3 id="arduino:avr:uno">arduino:avr:uno @ 1.8.4</h3>
				<h4>Inclusion</h4>
				<p>
					Result: <b>FAIL</b>
					
				</p>
				<pre class="pre-scrollable">Multiple libraries were found for &#34;WiFi.h&#34;
  Used: /home/ec2-user/arduino-testlib/cli-datadir/user/libraries/WiFi
  Not used: /home/ec2-user/arduino-testlib/cli-datadir/user/libraries/Seeed_Arduino_rpcWiFi
  Not used: /home/ec2-user/arduino-testlib/cli-datadir/user/libraries/WiFiNINA
  Not used: /home/ec2-user/arduino-testlib/cli-datadir/user/libraries/WiFiEspAT
</pre>

					
					<h4>examples/TelnetPrintEthTest</h4>
					<p>
						Result: <b>PASS</b>
					</p>
					<pre class="pre-scrollable">Sketch uses 14272 bytes (44%) of program storage space. Maximum is 32256 bytes.
Global variables use 528 bytes (25%) of dynamic memory, leaving 1520 bytes for local variables. Maximum is 2048 bytes.
</pre>
					
					<h4>examples/TelnetStreamEsp32Test</h4>
					<p>
						Result: <b>FAIL</b>
					</p>
					<pre class="pre-scrollable">/home/ec2-user/arduino-testlib/cli-datadir/user/libraries/TelnetStream/examples/TelnetStreamEsp32Test/TelnetStreamEsp32Test.ino: In function &#39;void setup()&#39;:
/home/ec2-user/arduino-testlib/cli-datadir/user/libraries/TelnetStream/examples/TelnetStreamEsp32Test/TelnetStreamEsp32Test.ino:19:12: error: &#39;class WiFiClass&#39; has no member named &#39;waitForConnectResult&#39;
   if (WiFi.waitForConnectResult() != WL_CONNECTED) {
            ^~~~~~~~~~~~~~~~~~~~
/home/ec2-user/arduino-testlib/cli-datadir/user/libraries/TelnetStream/examples/TelnetStreamEsp32Test/TelnetStreamEsp32Test.ino:26:3: error: &#39;configTime&#39; was not declared in this scope
   configTime(gmtOffset_sec, daylightOffset_sec, &#34;pool.ntp.org&#34;);
   ^~~~~~~~~~
/home/ec2-user/arduino-testlib/cli-datadir/user/libraries/TelnetStream/examples/TelnetStreamEsp32Test/TelnetStreamEsp32Test.ino:27:16: error: &#39;time&#39; was not declared in this scope
   time_t now = time(nullptr);
                ^~~~
/home/ec2-user/arduino-testlib/cli-datadir/user/libraries/TelnetStream/examples/TelnetStreamEsp32Test/TelnetStreamEsp32Test.ino:27:16: note: suggested alternative: &#39;time_t&#39;
   time_t now = time(nullptr);
                ^~~~
                time_t
/home/ec2-user/arduino-testlib/cli-datadir/user/libraries/TelnetStream/examples/TelnetStreamEsp32Test/TelnetStreamEsp32Test.ino: In function &#39;void loop()&#39;:
/home/ec2-user/arduino-testlib/cli-datadir/user/libraries/TelnetStream/examples/TelnetStreamEsp32Test/TelnetStreamEsp32Test.ino:48:5: error: &#39;ESP&#39; was not declared in this scope
     ESP.restart();
     ^~~
/home/ec2-user/arduino-testlib/cli-datadir/user/libraries/TelnetStream/examples/TelnetStreamEsp32Test/TelnetStreamEsp32Test.ino:48:5: note: suggested alternative: &#39;SP&#39;
     ESP.restart();
     ^~~
     SP
Multiple libraries were found for &#34;WiFi.h&#34;
  Used: /home/ec2-user/arduino-testlib/cli-datadir/user/libraries/WiFi
  Not used: /home/ec2-user/arduino-testlib/cli-datadir/user/libraries/WiFiNINA
  Not used: /home/ec2-user/arduino-testlib/cli-datadir/user/libraries/WiFiEspAT
  Not used: /home/ec2-user/arduino-testlib/cli-datadir/user/libraries/Seeed_Arduino_rpcWiFi
</pre>
					
					<h4>examples/TelnetStreamEsp8266Test</h4>
					<p>
						Result: <b>FAIL</b>
					</p>
					<pre class="pre-scrollable">/home/ec2-user/arduino-testlib/cli-datadir/user/libraries/TelnetStream/examples/TelnetStreamEsp8266Test/TelnetStreamEsp8266Test.ino:1:10: fatal error: ESP8266WiFi.h: No such file or directory
 #include &lt;ESP8266WiFi.h&gt;
          ^~~~~~~~~~~~~~~
compilation terminated.

</pre>
					
					<h4>examples/TelnetStreamEthTest</h4>
					<p>
						Result: <b>PASS</b>
					</p>
					<pre class="pre-scrollable">Sketch uses 22396 bytes (69%) of program storage space. Maximum is 32256 bytes.
Global variables use 993 bytes (48%) of dynamic memory, leaving 1055 bytes for local variables. Maximum is 2048 bytes.
</pre>
					
					<h4>examples/TelnetStreamSPIWiFiTest</h4>
					<p>
						Result: <b>FAIL</b>
					</p>
					<pre class="pre-scrollable">In file included from /home/ec2-user/arduino-testlib/cli-datadir/user/libraries/WiFiNINA/src/WiFiStorage.h:23:0,
                 from /home/ec2-user/arduino-testlib/cli-datadir/user/libraries/WiFiNINA/src/WiFi.h:38,
                 from /home/ec2-user/arduino-testlib/cli-datadir/user/libraries/WiFiNINA/src/WiFiNINA.h:23,
                 from /home/ec2-user/arduino-testlib/cli-datadir/user/libraries/TelnetStream/examples/TelnetStreamSPIWiFiTest/TelnetStreamSPIWiFiTest.ino:1:
/home/ec2-user/arduino-testlib/cli-datadir/user/libraries/WiFiNINA/src/utility/wifi_drv.h:293:12: error: &#39;PinStatus&#39; does not name a type
     static PinStatus digitalRead(uint8_t pin);
            ^~~~~~~~~

</pre>
					
					<h4>examples/TelnetStreamSerialWiFiTest</h4>
					<p>
						Result: <b>FAIL</b>
					</p>
					<pre class="pre-scrollable">/home/ec2-user/arduino-testlib/cli-datadir/user/libraries/TelnetStream/examples/TelnetStreamSerialWiFiTest/TelnetStreamSerialWiFiTest.ino: In function &#39;void setup()&#39;:
/home/ec2-user/arduino-testlib/cli-datadir/user/libraries/TelnetStream/examples/TelnetStreamSerialWiFiTest/TelnetStreamSerialWiFiTest.ino:10:3: error: &#39;Serial1&#39; was not declared in this scope
   Serial1.begin(115200);
   ^~~~~~~
/home/ec2-user/arduino-testlib/cli-datadir/user/libraries/TelnetStream/examples/TelnetStreamSerialWiFiTest/TelnetStreamSerialWiFiTest.ino:10:3: note: suggested alternative: &#39;Serial&#39;
   Serial1.begin(115200);
   ^~~~~~~
   Serial

</pre>
					
				
				<h3 id="arduino:mbed_nano:nanorp2040connect">arduino:mbed_nano:nanorp2040connect @ 2.7.2</h3>
				<h4>Inclusion</h4>
				<p>
					Result: <b>FAIL</b>
					
				</p>
				<pre class="pre-scrollable">Multiple libraries were found for &#34;WiFi.h&#34;
  Used: /home/ec2-user/arduino-testlib/cli-datadir/user/libraries/WiFi
  Not used: /home/ec2-user/arduino-testlib/cli-datadir/user/libraries/WiFiNINA
  Not used: /home/ec2-user/arduino-testlib/cli-datadir/user/libraries/Seeed_Arduino_rpcWiFi
  Not used: /home/ec2-user/arduino-testlib/cli-datadir/user/libraries/WiFiEspAT
</pre>

					
					<h4>examples/TelnetPrintEthTest</h4>
					<p>
						Result: <b>PASS</b>
					</p>
					<pre class="pre-scrollable">Sketch uses 89992 bytes (0%) of program storage space. Maximum is 16777216 bytes.
Global variables use 43868 bytes (16%) of dynamic memory, leaving 226468 bytes for local variables. Maximum is 270336 bytes.
</pre>
					
					<h4>examples/TelnetStreamEsp32Test</h4>
					<p>
						Result: <b>FAIL</b>
					</p>
					<pre class="pre-scrollable">/home/ec2-user/arduino-testlib/cli-datadir/user/libraries/TelnetStream/examples/TelnetStreamEsp32Test/TelnetStreamEsp32Test.ino: In function &#39;void setup()&#39;:
/home/ec2-user/arduino-testlib/cli-datadir/user/libraries/TelnetStream/examples/TelnetStreamEsp32Test/TelnetStreamEsp32Test.ino:18:24: error: invalid conversion from &#39;const char*&#39; to &#39;char*&#39; [-fpermissive]
   WiFi.begin(ssid, pass);
                        ^
In file included from /home/ec2-user/arduino-testlib/cli-datadir/user/libraries/TelnetStream/examples/TelnetStreamEsp32Test/TelnetStreamEsp32Test.ino:1:0:
/home/ec2-user/arduino-testlib/cli-datadir/user/libraries/WiFi/src/WiFi.h:79:9: note:   initializing argument 1 of &#39;int WiFiClass::begin(char*, const char*)&#39;
     int begin(char* ssid, const char *passphrase);
         ^~~~~
/home/ec2-user/arduino-testlib/cli-datadir/user/libraries/TelnetStream/examples/TelnetStreamEsp32Test/TelnetStreamEsp32Test.ino:19:12: error: &#39;class WiFiClass&#39; has no member named &#39;waitForConnectResult&#39;
   if (WiFi.waitForConnectResult() != WL_CONNECTED) {
            ^~~~~~~~~~~~~~~~~~~~
/home/ec2-user/arduino-testlib/cli-datadir/user/libraries/TelnetStream/examples/TelnetStreamEsp32Test/TelnetStreamEsp32Test.ino:26:3: error: &#39;configTime&#39; was not declared in this scope
   configTime(gmtOffset_sec, daylightOffset_sec, &#34;pool.ntp.org&#34;);
   ^~~~~~~~~~
/home/ec2-user/arduino-testlib/cli-datadir/user/libraries/TelnetStream/examples/TelnetStreamEsp32Test/TelnetStreamEsp32Test.ino: In function &#39;void loop()&#39;:
/home/ec2-user/arduino-testlib/cli-datadir/user/libraries/TelnetStream/examples/TelnetStreamEsp32Test/TelnetStreamEsp32Test.ino:48:5: error: &#39;ESP&#39; was not declared in this scope
     ESP.restart();
     ^~~
Multiple libraries were found for &#34;WiFi.h&#34;
  Used: /home/ec2-user/arduino-testlib/cli-datadir/user/libraries/WiFi
  Not used: /home/ec2-user/arduino-testlib/cli-datadir/user/libraries/WiFiNINA
  Not used: /home/ec2-user/arduino-testlib/cli-datadir/user/libraries/Seeed_Arduino_rpcWiFi
  Not used: /home/ec2-user/arduino-testlib/cli-datadir/user/libraries/WiFiEspAT
</pre>
					
					<h4>examples/TelnetStreamEsp8266Test</h4>
					<p>
						Result: <b>FAIL</b>
					</p>
					<pre class="pre-scrollable">/home/ec2-user/arduino-testlib/cli-datadir/user/libraries/TelnetStream/examples/TelnetStreamEsp8266Test/TelnetStreamEsp8266Test.ino:1:10: fatal error: ESP8266WiFi.h: No such file or directory
 #include &lt;ESP8266WiFi.h&gt;
          ^~~~~~~~~~~~~~~
compilation terminated.

</pre>
					
					<h4>examples/TelnetStreamEthTest</h4>
					<p>
						Result: <b>FAIL</b>
					</p>
					<pre class="pre-scrollable">In file included from /home/ec2-user/arduino-testlib/cli-datadir/user/libraries/TelnetStream/examples/TelnetStreamEthTest/TelnetStreamEthTest.ino:2:0:
/home/ec2-user/arduino-testlib/cli-datadir/user/libraries/NtpClientLib/src/NtpClientLib.h:114:2: error: #error &#34;Incorrect platform. Only ARDUINO and ESP8266 MCUs are valid.&#34;
 #error &#34;Incorrect platform. Only ARDUINO and ESP8266 MCUs are valid.&#34;
  ^~~~~
Multiple libraries were found for &#34;Ethernet.h&#34;
  Used: /home/ec2-user/arduino-testlib/cli-datadir/user/libraries/Ethernet
  Not used: /home/ec2-user/arduino-testlib/cli-datadir/user/libraries/EthernetENC
  Not used: /home/ec2-user/arduino-testlib/cli-datadir/user/libraries/UIPEthernet
Multiple libraries were found for &#34;NtpClientLib.h&#34;
  Used: /home/ec2-user/arduino-testlib/cli-datadir/user/libraries/NtpClientLib
  Not used: /home/ec2-user/arduino-testlib/cli-datadir/user/libraries/AzureIoTHubMQTTClient
</pre>
					
					<h4>examples/TelnetStreamSPIWiFiTest</h4>
					<p>
						Result: <b>PASS</b>
					</p>
					<pre class="pre-scrollable">Sketch uses 88854 bytes (0%) of program storage space. Maximum is 16777216 bytes.
Global variables use 43936 bytes (16%) of dynamic memory, leaving 226400 bytes for local variables. Maximum is 270336 bytes.
</pre>
					
					<h4>examples/TelnetStreamSerialWiFiTest</h4>
					<p>
						Result: <b>FAIL</b>
					</p>
					<pre class="pre-scrollable">/home/ec2-user/arduino-testlib/cli-datadir/user/libraries/TelnetStream/examples/TelnetStreamSerialWiFiTest/TelnetStreamSerialWiFiTest.ino: In function &#39;void setup()&#39;:
/home/ec2-user/arduino-testlib/cli-datadir/user/libraries/TelnetStream/examples/TelnetStreamSerialWiFiTest/TelnetStreamSerialWiFiTest.ino:28:41: error: invalid conversion from &#39;int8_t {aka signed char}&#39; to &#39;const char*&#39; [-fpermissive]
   WiFi.sntp(TIME_ZONE, &#34;us.pool.ntp.org&#34;);
                                         ^
In file included from /home/ec2-user/arduino-testlib/cli-datadir/user/libraries/WiFiEspAT/src/WiFiEspAT.h:1:0,
                 from /home/ec2-user/arduino-testlib/cli-datadir/user/libraries/TelnetStream/examples/TelnetStreamSerialWiFiTest/TelnetStreamSerialWiFiTest.ino:1:
/home/ec2-user/arduino-testlib/cli-datadir/user/libraries/WiFiEspAT/src/WiFi.h:113:8: note:   initializing argument 1 of &#39;bool WiFiClass::sntp(const char*, const char*)&#39;
   bool sntp(const char* server1, const char* server2 = nullptr);
        ^~~~

</pre>
					
				
				<h3 id="arduino:megaavr:nona4809">arduino:megaavr:nona4809 @ 1.8.7</h3>
				<h4>Inclusion</h4>
				<p>
					Result: <b>FAIL</b>
					
				</p>
				<pre class="pre-scrollable">Multiple libraries were found for &#34;WiFi.h&#34;
  Used: /home/ec2-user/arduino-testlib/cli-datadir/user/libraries/WiFi
  Not used: /home/ec2-user/arduino-testlib/cli-datadir/user/libraries/Seeed_Arduino_rpcWiFi
  Not used: /home/ec2-user/arduino-testlib/cli-datadir/user/libraries/WiFiNINA
  Not used: /home/ec2-user/arduino-testlib/cli-datadir/user/libraries/WiFiEspAT
</pre>

					
					<h4>examples/TelnetPrintEthTest</h4>
					<p>
						Result: <b>PASS</b>
					</p>
					<pre class="pre-scrollable">Sketch uses 18728 bytes (38%) of program storage space. Maximum is 49152 bytes.
Global variables use 398 bytes (6%) of dynamic memory, leaving 5746 bytes for local variables. Maximum is 6144 bytes.
</pre>
					
					<h4>examples/TelnetStreamEsp32Test</h4>
					<p>
						Result: <b>FAIL</b>
					</p>
					<pre class="pre-scrollable">/home/ec2-user/arduino-testlib/cli-datadir/user/libraries/TelnetStream/examples/TelnetStreamEsp32Test/TelnetStreamEsp32Test.ino: In function &#39;void setup()&#39;:
/home/ec2-user/arduino-testlib/cli-datadir/user/libraries/TelnetStream/examples/TelnetStreamEsp32Test/TelnetStreamEsp32Test.ino:19:12: error: &#39;class WiFiClass&#39; has no member named &#39;waitForConnectResult&#39;
   if (WiFi.waitForConnectResult() != WL_CONNECTED) {
            ^~~~~~~~~~~~~~~~~~~~
/home/ec2-user/arduino-testlib/cli-datadir/user/libraries/TelnetStream/examples/TelnetStreamEsp32Test/TelnetStreamEsp32Test.ino:26:3: error: &#39;configTime&#39; was not declared in this scope
   configTime(gmtOffset_sec, daylightOffset_sec, &#34;pool.ntp.org&#34;);
   ^~~~~~~~~~
/home/ec2-user/arduino-testlib/cli-datadir/user/libraries/TelnetStream/examples/TelnetStreamEsp32Test/TelnetStreamEsp32Test.ino:27:16: error: &#39;time&#39; was not declared in this scope
   time_t now = time(nullptr);
                ^~~~
/home/ec2-user/arduino-testlib/cli-datadir/user/libraries/TelnetStream/examples/TelnetStreamEsp32Test/TelnetStreamEsp32Test.ino:27:16: note: suggested alternative: &#39;time_t&#39;
   time_t now = time(nullptr);
                ^~~~
                time_t
/home/ec2-user/arduino-testlib/cli-datadir/user/libraries/TelnetStream/examples/TelnetStreamEsp32Test/TelnetStreamEsp32Test.ino: In function &#39;void loop()&#39;:
/home/ec2-user/arduino-testlib/cli-datadir/user/libraries/TelnetStream/examples/TelnetStreamEsp32Test/TelnetStreamEsp32Test.ino:48:5: error: &#39;ESP&#39; was not declared in this scope
     ESP.restart();
     ^~~
/home/ec2-user/arduino-testlib/cli-datadir/user/libraries/TelnetStream/examples/TelnetStreamEsp32Test/TelnetStreamEsp32Test.ino:48:5: note: suggested alternative: &#39;SP&#39;
     ESP.restart();
     ^~~
     SP
Multiple libraries were found for &#34;WiFi.h&#34;
  Used: /home/ec2-user/arduino-testlib/cli-datadir/user/libraries/WiFi
  Not used: /home/ec2-user/arduino-testlib/cli-datadir/user/libraries/WiFiEspAT
  Not used: /home/ec2-user/arduino-testlib/cli-datadir/user/libraries/WiFiNINA
  Not used: /home/ec2-user/arduino-testlib/cli-datadir/user/libraries/Seeed_Arduino_rpcWiFi
</pre>
					
					<h4>examples/TelnetStreamEsp8266Test</h4>
					<p>
						Result: <b>FAIL</b>
					</p>
					<pre class="pre-scrollable">/home/ec2-user/arduino-testlib/cli-datadir/user/libraries/TelnetStream/examples/TelnetStreamEsp8266Test/TelnetStreamEsp8266Test.ino:1:10: fatal error: ESP8266WiFi.h: No such file or directory
 #include &lt;ESP8266WiFi.h&gt;
          ^~~~~~~~~~~~~~~
compilation terminated.

</pre>
					
					<h4>examples/TelnetStreamEthTest</h4>
					<p>
						Result: <b>FAIL</b>
					</p>
					<pre class="pre-scrollable">In file included from /home/ec2-user/arduino-testlib/cli-datadir/user/libraries/TelnetStream/examples/TelnetStreamEthTest/TelnetStreamEthTest.ino:2:0:
/home/ec2-user/arduino-testlib/cli-datadir/user/libraries/NtpClientLib/src/NtpClientLib.h:114:2: error: #error &#34;Incorrect platform. Only ARDUINO and ESP8266 MCUs are valid.&#34;
 #error &#34;Incorrect platform. Only ARDUINO and ESP8266 MCUs are valid.&#34;
  ^~~~~
Multiple libraries were found for &#34;Ethernet.h&#34;
  Used: /home/ec2-user/arduino-testlib/cli-datadir/user/libraries/Ethernet
  Not used: /home/ec2-user/arduino-testlib/cli-datadir/user/libraries/UIPEthernet
  Not used: /home/ec2-user/arduino-testlib/cli-datadir/user/libraries/EthernetENC
Multiple libraries were found for &#34;NtpClientLib.h&#34;
  Used: /home/ec2-user/arduino-testlib/cli-datadir/user/libraries/NtpClientLib
  Not used: /home/ec2-user/arduino-testlib/cli-datadir/user/libraries/AzureIoTHubMQTTClient
</pre>
					
					<h4>examples/TelnetStreamSPIWiFiTest</h4>
					<p>
						Result: <b>FAIL</b>
					</p>
					<pre class="pre-scrollable">
</pre>
					
					<h4>examples/TelnetStreamSerialWiFiTest</h4>
					<p>
						Result: <b>PASS</b>
					</p>
					<pre class="pre-scrollable">Sketch uses 15084 bytes (30%) of program storage space. Maximum is 49152 bytes.
Global variables use 532 bytes (8%) of dynamic memory, leaving 5612 bytes for local variables. Maximum is 6144 bytes.
</pre>
					
				
				<h3 id="arduino:samd:mkrwifi1010">arduino:samd:mkrwifi1010 @ 1.8.12</h3>
				<h4>Inclusion</h4>
				<p>
					Result: <b>FAIL</b>
					
				</p>
				<pre class="pre-scrollable">Multiple libraries were found for &#34;WiFi.h&#34;
  Used: /home/ec2-user/arduino-testlib/cli-datadir/user/libraries/WiFi
  Not used: /home/ec2-user/arduino-testlib/cli-datadir/user/libraries/Seeed_Arduino_rpcWiFi
  Not used: /home/ec2-user/arduino-testlib/cli-datadir/user/libraries/WiFiEspAT
  Not used: /home/ec2-user/arduino-testlib/cli-datadir/user/libraries/WiFiNINA
</pre>

					
					<h4>examples/TelnetPrintEthTest</h4>
					<p>
						Result: <b>PASS</b>
					</p>
					<pre class="pre-scrollable">Sketch uses 24388 bytes (9%) of program storage space. Maximum is 262144 bytes.
Global variables use 3276 bytes (9%) of dynamic memory, leaving 29492 bytes for local variables. Maximum is 32768 bytes.
</pre>
					
					<h4>examples/TelnetStreamEsp32Test</h4>
					<p>
						Result: <b>FAIL</b>
					</p>
					<pre class="pre-scrollable">/home/ec2-user/arduino-testlib/cli-datadir/user/libraries/TelnetStream/examples/TelnetStreamEsp32Test/TelnetStreamEsp32Test.ino: In function &#39;void setup()&#39;:
/home/ec2-user/arduino-testlib/cli-datadir/user/libraries/TelnetStream/examples/TelnetStreamEsp32Test/TelnetStreamEsp32Test.ino:18:24: error: invalid conversion from &#39;const char*&#39; to &#39;char*&#39; [-fpermissive]
   WiFi.begin(ssid, pass);
                        ^
In file included from /home/ec2-user/arduino-testlib/cli-datadir/user/libraries/TelnetStream/examples/TelnetStreamEsp32Test/TelnetStreamEsp32Test.ino:1:0:
/home/ec2-user/arduino-testlib/cli-datadir/user/libraries/WiFi/src/WiFi.h:79:9: note:   initializing argument 1 of &#39;int WiFiClass::begin(char*, const char*)&#39;
     int begin(char* ssid, const char *passphrase);
         ^~~~~
/home/ec2-user/arduino-testlib/cli-datadir/user/libraries/TelnetStream/examples/TelnetStreamEsp32Test/TelnetStreamEsp32Test.ino:19:12: error: &#39;class WiFiClass&#39; has no member named &#39;waitForConnectResult&#39;
   if (WiFi.waitForConnectResult() != WL_CONNECTED) {
            ^~~~~~~~~~~~~~~~~~~~
/home/ec2-user/arduino-testlib/cli-datadir/user/libraries/TelnetStream/examples/TelnetStreamEsp32Test/TelnetStreamEsp32Test.ino:26:3: error: &#39;configTime&#39; was not declared in this scope
   configTime(gmtOffset_sec, daylightOffset_sec, &#34;pool.ntp.org&#34;);
   ^~~~~~~~~~
/home/ec2-user/arduino-testlib/cli-datadir/user/libraries/TelnetStream/examples/TelnetStreamEsp32Test/TelnetStreamEsp32Test.ino:27:16: error: &#39;time&#39; was not declared in this scope
   time_t now = time(nullptr);
                ^~~~
/home/ec2-user/arduino-testlib/cli-datadir/user/libraries/TelnetStream/examples/TelnetStreamEsp32Test/TelnetStreamEsp32Test.ino:27:16: note: suggested alternative: &#39;time_t&#39;
   time_t now = time(nullptr);
                ^~~~
                time_t
/home/ec2-user/arduino-testlib/cli-datadir/user/libraries/TelnetStream/examples/TelnetStreamEsp32Test/TelnetStreamEsp32Test.ino: In function &#39;void loop()&#39;:
/home/ec2-user/arduino-testlib/cli-datadir/user/libraries/TelnetStream/examples/TelnetStreamEsp32Test/TelnetStreamEsp32Test.ino:48:5: error: &#39;ESP&#39; was not declared in this scope
     ESP.restart();
     ^~~
Multiple libraries were found for &#34;WiFi.h&#34;
  Used: /home/ec2-user/arduino-testlib/cli-datadir/user/libraries/WiFi
  Not used: /home/ec2-user/arduino-testlib/cli-datadir/user/libraries/WiFiNINA
  Not used: /home/ec2-user/arduino-testlib/cli-datadir/user/libraries/WiFiEspAT
  Not used: /home/ec2-user/arduino-testlib/cli-datadir/user/libraries/Seeed_Arduino_rpcWiFi
</pre>
					
					<h4>examples/TelnetStreamEsp8266Test</h4>
					<p>
						Result: <b>FAIL</b>
					</p>
					<pre class="pre-scrollable">/home/ec2-user/arduino-testlib/cli-datadir/user/libraries/TelnetStream/examples/TelnetStreamEsp8266Test/TelnetStreamEsp8266Test.ino:1:10: fatal error: ESP8266WiFi.h: No such file or directory
 #include &lt;ESP8266WiFi.h&gt;
          ^~~~~~~~~~~~~~~
compilation terminated.

</pre>
					
					<h4>examples/TelnetStreamEthTest</h4>
					<p>
						Result: <b>FAIL</b>
					</p>
					<pre class="pre-scrollable">In file included from /home/ec2-user/arduino-testlib/cli-datadir/user/libraries/WiFi101/src/WiFi101.h:35:0,
                 from /home/ec2-user/arduino-testlib/cli-datadir/user/libraries/NtpClientLib/src/NtpClientLib.h:104,
                 from /home/ec2-user/arduino-testlib/cli-datadir/user/libraries/TelnetStream/examples/TelnetStreamEthTest/TelnetStreamEthTest.ino:2:
/home/ec2-user/arduino-testlib/cli-datadir/user/libraries/WiFi101/src/WiFiClient.h:31:7: error: redefinition of &#39;class WiFiClient&#39;
 class WiFiClient : public Client {
       ^~~~~~~~~~
In file included from /home/ec2-user/arduino-testlib/cli-datadir/user/libraries/NtpClientLib/src/NtpClientLib.h:102:0,
                 from /home/ec2-user/arduino-testlib/cli-datadir/user/libraries/TelnetStream/examples/TelnetStreamEthTest/TelnetStreamEthTest.ino:2:
/home/ec2-user/arduino-testlib/cli-datadir/user/libraries/WiFiEspAT/src/WiFiClient.h:35:7: note: previous definition of &#39;class WiFiClient&#39;
 class WiFiClient : public Client {
       ^~~~~~~~~~
Multiple libraries were found for &#34;Ethernet.h&#34;
  Used: /home/ec2-user/arduino-testlib/cli-datadir/user/libraries/Ethernet
  Not used: /home/ec2-user/arduino-testlib/cli-datadir/user/libraries/EthernetENC
  Not used: /home/ec2-user/arduino-testlib/cli-datadir/user/libraries/UIPEthernet
Multiple libraries were found for &#34;NtpClientLib.h&#34;
  Used: /home/ec2-user/arduino-testlib/cli-datadir/user/libraries/NtpClientLib
  Not used: /home/ec2-user/arduino-testlib/cli-datadir/user/libraries/AzureIoTHubMQTTClient
Multiple libraries were found for &#34;WiFiClient.h&#34;
  Used: /home/ec2-user/arduino-testlib/cli-datadir/user/libraries/WiFiEspAT
  Not used: /home/ec2-user/arduino-testlib/cli-datadir/user/libraries/Seeed_Arduino_rpcWiFi
  Not used: /home/ec2-user/arduino-testlib/cli-datadir/user/libraries/WiFi
  Not used: /home/ec2-user/arduino-testlib/cli-datadir/user/libraries/WiFiNINA
  Not used: /home/ec2-user/arduino-testlib/cli-datadir/user/libraries/WiFi101
  Not used: /home/ec2-user/arduino-testlib/cli-datadir/user/libraries/WiFi_Link
</pre>
					
					<h4>examples/TelnetStreamSPIWiFiTest</h4>
					<p>
						Result: <b>PASS</b>
					</p>
					<pre class="pre-scrollable">Sketch uses 23388 bytes (8%) of program storage space. Maximum is 262144 bytes.
Global variables use 3348 bytes (10%) of dynamic memory, leaving 29420 bytes for local variables. Maximum is 32768 bytes.
</pre>
					
					<h4>examples/TelnetStreamSerialWiFiTest</h4>
					<p>
						Result: <b>FAIL</b>
					</p>
					<pre class="pre-scrollable">/home/ec2-user/arduino-testlib/cli-datadir/user/libraries/TelnetStream/examples/TelnetStreamSerialWiFiTest/TelnetStreamSerialWiFiTest.ino: In function &#39;void setup()&#39;:
/home/ec2-user/arduino-testlib/cli-datadir/user/libraries/TelnetStream/examples/TelnetStreamSerialWiFiTest/TelnetStreamSerialWiFiTest.ino:28:41: error: invalid conversion from &#39;int8_t {aka signed char}&#39; to &#39;const char*&#39; [-fpermissive]
   WiFi.sntp(TIME_ZONE, &#34;us.pool.ntp.org&#34;);
                                         ^
In file included from /home/ec2-user/arduino-testlib/cli-datadir/user/libraries/WiFiEspAT/src/WiFiEspAT.h:1:0,
                 from /home/ec2-user/arduino-testlib/cli-datadir/user/libraries/TelnetStream/examples/TelnetStreamSerialWiFiTest/TelnetStreamSerialWiFiTest.ino:1:
/home/ec2-user/arduino-testlib/cli-datadir/user/libraries/WiFiEspAT/src/WiFi.h:113:8: note:   initializing argument 1 of &#39;bool WiFiClass::sntp(const char*, const char*)&#39;
   bool sntp(const char* server1, const char* server2 = nullptr);
        ^~~~

</pre>
					
				
				<h3 id="esp32:esp32:d1_mini32">esp32:esp32:d1_mini32 @ 1.0.6</h3>
				<h4>Inclusion</h4>
				<p>
					Result: <b>PASS</b>
					
				</p>
				<pre class="pre-scrollable">Sketch uses 204262 bytes (15%) of program storage space. Maximum is 1310720 bytes.
Global variables use 13280 bytes (4%) of dynamic memory, leaving 314400 bytes for local variables. Maximum is 327680 bytes.
</pre>

					
					<h4>examples/TelnetPrintEthTest</h4>
					<p>
						Result: <b>PASS</b>
					</p>
					<pre class="pre-scrollable">Sketch uses 339166 bytes (25%) of program storage space. Maximum is 1310720 bytes.
Global variables use 17240 bytes (5%) of dynamic memory, leaving 310440 bytes for local variables. Maximum is 327680 bytes.
</pre>
					
					<h4>examples/TelnetStreamEsp32Test</h4>
					<p>
						Result: <b>PASS</b>
					</p>
					<pre class="pre-scrollable">Sketch uses 670662 bytes (51%) of program storage space. Maximum is 1310720 bytes.
Global variables use 38348 bytes (11%) of dynamic memory, leaving 289332 bytes for local variables. Maximum is 327680 bytes.
</pre>
					
					<h4>examples/TelnetStreamEsp8266Test</h4>
					<p>
						Result: <b>FAIL</b>
					</p>
					<pre class="pre-scrollable">/home/ec2-user/arduino-testlib/cli-datadir/user/libraries/TelnetStream/examples/TelnetStreamEsp8266Test/TelnetStreamEsp8266Test.ino:1:25: fatal error: ESP8266WiFi.h: No such file or directory
 #include &lt;ESP8266WiFi.h&gt;
                         ^
compilation terminated.

</pre>
					
					<h4>examples/TelnetStreamEthTest</h4>
					<p>
						Result: <b>PASS</b>
					</p>
					<pre class="pre-scrollable">Sketch uses 392878 bytes (29%) of program storage space. Maximum is 1310720 bytes.
Global variables use 17968 bytes (5%) of dynamic memory, leaving 309712 bytes for local variables. Maximum is 327680 bytes.
In file included from /home/ec2-user/arduino-testlib/cli-datadir/data/packages/esp32/hardware/esp32/1.0.6/cores/esp32/Arduino.h:150:0,
                 from /home/ec2-user/arduino-testlib/cli-datadir/user/libraries/NtpClientLib/src/NtpClientLib.h:59,
                 from /home/ec2-user/arduino-testlib/cli-datadir/user/libraries/NtpClientLib/src/NTPClientLib.cpp:32:
/home/ec2-user/arduino-testlib/cli-datadir/data/packages/esp32/hardware/esp32/1.0.6/cores/esp32/IPAddress.h: In member function &#39;time_t NTPClient::getTime()&#39;:
/home/ec2-user/arduino-testlib/cli-datadir/data/packages/esp32/hardware/esp32/1.0.6/cores/esp32/IPAddress.h:67:10: note: candidate 1: bool IPAddress::operator==(const uint8_t*) const
     bool operator==(const uint8_t* addr) const;
          ^
/home/ec2-user/arduino-testlib/cli-datadir/user/libraries/NtpClientLib/src/NTPClientLib.cpp:289:41: note: candidate 2: operator==(uint32_t {aka unsigned int}, uint32_t {aka unsigned int}) &lt;built-in&gt;
   if (ntpServerIPAddress == (uint32_t)(0)) {
                                         ^
</pre>
					
					<h4>examples/TelnetStreamSPIWiFiTest</h4>
					<p>
						Result: <b>FAIL</b>
					</p>
					<pre class="pre-scrollable">In file included from /home/ec2-user/arduino-testlib/cli-datadir/user/libraries/WiFiNINA/src/WiFiStorage.h:23:0,
                 from /home/ec2-user/arduino-testlib/cli-datadir/user/libraries/WiFiNINA/src/WiFi.h:38,
                 from /home/ec2-user/arduino-testlib/cli-datadir/user/libraries/WiFiNINA/src/WiFiNINA.h:23,
                 from /home/ec2-user/arduino-testlib/cli-datadir/user/libraries/TelnetStream/examples/TelnetStreamSPIWiFiTest/TelnetStreamSPIWiFiTest.ino:1:
/home/ec2-user/arduino-testlib/cli-datadir/user/libraries/WiFiNINA/src/utility/wifi_drv.h:293:12: error: &#39;PinStatus&#39; does not name a type
     static PinStatus digitalRead(uint8_t pin);
            ^
In file included from /home/ec2-user/arduino-testlib/cli-datadir/user/libraries/TelnetStream/src/NetTypes.h:34:0,
                 from /home/ec2-user/arduino-testlib/cli-datadir/user/libraries/TelnetStream/src/TelnetStream.h:22,
                 from /home/ec2-user/arduino-testlib/cli-datadir/user/libraries/TelnetStream/examples/TelnetStreamSPIWiFiTest/TelnetStreamSPIWiFiTest.ino:3:
/home/ec2-user/arduino-testlib/cli-datadir/user/libraries/TelnetStream/src/ArduinoWiFiServer.h: In constructor &#39;ArduinoWiFiServer::ArduinoWiFiServer(const IPAddress&amp;, uint16_t)&#39;:
/home/ec2-user/arduino-testlib/cli-datadir/user/libraries/TelnetStream/src/ArduinoWiFiServer.h:37:82: error: no matching function for call to &#39;WiFiServer::WiFiServer(const IPAddress&amp;, uint16_t&amp;)&#39;
   ArduinoWiFiServer(const IPAddress&amp; addr, uint16_t port) : WiFiServer(addr, port) {}
                                                                                  ^
In file included from /home/ec2-user/arduino-testlib/cli-datadir/user/libraries/WiFiNINA/src/WiFi.h:37:0,
                 from /home/ec2-user/arduino-testlib/cli-datadir/user/libraries/WiFiNINA/src/WiFiNINA.h:23,
                 from /home/ec2-user/arduino-testlib/cli-datadir/user/libraries/TelnetStream/examples/TelnetStreamSPIWiFiTest/TelnetStreamSPIWiFiTest.ino:1:
/home/ec2-user/arduino-testlib/cli-datadir/user/libraries/WiFiNINA/src/WiFiServer.h:39:3: note: candidate: WiFiServer::WiFiServer(uint16_t)
   WiFiServer(uint16_t);
   ^
/home/ec2-user/arduino-testlib/cli-datadir/user/libraries/WiFiNINA/src/WiFiServer.h:39:3: note:   candidate expects 1 argument, 2 provided
/home/ec2-user/arduino-testlib/cli-datadir/user/libraries/WiFiNINA/src/WiFiServer.h:32:7: note: candidate: constexpr WiFiServer::WiFiServer(const WiFiServer&amp;)
 class WiFiServer : public Server {
       ^
/home/ec2-user/arduino-testlib/cli-datadir/user/libraries/WiFiNINA/src/WiFiServer.h:32:7: note:   candidate expects 1 argument, 2 provided
/home/ec2-user/arduino-testlib/cli-datadir/user/libraries/WiFiNINA/src/WiFiServer.h:32:7: note: candidate: constexpr WiFiServer::WiFiServer(WiFiServer&amp;&amp;)
/home/ec2-user/arduino-testlib/cli-datadir/user/libraries/WiFiNINA/src/WiFiServer.h:32:7: note:   candidate expects 1 argument, 2 provided
In file included from /home/ec2-user/arduino-testlib/cli-datadir/user/libraries/TelnetStream/examples/TelnetStreamSPIWiFiTest/TelnetStreamSPIWiFiTest.ino:3:0:
/home/ec2-user/arduino-testlib/cli-datadir/user/libraries/TelnetStream/src/TelnetStream.h: At global scope:
/home/ec2-user/arduino-testlib/cli-datadir/user/libraries/TelnetStream/src/TelnetStream.h:27:13: error: cannot declare field &#39;TelnetStreamClass::server&#39; to be of abstract type &#39;ArduinoWiFiServer&#39;
   NetServer server;
             ^
In file included from /home/ec2-user/arduino-testlib/cli-datadir/user/libraries/TelnetStream/src/NetTypes.h:34:0,
                 from /home/ec2-user/arduino-testlib/cli-datadir/user/libraries/TelnetStream/src/TelnetStream.h:22,
                 from /home/ec2-user/arduino-testlib/cli-datadir/user/libraries/TelnetStream/examples/TelnetStreamSPIWiFiTest/TelnetStreamSPIWiFiTest.ino:3:
/home/ec2-user/arduino-testlib/cli-datadir/user/libraries/TelnetStream/src/ArduinoWiFiServer.h:34:7: note:   because the following virtual functions are pure within &#39;ArduinoWiFiServer&#39;:
 class ArduinoWiFiServer : public WiFiServer {
       ^
In file included from /home/ec2-user/arduino-testlib/cli-datadir/data/packages/esp32/hardware/esp32/1.0.6/cores/esp32/Arduino.h:152:0,
                 from /tmp/arduino-sketch-10117D907FC94CE7823784CB08A397CF/sketch/TelnetStreamSPIWiFiTest.ino.cpp:1:
/home/ec2-user/arduino-testlib/cli-datadir/data/packages/esp32/hardware/esp32/1.0.6/cores/esp32/Server.h:28:18: note: 	virtual void Server::begin(uint16_t)
     virtual void begin(uint16_t port=0) =0;
                  ^

</pre>
					
					<h4>examples/TelnetStreamSerialWiFiTest</h4>
					<p>
						Result: <b>FAIL</b>
					</p>
					<pre class="pre-scrollable">In file included from /home/ec2-user/arduino-testlib/cli-datadir/user/libraries/TelnetStream/src/NetTypes.h:34:0,
                 from /home/ec2-user/arduino-testlib/cli-datadir/user/libraries/TelnetStream/src/TelnetStream.h:22,
                 from /home/ec2-user/arduino-testlib/cli-datadir/user/libraries/TelnetStream/examples/TelnetStreamSerialWiFiTest/TelnetStreamSerialWiFiTest.ino:3:
/home/ec2-user/arduino-testlib/cli-datadir/user/libraries/TelnetStream/src/ArduinoWiFiServer.h:110:16: error: type &#39;Print&#39; is not a base type for type &#39;ArduinoWiFiServer&#39;
   using Print::write;
                ^
/home/ec2-user/arduino-testlib/cli-datadir/user/libraries/TelnetStream/src/ArduinoWiFiServer.h:62:18: error: &#39;virtual size_t ArduinoWiFiServer::write(uint8_t)&#39; marked &#39;override&#39;, but does not override
   virtual size_t write(uint8_t b) override {
                  ^
/home/ec2-user/arduino-testlib/cli-datadir/user/libraries/TelnetStream/src/ArduinoWiFiServer.h:66:18: error: &#39;virtual size_t ArduinoWiFiServer::write(const uint8_t*, size_t)&#39; marked &#39;override&#39;, but does not override
   virtual size_t write(const uint8_t *buf, size_t size) override {
                  ^
/home/ec2-user/arduino-testlib/cli-datadir/user/libraries/TelnetStream/src/ArduinoWiFiServer.h: In constructor &#39;ArduinoWiFiServer::ArduinoWiFiServer(const IPAddress&amp;, uint16_t)&#39;:
/home/ec2-user/arduino-testlib/cli-datadir/user/libraries/TelnetStream/src/ArduinoWiFiServer.h:37:82: error: no matching function for call to &#39;WiFiServer::WiFiServer(const IPAddress&amp;, uint16_t&amp;)&#39;
   ArduinoWiFiServer(const IPAddress&amp; addr, uint16_t port) : WiFiServer(addr, port) {}
                                                                                  ^
In file included from /home/ec2-user/arduino-testlib/cli-datadir/user/libraries/WiFiEspAT/src/WiFi.h:28:0,
                 from /home/ec2-user/arduino-testlib/cli-datadir/user/libraries/WiFiEspAT/src/WiFiEspAT.h:1,
                 from /home/ec2-user/arduino-testlib/cli-datadir/user/libraries/TelnetStream/examples/TelnetStreamSerialWiFiTest/TelnetStreamSerialWiFiTest.ino:1:
/home/ec2-user/arduino-testlib/cli-datadir/user/libraries/WiFiEspAT/src/WiFiServer.h:28:3: note: candidate: WiFiServer::WiFiServer(uint16_t)
   WiFiServer(uint16_t);
   ^
/home/ec2-user/arduino-testlib/cli-datadir/user/libraries/WiFiEspAT/src/WiFiServer.h:28:3: note:   candidate expects 1 argument, 2 provided
/home/ec2-user/arduino-testlib/cli-datadir/user/libraries/WiFiEspAT/src/WiFiServer.h:25:7: note: candidate: constexpr WiFiServer::WiFiServer(const WiFiServer&amp;)
 class WiFiServer {
       ^
/home/ec2-user/arduino-testlib/cli-datadir/user/libraries/WiFiEspAT/src/WiFiServer.h:25:7: note:   candidate expects 1 argument, 2 provided
/home/ec2-user/arduino-testlib/cli-datadir/user/libraries/WiFiEspAT/src/WiFiServer.h:25:7: note: candidate: constexpr WiFiServer::WiFiServer(WiFiServer&amp;&amp;)
/home/ec2-user/arduino-testlib/cli-datadir/user/libraries/WiFiEspAT/src/WiFiServer.h:25:7: note:   candidate expects 1 argument, 2 provided
/home/ec2-user/arduino-testlib/cli-datadir/user/libraries/TelnetStream/examples/TelnetStreamSerialWiFiTest/TelnetStreamSerialWiFiTest.ino: In function &#39;void setup()&#39;:
/home/ec2-user/arduino-testlib/cli-datadir/user/libraries/TelnetStream/examples/TelnetStreamSerialWiFiTest/TelnetStreamSerialWiFiTest.ino:28:41: error: invalid conversion from &#39;int8_t {aka signed char}&#39; to &#39;const char*&#39; [-fpermissive]
   WiFi.sntp(TIME_ZONE, &#34;us.pool.ntp.org&#34;);
                                         ^
In file included from /home/ec2-user/arduino-testlib/cli-datadir/user/libraries/WiFiEspAT/src/WiFiEspAT.h:1:0,
                 from /home/ec2-user/arduino-testlib/cli-datadir/user/libraries/TelnetStream/examples/TelnetStreamSerialWiFiTest/TelnetStreamSerialWiFiTest.ino:1:
/home/ec2-user/arduino-testlib/cli-datadir/user/libraries/WiFiEspAT/src/WiFi.h:113:8: note:   initializing argument 1 of &#39;bool WiFiClass::sntp(const char*, const char*)&#39;
   bool sntp(const char* server1, const char* server2 = nullptr);
        ^

</pre>
					
				
			</div>
		</div>
	</div>
  </body>
</html>
