
<!doctype html>
<html lang="en">
  <head>
    <meta charset="utf-8">
    <meta name="viewport" content="width=device-width, initial-scale=1">
    <link href="https://cdn.jsdelivr.net/npm/bootstrap@5.0.2/dist/css/bootstrap.min.css" rel="stylesheet" integrity="sha384-EVSTQN3/azprG1Anm3QDgpJLIm9Nao0Yz1ztcQTwFspd3yD65VohhpuuCOmLASjC" crossorigin="anonymous">
    <title>arduino-testlib report</title>
	<style>
	.pass { background-color: #00FF00 !important; }
	.fail { background-color: #FF0000 !important; }
	</style>
  </head>
  <body>
	<div class="container">
		<div class="row">
			<div class="col">
				<h1>TheThingsNode - compatibility matrix</h1>
				<p>
					<small>This report was generated on Monday, 21-Feb-22 12:00:25 CET using 
					<a href="https://github.com/alranel/arduino-testlib">arduino-testlib</a>.</small>
				</p>

				<h2>TheThingsNode</h2>
				<p>
					Version: <b>2.0.9</b>
					<br />
					<a href="https://www.arduino.cc/reference/en/libraries/thethingsnode/">More details</a>
				</p>

				<h2>Compatibility matrix</h2>
				<table class="table table-bordered">
					<tr>
						<th>Board</th>
						<th>Claims compatibility</th>
						<th>Inclusion</th>
						
						<th><pre>CayenneLPP</pre></th>
						
						<th><pre>DeviceInfo</pre></th>
						
						<th><pre>PassThrough</pre></th>
						
						<th><pre>Basic</pre></th>
						
						<th><pre>BatteryMonitorLPP</pre></th>
						
					</tr>
					
					<tr>
						<td>
							<a href="#arduino%3aavr%3auno"><b>arduino:avr:uno</b></a>
							<br />
							<small>1.8.4</small>
						</td>

						
						
						
							<td>Yes ⚠️</td>
							<td class="fail">FAIL</td>
						
						

						
							
								
									
										
									
										
									
										
											
											<td class="fail">FAIL</td>
										
									
										
									
										
									
								
							
								
							
								
							
								
							
								
							
						
							
								
									
										
									
										
									
										
									
										
											
											<td class="fail">FAIL</td>
										
									
										
									
								
							
								
							
								
							
								
							
								
							
						
							
								
									
										
									
										
									
										
									
										
									
										
											
											<td class="fail">FAIL</td>
										
									
								
							
								
							
								
							
								
							
								
							
						
							
								
									
										
											
											<td class="fail">FAIL</td>
										
									
										
									
										
									
										
									
										
									
								
							
								
							
								
							
								
							
								
							
						
							
								
									
										
									
										
											
											<td class="fail">FAIL</td>
										
									
										
									
										
									
										
									
								
							
								
							
								
							
								
							
								
							
						
					</tr>
					
					<tr>
						<td>
							<a href="#arduino%3ambed_nano%3ananorp2040connect"><b>arduino:mbed_nano:nanorp2040connect</b></a>
							<br />
							<small>2.7.2</small>
						</td>

						
						
						
						
							<td>No</td>
							<td class="fail">FAIL</td>
						

						
							
								
							
								
									
										
									
										
									
										
											
											<td class="fail">FAIL</td>
										
									
										
									
										
									
								
							
								
							
								
							
								
							
						
							
								
							
								
									
										
									
										
									
										
									
										
											
											<td class="fail">FAIL</td>
										
									
										
									
								
							
								
							
								
							
								
							
						
							
								
							
								
									
										
									
										
									
										
									
										
									
										
											<td class="pass">PASS</td>
											
										
									
								
							
								
							
								
							
								
							
						
							
								
							
								
									
										
											
											<td class="fail">FAIL</td>
										
									
										
									
										
									
										
									
										
									
								
							
								
							
								
							
								
							
						
							
								
							
								
									
										
									
										
											
											<td class="fail">FAIL</td>
										
									
										
									
										
									
										
									
								
							
								
							
								
							
								
							
						
					</tr>
					
					<tr>
						<td>
							<a href="#arduino%3amegaavr%3anona4809"><b>arduino:megaavr:nona4809</b></a>
							<br />
							<small>1.8.7</small>
						</td>

						
						
						
						
							<td>No</td>
							<td class="fail">FAIL</td>
						

						
							
								
							
								
							
								
									
										
									
										
									
										
											
											<td class="fail">FAIL</td>
										
									
										
									
										
									
								
							
								
							
								
							
						
							
								
							
								
							
								
									
										
									
										
									
										
									
										
											
											<td class="fail">FAIL</td>
										
									
										
									
								
							
								
							
								
							
						
							
								
							
								
							
								
									
										
									
										
									
										
									
										
									
										
											<td class="pass">PASS</td>
											
										
									
								
							
								
							
								
							
						
							
								
							
								
							
								
									
										
											
											<td class="fail">FAIL</td>
										
									
										
									
										
									
										
									
										
									
								
							
								
							
								
							
						
							
								
							
								
							
								
									
										
									
										
											
											<td class="fail">FAIL</td>
										
									
										
									
										
									
										
									
								
							
								
							
								
							
						
					</tr>
					
					<tr>
						<td>
							<a href="#arduino%3asamd%3amkrwifi1010"><b>arduino:samd:mkrwifi1010</b></a>
							<br />
							<small>1.8.12</small>
						</td>

						
						
						
						
							<td>No</td>
							<td class="fail">FAIL</td>
						

						
							
								
							
								
							
								
							
								
									
										
									
										
									
										
											
											<td class="fail">FAIL</td>
										
									
										
									
										
									
								
							
								
							
						
							
								
							
								
							
								
							
								
									
										
									
										
									
										
									
										
											
											<td class="fail">FAIL</td>
										
									
										
									
								
							
								
							
						
							
								
							
								
							
								
							
								
									
										
									
										
									
										
									
										
									
										
											<td class="pass">PASS</td>
											
										
									
								
							
								
							
						
							
								
							
								
							
								
							
								
									
										
											
											<td class="fail">FAIL</td>
										
									
										
									
										
									
										
									
										
									
								
							
								
							
						
							
								
							
								
							
								
							
								
									
										
									
										
											
											<td class="fail">FAIL</td>
										
									
										
									
										
									
										
									
								
							
								
							
						
					</tr>
					
					<tr>
						<td>
							<a href="#esp32%3aesp32%3ad1_mini32"><b>esp32:esp32:d1_mini32</b></a>
							<br />
							<small>1.0.6</small>
						</td>

						
						
						
						
							<td>No</td>
							<td class="fail">FAIL</td>
						

						
							
								
							
								
							
								
							
								
							
								
									
										
									
										
									
										
											
											<td class="fail">FAIL</td>
										
									
										
									
										
									
								
							
						
							
								
							
								
							
								
							
								
							
								
									
										
									
										
									
										
									
										
											
											<td class="fail">FAIL</td>
										
									
										
									
								
							
						
							
								
							
								
							
								
							
								
							
								
									
										
									
										
									
										
									
										
									
										
											<td class="pass">PASS</td>
											
										
									
								
							
						
							
								
							
								
							
								
							
								
							
								
									
										
											
											<td class="fail">FAIL</td>
										
									
										
									
										
									
										
									
										
									
								
							
						
							
								
							
								
							
								
							
								
							
								
									
										
									
										
											
											<td class="fail">FAIL</td>
										
									
										
									
										
									
										
									
								
							
						
					</tr>
					
				</table>

				<h2>Compilation logs</h2>
				
				<h3 id="arduino:avr:uno">arduino:avr:uno @ 1.8.4</h3>
				<h4>Inclusion</h4>
				<p>
					Result: <b>FAIL</b>
					
				</p>
				<pre class="pre-scrollable">/home/ec2-user/arduino-testlib/cli-datadir/user/libraries/TheThingsNode/src/TheThingsNode.cpp: In member function &#39;bool TheThingsNode::isUSBConnected()&#39;:
/home/ec2-user/arduino-testlib/cli-datadir/user/libraries/TheThingsNode/src/TheThingsNode.cpp:724:10: error: &#39;USBSTA&#39; was not declared in this scope
   return USBSTA &amp; (1 &lt;&lt; VBUS);
          ^~~~~~
/home/ec2-user/arduino-testlib/cli-datadir/user/libraries/TheThingsNode/src/TheThingsNode.cpp:724:10: note: suggested alternative: &#39;USBS0&#39;
   return USBSTA &amp; (1 &lt;&lt; VBUS);
          ^~~~~~
          USBS0
/home/ec2-user/arduino-testlib/cli-datadir/user/libraries/TheThingsNode/src/TheThingsNode.cpp:724:25: error: &#39;VBUS&#39; was not declared in this scope
   return USBSTA &amp; (1 &lt;&lt; VBUS);
                         ^~~~
/home/ec2-user/arduino-testlib/cli-datadir/user/libraries/TheThingsNode/src/TheThingsNode.cpp: In constructor &#39;TheThingsNode::TheThingsNode()&#39;:
/home/ec2-user/arduino-testlib/cli-datadir/user/libraries/TheThingsNode/src/TheThingsNode.cpp:761:3: error: &#39;USBCON&#39; was not declared in this scope
   USBCON |= (1 &lt;&lt; OTGPADE);
   ^~~~~~
/home/ec2-user/arduino-testlib/cli-datadir/user/libraries/TheThingsNode/src/TheThingsNode.cpp:761:3: note: suggested alternative: &#39;USBS0&#39;
   USBCON |= (1 &lt;&lt; OTGPADE);
   ^~~~~~
   USBS0
/home/ec2-user/arduino-testlib/cli-datadir/user/libraries/TheThingsNode/src/TheThingsNode.cpp:761:19: error: &#39;OTGPADE&#39; was not declared in this scope
   USBCON |= (1 &lt;&lt; OTGPADE);
                   ^~~~~~~
/home/ec2-user/arduino-testlib/cli-datadir/user/libraries/TheThingsNode/src/TheThingsNode.cpp: In member function &#39;void TheThingsNode::deepSleep()&#39;:
/home/ec2-user/arduino-testlib/cli-datadir/user/libraries/TheThingsNode/src/TheThingsNode.cpp:895:18: error: &#39;JTD&#39; was not declared in this scope
   MCUCR |= (1 &lt;&lt; JTD);
                  ^~~
/home/ec2-user/arduino-testlib/cli-datadir/user/libraries/TheThingsNode/src/TheThingsNode.cpp:896:3: error: &#39;USBCON&#39; was not declared in this scope
   USBCON |= (1 &lt;&lt; FRZCLK);
   ^~~~~~
/home/ec2-user/arduino-testlib/cli-datadir/user/libraries/TheThingsNode/src/TheThingsNode.cpp:896:3: note: suggested alternative: &#39;USBS0&#39;
   USBCON |= (1 &lt;&lt; FRZCLK);
   ^~~~~~
   USBS0
/home/ec2-user/arduino-testlib/cli-datadir/user/libraries/TheThingsNode/src/TheThingsNode.cpp:896:19: error: &#39;FRZCLK&#39; was not declared in this scope
   USBCON |= (1 &lt;&lt; FRZCLK);
                   ^~~~~~
/home/ec2-user/arduino-testlib/cli-datadir/user/libraries/TheThingsNode/src/TheThingsNode.cpp:896:19: note: suggested alternative: &#39;EXCLK&#39;
   USBCON |= (1 &lt;&lt; FRZCLK);
                   ^~~~~~
                   EXCLK
/home/ec2-user/arduino-testlib/cli-datadir/user/libraries/TheThingsNode/src/TheThingsNode.cpp:898:3: error: &#39;PLLCSR&#39; was not declared in this scope
   PLLCSR &amp;= ~_BV(PLLE);
   ^~~~~~
/home/ec2-user/arduino-testlib/cli-datadir/user/libraries/TheThingsNode/src/TheThingsNode.cpp:898:3: note: suggested alternative: &#39;ACSR&#39;
   PLLCSR &amp;= ~_BV(PLLE);
   ^~~~~~
   ACSR
In file included from /home/ec2-user/arduino-testlib/cli-datadir/data/packages/arduino/tools/avr-gcc/7.3.0-atmel3.6.1-arduino7/avr/include/avr/io.h:99:0,
                 from /home/ec2-user/arduino-testlib/cli-datadir/data/packages/arduino/tools/avr-gcc/7.3.0-atmel3.6.1-arduino7/avr/include/avr/pgmspace.h:90,
                 from /home/ec2-user/arduino-testlib/cli-datadir/data/packages/arduino/hardware/avr/1.8.4/cores/arduino/Arduino.h:28,
                 from /home/ec2-user/arduino-testlib/cli-datadir/user/libraries/TheThingsNode/src/TheThingsNode.cpp:4:
/home/ec2-user/arduino-testlib/cli-datadir/user/libraries/TheThingsNode/src/TheThingsNode.cpp:898:18: error: &#39;PLLE&#39; was not declared in this scope
   PLLCSR &amp;= ~_BV(PLLE);
                  ^
/home/ec2-user/arduino-testlib/cli-datadir/user/libraries/TheThingsNode/src/TheThingsNode.cpp:898:18: note: suggested alternative: &#39;FILE&#39;

</pre>

					
					<h4>examples/Basic</h4>
					<p>
						Result: <b>FAIL</b>
					</p>
					<pre class="pre-scrollable">/home/ec2-user/arduino-testlib/cli-datadir/user/libraries/TheThingsNode/examples/Basic/Basic.ino:7:20: error: &#39;Serial1&#39; was not declared in this scope
 #define loraSerial Serial1
                    ^
/home/ec2-user/arduino-testlib/cli-datadir/user/libraries/TheThingsNode/examples/Basic/Basic.ino:13:22: note: in expansion of macro &#39;loraSerial&#39;
 TheThingsNetwork ttn(loraSerial, debugSerial, freqPlan);
                      ^~~~~~~~~~
/home/ec2-user/arduino-testlib/cli-datadir/user/libraries/TheThingsNode/examples/Basic/Basic.ino:7:20: note: suggested alternative: &#39;Serial&#39;
 #define loraSerial Serial1
                    ^
/home/ec2-user/arduino-testlib/cli-datadir/user/libraries/TheThingsNode/examples/Basic/Basic.ino:13:22: note: in expansion of macro &#39;loraSerial&#39;
 TheThingsNetwork ttn(loraSerial, debugSerial, freqPlan);
                      ^~~~~~~~~~
/home/ec2-user/arduino-testlib/cli-datadir/user/libraries/TheThingsNode/examples/Basic/Basic.ino: In function &#39;void setup()&#39;:
/home/ec2-user/arduino-testlib/cli-datadir/user/libraries/TheThingsNode/examples/Basic/Basic.ino:7:20: error: &#39;Serial1&#39; was not declared in this scope
 #define loraSerial Serial1
                    ^
/home/ec2-user/arduino-testlib/cli-datadir/user/libraries/TheThingsNode/examples/Basic/Basic.ino:46:3: note: in expansion of macro &#39;loraSerial&#39;
   loraSerial.begin(57600);
   ^~~~~~~~~~
/home/ec2-user/arduino-testlib/cli-datadir/user/libraries/TheThingsNode/examples/Basic/Basic.ino:7:20: note: suggested alternative: &#39;Serial&#39;
 #define loraSerial Serial1
                    ^
/home/ec2-user/arduino-testlib/cli-datadir/user/libraries/TheThingsNode/examples/Basic/Basic.ino:46:3: note: in expansion of macro &#39;loraSerial&#39;
   loraSerial.begin(57600);
   ^~~~~~~~~~

</pre>
					
					<h4>examples/BatteryMonitorLPP</h4>
					<p>
						Result: <b>FAIL</b>
					</p>
					<pre class="pre-scrollable">/home/ec2-user/arduino-testlib/cli-datadir/user/libraries/TheThingsNode/examples/BatteryMonitorLPP/BatteryMonitorLPP.ino:12:20: error: &#39;Serial1&#39; was not declared in this scope
 #define loraSerial Serial1
                    ^
/home/ec2-user/arduino-testlib/cli-datadir/user/libraries/TheThingsNode/examples/BatteryMonitorLPP/BatteryMonitorLPP.ino:15:22: note: in expansion of macro &#39;loraSerial&#39;
 TheThingsNetwork ttn(loraSerial, debugSerial, freqPlan);
                      ^~~~~~~~~~
/home/ec2-user/arduino-testlib/cli-datadir/user/libraries/TheThingsNode/examples/BatteryMonitorLPP/BatteryMonitorLPP.ino:12:20: note: suggested alternative: &#39;Serial&#39;
 #define loraSerial Serial1
                    ^
/home/ec2-user/arduino-testlib/cli-datadir/user/libraries/TheThingsNode/examples/BatteryMonitorLPP/BatteryMonitorLPP.ino:15:22: note: in expansion of macro &#39;loraSerial&#39;
 TheThingsNetwork ttn(loraSerial, debugSerial, freqPlan);
                      ^~~~~~~~~~
/home/ec2-user/arduino-testlib/cli-datadir/user/libraries/TheThingsNode/examples/BatteryMonitorLPP/BatteryMonitorLPP.ino:10:18: error: &#39;REPLACE_ME&#39; was not declared in this scope
 #define freqPlan REPLACE_ME
                  ^
/home/ec2-user/arduino-testlib/cli-datadir/user/libraries/TheThingsNode/examples/BatteryMonitorLPP/BatteryMonitorLPP.ino:15:47: note: in expansion of macro &#39;freqPlan&#39;
 TheThingsNetwork ttn(loraSerial, debugSerial, freqPlan);
                                               ^~~~~~~~
/home/ec2-user/arduino-testlib/cli-datadir/user/libraries/TheThingsNode/examples/BatteryMonitorLPP/BatteryMonitorLPP.ino: In function &#39;void setup()&#39;:
/home/ec2-user/arduino-testlib/cli-datadir/user/libraries/TheThingsNode/examples/BatteryMonitorLPP/BatteryMonitorLPP.ino:12:20: error: &#39;Serial1&#39; was not declared in this scope
 #define loraSerial Serial1
                    ^
/home/ec2-user/arduino-testlib/cli-datadir/user/libraries/TheThingsNode/examples/BatteryMonitorLPP/BatteryMonitorLPP.ino:115:3: note: in expansion of macro &#39;loraSerial&#39;
   loraSerial.begin(57600);
   ^~~~~~~~~~
/home/ec2-user/arduino-testlib/cli-datadir/user/libraries/TheThingsNode/examples/BatteryMonitorLPP/BatteryMonitorLPP.ino:12:20: note: suggested alternative: &#39;Serial&#39;
 #define loraSerial Serial1
                    ^
/home/ec2-user/arduino-testlib/cli-datadir/user/libraries/TheThingsNode/examples/BatteryMonitorLPP/BatteryMonitorLPP.ino:115:3: note: in expansion of macro &#39;loraSerial&#39;
   loraSerial.begin(57600);
   ^~~~~~~~~~

</pre>
					
					<h4>examples/CayenneLPP</h4>
					<p>
						Result: <b>FAIL</b>
					</p>
					<pre class="pre-scrollable">/home/ec2-user/arduino-testlib/cli-datadir/user/libraries/TheThingsNode/examples/CayenneLPP/CayenneLPP.ino:8:20: error: &#39;Serial1&#39; was not declared in this scope
 #define loraSerial Serial1
                    ^
/home/ec2-user/arduino-testlib/cli-datadir/user/libraries/TheThingsNode/examples/CayenneLPP/CayenneLPP.ino:14:22: note: in expansion of macro &#39;loraSerial&#39;
 TheThingsNetwork ttn(loraSerial, debugSerial, freqPlan);
                      ^~~~~~~~~~
/home/ec2-user/arduino-testlib/cli-datadir/user/libraries/TheThingsNode/examples/CayenneLPP/CayenneLPP.ino:8:20: note: suggested alternative: &#39;Serial&#39;
 #define loraSerial Serial1
                    ^
/home/ec2-user/arduino-testlib/cli-datadir/user/libraries/TheThingsNode/examples/CayenneLPP/CayenneLPP.ino:14:22: note: in expansion of macro &#39;loraSerial&#39;
 TheThingsNetwork ttn(loraSerial, debugSerial, freqPlan);
                      ^~~~~~~~~~
/home/ec2-user/arduino-testlib/cli-datadir/user/libraries/TheThingsNode/examples/CayenneLPP/CayenneLPP.ino:12:18: error: &#39;REPLACE_ME&#39; was not declared in this scope
 #define freqPlan REPLACE_ME
                  ^
/home/ec2-user/arduino-testlib/cli-datadir/user/libraries/TheThingsNode/examples/CayenneLPP/CayenneLPP.ino:14:47: note: in expansion of macro &#39;freqPlan&#39;
 TheThingsNetwork ttn(loraSerial, debugSerial, freqPlan);
                                               ^~~~~~~~
/home/ec2-user/arduino-testlib/cli-datadir/user/libraries/TheThingsNode/examples/CayenneLPP/CayenneLPP.ino: In function &#39;void setup()&#39;:
/home/ec2-user/arduino-testlib/cli-datadir/user/libraries/TheThingsNode/examples/CayenneLPP/CayenneLPP.ino:8:20: error: &#39;Serial1&#39; was not declared in this scope
 #define loraSerial Serial1
                    ^
/home/ec2-user/arduino-testlib/cli-datadir/user/libraries/TheThingsNode/examples/CayenneLPP/CayenneLPP.ino:25:3: note: in expansion of macro &#39;loraSerial&#39;
   loraSerial.begin(57600);
   ^~~~~~~~~~
/home/ec2-user/arduino-testlib/cli-datadir/user/libraries/TheThingsNode/examples/CayenneLPP/CayenneLPP.ino:8:20: note: suggested alternative: &#39;Serial&#39;
 #define loraSerial Serial1
                    ^
/home/ec2-user/arduino-testlib/cli-datadir/user/libraries/TheThingsNode/examples/CayenneLPP/CayenneLPP.ino:25:3: note: in expansion of macro &#39;loraSerial&#39;
   loraSerial.begin(57600);
   ^~~~~~~~~~

</pre>
					
					<h4>examples/DeviceInfo</h4>
					<p>
						Result: <b>FAIL</b>
					</p>
					<pre class="pre-scrollable">/home/ec2-user/arduino-testlib/cli-datadir/user/libraries/TheThingsNode/examples/DeviceInfo/DeviceInfo.ino:3:20: error: &#39;Serial1&#39; was not declared in this scope
 #define loraSerial Serial1
                    ^
/home/ec2-user/arduino-testlib/cli-datadir/user/libraries/TheThingsNode/examples/DeviceInfo/DeviceInfo.ino:9:22: note: in expansion of macro &#39;loraSerial&#39;
 TheThingsNetwork ttn(loraSerial, debugSerial, freqPlan);
                      ^~~~~~~~~~
/home/ec2-user/arduino-testlib/cli-datadir/user/libraries/TheThingsNode/examples/DeviceInfo/DeviceInfo.ino:3:20: note: suggested alternative: &#39;Serial&#39;
 #define loraSerial Serial1
                    ^
/home/ec2-user/arduino-testlib/cli-datadir/user/libraries/TheThingsNode/examples/DeviceInfo/DeviceInfo.ino:9:22: note: in expansion of macro &#39;loraSerial&#39;
 TheThingsNetwork ttn(loraSerial, debugSerial, freqPlan);
                      ^~~~~~~~~~
/home/ec2-user/arduino-testlib/cli-datadir/user/libraries/TheThingsNode/examples/DeviceInfo/DeviceInfo.ino:7:18: error: &#39;REPLACE_ME&#39; was not declared in this scope
 #define freqPlan REPLACE_ME
                  ^
/home/ec2-user/arduino-testlib/cli-datadir/user/libraries/TheThingsNode/examples/DeviceInfo/DeviceInfo.ino:9:47: note: in expansion of macro &#39;freqPlan&#39;
 TheThingsNetwork ttn(loraSerial, debugSerial, freqPlan);
                                               ^~~~~~~~
/home/ec2-user/arduino-testlib/cli-datadir/user/libraries/TheThingsNode/examples/DeviceInfo/DeviceInfo.ino: In function &#39;void setup()&#39;:
/home/ec2-user/arduino-testlib/cli-datadir/user/libraries/TheThingsNode/examples/DeviceInfo/DeviceInfo.ino:3:20: error: &#39;Serial1&#39; was not declared in this scope
 #define loraSerial Serial1
                    ^
/home/ec2-user/arduino-testlib/cli-datadir/user/libraries/TheThingsNode/examples/DeviceInfo/DeviceInfo.ino:13:3: note: in expansion of macro &#39;loraSerial&#39;
   loraSerial.begin(57600);
   ^~~~~~~~~~
/home/ec2-user/arduino-testlib/cli-datadir/user/libraries/TheThingsNode/examples/DeviceInfo/DeviceInfo.ino:3:20: note: suggested alternative: &#39;Serial&#39;
 #define loraSerial Serial1
                    ^
/home/ec2-user/arduino-testlib/cli-datadir/user/libraries/TheThingsNode/examples/DeviceInfo/DeviceInfo.ino:13:3: note: in expansion of macro &#39;loraSerial&#39;
   loraSerial.begin(57600);
   ^~~~~~~~~~

</pre>
					
					<h4>examples/PassThrough</h4>
					<p>
						Result: <b>FAIL</b>
					</p>
					<pre class="pre-scrollable">/home/ec2-user/arduino-testlib/cli-datadir/user/libraries/TheThingsNode/examples/PassThrough/PassThrough.ino: In function &#39;void setup()&#39;:
/home/ec2-user/arduino-testlib/cli-datadir/user/libraries/TheThingsNode/examples/PassThrough/PassThrough.ino:11:20: error: &#39;Serial1&#39; was not declared in this scope
 #define loraSerial Serial1
                    ^
/home/ec2-user/arduino-testlib/cli-datadir/user/libraries/TheThingsNode/examples/PassThrough/PassThrough.ino:16:27: note: in expansion of macro &#39;loraSerial&#39;
   while (!debugSerial || !loraSerial)
                           ^~~~~~~~~~
/home/ec2-user/arduino-testlib/cli-datadir/user/libraries/TheThingsNode/examples/PassThrough/PassThrough.ino:11:20: note: suggested alternative: &#39;Serial&#39;
 #define loraSerial Serial1
                    ^
/home/ec2-user/arduino-testlib/cli-datadir/user/libraries/TheThingsNode/examples/PassThrough/PassThrough.ino:16:27: note: in expansion of macro &#39;loraSerial&#39;
   while (!debugSerial || !loraSerial)
                           ^~~~~~~~~~
/home/ec2-user/arduino-testlib/cli-datadir/user/libraries/TheThingsNode/examples/PassThrough/PassThrough.ino:11:20: error: &#39;Serial1&#39; was not declared in this scope
 #define loraSerial Serial1
                    ^
/home/ec2-user/arduino-testlib/cli-datadir/user/libraries/TheThingsNode/examples/PassThrough/PassThrough.ino:22:3: note: in expansion of macro &#39;loraSerial&#39;
   loraSerial.begin(57600);
   ^~~~~~~~~~
/home/ec2-user/arduino-testlib/cli-datadir/user/libraries/TheThingsNode/examples/PassThrough/PassThrough.ino:11:20: note: suggested alternative: &#39;Serial&#39;
 #define loraSerial Serial1
                    ^
/home/ec2-user/arduino-testlib/cli-datadir/user/libraries/TheThingsNode/examples/PassThrough/PassThrough.ino:22:3: note: in expansion of macro &#39;loraSerial&#39;
   loraSerial.begin(57600);
   ^~~~~~~~~~
/home/ec2-user/arduino-testlib/cli-datadir/user/libraries/TheThingsNode/examples/PassThrough/PassThrough.ino: In function &#39;void loop()&#39;:
/home/ec2-user/arduino-testlib/cli-datadir/user/libraries/TheThingsNode/examples/PassThrough/PassThrough.ino:11:20: error: &#39;Serial1&#39; was not declared in this scope
 #define loraSerial Serial1
                    ^
/home/ec2-user/arduino-testlib/cli-datadir/user/libraries/TheThingsNode/examples/PassThrough/PassThrough.ino:29:5: note: in expansion of macro &#39;loraSerial&#39;
     loraSerial.write(debugSerial.read());
     ^~~~~~~~~~
/home/ec2-user/arduino-testlib/cli-datadir/user/libraries/TheThingsNode/examples/PassThrough/PassThrough.ino:11:20: note: suggested alternative: &#39;Serial&#39;
 #define loraSerial Serial1
                    ^
/home/ec2-user/arduino-testlib/cli-datadir/user/libraries/TheThingsNode/examples/PassThrough/PassThrough.ino:29:5: note: in expansion of macro &#39;loraSerial&#39;
     loraSerial.write(debugSerial.read());
     ^~~~~~~~~~
/home/ec2-user/arduino-testlib/cli-datadir/user/libraries/TheThingsNode/examples/PassThrough/PassThrough.ino:11:20: error: &#39;Serial1&#39; was not declared in this scope
 #define loraSerial Serial1
                    ^
/home/ec2-user/arduino-testlib/cli-datadir/user/libraries/TheThingsNode/examples/PassThrough/PassThrough.ino:31:10: note: in expansion of macro &#39;loraSerial&#39;
   while (loraSerial.available())
          ^~~~~~~~~~
/home/ec2-user/arduino-testlib/cli-datadir/user/libraries/TheThingsNode/examples/PassThrough/PassThrough.ino:11:20: note: suggested alternative: &#39;Serial&#39;
 #define loraSerial Serial1
                    ^
/home/ec2-user/arduino-testlib/cli-datadir/user/libraries/TheThingsNode/examples/PassThrough/PassThrough.ino:31:10: note: in expansion of macro &#39;loraSerial&#39;
   while (loraSerial.available())
          ^~~~~~~~~~

</pre>
					
				
				<h3 id="arduino:mbed_nano:nanorp2040connect">arduino:mbed_nano:nanorp2040connect @ 2.7.2</h3>
				<h4>Inclusion</h4>
				<p>
					Result: <b>FAIL</b>
					
				</p>
				<pre class="pre-scrollable">In file included from /home/ec2-user/arduino-testlib/cli-datadir/user/libraries/TheThingsNode/src/TheThingsNode.h:8:0,
                 from /tmp/arduino-testlib1903954999/test/test.ino:1:
/home/ec2-user/arduino-testlib/cli-datadir/user/libraries/TheThingsNode/src/PinChangeInterrupt.h:33:2: error: #error This library can only be used with AVR
 #error This library can only be used with AVR
  ^~~~~
In file included from /home/ec2-user/arduino-testlib/cli-datadir/user/libraries/TheThingsNode/src/PinChangeInterrupt.h:43:0,
                 from /home/ec2-user/arduino-testlib/cli-datadir/user/libraries/TheThingsNode/src/TheThingsNode.h:8,
                 from /tmp/arduino-testlib1903954999/test/test.ino:1:
/home/ec2-user/arduino-testlib/cli-datadir/user/libraries/TheThingsNode/src/PinChangeInterruptBoards.h:117:2: error: #error PinChangeInterrupt library does not support this MCU.
 #error PinChangeInterrupt library does not support this MCU.
  ^~~~~
In file included from /home/ec2-user/arduino-testlib/cli-datadir/user/libraries/TheThingsNode/src/TheThingsNode.h:8:0,
                 from /tmp/arduino-testlib1903954999/test/test.ino:1:
/home/ec2-user/arduino-testlib/cli-datadir/user/libraries/TheThingsNode/src/PinChangeInterrupt.h:47:2: error: #error Please enable at least one PCINT port!
 #error Please enable at least one PCINT port!
  ^~~~~
In file included from /home/ec2-user/arduino-testlib/cli-datadir/user/libraries/TheThingsNode/src/TheThingsNode.h:8:0,
                 from /tmp/arduino-testlib1903954999/test/test.ino:1:
/home/ec2-user/arduino-testlib/cli-datadir/user/libraries/TheThingsNode/src/PinChangeInterrupt.h:86:2: error: #error MCU has no such a register
 #error MCU has no such a register
  ^~~~~
In file included from /tmp/arduino-testlib1903954999/test/test.ino:1:0:
/home/ec2-user/arduino-testlib/cli-datadir/user/libraries/TheThingsNode/src/TheThingsNode.h:12:10: fatal error: avr/sleep.h: No such file or directory
 #include &lt;avr/sleep.h&gt;
          ^~~~~~~~~~~~~
compilation terminated.

</pre>

					
					<h4>examples/Basic</h4>
					<p>
						Result: <b>FAIL</b>
					</p>
					<pre class="pre-scrollable">In file included from /home/ec2-user/arduino-testlib/cli-datadir/user/libraries/TheThingsNode/src/TheThingsNode.h:8:0,
                 from /home/ec2-user/arduino-testlib/cli-datadir/user/libraries/TheThingsNode/examples/Basic/Basic.ino:1:
/home/ec2-user/arduino-testlib/cli-datadir/user/libraries/TheThingsNode/src/PinChangeInterrupt.h:33:2: error: #error This library can only be used with AVR
 #error This library can only be used with AVR
  ^~~~~
In file included from /home/ec2-user/arduino-testlib/cli-datadir/user/libraries/TheThingsNode/src/PinChangeInterrupt.h:43:0,
                 from /home/ec2-user/arduino-testlib/cli-datadir/user/libraries/TheThingsNode/src/TheThingsNode.h:8,
                 from /home/ec2-user/arduino-testlib/cli-datadir/user/libraries/TheThingsNode/examples/Basic/Basic.ino:1:
/home/ec2-user/arduino-testlib/cli-datadir/user/libraries/TheThingsNode/src/PinChangeInterruptBoards.h:117:2: error: #error PinChangeInterrupt library does not support this MCU.
 #error PinChangeInterrupt library does not support this MCU.
  ^~~~~
In file included from /home/ec2-user/arduino-testlib/cli-datadir/user/libraries/TheThingsNode/src/TheThingsNode.h:8:0,
                 from /home/ec2-user/arduino-testlib/cli-datadir/user/libraries/TheThingsNode/examples/Basic/Basic.ino:1:
/home/ec2-user/arduino-testlib/cli-datadir/user/libraries/TheThingsNode/src/PinChangeInterrupt.h:47:2: error: #error Please enable at least one PCINT port!
 #error Please enable at least one PCINT port!
  ^~~~~
In file included from /home/ec2-user/arduino-testlib/cli-datadir/user/libraries/TheThingsNode/src/TheThingsNode.h:8:0,
                 from /home/ec2-user/arduino-testlib/cli-datadir/user/libraries/TheThingsNode/examples/Basic/Basic.ino:1:
/home/ec2-user/arduino-testlib/cli-datadir/user/libraries/TheThingsNode/src/PinChangeInterrupt.h:86:2: error: #error MCU has no such a register
 #error MCU has no such a register
  ^~~~~
In file included from /home/ec2-user/arduino-testlib/cli-datadir/user/libraries/TheThingsNode/examples/Basic/Basic.ino:1:0:
/home/ec2-user/arduino-testlib/cli-datadir/user/libraries/TheThingsNode/src/TheThingsNode.h:12:10: fatal error: avr/sleep.h: No such file or directory
 #include &lt;avr/sleep.h&gt;
          ^~~~~~~~~~~~~
compilation terminated.

</pre>
					
					<h4>examples/BatteryMonitorLPP</h4>
					<p>
						Result: <b>FAIL</b>
					</p>
					<pre class="pre-scrollable">In file included from /home/ec2-user/arduino-testlib/cli-datadir/user/libraries/TheThingsNode/src/TheThingsNode.h:8:0,
                 from /home/ec2-user/arduino-testlib/cli-datadir/user/libraries/TheThingsNode/examples/BatteryMonitorLPP/BatteryMonitorLPP.ino:1:
/home/ec2-user/arduino-testlib/cli-datadir/user/libraries/TheThingsNode/src/PinChangeInterrupt.h:33:2: error: #error This library can only be used with AVR
 #error This library can only be used with AVR
  ^~~~~
In file included from /home/ec2-user/arduino-testlib/cli-datadir/user/libraries/TheThingsNode/src/PinChangeInterrupt.h:43:0,
                 from /home/ec2-user/arduino-testlib/cli-datadir/user/libraries/TheThingsNode/src/TheThingsNode.h:8,
                 from /home/ec2-user/arduino-testlib/cli-datadir/user/libraries/TheThingsNode/examples/BatteryMonitorLPP/BatteryMonitorLPP.ino:1:
/home/ec2-user/arduino-testlib/cli-datadir/user/libraries/TheThingsNode/src/PinChangeInterruptBoards.h:117:2: error: #error PinChangeInterrupt library does not support this MCU.
 #error PinChangeInterrupt library does not support this MCU.
  ^~~~~
In file included from /home/ec2-user/arduino-testlib/cli-datadir/user/libraries/TheThingsNode/src/TheThingsNode.h:8:0,
                 from /home/ec2-user/arduino-testlib/cli-datadir/user/libraries/TheThingsNode/examples/BatteryMonitorLPP/BatteryMonitorLPP.ino:1:
/home/ec2-user/arduino-testlib/cli-datadir/user/libraries/TheThingsNode/src/PinChangeInterrupt.h:47:2: error: #error Please enable at least one PCINT port!
 #error Please enable at least one PCINT port!
  ^~~~~
In file included from /home/ec2-user/arduino-testlib/cli-datadir/user/libraries/TheThingsNode/src/TheThingsNode.h:8:0,
                 from /home/ec2-user/arduino-testlib/cli-datadir/user/libraries/TheThingsNode/examples/BatteryMonitorLPP/BatteryMonitorLPP.ino:1:
/home/ec2-user/arduino-testlib/cli-datadir/user/libraries/TheThingsNode/src/PinChangeInterrupt.h:86:2: error: #error MCU has no such a register
 #error MCU has no such a register
  ^~~~~
In file included from /home/ec2-user/arduino-testlib/cli-datadir/user/libraries/TheThingsNode/examples/BatteryMonitorLPP/BatteryMonitorLPP.ino:1:0:
/home/ec2-user/arduino-testlib/cli-datadir/user/libraries/TheThingsNode/src/TheThingsNode.h:12:10: fatal error: avr/sleep.h: No such file or directory
 #include &lt;avr/sleep.h&gt;
          ^~~~~~~~~~~~~
compilation terminated.

</pre>
					
					<h4>examples/CayenneLPP</h4>
					<p>
						Result: <b>FAIL</b>
					</p>
					<pre class="pre-scrollable">In file included from /home/ec2-user/arduino-testlib/cli-datadir/user/libraries/TheThingsNode/src/TheThingsNode.h:8:0,
                 from /home/ec2-user/arduino-testlib/cli-datadir/user/libraries/TheThingsNode/examples/CayenneLPP/CayenneLPP.ino:1:
/home/ec2-user/arduino-testlib/cli-datadir/user/libraries/TheThingsNode/src/PinChangeInterrupt.h:33:2: error: #error This library can only be used with AVR
 #error This library can only be used with AVR
  ^~~~~
In file included from /home/ec2-user/arduino-testlib/cli-datadir/user/libraries/TheThingsNode/src/PinChangeInterrupt.h:43:0,
                 from /home/ec2-user/arduino-testlib/cli-datadir/user/libraries/TheThingsNode/src/TheThingsNode.h:8,
                 from /home/ec2-user/arduino-testlib/cli-datadir/user/libraries/TheThingsNode/examples/CayenneLPP/CayenneLPP.ino:1:
/home/ec2-user/arduino-testlib/cli-datadir/user/libraries/TheThingsNode/src/PinChangeInterruptBoards.h:117:2: error: #error PinChangeInterrupt library does not support this MCU.
 #error PinChangeInterrupt library does not support this MCU.
  ^~~~~
In file included from /home/ec2-user/arduino-testlib/cli-datadir/user/libraries/TheThingsNode/src/TheThingsNode.h:8:0,
                 from /home/ec2-user/arduino-testlib/cli-datadir/user/libraries/TheThingsNode/examples/CayenneLPP/CayenneLPP.ino:1:
/home/ec2-user/arduino-testlib/cli-datadir/user/libraries/TheThingsNode/src/PinChangeInterrupt.h:47:2: error: #error Please enable at least one PCINT port!
 #error Please enable at least one PCINT port!
  ^~~~~
In file included from /home/ec2-user/arduino-testlib/cli-datadir/user/libraries/TheThingsNode/src/TheThingsNode.h:8:0,
                 from /home/ec2-user/arduino-testlib/cli-datadir/user/libraries/TheThingsNode/examples/CayenneLPP/CayenneLPP.ino:1:
/home/ec2-user/arduino-testlib/cli-datadir/user/libraries/TheThingsNode/src/PinChangeInterrupt.h:86:2: error: #error MCU has no such a register
 #error MCU has no such a register
  ^~~~~
In file included from /home/ec2-user/arduino-testlib/cli-datadir/user/libraries/TheThingsNode/examples/CayenneLPP/CayenneLPP.ino:1:0:
/home/ec2-user/arduino-testlib/cli-datadir/user/libraries/TheThingsNode/src/TheThingsNode.h:12:10: fatal error: avr/sleep.h: No such file or directory
 #include &lt;avr/sleep.h&gt;
          ^~~~~~~~~~~~~
compilation terminated.

</pre>
					
					<h4>examples/DeviceInfo</h4>
					<p>
						Result: <b>FAIL</b>
					</p>
					<pre class="pre-scrollable">In file included from /home/ec2-user/arduino-testlib/cli-datadir/user/libraries/TheThingsNode/examples/DeviceInfo/DeviceInfo.ino:1:0:
/home/ec2-user/arduino-testlib/cli-datadir/user/libraries/TheThingsNetwork/src/TheThingsNetwork.h:12:10: fatal error: pgmspace.h: No such file or directory
 #include &lt;pgmspace.h&gt;
          ^~~~~~~~~~~~
compilation terminated.

</pre>
					
					<h4>examples/PassThrough</h4>
					<p>
						Result: <b>PASS</b>
					</p>
					<pre class="pre-scrollable">Sketch uses 78884 bytes (0%) of program storage space. Maximum is 16777216 bytes.
Global variables use 43444 bytes (16%) of dynamic memory, leaving 226892 bytes for local variables. Maximum is 270336 bytes.
</pre>
					
				
				<h3 id="arduino:megaavr:nona4809">arduino:megaavr:nona4809 @ 1.8.7</h3>
				<h4>Inclusion</h4>
				<p>
					Result: <b>FAIL</b>
					
				</p>
				<pre class="pre-scrollable">In file included from /home/ec2-user/arduino-testlib/cli-datadir/user/libraries/TheThingsNode/src/TheThingsNode.h:8:0,
                 from /tmp/arduino-testlib1903954999/test/test.ino:1:
/home/ec2-user/arduino-testlib/cli-datadir/user/libraries/TheThingsNode/src/PinChangeInterrupt.h:33:2: error: #error This library can only be used with AVR
 #error This library can only be used with AVR
  ^~~~~
In file included from /home/ec2-user/arduino-testlib/cli-datadir/user/libraries/TheThingsNode/src/PinChangeInterrupt.h:43:0,
                 from /home/ec2-user/arduino-testlib/cli-datadir/user/libraries/TheThingsNode/src/TheThingsNode.h:8,
                 from /tmp/arduino-testlib1903954999/test/test.ino:1:
/home/ec2-user/arduino-testlib/cli-datadir/user/libraries/TheThingsNode/src/PinChangeInterruptBoards.h:117:2: error: #error PinChangeInterrupt library does not support this MCU.
 #error PinChangeInterrupt library does not support this MCU.
  ^~~~~
In file included from /home/ec2-user/arduino-testlib/cli-datadir/user/libraries/TheThingsNode/src/TheThingsNode.h:8:0,
                 from /tmp/arduino-testlib1903954999/test/test.ino:1:
/home/ec2-user/arduino-testlib/cli-datadir/user/libraries/TheThingsNode/src/PinChangeInterrupt.h:47:2: error: #error Please enable at least one PCINT port!
 #error Please enable at least one PCINT port!
  ^~~~~
In file included from /home/ec2-user/arduino-testlib/cli-datadir/user/libraries/TheThingsNode/src/TheThingsNode.h:8:0,
                 from /tmp/arduino-testlib1903954999/test/test.ino:1:
/home/ec2-user/arduino-testlib/cli-datadir/user/libraries/TheThingsNode/src/PinChangeInterrupt.h:86:2: error: #error MCU has no such a register
 #error MCU has no such a register
  ^~~~~
In file included from /home/ec2-user/arduino-testlib/cli-datadir/user/libraries/TheThingsNode/src/TheThingsNode.h:17:0,
                 from /tmp/arduino-testlib1903954999/test/test.ino:1:
/home/ec2-user/arduino-testlib/cli-datadir/user/libraries/TheThingsNetwork/src/TheThingsNetwork.h:12:10: fatal error: pgmspace.h: No such file or directory
 #include &lt;pgmspace.h&gt;
          ^~~~~~~~~~~~
compilation terminated.

</pre>

					
					<h4>examples/Basic</h4>
					<p>
						Result: <b>FAIL</b>
					</p>
					<pre class="pre-scrollable">In file included from /home/ec2-user/arduino-testlib/cli-datadir/user/libraries/TheThingsNode/src/TheThingsNode.h:8:0,
                 from /home/ec2-user/arduino-testlib/cli-datadir/user/libraries/TheThingsNode/examples/Basic/Basic.ino:1:
/home/ec2-user/arduino-testlib/cli-datadir/user/libraries/TheThingsNode/src/PinChangeInterrupt.h:33:2: error: #error This library can only be used with AVR
 #error This library can only be used with AVR
  ^~~~~
In file included from /home/ec2-user/arduino-testlib/cli-datadir/user/libraries/TheThingsNode/src/PinChangeInterrupt.h:43:0,
                 from /home/ec2-user/arduino-testlib/cli-datadir/user/libraries/TheThingsNode/src/TheThingsNode.h:8,
                 from /home/ec2-user/arduino-testlib/cli-datadir/user/libraries/TheThingsNode/examples/Basic/Basic.ino:1:
/home/ec2-user/arduino-testlib/cli-datadir/user/libraries/TheThingsNode/src/PinChangeInterruptBoards.h:117:2: error: #error PinChangeInterrupt library does not support this MCU.
 #error PinChangeInterrupt library does not support this MCU.
  ^~~~~
In file included from /home/ec2-user/arduino-testlib/cli-datadir/user/libraries/TheThingsNode/src/TheThingsNode.h:8:0,
                 from /home/ec2-user/arduino-testlib/cli-datadir/user/libraries/TheThingsNode/examples/Basic/Basic.ino:1:
/home/ec2-user/arduino-testlib/cli-datadir/user/libraries/TheThingsNode/src/PinChangeInterrupt.h:47:2: error: #error Please enable at least one PCINT port!
 #error Please enable at least one PCINT port!
  ^~~~~
In file included from /home/ec2-user/arduino-testlib/cli-datadir/user/libraries/TheThingsNode/src/TheThingsNode.h:8:0,
                 from /home/ec2-user/arduino-testlib/cli-datadir/user/libraries/TheThingsNode/examples/Basic/Basic.ino:1:
/home/ec2-user/arduino-testlib/cli-datadir/user/libraries/TheThingsNode/src/PinChangeInterrupt.h:86:2: error: #error MCU has no such a register
 #error MCU has no such a register
  ^~~~~
In file included from /home/ec2-user/arduino-testlib/cli-datadir/user/libraries/TheThingsNode/src/TheThingsNode.h:17:0,
                 from /home/ec2-user/arduino-testlib/cli-datadir/user/libraries/TheThingsNode/examples/Basic/Basic.ino:1:
/home/ec2-user/arduino-testlib/cli-datadir/user/libraries/TheThingsNetwork/src/TheThingsNetwork.h:12:10: fatal error: pgmspace.h: No such file or directory
 #include &lt;pgmspace.h&gt;
          ^~~~~~~~~~~~
compilation terminated.

</pre>
					
					<h4>examples/BatteryMonitorLPP</h4>
					<p>
						Result: <b>FAIL</b>
					</p>
					<pre class="pre-scrollable">In file included from /home/ec2-user/arduino-testlib/cli-datadir/user/libraries/TheThingsNode/src/TheThingsNode.h:8:0,
                 from /home/ec2-user/arduino-testlib/cli-datadir/user/libraries/TheThingsNode/examples/BatteryMonitorLPP/BatteryMonitorLPP.ino:1:
/home/ec2-user/arduino-testlib/cli-datadir/user/libraries/TheThingsNode/src/PinChangeInterrupt.h:33:2: error: #error This library can only be used with AVR
 #error This library can only be used with AVR
  ^~~~~
In file included from /home/ec2-user/arduino-testlib/cli-datadir/user/libraries/TheThingsNode/src/PinChangeInterrupt.h:43:0,
                 from /home/ec2-user/arduino-testlib/cli-datadir/user/libraries/TheThingsNode/src/TheThingsNode.h:8,
                 from /home/ec2-user/arduino-testlib/cli-datadir/user/libraries/TheThingsNode/examples/BatteryMonitorLPP/BatteryMonitorLPP.ino:1:
/home/ec2-user/arduino-testlib/cli-datadir/user/libraries/TheThingsNode/src/PinChangeInterruptBoards.h:117:2: error: #error PinChangeInterrupt library does not support this MCU.
 #error PinChangeInterrupt library does not support this MCU.
  ^~~~~
In file included from /home/ec2-user/arduino-testlib/cli-datadir/user/libraries/TheThingsNode/src/TheThingsNode.h:8:0,
                 from /home/ec2-user/arduino-testlib/cli-datadir/user/libraries/TheThingsNode/examples/BatteryMonitorLPP/BatteryMonitorLPP.ino:1:
/home/ec2-user/arduino-testlib/cli-datadir/user/libraries/TheThingsNode/src/PinChangeInterrupt.h:47:2: error: #error Please enable at least one PCINT port!
 #error Please enable at least one PCINT port!
  ^~~~~
In file included from /home/ec2-user/arduino-testlib/cli-datadir/user/libraries/TheThingsNode/src/TheThingsNode.h:8:0,
                 from /home/ec2-user/arduino-testlib/cli-datadir/user/libraries/TheThingsNode/examples/BatteryMonitorLPP/BatteryMonitorLPP.ino:1:
/home/ec2-user/arduino-testlib/cli-datadir/user/libraries/TheThingsNode/src/PinChangeInterrupt.h:86:2: error: #error MCU has no such a register
 #error MCU has no such a register
  ^~~~~
In file included from /home/ec2-user/arduino-testlib/cli-datadir/user/libraries/TheThingsNode/src/TheThingsNode.h:17:0,
                 from /home/ec2-user/arduino-testlib/cli-datadir/user/libraries/TheThingsNode/examples/BatteryMonitorLPP/BatteryMonitorLPP.ino:1:
/home/ec2-user/arduino-testlib/cli-datadir/user/libraries/TheThingsNetwork/src/TheThingsNetwork.h:12:10: fatal error: pgmspace.h: No such file or directory
 #include &lt;pgmspace.h&gt;
          ^~~~~~~~~~~~
compilation terminated.

</pre>
					
					<h4>examples/CayenneLPP</h4>
					<p>
						Result: <b>FAIL</b>
					</p>
					<pre class="pre-scrollable">In file included from /home/ec2-user/arduino-testlib/cli-datadir/user/libraries/TheThingsNode/src/TheThingsNode.h:8:0,
                 from /home/ec2-user/arduino-testlib/cli-datadir/user/libraries/TheThingsNode/examples/CayenneLPP/CayenneLPP.ino:1:
/home/ec2-user/arduino-testlib/cli-datadir/user/libraries/TheThingsNode/src/PinChangeInterrupt.h:33:2: error: #error This library can only be used with AVR
 #error This library can only be used with AVR
  ^~~~~
In file included from /home/ec2-user/arduino-testlib/cli-datadir/user/libraries/TheThingsNode/src/PinChangeInterrupt.h:43:0,
                 from /home/ec2-user/arduino-testlib/cli-datadir/user/libraries/TheThingsNode/src/TheThingsNode.h:8,
                 from /home/ec2-user/arduino-testlib/cli-datadir/user/libraries/TheThingsNode/examples/CayenneLPP/CayenneLPP.ino:1:
/home/ec2-user/arduino-testlib/cli-datadir/user/libraries/TheThingsNode/src/PinChangeInterruptBoards.h:117:2: error: #error PinChangeInterrupt library does not support this MCU.
 #error PinChangeInterrupt library does not support this MCU.
  ^~~~~
In file included from /home/ec2-user/arduino-testlib/cli-datadir/user/libraries/TheThingsNode/src/TheThingsNode.h:8:0,
                 from /home/ec2-user/arduino-testlib/cli-datadir/user/libraries/TheThingsNode/examples/CayenneLPP/CayenneLPP.ino:1:
/home/ec2-user/arduino-testlib/cli-datadir/user/libraries/TheThingsNode/src/PinChangeInterrupt.h:47:2: error: #error Please enable at least one PCINT port!
 #error Please enable at least one PCINT port!
  ^~~~~
In file included from /home/ec2-user/arduino-testlib/cli-datadir/user/libraries/TheThingsNode/src/TheThingsNode.h:8:0,
                 from /home/ec2-user/arduino-testlib/cli-datadir/user/libraries/TheThingsNode/examples/CayenneLPP/CayenneLPP.ino:1:
/home/ec2-user/arduino-testlib/cli-datadir/user/libraries/TheThingsNode/src/PinChangeInterrupt.h:86:2: error: #error MCU has no such a register
 #error MCU has no such a register
  ^~~~~
In file included from /home/ec2-user/arduino-testlib/cli-datadir/user/libraries/TheThingsNode/src/TheThingsNode.h:17:0,
                 from /home/ec2-user/arduino-testlib/cli-datadir/user/libraries/TheThingsNode/examples/CayenneLPP/CayenneLPP.ino:1:
/home/ec2-user/arduino-testlib/cli-datadir/user/libraries/TheThingsNetwork/src/TheThingsNetwork.h:12:10: fatal error: pgmspace.h: No such file or directory
 #include &lt;pgmspace.h&gt;
          ^~~~~~~~~~~~
compilation terminated.

</pre>
					
					<h4>examples/DeviceInfo</h4>
					<p>
						Result: <b>FAIL</b>
					</p>
					<pre class="pre-scrollable">In file included from /home/ec2-user/arduino-testlib/cli-datadir/user/libraries/TheThingsNode/examples/DeviceInfo/DeviceInfo.ino:1:0:
/home/ec2-user/arduino-testlib/cli-datadir/user/libraries/TheThingsNetwork/src/TheThingsNetwork.h:12:10: fatal error: pgmspace.h: No such file or directory
 #include &lt;pgmspace.h&gt;
          ^~~~~~~~~~~~
compilation terminated.

</pre>
					
					<h4>examples/PassThrough</h4>
					<p>
						Result: <b>PASS</b>
					</p>
					<pre class="pre-scrollable">Sketch uses 3088 bytes (6%) of program storage space. Maximum is 49152 bytes.
Global variables use 332 bytes (5%) of dynamic memory, leaving 5812 bytes for local variables. Maximum is 6144 bytes.
</pre>
					
				
				<h3 id="arduino:samd:mkrwifi1010">arduino:samd:mkrwifi1010 @ 1.8.12</h3>
				<h4>Inclusion</h4>
				<p>
					Result: <b>FAIL</b>
					
				</p>
				<pre class="pre-scrollable">In file included from /home/ec2-user/arduino-testlib/cli-datadir/user/libraries/TheThingsNode/src/TheThingsNode.h:8:0,
                 from /tmp/arduino-testlib1681835949/test/test.ino:1:
/home/ec2-user/arduino-testlib/cli-datadir/user/libraries/TheThingsNode/src/PinChangeInterrupt.h:33:2: error: #error This library can only be used with AVR
 #error This library can only be used with AVR
  ^~~~~
In file included from /home/ec2-user/arduino-testlib/cli-datadir/user/libraries/TheThingsNode/src/PinChangeInterrupt.h:43:0,
                 from /home/ec2-user/arduino-testlib/cli-datadir/user/libraries/TheThingsNode/src/TheThingsNode.h:8,
                 from /tmp/arduino-testlib1681835949/test/test.ino:1:
/home/ec2-user/arduino-testlib/cli-datadir/user/libraries/TheThingsNode/src/PinChangeInterruptBoards.h:117:2: error: #error PinChangeInterrupt library does not support this MCU.
 #error PinChangeInterrupt library does not support this MCU.
  ^~~~~
In file included from /home/ec2-user/arduino-testlib/cli-datadir/user/libraries/TheThingsNode/src/TheThingsNode.h:8:0,
                 from /tmp/arduino-testlib1681835949/test/test.ino:1:
/home/ec2-user/arduino-testlib/cli-datadir/user/libraries/TheThingsNode/src/PinChangeInterrupt.h:47:2: error: #error Please enable at least one PCINT port!
 #error Please enable at least one PCINT port!
  ^~~~~
In file included from /home/ec2-user/arduino-testlib/cli-datadir/user/libraries/TheThingsNode/src/TheThingsNode.h:8:0,
                 from /tmp/arduino-testlib1681835949/test/test.ino:1:
/home/ec2-user/arduino-testlib/cli-datadir/user/libraries/TheThingsNode/src/PinChangeInterrupt.h:86:2: error: #error MCU has no such a register
 #error MCU has no such a register
  ^~~~~
In file included from /tmp/arduino-testlib1681835949/test/test.ino:1:0:
/home/ec2-user/arduino-testlib/cli-datadir/user/libraries/TheThingsNode/src/TheThingsNode.h:12:10: fatal error: avr/sleep.h: No such file or directory
 #include &lt;avr/sleep.h&gt;
          ^~~~~~~~~~~~~
compilation terminated.

</pre>

					
					<h4>examples/Basic</h4>
					<p>
						Result: <b>FAIL</b>
					</p>
					<pre class="pre-scrollable">In file included from /home/ec2-user/arduino-testlib/cli-datadir/user/libraries/TheThingsNode/src/TheThingsNode.h:8:0,
                 from /home/ec2-user/arduino-testlib/cli-datadir/user/libraries/TheThingsNode/examples/Basic/Basic.ino:1:
/home/ec2-user/arduino-testlib/cli-datadir/user/libraries/TheThingsNode/src/PinChangeInterrupt.h:33:2: error: #error This library can only be used with AVR
 #error This library can only be used with AVR
  ^~~~~
In file included from /home/ec2-user/arduino-testlib/cli-datadir/user/libraries/TheThingsNode/src/PinChangeInterrupt.h:43:0,
                 from /home/ec2-user/arduino-testlib/cli-datadir/user/libraries/TheThingsNode/src/TheThingsNode.h:8,
                 from /home/ec2-user/arduino-testlib/cli-datadir/user/libraries/TheThingsNode/examples/Basic/Basic.ino:1:
/home/ec2-user/arduino-testlib/cli-datadir/user/libraries/TheThingsNode/src/PinChangeInterruptBoards.h:117:2: error: #error PinChangeInterrupt library does not support this MCU.
 #error PinChangeInterrupt library does not support this MCU.
  ^~~~~
In file included from /home/ec2-user/arduino-testlib/cli-datadir/user/libraries/TheThingsNode/src/TheThingsNode.h:8:0,
                 from /home/ec2-user/arduino-testlib/cli-datadir/user/libraries/TheThingsNode/examples/Basic/Basic.ino:1:
/home/ec2-user/arduino-testlib/cli-datadir/user/libraries/TheThingsNode/src/PinChangeInterrupt.h:47:2: error: #error Please enable at least one PCINT port!
 #error Please enable at least one PCINT port!
  ^~~~~
In file included from /home/ec2-user/arduino-testlib/cli-datadir/user/libraries/TheThingsNode/src/TheThingsNode.h:8:0,
                 from /home/ec2-user/arduino-testlib/cli-datadir/user/libraries/TheThingsNode/examples/Basic/Basic.ino:1:
/home/ec2-user/arduino-testlib/cli-datadir/user/libraries/TheThingsNode/src/PinChangeInterrupt.h:86:2: error: #error MCU has no such a register
 #error MCU has no such a register
  ^~~~~
In file included from /home/ec2-user/arduino-testlib/cli-datadir/user/libraries/TheThingsNode/examples/Basic/Basic.ino:1:0:
/home/ec2-user/arduino-testlib/cli-datadir/user/libraries/TheThingsNode/src/TheThingsNode.h:12:10: fatal error: avr/sleep.h: No such file or directory
 #include &lt;avr/sleep.h&gt;
          ^~~~~~~~~~~~~
compilation terminated.

</pre>
					
					<h4>examples/BatteryMonitorLPP</h4>
					<p>
						Result: <b>FAIL</b>
					</p>
					<pre class="pre-scrollable">In file included from /home/ec2-user/arduino-testlib/cli-datadir/user/libraries/TheThingsNode/src/TheThingsNode.h:8:0,
                 from /home/ec2-user/arduino-testlib/cli-datadir/user/libraries/TheThingsNode/examples/BatteryMonitorLPP/BatteryMonitorLPP.ino:1:
/home/ec2-user/arduino-testlib/cli-datadir/user/libraries/TheThingsNode/src/PinChangeInterrupt.h:33:2: error: #error This library can only be used with AVR
 #error This library can only be used with AVR
  ^~~~~
In file included from /home/ec2-user/arduino-testlib/cli-datadir/user/libraries/TheThingsNode/src/PinChangeInterrupt.h:43:0,
                 from /home/ec2-user/arduino-testlib/cli-datadir/user/libraries/TheThingsNode/src/TheThingsNode.h:8,
                 from /home/ec2-user/arduino-testlib/cli-datadir/user/libraries/TheThingsNode/examples/BatteryMonitorLPP/BatteryMonitorLPP.ino:1:
/home/ec2-user/arduino-testlib/cli-datadir/user/libraries/TheThingsNode/src/PinChangeInterruptBoards.h:117:2: error: #error PinChangeInterrupt library does not support this MCU.
 #error PinChangeInterrupt library does not support this MCU.
  ^~~~~
In file included from /home/ec2-user/arduino-testlib/cli-datadir/user/libraries/TheThingsNode/src/TheThingsNode.h:8:0,
                 from /home/ec2-user/arduino-testlib/cli-datadir/user/libraries/TheThingsNode/examples/BatteryMonitorLPP/BatteryMonitorLPP.ino:1:
/home/ec2-user/arduino-testlib/cli-datadir/user/libraries/TheThingsNode/src/PinChangeInterrupt.h:47:2: error: #error Please enable at least one PCINT port!
 #error Please enable at least one PCINT port!
  ^~~~~
In file included from /home/ec2-user/arduino-testlib/cli-datadir/user/libraries/TheThingsNode/src/TheThingsNode.h:8:0,
                 from /home/ec2-user/arduino-testlib/cli-datadir/user/libraries/TheThingsNode/examples/BatteryMonitorLPP/BatteryMonitorLPP.ino:1:
/home/ec2-user/arduino-testlib/cli-datadir/user/libraries/TheThingsNode/src/PinChangeInterrupt.h:86:2: error: #error MCU has no such a register
 #error MCU has no such a register
  ^~~~~
In file included from /home/ec2-user/arduino-testlib/cli-datadir/user/libraries/TheThingsNode/examples/BatteryMonitorLPP/BatteryMonitorLPP.ino:1:0:
/home/ec2-user/arduino-testlib/cli-datadir/user/libraries/TheThingsNode/src/TheThingsNode.h:12:10: fatal error: avr/sleep.h: No such file or directory
 #include &lt;avr/sleep.h&gt;
          ^~~~~~~~~~~~~
compilation terminated.

</pre>
					
					<h4>examples/CayenneLPP</h4>
					<p>
						Result: <b>FAIL</b>
					</p>
					<pre class="pre-scrollable">In file included from /home/ec2-user/arduino-testlib/cli-datadir/user/libraries/TheThingsNode/src/TheThingsNode.h:8:0,
                 from /home/ec2-user/arduino-testlib/cli-datadir/user/libraries/TheThingsNode/examples/CayenneLPP/CayenneLPP.ino:1:
/home/ec2-user/arduino-testlib/cli-datadir/user/libraries/TheThingsNode/src/PinChangeInterrupt.h:33:2: error: #error This library can only be used with AVR
 #error This library can only be used with AVR
  ^~~~~
In file included from /home/ec2-user/arduino-testlib/cli-datadir/user/libraries/TheThingsNode/src/PinChangeInterrupt.h:43:0,
                 from /home/ec2-user/arduino-testlib/cli-datadir/user/libraries/TheThingsNode/src/TheThingsNode.h:8,
                 from /home/ec2-user/arduino-testlib/cli-datadir/user/libraries/TheThingsNode/examples/CayenneLPP/CayenneLPP.ino:1:
/home/ec2-user/arduino-testlib/cli-datadir/user/libraries/TheThingsNode/src/PinChangeInterruptBoards.h:117:2: error: #error PinChangeInterrupt library does not support this MCU.
 #error PinChangeInterrupt library does not support this MCU.
  ^~~~~
In file included from /home/ec2-user/arduino-testlib/cli-datadir/user/libraries/TheThingsNode/src/TheThingsNode.h:8:0,
                 from /home/ec2-user/arduino-testlib/cli-datadir/user/libraries/TheThingsNode/examples/CayenneLPP/CayenneLPP.ino:1:
/home/ec2-user/arduino-testlib/cli-datadir/user/libraries/TheThingsNode/src/PinChangeInterrupt.h:47:2: error: #error Please enable at least one PCINT port!
 #error Please enable at least one PCINT port!
  ^~~~~
In file included from /home/ec2-user/arduino-testlib/cli-datadir/user/libraries/TheThingsNode/src/TheThingsNode.h:8:0,
                 from /home/ec2-user/arduino-testlib/cli-datadir/user/libraries/TheThingsNode/examples/CayenneLPP/CayenneLPP.ino:1:
/home/ec2-user/arduino-testlib/cli-datadir/user/libraries/TheThingsNode/src/PinChangeInterrupt.h:86:2: error: #error MCU has no such a register
 #error MCU has no such a register
  ^~~~~
In file included from /home/ec2-user/arduino-testlib/cli-datadir/user/libraries/TheThingsNode/examples/CayenneLPP/CayenneLPP.ino:1:0:
/home/ec2-user/arduino-testlib/cli-datadir/user/libraries/TheThingsNode/src/TheThingsNode.h:12:10: fatal error: avr/sleep.h: No such file or directory
 #include &lt;avr/sleep.h&gt;
          ^~~~~~~~~~~~~
compilation terminated.

</pre>
					
					<h4>examples/DeviceInfo</h4>
					<p>
						Result: <b>FAIL</b>
					</p>
					<pre class="pre-scrollable">/home/ec2-user/arduino-testlib/cli-datadir/user/libraries/TheThingsNode/examples/DeviceInfo/DeviceInfo.ino:7:18: error: &#39;REPLACE_ME&#39; was not declared in this scope
 #define freqPlan REPLACE_ME
                  ^
/home/ec2-user/arduino-testlib/cli-datadir/user/libraries/TheThingsNode/examples/DeviceInfo/DeviceInfo.ino:9:47: note: in expansion of macro &#39;freqPlan&#39;
 TheThingsNetwork ttn(loraSerial, debugSerial, freqPlan);
                                               ^~~~~~~~

</pre>
					
					<h4>examples/PassThrough</h4>
					<p>
						Result: <b>PASS</b>
					</p>
					<pre class="pre-scrollable">Sketch uses 12320 bytes (4%) of program storage space. Maximum is 262144 bytes.
Global variables use 2996 bytes (9%) of dynamic memory, leaving 29772 bytes for local variables. Maximum is 32768 bytes.
</pre>
					
				
				<h3 id="esp32:esp32:d1_mini32">esp32:esp32:d1_mini32 @ 1.0.6</h3>
				<h4>Inclusion</h4>
				<p>
					Result: <b>FAIL</b>
					
				</p>
				<pre class="pre-scrollable">In file included from /home/ec2-user/arduino-testlib/cli-datadir/user/libraries/TheThingsNode/src/TheThingsNode.h:8:0,
                 from /tmp/arduino-testlib115917721/test/test.ino:1:
/home/ec2-user/arduino-testlib/cli-datadir/user/libraries/TheThingsNode/src/PinChangeInterrupt.h:33:2: error: #error This library can only be used with AVR
 #error This library can only be used with AVR
  ^
In file included from /home/ec2-user/arduino-testlib/cli-datadir/user/libraries/TheThingsNode/src/PinChangeInterrupt.h:43:0,
                 from /home/ec2-user/arduino-testlib/cli-datadir/user/libraries/TheThingsNode/src/TheThingsNode.h:8,
                 from /tmp/arduino-testlib115917721/test/test.ino:1:
/home/ec2-user/arduino-testlib/cli-datadir/user/libraries/TheThingsNode/src/PinChangeInterruptBoards.h:117:2: error: #error PinChangeInterrupt library does not support this MCU.
 #error PinChangeInterrupt library does not support this MCU.
  ^
In file included from /home/ec2-user/arduino-testlib/cli-datadir/user/libraries/TheThingsNode/src/TheThingsNode.h:8:0,
                 from /tmp/arduino-testlib115917721/test/test.ino:1:
/home/ec2-user/arduino-testlib/cli-datadir/user/libraries/TheThingsNode/src/PinChangeInterrupt.h:47:2: error: #error Please enable at least one PCINT port!
 #error Please enable at least one PCINT port!
  ^
In file included from /home/ec2-user/arduino-testlib/cli-datadir/user/libraries/TheThingsNode/src/TheThingsNode.h:8:0,
                 from /tmp/arduino-testlib115917721/test/test.ino:1:
/home/ec2-user/arduino-testlib/cli-datadir/user/libraries/TheThingsNode/src/PinChangeInterrupt.h:86:2: error: #error MCU has no such a register
 #error MCU has no such a register
  ^
In file included from /tmp/arduino-testlib115917721/test/test.ino:1:0:
/home/ec2-user/arduino-testlib/cli-datadir/user/libraries/TheThingsNode/src/TheThingsNode.h:12:23: fatal error: avr/sleep.h: No such file or directory
compilation terminated.

</pre>

					
					<h4>examples/Basic</h4>
					<p>
						Result: <b>FAIL</b>
					</p>
					<pre class="pre-scrollable">In file included from /home/ec2-user/arduino-testlib/cli-datadir/user/libraries/TheThingsNode/src/TheThingsNode.h:8:0,
                 from /home/ec2-user/arduino-testlib/cli-datadir/user/libraries/TheThingsNode/examples/Basic/Basic.ino:1:
/home/ec2-user/arduino-testlib/cli-datadir/user/libraries/TheThingsNode/src/PinChangeInterrupt.h:33:2: error: #error This library can only be used with AVR
 #error This library can only be used with AVR
  ^
In file included from /home/ec2-user/arduino-testlib/cli-datadir/user/libraries/TheThingsNode/src/PinChangeInterrupt.h:43:0,
                 from /home/ec2-user/arduino-testlib/cli-datadir/user/libraries/TheThingsNode/src/TheThingsNode.h:8,
                 from /home/ec2-user/arduino-testlib/cli-datadir/user/libraries/TheThingsNode/examples/Basic/Basic.ino:1:
/home/ec2-user/arduino-testlib/cli-datadir/user/libraries/TheThingsNode/src/PinChangeInterruptBoards.h:117:2: error: #error PinChangeInterrupt library does not support this MCU.
 #error PinChangeInterrupt library does not support this MCU.
  ^
In file included from /home/ec2-user/arduino-testlib/cli-datadir/user/libraries/TheThingsNode/src/TheThingsNode.h:8:0,
                 from /home/ec2-user/arduino-testlib/cli-datadir/user/libraries/TheThingsNode/examples/Basic/Basic.ino:1:
/home/ec2-user/arduino-testlib/cli-datadir/user/libraries/TheThingsNode/src/PinChangeInterrupt.h:47:2: error: #error Please enable at least one PCINT port!
 #error Please enable at least one PCINT port!
  ^
In file included from /home/ec2-user/arduino-testlib/cli-datadir/user/libraries/TheThingsNode/src/TheThingsNode.h:8:0,
                 from /home/ec2-user/arduino-testlib/cli-datadir/user/libraries/TheThingsNode/examples/Basic/Basic.ino:1:
/home/ec2-user/arduino-testlib/cli-datadir/user/libraries/TheThingsNode/src/PinChangeInterrupt.h:86:2: error: #error MCU has no such a register
 #error MCU has no such a register
  ^
In file included from /home/ec2-user/arduino-testlib/cli-datadir/user/libraries/TheThingsNode/examples/Basic/Basic.ino:1:0:
/home/ec2-user/arduino-testlib/cli-datadir/user/libraries/TheThingsNode/src/TheThingsNode.h:12:23: fatal error: avr/sleep.h: No such file or directory
compilation terminated.

</pre>
					
					<h4>examples/BatteryMonitorLPP</h4>
					<p>
						Result: <b>FAIL</b>
					</p>
					<pre class="pre-scrollable">In file included from /home/ec2-user/arduino-testlib/cli-datadir/user/libraries/TheThingsNode/src/TheThingsNode.h:8:0,
                 from /home/ec2-user/arduino-testlib/cli-datadir/user/libraries/TheThingsNode/examples/BatteryMonitorLPP/BatteryMonitorLPP.ino:1:
/home/ec2-user/arduino-testlib/cli-datadir/user/libraries/TheThingsNode/src/PinChangeInterrupt.h:33:2: error: #error This library can only be used with AVR
 #error This library can only be used with AVR
  ^
In file included from /home/ec2-user/arduino-testlib/cli-datadir/user/libraries/TheThingsNode/src/PinChangeInterrupt.h:43:0,
                 from /home/ec2-user/arduino-testlib/cli-datadir/user/libraries/TheThingsNode/src/TheThingsNode.h:8,
                 from /home/ec2-user/arduino-testlib/cli-datadir/user/libraries/TheThingsNode/examples/BatteryMonitorLPP/BatteryMonitorLPP.ino:1:
/home/ec2-user/arduino-testlib/cli-datadir/user/libraries/TheThingsNode/src/PinChangeInterruptBoards.h:117:2: error: #error PinChangeInterrupt library does not support this MCU.
 #error PinChangeInterrupt library does not support this MCU.
  ^
In file included from /home/ec2-user/arduino-testlib/cli-datadir/user/libraries/TheThingsNode/src/TheThingsNode.h:8:0,
                 from /home/ec2-user/arduino-testlib/cli-datadir/user/libraries/TheThingsNode/examples/BatteryMonitorLPP/BatteryMonitorLPP.ino:1:
/home/ec2-user/arduino-testlib/cli-datadir/user/libraries/TheThingsNode/src/PinChangeInterrupt.h:47:2: error: #error Please enable at least one PCINT port!
 #error Please enable at least one PCINT port!
  ^
In file included from /home/ec2-user/arduino-testlib/cli-datadir/user/libraries/TheThingsNode/src/TheThingsNode.h:8:0,
                 from /home/ec2-user/arduino-testlib/cli-datadir/user/libraries/TheThingsNode/examples/BatteryMonitorLPP/BatteryMonitorLPP.ino:1:
/home/ec2-user/arduino-testlib/cli-datadir/user/libraries/TheThingsNode/src/PinChangeInterrupt.h:86:2: error: #error MCU has no such a register
 #error MCU has no such a register
  ^
In file included from /home/ec2-user/arduino-testlib/cli-datadir/user/libraries/TheThingsNode/examples/BatteryMonitorLPP/BatteryMonitorLPP.ino:1:0:
/home/ec2-user/arduino-testlib/cli-datadir/user/libraries/TheThingsNode/src/TheThingsNode.h:12:23: fatal error: avr/sleep.h: No such file or directory
compilation terminated.

</pre>
					
					<h4>examples/CayenneLPP</h4>
					<p>
						Result: <b>FAIL</b>
					</p>
					<pre class="pre-scrollable">In file included from /home/ec2-user/arduino-testlib/cli-datadir/user/libraries/TheThingsNode/src/TheThingsNode.h:8:0,
                 from /home/ec2-user/arduino-testlib/cli-datadir/user/libraries/TheThingsNode/examples/CayenneLPP/CayenneLPP.ino:1:
/home/ec2-user/arduino-testlib/cli-datadir/user/libraries/TheThingsNode/src/PinChangeInterrupt.h:33:2: error: #error This library can only be used with AVR
 #error This library can only be used with AVR
  ^
In file included from /home/ec2-user/arduino-testlib/cli-datadir/user/libraries/TheThingsNode/src/PinChangeInterrupt.h:43:0,
                 from /home/ec2-user/arduino-testlib/cli-datadir/user/libraries/TheThingsNode/src/TheThingsNode.h:8,
                 from /home/ec2-user/arduino-testlib/cli-datadir/user/libraries/TheThingsNode/examples/CayenneLPP/CayenneLPP.ino:1:
/home/ec2-user/arduino-testlib/cli-datadir/user/libraries/TheThingsNode/src/PinChangeInterruptBoards.h:117:2: error: #error PinChangeInterrupt library does not support this MCU.
 #error PinChangeInterrupt library does not support this MCU.
  ^
In file included from /home/ec2-user/arduino-testlib/cli-datadir/user/libraries/TheThingsNode/src/TheThingsNode.h:8:0,
                 from /home/ec2-user/arduino-testlib/cli-datadir/user/libraries/TheThingsNode/examples/CayenneLPP/CayenneLPP.ino:1:
/home/ec2-user/arduino-testlib/cli-datadir/user/libraries/TheThingsNode/src/PinChangeInterrupt.h:47:2: error: #error Please enable at least one PCINT port!
 #error Please enable at least one PCINT port!
  ^
In file included from /home/ec2-user/arduino-testlib/cli-datadir/user/libraries/TheThingsNode/src/TheThingsNode.h:8:0,
                 from /home/ec2-user/arduino-testlib/cli-datadir/user/libraries/TheThingsNode/examples/CayenneLPP/CayenneLPP.ino:1:
/home/ec2-user/arduino-testlib/cli-datadir/user/libraries/TheThingsNode/src/PinChangeInterrupt.h:86:2: error: #error MCU has no such a register
 #error MCU has no such a register
  ^
In file included from /home/ec2-user/arduino-testlib/cli-datadir/user/libraries/TheThingsNode/examples/CayenneLPP/CayenneLPP.ino:1:0:
/home/ec2-user/arduino-testlib/cli-datadir/user/libraries/TheThingsNode/src/TheThingsNode.h:12:23: fatal error: avr/sleep.h: No such file or directory
compilation terminated.

</pre>
					
					<h4>examples/DeviceInfo</h4>
					<p>
						Result: <b>FAIL</b>
					</p>
					<pre class="pre-scrollable">/home/ec2-user/arduino-testlib/cli-datadir/user/libraries/TheThingsNode/examples/DeviceInfo/DeviceInfo.ino:7:18: error: &#39;REPLACE_ME&#39; was not declared in this scope
 #define freqPlan REPLACE_ME
                  ^
/home/ec2-user/arduino-testlib/cli-datadir/user/libraries/TheThingsNode/examples/DeviceInfo/DeviceInfo.ino:9:47: note: in expansion of macro &#39;freqPlan&#39;
 TheThingsNetwork ttn(loraSerial, debugSerial, freqPlan);
                                               ^

</pre>
					
					<h4>examples/PassThrough</h4>
					<p>
						Result: <b>PASS</b>
					</p>
					<pre class="pre-scrollable">Sketch uses 204498 bytes (15%) of program storage space. Maximum is 1310720 bytes.
Global variables use 13416 bytes (4%) of dynamic memory, leaving 314264 bytes for local variables. Maximum is 327680 bytes.
</pre>
					
				
			</div>
		</div>
	</div>
  </body>
</html>
