
<!doctype html>
<html lang="en">
  <head>
    <meta charset="utf-8">
    <meta name="viewport" content="width=device-width, initial-scale=1">
    <link href="https://cdn.jsdelivr.net/npm/bootstrap@5.0.2/dist/css/bootstrap.min.css" rel="stylesheet" integrity="sha384-EVSTQN3/azprG1Anm3QDgpJLIm9Nao0Yz1ztcQTwFspd3yD65VohhpuuCOmLASjC" crossorigin="anonymous">
    <title>arduino-testlib report</title>
	<style>
	.pass { background-color: #00FF00 !important; }
	.fail { background-color: #FF0000 !important; }
	</style>
  </head>
  <body>
	<div class="container">
		<div class="row">
			<div class="col">
				<h1>thinger.io - compatibility matrix</h1>
				<p>
					<small>This report was generated on Monday, 21-Feb-22 12:00:25 CET using 
					<a href="https://github.com/alranel/arduino-testlib">arduino-testlib</a>.</small>
				</p>

				<h2>thinger.io</h2>
				<p>
					Version: <b>2.21.1</b>
					<br />
					<a href="https://www.arduino.cc/reference/en/libraries/thingerio/">More details</a>
				</p>

				<h2>Compatibility matrix</h2>
				<table class="table table-bordered">
					<tr>
						<th>Board</th>
						<th>Claims compatibility</th>
						<th>Inclusion</th>
						
						<th><pre>Arduino</pre></th>
						
						<th><pre>ESP32</pre></th>
						
						<th><pre>ESP8266</pre></th>
						
						<th><pre>EnergiaCC3200</pre></th>
						
						<th><pre>LinkItOne</pre></th>
						
						<th><pre>Sonoff</pre></th>
						
					</tr>
					
					<tr>
						<td>
							<a href="#arduino%3aavr%3auno"><b>arduino:avr:uno</b></a>
							<br />
							<small>1.8.4</small>
						</td>

						
							<td>Yes</td>
							<td class="pass">PASS</td>
						
						
						
						

						
							
								
									
										
											
											<td class="fail">FAIL</td>
										
									
										
									
										
									
										
									
										
									
										
									
								
							
								
							
								
							
								
							
								
							
						
							
								
									
										
									
										
											
											<td class="fail">FAIL</td>
										
									
										
									
										
									
										
									
										
									
								
							
								
							
								
							
								
							
								
							
						
							
								
									
										
									
										
									
										
											
											<td class="fail">FAIL</td>
										
									
										
									
										
									
										
									
								
							
								
							
								
							
								
							
								
							
						
							
								
									
										
									
										
									
										
									
										
											
											<td class="fail">FAIL</td>
										
									
										
									
										
									
								
							
								
							
								
							
								
							
								
							
						
							
								
									
										
									
										
									
										
									
										
									
										
											
											<td class="fail">FAIL</td>
										
									
										
									
								
							
								
							
								
							
								
							
								
							
						
							
								
									
										
									
										
									
										
									
										
									
										
									
										
											
											<td class="fail">FAIL</td>
										
									
								
							
								
							
								
							
								
							
								
							
						
					</tr>
					
					<tr>
						<td>
							<a href="#arduino%3ambed_nano%3ananorp2040connect"><b>arduino:mbed_nano:nanorp2040connect</b></a>
							<br />
							<small>2.7.2</small>
						</td>

						
							<td>Yes</td>
							<td class="pass">PASS</td>
						
						
						
						

						
							
								
							
								
									
										
											
											<td class="fail">FAIL</td>
										
									
										
									
										
									
										
									
										
									
										
									
								
							
								
							
								
							
								
							
						
							
								
							
								
									
										
									
										
											
											<td class="fail">FAIL</td>
										
									
										
									
										
									
										
									
										
									
								
							
								
							
								
							
								
							
						
							
								
							
								
									
										
									
										
									
										
											
											<td class="fail">FAIL</td>
										
									
										
									
										
									
										
									
								
							
								
							
								
							
								
							
						
							
								
							
								
									
										
									
										
									
										
									
										
											
											<td class="fail">FAIL</td>
										
									
										
									
										
									
								
							
								
							
								
							
								
							
						
							
								
							
								
									
										
									
										
									
										
									
										
									
										
											
											<td class="fail">FAIL</td>
										
									
										
									
								
							
								
							
								
							
								
							
						
							
								
							
								
									
										
									
										
									
										
									
										
									
										
									
										
											
											<td class="fail">FAIL</td>
										
									
								
							
								
							
								
							
								
							
						
					</tr>
					
					<tr>
						<td>
							<a href="#arduino%3amegaavr%3anona4809"><b>arduino:megaavr:nona4809</b></a>
							<br />
							<small>1.8.7</small>
						</td>

						
							<td>Yes</td>
							<td class="pass">PASS</td>
						
						
						
						

						
							
								
							
								
							
								
									
										
											
											<td class="fail">FAIL</td>
										
									
										
									
										
									
										
									
										
									
										
									
								
							
								
							
								
							
						
							
								
							
								
							
								
									
										
									
										
											
											<td class="fail">FAIL</td>
										
									
										
									
										
									
										
									
										
									
								
							
								
							
								
							
						
							
								
							
								
							
								
									
										
									
										
									
										
											
											<td class="fail">FAIL</td>
										
									
										
									
										
									
										
									
								
							
								
							
								
							
						
							
								
							
								
							
								
									
										
									
										
									
										
									
										
											
											<td class="fail">FAIL</td>
										
									
										
									
										
									
								
							
								
							
								
							
						
							
								
							
								
							
								
									
										
									
										
									
										
									
										
									
										
											
											<td class="fail">FAIL</td>
										
									
										
									
								
							
								
							
								
							
						
							
								
							
								
							
								
									
										
									
										
									
										
									
										
									
										
									
										
											
											<td class="fail">FAIL</td>
										
									
								
							
								
							
								
							
						
					</tr>
					
					<tr>
						<td>
							<a href="#arduino%3asamd%3amkrwifi1010"><b>arduino:samd:mkrwifi1010</b></a>
							<br />
							<small>1.8.12</small>
						</td>

						
							<td>Yes</td>
							<td class="pass">PASS</td>
						
						
						
						

						
							
								
							
								
							
								
							
								
									
										
											
											<td class="fail">FAIL</td>
										
									
										
									
										
									
										
									
										
									
										
									
								
							
								
							
						
							
								
							
								
							
								
							
								
									
										
									
										
											
											<td class="fail">FAIL</td>
										
									
										
									
										
									
										
									
										
									
								
							
								
							
						
							
								
							
								
							
								
							
								
									
										
									
										
									
										
											
											<td class="fail">FAIL</td>
										
									
										
									
										
									
										
									
								
							
								
							
						
							
								
							
								
							
								
							
								
									
										
									
										
									
										
									
										
											
											<td class="fail">FAIL</td>
										
									
										
									
										
									
								
							
								
							
						
							
								
							
								
							
								
							
								
									
										
									
										
									
										
									
										
									
										
											
											<td class="fail">FAIL</td>
										
									
										
									
								
							
								
							
						
							
								
							
								
							
								
							
								
									
										
									
										
									
										
									
										
									
										
									
										
											
											<td class="fail">FAIL</td>
										
									
								
							
								
							
						
					</tr>
					
					<tr>
						<td>
							<a href="#esp32%3aesp32%3ad1_mini32"><b>esp32:esp32:d1_mini32</b></a>
							<br />
							<small>1.0.6</small>
						</td>

						
							<td>Yes</td>
							<td class="pass">PASS</td>
						
						
						
						

						
							
								
							
								
							
								
							
								
							
								
									
										
											
											<td class="fail">FAIL</td>
										
									
										
									
										
									
										
									
										
									
										
									
								
							
						
							
								
							
								
							
								
							
								
							
								
									
										
									
										
											
											<td class="fail">FAIL</td>
										
									
										
									
										
									
										
									
										
									
								
							
						
							
								
							
								
							
								
							
								
							
								
									
										
									
										
									
										
											
											<td class="fail">FAIL</td>
										
									
										
									
										
									
										
									
								
							
						
							
								
							
								
							
								
							
								
							
								
									
										
									
										
									
										
									
										
											
											<td class="fail">FAIL</td>
										
									
										
									
										
									
								
							
						
							
								
							
								
							
								
							
								
							
								
									
										
									
										
									
										
									
										
									
										
											
											<td class="fail">FAIL</td>
										
									
										
									
								
							
						
							
								
							
								
							
								
							
								
							
								
									
										
									
										
									
										
									
										
									
										
									
										
											
											<td class="fail">FAIL</td>
										
									
								
							
						
					</tr>
					
				</table>

				<h2>Compilation logs</h2>
				
				<h3 id="arduino:avr:uno">arduino:avr:uno @ 1.8.4</h3>
				<h4>Inclusion</h4>
				<p>
					Result: <b>PASS</b>
					
					<br />This library has no main header file so an empty one was created.
					
				</p>
				<pre class="pre-scrollable">Sketch uses 444 bytes (1%) of program storage space. Maximum is 32256 bytes.
Global variables use 9 bytes (0%) of dynamic memory, leaving 2039 bytes for local variables. Maximum is 2048 bytes.
</pre>

					
					<h4>examples/Arduino</h4>
					<p>
						Result: <b>FAIL</b>
					</p>
					<pre class="pre-scrollable"></pre>
					
					<h4>examples/ESP32</h4>
					<p>
						Result: <b>FAIL</b>
					</p>
					<pre class="pre-scrollable"></pre>
					
					<h4>examples/ESP8266</h4>
					<p>
						Result: <b>FAIL</b>
					</p>
					<pre class="pre-scrollable"></pre>
					
					<h4>examples/EnergiaCC3200</h4>
					<p>
						Result: <b>FAIL</b>
					</p>
					<pre class="pre-scrollable">In file included from /home/ec2-user/arduino-testlib/cli-datadir/user/libraries/thinger.io/src/ThingerWifi.h:27:0,
                 from /home/ec2-user/arduino-testlib/cli-datadir/user/libraries/thinger.io/examples/EnergiaCC3200/EnergiaCC3200.ino:2:
/home/ec2-user/arduino-testlib/cli-datadir/user/libraries/thinger.io/src/ThingerClient.h:540:34: error: &#39;std::function&#39; has not been declared
     void set_state_listener(std::function&lt;void(THINGER_STATE)&gt; state_listener){
                                  ^~~~~~~~
/home/ec2-user/arduino-testlib/cli-datadir/user/libraries/thinger.io/src/ThingerClient.h:540:42: error: expected &#39;,&#39; or &#39;...&#39; before &#39;&lt;&#39; token
     void set_state_listener(std::function&lt;void(THINGER_STATE)&gt; state_listener){
                                          ^
/home/ec2-user/arduino-testlib/cli-datadir/user/libraries/thinger.io/src/ThingerClient.h:557:10: error: &#39;function&#39; in namespace &#39;std&#39; does not name a template type
     std::function&lt;void(THINGER_STATE)&gt; state_listener_;
          ^~~~~~~~
/home/ec2-user/arduino-testlib/cli-datadir/user/libraries/thinger.io/src/ThingerClient.h: In member function &#39;virtual void ThingerClient::run_reboot()&#39;:
/home/ec2-user/arduino-testlib/cli-datadir/user/libraries/thinger.io/src/ThingerClient.h:361:20: error: &#39;WDTO_15MS&#39; was not declared in this scope
         wdt_enable(WDTO_15MS);
                    ^~~~~~~~~
/home/ec2-user/arduino-testlib/cli-datadir/user/libraries/thinger.io/src/ThingerClient.h:361:9: error: &#39;wdt_enable&#39; was not declared in this scope
         wdt_enable(WDTO_15MS);
         ^~~~~~~~~~
/home/ec2-user/arduino-testlib/cli-datadir/user/libraries/thinger.io/src/ThingerClient.h:361:9: note: suggested alternative: &#39;mutable&#39;
         wdt_enable(WDTO_15MS);
         ^~~~~~~~~~
         mutable
/home/ec2-user/arduino-testlib/cli-datadir/user/libraries/thinger.io/src/ThingerClient.h: In member function &#39;virtual void ThingerClient::thinger_state_listener(ThingerClient::THINGER_STATE)&#39;:
/home/ec2-user/arduino-testlib/cli-datadir/user/libraries/thinger.io/src/ThingerClient.h:425:12: error: &#39;state_listener_&#39; was not declared in this scope
         if(state_listener_) state_listener_(state);
            ^~~~~~~~~~~~~~~
/home/ec2-user/arduino-testlib/cli-datadir/user/libraries/thinger.io/src/ThingerClient.h:425:12: note: suggested alternative: &#39;set_state_listener&#39;
         if(state_listener_) state_listener_(state);
            ^~~~~~~~~~~~~~~
            set_state_listener
/home/ec2-user/arduino-testlib/cli-datadir/user/libraries/thinger.io/src/ThingerClient.h: In member function &#39;void ThingerClient::set_state_listener(int)&#39;:
/home/ec2-user/arduino-testlib/cli-datadir/user/libraries/thinger.io/src/ThingerClient.h:541:9: error: &#39;state_listener_&#39; was not declared in this scope
         state_listener_ = state_listener;
         ^~~~~~~~~~~~~~~
/home/ec2-user/arduino-testlib/cli-datadir/user/libraries/thinger.io/src/ThingerClient.h:541:9: note: suggested alternative: &#39;set_state_listener&#39;
         state_listener_ = state_listener;
         ^~~~~~~~~~~~~~~
         set_state_listener
/home/ec2-user/arduino-testlib/cli-datadir/user/libraries/thinger.io/src/ThingerClient.h:541:27: error: &#39;state_listener&#39; was not declared in this scope
         state_listener_ = state_listener;
                           ^~~~~~~~~~~~~~
/home/ec2-user/arduino-testlib/cli-datadir/user/libraries/thinger.io/src/ThingerClient.h:541:27: note: suggested alternative: &#39;set_state_listener&#39;
         state_listener_ = state_listener;
                           ^~~~~~~~~~~~~~
                           set_state_listener
/home/ec2-user/arduino-testlib/cli-datadir/user/libraries/thinger.io/examples/EnergiaCC3200/EnergiaCC3200.ino: In function &#39;void setup()&#39;:
/home/ec2-user/arduino-testlib/cli-datadir/user/libraries/thinger.io/examples/EnergiaCC3200/EnergiaCC3200.ino:9:11: error: &#39;RED_LED&#39; was not declared in this scope
   pinMode(RED_LED, OUTPUT);
           ^~~~~~~
/home/ec2-user/arduino-testlib/cli-datadir/user/libraries/thinger.io/examples/EnergiaCC3200/EnergiaCC3200.ino:10:11: error: &#39;GREEN_LED&#39; was not declared in this scope
   pinMode(GREEN_LED, OUTPUT);
           ^~~~~~~~~
/home/ec2-user/arduino-testlib/cli-datadir/user/libraries/thinger.io/examples/EnergiaCC3200/EnergiaCC3200.ino:11:11: error: &#39;YELLOW_LED&#39; was not declared in this scope
   pinMode(YELLOW_LED, OUTPUT);
           ^~~~~~~~~~
In file included from /home/ec2-user/arduino-testlib/cli-datadir/user/libraries/thinger.io/src/ThingerWifi.h:27:0,
                 from /home/ec2-user/arduino-testlib/cli-datadir/user/libraries/thinger.io/examples/EnergiaCC3200/EnergiaCC3200.ino:2:
/home/ec2-user/arduino-testlib/cli-datadir/user/libraries/thinger.io/examples/EnergiaCC3200/EnergiaCC3200.ino: In lambda function:
/home/ec2-user/arduino-testlib/cli-datadir/user/libraries/thinger.io/examples/EnergiaCC3200/EnergiaCC3200.ino:17:39: error: &#39;GREEN_LED&#39; is not captured
   thing[&#34;led&#34;][&#34;green&#34;] &lt;&lt; digitalPin(GREEN_LED);
                                       ^
/home/ec2-user/arduino-testlib/cli-datadir/user/libraries/thinger.io/src/ThingerClient.h:636:55: note: in definition of macro &#39;digitalPin&#39;
 #define digitalPin(PIN) [](pson&amp; in){ digital_pin(in, PIN); }
                                                       ^~~
/home/ec2-user/arduino-testlib/cli-datadir/user/libraries/thinger.io/src/ThingerClient.h:636:26: note: the lambda has no capture-default
 #define digitalPin(PIN) [](pson&amp; in){ digital_pin(in, PIN); }
                          ^
/home/ec2-user/arduino-testlib/cli-datadir/user/libraries/thinger.io/examples/EnergiaCC3200/EnergiaCC3200.ino:17:28: note: in expansion of macro &#39;digitalPin&#39;
   thing[&#34;led&#34;][&#34;green&#34;] &lt;&lt; digitalPin(GREEN_LED);
                            ^~~~~~~~~~
/home/ec2-user/arduino-testlib/cli-datadir/user/libraries/thinger.io/examples/EnergiaCC3200/EnergiaCC3200.ino:10:11: note: &#39;&lt;typeprefixerror&gt;GREEN_LED&#39; declared here
   pinMode(GREEN_LED, OUTPUT);
           ^~~~~~~~~
In file included from /home/ec2-user/arduino-testlib/cli-datadir/user/libraries/thinger.io/src/ThingerWifi.h:27:0,
                 from /home/ec2-user/arduino-testlib/cli-datadir/user/libraries/thinger.io/examples/EnergiaCC3200/EnergiaCC3200.ino:2:
/home/ec2-user/arduino-testlib/cli-datadir/user/libraries/thinger.io/examples/EnergiaCC3200/EnergiaCC3200.ino: In lambda function:
/home/ec2-user/arduino-testlib/cli-datadir/user/libraries/thinger.io/examples/EnergiaCC3200/EnergiaCC3200.ino:18:40: error: &#39;YELLOW_LED&#39; is not captured
   thing[&#34;led&#34;][&#34;yellow&#34;] &lt;&lt; digitalPin(YELLOW_LED);
                                        ^
/home/ec2-user/arduino-testlib/cli-datadir/user/libraries/thinger.io/src/ThingerClient.h:636:55: note: in definition of macro &#39;digitalPin&#39;
 #define digitalPin(PIN) [](pson&amp; in){ digital_pin(in, PIN); }
                                                       ^~~
/home/ec2-user/arduino-testlib/cli-datadir/user/libraries/thinger.io/src/ThingerClient.h:636:26: note: the lambda has no capture-default
 #define digitalPin(PIN) [](pson&amp; in){ digital_pin(in, PIN); }
                          ^
/home/ec2-user/arduino-testlib/cli-datadir/user/libraries/thinger.io/examples/EnergiaCC3200/EnergiaCC3200.ino:18:29: note: in expansion of macro &#39;digitalPin&#39;
   thing[&#34;led&#34;][&#34;yellow&#34;] &lt;&lt; digitalPin(YELLOW_LED);
                             ^~~~~~~~~~
/home/ec2-user/arduino-testlib/cli-datadir/user/libraries/thinger.io/examples/EnergiaCC3200/EnergiaCC3200.ino:11:11: note: &#39;&lt;typeprefixerror&gt;YELLOW_LED&#39; declared here
   pinMode(YELLOW_LED, OUTPUT);
           ^~~~~~~~~~
In file included from /home/ec2-user/arduino-testlib/cli-datadir/user/libraries/thinger.io/src/ThingerWifi.h:27:0,
                 from /home/ec2-user/arduino-testlib/cli-datadir/user/libraries/thinger.io/examples/EnergiaCC3200/EnergiaCC3200.ino:2:
/home/ec2-user/arduino-testlib/cli-datadir/user/libraries/thinger.io/examples/EnergiaCC3200/EnergiaCC3200.ino: In lambda function:
/home/ec2-user/arduino-testlib/cli-datadir/user/libraries/thinger.io/examples/EnergiaCC3200/EnergiaCC3200.ino:19:37: error: &#39;RED_LED&#39; is not captured
   thing[&#34;led&#34;][&#34;red&#34;] &lt;&lt; digitalPin(RED_LED);
                                     ^
/home/ec2-user/arduino-testlib/cli-datadir/user/libraries/thinger.io/src/ThingerClient.h:636:55: note: in definition of macro &#39;digitalPin&#39;
 #define digitalPin(PIN) [](pson&amp; in){ digital_pin(in, PIN); }
                                                       ^~~
/home/ec2-user/arduino-testlib/cli-datadir/user/libraries/thinger.io/src/ThingerClient.h:636:26: note: the lambda has no capture-default
 #define digitalPin(PIN) [](pson&amp; in){ digital_pin(in, PIN); }
                          ^
/home/ec2-user/arduino-testlib/cli-datadir/user/libraries/thinger.io/examples/EnergiaCC3200/EnergiaCC3200.ino:19:26: note: in expansion of macro &#39;digitalPin&#39;
   thing[&#34;led&#34;][&#34;red&#34;] &lt;&lt; digitalPin(RED_LED);
                          ^~~~~~~~~~
/home/ec2-user/arduino-testlib/cli-datadir/user/libraries/thinger.io/examples/EnergiaCC3200/EnergiaCC3200.ino:9:11: note: &#39;&lt;typeprefixerror&gt;RED_LED&#39; declared here
   pinMode(RED_LED, OUTPUT);
           ^~~~~~~
Multiple libraries were found for &#34;WiFi.h&#34;
  Used: /home/ec2-user/arduino-testlib/cli-datadir/user/libraries/WiFi
  Not used: /home/ec2-user/arduino-testlib/cli-datadir/user/libraries/WiFiEspAT
  Not used: /home/ec2-user/arduino-testlib/cli-datadir/user/libraries/Seeed_Arduino_rpcWiFi
  Not used: /home/ec2-user/arduino-testlib/cli-datadir/user/libraries/WiFiNINA
</pre>
					
					<h4>examples/LinkItOne</h4>
					<p>
						Result: <b>FAIL</b>
					</p>
					<pre class="pre-scrollable"></pre>
					
					<h4>examples/Sonoff</h4>
					<p>
						Result: <b>FAIL</b>
					</p>
					<pre class="pre-scrollable"></pre>
					
				
				<h3 id="arduino:mbed_nano:nanorp2040connect">arduino:mbed_nano:nanorp2040connect @ 2.7.2</h3>
				<h4>Inclusion</h4>
				<p>
					Result: <b>PASS</b>
					
				</p>
				<pre class="pre-scrollable">Sketch uses 78756 bytes (0%) of program storage space. Maximum is 16777216 bytes.
Global variables use 43444 bytes (16%) of dynamic memory, leaving 226892 bytes for local variables. Maximum is 270336 bytes.
</pre>

					
					<h4>examples/Arduino</h4>
					<p>
						Result: <b>FAIL</b>
					</p>
					<pre class="pre-scrollable"></pre>
					
					<h4>examples/ESP32</h4>
					<p>
						Result: <b>FAIL</b>
					</p>
					<pre class="pre-scrollable"></pre>
					
					<h4>examples/ESP8266</h4>
					<p>
						Result: <b>FAIL</b>
					</p>
					<pre class="pre-scrollable"></pre>
					
					<h4>examples/EnergiaCC3200</h4>
					<p>
						Result: <b>FAIL</b>
					</p>
					<pre class="pre-scrollable">/home/ec2-user/arduino-testlib/cli-datadir/user/libraries/thinger.io/examples/EnergiaCC3200/EnergiaCC3200.ino: In function &#39;void setup()&#39;:
/home/ec2-user/arduino-testlib/cli-datadir/user/libraries/thinger.io/examples/EnergiaCC3200/EnergiaCC3200.ino:9:11: error: &#39;RED_LED&#39; was not declared in this scope
   pinMode(RED_LED, OUTPUT);
           ^~~~~~~
/home/ec2-user/arduino-testlib/cli-datadir/user/libraries/thinger.io/examples/EnergiaCC3200/EnergiaCC3200.ino:9:11: note: suggested alternative: &#39;PIN_LED&#39;
   pinMode(RED_LED, OUTPUT);
           ^~~~~~~
           PIN_LED
/home/ec2-user/arduino-testlib/cli-datadir/user/libraries/thinger.io/examples/EnergiaCC3200/EnergiaCC3200.ino:10:11: error: &#39;GREEN_LED&#39; was not declared in this scope
   pinMode(GREEN_LED, OUTPUT);
           ^~~~~~~~~
/home/ec2-user/arduino-testlib/cli-datadir/user/libraries/thinger.io/examples/EnergiaCC3200/EnergiaCC3200.ino:10:11: note: suggested alternative: &#39;PIN_LED&#39;
   pinMode(GREEN_LED, OUTPUT);
           ^~~~~~~~~
           PIN_LED
/home/ec2-user/arduino-testlib/cli-datadir/user/libraries/thinger.io/examples/EnergiaCC3200/EnergiaCC3200.ino:11:11: error: &#39;YELLOW_LED&#39; was not declared in this scope
   pinMode(YELLOW_LED, OUTPUT);
           ^~~~~~~~~~
In file included from /home/ec2-user/arduino-testlib/cli-datadir/user/libraries/thinger.io/src/ThingerWifi.h:27:0,
                 from /home/ec2-user/arduino-testlib/cli-datadir/user/libraries/thinger.io/examples/EnergiaCC3200/EnergiaCC3200.ino:2:
/home/ec2-user/arduino-testlib/cli-datadir/user/libraries/thinger.io/examples/EnergiaCC3200/EnergiaCC3200.ino: In lambda function:
/home/ec2-user/arduino-testlib/cli-datadir/user/libraries/thinger.io/examples/EnergiaCC3200/EnergiaCC3200.ino:17:39: error: &#39;GREEN_LED&#39; is not captured
   thing[&#34;led&#34;][&#34;green&#34;] &lt;&lt; digitalPin(GREEN_LED);
                                       ^
/home/ec2-user/arduino-testlib/cli-datadir/user/libraries/thinger.io/src/ThingerClient.h:641:21: note: in definition of macro &#39;digitalPin&#39;
     digital_pin(in, PIN, state);                    \
                     ^~~
/home/ec2-user/arduino-testlib/cli-datadir/user/libraries/thinger.io/src/ThingerClient.h:639:26: note: the lambda has no capture-default
 #define digitalPin(PIN) [](pson&amp; in){               \
                          ^
/home/ec2-user/arduino-testlib/cli-datadir/user/libraries/thinger.io/examples/EnergiaCC3200/EnergiaCC3200.ino:17:28: note: in expansion of macro &#39;digitalPin&#39;
   thing[&#34;led&#34;][&#34;green&#34;] &lt;&lt; digitalPin(GREEN_LED);
                            ^~~~~~~~~~
/home/ec2-user/arduino-testlib/cli-datadir/user/libraries/thinger.io/examples/EnergiaCC3200/EnergiaCC3200.ino:10:11: note: &#39;&lt;typeprefixerror&gt;GREEN_LED&#39; declared here
   pinMode(GREEN_LED, OUTPUT);
           ^~~~~~~~~
In file included from /home/ec2-user/arduino-testlib/cli-datadir/user/libraries/thinger.io/src/ThingerWifi.h:27:0,
                 from /home/ec2-user/arduino-testlib/cli-datadir/user/libraries/thinger.io/examples/EnergiaCC3200/EnergiaCC3200.ino:2:
/home/ec2-user/arduino-testlib/cli-datadir/user/libraries/thinger.io/examples/EnergiaCC3200/EnergiaCC3200.ino: In lambda function:
/home/ec2-user/arduino-testlib/cli-datadir/user/libraries/thinger.io/examples/EnergiaCC3200/EnergiaCC3200.ino:18:40: error: &#39;YELLOW_LED&#39; is not captured
   thing[&#34;led&#34;][&#34;yellow&#34;] &lt;&lt; digitalPin(YELLOW_LED);
                                        ^
/home/ec2-user/arduino-testlib/cli-datadir/user/libraries/thinger.io/src/ThingerClient.h:641:21: note: in definition of macro &#39;digitalPin&#39;
     digital_pin(in, PIN, state);                    \
                     ^~~
/home/ec2-user/arduino-testlib/cli-datadir/user/libraries/thinger.io/src/ThingerClient.h:639:26: note: the lambda has no capture-default
 #define digitalPin(PIN) [](pson&amp; in){               \
                          ^
/home/ec2-user/arduino-testlib/cli-datadir/user/libraries/thinger.io/examples/EnergiaCC3200/EnergiaCC3200.ino:18:29: note: in expansion of macro &#39;digitalPin&#39;
   thing[&#34;led&#34;][&#34;yellow&#34;] &lt;&lt; digitalPin(YELLOW_LED);
                             ^~~~~~~~~~
/home/ec2-user/arduino-testlib/cli-datadir/user/libraries/thinger.io/examples/EnergiaCC3200/EnergiaCC3200.ino:11:11: note: &#39;&lt;typeprefixerror&gt;YELLOW_LED&#39; declared here
   pinMode(YELLOW_LED, OUTPUT);
           ^~~~~~~~~~
In file included from /home/ec2-user/arduino-testlib/cli-datadir/user/libraries/thinger.io/src/ThingerWifi.h:27:0,
                 from /home/ec2-user/arduino-testlib/cli-datadir/user/libraries/thinger.io/examples/EnergiaCC3200/EnergiaCC3200.ino:2:
/home/ec2-user/arduino-testlib/cli-datadir/user/libraries/thinger.io/examples/EnergiaCC3200/EnergiaCC3200.ino: In lambda function:
/home/ec2-user/arduino-testlib/cli-datadir/user/libraries/thinger.io/examples/EnergiaCC3200/EnergiaCC3200.ino:19:37: error: &#39;RED_LED&#39; is not captured
   thing[&#34;led&#34;][&#34;red&#34;] &lt;&lt; digitalPin(RED_LED);
                                     ^
/home/ec2-user/arduino-testlib/cli-datadir/user/libraries/thinger.io/src/ThingerClient.h:641:21: note: in definition of macro &#39;digitalPin&#39;
     digital_pin(in, PIN, state);                    \
                     ^~~
/home/ec2-user/arduino-testlib/cli-datadir/user/libraries/thinger.io/src/ThingerClient.h:639:26: note: the lambda has no capture-default
 #define digitalPin(PIN) [](pson&amp; in){               \
                          ^
/home/ec2-user/arduino-testlib/cli-datadir/user/libraries/thinger.io/examples/EnergiaCC3200/EnergiaCC3200.ino:19:26: note: in expansion of macro &#39;digitalPin&#39;
   thing[&#34;led&#34;][&#34;red&#34;] &lt;&lt; digitalPin(RED_LED);
                          ^~~~~~~~~~
/home/ec2-user/arduino-testlib/cli-datadir/user/libraries/thinger.io/examples/EnergiaCC3200/EnergiaCC3200.ino:9:11: note: &#39;&lt;typeprefixerror&gt;RED_LED&#39; declared here
   pinMode(RED_LED, OUTPUT);
           ^~~~~~~
Multiple libraries were found for &#34;WiFi.h&#34;
  Used: /home/ec2-user/arduino-testlib/cli-datadir/user/libraries/WiFi
  Not used: /home/ec2-user/arduino-testlib/cli-datadir/user/libraries/Seeed_Arduino_rpcWiFi
  Not used: /home/ec2-user/arduino-testlib/cli-datadir/user/libraries/WiFiNINA
  Not used: /home/ec2-user/arduino-testlib/cli-datadir/user/libraries/WiFiEspAT
</pre>
					
					<h4>examples/LinkItOne</h4>
					<p>
						Result: <b>FAIL</b>
					</p>
					<pre class="pre-scrollable"></pre>
					
					<h4>examples/Sonoff</h4>
					<p>
						Result: <b>FAIL</b>
					</p>
					<pre class="pre-scrollable"></pre>
					
				
				<h3 id="arduino:megaavr:nona4809">arduino:megaavr:nona4809 @ 1.8.7</h3>
				<h4>Inclusion</h4>
				<p>
					Result: <b>PASS</b>
					
				</p>
				<pre class="pre-scrollable">Sketch uses 802 bytes (1%) of program storage space. Maximum is 49152 bytes.
Global variables use 22 bytes (0%) of dynamic memory, leaving 6122 bytes for local variables. Maximum is 6144 bytes.
</pre>

					
					<h4>examples/Arduino</h4>
					<p>
						Result: <b>FAIL</b>
					</p>
					<pre class="pre-scrollable"></pre>
					
					<h4>examples/ESP32</h4>
					<p>
						Result: <b>FAIL</b>
					</p>
					<pre class="pre-scrollable"></pre>
					
					<h4>examples/ESP8266</h4>
					<p>
						Result: <b>FAIL</b>
					</p>
					<pre class="pre-scrollable"></pre>
					
					<h4>examples/EnergiaCC3200</h4>
					<p>
						Result: <b>FAIL</b>
					</p>
					<pre class="pre-scrollable">In file included from /home/ec2-user/arduino-testlib/cli-datadir/user/libraries/thinger.io/src/ThingerWifi.h:27:0,
                 from /home/ec2-user/arduino-testlib/cli-datadir/user/libraries/thinger.io/examples/EnergiaCC3200/EnergiaCC3200.ino:2:
/home/ec2-user/arduino-testlib/cli-datadir/user/libraries/thinger.io/src/ThingerClient.h:540:34: error: &#39;std::function&#39; has not been declared
     void set_state_listener(std::function&lt;void(THINGER_STATE)&gt; state_listener){
                                  ^~~~~~~~
/home/ec2-user/arduino-testlib/cli-datadir/user/libraries/thinger.io/src/ThingerClient.h:540:42: error: expected &#39;,&#39; or &#39;...&#39; before &#39;&lt;&#39; token
     void set_state_listener(std::function&lt;void(THINGER_STATE)&gt; state_listener){
                                          ^
/home/ec2-user/arduino-testlib/cli-datadir/user/libraries/thinger.io/src/ThingerClient.h:557:10: error: &#39;function&#39; in namespace &#39;std&#39; does not name a template type
     std::function&lt;void(THINGER_STATE)&gt; state_listener_;
          ^~~~~~~~
/home/ec2-user/arduino-testlib/cli-datadir/user/libraries/thinger.io/src/ThingerClient.h: In member function &#39;virtual void ThingerClient::run_reboot()&#39;:
/home/ec2-user/arduino-testlib/cli-datadir/user/libraries/thinger.io/src/ThingerClient.h:359:9: error: &#39;wdt_enable&#39; was not declared in this scope
         wdt_enable(WDT_PERIOD_8CLK_gc);
         ^~~~~~~~~~
/home/ec2-user/arduino-testlib/cli-datadir/user/libraries/thinger.io/src/ThingerClient.h:359:9: note: suggested alternative: &#39;mutable&#39;
         wdt_enable(WDT_PERIOD_8CLK_gc);
         ^~~~~~~~~~
         mutable
/home/ec2-user/arduino-testlib/cli-datadir/user/libraries/thinger.io/src/ThingerClient.h: In member function &#39;virtual void ThingerClient::thinger_state_listener(ThingerClient::THINGER_STATE)&#39;:
/home/ec2-user/arduino-testlib/cli-datadir/user/libraries/thinger.io/src/ThingerClient.h:425:12: error: &#39;state_listener_&#39; was not declared in this scope
         if(state_listener_) state_listener_(state);
            ^~~~~~~~~~~~~~~
/home/ec2-user/arduino-testlib/cli-datadir/user/libraries/thinger.io/src/ThingerClient.h:425:12: note: suggested alternative: &#39;set_state_listener&#39;
         if(state_listener_) state_listener_(state);
            ^~~~~~~~~~~~~~~
            set_state_listener
/home/ec2-user/arduino-testlib/cli-datadir/user/libraries/thinger.io/src/ThingerClient.h: In member function &#39;void ThingerClient::set_state_listener(int)&#39;:
/home/ec2-user/arduino-testlib/cli-datadir/user/libraries/thinger.io/src/ThingerClient.h:541:9: error: &#39;state_listener_&#39; was not declared in this scope
         state_listener_ = state_listener;
         ^~~~~~~~~~~~~~~
/home/ec2-user/arduino-testlib/cli-datadir/user/libraries/thinger.io/src/ThingerClient.h:541:9: note: suggested alternative: &#39;set_state_listener&#39;
         state_listener_ = state_listener;
         ^~~~~~~~~~~~~~~
         set_state_listener
/home/ec2-user/arduino-testlib/cli-datadir/user/libraries/thinger.io/src/ThingerClient.h:541:27: error: &#39;state_listener&#39; was not declared in this scope
         state_listener_ = state_listener;
                           ^~~~~~~~~~~~~~
/home/ec2-user/arduino-testlib/cli-datadir/user/libraries/thinger.io/src/ThingerClient.h:541:27: note: suggested alternative: &#39;set_state_listener&#39;
         state_listener_ = state_listener;
                           ^~~~~~~~~~~~~~
                           set_state_listener
/home/ec2-user/arduino-testlib/cli-datadir/user/libraries/thinger.io/examples/EnergiaCC3200/EnergiaCC3200.ino: In function &#39;void setup()&#39;:
/home/ec2-user/arduino-testlib/cli-datadir/user/libraries/thinger.io/examples/EnergiaCC3200/EnergiaCC3200.ino:9:11: error: &#39;RED_LED&#39; was not declared in this scope
   pinMode(RED_LED, OUTPUT);
           ^~~~~~~
/home/ec2-user/arduino-testlib/cli-datadir/user/libraries/thinger.io/examples/EnergiaCC3200/EnergiaCC3200.ino:10:11: error: &#39;GREEN_LED&#39; was not declared in this scope
   pinMode(GREEN_LED, OUTPUT);
           ^~~~~~~~~
/home/ec2-user/arduino-testlib/cli-datadir/user/libraries/thinger.io/examples/EnergiaCC3200/EnergiaCC3200.ino:11:11: error: &#39;YELLOW_LED&#39; was not declared in this scope
   pinMode(YELLOW_LED, OUTPUT);
           ^~~~~~~~~~
In file included from /home/ec2-user/arduino-testlib/cli-datadir/user/libraries/thinger.io/src/ThingerWifi.h:27:0,
                 from /home/ec2-user/arduino-testlib/cli-datadir/user/libraries/thinger.io/examples/EnergiaCC3200/EnergiaCC3200.ino:2:
/home/ec2-user/arduino-testlib/cli-datadir/user/libraries/thinger.io/examples/EnergiaCC3200/EnergiaCC3200.ino: In lambda function:
/home/ec2-user/arduino-testlib/cli-datadir/user/libraries/thinger.io/examples/EnergiaCC3200/EnergiaCC3200.ino:17:39: error: &#39;GREEN_LED&#39; is not captured
   thing[&#34;led&#34;][&#34;green&#34;] &lt;&lt; digitalPin(GREEN_LED);
                                       ^
/home/ec2-user/arduino-testlib/cli-datadir/user/libraries/thinger.io/src/ThingerClient.h:636:55: note: in definition of macro &#39;digitalPin&#39;
 #define digitalPin(PIN) [](pson&amp; in){ digital_pin(in, PIN); }
                                                       ^~~
/home/ec2-user/arduino-testlib/cli-datadir/user/libraries/thinger.io/src/ThingerClient.h:636:26: note: the lambda has no capture-default
 #define digitalPin(PIN) [](pson&amp; in){ digital_pin(in, PIN); }
                          ^
/home/ec2-user/arduino-testlib/cli-datadir/user/libraries/thinger.io/examples/EnergiaCC3200/EnergiaCC3200.ino:17:28: note: in expansion of macro &#39;digitalPin&#39;
   thing[&#34;led&#34;][&#34;green&#34;] &lt;&lt; digitalPin(GREEN_LED);
                            ^~~~~~~~~~
/home/ec2-user/arduino-testlib/cli-datadir/user/libraries/thinger.io/examples/EnergiaCC3200/EnergiaCC3200.ino:10:11: note: &#39;&lt;typeprefixerror&gt;GREEN_LED&#39; declared here
   pinMode(GREEN_LED, OUTPUT);
           ^~~~~~~~~
In file included from /home/ec2-user/arduino-testlib/cli-datadir/user/libraries/thinger.io/src/ThingerWifi.h:27:0,
                 from /home/ec2-user/arduino-testlib/cli-datadir/user/libraries/thinger.io/examples/EnergiaCC3200/EnergiaCC3200.ino:2:
/home/ec2-user/arduino-testlib/cli-datadir/user/libraries/thinger.io/examples/EnergiaCC3200/EnergiaCC3200.ino: In lambda function:
/home/ec2-user/arduino-testlib/cli-datadir/user/libraries/thinger.io/examples/EnergiaCC3200/EnergiaCC3200.ino:18:40: error: &#39;YELLOW_LED&#39; is not captured
   thing[&#34;led&#34;][&#34;yellow&#34;] &lt;&lt; digitalPin(YELLOW_LED);
                                        ^
/home/ec2-user/arduino-testlib/cli-datadir/user/libraries/thinger.io/src/ThingerClient.h:636:55: note: in definition of macro &#39;digitalPin&#39;
 #define digitalPin(PIN) [](pson&amp; in){ digital_pin(in, PIN); }
                                                       ^~~
/home/ec2-user/arduino-testlib/cli-datadir/user/libraries/thinger.io/src/ThingerClient.h:636:26: note: the lambda has no capture-default
 #define digitalPin(PIN) [](pson&amp; in){ digital_pin(in, PIN); }
                          ^
/home/ec2-user/arduino-testlib/cli-datadir/user/libraries/thinger.io/examples/EnergiaCC3200/EnergiaCC3200.ino:18:29: note: in expansion of macro &#39;digitalPin&#39;
   thing[&#34;led&#34;][&#34;yellow&#34;] &lt;&lt; digitalPin(YELLOW_LED);
                             ^~~~~~~~~~
/home/ec2-user/arduino-testlib/cli-datadir/user/libraries/thinger.io/examples/EnergiaCC3200/EnergiaCC3200.ino:11:11: note: &#39;&lt;typeprefixerror&gt;YELLOW_LED&#39; declared here
   pinMode(YELLOW_LED, OUTPUT);
           ^~~~~~~~~~
In file included from /home/ec2-user/arduino-testlib/cli-datadir/user/libraries/thinger.io/src/ThingerWifi.h:27:0,
                 from /home/ec2-user/arduino-testlib/cli-datadir/user/libraries/thinger.io/examples/EnergiaCC3200/EnergiaCC3200.ino:2:
/home/ec2-user/arduino-testlib/cli-datadir/user/libraries/thinger.io/examples/EnergiaCC3200/EnergiaCC3200.ino: In lambda function:
/home/ec2-user/arduino-testlib/cli-datadir/user/libraries/thinger.io/examples/EnergiaCC3200/EnergiaCC3200.ino:19:37: error: &#39;RED_LED&#39; is not captured
   thing[&#34;led&#34;][&#34;red&#34;] &lt;&lt; digitalPin(RED_LED);
                                     ^
/home/ec2-user/arduino-testlib/cli-datadir/user/libraries/thinger.io/src/ThingerClient.h:636:55: note: in definition of macro &#39;digitalPin&#39;
 #define digitalPin(PIN) [](pson&amp; in){ digital_pin(in, PIN); }
                                                       ^~~
/home/ec2-user/arduino-testlib/cli-datadir/user/libraries/thinger.io/src/ThingerClient.h:636:26: note: the lambda has no capture-default
 #define digitalPin(PIN) [](pson&amp; in){ digital_pin(in, PIN); }
                          ^
/home/ec2-user/arduino-testlib/cli-datadir/user/libraries/thinger.io/examples/EnergiaCC3200/EnergiaCC3200.ino:19:26: note: in expansion of macro &#39;digitalPin&#39;
   thing[&#34;led&#34;][&#34;red&#34;] &lt;&lt; digitalPin(RED_LED);
                          ^~~~~~~~~~
/home/ec2-user/arduino-testlib/cli-datadir/user/libraries/thinger.io/examples/EnergiaCC3200/EnergiaCC3200.ino:9:11: note: &#39;&lt;typeprefixerror&gt;RED_LED&#39; declared here
   pinMode(RED_LED, OUTPUT);
           ^~~~~~~
Multiple libraries were found for &#34;WiFi.h&#34;
  Used: /home/ec2-user/arduino-testlib/cli-datadir/user/libraries/WiFi
  Not used: /home/ec2-user/arduino-testlib/cli-datadir/user/libraries/Seeed_Arduino_rpcWiFi
  Not used: /home/ec2-user/arduino-testlib/cli-datadir/user/libraries/WiFiEspAT
  Not used: /home/ec2-user/arduino-testlib/cli-datadir/user/libraries/WiFiNINA
</pre>
					
					<h4>examples/LinkItOne</h4>
					<p>
						Result: <b>FAIL</b>
					</p>
					<pre class="pre-scrollable"></pre>
					
					<h4>examples/Sonoff</h4>
					<p>
						Result: <b>FAIL</b>
					</p>
					<pre class="pre-scrollable"></pre>
					
				
				<h3 id="arduino:samd:mkrwifi1010">arduino:samd:mkrwifi1010 @ 1.8.12</h3>
				<h4>Inclusion</h4>
				<p>
					Result: <b>PASS</b>
					
					<br />This library has no main header file so an empty one was created.
					
				</p>
				<pre class="pre-scrollable">Sketch uses 12156 bytes (4%) of program storage space. Maximum is 262144 bytes.
Global variables use 2996 bytes (9%) of dynamic memory, leaving 29772 bytes for local variables. Maximum is 32768 bytes.
</pre>

					
					<h4>examples/Arduino</h4>
					<p>
						Result: <b>FAIL</b>
					</p>
					<pre class="pre-scrollable"></pre>
					
					<h4>examples/ESP32</h4>
					<p>
						Result: <b>FAIL</b>
					</p>
					<pre class="pre-scrollable"></pre>
					
					<h4>examples/ESP8266</h4>
					<p>
						Result: <b>FAIL</b>
					</p>
					<pre class="pre-scrollable"></pre>
					
					<h4>examples/EnergiaCC3200</h4>
					<p>
						Result: <b>FAIL</b>
					</p>
					<pre class="pre-scrollable">/home/ec2-user/arduino-testlib/cli-datadir/user/libraries/thinger.io/examples/EnergiaCC3200/EnergiaCC3200.ino: In function &#39;void setup()&#39;:
/home/ec2-user/arduino-testlib/cli-datadir/user/libraries/thinger.io/examples/EnergiaCC3200/EnergiaCC3200.ino:9:11: error: &#39;RED_LED&#39; was not declared in this scope
   pinMode(RED_LED, OUTPUT);
           ^~~~~~~
/home/ec2-user/arduino-testlib/cli-datadir/user/libraries/thinger.io/examples/EnergiaCC3200/EnergiaCC3200.ino:9:11: note: suggested alternative: &#39;PIN_LED&#39;
   pinMode(RED_LED, OUTPUT);
           ^~~~~~~
           PIN_LED
/home/ec2-user/arduino-testlib/cli-datadir/user/libraries/thinger.io/examples/EnergiaCC3200/EnergiaCC3200.ino:10:11: error: &#39;GREEN_LED&#39; was not declared in this scope
   pinMode(GREEN_LED, OUTPUT);
           ^~~~~~~~~
/home/ec2-user/arduino-testlib/cli-datadir/user/libraries/thinger.io/examples/EnergiaCC3200/EnergiaCC3200.ino:10:11: note: suggested alternative: &#39;PIN_LED&#39;
   pinMode(GREEN_LED, OUTPUT);
           ^~~~~~~~~
           PIN_LED
/home/ec2-user/arduino-testlib/cli-datadir/user/libraries/thinger.io/examples/EnergiaCC3200/EnergiaCC3200.ino:11:11: error: &#39;YELLOW_LED&#39; was not declared in this scope
   pinMode(YELLOW_LED, OUTPUT);
           ^~~~~~~~~~
In file included from /home/ec2-user/arduino-testlib/cli-datadir/user/libraries/thinger.io/src/ThingerWifi.h:27:0,
                 from /home/ec2-user/arduino-testlib/cli-datadir/user/libraries/thinger.io/examples/EnergiaCC3200/EnergiaCC3200.ino:2:
/home/ec2-user/arduino-testlib/cli-datadir/user/libraries/thinger.io/examples/EnergiaCC3200/EnergiaCC3200.ino: In lambda function:
/home/ec2-user/arduino-testlib/cli-datadir/user/libraries/thinger.io/examples/EnergiaCC3200/EnergiaCC3200.ino:17:39: error: &#39;GREEN_LED&#39; is not captured
   thing[&#34;led&#34;][&#34;green&#34;] &lt;&lt; digitalPin(GREEN_LED);
                                       ^
/home/ec2-user/arduino-testlib/cli-datadir/user/libraries/thinger.io/src/ThingerClient.h:641:21: note: in definition of macro &#39;digitalPin&#39;
     digital_pin(in, PIN, state);                    \
                     ^~~
/home/ec2-user/arduino-testlib/cli-datadir/user/libraries/thinger.io/src/ThingerClient.h:639:26: note: the lambda has no capture-default
 #define digitalPin(PIN) [](pson&amp; in){               \
                          ^
/home/ec2-user/arduino-testlib/cli-datadir/user/libraries/thinger.io/examples/EnergiaCC3200/EnergiaCC3200.ino:17:28: note: in expansion of macro &#39;digitalPin&#39;
   thing[&#34;led&#34;][&#34;green&#34;] &lt;&lt; digitalPin(GREEN_LED);
                            ^~~~~~~~~~
/home/ec2-user/arduino-testlib/cli-datadir/user/libraries/thinger.io/examples/EnergiaCC3200/EnergiaCC3200.ino:10:11: note: &#39;&lt;typeprefixerror&gt;GREEN_LED&#39; declared here
   pinMode(GREEN_LED, OUTPUT);
           ^~~~~~~~~
In file included from /home/ec2-user/arduino-testlib/cli-datadir/user/libraries/thinger.io/src/ThingerWifi.h:27:0,
                 from /home/ec2-user/arduino-testlib/cli-datadir/user/libraries/thinger.io/examples/EnergiaCC3200/EnergiaCC3200.ino:2:
/home/ec2-user/arduino-testlib/cli-datadir/user/libraries/thinger.io/examples/EnergiaCC3200/EnergiaCC3200.ino: In lambda function:
/home/ec2-user/arduino-testlib/cli-datadir/user/libraries/thinger.io/examples/EnergiaCC3200/EnergiaCC3200.ino:18:40: error: &#39;YELLOW_LED&#39; is not captured
   thing[&#34;led&#34;][&#34;yellow&#34;] &lt;&lt; digitalPin(YELLOW_LED);
                                        ^
/home/ec2-user/arduino-testlib/cli-datadir/user/libraries/thinger.io/src/ThingerClient.h:641:21: note: in definition of macro &#39;digitalPin&#39;
     digital_pin(in, PIN, state);                    \
                     ^~~
/home/ec2-user/arduino-testlib/cli-datadir/user/libraries/thinger.io/src/ThingerClient.h:639:26: note: the lambda has no capture-default
 #define digitalPin(PIN) [](pson&amp; in){               \
                          ^
/home/ec2-user/arduino-testlib/cli-datadir/user/libraries/thinger.io/examples/EnergiaCC3200/EnergiaCC3200.ino:18:29: note: in expansion of macro &#39;digitalPin&#39;
   thing[&#34;led&#34;][&#34;yellow&#34;] &lt;&lt; digitalPin(YELLOW_LED);
                             ^~~~~~~~~~
/home/ec2-user/arduino-testlib/cli-datadir/user/libraries/thinger.io/examples/EnergiaCC3200/EnergiaCC3200.ino:11:11: note: &#39;&lt;typeprefixerror&gt;YELLOW_LED&#39; declared here
   pinMode(YELLOW_LED, OUTPUT);
           ^~~~~~~~~~
In file included from /home/ec2-user/arduino-testlib/cli-datadir/user/libraries/thinger.io/src/ThingerWifi.h:27:0,
                 from /home/ec2-user/arduino-testlib/cli-datadir/user/libraries/thinger.io/examples/EnergiaCC3200/EnergiaCC3200.ino:2:
/home/ec2-user/arduino-testlib/cli-datadir/user/libraries/thinger.io/examples/EnergiaCC3200/EnergiaCC3200.ino: In lambda function:
/home/ec2-user/arduino-testlib/cli-datadir/user/libraries/thinger.io/examples/EnergiaCC3200/EnergiaCC3200.ino:19:37: error: &#39;RED_LED&#39; is not captured
   thing[&#34;led&#34;][&#34;red&#34;] &lt;&lt; digitalPin(RED_LED);
                                     ^
/home/ec2-user/arduino-testlib/cli-datadir/user/libraries/thinger.io/src/ThingerClient.h:641:21: note: in definition of macro &#39;digitalPin&#39;
     digital_pin(in, PIN, state);                    \
                     ^~~
/home/ec2-user/arduino-testlib/cli-datadir/user/libraries/thinger.io/src/ThingerClient.h:639:26: note: the lambda has no capture-default
 #define digitalPin(PIN) [](pson&amp; in){               \
                          ^
/home/ec2-user/arduino-testlib/cli-datadir/user/libraries/thinger.io/examples/EnergiaCC3200/EnergiaCC3200.ino:19:26: note: in expansion of macro &#39;digitalPin&#39;
   thing[&#34;led&#34;][&#34;red&#34;] &lt;&lt; digitalPin(RED_LED);
                          ^~~~~~~~~~
/home/ec2-user/arduino-testlib/cli-datadir/user/libraries/thinger.io/examples/EnergiaCC3200/EnergiaCC3200.ino:9:11: note: &#39;&lt;typeprefixerror&gt;RED_LED&#39; declared here
   pinMode(RED_LED, OUTPUT);
           ^~~~~~~
Multiple libraries were found for &#34;WiFi.h&#34;
  Used: /home/ec2-user/arduino-testlib/cli-datadir/user/libraries/WiFi
  Not used: /home/ec2-user/arduino-testlib/cli-datadir/user/libraries/WiFiEspAT
  Not used: /home/ec2-user/arduino-testlib/cli-datadir/user/libraries/WiFiNINA
  Not used: /home/ec2-user/arduino-testlib/cli-datadir/user/libraries/Seeed_Arduino_rpcWiFi
</pre>
					
					<h4>examples/LinkItOne</h4>
					<p>
						Result: <b>FAIL</b>
					</p>
					<pre class="pre-scrollable"></pre>
					
					<h4>examples/Sonoff</h4>
					<p>
						Result: <b>FAIL</b>
					</p>
					<pre class="pre-scrollable"></pre>
					
				
				<h3 id="esp32:esp32:d1_mini32">esp32:esp32:d1_mini32 @ 1.0.6</h3>
				<h4>Inclusion</h4>
				<p>
					Result: <b>PASS</b>
					
				</p>
				<pre class="pre-scrollable">Sketch uses 197768 bytes (15%) of program storage space. Maximum is 1310720 bytes.
Global variables use 13092 bytes (3%) of dynamic memory, leaving 314588 bytes for local variables. Maximum is 327680 bytes.
</pre>

					
					<h4>examples/Arduino</h4>
					<p>
						Result: <b>FAIL</b>
					</p>
					<pre class="pre-scrollable"></pre>
					
					<h4>examples/ESP32</h4>
					<p>
						Result: <b>FAIL</b>
					</p>
					<pre class="pre-scrollable"></pre>
					
					<h4>examples/ESP8266</h4>
					<p>
						Result: <b>FAIL</b>
					</p>
					<pre class="pre-scrollable"></pre>
					
					<h4>examples/EnergiaCC3200</h4>
					<p>
						Result: <b>FAIL</b>
					</p>
					<pre class="pre-scrollable">/home/ec2-user/arduino-testlib/cli-datadir/user/libraries/thinger.io/examples/EnergiaCC3200/EnergiaCC3200.ino: In function &#39;void setup()&#39;:
/home/ec2-user/arduino-testlib/cli-datadir/user/libraries/thinger.io/examples/EnergiaCC3200/EnergiaCC3200.ino:9:11: error: &#39;RED_LED&#39; was not declared in this scope
   pinMode(RED_LED, OUTPUT);
           ^
/home/ec2-user/arduino-testlib/cli-datadir/user/libraries/thinger.io/examples/EnergiaCC3200/EnergiaCC3200.ino:10:11: error: &#39;GREEN_LED&#39; was not declared in this scope
   pinMode(GREEN_LED, OUTPUT);
           ^
/home/ec2-user/arduino-testlib/cli-datadir/user/libraries/thinger.io/examples/EnergiaCC3200/EnergiaCC3200.ino:11:11: error: &#39;YELLOW_LED&#39; was not declared in this scope
   pinMode(YELLOW_LED, OUTPUT);
           ^
In file included from /home/ec2-user/arduino-testlib/cli-datadir/user/libraries/thinger.io/src/ThingerWifi.h:27:0,
                 from /home/ec2-user/arduino-testlib/cli-datadir/user/libraries/thinger.io/examples/EnergiaCC3200/EnergiaCC3200.ino:2:
/home/ec2-user/arduino-testlib/cli-datadir/user/libraries/thinger.io/examples/EnergiaCC3200/EnergiaCC3200.ino: In lambda function:
/home/ec2-user/arduino-testlib/cli-datadir/user/libraries/thinger.io/examples/EnergiaCC3200/EnergiaCC3200.ino:17:39: error: &#39;GREEN_LED&#39; is not captured
   thing[&#34;led&#34;][&#34;green&#34;] &lt;&lt; digitalPin(GREEN_LED);
                                       ^
/home/ec2-user/arduino-testlib/cli-datadir/user/libraries/thinger.io/src/ThingerClient.h:641:21: note: in definition of macro &#39;digitalPin&#39;
     digital_pin(in, PIN, state);                    \
                     ^
/home/ec2-user/arduino-testlib/cli-datadir/user/libraries/thinger.io/src/ThingerClient.h:639:26: note: the lambda has no capture-default
 #define digitalPin(PIN) [](pson&amp; in){               \
                          ^
/home/ec2-user/arduino-testlib/cli-datadir/user/libraries/thinger.io/examples/EnergiaCC3200/EnergiaCC3200.ino:17:28: note: in expansion of macro &#39;digitalPin&#39;
   thing[&#34;led&#34;][&#34;green&#34;] &lt;&lt; digitalPin(GREEN_LED);
                            ^
/home/ec2-user/arduino-testlib/cli-datadir/user/libraries/thinger.io/examples/EnergiaCC3200/EnergiaCC3200.ino:10:11: note: &#39;&lt;typeprefixerror&gt;GREEN_LED&#39; declared here
   pinMode(GREEN_LED, OUTPUT);
           ^
In file included from /home/ec2-user/arduino-testlib/cli-datadir/user/libraries/thinger.io/src/ThingerWifi.h:27:0,
                 from /home/ec2-user/arduino-testlib/cli-datadir/user/libraries/thinger.io/examples/EnergiaCC3200/EnergiaCC3200.ino:2:
/home/ec2-user/arduino-testlib/cli-datadir/user/libraries/thinger.io/examples/EnergiaCC3200/EnergiaCC3200.ino: In lambda function:
/home/ec2-user/arduino-testlib/cli-datadir/user/libraries/thinger.io/examples/EnergiaCC3200/EnergiaCC3200.ino:18:40: error: &#39;YELLOW_LED&#39; is not captured
   thing[&#34;led&#34;][&#34;yellow&#34;] &lt;&lt; digitalPin(YELLOW_LED);
                                        ^
/home/ec2-user/arduino-testlib/cli-datadir/user/libraries/thinger.io/src/ThingerClient.h:641:21: note: in definition of macro &#39;digitalPin&#39;
     digital_pin(in, PIN, state);                    \
                     ^
/home/ec2-user/arduino-testlib/cli-datadir/user/libraries/thinger.io/src/ThingerClient.h:639:26: note: the lambda has no capture-default
 #define digitalPin(PIN) [](pson&amp; in){               \
                          ^
/home/ec2-user/arduino-testlib/cli-datadir/user/libraries/thinger.io/examples/EnergiaCC3200/EnergiaCC3200.ino:18:29: note: in expansion of macro &#39;digitalPin&#39;
   thing[&#34;led&#34;][&#34;yellow&#34;] &lt;&lt; digitalPin(YELLOW_LED);
                             ^
/home/ec2-user/arduino-testlib/cli-datadir/user/libraries/thinger.io/examples/EnergiaCC3200/EnergiaCC3200.ino:11:11: note: &#39;&lt;typeprefixerror&gt;YELLOW_LED&#39; declared here
   pinMode(YELLOW_LED, OUTPUT);
           ^
In file included from /home/ec2-user/arduino-testlib/cli-datadir/user/libraries/thinger.io/src/ThingerWifi.h:27:0,
                 from /home/ec2-user/arduino-testlib/cli-datadir/user/libraries/thinger.io/examples/EnergiaCC3200/EnergiaCC3200.ino:2:
/home/ec2-user/arduino-testlib/cli-datadir/user/libraries/thinger.io/examples/EnergiaCC3200/EnergiaCC3200.ino: In lambda function:
/home/ec2-user/arduino-testlib/cli-datadir/user/libraries/thinger.io/examples/EnergiaCC3200/EnergiaCC3200.ino:19:37: error: &#39;RED_LED&#39; is not captured
   thing[&#34;led&#34;][&#34;red&#34;] &lt;&lt; digitalPin(RED_LED);
                                     ^
/home/ec2-user/arduino-testlib/cli-datadir/user/libraries/thinger.io/src/ThingerClient.h:641:21: note: in definition of macro &#39;digitalPin&#39;
     digital_pin(in, PIN, state);                    \
                     ^
/home/ec2-user/arduino-testlib/cli-datadir/user/libraries/thinger.io/src/ThingerClient.h:639:26: note: the lambda has no capture-default
 #define digitalPin(PIN) [](pson&amp; in){               \
                          ^
/home/ec2-user/arduino-testlib/cli-datadir/user/libraries/thinger.io/examples/EnergiaCC3200/EnergiaCC3200.ino:19:26: note: in expansion of macro &#39;digitalPin&#39;
   thing[&#34;led&#34;][&#34;red&#34;] &lt;&lt; digitalPin(RED_LED);
                          ^
/home/ec2-user/arduino-testlib/cli-datadir/user/libraries/thinger.io/examples/EnergiaCC3200/EnergiaCC3200.ino:9:11: note: &#39;&lt;typeprefixerror&gt;RED_LED&#39; declared here
   pinMode(RED_LED, OUTPUT);
           ^
Multiple libraries were found for &#34;WiFi.h&#34;
  Used: /home/ec2-user/arduino-testlib/cli-datadir/data/packages/esp32/hardware/esp32/1.0.6/libraries/WiFi
  Not used: /home/ec2-user/arduino-testlib/cli-datadir/user/libraries/Seeed_Arduino_rpcWiFi
  Not used: /home/ec2-user/arduino-testlib/cli-datadir/user/libraries/WiFiEspAT
  Not used: /home/ec2-user/arduino-testlib/cli-datadir/user/libraries/WiFiNINA
  Not used: /home/ec2-user/arduino-testlib/cli-datadir/user/libraries/WiFi
</pre>
					
					<h4>examples/LinkItOne</h4>
					<p>
						Result: <b>FAIL</b>
					</p>
					<pre class="pre-scrollable"></pre>
					
					<h4>examples/Sonoff</h4>
					<p>
						Result: <b>FAIL</b>
					</p>
					<pre class="pre-scrollable"></pre>
					
				
			</div>
		</div>
	</div>
  </body>
</html>
