
<!doctype html>
<html lang="en">
  <head>
    <meta charset="utf-8">
    <meta name="viewport" content="width=device-width, initial-scale=1">
    <link href="https://cdn.jsdelivr.net/npm/bootstrap@5.0.2/dist/css/bootstrap.min.css" rel="stylesheet" integrity="sha384-EVSTQN3/azprG1Anm3QDgpJLIm9Nao0Yz1ztcQTwFspd3yD65VohhpuuCOmLASjC" crossorigin="anonymous">
    <title>arduino-testlib report</title>
	<style>
	.pass { background-color: #00FF00 !important; }
	.fail { background-color: #FF0000 !important; }
	</style>
  </head>
  <body>
	<div class="container">
		<div class="row">
			<div class="col">
				<h1>TimerExtensions - compatibility matrix</h1>
				<p>
					<small>This report was generated on Wednesday, 23-Feb-22 22:48:15 CET using 
					<a href="https://github.com/alranel/arduino-testlib">arduino-testlib</a>.</small>
				</p>

				<h2>TimerExtensions</h2>
				<p>
					Version: <b>0.0.1</b>
					<br />
					<a href="https://www.arduino.cc/reference/en/libraries/timerextensions/">More details</a>
				</p>

				<h2>Compatibility matrix</h2>
				<table class="table table-bordered">
					<tr>
						<th>Board</th>
						<th>Claims compatibility</th>
						<th>Inclusion</th>
						
						<th><pre>blink-timing</pre></th>
						
						<th><pre>code-timing</pre></th>
						
						<th><pre>pulse-generator</pre></th>
						
					</tr>
					
					<tr>
						<td>
							<a href="#arduino%3aavr%3auno"><b>arduino:avr:uno</b></a>
							<br />
							<small>1.8.4</small>
						</td>

						
							<td>Yes</td>
							<td class="pass">PASS</td>
						
						
						
						

						
							
								
									
										
											<td class="pass">PASS</td>
											
										
									
										
									
										
									
								
							
								
							
								
							
								
							
								
							
						
							
								
									
										
									
										
											<td class="pass">PASS</td>
											
										
									
										
									
								
							
								
							
								
							
								
							
								
							
						
							
								
									
										
									
										
									
										
											<td class="pass">PASS</td>
											
										
									
								
							
								
							
								
							
								
							
								
							
						
					</tr>
					
					<tr>
						<td>
							<a href="#arduino%3ambed_nano%3ananorp2040connect"><b>arduino:mbed_nano:nanorp2040connect</b></a>
							<br />
							<small>2.7.2</small>
						</td>

						
						
						
						
							<td>No</td>
							<td class="fail">FAIL</td>
						

						
							
								
							
								
									
										
											
											<td class="fail">FAIL</td>
										
									
										
									
										
									
								
							
								
							
								
							
								
							
						
							
								
							
								
									
										
									
										
											
											<td class="fail">FAIL</td>
										
									
										
									
								
							
								
							
								
							
								
							
						
							
								
							
								
									
										
									
										
									
										
											
											<td class="fail">FAIL</td>
										
									
								
							
								
							
								
							
								
							
						
					</tr>
					
					<tr>
						<td>
							<a href="#arduino%3amegaavr%3anona4809"><b>arduino:megaavr:nona4809</b></a>
							<br />
							<small>1.8.7</small>
						</td>

						
						
						
						
							<td>No</td>
							<td class="fail">FAIL</td>
						

						
							
								
							
								
							
								
									
										
											
											<td class="fail">FAIL</td>
										
									
										
									
										
									
								
							
								
							
								
							
						
							
								
							
								
							
								
									
										
									
										
											
											<td class="fail">FAIL</td>
										
									
										
									
								
							
								
							
								
							
						
							
								
							
								
							
								
									
										
									
										
									
										
											
											<td class="fail">FAIL</td>
										
									
								
							
								
							
								
							
						
					</tr>
					
					<tr>
						<td>
							<a href="#arduino%3asamd%3amkrwifi1010"><b>arduino:samd:mkrwifi1010</b></a>
							<br />
							<small>1.8.12</small>
						</td>

						
						
						
						
							<td>No</td>
							<td class="fail">FAIL</td>
						

						
							
								
							
								
							
								
							
								
									
										
											
											<td class="fail">FAIL</td>
										
									
										
									
										
									
								
							
								
							
						
							
								
							
								
							
								
							
								
									
										
									
										
											
											<td class="fail">FAIL</td>
										
									
										
									
								
							
								
							
						
							
								
							
								
							
								
							
								
									
										
									
										
									
										
											
											<td class="fail">FAIL</td>
										
									
								
							
								
							
						
					</tr>
					
					<tr>
						<td>
							<a href="#esp32%3aesp32%3ad1_mini32"><b>esp32:esp32:d1_mini32</b></a>
							<br />
							<small>1.0.6</small>
						</td>

						
						
						
						
							<td>No</td>
							<td class="fail">FAIL</td>
						

						
							
								
							
								
							
								
							
								
							
								
									
										
											
											<td class="fail">FAIL</td>
										
									
										
									
										
									
								
							
						
							
								
							
								
							
								
							
								
							
								
									
										
									
										
											
											<td class="fail">FAIL</td>
										
									
										
									
								
							
						
							
								
							
								
							
								
							
								
							
								
									
										
									
										
									
										
											
											<td class="fail">FAIL</td>
										
									
								
							
						
					</tr>
					
				</table>

				<h2>Compilation logs</h2>
				
				<h3 id="arduino:avr:uno">arduino:avr:uno @ 1.8.4</h3>
				<h4>Inclusion</h4>
				<p>
					Result: <b>PASS</b>
					
					<br />This library has no main header file so an empty one was created.
					
				</p>
				<pre class="pre-scrollable">Sketch uses 444 bytes (1%) of program storage space. Maximum is 32256 bytes.
Global variables use 9 bytes (0%) of dynamic memory, leaving 2039 bytes for local variables. Maximum is 2048 bytes.
</pre>

					
					<h4>examples/blink-timing</h4>
					<p>
						Result: <b>PASS</b>
					</p>
					<pre class="pre-scrollable">Sketch uses 2726 bytes (8%) of program storage space. Maximum is 32256 bytes.
Global variables use 231 bytes (11%) of dynamic memory, leaving 1817 bytes for local variables. Maximum is 2048 bytes.
</pre>
					
					<h4>examples/code-timing</h4>
					<p>
						Result: <b>PASS</b>
					</p>
					<pre class="pre-scrollable">Sketch uses 1768 bytes (5%) of program storage space. Maximum is 32256 bytes.
Global variables use 242 bytes (11%) of dynamic memory, leaving 1806 bytes for local variables. Maximum is 2048 bytes.
</pre>
					
					<h4>examples/pulse-generator</h4>
					<p>
						Result: <b>PASS</b>
					</p>
					<pre class="pre-scrollable">Sketch uses 3346 bytes (10%) of program storage space. Maximum is 32256 bytes.
Global variables use 272 bytes (13%) of dynamic memory, leaving 1776 bytes for local variables. Maximum is 2048 bytes.
</pre>
					
				
				<h3 id="arduino:mbed_nano:nanorp2040connect">arduino:mbed_nano:nanorp2040connect @ 2.7.2</h3>
				<h4>Inclusion</h4>
				<p>
					Result: <b>FAIL</b>
					
				</p>
				<pre class="pre-scrollable">In file included from /home/ec2-user/arduino-testlib/cli-datadir/user/libraries/TimerExtensions/src/extTimer.cpp:18:0:
/home/ec2-user/arduino-testlib/cli-datadir/user/libraries/TimerExtensions/src/extTimer.h:21:10: fatal error: avr/io.h: No such file or directory
 #include &lt;avr/io.h&gt;
          ^~~~~~~~~~
compilation terminated.

</pre>

					
					<h4>examples/blink-timing</h4>
					<p>
						Result: <b>FAIL</b>
					</p>
					<pre class="pre-scrollable">In file included from /home/ec2-user/arduino-testlib/cli-datadir/user/libraries/TimerExtensions/examples/blink-timing/blink-timing.ino:3:0:
/home/ec2-user/arduino-testlib/cli-datadir/user/libraries/TimerExtensions/src/extTimer.h:21:10: fatal error: avr/io.h: No such file or directory
 #include &lt;avr/io.h&gt;
          ^~~~~~~~~~
compilation terminated.

</pre>
					
					<h4>examples/code-timing</h4>
					<p>
						Result: <b>FAIL</b>
					</p>
					<pre class="pre-scrollable">In file included from /home/ec2-user/arduino-testlib/cli-datadir/user/libraries/TimerExtensions/src/extTimer.cpp:18:0:
/home/ec2-user/arduino-testlib/cli-datadir/user/libraries/TimerExtensions/src/extTimer.h:21:10: fatal error: avr/io.h: No such file or directory
 #include &lt;avr/io.h&gt;
          ^~~~~~~~~~
compilation terminated.

</pre>
					
					<h4>examples/pulse-generator</h4>
					<p>
						Result: <b>FAIL</b>
					</p>
					<pre class="pre-scrollable">In file included from /home/ec2-user/arduino-testlib/cli-datadir/user/libraries/TimerExtensions/src/pulseGen.h:20:0,
                 from /home/ec2-user/arduino-testlib/cli-datadir/user/libraries/TimerExtensions/examples/pulse-generator/pulse-generator.ino:1:
/home/ec2-user/arduino-testlib/cli-datadir/user/libraries/TimerExtensions/src/extTimer.h:21:10: fatal error: avr/io.h: No such file or directory
 #include &lt;avr/io.h&gt;
          ^~~~~~~~~~
compilation terminated.

</pre>
					
				
				<h3 id="arduino:megaavr:nona4809">arduino:megaavr:nona4809 @ 1.8.7</h3>
				<h4>Inclusion</h4>
				<p>
					Result: <b>FAIL</b>
					
				</p>
				<pre class="pre-scrollable">WARNING: library TimerExtensions claims to run on avr architecture(s) and may be incompatible with your current board which runs on megaavr architecture(s).
/home/ec2-user/arduino-testlib/cli-datadir/user/libraries/TimerExtensions/src/timerUtil.cpp: In function &#39;volatile uint8_t* {anonymous}::getTimerTCCRA(uint8_t)&#39;:
/home/ec2-user/arduino-testlib/cli-datadir/user/libraries/TimerExtensions/src/timerUtil.cpp:33:15: error: &#39;TCCR0A&#39; was not declared in this scope
       return &amp;TCCR0A;
               ^~~~~~
/home/ec2-user/arduino-testlib/cli-datadir/user/libraries/TimerExtensions/src/timerUtil.cpp:33:15: note: suggested alternative: &#39;TIMER0A&#39;
       return &amp;TCCR0AE 1
                ^
/home/ec2-user/arduino-testlib/cli-datadir/data/packages/arduino/hardware/megaavr/1.8.7/cores/arduino/api/Common.h:13:3: note: in expansion of macro &#39;CHANGE&#39;
   CHANGE  = 2,
   ^~~~~~
/home/ec2-user/arduino-testlib/cli-datadir/user/libraries/TimerExtensions/src/timerTypes.h:55:16: error: expected &#39;}&#39; before numeric constant
 #define CHANGE 1
                ^
/home/ec2-user/arduino-testlib/cli-datadir/data/packages/arduino/hardware/megaavr/1.8.7/cores/arduino/api/Common.h:13:3: note: in expansion of macro &#39;CHANGE&#39;
   CHANGE  = 2,
   ^~~~~~
/home/ec2-user/arduino-testlib/cli-datadir/user/libraries/TimerExtensions/src/timerTypes.h:55:16: error: expected unqualified-id before numeric constant
 #define CHANGE 1
                ^
/home/ec2-user/arduino-testlib/cli-datadir/data/packages/arduino/hardware/megaavr/1.8.7/cores/arduino/api/Common.h:13:3: note: in expansion of macro &#39;CHANGE&#39;
   CHANGE  = 2,
   ^~~~~~
In file included from /home/ec2-user/arduino-testlib/cli-datadir/data/packages/arduino/hardware/megaavr/1.8.7/cores/arduino/api/Interrupts.h:8:0,
                 from /home/ec2-user/arduino-testlib/cli-datadir/data/packages/arduino/hardware/megaavr/1.8.7/cores/arduino/api/ArduinoAPI.h:29,
                 from /home/ec2-user/arduino-testlib/cli-datadir/data/packages/arduino/hardware/megaavr/1.8.7/cores/arduino/Arduino.h:23,
                 from /home/ec2-user/arduino-testlib/cli-datadir/user/libraries/TimerExtensions/src/pulseGen.cpp:24:
/home/ec2-user/arduino-testlib/cli-datadir/data/packages/arduino/hardware/megaavr/1.8.7/cores/arduino/api/Common.h:16:3: error: &#39;PinStatus&#39; does not name a type
 } PinStatus;
   ^~~~~~~~~
/home/ec2-user/arduino-testlib/cli-datadir/data/packages/arduino/hardware/megaavr/1.8.7/cores/arduino/api/Common.h:95:41: error: &#39;PinStatus&#39; has not been declared
 void digitalWrite(pin_size_t pinNumber, PinStatus status);
                                         ^~~~~~~~~
/home/ec2-user/arduino-testlib/cli-datadir/data/packages/arduino/hardware/megaavr/1.8.7/cores/arduino/api/Common.h:96:1: error: &#39;PinStatus&#39; does not name a type
 PinStatus digitalRead(pin_size_t pinNumber);
 ^~~~~~~~~
/home/ec2-user/arduino-testlib/cli-datadir/data/packages/arduino/hardware/megaavr/1.8.7/cores/arduino/api/Common.h:111:72: error: &#39;PinStatus&#39; has not been declared
 void attachInterrupt(pin_size_t interruptNumber, voidFuncPtr callback, PinStatus mode);
                                                                        ^~~~~~~~~
/home/ec2-user/arduino-testlib/cli-datadir/data/packages/arduino/hardware/megaavr/1.8.7/cores/arduino/api/Common.h:112:82: error: &#39;PinStatus&#39; has not been declared
 void attachInterruptParam(pin_size_t interruptNumber, voidFuncPtrParam callback, PinStatus mode, void* param);
                                                                                  ^~~~~~~~~
/home/ec2-user/arduino-testlib/cli-datadir/data/packages/arduino/hardware/megaavr/1.8.7/cores/arduino/api/Common.h:119:1: error: expected declaration before &#39;}&#39; token
 } // extern &#34;C&#34;
 ^

</pre>

					
					<h4>examples/blink-timing</h4>
					<p>
						Result: <b>FAIL</b>
					</p>
					<pre class="pre-scrollable">WARNING: library TimerExtensions claims to run on avr architecture(s) and may be incompatible with your current board which runs on megaavr architecture(s).
/home/ec2-user/arduino-testlib/cli-datadir/user/libraries/TimerExtensions/examples/blink-timing/blink-timing.ino: In function &#39;void inputCaptureInterrupt(ticks16_t)&#39;:
/home/ec2-user/arduino-testlib/cli-datadir/user/libraries/TimerExtensions/examples/blink-timing/blink-timing.ino:50:32: error: &#39;ExtTimerPin8&#39; was not declared in this scope
   ticksExtraRange_t curTicks = ExtTimerPin8.extendTimeInPast(ticks);
                                ^~~~~~~~~~~~
/home/ec2-user/arduino-testlib/cli-datadir/user/libraries/TimerExtensions/examples/blink-timing/blink-timing.ino:50:32: note: suggested alternative: &#39;ExtTimer&#39;
   ticksExtraRange_t curTicks = ExtTimerPin8.extendTimeInPast(ticks);
                                ^~~~~~~~~~~~
                                ExtTimer
/home/ec2-user/arduino-testlib/cli-datadir/user/libraries/TimerExtensions/examples/blink-timing/blink-timing.ino: In function &#39;void setup()&#39;:
/home/ec2-user/arduino-testlib/cli-datadir/user/libraries/TimerExtensions/examples/blink-timing/blink-timing.ino:75:3: error: &#39;ExtTimerPin8&#39; was not declared in this scope
   ExtTimerPin8.resetOverflowCount();
   ^~~~~~~~~~~~
/home/ec2-user/arduino-testlib/cli-datadir/user/libraries/TimerExtensions/examples/blink-timing/blink-timing.ino:75:3: note: suggested alternative: &#39;ExtTimer&#39;
   ExtTimerPin8.resetOverflowCount();
   ^~~~~~~~~~~~
   ExtTimer

</pre>
					
					<h4>examples/code-timing</h4>
					<p>
						Result: <b>FAIL</b>
					</p>
					<pre class="pre-scrollable">WARNING: library TimerExtensions claims to run on avr architecture(s) and may be incompatible with your current board which runs on megaavr architecture(s).
In file included from /home/ec2-user/arduino-testlib/cli-datadir/user/libraries/TimerExtensions/src/timerUtil.h:22:0,
                 from /home/ec2-user/arduino-testlib/cli-datadir/user/libraries/TimerExtensions/examples/code-timing/code-timing.ino:1:
/home/ec2-user/arduino-testlib/cli-datadir/user/libraries/TimerExtensions/examples/code-timing/code-timing.ino: In function &#39;void setup()&#39;:
/home/ec2-user/arduino-testlib/cli-datadir/user/libraries/TimerExtensions/src/timerTypes.h:48:16: error: &#39;TIMER1A&#39; was not declared in this scope
 #define TIMER1 TIMER1A
                ^
/home/ec2-user/arduino-testlib/cli-datadir/user/libraries/TimerExtensions/examples/code-timing/code-timing.ino:31:23: note: in expansion of macro &#39;TIMER1&#39;
   configureTimerClock(TIMER1, TimerClock::Clk);
                       ^~~~~~
/home/ec2-user/arduino-testlib/cli-datadir/user/libraries/TimerExtensions/src/timerTypes.h:48:16: note: suggested alternative: &#39;TIMER1&#39;
 #define TIMER1 TIMER1A
                ^
/home/ec2-user/arduino-testlib/cli-datadir/user/libraries/TimerExtensions/examples/code-timing/code-timing.ino:31:23: note: in expansion of macro &#39;TIMER1&#39;
   configureTimerClock(TIMER1, TimerClock::Clk);
                       ^~~~~~
/home/ec2-user/arduino-testlib/cli-datadir/user/libraries/TimerExtensions/examples/code-timing/code-timing.ino:36:29: error: &#39;TCNT1&#39; was not declared in this scope
   unsigned int startTicks = TCNT1;
                             ^~~~~
/home/ec2-user/arduino-testlib/cli-datadir/user/libraries/TimerExtensions/examples/code-timing/code-timing.ino:36:29: note: suggested alternative: &#39;TCB1&#39;
   unsigned int startTicks = TCNT1;
                             ^~~~~
                             TCB1

</pre>
					
					<h4>examples/pulse-generator</h4>
					<p>
						Result: <b>FAIL</b>
					</p>
					<pre class="pre-scrollable">WARNING: library TimerExtensions claims to run on avr architecture(s) and may be incompatible with your current board which runs on megaavr architecture(s).
/home/ec2-user/arduino-testlib/cli-datadir/user/libraries/TimerExtensions/examples/pulse-generator/pulse-generator.ino: In function &#39;void setup()&#39;:
/home/ec2-user/arduino-testlib/cli-datadir/user/libraries/TimerExtensions/examples/pulse-generator/pulse-generator.ino:36:23: error: &#39;ExtTimerPin11&#39; was not declared in this scope
   configureTimerClock(ExtTimerPin11.getTimer(), TimerClock::ClkDiv1024);
                       ^~~~~~~~~~~~~
/home/ec2-user/arduino-testlib/cli-datadir/user/libraries/TimerExtensions/examples/pulse-generator/pulse-generator.ino:36:23: note: suggested alternative: &#39;ExtTimer&#39;
   configureTimerClock(ExtTimerPin11.getTimer(), TimerClock::ClkDiv1024);
                       ^~~~~~~~~~~~~
                       ExtTimer
/home/ec2-user/arduino-testlib/cli-datadir/user/libraries/TimerExtensions/examples/pulse-generator/pulse-generator.ino: In function &#39;void loop()&#39;:
/home/ec2-user/arduino-testlib/cli-datadir/user/libraries/TimerExtensions/examples/pulse-generator/pulse-generator.ino:47:7: error: &#39;PulseGenPin11&#39; was not declared in this scope
   if (PulseGenPin11.getState() == PulseGen::Idle)
       ^~~~~~~~~~~~~
/home/ec2-user/arduino-testlib/cli-datadir/user/libraries/TimerExtensions/examples/pulse-generator/pulse-generator.ino:47:7: note: suggested alternative: &#39;PulseGen&#39;
   if (PulseGenPin11.getState() == PulseGen::Idle)
       ^~~~~~~~~~~~~
       PulseGen
/home/ec2-user/arduino-testlib/cli-datadir/user/libraries/TimerExtensions/examples/pulse-generator/pulse-generator.ino:50:34: error: &#39;ExtTimerPin11&#39; was not declared in this scope
     ticksExtraRange_t nowTicks = ExtTimerPin11.get();
                                  ^~~~~~~~~~~~~
/home/ec2-user/arduino-testlib/cli-datadir/user/libraries/TimerExtensions/examples/pulse-generator/pulse-generator.ino:50:34: note: suggested alternative: &#39;ExtTimer&#39;
     ticksExtraRange_t nowTicks = ExtTimerPin11.get();
                                  ^~~~~~~~~~~~~
                                  ExtTimer

</pre>
					
				
				<h3 id="arduino:samd:mkrwifi1010">arduino:samd:mkrwifi1010 @ 1.8.12</h3>
				<h4>Inclusion</h4>
				<p>
					Result: <b>FAIL</b>
					
					<br />This library has no main header file so an empty one was created.
					
				</p>
				<pre class="pre-scrollable">In file included from /home/ec2-user/arduino-testlib/cli-datadir/user/libraries/TimerExtensions/src/extTimer.cpp:18:0:
/home/ec2-user/arduino-testlib/cli-datadir/user/libraries/TimerExtensions/src/extTimer.h:21:10: fatal error: avr/io.h: No such file or directory
 #include &lt;avr/io.h&gt;
          ^~~~~~~~~~
compilation terminated.

</pre>

					
					<h4>examples/blink-timing</h4>
					<p>
						Result: <b>FAIL</b>
					</p>
					<pre class="pre-scrollable">In file included from /home/ec2-user/arduino-testlib/cli-datadir/user/libraries/TimerExtensions/examples/blink-timing/blink-timing.ino:3:0:
/home/ec2-user/arduino-testlib/cli-datadir/user/libraries/TimerExtensions/src/extTimer.h:21:10: fatal error: avr/io.h: No such file or directory
 #include &lt;avr/io.h&gt;
          ^~~~~~~~~~
compilation terminated.

</pre>
					
					<h4>examples/code-timing</h4>
					<p>
						Result: <b>FAIL</b>
					</p>
					<pre class="pre-scrollable">In file included from /home/ec2-user/arduino-testlib/cli-datadir/user/libraries/TimerExtensions/src/extTimer.cpp:18:0:
/home/ec2-user/arduino-testlib/cli-datadir/user/libraries/TimerExtensions/src/extTimer.h:21:10: fatal error: avr/io.h: No such file or directory
 #include &lt;avr/io.h&gt;
          ^~~~~~~~~~
compilation terminated.

</pre>
					
					<h4>examples/pulse-generator</h4>
					<p>
						Result: <b>FAIL</b>
					</p>
					<pre class="pre-scrollable">In file included from /home/ec2-user/arduino-testlib/cli-datadir/user/libraries/TimerExtensions/src/pulseGen.h:20:0,
                 from /home/ec2-user/arduino-testlib/cli-datadir/user/libraries/TimerExtensions/examples/pulse-generator/pulse-generator.ino:1:
/home/ec2-user/arduino-testlib/cli-datadir/user/libraries/TimerExtensions/src/extTimer.h:21:10: fatal error: avr/io.h: No such file or directory
 #include &lt;avr/io.h&gt;
          ^~~~~~~~~~
compilation terminated.

</pre>
					
				
				<h3 id="esp32:esp32:d1_mini32">esp32:esp32:d1_mini32 @ 1.0.6</h3>
				<h4>Inclusion</h4>
				<p>
					Result: <b>FAIL</b>
					
				</p>
				<pre class="pre-scrollable">In file included from /home/ec2-user/arduino-testlib/cli-datadir/user/libraries/TimerExtensions/src/extTimer.cpp:18:0:
/home/ec2-user/arduino-testlib/cli-datadir/user/libraries/TimerExtensions/src/extTimer.h:21:20: fatal error: avr/io.h: No such file or directory
compilation terminated.

</pre>

					
					<h4>examples/blink-timing</h4>
					<p>
						Result: <b>FAIL</b>
					</p>
					<pre class="pre-scrollable">In file included from /home/ec2-user/arduino-testlib/cli-datadir/user/libraries/TimerExtensions/examples/blink-timing/blink-timing.ino:3:0:
/home/ec2-user/arduino-testlib/cli-datadir/user/libraries/TimerExtensions/src/extTimer.h:21:20: fatal error: avr/io.h: No such file or directory
compilation terminated.

</pre>
					
					<h4>examples/code-timing</h4>
					<p>
						Result: <b>FAIL</b>
					</p>
					<pre class="pre-scrollable">In file included from /home/ec2-user/arduino-testlib/cli-datadir/user/libraries/TimerExtensions/src/extTimer.cpp:18:0:
/home/ec2-user/arduino-testlib/cli-datadir/user/libraries/TimerExtensions/src/extTimer.h:21:20: fatal error: avr/io.h: No such file or directory
compilation terminated.

</pre>
					
					<h4>examples/pulse-generator</h4>
					<p>
						Result: <b>FAIL</b>
					</p>
					<pre class="pre-scrollable">In file included from /home/ec2-user/arduino-testlib/cli-datadir/user/libraries/TimerExtensions/src/pulseGen.h:20:0,
                 from /home/ec2-user/arduino-testlib/cli-datadir/user/libraries/TimerExtensions/examples/pulse-generator/pulse-generator.ino:1:
/home/ec2-user/arduino-testlib/cli-datadir/user/libraries/TimerExtensions/src/extTimer.h:21:20: fatal error: avr/io.h: No such file or directory
compilation terminated.

</pre>
					
				
			</div>
		</div>
	</div>
  </body>
</html>
