
<!doctype html>
<html lang="en">
  <head>
    <meta charset="utf-8">
    <meta name="viewport" content="width=device-width, initial-scale=1">
    <link href="https://cdn.jsdelivr.net/npm/bootstrap@5.0.2/dist/css/bootstrap.min.css" rel="stylesheet" integrity="sha384-EVSTQN3/azprG1Anm3QDgpJLIm9Nao0Yz1ztcQTwFspd3yD65VohhpuuCOmLASjC" crossorigin="anonymous">
    <title>arduino-testlib report</title>
	<style>
	.pass { background-color: #00FF00 !important; }
	.fail { background-color: #FF0000 !important; }
	</style>
  </head>
  <body>
	<div class="container">
		<div class="row">
			<div class="col">
				<h1>TinySuite - compatibility matrix</h1>
				<p>
					<small>This report was generated on Monday, 21-Feb-22 12:00:25 CET using 
					<a href="https://github.com/alranel/arduino-testlib">arduino-testlib</a>.</small>
				</p>

				<h2>TinySuite</h2>
				<p>
					Version: <b>2.0.0</b>
					<br />
					<a href="https://www.arduino.cc/reference/en/libraries/tinysuite/">More details</a>
				</p>

				<h2>Compatibility matrix</h2>
				<table class="table table-bordered">
					<tr>
						<th>Board</th>
						<th>Claims compatibility</th>
						<th>Inclusion</th>
						
						<th><pre>uart-reader</pre></th>
						
						<th><pre>uart-writer</pre></th>
						
						<th><pre>watchdog</pre></th>
						
						<th><pre>nmea-time</pre></th>
						
						<th><pre>timer-overflow</pre></th>
						
						<th><pre>uart-loop</pre></th>
						
						<th><pre>uart-print</pre></th>
						
					</tr>
					
					<tr>
						<td>
							<a href="#arduino%3aavr%3auno"><b>arduino:avr:uno</b></a>
							<br />
							<small>1.8.4</small>
						</td>

						
						
						
							<td>Yes ⚠️</td>
							<td class="fail">FAIL</td>
						
						

						
							
								
									
										
									
										
									
										
									
										
									
										
											
											<td class="fail">FAIL</td>
										
									
										
									
										
									
								
							
								
							
								
							
								
							
								
							
						
							
								
									
										
									
										
									
										
									
										
									
										
									
										
											
											<td class="fail">FAIL</td>
										
									
										
									
								
							
								
							
								
							
								
							
								
							
						
							
								
									
										
									
										
									
										
									
										
									
										
									
										
									
										
											
											<td class="fail">FAIL</td>
										
									
								
							
								
							
								
							
								
							
								
							
						
							
								
									
										
											
											<td class="fail">FAIL</td>
										
									
										
									
										
									
										
									
										
									
										
									
										
									
								
							
								
							
								
							
								
							
								
							
						
							
								
									
										
									
										
											
											<td class="fail">FAIL</td>
										
									
										
									
										
									
										
									
										
									
										
									
								
							
								
							
								
							
								
							
								
							
						
							
								
									
										
									
										
									
										
											
											<td class="fail">FAIL</td>
										
									
										
									
										
									
										
									
										
									
								
							
								
							
								
							
								
							
								
							
						
							
								
									
										
									
										
									
										
									
										
											
											<td class="fail">FAIL</td>
										
									
										
									
										
									
										
									
								
							
								
							
								
							
								
							
								
							
						
					</tr>
					
					<tr>
						<td>
							<a href="#arduino%3ambed_nano%3ananorp2040connect"><b>arduino:mbed_nano:nanorp2040connect</b></a>
							<br />
							<small>2.7.2</small>
						</td>

						
						
						
						
							<td>No</td>
							<td class="fail">FAIL</td>
						

						
							
								
							
								
									
										
									
										
									
										
									
										
									
										
											
											<td class="fail">FAIL</td>
										
									
										
									
										
									
								
							
								
							
								
							
								
							
						
							
								
							
								
									
										
									
										
									
										
									
										
									
										
									
										
											
											<td class="fail">FAIL</td>
										
									
										
									
								
							
								
							
								
							
								
							
						
							
								
							
								
									
										
									
										
									
										
									
										
									
										
									
										
									
										
											
											<td class="fail">FAIL</td>
										
									
								
							
								
							
								
							
								
							
						
							
								
							
								
									
										
											
											<td class="fail">FAIL</td>
										
									
										
									
										
									
										
									
										
									
										
									
										
									
								
							
								
							
								
							
								
							
						
							
								
							
								
									
										
									
										
											
											<td class="fail">FAIL</td>
										
									
										
									
										
									
										
									
										
									
										
									
								
							
								
							
								
							
								
							
						
							
								
							
								
									
										
									
										
									
										
											
											<td class="fail">FAIL</td>
										
									
										
									
										
									
										
									
										
									
								
							
								
							
								
							
								
							
						
							
								
							
								
									
										
									
										
									
										
									
										
											
											<td class="fail">FAIL</td>
										
									
										
									
										
									
										
									
								
							
								
							
								
							
								
							
						
					</tr>
					
					<tr>
						<td>
							<a href="#arduino%3amegaavr%3anona4809"><b>arduino:megaavr:nona4809</b></a>
							<br />
							<small>1.8.7</small>
						</td>

						
						
						
						
							<td>No</td>
							<td class="fail">FAIL</td>
						

						
							
								
							
								
							
								
									
										
									
										
									
										
									
										
									
										
											
											<td class="fail">FAIL</td>
										
									
										
									
										
									
								
							
								
							
								
							
						
							
								
							
								
							
								
									
										
									
										
									
										
									
										
									
										
									
										
											
											<td class="fail">FAIL</td>
										
									
										
									
								
							
								
							
								
							
						
							
								
							
								
							
								
									
										
									
										
									
										
									
										
									
										
									
										
									
										
											
											<td class="fail">FAIL</td>
										
									
								
							
								
							
								
							
						
							
								
							
								
							
								
									
										
											
											<td class="fail">FAIL</td>
										
									
										
									
										
									
										
									
										
									
										
									
										
									
								
							
								
							
								
							
						
							
								
							
								
							
								
									
										
									
										
											
											<td class="fail">FAIL</td>
										
									
										
									
										
									
										
									
										
									
										
									
								
							
								
							
								
							
						
							
								
							
								
							
								
									
										
									
										
									
										
											
											<td class="fail">FAIL</td>
										
									
										
									
										
									
										
									
										
									
								
							
								
							
								
							
						
							
								
							
								
							
								
									
										
									
										
									
										
									
										
											
											<td class="fail">FAIL</td>
										
									
										
									
										
									
										
									
								
							
								
							
								
							
						
					</tr>
					
					<tr>
						<td>
							<a href="#arduino%3asamd%3amkrwifi1010"><b>arduino:samd:mkrwifi1010</b></a>
							<br />
							<small>1.8.12</small>
						</td>

						
						
						
						
							<td>No</td>
							<td class="fail">FAIL</td>
						

						
							
								
							
								
							
								
							
								
									
										
									
										
									
										
									
										
									
										
											
											<td class="fail">FAIL</td>
										
									
										
									
										
									
								
							
								
							
						
							
								
							
								
							
								
							
								
									
										
									
										
									
										
									
										
									
										
									
										
											
											<td class="fail">FAIL</td>
										
									
										
									
								
							
								
							
						
							
								
							
								
							
								
							
								
									
										
									
										
									
										
									
										
									
										
									
										
									
										
											
											<td class="fail">FAIL</td>
										
									
								
							
								
							
						
							
								
							
								
							
								
							
								
									
										
											
											<td class="fail">FAIL</td>
										
									
										
									
										
									
										
									
										
									
										
									
										
									
								
							
								
							
						
							
								
							
								
							
								
							
								
									
										
									
										
											
											<td class="fail">FAIL</td>
										
									
										
									
										
									
										
									
										
									
										
									
								
							
								
							
						
							
								
							
								
							
								
							
								
									
										
									
										
									
										
											
											<td class="fail">FAIL</td>
										
									
										
									
										
									
										
									
										
									
								
							
								
							
						
							
								
							
								
							
								
							
								
									
										
									
										
									
										
									
										
											
											<td class="fail">FAIL</td>
										
									
										
									
										
									
										
									
								
							
								
							
						
					</tr>
					
					<tr>
						<td>
							<a href="#esp32%3aesp32%3ad1_mini32"><b>esp32:esp32:d1_mini32</b></a>
							<br />
							<small>1.0.6</small>
						</td>

						
						
						
						
							<td>No</td>
							<td class="fail">FAIL</td>
						

						
							
								
							
								
							
								
							
								
							
								
									
										
									
										
									
										
									
										
									
										
											
											<td class="fail">FAIL</td>
										
									
										
									
										
									
								
							
						
							
								
							
								
							
								
							
								
							
								
									
										
									
										
									
										
									
										
									
										
									
										
											
											<td class="fail">FAIL</td>
										
									
										
									
								
							
						
							
								
							
								
							
								
							
								
							
								
									
										
									
										
									
										
									
										
									
										
									
										
									
										
											
											<td class="fail">FAIL</td>
										
									
								
							
						
							
								
							
								
							
								
							
								
							
								
									
										
											
											<td class="fail">FAIL</td>
										
									
										
									
										
									
										
									
										
									
										
									
										
									
								
							
						
							
								
							
								
							
								
							
								
							
								
									
										
									
										
											
											<td class="fail">FAIL</td>
										
									
										
									
										
									
										
									
										
									
										
									
								
							
						
							
								
							
								
							
								
							
								
							
								
									
										
									
										
									
										
											
											<td class="fail">FAIL</td>
										
									
										
									
										
									
										
									
										
									
								
							
						
							
								
							
								
							
								
							
								
							
								
									
										
									
										
									
										
									
										
											
											<td class="fail">FAIL</td>
										
									
										
									
										
									
										
									
								
							
						
					</tr>
					
				</table>

				<h2>Compilation logs</h2>
				
				<h3 id="arduino:avr:uno">arduino:avr:uno @ 1.8.4</h3>
				<h4>Inclusion</h4>
				<p>
					Result: <b>FAIL</b>
					
				</p>
				<pre class="pre-scrollable">
</pre>

					
					<h4>examples/nmea-time</h4>
					<p>
						Result: <b>FAIL</b>
					</p>
					<pre class="pre-scrollable">/home/ec2-user/arduino-testlib/cli-datadir/user/libraries/TinySuite/src/TinyWatchdog.cpp: In member function &#39;void TinyWatchdog::arm(uint8_t, WatchdogCallback)&#39;:
/home/ec2-user/arduino-testlib/cli-datadir/user/libraries/TinySuite/src/TinyWatchdog.cpp:5:30: error: &#39;WDTCR&#39; was not declared in this scope
 #define watchdogArm(i, r, p) WDTCR = ((i) &lt;&lt; WDIE) | ((r) &lt;&lt; WDE) | (((p) &amp; 0b1000) &lt;&lt; 2) | ((p) &amp; 0b0111)
                              ^
/home/ec2-user/arduino-testlib/cli-datadir/user/libraries/TinySuite/src/TinyWatchdog.cpp:10:3: note: in expansion of macro &#39;watchdogArm&#39;
   watchdogArm(true, false, prescaler);
   ^~~~~~~~~~~
/home/ec2-user/arduino-testlib/cli-datadir/user/libraries/TinySuite/src/TinyWatchdog.cpp:5:30: note: suggested alternative: &#39;WDTCSR&#39;
 #define watchdogArm(i, r, p) WDTCR = ((i) &lt;&lt; WDIE) | ((r) &lt;&lt; WDE) | (((p) &amp; 0b1000) &lt;&lt; 2) | ((p) &amp; 0b0111)
                              ^
/home/ec2-user/arduino-testlib/cli-datadir/user/li/home/ec2-user/arduino-testlib/cli-datadir/user/libraries/TinySuite/src/TinyPinChangeB.cpp:12:20: note: suggested alternative: &#39;EIMSK&#39;
     storedGIMSKB = GIMSK &amp; (1 &lt;&lt; PCIE);
                    ^~~~~
                    EIMSK
/home/ec2-user/arduino-testlib/cli-datadir/user/libraries/TinySuite/src/TinyPinChangeB.cpp:12:34: error: &#39;PCIE&#39; was not declared in this scope
     storedGIMSKB = GIMSK &amp; (1 &lt;&lt; PCIE);
                                  ^~~~
/home/ec2-user/arduino-testlib/cli-datadir/user/libraries/TinySuite/src/TinyPinChangeB.cpp:12:34: note: suggested alternative: &#39;ACIE&#39;
     storedGIMSKB = GIMSK &amp; (1 &lt;&lt; PCIE);
                                  ^~~~
                                  ACIE
/home/ec2-user/arduino-testlib/cli-datadir/user/libraries/TinySuite/src/TinyPinChangeB.cpp:16:5: error: &#39;PCMSK&#39; was not declared in this scope
     PCMSK |= (1 &lt;&lt; pin);
     ^~~~~
/home/ec2-user/arduino-testlib/cli-datadir/user/libraries/TinySuite/src/TinyPinChangeB.cpp:16:5: note: suggested alternative: &#39;PCMSK1&#39;
     PCMSK |= (1 &lt;&lt; pin);
     ^~~~~
     PCMSK1
/home/ec2-user/arduino-testlib/cli-datadir/user/libraries/TinySuite/src/TinyPinChangeB.cpp: In lambda function:
/home/ec2-user/arduino-testlib/cli-datadir/user/libraries/TinySuite/src/TinyPinChangeB.cpp:19:5: error: &#39;PCMSK&#39; was not declared in this scope
     PCMSK &amp;= ~(1 &lt;&lt; pin);
     ^~~~~
/home/ec2-user/arduino-testlib/cli-datadir/user/libraries/TinySuite/src/TinyPinChangeB.cpp:19:5: note: suggested alternative: &#39;PCMSK1&#39;
     PCMSK &amp;= ~(1 &lt;&lt; pin);
     ^~~~~
     PCMSK1
/home/ec2-user/arduino-testlib/cli-datadir/user/libraries/TinySuite/src/TinyPinChangeB.cpp:21:5: error: &#39;GIMSK&#39; was not declared in this scope
     GIMSK = (GIMSK &amp; ~(1 &lt;&lt; PCIE)) | storedGIMSKB;
     ^~~~~
/home/ec2-user/arduino-testlib/cli-datadir/user/libraries/TinySui
</pre>
					
					<h4>examples/timer-overflow</h4>
					<p>
						Result: <b>FAIL</b>
					</p>
					<pre class="pre-scrollable">
</pre>
					
					<h4>examples/uart-loop</h4>
					<p>
						Result: <b>FAIL</b>
					</p>
					<pre class="pre-scrollable">
</pre>
					
					<h4>examples/uart-print</h4>
					<p>
						Result: <b>FAIL</b>
					</p>
					<pre class="pre-scrollable">
</pre>
					
					<h4>examples/uart-reader</h4>
					<p>
						Result: <b>FAIL</b>
					</p>
					<pre class="pre-scrollable">/home/ec2-user/arduino-testlib/cli-datadir/user/libraries/TinySuite/src/TinyTimer0Overflow.cpp: In lambda function:
/home/ec2-user/arduino-testlib/cli-datadir/user/libraries/TinySuite/src/TinyTimer0Overflow.cpp:4:29: error: &#39;TIMSK&#39; was not declared in this scope
 #define onOverflowEnable0() TIMSK |= (1 &lt;&lt; TOIE0)
                             ^
/home/ec2-user/arduino-testlib/cli-datadir/user/libraries/TinySuite/src/TinyTimer0Overflow.cpp:35:5: note: in expansion of macro &#39;onOverflowEnable0&#39;
     onOverflowEna0A(
</pre>
					
					<h4>examples/uart-writer</h4>
					<p>
						Result: <b>FAIL</b>
					</p>
					<pre class="pre-scrollable">
</pre>
					
					<h4>examples/watchdog</h4>
					<p>
						Result: <b>FAIL</b>
					</p>
					<pre class="pre-scrollable">
</pre>
					
				
				<h3 id="arduino:mbed_nano:nanorp2040connect">arduino:mbed_nano:nanorp2040connect @ 2.7.2</h3>
				<h4>Inclusion</h4>
				<p>
					Result: <b>FAIL</b>
					
				</p>
				<pre class="pre-scrollable">In file included from /home/ec2-user/arduino-testlib/cli-datadir/user/libraries/TinySuite/src/TinySerial.cpp:3:0:
/home/ec2-user/arduino-testlib/cli-datadir/user/libraries/TinySuite/src/TinyUart.h:5:10: fatal error: avr/io.h: No such file or directory
 #include &lt;avr/io.h&gt;
          ^~~~~~~~~~
compilation terminated.

</pre>

					
					<h4>examples/nmea-time</h4>
					<p>
						Result: <b>FAIL</b>
					</p>
					<pre class="pre-scrollable">In file included from /home/ec2-user/arduino-testlib/cli-datadir/user/libraries/TinySuite/examples/nmea-time/nmea-time.ino:4:0:
/home/ec2-user/arduino-testlib/cli-datadir/user/libraries/TinySuite/src/TinySleep.h:4:10: fatal error: avr/sleep.h: No such file or directory
 #include &lt;avr/sleep.h&gt;
          ^~~~~~~~~~~~~
compilation terminated.

</pre>
					
					<h4>examples/timer-overflow</h4>
					<p>
						Result: <b>FAIL</b>
					</p>
					<pre class="pre-scrollable">In file included from /home/ec2-user/arduino-testlib/cli-datadir/user/libraries/TinySuite/src/TinySerial.cpp:3:0:
/home/ec2-user/arduino-testlib/cli-datadir/user/libraries/TinySuite/src/TinyUart.h:5:10: fatal error: avr/io.h: No such file or directory
 #include &lt;avr/io.h&gt;
          ^~~~~~~~~~
compilation terminated.

</pre>
					
					<h4>examples/uart-loop</h4>
					<p>
						Result: <b>FAIL</b>
					</p>
					<pre class="pre-scrollable">In file included from /home/ec2-user/arduino-testlib/cli-datadir/user/libraries/TinySuite/examples/uart-loop/uart-loop.ino:2:0:
/home/ec2-user/arduino-testlib/cli-datadir/user/libraries/TinySuite/src/TinySleep.h:4:10: fatal error: avr/sleep.h: No such file or directory
 #include &lt;avr/sleep.h&gt;
          ^~~~~~~~~~~~~
compilation terminated.

</pre>
					
					<h4>examples/uart-print</h4>
					<p>
						Result: <b>FAIL</b>
					</p>
					<pre class="pre-scrollable">In file included from /home/ec2-user/arduino-testlib/cli-datadir/user/libraries/TinySuite/src/TinySerial.cpp:3:0:
/home/ec2-user/arduino-testlib/cli-datadir/user/libraries/TinySuite/src/TinyUart.h:5:10: fatal error: avr/io.h: No such file or directory
 #include &lt;avr/io.h&gt;
          ^~~~~~~~~~
compilation terminated.

</pre>
					
					<h4>examples/uart-reader</h4>
					<p>
						Result: <b>FAIL</b>
					</p>
					<pre class="pre-scrollable">In file included from /home/ec2-user/arduino-testlib/cli-datadir/user/libraries/TinySuite/src/TinyUartBase.h:5:0,
                 from /home/ec2-user/arduino-testlib/cli-datadir/user/libraries/TinySuite/src/TinyUartReader.h:5,
                 from /home/ec2-user/arduino-testlib/cli-datadir/user/libraries/TinySuite/examples/uart-reader/uart-reader.ino:2:
/home/ec2-user/arduino-testlib/cli-datadir/user/libraries/TinySuite/src/TinySleep.h:4:10: fatal error: avr/sleep.h: No such file or directory
 #include &lt;avr/sleep.h&gt;
          ^~~~~~~~~~~~~
compilation terminated.

</pre>
					
					<h4>examples/uart-writer</h4>
					<p>
						Result: <b>FAIL</b>
					</p>
					<pre class="pre-scrollable">In file included from /home/ec2-user/arduino-testlib/cli-datadir/user/libraries/TinySuite/src/TinyUartBase.h:5:0,
                 from /home/ec2-user/arduino-testlib/cli-datadir/user/libraries/TinySuite/src/TinyUartWriter.h:5,
                 from /home/ec2-user/arduino-testlib/cli-datadir/user/libraries/TinySuite/examples/uart-writer/uart-writer.ino:2:
/home/ec2-user/arduino-testlib/cli-datadir/user/libraries/TinySuite/src/TinySleep.h:4:10: fatal error: avr/sleep.h: No such file or directory
 #include &lt;avr/sleep.h&gt;
          ^~~~~~~~~~~~~
compilation terminated.

</pre>
					
					<h4>examples/watchdog</h4>
					<p>
						Result: <b>FAIL</b>
					</p>
					<pre class="pre-scrollable">In file included from /home/ec2-user/arduino-testlib/cli-datadir/user/libraries/TinySuite/examples/watchdog/watchdog.ino:3:0:
/home/ec2-user/arduino-testlib/cli-datadir/user/libraries/TinySuite/src/TinySleep.h:4:10: fatal error: avr/sleep.h: No such file or directory
 #include &lt;avr/sleep.h&gt;
          ^~~~~~~~~~~~~
compilation terminated.

</pre>
					
				
				<h3 id="arduino:megaavr:nona4809">arduino:megaavr:nona4809 @ 1.8.7</h3>
				<h4>Inclusion</h4>
				<p>
					Result: <b>FAIL</b>
					
				</p>
				<pre class="pre-scrollable">WARNING: library TinySuite claims to run on avr architecture(s) and may be incompatible with your current board which runs on megaavr architecture(s).

</pre>

					
					<h4>examples/nmea-time</h4>
					<p>
						Result: <b>FAIL</b>
					</p>
					<pre class="pre-scrollable">WARNING: library TinySuite claims to run on avr architecture(s) and may be incompatible with your current board which runs on megaavr architecture(s).
/home/ec2-user/arduino-testlib/cli-datadir/user/libraries/TinySuite/examples/nmea-time/nmea-time.ino: In function &#39;int main()&#39;:
/home/ec2-user/arduino-testlib/cli-datadir/user/libraries/TinySuite/examples/nmea-time/nmea-time.ino:50:17: error: &#39;PB2&#39; was not declared in this scope
   uartReader.on(PB2, 9600, Timer1Compare, PinChangeB);
                 ^~~
/home/ec2-user/arduino-testlib/cli-datadir/user/libraries/TinySuite/examples/nmea-time/nmea-time.ino:50:17: note: suggested alternative: &#39;PB&#39;
   uartReader.on(PB2, 9600, Timer1Compare, PinChangeB);
                 ^~~
                 PB

</pre>
					
					<h4>examples/timer-overflow</h4>
					<p>
						Result: <b>FAIL</b>
					</p>
					<pre class="pre-scrollable">WARNING: library TinySuite claims to run on avr architecture(s) and may be incompatible with your current board which runs on megaavr architecture(s).
/home/ec2-user/arduino-testlib/cli-datadir/user/libraries/TinySuite/examples/timer-overflow/timer-overflow.ino: In lambda function:
/home/ec2-user/arduino-testlib/cli-datadir/user/libraries/TinySuite/examples/timer-overflow/timer-overflow.ino:7:50: error: &#39;PB0&#39; was not declared in this scope
   Timer0Overflow.on(65535, []() { PORTB ^= (1 &lt;&lt; PB0); });
                                                  ^~~
/home/ec2-user/arduino-testlib/cli-datadir/user/libraries/TinySuite/examples/timer-overflow/timer-overflow.ino:7:50: note: suggested alternative: &#39;B0&#39;
   Timer0Overflow.on(65535, []() { PORTB ^= (1 &lt;&lt; PB0); });
                                                  ^~~
                                                  B0
/home/ec2-user/arduino-testlib/cli-datadir/user/libraries/TinySuite/examples/timer-overflow/timer-overflow.ino: In lambda function:
/home/ec2-user/arduino-testlib/cli-datadir/user/libraries/TinySuite/examples/timer-overflow/timer-overflow.ino:8:50: error: &#39;PB1&#39; was not declared in this scope
   Timer1Overflow.on(65535, []() { PORTB ^= (1 &lt;&lt; PB1); });
                                                  ^~~
/home/ec2-user/arduino-testlib/cli-datadir/user/libraries/TinySuite/examples/timer-overflow/timer-overflow.ino:8:50: note: suggested alternative: &#39;B1&#39;
   Timer1Overflow.on(65535, []() { PORTB ^= (1 &lt;&lt; PB1); });
                                                  ^~~
                                                  B1
/home/ec2-user/arduino-testlib/cli-datadir/user/libraries/TinySuite/examples/timer-overflow/timer-overflow.ino: At global scope:
/home/ec2-user/arduino-testlib/cli-datadir/user/libraries/TinySuite/examples/timer-overflow/timer-overflow.ino:16:17: error: &#39;FUSE_CKDIV8&#39; was not declared in this scope
   .low = 0xFF &amp; FUSE_CKDIV8 &amp; FUSE_SUT0 &amp; FUSE_CKSEL0 &amp; FUSE_CKSEL2 &amp; FUSE_CKSEL3,
                 ^~~~~~~~~~~
/home/ec2-user/arduino-testlib/cli-datadir/user/libraries/TinySuite/examples/timer-overflow/timer-overflow.ino:16:17: note: suggested alternative: &#39;FUSE_ACTIVE1&#39;
   .low = 0xFF &amp; FUSE_CKDIV8 &amp; FUSE_SUT0 &amp; FUSE_CKSEL0 &amp; FUSE_CKSEL2 &amp; FUSE_CKSEL3,
                 ^~~~~~~~~~~
                 FUSE_ACTIVE1
/home/ec2-user/arduino-testlib/cli-datadir/user/libraries/TinySuite/examples/timer-overflow/timer-overflow.ino:16:43: error: &#39;FUSE_CKSEL0&#39; was not declared in this scope
   .low = 0xFF &amp; FUSE_CKDIV8 &amp; FUSE_SUT0 &amp; FUSE_CKSEL0 &amp; FUSE_CKSEL2 &amp; FUSE_CKSEL3,
                                           ^~~~~~~~~~~
/home/ec2-user/arduino-testlib/cli-datadir/user/libraries/TinySuite/examples/timer-overflow/timer-overflow.ino:16:43: note: suggested alternative: &#39;FUSE_SLEEP0&#39;
   .low = 0xFF &amp; FUSE_CKDIV8 &amp; FUSE_SUT0 &amp; FUSE_CKSEL0 &amp; FUSE_CKSEL2 &amp; FUSE_CKSEL3,
                                           ^~~~~~~~~~~
                                           FUSE_SLEEP0
/home/ec2-user/arduino-testlib/cli-datadir/user/libraries/TinySuite/examples/timer-overflow/timer-overflow.ino:16:57: error: &#39;FUSE_CKSEL2&#39; was not declared in this scope
   .low = 0xFF &amp; FUSE_CKDIV8 &amp; FUSE_SUT0 &amp; FUSE_CKSEL0 &amp; FUSE_CKSEL2 &amp; FUSE_CKSEL3,
                                                         ^~~~~~~~~~~
/home/ec2-user/arduino-testlib/cli-datadir/user/libraries/TinySuite/examples/timer-overflow/timer-overflow.ino:16:57: note: suggested alternative: &#39;FUSE_LVL2&#39;
   .low = 0xFF &amp; FUSE_CKDIV8 &amp; FUSE_SUT0 &amp; FUSE_CKSEL0 &amp; FUSE_CKSEL2 &amp; FUSE_CKSEL3,
                                                         ^~~~~~~~~~~
                                                         FUSE_LVL2
/home/ec2-user/arduino-testlib/cli-datadir/user/libraries/TinySuite/examples/timer-overflow/timer-overflow.ino:16:71: error: &#39;FUSE_CKSEL3&#39; was not declared in this scope
   .low = 0xFF &amp; FUSE_CKDIV8 &amp; FUSE_SUT0 &amp; FUSE_CKSEL0 &amp; FUSE_CKSEL2 &amp; FUSE_CKSEL3,
                                                                       ^~~~~~~~~~~
/home/ec2-user/arduino-testlib/cli-datadir/user/libraries/TinySuite/examples/timer-overflow/timer-overflow.ino:16:71: note: suggested alternative: &#39;FUSE_CRCSRC1&#39;
   .low = 0xFF &amp; FUSE_CKDIV8 &amp; FUSE_SUT0 &amp; FUSE_CKSEL0 &amp; FUSE_CKSEL2 &amp; FUSE_CKSEL3,
                                                                       ^~~~~~~~~~~
                                                                       FUSE_CRCSRC1
/home/ec2-user/arduino-testlib/cli-datadir/user/libraries/TinySuite/examples/timer-overflow/timer-overflow.ino:17:18: error: &#39;FUSE_SPIEN&#39; was not declared in this scope
   .high = 0xFF &amp; FUSE_SPIEN &amp; FUSE_EESAVE,
                  ^~~~~~~~~~
/home/ec2-user/arduino-testlib/cli-datadir/user/libraries/TinySuite/examples/timer-overflow/timer-overflow.ino:17:18: note: suggested alternative: &#39;FUSE_APPEND&#39;
   .high = 0xFF &amp; FUSE_SPIEN &amp; FUSE_EESAVE,
                  ^~~~~~~~~~
                  FUSE_APPEND

</pre>
					
					<h4>examples/uart-loop</h4>
					<p>
						Result: <b>FAIL</b>
					</p>
					<pre class="pre-scrollable">WARNING: library TinySuite claims to run on avr architecture(s) and may be incompatible with your current board which runs on megaavr architecture(s).
/home/ec2-user/arduino-testlib/cli-datadir/user/libraries/TinySuite/examples/uart-loop/uart-loop.ino: In function &#39;int main()&#39;:
/home/ec2-user/arduino-testlib/cli-datadir/user/libraries/TinySuite/examples/uart-loop/uart-loop.ino:9:11: error: &#39;PB2&#39; was not declared in this scope
   uart.on(PB2, PB1, 9600, Timer1Compare, PinChangeB);
           ^~~
/home/ec2-user/arduino-testlib/cli-datadir/user/libraries/TinySuite/examples/uart-loop/uart-loop.ino:9:11: note: suggested alternative: &#39;PB&#39;
   uart.on(PB2, PB1, 9600, Timer1Compare, PinChangeB);
           ^~~
           PB
/home/ec2-user/arduino-testlib/cli-datadir/user/libraries/TinySuite/examples/uart-loop/uart-loop.ino:9:16: error: &#39;PB1&#39; was not declared in this scope
   uart.on(PB2, PB1, 9600, Timer1Compare, PinChangeB);
                ^~~
/home/ec2-user/arduino-testlib/cli-datadir/user/libraries/TinySuite/examples/uart-loop/uart-loop.ino:9:16: note: suggested alternative: &#39;B1&#39;
   uart.on(PB2, PB1, 9600, Timer1Compare, PinChangeB);
                ^~~
                B1
/home/ec2-user/arduino-testlib/cli-datadir/user/libraries/TinySuite/examples/uart-loop/uart-loop.ino: At global scope:
/home/ec2-user/arduino-testlib/cli-datadir/user/libraries/TinySuite/examples/uart-loop/uart-loop.ino:20:17: error: &#39;FUSE_CKSEL1&#39; was not declared in this scope
   .low = 0xFF &amp; FUSE_CKSEL1 &amp; FUSE_CKSEL2 &amp; FUSE_CKSEL3,
                 ^~~~~~~~~~~
/home/ec2-user/arduino-testlib/cli-datadir/user/libraries/TinySuite/examples/uart-loop/uart-loop.ino:20:17: note: suggested alternative: &#39;FUSE_CRCSRC1&#39;
   .low = 0xFF &amp; FUSE_CKSEL1 &amp; FUSE_CKSEL2 &amp; FUSE_CKSEL3,
                 ^~~~~~~~~~~
                 FUSE_CRCSRC1
/home/ec2-user/arduino-testlib/cli-datadir/user/libraries/TinySuite/examples/uart-loop/uart-loop.ino:20:31: error: &#39;FUSE_CKSEL2&#39; was not declared in this scope
   .low = 0xFF &amp; FUSE_CKSEL1 &amp; FUSE_CKSEL2 &amp; FUSE_CKSEL3,
                               ^~~~~~~~~~~
/home/ec2-user/arduino-testlib/cli-datadir/user/libraries/TinySuite/examples/uart-loop/uart-loop.ino:20:31: note: suggested alternative: &#39;FUSE_LVL2&#39;
   .low = 0xFF &amp; FUSE_CKSEL1 &amp; FUSE_CKSEL2 &amp; FUSE_CKSEL3,
                               ^~~~~~~~~~~
                               FUSE_LVL2
/home/ec2-user/arduino-testlib/cli-datadir/user/libraries/TinySuite/examples/uart-loop/uart-loop.ino:20:45: error: &#39;FUSE_CKSEL3&#39; was not declared in this scope
   .low = 0xFF &amp; FUSE_CKSEL1 &amp; FUSE_CKSEL2 &amp; FUSE_CKSEL3,
                                             ^~~~~~~~~~~
/home/ec2-user/arduino-testlib/cli-datadir/user/libraries/TinySuite/examples/uart-loop/uart-loop.ino:20:45: note: suggested alternative: &#39;FUSE_CRCSRC1&#39;
   .low = 0xFF &amp; FUSE_CKSEL1 &amp; FUSE_CKSEL2 &amp; FUSE_CKSEL3,
                                             ^~~~~~~~~~~
                                             FUSE_CRCSRC1
/home/ec2-user/arduino-testlib/cli-datadir/user/libraries/TinySuite/examples/uart-loop/uart-loop.ino:21:18: error: &#39;FUSE_SPIEN&#39; was not declared in this scope
   .high = 0xFF &amp; FUSE_SPIEN &amp; FUSE_EESAVE,
                  ^~~~~~~~~~
/home/ec2-user/arduino-testlib/cli-datadir/user/libraries/TinySuite/examples/uart-loop/uart-loop.ino:21:18: note: suggested alternative: &#39;FUSE_APPEND&#39;
   .high = 0xFF &amp; FUSE_SPIEN &amp; FUSE_EESAVE,
                  ^~~~~~~~~~
                  FUSE_APPEND

</pre>
					
					<h4>examples/uart-print</h4>
					<p>
						Result: <b>FAIL</b>
					</p>
					<pre class="pre-scrollable">WARNING: library TinySuite claims to run on avr architecture(s) and may be incompatible with your current board which runs on megaavr architecture(s).
/home/ec2-user/arduino-testlib/cli-datadir/user/libraries/TinySuite/examples/uart-print/uart-print.ino:7:19: error: &#39;PB2&#39; was not declared in this scope
 TinySerial serial(PB2, PB1, Timer1Compare, PinChangeB);
                   ^~~
/home/ec2-user/arduino-testlib/cli-datadir/user/libraries/TinySuite/examples/uart-print/uart-print.ino:7:19: note: suggested alternative: &#39;PB&#39;
 TinySerial serial(PB2, PB1, Timer1Compare, PinChangeB);
                   ^~~
                   PB
/home/ec2-user/arduino-testlib/cli-datadir/user/libraries/TinySuite/examples/uart-print/uart-print.ino:7:24: error: &#39;PB1&#39; was not declared in this scope
 TinySerial serial(PB2, PB1, Timer1Compare, PinChangeB);
                        ^~~
/home/ec2-user/arduino-testlib/cli-datadir/user/libraries/TinySuite/examples/uart-print/uart-print.ino:7:24: note: suggested alternative: &#39;B1&#39;
 TinySerial serial(PB2, PB1, Timer1Compare, PinChangeB);
                        ^~~
                        B1

</pre>
					
					<h4>examples/uart-reader</h4>
					<p>
						Result: <b>FAIL</b>
					</p>
					<pre class="pre-scrollable">WARNING: library TinySuite claims to run on avr architecture(s) and may be incompatible with your current board which runs on megaavr architecture(s).
/home/ec2-user/arduino-testlib/cli-datadir/user/libraries/TinySuite/examples/uart-reader/uart-reader.ino: In function &#39;int main()&#39;:
/home/ec2-user/arduino-testlib/cli-datadir/user/libraries/TinySuite/examples/uart-reader/uart-reader.ino:9:17: error: &#39;PB2&#39; was not declared in this scope
   uartReader.on(PB2, 9600, Timer1Compare, PinChangeB);
                 ^~~
/home/ec2-user/arduino-testlib/cli-datadir/user/libraries/TinySuite/examples/uart-reader/uart-reader.ino:9:17: note: suggested alternative: &#39;PB&#39;
   uartReader.on(PB2, 9600, Timer1Compare, PinChangeB);
                 ^~~
                 PB

</pre>
					
					<h4>examples/uart-writer</h4>
					<p>
						Result: <b>FAIL</b>
					</p>
					<pre class="pre-scrollable">WARNING: library TinySuite claims to run on avr architecture(s) and may be incompatible with your current board which runs on megaavr architecture(s).
/home/ec2-user/arduino-testlib/cli-datadir/user/libraries/TinySuite/examples/uart-writer/uart-writer.ino: In function &#39;int main()&#39;:
/home/ec2-user/arduino-testlib/cli-datadir/user/libraries/TinySuite/examples/uart-writer/uart-writer.ino:9:17: error: &#39;PB1&#39; was not declared in this scope
   uartWriter.on(PB1, 9600, Timer1Compare);
                 ^~~
/home/ec2-user/arduino-testlib/cli-datadir/user/libraries/TinySuite/examples/uart-writer/uart-writer.ino:9:17: note: suggested alternative: &#39;B1&#39;
   uartWriter.on(PB1, 9600, Timer1Compare);
                 ^~~
                 B1

</pre>
					
					<h4>examples/watchdog</h4>
					<p>
						Result: <b>FAIL</b>
					</p>
					<pre class="pre-scrollable">WARNING: library TinySuite claims to run on avr architecture(s) and may be incompatible with your current board which runs on megaavr architecture(s).
In file included from /home/ec2-user/arduino-testlib/cli-datadir/user/libraries/TinySuite/examples/watchdog/watchdog.ino:3:0:
/home/ec2-user/arduino-testlib/cli-datadir/user/libraries/TinySuite/examples/watchdog/watchdog.ino: In function &#39;int main()&#39;:
/home/ec2-user/arduino-testlib/cli-datadir/user/libraries/TinySuite/src/TinySleep.h:8:58: error: &#39;sleep_bod_disable&#39; was not declared in this scope
 #define deepSleep() set_sleep_mode(SLEEP_MODE_PWR_DOWN); sleep_bod_disable(); sleep_mode()
                                                          ^
/home/ec2-user/arduino-testlib/cli-datadir/user/libraries/TinySuite/examples/watchdog/watchdog.ino:10:3: note: in expansion of macro &#39;deepSleep&#39;
   deepSleep();
   ^~~~~~~~~
/home/ec2-user/arduino-testlib/cli-datadir/user/libraries/TinySuite/src/TinySleep.h:8:58: note: suggested alternative: &#39;sleep_disable&#39;
 #define deepSleep() set_sleep_mode(SLEEP_MODE_PWR_DOWN); sleep_bod_disable(); sleep_mode()
                                                          ^
/home/ec2-user/arduino-testlib/cli-datadir/user/libraries/TinySuite/examples/watchdog/watchdog.ino:10:3: note: in expansion of macro &#39;deepSleep&#39;
   deepSleep();
   ^~~~~~~~~

</pre>
					
				
				<h3 id="arduino:samd:mkrwifi1010">arduino:samd:mkrwifi1010 @ 1.8.12</h3>
				<h4>Inclusion</h4>
				<p>
					Result: <b>FAIL</b>
					
				</p>
				<pre class="pre-scrollable">In file included from /home/ec2-user/arduino-testlib/cli-datadir/user/libraries/TinySuite/src/TinySerial.cpp:3:0:
/home/ec2-user/arduino-testlib/cli-datadir/user/libraries/TinySuite/src/TinyUart.h:5:10: fatal error: avr/io.h: No such file or directory
 #include &lt;avr/io.h&gt;
          ^~~~~~~~~~
compilation terminated.

</pre>

					
					<h4>examples/nmea-time</h4>
					<p>
						Result: <b>FAIL</b>
					</p>
					<pre class="pre-scrollable">In file included from /home/ec2-user/arduino-testlib/cli-datadir/user/libraries/TinySuite/examples/nmea-time/nmea-time.ino:4:0:
/home/ec2-user/arduino-testlib/cli-datadir/user/libraries/TinySuite/src/TinySleep.h:4:10: fatal error: avr/sleep.h: No such file or directory
 #include &lt;avr/sleep.h&gt;
          ^~~~~~~~~~~~~
compilation terminated.

</pre>
					
					<h4>examples/timer-overflow</h4>
					<p>
						Result: <b>FAIL</b>
					</p>
					<pre class="pre-scrollable">In file included from /home/ec2-user/arduino-testlib/cli-datadir/user/libraries/TinySuite/src/TinySerial.cpp:3:0:
/home/ec2-user/arduino-testlib/cli-datadir/user/libraries/TinySuite/src/TinyUart.h:5:10: fatal error: avr/io.h: No such file or directory
 #include &lt;avr/io.h&gt;
          ^~~~~~~~~~
compilation terminated.

</pre>
					
					<h4>examples/uart-loop</h4>
					<p>
						Result: <b>FAIL</b>
					</p>
					<pre class="pre-scrollable">In file included from /home/ec2-user/arduino-testlib/cli-datadir/user/libraries/TinySuite/examples/uart-loop/uart-loop.ino:2:0:
/home/ec2-user/arduino-testlib/cli-datadir/user/libraries/TinySuite/src/TinySleep.h:4:10: fatal error: avr/sleep.h: No such file or directory
 #include &lt;avr/sleep.h&gt;
          ^~~~~~~~~~~~~
compilation terminated.

</pre>
					
					<h4>examples/uart-print</h4>
					<p>
						Result: <b>FAIL</b>
					</p>
					<pre class="pre-scrollable">In file included from /home/ec2-user/arduino-testlib/cli-datadir/user/libraries/TinySuite/src/TinySerial.cpp:3:0:
/home/ec2-user/arduino-testlib/cli-datadir/user/libraries/TinySuite/src/TinyUart.h:5:10: fatal error: avr/io.h: No such file or directory
 #include &lt;avr/io.h&gt;
          ^~~~~~~~~~
compilation terminated.

</pre>
					
					<h4>examples/uart-reader</h4>
					<p>
						Result: <b>FAIL</b>
					</p>
					<pre class="pre-scrollable">In file included from /home/ec2-user/arduino-testlib/cli-datadir/user/libraries/TinySuite/src/TinyUartBase.h:5:0,
                 from /home/ec2-user/arduino-testlib/cli-datadir/user/libraries/TinySuite/src/TinyUartReader.h:5,
                 from /home/ec2-user/arduino-testlib/cli-datadir/user/libraries/TinySuite/examples/uart-reader/uart-reader.ino:2:
/home/ec2-user/arduino-testlib/cli-datadir/user/libraries/TinySuite/src/TinySleep.h:4:10: fatal error: avr/sleep.h: No such file or directory
 #include &lt;avr/sleep.h&gt;
          ^~~~~~~~~~~~~
compilation terminated.

</pre>
					
					<h4>examples/uart-writer</h4>
					<p>
						Result: <b>FAIL</b>
					</p>
					<pre class="pre-scrollable">In file included from /home/ec2-user/arduino-testlib/cli-datadir/user/libraries/TinySuite/src/TinyUartBase.h:5:0,
                 from /home/ec2-user/arduino-testlib/cli-datadir/user/libraries/TinySuite/src/TinyUartWriter.h:5,
                 from /home/ec2-user/arduino-testlib/cli-datadir/user/libraries/TinySuite/examples/uart-writer/uart-writer.ino:2:
/home/ec2-user/arduino-testlib/cli-datadir/user/libraries/TinySuite/src/TinySleep.h:4:10: fatal error: avr/sleep.h: No such file or directory
 #include &lt;avr/sleep.h&gt;
          ^~~~~~~~~~~~~
compilation terminated.

</pre>
					
					<h4>examples/watchdog</h4>
					<p>
						Result: <b>FAIL</b>
					</p>
					<pre class="pre-scrollable">In file included from /home/ec2-user/arduino-testlib/cli-datadir/user/libraries/TinySuite/examples/watchdog/watchdog.ino:3:0:
/home/ec2-user/arduino-testlib/cli-datadir/user/libraries/TinySuite/src/TinySleep.h:4:10: fatal error: avr/sleep.h: No such file or directory
 #include &lt;avr/sleep.h&gt;
          ^~~~~~~~~~~~~
compilation terminated.

</pre>
					
				
				<h3 id="esp32:esp32:d1_mini32">esp32:esp32:d1_mini32 @ 1.0.6</h3>
				<h4>Inclusion</h4>
				<p>
					Result: <b>FAIL</b>
					
				</p>
				<pre class="pre-scrollable">/home/ec2-user/arduino-testlib/cli-datadir/user/libraries/TinySuite/src/TinyPinChangeB.cpp:2:27: fatal error: avr/interrupt.h: No such file or directory
compilation terminated.

</pre>

					
					<h4>examples/nmea-time</h4>
					<p>
						Result: <b>FAIL</b>
					</p>
					<pre class="pre-scrollable">/home/ec2-user/arduino-testlib/cli-datadir/user/libraries/TinySuite/examples/nmea-time/nmea-time.ino:3:27: fatal error: avr/interrupt.h: No such file or directory
compilation terminated.

</pre>
					
					<h4>examples/timer-overflow</h4>
					<p>
						Result: <b>FAIL</b>
					</p>
					<pre class="pre-scrollable">/home/ec2-user/arduino-testlib/cli-datadir/user/libraries/TinySuite/examples/timer-overflow/timer-overflow.ino:1:27: fatal error: avr/interrupt.h: No such file or directory
compilation terminated.

</pre>
					
					<h4>examples/uart-loop</h4>
					<p>
						Result: <b>FAIL</b>
					</p>
					<pre class="pre-scrollable">/home/ec2-user/arduino-testlib/cli-datadir/user/libraries/TinySuite/examples/uart-loop/uart-loop.ino:1:27: fatal error: avr/interrupt.h: No such file or directory
compilation terminated.

</pre>
					
					<h4>examples/uart-print</h4>
					<p>
						Result: <b>FAIL</b>
					</p>
					<pre class="pre-scrollable">/home/ec2-user/arduino-testlib/cli-datadir/user/libraries/TinySuite/examples/uart-print/uart-print.ino:1:27: fatal error: avr/interrupt.h: No such file or directory
compilation terminated.

</pre>
					
					<h4>examples/uart-reader</h4>
					<p>
						Result: <b>FAIL</b>
					</p>
					<pre class="pre-scrollable">/home/ec2-user/arduino-testlib/cli-datadir/user/libraries/TinySuite/examples/uart-reader/uart-reader.ino:1:27: fatal error: avr/interrupt.h: No such file or directory
compilation terminated.

</pre>
					
					<h4>examples/uart-writer</h4>
					<p>
						Result: <b>FAIL</b>
					</p>
					<pre class="pre-scrollable">/home/ec2-user/arduino-testlib/cli-datadir/user/libraries/TinySuite/examples/uart-writer/uart-writer.ino:1:27: fatal error: avr/interrupt.h: No such file or directory
compilation terminated.

</pre>
					
					<h4>examples/watchdog</h4>
					<p>
						Result: <b>FAIL</b>
					</p>
					<pre class="pre-scrollable">/home/ec2-user/arduino-testlib/cli-datadir/user/libraries/TinySuite/examples/watchdog/watchdog.ino:1:27: fatal error: avr/interrupt.h: No such file or directory
compilation terminated.

</pre>
					
				
			</div>
		</div>
	</div>
  </body>
</html>
