
<!doctype html>
<html lang="en">
  <head>
    <meta charset="utf-8">
    <meta name="viewport" content="width=device-width, initial-scale=1">
    <link href="https://cdn.jsdelivr.net/npm/bootstrap@5.0.2/dist/css/bootstrap.min.css" rel="stylesheet" integrity="sha384-EVSTQN3/azprG1Anm3QDgpJLIm9Nao0Yz1ztcQTwFspd3yD65VohhpuuCOmLASjC" crossorigin="anonymous">
    <title>arduino-testlib report</title>
	<style>
	.pass { background-color: #00FF00 !important; }
	.fail { background-color: #FF0000 !important; }
	</style>
  </head>
  <body>
	<div class="container">
		<div class="row">
			<div class="col">
				<h1>Tinyfox - compatibility matrix</h1>
				<p>
					<small>This report was generated on Wednesday, 23-Feb-22 22:48:15 CET using 
					<a href="https://github.com/alranel/arduino-testlib">arduino-testlib</a>.</small>
				</p>

				<h2>Tinyfox</h2>
				<p>
					Version: <b>0.9.3</b>
					<br />
					<a href="https://www.arduino.cc/reference/en/libraries/tinyfox/">More details</a>
				</p>

				<h2>Compatibility matrix</h2>
				<table class="table table-bordered">
					<tr>
						<th>Board</th>
						<th>Claims compatibility</th>
						<th>Inclusion</th>
						
						<th><pre>Envio_local</pre></th>
						
						<th><pre>Tiny_advance_debuging</pre></th>
						
						<th><pre>squeezing_data_into12bytes</pre></th>
						
						<th><pre>Archs</pre></th>
						
						<th><pre>GPS_ublox_periodico</pre></th>
						
						<th><pre>Recepcion_local</pre></th>
						
						<th><pre>Seguimiento_de_activos</pre></th>
						
						<th><pre>Simple_uplink_ufox</pre></th>
						
						<th><pre>Tiny_snprintf</pre></th>
						
						<th><pre>humedad_de_suelo</pre></th>
						
						<th><pre>leonardoID_PAC</pre></th>
						
						<th><pre>temperatura_humedad</pre></th>
						
					</tr>
					
					<tr>
						<td>
							<a href="#arduino%3aavr%3auno"><b>arduino:avr:uno</b></a>
							<br />
							<small>1.8.4</small>
						</td>

						
							<td>Yes</td>
							<td class="pass">PASS</td>
						
						
						
						

						
							
								
									
										
									
										
											
											<td class="fail">FAIL</td>
										
									
										
									
										
									
										
									
										
									
										
									
										
									
										
									
										
									
										
									
										
									
								
							
								
							
								
							
								
							
								
							
						
							
								
									
										
									
										
									
										
									
										
									
										
									
										
									
										
											
											<td class="fail">FAIL</td>
										
									
										
									
										
									
										
									
										
									
										
									
								
							
								
							
								
							
								
							
								
							
						
							
								
									
										
									
										
									
										
									
										
									
										
									
										
									
										
									
										
									
										
									
										
									
										
											
											<td class="fail">FAIL</td>
										
									
										
									
								
							
								
							
								
							
								
							
								
							
						
							
								
									
										
											
											<td class="fail">FAIL</td>
										
									
										
									
										
									
										
									
										
									
										
									
										
									
										
									
										
									
										
									
										
									
										
									
								
							
								
							
								
							
								
							
								
							
						
							
								
									
										
									
										
									
										
											
											<td class="fail">FAIL</td>
										
									
										
									
										
									
										
									
										
									
										
									
										
									
										
									
										
									
										
									
								
							
								
							
								
							
								
							
								
							
						
							
								
									
										
									
										
									
										
									
										
											
											<td class="fail">FAIL</td>
										
									
										
									
										
									
										
									
										
									
										
									
										
									
										
									
										
									
								
							
								
							
								
							
								
							
								
							
						
							
								
									
										
									
										
									
										
									
										
									
										
											
											<td class="fail">FAIL</td>
										
									
										
									
										
									
										
									
										
									
										
									
										
									
										
									
								
							
								
							
								
							
								
							
								
							
						
							
								
									
										
									
										
									
										
									
										
									
										
									
										
											
											<td class="fail">FAIL</td>
										
									
										
									
										
									
										
									
										
									
										
									
										
									
								
							
								
							
								
							
								
							
								
							
						
							
								
									
										
									
										
									
										
									
										
									
										
									
										
									
										
									
										
											
											<td class="fail">FAIL</td>
										
									
										
									
										
									
										
									
										
									
								
							
								
							
								
							
								
							
								
							
						
							
								
									
										
									
										
									
										
									
										
									
										
									
										
									
										
									
										
									
										
											
											<td class="fail">FAIL</td>
										
									
										
									
										
									
										
									
								
							
								
							
								
							
								
							
								
							
						
							
								
									
										
									
										
									
										
									
										
									
										
									
										
									
										
									
										
									
										
									
										
											
											<td class="fail">FAIL</td>
										
									
										
									
										
									
								
							
								
							
								
							
								
							
								
							
						
							
								
									
										
									
										
									
										
									
										
									
										
									
										
									
										
									
										
									
										
									
										
									
										
									
										
											
											<td class="fail">FAIL</td>
										
									
								
							
								
							
								
							
								
							
								
							
						
					</tr>
					
					<tr>
						<td>
							<a href="#arduino%3ambed_nano%3ananorp2040connect"><b>arduino:mbed_nano:nanorp2040connect</b></a>
							<br />
							<small>2.7.2</small>
						</td>

						
							<td>Yes</td>
							<td class="pass">PASS</td>
						
						
						
						

						
							
								
							
								
									
										
									
										
											
											<td class="fail">FAIL</td>
										
									
										
									
										
									
										
									
										
									
										
									
										
									
										
									
										
									
										
									
										
									
								
							
								
							
								
							
								
							
						
							
								
							
								
									
										
									
										
									
										
									
										
									
										
									
										
									
										
											
											<td class="fail">FAIL</td>
										
									
										
									
										
									
										
									
										
									
										
									
								
							
								
							
								
							
								
							
						
							
								
							
								
									
										
									
										
									
										
									
										
									
										
									
										
									
										
									
										
									
										
									
										
									
										
											<td class="pass">PASS</td>
											
										
									
										
									
								
							
								
							
								
							
								
							
						
							
								
							
								
									
										
											
											<td class="fail">FAIL</td>
										
									
										
									
										
									
										
									
										
									
										
									
										
									
										
									
										
									
										
									
										
									
										
									
								
							
								
							
								
							
								
							
						
							
								
							
								
									
										
									
										
									
										
											
											<td class="fail">FAIL</td>
										
									
										
									
										
									
										
									
										
									
										
									
										
									
										
									
										
									
										
									
								
							
								
							
								
							
								
							
						
							
								
							
								
									
										
									
										
									
										
									
										
											
											<td class="fail">FAIL</td>
										
									
										
									
										
									
										
									
										
									
										
									
										
									
										
									
										
									
								
							
								
							
								
							
								
							
						
							
								
							
								
									
										
									
										
									
										
									
										
									
										
											
											<td class="fail">FAIL</td>
										
									
										
									
										
									
										
									
										
									
										
									
										
									
										
									
								
							
								
							
								
							
								
							
						
							
								
							
								
									
										
									
										
									
										
									
										
									
										
									
										
											
											<td class="fail">FAIL</td>
										
									
										
									
										
									
										
									
										
									
										
									
										
									
								
							
								
							
								
							
								
							
						
							
								
							
								
									
										
									
										
									
										
									
										
									
										
									
										
									
										
									
										
											
											<td class="fail">FAIL</td>
										
									
										
									
										
									
										
									
										
									
								
							
								
							
								
							
								
							
						
							
								
							
								
									
										
									
										
									
										
									
										
									
										
									
										
									
										
									
										
									
										
											
											<td class="fail">FAIL</td>
										
									
										
									
										
									
										
									
								
							
								
							
								
							
								
							
						
							
								
							
								
									
										
									
										
									
										
									
										
									
										
									
										
									
										
									
										
									
										
									
										
											
											<td class="fail">FAIL</td>
										
									
										
									
										
									
								
							
								
							
								
							
								
							
						
							
								
							
								
									
										
									
										
									
										
									
										
									
										
									
										
									
										
									
										
									
										
									
										
									
										
									
										
											
											<td class="fail">FAIL</td>
										
									
								
							
								
							
								
							
								
							
						
					</tr>
					
					<tr>
						<td>
							<a href="#arduino%3amegaavr%3anona4809"><b>arduino:megaavr:nona4809</b></a>
							<br />
							<small>1.8.7</small>
						</td>

						
							<td>Yes</td>
							<td class="pass">PASS</td>
						
						
						
						

						
							
								
							
								
							
								
									
										
									
										
											
											<td class="fail">FAIL</td>
										
									
										
									
										
									
										
									
										
									
										
									
										
									
										
									
										
									
										
									
										
									
								
							
								
							
								
							
						
							
								
							
								
							
								
									
										
									
										
									
										
									
										
									
										
									
										
									
										
											
											<td class="fail">FAIL</td>
										
									
										
									
										
									
										
									
										
									
										
									
								
							
								
							
								
							
						
							
								
							
								
							
								
									
										
									
										
									
										
									
										
									
										
									
										
									
										
									
										
									
										
									
										
									
										
											<td class="pass">PASS</td>
											
										
									
										
									
								
							
								
							
								
							
						
							
								
							
								
							
								
									
										
											
											<td class="fail">FAIL</td>
										
									
										
									
										
									
										
									
										
									
										
									
										
									
										
									
										
									
										
									
										
									
										
									
								
							
								
							
								
							
						
							
								
							
								
							
								
									
										
									
										
									
										
											
											<td class="fail">FAIL</td>
										
									
										
									
										
									
										
									
										
									
										
									
										
									
										
									
										
									
										
									
								
							
								
							
								
							
						
							
								
							
								
							
								
									
										
									
										
									
										
									
										
											
											<td class="fail">FAIL</td>
										
									
										
									
										
									
										
									
										
									
										
									
										
									
										
									
										
									
								
							
								
							
								
							
						
							
								
							
								
							
								
									
										
									
										
									
										
									
										
									
										
											
											<td class="fail">FAIL</td>
										
									
										
									
										
									
										
									
										
									
										
									
										
									
										
									
								
							
								
							
								
							
						
							
								
							
								
							
								
									
										
									
										
									
										
									
										
									
										
									
										
											
											<td class="fail">FAIL</td>
										
									
										
									
										
									
										
									
										
									
										
									
										
									
								
							
								
							
								
							
						
							
								
							
								
							
								
									
										
									
										
									
										
									
										
									
										
									
										
									
										
									
										
											
											<td class="fail">FAIL</td>
										
									
										
									
										
									
										
									
										
									
								
							
								
							
								
							
						
							
								
							
								
							
								
									
										
									
										
									
										
									
										
									
										
									
										
									
										
									
										
									
										
											
											<td class="fail">FAIL</td>
										
									
										
									
										
									
										
									
								
							
								
							
								
							
						
							
								
							
								
							
								
									
										
									
										
									
										
									
										
									
										
									
										
									
										
									
										
									
										
									
										
											
											<td class="fail">FAIL</td>
										
									
										
									
										
									
								
							
								
							
								
							
						
							
								
							
								
							
								
									
										
									
										
									
										
									
										
									
										
									
										
									
										
									
										
									
										
									
										
									
										
									
										
											
											<td class="fail">FAIL</td>
										
									
								
							
								
							
								
							
						
					</tr>
					
					<tr>
						<td>
							<a href="#arduino%3asamd%3amkrwifi1010"><b>arduino:samd:mkrwifi1010</b></a>
							<br />
							<small>1.8.12</small>
						</td>

						
							<td>Yes</td>
							<td class="pass">PASS</td>
						
						
						
						

						
							
								
							
								
							
								
							
								
									
										
									
										
											<td class="pass">PASS</td>
											
										
									
										
									
										
									
										
									
										
									
										
									
										
									
										
									
										
									
										
									
										
									
								
							
								
							
						
							
								
							
								
							
								
							
								
									
										
									
										
									
										
									
										
									
										
									
										
									
										
											
											<td class="fail">FAIL</td>
										
									
										
									
										
									
										
									
										
									
										
									
								
							
								
							
						
							
								
							
								
							
								
							
								
									
										
									
										
									
										
									
										
									
										
									
										
									
										
									
										
									
										
									
										
									
										
											<td class="pass">PASS</td>
											
										
									
										
									
								
							
								
							
						
							
								
							
								
							
								
							
								
									
										
											
											<td class="fail">FAIL</td>
										
									
										
									
										
									
										
									
										
									
										
									
										
									
										
									
										
									
										
									
										
									
										
									
								
							
								
							
						
							
								
							
								
							
								
							
								
									
										
									
										
									
										
											
											<td class="fail">FAIL</td>
										
									
										
									
										
									
										
									
										
									
										
									
										
									
										
									
										
									
										
									
								
							
								
							
						
							
								
							
								
							
								
							
								
									
										
									
										
									
										
									
										
											<td class="pass">PASS</td>
											
										
									
										
									
										
									
										
									
										
									
										
									
										
									
										
									
										
									
								
							
								
							
						
							
								
							
								
							
								
							
								
									
										
									
										
									
										
									
										
									
										
											<td class="pass">PASS</td>
											
										
									
										
									
										
									
										
									
										
									
										
									
										
									
										
									
								
							
								
							
						
							
								
							
								
							
								
							
								
									
										
									
										
									
										
									
										
									
										
									
										
											
											<td class="fail">FAIL</td>
										
									
										
									
										
									
										
									
										
									
										
									
										
									
								
							
								
							
						
							
								
							
								
							
								
							
								
									
										
									
										
									
										
									
										
									
										
									
										
									
										
									
										
											
											<td class="fail">FAIL</td>
										
									
										
									
										
									
										
									
										
									
								
							
								
							
						
							
								
							
								
							
								
							
								
									
										
									
										
									
										
									
										
									
										
									
										
									
										
									
										
									
										
											<td class="pass">PASS</td>
											
										
									
										
									
										
									
										
									
								
							
								
							
						
							
								
							
								
							
								
							
								
									
										
									
										
									
										
									
										
									
										
									
										
									
										
									
										
									
										
									
										
											<td class="pass">PASS</td>
											
										
									
										
									
										
									
								
							
								
							
						
							
								
							
								
							
								
							
								
									
										
									
										
									
										
									
										
									
										
									
										
									
										
									
										
									
										
									
										
									
										
									
										
											<td class="pass">PASS</td>
											
										
									
								
							
								
							
						
					</tr>
					
					<tr>
						<td>
							<a href="#esp32%3aesp32%3ad1_mini32"><b>esp32:esp32:d1_mini32</b></a>
							<br />
							<small>1.0.6</small>
						</td>

						
							<td>Yes</td>
							<td class="pass">PASS</td>
						
						
						
						

						
							
								
							
								
							
								
							
								
							
								
									
										
									
										
											
											<td class="fail">FAIL</td>
										
									
										
									
										
									
										
									
										
									
										
									
										
									
										
									
										
									
										
									
										
									
								
							
						
							
								
							
								
							
								
							
								
							
								
									
										
									
										
									
										
									
										
									
										
									
										
									
										
											
											<td class="fail">FAIL</td>
										
									
										
									
										
									
										
									
										
									
										
									
								
							
						
							
								
							
								
							
								
							
								
							
								
									
										
									
										
									
										
									
										
									
										
									
										
									
										
									
										
									
										
									
										
									
										
											<td class="pass">PASS</td>
											
										
									
										
									
								
							
						
							
								
							
								
							
								
							
								
							
								
									
										
											
											<td class="fail">FAIL</td>
										
									
										
									
										
									
										
									
										
									
										
									
										
									
										
									
										
									
										
									
										
									
										
									
								
							
						
							
								
							
								
							
								
							
								
							
								
									
										
									
										
									
										
											
											<td class="fail">FAIL</td>
										
									
										
									
										
									
										
									
										
									
										
									
										
									
										
									
										
									
										
									
								
							
						
							
								
							
								
							
								
							
								
							
								
									
										
									
										
									
										
									
										
											
											<td class="fail">FAIL</td>
										
									
										
									
										
									
										
									
										
									
										
									
										
									
										
									
										
									
								
							
						
							
								
							
								
							
								
							
								
							
								
									
										
									
										
									
										
									
										
									
										
											
											<td class="fail">FAIL</td>
										
									
										
									
										
									
										
									
										
									
										
									
										
									
										
									
								
							
						
							
								
							
								
							
								
							
								
							
								
									
										
									
										
									
										
									
										
									
										
									
										
											
											<td class="fail">FAIL</td>
										
									
										
									
										
									
										
									
										
									
										
									
										
									
								
							
						
							
								
							
								
							
								
							
								
							
								
									
										
									
										
									
										
									
										
									
										
									
										
									
										
									
										
											
											<td class="fail">FAIL</td>
										
									
										
									
										
									
										
									
										
									
								
							
						
							
								
							
								
							
								
							
								
							
								
									
										
									
										
									
										
									
										
									
										
									
										
									
										
									
										
									
										
											
											<td class="fail">FAIL</td>
										
									
										
									
										
									
										
									
								
							
						
							
								
							
								
							
								
							
								
							
								
									
										
									
										
									
										
									
										
									
										
									
										
									
										
									
										
									
										
									
										
											
											<td class="fail">FAIL</td>
										
									
										
									
										
									
								
							
						
							
								
							
								
							
								
							
								
							
								
									
										
									
										
									
										
									
										
									
										
									
										
									
										
									
										
									
										
									
										
									
										
									
										
											
											<td class="fail">FAIL</td>
										
									
								
							
						
					</tr>
					
				</table>

				<h2>Compilation logs</h2>
				
				<h3 id="arduino:avr:uno">arduino:avr:uno @ 1.8.4</h3>
				<h4>Inclusion</h4>
				<p>
					Result: <b>PASS</b>
					
				</p>
				<pre class="pre-scrollable">Sketch uses 444 bytes (1%) of program storage space. Maximum is 32256 bytes.
Global variables use 9 bytes (0%) of dynamic memory, leaving 2039 bytes for local variables. Maximum is 2048 bytes.
</pre>

					
					<h4>examples/Archs</h4>
					<p>
						Result: <b>FAIL</b>
					</p>
					<pre class="pre-scrollable"></pre>
					
					<h4>examples/Envio_local</h4>
					<p>
						Result: <b>FAIL</b>
					</p>
					<pre class="pre-scrollable">/home/ec2-user/arduino-testlib/cli-datadir/user/libraries/Tinyfox/examples/Envio_local/Envio_local.ino:9:21: error: &#39;Serial_&#39; was not declared in this scope
 Tiny&lt;HardwareSerial,Serial_&gt; wisol(&amp;Serial1,&amp;Serial,12,true);//leonardo
                     ^~~~~~~
/home/ec2-user/arduino-testlib/cli-datadir/user/libraries/Tinyfox/examples/Envio_local/Envio_local.ino:9:21: note: suggested alternative: &#39;Serial&#39;
 Tiny&lt;HardwareSerial,Serial_&gt; wisol(&amp;Serial1,&amp;Serial,12,true);//leonardo
                     ^~~~~~~
                     Serial
/home/ec2-user/arduino-testlib/cli-datadir/user/libraries/Tinyfox/examples/Envio_local/Envio_local.ino:9:28: error: template argument 2 is invalid
 Tiny&lt;HardwareSerial,Serial_&gt; wisol(&amp;Serial1,&amp;Serial,12,true);//leonardo
                            ^
/home/ec2-user/arduino-testlib/cli-datadir/user/libraries/Tinyfox/examples/Envio_local/Envio_local.ino:9:37: error: &#39;Serial1&#39; was not declared in this scope
 Tiny&lt;HardwareSerial,Serial_&gt; wisol(&amp;Serial1,&amp;Serial,12,true);//leonardo
                                     ^~~~~~~
/home/ec2-user/arduino-testlib/cli-datadir/user/libraries/Tinyfox/examples/Envio_local/Envio_local.ino:9:37: note: suggested alternative: &#39;Serial&#39;
 Tiny&lt;HardwareSerial,Serial_&gt; wisol(&amp;Serial1,&amp;Serial,12,true);//leonardo
                                     ^~~~~~~
                                     Serial
/home/ec2-user/arduino-testlib/cli-datadir/user/libraries/Tinyfox/examples/Envio_local/Envio_local.ino: In function &#39;void setup()&#39;:
/home/ec2-user/arduino-testlib/cli-datadir/user/libraries/Tinyfox/examples/Envio_local/Envio_local.ino:16:9: error: request for member &#39;begin&#39; in &#39;wisol&#39;, which is of non-class type &#39;int&#39;
   wisol.begin(9600);
         ^~~~~
/home/ec2-user/arduino-testlib/cli-datadir/user/libraries/Tinyfox/examples/Envio_local/Envio_local.ino: In function &#39;void loop()&#39;:
/home/ec2-user/arduino-testlib/cli-datadir/user/libraries/Tinyfox/examples/Envio_local/Envio_local.ino:29:13: error: request for member &#39;RST&#39; in &#39;wisol&#39;, which is of non-class type &#39;int&#39;
       wisol.RST();
             ^~~
/home/ec2-user/arduino-testlib/cli-datadir/user/libraries/Tinyfox/examples/Envio_local/Envio_local.ino:31:23: error: request for member &#39;ID&#39; in &#39;wisol&#39;, which is of non-class type &#39;int&#39;
       String id=wisol.ID();
                       ^~
/home/ec2-user/arduino-testlib/cli-datadir/user/libraries/Tinyfox/examples/Envio_local/Envio_local.ino:33:28: error: request for member &#39;command&#39; in &#39;wisol&#39;, which is of non-class type &#39;int&#39;
       Serial.println(wisol.command(&#34;AT$SL=&#34;&#43;id));
                            ^~~~~~~
/home/ec2-user/arduino-testlib/cli-datadir/user/libraries/Tinyfox/examples/Envio_local/Envio_local.ino:36:13: error: request for member &#39;SLEEP&#39; in &#39;wisol&#39;, which is of non-class type &#39;int&#39;
       wisol.SLEEP();
             ^~~~~

</pre>
					
					<h4>examples/GPS_ublox_periodico</h4>
					<p>
						Result: <b>FAIL</b>
					</p>
					<pre class="pre-scrollable">/home/ec2-user/arduino-testlib/cli-datadir/user/libraries/Tinyfox/examples/GPS_ublox_periodico/GPS_ublox_periodico.ino:28:21: error: &#39;Serial_&#39; was not declared in this scope
 Tiny&lt;HardwareSerial,Serial_&gt; wisol(&amp;Serial1,&amp;Serial,12,true);//leonardo
                     ^~~~~~~
/home/ec2-user/arduino-testlib/cli-datadir/user/libraries/Tinyfox/examples/GPS_ublox_periodico/GPS_ublox_periodico.ino:28:21: note: suggested alternative: &#39;Serial&#39;
 Tiny&lt;HardwareSerial,Serial_&gt; wisol(&amp;Serial1,&amp;Serial,12,true);//leonardo
                     ^~~~~~~
                     Serial
/home/ec2-user/arduino-testlib/cli-datadir/user/libraries/Tinyfox/examples/GPS_ublox_periodico/GPS_ublox_periodico.ino:28:28: error: template argument 2 is invalid
 Tiny&lt;HardwareSerial,Serial_&gt; wisol(&amp;Serial1,&amp;Serial,12,true);//leonardo
                            ^
/home/ec2-user/arduino-testlib/cli-datadir/user/libraries/Tinyfox/examples/GPS_ublox_periodico/GPS_ublox_periodico.ino:28:37: error: &#39;Serial1&#39; was not declared in this scope
 Tiny&lt;HardwareSerial,Serial_&gt; wisol(&amp;Serial1,&amp;Serial,12,true);//leonardo
                                     ^~~~~~~
/home/ec2-user/arduino-testlib/cli-datadir/user/libraries/Tinyfox/examples/GPS_ublox_periodico/GPS_ublox_periodico.ino:28:37: note: suggested alternative: &#39;Serial&#39;
 Tiny&lt;HardwareSerial,Serial_&gt; wisol(&amp;Serial1,&amp;Serial,12,true);//leonardo
                                     ^~~~~~~
                                     Serial
/home/ec2-user/arduino-testlib/cli-datadir/user/libraries/Tinyfox/examples/GPS_ublox_periodico/GPS_ublox_periodico.ino: In function &#39;void setup()&#39;:
/home/ec2-user/arduino-testlib/cli-datadir/user/libraries/Tinyfox/examples/GPS_ublox_periodico/GPS_ublox_periodico.ino:40:8: error: request for member &#39;begin&#39; in &#39;wisol&#39;, which is of non-class type &#39;int&#39;
  wisol.begin(9600);
        ^~~~~
/home/ec2-user/arduino-testlib/cli-datadir/user/libraries/Tinyfox/examples/GPS_ublox_periodico/GPS_ublox_periodico.ino: In function &#39;void loop()&#39;:
/home/ec2-user/arduino-testlib/cli-datadir/user/libraries/Tinyfox/examples/GPS_ublox_periodico/GPS_ublox_periodico.ino:100:12: error: request for member &#39;RST&#39; in &#39;wisol&#39;, which is of non-class type &#39;int&#39;
      wisol.RST();
            ^~~
/home/ec2-user/arduino-testlib/cli-datadir/user/libraries/Tinyfox/examples/GPS_ublox_periodico/GPS_ublox_periodico.ino:103:34: error: request for member &#39;TEMP&#39; in &#39;wisol&#39;, which is of non-class type &#39;int&#39;
      int16_t temperatura = wisol.TEMP();      //int=16bits=2bytes
                                  ^~~~
/home/ec2-user/arduino-testlib/cli-datadir/user/libraries/Tinyfox/examples/GPS_ublox_periodico/GPS_ublox_periodico.ino:104:31: error: request for member &#39;VOLT&#39; in &#39;wisol&#39;, which is of non-class type &#39;int&#39;
      uint16_t bateria = wisol.VOLT();         //int=16bits=2bytes
                               ^~~~
/home/ec2-user/arduino-testlib/cli-datadir/user/libraries/Tinyfox/examples/GPS_ublox_periodico/GPS_ublox_periodico.ino:122:27: error: request for member &#39;SEND&#39; in &#39;wisol&#39;, which is of non-class type &#39;int&#39;
      Serial.println(wisol.SEND(buff)); //Envio de datos Sigfox
                           ^~~~
/home/ec2-user/arduino-testlib/cli-datadir/user/libraries/Tinyfox/examples/GPS_ublox_periodico/GPS_ublox_periodico.ino:125:12: error: request for member &#39;SLEEP&#39; in &#39;wisol&#39;, which is of non-class type &#39;int&#39;
      wisol.SLEEP();
            ^~~~~
Multiple libraries were found for &#34;SoftwareSerial.h&#34;
  Used: /home/ec2-user/arduino-testlib/cli-datadir/data/packages/arduino/hardware/avr/1.8.4/libraries/SoftwareSerial
  Not used: /home/ec2-user/arduino-testlib/cli-datadir/user/libraries/EspSoftwareSerial
  Not used: /home/ec2-user/arduino-testlib/cli-datadir/user/libraries/Dabble
  Not used: /home/ec2-user/arduino-testlib/cli-datadir/user/libraries/Printoo_Library
</pre>
					
					<h4>examples/Recepcion_local</h4>
					<p>
						Result: <b>FAIL</b>
					</p>
					<pre class="pre-scrollable">/home/ec2-user/arduino-testlib/cli-datadir/user/libraries/Tinyfox/examples/Recepcion_local/Recepcion_local.ino:12:21: error: &#39;Serial_&#39; was not declared in this scope
 Tiny&lt;HardwareSerial,Serial_&gt; wisol(&amp;Serial1,&amp;Serial,12,true);//leonardo
                     ^~~~~~~
/home/ec2-user/arduino-testlib/cli-datadir/user/libraries/Tinyfox/examples/Recepcion_local/Recepcion_local.ino:12:21: note: suggested alternative: &#39;Serial&#39;
 Tiny&lt;HardwareSerial,Serial_&gt; wisol(&amp;Serial1,&amp;Serial,12,true);//leonardo
                     ^~~~~~~
                     Serial
/home/ec2-user/arduino-testlib/cli-datadir/user/libraries/Tinyfox/examples/Recepcion_local/Recepcion_local.ino:12:28: error: template argument 2 is invalid
 Tiny&lt;HardwareSerial,Serial_&gt; wisol(&amp;Serial1,&amp;Serial,12,true);//leonardo
                            ^
/home/ec2-user/arduino-testlib/cli-datadir/user/libraries/Tinyfox/examples/Recepcion_local/Recepcion_local.ino:12:37: error: &#39;Serial1&#39; was not declared in this scope
 Tiny&lt;HardwareSerial,Serial_&gt; wisol(&amp;Serial1,&amp;Serial,12,true);//leonardo
                                     ^~~~~~~
/home/ec2-user/arduino-testlib/cli-datadir/user/libraries/Tinyfox/examples/Recepcion_local/Recepcion_local.ino:12:37: note: suggested alternative: &#39;Serial&#39;
 Tiny&lt;HardwareSerial,Serial_&gt; wisol(&amp;Serial1,&amp;Serial,12,true);//leonardo
                                     ^~~~~~~
                                     Serial
/home/ec2-user/arduino-testlib/cli-datadir/user/libraries/Tinyfox/examples/Recepcion_local/Recepcion_local.ino: In function &#39;void setup()&#39;:
/home/ec2-user/arduino-testlib/cli-datadir/user/libraries/Tinyfox/examples/Recepcion_local/Recepcion_local.ino:19:9: error: request for member &#39;begin&#39; in &#39;wisol&#39;, which is of non-class type &#39;int&#39;
   wisol.begin(9600);
         ^~~~~
/home/ec2-user/arduino-testlib/cli-datadir/user/libraries/Tinyfox/examples/Recepcion_local/Recepcion_local.ino: In function &#39;void loop()&#39;:
/home/ec2-user/arduino-testlib/cli-datadir/user/libraries/Tinyfox/examples/Recepcion_local/Recepcion_local.ino:28:23: error: request for member &#39;command&#39; in &#39;wisol&#39;, which is of non-class type &#39;int&#39;
    String rec = wisol.command(&#34;AT$RL&#34;);
                       ^~~~~~~

</pre>
					
					<h4>examples/Seguimiento_de_activos</h4>
					<p>
						Result: <b>FAIL</b>
					</p>
					<pre class="pre-scrollable">/home/ec2-user/arduino-testlib/cli-datadir/user/libraries/Tinyfox/examples/Seguimiento_de_activos/Seguimiento_de_activos.ino:29:21: error: &#39;Serial_&#39; was not declared in this scope
 Tiny&lt;HardwareSerial,Serial_&gt; wisol(&amp;Serial1,&amp;Serial,12,true);//leonardo
                     ^~~~~~~
/home/ec2-user/arduino-testlib/cli-datadir/user/libraries/Tinyfox/examples/Seguimiento_de_activos/Seguimiento_de_activos.ino:29:21: note: suggested alternative: &#39;Serial&#39;
 Tiny&lt;HardwareSerial,Serial_&gt; wisol(&amp;Serial1,&amp;Serial,12,true);//leonardo
                     ^~~~~~~
                     Serial
/home/ec2-user/arduino-testlib/cli-datadir/user/libraries/Tinyfox/examples/Seguimiento_de_activos/Seguimiento_de_activos.ino:29:28: error: template argument 2 is invalid
 Tiny&lt;HardwareSerial,Serial_&gt; wisol(&amp;Serial1,&amp;Serial,12,true);//leonardo
                            ^
/home/ec2-user/arduino-testlib/cli-datadir/user/libraries/Tinyfox/examples/Seguimiento_de_activos/Seguimiento_de_activos.ino:29:37: error: &#39;Serial1&#39; was not declared in this scope
 Tiny&lt;HardwareSerial,Serial_&gt; wisol(&amp;Serial1,&amp;Serial,12,true);//leonardo
                                     ^~~~~~~
/home/ec2-user/arduino-testlib/cli-datadir/user/libraries/Tinyfox/examples/Seguimiento_de_activos/Seguimiento_de_activos.ino:29:37: note: suggested alternative: &#39;Serial&#39;
 Tiny&lt;HardwareSerial,Serial_&gt; wisol(&amp;Serial1,&amp;Serial,12,true);//leonardo
                                     ^~~~~~~
                                     Serial
/home/ec2-user/arduino-testlib/cli-datadir/user/libraries/Tinyfox/examples/Seguimiento_de_activos/Seguimiento_de_activos.ino: In function &#39;void setup()&#39;:
/home/ec2-user/arduino-testlib/cli-datadir/user/libraries/Tinyfox/examples/Seguimiento_de_activos/Seguimiento_de_activos.ino:33:8: error: request for member &#39;begin&#39; in &#39;wisol&#39;, which is of non-class type &#39;int&#39;
  wisol.begin(9600);
        ^~~~~
/home/ec2-user/arduino-testlib/cli-datadir/user/libraries/Tinyfox/examples/Seguimiento_de_activos/Seguimiento_de_activos.ino: In function &#39;void loop()&#39;:
/home/ec2-user/arduino-testlib/cli-datadir/user/libraries/Tinyfox/examples/Seguimiento_de_activos/Seguimiento_de_activos.ino:47:12: error: request for member &#39;RST&#39; in &#39;wisol&#39;, which is of non-class type &#39;int&#39;
      wisol.RST();
            ^~~
/home/ec2-user/arduino-testlib/cli-datadir/user/libraries/Tinyfox/examples/Seguimiento_de_activos/Seguimiento_de_activos.ino:52:34: error: request for member &#39;TEMP&#39; in &#39;wisol&#39;, which is of non-class type &#39;int&#39;
      int16_t temperatura = wisol.TEMP();     //int=16bits=2bytes
                                  ^~~~
/home/ec2-user/arduino-testlib/cli-datadir/user/libraries/Tinyfox/examples/Seguimiento_de_activos/Seguimiento_de_activos.ino:53:31: error: request for member &#39;VOLT&#39; in &#39;wisol&#39;, which is of non-class type &#39;int&#39;
      uint16_t bateria = wisol.VOLT();         //int=16bits=2bytes
                               ^~~~
/home/ec2-user/arduino-testlib/cli-datadir/user/libraries/Tinyfox/examples/Seguimiento_de_activos/Seguimiento_de_activos.ino:68:27: error: request for member &#39;SEND&#39; in &#39;wisol&#39;, which is of non-class type &#39;int&#39;
      Serial.println(wisol.SEND(buff)); //Envio de datos Sigfox
                           ^~~~
/home/ec2-user/arduino-testlib/cli-datadir/user/libraries/Tinyfox/examples/Seguimiento_de_activos/Seguimiento_de_activos.ino:71:12: error: request for member &#39;SLEEP&#39; in &#39;wisol&#39;, which is of non-class type &#39;int&#39;
      wisol.SLEEP();
            ^~~~~

</pre>
					
					<h4>examples/Simple_uplink_ufox</h4>
					<p>
						Result: <b>FAIL</b>
					</p>
					<pre class="pre-scrollable">/home/ec2-user/arduino-testlib/cli-datadir/user/libraries/Tinyfox/examples/Simple_uplink_ufox/Simple_uplink_ufox.ino:29:1: error: &#39;Ufox&#39; does not name a type
 Ufox&lt;SoftwareSerial,HardwareSerial&gt; wisol(&amp;mySerial,&amp;Serial,4,false);//esp8266
 ^~~~
/home/ec2-user/arduino-testlib/cli-datadir/user/libraries/Tinyfox/examples/Simple_uplink_ufox/Simple_uplink_ufox.ino: In function &#39;void setup()&#39;:
/home/ec2-user/arduino-testlib/cli-datadir/user/libraries/Tinyfox/examples/Simple_uplink_ufox/Simple_uplink_ufox.ino:45:3: error: &#39;wisol&#39; was not declared in this scope
   wisol.begin(9600);
   ^~~~~
/home/ec2-user/arduino-testlib/cli-datadir/user/libraries/Tinyfox/examples/Simple_uplink_ufox/Simple_uplink_ufox.ino: In function &#39;void loop()&#39;:
/home/ec2-user/arduino-testlib/cli-datadir/user/libraries/Tinyfox/examples/Simple_uplink_ufox/Simple_uplink_ufox.ino:57:5: error: &#39;wisol&#39; was not declared in this scope
     wisol.RST();
     ^~~~~
Multiple libraries were found for &#34;SoftwareSerial.h&#34;
  Used: /home/ec2-user/arduino-testlib/cli-datadir/data/packages/arduino/hardware/avr/1.8.4/libraries/SoftwareSerial
  Not used: /home/ec2-user/arduino-testlib/cli-datadir/user/libraries/Dabble
  Not used: /home/ec2-user/arduino-testlib/cli-datadir/user/libraries/Printoo_Library
  Not used: /home/ec2-user/arduino-testlib/cli-datadir/user/libraries/EspSoftwareSerial
</pre>
					
					<h4>examples/Tiny_advance_debuging</h4>
					<p>
						Result: <b>FAIL</b>
					</p>
					<pre class="pre-scrollable">/home/ec2-user/arduino-testlib/cli-datadir/user/libraries/Tinyfox/examples/Tiny_advance_debuging/Tiny_advance_debuging.ino:21:21: error: &#39;Serial_&#39; was not declared in this scope
 Tiny&lt;HardwareSerial,Serial_&gt; wisol(&amp;Serial,&amp;SerialUSB,3,true);
                     ^~~~~~~
/home/ec2-user/arduino-testlib/cli-datadir/user/libraries/Tinyfox/examples/Tiny_advance_debuging/Tiny_advance_debuging.ino:21:21: note: suggested alternative: &#39;Serial&#39;
 Tiny&lt;HardwareSerial,Serial_&gt; wisol(&amp;Serial,&amp;SerialUSB,3,true);
                     ^~~~~~~
                     Serial
/home/ec2-user/arduino-testlib/cli-datadir/user/libraries/Tinyfox/examples/Tiny_advance_debuging/Tiny_advance_debuging.ino:21:28: error: template argument 2 is invalid
 Tiny&lt;HardwareSerial,Serial_&gt; wisol(&amp;Serial,&amp;SerialUSB,3,true);
                            ^
/home/ec2-user/arduino-testlib/cli-datadir/user/libraries/Tinyfox/examples/Tiny_advance_debuging/Tiny_advance_debuging.ino:21:45: error: &#39;SerialUSB&#39; was not declared in this scope
 Tiny&lt;HardwareSerial,Serial_&gt; wisol(&amp;Serial,&amp;SerialUSB,3,true);
                                             ^~~~~~~~~
/home/ec2-user/arduino-testlib/cli-datadir/user/libraries/Tinyfox/examples/Tiny_advance_debuging/Tiny_advance_debuging.ino:21:45: note: suggested alternative: &#39;Serial&#39;
 Tiny&lt;HardwareSerial,Serial_&gt; wisol(&amp;Serial,&amp;SerialUSB,3,true);
                                             ^~~~~~~~~
                                             Serial
/home/ec2-user/arduino-testlib/cli-datadir/user/libraries/Tinyfox/examples/Tiny_advance_debuging/Tiny_advance_debuging.ino: In function &#39;void setup()&#39;:
/home/ec2-user/arduino-testlib/cli-datadir/user/libraries/Tinyfox/examples/Tiny_advance_debuging/Tiny_advance_debuging.ino:30:3: error: &#39;SerialUSB&#39; was not declared in this scope
   SerialUSB.begin(115200);
   ^~~~~~~~~
/home/ec2-user/arduino-testlib/cli-datadir/user/libraries/Tinyfox/examples/Tiny_advance_debuging/Tiny_advance_debuging.ino:30:3: note: suggested alternative: &#39;Serial&#39;
   SerialUSB.begin(115200);
   ^~~~~~~~~
   Serial
/home/ec2-user/arduino-testlib/cli-datadir/user/libraries/Tinyfox/examples/Tiny_advance_debuging/Tiny_advance_debuging.ino:34:9: error: request for member &#39;begin&#39; in &#39;wisol&#39;, which is of non-class type &#39;int&#39;
   wisol.begin(9600);
         ^~~~~
/home/ec2-user/arduino-testlib/cli-datadir/user/libraries/Tinyfox/examples/Tiny_advance_debuging/Tiny_advance_debuging.ino: In function &#39;void loop()&#39;:
/home/ec2-user/arduino-testlib/cli-datadir/user/libraries/Tinyfox/examples/Tiny_advance_debuging/Tiny_advance_debuging.ino:46:5: error: &#39;SerialUSB&#39; was not declared in this scope
     SerialUSB.println(&#34;Tx&#34;);
     ^~~~~~~~~
/home/ec2-user/arduino-testlib/cli-datadir/user/libraries/Tinyfox/examples/Tiny_advance_debuging/Tiny_advance_debuging.ino:46:5: note: suggested alternative: &#39;Serial&#39;
     SerialUSB.println(&#34;Tx&#34;);
     ^~~~~~~~~
     Serial
/home/ec2-user/arduino-testlib/cli-datadir/user/libraries/Tinyfox/examples/Tiny_advance_debuging/Tiny_advance_debuging.ino:47:11: error: request for member &#39;RST&#39; in &#39;wisol&#39;, which is of non-class type &#39;int&#39;
     wisol.RST();
           ^~~
/home/ec2-user/arduino-testlib/cli-datadir/user/libraries/Tinyfox/examples/Tiny_advance_debuging/Tiny_advance_debuging.ino:59:35: error: request for member &#39;SEND_RCV&#39; in &#39;wisol&#39;, which is of non-class type &#39;int&#39;
     String valor_recibido = wisol.SEND_RCV( String(msg) ); //aproximandamente esperar 1 minuto
                                   ^~~~~~~~
/home/ec2-user/arduino-testlib/cli-datadir/user/libraries/Tinyfox/examples/Tiny_advance_debuging/Tiny_advance_debuging.ino:68:11: error: request for member &#39;SLEEP&#39; in &#39;wisol&#39;, which is of non-class type &#39;int&#39;
     wisol.SLEEP();
           ^~~~~

</pre>
					
					<h4>examples/Tiny_snprintf</h4>
					<p>
						Result: <b>FAIL</b>
					</p>
					<pre class="pre-scrollable">/home/ec2-user/arduino-testlib/cli-datadir/user/libraries/Tinyfox/examples/Tiny_snprintf/Tiny_snprintf.ino:8:21: error: &#39;Serial_&#39; was not declared in this scope
 Tiny&lt;HardwareSerial,Serial_&gt; wisol(&amp;Serial1,&amp;Serial,12,true);//leonardo
                     ^~~~~~~
/home/ec2-user/arduino-testlib/cli-datadir/user/libraries/Tinyfox/examples/Tiny_snprintf/Tiny_snprintf.ino:8:21: note: suggested alternative: &#39;Serial&#39;
 Tiny&lt;HardwareSerial,Serial_&gt; wisol(&amp;Serial1,&amp;Serial,12,true);//leonardo
                     ^~~~~~~
                     Serial
/home/ec2-user/arduino-testlib/cli-datadir/user/libraries/Tinyfox/examples/Tiny_snprintf/Tiny_snprintf.ino:8:28: error: template argument 2 is invalid
 Tiny&lt;HardwareSerial,Serial_&gt; wisol(&amp;Serial1,&amp;Serial,12,true);//leonardo
                            ^
/home/ec2-user/arduino-testlib/cli-datadir/user/libraries/Tinyfox/examples/Tiny_snprintf/Tiny_snprintf.ino:8:37: error: &#39;Serial1&#39; was not declared in this scope
 Tiny&lt;HardwareSerial,Serial_&gt; wisol(&amp;Serial1,&amp;Serial,12,true);//leonardo
                                     ^~~~~~~
/home/ec2-user/arduino-testlib/cli-datadir/user/libraries/Tinyfox/examples/Tiny_snprintf/Tiny_snprintf.ino:8:37: note: suggested alternative: &#39;Serial&#39;
 Tiny&lt;HardwareSerial,Serial_&gt; wisol(&amp;Serial1,&amp;Serial,12,true);//leonardo
                                     ^~~~~~~
                                     Serial
/home/ec2-user/arduino-testlib/cli-datadir/user/libraries/Tinyfox/examples/Tiny_snprintf/Tiny_snprintf.ino: In function &#39;void setup()&#39;:
/home/ec2-user/arduino-testlib/cli-datadir/user/libraries/Tinyfox/examples/Tiny_snprintf/Tiny_snprintf.ino:18:9: error: request for member &#39;begin&#39; in &#39;wisol&#39;, which is of non-class type &#39;int&#39;
   wisol.begin(9600);
         ^~~~~
/home/ec2-user/arduino-testlib/cli-datadir/user/libraries/Tinyfox/examples/Tiny_snprintf/Tiny_snprintf.ino: In function &#39;void loop()&#39;:
/home/ec2-user/arduino-testlib/cli-datadir/user/libraries/Tinyfox/examples/Tiny_snprintf/Tiny_snprintf.ino:31:11: error: request for member &#39;RST&#39; in &#39;wisol&#39;, which is of non-class type &#39;int&#39;
     wisol.RST();
           ^~~
/home/ec2-user/arduino-testlib/cli-datadir/user/libraries/Tinyfox/examples/Tiny_snprintf/Tiny_snprintf.ino:45:35: error: request for member &#39;SEND_RCV&#39; in &#39;wisol&#39;, which is of non-class type &#39;int&#39;
     String valor_recibido = wisol.SEND_RCV( String(msg) ); //aproximandamente esperar 1 minuto
                                   ^~~~~~~~
/home/ec2-user/arduino-testlib/cli-datadir/user/libraries/Tinyfox/examples/Tiny_snprintf/Tiny_snprintf.ino:54:11: error: request for member &#39;SLEEP&#39; in &#39;wisol&#39;, which is of non-class type &#39;int&#39;
     wisol.SLEEP();
           ^~~~~

</pre>
					
					<h4>examples/humedad_de_suelo</h4>
					<p>
						Result: <b>FAIL</b>
					</p>
					<pre class="pre-scrollable">/home/ec2-user/arduino-testlib/cli-datadir/user/libraries/Tinyfox/examples/humedad_de_suelo/humedad_de_suelo.ino:19:21: error: &#39;Serial_&#39; was not declared in this scope
 Tiny&lt;HardwareSerial,Serial_&gt; wisol(&amp;Serial1,&amp;Serial,12,true);//leonardo
                     ^~~~~~~
/home/ec2-user/arduino-testlib/cli-datadir/user/libraries/Tinyfox/examples/humedad_de_suelo/humedad_de_suelo.ino:19:21: note: suggested alternative: &#39;Serial&#39;
 Tiny&lt;HardwareSerial,Serial_&gt; wisol(&amp;Serial1,&amp;Serial,12,true);//leonardo
                     ^~~~~~~
                     Serial
/home/ec2-user/arduino-testlib/cli-datadir/user/libraries/Tinyfox/examples/humedad_de_suelo/humedad_de_suelo.ino:19:28: error: template argument 2 is invalid
 Tiny&lt;HardwareSerial,Serial_&gt; wisol(&amp;Serial1,&amp;Serial,12,true);//leonardo
                            ^
/home/ec2-user/arduino-testlib/cli-datadir/user/libraries/Tinyfox/examples/humedad_de_suelo/humedad_de_suelo.ino:19:37: error: &#39;Serial1&#39; was not declared in this scope
 Tiny&lt;HardwareSerial,Serial_&gt; wisol(&amp;Serial1,&amp;Serial,12,true);//leonardo
                                     ^~~~~~~
/home/ec2-user/arduino-testlib/cli-datadir/user/libraries/Tinyfox/examples/humedad_de_suelo/humedad_de_suelo.ino:19:37: note: suggested alternative: &#39;Serial&#39;
 Tiny&lt;HardwareSerial,Serial_&gt; wisol(&amp;Serial1,&amp;Serial,12,true);//leonardo
                                     ^~~~~~~
                                     Serial
/home/ec2-user/arduino-testlib/cli-datadir/user/libraries/Tinyfox/examples/humedad_de_suelo/humedad_de_suelo.ino: In function &#39;void setup()&#39;:
/home/ec2-user/arduino-testlib/cli-datadir/user/libraries/Tinyfox/examples/humedad_de_suelo/humedad_de_suelo.ino:27:8: error: request for member &#39;begin&#39; in &#39;wisol&#39;, which is of non-class type &#39;int&#39;
  wisol.begin(9600);
        ^~~~~
/home/ec2-user/arduino-testlib/cli-datadir/user/libraries/Tinyfox/examples/humedad_de_suelo/humedad_de_suelo.ino: In function &#39;void loop()&#39;:
/home/ec2-user/arduino-testlib/cli-datadir/user/libraries/Tinyfox/examples/humedad_de_suelo/humedad_de_suelo.ino:41:12: error: request for member &#39;RST&#39; in &#39;wisol&#39;, which is of non-class type &#39;int&#39;
      wisol.RST();
            ^~~
/home/ec2-user/arduino-testlib/cli-datadir/user/libraries/Tinyfox/examples/humedad_de_suelo/humedad_de_suelo.ino:53:36: error: request for member &#39;TEMP&#39; in &#39;wisol&#39;, which is of non-class type &#39;int&#39;
      int16_t temperatura_w = wisol.TEMP();     //int=16bits=2bytes
                                    ^~~~
/home/ec2-user/arduino-testlib/cli-datadir/user/libraries/Tinyfox/examples/humedad_de_suelo/humedad_de_suelo.ino:54:31: error: request for member &#39;VOLT&#39; in &#39;wisol&#39;, which is of non-class type &#39;int&#39;
      uint16_t bateria = wisol.VOLT();         //int=16bits=2bytes
                               ^~~~
/home/ec2-user/arduino-testlib/cli-datadir/user/libraries/Tinyfox/examples/humedad_de_suelo/humedad_de_suelo.ino:69:27: error: request for member &#39;SEND&#39; in &#39;wisol&#39;, which is of non-class type &#39;int&#39;
      Serial.println(wisol.SEND(buff)); //Envio de datos Sigfox
                           ^~~~
/home/ec2-user/arduino-testlib/cli-datadir/user/libraries/Tinyfox/examples/humedad_de_suelo/humedad_de_suelo.ino:72:12: error: request for member &#39;SLEEP&#39; in &#39;wisol&#39;, which is of non-class type &#39;int&#39;
      wisol.SLEEP();
            ^~~~~

</pre>
					
					<h4>examples/leonardoID_PAC</h4>
					<p>
						Result: <b>FAIL</b>
					</p>
					<pre class="pre-scrollable">/home/ec2-user/arduino-testlib/cli-datadir/user/libraries/Tinyfox/examples/leonardoID_PAC/leonardoID_PAC.ino:11:21: error: &#39;Serial_&#39; was not declared in this scope
 Tiny&lt;HardwareSerial,Serial_&gt; wisol(&amp;Serial1,&amp;Serial,12,true);//leonardo
                     ^~~~~~~
/home/ec2-user/arduino-testlib/cli-datadir/user/libraries/Tinyfox/examples/leonardoID_PAC/leonardoID_PAC.ino:11:21: note: suggested alternative: &#39;Serial&#39;
 Tiny&lt;HardwareSerial,Serial_&gt; wisol(&amp;Serial1,&amp;Serial,12,true);//leonardo
                     ^~~~~~~
                     Serial
/home/ec2-user/arduino-testlib/cli-datadir/user/libraries/Tinyfox/examples/leonardoID_PAC/leonardoID_PAC.ino:11:28: error: template argument 2 is invalid
 Tiny&lt;HardwareSerial,Serial_&gt; wisol(&amp;Serial1,&amp;Serial,12,true);//leonardo
                            ^
/home/ec2-user/arduino-testlib/cli-datadir/user/libraries/Tinyfox/examples/leonardoID_PAC/leonardoID_PAC.ino:11:37: error: &#39;Serial1&#39; was not declared in this scope
 Tiny&lt;HardwareSerial,Serial_&gt; wisol(&amp;Serial1,&amp;Serial,12,true);//leonardo
                                     ^~~~~~~
/home/ec2-user/arduino-testlib/cli-datadir/user/libraries/Tinyfox/examples/leonardoID_PAC/leonardoID_PAC.ino:11:37: note: suggested alternative: &#39;Serial&#39;
 Tiny&lt;HardwareSerial,Serial_&gt; wisol(&amp;Serial1,&amp;Serial,12,true);//leonardo
                                     ^~~~~~~
                                     Serial
/home/ec2-user/arduino-testlib/cli-datadir/user/libraries/Tinyfox/examples/leonardoID_PAC/leonardoID_PAC.ino: In function &#39;void setup()&#39;:
/home/ec2-user/arduino-testlib/cli-datadir/user/libraries/Tinyfox/examples/leonardoID_PAC/leonardoID_PAC.ino:15:9: error: request for member &#39;begin&#39; in &#39;wisol&#39;, which is of non-class type &#39;int&#39;
   wisol.begin(9600);
         ^~~~~
/home/ec2-user/arduino-testlib/cli-datadir/user/libraries/Tinyfox/examples/leonardoID_PAC/leonardoID_PAC.ino:22:24: error: request for member &#39;ID&#39; in &#39;wisol&#39;, which is of non-class type &#39;int&#39;
   Serial.println(wisol.ID());
                        ^~
/home/ec2-user/arduino-testlib/cli-datadir/user/libraries/Tinyfox/examples/leonardoID_PAC/leonardoID_PAC.ino:25:24: error: request for member &#39;PAC&#39; in &#39;wisol&#39;, which is of non-class type &#39;int&#39;
   Serial.println(wisol.PAC());
                        ^~~

</pre>
					
					<h4>examples/squeezing_data_into12bytes</h4>
					<p>
						Result: <b>FAIL</b>
					</p>
					<pre class="pre-scrollable">/home/ec2-user/arduino-testlib/cli-datadir/user/libraries/Ufox/Ufox.cpp: In member function &#39;void Ufox::begin(uint16_t)&#39;:
/home/ec2-user/arduino-testlib/cli-datadir/user/libraries/Ufox/Ufox.cpp:39:3: error: &#39;Serial1&#39; was not declared in this scope
   Serial1.begin(baud_ws );
   ^~~~~~~
/home/ec2-user/arduino-testlib/cli-datadir/user/libraries/Ufox/Ufox.cpp:39:3: note: suggested alternative: &#39;Serial&#39;
   Serial1.begin(baud_ws );
   ^~~~~~~
   Serial
/home/ec2-user/arduino-testlib/cli-datadir/user/libraries/Ufox/Ufox.cpp: In member function &#39;String Ufox::command(String)&#39;:
/home/ec2-user/arduino-testlib/cli-datadir/user/libraries/Ufox/Ufox.cpp:64:3: error: &#39;Serial1&#39; was not declared in this scope
   Serial1.println(cmd);
   ^~~~~~~
/home/ec2-user/arduino-testlib/cli-datadir/user/libraries/Ufox/Ufox.cpp:64:3: note: suggested alternative: &#39;Serial&#39;
   Serial1.println(cmd);
   ^~~~~~~
   Serial
/home/ec2-user/arduino-testlib/cli-datadir/user/libraries/Ufox/Ufox.cpp: In member function &#39;String Ufox::command2(String)&#39;:
/home/ec2-user/arduino-testlib/cli-datadir/user/libraries/Ufox/Ufox.cpp:123:3: error: &#39;Serial1&#39; was not declared in this scope
   Serial1.println(cmd);
   ^~~~~~~
/home/ec2-user/arduino-testlib/cli-datadir/user/libraries/Ufox/Ufox.cpp:123:3: note: suggested alternative: &#39;Serial&#39;
   Serial1.println(cmd);
   ^~~~~~~
   Serial

</pre>
					
					<h4>examples/temperatura_humedad</h4>
					<p>
						Result: <b>FAIL</b>
					</p>
					<pre class="pre-scrollable">/home/ec2-user/arduino-testlib/cli-datadir/user/libraries/Tinyfox/examples/temperatura_humedad/temperatura_humedad.ino:22:21: error: &#39;Serial_&#39; was not declared in this scope
 Tiny&lt;HardwareSerial,Serial_&gt; wisol(&amp;Serial1,&amp;Serial,12,true);//leonardo
                     ^~~~~~~
/home/ec2-user/arduino-testlib/cli-datadir/user/libraries/Tinyfox/examples/temperatura_humedad/temperatura_humedad.ino:22:21: note: suggested alternative: &#39;Serial&#39;
 Tiny&lt;HardwareSerial,Serial_&gt; wisol(&amp;Serial1,&amp;Serial,12,true);//leonardo
                     ^~~~~~~
                     Serial
/home/ec2-user/arduino-testlib/cli-datadir/user/libraries/Tinyfox/examples/temperatura_humedad/temperatura_humedad.ino:22:28: error: template argument 2 is invalid
 Tiny&lt;HardwareSerial,Serial_&gt; wisol(&amp;Serial1,&amp;Serial,12,true);//leonardo
                            ^
/home/ec2-user/arduino-testlib/cli-datadir/user/libraries/Tinyfox/examples/temperatura_humedad/temperatura_humedad.ino:22:37: error: &#39;Serial1&#39; was not declared in this scope
 Tiny&lt;HardwareSerial,Serial_&gt; wisol(&amp;Serial1,&amp;Serial,12,true);//leonardo
                                     ^~~~~~~
/home/ec2-user/arduino-testlib/cli-datadir/user/libraries/Tinyfox/examples/temperatura_humedad/temperatura_humedad.ino:22:37: note: suggested alternative: &#39;Serial&#39;
 Tiny&lt;HardwareSerial,Serial_&gt; wisol(&amp;Serial1,&amp;Serial,12,true);//leonardo
                                     ^~~~~~~
                                     Serial
/home/ec2-user/arduino-testlib/cli-datadir/user/libraries/Tinyfox/examples/temperatura_humedad/temperatura_humedad.ino: In function &#39;void setup()&#39;:
/home/ec2-user/arduino-testlib/cli-datadir/user/libraries/Tinyfox/examples/temperatura_humedad/temperatura_humedad.ino:35:8: error: request for member &#39;begin&#39; in &#39;wisol&#39;, which is of non-class type &#39;int&#39;
  wisol.begin(9600);
        ^~~~~
/home/ec2-user/arduino-testlib/cli-datadir/user/libraries/Tinyfox/examples/temperatura_humedad/temperatura_humedad.ino: In function &#39;void loop()&#39;:
/home/ec2-user/arduino-testlib/cli-datadir/user/libraries/Tinyfox/examples/temperatura_humedad/temperatura_humedad.ino:50:12: error: request for member &#39;RST&#39; in &#39;wisol&#39;, which is of non-class type &#39;int&#39;
      wisol.RST();
            ^~~
/home/ec2-user/arduino-testlib/cli-datadir/user/libraries/Tinyfox/examples/temperatura_humedad/temperatura_humedad.ino:55:36: error: request for member &#39;TEMP&#39; in &#39;wisol&#39;, which is of non-class type &#39;int&#39;
      int16_t temperatura_w = wisol.TEMP();     //int=16bits=2bytes
                                    ^~~~
/home/ec2-user/arduino-testlib/cli-datadir/user/libraries/Tinyfox/examples/temperatura_humedad/temperatura_humedad.ino:56:31: error: request for member &#39;VOLT&#39; in &#39;wisol&#39;, which is of non-class type &#39;int&#39;
      uint16_t bateria = wisol.VOLT();         //int=16bits=2bytes
                               ^~~~
/home/ec2-user/arduino-testlib/cli-datadir/user/libraries/Tinyfox/examples/temperatura_humedad/temperatura_humedad.ino:71:27: error: request for member &#39;SEND&#39; in &#39;wisol&#39;, which is of non-class type &#39;int&#39;
      Serial.println(wisol.SEND(buff)); //Envio de datos Sigfox
                           ^~~~
/home/ec2-user/arduino-testlib/cli-datadir/user/libraries/Tinyfox/examples/temperatura_humedad/temperatura_humedad.ino:74:12: error: request for member &#39;SLEEP&#39; in &#39;wisol&#39;, which is of non-class type &#39;int&#39;
      wisol.SLEEP();
            ^~~~~
Multiple libraries were found for &#34;DHT.h&#34;
  Used: /home/ec2-user/arduino-testlib/cli-datadir/user/libraries/DHT_sensor_library
  Not used: /home/ec2-user/arduino-testlib/cli-datadir/user/libraries/uKit_Explore
  Not used: /home/ec2-user/arduino-testlib/cli-datadir/user/libraries/Grove_Temperature_And_Humidity_Sensor
  Not used: /home/ec2-user/arduino-testlib/cli-datadir/user/libraries/NanoPlayBoard
Multiple libraries were found for &#34;Adafruit_Sensor.h&#34;
  Used: /home/ec2-user/arduino-testlib/cli-datadir/user/libraries/Adafruit_Unified_Sensor
  Not used: /home/ec2-user/arduino-testlib/cli-datadir/user/libraries/ClimaStick
  Not used: /home/ec2-user/arduino-testlib/cli-datadir/user/libraries/ArdUAV
</pre>
					
				
				<h3 id="arduino:mbed_nano:nanorp2040connect">arduino:mbed_nano:nanorp2040connect @ 2.7.2</h3>
				<h4>Inclusion</h4>
				<p>
					Result: <b>PASS</b>
					
				</p>
				<pre class="pre-scrollable">Sketch uses 78756 bytes (0%) of program storage space. Maximum is 16777216 bytes.
Global variables use 43444 bytes (16%) of dynamic memory, leaving 226892 bytes for local variables. Maximum is 270336 bytes.
</pre>

					
					<h4>examples/Archs</h4>
					<p>
						Result: <b>FAIL</b>
					</p>
					<pre class="pre-scrollable"></pre>
					
					<h4>examples/Envio_local</h4>
					<p>
						Result: <b>FAIL</b>
					</p>
					<pre class="pre-scrollable">/home/ec2-user/arduino-testlib/cli-datadir/user/libraries/Tinyfox/examples/Envio_local/Envio_local.ino:9:21: error: &#39;Serial_&#39; was not declared in this scope
 Tiny&lt;HardwareSerial,Serial_&gt; wisol(&amp;Serial1,&amp;Serial,12,true);//leonardo
                     ^~~~~~~
/home/ec2-user/arduino-testlib/cli-datadir/user/libraries/Tinyfox/examples/Envio_local/Envio_local.ino:9:21: note: suggested alternative: &#39;Serial&#39;
 Tiny&lt;HardwareSerial,Serial_&gt; wisol(&amp;Serial1,&amp;Serial,12,true);//leonardo
                     ^~~~~~~
                     Serial
/home/ec2-user/arduino-testlib/cli-datadir/user/libraries/Tinyfox/examples/Envio_local/Envio_local.ino:9:28: error: template argument 2 is invalid
 Tiny&lt;HardwareSerial,Serial_&gt; wisol(&amp;Serial1,&amp;Serial,12,true);//leonardo
                            ^
/home/ec2-user/arduino-testlib/cli-datadir/user/libraries/Tinyfox/examples/Envio_local/Envio_local.ino:9:60: error: expression list treated as compound expression in initializer [-fpermissive]
 Tiny&lt;HardwareSerial,Serial_&gt; wisol(&amp;Serial1,&amp;Serial,12,true);//leonardo
                                                            ^
/home/ec2-user/arduino-testlib/cli-datadir/user/libraries/Tinyfox/examples/Envio_local/Envio_local.ino: In function &#39;void setup()&#39;:
/home/ec2-user/arduino-testlib/cli-datadir/user/libraries/Tinyfox/examples/Envio_local/Envio_local.ino:16:9: error: request for member &#39;begin&#39; in &#39;wisol&#39;, which is of non-class type &#39;int&#39;
   wisol.begin(9600);
         ^~~~~
/home/ec2-user/arduino-testlib/cli-datadir/user/libraries/Tinyfox/examples/Envio_local/Envio_local.ino: In function &#39;void loop()&#39;:
/home/ec2-user/arduino-testlib/cli-datadir/user/libraries/Tinyfox/examples/Envio_local/Envio_local.ino:29:13: error: request for member &#39;RST&#39; in &#39;wisol&#39;, which is of non-class type &#39;int&#39;
       wisol.RST();
             ^~~
/home/ec2-user/arduino-testlib/cli-datadir/user/libraries/Tinyfox/examples/Envio_local/Envio_local.ino:31:23: error: request for member &#39;ID&#39; in &#39;wisol&#39;, which is of non-class type &#39;int&#39;
       String id=wisol.ID();
                       ^~
/home/ec2-user/arduino-testlib/cli-datadir/user/libraries/Tinyfox/examples/Envio_local/Envio_local.ino:33:28: error: request for member &#39;command&#39; in &#39;wisol&#39;, which is of non-class type &#39;int&#39;
       Serial.println(wisol.command(&#34;AT$SL=&#34;&#43;id));
                            ^~~~~~~
/home/ec2-user/arduino-testlib/cli-datadir/user/libraries/Tinyfox/examples/Envio_local/Envio_local.ino:36:13: error: request for member &#39;SLEEP&#39; in &#39;wisol&#39;, which is of non-class type &#39;int&#39;
       wisol.SLEEP();
             ^~~~~

</pre>
					
					<h4>examples/GPS_ublox_periodico</h4>
					<p>
						Result: <b>FAIL</b>
					</p>
					<pre class="pre-scrollable">/home/ec2-user/arduino-testlib/cli-datadir/user/libraries/Dabble/src/SoftwareSerial.cpp:45:10: fatal error: util/delay_basic.h: No such file or directory
 #include &lt;util/delay_basic.h&gt;
          ^~~~~~~~~~~~~~~~~~~~
compilation terminated.
Multiple libraries were found for &#34;SoftwareSerial.h&#34;
  Used: /home/ec2-user/arduino-testlib/cli-datadir/user/libraries/Dabble
  Not used: /home/ec2-user/arduino-testlib/cli-datadir/user/libraries/Printoo_Library
  Not used: /home/ec2-user/arduino-testlib/cli-datadir/user/libraries/EspSoftwareSerial
</pre>
					
					<h4>examples/Recepcion_local</h4>
					<p>
						Result: <b>FAIL</b>
					</p>
					<pre class="pre-scrollable">/home/ec2-user/arduino-testlib/cli-datadir/user/libraries/Tinyfox/examples/Recepcion_local/Recepcion_local.ino:12:21: error: &#39;Serial_&#39; was not declared in this scope
 Tiny&lt;HardwareSerial,Serial_&gt; wisol(&amp;Serial1,&amp;Serial,12,true);//leonardo
                     ^~~~~~~
/home/ec2-user/arduino-testlib/cli-datadir/user/libraries/Tinyfox/examples/Recepcion_local/Recepcion_local.ino:12:21: note: suggested alternative: &#39;Serial&#39;
 Tiny&lt;HardwareSerial,Serial_&gt; wisol(&amp;Serial1,&amp;Serial,12,true);//leonardo
                     ^~~~~~~
                     Serial
/home/ec2-user/arduino-testlib/cli-datadir/user/libraries/Tinyfox/examples/Recepcion_local/Recepcion_local.ino:12:28: error: template argument 2 is invalid
 Tiny&lt;HardwareSerial,Serial_&gt; wisol(&amp;Serial1,&amp;Serial,12,true);//leonardo
                            ^
/home/ec2-user/arduino-testlib/cli-datadir/user/libraries/Tinyfox/examples/Recepcion_local/Recepcion_local.ino:12:60: error: expression list treated as compound expression in initializer [-fpermissive]
 Tiny&lt;HardwareSerial,Serial_&gt; wisol(&amp;Serial1,&amp;Serial,12,true);//leonardo
                                                            ^
/home/ec2-user/arduino-testlib/cli-datadir/user/libraries/Tinyfox/examples/Recepcion_local/Recepcion_local.ino: In function &#39;void setup()&#39;:
/home/ec2-user/arduino-testlib/cli-datadir/user/libraries/Tinyfox/examples/Recepcion_local/Recepcion_local.ino:19:9: error: request for member &#39;begin&#39; in &#39;wisol&#39;, which is of non-class type &#39;int&#39;
   wisol.begin(9600);
         ^~~~~
/home/ec2-user/arduino-testlib/cli-datadir/user/libraries/Tinyfox/examples/Recepcion_local/Recepcion_local.ino: In function &#39;void loop()&#39;:
/home/ec2-user/arduino-testlib/cli-datadir/user/libraries/Tinyfox/examples/Recepcion_local/Recepcion_local.ino:28:23: error: request for member &#39;command&#39; in &#39;wisol&#39;, which is of non-class type &#39;int&#39;
    String rec = wisol.command(&#34;AT$RL&#34;);
                       ^~~~~~~

</pre>
					
					<h4>examples/Seguimiento_de_activos</h4>
					<p>
						Result: <b>FAIL</b>
					</p>
					<pre class="pre-scrollable">/home/ec2-user/arduino-testlib/cli-datadir/user/libraries/Tinyfox/examples/Seguimiento_de_activos/Seguimiento_de_activos.ino:29:21: error: &#39;Serial_&#39; was not declared in this scope
 Tiny&lt;HardwareSerial,Serial_&gt; wisol(&amp;Serial1,&amp;Serial,12,true);//leonardo
                     ^~~~~~~
/home/ec2-user/arduino-testlib/cli-datadir/user/libraries/Tinyfox/examples/Seguimiento_de_activos/Seguimiento_de_activos.ino:29:21: note: suggested alternative: &#39;Serial&#39;
 Tiny&lt;HardwareSerial,Serial_&gt; wisol(&amp;Serial1,&amp;Serial,12,true);//leonardo
                     ^~~~~~~
                     Serial
/home/ec2-user/arduino-testlib/cli-datadir/user/libraries/Tinyfox/examples/Seguimiento_de_activos/Seguimiento_de_activos.ino:29:28: error: template argument 2 is invalid
 Tiny&lt;HardwareSerial,Serial_&gt; wisol(&amp;Serial1,&amp;Serial,12,true);//leonardo
                            ^
/home/ec2-user/arduino-testlib/cli-datadir/user/libraries/Tinyfox/examples/Seguimiento_de_activos/Seguimiento_de_activos.ino:29:60: error: expression list treated as compound expression in initializer [-fpermissive]
 Tiny&lt;HardwareSerial,Serial_&gt; wisol(&amp;Serial1,&amp;Serial,12,true);//leonardo
                                                            ^
/home/ec2-user/arduino-testlib/cli-datadir/user/libraries/Tinyfox/examples/Seguimiento_de_activos/Seguimiento_de_activos.ino: In function &#39;void setup()&#39;:
/home/ec2-user/arduino-testlib/cli-datadir/user/libraries/Tinyfox/examples/Seguimiento_de_activos/Seguimiento_de_activos.ino:33:8: error: request for member &#39;begin&#39; in &#39;wisol&#39;, which is of non-class type &#39;int&#39;
  wisol.begin(9600);
        ^~~~~
/home/ec2-user/arduino-testlib/cli-datadir/user/libraries/Tinyfox/examples/Seguimiento_de_activos/Seguimiento_de_activos.ino: In function &#39;void loop()&#39;:
/home/ec2-user/arduino-testlib/cli-datadir/user/libraries/Tinyfox/examples/Seguimiento_de_activos/Seguimiento_de_activos.ino:47:12: error: request for member &#39;RST&#39; in &#39;wisol&#39;, which is of non-class type &#39;int&#39;
      wisol.RST();
            ^~~
/home/ec2-user/arduino-testlib/cli-datadir/user/libraries/Tinyfox/examples/Seguimiento_de_activos/Seguimiento_de_activos.ino:52:34: error: request for member &#39;TEMP&#39; in &#39;wisol&#39;, which is of non-class type &#39;int&#39;
      int16_t temperatura = wisol.TEMP();     //int=16bits=2bytes
                                  ^~~~
/home/ec2-user/arduino-testlib/cli-datadir/user/libraries/Tinyfox/examples/Seguimiento_de_activos/Seguimiento_de_activos.ino:53:31: error: request for member &#39;VOLT&#39; in &#39;wisol&#39;, which is of non-class type &#39;int&#39;
      uint16_t bateria = wisol.VOLT();         //int=16bits=2bytes
                               ^~~~
/home/ec2-user/arduino-testlib/cli-datadir/user/libraries/Tinyfox/examples/Seguimiento_de_activos/Seguimiento_de_activos.ino:68:27: error: request for member &#39;SEND&#39; in &#39;wisol&#39;, which is of non-class type &#39;int&#39;
      Serial.println(wisol.SEND(buff)); //Envio de datos Sigfox
                           ^~~~
/home/ec2-user/arduino-testlib/cli-datadir/user/libraries/Tinyfox/examples/Seguimiento_de_activos/Seguimiento_de_activos.ino:71:12: error: request for member &#39;SLEEP&#39; in &#39;wisol&#39;, which is of non-class type &#39;int&#39;
      wisol.SLEEP();
            ^~~~~

</pre>
					
					<h4>examples/Simple_uplink_ufox</h4>
					<p>
						Result: <b>FAIL</b>
					</p>
					<pre class="pre-scrollable">/home/ec2-user/arduino-testlib/cli-datadir/user/libraries/Dabble/src/SoftwareSerial.cpp:45:10: fatal error: util/delay_basic.h: No such file or directory
 #include &lt;util/delay_basic.h&gt;
          ^~~~~~~~~~~~~~~~~~~~
compilation terminated.
Multiple libraries were found for &#34;SoftwareSerial.h&#34;
  Used: /home/ec2-user/arduino-testlib/cli-datadir/user/libraries/Dabble
  Not used: /home/ec2-user/arduino-testlib/cli-datadir/user/libraries/EspSoftwareSerial
  Not used: /home/ec2-user/arduino-testlib/cli-datadir/user/libraries/Printoo_Library
</pre>
					
					<h4>examples/Tiny_advance_debuging</h4>
					<p>
						Result: <b>FAIL</b>
					</p>
					<pre class="pre-scrollable">/home/ec2-user/arduino-testlib/cli-datadir/user/libraries/Tinyfox/examples/Tiny_advance_debuging/Tiny_advance_debuging.ino:21:21: error: &#39;Serial_&#39; was not declared in this scope
 Tiny&lt;HardwareSerial,Serial_&gt; wisol(&amp;Serial,&amp;SerialUSB,3,true);
                     ^~~~~~~
/home/ec2-user/arduino-testlib/cli-datadir/user/libraries/Tinyfox/examples/Tiny_advance_debuging/Tiny_advance_debuging.ino:21:21: note: suggested alternative: &#39;Serial&#39;
 Tiny&lt;HardwareSerial,Serial_&gt; wisol(&amp;Serial,&amp;SerialUSB,3,true);
                     ^~~~~~~
                     Serial
/home/ec2-user/arduino-testlib/cli-datadir/user/libraries/Tinyfox/examples/Tiny_advance_debuging/Tiny_advance_debuging.ino:21:28: error: template argument 2 is invalid
 Tiny&lt;HardwareSerial,Serial_&gt; wisol(&amp;Serial,&amp;SerialUSB,3,true);
                            ^
/home/ec2-user/arduino-testlib/cli-datadir/user/libraries/Tinyfox/examples/Tiny_advance_debuging/Tiny_advance_debuging.ino:21:61: error: expression list treated as compound expression in initializer [-fpermissive]
 Tiny&lt;HardwareSerial,Serial_&gt; wisol(&amp;Serial,&amp;SerialUSB,3,true);
                                                             ^
/home/ec2-user/arduino-testlib/cli-datadir/user/libraries/Tinyfox/examples/Tiny_advance_debuging/Tiny_advance_debuging.ino: In function &#39;void setup()&#39;:
/home/ec2-user/arduino-testlib/cli-datadir/user/libraries/Tinyfox/examples/Tiny_advance_debuging/Tiny_advance_debuging.ino:34:9: error: request for member &#39;begin&#39; in &#39;wisol&#39;, which is of non-class type &#39;int&#39;
   wisol.begin(9600);
         ^~~~~
/home/ec2-user/arduino-testlib/cli-datadir/user/libraries/Tinyfox/examples/Tiny_advance_debuging/Tiny_advance_debuging.ino: In function &#39;void loop()&#39;:
/home/ec2-user/arduino-testlib/cli-datadir/user/libraries/Tinyfox/examples/Tiny_advance_debuging/Tiny_advance_debuging.ino:47:11: error: request for member &#39;RST&#39; in &#39;wisol&#39;, which is of non-class type &#39;int&#39;
     wisol.RST();
           ^~~
/home/ec2-user/arduino-testlib/cli-datadir/user/libraries/Tinyfox/examples/Tiny_advance_debuging/Tiny_advance_debuging.ino:59:35: error: request for member &#39;SEND_RCV&#39; in &#39;wisol&#39;, which is of non-class type &#39;int&#39;
     String valor_recibido = wisol.SEND_RCV( String(msg) ); //aproximandamente esperar 1 minuto
                                   ^~~~~~~~
/home/ec2-user/arduino-testlib/cli-datadir/user/libraries/Tinyfox/examples/Tiny_advance_debuging/Tiny_advance_debuging.ino:61:57: error: expression list treated as compound expression in functional cast [-fpermissive]
     uint8_t  a = int( valor_recibido.substring(0,2), HEX);//primeros 2 digitos hex. fisrt 2 hex digitis
                                                         ^
/home/ec2-user/arduino-testlib/cli-datadir/user/libraries/Tinyfox/examples/Tiny_advance_debuging/Tiny_advance_debuging.ino:62:57: error: expression list treated as compound expression in functional cast [-fpermissive]
     uint16_t b = int( valor_recibido.substring(2,6), HEX);//siguientes 4 digitos hex. next 4 hex digitis
                                                         ^
/home/ec2-user/arduino-testlib/cli-datadir/user/libraries/Tinyfox/examples/Tiny_advance_debuging/Tiny_advance_debuging.ino:68:11: error: request for member &#39;SLEEP&#39; in &#39;wisol&#39;, which is of non-class type &#39;int&#39;
     wisol.SLEEP();
           ^~~~~

</pre>
					
					<h4>examples/Tiny_snprintf</h4>
					<p>
						Result: <b>FAIL</b>
					</p>
					<pre class="pre-scrollable">/home/ec2-user/arduino-testlib/cli-datadir/user/libraries/Tinyfox/examples/Tiny_snprintf/Tiny_snprintf.ino:8:21: error: &#39;Serial_&#39; was not declared in this scope
 Tiny&lt;HardwareSerial,Serial_&gt; wisol(&amp;Serial1,&amp;Serial,12,true);//leonardo
                     ^~~~~~~
/home/ec2-user/arduino-testlib/cli-datadir/user/libraries/Tinyfox/examples/Tiny_snprintf/Tiny_snprintf.ino:8:21: note: suggested alternative: &#39;Serial&#39;
 Tiny&lt;HardwareSerial,Serial_&gt; wisol(&amp;Serial1,&amp;Serial,12,true);//leonardo
                     ^~~~~~~
                     Serial
/home/ec2-user/arduino-testlib/cli-datadir/user/libraries/Tinyfox/examples/Tiny_snprintf/Tiny_snprintf.ino:8:28: error: template argument 2 is invalid
 Tiny&lt;HardwareSerial,Serial_&gt; wisol(&amp;Serial1,&amp;Serial,12,true);//leonardo
                            ^
/home/ec2-user/arduino-testlib/cli-datadir/user/libraries/Tinyfox/examples/Tiny_snprintf/Tiny_snprintf.ino:8:60: error: expression list treated as compound expression in initializer [-fpermissive]
 Tiny&lt;HardwareSerial,Serial_&gt; wisol(&amp;Serial1,&amp;Serial,12,true);//leonardo
                                                            ^
/home/ec2-user/arduino-testlib/cli-datadir/user/libraries/Tinyfox/examples/Tiny_snprintf/Tiny_snprintf.ino: In function &#39;void setup()&#39;:
/home/ec2-user/arduino-testlib/cli-datadir/user/libraries/Tinyfox/examples/Tiny_snprintf/Tiny_snprintf.ino:18:9: error: request for member &#39;begin&#39; in &#39;wisol&#39;, which is of non-class type &#39;int&#39;
   wisol.begin(9600);
         ^~~~~
/home/ec2-user/arduino-testlib/cli-datadir/user/libraries/Tinyfox/examples/Tiny_snprintf/Tiny_snprintf.ino: In function &#39;void loop()&#39;:
/home/ec2-user/arduino-testlib/cli-datadir/user/libraries/Tinyfox/examples/Tiny_snprintf/Tiny_snprintf.ino:31:11: error: request for member &#39;RST&#39; in &#39;wisol&#39;, which is of non-class type &#39;int&#39;
     wisol.RST();
           ^~~
/home/ec2-user/arduino-testlib/cli-datadir/user/libraries/Tinyfox/examples/Tiny_snprintf/Tiny_snprintf.ino:45:35: error: request for member &#39;SEND_RCV&#39; in &#39;wisol&#39;, which is of non-class type &#39;int&#39;
     String valor_recibido = wisol.SEND_RCV( String(msg) ); //aproximandamente esperar 1 minuto
                                   ^~~~~~~~
/home/ec2-user/arduino-testlib/cli-datadir/user/libraries/Tinyfox/examples/Tiny_snprintf/Tiny_snprintf.ino:47:57: error: expression list treated as compound expression in functional cast [-fpermissive]
     uint8_t  a = int( valor_recibido.substring(0,2), HEX);//primeros 2 digitos hex. fisrt 2 hex digitis
                                                         ^
/home/ec2-user/arduino-testlib/cli-datadir/user/libraries/Tinyfox/examples/Tiny_snprintf/Tiny_snprintf.ino:48:57: error: expression list treated as compound expression in functional cast [-fpermissive]
     uint16_t b = int( valor_recibido.substring(2,6), HEX);//siguientes 4 digitos hex. next 4 hex digitis
                                                         ^
/home/ec2-user/arduino-testlib/cli-datadir/user/libraries/Tinyfox/examples/Tiny_snprintf/Tiny_snprintf.ino:54:11: error: request for member &#39;SLEEP&#39; in &#39;wisol&#39;, which is of non-class type &#39;int&#39;
     wisol.SLEEP();
           ^~~~~

</pre>
					
					<h4>examples/humedad_de_suelo</h4>
					<p>
						Result: <b>FAIL</b>
					</p>
					<pre class="pre-scrollable">/home/ec2-user/arduino-testlib/cli-datadir/user/libraries/Tinyfox/examples/humedad_de_suelo/humedad_de_suelo.ino:19:21: error: &#39;Serial_&#39; was not declared in this scope
 Tiny&lt;HardwareSerial,Serial_&gt; wisol(&amp;Serial1,&amp;Serial,12,true);//leonardo
                     ^~~~~~~
/home/ec2-user/arduino-testlib/cli-datadir/user/libraries/Tinyfox/examples/humedad_de_suelo/humedad_de_suelo.ino:19:21: note: suggested alternative: &#39;Serial&#39;
 Tiny&lt;HardwareSerial,Serial_&gt; wisol(&amp;Serial1,&amp;Serial,12,true);//leonardo
                     ^~~~~~~
                     Serial
/home/ec2-user/arduino-testlib/cli-datadir/user/libraries/Tinyfox/examples/humedad_de_suelo/humedad_de_suelo.ino:19:28: error: template argument 2 is invalid
 Tiny&lt;HardwareSerial,Serial_&gt; wisol(&amp;Serial1,&amp;Serial,12,true);//leonardo
                            ^
/home/ec2-user/arduino-testlib/cli-datadir/user/libraries/Tinyfox/examples/humedad_de_suelo/humedad_de_suelo.ino:19:60: error: expression list treated as compound expression in initializer [-fpermissive]
 Tiny&lt;HardwareSerial,Serial_&gt; wisol(&amp;Serial1,&amp;Serial,12,true);//leonardo
                                                            ^
/home/ec2-user/arduino-testlib/cli-datadir/user/libraries/Tinyfox/examples/humedad_de_suelo/humedad_de_suelo.ino: In function &#39;void setup()&#39;:
/home/ec2-user/arduino-testlib/cli-datadir/user/libraries/Tinyfox/examples/humedad_de_suelo/humedad_de_suelo.ino:27:8: error: request for member &#39;begin&#39; in &#39;wisol&#39;, which is of non-class type &#39;int&#39;
  wisol.begin(9600);
        ^~~~~
/home/ec2-user/arduino-testlib/cli-datadir/user/libraries/Tinyfox/examples/humedad_de_suelo/humedad_de_suelo.ino: In function &#39;void loop()&#39;:
/home/ec2-user/arduino-testlib/cli-datadir/user/libraries/Tinyfox/examples/humedad_de_suelo/humedad_de_suelo.ino:41:12: error: request for member &#39;RST&#39; in &#39;wisol&#39;, which is of non-class type &#39;int&#39;
      wisol.RST();
            ^~~
/home/ec2-user/arduino-testlib/cli-datadir/user/libraries/Tinyfox/examples/humedad_de_suelo/humedad_de_suelo.ino:53:36: error: request for member &#39;TEMP&#39; in &#39;wisol&#39;, which is of non-class type &#39;int&#39;
      int16_t temperatura_w = wisol.TEMP();     //int=16bits=2bytes
                                    ^~~~
/home/ec2-user/arduino-testlib/cli-datadir/user/libraries/Tinyfox/examples/humedad_de_suelo/humedad_de_suelo.ino:54:31: error: request for member &#39;VOLT&#39; in &#39;wisol&#39;, which is of non-class type &#39;int&#39;
      uint16_t bateria = wisol.VOLT();         //int=16bits=2bytes
                               ^~~~
/home/ec2-user/arduino-testlib/cli-datadir/user/libraries/Tinyfox/examples/humedad_de_suelo/humedad_de_suelo.ino:69:27: error: request for member &#39;SEND&#39; in &#39;wisol&#39;, which is of non-class type &#39;int&#39;
      Serial.println(wisol.SEND(buff)); //Envio de datos Sigfox
                           ^~~~
/home/ec2-user/arduino-testlib/cli-datadir/user/libraries/Tinyfox/examples/humedad_de_suelo/humedad_de_suelo.ino:72:12: error: request for member &#39;SLEEP&#39; in &#39;wisol&#39;, which is of non-class type &#39;int&#39;
      wisol.SLEEP();
            ^~~~~

</pre>
					
					<h4>examples/leonardoID_PAC</h4>
					<p>
						Result: <b>FAIL</b>
					</p>
					<pre class="pre-scrollable">/home/ec2-user/arduino-testlib/cli-datadir/user/libraries/Tinyfox/examples/leonardoID_PAC/leonardoID_PAC.ino:11:21: error: &#39;Serial_&#39; was not declared in this scope
 Tiny&lt;HardwareSerial,Serial_&gt; wisol(&amp;Serial1,&amp;Serial,12,true);//leonardo
                     ^~~~~~~
/home/ec2-user/arduino-testlib/cli-datadir/user/libraries/Tinyfox/examples/leonardoID_PAC/leonardoID_PAC.ino:11:21: note: suggested alternative: &#39;Serial&#39;
 Tiny&lt;HardwareSerial,Serial_&gt; wisol(&amp;Serial1,&amp;Serial,12,true);//leonardo
                     ^~~~~~~
                     Serial
/home/ec2-user/arduino-testlib/cli-datadir/user/libraries/Tinyfox/examples/leonardoID_PAC/leonardoID_PAC.ino:11:28: error: template argument 2 is invalid
 Tiny&lt;HardwareSerial,Serial_&gt; wisol(&amp;Serial1,&amp;Serial,12,true);//leonardo
                            ^
/home/ec2-user/arduino-testlib/cli-datadir/user/libraries/Tinyfox/examples/leonardoID_PAC/leonardoID_PAC.ino:11:60: error: expression list treated as compound expression in initializer [-fpermissive]
 Tiny&lt;HardwareSerial,Serial_&gt; wisol(&amp;Serial1,&amp;Serial,12,true);//leonardo
                                                            ^
/home/ec2-user/arduino-testlib/cli-datadir/user/libraries/Tinyfox/examples/leonardoID_PAC/leonardoID_PAC.ino: In function &#39;void setup()&#39;:
/home/ec2-user/arduino-testlib/cli-datadir/user/libraries/Tinyfox/examples/leonardoID_PAC/leonardoID_PAC.ino:15:9: error: request for member &#39;begin&#39; in &#39;wisol&#39;, which is of non-class type &#39;int&#39;
   wisol.begin(9600);
         ^~~~~
/home/ec2-user/arduino-testlib/cli-datadir/user/libraries/Tinyfox/examples/leonardoID_PAC/leonardoID_PAC.ino:22:24: error: request for member &#39;ID&#39; in &#39;wisol&#39;, which is of non-class type &#39;int&#39;
   Serial.println(wisol.ID());
                        ^~
/home/ec2-user/arduino-testlib/cli-datadir/user/libraries/Tinyfox/examples/leonardoID_PAC/leonardoID_PAC.ino:25:24: error: request for member &#39;PAC&#39; in &#39;wisol&#39;, which is of non-class type &#39;int&#39;
   Serial.println(wisol.PAC());
                        ^~~

</pre>
					
					<h4>examples/squeezing_data_into12bytes</h4>
					<p>
						Result: <b>PASS</b>
					</p>
					<pre class="pre-scrollable">WARNING: library Ufox claims to run on avr architecture(s) and may be incompatible with your current board which runs on mbed_nano architecture(s).
Sketch uses 81116 bytes (0%) of program storage space. Maximum is 16777216 bytes.
Global variables use 43584 bytes (16%) of dynamic memory, leaving 226752 bytes for local variables. Maximum is 270336 bytes.
</pre>
					
					<h4>examples/temperatura_humedad</h4>
					<p>
						Result: <b>FAIL</b>
					</p>
					<pre class="pre-scrollable">/home/ec2-user/arduino-testlib/cli-datadir/user/libraries/Tinyfox/examples/temperatura_humedad/temperatura_humedad.ino:22:21: error: &#39;Serial_&#39; was not declared in this scope
 Tiny&lt;HardwareSerial,Serial_&gt; wisol(&amp;Serial1,&amp;Serial,12,true);//leonardo
                     ^~~~~~~
/home/ec2-user/arduino-testlib/cli-datadir/user/libraries/Tinyfox/examples/temperatura_humedad/temperatura_humedad.ino:22:21: note: suggested alternative: &#39;Serial&#39;
 Tiny&lt;HardwareSerial,Serial_&gt; wisol(&amp;Serial1,&amp;Serial,12,true);//leonardo
                     ^~~~~~~
                     Serial
/home/ec2-user/arduino-testlib/cli-datadir/user/libraries/Tinyfox/examples/temperatura_humedad/temperatura_humedad.ino:22:28: error: template argument 2 is invalid
 Tiny&lt;HardwareSerial,Serial_&gt; wisol(&amp;Serial1,&amp;Serial,12,true);//leonardo
                            ^
/home/ec2-user/arduino-testlib/cli-datadir/user/libraries/Tinyfox/examples/temperatura_humedad/temperatura_humedad.ino:22:60: error: expression list treated as compound expression in initializer [-fpermissive]
 Tiny&lt;HardwareSerial,Serial_&gt; wisol(&amp;Serial1,&amp;Serial,12,true);//leonardo
                                                            ^
/home/ec2-user/arduino-testlib/cli-datadir/user/libraries/Tinyfox/examples/temperatura_humedad/temperatura_humedad.ino: In function &#39;void setup()&#39;:
/home/ec2-user/arduino-testlib/cli-datadir/user/libraries/Tinyfox/examples/temperatura_humedad/temperatura_humedad.ino:35:8: error: request for member &#39;begin&#39; in &#39;wisol&#39;, which is of non-class type &#39;int&#39;
  wisol.begin(9600);
        ^~~~~
/home/ec2-user/arduino-testlib/cli-datadir/user/libraries/Tinyfox/examples/temperatura_humedad/temperatura_humedad.ino: In function &#39;void loop()&#39;:
/home/ec2-user/arduino-testlib/cli-datadir/user/libraries/Tinyfox/examples/temperatura_humedad/temperatura_humedad.ino:50:12: error: request for member &#39;RST&#39; in &#39;wisol&#39;, which is of non-class type &#39;int&#39;
      wisol.RST();
            ^~~
/home/ec2-user/arduino-testlib/cli-datadir/user/libraries/Tinyfox/examples/temperatura_humedad/temperatura_humedad.ino:55:36: error: request for member &#39;TEMP&#39; in &#39;wisol&#39;, which is of non-class type &#39;int&#39;
      int16_t temperatura_w = wisol.TEMP();     //int=16bits=2bytes
                                    ^~~~
/home/ec2-user/arduino-testlib/cli-datadir/user/libraries/Tinyfox/examples/temperatura_humedad/temperatura_humedad.ino:56:31: error: request for member &#39;VOLT&#39; in &#39;wisol&#39;, which is of non-class type &#39;int&#39;
      uint16_t bateria = wisol.VOLT();         //int=16bits=2bytes
                               ^~~~
/home/ec2-user/arduino-testlib/cli-datadir/user/libraries/Tinyfox/examples/temperatura_humedad/temperatura_humedad.ino:71:27: error: request for member &#39;SEND&#39; in &#39;wisol&#39;, which is of non-class type &#39;int&#39;
      Serial.println(wisol.SEND(buff)); //Envio de datos Sigfox
                           ^~~~
/home/ec2-user/arduino-testlib/cli-datadir/user/libraries/Tinyfox/examples/temperatura_humedad/temperatura_humedad.ino:74:12: error: request for member &#39;SLEEP&#39; in &#39;wisol&#39;, which is of non-class type &#39;int&#39;
      wisol.SLEEP();
            ^~~~~
Multiple libraries were found for &#34;DHT.h&#34;
  Used: /home/ec2-user/arduino-testlib/cli-datadir/user/libraries/DHT_sensor_library
  Not used: /home/ec2-user/arduino-testlib/cli-datadir/user/libraries/uKit_Explore
  Not used: /home/ec2-user/arduino-testlib/cli-datadir/user/libraries/NanoPlayBoard
  Not used: /home/ec2-user/arduino-testlib/cli-datadir/user/libraries/Grove_Temperature_And_Humidity_Sensor
Multiple libraries were found for &#34;Adafruit_Sensor.h&#34;
  Used: /home/ec2-user/arduino-testlib/cli-datadir/user/libraries/Adafruit_Unified_Sensor
  Not used: /home/ec2-user/arduino-testlib/cli-datadir/user/libraries/ArdUAV
  Not used: /home/ec2-user/arduino-testlib/cli-datadir/user/libraries/ClimaStick
</pre>
					
				
				<h3 id="arduino:megaavr:nona4809">arduino:megaavr:nona4809 @ 1.8.7</h3>
				<h4>Inclusion</h4>
				<p>
					Result: <b>PASS</b>
					
				</p>
				<pre class="pre-scrollable">Sketch uses 802 bytes (1%) of program storage space. Maximum is 49152 bytes.
Global variables use 22 bytes (0%) of dynamic memory, leaving 6122 bytes for local variables. Maximum is 6144 bytes.
</pre>

					
					<h4>examples/Archs</h4>
					<p>
						Result: <b>FAIL</b>
					</p>
					<pre class="pre-scrollable"></pre>
					
					<h4>examples/Envio_local</h4>
					<p>
						Result: <b>FAIL</b>
					</p>
					<pre class="pre-scrollable">/home/ec2-user/arduino-testlib/cli-datadir/user/libraries/Tinyfox/examples/Envio_local/Envio_local.ino:9:21: error: &#39;Serial_&#39; was not declared in this scope
 Tiny&lt;HardwareSerial,Serial_&gt; wisol(&amp;Serial1,&amp;Serial,12,true);//leonardo
                     ^~~~~~~
/home/ec2-user/arduino-testlib/cli-datadir/user/libraries/Tinyfox/examples/Envio_local/Envio_local.ino:9:21: note: suggested alternative: &#39;Serial1&#39;
 Tiny&lt;HardwareSerial,Serial_&gt; wisol(&amp;Serial1,&amp;Serial,12,true);//leonardo
                     ^~~~~~~
                     Serial1
/home/ec2-user/arduino-testlib/cli-datadir/user/libraries/Tinyfox/examples/Envio_local/Envio_local.ino:9:28: error: template argument 2 is invalid
 Tiny&lt;HardwareSerial,Serial_&gt; wisol(&amp;Serial1,&amp;Serial,12,true);//leonardo
                            ^
/home/ec2-user/arduino-testlib/cli-datadir/user/libraries/Tinyfox/examples/Envio_local/Envio_local.ino: In function &#39;void setup()&#39;:
/home/ec2-user/arduino-testlib/cli-datadir/user/libraries/Tinyfox/examples/Envio_local/Envio_local.ino:16:9: error: request for member &#39;begin&#39; in &#39;wisol&#39;, which is of non-class type &#39;int&#39;
   wisol.begin(9600);
         ^~~~~
/home/ec2-user/arduino-testlib/cli-datadir/user/libraries/Tinyfox/examples/Envio_local/Envio_local.ino: In function &#39;void loop()&#39;:
/home/ec2-user/arduino-testlib/cli-datadir/user/libraries/Tinyfox/examples/Envio_local/Envio_local.ino:29:13: error: request for member &#39;RST&#39; in &#39;wisol&#39;, which is of non-class type &#39;int&#39;
       wisol.RST();
             ^~~
/home/ec2-user/arduino-testlib/cli-datadir/user/libraries/Tinyfox/examples/Envio_local/Envio_local.ino:31:23: error: request for member &#39;ID&#39; in &#39;wisol&#39;, which is of non-class type &#39;int&#39;
       String id=wisol.ID();
                       ^~
/home/ec2-user/arduino-testlib/cli-datadir/user/libraries/Tinyfox/examples/Envio_local/Envio_local.ino:33:28: error: request for member &#39;command&#39; in &#39;wisol&#39;, which is of non-class type &#39;int&#39;
       Serial.println(wisol.command(&#34;AT$SL=&#34;&#43;id));
                            ^~~~~~~
/home/ec2-user/arduino-testlib/cli-datadir/user/libraries/Tinyfox/examples/Envio_local/Envio_local.ino:36:13: error: request for member &#39;SLEEP&#39; in &#39;wisol&#39;, which is of non-class type &#39;int&#39;
       wisol.SLEEP();
             ^~~~~

</pre>
					
					<h4>examples/GPS_ublox_periodico</h4>
					<p>
						Result: <b>FAIL</b>
					</p>
					<pre class="pre-scrollable">/home/ec2-user/arduino-testlib/cli-datadir/user/libraries/Tinyfox/examples/GPS_ublox_periodico/GPS_ublox_periodico.ino:28:21: error: &#39;Serial_&#39; was not declared in this scope
 Tiny&lt;HardwareSerial,Serial_&gt; wisol(&amp;Serial1,&amp;Serial,12,true);//leonardo
                     ^~~~~~~
/home/ec2-user/arduino-testlib/cli-datadir/user/libraries/Tinyfox/examples/GPS_ublox_periodico/GPS_ublox_periodico.ino:28:21: note: suggested alternative: &#39;Serial1&#39;
 Tiny&lt;HardwareSerial,Serial_&gt; wisol(&amp;Serial1,&amp;Serial,12,true);//leonardo
                     ^~~~~~~
                     Serial1
/home/ec2-user/arduino-testlib/cli-datadir/user/libraries/Tinyfox/examples/GPS_ublox_periodico/GPS_ublox_periodico.ino:28:28: error: template argument 2 is invalid
 Tiny&lt;HardwareSerial,Serial_&gt; wisol(&amp;Serial1,&amp;Serial,12,true);//leonardo
                            ^
/home/ec2-user/arduino-testlib/cli-datadir/user/libraries/Tinyfox/examples/GPS_ublox_periodico/GPS_ublox_periodico.ino: In function &#39;void setup()&#39;:
/home/ec2-user/arduino-testlib/cli-datadir/user/libraries/Tinyfox/examples/GPS_ublox_periodico/GPS_ublox_periodico.ino:40:8: error: request for member &#39;begin&#39; in &#39;wisol&#39;, which is of non-class type &#39;int&#39;
  wisol.begin(9600);
        ^~~~~
/home/ec2-user/arduino-testlib/cli-datadir/user/libraries/Tinyfox/examples/GPS_ublox_periodico/GPS_ublox_periodico.ino: In function &#39;void loop()&#39;:
/home/ec2-user/arduino-testlib/cli-datadir/user/libraries/Tinyfox/examples/GPS_ublox_periodico/GPS_ublox_periodico.ino:100:12: error: request for member &#39;RST&#39; in &#39;wisol&#39;, which is of non-class type &#39;int&#39;
      wisol.RST();
            ^~~
/home/ec2-user/arduino-testlib/cli-datadir/user/libraries/Tinyfox/examples/GPS_ublox_periodico/GPS_ublox_periodico.ino:103:34: error: request for member &#39;TEMP&#39; in &#39;wisol&#39;, which is of non-class type &#39;int&#39;
      int16_t temperatura = wisol.TEMP();      //int=16bits=2bytes
                                  ^~~~
/home/ec2-user/arduino-testlib/cli-datadir/user/libraries/Tinyfox/examples/GPS_ublox_periodico/GPS_ublox_periodico.ino:104:31: error: request for member &#39;VOLT&#39; in &#39;wisol&#39;, which is of non-class type &#39;int&#39;
      uint16_t bateria = wisol.VOLT();         //int=16bits=2bytes
                               ^~~~
/home/ec2-user/arduino-testlib/cli-datadir/user/libraries/Tinyfox/examples/GPS_ublox_periodico/GPS_ublox_periodico.ino:122:27: error: request for member &#39;SEND&#39; in &#39;wisol&#39;, which is of non-class type &#39;int&#39;
      Serial.println(wisol.SEND(buff)); //Envio de datos Sigfox
                           ^~~~
/home/ec2-user/arduino-testlib/cli-datadir/user/libraries/Tinyfox/examples/GPS_ublox_periodico/GPS_ublox_periodico.ino:125:12: error: request for member &#39;SLEEP&#39; in &#39;wisol&#39;, which is of non-class type &#39;int&#39;
      wisol.SLEEP();
            ^~~~~
Multiple libraries were found for &#34;SoftwareSerial.h&#34;
  Used: /home/ec2-user/arduino-testlib/cli-datadir/data/packages/arduino/hardware/megaavr/1.8.7/libraries/SoftwareSerial
  Not used: /home/ec2-user/arduino-testlib/cli-datadir/user/libraries/Printoo_Library
  Not used: /home/ec2-user/arduino-testlib/cli-datadir/user/libraries/Dabble
  Not used: /home/ec2-user/arduino-testlib/cli-datadir/user/libraries/EspSoftwareSerial
</pre>
					
					<h4>examples/Recepcion_local</h4>
					<p>
						Result: <b>FAIL</b>
					</p>
					<pre class="pre-scrollable">/home/ec2-user/arduino-testlib/cli-datadir/user/libraries/Tinyfox/examples/Recepcion_local/Recepcion_local.ino:12:21: error: &#39;Serial_&#39; was not declared in this scope
 Tiny&lt;HardwareSerial,Serial_&gt; wisol(&amp;Serial1,&amp;Serial,12,true);//leonardo
                     ^~~~~~~
/home/ec2-user/arduino-testlib/cli-datadir/user/libraries/Tinyfox/examples/Recepcion_local/Recepcion_local.ino:12:21: note: suggested alternative: &#39;Serial1&#39;
 Tiny&lt;HardwareSerial,Serial_&gt; wisol(&amp;Serial1,&amp;Serial,12,true);//leonardo
                     ^~~~~~~
                     Serial1
/home/ec2-user/arduino-testlib/cli-datadir/user/libraries/Tinyfox/examples/Recepcion_local/Recepcion_local.ino:12:28: error: template argument 2 is invalid
 Tiny&lt;HardwareSerial,Serial_&gt; wisol(&amp;Serial1,&amp;Serial,12,true);//leonardo
                            ^
/home/ec2-user/arduino-testlib/cli-datadir/user/libraries/Tinyfox/examples/Recepcion_local/Recepcion_local.ino: In function &#39;void setup()&#39;:
/home/ec2-user/arduino-testlib/cli-datadir/user/libraries/Tinyfox/examples/Recepcion_local/Recepcion_local.ino:19:9: error: request for member &#39;begin&#39; in &#39;wisol&#39;, which is of non-class type &#39;int&#39;
   wisol.begin(9600);
         ^~~~~
/home/ec2-user/arduino-testlib/cli-datadir/user/libraries/Tinyfox/examples/Recepcion_local/Recepcion_local.ino: In function &#39;void loop()&#39;:
/home/ec2-user/arduino-testlib/cli-datadir/user/libraries/Tinyfox/examples/Recepcion_local/Recepcion_local.ino:28:23: error: request for member &#39;command&#39; in &#39;wisol&#39;, which is of non-class type &#39;int&#39;
    String rec = wisol.command(&#34;AT$RL&#34;);
                       ^~~~~~~

</pre>
					
					<h4>examples/Seguimiento_de_activos</h4>
					<p>
						Result: <b>FAIL</b>
					</p>
					<pre class="pre-scrollable">/home/ec2-user/arduino-testlib/cli-datadir/user/libraries/Tinyfox/examples/Seguimiento_de_activos/Seguimiento_de_activos.ino:29:21: error: &#39;Serial_&#39; was not declared in this scope
 Tiny&lt;HardwareSerial,Serial_&gt; wisol(&amp;Serial1,&amp;Serial,12,true);//leonardo
                     ^~~~~~~
/home/ec2-user/arduino-testlib/cli-datadir/user/libraries/Tinyfox/examples/Seguimiento_de_activos/Seguimiento_de_activos.ino:29:21: note: suggested alternative: &#39;Serial1&#39;
 Tiny&lt;HardwareSerial,Serial_&gt; wisol(&amp;Serial1,&amp;Serial,12,true);//leonardo
                     ^~~~~~~
                     Serial1
/home/ec2-user/arduino-testlib/cli-datadir/user/libraries/Tinyfox/examples/Seguimiento_de_activos/Seguimiento_de_activos.ino:29:28: error: template argument 2 is invalid
 Tiny&lt;HardwareSerial,Serial_&gt; wisol(&amp;Serial1,&amp;Serial,12,true);//leonardo
                            ^
/home/ec2-user/arduino-testlib/cli-datadir/user/libraries/Tinyfox/examples/Seguimiento_de_activos/Seguimiento_de_activos.ino: In function &#39;void setup()&#39;:
/home/ec2-user/arduino-testlib/cli-datadir/user/libraries/Tinyfox/examples/Seguimiento_de_activos/Seguimiento_de_activos.ino:33:8: error: request for member &#39;begin&#39; in &#39;wisol&#39;, which is of non-class type &#39;int&#39;
  wisol.begin(9600);
        ^~~~~
/home/ec2-user/arduino-testlib/cli-datadir/user/libraries/Tinyfox/examples/Seguimiento_de_activos/Seguimiento_de_activos.ino: In function &#39;void loop()&#39;:
/home/ec2-user/arduino-testlib/cli-datadir/user/libraries/Tinyfox/examples/Seguimiento_de_activos/Seguimiento_de_activos.ino:47:12: error: request for member &#39;RST&#39; in &#39;wisol&#39;, which is of non-class type &#39;int&#39;
      wisol.RST();
            ^~~
/home/ec2-user/arduino-testlib/cli-datadir/user/libraries/Tinyfox/examples/Seguimiento_de_activos/Seguimiento_de_activos.ino:52:34: error: request for member &#39;TEMP&#39; in &#39;wisol&#39;, which is of non-class type &#39;int&#39;
      int16_t temperatura = wisol.TEMP();     //int=16bits=2bytes
                                  ^~~~
/home/ec2-user/arduino-testlib/cli-datadir/user/libraries/Tinyfox/examples/Seguimiento_de_activos/Seguimiento_de_activos.ino:53:31: error: request for member &#39;VOLT&#39; in &#39;wisol&#39;, which is of non-class type &#39;int&#39;
      uint16_t bateria = wisol.VOLT();         //int=16bits=2bytes
                               ^~~~
/home/ec2-user/arduino-testlib/cli-datadir/user/libraries/Tinyfox/examples/Seguimiento_de_activos/Seguimiento_de_activos.ino:68:27: error: request for member &#39;SEND&#39; in &#39;wisol&#39;, which is of non-class type &#39;int&#39;
      Serial.println(wisol.SEND(buff)); //Envio de datos Sigfox
                           ^~~~
/home/ec2-user/arduino-testlib/cli-datadir/user/libraries/Tinyfox/examples/Seguimiento_de_activos/Seguimiento_de_activos.ino:71:12: error: request for member &#39;SLEEP&#39; in &#39;wisol&#39;, which is of non-class type &#39;int&#39;
      wisol.SLEEP();
            ^~~~~

</pre>
					
					<h4>examples/Simple_uplink_ufox</h4>
					<p>
						Result: <b>FAIL</b>
					</p>
					<pre class="pre-scrollable">/home/ec2-user/arduino-testlib/cli-datadir/user/libraries/Tinyfox/examples/Simple_uplink_ufox/Simple_uplink_ufox.ino:29:1: error: &#39;Ufox&#39; does not name a type
 Ufox&lt;SoftwareSerial,HardwareSerial&gt; wisol(&amp;mySerial,&amp;Serial,4,false);//esp8266
 ^~~~
/home/ec2-user/arduino-testlib/cli-datadir/user/libraries/Tinyfox/examples/Simple_uplink_ufox/Simple_uplink_ufox.ino: In function &#39;void setup()&#39;:
/home/ec2-user/arduino-testlib/cli-datadir/user/libraries/Tinyfox/examples/Simple_uplink_ufox/Simple_uplink_ufox.ino:45:3: error: &#39;wisol&#39; was not declared in this scope
   wisol.begin(9600);
   ^~~~~
/home/ec2-user/arduino-testlib/cli-datadir/user/libraries/Tinyfox/examples/Simple_uplink_ufox/Simple_uplink_ufox.ino: In function &#39;void loop()&#39;:
/home/ec2-user/arduino-testlib/cli-datadir/user/libraries/Tinyfox/examples/Simple_uplink_ufox/Simple_uplink_ufox.ino:57:5: error: &#39;wisol&#39; was not declared in this scope
     wisol.RST();
     ^~~~~
Multiple libraries were found for &#34;SoftwareSerial.h&#34;
  Used: /home/ec2-user/arduino-testlib/cli-datadir/data/packages/arduino/hardware/megaavr/1.8.7/libraries/SoftwareSerial
  Not used: /home/ec2-user/arduino-testlib/cli-datadir/user/libraries/Printoo_Library
  Not used: /home/ec2-user/arduino-testlib/cli-datadir/user/libraries/Dabble
  Not used: /home/ec2-user/arduino-testlib/cli-datadir/user/libraries/EspSoftwareSerial
</pre>
					
					<h4>examples/Tiny_advance_debuging</h4>
					<p>
						Result: <b>FAIL</b>
					</p>
					<pre class="pre-scrollable">/home/ec2-user/arduino-testlib/cli-datadir/user/libraries/Tinyfox/examples/Tiny_advance_debuging/Tiny_advance_debuging.ino:21:21: error: &#39;Serial_&#39; was not declared in this scope
 Tiny&lt;HardwareSerial,Serial_&gt; wisol(&amp;Serial,&amp;SerialUSB,3,true);
                     ^~~~~~~
/home/ec2-user/arduino-testlib/cli-datadir/user/libraries/Tinyfox/examples/Tiny_advance_debuging/Tiny_advance_debuging.ino:21:21: note: suggested alternative: &#39;Serial1&#39;
 Tiny&lt;HardwareSerial,Serial_&gt; wisol(&amp;Serial,&amp;SerialUSB,3,true);
                     ^~~~~~~
                     Serial1
/home/ec2-user/arduino-testlib/cli-datadir/user/libraries/Tinyfox/examples/Tiny_advance_debuging/Tiny_advance_debuging.ino:21:28: error: template argument 2 is invalid
 Tiny&lt;HardwareSerial,Serial_&gt; wisol(&amp;Serial,&amp;SerialUSB,3,true);
                            ^
/home/ec2-user/arduino-testlib/cli-datadir/user/libraries/Tinyfox/examples/Tiny_advance_debuging/Tiny_advance_debuging.ino:21:45: error: &#39;SerialUSB&#39; was not declared in this scope
 Tiny&lt;HardwareSerial,Serial_&gt; wisol(&amp;Serial,&amp;SerialUSB,3,true);
                                             ^~~~~~~~~
/home/ec2-user/arduino-testlib/cli-datadir/user/libraries/Tinyfox/examples/Tiny_advance_debuging/Tiny_advance_debuging.ino:21:45: note: suggested alternative: &#39;Serial1&#39;
 Tiny&lt;HardwareSerial,Serial_&gt; wisol(&amp;Serial,&amp;SerialUSB,3,true);
                                             ^~~~~~~~~
                                             Serial1
/home/ec2-user/arduino-testlib/cli-datadir/user/libraries/Tinyfox/examples/Tiny_advance_debuging/Tiny_advance_debuging.ino: In function &#39;void setup()&#39;:
/home/ec2-user/arduino-testlib/cli-datadir/user/libraries/Tinyfox/examples/Tiny_advance_debuging/Tiny_advance_debuging.ino:30:3: error: &#39;SerialUSB&#39; was not declared in this scope
   SerialUSB.begin(115200);
   ^~~~~~~~~
/home/ec2-user/arduino-testlib/cli-datadir/user/libraries/Tinyfox/examples/Tiny_advance_debuging/Tiny_advance_debuging.ino:30:3: note: suggested alternative: &#39;Serial1&#39;
   SerialUSB.begin(115200);
   ^~~~~~~~~
   Serial1
/home/ec2-user/arduino-testlib/cli-datadir/user/libraries/Tinyfox/examples/Tiny_advance_debuging/Tiny_advance_debuging.ino:34:9: error: request for member &#39;begin&#39; in &#39;wisol&#39;, which is of non-class type &#39;int&#39;
   wisol.begin(9600);
         ^~~~~
/home/ec2-user/arduino-testlib/cli-datadir/user/libraries/Tinyfox/examples/Tiny_advance_debuging/Tiny_advance_debuging.ino: In function &#39;void loop()&#39;:
/home/ec2-user/arduino-testlib/cli-datadir/user/libraries/Tinyfox/examples/Tiny_advance_debuging/Tiny_advance_debuging.ino:46:5: error: &#39;SerialUSB&#39; was not declared in this scope
     SerialUSB.println(&#34;Tx&#34;);
     ^~~~~~~~~
/home/ec2-user/arduino-testlib/cli-datadir/user/libraries/Tinyfox/examples/Tiny_advance_debuging/Tiny_advance_debuging.ino:46:5: note: suggested alternative: &#39;Serial1&#39;
     SerialUSB.println(&#34;Tx&#34;);
     ^~~~~~~~~
     Serial1
/home/ec2-user/arduino-testlib/cli-datadir/user/libraries/Tinyfox/examples/Tiny_advance_debuging/Tiny_advance_debuging.ino:47:11: error: request for member &#39;RST&#39; in &#39;wisol&#39;, which is of non-class type &#39;int&#39;
     wisol.RST();
           ^~~
/home/ec2-user/arduino-testlib/cli-datadir/user/libraries/Tinyfox/examples/Tiny_advance_debuging/Tiny_advance_debuging.ino:59:35: error: request for member &#39;SEND_RCV&#39; in &#39;wisol&#39;, which is of non-class type &#39;int&#39;
     String valor_recibido = wisol.SEND_RCV( String(msg) ); //aproximandamente esperar 1 minuto
                                   ^~~~~~~~
/home/ec2-user/arduino-testlib/cli-datadir/user/libraries/Tinyfox/examples/Tiny_advance_debuging/Tiny_advance_debuging.ino:68:11: error: request for member &#39;SLEEP&#39; in &#39;wisol&#39;, which is of non-class type &#39;int&#39;
     wisol.SLEEP();
           ^~~~~

</pre>
					
					<h4>examples/Tiny_snprintf</h4>
					<p>
						Result: <b>FAIL</b>
					</p>
					<pre class="pre-scrollable">/home/ec2-user/arduino-testlib/cli-datadir/user/libraries/Tinyfox/examples/Tiny_snprintf/Tiny_snprintf.ino:8:21: error: &#39;Serial_&#39; was not declared in this scope
 Tiny&lt;HardwareSerial,Serial_&gt; wisol(&amp;Serial1,&amp;Serial,12,true);//leonardo
                     ^~~~~~~
/home/ec2-user/arduino-testlib/cli-datadir/user/libraries/Tinyfox/examples/Tiny_snprintf/Tiny_snprintf.ino:8:21: note: suggested alternative: &#39;Serial1&#39;
 Tiny&lt;HardwareSerial,Serial_&gt; wisol(&amp;Serial1,&amp;Serial,12,true);//leonardo
                     ^~~~~~~
                     Serial1
/home/ec2-user/arduino-testlib/cli-datadir/user/libraries/Tinyfox/examples/Tiny_snprintf/Tiny_snprintf.ino:8:28: error: template argument 2 is invalid
 Tiny&lt;HardwareSerial,Serial_&gt; wisol(&amp;Serial1,&amp;Serial,12,true);//leonardo
                            ^
/home/ec2-user/arduino-testlib/cli-datadir/user/libraries/Tinyfox/examples/Tiny_snprintf/Tiny_snprintf.ino: In function &#39;void setup()&#39;:
/home/ec2-user/arduino-testlib/cli-datadir/user/libraries/Tinyfox/examples/Tiny_snprintf/Tiny_snprintf.ino:18:9: error: request for member &#39;begin&#39; in &#39;wisol&#39;, which is of non-class type &#39;int&#39;
   wisol.begin(9600);
         ^~~~~
/home/ec2-user/arduino-testlib/cli-datadir/user/libraries/Tinyfox/examples/Tiny_snprintf/Tiny_snprintf.ino: In function &#39;void loop()&#39;:
/home/ec2-user/arduino-testlib/cli-datadir/user/libraries/Tinyfox/examples/Tiny_snprintf/Tiny_snprintf.ino:31:11: error: request for member &#39;RST&#39; in &#39;wisol&#39;, which is of non-class type &#39;int&#39;
     wisol.RST();
           ^~~
/home/ec2-user/arduino-testlib/cli-datadir/user/libraries/Tinyfox/examples/Tiny_snprintf/Tiny_snprintf.ino:45:35: error: request for member &#39;SEND_RCV&#39; in &#39;wisol&#39;, which is of non-class type &#39;int&#39;
     String valor_recibido = wisol.SEND_RCV( String(msg) ); //aproximandamente esperar 1 minuto
                                   ^~~~~~~~
/home/ec2-user/arduino-testlib/cli-datadir/user/libraries/Tinyfox/examples/Tiny_snprintf/Tiny_snprintf.ino:54:11: error: request for member &#39;SLEEP&#39; in &#39;wisol&#39;, which is of non-class type &#39;int&#39;
     wisol.SLEEP();
           ^~~~~

</pre>
					
					<h4>examples/humedad_de_suelo</h4>
					<p>
						Result: <b>FAIL</b>
					</p>
					<pre class="pre-scrollable">/home/ec2-user/arduino-testlib/cli-datadir/user/libraries/Tinyfox/examples/humedad_de_suelo/humedad_de_suelo.ino:19:21: error: &#39;Serial_&#39; was not declared in this scope
 Tiny&lt;HardwareSerial,Serial_&gt; wisol(&amp;Serial1,&amp;Serial,12,true);//leonardo
                     ^~~~~~~
/home/ec2-user/arduino-testlib/cli-datadir/user/libraries/Tinyfox/examples/humedad_de_suelo/humedad_de_suelo.ino:19:21: note: suggested alternative: &#39;Serial1&#39;
 Tiny&lt;HardwareSerial,Serial_&gt; wisol(&amp;Serial1,&amp;Serial,12,true);//leonardo
                     ^~~~~~~
                     Serial1
/home/ec2-user/arduino-testlib/cli-datadir/user/libraries/Tinyfox/examples/humedad_de_suelo/humedad_de_suelo.ino:19:28: error: template argument 2 is invalid
 Tiny&lt;HardwareSerial,Serial_&gt; wisol(&amp;Serial1,&amp;Serial,12,true);//leonardo
                            ^
/home/ec2-user/arduino-testlib/cli-datadir/user/libraries/Tinyfox/examples/humedad_de_suelo/humedad_de_suelo.ino: In function &#39;void setup()&#39;:
/home/ec2-user/arduino-testlib/cli-datadir/user/libraries/Tinyfox/examples/humedad_de_suelo/humedad_de_suelo.ino:27:8: error: request for member &#39;begin&#39; in &#39;wisol&#39;, which is of non-class type &#39;int&#39;
  wisol.begin(9600);
        ^~~~~
/home/ec2-user/arduino-testlib/cli-datadir/user/libraries/Tinyfox/examples/humedad_de_suelo/humedad_de_suelo.ino: In function &#39;void loop()&#39;:
/home/ec2-user/arduino-testlib/cli-datadir/user/libraries/Tinyfox/examples/humedad_de_suelo/humedad_de_suelo.ino:41:12: error: request for member &#39;RST&#39; in &#39;wisol&#39;, which is of non-class type &#39;int&#39;
      wisol.RST();
            ^~~
/home/ec2-user/arduino-testlib/cli-datadir/user/libraries/Tinyfox/examples/humedad_de_suelo/humedad_de_suelo.ino:53:36: error: request for member &#39;TEMP&#39; in &#39;wisol&#39;, which is of non-class type &#39;int&#39;
      int16_t temperatura_w = wisol.TEMP();     //int=16bits=2bytes
                                    ^~~~
/home/ec2-user/arduino-testlib/cli-datadir/user/libraries/Tinyfox/examples/humedad_de_suelo/humedad_de_suelo.ino:54:31: error: request for member &#39;VOLT&#39; in &#39;wisol&#39;, which is of non-class type &#39;int&#39;
      uint16_t bateria = wisol.VOLT();         //int=16bits=2bytes
                               ^~~~
/home/ec2-user/arduino-testlib/cli-datadir/user/libraries/Tinyfox/examples/humedad_de_suelo/humedad_de_suelo.ino:69:27: error: request for member &#39;SEND&#39; in &#39;wisol&#39;, which is of non-class type &#39;int&#39;
      Serial.println(wisol.SEND(buff)); //Envio de datos Sigfox
                           ^~~~
/home/ec2-user/arduino-testlib/cli-datadir/user/libraries/Tinyfox/examples/humedad_de_suelo/humedad_de_suelo.ino:72:12: error: request for member &#39;SLEEP&#39; in &#39;wisol&#39;, which is of non-class type &#39;int&#39;
      wisol.SLEEP();
            ^~~~~

</pre>
					
					<h4>examples/leonardoID_PAC</h4>
					<p>
						Result: <b>FAIL</b>
					</p>
					<pre class="pre-scrollable">/home/ec2-user/arduino-testlib/cli-datadir/user/libraries/Tinyfox/examples/leonardoID_PAC/leonardoID_PAC.ino:11:21: error: &#39;Serial_&#39; was not declared in this scope
 Tiny&lt;HardwareSerial,Serial_&gt; wisol(&amp;Serial1,&amp;Serial,12,true);//leonardo
                     ^~~~~~~
/home/ec2-user/arduino-testlib/cli-datadir/user/libraries/Tinyfox/examples/leonardoID_PAC/leonardoID_PAC.ino:11:21: note: suggested alternative: &#39;Serial1&#39;
 Tiny&lt;HardwareSerial,Serial_&gt; wisol(&amp;Serial1,&amp;Serial,12,true);//leonardo
                     ^~~~~~~
                     Serial1
/home/ec2-user/arduino-testlib/cli-datadir/user/libraries/Tinyfox/examples/leonardoID_PAC/leonardoID_PAC.ino:11:28: error: template argument 2 is invalid
 Tiny&lt;HardwareSerial,Serial_&gt; wisol(&amp;Serial1,&amp;Serial,12,true);//leonardo
                            ^
/home/ec2-user/arduino-testlib/cli-datadir/user/libraries/Tinyfox/examples/leonardoID_PAC/leonardoID_PAC.ino: In function &#39;void setup()&#39;:
/home/ec2-user/arduino-testlib/cli-datadir/user/libraries/Tinyfox/examples/leonardoID_PAC/leonardoID_PAC.ino:15:9: error: request for member &#39;begin&#39; in &#39;wisol&#39;, which is of non-class type &#39;int&#39;
   wisol.begin(9600);
         ^~~~~
/home/ec2-user/arduino-testlib/cli-datadir/user/libraries/Tinyfox/examples/leonardoID_PAC/leonardoID_PAC.ino:22:24: error: request for member &#39;ID&#39; in &#39;wisol&#39;, which is of non-class type &#39;int&#39;
   Serial.println(wisol.ID());
                        ^~
/home/ec2-user/arduino-testlib/cli-datadir/user/libraries/Tinyfox/examples/leonardoID_PAC/leonardoID_PAC.ino:25:24: error: request for member &#39;PAC&#39; in &#39;wisol&#39;, which is of non-class type &#39;int&#39;
   Serial.println(wisol.PAC());
                        ^~~

</pre>
					
					<h4>examples/squeezing_data_into12bytes</h4>
					<p>
						Result: <b>PASS</b>
					</p>
					<pre class="pre-scrollable">WARNING: library Ufox claims to run on avr architecture(s) and may be incompatible with your current board which runs on megaavr architecture(s).
Sketch uses 7924 bytes (16%) of program storage space. Maximum is 49152 bytes.
Global variables use 437 bytes (7%) of dynamic memory, leaving 5707 bytes for local variables. Maximum is 6144 bytes.
</pre>
					
					<h4>examples/temperatura_humedad</h4>
					<p>
						Result: <b>FAIL</b>
					</p>
					<pre class="pre-scrollable">/home/ec2-user/arduino-testlib/cli-datadir/user/libraries/Tinyfox/examples/temperatura_humedad/temperatura_humedad.ino:22:21: error: &#39;Serial_&#39; was not declared in this scope
 Tiny&lt;HardwareSerial,Serial_&gt; wisol(&amp;Serial1,&amp;Serial,12,true);//leonardo
                     ^~~~~~~
/home/ec2-user/arduino-testlib/cli-datadir/user/libraries/Tinyfox/examples/temperatura_humedad/temperatura_humedad.ino:22:21: note: suggested alternative: &#39;Serial1&#39;
 Tiny&lt;HardwareSerial,Serial_&gt; wisol(&amp;Serial1,&amp;Serial,12,true);//leonardo
                     ^~~~~~~
                     Serial1
/home/ec2-user/arduino-testlib/cli-datadir/user/libraries/Tinyfox/examples/temperatura_humedad/temperatura_humedad.ino:22:28: error: template argument 2 is invalid
 Tiny&lt;HardwareSerial,Serial_&gt; wisol(&amp;Serial1,&amp;Serial,12,true);//leonardo
                            ^
/home/ec2-user/arduino-testlib/cli-datadir/user/libraries/Tinyfox/examples/temperatura_humedad/temperatura_humedad.ino: In function &#39;void setup()&#39;:
/home/ec2-user/arduino-testlib/cli-datadir/user/libraries/Tinyfox/examples/temperatura_humedad/temperatura_humedad.ino:35:8: error: request for member &#39;begin&#39; in &#39;wisol&#39;, which is of non-class type &#39;int&#39;
  wisol.begin(9600);
        ^~~~~
/home/ec2-user/arduino-testlib/cli-datadir/user/libraries/Tinyfox/examples/temperatura_humedad/temperatura_humedad.ino: In function &#39;void loop()&#39;:
/home/ec2-user/arduino-testlib/cli-datadir/user/libraries/Tinyfox/examples/temperatura_humedad/temperatura_humedad.ino:50:12: error: request for member &#39;RST&#39; in &#39;wisol&#39;, which is of non-class type &#39;int&#39;
      wisol.RST();
            ^~~
/home/ec2-user/arduino-testlib/cli-datadir/user/libraries/Tinyfox/examples/temperatura_humedad/temperatura_humedad.ino:55:36: error: request for member &#39;TEMP&#39; in &#39;wisol&#39;, which is of non-class type &#39;int&#39;
      int16_t temperatura_w = wisol.TEMP();     //int=16bits=2bytes
                                    ^~~~
/home/ec2-user/arduino-testlib/cli-datadir/user/libraries/Tinyfox/examples/temperatura_humedad/temperatura_humedad.ino:56:31: error: request for member &#39;VOLT&#39; in &#39;wisol&#39;, which is of non-class type &#39;int&#39;
      uint16_t bateria = wisol.VOLT();         //int=16bits=2bytes
                               ^~~~
/home/ec2-user/arduino-testlib/cli-datadir/user/libraries/Tinyfox/examples/temperatura_humedad/temperatura_humedad.ino:71:27: error: request for member &#39;SEND&#39; in &#39;wisol&#39;, which is of non-class type &#39;int&#39;
      Serial.println(wisol.SEND(buff)); //Envio de datos Sigfox
                           ^~~~
/home/ec2-user/arduino-testlib/cli-datadir/user/libraries/Tinyfox/examples/temperatura_humedad/temperatura_humedad.ino:74:12: error: request for member &#39;SLEEP&#39; in &#39;wisol&#39;, which is of non-class type &#39;int&#39;
      wisol.SLEEP();
            ^~~~~
Multiple libraries were found for &#34;DHT.h&#34;
  Used: /home/ec2-user/arduino-testlib/cli-datadir/user/libraries/DHT_sensor_library
  Not used: /home/ec2-user/arduino-testlib/cli-datadir/user/libraries/Grove_Temperature_And_Humidity_Sensor
  Not used: /home/ec2-user/arduino-testlib/cli-datadir/user/libraries/uKit_Explore
  Not used: /home/ec2-user/arduino-testlib/cli-datadir/user/libraries/NanoPlayBoard
Multiple libraries were found for &#34;Adafruit_Sensor.h&#34;
  Used: /home/ec2-user/arduino-testlib/cli-datadir/user/libraries/Adafruit_Unified_Sensor
  Not used: /home/ec2-user/arduino-testlib/cli-datadir/user/libraries/ArdUAV
  Not used: /home/ec2-user/arduino-testlib/cli-datadir/user/libraries/ClimaStick
</pre>
					
				
				<h3 id="arduino:samd:mkrwifi1010">arduino:samd:mkrwifi1010 @ 1.8.12</h3>
				<h4>Inclusion</h4>
				<p>
					Result: <b>PASS</b>
					
				</p>
				<pre class="pre-scrollable">Sketch uses 12156 bytes (4%) of program storage space. Maximum is 262144 bytes.
Global variables use 2996 bytes (9%) of dynamic memory, leaving 29772 bytes for local variables. Maximum is 32768 bytes.
</pre>

					
					<h4>examples/Archs</h4>
					<p>
						Result: <b>FAIL</b>
					</p>
					<pre class="pre-scrollable"></pre>
					
					<h4>examples/Envio_local</h4>
					<p>
						Result: <b>PASS</b>
					</p>
					<pre class="pre-scrollable">Sketch uses 14020 bytes (5%) of program storage space. Maximum is 262144 bytes.
Global variables use 3164 bytes (9%) of dynamic memory, leaving 29604 bytes for local variables. Maximum is 32768 bytes.
</pre>
					
					<h4>examples/GPS_ublox_periodico</h4>
					<p>
						Result: <b>FAIL</b>
					</p>
					<pre class="pre-scrollable">/home/ec2-user/arduino-testlib/cli-datadir/user/libraries/Dabble/src/SoftwareSerial.cpp:45:10: fatal error: util/delay_basic.h: No such file or directory
 #include &lt;util/delay_basic.h&gt;
          ^~~~~~~~~~~~~~~~~~~~
compilation terminated.
Multiple libraries were found for &#34;SoftwareSerial.h&#34;
  Used: /home/ec2-user/arduino-testlib/cli-datadir/user/libraries/Dabble
  Not used: /home/ec2-user/arduino-testlib/cli-datadir/user/libraries/EspSoftwareSerial
  Not used: /home/ec2-user/arduino-testlib/cli-datadir/user/libraries/Printoo_Library
</pre>
					
					<h4>examples/Recepcion_local</h4>
					<p>
						Result: <b>PASS</b>
					</p>
					<pre class="pre-scrollable">Sketch uses 13660 bytes (5%) of program storage space. Maximum is 262144 bytes.
Global variables use 3168 bytes (9%) of dynamic memory, leaving 29600 bytes for local variables. Maximum is 32768 bytes.
</pre>
					
					<h4>examples/Seguimiento_de_activos</h4>
					<p>
						Result: <b>PASS</b>
					</p>
					<pre class="pre-scrollable">Sketch uses 31700 bytes (12%) of program storage space. Maximum is 262144 bytes.
Global variables use 3532 bytes (10%) of dynamic memory, leaving 29236 bytes for local variables. Maximum is 32768 bytes.
</pre>
					
					<h4>examples/Simple_uplink_ufox</h4>
					<p>
						Result: <b>FAIL</b>
					</p>
					<pre class="pre-scrollable">/home/ec2-user/arduino-testlib/cli-datadir/user/libraries/Dabble/src/SoftwareSerial.cpp:45:10: fatal error: util/delay_basic.h: No such file or directory
 #include &lt;util/delay_basic.h&gt;
          ^~~~~~~~~~~~~~~~~~~~
compilation terminated.
Multiple libraries were found for &#34;SoftwareSerial.h&#34;
  Used: /home/ec2-user/arduino-testlib/cli-datadir/user/libraries/Dabble
  Not used: /home/ec2-user/arduino-testlib/cli-datadir/user/libraries/Printoo_Library
  Not used: /home/ec2-user/arduino-testlib/cli-datadir/user/libraries/EspSoftwareSerial
</pre>
					
					<h4>examples/Tiny_advance_debuging</h4>
					<p>
						Result: <b>FAIL</b>
					</p>
					<pre class="pre-scrollable">/home/ec2-user/arduino-testlib/cli-datadir/user/libraries/Tinyfox/examples/Tiny_advance_debuging/Tiny_advance_debuging.ino:21:61: error: no matching function for call to &#39;Tiny&lt;arduino::HardwareSerial, Serial_&gt;::Tiny(Serial_*, Serial_*, int, bool)&#39;
 Tiny&lt;HardwareSerial,Serial_&gt; wisol(&amp;Serial,&amp;SerialUSB,3,true);
                                                             ^
In file included from /home/ec2-user/arduino-testlib/cli-datadir/user/libraries/Tinyfox/Tinyfox.h:6:0,
                 from /home/ec2-user/arduino-testlib/cli-datadir/user/libraries/Tinyfox/examples/Tiny_advance_debuging/Tiny_advance_debuging.ino:16:
/home/ec2-user/arduino-testlib/cli-datadir/user/libraries/Tinyfox/TinySigfox.cpp:10:1: note: candidate: Tiny&lt;M, DBG&gt;::Tiny(M*, DBG*, uint8_t, bool) [with M = arduino::HardwareSerial; DBG = Serial_; uint8_t = unsigned char]
 Tiny&lt;M,DBG&gt;::Tiny(M *modulo,DBG *debug, uint8_t _rst_ws, bool _dbgMode) {
 ^~~~~~~~~~~
/home/ec2-user/arduino-testlib/cli-datadir/user/libraries/Tinyfox/TinySigfox.cpp:10:1: note:   no known conversion for argument 1 from &#39;Serial_*&#39; to &#39;arduino::HardwareSerial*&#39;
In file included from /home/ec2-user/arduino-testlib/cli-datadir/user/libraries/Tinyfox/Tinyfox.h:5:0,
                 from /home/ec2-user/arduino-testlib/cli-datadir/user/libraries/Tinyfox/examples/Tiny_advance_debuging/Tiny_advance_debuging.ino:16:
/home/ec2-user/arduino-testlib/cli-datadir/user/libraries/Tinyfox/TinySigfox.h:10:37: note: candidate: Tiny&lt;arduino::HardwareSerial, Serial_&gt;::Tiny(const Tiny&lt;arduino::HardwareSerial, Serial_&gt;&amp;)
 template &lt;class M,class DBG &gt; class Tiny
                                     ^~~~
/home/ec2-user/arduino-testlib/cli-datadir/user/libraries/Tinyfox/TinySigfox.h:10:37: note:   candidate expects 1 argument, 4 provided
/home/ec2-user/arduino-testlib/cli-datadir/user/libraries/Tinyfox/TinySigfox.h:10:37: note: candidate: Tiny&lt;arduino::HardwareSerial, Serial_&gt;::Tiny(Tiny&lt;arduino::HardwareSerial, Serial_&gt;&amp;&amp;)
/home/ec2-user/arduino-testlib/cli-datadir/user/libraries/Tinyfox/TinySigfox.h:10:37: note:   candidate expects 1 argument, 4 provided
/home/ec2-user/arduino-testlib/cli-datadir/user/libraries/Tinyfox/examples/Tiny_advance_debuging/Tiny_advance_debuging.ino: In function &#39;void loop()&#39;:
/home/ec2-user/arduino-testlib/cli-datadir/user/libraries/Tinyfox/examples/Tiny_advance_debuging/Tiny_advance_debuging.ino:61:57: error: expression list treated as compound expression in functional cast [-fpermissive]
     uint8_t  a = int( valor_recibido.substring(0,2), HEX);//primeros 2 digitos hex. fisrt 2 hex digitis
                                                         ^
/home/ec2-user/arduino-testlib/cli-datadir/user/libraries/Tinyfox/examples/Tiny_advance_debuging/Tiny_advance_debuging.ino:62:57: error: expression list treated as compound expression in functional cast [-fpermissive]
     uint16_t b = int( valor_recibido.substring(2,6), HEX);//siguientes 4 digitos hex. next 4 hex digitis
                                                         ^

</pre>
					
					<h4>examples/Tiny_snprintf</h4>
					<p>
						Result: <b>FAIL</b>
					</p>
					<pre class="pre-scrollable">/home/ec2-user/arduino-testlib/cli-datadir/user/libraries/Tinyfox/examples/Tiny_snprintf/Tiny_snprintf.ino: In function &#39;void loop()&#39;:
/home/ec2-user/arduino-testlib/cli-datadir/user/libraries/Tinyfox/examples/Tiny_snprintf/Tiny_snprintf.ino:47:57: error: expression list treated as compound expression in functional cast [-fpermissive]
     uint8_t  a = int( valor_recibido.substring(0,2), HEX);//primeros 2 digitos hex. fisrt 2 hex digitis
                                                         ^
/home/ec2-user/arduino-testlib/cli-datadir/user/libraries/Tinyfox/examples/Tiny_snprintf/Tiny_snprintf.ino:48:57: error: expression list treated as compound expression in functional cast [-fpermissive]
     uint16_t b = int( valor_recibido.substring(2,6), HEX);//siguientes 4 digitos hex. next 4 hex digitis
                                                         ^

</pre>
					
					<h4>examples/humedad_de_suelo</h4>
					<p>
						Result: <b>PASS</b>
					</p>
					<pre class="pre-scrollable">Sketch uses 31788 bytes (12%) of program storage space. Maximum is 262144 bytes.
Global variables use 3532 bytes (10%) of dynamic memory, leaving 29236 bytes for local variables. Maximum is 32768 bytes.
</pre>
					
					<h4>examples/leonardoID_PAC</h4>
					<p>
						Result: <b>PASS</b>
					</p>
					<pre class="pre-scrollable">Sketch uses 13840 bytes (5%) of program storage space. Maximum is 262144 bytes.
Global variables use 3164 bytes (9%) of dynamic memory, leaving 29604 bytes for local variables. Maximum is 32768 bytes.
</pre>
					
					<h4>examples/squeezing_data_into12bytes</h4>
					<p>
						Result: <b>PASS</b>
					</p>
					<pre class="pre-scrollable">WARNING: library Ufox claims to run on avr architecture(s) and may be incompatible with your current board which runs on samd architecture(s).
Sketch uses 31132 bytes (11%) of program storage space. Maximum is 262144 bytes.
Global variables use 3500 bytes (10%) of dynamic memory, leaving 29268 bytes for local variables. Maximum is 32768 bytes.
</pre>
					
					<h4>examples/temperatura_humedad</h4>
					<p>
						Result: <b>PASS</b>
					</p>
					<pre class="pre-scrollable">Sketch uses 35500 bytes (13%) of program storage space. Maximum is 262144 bytes.
Global variables use 3552 bytes (10%) of dynamic memory, leaving 29216 bytes for local variables. Maximum is 32768 bytes.
</pre>
					
				
				<h3 id="esp32:esp32:d1_mini32">esp32:esp32:d1_mini32 @ 1.0.6</h3>
				<h4>Inclusion</h4>
				<p>
					Result: <b>PASS</b>
					
				</p>
				<pre class="pre-scrollable">Sketch uses 197768 bytes (15%) of program storage space. Maximum is 1310720 bytes.
Global variables use 13092 bytes (3%) of dynamic memory, leaving 314588 bytes for local variables. Maximum is 327680 bytes.
</pre>

					
					<h4>examples/Archs</h4>
					<p>
						Result: <b>FAIL</b>
					</p>
					<pre class="pre-scrollable"></pre>
					
					<h4>examples/Envio_local</h4>
					<p>
						Result: <b>FAIL</b>
					</p>
					<pre class="pre-scrollable">/home/ec2-user/arduino-testlib/cli-datadir/user/libraries/Tinyfox/examples/Envio_local/Envio_local.ino:9:21: error: &#39;Serial_&#39; was not declared in this scope
 Tiny&lt;HardwareSerial,Serial_&gt; wisol(&amp;Serial1,&amp;Serial,12,true);//leonardo
                     ^
/home/ec2-user/arduino-testlib/cli-datadir/user/libraries/Tinyfox/examples/Envio_local/Envio_local.ino:9:28: error: template argument 2 is invalid
 Tiny&lt;HardwareSerial,Serial_&gt; wisol(&amp;Serial1,&amp;Serial,12,true);//leonardo
                            ^
/home/ec2-user/arduino-testlib/cli-datadir/user/libraries/Tinyfox/examples/Envio_local/Envio_local.ino:9:60: error: expression list treated as compound expression in initializer [-fpermissive]
 Tiny&lt;HardwareSerial,Serial_&gt; wisol(&amp;Serial1,&amp;Serial,12,true);//leonardo
                                                            ^
/home/ec2-user/arduino-testlib/cli-datadir/user/libraries/Tinyfox/examples/Envio_local/Envio_local.ino: In function &#39;void setup()&#39;:
/home/ec2-user/arduino-testlib/cli-datadir/user/libraries/Tinyfox/examples/Envio_local/Envio_local.ino:16:9: error: request for member &#39;begin&#39; in &#39;wisol&#39;, which is of non-class type &#39;int&#39;
   wisol.begin(9600);
         ^
/home/ec2-user/arduino-testlib/cli-datadir/user/libraries/Tinyfox/examples/Envio_local/Envio_local.ino: In function &#39;void loop()&#39;:
/home/ec2-user/arduino-testlib/cli-datadir/user/libraries/Tinyfox/examples/Envio_local/Envio_local.ino:29:13: error: request for member &#39;RST&#39; in &#39;wisol&#39;, which is of non-class type &#39;int&#39;
       wisol.RST();
             ^
/home/ec2-user/arduino-testlib/cli-datadir/user/libraries/Tinyfox/examples/Envio_local/Envio_local.ino:31:23: error: request for member &#39;ID&#39; in &#39;wisol&#39;, which is of non-class type &#39;int&#39;
       String id=wisol.ID();
                       ^
/home/ec2-user/arduino-testlib/cli-datadir/user/libraries/Tinyfox/examples/Envio_local/Envio_local.ino:33:28: error: request for member &#39;command&#39; in &#39;wisol&#39;, which is of non-class type &#39;int&#39;
       Serial.println(wisol.command(&#34;AT$SL=&#34;&#43;id));
                            ^
/home/ec2-user/arduino-testlib/cli-datadir/user/libraries/Tinyfox/examples/Envio_local/Envio_local.ino:36:13: error: request for member &#39;SLEEP&#39; in &#39;wisol&#39;, which is of non-class type &#39;int&#39;
       wisol.SLEEP();
             ^

</pre>
					
					<h4>examples/GPS_ublox_periodico</h4>
					<p>
						Result: <b>FAIL</b>
					</p>
					<pre class="pre-scrollable">/home/ec2-user/arduino-testlib/cli-datadir/user/libraries/Tinyfox/examples/GPS_ublox_periodico/GPS_ublox_periodico.ino:28:21: error: &#39;Serial_&#39; was not declared in this scope
 Tiny&lt;HardwareSerial,Serial_&gt; wisol(&amp;Serial1,&amp;Serial,12,true);//leonardo
                     ^
/home/ec2-user/arduino-testlib/cli-datadir/user/libraries/Tinyfox/examples/GPS_ublox_periodico/GPS_ublox_periodico.ino:28:28: error: template argument 2 is invalid
 Tiny&lt;HardwareSerial,Serial_&gt; wisol(&amp;Serial1,&amp;Serial,12,true);//leonardo
                            ^
/home/ec2-user/arduino-testlib/cli-datadir/user/libraries/Tinyfox/examples/GPS_ublox_periodico/GPS_ublox_periodico.ino:28:60: error: expression list treated as compound expression in initializer [-fpermissive]
 Tiny&lt;HardwareSerial,Serial_&gt; wisol(&amp;Serial1,&amp;Serial,12,true);//leonardo
                                                            ^
/home/ec2-user/arduino-testlib/cli-datadir/user/libraries/Tinyfox/examples/GPS_ublox_periodico/GPS_ublox_periodico.ino: In function &#39;void setup()&#39;:
/home/ec2-user/arduino-testlib/cli-datadir/user/libraries/Tinyfox/examples/GPS_ublox_periodico/GPS_ublox_periodico.ino:40:8: error: request for member &#39;begin&#39; in &#39;wisol&#39;, which is of non-class type &#39;int&#39;
  wisol.begin(9600);
        ^
/home/ec2-user/arduino-testlib/cli-datadir/user/libraries/Tinyfox/examples/GPS_ublox_periodico/GPS_ublox_periodico.ino: In function &#39;void loop()&#39;:
/home/ec2-user/arduino-testlib/cli-datadir/user/libraries/Tinyfox/examples/GPS_ublox_periodico/GPS_ublox_periodico.ino:100:12: error: request for member &#39;RST&#39; in &#39;wisol&#39;, which is of non-class type &#39;int&#39;
      wisol.RST(); 
            ^
/home/ec2-user/arduino-testlib/cli-datadir/user/libraries/Tinyfox/examples/GPS_ublox_periodico/GPS_ublox_periodico.ino:103:34: error: request for member &#39;TEMP&#39; in &#39;wisol&#39;, which is of non-class type &#39;int&#39;
      int16_t temperatura = wisol.TEMP();      //int=16bits=2bytes
                                  ^
/home/ec2-user/arduino-testlib/cli-datadir/user/libraries/Tinyfox/examples/GPS_ublox_periodico/GPS_ublox_periodico.ino:104:31: error: request for member &#39;VOLT&#39; in &#39;wisol&#39;, which is of non-class type &#39;int&#39;
      uint16_t bateria = wisol.VOLT();         //int=16bits=2bytes
                               ^
/home/ec2-user/arduino-testlib/cli-datadir/user/libraries/Tinyfox/examples/GPS_ublox_periodico/GPS_ublox_periodico.ino:122:27: error: request for member &#39;SEND&#39; in &#39;wisol&#39;, which is of non-class type &#39;int&#39;
      Serial.println(wisol.SEND(buff)); //Envio de datos Sigfox
                           ^
/home/ec2-user/arduino-testlib/cli-datadir/user/libraries/Tinyfox/examples/GPS_ublox_periodico/GPS_ublox_periodico.ino:125:12: error: request for member &#39;SLEEP&#39; in &#39;wisol&#39;, which is of non-class type &#39;int&#39;
      wisol.SLEEP(); 
            ^
Multiple libraries were found for &#34;SoftwareSerial.h&#34;
  Used: /home/ec2-user/arduino-testlib/cli-datadir/user/libraries/EspSoftwareSerial
  Not used: /home/ec2-user/arduino-testlib/cli-datadir/user/libraries/Dabble
  Not used: /home/ec2-user/arduino-testlib/cli-datadir/user/libraries/Printoo_Library
</pre>
					
					<h4>examples/Recepcion_local</h4>
					<p>
						Result: <b>FAIL</b>
					</p>
					<pre class="pre-scrollable">/home/ec2-user/arduino-testlib/cli-datadir/user/libraries/Tinyfox/examples/Recepcion_local/Recepcion_local.ino:12:21: error: &#39;Serial_&#39; was not declared in this scope
 Tiny&lt;HardwareSerial,Serial_&gt; wisol(&amp;Serial1,&amp;Serial,12,true);//leonardo
                     ^
/home/ec2-user/arduino-testlib/cli-datadir/user/libraries/Tinyfox/examples/Recepcion_local/Recepcion_local.ino:12:28: error: template argument 2 is invalid
 Tiny&lt;HardwareSerial,Serial_&gt; wisol(&amp;Serial1,&amp;Serial,12,true);//leonardo
                            ^
/home/ec2-user/arduino-testlib/cli-datadir/user/libraries/Tinyfox/examples/Recepcion_local/Recepcion_local.ino:12:60: error: expression list treated as compound expression in initializer [-fpermissive]
 Tiny&lt;HardwareSerial,Serial_&gt; wisol(&amp;Serial1,&amp;Serial,12,true);//leonardo
                                                            ^
/home/ec2-user/arduino-testlib/cli-datadir/user/libraries/Tinyfox/examples/Recepcion_local/Recepcion_local.ino: In function &#39;void setup()&#39;:
/home/ec2-user/arduino-testlib/cli-datadir/user/libraries/Tinyfox/examples/Recepcion_local/Recepcion_local.ino:19:9: error: request for member &#39;begin&#39; in &#39;wisol&#39;, which is of non-class type &#39;int&#39;
   wisol.begin(9600);
         ^
/home/ec2-user/arduino-testlib/cli-datadir/user/libraries/Tinyfox/examples/Recepcion_local/Recepcion_local.ino: In function &#39;void loop()&#39;:
/home/ec2-user/arduino-testlib/cli-datadir/user/libraries/Tinyfox/examples/Recepcion_local/Recepcion_local.ino:28:23: error: request for member &#39;command&#39; in &#39;wisol&#39;, which is of non-class type &#39;int&#39;
    String rec = wisol.command(&#34;AT$RL&#34;);  
                       ^

</pre>
					
					<h4>examples/Seguimiento_de_activos</h4>
					<p>
						Result: <b>FAIL</b>
					</p>
					<pre class="pre-scrollable">/home/ec2-user/arduino-testlib/cli-datadir/user/libraries/Tinyfox/examples/Seguimiento_de_activos/Seguimiento_de_activos.ino:29:21: error: &#39;Serial_&#39; was not declared in this scope
 Tiny&lt;HardwareSerial,Serial_&gt; wisol(&amp;Serial1,&amp;Serial,12,true);//leonardo
                     ^
/home/ec2-user/arduino-testlib/cli-datadir/user/libraries/Tinyfox/examples/Seguimiento_de_activos/Seguimiento_de_activos.ino:29:28: error: template argument 2 is invalid
 Tiny&lt;HardwareSerial,Serial_&gt; wisol(&amp;Serial1,&amp;Serial,12,true);//leonardo
                            ^
/home/ec2-user/arduino-testlib/cli-datadir/user/libraries/Tinyfox/examples/Seguimiento_de_activos/Seguimiento_de_activos.ino:29:60: error: expression list treated as compound expression in initializer [-fpermissive]
 Tiny&lt;HardwareSerial,Serial_&gt; wisol(&amp;Serial1,&amp;Serial,12,true);//leonardo
                                                            ^
/home/ec2-user/arduino-testlib/cli-datadir/user/libraries/Tinyfox/examples/Seguimiento_de_activos/Seguimiento_de_activos.ino: In function &#39;void setup()&#39;:
/home/ec2-user/arduino-testlib/cli-datadir/user/libraries/Tinyfox/examples/Seguimiento_de_activos/Seguimiento_de_activos.ino:33:8: error: request for member &#39;begin&#39; in &#39;wisol&#39;, which is of non-class type &#39;int&#39;
  wisol.begin(9600);
        ^
/home/ec2-user/arduino-testlib/cli-datadir/user/libraries/Tinyfox/examples/Seguimiento_de_activos/Seguimiento_de_activos.ino: In function &#39;void loop()&#39;:
/home/ec2-user/arduino-testlib/cli-datadir/user/libraries/Tinyfox/examples/Seguimiento_de_activos/Seguimiento_de_activos.ino:47:12: error: request for member &#39;RST&#39; in &#39;wisol&#39;, which is of non-class type &#39;int&#39;
      wisol.RST(); 
            ^
/home/ec2-user/arduino-testlib/cli-datadir/user/libraries/Tinyfox/examples/Seguimiento_de_activos/Seguimiento_de_activos.ino:52:34: error: request for member &#39;TEMP&#39; in &#39;wisol&#39;, which is of non-class type &#39;int&#39;
      int16_t temperatura = wisol.TEMP();     //int=16bits=2bytes
                                  ^
/home/ec2-user/arduino-testlib/cli-datadir/user/libraries/Tinyfox/examples/Seguimiento_de_activos/Seguimiento_de_activos.ino:53:31: error: request for member &#39;VOLT&#39; in &#39;wisol&#39;, which is of non-class type &#39;int&#39;
      uint16_t bateria = wisol.VOLT();         //int=16bits=2bytes
                               ^
/home/ec2-user/arduino-testlib/cli-datadir/user/libraries/Tinyfox/examples/Seguimiento_de_activos/Seguimiento_de_activos.ino:68:27: error: request for member &#39;SEND&#39; in &#39;wisol&#39;, which is of non-class type &#39;int&#39;
      Serial.println(wisol.SEND(buff)); //Envio de datos Sigfox
                           ^
/home/ec2-user/arduino-testlib/cli-datadir/user/libraries/Tinyfox/examples/Seguimiento_de_activos/Seguimiento_de_activos.ino:71:12: error: request for member &#39;SLEEP&#39; in &#39;wisol&#39;, which is of non-class type &#39;int&#39;
      wisol.SLEEP(); 
            ^

</pre>
					
					<h4>examples/Simple_uplink_ufox</h4>
					<p>
						Result: <b>FAIL</b>
					</p>
					<pre class="pre-scrollable">/home/ec2-user/arduino-testlib/cli-datadir/user/libraries/Tinyfox/examples/Simple_uplink_ufox/Simple_uplink_ufox.ino:29:1: error: &#39;Ufox&#39; does not name a type
 Ufox&lt;SoftwareSerial,HardwareSerial&gt; wisol(&amp;mySerial,&amp;Serial,4,false);//esp8266
 ^
/home/ec2-user/arduino-testlib/cli-datadir/user/libraries/Tinyfox/examples/Simple_uplink_ufox/Simple_uplink_ufox.ino: In function &#39;void setup()&#39;:
/home/ec2-user/arduino-testlib/cli-datadir/user/libraries/Tinyfox/examples/Simple_uplink_ufox/Simple_uplink_ufox.ino:45:3: error: &#39;wisol&#39; was not declared in this scope
   wisol.begin(9600);
   ^
/home/ec2-user/arduino-testlib/cli-datadir/user/libraries/Tinyfox/examples/Simple_uplink_ufox/Simple_uplink_ufox.ino: In function &#39;void loop()&#39;:
/home/ec2-user/arduino-testlib/cli-datadir/user/libraries/Tinyfox/examples/Simple_uplink_ufox/Simple_uplink_ufox.ino:57:5: error: &#39;wisol&#39; was not declared in this scope
     wisol.RST();
     ^
Multiple libraries were found for &#34;SoftwareSerial.h&#34;
  Used: /home/ec2-user/arduino-testlib/cli-datadir/user/libraries/EspSoftwareSerial
  Not used: /home/ec2-user/arduino-testlib/cli-datadir/user/libraries/Printoo_Library
  Not used: /home/ec2-user/arduino-testlib/cli-datadir/user/libraries/Dabble
</pre>
					
					<h4>examples/Tiny_advance_debuging</h4>
					<p>
						Result: <b>FAIL</b>
					</p>
					<pre class="pre-scrollable">/home/ec2-user/arduino-testlib/cli-datadir/user/libraries/Tinyfox/examples/Tiny_advance_debuging/Tiny_advance_debuging.ino:21:21: error: &#39;Serial_&#39; was not declared in this scope
 Tiny&lt;HardwareSerial,Serial_&gt; wisol(&amp;Serial,&amp;SerialUSB,3,true);
                     ^
/home/ec2-user/arduino-testlib/cli-datadir/user/libraries/Tinyfox/examples/Tiny_advance_debuging/Tiny_advance_debuging.ino:21:28: error: template argument 2 is invalid
 Tiny&lt;HardwareSerial,Serial_&gt; wisol(&amp;Serial,&amp;SerialUSB,3,true);
                            ^
/home/ec2-user/arduino-testlib/cli-datadir/user/libraries/Tinyfox/examples/Tiny_advance_debuging/Tiny_advance_debuging.ino:21:45: error: &#39;SerialUSB&#39; was not declared in this scope
 Tiny&lt;HardwareSerial,Serial_&gt; wisol(&amp;Serial,&amp;SerialUSB,3,true);
                                             ^
/home/ec2-user/arduino-testlib/cli-datadir/user/libraries/Tinyfox/examples/Tiny_advance_debuging/Tiny_advance_debuging.ino:21:61: error: expression list treated as compound expression in initializer [-fpermissive]
 Tiny&lt;HardwareSerial,Serial_&gt; wisol(&amp;Serial,&amp;SerialUSB,3,true);
                                                             ^
/home/ec2-user/arduino-testlib/cli-datadir/user/libraries/Tinyfox/examples/Tiny_advance_debuging/Tiny_advance_debuging.ino: In function &#39;void setup()&#39;:
/home/ec2-user/arduino-testlib/cli-datadir/user/libraries/Tinyfox/examples/Tiny_advance_debuging/Tiny_advance_debuging.ino:30:3: error: &#39;SerialUSB&#39; was not declared in this scope
   SerialUSB.begin(115200);
   ^
/home/ec2-user/arduino-testlib/cli-datadir/user/libraries/Tinyfox/examples/Tiny_advance_debuging/Tiny_advance_debuging.ino:34:9: error: request for member &#39;begin&#39; in &#39;wisol&#39;, which is of non-class type &#39;int&#39;
   wisol.begin(9600);
         ^
/home/ec2-user/arduino-testlib/cli-datadir/user/libraries/Tinyfox/examples/Tiny_advance_debuging/Tiny_advance_debuging.ino: In function &#39;void loop()&#39;:
/home/ec2-user/arduino-testlib/cli-datadir/user/libraries/Tinyfox/examples/Tiny_advance_debuging/Tiny_advance_debuging.ino:46:5: error: &#39;SerialUSB&#39; was not declared in this scope
     SerialUSB.println(&#34;Tx&#34;);
     ^
/home/ec2-user/arduino-testlib/cli-datadir/user/libraries/Tinyfox/examples/Tiny_advance_debuging/Tiny_advance_debuging.ino:47:11: error: request for member &#39;RST&#39; in &#39;wisol&#39;, which is of non-class type &#39;int&#39;
     wisol.RST();
           ^
/home/ec2-user/arduino-testlib/cli-datadir/user/libraries/Tinyfox/examples/Tiny_advance_debuging/Tiny_advance_debuging.ino:59:35: error: request for member &#39;SEND_RCV&#39; in &#39;wisol&#39;, which is of non-class type &#39;int&#39;
     String valor_recibido = wisol.SEND_RCV( String(msg) ); //aproximandamente esperar 1 minuto    
                                   ^
/home/ec2-user/arduino-testlib/cli-datadir/user/libraries/Tinyfox/examples/Tiny_advance_debuging/Tiny_advance_debuging.ino:61:57: error: expression list treated as compound expression in functional cast [-fpermissive]
     uint8_t  a = int( valor_recibido.substring(0,2), HEX);//primeros 2 digitos hex. fisrt 2 hex digitis
                                                         ^
/home/ec2-user/arduino-testlib/cli-datadir/user/libraries/Tinyfox/examples/Tiny_advance_debuging/Tiny_advance_debuging.ino:62:57: error: expression list treated as compound expression in functional cast [-fpermissive]
     uint16_t b = int( valor_recibido.substring(2,6), HEX);//siguientes 4 digitos hex. next 4 hex digitis
                                                         ^
/home/ec2-user/arduino-testlib/cli-datadir/user/libraries/Tinyfox/examples/Tiny_advance_debuging/Tiny_advance_debuging.ino:68:11: error: request for member &#39;SLEEP&#39; in &#39;wisol&#39;, which is of non-class type &#39;int&#39;
     wisol.SLEEP();
           ^

</pre>
					
					<h4>examples/Tiny_snprintf</h4>
					<p>
						Result: <b>FAIL</b>
					</p>
					<pre class="pre-scrollable">/home/ec2-user/arduino-testlib/cli-datadir/user/libraries/Tinyfox/examples/Tiny_snprintf/Tiny_snprintf.ino:8:21: error: &#39;Serial_&#39; was not declared in this scope
 Tiny&lt;HardwareSerial,Serial_&gt; wisol(&amp;Serial1,&amp;Serial,12,true);//leonardo
                     ^
/home/ec2-user/arduino-testlib/cli-datadir/user/libraries/Tinyfox/examples/Tiny_snprintf/Tiny_snprintf.ino:8:28: error: template argument 2 is invalid
 Tiny&lt;HardwareSerial,Serial_&gt; wisol(&amp;Serial1,&amp;Serial,12,true);//leonardo
                            ^
/home/ec2-user/arduino-testlib/cli-datadir/user/libraries/Tinyfox/examples/Tiny_snprintf/Tiny_snprintf.ino:8:60: error: expression list treated as compound expression in initializer [-fpermissive]
 Tiny&lt;HardwareSerial,Serial_&gt; wisol(&amp;Serial1,&amp;Serial,12,true);//leonardo
                                                            ^
/home/ec2-user/arduino-testlib/cli-datadir/user/libraries/Tinyfox/examples/Tiny_snprintf/Tiny_snprintf.ino: In function &#39;void setup()&#39;:
/home/ec2-user/arduino-testlib/cli-datadir/user/libraries/Tinyfox/examples/Tiny_snprintf/Tiny_snprintf.ino:18:9: error: request for member &#39;begin&#39; in &#39;wisol&#39;, which is of non-class type &#39;int&#39;
   wisol.begin(9600);
         ^
/home/ec2-user/arduino-testlib/cli-datadir/user/libraries/Tinyfox/examples/Tiny_snprintf/Tiny_snprintf.ino: In function &#39;void loop()&#39;:
/home/ec2-user/arduino-testlib/cli-datadir/user/libraries/Tinyfox/examples/Tiny_snprintf/Tiny_snprintf.ino:31:11: error: request for member &#39;RST&#39; in &#39;wisol&#39;, which is of non-class type &#39;int&#39;
     wisol.RST();
           ^
/home/ec2-user/arduino-testlib/cli-datadir/user/libraries/Tinyfox/examples/Tiny_snprintf/Tiny_snprintf.ino:45:35: error: request for member &#39;SEND_RCV&#39; in &#39;wisol&#39;, which is of non-class type &#39;int&#39;
     String valor_recibido = wisol.SEND_RCV( String(msg) ); //aproximandamente esperar 1 minuto    
                                   ^
/home/ec2-user/arduino-testlib/cli-datadir/user/libraries/Tinyfox/examples/Tiny_snprintf/Tiny_snprintf.ino:47:57: error: expression list treated as compound expression in functional cast [-fpermissive]
     uint8_t  a = int( valor_recibido.substring(0,2), HEX);//primeros 2 digitos hex. fisrt 2 hex digitis
                                                         ^
/home/ec2-user/arduino-testlib/cli-datadir/user/libraries/Tinyfox/examples/Tiny_snprintf/Tiny_snprintf.ino:48:57: error: expression list treated as compound expression in functional cast [-fpermissive]
     uint16_t b = int( valor_recibido.substring(2,6), HEX);//siguientes 4 digitos hex. next 4 hex digitis
                                                         ^
/home/ec2-user/arduino-testlib/cli-datadir/user/libraries/Tinyfox/examples/Tiny_snprintf/Tiny_snprintf.ino:54:11: error: request for member &#39;SLEEP&#39; in &#39;wisol&#39;, which is of non-class type &#39;int&#39;
     wisol.SLEEP();
           ^

</pre>
					
					<h4>examples/humedad_de_suelo</h4>
					<p>
						Result: <b>FAIL</b>
					</p>
					<pre class="pre-scrollable">/home/ec2-user/arduino-testlib/cli-datadir/user/libraries/Tinyfox/examples/humedad_de_suelo/humedad_de_suelo.ino:19:21: error: &#39;Serial_&#39; was not declared in this scope
 Tiny&lt;HardwareSerial,Serial_&gt; wisol(&amp;Serial1,&amp;Serial,12,true);//leonardo
                     ^
/home/ec2-user/arduino-testlib/cli-datadir/user/libraries/Tinyfox/examples/humedad_de_suelo/humedad_de_suelo.ino:19:28: error: template argument 2 is invalid
 Tiny&lt;HardwareSerial,Serial_&gt; wisol(&amp;Serial1,&amp;Serial,12,true);//leonardo
                            ^
/home/ec2-user/arduino-testlib/cli-datadir/user/libraries/Tinyfox/examples/humedad_de_suelo/humedad_de_suelo.ino:19:60: error: expression list treated as compound expression in initializer [-fpermissive]
 Tiny&lt;HardwareSerial,Serial_&gt; wisol(&amp;Serial1,&amp;Serial,12,true);//leonardo
                                                            ^
/home/ec2-user/arduino-testlib/cli-datadir/user/libraries/Tinyfox/examples/humedad_de_suelo/humedad_de_suelo.ino: In function &#39;void setup()&#39;:
/home/ec2-user/arduino-testlib/cli-datadir/user/libraries/Tinyfox/examples/humedad_de_suelo/humedad_de_suelo.ino:27:8: error: request for member &#39;begin&#39; in &#39;wisol&#39;, which is of non-class type &#39;int&#39;
  wisol.begin(9600);
        ^
/home/ec2-user/arduino-testlib/cli-datadir/user/libraries/Tinyfox/examples/humedad_de_suelo/humedad_de_suelo.ino: In function &#39;void loop()&#39;:
/home/ec2-user/arduino-testlib/cli-datadir/user/libraries/Tinyfox/examples/humedad_de_suelo/humedad_de_suelo.ino:41:12: error: request for member &#39;RST&#39; in &#39;wisol&#39;, which is of non-class type &#39;int&#39;
      wisol.RST(); 
            ^
/home/ec2-user/arduino-testlib/cli-datadir/user/libraries/Tinyfox/examples/humedad_de_suelo/humedad_de_suelo.ino:53:36: error: request for member &#39;TEMP&#39; in &#39;wisol&#39;, which is of non-class type &#39;int&#39;
      int16_t temperatura_w = wisol.TEMP();     //int=16bits=2bytes
                                    ^
/home/ec2-user/arduino-testlib/cli-datadir/user/libraries/Tinyfox/examples/humedad_de_suelo/humedad_de_suelo.ino:54:31: error: request for member &#39;VOLT&#39; in &#39;wisol&#39;, which is of non-class type &#39;int&#39;
      uint16_t bateria = wisol.VOLT();         //int=16bits=2bytes
                               ^
/home/ec2-user/arduino-testlib/cli-datadir/user/libraries/Tinyfox/examples/humedad_de_suelo/humedad_de_suelo.ino:69:27: error: request for member &#39;SEND&#39; in &#39;wisol&#39;, which is of non-class type &#39;int&#39;
      Serial.println(wisol.SEND(buff)); //Envio de datos Sigfox
                           ^
/home/ec2-user/arduino-testlib/cli-datadir/user/libraries/Tinyfox/examples/humedad_de_suelo/humedad_de_suelo.ino:72:12: error: request for member &#39;SLEEP&#39; in &#39;wisol&#39;, which is of non-class type &#39;int&#39;
      wisol.SLEEP(); 
            ^

</pre>
					
					<h4>examples/leonardoID_PAC</h4>
					<p>
						Result: <b>FAIL</b>
					</p>
					<pre class="pre-scrollable">/home/ec2-user/arduino-testlib/cli-datadir/user/libraries/Tinyfox/examples/leonardoID_PAC/leonardoID_PAC.ino:11:21: error: &#39;Serial_&#39; was not declared in this scope
 Tiny&lt;HardwareSerial,Serial_&gt; wisol(&amp;Serial1,&amp;Serial,12,true);//leonardo
                     ^
/home/ec2-user/arduino-testlib/cli-datadir/user/libraries/Tinyfox/examples/leonardoID_PAC/leonardoID_PAC.ino:11:28: error: template argument 2 is invalid
 Tiny&lt;HardwareSerial,Serial_&gt; wisol(&amp;Serial1,&amp;Serial,12,true);//leonardo
                            ^
/home/ec2-user/arduino-testlib/cli-datadir/user/libraries/Tinyfox/examples/leonardoID_PAC/leonardoID_PAC.ino:11:60: error: expression list treated as compound expression in initializer [-fpermissive]
 Tiny&lt;HardwareSerial,Serial_&gt; wisol(&amp;Serial1,&amp;Serial,12,true);//leonardo
                                                            ^
/home/ec2-user/arduino-testlib/cli-datadir/user/libraries/Tinyfox/examples/leonardoID_PAC/leonardoID_PAC.ino: In function &#39;void setup()&#39;:
/home/ec2-user/arduino-testlib/cli-datadir/user/libraries/Tinyfox/examples/leonardoID_PAC/leonardoID_PAC.ino:15:9: error: request for member &#39;begin&#39; in &#39;wisol&#39;, which is of non-class type &#39;int&#39;
   wisol.begin(9600);
         ^
/home/ec2-user/arduino-testlib/cli-datadir/user/libraries/Tinyfox/examples/leonardoID_PAC/leonardoID_PAC.ino:22:24: error: request for member &#39;ID&#39; in &#39;wisol&#39;, which is of non-class type &#39;int&#39;
   Serial.println(wisol.ID());
                        ^
/home/ec2-user/arduino-testlib/cli-datadir/user/libraries/Tinyfox/examples/leonardoID_PAC/leonardoID_PAC.ino:25:24: error: request for member &#39;PAC&#39; in &#39;wisol&#39;, which is of non-class type &#39;int&#39;
   Serial.println(wisol.PAC());
                        ^

</pre>
					
					<h4>examples/squeezing_data_into12bytes</h4>
					<p>
						Result: <b>PASS</b>
					</p>
					<pre class="pre-scrollable">WARNING: library Ufox claims to run on avr architecture(s) and may be incompatible with your current board which runs on esp32 architecture(s).
Sketch uses 207790 bytes (15%) of program storage space. Maximum is 1310720 bytes.
Global variables use 13560 bytes (4%) of dynamic memory, leaving 314120 bytes for local variables. Maximum is 327680 bytes.
</pre>
					
					<h4>examples/temperatura_humedad</h4>
					<p>
						Result: <b>FAIL</b>
					</p>
					<pre class="pre-scrollable">/home/ec2-user/arduino-testlib/cli-datadir/user/libraries/Tinyfox/examples/temperatura_humedad/temperatura_humedad.ino:22:21: error: &#39;Serial_&#39; was not declared in this scope
 Tiny&lt;HardwareSerial,Serial_&gt; wisol(&amp;Serial1,&amp;Serial,12,true);//leonardo
                     ^
/home/ec2-user/arduino-testlib/cli-datadir/user/libraries/Tinyfox/examples/temperatura_humedad/temperatura_humedad.ino:22:28: error: template argument 2 is invalid
 Tiny&lt;HardwareSerial,Serial_&gt; wisol(&amp;Serial1,&amp;Serial,12,true);//leonardo
                            ^
/home/ec2-user/arduino-testlib/cli-datadir/user/libraries/Tinyfox/examples/temperatura_humedad/temperatura_humedad.ino:22:60: error: expression list treated as compound expression in initializer [-fpermissive]
 Tiny&lt;HardwareSerial,Serial_&gt; wisol(&amp;Serial1,&amp;Serial,12,true);//leonardo
                                                            ^
/home/ec2-user/arduino-testlib/cli-datadir/user/libraries/Tinyfox/examples/temperatura_humedad/temperatura_humedad.ino: In function &#39;void setup()&#39;:
/home/ec2-user/arduino-testlib/cli-datadir/user/libraries/Tinyfox/examples/temperatura_humedad/temperatura_humedad.ino:35:8: error: request for member &#39;begin&#39; in &#39;wisol&#39;, which is of non-class type &#39;int&#39;
  wisol.begin(9600);
        ^
/home/ec2-user/arduino-testlib/cli-datadir/user/libraries/Tinyfox/examples/temperatura_humedad/temperatura_humedad.ino: In function &#39;void loop()&#39;:
/home/ec2-user/arduino-testlib/cli-datadir/user/libraries/Tinyfox/examples/temperatura_humedad/temperatura_humedad.ino:50:12: error: request for member &#39;RST&#39; in &#39;wisol&#39;, which is of non-class type &#39;int&#39;
      wisol.RST(); 
            ^
/home/ec2-user/arduino-testlib/cli-datadir/user/libraries/Tinyfox/examples/temperatura_humedad/temperatura_humedad.ino:55:36: error: request for member &#39;TEMP&#39; in &#39;wisol&#39;, which is of non-class type &#39;int&#39;
      int16_t temperatura_w = wisol.TEMP();     //int=16bits=2bytes
                                    ^
/home/ec2-user/arduino-testlib/cli-datadir/user/libraries/Tinyfox/examples/temperatura_humedad/temperatura_humedad.ino:56:31: error: request for member &#39;VOLT&#39; in &#39;wisol&#39;, which is of non-class type &#39;int&#39;
      uint16_t bateria = wisol.VOLT();         //int=16bits=2bytes
                               ^
/home/ec2-user/arduino-testlib/cli-datadir/user/libraries/Tinyfox/examples/temperatura_humedad/temperatura_humedad.ino:71:27: error: request for member &#39;SEND&#39; in &#39;wisol&#39;, which is of non-class type &#39;int&#39;
      Serial.println(wisol.SEND(buff)); //Envio de datos Sigfox
                           ^
/home/ec2-user/arduino-testlib/cli-datadir/user/libraries/Tinyfox/examples/temperatura_humedad/temperatura_humedad.ino:74:12: error: request for member &#39;SLEEP&#39; in &#39;wisol&#39;, which is of non-class type &#39;int&#39;
      wisol.SLEEP(); 
            ^
Multiple libraries were found for &#34;DHT.h&#34;
  Used: /home/ec2-user/arduino-testlib/cli-datadir/user/libraries/DHT_sensor_library
  Not used: /home/ec2-user/arduino-testlib/cli-datadir/user/libraries/NanoPlayBoard
  Not used: /home/ec2-user/arduino-testlib/cli-datadir/user/libraries/Grove_Temperature_And_Humidity_Sensor
  Not used: /home/ec2-user/arduino-testlib/cli-datadir/user/libraries/uKit_Explore
Multiple libraries were found for &#34;Adafruit_Sensor.h&#34;
  Used: /home/ec2-user/arduino-testlib/cli-datadir/user/libraries/Adafruit_Unified_Sensor
  Not used: /home/ec2-user/arduino-testlib/cli-datadir/user/libraries/ArdUAV
  Not used: /home/ec2-user/arduino-testlib/cli-datadir/user/libraries/ClimaStick
</pre>
					
				
			</div>
		</div>
	</div>
  </body>
</html>
