
<!doctype html>
<html lang="en">
  <head>
    <meta charset="utf-8">
    <meta name="viewport" content="width=device-width, initial-scale=1">
    <link href="https://cdn.jsdelivr.net/npm/bootstrap@5.0.2/dist/css/bootstrap.min.css" rel="stylesheet" integrity="sha384-EVSTQN3/azprG1Anm3QDgpJLIm9Nao0Yz1ztcQTwFspd3yD65VohhpuuCOmLASjC" crossorigin="anonymous">
    <title>arduino-testlib report</title>
	<style>
	.pass { background-color: #00FF00 !important; }
	.fail { background-color: #FF0000 !important; }
	</style>
  </head>
  <body>
	<div class="container">
		<div class="row">
			<div class="col">
				<h1>TLC5916_Lite - compatibility matrix</h1>
				<p>
					<small>This report was generated on Wednesday, 23-Feb-22 22:48:15 CET using 
					<a href="https://github.com/alranel/arduino-testlib">arduino-testlib</a>.</small>
				</p>

				<h2>TLC5916_Lite</h2>
				<p>
					Version: <b>1.0.0</b>
					<br />
					<a href="https://www.arduino.cc/reference/en/libraries/tlc5916_lite/">More details</a>
				</p>

				<h2>Compatibility matrix</h2>
				<table class="table table-bordered">
					<tr>
						<th>Board</th>
						<th>Claims compatibility</th>
						<th>Inclusion</th>
						
						<th><pre>TLC5916_Lite_Demo</pre></th>
						
						<th><pre>TLC5916_Lite_Driver_CG</pre></th>
						
						<th><pre>TLC5916_Lite_Driver_OCED</pre></th>
						
					</tr>
					
					<tr>
						<td>
							<a href="#arduino%3aavr%3auno"><b>arduino:avr:uno</b></a>
							<br />
							<small>1.8.4</small>
						</td>

						
						
						
							<td>Yes ⚠️</td>
							<td class="fail">FAIL</td>
						
						

						
							
								
									
										
											
											<td class="fail">FAIL</td>
										
									
										
									
										
									
								
							
								
							
								
							
								
							
								
							
						
							
								
									
										
									
										
											
											<td class="fail">FAIL</td>
										
									
										
									
								
							
								
							
								
							
								
							
								
							
						
							
								
									
										
									
										
									
										
											
											<td class="fail">FAIL</td>
										
									
								
							
								
							
								
							
								
							
								
							
						
					</tr>
					
					<tr>
						<td>
							<a href="#arduino%3ambed_nano%3ananorp2040connect"><b>arduino:mbed_nano:nanorp2040connect</b></a>
							<br />
							<small>2.7.2</small>
						</td>

						
						
						
						
							<td>No</td>
							<td class="fail">FAIL</td>
						

						
							
								
							
								
									
										
											
											<td class="fail">FAIL</td>
										
									
										
									
										
									
								
							
								
							
								
							
								
							
						
							
								
							
								
									
										
									
										
											
											<td class="fail">FAIL</td>
										
									
										
									
								
							
								
							
								
							
								
							
						
							
								
							
								
									
										
									
										
									
										
											
											<td class="fail">FAIL</td>
										
									
								
							
								
							
								
							
								
							
						
					</tr>
					
					<tr>
						<td>
							<a href="#arduino%3amegaavr%3anona4809"><b>arduino:megaavr:nona4809</b></a>
							<br />
							<small>1.8.7</small>
						</td>

						
						
						
						
							<td>No</td>
							<td class="fail">FAIL</td>
						

						
							
								
							
								
							
								
									
										
											
											<td class="fail">FAIL</td>
										
									
										
									
										
									
								
							
								
							
								
							
						
							
								
							
								
							
								
									
										
									
										
											
											<td class="fail">FAIL</td>
										
									
										
									
								
							
								
							
								
							
						
							
								
							
								
							
								
									
										
									
										
									
										
											
											<td class="fail">FAIL</td>
										
									
								
							
								
							
								
							
						
					</tr>
					
					<tr>
						<td>
							<a href="#arduino%3asamd%3amkrwifi1010"><b>arduino:samd:mkrwifi1010</b></a>
							<br />
							<small>1.8.12</small>
						</td>

						
						
						
						
							<td>No</td>
							<td class="fail">FAIL</td>
						

						
							
								
							
								
							
								
							
								
									
										
											
											<td class="fail">FAIL</td>
										
									
										
									
										
									
								
							
								
							
						
							
								
							
								
							
								
							
								
									
										
									
										
											
											<td class="fail">FAIL</td>
										
									
										
									
								
							
								
							
						
							
								
							
								
							
								
							
								
									
										
									
										
									
										
											
											<td class="fail">FAIL</td>
										
									
								
							
								
							
						
					</tr>
					
					<tr>
						<td>
							<a href="#esp32%3aesp32%3ad1_mini32"><b>esp32:esp32:d1_mini32</b></a>
							<br />
							<small>1.0.6</small>
						</td>

						
						
						
						
							<td>No</td>
							<td class="fail">FAIL</td>
						

						
							
								
							
								
							
								
							
								
							
								
									
										
											
											<td class="fail">FAIL</td>
										
									
										
									
										
									
								
							
						
							
								
							
								
							
								
							
								
							
								
									
										
									
										
											
											<td class="fail">FAIL</td>
										
									
										
									
								
							
						
							
								
							
								
							
								
							
								
							
								
									
										
									
										
									
										
											
											<td class="fail">FAIL</td>
										
									
								
							
						
					</tr>
					
				</table>

				<h2>Compilation logs</h2>
				
				<h3 id="arduino:avr:uno">arduino:avr:uno @ 1.8.4</h3>
				<h4>Inclusion</h4>
				<p>
					Result: <b>FAIL</b>
					
				</p>
				<pre class="pre-scrollable">/home/ec2-user/arduino-testlib/cli-datadir/user/libraries/TLC5916_Lite/TCL5916_Lite.cpp:17:1: error: &#39;TLC5916&#39; does not name a type; did you mean &#39;TLC5916_Lite&#39;?
 TLC5916::TLC5916(uint8_t sdi, uint8_t clk, uint8_t oe, uint8_t le, uint8_t sdo) {
 ^~~~~~~
 TLC5916_Lite
/home/ec2-user/arduino-testlib/cli-datadir/user/libraries/TLC5916_Lite/TCL5916_Lite.cpp:36:6: error: &#39;TLC5916&#39; has not been declared
 void TLC5916::transmit(uint8_t p, uint8_t c, bool l) {
      ^~~~~~~
/home/ec2-user/arduino-testlib/cli-datadir/user/libraries/TLC5916_Lite/TCL5916_Lite.cpp: In function &#39;void transmit(uint8_t, uint8_t, bool)&#39;:
/home/ec2-user/arduino-testlib/cli-datadir/user/libraries/TLC5916_Lite/TCL5916_Lite.cpp:37:2: error: &#39;sendBits&#39; was not declared in this scope
  sendBits(p, 0, 0, c);
  ^~~~~~~~
/home/ec2-user/arduino-testlib/cli-datadir/user/libraries/TLC5916_Lite/TCL5916_Lite.cpp:38:8: error: &#39;pulseLatch&#39; was not declared in this scope
  if(l) pulseLatch();
        ^~~~~~~~~~
/home/ec2-user/arduino-testlib/cli-datadir/user/libraries/TLC5916_Lite/TCL5916_Lite.cpp:38:8: note: suggested alternative: &#39;pulseIn&#39;
  if(l) pulseLatch();
        ^~~~~~~~~~
        pulseIn
/home/ec2-user/arduino-testlib/cli-datadir/user/libraries/TLC5916_Lite/TCL5916_Lite.cpp: At global scope:
/home/ec2-user/arduino-testlib/cli-datadir/user/libraries/TLC5916_Lite/TCL5916_Lite.cpp:41:6: error: &#39;TLC5916&#39; has not been declared
 void TLC5916::enableOutput() {
      ^~~~~~~
/home/ec2-user/arduino-testlib/cli-datadir/user/libraries/TLC5916_Lite/TCL5916_Lite.cpp: In function &#39;void enableOutput()&#39;:
/home/ec2-user/arduino-testlib/cli-datadir/user/libraries/TLC5916_Lite/TCL5916_Lite.cpp:42:15: error: &#39;OE&#39; was not declared in this scope
  digitalWrite(OE, LOW);
               ^~
/home/ec2-user/arduino-testlib/cli-datadir/user/libraries/TLC5916_Lite/TCL5916_Lite.cpp:42:15: note: suggested alternative: &#39;SE&#39;
  digitalWrite(OE, LOW);
               ^~
               SE
/home/ec2-user/arduino-testlib/cli-datadir/user/libraries/TLC5916_Lite/TCL5916_Lite.cpp: At global scope:
/home/ec2-user/arduino-testlib/cli-datadir/user/libraries/TLC5916_Lite/TCL5916_Lite.cpp:44:6: error: &#39;TLC5916&#39; has not been declared
 void TLC5916::disableOutput() {
      ^~~~~~~
/home/ec2-user/arduino-testlib/cli-datadir/user/libraries/TLC5916_Lite/TCL5916_Lite.cpp: In function &#39;void disableOutput()&#39;:
/home/ec2-user/arduino-testlib/cli-datadir/user/libraries/TLC5916_Lite/TCL5916_Lite.cpp:45:15: error: &#39;OE&#39; was not declared in this scope
  digitalWrite(OE, HIGH);
               ^~
/home/ec2-user/arduino-testlib/cli-datadir/user/libraries/TLC5916_Lite/TCL5916_Lite.cpp:45:15: note: suggested alternative: &#39;SE&#39;
  digitalWrite(OE, HIGH);
               ^~
               SE
/home/ec2-user/arduino-testlib/cli-datadir/user/libraries/TLC5916_Lite/TCL5916_Lite.cpp: At global scope:
/home/ec2-user/arduino-testlib/cli-datadir/user/libraries/TLC5916_Lite/TCL5916_Lite.cpp:48:6: error: &#39;TLC5916&#39; has not been declared
 void TLC5916::allOn(uint8_t n) {
      ^~~~~~~
/home/ec2-user/arduino-testlib/cli-datadir/user/libraries/TLC5916_Lite/TCL5916_Lite.cpp:54:6: error: &#39;TLC5916&#39; has not been declared
 void TLC5916::allOff(uint8_t n) {
      ^~~~~~~
/home/ec2-user/arduino-testlib/cli-datadir/user/libraries/TLC5916_Lite/TCL5916_Lite.cpp:62:6: error: &#39;TLC5916&#39; has not been declared
 void TLC5916::switchToSpecialMode() {
      ^~~~~~~
/home/ec2-user/arduino-testlib/cli-datadir/user/libraries/TLC5916_Lite/TCL5916_Lite.cpp: In function &#39;void switchToSpecialMode()&#39;:
/home/ec2-user/arduino-testlib/cli-datadir/user/libraries/TLC5916_Lite/TCL5916_Lite.cpp:63:2: error: &#39;sendBits&#39; was not declared in this scope
  sendBits(DATA_NULL, STSM_OE, STSM_LE, PACKET_MODE);
  ^~~~~~~~
/home/ec2-user/arduino-testlib/cli-datadir/user/libraries/TLC5916_Lite/TCL5916_Lite.cpp: At global scope:
/home/ec2-user/arduino-testlib/cli-datadir/user/libraries/TLC5916_Lite/TCL5916_Lite.cpp:66:6: error: &#39;TLC5916&#39; has not been declared
 void TLC5916::switchToNormalMode() { 
      ^~~~~~~
/home/ec2-user/arduino-testlib/cli-datadir/user/libraries/TLC5916_Lite/TCL5916_Lite.cpp: In function &#39;void switchToNormalMode()&#39;:
/home/ec2-user/arduino-testlib/cli-datadir/user/libraries/TLC5916_Lite/TCL5916_Lite.cpp:67:2: error: &#39;sendBits&#39; was not declared in this scope
  sendBits(DATA_NULL, STNM_OE, STNM_LE, PACKET_MODE);
  ^~~~~~~~
/home/ec2-user/arduino-testlib/cli-datadir/user/libraries/TLC5916_Lite/TCL5916_Lite.cpp: At global scope:
/home/ec2-user/arduino-testlib/cli-datadir/user/libraries/TLC5916_Lite/TCL5916_Lite.cpp:70:6: error: &#39;TLC5916&#39; has not been declared
 void TLC5916::writeConfiguration(uint8_t c) {
      ^~~~~~~
/home/ec2-user/arduino-testlib/cli-datadir/user/libraries/TLC5916_Lite/TCL5916_Lite.cpp: In function &#39;void writeConfiguration(uint8_t)&#39;:
/home/ec2-user/arduino-testlib/cli-datadir/user/libraries/TLC5916_Lite/TCL5916_Lite.cpp:71:2: error: &#39;sendBits&#39; was not declared in this scope
  sendBits(c, WCC_OE, WCC_LE, PACKET_FULL);
  ^~~~~~~~
/home/ec2-user/arduino-testlib/cli-datadir/user/libraries/TLC5916_Lite/TCL5916_Lite.cpp: At global scope:
/home/ec2-user/arduino-testlib/cli-datadir/user/libraries/TLC5916_Lite/TCL5916_Lite.cpp:74:9: error: &#39;TLC5916&#39; has not been declared
 uint8_t TLC5916::readErrorCodeStatus() { 
         ^~~~~~~
/home/ec2-user/arduino-testlib/cli-datadir/user/libraries/TLC5916_Lite/TCL5916_Lite.cpp: In function &#39;uint8_t readErrorCodeStatus()&#39;:
/home/ec2-user/arduino-testlib/cli-datadir/user/libraries/TLC5916_Lite/TCL5916_Lite.cpp:76:2: error: &#39;generateErrorCodeStatus&#39; was not declared in this scope
  generateErrorCodeStatus();
  ^~~~~~~~~~~~~~~~~~~~~~~
/home/ec2-user/arduino-testlib/cli-datadir/user/libraries/TLC5916_Lite/TCL5916_Lite.cpp:76:2: note: suggested alternative: &#39;readErrorCodeStatus&#39;
  generateErrorCodeStatus();
  ^~~~~~~~~~~~~~~~~~~~~~~
  readErrorCodeStatus
/home/ec2-user/arduino-testlib/cli-datadir/user/libraries/TLC5916_Lite/TCL5916_Lite.cpp:77:15: error: &#39;CLK&#39; was not declared in this scope
  digitalWrite(CLK, HIGH);
               ^~~
/home/ec2-user/arduino-testlib/cli-datadir/user/libraries/TLC5916_Lite/TCL5916_Lite.cpp:79:18: error: &#39;SDO&#39; was not declared in this scope
  if( digitalRead(SDO) ) {
                  ^~~
/home/ec2-user/arduino-testlib/cli-datadir/user/libraries/TLC5916_Lite/TCL5916_Lite.cpp:79:18: note: suggested alternative: &#39;SDA&#39;
  if( digitalRead(SDO) ) {
                  ^~~
                  SDA
/home/ec2-user/arduino-testlib/cli-datadir/user/libraries/TLC5916_Lite/TCL5916_Lite.cpp:86:20: error: &#39;SDO&#39; was not declared in this scope
   if(  digitalRead(SDO) ) {
                    ^~~
/home/ec2-user/arduino-testlib/cli-datadir/user/libraries/TLC5916_Lite/TCL5916_Lite.cpp:86:20: note: suggested alternative: &#39;SDA&#39;
   if(  digitalRead(SDO) ) {
                    ^~~
                    SDA
/home/ec2-user/arduino-testlib/cli-datadir/user/libraries/TLC5916_Lite/TCL5916_Lite.cpp: At global scope:
/home/ec2-user/arduino-testlib/cli-datadir/user/libraries/TLC5916_Lite/TCL5916_Lite.cpp:101:6: error: &#39;TLC5916&#39; has not been declared
 void TLC5916::sendBits(uint8_t d, uint8_t o, uint8_t l, uint8_t c) {
      ^~~~~~~
/home/ec2-user/arduino-testlib/cli-datadir/user/libraries/TLC5916_Lite/TCL5916_Lite.cpp: In function &#39;void sendBits(uint8_t, uint8_t, uint8_t, uint8_t)&#39;:
/home/ec2-user/arduino-testlib/cli-datadir/user/libraries/TLC5916_Lite/TCL5916_Lite.cpp:105:18: error: &#39;SDI&#39; was not declared in this scope
     digitalWrite(SDI, (d &amp; bitMask) &gt; 0);
                  ^~~
/home/ec2-user/arduino-testlib/cli-datadir/user/libraries/TLC5916_Lite/TCL5916_Lite.cpp:105:18: note: suggested alternative: &#39;SDA&#39;
     digitalWrite(SDI, (d &amp; bitMask) &gt; 0);
                  ^~~
                  SDA
/home/ec2-user/arduino-testlib/cli-datadir/user/libraries/TLC5916_Lite/TCL5916_Lite.cpp:106:18: error: &#39;OE&#39; was not declared in this scope
     digitalWrite(OE, (o &amp; bitMask) &gt; 0);
                  ^~
/home/ec2-user/arduino-testlib/cli-datadir/user/libraries/TLC5916_Lite/TCL5916_Lite.cpp:106:18: note: suggested alternative: &#39;SE&#39;
     digitalWrite(OE, (o &amp; bitMask) &gt; 0);
                  ^~
                  SE
/home/ec2-user/arduino-testlib/cli-datadir/user/libraries/TLC5916_Lite/TCL5916_Lite.cpp:107:18: error: &#39;LE&#39; was not declared in this scope
     digitalWrite(LE, (l &amp; bitMask) &gt; 0);
                  ^~
/home/ec2-user/arduino-testlib/cli-datadir/user/libraries/TLC5916_Lite/TCL5916_Lite.cpp:107:18: note: suggested alternative: &#39;SE&#39;
     digitalWrite(LE, (l &amp; bitMask) &gt; 0);
                  ^~
                  SE
/home/ec2-user/arduino-testlib/cli-datadir/user/libraries/TLC5916_Lite/TCL5916_Lite.cpp:109:18: error: &#39;CLK&#39; was not declared in this scope
     digitalWrite(CLK, HIGH);
                  ^~~
/home/ec2-user/arduino-testlib/cli-datadir/user/libraries/TLC5916_Lite/TCL5916_Lite.cpp:112:16: error: &#39;SDI&#39; was not declared in this scope
   digitalWrite(SDI, LOW);
                ^~~
/home/ec2-user/arduino-testlib/cli-datadir/user/libraries/TLC5916_Lite/TCL5916_Lite.cpp:112:16: note: suggested alternative: &#39;SDA&#39;
   digitalWrite(SDI, LOW);
                ^~~
                SDA
/home/ec2-user/arduino-testlib/cli-datadir/user/libraries/TLC5916_Lite/TCL5916_Lite.cpp: At global scope:
/home/ec2-user/arduino-testlib/cli-datadir/user/libraries/TLC5916_Lite/TCL5916_Lite.cpp:115:6: error: &#39;TLC5916&#39; has not been declared
 void TLC5916::pulseLatch() {
      ^~~~~~~
/home/ec2-user/arduino-testlib/cli-datadir/user/libraries/TLC5916_Lite/TCL5916_Lite.cpp: In function &#39;void pulseLatch()&#39;:
/home/ec2-user/arduino-testlib/cli-datadir/user/libraries/TLC5916_Lite/TCL5916_Lite.cpp:116:16: error: &#39;LE&#39; was not declared in this scope
   digitalWrite(LE, HIGH);
                ^~
/home/ec2-user/arduino-testlib/cli-datadir/user/libraries/TLC5916_Lite/TCL5916_Lite.cpp:116:16: note: suggested alternative: &#39;SE&#39;
   digitalWrite(LE, HIGH);
                ^~
                SE
/home/ec2-user/arduino-testlib/cl</pre>

					
					<h4>examples/TLC5916_Lite_Demo</h4>
					<p>
						Result: <b>FAIL</b>
					</p>
					<pre class="pre-scrollable">/home/ec2-user/arduino-testlib/cli-datadir/user/libraries/TLC5916_Lite/examples/TLC5916_Lite_Demo/TLC5916_Lite_Demo.ino:14:10: fatal error: TLC5916.h: No such file or directory
 #include &lt;TLC5916.h&gt;
          ^~~~~~~~~~~
compilation terminated.

</pre>
					
					<h4>examples/TLC5916_Lite_Driver_CG</h4>
					<p>
						Result: <b>FAIL</b>
					</p>
					<pre class="pre-scrollable">/home/ec2-user/arduino-testlib/cli-datadir/user/libraries/TLC5916_Lite/examples/TLC5916_Lite_Driver_CG/TLC5916_Lite_Driver_CG.ino:11:10: fatal error: TLC5916.h: No such file or directory
 #include &#34;TLC5916.h&#34;
          ^~~~~~~~~~~
compilation terminated.

</pre>
					
					<h4>examples/TLC5916_Lite_Driver_OCED</h4>
					<p>
						Result: <b>FAIL</b>
					</p>
					<pre class="pre-scrollable">/home/ec2-user/arduino-testlib/cli-datadir/user/libraries/TLC5916_Lite/examples/TLC5916_Lite_Driver_OCED/TLC5916_Lite_Driver_OCED.ino:11:10: fatal error: TLC5916.h: No such file or directory
 #include &#34;TLC5916.h&#34;
          ^~~~~~~~~~~
compilation terminated.

</pre>
					
				
				<h3 id="arduino:mbed_nano:nanorp2040connect">arduino:mbed_nano:nanorp2040connect @ 2.7.2</h3>
				<h4>Inclusion</h4>
				<p>
					Result: <b>FAIL</b>
					
				</p>
				<pre class="pre-scrollable">WARNING: library TLC5916_Lite claims to run on avr architecture(s) and may be incompatible with your current board which runs on mbed_nano architecture(s).
In file included from /tmp/arduino-testlib4055998428/test/test.ino:1:0:
/home/ec2-user/arduino-testlib/cli-datadir/user/libraries/TLC5916_Lite/TLC5916_Lite.h:37:74: error: ISO C&#43;&#43; forbids declaration of &#39;TLC5916&#39; with no type [-fpermissive]
     TLC5916(uint8_t sdi, uint8_t clk, uint8_t oe, uint8_t le, uint8_t sdo);
                                                                          ^

</pre>

					
					<h4>examples/TLC5916_Lite_Demo</h4>
					<p>
						Result: <b>FAIL</b>
					</p>
					<pre class="pre-scrollable">/home/ec2-user/arduino-testlib/cli-datadir/user/libraries/TLC5916_Lite/examples/TLC5916_Lite_Demo/TLC5916_Lite_Demo.ino:14:10: fatal error: TLC5916.h: No such file or directory
 #include &lt;TLC5916.h&gt;
          ^~~~~~~~~~~
compilation terminated.

</pre>
					
					<h4>examples/TLC5916_Lite_Driver_CG</h4>
					<p>
						Result: <b>FAIL</b>
					</p>
					<pre class="pre-scrollable">/home/ec2-user/arduino-testlib/cli-datadir/user/libraries/TLC5916_Lite/examples/TLC5916_Lite_Driver_CG/TLC5916_Lite_Driver_CG.ino:11:10: fatal error: TLC5916.h: No such file or directory
 #include &#34;TLC5916.h&#34;
          ^~~~~~~~~~~
compilation terminated.

</pre>
					
					<h4>examples/TLC5916_Lite_Driver_OCED</h4>
					<p>
						Result: <b>FAIL</b>
					</p>
					<pre class="pre-scrollable">/home/ec2-user/arduino-testlib/cli-datadir/user/libraries/TLC5916_Lite/examples/TLC5916_Lite_Driver_OCED/TLC5916_Lite_Driver_OCED.ino:11:10: fatal error: TLC5916.h: No such file or directory
 #include &#34;TLC5916.h&#34;
          ^~~~~~~~~~~
compilation terminated.

</pre>
					
				
				<h3 id="arduino:megaavr:nona4809">arduino:megaavr:nona4809 @ 1.8.7</h3>
				<h4>Inclusion</h4>
				<p>
					Result: <b>FAIL</b>
					
				</p>
				<pre class="pre-scrollable">WARNING: library TLC5916_Lite claims to run on avr architecture(s) and may be incompatible with your current board which runs on megaavr architecture(s).
/home/ec2-user/arduino-testlib/cli-datadir/user/libraries/TLC5916_Lite/TCL5916_Lite.cpp:17:1: error: &#39;TLC5916&#39; does not name a type; did you mean &#39;TLC5916_Lite&#39;?
 TLC5916::TLC5916(uint8_t sdi, uint8_t clk, uint8_t oe, uint8_t le, uint8_t sdo) {
 ^~~~~~~
 TLC5916_Lite
/home/ec2-user/arduino-testlib/cli-datadir/user/libraries/TLC5916_Lite/TCL5916_Lite.cpp:36:6: error: &#39;TLC5916&#39; has not been declared
 void TLC5916::transmit(uint8_t p, uint8_t c, bool l) {
      ^~~~~~~
/home/ec2-user/arduino-testlib/cli-datadir/user/libraries/TLC5916_Lite/TCL5916_Lite.cpp: In function &#39;void transmit(uint8_t, uint8_t, bool)&#39;:
/home/ec2-user/arduino-testlib/cli-datadir/user/libraries/TLC5916_Lite/TCL5916_Lite.cpp:37:2: error: &#39;sendBits&#39; was not declared in this scope
  sendBits(p, 0, 0, c);
  ^~~~~~~~
/home/ec2-user/arduino-testlib/cli-datadir/user/libraries/TLC5916_Lite/TCL5916_Lite.cpp:38:8: error: &#39;pulseLatch&#39; was not declared in this scope
  if(l) pulseLatch();
        ^~~~~~~~~~
/home/ec2-user/arduino-testlib/cli-datadir/user/libraries/TLC5916_Lite/TCL5916_Lite.cpp:38:8: note: suggested alternative: &#39;pulseIn&#39;
  if(l) pulseLatch();
        ^~~~~~~~~~
        pulseIn
/home/ec2-user/arduino-testlib/cli-datadir/user/libraries/TLC5916_Lite/TCL5916_Lite.cpp: At global scope:
/home/ec2-user/arduino-testlib/cli-datadir/user/libraries/TLC5916_Lite/TCL5916_Lite.cpp:41:6: error: &#39;TLC5916&#39; has not been declared
 void TLC5916::enableOutput() {
      ^~~~~~~
/home/ec2-user/arduino-testlib/cli-datadir/user/libraries/TLC5916_Lite/TCL5916_Lite.cpp: In function &#39;void enableOutput()&#39;:
/home/ec2-user/arduino-testlib/cli-datadir/user/libraries/TLC5916_Lite/TCL5916_Lite.cpp:42:15: error: &#39;OE&#39; was not declared in this scope
  digitalWrite(OE, LOW);
               ^~
/home/ec2-user/arduino-testlib/cli-datadir/user/libraries/TLC5916_Lite/TCL5916_Lite.cpp:42:15: note: suggested alternative: &#39;PE&#39;
  digitalWrite(OE, LOW);
               ^~
               PE
/home/ec2-user/arduino-testlib/cli-datadir/user/libraries/TLC5916_Lite/TCL5916_Lite.cpp: At global scope:
/home/ec2-user/arduino-testlib/cli-datadir/user/libraries/TLC5916_Lite/TCL5916_Lite.cpp:44:6: error: &#39;TLC5916&#39; has not been declared
 void TLC5916::disableOutput() {
      ^~~~~~~
/home/ec2-user/arduino-testlib/cli-datadir/user/libraries/TLC5916_Lite/TCL5916_Lite.cpp: In function &#39;void disableOutput()&#39;:
/home/ec2-user/arduino-testlib/cli-datadir/user/libraries/TLC5916_Lite/TCL5916_Lite.cpp:45:15: error: &#39;OE&#39; was not declared in this scope
  digitalWrite(OE, HIGH);
               ^~
/home/ec2-user/arduino-testlib/cli-datadir/user/libraries/TLC5916_Lite/TCL5916_Lite.cpp:45:15: note: suggested alternative: &#39;PE&#39;
  digitalWrite(OE, HIGH);
               ^~
               PE
/home/ec2-user/arduino-testlib/cli-datadir/user/libraries/TLC5916_Lite/TCL5916_Lite.cpp: At global scope:
/home/ec2-user/arduino-testlib/cli-datadir/user/libraries/TLC5916_Lite/TCL5916_Lite.cpp:48:6: error: &#39;TLC5916&#39; has not been declared
 void TLC5916::allOn(uint8_t n) {
      ^~~~~~~
/home/ec2-user/arduino-testlib/cli-datadir/user/libraries/TLC5916_Lite/TCL5916_Lite.cpp:54:6: error: &#39;TLC5916&#39; has not been declared
 void TLC5916::allOff(uint8_t n) {
      ^~~~~~~
/home/ec2-user/arduino-testlib/cli-datadir/user/libraries/TLC5916_Lite/TCL5916_Lite.cpp:62:6: error: &#39;TLC5916&#39; has not been declared
 void TLC5916::switchToSpecialMode() {
      ^~~~~~~
/home/ec2-user/arduino-testlib/cli-datadir/user/libraries/TLC5916_Lite/TCL5916_Lite.cpp: In function &#39;void switchToSpecialMode()&#39;:
/home/ec2-user/arduino-testlib/cli-datadir/user/libraries/TLC5916_Lite/TCL5916_Lite.cpp:63:2: error: &#39;sendBits&#39; was not declared in this scope
  sendBits(DATA_NULL, STSM_OE, STSM_LE, PACKET_MODE);
  ^~~~~~~~
/home/ec2-user/arduino-testlib/cli-datadir/user/libraries/TLC5916_Lite/TCL5916_Lite.cpp: At global scope:
/home/ec2-user/arduino-testlib/cli-datadir/user/libraries/TLC5916_Lite/TCL5916_Lite.cpp:66:6: error: &#39;TLC5916&#39; has not been declared
 void TLC5916::switchToNormalMode() { 
      ^~~~~~~
/home/ec2-user/arduino-testlib/cli-datadir/user/libraries/TLC5916_Lite/TCL5916_Lite.cpp: In function &#39;void switchToNormalMode()&#39;:
/home/ec2-user/arduino-testlib/cli-datadir/user/libraries/TLC5916_Lite/TCL5916_Lite.cpp:67:2: error: &#39;sendBits&#39; was not declared in this scope
  sendBits(DATA_NULL, STNM_OE, STNM_LE, PACKET_MODE);
  ^~~~~~~~
/home/ec2-user/arduino-testlib/cli-datadir/user/libraries/TLC5916_Lite/TCL5916_Lite.cpp: At global scope:
/home/ec2-user/arduino-testlib/cli-datadir/user/libraries/TLC5916_Lite/TCL5916_Lite.cpp:70:6: error: &#39;TLC5916&#39; has not been declared
 void TLC5916::writeConfiguration(uint8_t c) {
      ^~~~~~~
/home/ec2-user/arduino-testlib/cli-datadir/user/libraries/TLC5916_Lite/TCL5916_Lite.cpp: In function &#39;void writeConfiguration(uint8_t)&#39;:
/home/ec2-user/arduino-testlib/cli-datadir/user/libraries/TLC5916_Lite/TCL5916_Lite.cpp:71:2: error: &#39;sendBits&#39; was not declared in this scope
  sendBits(c, WCC_OE, WCC_LE, PACKET_FULL);
  ^~~~~~~~
/home/ec2-user/arduino-testlib/cli-datadir/user/libraries/TLC5916_Lite/TCL5916_Lite.cpp: At global scope:
/home/ec2-user/arduino-testlib/cli-datadir/user/libraries/TLC5916_Lite/TCL5916_Lite.cpp:74:9: error: &#39;TLC5916&#39; has not been declared
 uint8_t TLC5916::readErrorCodeStatus() { 
         ^~~~~~~
/home/ec2-user/arduino-testlib/cli-datadir/user/libraries/TLC5916_Lite/TCL5916_Lite.cpp: In function &#39;uint8_t readErrorCodeStatus()&#39;:
/home/ec2-user/arduino-testlib/cli-datadir/user/libraries/TLC5916_Lite/TCL5916_Lite.cpp:76:2: error: &#39;generateErrorCodeStatus&#39; was not declared in this scope
  generateErrorCodeStatus();
  ^~~~~~~~~~~~~~~~~~~~~~~
/home/ec2-user/arduino-testlib/cli-datadir/user/libraries/TLC5916_Lite/TCL5916_Lite.cpp:76:2: note: suggested alternative: &#39;readErrorCodeStatus&#39;
  generateErrorCodeStatus();
  ^~~~~~~~~~~~~~~~~~~~~~~
  readErrorCodeStatus
/home/ec2-user/arduino-testlib/cli-datadir/user/libraries/TLC5916_Lite/TCL5916_Lite.cpp:77:15: error: &#39;CLK&#39; was not declared in this scope
  digitalWrite(CLK, HIGH);
               ^~~
/home/ec2-user/arduino-testlib/cli-datadir/user/libraries/TLC5916_Lite/TCL5916_Lite.cpp:79:18: error: &#39;SDO&#39; was not declared in this scope
  if( digitalRead(SDO) ) {
                  ^~~
/home/ec2-user/arduino-testlib/cli-datadir/user/libraries/TLC5916_Lite/TCL5916_Lite.cpp:79:18: note: suggested alternative: &#39;SDA&#39;
  if( digitalRead(SDO) ) {
                  ^~~
                  SDA
/home/ec2-user/arduino-testlib/cli-datadir/user/libraries/TLC5916_Lite/TCL5916_Lite.cpp:86:20: error: &#39;SDO&#39; was not declared in this scope
   if(  digitalRead(SDO) ) {
                    ^~~
/home/ec2-user/arduino-testlib/cli-datadir/user/libraries/TLC5916_Lite/TCL5916_Lite.cpp:86:20: note: suggested alternative: &#39;SDA&#39;
   if(  digitalRead(SDO) ) {
                    ^~~
                    SDA
/home/ec2-user/arduino-testlib/cli-datadir/user/libraries/TLC5916_Lite/TCL5916_Lite.cpp: At global scope:
/home/ec2-user/arduino-testlib/cli-datadir/user/libraries/TLC5916_Lite/TCL5916_Lite.cpp:101:6: error: &#39;TLC5916&#39; has not been declared
 void TLC5916::sendBits(uint8_t d, uint8_t o, uint8_t l, uint8_t c) {
      ^~~~~~~
/home/ec2-user/arduino-testlib/cli-datadir/user/libraries/TLC5916_Lite/TCL5916_Lite.cpp: In function &#39;void sendBits(uint8_t, uint8_t, uint8_t, uint8_t)&#39;:
/home/ec2-user/arduino-testlib/cli-datadir/user/libraries/TLC5916_Lite/TCL5916_Lite.cpp:105:18: error: &#39;SDI&#39; was not declared in this scope
     digitalWrite(SDI, (d &amp; bitMask) &gt; 0);
                  ^~~
/home/ec2-user/arduino-testlib/cli-datadir/user/libraries/TLC5916_Lite/TCL5916_Lite.cpp:105:18: note: suggested alternative: &#39;SDA&#39;
     digitalWrite(SDI, (d &amp; bitMask) &gt; 0);
                  ^~~
                  SDA
/home/ec2-user/arduino-testlib/cli-datadir/user/libraries/TLC5916_Lite/TCL5916_Lite.cpp:106:18: error: &#39;OE&#39; was not declared in this scope
     digitalWrite(OE, (o &amp; bitMask) &gt; 0);
                  ^~
/home/ec2-user/arduino-testlib/cli-datadir/user/libraries/TLC5916_Lite/TCL5916_Lite.cpp:106:18: note: suggested alternative: &#39;PE&#39;
     digitalWrite(OE, (o &amp; bitMask) &gt; 0);
                  ^~
                  PE
/home/ec2-user/arduino-testlib/cli-datadir/user/libraries/TLC5916_Lite/TCL5916_Lite.cpp:107:18: error: &#39;LE&#39; was not declared in this scope
     digitalWrite(LE, (l &amp; bitMask) &gt; 0);
                  ^~
/home/ec2-user/arduino-testlib/cli-datadir/user/libraries/TLC5916_Lite/TCL5916_Lite.cpp:107:18: note: suggested alternative: &#39;PE&#39;
     digitalWrite(LE, (l &amp; bitMask) &gt; 0);
                  ^~
                  PE
/home/ec2-user/arduino-testlib/cli-datadir/user/libraries/TLC5916_Lite/TCL5916_Lite.cpp:109:18: error: &#39;CLK&#39; was not declared in this scope
     digitalWrite(CLK, HIGH);
                  ^~~
/home/ec2-user/arduino-testlib/cli-datadir/user/libraries/TLC5916_Lite/TCL5916_Lite.cpp:112:16: error: &#39;SDI&#39; was not declared in this scope
   digitalWrite(SDI, LOW);
                ^~~
/home/ec2-user/arduino-testlib/cli-datadir/user/libraries/TLC5916_Lite/TCL5916_Lite.cpp:112:16: note: suggested alternative: &#39;SDA&#39;
   digitalWrite(SDI, LOW);
                ^~~
                SDA
/home/ec2-user/arduino-testlib/cli-datadir/user/libraries/TLC5916_Lite/TCL5916_Lite.cpp: At global scope:
/home/ec2-user/arduino-testlib/cli-datadir/user/libraries/TLC5916_Lite/TCL5916_Lite.cpp:115:6: error: &#39;TLC5916&#39; has not been declared
 void TLC5916::pulseLatch() {
      ^~~~~~~
/home/ec2-user/arduino-testlib/cli-datadir/user/libraries/TLC5916_Lite/TCL5916_Lite.cpp: In function &#39;void pulseLatch()&#39;:
/home/ec2-user/arduino-testlib/cli-datadir/user/libraries/TLC5916_Lite/TCL5916_Lite.cpp:116:16: error: &#39;LE&#39; was not declared in this scope
   digitalWrite(LE, HIGH);
                ^~
/home/ec2-user/arduino-testlib/cli-datadir/user/libraries/TLC5916_Lite/TCL5</pre>

					
					<h4>examples/TLC5916_Lite_Demo</h4>
					<p>
						Result: <b>FAIL</b>
					</p>
					<pre class="pre-scrollable">/home/ec2-user/arduino-testlib/cli-datadir/user/libraries/TLC5916_Lite/examples/TLC5916_Lite_Demo/TLC5916_Lite_Demo.ino:14:10: fatal error: TLC5916.h: No such file or directory
 #include &lt;TLC5916.h&gt;
          ^~~~~~~~~~~
compilation terminated.

</pre>
					
					<h4>examples/TLC5916_Lite_Driver_CG</h4>
					<p>
						Result: <b>FAIL</b>
					</p>
					<pre class="pre-scrollable">/home/ec2-user/arduino-testlib/cli-datadir/user/libraries/TLC5916_Lite/examples/TLC5916_Lite_Driver_CG/TLC5916_Lite_Driver_CG.ino:11:10: fatal error: TLC5916.h: No such file or directory
 #include &#34;TLC5916.h&#34;
          ^~~~~~~~~~~
compilation terminated.

</pre>
					
					<h4>examples/TLC5916_Lite_Driver_OCED</h4>
					<p>
						Result: <b>FAIL</b>
					</p>
					<pre class="pre-scrollable">/home/ec2-user/arduino-testlib/cli-datadir/user/libraries/TLC5916_Lite/examples/TLC5916_Lite_Driver_OCED/TLC5916_Lite_Driver_OCED.ino:11:10: fatal error: TLC5916.h: No such file or directory
 #include &#34;TLC5916.h&#34;
          ^~~~~~~~~~~
compilation terminated.

</pre>
					
				
				<h3 id="arduino:samd:mkrwifi1010">arduino:samd:mkrwifi1010 @ 1.8.12</h3>
				<h4>Inclusion</h4>
				<p>
					Result: <b>FAIL</b>
					
				</p>
				<pre class="pre-scrollable">WARNING: library TLC5916_Lite claims to run on avr architecture(s) and may be incompatible with your current board which runs on samd architecture(s).
In file included from /tmp/arduino-testlib2939367353/test/test.ino:1:0:
/home/ec2-user/arduino-testlib/cli-datadir/user/libraries/TLC5916_Lite/TLC5916_Lite.h:37:74: error: ISO C&#43;&#43; forbids declaration of &#39;TLC5916&#39; with no type [-fpermissive]
     TLC5916(uint8_t sdi, uint8_t clk, uint8_t oe, uint8_t le, uint8_t sdo);
                                                                          ^

</pre>

					
					<h4>examples/TLC5916_Lite_Demo</h4>
					<p>
						Result: <b>FAIL</b>
					</p>
					<pre class="pre-scrollable">/home/ec2-user/arduino-testlib/cli-datadir/user/libraries/TLC5916_Lite/examples/TLC5916_Lite_Demo/TLC5916_Lite_Demo.ino:14:10: fatal error: TLC5916.h: No such file or directory
 #include &lt;TLC5916.h&gt;
          ^~~~~~~~~~~
compilation terminated.

</pre>
					
					<h4>examples/TLC5916_Lite_Driver_CG</h4>
					<p>
						Result: <b>FAIL</b>
					</p>
					<pre class="pre-scrollable">/home/ec2-user/arduino-testlib/cli-datadir/user/libraries/TLC5916_Lite/examples/TLC5916_Lite_Driver_CG/TLC5916_Lite_Driver_CG.ino:11:10: fatal error: TLC5916.h: No such file or directory
 #include &#34;TLC5916.h&#34;
          ^~~~~~~~~~~
compilation terminated.

</pre>
					
					<h4>examples/TLC5916_Lite_Driver_OCED</h4>
					<p>
						Result: <b>FAIL</b>
					</p>
					<pre class="pre-scrollable">/home/ec2-user/arduino-testlib/cli-datadir/user/libraries/TLC5916_Lite/examples/TLC5916_Lite_Driver_OCED/TLC5916_Lite_Driver_OCED.ino:11:10: fatal error: TLC5916.h: No such file or directory
 #include &#34;TLC5916.h&#34;
          ^~~~~~~~~~~
compilation terminated.

</pre>
					
				
				<h3 id="esp32:esp32:d1_mini32">esp32:esp32:d1_mini32 @ 1.0.6</h3>
				<h4>Inclusion</h4>
				<p>
					Result: <b>FAIL</b>
					
				</p>
				<pre class="pre-scrollable">WARNING: library TLC5916_Lite claims to run on avr architecture(s) and may be incompatible with your current board which runs on esp32 architecture(s).
In file included from /tmp/arduino-testlib3769918877/test/test.ino:1:0:
/home/ec2-user/arduino-testlib/cli-datadir/user/libraries/TLC5916_Lite/TLC5916_Lite.h:37:74: error: ISO C&#43;&#43; forbids declaration of &#39;TLC5916&#39; with no type [-fpermissive]
     TLC5916(uint8_t sdi, uint8_t clk, uint8_t oe, uint8_t le, uint8_t sdo);
                                                                          ^

</pre>

					
					<h4>examples/TLC5916_Lite_Demo</h4>
					<p>
						Result: <b>FAIL</b>
					</p>
					<pre class="pre-scrollable">/home/ec2-user/arduino-testlib/cli-datadir/user/libraries/TLC5916_Lite/examples/TLC5916_Lite_Demo/TLC5916_Lite_Demo.ino:14:21: fatal error: TLC5916.h: No such file or directory
 #include &lt;TLC5916.h&gt;
                     ^
compilation terminated.

</pre>
					
					<h4>examples/TLC5916_Lite_Driver_CG</h4>
					<p>
						Result: <b>FAIL</b>
					</p>
					<pre class="pre-scrollable">/home/ec2-user/arduino-testlib/cli-datadir/user/libraries/TLC5916_Lite/examples/TLC5916_Lite_Driver_CG/TLC5916_Lite_Driver_CG.ino:11:21: fatal error: TLC5916.h: No such file or directory
 #include &#34;TLC5916.h&#34;
                     ^
compilation terminated.

</pre>
					
					<h4>examples/TLC5916_Lite_Driver_OCED</h4>
					<p>
						Result: <b>FAIL</b>
					</p>
					<pre class="pre-scrollable">/home/ec2-user/arduino-testlib/cli-datadir/user/libraries/TLC5916_Lite/examples/TLC5916_Lite_Driver_OCED/TLC5916_Lite_Driver_OCED.ino:11:21: fatal error: TLC5916.h: No such file or directory
 #include &#34;TLC5916.h&#34;
                     ^
compilation terminated.

</pre>
					
				
			</div>
		</div>
	</div>
  </body>
</html>
