
<!doctype html>
<html lang="en">
  <head>
    <meta charset="utf-8">
    <meta name="viewport" content="width=device-width, initial-scale=1">
    <link href="https://cdn.jsdelivr.net/npm/bootstrap@5.0.2/dist/css/bootstrap.min.css" rel="stylesheet" integrity="sha384-EVSTQN3/azprG1Anm3QDgpJLIm9Nao0Yz1ztcQTwFspd3yD65VohhpuuCOmLASjC" crossorigin="anonymous">
    <title>arduino-testlib report</title>
	<style>
	.pass { background-color: #00FF00 !important; }
	.fail { background-color: #FF0000 !important; }
	</style>
  </head>
  <body>
	<div class="container">
		<div class="row">
			<div class="col">
				<h1>TM1637 Driver - compatibility matrix</h1>
				<p>
					<small>This report was generated on Wednesday, 23-Feb-22 22:48:15 CET using 
					<a href="https://github.com/alranel/arduino-testlib">arduino-testlib</a>.</small>
				</p>

				<h2>TM1637 Driver</h2>
				<p>
					Version: <b>2.1.1</b>
					<br />
					<a href="https://www.arduino.cc/reference/en/libraries/tm1637-driver/">More details</a>
				</p>

				<h2>Compatibility matrix</h2>
				<table class="table table-bordered">
					<tr>
						<th>Board</th>
						<th>Claims compatibility</th>
						<th>Inclusion</th>
						
						<th><pre>custom_digits</pre></th>
						
						<th><pre>split_screen</pre></th>
						
						<th><pre>animation</pre></th>
						
						<th><pre>basic</pre></th>
						
						<th><pre>clock</pre></th>
						
						<th><pre>counter</pre></th>
						
					</tr>
					
					<tr>
						<td>
							<a href="#arduino%3aavr%3auno"><b>arduino:avr:uno</b></a>
							<br />
							<small>1.8.4</small>
						</td>

						
							<td>Yes</td>
							<td class="pass">PASS</td>
						
						
						
						

						
							
								
									
										
									
										
									
										
									
										
									
										
											<td class="pass">PASS</td>
											
										
									
										
									
								
							
								
							
								
							
								
							
								
							
						
							
								
									
										
									
										
									
										
									
										
									
										
									
										
											<td class="pass">PASS</td>
											
										
									
								
							
								
							
								
							
								
							
								
							
						
							
								
									
										
											<td class="pass">PASS</td>
											
										
									
										
									
										
									
										
									
										
									
										
									
								
							
								
							
								
							
								
							
								
							
						
							
								
									
										
									
										
											<td class="pass">PASS</td>
											
										
									
										
									
										
									
										
									
										
									
								
							
								
							
								
							
								
							
								
							
						
							
								
									
										
									
										
									
										
											
											<td class="fail">FAIL</td>
										
									
										
									
										
									
										
									
								
							
								
							
								
							
								
							
								
							
						
							
								
									
										
									
										
									
										
									
										
											<td class="pass">PASS</td>
											
										
									
										
									
										
									
								
							
								
							
								
							
								
							
								
							
						
					</tr>
					
					<tr>
						<td>
							<a href="#arduino%3ambed_nano%3ananorp2040connect"><b>arduino:mbed_nano:nanorp2040connect</b></a>
							<br />
							<small>2.7.2</small>
						</td>

						
							<td>Yes</td>
							<td class="pass">PASS</td>
						
						
						
						

						
							
								
							
								
									
										
									
										
									
										
									
										
									
										
											
											<td class="fail">FAIL</td>
										
									
										
									
								
							
								
							
								
							
								
							
						
							
								
							
								
									
										
									
										
									
										
									
										
									
										
									
										
											<td class="pass">PASS</td>
											
										
									
								
							
								
							
								
							
								
							
						
							
								
							
								
									
										
											
											<td class="fail">FAIL</td>
										
									
										
									
										
									
										
									
										
									
										
									
								
							
								
							
								
							
								
							
						
							
								
							
								
									
										
									
										
											
											<td class="fail">FAIL</td>
										
									
										
									
										
									
										
									
										
									
								
							
								
							
								
							
								
							
						
							
								
							
								
									
										
									
										
									
										
											<td class="pass">PASS</td>
											
										
									
										
									
										
									
										
									
								
							
								
							
								
							
								
							
						
							
								
							
								
									
										
									
										
									
										
									
										
											
											<td class="fail">FAIL</td>
										
									
										
									
										
									
								
							
								
							
								
							
								
							
						
					</tr>
					
					<tr>
						<td>
							<a href="#arduino%3amegaavr%3anona4809"><b>arduino:megaavr:nona4809</b></a>
							<br />
							<small>1.8.7</small>
						</td>

						
							<td>Yes</td>
							<td class="pass">PASS</td>
						
						
						
						

						
							
								
							
								
							
								
									
										
									
										
									
										
									
										
									
										
											<td class="pass">PASS</td>
											
										
									
										
									
								
							
								
							
								
							
						
							
								
							
								
							
								
									
										
									
										
									
										
									
										
									
										
									
										
											
											<td class="fail">FAIL</td>
										
									
								
							
								
							
								
							
						
							
								
							
								
							
								
									
										
											<td class="pass">PASS</td>
											
										
									
										
									
										
									
										
									
										
									
										
									
								
							
								
							
								
							
						
							
								
							
								
							
								
									
										
									
										
											
											<td class="fail">FAIL</td>
										
									
										
									
										
									
										
									
										
									
								
							
								
							
								
							
						
							
								
							
								
							
								
									
										
									
										
									
										
											
											<td class="fail">FAIL</td>
										
									
										
									
										
									
										
									
								
							
								
							
								
							
						
							
								
							
								
							
								
									
										
									
										
									
										
									
										
											
											<td class="fail">FAIL</td>
										
									
										
									
										
									
								
							
								
							
								
							
						
					</tr>
					
					<tr>
						<td>
							<a href="#arduino%3asamd%3amkrwifi1010"><b>arduino:samd:mkrwifi1010</b></a>
							<br />
							<small>1.8.12</small>
						</td>

						
							<td>Yes</td>
							<td class="pass">PASS</td>
						
						
						
						

						
							
								
							
								
							
								
							
								
									
										
									
										
									
										
									
										
									
										
											
											<td class="fail">FAIL</td>
										
									
										
									
								
							
								
							
						
							
								
							
								
							
								
							
								
									
										
									
										
									
										
									
										
									
										
									
										
											
											<td class="fail">FAIL</td>
										
									
								
							
								
							
						
							
								
							
								
							
								
							
								
									
										
											
											<td class="fail">FAIL</td>
										
									
										
									
										
									
										
									
										
									
										
									
								
							
								
							
						
							
								
							
								
							
								
							
								
									
										
									
										
											<td class="pass">PASS</td>
											
										
									
										
									
										
									
										
									
										
									
								
							
								
							
						
							
								
							
								
							
								
							
								
									
										
									
										
									
										
											
											<td class="fail">FAIL</td>
										
									
										
									
										
									
										
									
								
							
								
							
						
							
								
							
								
							
								
							
								
									
										
									
										
									
										
									
										
											
											<td class="fail">FAIL</td>
										
									
										
									
										
									
								
							
								
							
						
					</tr>
					
					<tr>
						<td>
							<a href="#esp32%3aesp32%3ad1_mini32"><b>esp32:esp32:d1_mini32</b></a>
							<br />
							<small>1.0.6</small>
						</td>

						
							<td>Yes</td>
							<td class="pass">PASS</td>
						
						
						
						

						
							
								
							
								
							
								
							
								
							
								
									
										
									
										
									
										
									
										
									
										
											
											<td class="fail">FAIL</td>
										
									
										
									
								
							
						
							
								
							
								
							
								
							
								
							
								
									
										
									
										
									
										
									
										
									
										
									
										
											
											<td class="fail">FAIL</td>
										
									
								
							
						
							
								
							
								
							
								
							
								
							
								
									
										
											
											<td class="fail">FAIL</td>
										
									
										
									
										
									
										
									
										
									
										
									
								
							
						
							
								
							
								
							
								
							
								
							
								
									
										
									
										
											<td class="pass">PASS</td>
											
										
									
										
									
										
									
										
									
										
									
								
							
						
							
								
							
								
							
								
							
								
							
								
									
										
									
										
									
										
											<td class="pass">PASS</td>
											
										
									
										
									
										
									
										
									
								
							
						
							
								
							
								
							
								
							
								
							
								
									
										
									
										
									
										
									
										
											
											<td class="fail">FAIL</td>
										
									
										
									
										
									
								
							
						
					</tr>
					
				</table>

				<h2>Compilation logs</h2>
				
				<h3 id="arduino:avr:uno">arduino:avr:uno @ 1.8.4</h3>
				<h4>Inclusion</h4>
				<p>
					Result: <b>PASS</b>
					
				</p>
				<pre class="pre-scrollable">Sketch uses 444 bytes (1%) of program storage space. Maximum is 32256 bytes.
Global variables use 9 bytes (0%) of dynamic memory, leaving 2039 bytes for local variables. Maximum is 2048 bytes.
</pre>

					
					<h4>examples/animation</h4>
					<p>
						Result: <b>PASS</b>
					</p>
					<pre class="pre-scrollable">Sketch uses 6556 bytes (20%) of program storage space. Maximum is 32256 bytes.
Global variables use 325 bytes (15%) of dynamic memory, leaving 1723 bytes for local variables. Maximum is 2048 bytes.
</pre>
					
					<h4>examples/basic</h4>
					<p>
						Result: <b>PASS</b>
					</p>
					<pre class="pre-scrollable">Sketch uses 5680 bytes (17%) of program storage space. Maximum is 32256 bytes.
Global variables use 314 bytes (15%) of dynamic memory, leaving 1734 bytes for local variables. Maximum is 2048 bytes.
</pre>
					
					<h4>examples/clock</h4>
					<p>
						Result: <b>FAIL</b>
					</p>
					<pre class="pre-scrollable">/home/ec2-user/arduino-testlib/cli-datadir/user/libraries/TM1637_Driver/examples/clock/clock.ino:93:19: error: no matching function for call to &#39;TM1637::TM1637(int, int)&#39;
 TM1637 tm1637(2, 3);
                   ^
In file included from /home/ec2-user/arduino-testlib/cli-datadir/user/libraries/TM1637_Driver/examples/clock/clock.ino:87:0:
/home/ec2-user/arduino-testlib/cli-datadir/user/libraries/TM1637_RT/TM1637.h:22:5: note: candidate: TM1637::TM1637()
     TM1637();
     ^~~~~~
/home/ec2-user/arduino-testlib/cli-datadir/user/libraries/TM1637_RT/TM1637.h:22:5: note:   candidate expects 0 arguments, 2 provided
/home/ec2-user/arduino-testlib/cli-datadir/user/libraries/TM1637_RT/TM1637.h:19:7: note: candidate: constexpr TM1637::TM1637(const TM1637&amp;)
 class TM1637
       ^~~~~~
/home/ec2-user/arduino-testlib/cli-datadir/user/libraries/TM1637_RT/TM1637.h:19:7: note:   candidate expects 1 argument, 2 provided
/home/ec2-user/arduino-testlib/cli-datadir/user/libraries/TM1637_RT/TM1637.h:19:7: note: candidate: constexpr TM1637::TM1637(TM1637&amp;&amp;)
/home/ec2-user/arduino-testlib/cli-datadir/user/libraries/TM1637_RT/TM1637.h:19:7: note:   candidate expects 1 argument, 2 provided
/home/ec2-user/arduino-testlib/cli-datadir/user/libraries/TM1637_Driver/examples/clock/clock.ino: In function &#39;void setup()&#39;:
/home/ec2-user/arduino-testlib/cli-datadir/user/libraries/TM1637_Driver/examples/clock/clock.ino:97:17: error: no matching function for call to &#39;TM1637::init()&#39;
     tm1637.init();
                 ^
In file included from /home/ec2-user/arduino-testlib/cli-datadir/user/libraries/TM1637_Driver/examples/clock/clock.ino:87:0:
/home/ec2-user/arduino-testlib/cli-datadir/user/libraries/TM1637_RT/TM1637.h:24:10: note: candidate: void TM1637::init(uint8_t, uint8_t, uint8_t)
     void init(uint8_t clockPin, uint8_t dataPin, uint8_t digits = 6);
          ^~~~
/home/ec2-user/arduino-testlib/cli-datadir/user/libraries/TM1637_RT/TM1637.h:24:10: note:   candidate expects 3 arguments, 0 provided
/home/ec2-user/arduino-testlib/cli-datadir/user/libraries/TM1637_Driver/examples/clock/clock.ino: In function &#39;void loop()&#39;:
/home/ec2-user/arduino-testlib/cli-datadir/user/libraries/TM1637_Driver/examples/clock/clock.ino:106:24: error: &#39;class TM1637&#39; has no member named &#39;display&#39;; did you mean &#39;displayRaw&#39;?
                 tm1637.display(seconds &#43; minutes * 100)-&gt;blink(1000); // Display the time and blink each 1 second
                        ^~~~~~~
                        displayRaw
/home/ec2-user/arduino-testlib/cli-datadir/user/libraries/TM1637_Driver/examples/clock/clock.ino:109:24: error: &#39;class TM1637&#39; has no member named &#39;display&#39;; did you mean &#39;displayRaw&#39;?
                 tm1637.display(seconds &#43; minutes * 100); // Display the time
                        ^~~~~~~
                        displayRaw
/home/ec2-user/arduino-testlib/cli-datadir/user/libraries/TM1637_Driver/examples/clock/clock.ino:110:24: error: &#39;class TM1637&#39; has no member named &#39;switchColon&#39;
                 tm1637.switchColon(); // Switch the colon. Your display must support it.
                        ^~~~~~~~~~~
Multiple libraries were found for &#34;TM1637.h&#34;
  Used: /home/ec2-user/arduino-testlib/cli-datadir/user/libraries/TM1637_RT
  Not used: /home/ec2-user/arduino-testlib/cli-datadir/user/libraries/Grove_4-Digit_Display
  Not used: /home/ec2-user/arduino-testlib/cli-datadir/user/libraries/TM1637_Driver
  Not used: /home/ec2-user/arduino-testlib/cli-datadir/user/libraries/TM16xx_LEDs_and_Buttons
</pre>
					
					<h4>examples/counter</h4>
					<p>
						Result: <b>PASS</b>
					</p>
					<pre class="pre-scrollable">Sketch uses 3934 bytes (12%) of program storage space. Maximum is 32256 bytes.
Global variables use 306 bytes (14%) of dynamic memory, leaving 1742 bytes for local variables. Maximum is 2048 bytes.
</pre>
					
					<h4>examples/custom_digits</h4>
					<p>
						Result: <b>PASS</b>
					</p>
					<pre class="pre-scrollable">Sketch uses 3598 bytes (11%) of program storage space. Maximum is 32256 bytes.
Global variables use 306 bytes (14%) of dynamic memory, leaving 1742 bytes for local variables. Maximum is 2048 bytes.
</pre>
					
					<h4>examples/split_screen</h4>
					<p>
						Result: <b>PASS</b>
					</p>
					<pre class="pre-scrollable">Sketch uses 4816 bytes (14%) of program storage space. Maximum is 32256 bytes.
Global variables use 310 bytes (15%) of dynamic memory, leaving 1738 bytes for local variables. Maximum is 2048 bytes.
</pre>
					
				
				<h3 id="arduino:mbed_nano:nanorp2040connect">arduino:mbed_nano:nanorp2040connect @ 2.7.2</h3>
				<h4>Inclusion</h4>
				<p>
					Result: <b>PASS</b>
					
				</p>
				<pre class="pre-scrollable">Sketch uses 78756 bytes (0%) of program storage space. Maximum is 16777216 bytes.
Global variables use 43444 bytes (16%) of dynamic memory, leaving 226892 bytes for local variables. Maximum is 270336 bytes.
</pre>

					
					<h4>examples/animation</h4>
					<p>
						Result: <b>FAIL</b>
					</p>
					<pre class="pre-scrollable">/home/ec2-user/arduino-testlib/cli-datadir/user/libraries/TM1637_Driver/examples/animation/animation.ino:78:15: error: no matching function for call to &#39;TM1637::TM1637(int, int)&#39;
 TM1637 tm(2, 3);
               ^
In file included from /home/ec2-user/arduino-testlib/cli-datadir/user/libraries/TM1637_Driver/examples/animation/animation.ino:72:0:
/home/ec2-user/arduino-testlib/cli-datadir/user/libraries/TM1637_RT/TM1637.h:22:5: note: candidate: TM1637::TM1637()
     TM1637();
     ^~~~~~
/home/ec2-user/arduino-testlib/cli-datadir/user/libraries/TM1637_RT/TM1637.h:22:5: note:   candidate expects 0 arguments, 2 provided
/home/ec2-user/arduino-testlib/cli-datadir/user/libraries/TM1637_RT/TM1637.h:19:7: note: candidate: constexpr TM1637::TM1637(const TM1637&amp;)
 class TM1637
       ^~~~~~
/home/ec2-user/arduino-testlib/cli-datadir/user/libraries/TM1637_RT/TM1637.h:19:7: note:   candidate expects 1 argument, 2 provided
/home/ec2-user/arduino-testlib/cli-datadir/user/libraries/TM1637_RT/TM1637.h:19:7: note: candidate: constexpr TM1637::TM1637(TM1637&amp;&amp;)
/home/ec2-user/arduino-testlib/cli-datadir/user/libraries/TM1637_RT/TM1637.h:19:7: note:   candidate expects 1 argument, 2 provided
/home/ec2-user/arduino-testlib/cli-datadir/user/libraries/TM1637_Driver/examples/animation/animation.ino: In function &#39;void setup()&#39;:
/home/ec2-user/arduino-testlib/cli-datadir/user/libraries/TM1637_Driver/examples/animation/animation.ino:82:8: error: &#39;class TM1637&#39; has no member named &#39;begin&#39;
     tm.begin();
        ^~~~~
/home/ec2-user/arduino-testlib/cli-datadir/user/libraries/TM1637_Driver/examples/animation/animation.ino: In function &#39;void loop()&#39;:
/home/ec2-user/arduino-testlib/cli-datadir/user/libraries/TM1637_Driver/examples/animation/animation.ino:91:16: error: &#39;class TM1637&#39; has no member named &#39;display&#39;; did you mean &#39;displayRaw&#39;?
             tm.display(9876)-&gt;blink(1500); // Display 9876 and blink every 1.5 seconds
                ^~~~~~~
                displayRaw
/home/ec2-user/arduino-testlib/cli-datadir/user/libraries/TM1637_Driver/examples/animation/animation.ino:96:16: error: &#39;class TM1637&#39; has no member named &#39;display&#39;; did you mean &#39;displayRaw&#39;?
             tm.display(&#34;PLAY-STOP&#34;)-&gt;scrollLeft(500); // Scroll &#34;PLAY-STOP&#34; to the left each 500 milliseconds
                ^~~~~~~
                displayRaw
/home/ec2-user/arduino-testlib/cli-datadir/user/libraries/TM1637_Driver/examples/animation/animation.ino:101:16: error: &#39;class TM1637&#39; has no member named &#39;display&#39;; did you mean &#39;displayRaw&#39;?
             tm.display(1.234354534)-&gt;fadeOut(800);  // Fade out 1.2345... every 800 milliseconds
                ^~~~~~~
                displayRaw
/home/ec2-user/arduino-testlib/cli-datadir/user/libraries/TM1637_Driver/examples/animation/animation.ino:106:16: error: &#39;class TM1637&#39; has no member named &#39;display&#39;; did you mean &#39;displayRaw&#39;?
             tm.display(1.234354534)-&gt;fadeIn(800); // Fade the same number in every 800 milliseconds
                ^~~~~~~
                displayRaw
Multiple libraries were found for &#34;TM1637.h&#34;
  Used: /home/ec2-user/arduino-testlib/cli-datadir/user/libraries/TM1637_RT
  Not used: /home/ec2-user/arduino-testlib/cli-datadir/user/libraries/TM16xx_LEDs_and_Buttons
  Not used: /home/ec2-user/arduino-testlib/cli-datadir/user/libraries/TM1637_Driver
  Not used: /home/ec2-user/arduino-testlib/cli-datadir/user/libraries/Grove_4-Digit_Display
</pre>
					
					<h4>examples/basic</h4>
					<p>
						Result: <b>FAIL</b>
					</p>
					<pre class="pre-scrollable">/home/ec2-user/arduino-testlib/cli-datadir/user/libraries/TM1637_Driver/examples/basic/basic.ino:78:15: error: no matching function for call to &#39;TM1637::TM1637(int, int)&#39;
 TM1637 tm(2, 3);
               ^
In file included from /home/ec2-user/arduino-testlib/cli-datadir/user/libraries/TM1637_Driver/examples/basic/basic.ino:72:0:
/home/ec2-user/arduino-testlib/cli-datadir/user/libraries/TM1637_RT/TM1637.h:22:5: note: candidate: TM1637::TM1637()
     TM1637();
     ^~~~~~
/home/ec2-user/arduino-testlib/cli-datadir/user/libraries/TM1637_RT/TM1637.h:22:5: note:   candidate expects 0 arguments, 2 provided
/home/ec2-user/arduino-testlib/cli-datadir/user/libraries/TM1637_RT/TM1637.h:19:7: note: candidate: constexpr TM1637::TM1637(const TM1637&amp;)
 class TM1637
       ^~~~~~
/home/ec2-user/arduino-testlib/cli-datadir/user/libraries/TM1637_RT/TM1637.h:19:7: note:   candidate expects 1 argument, 2 provided
/home/ec2-user/arduino-testlib/cli-datadir/user/libraries/TM1637_RT/TM1637.h:19:7: note: candidate: constexpr TM1637::TM1637(TM1637&amp;&amp;)
/home/ec2-user/arduino-testlib/cli-datadir/user/libraries/TM1637_RT/TM1637.h:19:7: note:   candidate expects 1 argument, 2 provided
/home/ec2-user/arduino-testlib/cli-datadir/user/libraries/TM1637_Driver/examples/basic/basic.ino: In function &#39;void setup()&#39;:
/home/ec2-user/arduino-testlib/cli-datadir/user/libraries/TM1637_Driver/examples/basic/basic.ino:82:8: error: &#39;class TM1637&#39; has no member named &#39;begin&#39;
     tm.begin();
        ^~~~~
/home/ec2-user/arduino-testlib/cli-datadir/user/libraries/TM1637_Driver/examples/basic/basic.ino: In function &#39;void loop()&#39;:
/home/ec2-user/arduino-testlib/cli-datadir/user/libraries/TM1637_Driver/examples/basic/basic.ino:89:8: error: &#39;class TM1637&#39; has no member named &#39;display&#39;; did you mean &#39;displayRaw&#39;?
     tm.display(1234);
        ^~~~~~~
        displayRaw
/home/ec2-user/arduino-testlib/cli-datadir/user/libraries/TM1637_Driver/examples/basic/basic.ino:93:8: error: &#39;class TM1637&#39; has no member named &#39;display&#39;; did you mean &#39;displayRaw&#39;?
     tm.display(29.65);
        ^~~~~~~
        displayRaw
/home/ec2-user/arduino-testlib/cli-datadir/user/libraries/TM1637_Driver/examples/basic/basic.ino:97:8: error: &#39;class TM1637&#39; has no member named &#39;display&#39;; did you mean &#39;displayRaw&#39;?
     tm.display(&#34;PLAY&#34;);
        ^~~~~~~
        displayRaw
/home/ec2-user/arduino-testlib/cli-datadir/user/libraries/TM1637_Driver/examples/basic/basic.ino:99:8: error: &#39;class TM1637&#39; has no member named &#39;display&#39;; did you mean &#39;displayRaw&#39;?
     tm.display(&#34;STOP&#34;);
        ^~~~~~~
        displayRaw
Multiple libraries were found for &#34;TM1637.h&#34;
  Used: /home/ec2-user/arduino-testlib/cli-datadir/user/libraries/TM1637_RT
  Not used: /home/ec2-user/arduino-testlib/cli-datadir/user/libraries/Grove_4-Digit_Display
  Not used: /home/ec2-user/arduino-testlib/cli-datadir/user/libraries/TM16xx_LEDs_and_Buttons
  Not used: /home/ec2-user/arduino-testlib/cli-datadir/user/libraries/TM1637_Driver
</pre>
					
					<h4>examples/clock</h4>
					<p>
						Result: <b>PASS</b>
					</p>
					<pre class="pre-scrollable">Sketch uses 80898 bytes (0%) of program storage space. Maximum is 16777216 bytes.
Global variables use 43620 bytes (16%) of dynamic memory, leaving 226716 bytes for local variables. Maximum is 270336 bytes.
</pre>
					
					<h4>examples/counter</h4>
					<p>
						Result: <b>FAIL</b>
					</p>
					<pre class="pre-scrollable">/home/ec2-user/arduino-testlib/cli-datadir/user/libraries/TM1637_Driver/examples/counter/counter.ino:80:15: error: no matching function for call to &#39;TM1637::TM1637(int, int)&#39;
 TM1637 tm(2, 3);
               ^
In file included from /home/ec2-user/arduino-testlib/cli-datadir/user/libraries/TM1637_Driver/examples/counter/counter.ino:74:0:
/home/ec2-user/arduino-testlib/cli-datadir/user/libraries/TM1637_RT/TM1637.h:22:5: note: candidate: TM1637::TM1637()
     TM1637();
     ^~~~~~
/home/ec2-user/arduino-testlib/cli-datadir/user/libraries/TM1637_RT/TM1637.h:22:5: note:   candidate expects 0 arguments, 2 provided
/home/ec2-user/arduino-testlib/cli-datadir/user/libraries/TM1637_RT/TM1637.h:19:7: note: candidate: constexpr TM1637::TM1637(const TM1637&amp;)
 class TM1637
       ^~~~~~
/home/ec2-user/arduino-testlib/cli-datadir/user/libraries/TM1637_RT/TM1637.h:19:7: note:   candidate expects 1 argument, 2 provided
/home/ec2-user/arduino-testlib/cli-datadir/user/libraries/TM1637_RT/TM1637.h:19:7: note: candidate: constexpr TM1637::TM1637(TM1637&amp;&amp;)
/home/ec2-user/arduino-testlib/cli-datadir/user/libraries/TM1637_RT/TM1637.h:19:7: note:   candidate expects 1 argument, 2 provided
/home/ec2-user/arduino-testlib/cli-datadir/user/libraries/TM1637_Driver/examples/counter/counter.ino: In function &#39;void setup()&#39;:
/home/ec2-user/arduino-testlib/cli-datadir/user/libraries/TM1637_Driver/examples/counter/counter.ino:84:13: error: no matching function for call to &#39;TM1637::init()&#39;
     tm.init(); // or tm.begin()
             ^
In file included from /home/ec2-user/arduino-testlib/cli-datadir/user/libraries/TM1637_Driver/examples/counter/counter.ino:74:0:
/home/ec2-user/arduino-testlib/cli-datadir/user/libraries/TM1637_RT/TM1637.h:24:10: note: candidate: void TM1637::init(uint8_t, uint8_t, uint8_t)
     void init(uint8_t clockPin, uint8_t dataPin, uint8_t digits = 6);
          ^~~~
/home/ec2-user/arduino-testlib/cli-datadir/user/libraries/TM1637_RT/TM1637.h:24:10: note:   candidate expects 3 arguments, 0 provided
/home/ec2-user/arduino-testlib/cli-datadir/user/libraries/TM1637_Driver/examples/counter/counter.ino: In function &#39;void loop()&#39;:
/home/ec2-user/arduino-testlib/cli-datadir/user/libraries/TM1637_Driver/examples/counter/counter.ino:90:12: error: &#39;class TM1637&#39; has no member named &#39;display&#39;; did you mean &#39;displayRaw&#39;?
         tm.display(i);
            ^~~~~~~
            displayRaw
/home/ec2-user/arduino-testlib/cli-datadir/user/libraries/TM1637_Driver/examples/counter/counter.ino:92:12: error: &#39;class TM1637&#39; has no member named &#39;clearScreen&#39;
         tm.clearScreen();   // To remove old display artefacts
            ^~~~~~~~~~~
Multiple libraries were found for &#34;TM1637.h&#34;
  Used: /home/ec2-user/arduino-testlib/cli-datadir/user/libraries/TM1637_RT
  Not used: /home/ec2-user/arduino-testlib/cli-datadir/user/libraries/TM16xx_LEDs_and_Buttons
  Not used: /home/ec2-user/arduino-testlib/cli-datadir/user/libraries/Grove_4-Digit_Display
  Not used: /home/ec2-user/arduino-testlib/cli-datadir/user/libraries/TM1637_Driver
</pre>
					
					<h4>examples/custom_digits</h4>
					<p>
						Result: <b>FAIL</b>
					</p>
					<pre class="pre-scrollable">/home/ec2-user/arduino-testlib/cli-datadir/user/libraries/TM1637_Driver/examples/custom_digits/custom_digits.ino:67:15: error: no matching function for call to &#39;TM1637::TM1637(int, int)&#39;
 TM1637 tm(2, 3);
               ^
In file included from /home/ec2-user/arduino-testlib/cli-datadir/user/libraries/TM1637_Driver/examples/custom_digits/custom_digits.ino:1:0:
/home/ec2-user/arduino-testlib/cli-datadir/user/libraries/TM1637_RT/TM1637.h:22:5: note: candidate: TM1637::TM1637()
     TM1637();
     ^~~~~~
/home/ec2-user/arduino-testlib/cli-datadir/user/libraries/TM1637_RT/TM1637.h:22:5: note:   candidate expects 0 arguments, 2 provided
/home/ec2-user/arduino-testlib/cli-datadir/user/libraries/TM1637_RT/TM1637.h:19:7: note: candidate: constexpr TM1637::TM1637(const TM1637&amp;)
 class TM1637
       ^~~~~~
/home/ec2-user/arduino-testlib/cli-datadir/user/libraries/TM1637_RT/TM1637.h:19:7: note:   candidate expects 1 argument, 2 provided
/home/ec2-user/arduino-testlib/cli-datadir/user/libraries/TM1637_RT/TM1637.h:19:7: note: candidate: constexpr TM1637::TM1637(TM1637&amp;&amp;)
/home/ec2-user/arduino-testlib/cli-datadir/user/libraries/TM1637_RT/TM1637.h:19:7: note:   candidate expects 1 argument, 2 provided
/home/ec2-user/arduino-testlib/cli-datadir/user/libraries/TM1637_Driver/examples/custom_digits/custom_digits.ino: In function &#39;void setup()&#39;:
/home/ec2-user/arduino-testlib/cli-datadir/user/libraries/TM1637_Driver/examples/custom_digits/custom_digits.ino:71:8: error: &#39;class TM1637&#39; has no member named &#39;begin&#39;
     tm.begin();
        ^~~~~
/home/ec2-user/arduino-testlib/cli-datadir/user/libraries/TM1637_Driver/examples/custom_digits/custom_digits.ino: In function &#39;void loop()&#39;:
/home/ec2-user/arduino-testlib/cli-datadir/user/libraries/TM1637_Driver/examples/custom_digits/custom_digits.ino:77:14: error: &#39;DisplayDigit&#39; was not declared in this scope
     auto d = DisplayDigit().setA().setE().setF().setD();
              ^~~~~~~~~~~~
/home/ec2-user/arduino-testlib/cli-datadir/user/libraries/TM1637_Driver/examples/custom_digits/custom_digits.ino:77:14: note: suggested alternative: &#39;iswxdigit&#39;
     auto d = DisplayDigit().setA().setE().setF().setD();
              ^~~~~~~~~~~~
              iswxdigit
/home/ec2-user/arduino-testlib/cli-datadir/user/libraries/TM1637_Driver/examples/custom_digits/custom_digits.ino:79:8: error: &#39;class TM1637&#39; has no member named &#39;displayRawBytes&#39;; did you mean &#39;displayRaw&#39;?
     tm.displayRawBytes(rawBuffer, 4)-&gt;blink(1000);
        ^~~~~~~~~~~~~~~
        displayRaw
Multiple libraries were found for &#34;TM1637.h&#34;
  Used: /home/ec2-user/arduino-testlib/cli-datadir/user/libraries/TM1637_RT
  Not used: /home/ec2-user/arduino-testlib/cli-datadir/user/libraries/TM16xx_LEDs_and_Buttons
  Not used: /home/ec2-user/arduino-testlib/cli-datadir/user/libraries/Grove_4-Digit_Display
  Not used: /home/ec2-user/arduino-testlib/cli-datadir/user/libraries/TM1637_Driver
</pre>
					
					<h4>examples/split_screen</h4>
					<p>
						Result: <b>PASS</b>
					</p>
					<pre class="pre-scrollable">Sketch uses 80940 bytes (0%) of program storage space. Maximum is 16777216 bytes.
Global variables use 43620 bytes (16%) of dynamic memory, leaving 226716 bytes for local variables. Maximum is 270336 bytes.
</pre>
					
				
				<h3 id="arduino:megaavr:nona4809">arduino:megaavr:nona4809 @ 1.8.7</h3>
				<h4>Inclusion</h4>
				<p>
					Result: <b>PASS</b>
					
				</p>
				<pre class="pre-scrollable">Sketch uses 802 bytes (1%) of program storage space. Maximum is 49152 bytes.
Global variables use 22 bytes (0%) of dynamic memory, leaving 6122 bytes for local variables. Maximum is 6144 bytes.
</pre>

					
					<h4>examples/animation</h4>
					<p>
						Result: <b>PASS</b>
					</p>
					<pre class="pre-scrollable">Sketch uses 7018 bytes (14%) of program storage space. Maximum is 49152 bytes.
Global variables use 192 bytes (3%) of dynamic memory, leaving 5952 bytes for local variables. Maximum is 6144 bytes.
</pre>
					
					<h4>examples/basic</h4>
					<p>
						Result: <b>FAIL</b>
					</p>
					<pre class="pre-scrollable">/home/ec2-user/arduino-testlib/cli-datadir/user/libraries/TM1637_Driver/examples/basic/basic.ino:78:15: error: no matching function for call to &#39;TM1637::TM1637(int, int)&#39;
 TM1637 tm(2, 3);
               ^
In file included from /home/ec2-user/arduino-testlib/cli-datadir/user/libraries/TM1637_Driver/examples/basic/basic.ino:72:0:
/home/ec2-user/arduino-testlib/cli-datadir/user/libraries/TM1637_RT/TM1637.h:22:5: note: candidate: TM1637::TM1637()
     TM1637();
     ^~~~~~
/home/ec2-user/arduino-testlib/cli-datadir/user/libraries/TM1637_RT/TM1637.h:22:5: note:   candidate expects 0 arguments, 2 provided
/home/ec2-user/arduino-testlib/cli-datadir/user/libraries/TM1637_RT/TM1637.h:19:7: note: candidate: constexpr TM1637::TM1637(const TM1637&amp;)
 class TM1637
       ^~~~~~
/home/ec2-user/arduino-testlib/cli-datadir/user/libraries/TM1637_RT/TM1637.h:19:7: note:   candidate expects 1 argument, 2 provided
/home/ec2-user/arduino-testlib/cli-datadir/user/libraries/TM1637_RT/TM1637.h:19:7: note: candidate: constexpr TM1637::TM1637(TM1637&amp;&amp;)
/home/ec2-user/arduino-testlib/cli-datadir/user/libraries/TM1637_RT/TM1637.h:19:7: note:   candidate expects 1 argument, 2 provided
/home/ec2-user/arduino-testlib/cli-datadir/user/libraries/TM1637_Driver/examples/basic/basic.ino: In function &#39;void setup()&#39;:
/home/ec2-user/arduino-testlib/cli-datadir/user/libraries/TM1637_Driver/examples/basic/basic.ino:82:8: error: &#39;class TM1637&#39; has no member named &#39;begin&#39;
     tm.begin();
        ^~~~~
/home/ec2-user/arduino-testlib/cli-datadir/user/libraries/TM1637_Driver/examples/basic/basic.ino: In function &#39;void loop()&#39;:
/home/ec2-user/arduino-testlib/cli-datadir/user/libraries/TM1637_Driver/examples/basic/basic.ino:89:8: error: &#39;class TM1637&#39; has no member named &#39;display&#39;; did you mean &#39;displayRaw&#39;?
     tm.display(1234);
        ^~~~~~~
        displayRaw
/home/ec2-user/arduino-testlib/cli-datadir/user/libraries/TM1637_Driver/examples/basic/basic.ino:93:8: error: &#39;class TM1637&#39; has no member named &#39;display&#39;; did you mean &#39;displayRaw&#39;?
     tm.display(29.65);
        ^~~~~~~
        displayRaw
/home/ec2-user/arduino-testlib/cli-datadir/user/libraries/TM1637_Driver/examples/basic/basic.ino:97:8: error: &#39;class TM1637&#39; has no member named &#39;display&#39;; did you mean &#39;displayRaw&#39;?
     tm.display(&#34;PLAY&#34;);
        ^~~~~~~
        displayRaw
/home/ec2-user/arduino-testlib/cli-datadir/user/libraries/TM1637_Driver/examples/basic/basic.ino:99:8: error: &#39;class TM1637&#39; has no member named &#39;display&#39;; did you mean &#39;displayRaw&#39;?
     tm.display(&#34;STOP&#34;);
        ^~~~~~~
        displayRaw
Multiple libraries were found for &#34;TM1637.h&#34;
  Used: /home/ec2-user/arduino-testlib/cli-datadir/user/libraries/TM1637_RT
  Not used: /home/ec2-user/arduino-testlib/cli-datadir/user/libraries/TM16xx_LEDs_and_Buttons
  Not used: /home/ec2-user/arduino-testlib/cli-datadir/user/libraries/TM1637_Driver
  Not used: /home/ec2-user/arduino-testlib/cli-datadir/user/libraries/Grove_4-Digit_Display
</pre>
					
					<h4>examples/clock</h4>
					<p>
						Result: <b>FAIL</b>
					</p>
					<pre class="pre-scrollable">/home/ec2-user/arduino-testlib/cli-datadir/user/libraries/TM1637_Driver/examples/clock/clock.ino:93:19: error: no matching function for call to &#39;TM1637::TM1637(int, int)&#39;
 TM1637 tm1637(2, 3);
                   ^
In file included from /home/ec2-user/arduino-testlib/cli-datadir/user/libraries/TM1637_Driver/examples/clock/clock.ino:87:0:
/home/ec2-user/arduino-testlib/cli-datadir/user/libraries/TM1637_RT/TM1637.h:22:5: note: candidate: TM1637::TM1637()
     TM1637();
     ^~~~~~
/home/ec2-user/arduino-testlib/cli-datadir/user/libraries/TM1637_RT/TM1637.h:22:5: note:   candidate expects 0 arguments, 2 provided
/home/ec2-user/arduino-testlib/cli-datadir/user/libraries/TM1637_RT/TM1637.h:19:7: note: candidate: constexpr TM1637::TM1637(const TM1637&amp;)
 class TM1637
       ^~~~~~
/home/ec2-user/arduino-testlib/cli-datadir/user/libraries/TM1637_RT/TM1637.h:19:7: note:   candidate expects 1 argument, 2 provided
/home/ec2-user/arduino-testlib/cli-datadir/user/libraries/TM1637_RT/TM1637.h:19:7: note: candidate: constexpr TM1637::TM1637(TM1637&amp;&amp;)
/home/ec2-user/arduino-testlib/cli-datadir/user/libraries/TM1637_RT/TM1637.h:19:7: note:   candidate expects 1 argument, 2 provided
/home/ec2-user/arduino-testlib/cli-datadir/user/libraries/TM1637_Driver/examples/clock/clock.ino: In function &#39;void setup()&#39;:
/home/ec2-user/arduino-testlib/cli-datadir/user/libraries/TM1637_Driver/examples/clock/clock.ino:97:17: error: no matching function for call to &#39;TM1637::init()&#39;
     tm1637.init();
                 ^
In file included from /home/ec2-user/arduino-testlib/cli-datadir/user/libraries/TM1637_Driver/examples/clock/clock.ino:87:0:
/home/ec2-user/arduino-testlib/cli-datadir/user/libraries/TM1637_RT/TM1637.h:24:10: note: candidate: void TM1637::init(uint8_t, uint8_t, uint8_t)
     void init(uint8_t clockPin, uint8_t dataPin, uint8_t digits = 6);
          ^~~~
/home/ec2-user/arduino-testlib/cli-datadir/user/libraries/TM1637_RT/TM1637.h:24:10: note:   candidate expects 3 arguments, 0 provided
/home/ec2-user/arduino-testlib/cli-datadir/user/libraries/TM1637_Driver/examples/clock/clock.ino: In function &#39;void loop()&#39;:
/home/ec2-user/arduino-testlib/cli-datadir/user/libraries/TM1637_Driver/examples/clock/clock.ino:106:24: error: &#39;class TM1637&#39; has no member named &#39;display&#39;; did you mean &#39;displayRaw&#39;?
                 tm1637.display(seconds &#43; minutes * 100)-&gt;blink(1000); // Display the time and blink each 1 second
                        ^~~~~~~
                        displayRaw
/home/ec2-user/arduino-testlib/cli-datadir/user/libraries/TM1637_Driver/examples/clock/clock.ino:109:24: error: &#39;class TM1637&#39; has no member named &#39;display&#39;; did you mean &#39;displayRaw&#39;?
                 tm1637.display(seconds &#43; minutes * 100); // Display the time
                        ^~~~~~~
                        displayRaw
/home/ec2-user/arduino-testlib/cli-datadir/user/libraries/TM1637_Driver/examples/clock/clock.ino:110:24: error: &#39;class TM1637&#39; has no member named &#39;switchColon&#39;
                 tm1637.switchColon(); // Switch the colon. Your display must support it.
                        ^~~~~~~~~~~
Multiple libraries were found for &#34;TM1637.h&#34;
  Used: /home/ec2-user/arduino-testlib/cli-datadir/user/libraries/TM1637_RT
  Not used: /home/ec2-user/arduino-testlib/cli-datadir/user/libraries/Grove_4-Digit_Display
  Not used: /home/ec2-user/arduino-testlib/cli-datadir/user/libraries/TM16xx_LEDs_and_Buttons
  Not used: /home/ec2-user/arduino-testlib/cli-datadir/user/libraries/TM1637_Driver
</pre>
					
					<h4>examples/counter</h4>
					<p>
						Result: <b>FAIL</b>
					</p>
					<pre class="pre-scrollable">/home/ec2-user/arduino-testlib/cli-datadir/user/libraries/TM1637_Driver/examples/counter/counter.ino:80:15: error: no matching function for call to &#39;TM1637::TM1637(int, int)&#39;
 TM1637 tm(2, 3);
               ^
In file included from /home/ec2-user/arduino-testlib/cli-datadir/user/libraries/TM1637_Driver/examples/counter/counter.ino:74:0:
/home/ec2-user/arduino-testlib/cli-datadir/user/libraries/TM1637_RT/TM1637.h:22:5: note: candidate: TM1637::TM1637()
     TM1637();
     ^~~~~~
/home/ec2-user/arduino-testlib/cli-datadir/user/libraries/TM1637_RT/TM1637.h:22:5: note:   candidate expects 0 arguments, 2 provided
/home/ec2-user/arduino-testlib/cli-datadir/user/libraries/TM1637_RT/TM1637.h:19:7: note: candidate: constexpr TM1637::TM1637(const TM1637&amp;)
 class TM1637
       ^~~~~~
/home/ec2-user/arduino-testlib/cli-datadir/user/libraries/TM1637_RT/TM1637.h:19:7: note:   candidate expects 1 argument, 2 provided
/home/ec2-user/arduino-testlib/cli-datadir/user/libraries/TM1637_RT/TM1637.h:19:7: note: candidate: constexpr TM1637::TM1637(TM1637&amp;&amp;)
/home/ec2-user/arduino-testlib/cli-datadir/user/libraries/TM1637_RT/TM1637.h:19:7: note:   candidate expects 1 argument, 2 provided
/home/ec2-user/arduino-testlib/cli-datadir/user/libraries/TM1637_Driver/examples/counter/counter.ino: In function &#39;void setup()&#39;:
/home/ec2-user/arduino-testlib/cli-datadir/user/libraries/TM1637_Driver/examples/counter/counter.ino:84:13: error: no matching function for call to &#39;TM1637::init()&#39;
     tm.init(); // or tm.begin()
             ^
In file included from /home/ec2-user/arduino-testlib/cli-datadir/user/libraries/TM1637_Driver/examples/counter/counter.ino:74:0:
/home/ec2-user/arduino-testlib/cli-datadir/user/libraries/TM1637_RT/TM1637.h:24:10: note: candidate: void TM1637::init(uint8_t, uint8_t, uint8_t)
     void init(uint8_t clockPin, uint8_t dataPin, uint8_t digits = 6);
          ^~~~
/home/ec2-user/arduino-testlib/cli-datadir/user/libraries/TM1637_RT/TM1637.h:24:10: note:   candidate expects 3 arguments, 0 provided
/home/ec2-user/arduino-testlib/cli-datadir/user/libraries/TM1637_Driver/examples/counter/counter.ino: In function &#39;void loop()&#39;:
/home/ec2-user/arduino-testlib/cli-datadir/user/libraries/TM1637_Driver/examples/counter/counter.ino:90:12: error: &#39;class TM1637&#39; has no member named &#39;display&#39;; did you mean &#39;displayRaw&#39;?
         tm.display(i);
            ^~~~~~~
            displayRaw
/home/ec2-user/arduino-testlib/cli-datadir/user/libraries/TM1637_Driver/examples/counter/counter.ino:92:12: error: &#39;class TM1637&#39; has no member named &#39;clearScreen&#39;
         tm.clearScreen();   // To remove old display artefacts
            ^~~~~~~~~~~
Multiple libraries were found for &#34;TM1637.h&#34;
  Used: /home/ec2-user/arduino-testlib/cli-datadir/user/libraries/TM1637_RT
  Not used: /home/ec2-user/arduino-testlib/cli-datadir/user/libraries/TM1637_Driver
  Not used: /home/ec2-user/arduino-testlib/cli-datadir/user/libraries/TM16xx_LEDs_and_Buttons
  Not used: /home/ec2-user/arduino-testlib/cli-datadir/user/libraries/Grove_4-Digit_Display
</pre>
					
					<h4>examples/custom_digits</h4>
					<p>
						Result: <b>PASS</b>
					</p>
					<pre class="pre-scrollable">Sketch uses 4051 bytes (8%) of program storage space. Maximum is 49152 bytes.
Global variables use 189 bytes (3%) of dynamic memory, leaving 5955 bytes for local variables. Maximum is 6144 bytes.
</pre>
					
					<h4>examples/split_screen</h4>
					<p>
						Result: <b>FAIL</b>
					</p>
					<pre class="pre-scrollable">/home/ec2-user/arduino-testlib/cli-datadir/user/libraries/TM1637_Driver/examples/split_screen/split_screen.ino:86:15: error: no matching function for call to &#39;TM1637::TM1637(int, int)&#39;
 TM1637 tm(2, 3);
               ^
In file included from /home/ec2-user/arduino-testlib/cli-datadir/user/libraries/TM1637_Driver/examples/split_screen/split_screen.ino:80:0:
/home/ec2-user/arduino-testlib/cli-datadir/user/libraries/TM1637_RT/TM1637.h:22:5: note: candidate: TM1637::TM1637()
     TM1637();
     ^~~~~~
/home/ec2-user/arduino-testlib/cli-datadir/user/libraries/TM1637_RT/TM1637.h:22:5: note:   candidate expects 0 arguments, 2 provided
/home/ec2-user/arduino-testlib/cli-datadir/user/libraries/TM1637_RT/TM1637.h:19:7: note: candidate: constexpr TM1637::TM1637(const TM1637&amp;)
 class TM1637
       ^~~~~~
/home/ec2-user/arduino-testlib/cli-datadir/user/libraries/TM1637_RT/TM1637.h:19:7: note:   candidate expects 1 argument, 2 provided
/home/ec2-user/arduino-testlib/cli-datadir/user/libraries/TM1637_RT/TM1637.h:19:7: note: candidate: constexpr TM1637::TM1637(TM1637&amp;&amp;)
/home/ec2-user/arduino-testlib/cli-datadir/user/libraries/TM1637_RT/TM1637.h:19:7: note:   candidate expects 1 argument, 2 provided
/home/ec2-user/arduino-testlib/cli-datadir/user/libraries/TM1637_Driver/examples/split_screen/split_screen.ino: In function &#39;void setup()&#39;:
/home/ec2-user/arduino-testlib/cli-datadir/user/libraries/TM1637_Driver/examples/split_screen/split_screen.ino:97:13: error: no matching function for call to &#39;TM1637::init()&#39;
     tm.init();                              // Initializes the display
             ^
In file included from /home/ec2-user/arduino-testlib/cli-datadir/user/libraries/TM1637_Driver/examples/split_screen/split_screen.ino:80:0:
/home/ec2-user/arduino-testlib/cli-datadir/user/libraries/TM1637_RT/TM1637.h:24:10: note: candidate: void TM1637::init(uint8_t, uint8_t, uint8_t)
     void init(uint8_t clockPin, uint8_t dataPin, uint8_t digits = 6);
          ^~~~
/home/ec2-user/arduino-testlib/cli-datadir/user/libraries/TM1637_RT/TM1637.h:24:10: note:   candidate expects 3 arguments, 0 provided
/home/ec2-user/arduino-testlib/cli-datadir/user/libraries/TM1637_Driver/examples/split_screen/split_screen.ino: In function &#39;void loop()&#39;:
/home/ec2-user/arduino-testlib/cli-datadir/user/libraries/TM1637_Driver/examples/split_screen/split_screen.ino:103:8: error: &#39;class TM1637&#39; has no member named &#39;display&#39;; did you mean &#39;displayRaw&#39;?
     tm.display(&#34;d&#34;, false, false, 3);        // Displays the &#39;d&#39; character at position 0 and don&#39;t fill the empty
        ^~~~~~~
        displayRaw
/home/ec2-user/arduino-testlib/cli-datadir/user/libraries/TM1637_Driver/examples/split_screen/split_screen.ino:105:8: error: &#39;class TM1637&#39; has no member named &#39;display&#39;; did you mean &#39;displayRaw&#39;?
     tm.display(getTemperature(), false, false);    // Display the random temperature starting at position 1 and fill the
        ^~~~~~~
        displayRaw
Multiple libraries were found for &#34;TM1637.h&#34;
  Used: /home/ec2-user/arduino-testlib/cli-datadir/user/libraries/TM1637_RT
  Not used: /home/ec2-user/arduino-testlib/cli-datadir/user/libraries/TM16xx_LEDs_and_Buttons
  Not used: /home/ec2-user/arduino-testlib/cli-datadir/user/libraries/Grove_4-Digit_Display
  Not used: /home/ec2-user/arduino-testlib/cli-datadir/user/libraries/TM1637_Driver
</pre>
					
				
				<h3 id="arduino:samd:mkrwifi1010">arduino:samd:mkrwifi1010 @ 1.8.12</h3>
				<h4>Inclusion</h4>
				<p>
					Result: <b>PASS</b>
					
				</p>
				<pre class="pre-scrollable">Sketch uses 12156 bytes (4%) of program storage space. Maximum is 262144 bytes.
Global variables use 2996 bytes (9%) of dynamic memory, leaving 29772 bytes for local variables. Maximum is 32768 bytes.
</pre>

					
					<h4>examples/animation</h4>
					<p>
						Result: <b>FAIL</b>
					</p>
					<pre class="pre-scrollable">/home/ec2-user/arduino-testlib/cli-datadir/user/libraries/TM1637_Driver/examples/animation/animation.ino:78:15: error: no matching function for call to &#39;TM1637::TM1637(int, int)&#39;
 TM1637 tm(2, 3);
               ^
In file included from /home/ec2-user/arduino-testlib/cli-datadir/user/libraries/TM1637_Driver/examples/animation/animation.ino:72:0:
/home/ec2-user/arduino-testlib/cli-datadir/user/libraries/TM1637_RT/TM1637.h:22:5: note: candidate: TM1637::TM1637()
     TM1637();
     ^~~~~~
/home/ec2-user/arduino-testlib/cli-datadir/user/libraries/TM1637_RT/TM1637.h:22:5: note:   candidate expects 0 arguments, 2 provided
/home/ec2-user/arduino-testlib/cli-datadir/user/libraries/TM1637_RT/TM1637.h:19:7: note: candidate: constexpr TM1637::TM1637(const TM1637&amp;)
 class TM1637
       ^~~~~~
/home/ec2-user/arduino-testlib/cli-datadir/user/libraries/TM1637_RT/TM1637.h:19:7: note:   candidate expects 1 argument, 2 provided
/home/ec2-user/arduino-testlib/cli-datadir/user/libraries/TM1637_RT/TM1637.h:19:7: note: candidate: constexpr TM1637::TM1637(TM1637&amp;&amp;)
/home/ec2-user/arduino-testlib/cli-datadir/user/libraries/TM1637_RT/TM1637.h:19:7: note:   candidate expects 1 argument, 2 provided
/home/ec2-user/arduino-testlib/cli-datadir/user/libraries/TM1637_Driver/examples/animation/animation.ino: In function &#39;void setup()&#39;:
/home/ec2-user/arduino-testlib/cli-datadir/user/libraries/TM1637_Driver/examples/animation/animation.ino:82:8: error: &#39;class TM1637&#39; has no member named &#39;begin&#39;
     tm.begin();
        ^~~~~
/home/ec2-user/arduino-testlib/cli-datadir/user/libraries/TM1637_Driver/examples/animation/animation.ino: In function &#39;void loop()&#39;:
/home/ec2-user/arduino-testlib/cli-datadir/user/libraries/TM1637_Driver/examples/animation/animation.ino:91:16: error: &#39;class TM1637&#39; has no member named &#39;display&#39;; did you mean &#39;displayRaw&#39;?
             tm.display(9876)-&gt;blink(1500); // Display 9876 and blink every 1.5 seconds
                ^~~~~~~
                displayRaw
/home/ec2-user/arduino-testlib/cli-datadir/user/libraries/TM1637_Driver/examples/animation/animation.ino:96:16: error: &#39;class TM1637&#39; has no member named &#39;display&#39;; did you mean &#39;displayRaw&#39;?
             tm.display(&#34;PLAY-STOP&#34;)-&gt;scrollLeft(500); // Scroll &#34;PLAY-STOP&#34; to the left each 500 milliseconds
                ^~~~~~~
                displayRaw
/home/ec2-user/arduino-testlib/cli-datadir/user/libraries/TM1637_Driver/examples/animation/animation.ino:101:16: error: &#39;class TM1637&#39; has no member named &#39;display&#39;; did you mean &#39;displayRaw&#39;?
             tm.display(1.234354534)-&gt;fadeOut(800);  // Fade out 1.2345... every 800 milliseconds
                ^~~~~~~
                displayRaw
/home/ec2-user/arduino-testlib/cli-datadir/user/libraries/TM1637_Driver/examples/animation/animation.ino:106:16: error: &#39;class TM1637&#39; has no member named &#39;display&#39;; did you mean &#39;displayRaw&#39;?
             tm.display(1.234354534)-&gt;fadeIn(800); // Fade the same number in every 800 milliseconds
                ^~~~~~~
                displayRaw
Multiple libraries were found for &#34;TM1637.h&#34;
  Used: /home/ec2-user/arduino-testlib/cli-datadir/user/libraries/TM1637_RT
  Not used: /home/ec2-user/arduino-testlib/cli-datadir/user/libraries/Grove_4-Digit_Display
  Not used: /home/ec2-user/arduino-testlib/cli-datadir/user/libraries/TM16xx_LEDs_and_Buttons
  Not used: /home/ec2-user/arduino-testlib/cli-datadir/user/libraries/TM1637_Driver
</pre>
					
					<h4>examples/basic</h4>
					<p>
						Result: <b>PASS</b>
					</p>
					<pre class="pre-scrollable">Sketch uses 31124 bytes (11%) of program storage space. Maximum is 262144 bytes.
Global variables use 3540 bytes (10%) of dynamic memory, leaving 29228 bytes for local variables. Maximum is 32768 bytes.
</pre>
					
					<h4>examples/clock</h4>
					<p>
						Result: <b>FAIL</b>
					</p>
					<pre class="pre-scrollable">/home/ec2-user/arduino-testlib/cli-datadir/user/libraries/TM1637_Driver/examples/clock/clock.ino:93:19: error: no matching function for call to &#39;TM1637::TM1637(int, int)&#39;
 TM1637 tm1637(2, 3);
                   ^
In file included from /home/ec2-user/arduino-testlib/cli-datadir/user/libraries/TM1637_Driver/examples/clock/clock.ino:87:0:
/home/ec2-user/arduino-testlib/cli-datadir/user/libraries/TM1637_RT/TM1637.h:22:5: note: candidate: TM1637::TM1637()
     TM1637();
     ^~~~~~
/home/ec2-user/arduino-testlib/cli-datadir/user/libraries/TM1637_RT/TM1637.h:22:5: note:   candidate expects 0 arguments, 2 provided
/home/ec2-user/arduino-testlib/cli-datadir/user/libraries/TM1637_RT/TM1637.h:19:7: note: candidate: constexpr TM1637::TM1637(const TM1637&amp;)
 class TM1637
       ^~~~~~
/home/ec2-user/arduino-testlib/cli-datadir/user/libraries/TM1637_RT/TM1637.h:19:7: note:   candidate expects 1 argument, 2 provided
/home/ec2-user/arduino-testlib/cli-datadir/user/libraries/TM1637_RT/TM1637.h:19:7: note: candidate: constexpr TM1637::TM1637(TM1637&amp;&amp;)
/home/ec2-user/arduino-testlib/cli-datadir/user/libraries/TM1637_RT/TM1637.h:19:7: note:   candidate expects 1 argument, 2 provided
/home/ec2-user/arduino-testlib/cli-datadir/user/libraries/TM1637_Driver/examples/clock/clock.ino: In function &#39;void setup()&#39;:
/home/ec2-user/arduino-testlib/cli-datadir/user/libraries/TM1637_Driver/examples/clock/clock.ino:97:17: error: no matching function for call to &#39;TM1637::init()&#39;
     tm1637.init();
                 ^
In file included from /home/ec2-user/arduino-testlib/cli-datadir/user/libraries/TM1637_Driver/examples/clock/clock.ino:87:0:
/home/ec2-user/arduino-testlib/cli-datadir/user/libraries/TM1637_RT/TM1637.h:24:10: note: candidate: void TM1637::init(uint8_t, uint8_t, uint8_t)
     void init(uint8_t clockPin, uint8_t dataPin, uint8_t digits = 6);
          ^~~~
/home/ec2-user/arduino-testlib/cli-datadir/user/libraries/TM1637_RT/TM1637.h:24:10: note:   candidate expects 3 arguments, 0 provided
/home/ec2-user/arduino-testlib/cli-datadir/user/libraries/TM1637_Driver/examples/clock/clock.ino: In function &#39;void loop()&#39;:
/home/ec2-user/arduino-testlib/cli-datadir/user/libraries/TM1637_Driver/examples/clock/clock.ino:106:24: error: &#39;class TM1637&#39; has no member named &#39;display&#39;; did you mean &#39;displayRaw&#39;?
                 tm1637.display(seconds &#43; minutes * 100)-&gt;blink(1000); // Display the time and blink each 1 second
                        ^~~~~~~
                        displayRaw
/home/ec2-user/arduino-testlib/cli-datadir/user/libraries/TM1637_Driver/examples/clock/clock.ino:109:24: error: &#39;class TM1637&#39; has no member named &#39;display&#39;; did you mean &#39;displayRaw&#39;?
                 tm1637.display(seconds &#43; minutes * 100); // Display the time
                        ^~~~~~~
                        displayRaw
/home/ec2-user/arduino-testlib/cli-datadir/user/libraries/TM1637_Driver/examples/clock/clock.ino:110:24: error: &#39;class TM1637&#39; has no member named &#39;switchColon&#39;
                 tm1637.switchColon(); // Switch the colon. Your display must support it.
                        ^~~~~~~~~~~
Multiple libraries were found for &#34;TM1637.h&#34;
  Used: /home/ec2-user/arduino-testlib/cli-datadir/user/libraries/TM1637_RT
  Not used: /home/ec2-user/arduino-testlib/cli-datadir/user/libraries/TM1637_Driver
  Not used: /home/ec2-user/arduino-testlib/cli-datadir/user/libraries/Grove_4-Digit_Display
  Not used: /home/ec2-user/arduino-testlib/cli-datadir/user/libraries/TM16xx_LEDs_and_Buttons
</pre>
					
					<h4>examples/counter</h4>
					<p>
						Result: <b>FAIL</b>
					</p>
					<pre class="pre-scrollable">/home/ec2-user/arduino-testlib/cli-datadir/user/libraries/TM1637_Driver/examples/counter/counter.ino:80:15: error: no matching function for call to &#39;TM1637::TM1637(int, int)&#39;
 TM1637 tm(2, 3);
               ^
In file included from /home/ec2-user/arduino-testlib/cli-datadir/user/libraries/TM1637_Driver/examples/counter/counter.ino:74:0:
/home/ec2-user/arduino-testlib/cli-datadir/user/libraries/TM1637_RT/TM1637.h:22:5: note: candidate: TM1637::TM1637()
     TM1637();
     ^~~~~~
/home/ec2-user/arduino-testlib/cli-datadir/user/libraries/TM1637_RT/TM1637.h:22:5: note:   candidate expects 0 arguments, 2 provided
/home/ec2-user/arduino-testlib/cli-datadir/user/libraries/TM1637_RT/TM1637.h:19:7: note: candidate: constexpr TM1637::TM1637(const TM1637&amp;)
 class TM1637
       ^~~~~~
/home/ec2-user/arduino-testlib/cli-datadir/user/libraries/TM1637_RT/TM1637.h:19:7: note:   candidate expects 1 argument, 2 provided
/home/ec2-user/arduino-testlib/cli-datadir/user/libraries/TM1637_RT/TM1637.h:19:7: note: candidate: constexpr TM1637::TM1637(TM1637&amp;&amp;)
/home/ec2-user/arduino-testlib/cli-datadir/user/libraries/TM1637_RT/TM1637.h:19:7: note:   candidate expects 1 argument, 2 provided
/home/ec2-user/arduino-testlib/cli-datadir/user/libraries/TM1637_Driver/examples/counter/counter.ino: In function &#39;void setup()&#39;:
/home/ec2-user/arduino-testlib/cli-datadir/user/libraries/TM1637_Driver/examples/counter/counter.ino:84:13: error: no matching function for call to &#39;TM1637::init()&#39;
     tm.init(); // or tm.begin()
             ^
In file included from /home/ec2-user/arduino-testlib/cli-datadir/user/libraries/TM1637_Driver/examples/counter/counter.ino:74:0:
/home/ec2-user/arduino-testlib/cli-datadir/user/libraries/TM1637_RT/TM1637.h:24:10: note: candidate: void TM1637::init(uint8_t, uint8_t, uint8_t)
     void init(uint8_t clockPin, uint8_t dataPin, uint8_t digits = 6);
          ^~~~
/home/ec2-user/arduino-testlib/cli-datadir/user/libraries/TM1637_RT/TM1637.h:24:10: note:   candidate expects 3 arguments, 0 provided
/home/ec2-user/arduino-testlib/cli-datadir/user/libraries/TM1637_Driver/examples/counter/counter.ino: In function &#39;void loop()&#39;:
/home/ec2-user/arduino-testlib/cli-datadir/user/libraries/TM1637_Driver/examples/counter/counter.ino:90:12: error: &#39;class TM1637&#39; has no member named &#39;display&#39;; did you mean &#39;displayRaw&#39;?
         tm.display(i);
            ^~~~~~~
            displayRaw
/home/ec2-user/arduino-testlib/cli-datadir/user/libraries/TM1637_Driver/examples/counter/counter.ino:92:12: error: &#39;class TM1637&#39; has no member named &#39;clearScreen&#39;
         tm.clearScreen();   // To remove old display artefacts
            ^~~~~~~~~~~
Multiple libraries were found for &#34;TM1637.h&#34;
  Used: /home/ec2-user/arduino-testlib/cli-datadir/user/libraries/TM1637_RT
  Not used: /home/ec2-user/arduino-testlib/cli-datadir/user/libraries/Grove_4-Digit_Display
  Not used: /home/ec2-user/arduino-testlib/cli-datadir/user/libraries/TM16xx_LEDs_and_Buttons
  Not used: /home/ec2-user/arduino-testlib/cli-datadir/user/libraries/TM1637_Driver
</pre>
					
					<h4>examples/custom_digits</h4>
					<p>
						Result: <b>FAIL</b>
					</p>
					<pre class="pre-scrollable">/home/ec2-user/arduino-testlib/cli-datadir/user/libraries/TM1637_Driver/examples/custom_digits/custom_digits.ino:67:15: error: no matching function for call to &#39;TM1637::TM1637(int, int)&#39;
 TM1637 tm(2, 3);
               ^
In file included from /home/ec2-user/arduino-testlib/cli-datadir/user/libraries/TM1637_Driver/examples/custom_digits/custom_digits.ino:1:0:
/home/ec2-user/arduino-testlib/cli-datadir/user/libraries/TM1637_RT/TM1637.h:22:5: note: candidate: TM1637::TM1637()
     TM1637();
     ^~~~~~
/home/ec2-user/arduino-testlib/cli-datadir/user/libraries/TM1637_RT/TM1637.h:22:5: note:   candidate expects 0 arguments, 2 provided
/home/ec2-user/arduino-testlib/cli-datadir/user/libraries/TM1637_RT/TM1637.h:19:7: note: candidate: constexpr TM1637::TM1637(const TM1637&amp;)
 class TM1637
       ^~~~~~
/home/ec2-user/arduino-testlib/cli-datadir/user/libraries/TM1637_RT/TM1637.h:19:7: note:   candidate expects 1 argument, 2 provided
/home/ec2-user/arduino-testlib/cli-datadir/user/libraries/TM1637_RT/TM1637.h:19:7: note: candidate: constexpr TM1637::TM1637(TM1637&amp;&amp;)
/home/ec2-user/arduino-testlib/cli-datadir/user/libraries/TM1637_RT/TM1637.h:19:7: note:   candidate expects 1 argument, 2 provided
/home/ec2-user/arduino-testlib/cli-datadir/user/libraries/TM1637_Driver/examples/custom_digits/custom_digits.ino: In function &#39;void setup()&#39;:
/home/ec2-user/arduino-testlib/cli-datadir/user/libraries/TM1637_Driver/examples/custom_digits/custom_digits.ino:71:8: error: &#39;class TM1637&#39; has no member named &#39;begin&#39;
     tm.begin();
        ^~~~~
/home/ec2-user/arduino-testlib/cli-datadir/user/libraries/TM1637_Driver/examples/custom_digits/custom_digits.ino: In function &#39;void loop()&#39;:
/home/ec2-user/arduino-testlib/cli-datadir/user/libraries/TM1637_Driver/examples/custom_digits/custom_digits.ino:77:14: error: &#39;DisplayDigit&#39; was not declared in this scope
     auto d = DisplayDigit().setA().setE().setF().setD();
              ^~~~~~~~~~~~
/home/ec2-user/arduino-testlib/cli-datadir/user/libraries/TM1637_Driver/examples/custom_digits/custom_digits.ino:77:14: note: suggested alternative: &#39;isxdigit&#39;
     auto d = DisplayDigit().setA().setE().setF().setD();
              ^~~~~~~~~~~~
              isxdigit
/home/ec2-user/arduino-testlib/cli-datadir/user/libraries/TM1637_Driver/examples/custom_digits/custom_digits.ino:79:8: error: &#39;class TM1637&#39; has no member named &#39;displayRawBytes&#39;; did you mean &#39;displayRaw&#39;?
     tm.displayRawBytes(rawBuffer, 4)-&gt;blink(1000);
        ^~~~~~~~~~~~~~~
        displayRaw
Multiple libraries were found for &#34;TM1637.h&#34;
  Used: /home/ec2-user/arduino-testlib/cli-datadir/user/libraries/TM1637_RT
  Not used: /home/ec2-user/arduino-testlib/cli-datadir/user/libraries/TM1637_Driver
  Not used: /home/ec2-user/arduino-testlib/cli-datadir/user/libraries/TM16xx_LEDs_and_Buttons
  Not used: /home/ec2-user/arduino-testlib/cli-datadir/user/libraries/Grove_4-Digit_Display
</pre>
					
					<h4>examples/split_screen</h4>
					<p>
						Result: <b>FAIL</b>
					</p>
					<pre class="pre-scrollable">/home/ec2-user/arduino-testlib/cli-datadir/user/libraries/TM1637_Driver/examples/split_screen/split_screen.ino:86:15: error: no matching function for call to &#39;TM1637::TM1637(int, int)&#39;
 TM1637 tm(2, 3);
               ^
In file included from /home/ec2-user/arduino-testlib/cli-datadir/user/libraries/TM1637_Driver/examples/split_screen/split_screen.ino:80:0:
/home/ec2-user/arduino-testlib/cli-datadir/user/libraries/TM1637_RT/TM1637.h:22:5: note: candidate: TM1637::TM1637()
     TM1637();
     ^~~~~~
/home/ec2-user/arduino-testlib/cli-datadir/user/libraries/TM1637_RT/TM1637.h:22:5: note:   candidate expects 0 arguments, 2 provided
/home/ec2-user/arduino-testlib/cli-datadir/user/libraries/TM1637_RT/TM1637.h:19:7: note: candidate: constexpr TM1637::TM1637(const TM1637&amp;)
 class TM1637
       ^~~~~~
/home/ec2-user/arduino-testlib/cli-datadir/user/libraries/TM1637_RT/TM1637.h:19:7: note:   candidate expects 1 argument, 2 provided
/home/ec2-user/arduino-testlib/cli-datadir/user/libraries/TM1637_RT/TM1637.h:19:7: note: candidate: constexpr TM1637::TM1637(TM1637&amp;&amp;)
/home/ec2-user/arduino-testlib/cli-datadir/user/libraries/TM1637_RT/TM1637.h:19:7: note:   candidate expects 1 argument, 2 provided
/home/ec2-user/arduino-testlib/cli-datadir/user/libraries/TM1637_Driver/examples/split_screen/split_screen.ino: In function &#39;void setup()&#39;:
/home/ec2-user/arduino-testlib/cli-datadir/user/libraries/TM1637_Driver/examples/split_screen/split_screen.ino:97:13: error: no matching function for call to &#39;TM1637::init()&#39;
     tm.init();                              // Initializes the display
             ^
In file included from /home/ec2-user/arduino-testlib/cli-datadir/user/libraries/TM1637_Driver/examples/split_screen/split_screen.ino:80:0:
/home/ec2-user/arduino-testlib/cli-datadir/user/libraries/TM1637_RT/TM1637.h:24:10: note: candidate: void TM1637::init(uint8_t, uint8_t, uint8_t)
     void init(uint8_t clockPin, uint8_t dataPin, uint8_t digits = 6);
          ^~~~
/home/ec2-user/arduino-testlib/cli-datadir/user/libraries/TM1637_RT/TM1637.h:24:10: note:   candidate expects 3 arguments, 0 provided
/home/ec2-user/arduino-testlib/cli-datadir/user/libraries/TM1637_Driver/examples/split_screen/split_screen.ino: In function &#39;void loop()&#39;:
/home/ec2-user/arduino-testlib/cli-datadir/user/libraries/TM1637_Driver/examples/split_screen/split_screen.ino:103:8: error: &#39;class TM1637&#39; has no member named &#39;display&#39;; did you mean &#39;displayRaw&#39;?
     tm.display(&#34;d&#34;, false, false, 3);        // Displays the &#39;d&#39; character at position 0 and don&#39;t fill the empty
        ^~~~~~~
        displayRaw
/home/ec2-user/arduino-testlib/cli-datadir/user/libraries/TM1637_Driver/examples/split_screen/split_screen.ino:105:8: error: &#39;class TM1637&#39; has no member named &#39;display&#39;; did you mean &#39;displayRaw&#39;?
     tm.display(getTemperature(), false, false);    // Display the random temperature starting at position 1 and fill the
        ^~~~~~~
        displayRaw
Multiple libraries were found for &#34;TM1637.h&#34;
  Used: /home/ec2-user/arduino-testlib/cli-datadir/user/libraries/TM1637_RT
  Not used: /home/ec2-user/arduino-testlib/cli-datadir/user/libraries/Grove_4-Digit_Display
  Not used: /home/ec2-user/arduino-testlib/cli-datadir/user/libraries/TM16xx_LEDs_and_Buttons
  Not used: /home/ec2-user/arduino-testlib/cli-datadir/user/libraries/TM1637_Driver
</pre>
					
				
				<h3 id="esp32:esp32:d1_mini32">esp32:esp32:d1_mini32 @ 1.0.6</h3>
				<h4>Inclusion</h4>
				<p>
					Result: <b>PASS</b>
					
				</p>
				<pre class="pre-scrollable">Sketch uses 197736 bytes (15%) of program storage space. Maximum is 1310720 bytes.
Global variables use 13084 bytes (3%) of dynamic memory, leaving 314596 bytes for local variables. Maximum is 327680 bytes.
</pre>

					
					<h4>examples/animation</h4>
					<p>
						Result: <b>FAIL</b>
					</p>
					<pre class="pre-scrollable">/home/ec2-user/arduino-testlib/cli-datadir/user/libraries/TM1637_Driver/examples/animation/animation.ino:78:15: error: no matching function for call to &#39;TM1637::TM1637(int, int)&#39;
 TM1637 tm(2, 3);
               ^
In file included from /home/ec2-user/arduino-testlib/cli-datadir/user/libraries/TM1637_Driver/examples/animation/animation.ino:72:0:
/home/ec2-user/arduino-testlib/cli-datadir/user/libraries/TM1637_RT/TM1637.h:22:5: note: candidate: TM1637::TM1637()
     TM1637();
     ^
/home/ec2-user/arduino-testlib/cli-datadir/user/libraries/TM1637_RT/TM1637.h:22:5: note:   candidate expects 0 arguments, 2 provided
/home/ec2-user/arduino-testlib/cli-datadir/user/libraries/TM1637_RT/TM1637.h:19:7: note: candidate: constexpr TM1637::TM1637(const TM1637&amp;)
 class TM1637
       ^
/home/ec2-user/arduino-testlib/cli-datadir/user/libraries/TM1637_RT/TM1637.h:19:7: note:   candidate expects 1 argument, 2 provided
/home/ec2-user/arduino-testlib/cli-datadir/user/libraries/TM1637_RT/TM1637.h:19:7: note: candidate: constexpr TM1637::TM1637(TM1637&amp;&amp;)
/home/ec2-user/arduino-testlib/cli-datadir/user/libraries/TM1637_RT/TM1637.h:19:7: note:   candidate expects 1 argument, 2 provided
/home/ec2-user/arduino-testlib/cli-datadir/user/libraries/TM1637_Driver/examples/animation/animation.ino: In function &#39;void setup()&#39;:
/home/ec2-user/arduino-testlib/cli-datadir/user/libraries/TM1637_Driver/examples/animation/animation.ino:82:8: error: &#39;class TM1637&#39; has no member named &#39;begin&#39;
     tm.begin();
        ^
/home/ec2-user/arduino-testlib/cli-datadir/user/libraries/TM1637_Driver/examples/animation/animation.ino: In function &#39;void loop()&#39;:
/home/ec2-user/arduino-testlib/cli-datadir/user/libraries/TM1637_Driver/examples/animation/animation.ino:91:16: error: &#39;class TM1637&#39; has no member named &#39;display&#39;
             tm.display(9876)-&gt;blink(1500); // Display 9876 and blink every 1.5 seconds
                ^
/home/ec2-user/arduino-testlib/cli-datadir/user/libraries/TM1637_Driver/examples/animation/animation.ino:96:16: error: &#39;class TM1637&#39; has no member named &#39;display&#39;
             tm.display(&#34;PLAY-STOP&#34;)-&gt;scrollLeft(500); // Scroll &#34;PLAY-STOP&#34; to the left each 500 milliseconds
                ^
/home/ec2-user/arduino-testlib/cli-datadir/user/libraries/TM1637_Driver/examples/animation/animation.ino:101:16: error: &#39;class TM1637&#39; has no member named &#39;display&#39;
             tm.display(1.234354534)-&gt;fadeOut(800);  // Fade out 1.2345... every 800 milliseconds
                ^
/home/ec2-user/arduino-testlib/cli-datadir/user/libraries/TM1637_Driver/examples/animation/animation.ino:106:16: error: &#39;class TM1637&#39; has no member named &#39;display&#39;
             tm.display(1.234354534)-&gt;fadeIn(800); // Fade the same number in every 800 milliseconds
                ^
Multiple libraries were found for &#34;TM1637.h&#34;
  Used: /home/ec2-user/arduino-testlib/cli-datadir/user/libraries/TM1637_RT
  Not used: /home/ec2-user/arduino-testlib/cli-datadir/user/libraries/TM1637_Driver
  Not used: /home/ec2-user/arduino-testlib/cli-datadir/user/libraries/TM16xx_LEDs_and_Buttons
  Not used: /home/ec2-user/arduino-testlib/cli-datadir/user/libraries/Grove_4-Digit_Display
</pre>
					
					<h4>examples/basic</h4>
					<p>
						Result: <b>PASS</b>
					</p>
					<pre class="pre-scrollable">Sketch uses 202310 bytes (15%) of program storage space. Maximum is 1310720 bytes.
Global variables use 13424 bytes (4%) of dynamic memory, leaving 314256 bytes for local variables. Maximum is 327680 bytes.
</pre>
					
					<h4>examples/clock</h4>
					<p>
						Result: <b>PASS</b>
					</p>
					<pre class="pre-scrollable">Sketch uses 201354 bytes (15%) of program storage space. Maximum is 1310720 bytes.
Global variables use 13432 bytes (4%) of dynamic memory, leaving 314248 bytes for local variables. Maximum is 327680 bytes.
</pre>
					
					<h4>examples/counter</h4>
					<p>
						Result: <b>FAIL</b>
					</p>
					<pre class="pre-scrollable">/home/ec2-user/arduino-testlib/cli-datadir/user/libraries/TM1637_Driver/examples/counter/counter.ino:80:15: error: no matching function for call to &#39;TM1637::TM1637(int, int)&#39;
 TM1637 tm(2, 3);
               ^
In file included from /home/ec2-user/arduino-testlib/cli-datadir/user/libraries/TM1637_Driver/examples/counter/counter.ino:74:0:
/home/ec2-user/arduino-testlib/cli-datadir/user/libraries/TM1637_RT/TM1637.h:22:5: note: candidate: TM1637::TM1637()
     TM1637();
     ^
/home/ec2-user/arduino-testlib/cli-datadir/user/libraries/TM1637_RT/TM1637.h:22:5: note:   candidate expects 0 arguments, 2 provided
/home/ec2-user/arduino-testlib/cli-datadir/user/libraries/TM1637_RT/TM1637.h:19:7: note: candidate: constexpr TM1637::TM1637(const TM1637&amp;)
 class TM1637
       ^
/home/ec2-user/arduino-testlib/cli-datadir/user/libraries/TM1637_RT/TM1637.h:19:7: note:   candidate expects 1 argument, 2 provided
/home/ec2-user/arduino-testlib/cli-datadir/user/libraries/TM1637_RT/TM1637.h:19:7: note: candidate: constexpr TM1637::TM1637(TM1637&amp;&amp;)
/home/ec2-user/arduino-testlib/cli-datadir/user/libraries/TM1637_RT/TM1637.h:19:7: note:   candidate expects 1 argument, 2 provided
/home/ec2-user/arduino-testlib/cli-datadir/user/libraries/TM1637_Driver/examples/counter/counter.ino: In function &#39;void setup()&#39;:
/home/ec2-user/arduino-testlib/cli-datadir/user/libraries/TM1637_Driver/examples/counter/counter.ino:84:13: error: no matching function for call to &#39;TM1637::init()&#39;
     tm.init(); // or tm.begin()
             ^
In file included from /home/ec2-user/arduino-testlib/cli-datadir/user/libraries/TM1637_Driver/examples/counter/counter.ino:74:0:
/home/ec2-user/arduino-testlib/cli-datadir/user/libraries/TM1637_RT/TM1637.h:24:10: note: candidate: void TM1637::init(uint8_t, uint8_t, uint8_t)
     void init(uint8_t clockPin, uint8_t dataPin, uint8_t digits = 6);
          ^
/home/ec2-user/arduino-testlib/cli-datadir/user/libraries/TM1637_RT/TM1637.h:24:10: note:   candidate expects 3 arguments, 0 provided
/home/ec2-user/arduino-testlib/cli-datadir/user/libraries/TM1637_Driver/examples/counter/counter.ino: In function &#39;void loop()&#39;:
/home/ec2-user/arduino-testlib/cli-datadir/user/libraries/TM1637_Driver/examples/counter/counter.ino:90:12: error: &#39;class TM1637&#39; has no member named &#39;display&#39;
         tm.display(i);
            ^
/home/ec2-user/arduino-testlib/cli-datadir/user/libraries/TM1637_Driver/examples/counter/counter.ino:92:12: error: &#39;class TM1637&#39; has no member named &#39;clearScreen&#39;
         tm.clearScreen();   // To remove old display artefacts
            ^
Multiple libraries were found for &#34;TM1637.h&#34;
  Used: /home/ec2-user/arduino-testlib/cli-datadir/user/libraries/TM1637_RT
  Not used: /home/ec2-user/arduino-testlib/cli-datadir/user/libraries/TM16xx_LEDs_and_Buttons
  Not used: /home/ec2-user/arduino-testlib/cli-datadir/user/libraries/Grove_4-Digit_Display
  Not used: /home/ec2-user/arduino-testlib/cli-datadir/user/libraries/TM1637_Driver
</pre>
					
					<h4>examples/custom_digits</h4>
					<p>
						Result: <b>FAIL</b>
					</p>
					<pre class="pre-scrollable">/home/ec2-user/arduino-testlib/cli-datadir/user/libraries/TM1637_Driver/examples/custom_digits/custom_digits.ino:67:15: error: no matching function for call to &#39;TM1637::TM1637(int, int)&#39;
 TM1637 tm(2, 3);
               ^
In file included from /home/ec2-user/arduino-testlib/cli-datadir/user/libraries/TM1637_Driver/examples/custom_digits/custom_digits.ino:1:0:
/home/ec2-user/arduino-testlib/cli-datadir/user/libraries/TM1637_RT/TM1637.h:22:5: note: candidate: TM1637::TM1637()
     TM1637();
     ^
/home/ec2-user/arduino-testlib/cli-datadir/user/libraries/TM1637_RT/TM1637.h:22:5: note:   candidate expects 0 arguments, 2 provided
/home/ec2-user/arduino-testlib/cli-datadir/user/libraries/TM1637_RT/TM1637.h:19:7: note: candidate: constexpr TM1637::TM1637(const TM1637&amp;)
 class TM1637
       ^
/home/ec2-user/arduino-testlib/cli-datadir/user/libraries/TM1637_RT/TM1637.h:19:7: note:   candidate expects 1 argument, 2 provided
/home/ec2-user/arduino-testlib/cli-datadir/user/libraries/TM1637_RT/TM1637.h:19:7: note: candidate: constexpr TM1637::TM1637(TM1637&amp;&amp;)
/home/ec2-user/arduino-testlib/cli-datadir/user/libraries/TM1637_RT/TM1637.h:19:7: note:   candidate expects 1 argument, 2 provided
/home/ec2-user/arduino-testlib/cli-datadir/user/libraries/TM1637_Driver/examples/custom_digits/custom_digits.ino: In function &#39;void setup()&#39;:
/home/ec2-user/arduino-testlib/cli-datadir/user/libraries/TM1637_Driver/examples/custom_digits/custom_digits.ino:71:8: error: &#39;class TM1637&#39; has no member named &#39;begin&#39;
     tm.begin();
        ^
/home/ec2-user/arduino-testlib/cli-datadir/user/libraries/TM1637_Driver/examples/custom_digits/custom_digits.ino: In function &#39;void loop()&#39;:
/home/ec2-user/arduino-testlib/cli-datadir/user/libraries/TM1637_Driver/examples/custom_digits/custom_digits.ino:77:27: error: &#39;DisplayDigit&#39; was not declared in this scope
     auto d = DisplayDigit().setA().setE().setF().setD();
                           ^
/home/ec2-user/arduino-testlib/cli-datadir/user/libraries/TM1637_Driver/examples/custom_digits/custom_digits.ino:79:8: error: &#39;class TM1637&#39; has no member named &#39;displayRawBytes&#39;
     tm.displayRawBytes(rawBuffer, 4)-&gt;blink(1000);
        ^
Multiple libraries were found for &#34;TM1637.h&#34;
  Used: /home/ec2-user/arduino-testlib/cli-datadir/user/libraries/TM1637_RT
  Not used: /home/ec2-user/arduino-testlib/cli-datadir/user/libraries/TM16xx_LEDs_and_Buttons
  Not used: /home/ec2-user/arduino-testlib/cli-datadir/user/libraries/Grove_4-Digit_Display
  Not used: /home/ec2-user/arduino-testlib/cli-datadir/user/libraries/TM1637_Driver
</pre>
					
					<h4>examples/split_screen</h4>
					<p>
						Result: <b>FAIL</b>
					</p>
					<pre class="pre-scrollable">/home/ec2-user/arduino-testlib/cli-datadir/user/libraries/TM1637_Driver/examples/split_screen/split_screen.ino:86:15: error: no matching function for call to &#39;TM1637::TM1637(int, int)&#39;
 TM1637 tm(2, 3);
               ^
In file included from /home/ec2-user/arduino-testlib/cli-datadir/user/libraries/TM1637_Driver/examples/split_screen/split_screen.ino:80:0:
/home/ec2-user/arduino-testlib/cli-datadir/user/libraries/TM1637_RT/TM1637.h:22:5: note: candidate: TM1637::TM1637()
     TM1637();
     ^
/home/ec2-user/arduino-testlib/cli-datadir/user/libraries/TM1637_RT/TM1637.h:22:5: note:   candidate expects 0 arguments, 2 provided
/home/ec2-user/arduino-testlib/cli-datadir/user/libraries/TM1637_RT/TM1637.h:19:7: note: candidate: constexpr TM1637::TM1637(const TM1637&amp;)
 class TM1637
       ^
/home/ec2-user/arduino-testlib/cli-datadir/user/libraries/TM1637_RT/TM1637.h:19:7: note:   candidate expects 1 argument, 2 provided
/home/ec2-user/arduino-testlib/cli-datadir/user/libraries/TM1637_RT/TM1637.h:19:7: note: candidate: constexpr TM1637::TM1637(TM1637&amp;&amp;)
/home/ec2-user/arduino-testlib/cli-datadir/user/libraries/TM1637_RT/TM1637.h:19:7: note:   candidate expects 1 argument, 2 provided
/home/ec2-user/arduino-testlib/cli-datadir/user/libraries/TM1637_Driver/examples/split_screen/split_screen.ino: In function &#39;void setup()&#39;:
/home/ec2-user/arduino-testlib/cli-datadir/user/libraries/TM1637_Driver/examples/split_screen/split_screen.ino:97:13: error: no matching function for call to &#39;TM1637::init()&#39;
     tm.init();                              // Initializes the display
             ^
In file included from /home/ec2-user/arduino-testlib/cli-datadir/user/libraries/TM1637_Driver/examples/split_screen/split_screen.ino:80:0:
/home/ec2-user/arduino-testlib/cli-datadir/user/libraries/TM1637_RT/TM1637.h:24:10: note: candidate: void TM1637::init(uint8_t, uint8_t, uint8_t)
     void init(uint8_t clockPin, uint8_t dataPin, uint8_t digits = 6);
          ^
/home/ec2-user/arduino-testlib/cli-datadir/user/libraries/TM1637_RT/TM1637.h:24:10: note:   candidate expects 3 arguments, 0 provided
/home/ec2-user/arduino-testlib/cli-datadir/user/libraries/TM1637_Driver/examples/split_screen/split_screen.ino: In function &#39;void loop()&#39;:
/home/ec2-user/arduino-testlib/cli-datadir/user/libraries/TM1637_Driver/examples/split_screen/split_screen.ino:103:8: error: &#39;class TM1637&#39; has no member named &#39;display&#39;
     tm.display(&#34;d&#34;, false, false, 3);        // Displays the &#39;d&#39; character at position 0 and don&#39;t fill the empty
        ^
/home/ec2-user/arduino-testlib/cli-datadir/user/libraries/TM1637_Driver/examples/split_screen/split_screen.ino:105:8: error: &#39;class TM1637&#39; has no member named &#39;display&#39;
     tm.display(getTemperature(), false, false);    // Display the random temperature starting at position 1 and fill the
        ^
Multiple libraries were found for &#34;TM1637.h&#34;
  Used: /home/ec2-user/arduino-testlib/cli-datadir/user/libraries/TM1637_RT
  Not used: /home/ec2-user/arduino-testlib/cli-datadir/user/libraries/TM1637_Driver
  Not used: /home/ec2-user/arduino-testlib/cli-datadir/user/libraries/TM16xx_LEDs_and_Buttons
  Not used: /home/ec2-user/arduino-testlib/cli-datadir/user/libraries/Grove_4-Digit_Display
</pre>
					
				
			</div>
		</div>
	</div>
  </body>
</html>
