
<!doctype html>
<html lang="en">
  <head>
    <meta charset="utf-8">
    <meta name="viewport" content="width=device-width, initial-scale=1">
    <link href="https://cdn.jsdelivr.net/npm/bootstrap@5.0.2/dist/css/bootstrap.min.css" rel="stylesheet" integrity="sha384-EVSTQN3/azprG1Anm3QDgpJLIm9Nao0Yz1ztcQTwFspd3yD65VohhpuuCOmLASjC" crossorigin="anonymous">
    <title>arduino-testlib report</title>
	<style>
	.pass { background-color: #00FF00 !important; }
	.fail { background-color: #FF0000 !important; }
	</style>
  </head>
  <body>
	<div class="container">
		<div class="row">
			<div class="col">
				<h1>Tone - compatibility matrix</h1>
				<p>
					<small>This report was generated on Wednesday, 23-Feb-22 22:48:15 CET using 
					<a href="https://github.com/alranel/arduino-testlib">arduino-testlib</a>.</small>
				</p>

				<h2>Tone</h2>
				<p>
					Version: <b>1.0.0</b>
					<br />
					<a href="https://www.arduino.cc/reference/en/libraries/tone/">More details</a>
				</p>

				<h2>Compatibility matrix</h2>
				<table class="table table-bordered">
					<tr>
						<th>Board</th>
						<th>Claims compatibility</th>
						<th>Inclusion</th>
						
						<th><pre>DTMFTest</pre></th>
						
						<th><pre>RTTTL</pre></th>
						
						<th><pre>ToneTest</pre></th>
						
					</tr>
					
					<tr>
						<td>
							<a href="#arduino%3aavr%3auno"><b>arduino:avr:uno</b></a>
							<br />
							<small>1.8.4</small>
						</td>

						
							<td>Yes</td>
							<td class="pass">PASS</td>
						
						
						
						

						
							
								
									
										
											<td class="pass">PASS</td>
											
										
									
										
									
										
									
								
							
								
							
								
							
								
							
								
							
						
							
								
									
										
									
										
											<td class="pass">PASS</td>
											
										
									
										
									
								
							
								
							
								
							
								
							
								
							
						
							
								
									
										
									
										
									
										
											<td class="pass">PASS</td>
											
										
									
								
							
								
							
								
							
								
							
								
							
						
					</tr>
					
					<tr>
						<td>
							<a href="#arduino%3ambed_nano%3ananorp2040connect"><b>arduino:mbed_nano:nanorp2040connect</b></a>
							<br />
							<small>2.7.2</small>
						</td>

						
						
						
						
							<td>No</td>
							<td class="fail">FAIL</td>
						

						
							
								
							
								
									
										
											
											<td class="fail">FAIL</td>
										
									
										
									
										
									
								
							
								
							
								
							
								
							
						
							
								
							
								
									
										
									
										
											
											<td class="fail">FAIL</td>
										
									
										
									
								
							
								
							
								
							
								
							
						
							
								
							
								
									
										
									
										
									
										
											
											<td class="fail">FAIL</td>
										
									
								
							
								
							
								
							
								
							
						
					</tr>
					
					<tr>
						<td>
							<a href="#arduino%3amegaavr%3anona4809"><b>arduino:megaavr:nona4809</b></a>
							<br />
							<small>1.8.7</small>
						</td>

						
						
						
						
							<td>No</td>
							<td class="fail">FAIL</td>
						

						
							
								
							
								
							
								
									
										
											
											<td class="fail">FAIL</td>
										
									
										
									
										
									
								
							
								
							
								
							
						
							
								
							
								
							
								
									
										
									
										
											
											<td class="fail">FAIL</td>
										
									
										
									
								
							
								
							
								
							
						
							
								
							
								
							
								
									
										
									
										
									
										
											
											<td class="fail">FAIL</td>
										
									
								
							
								
							
								
							
						
					</tr>
					
					<tr>
						<td>
							<a href="#arduino%3asamd%3amkrwifi1010"><b>arduino:samd:mkrwifi1010</b></a>
							<br />
							<small>1.8.12</small>
						</td>

						
						
						
						
							<td>No</td>
							<td class="fail">FAIL</td>
						

						
							
								
							
								
							
								
							
								
									
										
											
											<td class="fail">FAIL</td>
										
									
										
									
										
									
								
							
								
							
						
							
								
							
								
							
								
							
								
									
										
									
										
											
											<td class="fail">FAIL</td>
										
									
										
									
								
							
								
							
						
							
								
							
								
							
								
							
								
									
										
									
										
									
										
											
											<td class="fail">FAIL</td>
										
									
								
							
								
							
						
					</tr>
					
					<tr>
						<td>
							<a href="#esp32%3aesp32%3ad1_mini32"><b>esp32:esp32:d1_mini32</b></a>
							<br />
							<small>1.0.6</small>
						</td>

						
						
						
						
							<td>No</td>
							<td class="fail">FAIL</td>
						

						
							
								
							
								
							
								
							
								
							
								
									
										
											
											<td class="fail">FAIL</td>
										
									
										
									
										
									
								
							
						
							
								
							
								
							
								
							
								
							
								
									
										
									
										
											
											<td class="fail">FAIL</td>
										
									
										
									
								
							
						
							
								
							
								
							
								
							
								
							
								
									
										
									
										
									
										
											
											<td class="fail">FAIL</td>
										
									
								
							
						
					</tr>
					
				</table>

				<h2>Compilation logs</h2>
				
				<h3 id="arduino:avr:uno">arduino:avr:uno @ 1.8.4</h3>
				<h4>Inclusion</h4>
				<p>
					Result: <b>PASS</b>
					
				</p>
				<pre class="pre-scrollable">Sketch uses 918 bytes (2%) of program storage space. Maximum is 32256 bytes.
Global variables use 24 bytes (1%) of dynamic memory, leaving 2024 bytes for local variables. Maximum is 2048 bytes.
</pre>

					
					<h4>examples/DTMFTest</h4>
					<p>
						Result: <b>PASS</b>
					</p>
					<pre class="pre-scrollable">Sketch uses 3956 bytes (12%) of program storage space. Maximum is 32256 bytes.
Global variables use 260 bytes (12%) of dynamic memory, leaving 1788 bytes for local variables. Maximum is 2048 bytes.
</pre>
					
					<h4>examples/RTTTL</h4>
					<p>
						Result: <b>PASS</b>
					</p>
					<pre class="pre-scrollable">Sketch uses 5108 bytes (15%) of program storage space. Maximum is 32256 bytes.
Global variables use 634 bytes (30%) of dynamic memory, leaving 1414 bytes for local variables. Maximum is 2048 bytes.
</pre>
					
					<h4>examples/ToneTest</h4>
					<p>
						Result: <b>PASS</b>
					</p>
					<pre class="pre-scrollable">Sketch uses 4116 bytes (12%) of program storage space. Maximum is 32256 bytes.
Global variables use 228 bytes (11%) of dynamic memory, leaving 1820 bytes for local variables. Maximum is 2048 bytes.
</pre>
					
				
				<h3 id="arduino:mbed_nano:nanorp2040connect">arduino:mbed_nano:nanorp2040connect @ 2.7.2</h3>
				<h4>Inclusion</h4>
				<p>
					Result: <b>FAIL</b>
					
				</p>
				<pre class="pre-scrollable">WARNING: library Tone claims to run on avr architecture(s) and may be incompatible with your current board which runs on mbed_nano architecture(s).
/home/ec2-user/arduino-testlib/cli-datadir/user/libraries/Tone/Tone.cpp:126:4: error: expected constructor, destructor, or type conversion before &#39;(&#39; token
 ISR(TIMER0_COMPA_vect)
    ^
/home/ec2-user/arduino-testlib/cli-datadir/user/libraries/Tone/Tone.cpp:149:4: error: expected constructor, destructor, or type conversion before &#39;(&#39; token
 ISR(TIMER1_COMPA_vect)
    ^
/home/ec2-user/arduino-testlib/cli-datadir/user/libraries/Tone/Tone.cpp:171:4: error: expected constructor, destructor, or type conversion before &#39;(&#39; token
 ISR(TIMER2_COMPA_vect)
    ^
/home/ec2-user/arduino-testlib/cli-datadir/user/libraries/Tone/Tone.cpp: In member function &#39;void Tone::begin(uint8_t)&#39;:
/home/ec2-user/arduino-testlib/cli-datadir/user/libraries/Tone/Tone.cpp:280:9: error: &#39;TCCR0A&#39; was not declared in this scope
         TCCR0A = 0;
         ^~~~~~
/home/ec2-user/arduino-testlib/cli-datadir/user/libraries/Tone/Tone.cpp:281:9: error: &#39;TCCR0B&#39; was not declared in this scope
         TCCR0B = 0;
         ^~~~~~
In file included from /home/ec2-user/arduino-testlib/cli-datadir/data/packages/arduino/hardware/mbed_nano/2.7.2/variants/NANO_RP2040_CONNECT/pinmode_arduino.h:30:0,
                 from /home/ec2-user/arduino-testlib/cli-datadir/data/packages/arduino/hardware/mbed_nano/2.7.2/cores/arduino/Arduino.h:26,
                 from /home/ec2-user/arduino-testlib/cli-datadir/user/libraries/Tone/Tone.cpp:43:
/home/ec2-user/arduino-testlib/cli-datadir/user/libraries/Tone/Tone.cpp:282:26: error: &#39;WGM01&#39; was not declared in this scope
         bitWrite(TCCR0A, WGM01, 1);
                          ^
/home/ec2-user/arduino-testlib/cli-datadir/data/packages/arduino/hardware/mbed_nano/2.7.2/cores/arduino/api/Common.h:66:49: note: in definition of macro &#39;bitSet&#39;
 #define bitSet(value, bit) ((value) |= (1UL &lt;&lt; (bit)))
                                                 ^~~
/home/ec2-user/arduino-testlib/cli-datadir/user/libraries/Tone/Tone.cpp:282:9: note: in expansion of macro &#39;bitWrite&#39;
         bitWrite(TCCR0A, WGM01, 1);
         ^~~~~~~~
/home/ec2-user/arduino-testlib/cli-datadir/user/libraries/Tone/Tone.cpp:283:26: error: &#39;CS00&#39; was not declared in this scope
         bitWrite(TCCR0B, CS00, 1);
                          ^
/home/ec2-user/arduino-testlib/cli-datadir/data/packages/arduino/hardware/mbed_nano/2.7.2/cores/arduino/api/Common.h:66:49: note: in definition of macro &#39;bitSet&#39;
 #define bitSet(value, bit) ((value) |= (1UL &lt;&lt; (bit)))
                                                 ^~~
/home/ec2-user/arduino-testlib/cli-datadir/user/libraries/Tone/Tone.cpp:283:9: note: in expansion of macro &#39;bitWrite&#39;
         bitWrite(TCCR0B, CS00, 1);
         ^~~~~~~~
/home/ec2-user/arduino-testlib/cli-datadir/user/libraries/Tone/Tone.cpp:283:26: note: suggested alternative: &#39;B100&#39;
         bitWrite(TCCR0B, CS00, 1);
                          ^
/home/ec2-user/arduino-testlib/cli-datadir/data/packages/arduino/hardware/mbed_nano/2.7.2/cores/arduino/api/Common.h:66:49: note: in definition of macro &#39;bitSet&#39;
 #define bitSet(value, bit) ((value) |= (1UL &lt;&lt; (bit)))
                                                 ^~~
/home/ec2-user/arduino-testlib/cli-datadir/user/libraries/Tone/Tone.cpp:283:9: note: in expansion of macro &#39;bitWrite&#39;
         bitWrite(TCCR0B, CS00, 1);
         ^~~~~~~~
/home/ec2-user/arduino-testlib/cli-datadir/user/libraries/Tone/Tone.cpp:284:27: error: &#39;portOutputRegister&#39; was not declared in this scope
         timer0_pin_port = portOutputRegister(digitalPinToPort(_pin));
                           ^~~~~~~~~~~~~~~~~~
/home/ec2-user/arduino-testlib/cli-datadir/user/libraries/Tone/Tone.cpp:285:27: error: &#39;digitalPinToBitMask&#39; was not declared in this scope
         timer0_pin_mask = digitalPinToBitMask(_pin);
                           ^~~~~~~~~~~~~~~~~~~
/home/ec2-user/arduino-testlib/cli-datadir/user/libraries/Tone/Tone.cpp:285:27: note: suggested alternative: &#39;digitalPinToPinName&#39;
         timer0_pin_mask = digitalPinToBitMask(_pin);
                           ^~~~~~~~~~~~~~~~~~~
                           digitalPinToPinName
/home/ec2-user/arduino-testlib/cli-datadir/user/libraries/Tone/Tone.cpp:294:9: error: &#39;TCCR1A&#39; was not declared in this scope
         TCCR1A = 0;
         ^~~~~~
/home/ec2-user/arduino-testlib/cli-datadir/user/libraries/Tone/Tone.cpp:295:9: error: &#39;TCCR1B&#39; was not declared in this scope
         TCCR1B = 0;
         ^~~~~~
In file included from /home/ec2-user/arduino-testlib/cli-datadir/data/packages/arduino/hardware/mbed_nano/2.7.2/variants/NANO_RP2040_CONNECT/pinmode_arduino.h:30:0,
                 from /home/ec2-user/arduino-testlib/cli-datadir/data/packages/arduino/hardware/mbed_nano/2.7.2/cores/arduino/Arduino.h:26,
                 from /home/ec2-user/arduino-testlib/cli-datadir/user/libraries/Tone/Tone.cpp:43:
/home/ec2-user/arduino-testlib/cli-datadir/user/libraries/Tone/Tone.cpp:296:26: error: &#39;WGM12&#39; was not declared in this scope
         bitWrite(TCCR1B, WGM12, 1);
                          ^
/home/ec2-user/arduino-testlib/cli-datadir/data/packages/arduino/hardware/mbed_nano/2.7.2/cores/arduino/api/Common.h:66:49: note: in definition of macro &#39;bitSet&#39;
 #define bitSet(value, bit) ((value) |= (1UL &lt;&lt; (bit)))
                                                 ^~~
/home/ec2-user/arduino-testlib/cli-datadir/user/libraries/Tone/Tone.cpp:296:9: note: in expansion of macro &#39;bitWrite&#39;
         bitWrite(TCCR1B, WGM12, 1);
         ^~~~~~~~
/home/ec2-user/arduino-testlib/cli-datadir/user/libraries/Tone/Tone.cpp:297:26: error: &#39;CS10&#39; was not declared in this scope
         bitWrite(TCCR1B, CS10, 1);
                          ^
/home/ec2-user/arduino-testlib/cli-datadir/data/packages/arduino/hardware/mbed_nano/2.7.2/cores/arduino/api/Common.h:66:49: note: in definition of macro &#39;bitSet&#39;
 #define bitSet(value, bit) ((value) |= (1UL &lt;&lt; (bit)))
                                                 ^~~
/home/ec2-user/arduino-testlib/cli-datadir/user/libraries/Tone/Tone.cpp:297:9: note: in expansion of macro &#39;bitWrite&#39;
         bitWrite(TCCR1B, CS10, 1);
         ^~~~~~~~
/home/ec2-user/arduino-testlib/cli-datadir/user/libraries/Tone/Tone.cpp:297:26: note: suggested alternative: &#39;B110&#39;
         bitWrite(TCCR1B, CS10, 1);
                          ^
/home/ec2-user/arduino-testlib/cli-datadir/data/packages/arduino/hardware/mbed_nano/2.7.2/cores/arduino/api/Common.h:66:49: note: in definition of macro &#39;bitSet&#39;
 #define bitSet(value, bit) ((value) |= (1UL &lt;&lt; (bit)))
                                                 ^~~
/home/ec2-user/arduino-testlib/cli-datadir/user/libraries/Tone/Tone.cpp:297:9: note: in expansion of macro &#39;bitWrite&#39;
         bitWrite(TCCR1B, CS10, 1);
         ^~~~~~~~
/home/ec2-user/arduino-testlib/cli-datadir/user/libraries/Tone/Tone.cpp:306:9: error: &#39;TCCR2A&#39; was not declared in this scope
         TCCR2A = 0;
         ^~~~~~
/home/ec2-user/arduino-testlib/cli-datadir/user/libraries/Tone/Tone.cpp:307:9: error: &#39;TCCR2B&#39; was not declared in this scope
         TCCR2B = 0;
         ^~~~~~
In file included from /home/ec2-user/arduino-testlib/cli-datadir/data/packages/arduino/hardware/mbed_nano/2.7.2/variants/NANO_RP2040_CONNECT/pinmode_arduino.h:30:0,
                 from /home/ec2-user/arduino-testlib/cli-datadir/data/packages/arduino/hardware/mbed_nano/2.7.2/cores/arduino/Arduino.h:26,
                 from /home/ec2-user/arduino-testlib/cli-datadir/user/libraries/Tone/Tone.cpp:43:
/home/ec2-user/arduino-testlib/cli-datadir/user/libraries/Tone/Tone.cpp:308:26: error: &#39;WGM21&#39; was not declared in this scope
         bitWrite(TCCR2A, WGM21, 1);
                          ^
/home/ec2-user/arduino-testlib/cli-datadir/data/packages/arduino/hardware/mbed_nano/2.7.2/cores/arduino/api/Common.h:66:49: note: in definition of macro &#39;bitSet&#39;
 #define bitSet(value, bit) ((value) |= (1UL &lt;&lt; (bit)))
                                                 ^~~
/home/ec2-user/arduino-testlib/cli-datadir/user/libraries/Tone/Tone.cpp:308:9: note: in expansion of macro &#39;bitWrite&#39;
         bitWrite(TCCR2A, WGM21, 1);
         ^~~~~~~~
/home/ec2-user/arduino-testlib/cli-datadir/user/libraries/Tone/Tone.cpp:309:26: error: &#39;CS20&#39; was not declared in this scope
         bitWrite(TCCR2B, CS20, 1);
                          ^
/home/ec2-user/arduino-testlib/cli-datadir/data/packages/arduino/hardware/mbed_nano/2.7.2/cores/arduino/api/Common.h:66:49: note: in definition of macro &#39;bitSet&#39;
 #define bitSet(value, bit) ((value) |= (1UL &lt;&lt; (bit)))
                                                 ^~~
/home/ec2-user/arduino-testlib/cli-datadir/user/libraries/Tone/Tone.cpp:309:9: note: in expansion of macro &#39;bitWrite&#39;
         bitWrite(TCCR2B, CS20, 1);
         ^~~~~~~~
/home/ec2-user/arduino-testlib/cli-datadir/user/libraries/Tone/Tone.cpp:309:26: note: suggested alternative: &#39;._20&#39;
         bitWrite(TCCR2B, CS20, 1);
                          ^
/home/ec2-user/arduino-testlib/cli-datadir/data/packages/arduino/hardware/mbed_nano/2.7.2/cores/arduino/api/Common.h:66:49: note: in definition of macro &#39;bitSet&#39;
 #define bitSet(value, bit) ((value) |= (1UL &lt;&lt; (bit)))
                                                 ^~~
/home/ec2-user/arduino-testlib/cli-datadir/user/libraries/Tone/Tone.cpp:309:9: note: in expansion of macro &#39;bitWrite&#39;
         bitWrite(TCCR2B, CS20, 1);
         ^~~~~~~~
/home/ec2-user/arduino-testlib/cli-datadir/user/libraries/Tone/Tone.cpp: In member function &#39;void Tone::play(uint16_t, uint32_t)&#39;:
/home/ec2-user/arduino-testlib/cli-datadir/user/libraries/Tone/Tone.cpp:382:13: error: &#39;F_CPU&#39; was not declared in this scope
       ocr = F_CPU / frequency / 2 - 1;
             ^~~~~
/home/ec2-user/arduino-testlib/cli-datadir/user/libraries/Tone/Tone.cpp:422:9: error: &#39;TCCR0B&#39; was not declared in this scope
         TCCR0B = (TCCR0B &amp; 0b11111000) | prescalarbits;
         ^~~~~~
/home/ec2-user/arduino-te</pre>

					
					<h4>examples/DTMFTest</h4>
					<p>
						Result: <b>FAIL</b>
					</p>
					<pre class="pre-scrollable">WARNING: library Tone claims to run on avr architecture(s) and may be incompatible with your current board which runs on mbed_nano architecture(s).
/home/ec2-user/arduino-testlib/cli-datadir/user/libraries/Tone/Tone.cpp:126:4: error: expected constructor, destructor, or type conversion before &#39;(&#39; token
 ISR(TIMER0_COMPA_vect)
    ^
/home/ec2-user/arduino-testlib/cli-datadir/user/libraries/Tone/Tone.cpp:149:4: error: expected constructor, destructor, or type conversion before &#39;(&#39; token
 ISR(TIMER1_COMPA_vect)
    ^
/home/ec2-user/arduino-testlib/cli-datadir/user/libraries/Tone/Tone.cpp:171:4: error: expected constructor, destructor, or type conversion before &#39;(&#39; token
 ISR(TIMER2_COMPA_vect)
    ^
/home/ec2-user/arduino-testlib/cli-datadir/user/libraries/Tone/Tone.cpp: In member function &#39;void Tone::begin(uint8_t)&#39;:
/home/ec2-user/arduino-testlib/cli-datadir/user/libraries/Tone/Tone.cpp:280:9: error: &#39;TCCR0A&#39; was not declared in this scope
         TCCR0A = 0;
         ^~~~~~
/home/ec2-user/arduino-testlib/cli-datadir/user/libraries/Tone/Tone.cpp:281:9: error: &#39;TCCR0B&#39; was not declared in this scope
         TCCR0B = 0;
         ^~~~~~
In file included from /home/ec2-user/arduino-testlib/cli-datadir/data/packages/arduino/hardware/mbed_nano/2.7.2/variants/NANO_RP2040_CONNECT/pinmode_arduino.h:30:0,
                 from /home/ec2-user/arduino-testlib/cli-datadir/data/packages/arduino/hardware/mbed_nano/2.7.2/cores/arduino/Arduino.h:26,
                 from /home/ec2-user/arduino-testlib/cli-datadir/user/libraries/Tone/Tone.cpp:43:
/home/ec2-user/arduino-testlib/cli-datadir/user/libraries/Tone/Tone.cpp:282:26: error: &#39;WGM01&#39; was not declared in this scope
         bitWrite(TCCR0A, WGM01, 1);
                          ^
/home/ec2-user/arduino-testlib/cli-datadir/data/packages/arduino/hardware/mbed_nano/2.7.2/cores/arduino/api/Common.h:66:49: note: in definition of macro &#39;bitSet&#39;
 #define bitSet(value, bit) ((value) |= (1UL &lt;&lt; (bit)))
                                                 ^~~
/home/ec2-user/arduino-testlib/cli-datadir/user/libraries/Tone/Tone.cpp:282:9: note: in expansion of macro &#39;bitWrite&#39;
         bitWrite(TCCR0A, WGM01, 1);
         ^~~~~~~~
/home/ec2-user/arduino-testlib/cli-datadir/user/libraries/Tone/Tone.cpp:283:26: error: &#39;CS00&#39; was not declared in this scope
         bitWrite(TCCR0B, CS00, 1);
                          ^
/home/ec2-user/arduino-testlib/cli-datadir/data/packages/arduino/hardware/mbed_nano/2.7.2/cores/arduino/api/Common.h:66:49: note: in definition of macro &#39;bitSet&#39;
 #define bitSet(value, bit) ((value) |= (1UL &lt;&lt; (bit)))
                                                 ^~~
/home/ec2-user/arduino-testlib/cli-datadir/user/libraries/Tone/Tone.cpp:283:9: note: in expansion of macro &#39;bitWrite&#39;
         bitWrite(TCCR0B, CS00, 1);
         ^~~~~~~~
/home/ec2-user/arduino-testlib/cli-datadir/user/libraries/Tone/Tone.cpp:283:26: note: suggested alternative: &#39;B100&#39;
         bitWrite(TCCR0B, CS00, 1);
                          ^
/home/ec2-user/arduino-testlib/cli-datadir/data/packages/arduino/hardware/mbed_nano/2.7.2/cores/arduino/api/Common.h:66:49: note: in definition of macro &#39;bitSet&#39;
 #define bitSet(value, bit) ((value) |= (1UL &lt;&lt; (bit)))
                                                 ^~~
/home/ec2-user/arduino-testlib/cli-datadir/user/libraries/Tone/Tone.cpp:283:9: note: in expansion of macro &#39;bitWrite&#39;
         bitWrite(TCCR0B, CS00, 1);
         ^~~~~~~~
/home/ec2-user/arduino-testlib/cli-datadir/user/libraries/Tone/Tone.cpp:284:27: error: &#39;portOutputRegister&#39; was not declared in this scope
         timer0_pin_port = portOutputRegister(digitalPinToPort(_pin));
                           ^~~~~~~~~~~~~~~~~~
/home/ec2-user/arduino-testlib/cli-datadir/user/libraries/Tone/Tone.cpp:285:27: error: &#39;digitalPinToBitMask&#39; was not declared in this scope
         timer0_pin_mask = digitalPinToBitMask(_pin);
                           ^~~~~~~~~~~~~~~~~~~
/home/ec2-user/arduino-testlib/cli-datadir/user/libraries/Tone/Tone.cpp:285:27: note: suggested alternative: &#39;digitalPinToPinName&#39;
         timer0_pin_mask = digitalPinToBitMask(_pin);
                           ^~~~~~~~~~~~~~~~~~~
                           digitalPinToPinName
/home/ec2-user/arduino-testlib/cli-datadir/user/libraries/Tone/Tone.cpp:294:9: error: &#39;TCCR1A&#39; was not declared in this scope
         TCCR1A = 0;
         ^~~~~~
/home/ec2-user/arduino-testlib/cli-datadir/user/libraries/Tone/Tone.cpp:295:9: error: &#39;TCCR1B&#39; was not declared in this scope
         TCCR1B = 0;
         ^~~~~~
In file included from /home/ec2-user/arduino-testlib/cli-datadir/data/packages/arduino/hardware/mbed_nano/2.7.2/variants/NANO_RP2040_CONNECT/pinmode_arduino.h:30:0,
                 from /home/ec2-user/arduino-testlib/cli-datadir/data/packages/arduino/hardware/mbed_nano/2.7.2/cores/arduino/Arduino.h:26,
                 from /home/ec2-user/arduino-testlib/cli-datadir/user/libraries/Tone/Tone.cpp:43:
/home/ec2-user/arduino-testlib/cli-datadir/user/libraries/Tone/Tone.cpp:296:26: error: &#39;WGM12&#39; was not declared in this scope
         bitWrite(TCCR1B, WGM12, 1);
                          ^
/home/ec2-user/arduino-testlib/cli-datadir/data/packages/arduino/hardware/mbed_nano/2.7.2/cores/arduino/api/Common.h:66:49: note: in definition of macro &#39;bitSet&#39;
 #define bitSet(value, bit) ((value) |= (1UL &lt;&lt; (bit)))
                                                 ^~~
/home/ec2-user/arduino-testlib/cli-datadir/user/libraries/Tone/Tone.cpp:296:9: note: in expansion of macro &#39;bitWrite&#39;
         bitWrite(TCCR1B, WGM12, 1);
         ^~~~~~~~
/home/ec2-user/arduino-testlib/cli-datadir/user/libraries/Tone/Tone.cpp:297:26: error: &#39;CS10&#39; was not declared in this scope
         bitWrite(TCCR1B, CS10, 1);
                          ^
/home/ec2-user/arduino-testlib/cli-datadir/data/packages/arduino/hardware/mbed_nano/2.7.2/cores/arduino/api/Common.h:66:49: note: in definition of macro &#39;bitSet&#39;
 #define bitSet(value, bit) ((value) |= (1UL &lt;&lt; (bit)))
                                                 ^~~
/home/ec2-user/arduino-testlib/cli-datadir/user/libraries/Tone/Tone.cpp:297:9: note: in expansion of macro &#39;bitWrite&#39;
         bitWrite(TCCR1B, CS10, 1);
         ^~~~~~~~
/home/ec2-user/arduino-testlib/cli-datadir/user/libraries/Tone/Tone.cpp:297:26: note: suggested alternative: &#39;B110&#39;
         bitWrite(TCCR1B, CS10, 1);
                          ^
/home/ec2-user/arduino-testlib/cli-datadir/data/packages/arduino/hardware/mbed_nano/2.7.2/cores/arduino/api/Common.h:66:49: note: in definition of macro &#39;bitSet&#39;
 #define bitSet(value, bit) ((value) |= (1UL &lt;&lt; (bit)))
                                                 ^~~
/home/ec2-user/arduino-testlib/cli-datadir/user/libraries/Tone/Tone.cpp:297:9: note: in expansion of macro &#39;bitWrite&#39;
         bitWrite(TCCR1B, CS10, 1);
         ^~~~~~~~
/home/ec2-user/arduino-testlib/cli-datadir/user/libraries/Tone/Tone.cpp:306:9: error: &#39;TCCR2A&#39; was not declared in this scope
         TCCR2A = 0;
         ^~~~~~
/home/ec2-user/arduino-testlib/cli-datadir/user/libraries/Tone/Tone.cpp:307:9: error: &#39;TCCR2B&#39; was not declared in this scope
         TCCR2B = 0;
         ^~~~~~
In file included from /home/ec2-user/arduino-testlib/cli-datadir/data/packages/arduino/hardware/mbed_nano/2.7.2/variants/NANO_RP2040_CONNECT/pinmode_arduino.h:30:0,
                 from /home/ec2-user/arduino-testlib/cli-datadir/data/packages/arduino/hardware/mbed_nano/2.7.2/cores/arduino/Arduino.h:26,
                 from /home/ec2-user/arduino-testlib/cli-datadir/user/libraries/Tone/Tone.cpp:43:
/home/ec2-user/arduino-testlib/cli-datadir/user/libraries/Tone/Tone.cpp:308:26: error: &#39;WGM21&#39; was not declared in this scope
         bitWrite(TCCR2A, WGM21, 1);
                          ^
/home/ec2-user/arduino-testlib/cli-datadir/data/packages/arduino/hardware/mbed_nano/2.7.2/cores/arduino/api/Common.h:66:49: note: in definition of macro &#39;bitSet&#39;
 #define bitSet(value, bit) ((value) |= (1UL &lt;&lt; (bit)))
                                                 ^~~
/home/ec2-user/arduino-testlib/cli-datadir/user/libraries/Tone/Tone.cpp:308:9: note: in expansion of macro &#39;bitWrite&#39;
         bitWrite(TCCR2A, WGM21, 1);
         ^~~~~~~~
/home/ec2-user/arduino-testlib/cli-datadir/user/libraries/Tone/Tone.cpp:309:26: error: &#39;CS20&#39; was not declared in this scope
         bitWrite(TCCR2B, CS20, 1);
                          ^
/home/ec2-user/arduino-testlib/cli-datadir/data/packages/arduino/hardware/mbed_nano/2.7.2/cores/arduino/api/Common.h:66:49: note: in definition of macro &#39;bitSet&#39;
 #define bitSet(value, bit) ((value) |= (1UL &lt;&lt; (bit)))
                                                 ^~~
/home/ec2-user/arduino-testlib/cli-datadir/user/libraries/Tone/Tone.cpp:309:9: note: in expansion of macro &#39;bitWrite&#39;
         bitWrite(TCCR2B, CS20, 1);
         ^~~~~~~~
/home/ec2-user/arduino-testlib/cli-datadir/user/libraries/Tone/Tone.cpp:309:26: note: suggested alternative: &#39;._20&#39;
         bitWrite(TCCR2B, CS20, 1);
                          ^
/home/ec2-user/arduino-testlib/cli-datadir/data/packages/arduino/hardware/mbed_nano/2.7.2/cores/arduino/api/Common.h:66:49: note: in definition of macro &#39;bitSet&#39;
 #define bitSet(value, bit) ((value) |= (1UL &lt;&lt; (bit)))
                                                 ^~~
/home/ec2-user/arduino-testlib/cli-datadir/user/libraries/Tone/Tone.cpp:309:9: note: in expansion of macro &#39;bitWrite&#39;
         bitWrite(TCCR2B, CS20, 1);
         ^~~~~~~~
/home/ec2-user/arduino-testlib/cli-datadir/user/libraries/Tone/Tone.cpp: In member function &#39;void Tone::play(uint16_t, uint32_t)&#39;:
/home/ec2-user/arduino-testlib/cli-datadir/user/libraries/Tone/Tone.cpp:382:13: error: &#39;F_CPU&#39; was not declared in this scope
       ocr = F_CPU / frequency / 2 - 1;
             ^~~~~
/home/ec2-user/arduino-testlib/cli-datadir/user/libraries/Tone/Tone.cpp:422:9: error: &#39;TCCR0B&#39; was not declared in this scope
         TCCR0B = (TCCR0B &amp; 0b11111000) | prescalarbits;
         ^~~~~~
/home/ec2-user/arduino-te</pre>
					
					<h4>examples/RTTTL</h4>
					<p>
						Result: <b>FAIL</b>
					</p>
					<pre class="pre-scrollable">WARNING: library Tone claims to run on avr architecture(s) and may be incompatible with your current board which runs on mbed_nano architecture(s).
/home/ec2-user/arduino-testlib/cli-datadir/user/libraries/Tone/Tone.cpp:126:4: error: expected constructor, destructor, or type conversion before &#39;(&#39; token
 ISR(TIMER0_COMPA_vect)
    ^
/home/ec2-user/arduino-testlib/cli-datadir/user/libraries/Tone/Tone.cpp:149:4: error: expected constructor, destructor, or type conversion before &#39;(&#39; token
 ISR(TIMER1_COMPA_vect)
    ^
/home/ec2-user/arduino-testlib/cli-datadir/user/libraries/Tone/Tone.cpp:171:4: error: expected constructor, destructor, or type conversion before &#39;(&#39; token
 ISR(TIMER2_COMPA_vect)
    ^
/home/ec2-user/arduino-testlib/cli-datadir/user/libraries/Tone/Tone.cpp: In member function &#39;void Tone::begin(uint8_t)&#39;:
/home/ec2-user/arduino-testlib/cli-datadir/user/libraries/Tone/Tone.cpp:280:9: error: &#39;TCCR0A&#39; was not declared in this scope
         TCCR0A = 0;
         ^~~~~~
/home/ec2-user/arduino-testlib/cli-datadir/user/libraries/Tone/Tone.cpp:281:9: error: &#39;TCCR0B&#39; was not declared in this scope
         TCCR0B = 0;
         ^~~~~~
In file included from /home/ec2-user/arduino-testlib/cli-datadir/data/packages/arduino/hardware/mbed_nano/2.7.2/variants/NANO_RP2040_CONNECT/pinmode_arduino.h:30:0,
                 from /home/ec2-user/arduino-testlib/cli-datadir/data/packages/arduino/hardware/mbed_nano/2.7.2/cores/arduino/Arduino.h:26,
                 from /home/ec2-user/arduino-testlib/cli-datadir/user/libraries/Tone/Tone.cpp:43:
/home/ec2-user/arduino-testlib/cli-datadir/user/libraries/Tone/Tone.cpp:282:26: error: &#39;WGM01&#39; was not declared in this scope
         bitWrite(TCCR0A, WGM01, 1);
                          ^
/home/ec2-user/arduino-testlib/cli-datadir/data/packages/arduino/hardware/mbed_nano/2.7.2/cores/arduino/api/Common.h:66:49: note: in definition of macro &#39;bitSet&#39;
 #define bitSet(value, bit) ((value) |= (1UL &lt;&lt; (bit)))
                                                 ^~~
/home/ec2-user/arduino-testlib/cli-datadir/user/libraries/Tone/Tone.cpp:282:9: note: in expansion of macro &#39;bitWrite&#39;
         bitWrite(TCCR0A, WGM01, 1);
         ^~~~~~~~
/home/ec2-user/arduino-testlib/cli-datadir/user/libraries/Tone/Tone.cpp:283:26: error: &#39;CS00&#39; was not declared in this scope
         bitWrite(TCCR0B, CS00, 1);
                          ^
/home/ec2-user/arduino-testlib/cli-datadir/data/packages/arduino/hardware/mbed_nano/2.7.2/cores/arduino/api/Common.h:66:49: note: in definition of macro &#39;bitSet&#39;
 #define bitSet(value, bit) ((value) |= (1UL &lt;&lt; (bit)))
                                                 ^~~
/home/ec2-user/arduino-testlib/cli-datadir/user/libraries/Tone/Tone.cpp:283:9: note: in expansion of macro &#39;bitWrite&#39;
         bitWrite(TCCR0B, CS00, 1);
         ^~~~~~~~
/home/ec2-user/arduino-testlib/cli-datadir/user/libraries/Tone/Tone.cpp:283:26: note: suggested alternative: &#39;B100&#39;
         bitWrite(TCCR0B, CS00, 1);
                          ^
/home/ec2-user/arduino-testlib/cli-datadir/data/packages/arduino/hardware/mbed_nano/2.7.2/cores/arduino/api/Common.h:66:49: note: in definition of macro &#39;bitSet&#39;
 #define bitSet(value, bit) ((value) |= (1UL &lt;&lt; (bit)))
                                                 ^~~
/home/ec2-user/arduino-testlib/cli-datadir/user/libraries/Tone/Tone.cpp:283:9: note: in expansion of macro &#39;bitWrite&#39;
         bitWrite(TCCR0B, CS00, 1);
         ^~~~~~~~
/home/ec2-user/arduino-testlib/cli-datadir/user/libraries/Tone/Tone.cpp:284:27: error: &#39;portOutputRegister&#39; was not declared in this scope
         timer0_pin_port = portOutputRegister(digitalPinToPort(_pin));
                           ^~~~~~~~~~~~~~~~~~
/home/ec2-user/arduino-testlib/cli-datadir/user/libraries/Tone/Tone.cpp:285:27: error: &#39;digitalPinToBitMask&#39; was not declared in this scope
         timer0_pin_mask = digitalPinToBitMask(_pin);
                           ^~~~~~~~~~~~~~~~~~~
/home/ec2-user/arduino-testlib/cli-datadir/user/libraries/Tone/Tone.cpp:285:27: note: suggested alternative: &#39;digitalPinToPinName&#39;
         timer0_pin_mask = digitalPinToBitMask(_pin);
                           ^~~~~~~~~~~~~~~~~~~
                           digitalPinToPinName
/home/ec2-user/arduino-testlib/cli-datadir/user/libraries/Tone/Tone.cpp:294:9: error: &#39;TCCR1A&#39; was not declared in this scope
         TCCR1A = 0;
         ^~~~~~
/home/ec2-user/arduino-testlib/cli-datadir/user/libraries/Tone/Tone.cpp:295:9: error: &#39;TCCR1B&#39; was not declared in this scope
         TCCR1B = 0;
         ^~~~~~
In file included from /home/ec2-user/arduino-testlib/cli-datadir/data/packages/arduino/hardware/mbed_nano/2.7.2/variants/NANO_RP2040_CONNECT/pinmode_arduino.h:30:0,
                 from /home/ec2-user/arduino-testlib/cli-datadir/data/packages/arduino/hardware/mbed_nano/2.7.2/cores/arduino/Arduino.h:26,
                 from /home/ec2-user/arduino-testlib/cli-datadir/user/libraries/Tone/Tone.cpp:43:
/home/ec2-user/arduino-testlib/cli-datadir/user/libraries/Tone/Tone.cpp:296:26: error: &#39;WGM12&#39; was not declared in this scope
         bitWrite(TCCR1B, WGM12, 1);
                          ^
/home/ec2-user/arduino-testlib/cli-datadir/data/packages/arduino/hardware/mbed_nano/2.7.2/cores/arduino/api/Common.h:66:49: note: in definition of macro &#39;bitSet&#39;
 #define bitSet(value, bit) ((value) |= (1UL &lt;&lt; (bit)))
                                                 ^~~
/home/ec2-user/arduino-testlib/cli-datadir/user/libraries/Tone/Tone.cpp:296:9: note: in expansion of macro &#39;bitWrite&#39;
         bitWrite(TCCR1B, WGM12, 1);
         ^~~~~~~~
/home/ec2-user/arduino-testlib/cli-datadir/user/libraries/Tone/Tone.cpp:297:26: error: &#39;CS10&#39; was not declared in this scope
         bitWrite(TCCR1B, CS10, 1);
                          ^
/home/ec2-user/arduino-testlib/cli-datadir/data/packages/arduino/hardware/mbed_nano/2.7.2/cores/arduino/api/Common.h:66:49: note: in definition of macro &#39;bitSet&#39;
 #define bitSet(value, bit) ((value) |= (1UL &lt;&lt; (bit)))
                                                 ^~~
/home/ec2-user/arduino-testlib/cli-datadir/user/libraries/Tone/Tone.cpp:297:9: note: in expansion of macro &#39;bitWrite&#39;
         bitWrite(TCCR1B, CS10, 1);
         ^~~~~~~~
/home/ec2-user/arduino-testlib/cli-datadir/user/libraries/Tone/Tone.cpp:297:26: note: suggested alternative: &#39;B110&#39;
         bitWrite(TCCR1B, CS10, 1);
                          ^
/home/ec2-user/arduino-testlib/cli-datadir/data/packages/arduino/hardware/mbed_nano/2.7.2/cores/arduino/api/Common.h:66:49: note: in definition of macro &#39;bitSet&#39;
 #define bitSet(value, bit) ((value) |= (1UL &lt;&lt; (bit)))
                                                 ^~~
/home/ec2-user/arduino-testlib/cli-datadir/user/libraries/Tone/Tone.cpp:297:9: note: in expansion of macro &#39;bitWrite&#39;
         bitWrite(TCCR1B, CS10, 1);
         ^~~~~~~~
/home/ec2-user/arduino-testlib/cli-datadir/user/libraries/Tone/Tone.cpp:306:9: error: &#39;TCCR2A&#39; was not declared in this scope
         TCCR2A = 0;
         ^~~~~~
/home/ec2-user/arduino-testlib/cli-datadir/user/libraries/Tone/Tone.cpp:307:9: error: &#39;TCCR2B&#39; was not declared in this scope
         TCCR2B = 0;
         ^~~~~~
In file included from /home/ec2-user/arduino-testlib/cli-datadir/data/packages/arduino/hardware/mbed_nano/2.7.2/variants/NANO_RP2040_CONNECT/pinmode_arduino.h:30:0,
                 from /home/ec2-user/arduino-testlib/cli-datadir/data/packages/arduino/hardware/mbed_nano/2.7.2/cores/arduino/Arduino.h:26,
                 from /home/ec2-user/arduino-testlib/cli-datadir/user/libraries/Tone/Tone.cpp:43:
/home/ec2-user/arduino-testlib/cli-datadir/user/libraries/Tone/Tone.cpp:308:26: error: &#39;WGM21&#39; was not declared in this scope
         bitWrite(TCCR2A, WGM21, 1);
                          ^
/home/ec2-user/arduino-testlib/cli-datadir/data/packages/arduino/hardware/mbed_nano/2.7.2/cores/arduino/api/Common.h:66:49: note: in definition of macro &#39;bitSet&#39;
 #define bitSet(value, bit) ((value) |= (1UL &lt;&lt; (bit)))
                                                 ^~~
/home/ec2-user/arduino-testlib/cli-datadir/user/libraries/Tone/Tone.cpp:308:9: note: in expansion of macro &#39;bitWrite&#39;
         bitWrite(TCCR2A, WGM21, 1);
         ^~~~~~~~
/home/ec2-user/arduino-testlib/cli-datadir/user/libraries/Tone/Tone.cpp:309:26: error: &#39;CS20&#39; was not declared in this scope
         bitWrite(TCCR2B, CS20, 1);
                          ^
/home/ec2-user/arduino-testlib/cli-datadir/data/packages/arduino/hardware/mbed_nano/2.7.2/cores/arduino/api/Common.h:66:49: note: in definition of macro &#39;bitSet&#39;
 #define bitSet(value, bit) ((value) |= (1UL &lt;&lt; (bit)))
                                                 ^~~
/home/ec2-user/arduino-testlib/cli-datadir/user/libraries/Tone/Tone.cpp:309:9: note: in expansion of macro &#39;bitWrite&#39;
         bitWrite(TCCR2B, CS20, 1);
         ^~~~~~~~
/home/ec2-user/arduino-testlib/cli-datadir/user/libraries/Tone/Tone.cpp:309:26: note: suggested alternative: &#39;._20&#39;
         bitWrite(TCCR2B, CS20, 1);
                          ^
/home/ec2-user/arduino-testlib/cli-datadir/data/packages/arduino/hardware/mbed_nano/2.7.2/cores/arduino/api/Common.h:66:49: note: in definition of macro &#39;bitSet&#39;
 #define bitSet(value, bit) ((value) |= (1UL &lt;&lt; (bit)))
                                                 ^~~
/home/ec2-user/arduino-testlib/cli-datadir/user/libraries/Tone/Tone.cpp:309:9: note: in expansion of macro &#39;bitWrite&#39;
         bitWrite(TCCR2B, CS20, 1);
         ^~~~~~~~
/home/ec2-user/arduino-testlib/cli-datadir/user/libraries/Tone/Tone.cpp: In member function &#39;void Tone::play(uint16_t, uint32_t)&#39;:
/home/ec2-user/arduino-testlib/cli-datadir/user/libraries/Tone/Tone.cpp:382:13: error: &#39;F_CPU&#39; was not declared in this scope
       ocr = F_CPU / frequency / 2 - 1;
             ^~~~~
/home/ec2-user/arduino-testlib/cli-datadir/user/libraries/Tone/Tone.cpp:422:9: error: &#39;TCCR0B&#39; was not declared in this scope
         TCCR0B = (TCCR0B &amp; 0b11111000) | prescalarbits;
         ^~~~~~
/home/ec2-user/arduino-te</pre>
					
					<h4>examples/ToneTest</h4>
					<p>
						Result: <b>FAIL</b>
					</p>
					<pre class="pre-scrollable">WARNING: library Tone claims to run on avr architecture(s) and may be incompatible with your current board which runs on mbed_nano architecture(s).
/home/ec2-user/arduino-testlib/cli-datadir/user/libraries/Tone/Tone.cpp:126:4: error: expected constructor, destructor, or type conversion before &#39;(&#39; token
 ISR(TIMER0_COMPA_vect)
    ^
/home/ec2-user/arduino-testlib/cli-datadir/user/libraries/Tone/Tone.cpp:149:4: error: expected constructor, destructor, or type conversion before &#39;(&#39; token
 ISR(TIMER1_COMPA_vect)
    ^
/home/ec2-user/arduino-testlib/cli-datadir/user/libraries/Tone/Tone.cpp:171:4: error: expected constructor, destructor, or type conversion before &#39;(&#39; token
 ISR(TIMER2_COMPA_vect)
    ^
/home/ec2-user/arduino-testlib/cli-datadir/user/libraries/Tone/Tone.cpp: In member function &#39;void Tone::begin(uint8_t)&#39;:
/home/ec2-user/arduino-testlib/cli-datadir/user/libraries/Tone/Tone.cpp:280:9: error: &#39;TCCR0A&#39; was not declared in this scope
         TCCR0A = 0;
         ^~~~~~
/home/ec2-user/arduino-testlib/cli-datadir/user/libraries/Tone/Tone.cpp:281:9: error: &#39;TCCR0B&#39; was not declared in this scope
         TCCR0B = 0;
         ^~~~~~
In file included from /home/ec2-user/arduino-testlib/cli-datadir/data/packages/arduino/hardware/mbed_nano/2.7.2/variants/NANO_RP2040_CONNECT/pinmode_arduino.h:30:0,
                 from /home/ec2-user/arduino-testlib/cli-datadir/data/packages/arduino/hardware/mbed_nano/2.7.2/cores/arduino/Arduino.h:26,
                 from /home/ec2-user/arduino-testlib/cli-datadir/user/libraries/Tone/Tone.cpp:43:
/home/ec2-user/arduino-testlib/cli-datadir/user/libraries/Tone/Tone.cpp:282:26: error: &#39;WGM01&#39; was not declared in this scope
         bitWrite(TCCR0A, WGM01, 1);
                          ^
/home/ec2-user/arduino-testlib/cli-datadir/data/packages/arduino/hardware/mbed_nano/2.7.2/cores/arduino/api/Common.h:66:49: note: in definition of macro &#39;bitSet&#39;
 #define bitSet(value, bit) ((value) |= (1UL &lt;&lt; (bit)))
                                                 ^~~
/home/ec2-user/arduino-testlib/cli-datadir/user/libraries/Tone/Tone.cpp:282:9: note: in expansion of macro &#39;bitWrite&#39;
         bitWrite(TCCR0A, WGM01, 1);
         ^~~~~~~~
/home/ec2-user/arduino-testlib/cli-datadir/user/libraries/Tone/Tone.cpp:283:26: error: &#39;CS00&#39; was not declared in this scope
         bitWrite(TCCR0B, CS00, 1);
                          ^
/home/ec2-user/arduino-testlib/cli-datadir/data/packages/arduino/hardware/mbed_nano/2.7.2/cores/arduino/api/Common.h:66:49: note: in definition of macro &#39;bitSet&#39;
 #define bitSet(value, bit) ((value) |= (1UL &lt;&lt; (bit)))
                                                 ^~~
/home/ec2-user/arduino-testlib/cli-datadir/user/libraries/Tone/Tone.cpp:283:9: note: in expansion of macro &#39;bitWrite&#39;
         bitWrite(TCCR0B, CS00, 1);
         ^~~~~~~~
/home/ec2-user/arduino-testlib/cli-datadir/user/libraries/Tone/Tone.cpp:283:26: note: suggested alternative: &#39;B100&#39;
         bitWrite(TCCR0B, CS00, 1);
                          ^
/home/ec2-user/arduino-testlib/cli-datadir/data/packages/arduino/hardware/mbed_nano/2.7.2/cores/arduino/api/Common.h:66:49: note: in definition of macro &#39;bitSet&#39;
 #define bitSet(value, bit) ((value) |= (1UL &lt;&lt; (bit)))
                                                 ^~~
/home/ec2-user/arduino-testlib/cli-datadir/user/libraries/Tone/Tone.cpp:283:9: note: in expansion of macro &#39;bitWrite&#39;
         bitWrite(TCCR0B, CS00, 1);
         ^~~~~~~~
/home/ec2-user/arduino-testlib/cli-datadir/user/libraries/Tone/Tone.cpp:284:27: error: &#39;portOutputRegister&#39; was not declared in this scope
         timer0_pin_port = portOutputRegister(digitalPinToPort(_pin));
                           ^~~~~~~~~~~~~~~~~~
/home/ec2-user/arduino-testlib/cli-datadir/user/libraries/Tone/Tone.cpp:285:27: error: &#39;digitalPinToBitMask&#39; was not declared in this scope
         timer0_pin_mask = digitalPinToBitMask(_pin);
                           ^~~~~~~~~~~~~~~~~~~
/home/ec2-user/arduino-testlib/cli-datadir/user/libraries/Tone/Tone.cpp:285:27: note: suggested alternative: &#39;digitalPinToPinName&#39;
         timer0_pin_mask = digitalPinToBitMask(_pin);
                           ^~~~~~~~~~~~~~~~~~~
                           digitalPinToPinName
/home/ec2-user/arduino-testlib/cli-datadir/user/libraries/Tone/Tone.cpp:294:9: error: &#39;TCCR1A&#39; was not declared in this scope
         TCCR1A = 0;
         ^~~~~~
/home/ec2-user/arduino-testlib/cli-datadir/user/libraries/Tone/Tone.cpp:295:9: error: &#39;TCCR1B&#39; was not declared in this scope
         TCCR1B = 0;
         ^~~~~~
In file included from /home/ec2-user/arduino-testlib/cli-datadir/data/packages/arduino/hardware/mbed_nano/2.7.2/variants/NANO_RP2040_CONNECT/pinmode_arduino.h:30:0,
                 from /home/ec2-user/arduino-testlib/cli-datadir/data/packages/arduino/hardware/mbed_nano/2.7.2/cores/arduino/Arduino.h:26,
                 from /home/ec2-user/arduino-testlib/cli-datadir/user/libraries/Tone/Tone.cpp:43:
/home/ec2-user/arduino-testlib/cli-datadir/user/libraries/Tone/Tone.cpp:296:26: error: &#39;WGM12&#39; was not declared in this scope
         bitWrite(TCCR1B, WGM12, 1);
                          ^
/home/ec2-user/arduino-testlib/cli-datadir/data/packages/arduino/hardware/mbed_nano/2.7.2/cores/arduino/api/Common.h:66:49: note: in definition of macro &#39;bitSet&#39;
 #define bitSet(value, bit) ((value) |= (1UL &lt;&lt; (bit)))
                                                 ^~~
/home/ec2-user/arduino-testlib/cli-datadir/user/libraries/Tone/Tone.cpp:296:9: note: in expansion of macro &#39;bitWrite&#39;
         bitWrite(TCCR1B, WGM12, 1);
         ^~~~~~~~
/home/ec2-user/arduino-testlib/cli-datadir/user/libraries/Tone/Tone.cpp:297:26: error: &#39;CS10&#39; was not declared in this scope
         bitWrite(TCCR1B, CS10, 1);
                          ^
/home/ec2-user/arduino-testlib/cli-datadir/data/packages/arduino/hardware/mbed_nano/2.7.2/cores/arduino/api/Common.h:66:49: note: in definition of macro &#39;bitSet&#39;
 #define bitSet(value, bit) ((value) |= (1UL &lt;&lt; (bit)))
                                                 ^~~
/home/ec2-user/arduino-testlib/cli-datadir/user/libraries/Tone/Tone.cpp:297:9: note: in expansion of macro &#39;bitWrite&#39;
         bitWrite(TCCR1B, CS10, 1);
         ^~~~~~~~
/home/ec2-user/arduino-testlib/cli-datadir/user/libraries/Tone/Tone.cpp:297:26: note: suggested alternative: &#39;B110&#39;
         bitWrite(TCCR1B, CS10, 1);
                          ^
/home/ec2-user/arduino-testlib/cli-datadir/data/packages/arduino/hardware/mbed_nano/2.7.2/cores/arduino/api/Common.h:66:49: note: in definition of macro &#39;bitSet&#39;
 #define bitSet(value, bit) ((value) |= (1UL &lt;&lt; (bit)))
                                                 ^~~
/home/ec2-user/arduino-testlib/cli-datadir/user/libraries/Tone/Tone.cpp:297:9: note: in expansion of macro &#39;bitWrite&#39;
         bitWrite(TCCR1B, CS10, 1);
         ^~~~~~~~
/home/ec2-user/arduino-testlib/cli-datadir/user/libraries/Tone/Tone.cpp:306:9: error: &#39;TCCR2A&#39; was not declared in this scope
         TCCR2A = 0;
         ^~~~~~
/home/ec2-user/arduino-testlib/cli-datadir/user/libraries/Tone/Tone.cpp:307:9: error: &#39;TCCR2B&#39; was not declared in this scope
         TCCR2B = 0;
         ^~~~~~
In file included from /home/ec2-user/arduino-testlib/cli-datadir/data/packages/arduino/hardware/mbed_nano/2.7.2/variants/NANO_RP2040_CONNECT/pinmode_arduino.h:30:0,
                 from /home/ec2-user/arduino-testlib/cli-datadir/data/packages/arduino/hardware/mbed_nano/2.7.2/cores/arduino/Arduino.h:26,
                 from /home/ec2-user/arduino-testlib/cli-datadir/user/libraries/Tone/Tone.cpp:43:
/home/ec2-user/arduino-testlib/cli-datadir/user/libraries/Tone/Tone.cpp:308:26: error: &#39;WGM21&#39; was not declared in this scope
         bitWrite(TCCR2A, WGM21, 1);
                          ^
/home/ec2-user/arduino-testlib/cli-datadir/data/packages/arduino/hardware/mbed_nano/2.7.2/cores/arduino/api/Common.h:66:49: note: in definition of macro &#39;bitSet&#39;
 #define bitSet(value, bit) ((value) |= (1UL &lt;&lt; (bit)))
                                                 ^~~
/home/ec2-user/arduino-testlib/cli-datadir/user/libraries/Tone/Tone.cpp:308:9: note: in expansion of macro &#39;bitWrite&#39;
         bitWrite(TCCR2A, WGM21, 1);
         ^~~~~~~~
/home/ec2-user/arduino-testlib/cli-datadir/user/libraries/Tone/Tone.cpp:309:26: error: &#39;CS20&#39; was not declared in this scope
         bitWrite(TCCR2B, CS20, 1);
                          ^
/home/ec2-user/arduino-testlib/cli-datadir/data/packages/arduino/hardware/mbed_nano/2.7.2/cores/arduino/api/Common.h:66:49: note: in definition of macro &#39;bitSet&#39;
 #define bitSet(value, bit) ((value) |= (1UL &lt;&lt; (bit)))
                                                 ^~~
/home/ec2-user/arduino-testlib/cli-datadir/user/libraries/Tone/Tone.cpp:309:9: note: in expansion of macro &#39;bitWrite&#39;
         bitWrite(TCCR2B, CS20, 1);
         ^~~~~~~~
/home/ec2-user/arduino-testlib/cli-datadir/user/libraries/Tone/Tone.cpp:309:26: note: suggested alternative: &#39;._20&#39;
         bitWrite(TCCR2B, CS20, 1);
                          ^
/home/ec2-user/arduino-testlib/cli-datadir/data/packages/arduino/hardware/mbed_nano/2.7.2/cores/arduino/api/Common.h:66:49: note: in definition of macro &#39;bitSet&#39;
 #define bitSet(value, bit) ((value) |= (1UL &lt;&lt; (bit)))
                                                 ^~~
/home/ec2-user/arduino-testlib/cli-datadir/user/libraries/Tone/Tone.cpp:309:9: note: in expansion of macro &#39;bitWrite&#39;
         bitWrite(TCCR2B, CS20, 1);
         ^~~~~~~~
/home/ec2-user/arduino-testlib/cli-datadir/user/libraries/Tone/Tone.cpp: In member function &#39;void Tone::play(uint16_t, uint32_t)&#39;:
/home/ec2-user/arduino-testlib/cli-datadir/user/libraries/Tone/Tone.cpp:382:13: error: &#39;F_CPU&#39; was not declared in this scope
       ocr = F_CPU / frequency / 2 - 1;
             ^~~~~
/home/ec2-user/arduino-testlib/cli-datadir/user/libraries/Tone/Tone.cpp:422:9: error: &#39;TCCR0B&#39; was not declared in this scope
         TCCR0B = (TCCR0B &amp; 0b11111000) | prescalarbits;
         ^~~~~~
/home/ec2-user/arduino-te</pre>
					
				
				<h3 id="arduino:megaavr:nona4809">arduino:megaavr:nona4809 @ 1.8.7</h3>
				<h4>Inclusion</h4>
				<p>
					Result: <b>FAIL</b>
					
				</p>
				<pre class="pre-scrollable">WARNING: library Tone claims to run on avr architecture(s) and may be incompatible with your current board which runs on megaavr architecture(s).
/home/ec2-user/arduino-testlib/cli-datadir/user/libraries/Tone/Tone.cpp: In function &#39;void TIMER0_COMPA_vect()&#39;:
/home/ec2-user/arduino-testlib/cli-datadir/user/libraries/Tone/Tone.cpp:139:5: error: &#39;TIMSK0&#39; was not declared in this scope
     TIMSK0 &amp;= ~(1 &lt;&lt; OCIE0A);                 // disable the interrupt
     ^~~~~~
/home/ec2-user/arduino-testlib/cli-datadir/user/libraries/Tone/Tone.cpp:139:5: note: suggested alternative: &#39;TIMERA0&#39;
     TIMSK0 &amp;= ~(1 &lt;&lt; OCIE0A);                 // disable the interrupt
     ^~~~~~
     TIMERA0
/home/ec2-user/arduino-testlib/cli-datadir/user/libraries/Tone/Tone.cpp:139:22: error: &#39;OCIE0A&#39; was not declared in this scope
     TIMSK0 &amp;= ~(1 &lt;&lt; OCIE0A);                 // disable the interrupt
                      ^~~~~~
/home/ec2-user/arduino-testlib/cli-datadir/user/libraries/Tone/Tone.cpp: In function &#39;void TIMER1_COMPA_vect()&#39;:
/home/ec2-user/arduino-testlib/cli-datadir/user/libraries/Tone/Tone.cpp:162:5: error: &#39;TIMSK1&#39; was not declared in this scope
     TIMSK1 &amp;= ~(1 &lt;&lt; OCIE1A);                 // disable the interrupt
     ^~~~~~
/home/ec2-user/arduino-testlib/cli-datadir/user/libraries/Tone/Tone.cpp:162:5: note: suggested alternative: &#39;TIMERB1&#39;
     TIMSK1 &amp;= ~(1 &lt;&lt; OCIE1A);                 // disable the interrupt
     ^~~~~~
     TIMERB1
/home/ec2-user/arduino-testlib/cli-datadir/user/libraries/Tone/Tone.cpp:162:22: error: &#39;OCIE1A&#39; was not declared in this scope
     TIMSK1 &amp;= ~(1 &lt;&lt; OCIE1A);                 // disable the interrupt
                      ^~~~~~
/home/ec2-user/arduino-testlib/cli-datadir/user/libraries/Tone/Tone.cpp: In function &#39;void TIMER2_COMPA_vect()&#39;:
/home/ec2-user/arduino-testlib/cli-datadir/user/libraries/Tone/Tone.cpp:186:5: error: &#39;TIMSK2&#39; was not declared in this scope
     TIMSK2 &amp;= ~(1 &lt;&lt; OCIE2A);                 // disable the interrupt
     ^~~~~~
/home/ec2-user/arduino-testlib/cli-datadir/user/libraries/Tone/Tone.cpp:186:5: note: suggested alternative: &#39;TIMERB2&#39;
     TIMSK2 &amp;= ~(1 &lt;&lt; OCIE2A);                 // disable the interrupt
     ^~~~~~
     TIMERB2
/home/ec2-user/arduino-testlib/cli-datadir/user/libraries/Tone/Tone.cpp:186:22: error: &#39;OCIE2A&#39; was not declared in this scope
     TIMSK2 &amp;= ~(1 &lt;&lt; OCIE2A);                 // disable the interrupt
                      ^~~~~~
/home/ec2-user/arduino-testlib/cli-datadir/user/libraries/Tone/Tone.cpp: In member function &#39;void Tone::begin(uint8_t)&#39;:
/home/ec2-user/arduino-testlib/cli-datadir/user/libraries/Tone/Tone.cpp:280:9: error: &#39;TCCR0A&#39; was not declared in this scope
         TCCR0A = 0;
         ^~~~~~
/home/ec2-user/arduino-testlib/cli-datadir/user/libraries/Tone/Tone.cpp:280:9: note: suggested alternative: &#39;TCA0&#39;
         TCCR0A = 0;
         ^~~~~~
         TCA0
/home/ec2-user/arduino-testlib/cli-datadir/user/libraries/Tone/Tone.cpp:281:9: error: &#39;TCCR0B&#39; was not declared in this scope
         TCCR0B = 0;
         ^~~~~~
/home/ec2-user/arduino-testlib/cli-datadir/user/libraries/Tone/Tone.cpp:281:9: note: suggested alternative: &#39;TCA0&#39;
         TCCR0B = 0;
         ^~~~~~
         TCA0
In file included from /home/ec2-user/arduino-testlib/cli-datadir/data/packages/arduino/hardware/megaavr/1.8.7/cores/arduino/api/Interrupts.h:8:0,
                 from /home/ec2-user/arduino-testlib/cli-datadir/data/packages/arduino/hardware/megaavr/1.8.7/cores/arduino/api/ArduinoAPI.h:29,
                 from /home/ec2-user/arduino-testlib/cli-datadir/data/packages/arduino/hardware/megaavr/1.8.7/cores/arduino/Arduino.h:23,
                 from /home/ec2-user/arduino-testlib/cli-datadir/user/libraries/Tone/Tone.cpp:43:
/home/ec2-user/arduino-testlib/cli-datadir/user/libraries/Tone/Tone.cpp:282:26: error: &#39;WGM01&#39; was not declared in this scope
         bitWrite(TCCR0A, WGM01, 1);
                          ^
/home/ec2-user/arduino-testlib/cli-datadir/data/packages/arduino/hardware/megaavr/1.8.7/cores/arduino/api/Common.h:65:49: note: in definition of macro &#39;bitSet&#39;
 #define bitSet(value, bit) ((value) |= (1UL &lt;&lt; (bit)))
                                                 ^~~
/home/ec2-user/arduino-testlib/cli-datadir/user/libraries/Tone/Tone.cpp:282:9: note: in expansion of macro &#39;bitWrite&#39;
         bitWrite(TCCR0A, WGM01, 1);
         ^~~~~~~~
/home/ec2-user/arduino-testlib/cli-datadir/user/libraries/Tone/Tone.cpp:283:26: error: &#39;CS00&#39; was not declared in this scope
         bitWrite(TCCR0B, CS00, 1);
                          ^
/home/ec2-user/arduino-testlib/cli-datadir/data/packages/arduino/hardware/megaavr/1.8.7/cores/arduino/api/Common.h:65:49: note: in definition of macro &#39;bitSet&#39;
 #define bitSet(value, bit) ((value) |= (1UL &lt;&lt; (bit)))
                                                 ^~~
/home/ec2-user/arduino-testlib/cli-datadir/user/libraries/Tone/Tone.cpp:283:9: note: in expansion of macro &#39;bitWrite&#39;
         bitWrite(TCCR0B, CS00, 1);
         ^~~~~~~~
/home/ec2-user/arduino-testlib/cli-datadir/user/libraries/Tone/Tone.cpp:283:26: note: suggested alternative: &#39;B100&#39;
         bitWrite(TCCR0B, CS00, 1);
                          ^
/home/ec2-user/arduino-testlib/cli-datadir/data/packages/arduino/hardware/megaavr/1.8.7/cores/arduino/api/Common.h:65:49: note: in definition of macro &#39;bitSet&#39;
 #define bitSet(value, bit) ((value) |= (1UL &lt;&lt; (bit)))
                                                 ^~~
/home/ec2-user/arduino-testlib/cli-datadir/user/libraries/Tone/Tone.cpp:283:9: note: in expansion of macro &#39;bitWrite&#39;
         bitWrite(TCCR0B, CS00, 1);
         ^~~~~~~~
/home/ec2-user/arduino-testlib/cli-datadir/user/libraries/Tone/Tone.cpp:294:9: error: &#39;TCCR1A&#39; was not declared in this scope
         TCCR1A = 0;
         ^~~~~~
/home/ec2-user/arduino-testlib/cli-datadir/user/libraries/Tone/Tone.cpp:294:9: note: suggested alternative: &#39;TCB1&#39;
         TCCR1A = 0;
         ^~~~~~
         TCB1
/home/ec2-user/arduino-testlib/cli-datadir/user/libraries/Tone/Tone.cpp:295:9: error: &#39;TCCR1B&#39; was not declared in this scope
         TCCR1B = 0;
         ^~~~~~
/home/ec2-user/arduino-testlib/cli-datadir/user/libraries/Tone/Tone.cpp:295:9: note: suggested alternative: &#39;TCB1&#39;
         TCCR1B = 0;
         ^~~~~~
         TCB1
In file included from /home/ec2-user/arduino-testlib/cli-datadir/data/packages/arduino/hardware/megaavr/1.8.7/cores/arduino/api/Interrupts.h:8:0,
                 from /home/ec2-user/arduino-testlib/cli-datadir/data/packages/arduino/hardware/megaavr/1.8.7/cores/arduino/api/ArduinoAPI.h:29,
                 from /home/ec2-user/arduino-testlib/cli-datadir/data/packages/arduino/hardware/megaavr/1.8.7/cores/arduino/Arduino.h:23,
                 from /home/ec2-user/arduino-testlib/cli-datadir/user/libraries/Tone/Tone.cpp:43:
/home/ec2-user/arduino-testlib/cli-datadir/user/libraries/Tone/Tone.cpp:296:26: error: &#39;WGM12&#39; was not declared in this scope
         bitWrite(TCCR1B, WGM12, 1);
                          ^
/home/ec2-user/arduino-testlib/cli-datadir/data/packages/arduino/hardware/megaavr/1.8.7/cores/arduino/api/Common.h:65:49: note: in definition of macro &#39;bitSet&#39;
 #define bitSet(value, bit) ((value) |= (1UL &lt;&lt; (bit)))
                                                 ^~~
/home/ec2-user/arduino-testlib/cli-datadir/user/libraries/Tone/Tone.cpp:296:9: note: in expansion of macro &#39;bitWrite&#39;
         bitWrite(TCCR1B, WGM12, 1);
         ^~~~~~~~
/home/ec2-user/arduino-testlib/cli-datadir/user/libraries/Tone/Tone.cpp:297:26: error: &#39;CS10&#39; was not declared in this scope
         bitWrite(TCCR1B, CS10, 1);
                          ^
/home/ec2-user/arduino-testlib/cli-datadir/data/packages/arduino/hardware/megaavr/1.8.7/cores/arduino/api/Common.h:65:49: note: in definition of macro &#39;bitSet&#39;
 #define bitSet(value, bit) ((value) |= (1UL &lt;&lt; (bit)))
                                                 ^~~
/home/ec2-user/arduino-testlib/cli-datadir/user/libraries/Tone/Tone.cpp:297:9: note: in expansion of macro &#39;bitWrite&#39;
         bitWrite(TCCR1B, CS10, 1);
         ^~~~~~~~
/home/ec2-user/arduino-testlib/cli-datadir/user/libraries/Tone/Tone.cpp:297:26: note: suggested alternative: &#39;B110&#39;
         bitWrite(TCCR1B, CS10, 1);
                          ^
/home/ec2-user/arduino-testlib/cli-datadir/data/packages/arduino/hardware/megaavr/1.8.7/cores/arduino/api/Common.h:65:49: note: in definition of macro &#39;bitSet&#39;
 #define bitSet(value, bit) ((value) |= (1UL &lt;&lt; (bit)))
                                                 ^~~
/home/ec2-user/arduino-testlib/cli-datadir/user/libraries/Tone/Tone.cpp:297:9: note: in expansion of macro &#39;bitWrite&#39;
         bitWrite(TCCR1B, CS10, 1);
         ^~~~~~~~
/home/ec2-user/arduino-testlib/cli-datadir/user/libraries/Tone/Tone.cpp:306:9: error: &#39;TCCR2A&#39; was not declared in this scope
         TCCR2A = 0;
         ^~~~~~
/home/ec2-user/arduino-testlib/cli-datadir/user/libraries/Tone/Tone.cpp:306:9: note: suggested alternative: &#39;TCB2&#39;
         TCCR2A = 0;
         ^~~~~~
         TCB2
/home/ec2-user/arduino-testlib/cli-datadir/user/libraries/Tone/Tone.cpp:307:9: error: &#39;TCCR2B&#39; was not declared in this scope
         TCCR2B = 0;
         ^~~~~~
/home/ec2-user/arduino-testlib/cli-datadir/user/libraries/Tone/Tone.cpp:307:9: note: suggested alternative: &#39;TCB2&#39;
         TCCR2B = 0;
         ^~~~~~
         TCB2
In file included from /home/ec2-user/arduino-testlib/cli-datadir/data/packages/arduino/hardware/megaavr/1.8.7/cores/arduino/api/Interrupts.h:8:0,
                 from /home/ec2-user/arduino-testlib/cli-datadir/data/packages/arduino/hardware/megaavr/1.8.7/cores/arduino/api/ArduinoAPI.h:29,
                 from /home/ec2-user/arduino-testlib/cli-datadir/data/packages/arduino/hardware/megaavr/1.8.7/cores/arduino/Arduino.h:23,
                 from /home/ec2-user/arduino-testlib/cli-datadir/user/libraries/Tone/Tone.cpp:43:
/home/ec2-user/arduino-testlib/cli-datadir/user/libraries/Tone/Tone.cpp:308:26: error: &#39;WGM21&#39; was not declared </pre>

					
					<h4>examples/DTMFTest</h4>
					<p>
						Result: <b>FAIL</b>
					</p>
					<pre class="pre-scrollable">WARNING: library Tone claims to run on avr architecture(s) and may be incompatible with your current board which runs on megaavr architecture(s).
/home/ec2-user/arduino-testlib/cli-datadir/user/libraries/Tone/Tone.cpp: In function &#39;void TIMER0_COMPA_vect()&#39;:
/home/ec2-user/arduino-testlib/cli-datadir/user/libraries/Tone/Tone.cpp:139:5: error: &#39;TIMSK0&#39; was not declared in this scope
     TIMSK0 &amp;= ~(1 &lt;&lt; OCIE0A);                 // disable the interrupt
     ^~~~~~
/home/ec2-user/arduino-testlib/cli-datadir/user/libraries/Tone/Tone.cpp:139:5: note: suggested alternative: &#39;TIMERA0&#39;
     TIMSK0 &amp;= ~(1 &lt;&lt; OCIE0A);                 // disable the interrupt
     ^~~~~~
     TIMERA0
/home/ec2-user/arduino-testlib/cli-datadir/user/libraries/Tone/Tone.cpp:139:22: error: &#39;OCIE0A&#39; was not declared in this scope
     TIMSK0 &amp;= ~(1 &lt;&lt; OCIE0A);                 // disable the interrupt
                      ^~~~~~
/home/ec2-user/arduino-testlib/cli-datadir/user/libraries/Tone/Tone.cpp: In function &#39;void TIMER1_COMPA_vect()&#39;:
/home/ec2-user/arduino-testlib/cli-datadir/user/libraries/Tone/Tone.cpp:162:5: error: &#39;TIMSK1&#39; was not declared in this scope
     TIMSK1 &amp;= ~(1 &lt;&lt; OCIE1A);                 // disable the interrupt
     ^~~~~~
/home/ec2-user/arduino-testlib/cli-datadir/user/libraries/Tone/Tone.cpp:162:5: note: suggested alternative: &#39;TIMERB1&#39;
     TIMSK1 &amp;= ~(1 &lt;&lt; OCIE1A);                 // disable the interrupt
     ^~~~~~
     TIMERB1
/home/ec2-user/arduino-testlib/cli-datadir/user/libraries/Tone/Tone.cpp:162:22: error: &#39;OCIE1A&#39; was not declared in this scope
     TIMSK1 &amp;= ~(1 &lt;&lt; OCIE1A);                 // disable the interrupt
                      ^~~~~~
/home/ec2-user/arduino-testlib/cli-datadir/user/libraries/Tone/Tone.cpp: In function &#39;void TIMER2_COMPA_vect()&#39;:
/home/ec2-user/arduino-testlib/cli-datadir/user/libraries/Tone/Tone.cpp:186:5: error: &#39;TIMSK2&#39; was not declared in this scope
     TIMSK2 &amp;= ~(1 &lt;&lt; OCIE2A);                 // disable the interrupt
     ^~~~~~
/home/ec2-user/arduino-testlib/cli-datadir/user/libraries/Tone/Tone.cpp:186:5: note: suggested alternative: &#39;TIMERB2&#39;
     TIMSK2 &amp;= ~(1 &lt;&lt; OCIE2A);                 // disable the interrupt
     ^~~~~~
     TIMERB2
/home/ec2-user/arduino-testlib/cli-datadir/user/libraries/Tone/Tone.cpp:186:22: error: &#39;OCIE2A&#39; was not declared in this scope
     TIMSK2 &amp;= ~(1 &lt;&lt; OCIE2A);                 // disable the interrupt
                      ^~~~~~
/home/ec2-user/arduino-testlib/cli-datadir/user/libraries/Tone/Tone.cpp: In member function &#39;void Tone::begin(uint8_t)&#39;:
/home/ec2-user/arduino-testlib/cli-datadir/user/libraries/Tone/Tone.cpp:280:9: error: &#39;TCCR0A&#39; was not declared in this scope
         TCCR0A = 0;
         ^~~~~~
/home/ec2-user/arduino-testlib/cli-datadir/user/libraries/Tone/Tone.cpp:280:9: note: suggested alternative: &#39;TCA0&#39;
         TCCR0A = 0;
         ^~~~~~
         TCA0
/home/ec2-user/arduino-testlib/cli-datadir/user/libraries/Tone/Tone.cpp:281:9: error: &#39;TCCR0B&#39; was not declared in this scope
         TCCR0B = 0;
         ^~~~~~
/home/ec2-user/arduino-testlib/cli-datadir/user/libraries/Tone/Tone.cpp:281:9: note: suggested alternative: &#39;TCA0&#39;
         TCCR0B = 0;
         ^~~~~~
         TCA0
In file included from /home/ec2-user/arduino-testlib/cli-datadir/data/packages/arduino/hardware/megaavr/1.8.7/cores/arduino/api/Interrupts.h:8:0,
                 from /home/ec2-user/arduino-testlib/cli-datadir/data/packages/arduino/hardware/megaavr/1.8.7/cores/arduino/api/ArduinoAPI.h:29,
                 from /home/ec2-user/arduino-testlib/cli-datadir/data/packages/arduino/hardware/megaavr/1.8.7/cores/arduino/Arduino.h:23,
                 from /home/ec2-user/arduino-testlib/cli-datadir/user/libraries/Tone/Tone.cpp:43:
/home/ec2-user/arduino-testlib/cli-datadir/user/libraries/Tone/Tone.cpp:282:26: error: &#39;WGM01&#39; was not declared in this scope
         bitWrite(TCCR0A, WGM01, 1);
                          ^
/home/ec2-user/arduino-testlib/cli-datadir/data/packages/arduino/hardware/megaavr/1.8.7/cores/arduino/api/Common.h:65:49: note: in definition of macro &#39;bitSet&#39;
 #define bitSet(value, bit) ((value) |= (1UL &lt;&lt; (bit)))
                                                 ^~~
/home/ec2-user/arduino-testlib/cli-datadir/user/libraries/Tone/Tone.cpp:282:9: note: in expansion of macro &#39;bitWrite&#39;
         bitWrite(TCCR0A, WGM01, 1);
         ^~~~~~~~
/home/ec2-user/arduino-testlib/cli-datadir/user/libraries/Tone/Tone.cpp:283:26: error: &#39;CS00&#39; was not declared in this scope
         bitWrite(TCCR0B, CS00, 1);
                          ^
/home/ec2-user/arduino-testlib/cli-datadir/data/packages/arduino/hardware/megaavr/1.8.7/cores/arduino/api/Common.h:65:49: note: in definition of macro &#39;bitSet&#39;
 #define bitSet(value, bit) ((value) |= (1UL &lt;&lt; (bit)))
                                                 ^~~
/home/ec2-user/arduino-testlib/cli-datadir/user/libraries/Tone/Tone.cpp:283:9: note: in expansion of macro &#39;bitWrite&#39;
         bitWrite(TCCR0B, CS00, 1);
         ^~~~~~~~
/home/ec2-user/arduino-testlib/cli-datadir/user/libraries/Tone/Tone.cpp:283:26: note: suggested alternative: &#39;B100&#39;
         bitWrite(TCCR0B, CS00, 1);
                          ^
/home/ec2-user/arduino-testlib/cli-datadir/data/packages/arduino/hardware/megaavr/1.8.7/cores/arduino/api/Common.h:65:49: note: in definition of macro &#39;bitSet&#39;
 #define bitSet(value, bit) ((value) |= (1UL &lt;&lt; (bit)))
                                                 ^~~
/home/ec2-user/arduino-testlib/cli-datadir/user/libraries/Tone/Tone.cpp:283:9: note: in expansion of macro &#39;bitWrite&#39;
         bitWrite(TCCR0B, CS00, 1);
         ^~~~~~~~
/home/ec2-user/arduino-testlib/cli-datadir/user/libraries/Tone/Tone.cpp:294:9: error: &#39;TCCR1A&#39; was not declared in this scope
         TCCR1A = 0;
         ^~~~~~
/home/ec2-user/arduino-testlib/cli-datadir/user/libraries/Tone/Tone.cpp:294:9: note: suggested alternative: &#39;TCB1&#39;
         TCCR1A = 0;
         ^~~~~~
         TCB1
/home/ec2-user/arduino-testlib/cli-datadir/user/libraries/Tone/Tone.cpp:295:9: error: &#39;TCCR1B&#39; was not declared in this scope
         TCCR1B = 0;
         ^~~~~~
/home/ec2-user/arduino-testlib/cli-datadir/user/libraries/Tone/Tone.cpp:295:9: note: suggested alternative: &#39;TCB1&#39;
         TCCR1B = 0;
         ^~~~~~
         TCB1
In file included from /home/ec2-user/arduino-testlib/cli-datadir/data/packages/arduino/hardware/megaavr/1.8.7/cores/arduino/api/Interrupts.h:8:0,
                 from /home/ec2-user/arduino-testlib/cli-datadir/data/packages/arduino/hardware/megaavr/1.8.7/cores/arduino/api/ArduinoAPI.h:29,
                 from /home/ec2-user/arduino-testlib/cli-datadir/data/packages/arduino/hardware/megaavr/1.8.7/cores/arduino/Arduino.h:23,
                 from /home/ec2-user/arduino-testlib/cli-datadir/user/libraries/Tone/Tone.cpp:43:
/home/ec2-user/arduino-testlib/cli-datadir/user/libraries/Tone/Tone.cpp:296:26: error: &#39;WGM12&#39; was not declared in this scope
         bitWrite(TCCR1B, WGM12, 1);
                          ^
/home/ec2-user/arduino-testlib/cli-datadir/data/packages/arduino/hardware/megaavr/1.8.7/cores/arduino/api/Common.h:65:49: note: in definition of macro &#39;bitSet&#39;
 #define bitSet(value, bit) ((value) |= (1UL &lt;&lt; (bit)))
                                                 ^~~
/home/ec2-user/arduino-testlib/cli-datadir/user/libraries/Tone/Tone.cpp:296:9: note: in expansion of macro &#39;bitWrite&#39;
         bitWrite(TCCR1B, WGM12, 1);
         ^~~~~~~~
/home/ec2-user/arduino-testlib/cli-datadir/user/libraries/Tone/Tone.cpp:297:26: error: &#39;CS10&#39; was not declared in this scope
         bitWrite(TCCR1B, CS10, 1);
                          ^
/home/ec2-user/arduino-testlib/cli-datadir/data/packages/arduino/hardware/megaavr/1.8.7/cores/arduino/api/Common.h:65:49: note: in definition of macro &#39;bitSet&#39;
 #define bitSet(value, bit) ((value) |= (1UL &lt;&lt; (bit)))
                                                 ^~~
/home/ec2-user/arduino-testlib/cli-datadir/user/libraries/Tone/Tone.cpp:297:9: note: in expansion of macro &#39;bitWrite&#39;
         bitWrite(TCCR1B, CS10, 1);
         ^~~~~~~~
/home/ec2-user/arduino-testlib/cli-datadir/user/libraries/Tone/Tone.cpp:297:26: note: suggested alternative: &#39;B110&#39;
         bitWrite(TCCR1B, CS10, 1);
                          ^
/home/ec2-user/arduino-testlib/cli-datadir/data/packages/arduino/hardware/megaavr/1.8.7/cores/arduino/api/Common.h:65:49: note: in definition of macro &#39;bitSet&#39;
 #define bitSet(value, bit) ((value) |= (1UL &lt;&lt; (bit)))
                                                 ^~~
/home/ec2-user/arduino-testlib/cli-datadir/user/libraries/Tone/Tone.cpp:297:9: note: in expansion of macro &#39;bitWrite&#39;
         bitWrite(TCCR1B, CS10, 1);
         ^~~~~~~~
/home/ec2-user/arduino-testlib/cli-datadir/user/libraries/Tone/Tone.cpp:306:9: error: &#39;TCCR2A&#39; was not declared in this scope
         TCCR2A = 0;
         ^~~~~~
/home/ec2-user/arduino-testlib/cli-datadir/user/libraries/Tone/Tone.cpp:306:9: note: suggested alternative: &#39;TCB2&#39;
         TCCR2A = 0;
         ^~~~~~
         TCB2
/home/ec2-user/arduino-testlib/cli-datadir/user/libraries/Tone/Tone.cpp:307:9: error: &#39;TCCR2B&#39; was not declared in this scope
         TCCR2B = 0;
         ^~~~~~
/home/ec2-user/arduino-testlib/cli-datadir/user/libraries/Tone/Tone.cpp:307:9: note: suggested alternative: &#39;TCB2&#39;
         TCCR2B = 0;
         ^~~~~~
         TCB2
In file included from /home/ec2-user/arduino-testlib/cli-datadir/data/packages/arduino/hardware/megaavr/1.8.7/cores/arduino/api/Interrupts.h:8:0,
                 from /home/ec2-user/arduino-testlib/cli-datadir/data/packages/arduino/hardware/megaavr/1.8.7/cores/arduino/api/ArduinoAPI.h:29,
                 from /home/ec2-user/arduino-testlib/cli-datadir/data/packages/arduino/hardware/megaavr/1.8.7/cores/arduino/Arduino.h:23,
                 from /home/ec2-user/arduino-testlib/cli-datadir/user/libraries/Tone/Tone.cpp:43:
/home/ec2-user/arduino-testlib/cli-datadir/user/libraries/Tone/Tone.cpp:308:26: error: &#39;WGM21&#39; was not declared </pre>
					
					<h4>examples/RTTTL</h4>
					<p>
						Result: <b>FAIL</b>
					</p>
					<pre class="pre-scrollable">WARNING: library Tone claims to run on avr architecture(s) and may be incompatible with your current board which runs on megaavr architecture(s).
/home/ec2-user/arduino-testlib/cli-datadir/user/libraries/Tone/Tone.cpp: In function &#39;void TIMER0_COMPA_vect()&#39;:
/home/ec2-user/arduino-testlib/cli-datadir/user/libraries/Tone/Tone.cpp:139:5: error: &#39;TIMSK0&#39; was not declared in this scope
     TIMSK0 &amp;= ~(1 &lt;&lt; OCIE0A);                 // disable the interrupt
     ^~~~~~
/home/ec2-user/arduino-testlib/cli-datadir/user/libraries/Tone/Tone.cpp:139:5: note: suggested alternative: &#39;TIMERA0&#39;
     TIMSK0 &amp;= ~(1 &lt;&lt; OCIE0A);                 // disable the interrupt
     ^~~~~~
     TIMERA0
/home/ec2-user/arduino-testlib/cli-datadir/user/libraries/Tone/Tone.cpp:139:22: error: &#39;OCIE0A&#39; was not declared in this scope
     TIMSK0 &amp;= ~(1 &lt;&lt; OCIE0A);                 // disable the interrupt
                      ^~~~~~
/home/ec2-user/arduino-testlib/cli-datadir/user/libraries/Tone/Tone.cpp: In function &#39;void TIMER1_COMPA_vect()&#39;:
/home/ec2-user/arduino-testlib/cli-datadir/user/libraries/Tone/Tone.cpp:162:5: error: &#39;TIMSK1&#39; was not declared in this scope
     TIMSK1 &amp;= ~(1 &lt;&lt; OCIE1A);                 // disable the interrupt
     ^~~~~~
/home/ec2-user/arduino-testlib/cli-datadir/user/libraries/Tone/Tone.cpp:162:5: note: suggested alternative: &#39;TIMERB1&#39;
     TIMSK1 &amp;= ~(1 &lt;&lt; OCIE1A);                 // disable the interrupt
     ^~~~~~
     TIMERB1
/home/ec2-user/arduino-testlib/cli-datadir/user/libraries/Tone/Tone.cpp:162:22: error: &#39;OCIE1A&#39; was not declared in this scope
     TIMSK1 &amp;= ~(1 &lt;&lt; OCIE1A);                 // disable the interrupt
                      ^~~~~~
/home/ec2-user/arduino-testlib/cli-datadir/user/libraries/Tone/Tone.cpp: In function &#39;void TIMER2_COMPA_vect()&#39;:
/home/ec2-user/arduino-testlib/cli-datadir/user/libraries/Tone/Tone.cpp:186:5: error: &#39;TIMSK2&#39; was not declared in this scope
     TIMSK2 &amp;= ~(1 &lt;&lt; OCIE2A);                 // disable the interrupt
     ^~~~~~
/home/ec2-user/arduino-testlib/cli-datadir/user/libraries/Tone/Tone.cpp:186:5: note: suggested alternative: &#39;TIMERB2&#39;
     TIMSK2 &amp;= ~(1 &lt;&lt; OCIE2A);                 // disable the interrupt
     ^~~~~~
     TIMERB2
/home/ec2-user/arduino-testlib/cli-datadir/user/libraries/Tone/Tone.cpp:186:22: error: &#39;OCIE2A&#39; was not declared in this scope
     TIMSK2 &amp;= ~(1 &lt;&lt; OCIE2A);                 // disable the interrupt
                      ^~~~~~
/home/ec2-user/arduino-testlib/cli-datadir/user/libraries/Tone/Tone.cpp: In member function &#39;void Tone::begin(uint8_t)&#39;:
/home/ec2-user/arduino-testlib/cli-datadir/user/libraries/Tone/Tone.cpp:280:9: error: &#39;TCCR0A&#39; was not declared in this scope
         TCCR0A = 0;
         ^~~~~~
/home/ec2-user/arduino-testlib/cli-datadir/user/libraries/Tone/Tone.cpp:280:9: note: suggested alternative: &#39;TCA0&#39;
         TCCR0A = 0;
         ^~~~~~
         TCA0
/home/ec2-user/arduino-testlib/cli-datadir/user/libraries/Tone/Tone.cpp:281:9: error: &#39;TCCR0B&#39; was not declared in this scope
         TCCR0B = 0;
         ^~~~~~
/home/ec2-user/arduino-testlib/cli-datadir/user/libraries/Tone/Tone.cpp:281:9: note: suggested alternative: &#39;TCA0&#39;
         TCCR0B = 0;
         ^~~~~~
         TCA0
In file included from /home/ec2-user/arduino-testlib/cli-datadir/data/packages/arduino/hardware/megaavr/1.8.7/cores/arduino/api/Interrupts.h:8:0,
                 from /home/ec2-user/arduino-testlib/cli-datadir/data/packages/arduino/hardware/megaavr/1.8.7/cores/arduino/api/ArduinoAPI.h:29,
                 from /home/ec2-user/arduino-testlib/cli-datadir/data/packages/arduino/hardware/megaavr/1.8.7/cores/arduino/Arduino.h:23,
                 from /home/ec2-user/arduino-testlib/cli-datadir/user/libraries/Tone/Tone.cpp:43:
/home/ec2-user/arduino-testlib/cli-datadir/user/libraries/Tone/Tone.cpp:282:26: error: &#39;WGM01&#39; was not declared in this scope
         bitWrite(TCCR0A, WGM01, 1);
                          ^
/home/ec2-user/arduino-testlib/cli-datadir/data/packages/arduino/hardware/megaavr/1.8.7/cores/arduino/api/Common.h:65:49: note: in definition of macro &#39;bitSet&#39;
 #define bitSet(value, bit) ((value) |= (1UL &lt;&lt; (bit)))
                                                 ^~~
/home/ec2-user/arduino-testlib/cli-datadir/user/libraries/Tone/Tone.cpp:282:9: note: in expansion of macro &#39;bitWrite&#39;
         bitWrite(TCCR0A, WGM01, 1);
         ^~~~~~~~
/home/ec2-user/arduino-testlib/cli-datadir/user/libraries/Tone/Tone.cpp:283:26: error: &#39;CS00&#39; was not declared in this scope
         bitWrite(TCCR0B, CS00, 1);
                          ^
/home/ec2-user/arduino-testlib/cli-datadir/data/packages/arduino/hardware/megaavr/1.8.7/cores/arduino/api/Common.h:65:49: note: in definition of macro &#39;bitSet&#39;
 #define bitSet(value, bit) ((value) |= (1UL &lt;&lt; (bit)))
                                                 ^~~
/home/ec2-user/arduino-testlib/cli-datadir/user/libraries/Tone/Tone.cpp:283:9: note: in expansion of macro &#39;bitWrite&#39;
         bitWrite(TCCR0B, CS00, 1);
         ^~~~~~~~
/home/ec2-user/arduino-testlib/cli-datadir/user/libraries/Tone/Tone.cpp:283:26: note: suggested alternative: &#39;B100&#39;
         bitWrite(TCCR0B, CS00, 1);
                          ^
/home/ec2-user/arduino-testlib/cli-datadir/data/packages/arduino/hardware/megaavr/1.8.7/cores/arduino/api/Common.h:65:49: note: in definition of macro &#39;bitSet&#39;
 #define bitSet(value, bit) ((value) |= (1UL &lt;&lt; (bit)))
                                                 ^~~
/home/ec2-user/arduino-testlib/cli-datadir/user/libraries/Tone/Tone.cpp:283:9: note: in expansion of macro &#39;bitWrite&#39;
         bitWrite(TCCR0B, CS00, 1);
         ^~~~~~~~
/home/ec2-user/arduino-testlib/cli-datadir/user/libraries/Tone/Tone.cpp:294:9: error: &#39;TCCR1A&#39; was not declared in this scope
         TCCR1A = 0;
         ^~~~~~
/home/ec2-user/arduino-testlib/cli-datadir/user/libraries/Tone/Tone.cpp:294:9: note: suggested alternative: &#39;TCB1&#39;
         TCCR1A = 0;
         ^~~~~~
         TCB1
/home/ec2-user/arduino-testlib/cli-datadir/user/libraries/Tone/Tone.cpp:295:9: error: &#39;TCCR1B&#39; was not declared in this scope
         TCCR1B = 0;
         ^~~~~~
/home/ec2-user/arduino-testlib/cli-datadir/user/libraries/Tone/Tone.cpp:295:9: note: suggested alternative: &#39;TCB1&#39;
         TCCR1B = 0;
         ^~~~~~
         TCB1
In file included from /home/ec2-user/arduino-testlib/cli-datadir/data/packages/arduino/hardware/megaavr/1.8.7/cores/arduino/api/Interrupts.h:8:0,
                 from /home/ec2-user/arduino-testlib/cli-datadir/data/packages/arduino/hardware/megaavr/1.8.7/cores/arduino/api/ArduinoAPI.h:29,
                 from /home/ec2-user/arduino-testlib/cli-datadir/data/packages/arduino/hardware/megaavr/1.8.7/cores/arduino/Arduino.h:23,
                 from /home/ec2-user/arduino-testlib/cli-datadir/user/libraries/Tone/Tone.cpp:43:
/home/ec2-user/arduino-testlib/cli-datadir/user/libraries/Tone/Tone.cpp:296:26: error: &#39;WGM12&#39; was not declared in this scope
         bitWrite(TCCR1B, WGM12, 1);
                          ^
/home/ec2-user/arduino-testlib/cli-datadir/data/packages/arduino/hardware/megaavr/1.8.7/cores/arduino/api/Common.h:65:49: note: in definition of macro &#39;bitSet&#39;
 #define bitSet(value, bit) ((value) |= (1UL &lt;&lt; (bit)))
                                                 ^~~
/home/ec2-user/arduino-testlib/cli-datadir/user/libraries/Tone/Tone.cpp:296:9: note: in expansion of macro &#39;bitWrite&#39;
         bitWrite(TCCR1B, WGM12, 1);
         ^~~~~~~~
/home/ec2-user/arduino-testlib/cli-datadir/user/libraries/Tone/Tone.cpp:297:26: error: &#39;CS10&#39; was not declared in this scope
         bitWrite(TCCR1B, CS10, 1);
                          ^
/home/ec2-user/arduino-testlib/cli-datadir/data/packages/arduino/hardware/megaavr/1.8.7/cores/arduino/api/Common.h:65:49: note: in definition of macro &#39;bitSet&#39;
 #define bitSet(value, bit) ((value) |= (1UL &lt;&lt; (bit)))
                                                 ^~~
/home/ec2-user/arduino-testlib/cli-datadir/user/libraries/Tone/Tone.cpp:297:9: note: in expansion of macro &#39;bitWrite&#39;
         bitWrite(TCCR1B, CS10, 1);
         ^~~~~~~~
/home/ec2-user/arduino-testlib/cli-datadir/user/libraries/Tone/Tone.cpp:297:26: note: suggested alternative: &#39;B110&#39;
         bitWrite(TCCR1B, CS10, 1);
                          ^
/home/ec2-user/arduino-testlib/cli-datadir/data/packages/arduino/hardware/megaavr/1.8.7/cores/arduino/api/Common.h:65:49: note: in definition of macro &#39;bitSet&#39;
 #define bitSet(value, bit) ((value) |= (1UL &lt;&lt; (bit)))
                                                 ^~~
/home/ec2-user/arduino-testlib/cli-datadir/user/libraries/Tone/Tone.cpp:297:9: note: in expansion of macro &#39;bitWrite&#39;
         bitWrite(TCCR1B, CS10, 1);
         ^~~~~~~~
/home/ec2-user/arduino-testlib/cli-datadir/user/libraries/Tone/Tone.cpp:306:9: error: &#39;TCCR2A&#39; was not declared in this scope
         TCCR2A = 0;
         ^~~~~~
/home/ec2-user/arduino-testlib/cli-datadir/user/libraries/Tone/Tone.cpp:306:9: note: suggested alternative: &#39;TCB2&#39;
         TCCR2A = 0;
         ^~~~~~
         TCB2
/home/ec2-user/arduino-testlib/cli-datadir/user/libraries/Tone/Tone.cpp:307:9: error: &#39;TCCR2B&#39; was not declared in this scope
         TCCR2B = 0;
         ^~~~~~
/home/ec2-user/arduino-testlib/cli-datadir/user/libraries/Tone/Tone.cpp:307:9: note: suggested alternative: &#39;TCB2&#39;
         TCCR2B = 0;
         ^~~~~~
         TCB2
In file included from /home/ec2-user/arduino-testlib/cli-datadir/data/packages/arduino/hardware/megaavr/1.8.7/cores/arduino/api/Interrupts.h:8:0,
                 from /home/ec2-user/arduino-testlib/cli-datadir/data/packages/arduino/hardware/megaavr/1.8.7/cores/arduino/api/ArduinoAPI.h:29,
                 from /home/ec2-user/arduino-testlib/cli-datadir/data/packages/arduino/hardware/megaavr/1.8.7/cores/arduino/Arduino.h:23,
                 from /home/ec2-user/arduino-testlib/cli-datadir/user/libraries/Tone/Tone.cpp:43:
/home/ec2-user/arduino-testlib/cli-datadir/user/libraries/Tone/Tone.cpp:308:26: error: &#39;WGM21&#39; was not declared </pre>
					
					<h4>examples/ToneTest</h4>
					<p>
						Result: <b>FAIL</b>
					</p>
					<pre class="pre-scrollable">WARNING: library Tone claims to run on avr architecture(s) and may be incompatible with your current board which runs on megaavr architecture(s).
/home/ec2-user/arduino-testlib/cli-datadir/user/libraries/Tone/Tone.cpp: In function &#39;void TIMER0_COMPA_vect()&#39;:
/home/ec2-user/arduino-testlib/cli-datadir/user/libraries/Tone/Tone.cpp:139:5: error: &#39;TIMSK0&#39; was not declared in this scope
     TIMSK0 &amp;= ~(1 &lt;&lt; OCIE0A);                 // disable the interrupt
     ^~~~~~
/home/ec2-user/arduino-testlib/cli-datadir/user/libraries/Tone/Tone.cpp:139:5: note: suggested alternative: &#39;TIMERA0&#39;
     TIMSK0 &amp;= ~(1 &lt;&lt; OCIE0A);                 // disable the interrupt
     ^~~~~~
     TIMERA0
/home/ec2-user/arduino-testlib/cli-datadir/user/libraries/Tone/Tone.cpp:139:22: error: &#39;OCIE0A&#39; was not declared in this scope
     TIMSK0 &amp;= ~(1 &lt;&lt; OCIE0A);                 // disable the interrupt
                      ^~~~~~
/home/ec2-user/arduino-testlib/cli-datadir/user/libraries/Tone/Tone.cpp: In function &#39;void TIMER1_COMPA_vect()&#39;:
/home/ec2-user/arduino-testlib/cli-datadir/user/libraries/Tone/Tone.cpp:162:5: error: &#39;TIMSK1&#39; was not declared in this scope
     TIMSK1 &amp;= ~(1 &lt;&lt; OCIE1A);                 // disable the interrupt
     ^~~~~~
/home/ec2-user/arduino-testlib/cli-datadir/user/libraries/Tone/Tone.cpp:162:5: note: suggested alternative: &#39;TIMERB1&#39;
     TIMSK1 &amp;= ~(1 &lt;&lt; OCIE1A);                 // disable the interrupt
     ^~~~~~
     TIMERB1
/home/ec2-user/arduino-testlib/cli-datadir/user/libraries/Tone/Tone.cpp:162:22: error: &#39;OCIE1A&#39; was not declared in this scope
     TIMSK1 &amp;= ~(1 &lt;&lt; OCIE1A);                 // disable the interrupt
                      ^~~~~~
/home/ec2-user/arduino-testlib/cli-datadir/user/libraries/Tone/Tone.cpp: In function &#39;void TIMER2_COMPA_vect()&#39;:
/home/ec2-user/arduino-testlib/cli-datadir/user/libraries/Tone/Tone.cpp:186:5: error: &#39;TIMSK2&#39; was not declared in this scope
     TIMSK2 &amp;= ~(1 &lt;&lt; OCIE2A);                 // disable the interrupt
     ^~~~~~
/home/ec2-user/arduino-testlib/cli-datadir/user/libraries/Tone/Tone.cpp:186:5: note: suggested alternative: &#39;TIMERB2&#39;
     TIMSK2 &amp;= ~(1 &lt;&lt; OCIE2A);                 // disable the interrupt
     ^~~~~~
     TIMERB2
/home/ec2-user/arduino-testlib/cli-datadir/user/libraries/Tone/Tone.cpp:186:22: error: &#39;OCIE2A&#39; was not declared in this scope
     TIMSK2 &amp;= ~(1 &lt;&lt; OCIE2A);                 // disable the interrupt
                      ^~~~~~
/home/ec2-user/arduino-testlib/cli-datadir/user/libraries/Tone/Tone.cpp: In member function &#39;void Tone::begin(uint8_t)&#39;:
/home/ec2-user/arduino-testlib/cli-datadir/user/libraries/Tone/Tone.cpp:280:9: error: &#39;TCCR0A&#39; was not declared in this scope
         TCCR0A = 0;
         ^~~~~~
/home/ec2-user/arduino-testlib/cli-datadir/user/libraries/Tone/Tone.cpp:280:9: note: suggested alternative: &#39;TCA0&#39;
         TCCR0A = 0;
         ^~~~~~
         TCA0
/home/ec2-user/arduino-testlib/cli-datadir/user/libraries/Tone/Tone.cpp:281:9: error: &#39;TCCR0B&#39; was not declared in this scope
         TCCR0B = 0;
         ^~~~~~
/home/ec2-user/arduino-testlib/cli-datadir/user/libraries/Tone/Tone.cpp:281:9: note: suggested alternative: &#39;TCA0&#39;
         TCCR0B = 0;
         ^~~~~~
         TCA0
In file included from /home/ec2-user/arduino-testlib/cli-datadir/data/packages/arduino/hardware/megaavr/1.8.7/cores/arduino/api/Interrupts.h:8:0,
                 from /home/ec2-user/arduino-testlib/cli-datadir/data/packages/arduino/hardware/megaavr/1.8.7/cores/arduino/api/ArduinoAPI.h:29,
                 from /home/ec2-user/arduino-testlib/cli-datadir/data/packages/arduino/hardware/megaavr/1.8.7/cores/arduino/Arduino.h:23,
                 from /home/ec2-user/arduino-testlib/cli-datadir/user/libraries/Tone/Tone.cpp:43:
/home/ec2-user/arduino-testlib/cli-datadir/user/libraries/Tone/Tone.cpp:282:26: error: &#39;WGM01&#39; was not declared in this scope
         bitWrite(TCCR0A, WGM01, 1);
                          ^
/home/ec2-user/arduino-testlib/cli-datadir/data/packages/arduino/hardware/megaavr/1.8.7/cores/arduino/api/Common.h:65:49: note: in definition of macro &#39;bitSet&#39;
 #define bitSet(value, bit) ((value) |= (1UL &lt;&lt; (bit)))
                                                 ^~~
/home/ec2-user/arduino-testlib/cli-datadir/user/libraries/Tone/Tone.cpp:282:9: note: in expansion of macro &#39;bitWrite&#39;
         bitWrite(TCCR0A, WGM01, 1);
         ^~~~~~~~
/home/ec2-user/arduino-testlib/cli-datadir/user/libraries/Tone/Tone.cpp:283:26: error: &#39;CS00&#39; was not declared in this scope
         bitWrite(TCCR0B, CS00, 1);
                          ^
/home/ec2-user/arduino-testlib/cli-datadir/data/packages/arduino/hardware/megaavr/1.8.7/cores/arduino/api/Common.h:65:49: note: in definition of macro &#39;bitSet&#39;
 #define bitSet(value, bit) ((value) |= (1UL &lt;&lt; (bit)))
                                                 ^~~
/home/ec2-user/arduino-testlib/cli-datadir/user/libraries/Tone/Tone.cpp:283:9: note: in expansion of macro &#39;bitWrite&#39;
         bitWrite(TCCR0B, CS00, 1);
         ^~~~~~~~
/home/ec2-user/arduino-testlib/cli-datadir/user/libraries/Tone/Tone.cpp:283:26: note: suggested alternative: &#39;B100&#39;
         bitWrite(TCCR0B, CS00, 1);
                          ^
/home/ec2-user/arduino-testlib/cli-datadir/data/packages/arduino/hardware/megaavr/1.8.7/cores/arduino/api/Common.h:65:49: note: in definition of macro &#39;bitSet&#39;
 #define bitSet(value, bit) ((value) |= (1UL &lt;&lt; (bit)))
                                                 ^~~
/home/ec2-user/arduino-testlib/cli-datadir/user/libraries/Tone/Tone.cpp:283:9: note: in expansion of macro &#39;bitWrite&#39;
         bitWrite(TCCR0B, CS00, 1);
         ^~~~~~~~
/home/ec2-user/arduino-testlib/cli-datadir/user/libraries/Tone/Tone.cpp:294:9: error: &#39;TCCR1A&#39; was not declared in this scope
         TCCR1A = 0;
         ^~~~~~
/home/ec2-user/arduino-testlib/cli-datadir/user/libraries/Tone/Tone.cpp:294:9: note: suggested alternative: &#39;TCB1&#39;
         TCCR1A = 0;
         ^~~~~~
         TCB1
/home/ec2-user/arduino-testlib/cli-datadir/user/libraries/Tone/Tone.cpp:295:9: error: &#39;TCCR1B&#39; was not declared in this scope
         TCCR1B = 0;
         ^~~~~~
/home/ec2-user/arduino-testlib/cli-datadir/user/libraries/Tone/Tone.cpp:295:9: note: suggested alternative: &#39;TCB1&#39;
         TCCR1B = 0;
         ^~~~~~
         TCB1
In file included from /home/ec2-user/arduino-testlib/cli-datadir/data/packages/arduino/hardware/megaavr/1.8.7/cores/arduino/api/Interrupts.h:8:0,
                 from /home/ec2-user/arduino-testlib/cli-datadir/data/packages/arduino/hardware/megaavr/1.8.7/cores/arduino/api/ArduinoAPI.h:29,
                 from /home/ec2-user/arduino-testlib/cli-datadir/data/packages/arduino/hardware/megaavr/1.8.7/cores/arduino/Arduino.h:23,
                 from /home/ec2-user/arduino-testlib/cli-datadir/user/libraries/Tone/Tone.cpp:43:
/home/ec2-user/arduino-testlib/cli-datadir/user/libraries/Tone/Tone.cpp:296:26: error: &#39;WGM12&#39; was not declared in this scope
         bitWrite(TCCR1B, WGM12, 1);
                          ^
/home/ec2-user/arduino-testlib/cli-datadir/data/packages/arduino/hardware/megaavr/1.8.7/cores/arduino/api/Common.h:65:49: note: in definition of macro &#39;bitSet&#39;
 #define bitSet(value, bit) ((value) |= (1UL &lt;&lt; (bit)))
                                                 ^~~
/home/ec2-user/arduino-testlib/cli-datadir/user/libraries/Tone/Tone.cpp:296:9: note: in expansion of macro &#39;bitWrite&#39;
         bitWrite(TCCR1B, WGM12, 1);
         ^~~~~~~~
/home/ec2-user/arduino-testlib/cli-datadir/user/libraries/Tone/Tone.cpp:297:26: error: &#39;CS10&#39; was not declared in this scope
         bitWrite(TCCR1B, CS10, 1);
                          ^
/home/ec2-user/arduino-testlib/cli-datadir/data/packages/arduino/hardware/megaavr/1.8.7/cores/arduino/api/Common.h:65:49: note: in definition of macro &#39;bitSet&#39;
 #define bitSet(value, bit) ((value) |= (1UL &lt;&lt; (bit)))
                                                 ^~~
/home/ec2-user/arduino-testlib/cli-datadir/user/libraries/Tone/Tone.cpp:297:9: note: in expansion of macro &#39;bitWrite&#39;
         bitWrite(TCCR1B, CS10, 1);
         ^~~~~~~~
/home/ec2-user/arduino-testlib/cli-datadir/user/libraries/Tone/Tone.cpp:297:26: note: suggested alternative: &#39;B110&#39;
         bitWrite(TCCR1B, CS10, 1);
                          ^
/home/ec2-user/arduino-testlib/cli-datadir/data/packages/arduino/hardware/megaavr/1.8.7/cores/arduino/api/Common.h:65:49: note: in definition of macro &#39;bitSet&#39;
 #define bitSet(value, bit) ((value) |= (1UL &lt;&lt; (bit)))
                                                 ^~~
/home/ec2-user/arduino-testlib/cli-datadir/user/libraries/Tone/Tone.cpp:297:9: note: in expansion of macro &#39;bitWrite&#39;
         bitWrite(TCCR1B, CS10, 1);
         ^~~~~~~~
/home/ec2-user/arduino-testlib/cli-datadir/user/libraries/Tone/Tone.cpp:306:9: error: &#39;TCCR2A&#39; was not declared in this scope
         TCCR2A = 0;
         ^~~~~~
/home/ec2-user/arduino-testlib/cli-datadir/user/libraries/Tone/Tone.cpp:306:9: note: suggested alternative: &#39;TCB2&#39;
         TCCR2A = 0;
         ^~~~~~
         TCB2
/home/ec2-user/arduino-testlib/cli-datadir/user/libraries/Tone/Tone.cpp:307:9: error: &#39;TCCR2B&#39; was not declared in this scope
         TCCR2B = 0;
         ^~~~~~
/home/ec2-user/arduino-testlib/cli-datadir/user/libraries/Tone/Tone.cpp:307:9: note: suggested alternative: &#39;TCB2&#39;
         TCCR2B = 0;
         ^~~~~~
         TCB2
In file included from /home/ec2-user/arduino-testlib/cli-datadir/data/packages/arduino/hardware/megaavr/1.8.7/cores/arduino/api/Interrupts.h:8:0,
                 from /home/ec2-user/arduino-testlib/cli-datadir/data/packages/arduino/hardware/megaavr/1.8.7/cores/arduino/api/ArduinoAPI.h:29,
                 from /home/ec2-user/arduino-testlib/cli-datadir/data/packages/arduino/hardware/megaavr/1.8.7/cores/arduino/Arduino.h:23,
                 from /home/ec2-user/arduino-testlib/cli-datadir/user/libraries/Tone/Tone.cpp:43:
/home/ec2-user/arduino-testlib/cli-datadir/user/libraries/Tone/Tone.cpp:308:26: error: &#39;WGM21&#39; was not declared </pre>
					
				
				<h3 id="arduino:samd:mkrwifi1010">arduino:samd:mkrwifi1010 @ 1.8.12</h3>
				<h4>Inclusion</h4>
				<p>
					Result: <b>FAIL</b>
					
				</p>
				<pre class="pre-scrollable">WARNING: library Tone claims to run on avr architecture(s) and may be incompatible with your current board which runs on samd architecture(s).
/home/ec2-user/arduino-testlib/cli-datadir/user/libraries/Tone/Tone.cpp:126:4: error: expected constructor, destructor, or type conversion before &#39;(&#39; token
 ISR(TIMER0_COMPA_vect)
    ^
/home/ec2-user/arduino-testlib/cli-datadir/user/libraries/Tone/Tone.cpp:149:4: error: expected constructor, destructor, or type conversion before &#39;(&#39; token
 ISR(TIMER1_COMPA_vect)
    ^
/home/ec2-user/arduino-testlib/cli-datadir/user/libraries/Tone/Tone.cpp:171:4: error: expected constructor, destructor, or type conversion before &#39;(&#39; token
 ISR(TIMER2_COMPA_vect)
    ^
/home/ec2-user/arduino-testlib/cli-datadir/user/libraries/Tone/Tone.cpp: In member function &#39;void Tone::begin(uint8_t)&#39;:
/home/ec2-user/arduino-testlib/cli-datadir/user/libraries/Tone/Tone.cpp:280:9: error: &#39;TCCR0A&#39; was not declared in this scope
         TCCR0A = 0;
         ^~~~~~
/home/ec2-user/arduino-testlib/cli-datadir/user/libraries/Tone/Tone.cpp:280:9: note: suggested alternative: &#39;TCC0&#39;
         TCCR0A = 0;
         ^~~~~~
         TCC0
/home/ec2-user/arduino-testlib/cli-datadir/user/libraries/Tone/Tone.cpp:281:9: error: &#39;TCCR0B&#39; was not declared in this scope
         TCCR0B = 0;
         ^~~~~~
/home/ec2-user/arduino-testlib/cli-datadir/user/libraries/Tone/Tone.cpp:281:9: note: suggested alternative: &#39;TCC0&#39;
         TCCR0B = 0;
         ^~~~~~
         TCC0
In file included from /home/ec2-user/arduino-testlib/cli-datadir/data/packages/arduino/hardware/samd/1.8.12/cores/arduino/api/Interrupts.h:8:0,
                 from /home/ec2-user/arduino-testlib/cli-datadir/data/packages/arduino/hardware/samd/1.8.12/cores/arduino/api/ArduinoAPI.h:29,
                 from /home/ec2-user/arduino-testlib/cli-datadir/data/packages/arduino/hardware/samd/1.8.12/cores/arduino/Arduino.h:23,
                 from /home/ec2-user/arduino-testlib/cli-datadir/user/libraries/Tone/Tone.cpp:43:
/home/ec2-user/arduino-testlib/cli-datadir/user/libraries/Tone/Tone.cpp:282:26: error: &#39;WGM01&#39; was not declared in this scope
         bitWrite(TCCR0A, WGM01, 1);
                          ^
/home/ec2-user/arduino-testlib/cli-datadir/data/packages/arduino/hardware/samd/1.8.12/cores/arduino/api/Common.h:65:49: note: in definition of macro &#39;bitSet&#39;
 #define bitSet(value, bit) ((value) |= (1UL &lt;&lt; (bit)))
                                                 ^~~
/home/ec2-user/arduino-testlib/cli-datadir/user/libraries/Tone/Tone.cpp:282:9: note: in expansion of macro &#39;bitWrite&#39;
         bitWrite(TCCR0A, WGM01, 1);
         ^~~~~~~~
/home/ec2-user/arduino-testlib/cli-datadir/user/libraries/Tone/Tone.cpp:283:26: error: &#39;CS00&#39; was not declared in this scope
         bitWrite(TCCR0B, CS00, 1);
                          ^
/home/ec2-user/arduino-testlib/cli-datadir/data/packages/arduino/hardware/samd/1.8.12/cores/arduino/api/Common.h:65:49: note: in definition of macro &#39;bitSet&#39;
 #define bitSet(value, bit) ((value) |= (1UL &lt;&lt; (bit)))
                                                 ^~~
/home/ec2-user/arduino-testlib/cli-datadir/user/libraries/Tone/Tone.cpp:283:9: note: in expansion of macro &#39;bitWrite&#39;
         bitWrite(TCCR0B, CS00, 1);
         ^~~~~~~~
/home/ec2-user/arduino-testlib/cli-datadir/user/libraries/Tone/Tone.cpp:283:26: note: suggested alternative: &#39;B100&#39;
         bitWrite(TCCR0B, CS00, 1);
                          ^
/home/ec2-user/arduino-testlib/cli-datadir/data/packages/arduino/hardware/samd/1.8.12/cores/arduino/api/Common.h:65:49: note: in definition of macro &#39;bitSet&#39;
 #define bitSet(value, bit) ((value) |= (1UL &lt;&lt; (bit)))
                                                 ^~~
/home/ec2-user/arduino-testlib/cli-datadir/user/libraries/Tone/Tone.cpp:283:9: note: in expansion of macro &#39;bitWrite&#39;
         bitWrite(TCCR0B, CS00, 1);
         ^~~~~~~~
In file included from /home/ec2-user/arduino-testlib/cli-datadir/data/packages/arduino/hardware/samd/1.8.12/cores/arduino/Arduino.h:51:0,
                 from /home/ec2-user/arduino-testlib/cli-datadir/user/libraries/Tone/Tone.cpp:43:
/home/ec2-user/arduino-testlib/cli-datadir/data/packages/arduino/hardware/samd/1.8.12/variants/mkrwifi1010/variant.h:52:51: error: cannot convert &#39;volatile uint32_t* {aka volatile long unsigned int*}&#39; to &#39;volatile uint8_t* {aka volatile unsigned char*}&#39; in assignment
 #define portOutputRegister(port) (&amp;(port-&gt;OUT.reg))
                                                   ^
/home/ec2-user/arduino-testlib/cli-datadir/user/libraries/Tone/Tone.cpp:284:27: note: in expansion of macro &#39;portOutputRegister&#39;
         timer0_pin_port = portOutputRegister(digitalPinToPort(_pin));
                           ^~~~~~~~~~~~~~~~~~
/home/ec2-user/arduino-testlib/cli-datadir/user/libraries/Tone/Tone.cpp:294:9: error: &#39;TCCR1A&#39; was not declared in this scope
         TCCR1A = 0;
         ^~~~~~
/home/ec2-user/arduino-testlib/cli-datadir/user/libraries/Tone/Tone.cpp:294:9: note: suggested alternative: &#39;TCC1&#39;
         TCCR1A = 0;
         ^~~~~~
         TCC1
/home/ec2-user/arduino-testlib/cli-datadir/user/libraries/Tone/Tone.cpp:295:9: error: &#39;TCCR1B&#39; was not declared in this scope
         TCCR1B = 0;
         ^~~~~~
/home/ec2-user/arduino-testlib/cli-datadir/user/libraries/Tone/Tone.cpp:295:9: note: suggested alternative: &#39;TCC1&#39;
         TCCR1B = 0;
         ^~~~~~
         TCC1
In file included from /home/ec2-user/arduino-testlib/cli-datadir/data/packages/arduino/hardware/samd/1.8.12/cores/arduino/api/Interrupts.h:8:0,
                 from /home/ec2-user/arduino-testlib/cli-datadir/data/packages/arduino/hardware/samd/1.8.12/cores/arduino/api/ArduinoAPI.h:29,
                 from /home/ec2-user/arduino-testlib/cli-datadir/data/packages/arduino/hardware/samd/1.8.12/cores/arduino/Arduino.h:23,
                 from /home/ec2-user/arduino-testlib/cli-datadir/user/libraries/Tone/Tone.cpp:43:
/home/ec2-user/arduino-testlib/cli-datadir/user/libraries/Tone/Tone.cpp:296:26: error: &#39;WGM12&#39; was not declared in this scope
         bitWrite(TCCR1B, WGM12, 1);
                          ^
/home/ec2-user/arduino-testlib/cli-datadir/data/packages/arduino/hardware/samd/1.8.12/cores/arduino/api/Common.h:65:49: note: in definition of macro &#39;bitSet&#39;
 #define bitSet(value, bit) ((value) |= (1UL &lt;&lt; (bit)))
                                                 ^~~
/home/ec2-user/arduino-testlib/cli-datadir/user/libraries/Tone/Tone.cpp:296:9: note: in expansion of macro &#39;bitWrite&#39;
         bitWrite(TCCR1B, WGM12, 1);
         ^~~~~~~~
/home/ec2-user/arduino-testlib/cli-datadir/user/libraries/Tone/Tone.cpp:297:26: error: &#39;CS10&#39; was not declared in this scope
         bitWrite(TCCR1B, CS10, 1);
                          ^
/home/ec2-user/arduino-testlib/cli-datadir/data/packages/arduino/hardware/samd/1.8.12/cores/arduino/api/Common.h:65:49: note: in definition of macro &#39;bitSet&#39;
 #define bitSet(value, bit) ((value) |= (1UL &lt;&lt; (bit)))
                                                 ^~~
/home/ec2-user/arduino-testlib/cli-datadir/user/libraries/Tone/Tone.cpp:297:9: note: in expansion of macro &#39;bitWrite&#39;
         bitWrite(TCCR1B, CS10, 1);
         ^~~~~~~~
/home/ec2-user/arduino-testlib/cli-datadir/user/libraries/Tone/Tone.cpp:297:26: note: suggested alternative: &#39;SS1&#39;
         bitWrite(TCCR1B, CS10, 1);
                          ^
/home/ec2-user/arduino-testlib/cli-datadir/data/packages/arduino/hardware/samd/1.8.12/cores/arduino/api/Common.h:65:49: note: in definition of macro &#39;bitSet&#39;
 #define bitSet(value, bit) ((value) |= (1UL &lt;&lt; (bit)))
                                                 ^~~
/home/ec2-user/arduino-testlib/cli-datadir/user/libraries/Tone/Tone.cpp:297:9: note: in expansion of macro &#39;bitWrite&#39;
         bitWrite(TCCR1B, CS10, 1);
         ^~~~~~~~
In file included from /home/ec2-user/arduino-testlib/cli-datadir/data/packages/arduino/hardware/samd/1.8.12/cores/arduino/Arduino.h:51:0,
                 from /home/ec2-user/arduino-testlib/cli-datadir/user/libraries/Tone/Tone.cpp:43:
/home/ec2-user/arduino-testlib/cli-datadir/data/packages/arduino/hardware/samd/1.8.12/variants/mkrwifi1010/variant.h:52:51: error: cannot convert &#39;volatile uint32_t* {aka volatile long unsigned int*}&#39; to &#39;volatile uint8_t* {aka volatile unsigned char*}&#39; in assignment
 #define portOutputRegister(port) (&amp;(port-&gt;OUT.reg))
                                                   ^
/home/ec2-user/arduino-testlib/cli-datadir/user/libraries/Tone/Tone.cpp:298:27: note: in expansion of macro &#39;portOutputRegister&#39;
         timer1_pin_port = portOutputRegister(digitalPinToPort(_pin));
                           ^~~~~~~~~~~~~~~~~~
/home/ec2-user/arduino-testlib/cli-datadir/user/libraries/Tone/Tone.cpp:306:9: error: &#39;TCCR2A&#39; was not declared in this scope
         TCCR2A = 0;
         ^~~~~~
/home/ec2-user/arduino-testlib/cli-datadir/user/libraries/Tone/Tone.cpp:306:9: note: suggested alternative: &#39;TCC2&#39;
         TCCR2A = 0;
         ^~~~~~
         TCC2
/home/ec2-user/arduino-testlib/cli-datadir/user/libraries/Tone/Tone.cpp:307:9: error: &#39;TCCR2B&#39; was not declared in this scope
         TCCR2B = 0;
         ^~~~~~
/home/ec2-user/arduino-testlib/cli-datadir/user/libraries/Tone/Tone.cpp:307:9: note: suggested alternative: &#39;TCC2&#39;
         TCCR2B = 0;
         ^~~~~~
         TCC2
In file included from /home/ec2-user/arduino-testlib/cli-datadir/data/packages/arduino/hardware/samd/1.8.12/cores/arduino/api/Interrupts.h:8:0,
                 from /home/ec2-user/arduino-testlib/cli-datadir/data/packages/arduino/hardware/samd/1.8.12/cores/arduino/api/ArduinoAPI.h:29,
                 from /home/ec2-user/arduino-testlib/cli-datadir/data/packages/arduino/hardware/samd/1.8.12/cores/arduino/Arduino.h:23,
                 from /home/ec2-user/arduino-testlib/cli-datadir/user/libraries/Tone/Tone.cpp:43:
/home/ec2-user/arduino-testlib/cli-datadir/user/libraries/Tone/Tone.cpp:308:26: error: &#39;WGM21&#39; was not declared in this scope
         bitWrite(TCCR2A, WGM21, 1);
           </pre>

					
					<h4>examples/DTMFTest</h4>
					<p>
						Result: <b>FAIL</b>
					</p>
					<pre class="pre-scrollable">WARNING: library Tone claims to run on avr architecture(s) and may be incompatible with your current board which runs on samd architecture(s).
/home/ec2-user/arduino-testlib/cli-datadir/user/libraries/Tone/Tone.cpp:126:4: error: expected constructor, destructor, or type conversion before &#39;(&#39; token
 ISR(TIMER0_COMPA_vect)
    ^
/home/ec2-user/arduino-testlib/cli-datadir/user/libraries/Tone/Tone.cpp:149:4: error: expected constructor, destructor, or type conversion before &#39;(&#39; token
 ISR(TIMER1_COMPA_vect)
    ^
/home/ec2-user/arduino-testlib/cli-datadir/user/libraries/Tone/Tone.cpp:171:4: error: expected constructor, destructor, or type conversion before &#39;(&#39; token
 ISR(TIMER2_COMPA_vect)
    ^
/home/ec2-user/arduino-testlib/cli-datadir/user/libraries/Tone/Tone.cpp: In member function &#39;void Tone::begin(uint8_t)&#39;:
/home/ec2-user/arduino-testlib/cli-datadir/user/libraries/Tone/Tone.cpp:280:9: error: &#39;TCCR0A&#39; was not declared in this scope
         TCCR0A = 0;
         ^~~~~~
/home/ec2-user/arduino-testlib/cli-datadir/user/libraries/Tone/Tone.cpp:280:9: note: suggested alternative: &#39;TCC0&#39;
         TCCR0A = 0;
         ^~~~~~
         TCC0
/home/ec2-user/arduino-testlib/cli-datadir/user/libraries/Tone/Tone.cpp:281:9: error: &#39;TCCR0B&#39; was not declared in this scope
         TCCR0B = 0;
         ^~~~~~
/home/ec2-user/arduino-testlib/cli-datadir/user/libraries/Tone/Tone.cpp:281:9: note: suggested alternative: &#39;TCC0&#39;
         TCCR0B = 0;
         ^~~~~~
         TCC0
In file included from /home/ec2-user/arduino-testlib/cli-datadir/data/packages/arduino/hardware/samd/1.8.12/cores/arduino/api/Interrupts.h:8:0,
                 from /home/ec2-user/arduino-testlib/cli-datadir/data/packages/arduino/hardware/samd/1.8.12/cores/arduino/api/ArduinoAPI.h:29,
                 from /home/ec2-user/arduino-testlib/cli-datadir/data/packages/arduino/hardware/samd/1.8.12/cores/arduino/Arduino.h:23,
                 from /home/ec2-user/arduino-testlib/cli-datadir/user/libraries/Tone/Tone.cpp:43:
/home/ec2-user/arduino-testlib/cli-datadir/user/libraries/Tone/Tone.cpp:282:26: error: &#39;WGM01&#39; was not declared in this scope
         bitWrite(TCCR0A, WGM01, 1);
                          ^
/home/ec2-user/arduino-testlib/cli-datadir/data/packages/arduino/hardware/samd/1.8.12/cores/arduino/api/Common.h:65:49: note: in definition of macro &#39;bitSet&#39;
 #define bitSet(value, bit) ((value) |= (1UL &lt;&lt; (bit)))
                                                 ^~~
/home/ec2-user/arduino-testlib/cli-datadir/user/libraries/Tone/Tone.cpp:282:9: note: in expansion of macro &#39;bitWrite&#39;
         bitWrite(TCCR0A, WGM01, 1);
         ^~~~~~~~
/home/ec2-user/arduino-testlib/cli-datadir/user/libraries/Tone/Tone.cpp:283:26: error: &#39;CS00&#39; was not declared in this scope
         bitWrite(TCCR0B, CS00, 1);
                          ^
/home/ec2-user/arduino-testlib/cli-datadir/data/packages/arduino/hardware/samd/1.8.12/cores/arduino/api/Common.h:65:49: note: in definition of macro &#39;bitSet&#39;
 #define bitSet(value, bit) ((value) |= (1UL &lt;&lt; (bit)))
                                                 ^~~
/home/ec2-user/arduino-testlib/cli-datadir/user/libraries/Tone/Tone.cpp:283:9: note: in expansion of macro &#39;bitWrite&#39;
         bitWrite(TCCR0B, CS00, 1);
         ^~~~~~~~
/home/ec2-user/arduino-testlib/cli-datadir/user/libraries/Tone/Tone.cpp:283:26: note: suggested alternative: &#39;B100&#39;
         bitWrite(TCCR0B, CS00, 1);
                          ^
/home/ec2-user/arduino-testlib/cli-datadir/data/packages/arduino/hardware/samd/1.8.12/cores/arduino/api/Common.h:65:49: note: in definition of macro &#39;bitSet&#39;
 #define bitSet(value, bit) ((value) |= (1UL &lt;&lt; (bit)))
                                                 ^~~
/home/ec2-user/arduino-testlib/cli-datadir/user/libraries/Tone/Tone.cpp:283:9: note: in expansion of macro &#39;bitWrite&#39;
         bitWrite(TCCR0B, CS00, 1);
         ^~~~~~~~
In file included from /home/ec2-user/arduino-testlib/cli-datadir/data/packages/arduino/hardware/samd/1.8.12/cores/arduino/Arduino.h:51:0,
                 from /home/ec2-user/arduino-testlib/cli-datadir/user/libraries/Tone/Tone.cpp:43:
/home/ec2-user/arduino-testlib/cli-datadir/data/packages/arduino/hardware/samd/1.8.12/variants/mkrwifi1010/variant.h:52:51: error: cannot convert &#39;volatile uint32_t* {aka volatile long unsigned int*}&#39; to &#39;volatile uint8_t* {aka volatile unsigned char*}&#39; in assignment
 #define portOutputRegister(port) (&amp;(port-&gt;OUT.reg))
                                                   ^
/home/ec2-user/arduino-testlib/cli-datadir/user/libraries/Tone/Tone.cpp:284:27: note: in expansion of macro &#39;portOutputRegister&#39;
         timer0_pin_port = portOutputRegister(digitalPinToPort(_pin));
                           ^~~~~~~~~~~~~~~~~~
/home/ec2-user/arduino-testlib/cli-datadir/user/libraries/Tone/Tone.cpp:294:9: error: &#39;TCCR1A&#39; was not declared in this scope
         TCCR1A = 0;
         ^~~~~~
/home/ec2-user/arduino-testlib/cli-datadir/user/libraries/Tone/Tone.cpp:294:9: note: suggested alternative: &#39;TCC1&#39;
         TCCR1A = 0;
         ^~~~~~
         TCC1
/home/ec2-user/arduino-testlib/cli-datadir/user/libraries/Tone/Tone.cpp:295:9: error: &#39;TCCR1B&#39; was not declared in this scope
         TCCR1B = 0;
         ^~~~~~
/home/ec2-user/arduino-testlib/cli-datadir/user/libraries/Tone/Tone.cpp:295:9: note: suggested alternative: &#39;TCC1&#39;
         TCCR1B = 0;
         ^~~~~~
         TCC1
In file included from /home/ec2-user/arduino-testlib/cli-datadir/data/packages/arduino/hardware/samd/1.8.12/cores/arduino/api/Interrupts.h:8:0,
                 from /home/ec2-user/arduino-testlib/cli-datadir/data/packages/arduino/hardware/samd/1.8.12/cores/arduino/api/ArduinoAPI.h:29,
                 from /home/ec2-user/arduino-testlib/cli-datadir/data/packages/arduino/hardware/samd/1.8.12/cores/arduino/Arduino.h:23,
                 from /home/ec2-user/arduino-testlib/cli-datadir/user/libraries/Tone/Tone.cpp:43:
/home/ec2-user/arduino-testlib/cli-datadir/user/libraries/Tone/Tone.cpp:296:26: error: &#39;WGM12&#39; was not declared in this scope
         bitWrite(TCCR1B, WGM12, 1);
                          ^
/home/ec2-user/arduino-testlib/cli-datadir/data/packages/arduino/hardware/samd/1.8.12/cores/arduino/api/Common.h:65:49: note: in definition of macro &#39;bitSet&#39;
 #define bitSet(value, bit) ((value) |= (1UL &lt;&lt; (bit)))
                                                 ^~~
/home/ec2-user/arduino-testlib/cli-datadir/user/libraries/Tone/Tone.cpp:296:9: note: in expansion of macro &#39;bitWrite&#39;
         bitWrite(TCCR1B, WGM12, 1);
         ^~~~~~~~
/home/ec2-user/arduino-testlib/cli-datadir/user/libraries/Tone/Tone.cpp:297:26: error: &#39;CS10&#39; was not declared in this scope
         bitWrite(TCCR1B, CS10, 1);
                          ^
/home/ec2-user/arduino-testlib/cli-datadir/data/packages/arduino/hardware/samd/1.8.12/cores/arduino/api/Common.h:65:49: note: in definition of macro &#39;bitSet&#39;
 #define bitSet(value, bit) ((value) |= (1UL &lt;&lt; (bit)))
                                                 ^~~
/home/ec2-user/arduino-testlib/cli-datadir/user/libraries/Tone/Tone.cpp:297:9: note: in expansion of macro &#39;bitWrite&#39;
         bitWrite(TCCR1B, CS10, 1);
         ^~~~~~~~
/home/ec2-user/arduino-testlib/cli-datadir/user/libraries/Tone/Tone.cpp:297:26: note: suggested alternative: &#39;SS1&#39;
         bitWrite(TCCR1B, CS10, 1);
                          ^
/home/ec2-user/arduino-testlib/cli-datadir/data/packages/arduino/hardware/samd/1.8.12/cores/arduino/api/Common.h:65:49: note: in definition of macro &#39;bitSet&#39;
 #define bitSet(value, bit) ((value) |= (1UL &lt;&lt; (bit)))
                                                 ^~~
/home/ec2-user/arduino-testlib/cli-datadir/user/libraries/Tone/Tone.cpp:297:9: note: in expansion of macro &#39;bitWrite&#39;
         bitWrite(TCCR1B, CS10, 1);
         ^~~~~~~~
In file included from /home/ec2-user/arduino-testlib/cli-datadir/data/packages/arduino/hardware/samd/1.8.12/cores/arduino/Arduino.h:51:0,
                 from /home/ec2-user/arduino-testlib/cli-datadir/user/libraries/Tone/Tone.cpp:43:
/home/ec2-user/arduino-testlib/cli-datadir/data/packages/arduino/hardware/samd/1.8.12/variants/mkrwifi1010/variant.h:52:51: error: cannot convert &#39;volatile uint32_t* {aka volatile long unsigned int*}&#39; to &#39;volatile uint8_t* {aka volatile unsigned char*}&#39; in assignment
 #define portOutputRegister(port) (&amp;(port-&gt;OUT.reg))
                                                   ^
/home/ec2-user/arduino-testlib/cli-datadir/user/libraries/Tone/Tone.cpp:298:27: note: in expansion of macro &#39;portOutputRegister&#39;
         timer1_pin_port = portOutputRegister(digitalPinToPort(_pin));
                           ^~~~~~~~~~~~~~~~~~
/home/ec2-user/arduino-testlib/cli-datadir/user/libraries/Tone/Tone.cpp:306:9: error: &#39;TCCR2A&#39; was not declared in this scope
         TCCR2A = 0;
         ^~~~~~
/home/ec2-user/arduino-testlib/cli-datadir/user/libraries/Tone/Tone.cpp:306:9: note: suggested alternative: &#39;TCC2&#39;
         TCCR2A = 0;
         ^~~~~~
         TCC2
/home/ec2-user/arduino-testlib/cli-datadir/user/libraries/Tone/Tone.cpp:307:9: error: &#39;TCCR2B&#39; was not declared in this scope
         TCCR2B = 0;
         ^~~~~~
/home/ec2-user/arduino-testlib/cli-datadir/user/libraries/Tone/Tone.cpp:307:9: note: suggested alternative: &#39;TCC2&#39;
         TCCR2B = 0;
         ^~~~~~
         TCC2
In file included from /home/ec2-user/arduino-testlib/cli-datadir/data/packages/arduino/hardware/samd/1.8.12/cores/arduino/api/Interrupts.h:8:0,
                 from /home/ec2-user/arduino-testlib/cli-datadir/data/packages/arduino/hardware/samd/1.8.12/cores/arduino/api/ArduinoAPI.h:29,
                 from /home/ec2-user/arduino-testlib/cli-datadir/data/packages/arduino/hardware/samd/1.8.12/cores/arduino/Arduino.h:23,
                 from /home/ec2-user/arduino-testlib/cli-datadir/user/libraries/Tone/Tone.cpp:43:
/home/ec2-user/arduino-testlib/cli-datadir/user/libraries/Tone/Tone.cpp:308:26: error: &#39;WGM21&#39; was not declared in this scope
         bitWrite(TCCR2A, WGM21, 1);
           </pre>
					
					<h4>examples/RTTTL</h4>
					<p>
						Result: <b>FAIL</b>
					</p>
					<pre class="pre-scrollable">WARNING: library Tone claims to run on avr architecture(s) and may be incompatible with your current board which runs on samd architecture(s).
/home/ec2-user/arduino-testlib/cli-datadir/user/libraries/Tone/Tone.cpp:126:4: error: expected constructor, destructor, or type conversion before &#39;(&#39; token
 ISR(TIMER0_COMPA_vect)
    ^
/home/ec2-user/arduino-testlib/cli-datadir/user/libraries/Tone/Tone.cpp:149:4: error: expected constructor, destructor, or type conversion before &#39;(&#39; token
 ISR(TIMER1_COMPA_vect)
    ^
/home/ec2-user/arduino-testlib/cli-datadir/user/libraries/Tone/Tone.cpp:171:4: error: expected constructor, destructor, or type conversion before &#39;(&#39; token
 ISR(TIMER2_COMPA_vect)
    ^
/home/ec2-user/arduino-testlib/cli-datadir/user/libraries/Tone/Tone.cpp: In member function &#39;void Tone::begin(uint8_t)&#39;:
/home/ec2-user/arduino-testlib/cli-datadir/user/libraries/Tone/Tone.cpp:280:9: error: &#39;TCCR0A&#39; was not declared in this scope
         TCCR0A = 0;
         ^~~~~~
/home/ec2-user/arduino-testlib/cli-datadir/user/libraries/Tone/Tone.cpp:280:9: note: suggested alternative: &#39;TCC0&#39;
         TCCR0A = 0;
         ^~~~~~
         TCC0
/home/ec2-user/arduino-testlib/cli-datadir/user/libraries/Tone/Tone.cpp:281:9: error: &#39;TCCR0B&#39; was not declared in this scope
         TCCR0B = 0;
         ^~~~~~
/home/ec2-user/arduino-testlib/cli-datadir/user/libraries/Tone/Tone.cpp:281:9: note: suggested alternative: &#39;TCC0&#39;
         TCCR0B = 0;
         ^~~~~~
         TCC0
In file included from /home/ec2-user/arduino-testlib/cli-datadir/data/packages/arduino/hardware/samd/1.8.12/cores/arduino/api/Interrupts.h:8:0,
                 from /home/ec2-user/arduino-testlib/cli-datadir/data/packages/arduino/hardware/samd/1.8.12/cores/arduino/api/ArduinoAPI.h:29,
                 from /home/ec2-user/arduino-testlib/cli-datadir/data/packages/arduino/hardware/samd/1.8.12/cores/arduino/Arduino.h:23,
                 from /home/ec2-user/arduino-testlib/cli-datadir/user/libraries/Tone/Tone.cpp:43:
/home/ec2-user/arduino-testlib/cli-datadir/user/libraries/Tone/Tone.cpp:282:26: error: &#39;WGM01&#39; was not declared in this scope
         bitWrite(TCCR0A, WGM01, 1);
                          ^
/home/ec2-user/arduino-testlib/cli-datadir/data/packages/arduino/hardware/samd/1.8.12/cores/arduino/api/Common.h:65:49: note: in definition of macro &#39;bitSet&#39;
 #define bitSet(value, bit) ((value) |= (1UL &lt;&lt; (bit)))
                                                 ^~~
/home/ec2-user/arduino-testlib/cli-datadir/user/libraries/Tone/Tone.cpp:282:9: note: in expansion of macro &#39;bitWrite&#39;
         bitWrite(TCCR0A, WGM01, 1);
         ^~~~~~~~
/home/ec2-user/arduino-testlib/cli-datadir/user/libraries/Tone/Tone.cpp:283:26: error: &#39;CS00&#39; was not declared in this scope
         bitWrite(TCCR0B, CS00, 1);
                          ^
/home/ec2-user/arduino-testlib/cli-datadir/data/packages/arduino/hardware/samd/1.8.12/cores/arduino/api/Common.h:65:49: note: in definition of macro &#39;bitSet&#39;
 #define bitSet(value, bit) ((value) |= (1UL &lt;&lt; (bit)))
                                                 ^~~
/home/ec2-user/arduino-testlib/cli-datadir/user/libraries/Tone/Tone.cpp:283:9: note: in expansion of macro &#39;bitWrite&#39;
         bitWrite(TCCR0B, CS00, 1);
         ^~~~~~~~
/home/ec2-user/arduino-testlib/cli-datadir/user/libraries/Tone/Tone.cpp:283:26: note: suggested alternative: &#39;B100&#39;
         bitWrite(TCCR0B, CS00, 1);
                          ^
/home/ec2-user/arduino-testlib/cli-datadir/data/packages/arduino/hardware/samd/1.8.12/cores/arduino/api/Common.h:65:49: note: in definition of macro &#39;bitSet&#39;
 #define bitSet(value, bit) ((value) |= (1UL &lt;&lt; (bit)))
                                                 ^~~
/home/ec2-user/arduino-testlib/cli-datadir/user/libraries/Tone/Tone.cpp:283:9: note: in expansion of macro &#39;bitWrite&#39;
         bitWrite(TCCR0B, CS00, 1);
         ^~~~~~~~
In file included from /home/ec2-user/arduino-testlib/cli-datadir/data/packages/arduino/hardware/samd/1.8.12/cores/arduino/Arduino.h:51:0,
                 from /home/ec2-user/arduino-testlib/cli-datadir/user/libraries/Tone/Tone.cpp:43:
/home/ec2-user/arduino-testlib/cli-datadir/data/packages/arduino/hardware/samd/1.8.12/variants/mkrwifi1010/variant.h:52:51: error: cannot convert &#39;volatile uint32_t* {aka volatile long unsigned int*}&#39; to &#39;volatile uint8_t* {aka volatile unsigned char*}&#39; in assignment
 #define portOutputRegister(port) (&amp;(port-&gt;OUT.reg))
                                                   ^
/home/ec2-user/arduino-testlib/cli-datadir/user/libraries/Tone/Tone.cpp:284:27: note: in expansion of macro &#39;portOutputRegister&#39;
         timer0_pin_port = portOutputRegister(digitalPinToPort(_pin));
                           ^~~~~~~~~~~~~~~~~~
/home/ec2-user/arduino-testlib/cli-datadir/user/libraries/Tone/Tone.cpp:294:9: error: &#39;TCCR1A&#39; was not declared in this scope
         TCCR1A = 0;
         ^~~~~~
/home/ec2-user/arduino-testlib/cli-datadir/user/libraries/Tone/Tone.cpp:294:9: note: suggested alternative: &#39;TCC1&#39;
         TCCR1A = 0;
         ^~~~~~
         TCC1
/home/ec2-user/arduino-testlib/cli-datadir/user/libraries/Tone/Tone.cpp:295:9: error: &#39;TCCR1B&#39; was not declared in this scope
         TCCR1B = 0;
         ^~~~~~
/home/ec2-user/arduino-testlib/cli-datadir/user/libraries/Tone/Tone.cpp:295:9: note: suggested alternative: &#39;TCC1&#39;
         TCCR1B = 0;
         ^~~~~~
         TCC1
In file included from /home/ec2-user/arduino-testlib/cli-datadir/data/packages/arduino/hardware/samd/1.8.12/cores/arduino/api/Interrupts.h:8:0,
                 from /home/ec2-user/arduino-testlib/cli-datadir/data/packages/arduino/hardware/samd/1.8.12/cores/arduino/api/ArduinoAPI.h:29,
                 from /home/ec2-user/arduino-testlib/cli-datadir/data/packages/arduino/hardware/samd/1.8.12/cores/arduino/Arduino.h:23,
                 from /home/ec2-user/arduino-testlib/cli-datadir/user/libraries/Tone/Tone.cpp:43:
/home/ec2-user/arduino-testlib/cli-datadir/user/libraries/Tone/Tone.cpp:296:26: error: &#39;WGM12&#39; was not declared in this scope
         bitWrite(TCCR1B, WGM12, 1);
                          ^
/home/ec2-user/arduino-testlib/cli-datadir/data/packages/arduino/hardware/samd/1.8.12/cores/arduino/api/Common.h:65:49: note: in definition of macro &#39;bitSet&#39;
 #define bitSet(value, bit) ((value) |= (1UL &lt;&lt; (bit)))
                                                 ^~~
/home/ec2-user/arduino-testlib/cli-datadir/user/libraries/Tone/Tone.cpp:296:9: note: in expansion of macro &#39;bitWrite&#39;
         bitWrite(TCCR1B, WGM12, 1);
         ^~~~~~~~
/home/ec2-user/arduino-testlib/cli-datadir/user/libraries/Tone/Tone.cpp:297:26: error: &#39;CS10&#39; was not declared in this scope
         bitWrite(TCCR1B, CS10, 1);
                          ^
/home/ec2-user/arduino-testlib/cli-datadir/data/packages/arduino/hardware/samd/1.8.12/cores/arduino/api/Common.h:65:49: note: in definition of macro &#39;bitSet&#39;
 #define bitSet(value, bit) ((value) |= (1UL &lt;&lt; (bit)))
                                                 ^~~
/home/ec2-user/arduino-testlib/cli-datadir/user/libraries/Tone/Tone.cpp:297:9: note: in expansion of macro &#39;bitWrite&#39;
         bitWrite(TCCR1B, CS10, 1);
         ^~~~~~~~
/home/ec2-user/arduino-testlib/cli-datadir/user/libraries/Tone/Tone.cpp:297:26: note: suggested alternative: &#39;SS1&#39;
         bitWrite(TCCR1B, CS10, 1);
                          ^
/home/ec2-user/arduino-testlib/cli-datadir/data/packages/arduino/hardware/samd/1.8.12/cores/arduino/api/Common.h:65:49: note: in definition of macro &#39;bitSet&#39;
 #define bitSet(value, bit) ((value) |= (1UL &lt;&lt; (bit)))
                                                 ^~~
/home/ec2-user/arduino-testlib/cli-datadir/user/libraries/Tone/Tone.cpp:297:9: note: in expansion of macro &#39;bitWrite&#39;
         bitWrite(TCCR1B, CS10, 1);
         ^~~~~~~~
In file included from /home/ec2-user/arduino-testlib/cli-datadir/data/packages/arduino/hardware/samd/1.8.12/cores/arduino/Arduino.h:51:0,
                 from /home/ec2-user/arduino-testlib/cli-datadir/user/libraries/Tone/Tone.cpp:43:
/home/ec2-user/arduino-testlib/cli-datadir/data/packages/arduino/hardware/samd/1.8.12/variants/mkrwifi1010/variant.h:52:51: error: cannot convert &#39;volatile uint32_t* {aka volatile long unsigned int*}&#39; to &#39;volatile uint8_t* {aka volatile unsigned char*}&#39; in assignment
 #define portOutputRegister(port) (&amp;(port-&gt;OUT.reg))
                                                   ^
/home/ec2-user/arduino-testlib/cli-datadir/user/libraries/Tone/Tone.cpp:298:27: note: in expansion of macro &#39;portOutputRegister&#39;
         timer1_pin_port = portOutputRegister(digitalPinToPort(_pin));
                           ^~~~~~~~~~~~~~~~~~
/home/ec2-user/arduino-testlib/cli-datadir/user/libraries/Tone/Tone.cpp:306:9: error: &#39;TCCR2A&#39; was not declared in this scope
         TCCR2A = 0;
         ^~~~~~
/home/ec2-user/arduino-testlib/cli-datadir/user/libraries/Tone/Tone.cpp:306:9: note: suggested alternative: &#39;TCC2&#39;
         TCCR2A = 0;
         ^~~~~~
         TCC2
/home/ec2-user/arduino-testlib/cli-datadir/user/libraries/Tone/Tone.cpp:307:9: error: &#39;TCCR2B&#39; was not declared in this scope
         TCCR2B = 0;
         ^~~~~~
/home/ec2-user/arduino-testlib/cli-datadir/user/libraries/Tone/Tone.cpp:307:9: note: suggested alternative: &#39;TCC2&#39;
         TCCR2B = 0;
         ^~~~~~
         TCC2
In file included from /home/ec2-user/arduino-testlib/cli-datadir/data/packages/arduino/hardware/samd/1.8.12/cores/arduino/api/Interrupts.h:8:0,
                 from /home/ec2-user/arduino-testlib/cli-datadir/data/packages/arduino/hardware/samd/1.8.12/cores/arduino/api/ArduinoAPI.h:29,
                 from /home/ec2-user/arduino-testlib/cli-datadir/data/packages/arduino/hardware/samd/1.8.12/cores/arduino/Arduino.h:23,
                 from /home/ec2-user/arduino-testlib/cli-datadir/user/libraries/Tone/Tone.cpp:43:
/home/ec2-user/arduino-testlib/cli-datadir/user/libraries/Tone/Tone.cpp:308:26: error: &#39;WGM21&#39; was not declared in this scope
         bitWrite(TCCR2A, WGM21, 1);
           </pre>
					
					<h4>examples/ToneTest</h4>
					<p>
						Result: <b>FAIL</b>
					</p>
					<pre class="pre-scrollable">WARNING: library Tone claims to run on avr architecture(s) and may be incompatible with your current board which runs on samd architecture(s).
/home/ec2-user/arduino-testlib/cli-datadir/user/libraries/Tone/Tone.cpp:126:4: error: expected constructor, destructor, or type conversion before &#39;(&#39; token
 ISR(TIMER0_COMPA_vect)
    ^
/home/ec2-user/arduino-testlib/cli-datadir/user/libraries/Tone/Tone.cpp:149:4: error: expected constructor, destructor, or type conversion before &#39;(&#39; token
 ISR(TIMER1_COMPA_vect)
    ^
/home/ec2-user/arduino-testlib/cli-datadir/user/libraries/Tone/Tone.cpp:171:4: error: expected constructor, destructor, or type conversion before &#39;(&#39; token
 ISR(TIMER2_COMPA_vect)
    ^
/home/ec2-user/arduino-testlib/cli-datadir/user/libraries/Tone/Tone.cpp: In member function &#39;void Tone::begin(uint8_t)&#39;:
/home/ec2-user/arduino-testlib/cli-datadir/user/libraries/Tone/Tone.cpp:280:9: error: &#39;TCCR0A&#39; was not declared in this scope
         TCCR0A = 0;
         ^~~~~~
/home/ec2-user/arduino-testlib/cli-datadir/user/libraries/Tone/Tone.cpp:280:9: note: suggested alternative: &#39;TCC0&#39;
         TCCR0A = 0;
         ^~~~~~
         TCC0
/home/ec2-user/arduino-testlib/cli-datadir/user/libraries/Tone/Tone.cpp:281:9: error: &#39;TCCR0B&#39; was not declared in this scope
         TCCR0B = 0;
         ^~~~~~
/home/ec2-user/arduino-testlib/cli-datadir/user/libraries/Tone/Tone.cpp:281:9: note: suggested alternative: &#39;TCC0&#39;
         TCCR0B = 0;
         ^~~~~~
         TCC0
In file included from /home/ec2-user/arduino-testlib/cli-datadir/data/packages/arduino/hardware/samd/1.8.12/cores/arduino/api/Interrupts.h:8:0,
                 from /home/ec2-user/arduino-testlib/cli-datadir/data/packages/arduino/hardware/samd/1.8.12/cores/arduino/api/ArduinoAPI.h:29,
                 from /home/ec2-user/arduino-testlib/cli-datadir/data/packages/arduino/hardware/samd/1.8.12/cores/arduino/Arduino.h:23,
                 from /home/ec2-user/arduino-testlib/cli-datadir/user/libraries/Tone/Tone.cpp:43:
/home/ec2-user/arduino-testlib/cli-datadir/user/libraries/Tone/Tone.cpp:282:26: error: &#39;WGM01&#39; was not declared in this scope
         bitWrite(TCCR0A, WGM01, 1);
                          ^
/home/ec2-user/arduino-testlib/cli-datadir/data/packages/arduino/hardware/samd/1.8.12/cores/arduino/api/Common.h:65:49: note: in definition of macro &#39;bitSet&#39;
 #define bitSet(value, bit) ((value) |= (1UL &lt;&lt; (bit)))
                                                 ^~~
/home/ec2-user/arduino-testlib/cli-datadir/user/libraries/Tone/Tone.cpp:282:9: note: in expansion of macro &#39;bitWrite&#39;
         bitWrite(TCCR0A, WGM01, 1);
         ^~~~~~~~
/home/ec2-user/arduino-testlib/cli-datadir/user/libraries/Tone/Tone.cpp:283:26: error: &#39;CS00&#39; was not declared in this scope
         bitWrite(TCCR0B, CS00, 1);
                          ^
/home/ec2-user/arduino-testlib/cli-datadir/data/packages/arduino/hardware/samd/1.8.12/cores/arduino/api/Common.h:65:49: note: in definition of macro &#39;bitSet&#39;
 #define bitSet(value, bit) ((value) |= (1UL &lt;&lt; (bit)))
                                                 ^~~
/home/ec2-user/arduino-testlib/cli-datadir/user/libraries/Tone/Tone.cpp:283:9: note: in expansion of macro &#39;bitWrite&#39;
         bitWrite(TCCR0B, CS00, 1);
         ^~~~~~~~
/home/ec2-user/arduino-testlib/cli-datadir/user/libraries/Tone/Tone.cpp:283:26: note: suggested alternative: &#39;B100&#39;
         bitWrite(TCCR0B, CS00, 1);
                          ^
/home/ec2-user/arduino-testlib/cli-datadir/data/packages/arduino/hardware/samd/1.8.12/cores/arduino/api/Common.h:65:49: note: in definition of macro &#39;bitSet&#39;
 #define bitSet(value, bit) ((value) |= (1UL &lt;&lt; (bit)))
                                                 ^~~
/home/ec2-user/arduino-testlib/cli-datadir/user/libraries/Tone/Tone.cpp:283:9: note: in expansion of macro &#39;bitWrite&#39;
         bitWrite(TCCR0B, CS00, 1);
         ^~~~~~~~
In file included from /home/ec2-user/arduino-testlib/cli-datadir/data/packages/arduino/hardware/samd/1.8.12/cores/arduino/Arduino.h:51:0,
                 from /home/ec2-user/arduino-testlib/cli-datadir/user/libraries/Tone/Tone.cpp:43:
/home/ec2-user/arduino-testlib/cli-datadir/data/packages/arduino/hardware/samd/1.8.12/variants/mkrwifi1010/variant.h:52:51: error: cannot convert &#39;volatile uint32_t* {aka volatile long unsigned int*}&#39; to &#39;volatile uint8_t* {aka volatile unsigned char*}&#39; in assignment
 #define portOutputRegister(port) (&amp;(port-&gt;OUT.reg))
                                                   ^
/home/ec2-user/arduino-testlib/cli-datadir/user/libraries/Tone/Tone.cpp:284:27: note: in expansion of macro &#39;portOutputRegister&#39;
         timer0_pin_port = portOutputRegister(digitalPinToPort(_pin));
                           ^~~~~~~~~~~~~~~~~~
/home/ec2-user/arduino-testlib/cli-datadir/user/libraries/Tone/Tone.cpp:294:9: error: &#39;TCCR1A&#39; was not declared in this scope
         TCCR1A = 0;
         ^~~~~~
/home/ec2-user/arduino-testlib/cli-datadir/user/libraries/Tone/Tone.cpp:294:9: note: suggested alternative: &#39;TCC1&#39;
         TCCR1A = 0;
         ^~~~~~
         TCC1
/home/ec2-user/arduino-testlib/cli-datadir/user/libraries/Tone/Tone.cpp:295:9: error: &#39;TCCR1B&#39; was not declared in this scope
         TCCR1B = 0;
         ^~~~~~
/home/ec2-user/arduino-testlib/cli-datadir/user/libraries/Tone/Tone.cpp:295:9: note: suggested alternative: &#39;TCC1&#39;
         TCCR1B = 0;
         ^~~~~~
         TCC1
In file included from /home/ec2-user/arduino-testlib/cli-datadir/data/packages/arduino/hardware/samd/1.8.12/cores/arduino/api/Interrupts.h:8:0,
                 from /home/ec2-user/arduino-testlib/cli-datadir/data/packages/arduino/hardware/samd/1.8.12/cores/arduino/api/ArduinoAPI.h:29,
                 from /home/ec2-user/arduino-testlib/cli-datadir/data/packages/arduino/hardware/samd/1.8.12/cores/arduino/Arduino.h:23,
                 from /home/ec2-user/arduino-testlib/cli-datadir/user/libraries/Tone/Tone.cpp:43:
/home/ec2-user/arduino-testlib/cli-datadir/user/libraries/Tone/Tone.cpp:296:26: error: &#39;WGM12&#39; was not declared in this scope
         bitWrite(TCCR1B, WGM12, 1);
                          ^
/home/ec2-user/arduino-testlib/cli-datadir/data/packages/arduino/hardware/samd/1.8.12/cores/arduino/api/Common.h:65:49: note: in definition of macro &#39;bitSet&#39;
 #define bitSet(value, bit) ((value) |= (1UL &lt;&lt; (bit)))
                                                 ^~~
/home/ec2-user/arduino-testlib/cli-datadir/user/libraries/Tone/Tone.cpp:296:9: note: in expansion of macro &#39;bitWrite&#39;
         bitWrite(TCCR1B, WGM12, 1);
         ^~~~~~~~
/home/ec2-user/arduino-testlib/cli-datadir/user/libraries/Tone/Tone.cpp:297:26: error: &#39;CS10&#39; was not declared in this scope
         bitWrite(TCCR1B, CS10, 1);
                          ^
/home/ec2-user/arduino-testlib/cli-datadir/data/packages/arduino/hardware/samd/1.8.12/cores/arduino/api/Common.h:65:49: note: in definition of macro &#39;bitSet&#39;
 #define bitSet(value, bit) ((value) |= (1UL &lt;&lt; (bit)))
                                                 ^~~
/home/ec2-user/arduino-testlib/cli-datadir/user/libraries/Tone/Tone.cpp:297:9: note: in expansion of macro &#39;bitWrite&#39;
         bitWrite(TCCR1B, CS10, 1);
         ^~~~~~~~
/home/ec2-user/arduino-testlib/cli-datadir/user/libraries/Tone/Tone.cpp:297:26: note: suggested alternative: &#39;SS1&#39;
         bitWrite(TCCR1B, CS10, 1);
                          ^
/home/ec2-user/arduino-testlib/cli-datadir/data/packages/arduino/hardware/samd/1.8.12/cores/arduino/api/Common.h:65:49: note: in definition of macro &#39;bitSet&#39;
 #define bitSet(value, bit) ((value) |= (1UL &lt;&lt; (bit)))
                                                 ^~~
/home/ec2-user/arduino-testlib/cli-datadir/user/libraries/Tone/Tone.cpp:297:9: note: in expansion of macro &#39;bitWrite&#39;
         bitWrite(TCCR1B, CS10, 1);
         ^~~~~~~~
In file included from /home/ec2-user/arduino-testlib/cli-datadir/data/packages/arduino/hardware/samd/1.8.12/cores/arduino/Arduino.h:51:0,
                 from /home/ec2-user/arduino-testlib/cli-datadir/user/libraries/Tone/Tone.cpp:43:
/home/ec2-user/arduino-testlib/cli-datadir/data/packages/arduino/hardware/samd/1.8.12/variants/mkrwifi1010/variant.h:52:51: error: cannot convert &#39;volatile uint32_t* {aka volatile long unsigned int*}&#39; to &#39;volatile uint8_t* {aka volatile unsigned char*}&#39; in assignment
 #define portOutputRegister(port) (&amp;(port-&gt;OUT.reg))
                                                   ^
/home/ec2-user/arduino-testlib/cli-datadir/user/libraries/Tone/Tone.cpp:298:27: note: in expansion of macro &#39;portOutputRegister&#39;
         timer1_pin_port = portOutputRegister(digitalPinToPort(_pin));
                           ^~~~~~~~~~~~~~~~~~
/home/ec2-user/arduino-testlib/cli-datadir/user/libraries/Tone/Tone.cpp:306:9: error: &#39;TCCR2A&#39; was not declared in this scope
         TCCR2A = 0;
         ^~~~~~
/home/ec2-user/arduino-testlib/cli-datadir/user/libraries/Tone/Tone.cpp:306:9: note: suggested alternative: &#39;TCC2&#39;
         TCCR2A = 0;
         ^~~~~~
         TCC2
/home/ec2-user/arduino-testlib/cli-datadir/user/libraries/Tone/Tone.cpp:307:9: error: &#39;TCCR2B&#39; was not declared in this scope
         TCCR2B = 0;
         ^~~~~~
/home/ec2-user/arduino-testlib/cli-datadir/user/libraries/Tone/Tone.cpp:307:9: note: suggested alternative: &#39;TCC2&#39;
         TCCR2B = 0;
         ^~~~~~
         TCC2
In file included from /home/ec2-user/arduino-testlib/cli-datadir/data/packages/arduino/hardware/samd/1.8.12/cores/arduino/api/Interrupts.h:8:0,
                 from /home/ec2-user/arduino-testlib/cli-datadir/data/packages/arduino/hardware/samd/1.8.12/cores/arduino/api/ArduinoAPI.h:29,
                 from /home/ec2-user/arduino-testlib/cli-datadir/data/packages/arduino/hardware/samd/1.8.12/cores/arduino/Arduino.h:23,
                 from /home/ec2-user/arduino-testlib/cli-datadir/user/libraries/Tone/Tone.cpp:43:
/home/ec2-user/arduino-testlib/cli-datadir/user/libraries/Tone/Tone.cpp:308:26: error: &#39;WGM21&#39; was not declared in this scope
         bitWrite(TCCR2A, WGM21, 1);
           </pre>
					
				
				<h3 id="esp32:esp32:d1_mini32">esp32:esp32:d1_mini32 @ 1.0.6</h3>
				<h4>Inclusion</h4>
				<p>
					Result: <b>FAIL</b>
					
				</p>
				<pre class="pre-scrollable">WARNING: library Tone claims to run on avr architecture(s) and may be incompatible with your current board which runs on esp32 architecture(s).
/home/ec2-user/arduino-testlib/cli-datadir/user/libraries/Tone/Tone.cpp:126:4: error: expected constructor, destructor, or type conversion before &#39;(&#39; token
 ISR(TIMER0_COMPA_vect)
    ^
Multiple libraries were found for &#34;Tone.h&#34;
  Used: /home/ec2-user/arduino-testlib/cli-datadir/user/libraries/Tone
  Not used: /home/ec2-user/arduino-testlib/cli-datadir/user/libraries/ToneLibrary
</pre>

					
					<h4>examples/DTMFTest</h4>
					<p>
						Result: <b>FAIL</b>
					</p>
					<pre class="pre-scrollable">WARNING: library Tone claims to run on avr architecture(s) and may be incompatible with your current board which runs on esp32 architecture(s).
/home/ec2-user/arduino-testlib/cli-datadir/user/libraries/Tone/Tone.cpp:126:4: error: expected constructor, destructor, or type conversion before &#39;(&#39; token
 ISR(TIMER0_COMPA_vect)
    ^
Multiple libraries were found for &#34;Tone.h&#34;
  Used: /home/ec2-user/arduino-testlib/cli-datadir/user/libraries/Tone
  Not used: /home/ec2-user/arduino-testlib/cli-datadir/user/libraries/ToneLibrary
</pre>
					
					<h4>examples/RTTTL</h4>
					<p>
						Result: <b>FAIL</b>
					</p>
					<pre class="pre-scrollable">WARNING: library Tone claims to run on avr architecture(s) and may be incompatible with your current board which runs on esp32 architecture(s).
/home/ec2-user/arduino-testlib/cli-datadir/user/libraries/Tone/Tone.cpp:126:4: error: expected constructor, destructor, or type conversion before &#39;(&#39; token
 ISR(TIMER0_COMPA_vect)
    ^
Multiple libraries were found for &#34;Tone.h&#34;
  Used: /home/ec2-user/arduino-testlib/cli-datadir/user/libraries/Tone
  Not used: /home/ec2-user/arduino-testlib/cli-datadir/user/libraries/ToneLibrary
</pre>
					
					<h4>examples/ToneTest</h4>
					<p>
						Result: <b>FAIL</b>
					</p>
					<pre class="pre-scrollable">WARNING: library Tone claims to run on avr architecture(s) and may be incompatible with your current board which runs on esp32 architecture(s).
/home/ec2-user/arduino-testlib/cli-datadir/user/libraries/Tone/Tone.cpp:126:4: error: expected constructor, destructor, or type conversion before &#39;(&#39; token
 ISR(TIMER0_COMPA_vect)
    ^
Multiple libraries were found for &#34;Tone.h&#34;
  Used: /home/ec2-user/arduino-testlib/cli-datadir/user/libraries/Tone
  Not used: /home/ec2-user/arduino-testlib/cli-datadir/user/libraries/ToneLibrary
</pre>
					
				
			</div>
		</div>
	</div>
  </body>
</html>
