
<!doctype html>
<html lang="en">
  <head>
    <meta charset="utf-8">
    <meta name="viewport" content="width=device-width, initial-scale=1">
    <link href="https://cdn.jsdelivr.net/npm/bootstrap@5.0.2/dist/css/bootstrap.min.css" rel="stylesheet" integrity="sha384-EVSTQN3/azprG1Anm3QDgpJLIm9Nao0Yz1ztcQTwFspd3yD65VohhpuuCOmLASjC" crossorigin="anonymous">
    <title>arduino-testlib report</title>
	<style>
	.pass { background-color: #00FF00 !important; }
	.fail { background-color: #FF0000 !important; }
	</style>
  </head>
  <body>
	<div class="container">
		<div class="row">
			<div class="col">
				<h1>TriangleSolverLib - compatibility matrix</h1>
				<p>
					<small>This report was generated on Wednesday, 23-Feb-22 22:48:15 CET using 
					<a href="https://github.com/alranel/arduino-testlib">arduino-testlib</a>.</small>
				</p>

				<h2>TriangleSolverLib</h2>
				<p>
					Version: <b>1.0.0</b>
					<br />
					<a href="https://www.arduino.cc/reference/en/libraries/trianglesolverlib/">More details</a>
				</p>

				<h2>Compatibility matrix</h2>
				<table class="table table-bordered">
					<tr>
						<th>Board</th>
						<th>Claims compatibility</th>
						<th>Inclusion</th>
						
						<th><pre>TriangleSolver</pre></th>
						
					</tr>
					
					<tr>
						<td>
							<a href="#arduino%3aavr%3auno"><b>arduino:avr:uno</b></a>
							<br />
							<small>1.8.4</small>
						</td>

						
							<td>Yes</td>
							<td class="pass">PASS</td>
						
						
						
						

						
							
								
									
										
											
											<td class="fail">FAIL</td>
										
									
								
							
								
							
								
							
								
							
								
							
						
					</tr>
					
					<tr>
						<td>
							<a href="#arduino%3ambed_nano%3ananorp2040connect"><b>arduino:mbed_nano:nanorp2040connect</b></a>
							<br />
							<small>2.7.2</small>
						</td>

						
						
						
							<td>Yes ⚠️</td>
							<td class="fail">FAIL</td>
						
						

						
							
								
							
								
									
										
											
											<td class="fail">FAIL</td>
										
									
								
							
								
							
								
							
								
							
						
					</tr>
					
					<tr>
						<td>
							<a href="#arduino%3amegaavr%3anona4809"><b>arduino:megaavr:nona4809</b></a>
							<br />
							<small>1.8.7</small>
						</td>

						
							<td>Yes</td>
							<td class="pass">PASS</td>
						
						
						
						

						
							
								
							
								
							
								
									
										
											
											<td class="fail">FAIL</td>
										
									
								
							
								
							
								
							
						
					</tr>
					
					<tr>
						<td>
							<a href="#arduino%3asamd%3amkrwifi1010"><b>arduino:samd:mkrwifi1010</b></a>
							<br />
							<small>1.8.12</small>
						</td>

						
						
						
							<td>Yes ⚠️</td>
							<td class="fail">FAIL</td>
						
						

						
							
								
							
								
							
								
							
								
									
										
											
											<td class="fail">FAIL</td>
										
									
								
							
								
							
						
					</tr>
					
					<tr>
						<td>
							<a href="#esp32%3aesp32%3ad1_mini32"><b>esp32:esp32:d1_mini32</b></a>
							<br />
							<small>1.0.6</small>
						</td>

						
						
						
							<td>Yes ⚠️</td>
							<td class="fail">FAIL</td>
						
						

						
							
								
							
								
							
								
							
								
							
								
									
										
											
											<td class="fail">FAIL</td>
										
									
								
							
						
					</tr>
					
				</table>

				<h2>Compilation logs</h2>
				
				<h3 id="arduino:avr:uno">arduino:avr:uno @ 1.8.4</h3>
				<h4>Inclusion</h4>
				<p>
					Result: <b>PASS</b>
					
				</p>
				<pre class="pre-scrollable">Sketch uses 1332 bytes (4%) of program storage space. Maximum is 32256 bytes.
Global variables use 184 bytes (8%) of dynamic memory, leaving 1864 bytes for local variables. Maximum is 2048 bytes.
</pre>

					
					<h4>examples/TriangleSolver</h4>
					<p>
						Result: <b>FAIL</b>
					</p>
					<pre class="pre-scrollable">/home/ec2-user/arduino-testlib/cli-datadir/user/libraries/TriangleSolverLib/examples/TriangleSolver/TriangleSolver.ino:10:1: error: &#39;TriangleSolver&#39; does not name a type
 TriangleSolver triang;
 ^~~~~~~~~~~~~~
/home/ec2-user/arduino-testlib/cli-datadir/user/libraries/TriangleSolverLib/examples/TriangleSolver/TriangleSolver.ino: In function &#39;void debug()&#39;:
/home/ec2-user/arduino-testlib/cli-datadir/user/libraries/TriangleSolverLib/examples/TriangleSolver/TriangleSolver.ino:14:17: error: &#39;triang&#39; was not declared in this scope
  Serial.println(triang.A, 4);
                 ^~~~~~
/home/ec2-user/arduino-testlib/cli-datadir/user/libraries/TriangleSolverLib/examples/TriangleSolver/TriangleSolver.ino:14:17: note: suggested alternative: &#39;String&#39;
  Serial.println(triang.A, 4);
                 ^~~~~~
                 String
/home/ec2-user/arduino-testlib/cli-datadir/user/libraries/TriangleSolverLib/examples/TriangleSolver/TriangleSolver.ino: In function &#39;void setup()&#39;:
/home/ec2-user/arduino-testlib/cli-datadir/user/libraries/TriangleSolverLib/examples/TriangleSolver/TriangleSolver.ino:25:2: error: &#39;triang&#39; was not declared in this scope
  triang.A = 50; 
  ^~~~~~
/home/ec2-user/arduino-testlib/cli-datadir/user/libraries/TriangleSolverLib/examples/TriangleSolver/TriangleSolver.ino:25:2: note: suggested alternative: &#39;String&#39;
  triang.A = 50; 
  ^~~~~~
  String

</pre>
					
				
				<h3 id="arduino:mbed_nano:nanorp2040connect">arduino:mbed_nano:nanorp2040connect @ 2.7.2</h3>
				<h4>Inclusion</h4>
				<p>
					Result: <b>FAIL</b>
					
				</p>
				<pre class="pre-scrollable">/home/ec2-user/arduino-testlib/cli-datadir/user/libraries/TriangleSolverLib/src/TriangleSolverLib.cpp:12:53: error: default argument given for parameter 1 of &#39;bool TriangleSolver::Solve(bool)&#39; [-fpermissive]
 bool TriangleSolver::Solve(bool preferObtuse = false)
                                                     ^
In file included from /home/ec2-user/arduino-testlib/cli-datadir/user/libraries/TriangleSolverLib/src/TriangleSolverLib.cpp:10:0:
/home/ec2-user/arduino-testlib/cli-datadir/user/libraries/TriangleSolverLib/src/TriangleSolverLib.h:22:7: note: previous specification in &#39;bool TriangleSolver::Solve(bool)&#39; here
  bool Solve(bool preferObtuse = false);
       ^~~~~

</pre>

					
					<h4>examples/TriangleSolver</h4>
					<p>
						Result: <b>FAIL</b>
					</p>
					<pre class="pre-scrollable">/home/ec2-user/arduino-testlib/cli-datadir/user/libraries/TriangleSolverLib/examples/TriangleSolver/TriangleSolver.ino:10:1: error: &#39;TriangleSolver&#39; does not name a type
 TriangleSolver triang;
 ^~~~~~~~~~~~~~
/home/ec2-user/arduino-testlib/cli-datadir/user/libraries/TriangleSolverLib/examples/TriangleSolver/TriangleSolver.ino: In function &#39;void debug()&#39;:
/home/ec2-user/arduino-testlib/cli-datadir/user/libraries/TriangleSolverLib/examples/TriangleSolver/TriangleSolver.ino:14:17: error: &#39;triang&#39; was not declared in this scope
  Serial.println(triang.A, 4);
                 ^~~~~~
/home/ec2-user/arduino-testlib/cli-datadir/user/libraries/TriangleSolverLib/examples/TriangleSolver/TriangleSolver.ino:14:17: note: suggested alternative: &#39;srand&#39;
  Serial.println(triang.A, 4);
                 ^~~~~~
                 srand
/home/ec2-user/arduino-testlib/cli-datadir/user/libraries/TriangleSolverLib/examples/TriangleSolver/TriangleSolver.ino: In function &#39;void setup()&#39;:
/home/ec2-user/arduino-testlib/cli-datadir/user/libraries/TriangleSolverLib/examples/TriangleSolver/TriangleSolver.ino:25:2: error: &#39;triang&#39; was not declared in this scope
  triang.A = 50; 
  ^~~~~~
/home/ec2-user/arduino-testlib/cli-datadir/user/libraries/TriangleSolverLib/examples/TriangleSolver/TriangleSolver.ino:25:2: note: suggested alternative: &#39;srand&#39;
  triang.A = 50; 
  ^~~~~~
  srand

</pre>
					
				
				<h3 id="arduino:megaavr:nona4809">arduino:megaavr:nona4809 @ 1.8.7</h3>
				<h4>Inclusion</h4>
				<p>
					Result: <b>PASS</b>
					
				</p>
				<pre class="pre-scrollable">Sketch uses 2614 bytes (5%) of program storage space. Maximum is 49152 bytes.
Global variables use 177 bytes (2%) of dynamic memory, leaving 5967 bytes for local variables. Maximum is 6144 bytes.
</pre>

					
					<h4>examples/TriangleSolver</h4>
					<p>
						Result: <b>FAIL</b>
					</p>
					<pre class="pre-scrollable">/home/ec2-user/arduino-testlib/cli-datadir/user/libraries/TriangleSolverLib/examples/TriangleSolver/TriangleSolver.ino:10:1: error: &#39;TriangleSolver&#39; does not name a type
 TriangleSolver triang;
 ^~~~~~~~~~~~~~
/home/ec2-user/arduino-testlib/cli-datadir/user/libraries/TriangleSolverLib/examples/TriangleSolver/TriangleSolver.ino: In function &#39;void debug()&#39;:
/home/ec2-user/arduino-testlib/cli-datadir/user/libraries/TriangleSolverLib/examples/TriangleSolver/TriangleSolver.ino:14:17: error: &#39;triang&#39; was not declared in this scope
  Serial.println(triang.A, 4);
                 ^~~~~~
/home/ec2-user/arduino-testlib/cli-datadir/user/libraries/TriangleSolverLib/examples/TriangleSolver/TriangleSolver.ino:14:17: note: suggested alternative: &#39;srand&#39;
  Serial.println(triang.A, 4);
                 ^~~~~~
                 srand
/home/ec2-user/arduino-testlib/cli-datadir/user/libraries/TriangleSolverLib/examples/TriangleSolver/TriangleSolver.ino: In function &#39;void setup()&#39;:
/home/ec2-user/arduino-testlib/cli-datadir/user/libraries/TriangleSolverLib/examples/TriangleSolver/TriangleSolver.ino:25:2: error: &#39;triang&#39; was not declared in this scope
  triang.A = 50; 
  ^~~~~~
/home/ec2-user/arduino-testlib/cli-datadir/user/libraries/TriangleSolverLib/examples/TriangleSolver/TriangleSolver.ino:25:2: note: suggested alternative: &#39;srand&#39;
  triang.A = 50; 
  ^~~~~~
  srand

</pre>
					
				
				<h3 id="arduino:samd:mkrwifi1010">arduino:samd:mkrwifi1010 @ 1.8.12</h3>
				<h4>Inclusion</h4>
				<p>
					Result: <b>FAIL</b>
					
				</p>
				<pre class="pre-scrollable">/home/ec2-user/arduino-testlib/cli-datadir/user/libraries/TriangleSolverLib/src/TriangleSolverLib.cpp:12:53: error: default argument given for parameter 1 of &#39;bool TriangleSolver::Solve(bool)&#39; [-fpermissive]
 bool TriangleSolver::Solve(bool preferObtuse = false)
                                                     ^
In file included from /home/ec2-user/arduino-testlib/cli-datadir/user/libraries/TriangleSolverLib/src/TriangleSolverLib.cpp:10:0:
/home/ec2-user/arduino-testlib/cli-datadir/user/libraries/TriangleSolverLib/src/TriangleSolverLib.h:22:7: note: previous specification in &#39;bool TriangleSolver::Solve(bool)&#39; here
  bool Solve(bool preferObtuse = false);
       ^~~~~

</pre>

					
					<h4>examples/TriangleSolver</h4>
					<p>
						Result: <b>FAIL</b>
					</p>
					<pre class="pre-scrollable">/home/ec2-user/arduino-testlib/cli-datadir/user/libraries/TriangleSolverLib/examples/TriangleSolver/TriangleSolver.ino:10:1: error: &#39;TriangleSolver&#39; does not name a type
 TriangleSolver triang;
 ^~~~~~~~~~~~~~
/home/ec2-user/arduino-testlib/cli-datadir/user/libraries/TriangleSolverLib/examples/TriangleSolver/TriangleSolver.ino: In function &#39;void debug()&#39;:
/home/ec2-user/arduino-testlib/cli-datadir/user/libraries/TriangleSolverLib/examples/TriangleSolver/TriangleSolver.ino:14:17: error: &#39;triang&#39; was not declared in this scope
  Serial.println(triang.A, 4);
                 ^~~~~~
/home/ec2-user/arduino-testlib/cli-datadir/user/libraries/TriangleSolverLib/examples/TriangleSolver/TriangleSolver.ino:14:17: note: suggested alternative: &#39;srand&#39;
  Serial.println(triang.A, 4);
                 ^~~~~~
                 srand
/home/ec2-user/arduino-testlib/cli-datadir/user/libraries/TriangleSolverLib/examples/TriangleSolver/TriangleSolver.ino: In function &#39;void setup()&#39;:
/home/ec2-user/arduino-testlib/cli-datadir/user/libraries/TriangleSolverLib/examples/TriangleSolver/TriangleSolver.ino:25:2: error: &#39;triang&#39; was not declared in this scope
  triang.A = 50; 
  ^~~~~~
/home/ec2-user/arduino-testlib/cli-datadir/user/libraries/TriangleSolverLib/examples/TriangleSolver/TriangleSolver.ino:25:2: note: suggested alternative: &#39;srand&#39;
  triang.A = 50; 
  ^~~~~~
  srand

</pre>
					
				
				<h3 id="esp32:esp32:d1_mini32">esp32:esp32:d1_mini32 @ 1.0.6</h3>
				<h4>Inclusion</h4>
				<p>
					Result: <b>FAIL</b>
					
				</p>
				<pre class="pre-scrollable">/home/ec2-user/arduino-testlib/cli-datadir/user/libraries/TriangleSolverLib/src/TriangleSolverLib.cpp:12:53: error: default argument given for parameter 1 of &#39;bool TriangleSolver::Solve(bool)&#39; [-fpermissive]
 bool TriangleSolver::Solve(bool preferObtuse = false)
                                                     ^
In file included from /home/ec2-user/arduino-testlib/cli-datadir/user/libraries/TriangleSolverLib/src/TriangleSolverLib.cpp:10:0:
/home/ec2-user/arduino-testlib/cli-datadir/user/libraries/TriangleSolverLib/src/TriangleSolverLib.h:22:7: note: previous specification in &#39;bool TriangleSolver::Solve(bool)&#39; here
  bool Solve(bool preferObtuse = false);
       ^

</pre>

					
					<h4>examples/TriangleSolver</h4>
					<p>
						Result: <b>FAIL</b>
					</p>
					<pre class="pre-scrollable">/home/ec2-user/arduino-testlib/cli-datadir/user/libraries/TriangleSolverLib/examples/TriangleSolver/TriangleSolver.ino:10:1: error: &#39;TriangleSolver&#39; does not name a type
 TriangleSolver triang;
 ^
/home/ec2-user/arduino-testlib/cli-datadir/user/libraries/TriangleSolverLib/examples/TriangleSolver/TriangleSolver.ino: In function &#39;void debug()&#39;:
/home/ec2-user/arduino-testlib/cli-datadir/user/libraries/TriangleSolverLib/examples/TriangleSolver/TriangleSolver.ino:14:17: error: &#39;triang&#39; was not declared in this scope
  Serial.println(triang.A, 4);
                 ^
/home/ec2-user/arduino-testlib/cli-datadir/user/libraries/TriangleSolverLib/examples/TriangleSolver/TriangleSolver.ino: In function &#39;void setup()&#39;:
/home/ec2-user/arduino-testlib/cli-datadir/user/libraries/TriangleSolverLib/examples/TriangleSolver/TriangleSolver.ino:25:2: error: &#39;triang&#39; was not declared in this scope
  triang.A = 50; 
  ^

</pre>
					
				
			</div>
		</div>
	</div>
  </body>
</html>
