
<!doctype html>
<html lang="en">
  <head>
    <meta charset="utf-8">
    <meta name="viewport" content="width=device-width, initial-scale=1">
    <link href="https://cdn.jsdelivr.net/npm/bootstrap@5.0.2/dist/css/bootstrap.min.css" rel="stylesheet" integrity="sha384-EVSTQN3/azprG1Anm3QDgpJLIm9Nao0Yz1ztcQTwFspd3yD65VohhpuuCOmLASjC" crossorigin="anonymous">
    <title>arduino-testlib report</title>
	<style>
	.pass { background-color: #00FF00 !important; }
	.fail { background-color: #FF0000 !important; }
	</style>
  </head>
  <body>
	<div class="container">
		<div class="row">
			<div class="col">
				<h1>TSController - compatibility matrix</h1>
				<p>
					<small>This report was generated on Wednesday, 23-Feb-22 22:48:15 CET using 
					<a href="https://github.com/alranel/arduino-testlib">arduino-testlib</a>.</small>
				</p>

				<h2>TSController</h2>
				<p>
					Version: <b>1.1.0</b>
					<br />
					<a href="https://www.arduino.cc/reference/en/libraries/tscontroller/">More details</a>
				</p>

				<h2>Compatibility matrix</h2>
				<table class="table table-bordered">
					<tr>
						<th>Board</th>
						<th>Claims compatibility</th>
						<th>Inclusion</th>
						
						<th><pre>analogControl</pre></th>
						
						<th><pre>completeTest</pre></th>
						
					</tr>
					
					<tr>
						<td>
							<a href="#arduino%3aavr%3auno"><b>arduino:avr:uno</b></a>
							<br />
							<small>1.8.4</small>
						</td>

						
						
						
							<td>Yes ⚠️</td>
							<td class="fail">FAIL</td>
						
						

						
							
								
									
										
											
											<td class="fail">FAIL</td>
										
									
										
									
								
							
								
							
								
							
								
							
								
							
						
							
								
									
										
									
										
											
											<td class="fail">FAIL</td>
										
									
								
							
								
							
								
							
								
							
								
							
						
					</tr>
					
					<tr>
						<td>
							<a href="#arduino%3ambed_nano%3ananorp2040connect"><b>arduino:mbed_nano:nanorp2040connect</b></a>
							<br />
							<small>2.7.2</small>
						</td>

						
						
						
							<td>Yes ⚠️</td>
							<td class="fail">FAIL</td>
						
						

						
							
								
							
								
									
										
											
											<td class="fail">FAIL</td>
										
									
										
									
								
							
								
							
								
							
								
							
						
							
								
							
								
									
										
									
										
											
											<td class="fail">FAIL</td>
										
									
								
							
								
							
								
							
								
							
						
					</tr>
					
					<tr>
						<td>
							<a href="#arduino%3amegaavr%3anona4809"><b>arduino:megaavr:nona4809</b></a>
							<br />
							<small>1.8.7</small>
						</td>

						
						
						
							<td>Yes ⚠️</td>
							<td class="fail">FAIL</td>
						
						

						
							
								
							
								
							
								
									
										
											
											<td class="fail">FAIL</td>
										
									
										
									
								
							
								
							
								
							
						
							
								
							
								
							
								
									
										
									
										
											
											<td class="fail">FAIL</td>
										
									
								
							
								
							
								
							
						
					</tr>
					
					<tr>
						<td>
							<a href="#arduino%3asamd%3amkrwifi1010"><b>arduino:samd:mkrwifi1010</b></a>
							<br />
							<small>1.8.12</small>
						</td>

						
							<td>Yes</td>
							<td class="pass">PASS</td>
						
						
						
						

						
							
								
							
								
							
								
							
								
									
										
											<td class="pass">PASS</td>
											
										
									
										
									
								
							
								
							
						
							
								
							
								
							
								
							
								
									
										
									
										
											
											<td class="fail">FAIL</td>
										
									
								
							
								
							
						
					</tr>
					
					<tr>
						<td>
							<a href="#esp32%3aesp32%3ad1_mini32"><b>esp32:esp32:d1_mini32</b></a>
							<br />
							<small>1.0.6</small>
						</td>

						
						
						
							<td>Yes ⚠️</td>
							<td class="fail">FAIL</td>
						
						

						
							
								
							
								
							
								
							
								
							
								
									
										
											
											<td class="fail">FAIL</td>
										
									
										
									
								
							
						
							
								
							
								
							
								
							
								
							
								
									
										
									
										
											
											<td class="fail">FAIL</td>
										
									
								
							
						
					</tr>
					
				</table>

				<h2>Compilation logs</h2>
				
				<h3 id="arduino:avr:uno">arduino:avr:uno @ 1.8.4</h3>
				<h4>Inclusion</h4>
				<p>
					Result: <b>FAIL</b>
					
				</p>
				<pre class="pre-scrollable">/home/ec2-user/arduino-testlib/cli-datadir/user/libraries/TSController/src/TSController.cpp: In member function &#39;int TSController::begin()&#39;:
/home/ec2-user/arduino-testlib/cli-datadir/user/libraries/TSController/src/TSController.cpp:9:5: error: &#39;Keyboard&#39; was not declared in this scope
     Keyboard.begin();
     ^~~~~~~~
/home/ec2-user/arduino-testlib/cli-datadir/user/libraries/TSController/src/TSController.cpp: In member function &#39;void TSController::setThrottle(int, int)&#39;:
/home/ec2-user/arduino-testlib/cli-datadir/user/libraries/TSController/src/TSController.cpp:29:9: error: &#39;Keyboard&#39; was not declared in this scope
         Keyboard.press(&#39;a&#39;);
         ^~~~~~~~
/home/ec2-user/arduino-testlib/cli-datadir/user/libraries/TSController/src/TSController.cpp:35:9: error: &#39;Keyboard&#39; was not declared in this scope
         Keyboard.press(&#39;d&#39;);
         ^~~~~~~~
/home/ec2-user/arduino-testlib/cli-datadir/user/libraries/TSController/src/TSController.cpp:41:9: error: &#39;Keyboard&#39; was not declared in this scope
         Keyboard.press(&#39;d&#39;);
         ^~~~~~~~
/home/ec2-user/arduino-testlib/cli-datadir/user/libraries/TSController/src/TSController.cpp: In member function &#39;void TSController::setBrake(int, int)&#39;:
/home/ec2-user/arduino-testlib/cli-datadir/user/libraries/TSController/src/TSController.cpp:62:9: error: &#39;Keyboard&#39; was not declared in this scope
         Keyboard.press(&#39;\&#39;&#39;);
         ^~~~~~~~
/home/ec2-user/arduino-testlib/cli-datadir/user/libraries/TSController/src/TSController.cpp:68:9: error: &#39;Keyboard&#39; was not declared in this scope
         Keyboard.press(&#39;;&#39;);
         ^~~~~~~~
/home/ec2-user/arduino-testlib/cli-datadir/user/libraries/TSController/src/TSController.cpp:74:9: error: &#39;Keyboard&#39; was not declared in this scope
         Keyboard.press(&#39;;&#39;);
         ^~~~~~~~
/home/ec2-user/arduino-testlib/cli-datadir/user/libraries/TSController/src/TSController.cpp: In member function &#39;void TSController::setReverser(int)&#39;:
/home/ec2-user/arduino-testlib/cli-datadir/user/libraries/TSController/src/TSController.cpp:83:9: error: &#39;Keyboard&#39; was not declared in this scope
         Keyboard.press(&#39;w&#39;);
         ^~~~~~~~
/home/ec2-user/arduino-testlib/cli-datadir/user/libraries/TSController/src/TSController.cpp:88:9: error: &#39;Keyboard&#39; was not declared in this scope
         Keyboard.press(&#39;s&#39;);
         ^~~~~~~~
/home/ec2-user/arduino-testlib/cli-datadir/user/libraries/TSController/src/TSController.cpp: In member function &#39;void TSController::horn()&#39;:
/home/ec2-user/arduino-testlib/cli-datadir/user/libraries/TSController/src/TSController.cpp:98:5: error: &#39;Keyboard&#39; was not declared in this scope
     Keyboard.press(&#39; &#39;);
     ^~~~~~~~
/home/ec2-user/arduino-testlib/cli-datadir/user/libraries/TSController/src/TSController.cpp: In member function &#39;void TSController::toggleEngine()&#39;:
/home/ec2-user/arduino-testlib/cli-datadir/user/libraries/TSController/src/TSController.cpp:104:5: error: &#39;Keyboard&#39; was not declared in this scope
     Keyboard.press(&#39;z&#39;);
     ^~~~~~~~
/home/ec2-user/arduino-testlib/cli-datadir/user/libraries/TSController/src/TSController.cpp: In member function &#39;void TSController::toggleSander()&#39;:
/home/ec2-user/arduino-testlib/cli-datadir/user/libraries/TSController/src/TSController.cpp:110:9: error: &#39;Keyboard&#39; was not declared in this scope
         Keyboard.press(&#39;x&#39;);
         ^~~~~~~~
/home/ec2-user/arduino-testlib/cli-datadir/user/libraries/TSController/src/TSController.cpp: In member function &#39;void TSController::toggleWipers()&#39;:
/home/ec2-user/arduino-testlib/cli-datadir/user/libraries/TSController/src/TSController.cpp:116:9: error: &#39;Keyboard&#39; was not declared in this scope
         Keyboard.press(&#39;v&#39;);
         ^~~~~~~~
/home/ec2-user/arduino-testlib/cli-datadir/user/libraries/TSController/src/TSController.cpp: In member function &#39;void TSController::togglePantograph()&#39;:
/home/ec2-user/arduino-testlib/cli-datadir/user/libraries/TSController/src/TSController.cpp:122:9: error: &#39;Keyboard&#39; was not declared in this scope
         Keyboard.press(&#39;p&#39;);
         ^~~~~~~~
/home/ec2-user/arduino-testlib/cli-datadir/user/libraries/TSController/src/TSController.cpp: In member function &#39;void TSController::deadManConfirm()&#39;:
/home/ec2-user/arduino-testlib/cli-datadir/user/libraries/TSController/src/TSController.cpp:128:5: error: &#39;Keyboard&#39; was not declared in this scope
     Keyboard.press(&#39;q&#39;);
     ^~~~~~~~
/home/ec2-user/arduino-testlib/cli-datadir/user/libraries/TSController/src/TSController.cpp: In member function &#39;void TSController::emergencyBrake()&#39;:
/home/ec2-user/arduino-testlib/cli-datadir/user/libraries/TSController/src/TSController.cpp:134:5: error: &#39;Keyboard&#39; was not declared in this scope
     Keyboard.press(KEY_BACKSPACE);
     ^~~~~~~~
/home/ec2-user/arduino-testlib/cli-datadir/user/libraries/TSController/src/TSController.cpp:134:20: error: &#39;KEY_BACKSPACE&#39; was not declared in this scope
     Keyboard.press(KEY_BACKSPACE);
                    ^~~~~~~~~~~~~
/home/ec2-user/arduino-testlib/cli-datadir/user/libraries/TSController/src/TSController.cpp: In member function &#39;void TSController::lightTypeChange()&#39;:
/home/ec2-user/arduino-testlib/cli-datadir/user/libraries/TSController/src/TSController.cpp:140:5: error: &#39;Keyboard&#39; was not declared in this scope
     Keyboard.press(&#39;h&#39;);
     ^~~~~~~~
/home/ec2-user/arduino-testlib/cli-datadir/user/libraries/TSController/src/TSController.cpp: In member function &#39;void TSController::doorsOpen()&#39;:
/home/ec2-user/arduino-testlib/cli-datadir/user/libraries/TSController/src/TSController.cpp:146:5: error: &#39;Keyboard&#39; was not declared in this scope
     Keyboard.press(&#39;t&#39;);
     ^~~~~~~~
Multiple libraries were found for &#34;Keyboard.h&#34;
  Used: /home/ec2-user/arduino-testlib/cli-datadir/user/libraries/Keyboard
  Not used: /home/ec2-user/arduino-testlib/cli-datadir/user/libraries/BlueFairy
</pre>

					
					<h4>examples/analogControl</h4>
					<p>
						Result: <b>FAIL</b>
					</p>
					<pre class="pre-scrollable">/home/ec2-user/arduino-testlib/cli-datadir/user/libraries/TSController/src/TSController.cpp: In member function &#39;int TSController::begin()&#39;:
/home/ec2-user/arduino-testlib/cli-datadir/user/libraries/TSController/src/TSController.cpp:9:5: error: &#39;Keyboard&#39; was not declared in this scope
     Keyboard.begin();
     ^~~~~~~~
/home/ec2-user/arduino-testlib/cli-datadir/user/libraries/TSController/src/TSController.cpp: In member function &#39;void TSController::setThrottle(int, int)&#39;:
/home/ec2-user/arduino-testlib/cli-datadir/user/libraries/TSController/src/TSController.cpp:29:9: error: &#39;Keyboard&#39; was not declared in this scope
         Keyboard.press(&#39;a&#39;);
         ^~~~~~~~
/home/ec2-user/arduino-testlib/cli-datadir/user/libraries/TSController/src/TSController.cpp:35:9: error: &#39;Keyboard&#39; was not declared in this scope
         Keyboard.press(&#39;d&#39;);
         ^~~~~~~~
/home/ec2-user/arduino-testlib/cli-datadir/user/libraries/TSController/src/TSController.cpp:41:9: error: &#39;Keyboard&#39; was not declared in this scope
         Keyboard.press(&#39;d&#39;);
         ^~~~~~~~
/home/ec2-user/arduino-testlib/cli-datadir/user/libraries/TSController/src/TSController.cpp: In member function &#39;void TSController::setBrake(int, int)&#39;:
/home/ec2-user/arduino-testlib/cli-datadir/user/libraries/TSController/src/TSController.cpp:62:9: error: &#39;Keyboard&#39; was not declared in this scope
         Keyboard.press(&#39;\&#39;&#39;);
         ^~~~~~~~
/home/ec2-user/arduino-testlib/cli-datadir/user/libraries/TSController/src/TSController.cpp:68:9: error: &#39;Keyboard&#39; was not declared in this scope
         Keyboard.press(&#39;;&#39;);
         ^~~~~~~~
/home/ec2-user/arduino-testlib/cli-datadir/user/libraries/TSController/src/TSController.cpp:74:9: error: &#39;Keyboard&#39; was not declared in this scope
         Keyboard.press(&#39;;&#39;);
         ^~~~~~~~
/home/ec2-user/arduino-testlib/cli-datadir/user/libraries/TSController/src/TSController.cpp: In member function &#39;void TSController::setReverser(int)&#39;:
/home/ec2-user/arduino-testlib/cli-datadir/user/libraries/TSController/src/TSController.cpp:83:9: error: &#39;Keyboard&#39; was not declared in this scope
         Keyboard.press(&#39;w&#39;);
         ^~~~~~~~
/home/ec2-user/arduino-testlib/cli-datadir/user/libraries/TSController/src/TSController.cpp:88:9: error: &#39;Keyboard&#39; was not declared in this scope
         Keyboard.press(&#39;s&#39;);
         ^~~~~~~~
/home/ec2-user/arduino-testlib/cli-datadir/user/libraries/TSController/src/TSController.cpp: In member function &#39;void TSController::horn()&#39;:
/home/ec2-user/arduino-testlib/cli-datadir/user/libraries/TSController/src/TSController.cpp:98:5: error: &#39;Keyboard&#39; was not declared in this scope
     Keyboard.press(&#39; &#39;);
     ^~~~~~~~
/home/ec2-user/arduino-testlib/cli-datadir/user/libraries/TSController/src/TSController.cpp: In member function &#39;void TSController::toggleEngine()&#39;:
/home/ec2-user/arduino-testlib/cli-datadir/user/libraries/TSController/src/TSController.cpp:104:5: error: &#39;Keyboard&#39; was not declared in this scope
     Keyboard.press(&#39;z&#39;);
     ^~~~~~~~
/home/ec2-user/arduino-testlib/cli-datadir/user/libraries/TSController/src/TSController.cpp: In member function &#39;void TSController::toggleSander()&#39;:
/home/ec2-user/arduino-testlib/cli-datadir/user/libraries/TSController/src/TSController.cpp:110:9: error: &#39;Keyboard&#39; was not declared in this scope
         Keyboard.press(&#39;x&#39;);
         ^~~~~~~~
/home/ec2-user/arduino-testlib/cli-datadir/user/libraries/TSController/src/TSController.cpp: In member function &#39;void TSController::toggleWipers()&#39;:
/home/ec2-user/arduino-testlib/cli-datadir/user/libraries/TSController/src/TSController.cpp:116:9: error: &#39;Keyboard&#39; was not declared in this scope
         Keyboard.press(&#39;v&#39;);
         ^~~~~~~~
/home/ec2-user/arduino-testlib/cli-datadir/user/libraries/TSController/src/TSController.cpp: In member function &#39;void TSController::togglePantograph()&#39;:
/home/ec2-user/arduino-testlib/cli-datadir/user/libraries/TSController/src/TSController.cpp:122:9: error: &#39;Keyboard&#39; was not declared in this scope
         Keyboard.press(&#39;p&#39;);
         ^~~~~~~~
/home/ec2-user/arduino-testlib/cli-datadir/user/libraries/TSController/src/TSController.cpp: In member function &#39;void TSController::deadManConfirm()&#39;:
/home/ec2-user/arduino-testlib/cli-datadir/user/libraries/TSController/src/TSController.cpp:128:5: error: &#39;Keyboard&#39; was not declared in this scope
     Keyboard.press(&#39;q&#39;);
     ^~~~~~~~
/home/ec2-user/arduino-testlib/cli-datadir/user/libraries/TSController/src/TSController.cpp: In member function &#39;void TSController::emergencyBrake()&#39;:
/home/ec2-user/arduino-testlib/cli-datadir/user/libraries/TSController/src/TSController.cpp:134:5: error: &#39;Keyboard&#39; was not declared in this scope
     Keyboard.press(KEY_BACKSPACE);
     ^~~~~~~~
/home/ec2-user/arduino-testlib/cli-datadir/user/libraries/TSController/src/TSController.cpp:134:20: error: &#39;KEY_BACKSPACE&#39; was not declared in this scope
     Keyboard.press(KEY_BACKSPACE);
                    ^~~~~~~~~~~~~
/home/ec2-user/arduino-testlib/cli-datadir/user/libraries/TSController/src/TSController.cpp: In member function &#39;void TSController::lightTypeChange()&#39;:
/home/ec2-user/arduino-testlib/cli-datadir/user/libraries/TSController/src/TSController.cpp:140:5: error: &#39;Keyboard&#39; was not declared in this scope
     Keyboard.press(&#39;h&#39;);
     ^~~~~~~~
/home/ec2-user/arduino-testlib/cli-datadir/user/libraries/TSController/src/TSController.cpp: In member function &#39;void TSController::doorsOpen()&#39;:
/home/ec2-user/arduino-testlib/cli-datadir/user/libraries/TSController/src/TSController.cpp:146:5: error: &#39;Keyboard&#39; was not declared in this scope
     Keyboard.press(&#39;t&#39;);
     ^~~~~~~~
Multiple libraries were found for &#34;Keyboard.h&#34;
  Used: /home/ec2-user/arduino-testlib/cli-datadir/user/libraries/Keyboard
  Not used: /home/ec2-user/arduino-testlib/cli-datadir/user/libraries/BlueFairy
</pre>
					
					<h4>examples/completeTest</h4>
					<p>
						Result: <b>FAIL</b>
					</p>
					<pre class="pre-scrollable">/home/ec2-user/arduino-testlib/cli-datadir/user/libraries/TSController/examples/completeTest/completeTest.ino: In function &#39;void loop()&#39;:
/home/ec2-user/arduino-testlib/cli-datadir/user/libraries/TSController/examples/completeTest/completeTest.ino:25:25: error: no matching function for call to &#39;TSController::toggleSander(bool)&#39;
   ctrl.toggleSander(true);
                         ^
In file included from /home/ec2-user/arduino-testlib/cli-datadir/user/libraries/TSController/examples/completeTest/completeTest.ino:5:0:
/home/ec2-user/arduino-testlib/cli-datadir/user/libraries/TSController/src/TSController.h:21:8: note: candidate: void TSController::toggleSander()
   void toggleSander();
        ^~~~~~~~~~~~
/home/ec2-user/arduino-testlib/cli-datadir/user/libraries/TSController/src/TSController.h:21:8: note:   candidate expects 0 arguments, 1 provided
/home/ec2-user/arduino-testlib/cli-datadir/user/libraries/TSController/examples/completeTest/completeTest.ino:26:25: error: no matching function for call to &#39;TSController::toggleWipers(bool)&#39;
   ctrl.toggleWipers(true);
                         ^
In file included from /home/ec2-user/arduino-testlib/cli-datadir/user/libraries/TSController/examples/completeTest/completeTest.ino:5:0:
/home/ec2-user/arduino-testlib/cli-datadir/user/libraries/TSController/src/TSController.h:22:8: note: candidate: void TSController::toggleWipers()
   void toggleWipers();
        ^~~~~~~~~~~~
/home/ec2-user/arduino-testlib/cli-datadir/user/libraries/TSController/src/TSController.h:22:8: note:   candidate expects 0 arguments, 1 provided
/home/ec2-user/arduino-testlib/cli-datadir/user/libraries/TSController/examples/completeTest/completeTest.ino:28:26: error: no matching function for call to &#39;TSController::toggleSander(bool)&#39;
   ctrl.toggleSander(false);
                          ^
In file included from /home/ec2-user/arduino-testlib/cli-datadir/user/libraries/TSController/examples/completeTest/completeTest.ino:5:0:
/home/ec2-user/arduino-testlib/cli-datadir/user/libraries/TSController/src/TSController.h:21:8: note: candidate: void TSController::toggleSander()
   void toggleSander();
        ^~~~~~~~~~~~
/home/ec2-user/arduino-testlib/cli-datadir/user/libraries/TSController/src/TSController.h:21:8: note:   candidate expects 0 arguments, 1 provided
/home/ec2-user/arduino-testlib/cli-datadir/user/libraries/TSController/examples/completeTest/completeTest.ino:29:26: error: no matching function for call to &#39;TSController::toggleWipers(bool)&#39;
   ctrl.toggleWipers(false);
                          ^
In file included from /home/ec2-user/arduino-testlib/cli-datadir/user/libraries/TSController/examples/completeTest/completeTest.ino:5:0:
/home/ec2-user/arduino-testlib/cli-datadir/user/libraries/TSController/src/TSController.h:22:8: note: candidate: void TSController::toggleWipers()
   void toggleWipers();
        ^~~~~~~~~~~~
/home/ec2-user/arduino-testlib/cli-datadir/user/libraries/TSController/src/TSController.h:22:8: note:   candidate expects 0 arguments, 1 provided
Multiple libraries were found for &#34;Keyboard.h&#34;
  Used: /home/ec2-user/arduino-testlib/cli-datadir/user/libraries/Keyboard
  Not used: /home/ec2-user/arduino-testlib/cli-datadir/user/libraries/BlueFairy
</pre>
					
				
				<h3 id="arduino:mbed_nano:nanorp2040connect">arduino:mbed_nano:nanorp2040connect @ 2.7.2</h3>
				<h4>Inclusion</h4>
				<p>
					Result: <b>FAIL</b>
					
				</p>
				<pre class="pre-scrollable">In file included from /home/ec2-user/arduino-testlib/cli-datadir/user/libraries/TSController/src/TSController.cpp:4:0:
/home/ec2-user/arduino-testlib/cli-datadir/user/libraries/Keyboard/src/Keyboard.h:25:10: fatal error: HID.h: No such file or directory
 #include &#34;HID.h&#34;
          ^~~~~~~
compilation terminated.
Multiple libraries were found for &#34;Keyboard.h&#34;
  Used: /home/ec2-user/arduino-testlib/cli-datadir/user/libraries/Keyboard
  Not used: /home/ec2-user/arduino-testlib/cli-datadir/user/libraries/BlueFairy
</pre>

					
					<h4>examples/analogControl</h4>
					<p>
						Result: <b>FAIL</b>
					</p>
					<pre class="pre-scrollable">In file included from /home/ec2-user/arduino-testlib/cli-datadir/user/libraries/TSController/src/TSController.cpp:4:0:
/home/ec2-user/arduino-testlib/cli-datadir/user/libraries/Keyboard/src/Keyboard.h:25:10: fatal error: HID.h: No such file or directory
 #include &#34;HID.h&#34;
          ^~~~~~~
compilation terminated.
Multiple libraries were found for &#34;Keyboard.h&#34;
  Used: /home/ec2-user/arduino-testlib/cli-datadir/user/libraries/Keyboard
  Not used: /home/ec2-user/arduino-testlib/cli-datadir/user/libraries/BlueFairy
</pre>
					
					<h4>examples/completeTest</h4>
					<p>
						Result: <b>FAIL</b>
					</p>
					<pre class="pre-scrollable">In file included from /home/ec2-user/arduino-testlib/cli-datadir/user/libraries/TSController/src/TSController.cpp:4:0:
/home/ec2-user/arduino-testlib/cli-datadir/user/libraries/Keyboard/src/Keyboard.h:25:10: fatal error: HID.h: No such file or directory
 #include &#34;HID.h&#34;
          ^~~~~~~
compilation terminated.
Multiple libraries were found for &#34;Keyboard.h&#34;
  Used: /home/ec2-user/arduino-testlib/cli-datadir/user/libraries/Keyboard
  Not used: /home/ec2-user/arduino-testlib/cli-datadir/user/libraries/BlueFairy
</pre>
					
				
				<h3 id="arduino:megaavr:nona4809">arduino:megaavr:nona4809 @ 1.8.7</h3>
				<h4>Inclusion</h4>
				<p>
					Result: <b>FAIL</b>
					
				</p>
				<pre class="pre-scrollable">In file included from /home/ec2-user/arduino-testlib/cli-datadir/user/libraries/Keyboard/src/Keyboard.h:25:0,
                 from /home/ec2-user/arduino-testlib/cli-datadir/user/libraries/TSController/src/TSController.cpp:4:
/home/ec2-user/arduino-testlib/cli-datadir/data/packages/arduino/hardware/megaavr/1.8.7/libraries/HID/src/HID.h:125:2: error: #error &#34;No Native USB support available on this board&#34;
 #error &#34;No Native USB support available on this board&#34;
  ^~~~~
/home/ec2-user/arduino-testlib/cli-datadir/user/libraries/TSController/src/TSController.cpp: In member function &#39;int TSController::begin()&#39;:
/home/ec2-user/arduino-testlib/cli-datadir/user/libraries/TSController/src/TSController.cpp:9:5: error: &#39;Keyboard&#39; was not declared in this scope
     Keyboard.begin();
     ^~~~~~~~
/home/ec2-user/arduino-testlib/cli-datadir/user/libraries/TSController/src/TSController.cpp: In member function &#39;void TSController::setThrottle(int, int)&#39;:
/home/ec2-user/arduino-testlib/cli-datadir/user/libraries/TSController/src/TSController.cpp:29:9: error: &#39;Keyboard&#39; was not declared in this scope
         Keyboard.press(&#39;a&#39;);
         ^~~~~~~~
/home/ec2-user/arduino-testlib/cli-datadir/user/libraries/TSController/src/TSController.cpp:35:9: error: &#39;Keyboard&#39; was not declared in this scope
         Keyboard.press(&#39;d&#39;);
         ^~~~~~~~
/home/ec2-user/arduino-testlib/cli-datadir/user/libraries/TSController/src/TSController.cpp:41:9: error: &#39;Keyboard&#39; was not declared in this scope
         Keyboard.press(&#39;d&#39;);
         ^~~~~~~~
/home/ec2-user/arduino-testlib/cli-datadir/user/libraries/TSController/src/TSController.cpp: In member function &#39;void TSController::setBrake(int, int)&#39;:
/home/ec2-user/arduino-testlib/cli-datadir/user/libraries/TSController/src/TSController.cpp:62:9: error: &#39;Keyboard&#39; was not declared in this scope
         Keyboard.press(&#39;\&#39;&#39;);
         ^~~~~~~~
/home/ec2-user/arduino-testlib/cli-datadir/user/libraries/TSController/src/TSController.cpp:68:9: error: &#39;Keyboard&#39; was not declared in this scope
         Keyboard.press(&#39;;&#39;);
         ^~~~~~~~
/home/ec2-user/arduino-testlib/cli-datadir/user/libraries/TSController/src/TSController.cpp:74:9: error: &#39;Keyboard&#39; was not declared in this scope
         Keyboard.press(&#39;;&#39;);
         ^~~~~~~~
/home/ec2-user/arduino-testlib/cli-datadir/user/libraries/TSController/src/TSController.cpp: In member function &#39;void TSController::setReverser(int)&#39;:
/home/ec2-user/arduino-testlib/cli-datadir/user/libraries/TSController/src/TSController.cpp:83:9: error: &#39;Keyboard&#39; was not declared in this scope
         Keyboard.press(&#39;w&#39;);
         ^~~~~~~~
/home/ec2-user/arduino-testlib/cli-datadir/user/libraries/TSController/src/TSController.cpp:88:9: error: &#39;Keyboard&#39; was not declared in this scope
         Keyboard.press(&#39;s&#39;);
         ^~~~~~~~
/home/ec2-user/arduino-testlib/cli-datadir/user/libraries/TSController/src/TSController.cpp: In member function &#39;void TSController::horn()&#39;:
/home/ec2-user/arduino-testlib/cli-datadir/user/libraries/TSController/src/TSController.cpp:98:5: error: &#39;Keyboard&#39; was not declared in this scope
     Keyboard.press(&#39; &#39;);
     ^~~~~~~~
/home/ec2-user/arduino-testlib/cli-datadir/user/libraries/TSController/src/TSController.cpp: In member function &#39;void TSController::toggleEngine()&#39;:
/home/ec2-user/arduino-testlib/cli-datadir/user/libraries/TSController/src/TSController.cpp:104:5: error: &#39;Keyboard&#39; was not declared in this scope
     Keyboard.press(&#39;z&#39;);
     ^~~~~~~~
/home/ec2-user/arduino-testlib/cli-datadir/user/libraries/TSController/src/TSController.cpp: In member function &#39;void TSController::toggleSander()&#39;:
/home/ec2-user/arduino-testlib/cli-datadir/user/libraries/TSController/src/TSController.cpp:110:9: error: &#39;Keyboard&#39; was not declared in this scope
         Keyboard.press(&#39;x&#39;);
         ^~~~~~~~
/home/ec2-user/arduino-testlib/cli-datadir/user/libraries/TSController/src/TSController.cpp: In member function &#39;void TSController::toggleWipers()&#39;:
/home/ec2-user/arduino-testlib/cli-datadir/user/libraries/TSController/src/TSController.cpp:116:9: error: &#39;Keyboard&#39; was not declared in this scope
         Keyboard.press(&#39;v&#39;);
         ^~~~~~~~
/home/ec2-user/arduino-testlib/cli-datadir/user/libraries/TSController/src/TSController.cpp: In member function &#39;void TSController::togglePantograph()&#39;:
/home/ec2-user/arduino-testlib/cli-datadir/user/libraries/TSController/src/TSController.cpp:122:9: error: &#39;Keyboard&#39; was not declared in this scope
         Keyboard.press(&#39;p&#39;);
         ^~~~~~~~
/home/ec2-user/arduino-testlib/cli-datadir/user/libraries/TSController/src/TSController.cpp: In member function &#39;void TSController::deadManConfirm()&#39;:
/home/ec2-user/arduino-testlib/cli-datadir/user/libraries/TSController/src/TSController.cpp:128:5: error: &#39;Keyboard&#39; was not declared in this scope
     Keyboard.press(&#39;q&#39;);
     ^~~~~~~~
/home/ec2-user/arduino-testlib/cli-datadir/user/libraries/TSController/src/TSController.cpp: In member function &#39;void TSController::emergencyBrake()&#39;:
/home/ec2-user/arduino-testlib/cli-datadir/user/libraries/TSController/src/TSController.cpp:134:5: error: &#39;Keyboard&#39; was not declared in this scope
     Keyboard.press(KEY_BACKSPACE);
     ^~~~~~~~
/home/ec2-user/arduino-testlib/cli-datadir/user/libraries/TSController/src/TSController.cpp:134:20: error: &#39;KEY_BACKSPACE&#39; was not declared in this scope
     Keyboard.press(KEY_BACKSPACE);
                    ^~~~~~~~~~~~~
/home/ec2-user/arduino-testlib/cli-datadir/user/libraries/TSController/src/TSController.cpp: In member function &#39;void TSController::lightTypeChange()&#39;:
/home/ec2-user/arduino-testlib/cli-datadir/user/libraries/TSController/src/TSController.cpp:140:5: error: &#39;Keyboard&#39; was not declared in this scope
     Keyboard.press(&#39;h&#39;);
     ^~~~~~~~
/home/ec2-user/arduino-testlib/cli-datadir/user/libraries/TSController/src/TSController.cpp: In member function &#39;void TSController::doorsOpen()&#39;:
/home/ec2-user/arduino-testlib/cli-datadir/user/libraries/TSController/src/TSController.cpp:146:5: error: &#39;Keyboard&#39; was not declared in this scope
     Keyboard.press(&#39;t&#39;);
     ^~~~~~~~
Multiple libraries were found for &#34;Keyboard.h&#34;
  Used: /home/ec2-user/arduino-testlib/cli-datadir/user/libraries/Keyboard
  Not used: /home/ec2-user/arduino-testlib/cli-datadir/user/libraries/BlueFairy
</pre>

					
					<h4>examples/analogControl</h4>
					<p>
						Result: <b>FAIL</b>
					</p>
					<pre class="pre-scrollable">In file included from /home/ec2-user/arduino-testlib/cli-datadir/user/libraries/Keyboard/src/Keyboard.h:25:0,
                 from /home/ec2-user/arduino-testlib/cli-datadir/user/libraries/TSController/src/TSController.cpp:4:
/home/ec2-user/arduino-testlib/cli-datadir/data/packages/arduino/hardware/megaavr/1.8.7/libraries/HID/src/HID.h:125:2: error: #error &#34;No Native USB support available on this board&#34;
 #error &#34;No Native USB support available on this board&#34;
  ^~~~~
/home/ec2-user/arduino-testlib/cli-datadir/user/libraries/TSController/src/TSController.cpp: In member function &#39;int TSController::begin()&#39;:
/home/ec2-user/arduino-testlib/cli-datadir/user/libraries/TSController/src/TSController.cpp:9:5: error: &#39;Keyboard&#39; was not declared in this scope
     Keyboard.begin();
     ^~~~~~~~
/home/ec2-user/arduino-testlib/cli-datadir/user/libraries/TSController/src/TSController.cpp: In member function &#39;void TSController::setThrottle(int, int)&#39;:
/home/ec2-user/arduino-testlib/cli-datadir/user/libraries/TSController/src/TSController.cpp:29:9: error: &#39;Keyboard&#39; was not declared in this scope
         Keyboard.press(&#39;a&#39;);
         ^~~~~~~~
/home/ec2-user/arduino-testlib/cli-datadir/user/libraries/TSController/src/TSController.cpp:35:9: error: &#39;Keyboard&#39; was not declared in this scope
         Keyboard.press(&#39;d&#39;);
         ^~~~~~~~
/home/ec2-user/arduino-testlib/cli-datadir/user/libraries/TSController/src/TSController.cpp:41:9: error: &#39;Keyboard&#39; was not declared in this scope
         Keyboard.press(&#39;d&#39;);
         ^~~~~~~~
/home/ec2-user/arduino-testlib/cli-datadir/user/libraries/TSController/src/TSController.cpp: In member function &#39;void TSController::setBrake(int, int)&#39;:
/home/ec2-user/arduino-testlib/cli-datadir/user/libraries/TSController/src/TSController.cpp:62:9: error: &#39;Keyboard&#39; was not declared in this scope
         Keyboard.press(&#39;\&#39;&#39;);
         ^~~~~~~~
/home/ec2-user/arduino-testlib/cli-datadir/user/libraries/TSController/src/TSController.cpp:68:9: error: &#39;Keyboard&#39; was not declared in this scope
         Keyboard.press(&#39;;&#39;);
         ^~~~~~~~
/home/ec2-user/arduino-testlib/cli-datadir/user/libraries/TSController/src/TSController.cpp:74:9: error: &#39;Keyboard&#39; was not declared in this scope
         Keyboard.press(&#39;;&#39;);
         ^~~~~~~~
/home/ec2-user/arduino-testlib/cli-datadir/user/libraries/TSController/src/TSController.cpp: In member function &#39;void TSController::setReverser(int)&#39;:
/home/ec2-user/arduino-testlib/cli-datadir/user/libraries/TSController/src/TSController.cpp:83:9: error: &#39;Keyboard&#39; was not declared in this scope
         Keyboard.press(&#39;w&#39;);
         ^~~~~~~~
/home/ec2-user/arduino-testlib/cli-datadir/user/libraries/TSController/src/TSController.cpp:88:9: error: &#39;Keyboard&#39; was not declared in this scope
         Keyboard.press(&#39;s&#39;);
         ^~~~~~~~
/home/ec2-user/arduino-testlib/cli-datadir/user/libraries/TSController/src/TSController.cpp: In member function &#39;void TSController::horn()&#39;:
/home/ec2-user/arduino-testlib/cli-datadir/user/libraries/TSController/src/TSController.cpp:98:5: error: &#39;Keyboard&#39; was not declared in this scope
     Keyboard.press(&#39; &#39;);
     ^~~~~~~~
/home/ec2-user/arduino-testlib/cli-datadir/user/libraries/TSController/src/TSController.cpp: In member function &#39;void TSController::toggleEngine()&#39;:
/home/ec2-user/arduino-testlib/cli-datadir/user/libraries/TSController/src/TSController.cpp:104:5: error: &#39;Keyboard&#39; was not declared in this scope
     Keyboard.press(&#39;z&#39;);
     ^~~~~~~~
/home/ec2-user/arduino-testlib/cli-datadir/user/libraries/TSController/src/TSController.cpp: In member function &#39;void TSController::toggleSander()&#39;:
/home/ec2-user/arduino-testlib/cli-datadir/user/libraries/TSController/src/TSController.cpp:110:9: error: &#39;Keyboard&#39; was not declared in this scope
         Keyboard.press(&#39;x&#39;);
         ^~~~~~~~
/home/ec2-user/arduino-testlib/cli-datadir/user/libraries/TSController/src/TSController.cpp: In member function &#39;void TSController::toggleWipers()&#39;:
/home/ec2-user/arduino-testlib/cli-datadir/user/libraries/TSController/src/TSController.cpp:116:9: error: &#39;Keyboard&#39; was not declared in this scope
         Keyboard.press(&#39;v&#39;);
         ^~~~~~~~
/home/ec2-user/arduino-testlib/cli-datadir/user/libraries/TSController/src/TSController.cpp: In member function &#39;void TSController::togglePantograph()&#39;:
/home/ec2-user/arduino-testlib/cli-datadir/user/libraries/TSController/src/TSController.cpp:122:9: error: &#39;Keyboard&#39; was not declared in this scope
         Keyboard.press(&#39;p&#39;);
         ^~~~~~~~
/home/ec2-user/arduino-testlib/cli-datadir/user/libraries/TSController/src/TSController.cpp: In member function &#39;void TSController::deadManConfirm()&#39;:
/home/ec2-user/arduino-testlib/cli-datadir/user/libraries/TSController/src/TSController.cpp:128:5: error: &#39;Keyboard&#39; was not declared in this scope
     Keyboard.press(&#39;q&#39;);
     ^~~~~~~~
/home/ec2-user/arduino-testlib/cli-datadir/user/libraries/TSController/src/TSController.cpp: In member function &#39;void TSController::emergencyBrake()&#39;:
/home/ec2-user/arduino-testlib/cli-datadir/user/libraries/TSController/src/TSController.cpp:134:5: error: &#39;Keyboard&#39; was not declared in this scope
     Keyboard.press(KEY_BACKSPACE);
     ^~~~~~~~
/home/ec2-user/arduino-testlib/cli-datadir/user/libraries/TSController/src/TSController.cpp:134:20: error: &#39;KEY_BACKSPACE&#39; was not declared in this scope
     Keyboard.press(KEY_BACKSPACE);
                    ^~~~~~~~~~~~~
/home/ec2-user/arduino-testlib/cli-datadir/user/libraries/TSController/src/TSController.cpp: In member function &#39;void TSController::lightTypeChange()&#39;:
/home/ec2-user/arduino-testlib/cli-datadir/user/libraries/TSController/src/TSController.cpp:140:5: error: &#39;Keyboard&#39; was not declared in this scope
     Keyboard.press(&#39;h&#39;);
     ^~~~~~~~
/home/ec2-user/arduino-testlib/cli-datadir/user/libraries/TSController/src/TSController.cpp: In member function &#39;void TSController::doorsOpen()&#39;:
/home/ec2-user/arduino-testlib/cli-datadir/user/libraries/TSController/src/TSController.cpp:146:5: error: &#39;Keyboard&#39; was not declared in this scope
     Keyboard.press(&#39;t&#39;);
     ^~~~~~~~
Multiple libraries were found for &#34;Keyboard.h&#34;
  Used: /home/ec2-user/arduino-testlib/cli-datadir/user/libraries/Keyboard
  Not used: /home/ec2-user/arduino-testlib/cli-datadir/user/libraries/BlueFairy
</pre>
					
					<h4>examples/completeTest</h4>
					<p>
						Result: <b>FAIL</b>
					</p>
					<pre class="pre-scrollable">/home/ec2-user/arduino-testlib/cli-datadir/user/libraries/TSController/examples/completeTest/completeTest.ino: In function &#39;void loop()&#39;:
/home/ec2-user/arduino-testlib/cli-datadir/user/libraries/TSController/examples/completeTest/completeTest.ino:25:25: error: no matching function for call to &#39;TSController::toggleSander(bool)&#39;
   ctrl.toggleSander(true);
                         ^
In file included from /home/ec2-user/arduino-testlib/cli-datadir/user/libraries/TSController/examples/completeTest/completeTest.ino:5:0:
/home/ec2-user/arduino-testlib/cli-datadir/user/libraries/TSController/src/TSController.h:21:8: note: candidate: void TSController::toggleSander()
   void toggleSander();
        ^~~~~~~~~~~~
/home/ec2-user/arduino-testlib/cli-datadir/user/libraries/TSController/src/TSController.h:21:8: note:   candidate expects 0 arguments, 1 provided
/home/ec2-user/arduino-testlib/cli-datadir/user/libraries/TSController/examples/completeTest/completeTest.ino:26:25: error: no matching function for call to &#39;TSController::toggleWipers(bool)&#39;
   ctrl.toggleWipers(true);
                         ^
In file included from /home/ec2-user/arduino-testlib/cli-datadir/user/libraries/TSController/examples/completeTest/completeTest.ino:5:0:
/home/ec2-user/arduino-testlib/cli-datadir/user/libraries/TSController/src/TSController.h:22:8: note: candidate: void TSController::toggleWipers()
   void toggleWipers();
        ^~~~~~~~~~~~
/home/ec2-user/arduino-testlib/cli-datadir/user/libraries/TSController/src/TSController.h:22:8: note:   candidate expects 0 arguments, 1 provided
/home/ec2-user/arduino-testlib/cli-datadir/user/libraries/TSController/examples/completeTest/completeTest.ino:28:26: error: no matching function for call to &#39;TSController::toggleSander(bool)&#39;
   ctrl.toggleSander(false);
                          ^
In file included from /home/ec2-user/arduino-testlib/cli-datadir/user/libraries/TSController/examples/completeTest/completeTest.ino:5:0:
/home/ec2-user/arduino-testlib/cli-datadir/user/libraries/TSController/src/TSController.h:21:8: note: candidate: void TSController::toggleSander()
   void toggleSander();
        ^~~~~~~~~~~~
/home/ec2-user/arduino-testlib/cli-datadir/user/libraries/TSController/src/TSController.h:21:8: note:   candidate expects 0 arguments, 1 provided
/home/ec2-user/arduino-testlib/cli-datadir/user/libraries/TSController/examples/completeTest/completeTest.ino:29:26: error: no matching function for call to &#39;TSController::toggleWipers(bool)&#39;
   ctrl.toggleWipers(false);
                          ^
In file included from /home/ec2-user/arduino-testlib/cli-datadir/user/libraries/TSController/examples/completeTest/completeTest.ino:5:0:
/home/ec2-user/arduino-testlib/cli-datadir/user/libraries/TSController/src/TSController.h:22:8: note: candidate: void TSController::toggleWipers()
   void toggleWipers();
        ^~~~~~~~~~~~
/home/ec2-user/arduino-testlib/cli-datadir/user/libraries/TSController/src/TSController.h:22:8: note:   candidate expects 0 arguments, 1 provided
Multiple libraries were found for &#34;Keyboard.h&#34;
  Used: /home/ec2-user/arduino-testlib/cli-datadir/user/libraries/Keyboard
  Not used: /home/ec2-user/arduino-testlib/cli-datadir/user/libraries/BlueFairy
</pre>
					
				
				<h3 id="arduino:samd:mkrwifi1010">arduino:samd:mkrwifi1010 @ 1.8.12</h3>
				<h4>Inclusion</h4>
				<p>
					Result: <b>PASS</b>
					
				</p>
				<pre class="pre-scrollable">Sketch uses 13420 bytes (5%) of program storage space. Maximum is 262144 bytes.
Global variables use 3064 bytes (9%) of dynamic memory, leaving 29704 bytes for local variables. Maximum is 32768 bytes.
</pre>

					
					<h4>examples/analogControl</h4>
					<p>
						Result: <b>PASS</b>
					</p>
					<pre class="pre-scrollable">Sketch uses 14340 bytes (5%) of program storage space. Maximum is 262144 bytes.
Global variables use 3072 bytes (9%) of dynamic memory, leaving 29696 bytes for local variables. Maximum is 32768 bytes.
</pre>
					
					<h4>examples/completeTest</h4>
					<p>
						Result: <b>FAIL</b>
					</p>
					<pre class="pre-scrollable">/home/ec2-user/arduino-testlib/cli-datadir/user/libraries/TSController/examples/completeTest/completeTest.ino: In function &#39;void loop()&#39;:
/home/ec2-user/arduino-testlib/cli-datadir/user/libraries/TSController/examples/completeTest/completeTest.ino:25:25: error: no matching function for call to &#39;TSController::toggleSander(bool)&#39;
   ctrl.toggleSander(true);
                         ^
In file included from /home/ec2-user/arduino-testlib/cli-datadir/user/libraries/TSController/examples/completeTest/completeTest.ino:5:0:
/home/ec2-user/arduino-testlib/cli-datadir/user/libraries/TSController/src/TSController.h:21:8: note: candidate: void TSController::toggleSander()
   void toggleSander();
        ^~~~~~~~~~~~
/home/ec2-user/arduino-testlib/cli-datadir/user/libraries/TSController/src/TSController.h:21:8: note:   candidate expects 0 arguments, 1 provided
/home/ec2-user/arduino-testlib/cli-datadir/user/libraries/TSController/examples/completeTest/completeTest.ino:26:25: error: no matching function for call to &#39;TSController::toggleWipers(bool)&#39;
   ctrl.toggleWipers(true);
                         ^
In file included from /home/ec2-user/arduino-testlib/cli-datadir/user/libraries/TSController/examples/completeTest/completeTest.ino:5:0:
/home/ec2-user/arduino-testlib/cli-datadir/user/libraries/TSController/src/TSController.h:22:8: note: candidate: void TSController::toggleWipers()
   void toggleWipers();
        ^~~~~~~~~~~~
/home/ec2-user/arduino-testlib/cli-datadir/user/libraries/TSController/src/TSController.h:22:8: note:   candidate expects 0 arguments, 1 provided
/home/ec2-user/arduino-testlib/cli-datadir/user/libraries/TSController/examples/completeTest/completeTest.ino:28:26: error: no matching function for call to &#39;TSController::toggleSander(bool)&#39;
   ctrl.toggleSander(false);
                          ^
In file included from /home/ec2-user/arduino-testlib/cli-datadir/user/libraries/TSController/examples/completeTest/completeTest.ino:5:0:
/home/ec2-user/arduino-testlib/cli-datadir/user/libraries/TSController/src/TSController.h:21:8: note: candidate: void TSController::toggleSander()
   void toggleSander();
        ^~~~~~~~~~~~
/home/ec2-user/arduino-testlib/cli-datadir/user/libraries/TSController/src/TSController.h:21:8: note:   candidate expects 0 arguments, 1 provided
/home/ec2-user/arduino-testlib/cli-datadir/user/libraries/TSController/examples/completeTest/completeTest.ino:29:26: error: no matching function for call to &#39;TSController::toggleWipers(bool)&#39;
   ctrl.toggleWipers(false);
                          ^
In file included from /home/ec2-user/arduino-testlib/cli-datadir/user/libraries/TSController/examples/completeTest/completeTest.ino:5:0:
/home/ec2-user/arduino-testlib/cli-datadir/user/libraries/TSController/src/TSController.h:22:8: note: candidate: void TSController::toggleWipers()
   void toggleWipers();
        ^~~~~~~~~~~~
/home/ec2-user/arduino-testlib/cli-datadir/user/libraries/TSController/src/TSController.h:22:8: note:   candidate expects 0 arguments, 1 provided
Multiple libraries were found for &#34;Keyboard.h&#34;
  Used: /home/ec2-user/arduino-testlib/cli-datadir/user/libraries/Keyboard
  Not used: /home/ec2-user/arduino-testlib/cli-datadir/user/libraries/BlueFairy
</pre>
					
				
				<h3 id="esp32:esp32:d1_mini32">esp32:esp32:d1_mini32 @ 1.0.6</h3>
				<h4>Inclusion</h4>
				<p>
					Result: <b>FAIL</b>
					
				</p>
				<pre class="pre-scrollable">In file included from /home/ec2-user/arduino-testlib/cli-datadir/user/libraries/TSController/src/TSController.cpp:4:0:
/home/ec2-user/arduino-testlib/cli-datadir/user/libraries/Keyboard/src/Keyboard.h:25:17: fatal error: HID.h: No such file or directory
compilation terminated.
Multiple libraries were found for &#34;Keyboard.h&#34;
  Used: /home/ec2-user/arduino-testlib/cli-datadir/user/libraries/Keyboard
  Not used: /home/ec2-user/arduino-testlib/cli-datadir/user/libraries/BlueFairy
</pre>

					
					<h4>examples/analogControl</h4>
					<p>
						Result: <b>FAIL</b>
					</p>
					<pre class="pre-scrollable">In file included from /home/ec2-user/arduino-testlib/cli-datadir/user/libraries/TSController/src/TSController.cpp:4:0:
/home/ec2-user/arduino-testlib/cli-datadir/user/libraries/Keyboard/src/Keyboard.h:25:17: fatal error: HID.h: No such file or directory
compilation terminated.
Multiple libraries were found for &#34;Keyboard.h&#34;
  Used: /home/ec2-user/arduino-testlib/cli-datadir/user/libraries/Keyboard
  Not used: /home/ec2-user/arduino-testlib/cli-datadir/user/libraries/BlueFairy
</pre>
					
					<h4>examples/completeTest</h4>
					<p>
						Result: <b>FAIL</b>
					</p>
					<pre class="pre-scrollable">In file included from /home/ec2-user/arduino-testlib/cli-datadir/user/libraries/TSController/src/TSController.cpp:4:0:
/home/ec2-user/arduino-testlib/cli-datadir/user/libraries/Keyboard/src/Keyboard.h:25:17: fatal error: HID.h: No such file or directory
compilation terminated.
Multiple libraries were found for &#34;Keyboard.h&#34;
  Used: /home/ec2-user/arduino-testlib/cli-datadir/user/libraries/Keyboard
  Not used: /home/ec2-user/arduino-testlib/cli-datadir/user/libraries/BlueFairy
</pre>
					
				
			</div>
		</div>
	</div>
  </body>
</html>
