
<!doctype html>
<html lang="en">
  <head>
    <meta charset="utf-8">
    <meta name="viewport" content="width=device-width, initial-scale=1">
    <link href="https://cdn.jsdelivr.net/npm/bootstrap@5.0.2/dist/css/bootstrap.min.css" rel="stylesheet" integrity="sha384-EVSTQN3/azprG1Anm3QDgpJLIm9Nao0Yz1ztcQTwFspd3yD65VohhpuuCOmLASjC" crossorigin="anonymous">
    <title>arduino-testlib report</title>
	<style>
	.pass { background-color: #00FF00 !important; }
	.fail { background-color: #FF0000 !important; }
	</style>
  </head>
  <body>
	<div class="container">
		<div class="row">
			<div class="col">
				<h1>Tuya_WiFi_MCU_SDK - compatibility matrix</h1>
				<p>
					<small>This report was generated on Monday, 21-Feb-22 12:00:25 CET using 
					<a href="https://github.com/alranel/arduino-testlib">arduino-testlib</a>.</small>
				</p>

				<h2>Tuya_WiFi_MCU_SDK</h2>
				<p>
					Version: <b>0.0.2</b>
					<br />
					<a href="https://www.arduino.cc/reference/en/libraries/tuya_wifi_mcu_sdk/">More details</a>
				</p>

				<h2>Compatibility matrix</h2>
				<table class="table table-bordered">
					<tr>
						<th>Board</th>
						<th>Claims compatibility</th>
						<th>Inclusion</th>
						
						<th><pre>DataPointType</pre></th>
						
						<th><pre>GetGreenTime</pre></th>
						
						<th><pre>ModuleControlSelf</pre></th>
						
						<th><pre>SHT30</pre></th>
						
						<th><pre>start</pre></th>
						
					</tr>
					
					<tr>
						<td>
							<a href="#arduino%3aavr%3auno"><b>arduino:avr:uno</b></a>
							<br />
							<small>1.8.4</small>
						</td>

						
							<td>Yes</td>
							<td class="pass">PASS</td>
						
						
						
						

						
							
								
									
										
											<td class="pass">PASS</td>
											
										
									
										
									
										
									
										
									
										
									
								
							
								
							
								
							
								
							
								
							
						
							
								
									
										
									
										
											<td class="pass">PASS</td>
											
										
									
										
									
										
									
										
									
								
							
								
							
								
							
								
							
								
							
						
							
								
									
										
									
										
									
										
											
											<td class="fail">FAIL</td>
										
									
										
									
										
									
								
							
								
							
								
							
								
							
								
							
						
							
								
									
										
									
										
									
										
									
										
											<td class="pass">PASS</td>
											
										
									
										
									
								
							
								
							
								
							
								
							
								
							
						
							
								
									
										
									
										
									
										
									
										
									
										
											<td class="pass">PASS</td>
											
										
									
								
							
								
							
								
							
								
							
								
							
						
					</tr>
					
					<tr>
						<td>
							<a href="#arduino%3ambed_nano%3ananorp2040connect"><b>arduino:mbed_nano:nanorp2040connect</b></a>
							<br />
							<small>2.7.2</small>
						</td>

						
						
						
							<td>Yes ⚠️</td>
							<td class="fail">FAIL</td>
						
						

						
							
								
							
								
									
										
											
											<td class="fail">FAIL</td>
										
									
										
									
										
									
										
									
										
									
								
							
								
							
								
							
								
							
						
							
								
							
								
									
										
									
										
											
											<td class="fail">FAIL</td>
										
									
										
									
										
									
										
									
								
							
								
							
								
							
								
							
						
							
								
							
								
									
										
									
										
									
										
											
											<td class="fail">FAIL</td>
										
									
										
									
										
									
								
							
								
							
								
							
								
							
						
							
								
							
								
									
										
									
										
									
										
									
										
											
											<td class="fail">FAIL</td>
										
									
										
									
								
							
								
							
								
							
								
							
						
							
								
							
								
									
										
									
										
									
										
									
										
									
										
											
											<td class="fail">FAIL</td>
										
									
								
							
								
							
								
							
								
							
						
					</tr>
					
					<tr>
						<td>
							<a href="#arduino%3amegaavr%3anona4809"><b>arduino:megaavr:nona4809</b></a>
							<br />
							<small>1.8.7</small>
						</td>

						
							<td>Yes</td>
							<td class="pass">PASS</td>
						
						
						
						

						
							
								
							
								
							
								
									
										
											<td class="pass">PASS</td>
											
										
									
										
									
										
									
										
									
										
									
								
							
								
							
								
							
						
							
								
							
								
							
								
									
										
									
										
											<td class="pass">PASS</td>
											
										
									
										
									
										
									
										
									
								
							
								
							
								
							
						
							
								
							
								
							
								
									
										
									
										
									
										
											
											<td class="fail">FAIL</td>
										
									
										
									
										
									
								
							
								
							
								
							
						
							
								
							
								
							
								
									
										
									
										
									
										
									
										
											<td class="pass">PASS</td>
											
										
									
										
									
								
							
								
							
								
							
						
							
								
							
								
							
								
									
										
									
										
									
										
									
										
									
										
											<td class="pass">PASS</td>
											
										
									
								
							
								
							
								
							
						
					</tr>
					
					<tr>
						<td>
							<a href="#arduino%3asamd%3amkrwifi1010"><b>arduino:samd:mkrwifi1010</b></a>
							<br />
							<small>1.8.12</small>
						</td>

						
						
						
							<td>Yes ⚠️</td>
							<td class="fail">FAIL</td>
						
						

						
							
								
							
								
							
								
							
								
									
										
											
											<td class="fail">FAIL</td>
										
									
										
									
										
									
										
									
										
									
								
							
								
							
						
							
								
							
								
							
								
							
								
									
										
									
										
											
											<td class="fail">FAIL</td>
										
									
										
									
										
									
										
									
								
							
								
							
						
							
								
							
								
							
								
							
								
									
										
									
										
									
										
											
											<td class="fail">FAIL</td>
										
									
										
									
										
									
								
							
								
							
						
							
								
							
								
							
								
							
								
									
										
									
										
									
										
									
										
											
											<td class="fail">FAIL</td>
										
									
										
									
								
							
								
							
						
							
								
							
								
							
								
							
								
									
										
									
										
									
										
									
										
									
										
											
											<td class="fail">FAIL</td>
										
									
								
							
								
							
						
					</tr>
					
					<tr>
						<td>
							<a href="#esp32%3aesp32%3ad1_mini32"><b>esp32:esp32:d1_mini32</b></a>
							<br />
							<small>1.0.6</small>
						</td>

						
						
						
							<td>Yes ⚠️</td>
							<td class="fail">FAIL</td>
						
						

						
							
								
							
								
							
								
							
								
							
								
									
										
											
											<td class="fail">FAIL</td>
										
									
										
									
										
									
										
									
										
									
								
							
						
							
								
							
								
							
								
							
								
							
								
									
										
									
										
											
											<td class="fail">FAIL</td>
										
									
										
									
										
									
										
									
								
							
						
							
								
							
								
							
								
							
								
							
								
									
										
									
										
									
										
											
											<td class="fail">FAIL</td>
										
									
										
									
										
									
								
							
						
							
								
							
								
							
								
							
								
							
								
									
										
									
										
									
										
									
										
											
											<td class="fail">FAIL</td>
										
									
										
									
								
							
						
							
								
							
								
							
								
							
								
							
								
									
										
									
										
									
										
									
										
									
										
											
											<td class="fail">FAIL</td>
										
									
								
							
						
					</tr>
					
				</table>

				<h2>Compilation logs</h2>
				
				<h3 id="arduino:avr:uno">arduino:avr:uno @ 1.8.4</h3>
				<h4>Inclusion</h4>
				<p>
					Result: <b>PASS</b>
					
				</p>
				<pre class="pre-scrollable">Sketch uses 1376 bytes (4%) of program storage space. Maximum is 32256 bytes.
Global variables use 375 bytes (18%) of dynamic memory, leaving 1673 bytes for local variables. Maximum is 2048 bytes.
</pre>

					
					<h4>examples/DataPointType</h4>
					<p>
						Result: <b>PASS</b>
					</p>
					<pre class="pre-scrollable">Sketch uses 7326 bytes (22%) of program storage space. Maximum is 32256 bytes.
Global variables use 691 bytes (33%) of dynamic memory, leaving 1357 bytes for local variables. Maximum is 2048 bytes.
</pre>
					
					<h4>examples/GetGreenTime</h4>
					<p>
						Result: <b>PASS</b>
					</p>
					<pre class="pre-scrollable">Sketch uses 6600 bytes (20%) of program storage space. Maximum is 32256 bytes.
Global variables use 640 bytes (31%) of dynamic memory, leaving 1408 bytes for local variables. Maximum is 2048 bytes.
</pre>
					
					<h4>examples/ModuleControlSelf</h4>
					<p>
						Result: <b>FAIL</b>
					</p>
					<pre class="pre-scrollable">/home/ec2-user/arduino-testlib/cli-datadir/user/libraries/Tuya_WiFi_MCU_SDK/examples/ModuleControlSelf/ModuleControlSelf.ino: In function &#39;void setup()&#39;:
/home/ec2-user/arduino-testlib/cli-datadir/user/libraries/Tuya_WiFi_MCU_SDK/examples/ModuleControlSelf/ModuleControlSelf.ino:52:13: error: &#39;class TuyaWifi&#39; has no member named &#39;set_state_pin&#39;
   my_device.set_state_pin(16, 28);
             ^~~~~~~~~~~~~
/home/ec2-user/arduino-testlib/cli-datadir/user/libraries/Tuya_WiFi_MCU_SDK/examples/ModuleControlSelf/ModuleControlSelf.ino: In function &#39;unsigned char dp_process(unsigned char, const unsigned char*, short unsigned int)&#39;:
/home/ec2-user/arduino-testlib/cli-datadir/user/libraries/Tuya_WiFi_MCU_SDK/examples/ModuleControlSelf/ModuleControlSelf.ino:73:7: error: &#39;led_state&#39; was not declared in this scope
       led_state = my_device.mcu_get_dp_download_data(dpid, value, length); /* Get the value of the down DP command */
       ^~~~~~~~~
/home/ec2-user/arduino-testlib/cli-datadir/user/libraries/Tuya_WiFi_MCU_SDK/examples/ModuleControlSelf/ModuleControlSelf.ino: In function &#39;void dp_update_all()&#39;:
/home/ec2-user/arduino-testlib/cli-datadir/user/libraries/Tuya_WiFi_MCU_SDK/examples/ModuleControlSelf/ModuleControlSelf.ino:97:40: error: &#39;led_state&#39; was not declared in this scope
   my_device.mcu_dp_update(DPID_SWITCH, led_state, 1);
                                        ^~~~~~~~~
Multiple libraries were found for &#34;SoftwareSerial.h&#34;
  Used: /home/ec2-user/arduino-testlib/cli-datadir/data/packages/arduino/hardware/avr/1.8.4/libraries/SoftwareSerial
  Not used: /home/ec2-user/arduino-testlib/cli-datadir/user/libraries/Dabble
  Not used: /home/ec2-user/arduino-testlib/cli-datadir/user/libraries/EspSoftwareSerial
  Not used: /home/ec2-user/arduino-testlib/cli-datadir/user/libraries/Printoo_Library
</pre>
					
					<h4>examples/SHT30</h4>
					<p>
						Result: <b>PASS</b>
					</p>
					<pre class="pre-scrollable">Sketch uses 7988 bytes (24%) of program storage space. Maximum is 32256 bytes.
Global variables use 706 bytes (34%) of dynamic memory, leaving 1342 bytes for local variables. Maximum is 2048 bytes.
</pre>
					
					<h4>examples/start</h4>
					<p>
						Result: <b>PASS</b>
					</p>
					<pre class="pre-scrollable">Sketch uses 4816 bytes (14%) of program storage space. Maximum is 32256 bytes.
Global variables use 484 bytes (23%) of dynamic memory, leaving 1564 bytes for local variables. Maximum is 2048 bytes.
</pre>
					
				
				<h3 id="arduino:mbed_nano:nanorp2040connect">arduino:mbed_nano:nanorp2040connect @ 2.7.2</h3>
				<h4>Inclusion</h4>
				<p>
					Result: <b>FAIL</b>
					
				</p>
				<pre class="pre-scrollable">/home/ec2-user/arduino-testlib/cli-datadir/user/libraries/Dabble/src/SoftwareSerial.cpp:45:10: fatal error: util/delay_basic.h: No such file or directory
 #include &lt;util/delay_basic.h&gt;
          ^~~~~~~~~~~~~~~~~~~~
compilation terminated.
Multiple libraries were found for &#34;SoftwareSerial.h&#34;
  Used: /home/ec2-user/arduino-testlib/cli-datadir/user/libraries/Dabble
  Not used: /home/ec2-user/arduino-testlib/cli-datadir/user/libraries/Printoo_Library
  Not used: /home/ec2-user/arduino-testlib/cli-datadir/user/libraries/EspSoftwareSerial
</pre>

					
					<h4>examples/DataPointType</h4>
					<p>
						Result: <b>FAIL</b>
					</p>
					<pre class="pre-scrollable">/home/ec2-user/arduino-testlib/cli-datadir/user/libraries/Dabble/src/SoftwareSerial.cpp:45:10: fatal error: util/delay_basic.h: No such file or directory
 #include &lt;util/delay_basic.h&gt;
          ^~~~~~~~~~~~~~~~~~~~
compilation terminated.
Multiple libraries were found for &#34;SoftwareSerial.h&#34;
  Used: /home/ec2-user/arduino-testlib/cli-datadir/user/libraries/Dabble
  Not used: /home/ec2-user/arduino-testlib/cli-datadir/user/libraries/EspSoftwareSerial
  Not used: /home/ec2-user/arduino-testlib/cli-datadir/user/libraries/Printoo_Library
</pre>
					
					<h4>examples/GetGreenTime</h4>
					<p>
						Result: <b>FAIL</b>
					</p>
					<pre class="pre-scrollable">/home/ec2-user/arduino-testlib/cli-datadir/user/libraries/Dabble/src/SoftwareSerial.cpp:45:10: fatal error: util/delay_basic.h: No such file or directory
 #include &lt;util/delay_basic.h&gt;
          ^~~~~~~~~~~~~~~~~~~~
compilation terminated.
Multiple libraries were found for &#34;SoftwareSerial.h&#34;
  Used: /home/ec2-user/arduino-testlib/cli-datadir/user/libraries/Dabble
  Not used: /home/ec2-user/arduino-testlib/cli-datadir/user/libraries/Printoo_Library
  Not used: /home/ec2-user/arduino-testlib/cli-datadir/user/libraries/EspSoftwareSerial
</pre>
					
					<h4>examples/ModuleControlSelf</h4>
					<p>
						Result: <b>FAIL</b>
					</p>
					<pre class="pre-scrollable">/home/ec2-user/arduino-testlib/cli-datadir/user/libraries/Dabble/src/SoftwareSerial.cpp:45:10: fatal error: util/delay_basic.h: No such file or directory
 #include &lt;util/delay_basic.h&gt;
          ^~~~~~~~~~~~~~~~~~~~
compilation terminated.
Multiple libraries were found for &#34;SoftwareSerial.h&#34;
  Used: /home/ec2-user/arduino-testlib/cli-datadir/user/libraries/Dabble
  Not used: /home/ec2-user/arduino-testlib/cli-datadir/user/libraries/EspSoftwareSerial
  Not used: /home/ec2-user/arduino-testlib/cli-datadir/user/libraries/Printoo_Library
</pre>
					
					<h4>examples/SHT30</h4>
					<p>
						Result: <b>FAIL</b>
					</p>
					<pre class="pre-scrollable">/home/ec2-user/arduino-testlib/cli-datadir/user/libraries/Dabble/src/SoftwareSerial.cpp:45:10: fatal error: util/delay_basic.h: No such file or directory
 #include &lt;util/delay_basic.h&gt;
          ^~~~~~~~~~~~~~~~~~~~
compilation terminated.
Multiple libraries were found for &#34;SoftwareSerial.h&#34;
  Used: /home/ec2-user/arduino-testlib/cli-datadir/user/libraries/Dabble
  Not used: /home/ec2-user/arduino-testlib/cli-datadir/user/libraries/Printoo_Library
  Not used: /home/ec2-user/arduino-testlib/cli-datadir/user/libraries/EspSoftwareSerial
</pre>
					
					<h4>examples/start</h4>
					<p>
						Result: <b>FAIL</b>
					</p>
					<pre class="pre-scrollable">/home/ec2-user/arduino-testlib/cli-datadir/user/libraries/Dabble/src/SoftwareSerial.cpp:45:10: fatal error: util/delay_basic.h: No such file or directory
 #include &lt;util/delay_basic.h&gt;
          ^~~~~~~~~~~~~~~~~~~~
compilation terminated.
Multiple libraries were found for &#34;SoftwareSerial.h&#34;
  Used: /home/ec2-user/arduino-testlib/cli-datadir/user/libraries/Dabble
  Not used: /home/ec2-user/arduino-testlib/cli-datadir/user/libraries/EspSoftwareSerial
  Not used: /home/ec2-user/arduino-testlib/cli-datadir/user/libraries/Printoo_Library
</pre>
					
				
				<h3 id="arduino:megaavr:nona4809">arduino:megaavr:nona4809 @ 1.8.7</h3>
				<h4>Inclusion</h4>
				<p>
					Result: <b>PASS</b>
					
				</p>
				<pre class="pre-scrollable">Sketch uses 3190 bytes (6%) of program storage space. Maximum is 49152 bytes.
Global variables use 464 bytes (7%) of dynamic memory, leaving 5680 bytes for local variables. Maximum is 6144 bytes.
</pre>

					
					<h4>examples/DataPointType</h4>
					<p>
						Result: <b>PASS</b>
					</p>
					<pre class="pre-scrollable">Sketch uses 8608 bytes (17%) of program storage space. Maximum is 49152 bytes.
Global variables use 772 bytes (12%) of dynamic memory, leaving 5372 bytes for local variables. Maximum is 6144 bytes.
</pre>
					
					<h4>examples/GetGreenTime</h4>
					<p>
						Result: <b>PASS</b>
					</p>
					<pre class="pre-scrollable">Sketch uses 7887 bytes (16%) of program storage space. Maximum is 49152 bytes.
Global variables use 753 bytes (12%) of dynamic memory, leaving 5391 bytes for local variables. Maximum is 6144 bytes.
</pre>
					
					<h4>examples/ModuleControlSelf</h4>
					<p>
						Result: <b>FAIL</b>
					</p>
					<pre class="pre-scrollable">/home/ec2-user/arduino-testlib/cli-datadir/user/libraries/Tuya_WiFi_MCU_SDK/examples/ModuleControlSelf/ModuleControlSelf.ino: In function &#39;void setup()&#39;:
/home/ec2-user/arduino-testlib/cli-datadir/user/libraries/Tuya_WiFi_MCU_SDK/examples/ModuleControlSelf/ModuleControlSelf.ino:52:13: error: &#39;class TuyaWifi&#39; has no member named &#39;set_state_pin&#39;
   my_device.set_state_pin(16, 28);
             ^~~~~~~~~~~~~
/home/ec2-user/arduino-testlib/cli-datadir/user/libraries/Tuya_WiFi_MCU_SDK/examples/ModuleControlSelf/ModuleControlSelf.ino: In function &#39;unsigned char dp_process(unsigned char, const unsigned char*, short unsigned int)&#39;:
/home/ec2-user/arduino-testlib/cli-datadir/user/libraries/Tuya_WiFi_MCU_SDK/examples/ModuleControlSelf/ModuleControlSelf.ino:73:7: error: &#39;led_state&#39; was not declared in this scope
       led_state = my_device.mcu_get_dp_download_data(dpid, value, length); /* Get the value of the down DP command */
       ^~~~~~~~~
/home/ec2-user/arduino-testlib/cli-datadir/user/libraries/Tuya_WiFi_MCU_SDK/examples/ModuleControlSelf/ModuleControlSelf.ino: In function &#39;void dp_update_all()&#39;:
/home/ec2-user/arduino-testlib/cli-datadir/user/libraries/Tuya_WiFi_MCU_SDK/examples/ModuleControlSelf/ModuleControlSelf.ino:97:40: error: &#39;led_state&#39; was not declared in this scope
   my_device.mcu_dp_update(DPID_SWITCH, led_state, 1);
                                        ^~~~~~~~~
Multiple libraries were found for &#34;SoftwareSerial.h&#34;
  Used: /home/ec2-user/arduino-testlib/cli-datadir/data/packages/arduino/hardware/megaavr/1.8.7/libraries/SoftwareSerial
  Not used: /home/ec2-user/arduino-testlib/cli-datadir/user/libraries/Printoo_Library
  Not used: /home/ec2-user/arduino-testlib/cli-datadir/user/libraries/Dabble
  Not used: /home/ec2-user/arduino-testlib/cli-datadir/user/libraries/EspSoftwareSerial
</pre>
					
					<h4>examples/SHT30</h4>
					<p>
						Result: <b>PASS</b>
					</p>
					<pre class="pre-scrollable">Sketch uses 9512 bytes (19%) of program storage space. Maximum is 49152 bytes.
Global variables use 860 bytes (13%) of dynamic memory, leaving 5284 bytes for local variables. Maximum is 6144 bytes.
</pre>
					
					<h4>examples/start</h4>
					<p>
						Result: <b>PASS</b>
					</p>
					<pre class="pre-scrollable">Sketch uses 6274 bytes (12%) of program storage space. Maximum is 49152 bytes.
Global variables use 547 bytes (8%) of dynamic memory, leaving 5597 bytes for local variables. Maximum is 6144 bytes.
</pre>
					
				
				<h3 id="arduino:samd:mkrwifi1010">arduino:samd:mkrwifi1010 @ 1.8.12</h3>
				<h4>Inclusion</h4>
				<p>
					Result: <b>FAIL</b>
					
				</p>
				<pre class="pre-scrollable">/home/ec2-user/arduino-testlib/cli-datadir/user/libraries/Dabble/src/SoftwareSerial.cpp:45:10: fatal error: util/delay_basic.h: No such file or directory
 #include &lt;util/delay_basic.h&gt;
          ^~~~~~~~~~~~~~~~~~~~
compilation terminated.
Multiple libraries were found for &#34;SoftwareSerial.h&#34;
  Used: /home/ec2-user/arduino-testlib/cli-datadir/user/libraries/Dabble
  Not used: /home/ec2-user/arduino-testlib/cli-datadir/user/libraries/Printoo_Library
  Not used: /home/ec2-user/arduino-testlib/cli-datadir/user/libraries/EspSoftwareSerial
</pre>

					
					<h4>examples/DataPointType</h4>
					<p>
						Result: <b>FAIL</b>
					</p>
					<pre class="pre-scrollable">/home/ec2-user/arduino-testlib/cli-datadir/user/libraries/Dabble/src/SoftwareSerial.cpp:45:10: fatal error: util/delay_basic.h: No such file or directory
 #include &lt;util/delay_basic.h&gt;
          ^~~~~~~~~~~~~~~~~~~~
compilation terminated.
Multiple libraries were found for &#34;SoftwareSerial.h&#34;
  Used: /home/ec2-user/arduino-testlib/cli-datadir/user/libraries/Dabble
  Not used: /home/ec2-user/arduino-testlib/cli-datadir/user/libraries/EspSoftwareSerial
  Not used: /home/ec2-user/arduino-testlib/cli-datadir/user/libraries/Printoo_Library
</pre>
					
					<h4>examples/GetGreenTime</h4>
					<p>
						Result: <b>FAIL</b>
					</p>
					<pre class="pre-scrollable">/home/ec2-user/arduino-testlib/cli-datadir/user/libraries/Dabble/src/SoftwareSerial.cpp:45:10: fatal error: util/delay_basic.h: No such file or directory
 #include &lt;util/delay_basic.h&gt;
          ^~~~~~~~~~~~~~~~~~~~
compilation terminated.
Multiple libraries were found for &#34;SoftwareSerial.h&#34;
  Used: /home/ec2-user/arduino-testlib/cli-datadir/user/libraries/Dabble
  Not used: /home/ec2-user/arduino-testlib/cli-datadir/user/libraries/Printoo_Library
  Not used: /home/ec2-user/arduino-testlib/cli-datadir/user/libraries/EspSoftwareSerial
</pre>
					
					<h4>examples/ModuleControlSelf</h4>
					<p>
						Result: <b>FAIL</b>
					</p>
					<pre class="pre-scrollable">/home/ec2-user/arduino-testlib/cli-datadir/user/libraries/Dabble/src/SoftwareSerial.cpp:45:10: fatal error: util/delay_basic.h: No such file or directory
 #include &lt;util/delay_basic.h&gt;
          ^~~~~~~~~~~~~~~~~~~~
compilation terminated.
Multiple libraries were found for &#34;SoftwareSerial.h&#34;
  Used: /home/ec2-user/arduino-testlib/cli-datadir/user/libraries/Dabble
  Not used: /home/ec2-user/arduino-testlib/cli-datadir/user/libraries/EspSoftwareSerial
  Not used: /home/ec2-user/arduino-testlib/cli-datadir/user/libraries/Printoo_Library
</pre>
					
					<h4>examples/SHT30</h4>
					<p>
						Result: <b>FAIL</b>
					</p>
					<pre class="pre-scrollable">/home/ec2-user/arduino-testlib/cli-datadir/user/libraries/Dabble/src/SoftwareSerial.cpp:45:10: fatal error: util/delay_basic.h: No such file or directory
 #include &lt;util/delay_basic.h&gt;
          ^~~~~~~~~~~~~~~~~~~~
compilation terminated.
Multiple libraries were found for &#34;SoftwareSerial.h&#34;
  Used: /home/ec2-user/arduino-testlib/cli-datadir/user/libraries/Dabble
  Not used: /home/ec2-user/arduino-testlib/cli-datadir/user/libraries/Printoo_Library
  Not used: /home/ec2-user/arduino-testlib/cli-datadir/user/libraries/EspSoftwareSerial
</pre>
					
					<h4>examples/start</h4>
					<p>
						Result: <b>FAIL</b>
					</p>
					<pre class="pre-scrollable">/home/ec2-user/arduino-testlib/cli-datadir/user/libraries/Dabble/src/SoftwareSerial.cpp:45:10: fatal error: util/delay_basic.h: No such file or directory
 #include &lt;util/delay_basic.h&gt;
          ^~~~~~~~~~~~~~~~~~~~
compilation terminated.
Multiple libraries were found for &#34;SoftwareSerial.h&#34;
  Used: /home/ec2-user/arduino-testlib/cli-datadir/user/libraries/Dabble
  Not used: /home/ec2-user/arduino-testlib/cli-datadir/user/libraries/EspSoftwareSerial
  Not used: /home/ec2-user/arduino-testlib/cli-datadir/user/libraries/Printoo_Library
</pre>
					
				
				<h3 id="esp32:esp32:d1_mini32">esp32:esp32:d1_mini32 @ 1.0.6</h3>
				<h4>Inclusion</h4>
				<p>
					Result: <b>FAIL</b>
					
				</p>
				<pre class="pre-scrollable">In file included from /tmp/arduino-testlib966194698/test/test.ino:1:0:
/home/ec2-user/arduino-testlib/cli-datadir/user/libraries/Tuya_WiFi_MCU_SDK/src/TuyaWifi.h:81:10: error: extra qualification &#39;TuyaWifi::&#39; on member &#39;get_green_time&#39; [-fpermissive]
     char TuyaWifi::get_green_time(TUYA_WIFI_TIME *time, const unsigned int timeout);
          ^
/home/ec2-user/arduino-testlib/cli-datadir/user/libraries/Tuya_WiFi_MCU_SDK/src/TuyaWifi.h:85:10: error: extra qualification &#39;TuyaWifi::&#39; on member &#39;get_rtc_time&#39; [-fpermissive]
     char TuyaWifi::get_rtc_time(TUYA_WIFI_TIME *time, const unsigned int timeout);
          ^
Multiple libraries were found for &#34;SoftwareSerial.h&#34;
  Used: /home/ec2-user/arduino-testlib/cli-datadir/user/libraries/EspSoftwareSerial
  Not used: /home/ec2-user/arduino-testlib/cli-datadir/user/libraries/Printoo_Library
  Not used: /home/ec2-user/arduino-testlib/cli-datadir/user/libraries/Dabble
</pre>

					
					<h4>examples/DataPointType</h4>
					<p>
						Result: <b>FAIL</b>
					</p>
					<pre class="pre-scrollable">In file included from /home/ec2-user/arduino-testlib/cli-datadir/user/libraries/Tuya_WiFi_MCU_SDK/examples/DataPointType/DataPointType.ino:14:0:
/home/ec2-user/arduino-testlib/cli-datadir/user/libraries/Tuya_WiFi_MCU_SDK/src/TuyaWifi.h:81:10: error: extra qualification &#39;TuyaWifi::&#39; on member &#39;get_green_time&#39; [-fpermissive]
     char TuyaWifi::get_green_time(TUYA_WIFI_TIME *time, const unsigned int timeout);
          ^
/home/ec2-user/arduino-testlib/cli-datadir/user/libraries/Tuya_WiFi_MCU_SDK/src/TuyaWifi.h:85:10: error: extra qualification &#39;TuyaWifi::&#39; on member &#39;get_rtc_time&#39; [-fpermissive]
     char TuyaWifi::get_rtc_time(TUYA_WIFI_TIME *time, const unsigned int timeout);
          ^
Multiple libraries were found for &#34;SoftwareSerial.h&#34;
  Used: /home/ec2-user/arduino-testlib/cli-datadir/user/libraries/EspSoftwareSerial
  Not used: /home/ec2-user/arduino-testlib/cli-datadir/user/libraries/Printoo_Library
  Not used: /home/ec2-user/arduino-testlib/cli-datadir/user/libraries/Dabble
</pre>
					
					<h4>examples/GetGreenTime</h4>
					<p>
						Result: <b>FAIL</b>
					</p>
					<pre class="pre-scrollable">In file included from /home/ec2-user/arduino-testlib/cli-datadir/user/libraries/Tuya_WiFi_MCU_SDK/examples/GetGreenTime/GetGreenTime.ino:13:0:
/home/ec2-user/arduino-testlib/cli-datadir/user/libraries/Tuya_WiFi_MCU_SDK/src/TuyaWifi.h:81:10: error: extra qualification &#39;TuyaWifi::&#39; on member &#39;get_green_time&#39; [-fpermissive]
     char TuyaWifi::get_green_time(TUYA_WIFI_TIME *time, const unsigned int timeout);
          ^
/home/ec2-user/arduino-testlib/cli-datadir/user/libraries/Tuya_WiFi_MCU_SDK/src/TuyaWifi.h:85:10: error: extra qualification &#39;TuyaWifi::&#39; on member &#39;get_rtc_time&#39; [-fpermissive]
     char TuyaWifi::get_rtc_time(TUYA_WIFI_TIME *time, const unsigned int timeout);
          ^
Multiple libraries were found for &#34;SoftwareSerial.h&#34;
  Used: /home/ec2-user/arduino-testlib/cli-datadir/user/libraries/EspSoftwareSerial
  Not used: /home/ec2-user/arduino-testlib/cli-datadir/user/libraries/Printoo_Library
  Not used: /home/ec2-user/arduino-testlib/cli-datadir/user/libraries/Dabble
</pre>
					
					<h4>examples/ModuleControlSelf</h4>
					<p>
						Result: <b>FAIL</b>
					</p>
					<pre class="pre-scrollable">In file included from /home/ec2-user/arduino-testlib/cli-datadir/user/libraries/Tuya_WiFi_MCU_SDK/examples/ModuleControlSelf/ModuleControlSelf.ino:16:0:
/home/ec2-user/arduino-testlib/cli-datadir/user/libraries/Tuya_WiFi_MCU_SDK/src/TuyaWifi.h:81:10: error: extra qualification &#39;TuyaWifi::&#39; on member &#39;get_green_time&#39; [-fpermissive]
     char TuyaWifi::get_green_time(TUYA_WIFI_TIME *time, const unsigned int timeout);
          ^
/home/ec2-user/arduino-testlib/cli-datadir/user/libraries/Tuya_WiFi_MCU_SDK/src/TuyaWifi.h:85:10: error: extra qualification &#39;TuyaWifi::&#39; on member &#39;get_rtc_time&#39; [-fpermissive]
     char TuyaWifi::get_rtc_time(TUYA_WIFI_TIME *time, const unsigned int timeout);
          ^
/home/ec2-user/arduino-testlib/cli-datadir/user/libraries/Tuya_WiFi_MCU_SDK/examples/ModuleControlSelf/ModuleControlSelf.ino: In function &#39;void setup()&#39;:
/home/ec2-user/arduino-testlib/cli-datadir/user/libraries/Tuya_WiFi_MCU_SDK/examples/ModuleControlSelf/ModuleControlSelf.ino:52:13: error: &#39;class TuyaWifi&#39; has no member named &#39;set_state_pin&#39;
   my_device.set_state_pin(16, 28);
             ^
/home/ec2-user/arduino-testlib/cli-datadir/user/libraries/Tuya_WiFi_MCU_SDK/examples/ModuleControlSelf/ModuleControlSelf.ino: In function &#39;unsigned char dp_process(unsigned char, const unsigned char*, short unsigned int)&#39;:
/home/ec2-user/arduino-testlib/cli-datadir/user/libraries/Tuya_WiFi_MCU_SDK/examples/ModuleControlSelf/ModuleControlSelf.ino:73:7: error: &#39;led_state&#39; was not declared in this scope
       led_state = my_device.mcu_get_dp_download_data(dpid, value, length); /* Get the value of the down DP command */
       ^
/home/ec2-user/arduino-testlib/cli-datadir/user/libraries/Tuya_WiFi_MCU_SDK/examples/ModuleControlSelf/ModuleControlSelf.ino: In function &#39;void dp_update_all()&#39;:
/home/ec2-user/arduino-testlib/cli-datadir/user/libraries/Tuya_WiFi_MCU_SDK/examples/ModuleControlSelf/ModuleControlSelf.ino:97:40: error: &#39;led_state&#39; was not declared in this scope
   my_device.mcu_dp_update(DPID_SWITCH, led_state, 1);
                                        ^
Multiple libraries were found for &#34;SoftwareSerial.h&#34;
  Used: /home/ec2-user/arduino-testlib/cli-datadir/user/libraries/EspSoftwareSerial
  Not used: /home/ec2-user/arduino-testlib/cli-datadir/user/libraries/Dabble
  Not used: /home/ec2-user/arduino-testlib/cli-datadir/user/libraries/Printoo_Library
</pre>
					
					<h4>examples/SHT30</h4>
					<p>
						Result: <b>FAIL</b>
					</p>
					<pre class="pre-scrollable">In file included from /home/ec2-user/arduino-testlib/cli-datadir/user/libraries/Tuya_WiFi_MCU_SDK/examples/SHT30/SHT30.ino:14:0:
/home/ec2-user/arduino-testlib/cli-datadir/user/libraries/Tuya_WiFi_MCU_SDK/src/TuyaWifi.h:81:10: error: extra qualification &#39;TuyaWifi::&#39; on member &#39;get_green_time&#39; [-fpermissive]
     char TuyaWifi::get_green_time(TUYA_WIFI_TIME *time, const unsigned int timeout);
          ^
/home/ec2-user/arduino-testlib/cli-datadir/user/libraries/Tuya_WiFi_MCU_SDK/src/TuyaWifi.h:85:10: error: extra qualification &#39;TuyaWifi::&#39; on member &#39;get_rtc_time&#39; [-fpermissive]
     char TuyaWifi::get_rtc_time(TUYA_WIFI_TIME *time, const unsigned int timeout);
          ^
Multiple libraries were found for &#34;SoftwareSerial.h&#34;
  Used: /home/ec2-user/arduino-testlib/cli-datadir/user/libraries/EspSoftwareSerial
  Not used: /home/ec2-user/arduino-testlib/cli-datadir/user/libraries/Printoo_Library
  Not used: /home/ec2-user/arduino-testlib/cli-datadir/user/libraries/Dabble
</pre>
					
					<h4>examples/start</h4>
					<p>
						Result: <b>FAIL</b>
					</p>
					<pre class="pre-scrollable">In file included from /home/ec2-user/arduino-testlib/cli-datadir/user/libraries/Tuya_WiFi_MCU_SDK/examples/start/start.ino:15:0:
/home/ec2-user/arduino-testlib/cli-datadir/user/libraries/Tuya_WiFi_MCU_SDK/src/TuyaWifi.h:81:10: error: extra qualification &#39;TuyaWifi::&#39; on member &#39;get_green_time&#39; [-fpermissive]
     char TuyaWifi::get_green_time(TUYA_WIFI_TIME *time, const unsigned int timeout);
          ^
/home/ec2-user/arduino-testlib/cli-datadir/user/libraries/Tuya_WiFi_MCU_SDK/src/TuyaWifi.h:85:10: error: extra qualification &#39;TuyaWifi::&#39; on member &#39;get_rtc_time&#39; [-fpermissive]
     char TuyaWifi::get_rtc_time(TUYA_WIFI_TIME *time, const unsigned int timeout);
          ^
Multiple libraries were found for &#34;SoftwareSerial.h&#34;
  Used: /home/ec2-user/arduino-testlib/cli-datadir/user/libraries/EspSoftwareSerial
  Not used: /home/ec2-user/arduino-testlib/cli-datadir/user/libraries/Dabble
  Not used: /home/ec2-user/arduino-testlib/cli-datadir/user/libraries/Printoo_Library
</pre>
					
				
			</div>
		</div>
	</div>
  </body>
</html>
