
<!doctype html>
<html lang="en">
  <head>
    <meta charset="utf-8">
    <meta name="viewport" content="width=device-width, initial-scale=1">
    <link href="https://cdn.jsdelivr.net/npm/bootstrap@5.0.2/dist/css/bootstrap.min.css" rel="stylesheet" integrity="sha384-EVSTQN3/azprG1Anm3QDgpJLIm9Nao0Yz1ztcQTwFspd3yD65VohhpuuCOmLASjC" crossorigin="anonymous">
    <title>arduino-testlib report</title>
	<style>
	.pass { background-color: #00FF00 !important; }
	.fail { background-color: #FF0000 !important; }
	</style>
  </head>
  <body>
	<div class="container">
		<div class="row">
			<div class="col">
				<h1>Tuya_BLE_MCU_SDK - compatibility matrix</h1>
				<p>
					<small>This report was generated on Wednesday, 23-Feb-22 22:48:15 CET using 
					<a href="https://github.com/alranel/arduino-testlib">arduino-testlib</a>.</small>
				</p>

				<h2>Tuya_BLE_MCU_SDK</h2>
				<p>
					Version: <b>0.0.2</b>
					<br />
					<a href="https://www.arduino.cc/reference/en/libraries/tuya_ble_mcu_sdk/">More details</a>
				</p>

				<h2>Compatibility matrix</h2>
				<table class="table table-bordered">
					<tr>
						<th>Board</th>
						<th>Claims compatibility</th>
						<th>Inclusion</th>
						
						<th><pre>ble_dp_process</pre></th>
						
						<th><pre>ble_led</pre></th>
						
						<th><pre>ble_shock</pre></th>
						
						<th><pre>ble_temp_hum_press</pre></th>
						
					</tr>
					
					<tr>
						<td>
							<a href="#arduino%3aavr%3auno"><b>arduino:avr:uno</b></a>
							<br />
							<small>1.8.4</small>
						</td>

						
							<td>Yes</td>
							<td class="pass">PASS</td>
						
						
						
						

						
							
								
									
										
											<td class="pass">PASS</td>
											
										
									
										
									
										
									
										
									
								
							
								
							
								
							
								
							
								
							
						
							
								
									
										
									
										
											<td class="pass">PASS</td>
											
										
									
										
									
										
									
								
							
								
							
								
							
								
							
								
							
						
							
								
									
										
									
										
									
										
											<td class="pass">PASS</td>
											
										
									
										
									
								
							
								
							
								
							
								
							
								
							
						
							
								
									
										
									
										
									
										
									
										
											
											<td class="fail">FAIL</td>
										
									
								
							
								
							
								
							
								
							
								
							
						
					</tr>
					
					<tr>
						<td>
							<a href="#arduino%3ambed_nano%3ananorp2040connect"><b>arduino:mbed_nano:nanorp2040connect</b></a>
							<br />
							<small>2.7.2</small>
						</td>

						
						
						
							<td>Yes ⚠️</td>
							<td class="fail">FAIL</td>
						
						

						
							
								
							
								
									
										
											
											<td class="fail">FAIL</td>
										
									
										
									
										
									
										
									
								
							
								
							
								
							
								
							
						
							
								
							
								
									
										
									
										
											
											<td class="fail">FAIL</td>
										
									
										
									
										
									
								
							
								
							
								
							
								
							
						
							
								
							
								
									
										
									
										
									
										
											
											<td class="fail">FAIL</td>
										
									
										
									
								
							
								
							
								
							
								
							
						
							
								
							
								
									
										
									
										
									
										
									
										
											
											<td class="fail">FAIL</td>
										
									
								
							
								
							
								
							
								
							
						
					</tr>
					
					<tr>
						<td>
							<a href="#arduino%3amegaavr%3anona4809"><b>arduino:megaavr:nona4809</b></a>
							<br />
							<small>1.8.7</small>
						</td>

						
							<td>Yes</td>
							<td class="pass">PASS</td>
						
						
						
						

						
							
								
							
								
							
								
									
										
											<td class="pass">PASS</td>
											
										
									
										
									
										
									
										
									
								
							
								
							
								
							
						
							
								
							
								
							
								
									
										
									
										
											<td class="pass">PASS</td>
											
										
									
										
									
										
									
								
							
								
							
								
							
						
							
								
							
								
							
								
									
										
									
										
									
										
											<td class="pass">PASS</td>
											
										
									
										
									
								
							
								
							
								
							
						
							
								
							
								
							
								
									
										
									
										
									
										
									
										
											
											<td class="fail">FAIL</td>
										
									
								
							
								
							
								
							
						
					</tr>
					
					<tr>
						<td>
							<a href="#arduino%3asamd%3amkrwifi1010"><b>arduino:samd:mkrwifi1010</b></a>
							<br />
							<small>1.8.12</small>
						</td>

						
						
						
							<td>Yes ⚠️</td>
							<td class="fail">FAIL</td>
						
						

						
							
								
							
								
							
								
							
								
									
										
											
											<td class="fail">FAIL</td>
										
									
										
									
										
									
										
									
								
							
								
							
						
							
								
							
								
							
								
							
								
									
										
									
										
											
											<td class="fail">FAIL</td>
										
									
										
									
										
									
								
							
								
							
						
							
								
							
								
							
								
							
								
									
										
									
										
									
										
											
											<td class="fail">FAIL</td>
										
									
										
									
								
							
								
							
						
							
								
							
								
							
								
							
								
									
										
									
										
									
										
									
										
											
											<td class="fail">FAIL</td>
										
									
								
							
								
							
						
					</tr>
					
					<tr>
						<td>
							<a href="#esp32%3aesp32%3ad1_mini32"><b>esp32:esp32:d1_mini32</b></a>
							<br />
							<small>1.0.6</small>
						</td>

						
							<td>Yes</td>
							<td class="pass">PASS</td>
						
						
						
						

						
							
								
							
								
							
								
							
								
							
								
									
										
											<td class="pass">PASS</td>
											
										
									
										
									
										
									
										
									
								
							
						
							
								
							
								
							
								
							
								
							
								
									
										
									
										
											<td class="pass">PASS</td>
											
										
									
										
									
										
									
								
							
						
							
								
							
								
							
								
							
								
							
								
									
										
									
										
									
										
											
											<td class="fail">FAIL</td>
										
									
										
									
								
							
						
							
								
							
								
							
								
							
								
							
								
									
										
									
										
									
										
									
										
											
											<td class="fail">FAIL</td>
										
									
								
							
						
					</tr>
					
				</table>

				<h2>Compilation logs</h2>
				
				<h3 id="arduino:avr:uno">arduino:avr:uno @ 1.8.4</h3>
				<h4>Inclusion</h4>
				<p>
					Result: <b>PASS</b>
					
					<br />This library has no main header file so an empty one was created.
					
				</p>
				<pre class="pre-scrollable">Sketch uses 1382 bytes (4%) of program storage space. Maximum is 32256 bytes.
Global variables use 306 bytes (14%) of dynamic memory, leaving 1742 bytes for local variables. Maximum is 2048 bytes.
</pre>

					
					<h4>examples/ble_dp_process</h4>
					<p>
						Result: <b>PASS</b>
					</p>
					<pre class="pre-scrollable">Sketch uses 5278 bytes (16%) of program storage space. Maximum is 32256 bytes.
Global variables use 442 bytes (21%) of dynamic memory, leaving 1606 bytes for local variables. Maximum is 2048 bytes.
</pre>
					
					<h4>examples/ble_led</h4>
					<p>
						Result: <b>PASS</b>
					</p>
					<pre class="pre-scrollable">Sketch uses 4154 bytes (12%) of program storage space. Maximum is 32256 bytes.
Global variables use 352 bytes (17%) of dynamic memory, leaving 1696 bytes for local variables. Maximum is 2048 bytes.
</pre>
					
					<h4>examples/ble_shock</h4>
					<p>
						Result: <b>PASS</b>
					</p>
					<pre class="pre-scrollable">Sketch uses 9264 bytes (28%) of program storage space. Maximum is 32256 bytes.
Global variables use 595 bytes (29%) of dynamic memory, leaving 1453 bytes for local variables. Maximum is 2048 bytes.
</pre>
					
					<h4>examples/ble_temp_hum_press</h4>
					<p>
						Result: <b>FAIL</b>
					</p>
					<pre class="pre-scrollable">/home/ec2-user/arduino-testlib/cli-datadir/user/libraries/Tuya_BLE_MCU_SDK/examples/ble_temp_hum_press/ble_temp_hum_press.ino: In function &#39;void get_temp_humidity_air()&#39;:
/home/ec2-user/arduino-testlib/cli-datadir/user/libraries/Tuya_BLE_MCU_SDK/examples/ble_temp_hum_press/ble_temp_hum_press.ino:211:11: error: &#39;class DHT&#39; has no member named &#39;readTempAndHumidity&#39;; did you mean &#39;readHumidity&#39;?
   if(!dht.readTempAndHumidity(temp_hum_val)) {
           ^~~~~~~~~~~~~~~~~~~
           readHumidity
Multiple libraries were found for &#34;Adafruit_Sensor.h&#34;
  Used: /home/ec2-user/arduino-testlib/cli-datadir/user/libraries/Adafruit_Unified_Sensor
  Not used: /home/ec2-user/arduino-testlib/cli-datadir/user/libraries/ArdUAV
  Not used: /home/ec2-user/arduino-testlib/cli-datadir/user/libraries/ClimaStick
Multiple libraries were found for &#34;SoftwareSerial.h&#34;
  Used: /home/ec2-user/arduino-testlib/cli-datadir/data/packages/arduino/hardware/avr/1.8.4/libraries/SoftwareSerial
  Not used: /home/ec2-user/arduino-testlib/cli-datadir/user/libraries/EspSoftwareSerial
  Not used: /home/ec2-user/arduino-testlib/cli-datadir/user/libraries/Printoo_Library
  Not used: /home/ec2-user/arduino-testlib/cli-datadir/user/libraries/Dabble
Multiple libraries were found for &#34;DHT.h&#34;
  Used: /home/ec2-user/arduino-testlib/cli-datadir/user/libraries/DHT_sensor_library
  Not used: /home/ec2-user/arduino-testlib/cli-datadir/user/libraries/NanoPlayBoard
  Not used: /home/ec2-user/arduino-testlib/cli-datadir/user/libraries/Grove_Temperature_And_Humidity_Sensor
  Not used: /home/ec2-user/arduino-testlib/cli-datadir/user/libraries/uKit_Explore
</pre>
					
				
				<h3 id="arduino:mbed_nano:nanorp2040connect">arduino:mbed_nano:nanorp2040connect @ 2.7.2</h3>
				<h4>Inclusion</h4>
				<p>
					Result: <b>FAIL</b>
					
				</p>
				<pre class="pre-scrollable">/home/ec2-user/arduino-testlib/cli-datadir/user/libraries/Dabble/src/SoftwareSerial.cpp:45:10: fatal error: util/delay_basic.h: No such file or directory
 #include &lt;util/delay_basic.h&gt;
          ^~~~~~~~~~~~~~~~~~~~
compilation terminated.
Multiple libraries were found for &#34;SoftwareSerial.h&#34;
  Used: /home/ec2-user/arduino-testlib/cli-datadir/user/libraries/Dabble
  Not used: /home/ec2-user/arduino-testlib/cli-datadir/user/libraries/EspSoftwareSerial
  Not used: /home/ec2-user/arduino-testlib/cli-datadir/user/libraries/Printoo_Library
</pre>

					
					<h4>examples/ble_dp_process</h4>
					<p>
						Result: <b>FAIL</b>
					</p>
					<pre class="pre-scrollable">/home/ec2-user/arduino-testlib/cli-datadir/user/libraries/Dabble/src/SoftwareSerial.cpp:45:10: fatal error: util/delay_basic.h: No such file or directory
 #include &lt;util/delay_basic.h&gt;
          ^~~~~~~~~~~~~~~~~~~~
compilation terminated.
Multiple libraries were found for &#34;SoftwareSerial.h&#34;
  Used: /home/ec2-user/arduino-testlib/cli-datadir/user/libraries/Dabble
  Not used: /home/ec2-user/arduino-testlib/cli-datadir/user/libraries/EspSoftwareSerial
  Not used: /home/ec2-user/arduino-testlib/cli-datadir/user/libraries/Printoo_Library
</pre>
					
					<h4>examples/ble_led</h4>
					<p>
						Result: <b>FAIL</b>
					</p>
					<pre class="pre-scrollable">/home/ec2-user/arduino-testlib/cli-datadir/user/libraries/Dabble/src/SoftwareSerial.cpp:45:10: fatal error: util/delay_basic.h: No such file or directory
 #include &lt;util/delay_basic.h&gt;
          ^~~~~~~~~~~~~~~~~~~~
compilation terminated.
Multiple libraries were found for &#34;SoftwareSerial.h&#34;
  Used: /home/ec2-user/arduino-testlib/cli-datadir/user/libraries/Dabble
  Not used: /home/ec2-user/arduino-testlib/cli-datadir/user/libraries/EspSoftwareSerial
  Not used: /home/ec2-user/arduino-testlib/cli-datadir/user/libraries/Printoo_Library
</pre>
					
					<h4>examples/ble_shock</h4>
					<p>
						Result: <b>FAIL</b>
					</p>
					<pre class="pre-scrollable">/home/ec2-user/arduino-testlib/cli-datadir/user/libraries/Dabble/src/SoftwareSerial.cpp:45:10: fatal error: util/delay_basic.h: No such file or directory
 #include &lt;util/delay_basic.h&gt;
          ^~~~~~~~~~~~~~~~~~~~
compilation terminated.
Multiple libraries were found for &#34;SoftwareSerial.h&#34;
  Used: /home/ec2-user/arduino-testlib/cli-datadir/user/libraries/Dabble
  Not used: /home/ec2-user/arduino-testlib/cli-datadir/user/libraries/Printoo_Library
  Not used: /home/ec2-user/arduino-testlib/cli-datadir/user/libraries/EspSoftwareSerial
</pre>
					
					<h4>examples/ble_temp_hum_press</h4>
					<p>
						Result: <b>FAIL</b>
					</p>
					<pre class="pre-scrollable">/home/ec2-user/arduino-testlib/cli-datadir/user/libraries/Dabble/src/SoftwareSerial.cpp:45:10: fatal error: util/delay_basic.h: No such file or directory
 #include &lt;util/delay_basic.h&gt;
          ^~~~~~~~~~~~~~~~~~~~
compilation terminated.
Multiple libraries were found for &#34;SoftwareSerial.h&#34;
  Used: /home/ec2-user/arduino-testlib/cli-datadir/user/libraries/Dabble
  Not used: /home/ec2-user/arduino-testlib/cli-datadir/user/libraries/EspSoftwareSerial
  Not used: /home/ec2-user/arduino-testlib/cli-datadir/user/libraries/Printoo_Library
Multiple libraries were found for &#34;DHT.h&#34;
  Used: /home/ec2-user/arduino-testlib/cli-datadir/user/libraries/DHT_sensor_library
  Not used: /home/ec2-user/arduino-testlib/cli-datadir/user/libraries/uKit_Explore
  Not used: /home/ec2-user/arduino-testlib/cli-datadir/user/libraries/Grove_Temperature_And_Humidity_Sensor
  Not used: /home/ec2-user/arduino-testlib/cli-datadir/user/libraries/NanoPlayBoard
</pre>
					
				
				<h3 id="arduino:megaavr:nona4809">arduino:megaavr:nona4809 @ 1.8.7</h3>
				<h4>Inclusion</h4>
				<p>
					Result: <b>PASS</b>
					
				</p>
				<pre class="pre-scrollable">Sketch uses 3196 bytes (6%) of program storage space. Maximum is 49152 bytes.
Global variables use 395 bytes (6%) of dynamic memory, leaving 5749 bytes for local variables. Maximum is 6144 bytes.
</pre>

					
					<h4>examples/ble_dp_process</h4>
					<p>
						Result: <b>PASS</b>
					</p>
					<pre class="pre-scrollable">Sketch uses 6722 bytes (13%) of program storage space. Maximum is 49152 bytes.
Global variables use 471 bytes (7%) of dynamic memory, leaving 5673 bytes for local variables. Maximum is 6144 bytes.
</pre>
					
					<h4>examples/ble_led</h4>
					<p>
						Result: <b>PASS</b>
					</p>
					<pre class="pre-scrollable">Sketch uses 5678 bytes (11%) of program storage space. Maximum is 49152 bytes.
Global variables use 441 bytes (7%) of dynamic memory, leaving 5703 bytes for local variables. Maximum is 6144 bytes.
</pre>
					
					<h4>examples/ble_shock</h4>
					<p>
						Result: <b>PASS</b>
					</p>
					<pre class="pre-scrollable">Sketch uses 12788 bytes (26%) of program storage space. Maximum is 49152 bytes.
Global variables use 793 bytes (12%) of dynamic memory, leaving 5351 bytes for local variables. Maximum is 6144 bytes.
In file included from /home/ec2-user/arduino-testlib/cli-datadir/user/libraries/Grove-3-Axis-Digital-Accelerometer-2g-to-16g-LIS3DHTR/src/LIS3DHTR.h:33:0,
                 from /home/ec2-user/arduino-testlib/cli-datadir/user/libraries/Grove-3-Axis-Digital-Accelerometer-2g-to-16g-LIS3DHTR/src/LIS3DHTR.cpp:30:
/home/ec2-user/arduino-testlib/cli-datadir/user/libraries/Grove-3-Axis-Digital-Accelerometer-2g-to-16g-LIS3DHTR/src/LIS3DHTR.cpp: In instantiation of &#39;void LIS3DHTR&lt;T&gt;::readRegisterRegion(uint8_t*, uint8_t, uint8_t) [with T = SPIClassMegaAVR; uint8_t = unsigned char]&#39;:
/home/ec2-user/arduino-testlib/cli-datadir/user/libraries/Grove-3-Axis-Digital-Accelerometer-2g-to-16g-LIS3DHTR/src/LIS3DHTR.cpp:488:16:   required from here
/home/ec2-user/arduino-testlib/cli-datadir/data/packages/arduino/hardware/megaavr/1.8.7/libraries/Wire/src/Wire.h:63:12: note: candidate 1: size_t TwoWire::requestFrom(int, int)
     size_t requestFrom(int, int);
            ^~~~~~~~~~~
/home/ec2-user/arduino-testlib/cli-datadir/data/packages/arduino/hardware/megaavr/1.8.7/libraries/Wire/src/Wire.h:61:12: note: candidate 2: virtual size_t TwoWire::requestFrom(uint8_t, size_t)
     size_t requestFrom(uint8_t, size_t);
            ^~~~~~~~~~~
/home/ec2-user/arduino-testlib/cli-datadir/user/libraries/Grove-3-Axis-Digital-Accelerometer-2g-to-16g-LIS3DHTR/src/LIS3DHTR.cpp: In instantiation of &#39;void LIS3DHTR&lt;T&gt;::readRegisterRegion(uint8_t*, uint8_t, uint8_t) [with T = TwoWire; uint8_t = unsigned char]&#39;:
/home/ec2-user/arduino-testlib/cli-datadir/user/libraries/Grove-3-Axis-Digital-Accelerometer-2g-to-16g-LIS3DHTR/src/LIS3DHTR.cpp:489:16:   required from here
/home/ec2-user/arduino-testlib/cli-datadir/data/packages/arduino/hardware/megaavr/1.8.7/libraries/Wire/src/Wire.h:63:12: note: candidate 1: size_t TwoWire::requestFrom(int, int)
     size_t requestFrom(int, int);
            ^~~~~~~~~~~
/home/ec2-user/arduino-testlib/cli-datadir/data/packages/arduino/hardware/megaavr/1.8.7/libraries/Wire/src/Wire.h:61:12: note: candidate 2: virtual size_t TwoWire::requestFrom(uint8_t, size_t)
     size_t requestFrom(uint8_t, size_t);
            ^~~~~~~~~~~
</pre>
					
					<h4>examples/ble_temp_hum_press</h4>
					<p>
						Result: <b>FAIL</b>
					</p>
					<pre class="pre-scrollable">/home/ec2-user/arduino-testlib/cli-datadir/user/libraries/Tuya_BLE_MCU_SDK/examples/ble_temp_hum_press/ble_temp_hum_press.ino: In function &#39;void get_temp_humidity_air()&#39;:
/home/ec2-user/arduino-testlib/cli-datadir/user/libraries/Tuya_BLE_MCU_SDK/examples/ble_temp_hum_press/ble_temp_hum_press.ino:211:11: error: &#39;class DHT&#39; has no member named &#39;readTempAndHumidity&#39;; did you mean &#39;readHumidity&#39;?
   if(!dht.readTempAndHumidity(temp_hum_val)) {
           ^~~~~~~~~~~~~~~~~~~
           readHumidity
Multiple libraries were found for &#34;SoftwareSerial.h&#34;
  Used: /home/ec2-user/arduino-testlib/cli-datadir/data/packages/arduino/hardware/megaavr/1.8.7/libraries/SoftwareSerial
  Not used: /home/ec2-user/arduino-testlib/cli-datadir/user/libraries/Printoo_Library
  Not used: /home/ec2-user/arduino-testlib/cli-datadir/user/libraries/Dabble
  Not used: /home/ec2-user/arduino-testlib/cli-datadir/user/libraries/EspSoftwareSerial
Multiple libraries were found for &#34;DHT.h&#34;
  Used: /home/ec2-user/arduino-testlib/cli-datadir/user/libraries/DHT_sensor_library
  Not used: /home/ec2-user/arduino-testlib/cli-datadir/user/libraries/uKit_Explore
  Not used: /home/ec2-user/arduino-testlib/cli-datadir/user/libraries/Grove_Temperature_And_Humidity_Sensor
  Not used: /home/ec2-user/arduino-testlib/cli-datadir/user/libraries/NanoPlayBoard
Multiple libraries were found for &#34;Adafruit_Sensor.h&#34;
  Used: /home/ec2-user/arduino-testlib/cli-datadir/user/libraries/Adafruit_Unified_Sensor
  Not used: /home/ec2-user/arduino-testlib/cli-datadir/user/libraries/ClimaStick
  Not used: /home/ec2-user/arduino-testlib/cli-datadir/user/libraries/ArdUAV
</pre>
					
				
				<h3 id="arduino:samd:mkrwifi1010">arduino:samd:mkrwifi1010 @ 1.8.12</h3>
				<h4>Inclusion</h4>
				<p>
					Result: <b>FAIL</b>
					
					<br />This library has no main header file so an empty one was created.
					
				</p>
				<pre class="pre-scrollable">/home/ec2-user/arduino-testlib/cli-datadir/user/libraries/Dabble/src/SoftwareSerial.cpp:45:10: fatal error: util/delay_basic.h: No such file or directory
 #include &lt;util/delay_basic.h&gt;
          ^~~~~~~~~~~~~~~~~~~~
compilation terminated.
Multiple libraries were found for &#34;SoftwareSerial.h&#34;
  Used: /home/ec2-user/arduino-testlib/cli-datadir/user/libraries/Dabble
  Not used: /home/ec2-user/arduino-testlib/cli-datadir/user/libraries/Printoo_Library
  Not used: /home/ec2-user/arduino-testlib/cli-datadir/user/libraries/EspSoftwareSerial
</pre>

					
					<h4>examples/ble_dp_process</h4>
					<p>
						Result: <b>FAIL</b>
					</p>
					<pre class="pre-scrollable">/home/ec2-user/arduino-testlib/cli-datadir/user/libraries/Dabble/src/SoftwareSerial.cpp:45:10: fatal error: util/delay_basic.h: No such file or directory
 #include &lt;util/delay_basic.h&gt;
          ^~~~~~~~~~~~~~~~~~~~
compilation terminated.
Multiple libraries were found for &#34;SoftwareSerial.h&#34;
  Used: /home/ec2-user/arduino-testlib/cli-datadir/user/libraries/Dabble
  Not used: /home/ec2-user/arduino-testlib/cli-datadir/user/libraries/Printoo_Library
  Not used: /home/ec2-user/arduino-testlib/cli-datadir/user/libraries/EspSoftwareSerial
</pre>
					
					<h4>examples/ble_led</h4>
					<p>
						Result: <b>FAIL</b>
					</p>
					<pre class="pre-scrollable">/home/ec2-user/arduino-testlib/cli-datadir/user/libraries/Dabble/src/SoftwareSerial.cpp:45:10: fatal error: util/delay_basic.h: No such file or directory
 #include &lt;util/delay_basic.h&gt;
          ^~~~~~~~~~~~~~~~~~~~
compilation terminated.
Multiple libraries were found for &#34;SoftwareSerial.h&#34;
  Used: /home/ec2-user/arduino-testlib/cli-datadir/user/libraries/Dabble
  Not used: /home/ec2-user/arduino-testlib/cli-datadir/user/libraries/EspSoftwareSerial
  Not used: /home/ec2-user/arduino-testlib/cli-datadir/user/libraries/Printoo_Library
</pre>
					
					<h4>examples/ble_shock</h4>
					<p>
						Result: <b>FAIL</b>
					</p>
					<pre class="pre-scrollable">/home/ec2-user/arduino-testlib/cli-datadir/user/libraries/Dabble/src/SoftwareSerial.cpp:45:10: fatal error: util/delay_basic.h: No such file or directory
 #include &lt;util/delay_basic.h&gt;
          ^~~~~~~~~~~~~~~~~~~~
compilation terminated.
Multiple libraries were found for &#34;SoftwareSerial.h&#34;
  Used: /home/ec2-user/arduino-testlib/cli-datadir/user/libraries/Dabble
  Not used: /home/ec2-user/arduino-testlib/cli-datadir/user/libraries/Printoo_Library
  Not used: /home/ec2-user/arduino-testlib/cli-datadir/user/libraries/EspSoftwareSerial
</pre>
					
					<h4>examples/ble_temp_hum_press</h4>
					<p>
						Result: <b>FAIL</b>
					</p>
					<pre class="pre-scrollable">/home/ec2-user/arduino-testlib/cli-datadir/user/libraries/Dabble/src/SoftwareSerial.cpp:45:10: fatal error: util/delay_basic.h: No such file or directory
 #include &lt;util/delay_basic.h&gt;
          ^~~~~~~~~~~~~~~~~~~~
compilation terminated.
Multiple libraries were found for &#34;DHT.h&#34;
  Used: /home/ec2-user/arduino-testlib/cli-datadir/user/libraries/DHT_sensor_library
  Not used: /home/ec2-user/arduino-testlib/cli-datadir/user/libraries/NanoPlayBoard
  Not used: /home/ec2-user/arduino-testlib/cli-datadir/user/libraries/Grove_Temperature_And_Humidity_Sensor
  Not used: /home/ec2-user/arduino-testlib/cli-datadir/user/libraries/uKit_Explore
Multiple libraries were found for &#34;SoftwareSerial.h&#34;
  Used: /home/ec2-user/arduino-testlib/cli-datadir/user/libraries/Dabble
  Not used: /home/ec2-user/arduino-testlib/cli-datadir/user/libraries/EspSoftwareSerial
  Not used: /home/ec2-user/arduino-testlib/cli-datadir/user/libraries/Printoo_Library
</pre>
					
				
				<h3 id="esp32:esp32:d1_mini32">esp32:esp32:d1_mini32 @ 1.0.6</h3>
				<h4>Inclusion</h4>
				<p>
					Result: <b>PASS</b>
					
				</p>
				<pre class="pre-scrollable">Sketch uses 253450 bytes (19%) of program storage space. Maximum is 1310720 bytes.
Global variables use 13672 bytes (4%) of dynamic memory, leaving 314008 bytes for local variables. Maximum is 327680 bytes.
</pre>

					
					<h4>examples/ble_dp_process</h4>
					<p>
						Result: <b>PASS</b>
					</p>
					<pre class="pre-scrollable">Sketch uses 261450 bytes (19%) of program storage space. Maximum is 1310720 bytes.
Global variables use 14000 bytes (4%) of dynamic memory, leaving 313680 bytes for local variables. Maximum is 327680 bytes.
</pre>
					
					<h4>examples/ble_led</h4>
					<p>
						Result: <b>PASS</b>
					</p>
					<pre class="pre-scrollable">Sketch uses 260682 bytes (19%) of program storage space. Maximum is 1310720 bytes.
Global variables use 13960 bytes (4%) of dynamic memory, leaving 313720 bytes for local variables. Maximum is 327680 bytes.
</pre>
					
					<h4>examples/ble_shock</h4>
					<p>
						Result: <b>FAIL</b>
					</p>
					<pre class="pre-scrollable">/home/ec2-user/arduino-testlib/cli-datadir/user/libraries/Tuya_BLE_MCU_SDK/examples/ble_shock/ble_shock.ino: In function &#39;void setup()&#39;:
/home/ec2-user/arduino-testlib/cli-datadir/user/libraries/Tuya_BLE_MCU_SDK/examples/ble_shock/ble_shock.ino:114:48: error: invalid conversion from &#39;void (*)()&#39; to &#39;tuya_callback_dp_download {aka unsigned char (*)(unsigned char, const unsigned char*, short unsigned int)}&#39; [-fpermissive]
   my_device.dp_process_func_register(dp_process);
                                                ^
In file included from /home/ec2-user/arduino-testlib/cli-datadir/user/libraries/Tuya_BLE_MCU_SDK/examples/ble_shock/ble_shock.ino:15:0:
/home/ec2-user/arduino-testlib/cli-datadir/user/libraries/Tuya_BLE_MCU_SDK/src/TuyaBLE.h:56:10: note:   initializing argument 1 of &#39;void TuyaBLE::dp_process_func_register(tuya_callback_dp_download)&#39;
     void dp_process_func_register(tuya_callback_dp_download _func);
          ^
Multiple libraries were found for &#34;SoftwareSerial.h&#34;
  Used: /home/ec2-user/arduino-testlib/cli-datadir/user/libraries/EspSoftwareSerial
  Not used: /home/ec2-user/arduino-testlib/cli-datadir/user/libraries/Printoo_Library
  Not used: /home/ec2-user/arduino-testlib/cli-datadir/user/libraries/Dabble
</pre>
					
					<h4>examples/ble_temp_hum_press</h4>
					<p>
						Result: <b>FAIL</b>
					</p>
					<pre class="pre-scrollable">/home/ec2-user/arduino-testlib/cli-datadir/user/libraries/Tuya_BLE_MCU_SDK/examples/ble_temp_hum_press/ble_temp_hum_press.ino: In function &#39;void setup()&#39;:
/home/ec2-user/arduino-testlib/cli-datadir/user/libraries/Tuya_BLE_MCU_SDK/examples/ble_temp_hum_press/ble_temp_hum_press.ino:146:48: error: invalid conversion from &#39;void (*)()&#39; to &#39;tuya_callback_dp_download {aka unsigned char (*)(unsigned char, const unsigned char*, short unsigned int)}&#39; [-fpermissive]
   my_device.dp_process_func_register(dp_process);
                                                ^
In file included from /home/ec2-user/arduino-testlib/cli-datadir/user/libraries/Tuya_BLE_MCU_SDK/examples/ble_temp_hum_press/ble_temp_hum_press.ino:14:0:
/home/ec2-user/arduino-testlib/cli-datadir/user/libraries/Tuya_BLE_MCU_SDK/src/TuyaBLE.h:56:10: note:   initializing argument 1 of &#39;void TuyaBLE::dp_process_func_register(tuya_callback_dp_download)&#39;
     void dp_process_func_register(tuya_callback_dp_download _func);
          ^
/home/ec2-user/arduino-testlib/cli-datadir/user/libraries/Tuya_BLE_MCU_SDK/examples/ble_temp_hum_press/ble_temp_hum_press.ino: In function &#39;void get_temp_humidity_air()&#39;:
/home/ec2-user/arduino-testlib/cli-datadir/user/libraries/Tuya_BLE_MCU_SDK/examples/ble_temp_hum_press/ble_temp_hum_press.ino:211:11: error: &#39;class DHT&#39; has no member named &#39;readTempAndHumidity&#39;
   if(!dht.readTempAndHumidity(temp_hum_val)) {
           ^
Multiple libraries were found for &#34;SoftwareSerial.h&#34;
  Used: /home/ec2-user/arduino-testlib/cli-datadir/user/libraries/EspSoftwareSerial
  Not used: /home/ec2-user/arduino-testlib/cli-datadir/user/libraries/Dabble
  Not used: /home/ec2-user/arduino-testlib/cli-datadir/user/libraries/Printoo_Library
Multiple libraries were found for &#34;DHT.h&#34;
  Used: /home/ec2-user/arduino-testlib/cli-datadir/user/libraries/DHT_sensor_library
  Not used: /home/ec2-user/arduino-testlib/cli-datadir/user/libraries/uKit_Explore
  Not used: /home/ec2-user/arduino-testlib/cli-datadir/user/libraries/Grove_Temperature_And_Humidity_Sensor
  Not used: /home/ec2-user/arduino-testlib/cli-datadir/user/libraries/NanoPlayBoard
Multiple libraries were found for &#34;Adafruit_Sensor.h&#34;
  Used: /home/ec2-user/arduino-testlib/cli-datadir/user/libraries/Adafruit_Unified_Sensor
  Not used: /home/ec2-user/arduino-testlib/cli-datadir/user/libraries/ArdUAV
  Not used: /home/ec2-user/arduino-testlib/cli-datadir/user/libraries/ClimaStick
</pre>
					
				
			</div>
		</div>
	</div>
  </body>
</html>
