
<!doctype html>
<html lang="en">
  <head>
    <meta charset="utf-8">
    <meta name="viewport" content="width=device-width, initial-scale=1">
    <link href="https://cdn.jsdelivr.net/npm/bootstrap@5.0.2/dist/css/bootstrap.min.css" rel="stylesheet" integrity="sha384-EVSTQN3/azprG1Anm3QDgpJLIm9Nao0Yz1ztcQTwFspd3yD65VohhpuuCOmLASjC" crossorigin="anonymous">
    <title>arduino-testlib report</title>
	<style>
	.pass { background-color: #00FF00 !important; }
	.fail { background-color: #FF0000 !important; }
	</style>
  </head>
  <body>
	<div class="container">
		<div class="row">
			<div class="col">
				<h1>Tween - compatibility matrix</h1>
				<p>
					<small>This report was generated on Monday, 21-Feb-22 12:00:25 CET using 
					<a href="https://github.com/alranel/arduino-testlib">arduino-testlib</a>.</small>
				</p>

				<h2>Tween</h2>
				<p>
					Version: <b>0.3.7</b>
					<br />
					<a href="https://www.arduino.cc/reference/en/libraries/tween/">More details</a>
				</p>

				<h2>Compatibility matrix</h2>
				<table class="table table-bordered">
					<tr>
						<th>Board</th>
						<th>Claims compatibility</th>
						<th>Inclusion</th>
						
						<th><pre>simple</pre></th>
						
						<th><pre>custom_class</pre></th>
						
						<th><pre>dynamic_append</pre></th>
						
						<th><pre>fastled</pre></th>
						
						<th><pre>mode</pre></th>
						
						<th><pre>mode_offset</pre></th>
						
					</tr>
					
					<tr>
						<td>
							<a href="#arduino%3aavr%3auno"><b>arduino:avr:uno</b></a>
							<br />
							<small>1.8.4</small>
						</td>

						
							<td>Yes</td>
							<td class="pass">PASS</td>
						
						
						
						

						
							
								
									
										
									
										
									
										
									
										
									
										
									
										
											<td class="pass">PASS</td>
											
										
									
								
							
								
							
								
							
								
							
								
							
						
							
								
									
										
											<td class="pass">PASS</td>
											
										
									
										
									
										
									
										
									
										
									
										
									
								
							
								
							
								
							
								
							
								
							
						
							
								
									
										
									
										
											<td class="pass">PASS</td>
											
										
									
										
									
										
									
										
									
										
									
								
							
								
							
								
							
								
							
								
							
						
							
								
									
										
									
										
									
										
											
											<td class="fail">FAIL</td>
										
									
										
									
										
									
										
									
								
							
								
							
								
							
								
							
								
							
						
							
								
									
										
									
										
									
										
									
										
											<td class="pass">PASS</td>
											
										
									
										
									
										
									
								
							
								
							
								
							
								
							
								
							
						
							
								
									
										
									
										
									
										
									
										
									
										
											<td class="pass">PASS</td>
											
										
									
										
									
								
							
								
							
								
							
								
							
								
							
						
					</tr>
					
					<tr>
						<td>
							<a href="#arduino%3ambed_nano%3ananorp2040connect"><b>arduino:mbed_nano:nanorp2040connect</b></a>
							<br />
							<small>2.7.2</small>
						</td>

						
							<td>Yes</td>
							<td class="pass">PASS</td>
						
						
						
						

						
							
								
							
								
									
										
									
										
									
										
									
										
									
										
									
										
											<td class="pass">PASS</td>
											
										
									
								
							
								
							
								
							
								
							
						
							
								
							
								
									
										
											<td class="pass">PASS</td>
											
										
									
										
									
										
									
										
									
										
									
										
									
								
							
								
							
								
							
								
							
						
							
								
							
								
									
										
									
										
											<td class="pass">PASS</td>
											
										
									
										
									
										
									
										
									
										
									
								
							
								
							
								
							
								
							
						
							
								
							
								
									
										
									
										
									
										
											
											<td class="fail">FAIL</td>
										
									
										
									
										
									
										
									
								
							
								
							
								
							
								
							
						
							
								
							
								
									
										
									
										
									
										
									
										
											<td class="pass">PASS</td>
											
										
									
										
									
										
									
								
							
								
							
								
							
								
							
						
							
								
							
								
									
										
									
										
									
										
									
										
									
										
											<td class="pass">PASS</td>
											
										
									
										
									
								
							
								
							
								
							
								
							
						
					</tr>
					
					<tr>
						<td>
							<a href="#arduino%3amegaavr%3anona4809"><b>arduino:megaavr:nona4809</b></a>
							<br />
							<small>1.8.7</small>
						</td>

						
							<td>Yes</td>
							<td class="pass">PASS</td>
						
						
						
						

						
							
								
							
								
							
								
									
										
									
										
									
										
									
										
									
										
									
										
											<td class="pass">PASS</td>
											
										
									
								
							
								
							
								
							
						
							
								
							
								
							
								
									
										
											<td class="pass">PASS</td>
											
										
									
										
									
										
									
										
									
										
									
										
									
								
							
								
							
								
							
						
							
								
							
								
							
								
									
										
									
										
											<td class="pass">PASS</td>
											
										
									
										
									
										
									
										
									
										
									
								
							
								
							
								
							
						
							
								
							
								
							
								
									
										
									
										
									
										
											
											<td class="fail">FAIL</td>
										
									
										
									
										
									
										
									
								
							
								
							
								
							
						
							
								
							
								
							
								
									
										
									
										
									
										
									
										
											<td class="pass">PASS</td>
											
										
									
										
									
										
									
								
							
								
							
								
							
						
							
								
							
								
							
								
									
										
									
										
									
										
									
										
									
										
											<td class="pass">PASS</td>
											
										
									
										
									
								
							
								
							
								
							
						
					</tr>
					
					<tr>
						<td>
							<a href="#arduino%3asamd%3amkrwifi1010"><b>arduino:samd:mkrwifi1010</b></a>
							<br />
							<small>1.8.12</small>
						</td>

						
							<td>Yes</td>
							<td class="pass">PASS</td>
						
						
						
						

						
							
								
							
								
							
								
							
								
									
										
									
										
									
										
									
										
									
										
									
										
											<td class="pass">PASS</td>
											
										
									
								
							
								
							
						
							
								
							
								
							
								
							
								
									
										
											<td class="pass">PASS</td>
											
										
									
										
									
										
									
										
									
										
									
										
									
								
							
								
							
						
							
								
							
								
							
								
							
								
									
										
									
										
											<td class="pass">PASS</td>
											
										
									
										
									
										
									
										
									
										
									
								
							
								
							
						
							
								
							
								
							
								
							
								
									
										
									
										
									
										
											
											<td class="fail">FAIL</td>
										
									
										
									
										
									
										
									
								
							
								
							
						
							
								
							
								
							
								
							
								
									
										
									
										
									
										
									
										
											<td class="pass">PASS</td>
											
										
									
										
									
										
									
								
							
								
							
						
							
								
							
								
							
								
							
								
									
										
									
										
									
										
									
										
									
										
											<td class="pass">PASS</td>
											
										
									
										
									
								
							
								
							
						
					</tr>
					
					<tr>
						<td>
							<a href="#esp32%3aesp32%3ad1_mini32"><b>esp32:esp32:d1_mini32</b></a>
							<br />
							<small>1.0.6</small>
						</td>

						
							<td>Yes</td>
							<td class="pass">PASS</td>
						
						
						
						

						
							
								
							
								
							
								
							
								
							
								
									
										
									
										
									
										
									
										
									
										
									
										
											<td class="pass">PASS</td>
											
										
									
								
							
						
							
								
							
								
							
								
							
								
							
								
									
										
											<td class="pass">PASS</td>
											
										
									
										
									
										
									
										
									
										
									
										
									
								
							
						
							
								
							
								
							
								
							
								
							
								
									
										
									
										
											<td class="pass">PASS</td>
											
										
									
										
									
										
									
										
									
										
									
								
							
						
							
								
							
								
							
								
							
								
							
								
									
										
									
										
									
										
											<td class="pass">PASS</td>
											
										
									
										
									
										
									
										
									
								
							
						
							
								
							
								
							
								
							
								
							
								
									
										
									
										
									
										
									
										
											<td class="pass">PASS</td>
											
										
									
										
									
										
									
								
							
						
							
								
							
								
							
								
							
								
							
								
									
										
									
										
									
										
									
										
									
										
											<td class="pass">PASS</td>
											
										
									
										
									
								
							
						
					</tr>
					
				</table>

				<h2>Compilation logs</h2>
				
				<h3 id="arduino:avr:uno">arduino:avr:uno @ 1.8.4</h3>
				<h4>Inclusion</h4>
				<p>
					Result: <b>PASS</b>
					
				</p>
				<pre class="pre-scrollable">Sketch uses 444 bytes (1%) of program storage space. Maximum is 32256 bytes.
Global variables use 9 bytes (0%) of dynamic memory, leaving 2039 bytes for local variables. Maximum is 2048 bytes.
</pre>

					
					<h4>examples/custom_class</h4>
					<p>
						Result: <b>PASS</b>
					</p>
					<pre class="pre-scrollable">Sketch uses 14184 bytes (43%) of program storage space. Maximum is 32256 bytes.
Global variables use 620 bytes (30%) of dynamic memory, leaving 1428 bytes for local variables. Maximum is 2048 bytes.
</pre>
					
					<h4>examples/dynamic_append</h4>
					<p>
						Result: <b>PASS</b>
					</p>
					<pre class="pre-scrollable">Sketch uses 12828 bytes (39%) of program storage space. Maximum is 32256 bytes.
Global variables use 572 bytes (27%) of dynamic memory, leaving 1476 bytes for local variables. Maximum is 2048 bytes.
</pre>
					
					<h4>examples/fastled</h4>
					<p>
						Result: <b>FAIL</b>
					</p>
					<pre class="pre-scrollable">In file included from /home/ec2-user/arduino-testlib/cli-datadir/user/libraries/FastLED/src/FastLED.h:50:0,
                 from /home/ec2-user/arduino-testlib/cli-datadir/user/libraries/Tween/examples/fastled/fastled.ino:2:
/home/ec2-user/arduino-testlib/cli-datadir/user/libraries/FastLED/src/fastpin.h: In instantiation of &#39;class FastPin&lt;27&gt;&#39;:
/home/ec2-user/arduino-testlib/cli-datadir/user/libraries/FastLED/src/platforms/avr/clockless_trinket.h:107:49:   required from &#39;class ClocklessController&lt;27, 4, 10, 6, (EOrder)66, 0, false, 10&gt;&#39;
/home/ec2-user/arduino-testlib/cli-datadir/user/libraries/FastLED/src/chipsets.h:474:7:   required from &#39;class WS2812Controller800Khz&lt;27, (EOrder)66&gt;&#39;
/home/ec2-user/arduino-testlib/cli-datadir/user/libraries/FastLED/src/FastLED.h:94:34:   required from &#39;class NEOPIXEL&lt;27&gt;&#39;
/home/ec2-user/arduino-testlib/cli-datadir/user/libraries/FastLED/src/FastLED.h:316:28:   required from &#39;static CLEDController&amp; CFastLED::addLeds(CRGB*, int, int) [with CHIPSET = NEOPIXEL; unsigned char DATA_PIN = 27]&#39;
/home/ec2-user/arduino-testlib/cli-datadir/user/libraries/Tween/examples/fastled/fastled.ino:24:40:   required from here
/home/ec2-user/arduino-testlib/cli-datadir/user/libraries/FastLED/src/fastpin.h:210:2: error: static assertion failed: Invalid pin specified
  static_assert(validpin(), &#34;Invalid pin specified&#34;);
  ^~~~~~~~~~~~~

</pre>
					
					<h4>examples/mode</h4>
					<p>
						Result: <b>PASS</b>
					</p>
					<pre class="pre-scrollable">Sketch uses 12902 bytes (39%) of program storage space. Maximum is 32256 bytes.
Global variables use 582 bytes (28%) of dynamic memory, leaving 1466 bytes for local variables. Maximum is 2048 bytes.
</pre>
					
					<h4>examples/mode_offset</h4>
					<p>
						Result: <b>PASS</b>
					</p>
					<pre class="pre-scrollable">Sketch uses 12898 bytes (39%) of program storage space. Maximum is 32256 bytes.
Global variables use 608 bytes (29%) of dynamic memory, leaving 1440 bytes for local variables. Maximum is 2048 bytes.
</pre>
					
					<h4>examples/simple</h4>
					<p>
						Result: <b>PASS</b>
					</p>
					<pre class="pre-scrollable">Sketch uses 19240 bytes (59%) of program storage space. Maximum is 32256 bytes.
Global variables use 690 bytes (33%) of dynamic memory, leaving 1358 bytes for local variables. Maximum is 2048 bytes.
</pre>
					
				
				<h3 id="arduino:mbed_nano:nanorp2040connect">arduino:mbed_nano:nanorp2040connect @ 2.7.2</h3>
				<h4>Inclusion</h4>
				<p>
					Result: <b>PASS</b>
					
				</p>
				<pre class="pre-scrollable">Sketch uses 78756 bytes (0%) of program storage space. Maximum is 16777216 bytes.
Global variables use 43444 bytes (16%) of dynamic memory, leaving 226892 bytes for local variables. Maximum is 270336 bytes.
</pre>

					
					<h4>examples/custom_class</h4>
					<p>
						Result: <b>PASS</b>
					</p>
					<pre class="pre-scrollable">Sketch uses 97288 bytes (0%) of program storage space. Maximum is 16777216 bytes.
Global variables use 43688 bytes (16%) of dynamic memory, leaving 226648 bytes for local variables. Maximum is 270336 bytes.
In file included from /home/ec2-user/arduino-testlib/cli-datadir/data/packages/arduino/tools/arm-none-eabi-gcc/7-2017q4/arm-none-eabi/include/c&#43;&#43;/7.2.1/vector:69:0,
                 from /home/ec2-user/arduino-testlib/cli-datadir/user/libraries/Tween/Tween/util/ArxContainer/ArxContainer.h:18,
                 from /home/ec2-user/arduino-testlib/cli-datadir/user/libraries/Tween/Tween/Types.h:13,
                 from /home/ec2-user/arduino-testlib/cli-datadir/user/libraries/Tween/Tween/Timeline.h:5,
                 from /home/ec2-user/arduino-testlib/cli-datadir/user/libraries/Tween/Tween.h:4,
                 from /home/ec2-user/arduino-testlib/cli-datadir/user/libraries/Tween/examples/custom_class/custom_class.ino:1:
/home/ec2-user/arduino-testlib/cli-datadir/data/packages/arduino/tools/arm-none-eabi-gcc/7-2017q4/arm-none-eabi/include/c&#43;&#43;/7.2.1/bits/vector.tcc: In member function &#39;void std::vector&lt;_Tp, _Alloc&gt;::_M_realloc_insert(std::vector&lt;_Tp, _Alloc&gt;::iterator, _Args&amp;&amp; ...) [with _Args = {const ht::tween::sequence::Base::trans_t&amp;}; _Tp = ht::tween::sequence::Base::trans_t; _Alloc = std::allocator&lt;ht::tween::sequence::Base::trans_t&gt;]&#39;:
/home/ec2-user/arduino-testlib/cli-datadir/data/packages/arduino/tools/arm-none-eabi-gcc/7-2017q4/arm-none-eabi/include/c&#43;&#43;/7.2.1/bits/vector.tcc:394:7: note: parameter passing for argument of type &#39;std::vector&lt;ht::tween::sequence::Base::trans_t, std::allocator&lt;ht::tween::sequence::Base::trans_t&gt; &gt;::iterator {aka __gnu_cxx::__normal_iterator&lt;ht::tween::sequence::Base::trans_t*, std::vector&lt;ht::tween::sequence::Base::trans_t, std::allocator&lt;ht::tween::sequence::Base::trans_t&gt; &gt; &gt;}&#39; changed in GCC 7.1
       vector&lt;_Tp, _Alloc&gt;::
       ^~~~~~~~~~~~~~~~~~~
/home/ec2-user/arduino-testlib/cli-datadir/data/packages/arduino/tools/arm-none-eabi-gcc/7-2017q4/arm-none-eabi/include/c&#43;&#43;/7.2.1/bits/vector.tcc: In member function &#39;void ht::tween::sequence::Base::add_transition(const ht::tween::sequence::Base::trans_t&amp;)&#39;:
/home/ec2-user/arduino-testlib/cli-datadir/data/packages/arduino/tools/arm-none-eabi-gcc/7-2017q4/arm-none-eabi/include/c&#43;&#43;/7.2.1/bits/vector.tcc:105:21: note: parameter passing for argument of type &#39;__gnu_cxx::__normal_iterator&lt;ht::tween::sequence::Base::trans_t*, std::vector&lt;ht::tween::sequence::Base::trans_t, std::allocator&lt;ht::tween::sequence::Base::trans_t&gt; &gt; &gt;&#39; changed in GCC 7.1
    _M_realloc_insert(end(), std::forward&lt;_Args&gt;(__args)...);
    ~~~~~~~~~~~~~~~~~^~~~~~~~~~~~~~~~~~~~~~~~~~~~~~~~~~~~~~~
</pre>
					
					<h4>examples/dynamic_append</h4>
					<p>
						Result: <b>PASS</b>
					</p>
					<pre class="pre-scrollable">Sketch uses 95164 bytes (0%) of program storage space. Maximum is 16777216 bytes.
Global variables use 43684 bytes (16%) of dynamic memory, leaving 226652 bytes for local variables. Maximum is 270336 bytes.
In file included from /home/ec2-user/arduino-testlib/cli-datadir/data/packages/arduino/tools/arm-none-eabi-gcc/7-2017q4/arm-none-eabi/include/c&#43;&#43;/7.2.1/vector:69:0,
                 from /home/ec2-user/arduino-testlib/cli-datadir/user/libraries/Tween/Tween/util/ArxContainer/ArxContainer.h:18,
                 from /home/ec2-user/arduino-testlib/cli-datadir/user/libraries/Tween/Tween/Types.h:13,
                 from /home/ec2-user/arduino-testlib/cli-datadir/user/libraries/Tween/Tween/Timeline.h:5,
                 from /home/ec2-user/arduino-testlib/cli-datadir/user/libraries/Tween/Tween.h:4,
                 from /home/ec2-user/arduino-testlib/cli-datadir/user/libraries/Tween/examples/dynamic_append/dynamic_append.ino:1:
/home/ec2-user/arduino-testlib/cli-datadir/data/packages/arduino/tools/arm-none-eabi-gcc/7-2017q4/arm-none-eabi/include/c&#43;&#43;/7.2.1/bits/vector.tcc: In member function &#39;void std::vector&lt;_Tp, _Alloc&gt;::_M_realloc_insert(std::vector&lt;_Tp, _Alloc&gt;::iterator, _Args&amp;&amp; ...) [with _Args = {const ht::tween::sequence::Base::trans_t&amp;}; _Tp = ht::tween::sequence::Base::trans_t; _Alloc = std::allocator&lt;ht::tween::sequence::Base::trans_t&gt;]&#39;:
/home/ec2-user/arduino-testlib/cli-datadir/data/packages/arduino/tools/arm-none-eabi-gcc/7-2017q4/arm-none-eabi/include/c&#43;&#43;/7.2.1/bits/vector.tcc:394:7: note: parameter passing for argument of type &#39;std::vector&lt;ht::tween::sequence::Base::trans_t, std::allocator&lt;ht::tween::sequence::Base::trans_t&gt; &gt;::iterator {aka __gnu_cxx::__normal_iterator&lt;ht::tween::sequence::Base::trans_t*, std::vector&lt;ht::tween::sequence::Base::trans_t, std::allocator&lt;ht::tween::sequence::Base::trans_t&gt; &gt; &gt;}&#39; changed in GCC 7.1
       vector&lt;_Tp, _Alloc&gt;::
       ^~~~~~~~~~~~~~~~~~~
/home/ec2-user/arduino-testlib/cli-datadir/data/packages/arduino/tools/arm-none-eabi-gcc/7-2017q4/arm-none-eabi/include/c&#43;&#43;/7.2.1/bits/vector.tcc: In member function &#39;void ht::tween::sequence::Base::add_transition(const ht::tween::sequence::Base::trans_t&amp;)&#39;:
/home/ec2-user/arduino-testlib/cli-datadir/data/packages/arduino/tools/arm-none-eabi-gcc/7-2017q4/arm-none-eabi/include/c&#43;&#43;/7.2.1/bits/vector.tcc:105:21: note: parameter passing for argument of type &#39;__gnu_cxx::__normal_iterator&lt;ht::tween::sequence::Base::trans_t*, std::vector&lt;ht::tween::sequence::Base::trans_t, std::allocator&lt;ht::tween::sequence::Base::trans_t&gt; &gt; &gt;&#39; changed in GCC 7.1
    _M_realloc_insert(end(), std::forward&lt;_Args&gt;(__args)...);
    ~~~~~~~~~~~~~~~~~^~~~~~~~~~~~~~~~~~~~~~~~~~~~~~~~~~~~~~~
</pre>
					
					<h4>examples/fastled</h4>
					<p>
						Result: <b>FAIL</b>
					</p>
					<pre class="pre-scrollable">In file included from /home/ec2-user/arduino-testlib/cli-datadir/user/libraries/FastLED/src/FastLED.h:43:0,
                 from /home/ec2-user/arduino-testlib/cli-datadir/user/libraries/Tween/examples/fastled/fastled.ino:2:
/home/ec2-user/arduino-testlib/cli-datadir/user/libraries/FastLED/src/led_sysdefs.h:55:2: error: #error &#34;This platform isn&#39;t recognized by FastLED... yet.  See comments in FastLED/led_sysdefs.h for options.&#34;
 #error &#34;This platform isn&#39;t recognized by FastLED... yet.  See comments in FastLED/led_sysdefs.h for options.&#34;
  ^~~~~

</pre>
					
					<h4>examples/mode</h4>
					<p>
						Result: <b>PASS</b>
					</p>
					<pre class="pre-scrollable">Sketch uses 95124 bytes (0%) of program storage space. Maximum is 16777216 bytes.
Global variables use 43688 bytes (16%) of dynamic memory, leaving 226648 bytes for local variables. Maximum is 270336 bytes.
In file included from /home/ec2-user/arduino-testlib/cli-datadir/data/packages/arduino/tools/arm-none-eabi-gcc/7-2017q4/arm-none-eabi/include/c&#43;&#43;/7.2.1/vector:69:0,
                 from /home/ec2-user/arduino-testlib/cli-datadir/user/libraries/Tween/Tween/util/ArxContainer/ArxContainer.h:18,
                 from /home/ec2-user/arduino-testlib/cli-datadir/user/libraries/Tween/Tween/Types.h:13,
                 from /home/ec2-user/arduino-testlib/cli-datadir/user/libraries/Tween/Tween/Timeline.h:5,
                 from /home/ec2-user/arduino-testlib/cli-datadir/user/libraries/Tween/Tween.h:4,
                 from /home/ec2-user/arduino-testlib/cli-datadir/user/libraries/Tween/examples/mode/mode.ino:1:
/home/ec2-user/arduino-testlib/cli-datadir/data/packages/arduino/tools/arm-none-eabi-gcc/7-2017q4/arm-none-eabi/include/c&#43;&#43;/7.2.1/bits/vector.tcc: In member function &#39;void std::vector&lt;_Tp, _Alloc&gt;::_M_realloc_insert(std::vector&lt;_Tp, _Alloc&gt;::iterator, _Args&amp;&amp; ...) [with _Args = {const ht::tween::sequence::Base::trans_t&amp;}; _Tp = ht::tween::sequence::Base::trans_t; _Alloc = std::allocator&lt;ht::tween::sequence::Base::trans_t&gt;]&#39;:
/home/ec2-user/arduino-testlib/cli-datadir/data/packages/arduino/tools/arm-none-eabi-gcc/7-2017q4/arm-none-eabi/include/c&#43;&#43;/7.2.1/bits/vector.tcc:394:7: note: parameter passing for argument of type &#39;std::vector&lt;ht::tween::sequence::Base::trans_t, std::allocator&lt;ht::tween::sequence::Base::trans_t&gt; &gt;::iterator {aka __gnu_cxx::__normal_iterator&lt;ht::tween::sequence::Base::trans_t*, std::vector&lt;ht::tween::sequence::Base::trans_t, std::allocator&lt;ht::tween::sequence::Base::trans_t&gt; &gt; &gt;}&#39; changed in GCC 7.1
       vector&lt;_Tp, _Alloc&gt;::
       ^~~~~~~~~~~~~~~~~~~
/home/ec2-user/arduino-testlib/cli-datadir/data/packages/arduino/tools/arm-none-eabi-gcc/7-2017q4/arm-none-eabi/include/c&#43;&#43;/7.2.1/bits/vector.tcc: In member function &#39;void ht::tween::sequence::Base::add_transition(const ht::tween::sequence::Base::trans_t&amp;)&#39;:
/home/ec2-user/arduino-testlib/cli-datadir/data/packages/arduino/tools/arm-none-eabi-gcc/7-2017q4/arm-none-eabi/include/c&#43;&#43;/7.2.1/bits/vector.tcc:105:21: note: parameter passing for argument of type &#39;__gnu_cxx::__normal_iterator&lt;ht::tween::sequence::Base::trans_t*, std::vector&lt;ht::tween::sequence::Base::trans_t, std::allocator&lt;ht::tween::sequence::Base::trans_t&gt; &gt; &gt;&#39; changed in GCC 7.1
    _M_realloc_insert(end(), std::forward&lt;_Args&gt;(__args)...);
    ~~~~~~~~~~~~~~~~~^~~~~~~~~~~~~~~~~~~~~~~~~~~~~~~~~~~~~~~
</pre>
					
					<h4>examples/mode_offset</h4>
					<p>
						Result: <b>PASS</b>
					</p>
					<pre class="pre-scrollable">Sketch uses 95148 bytes (0%) of program storage space. Maximum is 16777216 bytes.
Global variables use 43700 bytes (16%) of dynamic memory, leaving 226636 bytes for local variables. Maximum is 270336 bytes.
In file included from /home/ec2-user/arduino-testlib/cli-datadir/data/packages/arduino/tools/arm-none-eabi-gcc/7-2017q4/arm-none-eabi/include/c&#43;&#43;/7.2.1/vector:69:0,
                 from /home/ec2-user/arduino-testlib/cli-datadir/user/libraries/Tween/Tween/util/ArxContainer/ArxContainer.h:18,
                 from /home/ec2-user/arduino-testlib/cli-datadir/user/libraries/Tween/Tween/Types.h:13,
                 from /home/ec2-user/arduino-testlib/cli-datadir/user/libraries/Tween/Tween/Timeline.h:5,
                 from /home/ec2-user/arduino-testlib/cli-datadir/user/libraries/Tween/Tween.h:4,
                 from /home/ec2-user/arduino-testlib/cli-datadir/user/libraries/Tween/examples/mode_offset/mode_offset.ino:1:
/home/ec2-user/arduino-testlib/cli-datadir/data/packages/arduino/tools/arm-none-eabi-gcc/7-2017q4/arm-none-eabi/include/c&#43;&#43;/7.2.1/bits/vector.tcc: In member function &#39;void std::vector&lt;_Tp, _Alloc&gt;::_M_realloc_insert(std::vector&lt;_Tp, _Alloc&gt;::iterator, _Args&amp;&amp; ...) [with _Args = {const ht::tween::sequence::Base::trans_t&amp;}; _Tp = ht::tween::sequence::Base::trans_t; _Alloc = std::allocator&lt;ht::tween::sequence::Base::trans_t&gt;]&#39;:
/home/ec2-user/arduino-testlib/cli-datadir/data/packages/arduino/tools/arm-none-eabi-gcc/7-2017q4/arm-none-eabi/include/c&#43;&#43;/7.2.1/bits/vector.tcc:394:7: note: parameter passing for argument of type &#39;std::vector&lt;ht::tween::sequence::Base::trans_t, std::allocator&lt;ht::tween::sequence::Base::trans_t&gt; &gt;::iterator {aka __gnu_cxx::__normal_iterator&lt;ht::tween::sequence::Base::trans_t*, std::vector&lt;ht::tween::sequence::Base::trans_t, std::allocator&lt;ht::tween::sequence::Base::trans_t&gt; &gt; &gt;}&#39; changed in GCC 7.1
       vector&lt;_Tp, _Alloc&gt;::
       ^~~~~~~~~~~~~~~~~~~
/home/ec2-user/arduino-testlib/cli-datadir/data/packages/arduino/tools/arm-none-eabi-gcc/7-2017q4/arm-none-eabi/include/c&#43;&#43;/7.2.1/bits/vector.tcc: In member function &#39;void ht::tween::sequence::Base::add_transition(const ht::tween::sequence::Base::trans_t&amp;)&#39;:
/home/ec2-user/arduino-testlib/cli-datadir/data/packages/arduino/tools/arm-none-eabi-gcc/7-2017q4/arm-none-eabi/include/c&#43;&#43;/7.2.1/bits/vector.tcc:105:21: note: parameter passing for argument of type &#39;__gnu_cxx::__normal_iterator&lt;ht::tween::sequence::Base::trans_t*, std::vector&lt;ht::tween::sequence::Base::trans_t, std::allocator&lt;ht::tween::sequence::Base::trans_t&gt; &gt; &gt;&#39; changed in GCC 7.1
    _M_realloc_insert(end(), std::forward&lt;_Args&gt;(__args)...);
    ~~~~~~~~~~~~~~~~~^~~~~~~~~~~~~~~~~~~~~~~~~~~~~~~~~~~~~~~
</pre>
					
					<h4>examples/simple</h4>
					<p>
						Result: <b>PASS</b>
					</p>
					<pre class="pre-scrollable">Sketch uses 108998 bytes (0%) of program storage space. Maximum is 16777216 bytes.
Global variables use 43688 bytes (16%) of dynamic memory, leaving 226648 bytes for local variables. Maximum is 270336 bytes.
In file included from /home/ec2-user/arduino-testlib/cli-datadir/data/packages/arduino/tools/arm-none-eabi-gcc/7-2017q4/arm-none-eabi/include/c&#43;&#43;/7.2.1/vector:69:0,
                 from /home/ec2-user/arduino-testlib/cli-datadir/user/libraries/Tween/Tween/util/ArxContainer/ArxContainer.h:18,
                 from /home/ec2-user/arduino-testlib/cli-datadir/user/libraries/Tween/Tween/Types.h:13,
                 from /home/ec2-user/arduino-testlib/cli-datadir/user/libraries/Tween/Tween/Timeline.h:5,
                 from /home/ec2-user/arduino-testlib/cli-datadir/user/libraries/Tween/Tween.h:4,
                 from /home/ec2-user/arduino-testlib/cli-datadir/user/libraries/Tween/examples/simple/simple.ino:1:
/home/ec2-user/arduino-testlib/cli-datadir/data/packages/arduino/tools/arm-none-eabi-gcc/7-2017q4/arm-none-eabi/include/c&#43;&#43;/7.2.1/bits/vector.tcc: In member function &#39;void std::vector&lt;_Tp, _Alloc&gt;::_M_realloc_insert(std::vector&lt;_Tp, _Alloc&gt;::iterator, _Args&amp;&amp; ...) [with _Args = {const ht::tween::sequence::Base::trans_t&amp;}; _Tp = ht::tween::sequence::Base::trans_t; _Alloc = std::allocator&lt;ht::tween::sequence::Base::trans_t&gt;]&#39;:
/home/ec2-user/arduino-testlib/cli-datadir/data/packages/arduino/tools/arm-none-eabi-gcc/7-2017q4/arm-none-eabi/include/c&#43;&#43;/7.2.1/bits/vector.tcc:394:7: note: parameter passing for argument of type &#39;std::vector&lt;ht::tween::sequence::Base::trans_t, std::allocator&lt;ht::tween::sequence::Base::trans_t&gt; &gt;::iterator {aka __gnu_cxx::__normal_iterator&lt;ht::tween::sequence::Base::trans_t*, std::vector&lt;ht::tween::sequence::Base::trans_t, std::allocator&lt;ht::tween::sequence::Base::trans_t&gt; &gt; &gt;}&#39; changed in GCC 7.1
       vector&lt;_Tp, _Alloc&gt;::
       ^~~~~~~~~~~~~~~~~~~
/home/ec2-user/arduino-testlib/cli-datadir/data/packages/arduino/tools/arm-none-eabi-gcc/7-2017q4/arm-none-eabi/include/c&#43;&#43;/7.2.1/bits/vector.tcc: In member function &#39;void ht::tween::sequence::Base::add_transition(const ht::tween::sequence::Base::trans_t&amp;)&#39;:
/home/ec2-user/arduino-testlib/cli-datadir/data/packages/arduino/tools/arm-none-eabi-gcc/7-2017q4/arm-none-eabi/include/c&#43;&#43;/7.2.1/bits/vector.tcc:105:21: note: parameter passing for argument of type &#39;__gnu_cxx::__normal_iterator&lt;ht::tween::sequence::Base::trans_t*, std::vector&lt;ht::tween::sequence::Base::trans_t, std::allocator&lt;ht::tween::sequence::Base::trans_t&gt; &gt; &gt;&#39; changed in GCC 7.1
    _M_realloc_insert(end(), std::forward&lt;_Args&gt;(__args)...);
    ~~~~~~~~~~~~~~~~~^~~~~~~~~~~~~~~~~~~~~~~~~~~~~~~~~~~~~~~
</pre>
					
				
				<h3 id="arduino:megaavr:nona4809">arduino:megaavr:nona4809 @ 1.8.7</h3>
				<h4>Inclusion</h4>
				<p>
					Result: <b>PASS</b>
					
				</p>
				<pre class="pre-scrollable">Sketch uses 802 bytes (1%) of program storage space. Maximum is 49152 bytes.
Global variables use 22 bytes (0%) of dynamic memory, leaving 6122 bytes for local variables. Maximum is 6144 bytes.
</pre>

					
					<h4>examples/custom_class</h4>
					<p>
						Result: <b>PASS</b>
					</p>
					<pre class="pre-scrollable">Sketch uses 15739 bytes (32%) of program storage space. Maximum is 49152 bytes.
Global variables use 387 bytes (6%) of dynamic memory, leaving 5757 bytes for local variables. Maximum is 6144 bytes.
</pre>
					
					<h4>examples/dynamic_append</h4>
					<p>
						Result: <b>PASS</b>
					</p>
					<pre class="pre-scrollable">Sketch uses 14381 bytes (29%) of program storage space. Maximum is 49152 bytes.
Global variables use 383 bytes (6%) of dynamic memory, leaving 5761 bytes for local variables. Maximum is 6144 bytes.
</pre>
					
					<h4>examples/fastled</h4>
					<p>
						Result: <b>FAIL</b>
					</p>
					<pre class="pre-scrollable">In file included from /home/ec2-user/arduino-testlib/cli-datadir/user/libraries/FastLED/src/FastLED.h:50:0,
                 from /home/ec2-user/arduino-testlib/cli-datadir/user/libraries/Tween/examples/fastled/fastled.ino:2:
/home/ec2-user/arduino-testlib/cli-datadir/user/libraries/FastLED/src/fastpin.h: In instantiation of &#39;class FastPin&lt;27&gt;&#39;:
/home/ec2-user/arduino-testlib/cli-datadir/user/libraries/FastLED/src/platforms/avr/clockless_trinket.h:107:49:   required from &#39;class ClocklessController&lt;27, 4, 10, 6, (EOrder)66, 0, false, 10&gt;&#39;
/home/ec2-user/arduino-testlib/cli-datadir/user/libraries/FastLED/src/chipsets.h:474:7:   required from &#39;class WS2812Controller800Khz&lt;27, (EOrder)66&gt;&#39;
/home/ec2-user/arduino-testlib/cli-datadir/user/libraries/FastLED/src/FastLED.h:94:34:   required from &#39;class NEOPIXEL&lt;27&gt;&#39;
/home/ec2-user/arduino-testlib/cli-datadir/user/libraries/FastLED/src/FastLED.h:316:28:   required from &#39;static CLEDController&amp; CFastLED::addLeds(CRGB*, int, int) [with CHIPSET = NEOPIXEL; unsigned char DATA_PIN = 27]&#39;
/home/ec2-user/arduino-testlib/cli-datadir/user/libraries/Tween/examples/fastled/fastled.ino:24:40:   required from here
/home/ec2-user/arduino-testlib/cli-datadir/user/libraries/FastLED/src/fastpin.h:210:2: error: static assertion failed: Invalid pin specified
  static_assert(validpin(), &#34;Invalid pin specified&#34;);
  ^~~~~~~~~~~~~

</pre>
					
					<h4>examples/mode</h4>
					<p>
						Result: <b>PASS</b>
					</p>
					<pre class="pre-scrollable">Sketch uses 14423 bytes (29%) of program storage space. Maximum is 49152 bytes.
Global variables use 387 bytes (6%) of dynamic memory, leaving 5757 bytes for local variables. Maximum is 6144 bytes.
</pre>
					
					<h4>examples/mode_offset</h4>
					<p>
						Result: <b>PASS</b>
					</p>
					<pre class="pre-scrollable">Sketch uses 14437 bytes (29%) of program storage space. Maximum is 49152 bytes.
Global variables use 399 bytes (6%) of dynamic memory, leaving 5745 bytes for local variables. Maximum is 6144 bytes.
</pre>
					
					<h4>examples/simple</h4>
					<p>
						Result: <b>PASS</b>
					</p>
					<pre class="pre-scrollable">Sketch uses 20733 bytes (42%) of program storage space. Maximum is 49152 bytes.
Global variables use 387 bytes (6%) of dynamic memory, leaving 5757 bytes for local variables. Maximum is 6144 bytes.
</pre>
					
				
				<h3 id="arduino:samd:mkrwifi1010">arduino:samd:mkrwifi1010 @ 1.8.12</h3>
				<h4>Inclusion</h4>
				<p>
					Result: <b>PASS</b>
					
				</p>
				<pre class="pre-scrollable">Sketch uses 12156 bytes (4%) of program storage space. Maximum is 262144 bytes.
Global variables use 2996 bytes (9%) of dynamic memory, leaving 29772 bytes for local variables. Maximum is 32768 bytes.
</pre>

					
					<h4>examples/custom_class</h4>
					<p>
						Result: <b>PASS</b>
					</p>
					<pre class="pre-scrollable">Sketch uses 30252 bytes (11%) of program storage space. Maximum is 262144 bytes.
Global variables use 3216 bytes (9%) of dynamic memory, leaving 29552 bytes for local variables. Maximum is 32768 bytes.
In file included from /home/ec2-user/arduino-testlib/cli-datadir/data/packages/arduino/tools/arm-none-eabi-gcc/7-2017q4/arm-none-eabi/include/c&#43;&#43;/7.2.1/vector:69:0,
                 from /home/ec2-user/arduino-testlib/cli-datadir/user/libraries/Tween/Tween/util/ArxContainer/ArxContainer.h:18,
                 from /home/ec2-user/arduino-testlib/cli-datadir/user/libraries/Tween/Tween/Types.h:13,
                 from /home/ec2-user/arduino-testlib/cli-datadir/user/libraries/Tween/Tween/Timeline.h:5,
                 from /home/ec2-user/arduino-testlib/cli-datadir/user/libraries/Tween/Tween.h:4,
                 from /home/ec2-user/arduino-testlib/cli-datadir/user/libraries/Tween/examples/custom_class/custom_class.ino:1:
/home/ec2-user/arduino-testlib/cli-datadir/data/packages/arduino/tools/arm-none-eabi-gcc/7-2017q4/arm-none-eabi/include/c&#43;&#43;/7.2.1/bits/vector.tcc: In member function &#39;void std::vector&lt;_Tp, _Alloc&gt;::_M_realloc_insert(std::vector&lt;_Tp, _Alloc&gt;::iterator, _Args&amp;&amp; ...) [with _Args = {const ht::tween::sequence::Base::trans_t&amp;}; _Tp = ht::tween::sequence::Base::trans_t; _Alloc = std::allocator&lt;ht::tween::sequence::Base::trans_t&gt;]&#39;:
/home/ec2-user/arduino-testlib/cli-datadir/data/packages/arduino/tools/arm-none-eabi-gcc/7-2017q4/arm-none-eabi/include/c&#43;&#43;/7.2.1/bits/vector.tcc:394:7: note: parameter passing for argument of type &#39;std::vector&lt;ht::tween::sequence::Base::trans_t, std::allocator&lt;ht::tween::sequence::Base::trans_t&gt; &gt;::iterator {aka __gnu_cxx::__normal_iterator&lt;ht::tween::sequence::Base::trans_t*, std::vector&lt;ht::tween::sequence::Base::trans_t, std::allocator&lt;ht::tween::sequence::Base::trans_t&gt; &gt; &gt;}&#39; changed in GCC 7.1
       vector&lt;_Tp, _Alloc&gt;::
       ^~~~~~~~~~~~~~~~~~~
/home/ec2-user/arduino-testlib/cli-datadir/data/packages/arduino/tools/arm-none-eabi-gcc/7-2017q4/arm-none-eabi/include/c&#43;&#43;/7.2.1/bits/vector.tcc: In member function &#39;void ht::tween::sequence::Base::add_transition(const ht::tween::sequence::Base::trans_t&amp;)&#39;:
/home/ec2-user/arduino-testlib/cli-datadir/data/packages/arduino/tools/arm-none-eabi-gcc/7-2017q4/arm-none-eabi/include/c&#43;&#43;/7.2.1/bits/vector.tcc:105:21: note: parameter passing for argument of type &#39;__gnu_cxx::__normal_iterator&lt;ht::tween::sequence::Base::trans_t*, std::vector&lt;ht::tween::sequence::Base::trans_t, std::allocator&lt;ht::tween::sequence::Base::trans_t&gt; &gt; &gt;&#39; changed in GCC 7.1
    _M_realloc_insert(end(), std::forward&lt;_Args&gt;(__args)...);
    ~~~~~~~~~~~~~~~~~^~~~~~~~~~~~~~~~~~~~~~~~~~~~~~~~~~~~~~~
</pre>
					
					<h4>examples/dynamic_append</h4>
					<p>
						Result: <b>PASS</b>
					</p>
					<pre class="pre-scrollable">Sketch uses 27980 bytes (10%) of program storage space. Maximum is 262144 bytes.
Global variables use 3208 bytes (9%) of dynamic memory, leaving 29560 bytes for local variables. Maximum is 32768 bytes.
In file included from /home/ec2-user/arduino-testlib/cli-datadir/data/packages/arduino/tools/arm-none-eabi-gcc/7-2017q4/arm-none-eabi/include/c&#43;&#43;/7.2.1/vector:69:0,
                 from /home/ec2-user/arduino-testlib/cli-datadir/user/libraries/Tween/Tween/util/ArxContainer/ArxContainer.h:18,
                 from /home/ec2-user/arduino-testlib/cli-datadir/user/libraries/Tween/Tween/Types.h:13,
                 from /home/ec2-user/arduino-testlib/cli-datadir/user/libraries/Tween/Tween/Timeline.h:5,
                 from /home/ec2-user/arduino-testlib/cli-datadir/user/libraries/Tween/Tween.h:4,
                 from /home/ec2-user/arduino-testlib/cli-datadir/user/libraries/Tween/examples/dynamic_append/dynamic_append.ino:1:
/home/ec2-user/arduino-testlib/cli-datadir/data/packages/arduino/tools/arm-none-eabi-gcc/7-2017q4/arm-none-eabi/include/c&#43;&#43;/7.2.1/bits/vector.tcc: In member function &#39;void std::vector&lt;_Tp, _Alloc&gt;::_M_realloc_insert(std::vector&lt;_Tp, _Alloc&gt;::iterator, _Args&amp;&amp; ...) [with _Args = {const ht::tween::sequence::Base::trans_t&amp;}; _Tp = ht::tween::sequence::Base::trans_t; _Alloc = std::allocator&lt;ht::tween::sequence::Base::trans_t&gt;]&#39;:
/home/ec2-user/arduino-testlib/cli-datadir/data/packages/arduino/tools/arm-none-eabi-gcc/7-2017q4/arm-none-eabi/include/c&#43;&#43;/7.2.1/bits/vector.tcc:394:7: note: parameter passing for argument of type &#39;std::vector&lt;ht::tween::sequence::Base::trans_t, std::allocator&lt;ht::tween::sequence::Base::trans_t&gt; &gt;::iterator {aka __gnu_cxx::__normal_iterator&lt;ht::tween::sequence::Base::trans_t*, std::vector&lt;ht::tween::sequence::Base::trans_t, std::allocator&lt;ht::tween::sequence::Base::trans_t&gt; &gt; &gt;}&#39; changed in GCC 7.1
       vector&lt;_Tp, _Alloc&gt;::
       ^~~~~~~~~~~~~~~~~~~
/home/ec2-user/arduino-testlib/cli-datadir/data/packages/arduino/tools/arm-none-eabi-gcc/7-2017q4/arm-none-eabi/include/c&#43;&#43;/7.2.1/bits/vector.tcc: In member function &#39;void ht::tween::sequence::Base::add_transition(const ht::tween::sequence::Base::trans_t&amp;)&#39;:
/home/ec2-user/arduino-testlib/cli-datadir/data/packages/arduino/tools/arm-none-eabi-gcc/7-2017q4/arm-none-eabi/include/c&#43;&#43;/7.2.1/bits/vector.tcc:105:21: note: parameter passing for argument of type &#39;__gnu_cxx::__normal_iterator&lt;ht::tween::sequence::Base::trans_t*, std::vector&lt;ht::tween::sequence::Base::trans_t, std::allocator&lt;ht::tween::sequence::Base::trans_t&gt; &gt; &gt;&#39; changed in GCC 7.1
    _M_realloc_insert(end(), std::forward&lt;_Args&gt;(__args)...);
    ~~~~~~~~~~~~~~~~~^~~~~~~~~~~~~~~~~~~~~~~~~~~~~~~~~~~~~~~
</pre>
					
					<h4>examples/fastled</h4>
					<p>
						Result: <b>FAIL</b>
					</p>
					<pre class="pre-scrollable">In file included from /home/ec2-user/arduino-testlib/cli-datadir/user/libraries/FastLED/src/FastLED.h:50:0,
                 from /home/ec2-user/arduino-testlib/cli-datadir/user/libraries/Tween/examples/fastled/fastled.ino:2:
/home/ec2-user/arduino-testlib/cli-datadir/user/libraries/FastLED/src/fastpin.h: In instantiation of &#39;class FastPin&lt;27&gt;&#39;:
/home/ec2-user/arduino-testlib/cli-datadir/user/libraries/FastLED/src/fastpin.h:242:29:   required from &#39;class FastPinBB&lt;27&gt;&#39;
/home/ec2-user/arduino-testlib/cli-datadir/user/libraries/FastLED/src/platforms/arm/d21/clockless_arm_d21.h:10:54:   required from &#39;class ClocklessController&lt;27, 12, 30, 18, (EOrder)66, 0, false, 50&gt;&#39;
/home/ec2-user/arduino-testlib/cli-datadir/user/libraries/FastLED/src/chipsets.h:578:7:   required from &#39;class WS2812Controller800Khz&lt;27, (EOrder)66&gt;&#39;
/home/ec2-user/arduino-testlib/cli-datadir/user/libraries/FastLED/src/FastLED.h:94:34:   required from &#39;class NEOPIXEL&lt;27&gt;&#39;
/home/ec2-user/arduino-testlib/cli-datadir/user/libraries/FastLED/src/FastLED.h:316:28:   required from &#39;static CLEDController&amp; CFastLED::addLeds(CRGB*, int, int) [with CHIPSET = NEOPIXEL; unsigned char DATA_PIN = 27]&#39;
/home/ec2-user/arduino-testlib/cli-datadir/user/libraries/Tween/examples/fastled/fastled.ino:24:40:   required from here
/home/ec2-user/arduino-testlib/cli-datadir/user/libraries/FastLED/src/fastpin.h:210:2: error: static assertion failed: Invalid pin specified
  static_assert(validpin(), &#34;Invalid pin specified&#34;);
  ^~~~~~~~~~~~~

</pre>
					
					<h4>examples/mode</h4>
					<p>
						Result: <b>PASS</b>
					</p>
					<pre class="pre-scrollable">Sketch uses 27940 bytes (10%) of program storage space. Maximum is 262144 bytes.
Global variables use 3216 bytes (9%) of dynamic memory, leaving 29552 bytes for local variables. Maximum is 32768 bytes.
In file included from /home/ec2-user/arduino-testlib/cli-datadir/data/packages/arduino/tools/arm-none-eabi-gcc/7-2017q4/arm-none-eabi/include/c&#43;&#43;/7.2.1/vector:69:0,
                 from /home/ec2-user/arduino-testlib/cli-datadir/user/libraries/Tween/Tween/util/ArxContainer/ArxContainer.h:18,
                 from /home/ec2-user/arduino-testlib/cli-datadir/user/libraries/Tween/Tween/Types.h:13,
                 from /home/ec2-user/arduino-testlib/cli-datadir/user/libraries/Tween/Tween/Timeline.h:5,
                 from /home/ec2-user/arduino-testlib/cli-datadir/user/libraries/Tween/Tween.h:4,
                 from /home/ec2-user/arduino-testlib/cli-datadir/user/libraries/Tween/examples/mode/mode.ino:1:
/home/ec2-user/arduino-testlib/cli-datadir/data/packages/arduino/tools/arm-none-eabi-gcc/7-2017q4/arm-none-eabi/include/c&#43;&#43;/7.2.1/bits/vector.tcc: In member function &#39;void std::vector&lt;_Tp, _Alloc&gt;::_M_realloc_insert(std::vector&lt;_Tp, _Alloc&gt;::iterator, _Args&amp;&amp; ...) [with _Args = {const ht::tween::sequence::Base::trans_t&amp;}; _Tp = ht::tween::sequence::Base::trans_t; _Alloc = std::allocator&lt;ht::tween::sequence::Base::trans_t&gt;]&#39;:
/home/ec2-user/arduino-testlib/cli-datadir/data/packages/arduino/tools/arm-none-eabi-gcc/7-2017q4/arm-none-eabi/include/c&#43;&#43;/7.2.1/bits/vector.tcc:394:7: note: parameter passing for argument of type &#39;std::vector&lt;ht::tween::sequence::Base::trans_t, std::allocator&lt;ht::tween::sequence::Base::trans_t&gt; &gt;::iterator {aka __gnu_cxx::__normal_iterator&lt;ht::tween::sequence::Base::trans_t*, std::vector&lt;ht::tween::sequence::Base::trans_t, std::allocator&lt;ht::tween::sequence::Base::trans_t&gt; &gt; &gt;}&#39; changed in GCC 7.1
       vector&lt;_Tp, _Alloc&gt;::
       ^~~~~~~~~~~~~~~~~~~
/home/ec2-user/arduino-testlib/cli-datadir/data/packages/arduino/tools/arm-none-eabi-gcc/7-2017q4/arm-none-eabi/include/c&#43;&#43;/7.2.1/bits/vector.tcc: In member function &#39;void ht::tween::sequence::Base::add_transition(const ht::tween::sequence::Base::trans_t&amp;)&#39;:
/home/ec2-user/arduino-testlib/cli-datadir/data/packages/arduino/tools/arm-none-eabi-gcc/7-2017q4/arm-none-eabi/include/c&#43;&#43;/7.2.1/bits/vector.tcc:105:21: note: parameter passing for argument of type &#39;__gnu_cxx::__normal_iterator&lt;ht::tween::sequence::Base::trans_t*, std::vector&lt;ht::tween::sequence::Base::trans_t, std::allocator&lt;ht::tween::sequence::Base::trans_t&gt; &gt; &gt;&#39; changed in GCC 7.1
    _M_realloc_insert(end(), std::forward&lt;_Args&gt;(__args)...);
    ~~~~~~~~~~~~~~~~~^~~~~~~~~~~~~~~~~~~~~~~~~~~~~~~~~~~~~~~
</pre>
					
					<h4>examples/mode_offset</h4>
					<p>
						Result: <b>PASS</b>
					</p>
					<pre class="pre-scrollable">Sketch uses 27980 bytes (10%) of program storage space. Maximum is 262144 bytes.
Global variables use 3224 bytes (9%) of dynamic memory, leaving 29544 bytes for local variables. Maximum is 32768 bytes.
In file included from /home/ec2-user/arduino-testlib/cli-datadir/data/packages/arduino/tools/arm-none-eabi-gcc/7-2017q4/arm-none-eabi/include/c&#43;&#43;/7.2.1/vector:69:0,
                 from /home/ec2-user/arduino-testlib/cli-datadir/user/libraries/Tween/Tween/util/ArxContainer/ArxContainer.h:18,
                 from /home/ec2-user/arduino-testlib/cli-datadir/user/libraries/Tween/Tween/Types.h:13,
                 from /home/ec2-user/arduino-testlib/cli-datadir/user/libraries/Tween/Tween/Timeline.h:5,
                 from /home/ec2-user/arduino-testlib/cli-datadir/user/libraries/Tween/Tween.h:4,
                 from /home/ec2-user/arduino-testlib/cli-datadir/user/libraries/Tween/examples/mode_offset/mode_offset.ino:1:
/home/ec2-user/arduino-testlib/cli-datadir/data/packages/arduino/tools/arm-none-eabi-gcc/7-2017q4/arm-none-eabi/include/c&#43;&#43;/7.2.1/bits/vector.tcc: In member function &#39;void std::vector&lt;_Tp, _Alloc&gt;::_M_realloc_insert(std::vector&lt;_Tp, _Alloc&gt;::iterator, _Args&amp;&amp; ...) [with _Args = {const ht::tween::sequence::Base::trans_t&amp;}; _Tp = ht::tween::sequence::Base::trans_t; _Alloc = std::allocator&lt;ht::tween::sequence::Base::trans_t&gt;]&#39;:
/home/ec2-user/arduino-testlib/cli-datadir/data/packages/arduino/tools/arm-none-eabi-gcc/7-2017q4/arm-none-eabi/include/c&#43;&#43;/7.2.1/bits/vector.tcc:394:7: note: parameter passing for argument of type &#39;std::vector&lt;ht::tween::sequence::Base::trans_t, std::allocator&lt;ht::tween::sequence::Base::trans_t&gt; &gt;::iterator {aka __gnu_cxx::__normal_iterator&lt;ht::tween::sequence::Base::trans_t*, std::vector&lt;ht::tween::sequence::Base::trans_t, std::allocator&lt;ht::tween::sequence::Base::trans_t&gt; &gt; &gt;}&#39; changed in GCC 7.1
       vector&lt;_Tp, _Alloc&gt;::
       ^~~~~~~~~~~~~~~~~~~
/home/ec2-user/arduino-testlib/cli-datadir/data/packages/arduino/tools/arm-none-eabi-gcc/7-2017q4/arm-none-eabi/include/c&#43;&#43;/7.2.1/bits/vector.tcc: In member function &#39;void ht::tween::sequence::Base::add_transition(const ht::tween::sequence::Base::trans_t&amp;)&#39;:
/home/ec2-user/arduino-testlib/cli-datadir/data/packages/arduino/tools/arm-none-eabi-gcc/7-2017q4/arm-none-eabi/include/c&#43;&#43;/7.2.1/bits/vector.tcc:105:21: note: parameter passing for argument of type &#39;__gnu_cxx::__normal_iterator&lt;ht::tween::sequence::Base::trans_t*, std::vector&lt;ht::tween::sequence::Base::trans_t, std::allocator&lt;ht::tween::sequence::Base::trans_t&gt; &gt; &gt;&#39; changed in GCC 7.1
    _M_realloc_insert(end(), std::forward&lt;_Args&gt;(__args)...);
    ~~~~~~~~~~~~~~~~~^~~~~~~~~~~~~~~~~~~~~~~~~~~~~~~~~~~~~~~
</pre>
					
					<h4>examples/simple</h4>
					<p>
						Result: <b>PASS</b>
					</p>
					<pre class="pre-scrollable">Sketch uses 43012 bytes (16%) of program storage space. Maximum is 262144 bytes.
Global variables use 3216 bytes (9%) of dynamic memory, leaving 29552 bytes for local variables. Maximum is 32768 bytes.
In file included from /home/ec2-user/arduino-testlib/cli-datadir/data/packages/arduino/tools/arm-none-eabi-gcc/7-2017q4/arm-none-eabi/include/c&#43;&#43;/7.2.1/vector:69:0,
                 from /home/ec2-user/arduino-testlib/cli-datadir/user/libraries/Tween/Tween/util/ArxContainer/ArxContainer.h:18,
                 from /home/ec2-user/arduino-testlib/cli-datadir/user/libraries/Tween/Tween/Types.h:13,
                 from /home/ec2-user/arduino-testlib/cli-datadir/user/libraries/Tween/Tween/Timeline.h:5,
                 from /home/ec2-user/arduino-testlib/cli-datadir/user/libraries/Tween/Tween.h:4,
                 from /home/ec2-user/arduino-testlib/cli-datadir/user/libraries/Tween/examples/simple/simple.ino:1:
/home/ec2-user/arduino-testlib/cli-datadir/data/packages/arduino/tools/arm-none-eabi-gcc/7-2017q4/arm-none-eabi/include/c&#43;&#43;/7.2.1/bits/vector.tcc: In member function &#39;void std::vector&lt;_Tp, _Alloc&gt;::_M_realloc_insert(std::vector&lt;_Tp, _Alloc&gt;::iterator, _Args&amp;&amp; ...) [with _Args = {const ht::tween::sequence::Base::trans_t&amp;}; _Tp = ht::tween::sequence::Base::trans_t; _Alloc = std::allocator&lt;ht::tween::sequence::Base::trans_t&gt;]&#39;:
/home/ec2-user/arduino-testlib/cli-datadir/data/packages/arduino/tools/arm-none-eabi-gcc/7-2017q4/arm-none-eabi/include/c&#43;&#43;/7.2.1/bits/vector.tcc:394:7: note: parameter passing for argument of type &#39;std::vector&lt;ht::tween::sequence::Base::trans_t, std::allocator&lt;ht::tween::sequence::Base::trans_t&gt; &gt;::iterator {aka __gnu_cxx::__normal_iterator&lt;ht::tween::sequence::Base::trans_t*, std::vector&lt;ht::tween::sequence::Base::trans_t, std::allocator&lt;ht::tween::sequence::Base::trans_t&gt; &gt; &gt;}&#39; changed in GCC 7.1
       vector&lt;_Tp, _Alloc&gt;::
       ^~~~~~~~~~~~~~~~~~~
/home/ec2-user/arduino-testlib/cli-datadir/data/packages/arduino/tools/arm-none-eabi-gcc/7-2017q4/arm-none-eabi/include/c&#43;&#43;/7.2.1/bits/vector.tcc: In member function &#39;void ht::tween::sequence::Base::add_transition(const ht::tween::sequence::Base::trans_t&amp;)&#39;:
/home/ec2-user/arduino-testlib/cli-datadir/data/packages/arduino/tools/arm-none-eabi-gcc/7-2017q4/arm-none-eabi/include/c&#43;&#43;/7.2.1/bits/vector.tcc:105:21: note: parameter passing for argument of type &#39;__gnu_cxx::__normal_iterator&lt;ht::tween::sequence::Base::trans_t*, std::vector&lt;ht::tween::sequence::Base::trans_t, std::allocator&lt;ht::tween::sequence::Base::trans_t&gt; &gt; &gt;&#39; changed in GCC 7.1
    _M_realloc_insert(end(), std::forward&lt;_Args&gt;(__args)...);
    ~~~~~~~~~~~~~~~~~^~~~~~~~~~~~~~~~~~~~~~~~~~~~~~~~~~~~~~~
</pre>
					
				
				<h3 id="esp32:esp32:d1_mini32">esp32:esp32:d1_mini32 @ 1.0.6</h3>
				<h4>Inclusion</h4>
				<p>
					Result: <b>PASS</b>
					
				</p>
				<pre class="pre-scrollable">Sketch uses 197736 bytes (15%) of program storage space. Maximum is 1310720 bytes.
Global variables use 13084 bytes (3%) of dynamic memory, leaving 314596 bytes for local variables. Maximum is 327680 bytes.
</pre>

					
					<h4>examples/custom_class</h4>
					<p>
						Result: <b>PASS</b>
					</p>
					<pre class="pre-scrollable">Sketch uses 267870 bytes (20%) of program storage space. Maximum is 1310720 bytes.
Global variables use 13984 bytes (4%) of dynamic memory, leaving 313696 bytes for local variables. Maximum is 327680 bytes.
</pre>
					
					<h4>examples/dynamic_append</h4>
					<p>
						Result: <b>PASS</b>
					</p>
					<pre class="pre-scrollable">Sketch uses 266574 bytes (20%) of program storage space. Maximum is 1310720 bytes.
Global variables use 13984 bytes (4%) of dynamic memory, leaving 313696 bytes for local variables. Maximum is 327680 bytes.
</pre>
					
					<h4>examples/fastled</h4>
					<p>
						Result: <b>PASS</b>
					</p>
					<pre class="pre-scrollable">Sketch uses 292690 bytes (22%) of program storage space. Maximum is 1310720 bytes.
Global variables use 14416 bytes (4%) of dynamic memory, leaving 313264 bytes for local variables. Maximum is 327680 bytes.
In file included from /home/ec2-user/arduino-testlib/cli-datadir/user/libraries/FastLED/src/FastLED.h:67:0,
                 from /home/ec2-user/arduino-testlib/cli-datadir/user/libraries/Tween/examples/fastled/fastled.ino:2:
/home/ec2-user/arduino-testlib/cli-datadir/user/libraries/FastLED/src/fastspi.h:145:23: note: #pragma message: No hardware SPI pins defined.  All SPI access will default to bitbanged output
 #      pragma message &#34;No hardware SPI pins defined.  All SPI access will default to bitbanged output&#34;
                       ^
</pre>
					
					<h4>examples/mode</h4>
					<p>
						Result: <b>PASS</b>
					</p>
					<pre class="pre-scrollable">Sketch uses 266454 bytes (20%) of program storage space. Maximum is 1310720 bytes.
Global variables use 13984 bytes (4%) of dynamic memory, leaving 313696 bytes for local variables. Maximum is 327680 bytes.
</pre>
					
					<h4>examples/mode_offset</h4>
					<p>
						Result: <b>PASS</b>
					</p>
					<pre class="pre-scrollable">Sketch uses 266578 bytes (20%) of program storage space. Maximum is 1310720 bytes.
Global variables use 14000 bytes (4%) of dynamic memory, leaving 313680 bytes for local variables. Maximum is 327680 bytes.
</pre>
					
					<h4>examples/simple</h4>
					<p>
						Result: <b>PASS</b>
					</p>
					<pre class="pre-scrollable">Sketch uses 282558 bytes (21%) of program storage space. Maximum is 1310720 bytes.
Global variables use 13984 bytes (4%) of dynamic memory, leaving 313696 bytes for local variables. Maximum is 327680 bytes.
</pre>
					
				
			</div>
		</div>
	</div>
  </body>
</html>
