
<!doctype html>
<html lang="en">
  <head>
    <meta charset="utf-8">
    <meta name="viewport" content="width=device-width, initial-scale=1">
    <link href="https://cdn.jsdelivr.net/npm/bootstrap@5.0.2/dist/css/bootstrap.min.css" rel="stylesheet" integrity="sha384-EVSTQN3/azprG1Anm3QDgpJLIm9Nao0Yz1ztcQTwFspd3yD65VohhpuuCOmLASjC" crossorigin="anonymous">
    <title>arduino-testlib report</title>
	<style>
	.pass { background-color: #00FF00 !important; }
	.fail { background-color: #FF0000 !important; }
	</style>
  </head>
  <body>
	<div class="container">
		<div class="row">
			<div class="col">
				<h1>UARDECS Library - compatibility matrix</h1>
				<p>
					<small>This report was generated on Monday, 21-Feb-22 12:00:25 CET using 
					<a href="https://github.com/alranel/arduino-testlib">arduino-testlib</a>.</small>
				</p>

				<h2>UARDECS Library</h2>
				<p>
					Version: <b>1.2.1</b>
					<br />
					<a href="https://www.arduino.cc/reference/en/libraries/uardecs-library/">More details</a>
				</p>

				<h2>Compatibility matrix</h2>
				<table class="table table-bordered">
					<tr>
						<th>Board</th>
						<th>Claims compatibility</th>
						<th>Inclusion</th>
						
						<th><pre>Skeleton</pre></th>
						
						<th><pre>Thermostat2</pre></th>
						
						<th><pre>#ApplicationGuide</pre></th>
						
						<th><pre>DummyInAirTemp</pre></th>
						
						<th><pre>Thermostat_JP</pre></th>
						
						<th><pre>InAirTemp_SHT7x</pre></th>
						
						<th><pre>Sensor_TempHumid_SHT7x</pre></th>
						
						<th><pre>LCD_AQM1602</pre></th>
						
						<th><pre>Sensor_TempHumid_SHT3x</pre></th>
						
						<th><pre>Sensor_TempHumid_SHT2x</pre></th>
						
						<th><pre>Sensor_Temp_ADT7410</pre></th>
						
						<th><pre>Thermostat</pre></th>
						
						<th><pre>InAirTemp_ADT7410</pre></th>
						
						<th><pre>Sensor_CO2_S300I2C</pre></th>
						
					</tr>
					
					<tr>
						<td>
							<a href="#arduino%3aavr%3auno"><b>arduino:avr:uno</b></a>
							<br />
							<small>1.8.4</small>
						</td>

						
							<td>Yes</td>
							<td class="pass">PASS</td>
						
						
						
						

						
							
								
									
										
									
										
									
										
									
										
									
										
									
										
									
										
									
										
									
										
									
										
									
										
											<td class="pass">PASS</td>
											
										
									
										
									
										
									
										
									
								
							
								
							
								
							
								
							
								
							
						
							
								
									
										
									
										
									
										
									
										
									
										
									
										
									
										
									
										
									
										
									
										
									
										
									
										
									
										
											
											<td class="fail">FAIL</td>
										
									
										
									
								
							
								
							
								
							
								
							
								
							
						
							
								
									
										
											
											<td class="fail">FAIL</td>
										
									
										
									
										
									
										
									
										
									
										
									
										
									
										
									
										
									
										
									
										
									
										
									
										
									
										
									
								
							
								
							
								
							
								
							
								
							
						
							
								
									
										
									
										
											<td class="pass">PASS</td>
											
										
									
										
									
										
									
										
									
										
									
										
									
										
									
										
									
										
									
										
									
										
									
										
									
										
									
								
							
								
							
								
							
								
							
								
							
						
							
								
									
										
									
										
									
										
									
										
									
										
									
										
									
										
									
										
									
										
									
										
									
										
									
										
									
										
									
										
											<td class="pass">PASS</td>
											
										
									
								
							
								
							
								
							
								
							
								
							
						
							
								
									
										
									
										
									
										
									
										
											
											<td class="fail">FAIL</td>
										
									
										
									
										
									
										
									
										
									
										
									
										
									
										
									
										
									
										
									
										
									
								
							
								
							
								
							
								
							
								
							
						
							
								
									
										
									
										
									
										
									
										
									
										
									
										
									
										
									
										
									
										
											
											<td class="fail">FAIL</td>
										
									
										
									
										
									
										
									
										
									
										
									
								
							
								
							
								
							
								
							
								
							
						
							
								
									
										
									
										
									
										
									
										
									
										
											<td class="pass">PASS</td>
											
										
									
										
									
										
									
										
									
										
									
										
									
										
									
										
									
										
									
										
									
								
							
								
							
								
							
								
							
								
							
						
							
								
									
										
									
										
									
										
									
										
									
										
									
										
									
										
									
										
											
											<td class="fail">FAIL</td>
										
									
										
									
										
									
										
									
										
									
										
									
										
									
								
							
								
							
								
							
								
							
								
							
						
							
								
									
										
									
										
									
										
									
										
									
										
									
										
									
										
											<td class="pass">PASS</td>
											
										
									
										
									
										
									
										
									
										
									
										
									
										
									
										
									
								
							
								
							
								
							
								
							
								
							
						
							
								
									
										
									
										
									
										
									
										
									
										
									
										
									
										
									
										
									
										
									
										
											<td class="pass">PASS</td>
											
										
									
										
									
										
									
										
									
										
									
								
							
								
							
								
							
								
							
								
							
						
							
								
									
										
									
										
									
										
									
										
									
										
									
										
									
										
									
										
									
										
									
										
									
										
									
										
											<td class="pass">PASS</td>
											
										
									
										
									
										
									
								
							
								
							
								
							
								
							
								
							
						
							
								
									
										
									
										
									
										
											
											<td class="fail">FAIL</td>
										
									
										
									
										
									
										
									
										
									
										
									
										
									
										
									
										
									
										
									
										
									
										
									
								
							
								
							
								
							
								
							
								
							
						
							
								
									
										
									
										
									
										
									
										
									
										
									
										
											<td class="pass">PASS</td>
											
										
									
										
									
										
									
										
									
										
									
										
									
										
									
										
									
										
									
								
							
								
							
								
							
								
							
								
							
						
					</tr>
					
					<tr>
						<td>
							<a href="#arduino%3ambed_nano%3ananorp2040connect"><b>arduino:mbed_nano:nanorp2040connect</b></a>
							<br />
							<small>2.7.2</small>
						</td>

						
						
						
						
							<td>No</td>
							<td class="fail">FAIL</td>
						

						
							
								
							
								
									
										
									
										
									
										
									
										
									
										
									
										
									
										
									
										
									
										
									
										
									
										
											
											<td class="fail">FAIL</td>
										
									
										
									
										
									
										
									
								
							
								
							
								
							
								
							
						
							
								
							
								
									
										
									
										
									
										
									
										
									
										
									
										
									
										
									
										
									
										
									
										
									
										
									
										
									
										
											
											<td class="fail">FAIL</td>
										
									
										
									
								
							
								
							
								
							
								
							
						
							
								
							
								
									
										
											
											<td class="fail">FAIL</td>
										
									
										
									
										
									
										
									
										
									
										
									
										
									
										
									
										
									
										
									
										
									
										
									
										
									
										
									
								
							
								
							
								
							
								
							
						
							
								
							
								
									
										
									
										
											
											<td class="fail">FAIL</td>
										
									
										
									
										
									
										
									
										
									
										
									
										
									
										
									
										
									
										
									
										
									
										
									
										
									
								
							
								
							
								
							
								
							
						
							
								
							
								
									
										
									
										
									
										
									
										
									
										
									
										
									
										
									
										
									
										
									
										
									
										
									
										
									
										
									
										
											
											<td class="fail">FAIL</td>
										
									
								
							
								
							
								
							
								
							
						
							
								
							
								
									
										
									
										
									
										
									
										
											
											<td class="fail">FAIL</td>
										
									
										
									
										
									
										
									
										
									
										
									
										
									
										
									
										
									
										
									
										
									
								
							
								
							
								
							
								
							
						
							
								
							
								
									
										
									
										
									
										
									
										
									
										
									
										
									
										
									
										
									
										
											
											<td class="fail">FAIL</td>
										
									
										
									
										
									
										
									
										
									
										
									
								
							
								
							
								
							
								
							
						
							
								
							
								
									
										
									
										
									
										
									
										
									
										
											
											<td class="fail">FAIL</td>
										
									
										
									
										
									
										
									
										
									
										
									
										
									
										
									
										
									
										
									
								
							
								
							
								
							
								
							
						
							
								
							
								
									
										
									
										
									
										
									
										
									
										
									
										
									
										
									
										
											
											<td class="fail">FAIL</td>
										
									
										
									
										
									
										
									
										
									
										
									
										
									
								
							
								
							
								
							
								
							
						
							
								
							
								
									
										
									
										
									
										
									
										
									
										
									
										
									
										
											
											<td class="fail">FAIL</td>
										
									
										
									
										
									
										
									
										
									
										
									
										
									
										
									
								
							
								
							
								
							
								
							
						
							
								
							
								
									
										
									
										
									
										
									
										
									
										
									
										
									
										
									
										
									
										
									
										
											
											<td class="fail">FAIL</td>
										
									
										
									
										
									
										
									
										
									
								
							
								
							
								
							
								
							
						
							
								
							
								
									
										
									
										
									
										
									
										
									
										
									
										
									
										
									
										
									
										
									
										
									
										
									
										
											
											<td class="fail">FAIL</td>
										
									
										
									
										
									
								
							
								
							
								
							
								
							
						
							
								
							
								
									
										
									
										
									
										
											
											<td class="fail">FAIL</td>
										
									
										
									
										
									
										
									
										
									
										
									
										
									
										
									
										
									
										
									
										
									
										
									
								
							
								
							
								
							
								
							
						
							
								
							
								
									
										
									
										
									
										
									
										
									
										
									
										
											
											<td class="fail">FAIL</td>
										
									
										
									
										
									
										
									
										
									
										
									
										
									
										
									
										
									
								
							
								
							
								
							
								
							
						
					</tr>
					
					<tr>
						<td>
							<a href="#arduino%3amegaavr%3anona4809"><b>arduino:megaavr:nona4809</b></a>
							<br />
							<small>1.8.7</small>
						</td>

						
						
							<td>No ⚠️</td>
							<td class="pass">PASS</td>
						
						
						

						
							
								
							
								
							
								
									
										
									
										
									
										
									
										
									
										
									
										
									
										
									
										
									
										
									
										
									
										
											<td class="pass">PASS</td>
											
										
									
										
									
										
									
										
									
								
							
								
							
								
							
						
							
								
							
								
							
								
									
										
									
										
									
										
									
										
									
										
									
										
									
										
									
										
									
										
									
										
									
										
									
										
									
										
											
											<td class="fail">FAIL</td>
										
									
										
									
								
							
								
							
								
							
						
							
								
							
								
							
								
									
										
											
											<td class="fail">FAIL</td>
										
									
										
									
										
									
										
									
										
									
										
									
										
									
										
									
										
									
										
									
										
									
										
									
										
									
										
									
								
							
								
							
								
							
						
							
								
							
								
							
								
									
										
									
										
											<td class="pass">PASS</td>
											
										
									
										
									
										
									
										
									
										
									
										
									
										
									
										
									
										
									
										
									
										
									
										
									
										
									
								
							
								
							
								
							
						
							
								
							
								
							
								
									
										
									
										
									
										
									
										
									
										
									
										
									
										
									
										
									
										
									
										
									
										
									
										
									
										
									
										
											<td class="pass">PASS</td>
											
										
									
								
							
								
							
								
							
						
							
								
							
								
							
								
									
										
									
										
									
										
									
										
											
											<td class="fail">FAIL</td>
										
									
										
									
										
									
										
									
										
									
										
									
										
									
										
									
										
									
										
									
										
									
								
							
								
							
								
							
						
							
								
							
								
							
								
									
										
									
										
									
										
									
										
									
										
									
										
									
										
									
										
									
										
											
											<td class="fail">FAIL</td>
										
									
										
									
										
									
										
									
										
									
										
									
								
							
								
							
								
							
						
							
								
							
								
							
								
									
										
									
										
									
										
									
										
									
										
											<td class="pass">PASS</td>
											
										
									
										
									
										
									
										
									
										
									
										
									
										
									
										
									
										
									
										
									
								
							
								
							
								
							
						
							
								
							
								
							
								
									
										
									
										
									
										
									
										
									
										
									
										
									
										
									
										
											
											<td class="fail">FAIL</td>
										
									
										
									
										
									
										
									
										
									
										
									
										
									
								
							
								
							
								
							
						
							
								
							
								
							
								
									
										
									
										
									
										
									
										
									
										
									
										
									
										
											<td class="pass">PASS</td>
											
										
									
										
									
										
									
										
									
										
									
										
									
										
									
										
									
								
							
								
							
								
							
						
							
								
							
								
							
								
									
										
									
										
									
										
									
										
									
										
									
										
									
										
									
										
									
										
									
										
											<td class="pass">PASS</td>
											
										
									
										
									
										
									
										
									
										
									
								
							
								
							
								
							
						
							
								
							
								
							
								
									
										
									
										
									
										
									
										
									
										
									
										
									
										
									
										
									
										
									
										
									
										
									
										
											<td class="pass">PASS</td>
											
										
									
										
									
										
									
								
							
								
							
								
							
						
							
								
							
								
							
								
									
										
									
										
									
										
											
											<td class="fail">FAIL</td>
										
									
										
									
										
									
										
									
										
									
										
									
										
									
										
									
										
									
										
									
										
									
										
									
								
							
								
							
								
							
						
							
								
							
								
							
								
									
										
									
										
									
										
									
										
									
										
									
										
											<td class="pass">PASS</td>
											
										
									
										
									
										
									
										
									
										
									
										
									
										
									
										
									
										
									
								
							
								
							
								
							
						
					</tr>
					
					<tr>
						<td>
							<a href="#arduino%3asamd%3amkrwifi1010"><b>arduino:samd:mkrwifi1010</b></a>
							<br />
							<small>1.8.12</small>
						</td>

						
						
						
						
							<td>No</td>
							<td class="fail">FAIL</td>
						

						
							
								
							
								
							
								
							
								
									
										
									
										
									
										
									
										
									
										
									
										
									
										
									
										
									
										
									
										
									
										
											
											<td class="fail">FAIL</td>
										
									
										
									
										
									
										
									
								
							
								
							
						
							
								
							
								
							
								
							
								
									
										
									
										
									
										
									
										
									
										
									
										
									
										
									
										
									
										
									
										
									
										
									
										
									
										
											
											<td class="fail">FAIL</td>
										
									
										
									
								
							
								
							
						
							
								
							
								
							
								
							
								
									
										
											
											<td class="fail">FAIL</td>
										
									
										
									
										
									
										
									
										
									
										
									
										
									
										
									
										
									
										
									
										
									
										
									
										
									
										
									
								
							
								
							
						
							
								
							
								
							
								
							
								
									
										
									
										
											
											<td class="fail">FAIL</td>
										
									
										
									
										
									
										
									
										
									
										
									
										
									
										
									
										
									
										
									
										
									
										
									
										
									
								
							
								
							
						
							
								
							
								
							
								
							
								
									
										
									
										
									
										
									
										
									
										
									
										
									
										
									
										
									
										
									
										
									
										
									
										
									
										
									
										
											
											<td class="fail">FAIL</td>
										
									
								
							
								
							
						
							
								
							
								
							
								
							
								
									
										
									
										
									
										
									
										
											
											<td class="fail">FAIL</td>
										
									
										
									
										
									
										
									
										
									
										
									
										
									
										
									
										
									
										
									
										
									
								
							
								
							
						
							
								
							
								
							
								
							
								
									
										
									
										
									
										
									
										
									
										
									
										
									
										
									
										
									
										
											
											<td class="fail">FAIL</td>
										
									
										
									
										
									
										
									
										
									
										
									
								
							
								
							
						
							
								
							
								
							
								
							
								
									
										
									
										
									
										
									
										
									
										
											
											<td class="fail">FAIL</td>
										
									
										
									
										
									
										
									
										
									
										
									
										
									
										
									
										
									
										
									
								
							
								
							
						
							
								
							
								
							
								
							
								
									
										
									
										
									
										
									
										
									
										
									
										
									
										
									
										
											
											<td class="fail">FAIL</td>
										
									
										
									
										
									
										
									
										
									
										
									
										
									
								
							
								
							
						
							
								
							
								
							
								
							
								
									
										
									
										
									
										
									
										
									
										
									
										
									
										
											
											<td class="fail">FAIL</td>
										
									
										
									
										
									
										
									
										
									
										
									
										
									
										
									
								
							
								
							
						
							
								
							
								
							
								
							
								
									
										
									
										
									
										
									
										
									
										
									
										
									
										
									
										
									
										
									
										
											
											<td class="fail">FAIL</td>
										
									
										
									
										
									
										
									
										
									
								
							
								
							
						
							
								
							
								
							
								
							
								
									
										
									
										
									
										
									
										
									
										
									
										
									
										
									
										
									
										
									
										
									
										
									
										
											
											<td class="fail">FAIL</td>
										
									
										
									
										
									
								
							
								
							
						
							
								
							
								
							
								
							
								
									
										
									
										
									
										
											
											<td class="fail">FAIL</td>
										
									
										
									
										
									
										
									
										
									
										
									
										
									
										
									
										
									
										
									
										
									
										
									
								
							
								
							
						
							
								
							
								
							
								
							
								
									
										
									
										
									
										
									
										
									
										
									
										
											
											<td class="fail">FAIL</td>
										
									
										
									
										
									
										
									
										
									
										
									
										
									
										
									
										
									
								
							
								
							
						
					</tr>
					
					<tr>
						<td>
							<a href="#esp32%3aesp32%3ad1_mini32"><b>esp32:esp32:d1_mini32</b></a>
							<br />
							<small>1.0.6</small>
						</td>

						
						
						
						
							<td>No</td>
							<td class="fail">FAIL</td>
						

						
							
								
							
								
							
								
							
								
							
								
									
										
									
										
									
										
									
										
									
										
									
										
									
										
									
										
									
										
									
										
									
										
											
											<td class="fail">FAIL</td>
										
									
										
									
										
									
										
									
								
							
						
							
								
							
								
							
								
							
								
							
								
									
										
									
										
									
										
									
										
									
										
									
										
									
										
									
										
									
										
									
										
									
										
									
										
									
										
											
											<td class="fail">FAIL</td>
										
									
										
									
								
							
						
							
								
							
								
							
								
							
								
							
								
									
										
											
											<td class="fail">FAIL</td>
										
									
										
									
										
									
										
									
										
									
										
									
										
									
										
									
										
									
										
									
										
									
										
									
										
									
										
									
								
							
						
							
								
							
								
							
								
							
								
							
								
									
										
									
										
											
											<td class="fail">FAIL</td>
										
									
										
									
										
									
										
									
										
									
										
									
										
									
										
									
										
									
										
									
										
									
										
									
										
									
								
							
						
							
								
							
								
							
								
							
								
							
								
									
										
									
										
									
										
									
										
									
										
									
										
									
										
									
										
									
										
									
										
									
										
									
										
									
										
									
										
											
											<td class="fail">FAIL</td>
										
									
								
							
						
							
								
							
								
							
								
							
								
							
								
									
										
									
										
									
										
									
										
											
											<td class="fail">FAIL</td>
										
									
										
									
										
									
										
									
										
									
										
									
										
									
										
									
										
									
										
									
										
									
								
							
						
							
								
							
								
							
								
							
								
							
								
									
										
									
										
									
										
									
										
									
										
									
										
									
										
									
										
									
										
											
											<td class="fail">FAIL</td>
										
									
										
									
										
									
										
									
										
									
										
									
								
							
						
							
								
							
								
							
								
							
								
							
								
									
										
									
										
									
										
									
										
									
										
											
											<td class="fail">FAIL</td>
										
									
										
									
										
									
										
									
										
									
										
									
										
									
										
									
										
									
										
									
								
							
						
							
								
							
								
							
								
							
								
							
								
									
										
									
										
									
										
									
										
									
										
									
										
									
										
									
										
											
											<td class="fail">FAIL</td>
										
									
										
									
										
									
										
									
										
									
										
									
										
									
								
							
						
							
								
							
								
							
								
							
								
							
								
									
										
									
										
									
										
									
										
									
										
									
										
									
										
											
											<td class="fail">FAIL</td>
										
									
										
									
										
									
										
									
										
									
										
									
										
									
										
									
								
							
						
							
								
							
								
							
								
							
								
							
								
									
										
									
										
									
										
									
										
									
										
									
										
									
										
									
										
									
										
									
										
											
											<td class="fail">FAIL</td>
										
									
										
									
										
									
										
									
										
									
								
							
						
							
								
							
								
							
								
							
								
							
								
									
										
									
										
									
										
									
										
									
										
									
										
									
										
									
										
									
										
									
										
									
										
									
										
											
											<td class="fail">FAIL</td>
										
									
										
									
										
									
								
							
						
							
								
							
								
							
								
							
								
							
								
									
										
									
										
									
										
											
											<td class="fail">FAIL</td>
										
									
										
									
										
									
										
									
										
									
										
									
										
									
										
									
										
									
										
									
										
									
										
									
								
							
						
							
								
							
								
							
								
							
								
							
								
									
										
									
										
									
										
									
										
									
										
									
										
											
											<td class="fail">FAIL</td>
										
									
										
									
										
									
										
									
										
									
										
									
										
									
										
									
										
									
								
							
						
					</tr>
					
				</table>

				<h2>Compilation logs</h2>
				
				<h3 id="arduino:avr:uno">arduino:avr:uno @ 1.8.4</h3>
				<h4>Inclusion</h4>
				<p>
					Result: <b>PASS</b>
					
				</p>
				<pre class="pre-scrollable">Sketch uses 7166 bytes (22%) of program storage space. Maximum is 32256 bytes.
Global variables use 304 bytes (14%) of dynamic memory, leaving 1744 bytes for local variables. Maximum is 2048 bytes.
</pre>

					
					<h4>examples/#ApplicationGuide</h4>
					<p>
						Result: <b>FAIL</b>
					</p>
					<pre class="pre-scrollable"></pre>
					
					<h4>examples/DummyInAirTemp</h4>
					<p>
						Result: <b>PASS</b>
					</p>
					<pre class="pre-scrollable">Sketch uses 25134 bytes (77%) of program storage space. Maximum is 32256 bytes.
Global variables use 964 bytes (47%) of dynamic memory, leaving 1084 bytes for local variables. Maximum is 2048 bytes.
</pre>
					
					<h4>examples/InAirTemp_ADT7410</h4>
					<p>
						Result: <b>FAIL</b>
					</p>
					<pre class="pre-scrollable">In file included from /home/ec2-user/arduino-testlib/cli-datadir/user/libraries/Ethernet2/src/Ethernet2.h:16:0,
                 from /home/ec2-user/arduino-testlib/cli-datadir/user/libraries/UARDECS_Library/src/Uardecs.h:14,
                 from /home/ec2-user/arduino-testlib/cli-datadir/user/libraries/UARDECS_Library/examples/InAirTemp_ADT7410/InAirTemp_ADT7410.ino:35:
/home/ec2-user/arduino-testlib/cli-datadir/user/libraries/Ethernet2/src/EthernetClient.h:8:7: error: redefinition of &#39;class EthernetClient&#39;
 class EthernetClient : public Client {
       ^~~~~~~~~~~~~~
In file included from /home/ec2-user/arduino-testlib/cli-datadir/user/libraries/UARDECS_Library/examples/InAirTemp_ADT7410/InAirTemp_ADT7410.ino:31:0:
/home/ec2-user/arduino-testlib/cli-datadir/user/libraries/Ethernet/src/Ethernet.h:214:7: note: previous definition of &#39;class EthernetClient&#39;
 class EthernetClient : public Client {
       ^~~~~~~~~~~~~~
In file included from /home/ec2-user/arduino-testlib/cli-datadir/user/libraries/Ethernet2/src/Ethernet2.h:17:0,
                 from /home/ec2-user/arduino-testlib/cli-datadir/user/libraries/UARDECS_Library/src/Uardecs.h:14,
                 from /home/ec2-user/arduino-testlib/cli-datadir/user/libraries/UARDECS_Library/examples/InAirTemp_ADT7410/InAirTemp_ADT7410.ino:35:
/home/ec2-user/arduino-testlib/cli-datadir/user/libraries/Ethernet2/src/EthernetServer.h:8:7: error: redefinition of &#39;class EthernetServer&#39;
 class EthernetServer :
       ^~~~~~~~~~~~~~
In file included from /home/ec2-user/arduino-testlib/cli-datadir/user/libraries/UARDECS_Library/examples/InAirTemp_ADT7410/InAirTemp_ADT7410.ino:31:0:
/home/ec2-user/arduino-testlib/cli-datadir/user/libraries/Ethernet/src/Ethernet.h:253:7: note: previous definition of &#39;class EthernetServer&#39;
 class EthernetServer : public Server {
       ^~~~~~~~~~~~~~
In file included from /home/ec2-user/arduino-testlib/cli-datadir/user/libraries/Ethernet2/src/Dhcp.h:7:0,
                 from /home/ec2-user/arduino-testlib/cli-datadir/user/libraries/Ethernet2/src/Ethernet2.h:18,
                 from /home/ec2-user/arduino-testlib/cli-datadir/user/libraries/UARDECS_Library/src/Uardecs.h:14,
                 from /home/ec2-user/arduino-testlib/cli-datadir/user/libraries/UARDECS_Library/examples/InAirTemp_ADT7410/InAirTemp_ADT7410.ino:35:
/home/ec2-user/arduino-testlib/cli-datadir/user/libraries/Ethernet2/src/EthernetUdp2.h:50:7: error: redefinition of &#39;class EthernetUDP&#39;
 class EthernetUDP : public UDP {
       ^~~~~~~~~~~
In file included from /home/ec2-user/arduino-testlib/cli-datadir/user/libraries/UARDECS_Library/examples/InAirTemp_ADT7410/InAirTemp_ADT7410.ino:31:0:
/home/ec2-user/arduino-testlib/cli-datadir/user/libraries/Ethernet/src/Ethernet.h:152:7: note: previous definition of &#39;class EthernetUDP&#39;
 class EthernetUDP : public UDP {
       ^~~~~~~~~~~
In file included from /home/ec2-user/arduino-testlib/cli-datadir/user/libraries/Ethernet2/src/Ethernet2.h:18:0,
                 from /home/ec2-user/arduino-testlib/cli-datadir/user/libraries/UARDECS_Library/src/Uardecs.h:14,
                 from /home/ec2-user/arduino-testlib/cli-datadir/user/libraries/UARDECS_Library/examples/InAirTemp_ADT7410/InAirTemp_ADT7410.ino:35:
/home/ec2-user/arduino-testlib/cli-datadir/user/libraries/Ethernet2/src/Dhcp.h:139:7: error: redefinition of &#39;class DhcpClass&#39;
 class DhcpClass {
       ^~~~~~~~~
In file included from /home/ec2-user/arduino-testlib/cli-datadir/user/libraries/UARDECS_Library/examples/InAirTemp_ADT7410/InAirTemp_ADT7410.ino:31:0:
/home/ec2-user/arduino-testlib/cli-datadir/user/libraries/Ethernet/src/Ethernet.h:272:7: note: previous definition of &#39;class DhcpClass&#39;
 class DhcpClass {
       ^~~~~~~~~
In file included from /home/ec2-user/arduino-testlib/cli-datadir/user/libraries/UARDECS_Library/src/Uardecs.h:14:0,
                 from /home/ec2-user/arduino-testlib/cli-datadir/user/libraries/UARDECS_Library/examples/InAirTemp_ADT7410/InAirTemp_ADT7410.ino:35:
/home/ec2-user/arduino-testlib/cli-datadir/user/libraries/Ethernet2/src/Ethernet2.h:22:7: error: redefinition of &#39;class EthernetClass&#39;
 class EthernetClass {
       ^~~~~~~~~~~~~
In file included from /home/ec2-user/arduino-testlib/cli-datadir/user/libraries/UARDECS_Library/examples/InAirTemp_ADT7410/InAirTemp_ADT7410.ino:31:0:
/home/ec2-user/arduino-testlib/cli-datadir/user/libraries/Ethernet/src/Ethernet.h:74:7: note: previous definition of &#39;class EthernetClass&#39;
 class EthernetClass {
       ^~~~~~~~~~~~~
Multiple libraries were found for &#34;Ethernet.h&#34;
  Used: /home/ec2-user/arduino-testlib/cli-datadir/user/libraries/Ethernet
  Not used: /home/ec2-user/arduino-testlib/cli-datadir/user/libraries/EthernetENC
  Not used: /home/ec2-user/arduino-testlib/cli-datadir/user/libraries/UIPEthernet
Multiple libraries were found for &#34;EEPROM.h&#34;
  Used: /home/ec2-user/arduino-testlib/cli-datadir/data/packages/arduino/hardware/avr/1.8.4/libraries/EEPROM
  Not used: /home/ec2-user/arduino-testlib/cli-datadir/user/libraries/arduino-NVM
  Not used: /home/ec2-user/arduino-testlib/cli-datadir/user/libraries/Hello_Drum
</pre>
					
					<h4>examples/InAirTemp_SHT7x</h4>
					<p>
						Result: <b>FAIL</b>
					</p>
					<pre class="pre-scrollable">/home/ec2-user/arduino-testlib/cli-datadir/user/libraries/UARDECS_Library/examples/InAirTemp_SHT7x/InAirTemp_SHT7x.ino:99:10: fatal error: Sensirion.h: No such file or directory
 #include &lt;Sensirion.h&gt;
          ^~~~~~~~~~~~~
compilation terminated.
Multiple libraries were found for &#34;Ethernet.h&#34;
  Used: /home/ec2-user/arduino-testlib/cli-datadir/user/libraries/Ethernet
  Not used: /home/ec2-user/arduino-testlib/cli-datadir/user/libraries/EthernetENC
  Not used: /home/ec2-user/arduino-testlib/cli-datadir/user/libraries/UIPEthernet
Multiple libraries were found for &#34;EEPROM.h&#34;
  Used: /home/ec2-user/arduino-testlib/cli-datadir/data/packages/arduino/hardware/avr/1.8.4/libraries/EEPROM
  Not used: /home/ec2-user/arduino-testlib/cli-datadir/user/libraries/arduino-NVM
  Not used: /home/ec2-user/arduino-testlib/cli-datadir/user/libraries/Hello_Drum
</pre>
					
					<h4>examples/LCD_AQM1602</h4>
					<p>
						Result: <b>PASS</b>
					</p>
					<pre class="pre-scrollable">Sketch uses 25818 bytes (80%) of program storage space. Maximum is 32256 bytes.
Global variables use 1205 bytes (58%) of dynamic memory, leaving 843 bytes for local variables. Maximum is 2048 bytes.
</pre>
					
					<h4>examples/Sensor_CO2_S300I2C</h4>
					<p>
						Result: <b>PASS</b>
					</p>
					<pre class="pre-scrollable">Sketch uses 25942 bytes (80%) of program storage space. Maximum is 32256 bytes.
Global variables use 1156 bytes (56%) of dynamic memory, leaving 892 bytes for local variables. Maximum is 2048 bytes.
</pre>
					
					<h4>examples/Sensor_TempHumid_SHT2x</h4>
					<p>
						Result: <b>PASS</b>
					</p>
					<pre class="pre-scrollable">Sketch uses 26306 bytes (81%) of program storage space. Maximum is 32256 bytes.
Global variables use 1237 bytes (60%) of dynamic memory, leaving 811 bytes for local variables. Maximum is 2048 bytes.
</pre>
					
					<h4>examples/Sensor_TempHumid_SHT3x</h4>
					<p>
						Result: <b>FAIL</b>
					</p>
					<pre class="pre-scrollable">/home/ec2-user/arduino-testlib/cli-datadir/user/libraries/UARDECS_Library/examples/Sensor_TempHumid_SHT3x/Sensor_TempHumid_SHT3x.ino:33:10: fatal error: SHT3x.h: No such file or directory
 #include &#34;SHT3x.h&#34;
          ^~~~~~~~~
compilation terminated.
Multiple libraries were found for &#34;EEPROM.h&#34;
  Used: /home/ec2-user/arduino-testlib/cli-datadir/data/packages/arduino/hardware/avr/1.8.4/libraries/EEPROM
  Not used: /home/ec2-user/arduino-testlib/cli-datadir/user/libraries/arduino-NVM
  Not used: /home/ec2-user/arduino-testlib/cli-datadir/user/libraries/Hello_Drum
</pre>
					
					<h4>examples/Sensor_TempHumid_SHT7x</h4>
					<p>
						Result: <b>FAIL</b>
					</p>
					<pre class="pre-scrollable">/home/ec2-user/arduino-testlib/cli-datadir/user/libraries/UARDECS_Library/examples/Sensor_TempHumid_SHT7x/Sensor_TempHumid_SHT7x.ino:100:10: fatal error: Sensirion.h: No such file or directory
 #include &lt;Sensirion.h&gt;
          ^~~~~~~~~~~~~
compilation terminated.
Multiple libraries were found for &#34;EEPROM.h&#34;
  Used: /home/ec2-user/arduino-testlib/cli-datadir/data/packages/arduino/hardware/avr/1.8.4/libraries/EEPROM
  Not used: /home/ec2-user/arduino-testlib/cli-datadir/user/libraries/Hello_Drum
  Not used: /home/ec2-user/arduino-testlib/cli-datadir/user/libraries/arduino-NVM
</pre>
					
					<h4>examples/Sensor_Temp_ADT7410</h4>
					<p>
						Result: <b>PASS</b>
					</p>
					<pre class="pre-scrollable">Sketch uses 25240 bytes (78%) of program storage space. Maximum is 32256 bytes.
Global variables use 1120 bytes (54%) of dynamic memory, leaving 928 bytes for local variables. Maximum is 2048 bytes.
</pre>
					
					<h4>examples/Skeleton</h4>
					<p>
						Result: <b>PASS</b>
					</p>
					<pre class="pre-scrollable">Sketch uses 16206 bytes (50%) of program storage space. Maximum is 32256 bytes.
Global variables use 808 bytes (39%) of dynamic memory, leaving 1240 bytes for local variables. Maximum is 2048 bytes.
</pre>
					
					<h4>examples/Thermostat</h4>
					<p>
						Result: <b>PASS</b>
					</p>
					<pre class="pre-scrollable">Sketch uses 25542 bytes (79%) of program storage space. Maximum is 32256 bytes.
Global variables use 1048 bytes (51%) of dynamic memory, leaving 1000 bytes for local variables. Maximum is 2048 bytes.
</pre>
					
					<h4>examples/Thermostat2</h4>
					<p>
						Result: <b>FAIL</b>
					</p>
					<pre class="pre-scrollable">In file included from /home/ec2-user/arduino-testlib/cli-datadir/user/libraries/Ethernet2/src/Ethernet2.h:16:0,
                 from /home/ec2-user/arduino-testlib/cli-datadir/user/libraries/UARDECS_Library/src/Uardecs.h:14,
                 from /home/ec2-user/arduino-testlib/cli-datadir/user/libraries/UARDECS_Library/examples/Thermostat2/Thermostat2.ino:20:
/home/ec2-user/arduino-testlib/cli-datadir/user/libraries/Ethernet2/src/EthernetClient.h:8:7: error: redefinition of &#39;class EthernetClient&#39;
 class EthernetClient : public Client {
       ^~~~~~~~~~~~~~
In file included from /home/ec2-user/arduino-testlib/cli-datadir/user/libraries/UARDECS_Library/examples/Thermostat2/Thermostat2.ino:17:0:
/home/ec2-user/arduino-testlib/cli-datadir/user/libraries/Ethernet/src/Ethernet.h:214:7: note: previous definition of &#39;class EthernetClient&#39;
 class EthernetClient : public Client {
       ^~~~~~~~~~~~~~
In file included from /home/ec2-user/arduino-testlib/cli-datadir/user/libraries/Ethernet2/src/Ethernet2.h:17:0,
                 from /home/ec2-user/arduino-testlib/cli-datadir/user/libraries/UARDECS_Library/src/Uardecs.h:14,
                 from /home/ec2-user/arduino-testlib/cli-datadir/user/libraries/UARDECS_Library/examples/Thermostat2/Thermostat2.ino:20:
/home/ec2-user/arduino-testlib/cli-datadir/user/libraries/Ethernet2/src/EthernetServer.h:8:7: error: redefinition of &#39;class EthernetServer&#39;
 class EthernetServer :
       ^~~~~~~~~~~~~~
In file included from /home/ec2-user/arduino-testlib/cli-datadir/user/libraries/UARDECS_Library/examples/Thermostat2/Thermostat2.ino:17:0:
/home/ec2-user/arduino-testlib/cli-datadir/user/libraries/Ethernet/src/Ethernet.h:253:7: note: previous definition of &#39;class EthernetServer&#39;
 class EthernetServer : public Server {
       ^~~~~~~~~~~~~~
In file included from /home/ec2-user/arduino-testlib/cli-datadir/user/libraries/Ethernet2/src/Dhcp.h:7:0,
                 from /home/ec2-user/arduino-testlib/cli-datadir/user/libraries/Ethernet2/src/Ethernet2.h:18,
                 from /home/ec2-user/arduino-testlib/cli-datadir/user/libraries/UARDECS_Library/src/Uardecs.h:14,
                 from /home/ec2-user/arduino-testlib/cli-datadir/user/libraries/UARDECS_Library/examples/Thermostat2/Thermostat2.ino:20:
/home/ec2-user/arduino-testlib/cli-datadir/user/libraries/Ethernet2/src/EthernetUdp2.h:50:7: error: redefinition of &#39;class EthernetUDP&#39;
 class EthernetUDP : public UDP {
       ^~~~~~~~~~~
In file included from /home/ec2-user/arduino-testlib/cli-datadir/user/libraries/UARDECS_Library/examples/Thermostat2/Thermostat2.ino:17:0:
/home/ec2-user/arduino-testlib/cli-datadir/user/libraries/Ethernet/src/Ethernet.h:152:7: note: previous definition of &#39;class EthernetUDP&#39;
 class EthernetUDP : public UDP {
       ^~~~~~~~~~~
In file included from /home/ec2-user/arduino-testlib/cli-datadir/user/libraries/Ethernet2/src/Ethernet2.h:18:0,
                 from /home/ec2-user/arduino-testlib/cli-datadir/user/libraries/UARDECS_Library/src/Uardecs.h:14,
                 from /home/ec2-user/arduino-testlib/cli-datadir/user/libraries/UARDECS_Library/examples/Thermostat2/Thermostat2.ino:20:
/home/ec2-user/arduino-testlib/cli-datadir/user/libraries/Ethernet2/src/Dhcp.h:139:7: error: redefinition of &#39;class DhcpClass&#39;
 class DhcpClass {
       ^~~~~~~~~
In file included from /home/ec2-user/arduino-testlib/cli-datadir/user/libraries/UARDECS_Library/examples/Thermostat2/Thermostat2.ino:17:0:
/home/ec2-user/arduino-testlib/cli-datadir/user/libraries/Ethernet/src/Ethernet.h:272:7: note: previous definition of &#39;class DhcpClass&#39;
 class DhcpClass {
       ^~~~~~~~~
In file included from /home/ec2-user/arduino-testlib/cli-datadir/user/libraries/UARDECS_Library/src/Uardecs.h:14:0,
                 from /home/ec2-user/arduino-testlib/cli-datadir/user/libraries/UARDECS_Library/examples/Thermostat2/Thermostat2.ino:20:
/home/ec2-user/arduino-testlib/cli-datadir/user/libraries/Ethernet2/src/Ethernet2.h:22:7: error: redefinition of &#39;class EthernetClass&#39;
 class EthernetClass {
       ^~~~~~~~~~~~~
In file included from /home/ec2-user/arduino-testlib/cli-datadir/user/libraries/UARDECS_Library/examples/Thermostat2/Thermostat2.ino:17:0:
/home/ec2-user/arduino-testlib/cli-datadir/user/libraries/Ethernet/src/Ethernet.h:74:7: note: previous definition of &#39;class EthernetClass&#39;
 class EthernetClass {
       ^~~~~~~~~~~~~
Multiple libraries were found for &#34;Ethernet.h&#34;
  Used: /home/ec2-user/arduino-testlib/cli-datadir/user/libraries/Ethernet
  Not used: /home/ec2-user/arduino-testlib/cli-datadir/user/libraries/EthernetENC
  Not used: /home/ec2-user/arduino-testlib/cli-datadir/user/libraries/UIPEthernet
Multiple libraries were found for &#34;EEPROM.h&#34;
  Used: /home/ec2-user/arduino-testlib/cli-datadir/data/packages/arduino/hardware/avr/1.8.4/libraries/EEPROM
  Not used: /home/ec2-user/arduino-testlib/cli-datadir/user/libraries/Hello_Drum
  Not used: /home/ec2-user/arduino-testlib/cli-datadir/user/libraries/arduino-NVM
</pre>
					
					<h4>examples/Thermostat_JP</h4>
					<p>
						Result: <b>PASS</b>
					</p>
					<pre class="pre-scrollable">Sketch uses 25666 bytes (79%) of program storage space. Maximum is 32256 bytes.
Global variables use 1048 bytes (51%) of dynamic memory, leaving 1000 bytes for local variables. Maximum is 2048 bytes.
</pre>
					
				
				<h3 id="arduino:mbed_nano:nanorp2040connect">arduino:mbed_nano:nanorp2040connect @ 2.7.2</h3>
				<h4>Inclusion</h4>
				<p>
					Result: <b>FAIL</b>
					
				</p>
				<pre class="pre-scrollable">In file included from /home/ec2-user/arduino-testlib/cli-datadir/user/libraries/UARDECS_Library/src/Uardecs.h:19:0,
                 from /home/ec2-user/arduino-testlib/cli-datadir/user/libraries/UARDECS_Library/src/Uardecs.cpp:1:
/home/ec2-user/arduino-testlib/cli-datadir/user/libraries/Hello_Drum/src/EEPROM.h:25:10: fatal error: avr/eeprom.h: No such file or directory
 #include &lt;avr/eeprom.h&gt;
          ^~~~~~~~~~~~~~
compilation terminated.
Multiple libraries were found for &#34;EEPROM.h&#34;
  Used: /home/ec2-user/arduino-testlib/cli-datadir/user/libraries/Hello_Drum
  Not used: /home/ec2-user/arduino-testlib/cli-datadir/user/libraries/arduino-NVM
</pre>

					
					<h4>examples/#ApplicationGuide</h4>
					<p>
						Result: <b>FAIL</b>
					</p>
					<pre class="pre-scrollable"></pre>
					
					<h4>examples/DummyInAirTemp</h4>
					<p>
						Result: <b>FAIL</b>
					</p>
					<pre class="pre-scrollable">In file included from /home/ec2-user/arduino-testlib/cli-datadir/user/libraries/UARDECS_Library/examples/DummyInAirTemp/DummyInAirTemp.ino:14:0:
/home/ec2-user/arduino-testlib/cli-datadir/user/libraries/Hello_Drum/src/EEPROM.h:25:10: fatal error: avr/eeprom.h: No such file or directory
 #include &lt;avr/eeprom.h&gt;
          ^~~~~~~~~~~~~~
compilation terminated.
Multiple libraries were found for &#34;EEPROM.h&#34;
  Used: /home/ec2-user/arduino-testlib/cli-datadir/user/libraries/Hello_Drum
  Not used: /home/ec2-user/arduino-testlib/cli-datadir/user/libraries/arduino-NVM
</pre>
					
					<h4>examples/InAirTemp_ADT7410</h4>
					<p>
						Result: <b>FAIL</b>
					</p>
					<pre class="pre-scrollable">In file included from /home/ec2-user/arduino-testlib/cli-datadir/user/libraries/UARDECS_Library/examples/InAirTemp_ADT7410/InAirTemp_ADT7410.ino:33:0:
/home/ec2-user/arduino-testlib/cli-datadir/user/libraries/Hello_Drum/src/EEPROM.h:25:10: fatal error: avr/eeprom.h: No such file or directory
 #include &lt;avr/eeprom.h&gt;
          ^~~~~~~~~~~~~~
compilation terminated.
Multiple libraries were found for &#34;Ethernet.h&#34;
  Used: /home/ec2-user/arduino-testlib/cli-datadir/user/libraries/Ethernet
  Not used: /home/ec2-user/arduino-testlib/cli-datadir/user/libraries/EthernetENC
  Not used: /home/ec2-user/arduino-testlib/cli-datadir/user/libraries/UIPEthernet
Multiple libraries were found for &#34;EEPROM.h&#34;
  Used: /home/ec2-user/arduino-testlib/cli-datadir/user/libraries/Hello_Drum
  Not used: /home/ec2-user/arduino-testlib/cli-datadir/user/libraries/arduino-NVM
</pre>
					
					<h4>examples/InAirTemp_SHT7x</h4>
					<p>
						Result: <b>FAIL</b>
					</p>
					<pre class="pre-scrollable">In file included from /home/ec2-user/arduino-testlib/cli-datadir/user/libraries/UARDECS_Library/examples/InAirTemp_SHT7x/InAirTemp_SHT7x.ino:98:0:
/home/ec2-user/arduino-testlib/cli-datadir/user/libraries/Hello_Drum/src/EEPROM.h:25:10: fatal error: avr/eeprom.h: No such file or directory
 #include &lt;avr/eeprom.h&gt;
          ^~~~~~~~~~~~~~
compilation terminated.
Multiple libraries were found for &#34;Ethernet.h&#34;
  Used: /home/ec2-user/arduino-testlib/cli-datadir/user/libraries/Ethernet
  Not used: /home/ec2-user/arduino-testlib/cli-datadir/user/libraries/EthernetENC
  Not used: /home/ec2-user/arduino-testlib/cli-datadir/user/libraries/UIPEthernet
Multiple libraries were found for &#34;EEPROM.h&#34;
  Used: /home/ec2-user/arduino-testlib/cli-datadir/user/libraries/Hello_Drum
  Not used: /home/ec2-user/arduino-testlib/cli-datadir/user/libraries/arduino-NVM
</pre>
					
					<h4>examples/LCD_AQM1602</h4>
					<p>
						Result: <b>FAIL</b>
					</p>
					<pre class="pre-scrollable">In file included from /home/ec2-user/arduino-testlib/cli-datadir/user/libraries/UARDECS_Library/examples/LCD_AQM1602/LCD_AQM1602.ino:26:0:
/home/ec2-user/arduino-testlib/cli-datadir/user/libraries/Hello_Drum/src/EEPROM.h:25:10: fatal error: avr/eeprom.h: No such file or directory
 #include &lt;avr/eeprom.h&gt;
          ^~~~~~~~~~~~~~
compilation terminated.
Multiple libraries were found for &#34;EEPROM.h&#34;
  Used: /home/ec2-user/arduino-testlib/cli-datadir/user/libraries/Hello_Drum
  Not used: /home/ec2-user/arduino-testlib/cli-datadir/user/libraries/arduino-NVM
</pre>
					
					<h4>examples/Sensor_CO2_S300I2C</h4>
					<p>
						Result: <b>FAIL</b>
					</p>
					<pre class="pre-scrollable">In file included from /home/ec2-user/arduino-testlib/cli-datadir/user/libraries/UARDECS_Library/examples/Sensor_CO2_S300I2C/Sensor_CO2_S300I2C.ino:33:0:
/home/ec2-user/arduino-testlib/cli-datadir/user/libraries/Hello_Drum/src/EEPROM.h:25:10: fatal error: avr/eeprom.h: No such file or directory
 #include &lt;avr/eeprom.h&gt;
          ^~~~~~~~~~~~~~
compilation terminated.
Multiple libraries were found for &#34;EEPROM.h&#34;
  Used: /home/ec2-user/arduino-testlib/cli-datadir/user/libraries/Hello_Drum
  Not used: /home/ec2-user/arduino-testlib/cli-datadir/user/libraries/arduino-NVM
</pre>
					
					<h4>examples/Sensor_TempHumid_SHT2x</h4>
					<p>
						Result: <b>FAIL</b>
					</p>
					<pre class="pre-scrollable">In file included from /home/ec2-user/arduino-testlib/cli-datadir/user/libraries/UARDECS_Library/examples/Sensor_TempHumid_SHT2x/Sensor_TempHumid_SHT2x.ino:38:0:
/home/ec2-user/arduino-testlib/cli-datadir/user/libraries/Hello_Drum/src/EEPROM.h:25:10: fatal error: avr/eeprom.h: No such file or directory
 #include &lt;avr/eeprom.h&gt;
          ^~~~~~~~~~~~~~
compilation terminated.
Multiple libraries were found for &#34;EEPROM.h&#34;
  Used: /home/ec2-user/arduino-testlib/cli-datadir/user/libraries/Hello_Drum
  Not used: /home/ec2-user/arduino-testlib/cli-datadir/user/libraries/arduino-NVM
</pre>
					
					<h4>examples/Sensor_TempHumid_SHT3x</h4>
					<p>
						Result: <b>FAIL</b>
					</p>
					<pre class="pre-scrollable">In file included from /home/ec2-user/arduino-testlib/cli-datadir/user/libraries/UARDECS_Library/examples/Sensor_TempHumid_SHT3x/Sensor_TempHumid_SHT3x.ino:30:0:
/home/ec2-user/arduino-testlib/cli-datadir/user/libraries/Hello_Drum/src/EEPROM.h:25:10: fatal error: avr/eeprom.h: No such file or directory
 #include &lt;avr/eeprom.h&gt;
          ^~~~~~~~~~~~~~
compilation terminated.
Multiple libraries were found for &#34;EEPROM.h&#34;
  Used: /home/ec2-user/arduino-testlib/cli-datadir/user/libraries/Hello_Drum
  Not used: /home/ec2-user/arduino-testlib/cli-datadir/user/libraries/arduino-NVM
</pre>
					
					<h4>examples/Sensor_TempHumid_SHT7x</h4>
					<p>
						Result: <b>FAIL</b>
					</p>
					<pre class="pre-scrollable">In file included from /home/ec2-user/arduino-testlib/cli-datadir/user/libraries/UARDECS_Library/examples/Sensor_TempHumid_SHT7x/Sensor_TempHumid_SHT7x.ino:99:0:
/home/ec2-user/arduino-testlib/cli-datadir/user/libraries/Hello_Drum/src/EEPROM.h:25:10: fatal error: avr/eeprom.h: No such file or directory
 #include &lt;avr/eeprom.h&gt;
          ^~~~~~~~~~~~~~
compilation terminated.
Multiple libraries were found for &#34;EEPROM.h&#34;
  Used: /home/ec2-user/arduino-testlib/cli-datadir/user/libraries/Hello_Drum
  Not used: /home/ec2-user/arduino-testlib/cli-datadir/user/libraries/arduino-NVM
</pre>
					
					<h4>examples/Sensor_Temp_ADT7410</h4>
					<p>
						Result: <b>FAIL</b>
					</p>
					<pre class="pre-scrollable">In file included from /home/ec2-user/arduino-testlib/cli-datadir/user/libraries/UARDECS_Library/examples/Sensor_Temp_ADT7410/Sensor_Temp_ADT7410.ino:34:0:
/home/ec2-user/arduino-testlib/cli-datadir/user/libraries/Hello_Drum/src/EEPROM.h:25:10: fatal error: avr/eeprom.h: No such file or directory
 #include &lt;avr/eeprom.h&gt;
          ^~~~~~~~~~~~~~
compilation terminated.
Multiple libraries were found for &#34;EEPROM.h&#34;
  Used: /home/ec2-user/arduino-testlib/cli-datadir/user/libraries/Hello_Drum
  Not used: /home/ec2-user/arduino-testlib/cli-datadir/user/libraries/arduino-NVM
</pre>
					
					<h4>examples/Skeleton</h4>
					<p>
						Result: <b>FAIL</b>
					</p>
					<pre class="pre-scrollable">In file included from /home/ec2-user/arduino-testlib/cli-datadir/user/libraries/UARDECS_Library/examples/Skeleton/Skeleton.ino:11:0:
/home/ec2-user/arduino-testlib/cli-datadir/user/libraries/Hello_Drum/src/EEPROM.h:25:10: fatal error: avr/eeprom.h: No such file or directory
 #include &lt;avr/eeprom.h&gt;
          ^~~~~~~~~~~~~~
compilation terminated.
Multiple libraries were found for &#34;EEPROM.h&#34;
  Used: /home/ec2-user/arduino-testlib/cli-datadir/user/libraries/Hello_Drum
  Not used: /home/ec2-user/arduino-testlib/cli-datadir/user/libraries/arduino-NVM
</pre>
					
					<h4>examples/Thermostat</h4>
					<p>
						Result: <b>FAIL</b>
					</p>
					<pre class="pre-scrollable">In file included from /home/ec2-user/arduino-testlib/cli-datadir/user/libraries/UARDECS_Library/examples/Thermostat/Thermostat.ino:19:0:
/home/ec2-user/arduino-testlib/cli-datadir/user/libraries/Hello_Drum/src/EEPROM.h:25:10: fatal error: avr/eeprom.h: No such file or directory
 #include &lt;avr/eeprom.h&gt;
          ^~~~~~~~~~~~~~
compilation terminated.
Multiple libraries were found for &#34;EEPROM.h&#34;
  Used: /home/ec2-user/arduino-testlib/cli-datadir/user/libraries/Hello_Drum
  Not used: /home/ec2-user/arduino-testlib/cli-datadir/user/libraries/arduino-NVM
</pre>
					
					<h4>examples/Thermostat2</h4>
					<p>
						Result: <b>FAIL</b>
					</p>
					<pre class="pre-scrollable">In file included from /home/ec2-user/arduino-testlib/cli-datadir/user/libraries/UARDECS_Library/examples/Thermostat2/Thermostat2.ino:19:0:
/home/ec2-user/arduino-testlib/cli-datadir/user/libraries/Hello_Drum/src/EEPROM.h:25:10: fatal error: avr/eeprom.h: No such file or directory
 #include &lt;avr/eeprom.h&gt;
          ^~~~~~~~~~~~~~
compilation terminated.
Multiple libraries were found for &#34;Ethernet.h&#34;
  Used: /home/ec2-user/arduino-testlib/cli-datadir/user/libraries/Ethernet
  Not used: /home/ec2-user/arduino-testlib/cli-datadir/user/libraries/EthernetENC
  Not used: /home/ec2-user/arduino-testlib/cli-datadir/user/libraries/UIPEthernet
Multiple libraries were found for &#34;EEPROM.h&#34;
  Used: /home/ec2-user/arduino-testlib/cli-datadir/user/libraries/Hello_Drum
  Not used: /home/ec2-user/arduino-testlib/cli-datadir/user/libraries/arduino-NVM
</pre>
					
					<h4>examples/Thermostat_JP</h4>
					<p>
						Result: <b>FAIL</b>
					</p>
					<pre class="pre-scrollable">In file included from /home/ec2-user/arduino-testlib/cli-datadir/user/libraries/UARDECS_Library/examples/Thermostat_JP/Thermostat_JP.ino:18:0:
/home/ec2-user/arduino-testlib/cli-datadir/user/libraries/Hello_Drum/src/EEPROM.h:25:10: fatal error: avr/eeprom.h: No such file or directory
 #include &lt;avr/eeprom.h&gt;
          ^~~~~~~~~~~~~~
compilation terminated.
Multiple libraries were found for &#34;EEPROM.h&#34;
  Used: /home/ec2-user/arduino-testlib/cli-datadir/user/libraries/Hello_Drum
  Not used: /home/ec2-user/arduino-testlib/cli-datadir/user/libraries/arduino-NVM
</pre>
					
				
				<h3 id="arduino:megaavr:nona4809">arduino:megaavr:nona4809 @ 1.8.7</h3>
				<h4>Inclusion</h4>
				<p>
					Result: <b>PASS</b>
					
				</p>
				<pre class="pre-scrollable">WARNING: library UARDECS_Library claims to run on avr architecture(s) and may be incompatible with your current board which runs on megaavr architecture(s).
Sketch uses 10066 bytes (20%) of program storage space. Maximum is 49152 bytes.
Global variables use 271 bytes (4%) of dynamic memory, leaving 5873 bytes for local variables. Maximum is 6144 bytes.
</pre>

					
					<h4>examples/#ApplicationGuide</h4>
					<p>
						Result: <b>FAIL</b>
					</p>
					<pre class="pre-scrollable"></pre>
					
					<h4>examples/DummyInAirTemp</h4>
					<p>
						Result: <b>PASS</b>
					</p>
					<pre class="pre-scrollable">WARNING: library UARDECS_Library claims to run on avr architecture(s) and may be incompatible with your current board which runs on megaavr architecture(s).
Sketch uses 27704 bytes (56%) of program storage space. Maximum is 49152 bytes.
Global variables use 828 bytes (13%) of dynamic memory, leaving 5316 bytes for local variables. Maximum is 6144 bytes.
</pre>
					
					<h4>examples/InAirTemp_ADT7410</h4>
					<p>
						Result: <b>FAIL</b>
					</p>
					<pre class="pre-scrollable">WARNING: library UARDECS_Library claims to run on avr architecture(s) and may be incompatible with your current board which runs on megaavr architecture(s).
In file included from /home/ec2-user/arduino-testlib/cli-datadir/user/libraries/Ethernet2/src/Ethernet2.h:16:0,
                 from /home/ec2-user/arduino-testlib/cli-datadir/user/libraries/UARDECS_Library/src/Uardecs.h:14,
                 from /home/ec2-user/arduino-testlib/cli-datadir/user/libraries/UARDECS_Library/examples/InAirTemp_ADT7410/InAirTemp_ADT7410.ino:35:
/home/ec2-user/arduino-testlib/cli-datadir/user/libraries/Ethernet2/src/EthernetClient.h:8:7: error: redefinition of &#39;class EthernetClient&#39;
 class EthernetClient : public Client {
       ^~~~~~~~~~~~~~
In file included from /home/ec2-user/arduino-testlib/cli-datadir/user/libraries/UARDECS_Library/examples/InAirTemp_ADT7410/InAirTemp_ADT7410.ino:31:0:
/home/ec2-user/arduino-testlib/cli-datadir/user/libraries/Ethernet/src/Ethernet.h:214:7: note: previous definition of &#39;class EthernetClient&#39;
 class EthernetClient : public Client {
       ^~~~~~~~~~~~~~
In file included from /home/ec2-user/arduino-testlib/cli-datadir/user/libraries/Ethernet2/src/Ethernet2.h:17:0,
                 from /home/ec2-user/arduino-testlib/cli-datadir/user/libraries/UARDECS_Library/src/Uardecs.h:14,
                 from /home/ec2-user/arduino-testlib/cli-datadir/user/libraries/UARDECS_Library/examples/InAirTemp_ADT7410/InAirTemp_ADT7410.ino:35:
/home/ec2-user/arduino-testlib/cli-datadir/user/libraries/Ethernet2/src/EthernetServer.h:8:7: error: redefinition of &#39;class EthernetServer&#39;
 class EthernetServer :
       ^~~~~~~~~~~~~~
In file included from /home/ec2-user/arduino-testlib/cli-datadir/user/libraries/UARDECS_Library/examples/InAirTemp_ADT7410/InAirTemp_ADT7410.ino:31:0:
/home/ec2-user/arduino-testlib/cli-datadir/user/libraries/Ethernet/src/Ethernet.h:253:7: note: previous definition of &#39;class EthernetServer&#39;
 class EthernetServer : public Server {
       ^~~~~~~~~~~~~~
In file included from /home/ec2-user/arduino-testlib/cli-datadir/user/libraries/Ethernet2/src/Dhcp.h:7:0,
                 from /home/ec2-user/arduino-testlib/cli-datadir/user/libraries/Ethernet2/src/Ethernet2.h:18,
                 from /home/ec2-user/arduino-testlib/cli-datadir/user/libraries/UARDECS_Library/src/Uardecs.h:14,
                 from /home/ec2-user/arduino-testlib/cli-datadir/user/libraries/UARDECS_Library/examples/InAirTemp_ADT7410/InAirTemp_ADT7410.ino:35:
/home/ec2-user/arduino-testlib/cli-datadir/user/libraries/Ethernet2/src/EthernetUdp2.h:50:7: error: redefinition of &#39;class EthernetUDP&#39;
 class EthernetUDP : public UDP {
       ^~~~~~~~~~~
In file included from /home/ec2-user/arduino-testlib/cli-datadir/user/libraries/UARDECS_Library/examples/InAirTemp_ADT7410/InAirTemp_ADT7410.ino:31:0:
/home/ec2-user/arduino-testlib/cli-datadir/user/libraries/Ethernet/src/Ethernet.h:152:7: note: previous definition of &#39;class EthernetUDP&#39;
 class EthernetUDP : public UDP {
       ^~~~~~~~~~~
In file included from /home/ec2-user/arduino-testlib/cli-datadir/user/libraries/Ethernet2/src/Ethernet2.h:18:0,
                 from /home/ec2-user/arduino-testlib/cli-datadir/user/libraries/UARDECS_Library/src/Uardecs.h:14,
                 from /home/ec2-user/arduino-testlib/cli-datadir/user/libraries/UARDECS_Library/examples/InAirTemp_ADT7410/InAirTemp_ADT7410.ino:35:
/home/ec2-user/arduino-testlib/cli-datadir/user/libraries/Ethernet2/src/Dhcp.h:139:7: error: redefinition of &#39;class DhcpClass&#39;
 class DhcpClass {
       ^~~~~~~~~
In file included from /home/ec2-user/arduino-testlib/cli-datadir/user/libraries/UARDECS_Library/examples/InAirTemp_ADT7410/InAirTemp_ADT7410.ino:31:0:
/home/ec2-user/arduino-testlib/cli-datadir/user/libraries/Ethernet/src/Ethernet.h:272:7: note: previous definition of &#39;class DhcpClass&#39;
 class DhcpClass {
       ^~~~~~~~~
In file included from /home/ec2-user/arduino-testlib/cli-datadir/user/libraries/UARDECS_Library/src/Uardecs.h:14:0,
                 from /home/ec2-user/arduino-testlib/cli-datadir/user/libraries/UARDECS_Library/examples/InAirTemp_ADT7410/InAirTemp_ADT7410.ino:35:
/home/ec2-user/arduino-testlib/cli-datadir/user/libraries/Ethernet2/src/Ethernet2.h:22:7: error: redefinition of &#39;class EthernetClass&#39;
 class EthernetClass {
       ^~~~~~~~~~~~~
In file included from /home/ec2-user/arduino-testlib/cli-datadir/user/libraries/UARDECS_Library/examples/InAirTemp_ADT7410/InAirTemp_ADT7410.ino:31:0:
/home/ec2-user/arduino-testlib/cli-datadir/user/libraries/Ethernet/src/Ethernet.h:74:7: note: previous definition of &#39;class EthernetClass&#39;
 class EthernetClass {
       ^~~~~~~~~~~~~
Multiple libraries were found for &#34;Ethernet.h&#34;
  Used: /home/ec2-user/arduino-testlib/cli-datadir/user/libraries/Ethernet
  Not used: /home/ec2-user/arduino-testlib/cli-datadir/user/libraries/UIPEthernet
  Not used: /home/ec2-user/arduino-testlib/cli-datadir/user/libraries/EthernetENC
Multiple libraries were found for &#34;EEPROM.h&#34;
  Used: /home/ec2-user/arduino-testlib/cli-datadir/data/packages/arduino/hardware/megaavr/1.8.7/libraries/EEPROM
  Not used: /home/ec2-user/arduino-testlib/cli-datadir/user/libraries/Hello_Drum
  Not used: /home/ec2-user/arduino-testlib/cli-datadir/user/libraries/arduino-NVM
</pre>
					
					<h4>examples/InAirTemp_SHT7x</h4>
					<p>
						Result: <b>FAIL</b>
					</p>
					<pre class="pre-scrollable">/home/ec2-user/arduino-testlib/cli-datadir/user/libraries/UARDECS_Library/examples/InAirTemp_SHT7x/InAirTemp_SHT7x.ino:99:10: fatal error: Sensirion.h: No such file or directory
 #include &lt;Sensirion.h&gt;
          ^~~~~~~~~~~~~
compilation terminated.
Multiple libraries were found for &#34;Ethernet.h&#34;
  Used: /home/ec2-user/arduino-testlib/cli-datadir/user/libraries/Ethernet
  Not used: /home/ec2-user/arduino-testlib/cli-datadir/user/libraries/EthernetENC
  Not used: /home/ec2-user/arduino-testlib/cli-datadir/user/libraries/UIPEthernet
Multiple libraries were found for &#34;EEPROM.h&#34;
  Used: /home/ec2-user/arduino-testlib/cli-datadir/data/packages/arduino/hardware/megaavr/1.8.7/libraries/EEPROM
  Not used: /home/ec2-user/arduino-testlib/cli-datadir/user/libraries/arduino-NVM
  Not used: /home/ec2-user/arduino-testlib/cli-datadir/user/libraries/Hello_Drum
</pre>
					
					<h4>examples/LCD_AQM1602</h4>
					<p>
						Result: <b>PASS</b>
					</p>
					<pre class="pre-scrollable">WARNING: library UARDECS_Library claims to run on avr architecture(s) and may be incompatible with your current board which runs on megaavr architecture(s).
WARNING: library FaBo_213_LCD_mini_AQM0802A claims to run on avr architecture(s) and may be incompatible with your current board which runs on megaavr architecture(s).
Sketch uses 28802 bytes (58%) of program storage space. Maximum is 49152 bytes.
Global variables use 1122 bytes (18%) of dynamic memory, leaving 5022 bytes for local variables. Maximum is 6144 bytes.
</pre>
					
					<h4>examples/Sensor_CO2_S300I2C</h4>
					<p>
						Result: <b>PASS</b>
					</p>
					<pre class="pre-scrollable">WARNING: library UARDECS_Library claims to run on avr architecture(s) and may be incompatible with your current board which runs on megaavr architecture(s).
Sketch uses 28540 bytes (58%) of program storage space. Maximum is 49152 bytes.
Global variables use 1111 bytes (18%) of dynamic memory, leaving 5033 bytes for local variables. Maximum is 6144 bytes.
</pre>
					
					<h4>examples/Sensor_TempHumid_SHT2x</h4>
					<p>
						Result: <b>PASS</b>
					</p>
					<pre class="pre-scrollable">WARNING: library UARDECS_Library claims to run on avr architecture(s) and may be incompatible with your current board which runs on megaavr architecture(s).
Sketch uses 28930 bytes (58%) of program storage space. Maximum is 49152 bytes.
Global variables use 1192 bytes (19%) of dynamic memory, leaving 4952 bytes for local variables. Maximum is 6144 bytes.
</pre>
					
					<h4>examples/Sensor_TempHumid_SHT3x</h4>
					<p>
						Result: <b>FAIL</b>
					</p>
					<pre class="pre-scrollable">/home/ec2-user/arduino-testlib/cli-datadir/user/libraries/UARDECS_Library/examples/Sensor_TempHumid_SHT3x/Sensor_TempHumid_SHT3x.ino:33:10: fatal error: SHT3x.h: No such file or directory
 #include &#34;SHT3x.h&#34;
          ^~~~~~~~~
compilation terminated.
Multiple libraries were found for &#34;EEPROM.h&#34;
  Used: /home/ec2-user/arduino-testlib/cli-datadir/data/packages/arduino/hardware/megaavr/1.8.7/libraries/EEPROM
  Not used: /home/ec2-user/arduino-testlib/cli-datadir/user/libraries/arduino-NVM
  Not used: /home/ec2-user/arduino-testlib/cli-datadir/user/libraries/Hello_Drum
</pre>
					
					<h4>examples/Sensor_TempHumid_SHT7x</h4>
					<p>
						Result: <b>FAIL</b>
					</p>
					<pre class="pre-scrollable">/home/ec2-user/arduino-testlib/cli-datadir/user/libraries/UARDECS_Library/examples/Sensor_TempHumid_SHT7x/Sensor_TempHumid_SHT7x.ino:100:10: fatal error: Sensirion.h: No such file or directory
 #include &lt;Sensirion.h&gt;
          ^~~~~~~~~~~~~
compilation terminated.
Multiple libraries were found for &#34;EEPROM.h&#34;
  Used: /home/ec2-user/arduino-testlib/cli-datadir/data/packages/arduino/hardware/megaavr/1.8.7/libraries/EEPROM
  Not used: /home/ec2-user/arduino-testlib/cli-datadir/user/libraries/Hello_Drum
  Not used: /home/ec2-user/arduino-testlib/cli-datadir/user/libraries/arduino-NVM
</pre>
					
					<h4>examples/Sensor_Temp_ADT7410</h4>
					<p>
						Result: <b>PASS</b>
					</p>
					<pre class="pre-scrollable">WARNING: library UARDECS_Library claims to run on avr architecture(s) and may be incompatible with your current board which runs on megaavr architecture(s).
Sketch uses 28422 bytes (57%) of program storage space. Maximum is 49152 bytes.
Global variables use 1109 bytes (18%) of dynamic memory, leaving 5035 bytes for local variables. Maximum is 6144 bytes.
</pre>
					
					<h4>examples/Skeleton</h4>
					<p>
						Result: <b>PASS</b>
					</p>
					<pre class="pre-scrollable">WARNING: library UARDECS_Library claims to run on avr architecture(s) and may be incompatible with your current board which runs on megaavr architecture(s).
Sketch uses 18799 bytes (38%) of program storage space. Maximum is 49152 bytes.
Global variables use 722 bytes (11%) of dynamic memory, leaving 5422 bytes for local variables. Maximum is 6144 bytes.
</pre>
					
					<h4>examples/Thermostat</h4>
					<p>
						Result: <b>PASS</b>
					</p>
					<pre class="pre-scrollable">WARNING: library UARDECS_Library claims to run on avr architecture(s) and may be incompatible with your current board which runs on megaavr architecture(s).
Sketch uses 28086 bytes (57%) of program storage space. Maximum is 49152 bytes.
Global variables use 912 bytes (14%) of dynamic memory, leaving 5232 bytes for local variables. Maximum is 6144 bytes.
</pre>
					
					<h4>examples/Thermostat2</h4>
					<p>
						Result: <b>FAIL</b>
					</p>
					<pre class="pre-scrollable">WARNING: library UARDECS_Library claims to run on avr architecture(s) and may be incompatible with your current board which runs on megaavr architecture(s).
In file included from /home/ec2-user/arduino-testlib/cli-datadir/user/libraries/Ethernet2/src/Ethernet2.h:16:0,
                 from /home/ec2-user/arduino-testlib/cli-datadir/user/libraries/UARDECS_Library/src/Uardecs.h:14,
                 from /home/ec2-user/arduino-testlib/cli-datadir/user/libraries/UARDECS_Library/examples/Thermostat2/Thermostat2.ino:20:
/home/ec2-user/arduino-testlib/cli-datadir/user/libraries/Ethernet2/src/EthernetClient.h:8:7: error: redefinition of &#39;class EthernetClient&#39;
 class EthernetClient : public Client {
       ^~~~~~~~~~~~~~
In file included from /home/ec2-user/arduino-testlib/cli-datadir/user/libraries/UARDECS_Library/examples/Thermostat2/Thermostat2.ino:17:0:
/home/ec2-user/arduino-testlib/cli-datadir/user/libraries/Ethernet/src/Ethernet.h:214:7: note: previous definition of &#39;class EthernetClient&#39;
 class EthernetClient : public Client {
       ^~~~~~~~~~~~~~
In file included from /home/ec2-user/arduino-testlib/cli-datadir/user/libraries/Ethernet2/src/Ethernet2.h:17:0,
                 from /home/ec2-user/arduino-testlib/cli-datadir/user/libraries/UARDECS_Library/src/Uardecs.h:14,
                 from /home/ec2-user/arduino-testlib/cli-datadir/user/libraries/UARDECS_Library/examples/Thermostat2/Thermostat2.ino:20:
/home/ec2-user/arduino-testlib/cli-datadir/user/libraries/Ethernet2/src/EthernetServer.h:8:7: error: redefinition of &#39;class EthernetServer&#39;
 class EthernetServer :
       ^~~~~~~~~~~~~~
In file included from /home/ec2-user/arduino-testlib/cli-datadir/user/libraries/UARDECS_Library/examples/Thermostat2/Thermostat2.ino:17:0:
/home/ec2-user/arduino-testlib/cli-datadir/user/libraries/Ethernet/src/Ethernet.h:253:7: note: previous definition of &#39;class EthernetServer&#39;
 class EthernetServer : public Server {
       ^~~~~~~~~~~~~~
In file included from /home/ec2-user/arduino-testlib/cli-datadir/user/libraries/Ethernet2/src/Dhcp.h:7:0,
                 from /home/ec2-user/arduino-testlib/cli-datadir/user/libraries/Ethernet2/src/Ethernet2.h:18,
                 from /home/ec2-user/arduino-testlib/cli-datadir/user/libraries/UARDECS_Library/src/Uardecs.h:14,
                 from /home/ec2-user/arduino-testlib/cli-datadir/user/libraries/UARDECS_Library/examples/Thermostat2/Thermostat2.ino:20:
/home/ec2-user/arduino-testlib/cli-datadir/user/libraries/Ethernet2/src/EthernetUdp2.h:50:7: error: redefinition of &#39;class EthernetUDP&#39;
 class EthernetUDP : public UDP {
       ^~~~~~~~~~~
In file included from /home/ec2-user/arduino-testlib/cli-datadir/user/libraries/UARDECS_Library/examples/Thermostat2/Thermostat2.ino:17:0:
/home/ec2-user/arduino-testlib/cli-datadir/user/libraries/Ethernet/src/Ethernet.h:152:7: note: previous definition of &#39;class EthernetUDP&#39;
 class EthernetUDP : public UDP {
       ^~~~~~~~~~~
In file included from /home/ec2-user/arduino-testlib/cli-datadir/user/libraries/Ethernet2/src/Ethernet2.h:18:0,
                 from /home/ec2-user/arduino-testlib/cli-datadir/user/libraries/UARDECS_Library/src/Uardecs.h:14,
                 from /home/ec2-user/arduino-testlib/cli-datadir/user/libraries/UARDECS_Library/examples/Thermostat2/Thermostat2.ino:20:
/home/ec2-user/arduino-testlib/cli-datadir/user/libraries/Ethernet2/src/Dhcp.h:139:7: error: redefinition of &#39;class DhcpClass&#39;
 class DhcpClass {
       ^~~~~~~~~
In file included from /home/ec2-user/arduino-testlib/cli-datadir/user/libraries/UARDECS_Library/examples/Thermostat2/Thermostat2.ino:17:0:
/home/ec2-user/arduino-testlib/cli-datadir/user/libraries/Ethernet/src/Ethernet.h:272:7: note: previous definition of &#39;class DhcpClass&#39;
 class DhcpClass {
       ^~~~~~~~~
In file included from /home/ec2-user/arduino-testlib/cli-datadir/user/libraries/UARDECS_Library/src/Uardecs.h:14:0,
                 from /home/ec2-user/arduino-testlib/cli-datadir/user/libraries/UARDECS_Library/examples/Thermostat2/Thermostat2.ino:20:
/home/ec2-user/arduino-testlib/cli-datadir/user/libraries/Ethernet2/src/Ethernet2.h:22:7: error: redefinition of &#39;class EthernetClass&#39;
 class EthernetClass {
       ^~~~~~~~~~~~~
In file included from /home/ec2-user/arduino-testlib/cli-datadir/user/libraries/UARDECS_Library/examples/Thermostat2/Thermostat2.ino:17:0:
/home/ec2-user/arduino-testlib/cli-datadir/user/libraries/Ethernet/src/Ethernet.h:74:7: note: previous definition of &#39;class EthernetClass&#39;
 class EthernetClass {
       ^~~~~~~~~~~~~
Multiple libraries were found for &#34;Ethernet.h&#34;
  Used: /home/ec2-user/arduino-testlib/cli-datadir/user/libraries/Ethernet
  Not used: /home/ec2-user/arduino-testlib/cli-datadir/user/libraries/UIPEthernet
  Not used: /home/ec2-user/arduino-testlib/cli-datadir/user/libraries/EthernetENC
Multiple libraries were found for &#34;EEPROM.h&#34;
  Used: /home/ec2-user/arduino-testlib/cli-datadir/data/packages/arduino/hardware/megaavr/1.8.7/libraries/EEPROM
  Not used: /home/ec2-user/arduino-testlib/cli-datadir/user/libraries/arduino-NVM
  Not used: /home/ec2-user/arduino-testlib/cli-datadir/user/libraries/Hello_Drum
</pre>
					
					<h4>examples/Thermostat_JP</h4>
					<p>
						Result: <b>PASS</b>
					</p>
					<pre class="pre-scrollable">WARNING: library UARDECS_Library claims to run on avr architecture(s) and may be incompatible with your current board which runs on megaavr architecture(s).
Sketch uses 28210 bytes (57%) of program storage space. Maximum is 49152 bytes.
Global variables use 912 bytes (14%) of dynamic memory, leaving 5232 bytes for local variables. Maximum is 6144 bytes.
</pre>
					
				
				<h3 id="arduino:samd:mkrwifi1010">arduino:samd:mkrwifi1010 @ 1.8.12</h3>
				<h4>Inclusion</h4>
				<p>
					Result: <b>FAIL</b>
					
				</p>
				<pre class="pre-scrollable">In file included from /home/ec2-user/arduino-testlib/cli-datadir/user/libraries/UARDECS_Library/src/Uardecs.h:19:0,
                 from /home/ec2-user/arduino-testlib/cli-datadir/user/libraries/UARDECS_Library/src/Uardecs.cpp:1:
/home/ec2-user/arduino-testlib/cli-datadir/user/libraries/Hello_Drum/src/EEPROM.h:25:10: fatal error: avr/eeprom.h: No such file or directory
 #include &lt;avr/eeprom.h&gt;
          ^~~~~~~~~~~~~~
compilation terminated.
Multiple libraries were found for &#34;EEPROM.h&#34;
  Used: /home/ec2-user/arduino-testlib/cli-datadir/user/libraries/Hello_Drum
  Not used: /home/ec2-user/arduino-testlib/cli-datadir/user/libraries/arduino-NVM
</pre>

					
					<h4>examples/#ApplicationGuide</h4>
					<p>
						Result: <b>FAIL</b>
					</p>
					<pre class="pre-scrollable"></pre>
					
					<h4>examples/DummyInAirTemp</h4>
					<p>
						Result: <b>FAIL</b>
					</p>
					<pre class="pre-scrollable">In file included from /home/ec2-user/arduino-testlib/cli-datadir/user/libraries/UARDECS_Library/examples/DummyInAirTemp/DummyInAirTemp.ino:14:0:
/home/ec2-user/arduino-testlib/cli-datadir/user/libraries/Hello_Drum/src/EEPROM.h:25:10: fatal error: avr/eeprom.h: No such file or directory
 #include &lt;avr/eeprom.h&gt;
          ^~~~~~~~~~~~~~
compilation terminated.
Multiple libraries were found for &#34;EEPROM.h&#34;
  Used: /home/ec2-user/arduino-testlib/cli-datadir/user/libraries/Hello_Drum
  Not used: /home/ec2-user/arduino-testlib/cli-datadir/user/libraries/arduino-NVM
</pre>
					
					<h4>examples/InAirTemp_ADT7410</h4>
					<p>
						Result: <b>FAIL</b>
					</p>
					<pre class="pre-scrollable">In file included from /home/ec2-user/arduino-testlib/cli-datadir/user/libraries/UARDECS_Library/examples/InAirTemp_ADT7410/InAirTemp_ADT7410.ino:33:0:
/home/ec2-user/arduino-testlib/cli-datadir/user/libraries/Hello_Drum/src/EEPROM.h:25:10: fatal error: avr/eeprom.h: No such file or directory
 #include &lt;avr/eeprom.h&gt;
          ^~~~~~~~~~~~~~
compilation terminated.
Multiple libraries were found for &#34;Ethernet.h&#34;
  Used: /home/ec2-user/arduino-testlib/cli-datadir/user/libraries/Ethernet
  Not used: /home/ec2-user/arduino-testlib/cli-datadir/user/libraries/UIPEthernet
  Not used: /home/ec2-user/arduino-testlib/cli-datadir/user/libraries/EthernetENC
Multiple libraries were found for &#34;EEPROM.h&#34;
  Used: /home/ec2-user/arduino-testlib/cli-datadir/user/libraries/Hello_Drum
  Not used: /home/ec2-user/arduino-testlib/cli-datadir/user/libraries/arduino-NVM
</pre>
					
					<h4>examples/InAirTemp_SHT7x</h4>
					<p>
						Result: <b>FAIL</b>
					</p>
					<pre class="pre-scrollable">In file included from /home/ec2-user/arduino-testlib/cli-datadir/user/libraries/UARDECS_Library/examples/InAirTemp_SHT7x/InAirTemp_SHT7x.ino:98:0:
/home/ec2-user/arduino-testlib/cli-datadir/user/libraries/Hello_Drum/src/EEPROM.h:25:10: fatal error: avr/eeprom.h: No such file or directory
 #include &lt;avr/eeprom.h&gt;
          ^~~~~~~~~~~~~~
compilation terminated.
Multiple libraries were found for &#34;Ethernet.h&#34;
  Used: /home/ec2-user/arduino-testlib/cli-datadir/user/libraries/Ethernet
  Not used: /home/ec2-user/arduino-testlib/cli-datadir/user/libraries/EthernetENC
  Not used: /home/ec2-user/arduino-testlib/cli-datadir/user/libraries/UIPEthernet
Multiple libraries were found for &#34;EEPROM.h&#34;
  Used: /home/ec2-user/arduino-testlib/cli-datadir/user/libraries/Hello_Drum
  Not used: /home/ec2-user/arduino-testlib/cli-datadir/user/libraries/arduino-NVM
</pre>
					
					<h4>examples/LCD_AQM1602</h4>
					<p>
						Result: <b>FAIL</b>
					</p>
					<pre class="pre-scrollable">In file included from /home/ec2-user/arduino-testlib/cli-datadir/user/libraries/UARDECS_Library/examples/LCD_AQM1602/LCD_AQM1602.ino:26:0:
/home/ec2-user/arduino-testlib/cli-datadir/user/libraries/Hello_Drum/src/EEPROM.h:25:10: fatal error: avr/eeprom.h: No such file or directory
 #include &lt;avr/eeprom.h&gt;
          ^~~~~~~~~~~~~~
compilation terminated.
Multiple libraries were found for &#34;EEPROM.h&#34;
  Used: /home/ec2-user/arduino-testlib/cli-datadir/user/libraries/Hello_Drum
  Not used: /home/ec2-user/arduino-testlib/cli-datadir/user/libraries/arduino-NVM
</pre>
					
					<h4>examples/Sensor_CO2_S300I2C</h4>
					<p>
						Result: <b>FAIL</b>
					</p>
					<pre class="pre-scrollable">In file included from /home/ec2-user/arduino-testlib/cli-datadir/user/libraries/UARDECS_Library/examples/Sensor_CO2_S300I2C/Sensor_CO2_S300I2C.ino:33:0:
/home/ec2-user/arduino-testlib/cli-datadir/user/libraries/Hello_Drum/src/EEPROM.h:25:10: fatal error: avr/eeprom.h: No such file or directory
 #include &lt;avr/eeprom.h&gt;
          ^~~~~~~~~~~~~~
compilation terminated.
Multiple libraries were found for &#34;EEPROM.h&#34;
  Used: /home/ec2-user/arduino-testlib/cli-datadir/user/libraries/Hello_Drum
  Not used: /home/ec2-user/arduino-testlib/cli-datadir/user/libraries/arduino-NVM
</pre>
					
					<h4>examples/Sensor_TempHumid_SHT2x</h4>
					<p>
						Result: <b>FAIL</b>
					</p>
					<pre class="pre-scrollable">In file included from /home/ec2-user/arduino-testlib/cli-datadir/user/libraries/UARDECS_Library/examples/Sensor_TempHumid_SHT2x/Sensor_TempHumid_SHT2x.ino:38:0:
/home/ec2-user/arduino-testlib/cli-datadir/user/libraries/Hello_Drum/src/EEPROM.h:25:10: fatal error: avr/eeprom.h: No such file or directory
 #include &lt;avr/eeprom.h&gt;
          ^~~~~~~~~~~~~~
compilation terminated.
Multiple libraries were found for &#34;EEPROM.h&#34;
  Used: /home/ec2-user/arduino-testlib/cli-datadir/user/libraries/Hello_Drum
  Not used: /home/ec2-user/arduino-testlib/cli-datadir/user/libraries/arduino-NVM
</pre>
					
					<h4>examples/Sensor_TempHumid_SHT3x</h4>
					<p>
						Result: <b>FAIL</b>
					</p>
					<pre class="pre-scrollable">In file included from /home/ec2-user/arduino-testlib/cli-datadir/user/libraries/UARDECS_Library/examples/Sensor_TempHumid_SHT3x/Sensor_TempHumid_SHT3x.ino:30:0:
/home/ec2-user/arduino-testlib/cli-datadir/user/libraries/Hello_Drum/src/EEPROM.h:25:10: fatal error: avr/eeprom.h: No such file or directory
 #include &lt;avr/eeprom.h&gt;
          ^~~~~~~~~~~~~~
compilation terminated.
Multiple libraries were found for &#34;EEPROM.h&#34;
  Used: /home/ec2-user/arduino-testlib/cli-datadir/user/libraries/Hello_Drum
  Not used: /home/ec2-user/arduino-testlib/cli-datadir/user/libraries/arduino-NVM
</pre>
					
					<h4>examples/Sensor_TempHumid_SHT7x</h4>
					<p>
						Result: <b>FAIL</b>
					</p>
					<pre class="pre-scrollable">In file included from /home/ec2-user/arduino-testlib/cli-datadir/user/libraries/UARDECS_Library/examples/Sensor_TempHumid_SHT7x/Sensor_TempHumid_SHT7x.ino:99:0:
/home/ec2-user/arduino-testlib/cli-datadir/user/libraries/Hello_Drum/src/EEPROM.h:25:10: fatal error: avr/eeprom.h: No such file or directory
 #include &lt;avr/eeprom.h&gt;
          ^~~~~~~~~~~~~~
compilation terminated.
Multiple libraries were found for &#34;EEPROM.h&#34;
  Used: /home/ec2-user/arduino-testlib/cli-datadir/user/libraries/Hello_Drum
  Not used: /home/ec2-user/arduino-testlib/cli-datadir/user/libraries/arduino-NVM
</pre>
					
					<h4>examples/Sensor_Temp_ADT7410</h4>
					<p>
						Result: <b>FAIL</b>
					</p>
					<pre class="pre-scrollable">In file included from /home/ec2-user/arduino-testlib/cli-datadir/user/libraries/UARDECS_Library/examples/Sensor_Temp_ADT7410/Sensor_Temp_ADT7410.ino:34:0:
/home/ec2-user/arduino-testlib/cli-datadir/user/libraries/Hello_Drum/src/EEPROM.h:25:10: fatal error: avr/eeprom.h: No such file or directory
 #include &lt;avr/eeprom.h&gt;
          ^~~~~~~~~~~~~~
compilation terminated.
Multiple libraries were found for &#34;EEPROM.h&#34;
  Used: /home/ec2-user/arduino-testlib/cli-datadir/user/libraries/Hello_Drum
  Not used: /home/ec2-user/arduino-testlib/cli-datadir/user/libraries/arduino-NVM
</pre>
					
					<h4>examples/Skeleton</h4>
					<p>
						Result: <b>FAIL</b>
					</p>
					<pre class="pre-scrollable">In file included from /home/ec2-user/arduino-testlib/cli-datadir/user/libraries/UARDECS_Library/examples/Skeleton/Skeleton.ino:11:0:
/home/ec2-user/arduino-testlib/cli-datadir/user/libraries/Hello_Drum/src/EEPROM.h:25:10: fatal error: avr/eeprom.h: No such file or directory
 #include &lt;avr/eeprom.h&gt;
          ^~~~~~~~~~~~~~
compilation terminated.
Multiple libraries were found for &#34;EEPROM.h&#34;
  Used: /home/ec2-user/arduino-testlib/cli-datadir/user/libraries/Hello_Drum
  Not used: /home/ec2-user/arduino-testlib/cli-datadir/user/libraries/arduino-NVM
</pre>
					
					<h4>examples/Thermostat</h4>
					<p>
						Result: <b>FAIL</b>
					</p>
					<pre class="pre-scrollable">In file included from /home/ec2-user/arduino-testlib/cli-datadir/user/libraries/UARDECS_Library/examples/Thermostat/Thermostat.ino:19:0:
/home/ec2-user/arduino-testlib/cli-datadir/user/libraries/Hello_Drum/src/EEPROM.h:25:10: fatal error: avr/eeprom.h: No such file or directory
 #include &lt;avr/eeprom.h&gt;
          ^~~~~~~~~~~~~~
compilation terminated.
Multiple libraries were found for &#34;EEPROM.h&#34;
  Used: /home/ec2-user/arduino-testlib/cli-datadir/user/libraries/Hello_Drum
  Not used: /home/ec2-user/arduino-testlib/cli-datadir/user/libraries/arduino-NVM
</pre>
					
					<h4>examples/Thermostat2</h4>
					<p>
						Result: <b>FAIL</b>
					</p>
					<pre class="pre-scrollable">In file included from /home/ec2-user/arduino-testlib/cli-datadir/user/libraries/UARDECS_Library/examples/Thermostat2/Thermostat2.ino:19:0:
/home/ec2-user/arduino-testlib/cli-datadir/user/libraries/Hello_Drum/src/EEPROM.h:25:10: fatal error: avr/eeprom.h: No such file or directory
 #include &lt;avr/eeprom.h&gt;
          ^~~~~~~~~~~~~~
compilation terminated.
Multiple libraries were found for &#34;Ethernet.h&#34;
  Used: /home/ec2-user/arduino-testlib/cli-datadir/user/libraries/Ethernet
  Not used: /home/ec2-user/arduino-testlib/cli-datadir/user/libraries/UIPEthernet
  Not used: /home/ec2-user/arduino-testlib/cli-datadir/user/libraries/EthernetENC
Multiple libraries were found for &#34;EEPROM.h&#34;
  Used: /home/ec2-user/arduino-testlib/cli-datadir/user/libraries/Hello_Drum
  Not used: /home/ec2-user/arduino-testlib/cli-datadir/user/libraries/arduino-NVM
</pre>
					
					<h4>examples/Thermostat_JP</h4>
					<p>
						Result: <b>FAIL</b>
					</p>
					<pre class="pre-scrollable">In file included from /home/ec2-user/arduino-testlib/cli-datadir/user/libraries/UARDECS_Library/examples/Thermostat_JP/Thermostat_JP.ino:18:0:
/home/ec2-user/arduino-testlib/cli-datadir/user/libraries/Hello_Drum/src/EEPROM.h:25:10: fatal error: avr/eeprom.h: No such file or directory
 #include &lt;avr/eeprom.h&gt;
          ^~~~~~~~~~~~~~
compilation terminated.
Multiple libraries were found for &#34;EEPROM.h&#34;
  Used: /home/ec2-user/arduino-testlib/cli-datadir/user/libraries/Hello_Drum
  Not used: /home/ec2-user/arduino-testlib/cli-datadir/user/libraries/arduino-NVM
</pre>
					
				
				<h3 id="esp32:esp32:d1_mini32">esp32:esp32:d1_mini32 @ 1.0.6</h3>
				<h4>Inclusion</h4>
				<p>
					Result: <b>FAIL</b>
					
				</p>
				<pre class="pre-scrollable">In file included from /home/ec2-user/arduino-testlib/cli-datadir/user/libraries/UARDECS_Library/src/Uardecs.cpp:1:0:
/home/ec2-user/arduino-testlib/cli-datadir/user/libraries/UARDECS_Library/src/Uardecs.h:21:26: fatal error: avr/pgmspace.h: No such file or directory
 #include &lt;avr/pgmspace.h&gt;
                          ^
compilation terminated.
Multiple libraries were found for &#34;EEPROM.h&#34;
  Used: /home/ec2-user/arduino-testlib/cli-datadir/data/packages/esp32/hardware/esp32/1.0.6/libraries/EEPROM
  Not used: /home/ec2-user/arduino-testlib/cli-datadir/user/libraries/Hello_Drum
  Not used: /home/ec2-user/arduino-testlib/cli-datadir/user/libraries/arduino-NVM
</pre>

					
					<h4>examples/#ApplicationGuide</h4>
					<p>
						Result: <b>FAIL</b>
					</p>
					<pre class="pre-scrollable"></pre>
					
					<h4>examples/DummyInAirTemp</h4>
					<p>
						Result: <b>FAIL</b>
					</p>
					<pre class="pre-scrollable">/home/ec2-user/arduino-testlib/cli-datadir/user/libraries/UARDECS_Library/examples/DummyInAirTemp/DummyInAirTemp.ino:13:26: fatal error: avr/pgmspace.h: No such file or directory
compilation terminated.

</pre>
					
					<h4>examples/InAirTemp_ADT7410</h4>
					<p>
						Result: <b>FAIL</b>
					</p>
					<pre class="pre-scrollable">/home/ec2-user/arduino-testlib/cli-datadir/user/libraries/UARDECS_Library/examples/InAirTemp_ADT7410/InAirTemp_ADT7410.ino:32:26: fatal error: avr/pgmspace.h: No such file or directory
compilation terminated.
Multiple libraries were found for &#34;Ethernet.h&#34;
  Used: /home/ec2-user/arduino-testlib/cli-datadir/user/libraries/Ethernet
  Not used: /home/ec2-user/arduino-testlib/cli-datadir/user/libraries/UIPEthernet
  Not used: /home/ec2-user/arduino-testlib/cli-datadir/user/libraries/EthernetENC
</pre>
					
					<h4>examples/InAirTemp_SHT7x</h4>
					<p>
						Result: <b>FAIL</b>
					</p>
					<pre class="pre-scrollable">/home/ec2-user/arduino-testlib/cli-datadir/user/libraries/UARDECS_Library/examples/InAirTemp_SHT7x/InAirTemp_SHT7x.ino:97:26: fatal error: avr/pgmspace.h: No such file or directory
compilation terminated.
Multiple libraries were found for &#34;Ethernet.h&#34;
  Used: /home/ec2-user/arduino-testlib/cli-datadir/user/libraries/Ethernet
  Not used: /home/ec2-user/arduino-testlib/cli-datadir/user/libraries/UIPEthernet
  Not used: /home/ec2-user/arduino-testlib/cli-datadir/user/libraries/EthernetENC
</pre>
					
					<h4>examples/LCD_AQM1602</h4>
					<p>
						Result: <b>FAIL</b>
					</p>
					<pre class="pre-scrollable">/home/ec2-user/arduino-testlib/cli-datadir/user/libraries/UARDECS_Library/examples/LCD_AQM1602/LCD_AQM1602.ino:25:26: fatal error: avr/pgmspace.h: No such file or directory
compilation terminated.

</pre>
					
					<h4>examples/Sensor_CO2_S300I2C</h4>
					<p>
						Result: <b>FAIL</b>
					</p>
					<pre class="pre-scrollable">/home/ec2-user/arduino-testlib/cli-datadir/user/libraries/UARDECS_Library/examples/Sensor_CO2_S300I2C/Sensor_CO2_S300I2C.ino:32:26: fatal error: avr/pgmspace.h: No such file or directory
compilation terminated.

</pre>
					
					<h4>examples/Sensor_TempHumid_SHT2x</h4>
					<p>
						Result: <b>FAIL</b>
					</p>
					<pre class="pre-scrollable">/home/ec2-user/arduino-testlib/cli-datadir/user/libraries/UARDECS_Library/examples/Sensor_TempHumid_SHT2x/Sensor_TempHumid_SHT2x.ino:37:26: fatal error: avr/pgmspace.h: No such file or directory
compilation terminated.

</pre>
					
					<h4>examples/Sensor_TempHumid_SHT3x</h4>
					<p>
						Result: <b>FAIL</b>
					</p>
					<pre class="pre-scrollable">/home/ec2-user/arduino-testlib/cli-datadir/user/libraries/UARDECS_Library/examples/Sensor_TempHumid_SHT3x/Sensor_TempHumid_SHT3x.ino:29:26: fatal error: avr/pgmspace.h: No such file or directory
compilation terminated.

</pre>
					
					<h4>examples/Sensor_TempHumid_SHT7x</h4>
					<p>
						Result: <b>FAIL</b>
					</p>
					<pre class="pre-scrollable">/home/ec2-user/arduino-testlib/cli-datadir/user/libraries/UARDECS_Library/examples/Sensor_TempHumid_SHT7x/Sensor_TempHumid_SHT7x.ino:98:26: fatal error: avr/pgmspace.h: No such file or directory
compilation terminated.

</pre>
					
					<h4>examples/Sensor_Temp_ADT7410</h4>
					<p>
						Result: <b>FAIL</b>
					</p>
					<pre class="pre-scrollable">/home/ec2-user/arduino-testlib/cli-datadir/user/libraries/UARDECS_Library/examples/Sensor_Temp_ADT7410/Sensor_Temp_ADT7410.ino:33:26: fatal error: avr/pgmspace.h: No such file or directory
compilation terminated.

</pre>
					
					<h4>examples/Skeleton</h4>
					<p>
						Result: <b>FAIL</b>
					</p>
					<pre class="pre-scrollable">/home/ec2-user/arduino-testlib/cli-datadir/user/libraries/UARDECS_Library/examples/Skeleton/Skeleton.ino:10:26: fatal error: avr/pgmspace.h: No such file or directory
 #include &lt;avr/pgmspace.h&gt;
                          ^
compilation terminated.

</pre>
					
					<h4>examples/Thermostat</h4>
					<p>
						Result: <b>FAIL</b>
					</p>
					<pre class="pre-scrollable">/home/ec2-user/arduino-testlib/cli-datadir/user/libraries/UARDECS_Library/examples/Thermostat/Thermostat.ino:18:26: fatal error: avr/pgmspace.h: No such file or directory
 #include &lt;avr/pgmspace.h&gt;
                          ^
compilation terminated.

</pre>
					
					<h4>examples/Thermostat2</h4>
					<p>
						Result: <b>FAIL</b>
					</p>
					<pre class="pre-scrollable">/home/ec2-user/arduino-testlib/cli-datadir/user/libraries/UARDECS_Library/examples/Thermostat2/Thermostat2.ino:18:26: fatal error: avr/pgmspace.h: No such file or directory
compilation terminated.
Multiple libraries were found for &#34;Ethernet.h&#34;
  Used: /home/ec2-user/arduino-testlib/cli-datadir/user/libraries/Ethernet
  Not used: /home/ec2-user/arduino-testlib/cli-datadir/user/libraries/UIPEthernet
  Not used: /home/ec2-user/arduino-testlib/cli-datadir/user/libraries/EthernetENC
</pre>
					
					<h4>examples/Thermostat_JP</h4>
					<p>
						Result: <b>FAIL</b>
					</p>
					<pre class="pre-scrollable">/home/ec2-user/arduino-testlib/cli-datadir/user/libraries/UARDECS_Library/examples/Thermostat_JP/Thermostat_JP.ino:17:26: fatal error: avr/pgmspace.h: No such file or directory
compilation terminated.

</pre>
					
				
			</div>
		</div>
	</div>
  </body>
</html>
