
<!doctype html>
<html lang="en">
  <head>
    <meta charset="utf-8">
    <meta name="viewport" content="width=device-width, initial-scale=1">
    <link href="https://cdn.jsdelivr.net/npm/bootstrap@5.0.2/dist/css/bootstrap.min.css" rel="stylesheet" integrity="sha384-EVSTQN3/azprG1Anm3QDgpJLIm9Nao0Yz1ztcQTwFspd3yD65VohhpuuCOmLASjC" crossorigin="anonymous">
    <title>arduino-testlib report</title>
	<style>
	.pass { background-color: #00FF00 !important; }
	.fail { background-color: #FF0000 !important; }
	</style>
  </head>
  <body>
	<div class="container">
		<div class="row">
			<div class="col">
				<h1>Ucglib - compatibility matrix</h1>
				<p>
					<small>This report was generated on Wednesday, 23-Feb-22 22:48:15 CET using 
					<a href="https://github.com/alranel/arduino-testlib">arduino-testlib</a>.</small>
				</p>

				<h2>Ucglib</h2>
				<p>
					Version: <b>1.5.2</b>
					<br />
					<a href="https://www.arduino.cc/reference/en/libraries/ucglib/">More details</a>
				</p>

				<h2>Compatibility matrix</h2>
				<table class="table table-bordered">
					<tr>
						<th>Board</th>
						<th>Claims compatibility</th>
						<th>Inclusion</th>
						
						<th><pre>HelloWorld</pre></th>
						
						<th><pre>HowToUseFonts</pre></th>
						
						<th><pre>PowerDown</pre></th>
						
						<th><pre>Scale</pre></th>
						
						<th><pre>UcgLogo</pre></th>
						
						<th><pre>Box3D</pre></th>
						
						<th><pre>FPS</pre></th>
						
						<th><pre>GraphicsTest</pre></th>
						
					</tr>
					
					<tr>
						<td>
							<a href="#arduino%3aavr%3auno"><b>arduino:avr:uno</b></a>
							<br />
							<small>1.8.4</small>
						</td>

						
							<td>Yes</td>
							<td class="pass">PASS</td>
						
						
						
						

						
							
								
									
										
									
										
									
										
									
										
											
											<td class="fail">FAIL</td>
										
									
										
									
										
									
										
									
										
									
								
							
								
							
								
							
								
							
								
							
						
							
								
									
										
									
										
									
										
									
										
									
										
											
											<td class="fail">FAIL</td>
										
									
										
									
										
									
										
									
								
							
								
							
								
							
								
							
								
							
						
							
								
									
										
									
										
									
										
									
										
									
										
									
										
											
											<td class="fail">FAIL</td>
										
									
										
									
										
									
								
							
								
							
								
							
								
							
								
							
						
							
								
									
										
									
										
									
										
									
										
									
										
									
										
									
										
											
											<td class="fail">FAIL</td>
										
									
										
									
								
							
								
							
								
							
								
							
								
							
						
							
								
									
										
									
										
									
										
									
										
									
										
									
										
									
										
									
										
											
											<td class="fail">FAIL</td>
										
									
								
							
								
							
								
							
								
							
								
							
						
							
								
									
										
											
											<td class="fail">FAIL</td>
										
									
										
									
										
									
										
									
										
									
										
									
										
									
										
									
								
							
								
							
								
							
								
							
								
							
						
							
								
									
										
									
										
											
											<td class="fail">FAIL</td>
										
									
										
									
										
									
										
									
										
									
										
									
										
									
								
							
								
							
								
							
								
							
								
							
						
							
								
									
										
									
										
									
										
											
											<td class="fail">FAIL</td>
										
									
										
									
										
									
										
									
										
									
										
									
								
							
								
							
								
							
								
							
								
							
						
					</tr>
					
					<tr>
						<td>
							<a href="#arduino%3ambed_nano%3ananorp2040connect"><b>arduino:mbed_nano:nanorp2040connect</b></a>
							<br />
							<small>2.7.2</small>
						</td>

						
						
						
							<td>Yes ⚠️</td>
							<td class="fail">FAIL</td>
						
						

						
							
								
							
								
									
										
									
										
									
										
									
										
											
											<td class="fail">FAIL</td>
										
									
										
									
										
									
										
									
										
									
								
							
								
							
								
							
								
							
						
							
								
							
								
									
										
									
										
									
										
									
										
									
										
											
											<td class="fail">FAIL</td>
										
									
										
									
										
									
										
									
								
							
								
							
								
							
								
							
						
							
								
							
								
									
										
									
										
									
										
									
										
									
										
									
										
											
											<td class="fail">FAIL</td>
										
									
										
									
										
									
								
							
								
							
								
							
								
							
						
							
								
							
								
									
										
									
										
									
										
									
										
									
										
									
										
									
										
											
											<td class="fail">FAIL</td>
										
									
										
									
								
							
								
							
								
							
								
							
						
							
								
							
								
									
										
									
										
									
										
									
										
									
										
									
										
									
										
									
										
											
											<td class="fail">FAIL</td>
										
									
								
							
								
							
								
							
								
							
						
							
								
							
								
									
										
											
											<td class="fail">FAIL</td>
										
									
										
									
										
									
										
									
										
									
										
									
										
									
										
									
								
							
								
							
								
							
								
							
						
							
								
							
								
									
										
									
										
											
											<td class="fail">FAIL</td>
										
									
										
									
										
									
										
									
										
									
										
									
										
									
								
							
								
							
								
							
								
							
						
							
								
							
								
									
										
									
										
									
										
											
											<td class="fail">FAIL</td>
										
									
										
									
										
									
										
									
										
									
										
									
								
							
								
							
								
							
								
							
						
					</tr>
					
					<tr>
						<td>
							<a href="#arduino%3amegaavr%3anona4809"><b>arduino:megaavr:nona4809</b></a>
							<br />
							<small>1.8.7</small>
						</td>

						
							<td>Yes</td>
							<td class="pass">PASS</td>
						
						
						
						

						
							
								
							
								
							
								
									
										
									
										
									
										
									
										
											
											<td class="fail">FAIL</td>
										
									
										
									
										
									
										
									
										
									
								
							
								
							
								
							
						
							
								
							
								
							
								
									
										
									
										
									
										
									
										
									
										
											
											<td class="fail">FAIL</td>
										
									
										
									
										
									
										
									
								
							
								
							
								
							
						
							
								
							
								
							
								
									
										
									
										
									
										
									
										
									
										
									
										
											
											<td class="fail">FAIL</td>
										
									
										
									
										
									
								
							
								
							
								
							
						
							
								
							
								
							
								
									
										
									
										
									
										
									
										
									
										
									
										
									
										
											
											<td class="fail">FAIL</td>
										
									
										
									
								
							
								
							
								
							
						
							
								
							
								
							
								
									
										
									
										
									
										
									
										
									
										
									
										
									
										
									
										
											
											<td class="fail">FAIL</td>
										
									
								
							
								
							
								
							
						
							
								
							
								
							
								
									
										
											
											<td class="fail">FAIL</td>
										
									
										
									
										
									
										
									
										
									
										
									
										
									
										
									
								
							
								
							
								
							
						
							
								
							
								
							
								
									
										
									
										
											
											<td class="fail">FAIL</td>
										
									
										
									
										
									
										
									
										
									
										
									
										
									
								
							
								
							
								
							
						
							
								
							
								
							
								
									
										
									
										
									
										
											
											<td class="fail">FAIL</td>
										
									
										
									
										
									
										
									
										
									
										
									
								
							
								
							
								
							
						
					</tr>
					
					<tr>
						<td>
							<a href="#arduino%3asamd%3amkrwifi1010"><b>arduino:samd:mkrwifi1010</b></a>
							<br />
							<small>1.8.12</small>
						</td>

						
							<td>Yes</td>
							<td class="pass">PASS</td>
						
						
						
						

						
							
								
							
								
							
								
							
								
									
										
									
										
									
										
									
										
											
											<td class="fail">FAIL</td>
										
									
										
									
										
									
										
									
										
									
								
							
								
							
						
							
								
							
								
							
								
							
								
									
										
									
										
									
										
									
										
									
										
											
											<td class="fail">FAIL</td>
										
									
										
									
										
									
										
									
								
							
								
							
						
							
								
							
								
							
								
							
								
									
										
									
										
									
										
									
										
									
										
									
										
											
											<td class="fail">FAIL</td>
										
									
										
									
										
									
								
							
								
							
						
							
								
							
								
							
								
							
								
									
										
									
										
									
										
									
										
									
										
									
										
									
										
											
											<td class="fail">FAIL</td>
										
									
										
									
								
							
								
							
						
							
								
							
								
							
								
							
								
									
										
									
										
									
										
									
										
									
										
									
										
									
										
									
										
											
											<td class="fail">FAIL</td>
										
									
								
							
								
							
						
							
								
							
								
							
								
							
								
									
										
											
											<td class="fail">FAIL</td>
										
									
										
									
										
									
										
									
										
									
										
									
										
									
										
									
								
							
								
							
						
							
								
							
								
							
								
							
								
									
										
									
										
											
											<td class="fail">FAIL</td>
										
									
										
									
										
									
										
									
										
									
										
									
										
									
								
							
								
							
						
							
								
							
								
							
								
							
								
									
										
									
										
									
										
											
											<td class="fail">FAIL</td>
										
									
										
									
										
									
										
									
										
									
										
									
								
							
								
							
						
					</tr>
					
					<tr>
						<td>
							<a href="#esp32%3aesp32%3ad1_mini32"><b>esp32:esp32:d1_mini32</b></a>
							<br />
							<small>1.0.6</small>
						</td>

						
							<td>Yes</td>
							<td class="pass">PASS</td>
						
						
						
						

						
							
								
							
								
							
								
							
								
							
								
									
										
									
										
									
										
									
										
											
											<td class="fail">FAIL</td>
										
									
										
									
										
									
										
									
										
									
								
							
						
							
								
							
								
							
								
							
								
							
								
									
										
									
										
									
										
									
										
									
										
											
											<td class="fail">FAIL</td>
										
									
										
									
										
									
										
									
								
							
						
							
								
							
								
							
								
							
								
							
								
									
										
									
										
									
										
									
										
									
										
									
										
											
											<td class="fail">FAIL</td>
										
									
										
									
										
									
								
							
						
							
								
							
								
							
								
							
								
							
								
									
										
									
										
									
										
									
										
									
										
									
										
									
										
											
											<td class="fail">FAIL</td>
										
									
										
									
								
							
						
							
								
							
								
							
								
							
								
							
								
									
										
									
										
									
										
									
										
									
										
									
										
									
										
									
										
											
											<td class="fail">FAIL</td>
										
									
								
							
						
							
								
							
								
							
								
							
								
							
								
									
										
											
											<td class="fail">FAIL</td>
										
									
										
									
										
									
										
									
										
									
										
									
										
									
										
									
								
							
						
							
								
							
								
							
								
							
								
							
								
									
										
									
										
											
											<td class="fail">FAIL</td>
										
									
										
									
										
									
										
									
										
									
										
									
										
									
								
							
						
							
								
							
								
							
								
							
								
							
								
									
										
									
										
									
										
											
											<td class="fail">FAIL</td>
										
									
										
									
										
									
										
									
										
									
										
									
								
							
						
					</tr>
					
				</table>

				<h2>Compilation logs</h2>
				
				<h3 id="arduino:avr:uno">arduino:avr:uno @ 1.8.4</h3>
				<h4>Inclusion</h4>
				<p>
					Result: <b>PASS</b>
					
				</p>
				<pre class="pre-scrollable">Sketch uses 444 bytes (1%) of program storage space. Maximum is 32256 bytes.
Global variables use 9 bytes (0%) of dynamic memory, leaving 2039 bytes for local variables. Maximum is 2048 bytes.
</pre>

					
					<h4>examples/Box3D</h4>
					<p>
						Result: <b>FAIL</b>
					</p>
					<pre class="pre-scrollable">/home/ec2-user/arduino-testlib/cli-datadir/user/libraries/Ucglib/examples/Box3D/Box3D.ino: In function &#39;void convert_3d_to_2d(pt3d*, pt2d*)&#39;:
/home/ec2-user/arduino-testlib/cli-datadir/user/libraries/Ucglib/examples/Box3D/Box3D.ino:114:13: error: &#39;ucg&#39; was not declared in this scope
 #define MX (ucg.getWidth()/2)
             ^
/home/ec2-user/arduino-testlib/cli-datadir/user/libraries/Ucglib/examples/Box3D/Box3D.ino:237:16: note: in expansion of macro &#39;MX&#39;
     if ( t &gt;= -MX &amp;&amp; t &lt;= MX-1 )
                ^~
/home/ec2-user/arduino-testlib/cli-datadir/user/libraries/Ucglib/examples/Box3D/Box3D.ino:114:13: note: suggested alternative: &#39;ucg_t&#39;
 #define MX (ucg.getWidth()/2)
             ^
/home/ec2-user/arduino-testlib/cli-datadir/user/libraries/Ucglib/examples/Box3D/Box3D.ino:237:16: note: in expansion of macro &#39;MX&#39;
     if ( t &gt;= -MX &amp;&amp; t &lt;= MX-1 )
                ^~
/home/ec2-user/arduino-testlib/cli-datadir/user/libraries/Ucglib/examples/Box3D/Box3D.ino: In function &#39;void draw_cube()&#39;:
/home/ec2-user/arduino-testlib/cli-datadir/user/libraries/Ucglib/examples/Box3D/Box3D.ino:341:7: error: &#39;ucg&#39; was not declared in this scope
       ucg.setColor(0, ((ii&#43;1)&amp;1)*255,(((ii&#43;1)&gt;&gt;1)&amp;1)*255,(((ii&#43;1)&gt;&gt;2)&amp;1)*255);
       ^~~
/home/ec2-user/arduino-testlib/cli-datadir/user/libraries/Ucglib/examples/Box3D/Box3D.ino:341:7: note: suggested alternative: &#39;ucg_t&#39;
       ucg.setColor(0, ((ii&#43;1)&amp;1)*255,(((ii&#43;1)&gt;&gt;1)&amp;1)*255,(((ii&#43;1)&gt;&gt;2)&amp;1)*255);
       ^~~
       ucg_t
/home/ec2-user/arduino-testlib/cli-datadir/user/libraries/Ucglib/examples/Box3D/Box3D.ino: In function &#39;void setup()&#39;:
/home/ec2-user/arduino-testlib/cli-datadir/user/libraries/Ucglib/examples/Box3D/Box3D.ino:368:3: error: &#39;ucg&#39; was not declared in this scope
   ucg.begin(UCG_FONT_MODE_TRANSPARENT);
   ^~~
/home/ec2-user/arduino-testlib/cli-datadir/user/libraries/Ucglib/examples/Box3D/Box3D.ino:368:3: note: suggested alternative: &#39;ucg_t&#39;
   ucg.begin(UCG_FONT_MODE_TRANSPARENT);
   ^~~
   ucg_t
/home/ec2-user/arduino-testlib/cli-datadir/user/libraries/Ucglib/examples/Box3D/Box3D.ino: In function &#39;void loop()&#39;:
/home/ec2-user/arduino-testlib/cli-datadir/user/libraries/Ucglib/examples/Box3D/Box3D.ino:392:3: error: &#39;ucg&#39; was not declared in this scope
   ucg.setColor(0,0,0);
   ^~~
/home/ec2-user/arduino-testlib/cli-datadir/user/libraries/Ucglib/examples/Box3D/Box3D.ino:392:3: note: suggested alternative: &#39;ucg_t&#39;
   ucg.setColor(0,0,0);
   ^~~
   ucg_t

</pre>
					
					<h4>examples/FPS</h4>
					<p>
						Result: <b>FAIL</b>
					</p>
					<pre class="pre-scrollable">/home/ec2-user/arduino-testlib/cli-datadir/user/libraries/Ucglib/examples/FPS/FPS.ino: In function &#39;void setup()&#39;:
/home/ec2-user/arduino-testlib/cli-datadir/user/libraries/Ucglib/examples/FPS/FPS.ino:146:3: error: &#39;ucg&#39; was not declared in this scope
   ucg.begin(UCG_FONT_MODE_TRANSPARENT);
   ^~~
/home/ec2-user/arduino-testlib/cli-datadir/user/libraries/Ucglib/examples/FPS/FPS.ino: In function &#39;void draw_text()&#39;:
/home/ec2-user/arduino-testlib/cli-datadir/user/libraries/Ucglib/examples/FPS/FPS.ino:176:3: error: &#39;ucg&#39; was not declared in this scope
   ucg.setFont(ucg_font_ncenR14_tr);
   ^~~
/home/ec2-user/arduino-testlib/cli-datadir/user/libraries/Ucglib/examples/FPS/FPS.ino: In function &#39;void draw_box()&#39;:
/home/ec2-user/arduino-testlib/cli-datadir/user/libraries/Ucglib/examples/FPS/FPS.ino:189:3: error: &#39;ucg&#39; was not declared in this scope
   ucg.setColor(lcg_rnd(),lcg_rnd(),lcg_rnd());
   ^~~
/home/ec2-user/arduino-testlib/cli-datadir/user/libraries/Ucglib/examples/FPS/FPS.ino: In function &#39;void draw_gradient_box()&#39;:
/home/ec2-user/arduino-testlib/cli-datadir/user/libraries/Ucglib/examples/FPS/FPS.ino:204:13: error: &#39;ucg&#39; was not declared in this scope
     case 0: ucg.setColor(0, lcg_rnd(),lcg_rnd(),lcg_rnd()); break;
             ^~~
/home/ec2-user/arduino-testlib/cli-datadir/user/libraries/Ucglib/examples/FPS/FPS.ino:216:3: error: &#39;ucg&#39; was not declared in this scope
   ucg.drawGradientBox(x,y,w, h);
   ^~~
/home/ec2-user/arduino-testlib/cli-datadir/user/libraries/Ucglib/examples/FPS/FPS.ino: In function &#39;uint16_t measure(void (*)())&#39;:
/home/ec2-user/arduino-testlib/cli-datadir/user/libraries/Ucglib/examples/FPS/FPS.ino:225:3: error: &#39;ucg&#39; was not declared in this scope
   ucg.clearScreen();
   ^~~
/home/ec2-user/arduino-testlib/cli-datadir/user/libraries/Ucglib/examples/FPS/FPS.ino: In function &#39;void show_result(const char*, uint16_t)&#39;:
/home/ec2-user/arduino-testlib/cli-datadir/user/libraries/Ucglib/examples/FPS/FPS.ino:276:3: error: &#39;ucg&#39; was not declared in this scope
   ucg.clearScreen();
   ^~~

</pre>
					
					<h4>examples/GraphicsTest</h4>
					<p>
						Result: <b>FAIL</b>
					</p>
					<pre class="pre-scrollable">/home/ec2-user/arduino-testlib/cli-datadir/user/libraries/Ucglib/examples/GraphicsTest/GraphicsTest.ino: In function &#39;void ucglib_graphics_test()&#39;:
/home/ec2-user/arduino-testlib/cli-datadir/user/libraries/Ucglib/examples/GraphicsTest/GraphicsTest.ino:118:3: error: &#39;ucg&#39; was not declared in this scope
   ucg.setColor(0, 0, 40, 80);
   ^~~
/home/ec2-user/arduino-testlib/cli-datadir/user/libraries/Ucglib/examples/GraphicsTest/GraphicsTest.ino:118:3: note: suggested alternative: &#39;ucg_t&#39;
   ucg.setColor(0, 0, 40, 80);
   ^~~
   ucg_t
/home/ec2-user/arduino-testlib/cli-datadir/user/libraries/Ucglib/examples/GraphicsTest/GraphicsTest.ino: In function &#39;void gradient()&#39;:
/home/ec2-user/arduino-testlib/cli-datadir/user/libraries/Ucglib/examples/GraphicsTest/GraphicsTest.ino:137:3: error: &#39;ucg&#39; was not declared in this scope
   ucg.setColor(0, 0, 255, 0);
   ^~~
/home/ec2-user/arduino-testlib/cli-datadir/user/libraries/Ucglib/examples/GraphicsTest/GraphicsTest.ino:137:3: note: suggested alternative: &#39;ucg_t&#39;
   ucg.setColor(0, 0, 255, 0);
   ^~~
   ucg_t
/home/ec2-user/arduino-testlib/cli-datadir/user/libraries/Ucglib/examples/GraphicsTest/GraphicsTest.ino: In function &#39;void box()&#39;:
/home/ec2-user/arduino-testlib/cli-datadir/user/libraries/Ucglib/examples/GraphicsTest/GraphicsTest.ino:169:3: error: &#39;ucg&#39; was not declared in this scope
   ucg.setColor(0, 0, 40, 80);
   ^~~
/home/ec2-user/arduino-testlib/cli-datadir/user/libraries/Ucglib/examples/GraphicsTest/GraphicsTest.ino:169:3: note: suggested alternative: &#39;ucg_t&#39;
   ucg.setColor(0, 0, 40, 80);
   ^~~
   ucg_t
/home/ec2-user/arduino-testlib/cli-datadir/user/libraries/Ucglib/examples/GraphicsTest/GraphicsTest.ino: In function &#39;void pixel_and_lines()&#39;:
/home/ec2-user/arduino-testlib/cli-datadir/user/libraries/Ucglib/examples/GraphicsTest/GraphicsTest.ino:201:8: error: &#39;ucg&#39; was not declared in this scope
   mx = ucg.getWidth() / 2;
        ^~~
/home/ec2-user/arduino-testlib/cli-datadir/user/libraries/Ucglib/examples/GraphicsTest/GraphicsTest.ino:201:8: note: suggested alternative: &#39;ucg_t&#39;
   mx = ucg.getWidth() / 2;
        ^~~
        ucg_t
/home/ec2-user/arduino-testlib/cli-datadir/user/libraries/Ucglib/examples/GraphicsTest/GraphicsTest.ino: In function &#39;void color_test()&#39;:
/home/ec2-user/arduino-testlib/cli-datadir/user/libraries/Ucglib/examples/GraphicsTest/GraphicsTest.ino:239:8: error: &#39;ucg&#39; was not declared in this scope
   mx = ucg.getWidth() / 2;
        ^~~
/home/ec2-user/arduino-testlib/cli-datadir/user/libraries/Ucglib/examples/GraphicsTest/GraphicsTest.ino:239:8: note: suggested alternative: &#39;ucg_t&#39;
   mx = ucg.getWidth() / 2;
        ^~~
        ucg_t
/home/ec2-user/arduino-testlib/cli-datadir/user/libraries/Ucglib/examples/GraphicsTest/GraphicsTest.ino: In function &#39;void cross()&#39;:
/home/ec2-user/arduino-testlib/cli-datadir/user/libraries/Ucglib/examples/GraphicsTest/GraphicsTest.ino:276:3: error: &#39;ucg&#39; was not declared in this scope
   ucg.setColor(0, 250, 0, 0);
   ^~~
/home/ec2-user/arduino-testlib/cli-datadir/user/libraries/Ucglib/examples/GraphicsTest/GraphicsTest.ino:276:3: note: suggested alternative: &#39;ucg_t&#39;
   ucg.setColor(0, 250, 0, 0);
   ^~~
   ucg_t
/home/ec2-user/arduino-testlib/cli-datadir/user/libraries/Ucglib/examples/GraphicsTest/GraphicsTest.ino: In function &#39;void triangle()&#39;:
/home/ec2-user/arduino-testlib/cli-datadir/user/libraries/Ucglib/examples/GraphicsTest/GraphicsTest.ino:325:3: error: &#39;ucg&#39; was not declared in this scope
   ucg.setColor(0, 0, 80, 20);
   ^~~
/home/ec2-user/arduino-testlib/cli-datadir/user/libraries/Ucglib/examples/GraphicsTest/GraphicsTest.ino:325:3: note: suggested alternative: &#39;ucg_t&#39;
   ucg.setColor(0, 0, 80, 20);
   ^~~
   ucg_t
/home/ec2-user/arduino-testlib/cli-datadir/user/libraries/Ucglib/examples/GraphicsTest/GraphicsTest.ino: In function &#39;void text()&#39;:
/home/ec2-user/arduino-testlib/cli-datadir/user/libraries/Ucglib/examples/GraphicsTest/GraphicsTest.ino:359:3: error: &#39;ucg&#39; was not declared in this scope
   ucg.setColor(0, 80, 40, 0);
   ^~~
/home/ec2-user/arduino-testlib/cli-datadir/user/libraries/Ucglib/examples/GraphicsTest/GraphicsTest.ino:359:3: note: suggested alternative: &#39;ucg_t&#39;
   ucg.setColor(0, 80, 40, 0);
   ^~~
   ucg_t
/home/ec2-user/arduino-testlib/cli-datadir/user/libraries/Ucglib/examples/GraphicsTest/GraphicsTest.ino: In function &#39;void fonts()&#39;:
/home/ec2-user/arduino-testlib/cli-datadir/user/libraries/Ucglib/examples/GraphicsTest/GraphicsTest.ino:392:3: error: &#39;ucg&#39; was not declared in this scope
   ucg.setColor(0, 0, 40, 80);
   ^~~
/home/ec2-user/arduino-testlib/cli-datadir/user/libraries/Ucglib/examples/GraphicsTest/GraphicsTest.ino:392:3: note: suggested alternative: &#39;ucg_t&#39;
   ucg.setColor(0, 0, 40, 80);
   ^~~
   ucg_t
/home/ec2-user/arduino-testlib/cli-datadir/user/libraries/Ucglib/examples/GraphicsTest/GraphicsTest.ino: In function &#39;void clip()&#39;:
/home/ec2-user/arduino-testlib/cli-datadir/user/libraries/Ucglib/examples/GraphicsTest/GraphicsTest.ino:450:3: error: &#39;ucg&#39; was not declared in this scope
   ucg.setColor(0, 0x00, 0xd1, 0x5e);  // dark green
   ^~~
/home/ec2-user/arduino-testlib/cli-datadir/user/libraries/Ucglib/examples/GraphicsTest/GraphicsTest.ino:450:3: note: suggested alternative: &#39;ucg_t&#39;
   ucg.setColor(0, 0x00, 0xd1, 0x5e);  // dark green
   ^~~
   ucg_t
/home/ec2-user/arduino-testlib/cli-datadir/user/libraries/Ucglib/examples/GraphicsTest/GraphicsTest.ino: In function &#39;void setup()&#39;:
/home/ec2-user/arduino-testlib/cli-datadir/user/libraries/Ucglib/examples/GraphicsTest/GraphicsTest.ino:532:3: error: &#39;ucg&#39; was not declared in this scope
   ucg.begin(UCG_FONT_MODE_TRANSPARENT);
   ^~~
/home/ec2-user/arduino-testlib/cli-datadir/user/libraries/Ucglib/examples/GraphicsTest/GraphicsTest.ino:532:3: note: suggested alternative: &#39;ucg_t&#39;
   ucg.begin(UCG_FONT_MODE_TRANSPARENT);
   ^~~
   ucg_t
/home/ec2-user/arduino-testlib/cli-datadir/user/libraries/Ucglib/examples/GraphicsTest/GraphicsTest.ino: In function &#39;void set_clip_range()&#39;:
/home/ec2-user/arduino-testlib/cli-datadir/user/libraries/Ucglib/examples/GraphicsTest/GraphicsTest.ino:544:19: error: &#39;ucg&#39; was not declared in this scope
   x = (lcg_rnd()*(ucg.getWidth()-w))&gt;&gt;8;
                   ^~~
/home/ec2-user/arduino-testlib/cli-datadir/user/libraries/Ucglib/examples/GraphicsTest/GraphicsTest.ino:544:19: note: suggested alternative: &#39;ucg_t&#39;
   x = (lcg_rnd()*(ucg.getWidth()-w))&gt;&gt;8;
                   ^~~
                   ucg_t
/home/ec2-user/arduino-testlib/cli-datadir/user/libraries/Ucglib/examples/GraphicsTest/GraphicsTest.ino: In function &#39;void loop()&#39;:
/home/ec2-user/arduino-testlib/cli-datadir/user/libraries/Ucglib/examples/GraphicsTest/GraphicsTest.ino:556:13: error: &#39;ucg&#39; was not declared in this scope
     case 0: ucg.undoRotate(); break;
             ^~~
/home/ec2-user/arduino-testlib/cli-datadir/user/libraries/Ucglib/examples/GraphicsTest/GraphicsTest.ino:556:13: note: suggested alternative: &#39;ucg_t&#39;
     case 0: ucg.undoRotate(); break;
             ^~~
             ucg_t
/home/ec2-user/arduino-testlib/cli-datadir/user/libraries/Ucglib/examples/GraphicsTest/GraphicsTest.ino:564:5: error: &#39;ucg&#39; was not declared in this scope
     ucg.clearScreen();
     ^~~
/home/ec2-user/arduino-testlib/cli-datadir/user/libraries/Ucglib/examples/GraphicsTest/GraphicsTest.ino:564:5: note: suggested alternative: &#39;ucg_t&#39;
     ucg.clearScreen();
     ^~~
     ucg_t
/home/ec2-user/arduino-testlib/cli-datadir/user/libraries/Ucglib/examples/GraphicsTest/GraphicsTest.ino:582:3: error: &#39;ucg&#39; was not declared in this scope
   ucg.setMaxClipRange();
   ^~~
/home/ec2-user/arduino-testlib/cli-datadir/user/libraries/Ucglib/examples/GraphicsTest/GraphicsTest.ino:582:3: note: suggested alternative: &#39;ucg_t&#39;
   ucg.setMaxClipRange();
   ^~~
   ucg_t

</pre>
					
					<h4>examples/HelloWorld</h4>
					<p>
						Result: <b>FAIL</b>
					</p>
					<pre class="pre-scrollable">/home/ec2-user/arduino-testlib/cli-datadir/user/libraries/Ucglib/examples/HelloWorld/HelloWorld.ino: In function &#39;void setup()&#39;:
/home/ec2-user/arduino-testlib/cli-datadir/user/libraries/Ucglib/examples/HelloWorld/HelloWorld.ino:105:3: error: &#39;ucg&#39; was not declared in this scope
   ucg.begin(UCG_FONT_MODE_TRANSPARENT);
   ^~~
/home/ec2-user/arduino-testlib/cli-datadir/user/libraries/Ucglib/examples/HelloWorld/HelloWorld.ino:105:3: note: suggested alternative: &#39;ucg_t&#39;
   ucg.begin(UCG_FONT_MODE_TRANSPARENT);
   ^~~
   ucg_t
/home/ec2-user/arduino-testlib/cli-datadir/user/libraries/Ucglib/examples/HelloWorld/HelloWorld.ino: In function &#39;void loop()&#39;:
/home/ec2-user/arduino-testlib/cli-datadir/user/libraries/Ucglib/examples/HelloWorld/HelloWorld.ino:113:3: error: &#39;ucg&#39; was not declared in this scope
   ucg.setFont(ucg_font_ncenR12_tr);
   ^~~
/home/ec2-user/arduino-testlib/cli-datadir/user/libraries/Ucglib/examples/HelloWorld/HelloWorld.ino:113:3: note: suggested alternative: &#39;ucg_t&#39;
   ucg.setFont(ucg_font_ncenR12_tr);
   ^~~
   ucg_t

</pre>
					
					<h4>examples/HowToUseFonts</h4>
					<p>
						Result: <b>FAIL</b>
					</p>
					<pre class="pre-scrollable">/home/ec2-user/arduino-testlib/cli-datadir/user/libraries/Ucglib/examples/HowToUseFonts/HowToUseFonts.ino: In function &#39;void setup()&#39;:
/home/ec2-user/arduino-testlib/cli-datadir/user/libraries/Ucglib/examples/HowToUseFonts/HowToUseFonts.ino:122:3: error: &#39;ucg&#39; was not declared in this scope
   ucg.begin(UCG_FONT_MODE_TRANSPARENT);
   ^~~
/home/ec2-user/arduino-testlib/cli-datadir/user/libraries/Ucglib/examples/HowToUseFonts/HowToUseFonts.ino:122:3: note: suggested alternative: &#39;ucg_t&#39;
   ucg.begin(UCG_FONT_MODE_TRANSPARENT);
   ^~~
   ucg_t
/home/ec2-user/arduino-testlib/cli-datadir/user/libraries/Ucglib/examples/HowToUseFonts/HowToUseFonts.ino: In function &#39;void loop()&#39;:
/home/ec2-user/arduino-testlib/cli-datadir/user/libraries/Ucglib/examples/HowToUseFonts/HowToUseFonts.ino:142:3: error: &#39;ucg&#39; was not declared in this scope
   ucg.setColor(0, 255, 255, 255);  // use white as main color for the font
   ^~~
/home/ec2-user/arduino-testlib/cli-datadir/user/libraries/Ucglib/examples/HowToUseFonts/HowToUseFonts.ino:142:3: note: suggested alternative: &#39;ucg_t&#39;
   ucg.setColor(0, 255, 255, 255);  // use white as main color for the font
   ^~~
   ucg_t

</pre>
					
					<h4>examples/PowerDown</h4>
					<p>
						Result: <b>FAIL</b>
					</p>
					<pre class="pre-scrollable">/home/ec2-user/arduino-testlib/cli-datadir/user/libraries/Ucglib/examples/PowerDown/PowerDown.ino: In function &#39;void setup()&#39;:
/home/ec2-user/arduino-testlib/cli-datadir/user/libraries/Ucglib/examples/PowerDown/PowerDown.ino:95:3: error: &#39;ucg&#39; was not declared in this scope
   ucg.begin(UCG_FONT_MODE_SOLID);
   ^~~
/home/ec2-user/arduino-testlib/cli-datadir/user/libraries/Ucglib/examples/PowerDown/PowerDown.ino:95:3: note: suggested alternative: &#39;ucg_t&#39;
   ucg.begin(UCG_FONT_MODE_SOLID);
   ^~~
   ucg_t
/home/ec2-user/arduino-testlib/cli-datadir/user/libraries/Ucglib/examples/PowerDown/PowerDown.ino: In function &#39;void loop()&#39;:
/home/ec2-user/arduino-testlib/cli-datadir/user/libraries/Ucglib/examples/PowerDown/PowerDown.ino:103:3: error: &#39;ucg&#39; was not declared in this scope
   ucg.setFont(ucg_font_inb27_mr);
   ^~~
/home/ec2-user/arduino-testlib/cli-datadir/user/libraries/Ucglib/examples/PowerDown/PowerDown.ino:103:3: note: suggested alternative: &#39;ucg_t&#39;
   ucg.setFont(ucg_font_inb27_mr);
   ^~~
   ucg_t

</pre>
					
					<h4>examples/Scale</h4>
					<p>
						Result: <b>FAIL</b>
					</p>
					<pre class="pre-scrollable">/home/ec2-user/arduino-testlib/cli-datadir/user/libraries/Ucglib/examples/Scale/Scale.ino: In function &#39;void setup()&#39;:
/home/ec2-user/arduino-testlib/cli-datadir/user/libraries/Ucglib/examples/Scale/Scale.ino:95:3: error: &#39;ucg&#39; was not declared in this scope
   ucg.begin(UCG_FONT_MODE_SOLID);
   ^~~
/home/ec2-user/arduino-testlib/cli-datadir/user/libraries/Ucglib/examples/Scale/Scale.ino:95:3: note: suggested alternative: &#39;ucg_t&#39;
   ucg.begin(UCG_FONT_MODE_SOLID);
   ^~~
   ucg_t
/home/ec2-user/arduino-testlib/cli-datadir/user/libraries/Ucglib/examples/Scale/Scale.ino: In function &#39;void loop()&#39;:
/home/ec2-user/arduino-testlib/cli-datadir/user/libraries/Ucglib/examples/Scale/Scale.ino:104:3: error: &#39;ucg&#39; was not declared in this scope
   ucg.setFont(ucg_font_logisoso22r);
   ^~~
/home/ec2-user/arduino-testlib/cli-datadir/user/libraries/Ucglib/examples/Scale/Scale.ino:104:3: note: suggested alternative: &#39;ucg_t&#39;
   ucg.setFont(ucg_font_logisoso22r);
   ^~~
   ucg_t
/home/ec2-user/arduino-testlib/cli-datadir/user/libraries/Ucglib/examples/Scale/Scale.ino:104:15: error: &#39;ucg_font_logisoso22r&#39; was not declared in this scope
   ucg.setFont(ucg_font_logisoso22r);
               ^~~~~~~~~~~~~~~~~~~~
/home/ec2-user/arduino-testlib/cli-datadir/user/libraries/Ucglib/examples/Scale/Scale.ino:104:15: note: suggested alternative: &#39;ucg_font_logisoso22_tr&#39;
   ucg.setFont(ucg_font_logisoso22r);
               ^~~~~~~~~~~~~~~~~~~~
               ucg_font_logisoso22_tr

</pre>
					
					<h4>examples/UcgLogo</h4>
					<p>
						Result: <b>FAIL</b>
					</p>
					<pre class="pre-scrollable">/home/ec2-user/arduino-testlib/cli-datadir/user/libraries/Ucglib/examples/UcgLogo/UcgLogo.ino: In function &#39;void setup()&#39;:
/home/ec2-user/arduino-testlib/cli-datadir/user/libraries/Ucglib/examples/UcgLogo/UcgLogo.ino:245:3: error: &#39;ucg&#39; was not declared in this scope
   ucg.begin(UCG_FONT_MODE_TRANSPARENT);
   ^~~
/home/ec2-user/arduino-testlib/cli-datadir/user/libraries/Ucglib/examples/UcgLogo/UcgLogo.ino:245:3: note: suggested alternative: &#39;ucg_t&#39;
   ucg.begin(UCG_FONT_MODE_TRANSPARENT);
   ^~~
   ucg_t
/home/ec2-user/arduino-testlib/cli-datadir/user/libraries/Ucglib/examples/UcgLogo/UcgLogo.ino: In function &#39;void loop()&#39;:
/home/ec2-user/arduino-testlib/cli-datadir/user/libraries/Ucglib/examples/UcgLogo/UcgLogo.ino:253:3: error: &#39;ucg&#39; was not declared in this scope
   ucg.setRotate90();
   ^~~
/home/ec2-user/arduino-testlib/cli-datadir/user/libraries/Ucglib/examples/UcgLogo/UcgLogo.ino:253:3: note: suggested alternative: &#39;ucg_t&#39;
   ucg.setRotate90();
   ^~~
   ucg_t

</pre>
					
				
				<h3 id="arduino:mbed_nano:nanorp2040connect">arduino:mbed_nano:nanorp2040connect @ 2.7.2</h3>
				<h4>Inclusion</h4>
				<p>
					Result: <b>FAIL</b>
					
				</p>
				<pre class="pre-scrollable">
</pre>

					
					<h4>examples/Box3D</h4>
					<p>
						Result: <b>FAIL</b>
					</p>
					<pre class="pre-scrollable">/home/ec2-user/arduino-testlib/cli-datadir/user/libraries/Ucglib/examples/Box3D/Box3D.ino: In function &#39;void convert_3d_to_2d(pt3d*, pt2d*)&#39;:
/home/ec2-user/arduino-testlib/cli-datadir/user/libraries/Ucglib/examples/Box3D/Box3D.ino:114:13: error: &#39;ucg&#39; was not declared in this scope
 #define MX (ucg.getWidth()/2)
             ^
/home/ec2-user/arduino-testlib/cli-datadir/user/libraries/Ucglib/examples/Box3D/Box3D.ino:237:16: note: in expansion of macro &#39;MX&#39;
     if ( t &gt;= -MX &amp;&amp; t &lt;= MX-1 )
                ^~
/home/ec2-user/arduino-testlib/cli-datadir/user/libraries/Ucglib/examples/Box3D/Box3D.ino:114:13: note: suggested alternative: &#39;ucg_t&#39;
 #define MX (ucg.getWidth()/2)
             ^
/home/ec2-user/arduino-testlib/cli-datadir/user/libraries/Ucglib/examples/Box3D/Box3D.ino:237:16: note: in expansion of macro &#39;MX&#39;
     if ( t &gt;= -MX &amp;&amp; t &lt;= MX-1 )
                ^~
/home/ec2-user/arduino-testlib/cli-datadir/user/libraries/Ucglib/examples/Box3D/Box3D.ino: In function &#39;void draw_cube()&#39;:
/home/ec2-user/arduino-testlib/cli-datadir/user/libraries/Ucglib/examples/Box3D/Box3D.ino:341:7: error: &#39;ucg&#39; was not declared in this scope
       ucg.setColor(0, ((ii&#43;1)&amp;1)*255,(((ii&#43;1)&gt;&gt;1)&amp;1)*255,(((ii&#43;1)&gt;&gt;2)&amp;1)*255);
       ^~~
/home/ec2-user/arduino-testlib/cli-datadir/user/libraries/Ucglib/examples/Box3D/Box3D.ino:341:7: note: suggested alternative: &#39;ucg_t&#39;
       ucg.setColor(0, ((ii&#43;1)&amp;1)*255,(((ii&#43;1)&gt;&gt;1)&amp;1)*255,(((ii&#43;1)&gt;&gt;2)&amp;1)*255);
       ^~~
       ucg_t
/home/ec2-user/arduino-testlib/cli-datadir/user/libraries/Ucglib/examples/Box3D/Box3D.ino: In function &#39;void setup()&#39;:
/home/ec2-user/arduino-testlib/cli-datadir/user/libraries/Ucglib/examples/Box3D/Box3D.ino:368:3: error: &#39;ucg&#39; was not declared in this scope
   ucg.begin(UCG_FONT_MODE_TRANSPARENT);
   ^~~
/home/ec2-user/arduino-testlib/cli-datadir/user/libraries/Ucglib/examples/Box3D/Box3D.ino:368:3: note: suggested alternative: &#39;ucg_t&#39;
   ucg.begin(UCG_FONT_MODE_TRANSPARENT);
   ^~~
   ucg_t
/home/ec2-user/arduino-testlib/cli-datadir/user/libraries/Ucglib/examples/Box3D/Box3D.ino: In function &#39;void loop()&#39;:
/home/ec2-user/arduino-testlib/cli-datadir/user/libraries/Ucglib/examples/Box3D/Box3D.ino:392:3: error: &#39;ucg&#39; was not declared in this scope
   ucg.setColor(0,0,0);
   ^~~
/home/ec2-user/arduino-testlib/cli-datadir/user/libraries/Ucglib/examples/Box3D/Box3D.ino:392:3: note: suggested alternative: &#39;ucg_t&#39;
   ucg.setColor(0,0,0);
   ^~~
   ucg_t

</pre>
					
					<h4>examples/FPS</h4>
					<p>
						Result: <b>FAIL</b>
					</p>
					<pre class="pre-scrollable">/home/ec2-user/arduino-testlib/cli-datadir/user/libraries/Ucglib/examples/FPS/FPS.ino: In function &#39;void setup()&#39;:
/home/ec2-user/arduino-testlib/cli-datadir/user/libraries/Ucglib/examples/FPS/FPS.ino:146:3: error: &#39;ucg&#39; was not declared in this scope
   ucg.begin(UCG_FONT_MODE_TRANSPARENT);
   ^~~
/home/ec2-user/arduino-testlib/cli-datadir/user/libraries/Ucglib/examples/FPS/FPS.ino: In function &#39;void draw_text()&#39;:
/home/ec2-user/arduino-testlib/cli-datadir/user/libraries/Ucglib/examples/FPS/FPS.ino:176:3: error: &#39;ucg&#39; was not declared in this scope
   ucg.setFont(ucg_font_ncenR14_tr);
   ^~~
/home/ec2-user/arduino-testlib/cli-datadir/user/libraries/Ucglib/examples/FPS/FPS.ino: In function &#39;void draw_box()&#39;:
/home/ec2-user/arduino-testlib/cli-datadir/user/libraries/Ucglib/examples/FPS/FPS.ino:189:3: error: &#39;ucg&#39; was not declared in this scope
   ucg.setColor(lcg_rnd(),lcg_rnd(),lcg_rnd());
   ^~~
/home/ec2-user/arduino-testlib/cli-datadir/user/libraries/Ucglib/examples/FPS/FPS.ino: In function &#39;void draw_gradient_box()&#39;:
/home/ec2-user/arduino-testlib/cli-datadir/user/libraries/Ucglib/examples/FPS/FPS.ino:204:13: error: &#39;ucg&#39; was not declared in this scope
     case 0: ucg.setColor(0, lcg_rnd(),lcg_rnd(),lcg_rnd()); break;
             ^~~
/home/ec2-user/arduino-testlib/cli-datadir/user/libraries/Ucglib/examples/FPS/FPS.ino:216:3: error: &#39;ucg&#39; was not declared in this scope
   ucg.drawGradientBox(x,y,w, h);
   ^~~
/home/ec2-user/arduino-testlib/cli-datadir/user/libraries/Ucglib/examples/FPS/FPS.ino: In function &#39;uint16_t measure(void (*)())&#39;:
/home/ec2-user/arduino-testlib/cli-datadir/user/libraries/Ucglib/examples/FPS/FPS.ino:225:3: error: &#39;ucg&#39; was not declared in this scope
   ucg.clearScreen();
   ^~~
/home/ec2-user/arduino-testlib/cli-datadir/user/libraries/Ucglib/examples/FPS/FPS.ino: In function &#39;void show_result(const char*, uint16_t)&#39;:
/home/ec2-user/arduino-testlib/cli-datadir/user/libraries/Ucglib/examples/FPS/FPS.ino:276:3: error: &#39;ucg&#39; was not declared in this scope
   ucg.clearScreen();
   ^~~

</pre>
					
					<h4>examples/GraphicsTest</h4>
					<p>
						Result: <b>FAIL</b>
					</p>
					<pre class="pre-scrollable">/home/ec2-user/arduino-testlib/cli-datadir/user/libraries/Ucglib/examples/GraphicsTest/GraphicsTest.ino: In function &#39;void ucglib_graphics_test()&#39;:
/home/ec2-user/arduino-testlib/cli-datadir/user/libraries/Ucglib/examples/GraphicsTest/GraphicsTest.ino:118:3: error: &#39;ucg&#39; was not declared in this scope
   ucg.setColor(0, 0, 40, 80);
   ^~~
/home/ec2-user/arduino-testlib/cli-datadir/user/libraries/Ucglib/examples/GraphicsTest/GraphicsTest.ino:118:3: note: suggested alternative: &#39;ucg_t&#39;
   ucg.setColor(0, 0, 40, 80);
   ^~~
   ucg_t
/home/ec2-user/arduino-testlib/cli-datadir/user/libraries/Ucglib/examples/GraphicsTest/GraphicsTest.ino: In function &#39;void gradient()&#39;:
/home/ec2-user/arduino-testlib/cli-datadir/user/libraries/Ucglib/examples/GraphicsTest/GraphicsTest.ino:137:3: error: &#39;ucg&#39; was not declared in this scope
   ucg.setColor(0, 0, 255, 0);
   ^~~
/home/ec2-user/arduino-testlib/cli-datadir/user/libraries/Ucglib/examples/GraphicsTest/GraphicsTest.ino:137:3: note: suggested alternative: &#39;ucg_t&#39;
   ucg.setColor(0, 0, 255, 0);
   ^~~
   ucg_t
/home/ec2-user/arduino-testlib/cli-datadir/user/libraries/Ucglib/examples/GraphicsTest/GraphicsTest.ino: In function &#39;void box()&#39;:
/home/ec2-user/arduino-testlib/cli-datadir/user/libraries/Ucglib/examples/GraphicsTest/GraphicsTest.ino:169:3: error: &#39;ucg&#39; was not declared in this scope
   ucg.setColor(0, 0, 40, 80);
   ^~~
/home/ec2-user/arduino-testlib/cli-datadir/user/libraries/Ucglib/examples/GraphicsTest/GraphicsTest.ino:169:3: note: suggested alternative: &#39;ucg_t&#39;
   ucg.setColor(0, 0, 40, 80);
   ^~~
   ucg_t
/home/ec2-user/arduino-testlib/cli-datadir/user/libraries/Ucglib/examples/GraphicsTest/GraphicsTest.ino: In function &#39;void pixel_and_lines()&#39;:
/home/ec2-user/arduino-testlib/cli-datadir/user/libraries/Ucglib/examples/GraphicsTest/GraphicsTest.ino:201:8: error: &#39;ucg&#39; was not declared in this scope
   mx = ucg.getWidth() / 2;
        ^~~
/home/ec2-user/arduino-testlib/cli-datadir/user/libraries/Ucglib/examples/GraphicsTest/GraphicsTest.ino:201:8: note: suggested alternative: &#39;ucg_t&#39;
   mx = ucg.getWidth() / 2;
        ^~~
        ucg_t
/home/ec2-user/arduino-testlib/cli-datadir/user/libraries/Ucglib/examples/GraphicsTest/GraphicsTest.ino: In function &#39;void color_test()&#39;:
/home/ec2-user/arduino-testlib/cli-datadir/user/libraries/Ucglib/examples/GraphicsTest/GraphicsTest.ino:239:8: error: &#39;ucg&#39; was not declared in this scope
   mx = ucg.getWidth() / 2;
        ^~~
/home/ec2-user/arduino-testlib/cli-datadir/user/libraries/Ucglib/examples/GraphicsTest/GraphicsTest.ino:239:8: note: suggested alternative: &#39;ucg_t&#39;
   mx = ucg.getWidth() / 2;
        ^~~
        ucg_t
/home/ec2-user/arduino-testlib/cli-datadir/user/libraries/Ucglib/examples/GraphicsTest/GraphicsTest.ino: In function &#39;void cross()&#39;:
/home/ec2-user/arduino-testlib/cli-datadir/user/libraries/Ucglib/examples/GraphicsTest/GraphicsTest.ino:276:3: error: &#39;ucg&#39; was not declared in this scope
   ucg.setColor(0, 250, 0, 0);
   ^~~
/home/ec2-user/arduino-testlib/cli-datadir/user/libraries/Ucglib/examples/GraphicsTest/GraphicsTest.ino:276:3: note: suggested alternative: &#39;ucg_t&#39;
   ucg.setColor(0, 250, 0, 0);
   ^~~
   ucg_t
/home/ec2-user/arduino-testlib/cli-datadir/user/libraries/Ucglib/examples/GraphicsTest/GraphicsTest.ino: In function &#39;void triangle()&#39;:
/home/ec2-user/arduino-testlib/cli-datadir/user/libraries/Ucglib/examples/GraphicsTest/GraphicsTest.ino:325:3: error: &#39;ucg&#39; was not declared in this scope
   ucg.setColor(0, 0, 80, 20);
   ^~~
/home/ec2-user/arduino-testlib/cli-datadir/user/libraries/Ucglib/examples/GraphicsTest/GraphicsTest.ino:325:3: note: suggested alternative: &#39;ucg_t&#39;
   ucg.setColor(0, 0, 80, 20);
   ^~~
   ucg_t
/home/ec2-user/arduino-testlib/cli-datadir/user/libraries/Ucglib/examples/GraphicsTest/GraphicsTest.ino: In function &#39;void text()&#39;:
/home/ec2-user/arduino-testlib/cli-datadir/user/libraries/Ucglib/examples/GraphicsTest/GraphicsTest.ino:359:3: error: &#39;ucg&#39; was not declared in this scope
   ucg.setColor(0, 80, 40, 0);
   ^~~
/home/ec2-user/arduino-testlib/cli-datadir/user/libraries/Ucglib/examples/GraphicsTest/GraphicsTest.ino:359:3: note: suggested alternative: &#39;ucg_t&#39;
   ucg.setColor(0, 80, 40, 0);
   ^~~
   ucg_t
/home/ec2-user/arduino-testlib/cli-datadir/user/libraries/Ucglib/examples/GraphicsTest/GraphicsTest.ino: In function &#39;void fonts()&#39;:
/home/ec2-user/arduino-testlib/cli-datadir/user/libraries/Ucglib/examples/GraphicsTest/GraphicsTest.ino:392:3: error: &#39;ucg&#39; was not declared in this scope
   ucg.setColor(0, 0, 40, 80);
   ^~~
/home/ec2-user/arduino-testlib/cli-datadir/user/libraries/Ucglib/examples/GraphicsTest/GraphicsTest.ino:392:3: note: suggested alternative: &#39;ucg_t&#39;
   ucg.setColor(0, 0, 40, 80);
   ^~~
   ucg_t
/home/ec2-user/arduino-testlib/cli-datadir/user/libraries/Ucglib/examples/GraphicsTest/GraphicsTest.ino: In function &#39;void clip()&#39;:
/home/ec2-user/arduino-testlib/cli-datadir/user/libraries/Ucglib/examples/GraphicsTest/GraphicsTest.ino:450:3: error: &#39;ucg&#39; was not declared in this scope
   ucg.setColor(0, 0x00, 0xd1, 0x5e);  // dark green
   ^~~
/home/ec2-user/arduino-testlib/cli-datadir/user/libraries/Ucglib/examples/GraphicsTest/GraphicsTest.ino:450:3: note: suggested alternative: &#39;ucg_t&#39;
   ucg.setColor(0, 0x00, 0xd1, 0x5e);  // dark green
   ^~~
   ucg_t
/home/ec2-user/arduino-testlib/cli-datadir/user/libraries/Ucglib/examples/GraphicsTest/GraphicsTest.ino: In function &#39;void setup()&#39;:
/home/ec2-user/arduino-testlib/cli-datadir/user/libraries/Ucglib/examples/GraphicsTest/GraphicsTest.ino:532:3: error: &#39;ucg&#39; was not declared in this scope
   ucg.begin(UCG_FONT_MODE_TRANSPARENT);
   ^~~
/home/ec2-user/arduino-testlib/cli-datadir/user/libraries/Ucglib/examples/GraphicsTest/GraphicsTest.ino:532:3: note: suggested alternative: &#39;ucg_t&#39;
   ucg.begin(UCG_FONT_MODE_TRANSPARENT);
   ^~~
   ucg_t
/home/ec2-user/arduino-testlib/cli-datadir/user/libraries/Ucglib/examples/GraphicsTest/GraphicsTest.ino: In function &#39;void set_clip_range()&#39;:
/home/ec2-user/arduino-testlib/cli-datadir/user/libraries/Ucglib/examples/GraphicsTest/GraphicsTest.ino:544:19: error: &#39;ucg&#39; was not declared in this scope
   x = (lcg_rnd()*(ucg.getWidth()-w))&gt;&gt;8;
                   ^~~
/home/ec2-user/arduino-testlib/cli-datadir/user/libraries/Ucglib/examples/GraphicsTest/GraphicsTest.ino:544:19: note: suggested alternative: &#39;ucg_t&#39;
   x = (lcg_rnd()*(ucg.getWidth()-w))&gt;&gt;8;
                   ^~~
                   ucg_t
/home/ec2-user/arduino-testlib/cli-datadir/user/libraries/Ucglib/examples/GraphicsTest/GraphicsTest.ino: In function &#39;void loop()&#39;:
/home/ec2-user/arduino-testlib/cli-datadir/user/libraries/Ucglib/examples/GraphicsTest/GraphicsTest.ino:556:13: error: &#39;ucg&#39; was not declared in this scope
     case 0: ucg.undoRotate(); break;
             ^~~
/home/ec2-user/arduino-testlib/cli-datadir/user/libraries/Ucglib/examples/GraphicsTest/GraphicsTest.ino:556:13: note: suggested alternative: &#39;ucg_t&#39;
     case 0: ucg.undoRotate(); break;
             ^~~
             ucg_t
/home/ec2-user/arduino-testlib/cli-datadir/user/libraries/Ucglib/examples/GraphicsTest/GraphicsTest.ino:564:5: error: &#39;ucg&#39; was not declared in this scope
     ucg.clearScreen();
     ^~~
/home/ec2-user/arduino-testlib/cli-datadir/user/libraries/Ucglib/examples/GraphicsTest/GraphicsTest.ino:564:5: note: suggested alternative: &#39;ucg_t&#39;
     ucg.clearScreen();
     ^~~
     ucg_t
/home/ec2-user/arduino-testlib/cli-datadir/user/libraries/Ucglib/examples/GraphicsTest/GraphicsTest.ino:582:3: error: &#39;ucg&#39; was not declared in this scope
   ucg.setMaxClipRange();
   ^~~
/home/ec2-user/arduino-testlib/cli-datadir/user/libraries/Ucglib/examples/GraphicsTest/GraphicsTest.ino:582:3: note: suggested alternative: &#39;ucg_t&#39;
   ucg.setMaxClipRange();
   ^~~
   ucg_t

</pre>
					
					<h4>examples/HelloWorld</h4>
					<p>
						Result: <b>FAIL</b>
					</p>
					<pre class="pre-scrollable">/home/ec2-user/arduino-testlib/cli-datadir/user/libraries/Ucglib/examples/HelloWorld/HelloWorld.ino: In function &#39;void setup()&#39;:
/home/ec2-user/arduino-testlib/cli-datadir/user/libraries/Ucglib/examples/HelloWorld/HelloWorld.ino:105:3: error: &#39;ucg&#39; was not declared in this scope
   ucg.begin(UCG_FONT_MODE_TRANSPARENT);
   ^~~
/home/ec2-user/arduino-testlib/cli-datadir/user/libraries/Ucglib/examples/HelloWorld/HelloWorld.ino:105:3: note: suggested alternative: &#39;ucg_t&#39;
   ucg.begin(UCG_FONT_MODE_TRANSPARENT);
   ^~~
   ucg_t
/home/ec2-user/arduino-testlib/cli-datadir/user/libraries/Ucglib/examples/HelloWorld/HelloWorld.ino: In function &#39;void loop()&#39;:
/home/ec2-user/arduino-testlib/cli-datadir/user/libraries/Ucglib/examples/HelloWorld/HelloWorld.ino:113:3: error: &#39;ucg&#39; was not declared in this scope
   ucg.setFont(ucg_font_ncenR12_tr);
   ^~~
/home/ec2-user/arduino-testlib/cli-datadir/user/libraries/Ucglib/examples/HelloWorld/HelloWorld.ino:113:3: note: suggested alternative: &#39;ucg_t&#39;
   ucg.setFont(ucg_font_ncenR12_tr);
   ^~~
   ucg_t

</pre>
					
					<h4>examples/HowToUseFonts</h4>
					<p>
						Result: <b>FAIL</b>
					</p>
					<pre class="pre-scrollable">/home/ec2-user/arduino-testlib/cli-datadir/user/libraries/Ucglib/examples/HowToUseFonts/HowToUseFonts.ino: In function &#39;void setup()&#39;:
/home/ec2-user/arduino-testlib/cli-datadir/user/libraries/Ucglib/examples/HowToUseFonts/HowToUseFonts.ino:122:3: error: &#39;ucg&#39; was not declared in this scope
   ucg.begin(UCG_FONT_MODE_TRANSPARENT);
   ^~~
/home/ec2-user/arduino-testlib/cli-datadir/user/libraries/Ucglib/examples/HowToUseFonts/HowToUseFonts.ino:122:3: note: suggested alternative: &#39;ucg_t&#39;
   ucg.begin(UCG_FONT_MODE_TRANSPARENT);
   ^~~
   ucg_t
/home/ec2-user/arduino-testlib/cli-datadir/user/libraries/Ucglib/examples/HowToUseFonts/HowToUseFonts.ino: In function &#39;void loop()&#39;:
/home/ec2-user/arduino-testlib/cli-datadir/user/libraries/Ucglib/examples/HowToUseFonts/HowToUseFonts.ino:142:3: error: &#39;ucg&#39; was not declared in this scope
   ucg.setColor(0, 255, 255, 255);  // use white as main color for the font
   ^~~
/home/ec2-user/arduino-testlib/cli-datadir/user/libraries/Ucglib/examples/HowToUseFonts/HowToUseFonts.ino:142:3: note: suggested alternative: &#39;ucg_t&#39;
   ucg.setColor(0, 255, 255, 255);  // use white as main color for the font
   ^~~
   ucg_t

</pre>
					
					<h4>examples/PowerDown</h4>
					<p>
						Result: <b>FAIL</b>
					</p>
					<pre class="pre-scrollable">/home/ec2-user/arduino-testlib/cli-datadir/user/libraries/Ucglib/examples/PowerDown/PowerDown.ino: In function &#39;void setup()&#39;:
/home/ec2-user/arduino-testlib/cli-datadir/user/libraries/Ucglib/examples/PowerDown/PowerDown.ino:95:3: error: &#39;ucg&#39; was not declared in this scope
   ucg.begin(UCG_FONT_MODE_SOLID);
   ^~~
/home/ec2-user/arduino-testlib/cli-datadir/user/libraries/Ucglib/examples/PowerDown/PowerDown.ino:95:3: note: suggested alternative: &#39;ucg_t&#39;
   ucg.begin(UCG_FONT_MODE_SOLID);
   ^~~
   ucg_t
/home/ec2-user/arduino-testlib/cli-datadir/user/libraries/Ucglib/examples/PowerDown/PowerDown.ino: In function &#39;void loop()&#39;:
/home/ec2-user/arduino-testlib/cli-datadir/user/libraries/Ucglib/examples/PowerDown/PowerDown.ino:103:3: error: &#39;ucg&#39; was not declared in this scope
   ucg.setFont(ucg_font_inb27_mr);
   ^~~
/home/ec2-user/arduino-testlib/cli-datadir/user/libraries/Ucglib/examples/PowerDown/PowerDown.ino:103:3: note: suggested alternative: &#39;ucg_t&#39;
   ucg.setFont(ucg_font_inb27_mr);
   ^~~
   ucg_t

</pre>
					
					<h4>examples/Scale</h4>
					<p>
						Result: <b>FAIL</b>
					</p>
					<pre class="pre-scrollable">/home/ec2-user/arduino-testlib/cli-datadir/user/libraries/Ucglib/examples/Scale/Scale.ino: In function &#39;void setup()&#39;:
/home/ec2-user/arduino-testlib/cli-datadir/user/libraries/Ucglib/examples/Scale/Scale.ino:95:3: error: &#39;ucg&#39; was not declared in this scope
   ucg.begin(UCG_FONT_MODE_SOLID);
   ^~~
/home/ec2-user/arduino-testlib/cli-datadir/user/libraries/Ucglib/examples/Scale/Scale.ino:95:3: note: suggested alternative: &#39;ucg_t&#39;
   ucg.begin(UCG_FONT_MODE_SOLID);
   ^~~
   ucg_t
/home/ec2-user/arduino-testlib/cli-datadir/user/libraries/Ucglib/examples/Scale/Scale.ino: In function &#39;void loop()&#39;:
/home/ec2-user/arduino-testlib/cli-datadir/user/libraries/Ucglib/examples/Scale/Scale.ino:104:3: error: &#39;ucg&#39; was not declared in this scope
   ucg.setFont(ucg_font_logisoso22r);
   ^~~
/home/ec2-user/arduino-testlib/cli-datadir/user/libraries/Ucglib/examples/Scale/Scale.ino:104:3: note: suggested alternative: &#39;ucg_t&#39;
   ucg.setFont(ucg_font_logisoso22r);
   ^~~
   ucg_t
/home/ec2-user/arduino-testlib/cli-datadir/user/libraries/Ucglib/examples/Scale/Scale.ino:104:15: error: &#39;ucg_font_logisoso22r&#39; was not declared in this scope
   ucg.setFont(ucg_font_logisoso22r);
               ^~~~~~~~~~~~~~~~~~~~
/home/ec2-user/arduino-testlib/cli-datadir/user/libraries/Ucglib/examples/Scale/Scale.ino:104:15: note: suggested alternative: &#39;ucg_font_logisoso22_tr&#39;
   ucg.setFont(ucg_font_logisoso22r);
               ^~~~~~~~~~~~~~~~~~~~
               ucg_font_logisoso22_tr

</pre>
					
					<h4>examples/UcgLogo</h4>
					<p>
						Result: <b>FAIL</b>
					</p>
					<pre class="pre-scrollable">/home/ec2-user/arduino-testlib/cli-datadir/user/libraries/Ucglib/examples/UcgLogo/UcgLogo.ino: In function &#39;void setup()&#39;:
/home/ec2-user/arduino-testlib/cli-datadir/user/libraries/Ucglib/examples/UcgLogo/UcgLogo.ino:245:3: error: &#39;ucg&#39; was not declared in this scope
   ucg.begin(UCG_FONT_MODE_TRANSPARENT);
   ^~~
/home/ec2-user/arduino-testlib/cli-datadir/user/libraries/Ucglib/examples/UcgLogo/UcgLogo.ino:245:3: note: suggested alternative: &#39;ucg_t&#39;
   ucg.begin(UCG_FONT_MODE_TRANSPARENT);
   ^~~
   ucg_t
/home/ec2-user/arduino-testlib/cli-datadir/user/libraries/Ucglib/examples/UcgLogo/UcgLogo.ino: In function &#39;void loop()&#39;:
/home/ec2-user/arduino-testlib/cli-datadir/user/libraries/Ucglib/examples/UcgLogo/UcgLogo.ino:253:3: error: &#39;ucg&#39; was not declared in this scope
   ucg.setRotate90();
   ^~~
/home/ec2-user/arduino-testlib/cli-datadir/user/libraries/Ucglib/examples/UcgLogo/UcgLogo.ino:253:3: note: suggested alternative: &#39;ucg_t&#39;
   ucg.setRotate90();
   ^~~
   ucg_t

</pre>
					
				
				<h3 id="arduino:megaavr:nona4809">arduino:megaavr:nona4809 @ 1.8.7</h3>
				<h4>Inclusion</h4>
				<p>
					Result: <b>PASS</b>
					
				</p>
				<pre class="pre-scrollable">Sketch uses 3246 bytes (6%) of program storage space. Maximum is 49152 bytes.
Global variables use 40 bytes (0%) of dynamic memory, leaving 6104 bytes for local variables. Maximum is 6144 bytes.
</pre>

					
					<h4>examples/Box3D</h4>
					<p>
						Result: <b>FAIL</b>
					</p>
					<pre class="pre-scrollable">/home/ec2-user/arduino-testlib/cli-datadir/user/libraries/Ucglib/examples/Box3D/Box3D.ino: In function &#39;void convert_3d_to_2d(pt3d*, pt2d*)&#39;:
/home/ec2-user/arduino-testlib/cli-datadir/user/libraries/Ucglib/examples/Box3D/Box3D.ino:114:13: error: &#39;ucg&#39; was not declared in this scope
 #define MX (ucg.getWidth()/2)
             ^
/home/ec2-user/arduino-testlib/cli-datadir/user/libraries/Ucglib/examples/Box3D/Box3D.ino:237:16: note: in expansion of macro &#39;MX&#39;
     if ( t &gt;= -MX &amp;&amp; t &lt;= MX-1 )
                ^~
/home/ec2-user/arduino-testlib/cli-datadir/user/libraries/Ucglib/examples/Box3D/Box3D.ino:114:13: note: suggested alternative: &#39;ucg_t&#39;
 #define MX (ucg.getWidth()/2)
             ^
/home/ec2-user/arduino-testlib/cli-datadir/user/libraries/Ucglib/examples/Box3D/Box3D.ino:237:16: note: in expansion of macro &#39;MX&#39;
     if ( t &gt;= -MX &amp;&amp; t &lt;= MX-1 )
                ^~
/home/ec2-user/arduino-testlib/cli-datadir/user/libraries/Ucglib/examples/Box3D/Box3D.ino: In function &#39;void draw_cube()&#39;:
/home/ec2-user/arduino-testlib/cli-datadir/user/libraries/Ucglib/examples/Box3D/Box3D.ino:341:7: error: &#39;ucg&#39; was not declared in this scope
       ucg.setColor(0, ((ii&#43;1)&amp;1)*255,(((ii&#43;1)&gt;&gt;1)&amp;1)*255,(((ii&#43;1)&gt;&gt;2)&amp;1)*255);
       ^~~
/home/ec2-user/arduino-testlib/cli-datadir/user/libraries/Ucglib/examples/Box3D/Box3D.ino:341:7: note: suggested alternative: &#39;ucg_t&#39;
       ucg.setColor(0, ((ii&#43;1)&amp;1)*255,(((ii&#43;1)&gt;&gt;1)&amp;1)*255,(((ii&#43;1)&gt;&gt;2)&amp;1)*255);
       ^~~
       ucg_t
/home/ec2-user/arduino-testlib/cli-datadir/user/libraries/Ucglib/examples/Box3D/Box3D.ino: In function &#39;void setup()&#39;:
/home/ec2-user/arduino-testlib/cli-datadir/user/libraries/Ucglib/examples/Box3D/Box3D.ino:368:3: error: &#39;ucg&#39; was not declared in this scope
   ucg.begin(UCG_FONT_MODE_TRANSPARENT);
   ^~~
/home/ec2-user/arduino-testlib/cli-datadir/user/libraries/Ucglib/examples/Box3D/Box3D.ino:368:3: note: suggested alternative: &#39;ucg_t&#39;
   ucg.begin(UCG_FONT_MODE_TRANSPARENT);
   ^~~
   ucg_t
/home/ec2-user/arduino-testlib/cli-datadir/user/libraries/Ucglib/examples/Box3D/Box3D.ino: In function &#39;void loop()&#39;:
/home/ec2-user/arduino-testlib/cli-datadir/user/libraries/Ucglib/examples/Box3D/Box3D.ino:392:3: error: &#39;ucg&#39; was not declared in this scope
   ucg.setColor(0,0,0);
   ^~~
/home/ec2-user/arduino-testlib/cli-datadir/user/libraries/Ucglib/examples/Box3D/Box3D.ino:392:3: note: suggested alternative: &#39;ucg_t&#39;
   ucg.setColor(0,0,0);
   ^~~
   ucg_t

</pre>
					
					<h4>examples/FPS</h4>
					<p>
						Result: <b>FAIL</b>
					</p>
					<pre class="pre-scrollable">/home/ec2-user/arduino-testlib/cli-datadir/user/libraries/Ucglib/examples/FPS/FPS.ino: In function &#39;void setup()&#39;:
/home/ec2-user/arduino-testlib/cli-datadir/user/libraries/Ucglib/examples/FPS/FPS.ino:146:3: error: &#39;ucg&#39; was not declared in this scope
   ucg.begin(UCG_FONT_MODE_TRANSPARENT);
   ^~~
/home/ec2-user/arduino-testlib/cli-datadir/user/libraries/Ucglib/examples/FPS/FPS.ino: In function &#39;void draw_text()&#39;:
/home/ec2-user/arduino-testlib/cli-datadir/user/libraries/Ucglib/examples/FPS/FPS.ino:176:3: error: &#39;ucg&#39; was not declared in this scope
   ucg.setFont(ucg_font_ncenR14_tr);
   ^~~
/home/ec2-user/arduino-testlib/cli-datadir/user/libraries/Ucglib/examples/FPS/FPS.ino: In function &#39;void draw_box()&#39;:
/home/ec2-user/arduino-testlib/cli-datadir/user/libraries/Ucglib/examples/FPS/FPS.ino:189:3: error: &#39;ucg&#39; was not declared in this scope
   ucg.setColor(lcg_rnd(),lcg_rnd(),lcg_rnd());
   ^~~
/home/ec2-user/arduino-testlib/cli-datadir/user/libraries/Ucglib/examples/FPS/FPS.ino: In function &#39;void draw_gradient_box()&#39;:
/home/ec2-user/arduino-testlib/cli-datadir/user/libraries/Ucglib/examples/FPS/FPS.ino:204:13: error: &#39;ucg&#39; was not declared in this scope
     case 0: ucg.setColor(0, lcg_rnd(),lcg_rnd(),lcg_rnd()); break;
             ^~~
/home/ec2-user/arduino-testlib/cli-datadir/user/libraries/Ucglib/examples/FPS/FPS.ino:216:3: error: &#39;ucg&#39; was not declared in this scope
   ucg.drawGradientBox(x,y,w, h);
   ^~~
/home/ec2-user/arduino-testlib/cli-datadir/user/libraries/Ucglib/examples/FPS/FPS.ino: In function &#39;uint16_t measure(void (*)())&#39;:
/home/ec2-user/arduino-testlib/cli-datadir/user/libraries/Ucglib/examples/FPS/FPS.ino:225:3: error: &#39;ucg&#39; was not declared in this scope
   ucg.clearScreen();
   ^~~
/home/ec2-user/arduino-testlib/cli-datadir/user/libraries/Ucglib/examples/FPS/FPS.ino: In function &#39;void show_result(const char*, uint16_t)&#39;:
/home/ec2-user/arduino-testlib/cli-datadir/user/libraries/Ucglib/examples/FPS/FPS.ino:276:3: error: &#39;ucg&#39; was not declared in this scope
   ucg.clearScreen();
   ^~~

</pre>
					
					<h4>examples/GraphicsTest</h4>
					<p>
						Result: <b>FAIL</b>
					</p>
					<pre class="pre-scrollable">/home/ec2-user/arduino-testlib/cli-datadir/user/libraries/Ucglib/examples/GraphicsTest/GraphicsTest.ino: In function &#39;void ucglib_graphics_test()&#39;:
/home/ec2-user/arduino-testlib/cli-datadir/user/libraries/Ucglib/examples/GraphicsTest/GraphicsTest.ino:118:3: error: &#39;ucg&#39; was not declared in this scope
   ucg.setColor(0, 0, 40, 80);
   ^~~
/home/ec2-user/arduino-testlib/cli-datadir/user/libraries/Ucglib/examples/GraphicsTest/GraphicsTest.ino:118:3: note: suggested alternative: &#39;ucg_t&#39;
   ucg.setColor(0, 0, 40, 80);
   ^~~
   ucg_t
/home/ec2-user/arduino-testlib/cli-datadir/user/libraries/Ucglib/examples/GraphicsTest/GraphicsTest.ino: In function &#39;void gradient()&#39;:
/home/ec2-user/arduino-testlib/cli-datadir/user/libraries/Ucglib/examples/GraphicsTest/GraphicsTest.ino:137:3: error: &#39;ucg&#39; was not declared in this scope
   ucg.setColor(0, 0, 255, 0);
   ^~~
/home/ec2-user/arduino-testlib/cli-datadir/user/libraries/Ucglib/examples/GraphicsTest/GraphicsTest.ino:137:3: note: suggested alternative: &#39;ucg_t&#39;
   ucg.setColor(0, 0, 255, 0);
   ^~~
   ucg_t
/home/ec2-user/arduino-testlib/cli-datadir/user/libraries/Ucglib/examples/GraphicsTest/GraphicsTest.ino: In function &#39;void box()&#39;:
/home/ec2-user/arduino-testlib/cli-datadir/user/libraries/Ucglib/examples/GraphicsTest/GraphicsTest.ino:169:3: error: &#39;ucg&#39; was not declared in this scope
   ucg.setColor(0, 0, 40, 80);
   ^~~
/home/ec2-user/arduino-testlib/cli-datadir/user/libraries/Ucglib/examples/GraphicsTest/GraphicsTest.ino:169:3: note: suggested alternative: &#39;ucg_t&#39;
   ucg.setColor(0, 0, 40, 80);
   ^~~
   ucg_t
/home/ec2-user/arduino-testlib/cli-datadir/user/libraries/Ucglib/examples/GraphicsTest/GraphicsTest.ino: In function &#39;void pixel_and_lines()&#39;:
/home/ec2-user/arduino-testlib/cli-datadir/user/libraries/Ucglib/examples/GraphicsTest/GraphicsTest.ino:201:8: error: &#39;ucg&#39; was not declared in this scope
   mx = ucg.getWidth() / 2;
        ^~~
/home/ec2-user/arduino-testlib/cli-datadir/user/libraries/Ucglib/examples/GraphicsTest/GraphicsTest.ino:201:8: note: suggested alternative: &#39;ucg_t&#39;
   mx = ucg.getWidth() / 2;
        ^~~
        ucg_t
/home/ec2-user/arduino-testlib/cli-datadir/user/libraries/Ucglib/examples/GraphicsTest/GraphicsTest.ino: In function &#39;void color_test()&#39;:
/home/ec2-user/arduino-testlib/cli-datadir/user/libraries/Ucglib/examples/GraphicsTest/GraphicsTest.ino:239:8: error: &#39;ucg&#39; was not declared in this scope
   mx = ucg.getWidth() / 2;
        ^~~
/home/ec2-user/arduino-testlib/cli-datadir/user/libraries/Ucglib/examples/GraphicsTest/GraphicsTest.ino:239:8: note: suggested alternative: &#39;ucg_t&#39;
   mx = ucg.getWidth() / 2;
        ^~~
        ucg_t
/home/ec2-user/arduino-testlib/cli-datadir/user/libraries/Ucglib/examples/GraphicsTest/GraphicsTest.ino: In function &#39;void cross()&#39;:
/home/ec2-user/arduino-testlib/cli-datadir/user/libraries/Ucglib/examples/GraphicsTest/GraphicsTest.ino:276:3: error: &#39;ucg&#39; was not declared in this scope
   ucg.setColor(0, 250, 0, 0);
   ^~~
/home/ec2-user/arduino-testlib/cli-datadir/user/libraries/Ucglib/examples/GraphicsTest/GraphicsTest.ino:276:3: note: suggested alternative: &#39;ucg_t&#39;
   ucg.setColor(0, 250, 0, 0);
   ^~~
   ucg_t
/home/ec2-user/arduino-testlib/cli-datadir/user/libraries/Ucglib/examples/GraphicsTest/GraphicsTest.ino: In function &#39;void triangle()&#39;:
/home/ec2-user/arduino-testlib/cli-datadir/user/libraries/Ucglib/examples/GraphicsTest/GraphicsTest.ino:325:3: error: &#39;ucg&#39; was not declared in this scope
   ucg.setColor(0, 0, 80, 20);
   ^~~
/home/ec2-user/arduino-testlib/cli-datadir/user/libraries/Ucglib/examples/GraphicsTest/GraphicsTest.ino:325:3: note: suggested alternative: &#39;ucg_t&#39;
   ucg.setColor(0, 0, 80, 20);
   ^~~
   ucg_t
/home/ec2-user/arduino-testlib/cli-datadir/user/libraries/Ucglib/examples/GraphicsTest/GraphicsTest.ino: In function &#39;void text()&#39;:
/home/ec2-user/arduino-testlib/cli-datadir/user/libraries/Ucglib/examples/GraphicsTest/GraphicsTest.ino:359:3: error: &#39;ucg&#39; was not declared in this scope
   ucg.setColor(0, 80, 40, 0);
   ^~~
/home/ec2-user/arduino-testlib/cli-datadir/user/libraries/Ucglib/examples/GraphicsTest/GraphicsTest.ino:359:3: note: suggested alternative: &#39;ucg_t&#39;
   ucg.setColor(0, 80, 40, 0);
   ^~~
   ucg_t
/home/ec2-user/arduino-testlib/cli-datadir/user/libraries/Ucglib/examples/GraphicsTest/GraphicsTest.ino: In function &#39;void fonts()&#39;:
/home/ec2-user/arduino-testlib/cli-datadir/user/libraries/Ucglib/examples/GraphicsTest/GraphicsTest.ino:392:3: error: &#39;ucg&#39; was not declared in this scope
   ucg.setColor(0, 0, 40, 80);
   ^~~
/home/ec2-user/arduino-testlib/cli-datadir/user/libraries/Ucglib/examples/GraphicsTest/GraphicsTest.ino:392:3: note: suggested alternative: &#39;ucg_t&#39;
   ucg.setColor(0, 0, 40, 80);
   ^~~
   ucg_t
/home/ec2-user/arduino-testlib/cli-datadir/user/libraries/Ucglib/examples/GraphicsTest/GraphicsTest.ino: In function &#39;void clip()&#39;:
/home/ec2-user/arduino-testlib/cli-datadir/user/libraries/Ucglib/examples/GraphicsTest/GraphicsTest.ino:450:3: error: &#39;ucg&#39; was not declared in this scope
   ucg.setColor(0, 0x00, 0xd1, 0x5e);  // dark green
   ^~~
/home/ec2-user/arduino-testlib/cli-datadir/user/libraries/Ucglib/examples/GraphicsTest/GraphicsTest.ino:450:3: note: suggested alternative: &#39;ucg_t&#39;
   ucg.setColor(0, 0x00, 0xd1, 0x5e);  // dark green
   ^~~
   ucg_t
/home/ec2-user/arduino-testlib/cli-datadir/user/libraries/Ucglib/examples/GraphicsTest/GraphicsTest.ino: In function &#39;void setup()&#39;:
/home/ec2-user/arduino-testlib/cli-datadir/user/libraries/Ucglib/examples/GraphicsTest/GraphicsTest.ino:532:3: error: &#39;ucg&#39; was not declared in this scope
   ucg.begin(UCG_FONT_MODE_TRANSPARENT);
   ^~~
/home/ec2-user/arduino-testlib/cli-datadir/user/libraries/Ucglib/examples/GraphicsTest/GraphicsTest.ino:532:3: note: suggested alternative: &#39;ucg_t&#39;
   ucg.begin(UCG_FONT_MODE_TRANSPARENT);
   ^~~
   ucg_t
/home/ec2-user/arduino-testlib/cli-datadir/user/libraries/Ucglib/examples/GraphicsTest/GraphicsTest.ino: In function &#39;void set_clip_range()&#39;:
/home/ec2-user/arduino-testlib/cli-datadir/user/libraries/Ucglib/examples/GraphicsTest/GraphicsTest.ino:544:19: error: &#39;ucg&#39; was not declared in this scope
   x = (lcg_rnd()*(ucg.getWidth()-w))&gt;&gt;8;
                   ^~~
/home/ec2-user/arduino-testlib/cli-datadir/user/libraries/Ucglib/examples/GraphicsTest/GraphicsTest.ino:544:19: note: suggested alternative: &#39;ucg_t&#39;
   x = (lcg_rnd()*(ucg.getWidth()-w))&gt;&gt;8;
                   ^~~
                   ucg_t
/home/ec2-user/arduino-testlib/cli-datadir/user/libraries/Ucglib/examples/GraphicsTest/GraphicsTest.ino: In function &#39;void loop()&#39;:
/home/ec2-user/arduino-testlib/cli-datadir/user/libraries/Ucglib/examples/GraphicsTest/GraphicsTest.ino:556:13: error: &#39;ucg&#39; was not declared in this scope
     case 0: ucg.undoRotate(); break;
             ^~~
/home/ec2-user/arduino-testlib/cli-datadir/user/libraries/Ucglib/examples/GraphicsTest/GraphicsTest.ino:556:13: note: suggested alternative: &#39;ucg_t&#39;
     case 0: ucg.undoRotate(); break;
             ^~~
             ucg_t
/home/ec2-user/arduino-testlib/cli-datadir/user/libraries/Ucglib/examples/GraphicsTest/GraphicsTest.ino:564:5: error: &#39;ucg&#39; was not declared in this scope
     ucg.clearScreen();
     ^~~
/home/ec2-user/arduino-testlib/cli-datadir/user/libraries/Ucglib/examples/GraphicsTest/GraphicsTest.ino:564:5: note: suggested alternative: &#39;ucg_t&#39;
     ucg.clearScreen();
     ^~~
     ucg_t
/home/ec2-user/arduino-testlib/cli-datadir/user/libraries/Ucglib/examples/GraphicsTest/GraphicsTest.ino:582:3: error: &#39;ucg&#39; was not declared in this scope
   ucg.setMaxClipRange();
   ^~~
/home/ec2-user/arduino-testlib/cli-datadir/user/libraries/Ucglib/examples/GraphicsTest/GraphicsTest.ino:582:3: note: suggested alternative: &#39;ucg_t&#39;
   ucg.setMaxClipRange();
   ^~~
   ucg_t

</pre>
					
					<h4>examples/HelloWorld</h4>
					<p>
						Result: <b>FAIL</b>
					</p>
					<pre class="pre-scrollable">/home/ec2-user/arduino-testlib/cli-datadir/user/libraries/Ucglib/examples/HelloWorld/HelloWorld.ino: In function &#39;void setup()&#39;:
/home/ec2-user/arduino-testlib/cli-datadir/user/libraries/Ucglib/examples/HelloWorld/HelloWorld.ino:105:3: error: &#39;ucg&#39; was not declared in this scope
   ucg.begin(UCG_FONT_MODE_TRANSPARENT);
   ^~~
/home/ec2-user/arduino-testlib/cli-datadir/user/libraries/Ucglib/examples/HelloWorld/HelloWorld.ino:105:3: note: suggested alternative: &#39;ucg_t&#39;
   ucg.begin(UCG_FONT_MODE_TRANSPARENT);
   ^~~
   ucg_t
/home/ec2-user/arduino-testlib/cli-datadir/user/libraries/Ucglib/examples/HelloWorld/HelloWorld.ino: In function &#39;void loop()&#39;:
/home/ec2-user/arduino-testlib/cli-datadir/user/libraries/Ucglib/examples/HelloWorld/HelloWorld.ino:113:3: error: &#39;ucg&#39; was not declared in this scope
   ucg.setFont(ucg_font_ncenR12_tr);
   ^~~
/home/ec2-user/arduino-testlib/cli-datadir/user/libraries/Ucglib/examples/HelloWorld/HelloWorld.ino:113:3: note: suggested alternative: &#39;ucg_t&#39;
   ucg.setFont(ucg_font_ncenR12_tr);
   ^~~
   ucg_t

</pre>
					
					<h4>examples/HowToUseFonts</h4>
					<p>
						Result: <b>FAIL</b>
					</p>
					<pre class="pre-scrollable">/home/ec2-user/arduino-testlib/cli-datadir/user/libraries/Ucglib/examples/HowToUseFonts/HowToUseFonts.ino: In function &#39;void setup()&#39;:
/home/ec2-user/arduino-testlib/cli-datadir/user/libraries/Ucglib/examples/HowToUseFonts/HowToUseFonts.ino:122:3: error: &#39;ucg&#39; was not declared in this scope
   ucg.begin(UCG_FONT_MODE_TRANSPARENT);
   ^~~
/home/ec2-user/arduino-testlib/cli-datadir/user/libraries/Ucglib/examples/HowToUseFonts/HowToUseFonts.ino:122:3: note: suggested alternative: &#39;ucg_t&#39;
   ucg.begin(UCG_FONT_MODE_TRANSPARENT);
   ^~~
   ucg_t
/home/ec2-user/arduino-testlib/cli-datadir/user/libraries/Ucglib/examples/HowToUseFonts/HowToUseFonts.ino: In function &#39;void loop()&#39;:
/home/ec2-user/arduino-testlib/cli-datadir/user/libraries/Ucglib/examples/HowToUseFonts/HowToUseFonts.ino:142:3: error: &#39;ucg&#39; was not declared in this scope
   ucg.setColor(0, 255, 255, 255);  // use white as main color for the font
   ^~~
/home/ec2-user/arduino-testlib/cli-datadir/user/libraries/Ucglib/examples/HowToUseFonts/HowToUseFonts.ino:142:3: note: suggested alternative: &#39;ucg_t&#39;
   ucg.setColor(0, 255, 255, 255);  // use white as main color for the font
   ^~~
   ucg_t

</pre>
					
					<h4>examples/PowerDown</h4>
					<p>
						Result: <b>FAIL</b>
					</p>
					<pre class="pre-scrollable">/home/ec2-user/arduino-testlib/cli-datadir/user/libraries/Ucglib/examples/PowerDown/PowerDown.ino: In function &#39;void setup()&#39;:
/home/ec2-user/arduino-testlib/cli-datadir/user/libraries/Ucglib/examples/PowerDown/PowerDown.ino:95:3: error: &#39;ucg&#39; was not declared in this scope
   ucg.begin(UCG_FONT_MODE_SOLID);
   ^~~
/home/ec2-user/arduino-testlib/cli-datadir/user/libraries/Ucglib/examples/PowerDown/PowerDown.ino:95:3: note: suggested alternative: &#39;ucg_t&#39;
   ucg.begin(UCG_FONT_MODE_SOLID);
   ^~~
   ucg_t
/home/ec2-user/arduino-testlib/cli-datadir/user/libraries/Ucglib/examples/PowerDown/PowerDown.ino: In function &#39;void loop()&#39;:
/home/ec2-user/arduino-testlib/cli-datadir/user/libraries/Ucglib/examples/PowerDown/PowerDown.ino:103:3: error: &#39;ucg&#39; was not declared in this scope
   ucg.setFont(ucg_font_inb27_mr);
   ^~~
/home/ec2-user/arduino-testlib/cli-datadir/user/libraries/Ucglib/examples/PowerDown/PowerDown.ino:103:3: note: suggested alternative: &#39;ucg_t&#39;
   ucg.setFont(ucg_font_inb27_mr);
   ^~~
   ucg_t

</pre>
					
					<h4>examples/Scale</h4>
					<p>
						Result: <b>FAIL</b>
					</p>
					<pre class="pre-scrollable">/home/ec2-user/arduino-testlib/cli-datadir/user/libraries/Ucglib/examples/Scale/Scale.ino: In function &#39;void setup()&#39;:
/home/ec2-user/arduino-testlib/cli-datadir/user/libraries/Ucglib/examples/Scale/Scale.ino:95:3: error: &#39;ucg&#39; was not declared in this scope
   ucg.begin(UCG_FONT_MODE_SOLID);
   ^~~
/home/ec2-user/arduino-testlib/cli-datadir/user/libraries/Ucglib/examples/Scale/Scale.ino:95:3: note: suggested alternative: &#39;ucg_t&#39;
   ucg.begin(UCG_FONT_MODE_SOLID);
   ^~~
   ucg_t
/home/ec2-user/arduino-testlib/cli-datadir/user/libraries/Ucglib/examples/Scale/Scale.ino: In function &#39;void loop()&#39;:
/home/ec2-user/arduino-testlib/cli-datadir/user/libraries/Ucglib/examples/Scale/Scale.ino:104:3: error: &#39;ucg&#39; was not declared in this scope
   ucg.setFont(ucg_font_logisoso22r);
   ^~~
/home/ec2-user/arduino-testlib/cli-datadir/user/libraries/Ucglib/examples/Scale/Scale.ino:104:3: note: suggested alternative: &#39;ucg_t&#39;
   ucg.setFont(ucg_font_logisoso22r);
   ^~~
   ucg_t
/home/ec2-user/arduino-testlib/cli-datadir/user/libraries/Ucglib/examples/Scale/Scale.ino:104:15: error: &#39;ucg_font_logisoso22r&#39; was not declared in this scope
   ucg.setFont(ucg_font_logisoso22r);
               ^~~~~~~~~~~~~~~~~~~~
/home/ec2-user/arduino-testlib/cli-datadir/user/libraries/Ucglib/examples/Scale/Scale.ino:104:15: note: suggested alternative: &#39;ucg_font_logisoso22_tr&#39;
   ucg.setFont(ucg_font_logisoso22r);
               ^~~~~~~~~~~~~~~~~~~~
               ucg_font_logisoso22_tr

</pre>
					
					<h4>examples/UcgLogo</h4>
					<p>
						Result: <b>FAIL</b>
					</p>
					<pre class="pre-scrollable">/home/ec2-user/arduino-testlib/cli-datadir/user/libraries/Ucglib/examples/UcgLogo/UcgLogo.ino: In function &#39;void setup()&#39;:
/home/ec2-user/arduino-testlib/cli-datadir/user/libraries/Ucglib/examples/UcgLogo/UcgLogo.ino:245:3: error: &#39;ucg&#39; was not declared in this scope
   ucg.begin(UCG_FONT_MODE_TRANSPARENT);
   ^~~
/home/ec2-user/arduino-testlib/cli-datadir/user/libraries/Ucglib/examples/UcgLogo/UcgLogo.ino:245:3: note: suggested alternative: &#39;ucg_t&#39;
   ucg.begin(UCG_FONT_MODE_TRANSPARENT);
   ^~~
   ucg_t
/home/ec2-user/arduino-testlib/cli-datadir/user/libraries/Ucglib/examples/UcgLogo/UcgLogo.ino: In function &#39;void loop()&#39;:
/home/ec2-user/arduino-testlib/cli-datadir/user/libraries/Ucglib/examples/UcgLogo/UcgLogo.ino:253:3: error: &#39;ucg&#39; was not declared in this scope
   ucg.setRotate90();
   ^~~
/home/ec2-user/arduino-testlib/cli-datadir/user/libraries/Ucglib/examples/UcgLogo/UcgLogo.ino:253:3: note: suggested alternative: &#39;ucg_t&#39;
   ucg.setRotate90();
   ^~~
   ucg_t

</pre>
					
				
				<h3 id="arduino:samd:mkrwifi1010">arduino:samd:mkrwifi1010 @ 1.8.12</h3>
				<h4>Inclusion</h4>
				<p>
					Result: <b>PASS</b>
					
				</p>
				<pre class="pre-scrollable">Sketch uses 13336 bytes (5%) of program storage space. Maximum is 262144 bytes.
Global variables use 3068 bytes (9%) of dynamic memory, leaving 29700 bytes for local variables. Maximum is 32768 bytes.
</pre>

					
					<h4>examples/Box3D</h4>
					<p>
						Result: <b>FAIL</b>
					</p>
					<pre class="pre-scrollable">/home/ec2-user/arduino-testlib/cli-datadir/user/libraries/Ucglib/examples/Box3D/Box3D.ino: In function &#39;void convert_3d_to_2d(pt3d*, pt2d*)&#39;:
/home/ec2-user/arduino-testlib/cli-datadir/user/libraries/Ucglib/examples/Box3D/Box3D.ino:114:13: error: &#39;ucg&#39; was not declared in this scope
 #define MX (ucg.getWidth()/2)
             ^
/home/ec2-user/arduino-testlib/cli-datadir/user/libraries/Ucglib/examples/Box3D/Box3D.ino:237:16: note: in expansion of macro &#39;MX&#39;
     if ( t &gt;= -MX &amp;&amp; t &lt;= MX-1 )
                ^~
/home/ec2-user/arduino-testlib/cli-datadir/user/libraries/Ucglib/examples/Box3D/Box3D.ino:114:13: note: suggested alternative: &#39;ucg_t&#39;
 #define MX (ucg.getWidth()/2)
             ^
/home/ec2-user/arduino-testlib/cli-datadir/user/libraries/Ucglib/examples/Box3D/Box3D.ino:237:16: note: in expansion of macro &#39;MX&#39;
     if ( t &gt;= -MX &amp;&amp; t &lt;= MX-1 )
                ^~
/home/ec2-user/arduino-testlib/cli-datadir/user/libraries/Ucglib/examples/Box3D/Box3D.ino: In function &#39;void draw_cube()&#39;:
/home/ec2-user/arduino-testlib/cli-datadir/user/libraries/Ucglib/examples/Box3D/Box3D.ino:341:7: error: &#39;ucg&#39; was not declared in this scope
       ucg.setColor(0, ((ii&#43;1)&amp;1)*255,(((ii&#43;1)&gt;&gt;1)&amp;1)*255,(((ii&#43;1)&gt;&gt;2)&amp;1)*255);
       ^~~
/home/ec2-user/arduino-testlib/cli-datadir/user/libraries/Ucglib/examples/Box3D/Box3D.ino:341:7: note: suggested alternative: &#39;ucg_t&#39;
       ucg.setColor(0, ((ii&#43;1)&amp;1)*255,(((ii&#43;1)&gt;&gt;1)&amp;1)*255,(((ii&#43;1)&gt;&gt;2)&amp;1)*255);
       ^~~
       ucg_t
/home/ec2-user/arduino-testlib/cli-datadir/user/libraries/Ucglib/examples/Box3D/Box3D.ino: In function &#39;void setup()&#39;:
/home/ec2-user/arduino-testlib/cli-datadir/user/libraries/Ucglib/examples/Box3D/Box3D.ino:368:3: error: &#39;ucg&#39; was not declared in this scope
   ucg.begin(UCG_FONT_MODE_TRANSPARENT);
   ^~~
/home/ec2-user/arduino-testlib/cli-datadir/user/libraries/Ucglib/examples/Box3D/Box3D.ino:368:3: note: suggested alternative: &#39;ucg_t&#39;
   ucg.begin(UCG_FONT_MODE_TRANSPARENT);
   ^~~
   ucg_t
/home/ec2-user/arduino-testlib/cli-datadir/user/libraries/Ucglib/examples/Box3D/Box3D.ino: In function &#39;void loop()&#39;:
/home/ec2-user/arduino-testlib/cli-datadir/user/libraries/Ucglib/examples/Box3D/Box3D.ino:392:3: error: &#39;ucg&#39; was not declared in this scope
   ucg.setColor(0,0,0);
   ^~~
/home/ec2-user/arduino-testlib/cli-datadir/user/libraries/Ucglib/examples/Box3D/Box3D.ino:392:3: note: suggested alternative: &#39;ucg_t&#39;
   ucg.setColor(0,0,0);
   ^~~
   ucg_t

</pre>
					
					<h4>examples/FPS</h4>
					<p>
						Result: <b>FAIL</b>
					</p>
					<pre class="pre-scrollable">/home/ec2-user/arduino-testlib/cli-datadir/user/libraries/Ucglib/examples/FPS/FPS.ino: In function &#39;void setup()&#39;:
/home/ec2-user/arduino-testlib/cli-datadir/user/libraries/Ucglib/examples/FPS/FPS.ino:146:3: error: &#39;ucg&#39; was not declared in this scope
   ucg.begin(UCG_FONT_MODE_TRANSPARENT);
   ^~~
/home/ec2-user/arduino-testlib/cli-datadir/user/libraries/Ucglib/examples/FPS/FPS.ino: In function &#39;void draw_text()&#39;:
/home/ec2-user/arduino-testlib/cli-datadir/user/libraries/Ucglib/examples/FPS/FPS.ino:176:3: error: &#39;ucg&#39; was not declared in this scope
   ucg.setFont(ucg_font_ncenR14_tr);
   ^~~
/home/ec2-user/arduino-testlib/cli-datadir/user/libraries/Ucglib/examples/FPS/FPS.ino: In function &#39;void draw_box()&#39;:
/home/ec2-user/arduino-testlib/cli-datadir/user/libraries/Ucglib/examples/FPS/FPS.ino:189:3: error: &#39;ucg&#39; was not declared in this scope
   ucg.setColor(lcg_rnd(),lcg_rnd(),lcg_rnd());
   ^~~
/home/ec2-user/arduino-testlib/cli-datadir/user/libraries/Ucglib/examples/FPS/FPS.ino: In function &#39;void draw_gradient_box()&#39;:
/home/ec2-user/arduino-testlib/cli-datadir/user/libraries/Ucglib/examples/FPS/FPS.ino:204:13: error: &#39;ucg&#39; was not declared in this scope
     case 0: ucg.setColor(0, lcg_rnd(),lcg_rnd(),lcg_rnd()); break;
             ^~~
/home/ec2-user/arduino-testlib/cli-datadir/user/libraries/Ucglib/examples/FPS/FPS.ino:216:3: error: &#39;ucg&#39; was not declared in this scope
   ucg.drawGradientBox(x,y,w, h);
   ^~~
/home/ec2-user/arduino-testlib/cli-datadir/user/libraries/Ucglib/examples/FPS/FPS.ino: In function &#39;uint16_t measure(void (*)())&#39;:
/home/ec2-user/arduino-testlib/cli-datadir/user/libraries/Ucglib/examples/FPS/FPS.ino:225:3: error: &#39;ucg&#39; was not declared in this scope
   ucg.clearScreen();
   ^~~
/home/ec2-user/arduino-testlib/cli-datadir/user/libraries/Ucglib/examples/FPS/FPS.ino: In function &#39;void show_result(const char*, uint16_t)&#39;:
/home/ec2-user/arduino-testlib/cli-datadir/user/libraries/Ucglib/examples/FPS/FPS.ino:276:3: error: &#39;ucg&#39; was not declared in this scope
   ucg.clearScreen();
   ^~~

</pre>
					
					<h4>examples/GraphicsTest</h4>
					<p>
						Result: <b>FAIL</b>
					</p>
					<pre class="pre-scrollable">/home/ec2-user/arduino-testlib/cli-datadir/user/libraries/Ucglib/examples/GraphicsTest/GraphicsTest.ino: In function &#39;void ucglib_graphics_test()&#39;:
/home/ec2-user/arduino-testlib/cli-datadir/user/libraries/Ucglib/examples/GraphicsTest/GraphicsTest.ino:118:3: error: &#39;ucg&#39; was not declared in this scope
   ucg.setColor(0, 0, 40, 80);
   ^~~
/home/ec2-user/arduino-testlib/cli-datadir/user/libraries/Ucglib/examples/GraphicsTest/GraphicsTest.ino:118:3: note: suggested alternative: &#39;ucg_t&#39;
   ucg.setColor(0, 0, 40, 80);
   ^~~
   ucg_t
/home/ec2-user/arduino-testlib/cli-datadir/user/libraries/Ucglib/examples/GraphicsTest/GraphicsTest.ino: In function &#39;void gradient()&#39;:
/home/ec2-user/arduino-testlib/cli-datadir/user/libraries/Ucglib/examples/GraphicsTest/GraphicsTest.ino:137:3: error: &#39;ucg&#39; was not declared in this scope
   ucg.setColor(0, 0, 255, 0);
   ^~~
/home/ec2-user/arduino-testlib/cli-datadir/user/libraries/Ucglib/examples/GraphicsTest/GraphicsTest.ino:137:3: note: suggested alternative: &#39;ucg_t&#39;
   ucg.setColor(0, 0, 255, 0);
   ^~~
   ucg_t
/home/ec2-user/arduino-testlib/cli-datadir/user/libraries/Ucglib/examples/GraphicsTest/GraphicsTest.ino: In function &#39;void box()&#39;:
/home/ec2-user/arduino-testlib/cli-datadir/user/libraries/Ucglib/examples/GraphicsTest/GraphicsTest.ino:169:3: error: &#39;ucg&#39; was not declared in this scope
   ucg.setColor(0, 0, 40, 80);
   ^~~
/home/ec2-user/arduino-testlib/cli-datadir/user/libraries/Ucglib/examples/GraphicsTest/GraphicsTest.ino:169:3: note: suggested alternative: &#39;ucg_t&#39;
   ucg.setColor(0, 0, 40, 80);
   ^~~
   ucg_t
/home/ec2-user/arduino-testlib/cli-datadir/user/libraries/Ucglib/examples/GraphicsTest/GraphicsTest.ino: In function &#39;void pixel_and_lines()&#39;:
/home/ec2-user/arduino-testlib/cli-datadir/user/libraries/Ucglib/examples/GraphicsTest/GraphicsTest.ino:201:8: error: &#39;ucg&#39; was not declared in this scope
   mx = ucg.getWidth() / 2;
        ^~~
/home/ec2-user/arduino-testlib/cli-datadir/user/libraries/Ucglib/examples/GraphicsTest/GraphicsTest.ino:201:8: note: suggested alternative: &#39;ucg_t&#39;
   mx = ucg.getWidth() / 2;
        ^~~
        ucg_t
/home/ec2-user/arduino-testlib/cli-datadir/user/libraries/Ucglib/examples/GraphicsTest/GraphicsTest.ino: In function &#39;void color_test()&#39;:
/home/ec2-user/arduino-testlib/cli-datadir/user/libraries/Ucglib/examples/GraphicsTest/GraphicsTest.ino:239:8: error: &#39;ucg&#39; was not declared in this scope
   mx = ucg.getWidth() / 2;
        ^~~
/home/ec2-user/arduino-testlib/cli-datadir/user/libraries/Ucglib/examples/GraphicsTest/GraphicsTest.ino:239:8: note: suggested alternative: &#39;ucg_t&#39;
   mx = ucg.getWidth() / 2;
        ^~~
        ucg_t
/home/ec2-user/arduino-testlib/cli-datadir/user/libraries/Ucglib/examples/GraphicsTest/GraphicsTest.ino: In function &#39;void cross()&#39;:
/home/ec2-user/arduino-testlib/cli-datadir/user/libraries/Ucglib/examples/GraphicsTest/GraphicsTest.ino:276:3: error: &#39;ucg&#39; was not declared in this scope
   ucg.setColor(0, 250, 0, 0);
   ^~~
/home/ec2-user/arduino-testlib/cli-datadir/user/libraries/Ucglib/examples/GraphicsTest/GraphicsTest.ino:276:3: note: suggested alternative: &#39;ucg_t&#39;
   ucg.setColor(0, 250, 0, 0);
   ^~~
   ucg_t
/home/ec2-user/arduino-testlib/cli-datadir/user/libraries/Ucglib/examples/GraphicsTest/GraphicsTest.ino: In function &#39;void triangle()&#39;:
/home/ec2-user/arduino-testlib/cli-datadir/user/libraries/Ucglib/examples/GraphicsTest/GraphicsTest.ino:325:3: error: &#39;ucg&#39; was not declared in this scope
   ucg.setColor(0, 0, 80, 20);
   ^~~
/home/ec2-user/arduino-testlib/cli-datadir/user/libraries/Ucglib/examples/GraphicsTest/GraphicsTest.ino:325:3: note: suggested alternative: &#39;ucg_t&#39;
   ucg.setColor(0, 0, 80, 20);
   ^~~
   ucg_t
/home/ec2-user/arduino-testlib/cli-datadir/user/libraries/Ucglib/examples/GraphicsTest/GraphicsTest.ino: In function &#39;void text()&#39;:
/home/ec2-user/arduino-testlib/cli-datadir/user/libraries/Ucglib/examples/GraphicsTest/GraphicsTest.ino:359:3: error: &#39;ucg&#39; was not declared in this scope
   ucg.setColor(0, 80, 40, 0);
   ^~~
/home/ec2-user/arduino-testlib/cli-datadir/user/libraries/Ucglib/examples/GraphicsTest/GraphicsTest.ino:359:3: note: suggested alternative: &#39;ucg_t&#39;
   ucg.setColor(0, 80, 40, 0);
   ^~~
   ucg_t
/home/ec2-user/arduino-testlib/cli-datadir/user/libraries/Ucglib/examples/GraphicsTest/GraphicsTest.ino: In function &#39;void fonts()&#39;:
/home/ec2-user/arduino-testlib/cli-datadir/user/libraries/Ucglib/examples/GraphicsTest/GraphicsTest.ino:392:3: error: &#39;ucg&#39; was not declared in this scope
   ucg.setColor(0, 0, 40, 80);
   ^~~
/home/ec2-user/arduino-testlib/cli-datadir/user/libraries/Ucglib/examples/GraphicsTest/GraphicsTest.ino:392:3: note: suggested alternative: &#39;ucg_t&#39;
   ucg.setColor(0, 0, 40, 80);
   ^~~
   ucg_t
/home/ec2-user/arduino-testlib/cli-datadir/user/libraries/Ucglib/examples/GraphicsTest/GraphicsTest.ino: In function &#39;void clip()&#39;:
/home/ec2-user/arduino-testlib/cli-datadir/user/libraries/Ucglib/examples/GraphicsTest/GraphicsTest.ino:450:3: error: &#39;ucg&#39; was not declared in this scope
   ucg.setColor(0, 0x00, 0xd1, 0x5e);  // dark green
   ^~~
/home/ec2-user/arduino-testlib/cli-datadir/user/libraries/Ucglib/examples/GraphicsTest/GraphicsTest.ino:450:3: note: suggested alternative: &#39;ucg_t&#39;
   ucg.setColor(0, 0x00, 0xd1, 0x5e);  // dark green
   ^~~
   ucg_t
/home/ec2-user/arduino-testlib/cli-datadir/user/libraries/Ucglib/examples/GraphicsTest/GraphicsTest.ino: In function &#39;void setup()&#39;:
/home/ec2-user/arduino-testlib/cli-datadir/user/libraries/Ucglib/examples/GraphicsTest/GraphicsTest.ino:532:3: error: &#39;ucg&#39; was not declared in this scope
   ucg.begin(UCG_FONT_MODE_TRANSPARENT);
   ^~~
/home/ec2-user/arduino-testlib/cli-datadir/user/libraries/Ucglib/examples/GraphicsTest/GraphicsTest.ino:532:3: note: suggested alternative: &#39;ucg_t&#39;
   ucg.begin(UCG_FONT_MODE_TRANSPARENT);
   ^~~
   ucg_t
/home/ec2-user/arduino-testlib/cli-datadir/user/libraries/Ucglib/examples/GraphicsTest/GraphicsTest.ino: In function &#39;void set_clip_range()&#39;:
/home/ec2-user/arduino-testlib/cli-datadir/user/libraries/Ucglib/examples/GraphicsTest/GraphicsTest.ino:544:19: error: &#39;ucg&#39; was not declared in this scope
   x = (lcg_rnd()*(ucg.getWidth()-w))&gt;&gt;8;
                   ^~~
/home/ec2-user/arduino-testlib/cli-datadir/user/libraries/Ucglib/examples/GraphicsTest/GraphicsTest.ino:544:19: note: suggested alternative: &#39;ucg_t&#39;
   x = (lcg_rnd()*(ucg.getWidth()-w))&gt;&gt;8;
                   ^~~
                   ucg_t
/home/ec2-user/arduino-testlib/cli-datadir/user/libraries/Ucglib/examples/GraphicsTest/GraphicsTest.ino: In function &#39;void loop()&#39;:
/home/ec2-user/arduino-testlib/cli-datadir/user/libraries/Ucglib/examples/GraphicsTest/GraphicsTest.ino:556:13: error: &#39;ucg&#39; was not declared in this scope
     case 0: ucg.undoRotate(); break;
             ^~~
/home/ec2-user/arduino-testlib/cli-datadir/user/libraries/Ucglib/examples/GraphicsTest/GraphicsTest.ino:556:13: note: suggested alternative: &#39;ucg_t&#39;
     case 0: ucg.undoRotate(); break;
             ^~~
             ucg_t
/home/ec2-user/arduino-testlib/cli-datadir/user/libraries/Ucglib/examples/GraphicsTest/GraphicsTest.ino:564:5: error: &#39;ucg&#39; was not declared in this scope
     ucg.clearScreen();
     ^~~
/home/ec2-user/arduino-testlib/cli-datadir/user/libraries/Ucglib/examples/GraphicsTest/GraphicsTest.ino:564:5: note: suggested alternative: &#39;ucg_t&#39;
     ucg.clearScreen();
     ^~~
     ucg_t
/home/ec2-user/arduino-testlib/cli-datadir/user/libraries/Ucglib/examples/GraphicsTest/GraphicsTest.ino:582:3: error: &#39;ucg&#39; was not declared in this scope
   ucg.setMaxClipRange();
   ^~~
/home/ec2-user/arduino-testlib/cli-datadir/user/libraries/Ucglib/examples/GraphicsTest/GraphicsTest.ino:582:3: note: suggested alternative: &#39;ucg_t&#39;
   ucg.setMaxClipRange();
   ^~~
   ucg_t

</pre>
					
					<h4>examples/HelloWorld</h4>
					<p>
						Result: <b>FAIL</b>
					</p>
					<pre class="pre-scrollable">/home/ec2-user/arduino-testlib/cli-datadir/user/libraries/Ucglib/examples/HelloWorld/HelloWorld.ino: In function &#39;void setup()&#39;:
/home/ec2-user/arduino-testlib/cli-datadir/user/libraries/Ucglib/examples/HelloWorld/HelloWorld.ino:105:3: error: &#39;ucg&#39; was not declared in this scope
   ucg.begin(UCG_FONT_MODE_TRANSPARENT);
   ^~~
/home/ec2-user/arduino-testlib/cli-datadir/user/libraries/Ucglib/examples/HelloWorld/HelloWorld.ino:105:3: note: suggested alternative: &#39;ucg_t&#39;
   ucg.begin(UCG_FONT_MODE_TRANSPARENT);
   ^~~
   ucg_t
/home/ec2-user/arduino-testlib/cli-datadir/user/libraries/Ucglib/examples/HelloWorld/HelloWorld.ino: In function &#39;void loop()&#39;:
/home/ec2-user/arduino-testlib/cli-datadir/user/libraries/Ucglib/examples/HelloWorld/HelloWorld.ino:113:3: error: &#39;ucg&#39; was not declared in this scope
   ucg.setFont(ucg_font_ncenR12_tr);
   ^~~
/home/ec2-user/arduino-testlib/cli-datadir/user/libraries/Ucglib/examples/HelloWorld/HelloWorld.ino:113:3: note: suggested alternative: &#39;ucg_t&#39;
   ucg.setFont(ucg_font_ncenR12_tr);
   ^~~
   ucg_t

</pre>
					
					<h4>examples/HowToUseFonts</h4>
					<p>
						Result: <b>FAIL</b>
					</p>
					<pre class="pre-scrollable">/home/ec2-user/arduino-testlib/cli-datadir/user/libraries/Ucglib/examples/HowToUseFonts/HowToUseFonts.ino: In function &#39;void setup()&#39;:
/home/ec2-user/arduino-testlib/cli-datadir/user/libraries/Ucglib/examples/HowToUseFonts/HowToUseFonts.ino:122:3: error: &#39;ucg&#39; was not declared in this scope
   ucg.begin(UCG_FONT_MODE_TRANSPARENT);
   ^~~
/home/ec2-user/arduino-testlib/cli-datadir/user/libraries/Ucglib/examples/HowToUseFonts/HowToUseFonts.ino:122:3: note: suggested alternative: &#39;ucg_t&#39;
   ucg.begin(UCG_FONT_MODE_TRANSPARENT);
   ^~~
   ucg_t
/home/ec2-user/arduino-testlib/cli-datadir/user/libraries/Ucglib/examples/HowToUseFonts/HowToUseFonts.ino: In function &#39;void loop()&#39;:
/home/ec2-user/arduino-testlib/cli-datadir/user/libraries/Ucglib/examples/HowToUseFonts/HowToUseFonts.ino:142:3: error: &#39;ucg&#39; was not declared in this scope
   ucg.setColor(0, 255, 255, 255);  // use white as main color for the font
   ^~~
/home/ec2-user/arduino-testlib/cli-datadir/user/libraries/Ucglib/examples/HowToUseFonts/HowToUseFonts.ino:142:3: note: suggested alternative: &#39;ucg_t&#39;
   ucg.setColor(0, 255, 255, 255);  // use white as main color for the font
   ^~~
   ucg_t

</pre>
					
					<h4>examples/PowerDown</h4>
					<p>
						Result: <b>FAIL</b>
					</p>
					<pre class="pre-scrollable">/home/ec2-user/arduino-testlib/cli-datadir/user/libraries/Ucglib/examples/PowerDown/PowerDown.ino: In function &#39;void setup()&#39;:
/home/ec2-user/arduino-testlib/cli-datadir/user/libraries/Ucglib/examples/PowerDown/PowerDown.ino:95:3: error: &#39;ucg&#39; was not declared in this scope
   ucg.begin(UCG_FONT_MODE_SOLID);
   ^~~
/home/ec2-user/arduino-testlib/cli-datadir/user/libraries/Ucglib/examples/PowerDown/PowerDown.ino:95:3: note: suggested alternative: &#39;ucg_t&#39;
   ucg.begin(UCG_FONT_MODE_SOLID);
   ^~~
   ucg_t
/home/ec2-user/arduino-testlib/cli-datadir/user/libraries/Ucglib/examples/PowerDown/PowerDown.ino: In function &#39;void loop()&#39;:
/home/ec2-user/arduino-testlib/cli-datadir/user/libraries/Ucglib/examples/PowerDown/PowerDown.ino:103:3: error: &#39;ucg&#39; was not declared in this scope
   ucg.setFont(ucg_font_inb27_mr);
   ^~~
/home/ec2-user/arduino-testlib/cli-datadir/user/libraries/Ucglib/examples/PowerDown/PowerDown.ino:103:3: note: suggested alternative: &#39;ucg_t&#39;
   ucg.setFont(ucg_font_inb27_mr);
   ^~~
   ucg_t

</pre>
					
					<h4>examples/Scale</h4>
					<p>
						Result: <b>FAIL</b>
					</p>
					<pre class="pre-scrollable">/home/ec2-user/arduino-testlib/cli-datadir/user/libraries/Ucglib/examples/Scale/Scale.ino: In function &#39;void setup()&#39;:
/home/ec2-user/arduino-testlib/cli-datadir/user/libraries/Ucglib/examples/Scale/Scale.ino:95:3: error: &#39;ucg&#39; was not declared in this scope
   ucg.begin(UCG_FONT_MODE_SOLID);
   ^~~
/home/ec2-user/arduino-testlib/cli-datadir/user/libraries/Ucglib/examples/Scale/Scale.ino:95:3: note: suggested alternative: &#39;ucg_t&#39;
   ucg.begin(UCG_FONT_MODE_SOLID);
   ^~~
   ucg_t
/home/ec2-user/arduino-testlib/cli-datadir/user/libraries/Ucglib/examples/Scale/Scale.ino: In function &#39;void loop()&#39;:
/home/ec2-user/arduino-testlib/cli-datadir/user/libraries/Ucglib/examples/Scale/Scale.ino:104:3: error: &#39;ucg&#39; was not declared in this scope
   ucg.setFont(ucg_font_logisoso22r);
   ^~~
/home/ec2-user/arduino-testlib/cli-datadir/user/libraries/Ucglib/examples/Scale/Scale.ino:104:3: note: suggested alternative: &#39;ucg_t&#39;
   ucg.setFont(ucg_font_logisoso22r);
   ^~~
   ucg_t
/home/ec2-user/arduino-testlib/cli-datadir/user/libraries/Ucglib/examples/Scale/Scale.ino:104:15: error: &#39;ucg_font_logisoso22r&#39; was not declared in this scope
   ucg.setFont(ucg_font_logisoso22r);
               ^~~~~~~~~~~~~~~~~~~~
/home/ec2-user/arduino-testlib/cli-datadir/user/libraries/Ucglib/examples/Scale/Scale.ino:104:15: note: suggested alternative: &#39;ucg_font_logisoso22_tr&#39;
   ucg.setFont(ucg_font_logisoso22r);
               ^~~~~~~~~~~~~~~~~~~~
               ucg_font_logisoso22_tr

</pre>
					
					<h4>examples/UcgLogo</h4>
					<p>
						Result: <b>FAIL</b>
					</p>
					<pre class="pre-scrollable">/home/ec2-user/arduino-testlib/cli-datadir/user/libraries/Ucglib/examples/UcgLogo/UcgLogo.ino: In function &#39;void setup()&#39;:
/home/ec2-user/arduino-testlib/cli-datadir/user/libraries/Ucglib/examples/UcgLogo/UcgLogo.ino:245:3: error: &#39;ucg&#39; was not declared in this scope
   ucg.begin(UCG_FONT_MODE_TRANSPARENT);
   ^~~
/home/ec2-user/arduino-testlib/cli-datadir/user/libraries/Ucglib/examples/UcgLogo/UcgLogo.ino:245:3: note: suggested alternative: &#39;ucg_t&#39;
   ucg.begin(UCG_FONT_MODE_TRANSPARENT);
   ^~~
   ucg_t
/home/ec2-user/arduino-testlib/cli-datadir/user/libraries/Ucglib/examples/UcgLogo/UcgLogo.ino: In function &#39;void loop()&#39;:
/home/ec2-user/arduino-testlib/cli-datadir/user/libraries/Ucglib/examples/UcgLogo/UcgLogo.ino:253:3: error: &#39;ucg&#39; was not declared in this scope
   ucg.setRotate90();
   ^~~
/home/ec2-user/arduino-testlib/cli-datadir/user/libraries/Ucglib/examples/UcgLogo/UcgLogo.ino:253:3: note: suggested alternative: &#39;ucg_t&#39;
   ucg.setRotate90();
   ^~~
   ucg_t

</pre>
					
				
				<h3 id="esp32:esp32:d1_mini32">esp32:esp32:d1_mini32 @ 1.0.6</h3>
				<h4>Inclusion</h4>
				<p>
					Result: <b>PASS</b>
					
				</p>
				<pre class="pre-scrollable">Sketch uses 199042 bytes (15%) of program storage space. Maximum is 1310720 bytes.
Global variables use 13128 bytes (4%) of dynamic memory, leaving 314552 bytes for local variables. Maximum is 327680 bytes.
</pre>

					
					<h4>examples/Box3D</h4>
					<p>
						Result: <b>FAIL</b>
					</p>
					<pre class="pre-scrollable">/home/ec2-user/arduino-testlib/cli-datadir/user/libraries/Ucglib/examples/Box3D/Box3D.ino: In function &#39;void convert_3d_to_2d(pt3d*, pt2d*)&#39;:
/home/ec2-user/arduino-testlib/cli-datadir/user/libraries/Ucglib/examples/Box3D/Box3D.ino:114:13: error: &#39;ucg&#39; was not declared in this scope
 #define MX (ucg.getWidth()/2)
             ^
/home/ec2-user/arduino-testlib/cli-datadir/user/libraries/Ucglib/examples/Box3D/Box3D.ino:237:16: note: in expansion of macro &#39;MX&#39;
     if ( t &gt;= -MX &amp;&amp; t &lt;= MX-1 )
                ^
/home/ec2-user/arduino-testlib/cli-datadir/user/libraries/Ucglib/examples/Box3D/Box3D.ino: In function &#39;void draw_cube()&#39;:
/home/ec2-user/arduino-testlib/cli-datadir/user/libraries/Ucglib/examples/Box3D/Box3D.ino:341:7: error: &#39;ucg&#39; was not declared in this scope
       ucg.setColor(0, ((ii&#43;1)&amp;1)*255,(((ii&#43;1)&gt;&gt;1)&amp;1)*255,(((ii&#43;1)&gt;&gt;2)&amp;1)*255);
       ^
/home/ec2-user/arduino-testlib/cli-datadir/user/libraries/Ucglib/examples/Box3D/Box3D.ino: In function &#39;void setup()&#39;:
/home/ec2-user/arduino-testlib/cli-datadir/user/libraries/Ucglib/examples/Box3D/Box3D.ino:368:3: error: &#39;ucg&#39; was not declared in this scope
   ucg.begin(UCG_FONT_MODE_TRANSPARENT);
   ^
/home/ec2-user/arduino-testlib/cli-datadir/user/libraries/Ucglib/examples/Box3D/Box3D.ino: In function &#39;void loop()&#39;:
/home/ec2-user/arduino-testlib/cli-datadir/user/libraries/Ucglib/examples/Box3D/Box3D.ino:392:3: error: &#39;ucg&#39; was not declared in this scope
   ucg.setColor(0,0,0);
   ^

</pre>
					
					<h4>examples/FPS</h4>
					<p>
						Result: <b>FAIL</b>
					</p>
					<pre class="pre-scrollable">/home/ec2-user/arduino-testlib/cli-datadir/user/libraries/Ucglib/examples/FPS/FPS.ino: In function &#39;void setup()&#39;:
/home/ec2-user/arduino-testlib/cli-datadir/user/libraries/Ucglib/examples/FPS/FPS.ino:146:3: error: &#39;ucg&#39; was not declared in this scope
   ucg.begin(UCG_FONT_MODE_TRANSPARENT);
   ^
/home/ec2-user/arduino-testlib/cli-datadir/user/libraries/Ucglib/examples/FPS/FPS.ino: In function &#39;void draw_text()&#39;:
/home/ec2-user/arduino-testlib/cli-datadir/user/libraries/Ucglib/examples/FPS/FPS.ino:176:3: error: &#39;ucg&#39; was not declared in this scope
   ucg.setFont(ucg_font_ncenR14_tr);
   ^
/home/ec2-user/arduino-testlib/cli-datadir/user/libraries/Ucglib/examples/FPS/FPS.ino: In function &#39;void draw_box()&#39;:
/home/ec2-user/arduino-testlib/cli-datadir/user/libraries/Ucglib/examples/FPS/FPS.ino:189:3: error: &#39;ucg&#39; was not declared in this scope
   ucg.setColor(lcg_rnd(),lcg_rnd(),lcg_rnd());
   ^
/home/ec2-user/arduino-testlib/cli-datadir/user/libraries/Ucglib/examples/FPS/FPS.ino: In function &#39;void draw_gradient_box()&#39;:
/home/ec2-user/arduino-testlib/cli-datadir/user/libraries/Ucglib/examples/FPS/FPS.ino:204:13: error: &#39;ucg&#39; was not declared in this scope
     case 0: ucg.setColor(0, lcg_rnd(),lcg_rnd(),lcg_rnd()); break;
             ^
/home/ec2-user/arduino-testlib/cli-datadir/user/libraries/Ucglib/examples/FPS/FPS.ino:216:3: error: &#39;ucg&#39; was not declared in this scope
   ucg.drawGradientBox(x,y,w, h);
   ^
/home/ec2-user/arduino-testlib/cli-datadir/user/libraries/Ucglib/examples/FPS/FPS.ino: In function &#39;uint16_t measure(void (*)())&#39;:
/home/ec2-user/arduino-testlib/cli-datadir/user/libraries/Ucglib/examples/FPS/FPS.ino:225:3: error: &#39;ucg&#39; was not declared in this scope
   ucg.clearScreen();
   ^
/home/ec2-user/arduino-testlib/cli-datadir/user/libraries/Ucglib/examples/FPS/FPS.ino: In function &#39;void show_result(const char*, uint16_t)&#39;:
/home/ec2-user/arduino-testlib/cli-datadir/user/libraries/Ucglib/examples/FPS/FPS.ino:276:3: error: &#39;ucg&#39; was not declared in this scope
   ucg.clearScreen();
   ^

</pre>
					
					<h4>examples/GraphicsTest</h4>
					<p>
						Result: <b>FAIL</b>
					</p>
					<pre class="pre-scrollable">/home/ec2-user/arduino-testlib/cli-datadir/user/libraries/Ucglib/examples/GraphicsTest/GraphicsTest.ino: In function &#39;void ucglib_graphics_test()&#39;:
/home/ec2-user/arduino-testlib/cli-datadir/user/libraries/Ucglib/examples/GraphicsTest/GraphicsTest.ino:118:3: error: &#39;ucg&#39; was not declared in this scope
   ucg.setColor(0, 0, 40, 80);
   ^
/home/ec2-user/arduino-testlib/cli-datadir/user/libraries/Ucglib/examples/GraphicsTest/GraphicsTest.ino: In function &#39;void gradient()&#39;:
/home/ec2-user/arduino-testlib/cli-datadir/user/libraries/Ucglib/examples/GraphicsTest/GraphicsTest.ino:137:3: error: &#39;ucg&#39; was not declared in this scope
   ucg.setColor(0, 0, 255, 0);
   ^
/home/ec2-user/arduino-testlib/cli-datadir/user/libraries/Ucglib/examples/GraphicsTest/GraphicsTest.ino: In function &#39;void box()&#39;:
/home/ec2-user/arduino-testlib/cli-datadir/user/libraries/Ucglib/examples/GraphicsTest/GraphicsTest.ino:169:3: error: &#39;ucg&#39; was not declared in this scope
   ucg.setColor(0, 0, 40, 80);
   ^
/home/ec2-user/arduino-testlib/cli-datadir/user/libraries/Ucglib/examples/GraphicsTest/GraphicsTest.ino: In function &#39;void pixel_and_lines()&#39;:
/home/ec2-user/arduino-testlib/cli-datadir/user/libraries/Ucglib/examples/GraphicsTest/GraphicsTest.ino:201:8: error: &#39;ucg&#39; was not declared in this scope
   mx = ucg.getWidth() / 2;
        ^
/home/ec2-user/arduino-testlib/cli-datadir/user/libraries/Ucglib/examples/GraphicsTest/GraphicsTest.ino: In function &#39;void color_test()&#39;:
/home/ec2-user/arduino-testlib/cli-datadir/user/libraries/Ucglib/examples/GraphicsTest/GraphicsTest.ino:239:8: error: &#39;ucg&#39; was not declared in this scope
   mx = ucg.getWidth() / 2;
        ^
/home/ec2-user/arduino-testlib/cli-datadir/user/libraries/Ucglib/examples/GraphicsTest/GraphicsTest.ino: In function &#39;void cross()&#39;:
/home/ec2-user/arduino-testlib/cli-datadir/user/libraries/Ucglib/examples/GraphicsTest/GraphicsTest.ino:276:3: error: &#39;ucg&#39; was not declared in this scope
   ucg.setColor(0, 250, 0, 0);
   ^
/home/ec2-user/arduino-testlib/cli-datadir/user/libraries/Ucglib/examples/GraphicsTest/GraphicsTest.ino: In function &#39;void triangle()&#39;:
/home/ec2-user/arduino-testlib/cli-datadir/user/libraries/Ucglib/examples/GraphicsTest/GraphicsTest.ino:325:3: error: &#39;ucg&#39; was not declared in this scope
   ucg.setColor(0, 0, 80, 20);
   ^
/home/ec2-user/arduino-testlib/cli-datadir/user/libraries/Ucglib/examples/GraphicsTest/GraphicsTest.ino: In function &#39;void text()&#39;:
/home/ec2-user/arduino-testlib/cli-datadir/user/libraries/Ucglib/examples/GraphicsTest/GraphicsTest.ino:359:3: error: &#39;ucg&#39; was not declared in this scope
   ucg.setColor(0, 80, 40, 0);
   ^
/home/ec2-user/arduino-testlib/cli-datadir/user/libraries/Ucglib/examples/GraphicsTest/GraphicsTest.ino: In function &#39;void fonts()&#39;:
/home/ec2-user/arduino-testlib/cli-datadir/user/libraries/Ucglib/examples/GraphicsTest/GraphicsTest.ino:392:3: error: &#39;ucg&#39; was not declared in this scope
   ucg.setColor(0, 0, 40, 80);
   ^
/home/ec2-user/arduino-testlib/cli-datadir/user/libraries/Ucglib/examples/GraphicsTest/GraphicsTest.ino: In function &#39;void clip()&#39;:
/home/ec2-user/arduino-testlib/cli-datadir/user/libraries/Ucglib/examples/GraphicsTest/GraphicsTest.ino:450:3: error: &#39;ucg&#39; was not declared in this scope
   ucg.setColor(0, 0x00, 0xd1, 0x5e);  // dark green
   ^
/home/ec2-user/arduino-testlib/cli-datadir/user/libraries/Ucglib/examples/GraphicsTest/GraphicsTest.ino: In function &#39;void setup()&#39;:
/home/ec2-user/arduino-testlib/cli-datadir/user/libraries/Ucglib/examples/GraphicsTest/GraphicsTest.ino:532:3: error: &#39;ucg&#39; was not declared in this scope
   ucg.begin(UCG_FONT_MODE_TRANSPARENT);
   ^
/home/ec2-user/arduino-testlib/cli-datadir/user/libraries/Ucglib/examples/GraphicsTest/GraphicsTest.ino: In function &#39;void set_clip_range()&#39;:
/home/ec2-user/arduino-testlib/cli-datadir/user/libraries/Ucglib/examples/GraphicsTest/GraphicsTest.ino:544:19: error: &#39;ucg&#39; was not declared in this scope
   x = (lcg_rnd()*(ucg.getWidth()-w))&gt;&gt;8;
                   ^
/home/ec2-user/arduino-testlib/cli-datadir/user/libraries/Ucglib/examples/GraphicsTest/GraphicsTest.ino: In function &#39;void loop()&#39;:
/home/ec2-user/arduino-testlib/cli-datadir/user/libraries/Ucglib/examples/GraphicsTest/GraphicsTest.ino:556:13: error: &#39;ucg&#39; was not declared in this scope
     case 0: ucg.undoRotate(); break;
             ^
/home/ec2-user/arduino-testlib/cli-datadir/user/libraries/Ucglib/examples/GraphicsTest/GraphicsTest.ino:564:5: error: &#39;ucg&#39; was not declared in this scope
     ucg.clearScreen();
     ^
/home/ec2-user/arduino-testlib/cli-datadir/user/libraries/Ucglib/examples/GraphicsTest/GraphicsTest.ino:582:3: error: &#39;ucg&#39; was not declared in this scope
   ucg.setMaxClipRange();
   ^

</pre>
					
					<h4>examples/HelloWorld</h4>
					<p>
						Result: <b>FAIL</b>
					</p>
					<pre class="pre-scrollable">/home/ec2-user/arduino-testlib/cli-datadir/user/libraries/Ucglib/examples/HelloWorld/HelloWorld.ino: In function &#39;void setup()&#39;:
/home/ec2-user/arduino-testlib/cli-datadir/user/libraries/Ucglib/examples/HelloWorld/HelloWorld.ino:105:3: error: &#39;ucg&#39; was not declared in this scope
   ucg.begin(UCG_FONT_MODE_TRANSPARENT);
   ^
/home/ec2-user/arduino-testlib/cli-datadir/user/libraries/Ucglib/examples/HelloWorld/HelloWorld.ino: In function &#39;void loop()&#39;:
/home/ec2-user/arduino-testlib/cli-datadir/user/libraries/Ucglib/examples/HelloWorld/HelloWorld.ino:113:3: error: &#39;ucg&#39; was not declared in this scope
   ucg.setFont(ucg_font_ncenR12_tr);
   ^

</pre>
					
					<h4>examples/HowToUseFonts</h4>
					<p>
						Result: <b>FAIL</b>
					</p>
					<pre class="pre-scrollable">/home/ec2-user/arduino-testlib/cli-datadir/user/libraries/Ucglib/examples/HowToUseFonts/HowToUseFonts.ino: In function &#39;void setup()&#39;:
/home/ec2-user/arduino-testlib/cli-datadir/user/libraries/Ucglib/examples/HowToUseFonts/HowToUseFonts.ino:122:3: error: &#39;ucg&#39; was not declared in this scope
   ucg.begin(UCG_FONT_MODE_TRANSPARENT);
   ^
/home/ec2-user/arduino-testlib/cli-datadir/user/libraries/Ucglib/examples/HowToUseFonts/HowToUseFonts.ino: In function &#39;void loop()&#39;:
/home/ec2-user/arduino-testlib/cli-datadir/user/libraries/Ucglib/examples/HowToUseFonts/HowToUseFonts.ino:142:3: error: &#39;ucg&#39; was not declared in this scope
   ucg.setColor(0, 255, 255, 255);  // use white as main color for the font
   ^

</pre>
					
					<h4>examples/PowerDown</h4>
					<p>
						Result: <b>FAIL</b>
					</p>
					<pre class="pre-scrollable">/home/ec2-user/arduino-testlib/cli-datadir/user/libraries/Ucglib/examples/PowerDown/PowerDown.ino: In function &#39;void setup()&#39;:
/home/ec2-user/arduino-testlib/cli-datadir/user/libraries/Ucglib/examples/PowerDown/PowerDown.ino:95:3: error: &#39;ucg&#39; was not declared in this scope
   ucg.begin(UCG_FONT_MODE_SOLID);
   ^
/home/ec2-user/arduino-testlib/cli-datadir/user/libraries/Ucglib/examples/PowerDown/PowerDown.ino: In function &#39;void loop()&#39;:
/home/ec2-user/arduino-testlib/cli-datadir/user/libraries/Ucglib/examples/PowerDown/PowerDown.ino:103:3: error: &#39;ucg&#39; was not declared in this scope
   ucg.setFont(ucg_font_inb27_mr);
   ^

</pre>
					
					<h4>examples/Scale</h4>
					<p>
						Result: <b>FAIL</b>
					</p>
					<pre class="pre-scrollable">/home/ec2-user/arduino-testlib/cli-datadir/user/libraries/Ucglib/examples/Scale/Scale.ino: In function &#39;void setup()&#39;:
/home/ec2-user/arduino-testlib/cli-datadir/user/libraries/Ucglib/examples/Scale/Scale.ino:95:3: error: &#39;ucg&#39; was not declared in this scope
   ucg.begin(UCG_FONT_MODE_SOLID);
   ^
/home/ec2-user/arduino-testlib/cli-datadir/user/libraries/Ucglib/examples/Scale/Scale.ino: In function &#39;void loop()&#39;:
/home/ec2-user/arduino-testlib/cli-datadir/user/libraries/Ucglib/examples/Scale/Scale.ino:104:3: error: &#39;ucg&#39; was not declared in this scope
   ucg.setFont(ucg_font_logisoso22r);
   ^
/home/ec2-user/arduino-testlib/cli-datadir/user/libraries/Ucglib/examples/Scale/Scale.ino:104:15: error: &#39;ucg_font_logisoso22r&#39; was not declared in this scope
   ucg.setFont(ucg_font_logisoso22r);
               ^

</pre>
					
					<h4>examples/UcgLogo</h4>
					<p>
						Result: <b>FAIL</b>
					</p>
					<pre class="pre-scrollable">/home/ec2-user/arduino-testlib/cli-datadir/user/libraries/Ucglib/examples/UcgLogo/UcgLogo.ino: In function &#39;void setup()&#39;:
/home/ec2-user/arduino-testlib/cli-datadir/user/libraries/Ucglib/examples/UcgLogo/UcgLogo.ino:245:3: error: &#39;ucg&#39; was not declared in this scope
   ucg.begin(UCG_FONT_MODE_TRANSPARENT);
   ^
/home/ec2-user/arduino-testlib/cli-datadir/user/libraries/Ucglib/examples/UcgLogo/UcgLogo.ino: In function &#39;void loop()&#39;:
/home/ec2-user/arduino-testlib/cli-datadir/user/libraries/Ucglib/examples/UcgLogo/UcgLogo.ino:253:3: error: &#39;ucg&#39; was not declared in this scope
   ucg.setRotate90();
   ^

</pre>
					
				
			</div>
		</div>
	</div>
  </body>
</html>
