
<!doctype html>
<html lang="en">
  <head>
    <meta charset="utf-8">
    <meta name="viewport" content="width=device-width, initial-scale=1">
    <link href="https://cdn.jsdelivr.net/npm/bootstrap@5.0.2/dist/css/bootstrap.min.css" rel="stylesheet" integrity="sha384-EVSTQN3/azprG1Anm3QDgpJLIm9Nao0Yz1ztcQTwFspd3yD65VohhpuuCOmLASjC" crossorigin="anonymous">
    <title>arduino-testlib report</title>
	<style>
	.pass { background-color: #00FF00 !important; }
	.fail { background-color: #FF0000 !important; }
	</style>
  </head>
  <body>
	<div class="container">
		<div class="row">
			<div class="col">
				<h1>UHS2-MIDI - compatibility matrix</h1>
				<p>
					<small>This report was generated on Wednesday, 23-Feb-22 22:48:15 CET using 
					<a href="https://github.com/alranel/arduino-testlib">arduino-testlib</a>.</small>
				</p>

				<h2>UHS2-MIDI</h2>
				<p>
					Version: <b>1.0.0</b>
					<br />
					<a href="https://www.arduino.cc/reference/en/libraries/uhs2-midi/">More details</a>
				</p>

				<h2>Compatibility matrix</h2>
				<table class="table table-bordered">
					<tr>
						<th>Board</th>
						<th>Claims compatibility</th>
						<th>Inclusion</th>
						
						<th><pre>Basic_IO</pre></th>
						
						<th><pre>Callbacks</pre></th>
						
						<th><pre>NoteOnOffEverySec</pre></th>
						
						<th><pre>SysEx</pre></th>
						
						<th><pre>SysExReceive</pre></th>
						
					</tr>
					
					<tr>
						<td>
							<a href="#arduino%3aavr%3auno"><b>arduino:avr:uno</b></a>
							<br />
							<small>1.8.4</small>
						</td>

						
							<td>Yes</td>
							<td class="pass">PASS</td>
						
						
						
						

						
							
								
									
										
											<td class="pass">PASS</td>
											
										
									
										
									
										
									
										
									
										
									
								
							
								
							
								
							
								
							
								
							
						
							
								
									
										
									
										
											<td class="pass">PASS</td>
											
										
									
										
									
										
									
										
									
								
							
								
							
								
							
								
							
								
							
						
							
								
									
										
									
										
									
										
											<td class="pass">PASS</td>
											
										
									
										
									
										
									
								
							
								
							
								
							
								
							
								
							
						
							
								
									
										
									
										
									
										
									
										
											<td class="pass">PASS</td>
											
										
									
										
									
								
							
								
							
								
							
								
							
								
							
						
							
								
									
										
									
										
									
										
									
										
									
										
											<td class="pass">PASS</td>
											
										
									
								
							
								
							
								
							
								
							
								
							
						
					</tr>
					
					<tr>
						<td>
							<a href="#arduino%3ambed_nano%3ananorp2040connect"><b>arduino:mbed_nano:nanorp2040connect</b></a>
							<br />
							<small>2.7.2</small>
						</td>

						
						
						
							<td>Yes ⚠️</td>
							<td class="fail">FAIL</td>
						
						

						
							
								
							
								
									
										
											
											<td class="fail">FAIL</td>
										
									
										
									
										
									
										
									
										
									
								
							
								
							
								
							
								
							
						
							
								
							
								
									
										
									
										
											
											<td class="fail">FAIL</td>
										
									
										
									
										
									
										
									
								
							
								
							
								
							
								
							
						
							
								
							
								
									
										
									
										
									
										
											
											<td class="fail">FAIL</td>
										
									
										
									
										
									
								
							
								
							
								
							
								
							
						
							
								
							
								
									
										
									
										
									
										
									
										
											
											<td class="fail">FAIL</td>
										
									
										
									
								
							
								
							
								
							
								
							
						
							
								
							
								
									
										
									
										
									
										
									
										
									
										
											
											<td class="fail">FAIL</td>
										
									
								
							
								
							
								
							
								
							
						
					</tr>
					
					<tr>
						<td>
							<a href="#arduino%3amegaavr%3anona4809"><b>arduino:megaavr:nona4809</b></a>
							<br />
							<small>1.8.7</small>
						</td>

						
						
						
							<td>Yes ⚠️</td>
							<td class="fail">FAIL</td>
						
						

						
							
								
							
								
							
								
									
										
											
											<td class="fail">FAIL</td>
										
									
										
									
										
									
										
									
										
									
								
							
								
							
								
							
						
							
								
							
								
							
								
									
										
									
										
											
											<td class="fail">FAIL</td>
										
									
										
									
										
									
										
									
								
							
								
							
								
							
						
							
								
							
								
							
								
									
										
									
										
									
										
											
											<td class="fail">FAIL</td>
										
									
										
									
										
									
								
							
								
							
								
							
						
							
								
							
								
							
								
									
										
									
										
									
										
									
										
											
											<td class="fail">FAIL</td>
										
									
										
									
								
							
								
							
								
							
						
							
								
							
								
							
								
									
										
									
										
									
										
									
										
									
										
											
											<td class="fail">FAIL</td>
										
									
								
							
								
							
								
							
						
					</tr>
					
					<tr>
						<td>
							<a href="#arduino%3asamd%3amkrwifi1010"><b>arduino:samd:mkrwifi1010</b></a>
							<br />
							<small>1.8.12</small>
						</td>

						
						
						
							<td>Yes ⚠️</td>
							<td class="fail">FAIL</td>
						
						

						
							
								
							
								
							
								
							
								
									
										
											
											<td class="fail">FAIL</td>
										
									
										
									
										
									
										
									
										
									
								
							
								
							
						
							
								
							
								
							
								
							
								
									
										
									
										
											
											<td class="fail">FAIL</td>
										
									
										
									
										
									
										
									
								
							
								
							
						
							
								
							
								
							
								
							
								
									
										
									
										
									
										
											
											<td class="fail">FAIL</td>
										
									
										
									
										
									
								
							
								
							
						
							
								
							
								
							
								
							
								
									
										
									
										
									
										
									
										
											
											<td class="fail">FAIL</td>
										
									
										
									
								
							
								
							
						
							
								
							
								
							
								
							
								
									
										
									
										
									
										
									
										
									
										
											
											<td class="fail">FAIL</td>
										
									
								
							
								
							
						
					</tr>
					
					<tr>
						<td>
							<a href="#esp32%3aesp32%3ad1_mini32"><b>esp32:esp32:d1_mini32</b></a>
							<br />
							<small>1.0.6</small>
						</td>

						
						
						
							<td>Yes ⚠️</td>
							<td class="fail">FAIL</td>
						
						

						
							
								
							
								
							
								
							
								
							
								
									
										
											
											<td class="fail">FAIL</td>
										
									
										
									
										
									
										
									
										
									
								
							
						
							
								
							
								
							
								
							
								
							
								
									
										
									
										
											
											<td class="fail">FAIL</td>
										
									
										
									
										
									
										
									
								
							
						
							
								
							
								
							
								
							
								
							
								
									
										
									
										
									
										
											
											<td class="fail">FAIL</td>
										
									
										
									
										
									
								
							
						
							
								
							
								
							
								
							
								
							
								
									
										
									
										
									
										
									
										
											
											<td class="fail">FAIL</td>
										
									
										
									
								
							
						
							
								
							
								
							
								
							
								
							
								
									
										
									
										
									
										
									
										
									
										
											
											<td class="fail">FAIL</td>
										
									
								
							
						
					</tr>
					
				</table>

				<h2>Compilation logs</h2>
				
				<h3 id="arduino:avr:uno">arduino:avr:uno @ 1.8.4</h3>
				<h4>Inclusion</h4>
				<p>
					Result: <b>PASS</b>
					
				</p>
				<pre class="pre-scrollable">Sketch uses 1332 bytes (4%) of program storage space. Maximum is 32256 bytes.
Global variables use 184 bytes (8%) of dynamic memory, leaving 1864 bytes for local variables. Maximum is 2048 bytes.
</pre>

					
					<h4>examples/Basic_IO</h4>
					<p>
						Result: <b>PASS</b>
					</p>
					<pre class="pre-scrollable">Sketch uses 11786 bytes (36%) of program storage space. Maximum is 32256 bytes.
Global variables use 666 bytes (32%) of dynamic memory, leaving 1382 bytes for local variables. Maximum is 2048 bytes.
</pre>
					
					<h4>examples/Callbacks</h4>
					<p>
						Result: <b>PASS</b>
					</p>
					<pre class="pre-scrollable">Sketch uses 11734 bytes (36%) of program storage space. Maximum is 32256 bytes.
Global variables use 666 bytes (32%) of dynamic memory, leaving 1382 bytes for local variables. Maximum is 2048 bytes.
</pre>
					
					<h4>examples/NoteOnOffEverySec</h4>
					<p>
						Result: <b>PASS</b>
					</p>
					<pre class="pre-scrollable">Sketch uses 12358 bytes (38%) of program storage space. Maximum is 32256 bytes.
Global variables use 718 bytes (35%) of dynamic memory, leaving 1330 bytes for local variables. Maximum is 2048 bytes.
</pre>
					
					<h4>examples/SysEx</h4>
					<p>
						Result: <b>PASS</b>
					</p>
					<pre class="pre-scrollable">Sketch uses 11970 bytes (37%) of program storage space. Maximum is 32256 bytes.
Global variables use 686 bytes (33%) of dynamic memory, leaving 1362 bytes for local variables. Maximum is 2048 bytes.
</pre>
					
					<h4>examples/SysExReceive</h4>
					<p>
						Result: <b>PASS</b>
					</p>
					<pre class="pre-scrollable">Sketch uses 12400 bytes (38%) of program storage space. Maximum is 32256 bytes.
Global variables use 690 bytes (33%) of dynamic memory, leaving 1358 bytes for local variables. Maximum is 2048 bytes.
</pre>
					
				
				<h3 id="arduino:mbed_nano:nanorp2040connect">arduino:mbed_nano:nanorp2040connect @ 2.7.2</h3>
				<h4>Inclusion</h4>
				<p>
					Result: <b>FAIL</b>
					
				</p>
				<pre class="pre-scrollable">In file included from /home/ec2-user/arduino-testlib/cli-datadir/user/libraries/USB_Host_Shield_Library_2.0/Usb.h:41:0,
                 from /home/ec2-user/arduino-testlib/cli-datadir/user/libraries/USB_Host_Shield_Library_2.0/usbh_midi.h:29,
                 from /home/ec2-user/arduino-testlib/cli-datadir/user/libraries/UHS2-MIDI/src/UHS2-MIDI.h:33,
                 from /tmp/arduino-testlib353595218/test/test.ino:1:
/home/ec2-user/arduino-testlib/cli-datadir/user/libraries/USB_Host_Shield_Library_2.0/avrpins.h:1360:2: error: #error &#34;Please define board in avrpins.h&#34;
 #error &#34;Please define board in avrpins.h&#34;
  ^~~~~
In file included from /home/ec2-user/arduino-testlib/cli-datadir/user/libraries/USB_Host_Shield_Library_2.0/Usb.h:43:0,
                 from /home/ec2-user/arduino-testlib/cli-datadir/user/libraries/USB_Host_Shield_Library_2.0/usbh_midi.h:29,
                 from /home/ec2-user/arduino-testlib/cli-datadir/user/libraries/UHS2-MIDI/src/UHS2-MIDI.h:33,
                 from /tmp/arduino-testlib353595218/test/test.ino:1:
/home/ec2-user/arduino-testlib/cli-datadir/user/libraries/USB_Host_Shield_Library_2.0/usbhost.h:126:2: error: #error &#34;No SPI entry in usbhost.h&#34;
 #error &#34;No SPI entry in usbhost.h&#34;
  ^~~~~

</pre>

					
					<h4>examples/Basic_IO</h4>
					<p>
						Result: <b>FAIL</b>
					</p>
					<pre class="pre-scrollable">In file included from /home/ec2-user/arduino-testlib/cli-datadir/user/libraries/USB_Host_Shield_Library_2.0/Usb.h:41:0,
                 from /home/ec2-user/arduino-testlib/cli-datadir/user/libraries/USB_Host_Shield_Library_2.0/usbh_midi.h:29,
                 from /home/ec2-user/arduino-testlib/cli-datadir/user/libraries/UHS2-MIDI/src/UHS2-MIDI.h:33,
                 from /home/ec2-user/arduino-testlib/cli-datadir/user/libraries/UHS2-MIDI/examples/Basic_IO/Basic_IO.ino:1:
/home/ec2-user/arduino-testlib/cli-datadir/user/libraries/USB_Host_Shield_Library_2.0/avrpins.h:1360:2: error: #error &#34;Please define board in avrpins.h&#34;
 #error &#34;Please define board in avrpins.h&#34;
  ^~~~~
In file included from /home/ec2-user/arduino-testlib/cli-datadir/user/libraries/USB_Host_Shield_Library_2.0/Usb.h:43:0,
                 from /home/ec2-user/arduino-testlib/cli-datadir/user/libraries/USB_Host_Shield_Library_2.0/usbh_midi.h:29,
                 from /home/ec2-user/arduino-testlib/cli-datadir/user/libraries/UHS2-MIDI/src/UHS2-MIDI.h:33,
                 from /home/ec2-user/arduino-testlib/cli-datadir/user/libraries/UHS2-MIDI/examples/Basic_IO/Basic_IO.ino:1:
/home/ec2-user/arduino-testlib/cli-datadir/user/libraries/USB_Host_Shield_Library_2.0/usbhost.h:126:2: error: #error &#34;No SPI entry in usbhost.h&#34;
 #error &#34;No SPI entry in usbhost.h&#34;
  ^~~~~

</pre>
					
					<h4>examples/Callbacks</h4>
					<p>
						Result: <b>FAIL</b>
					</p>
					<pre class="pre-scrollable">In file included from /home/ec2-user/arduino-testlib/cli-datadir/user/libraries/USB_Host_Shield_Library_2.0/Usb.h:41:0,
                 from /home/ec2-user/arduino-testlib/cli-datadir/user/libraries/USB_Host_Shield_Library_2.0/usbh_midi.h:29,
                 from /home/ec2-user/arduino-testlib/cli-datadir/user/libraries/UHS2-MIDI/src/UHS2-MIDI.h:33,
                 from /home/ec2-user/arduino-testlib/cli-datadir/user/libraries/UHS2-MIDI/examples/Callbacks/Callbacks.ino:1:
/home/ec2-user/arduino-testlib/cli-datadir/user/libraries/USB_Host_Shield_Library_2.0/avrpins.h:1360:2: error: #error &#34;Please define board in avrpins.h&#34;
 #error &#34;Please define board in avrpins.h&#34;
  ^~~~~
In file included from /home/ec2-user/arduino-testlib/cli-datadir/user/libraries/USB_Host_Shield_Library_2.0/Usb.h:43:0,
                 from /home/ec2-user/arduino-testlib/cli-datadir/user/libraries/USB_Host_Shield_Library_2.0/usbh_midi.h:29,
                 from /home/ec2-user/arduino-testlib/cli-datadir/user/libraries/UHS2-MIDI/src/UHS2-MIDI.h:33,
                 from /home/ec2-user/arduino-testlib/cli-datadir/user/libraries/UHS2-MIDI/examples/Callbacks/Callbacks.ino:1:
/home/ec2-user/arduino-testlib/cli-datadir/user/libraries/USB_Host_Shield_Library_2.0/usbhost.h:126:2: error: #error &#34;No SPI entry in usbhost.h&#34;
 #error &#34;No SPI entry in usbhost.h&#34;
  ^~~~~

</pre>
					
					<h4>examples/NoteOnOffEverySec</h4>
					<p>
						Result: <b>FAIL</b>
					</p>
					<pre class="pre-scrollable">In file included from /home/ec2-user/arduino-testlib/cli-datadir/user/libraries/USB_Host_Shield_Library_2.0/Usb.h:41:0,
                 from /home/ec2-user/arduino-testlib/cli-datadir/user/libraries/USB_Host_Shield_Library_2.0/usbh_midi.h:29,
                 from /home/ec2-user/arduino-testlib/cli-datadir/user/libraries/UHS2-MIDI/src/UHS2-MIDI.h:33,
                 from /home/ec2-user/arduino-testlib/cli-datadir/user/libraries/UHS2-MIDI/examples/NoteOnOffEverySec/NoteOnOffEverySec.ino:1:
/home/ec2-user/arduino-testlib/cli-datadir/user/libraries/USB_Host_Shield_Library_2.0/avrpins.h:1360:2: error: #error &#34;Please define board in avrpins.h&#34;
 #error &#34;Please define board in avrpins.h&#34;
  ^~~~~
In file included from /home/ec2-user/arduino-testlib/cli-datadir/user/libraries/USB_Host_Shield_Library_2.0/Usb.h:43:0,
                 from /home/ec2-user/arduino-testlib/cli-datadir/user/libraries/USB_Host_Shield_Library_2.0/usbh_midi.h:29,
                 from /home/ec2-user/arduino-testlib/cli-datadir/user/libraries/UHS2-MIDI/src/UHS2-MIDI.h:33,
                 from /home/ec2-user/arduino-testlib/cli-datadir/user/libraries/UHS2-MIDI/examples/NoteOnOffEverySec/NoteOnOffEverySec.ino:1:
/home/ec2-user/arduino-testlib/cli-datadir/user/libraries/USB_Host_Shield_Library_2.0/usbhost.h:126:2: error: #error &#34;No SPI entry in usbhost.h&#34;
 #error &#34;No SPI entry in usbhost.h&#34;
  ^~~~~

</pre>
					
					<h4>examples/SysEx</h4>
					<p>
						Result: <b>FAIL</b>
					</p>
					<pre class="pre-scrollable">In file included from /home/ec2-user/arduino-testlib/cli-datadir/user/libraries/USB_Host_Shield_Library_2.0/Usb.h:41:0,
                 from /home/ec2-user/arduino-testlib/cli-datadir/user/libraries/USB_Host_Shield_Library_2.0/usbh_midi.h:29,
                 from /home/ec2-user/arduino-testlib/cli-datadir/user/libraries/UHS2-MIDI/src/UHS2-MIDI.h:33,
                 from /home/ec2-user/arduino-testlib/cli-datadir/user/libraries/UHS2-MIDI/examples/SysEx/SysEx.ino:1:
/home/ec2-user/arduino-testlib/cli-datadir/user/libraries/USB_Host_Shield_Library_2.0/avrpins.h:1360:2: error: #error &#34;Please define board in avrpins.h&#34;
 #error &#34;Please define board in avrpins.h&#34;
  ^~~~~
In file included from /home/ec2-user/arduino-testlib/cli-datadir/user/libraries/USB_Host_Shield_Library_2.0/Usb.h:43:0,
                 from /home/ec2-user/arduino-testlib/cli-datadir/user/libraries/USB_Host_Shield_Library_2.0/usbh_midi.h:29,
                 from /home/ec2-user/arduino-testlib/cli-datadir/user/libraries/UHS2-MIDI/src/UHS2-MIDI.h:33,
                 from /home/ec2-user/arduino-testlib/cli-datadir/user/libraries/UHS2-MIDI/examples/SysEx/SysEx.ino:1:
/home/ec2-user/arduino-testlib/cli-datadir/user/libraries/USB_Host_Shield_Library_2.0/usbhost.h:126:2: error: #error &#34;No SPI entry in usbhost.h&#34;
 #error &#34;No SPI entry in usbhost.h&#34;
  ^~~~~

</pre>
					
					<h4>examples/SysExReceive</h4>
					<p>
						Result: <b>FAIL</b>
					</p>
					<pre class="pre-scrollable">In file included from /home/ec2-user/arduino-testlib/cli-datadir/user/libraries/USB_Host_Shield_Library_2.0/Usb.h:41:0,
                 from /home/ec2-user/arduino-testlib/cli-datadir/user/libraries/USB_Host_Shield_Library_2.0/usbh_midi.h:29,
                 from /home/ec2-user/arduino-testlib/cli-datadir/user/libraries/UHS2-MIDI/src/UHS2-MIDI.h:33,
                 from /home/ec2-user/arduino-testlib/cli-datadir/user/libraries/UHS2-MIDI/examples/SysExReceive/SysExReceive.ino:1:
/home/ec2-user/arduino-testlib/cli-datadir/user/libraries/USB_Host_Shield_Library_2.0/avrpins.h:1360:2: error: #error &#34;Please define board in avrpins.h&#34;
 #error &#34;Please define board in avrpins.h&#34;
  ^~~~~
In file included from /home/ec2-user/arduino-testlib/cli-datadir/user/libraries/USB_Host_Shield_Library_2.0/Usb.h:43:0,
                 from /home/ec2-user/arduino-testlib/cli-datadir/user/libraries/USB_Host_Shield_Library_2.0/usbh_midi.h:29,
                 from /home/ec2-user/arduino-testlib/cli-datadir/user/libraries/UHS2-MIDI/src/UHS2-MIDI.h:33,
                 from /home/ec2-user/arduino-testlib/cli-datadir/user/libraries/UHS2-MIDI/examples/SysExReceive/SysExReceive.ino:1:
/home/ec2-user/arduino-testlib/cli-datadir/user/libraries/USB_Host_Shield_Library_2.0/usbhost.h:126:2: error: #error &#34;No SPI entry in usbhost.h&#34;
 #error &#34;No SPI entry in usbhost.h&#34;
  ^~~~~

</pre>
					
				
				<h3 id="arduino:megaavr:nona4809">arduino:megaavr:nona4809 @ 1.8.7</h3>
				<h4>Inclusion</h4>
				<p>
					Result: <b>FAIL</b>
					
				</p>
				<pre class="pre-scrollable">In file included from /home/ec2-user/arduino-testlib/cli-datadir/user/libraries/USB_Host_Shield_Library_2.0/Usb.h:41:0,
                 from /home/ec2-user/arduino-testlib/cli-datadir/user/libraries/USB_Host_Shield_Library_2.0/usbh_midi.h:29,
                 from /home/ec2-user/arduino-testlib/cli-datadir/user/libraries/UHS2-MIDI/src/UHS2-MIDI.h:33,
                 from /tmp/arduino-testlib353595218/test/test.ino:1:
/home/ec2-user/arduino-testlib/cli-datadir/user/libraries/USB_Host_Shield_Library_2.0/avrpins.h:807:2: error: #error &#34;Please define board in avrpins.h&#34;
 #error &#34;Please define board in avrpins.h&#34;
  ^~~~~

</pre>

					
					<h4>examples/Basic_IO</h4>
					<p>
						Result: <b>FAIL</b>
					</p>
					<pre class="pre-scrollable">In file included from /home/ec2-user/arduino-testlib/cli-datadir/user/libraries/USB_Host_Shield_Library_2.0/Usb.h:41:0,
                 from /home/ec2-user/arduino-testlib/cli-datadir/user/libraries/USB_Host_Shield_Library_2.0/usbh_midi.h:29,
                 from /home/ec2-user/arduino-testlib/cli-datadir/user/libraries/UHS2-MIDI/src/UHS2-MIDI.h:33,
                 from /home/ec2-user/arduino-testlib/cli-datadir/user/libraries/UHS2-MIDI/examples/Basic_IO/Basic_IO.ino:1:
/home/ec2-user/arduino-testlib/cli-datadir/user/libraries/USB_Host_Shield_Library_2.0/avrpins.h:807:2: error: #error &#34;Please define board in avrpins.h&#34;
 #error &#34;Please define board in avrpins.h&#34;
  ^~~~~

</pre>
					
					<h4>examples/Callbacks</h4>
					<p>
						Result: <b>FAIL</b>
					</p>
					<pre class="pre-scrollable">In file included from /home/ec2-user/arduino-testlib/cli-datadir/user/libraries/USB_Host_Shield_Library_2.0/Usb.h:41:0,
                 from /home/ec2-user/arduino-testlib/cli-datadir/user/libraries/USB_Host_Shield_Library_2.0/usbh_midi.h:29,
                 from /home/ec2-user/arduino-testlib/cli-datadir/user/libraries/UHS2-MIDI/src/UHS2-MIDI.h:33,
                 from /home/ec2-user/arduino-testlib/cli-datadir/user/libraries/UHS2-MIDI/examples/Callbacks/Callbacks.ino:1:
/home/ec2-user/arduino-testlib/cli-datadir/user/libraries/USB_Host_Shield_Library_2.0/avrpins.h:807:2: error: #error &#34;Please define board in avrpins.h&#34;
 #error &#34;Please define board in avrpins.h&#34;
  ^~~~~

</pre>
					
					<h4>examples/NoteOnOffEverySec</h4>
					<p>
						Result: <b>FAIL</b>
					</p>
					<pre class="pre-scrollable">In file included from /home/ec2-user/arduino-testlib/cli-datadir/user/libraries/USB_Host_Shield_Library_2.0/Usb.h:41:0,
                 from /home/ec2-user/arduino-testlib/cli-datadir/user/libraries/USB_Host_Shield_Library_2.0/usbh_midi.h:29,
                 from /home/ec2-user/arduino-testlib/cli-datadir/user/libraries/UHS2-MIDI/src/UHS2-MIDI.h:33,
                 from /home/ec2-user/arduino-testlib/cli-datadir/user/libraries/UHS2-MIDI/examples/NoteOnOffEverySec/NoteOnOffEverySec.ino:1:
/home/ec2-user/arduino-testlib/cli-datadir/user/libraries/USB_Host_Shield_Library_2.0/avrpins.h:807:2: error: #error &#34;Please define board in avrpins.h&#34;
 #error &#34;Please define board in avrpins.h&#34;
  ^~~~~

</pre>
					
					<h4>examples/SysEx</h4>
					<p>
						Result: <b>FAIL</b>
					</p>
					<pre class="pre-scrollable">In file included from /home/ec2-user/arduino-testlib/cli-datadir/user/libraries/USB_Host_Shield_Library_2.0/Usb.h:41:0,
                 from /home/ec2-user/arduino-testlib/cli-datadir/user/libraries/USB_Host_Shield_Library_2.0/usbh_midi.h:29,
                 from /home/ec2-user/arduino-testlib/cli-datadir/user/libraries/UHS2-MIDI/src/UHS2-MIDI.h:33,
                 from /home/ec2-user/arduino-testlib/cli-datadir/user/libraries/UHS2-MIDI/examples/SysEx/SysEx.ino:1:
/home/ec2-user/arduino-testlib/cli-datadir/user/libraries/USB_Host_Shield_Library_2.0/avrpins.h:807:2: error: #error &#34;Please define board in avrpins.h&#34;
 #error &#34;Please define board in avrpins.h&#34;
  ^~~~~

</pre>
					
					<h4>examples/SysExReceive</h4>
					<p>
						Result: <b>FAIL</b>
					</p>
					<pre class="pre-scrollable">In file included from /home/ec2-user/arduino-testlib/cli-datadir/user/libraries/USB_Host_Shield_Library_2.0/Usb.h:41:0,
                 from /home/ec2-user/arduino-testlib/cli-datadir/user/libraries/USB_Host_Shield_Library_2.0/usbh_midi.h:29,
                 from /home/ec2-user/arduino-testlib/cli-datadir/user/libraries/UHS2-MIDI/src/UHS2-MIDI.h:33,
                 from /home/ec2-user/arduino-testlib/cli-datadir/user/libraries/UHS2-MIDI/examples/SysExReceive/SysExReceive.ino:1:
/home/ec2-user/arduino-testlib/cli-datadir/user/libraries/USB_Host_Shield_Library_2.0/avrpins.h:807:2: error: #error &#34;Please define board in avrpins.h&#34;
 #error &#34;Please define board in avrpins.h&#34;
  ^~~~~

</pre>
					
				
				<h3 id="arduino:samd:mkrwifi1010">arduino:samd:mkrwifi1010 @ 1.8.12</h3>
				<h4>Inclusion</h4>
				<p>
					Result: <b>FAIL</b>
					
				</p>
				<pre class="pre-scrollable">In file included from /home/ec2-user/arduino-testlib/cli-datadir/user/libraries/USB_Host_Shield_Library_2.0/Usb.h:41:0,
                 from /home/ec2-user/arduino-testlib/cli-datadir/user/libraries/USB_Host_Shield_Library_2.0/usbh_midi.h:29,
                 from /home/ec2-user/arduino-testlib/cli-datadir/user/libraries/UHS2-MIDI/src/UHS2-MIDI.h:33,
                 from /tmp/arduino-testlib3548668386/test/test.ino:1:
/home/ec2-user/arduino-testlib/cli-datadir/user/libraries/USB_Host_Shield_Library_2.0/avrpins.h:1360:2: error: #error &#34;Please define board in avrpins.h&#34;
 #error &#34;Please define board in avrpins.h&#34;
  ^~~~~

</pre>

					
					<h4>examples/Basic_IO</h4>
					<p>
						Result: <b>FAIL</b>
					</p>
					<pre class="pre-scrollable">In file included from /home/ec2-user/arduino-testlib/cli-datadir/user/libraries/USB_Host_Shield_Library_2.0/Usb.h:41:0,
                 from /home/ec2-user/arduino-testlib/cli-datadir/user/libraries/USB_Host_Shield_Library_2.0/usbh_midi.h:29,
                 from /home/ec2-user/arduino-testlib/cli-datadir/user/libraries/UHS2-MIDI/src/UHS2-MIDI.h:33,
                 from /home/ec2-user/arduino-testlib/cli-datadir/user/libraries/UHS2-MIDI/examples/Basic_IO/Basic_IO.ino:1:
/home/ec2-user/arduino-testlib/cli-datadir/user/libraries/USB_Host_Shield_Library_2.0/avrpins.h:1360:2: error: #error &#34;Please define board in avrpins.h&#34;
 #error &#34;Please define board in avrpins.h&#34;
  ^~~~~

</pre>
					
					<h4>examples/Callbacks</h4>
					<p>
						Result: <b>FAIL</b>
					</p>
					<pre class="pre-scrollable">In file included from /home/ec2-user/arduino-testlib/cli-datadir/user/libraries/USB_Host_Shield_Library_2.0/Usb.h:41:0,
                 from /home/ec2-user/arduino-testlib/cli-datadir/user/libraries/USB_Host_Shield_Library_2.0/usbh_midi.h:29,
                 from /home/ec2-user/arduino-testlib/cli-datadir/user/libraries/UHS2-MIDI/src/UHS2-MIDI.h:33,
                 from /home/ec2-user/arduino-testlib/cli-datadir/user/libraries/UHS2-MIDI/examples/Callbacks/Callbacks.ino:1:
/home/ec2-user/arduino-testlib/cli-datadir/user/libraries/USB_Host_Shield_Library_2.0/avrpins.h:1360:2: error: #error &#34;Please define board in avrpins.h&#34;
 #error &#34;Please define board in avrpins.h&#34;
  ^~~~~

</pre>
					
					<h4>examples/NoteOnOffEverySec</h4>
					<p>
						Result: <b>FAIL</b>
					</p>
					<pre class="pre-scrollable">In file included from /home/ec2-user/arduino-testlib/cli-datadir/user/libraries/USB_Host_Shield_Library_2.0/Usb.h:41:0,
                 from /home/ec2-user/arduino-testlib/cli-datadir/user/libraries/USB_Host_Shield_Library_2.0/usbh_midi.h:29,
                 from /home/ec2-user/arduino-testlib/cli-datadir/user/libraries/UHS2-MIDI/src/UHS2-MIDI.h:33,
                 from /home/ec2-user/arduino-testlib/cli-datadir/user/libraries/UHS2-MIDI/examples/NoteOnOffEverySec/NoteOnOffEverySec.ino:1:
/home/ec2-user/arduino-testlib/cli-datadir/user/libraries/USB_Host_Shield_Library_2.0/avrpins.h:1360:2: error: #error &#34;Please define board in avrpins.h&#34;
 #error &#34;Please define board in avrpins.h&#34;
  ^~~~~

</pre>
					
					<h4>examples/SysEx</h4>
					<p>
						Result: <b>FAIL</b>
					</p>
					<pre class="pre-scrollable">In file included from /home/ec2-user/arduino-testlib/cli-datadir/user/libraries/USB_Host_Shield_Library_2.0/Usb.h:41:0,
                 from /home/ec2-user/arduino-testlib/cli-datadir/user/libraries/USB_Host_Shield_Library_2.0/usbh_midi.h:29,
                 from /home/ec2-user/arduino-testlib/cli-datadir/user/libraries/UHS2-MIDI/src/UHS2-MIDI.h:33,
                 from /home/ec2-user/arduino-testlib/cli-datadir/user/libraries/UHS2-MIDI/examples/SysEx/SysEx.ino:1:
/home/ec2-user/arduino-testlib/cli-datadir/user/libraries/USB_Host_Shield_Library_2.0/avrpins.h:1360:2: error: #error &#34;Please define board in avrpins.h&#34;
 #error &#34;Please define board in avrpins.h&#34;
  ^~~~~

</pre>
					
					<h4>examples/SysExReceive</h4>
					<p>
						Result: <b>FAIL</b>
					</p>
					<pre class="pre-scrollable">In file included from /home/ec2-user/arduino-testlib/cli-datadir/user/libraries/USB_Host_Shield_Library_2.0/Usb.h:41:0,
                 from /home/ec2-user/arduino-testlib/cli-datadir/user/libraries/USB_Host_Shield_Library_2.0/usbh_midi.h:29,
                 from /home/ec2-user/arduino-testlib/cli-datadir/user/libraries/UHS2-MIDI/src/UHS2-MIDI.h:33,
                 from /home/ec2-user/arduino-testlib/cli-datadir/user/libraries/UHS2-MIDI/examples/SysExReceive/SysExReceive.ino:1:
/home/ec2-user/arduino-testlib/cli-datadir/user/libraries/USB_Host_Shield_Library_2.0/avrpins.h:1360:2: error: #error &#34;Please define board in avrpins.h&#34;
 #error &#34;Please define board in avrpins.h&#34;
  ^~~~~

</pre>
					
				
				<h3 id="esp32:esp32:d1_mini32">esp32:esp32:d1_mini32 @ 1.0.6</h3>
				<h4>Inclusion</h4>
				<p>
					Result: <b>FAIL</b>
					
				</p>
				<pre class="pre-scrollable">In file included from /home/ec2-user/arduino-testlib/cli-datadir/user/libraries/USB_Host_Shield_Library_2.0/Usb.h:43:0,
                 from /home/ec2-user/arduino-testlib/cli-datadir/user/libraries/USB_Host_Shield_Library_2.0/usbh_midi.h:29,
                 from /home/ec2-user/arduino-testlib/cli-datadir/user/libraries/UHS2-MIDI/src/UHS2-MIDI.h:33,
                 from /tmp/arduino-testlib4191565258/test/test.ino:1:
/home/ec2-user/arduino-testlib/cli-datadir/user/libraries/USB_Host_Shield_Library_2.0/usbhost.h:103:25: error: &#39;PSCK&#39; was not declared in this scope
 #define APPEND_PIN(pin) P ## pin // Appends the pin to &#39;P&#39;, e.g. 1 becomes P1
                         ^
/home/ec2-user/arduino-testlib/cli-datadir/user/libraries/USB_Host_Shield_Library_2.0/usbhost.h:100:23: note: in expansion of macro &#39;APPEND_PIN&#39;
 #define PASTE(x, ...) x ## __VA_ARGS__
                       ^
/home/ec2-user/arduino-testlib/cli-datadir/user/libraries/USB_Host_Shield_Library_2.0/usbhost.h:101:34: note: in expansion of macro &#39;PASTE&#39;
 #define EVALUATING_PASTE(x, ...) PASTE(x, __VA_ARGS__)
                                  ^
/home/ec2-user/arduino-testlib/cli-datadir/user/libraries/USB_Host_Shield_Library_2.0/usbhost.h:104:21: note: in expansion of macro &#39;EVALUATING_PASTE&#39;
 #define MAKE_PIN(x) EVALUATING_PASTE(APPEND_, PIN(UNPAREN(x)))
                     ^
/home/ec2-user/arduino-testlib/cli-datadir/user/libraries/USB_Host_Shield_Library_2.0/usbhost.h:105:14: note: in expansion of macro &#39;MAKE_PIN&#39;
 typedef SPi&lt; MAKE_PIN(PIN_SPI_SCK), MAKE_PIN(PIN_SPI_MOSI), MAKE_PIN(PIN_SPI_MISO), MAKE_PIN(PIN_SPI_SS) &gt; spi;
              ^
/home/ec2-user/arduino-testlib/cli-datadir/user/libraries/USB_Host_Shield_Library_2.0/usbhost.h:103:25: error: &#39;PMOSI&#39; was not declared in this scope
 #define APPEND_PIN(pin) P ## pin // Appends the pin to &#39;P&#39;, e.g. 1 becomes P1
                         ^
/home/ec2-user/arduino-testlib/cli-datadir/user/libraries/USB_Host_Shield_Library_2.0/usbhost.h:100:23: note: in expansion of macro &#39;APPEND_PIN&#39;
 #define PASTE(x, ...) x ## __VA_ARGS__
                       ^
/home/ec2-user/arduino-testlib/cli-datadir/user/libraries/USB_Host_Shield_Library_2.0/usbhost.h:101:34: note: in expansion of macro &#39;PASTE&#39;
 #define EVALUATING_PASTE(x, ...) PASTE(x, __VA_ARGS__)
                                  ^
/home/ec2-user/arduino-testlib/cli-datadir/user/libraries/USB_Host_Shield_Library_2.0/usbhost.h:104:21: note: in expansion of macro &#39;EVALUATING_PASTE&#39;
 #define MAKE_PIN(x) EVALUATING_PASTE(APPEND_, PIN(UNPAREN(x)))
                     ^
/home/ec2-user/arduino-testlib/cli-datadir/user/libraries/USB_Host_Shield_Library_2.0/usbhost.h:105:37: note: in expansion of macro &#39;MAKE_PIN&#39;
 typedef SPi&lt; MAKE_PIN(PIN_SPI_SCK), MAKE_PIN(PIN_SPI_MOSI), MAKE_PIN(PIN_SPI_MISO), MAKE_PIN(PIN_SPI_SS) &gt; spi;
                                     ^
/home/ec2-user/arduino-testlib/cli-datadir/user/libraries/USB_Host_Shield_Library_2.0/usbhost.h:103:25: error: &#39;PMISO&#39; was not declared in this scope
 #define APPEND_PIN(pin) P ## pin // Appends the pin to &#39;P&#39;, e.g. 1 becomes P1
                         ^
/home/ec2-user/arduino-testlib/cli-datadir/user/libraries/USB_Host_Shield_Library_2.0/usbhost.h:100:23: note: in expansion of macro &#39;APPEND_PIN&#39;
 #define PASTE(x, ...) x ## __VA_ARGS__
                       ^
/home/ec2-user/arduino-testlib/cli-datadir/user/libraries/USB_Host_Shield_Library_2.0/usbhost.h:101:34: note: in expansion of macro &#39;PASTE&#39;
 #define EVALUATING_PASTE(x, ...) PASTE(x, __VA_ARGS__)
                                  ^
/home/ec2-user/arduino-testlib/cli-datadir/user/libraries/USB_Host_Shield_Library_2.0/usbhost.h:104:21: note: in expansion of macro &#39;EVALUATING_PASTE&#39;
 #define MAKE_PIN(x) EVALUATING_PASTE(APPEND_, PIN(UNPAREN(x)))
                     ^
/home/ec2-user/arduino-testlib/cli-datadir/user/libraries/USB_Host_Shield_Library_2.0/usbhost.h:105:61: note: in expansion of macro &#39;MAKE_PIN&#39;
 typedef SPi&lt; MAKE_PIN(PIN_SPI_SCK), MAKE_PIN(PIN_SPI_MOSI), MAKE_PIN(PIN_SPI_MISO), MAKE_PIN(PIN_SPI_SS) &gt; spi;
                                                             ^
/home/ec2-user/arduino-testlib/cli-datadir/user/libraries/USB_Host_Shield_Library_2.0/usbhost.h:103:25: error: &#39;PSS&#39; was not declared in this scope
 #define APPEND_PIN(pin) P ## pin // Appends the pin to &#39;P&#39;, e.g. 1 becomes P1
                         ^
/home/ec2-user/arduino-testlib/cli-datadir/user/libraries/USB_Host_Shield_Library_2.0/usbhost.h:100:23: note: in expansion of macro &#39;APPEND_PIN&#39;
 #define PASTE(x, ...) x ## __VA_ARGS__
                       ^
/home/ec2-user/arduino-testlib/cli-datadir/user/libraries/USB_Host_Shield_Library_2.0/usbhost.h:101:34: note: in expansion of macro &#39;PASTE&#39;
 #define EVALUATING_PASTE(x, ...) PASTE(x, __VA_ARGS__)
                                  ^
/home/ec2-user/arduino-testlib/cli-datadir/user/libraries/USB_Host_Shield_Library_2.0/usbhost.h:104:21: note: in expansion of macro &#39;EVALUATING_PASTE&#39;
 #define MAKE_PIN(x) EVALUATING_PASTE(APPEND_, PIN(UNPAREN(x)))
                     ^
/home/ec2-user/arduino-testlib/cli-datadir/user/libraries/USB_Host_Shield_Library_2.0/usbhost.h:105:85: note: in expansion of macro &#39;MAKE_PIN&#39;
 typedef SPi&lt; MAKE_PIN(PIN_SPI_SCK), MAKE_PIN(PIN_SPI_MOSI), MAKE_PIN(PIN_SPI_MISO), MAKE_PIN(PIN_SPI_SS) &gt; spi;
                                                                                     ^
/home/ec2-user/arduino-testlib/cli-datadir/user/libraries/USB_Host_Shield_Library_2.0/usbhost.h:105:106: error: template argument 1 is invalid
 typedef SPi&lt; MAKE_PIN(PIN_SPI_SCK), MAKE_PIN(PIN_SPI_MOSI), MAKE_PIN(PIN_SPI_MISO), MAKE_PIN(PIN_SPI_SS) &gt; spi;
                                                                                                          ^
/home/ec2-user/arduino-testlib/cli-datadir/user/libraries/USB_Host_Shield_Library_2.0/usbhost.h:105:106: error: template argument 2 is invalid
/home/ec2-user/arduino-testlib/cli-datadir/user/libraries/USB_Host_Shield_Library_2.0/usbhost.h:105:106: error: template argument 3 is invalid
/home/ec2-user/arduino-testlib/cli-datadir/user/libraries/USB_Host_Shield_Library_2.0/usbhost.h:105:106: error: template argument 4 is invalid
In file included from /home/ec2-user/arduino-testlib/cli-datadir/user/libraries/USB_Host_Shield_Library_2.0/Usb.h:43:0,
                 from /home/ec2-user/arduino-testlib/cli-datadir/user/libraries/USB_Host_Shield_Library_2.0/usbh_midi.h:29,
                 from /home/ec2-user/arduino-testlib/cli-datadir/user/libraries/UHS2-MIDI/src/UHS2-MIDI.h:33,
                 from /tmp/arduino-testlib4191565258/test/test.ino:1:
/home/ec2-user/arduino-testlib/cli-datadir/user/libraries/USB_Host_Shield_Library_2.0/usbhost.h: In member function &#39;int8_t MAX3421e&lt;SPI_SS, INTR&gt;::Init()&#39;:
/home/ec2-user/arduino-testlib/cli-datadir/user/libraries/USB_Host_Shield_Library_2.0/usbhost.h:432:18: error: qualified-id in declaration before &#39;(&#39; token
         spi::init();
                  ^
/home/ec2-user/arduino-testlib/cli-datadir/user/libraries/USB_Host_Shield_Library_2.0/usbhost.h: In member function &#39;int8_t MAX3421e&lt;SPI_SS, INTR&gt;::Init(int)&#39;:
/home/ec2-user/arduino-testlib/cli-datadir/user/libraries/USB_Host_Shield_Library_2.0/usbhost.h:469:18: error: qualified-id in declaration before &#39;(&#39; token
         spi::init();
                  ^

</pre>

					
					<h4>examples/Basic_IO</h4>
					<p>
						Result: <b>FAIL</b>
					</p>
					<pre class="pre-scrollable">In file included from /home/ec2-user/arduino-testlib/cli-datadir/user/libraries/USB_Host_Shield_Library_2.0/Usb.h:43:0,
                 from /home/ec2-user/arduino-testlib/cli-datadir/user/libraries/USB_Host_Shield_Library_2.0/usbh_midi.h:29,
                 from /home/ec2-user/arduino-testlib/cli-datadir/user/libraries/UHS2-MIDI/src/UHS2-MIDI.h:33,
                 from /home/ec2-user/arduino-testlib/cli-datadir/user/libraries/UHS2-MIDI/examples/Basic_IO/Basic_IO.ino:1:
/home/ec2-user/arduino-testlib/cli-datadir/user/libraries/USB_Host_Shield_Library_2.0/usbhost.h:103:25: error: &#39;PSCK&#39; was not declared in this scope
 #define APPEND_PIN(pin) P ## pin // Appends the pin to &#39;P&#39;, e.g. 1 becomes P1
                         ^
/home/ec2-user/arduino-testlib/cli-datadir/user/libraries/USB_Host_Shield_Library_2.0/usbhost.h:100:23: note: in expansion of macro &#39;APPEND_PIN&#39;
 #define PASTE(x, ...) x ## __VA_ARGS__
                       ^
/home/ec2-user/arduino-testlib/cli-datadir/user/libraries/USB_Host_Shield_Library_2.0/usbhost.h:101:34: note: in expansion of macro &#39;PASTE&#39;
 #define EVALUATING_PASTE(x, ...) PASTE(x, __VA_ARGS__)
                                  ^
/home/ec2-user/arduino-testlib/cli-datadir/user/libraries/USB_Host_Shield_Library_2.0/usbhost.h:104:21: note: in expansion of macro &#39;EVALUATING_PASTE&#39;
 #define MAKE_PIN(x) EVALUATING_PASTE(APPEND_, PIN(UNPAREN(x)))
                     ^
/home/ec2-user/arduino-testlib/cli-datadir/user/libraries/USB_Host_Shield_Library_2.0/usbhost.h:105:14: note: in expansion of macro &#39;MAKE_PIN&#39;
 typedef SPi&lt; MAKE_PIN(PIN_SPI_SCK), MAKE_PIN(PIN_SPI_MOSI), MAKE_PIN(PIN_SPI_MISO), MAKE_PIN(PIN_SPI_SS) &gt; spi;
              ^
/home/ec2-user/arduino-testlib/cli-datadir/user/libraries/USB_Host_Shield_Library_2.0/usbhost.h:103:25: error: &#39;PMOSI&#39; was not declared in this scope
 #define APPEND_PIN(pin) P ## pin // Appends the pin to &#39;P&#39;, e.g. 1 becomes P1
                         ^
/home/ec2-user/arduino-testlib/cli-datadir/user/libraries/USB_Host_Shield_Library_2.0/usbhost.h:100:23: note: in expansion of macro &#39;APPEND_PIN&#39;
 #define PASTE(x, ...) x ## __VA_ARGS__
                       ^
/home/ec2-user/arduino-testlib/cli-datadir/user/libraries/USB_Host_Shield_Library_2.0/usbhost.h:101:34: note: in expansion of macro &#39;PASTE&#39;
 #define EVALUATING_PASTE(x, ...) PASTE(x, __VA_ARGS__)
                                  ^
/home/ec2-user/arduino-testlib/cli-datadir/user/libraries/USB_Host_Shield_Library_2.0/usbhost.h:104:21: note: in expansion of macro &#39;EVALUATING_PASTE&#39;
 #define MAKE_PIN(x) EVALUATING_PASTE(APPEND_, PIN(UNPAREN(x)))
                     ^
/home/ec2-user/arduino-testlib/cli-datadir/user/libraries/USB_Host_Shield_Library_2.0/usbhost.h:105:37: note: in expansion of macro &#39;MAKE_PIN&#39;
 typedef SPi&lt; MAKE_PIN(PIN_SPI_SCK), MAKE_PIN(PIN_SPI_MOSI), MAKE_PIN(PIN_SPI_MISO), MAKE_PIN(PIN_SPI_SS) &gt; spi;
                                     ^
/home/ec2-user/arduino-testlib/cli-datadir/user/libraries/USB_Host_Shield_Library_2.0/usbhost.h:103:25: error: &#39;PMISO&#39; was not declared in this scope
 #define APPEND_PIN(pin) P ## pin // Appends the pin to &#39;P&#39;, e.g. 1 becomes P1
                         ^
/home/ec2-user/arduino-testlib/cli-datadir/user/libraries/USB_Host_Shield_Library_2.0/usbhost.h:100:23: note: in expansion of macro &#39;APPEND_PIN&#39;
 #define PASTE(x, ...) x ## __VA_ARGS__
                       ^
/home/ec2-user/arduino-testlib/cli-datadir/user/libraries/USB_Host_Shield_Library_2.0/usbhost.h:101:34: note: in expansion of macro &#39;PASTE&#39;
 #define EVALUATING_PASTE(x, ...) PASTE(x, __VA_ARGS__)
                                  ^
/home/ec2-user/arduino-testlib/cli-datadir/user/libraries/USB_Host_Shield_Library_2.0/usbhost.h:104:21: note: in expansion of macro &#39;EVALUATING_PASTE&#39;
 #define MAKE_PIN(x) EVALUATING_PASTE(APPEND_, PIN(UNPAREN(x)))
                     ^
/home/ec2-user/arduino-testlib/cli-datadir/user/libraries/USB_Host_Shield_Library_2.0/usbhost.h:105:61: note: in expansion of macro &#39;MAKE_PIN&#39;
 typedef SPi&lt; MAKE_PIN(PIN_SPI_SCK), MAKE_PIN(PIN_SPI_MOSI), MAKE_PIN(PIN_SPI_MISO), MAKE_PIN(PIN_SPI_SS) &gt; spi;
                                                             ^
/home/ec2-user/arduino-testlib/cli-datadir/user/libraries/USB_Host_Shield_Library_2.0/usbhost.h:103:25: error: &#39;PSS&#39; was not declared in this scope
 #define APPEND_PIN(pin) P ## pin // Appends the pin to &#39;P&#39;, e.g. 1 becomes P1
                         ^
/home/ec2-user/arduino-testlib/cli-datadir/user/libraries/USB_Host_Shield_Library_2.0/usbhost.h:100:23: note: in expansion of macro &#39;APPEND_PIN&#39;
 #define PASTE(x, ...) x ## __VA_ARGS__
                       ^
/home/ec2-user/arduino-testlib/cli-datadir/user/libraries/USB_Host_Shield_Library_2.0/usbhost.h:101:34: note: in expansion of macro &#39;PASTE&#39;
 #define EVALUATING_PASTE(x, ...) PASTE(x, __VA_ARGS__)
                                  ^
/home/ec2-user/arduino-testlib/cli-datadir/user/libraries/USB_Host_Shield_Library_2.0/usbhost.h:104:21: note: in expansion of macro &#39;EVALUATING_PASTE&#39;
 #define MAKE_PIN(x) EVALUATING_PASTE(APPEND_, PIN(UNPAREN(x)))
                     ^
/home/ec2-user/arduino-testlib/cli-datadir/user/libraries/USB_Host_Shield_Library_2.0/usbhost.h:105:85: note: in expansion of macro &#39;MAKE_PIN&#39;
 typedef SPi&lt; MAKE_PIN(PIN_SPI_SCK), MAKE_PIN(PIN_SPI_MOSI), MAKE_PIN(PIN_SPI_MISO), MAKE_PIN(PIN_SPI_SS) &gt; spi;
                                                                                     ^
/home/ec2-user/arduino-testlib/cli-datadir/user/libraries/USB_Host_Shield_Library_2.0/usbhost.h:105:106: error: template argument 1 is invalid
 typedef SPi&lt; MAKE_PIN(PIN_SPI_SCK), MAKE_PIN(PIN_SPI_MOSI), MAKE_PIN(PIN_SPI_MISO), MAKE_PIN(PIN_SPI_SS) &gt; spi;
                                                                                                          ^
/home/ec2-user/arduino-testlib/cli-datadir/user/libraries/USB_Host_Shield_Library_2.0/usbhost.h:105:106: error: template argument 2 is invalid
/home/ec2-user/arduino-testlib/cli-datadir/user/libraries/USB_Host_Shield_Library_2.0/usbhost.h:105:106: error: template argument 3 is invalid
/home/ec2-user/arduino-testlib/cli-datadir/user/libraries/USB_Host_Shield_Library_2.0/usbhost.h:105:106: error: template argument 4 is invalid
In file included from /home/ec2-user/arduino-testlib/cli-datadir/user/libraries/USB_Host_Shield_Library_2.0/Usb.h:43:0,
                 from /home/ec2-user/arduino-testlib/cli-datadir/user/libraries/USB_Host_Shield_Library_2.0/usbh_midi.h:29,
                 from /home/ec2-user/arduino-testlib/cli-datadir/user/libraries/UHS2-MIDI/src/UHS2-MIDI.h:33,
                 from /home/ec2-user/arduino-testlib/cli-datadir/user/libraries/UHS2-MIDI/examples/Basic_IO/Basic_IO.ino:1:
/home/ec2-user/arduino-testlib/cli-datadir/user/libraries/USB_Host_Shield_Library_2.0/usbhost.h: In member function &#39;int8_t MAX3421e&lt;SPI_SS, INTR&gt;::Init()&#39;:
/home/ec2-user/arduino-testlib/cli-datadir/user/libraries/USB_Host_Shield_Library_2.0/usbhost.h:432:18: error: qualified-id in declaration before &#39;(&#39; token
         spi::init();
                  ^
/home/ec2-user/arduino-testlib/cli-datadir/user/libraries/USB_Host_Shield_Library_2.0/usbhost.h: In member function &#39;int8_t MAX3421e&lt;SPI_SS, INTR&gt;::Init(int)&#39;:
/home/ec2-user/arduino-testlib/cli-datadir/user/libraries/USB_Host_Shield_Library_2.0/usbhost.h:469:18: error: qualified-id in declaration before &#39;(&#39; token
         spi::init();
                  ^

</pre>
					
					<h4>examples/Callbacks</h4>
					<p>
						Result: <b>FAIL</b>
					</p>
					<pre class="pre-scrollable">In file included from /home/ec2-user/arduino-testlib/cli-datadir/user/libraries/USB_Host_Shield_Library_2.0/Usb.h:43:0,
                 from /home/ec2-user/arduino-testlib/cli-datadir/user/libraries/USB_Host_Shield_Library_2.0/usbh_midi.h:29,
                 from /home/ec2-user/arduino-testlib/cli-datadir/user/libraries/UHS2-MIDI/src/UHS2-MIDI.h:33,
                 from /home/ec2-user/arduino-testlib/cli-datadir/user/libraries/UHS2-MIDI/examples/Callbacks/Callbacks.ino:1:
/home/ec2-user/arduino-testlib/cli-datadir/user/libraries/USB_Host_Shield_Library_2.0/usbhost.h:103:25: error: &#39;PSCK&#39; was not declared in this scope
 #define APPEND_PIN(pin) P ## pin // Appends the pin to &#39;P&#39;, e.g. 1 becomes P1
                         ^
/home/ec2-user/arduino-testlib/cli-datadir/user/libraries/USB_Host_Shield_Library_2.0/usbhost.h:100:23: note: in expansion of macro &#39;APPEND_PIN&#39;
 #define PASTE(x, ...) x ## __VA_ARGS__
                       ^
/home/ec2-user/arduino-testlib/cli-datadir/user/libraries/USB_Host_Shield_Library_2.0/usbhost.h:101:34: note: in expansion of macro &#39;PASTE&#39;
 #define EVALUATING_PASTE(x, ...) PASTE(x, __VA_ARGS__)
                                  ^
/home/ec2-user/arduino-testlib/cli-datadir/user/libraries/USB_Host_Shield_Library_2.0/usbhost.h:104:21: note: in expansion of macro &#39;EVALUATING_PASTE&#39;
 #define MAKE_PIN(x) EVALUATING_PASTE(APPEND_, PIN(UNPAREN(x)))
                     ^
/home/ec2-user/arduino-testlib/cli-datadir/user/libraries/USB_Host_Shield_Library_2.0/usbhost.h:105:14: note: in expansion of macro &#39;MAKE_PIN&#39;
 typedef SPi&lt; MAKE_PIN(PIN_SPI_SCK), MAKE_PIN(PIN_SPI_MOSI), MAKE_PIN(PIN_SPI_MISO), MAKE_PIN(PIN_SPI_SS) &gt; spi;
              ^
/home/ec2-user/arduino-testlib/cli-datadir/user/libraries/USB_Host_Shield_Library_2.0/usbhost.h:103:25: error: &#39;PMOSI&#39; was not declared in this scope
 #define APPEND_PIN(pin) P ## pin // Appends the pin to &#39;P&#39;, e.g. 1 becomes P1
                         ^
/home/ec2-user/arduino-testlib/cli-datadir/user/libraries/USB_Host_Shield_Library_2.0/usbhost.h:100:23: note: in expansion of macro &#39;APPEND_PIN&#39;
 #define PASTE(x, ...) x ## __VA_ARGS__
                       ^
/home/ec2-user/arduino-testlib/cli-datadir/user/libraries/USB_Host_Shield_Library_2.0/usbhost.h:101:34: note: in expansion of macro &#39;PASTE&#39;
 #define EVALUATING_PASTE(x, ...) PASTE(x, __VA_ARGS__)
                                  ^
/home/ec2-user/arduino-testlib/cli-datadir/user/libraries/USB_Host_Shield_Library_2.0/usbhost.h:104:21: note: in expansion of macro &#39;EVALUATING_PASTE&#39;
 #define MAKE_PIN(x) EVALUATING_PASTE(APPEND_, PIN(UNPAREN(x)))
                     ^
/home/ec2-user/arduino-testlib/cli-datadir/user/libraries/USB_Host_Shield_Library_2.0/usbhost.h:105:37: note: in expansion of macro &#39;MAKE_PIN&#39;
 typedef SPi&lt; MAKE_PIN(PIN_SPI_SCK), MAKE_PIN(PIN_SPI_MOSI), MAKE_PIN(PIN_SPI_MISO), MAKE_PIN(PIN_SPI_SS) &gt; spi;
                                     ^
/home/ec2-user/arduino-testlib/cli-datadir/user/libraries/USB_Host_Shield_Library_2.0/usbhost.h:103:25: error: &#39;PMISO&#39; was not declared in this scope
 #define APPEND_PIN(pin) P ## pin // Appends the pin to &#39;P&#39;, e.g. 1 becomes P1
                         ^
/home/ec2-user/arduino-testlib/cli-datadir/user/libraries/USB_Host_Shield_Library_2.0/usbhost.h:100:23: note: in expansion of macro &#39;APPEND_PIN&#39;
 #define PASTE(x, ...) x ## __VA_ARGS__
                       ^
/home/ec2-user/arduino-testlib/cli-datadir/user/libraries/USB_Host_Shield_Library_2.0/usbhost.h:101:34: note: in expansion of macro &#39;PASTE&#39;
 #define EVALUATING_PASTE(x, ...) PASTE(x, __VA_ARGS__)
                                  ^
/home/ec2-user/arduino-testlib/cli-datadir/user/libraries/USB_Host_Shield_Library_2.0/usbhost.h:104:21: note: in expansion of macro &#39;EVALUATING_PASTE&#39;
 #define MAKE_PIN(x) EVALUATING_PASTE(APPEND_, PIN(UNPAREN(x)))
                     ^
/home/ec2-user/arduino-testlib/cli-datadir/user/libraries/USB_Host_Shield_Library_2.0/usbhost.h:105:61: note: in expansion of macro &#39;MAKE_PIN&#39;
 typedef SPi&lt; MAKE_PIN(PIN_SPI_SCK), MAKE_PIN(PIN_SPI_MOSI), MAKE_PIN(PIN_SPI_MISO), MAKE_PIN(PIN_SPI_SS) &gt; spi;
                                                             ^
/home/ec2-user/arduino-testlib/cli-datadir/user/libraries/USB_Host_Shield_Library_2.0/usbhost.h:103:25: error: &#39;PSS&#39; was not declared in this scope
 #define APPEND_PIN(pin) P ## pin // Appends the pin to &#39;P&#39;, e.g. 1 becomes P1
                         ^
/home/ec2-user/arduino-testlib/cli-datadir/user/libraries/USB_Host_Shield_Library_2.0/usbhost.h:100:23: note: in expansion of macro &#39;APPEND_PIN&#39;
 #define PASTE(x, ...) x ## __VA_ARGS__
                       ^
/home/ec2-user/arduino-testlib/cli-datadir/user/libraries/USB_Host_Shield_Library_2.0/usbhost.h:101:34: note: in expansion of macro &#39;PASTE&#39;
 #define EVALUATING_PASTE(x, ...) PASTE(x, __VA_ARGS__)
                                  ^
/home/ec2-user/arduino-testlib/cli-datadir/user/libraries/USB_Host_Shield_Library_2.0/usbhost.h:104:21: note: in expansion of macro &#39;EVALUATING_PASTE&#39;
 #define MAKE_PIN(x) EVALUATING_PASTE(APPEND_, PIN(UNPAREN(x)))
                     ^
/home/ec2-user/arduino-testlib/cli-datadir/user/libraries/USB_Host_Shield_Library_2.0/usbhost.h:105:85: note: in expansion of macro &#39;MAKE_PIN&#39;
 typedef SPi&lt; MAKE_PIN(PIN_SPI_SCK), MAKE_PIN(PIN_SPI_MOSI), MAKE_PIN(PIN_SPI_MISO), MAKE_PIN(PIN_SPI_SS) &gt; spi;
                                                                                     ^
/home/ec2-user/arduino-testlib/cli-datadir/user/libraries/USB_Host_Shield_Library_2.0/usbhost.h:105:106: error: template argument 1 is invalid
 typedef SPi&lt; MAKE_PIN(PIN_SPI_SCK), MAKE_PIN(PIN_SPI_MOSI), MAKE_PIN(PIN_SPI_MISO), MAKE_PIN(PIN_SPI_SS) &gt; spi;
                                                                                                          ^
/home/ec2-user/arduino-testlib/cli-datadir/user/libraries/USB_Host_Shield_Library_2.0/usbhost.h:105:106: error: template argument 2 is invalid
/home/ec2-user/arduino-testlib/cli-datadir/user/libraries/USB_Host_Shield_Library_2.0/usbhost.h:105:106: error: template argument 3 is invalid
/home/ec2-user/arduino-testlib/cli-datadir/user/libraries/USB_Host_Shield_Library_2.0/usbhost.h:105:106: error: template argument 4 is invalid
In file included from /home/ec2-user/arduino-testlib/cli-datadir/user/libraries/USB_Host_Shield_Library_2.0/Usb.h:43:0,
                 from /home/ec2-user/arduino-testlib/cli-datadir/user/libraries/USB_Host_Shield_Library_2.0/usbh_midi.h:29,
                 from /home/ec2-user/arduino-testlib/cli-datadir/user/libraries/UHS2-MIDI/src/UHS2-MIDI.h:33,
                 from /home/ec2-user/arduino-testlib/cli-datadir/user/libraries/UHS2-MIDI/examples/Callbacks/Callbacks.ino:1:
/home/ec2-user/arduino-testlib/cli-datadir/user/libraries/USB_Host_Shield_Library_2.0/usbhost.h: In member function &#39;int8_t MAX3421e&lt;SPI_SS, INTR&gt;::Init()&#39;:
/home/ec2-user/arduino-testlib/cli-datadir/user/libraries/USB_Host_Shield_Library_2.0/usbhost.h:432:18: error: qualified-id in declaration before &#39;(&#39; token
         spi::init();
                  ^
/home/ec2-user/arduino-testlib/cli-datadir/user/libraries/USB_Host_Shield_Library_2.0/usbhost.h: In member function &#39;int8_t MAX3421e&lt;SPI_SS, INTR&gt;::Init(int)&#39;:
/home/ec2-user/arduino-testlib/cli-datadir/user/libraries/USB_Host_Shield_Library_2.0/usbhost.h:469:18: error: qualified-id in declaration before &#39;(&#39; token
         spi::init();
                  ^

</pre>
					
					<h4>examples/NoteOnOffEverySec</h4>
					<p>
						Result: <b>FAIL</b>
					</p>
					<pre class="pre-scrollable">In file included from /home/ec2-user/arduino-testlib/cli-datadir/user/libraries/USB_Host_Shield_Library_2.0/Usb.h:43:0,
                 from /home/ec2-user/arduino-testlib/cli-datadir/user/libraries/USB_Host_Shield_Library_2.0/usbh_midi.h:29,
                 from /home/ec2-user/arduino-testlib/cli-datadir/user/libraries/UHS2-MIDI/src/UHS2-MIDI.h:33,
                 from /home/ec2-user/arduino-testlib/cli-datadir/user/libraries/UHS2-MIDI/examples/NoteOnOffEverySec/NoteOnOffEverySec.ino:1:
/home/ec2-user/arduino-testlib/cli-datadir/user/libraries/USB_Host_Shield_Library_2.0/usbhost.h:103:25: error: &#39;PSCK&#39; was not declared in this scope
 #define APPEND_PIN(pin) P ## pin // Appends the pin to &#39;P&#39;, e.g. 1 becomes P1
                         ^
/home/ec2-user/arduino-testlib/cli-datadir/user/libraries/USB_Host_Shield_Library_2.0/usbhost.h:100:23: note: in expansion of macro &#39;APPEND_PIN&#39;
 #define PASTE(x, ...) x ## __VA_ARGS__
                       ^
/home/ec2-user/arduino-testlib/cli-datadir/user/libraries/USB_Host_Shield_Library_2.0/usbhost.h:101:34: note: in expansion of macro &#39;PASTE&#39;
 #define EVALUATING_PASTE(x, ...) PASTE(x, __VA_ARGS__)
                                  ^
/home/ec2-user/arduino-testlib/cli-datadir/user/libraries/USB_Host_Shield_Library_2.0/usbhost.h:104:21: note: in expansion of macro &#39;EVALUATING_PASTE&#39;
 #define MAKE_PIN(x) EVALUATING_PASTE(APPEND_, PIN(UNPAREN(x)))
                     ^
/home/ec2-user/arduino-testlib/cli-datadir/user/libraries/USB_Host_Shield_Library_2.0/usbhost.h:105:14: note: in expansion of macro &#39;MAKE_PIN&#39;
 typedef SPi&lt; MAKE_PIN(PIN_SPI_SCK), MAKE_PIN(PIN_SPI_MOSI), MAKE_PIN(PIN_SPI_MISO), MAKE_PIN(PIN_SPI_SS) &gt; spi;
              ^
/home/ec2-user/arduino-testlib/cli-datadir/user/libraries/USB_Host_Shield_Library_2.0/usbhost.h:103:25: error: &#39;PMOSI&#39; was not declared in this scope
 #define APPEND_PIN(pin) P ## pin // Appends the pin to &#39;P&#39;, e.g. 1 becomes P1
                         ^
/home/ec2-user/arduino-testlib/cli-datadir/user/libraries/USB_Host_Shield_Library_2.0/usbhost.h:100:23: note: in expansion of macro &#39;APPEND_PIN&#39;
 #define PASTE(x, ...) x ## __VA_ARGS__
                       ^
/home/ec2-user/arduino-testlib/cli-datadir/user/libraries/USB_Host_Shield_Library_2.0/usbhost.h:101:34: note: in expansion of macro &#39;PASTE&#39;
 #define EVALUATING_PASTE(x, ...) PASTE(x, __VA_ARGS__)
                                  ^
/home/ec2-user/arduino-testlib/cli-datadir/user/libraries/USB_Host_Shield_Library_2.0/usbhost.h:104:21: note: in expansion of macro &#39;EVALUATING_PASTE&#39;
 #define MAKE_PIN(x) EVALUATING_PASTE(APPEND_, PIN(UNPAREN(x)))
                     ^
/home/ec2-user/arduino-testlib/cli-datadir/user/libraries/USB_Host_Shield_Library_2.0/usbhost.h:105:37: note: in expansion of macro &#39;MAKE_PIN&#39;
 typedef SPi&lt; MAKE_PIN(PIN_SPI_SCK), MAKE_PIN(PIN_SPI_MOSI), MAKE_PIN(PIN_SPI_MISO), MAKE_PIN(PIN_SPI_SS) &gt; spi;
                                     ^
/home/ec2-user/arduino-testlib/cli-datadir/user/libraries/USB_Host_Shield_Library_2.0/usbhost.h:103:25: error: &#39;PMISO&#39; was not declared in this scope
 #define APPEND_PIN(pin) P ## pin // Appends the pin to &#39;P&#39;, e.g. 1 becomes P1
                         ^
/home/ec2-user/arduino-testlib/cli-datadir/user/libraries/USB_Host_Shield_Library_2.0/usbhost.h:100:23: note: in expansion of macro &#39;APPEND_PIN&#39;
 #define PASTE(x, ...) x ## __VA_ARGS__
                       ^
/home/ec2-user/arduino-testlib/cli-datadir/user/libraries/USB_Host_Shield_Library_2.0/usbhost.h:101:34: note: in expansion of macro &#39;PASTE&#39;
 #define EVALUATING_PASTE(x, ...) PASTE(x, __VA_ARGS__)
                                  ^
/home/ec2-user/arduino-testlib/cli-datadir/user/libraries/USB_Host_Shield_Library_2.0/usbhost.h:104:21: note: in expansion of macro &#39;EVALUATING_PASTE&#39;
 #define MAKE_PIN(x) EVALUATING_PASTE(APPEND_, PIN(UNPAREN(x)))
                     ^
/home/ec2-user/arduino-testlib/cli-datadir/user/libraries/USB_Host_Shield_Library_2.0/usbhost.h:105:61: note: in expansion of macro &#39;MAKE_PIN&#39;
 typedef SPi&lt; MAKE_PIN(PIN_SPI_SCK), MAKE_PIN(PIN_SPI_MOSI), MAKE_PIN(PIN_SPI_MISO), MAKE_PIN(PIN_SPI_SS) &gt; spi;
                                                             ^
/home/ec2-user/arduino-testlib/cli-datadir/user/libraries/USB_Host_Shield_Library_2.0/usbhost.h:103:25: error: &#39;PSS&#39; was not declared in this scope
 #define APPEND_PIN(pin) P ## pin // Appends the pin to &#39;P&#39;, e.g. 1 becomes P1
                         ^
/home/ec2-user/arduino-testlib/cli-datadir/user/libraries/USB_Host_Shield_Library_2.0/usbhost.h:100:23: note: in expansion of macro &#39;APPEND_PIN&#39;
 #define PASTE(x, ...) x ## __VA_ARGS__
                       ^
/home/ec2-user/arduino-testlib/cli-datadir/user/libraries/USB_Host_Shield_Library_2.0/usbhost.h:101:34: note: in expansion of macro &#39;PASTE&#39;
 #define EVALUATING_PASTE(x, ...) PASTE(x, __VA_ARGS__)
                                  ^
/home/ec2-user/arduino-testlib/cli-datadir/user/libraries/USB_Host_Shield_Library_2.0/usbhost.h:104:21: note: in expansion of macro &#39;EVALUATING_PASTE&#39;
 #define MAKE_PIN(x) EVALUATING_PASTE(APPEND_, PIN(UNPAREN(x)))
                     ^
/home/ec2-user/arduino-testlib/cli-datadir/user/libraries/USB_Host_Shield_Library_2.0/usbhost.h:105:85: note: in expansion of macro &#39;MAKE_PIN&#39;
 typedef SPi&lt; MAKE_PIN(PIN_SPI_SCK), MAKE_PIN(PIN_SPI_MOSI), MAKE_PIN(PIN_SPI_MISO), MAKE_PIN(PIN_SPI_SS) &gt; spi;
                                                                                     ^
/home/ec2-user/arduino-testlib/cli-datadir/user/libraries/USB_Host_Shield_Library_2.0/usbhost.h:105:106: error: template argument 1 is invalid
 typedef SPi&lt; MAKE_PIN(PIN_SPI_SCK), MAKE_PIN(PIN_SPI_MOSI), MAKE_PIN(PIN_SPI_MISO), MAKE_PIN(PIN_SPI_SS) &gt; spi;
                                                                                                          ^
/home/ec2-user/arduino-testlib/cli-datadir/user/libraries/USB_Host_Shield_Library_2.0/usbhost.h:105:106: error: template argument 2 is invalid
/home/ec2-user/arduino-testlib/cli-datadir/user/libraries/USB_Host_Shield_Library_2.0/usbhost.h:105:106: error: template argument 3 is invalid
/home/ec2-user/arduino-testlib/cli-datadir/user/libraries/USB_Host_Shield_Library_2.0/usbhost.h:105:106: error: template argument 4 is invalid
In file included from /home/ec2-user/arduino-testlib/cli-datadir/user/libraries/USB_Host_Shield_Library_2.0/Usb.h:43:0,
                 from /home/ec2-user/arduino-testlib/cli-datadir/user/libraries/USB_Host_Shield_Library_2.0/usbh_midi.h:29,
                 from /home/ec2-user/arduino-testlib/cli-datadir/user/libraries/UHS2-MIDI/src/UHS2-MIDI.h:33,
                 from /home/ec2-user/arduino-testlib/cli-datadir/user/libraries/UHS2-MIDI/examples/NoteOnOffEverySec/NoteOnOffEverySec.ino:1:
/home/ec2-user/arduino-testlib/cli-datadir/user/libraries/USB_Host_Shield_Library_2.0/usbhost.h: In member function &#39;int8_t MAX3421e&lt;SPI_SS, INTR&gt;::Init()&#39;:
/home/ec2-user/arduino-testlib/cli-datadir/user/libraries/USB_Host_Shield_Library_2.0/usbhost.h:432:18: error: qualified-id in declaration before &#39;(&#39; token
         spi::init();
                  ^
/home/ec2-user/arduino-testlib/cli-datadir/user/libraries/USB_Host_Shield_Library_2.0/usbhost.h: In member function &#39;int8_t MAX3421e&lt;SPI_SS, INTR&gt;::Init(int)&#39;:
/home/ec2-user/arduino-testlib/cli-datadir/user/libraries/USB_Host_Shield_Library_2.0/usbhost.h:469:18: error: qualified-id in declaration before &#39;(&#39; token
         spi::init();
                  ^

</pre>
					
					<h4>examples/SysEx</h4>
					<p>
						Result: <b>FAIL</b>
					</p>
					<pre class="pre-scrollable">In file included from /home/ec2-user/arduino-testlib/cli-datadir/user/libraries/USB_Host_Shield_Library_2.0/Usb.h:43:0,
                 from /home/ec2-user/arduino-testlib/cli-datadir/user/libraries/USB_Host_Shield_Library_2.0/usbh_midi.h:29,
                 from /home/ec2-user/arduino-testlib/cli-datadir/user/libraries/UHS2-MIDI/src/UHS2-MIDI.h:33,
                 from /home/ec2-user/arduino-testlib/cli-datadir/user/libraries/UHS2-MIDI/examples/SysEx/SysEx.ino:1:
/home/ec2-user/arduino-testlib/cli-datadir/user/libraries/USB_Host_Shield_Library_2.0/usbhost.h:103:25: error: &#39;PSCK&#39; was not declared in this scope
 #define APPEND_PIN(pin) P ## pin // Appends the pin to &#39;P&#39;, e.g. 1 becomes P1
                         ^
/home/ec2-user/arduino-testlib/cli-datadir/user/libraries/USB_Host_Shield_Library_2.0/usbhost.h:100:23: note: in expansion of macro &#39;APPEND_PIN&#39;
 #define PASTE(x, ...) x ## __VA_ARGS__
                       ^
/home/ec2-user/arduino-testlib/cli-datadir/user/libraries/USB_Host_Shield_Library_2.0/usbhost.h:101:34: note: in expansion of macro &#39;PASTE&#39;
 #define EVALUATING_PASTE(x, ...) PASTE(x, __VA_ARGS__)
                                  ^
/home/ec2-user/arduino-testlib/cli-datadir/user/libraries/USB_Host_Shield_Library_2.0/usbhost.h:104:21: note: in expansion of macro &#39;EVALUATING_PASTE&#39;
 #define MAKE_PIN(x) EVALUATING_PASTE(APPEND_, PIN(UNPAREN(x)))
                     ^
/home/ec2-user/arduino-testlib/cli-datadir/user/libraries/USB_Host_Shield_Library_2.0/usbhost.h:105:14: note: in expansion of macro &#39;MAKE_PIN&#39;
 typedef SPi&lt; MAKE_PIN(PIN_SPI_SCK), MAKE_PIN(PIN_SPI_MOSI), MAKE_PIN(PIN_SPI_MISO), MAKE_PIN(PIN_SPI_SS) &gt; spi;
              ^
/home/ec2-user/arduino-testlib/cli-datadir/user/libraries/USB_Host_Shield_Library_2.0/usbhost.h:103:25: error: &#39;PMOSI&#39; was not declared in this scope
 #define APPEND_PIN(pin) P ## pin // Appends the pin to &#39;P&#39;, e.g. 1 becomes P1
                         ^
/home/ec2-user/arduino-testlib/cli-datadir/user/libraries/USB_Host_Shield_Library_2.0/usbhost.h:100:23: note: in expansion of macro &#39;APPEND_PIN&#39;
 #define PASTE(x, ...) x ## __VA_ARGS__
                       ^
/home/ec2-user/arduino-testlib/cli-datadir/user/libraries/USB_Host_Shield_Library_2.0/usbhost.h:101:34: note: in expansion of macro &#39;PASTE&#39;
 #define EVALUATING_PASTE(x, ...) PASTE(x, __VA_ARGS__)
                                  ^
/home/ec2-user/arduino-testlib/cli-datadir/user/libraries/USB_Host_Shield_Library_2.0/usbhost.h:104:21: note: in expansion of macro &#39;EVALUATING_PASTE&#39;
 #define MAKE_PIN(x) EVALUATING_PASTE(APPEND_, PIN(UNPAREN(x)))
                     ^
/home/ec2-user/arduino-testlib/cli-datadir/user/libraries/USB_Host_Shield_Library_2.0/usbhost.h:105:37: note: in expansion of macro &#39;MAKE_PIN&#39;
 typedef SPi&lt; MAKE_PIN(PIN_SPI_SCK), MAKE_PIN(PIN_SPI_MOSI), MAKE_PIN(PIN_SPI_MISO), MAKE_PIN(PIN_SPI_SS) &gt; spi;
                                     ^
/home/ec2-user/arduino-testlib/cli-datadir/user/libraries/USB_Host_Shield_Library_2.0/usbhost.h:103:25: error: &#39;PMISO&#39; was not declared in this scope
 #define APPEND_PIN(pin) P ## pin // Appends the pin to &#39;P&#39;, e.g. 1 becomes P1
                         ^
/home/ec2-user/arduino-testlib/cli-datadir/user/libraries/USB_Host_Shield_Library_2.0/usbhost.h:100:23: note: in expansion of macro &#39;APPEND_PIN&#39;
 #define PASTE(x, ...) x ## __VA_ARGS__
                       ^
/home/ec2-user/arduino-testlib/cli-datadir/user/libraries/USB_Host_Shield_Library_2.0/usbhost.h:101:34: note: in expansion of macro &#39;PASTE&#39;
 #define EVALUATING_PASTE(x, ...) PASTE(x, __VA_ARGS__)
                                  ^
/home/ec2-user/arduino-testlib/cli-datadir/user/libraries/USB_Host_Shield_Library_2.0/usbhost.h:104:21: note: in expansion of macro &#39;EVALUATING_PASTE&#39;
 #define MAKE_PIN(x) EVALUATING_PASTE(APPEND_, PIN(UNPAREN(x)))
                     ^
/home/ec2-user/arduino-testlib/cli-datadir/user/libraries/USB_Host_Shield_Library_2.0/usbhost.h:105:61: note: in expansion of macro &#39;MAKE_PIN&#39;
 typedef SPi&lt; MAKE_PIN(PIN_SPI_SCK), MAKE_PIN(PIN_SPI_MOSI), MAKE_PIN(PIN_SPI_MISO), MAKE_PIN(PIN_SPI_SS) &gt; spi;
                                                             ^
/home/ec2-user/arduino-testlib/cli-datadir/user/libraries/USB_Host_Shield_Library_2.0/usbhost.h:103:25: error: &#39;PSS&#39; was not declared in this scope
 #define APPEND_PIN(pin) P ## pin // Appends the pin to &#39;P&#39;, e.g. 1 becomes P1
                         ^
/home/ec2-user/arduino-testlib/cli-datadir/user/libraries/USB_Host_Shield_Library_2.0/usbhost.h:100:23: note: in expansion of macro &#39;APPEND_PIN&#39;
 #define PASTE(x, ...) x ## __VA_ARGS__
                       ^
/home/ec2-user/arduino-testlib/cli-datadir/user/libraries/USB_Host_Shield_Library_2.0/usbhost.h:101:34: note: in expansion of macro &#39;PASTE&#39;
 #define EVALUATING_PASTE(x, ...) PASTE(x, __VA_ARGS__)
                                  ^
/home/ec2-user/arduino-testlib/cli-datadir/user/libraries/USB_Host_Shield_Library_2.0/usbhost.h:104:21: note: in expansion of macro &#39;EVALUATING_PASTE&#39;
 #define MAKE_PIN(x) EVALUATING_PASTE(APPEND_, PIN(UNPAREN(x)))
                     ^
/home/ec2-user/arduino-testlib/cli-datadir/user/libraries/USB_Host_Shield_Library_2.0/usbhost.h:105:85: note: in expansion of macro &#39;MAKE_PIN&#39;
 typedef SPi&lt; MAKE_PIN(PIN_SPI_SCK), MAKE_PIN(PIN_SPI_MOSI), MAKE_PIN(PIN_SPI_MISO), MAKE_PIN(PIN_SPI_SS) &gt; spi;
                                                                                     ^
/home/ec2-user/arduino-testlib/cli-datadir/user/libraries/USB_Host_Shield_Library_2.0/usbhost.h:105:106: error: template argument 1 is invalid
 typedef SPi&lt; MAKE_PIN(PIN_SPI_SCK), MAKE_PIN(PIN_SPI_MOSI), MAKE_PIN(PIN_SPI_MISO), MAKE_PIN(PIN_SPI_SS) &gt; spi;
                                                                                                          ^
/home/ec2-user/arduino-testlib/cli-datadir/user/libraries/USB_Host_Shield_Library_2.0/usbhost.h:105:106: error: template argument 2 is invalid
/home/ec2-user/arduino-testlib/cli-datadir/user/libraries/USB_Host_Shield_Library_2.0/usbhost.h:105:106: error: template argument 3 is invalid
/home/ec2-user/arduino-testlib/cli-datadir/user/libraries/USB_Host_Shield_Library_2.0/usbhost.h:105:106: error: template argument 4 is invalid
In file included from /home/ec2-user/arduino-testlib/cli-datadir/user/libraries/USB_Host_Shield_Library_2.0/Usb.h:43:0,
                 from /home/ec2-user/arduino-testlib/cli-datadir/user/libraries/USB_Host_Shield_Library_2.0/usbh_midi.h:29,
                 from /home/ec2-user/arduino-testlib/cli-datadir/user/libraries/UHS2-MIDI/src/UHS2-MIDI.h:33,
                 from /home/ec2-user/arduino-testlib/cli-datadir/user/libraries/UHS2-MIDI/examples/SysEx/SysEx.ino:1:
/home/ec2-user/arduino-testlib/cli-datadir/user/libraries/USB_Host_Shield_Library_2.0/usbhost.h: In member function &#39;int8_t MAX3421e&lt;SPI_SS, INTR&gt;::Init()&#39;:
/home/ec2-user/arduino-testlib/cli-datadir/user/libraries/USB_Host_Shield_Library_2.0/usbhost.h:432:18: error: qualified-id in declaration before &#39;(&#39; token
         spi::init();
                  ^
/home/ec2-user/arduino-testlib/cli-datadir/user/libraries/USB_Host_Shield_Library_2.0/usbhost.h: In member function &#39;int8_t MAX3421e&lt;SPI_SS, INTR&gt;::Init(int)&#39;:
/home/ec2-user/arduino-testlib/cli-datadir/user/libraries/USB_Host_Shield_Library_2.0/usbhost.h:469:18: error: qualified-id in declaration before &#39;(&#39; token
         spi::init();
                  ^

</pre>
					
					<h4>examples/SysExReceive</h4>
					<p>
						Result: <b>FAIL</b>
					</p>
					<pre class="pre-scrollable">In file included from /home/ec2-user/arduino-testlib/cli-datadir/user/libraries/USB_Host_Shield_Library_2.0/Usb.h:43:0,
                 from /home/ec2-user/arduino-testlib/cli-datadir/user/libraries/USB_Host_Shield_Library_2.0/usbh_midi.h:29,
                 from /home/ec2-user/arduino-testlib/cli-datadir/user/libraries/UHS2-MIDI/src/UHS2-MIDI.h:33,
                 from /home/ec2-user/arduino-testlib/cli-datadir/user/libraries/UHS2-MIDI/examples/SysExReceive/SysExReceive.ino:1:
/home/ec2-user/arduino-testlib/cli-datadir/user/libraries/USB_Host_Shield_Library_2.0/usbhost.h:103:25: error: &#39;PSCK&#39; was not declared in this scope
 #define APPEND_PIN(pin) P ## pin // Appends the pin to &#39;P&#39;, e.g. 1 becomes P1
                         ^
/home/ec2-user/arduino-testlib/cli-datadir/user/libraries/USB_Host_Shield_Library_2.0/usbhost.h:100:23: note: in expansion of macro &#39;APPEND_PIN&#39;
 #define PASTE(x, ...) x ## __VA_ARGS__
                       ^
/home/ec2-user/arduino-testlib/cli-datadir/user/libraries/USB_Host_Shield_Library_2.0/usbhost.h:101:34: note: in expansion of macro &#39;PASTE&#39;
 #define EVALUATING_PASTE(x, ...) PASTE(x, __VA_ARGS__)
                                  ^
/home/ec2-user/arduino-testlib/cli-datadir/user/libraries/USB_Host_Shield_Library_2.0/usbhost.h:104:21: note: in expansion of macro &#39;EVALUATING_PASTE&#39;
 #define MAKE_PIN(x) EVALUATING_PASTE(APPEND_, PIN(UNPAREN(x)))
                     ^
/home/ec2-user/arduino-testlib/cli-datadir/user/libraries/USB_Host_Shield_Library_2.0/usbhost.h:105:14: note: in expansion of macro &#39;MAKE_PIN&#39;
 typedef SPi&lt; MAKE_PIN(PIN_SPI_SCK), MAKE_PIN(PIN_SPI_MOSI), MAKE_PIN(PIN_SPI_MISO), MAKE_PIN(PIN_SPI_SS) &gt; spi;
              ^
/home/ec2-user/arduino-testlib/cli-datadir/user/libraries/USB_Host_Shield_Library_2.0/usbhost.h:103:25: error: &#39;PMOSI&#39; was not declared in this scope
 #define APPEND_PIN(pin) P ## pin // Appends the pin to &#39;P&#39;, e.g. 1 becomes P1
                         ^
/home/ec2-user/arduino-testlib/cli-datadir/user/libraries/USB_Host_Shield_Library_2.0/usbhost.h:100:23: note: in expansion of macro &#39;APPEND_PIN&#39;
 #define PASTE(x, ...) x ## __VA_ARGS__
                       ^
/home/ec2-user/arduino-testlib/cli-datadir/user/libraries/USB_Host_Shield_Library_2.0/usbhost.h:101:34: note: in expansion of macro &#39;PASTE&#39;
 #define EVALUATING_PASTE(x, ...) PASTE(x, __VA_ARGS__)
                                  ^
/home/ec2-user/arduino-testlib/cli-datadir/user/libraries/USB_Host_Shield_Library_2.0/usbhost.h:104:21: note: in expansion of macro &#39;EVALUATING_PASTE&#39;
 #define MAKE_PIN(x) EVALUATING_PASTE(APPEND_, PIN(UNPAREN(x)))
                     ^
/home/ec2-user/arduino-testlib/cli-datadir/user/libraries/USB_Host_Shield_Library_2.0/usbhost.h:105:37: note: in expansion of macro &#39;MAKE_PIN&#39;
 typedef SPi&lt; MAKE_PIN(PIN_SPI_SCK), MAKE_PIN(PIN_SPI_MOSI), MAKE_PIN(PIN_SPI_MISO), MAKE_PIN(PIN_SPI_SS) &gt; spi;
                                     ^
/home/ec2-user/arduino-testlib/cli-datadir/user/libraries/USB_Host_Shield_Library_2.0/usbhost.h:103:25: error: &#39;PMISO&#39; was not declared in this scope
 #define APPEND_PIN(pin) P ## pin // Appends the pin to &#39;P&#39;, e.g. 1 becomes P1
                         ^
/home/ec2-user/arduino-testlib/cli-datadir/user/libraries/USB_Host_Shield_Library_2.0/usbhost.h:100:23: note: in expansion of macro &#39;APPEND_PIN&#39;
 #define PASTE(x, ...) x ## __VA_ARGS__
                       ^
/home/ec2-user/arduino-testlib/cli-datadir/user/libraries/USB_Host_Shield_Library_2.0/usbhost.h:101:34: note: in expansion of macro &#39;PASTE&#39;
 #define EVALUATING_PASTE(x, ...) PASTE(x, __VA_ARGS__)
                                  ^
/home/ec2-user/arduino-testlib/cli-datadir/user/libraries/USB_Host_Shield_Library_2.0/usbhost.h:104:21: note: in expansion of macro &#39;EVALUATING_PASTE&#39;
 #define MAKE_PIN(x) EVALUATING_PASTE(APPEND_, PIN(UNPAREN(x)))
                     ^
/home/ec2-user/arduino-testlib/cli-datadir/user/libraries/USB_Host_Shield_Library_2.0/usbhost.h:105:61: note: in expansion of macro &#39;MAKE_PIN&#39;
 typedef SPi&lt; MAKE_PIN(PIN_SPI_SCK), MAKE_PIN(PIN_SPI_MOSI), MAKE_PIN(PIN_SPI_MISO), MAKE_PIN(PIN_SPI_SS) &gt; spi;
                                                             ^
/home/ec2-user/arduino-testlib/cli-datadir/user/libraries/USB_Host_Shield_Library_2.0/usbhost.h:103:25: error: &#39;PSS&#39; was not declared in this scope
 #define APPEND_PIN(pin) P ## pin // Appends the pin to &#39;P&#39;, e.g. 1 becomes P1
                         ^
/home/ec2-user/arduino-testlib/cli-datadir/user/libraries/USB_Host_Shield_Library_2.0/usbhost.h:100:23: note: in expansion of macro &#39;APPEND_PIN&#39;
 #define PASTE(x, ...) x ## __VA_ARGS__
                       ^
/home/ec2-user/arduino-testlib/cli-datadir/user/libraries/USB_Host_Shield_Library_2.0/usbhost.h:101:34: note: in expansion of macro &#39;PASTE&#39;
 #define EVALUATING_PASTE(x, ...) PASTE(x, __VA_ARGS__)
                                  ^
/home/ec2-user/arduino-testlib/cli-datadir/user/libraries/USB_Host_Shield_Library_2.0/usbhost.h:104:21: note: in expansion of macro &#39;EVALUATING_PASTE&#39;
 #define MAKE_PIN(x) EVALUATING_PASTE(APPEND_, PIN(UNPAREN(x)))
                     ^
/home/ec2-user/arduino-testlib/cli-datadir/user/libraries/USB_Host_Shield_Library_2.0/usbhost.h:105:85: note: in expansion of macro &#39;MAKE_PIN&#39;
 typedef SPi&lt; MAKE_PIN(PIN_SPI_SCK), MAKE_PIN(PIN_SPI_MOSI), MAKE_PIN(PIN_SPI_MISO), MAKE_PIN(PIN_SPI_SS) &gt; spi;
                                                                                     ^
/home/ec2-user/arduino-testlib/cli-datadir/user/libraries/USB_Host_Shield_Library_2.0/usbhost.h:105:106: error: template argument 1 is invalid
 typedef SPi&lt; MAKE_PIN(PIN_SPI_SCK), MAKE_PIN(PIN_SPI_MOSI), MAKE_PIN(PIN_SPI_MISO), MAKE_PIN(PIN_SPI_SS) &gt; spi;
                                                                                                          ^
/home/ec2-user/arduino-testlib/cli-datadir/user/libraries/USB_Host_Shield_Library_2.0/usbhost.h:105:106: error: template argument 2 is invalid
/home/ec2-user/arduino-testlib/cli-datadir/user/libraries/USB_Host_Shield_Library_2.0/usbhost.h:105:106: error: template argument 3 is invalid
/home/ec2-user/arduino-testlib/cli-datadir/user/libraries/USB_Host_Shield_Library_2.0/usbhost.h:105:106: error: template argument 4 is invalid
In file included from /home/ec2-user/arduino-testlib/cli-datadir/user/libraries/USB_Host_Shield_Library_2.0/Usb.h:43:0,
                 from /home/ec2-user/arduino-testlib/cli-datadir/user/libraries/USB_Host_Shield_Library_2.0/usbh_midi.h:29,
                 from /home/ec2-user/arduino-testlib/cli-datadir/user/libraries/UHS2-MIDI/src/UHS2-MIDI.h:33,
                 from /home/ec2-user/arduino-testlib/cli-datadir/user/libraries/UHS2-MIDI/examples/SysExReceive/SysExReceive.ino:1:
/home/ec2-user/arduino-testlib/cli-datadir/user/libraries/USB_Host_Shield_Library_2.0/usbhost.h: In member function &#39;int8_t MAX3421e&lt;SPI_SS, INTR&gt;::Init()&#39;:
/home/ec2-user/arduino-testlib/cli-datadir/user/libraries/USB_Host_Shield_Library_2.0/usbhost.h:432:18: error: qualified-id in declaration before &#39;(&#39; token
         spi::init();
                  ^
/home/ec2-user/arduino-testlib/cli-datadir/user/libraries/USB_Host_Shield_Library_2.0/usbhost.h: In member function &#39;int8_t MAX3421e&lt;SPI_SS, INTR&gt;::Init(int)&#39;:
/home/ec2-user/arduino-testlib/cli-datadir/user/libraries/USB_Host_Shield_Library_2.0/usbhost.h:469:18: error: qualified-id in declaration before &#39;(&#39; token
         spi::init();
                  ^

</pre>
					
				
			</div>
		</div>
	</div>
  </body>
</html>
