
<!doctype html>
<html lang="en">
  <head>
    <meta charset="utf-8">
    <meta name="viewport" content="width=device-width, initial-scale=1">
    <link href="https://cdn.jsdelivr.net/npm/bootstrap@5.0.2/dist/css/bootstrap.min.css" rel="stylesheet" integrity="sha384-EVSTQN3/azprG1Anm3QDgpJLIm9Nao0Yz1ztcQTwFspd3yD65VohhpuuCOmLASjC" crossorigin="anonymous">
    <title>arduino-testlib report</title>
	<style>
	.pass { background-color: #00FF00 !important; }
	.fail { background-color: #FF0000 !important; }
	</style>
  </head>
  <body>
	<div class="container">
		<div class="row">
			<div class="col">
				<h1>USB Host Shield Library 2.0 - compatibility matrix</h1>
				<p>
					<small>This report was generated on Wednesday, 23-Feb-22 22:48:15 CET using 
					<a href="https://github.com/alranel/arduino-testlib">arduino-testlib</a>.</small>
				</p>

				<h2>USB Host Shield Library 2.0</h2>
				<p>
					Version: <b>1.6.1</b>
					<br />
					<a href="https://www.arduino.cc/reference/en/libraries/usb-host-shield-library-20/">More details</a>
				</p>

				<h2>Compatibility matrix</h2>
				<table class="table table-bordered">
					<tr>
						<th>Board</th>
						<th>Claims compatibility</th>
						<th>Inclusion</th>
						
						<th><pre>USBH_MIDI</pre></th>
						
						<th><pre>USB_desc</pre></th>
						
						<th><pre>Xbox</pre></th>
						
						<th><pre>ambx</pre></th>
						
						<th><pre>board_qc</pre></th>
						
						<th><pre>HID</pre></th>
						
						<th><pre>PSBuzz</pre></th>
						
						<th><pre>SwitchProUSB</pre></th>
						
						<th><pre>max_LCD</pre></th>
						
						<th><pre>PS5USB</pre></th>
						
						<th><pre>acm</pre></th>
						
						<th><pre>ftdi</pre></th>
						
						<th><pre>PS4USB</pre></th>
						
						<th><pre>adk</pre></th>
						
						<th><pre>cdc_XR21B1411</pre></th>
						
						<th><pre>pl2303</pre></th>
						
						<th><pre>Bluetooth</pre></th>
						
						<th><pre>GPIO</pre></th>
						
						<th><pre>MiniDSP</pre></th>
						
						<th><pre>PS3USB</pre></th>
						
						<th><pre>hub_demo</pre></th>
						
						<th><pre>testusbhostFAT</pre></th>
						
					</tr>
					
					<tr>
						<td>
							<a href="#arduino%3aavr%3auno"><b>arduino:avr:uno</b></a>
							<br />
							<small>1.8.4</small>
						</td>

						
						
						
							<td>Yes ⚠️</td>
							<td class="fail">FAIL</td>
						
						

						
							
								
									
										
									
										
									
										
									
										
									
										
									
										
									
										
									
										
									
										
									
										
											
											<td class="fail">FAIL</td>
										
									
										
									
										
									
										
									
										
									
										
									
										
									
										
									
										
									
										
									
										
									
										
									
										
									
								
							
								
							
								
							
								
							
								
							
						
							
								
									
										
									
										
									
										
									
										
									
										
									
										
									
										
									
										
									
										
									
										
									
										
											<td class="pass">PASS</td>
											
										
									
										
									
										
									
										
									
										
									
										
									
										
									
										
									
										
									
										
									
										
									
										
									
								
							
								
							
								
							
								
							
								
							
						
							
								
									
										
									
										
									
										
									
										
									
										
									
										
									
										
									
										
									
										
									
										
									
										
									
										
											
											<td class="fail">FAIL</td>
										
									
										
									
										
									
										
									
										
									
										
									
										
									
										
									
										
									
										
									
										
									
								
							
								
							
								
							
								
							
								
							
						
							
								
									
										
									
										
									
										
									
										
									
										
									
										
									
										
									
										
									
										
									
										
									
										
									
										
									
										
									
										
									
										
											
											<td class="fail">FAIL</td>
										
									
										
									
										
									
										
									
										
									
										
									
										
									
										
									
								
							
								
							
								
							
								
							
								
							
						
							
								
									
										
									
										
									
										
									
										
									
										
									
										
									
										
									
										
									
										
									
										
									
										
									
										
									
										
									
										
									
										
									
										
											<td class="pass">PASS</td>
											
										
									
										
									
										
									
										
									
										
									
										
									
										
									
								
							
								
							
								
							
								
							
								
							
						
							
								
									
										
									
										
									
										
											
											<td class="fail">FAIL</td>
										
									
										
									
										
									
										
									
										
									
										
									
										
									
										
									
										
									
										
									
										
									
										
									
										
									
										
									
										
									
										
									
										
									
										
									
										
									
										
									
								
							
								
							
								
							
								
							
								
							
						
							
								
									
										
									
										
									
										
									
										
									
										
									
										
									
										
									
										
											<td class="pass">PASS</td>
											
										
									
										
									
										
									
										
									
										
									
										
									
										
									
										
									
										
									
										
									
										
									
										
									
										
									
										
									
										
									
								
							
								
							
								
							
								
							
								
							
						
							
								
									
										
									
										
									
										
									
										
									
										
									
										
									
										
									
										
									
										
											<td class="pass">PASS</td>
											
										
									
										
									
										
									
										
									
										
									
										
									
										
									
										
									
										
									
										
									
										
									
										
									
										
									
										
									
								
							
								
							
								
							
								
							
								
							
						
							
								
									
										
									
										
									
										
									
										
									
										
									
										
									
										
									
										
									
										
									
										
									
										
									
										
									
										
									
										
									
										
									
										
									
										
									
										
									
										
									
										
											<td class="pass">PASS</td>
											
										
									
										
									
										
									
								
							
								
							
								
							
								
							
								
							
						
							
								
									
										
									
										
									
										
									
										
									
										
									
										
									
										
											<td class="pass">PASS</td>
											
										
									
										
									
										
									
										
									
										
									
										
									
										
									
										
									
										
									
										
									
										
									
										
									
										
									
										
									
										
									
										
									
								
							
								
							
								
							
								
							
								
							
						
							
								
									
										
									
										
									
										
									
										
									
										
									
										
									
										
									
										
									
										
									
										
									
										
									
										
									
										
											
											<td class="fail">FAIL</td>
										
									
										
									
										
									
										
									
										
									
										
									
										
									
										
									
										
									
										
									
								
							
								
							
								
							
								
							
								
							
						
							
								
									
										
									
										
									
										
									
										
									
										
									
										
									
										
									
										
									
										
									
										
									
										
									
										
									
										
									
										
									
										
									
										
									
										
									
										
											
											<td class="fail">FAIL</td>
										
									
										
									
										
									
										
									
										
									
								
							
								
							
								
							
								
							
								
							
						
							
								
									
										
									
										
									
										
									
										
									
										
									
										
											<td class="pass">PASS</td>
											
										
									
										
									
										
									
										
									
										
									
										
									
										
									
										
									
										
									
										
									
										
									
										
									
										
									
										
									
										
									
										
									
										
									
								
							
								
							
								
							
								
							
								
							
						
							
								
									
										
									
										
									
										
									
										
									
										
									
										
									
										
									
										
									
										
									
										
									
										
									
										
									
										
									
										
											
											<td class="fail">FAIL</td>
										
									
										
									
										
									
										
									
										
									
										
									
										
									
										
									
										
									
								
							
								
							
								
							
								
							
								
							
						
							
								
									
										
									
										
									
										
									
										
									
										
									
										
									
										
									
										
									
										
									
										
									
										
									
										
									
										
									
										
									
										
									
										
									
										
											
											<td class="fail">FAIL</td>
										
									
										
									
										
									
										
									
										
									
										
									
								
							
								
							
								
							
								
							
								
							
						
							
								
									
										
									
										
									
										
									
										
									
										
									
										
									
										
									
										
									
										
									
										
									
										
									
										
									
										
									
										
									
										
									
										
									
										
									
										
									
										
									
										
									
										
											
											<td class="fail">FAIL</td>
										
									
										
									
								
							
								
							
								
							
								
							
								
							
						
							
								
									
										
											
											<td class="fail">FAIL</td>
										
									
										
									
										
									
										
									
										
									
										
									
										
									
										
									
										
									
										
									
										
									
										
									
										
									
										
									
										
									
										
									
										
									
										
									
										
									
										
									
										
									
										
									
								
							
								
							
								
							
								
							
								
							
						
							
								
									
										
									
										
											
											<td class="fail">FAIL</td>
										
									
										
									
										
									
										
									
										
									
										
									
										
									
										
									
										
									
										
									
										
									
										
									
										
									
										
									
										
									
										
									
										
									
										
									
										
									
										
									
										
									
								
							
								
							
								
							
								
							
								
							
						
							
								
									
										
									
										
									
										
									
										
											<td class="pass">PASS</td>
											
										
									
										
									
										
									
										
									
										
									
										
									
										
									
										
									
										
									
										
									
										
									
										
									
										
									
										
									
										
									
										
									
										
									
										
									
										
									
								
							
								
							
								
							
								
							
								
							
						
							
								
									
										
									
										
									
										
									
										
									
										
											<td class="pass">PASS</td>
											
										
									
										
									
										
									
										
									
										
									
										
									
										
									
										
									
										
									
										
									
										
									
										
									
										
									
										
									
										
									
										
									
										
									
										
									
								
							
								
							
								
							
								
							
								
							
						
							
								
									
										
									
										
									
										
									
										
									
										
									
										
									
										
									
										
									
										
									
										
									
										
									
										
									
										
									
										
									
										
									
										
									
										
									
										
									
										
											<td class="pass">PASS</td>
											
										
									
										
									
										
									
										
									
								
							
								
							
								
							
								
							
								
							
						
							
								
									
										
									
										
									
										
									
										
									
										
									
										
									
										
									
										
									
										
									
										
									
										
									
										
									
										
									
										
									
										
									
										
									
										
									
										
									
										
									
										
									
										
									
										
											
											<td class="fail">FAIL</td>
										
									
								
							
								
							
								
							
								
							
								
							
						
					</tr>
					
					<tr>
						<td>
							<a href="#arduino%3ambed_nano%3ananorp2040connect"><b>arduino:mbed_nano:nanorp2040connect</b></a>
							<br />
							<small>2.7.2</small>
						</td>

						
						
						
							<td>Yes ⚠️</td>
							<td class="fail">FAIL</td>
						
						

						
							
								
							
								
									
										
									
										
									
										
									
										
									
										
									
										
									
										
									
										
									
										
									
										
											
											<td class="fail">FAIL</td>
										
									
										
									
										
									
										
									
										
									
										
									
										
									
										
									
										
									
										
									
										
									
										
									
										
									
								
							
								
							
								
							
								
							
						
							
								
							
								
									
										
									
										
									
										
									
										
									
										
									
										
									
										
									
										
									
										
									
										
									
										
											
											<td class="fail">FAIL</td>
										
									
										
									
										
									
										
									
										
									
										
									
										
									
										
									
										
									
										
									
										
									
										
									
								
							
								
							
								
							
								
							
						
							
								
							
								
									
										
									
										
									
										
									
										
									
										
									
										
									
										
									
										
									
										
									
										
									
										
									
										
											
											<td class="fail">FAIL</td>
										
									
										
									
										
									
										
									
										
									
										
									
										
									
										
									
										
									
										
									
										
									
								
							
								
							
								
							
								
							
						
							
								
							
								
									
										
									
										
									
										
									
										
									
										
									
										
									
										
									
										
									
										
									
										
									
										
									
										
									
										
									
										
									
										
											
											<td class="fail">FAIL</td>
										
									
										
									
										
									
										
									
										
									
										
									
										
									
										
									
								
							
								
							
								
							
								
							
						
							
								
							
								
									
										
									
										
									
										
									
										
									
										
									
										
									
										
									
										
									
										
									
										
									
										
									
										
									
										
									
										
									
										
									
										
											
											<td class="fail">FAIL</td>
										
									
										
									
										
									
										
									
										
									
										
									
										
									
								
							
								
							
								
							
								
							
						
							
								
							
								
									
										
									
										
									
										
											
											<td class="fail">FAIL</td>
										
									
										
									
										
									
										
									
										
									
										
									
										
									
										
									
										
									
										
									
										
									
										
									
										
									
										
									
										
									
										
									
										
									
										
									
										
									
										
									
								
							
								
							
								
							
								
							
						
							
								
							
								
									
										
									
										
									
										
									
										
									
										
									
										
									
										
									
										
											
											<td class="fail">FAIL</td>
										
									
										
									
										
									
										
									
										
									
										
									
										
									
										
									
										
									
										
									
										
									
										
									
										
									
										
									
										
									
								
							
								
							
								
							
								
							
						
							
								
							
								
									
										
									
										
									
										
									
										
									
										
									
										
									
										
									
										
									
										
											
											<td class="fail">FAIL</td>
										
									
										
									
										
									
										
									
										
									
										
									
										
									
										
									
										
									
										
									
										
									
										
									
										
									
										
									
								
							
								
							
								
							
								
							
						
							
								
							
								
									
										
									
										
									
										
									
										
									
										
									
										
									
										
									
										
									
										
									
										
									
										
									
										
									
										
									
										
									
										
									
										
									
										
									
										
									
										
									
										
											
											<td class="fail">FAIL</td>
										
									
										
									
										
									
								
							
								
							
								
							
								
							
						
							
								
							
								
									
										
									
										
									
										
									
										
									
										
									
										
									
										
											
											<td class="fail">FAIL</td>
										
									
										
									
										
									
										
									
										
									
										
									
										
									
										
									
										
									
										
									
										
									
										
									
										
									
										
									
										
									
										
									
								
							
								
							
								
							
								
							
						
							
								
							
								
									
										
									
										
									
										
									
										
									
										
									
										
									
										
									
										
									
										
									
										
									
										
									
										
									
										
											
											<td class="fail">FAIL</td>
										
									
										
									
										
									
										
									
										
									
										
									
										
									
										
									
										
									
										
									
								
							
								
							
								
							
								
							
						
							
								
							
								
									
										
									
										
									
										
									
										
									
										
									
										
									
										
									
										
									
										
									
										
									
										
									
										
									
										
									
										
									
										
									
										
									
										
									
										
											
											<td class="fail">FAIL</td>
										
									
										
									
										
									
										
									
										
									
								
							
								
							
								
							
								
							
						
							
								
							
								
									
										
									
										
									
										
									
										
									
										
									
										
											
											<td class="fail">FAIL</td>
										
									
										
									
										
									
										
									
										
									
										
									
										
									
										
									
										
									
										
									
										
									
										
									
										
									
										
									
										
									
										
									
										
									
								
							
								
							
								
							
								
							
						
							
								
							
								
									
										
									
										
									
										
									
										
									
										
									
										
									
										
									
										
									
										
									
										
									
										
									
										
									
										
									
										
											
											<td class="fail">FAIL</td>
										
									
										
									
										
									
										
									
										
									
										
									
										
									
										
									
										
									
								
							
								
							
								
							
								
							
						
							
								
							
								
									
										
									
										
									
										
									
										
									
										
									
										
									
										
									
										
									
										
									
										
									
										
									
										
									
										
									
										
									
										
									
										
									
										
											
											<td class="fail">FAIL</td>
										
									
										
									
										
									
										
									
										
									
										
									
								
							
								
							
								
							
								
							
						
							
								
							
								
									
										
									
										
									
										
									
										
									
										
									
										
									
										
									
										
									
										
									
										
									
										
									
										
									
										
									
										
									
										
									
										
									
										
									
										
									
										
									
										
									
										
											
											<td class="fail">FAIL</td>
										
									
										
									
								
							
								
							
								
							
								
							
						
							
								
							
								
									
										
											
											<td class="fail">FAIL</td>
										
									
										
									
										
									
										
									
										
									
										
									
										
									
										
									
										
									
										
									
										
									
										
									
										
									
										
									
										
									
										
									
										
									
										
									
										
									
										
									
										
									
										
									
								
							
								
							
								
							
								
							
						
							
								
							
								
									
										
									
										
											
											<td class="fail">FAIL</td>
										
									
										
									
										
									
										
									
										
									
										
									
										
									
										
									
										
									
										
									
										
									
										
									
										
									
										
									
										
									
										
									
										
									
										
									
										
									
										
									
										
									
								
							
								
							
								
							
								
							
						
							
								
							
								
									
										
									
										
									
										
									
										
											
											<td class="fail">FAIL</td>
										
									
										
									
										
									
										
									
										
									
										
									
										
									
										
									
										
									
										
									
										
									
										
									
										
									
										
									
										
									
										
									
										
									
										
									
										
									
								
							
								
							
								
							
								
							
						
							
								
							
								
									
										
									
										
									
										
									
										
									
										
											
											<td class="fail">FAIL</td>
										
									
										
									
										
									
										
									
										
									
										
									
										
									
										
									
										
									
										
									
										
									
										
									
										
									
										
									
										
									
										
									
										
									
										
									
								
							
								
							
								
							
								
							
						
							
								
							
								
									
										
									
										
									
										
									
										
									
										
									
										
									
										
									
										
									
										
									
										
									
										
									
										
									
										
									
										
									
										
									
										
									
										
									
										
									
										
											
											<td class="fail">FAIL</td>
										
									
										
									
										
									
										
									
								
							
								
							
								
							
								
							
						
							
								
							
								
									
										
									
										
									
										
									
										
									
										
									
										
									
										
									
										
									
										
									
										
									
										
									
										
									
										
									
										
									
										
									
										
									
										
									
										
									
										
									
										
									
										
									
										
											
											<td class="fail">FAIL</td>
										
									
								
							
								
							
								
							
								
							
						
					</tr>
					
					<tr>
						<td>
							<a href="#arduino%3amegaavr%3anona4809"><b>arduino:megaavr:nona4809</b></a>
							<br />
							<small>1.8.7</small>
						</td>

						
						
						
							<td>Yes ⚠️</td>
							<td class="fail">FAIL</td>
						
						

						
							
								
							
								
							
								
									
										
									
										
									
										
									
										
									
										
									
										
									
										
									
										
									
										
									
										
											
											<td class="fail">FAIL</td>
										
									
										
									
										
									
										
									
										
									
										
									
										
									
										
									
										
									
										
									
										
									
										
									
										
									
								
							
								
							
								
							
						
							
								
							
								
							
								
									
										
									
										
									
										
									
										
									
										
									
										
									
										
									
										
									
										
									
										
									
										
											
											<td class="fail">FAIL</td>
										
									
										
									
										
									
										
									
										
									
										
									
										
									
										
									
										
									
										
									
										
									
										
									
								
							
								
							
								
							
						
							
								
							
								
							
								
									
										
									
										
									
										
									
										
									
										
									
										
									
										
									
										
									
										
									
										
									
										
									
										
											
											<td class="fail">FAIL</td>
										
									
										
									
										
									
										
									
										
									
										
									
										
									
										
									
										
									
										
									
										
									
								
							
								
							
								
							
						
							
								
							
								
							
								
									
										
									
										
									
										
									
										
									
										
									
										
									
										
									
										
									
										
									
										
									
										
									
										
									
										
									
										
									
										
											
											<td class="fail">FAIL</td>
										
									
										
									
										
									
										
									
										
									
										
									
										
									
										
									
								
							
								
							
								
							
						
							
								
							
								
							
								
									
										
									
										
									
										
									
										
									
										
									
										
									
										
									
										
									
										
									
										
									
										
									
										
									
										
									
										
									
										
									
										
											
											<td class="fail">FAIL</td>
										
									
										
									
										
									
										
									
										
									
										
									
										
									
								
							
								
							
								
							
						
							
								
							
								
							
								
									
										
									
										
									
										
											
											<td class="fail">FAIL</td>
										
									
										
									
										
									
										
									
										
									
										
									
										
									
										
									
										
									
										
									
										
									
										
									
										
									
										
									
										
									
										
									
										
									
										
									
										
									
										
									
								
							
								
							
								
							
						
							
								
							
								
							
								
									
										
									
										
									
										
									
										
									
										
									
										
									
										
									
										
											
											<td class="fail">FAIL</td>
										
									
										
									
										
									
										
									
										
									
										
									
										
									
										
									
										
									
										
									
										
									
										
									
										
									
										
									
										
									
								
							
								
							
								
							
						
							
								
							
								
							
								
									
										
									
										
									
										
									
										
									
										
									
										
									
										
									
										
									
										
											
											<td class="fail">FAIL</td>
										
									
										
									
										
									
										
									
										
									
										
									
										
									
										
									
										
									
										
									
										
									
										
									
										
									
										
									
								
							
								
							
								
							
						
							
								
							
								
							
								
									
										
									
										
									
										
									
										
									
										
									
										
									
										
									
										
									
										
									
										
									
										
									
										
									
										
									
										
									
										
									
										
									
										
									
										
									
										
									
										
											
											<td class="fail">FAIL</td>
										
									
										
									
										
									
								
							
								
							
								
							
						
							
								
							
								
							
								
									
										
									
										
									
										
									
										
									
										
									
										
									
										
											
											<td class="fail">FAIL</td>
										
									
										
									
										
									
										
									
										
									
										
									
										
									
										
									
										
									
										
									
										
									
										
									
										
									
										
									
										
									
										
									
								
							
								
							
								
							
						
							
								
							
								
							
								
									
										
									
										
									
										
									
										
									
										
									
										
									
										
									
										
									
										
									
										
									
										
									
										
									
										
											
											<td class="fail">FAIL</td>
										
									
										
									
										
									
										
									
										
									
										
									
										
									
										
									
										
									
										
									
								
							
								
							
								
							
						
							
								
							
								
							
								
									
										
									
										
									
										
									
										
									
										
									
										
									
										
									
										
									
										
									
										
									
										
									
										
									
										
									
										
									
										
									
										
									
										
									
										
											
											<td class="fail">FAIL</td>
										
									
										
									
										
									
										
									
										
									
								
							
								
							
								
							
						
							
								
							
								
							
								
									
										
									
										
									
										
									
										
									
										
									
										
											
											<td class="fail">FAIL</td>
										
									
										
									
										
									
										
									
										
									
										
									
										
									
										
									
										
									
										
									
										
									
										
									
										
									
										
									
										
									
										
									
										
									
								
							
								
							
								
							
						
							
								
							
								
							
								
									
										
									
										
									
										
									
										
									
										
									
										
									
										
									
										
									
										
									
										
									
										
									
										
									
										
									
										
											
											<td class="fail">FAIL</td>
										
									
										
									
										
									
										
									
										
									
										
									
										
									
										
									
										
									
								
							
								
							
								
							
						
							
								
							
								
							
								
									
										
									
										
									
										
									
										
									
										
									
										
									
										
									
										
									
										
									
										
									
										
									
										
									
										
									
										
									
										
									
										
									
										
											
											<td class="fail">FAIL</td>
										
									
										
									
										
									
										
									
										
									
										
									
								
							
								
							
								
							
						
							
								
							
								
							
								
									
										
									
										
									
										
									
										
									
										
									
										
									
										
									
										
									
										
									
										
									
										
									
										
									
										
									
										
									
										
									
										
									
										
									
										
									
										
									
										
									
										
											
											<td class="fail">FAIL</td>
										
									
										
									
								
							
								
							
								
							
						
							
								
							
								
							
								
									
										
											
											<td class="fail">FAIL</td>
										
									
										
									
										
									
										
									
										
									
										
									
										
									
										
									
										
									
										
									
										
									
										
									
										
									
										
									
										
									
										
									
										
									
										
									
										
									
										
									
										
									
										
									
								
							
								
							
								
							
						
							
								
							
								
							
								
									
										
									
										
											
											<td class="fail">FAIL</td>
										
									
										
									
										
									
										
									
										
									
										
									
										
									
										
									
										
									
										
									
										
									
										
									
										
									
										
									
										
									
										
									
										
									
										
									
										
									
										
									
										
									
								
							
								
							
								
							
						
							
								
							
								
							
								
									
										
									
										
									
										
									
										
											
											<td class="fail">FAIL</td>
										
									
										
									
										
									
										
									
										
									
										
									
										
									
										
									
										
									
										
									
										
									
										
									
										
									
										
									
										
									
										
									
										
									
										
									
										
									
								
							
								
							
								
							
						
							
								
							
								
							
								
									
										
									
										
									
										
									
										
									
										
											
											<td class="fail">FAIL</td>
										
									
										
									
										
									
										
									
										
									
										
									
										
									
										
									
										
									
										
									
										
									
										
									
										
									
										
									
										
									
										
									
										
									
										
									
								
							
								
							
								
							
						
							
								
							
								
							
								
									
										
									
										
									
										
									
										
									
										
									
										
									
										
									
										
									
										
									
										
									
										
									
										
									
										
									
										
									
										
									
										
									
										
									
										
									
										
											
											<td class="fail">FAIL</td>
										
									
										
									
										
									
										
									
								
							
								
							
								
							
						
							
								
							
								
							
								
									
										
									
										
									
										
									
										
									
										
									
										
									
										
									
										
									
										
									
										
									
										
									
										
									
										
									
										
									
										
									
										
									
										
									
										
									
										
									
										
									
										
									
										
											
											<td class="fail">FAIL</td>
										
									
								
							
								
							
								
							
						
					</tr>
					
					<tr>
						<td>
							<a href="#arduino%3asamd%3amkrwifi1010"><b>arduino:samd:mkrwifi1010</b></a>
							<br />
							<small>1.8.12</small>
						</td>

						
						
						
							<td>Yes ⚠️</td>
							<td class="fail">FAIL</td>
						
						

						
							
								
							
								
							
								
							
								
									
										
									
										
									
										
									
										
									
										
									
										
									
										
									
										
									
										
									
										
											
											<td class="fail">FAIL</td>
										
									
										
									
										
									
										
									
										
									
										
									
										
									
										
									
										
									
										
									
										
									
										
									
										
									
								
							
								
							
						
							
								
							
								
							
								
							
								
									
										
									
										
									
										
									
										
									
										
									
										
									
										
									
										
									
										
									
										
									
										
											
											<td class="fail">FAIL</td>
										
									
										
									
										
									
										
									
										
									
										
									
										
									
										
									
										
									
										
									
										
									
										
									
								
							
								
							
						
							
								
							
								
							
								
							
								
									
										
									
										
									
										
									
										
									
										
									
										
									
										
									
										
									
										
									
										
									
										
									
										
											
											<td class="fail">FAIL</td>
										
									
										
									
										
									
										
									
										
									
										
									
										
									
										
									
										
									
										
									
										
									
								
							
								
							
						
							
								
							
								
							
								
							
								
									
										
									
										
									
										
									
										
									
										
									
										
									
										
									
										
									
										
									
										
									
										
									
										
									
										
									
										
									
										
											
											<td class="fail">FAIL</td>
										
									
										
									
										
									
										
									
										
									
										
									
										
									
										
									
								
							
								
							
						
							
								
							
								
							
								
							
								
									
										
									
										
									
										
									
										
									
										
									
										
									
										
									
										
									
										
									
										
									
										
									
										
									
										
									
										
									
										
									
										
											
											<td class="fail">FAIL</td>
										
									
										
									
										
									
										
									
										
									
										
									
										
									
								
							
								
							
						
							
								
							
								
							
								
							
								
									
										
									
										
									
										
											
											<td class="fail">FAIL</td>
										
									
										
									
										
									
										
									
										
									
										
									
										
									
										
									
										
									
										
									
										
									
										
									
										
									
										
									
										
									
										
									
										
									
										
									
										
									
										
									
								
							
								
							
						
							
								
							
								
							
								
							
								
									
										
									
										
									
										
									
										
									
										
									
										
									
										
									
										
											
											<td class="fail">FAIL</td>
										
									
										
									
										
									
										
									
										
									
										
									
										
									
										
									
										
									
										
									
										
									
										
									
										
									
										
									
										
									
								
							
								
							
						
							
								
							
								
							
								
							
								
									
										
									
										
									
										
									
										
									
										
									
										
									
										
									
										
									
										
											
											<td class="fail">FAIL</td>
										
									
										
									
										
									
										
									
										
									
										
									
										
									
										
									
										
									
										
									
										
									
										
									
										
									
										
									
								
							
								
							
						
							
								
							
								
							
								
							
								
									
										
									
										
									
										
									
										
									
										
									
										
									
										
									
										
									
										
									
										
									
										
									
										
									
										
									
										
									
										
									
										
									
										
									
										
									
										
									
										
											
											<td class="fail">FAIL</td>
										
									
										
									
										
									
								
							
								
							
						
							
								
							
								
							
								
							
								
									
										
									
										
									
										
									
										
									
										
									
										
									
										
											
											<td class="fail">FAIL</td>
										
									
										
									
										
									
										
									
										
									
										
									
										
									
										
									
										
									
										
									
										
									
										
									
										
									
										
									
										
									
										
									
								
							
								
							
						
							
								
							
								
							
								
							
								
									
										
									
										
									
										
									
										
									
										
									
										
									
										
									
										
									
										
									
										
									
										
									
										
									
										
											
											<td class="fail">FAIL</td>
										
									
										
									
										
									
										
									
										
									
										
									
										
									
										
									
										
									
										
									
								
							
								
							
						
							
								
							
								
							
								
							
								
									
										
									
										
									
										
									
										
									
										
									
										
									
										
									
										
									
										
									
										
									
										
									
										
									
										
									
										
									
										
									
										
									
										
									
										
											
											<td class="fail">FAIL</td>
										
									
										
									
										
									
										
									
										
									
								
							
								
							
						
							
								
							
								
							
								
							
								
									
										
									
										
									
										
									
										
									
										
									
										
											
											<td class="fail">FAIL</td>
										
									
										
									
										
									
										
									
										
									
										
									
										
									
										
									
										
									
										
									
										
									
										
									
										
									
										
									
										
									
										
									
										
									
								
							
								
							
						
							
								
							
								
							
								
							
								
									
										
									
										
									
										
									
										
									
										
									
										
									
										
									
										
									
										
									
										
									
										
									
										
									
										
									
										
											
											<td class="fail">FAIL</td>
										
									
										
									
										
									
										
									
										
									
										
									
										
									
										
									
										
									
								
							
								
							
						
							
								
							
								
							
								
							
								
									
										
									
										
									
										
									
										
									
										
									
										
									
										
									
										
									
										
									
										
									
										
									
										
									
										
									
										
									
										
									
										
									
										
											
											<td class="fail">FAIL</td>
										
									
										
									
										
									
										
									
										
									
										
									
								
							
								
							
						
							
								
							
								
							
								
							
								
									
										
									
										
									
										
									
										
									
										
									
										
									
										
									
										
									
										
									
										
									
										
									
										
									
										
									
										
									
										
									
										
									
										
									
										
									
										
									
										
									
										
											
											<td class="fail">FAIL</td>
										
									
										
									
								
							
								
							
						
							
								
							
								
							
								
							
								
									
										
											
											<td class="fail">FAIL</td>
										
									
										
									
										
									
										
									
										
									
										
									
										
									
										
									
										
									
										
									
										
									
										
									
										
									
										
									
										
									
										
									
										
									
										
									
										
									
										
									
										
									
										
									
								
							
								
							
						
							
								
							
								
							
								
							
								
									
										
									
										
											
											<td class="fail">FAIL</td>
										
									
										
									
										
									
										
									
										
									
										
									
										
									
										
									
										
									
										
									
										
									
										
									
										
									
										
									
										
									
										
									
										
									
										
									
										
									
										
									
										
									
								
							
								
							
						
							
								
							
								
							
								
							
								
									
										
									
										
									
										
									
										
											
											<td class="fail">FAIL</td>
										
									
										
									
										
									
										
									
										
									
										
									
										
									
										
									
										
									
										
									
										
									
										
									
										
									
										
									
										
									
										
									
										
									
										
									
										
									
								
							
								
							
						
							
								
							
								
							
								
							
								
									
										
									
										
									
										
									
										
									
										
											
											<td class="fail">FAIL</td>
										
									
										
									
										
									
										
									
										
									
										
									
										
									
										
									
										
									
										
									
										
									
										
									
										
									
										
									
										
									
										
									
										
									
										
									
								
							
								
							
						
							
								
							
								
							
								
							
								
									
										
									
										
									
										
									
										
									
										
									
										
									
										
									
										
									
										
									
										
									
										
									
										
									
										
									
										
									
										
									
										
									
										
									
										
									
										
											
											<td class="fail">FAIL</td>
										
									
										
									
										
									
										
									
								
							
								
							
						
							
								
							
								
							
								
							
								
									
										
									
										
									
										
									
										
									
										
									
										
									
										
									
										
									
										
									
										
									
										
									
										
									
										
									
										
									
										
									
										
									
										
									
										
									
										
									
										
									
										
									
										
											
											<td class="fail">FAIL</td>
										
									
								
							
								
							
						
					</tr>
					
					<tr>
						<td>
							<a href="#esp32%3aesp32%3ad1_mini32"><b>esp32:esp32:d1_mini32</b></a>
							<br />
							<small>1.0.6</small>
						</td>

						
						
						
							<td>Yes ⚠️</td>
							<td class="fail">FAIL</td>
						
						

						
							
								
							
								
							
								
							
								
							
								
									
										
									
										
									
										
									
										
									
										
									
										
									
										
									
										
									
										
									
										
											
											<td class="fail">FAIL</td>
										
									
										
									
										
									
										
									
										
									
										
									
										
									
										
									
										
									
										
									
										
									
										
									
										
									
								
							
						
							
								
							
								
							
								
							
								
							
								
									
										
									
										
									
										
									
										
									
										
									
										
									
										
									
										
									
										
									
										
									
										
											
											<td class="fail">FAIL</td>
										
									
										
									
										
									
										
									
										
									
										
									
										
									
										
									
										
									
										
									
										
									
										
									
								
							
						
							
								
							
								
							
								
							
								
							
								
									
										
									
										
									
										
									
										
									
										
									
										
									
										
									
										
									
										
									
										
									
										
									
										
											
											<td class="fail">FAIL</td>
										
									
										
									
										
									
										
									
										
									
										
									
										
									
										
									
										
									
										
									
										
									
								
							
						
							
								
							
								
							
								
							
								
							
								
									
										
									
										
									
										
									
										
									
										
									
										
									
										
									
										
									
										
									
										
									
										
									
										
									
										
									
										
									
										
											
											<td class="fail">FAIL</td>
										
									
										
									
										
									
										
									
										
									
										
									
										
									
										
									
								
							
						
							
								
							
								
							
								
							
								
							
								
									
										
									
										
									
										
									
										
									
										
									
										
									
										
									
										
									
										
									
										
									
										
									
										
									
										
									
										
									
										
									
										
											
											<td class="fail">FAIL</td>
										
									
										
									
										
									
										
									
										
									
										
									
										
									
								
							
						
							
								
							
								
							
								
							
								
							
								
									
										
									
										
									
										
											
											<td class="fail">FAIL</td>
										
									
										
									
										
									
										
									
										
									
										
									
										
									
										
									
										
									
										
									
										
									
										
									
										
									
										
									
										
									
										
									
										
									
										
									
										
									
										
									
								
							
						
							
								
							
								
							
								
							
								
							
								
									
										
									
										
									
										
									
										
									
										
									
										
									
										
									
										
											
											<td class="fail">FAIL</td>
										
									
										
									
										
									
										
									
										
									
										
									
										
									
										
									
										
									
										
									
										
									
										
									
										
									
										
									
										
									
								
							
						
							
								
							
								
							
								
							
								
							
								
									
										
									
										
									
										
									
										
									
										
									
										
									
										
									
										
									
										
											
											<td class="fail">FAIL</td>
										
									
										
									
										
									
										
									
										
									
										
									
										
									
										
									
										
									
										
									
										
									
										
									
										
									
										
									
								
							
						
							
								
							
								
							
								
							
								
							
								
									
										
									
										
									
										
									
										
									
										
									
										
									
										
									
										
									
										
									
										
									
										
									
										
									
										
									
										
									
										
									
										
									
										
									
										
									
										
									
										
											
											<td class="fail">FAIL</td>
										
									
										
									
										
									
								
							
						
							
								
							
								
							
								
							
								
							
								
									
										
									
										
									
										
									
										
									
										
									
										
									
										
											
											<td class="fail">FAIL</td>
										
									
										
									
										
									
										
									
										
									
										
									
										
									
										
									
										
									
										
									
										
									
										
									
										
									
										
									
										
									
										
									
								
							
						
							
								
							
								
							
								
							
								
							
								
									
										
									
										
									
										
									
										
									
										
									
										
									
										
									
										
									
										
									
										
									
										
									
										
									
										
											
											<td class="fail">FAIL</td>
										
									
										
									
										
									
										
									
										
									
										
									
										
									
										
									
										
									
										
									
								
							
						
							
								
							
								
							
								
							
								
							
								
									
										
									
										
									
										
									
										
									
										
									
										
									
										
									
										
									
										
									
										
									
										
									
										
									
										
									
										
									
										
									
										
									
										
									
										
											
											<td class="fail">FAIL</td>
										
									
										
									
										
									
										
									
										
									
								
							
						
							
								
							
								
							
								
							
								
							
								
									
										
									
										
									
										
									
										
									
										
									
										
											
											<td class="fail">FAIL</td>
										
									
										
									
										
									
										
									
										
									
										
									
										
									
										
									
										
									
										
									
										
									
										
									
										
									
										
									
										
									
										
									
										
									
								
							
						
							
								
							
								
							
								
							
								
							
								
									
										
									
										
									
										
									
										
									
										
									
										
									
										
									
										
									
										
									
										
									
										
									
										
									
										
									
										
											
											<td class="fail">FAIL</td>
										
									
										
									
										
									
										
									
										
									
										
									
										
									
										
									
										
									
								
							
						
							
								
							
								
							
								
							
								
							
								
									
										
									
										
									
										
									
										
									
										
									
										
									
										
									
										
									
										
									
										
									
										
									
										
									
										
									
										
									
										
									
										
									
										
											
											<td class="fail">FAIL</td>
										
									
										
									
										
									
										
									
										
									
										
									
								
							
						
							
								
							
								
							
								
							
								
							
								
									
										
									
										
									
										
									
										
									
										
									
										
									
										
									
										
									
										
									
										
									
										
									
										
									
										
									
										
									
										
									
										
									
										
									
										
									
										
									
										
									
										
											
											<td class="fail">FAIL</td>
										
									
										
									
								
							
						
							
								
							
								
							
								
							
								
							
								
									
										
											
											<td class="fail">FAIL</td>
										
									
										
									
										
									
										
									
										
									
										
									
										
									
										
									
										
									
										
									
										
									
										
									
										
									
										
									
										
									
										
									
										
									
										
									
										
									
										
									
										
									
										
									
								
							
						
							
								
							
								
							
								
							
								
							
								
									
										
									
										
											
											<td class="fail">FAIL</td>
										
									
										
									
										
									
										
									
										
									
										
									
										
									
										
									
										
									
										
									
										
									
										
									
										
									
										
									
										
									
										
									
										
									
										
									
										
									
										
									
										
									
								
							
						
							
								
							
								
							
								
							
								
							
								
									
										
									
										
									
										
									
										
											
											<td class="fail">FAIL</td>
										
									
										
									
										
									
										
									
										
									
										
									
										
									
										
									
										
									
										
									
										
									
										
									
										
									
										
									
										
									
										
									
										
									
										
									
										
									
								
							
						
							
								
							
								
							
								
							
								
							
								
									
										
									
										
									
										
									
										
									
										
											
											<td class="fail">FAIL</td>
										
									
										
									
										
									
										
									
										
									
										
									
										
									
										
									
										
									
										
									
										
									
										
									
										
									
										
									
										
									
										
									
										
									
										
									
								
							
						
							
								
							
								
							
								
							
								
							
								
									
										
									
										
									
										
									
										
									
										
									
										
									
										
									
										
									
										
									
										
									
										
									
										
									
										
									
										
									
										
									
										
									
										
									
										
									
										
											
											<td class="fail">FAIL</td>
										
									
										
									
										
									
										
									
								
							
						
							
								
							
								
							
								
							
								
							
								
									
										
									
										
									
										
									
										
									
										
									
										
									
										
									
										
									
										
									
										
									
										
									
										
									
										
									
										
									
										
									
										
									
										
									
										
									
										
									
										
									
										
									
										
											
											<td class="fail">FAIL</td>
										
									
								
							
						
					</tr>
					
				</table>

				<h2>Compilation logs</h2>
				
				<h3 id="arduino:avr:uno">arduino:avr:uno @ 1.8.4</h3>
				<h4>Inclusion</h4>
				<p>
					Result: <b>FAIL</b>
					
					<br />This library has no main header file so an empty one was created.
					
				</p>
				<pre class="pre-scrollable">/tmp/arduino-testlib3203922145/test/test.ino:1:10: fatal error: USB_Host_Shield_Library_2.0.h: No such file or directory
 #include &lt;USB_Host_Shield_Library_2.0.h&gt;
          ^~~~~~~~~~~~~~~~~~~~~~~~~~~~~~~
compilation terminated.

</pre>

					
					<h4>examples/Bluetooth</h4>
					<p>
						Result: <b>FAIL</b>
					</p>
					<pre class="pre-scrollable"></pre>
					
					<h4>examples/GPIO</h4>
					<p>
						Result: <b>FAIL</b>
					</p>
					<pre class="pre-scrollable"></pre>
					
					<h4>examples/HID</h4>
					<p>
						Result: <b>FAIL</b>
					</p>
					<pre class="pre-scrollable"></pre>
					
					<h4>examples/MiniDSP</h4>
					<p>
						Result: <b>PASS</b>
					</p>
					<pre class="pre-scrollable">Sketch uses 12738 bytes (39%) of program storage space. Maximum is 32256 bytes.
Global variables use 589 bytes (28%) of dynamic memory, leaving 1459 bytes for local variables. Maximum is 2048 bytes.
</pre>
					
					<h4>examples/PS3USB</h4>
					<p>
						Result: <b>PASS</b>
					</p>
					<pre class="pre-scrollable">Sketch uses 12512 bytes (38%) of program storage space. Maximum is 32256 bytes.
Global variables use 528 bytes (25%) of dynamic memory, leaving 1520 bytes for local variables. Maximum is 2048 bytes.
</pre>
					
					<h4>examples/PS4USB</h4>
					<p>
						Result: <b>PASS</b>
					</p>
					<pre class="pre-scrollable">Sketch uses 15212 bytes (47%) of program storage space. Maximum is 32256 bytes.
Global variables use 660 bytes (32%) of dynamic memory, leaving 1388 bytes for local variables. Maximum is 2048 bytes.
</pre>
					
					<h4>examples/PS5USB</h4>
					<p>
						Result: <b>PASS</b>
					</p>
					<pre class="pre-scrollable">Sketch uses 15532 bytes (48%) of program storage space. Maximum is 32256 bytes.
Global variables use 663 bytes (32%) of dynamic memory, leaving 1385 bytes for local variables. Maximum is 2048 bytes.
</pre>
					
					<h4>examples/PSBuzz</h4>
					<p>
						Result: <b>PASS</b>
					</p>
					<pre class="pre-scrollable">Sketch uses 11208 bytes (34%) of program storage space. Maximum is 32256 bytes.
Global variables use 529 bytes (25%) of dynamic memory, leaving 1519 bytes for local variables. Maximum is 2048 bytes.
</pre>
					
					<h4>examples/SwitchProUSB</h4>
					<p>
						Result: <b>PASS</b>
					</p>
					<pre class="pre-scrollable">Sketch uses 15898 bytes (49%) of program storage space. Maximum is 32256 bytes.
Global variables use 666 bytes (32%) of dynamic memory, leaving 1382 bytes for local variables. Maximum is 2048 bytes.
</pre>
					
					<h4>examples/USBH_MIDI</h4>
					<p>
						Result: <b>FAIL</b>
					</p>
					<pre class="pre-scrollable"></pre>
					
					<h4>examples/USB_desc</h4>
					<p>
						Result: <b>PASS</b>
					</p>
					<pre class="pre-scrollable">Sketch uses 8808 bytes (27%) of program storage space. Maximum is 32256 bytes.
Global variables use 366 bytes (17%) of dynamic memory, leaving 1682 bytes for local variables. Maximum is 2048 bytes.
</pre>
					
					<h4>examples/Xbox</h4>
					<p>
						Result: <b>FAIL</b>
					</p>
					<pre class="pre-scrollable"></pre>
					
					<h4>examples/acm</h4>
					<p>
						Result: <b>FAIL</b>
					</p>
					<pre class="pre-scrollable"></pre>
					
					<h4>examples/adk</h4>
					<p>
						Result: <b>FAIL</b>
					</p>
					<pre class="pre-scrollable"></pre>
					
					<h4>examples/ambx</h4>
					<p>
						Result: <b>FAIL</b>
					</p>
					<pre class="pre-scrollable"></pre>
					
					<h4>examples/board_qc</h4>
					<p>
						Result: <b>PASS</b>
					</p>
					<pre class="pre-scrollable">Sketch uses 8592 bytes (26%) of program storage space. Maximum is 32256 bytes.
Global variables use 340 bytes (16%) of dynamic memory, leaving 1708 bytes for local variables. Maximum is 2048 bytes.
</pre>
					
					<h4>examples/cdc_XR21B1411</h4>
					<p>
						Result: <b>FAIL</b>
					</p>
					<pre class="pre-scrollable"></pre>
					
					<h4>examples/ftdi</h4>
					<p>
						Result: <b>FAIL</b>
					</p>
					<pre class="pre-scrollable"></pre>
					
					<h4>examples/hub_demo</h4>
					<p>
						Result: <b>PASS</b>
					</p>
					<pre class="pre-scrollable">Sketch uses 12170 bytes (37%) of program storage space. Maximum is 32256 bytes.
Global variables use 641 bytes (31%) of dynamic memory, leaving 1407 bytes for local variables. Maximum is 2048 bytes.
</pre>
					
					<h4>examples/max_LCD</h4>
					<p>
						Result: <b>PASS</b>
					</p>
					<pre class="pre-scrollable">Sketch uses 2652 bytes (8%) of program storage space. Maximum is 32256 bytes.
Global variables use 360 bytes (17%) of dynamic memory, leaving 1688 bytes for local variables. Maximum is 2048 bytes.
</pre>
					
					<h4>examples/pl2303</h4>
					<p>
						Result: <b>FAIL</b>
					</p>
					<pre class="pre-scrollable"></pre>
					
					<h4>examples/testusbhostFAT</h4>
					<p>
						Result: <b>FAIL</b>
					</p>
					<pre class="pre-scrollable">/home/ec2-user/arduino-testlib/cli-datadir/user/libraries/USB_Host_Shield_Library_2.0/examples/testusbhostFAT/testusbhostFAT.ino:65:10: fatal error: xmem.h: No such file or directory
 #include &lt;xmem.h&gt;
          ^~~~~~~~
compilation terminated.

</pre>
					
				
				<h3 id="arduino:mbed_nano:nanorp2040connect">arduino:mbed_nano:nanorp2040connect @ 2.7.2</h3>
				<h4>Inclusion</h4>
				<p>
					Result: <b>FAIL</b>
					
					<br />This library has no main header file so an empty one was created.
					
				</p>
				<pre class="pre-scrollable">/tmp/arduino-testlib3829425611/test/test.ino:1:10: fatal error: USB_Host_Shield_Library_2.0.h: No such file or directory
 #include &lt;USB_Host_Shield_Library_2.0.h&gt;
          ^~~~~~~~~~~~~~~~~~~~~~~~~~~~~~~
compilation terminated.

</pre>

					
					<h4>examples/Bluetooth</h4>
					<p>
						Result: <b>FAIL</b>
					</p>
					<pre class="pre-scrollable"></pre>
					
					<h4>examples/GPIO</h4>
					<p>
						Result: <b>FAIL</b>
					</p>
					<pre class="pre-scrollable"></pre>
					
					<h4>examples/HID</h4>
					<p>
						Result: <b>FAIL</b>
					</p>
					<pre class="pre-scrollable"></pre>
					
					<h4>examples/MiniDSP</h4>
					<p>
						Result: <b>FAIL</b>
					</p>
					<pre class="pre-scrollable">In file included from /home/ec2-user/arduino-testlib/cli-datadir/user/libraries/USB_Host_Shield_Library_2.0/Usb.h:41:0,
                 from /home/ec2-user/arduino-testlib/cli-datadir/user/libraries/USB_Host_Shield_Library_2.0/usbhid.h:20,
                 from /home/ec2-user/arduino-testlib/cli-datadir/user/libraries/USB_Host_Shield_Library_2.0/hidcomposite.h:21,
                 from /home/ec2-user/arduino-testlib/cli-datadir/user/libraries/USB_Host_Shield_Library_2.0/hiduniversal.h:21,
                 from /home/ec2-user/arduino-testlib/cli-datadir/user/libraries/USB_Host_Shield_Library_2.0/MiniDSP.h:24,
                 from /home/ec2-user/arduino-testlib/cli-datadir/user/libraries/USB_Host_Shield_Library_2.0/examples/MiniDSP/MiniDSP.ino:5:
/home/ec2-user/arduino-testlib/cli-datadir/user/libraries/USB_Host_Shield_Library_2.0/avrpins.h:1360:2: error: #error &#34;Please define board in avrpins.h&#34;
 #error &#34;Please define board in avrpins.h&#34;
  ^~~~~
In file included from /home/ec2-user/arduino-testlib/cli-datadir/user/libraries/USB_Host_Shield_Library_2.0/Usb.h:43:0,
                 from /home/ec2-user/arduino-testlib/cli-datadir/user/libraries/USB_Host_Shield_Library_2.0/usbhid.h:20,
                 from /home/ec2-user/arduino-testlib/cli-datadir/user/libraries/USB_Host_Shield_Library_2.0/hidcomposite.h:21,
                 from /home/ec2-user/arduino-testlib/cli-datadir/user/libraries/USB_Host_Shield_Library_2.0/hiduniversal.h:21,
                 from /home/ec2-user/arduino-testlib/cli-datadir/user/libraries/USB_Host_Shield_Library_2.0/MiniDSP.h:24,
                 from /home/ec2-user/arduino-testlib/cli-datadir/user/libraries/USB_Host_Shield_Library_2.0/examples/MiniDSP/MiniDSP.ino:5:
/home/ec2-user/arduino-testlib/cli-datadir/user/libraries/USB_Host_Shield_Library_2.0/usbhost.h:126:2: error: #error &#34;No SPI entry in usbhost.h&#34;
 #error &#34;No SPI entry in usbhost.h&#34;
  ^~~~~

</pre>
					
					<h4>examples/PS3USB</h4>
					<p>
						Result: <b>FAIL</b>
					</p>
					<pre class="pre-scrollable">In file included from /home/ec2-user/arduino-testlib/cli-datadir/user/libraries/USB_Host_Shield_Library_2.0/Usb.h:41:0,
                 from /home/ec2-user/arduino-testlib/cli-datadir/user/libraries/USB_Host_Shield_Library_2.0/PS3USB.h:21,
                 from /home/ec2-user/arduino-testlib/cli-datadir/user/libraries/USB_Host_Shield_Library_2.0/examples/PS3USB/PS3USB.ino:7:
/home/ec2-user/arduino-testlib/cli-datadir/user/libraries/USB_Host_Shield_Library_2.0/avrpins.h:1360:2: error: #error &#34;Please define board in avrpins.h&#34;
 #error &#34;Please define board in avrpins.h&#34;
  ^~~~~
In file included from /home/ec2-user/arduino-testlib/cli-datadir/user/libraries/USB_Host_Shield_Library_2.0/Usb.h:43:0,
                 from /home/ec2-user/arduino-testlib/cli-datadir/user/libraries/USB_Host_Shield_Library_2.0/PS3USB.h:21,
                 from /home/ec2-user/arduino-testlib/cli-datadir/user/libraries/USB_Host_Shield_Library_2.0/examples/PS3USB/PS3USB.ino:7:
/home/ec2-user/arduino-testlib/cli-datadir/user/libraries/USB_Host_Shield_Library_2.0/usbhost.h:126:2: error: #error &#34;No SPI entry in usbhost.h&#34;
 #error &#34;No SPI entry in usbhost.h&#34;
  ^~~~~

</pre>
					
					<h4>examples/PS4USB</h4>
					<p>
						Result: <b>FAIL</b>
					</p>
					<pre class="pre-scrollable">In file included from /home/ec2-user/arduino-testlib/cli-datadir/user/libraries/USB_Host_Shield_Library_2.0/Usb.h:41:0,
                 from /home/ec2-user/arduino-testlib/cli-datadir/user/libraries/USB_Host_Shield_Library_2.0/usbhid.h:20,
                 from /home/ec2-user/arduino-testlib/cli-datadir/user/libraries/USB_Host_Shield_Library_2.0/hidcomposite.h:21,
                 from /home/ec2-user/arduino-testlib/cli-datadir/user/libraries/USB_Host_Shield_Library_2.0/hiduniversal.h:21,
                 from /home/ec2-user/arduino-testlib/cli-datadir/user/libraries/USB_Host_Shield_Library_2.0/PS4USB.h:21,
                 from /home/ec2-user/arduino-testlib/cli-datadir/user/libraries/USB_Host_Shield_Library_2.0/examples/PS4USB/PS4USB.ino:7:
/home/ec2-user/arduino-testlib/cli-datadir/user/libraries/USB_Host_Shield_Library_2.0/avrpins.h:1360:2: error: #error &#34;Please define board in avrpins.h&#34;
 #error &#34;Please define board in avrpins.h&#34;
  ^~~~~
In file included from /home/ec2-user/arduino-testlib/cli-datadir/user/libraries/USB_Host_Shield_Library_2.0/Usb.h:43:0,
                 from /home/ec2-user/arduino-testlib/cli-datadir/user/libraries/USB_Host_Shield_Library_2.0/usbhid.h:20,
                 from /home/ec2-user/arduino-testlib/cli-datadir/user/libraries/USB_Host_Shield_Library_2.0/hidcomposite.h:21,
                 from /home/ec2-user/arduino-testlib/cli-datadir/user/libraries/USB_Host_Shield_Library_2.0/hiduniversal.h:21,
                 from /home/ec2-user/arduino-testlib/cli-datadir/user/libraries/USB_Host_Shield_Library_2.0/PS4USB.h:21,
                 from /home/ec2-user/arduino-testlib/cli-datadir/user/libraries/USB_Host_Shield_Library_2.0/examples/PS4USB/PS4USB.ino:7:
/home/ec2-user/arduino-testlib/cli-datadir/user/libraries/USB_Host_Shield_Library_2.0/usbhost.h:126:2: error: #error &#34;No SPI entry in usbhost.h&#34;
 #error &#34;No SPI entry in usbhost.h&#34;
  ^~~~~

</pre>
					
					<h4>examples/PS5USB</h4>
					<p>
						Result: <b>FAIL</b>
					</p>
					<pre class="pre-scrollable">In file included from /home/ec2-user/arduino-testlib/cli-datadir/user/libraries/USB_Host_Shield_Library_2.0/Usb.h:41:0,
                 from /home/ec2-user/arduino-testlib/cli-datadir/user/libraries/USB_Host_Shield_Library_2.0/usbhid.h:20,
                 from /home/ec2-user/arduino-testlib/cli-datadir/user/libraries/USB_Host_Shield_Library_2.0/hidcomposite.h:21,
                 from /home/ec2-user/arduino-testlib/cli-datadir/user/libraries/USB_Host_Shield_Library_2.0/hiduniversal.h:21,
                 from /home/ec2-user/arduino-testlib/cli-datadir/user/libraries/USB_Host_Shield_Library_2.0/PS5USB.h:24,
                 from /home/ec2-user/arduino-testlib/cli-datadir/user/libraries/USB_Host_Shield_Library_2.0/examples/PS5USB/PS5USB.ino:7:
/home/ec2-user/arduino-testlib/cli-datadir/user/libraries/USB_Host_Shield_Library_2.0/avrpins.h:1360:2: error: #error &#34;Please define board in avrpins.h&#34;
 #error &#34;Please define board in avrpins.h&#34;
  ^~~~~
In file included from /home/ec2-user/arduino-testlib/cli-datadir/user/libraries/USB_Host_Shield_Library_2.0/Usb.h:43:0,
                 from /home/ec2-user/arduino-testlib/cli-datadir/user/libraries/USB_Host_Shield_Library_2.0/usbhid.h:20,
                 from /home/ec2-user/arduino-testlib/cli-datadir/user/libraries/USB_Host_Shield_Library_2.0/hidcomposite.h:21,
                 from /home/ec2-user/arduino-testlib/cli-datadir/user/libraries/USB_Host_Shield_Library_2.0/hiduniversal.h:21,
                 from /home/ec2-user/arduino-testlib/cli-datadir/user/libraries/USB_Host_Shield_Library_2.0/PS5USB.h:24,
                 from /home/ec2-user/arduino-testlib/cli-datadir/user/libraries/USB_Host_Shield_Library_2.0/examples/PS5USB/PS5USB.ino:7:
/home/ec2-user/arduino-testlib/cli-datadir/user/libraries/USB_Host_Shield_Library_2.0/usbhost.h:126:2: error: #error &#34;No SPI entry in usbhost.h&#34;
 #error &#34;No SPI entry in usbhost.h&#34;
  ^~~~~

</pre>
					
					<h4>examples/PSBuzz</h4>
					<p>
						Result: <b>FAIL</b>
					</p>
					<pre class="pre-scrollable">In file included from /home/ec2-user/arduino-testlib/cli-datadir/user/libraries/USB_Host_Shield_Library_2.0/Usb.h:41:0,
                 from /home/ec2-user/arduino-testlib/cli-datadir/user/libraries/USB_Host_Shield_Library_2.0/usbhid.h:20,
                 from /home/ec2-user/arduino-testlib/cli-datadir/user/libraries/USB_Host_Shield_Library_2.0/hidcomposite.h:21,
                 from /home/ec2-user/arduino-testlib/cli-datadir/user/libraries/USB_Host_Shield_Library_2.0/hiduniversal.h:21,
                 from /home/ec2-user/arduino-testlib/cli-datadir/user/libraries/USB_Host_Shield_Library_2.0/PSBuzz.h:21,
                 from /home/ec2-user/arduino-testlib/cli-datadir/user/libraries/USB_Host_Shield_Library_2.0/examples/PSBuzz/PSBuzz.ino:7:
/home/ec2-user/arduino-testlib/cli-datadir/user/libraries/USB_Host_Shield_Library_2.0/avrpins.h:1360:2: error: #error &#34;Please define board in avrpins.h&#34;
 #error &#34;Please define board in avrpins.h&#34;
  ^~~~~
In file included from /home/ec2-user/arduino-testlib/cli-datadir/user/libraries/USB_Host_Shield_Library_2.0/Usb.h:43:0,
                 from /home/ec2-user/arduino-testlib/cli-datadir/user/libraries/USB_Host_Shield_Library_2.0/usbhid.h:20,
                 from /home/ec2-user/arduino-testlib/cli-datadir/user/libraries/USB_Host_Shield_Library_2.0/hidcomposite.h:21,
                 from /home/ec2-user/arduino-testlib/cli-datadir/user/libraries/USB_Host_Shield_Library_2.0/hiduniversal.h:21,
                 from /home/ec2-user/arduino-testlib/cli-datadir/user/libraries/USB_Host_Shield_Library_2.0/PSBuzz.h:21,
                 from /home/ec2-user/arduino-testlib/cli-datadir/user/libraries/USB_Host_Shield_Library_2.0/examples/PSBuzz/PSBuzz.ino:7:
/home/ec2-user/arduino-testlib/cli-datadir/user/libraries/USB_Host_Shield_Library_2.0/usbhost.h:126:2: error: #error &#34;No SPI entry in usbhost.h&#34;
 #error &#34;No SPI entry in usbhost.h&#34;
  ^~~~~

</pre>
					
					<h4>examples/SwitchProUSB</h4>
					<p>
						Result: <b>FAIL</b>
					</p>
					<pre class="pre-scrollable">In file included from /home/ec2-user/arduino-testlib/cli-datadir/user/libraries/USB_Host_Shield_Library_2.0/Usb.h:41:0,
                 from /home/ec2-user/arduino-testlib/cli-datadir/user/libraries/USB_Host_Shield_Library_2.0/usbhid.h:20,
                 from /home/ec2-user/arduino-testlib/cli-datadir/user/libraries/USB_Host_Shield_Library_2.0/hidcomposite.h:21,
                 from /home/ec2-user/arduino-testlib/cli-datadir/user/libraries/USB_Host_Shield_Library_2.0/hiduniversal.h:21,
                 from /home/ec2-user/arduino-testlib/cli-datadir/user/libraries/USB_Host_Shield_Library_2.0/SwitchProUSB.h:21,
                 from /home/ec2-user/arduino-testlib/cli-datadir/user/libraries/USB_Host_Shield_Library_2.0/examples/SwitchProUSB/SwitchProUSB.ino:7:
/home/ec2-user/arduino-testlib/cli-datadir/user/libraries/USB_Host_Shield_Library_2.0/avrpins.h:1360:2: error: #error &#34;Please define board in avrpins.h&#34;
 #error &#34;Please define board in avrpins.h&#34;
  ^~~~~
In file included from /home/ec2-user/arduino-testlib/cli-datadir/user/libraries/USB_Host_Shield_Library_2.0/Usb.h:43:0,
                 from /home/ec2-user/arduino-testlib/cli-datadir/user/libraries/USB_Host_Shield_Library_2.0/usbhid.h:20,
                 from /home/ec2-user/arduino-testlib/cli-datadir/user/libraries/USB_Host_Shield_Library_2.0/hidcomposite.h:21,
                 from /home/ec2-user/arduino-testlib/cli-datadir/user/libraries/USB_Host_Shield_Library_2.0/hiduniversal.h:21,
                 from /home/ec2-user/arduino-testlib/cli-datadir/user/libraries/USB_Host_Shield_Library_2.0/SwitchProUSB.h:21,
                 from /home/ec2-user/arduino-testlib/cli-datadir/user/libraries/USB_Host_Shield_Library_2.0/examples/SwitchProUSB/SwitchProUSB.ino:7:
/home/ec2-user/arduino-testlib/cli-datadir/user/libraries/USB_Host_Shield_Library_2.0/usbhost.h:126:2: error: #error &#34;No SPI entry in usbhost.h&#34;
 #error &#34;No SPI entry in usbhost.h&#34;
  ^~~~~

</pre>
					
					<h4>examples/USBH_MIDI</h4>
					<p>
						Result: <b>FAIL</b>
					</p>
					<pre class="pre-scrollable"></pre>
					
					<h4>examples/USB_desc</h4>
					<p>
						Result: <b>FAIL</b>
					</p>
					<pre class="pre-scrollable">In file included from /home/ec2-user/arduino-testlib/cli-datadir/user/libraries/USB_Host_Shield_Library_2.0/Usb.h:41:0,
                 from /home/ec2-user/arduino-testlib/cli-datadir/user/libraries/USB_Host_Shield_Library_2.0/usbhub.h:20,
                 from /home/ec2-user/arduino-testlib/cli-datadir/user/libraries/USB_Host_Shield_Library_2.0/examples/USB_desc/USB_desc.ino:1:
/home/ec2-user/arduino-testlib/cli-datadir/user/libraries/USB_Host_Shield_Library_2.0/avrpins.h:1360:2: error: #error &#34;Please define board in avrpins.h&#34;
 #error &#34;Please define board in avrpins.h&#34;
  ^~~~~
In file included from /home/ec2-user/arduino-testlib/cli-datadir/user/libraries/USB_Host_Shield_Library_2.0/Usb.h:43:0,
                 from /home/ec2-user/arduino-testlib/cli-datadir/user/libraries/USB_Host_Shield_Library_2.0/usbhub.h:20,
                 from /home/ec2-user/arduino-testlib/cli-datadir/user/libraries/USB_Host_Shield_Library_2.0/examples/USB_desc/USB_desc.ino:1:
/home/ec2-user/arduino-testlib/cli-datadir/user/libraries/USB_Host_Shield_Library_2.0/usbhost.h:126:2: error: #error &#34;No SPI entry in usbhost.h&#34;
 #error &#34;No SPI entry in usbhost.h&#34;
  ^~~~~

</pre>
					
					<h4>examples/Xbox</h4>
					<p>
						Result: <b>FAIL</b>
					</p>
					<pre class="pre-scrollable"></pre>
					
					<h4>examples/acm</h4>
					<p>
						Result: <b>FAIL</b>
					</p>
					<pre class="pre-scrollable"></pre>
					
					<h4>examples/adk</h4>
					<p>
						Result: <b>FAIL</b>
					</p>
					<pre class="pre-scrollable"></pre>
					
					<h4>examples/ambx</h4>
					<p>
						Result: <b>FAIL</b>
					</p>
					<pre class="pre-scrollable"></pre>
					
					<h4>examples/board_qc</h4>
					<p>
						Result: <b>FAIL</b>
					</p>
					<pre class="pre-scrollable">In file included from /home/ec2-user/arduino-testlib/cli-datadir/user/libraries/USB_Host_Shield_Library_2.0/Usb.h:41:0,
                 from /home/ec2-user/arduino-testlib/cli-datadir/user/libraries/USB_Host_Shield_Library_2.0/usbhub.h:20,
                 from /home/ec2-user/arduino-testlib/cli-datadir/user/libraries/USB_Host_Shield_Library_2.0/examples/board_qc/board_qc.ino:6:
/home/ec2-user/arduino-testlib/cli-datadir/user/libraries/USB_Host_Shield_Library_2.0/avrpins.h:1360:2: error: #error &#34;Please define board in avrpins.h&#34;
 #error &#34;Please define board in avrpins.h&#34;
  ^~~~~
In file included from /home/ec2-user/arduino-testlib/cli-datadir/user/libraries/USB_Host_Shield_Library_2.0/Usb.h:43:0,
                 from /home/ec2-user/arduino-testlib/cli-datadir/user/libraries/USB_Host_Shield_Library_2.0/usbhub.h:20,
                 from /home/ec2-user/arduino-testlib/cli-datadir/user/libraries/USB_Host_Shield_Library_2.0/examples/board_qc/board_qc.ino:6:
/home/ec2-user/arduino-testlib/cli-datadir/user/libraries/USB_Host_Shield_Library_2.0/usbhost.h:126:2: error: #error &#34;No SPI entry in usbhost.h&#34;
 #error &#34;No SPI entry in usbhost.h&#34;
  ^~~~~

</pre>
					
					<h4>examples/cdc_XR21B1411</h4>
					<p>
						Result: <b>FAIL</b>
					</p>
					<pre class="pre-scrollable"></pre>
					
					<h4>examples/ftdi</h4>
					<p>
						Result: <b>FAIL</b>
					</p>
					<pre class="pre-scrollable"></pre>
					
					<h4>examples/hub_demo</h4>
					<p>
						Result: <b>FAIL</b>
					</p>
					<pre class="pre-scrollable">In file included from /home/ec2-user/arduino-testlib/cli-datadir/user/libraries/USB_Host_Shield_Library_2.0/Usb.h:41:0,
                 from /home/ec2-user/arduino-testlib/cli-datadir/user/libraries/USB_Host_Shield_Library_2.0/usbhub.h:20,
                 from /home/ec2-user/arduino-testlib/cli-datadir/user/libraries/USB_Host_Shield_Library_2.0/examples/hub_demo/hub_demo.ino:1:
/home/ec2-user/arduino-testlib/cli-datadir/user/libraries/USB_Host_Shield_Library_2.0/avrpins.h:1360:2: error: #error &#34;Please define board in avrpins.h&#34;
 #error &#34;Please define board in avrpins.h&#34;
  ^~~~~
In file included from /home/ec2-user/arduino-testlib/cli-datadir/user/libraries/USB_Host_Shield_Library_2.0/Usb.h:43:0,
                 from /home/ec2-user/arduino-testlib/cli-datadir/user/libraries/USB_Host_Shield_Library_2.0/usbhub.h:20,
                 from /home/ec2-user/arduino-testlib/cli-datadir/user/libraries/USB_Host_Shield_Library_2.0/examples/hub_demo/hub_demo.ino:1:
/home/ec2-user/arduino-testlib/cli-datadir/user/libraries/USB_Host_Shield_Library_2.0/usbhost.h:126:2: error: #error &#34;No SPI entry in usbhost.h&#34;
 #error &#34;No SPI entry in usbhost.h&#34;
  ^~~~~

</pre>
					
					<h4>examples/max_LCD</h4>
					<p>
						Result: <b>FAIL</b>
					</p>
					<pre class="pre-scrollable">In file included from /home/ec2-user/arduino-testlib/cli-datadir/user/libraries/USB_Host_Shield_Library_2.0/Usb.h:41:0,
                 from /home/ec2-user/arduino-testlib/cli-datadir/user/libraries/USB_Host_Shield_Library_2.0/max_LCD.h:24,
                 from /home/ec2-user/arduino-testlib/cli-datadir/user/libraries/USB_Host_Shield_Library_2.0/examples/max_LCD/max_LCD.ino:6:
/home/ec2-user/arduino-testlib/cli-datadir/user/libraries/USB_Host_Shield_Library_2.0/avrpins.h:1360:2: error: #error &#34;Please define board in avrpins.h&#34;
 #error &#34;Please define board in avrpins.h&#34;
  ^~~~~
In file included from /home/ec2-user/arduino-testlib/cli-datadir/user/libraries/USB_Host_Shield_Library_2.0/Usb.h:43:0,
                 from /home/ec2-user/arduino-testlib/cli-datadir/user/libraries/USB_Host_Shield_Library_2.0/max_LCD.h:24,
                 from /home/ec2-user/arduino-testlib/cli-datadir/user/libraries/USB_Host_Shield_Library_2.0/examples/max_LCD/max_LCD.ino:6:
/home/ec2-user/arduino-testlib/cli-datadir/user/libraries/USB_Host_Shield_Library_2.0/usbhost.h:126:2: error: #error &#34;No SPI entry in usbhost.h&#34;
 #error &#34;No SPI entry in usbhost.h&#34;
  ^~~~~

</pre>
					
					<h4>examples/pl2303</h4>
					<p>
						Result: <b>FAIL</b>
					</p>
					<pre class="pre-scrollable"></pre>
					
					<h4>examples/testusbhostFAT</h4>
					<p>
						Result: <b>FAIL</b>
					</p>
					<pre class="pre-scrollable">In file included from /home/ec2-user/arduino-testlib/cli-datadir/user/libraries/USB_Host_Shield_Library_2.0/Usb.h:34:0,
                 from /home/ec2-user/arduino-testlib/cli-datadir/user/libraries/USB_Host_Shield_Library_2.0/usbhub.h:20,
                 from /home/ec2-user/arduino-testlib/cli-datadir/user/libraries/USB_Host_Shield_Library_2.0/examples/testusbhostFAT/testusbhostFAT.ino:71:
/home/ec2-user/arduino-testlib/cli-datadir/user/libraries/USB_Host_Shield_Library_2.0/settings.h:140:10: fatal error: xmem.h: No such file or directory
 #include &lt;xmem.h&gt;
          ^~~~~~~~
compilation terminated.

</pre>
					
				
				<h3 id="arduino:megaavr:nona4809">arduino:megaavr:nona4809 @ 1.8.7</h3>
				<h4>Inclusion</h4>
				<p>
					Result: <b>FAIL</b>
					
					<br />This library has no main header file so an empty one was created.
					
				</p>
				<pre class="pre-scrollable">/tmp/arduino-testlib3829425611/test/test.ino:1:10: fatal error: USB_Host_Shield_Library_2.0.h: No such file or directory
 #include &lt;USB_Host_Shield_Library_2.0.h&gt;
          ^~~~~~~~~~~~~~~~~~~~~~~~~~~~~~~
compilation terminated.

</pre>

					
					<h4>examples/Bluetooth</h4>
					<p>
						Result: <b>FAIL</b>
					</p>
					<pre class="pre-scrollable"></pre>
					
					<h4>examples/GPIO</h4>
					<p>
						Result: <b>FAIL</b>
					</p>
					<pre class="pre-scrollable"></pre>
					
					<h4>examples/HID</h4>
					<p>
						Result: <b>FAIL</b>
					</p>
					<pre class="pre-scrollable"></pre>
					
					<h4>examples/MiniDSP</h4>
					<p>
						Result: <b>FAIL</b>
					</p>
					<pre class="pre-scrollable">In file included from /home/ec2-user/arduino-testlib/cli-datadir/user/libraries/USB_Host_Shield_Library_2.0/Usb.h:41:0,
                 from /home/ec2-user/arduino-testlib/cli-datadir/user/libraries/USB_Host_Shield_Library_2.0/usbhid.h:20,
                 from /home/ec2-user/arduino-testlib/cli-datadir/user/libraries/USB_Host_Shield_Library_2.0/hidcomposite.h:21,
                 from /home/ec2-user/arduino-testlib/cli-datadir/user/libraries/USB_Host_Shield_Library_2.0/hiduniversal.h:21,
                 from /home/ec2-user/arduino-testlib/cli-datadir/user/libraries/USB_Host_Shield_Library_2.0/MiniDSP.h:24,
                 from /home/ec2-user/arduino-testlib/cli-datadir/user/libraries/USB_Host_Shield_Library_2.0/examples/MiniDSP/MiniDSP.ino:5:
/home/ec2-user/arduino-testlib/cli-datadir/user/libraries/USB_Host_Shield_Library_2.0/avrpins.h:807:2: error: #error &#34;Please define board in avrpins.h&#34;
 #error &#34;Please define board in avrpins.h&#34;
  ^~~~~

</pre>
					
					<h4>examples/PS3USB</h4>
					<p>
						Result: <b>FAIL</b>
					</p>
					<pre class="pre-scrollable">In file included from /home/ec2-user/arduino-testlib/cli-datadir/user/libraries/USB_Host_Shield_Library_2.0/Usb.h:41:0,
                 from /home/ec2-user/arduino-testlib/cli-datadir/user/libraries/USB_Host_Shield_Library_2.0/PS3USB.h:21,
                 from /home/ec2-user/arduino-testlib/cli-datadir/user/libraries/USB_Host_Shield_Library_2.0/examples/PS3USB/PS3USB.ino:7:
/home/ec2-user/arduino-testlib/cli-datadir/user/libraries/USB_Host_Shield_Library_2.0/avrpins.h:807:2: error: #error &#34;Please define board in avrpins.h&#34;
 #error &#34;Please define board in avrpins.h&#34;
  ^~~~~

</pre>
					
					<h4>examples/PS4USB</h4>
					<p>
						Result: <b>FAIL</b>
					</p>
					<pre class="pre-scrollable">In file included from /home/ec2-user/arduino-testlib/cli-datadir/user/libraries/USB_Host_Shield_Library_2.0/Usb.h:41:0,
                 from /home/ec2-user/arduino-testlib/cli-datadir/user/libraries/USB_Host_Shield_Library_2.0/usbhid.h:20,
                 from /home/ec2-user/arduino-testlib/cli-datadir/user/libraries/USB_Host_Shield_Library_2.0/hidcomposite.h:21,
                 from /home/ec2-user/arduino-testlib/cli-datadir/user/libraries/USB_Host_Shield_Library_2.0/hiduniversal.h:21,
                 from /home/ec2-user/arduino-testlib/cli-datadir/user/libraries/USB_Host_Shield_Library_2.0/PS4USB.h:21,
                 from /home/ec2-user/arduino-testlib/cli-datadir/user/libraries/USB_Host_Shield_Library_2.0/examples/PS4USB/PS4USB.ino:7:
/home/ec2-user/arduino-testlib/cli-datadir/user/libraries/USB_Host_Shield_Library_2.0/avrpins.h:807:2: error: #error &#34;Please define board in avrpins.h&#34;
 #error &#34;Please define board in avrpins.h&#34;
  ^~~~~

</pre>
					
					<h4>examples/PS5USB</h4>
					<p>
						Result: <b>FAIL</b>
					</p>
					<pre class="pre-scrollable">In file included from /home/ec2-user/arduino-testlib/cli-datadir/user/libraries/USB_Host_Shield_Library_2.0/Usb.h:41:0,
                 from /home/ec2-user/arduino-testlib/cli-datadir/user/libraries/USB_Host_Shield_Library_2.0/usbhid.h:20,
                 from /home/ec2-user/arduino-testlib/cli-datadir/user/libraries/USB_Host_Shield_Library_2.0/hidcomposite.h:21,
                 from /home/ec2-user/arduino-testlib/cli-datadir/user/libraries/USB_Host_Shield_Library_2.0/hiduniversal.h:21,
                 from /home/ec2-user/arduino-testlib/cli-datadir/user/libraries/USB_Host_Shield_Library_2.0/PS5USB.h:24,
                 from /home/ec2-user/arduino-testlib/cli-datadir/user/libraries/USB_Host_Shield_Library_2.0/examples/PS5USB/PS5USB.ino:7:
/home/ec2-user/arduino-testlib/cli-datadir/user/libraries/USB_Host_Shield_Library_2.0/avrpins.h:807:2: error: #error &#34;Please define board in avrpins.h&#34;
 #error &#34;Please define board in avrpins.h&#34;
  ^~~~~

</pre>
					
					<h4>examples/PSBuzz</h4>
					<p>
						Result: <b>FAIL</b>
					</p>
					<pre class="pre-scrollable">In file included from /home/ec2-user/arduino-testlib/cli-datadir/user/libraries/USB_Host_Shield_Library_2.0/Usb.h:41:0,
                 from /home/ec2-user/arduino-testlib/cli-datadir/user/libraries/USB_Host_Shield_Library_2.0/usbhid.h:20,
                 from /home/ec2-user/arduino-testlib/cli-datadir/user/libraries/USB_Host_Shield_Library_2.0/hidcomposite.h:21,
                 from /home/ec2-user/arduino-testlib/cli-datadir/user/libraries/USB_Host_Shield_Library_2.0/hiduniversal.h:21,
                 from /home/ec2-user/arduino-testlib/cli-datadir/user/libraries/USB_Host_Shield_Library_2.0/PSBuzz.h:21,
                 from /home/ec2-user/arduino-testlib/cli-datadir/user/libraries/USB_Host_Shield_Library_2.0/examples/PSBuzz/PSBuzz.ino:7:
/home/ec2-user/arduino-testlib/cli-datadir/user/libraries/USB_Host_Shield_Library_2.0/avrpins.h:807:2: error: #error &#34;Please define board in avrpins.h&#34;
 #error &#34;Please define board in avrpins.h&#34;
  ^~~~~

</pre>
					
					<h4>examples/SwitchProUSB</h4>
					<p>
						Result: <b>FAIL</b>
					</p>
					<pre class="pre-scrollable">In file included from /home/ec2-user/arduino-testlib/cli-datadir/user/libraries/USB_Host_Shield_Library_2.0/Usb.h:41:0,
                 from /home/ec2-user/arduino-testlib/cli-datadir/user/libraries/USB_Host_Shield_Library_2.0/usbhid.h:20,
                 from /home/ec2-user/arduino-testlib/cli-datadir/user/libraries/USB_Host_Shield_Library_2.0/hidcomposite.h:21,
                 from /home/ec2-user/arduino-testlib/cli-datadir/user/libraries/USB_Host_Shield_Library_2.0/hiduniversal.h:21,
                 from /home/ec2-user/arduino-testlib/cli-datadir/user/libraries/USB_Host_Shield_Library_2.0/SwitchProUSB.h:21,
                 from /home/ec2-user/arduino-testlib/cli-datadir/user/libraries/USB_Host_Shield_Library_2.0/examples/SwitchProUSB/SwitchProUSB.ino:7:
/home/ec2-user/arduino-testlib/cli-datadir/user/libraries/USB_Host_Shield_Library_2.0/avrpins.h:807:2: error: #error &#34;Please define board in avrpins.h&#34;
 #error &#34;Please define board in avrpins.h&#34;
  ^~~~~

</pre>
					
					<h4>examples/USBH_MIDI</h4>
					<p>
						Result: <b>FAIL</b>
					</p>
					<pre class="pre-scrollable"></pre>
					
					<h4>examples/USB_desc</h4>
					<p>
						Result: <b>FAIL</b>
					</p>
					<pre class="pre-scrollable">In file included from /home/ec2-user/arduino-testlib/cli-datadir/user/libraries/USB_Host_Shield_Library_2.0/Usb.h:41:0,
                 from /home/ec2-user/arduino-testlib/cli-datadir/user/libraries/USB_Host_Shield_Library_2.0/usbhub.h:20,
                 from /home/ec2-user/arduino-testlib/cli-datadir/user/libraries/USB_Host_Shield_Library_2.0/examples/USB_desc/USB_desc.ino:1:
/home/ec2-user/arduino-testlib/cli-datadir/user/libraries/USB_Host_Shield_Library_2.0/avrpins.h:807:2: error: #error &#34;Please define board in avrpins.h&#34;
 #error &#34;Please define board in avrpins.h&#34;
  ^~~~~

</pre>
					
					<h4>examples/Xbox</h4>
					<p>
						Result: <b>FAIL</b>
					</p>
					<pre class="pre-scrollable"></pre>
					
					<h4>examples/acm</h4>
					<p>
						Result: <b>FAIL</b>
					</p>
					<pre class="pre-scrollable"></pre>
					
					<h4>examples/adk</h4>
					<p>
						Result: <b>FAIL</b>
					</p>
					<pre class="pre-scrollable"></pre>
					
					<h4>examples/ambx</h4>
					<p>
						Result: <b>FAIL</b>
					</p>
					<pre class="pre-scrollable"></pre>
					
					<h4>examples/board_qc</h4>
					<p>
						Result: <b>FAIL</b>
					</p>
					<pre class="pre-scrollable">In file included from /home/ec2-user/arduino-testlib/cli-datadir/user/libraries/USB_Host_Shield_Library_2.0/Usb.h:41:0,
                 from /home/ec2-user/arduino-testlib/cli-datadir/user/libraries/USB_Host_Shield_Library_2.0/usbhub.h:20,
                 from /home/ec2-user/arduino-testlib/cli-datadir/user/libraries/USB_Host_Shield_Library_2.0/examples/board_qc/board_qc.ino:6:
/home/ec2-user/arduino-testlib/cli-datadir/user/libraries/USB_Host_Shield_Library_2.0/avrpins.h:807:2: error: #error &#34;Please define board in avrpins.h&#34;
 #error &#34;Please define board in avrpins.h&#34;
  ^~~~~

</pre>
					
					<h4>examples/cdc_XR21B1411</h4>
					<p>
						Result: <b>FAIL</b>
					</p>
					<pre class="pre-scrollable"></pre>
					
					<h4>examples/ftdi</h4>
					<p>
						Result: <b>FAIL</b>
					</p>
					<pre class="pre-scrollable"></pre>
					
					<h4>examples/hub_demo</h4>
					<p>
						Result: <b>FAIL</b>
					</p>
					<pre class="pre-scrollable">In file included from /home/ec2-user/arduino-testlib/cli-datadir/user/libraries/USB_Host_Shield_Library_2.0/Usb.h:41:0,
                 from /home/ec2-user/arduino-testlib/cli-datadir/user/libraries/USB_Host_Shield_Library_2.0/usbhub.h:20,
                 from /home/ec2-user/arduino-testlib/cli-datadir/user/libraries/USB_Host_Shield_Library_2.0/examples/hub_demo/hub_demo.ino:1:
/home/ec2-user/arduino-testlib/cli-datadir/user/libraries/USB_Host_Shield_Library_2.0/avrpins.h:807:2: error: #error &#34;Please define board in avrpins.h&#34;
 #error &#34;Please define board in avrpins.h&#34;
  ^~~~~

</pre>
					
					<h4>examples/max_LCD</h4>
					<p>
						Result: <b>FAIL</b>
					</p>
					<pre class="pre-scrollable">In file included from /home/ec2-user/arduino-testlib/cli-datadir/user/libraries/USB_Host_Shield_Library_2.0/Usb.h:41:0,
                 from /home/ec2-user/arduino-testlib/cli-datadir/user/libraries/USB_Host_Shield_Library_2.0/max_LCD.h:24,
                 from /home/ec2-user/arduino-testlib/cli-datadir/user/libraries/USB_Host_Shield_Library_2.0/examples/max_LCD/max_LCD.ino:6:
/home/ec2-user/arduino-testlib/cli-datadir/user/libraries/USB_Host_Shield_Library_2.0/avrpins.h:807:2: error: #error &#34;Please define board in avrpins.h&#34;
 #error &#34;Please define board in avrpins.h&#34;
  ^~~~~

</pre>
					
					<h4>examples/pl2303</h4>
					<p>
						Result: <b>FAIL</b>
					</p>
					<pre class="pre-scrollable"></pre>
					
					<h4>examples/testusbhostFAT</h4>
					<p>
						Result: <b>FAIL</b>
					</p>
					<pre class="pre-scrollable">/home/ec2-user/arduino-testlib/cli-datadir/user/libraries/USB_Host_Shield_Library_2.0/examples/testusbhostFAT/testusbhostFAT.ino:65:10: fatal error: xmem.h: No such file or directory
 #include &lt;xmem.h&gt;
          ^~~~~~~~
compilation terminated.

</pre>
					
				
				<h3 id="arduino:samd:mkrwifi1010">arduino:samd:mkrwifi1010 @ 1.8.12</h3>
				<h4>Inclusion</h4>
				<p>
					Result: <b>FAIL</b>
					
					<br />This library has no main header file so an empty one was created.
					
				</p>
				<pre class="pre-scrollable">/tmp/arduino-testlib3203922145/test/test.ino:1:10: fatal error: USB_Host_Shield_Library_2.0.h: No such file or directory
 #include &lt;USB_Host_Shield_Library_2.0.h&gt;
          ^~~~~~~~~~~~~~~~~~~~~~~~~~~~~~~
compilation terminated.

</pre>

					
					<h4>examples/Bluetooth</h4>
					<p>
						Result: <b>FAIL</b>
					</p>
					<pre class="pre-scrollable"></pre>
					
					<h4>examples/GPIO</h4>
					<p>
						Result: <b>FAIL</b>
					</p>
					<pre class="pre-scrollable"></pre>
					
					<h4>examples/HID</h4>
					<p>
						Result: <b>FAIL</b>
					</p>
					<pre class="pre-scrollable"></pre>
					
					<h4>examples/MiniDSP</h4>
					<p>
						Result: <b>FAIL</b>
					</p>
					<pre class="pre-scrollable">In file included from /home/ec2-user/arduino-testlib/cli-datadir/user/libraries/USB_Host_Shield_Library_2.0/Usb.h:41:0,
                 from /home/ec2-user/arduino-testlib/cli-datadir/user/libraries/USB_Host_Shield_Library_2.0/usbhid.h:20,
                 from /home/ec2-user/arduino-testlib/cli-datadir/user/libraries/USB_Host_Shield_Library_2.0/hidcomposite.h:21,
                 from /home/ec2-user/arduino-testlib/cli-datadir/user/libraries/USB_Host_Shield_Library_2.0/hiduniversal.h:21,
                 from /home/ec2-user/arduino-testlib/cli-datadir/user/libraries/USB_Host_Shield_Library_2.0/MiniDSP.h:24,
                 from /home/ec2-user/arduino-testlib/cli-datadir/user/libraries/USB_Host_Shield_Library_2.0/examples/MiniDSP/MiniDSP.ino:5:
/home/ec2-user/arduino-testlib/cli-datadir/user/libraries/USB_Host_Shield_Library_2.0/avrpins.h:1360:2: error: #error &#34;Please define board in avrpins.h&#34;
 #error &#34;Please define board in avrpins.h&#34;
  ^~~~~

</pre>
					
					<h4>examples/PS3USB</h4>
					<p>
						Result: <b>FAIL</b>
					</p>
					<pre class="pre-scrollable">In file included from /home/ec2-user/arduino-testlib/cli-datadir/user/libraries/USB_Host_Shield_Library_2.0/Usb.h:41:0,
                 from /home/ec2-user/arduino-testlib/cli-datadir/user/libraries/USB_Host_Shield_Library_2.0/PS3USB.h:21,
                 from /home/ec2-user/arduino-testlib/cli-datadir/user/libraries/USB_Host_Shield_Library_2.0/examples/PS3USB/PS3USB.ino:7:
/home/ec2-user/arduino-testlib/cli-datadir/user/libraries/USB_Host_Shield_Library_2.0/avrpins.h:1360:2: error: #error &#34;Please define board in avrpins.h&#34;
 #error &#34;Please define board in avrpins.h&#34;
  ^~~~~

</pre>
					
					<h4>examples/PS4USB</h4>
					<p>
						Result: <b>FAIL</b>
					</p>
					<pre class="pre-scrollable">In file included from /home/ec2-user/arduino-testlib/cli-datadir/user/libraries/USB_Host_Shield_Library_2.0/Usb.h:41:0,
                 from /home/ec2-user/arduino-testlib/cli-datadir/user/libraries/USB_Host_Shield_Library_2.0/usbhid.h:20,
                 from /home/ec2-user/arduino-testlib/cli-datadir/user/libraries/USB_Host_Shield_Library_2.0/hidcomposite.h:21,
                 from /home/ec2-user/arduino-testlib/cli-datadir/user/libraries/USB_Host_Shield_Library_2.0/hiduniversal.h:21,
                 from /home/ec2-user/arduino-testlib/cli-datadir/user/libraries/USB_Host_Shield_Library_2.0/PS4USB.h:21,
                 from /home/ec2-user/arduino-testlib/cli-datadir/user/libraries/USB_Host_Shield_Library_2.0/examples/PS4USB/PS4USB.ino:7:
/home/ec2-user/arduino-testlib/cli-datadir/user/libraries/USB_Host_Shield_Library_2.0/avrpins.h:1360:2: error: #error &#34;Please define board in avrpins.h&#34;
 #error &#34;Please define board in avrpins.h&#34;
  ^~~~~

</pre>
					
					<h4>examples/PS5USB</h4>
					<p>
						Result: <b>FAIL</b>
					</p>
					<pre class="pre-scrollable">In file included from /home/ec2-user/arduino-testlib/cli-datadir/user/libraries/USB_Host_Shield_Library_2.0/Usb.h:41:0,
                 from /home/ec2-user/arduino-testlib/cli-datadir/user/libraries/USB_Host_Shield_Library_2.0/usbhid.h:20,
                 from /home/ec2-user/arduino-testlib/cli-datadir/user/libraries/USB_Host_Shield_Library_2.0/hidcomposite.h:21,
                 from /home/ec2-user/arduino-testlib/cli-datadir/user/libraries/USB_Host_Shield_Library_2.0/hiduniversal.h:21,
                 from /home/ec2-user/arduino-testlib/cli-datadir/user/libraries/USB_Host_Shield_Library_2.0/PS5USB.h:24,
                 from /home/ec2-user/arduino-testlib/cli-datadir/user/libraries/USB_Host_Shield_Library_2.0/examples/PS5USB/PS5USB.ino:7:
/home/ec2-user/arduino-testlib/cli-datadir/user/libraries/USB_Host_Shield_Library_2.0/avrpins.h:1360:2: error: #error &#34;Please define board in avrpins.h&#34;
 #error &#34;Please define board in avrpins.h&#34;
  ^~~~~

</pre>
					
					<h4>examples/PSBuzz</h4>
					<p>
						Result: <b>FAIL</b>
					</p>
					<pre class="pre-scrollable">In file included from /home/ec2-user/arduino-testlib/cli-datadir/user/libraries/USB_Host_Shield_Library_2.0/Usb.h:41:0,
                 from /home/ec2-user/arduino-testlib/cli-datadir/user/libraries/USB_Host_Shield_Library_2.0/usbhid.h:20,
                 from /home/ec2-user/arduino-testlib/cli-datadir/user/libraries/USB_Host_Shield_Library_2.0/hidcomposite.h:21,
                 from /home/ec2-user/arduino-testlib/cli-datadir/user/libraries/USB_Host_Shield_Library_2.0/hiduniversal.h:21,
                 from /home/ec2-user/arduino-testlib/cli-datadir/user/libraries/USB_Host_Shield_Library_2.0/PSBuzz.h:21,
                 from /home/ec2-user/arduino-testlib/cli-datadir/user/libraries/USB_Host_Shield_Library_2.0/examples/PSBuzz/PSBuzz.ino:7:
/home/ec2-user/arduino-testlib/cli-datadir/user/libraries/USB_Host_Shield_Library_2.0/avrpins.h:1360:2: error: #error &#34;Please define board in avrpins.h&#34;
 #error &#34;Please define board in avrpins.h&#34;
  ^~~~~

</pre>
					
					<h4>examples/SwitchProUSB</h4>
					<p>
						Result: <b>FAIL</b>
					</p>
					<pre class="pre-scrollable">In file included from /home/ec2-user/arduino-testlib/cli-datadir/user/libraries/USB_Host_Shield_Library_2.0/Usb.h:41:0,
                 from /home/ec2-user/arduino-testlib/cli-datadir/user/libraries/USB_Host_Shield_Library_2.0/usbhid.h:20,
                 from /home/ec2-user/arduino-testlib/cli-datadir/user/libraries/USB_Host_Shield_Library_2.0/hidcomposite.h:21,
                 from /home/ec2-user/arduino-testlib/cli-datadir/user/libraries/USB_Host_Shield_Library_2.0/hiduniversal.h:21,
                 from /home/ec2-user/arduino-testlib/cli-datadir/user/libraries/USB_Host_Shield_Library_2.0/SwitchProUSB.h:21,
                 from /home/ec2-user/arduino-testlib/cli-datadir/user/libraries/USB_Host_Shield_Library_2.0/examples/SwitchProUSB/SwitchProUSB.ino:7:
/home/ec2-user/arduino-testlib/cli-datadir/user/libraries/USB_Host_Shield_Library_2.0/avrpins.h:1360:2: error: #error &#34;Please define board in avrpins.h&#34;
 #error &#34;Please define board in avrpins.h&#34;
  ^~~~~

</pre>
					
					<h4>examples/USBH_MIDI</h4>
					<p>
						Result: <b>FAIL</b>
					</p>
					<pre class="pre-scrollable"></pre>
					
					<h4>examples/USB_desc</h4>
					<p>
						Result: <b>FAIL</b>
					</p>
					<pre class="pre-scrollable">In file included from /home/ec2-user/arduino-testlib/cli-datadir/data/packages/arduino/tools/CMSIS-Atmel/1.2.0/CMSIS/Device/ATMEL/samd21/include/samd21.h:69:0,
                 from /home/ec2-user/arduino-testlib/cli-datadir/data/packages/arduino/tools/CMSIS-Atmel/1.2.0/CMSIS/Device/ATMEL/samd.h:105,
                 from /home/ec2-user/arduino-testlib/cli-datadir/data/packages/arduino/hardware/samd/1.8.12/cores/arduino/Arduino.h:38,
                 from /tmp/arduino-sketch-246AAD2ACBFAD066AE0CC1F9852E7C8A/sketch/USB_desc.ino.cpp:1:
/home/ec2-user/arduino-testlib/cli-datadir/data/packages/arduino/tools/CMSIS-Atmel/1.2.0/CMSIS/Device/ATMEL/samd21/include/samd21g18a.h:516:38: error: expected &#39;)&#39; before &#39;*&#39; token
 #define USB               ((Usb      *)0x41005000UL) /**&lt; \brief (USB) APB Base Address */
                                      ^
/home/ec2-user/arduino-testlib/cli-datadir/user/libraries/USB_Host_Shield_Library_2.0/examples/USB_desc/USB_desc.ino:11:1: note: in expansion of macro &#39;USB&#39;
 USB     Usb;
 ^~~
/home/ec2-user/arduino-testlib/cli-datadir/data/packages/arduino/tools/CMSIS-Atmel/1.2.0/CMSIS/Device/ATMEL/samd21/include/samd21g18a.h:516:38: error: expected &#39;)&#39; before &#39;*&#39; token
 #define USB               ((Usb      *)0x41005000UL) /**&lt; \brief (USB) APB Base Address */
                                      ^
/home/ec2-user/arduino-testlib/cli-datadir/user/libraries/USB_Host_Shield_Library_2.0/examples/USB_desc/USB_desc.ino:11:1: note: in expansion of macro &#39;USB&#39;
 USB     Usb;
 ^~~
/home/ec2-user/arduino-testlib/cli-datadir/user/libraries/USB_Host_Shield_Library_2.0/examples/USB_desc/USB_desc.ino: In function &#39;void PrintAllAddresses(UsbDevice*)&#39;:
/home/ec2-user/arduino-testlib/cli-datadir/user/libraries/USB_Host_Shield_Library_2.0/examples/USB_desc/USB_desc.ino:23:26: error: &#39;struct UsbDevice&#39; has no member named &#39;address&#39;
   adr.devAddress = pdev-&gt;address.devAddress;
                          ^~~~~~~
/home/ec2-user/arduino-testlib/cli-datadir/user/libraries/USB_Host_Shield_Library_2.0/examples/USB_desc/USB_desc.ino: In function &#39;void setup()&#39;:
/home/ec2-user/arduino-testlib/cli-datadir/user/libraries/USB_Host_Shield_Library_2.0/examples/USB_desc/USB_desc.ino:57:10: error: expected primary-expression before &#39;.&#39; token
   if (Usb.Init() == -1)
          ^
/home/ec2-user/arduino-testlib/cli-datadir/user/libraries/USB_Host_Shield_Library_2.0/examples/USB_desc/USB_desc.ino: In function &#39;void PrintAllDescriptors(UsbDevice*)&#39;:
/home/ec2-user/arduino-testlib/cli-datadir/user/libraries/USB_Host_Shield_Library_2.0/examples/USB_desc/USB_desc.ino:93:19: error: &#39;struct UsbDevice&#39; has no member named &#39;address&#39;
   print_hex(pdev-&gt;address.devAddress, 8);
                   ^~~~~~~
/home/ec2-user/arduino-testlib/cli-datadir/user/libraries/USB_Host_Shield_Library_2.0/examples/USB_desc/USB_desc.ino:95:27: error: &#39;struct UsbDevice&#39; has no member named &#39;address&#39;
   PrintDescriptors( pdev-&gt;address.devAddress );
                           ^~~~~~~
/home/ec2-user/arduino-testlib/cli-datadir/user/libraries/USB_Host_Shield_Library_2.0/examples/USB_desc/USB_desc.ino: In function &#39;void loop()&#39;:
/home/ec2-user/arduino-testlib/cli-datadir/user/libraries/USB_Host_Shield_Library_2.0/examples/USB_desc/USB_desc.ino:100:6: error: expected unqualified-id before &#39;.&#39; token
   Usb.Task();
      ^
/home/ec2-user/arduino-testlib/cli-datadir/user/libraries/USB_Host_Shield_Library_2.0/examples/USB_desc/USB_desc.ino:102:11: error: expected primary-expression before &#39;.&#39; token
   if ( Usb.getUsbTaskState() == USB_STATE_RUNNING )
           ^
/home/ec2-user/arduino-testlib/cli-datadir/user/libraries/USB_Host_Shield_Library_2.0/examples/USB_desc/USB_desc.ino:104:8: error: expected unqualified-id before &#39;.&#39; token
     Usb.ForEachUsbDevice(&amp;PrintAllDescriptors);
        ^
/home/ec2-user/arduino-testlib/cli-datadir/user/libraries/USB_Host_Shield_Library_2.0/examples/USB_desc/USB_desc.ino:105:8: error: expected unqualified-id before &#39;.&#39; token
     Usb.ForEachUsbDevice(&amp;PrintAllAddresses);
        ^
/home/ec2-user/arduino-testlib/cli-datadir/user/libraries/USB_Host_Shield_Library_2.0/examples/USB_desc/USB_desc.ino: In function &#39;uint8_t getdevdescr(uint8_t, uint8_t&amp;)&#39;:
/home/ec2-user/arduino-testlib/cli-datadir/user/libraries/USB_Host_Shield_Library_2.0/examples/USB_desc/USB_desc.ino:119:14: error: expected primary-expression before &#39;.&#39; token
   rcode = Usb.getDevDescr( addr, 0, 0x12, ( uint8_t *)&amp;buf );
              ^
/home/ec2-user/arduino-testlib/cli-datadir/user/libraries/USB_Host_Shield_Library_2.0/examples/USB_desc/USB_desc.ino: In function &#39;uint8_t getconfdescr(uint8_t, uint8_t)&#39;:
/home/ec2-user/arduino-testlib/cli-datadir/user/libraries/USB_Host_Shield_Library_2.0/examples/USB_desc/USB_desc.ino:210:14: error: expected primary-expression before &#39;.&#39; token
   rcode = Usb.getConfDescr( addr, 0, 4, conf, buf );  //get total length
              ^
/home/ec2-user/arduino-testlib/cli-datadir/user/libraries/USB_Host_Shield_Library_2.0/examples/USB_desc/USB_desc.ino:217:14: error: expected primary-expression before &#39;.&#39; token
   rcode = Usb.getConfDescr( addr, 0, total_length, conf, buf ); //get the whole descriptor
              ^
Multiple libraries were found for &#34;usbhub.h&#34;
  Used: /home/ec2-user/arduino-testlib/cli-datadir/data/packages/arduino/hardware/samd/1.8.12/libraries/USBHost
  Not used: /home/ec2-user/arduino-testlib/cli-datadir/user/libraries/USB_Host_Shield_Library_2.0
</pre>
					
					<h4>examples/Xbox</h4>
					<p>
						Result: <b>FAIL</b>
					</p>
					<pre class="pre-scrollable"></pre>
					
					<h4>examples/acm</h4>
					<p>
						Result: <b>FAIL</b>
					</p>
					<pre class="pre-scrollable"></pre>
					
					<h4>examples/adk</h4>
					<p>
						Result: <b>FAIL</b>
					</p>
					<pre class="pre-scrollable"></pre>
					
					<h4>examples/ambx</h4>
					<p>
						Result: <b>FAIL</b>
					</p>
					<pre class="pre-scrollable"></pre>
					
					<h4>examples/board_qc</h4>
					<p>
						Result: <b>FAIL</b>
					</p>
					<pre class="pre-scrollable">In file included from /home/ec2-user/arduino-testlib/cli-datadir/data/packages/arduino/tools/CMSIS-Atmel/1.2.0/CMSIS/Device/ATMEL/samd21/include/samd21.h:69:0,
                 from /home/ec2-user/arduino-testlib/cli-datadir/data/packages/arduino/tools/CMSIS-Atmel/1.2.0/CMSIS/Device/ATMEL/samd.h:105,
                 from /home/ec2-user/arduino-testlib/cli-datadir/data/packages/arduino/hardware/samd/1.8.12/cores/arduino/Arduino.h:38,
                 from /tmp/arduino-sketch-4356B18AAB0F850C13B424ED670058AD/sketch/board_qc.ino.cpp:1:
/home/ec2-user/arduino-testlib/cli-datadir/data/packages/arduino/tools/CMSIS-Atmel/1.2.0/CMSIS/Device/ATMEL/samd21/include/samd21g18a.h:516:38: error: expected &#39;)&#39; before &#39;*&#39; token
 #define USB               ((Usb      *)0x41005000UL) /**&lt; \brief (USB) APB Base Address */
                                      ^
/home/ec2-user/arduino-testlib/cli-datadir/user/libraries/USB_Host_Shield_Library_2.0/examples/board_qc/board_qc.ino:23:1: note: in expansion of macro &#39;USB&#39;
 USB Usb;
 ^~~
/home/ec2-user/arduino-testlib/cli-datadir/data/packages/arduino/tools/CMSIS-Atmel/1.2.0/CMSIS/Device/ATMEL/samd21/include/samd21g18a.h:516:38: error: expected &#39;)&#39; before &#39;*&#39; token
 #define USB               ((Usb      *)0x41005000UL) /**&lt; \brief (USB) APB Base Address */
                                      ^
/home/ec2-user/arduino-testlib/cli-datadir/user/libraries/USB_Host_Shield_Library_2.0/examples/board_qc/board_qc.ino:23:1: note: in expansion of macro &#39;USB&#39;
 USB Usb;
 ^~~
/home/ec2-user/arduino-testlib/cli-datadir/user/libraries/USB_Host_Shield_Library_2.0/examples/board_qc/board_qc.ino: In function &#39;void setup()&#39;:
/home/ec2-user/arduino-testlib/cli-datadir/user/libraries/USB_Host_Shield_Library_2.0/examples/board_qc/board_qc.ino:36:12: error: expected unqualified-id before &#39;.&#39; token
         Usb.Init(); // Initializes SPI, we don&#39;t care about the return value here
            ^
/home/ec2-user/arduino-testlib/cli-datadir/user/libraries/USB_Host_Shield_Library_2.0/examples/board_qc/board_qc.ino:38:38: error: expected primary-expression before &#39;.&#39; token
                 uint8_t tmpbyte = Usb.regRd(rREVISION);
                                      ^
/home/ec2-user/arduino-testlib/cli-datadir/user/libraries/USB_Host_Shield_Library_2.0/examples/board_qc/board_qc.ino:38:45: error: &#39;rREVISION&#39; was not declared in this scope
                 uint8_t tmpbyte = Usb.regRd(rREVISION);
                                             ^~~~~~~~~
/home/ec2-user/arduino-testlib/cli-datadir/user/libraries/USB_Host_Shield_Library_2.0/examples/board_qc/board_qc.ino:61:43: error: expected primary-expression before &#39;.&#39; token
                 uint8_t gpinpol_copy = Usb.regRd(rGPINPOL);
                                           ^
/home/ec2-user/arduino-testlib/cli-datadir/user/libraries/USB_Host_Shield_Library_2.0/examples/board_qc/board_qc.ino:61:50: error: &#39;rGPINPOL&#39; was not declared in this scope
                 uint8_t gpinpol_copy = Usb.regRd(rGPINPOL);
                                                  ^~~~~~~~
/home/ec2-user/arduino-testlib/cli-datadir/user/libraries/USB_Host_Shield_Library_2.0/examples/board_qc/board_qc.ino:67:36: error: expected unqualified-id before &#39;.&#39; token
                                 Usb.regWr(rGPINPOL, sample_wr);
                                    ^
/home/ec2-user/arduino-testlib/cli-datadir/user/libraries/USB_Host_Shield_Library_2.0/examples/board_qc/board_qc.ino:68:48: error: expected primary-expression before &#39;.&#39; token
                                 sample_rd = Usb.regRd(rGPINPOL);
                                                ^
/home/ec2-user/arduino-testlib/cli-datadir/user/libraries/USB_Host_Shield_Library_2.0/examples/board_qc/board_qc.ino:81:20: error: expected unqualified-id before &#39;.&#39; token
                 Usb.regWr(rGPINPOL, gpinpol_copy);
                    ^
/home/ec2-user/arduino-testlib/cli-datadir/user/libraries/USB_Host_Shield_Library_2.0/examples/board_qc/board_qc.ino:94:28: error: expected unqualified-id before &#39;.&#39; token
                         Usb.gpioWr(sample_gpio);
                            ^
/home/ec2-user/arduino-testlib/cli-datadir/user/libraries/USB_Host_Shield_Library_2.0/examples/board_qc/board_qc.ino:95:38: error: expected primary-expression before &#39;.&#39; token
                         tmpbyte = Usb.gpioRd();
                                      ^
/home/ec2-user/arduino-testlib/cli-datadir/user/libraries/USB_Host_Shield_Library_2.0/examples/board_qc/board_qc.ino:114:25: error: expected primary-expression before &#39;.&#39; token
                 if(!(Usb.regRd(rUSBIRQ) &amp; bmOSCOKIRQ)) { //wrong state - should be on
                         ^
/home/ec2-user/arduino-testlib/cli-datadir/user/libraries/USB_Host_Shield_Library_2.0/examples/board_qc/board_qc.ino:114:32: error: &#39;rUSBIRQ&#39; was not declared in this scope
                 if(!(Usb.regRd(rUSBIRQ) &amp; bmOSCOKIRQ)) { //wrong state - should be on
                                ^~~~~~~
/home/ec2-user/arduino-testlib/cli-datadir/user/libraries/USB_Host_Shield_Library_2.0/examples/board_qc/board_qc.ino:114:32: note: suggested alternative: &#39;USB_IRQn&#39;
                 if(!(Usb.regRd(rUSBIRQ) &amp; bmOSCOKIRQ)) { //wrong state - should be on
                                ^~~~~~~
                                USB_IRQn
/home/ec2-user/arduino-testlib/cli-datadir/user/libraries/USB_Host_Shield_Library_2.0/examples/board_qc/board_qc.ino:114:43: error: &#39;bmOSCOKIRQ&#39; was not declared in this scope
                 if(!(Usb.regRd(rUSBIRQ) &amp; bmOSCOKIRQ)) { //wrong state - should be on
                                           ^~~~~~~~~~
/home/ec2-user/arduino-testlib/cli-datadir/user/libraries/USB_Host_Shield_Library_2.0/examples/board_qc/board_qc.ino:126:28: error: expected unqualified-id before &#39;.&#39; token
                         Usb.regWr(rUSBCTL, bmCHIPRES); //reset
                            ^
/home/ec2-user/arduino-testlib/cli-datadir/user/libraries/USB_Host_Shield_Library_2.0/examples/board_qc/board_qc.ino:127:31: error: expected primary-expression before &#39;.&#39; token
                         if(Usb.regRd(rUSBIRQ) &amp; bmOSCOKIRQ) { //wrong state - should be off
                               ^
/home/ec2-user/arduino-testlib/cli-datadir/user/libraries/USB_Host_Shield_Library_2.0/examples/board_qc/board_qc.ino:127:38: error: &#39;rUSBIRQ&#39; was not declared in this scope
                         if(Usb.regRd(rUSBIRQ) &amp; bmOSCOKIRQ) { //wrong state - should be off
                                      ^~~~~~~
/home/ec2-user/arduino-testlib/cli-datadir/user/libraries/USB_Host_Shield_Library_2.0/examples/board_qc/board_qc.ino:127:38: note: suggested alternative: &#39;USB_IRQn&#39;
                         if(Usb.regRd(rUSBIRQ) &amp; bmOSCOKIRQ) { //wrong state - should be off
                                      ^~~~~~~
                                      USB_IRQn
/home/ec2-user/arduino-testlib/cli-datadir/user/libraries/USB_Host_Shield_Library_2.0/examples/board_qc/board_qc.ino:127:49: error: &#39;bmOSCOKIRQ&#39; was not declared in this scope
                         if(Usb.regRd(rUSBIRQ) &amp; bmOSCOKIRQ) { //wrong state - should be off
                                                 ^~~~~~~~~~
/home/ec2-user/arduino-testlib/cli-datadir/user/libraries/USB_Host_Shield_Library_2.0/examples/board_qc/board_qc.ino:131:28: error: expected unqualified-id before &#39;.&#39; token
                         Usb.regWr(rUSBCTL, 0x00); //release from reset
                            ^
/home/ec2-user/arduino-testlib/cli-datadir/user/libraries/USB_Host_Shield_Library_2.0/examples/board_qc/board_qc.ino:134:39: error: expected primary-expression before &#39;.&#39; token
                                 if(Usb.regRd(rUSBIRQ) &amp; bmOSCOKIRQ) {
                                       ^
/home/ec2-user/arduino-testlib/cli-datadir/user/libraries/USB_Host_Shield_Library_2.0/examples/board_qc/board_qc.ino:134:46: error: &#39;rUSBIRQ&#39; was not declared in this scope
                                 if(Usb.regRd(rUSBIRQ) &amp; bmOSCOKIRQ) {
                                              ^~~~~~~
/home/ec2-user/arduino-testlib/cli-datadir/user/libraries/USB_Host_Shield_Library_2.0/examples/board_qc/board_qc.ino:134:46: note: suggested alternative: &#39;USB_IRQn&#39;
                                 if(Usb.regRd(rUSBIRQ) &amp; bmOSCOKIRQ) {
                                              ^~~~~~~
                                              USB_IRQn
/home/ec2-user/arduino-testlib/cli-datadir/user/libraries/USB_Host_Shield_Library_2.0/examples/board_qc/board_qc.ino:134:57: error: &#39;bmOSCOKIRQ&#39; was not declared in this scope
                                 if(Usb.regRd(rUSBIRQ) &amp; bmOSCOKIRQ) {
                                                         ^~~~~~~~~~
/home/ec2-user/arduino-testlib/cli-datadir/user/libraries/USB_Host_Shield_Library_2.0/examples/board_qc/board_qc.ino:149:15: error: expected primary-expression before &#39;.&#39; token
         if(Usb.Init() == -1) {
               ^
/home/ec2-user/arduino-testlib/cli-datadir/user/libraries/USB_Host_Shield_Library_2.0/examples/board_qc/board_qc.ino: In function &#39;void loop()&#39;:
/home/ec2-user/arduino-testlib/cli-datadir/user/libraries/USB_Host_Shield_Library_2.0/examples/board_qc/board_qc.ino:158:12: error: expected unqualified-id before &#39;.&#39; token
         Usb.Task();
            ^
/home/ec2-user/arduino-testlib/cli-datadir/user/libraries/USB_Host_Shield_Library_2.0/examples/board_qc/board_qc.ino:159:23: error: expected primary-expression before &#39;.&#39; token
         usbstate = Usb.getUsbTaskState();
                       ^
/home/ec2-user/arduino-testlib/cli-datadir/user/libraries/USB_Host_Shield_Library_2.0/examples/board_qc/board_qc.ino:181:44: error: expected primary-expression before &#39;.&#39; token
                                 rcode = Usb.getDevDescr(1, 0, sizeof (USB_DEVICE_DESCRIPTOR), (uint8_t*) &amp; buf);
                                            ^
/home/ec2-user/arduino-testlib/cli-datadir/user/libraries/USB_Host_Shield_Library_2.0/examples/board_qc/board_qc.ino: In func</pre>
					
					<h4>examples/cdc_XR21B1411</h4>
					<p>
						Result: <b>FAIL</b>
					</p>
					<pre class="pre-scrollable"></pre>
					
					<h4>examples/ftdi</h4>
					<p>
						Result: <b>FAIL</b>
					</p>
					<pre class="pre-scrollable"></pre>
					
					<h4>examples/hub_demo</h4>
					<p>
						Result: <b>FAIL</b>
					</p>
					<pre class="pre-scrollable">In file included from /home/ec2-user/arduino-testlib/cli-datadir/data/packages/arduino/tools/CMSIS-Atmel/1.2.0/CMSIS/Device/ATMEL/samd21/include/samd21.h:69:0,
                 from /home/ec2-user/arduino-testlib/cli-datadir/data/packages/arduino/tools/CMSIS-Atmel/1.2.0/CMSIS/Device/ATMEL/samd.h:105,
                 from /home/ec2-user/arduino-testlib/cli-datadir/data/packages/arduino/hardware/samd/1.8.12/cores/arduino/Arduino.h:38,
                 from /tmp/arduino-sketch-394D9E6CDC628067E4B9C56C366632E7/sketch/hub_demo.ino.cpp:1:
/home/ec2-user/arduino-testlib/cli-datadir/data/packages/arduino/tools/CMSIS-Atmel/1.2.0/CMSIS/Device/ATMEL/samd21/include/samd21g18a.h:516:38: error: expected &#39;)&#39; before &#39;*&#39; token
 #define USB               ((Usb      *)0x41005000UL) /**&lt; \brief (USB) APB Base Address */
                                      ^
/home/ec2-user/arduino-testlib/cli-datadir/user/libraries/USB_Host_Shield_Library_2.0/examples/hub_demo/hub_demo.ino:10:1: note: in expansion of macro &#39;USB&#39;
 USB     Usb;
 ^~~
/home/ec2-user/arduino-testlib/cli-datadir/data/packages/arduino/tools/CMSIS-Atmel/1.2.0/CMSIS/Device/ATMEL/samd21/include/samd21g18a.h:516:38: error: expected &#39;)&#39; before &#39;*&#39; token
 #define USB               ((Usb      *)0x41005000UL) /**&lt; \brief (USB) APB Base Address */
                                      ^
/home/ec2-user/arduino-testlib/cli-datadir/user/libraries/USB_Host_Shield_Library_2.0/examples/hub_demo/hub_demo.ino:10:1: note: in expansion of macro &#39;USB&#39;
 USB     Usb;
 ^~~
/home/ec2-user/arduino-testlib/cli-datadir/user/libraries/USB_Host_Shield_Library_2.0/examples/hub_demo/hub_demo.ino:11:18: error: expected primary-expression before &#39;)&#39; token
 USBHub  Hub1(&amp;Usb);
                  ^
/home/ec2-user/arduino-testlib/cli-datadir/user/libraries/USB_Host_Shield_Library_2.0/examples/hub_demo/hub_demo.ino:12:18: error: expected primary-expression before &#39;)&#39; token
 USBHub  Hub2(&amp;Usb);
                  ^
/home/ec2-user/arduino-testlib/cli-datadir/user/libraries/USB_Host_Shield_Library_2.0/examples/hub_demo/hub_demo.ino:13:18: error: expected primary-expression before &#39;)&#39; token
 USBHub  Hub3(&amp;Usb);
                  ^
/home/ec2-user/arduino-testlib/cli-datadir/user/libraries/USB_Host_Shield_Library_2.0/examples/hub_demo/hub_demo.ino:14:18: error: expected primary-expression before &#39;)&#39; token
 USBHub  Hub4(&amp;Usb);
                  ^
/home/ec2-user/arduino-testlib/cli-datadir/user/libraries/USB_Host_Shield_Library_2.0/examples/hub_demo/hub_demo.ino: In function &#39;void PrintAllAddresses(UsbDevice*)&#39;:
/home/ec2-user/arduino-testlib/cli-datadir/user/libraries/USB_Host_Shield_Library_2.0/examples/hub_demo/hub_demo.ino:21:26: error: &#39;struct UsbDevice&#39; has no member named &#39;address&#39;
   adr.devAddress = pdev-&gt;address.devAddress;
                          ^~~~~~~
/home/ec2-user/arduino-testlib/cli-datadir/user/libraries/USB_Host_Shield_Library_2.0/examples/hub_demo/hub_demo.ino: In function &#39;void setup()&#39;:
/home/ec2-user/arduino-testlib/cli-datadir/user/libraries/USB_Host_Shield_Library_2.0/examples/hub_demo/hub_demo.ino:55:10: error: expected primary-expression before &#39;.&#39; token
   if (Usb.Init() == -1)
          ^
/home/ec2-user/arduino-testlib/cli-datadir/user/libraries/USB_Host_Shield_Library_2.0/examples/hub_demo/hub_demo.ino: In function &#39;void PrintAllDescriptors(UsbDevice*)&#39;:
/home/ec2-user/arduino-testlib/cli-datadir/user/libraries/USB_Host_Shield_Library_2.0/examples/hub_demo/hub_demo.ino:88:19: error: &#39;struct UsbDevice&#39; has no member named &#39;address&#39;
   print_hex(pdev-&gt;address.devAddress, 8);
                   ^~~~~~~
/home/ec2-user/arduino-testlib/cli-datadir/user/libraries/USB_Host_Shield_Library_2.0/examples/hub_demo/hub_demo.ino:90:24: error: &#39;struct UsbDevice&#39; has no member named &#39;address&#39;
   getallstrdescr(pdev-&gt;address.devAddress);
                        ^~~~~~~
/home/ec2-user/arduino-testlib/cli-datadir/user/libraries/USB_Host_Shield_Library_2.0/examples/hub_demo/hub_demo.ino:91:27: error: &#39;struct UsbDevice&#39; has no member named &#39;address&#39;
   PrintDescriptors( pdev-&gt;address.devAddress );
                           ^~~~~~~
/home/ec2-user/arduino-testlib/cli-datadir/user/libraries/USB_Host_Shield_Library_2.0/examples/hub_demo/hub_demo.ino: In function &#39;void loop()&#39;:
/home/ec2-user/arduino-testlib/cli-datadir/user/libraries/USB_Host_Shield_Library_2.0/examples/hub_demo/hub_demo.ino:96:6: error: expected unqualified-id before &#39;.&#39; token
   Usb.Task();
      ^
/home/ec2-user/arduino-testlib/cli-datadir/user/libraries/USB_Host_Shield_Library_2.0/examples/hub_demo/hub_demo.ino:98:11: error: expected primary-expression before &#39;.&#39; token
   if ( Usb.getUsbTaskState() == USB_STATE_RUNNING ) {
           ^
/home/ec2-user/arduino-testlib/cli-datadir/user/libraries/USB_Host_Shield_Library_2.0/examples/hub_demo/hub_demo.ino:100:10: error: expected unqualified-id before &#39;.&#39; token
       Usb.ForEachUsbDevice(&amp;PrintAllDescriptors);
          ^
/home/ec2-user/arduino-testlib/cli-datadir/user/libraries/USB_Host_Shield_Library_2.0/examples/hub_demo/hub_demo.ino:101:10: error: expected unqualified-id before &#39;.&#39; token
       Usb.ForEachUsbDevice(&amp;PrintAllAddresses);
          ^
/home/ec2-user/arduino-testlib/cli-datadir/user/libraries/USB_Host_Shield_Library_2.0/examples/hub_demo/hub_demo.ino: In function &#39;uint8_t getdevdescr(uint8_t, uint8_t&amp;)&#39;:
/home/ec2-user/arduino-testlib/cli-datadir/user/libraries/USB_Host_Shield_Library_2.0/examples/hub_demo/hub_demo.ino:112:14: error: expected primary-expression before &#39;.&#39; token
   rcode = Usb.getDevDescr( addr, 0, DEV_DESCR_LEN, ( uint8_t *)&amp;buf );
              ^
/home/ec2-user/arduino-testlib/cli-datadir/user/libraries/USB_Host_Shield_Library_2.0/examples/hub_demo/hub_demo.ino: In function &#39;uint8_t getconfdescr(uint8_t, uint8_t)&#39;:
/home/ec2-user/arduino-testlib/cli-datadir/user/libraries/USB_Host_Shield_Library_2.0/examples/hub_demo/hub_demo.ino:203:14: error: expected primary-expression before &#39;.&#39; token
   rcode = Usb.getConfDescr( addr, 0, 4, conf, buf );  //get total length
              ^
/home/ec2-user/arduino-testlib/cli-datadir/user/libraries/USB_Host_Shield_Library_2.0/examples/hub_demo/hub_demo.ino:210:14: error: expected primary-expression before &#39;.&#39; token
   rcode = Usb.getConfDescr( addr, 0, total_length, conf, buf ); //get the whole descriptor
              ^
/home/ec2-user/arduino-testlib/cli-datadir/user/libraries/USB_Host_Shield_Library_2.0/examples/hub_demo/hub_demo.ino: In function &#39;uint8_t getallstrdescr(uint8_t)&#39;:
/home/ec2-user/arduino-testlib/cli-datadir/user/libraries/USB_Host_Shield_Library_2.0/examples/hub_demo/hub_demo.ino:240:6: error: expected unqualified-id before &#39;.&#39; token
   Usb.Task();
      ^
/home/ec2-user/arduino-testlib/cli-datadir/user/libraries/USB_Host_Shield_Library_2.0/examples/hub_demo/hub_demo.ino:241:11: error: expected primary-expression before &#39;.&#39; token
   if ( Usb.getUsbTaskState() &gt;= USB_STATE_CONFIGURING ) { // state configuring or higher
           ^
/home/ec2-user/arduino-testlib/cli-datadir/user/libraries/USB_Host_Shield_Library_2.0/examples/hub_demo/hub_demo.ino:243:16: error: expected primary-expression before &#39;.&#39; token
     rcode = Usb.getDevDescr( addr, 0, DEV_DESCR_LEN, ( uint8_t *)&amp;buf );
                ^
/home/ec2-user/arduino-testlib/cli-datadir/user/libraries/USB_Host_Shield_Library_2.0/examples/hub_demo/hub_demo.ino: In function &#39;uint8_t getstrdescr(uint8_t, uint8_t)&#39;:
/home/ec2-user/arduino-testlib/cli-datadir/user/libraries/USB_Host_Shield_Library_2.0/examples/hub_demo/hub_demo.ino:284:14: error: expected primary-expression before &#39;.&#39; token
   rcode = Usb.getStrDescr( addr, 0, 1, 0, 0, buf );  //get language table length
              ^
/home/ec2-user/arduino-testlib/cli-datadir/user/libraries/USB_Host_Shield_Library_2.0/examples/hub_demo/hub_demo.ino:290:14: error: expected primary-expression before &#39;.&#39; token
   rcode = Usb.getStrDescr( addr, 0, length, 0, 0, buf );  //get language table
              ^
/home/ec2-user/arduino-testlib/cli-datadir/user/libraries/USB_Host_Shield_Library_2.0/examples/hub_demo/hub_demo.ino:296:14: error: expected primary-expression before &#39;.&#39; token
   rcode = Usb.getStrDescr( addr, 0, 1, idx, langid, buf );
              ^
/home/ec2-user/arduino-testlib/cli-datadir/user/libraries/USB_Host_Shield_Library_2.0/examples/hub_demo/hub_demo.ino:302:14: error: expected primary-expression before &#39;.&#39; token
   rcode = Usb.getStrDescr( addr, 0, length, idx, langid, buf );
              ^
Multiple libraries were found for &#34;usbhub.h&#34;
  Used: /home/ec2-user/arduino-testlib/cli-datadir/data/packages/arduino/hardware/samd/1.8.12/libraries/USBHost
  Not used: /home/ec2-user/arduino-testlib/cli-datadir/user/libraries/USB_Host_Shield_Library_2.0
</pre>
					
					<h4>examples/max_LCD</h4>
					<p>
						Result: <b>FAIL</b>
					</p>
					<pre class="pre-scrollable">In file included from /home/ec2-user/arduino-testlib/cli-datadir/user/libraries/USB_Host_Shield_Library_2.0/Usb.h:41:0,
                 from /home/ec2-user/arduino-testlib/cli-datadir/user/libraries/USB_Host_Shield_Library_2.0/max_LCD.h:24,
                 from /home/ec2-user/arduino-testlib/cli-datadir/user/libraries/USB_Host_Shield_Library_2.0/examples/max_LCD/max_LCD.ino:6:
/home/ec2-user/arduino-testlib/cli-datadir/user/libraries/USB_Host_Shield_Library_2.0/avrpins.h:1360:2: error: #error &#34;Please define board in avrpins.h&#34;
 #error &#34;Please define board in avrpins.h&#34;
  ^~~~~

</pre>
					
					<h4>examples/pl2303</h4>
					<p>
						Result: <b>FAIL</b>
					</p>
					<pre class="pre-scrollable"></pre>
					
					<h4>examples/testusbhostFAT</h4>
					<p>
						Result: <b>FAIL</b>
					</p>
					<pre class="pre-scrollable">/home/ec2-user/arduino-testlib/cli-datadir/user/libraries/USB_Host_Shield_Library_2.0/examples/testusbhostFAT/testusbhostFAT.ino:78:10: fatal error: PCpartition/PCPartition.h: No such file or directory
 #include &lt;PCpartition/PCPartition.h&gt;
          ^~~~~~~~~~~~~~~~~~~~~~~~~~~
compilation terminated.
Multiple libraries were found for &#34;RTClib.h&#34;
  Used: /home/ec2-user/arduino-testlib/cli-datadir/user/libraries/RTClib
  Not used: /home/ec2-user/arduino-testlib/cli-datadir/user/libraries/BasicsLibrary
  Not used: /home/ec2-user/arduino-testlib/cli-datadir/user/libraries/RTCLib_by_NeiroN
Multiple libraries were found for &#34;Storage.h&#34;
  Used: /home/ec2-user/arduino-testlib/cli-datadir/user/libraries/CppPotpourri
  Not used: /home/ec2-user/arduino-testlib/cli-datadir/user/libraries/AskSinPP
  Not used: /home/ec2-user/arduino-testlib/cli-datadir/user/libraries/BoodskapTransceiver
  Not used: /home/ec2-user/arduino-testlib/cli-datadir/user/libraries/AIS_4G_board
Multiple libraries were found for &#34;usbhub.h&#34;
  Used: /home/ec2-user/arduino-testlib/cli-datadir/data/packages/arduino/hardware/samd/1.8.12/libraries/USBHost
  Not used: /home/ec2-user/arduino-testlib/cli-datadir/user/libraries/USB_Host_Shield_Library_2.0
</pre>
					
				
				<h3 id="esp32:esp32:d1_mini32">esp32:esp32:d1_mini32 @ 1.0.6</h3>
				<h4>Inclusion</h4>
				<p>
					Result: <b>FAIL</b>
					
					<br />This library has no main header file so an empty one was created.
					
				</p>
				<pre class="pre-scrollable">/tmp/arduino-testlib3846676584/test/test.ino:1:41: fatal error: USB_Host_Shield_Library_2.0.h: No such file or directory
compilation terminated.

</pre>

					
					<h4>examples/Bluetooth</h4>
					<p>
						Result: <b>FAIL</b>
					</p>
					<pre class="pre-scrollable"></pre>
					
					<h4>examples/GPIO</h4>
					<p>
						Result: <b>FAIL</b>
					</p>
					<pre class="pre-scrollable"></pre>
					
					<h4>examples/HID</h4>
					<p>
						Result: <b>FAIL</b>
					</p>
					<pre class="pre-scrollable"></pre>
					
					<h4>examples/MiniDSP</h4>
					<p>
						Result: <b>FAIL</b>
					</p>
					<pre class="pre-scrollable">In file included from /home/ec2-user/arduino-testlib/cli-datadir/user/libraries/USB_Host_Shield_Library_2.0/Usb.h:43:0,
                 from /home/ec2-user/arduino-testlib/cli-datadir/user/libraries/USB_Host_Shield_Library_2.0/usbhid.h:20,
                 from /home/ec2-user/arduino-testlib/cli-datadir/user/libraries/USB_Host_Shield_Library_2.0/hidcomposite.h:21,
                 from /home/ec2-user/arduino-testlib/cli-datadir/user/libraries/USB_Host_Shield_Library_2.0/hiduniversal.h:21,
                 from /home/ec2-user/arduino-testlib/cli-datadir/user/libraries/USB_Host_Shield_Library_2.0/MiniDSP.h:24,
                 from /home/ec2-user/arduino-testlib/cli-datadir/user/libraries/USB_Host_Shield_Library_2.0/examples/MiniDSP/MiniDSP.ino:5:
/home/ec2-user/arduino-testlib/cli-datadir/user/libraries/USB_Host_Shield_Library_2.0/usbhost.h:103:25: error: &#39;PSCK&#39; was not declared in this scope
 #define APPEND_PIN(pin) P ## pin // Appends the pin to &#39;P&#39;, e.g. 1 becomes P1
                         ^
/home/ec2-user/arduino-testlib/cli-datadir/user/libraries/USB_Host_Shield_Library_2.0/usbhost.h:100:23: note: in expansion of macro &#39;APPEND_PIN&#39;
 #define PASTE(x, ...) x ## __VA_ARGS__
                       ^
/home/ec2-user/arduino-testlib/cli-datadir/user/libraries/USB_Host_Shield_Library_2.0/usbhost.h:101:34: note: in expansion of macro &#39;PASTE&#39;
 #define EVALUATING_PASTE(x, ...) PASTE(x, __VA_ARGS__)
                                  ^
/home/ec2-user/arduino-testlib/cli-datadir/user/libraries/USB_Host_Shield_Library_2.0/usbhost.h:104:21: note: in expansion of macro &#39;EVALUATING_PASTE&#39;
 #define MAKE_PIN(x) EVALUATING_PASTE(APPEND_, PIN(UNPAREN(x)))
                     ^
/home/ec2-user/arduino-testlib/cli-datadir/user/libraries/USB_Host_Shield_Library_2.0/usbhost.h:105:14: note: in expansion of macro &#39;MAKE_PIN&#39;
 typedef SPi&lt; MAKE_PIN(PIN_SPI_SCK), MAKE_PIN(PIN_SPI_MOSI), MAKE_PIN(PIN_SPI_MISO), MAKE_PIN(PIN_SPI_SS) &gt; spi;
              ^
/home/ec2-user/arduino-testlib/cli-datadir/user/libraries/USB_Host_Shield_Library_2.0/usbhost.h:103:25: error: &#39;PMOSI&#39; was not declared in this scope
 #define APPEND_PIN(pin) P ## pin // Appends the pin to &#39;P&#39;, e.g. 1 becomes P1
                         ^
/home/ec2-user/arduino-testlib/cli-datadir/user/libraries/USB_Host_Shield_Library_2.0/usbhost.h:100:23: note: in expansion of macro &#39;APPEND_PIN&#39;
 #define PASTE(x, ...) x ## __VA_ARGS__
                       ^
/home/ec2-user/arduino-testlib/cli-datadir/user/libraries/USB_Host_Shield_Library_2.0/usbhost.h:101:34: note: in expansion of macro &#39;PASTE&#39;
 #define EVALUATING_PASTE(x, ...) PASTE(x, __VA_ARGS__)
                                  ^
/home/ec2-user/arduino-testlib/cli-datadir/user/libraries/USB_Host_Shield_Library_2.0/usbhost.h:104:21: note: in expansion of macro &#39;EVALUATING_PASTE&#39;
 #define MAKE_PIN(x) EVALUATING_PASTE(APPEND_, PIN(UNPAREN(x)))
                     ^
/home/ec2-user/arduino-testlib/cli-datadir/user/libraries/USB_Host_Shield_Library_2.0/usbhost.h:105:37: note: in expansion of macro &#39;MAKE_PIN&#39;
 typedef SPi&lt; MAKE_PIN(PIN_SPI_SCK), MAKE_PIN(PIN_SPI_MOSI), MAKE_PIN(PIN_SPI_MISO), MAKE_PIN(PIN_SPI_SS) &gt; spi;
                                     ^
/home/ec2-user/arduino-testlib/cli-datadir/user/libraries/USB_Host_Shield_Library_2.0/usbhost.h:103:25: error: &#39;PMISO&#39; was not declared in this scope
 #define APPEND_PIN(pin) P ## pin // Appends the pin to &#39;P&#39;, e.g. 1 becomes P1
                         ^
/home/ec2-user/arduino-testlib/cli-datadir/user/libraries/USB_Host_Shield_Library_2.0/usbhost.h:100:23: note: in expansion of macro &#39;APPEND_PIN&#39;
 #define PASTE(x, ...) x ## __VA_ARGS__
                       ^
/home/ec2-user/arduino-testlib/cli-datadir/user/libraries/USB_Host_Shield_Library_2.0/usbhost.h:101:34: note: in expansion of macro &#39;PASTE&#39;
 #define EVALUATING_PASTE(x, ...) PASTE(x, __VA_ARGS__)
                                  ^
/home/ec2-user/arduino-testlib/cli-datadir/user/libraries/USB_Host_Shield_Library_2.0/usbhost.h:104:21: note: in expansion of macro &#39;EVALUATING_PASTE&#39;
 #define MAKE_PIN(x) EVALUATING_PASTE(APPEND_, PIN(UNPAREN(x)))
                     ^
/home/ec2-user/arduino-testlib/cli-datadir/user/libraries/USB_Host_Shield_Library_2.0/usbhost.h:105:61: note: in expansion of macro &#39;MAKE_PIN&#39;
 typedef SPi&lt; MAKE_PIN(PIN_SPI_SCK), MAKE_PIN(PIN_SPI_MOSI), MAKE_PIN(PIN_SPI_MISO), MAKE_PIN(PIN_SPI_SS) &gt; spi;
                                                             ^
/home/ec2-user/arduino-testlib/cli-datadir/user/libraries/USB_Host_Shield_Library_2.0/usbhost.h:103:25: error: &#39;PSS&#39; was not declared in this scope
 #define APPEND_PIN(pin) P ## pin // Appends the pin to &#39;P&#39;, e.g. 1 becomes P1
                         ^
/home/ec2-user/arduino-testlib/cli-datadir/user/libraries/USB_Host_Shield_Library_2.0/usbhost.h:100:23: note: in expansion of macro &#39;APPEND_PIN&#39;
 #define PASTE(x, ...) x ## __VA_ARGS__
                       ^
/home/ec2-user/arduino-testlib/cli-datadir/user/libraries/USB_Host_Shield_Library_2.0/usbhost.h:101:34: note: in expansion of macro &#39;PASTE&#39;
 #define EVALUATING_PASTE(x, ...) PASTE(x, __VA_ARGS__)
                                  ^
/home/ec2-user/arduino-testlib/cli-datadir/user/libraries/USB_Host_Shield_Library_2.0/usbhost.h:104:21: note: in expansion of macro &#39;EVALUATING_PASTE&#39;
 #define MAKE_PIN(x) EVALUATING_PASTE(APPEND_, PIN(UNPAREN(x)))
                     ^
/home/ec2-user/arduino-testlib/cli-datadir/user/libraries/USB_Host_Shield_Library_2.0/usbhost.h:105:85: note: in expansion of macro &#39;MAKE_PIN&#39;
 typedef SPi&lt; MAKE_PIN(PIN_SPI_SCK), MAKE_PIN(PIN_SPI_MOSI), MAKE_PIN(PIN_SPI_MISO), MAKE_PIN(PIN_SPI_SS) &gt; spi;
                                                                                     ^
/home/ec2-user/arduino-testlib/cli-datadir/user/libraries/USB_Host_Shield_Library_2.0/usbhost.h:105:106: error: template argument 1 is invalid
 typedef SPi&lt; MAKE_PIN(PIN_SPI_SCK), MAKE_PIN(PIN_SPI_MOSI), MAKE_PIN(PIN_SPI_MISO), MAKE_PIN(PIN_SPI_SS) &gt; spi;
                                                                                                          ^
/home/ec2-user/arduino-testlib/cli-datadir/user/libraries/USB_Host_Shield_Library_2.0/usbhost.h:105:106: error: template argument 2 is invalid
/home/ec2-user/arduino-testlib/cli-datadir/user/libraries/USB_Host_Shield_Library_2.0/usbhost.h:105:106: error: template argument 3 is invalid
/home/ec2-user/arduino-testlib/cli-datadir/user/libraries/USB_Host_Shield_Library_2.0/usbhost.h:105:106: error: template argument 4 is invalid
In file included from /home/ec2-user/arduino-testlib/cli-datadir/user/libraries/USB_Host_Shield_Library_2.0/Usb.h:43:0,
                 from /home/ec2-user/arduino-testlib/cli-datadir/user/libraries/USB_Host_Shield_Library_2.0/usbhid.h:20,
                 from /home/ec2-user/arduino-testlib/cli-datadir/user/libraries/USB_Host_Shield_Library_2.0/hidcomposite.h:21,
                 from /home/ec2-user/arduino-testlib/cli-datadir/user/libraries/USB_Host_Shield_Library_2.0/hiduniversal.h:21,
                 from /home/ec2-user/arduino-testlib/cli-datadir/user/libraries/USB_Host_Shield_Library_2.0/MiniDSP.h:24,
                 from /home/ec2-user/arduino-testlib/cli-datadir/user/libraries/USB_Host_Shield_Library_2.0/examples/MiniDSP/MiniDSP.ino:5:
/home/ec2-user/arduino-testlib/cli-datadir/user/libraries/USB_Host_Shield_Library_2.0/usbhost.h: In member function &#39;int8_t MAX3421e&lt;SPI_SS, INTR&gt;::Init()&#39;:
/home/ec2-user/arduino-testlib/cli-datadir/user/libraries/USB_Host_Shield_Library_2.0/usbhost.h:432:18: error: qualified-id in declaration before &#39;(&#39; token
         spi::init();
                  ^
/home/ec2-user/arduino-testlib/cli-datadir/user/libraries/USB_Host_Shield_Library_2.0/usbhost.h: In member function &#39;int8_t MAX3421e&lt;SPI_SS, INTR&gt;::Init(int)&#39;:
/home/ec2-user/arduino-testlib/cli-datadir/user/libraries/USB_Host_Shield_Library_2.0/usbhost.h:469:18: error: qualified-id in declaration before &#39;(&#39; token
         spi::init();
                  ^

</pre>
					
					<h4>examples/PS3USB</h4>
					<p>
						Result: <b>FAIL</b>
					</p>
					<pre class="pre-scrollable">In file included from /home/ec2-user/arduino-testlib/cli-datadir/user/libraries/USB_Host_Shield_Library_2.0/Usb.h:43:0,
                 from /home/ec2-user/arduino-testlib/cli-datadir/user/libraries/USB_Host_Shield_Library_2.0/PS3USB.h:21,
                 from /home/ec2-user/arduino-testlib/cli-datadir/user/libraries/USB_Host_Shield_Library_2.0/examples/PS3USB/PS3USB.ino:7:
/home/ec2-user/arduino-testlib/cli-datadir/user/libraries/USB_Host_Shield_Library_2.0/usbhost.h:103:25: error: &#39;PSCK&#39; was not declared in this scope
 #define APPEND_PIN(pin) P ## pin // Appends the pin to &#39;P&#39;, e.g. 1 becomes P1
                         ^
/home/ec2-user/arduino-testlib/cli-datadir/user/libraries/USB_Host_Shield_Library_2.0/usbhost.h:100:23: note: in expansion of macro &#39;APPEND_PIN&#39;
 #define PASTE(x, ...) x ## __VA_ARGS__
                       ^
/home/ec2-user/arduino-testlib/cli-datadir/user/libraries/USB_Host_Shield_Library_2.0/usbhost.h:101:34: note: in expansion of macro &#39;PASTE&#39;
 #define EVALUATING_PASTE(x, ...) PASTE(x, __VA_ARGS__)
                                  ^
/home/ec2-user/arduino-testlib/cli-datadir/user/libraries/USB_Host_Shield_Library_2.0/usbhost.h:104:21: note: in expansion of macro &#39;EVALUATING_PASTE&#39;
 #define MAKE_PIN(x) EVALUATING_PASTE(APPEND_, PIN(UNPAREN(x)))
                     ^
/home/ec2-user/arduino-testlib/cli-datadir/user/libraries/USB_Host_Shield_Library_2.0/usbhost.h:105:14: note: in expansion of macro &#39;MAKE_PIN&#39;
 typedef SPi&lt; MAKE_PIN(PIN_SPI_SCK), MAKE_PIN(PIN_SPI_MOSI), MAKE_PIN(PIN_SPI_MISO), MAKE_PIN(PIN_SPI_SS) &gt; spi;
              ^
/home/ec2-user/arduino-testlib/cli-datadir/user/libraries/USB_Host_Shield_Library_2.0/usbhost.h:103:25: error: &#39;PMOSI&#39; was not declared in this scope
 #define APPEND_PIN(pin) P ## pin // Appends the pin to &#39;P&#39;, e.g. 1 becomes P1
                         ^
/home/ec2-user/arduino-testlib/cli-datadir/user/libraries/USB_Host_Shield_Library_2.0/usbhost.h:100:23: note: in expansion of macro &#39;APPEND_PIN&#39;
 #define PASTE(x, ...) x ## __VA_ARGS__
                       ^
/home/ec2-user/arduino-testlib/cli-datadir/user/libraries/USB_Host_Shield_Library_2.0/usbhost.h:101:34: note: in expansion of macro &#39;PASTE&#39;
 #define EVALUATING_PASTE(x, ...) PASTE(x, __VA_ARGS__)
                                  ^
/home/ec2-user/arduino-testlib/cli-datadir/user/libraries/USB_Host_Shield_Library_2.0/usbhost.h:104:21: note: in expansion of macro &#39;EVALUATING_PASTE&#39;
 #define MAKE_PIN(x) EVALUATING_PASTE(APPEND_, PIN(UNPAREN(x)))
                     ^
/home/ec2-user/arduino-testlib/cli-datadir/user/libraries/USB_Host_Shield_Library_2.0/usbhost.h:105:37: note: in expansion of macro &#39;MAKE_PIN&#39;
 typedef SPi&lt; MAKE_PIN(PIN_SPI_SCK), MAKE_PIN(PIN_SPI_MOSI), MAKE_PIN(PIN_SPI_MISO), MAKE_PIN(PIN_SPI_SS) &gt; spi;
                                     ^
/home/ec2-user/arduino-testlib/cli-datadir/user/libraries/USB_Host_Shield_Library_2.0/usbhost.h:103:25: error: &#39;PMISO&#39; was not declared in this scope
 #define APPEND_PIN(pin) P ## pin // Appends the pin to &#39;P&#39;, e.g. 1 becomes P1
                         ^
/home/ec2-user/arduino-testlib/cli-datadir/user/libraries/USB_Host_Shield_Library_2.0/usbhost.h:100:23: note: in expansion of macro &#39;APPEND_PIN&#39;
 #define PASTE(x, ...) x ## __VA_ARGS__
                       ^
/home/ec2-user/arduino-testlib/cli-datadir/user/libraries/USB_Host_Shield_Library_2.0/usbhost.h:101:34: note: in expansion of macro &#39;PASTE&#39;
 #define EVALUATING_PASTE(x, ...) PASTE(x, __VA_ARGS__)
                                  ^
/home/ec2-user/arduino-testlib/cli-datadir/user/libraries/USB_Host_Shield_Library_2.0/usbhost.h:104:21: note: in expansion of macro &#39;EVALUATING_PASTE&#39;
 #define MAKE_PIN(x) EVALUATING_PASTE(APPEND_, PIN(UNPAREN(x)))
                     ^
/home/ec2-user/arduino-testlib/cli-datadir/user/libraries/USB_Host_Shield_Library_2.0/usbhost.h:105:61: note: in expansion of macro &#39;MAKE_PIN&#39;
 typedef SPi&lt; MAKE_PIN(PIN_SPI_SCK), MAKE_PIN(PIN_SPI_MOSI), MAKE_PIN(PIN_SPI_MISO), MAKE_PIN(PIN_SPI_SS) &gt; spi;
                                                             ^
/home/ec2-user/arduino-testlib/cli-datadir/user/libraries/USB_Host_Shield_Library_2.0/usbhost.h:103:25: error: &#39;PSS&#39; was not declared in this scope
 #define APPEND_PIN(pin) P ## pin // Appends the pin to &#39;P&#39;, e.g. 1 becomes P1
                         ^
/home/ec2-user/arduino-testlib/cli-datadir/user/libraries/USB_Host_Shield_Library_2.0/usbhost.h:100:23: note: in expansion of macro &#39;APPEND_PIN&#39;
 #define PASTE(x, ...) x ## __VA_ARGS__
                       ^
/home/ec2-user/arduino-testlib/cli-datadir/user/libraries/USB_Host_Shield_Library_2.0/usbhost.h:101:34: note: in expansion of macro &#39;PASTE&#39;
 #define EVALUATING_PASTE(x, ...) PASTE(x, __VA_ARGS__)
                                  ^
/home/ec2-user/arduino-testlib/cli-datadir/user/libraries/USB_Host_Shield_Library_2.0/usbhost.h:104:21: note: in expansion of macro &#39;EVALUATING_PASTE&#39;
 #define MAKE_PIN(x) EVALUATING_PASTE(APPEND_, PIN(UNPAREN(x)))
                     ^
/home/ec2-user/arduino-testlib/cli-datadir/user/libraries/USB_Host_Shield_Library_2.0/usbhost.h:105:85: note: in expansion of macro &#39;MAKE_PIN&#39;
 typedef SPi&lt; MAKE_PIN(PIN_SPI_SCK), MAKE_PIN(PIN_SPI_MOSI), MAKE_PIN(PIN_SPI_MISO), MAKE_PIN(PIN_SPI_SS) &gt; spi;
                                                                                     ^
/home/ec2-user/arduino-testlib/cli-datadir/user/libraries/USB_Host_Shield_Library_2.0/usbhost.h:105:106: error: template argument 1 is invalid
 typedef SPi&lt; MAKE_PIN(PIN_SPI_SCK), MAKE_PIN(PIN_SPI_MOSI), MAKE_PIN(PIN_SPI_MISO), MAKE_PIN(PIN_SPI_SS) &gt; spi;
                                                                                                          ^
/home/ec2-user/arduino-testlib/cli-datadir/user/libraries/USB_Host_Shield_Library_2.0/usbhost.h:105:106: error: template argument 2 is invalid
/home/ec2-user/arduino-testlib/cli-datadir/user/libraries/USB_Host_Shield_Library_2.0/usbhost.h:105:106: error: template argument 3 is invalid
/home/ec2-user/arduino-testlib/cli-datadir/user/libraries/USB_Host_Shield_Library_2.0/usbhost.h:105:106: error: template argument 4 is invalid
In file included from /home/ec2-user/arduino-testlib/cli-datadir/user/libraries/USB_Host_Shield_Library_2.0/Usb.h:43:0,
                 from /home/ec2-user/arduino-testlib/cli-datadir/user/libraries/USB_Host_Shield_Library_2.0/PS3USB.h:21,
                 from /home/ec2-user/arduino-testlib/cli-datadir/user/libraries/USB_Host_Shield_Library_2.0/examples/PS3USB/PS3USB.ino:7:
/home/ec2-user/arduino-testlib/cli-datadir/user/libraries/USB_Host_Shield_Library_2.0/usbhost.h: In member function &#39;int8_t MAX3421e&lt;SPI_SS, INTR&gt;::Init()&#39;:
/home/ec2-user/arduino-testlib/cli-datadir/user/libraries/USB_Host_Shield_Library_2.0/usbhost.h:432:18: error: qualified-id in declaration before &#39;(&#39; token
         spi::init();
                  ^
/home/ec2-user/arduino-testlib/cli-datadir/user/libraries/USB_Host_Shield_Library_2.0/usbhost.h: In member function &#39;int8_t MAX3421e&lt;SPI_SS, INTR&gt;::Init(int)&#39;:
/home/ec2-user/arduino-testlib/cli-datadir/user/libraries/USB_Host_Shield_Library_2.0/usbhost.h:469:18: error: qualified-id in declaration before &#39;(&#39; token
         spi::init();
                  ^

</pre>
					
					<h4>examples/PS4USB</h4>
					<p>
						Result: <b>FAIL</b>
					</p>
					<pre class="pre-scrollable">In file included from /home/ec2-user/arduino-testlib/cli-datadir/user/libraries/USB_Host_Shield_Library_2.0/Usb.h:43:0,
                 from /home/ec2-user/arduino-testlib/cli-datadir/user/libraries/USB_Host_Shield_Library_2.0/usbhid.h:20,
                 from /home/ec2-user/arduino-testlib/cli-datadir/user/libraries/USB_Host_Shield_Library_2.0/hidcomposite.h:21,
                 from /home/ec2-user/arduino-testlib/cli-datadir/user/libraries/USB_Host_Shield_Library_2.0/hiduniversal.h:21,
                 from /home/ec2-user/arduino-testlib/cli-datadir/user/libraries/USB_Host_Shield_Library_2.0/PS4USB.h:21,
                 from /home/ec2-user/arduino-testlib/cli-datadir/user/libraries/USB_Host_Shield_Library_2.0/examples/PS4USB/PS4USB.ino:7:
/home/ec2-user/arduino-testlib/cli-datadir/user/libraries/USB_Host_Shield_Library_2.0/usbhost.h:103:25: error: &#39;PSCK&#39; was not declared in this scope
 #define APPEND_PIN(pin) P ## pin // Appends the pin to &#39;P&#39;, e.g. 1 becomes P1
                         ^
/home/ec2-user/arduino-testlib/cli-datadir/user/libraries/USB_Host_Shield_Library_2.0/usbhost.h:100:23: note: in expansion of macro &#39;APPEND_PIN&#39;
 #define PASTE(x, ...) x ## __VA_ARGS__
                       ^
/home/ec2-user/arduino-testlib/cli-datadir/user/libraries/USB_Host_Shield_Library_2.0/usbhost.h:101:34: note: in expansion of macro &#39;PASTE&#39;
 #define EVALUATING_PASTE(x, ...) PASTE(x, __VA_ARGS__)
                                  ^
/home/ec2-user/arduino-testlib/cli-datadir/user/libraries/USB_Host_Shield_Library_2.0/usbhost.h:104:21: note: in expansion of macro &#39;EVALUATING_PASTE&#39;
 #define MAKE_PIN(x) EVALUATING_PASTE(APPEND_, PIN(UNPAREN(x)))
                     ^
/home/ec2-user/arduino-testlib/cli-datadir/user/libraries/USB_Host_Shield_Library_2.0/usbhost.h:105:14: note: in expansion of macro &#39;MAKE_PIN&#39;
 typedef SPi&lt; MAKE_PIN(PIN_SPI_SCK), MAKE_PIN(PIN_SPI_MOSI), MAKE_PIN(PIN_SPI_MISO), MAKE_PIN(PIN_SPI_SS) &gt; spi;
              ^
/home/ec2-user/arduino-testlib/cli-datadir/user/libraries/USB_Host_Shield_Library_2.0/usbhost.h:103:25: error: &#39;PMOSI&#39; was not declared in this scope
 #define APPEND_PIN(pin) P ## pin // Appends the pin to &#39;P&#39;, e.g. 1 becomes P1
                         ^
/home/ec2-user/arduino-testlib/cli-datadir/user/libraries/USB_Host_Shield_Library_2.0/usbhost.h:100:23: note: in expansion of macro &#39;APPEND_PIN&#39;
 #define PASTE(x, ...) x ## __VA_ARGS__
                       ^
/home/ec2-user/arduino-testlib/cli-datadir/user/libraries/USB_Host_Shield_Library_2.0/usbhost.h:101:34: note: in expansion of macro &#39;PASTE&#39;
 #define EVALUATING_PASTE(x, ...) PASTE(x, __VA_ARGS__)
                                  ^
/home/ec2-user/arduino-testlib/cli-datadir/user/libraries/USB_Host_Shield_Library_2.0/usbhost.h:104:21: note: in expansion of macro &#39;EVALUATING_PASTE&#39;
 #define MAKE_PIN(x) EVALUATING_PASTE(APPEND_, PIN(UNPAREN(x)))
                     ^
/home/ec2-user/arduino-testlib/cli-datadir/user/libraries/USB_Host_Shield_Library_2.0/usbhost.h:105:37: note: in expansion of macro &#39;MAKE_PIN&#39;
 typedef SPi&lt; MAKE_PIN(PIN_SPI_SCK), MAKE_PIN(PIN_SPI_MOSI), MAKE_PIN(PIN_SPI_MISO), MAKE_PIN(PIN_SPI_SS) &gt; spi;
                                     ^
/home/ec2-user/arduino-testlib/cli-datadir/user/libraries/USB_Host_Shield_Library_2.0/usbhost.h:103:25: error: &#39;PMISO&#39; was not declared in this scope
 #define APPEND_PIN(pin) P ## pin // Appends the pin to &#39;P&#39;, e.g. 1 becomes P1
                         ^
/home/ec2-user/arduino-testlib/cli-datadir/user/libraries/USB_Host_Shield_Library_2.0/usbhost.h:100:23: note: in expansion of macro &#39;APPEND_PIN&#39;
 #define PASTE(x, ...) x ## __VA_ARGS__
                       ^
/home/ec2-user/arduino-testlib/cli-datadir/user/libraries/USB_Host_Shield_Library_2.0/usbhost.h:101:34: note: in expansion of macro &#39;PASTE&#39;
 #define EVALUATING_PASTE(x, ...) PASTE(x, __VA_ARGS__)
                                  ^
/home/ec2-user/arduino-testlib/cli-datadir/user/libraries/USB_Host_Shield_Library_2.0/usbhost.h:104:21: note: in expansion of macro &#39;EVALUATING_PASTE&#39;
 #define MAKE_PIN(x) EVALUATING_PASTE(APPEND_, PIN(UNPAREN(x)))
                     ^
/home/ec2-user/arduino-testlib/cli-datadir/user/libraries/USB_Host_Shield_Library_2.0/usbhost.h:105:61: note: in expansion of macro &#39;MAKE_PIN&#39;
 typedef SPi&lt; MAKE_PIN(PIN_SPI_SCK), MAKE_PIN(PIN_SPI_MOSI), MAKE_PIN(PIN_SPI_MISO), MAKE_PIN(PIN_SPI_SS) &gt; spi;
                                                             ^
/home/ec2-user/arduino-testlib/cli-datadir/user/libraries/USB_Host_Shield_Library_2.0/usbhost.h:103:25: error: &#39;PSS&#39; was not declared in this scope
 #define APPEND_PIN(pin) P ## pin // Appends the pin to &#39;P&#39;, e.g. 1 becomes P1
                         ^
/home/ec2-user/arduino-testlib/cli-datadir/user/libraries/USB_Host_Shield_Library_2.0/usbhost.h:100:23: note: in expansion of macro &#39;APPEND_PIN&#39;
 #define PASTE(x, ...) x ## __VA_ARGS__
                       ^
/home/ec2-user/arduino-testlib/cli-datadir/user/libraries/USB_Host_Shield_Library_2.0/usbhost.h:101:34: note: in expansion of macro &#39;PASTE&#39;
 #define EVALUATING_PASTE(x, ...) PASTE(x, __VA_ARGS__)
                                  ^
/home/ec2-user/arduino-testlib/cli-datadir/user/libraries/USB_Host_Shield_Library_2.0/usbhost.h:104:21: note: in expansion of macro &#39;EVALUATING_PASTE&#39;
 #define MAKE_PIN(x) EVALUATING_PASTE(APPEND_, PIN(UNPAREN(x)))
                     ^
/home/ec2-user/arduino-testlib/cli-datadir/user/libraries/USB_Host_Shield_Library_2.0/usbhost.h:105:85: note: in expansion of macro &#39;MAKE_PIN&#39;
 typedef SPi&lt; MAKE_PIN(PIN_SPI_SCK), MAKE_PIN(PIN_SPI_MOSI), MAKE_PIN(PIN_SPI_MISO), MAKE_PIN(PIN_SPI_SS) &gt; spi;
                                                                                     ^
/home/ec2-user/arduino-testlib/cli-datadir/user/libraries/USB_Host_Shield_Library_2.0/usbhost.h:105:106: error: template argument 1 is invalid
 typedef SPi&lt; MAKE_PIN(PIN_SPI_SCK), MAKE_PIN(PIN_SPI_MOSI), MAKE_PIN(PIN_SPI_MISO), MAKE_PIN(PIN_SPI_SS) &gt; spi;
                                                                                                          ^
/home/ec2-user/arduino-testlib/cli-datadir/user/libraries/USB_Host_Shield_Library_2.0/usbhost.h:105:106: error: template argument 2 is invalid
/home/ec2-user/arduino-testlib/cli-datadir/user/libraries/USB_Host_Shield_Library_2.0/usbhost.h:105:106: error: template argument 3 is invalid
/home/ec2-user/arduino-testlib/cli-datadir/user/libraries/USB_Host_Shield_Library_2.0/usbhost.h:105:106: error: template argument 4 is invalid
In file included from /home/ec2-user/arduino-testlib/cli-datadir/user/libraries/USB_Host_Shield_Library_2.0/Usb.h:43:0,
                 from /home/ec2-user/arduino-testlib/cli-datadir/user/libraries/USB_Host_Shield_Library_2.0/usbhid.h:20,
                 from /home/ec2-user/arduino-testlib/cli-datadir/user/libraries/USB_Host_Shield_Library_2.0/hidcomposite.h:21,
                 from /home/ec2-user/arduino-testlib/cli-datadir/user/libraries/USB_Host_Shield_Library_2.0/hiduniversal.h:21,
                 from /home/ec2-user/arduino-testlib/cli-datadir/user/libraries/USB_Host_Shield_Library_2.0/PS4USB.h:21,
                 from /home/ec2-user/arduino-testlib/cli-datadir/user/libraries/USB_Host_Shield_Library_2.0/examples/PS4USB/PS4USB.ino:7:
/home/ec2-user/arduino-testlib/cli-datadir/user/libraries/USB_Host_Shield_Library_2.0/usbhost.h: In member function &#39;int8_t MAX3421e&lt;SPI_SS, INTR&gt;::Init()&#39;:
/home/ec2-user/arduino-testlib/cli-datadir/user/libraries/USB_Host_Shield_Library_2.0/usbhost.h:432:18: error: qualified-id in declaration before &#39;(&#39; token
         spi::init();
                  ^
/home/ec2-user/arduino-testlib/cli-datadir/user/libraries/USB_Host_Shield_Library_2.0/usbhost.h: In member function &#39;int8_t MAX3421e&lt;SPI_SS, INTR&gt;::Init(int)&#39;:
/home/ec2-user/arduino-testlib/cli-datadir/user/libraries/USB_Host_Shield_Library_2.0/usbhost.h:469:18: error: qualified-id in declaration before &#39;(&#39; token
         spi::init();
                  ^

</pre>
					
					<h4>examples/PS5USB</h4>
					<p>
						Result: <b>FAIL</b>
					</p>
					<pre class="pre-scrollable">In file included from /home/ec2-user/arduino-testlib/cli-datadir/user/libraries/USB_Host_Shield_Library_2.0/Usb.h:43:0,
                 from /home/ec2-user/arduino-testlib/cli-datadir/user/libraries/USB_Host_Shield_Library_2.0/usbhid.h:20,
                 from /home/ec2-user/arduino-testlib/cli-datadir/user/libraries/USB_Host_Shield_Library_2.0/hidcomposite.h:21,
                 from /home/ec2-user/arduino-testlib/cli-datadir/user/libraries/USB_Host_Shield_Library_2.0/hiduniversal.h:21,
                 from /home/ec2-user/arduino-testlib/cli-datadir/user/libraries/USB_Host_Shield_Library_2.0/PS5USB.h:24,
                 from /home/ec2-user/arduino-testlib/cli-datadir/user/libraries/USB_Host_Shield_Library_2.0/examples/PS5USB/PS5USB.ino:7:
/home/ec2-user/arduino-testlib/cli-datadir/user/libraries/USB_Host_Shield_Library_2.0/usbhost.h:103:25: error: &#39;PSCK&#39; was not declared in this scope
 #define APPEND_PIN(pin) P ## pin // Appends the pin to &#39;P&#39;, e.g. 1 becomes P1
                         ^
/home/ec2-user/arduino-testlib/cli-datadir/user/libraries/USB_Host_Shield_Library_2.0/usbhost.h:100:23: note: in expansion of macro &#39;APPEND_PIN&#39;
 #define PASTE(x, ...) x ## __VA_ARGS__
                       ^
/home/ec2-user/arduino-testlib/cli-datadir/user/libraries/USB_Host_Shield_Library_2.0/usbhost.h:101:34: note: in expansion of macro &#39;PASTE&#39;
 #define EVALUATING_PASTE(x, ...) PASTE(x, __VA_ARGS__)
                                  ^
/home/ec2-user/arduino-testlib/cli-datadir/user/libraries/USB_Host_Shield_Library_2.0/usbhost.h:104:21: note: in expansion of macro &#39;EVALUATING_PASTE&#39;
 #define MAKE_PIN(x) EVALUATING_PASTE(APPEND_, PIN(UNPAREN(x)))
                     ^
/home/ec2-user/arduino-testlib/cli-datadir/user/libraries/USB_Host_Shield_Library_2.0/usbhost.h:105:14: note: in expansion of macro &#39;MAKE_PIN&#39;
 typedef SPi&lt; MAKE_PIN(PIN_SPI_SCK), MAKE_PIN(PIN_SPI_MOSI), MAKE_PIN(PIN_SPI_MISO), MAKE_PIN(PIN_SPI_SS) &gt; spi;
              ^
/home/ec2-user/arduino-testlib/cli-datadir/user/libraries/USB_Host_Shield_Library_2.0/usbhost.h:103:25: error: &#39;PMOSI&#39; was not declared in this scope
 #define APPEND_PIN(pin) P ## pin // Appends the pin to &#39;P&#39;, e.g. 1 becomes P1
                         ^
/home/ec2-user/arduino-testlib/cli-datadir/user/libraries/USB_Host_Shield_Library_2.0/usbhost.h:100:23: note: in expansion of macro &#39;APPEND_PIN&#39;
 #define PASTE(x, ...) x ## __VA_ARGS__
                       ^
/home/ec2-user/arduino-testlib/cli-datadir/user/libraries/USB_Host_Shield_Library_2.0/usbhost.h:101:34: note: in expansion of macro &#39;PASTE&#39;
 #define EVALUATING_PASTE(x, ...) PASTE(x, __VA_ARGS__)
                                  ^
/home/ec2-user/arduino-testlib/cli-datadir/user/libraries/USB_Host_Shield_Library_2.0/usbhost.h:104:21: note: in expansion of macro &#39;EVALUATING_PASTE&#39;
 #define MAKE_PIN(x) EVALUATING_PASTE(APPEND_, PIN(UNPAREN(x)))
                     ^
/home/ec2-user/arduino-testlib/cli-datadir/user/libraries/USB_Host_Shield_Library_2.0/usbhost.h:105:37: note: in expansion of macro &#39;MAKE_PIN&#39;
 typedef SPi&lt; MAKE_PIN(PIN_SPI_SCK), MAKE_PIN(PIN_SPI_MOSI), MAKE_PIN(PIN_SPI_MISO), MAKE_PIN(PIN_SPI_SS) &gt; spi;
                                     ^
/home/ec2-user/arduino-testlib/cli-datadir/user/libraries/USB_Host_Shield_Library_2.0/usbhost.h:103:25: error: &#39;PMISO&#39; was not declared in this scope
 #define APPEND_PIN(pin) P ## pin // Appends the pin to &#39;P&#39;, e.g. 1 becomes P1
                         ^
/home/ec2-user/arduino-testlib/cli-datadir/user/libraries/USB_Host_Shield_Library_2.0/usbhost.h:100:23: note: in expansion of macro &#39;APPEND_PIN&#39;
 #define PASTE(x, ...) x ## __VA_ARGS__
                       ^
/home/ec2-user/arduino-testlib/cli-datadir/user/libraries/USB_Host_Shield_Library_2.0/usbhost.h:101:34: note: in expansion of macro &#39;PASTE&#39;
 #define EVALUATING_PASTE(x, ...) PASTE(x, __VA_ARGS__)
                                  ^
/home/ec2-user/arduino-testlib/cli-datadir/user/libraries/USB_Host_Shield_Library_2.0/usbhost.h:104:21: note: in expansion of macro &#39;EVALUATING_PASTE&#39;
 #define MAKE_PIN(x) EVALUATING_PASTE(APPEND_, PIN(UNPAREN(x)))
                     ^
/home/ec2-user/arduino-testlib/cli-datadir/user/libraries/USB_Host_Shield_Library_2.0/usbhost.h:105:61: note: in expansion of macro &#39;MAKE_PIN&#39;
 typedef SPi&lt; MAKE_PIN(PIN_SPI_SCK), MAKE_PIN(PIN_SPI_MOSI), MAKE_PIN(PIN_SPI_MISO), MAKE_PIN(PIN_SPI_SS) &gt; spi;
                                                             ^
/home/ec2-user/arduino-testlib/cli-datadir/user/libraries/USB_Host_Shield_Library_2.0/usbhost.h:103:25: error: &#39;PSS&#39; was not declared in this scope
 #define APPEND_PIN(pin) P ## pin // Appends the pin to &#39;P&#39;, e.g. 1 becomes P1
                         ^
/home/ec2-user/arduino-testlib/cli-datadir/user/libraries/USB_Host_Shield_Library_2.0/usbhost.h:100:23: note: in expansion of macro &#39;APPEND_PIN&#39;
 #define PASTE(x, ...) x ## __VA_ARGS__
                       ^
/home/ec2-user/arduino-testlib/cli-datadir/user/libraries/USB_Host_Shield_Library_2.0/usbhost.h:101:34: note: in expansion of macro &#39;PASTE&#39;
 #define EVALUATING_PASTE(x, ...) PASTE(x, __VA_ARGS__)
                                  ^
/home/ec2-user/arduino-testlib/cli-datadir/user/libraries/USB_Host_Shield_Library_2.0/usbhost.h:104:21: note: in expansion of macro &#39;EVALUATING_PASTE&#39;
 #define MAKE_PIN(x) EVALUATING_PASTE(APPEND_, PIN(UNPAREN(x)))
                     ^
/home/ec2-user/arduino-testlib/cli-datadir/user/libraries/USB_Host_Shield_Library_2.0/usbhost.h:105:85: note: in expansion of macro &#39;MAKE_PIN&#39;
 typedef SPi&lt; MAKE_PIN(PIN_SPI_SCK), MAKE_PIN(PIN_SPI_MOSI), MAKE_PIN(PIN_SPI_MISO), MAKE_PIN(PIN_SPI_SS) &gt; spi;
                                                                                     ^
/home/ec2-user/arduino-testlib/cli-datadir/user/libraries/USB_Host_Shield_Library_2.0/usbhost.h:105:106: error: template argument 1 is invalid
 typedef SPi&lt; MAKE_PIN(PIN_SPI_SCK), MAKE_PIN(PIN_SPI_MOSI), MAKE_PIN(PIN_SPI_MISO), MAKE_PIN(PIN_SPI_SS) &gt; spi;
                                                                                                          ^
/home/ec2-user/arduino-testlib/cli-datadir/user/libraries/USB_Host_Shield_Library_2.0/usbhost.h:105:106: error: template argument 2 is invalid
/home/ec2-user/arduino-testlib/cli-datadir/user/libraries/USB_Host_Shield_Library_2.0/usbhost.h:105:106: error: template argument 3 is invalid
/home/ec2-user/arduino-testlib/cli-datadir/user/libraries/USB_Host_Shield_Library_2.0/usbhost.h:105:106: error: template argument 4 is invalid
In file included from /home/ec2-user/arduino-testlib/cli-datadir/user/libraries/USB_Host_Shield_Library_2.0/Usb.h:43:0,
                 from /home/ec2-user/arduino-testlib/cli-datadir/user/libraries/USB_Host_Shield_Library_2.0/usbhid.h:20,
                 from /home/ec2-user/arduino-testlib/cli-datadir/user/libraries/USB_Host_Shield_Library_2.0/hidcomposite.h:21,
                 from /home/ec2-user/arduino-testlib/cli-datadir/user/libraries/USB_Host_Shield_Library_2.0/hiduniversal.h:21,
                 from /home/ec2-user/arduino-testlib/cli-datadir/user/libraries/USB_Host_Shield_Library_2.0/PS5USB.h:24,
                 from /home/ec2-user/arduino-testlib/cli-datadir/user/libraries/USB_Host_Shield_Library_2.0/examples/PS5USB/PS5USB.ino:7:
/home/ec2-user/arduino-testlib/cli-datadir/user/libraries/USB_Host_Shield_Library_2.0/usbhost.h: In member function &#39;int8_t MAX3421e&lt;SPI_SS, INTR&gt;::Init()&#39;:
/home/ec2-user/arduino-testlib/cli-datadir/user/libraries/USB_Host_Shield_Library_2.0/usbhost.h:432:18: error: qualified-id in declaration before &#39;(&#39; token
         spi::init();
                  ^
/home/ec2-user/arduino-testlib/cli-datadir/user/libraries/USB_Host_Shield_Library_2.0/usbhost.h: In member function &#39;int8_t MAX3421e&lt;SPI_SS, INTR&gt;::Init(int)&#39;:
/home/ec2-user/arduino-testlib/cli-datadir/user/libraries/USB_Host_Shield_Library_2.0/usbhost.h:469:18: error: qualified-id in declaration before &#39;(&#39; token
         spi::init();
                  ^

</pre>
					
					<h4>examples/PSBuzz</h4>
					<p>
						Result: <b>FAIL</b>
					</p>
					<pre class="pre-scrollable">In file included from /home/ec2-user/arduino-testlib/cli-datadir/user/libraries/USB_Host_Shield_Library_2.0/Usb.h:43:0,
                 from /home/ec2-user/arduino-testlib/cli-datadir/user/libraries/USB_Host_Shield_Library_2.0/usbhid.h:20,
                 from /home/ec2-user/arduino-testlib/cli-datadir/user/libraries/USB_Host_Shield_Library_2.0/hidcomposite.h:21,
                 from /home/ec2-user/arduino-testlib/cli-datadir/user/libraries/USB_Host_Shield_Library_2.0/hiduniversal.h:21,
                 from /home/ec2-user/arduino-testlib/cli-datadir/user/libraries/USB_Host_Shield_Library_2.0/PSBuzz.h:21,
                 from /home/ec2-user/arduino-testlib/cli-datadir/user/libraries/USB_Host_Shield_Library_2.0/examples/PSBuzz/PSBuzz.ino:7:
/home/ec2-user/arduino-testlib/cli-datadir/user/libraries/USB_Host_Shield_Library_2.0/usbhost.h:103:25: error: &#39;PSCK&#39; was not declared in this scope
 #define APPEND_PIN(pin) P ## pin // Appends the pin to &#39;P&#39;, e.g. 1 becomes P1
                         ^
/home/ec2-user/arduino-testlib/cli-datadir/user/libraries/USB_Host_Shield_Library_2.0/usbhost.h:100:23: note: in expansion of macro &#39;APPEND_PIN&#39;
 #define PASTE(x, ...) x ## __VA_ARGS__
                       ^
/home/ec2-user/arduino-testlib/cli-datadir/user/libraries/USB_Host_Shield_Library_2.0/usbhost.h:101:34: note: in expansion of macro &#39;PASTE&#39;
 #define EVALUATING_PASTE(x, ...) PASTE(x, __VA_ARGS__)
                                  ^
/home/ec2-user/arduino-testlib/cli-datadir/user/libraries/USB_Host_Shield_Library_2.0/usbhost.h:104:21: note: in expansion of macro &#39;EVALUATING_PASTE&#39;
 #define MAKE_PIN(x) EVALUATING_PASTE(APPEND_, PIN(UNPAREN(x)))
                     ^
/home/ec2-user/arduino-testlib/cli-datadir/user/libraries/USB_Host_Shield_Library_2.0/usbhost.h:105:14: note: in expansion of macro &#39;MAKE_PIN&#39;
 typedef SPi&lt; MAKE_PIN(PIN_SPI_SCK), MAKE_PIN(PIN_SPI_MOSI), MAKE_PIN(PIN_SPI_MISO), MAKE_PIN(PIN_SPI_SS) &gt; spi;
              ^
/home/ec2-user/arduino-testlib/cli-datadir/user/libraries/USB_Host_Shield_Library_2.0/usbhost.h:103:25: error: &#39;PMOSI&#39; was not declared in this scope
 #define APPEND_PIN(pin) P ## pin // Appends the pin to &#39;P&#39;, e.g. 1 becomes P1
                         ^
/home/ec2-user/arduino-testlib/cli-datadir/user/libraries/USB_Host_Shield_Library_2.0/usbhost.h:100:23: note: in expansion of macro &#39;APPEND_PIN&#39;
 #define PASTE(x, ...) x ## __VA_ARGS__
                       ^
/home/ec2-user/arduino-testlib/cli-datadir/user/libraries/USB_Host_Shield_Library_2.0/usbhost.h:101:34: note: in expansion of macro &#39;PASTE&#39;
 #define EVALUATING_PASTE(x, ...) PASTE(x, __VA_ARGS__)
                                  ^
/home/ec2-user/arduino-testlib/cli-datadir/user/libraries/USB_Host_Shield_Library_2.0/usbhost.h:104:21: note: in expansion of macro &#39;EVALUATING_PASTE&#39;
 #define MAKE_PIN(x) EVALUATING_PASTE(APPEND_, PIN(UNPAREN(x)))
                     ^
/home/ec2-user/arduino-testlib/cli-datadir/user/libraries/USB_Host_Shield_Library_2.0/usbhost.h:105:37: note: in expansion of macro &#39;MAKE_PIN&#39;
 typedef SPi&lt; MAKE_PIN(PIN_SPI_SCK), MAKE_PIN(PIN_SPI_MOSI), MAKE_PIN(PIN_SPI_MISO), MAKE_PIN(PIN_SPI_SS) &gt; spi;
                                     ^
/home/ec2-user/arduino-testlib/cli-datadir/user/libraries/USB_Host_Shield_Library_2.0/usbhost.h:103:25: error: &#39;PMISO&#39; was not declared in this scope
 #define APPEND_PIN(pin) P ## pin // Appends the pin to &#39;P&#39;, e.g. 1 becomes P1
                         ^
/home/ec2-user/arduino-testlib/cli-datadir/user/libraries/USB_Host_Shield_Library_2.0/usbhost.h:100:23: note: in expansion of macro &#39;APPEND_PIN&#39;
 #define PASTE(x, ...) x ## __VA_ARGS__
                       ^
/home/ec2-user/arduino-testlib/cli-datadir/user/libraries/USB_Host_Shield_Library_2.0/usbhost.h:101:34: note: in expansion of macro &#39;PASTE&#39;
 #define EVALUATING_PASTE(x, ...) PASTE(x, __VA_ARGS__)
                                  ^
/home/ec2-user/arduino-testlib/cli-datadir/user/libraries/USB_Host_Shield_Library_2.0/usbhost.h:104:21: note: in expansion of macro &#39;EVALUATING_PASTE&#39;
 #define MAKE_PIN(x) EVALUATING_PASTE(APPEND_, PIN(UNPAREN(x)))
                     ^
/home/ec2-user/arduino-testlib/cli-datadir/user/libraries/USB_Host_Shield_Library_2.0/usbhost.h:105:61: note: in expansion of macro &#39;MAKE_PIN&#39;
 typedef SPi&lt; MAKE_PIN(PIN_SPI_SCK), MAKE_PIN(PIN_SPI_MOSI), MAKE_PIN(PIN_SPI_MISO), MAKE_PIN(PIN_SPI_SS) &gt; spi;
                                                             ^
/home/ec2-user/arduino-testlib/cli-datadir/user/libraries/USB_Host_Shield_Library_2.0/usbhost.h:103:25: error: &#39;PSS&#39; was not declared in this scope
 #define APPEND_PIN(pin) P ## pin // Appends the pin to &#39;P&#39;, e.g. 1 becomes P1
                         ^
/home/ec2-user/arduino-testlib/cli-datadir/user/libraries/USB_Host_Shield_Library_2.0/usbhost.h:100:23: note: in expansion of macro &#39;APPEND_PIN&#39;
 #define PASTE(x, ...) x ## __VA_ARGS__
                       ^
/home/ec2-user/arduino-testlib/cli-datadir/user/libraries/USB_Host_Shield_Library_2.0/usbhost.h:101:34: note: in expansion of macro &#39;PASTE&#39;
 #define EVALUATING_PASTE(x, ...) PASTE(x, __VA_ARGS__)
                                  ^
/home/ec2-user/arduino-testlib/cli-datadir/user/libraries/USB_Host_Shield_Library_2.0/usbhost.h:104:21: note: in expansion of macro &#39;EVALUATING_PASTE&#39;
 #define MAKE_PIN(x) EVALUATING_PASTE(APPEND_, PIN(UNPAREN(x)))
                     ^
/home/ec2-user/arduino-testlib/cli-datadir/user/libraries/USB_Host_Shield_Library_2.0/usbhost.h:105:85: note: in expansion of macro &#39;MAKE_PIN&#39;
 typedef SPi&lt; MAKE_PIN(PIN_SPI_SCK), MAKE_PIN(PIN_SPI_MOSI), MAKE_PIN(PIN_SPI_MISO), MAKE_PIN(PIN_SPI_SS) &gt; spi;
                                                                                     ^
/home/ec2-user/arduino-testlib/cli-datadir/user/libraries/USB_Host_Shield_Library_2.0/usbhost.h:105:106: error: template argument 1 is invalid
 typedef SPi&lt; MAKE_PIN(PIN_SPI_SCK), MAKE_PIN(PIN_SPI_MOSI), MAKE_PIN(PIN_SPI_MISO), MAKE_PIN(PIN_SPI_SS) &gt; spi;
                                                                                                          ^
/home/ec2-user/arduino-testlib/cli-datadir/user/libraries/USB_Host_Shield_Library_2.0/usbhost.h:105:106: error: template argument 2 is invalid
/home/ec2-user/arduino-testlib/cli-datadir/user/libraries/USB_Host_Shield_Library_2.0/usbhost.h:105:106: error: template argument 3 is invalid
/home/ec2-user/arduino-testlib/cli-datadir/user/libraries/USB_Host_Shield_Library_2.0/usbhost.h:105:106: error: template argument 4 is invalid
In file included from /home/ec2-user/arduino-testlib/cli-datadir/user/libraries/USB_Host_Shield_Library_2.0/Usb.h:43:0,
                 from /home/ec2-user/arduino-testlib/cli-datadir/user/libraries/USB_Host_Shield_Library_2.0/usbhid.h:20,
                 from /home/ec2-user/arduino-testlib/cli-datadir/user/libraries/USB_Host_Shield_Library_2.0/hidcomposite.h:21,
                 from /home/ec2-user/arduino-testlib/cli-datadir/user/libraries/USB_Host_Shield_Library_2.0/hiduniversal.h:21,
                 from /home/ec2-user/arduino-testlib/cli-datadir/user/libraries/USB_Host_Shield_Library_2.0/PSBuzz.h:21,
                 from /home/ec2-user/arduino-testlib/cli-datadir/user/libraries/USB_Host_Shield_Library_2.0/examples/PSBuzz/PSBuzz.ino:7:
/home/ec2-user/arduino-testlib/cli-datadir/user/libraries/USB_Host_Shield_Library_2.0/usbhost.h: In member function &#39;int8_t MAX3421e&lt;SPI_SS, INTR&gt;::Init()&#39;:
/home/ec2-user/arduino-testlib/cli-datadir/user/libraries/USB_Host_Shield_Library_2.0/usbhost.h:432:18: error: qualified-id in declaration before &#39;(&#39; token
         spi::init();
                  ^
/home/ec2-user/arduino-testlib/cli-datadir/user/libraries/USB_Host_Shield_Library_2.0/usbhost.h: In member function &#39;int8_t MAX3421e&lt;SPI_SS, INTR&gt;::Init(int)&#39;:
/home/ec2-user/arduino-testlib/cli-datadir/user/libraries/USB_Host_Shield_Library_2.0/usbhost.h:469:18: error: qualified-id in declaration before &#39;(&#39; token
         spi::init();
                  ^

</pre>
					
					<h4>examples/SwitchProUSB</h4>
					<p>
						Result: <b>FAIL</b>
					</p>
					<pre class="pre-scrollable">In file included from /home/ec2-user/arduino-testlib/cli-datadir/user/libraries/USB_Host_Shield_Library_2.0/Usb.h:43:0,
                 from /home/ec2-user/arduino-testlib/cli-datadir/user/libraries/USB_Host_Shield_Library_2.0/usbhid.h:20,
                 from /home/ec2-user/arduino-testlib/cli-datadir/user/libraries/USB_Host_Shield_Library_2.0/hidcomposite.h:21,
                 from /home/ec2-user/arduino-testlib/cli-datadir/user/libraries/USB_Host_Shield_Library_2.0/hiduniversal.h:21,
                 from /home/ec2-user/arduino-testlib/cli-datadir/user/libraries/USB_Host_Shield_Library_2.0/SwitchProUSB.h:21,
                 from /home/ec2-user/arduino-testlib/cli-datadir/user/libraries/USB_Host_Shield_Library_2.0/examples/SwitchProUSB/SwitchProUSB.ino:7:
/home/ec2-user/arduino-testlib/cli-datadir/user/libraries/USB_Host_Shield_Library_2.0/usbhost.h:103:25: error: &#39;PSCK&#39; was not declared in this scope
 #define APPEND_PIN(pin) P ## pin // Appends the pin to &#39;P&#39;, e.g. 1 becomes P1
                         ^
/home/ec2-user/arduino-testlib/cli-datadir/user/libraries/USB_Host_Shield_Library_2.0/usbhost.h:100:23: note: in expansion of macro &#39;APPEND_PIN&#39;
 #define PASTE(x, ...) x ## __VA_ARGS__
                       ^
/home/ec2-user/arduino-testlib/cli-datadir/user/libraries/USB_Host_Shield_Library_2.0/usbhost.h:101:34: note: in expansion of macro &#39;PASTE&#39;
 #define EVALUATING_PASTE(x, ...) PASTE(x, __VA_ARGS__)
                                  ^
/home/ec2-user/arduino-testlib/cli-datadir/user/libraries/USB_Host_Shield_Library_2.0/usbhost.h:104:21: note: in expansion of macro &#39;EVALUATING_PASTE&#39;
 #define MAKE_PIN(x) EVALUATING_PASTE(APPEND_, PIN(UNPAREN(x)))
                     ^
/home/ec2-user/arduino-testlib/cli-datadir/user/libraries/USB_Host_Shield_Library_2.0/usbhost.h:105:14: note: in expansion of macro &#39;MAKE_PIN&#39;
 typedef SPi&lt; MAKE_PIN(PIN_SPI_SCK), MAKE_PIN(PIN_SPI_MOSI), MAKE_PIN(PIN_SPI_MISO), MAKE_PIN(PIN_SPI_SS) &gt; spi;
              ^
/home/ec2-user/arduino-testlib/cli-datadir/user/libraries/USB_Host_Shield_Library_2.0/usbhost.h:103:25: error: &#39;PMOSI&#39; was not declared in this scope
 #define APPEND_PIN(pin) P ## pin // Appends the pin to &#39;P&#39;, e.g. 1 becomes P1
                         ^
/home/ec2-user/arduino-testlib/cli-datadir/user/libraries/USB_Host_Shield_Library_2.0/usbhost.h:100:23: note: in expansion of macro &#39;APPEND_PIN&#39;
 #define PASTE(x, ...) x ## __VA_ARGS__
                       ^
/home/ec2-user/arduino-testlib/cli-datadir/user/libraries/USB_Host_Shield_Library_2.0/usbhost.h:101:34: note: in expansion of macro &#39;PASTE&#39;
 #define EVALUATING_PASTE(x, ...) PASTE(x, __VA_ARGS__)
                                  ^
/home/ec2-user/arduino-testlib/cli-datadir/user/libraries/USB_Host_Shield_Library_2.0/usbhost.h:104:21: note: in expansion of macro &#39;EVALUATING_PASTE&#39;
 #define MAKE_PIN(x) EVALUATING_PASTE(APPEND_, PIN(UNPAREN(x)))
                     ^
/home/ec2-user/arduino-testlib/cli-datadir/user/libraries/USB_Host_Shield_Library_2.0/usbhost.h:105:37: note: in expansion of macro &#39;MAKE_PIN&#39;
 typedef SPi&lt; MAKE_PIN(PIN_SPI_SCK), MAKE_PIN(PIN_SPI_MOSI), MAKE_PIN(PIN_SPI_MISO), MAKE_PIN(PIN_SPI_SS) &gt; spi;
                                     ^
/home/ec2-user/arduino-testlib/cli-datadir/user/libraries/USB_Host_Shield_Library_2.0/usbhost.h:103:25: error: &#39;PMISO&#39; was not declared in this scope
 #define APPEND_PIN(pin) P ## pin // Appends the pin to &#39;P&#39;, e.g. 1 becomes P1
                         ^
/home/ec2-user/arduino-testlib/cli-datadir/user/libraries/USB_Host_Shield_Library_2.0/usbhost.h:100:23: note: in expansion of macro &#39;APPEND_PIN&#39;
 #define PASTE(x, ...) x ## __VA_ARGS__
                       ^
/home/ec2-user/arduino-testlib/cli-datadir/user/libraries/USB_Host_Shield_Library_2.0/usbhost.h:101:34: note: in expansion of macro &#39;PASTE&#39;
 #define EVALUATING_PASTE(x, ...) PASTE(x, __VA_ARGS__)
                                  ^
/home/ec2-user/arduino-testlib/cli-datadir/user/libraries/USB_Host_Shield_Library_2.0/usbhost.h:104:21: note: in expansion of macro &#39;EVALUATING_PASTE&#39;
 #define MAKE_PIN(x) EVALUATING_PASTE(APPEND_, PIN(UNPAREN(x)))
                     ^
/home/ec2-user/arduino-testlib/cli-datadir/user/libraries/USB_Host_Shield_Library_2.0/usbhost.h:105:61: note: in expansion of macro &#39;MAKE_PIN&#39;
 typedef SPi&lt; MAKE_PIN(PIN_SPI_SCK), MAKE_PIN(PIN_SPI_MOSI), MAKE_PIN(PIN_SPI_MISO), MAKE_PIN(PIN_SPI_SS) &gt; spi;
                                                             ^
/home/ec2-user/arduino-testlib/cli-datadir/user/libraries/USB_Host_Shield_Library_2.0/usbhost.h:103:25: error: &#39;PSS&#39; was not declared in this scope
 #define APPEND_PIN(pin) P ## pin // Appends the pin to &#39;P&#39;, e.g. 1 becomes P1
                         ^
/home/ec2-user/arduino-testlib/cli-datadir/user/libraries/USB_Host_Shield_Library_2.0/usbhost.h:100:23: note: in expansion of macro &#39;APPEND_PIN&#39;
 #define PASTE(x, ...) x ## __VA_ARGS__
                       ^
/home/ec2-user/arduino-testlib/cli-datadir/user/libraries/USB_Host_Shield_Library_2.0/usbhost.h:101:34: note: in expansion of macro &#39;PASTE&#39;
 #define EVALUATING_PASTE(x, ...) PASTE(x, __VA_ARGS__)
                                  ^
/home/ec2-user/arduino-testlib/cli-datadir/user/libraries/USB_Host_Shield_Library_2.0/usbhost.h:104:21: note: in expansion of macro &#39;EVALUATING_PASTE&#39;
 #define MAKE_PIN(x) EVALUATING_PASTE(APPEND_, PIN(UNPAREN(x)))
                     ^
/home/ec2-user/arduino-testlib/cli-datadir/user/libraries/USB_Host_Shield_Library_2.0/usbhost.h:105:85: note: in expansion of macro &#39;MAKE_PIN&#39;
 typedef SPi&lt; MAKE_PIN(PIN_SPI_SCK), MAKE_PIN(PIN_SPI_MOSI), MAKE_PIN(PIN_SPI_MISO), MAKE_PIN(PIN_SPI_SS) &gt; spi;
                                                                                     ^
/home/ec2-user/arduino-testlib/cli-datadir/user/libraries/USB_Host_Shield_Library_2.0/usbhost.h:105:106: error: template argument 1 is invalid
 typedef SPi&lt; MAKE_PIN(PIN_SPI_SCK), MAKE_PIN(PIN_SPI_MOSI), MAKE_PIN(PIN_SPI_MISO), MAKE_PIN(PIN_SPI_SS) &gt; spi;
                                                                                                          ^
/home/ec2-user/arduino-testlib/cli-datadir/user/libraries/USB_Host_Shield_Library_2.0/usbhost.h:105:106: error: template argument 2 is invalid
/home/ec2-user/arduino-testlib/cli-datadir/user/libraries/USB_Host_Shield_Library_2.0/usbhost.h:105:106: error: template argument 3 is invalid
/home/ec2-user/arduino-testlib/cli-datadir/user/libraries/USB_Host_Shield_Library_2.0/usbhost.h:105:106: error: template argument 4 is invalid
In file included from /home/ec2-user/arduino-testlib/cli-datadir/user/libraries/USB_Host_Shield_Library_2.0/Usb.h:43:0,
                 from /home/ec2-user/arduino-testlib/cli-datadir/user/libraries/USB_Host_Shield_Library_2.0/usbhid.h:20,
                 from /home/ec2-user/arduino-testlib/cli-datadir/user/libraries/USB_Host_Shield_Library_2.0/hidcomposite.h:21,
                 from /home/ec2-user/arduino-testlib/cli-datadir/user/libraries/USB_Host_Shield_Library_2.0/hiduniversal.h:21,
                 from /home/ec2-user/arduino-testlib/cli-datadir/user/libraries/USB_Host_Shield_Library_2.0/SwitchProUSB.h:21,
                 from /home/ec2-user/arduino-testlib/cli-datadir/user/libraries/USB_Host_Shield_Library_2.0/examples/SwitchProUSB/SwitchProUSB.ino:7:
/home/ec2-user/arduino-testlib/cli-datadir/user/libraries/USB_Host_Shield_Library_2.0/usbhost.h: In member function &#39;int8_t MAX3421e&lt;SPI_SS, INTR&gt;::Init()&#39;:
/home/ec2-user/arduino-testlib/cli-datadir/user/libraries/USB_Host_Shield_Library_2.0/usbhost.h:432:18: error: qualified-id in declaration before &#39;(&#39; token
         spi::init();
                  ^
/home/ec2-user/arduino-testlib/cli-datadir/user/libraries/USB_Host_Shield_Library_2.0/usbhost.h: In member function &#39;int8_t MAX3421e&lt;SPI_SS, INTR&gt;::Init(int)&#39;:
/home/ec2-user/arduino-testlib/cli-datadir/user/libraries/USB_Host_Shield_Library_2.0/usbhost.h:469:18: error: qualified-id in declaration before &#39;(&#39; token
         spi::init();
                  ^

</pre>
					
					<h4>examples/USBH_MIDI</h4>
					<p>
						Result: <b>FAIL</b>
					</p>
					<pre class="pre-scrollable"></pre>
					
					<h4>examples/USB_desc</h4>
					<p>
						Result: <b>FAIL</b>
					</p>
					<pre class="pre-scrollable">In file included from /home/ec2-user/arduino-testlib/cli-datadir/user/libraries/USB_Host_Shield_Library_2.0/Usb.h:43:0,
                 from /home/ec2-user/arduino-testlib/cli-datadir/user/libraries/USB_Host_Shield_Library_2.0/usbhub.h:20,
                 from /home/ec2-user/arduino-testlib/cli-datadir/user/libraries/USB_Host_Shield_Library_2.0/examples/USB_desc/USB_desc.ino:1:
/home/ec2-user/arduino-testlib/cli-datadir/user/libraries/USB_Host_Shield_Library_2.0/usbhost.h:103:25: error: &#39;PSCK&#39; was not declared in this scope
 #define APPEND_PIN(pin) P ## pin // Appends the pin to &#39;P&#39;, e.g. 1 becomes P1
                         ^
/home/ec2-user/arduino-testlib/cli-datadir/user/libraries/USB_Host_Shield_Library_2.0/usbhost.h:100:23: note: in expansion of macro &#39;APPEND_PIN&#39;
 #define PASTE(x, ...) x ## __VA_ARGS__
                       ^
/home/ec2-user/arduino-testlib/cli-datadir/user/libraries/USB_Host_Shield_Library_2.0/usbhost.h:101:34: note: in expansion of macro &#39;PASTE&#39;
 #define EVALUATING_PASTE(x, ...) PASTE(x, __VA_ARGS__)
                                  ^
/home/ec2-user/arduino-testlib/cli-datadir/user/libraries/USB_Host_Shield_Library_2.0/usbhost.h:104:21: note: in expansion of macro &#39;EVALUATING_PASTE&#39;
 #define MAKE_PIN(x) EVALUATING_PASTE(APPEND_, PIN(UNPAREN(x)))
                     ^
/home/ec2-user/arduino-testlib/cli-datadir/user/libraries/USB_Host_Shield_Library_2.0/usbhost.h:105:14: note: in expansion of macro &#39;MAKE_PIN&#39;
 typedef SPi&lt; MAKE_PIN(PIN_SPI_SCK), MAKE_PIN(PIN_SPI_MOSI), MAKE_PIN(PIN_SPI_MISO), MAKE_PIN(PIN_SPI_SS) &gt; spi;
              ^
/home/ec2-user/arduino-testlib/cli-datadir/user/libraries/USB_Host_Shield_Library_2.0/usbhost.h:103:25: error: &#39;PMOSI&#39; was not declared in this scope
 #define APPEND_PIN(pin) P ## pin // Appends the pin to &#39;P&#39;, e.g. 1 becomes P1
                         ^
/home/ec2-user/arduino-testlib/cli-datadir/user/libraries/USB_Host_Shield_Library_2.0/usbhost.h:100:23: note: in expansion of macro &#39;APPEND_PIN&#39;
 #define PASTE(x, ...) x ## __VA_ARGS__
                       ^
/home/ec2-user/arduino-testlib/cli-datadir/user/libraries/USB_Host_Shield_Library_2.0/usbhost.h:101:34: note: in expansion of macro &#39;PASTE&#39;
 #define EVALUATING_PASTE(x, ...) PASTE(x, __VA_ARGS__)
                                  ^
/home/ec2-user/arduino-testlib/cli-datadir/user/libraries/USB_Host_Shield_Library_2.0/usbhost.h:104:21: note: in expansion of macro &#39;EVALUATING_PASTE&#39;
 #define MAKE_PIN(x) EVALUATING_PASTE(APPEND_, PIN(UNPAREN(x)))
                     ^
/home/ec2-user/arduino-testlib/cli-datadir/user/libraries/USB_Host_Shield_Library_2.0/usbhost.h:105:37: note: in expansion of macro &#39;MAKE_PIN&#39;
 typedef SPi&lt; MAKE_PIN(PIN_SPI_SCK), MAKE_PIN(PIN_SPI_MOSI), MAKE_PIN(PIN_SPI_MISO), MAKE_PIN(PIN_SPI_SS) &gt; spi;
                                     ^
/home/ec2-user/arduino-testlib/cli-datadir/user/libraries/USB_Host_Shield_Library_2.0/usbhost.h:103:25: error: &#39;PMISO&#39; was not declared in this scope
 #define APPEND_PIN(pin) P ## pin // Appends the pin to &#39;P&#39;, e.g. 1 becomes P1
                         ^
/home/ec2-user/arduino-testlib/cli-datadir/user/libraries/USB_Host_Shield_Library_2.0/usbhost.h:100:23: note: in expansion of macro &#39;APPEND_PIN&#39;
 #define PASTE(x, ...) x ## __VA_ARGS__
                       ^
/home/ec2-user/arduino-testlib/cli-datadir/user/libraries/USB_Host_Shield_Library_2.0/usbhost.h:101:34: note: in expansion of macro &#39;PASTE&#39;
 #define EVALUATING_PASTE(x, ...) PASTE(x, __VA_ARGS__)
                                  ^
/home/ec2-user/arduino-testlib/cli-datadir/user/libraries/USB_Host_Shield_Library_2.0/usbhost.h:104:21: note: in expansion of macro &#39;EVALUATING_PASTE&#39;
 #define MAKE_PIN(x) EVALUATING_PASTE(APPEND_, PIN(UNPAREN(x)))
                     ^
/home/ec2-user/arduino-testlib/cli-datadir/user/libraries/USB_Host_Shield_Library_2.0/usbhost.h:105:61: note: in expansion of macro &#39;MAKE_PIN&#39;
 typedef SPi&lt; MAKE_PIN(PIN_SPI_SCK), MAKE_PIN(PIN_SPI_MOSI), MAKE_PIN(PIN_SPI_MISO), MAKE_PIN(PIN_SPI_SS) &gt; spi;
                                                             ^
/home/ec2-user/arduino-testlib/cli-datadir/user/libraries/USB_Host_Shield_Library_2.0/usbhost.h:103:25: error: &#39;PSS&#39; was not declared in this scope
 #define APPEND_PIN(pin) P ## pin // Appends the pin to &#39;P&#39;, e.g. 1 becomes P1
                         ^
/home/ec2-user/arduino-testlib/cli-datadir/user/libraries/USB_Host_Shield_Library_2.0/usbhost.h:100:23: note: in expansion of macro &#39;APPEND_PIN&#39;
 #define PASTE(x, ...) x ## __VA_ARGS__
                       ^
/home/ec2-user/arduino-testlib/cli-datadir/user/libraries/USB_Host_Shield_Library_2.0/usbhost.h:101:34: note: in expansion of macro &#39;PASTE&#39;
 #define EVALUATING_PASTE(x, ...) PASTE(x, __VA_ARGS__)
                                  ^
/home/ec2-user/arduino-testlib/cli-datadir/user/libraries/USB_Host_Shield_Library_2.0/usbhost.h:104:21: note: in expansion of macro &#39;EVALUATING_PASTE&#39;
 #define MAKE_PIN(x) EVALUATING_PASTE(APPEND_, PIN(UNPAREN(x)))
                     ^
/home/ec2-user/arduino-testlib/cli-datadir/user/libraries/USB_Host_Shield_Library_2.0/usbhost.h:105:85: note: in expansion of macro &#39;MAKE_PIN&#39;
 typedef SPi&lt; MAKE_PIN(PIN_SPI_SCK), MAKE_PIN(PIN_SPI_MOSI), MAKE_PIN(PIN_SPI_MISO), MAKE_PIN(PIN_SPI_SS) &gt; spi;
                                                                                     ^
/home/ec2-user/arduino-testlib/cli-datadir/user/libraries/USB_Host_Shield_Library_2.0/usbhost.h:105:106: error: template argument 1 is invalid
 typedef SPi&lt; MAKE_PIN(PIN_SPI_SCK), MAKE_PIN(PIN_SPI_MOSI), MAKE_PIN(PIN_SPI_MISO), MAKE_PIN(PIN_SPI_SS) &gt; spi;
                                                                                                          ^
/home/ec2-user/arduino-testlib/cli-datadir/user/libraries/USB_Host_Shield_Library_2.0/usbhost.h:105:106: error: template argument 2 is invalid
/home/ec2-user/arduino-testlib/cli-datadir/user/libraries/USB_Host_Shield_Library_2.0/usbhost.h:105:106: error: template argument 3 is invalid
/home/ec2-user/arduino-testlib/cli-datadir/user/libraries/USB_Host_Shield_Library_2.0/usbhost.h:105:106: error: template argument 4 is invalid
In file included from /home/ec2-user/arduino-testlib/cli-datadir/user/libraries/USB_Host_Shield_Library_2.0/Usb.h:43:0,
                 from /home/ec2-user/arduino-testlib/cli-datadir/user/libraries/USB_Host_Shield_Library_2.0/usbhub.h:20,
                 from /home/ec2-user/arduino-testlib/cli-datadir/user/libraries/USB_Host_Shield_Library_2.0/examples/USB_desc/USB_desc.ino:1:
/home/ec2-user/arduino-testlib/cli-datadir/user/libraries/USB_Host_Shield_Library_2.0/usbhost.h: In member function &#39;int8_t MAX3421e&lt;SPI_SS, INTR&gt;::Init()&#39;:
/home/ec2-user/arduino-testlib/cli-datadir/user/libraries/USB_Host_Shield_Library_2.0/usbhost.h:432:18: error: qualified-id in declaration before &#39;(&#39; token
         spi::init();
                  ^
/home/ec2-user/arduino-testlib/cli-datadir/user/libraries/USB_Host_Shield_Library_2.0/usbhost.h: In member function &#39;int8_t MAX3421e&lt;SPI_SS, INTR&gt;::Init(int)&#39;:
/home/ec2-user/arduino-testlib/cli-datadir/user/libraries/USB_Host_Shield_Library_2.0/usbhost.h:469:18: error: qualified-id in declaration before &#39;(&#39; token
         spi::init();
                  ^

</pre>
					
					<h4>examples/Xbox</h4>
					<p>
						Result: <b>FAIL</b>
					</p>
					<pre class="pre-scrollable"></pre>
					
					<h4>examples/acm</h4>
					<p>
						Result: <b>FAIL</b>
					</p>
					<pre class="pre-scrollable"></pre>
					
					<h4>examples/adk</h4>
					<p>
						Result: <b>FAIL</b>
					</p>
					<pre class="pre-scrollable"></pre>
					
					<h4>examples/ambx</h4>
					<p>
						Result: <b>FAIL</b>
					</p>
					<pre class="pre-scrollable"></pre>
					
					<h4>examples/board_qc</h4>
					<p>
						Result: <b>FAIL</b>
					</p>
					<pre class="pre-scrollable">In file included from /home/ec2-user/arduino-testlib/cli-datadir/user/libraries/USB_Host_Shield_Library_2.0/Usb.h:43:0,
                 from /home/ec2-user/arduino-testlib/cli-datadir/user/libraries/USB_Host_Shield_Library_2.0/usbhub.h:20,
                 from /home/ec2-user/arduino-testlib/cli-datadir/user/libraries/USB_Host_Shield_Library_2.0/examples/board_qc/board_qc.ino:6:
/home/ec2-user/arduino-testlib/cli-datadir/user/libraries/USB_Host_Shield_Library_2.0/usbhost.h:103:25: error: &#39;PSCK&#39; was not declared in this scope
 #define APPEND_PIN(pin) P ## pin // Appends the pin to &#39;P&#39;, e.g. 1 becomes P1
                         ^
/home/ec2-user/arduino-testlib/cli-datadir/user/libraries/USB_Host_Shield_Library_2.0/usbhost.h:100:23: note: in expansion of macro &#39;APPEND_PIN&#39;
 #define PASTE(x, ...) x ## __VA_ARGS__
                       ^
/home/ec2-user/arduino-testlib/cli-datadir/user/libraries/USB_Host_Shield_Library_2.0/usbhost.h:101:34: note: in expansion of macro &#39;PASTE&#39;
 #define EVALUATING_PASTE(x, ...) PASTE(x, __VA_ARGS__)
                                  ^
/home/ec2-user/arduino-testlib/cli-datadir/user/libraries/USB_Host_Shield_Library_2.0/usbhost.h:104:21: note: in expansion of macro &#39;EVALUATING_PASTE&#39;
 #define MAKE_PIN(x) EVALUATING_PASTE(APPEND_, PIN(UNPAREN(x)))
                     ^
/home/ec2-user/arduino-testlib/cli-datadir/user/libraries/USB_Host_Shield_Library_2.0/usbhost.h:105:14: note: in expansion of macro &#39;MAKE_PIN&#39;
 typedef SPi&lt; MAKE_PIN(PIN_SPI_SCK), MAKE_PIN(PIN_SPI_MOSI), MAKE_PIN(PIN_SPI_MISO), MAKE_PIN(PIN_SPI_SS) &gt; spi;
              ^
/home/ec2-user/arduino-testlib/cli-datadir/user/libraries/USB_Host_Shield_Library_2.0/usbhost.h:103:25: error: &#39;PMOSI&#39; was not declared in this scope
 #define APPEND_PIN(pin) P ## pin // Appends the pin to &#39;P&#39;, e.g. 1 becomes P1
                         ^
/home/ec2-user/arduino-testlib/cli-datadir/user/libraries/USB_Host_Shield_Library_2.0/usbhost.h:100:23: note: in expansion of macro &#39;APPEND_PIN&#39;
 #define PASTE(x, ...) x ## __VA_ARGS__
                       ^
/home/ec2-user/arduino-testlib/cli-datadir/user/libraries/USB_Host_Shield_Library_2.0/usbhost.h:101:34: note: in expansion of macro &#39;PASTE&#39;
 #define EVALUATING_PASTE(x, ...) PASTE(x, __VA_ARGS__)
                                  ^
/home/ec2-user/arduino-testlib/cli-datadir/user/libraries/USB_Host_Shield_Library_2.0/usbhost.h:104:21: note: in expansion of macro &#39;EVALUATING_PASTE&#39;
 #define MAKE_PIN(x) EVALUATING_PASTE(APPEND_, PIN(UNPAREN(x)))
                     ^
/home/ec2-user/arduino-testlib/cli-datadir/user/libraries/USB_Host_Shield_Library_2.0/usbhost.h:105:37: note: in expansion of macro &#39;MAKE_PIN&#39;
 typedef SPi&lt; MAKE_PIN(PIN_SPI_SCK), MAKE_PIN(PIN_SPI_MOSI), MAKE_PIN(PIN_SPI_MISO), MAKE_PIN(PIN_SPI_SS) &gt; spi;
                                     ^
/home/ec2-user/arduino-testlib/cli-datadir/user/libraries/USB_Host_Shield_Library_2.0/usbhost.h:103:25: error: &#39;PMISO&#39; was not declared in this scope
 #define APPEND_PIN(pin) P ## pin // Appends the pin to &#39;P&#39;, e.g. 1 becomes P1
                         ^
/home/ec2-user/arduino-testlib/cli-datadir/user/libraries/USB_Host_Shield_Library_2.0/usbhost.h:100:23: note: in expansion of macro &#39;APPEND_PIN&#39;
 #define PASTE(x, ...) x ## __VA_ARGS__
                       ^
/home/ec2-user/arduino-testlib/cli-datadir/user/libraries/USB_Host_Shield_Library_2.0/usbhost.h:101:34: note: in expansion of macro &#39;PASTE&#39;
 #define EVALUATING_PASTE(x, ...) PASTE(x, __VA_ARGS__)
                                  ^
/home/ec2-user/arduino-testlib/cli-datadir/user/libraries/USB_Host_Shield_Library_2.0/usbhost.h:104:21: note: in expansion of macro &#39;EVALUATING_PASTE&#39;
 #define MAKE_PIN(x) EVALUATING_PASTE(APPEND_, PIN(UNPAREN(x)))
                     ^
/home/ec2-user/arduino-testlib/cli-datadir/user/libraries/USB_Host_Shield_Library_2.0/usbhost.h:105:61: note: in expansion of macro &#39;MAKE_PIN&#39;
 typedef SPi&lt; MAKE_PIN(PIN_SPI_SCK), MAKE_PIN(PIN_SPI_MOSI), MAKE_PIN(PIN_SPI_MISO), MAKE_PIN(PIN_SPI_SS) &gt; spi;
                                                             ^
/home/ec2-user/arduino-testlib/cli-datadir/user/libraries/USB_Host_Shield_Library_2.0/usbhost.h:103:25: error: &#39;PSS&#39; was not declared in this scope
 #define APPEND_PIN(pin) P ## pin // Appends the pin to &#39;P&#39;, e.g. 1 becomes P1
                         ^
/home/ec2-user/arduino-testlib/cli-datadir/user/libraries/USB_Host_Shield_Library_2.0/usbhost.h:100:23: note: in expansion of macro &#39;APPEND_PIN&#39;
 #define PASTE(x, ...) x ## __VA_ARGS__
                       ^
/home/ec2-user/arduino-testlib/cli-datadir/user/libraries/USB_Host_Shield_Library_2.0/usbhost.h:101:34: note: in expansion of macro &#39;PASTE&#39;
 #define EVALUATING_PASTE(x, ...) PASTE(x, __VA_ARGS__)
                                  ^
/home/ec2-user/arduino-testlib/cli-datadir/user/libraries/USB_Host_Shield_Library_2.0/usbhost.h:104:21: note: in expansion of macro &#39;EVALUATING_PASTE&#39;
 #define MAKE_PIN(x) EVALUATING_PASTE(APPEND_, PIN(UNPAREN(x)))
                     ^
/home/ec2-user/arduino-testlib/cli-datadir/user/libraries/USB_Host_Shield_Library_2.0/usbhost.h:105:85: note: in expansion of macro &#39;MAKE_PIN&#39;
 typedef SPi&lt; MAKE_PIN(PIN_SPI_SCK), MAKE_PIN(PIN_SPI_MOSI), MAKE_PIN(PIN_SPI_MISO), MAKE_PIN(PIN_SPI_SS) &gt; spi;
                                                                                     ^
/home/ec2-user/arduino-testlib/cli-datadir/user/libraries/USB_Host_Shield_Library_2.0/usbhost.h:105:106: error: template argument 1 is invalid
 typedef SPi&lt; MAKE_PIN(PIN_SPI_SCK), MAKE_PIN(PIN_SPI_MOSI), MAKE_PIN(PIN_SPI_MISO), MAKE_PIN(PIN_SPI_SS) &gt; spi;
                                                                                                          ^
/home/ec2-user/arduino-testlib/cli-datadir/user/libraries/USB_Host_Shield_Library_2.0/usbhost.h:105:106: error: template argument 2 is invalid
/home/ec2-user/arduino-testlib/cli-datadir/user/libraries/USB_Host_Shield_Library_2.0/usbhost.h:105:106: error: template argument 3 is invalid
/home/ec2-user/arduino-testlib/cli-datadir/user/libraries/USB_Host_Shield_Library_2.0/usbhost.h:105:106: error: template argument 4 is invalid
In file included from /home/ec2-user/arduino-testlib/cli-datadir/user/libraries/USB_Host_Shield_Library_2.0/Usb.h:43:0,
                 from /home/ec2-user/arduino-testlib/cli-datadir/user/libraries/USB_Host_Shield_Library_2.0/usbhub.h:20,
                 from /home/ec2-user/arduino-testlib/cli-datadir/user/libraries/USB_Host_Shield_Library_2.0/examples/board_qc/board_qc.ino:6:
/home/ec2-user/arduino-testlib/cli-datadir/user/libraries/USB_Host_Shield_Library_2.0/usbhost.h: In member function &#39;int8_t MAX3421e&lt;SPI_SS, INTR&gt;::Init()&#39;:
/home/ec2-user/arduino-testlib/cli-datadir/user/libraries/USB_Host_Shield_Library_2.0/usbhost.h:432:18: error: qualified-id in declaration before &#39;(&#39; token
         spi::init();
                  ^
/home/ec2-user/arduino-testlib/cli-datadir/user/libraries/USB_Host_Shield_Library_2.0/usbhost.h: In member function &#39;int8_t MAX3421e&lt;SPI_SS, INTR&gt;::Init(int)&#39;:
/home/ec2-user/arduino-testlib/cli-datadir/user/libraries/USB_Host_Shield_Library_2.0/usbhost.h:469:18: error: qualified-id in declaration before &#39;(&#39; token
         spi::init();
                  ^

</pre>
					
					<h4>examples/cdc_XR21B1411</h4>
					<p>
						Result: <b>FAIL</b>
					</p>
					<pre class="pre-scrollable"></pre>
					
					<h4>examples/ftdi</h4>
					<p>
						Result: <b>FAIL</b>
					</p>
					<pre class="pre-scrollable"></pre>
					
					<h4>examples/hub_demo</h4>
					<p>
						Result: <b>FAIL</b>
					</p>
					<pre class="pre-scrollable">In file included from /home/ec2-user/arduino-testlib/cli-datadir/user/libraries/USB_Host_Shield_Library_2.0/Usb.h:43:0,
                 from /home/ec2-user/arduino-testlib/cli-datadir/user/libraries/USB_Host_Shield_Library_2.0/usbhub.h:20,
                 from /home/ec2-user/arduino-testlib/cli-datadir/user/libraries/USB_Host_Shield_Library_2.0/examples/hub_demo/hub_demo.ino:1:
/home/ec2-user/arduino-testlib/cli-datadir/user/libraries/USB_Host_Shield_Library_2.0/usbhost.h:103:25: error: &#39;PSCK&#39; was not declared in this scope
 #define APPEND_PIN(pin) P ## pin // Appends the pin to &#39;P&#39;, e.g. 1 becomes P1
                         ^
/home/ec2-user/arduino-testlib/cli-datadir/user/libraries/USB_Host_Shield_Library_2.0/usbhost.h:100:23: note: in expansion of macro &#39;APPEND_PIN&#39;
 #define PASTE(x, ...) x ## __VA_ARGS__
                       ^
/home/ec2-user/arduino-testlib/cli-datadir/user/libraries/USB_Host_Shield_Library_2.0/usbhost.h:101:34: note: in expansion of macro &#39;PASTE&#39;
 #define EVALUATING_PASTE(x, ...) PASTE(x, __VA_ARGS__)
                                  ^
/home/ec2-user/arduino-testlib/cli-datadir/user/libraries/USB_Host_Shield_Library_2.0/usbhost.h:104:21: note: in expansion of macro &#39;EVALUATING_PASTE&#39;
 #define MAKE_PIN(x) EVALUATING_PASTE(APPEND_, PIN(UNPAREN(x)))
                     ^
/home/ec2-user/arduino-testlib/cli-datadir/user/libraries/USB_Host_Shield_Library_2.0/usbhost.h:105:14: note: in expansion of macro &#39;MAKE_PIN&#39;
 typedef SPi&lt; MAKE_PIN(PIN_SPI_SCK), MAKE_PIN(PIN_SPI_MOSI), MAKE_PIN(PIN_SPI_MISO), MAKE_PIN(PIN_SPI_SS) &gt; spi;
              ^
/home/ec2-user/arduino-testlib/cli-datadir/user/libraries/USB_Host_Shield_Library_2.0/usbhost.h:103:25: error: &#39;PMOSI&#39; was not declared in this scope
 #define APPEND_PIN(pin) P ## pin // Appends the pin to &#39;P&#39;, e.g. 1 becomes P1
                         ^
/home/ec2-user/arduino-testlib/cli-datadir/user/libraries/USB_Host_Shield_Library_2.0/usbhost.h:100:23: note: in expansion of macro &#39;APPEND_PIN&#39;
 #define PASTE(x, ...) x ## __VA_ARGS__
                       ^
/home/ec2-user/arduino-testlib/cli-datadir/user/libraries/USB_Host_Shield_Library_2.0/usbhost.h:101:34: note: in expansion of macro &#39;PASTE&#39;
 #define EVALUATING_PASTE(x, ...) PASTE(x, __VA_ARGS__)
                                  ^
/home/ec2-user/arduino-testlib/cli-datadir/user/libraries/USB_Host_Shield_Library_2.0/usbhost.h:104:21: note: in expansion of macro &#39;EVALUATING_PASTE&#39;
 #define MAKE_PIN(x) EVALUATING_PASTE(APPEND_, PIN(UNPAREN(x)))
                     ^
/home/ec2-user/arduino-testlib/cli-datadir/user/libraries/USB_Host_Shield_Library_2.0/usbhost.h:105:37: note: in expansion of macro &#39;MAKE_PIN&#39;
 typedef SPi&lt; MAKE_PIN(PIN_SPI_SCK), MAKE_PIN(PIN_SPI_MOSI), MAKE_PIN(PIN_SPI_MISO), MAKE_PIN(PIN_SPI_SS) &gt; spi;
                                     ^
/home/ec2-user/arduino-testlib/cli-datadir/user/libraries/USB_Host_Shield_Library_2.0/usbhost.h:103:25: error: &#39;PMISO&#39; was not declared in this scope
 #define APPEND_PIN(pin) P ## pin // Appends the pin to &#39;P&#39;, e.g. 1 becomes P1
                         ^
/home/ec2-user/arduino-testlib/cli-datadir/user/libraries/USB_Host_Shield_Library_2.0/usbhost.h:100:23: note: in expansion of macro &#39;APPEND_PIN&#39;
 #define PASTE(x, ...) x ## __VA_ARGS__
                       ^
/home/ec2-user/arduino-testlib/cli-datadir/user/libraries/USB_Host_Shield_Library_2.0/usbhost.h:101:34: note: in expansion of macro &#39;PASTE&#39;
 #define EVALUATING_PASTE(x, ...) PASTE(x, __VA_ARGS__)
                                  ^
/home/ec2-user/arduino-testlib/cli-datadir/user/libraries/USB_Host_Shield_Library_2.0/usbhost.h:104:21: note: in expansion of macro &#39;EVALUATING_PASTE&#39;
 #define MAKE_PIN(x) EVALUATING_PASTE(APPEND_, PIN(UNPAREN(x)))
                     ^
/home/ec2-user/arduino-testlib/cli-datadir/user/libraries/USB_Host_Shield_Library_2.0/usbhost.h:105:61: note: in expansion of macro &#39;MAKE_PIN&#39;
 typedef SPi&lt; MAKE_PIN(PIN_SPI_SCK), MAKE_PIN(PIN_SPI_MOSI), MAKE_PIN(PIN_SPI_MISO), MAKE_PIN(PIN_SPI_SS) &gt; spi;
                                                             ^
/home/ec2-user/arduino-testlib/cli-datadir/user/libraries/USB_Host_Shield_Library_2.0/usbhost.h:103:25: error: &#39;PSS&#39; was not declared in this scope
 #define APPEND_PIN(pin) P ## pin // Appends the pin to &#39;P&#39;, e.g. 1 becomes P1
                         ^
/home/ec2-user/arduino-testlib/cli-datadir/user/libraries/USB_Host_Shield_Library_2.0/usbhost.h:100:23: note: in expansion of macro &#39;APPEND_PIN&#39;
 #define PASTE(x, ...) x ## __VA_ARGS__
                       ^
/home/ec2-user/arduino-testlib/cli-datadir/user/libraries/USB_Host_Shield_Library_2.0/usbhost.h:101:34: note: in expansion of macro &#39;PASTE&#39;
 #define EVALUATING_PASTE(x, ...) PASTE(x, __VA_ARGS__)
                                  ^
/home/ec2-user/arduino-testlib/cli-datadir/user/libraries/USB_Host_Shield_Library_2.0/usbhost.h:104:21: note: in expansion of macro &#39;EVALUATING_PASTE&#39;
 #define MAKE_PIN(x) EVALUATING_PASTE(APPEND_, PIN(UNPAREN(x)))
                     ^
/home/ec2-user/arduino-testlib/cli-datadir/user/libraries/USB_Host_Shield_Library_2.0/usbhost.h:105:85: note: in expansion of macro &#39;MAKE_PIN&#39;
 typedef SPi&lt; MAKE_PIN(PIN_SPI_SCK), MAKE_PIN(PIN_SPI_MOSI), MAKE_PIN(PIN_SPI_MISO), MAKE_PIN(PIN_SPI_SS) &gt; spi;
                                                                                     ^
/home/ec2-user/arduino-testlib/cli-datadir/user/libraries/USB_Host_Shield_Library_2.0/usbhost.h:105:106: error: template argument 1 is invalid
 typedef SPi&lt; MAKE_PIN(PIN_SPI_SCK), MAKE_PIN(PIN_SPI_MOSI), MAKE_PIN(PIN_SPI_MISO), MAKE_PIN(PIN_SPI_SS) &gt; spi;
                                                                                                          ^
/home/ec2-user/arduino-testlib/cli-datadir/user/libraries/USB_Host_Shield_Library_2.0/usbhost.h:105:106: error: template argument 2 is invalid
/home/ec2-user/arduino-testlib/cli-datadir/user/libraries/USB_Host_Shield_Library_2.0/usbhost.h:105:106: error: template argument 3 is invalid
/home/ec2-user/arduino-testlib/cli-datadir/user/libraries/USB_Host_Shield_Library_2.0/usbhost.h:105:106: error: template argument 4 is invalid
In file included from /home/ec2-user/arduino-testlib/cli-datadir/user/libraries/USB_Host_Shield_Library_2.0/Usb.h:43:0,
                 from /home/ec2-user/arduino-testlib/cli-datadir/user/libraries/USB_Host_Shield_Library_2.0/usbhub.h:20,
                 from /home/ec2-user/arduino-testlib/cli-datadir/user/libraries/USB_Host_Shield_Library_2.0/examples/hub_demo/hub_demo.ino:1:
/home/ec2-user/arduino-testlib/cli-datadir/user/libraries/USB_Host_Shield_Library_2.0/usbhost.h: In member function &#39;int8_t MAX3421e&lt;SPI_SS, INTR&gt;::Init()&#39;:
/home/ec2-user/arduino-testlib/cli-datadir/user/libraries/USB_Host_Shield_Library_2.0/usbhost.h:432:18: error: qualified-id in declaration before &#39;(&#39; token
         spi::init();
                  ^
/home/ec2-user/arduino-testlib/cli-datadir/user/libraries/USB_Host_Shield_Library_2.0/usbhost.h: In member function &#39;int8_t MAX3421e&lt;SPI_SS, INTR&gt;::Init(int)&#39;:
/home/ec2-user/arduino-testlib/cli-datadir/user/libraries/USB_Host_Shield_Library_2.0/usbhost.h:469:18: error: qualified-id in declaration before &#39;(&#39; token
         spi::init();
                  ^

</pre>
					
					<h4>examples/max_LCD</h4>
					<p>
						Result: <b>FAIL</b>
					</p>
					<pre class="pre-scrollable">In file included from /home/ec2-user/arduino-testlib/cli-datadir/user/libraries/USB_Host_Shield_Library_2.0/Usb.h:43:0,
                 from /home/ec2-user/arduino-testlib/cli-datadir/user/libraries/USB_Host_Shield_Library_2.0/max_LCD.h:24,
                 from /home/ec2-user/arduino-testlib/cli-datadir/user/libraries/USB_Host_Shield_Library_2.0/examples/max_LCD/max_LCD.ino:6:
/home/ec2-user/arduino-testlib/cli-datadir/user/libraries/USB_Host_Shield_Library_2.0/usbhost.h:103:25: error: &#39;PSCK&#39; was not declared in this scope
 #define APPEND_PIN(pin) P ## pin // Appends the pin to &#39;P&#39;, e.g. 1 becomes P1
                         ^
/home/ec2-user/arduino-testlib/cli-datadir/user/libraries/USB_Host_Shield_Library_2.0/usbhost.h:100:23: note: in expansion of macro &#39;APPEND_PIN&#39;
 #define PASTE(x, ...) x ## __VA_ARGS__
                       ^
/home/ec2-user/arduino-testlib/cli-datadir/user/libraries/USB_Host_Shield_Library_2.0/usbhost.h:101:34: note: in expansion of macro &#39;PASTE&#39;
 #define EVALUATING_PASTE(x, ...) PASTE(x, __VA_ARGS__)
                                  ^
/home/ec2-user/arduino-testlib/cli-datadir/user/libraries/USB_Host_Shield_Library_2.0/usbhost.h:104:21: note: in expansion of macro &#39;EVALUATING_PASTE&#39;
 #define MAKE_PIN(x) EVALUATING_PASTE(APPEND_, PIN(UNPAREN(x)))
                     ^
/home/ec2-user/arduino-testlib/cli-datadir/user/libraries/USB_Host_Shield_Library_2.0/usbhost.h:105:14: note: in expansion of macro &#39;MAKE_PIN&#39;
 typedef SPi&lt; MAKE_PIN(PIN_SPI_SCK), MAKE_PIN(PIN_SPI_MOSI), MAKE_PIN(PIN_SPI_MISO), MAKE_PIN(PIN_SPI_SS) &gt; spi;
              ^
/home/ec2-user/arduino-testlib/cli-datadir/user/libraries/USB_Host_Shield_Library_2.0/usbhost.h:103:25: error: &#39;PMOSI&#39; was not declared in this scope
 #define APPEND_PIN(pin) P ## pin // Appends the pin to &#39;P&#39;, e.g. 1 becomes P1
                         ^
/home/ec2-user/arduino-testlib/cli-datadir/user/libraries/USB_Host_Shield_Library_2.0/usbhost.h:100:23: note: in expansion of macro &#39;APPEND_PIN&#39;
 #define PASTE(x, ...) x ## __VA_ARGS__
                       ^
/home/ec2-user/arduino-testlib/cli-datadir/user/libraries/USB_Host_Shield_Library_2.0/usbhost.h:101:34: note: in expansion of macro &#39;PASTE&#39;
 #define EVALUATING_PASTE(x, ...) PASTE(x, __VA_ARGS__)
                                  ^
/home/ec2-user/arduino-testlib/cli-datadir/user/libraries/USB_Host_Shield_Library_2.0/usbhost.h:104:21: note: in expansion of macro &#39;EVALUATING_PASTE&#39;
 #define MAKE_PIN(x) EVALUATING_PASTE(APPEND_, PIN(UNPAREN(x)))
                     ^
/home/ec2-user/arduino-testlib/cli-datadir/user/libraries/USB_Host_Shield_Library_2.0/usbhost.h:105:37: note: in expansion of macro &#39;MAKE_PIN&#39;
 typedef SPi&lt; MAKE_PIN(PIN_SPI_SCK), MAKE_PIN(PIN_SPI_MOSI), MAKE_PIN(PIN_SPI_MISO), MAKE_PIN(PIN_SPI_SS) &gt; spi;
                                     ^
/home/ec2-user/arduino-testlib/cli-datadir/user/libraries/USB_Host_Shield_Library_2.0/usbhost.h:103:25: error: &#39;PMISO&#39; was not declared in this scope
 #define APPEND_PIN(pin) P ## pin // Appends the pin to &#39;P&#39;, e.g. 1 becomes P1
                         ^
/home/ec2-user/arduino-testlib/cli-datadir/user/libraries/USB_Host_Shield_Library_2.0/usbhost.h:100:23: note: in expansion of macro &#39;APPEND_PIN&#39;
 #define PASTE(x, ...) x ## __VA_ARGS__
                       ^
/home/ec2-user/arduino-testlib/cli-datadir/user/libraries/USB_Host_Shield_Library_2.0/usbhost.h:101:34: note: in expansion of macro &#39;PASTE&#39;
 #define EVALUATING_PASTE(x, ...) PASTE(x, __VA_ARGS__)
                                  ^
/home/ec2-user/arduino-testlib/cli-datadir/user/libraries/USB_Host_Shield_Library_2.0/usbhost.h:104:21: note: in expansion of macro &#39;EVALUATING_PASTE&#39;
 #define MAKE_PIN(x) EVALUATING_PASTE(APPEND_, PIN(UNPAREN(x)))
                     ^
/home/ec2-user/arduino-testlib/cli-datadir/user/libraries/USB_Host_Shield_Library_2.0/usbhost.h:105:61: note: in expansion of macro &#39;MAKE_PIN&#39;
 typedef SPi&lt; MAKE_PIN(PIN_SPI_SCK), MAKE_PIN(PIN_SPI_MOSI), MAKE_PIN(PIN_SPI_MISO), MAKE_PIN(PIN_SPI_SS) &gt; spi;
                                                             ^
/home/ec2-user/arduino-testlib/cli-datadir/user/libraries/USB_Host_Shield_Library_2.0/usbhost.h:103:25: error: &#39;PSS&#39; was not declared in this scope
 #define APPEND_PIN(pin) P ## pin // Appends the pin to &#39;P&#39;, e.g. 1 becomes P1
                         ^
/home/ec2-user/arduino-testlib/cli-datadir/user/libraries/USB_Host_Shield_Library_2.0/usbhost.h:100:23: note: in expansion of macro &#39;APPEND_PIN&#39;
 #define PASTE(x, ...) x ## __VA_ARGS__
                       ^
/home/ec2-user/arduino-testlib/cli-datadir/user/libraries/USB_Host_Shield_Library_2.0/usbhost.h:101:34: note: in expansion of macro &#39;PASTE&#39;
 #define EVALUATING_PASTE(x, ...) PASTE(x, __VA_ARGS__)
                                  ^
/home/ec2-user/arduino-testlib/cli-datadir/user/libraries/USB_Host_Shield_Library_2.0/usbhost.h:104:21: note: in expansion of macro &#39;EVALUATING_PASTE&#39;
 #define MAKE_PIN(x) EVALUATING_PASTE(APPEND_, PIN(UNPAREN(x)))
                     ^
/home/ec2-user/arduino-testlib/cli-datadir/user/libraries/USB_Host_Shield_Library_2.0/usbhost.h:105:85: note: in expansion of macro &#39;MAKE_PIN&#39;
 typedef SPi&lt; MAKE_PIN(PIN_SPI_SCK), MAKE_PIN(PIN_SPI_MOSI), MAKE_PIN(PIN_SPI_MISO), MAKE_PIN(PIN_SPI_SS) &gt; spi;
                                                                                     ^
/home/ec2-user/arduino-testlib/cli-datadir/user/libraries/USB_Host_Shield_Library_2.0/usbhost.h:105:106: error: template argument 1 is invalid
 typedef SPi&lt; MAKE_PIN(PIN_SPI_SCK), MAKE_PIN(PIN_SPI_MOSI), MAKE_PIN(PIN_SPI_MISO), MAKE_PIN(PIN_SPI_SS) &gt; spi;
                                                                                                          ^
/home/ec2-user/arduino-testlib/cli-datadir/user/libraries/USB_Host_Shield_Library_2.0/usbhost.h:105:106: error: template argument 2 is invalid
/home/ec2-user/arduino-testlib/cli-datadir/user/libraries/USB_Host_Shield_Library_2.0/usbhost.h:105:106: error: template argument 3 is invalid
/home/ec2-user/arduino-testlib/cli-datadir/user/libraries/USB_Host_Shield_Library_2.0/usbhost.h:105:106: error: template argument 4 is invalid
In file included from /home/ec2-user/arduino-testlib/cli-datadir/user/libraries/USB_Host_Shield_Library_2.0/Usb.h:43:0,
                 from /home/ec2-user/arduino-testlib/cli-datadir/user/libraries/USB_Host_Shield_Library_2.0/max_LCD.h:24,
                 from /home/ec2-user/arduino-testlib/cli-datadir/user/libraries/USB_Host_Shield_Library_2.0/examples/max_LCD/max_LCD.ino:6:
/home/ec2-user/arduino-testlib/cli-datadir/user/libraries/USB_Host_Shield_Library_2.0/usbhost.h: In member function &#39;int8_t MAX3421e&lt;SPI_SS, INTR&gt;::Init()&#39;:
/home/ec2-user/arduino-testlib/cli-datadir/user/libraries/USB_Host_Shield_Library_2.0/usbhost.h:432:18: error: qualified-id in declaration before &#39;(&#39; token
         spi::init();
                  ^
/home/ec2-user/arduino-testlib/cli-datadir/user/libraries/USB_Host_Shield_Library_2.0/usbhost.h: In member function &#39;int8_t MAX3421e&lt;SPI_SS, INTR&gt;::Init(int)&#39;:
/home/ec2-user/arduino-testlib/cli-datadir/user/libraries/USB_Host_Shield_Library_2.0/usbhost.h:469:18: error: qualified-id in declaration before &#39;(&#39; token
         spi::init();
                  ^

</pre>
					
					<h4>examples/pl2303</h4>
					<p>
						Result: <b>FAIL</b>
					</p>
					<pre class="pre-scrollable"></pre>
					
					<h4>examples/testusbhostFAT</h4>
					<p>
						Result: <b>FAIL</b>
					</p>
					<pre class="pre-scrollable">In file included from /home/ec2-user/arduino-testlib/cli-datadir/user/libraries/USB_Host_Shield_Library_2.0/Usb.h:34:0,
                 from /home/ec2-user/arduino-testlib/cli-datadir/user/libraries/USB_Host_Shield_Library_2.0/usbhub.h:20,
                 from /home/ec2-user/arduino-testlib/cli-datadir/user/libraries/USB_Host_Shield_Library_2.0/examples/testusbhostFAT/testusbhostFAT.ino:71:
/home/ec2-user/arduino-testlib/cli-datadir/user/libraries/USB_Host_Shield_Library_2.0/settings.h:140:18: fatal error: xmem.h: No such file or directory
compilation terminated.

</pre>
					
				
			</div>
		</div>
	</div>
  </body>
</html>
