
<!doctype html>
<html lang="en">
  <head>
    <meta charset="utf-8">
    <meta name="viewport" content="width=device-width, initial-scale=1">
    <link href="https://cdn.jsdelivr.net/npm/bootstrap@5.0.2/dist/css/bootstrap.min.css" rel="stylesheet" integrity="sha384-EVSTQN3/azprG1Anm3QDgpJLIm9Nao0Yz1ztcQTwFspd3yD65VohhpuuCOmLASjC" crossorigin="anonymous">
    <title>arduino-testlib report</title>
	<style>
	.pass { background-color: #00FF00 !important; }
	.fail { background-color: #FF0000 !important; }
	</style>
  </head>
  <body>
	<div class="container">
		<div class="row">
			<div class="col">
				<h1>UtilsBoards - compatibility matrix</h1>
				<p>
					<small>This report was generated on Monday, 21-Feb-22 12:00:25 CET using 
					<a href="https://github.com/alranel/arduino-testlib">arduino-testlib</a>.</small>
				</p>

				<h2>UtilsBoards</h2>
				<p>
					Version: <b>1.0.2</b>
					<br />
					<a href="https://www.arduino.cc/reference/en/libraries/utilsboards/">More details</a>
				</p>

				<h2>Compatibility matrix</h2>
				<table class="table table-bordered">
					<tr>
						<th>Board</th>
						<th>Claims compatibility</th>
						<th>Inclusion</th>
						
						<th><pre>BlinkInternal</pre></th>
						
						<th><pre>ScannerI2C</pre></th>
						
						<th><pre>WiFi</pre></th>
						
					</tr>
					
					<tr>
						<td>
							<a href="#arduino%3aavr%3auno"><b>arduino:avr:uno</b></a>
							<br />
							<small>1.8.4</small>
						</td>

						
						
						
							<td>Yes ⚠️</td>
							<td class="fail">FAIL</td>
						
						

						
							
								
									
										
											
											<td class="fail">FAIL</td>
										
									
										
									
										
									
								
							
								
							
								
							
								
							
								
							
						
							
								
									
										
									
										
											
											<td class="fail">FAIL</td>
										
									
										
									
								
							
								
							
								
							
								
							
								
							
						
							
								
									
										
									
										
									
										
											
											<td class="fail">FAIL</td>
										
									
								
							
								
							
								
							
								
							
								
							
						
					</tr>
					
					<tr>
						<td>
							<a href="#arduino%3ambed_nano%3ananorp2040connect"><b>arduino:mbed_nano:nanorp2040connect</b></a>
							<br />
							<small>2.7.2</small>
						</td>

						
						
						
							<td>Yes ⚠️</td>
							<td class="fail">FAIL</td>
						
						

						
							
								
							
								
									
										
											
											<td class="fail">FAIL</td>
										
									
										
									
										
									
								
							
								
							
								
							
								
							
						
							
								
							
								
									
										
									
										
											
											<td class="fail">FAIL</td>
										
									
										
									
								
							
								
							
								
							
								
							
						
							
								
							
								
									
										
									
										
									
										
											
											<td class="fail">FAIL</td>
										
									
								
							
								
							
								
							
								
							
						
					</tr>
					
					<tr>
						<td>
							<a href="#arduino%3amegaavr%3anona4809"><b>arduino:megaavr:nona4809</b></a>
							<br />
							<small>1.8.7</small>
						</td>

						
						
						
							<td>Yes ⚠️</td>
							<td class="fail">FAIL</td>
						
						

						
							
								
							
								
							
								
									
										
											
											<td class="fail">FAIL</td>
										
									
										
									
										
									
								
							
								
							
								
							
						
							
								
							
								
							
								
									
										
									
										
											
											<td class="fail">FAIL</td>
										
									
										
									
								
							
								
							
								
							
						
							
								
							
								
							
								
									
										
									
										
									
										
											
											<td class="fail">FAIL</td>
										
									
								
							
								
							
								
							
						
					</tr>
					
					<tr>
						<td>
							<a href="#arduino%3asamd%3amkrwifi1010"><b>arduino:samd:mkrwifi1010</b></a>
							<br />
							<small>1.8.12</small>
						</td>

						
						
						
							<td>Yes ⚠️</td>
							<td class="fail">FAIL</td>
						
						

						
							
								
							
								
							
								
							
								
									
										
											
											<td class="fail">FAIL</td>
										
									
										
									
										
									
								
							
								
							
						
							
								
							
								
							
								
							
								
									
										
									
										
											
											<td class="fail">FAIL</td>
										
									
										
									
								
							
								
							
						
							
								
							
								
							
								
							
								
									
										
									
										
									
										
											
											<td class="fail">FAIL</td>
										
									
								
							
								
							
						
					</tr>
					
					<tr>
						<td>
							<a href="#esp32%3aesp32%3ad1_mini32"><b>esp32:esp32:d1_mini32</b></a>
							<br />
							<small>1.0.6</small>
						</td>

						
						
						
							<td>Yes ⚠️</td>
							<td class="fail">FAIL</td>
						
						

						
							
								
							
								
							
								
							
								
							
								
									
										
											
											<td class="fail">FAIL</td>
										
									
										
									
										
									
								
							
						
							
								
							
								
							
								
							
								
							
								
									
										
									
										
											
											<td class="fail">FAIL</td>
										
									
										
									
								
							
						
							
								
							
								
							
								
							
								
							
								
									
										
									
										
									
										
											
											<td class="fail">FAIL</td>
										
									
								
							
						
					</tr>
					
				</table>

				<h2>Compilation logs</h2>
				
				<h3 id="arduino:avr:uno">arduino:avr:uno @ 1.8.4</h3>
				<h4>Inclusion</h4>
				<p>
					Result: <b>FAIL</b>
					
				</p>
				<pre class="pre-scrollable">/home/ec2-user/arduino-testlib/cli-datadir/user/libraries/UtilsBoards/src/UtilsBoards.cpp: In function &#39;bool waitAndReset(int&amp;, bool, Print&amp;, bool)&#39;:
/home/ec2-user/arduino-testlib/cli-datadir/user/libraries/UtilsBoards/src/UtilsBoards.cpp:56:4: error: &#39;ESP&#39; was not declared in this scope
    ESP.restart();
    ^~~
/home/ec2-user/arduino-testlib/cli-datadir/user/libraries/UtilsBoards/src/UtilsBoards.cpp:56:4: note: suggested alternative: &#39;SP&#39;
    ESP.restart();
    ^~~
    SP
/home/ec2-user/arduino-testlib/cli-datadir/user/libraries/UtilsBoards/src/UtilsBoards.cpp: In function &#39;bool initWiFi(const char*, const char*, bool, bool, const char*, Print&amp;)&#39;:
/home/ec2-user/arduino-testlib/cli-datadir/user/libraries/UtilsBoards/src/UtilsBoards.cpp:78:2: error: &#39;WiFi&#39; was not declared in this scope
  WiFi.disconnect();
  ^~~~
/home/ec2-user/arduino-testlib/cli-datadir/user/libraries/UtilsBoards/src/UtilsBoards.cpp:79:13: error: &#39;WIFI_STA&#39; was not declared in this scope
  WiFi.mode( WIFI_STA );
             ^~~~~~~~
/home/ec2-user/arduino-testlib/cli-datadir/user/libraries/UtilsBoards/src/UtilsBoards.cpp:98:25: error: &#39;WL_CONNECTED&#39; was not declared in this scope
  while ( WiFi.status()!=WL_CONNECTED ) {
                         ^~~~~~~~~~~~
/home/ec2-user/arduino-testlib/cli-datadir/user/libraries/UtilsBoards/src/UtilsBoards.cpp: In function &#39;bool initWiFi(PtrWiFiMultiEntry, int, bool, bool, const char*, Print&amp;)&#39;:
/home/ec2-user/arduino-testlib/cli-datadir/user/libraries/UtilsBoards/src/UtilsBoards.cpp:132:2: error: &#39;WiFi&#39; was not declared in this scope
  WiFi.disconnect();
  ^~~~
/home/ec2-user/arduino-testlib/cli-datadir/user/libraries/UtilsBoards/src/UtilsBoards.cpp:133:13: error: &#39;WIFI_STA&#39; was not declared in this scope
  WiFi.mode( WIFI_STA );
             ^~~~~~~~
/home/ec2-user/arduino-testlib/cli-datadir/user/libraries/UtilsBoards/src/UtilsBoards.cpp:135:12: error: variable or field &#39;wifiMulti&#39; declared void
  WiFiMulti wifiMulti;
            ^~~~~~~~~
/home/ec2-user/arduino-testlib/cli-datadir/user/libraries/UtilsBoards/src/UtilsBoards.cpp:139:3: error: &#39;wifiMulti&#39; was not declared in this scope
   wifiMulti.addAP( creds[ idxCreds ].ssid, creds[ idxCreds ].password );
   ^~~~~~~~~
/home/ec2-user/arduino-testlib/cli-datadir/user/libraries/UtilsBoards/src/UtilsBoards.cpp:139:3: note: suggested alternative: &#39;WiFiMulti&#39;
   wifiMulti.addAP( creds[ idxCreds ].ssid, creds[ idxCreds ].password );
   ^~~~~~~~~
   WiFiMulti
/home/ec2-user/arduino-testlib/cli-datadir/user/libraries/UtilsBoards/src/UtilsBoards.cpp:159:10: error: &#39;wifiMulti&#39; was not declared in this scope
  while ( wifiMulti.run()!=WL_CONNECTED ) {
          ^~~~~~~~~
/home/ec2-user/arduino-testlib/cli-datadir/user/libraries/UtilsBoards/src/UtilsBoards.cpp:159:10: note: suggested alternative: &#39;WiFiMulti&#39;
  while ( wifiMulti.run()!=WL_CONNECTED ) {
          ^~~~~~~~~
          WiFiMulti
/home/ec2-user/arduino-testlib/cli-datadir/user/libraries/UtilsBoards/src/UtilsBoards.cpp:159:27: error: &#39;WL_CONNECTED&#39; was not declared in this scope
  while ( wifiMulti.run()!=WL_CONNECTED ) {
                           ^~~~~~~~~~~~
Multiple libraries were found for &#34;Utils.h&#34;
  Used: /home/ec2-user/arduino-testlib/cli-datadir/user/libraries/Utils
  Not used: /home/ec2-user/arduino-testlib/cli-datadir/user/libraries/HomeSpan
  Not used: /home/ec2-user/arduino-testlib/cli-datadir/user/libraries/HaLake-M5Stack-Library
  Not used: /home/ec2-user/arduino-testlib/cli-datadir/user/libraries/Sodaq_RN2483
  Not used: /home/ec2-user/arduino-testlib/cli-datadir/user/libraries/LiveObjectsSDK
  Not used: /home/ec2-user/arduino-testlib/cli-datadir/user/libraries/Firebase_Arduino_Client_Library_for_ESP8266_and_ESP32
  Not used: /home/ec2-user/arduino-testlib/cli-datadir/user/libraries/AllThingsTalk_LTE-M_SDK
  Not used: /home/ec2-user/arduino-testlib/cli-datadir/user/libraries/AllThingsTalk_LoRaWAN_SDK
  Not used: /home/ec2-user/arduino-testlib/cli-datadir/user/libraries/AWS-SDK-ESP8266
  Not used: /home/ec2-user/arduino-testlib/cli-datadir/user/libraries/Firebase_ESP32_Client
  Not used: /home/ec2-user/arduino-testlib/cli-datadir/user/libraries/Firebase_ESP8266_Client
  Not used: /home/ec2-user/arduino-testlib/cli-datadir/user/libraries/Koyn
  Not used: /home/ec2-user/arduino-testlib/cli-datadir/user/libraries/AzureIoTHubMQTTClient
  Not used: /home/ec2-user/arduino-testlib/cli-datadir/user/libraries/Grafici-GFX
</pre>

					
					<h4>examples/BlinkInternal</h4>
					<p>
						Result: <b>FAIL</b>
					</p>
					<pre class="pre-scrollable">/home/ec2-user/arduino-testlib/cli-datadir/user/libraries/UtilsBoards/src/UtilsBoards.cpp: In function &#39;bool waitAndReset(int&amp;, bool, Print&amp;, bool)&#39;:
/home/ec2-user/arduino-testlib/cli-datadir/user/libraries/UtilsBoards/src/UtilsBoards.cpp:56:4: error: &#39;ESP&#39; was not declared in this scope
    ESP.restart();
    ^~~
/home/ec2-user/arduino-testlib/cli-datadir/user/libraries/UtilsBoards/src/UtilsBoards.cpp:56:4: note: suggested alternative: &#39;SP&#39;
    ESP.restart();
    ^~~
    SP
/home/ec2-user/arduino-testlib/cli-datadir/user/libraries/UtilsBoards/src/UtilsBoards.cpp: In function &#39;bool initWiFi(const char*, const char*, bool, bool, const char*, Print&amp;)&#39;:
/home/ec2-user/arduino-testlib/cli-datadir/user/libraries/UtilsBoards/src/UtilsBoards.cpp:78:2: error: &#39;WiFi&#39; was not declared in this scope
  WiFi.disconnect();
  ^~~~
/home/ec2-user/arduino-testlib/cli-datadir/user/libraries/UtilsBoards/src/UtilsBoards.cpp:79:13: error: &#39;WIFI_STA&#39; was not declared in this scope
  WiFi.mode( WIFI_STA );
             ^~~~~~~~
/home/ec2-user/arduino-testlib/cli-datadir/user/libraries/UtilsBoards/src/UtilsBoards.cpp:98:25: error: &#39;WL_CONNECTED&#39; was not declared in this scope
  while ( WiFi.status()!=WL_CONNECTED ) {
                         ^~~~~~~~~~~~
/home/ec2-user/arduino-testlib/cli-datadir/user/libraries/UtilsBoards/src/UtilsBoards.cpp: In function &#39;bool initWiFi(PtrWiFiMultiEntry, int, bool, bool, const char*, Print&amp;)&#39;:
/home/ec2-user/arduino-testlib/cli-datadir/user/libraries/UtilsBoards/src/UtilsBoards.cpp:132:2: error: &#39;WiFi&#39; was not declared in this scope
  WiFi.disconnect();
  ^~~~
/home/ec2-user/arduino-testlib/cli-datadir/user/libraries/UtilsBoards/src/UtilsBoards.cpp:133:13: error: &#39;WIFI_STA&#39; was not declared in this scope
  WiFi.mode( WIFI_STA );
             ^~~~~~~~
/home/ec2-user/arduino-testlib/cli-datadir/user/libraries/UtilsBoards/src/UtilsBoards.cpp:135:12: error: variable or field &#39;wifiMulti&#39; declared void
  WiFiMulti wifiMulti;
            ^~~~~~~~~
/home/ec2-user/arduino-testlib/cli-datadir/user/libraries/UtilsBoards/src/UtilsBoards.cpp:139:3: error: &#39;wifiMulti&#39; was not declared in this scope
   wifiMulti.addAP( creds[ idxCreds ].ssid, creds[ idxCreds ].password );
   ^~~~~~~~~
/home/ec2-user/arduino-testlib/cli-datadir/user/libraries/UtilsBoards/src/UtilsBoards.cpp:139:3: note: suggested alternative: &#39;WiFiMulti&#39;
   wifiMulti.addAP( creds[ idxCreds ].ssid, creds[ idxCreds ].password );
   ^~~~~~~~~
   WiFiMulti
/home/ec2-user/arduino-testlib/cli-datadir/user/libraries/UtilsBoards/src/UtilsBoards.cpp:159:10: error: &#39;wifiMulti&#39; was not declared in this scope
  while ( wifiMulti.run()!=WL_CONNECTED ) {
          ^~~~~~~~~
/home/ec2-user/arduino-testlib/cli-datadir/user/libraries/UtilsBoards/src/UtilsBoards.cpp:159:10: note: suggested alternative: &#39;WiFiMulti&#39;
  while ( wifiMulti.run()!=WL_CONNECTED ) {
          ^~~~~~~~~
          WiFiMulti
/home/ec2-user/arduino-testlib/cli-datadir/user/libraries/UtilsBoards/src/UtilsBoards.cpp:159:27: error: &#39;WL_CONNECTED&#39; was not declared in this scope
  while ( wifiMulti.run()!=WL_CONNECTED ) {
                           ^~~~~~~~~~~~
Multiple libraries were found for &#34;Utils.h&#34;
  Used: /home/ec2-user/arduino-testlib/cli-datadir/user/libraries/Utils
  Not used: /home/ec2-user/arduino-testlib/cli-datadir/user/libraries/LiveObjectsSDK
  Not used: /home/ec2-user/arduino-testlib/cli-datadir/user/libraries/AllThingsTalk_LTE-M_SDK
  Not used: /home/ec2-user/arduino-testlib/cli-datadir/user/libraries/Firebase_ESP32_Client
  Not used: /home/ec2-user/arduino-testlib/cli-datadir/user/libraries/AWS-SDK-ESP8266
  Not used: /home/ec2-user/arduino-testlib/cli-datadir/user/libraries/HomeSpan
  Not used: /home/ec2-user/arduino-testlib/cli-datadir/user/libraries/AllThingsTalk_LoRaWAN_SDK
  Not used: /home/ec2-user/arduino-testlib/cli-datadir/user/libraries/AzureIoTHubMQTTClient
  Not used: /home/ec2-user/arduino-testlib/cli-datadir/user/libraries/Firebase_Arduino_Client_Library_for_ESP8266_and_ESP32
  Not used: /home/ec2-user/arduino-testlib/cli-datadir/user/libraries/Koyn
  Not used: /home/ec2-user/arduino-testlib/cli-datadir/user/libraries/Sodaq_RN2483
  Not used: /home/ec2-user/arduino-testlib/cli-datadir/user/libraries/Grafici-GFX
  Not used: /home/ec2-user/arduino-testlib/cli-datadir/user/libraries/HaLake-M5Stack-Library
  Not used: /home/ec2-user/arduino-testlib/cli-datadir/user/libraries/Firebase_ESP8266_Client
</pre>
					
					<h4>examples/ScannerI2C</h4>
					<p>
						Result: <b>FAIL</b>
					</p>
					<pre class="pre-scrollable">/home/ec2-user/arduino-testlib/cli-datadir/user/libraries/UtilsBoards/examples/ScannerI2C/ScannerI2C.ino: In function &#39;void setup()&#39;:
/home/ec2-user/arduino-testlib/cli-datadir/user/libraries/UtilsBoards/examples/ScannerI2C/ScannerI2C.ino:47:23: error: no matching function for call to &#39;TwoWire::begin(const uint8_t&amp;, const uint8_t&amp;)&#39;
  Wire.begin( SDA, SCL );
                       ^
In file included from /home/ec2-user/arduino-testlib/cli-datadir/user/libraries/UtilsBoards/src/UtilsI2C.h:6:0,
                 from /home/ec2-user/arduino-testlib/cli-datadir/user/libraries/UtilsBoards/examples/ScannerI2C/ScannerI2C.ino:27:
/home/ec2-user/arduino-testlib/cli-datadir/data/packages/arduino/hardware/avr/1.8.4/libraries/Wire/src/Wire.h:53:10: note: candidate: void TwoWire::begin()
     void begin();
          ^~~~~
/home/ec2-user/arduino-testlib/cli-datadir/data/packages/arduino/hardware/avr/1.8.4/libraries/Wire/src/Wire.h:53:10: note:   candidate expects 0 arguments, 2 provided
/home/ec2-user/arduino-testlib/cli-datadir/data/packages/arduino/hardware/avr/1.8.4/libraries/Wire/src/Wire.h:54:10: note: candidate: void TwoWire::begin(uint8_t)
     void begin(uint8_t);
          ^~~~~
/home/ec2-user/arduino-testlib/cli-datadir/data/packages/arduino/hardware/avr/1.8.4/libraries/Wire/src/Wire.h:54:10: note:   candidate expects 1 argument, 2 provided
/home/ec2-user/arduino-testlib/cli-datadir/data/packages/arduino/hardware/avr/1.8.4/libraries/Wire/src/Wire.h:55:10: note: candidate: void TwoWire::begin(int)
     void begin(int);
          ^~~~~
/home/ec2-user/arduino-testlib/cli-datadir/data/packages/arduino/hardware/avr/1.8.4/libraries/Wire/src/Wire.h:55:10: note:   candidate expects 1 argument, 2 provided
Multiple libraries were found for &#34;Utils.h&#34;
  Used: /home/ec2-user/arduino-testlib/cli-datadir/user/libraries/Utils
  Not used: /home/ec2-user/arduino-testlib/cli-datadir/user/libraries/Firebase_ESP8266_Client
  Not used: /home/ec2-user/arduino-testlib/cli-datadir/user/libraries/Sodaq_RN2483
  Not used: /home/ec2-user/arduino-testlib/cli-datadir/user/libraries/AWS-SDK-ESP8266
  Not used: /home/ec2-user/arduino-testlib/cli-datadir/user/libraries/HaLake-M5Stack-Library
  Not used: /home/ec2-user/arduino-testlib/cli-datadir/user/libraries/AllThingsTalk_LoRaWAN_SDK
  Not used: /home/ec2-user/arduino-testlib/cli-datadir/user/libraries/AzureIoTHubMQTTClient
  Not used: /home/ec2-user/arduino-testlib/cli-datadir/user/libraries/Firebase_ESP32_Client
  Not used: /home/ec2-user/arduino-testlib/cli-datadir/user/libraries/AllThingsTalk_LTE-M_SDK
  Not used: /home/ec2-user/arduino-testlib/cli-datadir/user/libraries/HomeSpan
  Not used: /home/ec2-user/arduino-testlib/cli-datadir/user/libraries/Koyn
  Not used: /home/ec2-user/arduino-testlib/cli-datadir/user/libraries/LiveObjectsSDK
  Not used: /home/ec2-user/arduino-testlib/cli-datadir/user/libraries/Firebase_Arduino_Client_Library_for_ESP8266_and_ESP32
  Not used: /home/ec2-user/arduino-testlib/cli-datadir/user/libraries/Grafici-GFX
</pre>
					
					<h4>examples/WiFi</h4>
					<p>
						Result: <b>FAIL</b>
					</p>
					<pre class="pre-scrollable">/home/ec2-user/arduino-testlib/cli-datadir/user/libraries/UtilsBoards/src/UtilsBoards.cpp: In function &#39;bool waitAndReset(int&amp;, bool, Print&amp;, bool)&#39;:
/home/ec2-user/arduino-testlib/cli-datadir/user/libraries/UtilsBoards/src/UtilsBoards.cpp:56:4: error: &#39;ESP&#39; was not declared in this scope
    ESP.restart();
    ^~~
/home/ec2-user/arduino-testlib/cli-datadir/user/libraries/UtilsBoards/src/UtilsBoards.cpp:56:4: note: suggested alternative: &#39;SP&#39;
    ESP.restart();
    ^~~
    SP
/home/ec2-user/arduino-testlib/cli-datadir/user/libraries/UtilsBoards/src/UtilsBoards.cpp: In function &#39;bool initWiFi(const char*, const char*, bool, bool, const char*, Print&amp;)&#39;:
/home/ec2-user/arduino-testlib/cli-datadir/user/libraries/UtilsBoards/src/UtilsBoards.cpp:78:2: error: &#39;WiFi&#39; was not declared in this scope
  WiFi.disconnect();
  ^~~~
/home/ec2-user/arduino-testlib/cli-datadir/user/libraries/UtilsBoards/src/UtilsBoards.cpp:79:13: error: &#39;WIFI_STA&#39; was not declared in this scope
  WiFi.mode( WIFI_STA );
             ^~~~~~~~
/home/ec2-user/arduino-testlib/cli-datadir/user/libraries/UtilsBoards/src/UtilsBoards.cpp:98:25: error: &#39;WL_CONNECTED&#39; was not declared in this scope
  while ( WiFi.status()!=WL_CONNECTED ) {
                         ^~~~~~~~~~~~
/home/ec2-user/arduino-testlib/cli-datadir/user/libraries/UtilsBoards/src/UtilsBoards.cpp: In function &#39;bool initWiFi(PtrWiFiMultiEntry, int, bool, bool, const char*, Print&amp;)&#39;:
/home/ec2-user/arduino-testlib/cli-datadir/user/libraries/UtilsBoards/src/UtilsBoards.cpp:132:2: error: &#39;WiFi&#39; was not declared in this scope
  WiFi.disconnect();
  ^~~~
/home/ec2-user/arduino-testlib/cli-datadir/user/libraries/UtilsBoards/src/UtilsBoards.cpp:133:13: error: &#39;WIFI_STA&#39; was not declared in this scope
  WiFi.mode( WIFI_STA );
             ^~~~~~~~
/home/ec2-user/arduino-testlib/cli-datadir/user/libraries/UtilsBoards/src/UtilsBoards.cpp:135:12: error: variable or field &#39;wifiMulti&#39; declared void
  WiFiMulti wifiMulti;
            ^~~~~~~~~
/home/ec2-user/arduino-testlib/cli-datadir/user/libraries/UtilsBoards/src/UtilsBoards.cpp:139:3: error: &#39;wifiMulti&#39; was not declared in this scope
   wifiMulti.addAP( creds[ idxCreds ].ssid, creds[ idxCreds ].password );
   ^~~~~~~~~
/home/ec2-user/arduino-testlib/cli-datadir/user/libraries/UtilsBoards/src/UtilsBoards.cpp:139:3: note: suggested alternative: &#39;WiFiMulti&#39;
   wifiMulti.addAP( creds[ idxCreds ].ssid, creds[ idxCreds ].password );
   ^~~~~~~~~
   WiFiMulti
/home/ec2-user/arduino-testlib/cli-datadir/user/libraries/UtilsBoards/src/UtilsBoards.cpp:159:10: error: &#39;wifiMulti&#39; was not declared in this scope
  while ( wifiMulti.run()!=WL_CONNECTED ) {
          ^~~~~~~~~
/home/ec2-user/arduino-testlib/cli-datadir/user/libraries/UtilsBoards/src/UtilsBoards.cpp:159:10: note: suggested alternative: &#39;WiFiMulti&#39;
  while ( wifiMulti.run()!=WL_CONNECTED ) {
          ^~~~~~~~~
          WiFiMulti
/home/ec2-user/arduino-testlib/cli-datadir/user/libraries/UtilsBoards/src/UtilsBoards.cpp:159:27: error: &#39;WL_CONNECTED&#39; was not declared in this scope
  while ( wifiMulti.run()!=WL_CONNECTED ) {
                           ^~~~~~~~~~~~
Multiple libraries were found for &#34;Utils.h&#34;
  Used: /home/ec2-user/arduino-testlib/cli-datadir/user/libraries/Utils
  Not used: /home/ec2-user/arduino-testlib/cli-datadir/user/libraries/Firebase_ESP32_Client
  Not used: /home/ec2-user/arduino-testlib/cli-datadir/user/libraries/AzureIoTHubMQTTClient
  Not used: /home/ec2-user/arduino-testlib/cli-datadir/user/libraries/AllThingsTalk_LoRaWAN_SDK
  Not used: /home/ec2-user/arduino-testlib/cli-datadir/user/libraries/Firebase_Arduino_Client_Library_for_ESP8266_and_ESP32
  Not used: /home/ec2-user/arduino-testlib/cli-datadir/user/libraries/LiveObjectsSDK
  Not used: /home/ec2-user/arduino-testlib/cli-datadir/user/libraries/HomeSpan
  Not used: /home/ec2-user/arduino-testlib/cli-datadir/user/libraries/Firebase_ESP8266_Client
  Not used: /home/ec2-user/arduino-testlib/cli-datadir/user/libraries/Koyn
  Not used: /home/ec2-user/arduino-testlib/cli-datadir/user/libraries/Sodaq_RN2483
  Not used: /home/ec2-user/arduino-testlib/cli-datadir/user/libraries/Grafici-GFX
  Not used: /home/ec2-user/arduino-testlib/cli-datadir/user/libraries/AllThingsTalk_LTE-M_SDK
  Not used: /home/ec2-user/arduino-testlib/cli-datadir/user/libraries/HaLake-M5Stack-Library
  Not used: /home/ec2-user/arduino-testlib/cli-datadir/user/libraries/AWS-SDK-ESP8266
</pre>
					
				
				<h3 id="arduino:mbed_nano:nanorp2040connect">arduino:mbed_nano:nanorp2040connect @ 2.7.2</h3>
				<h4>Inclusion</h4>
				<p>
					Result: <b>FAIL</b>
					
				</p>
				<pre class="pre-scrollable">Multiple libraries were found for &#34;Utils.h&#34;
  Used: /home/ec2-user/arduino-testlib/cli-datadir/user/libraries/Utils
  Not used: /home/ec2-user/arduino-testlib/cli-datadir/user/libraries/Firebase_Arduino_Client_Library_for_ESP8266_and_ESP32
  Not used: /home/ec2-user/arduino-testlib/cli-datadir/user/libraries/Firebase_ESP32_Client
  Not used: /home/ec2-user/arduino-testlib/cli-datadir/user/libraries/HomeSpan
  Not used: /home/ec2-user/arduino-testlib/cli-datadir/user/libraries/Firebase_ESP8266_Client
  Not used: /home/ec2-user/arduino-testlib/cli-datadir/user/libraries/AllThingsTalk_LoRaWAN_SDK
  Not used: /home/ec2-user/arduino-testlib/cli-datadir/user/libraries/Sodaq_RN2483
  Not used: /home/ec2-user/arduino-testlib/cli-datadir/user/libraries/LiveObjectsSDK
  Not used: /home/ec2-user/arduino-testlib/cli-datadir/user/libraries/AWS-SDK-ESP8266
  Not used: /home/ec2-user/arduino-testlib/cli-datadir/user/libraries/Grafici-GFX
  Not used: /home/ec2-user/arduino-testlib/cli-datadir/user/libraries/AllThingsTalk_LTE-M_SDK
  Not used: /home/ec2-user/arduino-testlib/cli-datadir/user/libraries/AzureIoTHubMQTTClient
  Not used: /home/ec2-user/arduino-testlib/cli-datadir/user/libraries/Koyn
  Not used: /home/ec2-user/arduino-testlib/cli-datadir/user/libraries/HaLake-M5Stack-Library
</pre>

					
					<h4>examples/BlinkInternal</h4>
					<p>
						Result: <b>FAIL</b>
					</p>
					<pre class="pre-scrollable">/home/ec2-user/arduino-testlib/cli-datadir/user/libraries/Utils/src/Utils.cpp: In function &#39;void myPrintf(const char*, ...)&#39;:
/home/ec2-user/arduino-testlib/cli-datadir/user/libraries/Utils/src/Utils.cpp:8:2: error: &#39;va_start&#39; was not declared in this scope
  va_start( args, sFmt );
  ^~~~~~~~
/home/ec2-user/arduino-testlib/cli-datadir/user/libraries/Utils/src/Utils.cpp:8:2: note: suggested alternative: &#39;stat&#39;
  va_start( args, sFmt );
  ^~~~~~~~
  stat
/home/ec2-user/arduino-testlib/cli-datadir/user/libraries/Utils/src/Utils.cpp:10:2: error: &#39;va_end&#39; was not declared in this scope
  va_end( args );
  ^~~~~~
/home/ec2-user/arduino-testlib/cli-datadir/user/libraries/Utils/src/Utils.cpp:10:2: note: suggested alternative: &#39;rand&#39;
  va_end( args );
  ^~~~~~
  rand
/home/ec2-user/arduino-testlib/cli-datadir/user/libraries/Utils/src/Utils.cpp: In function &#39;void myPrintf(const arduino::String&amp;, ...)&#39;:
/home/ec2-user/arduino-testlib/cli-datadir/user/libraries/Utils/src/Utils.cpp:22:2: error: &#39;va_start&#39; was not declared in this scope
  va_start( args, sFmt.c_str() );
  ^~~~~~~~
/home/ec2-user/arduino-testlib/cli-datadir/user/libraries/Utils/src/Utils.cpp:22:2: note: suggested alternative: &#39;stat&#39;
  va_start( args, sFmt.c_str() );
  ^~~~~~~~
  stat
/home/ec2-user/arduino-testlib/cli-datadir/user/libraries/Utils/src/Utils.cpp:24:2: error: &#39;va_end&#39; was not declared in this scope
  va_end( args );
  ^~~~~~
/home/ec2-user/arduino-testlib/cli-datadir/user/libraries/Utils/src/Utils.cpp:24:2: note: suggested alternative: &#39;rand&#39;
  va_end( args );
  ^~~~~~
  rand
/home/ec2-user/arduino-testlib/cli-datadir/user/libraries/Utils/src/Utils.cpp: In function &#39;void myPrintf(arduino::Print&amp;, const char*, ...)&#39;:
/home/ec2-user/arduino-testlib/cli-datadir/user/libraries/Utils/src/Utils.cpp:35:2: error: &#39;va_start&#39; was not declared in this scope
  va_start( args, sFmt );
  ^~~~~~~~
/home/ec2-user/arduino-testlib/cli-datadir/user/libraries/Utils/src/Utils.cpp:35:2: note: suggested alternative: &#39;stat&#39;
  va_start( args, sFmt );
  ^~~~~~~~
  stat
/home/ec2-user/arduino-testlib/cli-datadir/user/libraries/Utils/src/Utils.cpp:37:2: error: &#39;va_end&#39; was not declared in this scope
  va_end( args );
  ^~~~~~
/home/ec2-user/arduino-testlib/cli-datadir/user/libraries/Utils/src/Utils.cpp:37:2: note: suggested alternative: &#39;rand&#39;
  va_end( args );
  ^~~~~~
  rand
/home/ec2-user/arduino-testlib/cli-datadir/user/libraries/Utils/src/Utils.cpp: In function &#39;void myPrintf(arduino::Print&amp;, const arduino::String&amp;, ...)&#39;:
/home/ec2-user/arduino-testlib/cli-datadir/user/libraries/Utils/src/Utils.cpp:49:2: error: &#39;va_start&#39; was not declared in this scope
  va_start( args, sFmt.c_str() );
  ^~~~~~~~
/home/ec2-user/arduino-testlib/cli-datadir/user/libraries/Utils/src/Utils.cpp:49:2: note: suggested alternative: &#39;stat&#39;
  va_start( args, sFmt.c_str() );
  ^~~~~~~~
  stat
/home/ec2-user/arduino-testlib/cli-datadir/user/libraries/Utils/src/Utils.cpp:51:2: error: &#39;va_end&#39; was not declared in this scope
  va_end( args );
  ^~~~~~
/home/ec2-user/arduino-testlib/cli-datadir/user/libraries/Utils/src/Utils.cpp:51:2: note: suggested alternative: &#39;rand&#39;
  va_end( args );
  ^~~~~~
  rand
/home/ec2-user/arduino-testlib/cli-datadir/user/libraries/Utils/src/Utils.cpp: In function &#39;char* format(const char*, ...)&#39;:
/home/ec2-user/arduino-testlib/cli-datadir/user/libraries/Utils/src/Utils.cpp:62:2: error: &#39;va_start&#39; was not declared in this scope
  va_start( args, sFmt );
  ^~~~~~~~
/home/ec2-user/arduino-testlib/cli-datadir/user/libraries/Utils/src/Utils.cpp:62:2: note: suggested alternative: &#39;stat&#39;
  va_start( args, sFmt );
  ^~~~~~~~
  stat
/home/ec2-user/arduino-testlib/cli-datadir/user/libraries/Utils/src/Utils.cpp:65:2: error: &#39;va_end&#39; was not declared in this scope
  va_end( args );
  ^~~~~~
/home/ec2-user/arduino-testlib/cli-datadir/user/libraries/Utils/src/Utils.cpp:65:2: note: suggested alternative: &#39;rand&#39;
  va_end( args );
  ^~~~~~
  rand
Multiple libraries were found for &#34;Utils.h&#34;
  Used: /home/ec2-user/arduino-testlib/cli-datadir/user/libraries/Utils
  Not used: /home/ec2-user/arduino-testlib/cli-datadir/user/libraries/AzureIoTHubMQTTClient
  Not used: /home/ec2-user/arduino-testlib/cli-datadir/user/libraries/Firebase_ESP8266_Client
  Not used: /home/ec2-user/arduino-testlib/cli-datadir/user/libraries/HomeSpan
  Not used: /home/ec2-user/arduino-testlib/cli-datadir/user/libraries/Koyn
  Not used: /home/ec2-user/arduino-testlib/cli-datadir/user/libraries/Grafici-GFX
  Not used: /home/ec2-user/arduino-testlib/cli-datadir/user/libraries/Firebase_ESP32_Client
  Not used: /home/ec2-user/arduino-testlib/cli-datadir/user/libraries/LiveObjectsSDK
  Not used: /home/ec2-user/arduino-testlib/cli-datadir/user/libraries/AllThingsTalk_LoRaWAN_SDK
  Not used: /home/ec2-user/arduino-testlib/cli-datadir/user/libraries/Sodaq_RN2483
  Not used: /home/ec2-user/arduino-testlib/cli-datadir/user/libraries/AWS-SDK-ESP8266
  Not used: /home/ec2-user/arduino-testlib/cli-datadir/user/libraries/Firebase_Arduino_Client_Library_for_ESP8266_and_ESP32
  Not used: /home/ec2-user/arduino-testlib/cli-datadir/user/libraries/AllThingsTalk_LTE-M_SDK
  Not used: /home/ec2-user/arduino-testlib/cli-datadir/user/libraries/HaLake-M5Stack-Library
</pre>
					
					<h4>examples/ScannerI2C</h4>
					<p>
						Result: <b>FAIL</b>
					</p>
					<pre class="pre-scrollable">/home/ec2-user/arduino-testlib/cli-datadir/user/libraries/UtilsBoards/examples/ScannerI2C/ScannerI2C.ino: In function &#39;void setup()&#39;:
/home/ec2-user/arduino-testlib/cli-datadir/user/libraries/UtilsBoards/examples/ScannerI2C/ScannerI2C.ino:47:14: error: &#39;SDA&#39; was not declared in this scope
  Wire.begin( SDA, SCL );
              ^~~
/home/ec2-user/arduino-testlib/cli-datadir/user/libraries/UtilsBoards/examples/ScannerI2C/ScannerI2C.ino:47:19: error: &#39;SCL&#39; was not declared in this scope
  Wire.begin( SDA, SCL );
                   ^~~
/home/ec2-user/arduino-testlib/cli-datadir/user/libraries/UtilsBoards/examples/ScannerI2C/ScannerI2C.ino:47:19: note: suggested alternative: &#39;SCK&#39;
  Wire.begin( SDA, SCL );
                   ^~~
                   SCK
Multiple libraries were found for &#34;Utils.h&#34;
  Used: /home/ec2-user/arduino-testlib/cli-datadir/user/libraries/Utils
  Not used: /home/ec2-user/arduino-testlib/cli-datadir/user/libraries/HaLake-M5Stack-Library
  Not used: /home/ec2-user/arduino-testlib/cli-datadir/user/libraries/AWS-SDK-ESP8266
  Not used: /home/ec2-user/arduino-testlib/cli-datadir/user/libraries/AllThingsTalk_LTE-M_SDK
  Not used: /home/ec2-user/arduino-testlib/cli-datadir/user/libraries/Sodaq_RN2483
  Not used: /home/ec2-user/arduino-testlib/cli-datadir/user/libraries/HomeSpan
  Not used: /home/ec2-user/arduino-testlib/cli-datadir/user/libraries/Firebase_ESP8266_Client
  Not used: /home/ec2-user/arduino-testlib/cli-datadir/user/libraries/Firebase_Arduino_Client_Library_for_ESP8266_and_ESP32
  Not used: /home/ec2-user/arduino-testlib/cli-datadir/user/libraries/Firebase_ESP32_Client
  Not used: /home/ec2-user/arduino-testlib/cli-datadir/user/libraries/AzureIoTHubMQTTClient
  Not used: /home/ec2-user/arduino-testlib/cli-datadir/user/libraries/Koyn
  Not used: /home/ec2-user/arduino-testlib/cli-datadir/user/libraries/LiveObjectsSDK
  Not used: /home/ec2-user/arduino-testlib/cli-datadir/user/libraries/Grafici-GFX
  Not used: /home/ec2-user/arduino-testlib/cli-datadir/user/libraries/AllThingsTalk_LoRaWAN_SDK
</pre>
					
					<h4>examples/WiFi</h4>
					<p>
						Result: <b>FAIL</b>
					</p>
					<pre class="pre-scrollable">/home/ec2-user/arduino-testlib/cli-datadir/user/libraries/Utils/src/Utils.cpp: In function &#39;void myPrintf(const char*, ...)&#39;:
/home/ec2-user/arduino-testlib/cli-datadir/user/libraries/Utils/src/Utils.cpp:8:2: error: &#39;va_start&#39; was not declared in this scope
  va_start( args, sFmt );
  ^~~~~~~~
/home/ec2-user/arduino-testlib/cli-datadir/user/libraries/Utils/src/Utils.cpp:8:2: note: suggested alternative: &#39;stat&#39;
  va_start( args, sFmt );
  ^~~~~~~~
  stat
/home/ec2-user/arduino-testlib/cli-datadir/user/libraries/Utils/src/Utils.cpp:10:2: error: &#39;va_end&#39; was not declared in this scope
  va_end( args );
  ^~~~~~
/home/ec2-user/arduino-testlib/cli-datadir/user/libraries/Utils/src/Utils.cpp:10:2: note: suggested alternative: &#39;rand&#39;
  va_end( args );
  ^~~~~~
  rand
/home/ec2-user/arduino-testlib/cli-datadir/user/libraries/Utils/src/Utils.cpp: In function &#39;void myPrintf(const arduino::String&amp;, ...)&#39;:
/home/ec2-user/arduino-testlib/cli-datadir/user/libraries/Utils/src/Utils.cpp:22:2: error: &#39;va_start&#39; was not declared in this scope
  va_start( args, sFmt.c_str() );
  ^~~~~~~~
/home/ec2-user/arduino-testlib/cli-datadir/user/libraries/Utils/src/Utils.cpp:22:2: note: suggested alternative: &#39;stat&#39;
  va_start( args, sFmt.c_str() );
  ^~~~~~~~
  stat
/home/ec2-user/arduino-testlib/cli-datadir/user/libraries/Utils/src/Utils.cpp:24:2: error: &#39;va_end&#39; was not declared in this scope
  va_end( args );
  ^~~~~~
/home/ec2-user/arduino-testlib/cli-datadir/user/libraries/Utils/src/Utils.cpp:24:2: note: suggested alternative: &#39;rand&#39;
  va_end( args );
  ^~~~~~
  rand
/home/ec2-user/arduino-testlib/cli-datadir/user/libraries/Utils/src/Utils.cpp: In function &#39;void myPrintf(arduino::Print&amp;, const char*, ...)&#39;:
/home/ec2-user/arduino-testlib/cli-datadir/user/libraries/Utils/src/Utils.cpp:35:2: error: &#39;va_start&#39; was not declared in this scope
  va_start( args, sFmt );
  ^~~~~~~~
/home/ec2-user/arduino-testlib/cli-datadir/user/libraries/Utils/src/Utils.cpp:35:2: note: suggested alternative: &#39;stat&#39;
  va_start( args, sFmt );
  ^~~~~~~~
  stat
/home/ec2-user/arduino-testlib/cli-datadir/user/libraries/Utils/src/Utils.cpp:37:2: error: &#39;va_end&#39; was not declared in this scope
  va_end( args );
  ^~~~~~
/home/ec2-user/arduino-testlib/cli-datadir/user/libraries/Utils/src/Utils.cpp:37:2: note: suggested alternative: &#39;rand&#39;
  va_end( args );
  ^~~~~~
  rand
/home/ec2-user/arduino-testlib/cli-datadir/user/libraries/Utils/src/Utils.cpp: In function &#39;void myPrintf(arduino::Print&amp;, const arduino::String&amp;, ...)&#39;:
/home/ec2-user/arduino-testlib/cli-datadir/user/libraries/Utils/src/Utils.cpp:49:2: error: &#39;va_start&#39; was not declared in this scope
  va_start( args, sFmt.c_str() );
  ^~~~~~~~
/home/ec2-user/arduino-testlib/cli-datadir/user/libraries/Utils/src/Utils.cpp:49:2: note: suggested alternative: &#39;stat&#39;
  va_start( args, sFmt.c_str() );
  ^~~~~~~~
  stat
/home/ec2-user/arduino-testlib/cli-datadir/user/libraries/Utils/src/Utils.cpp:51:2: error: &#39;va_end&#39; was not declared in this scope
  va_end( args );
  ^~~~~~
/home/ec2-user/arduino-testlib/cli-datadir/user/libraries/Utils/src/Utils.cpp:51:2: note: suggested alternative: &#39;rand&#39;
  va_end( args );
  ^~~~~~
  rand
/home/ec2-user/arduino-testlib/cli-datadir/user/libraries/Utils/src/Utils.cpp: In function &#39;char* format(const char*, ...)&#39;:
/home/ec2-user/arduino-testlib/cli-datadir/user/libraries/Utils/src/Utils.cpp:62:2: error: &#39;va_start&#39; was not declared in this scope
  va_start( args, sFmt );
  ^~~~~~~~
/home/ec2-user/arduino-testlib/cli-datadir/user/libraries/Utils/src/Utils.cpp:62:2: note: suggested alternative: &#39;stat&#39;
  va_start( args, sFmt );
  ^~~~~~~~
  stat
/home/ec2-user/arduino-testlib/cli-datadir/user/libraries/Utils/src/Utils.cpp:65:2: error: &#39;va_end&#39; was not declared in this scope
  va_end( args );
  ^~~~~~
/home/ec2-user/arduino-testlib/cli-datadir/user/libraries/Utils/src/Utils.cpp:65:2: note: suggested alternative: &#39;rand&#39;
  va_end( args );
  ^~~~~~
  rand
Multiple libraries were found for &#34;Utils.h&#34;
  Used: /home/ec2-user/arduino-testlib/cli-datadir/user/libraries/Utils
  Not used: /home/ec2-user/arduino-testlib/cli-datadir/user/libraries/AllThingsTalk_LTE-M_SDK
  Not used: /home/ec2-user/arduino-testlib/cli-datadir/user/libraries/Sodaq_RN2483
  Not used: /home/ec2-user/arduino-testlib/cli-datadir/user/libraries/AllThingsTalk_LoRaWAN_SDK
  Not used: /home/ec2-user/arduino-testlib/cli-datadir/user/libraries/Firebase_ESP32_Client
  Not used: /home/ec2-user/arduino-testlib/cli-datadir/user/libraries/LiveObjectsSDK
  Not used: /home/ec2-user/arduino-testlib/cli-datadir/user/libraries/Grafici-GFX
  Not used: /home/ec2-user/arduino-testlib/cli-datadir/user/libraries/Firebase_Arduino_Client_Library_for_ESP8266_and_ESP32
  Not used: /home/ec2-user/arduino-testlib/cli-datadir/user/libraries/Koyn
  Not used: /home/ec2-user/arduino-testlib/cli-datadir/user/libraries/HaLake-M5Stack-Library
  Not used: /home/ec2-user/arduino-testlib/cli-datadir/user/libraries/Firebase_ESP8266_Client
  Not used: /home/ec2-user/arduino-testlib/cli-datadir/user/libraries/AWS-SDK-ESP8266
  Not used: /home/ec2-user/arduino-testlib/cli-datadir/user/libraries/AzureIoTHubMQTTClient
  Not used: /home/ec2-user/arduino-testlib/cli-datadir/user/libraries/HomeSpan
</pre>
					
				
				<h3 id="arduino:megaavr:nona4809">arduino:megaavr:nona4809 @ 1.8.7</h3>
				<h4>Inclusion</h4>
				<p>
					Result: <b>FAIL</b>
					
				</p>
				<pre class="pre-scrollable">/home/ec2-user/arduino-testlib/cli-datadir/user/libraries/UtilsBoards/src/UtilsBoards.cpp: In function &#39;bool waitAndReset(int&amp;, bool, arduino::Print&amp;, bool)&#39;:
/home/ec2-user/arduino-testlib/cli-datadir/user/libraries/UtilsBoards/src/UtilsBoards.cpp:56:4: error: &#39;ESP&#39; was not declared in this scope
    ESP.restart();
    ^~~
/home/ec2-user/arduino-testlib/cli-datadir/user/libraries/UtilsBoards/src/UtilsBoards.cpp:56:4: note: suggested alternative: &#39;SP&#39;
    ESP.restart();
    ^~~
    SP
/home/ec2-user/arduino-testlib/cli-datadir/user/libraries/UtilsBoards/src/UtilsBoards.cpp: In function &#39;bool initWiFi(const char*, const char*, bool, bool, const char*, arduino::Print&amp;)&#39;:
/home/ec2-user/arduino-testlib/cli-datadir/user/libraries/UtilsBoards/src/UtilsBoards.cpp:78:2: error: &#39;WiFi&#39; was not declared in this scope
  WiFi.disconnect();
  ^~~~
/home/ec2-user/arduino-testlib/cli-datadir/user/libraries/UtilsBoards/src/UtilsBoards.cpp:79:13: error: &#39;WIFI_STA&#39; was not declared in this scope
  WiFi.mode( WIFI_STA );
             ^~~~~~~~
/home/ec2-user/arduino-testlib/cli-datadir/user/libraries/UtilsBoards/src/UtilsBoards.cpp:98:25: error: &#39;WL_CONNECTED&#39; was not declared in this scope
  while ( WiFi.status()!=WL_CONNECTED ) {
                         ^~~~~~~~~~~~
/home/ec2-user/arduino-testlib/cli-datadir/user/libraries/UtilsBoards/src/UtilsBoards.cpp:98:25: note: suggested alternative: &#39;F_CPU_CORRECTED&#39;
  while ( WiFi.status()!=WL_CONNECTED ) {
                         ^~~~~~~~~~~~
                         F_CPU_CORRECTED
/home/ec2-user/arduino-testlib/cli-datadir/user/libraries/UtilsBoards/src/UtilsBoards.cpp: In function &#39;bool initWiFi(PtrWiFiMultiEntry, int, bool, bool, const char*, arduino::Print&amp;)&#39;:
/home/ec2-user/arduino-testlib/cli-datadir/user/libraries/UtilsBoards/src/UtilsBoards.cpp:132:2: error: &#39;WiFi&#39; was not declared in this scope
  WiFi.disconnect();
  ^~~~
/home/ec2-user/arduino-testlib/cli-datadir/user/libraries/UtilsBoards/src/UtilsBoards.cpp:133:13: error: &#39;WIFI_STA&#39; was not declared in this scope
  WiFi.mode( WIFI_STA );
             ^~~~~~~~
/home/ec2-user/arduino-testlib/cli-datadir/user/libraries/UtilsBoards/src/UtilsBoards.cpp:135:12: error: variable or field &#39;wifiMulti&#39; declared void
  WiFiMulti wifiMulti;
            ^~~~~~~~~
/home/ec2-user/arduino-testlib/cli-datadir/user/libraries/UtilsBoards/src/UtilsBoards.cpp:139:3: error: &#39;wifiMulti&#39; was not declared in this scope
   wifiMulti.addAP( creds[ idxCreds ].ssid, creds[ idxCreds ].password );
   ^~~~~~~~~
/home/ec2-user/arduino-testlib/cli-datadir/user/libraries/UtilsBoards/src/UtilsBoards.cpp:139:3: note: suggested alternative: &#39;WiFiMulti&#39;
   wifiMulti.addAP( creds[ idxCreds ].ssid, creds[ idxCreds ].password );
   ^~~~~~~~~
   WiFiMulti
/home/ec2-user/arduino-testlib/cli-datadir/user/libraries/UtilsBoards/src/UtilsBoards.cpp:159:10: error: &#39;wifiMulti&#39; was not declared in this scope
  while ( wifiMulti.run()!=WL_CONNECTED ) {
          ^~~~~~~~~
/home/ec2-user/arduino-testlib/cli-datadir/user/libraries/UtilsBoards/src/UtilsBoards.cpp:159:10: note: suggested alternative: &#39;WiFiMulti&#39;
  while ( wifiMulti.run()!=WL_CONNECTED ) {
          ^~~~~~~~~
          WiFiMulti
/home/ec2-user/arduino-testlib/cli-datadir/user/libraries/UtilsBoards/src/UtilsBoards.cpp:159:27: error: &#39;WL_CONNECTED&#39; was not declared in this scope
  while ( wifiMulti.run()!=WL_CONNECTED ) {
                           ^~~~~~~~~~~~
/home/ec2-user/arduino-testlib/cli-datadir/user/libraries/UtilsBoards/src/UtilsBoards.cpp:159:27: note: suggested alternative: &#39;F_CPU_CORRECTED&#39;
  while ( wifiMulti.run()!=WL_CONNECTED ) {
                           ^~~~~~~~~~~~
                           F_CPU_CORRECTED
Multiple libraries were found for &#34;Utils.h&#34;
  Used: /home/ec2-user/arduino-testlib/cli-datadir/user/libraries/Utils
  Not used: /home/ec2-user/arduino-testlib/cli-datadir/user/libraries/Firebase_ESP32_Client
  Not used: /home/ec2-user/arduino-testlib/cli-datadir/user/libraries/Firebase_Arduino_Client_Library_for_ESP8266_and_ESP32
  Not used: /home/ec2-user/arduino-testlib/cli-datadir/user/libraries/AllThingsTalk_LTE-M_SDK
  Not used: /home/ec2-user/arduino-testlib/cli-datadir/user/libraries/Koyn
  Not used: /home/ec2-user/arduino-testlib/cli-datadir/user/libraries/Sodaq_RN2483
  Not used: /home/ec2-user/arduino-testlib/cli-datadir/user/libraries/Firebase_ESP8266_Client
  Not used: /home/ec2-user/arduino-testlib/cli-datadir/user/libraries/HaLake-M5Stack-Library
  Not used: /home/ec2-user/arduino-testlib/cli-datadir/user/libraries/LiveObjectsSDK
  Not used: /home/ec2-user/arduino-testlib/cli-datadir/user/libraries/AllThingsTalk_LoRaWAN_SDK
  Not used: /home/ec2-user/arduino-testlib/cli-datadir/user/libraries/HomeSpan
  Not used: /home/ec2-user/arduino-testlib/cli-datadir/user/libraries/AzureIoTHubMQTTClient
  Not used: /home/ec2-user/arduino-testlib/cli-datadir/user/libraries/Grafici-GFX
  Not used: /home/ec2-user/arduino-testlib/cli-datadir/user/libraries/AWS-SDK-ESP8266
</pre>

					
					<h4>examples/BlinkInternal</h4>
					<p>
						Result: <b>FAIL</b>
					</p>
					<pre class="pre-scrollable">/home/ec2-user/arduino-testlib/cli-datadir/user/libraries/UtilsBoards/src/UtilsBoards.cpp: In function &#39;bool waitAndReset(int&amp;, bool, arduino::Print&amp;, bool)&#39;:
/home/ec2-user/arduino-testlib/cli-datadir/user/libraries/UtilsBoards/src/UtilsBoards.cpp:56:4: error: &#39;ESP&#39; was not declared in this scope
    ESP.restart();
    ^~~
/home/ec2-user/arduino-testlib/cli-datadir/user/libraries/UtilsBoards/src/UtilsBoards.cpp:56:4: note: suggested alternative: &#39;SP&#39;
    ESP.restart();
    ^~~
    SP
/home/ec2-user/arduino-testlib/cli-datadir/user/libraries/UtilsBoards/src/UtilsBoards.cpp: In function &#39;bool initWiFi(const char*, const char*, bool, bool, const char*, arduino::Print&amp;)&#39;:
/home/ec2-user/arduino-testlib/cli-datadir/user/libraries/UtilsBoards/src/UtilsBoards.cpp:78:2: error: &#39;WiFi&#39; was not declared in this scope
  WiFi.disconnect();
  ^~~~
/home/ec2-user/arduino-testlib/cli-datadir/user/libraries/UtilsBoards/src/UtilsBoards.cpp:79:13: error: &#39;WIFI_STA&#39; was not declared in this scope
  WiFi.mode( WIFI_STA );
             ^~~~~~~~
/home/ec2-user/arduino-testlib/cli-datadir/user/libraries/UtilsBoards/src/UtilsBoards.cpp:98:25: error: &#39;WL_CONNECTED&#39; was not declared in this scope
  while ( WiFi.status()!=WL_CONNECTED ) {
                         ^~~~~~~~~~~~
/home/ec2-user/arduino-testlib/cli-datadir/user/libraries/UtilsBoards/src/UtilsBoards.cpp:98:25: note: suggested alternative: &#39;F_CPU_CORRECTED&#39;
  while ( WiFi.status()!=WL_CONNECTED ) {
                         ^~~~~~~~~~~~
                         F_CPU_CORRECTED
/home/ec2-user/arduino-testlib/cli-datadir/user/libraries/UtilsBoards/src/UtilsBoards.cpp: In function &#39;bool initWiFi(PtrWiFiMultiEntry, int, bool, bool, const char*, arduino::Print&amp;)&#39;:
/home/ec2-user/arduino-testlib/cli-datadir/user/libraries/UtilsBoards/src/UtilsBoards.cpp:132:2: error: &#39;WiFi&#39; was not declared in this scope
  WiFi.disconnect();
  ^~~~
/home/ec2-user/arduino-testlib/cli-datadir/user/libraries/UtilsBoards/src/UtilsBoards.cpp:133:13: error: &#39;WIFI_STA&#39; was not declared in this scope
  WiFi.mode( WIFI_STA );
             ^~~~~~~~
/home/ec2-user/arduino-testlib/cli-datadir/user/libraries/UtilsBoards/src/UtilsBoards.cpp:135:12: error: variable or field &#39;wifiMulti&#39; declared void
  WiFiMulti wifiMulti;
            ^~~~~~~~~
/home/ec2-user/arduino-testlib/cli-datadir/user/libraries/UtilsBoards/src/UtilsBoards.cpp:139:3: error: &#39;wifiMulti&#39; was not declared in this scope
   wifiMulti.addAP( creds[ idxCreds ].ssid, creds[ idxCreds ].password );
   ^~~~~~~~~
/home/ec2-user/arduino-testlib/cli-datadir/user/libraries/UtilsBoards/src/UtilsBoards.cpp:139:3: note: suggested alternative: &#39;WiFiMulti&#39;
   wifiMulti.addAP( creds[ idxCreds ].ssid, creds[ idxCreds ].password );
   ^~~~~~~~~
   WiFiMulti
/home/ec2-user/arduino-testlib/cli-datadir/user/libraries/UtilsBoards/src/UtilsBoards.cpp:159:10: error: &#39;wifiMulti&#39; was not declared in this scope
  while ( wifiMulti.run()!=WL_CONNECTED ) {
          ^~~~~~~~~
/home/ec2-user/arduino-testlib/cli-datadir/user/libraries/UtilsBoards/src/UtilsBoards.cpp:159:10: note: suggested alternative: &#39;WiFiMulti&#39;
  while ( wifiMulti.run()!=WL_CONNECTED ) {
          ^~~~~~~~~
          WiFiMulti
/home/ec2-user/arduino-testlib/cli-datadir/user/libraries/UtilsBoards/src/UtilsBoards.cpp:159:27: error: &#39;WL_CONNECTED&#39; was not declared in this scope
  while ( wifiMulti.run()!=WL_CONNECTED ) {
                           ^~~~~~~~~~~~
/home/ec2-user/arduino-testlib/cli-datadir/user/libraries/UtilsBoards/src/UtilsBoards.cpp:159:27: note: suggested alternative: &#39;F_CPU_CORRECTED&#39;
  while ( wifiMulti.run()!=WL_CONNECTED ) {
                           ^~~~~~~~~~~~
                           F_CPU_CORRECTED
Multiple libraries were found for &#34;Utils.h&#34;
  Used: /home/ec2-user/arduino-testlib/cli-datadir/user/libraries/Utils
  Not used: /home/ec2-user/arduino-testlib/cli-datadir/user/libraries/AWS-SDK-ESP8266
  Not used: /home/ec2-user/arduino-testlib/cli-datadir/user/libraries/Koyn
  Not used: /home/ec2-user/arduino-testlib/cli-datadir/user/libraries/Grafici-GFX
  Not used: /home/ec2-user/arduino-testlib/cli-datadir/user/libraries/LiveObjectsSDK
  Not used: /home/ec2-user/arduino-testlib/cli-datadir/user/libraries/AllThingsTalk_LTE-M_SDK
  Not used: /home/ec2-user/arduino-testlib/cli-datadir/user/libraries/AzureIoTHubMQTTClient
  Not used: /home/ec2-user/arduino-testlib/cli-datadir/user/libraries/Firebase_ESP32_Client
  Not used: /home/ec2-user/arduino-testlib/cli-datadir/user/libraries/HaLake-M5Stack-Library
  Not used: /home/ec2-user/arduino-testlib/cli-datadir/user/libraries/Firebase_ESP8266_Client
  Not used: /home/ec2-user/arduino-testlib/cli-datadir/user/libraries/Sodaq_RN2483
  Not used: /home/ec2-user/arduino-testlib/cli-datadir/user/libraries/Firebase_Arduino_Client_Library_for_ESP8266_and_ESP32
  Not used: /home/ec2-user/arduino-testlib/cli-datadir/user/libraries/HomeSpan
  Not used: /home/ec2-user/arduino-testlib/cli-datadir/user/libraries/AllThingsTalk_LoRaWAN_SDK
</pre>
					
					<h4>examples/ScannerI2C</h4>
					<p>
						Result: <b>FAIL</b>
					</p>
					<pre class="pre-scrollable">/home/ec2-user/arduino-testlib/cli-datadir/user/libraries/UtilsBoards/examples/ScannerI2C/ScannerI2C.ino: In function &#39;void setup()&#39;:
/home/ec2-user/arduino-testlib/cli-datadir/user/libraries/UtilsBoards/examples/ScannerI2C/ScannerI2C.ino:47:23: error: no matching function for call to &#39;TwoWire::begin(const uint8_t&amp;, const uint8_t&amp;)&#39;
  Wire.begin( SDA, SCL );
                       ^
In file included from /home/ec2-user/arduino-testlib/cli-datadir/user/libraries/UtilsBoards/src/UtilsI2C.h:6:0,
                 from /home/ec2-user/arduino-testlib/cli-datadir/user/libraries/UtilsBoards/examples/ScannerI2C/ScannerI2C.ino:27:
/home/ec2-user/arduino-testlib/cli-datadir/data/packages/arduino/hardware/megaavr/1.8.7/libraries/Wire/src/Wire.h:52:10: note: candidate: virtual void TwoWire::begin()
     void begin();
          ^~~~~
/home/ec2-user/arduino-testlib/cli-datadir/data/packages/arduino/hardware/megaavr/1.8.7/libraries/Wire/src/Wire.h:52:10: note:   candidate expects 0 arguments, 2 provided
/home/ec2-user/arduino-testlib/cli-datadir/data/packages/arduino/hardware/megaavr/1.8.7/libraries/Wire/src/Wire.h:53:10: note: candidate: virtual void TwoWire::begin(uint8_t)
     void begin(uint8_t);
          ^~~~~
/home/ec2-user/arduino-testlib/cli-datadir/data/packages/arduino/hardware/megaavr/1.8.7/libraries/Wire/src/Wire.h:53:10: note:   candidate expects 1 argument, 2 provided
/home/ec2-user/arduino-testlib/cli-datadir/data/packages/arduino/hardware/megaavr/1.8.7/libraries/Wire/src/Wire.h:54:10: note: candidate: void TwoWire::begin(int)
     void begin(int);
          ^~~~~
/home/ec2-user/arduino-testlib/cli-datadir/data/packages/arduino/hardware/megaavr/1.8.7/libraries/Wire/src/Wire.h:54:10: note:   candidate expects 1 argument, 2 provided
Multiple libraries were found for &#34;Utils.h&#34;
  Used: /home/ec2-user/arduino-testlib/cli-datadir/user/libraries/Utils
  Not used: /home/ec2-user/arduino-testlib/cli-datadir/user/libraries/Firebase_ESP32_Client
  Not used: /home/ec2-user/arduino-testlib/cli-datadir/user/libraries/HaLake-M5Stack-Library
  Not used: /home/ec2-user/arduino-testlib/cli-datadir/user/libraries/AllThingsTalk_LoRaWAN_SDK
  Not used: /home/ec2-user/arduino-testlib/cli-datadir/user/libraries/Sodaq_RN2483
  Not used: /home/ec2-user/arduino-testlib/cli-datadir/user/libraries/Koyn
  Not used: /home/ec2-user/arduino-testlib/cli-datadir/user/libraries/HomeSpan
  Not used: /home/ec2-user/arduino-testlib/cli-datadir/user/libraries/Grafici-GFX
  Not used: /home/ec2-user/arduino-testlib/cli-datadir/user/libraries/AWS-SDK-ESP8266
  Not used: /home/ec2-user/arduino-testlib/cli-datadir/user/libraries/LiveObjectsSDK
  Not used: /home/ec2-user/arduino-testlib/cli-datadir/user/libraries/AllThingsTalk_LTE-M_SDK
  Not used: /home/ec2-user/arduino-testlib/cli-datadir/user/libraries/Firebase_ESP8266_Client
  Not used: /home/ec2-user/arduino-testlib/cli-datadir/user/libraries/Firebase_Arduino_Client_Library_for_ESP8266_and_ESP32
  Not used: /home/ec2-user/arduino-testlib/cli-datadir/user/libraries/AzureIoTHubMQTTClient
</pre>
					
					<h4>examples/WiFi</h4>
					<p>
						Result: <b>FAIL</b>
					</p>
					<pre class="pre-scrollable">/home/ec2-user/arduino-testlib/cli-datadir/user/libraries/UtilsBoards/src/UtilsBoards.cpp: In function &#39;bool waitAndReset(int&amp;, bool, arduino::Print&amp;, bool)&#39;:
/home/ec2-user/arduino-testlib/cli-datadir/user/libraries/UtilsBoards/src/UtilsBoards.cpp:56:4: error: &#39;ESP&#39; was not declared in this scope
    ESP.restart();
    ^~~
/home/ec2-user/arduino-testlib/cli-datadir/user/libraries/UtilsBoards/src/UtilsBoards.cpp:56:4: note: suggested alternative: &#39;SP&#39;
    ESP.restart();
    ^~~
    SP
/home/ec2-user/arduino-testlib/cli-datadir/user/libraries/UtilsBoards/src/UtilsBoards.cpp: In function &#39;bool initWiFi(const char*, const char*, bool, bool, const char*, arduino::Print&amp;)&#39;:
/home/ec2-user/arduino-testlib/cli-datadir/user/libraries/UtilsBoards/src/UtilsBoards.cpp:78:2: error: &#39;WiFi&#39; was not declared in this scope
  WiFi.disconnect();
  ^~~~
/home/ec2-user/arduino-testlib/cli-datadir/user/libraries/UtilsBoards/src/UtilsBoards.cpp:79:13: error: &#39;WIFI_STA&#39; was not declared in this scope
  WiFi.mode( WIFI_STA );
             ^~~~~~~~
/home/ec2-user/arduino-testlib/cli-datadir/user/libraries/UtilsBoards/src/UtilsBoards.cpp:98:25: error: &#39;WL_CONNECTED&#39; was not declared in this scope
  while ( WiFi.status()!=WL_CONNECTED ) {
                         ^~~~~~~~~~~~
/home/ec2-user/arduino-testlib/cli-datadir/user/libraries/UtilsBoards/src/UtilsBoards.cpp:98:25: note: suggested alternative: &#39;F_CPU_CORRECTED&#39;
  while ( WiFi.status()!=WL_CONNECTED ) {
                         ^~~~~~~~~~~~
                         F_CPU_CORRECTED
/home/ec2-user/arduino-testlib/cli-datadir/user/libraries/UtilsBoards/src/UtilsBoards.cpp: In function &#39;bool initWiFi(PtrWiFiMultiEntry, int, bool, bool, const char*, arduino::Print&amp;)&#39;:
/home/ec2-user/arduino-testlib/cli-datadir/user/libraries/UtilsBoards/src/UtilsBoards.cpp:132:2: error: &#39;WiFi&#39; was not declared in this scope
  WiFi.disconnect();
  ^~~~
/home/ec2-user/arduino-testlib/cli-datadir/user/libraries/UtilsBoards/src/UtilsBoards.cpp:133:13: error: &#39;WIFI_STA&#39; was not declared in this scope
  WiFi.mode( WIFI_STA );
             ^~~~~~~~
/home/ec2-user/arduino-testlib/cli-datadir/user/libraries/UtilsBoards/src/UtilsBoards.cpp:135:12: error: variable or field &#39;wifiMulti&#39; declared void
  WiFiMulti wifiMulti;
            ^~~~~~~~~
/home/ec2-user/arduino-testlib/cli-datadir/user/libraries/UtilsBoards/src/UtilsBoards.cpp:139:3: error: &#39;wifiMulti&#39; was not declared in this scope
   wifiMulti.addAP( creds[ idxCreds ].ssid, creds[ idxCreds ].password );
   ^~~~~~~~~
/home/ec2-user/arduino-testlib/cli-datadir/user/libraries/UtilsBoards/src/UtilsBoards.cpp:139:3: note: suggested alternative: &#39;WiFiMulti&#39;
   wifiMulti.addAP( creds[ idxCreds ].ssid, creds[ idxCreds ].password );
   ^~~~~~~~~
   WiFiMulti
/home/ec2-user/arduino-testlib/cli-datadir/user/libraries/UtilsBoards/src/UtilsBoards.cpp:159:10: error: &#39;wifiMulti&#39; was not declared in this scope
  while ( wifiMulti.run()!=WL_CONNECTED ) {
          ^~~~~~~~~
/home/ec2-user/arduino-testlib/cli-datadir/user/libraries/UtilsBoards/src/UtilsBoards.cpp:159:10: note: suggested alternative: &#39;WiFiMulti&#39;
  while ( wifiMulti.run()!=WL_CONNECTED ) {
          ^~~~~~~~~
          WiFiMulti
/home/ec2-user/arduino-testlib/cli-datadir/user/libraries/UtilsBoards/src/UtilsBoards.cpp:159:27: error: &#39;WL_CONNECTED&#39; was not declared in this scope
  while ( wifiMulti.run()!=WL_CONNECTED ) {
                           ^~~~~~~~~~~~
/home/ec2-user/arduino-testlib/cli-datadir/user/libraries/UtilsBoards/src/UtilsBoards.cpp:159:27: note: suggested alternative: &#39;F_CPU_CORRECTED&#39;
  while ( wifiMulti.run()!=WL_CONNECTED ) {
                           ^~~~~~~~~~~~
                           F_CPU_CORRECTED
Multiple libraries were found for &#34;Utils.h&#34;
  Used: /home/ec2-user/arduino-testlib/cli-datadir/user/libraries/Utils
  Not used: /home/ec2-user/arduino-testlib/cli-datadir/user/libraries/HomeSpan
  Not used: /home/ec2-user/arduino-testlib/cli-datadir/user/libraries/AzureIoTHubMQTTClient
  Not used: /home/ec2-user/arduino-testlib/cli-datadir/user/libraries/Firebase_Arduino_Client_Library_for_ESP8266_and_ESP32
  Not used: /home/ec2-user/arduino-testlib/cli-datadir/user/libraries/Firebase_ESP32_Client
  Not used: /home/ec2-user/arduino-testlib/cli-datadir/user/libraries/Firebase_ESP8266_Client
  Not used: /home/ec2-user/arduino-testlib/cli-datadir/user/libraries/AWS-SDK-ESP8266
  Not used: /home/ec2-user/arduino-testlib/cli-datadir/user/libraries/LiveObjectsSDK
  Not used: /home/ec2-user/arduino-testlib/cli-datadir/user/libraries/Koyn
  Not used: /home/ec2-user/arduino-testlib/cli-datadir/user/libraries/Sodaq_RN2483
  Not used: /home/ec2-user/arduino-testlib/cli-datadir/user/libraries/AllThingsTalk_LoRaWAN_SDK
  Not used: /home/ec2-user/arduino-testlib/cli-datadir/user/libraries/AllThingsTalk_LTE-M_SDK
  Not used: /home/ec2-user/arduino-testlib/cli-datadir/user/libraries/Grafici-GFX
  Not used: /home/ec2-user/arduino-testlib/cli-datadir/user/libraries/HaLake-M5Stack-Library
</pre>
					
				
				<h3 id="arduino:samd:mkrwifi1010">arduino:samd:mkrwifi1010 @ 1.8.12</h3>
				<h4>Inclusion</h4>
				<p>
					Result: <b>FAIL</b>
					
				</p>
				<pre class="pre-scrollable">Multiple libraries were found for &#34;Utils.h&#34;
  Used: /home/ec2-user/arduino-testlib/cli-datadir/user/libraries/Utils
  Not used: /home/ec2-user/arduino-testlib/cli-datadir/user/libraries/HaLake-M5Stack-Library
  Not used: /home/ec2-user/arduino-testlib/cli-datadir/user/libraries/AllThingsTalk_LoRaWAN_SDK
  Not used: /home/ec2-user/arduino-testlib/cli-datadir/user/libraries/AzureIoTHubMQTTClient
  Not used: /home/ec2-user/arduino-testlib/cli-datadir/user/libraries/AllThingsTalk_LTE-M_SDK
  Not used: /home/ec2-user/arduino-testlib/cli-datadir/user/libraries/Koyn
  Not used: /home/ec2-user/arduino-testlib/cli-datadir/user/libraries/Sodaq_RN2483
  Not used: /home/ec2-user/arduino-testlib/cli-datadir/user/libraries/Firebase_ESP32_Client
  Not used: /home/ec2-user/arduino-testlib/cli-datadir/user/libraries/LiveObjectsSDK
  Not used: /home/ec2-user/arduino-testlib/cli-datadir/user/libraries/HomeSpan
  Not used: /home/ec2-user/arduino-testlib/cli-datadir/user/libraries/Firebase_Arduino_Client_Library_for_ESP8266_and_ESP32
  Not used: /home/ec2-user/arduino-testlib/cli-datadir/user/libraries/Firebase_ESP8266_Client
  Not used: /home/ec2-user/arduino-testlib/cli-datadir/user/libraries/AWS-SDK-ESP8266
  Not used: /home/ec2-user/arduino-testlib/cli-datadir/user/libraries/Grafici-GFX
</pre>

					
					<h4>examples/BlinkInternal</h4>
					<p>
						Result: <b>FAIL</b>
					</p>
					<pre class="pre-scrollable">/home/ec2-user/arduino-testlib/cli-datadir/user/libraries/Utils/src/Utils.cpp: In function &#39;void myPrintf(const char*, ...)&#39;:
/home/ec2-user/arduino-testlib/cli-datadir/user/libraries/Utils/src/Utils.cpp:8:2: error: &#39;va_start&#39; was not declared in this scope
  va_start( args, sFmt );
  ^~~~~~~~
/home/ec2-user/arduino-testlib/cli-datadir/user/libraries/Utils/src/Utils.cpp:8:2: note: suggested alternative: &#39;u_short&#39;
  va_start( args, sFmt );
  ^~~~~~~~
  u_short
/home/ec2-user/arduino-testlib/cli-datadir/user/libraries/Utils/src/Utils.cpp:10:2: error: &#39;va_end&#39; was not declared in this scope
  va_end( args );
  ^~~~~~
/home/ec2-user/arduino-testlib/cli-datadir/user/libraries/Utils/src/Utils.cpp:10:2: note: suggested alternative: &#39;rand&#39;
  va_end( args );
  ^~~~~~
  rand
/home/ec2-user/arduino-testlib/cli-datadir/user/libraries/Utils/src/Utils.cpp: In function &#39;void myPrintf(const arduino::String&amp;, ...)&#39;:
/home/ec2-user/arduino-testlib/cli-datadir/user/libraries/Utils/src/Utils.cpp:22:2: error: &#39;va_start&#39; was not declared in this scope
  va_start( args, sFmt.c_str() );
  ^~~~~~~~
/home/ec2-user/arduino-testlib/cli-datadir/user/libraries/Utils/src/Utils.cpp:22:2: note: suggested alternative: &#39;u_short&#39;
  va_start( args, sFmt.c_str() );
  ^~~~~~~~
  u_short
/home/ec2-user/arduino-testlib/cli-datadir/user/libraries/Utils/src/Utils.cpp:24:2: error: &#39;va_end&#39; was not declared in this scope
  va_end( args );
  ^~~~~~
/home/ec2-user/arduino-testlib/cli-datadir/user/libraries/Utils/src/Utils.cpp:24:2: note: suggested alternative: &#39;rand&#39;
  va_end( args );
  ^~~~~~
  rand
/home/ec2-user/arduino-testlib/cli-datadir/user/libraries/Utils/src/Utils.cpp: In function &#39;void myPrintf(arduino::Print&amp;, const char*, ...)&#39;:
/home/ec2-user/arduino-testlib/cli-datadir/user/libraries/Utils/src/Utils.cpp:35:2: error: &#39;va_start&#39; was not declared in this scope
  va_start( args, sFmt );
  ^~~~~~~~
/home/ec2-user/arduino-testlib/cli-datadir/user/libraries/Utils/src/Utils.cpp:35:2: note: suggested alternative: &#39;u_short&#39;
  va_start( args, sFmt );
  ^~~~~~~~
  u_short
/home/ec2-user/arduino-testlib/cli-datadir/user/libraries/Utils/src/Utils.cpp:37:2: error: &#39;va_end&#39; was not declared in this scope
  va_end( args );
  ^~~~~~
/home/ec2-user/arduino-testlib/cli-datadir/user/libraries/Utils/src/Utils.cpp:37:2: note: suggested alternative: &#39;rand&#39;
  va_end( args );
  ^~~~~~
  rand
/home/ec2-user/arduino-testlib/cli-datadir/user/libraries/Utils/src/Utils.cpp: In function &#39;void myPrintf(arduino::Print&amp;, const arduino::String&amp;, ...)&#39;:
/home/ec2-user/arduino-testlib/cli-datadir/user/libraries/Utils/src/Utils.cpp:49:2: error: &#39;va_start&#39; was not declared in this scope
  va_start( args, sFmt.c_str() );
  ^~~~~~~~
/home/ec2-user/arduino-testlib/cli-datadir/user/libraries/Utils/src/Utils.cpp:49:2: note: suggested alternative: &#39;u_short&#39;
  va_start( args, sFmt.c_str() );
  ^~~~~~~~
  u_short
/home/ec2-user/arduino-testlib/cli-datadir/user/libraries/Utils/src/Utils.cpp:51:2: error: &#39;va_end&#39; was not declared in this scope
  va_end( args );
  ^~~~~~
/home/ec2-user/arduino-testlib/cli-datadir/user/libraries/Utils/src/Utils.cpp:51:2: note: suggested alternative: &#39;rand&#39;
  va_end( args );
  ^~~~~~
  rand
/home/ec2-user/arduino-testlib/cli-datadir/user/libraries/Utils/src/Utils.cpp: In function &#39;char* format(const char*, ...)&#39;:
/home/ec2-user/arduino-testlib/cli-datadir/user/libraries/Utils/src/Utils.cpp:62:2: error: &#39;va_start&#39; was not declared in this scope
  va_start( args, sFmt );
  ^~~~~~~~
/home/ec2-user/arduino-testlib/cli-datadir/user/libraries/Utils/src/Utils.cpp:62:2: note: suggested alternative: &#39;u_short&#39;
  va_start( args, sFmt );
  ^~~~~~~~
  u_short
/home/ec2-user/arduino-testlib/cli-datadir/user/libraries/Utils/src/Utils.cpp:65:2: error: &#39;va_end&#39; was not declared in this scope
  va_end( args );
  ^~~~~~
/home/ec2-user/arduino-testlib/cli-datadir/user/libraries/Utils/src/Utils.cpp:65:2: note: suggested alternative: &#39;rand&#39;
  va_end( args );
  ^~~~~~
  rand
Multiple libraries were found for &#34;Utils.h&#34;
  Used: /home/ec2-user/arduino-testlib/cli-datadir/user/libraries/Utils
  Not used: /home/ec2-user/arduino-testlib/cli-datadir/user/libraries/AWS-SDK-ESP8266
  Not used: /home/ec2-user/arduino-testlib/cli-datadir/user/libraries/LiveObjectsSDK
  Not used: /home/ec2-user/arduino-testlib/cli-datadir/user/libraries/AllThingsTalk_LoRaWAN_SDK
  Not used: /home/ec2-user/arduino-testlib/cli-datadir/user/libraries/Koyn
  Not used: /home/ec2-user/arduino-testlib/cli-datadir/user/libraries/HomeSpan
  Not used: /home/ec2-user/arduino-testlib/cli-datadir/user/libraries/Sodaq_RN2483
  Not used: /home/ec2-user/arduino-testlib/cli-datadir/user/libraries/Firebase_ESP8266_Client
  Not used: /home/ec2-user/arduino-testlib/cli-datadir/user/libraries/Grafici-GFX
  Not used: /home/ec2-user/arduino-testlib/cli-datadir/user/libraries/Firebase_ESP32_Client
  Not used: /home/ec2-user/arduino-testlib/cli-datadir/user/libraries/AzureIoTHubMQTTClient
  Not used: /home/ec2-user/arduino-testlib/cli-datadir/user/libraries/HaLake-M5Stack-Library
  Not used: /home/ec2-user/arduino-testlib/cli-datadir/user/libraries/AllThingsTalk_LTE-M_SDK
  Not used: /home/ec2-user/arduino-testlib/cli-datadir/user/libraries/Firebase_Arduino_Client_Library_for_ESP8266_and_ESP32
</pre>
					
					<h4>examples/ScannerI2C</h4>
					<p>
						Result: <b>FAIL</b>
					</p>
					<pre class="pre-scrollable">/home/ec2-user/arduino-testlib/cli-datadir/user/libraries/Utils/src/Utils.cpp: In function &#39;void myPrintf(const char*, ...)&#39;:
/home/ec2-user/arduino-testlib/cli-datadir/user/libraries/Utils/src/Utils.cpp:8:2: error: &#39;va_start&#39; was not declared in this scope
  va_start( args, sFmt );
  ^~~~~~~~
/home/ec2-user/arduino-testlib/cli-datadir/user/libraries/Utils/src/Utils.cpp:8:2: note: suggested alternative: &#39;u_short&#39;
  va_start( args, sFmt );
  ^~~~~~~~
  u_short
/home/ec2-user/arduino-testlib/cli-datadir/user/libraries/Utils/src/Utils.cpp:10:2: error: &#39;va_end&#39; was not declared in this scope
  va_end( args );
  ^~~~~~
/home/ec2-user/arduino-testlib/cli-datadir/user/libraries/Utils/src/Utils.cpp:10:2: note: suggested alternative: &#39;rand&#39;
  va_end( args );
  ^~~~~~
  rand
/home/ec2-user/arduino-testlib/cli-datadir/user/libraries/Utils/src/Utils.cpp: In function &#39;void myPrintf(const arduino::String&amp;, ...)&#39;:
/home/ec2-user/arduino-testlib/cli-datadir/user/libraries/Utils/src/Utils.cpp:22:2: error: &#39;va_start&#39; was not declared in this scope
  va_start( args, sFmt.c_str() );
  ^~~~~~~~
/home/ec2-user/arduino-testlib/cli-datadir/user/libraries/Utils/src/Utils.cpp:22:2: note: suggested alternative: &#39;u_short&#39;
  va_start( args, sFmt.c_str() );
  ^~~~~~~~
  u_short
/home/ec2-user/arduino-testlib/cli-datadir/user/libraries/Utils/src/Utils.cpp:24:2: error: &#39;va_end&#39; was not declared in this scope
  va_end( args );
  ^~~~~~
/home/ec2-user/arduino-testlib/cli-datadir/user/libraries/Utils/src/Utils.cpp:24:2: note: suggested alternative: &#39;rand&#39;
  va_end( args );
  ^~~~~~
  rand
/home/ec2-user/arduino-testlib/cli-datadir/user/libraries/Utils/src/Utils.cpp: In function &#39;void myPrintf(arduino::Print&amp;, const char*, ...)&#39;:
/home/ec2-user/arduino-testlib/cli-datadir/user/libraries/Utils/src/Utils.cpp:35:2: error: &#39;va_start&#39; was not declared in this scope
  va_start( args, sFmt );
  ^~~~~~~~
/home/ec2-user/arduino-testlib/cli-datadir/user/libraries/Utils/src/Utils.cpp:35:2: note: suggested alternative: &#39;u_short&#39;
  va_start( args, sFmt );
  ^~~~~~~~
  u_short
/home/ec2-user/arduino-testlib/cli-datadir/user/libraries/Utils/src/Utils.cpp:37:2: error: &#39;va_end&#39; was not declared in this scope
  va_end( args );
  ^~~~~~
/home/ec2-user/arduino-testlib/cli-datadir/user/libraries/Utils/src/Utils.cpp:37:2: note: suggested alternative: &#39;rand&#39;
  va_end( args );
  ^~~~~~
  rand
/home/ec2-user/arduino-testlib/cli-datadir/user/libraries/Utils/src/Utils.cpp: In function &#39;void myPrintf(arduino::Print&amp;, const arduino::String&amp;, ...)&#39;:
/home/ec2-user/arduino-testlib/cli-datadir/user/libraries/Utils/src/Utils.cpp:49:2: error: &#39;va_start&#39; was not declared in this scope
  va_start( args, sFmt.c_str() );
  ^~~~~~~~
/home/ec2-user/arduino-testlib/cli-datadir/user/libraries/Utils/src/Utils.cpp:49:2: note: suggested alternative: &#39;u_short&#39;
  va_start( args, sFmt.c_str() );
  ^~~~~~~~
  u_short
/home/ec2-user/arduino-testlib/cli-datadir/user/libraries/Utils/src/Utils.cpp:51:2: error: &#39;va_end&#39; was not declared in this scope
  va_end( args );
  ^~~~~~
/home/ec2-user/arduino-testlib/cli-datadir/user/libraries/Utils/src/Utils.cpp:51:2: note: suggested alternative: &#39;rand&#39;
  va_end( args );
  ^~~~~~
  rand
/home/ec2-user/arduino-testlib/cli-datadir/user/libraries/Utils/src/Utils.cpp: In function &#39;char* format(const char*, ...)&#39;:
/home/ec2-user/arduino-testlib/cli-datadir/user/libraries/Utils/src/Utils.cpp:62:2: error: &#39;va_start&#39; was not declared in this scope
  va_start( args, sFmt );
  ^~~~~~~~
/home/ec2-user/arduino-testlib/cli-datadir/user/libraries/Utils/src/Utils.cpp:62:2: note: suggested alternative: &#39;u_short&#39;
  va_start( args, sFmt );
  ^~~~~~~~
  u_short
/home/ec2-user/arduino-testlib/cli-datadir/user/libraries/Utils/src/Utils.cpp:65:2: error: &#39;va_end&#39; was not declared in this scope
  va_end( args );
  ^~~~~~
/home/ec2-user/arduino-testlib/cli-datadir/user/libraries/Utils/src/Utils.cpp:65:2: note: suggested alternative: &#39;rand&#39;
  va_end( args );
  ^~~~~~
  rand
Multiple libraries were found for &#34;Utils.h&#34;
  Used: /home/ec2-user/arduino-testlib/cli-datadir/user/libraries/Utils
  Not used: /home/ec2-user/arduino-testlib/cli-datadir/user/libraries/Firebase_ESP8266_Client
  Not used: /home/ec2-user/arduino-testlib/cli-datadir/user/libraries/HaLake-M5Stack-Library
  Not used: /home/ec2-user/arduino-testlib/cli-datadir/user/libraries/Sodaq_RN2483
  Not used: /home/ec2-user/arduino-testlib/cli-datadir/user/libraries/Firebase_ESP32_Client
  Not used: /home/ec2-user/arduino-testlib/cli-datadir/user/libraries/HomeSpan
  Not used: /home/ec2-user/arduino-testlib/cli-datadir/user/libraries/AllThingsTalk_LTE-M_SDK
  Not used: /home/ec2-user/arduino-testlib/cli-datadir/user/libraries/Koyn
  Not used: /home/ec2-user/arduino-testlib/cli-datadir/user/libraries/Grafici-GFX
  Not used: /home/ec2-user/arduino-testlib/cli-datadir/user/libraries/LiveObjectsSDK
  Not used: /home/ec2-user/arduino-testlib/cli-datadir/user/libraries/Firebase_Arduino_Client_Library_for_ESP8266_and_ESP32
  Not used: /home/ec2-user/arduino-testlib/cli-datadir/user/libraries/AWS-SDK-ESP8266
  Not used: /home/ec2-user/arduino-testlib/cli-datadir/user/libraries/AllThingsTalk_LoRaWAN_SDK
  Not used: /home/ec2-user/arduino-testlib/cli-datadir/user/libraries/AzureIoTHubMQTTClient
</pre>
					
					<h4>examples/WiFi</h4>
					<p>
						Result: <b>FAIL</b>
					</p>
					<pre class="pre-scrollable">/home/ec2-user/arduino-testlib/cli-datadir/user/libraries/Utils/src/Utils.cpp: In function &#39;void myPrintf(const char*, ...)&#39;:
/home/ec2-user/arduino-testlib/cli-datadir/user/libraries/Utils/src/Utils.cpp:8:2: error: &#39;va_start&#39; was not declared in this scope
  va_start( args, sFmt );
  ^~~~~~~~
/home/ec2-user/arduino-testlib/cli-datadir/user/libraries/Utils/src/Utils.cpp:8:2: note: suggested alternative: &#39;u_short&#39;
  va_start( args, sFmt );
  ^~~~~~~~
  u_short
/home/ec2-user/arduino-testlib/cli-datadir/user/libraries/Utils/src/Utils.cpp:10:2: error: &#39;va_end&#39; was not declared in this scope
  va_end( args );
  ^~~~~~
/home/ec2-user/arduino-testlib/cli-datadir/user/libraries/Utils/src/Utils.cpp:10:2: note: suggested alternative: &#39;rand&#39;
  va_end( args );
  ^~~~~~
  rand
/home/ec2-user/arduino-testlib/cli-datadir/user/libraries/Utils/src/Utils.cpp: In function &#39;void myPrintf(const arduino::String&amp;, ...)&#39;:
/home/ec2-user/arduino-testlib/cli-datadir/user/libraries/Utils/src/Utils.cpp:22:2: error: &#39;va_start&#39; was not declared in this scope
  va_start( args, sFmt.c_str() );
  ^~~~~~~~
/home/ec2-user/arduino-testlib/cli-datadir/user/libraries/Utils/src/Utils.cpp:22:2: note: suggested alternative: &#39;u_short&#39;
  va_start( args, sFmt.c_str() );
  ^~~~~~~~
  u_short
/home/ec2-user/arduino-testlib/cli-datadir/user/libraries/Utils/src/Utils.cpp:24:2: error: &#39;va_end&#39; was not declared in this scope
  va_end( args );
  ^~~~~~
/home/ec2-user/arduino-testlib/cli-datadir/user/libraries/Utils/src/Utils.cpp:24:2: note: suggested alternative: &#39;rand&#39;
  va_end( args );
  ^~~~~~
  rand
/home/ec2-user/arduino-testlib/cli-datadir/user/libraries/Utils/src/Utils.cpp: In function &#39;void myPrintf(arduino::Print&amp;, const char*, ...)&#39;:
/home/ec2-user/arduino-testlib/cli-datadir/user/libraries/Utils/src/Utils.cpp:35:2: error: &#39;va_start&#39; was not declared in this scope
  va_start( args, sFmt );
  ^~~~~~~~
/home/ec2-user/arduino-testlib/cli-datadir/user/libraries/Utils/src/Utils.cpp:35:2: note: suggested alternative: &#39;u_short&#39;
  va_start( args, sFmt );
  ^~~~~~~~
  u_short
/home/ec2-user/arduino-testlib/cli-datadir/user/libraries/Utils/src/Utils.cpp:37:2: error: &#39;va_end&#39; was not declared in this scope
  va_end( args );
  ^~~~~~
/home/ec2-user/arduino-testlib/cli-datadir/user/libraries/Utils/src/Utils.cpp:37:2: note: suggested alternative: &#39;rand&#39;
  va_end( args );
  ^~~~~~
  rand
/home/ec2-user/arduino-testlib/cli-datadir/user/libraries/Utils/src/Utils.cpp: In function &#39;void myPrintf(arduino::Print&amp;, const arduino::String&amp;, ...)&#39;:
/home/ec2-user/arduino-testlib/cli-datadir/user/libraries/Utils/src/Utils.cpp:49:2: error: &#39;va_start&#39; was not declared in this scope
  va_start( args, sFmt.c_str() );
  ^~~~~~~~
/home/ec2-user/arduino-testlib/cli-datadir/user/libraries/Utils/src/Utils.cpp:49:2: note: suggested alternative: &#39;u_short&#39;
  va_start( args, sFmt.c_str() );
  ^~~~~~~~
  u_short
/home/ec2-user/arduino-testlib/cli-datadir/user/libraries/Utils/src/Utils.cpp:51:2: error: &#39;va_end&#39; was not declared in this scope
  va_end( args );
  ^~~~~~
/home/ec2-user/arduino-testlib/cli-datadir/user/libraries/Utils/src/Utils.cpp:51:2: note: suggested alternative: &#39;rand&#39;
  va_end( args );
  ^~~~~~
  rand
/home/ec2-user/arduino-testlib/cli-datadir/user/libraries/Utils/src/Utils.cpp: In function &#39;char* format(const char*, ...)&#39;:
/home/ec2-user/arduino-testlib/cli-datadir/user/libraries/Utils/src/Utils.cpp:62:2: error: &#39;va_start&#39; was not declared in this scope
  va_start( args, sFmt );
  ^~~~~~~~
/home/ec2-user/arduino-testlib/cli-datadir/user/libraries/Utils/src/Utils.cpp:62:2: note: suggested alternative: &#39;u_short&#39;
  va_start( args, sFmt );
  ^~~~~~~~
  u_short
/home/ec2-user/arduino-testlib/cli-datadir/user/libraries/Utils/src/Utils.cpp:65:2: error: &#39;va_end&#39; was not declared in this scope
  va_end( args );
  ^~~~~~
/home/ec2-user/arduino-testlib/cli-datadir/user/libraries/Utils/src/Utils.cpp:65:2: note: suggested alternative: &#39;rand&#39;
  va_end( args );
  ^~~~~~
  rand
Multiple libraries were found for &#34;Utils.h&#34;
  Used: /home/ec2-user/arduino-testlib/cli-datadir/user/libraries/Utils
  Not used: /home/ec2-user/arduino-testlib/cli-datadir/user/libraries/Koyn
  Not used: /home/ec2-user/arduino-testlib/cli-datadir/user/libraries/Grafici-GFX
  Not used: /home/ec2-user/arduino-testlib/cli-datadir/user/libraries/Firebase_Arduino_Client_Library_for_ESP8266_and_ESP32
  Not used: /home/ec2-user/arduino-testlib/cli-datadir/user/libraries/AllThingsTalk_LoRaWAN_SDK
  Not used: /home/ec2-user/arduino-testlib/cli-datadir/user/libraries/AzureIoTHubMQTTClient
  Not used: /home/ec2-user/arduino-testlib/cli-datadir/user/libraries/AWS-SDK-ESP8266
  Not used: /home/ec2-user/arduino-testlib/cli-datadir/user/libraries/HomeSpan
  Not used: /home/ec2-user/arduino-testlib/cli-datadir/user/libraries/LiveObjectsSDK
  Not used: /home/ec2-user/arduino-testlib/cli-datadir/user/libraries/HaLake-M5Stack-Library
  Not used: /home/ec2-user/arduino-testlib/cli-datadir/user/libraries/Firebase_ESP8266_Client
  Not used: /home/ec2-user/arduino-testlib/cli-datadir/user/libraries/Firebase_ESP32_Client
  Not used: /home/ec2-user/arduino-testlib/cli-datadir/user/libraries/Sodaq_RN2483
  Not used: /home/ec2-user/arduino-testlib/cli-datadir/user/libraries/AllThingsTalk_LTE-M_SDK
</pre>
					
				
				<h3 id="esp32:esp32:d1_mini32">esp32:esp32:d1_mini32 @ 1.0.6</h3>
				<h4>Inclusion</h4>
				<p>
					Result: <b>FAIL</b>
					
				</p>
				<pre class="pre-scrollable">Multiple libraries were found for &#34;Utils.h&#34;
  Used: /home/ec2-user/arduino-testlib/cli-datadir/user/libraries/Utils
  Not used: /home/ec2-user/arduino-testlib/cli-datadir/user/libraries/Firebase_Arduino_Client_Library_for_ESP8266_and_ESP32
  Not used: /home/ec2-user/arduino-testlib/cli-datadir/user/libraries/HaLake-M5Stack-Library
  Not used: /home/ec2-user/arduino-testlib/cli-datadir/user/libraries/Firebase_ESP8266_Client
  Not used: /home/ec2-user/arduino-testlib/cli-datadir/user/libraries/Firebase_ESP32_Client
  Not used: /home/ec2-user/arduino-testlib/cli-datadir/user/libraries/Grafici-GFX
  Not used: /home/ec2-user/arduino-testlib/cli-datadir/user/libraries/AllThingsTalk_LTE-M_SDK
  Not used: /home/ec2-user/arduino-testlib/cli-datadir/user/libraries/HomeSpan
  Not used: /home/ec2-user/arduino-testlib/cli-datadir/user/libraries/AWS-SDK-ESP8266
  Not used: /home/ec2-user/arduino-testlib/cli-datadir/user/libraries/LiveObjectsSDK
  Not used: /home/ec2-user/arduino-testlib/cli-datadir/user/libraries/AzureIoTHubMQTTClient
  Not used: /home/ec2-user/arduino-testlib/cli-datadir/user/libraries/Koyn
  Not used: /home/ec2-user/arduino-testlib/cli-datadir/user/libraries/Sodaq_RN2483
  Not used: /home/ec2-user/arduino-testlib/cli-datadir/user/libraries/AllThingsTalk_LoRaWAN_SDK
</pre>

					
					<h4>examples/BlinkInternal</h4>
					<p>
						Result: <b>FAIL</b>
					</p>
					<pre class="pre-scrollable">Multiple libraries were found for &#34;Utils.h&#34;
  Used: /home/ec2-user/arduino-testlib/cli-datadir/user/libraries/Utils
  Not used: /home/ec2-user/arduino-testlib/cli-datadir/user/libraries/HomeSpan
  Not used: /home/ec2-user/arduino-testlib/cli-datadir/user/libraries/Firebase_ESP32_Client
  Not used: /home/ec2-user/arduino-testlib/cli-datadir/user/libraries/Firebase_Arduino_Client_Library_for_ESP8266_and_ESP32
  Not used: /home/ec2-user/arduino-testlib/cli-datadir/user/libraries/AWS-SDK-ESP8266
  Not used: /home/ec2-user/arduino-testlib/cli-datadir/user/libraries/AzureIoTHubMQTTClient
  Not used: /home/ec2-user/arduino-testlib/cli-datadir/user/libraries/AllThingsTalk_LoRaWAN_SDK
  Not used: /home/ec2-user/arduino-testlib/cli-datadir/user/libraries/Firebase_ESP8266_Client
  Not used: /home/ec2-user/arduino-testlib/cli-datadir/user/libraries/HaLake-M5Stack-Library
  Not used: /home/ec2-user/arduino-testlib/cli-datadir/user/libraries/Koyn
  Not used: /home/ec2-user/arduino-testlib/cli-datadir/user/libraries/Sodaq_RN2483
  Not used: /home/ec2-user/arduino-testlib/cli-datadir/user/libraries/AllThingsTalk_LTE-M_SDK
  Not used: /home/ec2-user/arduino-testlib/cli-datadir/user/libraries/LiveObjectsSDK
  Not used: /home/ec2-user/arduino-testlib/cli-datadir/user/libraries/Grafici-GFX
</pre>
					
					<h4>examples/ScannerI2C</h4>
					<p>
						Result: <b>FAIL</b>
					</p>
					<pre class="pre-scrollable">Multiple libraries were found for &#34;Utils.h&#34;
  Used: /home/ec2-user/arduino-testlib/cli-datadir/user/libraries/Utils
  Not used: /home/ec2-user/arduino-testlib/cli-datadir/user/libraries/AllThingsTalk_LoRaWAN_SDK
  Not used: /home/ec2-user/arduino-testlib/cli-datadir/user/libraries/Firebase_ESP8266_Client
  Not used: /home/ec2-user/arduino-testlib/cli-datadir/user/libraries/Koyn
  Not used: /home/ec2-user/arduino-testlib/cli-datadir/user/libraries/HaLake-M5Stack-Library
  Not used: /home/ec2-user/arduino-testlib/cli-datadir/user/libraries/Firebase_Arduino_Client_Library_for_ESP8266_and_ESP32
  Not used: /home/ec2-user/arduino-testlib/cli-datadir/user/libraries/Sodaq_RN2483
  Not used: /home/ec2-user/arduino-testlib/cli-datadir/user/libraries/AllThingsTalk_LTE-M_SDK
  Not used: /home/ec2-user/arduino-testlib/cli-datadir/user/libraries/HomeSpan
  Not used: /home/ec2-user/arduino-testlib/cli-datadir/user/libraries/Grafici-GFX
  Not used: /home/ec2-user/arduino-testlib/cli-datadir/user/libraries/Firebase_ESP32_Client
  Not used: /home/ec2-user/arduino-testlib/cli-datadir/user/libraries/AWS-SDK-ESP8266
  Not used: /home/ec2-user/arduino-testlib/cli-datadir/user/libraries/AzureIoTHubMQTTClient
  Not used: /home/ec2-user/arduino-testlib/cli-datadir/user/libraries/LiveObjectsSDK
</pre>
					
					<h4>examples/WiFi</h4>
					<p>
						Result: <b>FAIL</b>
					</p>
					<pre class="pre-scrollable">Multiple libraries were found for &#34;Utils.h&#34;
  Used: /home/ec2-user/arduino-testlib/cli-datadir/user/libraries/Utils
  Not used: /home/ec2-user/arduino-testlib/cli-datadir/user/libraries/Koyn
  Not used: /home/ec2-user/arduino-testlib/cli-datadir/user/libraries/AzureIoTHubMQTTClient
  Not used: /home/ec2-user/arduino-testlib/cli-datadir/user/libraries/HomeSpan
  Not used: /home/ec2-user/arduino-testlib/cli-datadir/user/libraries/AllThingsTalk_LTE-M_SDK
  Not used: /home/ec2-user/arduino-testlib/cli-datadir/user/libraries/Sodaq_RN2483
  Not used: /home/ec2-user/arduino-testlib/cli-datadir/user/libraries/Firebase_ESP8266_Client
  Not used: /home/ec2-user/arduino-testlib/cli-datadir/user/libraries/Grafici-GFX
  Not used: /home/ec2-user/arduino-testlib/cli-datadir/user/libraries/HaLake-M5Stack-Library
  Not used: /home/ec2-user/arduino-testlib/cli-datadir/user/libraries/LiveObjectsSDK
  Not used: /home/ec2-user/arduino-testlib/cli-datadir/user/libraries/Firebase_Arduino_Client_Library_for_ESP8266_and_ESP32
  Not used: /home/ec2-user/arduino-testlib/cli-datadir/user/libraries/Firebase_ESP32_Client
  Not used: /home/ec2-user/arduino-testlib/cli-datadir/user/libraries/AllThingsTalk_LoRaWAN_SDK
  Not used: /home/ec2-user/arduino-testlib/cli-datadir/user/libraries/AWS-SDK-ESP8266
</pre>
					
				
			</div>
		</div>
	</div>
  </body>
</html>
