
<!doctype html>
<html lang="en">
  <head>
    <meta charset="utf-8">
    <meta name="viewport" content="width=device-width, initial-scale=1">
    <link href="https://cdn.jsdelivr.net/npm/bootstrap@5.0.2/dist/css/bootstrap.min.css" rel="stylesheet" integrity="sha384-EVSTQN3/azprG1Anm3QDgpJLIm9Nao0Yz1ztcQTwFspd3yD65VohhpuuCOmLASjC" crossorigin="anonymous">
    <title>arduino-testlib report</title>
	<style>
	.pass { background-color: #00FF00 !important; }
	.fail { background-color: #FF0000 !important; }
	</style>
  </head>
  <body>
	<div class="container">
		<div class="row">
			<div class="col">
				<h1>Volume - compatibility matrix</h1>
				<p>
					<small>This report was generated on Wednesday, 23-Feb-22 22:48:15 CET using 
					<a href="https://github.com/alranel/arduino-testlib">arduino-testlib</a>.</small>
				</p>

				<h2>Volume</h2>
				<p>
					Version: <b>1.1.2</b>
					<br />
					<a href="https://www.arduino.cc/reference/en/libraries/volume/">More details</a>
				</p>

				<h2>Compatibility matrix</h2>
				<table class="table table-bordered">
					<tr>
						<th>Board</th>
						<th>Claims compatibility</th>
						<th>Inclusion</th>
						
						<th><pre>volume_1KHz</pre></th>
						
						<th><pre>volume_crickeduino_prank</pre></th>
						
						<th><pre>volume_test_sounds</pre></th>
						
						<th><pre>volume_warble</pre></th>
						
					</tr>
					
					<tr>
						<td>
							<a href="#arduino%3aavr%3auno"><b>arduino:avr:uno</b></a>
							<br />
							<small>1.8.4</small>
						</td>

						
							<td>Yes</td>
							<td class="pass">PASS</td>
						
						
						
						

						
							
								
									
										
											<td class="pass">PASS</td>
											
										
									
										
									
										
									
										
									
								
							
								
							
								
							
								
							
								
							
						
							
								
									
										
									
										
											
											<td class="fail">FAIL</td>
										
									
										
									
										
									
								
							
								
							
								
							
								
							
								
							
						
							
								
									
										
									
										
									
										
											<td class="pass">PASS</td>
											
										
									
										
									
								
							
								
							
								
							
								
							
								
							
						
							
								
									
										
									
										
									
										
									
										
											<td class="pass">PASS</td>
											
										
									
								
							
								
							
								
							
								
							
								
							
						
					</tr>
					
					<tr>
						<td>
							<a href="#arduino%3ambed_nano%3ananorp2040connect"><b>arduino:mbed_nano:nanorp2040connect</b></a>
							<br />
							<small>2.7.2</small>
						</td>

						
						
						
						
							<td>No</td>
							<td class="fail">FAIL</td>
						

						
							
								
							
								
									
										
											
											<td class="fail">FAIL</td>
										
									
										
									
										
									
										
									
								
							
								
							
								
							
								
							
						
							
								
							
								
									
										
									
										
											
											<td class="fail">FAIL</td>
										
									
										
									
										
									
								
							
								
							
								
							
								
							
						
							
								
							
								
									
										
									
										
									
										
											
											<td class="fail">FAIL</td>
										
									
										
									
								
							
								
							
								
							
								
							
						
							
								
							
								
									
										
									
										
									
										
									
										
											
											<td class="fail">FAIL</td>
										
									
								
							
								
							
								
							
								
							
						
					</tr>
					
					<tr>
						<td>
							<a href="#arduino%3amegaavr%3anona4809"><b>arduino:megaavr:nona4809</b></a>
							<br />
							<small>1.8.7</small>
						</td>

						
						
						
						
							<td>No</td>
							<td class="fail">FAIL</td>
						

						
							
								
							
								
							
								
									
										
											
											<td class="fail">FAIL</td>
										
									
										
									
										
									
										
									
								
							
								
							
								
							
						
							
								
							
								
							
								
									
										
									
										
											
											<td class="fail">FAIL</td>
										
									
										
									
										
									
								
							
								
							
								
							
						
							
								
							
								
							
								
									
										
									
										
									
										
											
											<td class="fail">FAIL</td>
										
									
										
									
								
							
								
							
								
							
						
							
								
							
								
							
								
									
										
									
										
									
										
									
										
											
											<td class="fail">FAIL</td>
										
									
								
							
								
							
								
							
						
					</tr>
					
					<tr>
						<td>
							<a href="#arduino%3asamd%3amkrwifi1010"><b>arduino:samd:mkrwifi1010</b></a>
							<br />
							<small>1.8.12</small>
						</td>

						
						
						
						
							<td>No</td>
							<td class="fail">FAIL</td>
						

						
							
								
							
								
							
								
							
								
									
										
											
											<td class="fail">FAIL</td>
										
									
										
									
										
									
										
									
								
							
								
							
						
							
								
							
								
							
								
							
								
									
										
									
										
											
											<td class="fail">FAIL</td>
										
									
										
									
										
									
								
							
								
							
						
							
								
							
								
							
								
							
								
									
										
									
										
									
										
											
											<td class="fail">FAIL</td>
										
									
										
									
								
							
								
							
						
							
								
							
								
							
								
							
								
									
										
									
										
									
										
									
										
											
											<td class="fail">FAIL</td>
										
									
								
							
								
							
						
					</tr>
					
					<tr>
						<td>
							<a href="#esp32%3aesp32%3ad1_mini32"><b>esp32:esp32:d1_mini32</b></a>
							<br />
							<small>1.0.6</small>
						</td>

						
						
						
						
							<td>No</td>
							<td class="fail">FAIL</td>
						

						
							
								
							
								
							
								
							
								
							
								
									
										
											
											<td class="fail">FAIL</td>
										
									
										
									
										
									
										
									
								
							
						
							
								
							
								
							
								
							
								
							
								
									
										
									
										
											
											<td class="fail">FAIL</td>
										
									
										
									
										
									
								
							
						
							
								
							
								
							
								
							
								
							
								
									
										
									
										
									
										
											
											<td class="fail">FAIL</td>
										
									
										
									
								
							
						
							
								
							
								
							
								
							
								
							
								
									
										
									
										
									
										
									
										
											
											<td class="fail">FAIL</td>
										
									
								
							
						
					</tr>
					
				</table>

				<h2>Compilation logs</h2>
				
				<h3 id="arduino:avr:uno">arduino:avr:uno @ 1.8.4</h3>
				<h4>Inclusion</h4>
				<p>
					Result: <b>PASS</b>
					
				</p>
				<pre class="pre-scrollable">Sketch uses 2428 bytes (7%) of program storage space. Maximum is 32256 bytes.
Global variables use 35 bytes (1%) of dynamic memory, leaving 2013 bytes for local variables. Maximum is 2048 bytes.
</pre>

					
					<h4>examples/volume_1KHz</h4>
					<p>
						Result: <b>PASS</b>
					</p>
					<pre class="pre-scrollable">Sketch uses 3002 bytes (9%) of program storage space. Maximum is 32256 bytes.
Global variables use 35 bytes (1%) of dynamic memory, leaving 2013 bytes for local variables. Maximum is 2048 bytes.
</pre>
					
					<h4>examples/volume_crickeduino_prank</h4>
					<p>
						Result: <b>FAIL</b>
					</p>
					<pre class="pre-scrollable">/home/ec2-user/arduino-testlib/cli-datadir/user/libraries/Volume/examples/volume_crickeduino_prank/volume_crickeduino_prank.ino:50:10: fatal error: JeeLib.h: No such file or directory
 #include &lt;JeeLib.h&gt; // Used for deep sleep
          ^~~~~~~~~~
compilation terminated.

</pre>
					
					<h4>examples/volume_test_sounds</h4>
					<p>
						Result: <b>PASS</b>
					</p>
					<pre class="pre-scrollable">Sketch uses 4926 bytes (15%) of program storage space. Maximum is 32256 bytes.
Global variables use 75 bytes (3%) of dynamic memory, leaving 1973 bytes for local variables. Maximum is 2048 bytes.
</pre>
					
					<h4>examples/volume_warble</h4>
					<p>
						Result: <b>PASS</b>
					</p>
					<pre class="pre-scrollable">Sketch uses 3694 bytes (11%) of program storage space. Maximum is 32256 bytes.
Global variables use 51 bytes (2%) of dynamic memory, leaving 1997 bytes for local variables. Maximum is 2048 bytes.
</pre>
					
				
				<h3 id="arduino:mbed_nano:nanorp2040connect">arduino:mbed_nano:nanorp2040connect @ 2.7.2</h3>
				<h4>Inclusion</h4>
				<p>
					Result: <b>FAIL</b>
					
				</p>
				<pre class="pre-scrollable">WARNING: library Volume claims to run on avr architecture(s) and may be incompatible with your current board which runs on mbed_nano architecture(s).
/home/ec2-user/arduino-testlib/cli-datadir/user/libraries/Volume/src/Volume.cpp: In member function &#39;void Volume::throwError(byte)&#39;:
/home/ec2-user/arduino-testlib/cli-datadir/user/libraries/Volume/src/Volume.cpp:62:14: error: &#39;_SPEAKER&#39; was not declared in this scope
       ::tone(_SPEAKER, 500, 100);
              ^~~~~~~~
/home/ec2-user/arduino-testlib/cli-datadir/user/libraries/Volume/src/Volume.cpp:62:14: note: suggested alternative: &#39;__WEAK&#39;
       ::tone(_SPEAKER, 500, 100);
              ^~~~~~~~
              __WEAK
/home/ec2-user/arduino-testlib/cli-datadir/user/libraries/Volume/src/Volume.cpp: In member function &#39;void Volume::begin()&#39;:
/home/ec2-user/arduino-testlib/cli-datadir/user/libraries/Volume/src/Volume.cpp:71:11: error: &#39;_SPEAKER&#39; was not declared in this scope
   pinMode(_SPEAKER, OUTPUT);
           ^~~~~~~~
/home/ec2-user/arduino-testlib/cli-datadir/user/libraries/Volume/src/Volume.cpp:71:11: note: suggested alternative: &#39;__WEAK&#39;
   pinMode(_SPEAKER, OUTPUT);
           ^~~~~~~~
           __WEAK
/home/ec2-user/arduino-testlib/cli-datadir/user/libraries/Volume/src/Volume.cpp:73:3: error: &#39;cli&#39; was not declared in this scope
   cli(); // stop interrupts
   ^~~
/home/ec2-user/arduino-testlib/cli-datadir/user/libraries/Volume/src/Volume.cpp:74:3: error: &#39;TCCR1A&#39; was not declared in this scope
   TCCR1A = 0; // set entire TCCR1A register to 0
   ^~~~~~
/home/ec2-user/arduino-testlib/cli-datadir/user/libraries/Volume/src/Volume.cpp:75:3: error: &#39;TCCR1B&#39; was not declared in this scope
   TCCR1B = 0; // same for TCCR1B
   ^~~~~~
/home/ec2-user/arduino-testlib/cli-datadir/user/libraries/Volume/src/Volume.cpp:76:3: error: &#39;TCNT1&#39; was not declared in this scope
   TCNT1  = 0; // initialize counter value to 0
   ^~~~~
/home/ec2-user/arduino-testlib/cli-datadir/user/libraries/Volume/src/Volume.cpp:76:3: note: suggested alternative: &#39;SCNd16&#39;
   TCNT1  = 0; // initialize counter value to 0
   ^~~~~
   SCNd16
/home/ec2-user/arduino-testlib/cli-datadir/user/libraries/Volume/src/Volume.cpp:78:3: error: &#39;OCR1A&#39; was not declared in this scope
   OCR1A = F_CPU / (2 * 1 * 10000) - 1;
   ^~~~~
/home/ec2-user/arduino-testlib/cli-datadir/user/libraries/Volume/src/Volume.cpp:78:11: error: &#39;F_CPU&#39; was not declared in this scope
   OCR1A = F_CPU / (2 * 1 * 10000) - 1;
           ^~~~~
/home/ec2-user/arduino-testlib/cli-datadir/user/libraries/Volume/src/Volume.cpp:80:19: error: &#39;WGM12&#39; was not declared in this scope
   TCCR1B |= (1 &lt;&lt; WGM12);
                   ^~~~~
/home/ec2-user/arduino-testlib/cli-datadir/user/libraries/Volume/src/Volume.cpp:82:19: error: &#39;CS12&#39; was not declared in this scope
   TCCR1B |= (0 &lt;&lt; CS12) | (0 &lt;&lt; CS11) | (1 &lt;&lt; CS10);
                   ^~~~
/home/ec2-user/arduino-testlib/cli-datadir/user/libraries/Volume/src/Volume.cpp:82:19: note: suggested alternative: &#39;p12&#39;
   TCCR1B |= (0 &lt;&lt; CS12) | (0 &lt;&lt; CS11) | (1 &lt;&lt; CS10);
                   ^~~~
                   p12
/home/ec2-user/arduino-testlib/cli-datadir/user/libraries/Volume/src/Volume.cpp:82:33: error: &#39;CS11&#39; was not declared in this scope
   TCCR1B |= (0 &lt;&lt; CS12) | (0 &lt;&lt; CS11) | (1 &lt;&lt; CS10);
                                 ^~~~
/home/ec2-user/arduino-testlib/cli-datadir/user/libraries/Volume/src/Volume.cpp:82:33: note: suggested alternative: &#39;B111&#39;
   TCCR1B |= (0 &lt;&lt; CS12) | (0 &lt;&lt; CS11) | (1 &lt;&lt; CS10);
                                 ^~~~
                                 B111
/home/ec2-user/arduino-testlib/cli-datadir/user/libraries/Volume/src/Volume.cpp:82:47: error: &#39;CS10&#39; was not declared in this scope
   TCCR1B |= (0 &lt;&lt; CS12) | (0 &lt;&lt; CS11) | (1 &lt;&lt; CS10);
                                               ^~~~
/home/ec2-user/arduino-testlib/cli-datadir/user/libraries/Volume/src/Volume.cpp:82:47: note: suggested alternative: &#39;B110&#39;
   TCCR1B |= (0 &lt;&lt; CS12) | (0 &lt;&lt; CS11) | (1 &lt;&lt; CS10);
                                               ^~~~
                                               B110
/home/ec2-user/arduino-testlib/cli-datadir/user/libraries/Volume/src/Volume.cpp:84:3: error: &#39;TIMSK1&#39; was not declared in this scope
   TIMSK1 |= (1 &lt;&lt; OCIE1A);
   ^~~~~~
/home/ec2-user/arduino-testlib/cli-datadir/user/libraries/Volume/src/Volume.cpp:84:3: note: suggested alternative: &#39;TIMER&#39;
   TIMSK1 |= (1 &lt;&lt; OCIE1A);
   ^~~~~~
   TIMER
/home/ec2-user/arduino-testlib/cli-datadir/user/libraries/Volume/src/Volume.cpp:84:19: error: &#39;OCIE1A&#39; was not declared in this scope
   TIMSK1 |= (1 &lt;&lt; OCIE1A);
                   ^~~~~~
/home/ec2-user/arduino-testlib/cli-datadir/user/libraries/Volume/src/Volume.cpp:85:3: error: &#39;sei&#39; was not declared in this scope
   sei(); // allow interrupts
   ^~~
/home/ec2-user/arduino-testlib/cli-datadir/user/libraries/Volume/src/Volume.cpp:87:3: error: &#39;TCCR0B&#39; was not declared in this scope
   TCCR0B = (TCCR0B &amp; 0b11111000) | 0x01;
   ^~~~~~
/home/ec2-user/arduino-testlib/cli-datadir/user/libraries/Volume/src/Volume.cpp: In member function &#39;void Volume::end()&#39;:
/home/ec2-user/arduino-testlib/cli-datadir/user/libraries/Volume/src/Volume.cpp:92:3: error: &#39;TCCR0B&#39; was not declared in this scope
   TCCR0B = (TCCR0B &amp; 0b11111000) | 0x03;
   ^~~~~~
/home/ec2-user/arduino-testlib/cli-datadir/user/libraries/Volume/src/Volume.cpp: In member function &#39;void Volume::tone(int, byte)&#39;:
/home/ec2-user/arduino-testlib/cli-datadir/user/libraries/Volume/src/Volume.cpp:107:15: error: &#39;F_CPU&#39; was not declared in this scope
   long _clk = F_CPU / (1 * frequency * 2) - 1;
               ^~~~~
/home/ec2-user/arduino-testlib/cli-datadir/user/libraries/Volume/src/Volume.cpp:112:3: error: &#39;cli&#39; was not declared in this scope
   cli(); // stop interrupts
   ^~~
/home/ec2-user/arduino-testlib/cli-datadir/user/libraries/Volume/src/Volume.cpp:113:3: error: &#39;OCR1A&#39; was not declared in this scope
   OCR1A = _clk;
   ^~~~~
/home/ec2-user/arduino-testlib/cli-datadir/user/libraries/Volume/src/Volume.cpp:114:3: error: &#39;sei&#39; was not declared in this scope
   sei(); // allow interrupts
   ^~~
/home/ec2-user/arduino-testlib/cli-datadir/user/libraries/Volume/src/Volume.cpp: At global scope:
/home/ec2-user/arduino-testlib/cli-datadir/user/libraries/Volume/src/Volume.cpp:151:4: error: expected constructor, destructor, or type conversion before &#39;(&#39; token
 ISR(TIMER1_COMPA_vect) {
    ^

</pre>

					
					<h4>examples/volume_1KHz</h4>
					<p>
						Result: <b>FAIL</b>
					</p>
					<pre class="pre-scrollable">WARNING: library Volume claims to run on avr architecture(s) and may be incompatible with your current board which runs on mbed_nano architecture(s).
/home/ec2-user/arduino-testlib/cli-datadir/user/libraries/Volume/src/Volume.cpp: In member function &#39;void Volume::throwError(byte)&#39;:
/home/ec2-user/arduino-testlib/cli-datadir/user/libraries/Volume/src/Volume.cpp:62:14: error: &#39;_SPEAKER&#39; was not declared in this scope
       ::tone(_SPEAKER, 500, 100);
              ^~~~~~~~
/home/ec2-user/arduino-testlib/cli-datadir/user/libraries/Volume/src/Volume.cpp:62:14: note: suggested alternative: &#39;__WEAK&#39;
       ::tone(_SPEAKER, 500, 100);
              ^~~~~~~~
              __WEAK
/home/ec2-user/arduino-testlib/cli-datadir/user/libraries/Volume/src/Volume.cpp: In member function &#39;void Volume::begin()&#39;:
/home/ec2-user/arduino-testlib/cli-datadir/user/libraries/Volume/src/Volume.cpp:71:11: error: &#39;_SPEAKER&#39; was not declared in this scope
   pinMode(_SPEAKER, OUTPUT);
           ^~~~~~~~
/home/ec2-user/arduino-testlib/cli-datadir/user/libraries/Volume/src/Volume.cpp:71:11: note: suggested alternative: &#39;__WEAK&#39;
   pinMode(_SPEAKER, OUTPUT);
           ^~~~~~~~
           __WEAK
/home/ec2-user/arduino-testlib/cli-datadir/user/libraries/Volume/src/Volume.cpp:73:3: error: &#39;cli&#39; was not declared in this scope
   cli(); // stop interrupts
   ^~~
/home/ec2-user/arduino-testlib/cli-datadir/user/libraries/Volume/src/Volume.cpp:74:3: error: &#39;TCCR1A&#39; was not declared in this scope
   TCCR1A = 0; // set entire TCCR1A register to 0
   ^~~~~~
/home/ec2-user/arduino-testlib/cli-datadir/user/libraries/Volume/src/Volume.cpp:75:3: error: &#39;TCCR1B&#39; was not declared in this scope
   TCCR1B = 0; // same for TCCR1B
   ^~~~~~
/home/ec2-user/arduino-testlib/cli-datadir/user/libraries/Volume/src/Volume.cpp:76:3: error: &#39;TCNT1&#39; was not declared in this scope
   TCNT1  = 0; // initialize counter value to 0
   ^~~~~
/home/ec2-user/arduino-testlib/cli-datadir/user/libraries/Volume/src/Volume.cpp:76:3: note: suggested alternative: &#39;SCNd16&#39;
   TCNT1  = 0; // initialize counter value to 0
   ^~~~~
   SCNd16
/home/ec2-user/arduino-testlib/cli-datadir/user/libraries/Volume/src/Volume.cpp:78:3: error: &#39;OCR1A&#39; was not declared in this scope
   OCR1A = F_CPU / (2 * 1 * 10000) - 1;
   ^~~~~
/home/ec2-user/arduino-testlib/cli-datadir/user/libraries/Volume/src/Volume.cpp:78:11: error: &#39;F_CPU&#39; was not declared in this scope
   OCR1A = F_CPU / (2 * 1 * 10000) - 1;
           ^~~~~
/home/ec2-user/arduino-testlib/cli-datadir/user/libraries/Volume/src/Volume.cpp:80:19: error: &#39;WGM12&#39; was not declared in this scope
   TCCR1B |= (1 &lt;&lt; WGM12);
                   ^~~~~
/home/ec2-user/arduino-testlib/cli-datadir/user/libraries/Volume/src/Volume.cpp:82:19: error: &#39;CS12&#39; was not declared in this scope
   TCCR1B |= (0 &lt;&lt; CS12) | (0 &lt;&lt; CS11) | (1 &lt;&lt; CS10);
                   ^~~~
/home/ec2-user/arduino-testlib/cli-datadir/user/libraries/Volume/src/Volume.cpp:82:19: note: suggested alternative: &#39;p12&#39;
   TCCR1B |= (0 &lt;&lt; CS12) | (0 &lt;&lt; CS11) | (1 &lt;&lt; CS10);
                   ^~~~
                   p12
/home/ec2-user/arduino-testlib/cli-datadir/user/libraries/Volume/src/Volume.cpp:82:33: error: &#39;CS11&#39; was not declared in this scope
   TCCR1B |= (0 &lt;&lt; CS12) | (0 &lt;&lt; CS11) | (1 &lt;&lt; CS10);
                                 ^~~~
/home/ec2-user/arduino-testlib/cli-datadir/user/libraries/Volume/src/Volume.cpp:82:33: note: suggested alternative: &#39;B111&#39;
   TCCR1B |= (0 &lt;&lt; CS12) | (0 &lt;&lt; CS11) | (1 &lt;&lt; CS10);
                                 ^~~~
                                 B111
/home/ec2-user/arduino-testlib/cli-datadir/user/libraries/Volume/src/Volume.cpp:82:47: error: &#39;CS10&#39; was not declared in this scope
   TCCR1B |= (0 &lt;&lt; CS12) | (0 &lt;&lt; CS11) | (1 &lt;&lt; CS10);
                                               ^~~~
/home/ec2-user/arduino-testlib/cli-datadir/user/libraries/Volume/src/Volume.cpp:82:47: note: suggested alternative: &#39;B110&#39;
   TCCR1B |= (0 &lt;&lt; CS12) | (0 &lt;&lt; CS11) | (1 &lt;&lt; CS10);
                                               ^~~~
                                               B110
/home/ec2-user/arduino-testlib/cli-datadir/user/libraries/Volume/src/Volume.cpp:84:3: error: &#39;TIMSK1&#39; was not declared in this scope
   TIMSK1 |= (1 &lt;&lt; OCIE1A);
   ^~~~~~
/home/ec2-user/arduino-testlib/cli-datadir/user/libraries/Volume/src/Volume.cpp:84:3: note: suggested alternative: &#39;TIMER&#39;
   TIMSK1 |= (1 &lt;&lt; OCIE1A);
   ^~~~~~
   TIMER
/home/ec2-user/arduino-testlib/cli-datadir/user/libraries/Volume/src/Volume.cpp:84:19: error: &#39;OCIE1A&#39; was not declared in this scope
   TIMSK1 |= (1 &lt;&lt; OCIE1A);
                   ^~~~~~
/home/ec2-user/arduino-testlib/cli-datadir/user/libraries/Volume/src/Volume.cpp:85:3: error: &#39;sei&#39; was not declared in this scope
   sei(); // allow interrupts
   ^~~
/home/ec2-user/arduino-testlib/cli-datadir/user/libraries/Volume/src/Volume.cpp:87:3: error: &#39;TCCR0B&#39; was not declared in this scope
   TCCR0B = (TCCR0B &amp; 0b11111000) | 0x01;
   ^~~~~~
/home/ec2-user/arduino-testlib/cli-datadir/user/libraries/Volume/src/Volume.cpp: In member function &#39;void Volume::end()&#39;:
/home/ec2-user/arduino-testlib/cli-datadir/user/libraries/Volume/src/Volume.cpp:92:3: error: &#39;TCCR0B&#39; was not declared in this scope
   TCCR0B = (TCCR0B &amp; 0b11111000) | 0x03;
   ^~~~~~
/home/ec2-user/arduino-testlib/cli-datadir/user/libraries/Volume/src/Volume.cpp: In member function &#39;void Volume::tone(int, byte)&#39;:
/home/ec2-user/arduino-testlib/cli-datadir/user/libraries/Volume/src/Volume.cpp:107:15: error: &#39;F_CPU&#39; was not declared in this scope
   long _clk = F_CPU / (1 * frequency * 2) - 1;
               ^~~~~
/home/ec2-user/arduino-testlib/cli-datadir/user/libraries/Volume/src/Volume.cpp:112:3: error: &#39;cli&#39; was not declared in this scope
   cli(); // stop interrupts
   ^~~
/home/ec2-user/arduino-testlib/cli-datadir/user/libraries/Volume/src/Volume.cpp:113:3: error: &#39;OCR1A&#39; was not declared in this scope
   OCR1A = _clk;
   ^~~~~
/home/ec2-user/arduino-testlib/cli-datadir/user/libraries/Volume/src/Volume.cpp:114:3: error: &#39;sei&#39; was not declared in this scope
   sei(); // allow interrupts
   ^~~
/home/ec2-user/arduino-testlib/cli-datadir/user/libraries/Volume/src/Volume.cpp: At global scope:
/home/ec2-user/arduino-testlib/cli-datadir/user/libraries/Volume/src/Volume.cpp:151:4: error: expected constructor, destructor, or type conversion before &#39;(&#39; token
 ISR(TIMER1_COMPA_vect) {
    ^

</pre>
					
					<h4>examples/volume_crickeduino_prank</h4>
					<p>
						Result: <b>FAIL</b>
					</p>
					<pre class="pre-scrollable">/home/ec2-user/arduino-testlib/cli-datadir/user/libraries/Volume/examples/volume_crickeduino_prank/volume_crickeduino_prank.ino:50:10: fatal error: JeeLib.h: No such file or directory
 #include &lt;JeeLib.h&gt; // Used for deep sleep
          ^~~~~~~~~~
compilation terminated.

</pre>
					
					<h4>examples/volume_test_sounds</h4>
					<p>
						Result: <b>FAIL</b>
					</p>
					<pre class="pre-scrollable">WARNING: library Volume claims to run on avr architecture(s) and may be incompatible with your current board which runs on mbed_nano architecture(s).
/home/ec2-user/arduino-testlib/cli-datadir/user/libraries/Volume/src/Volume.cpp: In member function &#39;void Volume::throwError(byte)&#39;:
/home/ec2-user/arduino-testlib/cli-datadir/user/libraries/Volume/src/Volume.cpp:62:14: error: &#39;_SPEAKER&#39; was not declared in this scope
       ::tone(_SPEAKER, 500, 100);
              ^~~~~~~~
/home/ec2-user/arduino-testlib/cli-datadir/user/libraries/Volume/src/Volume.cpp:62:14: note: suggested alternative: &#39;__WEAK&#39;
       ::tone(_SPEAKER, 500, 100);
              ^~~~~~~~
              __WEAK
/home/ec2-user/arduino-testlib/cli-datadir/user/libraries/Volume/src/Volume.cpp: In member function &#39;void Volume::begin()&#39;:
/home/ec2-user/arduino-testlib/cli-datadir/user/libraries/Volume/src/Volume.cpp:71:11: error: &#39;_SPEAKER&#39; was not declared in this scope
   pinMode(_SPEAKER, OUTPUT);
           ^~~~~~~~
/home/ec2-user/arduino-testlib/cli-datadir/user/libraries/Volume/src/Volume.cpp:71:11: note: suggested alternative: &#39;__WEAK&#39;
   pinMode(_SPEAKER, OUTPUT);
           ^~~~~~~~
           __WEAK
/home/ec2-user/arduino-testlib/cli-datadir/user/libraries/Volume/src/Volume.cpp:73:3: error: &#39;cli&#39; was not declared in this scope
   cli(); // stop interrupts
   ^~~
/home/ec2-user/arduino-testlib/cli-datadir/user/libraries/Volume/src/Volume.cpp:74:3: error: &#39;TCCR1A&#39; was not declared in this scope
   TCCR1A = 0; // set entire TCCR1A register to 0
   ^~~~~~
/home/ec2-user/arduino-testlib/cli-datadir/user/libraries/Volume/src/Volume.cpp:75:3: error: &#39;TCCR1B&#39; was not declared in this scope
   TCCR1B = 0; // same for TCCR1B
   ^~~~~~
/home/ec2-user/arduino-testlib/cli-datadir/user/libraries/Volume/src/Volume.cpp:76:3: error: &#39;TCNT1&#39; was not declared in this scope
   TCNT1  = 0; // initialize counter value to 0
   ^~~~~
/home/ec2-user/arduino-testlib/cli-datadir/user/libraries/Volume/src/Volume.cpp:76:3: note: suggested alternative: &#39;SCNd16&#39;
   TCNT1  = 0; // initialize counter value to 0
   ^~~~~
   SCNd16
/home/ec2-user/arduino-testlib/cli-datadir/user/libraries/Volume/src/Volume.cpp:78:3: error: &#39;OCR1A&#39; was not declared in this scope
   OCR1A = F_CPU / (2 * 1 * 10000) - 1;
   ^~~~~
/home/ec2-user/arduino-testlib/cli-datadir/user/libraries/Volume/src/Volume.cpp:78:11: error: &#39;F_CPU&#39; was not declared in this scope
   OCR1A = F_CPU / (2 * 1 * 10000) - 1;
           ^~~~~
/home/ec2-user/arduino-testlib/cli-datadir/user/libraries/Volume/src/Volume.cpp:80:19: error: &#39;WGM12&#39; was not declared in this scope
   TCCR1B |= (1 &lt;&lt; WGM12);
                   ^~~~~
/home/ec2-user/arduino-testlib/cli-datadir/user/libraries/Volume/src/Volume.cpp:82:19: error: &#39;CS12&#39; was not declared in this scope
   TCCR1B |= (0 &lt;&lt; CS12) | (0 &lt;&lt; CS11) | (1 &lt;&lt; CS10);
                   ^~~~
/home/ec2-user/arduino-testlib/cli-datadir/user/libraries/Volume/src/Volume.cpp:82:19: note: suggested alternative: &#39;p12&#39;
   TCCR1B |= (0 &lt;&lt; CS12) | (0 &lt;&lt; CS11) | (1 &lt;&lt; CS10);
                   ^~~~
                   p12
/home/ec2-user/arduino-testlib/cli-datadir/user/libraries/Volume/src/Volume.cpp:82:33: error: &#39;CS11&#39; was not declared in this scope
   TCCR1B |= (0 &lt;&lt; CS12) | (0 &lt;&lt; CS11) | (1 &lt;&lt; CS10);
                                 ^~~~
/home/ec2-user/arduino-testlib/cli-datadir/user/libraries/Volume/src/Volume.cpp:82:33: note: suggested alternative: &#39;B111&#39;
   TCCR1B |= (0 &lt;&lt; CS12) | (0 &lt;&lt; CS11) | (1 &lt;&lt; CS10);
                                 ^~~~
                                 B111
/home/ec2-user/arduino-testlib/cli-datadir/user/libraries/Volume/src/Volume.cpp:82:47: error: &#39;CS10&#39; was not declared in this scope
   TCCR1B |= (0 &lt;&lt; CS12) | (0 &lt;&lt; CS11) | (1 &lt;&lt; CS10);
                                               ^~~~
/home/ec2-user/arduino-testlib/cli-datadir/user/libraries/Volume/src/Volume.cpp:82:47: note: suggested alternative: &#39;B110&#39;
   TCCR1B |= (0 &lt;&lt; CS12) | (0 &lt;&lt; CS11) | (1 &lt;&lt; CS10);
                                               ^~~~
                                               B110
/home/ec2-user/arduino-testlib/cli-datadir/user/libraries/Volume/src/Volume.cpp:84:3: error: &#39;TIMSK1&#39; was not declared in this scope
   TIMSK1 |= (1 &lt;&lt; OCIE1A);
   ^~~~~~
/home/ec2-user/arduino-testlib/cli-datadir/user/libraries/Volume/src/Volume.cpp:84:3: note: suggested alternative: &#39;TIMER&#39;
   TIMSK1 |= (1 &lt;&lt; OCIE1A);
   ^~~~~~
   TIMER
/home/ec2-user/arduino-testlib/cli-datadir/user/libraries/Volume/src/Volume.cpp:84:19: error: &#39;OCIE1A&#39; was not declared in this scope
   TIMSK1 |= (1 &lt;&lt; OCIE1A);
                   ^~~~~~
/home/ec2-user/arduino-testlib/cli-datadir/user/libraries/Volume/src/Volume.cpp:85:3: error: &#39;sei&#39; was not declared in this scope
   sei(); // allow interrupts
   ^~~
/home/ec2-user/arduino-testlib/cli-datadir/user/libraries/Volume/src/Volume.cpp:87:3: error: &#39;TCCR0B&#39; was not declared in this scope
   TCCR0B = (TCCR0B &amp; 0b11111000) | 0x01;
   ^~~~~~
/home/ec2-user/arduino-testlib/cli-datadir/user/libraries/Volume/src/Volume.cpp: In member function &#39;void Volume::end()&#39;:
/home/ec2-user/arduino-testlib/cli-datadir/user/libraries/Volume/src/Volume.cpp:92:3: error: &#39;TCCR0B&#39; was not declared in this scope
   TCCR0B = (TCCR0B &amp; 0b11111000) | 0x03;
   ^~~~~~
/home/ec2-user/arduino-testlib/cli-datadir/user/libraries/Volume/src/Volume.cpp: In member function &#39;void Volume::tone(int, byte)&#39;:
/home/ec2-user/arduino-testlib/cli-datadir/user/libraries/Volume/src/Volume.cpp:107:15: error: &#39;F_CPU&#39; was not declared in this scope
   long _clk = F_CPU / (1 * frequency * 2) - 1;
               ^~~~~
/home/ec2-user/arduino-testlib/cli-datadir/user/libraries/Volume/src/Volume.cpp:112:3: error: &#39;cli&#39; was not declared in this scope
   cli(); // stop interrupts
   ^~~
/home/ec2-user/arduino-testlib/cli-datadir/user/libraries/Volume/src/Volume.cpp:113:3: error: &#39;OCR1A&#39; was not declared in this scope
   OCR1A = _clk;
   ^~~~~
/home/ec2-user/arduino-testlib/cli-datadir/user/libraries/Volume/src/Volume.cpp:114:3: error: &#39;sei&#39; was not declared in this scope
   sei(); // allow interrupts
   ^~~
/home/ec2-user/arduino-testlib/cli-datadir/user/libraries/Volume/src/Volume.cpp: At global scope:
/home/ec2-user/arduino-testlib/cli-datadir/user/libraries/Volume/src/Volume.cpp:151:4: error: expected constructor, destructor, or type conversion before &#39;(&#39; token
 ISR(TIMER1_COMPA_vect) {
    ^

</pre>
					
					<h4>examples/volume_warble</h4>
					<p>
						Result: <b>FAIL</b>
					</p>
					<pre class="pre-scrollable">WARNING: library Volume claims to run on avr architecture(s) and may be incompatible with your current board which runs on mbed_nano architecture(s).
/home/ec2-user/arduino-testlib/cli-datadir/user/libraries/Volume/src/Volume.cpp: In member function &#39;void Volume::throwError(byte)&#39;:
/home/ec2-user/arduino-testlib/cli-datadir/user/libraries/Volume/src/Volume.cpp:62:14: error: &#39;_SPEAKER&#39; was not declared in this scope
       ::tone(_SPEAKER, 500, 100);
              ^~~~~~~~
/home/ec2-user/arduino-testlib/cli-datadir/user/libraries/Volume/src/Volume.cpp:62:14: note: suggested alternative: &#39;__WEAK&#39;
       ::tone(_SPEAKER, 500, 100);
              ^~~~~~~~
              __WEAK
/home/ec2-user/arduino-testlib/cli-datadir/user/libraries/Volume/src/Volume.cpp: In member function &#39;void Volume::begin()&#39;:
/home/ec2-user/arduino-testlib/cli-datadir/user/libraries/Volume/src/Volume.cpp:71:11: error: &#39;_SPEAKER&#39; was not declared in this scope
   pinMode(_SPEAKER, OUTPUT);
           ^~~~~~~~
/home/ec2-user/arduino-testlib/cli-datadir/user/libraries/Volume/src/Volume.cpp:71:11: note: suggested alternative: &#39;__WEAK&#39;
   pinMode(_SPEAKER, OUTPUT);
           ^~~~~~~~
           __WEAK
/home/ec2-user/arduino-testlib/cli-datadir/user/libraries/Volume/src/Volume.cpp:73:3: error: &#39;cli&#39; was not declared in this scope
   cli(); // stop interrupts
   ^~~
/home/ec2-user/arduino-testlib/cli-datadir/user/libraries/Volume/src/Volume.cpp:74:3: error: &#39;TCCR1A&#39; was not declared in this scope
   TCCR1A = 0; // set entire TCCR1A register to 0
   ^~~~~~
/home/ec2-user/arduino-testlib/cli-datadir/user/libraries/Volume/src/Volume.cpp:75:3: error: &#39;TCCR1B&#39; was not declared in this scope
   TCCR1B = 0; // same for TCCR1B
   ^~~~~~
/home/ec2-user/arduino-testlib/cli-datadir/user/libraries/Volume/src/Volume.cpp:76:3: error: &#39;TCNT1&#39; was not declared in this scope
   TCNT1  = 0; // initialize counter value to 0
   ^~~~~
/home/ec2-user/arduino-testlib/cli-datadir/user/libraries/Volume/src/Volume.cpp:76:3: note: suggested alternative: &#39;SCNd16&#39;
   TCNT1  = 0; // initialize counter value to 0
   ^~~~~
   SCNd16
/home/ec2-user/arduino-testlib/cli-datadir/user/libraries/Volume/src/Volume.cpp:78:3: error: &#39;OCR1A&#39; was not declared in this scope
   OCR1A = F_CPU / (2 * 1 * 10000) - 1;
   ^~~~~
/home/ec2-user/arduino-testlib/cli-datadir/user/libraries/Volume/src/Volume.cpp:78:11: error: &#39;F_CPU&#39; was not declared in this scope
   OCR1A = F_CPU / (2 * 1 * 10000) - 1;
           ^~~~~
/home/ec2-user/arduino-testlib/cli-datadir/user/libraries/Volume/src/Volume.cpp:80:19: error: &#39;WGM12&#39; was not declared in this scope
   TCCR1B |= (1 &lt;&lt; WGM12);
                   ^~~~~
/home/ec2-user/arduino-testlib/cli-datadir/user/libraries/Volume/src/Volume.cpp:82:19: error: &#39;CS12&#39; was not declared in this scope
   TCCR1B |= (0 &lt;&lt; CS12) | (0 &lt;&lt; CS11) | (1 &lt;&lt; CS10);
                   ^~~~
/home/ec2-user/arduino-testlib/cli-datadir/user/libraries/Volume/src/Volume.cpp:82:19: note: suggested alternative: &#39;p12&#39;
   TCCR1B |= (0 &lt;&lt; CS12) | (0 &lt;&lt; CS11) | (1 &lt;&lt; CS10);
                   ^~~~
                   p12
/home/ec2-user/arduino-testlib/cli-datadir/user/libraries/Volume/src/Volume.cpp:82:33: error: &#39;CS11&#39; was not declared in this scope
   TCCR1B |= (0 &lt;&lt; CS12) | (0 &lt;&lt; CS11) | (1 &lt;&lt; CS10);
                                 ^~~~
/home/ec2-user/arduino-testlib/cli-datadir/user/libraries/Volume/src/Volume.cpp:82:33: note: suggested alternative: &#39;B111&#39;
   TCCR1B |= (0 &lt;&lt; CS12) | (0 &lt;&lt; CS11) | (1 &lt;&lt; CS10);
                                 ^~~~
                                 B111
/home/ec2-user/arduino-testlib/cli-datadir/user/libraries/Volume/src/Volume.cpp:82:47: error: &#39;CS10&#39; was not declared in this scope
   TCCR1B |= (0 &lt;&lt; CS12) | (0 &lt;&lt; CS11) | (1 &lt;&lt; CS10);
                                               ^~~~
/home/ec2-user/arduino-testlib/cli-datadir/user/libraries/Volume/src/Volume.cpp:82:47: note: suggested alternative: &#39;B110&#39;
   TCCR1B |= (0 &lt;&lt; CS12) | (0 &lt;&lt; CS11) | (1 &lt;&lt; CS10);
                                               ^~~~
                                               B110
/home/ec2-user/arduino-testlib/cli-datadir/user/libraries/Volume/src/Volume.cpp:84:3: error: &#39;TIMSK1&#39; was not declared in this scope
   TIMSK1 |= (1 &lt;&lt; OCIE1A);
   ^~~~~~
/home/ec2-user/arduino-testlib/cli-datadir/user/libraries/Volume/src/Volume.cpp:84:3: note: suggested alternative: &#39;TIMER&#39;
   TIMSK1 |= (1 &lt;&lt; OCIE1A);
   ^~~~~~
   TIMER
/home/ec2-user/arduino-testlib/cli-datadir/user/libraries/Volume/src/Volume.cpp:84:19: error: &#39;OCIE1A&#39; was not declared in this scope
   TIMSK1 |= (1 &lt;&lt; OCIE1A);
                   ^~~~~~
/home/ec2-user/arduino-testlib/cli-datadir/user/libraries/Volume/src/Volume.cpp:85:3: error: &#39;sei&#39; was not declared in this scope
   sei(); // allow interrupts
   ^~~
/home/ec2-user/arduino-testlib/cli-datadir/user/libraries/Volume/src/Volume.cpp:87:3: error: &#39;TCCR0B&#39; was not declared in this scope
   TCCR0B = (TCCR0B &amp; 0b11111000) | 0x01;
   ^~~~~~
/home/ec2-user/arduino-testlib/cli-datadir/user/libraries/Volume/src/Volume.cpp: In member function &#39;void Volume::end()&#39;:
/home/ec2-user/arduino-testlib/cli-datadir/user/libraries/Volume/src/Volume.cpp:92:3: error: &#39;TCCR0B&#39; was not declared in this scope
   TCCR0B = (TCCR0B &amp; 0b11111000) | 0x03;
   ^~~~~~
/home/ec2-user/arduino-testlib/cli-datadir/user/libraries/Volume/src/Volume.cpp: In member function &#39;void Volume::tone(int, byte)&#39;:
/home/ec2-user/arduino-testlib/cli-datadir/user/libraries/Volume/src/Volume.cpp:107:15: error: &#39;F_CPU&#39; was not declared in this scope
   long _clk = F_CPU / (1 * frequency * 2) - 1;
               ^~~~~
/home/ec2-user/arduino-testlib/cli-datadir/user/libraries/Volume/src/Volume.cpp:112:3: error: &#39;cli&#39; was not declared in this scope
   cli(); // stop interrupts
   ^~~
/home/ec2-user/arduino-testlib/cli-datadir/user/libraries/Volume/src/Volume.cpp:113:3: error: &#39;OCR1A&#39; was not declared in this scope
   OCR1A = _clk;
   ^~~~~
/home/ec2-user/arduino-testlib/cli-datadir/user/libraries/Volume/src/Volume.cpp:114:3: error: &#39;sei&#39; was not declared in this scope
   sei(); // allow interrupts
   ^~~
/home/ec2-user/arduino-testlib/cli-datadir/user/libraries/Volume/src/Volume.cpp: At global scope:
/home/ec2-user/arduino-testlib/cli-datadir/user/libraries/Volume/src/Volume.cpp:151:4: error: expected constructor, destructor, or type conversion before &#39;(&#39; token
 ISR(TIMER1_COMPA_vect) {
    ^

</pre>
					
				
				<h3 id="arduino:megaavr:nona4809">arduino:megaavr:nona4809 @ 1.8.7</h3>
				<h4>Inclusion</h4>
				<p>
					Result: <b>FAIL</b>
					
				</p>
				<pre class="pre-scrollable">WARNING: library Volume claims to run on avr architecture(s) and may be incompatible with your current board which runs on megaavr architecture(s).
/home/ec2-user/arduino-testlib/cli-datadir/user/libraries/Volume/src/Volume.cpp: In member function &#39;void Volume::throwError(byte)&#39;:
/home/ec2-user/arduino-testlib/cli-datadir/user/libraries/Volume/src/Volume.cpp:62:14: error: &#39;_SPEAKER&#39; was not declared in this scope
       ::tone(_SPEAKER, 500, 100);
              ^~~~~~~~
/home/ec2-user/arduino-testlib/cli-datadir/user/libraries/Volume/src/Volume.cpp: In member function &#39;void Volume::begin()&#39;:
/home/ec2-user/arduino-testlib/cli-datadir/user/libraries/Volume/src/Volume.cpp:71:11: error: &#39;_SPEAKER&#39; was not declared in this scope
   pinMode(_SPEAKER, OUTPUT);
           ^~~~~~~~
/home/ec2-user/arduino-testlib/cli-datadir/user/libraries/Volume/src/Volume.cpp:74:3: error: &#39;TCCR1A&#39; was not declared in this scope
   TCCR1A = 0; // set entire TCCR1A register to 0
   ^~~~~~
/home/ec2-user/arduino-testlib/cli-datadir/user/libraries/Volume/src/Volume.cpp:74:3: note: suggested alternative: &#39;TCB1&#39;
   TCCR1A = 0; // set entire TCCR1A register to 0
   ^~~~~~
   TCB1
/home/ec2-user/arduino-testlib/cli-datadir/user/libraries/Volume/src/Volume.cpp:75:3: error: &#39;TCCR1B&#39; was not declared in this scope
   TCCR1B = 0; // same for TCCR1B
   ^~~~~~
/home/ec2-user/arduino-testlib/cli-datadir/user/libraries/Volume/src/Volume.cpp:75:3: note: suggested alternative: &#39;TCB1&#39;
   TCCR1B = 0; // same for TCCR1B
   ^~~~~~
   TCB1
/home/ec2-user/arduino-testlib/cli-datadir/user/libraries/Volume/src/Volume.cpp:76:3: error: &#39;TCNT1&#39; was not declared in this scope
   TCNT1  = 0; // initialize counter value to 0
   ^~~~~
/home/ec2-user/arduino-testlib/cli-datadir/user/libraries/Volume/src/Volume.cpp:76:3: note: suggested alternative: &#39;TCB1&#39;
   TCNT1  = 0; // initialize counter value to 0
   ^~~~~
   TCB1
/home/ec2-user/arduino-testlib/cli-datadir/user/libraries/Volume/src/Volume.cpp:78:3: error: &#39;OCR1A&#39; was not declared in this scope
   OCR1A = F_CPU / (2 * 1 * 10000) - 1;
   ^~~~~
/home/ec2-user/arduino-testlib/cli-datadir/user/libraries/Volume/src/Volume.cpp:80:19: error: &#39;WGM12&#39; was not declared in this scope
   TCCR1B |= (1 &lt;&lt; WGM12);
                   ^~~~~
/home/ec2-user/arduino-testlib/cli-datadir/user/libraries/Volume/src/Volume.cpp:82:19: error: &#39;CS12&#39; was not declared in this scope
   TCCR1B |= (0 &lt;&lt; CS12) | (0 &lt;&lt; CS11) | (1 &lt;&lt; CS10);
                   ^~~~
/home/ec2-user/arduino-testlib/cli-datadir/user/libraries/Volume/src/Volume.cpp:82:33: error: &#39;CS11&#39; was not declared in this scope
   TCCR1B |= (0 &lt;&lt; CS12) | (0 &lt;&lt; CS11) | (1 &lt;&lt; CS10);
                                 ^~~~
/home/ec2-user/arduino-testlib/cli-datadir/user/libraries/Volume/src/Volume.cpp:82:33: note: suggested alternative: &#39;B111&#39;
   TCCR1B |= (0 &lt;&lt; CS12) | (0 &lt;&lt; CS11) | (1 &lt;&lt; CS10);
                                 ^~~~
                                 B111
/home/ec2-user/arduino-testlib/cli-datadir/user/libraries/Volume/src/Volume.cpp:82:47: error: &#39;CS10&#39; was not declared in this scope
   TCCR1B |= (0 &lt;&lt; CS12) | (0 &lt;&lt; CS11) | (1 &lt;&lt; CS10);
                                               ^~~~
/home/ec2-user/arduino-testlib/cli-datadir/user/libraries/Volume/src/Volume.cpp:82:47: note: suggested alternative: &#39;B110&#39;
   TCCR1B |= (0 &lt;&lt; CS12) | (0 &lt;&lt; CS11) | (1 &lt;&lt; CS10);
                                               ^~~~
                                               B110
/home/ec2-user/arduino-testlib/cli-datadir/user/libraries/Volume/src/Volume.cpp:84:3: error: &#39;TIMSK1&#39; was not declared in this scope
   TIMSK1 |= (1 &lt;&lt; OCIE1A);
   ^~~~~~
/home/ec2-user/arduino-testlib/cli-datadir/user/libraries/Volume/src/Volume.cpp:84:3: note: suggested alternative: &#39;TIMERB1&#39;
   TIMSK1 |= (1 &lt;&lt; OCIE1A);
   ^~~~~~
   TIMERB1
/home/ec2-user/arduino-testlib/cli-datadir/user/libraries/Volume/src/Volume.cpp:84:19: error: &#39;OCIE1A&#39; was not declared in this scope
   TIMSK1 |= (1 &lt;&lt; OCIE1A);
                   ^~~~~~
/home/ec2-user/arduino-testlib/cli-datadir/user/libraries/Volume/src/Volume.cpp:87:3: error: &#39;TCCR0B&#39; was not declared in this scope
   TCCR0B = (TCCR0B &amp; 0b11111000) | 0x01;
   ^~~~~~
/home/ec2-user/arduino-testlib/cli-datadir/user/libraries/Volume/src/Volume.cpp:87:3: note: suggested alternative: &#39;TCA0&#39;
   TCCR0B = (TCCR0B &amp; 0b11111000) | 0x01;
   ^~~~~~
   TCA0
/home/ec2-user/arduino-testlib/cli-datadir/user/libraries/Volume/src/Volume.cpp: In member function &#39;void Volume::end()&#39;:
/home/ec2-user/arduino-testlib/cli-datadir/user/libraries/Volume/src/Volume.cpp:92:3: error: &#39;TCCR0B&#39; was not declared in this scope
   TCCR0B = (TCCR0B &amp; 0b11111000) | 0x03;
   ^~~~~~
/home/ec2-user/arduino-testlib/cli-datadir/user/libraries/Volume/src/Volume.cpp:92:3: note: suggested alternative: &#39;TCA0&#39;
   TCCR0B = (TCCR0B &amp; 0b11111000) | 0x03;
   ^~~~~~
   TCA0
/home/ec2-user/arduino-testlib/cli-datadir/user/libraries/Volume/src/Volume.cpp: In member function &#39;void Volume::tone(int, byte)&#39;:
/home/ec2-user/arduino-testlib/cli-datadir/user/libraries/Volume/src/Volume.cpp:113:3: error: &#39;OCR1A&#39; was not declared in this scope
   OCR1A = _clk;
   ^~~~~
/home/ec2-user/arduino-testlib/cli-datadir/user/libraries/Volume/src/Volume.cpp: In function &#39;void TIMER1_COMPA_vect()&#39;:
/home/ec2-user/arduino-testlib/cli-datadir/user/libraries/Volume/src/Volume.cpp:155:19: error: &#39;_SPEAKER&#39; was not declared in this scope
       analogWrite(_SPEAKER, _toneVol * _masterVol * _fadeVol);
                   ^~~~~~~~
/home/ec2-user/arduino-testlib/cli-datadir/user/libraries/Volume/src/Volume.cpp:159:19: error: &#39;_SPEAKER&#39; was not declared in this scope
       analogWrite(_SPEAKER, 0);
                   ^~~~~~~~

</pre>

					
					<h4>examples/volume_1KHz</h4>
					<p>
						Result: <b>FAIL</b>
					</p>
					<pre class="pre-scrollable">WARNING: library Volume claims to run on avr architecture(s) and may be incompatible with your current board which runs on megaavr architecture(s).
/home/ec2-user/arduino-testlib/cli-datadir/user/libraries/Volume/src/Volume.cpp: In member function &#39;void Volume::throwError(byte)&#39;:
/home/ec2-user/arduino-testlib/cli-datadir/user/libraries/Volume/src/Volume.cpp:62:14: error: &#39;_SPEAKER&#39; was not declared in this scope
       ::tone(_SPEAKER, 500, 100);
              ^~~~~~~~
/home/ec2-user/arduino-testlib/cli-datadir/user/libraries/Volume/src/Volume.cpp: In member function &#39;void Volume::begin()&#39;:
/home/ec2-user/arduino-testlib/cli-datadir/user/libraries/Volume/src/Volume.cpp:71:11: error: &#39;_SPEAKER&#39; was not declared in this scope
   pinMode(_SPEAKER, OUTPUT);
           ^~~~~~~~
/home/ec2-user/arduino-testlib/cli-datadir/user/libraries/Volume/src/Volume.cpp:74:3: error: &#39;TCCR1A&#39; was not declared in this scope
   TCCR1A = 0; // set entire TCCR1A register to 0
   ^~~~~~
/home/ec2-user/arduino-testlib/cli-datadir/user/libraries/Volume/src/Volume.cpp:74:3: note: suggested alternative: &#39;TCB1&#39;
   TCCR1A = 0; // set entire TCCR1A register to 0
   ^~~~~~
   TCB1
/home/ec2-user/arduino-testlib/cli-datadir/user/libraries/Volume/src/Volume.cpp:75:3: error: &#39;TCCR1B&#39; was not declared in this scope
   TCCR1B = 0; // same for TCCR1B
   ^~~~~~
/home/ec2-user/arduino-testlib/cli-datadir/user/libraries/Volume/src/Volume.cpp:75:3: note: suggested alternative: &#39;TCB1&#39;
   TCCR1B = 0; // same for TCCR1B
   ^~~~~~
   TCB1
/home/ec2-user/arduino-testlib/cli-datadir/user/libraries/Volume/src/Volume.cpp:76:3: error: &#39;TCNT1&#39; was not declared in this scope
   TCNT1  = 0; // initialize counter value to 0
   ^~~~~
/home/ec2-user/arduino-testlib/cli-datadir/user/libraries/Volume/src/Volume.cpp:76:3: note: suggested alternative: &#39;TCB1&#39;
   TCNT1  = 0; // initialize counter value to 0
   ^~~~~
   TCB1
/home/ec2-user/arduino-testlib/cli-datadir/user/libraries/Volume/src/Volume.cpp:78:3: error: &#39;OCR1A&#39; was not declared in this scope
   OCR1A = F_CPU / (2 * 1 * 10000) - 1;
   ^~~~~
/home/ec2-user/arduino-testlib/cli-datadir/user/libraries/Volume/src/Volume.cpp:80:19: error: &#39;WGM12&#39; was not declared in this scope
   TCCR1B |= (1 &lt;&lt; WGM12);
                   ^~~~~
/home/ec2-user/arduino-testlib/cli-datadir/user/libraries/Volume/src/Volume.cpp:82:19: error: &#39;CS12&#39; was not declared in this scope
   TCCR1B |= (0 &lt;&lt; CS12) | (0 &lt;&lt; CS11) | (1 &lt;&lt; CS10);
                   ^~~~
/home/ec2-user/arduino-testlib/cli-datadir/user/libraries/Volume/src/Volume.cpp:82:33: error: &#39;CS11&#39; was not declared in this scope
   TCCR1B |= (0 &lt;&lt; CS12) | (0 &lt;&lt; CS11) | (1 &lt;&lt; CS10);
                                 ^~~~
/home/ec2-user/arduino-testlib/cli-datadir/user/libraries/Volume/src/Volume.cpp:82:33: note: suggested alternative: &#39;B111&#39;
   TCCR1B |= (0 &lt;&lt; CS12) | (0 &lt;&lt; CS11) | (1 &lt;&lt; CS10);
                                 ^~~~
                                 B111
/home/ec2-user/arduino-testlib/cli-datadir/user/libraries/Volume/src/Volume.cpp:82:47: error: &#39;CS10&#39; was not declared in this scope
   TCCR1B |= (0 &lt;&lt; CS12) | (0 &lt;&lt; CS11) | (1 &lt;&lt; CS10);
                                               ^~~~
/home/ec2-user/arduino-testlib/cli-datadir/user/libraries/Volume/src/Volume.cpp:82:47: note: suggested alternative: &#39;B110&#39;
   TCCR1B |= (0 &lt;&lt; CS12) | (0 &lt;&lt; CS11) | (1 &lt;&lt; CS10);
                                               ^~~~
                                               B110
/home/ec2-user/arduino-testlib/cli-datadir/user/libraries/Volume/src/Volume.cpp:84:3: error: &#39;TIMSK1&#39; was not declared in this scope
   TIMSK1 |= (1 &lt;&lt; OCIE1A);
   ^~~~~~
/home/ec2-user/arduino-testlib/cli-datadir/user/libraries/Volume/src/Volume.cpp:84:3: note: suggested alternative: &#39;TIMERB1&#39;
   TIMSK1 |= (1 &lt;&lt; OCIE1A);
   ^~~~~~
   TIMERB1
/home/ec2-user/arduino-testlib/cli-datadir/user/libraries/Volume/src/Volume.cpp:84:19: error: &#39;OCIE1A&#39; was not declared in this scope
   TIMSK1 |= (1 &lt;&lt; OCIE1A);
                   ^~~~~~
/home/ec2-user/arduino-testlib/cli-datadir/user/libraries/Volume/src/Volume.cpp:87:3: error: &#39;TCCR0B&#39; was not declared in this scope
   TCCR0B = (TCCR0B &amp; 0b11111000) | 0x01;
   ^~~~~~
/home/ec2-user/arduino-testlib/cli-datadir/user/libraries/Volume/src/Volume.cpp:87:3: note: suggested alternative: &#39;TCA0&#39;
   TCCR0B = (TCCR0B &amp; 0b11111000) | 0x01;
   ^~~~~~
   TCA0
/home/ec2-user/arduino-testlib/cli-datadir/user/libraries/Volume/src/Volume.cpp: In member function &#39;void Volume::end()&#39;:
/home/ec2-user/arduino-testlib/cli-datadir/user/libraries/Volume/src/Volume.cpp:92:3: error: &#39;TCCR0B&#39; was not declared in this scope
   TCCR0B = (TCCR0B &amp; 0b11111000) | 0x03;
   ^~~~~~
/home/ec2-user/arduino-testlib/cli-datadir/user/libraries/Volume/src/Volume.cpp:92:3: note: suggested alternative: &#39;TCA0&#39;
   TCCR0B = (TCCR0B &amp; 0b11111000) | 0x03;
   ^~~~~~
   TCA0
/home/ec2-user/arduino-testlib/cli-datadir/user/libraries/Volume/src/Volume.cpp: In member function &#39;void Volume::tone(int, byte)&#39;:
/home/ec2-user/arduino-testlib/cli-datadir/user/libraries/Volume/src/Volume.cpp:113:3: error: &#39;OCR1A&#39; was not declared in this scope
   OCR1A = _clk;
   ^~~~~
/home/ec2-user/arduino-testlib/cli-datadir/user/libraries/Volume/src/Volume.cpp: In function &#39;void TIMER1_COMPA_vect()&#39;:
/home/ec2-user/arduino-testlib/cli-datadir/user/libraries/Volume/src/Volume.cpp:155:19: error: &#39;_SPEAKER&#39; was not declared in this scope
       analogWrite(_SPEAKER, _toneVol * _masterVol * _fadeVol);
                   ^~~~~~~~
/home/ec2-user/arduino-testlib/cli-datadir/user/libraries/Volume/src/Volume.cpp:159:19: error: &#39;_SPEAKER&#39; was not declared in this scope
       analogWrite(_SPEAKER, 0);
                   ^~~~~~~~

</pre>
					
					<h4>examples/volume_crickeduino_prank</h4>
					<p>
						Result: <b>FAIL</b>
					</p>
					<pre class="pre-scrollable">/home/ec2-user/arduino-testlib/cli-datadir/user/libraries/Volume/examples/volume_crickeduino_prank/volume_crickeduino_prank.ino:50:10: fatal error: JeeLib.h: No such file or directory
 #include &lt;JeeLib.h&gt; // Used for deep sleep
          ^~~~~~~~~~
compilation terminated.

</pre>
					
					<h4>examples/volume_test_sounds</h4>
					<p>
						Result: <b>FAIL</b>
					</p>
					<pre class="pre-scrollable">WARNING: library Volume claims to run on avr architecture(s) and may be incompatible with your current board which runs on megaavr architecture(s).
/home/ec2-user/arduino-testlib/cli-datadir/user/libraries/Volume/src/Volume.cpp: In member function &#39;void Volume::throwError(byte)&#39;:
/home/ec2-user/arduino-testlib/cli-datadir/user/libraries/Volume/src/Volume.cpp:62:14: error: &#39;_SPEAKER&#39; was not declared in this scope
       ::tone(_SPEAKER, 500, 100);
              ^~~~~~~~
/home/ec2-user/arduino-testlib/cli-datadir/user/libraries/Volume/src/Volume.cpp: In member function &#39;void Volume::begin()&#39;:
/home/ec2-user/arduino-testlib/cli-datadir/user/libraries/Volume/src/Volume.cpp:71:11: error: &#39;_SPEAKER&#39; was not declared in this scope
   pinMode(_SPEAKER, OUTPUT);
           ^~~~~~~~
/home/ec2-user/arduino-testlib/cli-datadir/user/libraries/Volume/src/Volume.cpp:74:3: error: &#39;TCCR1A&#39; was not declared in this scope
   TCCR1A = 0; // set entire TCCR1A register to 0
   ^~~~~~
/home/ec2-user/arduino-testlib/cli-datadir/user/libraries/Volume/src/Volume.cpp:74:3: note: suggested alternative: &#39;TCB1&#39;
   TCCR1A = 0; // set entire TCCR1A register to 0
   ^~~~~~
   TCB1
/home/ec2-user/arduino-testlib/cli-datadir/user/libraries/Volume/src/Volume.cpp:75:3: error: &#39;TCCR1B&#39; was not declared in this scope
   TCCR1B = 0; // same for TCCR1B
   ^~~~~~
/home/ec2-user/arduino-testlib/cli-datadir/user/libraries/Volume/src/Volume.cpp:75:3: note: suggested alternative: &#39;TCB1&#39;
   TCCR1B = 0; // same for TCCR1B
   ^~~~~~
   TCB1
/home/ec2-user/arduino-testlib/cli-datadir/user/libraries/Volume/src/Volume.cpp:76:3: error: &#39;TCNT1&#39; was not declared in this scope
   TCNT1  = 0; // initialize counter value to 0
   ^~~~~
/home/ec2-user/arduino-testlib/cli-datadir/user/libraries/Volume/src/Volume.cpp:76:3: note: suggested alternative: &#39;TCB1&#39;
   TCNT1  = 0; // initialize counter value to 0
   ^~~~~
   TCB1
/home/ec2-user/arduino-testlib/cli-datadir/user/libraries/Volume/src/Volume.cpp:78:3: error: &#39;OCR1A&#39; was not declared in this scope
   OCR1A = F_CPU / (2 * 1 * 10000) - 1;
   ^~~~~
/home/ec2-user/arduino-testlib/cli-datadir/user/libraries/Volume/src/Volume.cpp:80:19: error: &#39;WGM12&#39; was not declared in this scope
   TCCR1B |= (1 &lt;&lt; WGM12);
                   ^~~~~
/home/ec2-user/arduino-testlib/cli-datadir/user/libraries/Volume/src/Volume.cpp:82:19: error: &#39;CS12&#39; was not declared in this scope
   TCCR1B |= (0 &lt;&lt; CS12) | (0 &lt;&lt; CS11) | (1 &lt;&lt; CS10);
                   ^~~~
/home/ec2-user/arduino-testlib/cli-datadir/user/libraries/Volume/src/Volume.cpp:82:33: error: &#39;CS11&#39; was not declared in this scope
   TCCR1B |= (0 &lt;&lt; CS12) | (0 &lt;&lt; CS11) | (1 &lt;&lt; CS10);
                                 ^~~~
/home/ec2-user/arduino-testlib/cli-datadir/user/libraries/Volume/src/Volume.cpp:82:33: note: suggested alternative: &#39;B111&#39;
   TCCR1B |= (0 &lt;&lt; CS12) | (0 &lt;&lt; CS11) | (1 &lt;&lt; CS10);
                                 ^~~~
                                 B111
/home/ec2-user/arduino-testlib/cli-datadir/user/libraries/Volume/src/Volume.cpp:82:47: error: &#39;CS10&#39; was not declared in this scope
   TCCR1B |= (0 &lt;&lt; CS12) | (0 &lt;&lt; CS11) | (1 &lt;&lt; CS10);
                                               ^~~~
/home/ec2-user/arduino-testlib/cli-datadir/user/libraries/Volume/src/Volume.cpp:82:47: note: suggested alternative: &#39;B110&#39;
   TCCR1B |= (0 &lt;&lt; CS12) | (0 &lt;&lt; CS11) | (1 &lt;&lt; CS10);
                                               ^~~~
                                               B110
/home/ec2-user/arduino-testlib/cli-datadir/user/libraries/Volume/src/Volume.cpp:84:3: error: &#39;TIMSK1&#39; was not declared in this scope
   TIMSK1 |= (1 &lt;&lt; OCIE1A);
   ^~~~~~
/home/ec2-user/arduino-testlib/cli-datadir/user/libraries/Volume/src/Volume.cpp:84:3: note: suggested alternative: &#39;TIMERB1&#39;
   TIMSK1 |= (1 &lt;&lt; OCIE1A);
   ^~~~~~
   TIMERB1
/home/ec2-user/arduino-testlib/cli-datadir/user/libraries/Volume/src/Volume.cpp:84:19: error: &#39;OCIE1A&#39; was not declared in this scope
   TIMSK1 |= (1 &lt;&lt; OCIE1A);
                   ^~~~~~
/home/ec2-user/arduino-testlib/cli-datadir/user/libraries/Volume/src/Volume.cpp:87:3: error: &#39;TCCR0B&#39; was not declared in this scope
   TCCR0B = (TCCR0B &amp; 0b11111000) | 0x01;
   ^~~~~~
/home/ec2-user/arduino-testlib/cli-datadir/user/libraries/Volume/src/Volume.cpp:87:3: note: suggested alternative: &#39;TCA0&#39;
   TCCR0B = (TCCR0B &amp; 0b11111000) | 0x01;
   ^~~~~~
   TCA0
/home/ec2-user/arduino-testlib/cli-datadir/user/libraries/Volume/src/Volume.cpp: In member function &#39;void Volume::end()&#39;:
/home/ec2-user/arduino-testlib/cli-datadir/user/libraries/Volume/src/Volume.cpp:92:3: error: &#39;TCCR0B&#39; was not declared in this scope
   TCCR0B = (TCCR0B &amp; 0b11111000) | 0x03;
   ^~~~~~
/home/ec2-user/arduino-testlib/cli-datadir/user/libraries/Volume/src/Volume.cpp:92:3: note: suggested alternative: &#39;TCA0&#39;
   TCCR0B = (TCCR0B &amp; 0b11111000) | 0x03;
   ^~~~~~
   TCA0
/home/ec2-user/arduino-testlib/cli-datadir/user/libraries/Volume/src/Volume.cpp: In member function &#39;void Volume::tone(int, byte)&#39;:
/home/ec2-user/arduino-testlib/cli-datadir/user/libraries/Volume/src/Volume.cpp:113:3: error: &#39;OCR1A&#39; was not declared in this scope
   OCR1A = _clk;
   ^~~~~
/home/ec2-user/arduino-testlib/cli-datadir/user/libraries/Volume/src/Volume.cpp: In function &#39;void TIMER1_COMPA_vect()&#39;:
/home/ec2-user/arduino-testlib/cli-datadir/user/libraries/Volume/src/Volume.cpp:155:19: error: &#39;_SPEAKER&#39; was not declared in this scope
       analogWrite(_SPEAKER, _toneVol * _masterVol * _fadeVol);
                   ^~~~~~~~
/home/ec2-user/arduino-testlib/cli-datadir/user/libraries/Volume/src/Volume.cpp:159:19: error: &#39;_SPEAKER&#39; was not declared in this scope
       analogWrite(_SPEAKER, 0);
                   ^~~~~~~~

</pre>
					
					<h4>examples/volume_warble</h4>
					<p>
						Result: <b>FAIL</b>
					</p>
					<pre class="pre-scrollable">WARNING: library Volume claims to run on avr architecture(s) and may be incompatible with your current board which runs on megaavr architecture(s).
/home/ec2-user/arduino-testlib/cli-datadir/user/libraries/Volume/src/Volume.cpp: In member function &#39;void Volume::throwError(byte)&#39;:
/home/ec2-user/arduino-testlib/cli-datadir/user/libraries/Volume/src/Volume.cpp:62:14: error: &#39;_SPEAKER&#39; was not declared in this scope
       ::tone(_SPEAKER, 500, 100);
              ^~~~~~~~
/home/ec2-user/arduino-testlib/cli-datadir/user/libraries/Volume/src/Volume.cpp: In member function &#39;void Volume::begin()&#39;:
/home/ec2-user/arduino-testlib/cli-datadir/user/libraries/Volume/src/Volume.cpp:71:11: error: &#39;_SPEAKER&#39; was not declared in this scope
   pinMode(_SPEAKER, OUTPUT);
           ^~~~~~~~
/home/ec2-user/arduino-testlib/cli-datadir/user/libraries/Volume/src/Volume.cpp:74:3: error: &#39;TCCR1A&#39; was not declared in this scope
   TCCR1A = 0; // set entire TCCR1A register to 0
   ^~~~~~
/home/ec2-user/arduino-testlib/cli-datadir/user/libraries/Volume/src/Volume.cpp:74:3: note: suggested alternative: &#39;TCB1&#39;
   TCCR1A = 0; // set entire TCCR1A register to 0
   ^~~~~~
   TCB1
/home/ec2-user/arduino-testlib/cli-datadir/user/libraries/Volume/src/Volume.cpp:75:3: error: &#39;TCCR1B&#39; was not declared in this scope
   TCCR1B = 0; // same for TCCR1B
   ^~~~~~
/home/ec2-user/arduino-testlib/cli-datadir/user/libraries/Volume/src/Volume.cpp:75:3: note: suggested alternative: &#39;TCB1&#39;
   TCCR1B = 0; // same for TCCR1B
   ^~~~~~
   TCB1
/home/ec2-user/arduino-testlib/cli-datadir/user/libraries/Volume/src/Volume.cpp:76:3: error: &#39;TCNT1&#39; was not declared in this scope
   TCNT1  = 0; // initialize counter value to 0
   ^~~~~
/home/ec2-user/arduino-testlib/cli-datadir/user/libraries/Volume/src/Volume.cpp:76:3: note: suggested alternative: &#39;TCB1&#39;
   TCNT1  = 0; // initialize counter value to 0
   ^~~~~
   TCB1
/home/ec2-user/arduino-testlib/cli-datadir/user/libraries/Volume/src/Volume.cpp:78:3: error: &#39;OCR1A&#39; was not declared in this scope
   OCR1A = F_CPU / (2 * 1 * 10000) - 1;
   ^~~~~
/home/ec2-user/arduino-testlib/cli-datadir/user/libraries/Volume/src/Volume.cpp:80:19: error: &#39;WGM12&#39; was not declared in this scope
   TCCR1B |= (1 &lt;&lt; WGM12);
                   ^~~~~
/home/ec2-user/arduino-testlib/cli-datadir/user/libraries/Volume/src/Volume.cpp:82:19: error: &#39;CS12&#39; was not declared in this scope
   TCCR1B |= (0 &lt;&lt; CS12) | (0 &lt;&lt; CS11) | (1 &lt;&lt; CS10);
                   ^~~~
/home/ec2-user/arduino-testlib/cli-datadir/user/libraries/Volume/src/Volume.cpp:82:33: error: &#39;CS11&#39; was not declared in this scope
   TCCR1B |= (0 &lt;&lt; CS12) | (0 &lt;&lt; CS11) | (1 &lt;&lt; CS10);
                                 ^~~~
/home/ec2-user/arduino-testlib/cli-datadir/user/libraries/Volume/src/Volume.cpp:82:33: note: suggested alternative: &#39;B111&#39;
   TCCR1B |= (0 &lt;&lt; CS12) | (0 &lt;&lt; CS11) | (1 &lt;&lt; CS10);
                                 ^~~~
                                 B111
/home/ec2-user/arduino-testlib/cli-datadir/user/libraries/Volume/src/Volume.cpp:82:47: error: &#39;CS10&#39; was not declared in this scope
   TCCR1B |= (0 &lt;&lt; CS12) | (0 &lt;&lt; CS11) | (1 &lt;&lt; CS10);
                                               ^~~~
/home/ec2-user/arduino-testlib/cli-datadir/user/libraries/Volume/src/Volume.cpp:82:47: note: suggested alternative: &#39;B110&#39;
   TCCR1B |= (0 &lt;&lt; CS12) | (0 &lt;&lt; CS11) | (1 &lt;&lt; CS10);
                                               ^~~~
                                               B110
/home/ec2-user/arduino-testlib/cli-datadir/user/libraries/Volume/src/Volume.cpp:84:3: error: &#39;TIMSK1&#39; was not declared in this scope
   TIMSK1 |= (1 &lt;&lt; OCIE1A);
   ^~~~~~
/home/ec2-user/arduino-testlib/cli-datadir/user/libraries/Volume/src/Volume.cpp:84:3: note: suggested alternative: &#39;TIMERB1&#39;
   TIMSK1 |= (1 &lt;&lt; OCIE1A);
   ^~~~~~
   TIMERB1
/home/ec2-user/arduino-testlib/cli-datadir/user/libraries/Volume/src/Volume.cpp:84:19: error: &#39;OCIE1A&#39; was not declared in this scope
   TIMSK1 |= (1 &lt;&lt; OCIE1A);
                   ^~~~~~
/home/ec2-user/arduino-testlib/cli-datadir/user/libraries/Volume/src/Volume.cpp:87:3: error: &#39;TCCR0B&#39; was not declared in this scope
   TCCR0B = (TCCR0B &amp; 0b11111000) | 0x01;
   ^~~~~~
/home/ec2-user/arduino-testlib/cli-datadir/user/libraries/Volume/src/Volume.cpp:87:3: note: suggested alternative: &#39;TCA0&#39;
   TCCR0B = (TCCR0B &amp; 0b11111000) | 0x01;
   ^~~~~~
   TCA0
/home/ec2-user/arduino-testlib/cli-datadir/user/libraries/Volume/src/Volume.cpp: In member function &#39;void Volume::end()&#39;:
/home/ec2-user/arduino-testlib/cli-datadir/user/libraries/Volume/src/Volume.cpp:92:3: error: &#39;TCCR0B&#39; was not declared in this scope
   TCCR0B = (TCCR0B &amp; 0b11111000) | 0x03;
   ^~~~~~
/home/ec2-user/arduino-testlib/cli-datadir/user/libraries/Volume/src/Volume.cpp:92:3: note: suggested alternative: &#39;TCA0&#39;
   TCCR0B = (TCCR0B &amp; 0b11111000) | 0x03;
   ^~~~~~
   TCA0
/home/ec2-user/arduino-testlib/cli-datadir/user/libraries/Volume/src/Volume.cpp: In member function &#39;void Volume::tone(int, byte)&#39;:
/home/ec2-user/arduino-testlib/cli-datadir/user/libraries/Volume/src/Volume.cpp:113:3: error: &#39;OCR1A&#39; was not declared in this scope
   OCR1A = _clk;
   ^~~~~
/home/ec2-user/arduino-testlib/cli-datadir/user/libraries/Volume/src/Volume.cpp: In function &#39;void TIMER1_COMPA_vect()&#39;:
/home/ec2-user/arduino-testlib/cli-datadir/user/libraries/Volume/src/Volume.cpp:155:19: error: &#39;_SPEAKER&#39; was not declared in this scope
       analogWrite(_SPEAKER, _toneVol * _masterVol * _fadeVol);
                   ^~~~~~~~
/home/ec2-user/arduino-testlib/cli-datadir/user/libraries/Volume/src/Volume.cpp:159:19: error: &#39;_SPEAKER&#39; was not declared in this scope
       analogWrite(_SPEAKER, 0);
                   ^~~~~~~~

</pre>
					
				
				<h3 id="arduino:samd:mkrwifi1010">arduino:samd:mkrwifi1010 @ 1.8.12</h3>
				<h4>Inclusion</h4>
				<p>
					Result: <b>FAIL</b>
					
				</p>
				<pre class="pre-scrollable">WARNING: library Volume claims to run on avr architecture(s) and may be incompatible with your current board which runs on samd architecture(s).
/home/ec2-user/arduino-testlib/cli-datadir/user/libraries/Volume/src/Volume.cpp: In member function &#39;void Volume::throwError(byte)&#39;:
/home/ec2-user/arduino-testlib/cli-datadir/user/libraries/Volume/src/Volume.cpp:62:14: error: &#39;_SPEAKER&#39; was not declared in this scope
       ::tone(_SPEAKER, 500, 100);
              ^~~~~~~~
/home/ec2-user/arduino-testlib/cli-datadir/user/libraries/Volume/src/Volume.cpp: In member function &#39;void Volume::begin()&#39;:
/home/ec2-user/arduino-testlib/cli-datadir/user/libraries/Volume/src/Volume.cpp:71:11: error: &#39;_SPEAKER&#39; was not declared in this scope
   pinMode(_SPEAKER, OUTPUT);
           ^~~~~~~~
/home/ec2-user/arduino-testlib/cli-datadir/user/libraries/Volume/src/Volume.cpp:73:3: error: &#39;cli&#39; was not declared in this scope
   cli(); // stop interrupts
   ^~~
/home/ec2-user/arduino-testlib/cli-datadir/user/libraries/Volume/src/Volume.cpp:73:3: note: suggested alternative: &#39;Gclk&#39;
   cli(); // stop interrupts
   ^~~
   Gclk
/home/ec2-user/arduino-testlib/cli-datadir/user/libraries/Volume/src/Volume.cpp:74:3: error: &#39;TCCR1A&#39; was not declared in this scope
   TCCR1A = 0; // set entire TCCR1A register to 0
   ^~~~~~
/home/ec2-user/arduino-testlib/cli-datadir/user/libraries/Volume/src/Volume.cpp:74:3: note: suggested alternative: &#39;TCC1&#39;
   TCCR1A = 0; // set entire TCCR1A register to 0
   ^~~~~~
   TCC1
/home/ec2-user/arduino-testlib/cli-datadir/user/libraries/Volume/src/Volume.cpp:75:3: error: &#39;TCCR1B&#39; was not declared in this scope
   TCCR1B = 0; // same for TCCR1B
   ^~~~~~
/home/ec2-user/arduino-testlib/cli-datadir/user/libraries/Volume/src/Volume.cpp:75:3: note: suggested alternative: &#39;TCC1&#39;
   TCCR1B = 0; // same for TCCR1B
   ^~~~~~
   TCC1
/home/ec2-user/arduino-testlib/cli-datadir/user/libraries/Volume/src/Volume.cpp:76:3: error: &#39;TCNT1&#39; was not declared in this scope
   TCNT1  = 0; // initialize counter value to 0
   ^~~~~
/home/ec2-user/arduino-testlib/cli-datadir/user/libraries/Volume/src/Volume.cpp:76:3: note: suggested alternative: &#39;TCC1&#39;
   TCNT1  = 0; // initialize counter value to 0
   ^~~~~
   TCC1
/home/ec2-user/arduino-testlib/cli-datadir/user/libraries/Volume/src/Volume.cpp:78:3: error: &#39;OCR1A&#39; was not declared in this scope
   OCR1A = F_CPU / (2 * 1 * 10000) - 1;
   ^~~~~
/home/ec2-user/arduino-testlib/cli-datadir/user/libraries/Volume/src/Volume.cpp:80:19: error: &#39;WGM12&#39; was not declared in this scope
   TCCR1B |= (1 &lt;&lt; WGM12);
                   ^~~~~
/home/ec2-user/arduino-testlib/cli-datadir/user/libraries/Volume/src/Volume.cpp:82:19: error: &#39;CS12&#39; was not declared in this scope
   TCCR1B |= (0 &lt;&lt; CS12) | (0 &lt;&lt; CS11) | (1 &lt;&lt; CS10);
                   ^~~~
/home/ec2-user/arduino-testlib/cli-datadir/user/libraries/Volume/src/Volume.cpp:82:19: note: suggested alternative: &#39;SS1&#39;
   TCCR1B |= (0 &lt;&lt; CS12) | (0 &lt;&lt; CS11) | (1 &lt;&lt; CS10);
                   ^~~~
                   SS1
/home/ec2-user/arduino-testlib/cli-datadir/user/libraries/Volume/src/Volume.cpp:82:33: error: &#39;CS11&#39; was not declared in this scope
   TCCR1B |= (0 &lt;&lt; CS12) | (0 &lt;&lt; CS11) | (1 &lt;&lt; CS10);
                                 ^~~~
/home/ec2-user/arduino-testlib/cli-datadir/user/libraries/Volume/src/Volume.cpp:82:33: note: suggested alternative: &#39;SS1&#39;
   TCCR1B |= (0 &lt;&lt; CS12) | (0 &lt;&lt; CS11) | (1 &lt;&lt; CS10);
                                 ^~~~
                                 SS1
/home/ec2-user/arduino-testlib/cli-datadir/user/libraries/Volume/src/Volume.cpp:82:47: error: &#39;CS10&#39; was not declared in this scope
   TCCR1B |= (0 &lt;&lt; CS12) | (0 &lt;&lt; CS11) | (1 &lt;&lt; CS10);
                                               ^~~~
/home/ec2-user/arduino-testlib/cli-datadir/user/libraries/Volume/src/Volume.cpp:82:47: note: suggested alternative: &#39;SS1&#39;
   TCCR1B |= (0 &lt;&lt; CS12) | (0 &lt;&lt; CS11) | (1 &lt;&lt; CS10);
                                               ^~~~
                                               SS1
/home/ec2-user/arduino-testlib/cli-datadir/user/libraries/Volume/src/Volume.cpp:84:3: error: &#39;TIMSK1&#39; was not declared in this scope
   TIMSK1 |= (1 &lt;&lt; OCIE1A);
   ^~~~~~
/home/ec2-user/arduino-testlib/cli-datadir/user/libraries/Volume/src/Volume.cpp:84:3: note: suggested alternative: &#39;MISO1&#39;
   TIMSK1 |= (1 &lt;&lt; OCIE1A);
   ^~~~~~
   MISO1
/home/ec2-user/arduino-testlib/cli-datadir/user/libraries/Volume/src/Volume.cpp:84:19: error: &#39;OCIE1A&#39; was not declared in this scope
   TIMSK1 |= (1 &lt;&lt; OCIE1A);
                   ^~~~~~
/home/ec2-user/arduino-testlib/cli-datadir/user/libraries/Volume/src/Volume.cpp:85:3: error: &#39;sei&#39; was not declared in this scope
   sei(); // allow interrupts
   ^~~
/home/ec2-user/arduino-testlib/cli-datadir/user/libraries/Volume/src/Volume.cpp:87:3: error: &#39;TCCR0B&#39; was not declared in this scope
   TCCR0B = (TCCR0B &amp; 0b11111000) | 0x01;
   ^~~~~~
/home/ec2-user/arduino-testlib/cli-datadir/user/libraries/Volume/src/Volume.cpp:87:3: note: suggested alternative: &#39;TCC0&#39;
   TCCR0B = (TCCR0B &amp; 0b11111000) | 0x01;
   ^~~~~~
   TCC0
/home/ec2-user/arduino-testlib/cli-datadir/user/libraries/Volume/src/Volume.cpp: In member function &#39;void Volume::end()&#39;:
/home/ec2-user/arduino-testlib/cli-datadir/user/libraries/Volume/src/Volume.cpp:92:3: error: &#39;TCCR0B&#39; was not declared in this scope
   TCCR0B = (TCCR0B &amp; 0b11111000) | 0x03;
   ^~~~~~
/home/ec2-user/arduino-testlib/cli-datadir/user/libraries/Volume/src/Volume.cpp:92:3: note: suggested alternative: &#39;TCC0&#39;
   TCCR0B = (TCCR0B &amp; 0b11111000) | 0x03;
   ^~~~~~
   TCC0
/home/ec2-user/arduino-testlib/cli-datadir/user/libraries/Volume/src/Volume.cpp: In member function &#39;void Volume::tone(int, byte)&#39;:
/home/ec2-user/arduino-testlib/cli-datadir/user/libraries/Volume/src/Volume.cpp:112:3: error: &#39;cli&#39; was not declared in this scope
   cli(); // stop interrupts
   ^~~
/home/ec2-user/arduino-testlib/cli-datadir/user/libraries/Volume/src/Volume.cpp:112:3: note: suggested alternative: &#39;Gclk&#39;
   cli(); // stop interrupts
   ^~~
   Gclk
/home/ec2-user/arduino-testlib/cli-datadir/user/libraries/Volume/src/Volume.cpp:113:3: error: &#39;OCR1A&#39; was not declared in this scope
   OCR1A = _clk;
   ^~~~~
/home/ec2-user/arduino-testlib/cli-datadir/user/libraries/Volume/src/Volume.cpp:114:3: error: &#39;sei&#39; was not declared in this scope
   sei(); // allow interrupts
   ^~~
/home/ec2-user/arduino-testlib/cli-datadir/user/libraries/Volume/src/Volume.cpp: At global scope:
/home/ec2-user/arduino-testlib/cli-datadir/user/libraries/Volume/src/Volume.cpp:151:4: error: expected constructor, destructor, or type conversion before &#39;(&#39; token
 ISR(TIMER1_COMPA_vect) {
    ^

</pre>

					
					<h4>examples/volume_1KHz</h4>
					<p>
						Result: <b>FAIL</b>
					</p>
					<pre class="pre-scrollable">WARNING: library Volume claims to run on avr architecture(s) and may be incompatible with your current board which runs on samd architecture(s).
/home/ec2-user/arduino-testlib/cli-datadir/user/libraries/Volume/src/Volume.cpp: In member function &#39;void Volume::throwError(byte)&#39;:
/home/ec2-user/arduino-testlib/cli-datadir/user/libraries/Volume/src/Volume.cpp:62:14: error: &#39;_SPEAKER&#39; was not declared in this scope
       ::tone(_SPEAKER, 500, 100);
              ^~~~~~~~
/home/ec2-user/arduino-testlib/cli-datadir/user/libraries/Volume/src/Volume.cpp: In member function &#39;void Volume::begin()&#39;:
/home/ec2-user/arduino-testlib/cli-datadir/user/libraries/Volume/src/Volume.cpp:71:11: error: &#39;_SPEAKER&#39; was not declared in this scope
   pinMode(_SPEAKER, OUTPUT);
           ^~~~~~~~
/home/ec2-user/arduino-testlib/cli-datadir/user/libraries/Volume/src/Volume.cpp:73:3: error: &#39;cli&#39; was not declared in this scope
   cli(); // stop interrupts
   ^~~
/home/ec2-user/arduino-testlib/cli-datadir/user/libraries/Volume/src/Volume.cpp:73:3: note: suggested alternative: &#39;Gclk&#39;
   cli(); // stop interrupts
   ^~~
   Gclk
/home/ec2-user/arduino-testlib/cli-datadir/user/libraries/Volume/src/Volume.cpp:74:3: error: &#39;TCCR1A&#39; was not declared in this scope
   TCCR1A = 0; // set entire TCCR1A register to 0
   ^~~~~~
/home/ec2-user/arduino-testlib/cli-datadir/user/libraries/Volume/src/Volume.cpp:74:3: note: suggested alternative: &#39;TCC1&#39;
   TCCR1A = 0; // set entire TCCR1A register to 0
   ^~~~~~
   TCC1
/home/ec2-user/arduino-testlib/cli-datadir/user/libraries/Volume/src/Volume.cpp:75:3: error: &#39;TCCR1B&#39; was not declared in this scope
   TCCR1B = 0; // same for TCCR1B
   ^~~~~~
/home/ec2-user/arduino-testlib/cli-datadir/user/libraries/Volume/src/Volume.cpp:75:3: note: suggested alternative: &#39;TCC1&#39;
   TCCR1B = 0; // same for TCCR1B
   ^~~~~~
   TCC1
/home/ec2-user/arduino-testlib/cli-datadir/user/libraries/Volume/src/Volume.cpp:76:3: error: &#39;TCNT1&#39; was not declared in this scope
   TCNT1  = 0; // initialize counter value to 0
   ^~~~~
/home/ec2-user/arduino-testlib/cli-datadir/user/libraries/Volume/src/Volume.cpp:76:3: note: suggested alternative: &#39;TCC1&#39;
   TCNT1  = 0; // initialize counter value to 0
   ^~~~~
   TCC1
/home/ec2-user/arduino-testlib/cli-datadir/user/libraries/Volume/src/Volume.cpp:78:3: error: &#39;OCR1A&#39; was not declared in this scope
   OCR1A = F_CPU / (2 * 1 * 10000) - 1;
   ^~~~~
/home/ec2-user/arduino-testlib/cli-datadir/user/libraries/Volume/src/Volume.cpp:80:19: error: &#39;WGM12&#39; was not declared in this scope
   TCCR1B |= (1 &lt;&lt; WGM12);
                   ^~~~~
/home/ec2-user/arduino-testlib/cli-datadir/user/libraries/Volume/src/Volume.cpp:82:19: error: &#39;CS12&#39; was not declared in this scope
   TCCR1B |= (0 &lt;&lt; CS12) | (0 &lt;&lt; CS11) | (1 &lt;&lt; CS10);
                   ^~~~
/home/ec2-user/arduino-testlib/cli-datadir/user/libraries/Volume/src/Volume.cpp:82:19: note: suggested alternative: &#39;SS1&#39;
   TCCR1B |= (0 &lt;&lt; CS12) | (0 &lt;&lt; CS11) | (1 &lt;&lt; CS10);
                   ^~~~
                   SS1
/home/ec2-user/arduino-testlib/cli-datadir/user/libraries/Volume/src/Volume.cpp:82:33: error: &#39;CS11&#39; was not declared in this scope
   TCCR1B |= (0 &lt;&lt; CS12) | (0 &lt;&lt; CS11) | (1 &lt;&lt; CS10);
                                 ^~~~
/home/ec2-user/arduino-testlib/cli-datadir/user/libraries/Volume/src/Volume.cpp:82:33: note: suggested alternative: &#39;SS1&#39;
   TCCR1B |= (0 &lt;&lt; CS12) | (0 &lt;&lt; CS11) | (1 &lt;&lt; CS10);
                                 ^~~~
                                 SS1
/home/ec2-user/arduino-testlib/cli-datadir/user/libraries/Volume/src/Volume.cpp:82:47: error: &#39;CS10&#39; was not declared in this scope
   TCCR1B |= (0 &lt;&lt; CS12) | (0 &lt;&lt; CS11) | (1 &lt;&lt; CS10);
                                               ^~~~
/home/ec2-user/arduino-testlib/cli-datadir/user/libraries/Volume/src/Volume.cpp:82:47: note: suggested alternative: &#39;SS1&#39;
   TCCR1B |= (0 &lt;&lt; CS12) | (0 &lt;&lt; CS11) | (1 &lt;&lt; CS10);
                                               ^~~~
                                               SS1
/home/ec2-user/arduino-testlib/cli-datadir/user/libraries/Volume/src/Volume.cpp:84:3: error: &#39;TIMSK1&#39; was not declared in this scope
   TIMSK1 |= (1 &lt;&lt; OCIE1A);
   ^~~~~~
/home/ec2-user/arduino-testlib/cli-datadir/user/libraries/Volume/src/Volume.cpp:84:3: note: suggested alternative: &#39;MISO1&#39;
   TIMSK1 |= (1 &lt;&lt; OCIE1A);
   ^~~~~~
   MISO1
/home/ec2-user/arduino-testlib/cli-datadir/user/libraries/Volume/src/Volume.cpp:84:19: error: &#39;OCIE1A&#39; was not declared in this scope
   TIMSK1 |= (1 &lt;&lt; OCIE1A);
                   ^~~~~~
/home/ec2-user/arduino-testlib/cli-datadir/user/libraries/Volume/src/Volume.cpp:85:3: error: &#39;sei&#39; was not declared in this scope
   sei(); // allow interrupts
   ^~~
/home/ec2-user/arduino-testlib/cli-datadir/user/libraries/Volume/src/Volume.cpp:87:3: error: &#39;TCCR0B&#39; was not declared in this scope
   TCCR0B = (TCCR0B &amp; 0b11111000) | 0x01;
   ^~~~~~
/home/ec2-user/arduino-testlib/cli-datadir/user/libraries/Volume/src/Volume.cpp:87:3: note: suggested alternative: &#39;TCC0&#39;
   TCCR0B = (TCCR0B &amp; 0b11111000) | 0x01;
   ^~~~~~
   TCC0
/home/ec2-user/arduino-testlib/cli-datadir/user/libraries/Volume/src/Volume.cpp: In member function &#39;void Volume::end()&#39;:
/home/ec2-user/arduino-testlib/cli-datadir/user/libraries/Volume/src/Volume.cpp:92:3: error: &#39;TCCR0B&#39; was not declared in this scope
   TCCR0B = (TCCR0B &amp; 0b11111000) | 0x03;
   ^~~~~~
/home/ec2-user/arduino-testlib/cli-datadir/user/libraries/Volume/src/Volume.cpp:92:3: note: suggested alternative: &#39;TCC0&#39;
   TCCR0B = (TCCR0B &amp; 0b11111000) | 0x03;
   ^~~~~~
   TCC0
/home/ec2-user/arduino-testlib/cli-datadir/user/libraries/Volume/src/Volume.cpp: In member function &#39;void Volume::tone(int, byte)&#39;:
/home/ec2-user/arduino-testlib/cli-datadir/user/libraries/Volume/src/Volume.cpp:112:3: error: &#39;cli&#39; was not declared in this scope
   cli(); // stop interrupts
   ^~~
/home/ec2-user/arduino-testlib/cli-datadir/user/libraries/Volume/src/Volume.cpp:112:3: note: suggested alternative: &#39;Gclk&#39;
   cli(); // stop interrupts
   ^~~
   Gclk
/home/ec2-user/arduino-testlib/cli-datadir/user/libraries/Volume/src/Volume.cpp:113:3: error: &#39;OCR1A&#39; was not declared in this scope
   OCR1A = _clk;
   ^~~~~
/home/ec2-user/arduino-testlib/cli-datadir/user/libraries/Volume/src/Volume.cpp:114:3: error: &#39;sei&#39; was not declared in this scope
   sei(); // allow interrupts
   ^~~
/home/ec2-user/arduino-testlib/cli-datadir/user/libraries/Volume/src/Volume.cpp: At global scope:
/home/ec2-user/arduino-testlib/cli-datadir/user/libraries/Volume/src/Volume.cpp:151:4: error: expected constructor, destructor, or type conversion before &#39;(&#39; token
 ISR(TIMER1_COMPA_vect) {
    ^

</pre>
					
					<h4>examples/volume_crickeduino_prank</h4>
					<p>
						Result: <b>FAIL</b>
					</p>
					<pre class="pre-scrollable">/home/ec2-user/arduino-testlib/cli-datadir/user/libraries/Volume/examples/volume_crickeduino_prank/volume_crickeduino_prank.ino:50:10: fatal error: JeeLib.h: No such file or directory
 #include &lt;JeeLib.h&gt; // Used for deep sleep
          ^~~~~~~~~~
compilation terminated.

</pre>
					
					<h4>examples/volume_test_sounds</h4>
					<p>
						Result: <b>FAIL</b>
					</p>
					<pre class="pre-scrollable">WARNING: library Volume claims to run on avr architecture(s) and may be incompatible with your current board which runs on samd architecture(s).
/home/ec2-user/arduino-testlib/cli-datadir/user/libraries/Volume/src/Volume.cpp: In member function &#39;void Volume::throwError(byte)&#39;:
/home/ec2-user/arduino-testlib/cli-datadir/user/libraries/Volume/src/Volume.cpp:62:14: error: &#39;_SPEAKER&#39; was not declared in this scope
       ::tone(_SPEAKER, 500, 100);
              ^~~~~~~~
/home/ec2-user/arduino-testlib/cli-datadir/user/libraries/Volume/src/Volume.cpp: In member function &#39;void Volume::begin()&#39;:
/home/ec2-user/arduino-testlib/cli-datadir/user/libraries/Volume/src/Volume.cpp:71:11: error: &#39;_SPEAKER&#39; was not declared in this scope
   pinMode(_SPEAKER, OUTPUT);
           ^~~~~~~~
/home/ec2-user/arduino-testlib/cli-datadir/user/libraries/Volume/src/Volume.cpp:73:3: error: &#39;cli&#39; was not declared in this scope
   cli(); // stop interrupts
   ^~~
/home/ec2-user/arduino-testlib/cli-datadir/user/libraries/Volume/src/Volume.cpp:73:3: note: suggested alternative: &#39;Gclk&#39;
   cli(); // stop interrupts
   ^~~
   Gclk
/home/ec2-user/arduino-testlib/cli-datadir/user/libraries/Volume/src/Volume.cpp:74:3: error: &#39;TCCR1A&#39; was not declared in this scope
   TCCR1A = 0; // set entire TCCR1A register to 0
   ^~~~~~
/home/ec2-user/arduino-testlib/cli-datadir/user/libraries/Volume/src/Volume.cpp:74:3: note: suggested alternative: &#39;TCC1&#39;
   TCCR1A = 0; // set entire TCCR1A register to 0
   ^~~~~~
   TCC1
/home/ec2-user/arduino-testlib/cli-datadir/user/libraries/Volume/src/Volume.cpp:75:3: error: &#39;TCCR1B&#39; was not declared in this scope
   TCCR1B = 0; // same for TCCR1B
   ^~~~~~
/home/ec2-user/arduino-testlib/cli-datadir/user/libraries/Volume/src/Volume.cpp:75:3: note: suggested alternative: &#39;TCC1&#39;
   TCCR1B = 0; // same for TCCR1B
   ^~~~~~
   TCC1
/home/ec2-user/arduino-testlib/cli-datadir/user/libraries/Volume/src/Volume.cpp:76:3: error: &#39;TCNT1&#39; was not declared in this scope
   TCNT1  = 0; // initialize counter value to 0
   ^~~~~
/home/ec2-user/arduino-testlib/cli-datadir/user/libraries/Volume/src/Volume.cpp:76:3: note: suggested alternative: &#39;TCC1&#39;
   TCNT1  = 0; // initialize counter value to 0
   ^~~~~
   TCC1
/home/ec2-user/arduino-testlib/cli-datadir/user/libraries/Volume/src/Volume.cpp:78:3: error: &#39;OCR1A&#39; was not declared in this scope
   OCR1A = F_CPU / (2 * 1 * 10000) - 1;
   ^~~~~
/home/ec2-user/arduino-testlib/cli-datadir/user/libraries/Volume/src/Volume.cpp:80:19: error: &#39;WGM12&#39; was not declared in this scope
   TCCR1B |= (1 &lt;&lt; WGM12);
                   ^~~~~
/home/ec2-user/arduino-testlib/cli-datadir/user/libraries/Volume/src/Volume.cpp:82:19: error: &#39;CS12&#39; was not declared in this scope
   TCCR1B |= (0 &lt;&lt; CS12) | (0 &lt;&lt; CS11) | (1 &lt;&lt; CS10);
                   ^~~~
/home/ec2-user/arduino-testlib/cli-datadir/user/libraries/Volume/src/Volume.cpp:82:19: note: suggested alternative: &#39;SS1&#39;
   TCCR1B |= (0 &lt;&lt; CS12) | (0 &lt;&lt; CS11) | (1 &lt;&lt; CS10);
                   ^~~~
                   SS1
/home/ec2-user/arduino-testlib/cli-datadir/user/libraries/Volume/src/Volume.cpp:82:33: error: &#39;CS11&#39; was not declared in this scope
   TCCR1B |= (0 &lt;&lt; CS12) | (0 &lt;&lt; CS11) | (1 &lt;&lt; CS10);
                                 ^~~~
/home/ec2-user/arduino-testlib/cli-datadir/user/libraries/Volume/src/Volume.cpp:82:33: note: suggested alternative: &#39;SS1&#39;
   TCCR1B |= (0 &lt;&lt; CS12) | (0 &lt;&lt; CS11) | (1 &lt;&lt; CS10);
                                 ^~~~
                                 SS1
/home/ec2-user/arduino-testlib/cli-datadir/user/libraries/Volume/src/Volume.cpp:82:47: error: &#39;CS10&#39; was not declared in this scope
   TCCR1B |= (0 &lt;&lt; CS12) | (0 &lt;&lt; CS11) | (1 &lt;&lt; CS10);
                                               ^~~~
/home/ec2-user/arduino-testlib/cli-datadir/user/libraries/Volume/src/Volume.cpp:82:47: note: suggested alternative: &#39;SS1&#39;
   TCCR1B |= (0 &lt;&lt; CS12) | (0 &lt;&lt; CS11) | (1 &lt;&lt; CS10);
                                               ^~~~
                                               SS1
/home/ec2-user/arduino-testlib/cli-datadir/user/libraries/Volume/src/Volume.cpp:84:3: error: &#39;TIMSK1&#39; was not declared in this scope
   TIMSK1 |= (1 &lt;&lt; OCIE1A);
   ^~~~~~
/home/ec2-user/arduino-testlib/cli-datadir/user/libraries/Volume/src/Volume.cpp:84:3: note: suggested alternative: &#39;MISO1&#39;
   TIMSK1 |= (1 &lt;&lt; OCIE1A);
   ^~~~~~
   MISO1
/home/ec2-user/arduino-testlib/cli-datadir/user/libraries/Volume/src/Volume.cpp:84:19: error: &#39;OCIE1A&#39; was not declared in this scope
   TIMSK1 |= (1 &lt;&lt; OCIE1A);
                   ^~~~~~
/home/ec2-user/arduino-testlib/cli-datadir/user/libraries/Volume/src/Volume.cpp:85:3: error: &#39;sei&#39; was not declared in this scope
   sei(); // allow interrupts
   ^~~
/home/ec2-user/arduino-testlib/cli-datadir/user/libraries/Volume/src/Volume.cpp:87:3: error: &#39;TCCR0B&#39; was not declared in this scope
   TCCR0B = (TCCR0B &amp; 0b11111000) | 0x01;
   ^~~~~~
/home/ec2-user/arduino-testlib/cli-datadir/user/libraries/Volume/src/Volume.cpp:87:3: note: suggested alternative: &#39;TCC0&#39;
   TCCR0B = (TCCR0B &amp; 0b11111000) | 0x01;
   ^~~~~~
   TCC0
/home/ec2-user/arduino-testlib/cli-datadir/user/libraries/Volume/src/Volume.cpp: In member function &#39;void Volume::end()&#39;:
/home/ec2-user/arduino-testlib/cli-datadir/user/libraries/Volume/src/Volume.cpp:92:3: error: &#39;TCCR0B&#39; was not declared in this scope
   TCCR0B = (TCCR0B &amp; 0b11111000) | 0x03;
   ^~~~~~
/home/ec2-user/arduino-testlib/cli-datadir/user/libraries/Volume/src/Volume.cpp:92:3: note: suggested alternative: &#39;TCC0&#39;
   TCCR0B = (TCCR0B &amp; 0b11111000) | 0x03;
   ^~~~~~
   TCC0
/home/ec2-user/arduino-testlib/cli-datadir/user/libraries/Volume/src/Volume.cpp: In member function &#39;void Volume::tone(int, byte)&#39;:
/home/ec2-user/arduino-testlib/cli-datadir/user/libraries/Volume/src/Volume.cpp:112:3: error: &#39;cli&#39; was not declared in this scope
   cli(); // stop interrupts
   ^~~
/home/ec2-user/arduino-testlib/cli-datadir/user/libraries/Volume/src/Volume.cpp:112:3: note: suggested alternative: &#39;Gclk&#39;
   cli(); // stop interrupts
   ^~~
   Gclk
/home/ec2-user/arduino-testlib/cli-datadir/user/libraries/Volume/src/Volume.cpp:113:3: error: &#39;OCR1A&#39; was not declared in this scope
   OCR1A = _clk;
   ^~~~~
/home/ec2-user/arduino-testlib/cli-datadir/user/libraries/Volume/src/Volume.cpp:114:3: error: &#39;sei&#39; was not declared in this scope
   sei(); // allow interrupts
   ^~~
/home/ec2-user/arduino-testlib/cli-datadir/user/libraries/Volume/src/Volume.cpp: At global scope:
/home/ec2-user/arduino-testlib/cli-datadir/user/libraries/Volume/src/Volume.cpp:151:4: error: expected constructor, destructor, or type conversion before &#39;(&#39; token
 ISR(TIMER1_COMPA_vect) {
    ^

</pre>
					
					<h4>examples/volume_warble</h4>
					<p>
						Result: <b>FAIL</b>
					</p>
					<pre class="pre-scrollable">WARNING: library Volume claims to run on avr architecture(s) and may be incompatible with your current board which runs on samd architecture(s).
/home/ec2-user/arduino-testlib/cli-datadir/user/libraries/Volume/src/Volume.cpp: In member function &#39;void Volume::throwError(byte)&#39;:
/home/ec2-user/arduino-testlib/cli-datadir/user/libraries/Volume/src/Volume.cpp:62:14: error: &#39;_SPEAKER&#39; was not declared in this scope
       ::tone(_SPEAKER, 500, 100);
              ^~~~~~~~
/home/ec2-user/arduino-testlib/cli-datadir/user/libraries/Volume/src/Volume.cpp: In member function &#39;void Volume::begin()&#39;:
/home/ec2-user/arduino-testlib/cli-datadir/user/libraries/Volume/src/Volume.cpp:71:11: error: &#39;_SPEAKER&#39; was not declared in this scope
   pinMode(_SPEAKER, OUTPUT);
           ^~~~~~~~
/home/ec2-user/arduino-testlib/cli-datadir/user/libraries/Volume/src/Volume.cpp:73:3: error: &#39;cli&#39; was not declared in this scope
   cli(); // stop interrupts
   ^~~
/home/ec2-user/arduino-testlib/cli-datadir/user/libraries/Volume/src/Volume.cpp:73:3: note: suggested alternative: &#39;Gclk&#39;
   cli(); // stop interrupts
   ^~~
   Gclk
/home/ec2-user/arduino-testlib/cli-datadir/user/libraries/Volume/src/Volume.cpp:74:3: error: &#39;TCCR1A&#39; was not declared in this scope
   TCCR1A = 0; // set entire TCCR1A register to 0
   ^~~~~~
/home/ec2-user/arduino-testlib/cli-datadir/user/libraries/Volume/src/Volume.cpp:74:3: note: suggested alternative: &#39;TCC1&#39;
   TCCR1A = 0; // set entire TCCR1A register to 0
   ^~~~~~
   TCC1
/home/ec2-user/arduino-testlib/cli-datadir/user/libraries/Volume/src/Volume.cpp:75:3: error: &#39;TCCR1B&#39; was not declared in this scope
   TCCR1B = 0; // same for TCCR1B
   ^~~~~~
/home/ec2-user/arduino-testlib/cli-datadir/user/libraries/Volume/src/Volume.cpp:75:3: note: suggested alternative: &#39;TCC1&#39;
   TCCR1B = 0; // same for TCCR1B
   ^~~~~~
   TCC1
/home/ec2-user/arduino-testlib/cli-datadir/user/libraries/Volume/src/Volume.cpp:76:3: error: &#39;TCNT1&#39; was not declared in this scope
   TCNT1  = 0; // initialize counter value to 0
   ^~~~~
/home/ec2-user/arduino-testlib/cli-datadir/user/libraries/Volume/src/Volume.cpp:76:3: note: suggested alternative: &#39;TCC1&#39;
   TCNT1  = 0; // initialize counter value to 0
   ^~~~~
   TCC1
/home/ec2-user/arduino-testlib/cli-datadir/user/libraries/Volume/src/Volume.cpp:78:3: error: &#39;OCR1A&#39; was not declared in this scope
   OCR1A = F_CPU / (2 * 1 * 10000) - 1;
   ^~~~~
/home/ec2-user/arduino-testlib/cli-datadir/user/libraries/Volume/src/Volume.cpp:80:19: error: &#39;WGM12&#39; was not declared in this scope
   TCCR1B |= (1 &lt;&lt; WGM12);
                   ^~~~~
/home/ec2-user/arduino-testlib/cli-datadir/user/libraries/Volume/src/Volume.cpp:82:19: error: &#39;CS12&#39; was not declared in this scope
   TCCR1B |= (0 &lt;&lt; CS12) | (0 &lt;&lt; CS11) | (1 &lt;&lt; CS10);
                   ^~~~
/home/ec2-user/arduino-testlib/cli-datadir/user/libraries/Volume/src/Volume.cpp:82:19: note: suggested alternative: &#39;SS1&#39;
   TCCR1B |= (0 &lt;&lt; CS12) | (0 &lt;&lt; CS11) | (1 &lt;&lt; CS10);
                   ^~~~
                   SS1
/home/ec2-user/arduino-testlib/cli-datadir/user/libraries/Volume/src/Volume.cpp:82:33: error: &#39;CS11&#39; was not declared in this scope
   TCCR1B |= (0 &lt;&lt; CS12) | (0 &lt;&lt; CS11) | (1 &lt;&lt; CS10);
                                 ^~~~
/home/ec2-user/arduino-testlib/cli-datadir/user/libraries/Volume/src/Volume.cpp:82:33: note: suggested alternative: &#39;SS1&#39;
   TCCR1B |= (0 &lt;&lt; CS12) | (0 &lt;&lt; CS11) | (1 &lt;&lt; CS10);
                                 ^~~~
                                 SS1
/home/ec2-user/arduino-testlib/cli-datadir/user/libraries/Volume/src/Volume.cpp:82:47: error: &#39;CS10&#39; was not declared in this scope
   TCCR1B |= (0 &lt;&lt; CS12) | (0 &lt;&lt; CS11) | (1 &lt;&lt; CS10);
                                               ^~~~
/home/ec2-user/arduino-testlib/cli-datadir/user/libraries/Volume/src/Volume.cpp:82:47: note: suggested alternative: &#39;SS1&#39;
   TCCR1B |= (0 &lt;&lt; CS12) | (0 &lt;&lt; CS11) | (1 &lt;&lt; CS10);
                                               ^~~~
                                               SS1
/home/ec2-user/arduino-testlib/cli-datadir/user/libraries/Volume/src/Volume.cpp:84:3: error: &#39;TIMSK1&#39; was not declared in this scope
   TIMSK1 |= (1 &lt;&lt; OCIE1A);
   ^~~~~~
/home/ec2-user/arduino-testlib/cli-datadir/user/libraries/Volume/src/Volume.cpp:84:3: note: suggested alternative: &#39;MISO1&#39;
   TIMSK1 |= (1 &lt;&lt; OCIE1A);
   ^~~~~~
   MISO1
/home/ec2-user/arduino-testlib/cli-datadir/user/libraries/Volume/src/Volume.cpp:84:19: error: &#39;OCIE1A&#39; was not declared in this scope
   TIMSK1 |= (1 &lt;&lt; OCIE1A);
                   ^~~~~~
/home/ec2-user/arduino-testlib/cli-datadir/user/libraries/Volume/src/Volume.cpp:85:3: error: &#39;sei&#39; was not declared in this scope
   sei(); // allow interrupts
   ^~~
/home/ec2-user/arduino-testlib/cli-datadir/user/libraries/Volume/src/Volume.cpp:87:3: error: &#39;TCCR0B&#39; was not declared in this scope
   TCCR0B = (TCCR0B &amp; 0b11111000) | 0x01;
   ^~~~~~
/home/ec2-user/arduino-testlib/cli-datadir/user/libraries/Volume/src/Volume.cpp:87:3: note: suggested alternative: &#39;TCC0&#39;
   TCCR0B = (TCCR0B &amp; 0b11111000) | 0x01;
   ^~~~~~
   TCC0
/home/ec2-user/arduino-testlib/cli-datadir/user/libraries/Volume/src/Volume.cpp: In member function &#39;void Volume::end()&#39;:
/home/ec2-user/arduino-testlib/cli-datadir/user/libraries/Volume/src/Volume.cpp:92:3: error: &#39;TCCR0B&#39; was not declared in this scope
   TCCR0B = (TCCR0B &amp; 0b11111000) | 0x03;
   ^~~~~~
/home/ec2-user/arduino-testlib/cli-datadir/user/libraries/Volume/src/Volume.cpp:92:3: note: suggested alternative: &#39;TCC0&#39;
   TCCR0B = (TCCR0B &amp; 0b11111000) | 0x03;
   ^~~~~~
   TCC0
/home/ec2-user/arduino-testlib/cli-datadir/user/libraries/Volume/src/Volume.cpp: In member function &#39;void Volume::tone(int, byte)&#39;:
/home/ec2-user/arduino-testlib/cli-datadir/user/libraries/Volume/src/Volume.cpp:112:3: error: &#39;cli&#39; was not declared in this scope
   cli(); // stop interrupts
   ^~~
/home/ec2-user/arduino-testlib/cli-datadir/user/libraries/Volume/src/Volume.cpp:112:3: note: suggested alternative: &#39;Gclk&#39;
   cli(); // stop interrupts
   ^~~
   Gclk
/home/ec2-user/arduino-testlib/cli-datadir/user/libraries/Volume/src/Volume.cpp:113:3: error: &#39;OCR1A&#39; was not declared in this scope
   OCR1A = _clk;
   ^~~~~
/home/ec2-user/arduino-testlib/cli-datadir/user/libraries/Volume/src/Volume.cpp:114:3: error: &#39;sei&#39; was not declared in this scope
   sei(); // allow interrupts
   ^~~
/home/ec2-user/arduino-testlib/cli-datadir/user/libraries/Volume/src/Volume.cpp: At global scope:
/home/ec2-user/arduino-testlib/cli-datadir/user/libraries/Volume/src/Volume.cpp:151:4: error: expected constructor, destructor, or type conversion before &#39;(&#39; token
 ISR(TIMER1_COMPA_vect) {
    ^

</pre>
					
				
				<h3 id="esp32:esp32:d1_mini32">esp32:esp32:d1_mini32 @ 1.0.6</h3>
				<h4>Inclusion</h4>
				<p>
					Result: <b>FAIL</b>
					
				</p>
				<pre class="pre-scrollable">WARNING: library Volume claims to run on avr architecture(s) and may be incompatible with your current board which runs on esp32 architecture(s).
/home/ec2-user/arduino-testlib/cli-datadir/user/libraries/Volume/src/Volume.cpp: In member function &#39;void Volume::throwError(byte)&#39;:
/home/ec2-user/arduino-testlib/cli-datadir/user/libraries/Volume/src/Volume.cpp:62:7: error: &#39;::tone&#39; has not been declared
       ::tone(_SPEAKER, 500, 100);
       ^
/home/ec2-user/arduino-testlib/cli-datadir/user/libraries/Volume/src/Volume.cpp:62:14: error: &#39;_SPEAKER&#39; was not declared in this scope
       ::tone(_SPEAKER, 500, 100);
              ^
/home/ec2-user/arduino-testlib/cli-datadir/user/libraries/Volume/src/Volume.cpp: In member function &#39;void Volume::begin()&#39;:
/home/ec2-user/arduino-testlib/cli-datadir/user/libraries/Volume/src/Volume.cpp:71:11: error: &#39;_SPEAKER&#39; was not declared in this scope
   pinMode(_SPEAKER, OUTPUT);
           ^
/home/ec2-user/arduino-testlib/cli-datadir/user/libraries/Volume/src/Volume.cpp:74:3: error: &#39;TCCR1A&#39; was not declared in this scope
   TCCR1A = 0; // set entire TCCR1A register to 0
   ^
/home/ec2-user/arduino-testlib/cli-datadir/user/libraries/Volume/src/Volume.cpp:75:3: error: &#39;TCCR1B&#39; was not declared in this scope
   TCCR1B = 0; // same for TCCR1B
   ^
/home/ec2-user/arduino-testlib/cli-datadir/user/libraries/Volume/src/Volume.cpp:76:3: error: &#39;TCNT1&#39; was not declared in this scope
   TCNT1  = 0; // initialize counter value to 0
   ^
/home/ec2-user/arduino-testlib/cli-datadir/user/libraries/Volume/src/Volume.cpp:78:3: error: &#39;OCR1A&#39; was not declared in this scope
   OCR1A = F_CPU / (2 * 1 * 10000) - 1;
   ^
/home/ec2-user/arduino-testlib/cli-datadir/user/libraries/Volume/src/Volume.cpp:80:19: error: &#39;WGM12&#39; was not declared in this scope
   TCCR1B |= (1 &lt;&lt; WGM12);
                   ^
/home/ec2-user/arduino-testlib/cli-datadir/user/libraries/Volume/src/Volume.cpp:82:19: error: &#39;CS12&#39; was not declared in this scope
   TCCR1B |= (0 &lt;&lt; CS12) | (0 &lt;&lt; CS11) | (1 &lt;&lt; CS10);
                   ^
/home/ec2-user/arduino-testlib/cli-datadir/user/libraries/Volume/src/Volume.cpp:82:33: error: &#39;CS11&#39; was not declared in this scope
   TCCR1B |= (0 &lt;&lt; CS12) | (0 &lt;&lt; CS11) | (1 &lt;&lt; CS10);
                                 ^
/home/ec2-user/arduino-testlib/cli-datadir/user/libraries/Volume/src/Volume.cpp:82:47: error: &#39;CS10&#39; was not declared in this scope
   TCCR1B |= (0 &lt;&lt; CS12) | (0 &lt;&lt; CS11) | (1 &lt;&lt; CS10);
                                               ^
/home/ec2-user/arduino-testlib/cli-datadir/user/libraries/Volume/src/Volume.cpp:84:3: error: &#39;TIMSK1&#39; was not declared in this scope
   TIMSK1 |= (1 &lt;&lt; OCIE1A);
   ^
/home/ec2-user/arduino-testlib/cli-datadir/user/libraries/Volume/src/Volume.cpp:84:19: error: &#39;OCIE1A&#39; was not declared in this scope
   TIMSK1 |= (1 &lt;&lt; OCIE1A);
                   ^
/home/ec2-user/arduino-testlib/cli-datadir/user/libraries/Volume/src/Volume.cpp:87:3: error: &#39;TCCR0B&#39; was not declared in this scope
   TCCR0B = (TCCR0B &amp; 0b11111000) | 0x01;
   ^
/home/ec2-user/arduino-testlib/cli-datadir/user/libraries/Volume/src/Volume.cpp: In member function &#39;void Volume::end()&#39;:
/home/ec2-user/arduino-testlib/cli-datadir/user/libraries/Volume/src/Volume.cpp:92:3: error: &#39;TCCR0B&#39; was not declared in this scope
   TCCR0B = (TCCR0B &amp; 0b11111000) | 0x03;
   ^
/home/ec2-user/arduino-testlib/cli-datadir/user/libraries/Volume/src/Volume.cpp: In member function &#39;void Volume::tone(int, byte)&#39;:
/home/ec2-user/arduino-testlib/cli-datadir/user/libraries/Volume/src/Volume.cpp:113:3: error: &#39;OCR1A&#39; was not declared in this scope
   OCR1A = _clk;
   ^
/home/ec2-user/arduino-testlib/cli-datadir/user/libraries/Volume/src/Volume.cpp: At global scope:
/home/ec2-user/arduino-testlib/cli-datadir/user/libraries/Volume/src/Volume.cpp:151:4: error: expected constructor, destructor, or type conversion before &#39;(&#39; token
 ISR(TIMER1_COMPA_vect) {
    ^

</pre>

					
					<h4>examples/volume_1KHz</h4>
					<p>
						Result: <b>FAIL</b>
					</p>
					<pre class="pre-scrollable">WARNING: library Volume claims to run on avr architecture(s) and may be incompatible with your current board which runs on esp32 architecture(s).
/home/ec2-user/arduino-testlib/cli-datadir/user/libraries/Volume/src/Volume.cpp: In member function &#39;void Volume::throwError(byte)&#39;:
/home/ec2-user/arduino-testlib/cli-datadir/user/libraries/Volume/src/Volume.cpp:62:7: error: &#39;::tone&#39; has not been declared
       ::tone(_SPEAKER, 500, 100);
       ^
/home/ec2-user/arduino-testlib/cli-datadir/user/libraries/Volume/src/Volume.cpp:62:14: error: &#39;_SPEAKER&#39; was not declared in this scope
       ::tone(_SPEAKER, 500, 100);
              ^
/home/ec2-user/arduino-testlib/cli-datadir/user/libraries/Volume/src/Volume.cpp: In member function &#39;void Volume::begin()&#39;:
/home/ec2-user/arduino-testlib/cli-datadir/user/libraries/Volume/src/Volume.cpp:71:11: error: &#39;_SPEAKER&#39; was not declared in this scope
   pinMode(_SPEAKER, OUTPUT);
           ^
/home/ec2-user/arduino-testlib/cli-datadir/user/libraries/Volume/src/Volume.cpp:74:3: error: &#39;TCCR1A&#39; was not declared in this scope
   TCCR1A = 0; // set entire TCCR1A register to 0
   ^
/home/ec2-user/arduino-testlib/cli-datadir/user/libraries/Volume/src/Volume.cpp:75:3: error: &#39;TCCR1B&#39; was not declared in this scope
   TCCR1B = 0; // same for TCCR1B
   ^
/home/ec2-user/arduino-testlib/cli-datadir/user/libraries/Volume/src/Volume.cpp:76:3: error: &#39;TCNT1&#39; was not declared in this scope
   TCNT1  = 0; // initialize counter value to 0
   ^
/home/ec2-user/arduino-testlib/cli-datadir/user/libraries/Volume/src/Volume.cpp:78:3: error: &#39;OCR1A&#39; was not declared in this scope
   OCR1A = F_CPU / (2 * 1 * 10000) - 1;
   ^
/home/ec2-user/arduino-testlib/cli-datadir/user/libraries/Volume/src/Volume.cpp:80:19: error: &#39;WGM12&#39; was not declared in this scope
   TCCR1B |= (1 &lt;&lt; WGM12);
                   ^
/home/ec2-user/arduino-testlib/cli-datadir/user/libraries/Volume/src/Volume.cpp:82:19: error: &#39;CS12&#39; was not declared in this scope
   TCCR1B |= (0 &lt;&lt; CS12) | (0 &lt;&lt; CS11) | (1 &lt;&lt; CS10);
                   ^
/home/ec2-user/arduino-testlib/cli-datadir/user/libraries/Volume/src/Volume.cpp:82:33: error: &#39;CS11&#39; was not declared in this scope
   TCCR1B |= (0 &lt;&lt; CS12) | (0 &lt;&lt; CS11) | (1 &lt;&lt; CS10);
                                 ^
/home/ec2-user/arduino-testlib/cli-datadir/user/libraries/Volume/src/Volume.cpp:82:47: error: &#39;CS10&#39; was not declared in this scope
   TCCR1B |= (0 &lt;&lt; CS12) | (0 &lt;&lt; CS11) | (1 &lt;&lt; CS10);
                                               ^
/home/ec2-user/arduino-testlib/cli-datadir/user/libraries/Volume/src/Volume.cpp:84:3: error: &#39;TIMSK1&#39; was not declared in this scope
   TIMSK1 |= (1 &lt;&lt; OCIE1A);
   ^
/home/ec2-user/arduino-testlib/cli-datadir/user/libraries/Volume/src/Volume.cpp:84:19: error: &#39;OCIE1A&#39; was not declared in this scope
   TIMSK1 |= (1 &lt;&lt; OCIE1A);
                   ^
/home/ec2-user/arduino-testlib/cli-datadir/user/libraries/Volume/src/Volume.cpp:87:3: error: &#39;TCCR0B&#39; was not declared in this scope
   TCCR0B = (TCCR0B &amp; 0b11111000) | 0x01;
   ^
/home/ec2-user/arduino-testlib/cli-datadir/user/libraries/Volume/src/Volume.cpp: In member function &#39;void Volume::end()&#39;:
/home/ec2-user/arduino-testlib/cli-datadir/user/libraries/Volume/src/Volume.cpp:92:3: error: &#39;TCCR0B&#39; was not declared in this scope
   TCCR0B = (TCCR0B &amp; 0b11111000) | 0x03;
   ^
/home/ec2-user/arduino-testlib/cli-datadir/user/libraries/Volume/src/Volume.cpp: In member function &#39;void Volume::tone(int, byte)&#39;:
/home/ec2-user/arduino-testlib/cli-datadir/user/libraries/Volume/src/Volume.cpp:113:3: error: &#39;OCR1A&#39; was not declared in this scope
   OCR1A = _clk;
   ^
/home/ec2-user/arduino-testlib/cli-datadir/user/libraries/Volume/src/Volume.cpp: At global scope:
/home/ec2-user/arduino-testlib/cli-datadir/user/libraries/Volume/src/Volume.cpp:151:4: error: expected constructor, destructor, or type conversion before &#39;(&#39; token
 ISR(TIMER1_COMPA_vect) {
    ^

</pre>
					
					<h4>examples/volume_crickeduino_prank</h4>
					<p>
						Result: <b>FAIL</b>
					</p>
					<pre class="pre-scrollable">/home/ec2-user/arduino-testlib/cli-datadir/user/libraries/Volume/examples/volume_crickeduino_prank/volume_crickeduino_prank.ino:50:43: fatal error: JeeLib.h: No such file or directory
compilation terminated.

</pre>
					
					<h4>examples/volume_test_sounds</h4>
					<p>
						Result: <b>FAIL</b>
					</p>
					<pre class="pre-scrollable">WARNING: library Volume claims to run on avr architecture(s) and may be incompatible with your current board which runs on esp32 architecture(s).
/home/ec2-user/arduino-testlib/cli-datadir/user/libraries/Volume/src/Volume.cpp: In member function &#39;void Volume::throwError(byte)&#39;:
/home/ec2-user/arduino-testlib/cli-datadir/user/libraries/Volume/src/Volume.cpp:62:7: error: &#39;::tone&#39; has not been declared
       ::tone(_SPEAKER, 500, 100);
       ^
/home/ec2-user/arduino-testlib/cli-datadir/user/libraries/Volume/src/Volume.cpp:62:14: error: &#39;_SPEAKER&#39; was not declared in this scope
       ::tone(_SPEAKER, 500, 100);
              ^
/home/ec2-user/arduino-testlib/cli-datadir/user/libraries/Volume/src/Volume.cpp: In member function &#39;void Volume::begin()&#39;:
/home/ec2-user/arduino-testlib/cli-datadir/user/libraries/Volume/src/Volume.cpp:71:11: error: &#39;_SPEAKER&#39; was not declared in this scope
   pinMode(_SPEAKER, OUTPUT);
           ^
/home/ec2-user/arduino-testlib/cli-datadir/user/libraries/Volume/src/Volume.cpp:74:3: error: &#39;TCCR1A&#39; was not declared in this scope
   TCCR1A = 0; // set entire TCCR1A register to 0
   ^
/home/ec2-user/arduino-testlib/cli-datadir/user/libraries/Volume/src/Volume.cpp:75:3: error: &#39;TCCR1B&#39; was not declared in this scope
   TCCR1B = 0; // same for TCCR1B
   ^
/home/ec2-user/arduino-testlib/cli-datadir/user/libraries/Volume/src/Volume.cpp:76:3: error: &#39;TCNT1&#39; was not declared in this scope
   TCNT1  = 0; // initialize counter value to 0
   ^
/home/ec2-user/arduino-testlib/cli-datadir/user/libraries/Volume/src/Volume.cpp:78:3: error: &#39;OCR1A&#39; was not declared in this scope
   OCR1A = F_CPU / (2 * 1 * 10000) - 1;
   ^
/home/ec2-user/arduino-testlib/cli-datadir/user/libraries/Volume/src/Volume.cpp:80:19: error: &#39;WGM12&#39; was not declared in this scope
   TCCR1B |= (1 &lt;&lt; WGM12);
                   ^
/home/ec2-user/arduino-testlib/cli-datadir/user/libraries/Volume/src/Volume.cpp:82:19: error: &#39;CS12&#39; was not declared in this scope
   TCCR1B |= (0 &lt;&lt; CS12) | (0 &lt;&lt; CS11) | (1 &lt;&lt; CS10);
                   ^
/home/ec2-user/arduino-testlib/cli-datadir/user/libraries/Volume/src/Volume.cpp:82:33: error: &#39;CS11&#39; was not declared in this scope
   TCCR1B |= (0 &lt;&lt; CS12) | (0 &lt;&lt; CS11) | (1 &lt;&lt; CS10);
                                 ^
/home/ec2-user/arduino-testlib/cli-datadir/user/libraries/Volume/src/Volume.cpp:82:47: error: &#39;CS10&#39; was not declared in this scope
   TCCR1B |= (0 &lt;&lt; CS12) | (0 &lt;&lt; CS11) | (1 &lt;&lt; CS10);
                                               ^
/home/ec2-user/arduino-testlib/cli-datadir/user/libraries/Volume/src/Volume.cpp:84:3: error: &#39;TIMSK1&#39; was not declared in this scope
   TIMSK1 |= (1 &lt;&lt; OCIE1A);
   ^
/home/ec2-user/arduino-testlib/cli-datadir/user/libraries/Volume/src/Volume.cpp:84:19: error: &#39;OCIE1A&#39; was not declared in this scope
   TIMSK1 |= (1 &lt;&lt; OCIE1A);
                   ^
/home/ec2-user/arduino-testlib/cli-datadir/user/libraries/Volume/src/Volume.cpp:87:3: error: &#39;TCCR0B&#39; was not declared in this scope
   TCCR0B = (TCCR0B &amp; 0b11111000) | 0x01;
   ^
/home/ec2-user/arduino-testlib/cli-datadir/user/libraries/Volume/src/Volume.cpp: In member function &#39;void Volume::end()&#39;:
/home/ec2-user/arduino-testlib/cli-datadir/user/libraries/Volume/src/Volume.cpp:92:3: error: &#39;TCCR0B&#39; was not declared in this scope
   TCCR0B = (TCCR0B &amp; 0b11111000) | 0x03;
   ^
/home/ec2-user/arduino-testlib/cli-datadir/user/libraries/Volume/src/Volume.cpp: In member function &#39;void Volume::tone(int, byte)&#39;:
/home/ec2-user/arduino-testlib/cli-datadir/user/libraries/Volume/src/Volume.cpp:113:3: error: &#39;OCR1A&#39; was not declared in this scope
   OCR1A = _clk;
   ^
/home/ec2-user/arduino-testlib/cli-datadir/user/libraries/Volume/src/Volume.cpp: At global scope:
/home/ec2-user/arduino-testlib/cli-datadir/user/libraries/Volume/src/Volume.cpp:151:4: error: expected constructor, destructor, or type conversion before &#39;(&#39; token
 ISR(TIMER1_COMPA_vect) {
    ^

</pre>
					
					<h4>examples/volume_warble</h4>
					<p>
						Result: <b>FAIL</b>
					</p>
					<pre class="pre-scrollable">WARNING: library Volume claims to run on avr architecture(s) and may be incompatible with your current board which runs on esp32 architecture(s).
/home/ec2-user/arduino-testlib/cli-datadir/user/libraries/Volume/src/Volume.cpp: In member function &#39;void Volume::throwError(byte)&#39;:
/home/ec2-user/arduino-testlib/cli-datadir/user/libraries/Volume/src/Volume.cpp:62:7: error: &#39;::tone&#39; has not been declared
       ::tone(_SPEAKER, 500, 100);
       ^
/home/ec2-user/arduino-testlib/cli-datadir/user/libraries/Volume/src/Volume.cpp:62:14: error: &#39;_SPEAKER&#39; was not declared in this scope
       ::tone(_SPEAKER, 500, 100);
              ^
/home/ec2-user/arduino-testlib/cli-datadir/user/libraries/Volume/src/Volume.cpp: In member function &#39;void Volume::begin()&#39;:
/home/ec2-user/arduino-testlib/cli-datadir/user/libraries/Volume/src/Volume.cpp:71:11: error: &#39;_SPEAKER&#39; was not declared in this scope
   pinMode(_SPEAKER, OUTPUT);
           ^
/home/ec2-user/arduino-testlib/cli-datadir/user/libraries/Volume/src/Volume.cpp:74:3: error: &#39;TCCR1A&#39; was not declared in this scope
   TCCR1A = 0; // set entire TCCR1A register to 0
   ^
/home/ec2-user/arduino-testlib/cli-datadir/user/libraries/Volume/src/Volume.cpp:75:3: error: &#39;TCCR1B&#39; was not declared in this scope
   TCCR1B = 0; // same for TCCR1B
   ^
/home/ec2-user/arduino-testlib/cli-datadir/user/libraries/Volume/src/Volume.cpp:76:3: error: &#39;TCNT1&#39; was not declared in this scope
   TCNT1  = 0; // initialize counter value to 0
   ^
/home/ec2-user/arduino-testlib/cli-datadir/user/libraries/Volume/src/Volume.cpp:78:3: error: &#39;OCR1A&#39; was not declared in this scope
   OCR1A = F_CPU / (2 * 1 * 10000) - 1;
   ^
/home/ec2-user/arduino-testlib/cli-datadir/user/libraries/Volume/src/Volume.cpp:80:19: error: &#39;WGM12&#39; was not declared in this scope
   TCCR1B |= (1 &lt;&lt; WGM12);
                   ^
/home/ec2-user/arduino-testlib/cli-datadir/user/libraries/Volume/src/Volume.cpp:82:19: error: &#39;CS12&#39; was not declared in this scope
   TCCR1B |= (0 &lt;&lt; CS12) | (0 &lt;&lt; CS11) | (1 &lt;&lt; CS10);
                   ^
/home/ec2-user/arduino-testlib/cli-datadir/user/libraries/Volume/src/Volume.cpp:82:33: error: &#39;CS11&#39; was not declared in this scope
   TCCR1B |= (0 &lt;&lt; CS12) | (0 &lt;&lt; CS11) | (1 &lt;&lt; CS10);
                                 ^
/home/ec2-user/arduino-testlib/cli-datadir/user/libraries/Volume/src/Volume.cpp:82:47: error: &#39;CS10&#39; was not declared in this scope
   TCCR1B |= (0 &lt;&lt; CS12) | (0 &lt;&lt; CS11) | (1 &lt;&lt; CS10);
                                               ^
/home/ec2-user/arduino-testlib/cli-datadir/user/libraries/Volume/src/Volume.cpp:84:3: error: &#39;TIMSK1&#39; was not declared in this scope
   TIMSK1 |= (1 &lt;&lt; OCIE1A);
   ^
/home/ec2-user/arduino-testlib/cli-datadir/user/libraries/Volume/src/Volume.cpp:84:19: error: &#39;OCIE1A&#39; was not declared in this scope
   TIMSK1 |= (1 &lt;&lt; OCIE1A);
                   ^
/home/ec2-user/arduino-testlib/cli-datadir/user/libraries/Volume/src/Volume.cpp:87:3: error: &#39;TCCR0B&#39; was not declared in this scope
   TCCR0B = (TCCR0B &amp; 0b11111000) | 0x01;
   ^
/home/ec2-user/arduino-testlib/cli-datadir/user/libraries/Volume/src/Volume.cpp: In member function &#39;void Volume::end()&#39;:
/home/ec2-user/arduino-testlib/cli-datadir/user/libraries/Volume/src/Volume.cpp:92:3: error: &#39;TCCR0B&#39; was not declared in this scope
   TCCR0B = (TCCR0B &amp; 0b11111000) | 0x03;
   ^
/home/ec2-user/arduino-testlib/cli-datadir/user/libraries/Volume/src/Volume.cpp: In member function &#39;void Volume::tone(int, byte)&#39;:
/home/ec2-user/arduino-testlib/cli-datadir/user/libraries/Volume/src/Volume.cpp:113:3: error: &#39;OCR1A&#39; was not declared in this scope
   OCR1A = _clk;
   ^
/home/ec2-user/arduino-testlib/cli-datadir/user/libraries/Volume/src/Volume.cpp: At global scope:
/home/ec2-user/arduino-testlib/cli-datadir/user/libraries/Volume/src/Volume.cpp:151:4: error: expected constructor, destructor, or type conversion before &#39;(&#39; token
 ISR(TIMER1_COMPA_vect) {
    ^

</pre>
					
				
			</div>
		</div>
	</div>
  </body>
</html>
