
<!doctype html>
<html lang="en">
  <head>
    <meta charset="utf-8">
    <meta name="viewport" content="width=device-width, initial-scale=1">
    <link href="https://cdn.jsdelivr.net/npm/bootstrap@5.0.2/dist/css/bootstrap.min.css" rel="stylesheet" integrity="sha384-EVSTQN3/azprG1Anm3QDgpJLIm9Nao0Yz1ztcQTwFspd3yD65VohhpuuCOmLASjC" crossorigin="anonymous">
    <title>arduino-testlib report</title>
	<style>
	.pass { background-color: #00FF00 !important; }
	.fail { background-color: #FF0000 !important; }
	</style>
  </head>
  <body>
	<div class="container">
		<div class="row">
			<div class="col">
				<h1>Wasm3 - compatibility matrix</h1>
				<p>
					<small>This report was generated on Wednesday, 23-Feb-22 22:48:15 CET using 
					<a href="https://github.com/alranel/arduino-testlib">arduino-testlib</a>.</small>
				</p>

				<h2>Wasm3</h2>
				<p>
					Version: <b>0.5.0</b>
					<br />
					<a href="https://www.arduino.cc/reference/en/libraries/wasm3/">More details</a>
				</p>

				<h2>Compatibility matrix</h2>
				<table class="table table-bordered">
					<tr>
						<th>Board</th>
						<th>Claims compatibility</th>
						<th>Inclusion</th>
						
						<th><pre>Wasm_Blink</pre></th>
						
						<th><pre>Wasm_CoreMark</pre></th>
						
						<th><pre>Wasm_Dino_ESP32_TDisplay</pre></th>
						
						<th><pre>Wasm_Dino_PyBadge</pre></th>
						
						<th><pre>Wasm_Fibonacci</pre></th>
						
					</tr>
					
					<tr>
						<td>
							<a href="#arduino%3aavr%3auno"><b>arduino:avr:uno</b></a>
							<br />
							<small>1.8.4</small>
						</td>

						
							<td>Yes</td>
							<td class="pass">PASS</td>
						
						
						
						

						
							
								
									
										
											
											<td class="fail">FAIL</td>
										
									
										
									
										
									
										
									
										
									
								
							
								
							
								
							
								
							
								
							
						
							
								
									
										
									
										
											
											<td class="fail">FAIL</td>
										
									
										
									
										
									
										
									
								
							
								
							
								
							
								
							
								
							
						
							
								
									
										
									
										
									
										
											
											<td class="fail">FAIL</td>
										
									
										
									
										
									
								
							
								
							
								
							
								
							
								
							
						
							
								
									
										
									
										
									
										
									
										
											
											<td class="fail">FAIL</td>
										
									
										
									
								
							
								
							
								
							
								
							
								
							
						
							
								
									
										
									
										
									
										
									
										
									
										
											
											<td class="fail">FAIL</td>
										
									
								
							
								
							
								
							
								
							
								
							
						
					</tr>
					
					<tr>
						<td>
							<a href="#arduino%3ambed_nano%3ananorp2040connect"><b>arduino:mbed_nano:nanorp2040connect</b></a>
							<br />
							<small>2.7.2</small>
						</td>

						
							<td>Yes</td>
							<td class="pass">PASS</td>
						
						
						
						

						
							
								
							
								
									
										
											
											<td class="fail">FAIL</td>
										
									
										
									
										
									
										
									
										
									
								
							
								
							
								
							
								
							
						
							
								
							
								
									
										
									
										
											
											<td class="fail">FAIL</td>
										
									
										
									
										
									
										
									
								
							
								
							
								
							
								
							
						
							
								
							
								
									
										
									
										
									
										
											
											<td class="fail">FAIL</td>
										
									
										
									
										
									
								
							
								
							
								
							
								
							
						
							
								
							
								
									
										
									
										
									
										
									
										
											
											<td class="fail">FAIL</td>
										
									
										
									
								
							
								
							
								
							
								
							
						
							
								
							
								
									
										
									
										
									
										
									
										
									
										
											<td class="pass">PASS</td>
											
										
									
								
							
								
							
								
							
								
							
						
					</tr>
					
					<tr>
						<td>
							<a href="#arduino%3amegaavr%3anona4809"><b>arduino:megaavr:nona4809</b></a>
							<br />
							<small>1.8.7</small>
						</td>

						
							<td>Yes</td>
							<td class="pass">PASS</td>
						
						
						
						

						
							
								
							
								
							
								
									
										
											
											<td class="fail">FAIL</td>
										
									
										
									
										
									
										
									
										
									
								
							
								
							
								
							
						
							
								
							
								
							
								
									
										
									
										
											
											<td class="fail">FAIL</td>
										
									
										
									
										
									
										
									
								
							
								
							
								
							
						
							
								
							
								
							
								
									
										
									
										
									
										
											
											<td class="fail">FAIL</td>
										
									
										
									
										
									
								
							
								
							
								
							
						
							
								
							
								
							
								
									
										
									
										
									
										
									
										
											
											<td class="fail">FAIL</td>
										
									
										
									
								
							
								
							
								
							
						
							
								
							
								
							
								
									
										
									
										
									
										
									
										
									
										
											
											<td class="fail">FAIL</td>
										
									
								
							
								
							
								
							
						
					</tr>
					
					<tr>
						<td>
							<a href="#arduino%3asamd%3amkrwifi1010"><b>arduino:samd:mkrwifi1010</b></a>
							<br />
							<small>1.8.12</small>
						</td>

						
							<td>Yes</td>
							<td class="pass">PASS</td>
						
						
						
						

						
							
								
							
								
							
								
							
								
									
										
											
											<td class="fail">FAIL</td>
										
									
										
									
										
									
										
									
										
									
								
							
								
							
						
							
								
							
								
							
								
							
								
									
										
									
										
											
											<td class="fail">FAIL</td>
										
									
										
									
										
									
										
									
								
							
								
							
						
							
								
							
								
							
								
							
								
									
										
									
										
									
										
											
											<td class="fail">FAIL</td>
										
									
										
									
										
									
								
							
								
							
						
							
								
							
								
							
								
							
								
									
										
									
										
									
										
									
										
											
											<td class="fail">FAIL</td>
										
									
										
									
								
							
								
							
						
							
								
							
								
							
								
							
								
									
										
									
										
									
										
									
										
									
										
											<td class="pass">PASS</td>
											
										
									
								
							
								
							
						
					</tr>
					
					<tr>
						<td>
							<a href="#esp32%3aesp32%3ad1_mini32"><b>esp32:esp32:d1_mini32</b></a>
							<br />
							<small>1.0.6</small>
						</td>

						
							<td>Yes</td>
							<td class="pass">PASS</td>
						
						
						
						

						
							
								
							
								
							
								
							
								
							
								
									
										
											
											<td class="fail">FAIL</td>
										
									
										
									
										
									
										
									
										
									
								
							
						
							
								
							
								
							
								
							
								
							
								
									
										
									
										
											
											<td class="fail">FAIL</td>
										
									
										
									
										
									
										
									
								
							
						
							
								
							
								
							
								
							
								
							
								
									
										
									
										
									
										
											
											<td class="fail">FAIL</td>
										
									
										
									
										
									
								
							
						
							
								
							
								
							
								
							
								
							
								
									
										
									
										
									
										
									
										
											
											<td class="fail">FAIL</td>
										
									
										
									
								
							
						
							
								
							
								
							
								
							
								
							
								
									
										
									
										
									
										
									
										
									
										
											<td class="pass">PASS</td>
											
										
									
								
							
						
					</tr>
					
				</table>

				<h2>Compilation logs</h2>
				
				<h3 id="arduino:avr:uno">arduino:avr:uno @ 1.8.4</h3>
				<h4>Inclusion</h4>
				<p>
					Result: <b>PASS</b>
					
				</p>
				<pre class="pre-scrollable">Sketch uses 444 bytes (1%) of program storage space. Maximum is 32256 bytes.
Global variables use 9 bytes (0%) of dynamic memory, leaving 2039 bytes for local variables. Maximum is 2048 bytes.
</pre>

					
					<h4>examples/Wasm_Blink</h4>
					<p>
						Result: <b>FAIL</b>
					</p>
					<pre class="pre-scrollable">/Users/alranel/Documents/git/arduino/arduino-testlib/cli-datadir/user/libraries/Wasm3/examples/Wasm_Blink/Wasm_Blink.ino: In function &#39;const char* LinkArduino(IM3Runtime)&#39;:
/Users/alranel/Documents/git/arduino/arduino-testlib/cli-datadir/user/libraries/Wasm3/examples/Wasm_Blink/Wasm_Blink.ino:134:31: error: invalid use of incomplete type &#39;struct M3Runtime&#39;
     IM3Module module = runtime-&gt;modules;
                               ^~
In file included from /Users/alranel/Documents/git/arduino/arduino-testlib/cli-datadir/user/libraries/Wasm3/examples/Wasm_Blink/Wasm_Blink.ino:7:0:
/Users/alranel/Documents/git/arduino/arduino-testlib/cli-datadir/user/libraries/Wasm3/src/wasm3.h:30:8: note: forward declaration of &#39;struct M3Runtime&#39;
 struct M3Runtime;       typedef struct M3Runtime *      IM3Runtime;
        ^~~~~~~~~
/Users/alranel/Documents/git/arduino/arduino-testlib/cli-datadir/user/libraries/Wasm3/examples/Wasm_Blink/Wasm_Blink.ino:134:33: error: invalid use of incomplete type &#39;struct M3Runtime&#39;
     IM3Module module = runtime-&gt;modules;
                                 ^~~~~~~
In file included from /Users/alranel/Documents/git/arduino/arduino-testlib/cli-datadir/user/libraries/Wasm3/examples/Wasm_Blink/Wasm_Blink.ino:7:0:
/Users/alranel/Documents/git/arduino/arduino-testlib/cli-datadir/user/libraries/Wasm3/src/wasm3.h:30:8: note: forward declaration of &#39;struct M3Runtime&#39;
 struct M3Runtime;       typedef struct M3Runtime *      IM3Runtime;
        ^~~~~~~~~
/Users/alranel/Documents/git/arduino/arduino-testlib/cli-datadir/user/libraries/Wasm3/examples/Wasm_Blink/Wasm_Blink.ino: In function &#39;void wasm_task(void*)&#39;:
/Users/alranel/Documents/git/arduino/arduino-testlib/cli-datadir/user/libraries/Wasm3/examples/Wasm_Blink/Wasm_Blink.ino:166:12: error: invalid use of incomplete type &#39;struct M3Runtime&#39;
     runtime-&gt;memoryLimit = WASM_MEMORY_LIMIT;
            ^~
In file included from /Users/alranel/Documents/git/arduino/arduino-testlib/cli-datadir/user/libraries/Wasm3/examples/Wasm_Blink/Wasm_Blink.ino:7:0:
/Users/alranel/Documents/git/arduino/arduino-testlib/cli-datadir/user/libraries/Wasm3/src/wasm3.h:30:8: note: forward declaration of &#39;struct M3Runtime&#39;
 struct M3Runtime;       typedef struct M3Runtime *      IM3Runtime;
        ^~~~~~~~~
/Users/alranel/Documents/git/arduino/arduino-testlib/cli-datadir/user/libraries/Wasm3/examples/Wasm_Blink/Wasm_Blink.ino:166:14: error: invalid use of incomplete type &#39;struct M3Runtime&#39;
     runtime-&gt;memoryLimit = WASM_MEMORY_LIMIT;
              ^~~~~~~~~~~
In file included from /Users/alranel/Documents/git/arduino/arduino-testlib/cli-datadir/user/libraries/Wasm3/examples/Wasm_Blink/Wasm_Blink.ino:7:0:
/Users/alranel/Documents/git/arduino/arduino-testlib/cli-datadir/user/libraries/Wasm3/src/wasm3.h:30:8: note: forward declaration of &#39;struct M3Runtime&#39;
 struct M3Runtime;       typedef struct M3Runtime *      IM3Runtime;
        ^~~~~~~~~

</pre>
					
					<h4>examples/Wasm_CoreMark</h4>
					<p>
						Result: <b>FAIL</b>
					</p>
					<pre class="pre-scrollable">/Users/alranel/Documents/git/arduino/arduino-testlib/cli-datadir/user/libraries/Wasm3/examples/Wasm_CoreMark/Wasm_CoreMark.ino: In function &#39;void setup()&#39;:
/Users/alranel/Documents/git/arduino/arduino-testlib/cli-datadir/user/libraries/Wasm3/examples/Wasm_CoreMark/Wasm_CoreMark.ino:85:12: error: invalid use of incomplete type &#39;struct M3Runtime&#39;
     runtime-&gt;memoryLimit = 3*1024;
            ^~
In file included from /Users/alranel/Documents/git/arduino/arduino-testlib/cli-datadir/user/libraries/Wasm3/examples/Wasm_CoreMark/Wasm_CoreMark.ino:7:0:
/Users/alranel/Documents/git/arduino/arduino-testlib/cli-datadir/user/libraries/Wasm3/src/wasm3.h:30:8: note: forward declaration of &#39;struct M3Runtime&#39;
 struct M3Runtime;       typedef struct M3Runtime *      IM3Runtime;
        ^~~~~~~~~
/Users/alranel/Documents/git/arduino/arduino-testlib/cli-datadir/user/libraries/Wasm3/examples/Wasm_CoreMark/Wasm_CoreMark.ino:85:14: error: invalid use of incomplete type &#39;struct M3Runtime&#39;
     runtime-&gt;memoryLimit = 3*1024;
              ^~~~~~~~~~~
In file included from /Users/alranel/Documents/git/arduino/arduino-testlib/cli-datadir/user/libraries/Wasm3/examples/Wasm_CoreMark/Wasm_CoreMark.ino:7:0:
/Users/alranel/Documents/git/arduino/arduino-testlib/cli-datadir/user/libraries/Wasm3/src/wasm3.h:30:8: note: forward declaration of &#39;struct M3Runtime&#39;
 struct M3Runtime;       typedef struct M3Runtime *      IM3Runtime;
        ^~~~~~~~~

</pre>
					
					<h4>examples/Wasm_Dino_ESP32_TDisplay</h4>
					<p>
						Result: <b>FAIL</b>
					</p>
					<pre class="pre-scrollable">In file included from /Users/alranel/Documents/git/arduino/arduino-testlib/cli-datadir/user/libraries/Wasm3/examples/Wasm_Dino_ESP32_TDisplay/Wasm_Dino_ESP32_TDisplay.ino:9:0:
/Users/alranel/Documents/git/arduino/arduino-testlib/cli-datadir/user/libraries/Wasm3/examples/Wasm_Dino_ESP32_TDisplay/NotoSansBold15.h:20:10: fatal error: pgmspace.h: No such file or directory
 #include &lt;pgmspace.h&gt;
          ^~~~~~~~~~~~
compilation terminated.

</pre>
					
					<h4>examples/Wasm_Dino_PyBadge</h4>
					<p>
						Result: <b>FAIL</b>
					</p>
					<pre class="pre-scrollable">/Users/alranel/Documents/git/arduino/arduino-testlib/cli-datadir/user/libraries/Wasm3/examples/Wasm_Dino_PyBadge/Wasm_Dino_PyBadge.ino: In function &#39;const void* Math_random(IM3Runtime, IM3ImportContext, uint64_t*, void*)&#39;:
/Users/alranel/Documents/git/arduino/arduino-testlib/cli-datadir/user/libraries/Wasm3/examples/Wasm_Dino_PyBadge/Wasm_Dino_PyBadge.ino:39:29: error: &#39;INT_MAX&#39; was not declared in this scope
     float r = (float)random(INT_MAX)/INT_MAX;
                             ^~~~~~~
/Users/alranel/Documents/git/arduino/arduino-testlib/cli-datadir/user/libraries/Wasm3/examples/Wasm_Dino_PyBadge/Wasm_Dino_PyBadge.ino:39:29: note: suggested alternative: &#39;INT8_MAX&#39;
     float r = (float)random(INT_MAX)/INT_MAX;
                             ^~~~~~~
                             INT8_MAX
/Users/alranel/Documents/git/arduino/arduino-testlib/cli-datadir/user/libraries/Wasm3/examples/Wasm_Dino_PyBadge/Wasm_Dino_PyBadge.ino: At global scope:
/Users/alranel/Documents/git/arduino/arduino-testlib/cli-datadir/user/libraries/Wasm3/examples/Wasm_Dino_PyBadge/Wasm_Dino_PyBadge.ino:59:1: error: &#39;Adafruit_Arcada&#39; does not name a type; did you mean &#39;Adafruit_SPITFT&#39;?
 Adafruit_Arcada arcada;
 ^~~~~~~~~~~~~~~
 Adafruit_SPITFT
/Users/alranel/Documents/git/arduino/arduino-testlib/cli-datadir/user/libraries/Wasm3/examples/Wasm_Dino_PyBadge/Wasm_Dino_PyBadge.ino: In function &#39;void init_device()&#39;:
/Users/alranel/Documents/git/arduino/arduino-testlib/cli-datadir/user/libraries/Wasm3/examples/Wasm_Dino_PyBadge/Wasm_Dino_PyBadge.ino:101:55: error: &#39;INT_MAX&#39; was not declared in this scope
     Serial.print(&#34;Random: 0x&#34;); Serial.println(random(INT_MAX), HEX);
                                                       ^~~~~~~
/Users/alranel/Documents/git/arduino/arduino-testlib/cli-datadir/user/libraries/Wasm3/examples/Wasm_Dino_PyBadge/Wasm_Dino_PyBadge.ino:101:55: note: suggested alternative: &#39;INT8_MAX&#39;
     Serial.print(&#34;Random: 0x&#34;); Serial.println(random(INT_MAX), HEX);
                                                       ^~~~~~~
                                                       INT8_MAX
/Users/alranel/Documents/git/arduino/arduino-testlib/cli-datadir/user/libraries/Wasm3/examples/Wasm_Dino_PyBadge/Wasm_Dino_PyBadge.ino:103:10: error: &#39;arcada&#39; was not declared in this scope
     if (!arcada.arcadaBegin()) {
          ^~~~~~
/Users/alranel/Documents/git/arduino/arduino-testlib/cli-datadir/user/libraries/Wasm3/examples/Wasm_Dino_PyBadge/Wasm_Dino_PyBadge.ino:103:10: note: suggested alternative: &#39;fread&#39;
     if (!arcada.arcadaBegin()) {
          ^~~~~~
          fread
/Users/alranel/Documents/git/arduino/arduino-testlib/cli-datadir/user/libraries/Wasm3/examples/Wasm_Dino_PyBadge/Wasm_Dino_PyBadge.ino:106:5: error: &#39;arcada&#39; was not declared in this scope
     arcada.displayBegin();
     ^~~~~~
/Users/alranel/Documents/git/arduino/arduino-testlib/cli-datadir/user/libraries/Wasm3/examples/Wasm_Dino_PyBadge/Wasm_Dino_PyBadge.ino:106:5: note: suggested alternative: &#39;fread&#39;
     arcada.displayBegin();
     ^~~~~~
     fread
/Users/alranel/Documents/git/arduino/arduino-testlib/cli-datadir/user/libraries/Wasm3/examples/Wasm_Dino_PyBadge/Wasm_Dino_PyBadge.ino: In function &#39;void display_info()&#39;:
/Users/alranel/Documents/git/arduino/arduino-testlib/cli-datadir/user/libraries/Wasm3/examples/Wasm_Dino_PyBadge/Wasm_Dino_PyBadge.ino:112:5: error: &#39;arcada&#39; was not declared in this scope
     arcada.display-&gt;fillScreen(ARCADA_WHITE);
     ^~~~~~
/Users/alranel/Documents/git/arduino/arduino-testlib/cli-datadir/user/libraries/Wasm3/examples/Wasm_Dino_PyBadge/Wasm_Dino_PyBadge.ino:112:5: note: suggested alternative: &#39;fread&#39;
     arcada.display-&gt;fillScreen(ARCADA_WHITE);
     ^~~~~~
     fread
/Users/alranel/Documents/git/arduino/arduino-testlib/cli-datadir/user/libraries/Wasm3/examples/Wasm_Dino_PyBadge/Wasm_Dino_PyBadge.ino: In function &#39;void setup()&#39;:
/Users/alranel/Documents/git/arduino/arduino-testlib/cli-datadir/user/libraries/Wasm3/examples/Wasm_Dino_PyBadge/Wasm_Dino_PyBadge.ino:150:34: error: &#39;arcada&#39; was not declared in this scope
       uint32_t pressed_buttons = arcada.readButtons();
                                  ^~~~~~
/Users/alranel/Documents/git/arduino/arduino-testlib/cli-datadir/user/libraries/Wasm3/examples/Wasm_Dino_PyBadge/Wasm_Dino_PyBadge.ino:150:34: note: suggested alternative: &#39;fread&#39;
       uint32_t pressed_buttons = arcada.readButtons();
                                  ^~~~~~
                                  fread
Multiple libraries were found for &#34;Adafruit_NeoPixel.h&#34;
  Used: /Users/alranel/Documents/git/arduino/arduino-testlib/cli-datadir/user/libraries/Adafruit_NeoPixel
  Not used: /Users/alranel/Documents/git/arduino/arduino-testlib/cli-datadir/user/libraries/Pinduino
  Not used: /Users/alranel/Documents/git/arduino/arduino-testlib/cli-datadir/user/libraries/Leaphy_Extra_Extension
</pre>
					
					<h4>examples/Wasm_Fibonacci</h4>
					<p>
						Result: <b>FAIL</b>
					</p>
					<pre class="pre-scrollable">Sketch uses 123414 bytes (382%) of program storage space. Maximum is 32256 bytes.
Global variables use 5738 bytes (280%) of dynamic memory, leaving -3690 bytes for local variables. Maximum is 2048 bytes.
Sketch too big; see https://support.arduino.cc/hc/en-us/articles/360013825179 for tips on reducing it.
</pre>
					
				
				<h3 id="arduino:mbed_nano:nanorp2040connect">arduino:mbed_nano:nanorp2040connect @ 2.7.2</h3>
				<h4>Inclusion</h4>
				<p>
					Result: <b>PASS</b>
					
				</p>
				<pre class="pre-scrollable">Sketch uses 78756 bytes (0%) of program storage space. Maximum is 16777216 bytes.
Global variables use 43444 bytes (16%) of dynamic memory, leaving 226892 bytes for local variables. Maximum is 270336 bytes.
</pre>

					
					<h4>examples/Wasm_Blink</h4>
					<p>
						Result: <b>FAIL</b>
					</p>
					<pre class="pre-scrollable">/home/ec2-user/arduino-testlib/cli-datadir/user/libraries/Wasm3/examples/Wasm_Blink/Wasm_Blink.ino: In function &#39;const char* LinkArduino(IM3Runtime)&#39;:
/home/ec2-user/arduino-testlib/cli-datadir/user/libraries/Wasm3/examples/Wasm_Blink/Wasm_Blink.ino:134:31: error: invalid use of incomplete type &#39;struct M3Runtime&#39;
     IM3Module module = runtime-&gt;modules;
                               ^~
In file included from /home/ec2-user/arduino-testlib/cli-datadir/user/libraries/Wasm3/examples/Wasm_Blink/Wasm_Blink.ino:7:0:
/home/ec2-user/arduino-testlib/cli-datadir/user/libraries/Wasm3/src/wasm3.h:30:8: note: forward declaration of &#39;struct M3Runtime&#39;
 struct M3Runtime;       typedef struct M3Runtime *      IM3Runtime;
        ^~~~~~~~~
/home/ec2-user/arduino-testlib/cli-datadir/user/libraries/Wasm3/examples/Wasm_Blink/Wasm_Blink.ino:134:33: error: invalid use of incomplete type &#39;struct M3Runtime&#39;
     IM3Module module = runtime-&gt;modules;
                                 ^~~~~~~
In file included from /home/ec2-user/arduino-testlib/cli-datadir/user/libraries/Wasm3/examples/Wasm_Blink/Wasm_Blink.ino:7:0:
/home/ec2-user/arduino-testlib/cli-datadir/user/libraries/Wasm3/src/wasm3.h:30:8: note: forward declaration of &#39;struct M3Runtime&#39;
 struct M3Runtime;       typedef struct M3Runtime *      IM3Runtime;
        ^~~~~~~~~
/home/ec2-user/arduino-testlib/cli-datadir/user/libraries/Wasm3/examples/Wasm_Blink/Wasm_Blink.ino: In function &#39;void wasm_task(void*)&#39;:
/home/ec2-user/arduino-testlib/cli-datadir/user/libraries/Wasm3/examples/Wasm_Blink/Wasm_Blink.ino:166:12: error: invalid use of incomplete type &#39;struct M3Runtime&#39;
     runtime-&gt;memoryLimit = WASM_MEMORY_LIMIT;
            ^~
In file included from /home/ec2-user/arduino-testlib/cli-datadir/user/libraries/Wasm3/examples/Wasm_Blink/Wasm_Blink.ino:7:0:
/home/ec2-user/arduino-testlib/cli-datadir/user/libraries/Wasm3/src/wasm3.h:30:8: note: forward declaration of &#39;struct M3Runtime&#39;
 struct M3Runtime;       typedef struct M3Runtime *      IM3Runtime;
        ^~~~~~~~~
/home/ec2-user/arduino-testlib/cli-datadir/user/libraries/Wasm3/examples/Wasm_Blink/Wasm_Blink.ino:166:14: error: invalid use of incomplete type &#39;struct M3Runtime&#39;
     runtime-&gt;memoryLimit = WASM_MEMORY_LIMIT;
              ^~~~~~~~~~~
In file included from /home/ec2-user/arduino-testlib/cli-datadir/user/libraries/Wasm3/examples/Wasm_Blink/Wasm_Blink.ino:7:0:
/home/ec2-user/arduino-testlib/cli-datadir/user/libraries/Wasm3/src/wasm3.h:30:8: note: forward declaration of &#39;struct M3Runtime&#39;
 struct M3Runtime;       typedef struct M3Runtime *      IM3Runtime;
        ^~~~~~~~~

</pre>
					
					<h4>examples/Wasm_CoreMark</h4>
					<p>
						Result: <b>FAIL</b>
					</p>
					<pre class="pre-scrollable">/home/ec2-user/arduino-testlib/cli-datadir/user/libraries/Wasm3/examples/Wasm_CoreMark/Wasm_CoreMark.ino: In function &#39;void setup()&#39;:
/home/ec2-user/arduino-testlib/cli-datadir/user/libraries/Wasm3/examples/Wasm_CoreMark/Wasm_CoreMark.ino:75:51: error: &#39;F_CPU&#39; was not declared in this scope
     Serial.println(&#34;CPU: &#34; M3_ARCH &#34; @ &#34; &#43; String(F_CPU/1000000) &#43; &#34; MHz&#34;);
                                                   ^~~~~
/home/ec2-user/arduino-testlib/cli-datadir/user/libraries/Wasm3/examples/Wasm_CoreMark/Wasm_CoreMark.ino:85:12: error: invalid use of incomplete type &#39;struct M3Runtime&#39;
     runtime-&gt;memoryLimit = 3*1024;
            ^~
In file included from /home/ec2-user/arduino-testlib/cli-datadir/user/libraries/Wasm3/examples/Wasm_CoreMark/Wasm_CoreMark.ino:7:0:
/home/ec2-user/arduino-testlib/cli-datadir/user/libraries/Wasm3/src/wasm3.h:30:8: note: forward declaration of &#39;struct M3Runtime&#39;
 struct M3Runtime;       typedef struct M3Runtime *      IM3Runtime;
        ^~~~~~~~~
/home/ec2-user/arduino-testlib/cli-datadir/user/libraries/Wasm3/examples/Wasm_CoreMark/Wasm_CoreMark.ino:85:14: error: invalid use of incomplete type &#39;struct M3Runtime&#39;
     runtime-&gt;memoryLimit = 3*1024;
              ^~~~~~~~~~~
In file included from /home/ec2-user/arduino-testlib/cli-datadir/user/libraries/Wasm3/examples/Wasm_CoreMark/Wasm_CoreMark.ino:7:0:
/home/ec2-user/arduino-testlib/cli-datadir/user/libraries/Wasm3/src/wasm3.h:30:8: note: forward declaration of &#39;struct M3Runtime&#39;
 struct M3Runtime;       typedef struct M3Runtime *      IM3Runtime;
        ^~~~~~~~~

</pre>
					
					<h4>examples/Wasm_Dino_ESP32_TDisplay</h4>
					<p>
						Result: <b>FAIL</b>
					</p>
					<pre class="pre-scrollable">In file included from /home/ec2-user/arduino-testlib/cli-datadir/user/libraries/TFT_eSPI/TFT_eSPI.h:71:0,
                 from /home/ec2-user/arduino-testlib/cli-datadir/user/libraries/Wasm3/examples/Wasm_Dino_ESP32_TDisplay/Wasm_Dino_ESP32_TDisplay.ino:7:
/home/ec2-user/arduino-testlib/cli-datadir/user/libraries/TFT_eSPI/Processors/TFT_eSPI_RP2040.h:107:12: fatal error: FS.h: No such file or directory
   #include &lt;FS.h&gt;
            ^~~~~~
compilation terminated.

</pre>
					
					<h4>examples/Wasm_Dino_PyBadge</h4>
					<p>
						Result: <b>FAIL</b>
					</p>
					<pre class="pre-scrollable">/home/ec2-user/arduino-testlib/cli-datadir/user/libraries/Wasm3/examples/Wasm_Dino_PyBadge/Wasm_Dino_PyBadge.ino: In function &#39;const void* Math_random(IM3Runtime, IM3ImportContext, uint64_t*, void*)&#39;:
/home/ec2-user/arduino-testlib/cli-datadir/user/libraries/Wasm3/examples/Wasm_Dino_PyBadge/Wasm_Dino_PyBadge.ino:39:29: error: &#39;INT_MAX&#39; was not declared in this scope
     float r = (float)random(INT_MAX)/INT_MAX;
                             ^~~~~~~
/home/ec2-user/arduino-testlib/cli-datadir/user/libraries/Wasm3/examples/Wasm_Dino_PyBadge/Wasm_Dino_PyBadge.ino:39:29: note: suggested alternative: &#39;INT8_MAX&#39;
     float r = (float)random(INT_MAX)/INT_MAX;
                             ^~~~~~~
                             INT8_MAX
/home/ec2-user/arduino-testlib/cli-datadir/user/libraries/Wasm3/examples/Wasm_Dino_PyBadge/Wasm_Dino_PyBadge.ino: At global scope:
/home/ec2-user/arduino-testlib/cli-datadir/user/libraries/Wasm3/examples/Wasm_Dino_PyBadge/Wasm_Dino_PyBadge.ino:59:1: error: &#39;Adafruit_Arcada&#39; does not name a type; did you mean &#39;Adafruit_SPITFT&#39;?
 Adafruit_Arcada arcada;
 ^~~~~~~~~~~~~~~
 Adafruit_SPITFT
/home/ec2-user/arduino-testlib/cli-datadir/user/libraries/Wasm3/examples/Wasm_Dino_PyBadge/Wasm_Dino_PyBadge.ino: In function &#39;void init_device()&#39;:
/home/ec2-user/arduino-testlib/cli-datadir/user/libraries/Wasm3/examples/Wasm_Dino_PyBadge/Wasm_Dino_PyBadge.ino:101:55: error: &#39;INT_MAX&#39; was not declared in this scope
     Serial.print(&#34;Random: 0x&#34;); Serial.println(random(INT_MAX), HEX);
                                                       ^~~~~~~
/home/ec2-user/arduino-testlib/cli-datadir/user/libraries/Wasm3/examples/Wasm_Dino_PyBadge/Wasm_Dino_PyBadge.ino:101:55: note: suggested alternative: &#39;INT8_MAX&#39;
     Serial.print(&#34;Random: 0x&#34;); Serial.println(random(INT_MAX), HEX);
                                                       ^~~~~~~
                                                       INT8_MAX
/home/ec2-user/arduino-testlib/cli-datadir/user/libraries/Wasm3/examples/Wasm_Dino_PyBadge/Wasm_Dino_PyBadge.ino:103:10: error: &#39;arcada&#39; was not declared in this scope
     if (!arcada.arcadaBegin()) {
          ^~~~~~
/home/ec2-user/arduino-testlib/cli-datadir/user/libraries/Wasm3/examples/Wasm_Dino_PyBadge/Wasm_Dino_PyBadge.ino:103:10: note: suggested alternative: &#39;read&#39;
     if (!arcada.arcadaBegin()) {
          ^~~~~~
          read
/home/ec2-user/arduino-testlib/cli-datadir/user/libraries/Wasm3/examples/Wasm_Dino_PyBadge/Wasm_Dino_PyBadge.ino:106:5: error: &#39;arcada&#39; was not declared in this scope
     arcada.displayBegin();
     ^~~~~~
/home/ec2-user/arduino-testlib/cli-datadir/user/libraries/Wasm3/examples/Wasm_Dino_PyBadge/Wasm_Dino_PyBadge.ino:106:5: note: suggested alternative: &#39;read&#39;
     arcada.displayBegin();
     ^~~~~~
     read
/home/ec2-user/arduino-testlib/cli-datadir/user/libraries/Wasm3/examples/Wasm_Dino_PyBadge/Wasm_Dino_PyBadge.ino: In function &#39;void display_info()&#39;:
/home/ec2-user/arduino-testlib/cli-datadir/user/libraries/Wasm3/examples/Wasm_Dino_PyBadge/Wasm_Dino_PyBadge.ino:112:5: error: &#39;arcada&#39; was not declared in this scope
     arcada.display-&gt;fillScreen(ARCADA_WHITE);
     ^~~~~~
/home/ec2-user/arduino-testlib/cli-datadir/user/libraries/Wasm3/examples/Wasm_Dino_PyBadge/Wasm_Dino_PyBadge.ino:112:5: note: suggested alternative: &#39;read&#39;
     arcada.display-&gt;fillScreen(ARCADA_WHITE);
     ^~~~~~
     read
/home/ec2-user/arduino-testlib/cli-datadir/user/libraries/Wasm3/examples/Wasm_Dino_PyBadge/Wasm_Dino_PyBadge.ino:116:77: error: &#39;F_CPU&#39; was not declared in this scope
     arcada.display-&gt;println(&#34; Wasm3 v&#34; M3_VERSION &#34; (&#34; M3_ARCH &#34;@&#34; &#43; String(F_CPU/1000000) &#43; &#34;MHz)\n&#34;);
                                                                             ^~~~~
/home/ec2-user/arduino-testlib/cli-datadir/user/libraries/Wasm3/examples/Wasm_Dino_PyBadge/Wasm_Dino_PyBadge.ino: In function &#39;void setup()&#39;:
/home/ec2-user/arduino-testlib/cli-datadir/user/libraries/Wasm3/examples/Wasm_Dino_PyBadge/Wasm_Dino_PyBadge.ino:150:34: error: &#39;arcada&#39; was not declared in this scope
       uint32_t pressed_buttons = arcada.readButtons();
                                  ^~~~~~
/home/ec2-user/arduino-testlib/cli-datadir/user/libraries/Wasm3/examples/Wasm_Dino_PyBadge/Wasm_Dino_PyBadge.ino:150:34: note: suggested alternative: &#39;read&#39;
       uint32_t pressed_buttons = arcada.readButtons();
                                  ^~~~~~
                                  read
Multiple libraries were found for &#34;Adafruit_NeoPixel.h&#34;
  Used: /home/ec2-user/arduino-testlib/cli-datadir/user/libraries/Adafruit_NeoPixel
  Not used: /home/ec2-user/arduino-testlib/cli-datadir/user/libraries/Pinduino
  Not used: /home/ec2-user/arduino-testlib/cli-datadir/user/libraries/Leaphy_Extra_Extension
</pre>
					
					<h4>examples/Wasm_Fibonacci</h4>
					<p>
						Result: <b>PASS</b>
					</p>
					<pre class="pre-scrollable">Sketch uses 137500 bytes (0%) of program storage space. Maximum is 16777216 bytes.
Global variables use 43660 bytes (16%) of dynamic memory, leaving 226676 bytes for local variables. Maximum is 270336 bytes.
</pre>
					
				
				<h3 id="arduino:megaavr:nona4809">arduino:megaavr:nona4809 @ 1.8.7</h3>
				<h4>Inclusion</h4>
				<p>
					Result: <b>PASS</b>
					
				</p>
				<pre class="pre-scrollable">Sketch uses 802 bytes (1%) of program storage space. Maximum is 49152 bytes.
Global variables use 22 bytes (0%) of dynamic memory, leaving 6122 bytes for local variables. Maximum is 6144 bytes.
</pre>

					
					<h4>examples/Wasm_Blink</h4>
					<p>
						Result: <b>FAIL</b>
					</p>
					<pre class="pre-scrollable">/home/ec2-user/arduino-testlib/cli-datadir/user/libraries/Wasm3/examples/Wasm_Blink/Wasm_Blink.ino: In function &#39;const char* LinkArduino(IM3Runtime)&#39;:
/home/ec2-user/arduino-testlib/cli-datadir/user/libraries/Wasm3/examples/Wasm_Blink/Wasm_Blink.ino:134:31: error: invalid use of incomplete type &#39;struct M3Runtime&#39;
     IM3Module module = runtime-&gt;modules;
                               ^~
In file included from /home/ec2-user/arduino-testlib/cli-datadir/user/libraries/Wasm3/examples/Wasm_Blink/Wasm_Blink.ino:7:0:
/home/ec2-user/arduino-testlib/cli-datadir/user/libraries/Wasm3/src/wasm3.h:30:8: note: forward declaration of &#39;struct M3Runtime&#39;
 struct M3Runtime;       typedef struct M3Runtime *      IM3Runtime;
        ^~~~~~~~~
/home/ec2-user/arduino-testlib/cli-datadir/user/libraries/Wasm3/examples/Wasm_Blink/Wasm_Blink.ino:134:33: error: invalid use of incomplete type &#39;struct M3Runtime&#39;
     IM3Module module = runtime-&gt;modules;
                                 ^~~~~~~
In file included from /home/ec2-user/arduino-testlib/cli-datadir/user/libraries/Wasm3/examples/Wasm_Blink/Wasm_Blink.ino:7:0:
/home/ec2-user/arduino-testlib/cli-datadir/user/libraries/Wasm3/src/wasm3.h:30:8: note: forward declaration of &#39;struct M3Runtime&#39;
 struct M3Runtime;       typedef struct M3Runtime *      IM3Runtime;
        ^~~~~~~~~
/home/ec2-user/arduino-testlib/cli-datadir/user/libraries/Wasm3/examples/Wasm_Blink/Wasm_Blink.ino: In function &#39;void wasm_task(void*)&#39;:
/home/ec2-user/arduino-testlib/cli-datadir/user/libraries/Wasm3/examples/Wasm_Blink/Wasm_Blink.ino:166:12: error: invalid use of incomplete type &#39;struct M3Runtime&#39;
     runtime-&gt;memoryLimit = WASM_MEMORY_LIMIT;
            ^~
In file included from /home/ec2-user/arduino-testlib/cli-datadir/user/libraries/Wasm3/examples/Wasm_Blink/Wasm_Blink.ino:7:0:
/home/ec2-user/arduino-testlib/cli-datadir/user/libraries/Wasm3/src/wasm3.h:30:8: note: forward declaration of &#39;struct M3Runtime&#39;
 struct M3Runtime;       typedef struct M3Runtime *      IM3Runtime;
        ^~~~~~~~~
/home/ec2-user/arduino-testlib/cli-datadir/user/libraries/Wasm3/examples/Wasm_Blink/Wasm_Blink.ino:166:14: error: invalid use of incomplete type &#39;struct M3Runtime&#39;
     runtime-&gt;memoryLimit = WASM_MEMORY_LIMIT;
              ^~~~~~~~~~~
In file included from /home/ec2-user/arduino-testlib/cli-datadir/user/libraries/Wasm3/examples/Wasm_Blink/Wasm_Blink.ino:7:0:
/home/ec2-user/arduino-testlib/cli-datadir/user/libraries/Wasm3/src/wasm3.h:30:8: note: forward declaration of &#39;struct M3Runtime&#39;
 struct M3Runtime;       typedef struct M3Runtime *      IM3Runtime;
        ^~~~~~~~~

</pre>
					
					<h4>examples/Wasm_CoreMark</h4>
					<p>
						Result: <b>FAIL</b>
					</p>
					<pre class="pre-scrollable">/home/ec2-user/arduino-testlib/cli-datadir/user/libraries/Wasm3/examples/Wasm_CoreMark/Wasm_CoreMark.ino: In function &#39;void setup()&#39;:
/home/ec2-user/arduino-testlib/cli-datadir/user/libraries/Wasm3/examples/Wasm_CoreMark/Wasm_CoreMark.ino:85:12: error: invalid use of incomplete type &#39;struct M3Runtime&#39;
     runtime-&gt;memoryLimit = 3*1024;
            ^~
In file included from /home/ec2-user/arduino-testlib/cli-datadir/user/libraries/Wasm3/examples/Wasm_CoreMark/Wasm_CoreMark.ino:7:0:
/home/ec2-user/arduino-testlib/cli-datadir/user/libraries/Wasm3/src/wasm3.h:30:8: note: forward declaration of &#39;struct M3Runtime&#39;
 struct M3Runtime;       typedef struct M3Runtime *      IM3Runtime;
        ^~~~~~~~~
/home/ec2-user/arduino-testlib/cli-datadir/user/libraries/Wasm3/examples/Wasm_CoreMark/Wasm_CoreMark.ino:85:14: error: invalid use of incomplete type &#39;struct M3Runtime&#39;
     runtime-&gt;memoryLimit = 3*1024;
              ^~~~~~~~~~~
In file included from /home/ec2-user/arduino-testlib/cli-datadir/user/libraries/Wasm3/examples/Wasm_CoreMark/Wasm_CoreMark.ino:7:0:
/home/ec2-user/arduino-testlib/cli-datadir/user/libraries/Wasm3/src/wasm3.h:30:8: note: forward declaration of &#39;struct M3Runtime&#39;
 struct M3Runtime;       typedef struct M3Runtime *      IM3Runtime;
        ^~~~~~~~~

</pre>
					
					<h4>examples/Wasm_Dino_ESP32_TDisplay</h4>
					<p>
						Result: <b>FAIL</b>
					</p>
					<pre class="pre-scrollable">In file included from /home/ec2-user/arduino-testlib/cli-datadir/user/libraries/Wasm3/examples/Wasm_Dino_ESP32_TDisplay/Wasm_Dino_ESP32_TDisplay.ino:9:0:
/home/ec2-user/arduino-testlib/cli-datadir/user/libraries/Wasm3/examples/Wasm_Dino_ESP32_TDisplay/NotoSansBold15.h:20:10: fatal error: pgmspace.h: No such file or directory
 #include &lt;pgmspace.h&gt;
          ^~~~~~~~~~~~
compilation terminated.

</pre>
					
					<h4>examples/Wasm_Dino_PyBadge</h4>
					<p>
						Result: <b>FAIL</b>
					</p>
					<pre class="pre-scrollable">/home/ec2-user/arduino-testlib/cli-datadir/user/libraries/Wasm3/examples/Wasm_Dino_PyBadge/Wasm_Dino_PyBadge.ino: In function &#39;const void* Math_random(IM3Runtime, IM3ImportContext, uint64_t*, void*)&#39;:
/home/ec2-user/arduino-testlib/cli-datadir/user/libraries/Wasm3/examples/Wasm_Dino_PyBadge/Wasm_Dino_PyBadge.ino:39:29: error: &#39;INT_MAX&#39; was not declared in this scope
     float r = (float)random(INT_MAX)/INT_MAX;
                             ^~~~~~~
/home/ec2-user/arduino-testlib/cli-datadir/user/libraries/Wasm3/examples/Wasm_Dino_PyBadge/Wasm_Dino_PyBadge.ino:39:29: note: suggested alternative: &#39;INT8_MAX&#39;
     float r = (float)random(INT_MAX)/INT_MAX;
                             ^~~~~~~
                             INT8_MAX
/home/ec2-user/arduino-testlib/cli-datadir/user/libraries/Wasm3/examples/Wasm_Dino_PyBadge/Wasm_Dino_PyBadge.ino: At global scope:
/home/ec2-user/arduino-testlib/cli-datadir/user/libraries/Wasm3/examples/Wasm_Dino_PyBadge/Wasm_Dino_PyBadge.ino:59:1: error: &#39;Adafruit_Arcada&#39; does not name a type; did you mean &#39;Adafruit_SPITFT&#39;?
 Adafruit_Arcada arcada;
 ^~~~~~~~~~~~~~~
 Adafruit_SPITFT
/home/ec2-user/arduino-testlib/cli-datadir/user/libraries/Wasm3/examples/Wasm_Dino_PyBadge/Wasm_Dino_PyBadge.ino: In function &#39;void init_device()&#39;:
/home/ec2-user/arduino-testlib/cli-datadir/user/libraries/Wasm3/examples/Wasm_Dino_PyBadge/Wasm_Dino_PyBadge.ino:101:55: error: &#39;INT_MAX&#39; was not declared in this scope
     Serial.print(&#34;Random: 0x&#34;); Serial.println(random(INT_MAX), HEX);
                                                       ^~~~~~~
/home/ec2-user/arduino-testlib/cli-datadir/user/libraries/Wasm3/examples/Wasm_Dino_PyBadge/Wasm_Dino_PyBadge.ino:101:55: note: suggested alternative: &#39;INT8_MAX&#39;
     Serial.print(&#34;Random: 0x&#34;); Serial.println(random(INT_MAX), HEX);
                                                       ^~~~~~~
                                                       INT8_MAX
/home/ec2-user/arduino-testlib/cli-datadir/user/libraries/Wasm3/examples/Wasm_Dino_PyBadge/Wasm_Dino_PyBadge.ino:103:10: error: &#39;arcada&#39; was not declared in this scope
     if (!arcada.arcadaBegin()) {
          ^~~~~~
/home/ec2-user/arduino-testlib/cli-datadir/user/libraries/Wasm3/examples/Wasm_Dino_PyBadge/Wasm_Dino_PyBadge.ino:103:10: note: suggested alternative: &#39;fread&#39;
     if (!arcada.arcadaBegin()) {
          ^~~~~~
          fread
/home/ec2-user/arduino-testlib/cli-datadir/user/libraries/Wasm3/examples/Wasm_Dino_PyBadge/Wasm_Dino_PyBadge.ino:106:5: error: &#39;arcada&#39; was not declared in this scope
     arcada.displayBegin();
     ^~~~~~
/home/ec2-user/arduino-testlib/cli-datadir/user/libraries/Wasm3/examples/Wasm_Dino_PyBadge/Wasm_Dino_PyBadge.ino:106:5: note: suggested alternative: &#39;fread&#39;
     arcada.displayBegin();
     ^~~~~~
     fread
/home/ec2-user/arduino-testlib/cli-datadir/user/libraries/Wasm3/examples/Wasm_Dino_PyBadge/Wasm_Dino_PyBadge.ino: In function &#39;void display_info()&#39;:
/home/ec2-user/arduino-testlib/cli-datadir/user/libraries/Wasm3/examples/Wasm_Dino_PyBadge/Wasm_Dino_PyBadge.ino:112:5: error: &#39;arcada&#39; was not declared in this scope
     arcada.display-&gt;fillScreen(ARCADA_WHITE);
     ^~~~~~
/home/ec2-user/arduino-testlib/cli-datadir/user/libraries/Wasm3/examples/Wasm_Dino_PyBadge/Wasm_Dino_PyBadge.ino:112:5: note: suggested alternative: &#39;fread&#39;
     arcada.display-&gt;fillScreen(ARCADA_WHITE);
     ^~~~~~
     fread
/home/ec2-user/arduino-testlib/cli-datadir/user/libraries/Wasm3/examples/Wasm_Dino_PyBadge/Wasm_Dino_PyBadge.ino: In function &#39;void setup()&#39;:
/home/ec2-user/arduino-testlib/cli-datadir/user/libraries/Wasm3/examples/Wasm_Dino_PyBadge/Wasm_Dino_PyBadge.ino:150:34: error: &#39;arcada&#39; was not declared in this scope
       uint32_t pressed_buttons = arcada.readButtons();
                                  ^~~~~~
/home/ec2-user/arduino-testlib/cli-datadir/user/libraries/Wasm3/examples/Wasm_Dino_PyBadge/Wasm_Dino_PyBadge.ino:150:34: note: suggested alternative: &#39;fread&#39;
       uint32_t pressed_buttons = arcada.readButtons();
                                  ^~~~~~
                                  fread
Multiple libraries were found for &#34;Adafruit_NeoPixel.h&#34;
  Used: /home/ec2-user/arduino-testlib/cli-datadir/user/libraries/Adafruit_NeoPixel
  Not used: /home/ec2-user/arduino-testlib/cli-datadir/user/libraries/Pinduino
  Not used: /home/ec2-user/arduino-testlib/cli-datadir/user/libraries/Leaphy_Extra_Extension
</pre>
					
					<h4>examples/Wasm_Fibonacci</h4>
					<p>
						Result: <b>FAIL</b>
					</p>
					<pre class="pre-scrollable">Sketch uses 122511 bytes (249%) of program storage space. Maximum is 49152 bytes.
Global variables use 253 bytes (4%) of dynamic memory, leaving 5891 bytes for local variables. Maximum is 6144 bytes.
Sketch too big; see https://support.arduino.cc/hc/en-us/articles/360013825179 for tips on reducing it.
</pre>
					
				
				<h3 id="arduino:samd:mkrwifi1010">arduino:samd:mkrwifi1010 @ 1.8.12</h3>
				<h4>Inclusion</h4>
				<p>
					Result: <b>PASS</b>
					
				</p>
				<pre class="pre-scrollable">Sketch uses 12252 bytes (4%) of program storage space. Maximum is 262144 bytes.
Global variables use 2996 bytes (9%) of dynamic memory, leaving 29772 bytes for local variables. Maximum is 32768 bytes.
</pre>

					
					<h4>examples/Wasm_Blink</h4>
					<p>
						Result: <b>FAIL</b>
					</p>
					<pre class="pre-scrollable">/Users/alranel/Documents/git/arduino/arduino-testlib/cli-datadir/user/libraries/Wasm3/examples/Wasm_Blink/Wasm_Blink.ino: In function &#39;const char* LinkArduino(IM3Runtime)&#39;:
/Users/alranel/Documents/git/arduino/arduino-testlib/cli-datadir/user/libraries/Wasm3/examples/Wasm_Blink/Wasm_Blink.ino:134:31: error: invalid use of incomplete type &#39;struct M3Runtime&#39;
     IM3Module module = runtime-&gt;modules;
                               ^~
In file included from /Users/alranel/Documents/git/arduino/arduino-testlib/cli-datadir/user/libraries/Wasm3/examples/Wasm_Blink/Wasm_Blink.ino:7:0:
/Users/alranel/Documents/git/arduino/arduino-testlib/cli-datadir/user/libraries/Wasm3/src/wasm3.h:30:8: note: forward declaration of &#39;struct M3Runtime&#39;
 struct M3Runtime;       typedef struct M3Runtime *      IM3Runtime;
        ^~~~~~~~~
/Users/alranel/Documents/git/arduino/arduino-testlib/cli-datadir/user/libraries/Wasm3/examples/Wasm_Blink/Wasm_Blink.ino:134:33: error: invalid use of incomplete type &#39;struct M3Runtime&#39;
     IM3Module module = runtime-&gt;modules;
                                 ^~~~~~~
In file included from /Users/alranel/Documents/git/arduino/arduino-testlib/cli-datadir/user/libraries/Wasm3/examples/Wasm_Blink/Wasm_Blink.ino:7:0:
/Users/alranel/Documents/git/arduino/arduino-testlib/cli-datadir/user/libraries/Wasm3/src/wasm3.h:30:8: note: forward declaration of &#39;struct M3Runtime&#39;
 struct M3Runtime;       typedef struct M3Runtime *      IM3Runtime;
        ^~~~~~~~~
/Users/alranel/Documents/git/arduino/arduino-testlib/cli-datadir/user/libraries/Wasm3/examples/Wasm_Blink/Wasm_Blink.ino: In function &#39;void wasm_task(void*)&#39;:
/Users/alranel/Documents/git/arduino/arduino-testlib/cli-datadir/user/libraries/Wasm3/examples/Wasm_Blink/Wasm_Blink.ino:166:12: error: invalid use of incomplete type &#39;struct M3Runtime&#39;
     runtime-&gt;memoryLimit = WASM_MEMORY_LIMIT;
            ^~
In file included from /Users/alranel/Documents/git/arduino/arduino-testlib/cli-datadir/user/libraries/Wasm3/examples/Wasm_Blink/Wasm_Blink.ino:7:0:
/Users/alranel/Documents/git/arduino/arduino-testlib/cli-datadir/user/libraries/Wasm3/src/wasm3.h:30:8: note: forward declaration of &#39;struct M3Runtime&#39;
 struct M3Runtime;       typedef struct M3Runtime *      IM3Runtime;
        ^~~~~~~~~
/Users/alranel/Documents/git/arduino/arduino-testlib/cli-datadir/user/libraries/Wasm3/examples/Wasm_Blink/Wasm_Blink.ino:166:14: error: invalid use of incomplete type &#39;struct M3Runtime&#39;
     runtime-&gt;memoryLimit = WASM_MEMORY_LIMIT;
              ^~~~~~~~~~~
In file included from /Users/alranel/Documents/git/arduino/arduino-testlib/cli-datadir/user/libraries/Wasm3/examples/Wasm_Blink/Wasm_Blink.ino:7:0:
/Users/alranel/Documents/git/arduino/arduino-testlib/cli-datadir/user/libraries/Wasm3/src/wasm3.h:30:8: note: forward declaration of &#39;struct M3Runtime&#39;
 struct M3Runtime;       typedef struct M3Runtime *      IM3Runtime;
        ^~~~~~~~~

</pre>
					
					<h4>examples/Wasm_CoreMark</h4>
					<p>
						Result: <b>FAIL</b>
					</p>
					<pre class="pre-scrollable">/Users/alranel/Documents/git/arduino/arduino-testlib/cli-datadir/user/libraries/Wasm3/examples/Wasm_CoreMark/Wasm_CoreMark.ino: In function &#39;void setup()&#39;:
/Users/alranel/Documents/git/arduino/arduino-testlib/cli-datadir/user/libraries/Wasm3/examples/Wasm_CoreMark/Wasm_CoreMark.ino:85:12: error: invalid use of incomplete type &#39;struct M3Runtime&#39;
     runtime-&gt;memoryLimit = 3*1024;
            ^~
In file included from /Users/alranel/Documents/git/arduino/arduino-testlib/cli-datadir/user/libraries/Wasm3/examples/Wasm_CoreMark/Wasm_CoreMark.ino:7:0:
/Users/alranel/Documents/git/arduino/arduino-testlib/cli-datadir/user/libraries/Wasm3/src/wasm3.h:30:8: note: forward declaration of &#39;struct M3Runtime&#39;
 struct M3Runtime;       typedef struct M3Runtime *      IM3Runtime;
        ^~~~~~~~~
/Users/alranel/Documents/git/arduino/arduino-testlib/cli-datadir/user/libraries/Wasm3/examples/Wasm_CoreMark/Wasm_CoreMark.ino:85:14: error: invalid use of incomplete type &#39;struct M3Runtime&#39;
     runtime-&gt;memoryLimit = 3*1024;
              ^~~~~~~~~~~
In file included from /Users/alranel/Documents/git/arduino/arduino-testlib/cli-datadir/user/libraries/Wasm3/examples/Wasm_CoreMark/Wasm_CoreMark.ino:7:0:
/Users/alranel/Documents/git/arduino/arduino-testlib/cli-datadir/user/libraries/Wasm3/src/wasm3.h:30:8: note: forward declaration of &#39;struct M3Runtime&#39;
 struct M3Runtime;       typedef struct M3Runtime *      IM3Runtime;
        ^~~~~~~~~

</pre>
					
					<h4>examples/Wasm_Dino_ESP32_TDisplay</h4>
					<p>
						Result: <b>FAIL</b>
					</p>
					<pre class="pre-scrollable">In file included from /Users/alranel/Documents/git/arduino/arduino-testlib/cli-datadir/user/libraries/Wasm3/examples/Wasm_Dino_ESP32_TDisplay/Wasm_Dino_ESP32_TDisplay.ino:9:0:
/Users/alranel/Documents/git/arduino/arduino-testlib/cli-datadir/user/libraries/Wasm3/examples/Wasm_Dino_ESP32_TDisplay/NotoSansBold15.h:20:10: fatal error: pgmspace.h: No such file or directory
 #include &lt;pgmspace.h&gt;
          ^~~~~~~~~~~~
compilation terminated.

</pre>
					
					<h4>examples/Wasm_Dino_PyBadge</h4>
					<p>
						Result: <b>FAIL</b>
					</p>
					<pre class="pre-scrollable">/Users/alranel/Documents/git/arduino/arduino-testlib/cli-datadir/user/libraries/Wasm3/examples/Wasm_Dino_PyBadge/Wasm_Dino_PyBadge.ino: In function &#39;const void* Math_random(IM3Runtime, IM3ImportContext, uint64_t*, void*)&#39;:
/Users/alranel/Documents/git/arduino/arduino-testlib/cli-datadir/user/libraries/Wasm3/examples/Wasm_Dino_PyBadge/Wasm_Dino_PyBadge.ino:39:29: error: &#39;INT_MAX&#39; was not declared in this scope
     float r = (float)random(INT_MAX)/INT_MAX;
                             ^~~~~~~
/Users/alranel/Documents/git/arduino/arduino-testlib/cli-datadir/user/libraries/Wasm3/examples/Wasm_Dino_PyBadge/Wasm_Dino_PyBadge.ino:39:29: note: suggested alternative: &#39;INT8_MAX&#39;
     float r = (float)random(INT_MAX)/INT_MAX;
                             ^~~~~~~
                             INT8_MAX
/Users/alranel/Documents/git/arduino/arduino-testlib/cli-datadir/user/libraries/Wasm3/examples/Wasm_Dino_PyBadge/Wasm_Dino_PyBadge.ino: At global scope:
/Users/alranel/Documents/git/arduino/arduino-testlib/cli-datadir/user/libraries/Wasm3/examples/Wasm_Dino_PyBadge/Wasm_Dino_PyBadge.ino:59:1: error: &#39;Adafruit_Arcada&#39; does not name a type; did you mean &#39;Adafruit_SPITFT&#39;?
 Adafruit_Arcada arcada;
 ^~~~~~~~~~~~~~~
 Adafruit_SPITFT
/Users/alranel/Documents/git/arduino/arduino-testlib/cli-datadir/user/libraries/Wasm3/examples/Wasm_Dino_PyBadge/Wasm_Dino_PyBadge.ino: In function &#39;void init_device()&#39;:
/Users/alranel/Documents/git/arduino/arduino-testlib/cli-datadir/user/libraries/Wasm3/examples/Wasm_Dino_PyBadge/Wasm_Dino_PyBadge.ino:101:55: error: &#39;INT_MAX&#39; was not declared in this scope
     Serial.print(&#34;Random: 0x&#34;); Serial.println(random(INT_MAX), HEX);
                                                       ^~~~~~~
/Users/alranel/Documents/git/arduino/arduino-testlib/cli-datadir/user/libraries/Wasm3/examples/Wasm_Dino_PyBadge/Wasm_Dino_PyBadge.ino:101:55: note: suggested alternative: &#39;INT8_MAX&#39;
     Serial.print(&#34;Random: 0x&#34;); Serial.println(random(INT_MAX), HEX);
                                                       ^~~~~~~
                                                       INT8_MAX
/Users/alranel/Documents/git/arduino/arduino-testlib/cli-datadir/user/libraries/Wasm3/examples/Wasm_Dino_PyBadge/Wasm_Dino_PyBadge.ino:103:10: error: &#39;arcada&#39; was not declared in this scope
     if (!arcada.arcadaBegin()) {
          ^~~~~~
/Users/alranel/Documents/git/arduino/arduino-testlib/cli-datadir/user/libraries/Wasm3/examples/Wasm_Dino_PyBadge/Wasm_Dino_PyBadge.ino:103:10: note: suggested alternative: &#39;fread&#39;
     if (!arcada.arcadaBegin()) {
          ^~~~~~
          fread
/Users/alranel/Documents/git/arduino/arduino-testlib/cli-datadir/user/libraries/Wasm3/examples/Wasm_Dino_PyBadge/Wasm_Dino_PyBadge.ino:106:5: error: &#39;arcada&#39; was not declared in this scope
     arcada.displayBegin();
     ^~~~~~
/Users/alranel/Documents/git/arduino/arduino-testlib/cli-datadir/user/libraries/Wasm3/examples/Wasm_Dino_PyBadge/Wasm_Dino_PyBadge.ino:106:5: note: suggested alternative: &#39;fread&#39;
     arcada.displayBegin();
     ^~~~~~
     fread
/Users/alranel/Documents/git/arduino/arduino-testlib/cli-datadir/user/libraries/Wasm3/examples/Wasm_Dino_PyBadge/Wasm_Dino_PyBadge.ino: In function &#39;void display_info()&#39;:
/Users/alranel/Documents/git/arduino/arduino-testlib/cli-datadir/user/libraries/Wasm3/examples/Wasm_Dino_PyBadge/Wasm_Dino_PyBadge.ino:112:5: error: &#39;arcada&#39; was not declared in this scope
     arcada.display-&gt;fillScreen(ARCADA_WHITE);
     ^~~~~~
/Users/alranel/Documents/git/arduino/arduino-testlib/cli-datadir/user/libraries/Wasm3/examples/Wasm_Dino_PyBadge/Wasm_Dino_PyBadge.ino:112:5: note: suggested alternative: &#39;fread&#39;
     arcada.display-&gt;fillScreen(ARCADA_WHITE);
     ^~~~~~
     fread
/Users/alranel/Documents/git/arduino/arduino-testlib/cli-datadir/user/libraries/Wasm3/examples/Wasm_Dino_PyBadge/Wasm_Dino_PyBadge.ino: In function &#39;void setup()&#39;:
/Users/alranel/Documents/git/arduino/arduino-testlib/cli-datadir/user/libraries/Wasm3/examples/Wasm_Dino_PyBadge/Wasm_Dino_PyBadge.ino:150:34: error: &#39;arcada&#39; was not declared in this scope
       uint32_t pressed_buttons = arcada.readButtons();
                                  ^~~~~~
/Users/alranel/Documents/git/arduino/arduino-testlib/cli-datadir/user/libraries/Wasm3/examples/Wasm_Dino_PyBadge/Wasm_Dino_PyBadge.ino:150:34: note: suggested alternative: &#39;fread&#39;
       uint32_t pressed_buttons = arcada.readButtons();
                                  ^~~~~~
                                  fread
Multiple libraries were found for &#34;Adafruit_NeoPixel.h&#34;
  Used: /Users/alranel/Documents/git/arduino/arduino-testlib/cli-datadir/user/libraries/Adafruit_NeoPixel
  Not used: /Users/alranel/Documents/git/arduino/arduino-testlib/cli-datadir/user/libraries/Pinduino
  Not used: /Users/alranel/Documents/git/arduino/arduino-testlib/cli-datadir/user/libraries/Leaphy_Extra_Extension
</pre>
					
					<h4>examples/Wasm_Fibonacci</h4>
					<p>
						Result: <b>PASS</b>
					</p>
					<pre class="pre-scrollable">Sketch uses 89588 bytes (34%) of program storage space. Maximum is 262144 bytes.
Global variables use 3228 bytes (9%) of dynamic memory, leaving 29540 bytes for local variables. Maximum is 32768 bytes.
</pre>
					
				
				<h3 id="esp32:esp32:d1_mini32">esp32:esp32:d1_mini32 @ 1.0.6</h3>
				<h4>Inclusion</h4>
				<p>
					Result: <b>PASS</b>
					
				</p>
				<pre class="pre-scrollable">Sketch uses 197736 bytes (15%) of program storage space. Maximum is 1310720 bytes.
Global variables use 13084 bytes (3%) of dynamic memory, leaving 314596 bytes for local variables. Maximum is 327680 bytes.
</pre>

					
					<h4>examples/Wasm_Blink</h4>
					<p>
						Result: <b>FAIL</b>
					</p>
					<pre class="pre-scrollable">/home/ec2-user/arduino-testlib/cli-datadir/user/libraries/Wasm3/examples/Wasm_Blink/Wasm_Blink.ino: In function &#39;const char* LinkArduino(IM3Runtime)&#39;:
/home/ec2-user/arduino-testlib/cli-datadir/user/libraries/Wasm3/examples/Wasm_Blink/Wasm_Blink.ino:134:31: error: invalid use of incomplete type &#39;struct M3Runtime&#39;
     IM3Module module = runtime-&gt;modules;
                               ^
In file included from /home/ec2-user/arduino-testlib/cli-datadir/user/libraries/Wasm3/examples/Wasm_Blink/Wasm_Blink.ino:7:0:
/home/ec2-user/arduino-testlib/cli-datadir/user/libraries/Wasm3/src/wasm3.h:30:8: note: forward declaration of &#39;struct M3Runtime&#39;
 struct M3Runtime;       typedef struct M3Runtime *      IM3Runtime;
        ^
/home/ec2-user/arduino-testlib/cli-datadir/user/libraries/Wasm3/examples/Wasm_Blink/Wasm_Blink.ino: In function &#39;void wasm_task(void*)&#39;:
/home/ec2-user/arduino-testlib/cli-datadir/user/libraries/Wasm3/examples/Wasm_Blink/Wasm_Blink.ino:166:12: error: invalid use of incomplete type &#39;struct M3Runtime&#39;
     runtime-&gt;memoryLimit = WASM_MEMORY_LIMIT;
            ^
In file included from /home/ec2-user/arduino-testlib/cli-datadir/user/libraries/Wasm3/examples/Wasm_Blink/Wasm_Blink.ino:7:0:
/home/ec2-user/arduino-testlib/cli-datadir/user/libraries/Wasm3/src/wasm3.h:30:8: note: forward declaration of &#39;struct M3Runtime&#39;
 struct M3Runtime;       typedef struct M3Runtime *      IM3Runtime;
        ^

</pre>
					
					<h4>examples/Wasm_CoreMark</h4>
					<p>
						Result: <b>FAIL</b>
					</p>
					<pre class="pre-scrollable">/home/ec2-user/arduino-testlib/cli-datadir/user/libraries/Wasm3/examples/Wasm_CoreMark/Wasm_CoreMark.ino: In function &#39;void setup()&#39;:
/home/ec2-user/arduino-testlib/cli-datadir/user/libraries/Wasm3/examples/Wasm_CoreMark/Wasm_CoreMark.ino:85:12: error: invalid use of incomplete type &#39;struct M3Runtime&#39;
     runtime-&gt;memoryLimit = 3*1024;
            ^
In file included from /home/ec2-user/arduino-testlib/cli-datadir/user/libraries/Wasm3/examples/Wasm_CoreMark/Wasm_CoreMark.ino:7:0:
/home/ec2-user/arduino-testlib/cli-datadir/user/libraries/Wasm3/src/wasm3.h:30:8: note: forward declaration of &#39;struct M3Runtime&#39;
 struct M3Runtime;       typedef struct M3Runtime *      IM3Runtime;
        ^

</pre>
					
					<h4>examples/Wasm_Dino_ESP32_TDisplay</h4>
					<p>
						Result: <b>FAIL</b>
					</p>
					<pre class="pre-scrollable">/home/ec2-user/arduino-testlib/cli-datadir/user/libraries/Wasm3/examples/Wasm_Dino_ESP32_TDisplay/Wasm_Dino_ESP32_TDisplay.ino: In function &#39;void init_device()&#39;:
/home/ec2-user/arduino-testlib/cli-datadir/user/libraries/Wasm3/examples/Wasm_Dino_ESP32_TDisplay/Wasm_Dino_ESP32_TDisplay.ino:120:19: error: &#39;TFT_BL&#39; was not declared in this scope
     ledcAttachPin(TFT_BL, 0);
                   ^

</pre>
					
					<h4>examples/Wasm_Dino_PyBadge</h4>
					<p>
						Result: <b>FAIL</b>
					</p>
					<pre class="pre-scrollable">/home/ec2-user/arduino-testlib/cli-datadir/user/libraries/Wasm3/examples/Wasm_Dino_PyBadge/Wasm_Dino_PyBadge.ino:59:1: error: &#39;Adafruit_Arcada&#39; does not name a type
 Adafruit_Arcada arcada;
 ^
/home/ec2-user/arduino-testlib/cli-datadir/user/libraries/Wasm3/examples/Wasm_Dino_PyBadge/Wasm_Dino_PyBadge.ino: In function &#39;void init_device()&#39;:
/home/ec2-user/arduino-testlib/cli-datadir/user/libraries/Wasm3/examples/Wasm_Dino_PyBadge/Wasm_Dino_PyBadge.ino:103:10: error: &#39;arcada&#39; was not declared in this scope
     if (!arcada.arcadaBegin()) {
          ^
/home/ec2-user/arduino-testlib/cli-datadir/user/libraries/Wasm3/examples/Wasm_Dino_PyBadge/Wasm_Dino_PyBadge.ino:106:5: error: &#39;arcada&#39; was not declared in this scope
     arcada.displayBegin();
     ^
/home/ec2-user/arduino-testlib/cli-datadir/user/libraries/Wasm3/examples/Wasm_Dino_PyBadge/Wasm_Dino_PyBadge.ino: In function &#39;void display_info()&#39;:
/home/ec2-user/arduino-testlib/cli-datadir/user/libraries/Wasm3/examples/Wasm_Dino_PyBadge/Wasm_Dino_PyBadge.ino:112:5: error: &#39;arcada&#39; was not declared in this scope
     arcada.display-&gt;fillScreen(ARCADA_WHITE);
     ^
/home/ec2-user/arduino-testlib/cli-datadir/user/libraries/Wasm3/examples/Wasm_Dino_PyBadge/Wasm_Dino_PyBadge.ino: In function &#39;void setup()&#39;:
/home/ec2-user/arduino-testlib/cli-datadir/user/libraries/Wasm3/examples/Wasm_Dino_PyBadge/Wasm_Dino_PyBadge.ino:150:34: error: &#39;arcada&#39; was not declared in this scope
       uint32_t pressed_buttons = arcada.readButtons();
                                  ^
Multiple libraries were found for &#34;Adafruit_NeoPixel.h&#34;
  Used: /home/ec2-user/arduino-testlib/cli-datadir/user/libraries/Adafruit_NeoPixel
  Not used: /home/ec2-user/arduino-testlib/cli-datadir/user/libraries/Pinduino
  Not used: /home/ec2-user/arduino-testlib/cli-datadir/user/libraries/Leaphy_Extra_Extension
</pre>
					
					<h4>examples/Wasm_Fibonacci</h4>
					<p>
						Result: <b>PASS</b>
					</p>
					<pre class="pre-scrollable">Sketch uses 266210 bytes (20%) of program storage space. Maximum is 1310720 bytes.
Global variables use 13648 bytes (4%) of dynamic memory, leaving 314032 bytes for local variables. Maximum is 327680 bytes.
</pre>
					
				
			</div>
		</div>
	</div>
  </body>
</html>
