
<!doctype html>
<html lang="en">
  <head>
    <meta charset="utf-8">
    <meta name="viewport" content="width=device-width, initial-scale=1">
    <link href="https://cdn.jsdelivr.net/npm/bootstrap@5.0.2/dist/css/bootstrap.min.css" rel="stylesheet" integrity="sha384-EVSTQN3/azprG1Anm3QDgpJLIm9Nao0Yz1ztcQTwFspd3yD65VohhpuuCOmLASjC" crossorigin="anonymous">
    <title>arduino-testlib report</title>
	<style>
	.pass { background-color: #00FF00 !important; }
	.fail { background-color: #FF0000 !important; }
	</style>
  </head>
  <body>
	<div class="container">
		<div class="row">
			<div class="col">
				<h1>wdt_samd21 - compatibility matrix</h1>
				<p>
					<small>This report was generated on Monday, 21-Feb-22 12:00:25 CET using 
					<a href="https://github.com/alranel/arduino-testlib">arduino-testlib</a>.</small>
				</p>

				<h2>wdt_samd21</h2>
				<p>
					Version: <b>1.0.0</b>
					<br />
					<a href="https://www.arduino.cc/reference/en/libraries/wdt_samd21/">More details</a>
				</p>

				<h2>Compatibility matrix</h2>
				<table class="table table-bordered">
					<tr>
						<th>Board</th>
						<th>Claims compatibility</th>
						<th>Inclusion</th>
						
						<th><pre>wdt_samd21_demo</pre></th>
						
					</tr>
					
					<tr>
						<td>
							<a href="#arduino%3aavr%3auno"><b>arduino:avr:uno</b></a>
							<br />
							<small>1.8.4</small>
						</td>

						
						
						
						
							<td>No</td>
							<td class="fail">FAIL</td>
						

						
							
								
									
										
											
											<td class="fail">FAIL</td>
										
									
								
							
								
							
								
							
								
							
								
							
						
					</tr>
					
					<tr>
						<td>
							<a href="#arduino%3ambed_nano%3ananorp2040connect"><b>arduino:mbed_nano:nanorp2040connect</b></a>
							<br />
							<small>2.7.2</small>
						</td>

						
						
						
						
							<td>No</td>
							<td class="fail">FAIL</td>
						

						
							
								
							
								
									
										
											
											<td class="fail">FAIL</td>
										
									
								
							
								
							
								
							
								
							
						
					</tr>
					
					<tr>
						<td>
							<a href="#arduino%3amegaavr%3anona4809"><b>arduino:megaavr:nona4809</b></a>
							<br />
							<small>1.8.7</small>
						</td>

						
						
						
						
							<td>No</td>
							<td class="fail">FAIL</td>
						

						
							
								
							
								
							
								
									
										
											
											<td class="fail">FAIL</td>
										
									
								
							
								
							
								
							
						
					</tr>
					
					<tr>
						<td>
							<a href="#arduino%3asamd%3amkrwifi1010"><b>arduino:samd:mkrwifi1010</b></a>
							<br />
							<small>1.8.12</small>
						</td>

						
							<td>Yes</td>
							<td class="pass">PASS</td>
						
						
						
						

						
							
								
							
								
							
								
							
								
									
										
											<td class="pass">PASS</td>
											
										
									
								
							
								
							
						
					</tr>
					
					<tr>
						<td>
							<a href="#esp32%3aesp32%3ad1_mini32"><b>esp32:esp32:d1_mini32</b></a>
							<br />
							<small>1.0.6</small>
						</td>

						
						
						
						
							<td>No</td>
							<td class="fail">FAIL</td>
						

						
							
								
							
								
							
								
							
								
							
								
									
										
											
											<td class="fail">FAIL</td>
										
									
								
							
						
					</tr>
					
				</table>

				<h2>Compilation logs</h2>
				
				<h3 id="arduino:avr:uno">arduino:avr:uno @ 1.8.4</h3>
				<h4>Inclusion</h4>
				<p>
					Result: <b>FAIL</b>
					
				</p>
				<pre class="pre-scrollable">WARNING: library wdt_samd21 claims to run on samd architecture(s) and may be incompatible with your current board which runs on avr architecture(s).
In file included from /tmp/arduino-testlib2993839995/test/test.ino:1:0:
/home/ec2-user/arduino-testlib/cli-datadir/user/libraries/wdt_samd21/src/wdt_samd21.h:49:49: error: &#39;WDT_CONFIG_PER_2K&#39; was not declared in this scope
 void wdt_init ( unsigned long wdt_config_per =  WDT_CONFIG_PER_2K );
                                                 ^~~~~~~~~~~~~~~~~

</pre>

					
					<h4>examples/wdt_samd21_demo</h4>
					<p>
						Result: <b>FAIL</b>
					</p>
					<pre class="pre-scrollable">WARNING: library wdt_samd21 claims to run on samd architecture(s) and may be incompatible with your current board which runs on avr architecture(s).
In file included from /home/ec2-user/arduino-testlib/cli-datadir/user/libraries/wdt_samd21/examples/wdt_samd21_demo/wdt_samd21_demo.ino:1:0:
/home/ec2-user/arduino-testlib/cli-datadir/user/libraries/wdt_samd21/src/wdt_samd21.h:49:49: error: &#39;WDT_CONFIG_PER_2K&#39; was not declared in this scope
 void wdt_init ( unsigned long wdt_config_per =  WDT_CONFIG_PER_2K );
                                                 ^~~~~~~~~~~~~~~~~
/home/ec2-user/arduino-testlib/cli-datadir/user/libraries/wdt_samd21/examples/wdt_samd21_demo/wdt_samd21_demo.ino: In function &#39;void setup()&#39;:
/home/ec2-user/arduino-testlib/cli-datadir/user/libraries/wdt_samd21/examples/wdt_samd21_demo/wdt_samd21_demo.ino:6:4: error: &#39;SerialUSB&#39; was not declared in this scope
    SerialUSB.begin ( 9600 );
    ^~~~~~~~~
/home/ec2-user/arduino-testlib/cli-datadir/user/libraries/wdt_samd21/examples/wdt_samd21_demo/wdt_samd21_demo.ino:6:4: note: suggested alternative: &#39;Serial&#39;
    SerialUSB.begin ( 9600 );
    ^~~~~~~~~
    Serial
/home/ec2-user/arduino-testlib/cli-datadir/user/libraries/wdt_samd21/examples/wdt_samd21_demo/wdt_samd21_demo.ino:12:15: error: &#39;WDT_CONFIG_PER_2K&#39; was not declared in this scope
    wdt_init ( WDT_CONFIG_PER_2K );
               ^~~~~~~~~~~~~~~~~
/home/ec2-user/arduino-testlib/cli-datadir/user/libraries/wdt_samd21/examples/wdt_samd21_demo/wdt_samd21_demo.ino: In function &#39;void loop()&#39;:
/home/ec2-user/arduino-testlib/cli-datadir/user/libraries/wdt_samd21/examples/wdt_samd21_demo/wdt_samd21_demo.ino:20:7: error: &#39;SerialUSB&#39; was not declared in this scope
       SerialUSB.print ( &#34;Iteration &#34; );
       ^~~~~~~~~
/home/ec2-user/arduino-testlib/cli-datadir/user/libraries/wdt_samd21/examples/wdt_samd21_demo/wdt_samd21_demo.ino:20:7: note: suggested alternative: &#39;Serial&#39;
       SerialUSB.print ( &#34;Iteration &#34; );
       ^~~~~~~~~
       Serial
/home/ec2-user/arduino-testlib/cli-datadir/user/libraries/wdt_samd21/examples/wdt_samd21_demo/wdt_samd21_demo.ino:28:4: error: &#39;SerialUSB&#39; was not declared in this scope
    SerialUSB.println ( &#34;Now waiting for 4 seconds ...&#34; );
    ^~~~~~~~~
/home/ec2-user/arduino-testlib/cli-datadir/user/libraries/wdt_samd21/examples/wdt_samd21_demo/wdt_samd21_demo.ino:28:4: note: suggested alternative: &#39;Serial&#39;
    SerialUSB.println ( &#34;Now waiting for 4 seconds ...&#34; );
    ^~~~~~~~~
    Serial

</pre>
					
				
				<h3 id="arduino:mbed_nano:nanorp2040connect">arduino:mbed_nano:nanorp2040connect @ 2.7.2</h3>
				<h4>Inclusion</h4>
				<p>
					Result: <b>FAIL</b>
					
				</p>
				<pre class="pre-scrollable">WARNING: library wdt_samd21 claims to run on samd architecture(s) and may be incompatible with your current board which runs on mbed_nano architecture(s).
In file included from /tmp/arduino-testlib2665650842/test/test.ino:1:0:
/home/ec2-user/arduino-testlib/cli-datadir/user/libraries/wdt_samd21/src/wdt_samd21.h:49:49: error: &#39;WDT_CONFIG_PER_2K&#39; was not declared in this scope
 void wdt_init ( unsigned long wdt_config_per =  WDT_CONFIG_PER_2K );
                                                 ^~~~~~~~~~~~~~~~~

</pre>

					
					<h4>examples/wdt_samd21_demo</h4>
					<p>
						Result: <b>FAIL</b>
					</p>
					<pre class="pre-scrollable">WARNING: library wdt_samd21 claims to run on samd architecture(s) and may be incompatible with your current board which runs on mbed_nano architecture(s).
In file included from /home/ec2-user/arduino-testlib/cli-datadir/user/libraries/wdt_samd21/examples/wdt_samd21_demo/wdt_samd21_demo.ino:1:0:
/home/ec2-user/arduino-testlib/cli-datadir/user/libraries/wdt_samd21/src/wdt_samd21.h:49:49: error: &#39;WDT_CONFIG_PER_2K&#39; was not declared in this scope
 void wdt_init ( unsigned long wdt_config_per =  WDT_CONFIG_PER_2K );
                                                 ^~~~~~~~~~~~~~~~~
/home/ec2-user/arduino-testlib/cli-datadir/user/libraries/wdt_samd21/examples/wdt_samd21_demo/wdt_samd21_demo.ino: In function &#39;void setup()&#39;:
/home/ec2-user/arduino-testlib/cli-datadir/user/libraries/wdt_samd21/examples/wdt_samd21_demo/wdt_samd21_demo.ino:12:15: error: &#39;WDT_CONFIG_PER_2K&#39; was not declared in this scope
    wdt_init ( WDT_CONFIG_PER_2K );
               ^~~~~~~~~~~~~~~~~

</pre>
					
				
				<h3 id="arduino:megaavr:nona4809">arduino:megaavr:nona4809 @ 1.8.7</h3>
				<h4>Inclusion</h4>
				<p>
					Result: <b>FAIL</b>
					
				</p>
				<pre class="pre-scrollable">WARNING: library wdt_samd21 claims to run on samd architecture(s) and may be incompatible with your current board which runs on megaavr architecture(s).
In file included from /tmp/arduino-testlib2665650842/test/test.ino:1:0:
/home/ec2-user/arduino-testlib/cli-datadir/user/libraries/wdt_samd21/src/wdt_samd21.h:49:49: error: &#39;WDT_CONFIG_PER_2K&#39; was not declared in this scope
 void wdt_init ( unsigned long wdt_config_per =  WDT_CONFIG_PER_2K );
                                                 ^~~~~~~~~~~~~~~~~
/home/ec2-user/arduino-testlib/cli-datadir/user/libraries/wdt_samd21/src/wdt_samd21.h:49:49: note: suggested alternative: &#39;USB_CONFIG_POWER_MA&#39;
 void wdt_init ( unsigned long wdt_config_per =  WDT_CONFIG_PER_2K );
                                                 ^~~~~~~~~~~~~~~~~
                                                 USB_CONFIG_POWER_MA

</pre>

					
					<h4>examples/wdt_samd21_demo</h4>
					<p>
						Result: <b>FAIL</b>
					</p>
					<pre class="pre-scrollable">WARNING: library wdt_samd21 claims to run on samd architecture(s) and may be incompatible with your current board which runs on megaavr architecture(s).
In file included from /home/ec2-user/arduino-testlib/cli-datadir/user/libraries/wdt_samd21/examples/wdt_samd21_demo/wdt_samd21_demo.ino:1:0:
/home/ec2-user/arduino-testlib/cli-datadir/user/libraries/wdt_samd21/src/wdt_samd21.h:49:49: error: &#39;WDT_CONFIG_PER_2K&#39; was not declared in this scope
 void wdt_init ( unsigned long wdt_config_per =  WDT_CONFIG_PER_2K );
                                                 ^~~~~~~~~~~~~~~~~
/home/ec2-user/arduino-testlib/cli-datadir/user/libraries/wdt_samd21/src/wdt_samd21.h:49:49: note: suggested alternative: &#39;USB_CONFIG_POWER_MA&#39;
 void wdt_init ( unsigned long wdt_config_per =  WDT_CONFIG_PER_2K );
                                                 ^~~~~~~~~~~~~~~~~
                                                 USB_CONFIG_POWER_MA
/home/ec2-user/arduino-testlib/cli-datadir/user/libraries/wdt_samd21/examples/wdt_samd21_demo/wdt_samd21_demo.ino: In function &#39;void setup()&#39;:
/home/ec2-user/arduino-testlib/cli-datadir/user/libraries/wdt_samd21/examples/wdt_samd21_demo/wdt_samd21_demo.ino:6:4: error: &#39;SerialUSB&#39; was not declared in this scope
    SerialUSB.begin ( 9600 );
    ^~~~~~~~~
/home/ec2-user/arduino-testlib/cli-datadir/user/libraries/wdt_samd21/examples/wdt_samd21_demo/wdt_samd21_demo.ino:6:4: note: suggested alternative: &#39;Serial1&#39;
    SerialUSB.begin ( 9600 );
    ^~~~~~~~~
    Serial1
/home/ec2-user/arduino-testlib/cli-datadir/user/libraries/wdt_samd21/examples/wdt_samd21_demo/wdt_samd21_demo.ino:12:15: error: &#39;WDT_CONFIG_PER_2K&#39; was not declared in this scope
    wdt_init ( WDT_CONFIG_PER_2K );
               ^~~~~~~~~~~~~~~~~
/home/ec2-user/arduino-testlib/cli-datadir/user/libraries/wdt_samd21/examples/wdt_samd21_demo/wdt_samd21_demo.ino:12:15: note: suggested alternative: &#39;USB_CONFIG_POWER_MA&#39;
    wdt_init ( WDT_CONFIG_PER_2K );
               ^~~~~~~~~~~~~~~~~
               USB_CONFIG_POWER_MA
/home/ec2-user/arduino-testlib/cli-datadir/user/libraries/wdt_samd21/examples/wdt_samd21_demo/wdt_samd21_demo.ino: In function &#39;void loop()&#39;:
/home/ec2-user/arduino-testlib/cli-datadir/user/libraries/wdt_samd21/examples/wdt_samd21_demo/wdt_samd21_demo.ino:20:7: error: &#39;SerialUSB&#39; was not declared in this scope
       SerialUSB.print ( &#34;Iteration &#34; );
       ^~~~~~~~~
/home/ec2-user/arduino-testlib/cli-datadir/user/libraries/wdt_samd21/examples/wdt_samd21_demo/wdt_samd21_demo.ino:20:7: note: suggested alternative: &#39;Serial1&#39;
       SerialUSB.print ( &#34;Iteration &#34; );
       ^~~~~~~~~
       Serial1
/home/ec2-user/arduino-testlib/cli-datadir/user/libraries/wdt_samd21/examples/wdt_samd21_demo/wdt_samd21_demo.ino:28:4: error: &#39;SerialUSB&#39; was not declared in this scope
    SerialUSB.println ( &#34;Now waiting for 4 seconds ...&#34; );
    ^~~~~~~~~
/home/ec2-user/arduino-testlib/cli-datadir/user/libraries/wdt_samd21/examples/wdt_samd21_demo/wdt_samd21_demo.ino:28:4: note: suggested alternative: &#39;Serial1&#39;
    SerialUSB.println ( &#34;Now waiting for 4 seconds ...&#34; );
    ^~~~~~~~~
    Serial1

</pre>
					
				
				<h3 id="arduino:samd:mkrwifi1010">arduino:samd:mkrwifi1010 @ 1.8.12</h3>
				<h4>Inclusion</h4>
				<p>
					Result: <b>PASS</b>
					
				</p>
				<pre class="pre-scrollable">Sketch uses 12156 bytes (4%) of program storage space. Maximum is 262144 bytes.
Global variables use 2996 bytes (9%) of dynamic memory, leaving 29772 bytes for local variables. Maximum is 32768 bytes.
</pre>

					
					<h4>examples/wdt_samd21_demo</h4>
					<p>
						Result: <b>PASS</b>
					</p>
					<pre class="pre-scrollable">Sketch uses 12824 bytes (4%) of program storage space. Maximum is 262144 bytes.
Global variables use 2996 bytes (9%) of dynamic memory, leaving 29772 bytes for local variables. Maximum is 32768 bytes.
</pre>
					
				
				<h3 id="esp32:esp32:d1_mini32">esp32:esp32:d1_mini32 @ 1.0.6</h3>
				<h4>Inclusion</h4>
				<p>
					Result: <b>FAIL</b>
					
				</p>
				<pre class="pre-scrollable">WARNING: library wdt_samd21 claims to run on samd architecture(s) and may be incompatible with your current board which runs on esp32 architecture(s).
In file included from /tmp/arduino-testlib2665650842/test/test.ino:1:0:
/home/ec2-user/arduino-testlib/cli-datadir/user/libraries/wdt_samd21/src/wdt_samd21.h:49:49: error: &#39;WDT_CONFIG_PER_2K&#39; was not declared in this scope
 void wdt_init ( unsigned long wdt_config_per =  WDT_CONFIG_PER_2K );
                                                 ^

</pre>

					
					<h4>examples/wdt_samd21_demo</h4>
					<p>
						Result: <b>FAIL</b>
					</p>
					<pre class="pre-scrollable">WARNING: library wdt_samd21 claims to run on samd architecture(s) and may be incompatible with your current board which runs on esp32 architecture(s).
In file included from /home/ec2-user/arduino-testlib/cli-datadir/user/libraries/wdt_samd21/examples/wdt_samd21_demo/wdt_samd21_demo.ino:1:0:
/home/ec2-user/arduino-testlib/cli-datadir/user/libraries/wdt_samd21/src/wdt_samd21.h:49:49: error: &#39;WDT_CONFIG_PER_2K&#39; was not declared in this scope
 void wdt_init ( unsigned long wdt_config_per =  WDT_CONFIG_PER_2K );
                                                 ^
/home/ec2-user/arduino-testlib/cli-datadir/user/libraries/wdt_samd21/examples/wdt_samd21_demo/wdt_samd21_demo.ino: In function &#39;void setup()&#39;:
/home/ec2-user/arduino-testlib/cli-datadir/user/libraries/wdt_samd21/examples/wdt_samd21_demo/wdt_samd21_demo.ino:6:4: error: &#39;SerialUSB&#39; was not declared in this scope
    SerialUSB.begin ( 9600 );
    ^
/home/ec2-user/arduino-testlib/cli-datadir/user/libraries/wdt_samd21/examples/wdt_samd21_demo/wdt_samd21_demo.ino:12:15: error: &#39;WDT_CONFIG_PER_2K&#39; was not declared in this scope
    wdt_init ( WDT_CONFIG_PER_2K );
               ^
/home/ec2-user/arduino-testlib/cli-datadir/user/libraries/wdt_samd21/examples/wdt_samd21_demo/wdt_samd21_demo.ino: In function &#39;void loop()&#39;:
/home/ec2-user/arduino-testlib/cli-datadir/user/libraries/wdt_samd21/examples/wdt_samd21_demo/wdt_samd21_demo.ino:20:7: error: &#39;SerialUSB&#39; was not declared in this scope
       SerialUSB.print ( &#34;Iteration &#34; );
       ^
/home/ec2-user/arduino-testlib/cli-datadir/user/libraries/wdt_samd21/examples/wdt_samd21_demo/wdt_samd21_demo.ino:28:4: error: &#39;SerialUSB&#39; was not declared in this scope
    SerialUSB.println ( &#34;Now waiting for 4 seconds ...&#34; );
    ^

</pre>
					
				
			</div>
		</div>
	</div>
  </body>
</html>
