
<!doctype html>
<html lang="en">
  <head>
    <meta charset="utf-8">
    <meta name="viewport" content="width=device-width, initial-scale=1">
    <link href="https://cdn.jsdelivr.net/npm/bootstrap@5.0.2/dist/css/bootstrap.min.css" rel="stylesheet" integrity="sha384-EVSTQN3/azprG1Anm3QDgpJLIm9Nao0Yz1ztcQTwFspd3yD65VohhpuuCOmLASjC" crossorigin="anonymous">
    <title>arduino-testlib report</title>
	<style>
	.pass { background-color: #00FF00 !important; }
	.fail { background-color: #FF0000 !important; }
	</style>
  </head>
  <body>
	<div class="container">
		<div class="row">
			<div class="col">
				<h1>WiFiWire - compatibility matrix</h1>
				<p>
					<small>This report was generated on Wednesday, 23-Feb-22 22:48:15 CET using 
					<a href="https://github.com/alranel/arduino-testlib">arduino-testlib</a>.</small>
				</p>

				<h2>WiFiWire</h2>
				<p>
					Version: <b>0.0.2</b>
					<br />
					<a href="https://www.arduino.cc/reference/en/libraries/wifiwire/">More details</a>
				</p>

				<h2>Compatibility matrix</h2>
				<table class="table table-bordered">
					<tr>
						<th>Board</th>
						<th>Claims compatibility</th>
						<th>Inclusion</th>
						
						<th><pre>ADT7410Self</pre></th>
						
						<th><pre>Client</pre></th>
						
						<th><pre>Server</pre></th>
						
					</tr>
					
					<tr>
						<td>
							<a href="#arduino%3aavr%3auno"><b>arduino:avr:uno</b></a>
							<br />
							<small>1.8.4</small>
						</td>

						
						
						
							<td>Yes ⚠️</td>
							<td class="fail">FAIL</td>
						
						

						
							
								
									
										
											
											<td class="fail">FAIL</td>
										
									
										
									
										
									
								
							
								
							
								
							
								
							
								
							
						
							
								
									
										
									
										
											
											<td class="fail">FAIL</td>
										
									
										
									
								
							
								
							
								
							
								
							
								
							
						
							
								
									
										
									
										
									
										
											
											<td class="fail">FAIL</td>
										
									
								
							
								
							
								
							
								
							
								
							
						
					</tr>
					
					<tr>
						<td>
							<a href="#arduino%3ambed_nano%3ananorp2040connect"><b>arduino:mbed_nano:nanorp2040connect</b></a>
							<br />
							<small>2.7.2</small>
						</td>

						
						
						
							<td>Yes ⚠️</td>
							<td class="fail">FAIL</td>
						
						

						
							
								
							
								
									
										
											
											<td class="fail">FAIL</td>
										
									
										
									
										
									
								
							
								
							
								
							
								
							
						
							
								
							
								
									
										
									
										
											
											<td class="fail">FAIL</td>
										
									
										
									
								
							
								
							
								
							
								
							
						
							
								
							
								
									
										
									
										
									
										
											
											<td class="fail">FAIL</td>
										
									
								
							
								
							
								
							
								
							
						
					</tr>
					
					<tr>
						<td>
							<a href="#arduino%3amegaavr%3anona4809"><b>arduino:megaavr:nona4809</b></a>
							<br />
							<small>1.8.7</small>
						</td>

						
						
						
							<td>Yes ⚠️</td>
							<td class="fail">FAIL</td>
						
						

						
							
								
							
								
							
								
									
										
											
											<td class="fail">FAIL</td>
										
									
										
									
										
									
								
							
								
							
								
							
						
							
								
							
								
							
								
									
										
									
										
											
											<td class="fail">FAIL</td>
										
									
										
									
								
							
								
							
								
							
						
							
								
							
								
							
								
									
										
									
										
									
										
											
											<td class="fail">FAIL</td>
										
									
								
							
								
							
								
							
						
					</tr>
					
					<tr>
						<td>
							<a href="#arduino%3asamd%3amkrwifi1010"><b>arduino:samd:mkrwifi1010</b></a>
							<br />
							<small>1.8.12</small>
						</td>

						
						
						
							<td>Yes ⚠️</td>
							<td class="fail">FAIL</td>
						
						

						
							
								
							
								
							
								
							
								
									
										
											
											<td class="fail">FAIL</td>
										
									
										
									
										
									
								
							
								
							
						
							
								
							
								
							
								
							
								
									
										
									
										
											
											<td class="fail">FAIL</td>
										
									
										
									
								
							
								
							
						
							
								
							
								
							
								
							
								
									
										
									
										
									
										
											
											<td class="fail">FAIL</td>
										
									
								
							
								
							
						
					</tr>
					
					<tr>
						<td>
							<a href="#esp32%3aesp32%3ad1_mini32"><b>esp32:esp32:d1_mini32</b></a>
							<br />
							<small>1.0.6</small>
						</td>

						
						
						
							<td>Yes ⚠️</td>
							<td class="fail">FAIL</td>
						
						

						
							
								
							
								
							
								
							
								
							
								
									
										
											<td class="pass">PASS</td>
											
										
									
										
									
										
									
								
							
						
							
								
							
								
							
								
							
								
							
								
									
										
									
										
											
											<td class="fail">FAIL</td>
										
									
										
									
								
							
						
							
								
							
								
							
								
							
								
							
								
									
										
									
										
									
										
											
											<td class="fail">FAIL</td>
										
									
								
							
						
					</tr>
					
				</table>

				<h2>Compilation logs</h2>
				
				<h3 id="arduino:avr:uno">arduino:avr:uno @ 1.8.4</h3>
				<h4>Inclusion</h4>
				<p>
					Result: <b>FAIL</b>
					
				</p>
				<pre class="pre-scrollable">In file included from /tmp/arduino-testlib1648085645/test/test.ino:1:0:
/home/ec2-user/arduino-testlib/cli-datadir/user/libraries/WiFiWire/src/WiFiWire.h:4:10: fatal error: arduino.h: No such file or directory
 #include &#34;arduino.h&#34;
          ^~~~~~~~~~~
compilation terminated.

</pre>

					
					<h4>examples/ADT7410Self</h4>
					<p>
						Result: <b>FAIL</b>
					</p>
					<pre class="pre-scrollable">/home/ec2-user/arduino-testlib/cli-datadir/user/libraries/WiFiWire/examples/ADT7410Self/ADT7410Self.ino: In function &#39;void setup()&#39;:
/home/ec2-user/arduino-testlib/cli-datadir/user/libraries/WiFiWire/examples/ADT7410Self/ADT7410Self.ino:17:31: error: no matching function for call to &#39;TwoWire::begin(int, int, int)&#39;
   Wire.begin(MYSDA, MYSCL, 400);
                               ^
In file included from /home/ec2-user/arduino-testlib/cli-datadir/user/libraries/WiFiWire/examples/ADT7410Self/ADT7410Self.ino:6:0:
/home/ec2-user/arduino-testlib/cli-datadir/data/packages/arduino/hardware/avr/1.8.4/libraries/Wire/src/Wire.h:53:10: note: candidate: void TwoWire::begin()
     void begin();
          ^~~~~
/home/ec2-user/arduino-testlib/cli-datadir/data/packages/arduino/hardware/avr/1.8.4/libraries/Wire/src/Wire.h:53:10: note:   candidate expects 0 arguments, 3 provided
/home/ec2-user/arduino-testlib/cli-datadir/data/packages/arduino/hardware/avr/1.8.4/libraries/Wire/src/Wire.h:54:10: note: candidate: void TwoWire::begin(uint8_t)
     void begin(uint8_t);
          ^~~~~
/home/ec2-user/arduino-testlib/cli-datadir/data/packages/arduino/hardware/avr/1.8.4/libraries/Wire/src/Wire.h:54:10: note:   candidate expects 1 argument, 3 provided
/home/ec2-user/arduino-testlib/cli-datadir/data/packages/arduino/hardware/avr/1.8.4/libraries/Wire/src/Wire.h:55:10: note: candidate: void TwoWire::begin(int)
     void begin(int);
          ^~~~~
/home/ec2-user/arduino-testlib/cli-datadir/data/packages/arduino/hardware/avr/1.8.4/libraries/Wire/src/Wire.h:55:10: note:   candidate expects 1 argument, 3 provided
/home/ec2-user/arduino-testlib/cli-datadir/user/libraries/WiFiWire/examples/ADT7410Self/ADT7410Self.ino:32:10: error: &#39;class HardwareSerial&#39; has no member named &#39;printf&#39;; did you mean &#39;print&#39;?
   Serial.printf(&#34;dt = 0x%04x\n&#34;, dt);
          ^~~~~~
          print
/home/ec2-user/arduino-testlib/cli-datadir/user/libraries/WiFiWire/examples/ADT7410Self/ADT7410Self.ino:33:10: error: &#39;class HardwareSerial&#39; has no member named &#39;printf&#39;; did you mean &#39;print&#39;?
   Serial.printf(&#34;Temp = %.2f&#39;C\n&#34;,(float)(dt &gt;&gt; 3)/16.0);
          ^~~~~~
          print

</pre>
					
					<h4>examples/Client</h4>
					<p>
						Result: <b>FAIL</b>
					</p>
					<pre class="pre-scrollable">In file included from /home/ec2-user/arduino-testlib/cli-datadir/user/libraries/WiFiWire/examples/Client/Client.ino:1:0:
/home/ec2-user/arduino-testlib/cli-datadir/user/libraries/WiFiWire/src/WiFiWire.h:4:10: fatal error: arduino.h: No such file or directory
 #include &#34;arduino.h&#34;
          ^~~~~~~~~~~
compilation terminated.

</pre>
					
					<h4>examples/Server</h4>
					<p>
						Result: <b>FAIL</b>
					</p>
					<pre class="pre-scrollable">In file included from /home/ec2-user/arduino-testlib/cli-datadir/user/libraries/WiFiWire/examples/Server/Server.ino:1:0:
/home/ec2-user/arduino-testlib/cli-datadir/user/libraries/WiFiWire/src/WiFiWire.h:4:10: fatal error: arduino.h: No such file or directory
 #include &#34;arduino.h&#34;
          ^~~~~~~~~~~
compilation terminated.

</pre>
					
				
				<h3 id="arduino:mbed_nano:nanorp2040connect">arduino:mbed_nano:nanorp2040connect @ 2.7.2</h3>
				<h4>Inclusion</h4>
				<p>
					Result: <b>FAIL</b>
					
				</p>
				<pre class="pre-scrollable">In file included from /tmp/arduino-testlib4143117633/test/test.ino:1:0:
/home/ec2-user/arduino-testlib/cli-datadir/user/libraries/WiFiWire/src/WiFiWire.h:4:10: fatal error: arduino.h: No such file or directory
 #include &#34;arduino.h&#34;
          ^~~~~~~~~~~
compilation terminated.

</pre>

					
					<h4>examples/ADT7410Self</h4>
					<p>
						Result: <b>FAIL</b>
					</p>
					<pre class="pre-scrollable">/home/ec2-user/arduino-testlib/cli-datadir/user/libraries/WiFiWire/examples/ADT7410Self/ADT7410Self.ino: In function &#39;void setup()&#39;:
/home/ec2-user/arduino-testlib/cli-datadir/user/libraries/WiFiWire/examples/ADT7410Self/ADT7410Self.ino:17:31: error: no matching function for call to &#39;arduino::MbedI2C::begin(int, int, int)&#39;
   Wire.begin(MYSDA, MYSCL, 400);
                               ^
In file included from /home/ec2-user/arduino-testlib/cli-datadir/user/libraries/WiFiWire/examples/ADT7410Self/ADT7410Self.ino:6:0:
/home/ec2-user/arduino-testlib/cli-datadir/data/packages/arduino/hardware/mbed_nano/2.7.2/libraries/Wire/Wire.h:39:18: note: candidate: virtual void arduino::MbedI2C::begin()
     virtual void begin();
                  ^~~~~
/home/ec2-user/arduino-testlib/cli-datadir/data/packages/arduino/hardware/mbed_nano/2.7.2/libraries/Wire/Wire.h:39:18: note:   candidate expects 0 arguments, 3 provided
/home/ec2-user/arduino-testlib/cli-datadir/data/packages/arduino/hardware/mbed_nano/2.7.2/libraries/Wire/Wire.h:43:18: note: candidate: virtual void arduino::MbedI2C::begin(uint8_t)
     virtual void begin(uint8_t address);
                  ^~~~~
/home/ec2-user/arduino-testlib/cli-datadir/data/packages/arduino/hardware/mbed_nano/2.7.2/libraries/Wire/Wire.h:43:18: note:   candidate expects 1 argument, 3 provided
/home/ec2-user/arduino-testlib/cli-datadir/user/libraries/WiFiWire/examples/ADT7410Self/ADT7410Self.ino:32:10: error: &#39;class arduino::UART&#39; has no member named &#39;printf&#39;; did you mean &#39;print&#39;?
   Serial.printf(&#34;dt = 0x%04x\n&#34;, dt);
          ^~~~~~
          print
/home/ec2-user/arduino-testlib/cli-datadir/user/libraries/WiFiWire/examples/ADT7410Self/ADT7410Self.ino:33:10: error: &#39;class arduino::UART&#39; has no member named &#39;printf&#39;; did you mean &#39;print&#39;?
   Serial.printf(&#34;Temp = %.2f&#39;C\n&#34;,(float)(dt &gt;&gt; 3)/16.0);
          ^~~~~~
          print

</pre>
					
					<h4>examples/Client</h4>
					<p>
						Result: <b>FAIL</b>
					</p>
					<pre class="pre-scrollable">In file included from /home/ec2-user/arduino-testlib/cli-datadir/user/libraries/WiFiWire/examples/Client/Client.ino:1:0:
/home/ec2-user/arduino-testlib/cli-datadir/user/libraries/WiFiWire/src/WiFiWire.h:4:10: fatal error: arduino.h: No such file or directory
 #include &#34;arduino.h&#34;
          ^~~~~~~~~~~
compilation terminated.

</pre>
					
					<h4>examples/Server</h4>
					<p>
						Result: <b>FAIL</b>
					</p>
					<pre class="pre-scrollable">In file included from /home/ec2-user/arduino-testlib/cli-datadir/user/libraries/WiFiWire/examples/Server/Server.ino:1:0:
/home/ec2-user/arduino-testlib/cli-datadir/user/libraries/WiFiWire/src/WiFiWire.h:4:10: fatal error: arduino.h: No such file or directory
 #include &#34;arduino.h&#34;
          ^~~~~~~~~~~
compilation terminated.

</pre>
					
				
				<h3 id="arduino:megaavr:nona4809">arduino:megaavr:nona4809 @ 1.8.7</h3>
				<h4>Inclusion</h4>
				<p>
					Result: <b>FAIL</b>
					
				</p>
				<pre class="pre-scrollable">In file included from /tmp/arduino-testlib4143117633/test/test.ino:1:0:
/home/ec2-user/arduino-testlib/cli-datadir/user/libraries/WiFiWire/src/WiFiWire.h:4:10: fatal error: arduino.h: No such file or directory
 #include &#34;arduino.h&#34;
          ^~~~~~~~~~~
compilation terminated.

</pre>

					
					<h4>examples/ADT7410Self</h4>
					<p>
						Result: <b>FAIL</b>
					</p>
					<pre class="pre-scrollable">/home/ec2-user/arduino-testlib/cli-datadir/user/libraries/WiFiWire/examples/ADT7410Self/ADT7410Self.ino: In function &#39;void setup()&#39;:
/home/ec2-user/arduino-testlib/cli-datadir/user/libraries/WiFiWire/examples/ADT7410Self/ADT7410Self.ino:17:31: error: no matching function for call to &#39;TwoWire::begin(int, int, int)&#39;
   Wire.begin(MYSDA, MYSCL, 400);
                               ^
In file included from /home/ec2-user/arduino-testlib/cli-datadir/user/libraries/WiFiWire/examples/ADT7410Self/ADT7410Self.ino:6:0:
/home/ec2-user/arduino-testlib/cli-datadir/data/packages/arduino/hardware/megaavr/1.8.7/libraries/Wire/src/Wire.h:52:10: note: candidate: virtual void TwoWire::begin()
     void begin();
          ^~~~~
/home/ec2-user/arduino-testlib/cli-datadir/data/packages/arduino/hardware/megaavr/1.8.7/libraries/Wire/src/Wire.h:52:10: note:   candidate expects 0 arguments, 3 provided
/home/ec2-user/arduino-testlib/cli-datadir/data/packages/arduino/hardware/megaavr/1.8.7/libraries/Wire/src/Wire.h:53:10: note: candidate: virtual void TwoWire::begin(uint8_t)
     void begin(uint8_t);
          ^~~~~
/home/ec2-user/arduino-testlib/cli-datadir/data/packages/arduino/hardware/megaavr/1.8.7/libraries/Wire/src/Wire.h:53:10: note:   candidate expects 1 argument, 3 provided
/home/ec2-user/arduino-testlib/cli-datadir/data/packages/arduino/hardware/megaavr/1.8.7/libraries/Wire/src/Wire.h:54:10: note: candidate: void TwoWire::begin(int)
     void begin(int);
          ^~~~~
/home/ec2-user/arduino-testlib/cli-datadir/data/packages/arduino/hardware/megaavr/1.8.7/libraries/Wire/src/Wire.h:54:10: note:   candidate expects 1 argument, 3 provided
/home/ec2-user/arduino-testlib/cli-datadir/user/libraries/WiFiWire/examples/ADT7410Self/ADT7410Self.ino:32:10: error: &#39;class UartClass&#39; has no member named &#39;printf&#39;; did you mean &#39;print&#39;?
   Serial.printf(&#34;dt = 0x%04x\n&#34;, dt);
          ^~~~~~
          print
/home/ec2-user/arduino-testlib/cli-datadir/user/libraries/WiFiWire/examples/ADT7410Self/ADT7410Self.ino:33:10: error: &#39;class UartClass&#39; has no member named &#39;printf&#39;; did you mean &#39;print&#39;?
   Serial.printf(&#34;Temp = %.2f&#39;C\n&#34;,(float)(dt &gt;&gt; 3)/16.0);
          ^~~~~~
          print

</pre>
					
					<h4>examples/Client</h4>
					<p>
						Result: <b>FAIL</b>
					</p>
					<pre class="pre-scrollable">In file included from /home/ec2-user/arduino-testlib/cli-datadir/user/libraries/WiFiWire/examples/Client/Client.ino:1:0:
/home/ec2-user/arduino-testlib/cli-datadir/user/libraries/WiFiWire/src/WiFiWire.h:4:10: fatal error: arduino.h: No such file or directory
 #include &#34;arduino.h&#34;
          ^~~~~~~~~~~
compilation terminated.

</pre>
					
					<h4>examples/Server</h4>
					<p>
						Result: <b>FAIL</b>
					</p>
					<pre class="pre-scrollable">In file included from /home/ec2-user/arduino-testlib/cli-datadir/user/libraries/WiFiWire/examples/Server/Server.ino:1:0:
/home/ec2-user/arduino-testlib/cli-datadir/user/libraries/WiFiWire/src/WiFiWire.h:4:10: fatal error: arduino.h: No such file or directory
 #include &#34;arduino.h&#34;
          ^~~~~~~~~~~
compilation terminated.

</pre>
					
				
				<h3 id="arduino:samd:mkrwifi1010">arduino:samd:mkrwifi1010 @ 1.8.12</h3>
				<h4>Inclusion</h4>
				<p>
					Result: <b>FAIL</b>
					
				</p>
				<pre class="pre-scrollable">In file included from /tmp/arduino-testlib1648085645/test/test.ino:1:0:
/home/ec2-user/arduino-testlib/cli-datadir/user/libraries/WiFiWire/src/WiFiWire.h:4:10: fatal error: arduino.h: No such file or directory
 #include &#34;arduino.h&#34;
          ^~~~~~~~~~~
compilation terminated.

</pre>

					
					<h4>examples/ADT7410Self</h4>
					<p>
						Result: <b>FAIL</b>
					</p>
					<pre class="pre-scrollable">/home/ec2-user/arduino-testlib/cli-datadir/user/libraries/WiFiWire/examples/ADT7410Self/ADT7410Self.ino: In function &#39;void setup()&#39;:
/home/ec2-user/arduino-testlib/cli-datadir/user/libraries/WiFiWire/examples/ADT7410Self/ADT7410Self.ino:17:31: error: no matching function for call to &#39;arduino::TwoWire::begin(int, int, int)&#39;
   Wire.begin(MYSDA, MYSCL, 400);
                               ^
In file included from /home/ec2-user/arduino-testlib/cli-datadir/user/libraries/WiFiWire/examples/ADT7410Self/ADT7410Self.ino:6:0:
/home/ec2-user/arduino-testlib/cli-datadir/data/packages/arduino/hardware/samd/1.8.12/libraries/Wire/Wire.h:36:10: note: candidate: virtual void arduino::TwoWire::begin()
     void begin();
          ^~~~~
/home/ec2-user/arduino-testlib/cli-datadir/data/packages/arduino/hardware/samd/1.8.12/libraries/Wire/Wire.h:36:10: note:   candidate expects 0 arguments, 3 provided
/home/ec2-user/arduino-testlib/cli-datadir/data/packages/arduino/hardware/samd/1.8.12/libraries/Wire/Wire.h:37:10: note: candidate: void arduino::TwoWire::begin(uint8_t, bool)
     void begin(uint8_t address, bool enableGeneralCall);
          ^~~~~
/home/ec2-user/arduino-testlib/cli-datadir/data/packages/arduino/hardware/samd/1.8.12/libraries/Wire/Wire.h:37:10: note:   candidate expects 2 arguments, 3 provided
/home/ec2-user/arduino-testlib/cli-datadir/data/packages/arduino/hardware/samd/1.8.12/libraries/Wire/Wire.h:38:10: note: candidate: virtual void arduino::TwoWire::begin(uint8_t)
     void begin(uint8_t address) {
          ^~~~~
/home/ec2-user/arduino-testlib/cli-datadir/data/packages/arduino/hardware/samd/1.8.12/libraries/Wire/Wire.h:38:10: note:   candidate expects 1 argument, 3 provided
/home/ec2-user/arduino-testlib/cli-datadir/user/libraries/WiFiWire/examples/ADT7410Self/ADT7410Self.ino:32:10: error: &#39;class Serial_&#39; has no member named &#39;printf&#39;; did you mean &#39;print&#39;?
   Serial.printf(&#34;dt = 0x%04x\n&#34;, dt);
          ^~~~~~
          print
/home/ec2-user/arduino-testlib/cli-datadir/user/libraries/WiFiWire/examples/ADT7410Self/ADT7410Self.ino:33:10: error: &#39;class Serial_&#39; has no member named &#39;printf&#39;; did you mean &#39;print&#39;?
   Serial.printf(&#34;Temp = %.2f&#39;C\n&#34;,(float)(dt &gt;&gt; 3)/16.0);
          ^~~~~~
          print

</pre>
					
					<h4>examples/Client</h4>
					<p>
						Result: <b>FAIL</b>
					</p>
					<pre class="pre-scrollable">In file included from /home/ec2-user/arduino-testlib/cli-datadir/user/libraries/WiFiWire/examples/Client/Client.ino:1:0:
/home/ec2-user/arduino-testlib/cli-datadir/user/libraries/WiFiWire/src/WiFiWire.h:4:10: fatal error: arduino.h: No such file or directory
 #include &#34;arduino.h&#34;
          ^~~~~~~~~~~
compilation terminated.

</pre>
					
					<h4>examples/Server</h4>
					<p>
						Result: <b>FAIL</b>
					</p>
					<pre class="pre-scrollable">In file included from /home/ec2-user/arduino-testlib/cli-datadir/user/libraries/WiFiWire/examples/Server/Server.ino:1:0:
/home/ec2-user/arduino-testlib/cli-datadir/user/libraries/WiFiWire/src/WiFiWire.h:4:10: fatal error: arduino.h: No such file or directory
 #include &#34;arduino.h&#34;
          ^~~~~~~~~~~
compilation terminated.

</pre>
					
				
				<h3 id="esp32:esp32:d1_mini32">esp32:esp32:d1_mini32 @ 1.0.6</h3>
				<h4>Inclusion</h4>
				<p>
					Result: <b>FAIL</b>
					
				</p>
				<pre class="pre-scrollable">In file included from /tmp/arduino-testlib4143117633/test/test.ino:1:0:
/home/ec2-user/arduino-testlib/cli-datadir/user/libraries/WiFiWire/src/WiFiWire.h:4:21: fatal error: arduino.h: No such file or directory
compilation terminated.

</pre>

					
					<h4>examples/ADT7410Self</h4>
					<p>
						Result: <b>PASS</b>
					</p>
					<pre class="pre-scrollable">Sketch uses 213158 bytes (16%) of program storage space. Maximum is 1310720 bytes.
Global variables use 14128 bytes (4%) of dynamic memory, leaving 313552 bytes for local variables. Maximum is 327680 bytes.
</pre>
					
					<h4>examples/Client</h4>
					<p>
						Result: <b>FAIL</b>
					</p>
					<pre class="pre-scrollable">In file included from /home/ec2-user/arduino-testlib/cli-datadir/user/libraries/WiFiWire/examples/Client/Client.ino:1:0:
/home/ec2-user/arduino-testlib/cli-datadir/user/libraries/WiFiWire/src/WiFiWire.h:4:21: fatal error: arduino.h: No such file or directory
compilation terminated.

</pre>
					
					<h4>examples/Server</h4>
					<p>
						Result: <b>FAIL</b>
					</p>
					<pre class="pre-scrollable">In file included from /home/ec2-user/arduino-testlib/cli-datadir/user/libraries/WiFiWire/examples/Server/Server.ino:1:0:
/home/ec2-user/arduino-testlib/cli-datadir/user/libraries/WiFiWire/src/WiFiWire.h:4:21: fatal error: arduino.h: No such file or directory
compilation terminated.

</pre>
					
				
			</div>
		</div>
	</div>
  </body>
</html>
