
<!doctype html>
<html lang="en">
  <head>
    <meta charset="utf-8">
    <meta name="viewport" content="width=device-width, initial-scale=1">
    <link href="https://cdn.jsdelivr.net/npm/bootstrap@5.0.2/dist/css/bootstrap.min.css" rel="stylesheet" integrity="sha384-EVSTQN3/azprG1Anm3QDgpJLIm9Nao0Yz1ztcQTwFspd3yD65VohhpuuCOmLASjC" crossorigin="anonymous">
    <title>arduino-testlib report</title>
	<style>
	.pass { background-color: #00FF00 !important; }
	.fail { background-color: #FF0000 !important; }
	</style>
  </head>
  <body>
	<div class="container">
		<div class="row">
			<div class="col">
				<h1>XMC_Servo - compatibility matrix</h1>
				<p>
					<small>This report was generated on Monday, 21-Feb-22 12:00:25 CET using 
					<a href="https://github.com/alranel/arduino-testlib">arduino-testlib</a>.</small>
				</p>

				<h2>XMC_Servo</h2>
				<p>
					Version: <b>1.0.1</b>
					<br />
					<a href="https://www.arduino.cc/reference/en/libraries/xmc_servo/">More details</a>
				</p>

				<h2>Compatibility matrix</h2>
				<table class="table table-bordered">
					<tr>
						<th>Board</th>
						<th>Claims compatibility</th>
						<th>Inclusion</th>
						
						<th><pre>Knob</pre></th>
						
						<th><pre>PWMtest</pre></th>
						
						<th><pre>Servotest</pre></th>
						
						<th><pre>Sweep</pre></th>
						
					</tr>
					
					<tr>
						<td>
							<a href="#arduino%3aavr%3auno"><b>arduino:avr:uno</b></a>
							<br />
							<small>1.8.4</small>
						</td>

						
						
							<td>No ⚠️</td>
							<td class="pass">PASS</td>
						
						
						

						
							
								
									
										
											
											<td class="fail">FAIL</td>
										
									
										
									
										
									
										
									
								
							
								
							
								
							
								
							
								
							
						
							
								
									
										
									
										
											
											<td class="fail">FAIL</td>
										
									
										
									
										
									
								
							
								
							
								
							
								
							
								
							
						
							
								
									
										
									
										
									
										
											
											<td class="fail">FAIL</td>
										
									
										
									
								
							
								
							
								
							
								
							
								
							
						
							
								
									
										
									
										
									
										
									
										
											
											<td class="fail">FAIL</td>
										
									
								
							
								
							
								
							
								
							
								
							
						
					</tr>
					
					<tr>
						<td>
							<a href="#arduino%3ambed_nano%3ananorp2040connect"><b>arduino:mbed_nano:nanorp2040connect</b></a>
							<br />
							<small>2.7.2</small>
						</td>

						
						
							<td>No ⚠️</td>
							<td class="pass">PASS</td>
						
						
						

						
							
								
							
								
									
										
											
											<td class="fail">FAIL</td>
										
									
										
									
										
									
										
									
								
							
								
							
								
							
								
							
						
							
								
							
								
									
										
									
										
											
											<td class="fail">FAIL</td>
										
									
										
									
										
									
								
							
								
							
								
							
								
							
						
							
								
							
								
									
										
									
										
									
										
											
											<td class="fail">FAIL</td>
										
									
										
									
								
							
								
							
								
							
								
							
						
							
								
							
								
									
										
									
										
									
										
									
										
											
											<td class="fail">FAIL</td>
										
									
								
							
								
							
								
							
								
							
						
					</tr>
					
					<tr>
						<td>
							<a href="#arduino%3amegaavr%3anona4809"><b>arduino:megaavr:nona4809</b></a>
							<br />
							<small>1.8.7</small>
						</td>

						
						
							<td>No ⚠️</td>
							<td class="pass">PASS</td>
						
						
						

						
							
								
							
								
							
								
									
										
											
											<td class="fail">FAIL</td>
										
									
										
									
										
									
										
									
								
							
								
							
								
							
						
							
								
							
								
							
								
									
										
									
										
											
											<td class="fail">FAIL</td>
										
									
										
									
										
									
								
							
								
							
								
							
						
							
								
							
								
							
								
									
										
									
										
									
										
											
											<td class="fail">FAIL</td>
										
									
										
									
								
							
								
							
								
							
						
							
								
							
								
							
								
									
										
									
										
									
										
									
										
											
											<td class="fail">FAIL</td>
										
									
								
							
								
							
								
							
						
					</tr>
					
					<tr>
						<td>
							<a href="#arduino%3asamd%3amkrwifi1010"><b>arduino:samd:mkrwifi1010</b></a>
							<br />
							<small>1.8.12</small>
						</td>

						
						
							<td>No ⚠️</td>
							<td class="pass">PASS</td>
						
						
						

						
							
								
							
								
							
								
							
								
									
										
											
											<td class="fail">FAIL</td>
										
									
										
									
										
									
										
									
								
							
								
							
						
							
								
							
								
							
								
							
								
									
										
									
										
											
											<td class="fail">FAIL</td>
										
									
										
									
										
									
								
							
								
							
						
							
								
							
								
							
								
							
								
									
										
									
										
									
										
											
											<td class="fail">FAIL</td>
										
									
										
									
								
							
								
							
						
							
								
							
								
							
								
							
								
									
										
									
										
									
										
									
										
											
											<td class="fail">FAIL</td>
										
									
								
							
								
							
						
					</tr>
					
					<tr>
						<td>
							<a href="#esp32%3aesp32%3ad1_mini32"><b>esp32:esp32:d1_mini32</b></a>
							<br />
							<small>1.0.6</small>
						</td>

						
						
							<td>No ⚠️</td>
							<td class="pass">PASS</td>
						
						
						

						
							
								
							
								
							
								
							
								
							
								
									
										
											
											<td class="fail">FAIL</td>
										
									
										
									
										
									
										
									
								
							
						
							
								
							
								
							
								
							
								
							
								
									
										
									
										
											
											<td class="fail">FAIL</td>
										
									
										
									
										
									
								
							
						
							
								
							
								
							
								
							
								
							
								
									
										
									
										
									
										
											
											<td class="fail">FAIL</td>
										
									
										
									
								
							
						
							
								
							
								
							
								
							
								
							
								
									
										
									
										
									
										
									
										
											
											<td class="fail">FAIL</td>
										
									
								
							
						
					</tr>
					
				</table>

				<h2>Compilation logs</h2>
				
				<h3 id="arduino:avr:uno">arduino:avr:uno @ 1.8.4</h3>
				<h4>Inclusion</h4>
				<p>
					Result: <b>PASS</b>
					
					<br />This library has no main header file so an empty one was created.
					
				</p>
				<pre class="pre-scrollable">Sketch uses 888 bytes (2%) of program storage space. Maximum is 32256 bytes.
Global variables use 46 bytes (2%) of dynamic memory, leaving 2002 bytes for local variables. Maximum is 2048 bytes.
</pre>

					
					<h4>examples/Knob</h4>
					<p>
						Result: <b>FAIL</b>
					</p>
					<pre class="pre-scrollable"></pre>
					
					<h4>examples/PWMtest</h4>
					<p>
						Result: <b>FAIL</b>
					</p>
					<pre class="pre-scrollable">/Users/alranel/Documents/git/arduino/arduino-testlib/cli-datadir/user/libraries/XMC_Servo/examples/PWMtest/PWMtest.ino:34:5: error: no matching function for call to &#39;LED::LED()&#39;
 LED Led;        /* Create an LED object */
     ^~~
In file included from /Users/alranel/Documents/git/arduino/arduino-testlib/cli-datadir/user/libraries/XMC_Servo/examples/PWMtest/PWMtest.ino:20:0:
/Users/alranel/Documents/git/arduino/arduino-testlib/cli-datadir/user/libraries/LED/src/LED.h:8:17: note: candidate: LED::LED(int)
     public:     LED(int);
                 ^~~
/Users/alranel/Documents/git/arduino/arduino-testlib/cli-datadir/user/libraries/LED/src/LED.h:8:17: note:   candidate expects 1 argument, 0 provided
/Users/alranel/Documents/git/arduino/arduino-testlib/cli-datadir/user/libraries/LED/src/LED.h:7:7: note: candidate: constexpr LED::LED(const LED&amp;)
 class LED {
       ^~~
/Users/alranel/Documents/git/arduino/arduino-testlib/cli-datadir/user/libraries/LED/src/LED.h:7:7: note:   candidate expects 1 argument, 0 provided
/Users/alranel/Documents/git/arduino/arduino-testlib/cli-datadir/user/libraries/LED/src/LED.h:7:7: note: candidate: constexpr LED::LED(LED&amp;&amp;)
/Users/alranel/Documents/git/arduino/arduino-testlib/cli-datadir/user/libraries/LED/src/LED.h:7:7: note:   candidate expects 1 argument, 0 provided
/Users/alranel/Documents/git/arduino/arduino-testlib/cli-datadir/user/libraries/XMC_Servo/examples/PWMtest/PWMtest.ino: In function &#39;void setup()&#39;:
/Users/alranel/Documents/git/arduino/arduino-testlib/cli-datadir/user/libraries/XMC_Servo/examples/PWMtest/PWMtest.ino:41:5: error: &#39;class LED&#39; has no member named &#39;Add&#39;
 Led.Add( LED1 );            // Configure the LEDs
     ^~~
/Users/alranel/Documents/git/arduino/arduino-testlib/cli-datadir/user/libraries/XMC_Servo/examples/PWMtest/PWMtest.ino:41:10: error: &#39;LED1&#39; was not declared in this scope
 Led.Add( LED1 );            // Configure the LEDs
          ^~~~
/Users/alranel/Documents/git/arduino/arduino-testlib/cli-datadir/user/libraries/XMC_Servo/examples/PWMtest/PWMtest.ino:41:10: note: suggested alternative: &#39;LED&#39;
 Led.Add( LED1 );            // Configure the LEDs
          ^~~~
          LED
/Users/alranel/Documents/git/arduino/arduino-testlib/cli-datadir/user/libraries/XMC_Servo/examples/PWMtest/PWMtest.ino:42:5: error: &#39;class LED&#39; has no member named &#39;Add&#39;
 Led.Add( LED2 );
     ^~~
/Users/alranel/Documents/git/arduino/arduino-testlib/cli-datadir/user/libraries/XMC_Servo/examples/PWMtest/PWMtest.ino:42:10: error: &#39;LED2&#39; was not declared in this scope
 Led.Add( LED2 );
          ^~~~
/Users/alranel/Documents/git/arduino/arduino-testlib/cli-datadir/user/libraries/XMC_Servo/examples/PWMtest/PWMtest.ino:42:10: note: suggested alternative: &#39;LED&#39;
 Led.Add( LED2 );
          ^~~~
          LED
/Users/alranel/Documents/git/arduino/arduino-testlib/cli-datadir/user/libraries/XMC_Servo/examples/PWMtest/PWMtest.ino:43:5: error: &#39;class LED&#39; has no member named &#39;Off&#39;; did you mean &#39;off&#39;?
 Led.Off( LED1 );            // Set default state of LEDs
     ^~~
     off
/Users/alranel/Documents/git/arduino/arduino-testlib/cli-datadir/user/libraries/XMC_Servo/examples/PWMtest/PWMtest.ino:44:5: error: &#39;class LED&#39; has no member named &#39;Off&#39;; did you mean &#39;off&#39;?
 Led.Off( LED2 );
     ^~~
     off
/Users/alranel/Documents/git/arduino/arduino-testlib/cli-datadir/user/libraries/XMC_Servo/examples/PWMtest/PWMtest.ino:47:1: error: &#39;analogWriteResolution&#39; was not declared in this scope
 analogWriteResolution( RESOLUTION );
 ^~~~~~~~~~~~~~~~~~~~~
/Users/alranel/Documents/git/arduino/arduino-testlib/cli-datadir/user/libraries/XMC_Servo/examples/PWMtest/PWMtest.ino:47:1: note: suggested alternative: &#39;analogWrite&#39;
 analogWriteResolution( RESOLUTION );
 ^~~~~~~~~~~~~~~~~~~~~
 analogWrite
/Users/alranel/Documents/git/arduino/arduino-testlib/cli-datadir/user/libraries/XMC_Servo/examples/PWMtest/PWMtest.ino:49:5: error: &#39;setAnalogWriteFrequency&#39; was not declared in this scope
 if( setAnalogWriteFrequency( PWM_A_PIN, REFRESH_FREQUENCY ) &lt; 0  )
     ^~~~~~~~~~~~~~~~~~~~~~~
/Users/alranel/Documents/git/arduino/arduino-testlib/cli-datadir/user/libraries/XMC_Servo/examples/PWMtest/PWMtest.ino:57:7: error: &#39;class LED&#39; has no member named &#39;On&#39;; did you mean &#39;on&#39;?
   Led.On( LED1 );
       ^~
       on
/Users/alranel/Documents/git/arduino/arduino-testlib/cli-datadir/user/libraries/XMC_Servo/examples/PWMtest/PWMtest.ino:58:7: error: &#39;class LED&#39; has no member named &#39;On&#39;; did you mean &#39;on&#39;?
   Led.On( LED2 );
       ^~
       on
Multiple libraries were found for &#34;LED.h&#34;
  Used: /Users/alranel/Documents/git/arduino/arduino-testlib/cli-datadir/user/libraries/LED
  Not used: /Users/alranel/Documents/git/arduino/arduino-testlib/cli-datadir/user/libraries/AllThingsTalk_LTE-M_SDK
</pre>
					
					<h4>examples/Servotest</h4>
					<p>
						Result: <b>FAIL</b>
					</p>
					<pre class="pre-scrollable">/Users/alranel/Documents/git/arduino/arduino-testlib/cli-datadir/user/libraries/XMC_Servo/examples/Servotest/Servotest.ino:40:5: error: no matching function for call to &#39;LED::LED()&#39;
 LED Led;        /* Create an LED object */
     ^~~
In file included from /Users/alranel/Documents/git/arduino/arduino-testlib/cli-datadir/user/libraries/XMC_Servo/examples/Servotest/Servotest.ino:22:0:
/Users/alranel/Documents/git/arduino/arduino-testlib/cli-datadir/user/libraries/LED/src/LED.h:8:17: note: candidate: LED::LED(int)
     public:     LED(int);
                 ^~~
/Users/alranel/Documents/git/arduino/arduino-testlib/cli-datadir/user/libraries/LED/src/LED.h:8:17: note:   candidate expects 1 argument, 0 provided
/Users/alranel/Documents/git/arduino/arduino-testlib/cli-datadir/user/libraries/LED/src/LED.h:7:7: note: candidate: constexpr LED::LED(const LED&amp;)
 class LED {
       ^~~
/Users/alranel/Documents/git/arduino/arduino-testlib/cli-datadir/user/libraries/LED/src/LED.h:7:7: note:   candidate expects 1 argument, 0 provided
/Users/alranel/Documents/git/arduino/arduino-testlib/cli-datadir/user/libraries/LED/src/LED.h:7:7: note: candidate: constexpr LED::LED(LED&amp;&amp;)
/Users/alranel/Documents/git/arduino/arduino-testlib/cli-datadir/user/libraries/LED/src/LED.h:7:7: note:   candidate expects 1 argument, 0 provided
/Users/alranel/Documents/git/arduino/arduino-testlib/cli-datadir/user/libraries/XMC_Servo/examples/Servotest/Servotest.ino: In function &#39;void setup()&#39;:
/Users/alranel/Documents/git/arduino/arduino-testlib/cli-datadir/user/libraries/XMC_Servo/examples/Servotest/Servotest.ino:47:5: error: &#39;class LED&#39; has no member named &#39;Add&#39;
 Led.Add( LED1 );            // Configure the LEDs
     ^~~
/Users/alranel/Documents/git/arduino/arduino-testlib/cli-datadir/user/libraries/XMC_Servo/examples/Servotest/Servotest.ino:47:10: error: &#39;LED1&#39; was not declared in this scope
 Led.Add( LED1 );            // Configure the LEDs
          ^~~~
/Users/alranel/Documents/git/arduino/arduino-testlib/cli-datadir/user/libraries/XMC_Servo/examples/Servotest/Servotest.ino:47:10: note: suggested alternative: &#39;LED&#39;
 Led.Add( LED1 );            // Configure the LEDs
          ^~~~
          LED
/Users/alranel/Documents/git/arduino/arduino-testlib/cli-datadir/user/libraries/XMC_Servo/examples/Servotest/Servotest.ino:48:5: error: &#39;class LED&#39; has no member named &#39;Add&#39;
 Led.Add( LED2 );
     ^~~
/Users/alranel/Documents/git/arduino/arduino-testlib/cli-datadir/user/libraries/XMC_Servo/examples/Servotest/Servotest.ino:48:10: error: &#39;LED2&#39; was not declared in this scope
 Led.Add( LED2 );
          ^~~~
/Users/alranel/Documents/git/arduino/arduino-testlib/cli-datadir/user/libraries/XMC_Servo/examples/Servotest/Servotest.ino:48:10: note: suggested alternative: &#39;LED&#39;
 Led.Add( LED2 );
          ^~~~
          LED
/Users/alranel/Documents/git/arduino/arduino-testlib/cli-datadir/user/libraries/XMC_Servo/examples/Servotest/Servotest.ino:49:5: error: &#39;class LED&#39; has no member named &#39;Off&#39;; did you mean &#39;off&#39;?
 Led.Off( LED1 );            // Set default state of LEDs
     ^~~
     off
/Users/alranel/Documents/git/arduino/arduino-testlib/cli-datadir/user/libraries/XMC_Servo/examples/Servotest/Servotest.ino:50:5: error: &#39;class LED&#39; has no member named &#39;Off&#39;; did you mean &#39;off&#39;?
 Led.Off( LED2 );
     ^~~
     off
/Users/alranel/Documents/git/arduino/arduino-testlib/cli-datadir/user/libraries/XMC_Servo/examples/Servotest/Servotest.ino:65:7: error: &#39;class LED&#39; has no member named &#39;On&#39;; did you mean &#39;on&#39;?
   Led.On( LED1 );
       ^~
       on
/Users/alranel/Documents/git/arduino/arduino-testlib/cli-datadir/user/libraries/XMC_Servo/examples/Servotest/Servotest.ino:66:7: error: &#39;class LED&#39; has no member named &#39;On&#39;; did you mean &#39;on&#39;?
   Led.On( LED2 );
       ^~
       on
Multiple libraries were found for &#34;Servo.h&#34;
  Used: /Users/alranel/Documents/git/arduino/arduino-testlib/cli-datadir/user/libraries/Servo
  Not used: /Users/alranel/Documents/git/arduino/arduino-testlib/cli-datadir/user/libraries/RokitSmart
  Not used: /Users/alranel/Documents/git/arduino/arduino-testlib/cli-datadir/user/libraries/ServoESP32
  Not used: /Users/alranel/Documents/git/arduino/arduino-testlib/cli-datadir/user/libraries/Printoo_Library
  Not used: /Users/alranel/Documents/git/arduino/arduino-testlib/cli-datadir/user/libraries/evive
  Not used: /Users/alranel/Documents/git/arduino/arduino-testlib/cli-datadir/user/libraries/XMC_Servo
Multiple libraries were found for &#34;LED.h&#34;
  Used: /Users/alranel/Documents/git/arduino/arduino-testlib/cli-datadir/user/libraries/LED
  Not used: /Users/alranel/Documents/git/arduino/arduino-testlib/cli-datadir/user/libraries/AllThingsTalk_LTE-M_SDK
</pre>
					
					<h4>examples/Sweep</h4>
					<p>
						Result: <b>FAIL</b>
					</p>
					<pre class="pre-scrollable"></pre>
					
				
				<h3 id="arduino:mbed_nano:nanorp2040connect">arduino:mbed_nano:nanorp2040connect @ 2.7.2</h3>
				<h4>Inclusion</h4>
				<p>
					Result: <b>PASS</b>
					
				</p>
				<pre class="pre-scrollable">Sketch uses 78756 bytes (0%) of program storage space. Maximum is 16777216 bytes.
Global variables use 43444 bytes (16%) of dynamic memory, leaving 226892 bytes for local variables. Maximum is 270336 bytes.
</pre>

					
					<h4>examples/Knob</h4>
					<p>
						Result: <b>FAIL</b>
					</p>
					<pre class="pre-scrollable"></pre>
					
					<h4>examples/PWMtest</h4>
					<p>
						Result: <b>FAIL</b>
					</p>
					<pre class="pre-scrollable">/home/ec2-user/arduino-testlib/cli-datadir/user/libraries/XMC_Servo/examples/PWMtest/PWMtest.ino:34:5: error: no matching function for call to &#39;LED::LED()&#39;
 LED Led;        /* Create an LED object */
     ^~~
In file included from /home/ec2-user/arduino-testlib/cli-datadir/user/libraries/XMC_Servo/examples/PWMtest/PWMtest.ino:20:0:
/home/ec2-user/arduino-testlib/cli-datadir/user/libraries/LED/src/LED.h:8:17: note: candidate: LED::LED(int)
     public:     LED(int);
                 ^~~
/home/ec2-user/arduino-testlib/cli-datadir/user/libraries/LED/src/LED.h:8:17: note:   candidate expects 1 argument, 0 provided
/home/ec2-user/arduino-testlib/cli-datadir/user/libraries/LED/src/LED.h:7:7: note: candidate: constexpr LED::LED(const LED&amp;)
 class LED {
       ^~~
/home/ec2-user/arduino-testlib/cli-datadir/user/libraries/LED/src/LED.h:7:7: note:   candidate expects 1 argument, 0 provided
/home/ec2-user/arduino-testlib/cli-datadir/user/libraries/LED/src/LED.h:7:7: note: candidate: constexpr LED::LED(LED&amp;&amp;)
/home/ec2-user/arduino-testlib/cli-datadir/user/libraries/LED/src/LED.h:7:7: note:   candidate expects 1 argument, 0 provided
/home/ec2-user/arduino-testlib/cli-datadir/user/libraries/XMC_Servo/examples/PWMtest/PWMtest.ino: In function &#39;void setup()&#39;:
/home/ec2-user/arduino-testlib/cli-datadir/user/libraries/XMC_Servo/examples/PWMtest/PWMtest.ino:41:5: error: &#39;class LED&#39; has no member named &#39;Add&#39;
 Led.Add( LED1 );            // Configure the LEDs
     ^~~
/home/ec2-user/arduino-testlib/cli-datadir/user/libraries/XMC_Servo/examples/PWMtest/PWMtest.ino:42:5: error: &#39;class LED&#39; has no member named &#39;Add&#39;
 Led.Add( LED2 );
     ^~~
/home/ec2-user/arduino-testlib/cli-datadir/user/libraries/XMC_Servo/examples/PWMtest/PWMtest.ino:43:5: error: &#39;class LED&#39; has no member named &#39;Off&#39;; did you mean &#39;off&#39;?
 Led.Off( LED1 );            // Set default state of LEDs
     ^~~
     off
/home/ec2-user/arduino-testlib/cli-datadir/user/libraries/XMC_Servo/examples/PWMtest/PWMtest.ino:44:5: error: &#39;class LED&#39; has no member named &#39;Off&#39;; did you mean &#39;off&#39;?
 Led.Off( LED2 );
     ^~~
     off
/home/ec2-user/arduino-testlib/cli-datadir/user/libraries/XMC_Servo/examples/PWMtest/PWMtest.ino:49:5: error: &#39;setAnalogWriteFrequency&#39; was not declared in this scope
 if( setAnalogWriteFrequency( PWM_A_PIN, REFRESH_FREQUENCY ) &lt; 0  )
     ^~~~~~~~~~~~~~~~~~~~~~~
/home/ec2-user/arduino-testlib/cli-datadir/user/libraries/XMC_Servo/examples/PWMtest/PWMtest.ino:57:7: error: &#39;class LED&#39; has no member named &#39;On&#39;; did you mean &#39;on&#39;?
   Led.On( LED1 );
       ^~
       on
/home/ec2-user/arduino-testlib/cli-datadir/user/libraries/XMC_Servo/examples/PWMtest/PWMtest.ino:58:7: error: &#39;class LED&#39; has no member named &#39;On&#39;; did you mean &#39;on&#39;?
   Led.On( LED2 );
       ^~
       on
Multiple libraries were found for &#34;LED.h&#34;
  Used: /home/ec2-user/arduino-testlib/cli-datadir/user/libraries/LED
  Not used: /home/ec2-user/arduino-testlib/cli-datadir/user/libraries/AllThingsTalk_LTE-M_SDK
</pre>
					
					<h4>examples/Servotest</h4>
					<p>
						Result: <b>FAIL</b>
					</p>
					<pre class="pre-scrollable">/home/ec2-user/arduino-testlib/cli-datadir/user/libraries/XMC_Servo/examples/Servotest/Servotest.ino:40:5: error: no matching function for call to &#39;LED::LED()&#39;
 LED Led;        /* Create an LED object */
     ^~~
In file included from /home/ec2-user/arduino-testlib/cli-datadir/user/libraries/XMC_Servo/examples/Servotest/Servotest.ino:22:0:
/home/ec2-user/arduino-testlib/cli-datadir/user/libraries/LED/src/LED.h:8:17: note: candidate: LED::LED(int)
     public:     LED(int);
                 ^~~
/home/ec2-user/arduino-testlib/cli-datadir/user/libraries/LED/src/LED.h:8:17: note:   candidate expects 1 argument, 0 provided
/home/ec2-user/arduino-testlib/cli-datadir/user/libraries/LED/src/LED.h:7:7: note: candidate: constexpr LED::LED(const LED&amp;)
 class LED {
       ^~~
/home/ec2-user/arduino-testlib/cli-datadir/user/libraries/LED/src/LED.h:7:7: note:   candidate expects 1 argument, 0 provided
/home/ec2-user/arduino-testlib/cli-datadir/user/libraries/LED/src/LED.h:7:7: note: candidate: constexpr LED::LED(LED&amp;&amp;)
/home/ec2-user/arduino-testlib/cli-datadir/user/libraries/LED/src/LED.h:7:7: note:   candidate expects 1 argument, 0 provided
/home/ec2-user/arduino-testlib/cli-datadir/user/libraries/XMC_Servo/examples/Servotest/Servotest.ino: In function &#39;void setup()&#39;:
/home/ec2-user/arduino-testlib/cli-datadir/user/libraries/XMC_Servo/examples/Servotest/Servotest.ino:47:5: error: &#39;class LED&#39; has no member named &#39;Add&#39;
 Led.Add( LED1 );            // Configure the LEDs
     ^~~
/home/ec2-user/arduino-testlib/cli-datadir/user/libraries/XMC_Servo/examples/Servotest/Servotest.ino:48:5: error: &#39;class LED&#39; has no member named &#39;Add&#39;
 Led.Add( LED2 );
     ^~~
/home/ec2-user/arduino-testlib/cli-datadir/user/libraries/XMC_Servo/examples/Servotest/Servotest.ino:49:5: error: &#39;class LED&#39; has no member named &#39;Off&#39;; did you mean &#39;off&#39;?
 Led.Off( LED1 );            // Set default state of LEDs
     ^~~
     off
/home/ec2-user/arduino-testlib/cli-datadir/user/libraries/XMC_Servo/examples/Servotest/Servotest.ino:50:5: error: &#39;class LED&#39; has no member named &#39;Off&#39;; did you mean &#39;off&#39;?
 Led.Off( LED2 );
     ^~~
     off
/home/ec2-user/arduino-testlib/cli-datadir/user/libraries/XMC_Servo/examples/Servotest/Servotest.ino:65:7: error: &#39;class LED&#39; has no member named &#39;On&#39;; did you mean &#39;on&#39;?
   Led.On( LED1 );
       ^~
       on
/home/ec2-user/arduino-testlib/cli-datadir/user/libraries/XMC_Servo/examples/Servotest/Servotest.ino:66:7: error: &#39;class LED&#39; has no member named &#39;On&#39;; did you mean &#39;on&#39;?
   Led.On( LED2 );
       ^~
       on
Multiple libraries were found for &#34;Servo.h&#34;
  Used: /home/ec2-user/arduino-testlib/cli-datadir/user/libraries/Servo
  Not used: /home/ec2-user/arduino-testlib/cli-datadir/user/libraries/Printoo_Library
  Not used: /home/ec2-user/arduino-testlib/cli-datadir/user/libraries/XMC_Servo
  Not used: /home/ec2-user/arduino-testlib/cli-datadir/user/libraries/evive
  Not used: /home/ec2-user/arduino-testlib/cli-datadir/user/libraries/ServoESP32
  Not used: /home/ec2-user/arduino-testlib/cli-datadir/user/libraries/RokitSmart
Multiple libraries were found for &#34;LED.h&#34;
  Used: /home/ec2-user/arduino-testlib/cli-datadir/user/libraries/LED
  Not used: /home/ec2-user/arduino-testlib/cli-datadir/user/libraries/AllThingsTalk_LTE-M_SDK
</pre>
					
					<h4>examples/Sweep</h4>
					<p>
						Result: <b>FAIL</b>
					</p>
					<pre class="pre-scrollable"></pre>
					
				
				<h3 id="arduino:megaavr:nona4809">arduino:megaavr:nona4809 @ 1.8.7</h3>
				<h4>Inclusion</h4>
				<p>
					Result: <b>PASS</b>
					
				</p>
				<pre class="pre-scrollable">Sketch uses 1478 bytes (3%) of program storage space. Maximum is 49152 bytes.
Global variables use 59 bytes (0%) of dynamic memory, leaving 6085 bytes for local variables. Maximum is 6144 bytes.
</pre>

					
					<h4>examples/Knob</h4>
					<p>
						Result: <b>FAIL</b>
					</p>
					<pre class="pre-scrollable"></pre>
					
					<h4>examples/PWMtest</h4>
					<p>
						Result: <b>FAIL</b>
					</p>
					<pre class="pre-scrollable">/home/ec2-user/arduino-testlib/cli-datadir/user/libraries/XMC_Servo/examples/PWMtest/PWMtest.ino:34:5: error: no matching function for call to &#39;LED::LED()&#39;
 LED Led;        /* Create an LED object */
     ^~~
In file included from /home/ec2-user/arduino-testlib/cli-datadir/user/libraries/XMC_Servo/examples/PWMtest/PWMtest.ino:20:0:
/home/ec2-user/arduino-testlib/cli-datadir/user/libraries/LED/src/LED.h:8:17: note: candidate: LED::LED(int)
     public:     LED(int);
                 ^~~
/home/ec2-user/arduino-testlib/cli-datadir/user/libraries/LED/src/LED.h:8:17: note:   candidate expects 1 argument, 0 provided
/home/ec2-user/arduino-testlib/cli-datadir/user/libraries/LED/src/LED.h:7:7: note: candidate: constexpr LED::LED(const LED&amp;)
 class LED {
       ^~~
/home/ec2-user/arduino-testlib/cli-datadir/user/libraries/LED/src/LED.h:7:7: note:   candidate expects 1 argument, 0 provided
/home/ec2-user/arduino-testlib/cli-datadir/user/libraries/LED/src/LED.h:7:7: note: candidate: constexpr LED::LED(LED&amp;&amp;)
/home/ec2-user/arduino-testlib/cli-datadir/user/libraries/LED/src/LED.h:7:7: note:   candidate expects 1 argument, 0 provided
/home/ec2-user/arduino-testlib/cli-datadir/user/libraries/XMC_Servo/examples/PWMtest/PWMtest.ino: In function &#39;void setup()&#39;:
/home/ec2-user/arduino-testlib/cli-datadir/user/libraries/XMC_Servo/examples/PWMtest/PWMtest.ino:41:5: error: &#39;class LED&#39; has no member named &#39;Add&#39;
 Led.Add( LED1 );            // Configure the LEDs
     ^~~
/home/ec2-user/arduino-testlib/cli-datadir/user/libraries/XMC_Servo/examples/PWMtest/PWMtest.ino:41:10: error: &#39;LED1&#39; was not declared in this scope
 Led.Add( LED1 );            // Configure the LEDs
          ^~~~
/home/ec2-user/arduino-testlib/cli-datadir/user/libraries/XMC_Servo/examples/PWMtest/PWMtest.ino:41:10: note: suggested alternative: &#39;LED&#39;
 Led.Add( LED1 );            // Configure the LEDs
          ^~~~
          LED
/home/ec2-user/arduino-testlib/cli-datadir/user/libraries/XMC_Servo/examples/PWMtest/PWMtest.ino:42:5: error: &#39;class LED&#39; has no member named &#39;Add&#39;
 Led.Add( LED2 );
     ^~~
/home/ec2-user/arduino-testlib/cli-datadir/user/libraries/XMC_Servo/examples/PWMtest/PWMtest.ino:42:10: error: &#39;LED2&#39; was not declared in this scope
 Led.Add( LED2 );
          ^~~~
/home/ec2-user/arduino-testlib/cli-datadir/user/libraries/XMC_Servo/examples/PWMtest/PWMtest.ino:42:10: note: suggested alternative: &#39;LED&#39;
 Led.Add( LED2 );
          ^~~~
          LED
/home/ec2-user/arduino-testlib/cli-datadir/user/libraries/XMC_Servo/examples/PWMtest/PWMtest.ino:43:5: error: &#39;class LED&#39; has no member named &#39;Off&#39;; did you mean &#39;off&#39;?
 Led.Off( LED1 );            // Set default state of LEDs
     ^~~
     off
/home/ec2-user/arduino-testlib/cli-datadir/user/libraries/XMC_Servo/examples/PWMtest/PWMtest.ino:44:5: error: &#39;class LED&#39; has no member named &#39;Off&#39;; did you mean &#39;off&#39;?
 Led.Off( LED2 );
     ^~~
     off
/home/ec2-user/arduino-testlib/cli-datadir/user/libraries/XMC_Servo/examples/PWMtest/PWMtest.ino:47:1: error: &#39;analogWriteResolution&#39; was not declared in this scope
 analogWriteResolution( RESOLUTION );
 ^~~~~~~~~~~~~~~~~~~~~
/home/ec2-user/arduino-testlib/cli-datadir/user/libraries/XMC_Servo/examples/PWMtest/PWMtest.ino:47:1: note: suggested alternative: &#39;analogWrite&#39;
 analogWriteResolution( RESOLUTION );
 ^~~~~~~~~~~~~~~~~~~~~
 analogWrite
/home/ec2-user/arduino-testlib/cli-datadir/user/libraries/XMC_Servo/examples/PWMtest/PWMtest.ino:49:5: error: &#39;setAnalogWriteFrequency&#39; was not declared in this scope
 if( setAnalogWriteFrequency( PWM_A_PIN, REFRESH_FREQUENCY ) &lt; 0  )
     ^~~~~~~~~~~~~~~~~~~~~~~
/home/ec2-user/arduino-testlib/cli-datadir/user/libraries/XMC_Servo/examples/PWMtest/PWMtest.ino:57:7: error: &#39;class LED&#39; has no member named &#39;On&#39;; did you mean &#39;on&#39;?
   Led.On( LED1 );
       ^~
       on
/home/ec2-user/arduino-testlib/cli-datadir/user/libraries/XMC_Servo/examples/PWMtest/PWMtest.ino:58:7: error: &#39;class LED&#39; has no member named &#39;On&#39;; did you mean &#39;on&#39;?
   Led.On( LED2 );
       ^~
       on
Multiple libraries were found for &#34;LED.h&#34;
  Used: /home/ec2-user/arduino-testlib/cli-datadir/user/libraries/LED
  Not used: /home/ec2-user/arduino-testlib/cli-datadir/user/libraries/AllThingsTalk_LTE-M_SDK
</pre>
					
					<h4>examples/Servotest</h4>
					<p>
						Result: <b>FAIL</b>
					</p>
					<pre class="pre-scrollable">/home/ec2-user/arduino-testlib/cli-datadir/user/libraries/XMC_Servo/examples/Servotest/Servotest.ino:40:5: error: no matching function for call to &#39;LED::LED()&#39;
 LED Led;        /* Create an LED object */
     ^~~
In file included from /home/ec2-user/arduino-testlib/cli-datadir/user/libraries/XMC_Servo/examples/Servotest/Servotest.ino:22:0:
/home/ec2-user/arduino-testlib/cli-datadir/user/libraries/LED/src/LED.h:8:17: note: candidate: LED::LED(int)
     public:     LED(int);
                 ^~~
/home/ec2-user/arduino-testlib/cli-datadir/user/libraries/LED/src/LED.h:8:17: note:   candidate expects 1 argument, 0 provided
/home/ec2-user/arduino-testlib/cli-datadir/user/libraries/LED/src/LED.h:7:7: note: candidate: constexpr LED::LED(const LED&amp;)
 class LED {
       ^~~
/home/ec2-user/arduino-testlib/cli-datadir/user/libraries/LED/src/LED.h:7:7: note:   candidate expects 1 argument, 0 provided
/home/ec2-user/arduino-testlib/cli-datadir/user/libraries/LED/src/LED.h:7:7: note: candidate: constexpr LED::LED(LED&amp;&amp;)
/home/ec2-user/arduino-testlib/cli-datadir/user/libraries/LED/src/LED.h:7:7: note:   candidate expects 1 argument, 0 provided
/home/ec2-user/arduino-testlib/cli-datadir/user/libraries/XMC_Servo/examples/Servotest/Servotest.ino: In function &#39;void setup()&#39;:
/home/ec2-user/arduino-testlib/cli-datadir/user/libraries/XMC_Servo/examples/Servotest/Servotest.ino:47:5: error: &#39;class LED&#39; has no member named &#39;Add&#39;
 Led.Add( LED1 );            // Configure the LEDs
     ^~~
/home/ec2-user/arduino-testlib/cli-datadir/user/libraries/XMC_Servo/examples/Servotest/Servotest.ino:47:10: error: &#39;LED1&#39; was not declared in this scope
 Led.Add( LED1 );            // Configure the LEDs
          ^~~~
/home/ec2-user/arduino-testlib/cli-datadir/user/libraries/XMC_Servo/examples/Servotest/Servotest.ino:47:10: note: suggested alternative: &#39;LED&#39;
 Led.Add( LED1 );            // Configure the LEDs
          ^~~~
          LED
/home/ec2-user/arduino-testlib/cli-datadir/user/libraries/XMC_Servo/examples/Servotest/Servotest.ino:48:5: error: &#39;class LED&#39; has no member named &#39;Add&#39;
 Led.Add( LED2 );
     ^~~
/home/ec2-user/arduino-testlib/cli-datadir/user/libraries/XMC_Servo/examples/Servotest/Servotest.ino:48:10: error: &#39;LED2&#39; was not declared in this scope
 Led.Add( LED2 );
          ^~~~
/home/ec2-user/arduino-testlib/cli-datadir/user/libraries/XMC_Servo/examples/Servotest/Servotest.ino:48:10: note: suggested alternative: &#39;LED&#39;
 Led.Add( LED2 );
          ^~~~
          LED
/home/ec2-user/arduino-testlib/cli-datadir/user/libraries/XMC_Servo/examples/Servotest/Servotest.ino:49:5: error: &#39;class LED&#39; has no member named &#39;Off&#39;; did you mean &#39;off&#39;?
 Led.Off( LED1 );            // Set default state of LEDs
     ^~~
     off
/home/ec2-user/arduino-testlib/cli-datadir/user/libraries/XMC_Servo/examples/Servotest/Servotest.ino:50:5: error: &#39;class LED&#39; has no member named &#39;Off&#39;; did you mean &#39;off&#39;?
 Led.Off( LED2 );
     ^~~
     off
/home/ec2-user/arduino-testlib/cli-datadir/user/libraries/XMC_Servo/examples/Servotest/Servotest.ino:65:7: error: &#39;class LED&#39; has no member named &#39;On&#39;; did you mean &#39;on&#39;?
   Led.On( LED1 );
       ^~
       on
/home/ec2-user/arduino-testlib/cli-datadir/user/libraries/XMC_Servo/examples/Servotest/Servotest.ino:66:7: error: &#39;class LED&#39; has no member named &#39;On&#39;; did you mean &#39;on&#39;?
   Led.On( LED2 );
       ^~
       on
Multiple libraries were found for &#34;Servo.h&#34;
  Used: /home/ec2-user/arduino-testlib/cli-datadir/user/libraries/Servo
  Not used: /home/ec2-user/arduino-testlib/cli-datadir/user/libraries/evive
  Not used: /home/ec2-user/arduino-testlib/cli-datadir/user/libraries/ServoESP32
  Not used: /home/ec2-user/arduino-testlib/cli-datadir/user/libraries/XMC_Servo
  Not used: /home/ec2-user/arduino-testlib/cli-datadir/user/libraries/RokitSmart
  Not used: /home/ec2-user/arduino-testlib/cli-datadir/user/libraries/Printoo_Library
Multiple libraries were found for &#34;LED.h&#34;
  Used: /home/ec2-user/arduino-testlib/cli-datadir/user/libraries/LED
  Not used: /home/ec2-user/arduino-testlib/cli-datadir/user/libraries/AllThingsTalk_LTE-M_SDK
</pre>
					
					<h4>examples/Sweep</h4>
					<p>
						Result: <b>FAIL</b>
					</p>
					<pre class="pre-scrollable"></pre>
					
				
				<h3 id="arduino:samd:mkrwifi1010">arduino:samd:mkrwifi1010 @ 1.8.12</h3>
				<h4>Inclusion</h4>
				<p>
					Result: <b>PASS</b>
					
					<br />This library has no main header file so an empty one was created.
					
				</p>
				<pre class="pre-scrollable">Sketch uses 12464 bytes (4%) of program storage space. Maximum is 262144 bytes.
Global variables use 3096 bytes (9%) of dynamic memory, leaving 29672 bytes for local variables. Maximum is 32768 bytes.
</pre>

					
					<h4>examples/Knob</h4>
					<p>
						Result: <b>FAIL</b>
					</p>
					<pre class="pre-scrollable"></pre>
					
					<h4>examples/PWMtest</h4>
					<p>
						Result: <b>FAIL</b>
					</p>
					<pre class="pre-scrollable">/Users/alranel/Documents/git/arduino/arduino-testlib/cli-datadir/user/libraries/XMC_Servo/examples/PWMtest/PWMtest.ino:34:5: error: no matching function for call to &#39;LED::LED()&#39;
 LED Led;        /* Create an LED object */
     ^~~
In file included from /Users/alranel/Documents/git/arduino/arduino-testlib/cli-datadir/user/libraries/XMC_Servo/examples/PWMtest/PWMtest.ino:20:0:
/Users/alranel/Documents/git/arduino/arduino-testlib/cli-datadir/user/libraries/LED/src/LED.h:8:17: note: candidate: LED::LED(int)
     public:     LED(int);
                 ^~~
/Users/alranel/Documents/git/arduino/arduino-testlib/cli-datadir/user/libraries/LED/src/LED.h:8:17: note:   candidate expects 1 argument, 0 provided
/Users/alranel/Documents/git/arduino/arduino-testlib/cli-datadir/user/libraries/LED/src/LED.h:7:7: note: candidate: constexpr LED::LED(const LED&amp;)
 class LED {
       ^~~
/Users/alranel/Documents/git/arduino/arduino-testlib/cli-datadir/user/libraries/LED/src/LED.h:7:7: note:   candidate expects 1 argument, 0 provided
/Users/alranel/Documents/git/arduino/arduino-testlib/cli-datadir/user/libraries/LED/src/LED.h:7:7: note: candidate: constexpr LED::LED(LED&amp;&amp;)
/Users/alranel/Documents/git/arduino/arduino-testlib/cli-datadir/user/libraries/LED/src/LED.h:7:7: note:   candidate expects 1 argument, 0 provided
/Users/alranel/Documents/git/arduino/arduino-testlib/cli-datadir/user/libraries/XMC_Servo/examples/PWMtest/PWMtest.ino: In function &#39;void setup()&#39;:
/Users/alranel/Documents/git/arduino/arduino-testlib/cli-datadir/user/libraries/XMC_Servo/examples/PWMtest/PWMtest.ino:41:5: error: &#39;class LED&#39; has no member named &#39;Add&#39;
 Led.Add( LED1 );            // Configure the LEDs
     ^~~
/Users/alranel/Documents/git/arduino/arduino-testlib/cli-datadir/user/libraries/XMC_Servo/examples/PWMtest/PWMtest.ino:41:10: error: &#39;LED1&#39; was not declared in this scope
 Led.Add( LED1 );            // Configure the LEDs
          ^~~~
/Users/alranel/Documents/git/arduino/arduino-testlib/cli-datadir/user/libraries/XMC_Servo/examples/PWMtest/PWMtest.ino:41:10: note: suggested alternative: &#39;LED&#39;
 Led.Add( LED1 );            // Configure the LEDs
          ^~~~
          LED
/Users/alranel/Documents/git/arduino/arduino-testlib/cli-datadir/user/libraries/XMC_Servo/examples/PWMtest/PWMtest.ino:42:5: error: &#39;class LED&#39; has no member named &#39;Add&#39;
 Led.Add( LED2 );
     ^~~
/Users/alranel/Documents/git/arduino/arduino-testlib/cli-datadir/user/libraries/XMC_Servo/examples/PWMtest/PWMtest.ino:42:10: error: &#39;LED2&#39; was not declared in this scope
 Led.Add( LED2 );
          ^~~~
/Users/alranel/Documents/git/arduino/arduino-testlib/cli-datadir/user/libraries/XMC_Servo/examples/PWMtest/PWMtest.ino:42:10: note: suggested alternative: &#39;LED&#39;
 Led.Add( LED2 );
          ^~~~
          LED
/Users/alranel/Documents/git/arduino/arduino-testlib/cli-datadir/user/libraries/XMC_Servo/examples/PWMtest/PWMtest.ino:43:5: error: &#39;class LED&#39; has no member named &#39;Off&#39;; did you mean &#39;off&#39;?
 Led.Off( LED1 );            // Set default state of LEDs
     ^~~
     off
/Users/alranel/Documents/git/arduino/arduino-testlib/cli-datadir/user/libraries/XMC_Servo/examples/PWMtest/PWMtest.ino:44:5: error: &#39;class LED&#39; has no member named &#39;Off&#39;; did you mean &#39;off&#39;?
 Led.Off( LED2 );
     ^~~
     off
/Users/alranel/Documents/git/arduino/arduino-testlib/cli-datadir/user/libraries/XMC_Servo/examples/PWMtest/PWMtest.ino:49:5: error: &#39;setAnalogWriteFrequency&#39; was not declared in this scope
 if( setAnalogWriteFrequency( PWM_A_PIN, REFRESH_FREQUENCY ) &lt; 0  )
     ^~~~~~~~~~~~~~~~~~~~~~~
/Users/alranel/Documents/git/arduino/arduino-testlib/cli-datadir/user/libraries/XMC_Servo/examples/PWMtest/PWMtest.ino:49:5: note: suggested alternative: &#39;eAnalogReference&#39;
 if( setAnalogWriteFrequency( PWM_A_PIN, REFRESH_FREQUENCY ) &lt; 0  )
     ^~~~~~~~~~~~~~~~~~~~~~~
     eAnalogReference
/Users/alranel/Documents/git/arduino/arduino-testlib/cli-datadir/user/libraries/XMC_Servo/examples/PWMtest/PWMtest.ino:57:7: error: &#39;class LED&#39; has no member named &#39;On&#39;; did you mean &#39;on&#39;?
   Led.On( LED1 );
       ^~
       on
/Users/alranel/Documents/git/arduino/arduino-testlib/cli-datadir/user/libraries/XMC_Servo/examples/PWMtest/PWMtest.ino:58:7: error: &#39;class LED&#39; has no member named &#39;On&#39;; did you mean &#39;on&#39;?
   Led.On( LED2 );
       ^~
       on
Multiple libraries were found for &#34;LED.h&#34;
  Used: /Users/alranel/Documents/git/arduino/arduino-testlib/cli-datadir/user/libraries/LED
  Not used: /Users/alranel/Documents/git/arduino/arduino-testlib/cli-datadir/user/libraries/AllThingsTalk_LTE-M_SDK
</pre>
					
					<h4>examples/Servotest</h4>
					<p>
						Result: <b>FAIL</b>
					</p>
					<pre class="pre-scrollable">/Users/alranel/Documents/git/arduino/arduino-testlib/cli-datadir/user/libraries/XMC_Servo/examples/Servotest/Servotest.ino:40:5: error: no matching function for call to &#39;LED::LED()&#39;
 LED Led;        /* Create an LED object */
     ^~~
In file included from /Users/alranel/Documents/git/arduino/arduino-testlib/cli-datadir/user/libraries/XMC_Servo/examples/Servotest/Servotest.ino:22:0:
/Users/alranel/Documents/git/arduino/arduino-testlib/cli-datadir/user/libraries/LED/src/LED.h:8:17: note: candidate: LED::LED(int)
     public:     LED(int);
                 ^~~
/Users/alranel/Documents/git/arduino/arduino-testlib/cli-datadir/user/libraries/LED/src/LED.h:8:17: note:   candidate expects 1 argument, 0 provided
/Users/alranel/Documents/git/arduino/arduino-testlib/cli-datadir/user/libraries/LED/src/LED.h:7:7: note: candidate: constexpr LED::LED(const LED&amp;)
 class LED {
       ^~~
/Users/alranel/Documents/git/arduino/arduino-testlib/cli-datadir/user/libraries/LED/src/LED.h:7:7: note:   candidate expects 1 argument, 0 provided
/Users/alranel/Documents/git/arduino/arduino-testlib/cli-datadir/user/libraries/LED/src/LED.h:7:7: note: candidate: constexpr LED::LED(LED&amp;&amp;)
/Users/alranel/Documents/git/arduino/arduino-testlib/cli-datadir/user/libraries/LED/src/LED.h:7:7: note:   candidate expects 1 argument, 0 provided
/Users/alranel/Documents/git/arduino/arduino-testlib/cli-datadir/user/libraries/XMC_Servo/examples/Servotest/Servotest.ino: In function &#39;void setup()&#39;:
/Users/alranel/Documents/git/arduino/arduino-testlib/cli-datadir/user/libraries/XMC_Servo/examples/Servotest/Servotest.ino:47:5: error: &#39;class LED&#39; has no member named &#39;Add&#39;
 Led.Add( LED1 );            // Configure the LEDs
     ^~~
/Users/alranel/Documents/git/arduino/arduino-testlib/cli-datadir/user/libraries/XMC_Servo/examples/Servotest/Servotest.ino:47:10: error: &#39;LED1&#39; was not declared in this scope
 Led.Add( LED1 );            // Configure the LEDs
          ^~~~
/Users/alranel/Documents/git/arduino/arduino-testlib/cli-datadir/user/libraries/XMC_Servo/examples/Servotest/Servotest.ino:47:10: note: suggested alternative: &#39;LED&#39;
 Led.Add( LED1 );            // Configure the LEDs
          ^~~~
          LED
/Users/alranel/Documents/git/arduino/arduino-testlib/cli-datadir/user/libraries/XMC_Servo/examples/Servotest/Servotest.ino:48:5: error: &#39;class LED&#39; has no member named &#39;Add&#39;
 Led.Add( LED2 );
     ^~~
/Users/alranel/Documents/git/arduino/arduino-testlib/cli-datadir/user/libraries/XMC_Servo/examples/Servotest/Servotest.ino:48:10: error: &#39;LED2&#39; was not declared in this scope
 Led.Add( LED2 );
          ^~~~
/Users/alranel/Documents/git/arduino/arduino-testlib/cli-datadir/user/libraries/XMC_Servo/examples/Servotest/Servotest.ino:48:10: note: suggested alternative: &#39;LED&#39;
 Led.Add( LED2 );
          ^~~~
          LED
/Users/alranel/Documents/git/arduino/arduino-testlib/cli-datadir/user/libraries/XMC_Servo/examples/Servotest/Servotest.ino:49:5: error: &#39;class LED&#39; has no member named &#39;Off&#39;; did you mean &#39;off&#39;?
 Led.Off( LED1 );            // Set default state of LEDs
     ^~~
     off
/Users/alranel/Documents/git/arduino/arduino-testlib/cli-datadir/user/libraries/XMC_Servo/examples/Servotest/Servotest.ino:50:5: error: &#39;class LED&#39; has no member named &#39;Off&#39;; did you mean &#39;off&#39;?
 Led.Off( LED2 );
     ^~~
     off
/Users/alranel/Documents/git/arduino/arduino-testlib/cli-datadir/user/libraries/XMC_Servo/examples/Servotest/Servotest.ino:65:7: error: &#39;class LED&#39; has no member named &#39;On&#39;; did you mean &#39;on&#39;?
   Led.On( LED1 );
       ^~
       on
/Users/alranel/Documents/git/arduino/arduino-testlib/cli-datadir/user/libraries/XMC_Servo/examples/Servotest/Servotest.ino:66:7: error: &#39;class LED&#39; has no member named &#39;On&#39;; did you mean &#39;on&#39;?
   Led.On( LED2 );
       ^~
       on
Multiple libraries were found for &#34;Servo.h&#34;
  Used: /Users/alranel/Documents/git/arduino/arduino-testlib/cli-datadir/user/libraries/Servo
  Not used: /Users/alranel/Documents/git/arduino/arduino-testlib/cli-datadir/user/libraries/evive
  Not used: /Users/alranel/Documents/git/arduino/arduino-testlib/cli-datadir/user/libraries/XMC_Servo
  Not used: /Users/alranel/Documents/git/arduino/arduino-testlib/cli-datadir/user/libraries/ServoESP32
  Not used: /Users/alranel/Documents/git/arduino/arduino-testlib/cli-datadir/user/libraries/Printoo_Library
  Not used: /Users/alranel/Documents/git/arduino/arduino-testlib/cli-datadir/user/libraries/RokitSmart
Multiple libraries were found for &#34;LED.h&#34;
  Used: /Users/alranel/Documents/git/arduino/arduino-testlib/cli-datadir/user/libraries/LED
  Not used: /Users/alranel/Documents/git/arduino/arduino-testlib/cli-datadir/user/libraries/AllThingsTalk_LTE-M_SDK
</pre>
					
					<h4>examples/Sweep</h4>
					<p>
						Result: <b>FAIL</b>
					</p>
					<pre class="pre-scrollable"></pre>
					
				
				<h3 id="esp32:esp32:d1_mini32">esp32:esp32:d1_mini32 @ 1.0.6</h3>
				<h4>Inclusion</h4>
				<p>
					Result: <b>PASS</b>
					
				</p>
				<pre class="pre-scrollable">Sketch uses 198228 bytes (15%) of program storage space. Maximum is 1310720 bytes.
Global variables use 13088 bytes (3%) of dynamic memory, leaving 314592 bytes for local variables. Maximum is 327680 bytes.
</pre>

					
					<h4>examples/Knob</h4>
					<p>
						Result: <b>FAIL</b>
					</p>
					<pre class="pre-scrollable"></pre>
					
					<h4>examples/PWMtest</h4>
					<p>
						Result: <b>FAIL</b>
					</p>
					<pre class="pre-scrollable">/home/ec2-user/arduino-testlib/cli-datadir/user/libraries/XMC_Servo/examples/PWMtest/PWMtest.ino:34:5: error: no matching function for call to &#39;LED::LED()&#39;
 LED Led;        /* Create an LED object */
     ^
In file included from /home/ec2-user/arduino-testlib/cli-datadir/user/libraries/XMC_Servo/examples/PWMtest/PWMtest.ino:20:0:
/home/ec2-user/arduino-testlib/cli-datadir/user/libraries/LED/src/LED.h:8:17: note: candidate: LED::LED(int)
     public:     LED(int);
                 ^
/home/ec2-user/arduino-testlib/cli-datadir/user/libraries/LED/src/LED.h:8:17: note:   candidate expects 1 argument, 0 provided
/home/ec2-user/arduino-testlib/cli-datadir/user/libraries/LED/src/LED.h:7:7: note: candidate: constexpr LED::LED(const LED&amp;)
 class LED {
       ^
/home/ec2-user/arduino-testlib/cli-datadir/user/libraries/LED/src/LED.h:7:7: note:   candidate expects 1 argument, 0 provided
/home/ec2-user/arduino-testlib/cli-datadir/user/libraries/LED/src/LED.h:7:7: note: candidate: constexpr LED::LED(LED&amp;&amp;)
/home/ec2-user/arduino-testlib/cli-datadir/user/libraries/LED/src/LED.h:7:7: note:   candidate expects 1 argument, 0 provided
/home/ec2-user/arduino-testlib/cli-datadir/user/libraries/XMC_Servo/examples/PWMtest/PWMtest.ino: In function &#39;void setup()&#39;:
/home/ec2-user/arduino-testlib/cli-datadir/user/libraries/XMC_Servo/examples/PWMtest/PWMtest.ino:41:5: error: &#39;class LED&#39; has no member named &#39;Add&#39;
 Led.Add( LED1 );            // Configure the LEDs
     ^
/home/ec2-user/arduino-testlib/cli-datadir/user/libraries/XMC_Servo/examples/PWMtest/PWMtest.ino:41:10: error: &#39;LED1&#39; was not declared in this scope
 Led.Add( LED1 );            // Configure the LEDs
          ^
/home/ec2-user/arduino-testlib/cli-datadir/user/libraries/XMC_Servo/examples/PWMtest/PWMtest.ino:42:5: error: &#39;class LED&#39; has no member named &#39;Add&#39;
 Led.Add( LED2 );
     ^
/home/ec2-user/arduino-testlib/cli-datadir/user/libraries/XMC_Servo/examples/PWMtest/PWMtest.ino:42:10: error: &#39;LED2&#39; was not declared in this scope
 Led.Add( LED2 );
          ^
/home/ec2-user/arduino-testlib/cli-datadir/user/libraries/XMC_Servo/examples/PWMtest/PWMtest.ino:43:5: error: &#39;class LED&#39; has no member named &#39;Off&#39;
 Led.Off( LED1 );            // Set default state of LEDs
     ^
/home/ec2-user/arduino-testlib/cli-datadir/user/libraries/XMC_Servo/examples/PWMtest/PWMtest.ino:44:5: error: &#39;class LED&#39; has no member named &#39;Off&#39;
 Led.Off( LED2 );
     ^
/home/ec2-user/arduino-testlib/cli-datadir/user/libraries/XMC_Servo/examples/PWMtest/PWMtest.ino:47:35: error: &#39;analogWriteResolution&#39; was not declared in this scope
 analogWriteResolution( RESOLUTION );
                                   ^
/home/ec2-user/arduino-testlib/cli-datadir/user/libraries/XMC_Servo/examples/PWMtest/PWMtest.ino:49:59: error: &#39;setAnalogWriteFrequency&#39; was not declared in this scope
 if( setAnalogWriteFrequency( PWM_A_PIN, REFRESH_FREQUENCY ) &lt; 0  )
                                                           ^
/home/ec2-user/arduino-testlib/cli-datadir/user/libraries/XMC_Servo/examples/PWMtest/PWMtest.ino:57:7: error: &#39;class LED&#39; has no member named &#39;On&#39;
   Led.On( LED1 );
       ^
/home/ec2-user/arduino-testlib/cli-datadir/user/libraries/XMC_Servo/examples/PWMtest/PWMtest.ino:58:7: error: &#39;class LED&#39; has no member named &#39;On&#39;
   Led.On( LED2 );
       ^
/home/ec2-user/arduino-testlib/cli-datadir/user/libraries/XMC_Servo/examples/PWMtest/PWMtest.ino:62:30: error: &#39;analogWrite&#39; was not declared in this scope
 analogWrite( PWM_A_PIN, 4950 );             // Duty for mid (1500) = 4915
                              ^
Multiple libraries were found for &#34;LED.h&#34;
  Used: /home/ec2-user/arduino-testlib/cli-datadir/user/libraries/LED
  Not used: /home/ec2-user/arduino-testlib/cli-datadir/user/libraries/AllThingsTalk_LTE-M_SDK
</pre>
					
					<h4>examples/Servotest</h4>
					<p>
						Result: <b>FAIL</b>
					</p>
					<pre class="pre-scrollable">/home/ec2-user/arduino-testlib/cli-datadir/user/libraries/XMC_Servo/examples/Servotest/Servotest.ino:40:5: error: no matching function for call to &#39;LED::LED()&#39;
 LED Led;        /* Create an LED object */
     ^
In file included from /home/ec2-user/arduino-testlib/cli-datadir/user/libraries/XMC_Servo/examples/Servotest/Servotest.ino:22:0:
/home/ec2-user/arduino-testlib/cli-datadir/user/libraries/LED/src/LED.h:8:17: note: candidate: LED::LED(int)
     public:     LED(int);
                 ^
/home/ec2-user/arduino-testlib/cli-datadir/user/libraries/LED/src/LED.h:8:17: note:   candidate expects 1 argument, 0 provided
/home/ec2-user/arduino-testlib/cli-datadir/user/libraries/LED/src/LED.h:7:7: note: candidate: constexpr LED::LED(const LED&amp;)
 class LED {
       ^
/home/ec2-user/arduino-testlib/cli-datadir/user/libraries/LED/src/LED.h:7:7: note:   candidate expects 1 argument, 0 provided
/home/ec2-user/arduino-testlib/cli-datadir/user/libraries/LED/src/LED.h:7:7: note: candidate: constexpr LED::LED(LED&amp;&amp;)
/home/ec2-user/arduino-testlib/cli-datadir/user/libraries/LED/src/LED.h:7:7: note:   candidate expects 1 argument, 0 provided
/home/ec2-user/arduino-testlib/cli-datadir/user/libraries/XMC_Servo/examples/Servotest/Servotest.ino: In function &#39;void setup()&#39;:
/home/ec2-user/arduino-testlib/cli-datadir/user/libraries/XMC_Servo/examples/Servotest/Servotest.ino:47:5: error: &#39;class LED&#39; has no member named &#39;Add&#39;
 Led.Add( LED1 );            // Configure the LEDs
     ^
/home/ec2-user/arduino-testlib/cli-datadir/user/libraries/XMC_Servo/examples/Servotest/Servotest.ino:47:10: error: &#39;LED1&#39; was not declared in this scope
 Led.Add( LED1 );            // Configure the LEDs
          ^
/home/ec2-user/arduino-testlib/cli-datadir/user/libraries/XMC_Servo/examples/Servotest/Servotest.ino:48:5: error: &#39;class LED&#39; has no member named &#39;Add&#39;
 Led.Add( LED2 );
     ^
/home/ec2-user/arduino-testlib/cli-datadir/user/libraries/XMC_Servo/examples/Servotest/Servotest.ino:48:10: error: &#39;LED2&#39; was not declared in this scope
 Led.Add( LED2 );
          ^
/home/ec2-user/arduino-testlib/cli-datadir/user/libraries/XMC_Servo/examples/Servotest/Servotest.ino:49:5: error: &#39;class LED&#39; has no member named &#39;Off&#39;
 Led.Off( LED1 );            // Set default state of LEDs
     ^
/home/ec2-user/arduino-testlib/cli-datadir/user/libraries/XMC_Servo/examples/Servotest/Servotest.ino:50:5: error: &#39;class LED&#39; has no member named &#39;Off&#39;
 Led.Off( LED2 );
     ^
/home/ec2-user/arduino-testlib/cli-datadir/user/libraries/XMC_Servo/examples/Servotest/Servotest.ino:54:40: error: &#39;INVALID_SERVO&#39; was not declared in this scope
 if( (ServoA.attach( SERVO_A_PIN ) ) == INVALID_SERVO )
                                        ^
/home/ec2-user/arduino-testlib/cli-datadir/user/libraries/XMC_Servo/examples/Servotest/Servotest.ino:65:7: error: &#39;class LED&#39; has no member named &#39;On&#39;
   Led.On( LED1 );
       ^
/home/ec2-user/arduino-testlib/cli-datadir/user/libraries/XMC_Servo/examples/Servotest/Servotest.ino:66:7: error: &#39;class LED&#39; has no member named &#39;On&#39;
   Led.On( LED2 );
       ^
/home/ec2-user/arduino-testlib/cli-datadir/user/libraries/XMC_Servo/examples/Servotest/Servotest.ino:71:29: error: &#39;DEFAULT_PULSE_WIDTH&#39; was not declared in this scope
   ServoA.writeMicroseconds( DEFAULT_PULSE_WIDTH );
                             ^
/home/ec2-user/arduino-testlib/cli-datadir/user/libraries/XMC_Servo/examples/Servotest/Servotest.ino:72:29: error: &#39;MIN_PULSE_WIDTH&#39; was not declared in this scope
   ServoB.writeMicroseconds( MIN_PULSE_WIDTH );
                             ^
/home/ec2-user/arduino-testlib/cli-datadir/user/libraries/XMC_Servo/examples/Servotest/Servotest.ino:73:29: error: &#39;MAX_PULSE_WIDTH&#39; was not declared in this scope
   ServoC.writeMicroseconds( MAX_PULSE_WIDTH );
                             ^
Multiple libraries were found for &#34;Servo.h&#34;
  Used: /home/ec2-user/arduino-testlib/cli-datadir/user/libraries/ServoESP32
  Not used: /home/ec2-user/arduino-testlib/cli-datadir/user/libraries/Printoo_Library
  Not used: /home/ec2-user/arduino-testlib/cli-datadir/user/libraries/RokitSmart
  Not used: /home/ec2-user/arduino-testlib/cli-datadir/user/libraries/XMC_Servo
  Not used: /home/ec2-user/arduino-testlib/cli-datadir/user/libraries/Servo
  Not used: /home/ec2-user/arduino-testlib/cli-datadir/user/libraries/evive
Multiple libraries were found for &#34;LED.h&#34;
  Used: /home/ec2-user/arduino-testlib/cli-datadir/user/libraries/LED
  Not used: /home/ec2-user/arduino-testlib/cli-datadir/user/libraries/AllThingsTalk_LTE-M_SDK
</pre>
					
					<h4>examples/Sweep</h4>
					<p>
						Result: <b>FAIL</b>
					</p>
					<pre class="pre-scrollable"></pre>
					
				
			</div>
		</div>
	</div>
  </body>
</html>
