
<!doctype html>
<html lang="en">
  <head>
    <meta charset="utf-8">
    <meta name="viewport" content="width=device-width, initial-scale=1">
    <link href="https://cdn.jsdelivr.net/npm/bootstrap@5.0.2/dist/css/bootstrap.min.css" rel="stylesheet" integrity="sha384-EVSTQN3/azprG1Anm3QDgpJLIm9Nao0Yz1ztcQTwFspd3yD65VohhpuuCOmLASjC" crossorigin="anonymous">
    <title>arduino-testlib report</title>
	<style>
	.pass { background-color: #00FF00 !important; }
	.fail { background-color: #FF0000 !important; }
	</style>
  </head>
  <body>
	<div class="container">
		<div class="row">
			<div class="col">
				<h1>Yfrobot Motor Driver Library - compatibility matrix</h1>
				<p>
					<small>This report was generated on Wednesday, 23-Feb-22 22:48:15 CET using 
					<a href="https://github.com/alranel/arduino-testlib">arduino-testlib</a>.</small>
				</p>

				<h2>Yfrobot Motor Driver Library</h2>
				<p>
					Version: <b>0.0.5</b>
					<br />
					<a href="https://www.arduino.cc/reference/en/libraries/yfrobot-motor-driver-library/">More details</a>
				</p>

				<h2>Compatibility matrix</h2>
				<table class="table table-bordered">
					<tr>
						<th>Board</th>
						<th>Claims compatibility</th>
						<th>Inclusion</th>
						
						<th><pre>motorTest_IIC</pre></th>
						
						<th><pre>motorTest_L298P</pre></th>
						
						<th><pre>motorTest_MD</pre></th>
						
						<th><pre>motorTest_PMR3</pre></th>
						
						<th><pre>motorTest_Valon</pre></th>
						
						<th><pre>motorTest_4WDMW</pre></th>
						
					</tr>
					
					<tr>
						<td>
							<a href="#arduino%3aavr%3auno"><b>arduino:avr:uno</b></a>
							<br />
							<small>1.8.4</small>
						</td>

						
							<td>Yes</td>
							<td class="pass">PASS</td>
						
						
						
						

						
							
								
									
										
									
										
											
											<td class="fail">FAIL</td>
										
									
										
									
										
									
										
									
										
									
								
							
								
							
								
							
								
							
								
							
						
							
								
									
										
									
										
									
										
											
											<td class="fail">FAIL</td>
										
									
										
									
										
									
										
									
								
							
								
							
								
							
								
							
								
							
						
							
								
									
										
									
										
									
										
									
										
											
											<td class="fail">FAIL</td>
										
									
										
									
										
									
								
							
								
							
								
							
								
							
								
							
						
							
								
									
										
									
										
									
										
									
										
									
										
											
											<td class="fail">FAIL</td>
										
									
										
									
								
							
								
							
								
							
								
							
								
							
						
							
								
									
										
									
										
									
										
									
										
									
										
									
										
											
											<td class="fail">FAIL</td>
										
									
								
							
								
							
								
							
								
							
								
							
						
							
								
									
										
											
											<td class="fail">FAIL</td>
										
									
										
									
										
									
										
									
										
									
										
									
								
							
								
							
								
							
								
							
								
							
						
					</tr>
					
					<tr>
						<td>
							<a href="#arduino%3ambed_nano%3ananorp2040connect"><b>arduino:mbed_nano:nanorp2040connect</b></a>
							<br />
							<small>2.7.2</small>
						</td>

						
						
						
							<td>Yes ⚠️</td>
							<td class="fail">FAIL</td>
						
						

						
							
								
							
								
									
										
									
										
											
											<td class="fail">FAIL</td>
										
									
										
									
										
									
										
									
										
									
								
							
								
							
								
							
								
							
						
							
								
							
								
									
										
									
										
									
										
											
											<td class="fail">FAIL</td>
										
									
										
									
										
									
										
									
								
							
								
							
								
							
								
							
						
							
								
							
								
									
										
									
										
									
										
									
										
											
											<td class="fail">FAIL</td>
										
									
										
									
										
									
								
							
								
							
								
							
								
							
						
							
								
							
								
									
										
									
										
									
										
									
										
									
										
											
											<td class="fail">FAIL</td>
										
									
										
									
								
							
								
							
								
							
								
							
						
							
								
							
								
									
										
									
										
									
										
									
										
									
										
									
										
											
											<td class="fail">FAIL</td>
										
									
								
							
								
							
								
							
								
							
						
							
								
							
								
									
										
											
											<td class="fail">FAIL</td>
										
									
										
									
										
									
										
									
										
									
										
									
								
							
								
							
								
							
								
							
						
					</tr>
					
					<tr>
						<td>
							<a href="#arduino%3amegaavr%3anona4809"><b>arduino:megaavr:nona4809</b></a>
							<br />
							<small>1.8.7</small>
						</td>

						
							<td>Yes</td>
							<td class="pass">PASS</td>
						
						
						
						

						
							
								
							
								
							
								
									
										
									
										
											<td class="pass">PASS</td>
											
										
									
										
									
										
									
										
									
										
									
								
							
								
							
								
							
						
							
								
							
								
							
								
									
										
									
										
									
										
											<td class="pass">PASS</td>
											
										
									
										
									
										
									
										
									
								
							
								
							
								
							
						
							
								
							
								
							
								
									
										
									
										
									
										
									
										
											<td class="pass">PASS</td>
											
										
									
										
									
										
									
								
							
								
							
								
							
						
							
								
							
								
							
								
									
										
									
										
									
										
									
										
									
										
											<td class="pass">PASS</td>
											
										
									
										
									
								
							
								
							
								
							
						
							
								
							
								
							
								
									
										
									
										
									
										
									
										
									
										
									
										
											<td class="pass">PASS</td>
											
										
									
								
							
								
							
								
							
						
							
								
							
								
							
								
									
										
											<td class="pass">PASS</td>
											
										
									
										
									
										
									
										
									
										
									
										
									
								
							
								
							
								
							
						
					</tr>
					
					<tr>
						<td>
							<a href="#arduino%3asamd%3amkrwifi1010"><b>arduino:samd:mkrwifi1010</b></a>
							<br />
							<small>1.8.12</small>
						</td>

						
						
						
							<td>Yes ⚠️</td>
							<td class="fail">FAIL</td>
						
						

						
							
								
							
								
							
								
							
								
									
										
									
										
											
											<td class="fail">FAIL</td>
										
									
										
									
										
									
										
									
										
									
								
							
								
							
						
							
								
							
								
							
								
							
								
									
										
									
										
									
										
											
											<td class="fail">FAIL</td>
										
									
										
									
										
									
										
									
								
							
								
							
						
							
								
							
								
							
								
							
								
									
										
									
										
									
										
									
										
											
											<td class="fail">FAIL</td>
										
									
										
									
										
									
								
							
								
							
						
							
								
							
								
							
								
							
								
									
										
									
										
									
										
									
										
									
										
											
											<td class="fail">FAIL</td>
										
									
										
									
								
							
								
							
						
							
								
							
								
							
								
							
								
									
										
									
										
									
										
									
										
									
										
									
										
											
											<td class="fail">FAIL</td>
										
									
								
							
								
							
						
							
								
							
								
							
								
							
								
									
										
											
											<td class="fail">FAIL</td>
										
									
										
									
										
									
										
									
										
									
										
									
								
							
								
							
						
					</tr>
					
					<tr>
						<td>
							<a href="#esp32%3aesp32%3ad1_mini32"><b>esp32:esp32:d1_mini32</b></a>
							<br />
							<small>1.0.6</small>
						</td>

						
						
						
							<td>Yes ⚠️</td>
							<td class="fail">FAIL</td>
						
						

						
							
								
							
								
							
								
							
								
							
								
									
										
									
										
											
											<td class="fail">FAIL</td>
										
									
										
									
										
									
										
									
										
									
								
							
						
							
								
							
								
							
								
							
								
							
								
									
										
									
										
									
										
											
											<td class="fail">FAIL</td>
										
									
										
									
										
									
										
									
								
							
						
							
								
							
								
							
								
							
								
							
								
									
										
									
										
									
										
									
										
											
											<td class="fail">FAIL</td>
										
									
										
									
										
									
								
							
						
							
								
							
								
							
								
							
								
							
								
									
										
									
										
									
										
									
										
									
										
											
											<td class="fail">FAIL</td>
										
									
										
									
								
							
						
							
								
							
								
							
								
							
								
							
								
									
										
									
										
									
										
									
										
									
										
									
										
											
											<td class="fail">FAIL</td>
										
									
								
							
						
							
								
							
								
							
								
							
								
							
								
									
										
											
											<td class="fail">FAIL</td>
										
									
										
									
										
									
										
									
										
									
										
									
								
							
						
					</tr>
					
				</table>

				<h2>Compilation logs</h2>
				
				<h3 id="arduino:avr:uno">arduino:avr:uno @ 1.8.4</h3>
				<h4>Inclusion</h4>
				<p>
					Result: <b>PASS</b>
					
				</p>
				<pre class="pre-scrollable">Sketch uses 2522 bytes (7%) of program storage space. Maximum is 32256 bytes.
Global variables use 297 bytes (14%) of dynamic memory, leaving 1751 bytes for local variables. Maximum is 2048 bytes.
</pre>

					
					<h4>examples/motorTest_4WDMW</h4>
					<p>
						Result: <b>FAIL</b>
					</p>
					<pre class="pre-scrollable">/home/ec2-user/arduino-testlib/cli-datadir/user/libraries/Yfrobot_Motor_Driver_Library/examples/motorTest_4WDMW/motorTest_4WDMW.ino:23:39: error: &#39;YF_4WDMW&#39; was not declared in this scope
 MotorDriver motorDriver = MotorDriver(YF_4WDMW);
                                       ^~~~~~~~
/home/ec2-user/arduino-testlib/cli-datadir/user/libraries/Yfrobot_Motor_Driver_Library/examples/motorTest_4WDMW/motorTest_4WDMW.ino: In function &#39;void setup()&#39;:
/home/ec2-user/arduino-testlib/cli-datadir/user/libraries/Yfrobot_Motor_Driver_Library/examples/motorTest_4WDMW/motorTest_4WDMW.ino:28:15: error: &#39;class MotorDriver&#39; has no member named &#39;motorConfig&#39;; did you mean &#39;motor_output&#39;?
   motorDriver.motorConfig(offsetM1, offsetM2, offsetM3, offsetM4);
               ^~~~~~~~~~~
               motor_output
/home/ec2-user/arduino-testlib/cli-datadir/user/libraries/Yfrobot_Motor_Driver_Library/examples/motorTest_4WDMW/motorTest_4WDMW.ino: In function &#39;void loop()&#39;:
/home/ec2-user/arduino-testlib/cli-datadir/user/libraries/Yfrobot_Motor_Driver_Library/examples/motorTest_4WDMW/motorTest_4WDMW.ino:32:15: error: &#39;class MotorDriver&#39; has no member named &#39;setSingleMotor&#39;
   motorDriver.setSingleMotor(M1, 255); // 电机M1全速正转
               ^~~~~~~~~~~~~~
/home/ec2-user/arduino-testlib/cli-datadir/user/libraries/Yfrobot_Motor_Driver_Library/examples/motorTest_4WDMW/motorTest_4WDMW.ino:32:30: error: &#39;M1&#39; was not declared in this scope
   motorDriver.setSingleMotor(M1, 255); // 电机M1全速正转
                              ^~
/home/ec2-user/arduino-testlib/cli-datadir/user/libraries/Yfrobot_Motor_Driver_Library/examples/motorTest_4WDMW/motorTest_4WDMW.ino:32:30: note: suggested alternative: &#39;A1&#39;
   motorDriver.setSingleMotor(M1, 255); // 电机M1全速正转
                              ^~
                              A1
/home/ec2-user/arduino-testlib/cli-datadir/user/libraries/Yfrobot_Motor_Driver_Library/examples/motorTest_4WDMW/motorTest_4WDMW.ino:34:15: error: &#39;class MotorDriver&#39; has no member named &#39;setSingleMotor&#39;
   motorDriver.setSingleMotor(M2, 255); // 电机M2全速正转
               ^~~~~~~~~~~~~~
/home/ec2-user/arduino-testlib/cli-datadir/user/libraries/Yfrobot_Motor_Driver_Library/examples/motorTest_4WDMW/motorTest_4WDMW.ino:34:30: error: &#39;M2&#39; was not declared in this scope
   motorDriver.setSingleMotor(M2, 255); // 电机M2全速正转
                              ^~
/home/ec2-user/arduino-testlib/cli-datadir/user/libraries/Yfrobot_Motor_Driver_Library/examples/motorTest_4WDMW/motorTest_4WDMW.ino:34:30: note: suggested alternative: &#39;A2&#39;
   motorDriver.setSingleMotor(M2, 255); // 电机M2全速正转
                              ^~
                              A2
/home/ec2-user/arduino-testlib/cli-datadir/user/libraries/Yfrobot_Motor_Driver_Library/examples/motorTest_4WDMW/motorTest_4WDMW.ino:36:15: error: &#39;class MotorDriver&#39; has no member named &#39;setSingleMotor&#39;
   motorDriver.setSingleMotor(M3, 255); // 电机M3全速正转
               ^~~~~~~~~~~~~~
/home/ec2-user/arduino-testlib/cli-datadir/user/libraries/Yfrobot_Motor_Driver_Library/examples/motorTest_4WDMW/motorTest_4WDMW.ino:36:30: error: &#39;M3&#39; was not declared in this scope
   motorDriver.setSingleMotor(M3, 255); // 电机M3全速正转
                              ^~
/home/ec2-user/arduino-testlib/cli-datadir/user/libraries/Yfrobot_Motor_Driver_Library/examples/motorTest_4WDMW/motorTest_4WDMW.ino:36:30: note: suggested alternative: &#39;A3&#39;
   motorDriver.setSingleMotor(M3, 255); // 电机M3全速正转
                              ^~
                              A3
/home/ec2-user/arduino-testlib/cli-datadir/user/libraries/Yfrobot_Motor_Driver_Library/examples/motorTest_4WDMW/motorTest_4WDMW.ino:38:15: error: &#39;class MotorDriver&#39; has no member named &#39;setSingleMotor&#39;
   motorDriver.setSingleMotor(M4, 255); // 电机M4全速正转
               ^~~~~~~~~~~~~~
/home/ec2-user/arduino-testlib/cli-datadir/user/libraries/Yfrobot_Motor_Driver_Library/examples/motorTest_4WDMW/motorTest_4WDMW.ino:38:30: error: &#39;M4&#39; was not declared in this scope
   motorDriver.setSingleMotor(M4, 255); // 电机M4全速正转
                              ^~
/home/ec2-user/arduino-testlib/cli-datadir/user/libraries/Yfrobot_Motor_Driver_Library/examples/motorTest_4WDMW/motorTest_4WDMW.ino:38:30: note: suggested alternative: &#39;A4&#39;
   motorDriver.setSingleMotor(M4, 255); // 电机M4全速正转
                              ^~
                              A4
/home/ec2-user/arduino-testlib/cli-datadir/user/libraries/Yfrobot_Motor_Driver_Library/examples/motorTest_4WDMW/motorTest_4WDMW.ino:40:15: error: &#39;class MotorDriver&#39; has no member named &#39;setAllMotor&#39;
   motorDriver.setAllMotor(0); // 电机M1/M2/M3/M4停止
               ^~~~~~~~~~~
/home/ec2-user/arduino-testlib/cli-datadir/user/libraries/Yfrobot_Motor_Driver_Library/examples/motorTest_4WDMW/motorTest_4WDMW.ino:42:15: error: &#39;class MotorDriver&#39; has no member named &#39;setMotor&#39;; did you mean &#39;motor&#39;?
   motorDriver.setMotor(0, 255, 128, 64); // 电机M1停止,电机M2 全速正转,电机M3 50%正转,电机M4 25%正转
               ^~~~~~~~
               motor
/home/ec2-user/arduino-testlib/cli-datadir/user/libraries/Yfrobot_Motor_Driver_Library/examples/motorTest_4WDMW/motorTest_4WDMW.ino:44:15: error: &#39;class MotorDriver&#39; has no member named &#39;setMotor&#39;; did you mean &#39;motor&#39;?
   motorDriver.setMotor(0, 0, 0, 0);  // 电机M1/M2/M3/M4停止
               ^~~~~~~~
               motor
/home/ec2-user/arduino-testlib/cli-datadir/user/libraries/Yfrobot_Motor_Driver_Library/examples/motorTest_4WDMW/motorTest_4WDMW.ino:46:15: error: &#39;class MotorDriver&#39; has no member named &#39;setMotor&#39;; did you mean &#39;motor&#39;?
   motorDriver.setMotor(-64, -64, -128, -255);  // 电机M1 25%反转,电机M2 25%反转,电机M3 50%反转,电机M4 全速反转,
               ^~~~~~~~
               motor
/home/ec2-user/arduino-testlib/cli-datadir/user/libraries/Yfrobot_Motor_Driver_Library/examples/motorTest_4WDMW/motorTest_4WDMW.ino:48:15: error: &#39;class MotorDriver&#39; has no member named &#39;setMotor&#39;; did you mean &#39;motor&#39;?
   motorDriver.setMotor(0, 0, 0, 0);  // 电机M1/M2/M3/M4停止
               ^~~~~~~~
               motor
/home/ec2-user/arduino-testlib/cli-datadir/user/libraries/Yfrobot_Motor_Driver_Library/examples/motorTest_4WDMW/motorTest_4WDMW.ino:50:15: error: &#39;class MotorDriver&#39; has no member named &#39;setAllMotor&#39;
   motorDriver.setAllMotor(128); // 电机M1/M2/M3/M4 50%反转
               ^~~~~~~~~~~
/home/ec2-user/arduino-testlib/cli-datadir/user/libraries/Yfrobot_Motor_Driver_Library/examples/motorTest_4WDMW/motorTest_4WDMW.ino:52:15: error: &#39;class MotorDriver&#39; has no member named &#39;setAllMotor&#39;
   motorDriver.setAllMotor(0); // 电机M1/M2/M3/M4停止
               ^~~~~~~~~~~
Multiple libraries were found for &#34;MotorDriver.h&#34;
  Used: /home/ec2-user/arduino-testlib/cli-datadir/user/libraries/Motor_Driver_Library
  Not used: /home/ec2-user/arduino-testlib/cli-datadir/user/libraries/GuiN-E_Bot
  Not used: /home/ec2-user/arduino-testlib/cli-datadir/user/libraries/Motor_Shield_V2.0
  Not used: /home/ec2-user/arduino-testlib/cli-datadir/user/libraries/ArxRobot_Library
  Not used: /home/ec2-user/arduino-testlib/cli-datadir/user/libraries/Yfrobot_Motor_Driver_Library
</pre>
					
					<h4>examples/motorTest_IIC</h4>
					<p>
						Result: <b>FAIL</b>
					</p>
					<pre class="pre-scrollable">/home/ec2-user/arduino-testlib/cli-datadir/user/libraries/Yfrobot_Motor_Driver_Library/examples/motorTest_IIC/motorTest_IIC.ino:13:19: error: &#39;YF_IIC_TB&#39; was not declared in this scope
 #define MOTORTYPE YF_IIC_TB   //
                   ^
/home/ec2-user/arduino-testlib/cli-datadir/user/libraries/Yfrobot_Motor_Driver_Library/examples/motorTest_IIC/motorTest_IIC.ino:24:39: note: in expansion of macro &#39;MOTORTYPE&#39;
 MotorDriver motorDriver = MotorDriver(MOTORTYPE);
                                       ^~~~~~~~~
/home/ec2-user/arduino-testlib/cli-datadir/user/libraries/Yfrobot_Motor_Driver_Library/examples/motorTest_IIC/motorTest_IIC.ino: In function &#39;void setup()&#39;:
/home/ec2-user/arduino-testlib/cli-datadir/user/libraries/Yfrobot_Motor_Driver_Library/examples/motorTest_IIC/motorTest_IIC.ino:29:15: error: &#39;class MotorDriver&#39; has no member named &#39;begin&#39;
   motorDriver.begin();
               ^~~~~
/home/ec2-user/arduino-testlib/cli-datadir/user/libraries/Yfrobot_Motor_Driver_Library/examples/motorTest_IIC/motorTest_IIC.ino:30:15: error: &#39;class MotorDriver&#39; has no member named &#39;motorConfig&#39;; did you mean &#39;motor_output&#39;?
   motorDriver.motorConfig(offsetm1, offsetm2, offsetm3, offsetm4);
               ^~~~~~~~~~~
               motor_output
/home/ec2-user/arduino-testlib/cli-datadir/user/libraries/Yfrobot_Motor_Driver_Library/examples/motorTest_IIC/motorTest_IIC.ino: In function &#39;void loop()&#39;:
/home/ec2-user/arduino-testlib/cli-datadir/user/libraries/Yfrobot_Motor_Driver_Library/examples/motorTest_IIC/motorTest_IIC.ino:36:15: error: &#39;class MotorDriver&#39; has no member named &#39;setSingleMotor&#39;
   motorDriver.setSingleMotor(M1, 4096);  // 电机M1全速正转
               ^~~~~~~~~~~~~~
/home/ec2-user/arduino-testlib/cli-datadir/user/libraries/Yfrobot_Motor_Driver_Library/examples/motorTest_IIC/motorTest_IIC.ino:36:30: error: &#39;M1&#39; was not declared in this scope
   motorDriver.setSingleMotor(M1, 4096);  // 电机M1全速正转
                              ^~
/home/ec2-user/arduino-testlib/cli-datadir/user/libraries/Yfrobot_Motor_Driver_Library/examples/motorTest_IIC/motorTest_IIC.ino:36:30: note: suggested alternative: &#39;A1&#39;
   motorDriver.setSingleMotor(M1, 4096);  // 电机M1全速正转
                              ^~
                              A1
/home/ec2-user/arduino-testlib/cli-datadir/user/libraries/Yfrobot_Motor_Driver_Library/examples/motorTest_IIC/motorTest_IIC.ino:38:15: error: &#39;class MotorDriver&#39; has no member named &#39;setSingleMotor&#39;
   motorDriver.setSingleMotor(M1, 0);  // 电机M1停止
               ^~~~~~~~~~~~~~
/home/ec2-user/arduino-testlib/cli-datadir/user/libraries/Yfrobot_Motor_Driver_Library/examples/motorTest_IIC/motorTest_IIC.ino:40:15: error: &#39;class MotorDriver&#39; has no member named &#39;setSingleMotor&#39;
   motorDriver.setSingleMotor(M2, -2048);  // 电机M2 50%速度反转
               ^~~~~~~~~~~~~~
/home/ec2-user/arduino-testlib/cli-datadir/user/libraries/Yfrobot_Motor_Driver_Library/examples/motorTest_IIC/motorTest_IIC.ino:40:30: error: &#39;M2&#39; was not declared in this scope
   motorDriver.setSingleMotor(M2, -2048);  // 电机M2 50%速度反转
                              ^~
/home/ec2-user/arduino-testlib/cli-datadir/user/libraries/Yfrobot_Motor_Driver_Library/examples/motorTest_IIC/motorTest_IIC.ino:40:30: note: suggested alternative: &#39;A2&#39;
   motorDriver.setSingleMotor(M2, -2048);  // 电机M2 50%速度反转
                              ^~
                              A2
/home/ec2-user/arduino-testlib/cli-datadir/user/libraries/Yfrobot_Motor_Driver_Library/examples/motorTest_IIC/motorTest_IIC.ino:42:15: error: &#39;class MotorDriver&#39; has no member named &#39;setSingleMotor&#39;
   motorDriver.setSingleMotor(M2, 0);  // 电机M2停止
               ^~~~~~~~~~~~~~
/home/ec2-user/arduino-testlib/cli-datadir/user/libraries/Yfrobot_Motor_Driver_Library/examples/motorTest_IIC/motorTest_IIC.ino:44:15: error: &#39;class MotorDriver&#39; has no member named &#39;setSingleMotor&#39;
   motorDriver.setSingleMotor(M3, 4096);  // 电机M3全速正转
               ^~~~~~~~~~~~~~
/home/ec2-user/arduino-testlib/cli-datadir/user/libraries/Yfrobot_Motor_Driver_Library/examples/motorTest_IIC/motorTest_IIC.ino:44:30: error: &#39;M3&#39; was not declared in this scope
   motorDriver.setSingleMotor(M3, 4096);  // 电机M3全速正转
                              ^~
/home/ec2-user/arduino-testlib/cli-datadir/user/libraries/Yfrobot_Motor_Driver_Library/examples/motorTest_IIC/motorTest_IIC.ino:44:30: note: suggested alternative: &#39;A3&#39;
   motorDriver.setSingleMotor(M3, 4096);  // 电机M3全速正转
                              ^~
                              A3
/home/ec2-user/arduino-testlib/cli-datadir/user/libraries/Yfrobot_Motor_Driver_Library/examples/motorTest_IIC/motorTest_IIC.ino:46:15: error: &#39;class MotorDriver&#39; has no member named &#39;setSingleMotor&#39;
   motorDriver.setSingleMotor(M3, 0);  // 电机M3停止
               ^~~~~~~~~~~~~~
/home/ec2-user/arduino-testlib/cli-datadir/user/libraries/Yfrobot_Motor_Driver_Library/examples/motorTest_IIC/motorTest_IIC.ino:48:15: error: &#39;class MotorDriver&#39; has no member named &#39;setSingleMotor&#39;
   motorDriver.setSingleMotor(M4, -2048);  // 电机M4 50%速度反转
               ^~~~~~~~~~~~~~
/home/ec2-user/arduino-testlib/cli-datadir/user/libraries/Yfrobot_Motor_Driver_Library/examples/motorTest_IIC/motorTest_IIC.ino:48:30: error: &#39;M4&#39; was not declared in this scope
   motorDriver.setSingleMotor(M4, -2048);  // 电机M4 50%速度反转
                              ^~
/home/ec2-user/arduino-testlib/cli-datadir/user/libraries/Yfrobot_Motor_Driver_Library/examples/motorTest_IIC/motorTest_IIC.ino:48:30: note: suggested alternative: &#39;A4&#39;
   motorDriver.setSingleMotor(M4, -2048);  // 电机M4 50%速度反转
                              ^~
                              A4
/home/ec2-user/arduino-testlib/cli-datadir/user/libraries/Yfrobot_Motor_Driver_Library/examples/motorTest_IIC/motorTest_IIC.ino:50:15: error: &#39;class MotorDriver&#39; has no member named &#39;setSingleMotor&#39;
   motorDriver.setSingleMotor(M4, 0);  // 电机M4停止
               ^~~~~~~~~~~~~~
/home/ec2-user/arduino-testlib/cli-datadir/user/libraries/Yfrobot_Motor_Driver_Library/examples/motorTest_IIC/motorTest_IIC.ino:53:15: error: &#39;class MotorDriver&#39; has no member named &#39;setMotor&#39;; did you mean &#39;motor&#39;?
   motorDriver.setMotor(0, 4096, 2048, 1024); // 电机M1停止,电机M2 全速正转,电机M3 50%正转,电机M4 25%正转
               ^~~~~~~~
               motor
/home/ec2-user/arduino-testlib/cli-datadir/user/libraries/Yfrobot_Motor_Driver_Library/examples/motorTest_IIC/motorTest_IIC.ino:55:15: error: &#39;class MotorDriver&#39; has no member named &#39;setMotor&#39;; did you mean &#39;motor&#39;?
   motorDriver.setMotor(0, 0, 0, 0);  // 电机M1/M2/M3/M4停止
               ^~~~~~~~
               motor
/home/ec2-user/arduino-testlib/cli-datadir/user/libraries/Yfrobot_Motor_Driver_Library/examples/motorTest_IIC/motorTest_IIC.ino:57:15: error: &#39;class MotorDriver&#39; has no member named &#39;setMotor&#39;; did you mean &#39;motor&#39;?
   motorDriver.setMotor(0, -1024, -2048, -4096);  // 电机M1停止,电机M2 25%反转,电机M3 50%反转,电机M4 全速反转,
               ^~~~~~~~
               motor
/home/ec2-user/arduino-testlib/cli-datadir/user/libraries/Yfrobot_Motor_Driver_Library/examples/motorTest_IIC/motorTest_IIC.ino:59:15: error: &#39;class MotorDriver&#39; has no member named &#39;setMotor&#39;; did you mean &#39;motor&#39;?
   motorDriver.setMotor(0, 0, 0, 0);  // 电机M1/M2/M3/M4停止
               ^~~~~~~~
               motor
/home/ec2-user/arduino-testlib/cli-datadir/user/libraries/Yfrobot_Motor_Driver_Library/examples/motorTest_IIC/motorTest_IIC.ino:62:15: error: &#39;class MotorDriver&#39; has no member named &#39;setAllMotor&#39;
   motorDriver.setAllMotor(4096);   // 电机M1/M2/M3/M4 全速正转
               ^~~~~~~~~~~
/home/ec2-user/arduino-testlib/cli-datadir/user/libraries/Yfrobot_Motor_Driver_Library/examples/motorTest_IIC/motorTest_IIC.ino:64:15: error: &#39;class MotorDriver&#39; has no member named &#39;setAllMotor&#39;
   motorDriver.setAllMotor(0);  // 电机M1/M2/M3/M4 停止
               ^~~~~~~~~~~
/home/ec2-user/arduino-testlib/cli-datadir/user/libraries/Yfrobot_Motor_Driver_Library/examples/motorTest_IIC/motorTest_IIC.ino:66:15: error: &#39;class MotorDriver&#39; has no member named &#39;setAllMotor&#39;
   motorDriver.setAllMotor(-4096);  // 电机M1/M2/M3/M4 全速反转
               ^~~~~~~~~~~
/home/ec2-user/arduino-testlib/cli-datadir/user/libraries/Yfrobot_Motor_Driver_Library/examples/motorTest_IIC/motorTest_IIC.ino:68:15: error: &#39;class MotorDriver&#39; has no member named &#39;setAllMotor&#39;
   motorDriver.setAllMotor(0);  // 电机M1/M2/M3/M4 停止
               ^~~~~~~~~~~
/home/ec2-user/arduino-testlib/cli-datadir/user/libraries/Yfrobot_Motor_Driver_Library/examples/motorTest_IIC/motorTest_IIC.ino:71:15: error: &#39;class MotorDriver&#39; has no member named &#39;setMotor&#39;; did you mean &#39;motor&#39;?
   motorDriver.setMotor(4096, 4096, 4096, 4096);       // 电机M1/M2/M3/M4 全速正转
               ^~~~~~~~
               motor
/home/ec2-user/arduino-testlib/cli-datadir/user/libraries/Yfrobot_Motor_Driver_Library/examples/motorTest_IIC/motorTest_IIC.ino:73:15: error: &#39;class MotorDriver&#39; has no member named &#39;stopMotor&#39;
   motorDriver.stopMotor(M1);    // 电机M1 刹车
               ^~~~~~~~~
/home/ec2-user/arduino-testlib/cli-datadir/user/libraries/Yfrobot_Motor_Driver_Library/examples/motorTest_IIC/motorTest_IIC.ino:75:15: error: &#39;class MotorDriver&#39; has no member named &#39;setMotor&#39;; did you mean &#39;motor&#39;?
   motorDriver.setMotor(-4096, -4096, -4096, -4096);   // 电机M1/M2/M3/M4 全速反转
               ^~~~~~~~
               motor
/home/ec2-user/arduino-testlib/cli-datadir/user/libraries/Yfrobot_Motor_Driver_Library/examples/motorTest_IIC/motorTest_IIC.ino:77:15: error: &#39;class MotorDriver&#39; has no member named &#39;stopMotor&#39;
   motorDriver.stopMotor(MAll);  // 电机M1/M2/M3/M4 刹车
               ^~~~~~~~~
/home/ec2-user/arduino-testlib/cli-datadir/user/libraries/Yfrobot_Motor_Driver_Library/examples/motorTest_IIC/motorTest_IIC.ino:77:25: error: &#39;MAll&#39; was not declared in this scope
   motorDriver.stopMotor(MAll);  // 电机M1/M2/M3/M4 刹车
                         ^~~~
Multiple libraries were found for &#34;MotorDriver.h&#34;
  Used: /home/ec2-user/arduino-testlib/cli-datadir/user/libraries/Motor_Driver_Library
  Not used: /home/ec2-user/arduino-t</pre>
					
					<h4>examples/motorTest_L298P</h4>
					<p>
						Result: <b>FAIL</b>
					</p>
					<pre class="pre-scrollable">/home/ec2-user/arduino-testlib/cli-datadir/user/libraries/Yfrobot_Motor_Driver_Library/examples/motorTest_L298P/motorTest_L298P.ino:14:19: error: &#39;YF_L298P&#39; was not declared in this scope
 #define MOTORTYPE YF_L298P   // YF_PMR3
                   ^
/home/ec2-user/arduino-testlib/cli-datadir/user/libraries/Yfrobot_Motor_Driver_Library/examples/motorTest_L298P/motorTest_L298P.ino:23:39: note: in expansion of macro &#39;MOTORTYPE&#39;
 MotorDriver motorDriver = MotorDriver(MOTORTYPE);
                                       ^~~~~~~~~
/home/ec2-user/arduino-testlib/cli-datadir/user/libraries/Yfrobot_Motor_Driver_Library/examples/motorTest_L298P/motorTest_L298P.ino: In function &#39;void setup()&#39;:
/home/ec2-user/arduino-testlib/cli-datadir/user/libraries/Yfrobot_Motor_Driver_Library/examples/motorTest_L298P/motorTest_L298P.ino:28:15: error: &#39;class MotorDriver&#39; has no member named &#39;motorConfig&#39;; did you mean &#39;motor_output&#39;?
   motorDriver.motorConfig(offseta, offsetb);
               ^~~~~~~~~~~
               motor_output
/home/ec2-user/arduino-testlib/cli-datadir/user/libraries/Yfrobot_Motor_Driver_Library/examples/motorTest_L298P/motorTest_L298P.ino: In function &#39;void loop()&#39;:
/home/ec2-user/arduino-testlib/cli-datadir/user/libraries/Yfrobot_Motor_Driver_Library/examples/motorTest_L298P/motorTest_L298P.ino:32:15: error: &#39;class MotorDriver&#39; has no member named &#39;setMotor&#39;; did you mean &#39;motor&#39;?
   motorDriver.setMotor(255, 255);  // 电机AB 全速正转
               ^~~~~~~~
               motor
/home/ec2-user/arduino-testlib/cli-datadir/user/libraries/Yfrobot_Motor_Driver_Library/examples/motorTest_L298P/motorTest_L298P.ino:34:15: error: &#39;class MotorDriver&#39; has no member named &#39;setMotor&#39;; did you mean &#39;motor&#39;?
   motorDriver.setMotor(0, 0);  // 电机AB停止
               ^~~~~~~~
               motor
/home/ec2-user/arduino-testlib/cli-datadir/user/libraries/Yfrobot_Motor_Driver_Library/examples/motorTest_L298P/motorTest_L298P.ino:36:15: error: &#39;class MotorDriver&#39; has no member named &#39;setMotor&#39;; did you mean &#39;motor&#39;?
   motorDriver.setMotor(-255, -255);  // 电机AB 全速反转
               ^~~~~~~~
               motor
/home/ec2-user/arduino-testlib/cli-datadir/user/libraries/Yfrobot_Motor_Driver_Library/examples/motorTest_L298P/motorTest_L298P.ino:38:15: error: &#39;class MotorDriver&#39; has no member named &#39;setMotor&#39;; did you mean &#39;motor&#39;?
   motorDriver.setMotor(0, 0);  // 电机AB停止
               ^~~~~~~~
               motor
Multiple libraries were found for &#34;MotorDriver.h&#34;
  Used: /home/ec2-user/arduino-testlib/cli-datadir/user/libraries/Motor_Driver_Library
  Not used: /home/ec2-user/arduino-testlib/cli-datadir/user/libraries/ArxRobot_Library
  Not used: /home/ec2-user/arduino-testlib/cli-datadir/user/libraries/Yfrobot_Motor_Driver_Library
  Not used: /home/ec2-user/arduino-testlib/cli-datadir/user/libraries/Motor_Shield_V2.0
  Not used: /home/ec2-user/arduino-testlib/cli-datadir/user/libraries/GuiN-E_Bot
</pre>
					
					<h4>examples/motorTest_MD</h4>
					<p>
						Result: <b>FAIL</b>
					</p>
					<pre class="pre-scrollable">/home/ec2-user/arduino-testlib/cli-datadir/user/libraries/Yfrobot_Motor_Driver_Library/examples/motorTest_MD/motorTest_MD.ino:14:19: error: &#39;YF_MD&#39; was not declared in this scope
 #define MOTORTYPE YF_MD
                   ^
/home/ec2-user/arduino-testlib/cli-datadir/user/libraries/Yfrobot_Motor_Driver_Library/examples/motorTest_MD/motorTest_MD.ino:24:34: note: in expansion of macro &#39;MOTORTYPE&#39;
 MotorDriver motora = MotorDriver(MOTORTYPE, YF_MD04_ADIR_PIN, YF_MD04_APWM_PIN, offseta, YF_MD04_ACS_PIN, YF_MD04_ASLP_PIN);
                                  ^~~~~~~~~
/home/ec2-user/arduino-testlib/cli-datadir/user/libraries/Yfrobot_Motor_Driver_Library/examples/motorTest_MD/motorTest_MD.ino:24:45: error: &#39;YF_MD04_ADIR_PIN&#39; was not declared in this scope
 MotorDriver motora = MotorDriver(MOTORTYPE, YF_MD04_ADIR_PIN, YF_MD04_APWM_PIN, offseta, YF_MD04_ACS_PIN, YF_MD04_ASLP_PIN);
                                             ^~~~~~~~~~~~~~~~
/home/ec2-user/arduino-testlib/cli-datadir/user/libraries/Yfrobot_Motor_Driver_Library/examples/motorTest_MD/motorTest_MD.ino:24:63: error: &#39;YF_MD04_APWM_PIN&#39; was not declared in this scope
 MotorDriver motora = MotorDriver(MOTORTYPE, YF_MD04_ADIR_PIN, YF_MD04_APWM_PIN, offseta, YF_MD04_ACS_PIN, YF_MD04_ASLP_PIN);
                                                               ^~~~~~~~~~~~~~~~
/home/ec2-user/arduino-testlib/cli-datadir/user/libraries/Yfrobot_Motor_Driver_Library/examples/motorTest_MD/motorTest_MD.ino:24:90: error: &#39;YF_MD04_ACS_PIN&#39; was not declared in this scope
 MotorDriver motora = MotorDriver(MOTORTYPE, YF_MD04_ADIR_PIN, YF_MD04_APWM_PIN, offseta, YF_MD04_ACS_PIN, YF_MD04_ASLP_PIN);
                                                                                          ^~~~~~~~~~~~~~~
/home/ec2-user/arduino-testlib/cli-datadir/user/libraries/Yfrobot_Motor_Driver_Library/examples/motorTest_MD/motorTest_MD.ino:24:107: error: &#39;YF_MD04_ASLP_PIN&#39; was not declared in this scope
 MotorDriver motora = MotorDriver(MOTORTYPE, YF_MD04_ADIR_PIN, YF_MD04_APWM_PIN, offseta, YF_MD04_ACS_PIN, YF_MD04_ASLP_PIN);
                                                                                                           ^~~~~~~~~~~~~~~~
/home/ec2-user/arduino-testlib/cli-datadir/user/libraries/Yfrobot_Motor_Driver_Library/examples/motorTest_MD/motorTest_MD.ino:14:19: error: &#39;YF_MD&#39; was not declared in this scope
 #define MOTORTYPE YF_MD
                   ^
/home/ec2-user/arduino-testlib/cli-datadir/user/libraries/Yfrobot_Motor_Driver_Library/examples/motorTest_MD/motorTest_MD.ino:25:34: note: in expansion of macro &#39;MOTORTYPE&#39;
 MotorDriver motorb = MotorDriver(MOTORTYPE, YF_MD04_BDIR_PIN, YF_MD04_BPWM_PIN, offsetb, YF_MD04_BCS_PIN, YF_MD04_BSLP_PIN);
                                  ^~~~~~~~~
/home/ec2-user/arduino-testlib/cli-datadir/user/libraries/Yfrobot_Motor_Driver_Library/examples/motorTest_MD/motorTest_MD.ino:25:45: error: &#39;YF_MD04_BDIR_PIN&#39; was not declared in this scope
 MotorDriver motorb = MotorDriver(MOTORTYPE, YF_MD04_BDIR_PIN, YF_MD04_BPWM_PIN, offsetb, YF_MD04_BCS_PIN, YF_MD04_BSLP_PIN);
                                             ^~~~~~~~~~~~~~~~
/home/ec2-user/arduino-testlib/cli-datadir/user/libraries/Yfrobot_Motor_Driver_Library/examples/motorTest_MD/motorTest_MD.ino:25:63: error: &#39;YF_MD04_BPWM_PIN&#39; was not declared in this scope
 MotorDriver motorb = MotorDriver(MOTORTYPE, YF_MD04_BDIR_PIN, YF_MD04_BPWM_PIN, offsetb, YF_MD04_BCS_PIN, YF_MD04_BSLP_PIN);
                                                               ^~~~~~~~~~~~~~~~
/home/ec2-user/arduino-testlib/cli-datadir/user/libraries/Yfrobot_Motor_Driver_Library/examples/motorTest_MD/motorTest_MD.ino:25:90: error: &#39;YF_MD04_BCS_PIN&#39; was not declared in this scope
 MotorDriver motorb = MotorDriver(MOTORTYPE, YF_MD04_BDIR_PIN, YF_MD04_BPWM_PIN, offsetb, YF_MD04_BCS_PIN, YF_MD04_BSLP_PIN);
                                                                                          ^~~~~~~~~~~~~~~
/home/ec2-user/arduino-testlib/cli-datadir/user/libraries/Yfrobot_Motor_Driver_Library/examples/motorTest_MD/motorTest_MD.ino:25:107: error: &#39;YF_MD04_BSLP_PIN&#39; was not declared in this scope
 MotorDriver motorb = MotorDriver(MOTORTYPE, YF_MD04_BDIR_PIN, YF_MD04_BPWM_PIN, offsetb, YF_MD04_BCS_PIN, YF_MD04_BSLP_PIN);
                                                                                                           ^~~~~~~~~~~~~~~~
/home/ec2-user/arduino-testlib/cli-datadir/user/libraries/Yfrobot_Motor_Driver_Library/examples/motorTest_MD/motorTest_MD.ino: In function &#39;void loop()&#39;:
/home/ec2-user/arduino-testlib/cli-datadir/user/libraries/Yfrobot_Motor_Driver_Library/examples/motorTest_MD/motorTest_MD.ino:33:10: error: &#39;class MotorDriver&#39; has no member named &#39;setMotor&#39;; did you mean &#39;motor&#39;?
   motora.setMotor(255);  // 电机M1全速正转
          ^~~~~~~~
          motor
/home/ec2-user/arduino-testlib/cli-datadir/user/libraries/Yfrobot_Motor_Driver_Library/examples/motorTest_MD/motorTest_MD.ino:34:10: error: &#39;class MotorDriver&#39; has no member named &#39;setMotor&#39;; did you mean &#39;motor&#39;?
   motorb.setMotor(255);  // 电机M2全速正转
          ^~~~~~~~
          motor
/home/ec2-user/arduino-testlib/cli-datadir/user/libraries/Yfrobot_Motor_Driver_Library/examples/motorTest_MD/motorTest_MD.ino:36:10: error: &#39;class MotorDriver&#39; has no member named &#39;setMotor&#39;; did you mean &#39;motor&#39;?
   motora.setMotor(0);  // 电机M1停止
          ^~~~~~~~
          motor
/home/ec2-user/arduino-testlib/cli-datadir/user/libraries/Yfrobot_Motor_Driver_Library/examples/motorTest_MD/motorTest_MD.ino:37:10: error: &#39;class MotorDriver&#39; has no member named &#39;setMotor&#39;; did you mean &#39;motor&#39;?
   motorb.setMotor(0);  // 电机M2停止
          ^~~~~~~~
          motor
/home/ec2-user/arduino-testlib/cli-datadir/user/libraries/Yfrobot_Motor_Driver_Library/examples/motorTest_MD/motorTest_MD.ino:39:10: error: &#39;class MotorDriver&#39; has no member named &#39;setMotor&#39;; did you mean &#39;motor&#39;?
   motora.setMotor(-127);  // 电机M1 50%速度反转
          ^~~~~~~~
          motor
/home/ec2-user/arduino-testlib/cli-datadir/user/libraries/Yfrobot_Motor_Driver_Library/examples/motorTest_MD/motorTest_MD.ino:40:10: error: &#39;class MotorDriver&#39; has no member named &#39;setMotor&#39;; did you mean &#39;motor&#39;?
   motorb.setMotor(-127);  // 电机M1 50%速度反转
          ^~~~~~~~
          motor
/home/ec2-user/arduino-testlib/cli-datadir/user/libraries/Yfrobot_Motor_Driver_Library/examples/motorTest_MD/motorTest_MD.ino:42:10: error: &#39;class MotorDriver&#39; has no member named &#39;setMotor&#39;; did you mean &#39;motor&#39;?
   motora.setMotor(0);  // 电机M1停止
          ^~~~~~~~
          motor
/home/ec2-user/arduino-testlib/cli-datadir/user/libraries/Yfrobot_Motor_Driver_Library/examples/motorTest_MD/motorTest_MD.ino:43:10: error: &#39;class MotorDriver&#39; has no member named &#39;setMotor&#39;; did you mean &#39;motor&#39;?
   motorb.setMotor(0);  // 电机M2停止
          ^~~~~~~~
          motor
/home/ec2-user/arduino-testlib/cli-datadir/user/libraries/Yfrobot_Motor_Driver_Library/examples/motorTest_MD/motorTest_MD.ino:46:10: error: &#39;class MotorDriver&#39; has no member named &#39;setMotor&#39;; did you mean &#39;motor&#39;?
   motora.setMotor(255);  // 电机M1全速正转
          ^~~~~~~~
          motor
/home/ec2-user/arduino-testlib/cli-datadir/user/libraries/Yfrobot_Motor_Driver_Library/examples/motorTest_MD/motorTest_MD.ino:47:10: error: &#39;class MotorDriver&#39; has no member named &#39;setMotor&#39;; did you mean &#39;motor&#39;?
   motorb.setMotor(255);  // 电机M2全速正转
          ^~~~~~~~
          motor
/home/ec2-user/arduino-testlib/cli-datadir/user/libraries/Yfrobot_Motor_Driver_Library/examples/motorTest_MD/motorTest_MD.ino:49:10: error: &#39;class MotorDriver&#39; has no member named &#39;getMotorCurrent&#39;
   motora.getMotorCurrent();  // 获取电流检测口的模拟值 - 输出电压与电流电流成正比（50mV/A)，电流为零时电压为0.05V
          ^~~~~~~~~~~~~~~
Multiple libraries were found for &#34;MotorDriver.h&#34;
  Used: /home/ec2-user/arduino-testlib/cli-datadir/user/libraries/Motor_Driver_Library
  Not used: /home/ec2-user/arduino-testlib/cli-datadir/user/libraries/GuiN-E_Bot
  Not used: /home/ec2-user/arduino-testlib/cli-datadir/user/libraries/Yfrobot_Motor_Driver_Library
  Not used: /home/ec2-user/arduino-testlib/cli-datadir/user/libraries/ArxRobot_Library
  Not used: /home/ec2-user/arduino-testlib/cli-datadir/user/libraries/Motor_Shield_V2.0
</pre>
					
					<h4>examples/motorTest_PMR3</h4>
					<p>
						Result: <b>FAIL</b>
					</p>
					<pre class="pre-scrollable">/home/ec2-user/arduino-testlib/cli-datadir/user/libraries/Yfrobot_Motor_Driver_Library/examples/motorTest_PMR3/motorTest_PMR3.ino:14:19: error: &#39;YF_PMR3&#39; was not declared in this scope
 #define MOTORTYPE YF_PMR3
                   ^
/home/ec2-user/arduino-testlib/cli-datadir/user/libraries/Yfrobot_Motor_Driver_Library/examples/motorTest_PMR3/motorTest_PMR3.ino:23:39: note: in expansion of macro &#39;MOTORTYPE&#39;
 MotorDriver motorDriver = MotorDriver(MOTORTYPE);
                                       ^~~~~~~~~
/home/ec2-user/arduino-testlib/cli-datadir/user/libraries/Yfrobot_Motor_Driver_Library/examples/motorTest_PMR3/motorTest_PMR3.ino: In function &#39;void setup()&#39;:
/home/ec2-user/arduino-testlib/cli-datadir/user/libraries/Yfrobot_Motor_Driver_Library/examples/motorTest_PMR3/motorTest_PMR3.ino:28:15: error: &#39;class MotorDriver&#39; has no member named &#39;motorConfig&#39;; did you mean &#39;motor_output&#39;?
   motorDriver.motorConfig(offseta, offsetb);
               ^~~~~~~~~~~
               motor_output
/home/ec2-user/arduino-testlib/cli-datadir/user/libraries/Yfrobot_Motor_Driver_Library/examples/motorTest_PMR3/motorTest_PMR3.ino: In function &#39;void loop()&#39;:
/home/ec2-user/arduino-testlib/cli-datadir/user/libraries/Yfrobot_Motor_Driver_Library/examples/motorTest_PMR3/motorTest_PMR3.ino:32:15: error: &#39;class MotorDriver&#39; has no member named &#39;setMotor&#39;; did you mean &#39;motor&#39;?
   motorDriver.setMotor(255, 255);  // 电机AB 全速正转
               ^~~~~~~~
               motor
/home/ec2-user/arduino-testlib/cli-datadir/user/libraries/Yfrobot_Motor_Driver_Library/examples/motorTest_PMR3/motorTest_PMR3.ino:34:15: error: &#39;class MotorDriver&#39; has no member named &#39;setMotor&#39;; did you mean &#39;motor&#39;?
   motorDriver.setMotor(0, 0);  // 电机AB停止
               ^~~~~~~~
               motor
/home/ec2-user/arduino-testlib/cli-datadir/user/libraries/Yfrobot_Motor_Driver_Library/examples/motorTest_PMR3/motorTest_PMR3.ino:36:15: error: &#39;class MotorDriver&#39; has no member named &#39;setMotor&#39;; did you mean &#39;motor&#39;?
   motorDriver.setMotor(-255, -255);  // 电机AB 全速反转
               ^~~~~~~~
               motor
/home/ec2-user/arduino-testlib/cli-datadir/user/libraries/Yfrobot_Motor_Driver_Library/examples/motorTest_PMR3/motorTest_PMR3.ino:38:15: error: &#39;class MotorDriver&#39; has no member named &#39;setMotor&#39;; did you mean &#39;motor&#39;?
   motorDriver.setMotor(0, 0);  // 电机AB停止
               ^~~~~~~~
               motor
Multiple libraries were found for &#34;MotorDriver.h&#34;
  Used: /home/ec2-user/arduino-testlib/cli-datadir/user/libraries/Motor_Driver_Library
  Not used: /home/ec2-user/arduino-testlib/cli-datadir/user/libraries/Motor_Shield_V2.0
  Not used: /home/ec2-user/arduino-testlib/cli-datadir/user/libraries/GuiN-E_Bot
  Not used: /home/ec2-user/arduino-testlib/cli-datadir/user/libraries/Yfrobot_Motor_Driver_Library
  Not used: /home/ec2-user/arduino-testlib/cli-datadir/user/libraries/ArxRobot_Library
</pre>
					
					<h4>examples/motorTest_Valon</h4>
					<p>
						Result: <b>FAIL</b>
					</p>
					<pre class="pre-scrollable">/home/ec2-user/arduino-testlib/cli-datadir/user/libraries/Yfrobot_Motor_Driver_Library/examples/motorTest_Valon/motorTest_Valon.ino:14:19: error: &#39;YF_VALON&#39; was not declared in this scope
 #define MOTORTYPE YF_VALON
                   ^
/home/ec2-user/arduino-testlib/cli-datadir/user/libraries/Yfrobot_Motor_Driver_Library/examples/motorTest_Valon/motorTest_Valon.ino:23:39: note: in expansion of macro &#39;MOTORTYPE&#39;
 MotorDriver motorDriver = MotorDriver(MOTORTYPE);
                                       ^~~~~~~~~
/home/ec2-user/arduino-testlib/cli-datadir/user/libraries/Yfrobot_Motor_Driver_Library/examples/motorTest_Valon/motorTest_Valon.ino: In function &#39;void setup()&#39;:
/home/ec2-user/arduino-testlib/cli-datadir/user/libraries/Yfrobot_Motor_Driver_Library/examples/motorTest_Valon/motorTest_Valon.ino:29:15: error: &#39;class MotorDriver&#39; has no member named &#39;motorConfig&#39;; did you mean &#39;motor_output&#39;?
   motorDriver.motorConfig(offsetL,offsetR);
               ^~~~~~~~~~~
               motor_output
/home/ec2-user/arduino-testlib/cli-datadir/user/libraries/Yfrobot_Motor_Driver_Library/examples/motorTest_Valon/motorTest_Valon.ino: In function &#39;void loop()&#39;:
/home/ec2-user/arduino-testlib/cli-datadir/user/libraries/Yfrobot_Motor_Driver_Library/examples/motorTest_Valon/motorTest_Valon.ino:34:15: error: &#39;class MotorDriver&#39; has no member named &#39;setMotor&#39;; did you mean &#39;motor&#39;?
   motorDriver.setMotor(100, 100);     //前进
               ^~~~~~~~
               motor
/home/ec2-user/arduino-testlib/cli-datadir/user/libraries/Yfrobot_Motor_Driver_Library/examples/motorTest_Valon/motorTest_Valon.ino:36:15: error: &#39;class MotorDriver&#39; has no member named &#39;setMotor&#39;; did you mean &#39;motor&#39;?
   motorDriver.setMotor(-100, -100);   //后退
               ^~~~~~~~
               motor
/home/ec2-user/arduino-testlib/cli-datadir/user/libraries/Yfrobot_Motor_Driver_Library/examples/motorTest_Valon/motorTest_Valon.ino:38:15: error: &#39;class MotorDriver&#39; has no member named &#39;setMotor&#39;; did you mean &#39;motor&#39;?
   motorDriver.setMotor(100, -100);    //右旋转
               ^~~~~~~~
               motor
/home/ec2-user/arduino-testlib/cli-datadir/user/libraries/Yfrobot_Motor_Driver_Library/examples/motorTest_Valon/motorTest_Valon.ino:40:15: error: &#39;class MotorDriver&#39; has no member named &#39;setMotor&#39;; did you mean &#39;motor&#39;?
   motorDriver.setMotor(-100, 100);    //左旋转
               ^~~~~~~~
               motor
Multiple libraries were found for &#34;MotorDriver.h&#34;
  Used: /home/ec2-user/arduino-testlib/cli-datadir/user/libraries/Motor_Driver_Library
  Not used: /home/ec2-user/arduino-testlib/cli-datadir/user/libraries/Motor_Shield_V2.0
  Not used: /home/ec2-user/arduino-testlib/cli-datadir/user/libraries/GuiN-E_Bot
  Not used: /home/ec2-user/arduino-testlib/cli-datadir/user/libraries/ArxRobot_Library
  Not used: /home/ec2-user/arduino-testlib/cli-datadir/user/libraries/Yfrobot_Motor_Driver_Library
</pre>
					
				
				<h3 id="arduino:mbed_nano:nanorp2040connect">arduino:mbed_nano:nanorp2040connect @ 2.7.2</h3>
				<h4>Inclusion</h4>
				<p>
					Result: <b>FAIL</b>
					
				</p>
				<pre class="pre-scrollable">
</pre>

					
					<h4>examples/motorTest_4WDMW</h4>
					<p>
						Result: <b>FAIL</b>
					</p>
					<pre class="pre-scrollable">Multiple libraries were found for &#34;MotorDriver.h&#34;
  Used: /home/ec2-user/arduino-testlib/cli-datadir/user/libraries/Yfrobot_Motor_Driver_Library
  Not used: /home/ec2-user/arduino-testlib/cli-datadir/user/libraries/GuiN-E_Bot
  Not used: /home/ec2-user/arduino-testlib/cli-datadir/user/libraries/Motor_Driver_Library
  Not used: /home/ec2-user/arduino-testlib/cli-datadir/user/libraries/ArxRobot_Library
  Not used: /home/ec2-user/arduino-testlib/cli-datadir/user/libraries/Motor_Shield_V2.0
</pre>
					
					<h4>examples/motorTest_IIC</h4>
					<p>
						Result: <b>FAIL</b>
					</p>
					<pre class="pre-scrollable">Multiple libraries were found for &#34;MotorDriver.h&#34;
  Used: /home/ec2-user/arduino-testlib/cli-datadir/user/libraries/Yfrobot_Motor_Driver_Library
  Not used: /home/ec2-user/arduino-testlib/cli-datadir/user/libraries/Motor_Shield_V2.0
  Not used: /home/ec2-user/arduino-testlib/cli-datadir/user/libraries/GuiN-E_Bot
  Not used: /home/ec2-user/arduino-testlib/cli-datadir/user/libraries/Motor_Driver_Library
  Not used: /home/ec2-user/arduino-testlib/cli-datadir/user/libraries/ArxRobot_Library
</pre>
					
					<h4>examples/motorTest_L298P</h4>
					<p>
						Result: <b>FAIL</b>
					</p>
					<pre class="pre-scrollable">Multiple libraries were found for &#34;MotorDriver.h&#34;
  Used: /home/ec2-user/arduino-testlib/cli-datadir/user/libraries/Yfrobot_Motor_Driver_Library
  Not used: /home/ec2-user/arduino-testlib/cli-datadir/user/libraries/Motor_Shield_V2.0
  Not used: /home/ec2-user/arduino-testlib/cli-datadir/user/libraries/Motor_Driver_Library
  Not used: /home/ec2-user/arduino-testlib/cli-datadir/user/libraries/GuiN-E_Bot
  Not used: /home/ec2-user/arduino-testlib/cli-datadir/user/libraries/ArxRobot_Library
</pre>
					
					<h4>examples/motorTest_MD</h4>
					<p>
						Result: <b>FAIL</b>
					</p>
					<pre class="pre-scrollable">Multiple libraries were found for &#34;MotorDriver.h&#34;
  Used: /home/ec2-user/arduino-testlib/cli-datadir/user/libraries/Yfrobot_Motor_Driver_Library
  Not used: /home/ec2-user/arduino-testlib/cli-datadir/user/libraries/ArxRobot_Library
  Not used: /home/ec2-user/arduino-testlib/cli-datadir/user/libraries/Motor_Driver_Library
  Not used: /home/ec2-user/arduino-testlib/cli-datadir/user/libraries/GuiN-E_Bot
  Not used: /home/ec2-user/arduino-testlib/cli-datadir/user/libraries/Motor_Shield_V2.0
</pre>
					
					<h4>examples/motorTest_PMR3</h4>
					<p>
						Result: <b>FAIL</b>
					</p>
					<pre class="pre-scrollable">Multiple libraries were found for &#34;MotorDriver.h&#34;
  Used: /home/ec2-user/arduino-testlib/cli-datadir/user/libraries/Yfrobot_Motor_Driver_Library
  Not used: /home/ec2-user/arduino-testlib/cli-datadir/user/libraries/Motor_Shield_V2.0
  Not used: /home/ec2-user/arduino-testlib/cli-datadir/user/libraries/GuiN-E_Bot
  Not used: /home/ec2-user/arduino-testlib/cli-datadir/user/libraries/Motor_Driver_Library
  Not used: /home/ec2-user/arduino-testlib/cli-datadir/user/libraries/ArxRobot_Library
</pre>
					
					<h4>examples/motorTest_Valon</h4>
					<p>
						Result: <b>FAIL</b>
					</p>
					<pre class="pre-scrollable">Multiple libraries were found for &#34;MotorDriver.h&#34;
  Used: /home/ec2-user/arduino-testlib/cli-datadir/user/libraries/Yfrobot_Motor_Driver_Library
  Not used: /home/ec2-user/arduino-testlib/cli-datadir/user/libraries/GuiN-E_Bot
  Not used: /home/ec2-user/arduino-testlib/cli-datadir/user/libraries/Motor_Shield_V2.0
  Not used: /home/ec2-user/arduino-testlib/cli-datadir/user/libraries/ArxRobot_Library
  Not used: /home/ec2-user/arduino-testlib/cli-datadir/user/libraries/Motor_Driver_Library
</pre>
					
				
				<h3 id="arduino:megaavr:nona4809">arduino:megaavr:nona4809 @ 1.8.7</h3>
				<h4>Inclusion</h4>
				<p>
					Result: <b>PASS</b>
					
				</p>
				<pre class="pre-scrollable">Sketch uses 4640 bytes (9%) of program storage space. Maximum is 49152 bytes.
Global variables use 472 bytes (7%) of dynamic memory, leaving 5672 bytes for local variables. Maximum is 6144 bytes.
</pre>

					
					<h4>examples/motorTest_4WDMW</h4>
					<p>
						Result: <b>PASS</b>
					</p>
					<pre class="pre-scrollable">Sketch uses 6620 bytes (13%) of program storage space. Maximum is 49152 bytes.
Global variables use 507 bytes (8%) of dynamic memory, leaving 5637 bytes for local variables. Maximum is 6144 bytes.
</pre>
					
					<h4>examples/motorTest_IIC</h4>
					<p>
						Result: <b>PASS</b>
					</p>
					<pre class="pre-scrollable">Sketch uses 8335 bytes (16%) of program storage space. Maximum is 49152 bytes.
Global variables use 519 bytes (8%) of dynamic memory, leaving 5625 bytes for local variables. Maximum is 6144 bytes.
</pre>
					
					<h4>examples/motorTest_L298P</h4>
					<p>
						Result: <b>PASS</b>
					</p>
					<pre class="pre-scrollable">Sketch uses 5655 bytes (11%) of program storage space. Maximum is 49152 bytes.
Global variables use 507 bytes (8%) of dynamic memory, leaving 5637 bytes for local variables. Maximum is 6144 bytes.
In file included from /home/ec2-user/arduino-testlib/cli-datadir/user/libraries/Yfrobot_Motor_Driver_Library/src/MotorDriver.h:17:0,
                 from /home/ec2-user/arduino-testlib/cli-datadir/user/libraries/Yfrobot_Motor_Driver_Library/src/MotorDriverIIC.cpp:1:
/home/ec2-user/arduino-testlib/cli-datadir/data/packages/arduino/hardware/megaavr/1.8.7/libraries/Wire/src/Wire.h: In member function &#39;uint8_t MotorDriver::read8(uint8_t)&#39;:
/home/ec2-user/arduino-testlib/cli-datadir/data/packages/arduino/hardware/megaavr/1.8.7/libraries/Wire/src/Wire.h:63:12: note: candidate 1: size_t TwoWire::requestFrom(int, int)
     size_t requestFrom(int, int);
            ^~~~~~~~~~~
/home/ec2-user/arduino-testlib/cli-datadir/data/packages/arduino/hardware/megaavr/1.8.7/libraries/Wire/src/Wire.h:61:12: note: candidate 2: virtual size_t TwoWire::requestFrom(uint8_t, size_t)
     size_t requestFrom(uint8_t, size_t);
            ^~~~~~~~~~~
</pre>
					
					<h4>examples/motorTest_MD</h4>
					<p>
						Result: <b>PASS</b>
					</p>
					<pre class="pre-scrollable">Sketch uses 5661 bytes (11%) of program storage space. Maximum is 49152 bytes.
Global variables use 542 bytes (8%) of dynamic memory, leaving 5602 bytes for local variables. Maximum is 6144 bytes.
</pre>
					
					<h4>examples/motorTest_PMR3</h4>
					<p>
						Result: <b>PASS</b>
					</p>
					<pre class="pre-scrollable">Sketch uses 5657 bytes (11%) of program storage space. Maximum is 49152 bytes.
Global variables use 507 bytes (8%) of dynamic memory, leaving 5637 bytes for local variables. Maximum is 6144 bytes.
</pre>
					
					<h4>examples/motorTest_Valon</h4>
					<p>
						Result: <b>PASS</b>
					</p>
					<pre class="pre-scrollable">Sketch uses 5663 bytes (11%) of program storage space. Maximum is 49152 bytes.
Global variables use 507 bytes (8%) of dynamic memory, leaving 5637 bytes for local variables. Maximum is 6144 bytes.
</pre>
					
				
				<h3 id="arduino:samd:mkrwifi1010">arduino:samd:mkrwifi1010 @ 1.8.12</h3>
				<h4>Inclusion</h4>
				<p>
					Result: <b>FAIL</b>
					
				</p>
				<pre class="pre-scrollable">
</pre>

					
					<h4>examples/motorTest_4WDMW</h4>
					<p>
						Result: <b>FAIL</b>
					</p>
					<pre class="pre-scrollable">Multiple libraries were found for &#34;MotorDriver.h&#34;
  Used: /home/ec2-user/arduino-testlib/cli-datadir/user/libraries/Yfrobot_Motor_Driver_Library
  Not used: /home/ec2-user/arduino-testlib/cli-datadir/user/libraries/GuiN-E_Bot
  Not used: /home/ec2-user/arduino-testlib/cli-datadir/user/libraries/Motor_Shield_V2.0
  Not used: /home/ec2-user/arduino-testlib/cli-datadir/user/libraries/ArxRobot_Library
  Not used: /home/ec2-user/arduino-testlib/cli-datadir/user/libraries/Motor_Driver_Library
</pre>
					
					<h4>examples/motorTest_IIC</h4>
					<p>
						Result: <b>FAIL</b>
					</p>
					<pre class="pre-scrollable">Multiple libraries were found for &#34;MotorDriver.h&#34;
  Used: /home/ec2-user/arduino-testlib/cli-datadir/user/libraries/Yfrobot_Motor_Driver_Library
  Not used: /home/ec2-user/arduino-testlib/cli-datadir/user/libraries/ArxRobot_Library
  Not used: /home/ec2-user/arduino-testlib/cli-datadir/user/libraries/GuiN-E_Bot
  Not used: /home/ec2-user/arduino-testlib/cli-datadir/user/libraries/Motor_Shield_V2.0
  Not used: /home/ec2-user/arduino-testlib/cli-datadir/user/libraries/Motor_Driver_Library
</pre>
					
					<h4>examples/motorTest_L298P</h4>
					<p>
						Result: <b>FAIL</b>
					</p>
					<pre class="pre-scrollable">Multiple libraries were found for &#34;MotorDriver.h&#34;
  Used: /home/ec2-user/arduino-testlib/cli-datadir/user/libraries/Yfrobot_Motor_Driver_Library
  Not used: /home/ec2-user/arduino-testlib/cli-datadir/user/libraries/Motor_Shield_V2.0
  Not used: /home/ec2-user/arduino-testlib/cli-datadir/user/libraries/GuiN-E_Bot
  Not used: /home/ec2-user/arduino-testlib/cli-datadir/user/libraries/Motor_Driver_Library
  Not used: /home/ec2-user/arduino-testlib/cli-datadir/user/libraries/ArxRobot_Library
</pre>
					
					<h4>examples/motorTest_MD</h4>
					<p>
						Result: <b>FAIL</b>
					</p>
					<pre class="pre-scrollable">Multiple libraries were found for &#34;MotorDriver.h&#34;
  Used: /home/ec2-user/arduino-testlib/cli-datadir/user/libraries/Yfrobot_Motor_Driver_Library
  Not used: /home/ec2-user/arduino-testlib/cli-datadir/user/libraries/Motor_Driver_Library
  Not used: /home/ec2-user/arduino-testlib/cli-datadir/user/libraries/ArxRobot_Library
  Not used: /home/ec2-user/arduino-testlib/cli-datadir/user/libraries/GuiN-E_Bot
  Not used: /home/ec2-user/arduino-testlib/cli-datadir/user/libraries/Motor_Shield_V2.0
</pre>
					
					<h4>examples/motorTest_PMR3</h4>
					<p>
						Result: <b>FAIL</b>
					</p>
					<pre class="pre-scrollable">Multiple libraries were found for &#34;MotorDriver.h&#34;
  Used: /home/ec2-user/arduino-testlib/cli-datadir/user/libraries/Yfrobot_Motor_Driver_Library
  Not used: /home/ec2-user/arduino-testlib/cli-datadir/user/libraries/Motor_Driver_Library
  Not used: /home/ec2-user/arduino-testlib/cli-datadir/user/libraries/Motor_Shield_V2.0
  Not used: /home/ec2-user/arduino-testlib/cli-datadir/user/libraries/ArxRobot_Library
  Not used: /home/ec2-user/arduino-testlib/cli-datadir/user/libraries/GuiN-E_Bot
</pre>
					
					<h4>examples/motorTest_Valon</h4>
					<p>
						Result: <b>FAIL</b>
					</p>
					<pre class="pre-scrollable">Multiple libraries were found for &#34;MotorDriver.h&#34;
  Used: /home/ec2-user/arduino-testlib/cli-datadir/user/libraries/Yfrobot_Motor_Driver_Library
  Not used: /home/ec2-user/arduino-testlib/cli-datadir/user/libraries/GuiN-E_Bot
  Not used: /home/ec2-user/arduino-testlib/cli-datadir/user/libraries/ArxRobot_Library
  Not used: /home/ec2-user/arduino-testlib/cli-datadir/user/libraries/Motor_Driver_Library
  Not used: /home/ec2-user/arduino-testlib/cli-datadir/user/libraries/Motor_Shield_V2.0
</pre>
					
				
				<h3 id="esp32:esp32:d1_mini32">esp32:esp32:d1_mini32 @ 1.0.6</h3>
				<h4>Inclusion</h4>
				<p>
					Result: <b>FAIL</b>
					
				</p>
				<pre class="pre-scrollable">
</pre>

					
					<h4>examples/motorTest_4WDMW</h4>
					<p>
						Result: <b>FAIL</b>
					</p>
					<pre class="pre-scrollable">Multiple libraries were found for &#34;MotorDriver.h&#34;
  Used: /home/ec2-user/arduino-testlib/cli-datadir/user/libraries/Yfrobot_Motor_Driver_Library
  Not used: /home/ec2-user/arduino-testlib/cli-datadir/user/libraries/GuiN-E_Bot
  Not used: /home/ec2-user/arduino-testlib/cli-datadir/user/libraries/Motor_Shield_V2.0
  Not used: /home/ec2-user/arduino-testlib/cli-datadir/user/libraries/Motor_Driver_Library
  Not used: /home/ec2-user/arduino-testlib/cli-datadir/user/libraries/ArxRobot_Library
</pre>
					
					<h4>examples/motorTest_IIC</h4>
					<p>
						Result: <b>FAIL</b>
					</p>
					<pre class="pre-scrollable">Multiple libraries were found for &#34;MotorDriver.h&#34;
  Used: /home/ec2-user/arduino-testlib/cli-datadir/user/libraries/Yfrobot_Motor_Driver_Library
  Not used: /home/ec2-user/arduino-testlib/cli-datadir/user/libraries/GuiN-E_Bot
  Not used: /home/ec2-user/arduino-testlib/cli-datadir/user/libraries/Motor_Driver_Library
  Not used: /home/ec2-user/arduino-testlib/cli-datadir/user/libraries/ArxRobot_Library
  Not used: /home/ec2-user/arduino-testlib/cli-datadir/user/libraries/Motor_Shield_V2.0
</pre>
					
					<h4>examples/motorTest_L298P</h4>
					<p>
						Result: <b>FAIL</b>
					</p>
					<pre class="pre-scrollable">Multiple libraries were found for &#34;MotorDriver.h&#34;
  Used: /home/ec2-user/arduino-testlib/cli-datadir/user/libraries/Yfrobot_Motor_Driver_Library
  Not used: /home/ec2-user/arduino-testlib/cli-datadir/user/libraries/Motor_Driver_Library
  Not used: /home/ec2-user/arduino-testlib/cli-datadir/user/libraries/ArxRobot_Library
  Not used: /home/ec2-user/arduino-testlib/cli-datadir/user/libraries/Motor_Shield_V2.0
  Not used: /home/ec2-user/arduino-testlib/cli-datadir/user/libraries/GuiN-E_Bot
</pre>
					
					<h4>examples/motorTest_MD</h4>
					<p>
						Result: <b>FAIL</b>
					</p>
					<pre class="pre-scrollable">In file included from /home/ec2-user/arduino-testlib/cli-datadir/user/libraries/Yfrobot_Motor_Driver_Library/src/MotorDriver.h:18:0,
                 from /home/ec2-user/arduino-testlib/cli-datadir/user/libraries/Yfrobot_Motor_Driver_Library/examples/motorTest_MD/motorTest_MD.ino:12:
/home/ec2-user/arduino-testlib/cli-datadir/user/libraries/Yfrobot_Motor_Driver_Library/src/MotorDriverPin.h:53:25: error: &#39;A1&#39; was not declared in this scope
 #define YF_MD04_BCS_PIN A1
                         ^
/home/ec2-user/arduino-testlib/cli-datadir/user/libraries/Yfrobot_Motor_Driver_Library/examples/motorTest_MD/motorTest_MD.ino:25:90: note: in expansion of macro &#39;YF_MD04_BCS_PIN&#39;
 MotorDriver motorb = MotorDriver(MOTORTYPE, YF_MD04_BDIR_PIN, YF_MD04_BPWM_PIN, offsetb, YF_MD04_BCS_PIN, YF_MD04_BSLP_PIN);
                                                                                          ^
Multiple libraries were found for &#34;MotorDriver.h&#34;
  Used: /home/ec2-user/arduino-testlib/cli-datadir/user/libraries/Yfrobot_Motor_Driver_Library
  Not used: /home/ec2-user/arduino-testlib/cli-datadir/user/libraries/Motor_Shield_V2.0
  Not used: /home/ec2-user/arduino-testlib/cli-datadir/user/libraries/GuiN-E_Bot
  Not used: /home/ec2-user/arduino-testlib/cli-datadir/user/libraries/Motor_Driver_Library
  Not used: /home/ec2-user/arduino-testlib/cli-datadir/user/libraries/ArxRobot_Library
</pre>
					
					<h4>examples/motorTest_PMR3</h4>
					<p>
						Result: <b>FAIL</b>
					</p>
					<pre class="pre-scrollable">Multiple libraries were found for &#34;MotorDriver.h&#34;
  Used: /home/ec2-user/arduino-testlib/cli-datadir/user/libraries/Yfrobot_Motor_Driver_Library
  Not used: /home/ec2-user/arduino-testlib/cli-datadir/user/libraries/Motor_Shield_V2.0
  Not used: /home/ec2-user/arduino-testlib/cli-datadir/user/libraries/ArxRobot_Library
  Not used: /home/ec2-user/arduino-testlib/cli-datadir/user/libraries/Motor_Driver_Library
  Not used: /home/ec2-user/arduino-testlib/cli-datadir/user/libraries/GuiN-E_Bot
</pre>
					
					<h4>examples/motorTest_Valon</h4>
					<p>
						Result: <b>FAIL</b>
					</p>
					<pre class="pre-scrollable">Multiple libraries were found for &#34;MotorDriver.h&#34;
  Used: /home/ec2-user/arduino-testlib/cli-datadir/user/libraries/Yfrobot_Motor_Driver_Library
  Not used: /home/ec2-user/arduino-testlib/cli-datadir/user/libraries/Motor_Shield_V2.0
  Not used: /home/ec2-user/arduino-testlib/cli-datadir/user/libraries/ArxRobot_Library
  Not used: /home/ec2-user/arduino-testlib/cli-datadir/user/libraries/GuiN-E_Bot
  Not used: /home/ec2-user/arduino-testlib/cli-datadir/user/libraries/Motor_Driver_Library
</pre>
					
				
			</div>
		</div>
	</div>
  </body>
</html>
